<?xml version="1.0" encoding="UTF-8"?>
<testsuite xmlns:xsi="http://www.w3.org/2001/XMLSchema-instance" xsi:noNamespaceSchemaLocation="https://maven.apache.org/surefire/maven-surefire-plugin/xsd/surefire-test-report-3.0.xsd" version="3.0" name="org.apache.hadoop.ozone.client.rpc.TestCommitWatcher" time="196.048" tests="2" errors="1" skipped="0" failures="0">
  <properties>
    <property name="awt.toolkit" value="sun.awt.X11.XToolkit"/>
    <property name="file.encoding.pkg" value="sun.io"/>
    <property name="java.specification.version" value="1.8"/>
    <property name="sun.cpu.isalist" value=""/>
    <property name="sun.jnu.encoding" value="UTF-8"/>
    <property name="java.class.path" value="/home/runner/work/ozone/ozone/hadoop-ozone/integration-test/target/test-classes:/home/runner/work/ozone/ozone/hadoop-ozone/integration-test/target/classes:/home/runner/.m2/repository/org/apache/ozone/ozone-common/1.3.0-SNAPSHOT/ozone-common-1.3.0-SNAPSHOT.jar:/home/runner/.m2/repository/io/grpc/grpc-netty/1.38.0/grpc-netty-1.38.0.jar:/home/runner/.m2/repository/io/grpc/grpc-core/1.38.0/grpc-core-1.38.0.jar:/home/runner/.m2/repository/com/google/android/annotations/4.1.1.4/annotations-4.1.1.4.jar:/home/runner/.m2/repository/com/google/errorprone/error_prone_annotations/2.2.0/error_prone_annotations-2.2.0.jar:/home/runner/.m2/repository/io/perfmark/perfmark-api/0.23.0/perfmark-api-0.23.0.jar:/home/runner/.m2/repository/org/codehaus/mojo/animal-sniffer-annotations/1.19/animal-sniffer-annotations-1.19.jar:/home/runner/.m2/repository/com/google/code/findbugs/jsr305/3.0.0/jsr305-3.0.0.jar:/home/runner/.m2/repository/io/netty/netty-codec-http2/4.1.63.Final/netty-codec-http2-4.1.63.Final.jar:/home/runner/.m2/repository/io/netty/netty-common/4.1.63.Final/netty-common-4.1.63.Final.jar:/home/runner/.m2/repository/io/netty/netty-buffer/4.1.63.Final/netty-buffer-4.1.63.Final.jar:/home/runner/.m2/repository/io/netty/netty-codec-http/4.1.63.Final/netty-codec-http-4.1.63.Final.jar:/home/runner/.m2/repository/io/netty/netty-handler-proxy/4.1.63.Final/netty-handler-proxy-4.1.63.Final.jar:/home/runner/.m2/repository/io/netty/netty-codec-socks/4.1.63.Final/netty-codec-socks-4.1.63.Final.jar:/home/runner/.m2/repository/io/netty/netty-tcnative-boringssl-static/2.0.38.Final/netty-tcnative-boringssl-static-2.0.38.Final.jar:/home/runner/.m2/repository/io/netty/netty-tcnative/2.0.38.Final/netty-tcnative-2.0.38.Final.jar:/home/runner/.m2/repository/org/apache/commons/commons-compress/1.21/commons-compress-1.21.jar:/home/runner/.m2/repository/org/apache/ozone/hdds-common/1.3.0-SNAPSHOT/hdds-common-1.3.0-SNAPSHOT.jar:/home/runner/.m2/repository/org/apache/ozone/hdds-client/1.3.0-SNAPSHOT/hdds-client-1.3.0-SNAPSHOT.jar:/home/runner/.m2/repository/org/apache/ozone/ozone-interface-client/1.3.0-SNAPSHOT/ozone-interface-client-1.3.0-SNAPSHOT.jar:/home/runner/.m2/repository/org/apache/ozone/hdds-test-utils/1.3.0-SNAPSHOT/hdds-test-utils-1.3.0-SNAPSHOT.jar:/home/runner/.m2/repository/com/google/guava/guava/30.1.1-jre/guava-30.1.1-jre.jar:/home/runner/.m2/repository/com/google/guava/failureaccess/1.0.1/failureaccess-1.0.1.jar:/home/runner/.m2/repository/com/google/guava/listenablefuture/9999.0-empty-to-avoid-conflict-with-guava/listenablefuture-9999.0-empty-to-avoid-conflict-with-guava.jar:/home/runner/.m2/repository/org/checkerframework/checker-qual/3.8.0/checker-qual-3.8.0.jar:/home/runner/.m2/repository/com/google/j2objc/j2objc-annotations/1.3/j2objc-annotations-1.3.jar:/home/runner/.m2/repository/commons-io/commons-io/2.11.0/commons-io-2.11.0.jar:/home/runner/.m2/repository/commons-logging/commons-logging/1.2/commons-logging-1.2.jar:/home/runner/.m2/repository/log4j/log4j/1.2.17/log4j-1.2.17.jar:/home/runner/.m2/repository/org/slf4j/slf4j-api/1.7.30/slf4j-api-1.7.30.jar:/home/runner/.m2/repository/org/apache/ozone/hdds-server-scm/1.3.0-SNAPSHOT/hdds-server-scm-1.3.0-SNAPSHOT.jar:/home/runner/.m2/repository/org/apache/ozone/hdds-container-service/1.3.0-SNAPSHOT/hdds-container-service-1.3.0-SNAPSHOT.jar:/home/runner/.m2/repository/org/apache/ozone/hdds-hadoop-dependency-server/1.3.0-SNAPSHOT/hdds-hadoop-dependency-server-1.3.0-SNAPSHOT.jar:/home/runner/.m2/repository/org/apache/hadoop/hadoop-hdfs/3.3.1/hadoop-hdfs-3.3.1.jar:/home/runner/.m2/repository/org/apache/ozone/hdds-server-framework/1.3.0-SNAPSHOT/hdds-server-framework-1.3.0-SNAPSHOT.jar:/home/runner/.m2/repository/org/apache/ozone/hdds-interface-server/1.3.0-SNAPSHOT/hdds-interface-server-1.3.0-SNAPSHOT.jar:/home/runner/.m2/repository/org/apache/logging/log4j/log4j-core/2.17.1/log4j-core-2.17.1.jar:/home/runner/.m2/repository/com/lmax/disruptor/3.4.2/disruptor-3.4.2.jar:/home/runner/.m2/repository/org/eclipse/jetty/jetty-servlet/9.4.43.v20210629/jetty-servlet-9.4.43.v20210629.jar:/home/runner/.m2/repository/org/eclipse/jetty/jetty-security/9.4.43.v20210629/jetty-security-9.4.43.v20210629.jar:/home/runner/.m2/repository/org/rocksdb/rocksdbjni/7.0.4/rocksdbjni-7.0.4.jar:/home/runner/.m2/repository/io/prometheus/simpleclient_dropwizard/0.7.0/simpleclient_dropwizard-0.7.0.jar:/home/runner/.m2/repository/io/prometheus/simpleclient/0.7.0/simpleclient-0.7.0.jar:/home/runner/.m2/repository/io/prometheus/simpleclient_common/0.7.0/simpleclient_common-0.7.0.jar:/home/runner/.m2/repository/io/dropwizard/metrics/metrics-core/3.2.4/metrics-core-3.2.4.jar:/home/runner/.m2/repository/org/apache/hadoop/hadoop-hdfs-client/3.3.1/hadoop-hdfs-client-3.3.1.jar:/home/runner/.m2/repository/org/bouncycastle/bcprov-jdk15on/1.67/bcprov-jdk15on-1.67.jar:/home/runner/.m2/repository/com/google/protobuf/protobuf-java/2.5.0/protobuf-java-2.5.0.jar:/home/runner/.m2/repository/org/apache/ozone/ozone-manager/1.3.0-SNAPSHOT/ozone-manager-1.3.0-SNAPSHOT.jar:/home/runner/.m2/repository/org/aspectj/aspectjrt/1.9.7/aspectjrt-1.9.7.jar:/home/runner/.m2/repository/org/aspectj/aspectjweaver/1.9.7/aspectjweaver-1.9.7.jar:/home/runner/.m2/repository/org/apache/ozone/hdds-interface-client/1.3.0-SNAPSHOT/hdds-interface-client-1.3.0-SNAPSHOT.jar:/home/runner/.m2/repository/org/apache/hadoop/thirdparty/hadoop-shaded-protobuf_3_7/1.1.1/hadoop-shaded-protobuf_3_7-1.1.1.jar:/home/runner/.m2/repository/org/apache/ozone/ozone-interface-storage/1.3.0-SNAPSHOT/ozone-interface-storage-1.3.0-SNAPSHOT.jar:/home/runner/.m2/repository/org/reflections/reflections/0.9.11/reflections-0.9.11.jar:/home/runner/.m2/repository/org/apache/hadoop/hadoop-minikdc/3.3.1/hadoop-minikdc-3.3.1.jar:/home/runner/.m2/repository/org/apache/kerby/kerb-simplekdc/1.0.1/kerb-simplekdc-1.0.1.jar:/home/runner/.m2/repository/org/apache/kerby/kerb-client/1.0.1/kerb-client-1.0.1.jar:/home/runner/.m2/repository/org/apache/kerby/kerby-config/1.0.1/kerby-config-1.0.1.jar:/home/runner/.m2/repository/org/apache/kerby/kerb-common/1.0.1/kerb-common-1.0.1.jar:/home/runner/.m2/repository/org/apache/kerby/kerb-crypto/1.0.1/kerb-crypto-1.0.1.jar:/home/runner/.m2/repository/org/apache/kerby/kerb-util/1.0.1/kerb-util-1.0.1.jar:/home/runner/.m2/repository/org/apache/kerby/token-provider/1.0.1/token-provider-1.0.1.jar:/home/runner/.m2/repository/org/apache/kerby/kerb-admin/1.0.1/kerb-admin-1.0.1.jar:/home/runner/.m2/repository/org/apache/kerby/kerb-server/1.0.1/kerb-server-1.0.1.jar:/home/runner/.m2/repository/org/apache/kerby/kerb-identity/1.0.1/kerb-identity-1.0.1.jar:/home/runner/.m2/repository/org/apache/kerby/kerby-xdr/1.0.1/kerby-xdr-1.0.1.jar:/home/runner/.m2/repository/org/slf4j/slf4j-log4j12/1.7.30/slf4j-log4j12-1.7.30.jar:/home/runner/.m2/repository/org/apache/ozone/ozone-s3gateway/1.3.0-SNAPSHOT/ozone-s3gateway-1.3.0-SNAPSHOT.jar:/home/runner/.m2/repository/org/javassist/javassist/3.21.0-GA/javassist-3.21.0-GA.jar:/home/runner/.m2/repository/org/jboss/weld/servlet/weld-servlet/2.4.7.Final/weld-servlet-2.4.7.Final.jar:/home/runner/.m2/repository/org/glassfish/jersey/containers/jersey-container-servlet-core/2.33/jersey-container-servlet-core-2.33.jar:/home/runner/.m2/repository/org/glassfish/hk2/external/jakarta.inject/2.6.1/jakarta.inject-2.6.1.jar:/home/runner/.m2/repository/org/glassfish/jersey/core/jersey-common/2.33/jersey-common-2.33.jar:/home/runner/.m2/repository/jakarta/ws/rs/jakarta.ws.rs-api/2.1.6/jakarta.ws.rs-api-2.1.6.jar:/home/runner/.m2/repository/org/glassfish/jersey/ext/cdi/jersey-cdi1x/2.33/jersey-cdi1x-2.33.jar:/home/runner/.m2/repository/org/glassfish/jersey/inject/jersey-hk2/2.33/jersey-hk2-2.33.jar:/home/runner/.m2/repository/org/glassfish/hk2/hk2-locator/2.6.1/hk2-locator-2.6.1.jar:/home/runner/.m2/repository/org/glassfish/jersey/media/jersey-media-jaxb/2.33/jersey-media-jaxb-2.33.jar:/home/runner/.m2/repository/org/glassfish/hk2/osgi-resource-locator/1.0.3/osgi-resource-locator-1.0.3.jar:/home/runner/.m2/repository/org/glassfish/hk2/hk2-api/2.5.0/hk2-api-2.5.0.jar:/home/runner/.m2/repository/org/glassfish/hk2/hk2-utils/2.5.0/hk2-utils-2.5.0.jar:/home/runner/.m2/repository/org/glassfish/hk2/external/aopalliance-repackaged/2.5.0/aopalliance-repackaged-2.5.0.jar:/home/runner/.m2/repository/com/fasterxml/jackson/dataformat/jackson-dataformat-xml/2.13.2/jackson-dataformat-xml-2.13.2.jar:/home/runner/.m2/repository/com/fasterxml/jackson/core/jackson-core/2.13.2/jackson-core-2.13.2.jar:/home/runner/.m2/repository/org/codehaus/woodstox/stax2-api/3.1.4/stax2-api-3.1.4.jar:/home/runner/.m2/repository/com/fasterxml/woodstox/woodstox-core/5.0.3/woodstox-core-5.0.3.jar:/home/runner/.m2/repository/com/fasterxml/jackson/module/jackson-module-jaxb-annotations/2.13.2/jackson-module-jaxb-annotations-2.13.2.jar:/home/runner/.m2/repository/jakarta/xml/bind/jakarta.xml.bind-api/2.3.3/jakarta.xml.bind-api-2.3.3.jar:/home/runner/.m2/repository/jakarta/activation/jakarta.activation-api/1.2.1/jakarta.activation-api-1.2.1.jar:/home/runner/.m2/repository/javax/enterprise/cdi-api/1.2/cdi-api-1.2.jar:/home/runner/.m2/repository/javax/el/javax.el-api/3.0.0/javax.el-api-3.0.0.jar:/home/runner/.m2/repository/javax/interceptor/javax.interceptor-api/1.2/javax.interceptor-api-1.2.jar:/home/runner/.m2/repository/javax/inject/javax.inject/1/javax.inject-1.jar:/home/runner/.m2/repository/javax/xml/bind/jaxb-api/2.3.0/jaxb-api-2.3.0.jar:/home/runner/.m2/repository/org/glassfish/jaxb/jaxb-runtime/2.3.0.1/jaxb-runtime-2.3.0.1.jar:/home/runner/.m2/repository/org/glassfish/jaxb/jaxb-core/2.3.0.1/jaxb-core-2.3.0.1.jar:/home/runner/.m2/repository/org/glassfish/jaxb/txw2/2.3.0.1/txw2-2.3.0.1.jar:/home/runner/.m2/repository/com/sun/istack/istack-commons-runtime/3.0.5/istack-commons-runtime-3.0.5.jar:/home/runner/.m2/repository/org/jvnet/staxex/stax-ex/1.7.8/stax-ex-1.7.8.jar:/home/runner/.m2/repository/com/sun/xml/fastinfoset/FastInfoset/1.2.13/FastInfoset-1.2.13.jar:/home/runner/.m2/repository/javax/activation/activation/1.1.1/activation-1.1.1.jar:/home/runner/.m2/repository/io/grpc/grpc-protobuf/1.38.0/grpc-protobuf-1.38.0.jar:/home/runner/.m2/repository/io/grpc/grpc-api/1.38.0/grpc-api-1.38.0.jar:/home/runner/.m2/repository/io/grpc/grpc-context/1.38.0/grpc-context-1.38.0.jar:/home/runner/.m2/repository/com/google/api/grpc/proto-google-common-protos/2.0.1/proto-google-common-protos-2.0.1.jar:/home/runner/.m2/repository/io/grpc/grpc-protobuf-lite/1.38.0/grpc-protobuf-lite-1.38.0.jar:/home/runner/.m2/repository/io/grpc/grpc-stub/1.38.0/grpc-stub-1.38.0.jar:/home/runner/.m2/repository/io/netty/netty-transport/4.1.63.Final/netty-transport-4.1.63.Final.jar:/home/runner/.m2/repository/io/netty/netty-resolver/4.1.63.Final/netty-resolver-4.1.63.Final.jar:/home/runner/.m2/repository/org/apache/ozone/ozone-csi/1.3.0-SNAPSHOT/ozone-csi-1.3.0-SNAPSHOT.jar:/home/runner/.m2/repository/com/google/protobuf/protobuf-java-util/3.12.0/protobuf-java-util-3.12.0.jar:/home/runner/.m2/repository/com/google/code/gson/gson/2.2.4/gson-2.2.4.jar:/home/runner/.m2/repository/org/apache/ozone/hdds-config/1.3.0-SNAPSHOT/hdds-config-1.3.0-SNAPSHOT.jar:/home/runner/.m2/repository/io/netty/netty-transport-native-epoll/4.1.63.Final/netty-transport-native-epoll-4.1.63.Final.jar:/home/runner/.m2/repository/io/netty/netty-transport-native-unix-common/4.1.63.Final/netty-transport-native-unix-common-4.1.63.Final.jar:/home/runner/.m2/repository/org/apache/ozone/ozone-recon/1.3.0-SNAPSHOT/ozone-recon-1.3.0-SNAPSHOT.jar:/home/runner/.m2/repository/org/apache/ozone/ozone-reconcodegen/1.3.0-SNAPSHOT/ozone-reconcodegen-1.3.0-SNAPSHOT.jar:/home/runner/.m2/repository/com/google/inject/extensions/guice-multibindings/4.0/guice-multibindings-4.0.jar:/home/runner/.m2/repository/com/google/inject/guice/4.0/guice-4.0.jar:/home/runner/.m2/repository/aopalliance/aopalliance/1.0/aopalliance-1.0.jar:/home/runner/.m2/repository/com/google/inject/extensions/guice-assistedinject/4.0/guice-assistedinject-4.0.jar:/home/runner/.m2/repository/com/google/inject/extensions/guice-servlet/4.0/guice-servlet-4.0.jar:/home/runner/.m2/repository/org/glassfish/jersey/containers/jersey-container-servlet/2.33/jersey-container-servlet-2.33.jar:/home/runner/.m2/repository/org/glassfish/hk2/guice-bridge/2.5.0/guice-bridge-2.5.0.jar:/home/runner/.m2/repository/org/glassfish/jersey/core/jersey-server/2.33/jersey-server-2.33.jar:/home/runner/.m2/repository/org/glassfish/jersey/core/jersey-client/2.33/jersey-client-2.33.jar:/home/runner/.m2/repository/jakarta/annotation/jakarta.annotation-api/1.3.5/jakarta.annotation-api-1.3.5.jar:/home/runner/.m2/repository/jakarta/validation/jakarta.validation-api/2.0.2/jakarta.validation-api-2.0.2.jar:/home/runner/.m2/repository/org/glassfish/jersey/media/jersey-media-json-jackson/2.33/jersey-media-json-jackson-2.33.jar:/home/runner/.m2/repository/org/glassfish/jersey/ext/jersey-entity-filtering/2.33/jersey-entity-filtering-2.33.jar:/home/runner/.m2/repository/org/jooq/jooq/3.11.10/jooq-3.11.10.jar:/home/runner/.m2/repository/org/jooq/jooq-meta/3.11.10/jooq-meta-3.11.10.jar:/home/runner/.m2/repository/org/jooq/jooq-codegen/3.11.10/jooq-codegen-3.11.10.jar:/home/runner/.m2/repository/com/jolbox/bonecp/0.8.0.RELEASE/bonecp-0.8.0.RELEASE.jar:/home/runner/.m2/repository/org/apache/derby/derby/10.14.2.0/derby-10.14.2.0.jar:/home/runner/.m2/repository/org/xerial/sqlite-jdbc/3.25.2/sqlite-jdbc-3.25.2.jar:/home/runner/.m2/repository/org/springframework/spring-jdbc/5.2.20.RELEASE/spring-jdbc-5.2.20.RELEASE.jar:/home/runner/.m2/repository/org/springframework/spring-beans/5.2.20.RELEASE/spring-beans-5.2.20.RELEASE.jar:/home/runner/.m2/repository/org/springframework/spring-core/5.2.20.RELEASE/spring-core-5.2.20.RELEASE.jar:/home/runner/.m2/repository/org/springframework/spring-jcl/5.2.20.RELEASE/spring-jcl-5.2.20.RELEASE.jar:/home/runner/.m2/repository/org/springframework/spring-tx/5.2.20.RELEASE/spring-tx-5.2.20.RELEASE.jar:/home/runner/.m2/repository/org/apache/ozone/ozone-client/1.3.0-SNAPSHOT/ozone-client-1.3.0-SNAPSHOT.jar:/home/runner/.m2/repository/org/apache/ozone/hdds-erasurecode/1.3.0-SNAPSHOT/hdds-erasurecode-1.3.0-SNAPSHOT.jar:/home/runner/.m2/repository/com/github/spotbugs/spotbugs-annotations/3.1.12/spotbugs-annotations-3.1.12.jar:/home/runner/.m2/repository/org/apache/ozone/ozone-filesystem/1.3.0-SNAPSHOT/ozone-filesystem-1.3.0-SNAPSHOT.jar:/home/runner/.m2/repository/org/apache/ozone/ozone-filesystem-common/1.3.0-SNAPSHOT/ozone-filesystem-common-1.3.0-SNAPSHOT.jar:/home/runner/.m2/repository/org/apache/ozone/ozone-tools/1.3.0-SNAPSHOT/ozone-tools-1.3.0-SNAPSHOT.jar:/home/runner/.m2/repository/org/apache/ratis/ratis-tools/2.2.0/ratis-tools-2.2.0.jar:/home/runner/.m2/repository/com/amazonaws/aws-java-sdk-core/1.12.124/aws-java-sdk-core-1.12.124.jar:/home/runner/.m2/repository/org/apache/httpcomponents/httpclient/4.5.13/httpclient-4.5.13.jar:/home/runner/.m2/repository/org/apache/httpcomponents/httpcore/4.4.13/httpcore-4.4.13.jar:/home/runner/.m2/repository/software/amazon/ion/ion-java/1.0.2/ion-java-1.0.2.jar:/home/runner/.m2/repository/com/fasterxml/jackson/dataformat/jackson-dataformat-cbor/2.13.2/jackson-dataformat-cbor-2.13.2.jar:/home/runner/.m2/repository/joda-time/joda-time/2.8.1/joda-time-2.8.1.jar:/home/runner/.m2/repository/com/amazonaws/aws-java-sdk-s3/1.12.124/aws-java-sdk-s3-1.12.124.jar:/home/runner/.m2/repository/com/amazonaws/aws-java-sdk-kms/1.12.124/aws-java-sdk-kms-1.12.124.jar:/home/runner/.m2/repository/com/amazonaws/jmespath-java/1.12.124/jmespath-java-1.12.124.jar:/home/runner/.m2/repository/org/kohsuke/metainf-services/metainf-services/1.8/metainf-services-1.8.jar:/home/runner/.m2/repository/org/apache/ozone/hdds-tools/1.3.0-SNAPSHOT/hdds-tools-1.3.0-SNAPSHOT.jar:/home/runner/.m2/repository/commons-cli/commons-cli/1.2/commons-cli-1.2.jar:/home/runner/.m2/repository/org/apache/commons/commons-lang3/3.7/commons-lang3-3.7.jar:/home/runner/.m2/repository/org/apache/ozone/ozone-manager/1.3.0-SNAPSHOT/ozone-manager-1.3.0-SNAPSHOT-tests.jar:/home/runner/.m2/repository/org/apache/ozone/hdds-common/1.3.0-SNAPSHOT/hdds-common-1.3.0-SNAPSHOT-tests.jar:/home/runner/.m2/repository/org/apache/ozone/hdds-hadoop-dependency-client/1.3.0-SNAPSHOT/hdds-hadoop-dependency-client-1.3.0-SNAPSHOT.jar:/home/runner/.m2/repository/info/picocli/picocli/4.6.1/picocli-4.6.1.jar:/home/runner/.m2/repository/com/fasterxml/jackson/core/jackson-annotations/2.13.2/jackson-annotations-2.13.2.jar:/home/runner/.m2/repository/com/fasterxml/jackson/datatype/jackson-datatype-jsr310/2.13.2/jackson-datatype-jsr310-2.13.2.jar:/home/runner/.m2/repository/javax/annotation/javax.annotation-api/1.2/javax.annotation-api-1.2.jar:/home/runner/.m2/repository/org/apache/ratis/ratis-server/2.2.0/ratis-server-2.2.0.jar:/home/runner/.m2/repository/org/apache/ratis/ratis-client/2.2.0/ratis-client-2.2.0.jar:/home/runner/.m2/repository/org/apache/ratis/ratis-server-api/2.2.0/ratis-server-api-2.2.0.jar:/home/runner/.m2/repository/org/apache/ratis/ratis-metrics/2.2.0/ratis-metrics-2.2.0.jar:/home/runner/.m2/repository/org/apache/ratis/ratis-netty/2.2.0/ratis-netty-2.2.0.jar:/home/runner/.m2/repository/org/apache/ratis/ratis-grpc/2.2.0/ratis-grpc-2.2.0.jar:/home/runner/.m2/repository/org/apache/logging/log4j/log4j-api/2.17.1/log4j-api-2.17.1.jar:/home/runner/.m2/repository/org/apache/commons/commons-pool2/2.6.0/commons-pool2-2.6.0.jar:/home/runner/.m2/repository/org/bouncycastle/bcpkix-jdk15on/1.67/bcpkix-jdk15on-1.67.jar:/home/runner/.m2/repository/commons-validator/commons-validator/1.6/commons-validator-1.6.jar:/home/runner/.m2/repository/commons-beanutils/commons-beanutils/1.9.4/commons-beanutils-1.9.4.jar:/home/runner/.m2/repository/commons-digester/commons-digester/1.8.1/commons-digester-1.8.1.jar:/home/runner/.m2/repository/commons-collections/commons-collections/3.2.2/commons-collections-3.2.2.jar:/home/runner/.m2/repository/io/jaegertracing/jaeger-client/1.6.0/jaeger-client-1.6.0.jar:/home/runner/.m2/repository/io/jaegertracing/jaeger-thrift/1.6.0/jaeger-thrift-1.6.0.jar:/home/runner/.m2/repository/org/apache/thrift/libthrift/0.14.1/libthrift-0.14.1.jar:/home/runner/.m2/repository/com/squareup/okhttp3/okhttp/4.9.0/okhttp-4.9.0.jar:/home/runner/.m2/repository/com/squareup/okio/okio/2.8.0/okio-2.8.0.jar:/home/runner/.m2/repository/io/jaegertracing/jaeger-core/1.6.0/jaeger-core-1.6.0.jar:/home/runner/.m2/repository/io/jaegertracing/jaeger-tracerresolver/1.6.0/jaeger-tracerresolver-1.6.0.jar:/home/runner/.m2/repository/io/opentracing/contrib/opentracing-tracerresolver/0.1.8/opentracing-tracerresolver-0.1.8.jar:/home/runner/.m2/repository/org/jetbrains/kotlin/kotlin-stdlib/1.4.31/kotlin-stdlib-1.4.31.jar:/home/runner/.m2/repository/org/jetbrains/kotlin/kotlin-stdlib-common/1.4.31/kotlin-stdlib-common-1.4.31.jar:/home/runner/.m2/repository/org/jetbrains/annotations/13.0/annotations-13.0.jar:/home/runner/.m2/repository/io/opentracing/opentracing-util/0.33.0/opentracing-util-0.33.0.jar:/home/runner/.m2/repository/io/opentracing/opentracing-api/0.33.0/opentracing-api-0.33.0.jar:/home/runner/.m2/repository/io/opentracing/opentracing-noop/0.33.0/opentracing-noop-0.33.0.jar:/home/runner/.m2/repository/org/yaml/snakeyaml/1.26/snakeyaml-1.26.jar:/home/runner/.m2/repository/org/apache/ozone/hdds-interface-admin/1.3.0-SNAPSHOT/hdds-interface-admin-1.3.0-SNAPSHOT.jar:/home/runner/.m2/repository/junit/junit/4.13.1/junit-4.13.1.jar:/home/runner/.m2/repository/org/hamcrest/hamcrest-core/1.3/hamcrest-core-1.3.jar:/home/runner/.m2/repository/org/junit/jupiter/junit-jupiter-api/5.7.0/junit-jupiter-api-5.7.0.jar:/home/runner/.m2/repository/org/apiguardian/apiguardian-api/1.1.0/apiguardian-api-1.1.0.jar:/home/runner/.m2/repository/org/opentest4j/opentest4j/1.2.0/opentest4j-1.2.0.jar:/home/runner/.m2/repository/org/junit/platform/junit-platform-commons/1.7.0/junit-platform-commons-1.7.0.jar:/home/runner/.m2/repository/org/junit/jupiter/junit-jupiter-params/5.7.0/junit-jupiter-params-5.7.0.jar:/home/runner/.m2/repository/org/junit/jupiter/junit-jupiter-migrationsupport/5.7.0/junit-jupiter-migrationsupport-5.7.0.jar:/home/runner/.m2/repository/org/junit/jupiter/junit-jupiter-engine/5.7.0/junit-jupiter-engine-5.7.0.jar:/home/runner/.m2/repository/org/junit/platform/junit-platform-engine/1.7.0/junit-platform-engine-1.7.0.jar:/home/runner/.m2/repository/org/junit/vintage/junit-vintage-engine/5.7.0/junit-vintage-engine-5.7.0.jar:/home/runner/.m2/repository/org/junit/platform/junit-platform-launcher/1.7.0/junit-platform-launcher-1.7.0.jar:/home/runner/.m2/repository/org/mockito/mockito-core/2.28.2/mockito-core-2.28.2.jar:/home/runner/.m2/repository/net/bytebuddy/byte-buddy/1.9.10/byte-buddy-1.9.10.jar:/home/runner/.m2/repository/net/bytebuddy/byte-buddy-agent/1.9.10/byte-buddy-agent-1.9.10.jar:/home/runner/.m2/repository/org/objenesis/objenesis/1.0/objenesis-1.0.jar:/home/runner/.m2/repository/org/apache/hadoop/hadoop-kms/3.3.1/hadoop-kms-3.3.1.jar:/home/runner/.m2/repository/org/apache/hadoop/hadoop-auth/3.3.1/hadoop-auth-3.3.1.jar:/home/runner/.m2/repository/com/nimbusds/nimbus-jose-jwt/7.9/nimbus-jose-jwt-7.9.jar:/home/runner/.m2/repository/com/github/stephenc/jcip/jcip-annotations/1.0-1/jcip-annotations-1.0-1.jar:/home/runner/.m2/repository/net/minidev/json-smart/2.4.7/json-smart-2.4.7.jar:/home/runner/.m2/repository/net/minidev/accessors-smart/2.4.7/accessors-smart-2.4.7.jar:/home/runner/.m2/repository/org/ow2/asm/asm/5.0.4/asm-5.0.4.jar:/home/runner/.m2/repository/org/apache/zookeeper/zookeeper/3.5.6/zookeeper-3.5.6.jar:/home/runner/.m2/repository/org/apache/zookeeper/zookeeper-jute/3.5.6/zookeeper-jute-3.5.6.jar:/home/runner/.m2/repository/org/apache/yetus/audience-annotations/0.5.0/audience-annotations-0.5.0.jar:/home/runner/.m2/repository/org/apache/curator/curator-framework/4.2.0/curator-framework-4.2.0.jar:/home/runner/.m2/repository/org/apache/hadoop/thirdparty/hadoop-shaded-guava/1.1.1/hadoop-shaded-guava-1.1.1.jar:/home/runner/.m2/repository/com/sun/jersey/jersey-core/1.19/jersey-core-1.19.jar:/home/runner/.m2/repository/javax/ws/rs/jsr311-api/1.1.1/jsr311-api-1.1.1.jar:/home/runner/.m2/repository/com/sun/jersey/jersey-server/1.19/jersey-server-1.19.jar:/home/runner/.m2/repository/javax/servlet/javax.servlet-api/3.1.0/javax.servlet-api-3.1.0.jar:/home/runner/.m2/repository/org/eclipse/jetty/jetty-server/9.4.43.v20210629/jetty-server-9.4.43.v20210629.jar:/home/runner/.m2/repository/org/eclipse/jetty/jetty-http/9.4.43.v20210629/jetty-http-9.4.43.v20210629.jar:/home/runner/.m2/repository/org/eclipse/jetty/jetty-io/9.4.43.v20210629/jetty-io-9.4.43.v20210629.jar:/home/runner/.m2/repository/org/eclipse/jetty/jetty-webapp/9.4.43.v20210629/jetty-webapp-9.4.43.v20210629.jar:/home/runner/.m2/repository/org/eclipse/jetty/jetty-xml/9.4.43.v20210629/jetty-xml-9.4.43.v20210629.jar:/home/runner/.m2/repository/org/apache/hadoop/hadoop-common/3.3.1/hadoop-common-3.3.1.jar:/home/runner/.m2/repository/org/apache/commons/commons-math3/3.1.1/commons-math3-3.1.1.jar:/home/runner/.m2/repository/commons-net/commons-net/3.6/commons-net-3.6.jar:/home/runner/.m2/repository/com/sun/jersey/jersey-servlet/1.19/jersey-servlet-1.19.jar:/home/runner/.m2/repository/com/sun/jersey/jersey-json/1.19/jersey-json-1.19.jar:/home/runner/.m2/repository/org/codehaus/jettison/jettison/1.1/jettison-1.1.jar:/home/runner/.m2/repository/com/sun/xml/bind/jaxb-impl/2.2.3-1/jaxb-impl-2.2.3-1.jar:/home/runner/.m2/repository/org/codehaus/jackson/jackson-jaxrs/1.9.2/jackson-jaxrs-1.9.2.jar:/home/runner/.m2/repository/org/codehaus/jackson/jackson-xc/1.9.2/jackson-xc-1.9.2.jar:/home/runner/.m2/repository/org/apache/commons/commons-configuration2/2.1.1/commons-configuration2-2.1.1.jar:/home/runner/.m2/repository/org/apache/commons/commons-text/1.4/commons-text-1.4.jar:/home/runner/.m2/repository/com/google/re2j/re2j/1.1/re2j-1.1.jar:/home/runner/.m2/repository/com/jcraft/jsch/0.1.54/jsch-0.1.54.jar:/home/runner/.m2/repository/org/apache/curator/curator-client/4.2.0/curator-client-4.2.0.jar:/home/runner/.m2/repository/org/apache/curator/curator-recipes/4.2.0/curator-recipes-4.2.0.jar:/home/runner/.m2/repository/org/apache/kerby/kerb-core/1.0.1/kerb-core-1.0.1.jar:/home/runner/.m2/repository/org/apache/kerby/kerby-pkix/1.0.1/kerby-pkix-1.0.1.jar:/home/runner/.m2/repository/org/apache/kerby/kerby-asn1/1.0.1/kerby-asn1-1.0.1.jar:/home/runner/.m2/repository/org/apache/kerby/kerby-util/1.0.1/kerby-util-1.0.1.jar:/home/runner/.m2/repository/dnsjava/dnsjava/2.1.7/dnsjava-2.1.7.jar:/home/runner/.m2/repository/org/xerial/snappy/snappy-java/1.1.8.2/snappy-java-1.1.8.2.jar:/home/runner/.m2/repository/org/slf4j/jul-to-slf4j/1.7.30/jul-to-slf4j-1.7.30.jar:/home/runner/.m2/repository/org/eclipse/jetty/jetty-util/9.4.43.v20210629/jetty-util-9.4.43.v20210629.jar:/home/runner/.m2/repository/com/fasterxml/jackson/core/jackson-databind/2.13.2.2/jackson-databind-2.13.2.2.jar:/home/runner/.m2/repository/org/apache/hadoop/hadoop-kms/3.3.1/hadoop-kms-3.3.1-tests.jar:/home/runner/.m2/repository/org/apache/ozone/hdds-server-scm/1.3.0-SNAPSHOT/hdds-server-scm-1.3.0-SNAPSHOT-tests.jar:/home/runner/.m2/repository/org/apache/ozone/hdds-container-service/1.3.0-SNAPSHOT/hdds-container-service-1.3.0-SNAPSHOT-tests.jar:/home/runner/.m2/repository/commons-codec/commons-codec/1.11/commons-codec-1.11.jar:/home/runner/.m2/repository/io/netty/netty-codec/4.1.63.Final/netty-codec-4.1.63.Final.jar:/home/runner/.m2/repository/io/netty/netty-handler/4.1.63.Final/netty-handler-4.1.63.Final.jar:/home/runner/.m2/repository/org/apache/ozone/hdds-hadoop-dependency-test/1.3.0-SNAPSHOT/hdds-hadoop-dependency-test-1.3.0-SNAPSHOT.jar:/home/runner/.m2/repository/org/apache/hadoop/hadoop-common/3.3.1/hadoop-common-3.3.1-tests.jar:/home/runner/.m2/repository/org/assertj/assertj-core/3.12.2/assertj-core-3.12.2.jar:/home/runner/.m2/repository/org/apache/hadoop/hadoop-hdfs/3.3.1/hadoop-hdfs-3.3.1-tests.jar:/home/runner/.m2/repository/org/eclipse/jetty/jetty-util-ajax/9.4.43.v20210629/jetty-util-ajax-9.4.43.v20210629.jar:/home/runner/.m2/repository/commons-daemon/commons-daemon/1.0.13/commons-daemon-1.0.13.jar:/home/runner/.m2/repository/io/netty/netty/3.10.6.Final/netty-3.10.6.Final.jar:/home/runner/.m2/repository/io/netty/netty-all/4.1.63.Final/netty-all-4.1.63.Final.jar:/home/runner/.m2/repository/org/apache/htrace/htrace-core4/4.1.0-incubating/htrace-core4-4.1.0-incubating.jar:/home/runner/.m2/repository/org/fusesource/leveldbjni/leveldbjni-all/1.8/leveldbjni-all-1.8.jar:/home/runner/.m2/repository/org/apache/hadoop/hadoop-distcp/3.3.1/hadoop-distcp-3.3.1.jar:/home/runner/.m2/repository/org/apache/hadoop/hadoop-mapreduce-client-jobclient/3.3.1/hadoop-mapreduce-client-jobclient-3.3.1.jar:/home/runner/.m2/repository/org/apache/hadoop/hadoop-mapreduce-client-common/3.3.1/hadoop-mapreduce-client-common-3.3.1.jar:/home/runner/.m2/repository/org/apache/hadoop/hadoop-yarn-common/3.3.1/hadoop-yarn-common-3.3.1.jar:/home/runner/.m2/repository/org/apache/hadoop/hadoop-yarn-api/3.3.1/hadoop-yarn-api-3.3.1.jar:/home/runner/.m2/repository/com/sun/jersey/jersey-client/1.19/jersey-client-1.19.jar:/home/runner/.m2/repository/com/sun/jersey/contribs/jersey-guice/1.19/jersey-guice-1.19.jar:/home/runner/.m2/repository/com/fasterxml/jackson/jaxrs/jackson-jaxrs-json-provider/2.13.2/jackson-jaxrs-json-provider-2.13.2.jar:/home/runner/.m2/repository/com/fasterxml/jackson/jaxrs/jackson-jaxrs-base/2.13.2/jackson-jaxrs-base-2.13.2.jar:/home/runner/.m2/repository/org/apache/hadoop/hadoop-yarn-client/3.3.1/hadoop-yarn-client-3.3.1.jar:/home/runner/.m2/repository/org/eclipse/jetty/websocket/websocket-client/9.4.40.v20210413/websocket-client-9.4.40.v20210413.jar:/home/runner/.m2/repository/org/eclipse/jetty/jetty-client/9.4.40.v20210413/jetty-client-9.4.40.v20210413.jar:/home/runner/.m2/repository/org/eclipse/jetty/websocket/websocket-common/9.4.40.v20210413/websocket-common-9.4.40.v20210413.jar:/home/runner/.m2/repository/org/eclipse/jetty/websocket/websocket-api/9.4.40.v20210413/websocket-api-9.4.40.v20210413.jar:/home/runner/.m2/repository/org/jline/jline/3.9.0/jline-3.9.0.jar:/home/runner/.m2/repository/org/apache/hadoop/hadoop-mapreduce-client-core/3.3.1/hadoop-mapreduce-client-core-3.3.1.jar:/home/runner/.m2/repository/org/apache/avro/avro/1.7.7/avro-1.7.7.jar:/home/runner/.m2/repository/org/codehaus/jackson/jackson-core-asl/1.9.13/jackson-core-asl-1.9.13.jar:/home/runner/.m2/repository/org/codehaus/jackson/jackson-mapper-asl/1.9.13/jackson-mapper-asl-1.9.13.jar:/home/runner/.m2/repository/com/thoughtworks/paranamer/paranamer/2.3/paranamer-2.3.jar:/home/runner/.m2/repository/org/apache/hadoop/hadoop-annotations/3.3.1/hadoop-annotations-3.3.1.jar:/usr/lib/jvm/temurin-8-jdk-amd64/jre/../lib/tools.jar:/home/runner/.m2/repository/org/apache/hadoop/hadoop-distcp/3.3.1/hadoop-distcp-3.3.1-tests.jar:/home/runner/.m2/repository/org/apache/ratis/ratis-common/2.2.0/ratis-common-2.2.0.jar:/home/runner/.m2/repository/org/apache/ratis/ratis-thirdparty-misc/0.7.0/ratis-thirdparty-misc-0.7.0.jar:/home/runner/.m2/repository/org/apache/ratis/ratis-proto/2.2.0/ratis-proto-2.2.0.jar:/home/runner/.m2/repository/org/apache/ozone/ozone-annotation-processing/1.3.0-SNAPSHOT/ozone-annotation-processing-1.3.0-SNAPSHOT.jar:"/>
    <property name="java.vm.vendor" value="Temurin"/>
    <property name="sun.arch.data.model" value="64"/>
    <property name="test.build.dir" value="/home/runner/work/ozone/ozone/hadoop-ozone/integration-test/target/test-dir"/>
    <property name="test.cache.data" value=""/>
    <property name="java.vendor.url" value="https://adoptium.net/"/>
    <property name="user.timezone" value="Etc/UTC"/>
    <property name="java.vm.specification.version" value="1.8"/>
    <property name="os.name" value="Linux"/>
    <property name="test.build.data" value="/home/runner/work/ozone/ozone/hadoop-ozone/integration-test/target/test-dir"/>
    <property name="sun.java.launcher" value="SUN_STANDARD"/>
    <property name="sun.boot.library.path" value="/usr/lib/jvm/temurin-8-jdk-amd64/jre/lib/amd64"/>
    <property name="sun.java.command" value="/home/runner/work/ozone/ozone/hadoop-ozone/integration-test/target/surefire/surefirebooter1879021947943017064.jar /home/runner/work/ozone/ozone/hadoop-ozone/integration-test/target/surefire 2022-04-28T13-43-08_883-jvmRun1 surefire1948470724135515006tmp surefire_1231097133579797406tmp"/>
    <property name="surefire.test.class.path" value="/home/runner/work/ozone/ozone/hadoop-ozone/integration-test/target/test-classes:/home/runner/work/ozone/ozone/hadoop-ozone/integration-test/target/classes:/home/runner/.m2/repository/org/apache/ozone/ozone-common/1.3.0-SNAPSHOT/ozone-common-1.3.0-SNAPSHOT.jar:/home/runner/.m2/repository/io/grpc/grpc-netty/1.38.0/grpc-netty-1.38.0.jar:/home/runner/.m2/repository/io/grpc/grpc-core/1.38.0/grpc-core-1.38.0.jar:/home/runner/.m2/repository/com/google/android/annotations/4.1.1.4/annotations-4.1.1.4.jar:/home/runner/.m2/repository/com/google/errorprone/error_prone_annotations/2.2.0/error_prone_annotations-2.2.0.jar:/home/runner/.m2/repository/io/perfmark/perfmark-api/0.23.0/perfmark-api-0.23.0.jar:/home/runner/.m2/repository/org/codehaus/mojo/animal-sniffer-annotations/1.19/animal-sniffer-annotations-1.19.jar:/home/runner/.m2/repository/com/google/code/findbugs/jsr305/3.0.0/jsr305-3.0.0.jar:/home/runner/.m2/repository/io/netty/netty-codec-http2/4.1.63.Final/netty-codec-http2-4.1.63.Final.jar:/home/runner/.m2/repository/io/netty/netty-common/4.1.63.Final/netty-common-4.1.63.Final.jar:/home/runner/.m2/repository/io/netty/netty-buffer/4.1.63.Final/netty-buffer-4.1.63.Final.jar:/home/runner/.m2/repository/io/netty/netty-codec-http/4.1.63.Final/netty-codec-http-4.1.63.Final.jar:/home/runner/.m2/repository/io/netty/netty-handler-proxy/4.1.63.Final/netty-handler-proxy-4.1.63.Final.jar:/home/runner/.m2/repository/io/netty/netty-codec-socks/4.1.63.Final/netty-codec-socks-4.1.63.Final.jar:/home/runner/.m2/repository/io/netty/netty-tcnative-boringssl-static/2.0.38.Final/netty-tcnative-boringssl-static-2.0.38.Final.jar:/home/runner/.m2/repository/io/netty/netty-tcnative/2.0.38.Final/netty-tcnative-2.0.38.Final.jar:/home/runner/.m2/repository/org/apache/commons/commons-compress/1.21/commons-compress-1.21.jar:/home/runner/.m2/repository/org/apache/ozone/hdds-common/1.3.0-SNAPSHOT/hdds-common-1.3.0-SNAPSHOT.jar:/home/runner/.m2/repository/org/apache/ozone/hdds-client/1.3.0-SNAPSHOT/hdds-client-1.3.0-SNAPSHOT.jar:/home/runner/.m2/repository/org/apache/ozone/ozone-interface-client/1.3.0-SNAPSHOT/ozone-interface-client-1.3.0-SNAPSHOT.jar:/home/runner/.m2/repository/org/apache/ozone/hdds-test-utils/1.3.0-SNAPSHOT/hdds-test-utils-1.3.0-SNAPSHOT.jar:/home/runner/.m2/repository/com/google/guava/guava/30.1.1-jre/guava-30.1.1-jre.jar:/home/runner/.m2/repository/com/google/guava/failureaccess/1.0.1/failureaccess-1.0.1.jar:/home/runner/.m2/repository/com/google/guava/listenablefuture/9999.0-empty-to-avoid-conflict-with-guava/listenablefuture-9999.0-empty-to-avoid-conflict-with-guava.jar:/home/runner/.m2/repository/org/checkerframework/checker-qual/3.8.0/checker-qual-3.8.0.jar:/home/runner/.m2/repository/com/google/j2objc/j2objc-annotations/1.3/j2objc-annotations-1.3.jar:/home/runner/.m2/repository/commons-io/commons-io/2.11.0/commons-io-2.11.0.jar:/home/runner/.m2/repository/commons-logging/commons-logging/1.2/commons-logging-1.2.jar:/home/runner/.m2/repository/log4j/log4j/1.2.17/log4j-1.2.17.jar:/home/runner/.m2/repository/org/slf4j/slf4j-api/1.7.30/slf4j-api-1.7.30.jar:/home/runner/.m2/repository/org/apache/ozone/hdds-server-scm/1.3.0-SNAPSHOT/hdds-server-scm-1.3.0-SNAPSHOT.jar:/home/runner/.m2/repository/org/apache/ozone/hdds-container-service/1.3.0-SNAPSHOT/hdds-container-service-1.3.0-SNAPSHOT.jar:/home/runner/.m2/repository/org/apache/ozone/hdds-hadoop-dependency-server/1.3.0-SNAPSHOT/hdds-hadoop-dependency-server-1.3.0-SNAPSHOT.jar:/home/runner/.m2/repository/org/apache/hadoop/hadoop-hdfs/3.3.1/hadoop-hdfs-3.3.1.jar:/home/runner/.m2/repository/org/apache/ozone/hdds-server-framework/1.3.0-SNAPSHOT/hdds-server-framework-1.3.0-SNAPSHOT.jar:/home/runner/.m2/repository/org/apache/ozone/hdds-interface-server/1.3.0-SNAPSHOT/hdds-interface-server-1.3.0-SNAPSHOT.jar:/home/runner/.m2/repository/org/apache/logging/log4j/log4j-core/2.17.1/log4j-core-2.17.1.jar:/home/runner/.m2/repository/com/lmax/disruptor/3.4.2/disruptor-3.4.2.jar:/home/runner/.m2/repository/org/eclipse/jetty/jetty-servlet/9.4.43.v20210629/jetty-servlet-9.4.43.v20210629.jar:/home/runner/.m2/repository/org/eclipse/jetty/jetty-security/9.4.43.v20210629/jetty-security-9.4.43.v20210629.jar:/home/runner/.m2/repository/org/rocksdb/rocksdbjni/7.0.4/rocksdbjni-7.0.4.jar:/home/runner/.m2/repository/io/prometheus/simpleclient_dropwizard/0.7.0/simpleclient_dropwizard-0.7.0.jar:/home/runner/.m2/repository/io/prometheus/simpleclient/0.7.0/simpleclient-0.7.0.jar:/home/runner/.m2/repository/io/prometheus/simpleclient_common/0.7.0/simpleclient_common-0.7.0.jar:/home/runner/.m2/repository/io/dropwizard/metrics/metrics-core/3.2.4/metrics-core-3.2.4.jar:/home/runner/.m2/repository/org/apache/hadoop/hadoop-hdfs-client/3.3.1/hadoop-hdfs-client-3.3.1.jar:/home/runner/.m2/repository/org/bouncycastle/bcprov-jdk15on/1.67/bcprov-jdk15on-1.67.jar:/home/runner/.m2/repository/com/google/protobuf/protobuf-java/2.5.0/protobuf-java-2.5.0.jar:/home/runner/.m2/repository/org/apache/ozone/ozone-manager/1.3.0-SNAPSHOT/ozone-manager-1.3.0-SNAPSHOT.jar:/home/runner/.m2/repository/org/aspectj/aspectjrt/1.9.7/aspectjrt-1.9.7.jar:/home/runner/.m2/repository/org/aspectj/aspectjweaver/1.9.7/aspectjweaver-1.9.7.jar:/home/runner/.m2/repository/org/apache/ozone/hdds-interface-client/1.3.0-SNAPSHOT/hdds-interface-client-1.3.0-SNAPSHOT.jar:/home/runner/.m2/repository/org/apache/hadoop/thirdparty/hadoop-shaded-protobuf_3_7/1.1.1/hadoop-shaded-protobuf_3_7-1.1.1.jar:/home/runner/.m2/repository/org/apache/ozone/ozone-interface-storage/1.3.0-SNAPSHOT/ozone-interface-storage-1.3.0-SNAPSHOT.jar:/home/runner/.m2/repository/org/reflections/reflections/0.9.11/reflections-0.9.11.jar:/home/runner/.m2/repository/org/apache/hadoop/hadoop-minikdc/3.3.1/hadoop-minikdc-3.3.1.jar:/home/runner/.m2/repository/org/apache/kerby/kerb-simplekdc/1.0.1/kerb-simplekdc-1.0.1.jar:/home/runner/.m2/repository/org/apache/kerby/kerb-client/1.0.1/kerb-client-1.0.1.jar:/home/runner/.m2/repository/org/apache/kerby/kerby-config/1.0.1/kerby-config-1.0.1.jar:/home/runner/.m2/repository/org/apache/kerby/kerb-common/1.0.1/kerb-common-1.0.1.jar:/home/runner/.m2/repository/org/apache/kerby/kerb-crypto/1.0.1/kerb-crypto-1.0.1.jar:/home/runner/.m2/repository/org/apache/kerby/kerb-util/1.0.1/kerb-util-1.0.1.jar:/home/runner/.m2/repository/org/apache/kerby/token-provider/1.0.1/token-provider-1.0.1.jar:/home/runner/.m2/repository/org/apache/kerby/kerb-admin/1.0.1/kerb-admin-1.0.1.jar:/home/runner/.m2/repository/org/apache/kerby/kerb-server/1.0.1/kerb-server-1.0.1.jar:/home/runner/.m2/repository/org/apache/kerby/kerb-identity/1.0.1/kerb-identity-1.0.1.jar:/home/runner/.m2/repository/org/apache/kerby/kerby-xdr/1.0.1/kerby-xdr-1.0.1.jar:/home/runner/.m2/repository/org/slf4j/slf4j-log4j12/1.7.30/slf4j-log4j12-1.7.30.jar:/home/runner/.m2/repository/org/apache/ozone/ozone-s3gateway/1.3.0-SNAPSHOT/ozone-s3gateway-1.3.0-SNAPSHOT.jar:/home/runner/.m2/repository/org/javassist/javassist/3.21.0-GA/javassist-3.21.0-GA.jar:/home/runner/.m2/repository/org/jboss/weld/servlet/weld-servlet/2.4.7.Final/weld-servlet-2.4.7.Final.jar:/home/runner/.m2/repository/org/glassfish/jersey/containers/jersey-container-servlet-core/2.33/jersey-container-servlet-core-2.33.jar:/home/runner/.m2/repository/org/glassfish/hk2/external/jakarta.inject/2.6.1/jakarta.inject-2.6.1.jar:/home/runner/.m2/repository/org/glassfish/jersey/core/jersey-common/2.33/jersey-common-2.33.jar:/home/runner/.m2/repository/jakarta/ws/rs/jakarta.ws.rs-api/2.1.6/jakarta.ws.rs-api-2.1.6.jar:/home/runner/.m2/repository/org/glassfish/jersey/ext/cdi/jersey-cdi1x/2.33/jersey-cdi1x-2.33.jar:/home/runner/.m2/repository/org/glassfish/jersey/inject/jersey-hk2/2.33/jersey-hk2-2.33.jar:/home/runner/.m2/repository/org/glassfish/hk2/hk2-locator/2.6.1/hk2-locator-2.6.1.jar:/home/runner/.m2/repository/org/glassfish/jersey/media/jersey-media-jaxb/2.33/jersey-media-jaxb-2.33.jar:/home/runner/.m2/repository/org/glassfish/hk2/osgi-resource-locator/1.0.3/osgi-resource-locator-1.0.3.jar:/home/runner/.m2/repository/org/glassfish/hk2/hk2-api/2.5.0/hk2-api-2.5.0.jar:/home/runner/.m2/repository/org/glassfish/hk2/hk2-utils/2.5.0/hk2-utils-2.5.0.jar:/home/runner/.m2/repository/org/glassfish/hk2/external/aopalliance-repackaged/2.5.0/aopalliance-repackaged-2.5.0.jar:/home/runner/.m2/repository/com/fasterxml/jackson/dataformat/jackson-dataformat-xml/2.13.2/jackson-dataformat-xml-2.13.2.jar:/home/runner/.m2/repository/com/fasterxml/jackson/core/jackson-core/2.13.2/jackson-core-2.13.2.jar:/home/runner/.m2/repository/org/codehaus/woodstox/stax2-api/3.1.4/stax2-api-3.1.4.jar:/home/runner/.m2/repository/com/fasterxml/woodstox/woodstox-core/5.0.3/woodstox-core-5.0.3.jar:/home/runner/.m2/repository/com/fasterxml/jackson/module/jackson-module-jaxb-annotations/2.13.2/jackson-module-jaxb-annotations-2.13.2.jar:/home/runner/.m2/repository/jakarta/xml/bind/jakarta.xml.bind-api/2.3.3/jakarta.xml.bind-api-2.3.3.jar:/home/runner/.m2/repository/jakarta/activation/jakarta.activation-api/1.2.1/jakarta.activation-api-1.2.1.jar:/home/runner/.m2/repository/javax/enterprise/cdi-api/1.2/cdi-api-1.2.jar:/home/runner/.m2/repository/javax/el/javax.el-api/3.0.0/javax.el-api-3.0.0.jar:/home/runner/.m2/repository/javax/interceptor/javax.interceptor-api/1.2/javax.interceptor-api-1.2.jar:/home/runner/.m2/repository/javax/inject/javax.inject/1/javax.inject-1.jar:/home/runner/.m2/repository/javax/xml/bind/jaxb-api/2.3.0/jaxb-api-2.3.0.jar:/home/runner/.m2/repository/org/glassfish/jaxb/jaxb-runtime/2.3.0.1/jaxb-runtime-2.3.0.1.jar:/home/runner/.m2/repository/org/glassfish/jaxb/jaxb-core/2.3.0.1/jaxb-core-2.3.0.1.jar:/home/runner/.m2/repository/org/glassfish/jaxb/txw2/2.3.0.1/txw2-2.3.0.1.jar:/home/runner/.m2/repository/com/sun/istack/istack-commons-runtime/3.0.5/istack-commons-runtime-3.0.5.jar:/home/runner/.m2/repository/org/jvnet/staxex/stax-ex/1.7.8/stax-ex-1.7.8.jar:/home/runner/.m2/repository/com/sun/xml/fastinfoset/FastInfoset/1.2.13/FastInfoset-1.2.13.jar:/home/runner/.m2/repository/javax/activation/activation/1.1.1/activation-1.1.1.jar:/home/runner/.m2/repository/io/grpc/grpc-protobuf/1.38.0/grpc-protobuf-1.38.0.jar:/home/runner/.m2/repository/io/grpc/grpc-api/1.38.0/grpc-api-1.38.0.jar:/home/runner/.m2/repository/io/grpc/grpc-context/1.38.0/grpc-context-1.38.0.jar:/home/runner/.m2/repository/com/google/api/grpc/proto-google-common-protos/2.0.1/proto-google-common-protos-2.0.1.jar:/home/runner/.m2/repository/io/grpc/grpc-protobuf-lite/1.38.0/grpc-protobuf-lite-1.38.0.jar:/home/runner/.m2/repository/io/grpc/grpc-stub/1.38.0/grpc-stub-1.38.0.jar:/home/runner/.m2/repository/io/netty/netty-transport/4.1.63.Final/netty-transport-4.1.63.Final.jar:/home/runner/.m2/repository/io/netty/netty-resolver/4.1.63.Final/netty-resolver-4.1.63.Final.jar:/home/runner/.m2/repository/org/apache/ozone/ozone-csi/1.3.0-SNAPSHOT/ozone-csi-1.3.0-SNAPSHOT.jar:/home/runner/.m2/repository/com/google/protobuf/protobuf-java-util/3.12.0/protobuf-java-util-3.12.0.jar:/home/runner/.m2/repository/com/google/code/gson/gson/2.2.4/gson-2.2.4.jar:/home/runner/.m2/repository/org/apache/ozone/hdds-config/1.3.0-SNAPSHOT/hdds-config-1.3.0-SNAPSHOT.jar:/home/runner/.m2/repository/io/netty/netty-transport-native-epoll/4.1.63.Final/netty-transport-native-epoll-4.1.63.Final.jar:/home/runner/.m2/repository/io/netty/netty-transport-native-unix-common/4.1.63.Final/netty-transport-native-unix-common-4.1.63.Final.jar:/home/runner/.m2/repository/org/apache/ozone/ozone-recon/1.3.0-SNAPSHOT/ozone-recon-1.3.0-SNAPSHOT.jar:/home/runner/.m2/repository/org/apache/ozone/ozone-reconcodegen/1.3.0-SNAPSHOT/ozone-reconcodegen-1.3.0-SNAPSHOT.jar:/home/runner/.m2/repository/com/google/inject/extensions/guice-multibindings/4.0/guice-multibindings-4.0.jar:/home/runner/.m2/repository/com/google/inject/guice/4.0/guice-4.0.jar:/home/runner/.m2/repository/aopalliance/aopalliance/1.0/aopalliance-1.0.jar:/home/runner/.m2/repository/com/google/inject/extensions/guice-assistedinject/4.0/guice-assistedinject-4.0.jar:/home/runner/.m2/repository/com/google/inject/extensions/guice-servlet/4.0/guice-servlet-4.0.jar:/home/runner/.m2/repository/org/glassfish/jersey/containers/jersey-container-servlet/2.33/jersey-container-servlet-2.33.jar:/home/runner/.m2/repository/org/glassfish/hk2/guice-bridge/2.5.0/guice-bridge-2.5.0.jar:/home/runner/.m2/repository/org/glassfish/jersey/core/jersey-server/2.33/jersey-server-2.33.jar:/home/runner/.m2/repository/org/glassfish/jersey/core/jersey-client/2.33/jersey-client-2.33.jar:/home/runner/.m2/repository/jakarta/annotation/jakarta.annotation-api/1.3.5/jakarta.annotation-api-1.3.5.jar:/home/runner/.m2/repository/jakarta/validation/jakarta.validation-api/2.0.2/jakarta.validation-api-2.0.2.jar:/home/runner/.m2/repository/org/glassfish/jersey/media/jersey-media-json-jackson/2.33/jersey-media-json-jackson-2.33.jar:/home/runner/.m2/repository/org/glassfish/jersey/ext/jersey-entity-filtering/2.33/jersey-entity-filtering-2.33.jar:/home/runner/.m2/repository/org/jooq/jooq/3.11.10/jooq-3.11.10.jar:/home/runner/.m2/repository/org/jooq/jooq-meta/3.11.10/jooq-meta-3.11.10.jar:/home/runner/.m2/repository/org/jooq/jooq-codegen/3.11.10/jooq-codegen-3.11.10.jar:/home/runner/.m2/repository/com/jolbox/bonecp/0.8.0.RELEASE/bonecp-0.8.0.RELEASE.jar:/home/runner/.m2/repository/org/apache/derby/derby/10.14.2.0/derby-10.14.2.0.jar:/home/runner/.m2/repository/org/xerial/sqlite-jdbc/3.25.2/sqlite-jdbc-3.25.2.jar:/home/runner/.m2/repository/org/springframework/spring-jdbc/5.2.20.RELEASE/spring-jdbc-5.2.20.RELEASE.jar:/home/runner/.m2/repository/org/springframework/spring-beans/5.2.20.RELEASE/spring-beans-5.2.20.RELEASE.jar:/home/runner/.m2/repository/org/springframework/spring-core/5.2.20.RELEASE/spring-core-5.2.20.RELEASE.jar:/home/runner/.m2/repository/org/springframework/spring-jcl/5.2.20.RELEASE/spring-jcl-5.2.20.RELEASE.jar:/home/runner/.m2/repository/org/springframework/spring-tx/5.2.20.RELEASE/spring-tx-5.2.20.RELEASE.jar:/home/runner/.m2/repository/org/apache/ozone/ozone-client/1.3.0-SNAPSHOT/ozone-client-1.3.0-SNAPSHOT.jar:/home/runner/.m2/repository/org/apache/ozone/hdds-erasurecode/1.3.0-SNAPSHOT/hdds-erasurecode-1.3.0-SNAPSHOT.jar:/home/runner/.m2/repository/com/github/spotbugs/spotbugs-annotations/3.1.12/spotbugs-annotations-3.1.12.jar:/home/runner/.m2/repository/org/apache/ozone/ozone-filesystem/1.3.0-SNAPSHOT/ozone-filesystem-1.3.0-SNAPSHOT.jar:/home/runner/.m2/repository/org/apache/ozone/ozone-filesystem-common/1.3.0-SNAPSHOT/ozone-filesystem-common-1.3.0-SNAPSHOT.jar:/home/runner/.m2/repository/org/apache/ozone/ozone-tools/1.3.0-SNAPSHOT/ozone-tools-1.3.0-SNAPSHOT.jar:/home/runner/.m2/repository/org/apache/ratis/ratis-tools/2.2.0/ratis-tools-2.2.0.jar:/home/runner/.m2/repository/com/amazonaws/aws-java-sdk-core/1.12.124/aws-java-sdk-core-1.12.124.jar:/home/runner/.m2/repository/org/apache/httpcomponents/httpclient/4.5.13/httpclient-4.5.13.jar:/home/runner/.m2/repository/org/apache/httpcomponents/httpcore/4.4.13/httpcore-4.4.13.jar:/home/runner/.m2/repository/software/amazon/ion/ion-java/1.0.2/ion-java-1.0.2.jar:/home/runner/.m2/repository/com/fasterxml/jackson/dataformat/jackson-dataformat-cbor/2.13.2/jackson-dataformat-cbor-2.13.2.jar:/home/runner/.m2/repository/joda-time/joda-time/2.8.1/joda-time-2.8.1.jar:/home/runner/.m2/repository/com/amazonaws/aws-java-sdk-s3/1.12.124/aws-java-sdk-s3-1.12.124.jar:/home/runner/.m2/repository/com/amazonaws/aws-java-sdk-kms/1.12.124/aws-java-sdk-kms-1.12.124.jar:/home/runner/.m2/repository/com/amazonaws/jmespath-java/1.12.124/jmespath-java-1.12.124.jar:/home/runner/.m2/repository/org/kohsuke/metainf-services/metainf-services/1.8/metainf-services-1.8.jar:/home/runner/.m2/repository/org/apache/ozone/hdds-tools/1.3.0-SNAPSHOT/hdds-tools-1.3.0-SNAPSHOT.jar:/home/runner/.m2/repository/commons-cli/commons-cli/1.2/commons-cli-1.2.jar:/home/runner/.m2/repository/org/apache/commons/commons-lang3/3.7/commons-lang3-3.7.jar:/home/runner/.m2/repository/org/apache/ozone/ozone-manager/1.3.0-SNAPSHOT/ozone-manager-1.3.0-SNAPSHOT-tests.jar:/home/runner/.m2/repository/org/apache/ozone/hdds-common/1.3.0-SNAPSHOT/hdds-common-1.3.0-SNAPSHOT-tests.jar:/home/runner/.m2/repository/org/apache/ozone/hdds-hadoop-dependency-client/1.3.0-SNAPSHOT/hdds-hadoop-dependency-client-1.3.0-SNAPSHOT.jar:/home/runner/.m2/repository/info/picocli/picocli/4.6.1/picocli-4.6.1.jar:/home/runner/.m2/repository/com/fasterxml/jackson/core/jackson-annotations/2.13.2/jackson-annotations-2.13.2.jar:/home/runner/.m2/repository/com/fasterxml/jackson/datatype/jackson-datatype-jsr310/2.13.2/jackson-datatype-jsr310-2.13.2.jar:/home/runner/.m2/repository/javax/annotation/javax.annotation-api/1.2/javax.annotation-api-1.2.jar:/home/runner/.m2/repository/org/apache/ratis/ratis-server/2.2.0/ratis-server-2.2.0.jar:/home/runner/.m2/repository/org/apache/ratis/ratis-client/2.2.0/ratis-client-2.2.0.jar:/home/runner/.m2/repository/org/apache/ratis/ratis-server-api/2.2.0/ratis-server-api-2.2.0.jar:/home/runner/.m2/repository/org/apache/ratis/ratis-metrics/2.2.0/ratis-metrics-2.2.0.jar:/home/runner/.m2/repository/org/apache/ratis/ratis-netty/2.2.0/ratis-netty-2.2.0.jar:/home/runner/.m2/repository/org/apache/ratis/ratis-grpc/2.2.0/ratis-grpc-2.2.0.jar:/home/runner/.m2/repository/org/apache/logging/log4j/log4j-api/2.17.1/log4j-api-2.17.1.jar:/home/runner/.m2/repository/org/apache/commons/commons-pool2/2.6.0/commons-pool2-2.6.0.jar:/home/runner/.m2/repository/org/bouncycastle/bcpkix-jdk15on/1.67/bcpkix-jdk15on-1.67.jar:/home/runner/.m2/repository/commons-validator/commons-validator/1.6/commons-validator-1.6.jar:/home/runner/.m2/repository/commons-beanutils/commons-beanutils/1.9.4/commons-beanutils-1.9.4.jar:/home/runner/.m2/repository/commons-digester/commons-digester/1.8.1/commons-digester-1.8.1.jar:/home/runner/.m2/repository/commons-collections/commons-collections/3.2.2/commons-collections-3.2.2.jar:/home/runner/.m2/repository/io/jaegertracing/jaeger-client/1.6.0/jaeger-client-1.6.0.jar:/home/runner/.m2/repository/io/jaegertracing/jaeger-thrift/1.6.0/jaeger-thrift-1.6.0.jar:/home/runner/.m2/repository/org/apache/thrift/libthrift/0.14.1/libthrift-0.14.1.jar:/home/runner/.m2/repository/com/squareup/okhttp3/okhttp/4.9.0/okhttp-4.9.0.jar:/home/runner/.m2/repository/com/squareup/okio/okio/2.8.0/okio-2.8.0.jar:/home/runner/.m2/repository/io/jaegertracing/jaeger-core/1.6.0/jaeger-core-1.6.0.jar:/home/runner/.m2/repository/io/jaegertracing/jaeger-tracerresolver/1.6.0/jaeger-tracerresolver-1.6.0.jar:/home/runner/.m2/repository/io/opentracing/contrib/opentracing-tracerresolver/0.1.8/opentracing-tracerresolver-0.1.8.jar:/home/runner/.m2/repository/org/jetbrains/kotlin/kotlin-stdlib/1.4.31/kotlin-stdlib-1.4.31.jar:/home/runner/.m2/repository/org/jetbrains/kotlin/kotlin-stdlib-common/1.4.31/kotlin-stdlib-common-1.4.31.jar:/home/runner/.m2/repository/org/jetbrains/annotations/13.0/annotations-13.0.jar:/home/runner/.m2/repository/io/opentracing/opentracing-util/0.33.0/opentracing-util-0.33.0.jar:/home/runner/.m2/repository/io/opentracing/opentracing-api/0.33.0/opentracing-api-0.33.0.jar:/home/runner/.m2/repository/io/opentracing/opentracing-noop/0.33.0/opentracing-noop-0.33.0.jar:/home/runner/.m2/repository/org/yaml/snakeyaml/1.26/snakeyaml-1.26.jar:/home/runner/.m2/repository/org/apache/ozone/hdds-interface-admin/1.3.0-SNAPSHOT/hdds-interface-admin-1.3.0-SNAPSHOT.jar:/home/runner/.m2/repository/junit/junit/4.13.1/junit-4.13.1.jar:/home/runner/.m2/repository/org/hamcrest/hamcrest-core/1.3/hamcrest-core-1.3.jar:/home/runner/.m2/repository/org/junit/jupiter/junit-jupiter-api/5.7.0/junit-jupiter-api-5.7.0.jar:/home/runner/.m2/repository/org/apiguardian/apiguardian-api/1.1.0/apiguardian-api-1.1.0.jar:/home/runner/.m2/repository/org/opentest4j/opentest4j/1.2.0/opentest4j-1.2.0.jar:/home/runner/.m2/repository/org/junit/platform/junit-platform-commons/1.7.0/junit-platform-commons-1.7.0.jar:/home/runner/.m2/repository/org/junit/jupiter/junit-jupiter-params/5.7.0/junit-jupiter-params-5.7.0.jar:/home/runner/.m2/repository/org/junit/jupiter/junit-jupiter-migrationsupport/5.7.0/junit-jupiter-migrationsupport-5.7.0.jar:/home/runner/.m2/repository/org/junit/jupiter/junit-jupiter-engine/5.7.0/junit-jupiter-engine-5.7.0.jar:/home/runner/.m2/repository/org/junit/platform/junit-platform-engine/1.7.0/junit-platform-engine-1.7.0.jar:/home/runner/.m2/repository/org/junit/vintage/junit-vintage-engine/5.7.0/junit-vintage-engine-5.7.0.jar:/home/runner/.m2/repository/org/junit/platform/junit-platform-launcher/1.7.0/junit-platform-launcher-1.7.0.jar:/home/runner/.m2/repository/org/mockito/mockito-core/2.28.2/mockito-core-2.28.2.jar:/home/runner/.m2/repository/net/bytebuddy/byte-buddy/1.9.10/byte-buddy-1.9.10.jar:/home/runner/.m2/repository/net/bytebuddy/byte-buddy-agent/1.9.10/byte-buddy-agent-1.9.10.jar:/home/runner/.m2/repository/org/objenesis/objenesis/1.0/objenesis-1.0.jar:/home/runner/.m2/repository/org/apache/hadoop/hadoop-kms/3.3.1/hadoop-kms-3.3.1.jar:/home/runner/.m2/repository/org/apache/hadoop/hadoop-auth/3.3.1/hadoop-auth-3.3.1.jar:/home/runner/.m2/repository/com/nimbusds/nimbus-jose-jwt/7.9/nimbus-jose-jwt-7.9.jar:/home/runner/.m2/repository/com/github/stephenc/jcip/jcip-annotations/1.0-1/jcip-annotations-1.0-1.jar:/home/runner/.m2/repository/net/minidev/json-smart/2.4.7/json-smart-2.4.7.jar:/home/runner/.m2/repository/net/minidev/accessors-smart/2.4.7/accessors-smart-2.4.7.jar:/home/runner/.m2/repository/org/ow2/asm/asm/5.0.4/asm-5.0.4.jar:/home/runner/.m2/repository/org/apache/zookeeper/zookeeper/3.5.6/zookeeper-3.5.6.jar:/home/runner/.m2/repository/org/apache/zookeeper/zookeeper-jute/3.5.6/zookeeper-jute-3.5.6.jar:/home/runner/.m2/repository/org/apache/yetus/audience-annotations/0.5.0/audience-annotations-0.5.0.jar:/home/runner/.m2/repository/org/apache/curator/curator-framework/4.2.0/curator-framework-4.2.0.jar:/home/runner/.m2/repository/org/apache/hadoop/thirdparty/hadoop-shaded-guava/1.1.1/hadoop-shaded-guava-1.1.1.jar:/home/runner/.m2/repository/com/sun/jersey/jersey-core/1.19/jersey-core-1.19.jar:/home/runner/.m2/repository/javax/ws/rs/jsr311-api/1.1.1/jsr311-api-1.1.1.jar:/home/runner/.m2/repository/com/sun/jersey/jersey-server/1.19/jersey-server-1.19.jar:/home/runner/.m2/repository/javax/servlet/javax.servlet-api/3.1.0/javax.servlet-api-3.1.0.jar:/home/runner/.m2/repository/org/eclipse/jetty/jetty-server/9.4.43.v20210629/jetty-server-9.4.43.v20210629.jar:/home/runner/.m2/repository/org/eclipse/jetty/jetty-http/9.4.43.v20210629/jetty-http-9.4.43.v20210629.jar:/home/runner/.m2/repository/org/eclipse/jetty/jetty-io/9.4.43.v20210629/jetty-io-9.4.43.v20210629.jar:/home/runner/.m2/repository/org/eclipse/jetty/jetty-webapp/9.4.43.v20210629/jetty-webapp-9.4.43.v20210629.jar:/home/runner/.m2/repository/org/eclipse/jetty/jetty-xml/9.4.43.v20210629/jetty-xml-9.4.43.v20210629.jar:/home/runner/.m2/repository/org/apache/hadoop/hadoop-common/3.3.1/hadoop-common-3.3.1.jar:/home/runner/.m2/repository/org/apache/commons/commons-math3/3.1.1/commons-math3-3.1.1.jar:/home/runner/.m2/repository/commons-net/commons-net/3.6/commons-net-3.6.jar:/home/runner/.m2/repository/com/sun/jersey/jersey-servlet/1.19/jersey-servlet-1.19.jar:/home/runner/.m2/repository/com/sun/jersey/jersey-json/1.19/jersey-json-1.19.jar:/home/runner/.m2/repository/org/codehaus/jettison/jettison/1.1/jettison-1.1.jar:/home/runner/.m2/repository/com/sun/xml/bind/jaxb-impl/2.2.3-1/jaxb-impl-2.2.3-1.jar:/home/runner/.m2/repository/org/codehaus/jackson/jackson-jaxrs/1.9.2/jackson-jaxrs-1.9.2.jar:/home/runner/.m2/repository/org/codehaus/jackson/jackson-xc/1.9.2/jackson-xc-1.9.2.jar:/home/runner/.m2/repository/org/apache/commons/commons-configuration2/2.1.1/commons-configuration2-2.1.1.jar:/home/runner/.m2/repository/org/apache/commons/commons-text/1.4/commons-text-1.4.jar:/home/runner/.m2/repository/com/google/re2j/re2j/1.1/re2j-1.1.jar:/home/runner/.m2/repository/com/jcraft/jsch/0.1.54/jsch-0.1.54.jar:/home/runner/.m2/repository/org/apache/curator/curator-client/4.2.0/curator-client-4.2.0.jar:/home/runner/.m2/repository/org/apache/curator/curator-recipes/4.2.0/curator-recipes-4.2.0.jar:/home/runner/.m2/repository/org/apache/kerby/kerb-core/1.0.1/kerb-core-1.0.1.jar:/home/runner/.m2/repository/org/apache/kerby/kerby-pkix/1.0.1/kerby-pkix-1.0.1.jar:/home/runner/.m2/repository/org/apache/kerby/kerby-asn1/1.0.1/kerby-asn1-1.0.1.jar:/home/runner/.m2/repository/org/apache/kerby/kerby-util/1.0.1/kerby-util-1.0.1.jar:/home/runner/.m2/repository/dnsjava/dnsjava/2.1.7/dnsjava-2.1.7.jar:/home/runner/.m2/repository/org/xerial/snappy/snappy-java/1.1.8.2/snappy-java-1.1.8.2.jar:/home/runner/.m2/repository/org/slf4j/jul-to-slf4j/1.7.30/jul-to-slf4j-1.7.30.jar:/home/runner/.m2/repository/org/eclipse/jetty/jetty-util/9.4.43.v20210629/jetty-util-9.4.43.v20210629.jar:/home/runner/.m2/repository/com/fasterxml/jackson/core/jackson-databind/2.13.2.2/jackson-databind-2.13.2.2.jar:/home/runner/.m2/repository/org/apache/hadoop/hadoop-kms/3.3.1/hadoop-kms-3.3.1-tests.jar:/home/runner/.m2/repository/org/apache/ozone/hdds-server-scm/1.3.0-SNAPSHOT/hdds-server-scm-1.3.0-SNAPSHOT-tests.jar:/home/runner/.m2/repository/org/apache/ozone/hdds-container-service/1.3.0-SNAPSHOT/hdds-container-service-1.3.0-SNAPSHOT-tests.jar:/home/runner/.m2/repository/commons-codec/commons-codec/1.11/commons-codec-1.11.jar:/home/runner/.m2/repository/io/netty/netty-codec/4.1.63.Final/netty-codec-4.1.63.Final.jar:/home/runner/.m2/repository/io/netty/netty-handler/4.1.63.Final/netty-handler-4.1.63.Final.jar:/home/runner/.m2/repository/org/apache/ozone/hdds-hadoop-dependency-test/1.3.0-SNAPSHOT/hdds-hadoop-dependency-test-1.3.0-SNAPSHOT.jar:/home/runner/.m2/repository/org/apache/hadoop/hadoop-common/3.3.1/hadoop-common-3.3.1-tests.jar:/home/runner/.m2/repository/org/assertj/assertj-core/3.12.2/assertj-core-3.12.2.jar:/home/runner/.m2/repository/org/apache/hadoop/hadoop-hdfs/3.3.1/hadoop-hdfs-3.3.1-tests.jar:/home/runner/.m2/repository/org/eclipse/jetty/jetty-util-ajax/9.4.43.v20210629/jetty-util-ajax-9.4.43.v20210629.jar:/home/runner/.m2/repository/commons-daemon/commons-daemon/1.0.13/commons-daemon-1.0.13.jar:/home/runner/.m2/repository/io/netty/netty/3.10.6.Final/netty-3.10.6.Final.jar:/home/runner/.m2/repository/io/netty/netty-all/4.1.63.Final/netty-all-4.1.63.Final.jar:/home/runner/.m2/repository/org/apache/htrace/htrace-core4/4.1.0-incubating/htrace-core4-4.1.0-incubating.jar:/home/runner/.m2/repository/org/fusesource/leveldbjni/leveldbjni-all/1.8/leveldbjni-all-1.8.jar:/home/runner/.m2/repository/org/apache/hadoop/hadoop-distcp/3.3.1/hadoop-distcp-3.3.1.jar:/home/runner/.m2/repository/org/apache/hadoop/hadoop-mapreduce-client-jobclient/3.3.1/hadoop-mapreduce-client-jobclient-3.3.1.jar:/home/runner/.m2/repository/org/apache/hadoop/hadoop-mapreduce-client-common/3.3.1/hadoop-mapreduce-client-common-3.3.1.jar:/home/runner/.m2/repository/org/apache/hadoop/hadoop-yarn-common/3.3.1/hadoop-yarn-common-3.3.1.jar:/home/runner/.m2/repository/org/apache/hadoop/hadoop-yarn-api/3.3.1/hadoop-yarn-api-3.3.1.jar:/home/runner/.m2/repository/com/sun/jersey/jersey-client/1.19/jersey-client-1.19.jar:/home/runner/.m2/repository/com/sun/jersey/contribs/jersey-guice/1.19/jersey-guice-1.19.jar:/home/runner/.m2/repository/com/fasterxml/jackson/jaxrs/jackson-jaxrs-json-provider/2.13.2/jackson-jaxrs-json-provider-2.13.2.jar:/home/runner/.m2/repository/com/fasterxml/jackson/jaxrs/jackson-jaxrs-base/2.13.2/jackson-jaxrs-base-2.13.2.jar:/home/runner/.m2/repository/org/apache/hadoop/hadoop-yarn-client/3.3.1/hadoop-yarn-client-3.3.1.jar:/home/runner/.m2/repository/org/eclipse/jetty/websocket/websocket-client/9.4.40.v20210413/websocket-client-9.4.40.v20210413.jar:/home/runner/.m2/repository/org/eclipse/jetty/jetty-client/9.4.40.v20210413/jetty-client-9.4.40.v20210413.jar:/home/runner/.m2/repository/org/eclipse/jetty/websocket/websocket-common/9.4.40.v20210413/websocket-common-9.4.40.v20210413.jar:/home/runner/.m2/repository/org/eclipse/jetty/websocket/websocket-api/9.4.40.v20210413/websocket-api-9.4.40.v20210413.jar:/home/runner/.m2/repository/org/jline/jline/3.9.0/jline-3.9.0.jar:/home/runner/.m2/repository/org/apache/hadoop/hadoop-mapreduce-client-core/3.3.1/hadoop-mapreduce-client-core-3.3.1.jar:/home/runner/.m2/repository/org/apache/avro/avro/1.7.7/avro-1.7.7.jar:/home/runner/.m2/repository/org/codehaus/jackson/jackson-core-asl/1.9.13/jackson-core-asl-1.9.13.jar:/home/runner/.m2/repository/org/codehaus/jackson/jackson-mapper-asl/1.9.13/jackson-mapper-asl-1.9.13.jar:/home/runner/.m2/repository/com/thoughtworks/paranamer/paranamer/2.3/paranamer-2.3.jar:/home/runner/.m2/repository/org/apache/hadoop/hadoop-annotations/3.3.1/hadoop-annotations-3.3.1.jar:/usr/lib/jvm/temurin-8-jdk-amd64/jre/../lib/tools.jar:/home/runner/.m2/repository/org/apache/hadoop/hadoop-distcp/3.3.1/hadoop-distcp-3.3.1-tests.jar:/home/runner/.m2/repository/org/apache/ratis/ratis-common/2.2.0/ratis-common-2.2.0.jar:/home/runner/.m2/repository/org/apache/ratis/ratis-thirdparty-misc/0.7.0/ratis-thirdparty-misc-0.7.0.jar:/home/runner/.m2/repository/org/apache/ratis/ratis-proto/2.2.0/ratis-proto-2.2.0.jar:/home/runner/.m2/repository/org/apache/ozone/ozone-annotation-processing/1.3.0-SNAPSHOT/ozone-annotation-processing-1.3.0-SNAPSHOT.jar:"/>
    <property name="sun.cpu.endian" value="little"/>
    <property name="user.home" value="/home/runner"/>
    <property name="user.language" value="en"/>
    <property name="java.specification.vendor" value="Oracle Corporation"/>
    <property name="java.home" value="/usr/lib/jvm/temurin-8-jdk-amd64/jre"/>
    <property name="java.security.krb5.conf" value="/home/runner/work/ozone/ozone/hadoop-ozone/integration-test/target/test-classes/krb5.conf"/>
    <property name="basedir" value="/home/runner/work/ozone/ozone/hadoop-ozone/integration-test"/>
    <property name="file.separator" value="/"/>
    <property name="line.separator" value="&#10;"/>
    <property name="java.vm.specification.vendor" value="Oracle Corporation"/>
    <property name="java.specification.name" value="Java Platform API Specification"/>
    <property name="java.awt.graphicsenv" value="sun.awt.X11GraphicsEnvironment"/>
    <property name="skip.installnpx" value="true"/>
    <property name="surefire.real.class.path" value="/home/runner/work/ozone/ozone/hadoop-ozone/integration-test/target/surefire/surefirebooter1879021947943017064.jar:/home/runner/.m2/repository/org/jacoco/org.jacoco.agent/0.8.5/org.jacoco.agent-0.8.5-runtime.jar"/>
    <property name="hadoop.log.dir" value="/home/runner/work/ozone/ozone/hadoop-ozone/integration-test/target/log"/>
    <property name="sun.boot.class.path" value="/usr/lib/jvm/temurin-8-jdk-amd64/jre/lib/resources.jar:/usr/lib/jvm/temurin-8-jdk-amd64/jre/lib/rt.jar:/usr/lib/jvm/temurin-8-jdk-amd64/jre/lib/sunrsasign.jar:/usr/lib/jvm/temurin-8-jdk-amd64/jre/lib/jsse.jar:/usr/lib/jvm/temurin-8-jdk-amd64/jre/lib/jce.jar:/usr/lib/jvm/temurin-8-jdk-amd64/jre/lib/charsets.jar:/usr/lib/jvm/temurin-8-jdk-amd64/jre/lib/jfr.jar:/usr/lib/jvm/temurin-8-jdk-amd64/jre/classes"/>
    <property name="sun.management.compiler" value="HotSpot 64-Bit Tiered Compilers"/>
    <property name="skip.npx" value="true"/>
    <property name="java.runtime.version" value="1.8.0_322-b06"/>
    <property name="java.net.preferIPv4Stack" value="true"/>
    <property name="user.name" value="runner"/>
    <property name="path.separator" value=":"/>
    <property name="java.security.egd" value="file:///dev/urandom"/>
    <property name="os.version" value="5.4.0-1077-azure"/>
    <property name="java.endorsed.dirs" value="/usr/lib/jvm/temurin-8-jdk-amd64/jre/lib/endorsed"/>
    <property name="java.runtime.name" value="OpenJDK Runtime Environment"/>
    <property name="file.encoding" value="UTF-8"/>
    <property name="java.vm.name" value="OpenJDK 64-Bit Server VM"/>
    <property name="test.build.webapps" value=""/>
    <property name="localRepository" value="/home/runner/.m2/repository"/>
    <property name="jetty.git.hash" value="526006ecfa3af7f1a27ef3a288e2bef7ea9dd7e8"/>
    <property name="java.vendor.url.bug" value="https://github.com/adoptium/adoptium-support/issues"/>
    <property name="java.io.tmpdir" value="/tmp"/>
    <property name="require.test.libhadoop" value=""/>
    <property name="java.version" value="1.8.0_322"/>
    <property name="user.dir" value="/home/runner/work/ozone/ozone/hadoop-ozone/integration-test"/>
    <property name="os.arch" value="amd64"/>
    <property name="java.vm.specification.name" value="Java Virtual Machine Specification"/>
    <property name="test.build.classes" value="/home/runner/work/ozone/ozone/hadoop-ozone/integration-test/target/test-classes"/>
    <property name="java.awt.printerjob" value="sun.print.PSPrinterJob"/>
    <property name="sun.os.patch.level" value="unknown"/>
    <property name="hadoop.tmp.dir" value="/home/runner/work/ozone/ozone/hadoop-ozone/integration-test/target/tmp"/>
    <property name="java.library.path" value="/usr/java/packages/lib/amd64:/usr/lib64:/lib64:/lib:/usr/lib"/>
    <property name="java.vm.info" value="mixed mode"/>
    <property name="java.vendor" value="Temurin"/>
    <property name="java.vm.version" value="25.322-b06"/>
    <property name="java.ext.dirs" value="/usr/lib/jvm/temurin-8-jdk-amd64/jre/lib/ext:/usr/java/packages/lib/ext"/>
    <property name="sun.io.unicode.encoding" value="UnicodeLittle"/>
    <property name="java.class.version" value="52.0"/>
  </properties>
  <testcase name="testReleaseBuffers" classname="org.apache.hadoop.ozone.client.rpc.TestCommitWatcher" time="87.557">
    <error type="java.util.concurrent.ExecutionException"><![CDATA[java.util.concurrent.ExecutionException: org.apache.ratis.protocol.exceptions.AlreadyClosedException: SlidingWindow$Client:client-175CCFC8FCEF->RAFT is closed.
	at java.util.concurrent.CompletableFuture.reportGet(CompletableFuture.java:357)
	at java.util.concurrent.CompletableFuture.get(CompletableFuture.java:1908)
	at org.apache.hadoop.ozone.client.rpc.TestCommitWatcher.testReleaseBuffers(TestCommitWatcher.java:219)
	at sun.reflect.NativeMethodAccessorImpl.invoke0(Native Method)
	at sun.reflect.NativeMethodAccessorImpl.invoke(NativeMethodAccessorImpl.java:62)
	at sun.reflect.DelegatingMethodAccessorImpl.invoke(DelegatingMethodAccessorImpl.java:43)
	at java.lang.reflect.Method.invoke(Method.java:498)
	at org.junit.runners.model.FrameworkMethod$1.runReflectiveCall(FrameworkMethod.java:59)
	at org.junit.internal.runners.model.ReflectiveCallable.run(ReflectiveCallable.java:12)
	at org.junit.runners.model.FrameworkMethod.invokeExplosively(FrameworkMethod.java:56)
	at org.junit.internal.runners.statements.InvokeMethod.evaluate(InvokeMethod.java:17)
	at org.junit.internal.runners.statements.RunBefores.evaluate(RunBefores.java:26)
	at org.junit.internal.runners.statements.RunAfters.evaluate(RunAfters.java:27)
	at org.junit.internal.runners.statements.FailOnTimeout$CallableStatement.call(FailOnTimeout.java:288)
	at org.junit.internal.runners.statements.FailOnTimeout$CallableStatement.call(FailOnTimeout.java:282)
	at java.util.concurrent.FutureTask.run(FutureTask.java:266)
	at java.lang.Thread.run(Thread.java:750)
Caused by: org.apache.ratis.protocol.exceptions.AlreadyClosedException: SlidingWindow$Client:client-175CCFC8FCEF->RAFT is closed.
	at org.apache.ratis.util.SlidingWindow$Client.alreadyClosed(SlidingWindow.java:378)
	at org.apache.ratis.util.SlidingWindow$Client.fail(SlidingWindow.java:366)
	at org.apache.ratis.client.impl.OrderedAsync.failAllAsyncRequests(OrderedAsync.java:148)
	at org.apache.ratis.client.impl.OrderedAsync.handleAsyncRetryFailure(OrderedAsync.java:152)
	at org.apache.ratis.client.impl.OrderedAsync.lambda$sendRequest$10(OrderedAsync.java:253)
	at java.util.concurrent.CompletableFuture.uniExceptionally(CompletableFuture.java:884)
	at java.util.concurrent.CompletableFuture$UniExceptionally.tryFire(CompletableFuture.java:866)
	at java.util.concurrent.CompletableFuture.postComplete(CompletableFuture.java:488)
	at java.util.concurrent.CompletableFuture.completeExceptionally(CompletableFuture.java:1990)
	at org.apache.ratis.grpc.client.GrpcClientProtocolClient$AsyncStreamObservers.completeReplyExceptionally(GrpcClientProtocolClient.java:389)
	at org.apache.ratis.grpc.client.GrpcClientProtocolClient$AsyncStreamObservers.access$000(GrpcClientProtocolClient.java:295)
	at org.apache.ratis.grpc.client.GrpcClientProtocolClient$AsyncStreamObservers$1.onNext(GrpcClientProtocolClient.java:309)
	at org.apache.ratis.grpc.client.GrpcClientProtocolClient$AsyncStreamObservers$1.onNext(GrpcClientProtocolClient.java:300)
	at org.apache.ratis.thirdparty.io.grpc.stub.ClientCalls$StreamObserverToCallListenerAdapter.onMessage(ClientCalls.java:465)
	at org.apache.ratis.thirdparty.io.grpc.ForwardingClientCallListener.onMessage(ForwardingClientCallListener.java:33)
	at org.apache.ratis.thirdparty.io.grpc.internal.DelayedClientCall$DelayedListener.onMessage(DelayedClientCall.java:447)
	at org.apache.ratis.thirdparty.io.grpc.internal.ClientCallImpl$ClientStreamListenerImpl$1MessagesAvailable.runInternal(ClientCallImpl.java:715)
	at org.apache.ratis.thirdparty.io.grpc.internal.ClientCallImpl$ClientStreamListenerImpl$1MessagesAvailable.runInContext(ClientCallImpl.java:700)
	at org.apache.ratis.thirdparty.io.grpc.internal.ContextRunnable.run(ContextRunnable.java:37)
	at org.apache.ratis.thirdparty.io.grpc.internal.SerializingExecutor.run(SerializingExecutor.java:123)
	at java.util.concurrent.ThreadPoolExecutor.runWorker(ThreadPoolExecutor.java:1149)
	at java.util.concurrent.ThreadPoolExecutor$Worker.run(ThreadPoolExecutor.java:624)
	... 1 more
Caused by: org.apache.ratis.protocol.exceptions.RaftRetryFailureException: Failed RaftClientRequest:client-175CCFC8FCEF->ab92dd13-3a3c-494a-a601-0001755b8ba9@group-C4D4B86834AA, cid=14, seq=1*, Watch(0), null for 3 attempts with RequestTypeDependentRetryPolicy{WRITE->org.apache.ratis.retry.ExceptionDependentRetry@7499c694, WATCH->org.apache.ratis.retry.ExceptionDependentRetry@78d77f7}
	at org.apache.ratis.client.impl.RaftClientImpl.noMoreRetries(RaftClientImpl.java:272)
	... 20 more
Caused by: org.apache.ratis.protocol.exceptions.NotLeaderException: Server ab92dd13-3a3c-494a-a601-0001755b8ba9@group-C4D4B86834AA is not the leader
	at org.apache.ratis.client.impl.ClientProtoUtils.toRaftClientReply(ClientProtoUtils.java:378)
	at org.apache.ratis.grpc.client.GrpcClientProtocolClient$AsyncStreamObservers$1.onNext(GrpcClientProtocolClient.java:305)
	... 11 more
]]></error>
    <system-out><![CDATA[2022-04-28 13:45:04,468 [Time-limited test] WARN  server.ServerUtils (ServerUtils.java:getScmDbDir(148)) - ozone.scm.db.dirs is not configured. We recommend adding this setting. Falling back to ozone.metadata.dirs instead.
2022-04-28 13:45:04,524 [Time-limited test] INFO  ha.SCMHANodeDetails (SCMHANodeDetails.java:loadSCMHAConfig(157)) - ServiceID for StorageContainerManager is null
2022-04-28 13:45:04,524 [Time-limited test] INFO  ha.SCMHANodeDetails (SCMHANodeDetails.java:loadSCMHAConfig(162)) - ozone.scm.default.service.id is not defined, falling back to ozone.scm.service.ids to find serviceID for StorageContainerManager if it is HA enabled cluster
2022-04-28 13:45:04,722 [Time-limited test] INFO  server.RaftServer (ConfUtils.java:logGet(44)) - raft.rpc.type = GRPC (default)
2022-04-28 13:45:04,815 [Time-limited test] INFO  grpc.GrpcFactory (GrpcFactory.java:checkPooledByteBufAllocatorUseCacheForAllThreads(48)) - PERFORMANCE WARNING: useCacheForAllThreads is true that may cause Netty to create a lot garbage objects and, as a result, trigger GC.
	It is recommended to disable useCacheForAllThreads by setting -Dorg.apache.ratis.thirdparty.io.netty.allocator.useCacheForAllThreads=false in command line.
2022-04-28 13:45:04,820 [Time-limited test] INFO  grpc.GrpcConfigKeys (ConfUtils.java:logGet(44)) - raft.grpc.admin.port = -1 (default)
2022-04-28 13:45:04,820 [Time-limited test] INFO  grpc.GrpcConfigKeys (ConfUtils.java:logGet(44)) - raft.grpc.server.port = 9894 (custom)
2022-04-28 13:45:04,821 [Time-limited test] INFO  grpc.GrpcConfigKeys (ConfUtils.java:logGet(44)) - raft.grpc.client.port = -1 (default)
2022-04-28 13:45:04,821 [Time-limited test] INFO  grpc.GrpcConfigKeys (ConfUtils.java:logGet(44)) - raft.grpc.server.port = 9894 (custom)
2022-04-28 13:45:04,822 [Time-limited test] INFO  grpc.GrpcConfigKeys (ConfUtils.java:logGet(44)) - raft.grpc.server.port = 9894 (custom)
2022-04-28 13:45:04,822 [Time-limited test] INFO  server.GrpcService (ConfUtils.java:logGet(44)) - raft.grpc.message.size.max = 32m (=33554432) (custom)
2022-04-28 13:45:04,824 [Time-limited test] INFO  server.RaftServerConfigKeys (ConfUtils.java:logGet(44)) - raft.server.log.appender.buffer.byte-limit = 33554432 (custom)
2022-04-28 13:45:04,825 [Time-limited test] INFO  server.GrpcService (ConfUtils.java:logGet(44)) - raft.grpc.flow.control.window = 1MB (=1048576) (default)
2022-04-28 13:45:04,826 [Time-limited test] INFO  server.RaftServerConfigKeys (ConfUtils.java:logGet(44)) - raft.server.rpc.request.timeout = 30000ms (custom)
2022-04-28 13:45:05,190 [Time-limited test] INFO  impl.DataStreamServerImpl (ConfUtils.java:logGet(44)) - raft.datastream.type = DISABLED (default)
2022-04-28 13:45:05,192 [Time-limited test] INFO  server.RaftServerConfigKeys (ConfUtils.java:logGet(44)) - raft.server.rpc.slowness.timeout = 120000ms (custom)
2022-04-28 13:45:05,194 [Time-limited test] INFO  server.RaftServerConfigKeys (ConfUtils.java:logGet(44)) - raft.server.leaderelection.leader.step-down.wait-time = 10s (default)
2022-04-28 13:45:05,212 [Time-limited test] INFO  server.RaftServerConfigKeys (ConfUtils.java:logGet(44)) - raft.server.storage.dir = [/home/runner/work/ozone/ozone/hadoop-ozone/integration-test/target/test-dir/MiniOzoneClusterImpl-961b773a-55ec-4776-b588-5de87e184680/ozone-meta/scm-ha] (custom)
2022-04-28 13:45:05,219 [Time-limited test] INFO  server.RaftServer (RaftServerProxy.java:addNew(95)) - 128f2034-ac44-458c-9192-ab2b916273b9: addNew group-5DE87E184680:[128f2034-ac44-458c-9192-ab2b916273b9|rpc:fv-az294-869:9894|priority:0] returns group-5DE87E184680:java.util.concurrent.CompletableFuture@3973f9[Not completed]
2022-04-28 13:45:05,242 [pool-2-thread-1] INFO  server.RaftServer$Division (RaftServerImpl.java:<init>(184)) - 128f2034-ac44-458c-9192-ab2b916273b9: new RaftServerImpl for group-5DE87E184680:[128f2034-ac44-458c-9192-ab2b916273b9|rpc:fv-az294-869:9894|priority:0] with SCMStateMachine:uninitialized
2022-04-28 13:45:05,244 [pool-2-thread-1] INFO  server.RaftServerConfigKeys (ConfUtils.java:logGet(44)) - raft.server.rpc.timeout.min = 5000ms (custom)
2022-04-28 13:45:05,245 [pool-2-thread-1] INFO  server.RaftServerConfigKeys (ConfUtils.java:logGet(44)) - raft.server.rpc.timeout.max = 5200ms (custom)
2022-04-28 13:45:05,245 [pool-2-thread-1] INFO  server.RaftServerConfigKeys (ConfUtils.java:logGet(44)) - raft.server.rpc.sleep.time = 25ms (default)
2022-04-28 13:45:05,245 [pool-2-thread-1] INFO  server.RaftServerConfigKeys (ConfUtils.java:logGet(44)) - raft.server.rpc.slowness.timeout = 120000ms (custom)
2022-04-28 13:45:05,246 [pool-2-thread-1] INFO  server.RaftServerConfigKeys (ConfUtils.java:logGet(44)) - raft.server.leaderelection.leader.step-down.wait-time = 10s (default)
2022-04-28 13:45:05,246 [pool-2-thread-1] INFO  server.RaftServerConfigKeys (ConfUtils.java:logGet(44)) - raft.server.sleep.deviation.threshold = 300ms (default)
2022-04-28 13:45:05,247 [pool-2-thread-1] INFO  server.RaftServerConfigKeys (ConfUtils.java:logGet(44)) - raft.server.log.appender.install.snapshot.enabled = false (custom)
2022-04-28 13:45:05,253 [pool-2-thread-1] INFO  server.RaftServer$Division (ServerState.java:<init>(105)) - 128f2034-ac44-458c-9192-ab2b916273b9@group-5DE87E184680: ConfigurationManager, init=-1: [128f2034-ac44-458c-9192-ab2b916273b9|rpc:fv-az294-869:9894|priority:0], old=null, confs=<EMPTY_MAP>
2022-04-28 13:45:05,253 [pool-2-thread-1] INFO  server.RaftServerConfigKeys (ConfUtils.java:logGet(44)) - raft.server.storage.dir = [/home/runner/work/ozone/ozone/hadoop-ozone/integration-test/target/test-dir/MiniOzoneClusterImpl-961b773a-55ec-4776-b588-5de87e184680/ozone-meta/scm-ha] (custom)
2022-04-28 13:45:05,259 [pool-2-thread-1] INFO  server.RaftServerConfigKeys (ConfUtils.java:logGet(44)) - raft.server.log.corruption.policy = EXCEPTION (default)
2022-04-28 13:45:05,260 [pool-2-thread-1] INFO  server.RaftServerConfigKeys (ConfUtils.java:logGet(44)) - raft.server.storage.free-space.min = 0MB (=0) (default)
2022-04-28 13:45:05,261 [pool-2-thread-1] INFO  storage.RaftStorageDirectory (RaftStorageDirectoryImpl.java:analyzeStorage(135)) - The storage directory /home/runner/work/ozone/ozone/hadoop-ozone/integration-test/target/test-dir/MiniOzoneClusterImpl-961b773a-55ec-4776-b588-5de87e184680/ozone-meta/scm-ha/961b773a-55ec-4776-b588-5de87e184680 does not exist. Creating ...
2022-04-28 13:45:05,268 [pool-2-thread-1] INFO  storage.RaftStorageDirectory (RaftStorageDirectoryImpl.java:tryLock(230)) - Lock on /home/runner/work/ozone/ozone/hadoop-ozone/integration-test/target/test-dir/MiniOzoneClusterImpl-961b773a-55ec-4776-b588-5de87e184680/ozone-meta/scm-ha/961b773a-55ec-4776-b588-5de87e184680/in_use.lock acquired by nodename 9841@fv-az294-869
2022-04-28 13:45:05,277 [pool-2-thread-1] INFO  storage.RaftStorage (RaftStorageImpl.java:format(89)) - Storage directory /home/runner/work/ozone/ozone/hadoop-ozone/integration-test/target/test-dir/MiniOzoneClusterImpl-961b773a-55ec-4776-b588-5de87e184680/ozone-meta/scm-ha/961b773a-55ec-4776-b588-5de87e184680 has been successfully formatted.
2022-04-28 13:45:05,281 [pool-2-thread-1] INFO  server.RaftServerConfigKeys (ConfUtils.java:logGet(44)) - raft.server.notification.no-leader.timeout = 60s (default)
2022-04-28 13:45:05,283 [pool-2-thread-1] INFO  server.RaftServerConfigKeys (ConfUtils.java:logGet(44)) - raft.server.log.use.memory = false (default)
2022-04-28 13:45:05,293 [pool-2-thread-1] INFO  server.RaftServerConfigKeys (ConfUtils.java:logGet(44)) - raft.server.log.purge.gap = 1000000 (custom)
2022-04-28 13:45:05,293 [pool-2-thread-1] INFO  server.RaftServerConfigKeys (ConfUtils.java:logGet(44)) - raft.server.log.appender.buffer.byte-limit = 33554432 (custom)
2022-04-28 13:45:05,303 [pool-2-thread-1] INFO  metrics.MetricRegistries (MetricRegistriesLoader.java:load(64)) - Loaded MetricRegistries class org.apache.ratis.metrics.impl.MetricRegistriesImpl
2022-04-28 13:45:05,386 [pool-2-thread-1] INFO  server.RaftServerConfigKeys (ConfUtils.java:logGet(44)) - raft.server.log.segment.size.max = 4194304 (custom)
2022-04-28 13:45:05,398 [pool-2-thread-1] INFO  server.RaftServerConfigKeys (ConfUtils.java:logGet(44)) - raft.server.log.segment.cache.num.max = 2 (custom)
2022-04-28 13:45:05,399 [pool-2-thread-1] INFO  server.RaftServerConfigKeys (ConfUtils.java:logGet(44)) - raft.server.log.segment.cache.size.max = 200MB (=209715200) (default)
2022-04-28 13:45:05,405 [pool-2-thread-1] INFO  segmented.SegmentedRaftLogWorker (SegmentedRaftLogWorker.java:<init>(182)) - new 128f2034-ac44-458c-9192-ab2b916273b9@group-5DE87E184680-SegmentedRaftLogWorker for RaftStorageImpl:Storage Directory /home/runner/work/ozone/ozone/hadoop-ozone/integration-test/target/test-dir/MiniOzoneClusterImpl-961b773a-55ec-4776-b588-5de87e184680/ozone-meta/scm-ha/961b773a-55ec-4776-b588-5de87e184680
2022-04-28 13:45:05,406 [pool-2-thread-1] INFO  server.RaftServerConfigKeys (ConfUtils.java:logGet(44)) - raft.server.log.queue.byte-limit = 64MB (=67108864) (default)
2022-04-28 13:45:05,407 [pool-2-thread-1] INFO  server.RaftServerConfigKeys (ConfUtils.java:logGet(44)) - raft.server.log.queue.element-limit = 4096 (default)
2022-04-28 13:45:05,408 [pool-2-thread-1] INFO  server.RaftServerConfigKeys (ConfUtils.java:logGet(44)) - raft.server.log.segment.size.max = 4194304 (custom)
2022-04-28 13:45:05,409 [pool-2-thread-1] INFO  server.RaftServerConfigKeys (ConfUtils.java:logGet(44)) - raft.server.log.preallocated.size = 4194304 (custom)
2022-04-28 13:45:05,410 [pool-2-thread-1] INFO  server.RaftServerConfigKeys (ConfUtils.java:logGet(44)) - raft.server.log.force.sync.num = 128 (default)
2022-04-28 13:45:05,412 [pool-2-thread-1] INFO  server.RaftServerConfigKeys (ConfUtils.java:logGet(44)) - raft.server.log.statemachine.data.sync = true (default)
2022-04-28 13:45:05,412 [pool-2-thread-1] INFO  server.RaftServerConfigKeys (ConfUtils.java:logGet(44)) - raft.server.log.statemachine.data.sync.timeout = 10s (default)
2022-04-28 13:45:05,413 [pool-2-thread-1] INFO  server.RaftServerConfigKeys (ConfUtils.java:logGet(44)) - raft.server.log.statemachine.data.sync.timeout.retry = -1 (default)
2022-04-28 13:45:05,423 [pool-2-thread-1] INFO  server.RaftServerConfigKeys (ConfUtils.java:logGet(44)) - raft.server.log.write.buffer.size = 64KB (=65536) (default)
2022-04-28 13:45:05,425 [pool-2-thread-1] INFO  server.RaftServerConfigKeys (ConfUtils.java:logGet(44)) - raft.server.log.statemachine.data.caching.enabled = false (default)
2022-04-28 13:45:05,432 [pool-2-thread-1] INFO  segmented.SegmentedRaftLogWorker (SegmentedRaftLogWorker.java:lambda$new$0(133)) - 128f2034-ac44-458c-9192-ab2b916273b9@group-5DE87E184680-SegmentedRaftLogWorker: flushIndex: setUnconditionally 0 -> -1
2022-04-28 13:45:05,433 [pool-2-thread-1] INFO  segmented.SegmentedRaftLogWorker (SegmentedRaftLogWorker.java:lambda$new$0(133)) - 128f2034-ac44-458c-9192-ab2b916273b9@group-5DE87E184680-SegmentedRaftLogWorker: safeCacheEvictIndex: setUnconditionally 0 -> -1
2022-04-28 13:45:05,438 [pool-2-thread-1] INFO  server.RaftServerConfigKeys (ConfUtils.java:logGet(44)) - raft.server.snapshot.auto.trigger.enabled = true (custom)
2022-04-28 13:45:05,440 [pool-2-thread-1] INFO  server.RaftServerConfigKeys (ConfUtils.java:logGet(44)) - raft.server.snapshot.auto.trigger.threshold = 1000 (custom)
2022-04-28 13:45:05,441 [pool-2-thread-1] INFO  server.RaftServerConfigKeys (ConfUtils.java:logGet(44)) - raft.server.snapshot.retention.file.num = -1 (default)
2022-04-28 13:45:05,442 [pool-2-thread-1] INFO  server.RaftServerConfigKeys (ConfUtils.java:logGet(44)) - raft.server.log.purge.upto.snapshot.index = false (default)
2022-04-28 13:45:05,444 [pool-2-thread-1] INFO  server.RaftServerConfigKeys (ConfUtils.java:logGet(44)) - raft.server.retrycache.expirytime = 60000ms (default)
2022-04-28 13:45:05,444 [pool-2-thread-1] INFO  server.RaftServerConfigKeys (ConfUtils.java:logGet(44)) - raft.server.retrycache.statistics.expirytime = 100μs (default)
2022-04-28 13:45:05,498 [Time-limited test] INFO  server.RaftServer$Division (RaftServerImpl.java:start(301)) - 128f2034-ac44-458c-9192-ab2b916273b9@group-5DE87E184680: start as a follower, conf=-1: [128f2034-ac44-458c-9192-ab2b916273b9|rpc:fv-az294-869:9894|priority:0], old=null
2022-04-28 13:45:05,500 [Time-limited test] INFO  server.RaftServer$Division (RaftServerImpl.java:setRole(290)) - 128f2034-ac44-458c-9192-ab2b916273b9@group-5DE87E184680: changes role from      null to FOLLOWER at term 0 for startAsFollower
2022-04-28 13:45:05,501 [Time-limited test] INFO  impl.RoleInfo (RoleInfo.java:updateAndGet(130)) - 128f2034-ac44-458c-9192-ab2b916273b9: start 128f2034-ac44-458c-9192-ab2b916273b9@group-5DE87E184680-FollowerState
2022-04-28 13:45:05,509 [Time-limited test] INFO  util.JmxRegister (JmxRegister.java:tryRegister(44)) - Successfully registered JMX Bean with object name Ratis:service=RaftServer,group=group-5DE87E184680,id=128f2034-ac44-458c-9192-ab2b916273b9
2022-04-28 13:45:05,512 [Time-limited test] INFO  server.RaftServer (RaftServerProxy.java:lambda$start$5(374)) - 128f2034-ac44-458c-9192-ab2b916273b9: start RPC server
2022-04-28 13:45:05,583 [Time-limited test] INFO  server.GrpcService (GrpcService.java:startImpl(253)) - 128f2034-ac44-458c-9192-ab2b916273b9: GrpcService started, listening on 9894
2022-04-28 13:45:05,585 [org.apache.ratis.util.JvmPauseMonitor$$Lambda$468/1104361616@edcc591] INFO  util.JvmPauseMonitor (JvmPauseMonitor.java:run(103)) - JvmPauseMonitor-128f2034-ac44-458c-9192-ab2b916273b9: Started
2022-04-28 13:45:10,565 [128f2034-ac44-458c-9192-ab2b916273b9@group-5DE87E184680-FollowerState] INFO  impl.FollowerState (FollowerState.java:run(134)) - 128f2034-ac44-458c-9192-ab2b916273b9@group-5DE87E184680-FollowerState: change to CANDIDATE, lastRpcElapsedTime:5063846820ns, electionTimeout:5055ms
2022-04-28 13:45:10,566 [128f2034-ac44-458c-9192-ab2b916273b9@group-5DE87E184680-FollowerState] INFO  impl.RoleInfo (RoleInfo.java:shutdownFollowerState(108)) - 128f2034-ac44-458c-9192-ab2b916273b9: shutdown 128f2034-ac44-458c-9192-ab2b916273b9@group-5DE87E184680-FollowerState
2022-04-28 13:45:10,567 [128f2034-ac44-458c-9192-ab2b916273b9@group-5DE87E184680-FollowerState] INFO  server.RaftServer$Division (RaftServerImpl.java:setRole(290)) - 128f2034-ac44-458c-9192-ab2b916273b9@group-5DE87E184680: changes role from  FOLLOWER to CANDIDATE at term 0 for changeToCandidate
2022-04-28 13:45:10,570 [128f2034-ac44-458c-9192-ab2b916273b9@group-5DE87E184680-FollowerState] INFO  server.RaftServerConfigKeys (ConfUtils.java:logGet(44)) - raft.server.leaderelection.pre-vote = false (custom)
2022-04-28 13:45:10,570 [128f2034-ac44-458c-9192-ab2b916273b9@group-5DE87E184680-FollowerState] INFO  impl.RoleInfo (RoleInfo.java:updateAndGet(130)) - 128f2034-ac44-458c-9192-ab2b916273b9: start 128f2034-ac44-458c-9192-ab2b916273b9@group-5DE87E184680-LeaderElection1
2022-04-28 13:45:10,575 [128f2034-ac44-458c-9192-ab2b916273b9@group-5DE87E184680-LeaderElection1] INFO  impl.LeaderElection (LeaderElection.java:askForVotes(306)) - 128f2034-ac44-458c-9192-ab2b916273b9@group-5DE87E184680-LeaderElection1 ELECTION round 0: submit vote requests at term 1 for -1: [128f2034-ac44-458c-9192-ab2b916273b9|rpc:fv-az294-869:9894|priority:0], old=null
2022-04-28 13:45:10,576 [128f2034-ac44-458c-9192-ab2b916273b9@group-5DE87E184680-LeaderElection1] INFO  impl.LeaderElection (LeaderElection.java:askForVotes(308)) - 128f2034-ac44-458c-9192-ab2b916273b9@group-5DE87E184680-LeaderElection1 ELECTION round 0: result PASSED (term=1)
2022-04-28 13:45:10,576 [128f2034-ac44-458c-9192-ab2b916273b9@group-5DE87E184680-LeaderElection1] INFO  impl.RoleInfo (RoleInfo.java:shutdownLeaderElection(121)) - 128f2034-ac44-458c-9192-ab2b916273b9: shutdown 128f2034-ac44-458c-9192-ab2b916273b9@group-5DE87E184680-LeaderElection1
2022-04-28 13:45:10,577 [128f2034-ac44-458c-9192-ab2b916273b9@group-5DE87E184680-LeaderElection1] INFO  server.RaftServer$Division (RaftServerImpl.java:setRole(290)) - 128f2034-ac44-458c-9192-ab2b916273b9@group-5DE87E184680: changes role from CANDIDATE to LEADER at term 1 for changeToLeader
2022-04-28 13:45:10,577 [128f2034-ac44-458c-9192-ab2b916273b9@group-5DE87E184680-LeaderElection1] INFO  server.RaftServer$Division (ServerState.java:setLeader(285)) - 128f2034-ac44-458c-9192-ab2b916273b9@group-5DE87E184680: change Leader from null to 128f2034-ac44-458c-9192-ab2b916273b9 at term 1 for becomeLeader, leader elected after 5296ms
2022-04-28 13:45:10,583 [128f2034-ac44-458c-9192-ab2b916273b9@group-5DE87E184680-LeaderElection1] INFO  server.RaftServerConfigKeys (ConfUtils.java:logGet(44)) - raft.server.staging.catchup.gap = 1000 (default)
2022-04-28 13:45:10,600 [128f2034-ac44-458c-9192-ab2b916273b9@group-5DE87E184680-LeaderElection1] INFO  server.RaftServerConfigKeys (ConfUtils.java:logGet(44)) - raft.server.write.element-limit = 4096 (default)
2022-04-28 13:45:10,601 [128f2034-ac44-458c-9192-ab2b916273b9@group-5DE87E184680-LeaderElection1] INFO  server.RaftServerConfigKeys (ConfUtils.java:logGet(44)) - raft.server.write.byte-limit = 64MB (=67108864) (default)
2022-04-28 13:45:10,609 [128f2034-ac44-458c-9192-ab2b916273b9@group-5DE87E184680-LeaderElection1] INFO  server.RaftServerConfigKeys (ConfUtils.java:logGet(44)) - raft.server.watch.timeout = 10s (default)
2022-04-28 13:45:10,609 [128f2034-ac44-458c-9192-ab2b916273b9@group-5DE87E184680-LeaderElection1] INFO  server.RaftServerConfigKeys (ConfUtils.java:logGet(44)) - raft.server.watch.timeout.denomination = 1s (default)
2022-04-28 13:45:10,610 [128f2034-ac44-458c-9192-ab2b916273b9@group-5DE87E184680-LeaderElection1] INFO  server.RaftServerConfigKeys (ConfUtils.java:logGet(44)) - raft.server.watch.element-limit = 65536 (default)
2022-04-28 13:45:10,614 [128f2034-ac44-458c-9192-ab2b916273b9@group-5DE87E184680-LeaderElection1] INFO  server.RaftServerConfigKeys (ConfUtils.java:logGet(44)) - raft.server.write.element-limit = 4096 (default)
2022-04-28 13:45:10,616 [128f2034-ac44-458c-9192-ab2b916273b9@group-5DE87E184680-LeaderElection1] INFO  server.RaftServerConfigKeys (ConfUtils.java:logGet(44)) - raft.server.write.follower.gap.ratio.max = -1.0 (default)
2022-04-28 13:45:10,620 [128f2034-ac44-458c-9192-ab2b916273b9@group-5DE87E184680-LeaderElection1] INFO  impl.RoleInfo (RoleInfo.java:updateAndGet(130)) - 128f2034-ac44-458c-9192-ab2b916273b9: start 128f2034-ac44-458c-9192-ab2b916273b9@group-5DE87E184680-LeaderStateImpl
2022-04-28 13:45:10,644 [128f2034-ac44-458c-9192-ab2b916273b9@group-5DE87E184680-LeaderElection1] INFO  segmented.SegmentedRaftLogWorker (SegmentedRaftLogWorker.java:startLogSegment(394)) - 128f2034-ac44-458c-9192-ab2b916273b9@group-5DE87E184680-SegmentedRaftLogWorker: Starting segment from index:0
2022-04-28 13:45:10,670 [128f2034-ac44-458c-9192-ab2b916273b9@group-5DE87E184680-LeaderElection1] INFO  server.RaftServer$Division (ServerState.java:setRaftConf(387)) - 128f2034-ac44-458c-9192-ab2b916273b9@group-5DE87E184680: set configuration 0: [128f2034-ac44-458c-9192-ab2b916273b9|rpc:fv-az294-869:9894|admin:|client:|dataStream:|priority:0], old=null
2022-04-28 13:45:10,736 [128f2034-ac44-458c-9192-ab2b916273b9@group-5DE87E184680-SegmentedRaftLogWorker] INFO  segmented.SegmentedRaftLogWorker (SegmentedRaftLogWorker.java:execute(601)) - 128f2034-ac44-458c-9192-ab2b916273b9@group-5DE87E184680-SegmentedRaftLogWorker: created new log segment /home/runner/work/ozone/ozone/hadoop-ozone/integration-test/target/test-dir/MiniOzoneClusterImpl-961b773a-55ec-4776-b588-5de87e184680/ozone-meta/scm-ha/961b773a-55ec-4776-b588-5de87e184680/current/log_inprogress_0
2022-04-28 13:45:11,587 [Time-limited test] INFO  server.RaftServer (RaftServerProxy.java:lambda$close$6(391)) - 128f2034-ac44-458c-9192-ab2b916273b9: close
2022-04-28 13:45:11,588 [Time-limited test] INFO  server.RaftServer$Division (RaftServerImpl.java:lambda$close$4(412)) - 128f2034-ac44-458c-9192-ab2b916273b9@group-5DE87E184680: shutdown
2022-04-28 13:45:11,589 [Time-limited test] INFO  util.JmxRegister (JmxRegister.java:unregister(73)) - Successfully un-registered JMX Bean with object name Ratis:service=RaftServer,group=group-5DE87E184680,id=128f2034-ac44-458c-9192-ab2b916273b9
2022-04-28 13:45:11,589 [Time-limited test] INFO  impl.RoleInfo (RoleInfo.java:shutdownLeaderState(91)) - 128f2034-ac44-458c-9192-ab2b916273b9: shutdown 128f2034-ac44-458c-9192-ab2b916273b9@group-5DE87E184680-LeaderStateImpl
2022-04-28 13:45:11,595 [Time-limited test] INFO  impl.PendingRequests (PendingRequests.java:sendNotLeaderResponses(282)) - 128f2034-ac44-458c-9192-ab2b916273b9@group-5DE87E184680-PendingRequests: sendNotLeaderResponses
2022-04-28 13:45:11,597 [Time-limited test] INFO  impl.StateMachineUpdater (StateMachineUpdater.java:stopAndJoin(149)) - 128f2034-ac44-458c-9192-ab2b916273b9@group-5DE87E184680-StateMachineUpdater: set stopIndex = 0
2022-04-28 13:45:11,598 [128f2034-ac44-458c-9192-ab2b916273b9@group-5DE87E184680-StateMachineUpdater] INFO  impl.StateMachineUpdater (StateMachineUpdater.java:takeSnapshot(281)) - 128f2034-ac44-458c-9192-ab2b916273b9@group-5DE87E184680-StateMachineUpdater: Took a snapshot at index 0
2022-04-28 13:45:11,598 [128f2034-ac44-458c-9192-ab2b916273b9@group-5DE87E184680-StateMachineUpdater] INFO  impl.StateMachineUpdater (StateMachineUpdater.java:lambda$new$0(89)) - 128f2034-ac44-458c-9192-ab2b916273b9@group-5DE87E184680-StateMachineUpdater: snapshotIndex: updateIncreasingly -1 -> 0
2022-04-28 13:45:11,601 [Time-limited test] INFO  server.RaftServer$Division (ServerState.java:close(419)) - 128f2034-ac44-458c-9192-ab2b916273b9@group-5DE87E184680: closes. applyIndex: 0
2022-04-28 13:45:11,602 [128f2034-ac44-458c-9192-ab2b916273b9@group-5DE87E184680-SegmentedRaftLogWorker] INFO  segmented.SegmentedRaftLogWorker (SegmentedRaftLogWorker.java:run(327)) - 128f2034-ac44-458c-9192-ab2b916273b9@group-5DE87E184680-SegmentedRaftLogWorker was interrupted, exiting. There are 0 tasks remaining in the queue.
2022-04-28 13:45:11,603 [Time-limited test] INFO  segmented.SegmentedRaftLogWorker (SegmentedRaftLogWorker.java:close(237)) - 128f2034-ac44-458c-9192-ab2b916273b9@group-5DE87E184680-SegmentedRaftLogWorker close()
2022-04-28 13:45:11,604 [Time-limited test] INFO  server.GrpcService (GrpcService.java:closeImpl(262)) - 128f2034-ac44-458c-9192-ab2b916273b9: shutdown server with port 9894 now
2022-04-28 13:45:11,610 [Time-limited test] INFO  server.GrpcService (GrpcService.java:closeImpl(271)) - 128f2034-ac44-458c-9192-ab2b916273b9: shutdown server with port 9894 successfully
2022-04-28 13:45:11,611 [org.apache.ratis.util.JvmPauseMonitor$$Lambda$468/1104361616@edcc591] INFO  util.JvmPauseMonitor (JvmPauseMonitor.java:run(109)) - JvmPauseMonitor-128f2034-ac44-458c-9192-ab2b916273b9: Stopped
2022-04-28 13:45:11,638 [Time-limited test] INFO  ha.SCMHANodeDetails (SCMHANodeDetails.java:loadSCMHAConfig(157)) - ServiceID for StorageContainerManager is null
2022-04-28 13:45:11,638 [Time-limited test] INFO  ha.SCMHANodeDetails (SCMHANodeDetails.java:loadSCMHAConfig(162)) - ozone.scm.default.service.id is not defined, falling back to ozone.scm.service.ids to find serviceID for StorageContainerManager if it is HA enabled cluster
2022-04-28 13:45:11,660 [Time-limited test] WARN  server.ServerUtils (ServerUtils.java:getScmDbDir(148)) - ozone.scm.db.dirs is not configured. We recommend adding this setting. Falling back to ozone.metadata.dirs instead.
2022-04-28 13:45:11,662 [Time-limited test] INFO  upgrade.AbstractLayoutVersionManager (AbstractLayoutVersionManager.java:init(79)) - Initializing Layout version manager with metadata layout = ERASURE_CODED_STORAGE_SUPPORT (version = 3), software layout = ERASURE_CODED_STORAGE_SUPPORT (version = 3)
2022-04-28 13:45:11,795 [Time-limited test] INFO  reflections.Reflections (Reflections.java:scan(232)) - Reflections took 107 ms to scan 7 urls, producing 126 keys and 287 values 
2022-04-28 13:45:12,213 [Time-limited test] WARN  utils.HAUtils (HAUtils.java:getMetaDir(342)) - ozone.scm.db.dirs is not configured. We recommend adding this setting. Falling back to ozone.metadata.dirs instead.
2022-04-28 13:45:12,343 [Time-limited test] WARN  db.DBStoreBuilder (DBStoreBuilder.java:applyDBDefinition(145)) - ozone.scm.db.dirs is not configured. We recommend adding this setting. Falling back to ozone.metadata.dirs instead.
2022-04-28 13:45:12,506 [Time-limited test] INFO  net.NodeSchemaLoader (NodeSchemaLoader.java:loadSchemaFromFile(129)) - Loading schema from [jar:file:/home/runner/.m2/repository/org/apache/ozone/hdds-common/1.3.0-SNAPSHOT/hdds-common-1.3.0-SNAPSHOT.jar!/network-topology-default.xml]
2022-04-28 13:45:12,507 [Time-limited test] INFO  net.NodeSchemaLoader (NodeSchemaLoader.java:loadSchema(176)) - Loading network topology layer schema file
2022-04-28 13:45:12,557 [Time-limited test] INFO  ha.SCMRatisServerImpl (SCMRatisServerImpl.java:<init>(88)) - starting Raft server for scm:128f2034-ac44-458c-9192-ab2b916273b9
2022-04-28 13:45:12,561 [Time-limited test] INFO  server.RaftServer (ConfUtils.java:logGet(44)) - raft.rpc.type = GRPC (default)
2022-04-28 13:45:12,562 [Time-limited test] INFO  grpc.GrpcFactory (GrpcFactory.java:checkPooledByteBufAllocatorUseCacheForAllThreads(48)) - PERFORMANCE WARNING: useCacheForAllThreads is true that may cause Netty to create a lot garbage objects and, as a result, trigger GC.
	It is recommended to disable useCacheForAllThreads by setting -Dorg.apache.ratis.thirdparty.io.netty.allocator.useCacheForAllThreads=false in command line.
2022-04-28 13:45:12,562 [Time-limited test] INFO  grpc.GrpcConfigKeys (ConfUtils.java:logGet(44)) - raft.grpc.admin.port = -1 (default)
2022-04-28 13:45:12,562 [Time-limited test] INFO  grpc.GrpcConfigKeys (ConfUtils.java:logGet(44)) - raft.grpc.server.port = 9894 (custom)
2022-04-28 13:45:12,562 [Time-limited test] INFO  grpc.GrpcConfigKeys (ConfUtils.java:logGet(44)) - raft.grpc.client.port = -1 (default)
2022-04-28 13:45:12,562 [Time-limited test] INFO  grpc.GrpcConfigKeys (ConfUtils.java:logGet(44)) - raft.grpc.server.port = 9894 (custom)
2022-04-28 13:45:12,562 [Time-limited test] INFO  grpc.GrpcConfigKeys (ConfUtils.java:logGet(44)) - raft.grpc.server.port = 9894 (custom)
2022-04-28 13:45:12,563 [Time-limited test] INFO  server.GrpcService (ConfUtils.java:logGet(44)) - raft.grpc.message.size.max = 32m (=33554432) (custom)
2022-04-28 13:45:12,563 [Time-limited test] INFO  server.RaftServerConfigKeys (ConfUtils.java:logGet(44)) - raft.server.log.appender.buffer.byte-limit = 33554432 (custom)
2022-04-28 13:45:12,563 [Time-limited test] INFO  server.GrpcService (ConfUtils.java:logGet(44)) - raft.grpc.flow.control.window = 1MB (=1048576) (default)
2022-04-28 13:45:12,563 [Time-limited test] INFO  server.RaftServerConfigKeys (ConfUtils.java:logGet(44)) - raft.server.rpc.request.timeout = 30000ms (custom)
2022-04-28 13:45:12,565 [Time-limited test] INFO  impl.DataStreamServerImpl (ConfUtils.java:logGet(44)) - raft.datastream.type = DISABLED (default)
2022-04-28 13:45:12,565 [Time-limited test] INFO  server.RaftServerConfigKeys (ConfUtils.java:logGet(44)) - raft.server.rpc.slowness.timeout = 120000ms (custom)
2022-04-28 13:45:12,565 [Time-limited test] INFO  server.RaftServerConfigKeys (ConfUtils.java:logGet(44)) - raft.server.leaderelection.leader.step-down.wait-time = 10s (default)
2022-04-28 13:45:12,565 [Time-limited test] INFO  server.RaftServerConfigKeys (ConfUtils.java:logGet(44)) - raft.server.storage.dir = [/home/runner/work/ozone/ozone/hadoop-ozone/integration-test/target/test-dir/MiniOzoneClusterImpl-961b773a-55ec-4776-b588-5de87e184680/ozone-meta/scm-ha] (custom)
2022-04-28 13:45:12,566 [Time-limited test] INFO  server.RaftServer (RaftServerProxy.java:lambda$null$1(235)) - 128f2034-ac44-458c-9192-ab2b916273b9: found a subdirectory /home/runner/work/ozone/ozone/hadoop-ozone/integration-test/target/test-dir/MiniOzoneClusterImpl-961b773a-55ec-4776-b588-5de87e184680/ozone-meta/scm-ha/961b773a-55ec-4776-b588-5de87e184680
2022-04-28 13:45:12,567 [Time-limited test] INFO  server.RaftServer (RaftServerProxy.java:addNew(95)) - 128f2034-ac44-458c-9192-ab2b916273b9: addNew group-5DE87E184680:[] returns group-5DE87E184680:java.util.concurrent.CompletableFuture@50def866[Not completed]
2022-04-28 13:45:12,678 [pool-17-thread-1] INFO  server.RaftServer$Division (RaftServerImpl.java:<init>(184)) - 128f2034-ac44-458c-9192-ab2b916273b9: new RaftServerImpl for group-5DE87E184680:[] with SCMStateMachine:uninitialized
2022-04-28 13:45:12,679 [pool-17-thread-1] INFO  server.RaftServerConfigKeys (ConfUtils.java:logGet(44)) - raft.server.rpc.timeout.min = 5000ms (custom)
2022-04-28 13:45:12,679 [pool-17-thread-1] INFO  server.RaftServerConfigKeys (ConfUtils.java:logGet(44)) - raft.server.rpc.timeout.max = 5200ms (custom)
2022-04-28 13:45:12,679 [pool-17-thread-1] INFO  server.RaftServerConfigKeys (ConfUtils.java:logGet(44)) - raft.server.rpc.sleep.time = 25ms (default)
2022-04-28 13:45:12,680 [pool-17-thread-1] INFO  server.RaftServerConfigKeys (ConfUtils.java:logGet(44)) - raft.server.rpc.slowness.timeout = 120000ms (custom)
2022-04-28 13:45:12,680 [pool-17-thread-1] INFO  server.RaftServerConfigKeys (ConfUtils.java:logGet(44)) - raft.server.leaderelection.leader.step-down.wait-time = 10s (default)
2022-04-28 13:45:12,680 [pool-17-thread-1] INFO  server.RaftServerConfigKeys (ConfUtils.java:logGet(44)) - raft.server.sleep.deviation.threshold = 300ms (default)
2022-04-28 13:45:12,680 [pool-17-thread-1] INFO  server.RaftServerConfigKeys (ConfUtils.java:logGet(44)) - raft.server.log.appender.install.snapshot.enabled = false (custom)
2022-04-28 13:45:12,680 [pool-17-thread-1] INFO  server.RaftServer$Division (ServerState.java:<init>(105)) - 128f2034-ac44-458c-9192-ab2b916273b9@group-5DE87E184680: ConfigurationManager, init=-1: [], old=null, confs=<EMPTY_MAP>
2022-04-28 13:45:12,680 [pool-17-thread-1] INFO  server.RaftServerConfigKeys (ConfUtils.java:logGet(44)) - raft.server.storage.dir = [/home/runner/work/ozone/ozone/hadoop-ozone/integration-test/target/test-dir/MiniOzoneClusterImpl-961b773a-55ec-4776-b588-5de87e184680/ozone-meta/scm-ha] (custom)
2022-04-28 13:45:12,680 [pool-17-thread-1] INFO  server.RaftServerConfigKeys (ConfUtils.java:logGet(44)) - raft.server.log.corruption.policy = EXCEPTION (default)
2022-04-28 13:45:12,681 [pool-17-thread-1] INFO  server.RaftServerConfigKeys (ConfUtils.java:logGet(44)) - raft.server.storage.free-space.min = 0MB (=0) (default)
2022-04-28 13:45:12,684 [pool-17-thread-1] INFO  storage.RaftStorageDirectory (RaftStorageDirectoryImpl.java:tryLock(230)) - Lock on /home/runner/work/ozone/ozone/hadoop-ozone/integration-test/target/test-dir/MiniOzoneClusterImpl-961b773a-55ec-4776-b588-5de87e184680/ozone-meta/scm-ha/961b773a-55ec-4776-b588-5de87e184680/in_use.lock acquired by nodename 9841@fv-az294-869
2022-04-28 13:45:12,686 [pool-17-thread-1] INFO  storage.RaftStorage (RaftStorageImpl.java:analyzeAndRecoverStorage(110)) - Read RaftStorageMetadata{term=1, votedFor=128f2034-ac44-458c-9192-ab2b916273b9} from /home/runner/work/ozone/ozone/hadoop-ozone/integration-test/target/test-dir/MiniOzoneClusterImpl-961b773a-55ec-4776-b588-5de87e184680/ozone-meta/scm-ha/961b773a-55ec-4776-b588-5de87e184680/current/raft-meta
2022-04-28 13:45:12,697 [pool-17-thread-1] INFO  server.RaftServer$Division (ServerState.java:setRaftConf(387)) - 128f2034-ac44-458c-9192-ab2b916273b9@group-5DE87E184680: set configuration 0: [128f2034-ac44-458c-9192-ab2b916273b9|rpc:fv-az294-869:9894|admin:|client:|dataStream:|priority:0], old=null
2022-04-28 13:45:12,697 [pool-17-thread-1] INFO  server.RaftServerConfigKeys (ConfUtils.java:logGet(44)) - raft.server.notification.no-leader.timeout = 60s (default)
2022-04-28 13:45:12,697 [pool-17-thread-1] INFO  server.RaftServerConfigKeys (ConfUtils.java:logGet(44)) - raft.server.log.use.memory = false (default)
2022-04-28 13:45:12,697 [pool-17-thread-1] INFO  server.RaftServerConfigKeys (ConfUtils.java:logGet(44)) - raft.server.log.purge.gap = 1000000 (custom)
2022-04-28 13:45:12,698 [pool-17-thread-1] INFO  server.RaftServerConfigKeys (ConfUtils.java:logGet(44)) - raft.server.log.appender.buffer.byte-limit = 33554432 (custom)
2022-04-28 13:45:12,701 [pool-17-thread-1] INFO  server.RaftServerConfigKeys (ConfUtils.java:logGet(44)) - raft.server.log.segment.size.max = 4194304 (custom)
2022-04-28 13:45:12,702 [pool-17-thread-1] INFO  server.RaftServerConfigKeys (ConfUtils.java:logGet(44)) - raft.server.log.segment.cache.num.max = 2 (custom)
2022-04-28 13:45:12,702 [pool-17-thread-1] INFO  server.RaftServerConfigKeys (ConfUtils.java:logGet(44)) - raft.server.log.segment.cache.size.max = 200MB (=209715200) (default)
2022-04-28 13:45:12,702 [pool-17-thread-1] INFO  segmented.SegmentedRaftLogWorker (SegmentedRaftLogWorker.java:<init>(182)) - new 128f2034-ac44-458c-9192-ab2b916273b9@group-5DE87E184680-SegmentedRaftLogWorker for RaftStorageImpl:Storage Directory /home/runner/work/ozone/ozone/hadoop-ozone/integration-test/target/test-dir/MiniOzoneClusterImpl-961b773a-55ec-4776-b588-5de87e184680/ozone-meta/scm-ha/961b773a-55ec-4776-b588-5de87e184680
2022-04-28 13:45:12,703 [pool-17-thread-1] INFO  server.RaftServerConfigKeys (ConfUtils.java:logGet(44)) - raft.server.log.queue.byte-limit = 64MB (=67108864) (default)
2022-04-28 13:45:12,703 [pool-17-thread-1] INFO  server.RaftServerConfigKeys (ConfUtils.java:logGet(44)) - raft.server.log.queue.element-limit = 4096 (default)
2022-04-28 13:45:12,703 [pool-17-thread-1] INFO  server.RaftServerConfigKeys (ConfUtils.java:logGet(44)) - raft.server.log.segment.size.max = 4194304 (custom)
2022-04-28 13:45:12,706 [pool-17-thread-1] INFO  server.RaftServerConfigKeys (ConfUtils.java:logGet(44)) - raft.server.log.preallocated.size = 4194304 (custom)
2022-04-28 13:45:12,706 [pool-17-thread-1] INFO  server.RaftServerConfigKeys (ConfUtils.java:logGet(44)) - raft.server.log.force.sync.num = 128 (default)
2022-04-28 13:45:12,707 [pool-17-thread-1] INFO  server.RaftServerConfigKeys (ConfUtils.java:logGet(44)) - raft.server.log.statemachine.data.sync = true (default)
2022-04-28 13:45:12,707 [pool-17-thread-1] INFO  server.RaftServerConfigKeys (ConfUtils.java:logGet(44)) - raft.server.log.statemachine.data.sync.timeout = 10s (default)
2022-04-28 13:45:12,708 [pool-17-thread-1] INFO  server.RaftServerConfigKeys (ConfUtils.java:logGet(44)) - raft.server.log.statemachine.data.sync.timeout.retry = -1 (default)
2022-04-28 13:45:12,710 [pool-17-thread-1] INFO  server.RaftServerConfigKeys (ConfUtils.java:logGet(44)) - raft.server.log.write.buffer.size = 64KB (=65536) (default)
2022-04-28 13:45:12,711 [pool-17-thread-1] INFO  server.RaftServerConfigKeys (ConfUtils.java:logGet(44)) - raft.server.log.statemachine.data.caching.enabled = false (default)
2022-04-28 13:45:12,717 [pool-17-thread-1] INFO  server.RaftServer$Division (ServerState.java:setRaftConf(387)) - 128f2034-ac44-458c-9192-ab2b916273b9@group-5DE87E184680: set configuration 0: [128f2034-ac44-458c-9192-ab2b916273b9|rpc:fv-az294-869:9894|admin:|client:|dataStream:|priority:0], old=null
2022-04-28 13:45:12,718 [pool-17-thread-1] INFO  segmented.LogSegment (LogSegment.java:loadSegment(173)) - Successfully read 1 entries from segment file /home/runner/work/ozone/ozone/hadoop-ozone/integration-test/target/test-dir/MiniOzoneClusterImpl-961b773a-55ec-4776-b588-5de87e184680/ozone-meta/scm-ha/961b773a-55ec-4776-b588-5de87e184680/current/log_inprogress_0
2022-04-28 13:45:12,718 [pool-17-thread-1] INFO  segmented.SegmentedRaftLogWorker (SegmentedRaftLogWorker.java:lambda$new$0(133)) - 128f2034-ac44-458c-9192-ab2b916273b9@group-5DE87E184680-SegmentedRaftLogWorker: flushIndex: setUnconditionally 0 -> 0
2022-04-28 13:45:12,718 [pool-17-thread-1] INFO  segmented.SegmentedRaftLogWorker (SegmentedRaftLogWorker.java:lambda$new$0(133)) - 128f2034-ac44-458c-9192-ab2b916273b9@group-5DE87E184680-SegmentedRaftLogWorker: safeCacheEvictIndex: setUnconditionally 0 -> -1
2022-04-28 13:45:12,719 [pool-17-thread-1] INFO  server.RaftServerConfigKeys (ConfUtils.java:logGet(44)) - raft.server.snapshot.auto.trigger.enabled = true (custom)
2022-04-28 13:45:12,719 [pool-17-thread-1] INFO  server.RaftServerConfigKeys (ConfUtils.java:logGet(44)) - raft.server.snapshot.auto.trigger.threshold = 1000 (custom)
2022-04-28 13:45:12,719 [pool-17-thread-1] INFO  server.RaftServerConfigKeys (ConfUtils.java:logGet(44)) - raft.server.snapshot.retention.file.num = -1 (default)
2022-04-28 13:45:12,719 [pool-17-thread-1] INFO  server.RaftServerConfigKeys (ConfUtils.java:logGet(44)) - raft.server.log.purge.upto.snapshot.index = false (default)
2022-04-28 13:45:12,719 [pool-17-thread-1] INFO  server.RaftServerConfigKeys (ConfUtils.java:logGet(44)) - raft.server.retrycache.expirytime = 60000ms (default)
2022-04-28 13:45:12,719 [pool-17-thread-1] INFO  server.RaftServerConfigKeys (ConfUtils.java:logGet(44)) - raft.server.retrycache.statistics.expirytime = 100μs (default)
2022-04-28 13:45:12,722 [Time-limited test] INFO  ha.SCMSnapshotProvider (SCMSnapshotProvider.java:<init>(66)) - Initializing SCM Snapshot Provider
2022-04-28 13:45:12,722 [Time-limited test] WARN  server.ServerUtils (ServerUtils.java:getDefaultRatisDirectory(237)) - Storage directory for Ratis is not configured. It is a good idea to map this to an SSD disk. Falling back to ozone.metadata.dirs
2022-04-28 13:45:12,722 [Time-limited test] WARN  ha.SCMHAUtils (SCMHAUtils.java:getSCMRatisSnapshotDirectory(151)) - SCM snapshot dir is not configured. Falling back to ozone.metadata.dirs config
2022-04-28 13:45:12,752 [Time-limited test] INFO  ha.SequenceIdGenerator (SequenceIdGenerator.java:upgradeToSequenceId(347)) - upgrade localId to 109611004723200000
2022-04-28 13:45:12,752 [Time-limited test] INFO  ha.SequenceIdGenerator (SequenceIdGenerator.java:upgradeToSequenceId(357)) - upgrade delTxnId to 0
2022-04-28 13:45:12,763 [Time-limited test] INFO  ha.SequenceIdGenerator (SequenceIdGenerator.java:upgradeToSequenceId(371)) - upgrade containerId to 0
2022-04-28 13:45:12,765 [Time-limited test] INFO  ha.SequenceIdGenerator (SequenceIdGenerator.java:<init>(218)) - Init the HA SequenceIdGenerator.
2022-04-28 13:45:12,804 [Time-limited test] WARN  server.ServerUtils (ServerUtils.java:sanitizeUserArgs(73)) - ozone.scm.stale.node.interval value = 1000000 is larger than max = 100000 based on the key value of ozone.scm.heartbeat.thread.interval, reset to the max value 100000.
2022-04-28 13:45:12,804 [Time-limited test] WARN  server.ServerUtils (ServerUtils.java:sanitizeUserArgs(73)) - ozone.scm.stale.node.interval value = 1000000 is larger than max = 100000 based on the key value of ozone.scm.heartbeat.thread.interval, reset to the max value 100000.
2022-04-28 13:45:12,810 [Time-limited test] INFO  node.SCMNodeManager (SCMNodeManager.java:<init>(146)) - Entering startup safe mode.
2022-04-28 13:45:12,881 [Time-limited test] INFO  algorithms.ContainerPlacementPolicyFactory (ContainerPlacementPolicyFactory.java:getPolicyInternal(86)) - Create container placement policy of type org.apache.hadoop.hdds.scm.container.placement.algorithms.SCMContainerPlacementRandom
2022-04-28 13:45:12,891 [Time-limited test] INFO  pipeline.PipelineStateManagerImpl (PipelineStateManagerImpl.java:initialize(78)) - No pipeline exists in current db
2022-04-28 13:45:12,932 [Time-limited test] INFO  algorithms.LeaderChoosePolicyFactory (LeaderChoosePolicyFactory.java:getPolicy(57)) - Create leader choose policy of type org.apache.hadoop.hdds.scm.pipeline.leader.choose.algorithms.MinLeaderCountChoosePolicy
2022-04-28 13:45:12,933 [Time-limited test] INFO  algorithms.ContainerPlacementPolicyFactory (ContainerPlacementPolicyFactory.java:getPolicyInternal(86)) - Create container placement policy of type org.apache.hadoop.hdds.scm.container.placement.algorithms.SCMContainerPlacementRackScatter
2022-04-28 13:45:12,939 [Time-limited test] INFO  pipeline.BackgroundPipelineCreator (BackgroundPipelineCreator.java:start(123)) - Starting RatisPipelineUtilsThread.
2022-04-28 13:45:12,943 [Time-limited test] INFO  pipeline.BackgroundPipelineScrubber (BackgroundPipelineScrubber.java:start(124)) - Starting Pipeline Scrubber Service.
2022-04-28 13:45:12,943 [Time-limited test] INFO  ha.SCMServiceManager (SCMServiceManager.java:register(42)) - Registering service BackgroundPipelineCreator.
2022-04-28 13:45:12,943 [Time-limited test] INFO  ha.SCMServiceManager (SCMServiceManager.java:register(42)) - Registering service BackgroundPipelineScrubber.
2022-04-28 13:45:12,971 [Time-limited test] INFO  algorithms.PipelineChoosePolicyFactory (PipelineChoosePolicyFactory.java:createPipelineChoosePolicyFromClass(73)) - Create pipeline choose policy of type org.apache.hadoop.hdds.scm.pipeline.choose.algorithms.RandomPipelineChoosePolicy
2022-04-28 13:45:12,987 [Time-limited test] INFO  ha.SCMServiceManager (SCMServiceManager.java:register(42)) - Registering service SCMBlockDeletingService.
2022-04-28 13:45:13,050 [Time-limited test] INFO  ha.SCMServiceManager (SCMServiceManager.java:register(42)) - Registering service ReplicationManager.
2022-04-28 13:45:13,071 [Time-limited test] INFO  container.ReplicationManager (ReplicationManager.java:start(326)) - Starting Replication Monitor Thread.
2022-04-28 13:45:13,082 [ReplicationMonitor] INFO  container.ReplicationManager (ReplicationManager.java:processAll(374)) - Replication Manager is not ready to run until 3000ms after safemode exit
2022-04-28 13:45:13,095 [Time-limited test] INFO  safemode.ContainerSafeModeRule (ContainerSafeModeRule.java:<init>(89)) - containers with one replica threshold count 0
2022-04-28 13:45:13,098 [Time-limited test] INFO  safemode.HealthyPipelineSafeModeRule (HealthyPipelineSafeModeRule.java:initializeRule(156)) - Total pipeline count is 0, healthy pipeline threshold count is 1
2022-04-28 13:45:13,100 [Time-limited test] INFO  safemode.OneReplicaPipelineSafeModeRule (OneReplicaPipelineSafeModeRule.java:initializeRule(180)) - Total pipeline count is 0, pipeline's with at least one datanode reported threshold count is 0
2022-04-28 13:45:13,434 [Time-limited test] INFO  audit.AuditLogger (AuditLogger.java:refreshDebugCmdSet(120)) - Refresh DebugCmdSet for SCMAudit to [].
2022-04-28 13:45:13,465 [Time-limited test] INFO  ipc.CallQueueManager (CallQueueManager.java:<init>(90)) - Using callQueue: class java.util.concurrent.LinkedBlockingQueue, queueCapacity: 2000, scheduler: class org.apache.hadoop.ipc.DefaultRpcScheduler, ipcBackoff: false.
2022-04-28 13:45:13,505 [Socket Reader #1 for port 0] INFO  ipc.Server (Server.java:run(1265)) - Starting Socket Reader #1 for port 0
2022-04-28 13:45:13,563 [Listener at 0.0.0.0/39367] INFO  audit.AuditLogger (AuditLogger.java:refreshDebugCmdSet(120)) - Refresh DebugCmdSet for SCMAudit to [].
2022-04-28 13:45:13,568 [Listener at 0.0.0.0/39367] INFO  ipc.CallQueueManager (CallQueueManager.java:<init>(90)) - Using callQueue: class java.util.concurrent.LinkedBlockingQueue, queueCapacity: 2000, scheduler: class org.apache.hadoop.ipc.DefaultRpcScheduler, ipcBackoff: false.
2022-04-28 13:45:13,570 [Socket Reader #1 for port 0] INFO  ipc.Server (Server.java:run(1265)) - Starting Socket Reader #1 for port 0
2022-04-28 13:45:13,602 [Listener at 0.0.0.0/41171] INFO  audit.AuditLogger (AuditLogger.java:refreshDebugCmdSet(120)) - Refresh DebugCmdSet for SCMAudit to [].
2022-04-28 13:45:13,613 [Listener at 0.0.0.0/41171] INFO  ipc.CallQueueManager (CallQueueManager.java:<init>(90)) - Using callQueue: class java.util.concurrent.LinkedBlockingQueue, queueCapacity: 2000, scheduler: class org.apache.hadoop.ipc.DefaultRpcScheduler, ipcBackoff: false.
2022-04-28 13:45:13,618 [Socket Reader #1 for port 0] INFO  ipc.Server (Server.java:run(1265)) - Starting Socket Reader #1 for port 0
2022-04-28 13:45:13,676 [Listener at 0.0.0.0/45969] INFO  server.StorageContainerManager (StorageContainerManager.java:<init>(390)) - 
Container Balancer status:
Key                            Value
Running                        false
Container Balancer Configuration values:
Key                                                Value
Threshold                                          10
Max Datanodes to Involve per Iteration(percent)    20
Max Size to Move per Iteration                     500GB
Max Size Entering Target per Iteration             26GB
Max Size Leaving Source per Iteration              26GB

2022-04-28 13:45:13,676 [Listener at 0.0.0.0/45969] WARN  events.EventQueue (EventQueue.java:fireEvent(194)) - No event handler registered for event TypedEvent{payloadType=SafeModeStatus, name='Safe mode status'}
2022-04-28 13:45:13,676 [Listener at 0.0.0.0/45969] INFO  ha.SCMContext (SCMContext.java:updateSafeModeStatus(211)) - Update SafeModeStatus from SafeModeStatus{safeModeStatus=true, preCheckPassed=false} to SafeModeStatus{safeModeStatus=true, preCheckPassed=false}.
2022-04-28 13:45:13,681 [Listener at 0.0.0.0/45969] INFO  server.StorageContainerManager (StorageContainerManager.java:start(1328)) - StorageContainerLocationProtocol RPC server is listening at /0.0.0.0:45969
2022-04-28 13:45:13,683 [Listener at 0.0.0.0/45969] INFO  ha.SCMRatisServerImpl (SCMRatisServerImpl.java:start(179)) - starting ratis server 0.0.0.0:9894
2022-04-28 13:45:13,683 [Listener at 0.0.0.0/45969] INFO  server.RaftServer$Division (RaftServerImpl.java:start(301)) - 128f2034-ac44-458c-9192-ab2b916273b9@group-5DE87E184680: start as a follower, conf=0: [128f2034-ac44-458c-9192-ab2b916273b9|rpc:fv-az294-869:9894|admin:|client:|dataStream:|priority:0], old=null
2022-04-28 13:45:13,684 [Listener at 0.0.0.0/45969] INFO  server.RaftServer$Division (RaftServerImpl.java:setRole(290)) - 128f2034-ac44-458c-9192-ab2b916273b9@group-5DE87E184680: changes role from      null to FOLLOWER at term 1 for startAsFollower
2022-04-28 13:45:13,684 [Listener at 0.0.0.0/45969] INFO  impl.RoleInfo (RoleInfo.java:updateAndGet(130)) - 128f2034-ac44-458c-9192-ab2b916273b9: start 128f2034-ac44-458c-9192-ab2b916273b9@group-5DE87E184680-FollowerState
2022-04-28 13:45:13,684 [Listener at 0.0.0.0/45969] INFO  util.JmxRegister (JmxRegister.java:tryRegister(44)) - Successfully registered JMX Bean with object name Ratis:service=RaftServer,group=group-5DE87E184680,id=128f2034-ac44-458c-9192-ab2b916273b9
2022-04-28 13:45:13,686 [Listener at 0.0.0.0/45969] INFO  server.RaftServer (RaftServerProxy.java:lambda$start$5(374)) - 128f2034-ac44-458c-9192-ab2b916273b9: start RPC server
2022-04-28 13:45:13,691 [Listener at 0.0.0.0/45969] INFO  server.GrpcService (GrpcService.java:startImpl(253)) - 128f2034-ac44-458c-9192-ab2b916273b9: GrpcService started, listening on 9894
2022-04-28 13:45:13,692 [Listener at 0.0.0.0/45969] INFO  ha.SCMHAManagerImpl (SCMHAManagerImpl.java:start(121)) -  scm role is FOLLOWER peers [128f2034-ac44-458c-9192-ab2b916273b9|rpc:fv-az294-869:9894|admin:|client:|dataStream:|priority:0]
2022-04-28 13:45:13,692 [Listener at 0.0.0.0/45969] INFO  ha.InterSCMGrpcService (InterSCMGrpcProtocolService.java:start(94)) - Starting SCM Grpc Service at port 9895
2022-04-28 13:45:13,702 [org.apache.ratis.util.JvmPauseMonitor$$Lambda$468/1104361616@735e5b24] INFO  util.JvmPauseMonitor (JvmPauseMonitor.java:run(103)) - JvmPauseMonitor-128f2034-ac44-458c-9192-ab2b916273b9: Started
2022-04-28 13:45:13,770 [Listener at 0.0.0.0/45969] WARN  impl.MetricsConfig (MetricsConfig.java:loadFirst(136)) - Cannot locate configuration: tried hadoop-metrics2-storagecontainermanager.properties,hadoop-metrics2.properties
2022-04-28 13:45:13,791 [Listener at 0.0.0.0/45969] INFO  impl.MetricsSystemImpl (MetricsSystemImpl.java:startTimer(378)) - Scheduled Metric snapshot period at 10 second(s).
2022-04-28 13:45:13,791 [Listener at 0.0.0.0/45969] INFO  impl.MetricsSystemImpl (MetricsSystemImpl.java:start(191)) - StorageContainerManager metrics system started
2022-04-28 13:45:14,072 [Listener at 0.0.0.0/45969] INFO  server.SCMClientProtocolServer (SCMClientProtocolServer.java:start(169)) - RPC server for Client  is listening at /0.0.0.0:45969
2022-04-28 13:45:14,074 [IPC Server Responder] INFO  ipc.Server (Server.java:run(1507)) - IPC Server Responder: starting
2022-04-28 13:45:14,087 [Listener at 0.0.0.0/45969] INFO  server.StorageContainerManager (StorageContainerManager.java:start(1343)) - ScmBlockLocationProtocol RPC server is listening at /0.0.0.0:41171
2022-04-28 13:45:14,088 [Listener at 0.0.0.0/45969] INFO  server.SCMBlockProtocolServer (SCMBlockProtocolServer.java:start(151)) - RPC server for Block Protocol is listening at /0.0.0.0:41171
2022-04-28 13:45:14,089 [IPC Server listener on 0] INFO  ipc.Server (Server.java:run(1344)) - IPC Server listener on 0: starting
2022-04-28 13:45:14,089 [IPC Server Responder] INFO  ipc.Server (Server.java:run(1507)) - IPC Server Responder: starting
2022-04-28 13:45:14,089 [IPC Server listener on 0] INFO  ipc.Server (Server.java:run(1344)) - IPC Server listener on 0: starting
2022-04-28 13:45:14,103 [org.apache.hadoop.util.JvmPauseMonitor$Monitor@3907cbbd] INFO  util.JvmPauseMonitor (JvmPauseMonitor.java:run(188)) - Starting JVM pause monitor
2022-04-28 13:45:14,121 [Listener at 0.0.0.0/45969] INFO  http.BaseHttpServer (BaseHttpServer.java:newHttpServer2BuilderForOzone(209)) - Starting Web-server for scm at: http://0.0.0.0:0
2022-04-28 13:45:14,122 [Listener at 0.0.0.0/45969] INFO  http.BaseHttpServer (BaseHttpServer.java:<init>(107)) - Hadoop Security Enabled: false Ozone Security Enabled: false Ozone HTTP Security Enabled: false 
2022-04-28 13:45:14,152 [Listener at 0.0.0.0/45969] INFO  util.log (Log.java:initialized(170)) - Logging initialized @11161ms to org.eclipse.jetty.util.log.Slf4jLog
2022-04-28 13:45:14,265 [Listener at 0.0.0.0/45969] INFO  server.AuthenticationFilter (AuthenticationFilter.java:constructSecretProvider(240)) - Unable to initialize FileSignerSecretProvider, falling back to use random secrets.
2022-04-28 13:45:14,270 [Listener at 0.0.0.0/45969] WARN  http.HttpRequestLog (HttpRequestLog.java:getRequestLog(103)) - Jetty request log can only be enabled using Log4j
2022-04-28 13:45:14,277 [Listener at 0.0.0.0/45969] INFO  http.HttpServer2 (HttpServer2.java:addGlobalFilter(1030)) - Added global filter 'safety' (class=org.apache.hadoop.hdds.server.http.HttpServer2$QuotingInputFilter)
2022-04-28 13:45:14,280 [Listener at 0.0.0.0/45969] INFO  http.HttpServer2 (HttpServer2.java:addFilter(1006)) - Added filter static_user_filter (class=org.apache.hadoop.http.lib.StaticUserWebFilter$StaticUserFilter) to context scm
2022-04-28 13:45:14,280 [Listener at 0.0.0.0/45969] INFO  http.HttpServer2 (HttpServer2.java:addFilter(1014)) - Added filter static_user_filter (class=org.apache.hadoop.http.lib.StaticUserWebFilter$StaticUserFilter) to context static
2022-04-28 13:45:14,280 [Listener at 0.0.0.0/45969] INFO  http.HttpServer2 (HttpServer2.java:addFilter(1014)) - Added filter static_user_filter (class=org.apache.hadoop.http.lib.StaticUserWebFilter$StaticUserFilter) to context logs
2022-04-28 13:45:14,326 [Listener at 0.0.0.0/45969] INFO  http.HttpServer2 (HttpServer2.java:bindListener(1249)) - Jetty bound to port 36005
2022-04-28 13:45:14,328 [Listener at 0.0.0.0/45969] INFO  server.Server (Server.java:doStart(375)) - jetty-9.4.43.v20210629; built: 2021-06-30T11:07:22.254Z; git: 526006ecfa3af7f1a27ef3a288e2bef7ea9dd7e8; jvm 1.8.0_322-b06
2022-04-28 13:45:14,355 [Listener at 0.0.0.0/45969] INFO  server.session (DefaultSessionIdManager.java:doStart(334)) - DefaultSessionIdManager workerName=node0
2022-04-28 13:45:14,355 [Listener at 0.0.0.0/45969] INFO  server.session (DefaultSessionIdManager.java:doStart(339)) - No SessionScavenger set, using defaults
2022-04-28 13:45:14,357 [Listener at 0.0.0.0/45969] INFO  server.session (HouseKeeper.java:startScavenging(132)) - node0 Scavenging every 660000ms
2022-04-28 13:45:14,370 [Listener at 0.0.0.0/45969] INFO  handler.ContextHandler (ContextHandler.java:doStart(915)) - Started o.e.j.s.ServletContextHandler@31ca9d50{logs,/logs,file:///home/runner/work/ozone/ozone/hadoop-ozone/integration-test/target/log,AVAILABLE}
2022-04-28 13:45:14,370 [Listener at 0.0.0.0/45969] INFO  handler.ContextHandler (ContextHandler.java:doStart(915)) - Started o.e.j.s.ServletContextHandler@112c112d{static,/static,file:///home/runner/work/ozone/ozone/hadoop-ozone/integration-test/target/test-classes/webapps/static,AVAILABLE}
2022-04-28 13:45:14,421 [Listener at 0.0.0.0/45969] INFO  handler.ContextHandler (ContextHandler.java:doStart(915)) - Started o.e.j.w.WebAppContext@4916534d{scm,/,file:///home/runner/work/ozone/ozone/hadoop-ozone/integration-test/target/test-classes/webapps/scm/,AVAILABLE}{file:/home/runner/work/ozone/ozone/hadoop-ozone/integration-test/target/test-classes/webapps/scm}
2022-04-28 13:45:14,432 [Listener at 0.0.0.0/45969] INFO  server.AbstractConnector (AbstractConnector.java:doStart(331)) - Started ServerConnector@50f77d4a{HTTP/1.1, (http/1.1)}{0.0.0.0:36005}
2022-04-28 13:45:14,432 [Listener at 0.0.0.0/45969] INFO  server.Server (Server.java:doStart(415)) - Started @11442ms
2022-04-28 13:45:14,434 [Listener at 0.0.0.0/45969] INFO  impl.MetricsSinkAdapter (MetricsSinkAdapter.java:start(204)) - Sink prometheus started
2022-04-28 13:45:14,434 [Listener at 0.0.0.0/45969] INFO  impl.MetricsSystemImpl (MetricsSystemImpl.java:registerSink(305)) - Registered sink prometheus
2022-04-28 13:45:14,435 [Listener at 0.0.0.0/45969] INFO  http.BaseHttpServer (BaseHttpServer.java:updateConnectorAddress(329)) - HTTP server of scm listening at http://0.0.0.0:36005
2022-04-28 13:45:14,437 [Listener at 0.0.0.0/45969] WARN  server.ServerUtils (ServerUtils.java:getDBPath(225)) - ozone.om.db.dirs is not configured. We recommend adding this setting. Falling back to ozone.metadata.dirs instead.
2022-04-28 13:45:14,484 [Listener at 0.0.0.0/45969] INFO  audit.AuditLogger (AuditLogger.java:refreshDebugCmdSet(120)) - Refresh DebugCmdSet for OMAudit to [].
2022-04-28 13:45:14,562 [Listener at 0.0.0.0/45969] INFO  ha.OMHANodeDetails (OMHANodeDetails.java:loadOMHAConfig(112)) - ozone.om.internal.service.id is not defined, falling back to ozone.om.service.ids to find serviceID for OzoneManager if it is HA enabled cluster
2022-04-28 13:45:14,565 [Listener at 0.0.0.0/45969] INFO  ha.OMHANodeDetails (OMHANodeDetails.java:loadOMHAConfig(218)) - Configuration does not have ozone.om.address set. Falling back to the default OM address /127.0.0.1:0
2022-04-28 13:45:14,565 [Listener at 0.0.0.0/45969] INFO  ha.OMHANodeDetails (OMHANodeDetails.java:getOMNodeDetailsForNonHA(246)) - OM Service ID is not set. Setting it to the default ID: omServiceIdDefault
2022-04-28 13:45:14,565 [Listener at 0.0.0.0/45969] INFO  ha.OMHANodeDetails (OMHANodeDetails.java:getOMNodeDetailsForNonHA(253)) - OM Node ID is not set. Setting it to the default ID: om1
2022-04-28 13:45:14,568 [Listener at 0.0.0.0/45969] WARN  server.ServerUtils (ServerUtils.java:getDBPath(225)) - ozone.om.db.dirs is not configured. We recommend adding this setting. Falling back to ozone.metadata.dirs instead.
2022-04-28 13:45:14,570 [Listener at 0.0.0.0/45969] INFO  upgrade.AbstractLayoutVersionManager (AbstractLayoutVersionManager.java:init(79)) - Initializing Layout version manager with metadata layout = ERASURE_CODED_STORAGE_SUPPORT (version = 1), software layout = ERASURE_CODED_STORAGE_SUPPORT (version = 1)
2022-04-28 13:45:14,639 [Listener at 0.0.0.0/45969] INFO  reflections.Reflections (Reflections.java:scan(232)) - Reflections took 65 ms to scan 2 urls, producing 143 keys and 368 values [using 2 cores]
2022-04-28 13:45:14,645 [Listener at 0.0.0.0/45969] INFO  upgrade.OMLayoutVersionManager (OMLayoutVersionManager.java:lambda$0(115)) - Skipping Upgrade Action MockOmUpgradeAction since it has been finalized.
2022-04-28 13:45:14,645 [Listener at 0.0.0.0/45969] WARN  server.ServerUtils (ServerUtils.java:getDBPath(225)) - ozone.om.db.dirs is not configured. We recommend adding this setting. Falling back to ozone.metadata.dirs instead.
2022-04-28 13:45:17,057 [Listener at 0.0.0.0/45969] INFO  retry.RetryInvocationHandler (RetryInvocationHandler.java:log(411)) - com.google.protobuf.ServiceException: org.apache.hadoop.ipc.RemoteException(org.apache.hadoop.hdds.ratis.ServerNotLeaderException): Server:128f2034-ac44-458c-9192-ab2b916273b9 is not the leader. Could not determine the leader node.
	at org.apache.hadoop.hdds.ratis.ServerNotLeaderException.convertToNotLeaderException(ServerNotLeaderException.java:109)
	at org.apache.hadoop.hdds.scm.ha.RatisUtil.checkRatisException(RatisUtil.java:246)
	at org.apache.hadoop.hdds.scm.protocol.ScmBlockLocationProtocolServerSideTranslatorPB.send(ScmBlockLocationProtocolServerSideTranslatorPB.java:109)
	at org.apache.hadoop.hdds.protocol.proto.ScmBlockLocationProtocolProtos$ScmBlockLocationProtocolService$2.callBlockingMethod(ScmBlockLocationProtocolProtos.java:14202)
	at org.apache.hadoop.ipc.ProtobufRpcEngine$Server.processCall(ProtobufRpcEngine.java:466)
	at org.apache.hadoop.ipc.ProtobufRpcEngine2$Server$ProtoBufRpcInvoker.call(ProtobufRpcEngine2.java:574)
	at org.apache.hadoop.ipc.ProtobufRpcEngine2$Server$ProtoBufRpcInvoker.call(ProtobufRpcEngine2.java:552)
	at org.apache.hadoop.ipc.RPC$Server.call(RPC.java:1093)
	at org.apache.hadoop.ipc.Server$RpcCall.run(Server.java:1035)
	at org.apache.hadoop.ipc.Server$RpcCall.run(Server.java:963)
	at java.security.AccessController.doPrivileged(Native Method)
	at javax.security.auth.Subject.doAs(Subject.java:422)
	at org.apache.hadoop.security.UserGroupInformation.doAs(UserGroupInformation.java:1878)
	at org.apache.hadoop.ipc.Server$Handler.run(Server.java:2966)
, while invoking $Proxy43.send over nodeId=scmNodeId,nodeAddress=/0.0.0.0:41171 after 1 failover attempts. Trying to failover after sleeping for 2000ms.
2022-04-28 13:45:18,742 [128f2034-ac44-458c-9192-ab2b916273b9@group-5DE87E184680-FollowerState] INFO  impl.FollowerState (FollowerState.java:run(134)) - 128f2034-ac44-458c-9192-ab2b916273b9@group-5DE87E184680-FollowerState: change to CANDIDATE, lastRpcElapsedTime:5058521703ns, electionTimeout:5051ms
2022-04-28 13:45:18,743 [128f2034-ac44-458c-9192-ab2b916273b9@group-5DE87E184680-FollowerState] INFO  impl.RoleInfo (RoleInfo.java:shutdownFollowerState(108)) - 128f2034-ac44-458c-9192-ab2b916273b9: shutdown 128f2034-ac44-458c-9192-ab2b916273b9@group-5DE87E184680-FollowerState
2022-04-28 13:45:18,743 [128f2034-ac44-458c-9192-ab2b916273b9@group-5DE87E184680-FollowerState] INFO  server.RaftServer$Division (RaftServerImpl.java:setRole(290)) - 128f2034-ac44-458c-9192-ab2b916273b9@group-5DE87E184680: changes role from  FOLLOWER to CANDIDATE at term 1 for changeToCandidate
2022-04-28 13:45:18,743 [128f2034-ac44-458c-9192-ab2b916273b9@group-5DE87E184680-FollowerState] INFO  server.RaftServerConfigKeys (ConfUtils.java:logGet(44)) - raft.server.leaderelection.pre-vote = false (custom)
2022-04-28 13:45:18,743 [128f2034-ac44-458c-9192-ab2b916273b9@group-5DE87E184680-FollowerState] INFO  impl.RoleInfo (RoleInfo.java:updateAndGet(130)) - 128f2034-ac44-458c-9192-ab2b916273b9: start 128f2034-ac44-458c-9192-ab2b916273b9@group-5DE87E184680-LeaderElection2
2022-04-28 13:45:18,746 [128f2034-ac44-458c-9192-ab2b916273b9@group-5DE87E184680-LeaderElection2] INFO  impl.LeaderElection (LeaderElection.java:askForVotes(306)) - 128f2034-ac44-458c-9192-ab2b916273b9@group-5DE87E184680-LeaderElection2 ELECTION round 0: submit vote requests at term 2 for 0: [128f2034-ac44-458c-9192-ab2b916273b9|rpc:fv-az294-869:9894|admin:|client:|dataStream:|priority:0], old=null
2022-04-28 13:45:18,754 [128f2034-ac44-458c-9192-ab2b916273b9@group-5DE87E184680-LeaderElection2] INFO  impl.LeaderElection (LeaderElection.java:askForVotes(308)) - 128f2034-ac44-458c-9192-ab2b916273b9@group-5DE87E184680-LeaderElection2 ELECTION round 0: result PASSED (term=2)
2022-04-28 13:45:18,754 [128f2034-ac44-458c-9192-ab2b916273b9@group-5DE87E184680-LeaderElection2] INFO  impl.RoleInfo (RoleInfo.java:shutdownLeaderElection(121)) - 128f2034-ac44-458c-9192-ab2b916273b9: shutdown 128f2034-ac44-458c-9192-ab2b916273b9@group-5DE87E184680-LeaderElection2
2022-04-28 13:45:18,754 [128f2034-ac44-458c-9192-ab2b916273b9@group-5DE87E184680-LeaderElection2] INFO  server.RaftServer$Division (RaftServerImpl.java:setRole(290)) - 128f2034-ac44-458c-9192-ab2b916273b9@group-5DE87E184680: changes role from CANDIDATE to LEADER at term 2 for changeToLeader
2022-04-28 13:45:18,754 [128f2034-ac44-458c-9192-ab2b916273b9@group-5DE87E184680-LeaderElection2] INFO  ha.SCMStateMachine (SCMStateMachine.java:notifyLeaderChanged(259)) - current SCM becomes leader of term 2.
2022-04-28 13:45:18,754 [128f2034-ac44-458c-9192-ab2b916273b9@group-5DE87E184680-LeaderElection2] INFO  ha.SCMContext (SCMContext.java:updateLeaderAndTerm(90)) - update <isLeader,term> from <false,0> to <true,2>
2022-04-28 13:45:18,760 [128f2034-ac44-458c-9192-ab2b916273b9@group-5DE87E184680-LeaderElection2] INFO  server.RaftServer$Division (ServerState.java:setLeader(285)) - 128f2034-ac44-458c-9192-ab2b916273b9@group-5DE87E184680: change Leader from null to 128f2034-ac44-458c-9192-ab2b916273b9 at term 2 for becomeLeader, leader elected after 6056ms
2022-04-28 13:45:18,760 [128f2034-ac44-458c-9192-ab2b916273b9@group-5DE87E184680-LeaderElection2] INFO  server.RaftServerConfigKeys (ConfUtils.java:logGet(44)) - raft.server.staging.catchup.gap = 1000 (default)
2022-04-28 13:45:18,761 [128f2034-ac44-458c-9192-ab2b916273b9@group-5DE87E184680-LeaderElection2] INFO  server.RaftServerConfigKeys (ConfUtils.java:logGet(44)) - raft.server.write.element-limit = 4096 (default)
2022-04-28 13:45:18,761 [128f2034-ac44-458c-9192-ab2b916273b9@group-5DE87E184680-LeaderElection2] INFO  server.RaftServerConfigKeys (ConfUtils.java:logGet(44)) - raft.server.write.byte-limit = 64MB (=67108864) (default)
2022-04-28 13:45:18,761 [128f2034-ac44-458c-9192-ab2b916273b9@group-5DE87E184680-LeaderElection2] INFO  server.RaftServerConfigKeys (ConfUtils.java:logGet(44)) - raft.server.watch.timeout = 10s (default)
2022-04-28 13:45:18,761 [128f2034-ac44-458c-9192-ab2b916273b9@group-5DE87E184680-LeaderElection2] INFO  server.RaftServerConfigKeys (ConfUtils.java:logGet(44)) - raft.server.watch.timeout.denomination = 1s (default)
2022-04-28 13:45:18,761 [128f2034-ac44-458c-9192-ab2b916273b9@group-5DE87E184680-LeaderElection2] INFO  server.RaftServerConfigKeys (ConfUtils.java:logGet(44)) - raft.server.watch.element-limit = 65536 (default)
2022-04-28 13:45:18,761 [128f2034-ac44-458c-9192-ab2b916273b9@group-5DE87E184680-LeaderElection2] INFO  server.RaftServerConfigKeys (ConfUtils.java:logGet(44)) - raft.server.write.element-limit = 4096 (default)
2022-04-28 13:45:18,761 [128f2034-ac44-458c-9192-ab2b916273b9@group-5DE87E184680-LeaderElection2] INFO  server.RaftServerConfigKeys (ConfUtils.java:logGet(44)) - raft.server.write.follower.gap.ratio.max = -1.0 (default)
2022-04-28 13:45:18,762 [128f2034-ac44-458c-9192-ab2b916273b9@group-5DE87E184680-LeaderElection2] INFO  impl.RoleInfo (RoleInfo.java:updateAndGet(130)) - 128f2034-ac44-458c-9192-ab2b916273b9: start 128f2034-ac44-458c-9192-ab2b916273b9@group-5DE87E184680-LeaderStateImpl
2022-04-28 13:45:18,762 [128f2034-ac44-458c-9192-ab2b916273b9@group-5DE87E184680-LeaderElection2] INFO  segmented.SegmentedRaftLogWorker (SegmentedRaftLogWorker.java:rollLogSegment(399)) - 128f2034-ac44-458c-9192-ab2b916273b9@group-5DE87E184680-SegmentedRaftLogWorker: Rolling segment log-0_0 to index:0
2022-04-28 13:45:18,765 [128f2034-ac44-458c-9192-ab2b916273b9@group-5DE87E184680-SegmentedRaftLogWorker] INFO  segmented.SegmentedRaftLogWorker (SegmentedRaftLogWorker.java:execute(558)) - 128f2034-ac44-458c-9192-ab2b916273b9@group-5DE87E184680-SegmentedRaftLogWorker: Rolled log segment from /home/runner/work/ozone/ozone/hadoop-ozone/integration-test/target/test-dir/MiniOzoneClusterImpl-961b773a-55ec-4776-b588-5de87e184680/ozone-meta/scm-ha/961b773a-55ec-4776-b588-5de87e184680/current/log_inprogress_0 to /home/runner/work/ozone/ozone/hadoop-ozone/integration-test/target/test-dir/MiniOzoneClusterImpl-961b773a-55ec-4776-b588-5de87e184680/ozone-meta/scm-ha/961b773a-55ec-4776-b588-5de87e184680/current/log_0-0
2022-04-28 13:45:18,772 [128f2034-ac44-458c-9192-ab2b916273b9@group-5DE87E184680-LeaderElection2] INFO  server.RaftServer$Division (ServerState.java:setRaftConf(387)) - 128f2034-ac44-458c-9192-ab2b916273b9@group-5DE87E184680: set configuration 1: [128f2034-ac44-458c-9192-ab2b916273b9|rpc:fv-az294-869:9894|admin:|client:|dataStream:|priority:0], old=null
2022-04-28 13:45:18,776 [128f2034-ac44-458c-9192-ab2b916273b9@group-5DE87E184680-SegmentedRaftLogWorker] INFO  segmented.SegmentedRaftLogWorker (SegmentedRaftLogWorker.java:execute(601)) - 128f2034-ac44-458c-9192-ab2b916273b9@group-5DE87E184680-SegmentedRaftLogWorker: created new log segment /home/runner/work/ozone/ozone/hadoop-ozone/integration-test/target/test-dir/MiniOzoneClusterImpl-961b773a-55ec-4776-b588-5de87e184680/ozone-meta/scm-ha/961b773a-55ec-4776-b588-5de87e184680/current/log_inprogress_1
2022-04-28 13:45:18,781 [128f2034-ac44-458c-9192-ab2b916273b9@group-5DE87E184680-StateMachineUpdater] INFO  ha.SCMContext (SCMContext.java:setLeaderReady(117)) - update <isLeaderReady> from <false> to <true>
2022-04-28 13:45:18,782 [128f2034-ac44-458c-9192-ab2b916273b9@group-5DE87E184680-StateMachineUpdater] INFO  pipeline.BackgroundPipelineCreator (BackgroundPipelineCreator.java:notifyStatusChanged(250)) - Service BackgroundPipelineCreator transitions to RUNNING.
2022-04-28 13:45:18,783 [128f2034-ac44-458c-9192-ab2b916273b9@group-5DE87E184680-StateMachineUpdater] INFO  safemode.HealthyPipelineSafeModeRule (HealthyPipelineSafeModeRule.java:initializeRule(152)) - Refreshed total pipeline count is 0, healthy pipeline threshold count is 1
2022-04-28 13:45:18,783 [128f2034-ac44-458c-9192-ab2b916273b9@group-5DE87E184680-StateMachineUpdater] INFO  safemode.ContainerSafeModeRule (ContainerSafeModeRule.java:reInitializeRule(177)) - Refreshed one replica container threshold 0, currentThreshold 0
2022-04-28 13:45:18,784 [128f2034-ac44-458c-9192-ab2b916273b9@group-5DE87E184680-StateMachineUpdater] INFO  safemode.OneReplicaPipelineSafeModeRule (OneReplicaPipelineSafeModeRule.java:initializeRule(176)) - Refreshed Total pipeline count is 0, pipeline's with at least one datanode reported threshold count is 0
2022-04-28 13:45:18,784 [128f2034-ac44-458c-9192-ab2b916273b9@group-5DE87E184680-StateMachineUpdater] INFO  server.SCMDatanodeProtocolServer (SCMDatanodeProtocolServer.java:start(183)) - ScmDatanodeProtocol RPC server for DataNodes is listening at /0.0.0.0:39367
2022-04-28 13:45:18,791 [IPC Server listener on 0] INFO  ipc.Server (Server.java:run(1344)) - IPC Server listener on 0: starting
2022-04-28 13:45:18,797 [IPC Server Responder] INFO  ipc.Server (Server.java:run(1507)) - IPC Server Responder: starting
2022-04-28 13:45:19,114 [Listener at 0.0.0.0/45969] WARN  server.ServerUtils (ServerUtils.java:getDBPath(225)) - ozone.om.db.dirs is not configured. We recommend adding this setting. Falling back to ozone.metadata.dirs instead.
2022-04-28 13:45:19,121 [Listener at 0.0.0.0/45969] INFO  codec.OmKeyInfoCodec (OmKeyInfoCodec.java:<init>(49)) - OmKeyInfoCodec ignorePipeline = true
2022-04-28 13:45:19,122 [Listener at 0.0.0.0/45969] INFO  codec.RepeatedOmKeyInfoCodec (RepeatedOmKeyInfoCodec.java:<init>(41)) - RepeatedOmKeyInfoCodec ignorePipeline = true
2022-04-28 13:45:19,328 [Listener at 0.0.0.0/45969] INFO  om.OzoneManager (OzoneManager.java:addS3GVolumeToDB(3825)) - Created Volume s3v With Owner runner required for S3Gateway operations.
2022-04-28 13:45:19,370 [Listener at 0.0.0.0/45969] WARN  server.ServerUtils (ServerUtils.java:getDefaultRatisDirectory(237)) - Storage directory for Ratis is not configured. It is a good idea to map this to an SSD disk. Falling back to ozone.metadata.dirs
2022-04-28 13:45:19,370 [Listener at 0.0.0.0/45969] WARN  utils.OzoneManagerRatisUtils (OzoneManagerRatisUtils.java:getOMRatisSnapshotDirectory(395)) - ozone.om.ratis.snapshot.dir is not configured. Falling back to ozone.metadata.dirs config
2022-04-28 13:45:19,374 [Listener at 0.0.0.0/45969] WARN  impl.MetricRegistriesImpl (MetricRegistriesImpl.java:addReporterRegistration(111)) - New reporters are added after registries were created. Some metrics will be missing from the reporter. Please add reporter before adding any new registry.
2022-04-28 13:45:19,374 [Listener at 0.0.0.0/45969] WARN  impl.MetricRegistriesImpl (MetricRegistriesImpl.java:addReporterRegistration(111)) - New reporters are added after registries were created. Some metrics will be missing from the reporter. Please add reporter before adding any new registry.
2022-04-28 13:45:19,374 [Listener at 0.0.0.0/45969] WARN  server.ServerUtils (ServerUtils.java:getDefaultRatisDirectory(237)) - Storage directory for Ratis is not configured. It is a good idea to map this to an SSD disk. Falling back to ozone.metadata.dirs
2022-04-28 13:45:19,377 [Listener at 0.0.0.0/45969] INFO  ratis.OzoneManagerRatisServer (OzoneManagerRatisServer.java:<init>(159)) - Instantiating OM Ratis server with groupID: omServiceIdDefault and peers: localhost:9872
2022-04-28 13:45:19,380 [Listener at 0.0.0.0/45969] INFO  ratis.OzoneManagerStateMachine (OzoneManagerStateMachine.java:loadSnapshotInfoFromDB(617)) - LastAppliedIndex is set from TransactionInfo from OM DB as (t:0, i:~)
2022-04-28 13:45:19,392 [Listener at 0.0.0.0/45969] INFO  server.RaftServer (ConfUtils.java:logGet(44)) - raft.rpc.type = GRPC (default)
2022-04-28 13:45:19,392 [Listener at 0.0.0.0/45969] INFO  grpc.GrpcFactory (GrpcFactory.java:checkPooledByteBufAllocatorUseCacheForAllThreads(48)) - PERFORMANCE WARNING: useCacheForAllThreads is true that may cause Netty to create a lot garbage objects and, as a result, trigger GC.
	It is recommended to disable useCacheForAllThreads by setting -Dorg.apache.ratis.thirdparty.io.netty.allocator.useCacheForAllThreads=false in command line.
2022-04-28 13:45:19,392 [Listener at 0.0.0.0/45969] INFO  grpc.GrpcConfigKeys (ConfUtils.java:logGet(44)) - raft.grpc.admin.port = -1 (default)
2022-04-28 13:45:19,392 [Listener at 0.0.0.0/45969] INFO  grpc.GrpcConfigKeys (ConfUtils.java:logGet(44)) - raft.grpc.server.port = 9872 (custom)
2022-04-28 13:45:19,393 [Listener at 0.0.0.0/45969] INFO  grpc.GrpcConfigKeys (ConfUtils.java:logGet(44)) - raft.grpc.client.port = -1 (default)
2022-04-28 13:45:19,393 [Listener at 0.0.0.0/45969] INFO  grpc.GrpcConfigKeys (ConfUtils.java:logGet(44)) - raft.grpc.server.port = 9872 (custom)
2022-04-28 13:45:19,393 [Listener at 0.0.0.0/45969] INFO  grpc.GrpcConfigKeys (ConfUtils.java:logGet(44)) - raft.grpc.server.port = 9872 (custom)
2022-04-28 13:45:19,393 [Listener at 0.0.0.0/45969] INFO  server.GrpcService (ConfUtils.java:logGet(44)) - raft.grpc.message.size.max = 33554432 (custom)
2022-04-28 13:45:19,393 [Listener at 0.0.0.0/45969] INFO  server.RaftServerConfigKeys (ConfUtils.java:logGet(44)) - raft.server.log.appender.buffer.byte-limit = 33554432 (custom)
2022-04-28 13:45:19,393 [Listener at 0.0.0.0/45969] INFO  server.GrpcService (ConfUtils.java:logGet(44)) - raft.grpc.flow.control.window = 1MB (=1048576) (default)
2022-04-28 13:45:19,393 [Listener at 0.0.0.0/45969] INFO  server.RaftServerConfigKeys (ConfUtils.java:logGet(44)) - raft.server.rpc.request.timeout = 3000ms (default)
2022-04-28 13:45:19,394 [Listener at 0.0.0.0/45969] INFO  impl.DataStreamServerImpl (ConfUtils.java:logGet(44)) - raft.datastream.type = DISABLED (default)
2022-04-28 13:45:19,395 [Listener at 0.0.0.0/45969] INFO  server.RaftServerConfigKeys (ConfUtils.java:logGet(44)) - raft.server.rpc.slowness.timeout = 120s (custom)
2022-04-28 13:45:19,395 [Listener at 0.0.0.0/45969] INFO  server.RaftServerConfigKeys (ConfUtils.java:logGet(44)) - raft.server.leaderelection.leader.step-down.wait-time = 10s (default)
2022-04-28 13:45:19,395 [Listener at 0.0.0.0/45969] INFO  server.RaftServerConfigKeys (ConfUtils.java:logGet(44)) - raft.server.storage.dir = [/home/runner/work/ozone/ozone/hadoop-ozone/integration-test/target/test-dir/MiniOzoneClusterImpl-961b773a-55ec-4776-b588-5de87e184680/ozone-meta/ratis] (custom)
2022-04-28 13:45:19,398 [Listener at 0.0.0.0/45969] INFO  server.RaftServer (RaftServerProxy.java:addNew(95)) - om1: addNew group-C5BA1605619E:[om1|rpc:localhost:9872|priority:0] returns group-C5BA1605619E:java.util.concurrent.CompletableFuture@39511248[Not completed]
2022-04-28 13:45:19,398 [Listener at 0.0.0.0/45969] INFO  om.OzoneManager (OzoneManager.java:initializeRatisServer(1888)) - OzoneManager Ratis server initialized at port 9872
2022-04-28 13:45:19,402 [pool-56-thread-1] INFO  server.RaftServer$Division (RaftServerImpl.java:<init>(184)) - om1: new RaftServerImpl for group-C5BA1605619E:[om1|rpc:localhost:9872|priority:0] with OzoneManagerStateMachine:uninitialized
2022-04-28 13:45:19,405 [pool-56-thread-1] INFO  server.RaftServerConfigKeys (ConfUtils.java:logGet(44)) - raft.server.rpc.timeout.min = 1s (custom)
2022-04-28 13:45:19,405 [pool-56-thread-1] INFO  server.RaftServerConfigKeys (ConfUtils.java:logGet(44)) - raft.server.rpc.timeout.max = 1200ms (custom)
2022-04-28 13:45:19,405 [pool-56-thread-1] INFO  server.RaftServerConfigKeys (ConfUtils.java:logGet(44)) - raft.server.rpc.sleep.time = 25ms (default)
2022-04-28 13:45:19,405 [pool-56-thread-1] INFO  server.RaftServerConfigKeys (ConfUtils.java:logGet(44)) - raft.server.rpc.slowness.timeout = 120s (custom)
2022-04-28 13:45:19,405 [pool-56-thread-1] INFO  server.RaftServerConfigKeys (ConfUtils.java:logGet(44)) - raft.server.leaderelection.leader.step-down.wait-time = 10s (default)
2022-04-28 13:45:19,405 [pool-56-thread-1] INFO  server.RaftServerConfigKeys (ConfUtils.java:logGet(44)) - raft.server.sleep.deviation.threshold = 300ms (default)
2022-04-28 13:45:19,405 [pool-56-thread-1] INFO  server.RaftServerConfigKeys (ConfUtils.java:logGet(44)) - raft.server.log.appender.install.snapshot.enabled = false (custom)
2022-04-28 13:45:19,405 [pool-56-thread-1] INFO  server.RaftServer$Division (ServerState.java:<init>(105)) - om1@group-C5BA1605619E: ConfigurationManager, init=-1: [om1|rpc:localhost:9872|priority:0], old=null, confs=<EMPTY_MAP>
2022-04-28 13:45:19,405 [pool-56-thread-1] INFO  server.RaftServerConfigKeys (ConfUtils.java:logGet(44)) - raft.server.storage.dir = [/home/runner/work/ozone/ozone/hadoop-ozone/integration-test/target/test-dir/MiniOzoneClusterImpl-961b773a-55ec-4776-b588-5de87e184680/ozone-meta/ratis] (custom)
2022-04-28 13:45:19,405 [pool-56-thread-1] INFO  server.RaftServerConfigKeys (ConfUtils.java:logGet(44)) - raft.server.log.corruption.policy = EXCEPTION (default)
2022-04-28 13:45:19,406 [pool-56-thread-1] INFO  server.RaftServerConfigKeys (ConfUtils.java:logGet(44)) - raft.server.storage.free-space.min = 0MB (=0) (default)
2022-04-28 13:45:19,406 [pool-56-thread-1] INFO  storage.RaftStorageDirectory (RaftStorageDirectoryImpl.java:analyzeStorage(135)) - The storage directory /home/runner/work/ozone/ozone/hadoop-ozone/integration-test/target/test-dir/MiniOzoneClusterImpl-961b773a-55ec-4776-b588-5de87e184680/ozone-meta/ratis/bf265839-605b-3f16-9796-c5ba1605619e does not exist. Creating ...
2022-04-28 13:45:19,407 [pool-56-thread-1] INFO  storage.RaftStorageDirectory (RaftStorageDirectoryImpl.java:tryLock(230)) - Lock on /home/runner/work/ozone/ozone/hadoop-ozone/integration-test/target/test-dir/MiniOzoneClusterImpl-961b773a-55ec-4776-b588-5de87e184680/ozone-meta/ratis/bf265839-605b-3f16-9796-c5ba1605619e/in_use.lock acquired by nodename 9841@fv-az294-869
2022-04-28 13:45:19,414 [pool-56-thread-1] INFO  storage.RaftStorage (RaftStorageImpl.java:format(89)) - Storage directory /home/runner/work/ozone/ozone/hadoop-ozone/integration-test/target/test-dir/MiniOzoneClusterImpl-961b773a-55ec-4776-b588-5de87e184680/ozone-meta/ratis/bf265839-605b-3f16-9796-c5ba1605619e has been successfully formatted.
2022-04-28 13:45:19,415 [pool-56-thread-1] INFO  server.RaftServerConfigKeys (ConfUtils.java:logGet(44)) - raft.server.notification.no-leader.timeout = 120s (custom)
2022-04-28 13:45:19,415 [pool-56-thread-1] INFO  server.RaftServerConfigKeys (ConfUtils.java:logGet(44)) - raft.server.log.use.memory = false (default)
2022-04-28 13:45:19,415 [pool-56-thread-1] INFO  server.RaftServerConfigKeys (ConfUtils.java:logGet(44)) - raft.server.log.purge.gap = 1000000 (custom)
2022-04-28 13:45:19,415 [pool-56-thread-1] INFO  server.RaftServerConfigKeys (ConfUtils.java:logGet(44)) - raft.server.log.appender.buffer.byte-limit = 33554432 (custom)
2022-04-28 13:45:19,415 [pool-56-thread-1] INFO  server.RaftServerConfigKeys (ConfUtils.java:logGet(44)) - raft.server.log.segment.size.max = 4194304 (custom)
2022-04-28 13:45:19,416 [pool-56-thread-1] INFO  server.RaftServerConfigKeys (ConfUtils.java:logGet(44)) - raft.server.log.segment.cache.num.max = 2 (custom)
2022-04-28 13:45:19,416 [pool-56-thread-1] INFO  server.RaftServerConfigKeys (ConfUtils.java:logGet(44)) - raft.server.log.segment.cache.size.max = 200MB (=209715200) (default)
2022-04-28 13:45:19,416 [pool-56-thread-1] INFO  segmented.SegmentedRaftLogWorker (SegmentedRaftLogWorker.java:<init>(182)) - new om1@group-C5BA1605619E-SegmentedRaftLogWorker for RaftStorageImpl:Storage Directory /home/runner/work/ozone/ozone/hadoop-ozone/integration-test/target/test-dir/MiniOzoneClusterImpl-961b773a-55ec-4776-b588-5de87e184680/ozone-meta/ratis/bf265839-605b-3f16-9796-c5ba1605619e
2022-04-28 13:45:19,416 [pool-56-thread-1] INFO  server.RaftServerConfigKeys (ConfUtils.java:logGet(44)) - raft.server.log.queue.byte-limit = 64MB (=67108864) (default)
2022-04-28 13:45:19,416 [pool-56-thread-1] INFO  server.RaftServerConfigKeys (ConfUtils.java:logGet(44)) - raft.server.log.queue.element-limit = 4096 (default)
2022-04-28 13:45:19,416 [pool-56-thread-1] INFO  server.RaftServerConfigKeys (ConfUtils.java:logGet(44)) - raft.server.log.segment.size.max = 4194304 (custom)
2022-04-28 13:45:19,416 [pool-56-thread-1] INFO  server.RaftServerConfigKeys (ConfUtils.java:logGet(44)) - raft.server.log.preallocated.size = 4194304 (custom)
2022-04-28 13:45:19,416 [pool-56-thread-1] INFO  server.RaftServerConfigKeys (ConfUtils.java:logGet(44)) - raft.server.log.force.sync.num = 128 (default)
2022-04-28 13:45:19,416 [pool-56-thread-1] INFO  server.RaftServerConfigKeys (ConfUtils.java:logGet(44)) - raft.server.log.statemachine.data.sync = true (default)
2022-04-28 13:45:19,417 [pool-56-thread-1] INFO  server.RaftServerConfigKeys (ConfUtils.java:logGet(44)) - raft.server.log.statemachine.data.sync.timeout = 10s (default)
2022-04-28 13:45:19,417 [pool-56-thread-1] INFO  server.RaftServerConfigKeys (ConfUtils.java:logGet(44)) - raft.server.log.statemachine.data.sync.timeout.retry = -1 (default)
2022-04-28 13:45:19,418 [pool-56-thread-1] INFO  server.RaftServerConfigKeys (ConfUtils.java:logGet(44)) - raft.server.log.write.buffer.size = 64KB (=65536) (default)
2022-04-28 13:45:19,418 [pool-56-thread-1] INFO  server.RaftServerConfigKeys (ConfUtils.java:logGet(44)) - raft.server.log.statemachine.data.caching.enabled = false (default)
2022-04-28 13:45:19,418 [pool-56-thread-1] INFO  segmented.SegmentedRaftLogWorker (SegmentedRaftLogWorker.java:lambda$new$0(133)) - om1@group-C5BA1605619E-SegmentedRaftLogWorker: flushIndex: setUnconditionally 0 -> -1
2022-04-28 13:45:19,418 [pool-56-thread-1] INFO  segmented.SegmentedRaftLogWorker (SegmentedRaftLogWorker.java:lambda$new$0(133)) - om1@group-C5BA1605619E-SegmentedRaftLogWorker: safeCacheEvictIndex: setUnconditionally 0 -> -1
2022-04-28 13:45:19,418 [pool-56-thread-1] INFO  server.RaftServerConfigKeys (ConfUtils.java:logGet(44)) - raft.server.snapshot.auto.trigger.enabled = true (custom)
2022-04-28 13:45:19,418 [pool-56-thread-1] INFO  server.RaftServerConfigKeys (ConfUtils.java:logGet(44)) - raft.server.snapshot.auto.trigger.threshold = 400000 (default)
2022-04-28 13:45:19,418 [pool-56-thread-1] INFO  server.RaftServerConfigKeys (ConfUtils.java:logGet(44)) - raft.server.snapshot.retention.file.num = -1 (default)
2022-04-28 13:45:19,418 [pool-56-thread-1] INFO  server.RaftServerConfigKeys (ConfUtils.java:logGet(44)) - raft.server.log.purge.upto.snapshot.index = true (custom)
2022-04-28 13:45:19,418 [pool-56-thread-1] INFO  server.RaftServerConfigKeys (ConfUtils.java:logGet(44)) - raft.server.retrycache.expirytime = 300s (custom)
2022-04-28 13:45:19,419 [pool-56-thread-1] INFO  server.RaftServerConfigKeys (ConfUtils.java:logGet(44)) - raft.server.retrycache.statistics.expirytime = 100μs (default)
2022-04-28 13:45:19,924 [Listener at 0.0.0.0/45969] INFO  reflections.Reflections (Reflections.java:scan(232)) - Reflections took 482 ms to scan 19 urls, producing 61 keys and 3693 values [using 2 cores]
2022-04-28 13:45:20,238 [Listener at 0.0.0.0/45969] INFO  ipc.CallQueueManager (CallQueueManager.java:<init>(90)) - Using callQueue: class java.util.concurrent.LinkedBlockingQueue, queueCapacity: 2000, scheduler: class org.apache.hadoop.ipc.DefaultRpcScheduler, ipcBackoff: false.
2022-04-28 13:45:20,239 [Socket Reader #1 for port 0] INFO  ipc.Server (Server.java:run(1265)) - Starting Socket Reader #1 for port 0
2022-04-28 13:45:20,269 [Listener at 127.0.0.1/38637] INFO  impl.MetricsSystemImpl (MetricsSystemImpl.java:init(158)) - OzoneManager metrics system started (again)
2022-04-28 13:45:20,284 [Listener at 127.0.0.1/38637] INFO  om.OzoneManager (OzoneManager.java:start(1394)) - OzoneManager RPC server is listening at localhost/127.0.0.1:38637
2022-04-28 13:45:20,284 [Listener at 127.0.0.1/38637] INFO  ratis.OzoneManagerRatisServer (OzoneManagerRatisServer.java:start(554)) - Starting OzoneManagerRatisServer om1 at port 9872
2022-04-28 13:45:20,284 [Listener at 127.0.0.1/38637] INFO  server.RaftServer$Division (RaftServerImpl.java:start(301)) - om1@group-C5BA1605619E: start as a follower, conf=-1: [om1|rpc:localhost:9872|priority:0], old=null
2022-04-28 13:45:20,284 [Listener at 127.0.0.1/38637] INFO  server.RaftServer$Division (RaftServerImpl.java:setRole(290)) - om1@group-C5BA1605619E: changes role from      null to FOLLOWER at term 0 for startAsFollower
2022-04-28 13:45:20,293 [Listener at 127.0.0.1/38637] INFO  impl.RoleInfo (RoleInfo.java:updateAndGet(130)) - om1: start om1@group-C5BA1605619E-FollowerState
2022-04-28 13:45:20,294 [Listener at 127.0.0.1/38637] INFO  util.JmxRegister (JmxRegister.java:tryRegister(44)) - Successfully registered JMX Bean with object name Ratis:service=RaftServer,group=group-C5BA1605619E,id=om1
2022-04-28 13:45:20,298 [Listener at 127.0.0.1/38637] INFO  server.RaftServer (RaftServerProxy.java:lambda$start$5(374)) - om1: start RPC server
2022-04-28 13:45:20,299 [Listener at 127.0.0.1/38637] INFO  server.GrpcService (GrpcService.java:startImpl(253)) - om1: GrpcService started, listening on 9872
2022-04-28 13:45:20,301 [Listener at 127.0.0.1/38637] INFO  om.OzoneManager (OzoneManager.java:start(1410)) - Version File has different layout version (1) than OM DB (null). That is expected if this OM has never been finalized to a newer layout version.
2022-04-28 13:45:20,304 [org.apache.ratis.util.JvmPauseMonitor$$Lambda$468/1104361616@3afce4e] INFO  util.JvmPauseMonitor (JvmPauseMonitor.java:run(103)) - JvmPauseMonitor-om1: Started
2022-04-28 13:45:20,323 [Listener at 127.0.0.1/38637] INFO  http.BaseHttpServer (BaseHttpServer.java:newHttpServer2BuilderForOzone(209)) - Starting Web-server for ozoneManager at: http://0.0.0.0:0
2022-04-28 13:45:20,323 [Listener at 127.0.0.1/38637] INFO  http.BaseHttpServer (BaseHttpServer.java:<init>(107)) - Hadoop Security Enabled: false Ozone Security Enabled: false Ozone HTTP Security Enabled: false 
2022-04-28 13:45:20,325 [Listener at 127.0.0.1/38637] INFO  server.AuthenticationFilter (AuthenticationFilter.java:constructSecretProvider(240)) - Unable to initialize FileSignerSecretProvider, falling back to use random secrets.
2022-04-28 13:45:20,326 [Listener at 127.0.0.1/38637] WARN  http.HttpRequestLog (HttpRequestLog.java:getRequestLog(103)) - Jetty request log can only be enabled using Log4j
2022-04-28 13:45:20,327 [Listener at 127.0.0.1/38637] INFO  http.HttpServer2 (HttpServer2.java:addGlobalFilter(1030)) - Added global filter 'safety' (class=org.apache.hadoop.hdds.server.http.HttpServer2$QuotingInputFilter)
2022-04-28 13:45:20,328 [Listener at 127.0.0.1/38637] INFO  http.HttpServer2 (HttpServer2.java:addFilter(1006)) - Added filter static_user_filter (class=org.apache.hadoop.http.lib.StaticUserWebFilter$StaticUserFilter) to context ozoneManager
2022-04-28 13:45:20,328 [Listener at 127.0.0.1/38637] INFO  http.HttpServer2 (HttpServer2.java:addFilter(1014)) - Added filter static_user_filter (class=org.apache.hadoop.http.lib.StaticUserWebFilter$StaticUserFilter) to context static
2022-04-28 13:45:20,328 [Listener at 127.0.0.1/38637] INFO  http.HttpServer2 (HttpServer2.java:addFilter(1014)) - Added filter static_user_filter (class=org.apache.hadoop.http.lib.StaticUserWebFilter$StaticUserFilter) to context logs
2022-04-28 13:45:20,330 [Listener at 127.0.0.1/38637] INFO  http.HttpServer2 (HttpServer2.java:bindListener(1249)) - Jetty bound to port 32919
2022-04-28 13:45:20,330 [Listener at 127.0.0.1/38637] INFO  server.Server (Server.java:doStart(375)) - jetty-9.4.43.v20210629; built: 2021-06-30T11:07:22.254Z; git: 526006ecfa3af7f1a27ef3a288e2bef7ea9dd7e8; jvm 1.8.0_322-b06
2022-04-28 13:45:20,338 [Listener at 127.0.0.1/38637] INFO  server.session (DefaultSessionIdManager.java:doStart(334)) - DefaultSessionIdManager workerName=node0
2022-04-28 13:45:20,338 [Listener at 127.0.0.1/38637] INFO  server.session (DefaultSessionIdManager.java:doStart(339)) - No SessionScavenger set, using defaults
2022-04-28 13:45:20,338 [Listener at 127.0.0.1/38637] INFO  server.session (HouseKeeper.java:startScavenging(132)) - node0 Scavenging every 660000ms
2022-04-28 13:45:20,339 [Listener at 127.0.0.1/38637] INFO  handler.ContextHandler (ContextHandler.java:doStart(915)) - Started o.e.j.s.ServletContextHandler@1aa13e39{logs,/logs,file:///home/runner/work/ozone/ozone/hadoop-ozone/integration-test/target/log,AVAILABLE}
2022-04-28 13:45:20,339 [Listener at 127.0.0.1/38637] INFO  handler.ContextHandler (ContextHandler.java:doStart(915)) - Started o.e.j.s.ServletContextHandler@337cbca8{static,/static,file:///home/runner/work/ozone/ozone/hadoop-ozone/integration-test/target/test-classes/webapps/static,AVAILABLE}
2022-04-28 13:45:20,343 [Listener at 127.0.0.1/38637] INFO  handler.ContextHandler (ContextHandler.java:doStart(915)) - Started o.e.j.w.WebAppContext@6df75e68{ozoneManager,/,file:///home/runner/work/ozone/ozone/hadoop-ozone/integration-test/target/test-classes/webapps/ozoneManager/,AVAILABLE}{file:/home/runner/work/ozone/ozone/hadoop-ozone/integration-test/target/test-classes/webapps/ozoneManager}
2022-04-28 13:45:20,346 [Listener at 127.0.0.1/38637] INFO  server.AbstractConnector (AbstractConnector.java:doStart(331)) - Started ServerConnector@10ae19c8{HTTP/1.1, (http/1.1)}{0.0.0.0:32919}
2022-04-28 13:45:20,346 [Listener at 127.0.0.1/38637] INFO  server.Server (Server.java:doStart(415)) - Started @17356ms
2022-04-28 13:45:20,346 [Listener at 127.0.0.1/38637] WARN  impl.MetricsSystemImpl (MetricsSystemImpl.java:register(279)) - Sink prometheus already exists!
2022-04-28 13:45:20,347 [Listener at 127.0.0.1/38637] INFO  http.BaseHttpServer (BaseHttpServer.java:updateConnectorAddress(329)) - HTTP server of ozoneManager listening at http://0.0.0.0:32919
2022-04-28 13:45:20,347 [IPC Server Responder] INFO  ipc.Server (Server.java:run(1507)) - IPC Server Responder: starting
2022-04-28 13:45:20,348 [IPC Server listener on 0] INFO  ipc.Server (Server.java:run(1344)) - IPC Server listener on 0: starting
2022-04-28 13:45:20,352 [Listener at 127.0.0.1/38637] INFO  om.OzoneManager (OzoneManager.java:startTrashEmptier(1833)) - Trash Interval set to 0. Files deleted will not move to trash
2022-04-28 13:45:20,366 [org.apache.hadoop.util.JvmPauseMonitor$Monitor@5351949c] INFO  util.JvmPauseMonitor (JvmPauseMonitor.java:run(188)) - Starting JVM pause monitor
2022-04-28 13:45:20,513 [Listener at 127.0.0.1/38637] WARN  impl.MetricRegistriesImpl (MetricRegistriesImpl.java:addReporterRegistration(111)) - New reporters are added after registries were created. Some metrics will be missing from the reporter. Please add reporter before adding any new registry.
2022-04-28 13:45:20,513 [Listener at 127.0.0.1/38637] WARN  impl.MetricRegistriesImpl (MetricRegistriesImpl.java:addReporterRegistration(111)) - New reporters are added after registries were created. Some metrics will be missing from the reporter. Please add reporter before adding any new registry.
2022-04-28 13:45:20,513 [Listener at 127.0.0.1/38637] INFO  impl.MetricsSystemImpl (MetricsSystemImpl.java:init(158)) - HddsDatanode metrics system started (again)
2022-04-28 13:45:20,529 [Listener at 127.0.0.1/38637] INFO  ozone.HddsDatanodeService (HddsDatanodeService.java:start(233)) - HddsDatanodeService host:fv-az294-869.eaanfquahm5ulb5tj050gcxych.jx.internal.cloudapp.net ip:10.1.0.6
2022-04-28 13:45:20,562 [Listener at 127.0.0.1/38637] INFO  upgrade.AbstractLayoutVersionManager (AbstractLayoutVersionManager.java:init(79)) - Initializing Layout version manager with metadata layout = ERASURE_CODED_STORAGE_SUPPORT (version = 3), software layout = ERASURE_CODED_STORAGE_SUPPORT (version = 3)
2022-04-28 13:45:20,600 [Listener at 127.0.0.1/38637] INFO  reflections.Reflections (Reflections.java:scan(232)) - Reflections took 37 ms to scan 7 urls, producing 126 keys and 287 values 
2022-04-28 13:45:20,604 [Listener at 127.0.0.1/38637] INFO  statemachine.DatanodeStateMachine (DatanodeStateMachine.java:getEndPointTaskThreadPoolSize(224)) - Datanode State Machine Task Thread Pool size 2
2022-04-28 13:45:20,658 [Listener at 127.0.0.1/38637] INFO  volume.HddsVolume (HddsVolume.java:<init>(120)) - Creating HddsVolume: /home/runner/work/ozone/ozone/hadoop-ozone/integration-test/target/test-dir/MiniOzoneClusterImpl-961b773a-55ec-4776-b588-5de87e184680/datanode-0/data-0/containers/hdds of storage type : DISK capacity : 9223372036854775807
2022-04-28 13:45:20,661 [Listener at 127.0.0.1/38637] INFO  volume.MutableVolumeSet (MutableVolumeSet.java:initializeVolumeSet(168)) - Added Volume : /home/runner/work/ozone/ozone/hadoop-ozone/integration-test/target/test-dir/MiniOzoneClusterImpl-961b773a-55ec-4776-b588-5de87e184680/datanode-0/data-0/containers/hdds to VolumeSet
2022-04-28 13:45:20,662 [Listener at 127.0.0.1/38637] INFO  volume.ThrottledAsyncChecker (ThrottledAsyncChecker.java:schedule(141)) - Scheduling a check for /home/runner/work/ozone/ozone/hadoop-ozone/integration-test/target/test-dir/MiniOzoneClusterImpl-961b773a-55ec-4776-b588-5de87e184680/datanode-0/data-0/containers/hdds
2022-04-28 13:45:20,682 [Listener at 127.0.0.1/38637] INFO  volume.StorageVolumeChecker (StorageVolumeChecker.java:checkAllVolumes(202)) - Scheduled health check for volume /home/runner/work/ozone/ozone/hadoop-ozone/integration-test/target/test-dir/MiniOzoneClusterImpl-961b773a-55ec-4776-b588-5de87e184680/datanode-0/data-0/containers/hdds
2022-04-28 13:45:20,699 [Listener at 127.0.0.1/38637] INFO  volume.MutableVolumeSet (MutableVolumeSet.java:initializeVolumeSet(168)) - Added Volume : /home/runner/work/ozone/ozone/hadoop-ozone/integration-test/target/test-dir/MiniOzoneClusterImpl-961b773a-55ec-4776-b588-5de87e184680/datanode-0/data/ratis to VolumeSet
2022-04-28 13:45:20,699 [Listener at 127.0.0.1/38637] INFO  volume.ThrottledAsyncChecker (ThrottledAsyncChecker.java:schedule(141)) - Scheduling a check for /home/runner/work/ozone/ozone/hadoop-ozone/integration-test/target/test-dir/MiniOzoneClusterImpl-961b773a-55ec-4776-b588-5de87e184680/datanode-0/data/ratis
2022-04-28 13:45:20,699 [Listener at 127.0.0.1/38637] INFO  volume.StorageVolumeChecker (StorageVolumeChecker.java:checkAllVolumes(202)) - Scheduled health check for volume /home/runner/work/ozone/ozone/hadoop-ozone/integration-test/target/test-dir/MiniOzoneClusterImpl-961b773a-55ec-4776-b588-5de87e184680/datanode-0/data/ratis
2022-04-28 13:45:20,720 [Thread-141] INFO  ozoneimpl.ContainerReader (ContainerReader.java:readVolume(172)) - Finish verifying containers on volume /home/runner/work/ozone/ozone/hadoop-ozone/integration-test/target/test-dir/MiniOzoneClusterImpl-961b773a-55ec-4776-b588-5de87e184680/datanode-0/data-0/containers/hdds
2022-04-28 13:45:20,720 [Listener at 127.0.0.1/38637] INFO  ozoneimpl.OzoneContainer (OzoneContainer.java:buildContainerSet(257)) - Build ContainerSet costs 0s
2022-04-28 13:45:20,766 [Listener at 127.0.0.1/38637] INFO  audit.AuditLogger (AuditLogger.java:refreshDebugCmdSet(120)) - Refresh DebugCmdSet for DNAudit to [].
2022-04-28 13:45:20,788 [Listener at 127.0.0.1/38637] INFO  server.RaftServer (ConfUtils.java:logGet(44)) - raft.rpc.type = GRPC (default)
2022-04-28 13:45:20,788 [Listener at 127.0.0.1/38637] INFO  grpc.GrpcFactory (GrpcFactory.java:checkPooledByteBufAllocatorUseCacheForAllThreads(48)) - PERFORMANCE WARNING: useCacheForAllThreads is true that may cause Netty to create a lot garbage objects and, as a result, trigger GC.
	It is recommended to disable useCacheForAllThreads by setting -Dorg.apache.ratis.thirdparty.io.netty.allocator.useCacheForAllThreads=false in command line.
2022-04-28 13:45:20,788 [Listener at 127.0.0.1/38637] INFO  grpc.GrpcConfigKeys (ConfUtils.java:logGet(44)) - raft.grpc.admin.port = 0 (custom)
2022-04-28 13:45:20,789 [Listener at 127.0.0.1/38637] INFO  grpc.GrpcConfigKeys (ConfUtils.java:logGet(44)) - raft.grpc.client.port = 0 (custom)
2022-04-28 13:45:20,789 [Listener at 127.0.0.1/38637] INFO  grpc.GrpcConfigKeys (ConfUtils.java:logGet(44)) - raft.grpc.server.port = 0 (default)
2022-04-28 13:45:20,789 [Listener at 127.0.0.1/38637] INFO  server.GrpcService (ConfUtils.java:logGet(44)) - raft.grpc.message.size.max = 32MB (=33554432) (custom)
2022-04-28 13:45:20,789 [Listener at 127.0.0.1/38637] INFO  server.RaftServerConfigKeys (ConfUtils.java:logGet(44)) - raft.server.log.appender.buffer.byte-limit = 33554432 (custom)
2022-04-28 13:45:20,789 [Listener at 127.0.0.1/38637] INFO  server.GrpcService (ConfUtils.java:logGet(44)) - raft.grpc.flow.control.window = 5MB (=5242880) (custom)
2022-04-28 13:45:20,789 [Listener at 127.0.0.1/38637] INFO  server.RaftServerConfigKeys (ConfUtils.java:logGet(44)) - raft.server.rpc.request.timeout = 3000ms (default)
2022-04-28 13:45:20,790 [Listener at 127.0.0.1/38637] INFO  impl.DataStreamServerImpl (ConfUtils.java:logGet(44)) - raft.datastream.type = DISABLED (default)
2022-04-28 13:45:20,790 [Listener at 127.0.0.1/38637] INFO  server.RaftServerConfigKeys (ConfUtils.java:logGet(44)) - raft.server.rpc.slowness.timeout = 300000ms (custom)
2022-04-28 13:45:20,791 [Listener at 127.0.0.1/38637] INFO  server.RaftServerConfigKeys (ConfUtils.java:logGet(44)) - raft.server.leaderelection.leader.step-down.wait-time = 10s (default)
2022-04-28 13:45:20,791 [Listener at 127.0.0.1/38637] INFO  server.RaftServerConfigKeys (ConfUtils.java:logGet(44)) - raft.server.storage.dir = [/home/runner/work/ozone/ozone/hadoop-ozone/integration-test/target/test-dir/MiniOzoneClusterImpl-961b773a-55ec-4776-b588-5de87e184680/datanode-0/data/ratis] (custom)
2022-04-28 13:45:20,810 [Listener at 127.0.0.1/38637] INFO  server.XceiverServerGrpc (XceiverServerGrpc.java:<init>(132)) - GrpcServer channel type EpollServerSocketChannel
2022-04-28 13:45:20,854 [Listener at 127.0.0.1/38637] INFO  http.BaseHttpServer (BaseHttpServer.java:newHttpServer2BuilderForOzone(209)) - Starting Web-server for hddsDatanode at: http://0.0.0.0:0
2022-04-28 13:45:20,854 [Listener at 127.0.0.1/38637] INFO  http.BaseHttpServer (BaseHttpServer.java:<init>(107)) - Hadoop Security Enabled: false Ozone Security Enabled: false Ozone HTTP Security Enabled: false 
2022-04-28 13:45:20,856 [Listener at 127.0.0.1/38637] INFO  server.AuthenticationFilter (AuthenticationFilter.java:constructSecretProvider(240)) - Unable to initialize FileSignerSecretProvider, falling back to use random secrets.
2022-04-28 13:45:20,858 [Listener at 127.0.0.1/38637] WARN  http.HttpRequestLog (HttpRequestLog.java:getRequestLog(103)) - Jetty request log can only be enabled using Log4j
2022-04-28 13:45:20,859 [Listener at 127.0.0.1/38637] INFO  http.HttpServer2 (HttpServer2.java:addGlobalFilter(1030)) - Added global filter 'safety' (class=org.apache.hadoop.hdds.server.http.HttpServer2$QuotingInputFilter)
2022-04-28 13:45:20,860 [Listener at 127.0.0.1/38637] INFO  http.HttpServer2 (HttpServer2.java:addFilter(1006)) - Added filter static_user_filter (class=org.apache.hadoop.http.lib.StaticUserWebFilter$StaticUserFilter) to context hddsDatanode
2022-04-28 13:45:20,860 [Listener at 127.0.0.1/38637] INFO  http.HttpServer2 (HttpServer2.java:addFilter(1014)) - Added filter static_user_filter (class=org.apache.hadoop.http.lib.StaticUserWebFilter$StaticUserFilter) to context static
2022-04-28 13:45:20,860 [Listener at 127.0.0.1/38637] INFO  http.HttpServer2 (HttpServer2.java:addFilter(1014)) - Added filter static_user_filter (class=org.apache.hadoop.http.lib.StaticUserWebFilter$StaticUserFilter) to context logs
2022-04-28 13:45:20,860 [Listener at 127.0.0.1/38637] INFO  http.HttpServer2 (HttpServer2.java:bindListener(1249)) - Jetty bound to port 35697
2022-04-28 13:45:20,860 [Listener at 127.0.0.1/38637] INFO  server.Server (Server.java:doStart(375)) - jetty-9.4.43.v20210629; built: 2021-06-30T11:07:22.254Z; git: 526006ecfa3af7f1a27ef3a288e2bef7ea9dd7e8; jvm 1.8.0_322-b06
2022-04-28 13:45:20,870 [Listener at 127.0.0.1/38637] INFO  server.session (DefaultSessionIdManager.java:doStart(334)) - DefaultSessionIdManager workerName=node0
2022-04-28 13:45:20,870 [Listener at 127.0.0.1/38637] INFO  server.session (DefaultSessionIdManager.java:doStart(339)) - No SessionScavenger set, using defaults
2022-04-28 13:45:20,870 [Listener at 127.0.0.1/38637] INFO  server.session (HouseKeeper.java:startScavenging(132)) - node0 Scavenging every 660000ms
2022-04-28 13:45:20,871 [Listener at 127.0.0.1/38637] INFO  handler.ContextHandler (ContextHandler.java:doStart(915)) - Started o.e.j.s.ServletContextHandler@1dcda860{logs,/logs,file:///home/runner/work/ozone/ozone/hadoop-ozone/integration-test/target/log,AVAILABLE}
2022-04-28 13:45:20,872 [Listener at 127.0.0.1/38637] INFO  handler.ContextHandler (ContextHandler.java:doStart(915)) - Started o.e.j.s.ServletContextHandler@68e6d932{static,/static,jar:file:/home/runner/.m2/repository/org/apache/ozone/hdds-container-service/1.3.0-SNAPSHOT/hdds-container-service-1.3.0-SNAPSHOT.jar!/webapps/static,AVAILABLE}
2022-04-28 13:45:21,043 [Listener at 127.0.0.1/38637] INFO  handler.ContextHandler (ContextHandler.java:doStart(915)) - Started o.e.j.w.WebAppContext@79844f49{hddsDatanode,/,file:///tmp/jetty-0_0_0_0-35697-hdds-container-service-1_3_0-SNAPSHOT_jar-_-any-8978818515154308735/webapp/,AVAILABLE}{jar:file:/home/runner/.m2/repository/org/apache/ozone/hdds-container-service/1.3.0-SNAPSHOT/hdds-container-service-1.3.0-SNAPSHOT.jar!/webapps/hddsDatanode}
2022-04-28 13:45:21,044 [Listener at 127.0.0.1/38637] INFO  server.AbstractConnector (AbstractConnector.java:doStart(331)) - Started ServerConnector@61dd4cf6{HTTP/1.1, (http/1.1)}{0.0.0.0:35697}
2022-04-28 13:45:21,044 [Listener at 127.0.0.1/38637] INFO  server.Server (Server.java:doStart(415)) - Started @18054ms
2022-04-28 13:45:21,044 [Listener at 127.0.0.1/38637] WARN  impl.MetricsSystemImpl (MetricsSystemImpl.java:register(279)) - Sink prometheus already exists!
2022-04-28 13:45:21,045 [Listener at 127.0.0.1/38637] INFO  http.BaseHttpServer (BaseHttpServer.java:updateConnectorAddress(329)) - HTTP server of hddsDatanode listening at http://0.0.0.0:35697
2022-04-28 13:45:21,050 [Listener at 127.0.0.1/38637] WARN  impl.MetricRegistriesImpl (MetricRegistriesImpl.java:addReporterRegistration(111)) - New reporters are added after registries were created. Some metrics will be missing from the reporter. Please add reporter before adding any new registry.
2022-04-28 13:45:21,050 [Listener at 127.0.0.1/38637] WARN  impl.MetricRegistriesImpl (MetricRegistriesImpl.java:addReporterRegistration(111)) - New reporters are added after registries were created. Some metrics will be missing from the reporter. Please add reporter before adding any new registry.
2022-04-28 13:45:21,050 [Listener at 127.0.0.1/38637] INFO  impl.MetricsSystemImpl (MetricsSystemImpl.java:init(158)) - HddsDatanode metrics system started (again)
2022-04-28 13:45:21,062 [Datanode State Machine Daemon Thread] INFO  statemachine.DatanodeStateMachine (DatanodeStateMachine.java:lambda$startDaemon$0(472)) - Ozone container server started.
2022-04-28 13:45:21,070 [org.apache.hadoop.util.JvmPauseMonitor$Monitor@49f0930f] INFO  util.JvmPauseMonitor (JvmPauseMonitor.java:run(188)) - Starting JVM pause monitor
2022-04-28 13:45:21,076 [Listener at 127.0.0.1/38637] INFO  ozone.HddsDatanodeService (HddsDatanodeService.java:start(233)) - HddsDatanodeService host:fv-az294-869.eaanfquahm5ulb5tj050gcxych.jx.internal.cloudapp.net ip:10.1.0.6
2022-04-28 13:45:21,105 [Listener at 127.0.0.1/38637] INFO  upgrade.AbstractLayoutVersionManager (AbstractLayoutVersionManager.java:init(79)) - Initializing Layout version manager with metadata layout = ERASURE_CODED_STORAGE_SUPPORT (version = 3), software layout = ERASURE_CODED_STORAGE_SUPPORT (version = 3)
2022-04-28 13:45:21,193 [Listener at 127.0.0.1/38637] INFO  reflections.Reflections (Reflections.java:scan(232)) - Reflections took 87 ms to scan 7 urls, producing 126 keys and 287 values 
2022-04-28 13:45:21,194 [Listener at 127.0.0.1/38637] INFO  statemachine.DatanodeStateMachine (DatanodeStateMachine.java:getEndPointTaskThreadPoolSize(224)) - Datanode State Machine Task Thread Pool size 2
2022-04-28 13:45:21,210 [Listener at 127.0.0.1/38637] INFO  volume.HddsVolume (HddsVolume.java:<init>(120)) - Creating HddsVolume: /home/runner/work/ozone/ozone/hadoop-ozone/integration-test/target/test-dir/MiniOzoneClusterImpl-961b773a-55ec-4776-b588-5de87e184680/datanode-1/data-0/containers/hdds of storage type : DISK capacity : 9223372036854775807
2022-04-28 13:45:21,211 [Listener at 127.0.0.1/38637] INFO  volume.MutableVolumeSet (MutableVolumeSet.java:initializeVolumeSet(168)) - Added Volume : /home/runner/work/ozone/ozone/hadoop-ozone/integration-test/target/test-dir/MiniOzoneClusterImpl-961b773a-55ec-4776-b588-5de87e184680/datanode-1/data-0/containers/hdds to VolumeSet
2022-04-28 13:45:21,211 [Listener at 127.0.0.1/38637] INFO  volume.ThrottledAsyncChecker (ThrottledAsyncChecker.java:schedule(141)) - Scheduling a check for /home/runner/work/ozone/ozone/hadoop-ozone/integration-test/target/test-dir/MiniOzoneClusterImpl-961b773a-55ec-4776-b588-5de87e184680/datanode-1/data-0/containers/hdds
2022-04-28 13:45:21,219 [Datanode State Machine Task Thread - 0] INFO  datanode.InitDatanodeState (InitDatanodeState.java:persistContainerDatanodeDetails(138)) - DatanodeDetails is persisted to /home/runner/work/ozone/ozone/hadoop-ozone/integration-test/target/test-dir/MiniOzoneClusterImpl-961b773a-55ec-4776-b588-5de87e184680/datanode-0/meta/datanode.id
2022-04-28 13:45:21,219 [Listener at 127.0.0.1/38637] INFO  volume.StorageVolumeChecker (StorageVolumeChecker.java:checkAllVolumes(202)) - Scheduled health check for volume /home/runner/work/ozone/ozone/hadoop-ozone/integration-test/target/test-dir/MiniOzoneClusterImpl-961b773a-55ec-4776-b588-5de87e184680/datanode-1/data-0/containers/hdds
2022-04-28 13:45:21,231 [Listener at 127.0.0.1/38637] INFO  volume.MutableVolumeSet (MutableVolumeSet.java:initializeVolumeSet(168)) - Added Volume : /home/runner/work/ozone/ozone/hadoop-ozone/integration-test/target/test-dir/MiniOzoneClusterImpl-961b773a-55ec-4776-b588-5de87e184680/datanode-1/data/ratis to VolumeSet
2022-04-28 13:45:21,231 [Listener at 127.0.0.1/38637] INFO  volume.ThrottledAsyncChecker (ThrottledAsyncChecker.java:schedule(141)) - Scheduling a check for /home/runner/work/ozone/ozone/hadoop-ozone/integration-test/target/test-dir/MiniOzoneClusterImpl-961b773a-55ec-4776-b588-5de87e184680/datanode-1/data/ratis
2022-04-28 13:45:21,231 [Listener at 127.0.0.1/38637] INFO  volume.StorageVolumeChecker (StorageVolumeChecker.java:checkAllVolumes(202)) - Scheduled health check for volume /home/runner/work/ozone/ozone/hadoop-ozone/integration-test/target/test-dir/MiniOzoneClusterImpl-961b773a-55ec-4776-b588-5de87e184680/datanode-1/data/ratis
2022-04-28 13:45:21,247 [Thread-153] INFO  ozoneimpl.ContainerReader (ContainerReader.java:readVolume(172)) - Finish verifying containers on volume /home/runner/work/ozone/ozone/hadoop-ozone/integration-test/target/test-dir/MiniOzoneClusterImpl-961b773a-55ec-4776-b588-5de87e184680/datanode-1/data-0/containers/hdds
2022-04-28 13:45:21,248 [Listener at 127.0.0.1/38637] INFO  ozoneimpl.OzoneContainer (OzoneContainer.java:buildContainerSet(257)) - Build ContainerSet costs 0s
2022-04-28 13:45:21,251 [Listener at 127.0.0.1/38637] INFO  server.RaftServer (ConfUtils.java:logGet(44)) - raft.rpc.type = GRPC (default)
2022-04-28 13:45:21,252 [Listener at 127.0.0.1/38637] INFO  grpc.GrpcFactory (GrpcFactory.java:checkPooledByteBufAllocatorUseCacheForAllThreads(48)) - PERFORMANCE WARNING: useCacheForAllThreads is true that may cause Netty to create a lot garbage objects and, as a result, trigger GC.
	It is recommended to disable useCacheForAllThreads by setting -Dorg.apache.ratis.thirdparty.io.netty.allocator.useCacheForAllThreads=false in command line.
2022-04-28 13:45:21,252 [Listener at 127.0.0.1/38637] INFO  grpc.GrpcConfigKeys (ConfUtils.java:logGet(44)) - raft.grpc.admin.port = 0 (custom)
2022-04-28 13:45:21,252 [Listener at 127.0.0.1/38637] INFO  grpc.GrpcConfigKeys (ConfUtils.java:logGet(44)) - raft.grpc.client.port = 0 (custom)
2022-04-28 13:45:21,252 [Listener at 127.0.0.1/38637] INFO  grpc.GrpcConfigKeys (ConfUtils.java:logGet(44)) - raft.grpc.server.port = 0 (default)
2022-04-28 13:45:21,252 [Listener at 127.0.0.1/38637] INFO  server.GrpcService (ConfUtils.java:logGet(44)) - raft.grpc.message.size.max = 32MB (=33554432) (custom)
2022-04-28 13:45:21,252 [Listener at 127.0.0.1/38637] INFO  server.RaftServerConfigKeys (ConfUtils.java:logGet(44)) - raft.server.log.appender.buffer.byte-limit = 33554432 (custom)
2022-04-28 13:45:21,252 [Listener at 127.0.0.1/38637] INFO  server.GrpcService (ConfUtils.java:logGet(44)) - raft.grpc.flow.control.window = 5MB (=5242880) (custom)
2022-04-28 13:45:21,252 [Listener at 127.0.0.1/38637] INFO  server.RaftServerConfigKeys (ConfUtils.java:logGet(44)) - raft.server.rpc.request.timeout = 3000ms (default)
2022-04-28 13:45:21,258 [Listener at 127.0.0.1/38637] INFO  impl.DataStreamServerImpl (ConfUtils.java:logGet(44)) - raft.datastream.type = DISABLED (default)
2022-04-28 13:45:21,258 [Listener at 127.0.0.1/38637] INFO  server.RaftServerConfigKeys (ConfUtils.java:logGet(44)) - raft.server.rpc.slowness.timeout = 300000ms (custom)
2022-04-28 13:45:21,258 [Listener at 127.0.0.1/38637] INFO  server.RaftServerConfigKeys (ConfUtils.java:logGet(44)) - raft.server.leaderelection.leader.step-down.wait-time = 10s (default)
2022-04-28 13:45:21,258 [Listener at 127.0.0.1/38637] INFO  server.RaftServerConfigKeys (ConfUtils.java:logGet(44)) - raft.server.storage.dir = [/home/runner/work/ozone/ozone/hadoop-ozone/integration-test/target/test-dir/MiniOzoneClusterImpl-961b773a-55ec-4776-b588-5de87e184680/datanode-1/data/ratis] (custom)
2022-04-28 13:45:21,261 [Listener at 127.0.0.1/38637] INFO  server.XceiverServerGrpc (XceiverServerGrpc.java:<init>(132)) - GrpcServer channel type EpollServerSocketChannel
2022-04-28 13:45:21,265 [Listener at 127.0.0.1/38637] INFO  http.BaseHttpServer (BaseHttpServer.java:newHttpServer2BuilderForOzone(209)) - Starting Web-server for hddsDatanode at: http://0.0.0.0:0
2022-04-28 13:45:21,266 [Listener at 127.0.0.1/38637] INFO  http.BaseHttpServer (BaseHttpServer.java:<init>(107)) - Hadoop Security Enabled: false Ozone Security Enabled: false Ozone HTTP Security Enabled: false 
2022-04-28 13:45:21,267 [Listener at 127.0.0.1/38637] INFO  server.AuthenticationFilter (AuthenticationFilter.java:constructSecretProvider(240)) - Unable to initialize FileSignerSecretProvider, falling back to use random secrets.
2022-04-28 13:45:21,268 [Listener at 127.0.0.1/38637] WARN  http.HttpRequestLog (HttpRequestLog.java:getRequestLog(103)) - Jetty request log can only be enabled using Log4j
2022-04-28 13:45:21,268 [Listener at 127.0.0.1/38637] INFO  http.HttpServer2 (HttpServer2.java:addGlobalFilter(1030)) - Added global filter 'safety' (class=org.apache.hadoop.hdds.server.http.HttpServer2$QuotingInputFilter)
2022-04-28 13:45:21,269 [Listener at 127.0.0.1/38637] INFO  http.HttpServer2 (HttpServer2.java:addFilter(1006)) - Added filter static_user_filter (class=org.apache.hadoop.http.lib.StaticUserWebFilter$StaticUserFilter) to context hddsDatanode
2022-04-28 13:45:21,269 [Listener at 127.0.0.1/38637] INFO  http.HttpServer2 (HttpServer2.java:addFilter(1014)) - Added filter static_user_filter (class=org.apache.hadoop.http.lib.StaticUserWebFilter$StaticUserFilter) to context logs
2022-04-28 13:45:21,270 [Listener at 127.0.0.1/38637] INFO  http.HttpServer2 (HttpServer2.java:addFilter(1014)) - Added filter static_user_filter (class=org.apache.hadoop.http.lib.StaticUserWebFilter$StaticUserFilter) to context static
2022-04-28 13:45:21,270 [Listener at 127.0.0.1/38637] INFO  http.HttpServer2 (HttpServer2.java:bindListener(1249)) - Jetty bound to port 43243
2022-04-28 13:45:21,270 [Listener at 127.0.0.1/38637] INFO  server.Server (Server.java:doStart(375)) - jetty-9.4.43.v20210629; built: 2021-06-30T11:07:22.254Z; git: 526006ecfa3af7f1a27ef3a288e2bef7ea9dd7e8; jvm 1.8.0_322-b06
2022-04-28 13:45:21,286 [Listener at 127.0.0.1/38637] INFO  server.session (DefaultSessionIdManager.java:doStart(334)) - DefaultSessionIdManager workerName=node0
2022-04-28 13:45:21,287 [Listener at 127.0.0.1/38637] INFO  server.session (DefaultSessionIdManager.java:doStart(339)) - No SessionScavenger set, using defaults
2022-04-28 13:45:21,287 [Listener at 127.0.0.1/38637] INFO  server.session (HouseKeeper.java:startScavenging(132)) - node0 Scavenging every 600000ms
2022-04-28 13:45:21,288 [Listener at 127.0.0.1/38637] INFO  handler.ContextHandler (ContextHandler.java:doStart(915)) - Started o.e.j.s.ServletContextHandler@6819eafa{logs,/logs,file:///home/runner/work/ozone/ozone/hadoop-ozone/integration-test/target/log,AVAILABLE}
2022-04-28 13:45:21,288 [Listener at 127.0.0.1/38637] INFO  handler.ContextHandler (ContextHandler.java:doStart(915)) - Started o.e.j.s.ServletContextHandler@4646a422{static,/static,jar:file:/home/runner/.m2/repository/org/apache/ozone/hdds-container-service/1.3.0-SNAPSHOT/hdds-container-service-1.3.0-SNAPSHOT.jar!/webapps/static,AVAILABLE}
2022-04-28 13:45:21,455 [Listener at 127.0.0.1/38637] INFO  handler.ContextHandler (ContextHandler.java:doStart(915)) - Started o.e.j.w.WebAppContext@7678d53d{hddsDatanode,/,file:///tmp/jetty-0_0_0_0-43243-hdds-container-service-1_3_0-SNAPSHOT_jar-_-any-1825561851736874775/webapp/,AVAILABLE}{jar:file:/home/runner/.m2/repository/org/apache/ozone/hdds-container-service/1.3.0-SNAPSHOT/hdds-container-service-1.3.0-SNAPSHOT.jar!/webapps/hddsDatanode}
2022-04-28 13:45:21,456 [Listener at 127.0.0.1/38637] INFO  server.AbstractConnector (AbstractConnector.java:doStart(331)) - Started ServerConnector@7af69ab4{HTTP/1.1, (http/1.1)}{0.0.0.0:43243}
2022-04-28 13:45:21,456 [Listener at 127.0.0.1/38637] INFO  server.Server (Server.java:doStart(415)) - Started @18466ms
2022-04-28 13:45:21,457 [Listener at 127.0.0.1/38637] WARN  impl.MetricsSystemImpl (MetricsSystemImpl.java:register(279)) - Sink prometheus already exists!
2022-04-28 13:45:21,457 [Listener at 127.0.0.1/38637] INFO  http.BaseHttpServer (BaseHttpServer.java:updateConnectorAddress(329)) - HTTP server of hddsDatanode listening at http://0.0.0.0:43243
2022-04-28 13:45:21,458 [om1@group-C5BA1605619E-FollowerState] INFO  impl.FollowerState (FollowerState.java:run(134)) - om1@group-C5BA1605619E-FollowerState: change to CANDIDATE, lastRpcElapsedTime:1165003055ns, electionTimeout:1136ms
2022-04-28 13:45:21,459 [om1@group-C5BA1605619E-FollowerState] INFO  impl.RoleInfo (RoleInfo.java:shutdownFollowerState(108)) - om1: shutdown om1@group-C5BA1605619E-FollowerState
2022-04-28 13:45:21,459 [om1@group-C5BA1605619E-FollowerState] INFO  server.RaftServer$Division (RaftServerImpl.java:setRole(290)) - om1@group-C5BA1605619E: changes role from  FOLLOWER to CANDIDATE at term 0 for changeToCandidate
2022-04-28 13:45:21,460 [om1@group-C5BA1605619E-FollowerState] INFO  server.RaftServerConfigKeys (ConfUtils.java:logGet(44)) - raft.server.leaderelection.pre-vote = false (custom)
2022-04-28 13:45:21,460 [om1@group-C5BA1605619E-FollowerState] INFO  impl.RoleInfo (RoleInfo.java:updateAndGet(130)) - om1: start om1@group-C5BA1605619E-LeaderElection3
2022-04-28 13:45:21,460 [Listener at 127.0.0.1/38637] WARN  impl.MetricRegistriesImpl (MetricRegistriesImpl.java:addReporterRegistration(111)) - New reporters are added after registries were created. Some metrics will be missing from the reporter. Please add reporter before adding any new registry.
2022-04-28 13:45:21,460 [Listener at 127.0.0.1/38637] WARN  impl.MetricRegistriesImpl (MetricRegistriesImpl.java:addReporterRegistration(111)) - New reporters are added after registries were created. Some metrics will be missing from the reporter. Please add reporter before adding any new registry.
2022-04-28 13:45:21,460 [Datanode State Machine Daemon Thread] INFO  statemachine.DatanodeStateMachine (DatanodeStateMachine.java:lambda$startDaemon$0(472)) - Ozone container server started.
2022-04-28 13:45:21,460 [Listener at 127.0.0.1/38637] INFO  impl.MetricsSystemImpl (MetricsSystemImpl.java:init(158)) - HddsDatanode metrics system started (again)
2022-04-28 13:45:21,471 [om1@group-C5BA1605619E-LeaderElection3] INFO  impl.LeaderElection (LeaderElection.java:askForVotes(306)) - om1@group-C5BA1605619E-LeaderElection3 ELECTION round 0: submit vote requests at term 1 for -1: [om1|rpc:localhost:9872|priority:0], old=null
2022-04-28 13:45:21,471 [om1@group-C5BA1605619E-LeaderElection3] INFO  impl.LeaderElection (LeaderElection.java:askForVotes(308)) - om1@group-C5BA1605619E-LeaderElection3 ELECTION round 0: result PASSED (term=1)
2022-04-28 13:45:21,471 [om1@group-C5BA1605619E-LeaderElection3] INFO  impl.RoleInfo (RoleInfo.java:shutdownLeaderElection(121)) - om1: shutdown om1@group-C5BA1605619E-LeaderElection3
2022-04-28 13:45:21,471 [om1@group-C5BA1605619E-LeaderElection3] INFO  server.RaftServer$Division (RaftServerImpl.java:setRole(290)) - om1@group-C5BA1605619E: changes role from CANDIDATE to LEADER at term 1 for changeToLeader
2022-04-28 13:45:21,471 [om1@group-C5BA1605619E-LeaderElection3] INFO  server.RaftServer$Division (ServerState.java:setLeader(285)) - om1@group-C5BA1605619E: change Leader from null to om1 at term 1 for becomeLeader, leader elected after 2056ms
2022-04-28 13:45:21,471 [om1@group-C5BA1605619E-LeaderElection3] INFO  server.RaftServerConfigKeys (ConfUtils.java:logGet(44)) - raft.server.staging.catchup.gap = 1000 (default)
2022-04-28 13:45:21,484 [org.apache.hadoop.util.JvmPauseMonitor$Monitor@7bc400a2] INFO  util.JvmPauseMonitor (JvmPauseMonitor.java:run(188)) - Starting JVM pause monitor
2022-04-28 13:45:21,487 [om1@group-C5BA1605619E-LeaderElection3] INFO  server.RaftServerConfigKeys (ConfUtils.java:logGet(44)) - raft.server.write.element-limit = 4096 (default)
2022-04-28 13:45:21,487 [om1@group-C5BA1605619E-LeaderElection3] INFO  server.RaftServerConfigKeys (ConfUtils.java:logGet(44)) - raft.server.write.byte-limit = 64MB (=67108864) (default)
2022-04-28 13:45:21,488 [om1@group-C5BA1605619E-LeaderElection3] INFO  server.RaftServerConfigKeys (ConfUtils.java:logGet(44)) - raft.server.watch.timeout = 10s (default)
2022-04-28 13:45:21,488 [om1@group-C5BA1605619E-LeaderElection3] INFO  server.RaftServerConfigKeys (ConfUtils.java:logGet(44)) - raft.server.watch.timeout.denomination = 1s (default)
2022-04-28 13:45:21,488 [om1@group-C5BA1605619E-LeaderElection3] INFO  server.RaftServerConfigKeys (ConfUtils.java:logGet(44)) - raft.server.watch.element-limit = 65536 (default)
2022-04-28 13:45:21,488 [om1@group-C5BA1605619E-LeaderElection3] INFO  server.RaftServerConfigKeys (ConfUtils.java:logGet(44)) - raft.server.write.element-limit = 4096 (default)
2022-04-28 13:45:21,488 [om1@group-C5BA1605619E-LeaderElection3] INFO  server.RaftServerConfigKeys (ConfUtils.java:logGet(44)) - raft.server.write.follower.gap.ratio.max = -1.0 (default)
2022-04-28 13:45:21,488 [om1@group-C5BA1605619E-LeaderElection3] INFO  impl.RoleInfo (RoleInfo.java:updateAndGet(130)) - om1: start om1@group-C5BA1605619E-LeaderStateImpl
2022-04-28 13:45:21,488 [om1@group-C5BA1605619E-LeaderElection3] INFO  segmented.SegmentedRaftLogWorker (SegmentedRaftLogWorker.java:startLogSegment(394)) - om1@group-C5BA1605619E-SegmentedRaftLogWorker: Starting segment from index:0
2022-04-28 13:45:21,489 [Listener at 127.0.0.1/38637] INFO  ozone.HddsDatanodeService (HddsDatanodeService.java:start(233)) - HddsDatanodeService host:fv-az294-869.eaanfquahm5ulb5tj050gcxych.jx.internal.cloudapp.net ip:10.1.0.6
2022-04-28 13:45:21,498 [om1@group-C5BA1605619E-LeaderElection3] INFO  server.RaftServer$Division (ServerState.java:setRaftConf(387)) - om1@group-C5BA1605619E: set configuration 0: [om1|rpc:localhost:9872|admin:|client:|dataStream:|priority:0], old=null
2022-04-28 13:45:21,509 [Datanode State Machine Task Thread - 0] INFO  datanode.InitDatanodeState (InitDatanodeState.java:persistContainerDatanodeDetails(138)) - DatanodeDetails is persisted to /home/runner/work/ozone/ozone/hadoop-ozone/integration-test/target/test-dir/MiniOzoneClusterImpl-961b773a-55ec-4776-b588-5de87e184680/datanode-1/meta/datanode.id
2022-04-28 13:45:21,512 [om1@group-C5BA1605619E-SegmentedRaftLogWorker] INFO  segmented.SegmentedRaftLogWorker (SegmentedRaftLogWorker.java:execute(601)) - om1@group-C5BA1605619E-SegmentedRaftLogWorker: created new log segment /home/runner/work/ozone/ozone/hadoop-ozone/integration-test/target/test-dir/MiniOzoneClusterImpl-961b773a-55ec-4776-b588-5de87e184680/ozone-meta/ratis/bf265839-605b-3f16-9796-c5ba1605619e/current/log_inprogress_0
2022-04-28 13:45:21,523 [Listener at 127.0.0.1/38637] INFO  upgrade.AbstractLayoutVersionManager (AbstractLayoutVersionManager.java:init(79)) - Initializing Layout version manager with metadata layout = ERASURE_CODED_STORAGE_SUPPORT (version = 3), software layout = ERASURE_CODED_STORAGE_SUPPORT (version = 3)
2022-04-28 13:45:21,608 [Listener at 127.0.0.1/38637] INFO  reflections.Reflections (Reflections.java:scan(232)) - Reflections took 83 ms to scan 7 urls, producing 126 keys and 287 values 
2022-04-28 13:45:21,610 [Listener at 127.0.0.1/38637] INFO  statemachine.DatanodeStateMachine (DatanodeStateMachine.java:getEndPointTaskThreadPoolSize(224)) - Datanode State Machine Task Thread Pool size 2
2022-04-28 13:45:21,623 [Listener at 127.0.0.1/38637] INFO  volume.HddsVolume (HddsVolume.java:<init>(120)) - Creating HddsVolume: /home/runner/work/ozone/ozone/hadoop-ozone/integration-test/target/test-dir/MiniOzoneClusterImpl-961b773a-55ec-4776-b588-5de87e184680/datanode-2/data-0/containers/hdds of storage type : DISK capacity : 9223372036854775807
2022-04-28 13:45:21,624 [Listener at 127.0.0.1/38637] INFO  volume.MutableVolumeSet (MutableVolumeSet.java:initializeVolumeSet(168)) - Added Volume : /home/runner/work/ozone/ozone/hadoop-ozone/integration-test/target/test-dir/MiniOzoneClusterImpl-961b773a-55ec-4776-b588-5de87e184680/datanode-2/data-0/containers/hdds to VolumeSet
2022-04-28 13:45:21,624 [Listener at 127.0.0.1/38637] INFO  volume.ThrottledAsyncChecker (ThrottledAsyncChecker.java:schedule(141)) - Scheduling a check for /home/runner/work/ozone/ozone/hadoop-ozone/integration-test/target/test-dir/MiniOzoneClusterImpl-961b773a-55ec-4776-b588-5de87e184680/datanode-2/data-0/containers/hdds
2022-04-28 13:45:21,635 [Listener at 127.0.0.1/38637] INFO  volume.StorageVolumeChecker (StorageVolumeChecker.java:checkAllVolumes(202)) - Scheduled health check for volume /home/runner/work/ozone/ozone/hadoop-ozone/integration-test/target/test-dir/MiniOzoneClusterImpl-961b773a-55ec-4776-b588-5de87e184680/datanode-2/data-0/containers/hdds
2022-04-28 13:45:21,647 [Listener at 127.0.0.1/38637] INFO  volume.MutableVolumeSet (MutableVolumeSet.java:initializeVolumeSet(168)) - Added Volume : /home/runner/work/ozone/ozone/hadoop-ozone/integration-test/target/test-dir/MiniOzoneClusterImpl-961b773a-55ec-4776-b588-5de87e184680/datanode-2/data/ratis to VolumeSet
2022-04-28 13:45:21,647 [Listener at 127.0.0.1/38637] INFO  volume.ThrottledAsyncChecker (ThrottledAsyncChecker.java:schedule(141)) - Scheduling a check for /home/runner/work/ozone/ozone/hadoop-ozone/integration-test/target/test-dir/MiniOzoneClusterImpl-961b773a-55ec-4776-b588-5de87e184680/datanode-2/data/ratis
2022-04-28 13:45:21,647 [Listener at 127.0.0.1/38637] INFO  volume.StorageVolumeChecker (StorageVolumeChecker.java:checkAllVolumes(202)) - Scheduled health check for volume /home/runner/work/ozone/ozone/hadoop-ozone/integration-test/target/test-dir/MiniOzoneClusterImpl-961b773a-55ec-4776-b588-5de87e184680/datanode-2/data/ratis
2022-04-28 13:45:21,652 [om1@group-C5BA1605619E-StateMachineUpdater] INFO  ratis.OzoneManagerStateMachine (OzoneManagerStateMachine.java:notifyConfigurationChanged(189)) - Received Configuration change notification from Ratis. New Peer list:
[id: "om1"
address: "localhost:9872"
]
2022-04-28 13:45:21,665 [Thread-167] INFO  ozoneimpl.ContainerReader (ContainerReader.java:readVolume(172)) - Finish verifying containers on volume /home/runner/work/ozone/ozone/hadoop-ozone/integration-test/target/test-dir/MiniOzoneClusterImpl-961b773a-55ec-4776-b588-5de87e184680/datanode-2/data-0/containers/hdds
2022-04-28 13:45:21,665 [Listener at 127.0.0.1/38637] INFO  ozoneimpl.OzoneContainer (OzoneContainer.java:buildContainerSet(257)) - Build ContainerSet costs 0s
2022-04-28 13:45:21,668 [Listener at 127.0.0.1/38637] INFO  server.RaftServer (ConfUtils.java:logGet(44)) - raft.rpc.type = GRPC (default)
2022-04-28 13:45:21,668 [Listener at 127.0.0.1/38637] INFO  grpc.GrpcFactory (GrpcFactory.java:checkPooledByteBufAllocatorUseCacheForAllThreads(48)) - PERFORMANCE WARNING: useCacheForAllThreads is true that may cause Netty to create a lot garbage objects and, as a result, trigger GC.
	It is recommended to disable useCacheForAllThreads by setting -Dorg.apache.ratis.thirdparty.io.netty.allocator.useCacheForAllThreads=false in command line.
2022-04-28 13:45:21,668 [Listener at 127.0.0.1/38637] INFO  grpc.GrpcConfigKeys (ConfUtils.java:logGet(44)) - raft.grpc.admin.port = 0 (custom)
2022-04-28 13:45:21,669 [Listener at 127.0.0.1/38637] INFO  grpc.GrpcConfigKeys (ConfUtils.java:logGet(44)) - raft.grpc.client.port = 0 (custom)
2022-04-28 13:45:21,669 [Listener at 127.0.0.1/38637] INFO  grpc.GrpcConfigKeys (ConfUtils.java:logGet(44)) - raft.grpc.server.port = 0 (default)
2022-04-28 13:45:21,669 [Listener at 127.0.0.1/38637] INFO  server.GrpcService (ConfUtils.java:logGet(44)) - raft.grpc.message.size.max = 32MB (=33554432) (custom)
2022-04-28 13:45:21,672 [Listener at 127.0.0.1/38637] INFO  server.RaftServerConfigKeys (ConfUtils.java:logGet(44)) - raft.server.log.appender.buffer.byte-limit = 33554432 (custom)
2022-04-28 13:45:21,672 [Listener at 127.0.0.1/38637] INFO  server.GrpcService (ConfUtils.java:logGet(44)) - raft.grpc.flow.control.window = 5MB (=5242880) (custom)
2022-04-28 13:45:21,673 [Listener at 127.0.0.1/38637] INFO  server.RaftServerConfigKeys (ConfUtils.java:logGet(44)) - raft.server.rpc.request.timeout = 3000ms (default)
2022-04-28 13:45:21,674 [Listener at 127.0.0.1/38637] INFO  impl.DataStreamServerImpl (ConfUtils.java:logGet(44)) - raft.datastream.type = DISABLED (default)
2022-04-28 13:45:21,674 [Listener at 127.0.0.1/38637] INFO  server.RaftServerConfigKeys (ConfUtils.java:logGet(44)) - raft.server.rpc.slowness.timeout = 300000ms (custom)
2022-04-28 13:45:21,674 [Listener at 127.0.0.1/38637] INFO  server.RaftServerConfigKeys (ConfUtils.java:logGet(44)) - raft.server.leaderelection.leader.step-down.wait-time = 10s (default)
2022-04-28 13:45:21,674 [Listener at 127.0.0.1/38637] INFO  server.RaftServerConfigKeys (ConfUtils.java:logGet(44)) - raft.server.storage.dir = [/home/runner/work/ozone/ozone/hadoop-ozone/integration-test/target/test-dir/MiniOzoneClusterImpl-961b773a-55ec-4776-b588-5de87e184680/datanode-2/data/ratis] (custom)
2022-04-28 13:45:21,675 [Listener at 127.0.0.1/38637] INFO  server.XceiverServerGrpc (XceiverServerGrpc.java:<init>(132)) - GrpcServer channel type EpollServerSocketChannel
2022-04-28 13:45:21,680 [Listener at 127.0.0.1/38637] INFO  http.BaseHttpServer (BaseHttpServer.java:newHttpServer2BuilderForOzone(209)) - Starting Web-server for hddsDatanode at: http://0.0.0.0:0
2022-04-28 13:45:21,680 [Listener at 127.0.0.1/38637] INFO  http.BaseHttpServer (BaseHttpServer.java:<init>(107)) - Hadoop Security Enabled: false Ozone Security Enabled: false Ozone HTTP Security Enabled: false 
2022-04-28 13:45:21,681 [Listener at 127.0.0.1/38637] INFO  server.AuthenticationFilter (AuthenticationFilter.java:constructSecretProvider(240)) - Unable to initialize FileSignerSecretProvider, falling back to use random secrets.
2022-04-28 13:45:21,682 [Listener at 127.0.0.1/38637] WARN  http.HttpRequestLog (HttpRequestLog.java:getRequestLog(103)) - Jetty request log can only be enabled using Log4j
2022-04-28 13:45:21,683 [Listener at 127.0.0.1/38637] INFO  http.HttpServer2 (HttpServer2.java:addGlobalFilter(1030)) - Added global filter 'safety' (class=org.apache.hadoop.hdds.server.http.HttpServer2$QuotingInputFilter)
2022-04-28 13:45:21,684 [Listener at 127.0.0.1/38637] INFO  http.HttpServer2 (HttpServer2.java:addFilter(1006)) - Added filter static_user_filter (class=org.apache.hadoop.http.lib.StaticUserWebFilter$StaticUserFilter) to context hddsDatanode
2022-04-28 13:45:21,684 [Listener at 127.0.0.1/38637] INFO  http.HttpServer2 (HttpServer2.java:addFilter(1014)) - Added filter static_user_filter (class=org.apache.hadoop.http.lib.StaticUserWebFilter$StaticUserFilter) to context static
2022-04-28 13:45:21,684 [Listener at 127.0.0.1/38637] INFO  http.HttpServer2 (HttpServer2.java:addFilter(1014)) - Added filter static_user_filter (class=org.apache.hadoop.http.lib.StaticUserWebFilter$StaticUserFilter) to context logs
2022-04-28 13:45:21,684 [Listener at 127.0.0.1/38637] INFO  http.HttpServer2 (HttpServer2.java:bindListener(1249)) - Jetty bound to port 33297
2022-04-28 13:45:21,685 [Listener at 127.0.0.1/38637] INFO  server.Server (Server.java:doStart(375)) - jetty-9.4.43.v20210629; built: 2021-06-30T11:07:22.254Z; git: 526006ecfa3af7f1a27ef3a288e2bef7ea9dd7e8; jvm 1.8.0_322-b06
2022-04-28 13:45:21,690 [Listener at 127.0.0.1/38637] INFO  server.session (DefaultSessionIdManager.java:doStart(334)) - DefaultSessionIdManager workerName=node0
2022-04-28 13:45:21,690 [Listener at 127.0.0.1/38637] INFO  server.session (DefaultSessionIdManager.java:doStart(339)) - No SessionScavenger set, using defaults
2022-04-28 13:45:21,690 [Listener at 127.0.0.1/38637] INFO  server.session (HouseKeeper.java:startScavenging(132)) - node0 Scavenging every 660000ms
2022-04-28 13:45:21,691 [Listener at 127.0.0.1/38637] INFO  handler.ContextHandler (ContextHandler.java:doStart(915)) - Started o.e.j.s.ServletContextHandler@3e0715ca{logs,/logs,file:///home/runner/work/ozone/ozone/hadoop-ozone/integration-test/target/log,AVAILABLE}
2022-04-28 13:45:21,692 [Listener at 127.0.0.1/38637] INFO  handler.ContextHandler (ContextHandler.java:doStart(915)) - Started o.e.j.s.ServletContextHandler@5cfdeae4{static,/static,jar:file:/home/runner/.m2/repository/org/apache/ozone/hdds-container-service/1.3.0-SNAPSHOT/hdds-container-service-1.3.0-SNAPSHOT.jar!/webapps/static,AVAILABLE}
2022-04-28 13:45:21,858 [Listener at 127.0.0.1/38637] INFO  handler.ContextHandler (ContextHandler.java:doStart(915)) - Started o.e.j.w.WebAppContext@432f995a{hddsDatanode,/,file:///tmp/jetty-0_0_0_0-33297-hdds-container-service-1_3_0-SNAPSHOT_jar-_-any-8217199054347912265/webapp/,AVAILABLE}{jar:file:/home/runner/.m2/repository/org/apache/ozone/hdds-container-service/1.3.0-SNAPSHOT/hdds-container-service-1.3.0-SNAPSHOT.jar!/webapps/hddsDatanode}
2022-04-28 13:45:21,860 [Listener at 127.0.0.1/38637] INFO  server.AbstractConnector (AbstractConnector.java:doStart(331)) - Started ServerConnector@62d5f84d{HTTP/1.1, (http/1.1)}{0.0.0.0:33297}
2022-04-28 13:45:21,860 [Listener at 127.0.0.1/38637] INFO  server.Server (Server.java:doStart(415)) - Started @18870ms
2022-04-28 13:45:21,861 [Listener at 127.0.0.1/38637] WARN  impl.MetricsSystemImpl (MetricsSystemImpl.java:register(279)) - Sink prometheus already exists!
2022-04-28 13:45:21,862 [Listener at 127.0.0.1/38637] INFO  http.BaseHttpServer (BaseHttpServer.java:updateConnectorAddress(329)) - HTTP server of hddsDatanode listening at http://0.0.0.0:33297
2022-04-28 13:45:21,862 [Listener at 127.0.0.1/38637] WARN  impl.MetricRegistriesImpl (MetricRegistriesImpl.java:addReporterRegistration(111)) - New reporters are added after registries were created. Some metrics will be missing from the reporter. Please add reporter before adding any new registry.
2022-04-28 13:45:21,862 [Listener at 127.0.0.1/38637] WARN  impl.MetricRegistriesImpl (MetricRegistriesImpl.java:addReporterRegistration(111)) - New reporters are added after registries were created. Some metrics will be missing from the reporter. Please add reporter before adding any new registry.
2022-04-28 13:45:21,862 [Listener at 127.0.0.1/38637] INFO  impl.MetricsSystemImpl (MetricsSystemImpl.java:init(158)) - HddsDatanode metrics system started (again)
2022-04-28 13:45:21,868 [Datanode State Machine Daemon Thread] INFO  statemachine.DatanodeStateMachine (DatanodeStateMachine.java:lambda$startDaemon$0(472)) - Ozone container server started.
2022-04-28 13:45:21,878 [org.apache.hadoop.util.JvmPauseMonitor$Monitor@3b5a5c22] INFO  util.JvmPauseMonitor (JvmPauseMonitor.java:run(188)) - Starting JVM pause monitor
2022-04-28 13:45:21,883 [Datanode State Machine Task Thread - 0] INFO  datanode.InitDatanodeState (InitDatanodeState.java:persistContainerDatanodeDetails(138)) - DatanodeDetails is persisted to /home/runner/work/ozone/ozone/hadoop-ozone/integration-test/target/test-dir/MiniOzoneClusterImpl-961b773a-55ec-4776-b588-5de87e184680/datanode-2/meta/datanode.id
2022-04-28 13:45:21,887 [Listener at 127.0.0.1/38637] INFO  ozone.HddsDatanodeService (HddsDatanodeService.java:start(233)) - HddsDatanodeService host:fv-az294-869.eaanfquahm5ulb5tj050gcxych.jx.internal.cloudapp.net ip:10.1.0.6
2022-04-28 13:45:21,907 [Listener at 127.0.0.1/38637] INFO  upgrade.AbstractLayoutVersionManager (AbstractLayoutVersionManager.java:init(79)) - Initializing Layout version manager with metadata layout = ERASURE_CODED_STORAGE_SUPPORT (version = 3), software layout = ERASURE_CODED_STORAGE_SUPPORT (version = 3)
2022-04-28 13:45:21,947 [Listener at 127.0.0.1/38637] INFO  reflections.Reflections (Reflections.java:scan(232)) - Reflections took 39 ms to scan 7 urls, producing 126 keys and 287 values 
2022-04-28 13:45:21,949 [Listener at 127.0.0.1/38637] INFO  statemachine.DatanodeStateMachine (DatanodeStateMachine.java:getEndPointTaskThreadPoolSize(224)) - Datanode State Machine Task Thread Pool size 2
2022-04-28 13:45:21,958 [Listener at 127.0.0.1/38637] INFO  volume.HddsVolume (HddsVolume.java:<init>(120)) - Creating HddsVolume: /home/runner/work/ozone/ozone/hadoop-ozone/integration-test/target/test-dir/MiniOzoneClusterImpl-961b773a-55ec-4776-b588-5de87e184680/datanode-3/data-0/containers/hdds of storage type : DISK capacity : 9223372036854775807
2022-04-28 13:45:21,959 [Listener at 127.0.0.1/38637] INFO  volume.MutableVolumeSet (MutableVolumeSet.java:initializeVolumeSet(168)) - Added Volume : /home/runner/work/ozone/ozone/hadoop-ozone/integration-test/target/test-dir/MiniOzoneClusterImpl-961b773a-55ec-4776-b588-5de87e184680/datanode-3/data-0/containers/hdds to VolumeSet
2022-04-28 13:45:21,959 [Listener at 127.0.0.1/38637] INFO  volume.ThrottledAsyncChecker (ThrottledAsyncChecker.java:schedule(141)) - Scheduling a check for /home/runner/work/ozone/ozone/hadoop-ozone/integration-test/target/test-dir/MiniOzoneClusterImpl-961b773a-55ec-4776-b588-5de87e184680/datanode-3/data-0/containers/hdds
2022-04-28 13:45:21,961 [Listener at 127.0.0.1/38637] INFO  volume.StorageVolumeChecker (StorageVolumeChecker.java:checkAllVolumes(202)) - Scheduled health check for volume /home/runner/work/ozone/ozone/hadoop-ozone/integration-test/target/test-dir/MiniOzoneClusterImpl-961b773a-55ec-4776-b588-5de87e184680/datanode-3/data-0/containers/hdds
2022-04-28 13:45:21,974 [Listener at 127.0.0.1/38637] INFO  volume.MutableVolumeSet (MutableVolumeSet.java:initializeVolumeSet(168)) - Added Volume : /home/runner/work/ozone/ozone/hadoop-ozone/integration-test/target/test-dir/MiniOzoneClusterImpl-961b773a-55ec-4776-b588-5de87e184680/datanode-3/data/ratis to VolumeSet
2022-04-28 13:45:21,975 [Listener at 127.0.0.1/38637] INFO  volume.ThrottledAsyncChecker (ThrottledAsyncChecker.java:schedule(141)) - Scheduling a check for /home/runner/work/ozone/ozone/hadoop-ozone/integration-test/target/test-dir/MiniOzoneClusterImpl-961b773a-55ec-4776-b588-5de87e184680/datanode-3/data/ratis
2022-04-28 13:45:21,975 [Listener at 127.0.0.1/38637] INFO  volume.StorageVolumeChecker (StorageVolumeChecker.java:checkAllVolumes(202)) - Scheduled health check for volume /home/runner/work/ozone/ozone/hadoop-ozone/integration-test/target/test-dir/MiniOzoneClusterImpl-961b773a-55ec-4776-b588-5de87e184680/datanode-3/data/ratis
2022-04-28 13:45:21,986 [Thread-179] INFO  ozoneimpl.ContainerReader (ContainerReader.java:readVolume(172)) - Finish verifying containers on volume /home/runner/work/ozone/ozone/hadoop-ozone/integration-test/target/test-dir/MiniOzoneClusterImpl-961b773a-55ec-4776-b588-5de87e184680/datanode-3/data-0/containers/hdds
2022-04-28 13:45:21,986 [Listener at 127.0.0.1/38637] INFO  ozoneimpl.OzoneContainer (OzoneContainer.java:buildContainerSet(257)) - Build ContainerSet costs 0s
2022-04-28 13:45:21,989 [Listener at 127.0.0.1/38637] INFO  server.RaftServer (ConfUtils.java:logGet(44)) - raft.rpc.type = GRPC (default)
2022-04-28 13:45:21,990 [Listener at 127.0.0.1/38637] INFO  grpc.GrpcFactory (GrpcFactory.java:checkPooledByteBufAllocatorUseCacheForAllThreads(48)) - PERFORMANCE WARNING: useCacheForAllThreads is true that may cause Netty to create a lot garbage objects and, as a result, trigger GC.
	It is recommended to disable useCacheForAllThreads by setting -Dorg.apache.ratis.thirdparty.io.netty.allocator.useCacheForAllThreads=false in command line.
2022-04-28 13:45:21,990 [Listener at 127.0.0.1/38637] INFO  grpc.GrpcConfigKeys (ConfUtils.java:logGet(44)) - raft.grpc.admin.port = 0 (custom)
2022-04-28 13:45:21,990 [Listener at 127.0.0.1/38637] INFO  grpc.GrpcConfigKeys (ConfUtils.java:logGet(44)) - raft.grpc.client.port = 0 (custom)
2022-04-28 13:45:21,990 [Listener at 127.0.0.1/38637] INFO  grpc.GrpcConfigKeys (ConfUtils.java:logGet(44)) - raft.grpc.server.port = 0 (default)
2022-04-28 13:45:21,990 [Listener at 127.0.0.1/38637] INFO  server.GrpcService (ConfUtils.java:logGet(44)) - raft.grpc.message.size.max = 32MB (=33554432) (custom)
2022-04-28 13:45:21,990 [Listener at 127.0.0.1/38637] INFO  server.RaftServerConfigKeys (ConfUtils.java:logGet(44)) - raft.server.log.appender.buffer.byte-limit = 33554432 (custom)
2022-04-28 13:45:21,990 [Listener at 127.0.0.1/38637] INFO  server.GrpcService (ConfUtils.java:logGet(44)) - raft.grpc.flow.control.window = 5MB (=5242880) (custom)
2022-04-28 13:45:21,990 [Listener at 127.0.0.1/38637] INFO  server.RaftServerConfigKeys (ConfUtils.java:logGet(44)) - raft.server.rpc.request.timeout = 3000ms (default)
2022-04-28 13:45:21,991 [Listener at 127.0.0.1/38637] INFO  impl.DataStreamServerImpl (ConfUtils.java:logGet(44)) - raft.datastream.type = DISABLED (default)
2022-04-28 13:45:21,992 [Listener at 127.0.0.1/38637] INFO  server.RaftServerConfigKeys (ConfUtils.java:logGet(44)) - raft.server.rpc.slowness.timeout = 300000ms (custom)
2022-04-28 13:45:21,992 [Listener at 127.0.0.1/38637] INFO  server.RaftServerConfigKeys (ConfUtils.java:logGet(44)) - raft.server.leaderelection.leader.step-down.wait-time = 10s (default)
2022-04-28 13:45:21,992 [Listener at 127.0.0.1/38637] INFO  server.RaftServerConfigKeys (ConfUtils.java:logGet(44)) - raft.server.storage.dir = [/home/runner/work/ozone/ozone/hadoop-ozone/integration-test/target/test-dir/MiniOzoneClusterImpl-961b773a-55ec-4776-b588-5de87e184680/datanode-3/data/ratis] (custom)
2022-04-28 13:45:21,993 [Listener at 127.0.0.1/38637] INFO  server.XceiverServerGrpc (XceiverServerGrpc.java:<init>(132)) - GrpcServer channel type EpollServerSocketChannel
2022-04-28 13:45:22,003 [Listener at 127.0.0.1/38637] INFO  http.BaseHttpServer (BaseHttpServer.java:newHttpServer2BuilderForOzone(209)) - Starting Web-server for hddsDatanode at: http://0.0.0.0:0
2022-04-28 13:45:22,003 [Listener at 127.0.0.1/38637] INFO  http.BaseHttpServer (BaseHttpServer.java:<init>(107)) - Hadoop Security Enabled: false Ozone Security Enabled: false Ozone HTTP Security Enabled: false 
2022-04-28 13:45:22,005 [Listener at 127.0.0.1/38637] INFO  server.AuthenticationFilter (AuthenticationFilter.java:constructSecretProvider(240)) - Unable to initialize FileSignerSecretProvider, falling back to use random secrets.
2022-04-28 13:45:22,006 [Listener at 127.0.0.1/38637] WARN  http.HttpRequestLog (HttpRequestLog.java:getRequestLog(103)) - Jetty request log can only be enabled using Log4j
2022-04-28 13:45:22,007 [Listener at 127.0.0.1/38637] INFO  http.HttpServer2 (HttpServer2.java:addGlobalFilter(1030)) - Added global filter 'safety' (class=org.apache.hadoop.hdds.server.http.HttpServer2$QuotingInputFilter)
2022-04-28 13:45:22,008 [Listener at 127.0.0.1/38637] INFO  http.HttpServer2 (HttpServer2.java:addFilter(1006)) - Added filter static_user_filter (class=org.apache.hadoop.http.lib.StaticUserWebFilter$StaticUserFilter) to context hddsDatanode
2022-04-28 13:45:22,008 [Listener at 127.0.0.1/38637] INFO  http.HttpServer2 (HttpServer2.java:addFilter(1014)) - Added filter static_user_filter (class=org.apache.hadoop.http.lib.StaticUserWebFilter$StaticUserFilter) to context static
2022-04-28 13:45:22,008 [Listener at 127.0.0.1/38637] INFO  http.HttpServer2 (HttpServer2.java:addFilter(1014)) - Added filter static_user_filter (class=org.apache.hadoop.http.lib.StaticUserWebFilter$StaticUserFilter) to context logs
2022-04-28 13:45:22,008 [Listener at 127.0.0.1/38637] INFO  http.HttpServer2 (HttpServer2.java:bindListener(1249)) - Jetty bound to port 35271
2022-04-28 13:45:22,008 [Listener at 127.0.0.1/38637] INFO  server.Server (Server.java:doStart(375)) - jetty-9.4.43.v20210629; built: 2021-06-30T11:07:22.254Z; git: 526006ecfa3af7f1a27ef3a288e2bef7ea9dd7e8; jvm 1.8.0_322-b06
2022-04-28 13:45:22,013 [Listener at 127.0.0.1/38637] INFO  server.session (DefaultSessionIdManager.java:doStart(334)) - DefaultSessionIdManager workerName=node0
2022-04-28 13:45:22,013 [Listener at 127.0.0.1/38637] INFO  server.session (DefaultSessionIdManager.java:doStart(339)) - No SessionScavenger set, using defaults
2022-04-28 13:45:22,014 [Listener at 127.0.0.1/38637] INFO  server.session (HouseKeeper.java:startScavenging(132)) - node0 Scavenging every 660000ms
2022-04-28 13:45:22,014 [Listener at 127.0.0.1/38637] INFO  handler.ContextHandler (ContextHandler.java:doStart(915)) - Started o.e.j.s.ServletContextHandler@3c91d703{logs,/logs,file:///home/runner/work/ozone/ozone/hadoop-ozone/integration-test/target/log,AVAILABLE}
2022-04-28 13:45:22,015 [Listener at 127.0.0.1/38637] INFO  handler.ContextHandler (ContextHandler.java:doStart(915)) - Started o.e.j.s.ServletContextHandler@78ed4bfc{static,/static,jar:file:/home/runner/.m2/repository/org/apache/ozone/hdds-container-service/1.3.0-SNAPSHOT/hdds-container-service-1.3.0-SNAPSHOT.jar!/webapps/static,AVAILABLE}
2022-04-28 13:45:22,174 [Listener at 127.0.0.1/38637] INFO  handler.ContextHandler (ContextHandler.java:doStart(915)) - Started o.e.j.w.WebAppContext@3969134b{hddsDatanode,/,file:///tmp/jetty-0_0_0_0-35271-hdds-container-service-1_3_0-SNAPSHOT_jar-_-any-3372067147044640241/webapp/,AVAILABLE}{jar:file:/home/runner/.m2/repository/org/apache/ozone/hdds-container-service/1.3.0-SNAPSHOT/hdds-container-service-1.3.0-SNAPSHOT.jar!/webapps/hddsDatanode}
2022-04-28 13:45:22,175 [Listener at 127.0.0.1/38637] INFO  server.AbstractConnector (AbstractConnector.java:doStart(331)) - Started ServerConnector@66473ede{HTTP/1.1, (http/1.1)}{0.0.0.0:35271}
2022-04-28 13:45:22,175 [Listener at 127.0.0.1/38637] INFO  server.Server (Server.java:doStart(415)) - Started @19185ms
2022-04-28 13:45:22,176 [Listener at 127.0.0.1/38637] WARN  impl.MetricsSystemImpl (MetricsSystemImpl.java:register(279)) - Sink prometheus already exists!
2022-04-28 13:45:22,176 [Listener at 127.0.0.1/38637] INFO  http.BaseHttpServer (BaseHttpServer.java:updateConnectorAddress(329)) - HTTP server of hddsDatanode listening at http://0.0.0.0:35271
2022-04-28 13:45:22,177 [Listener at 127.0.0.1/38637] WARN  impl.MetricRegistriesImpl (MetricRegistriesImpl.java:addReporterRegistration(111)) - New reporters are added after registries were created. Some metrics will be missing from the reporter. Please add reporter before adding any new registry.
2022-04-28 13:45:22,177 [Listener at 127.0.0.1/38637] WARN  impl.MetricRegistriesImpl (MetricRegistriesImpl.java:addReporterRegistration(111)) - New reporters are added after registries were created. Some metrics will be missing from the reporter. Please add reporter before adding any new registry.
2022-04-28 13:45:22,177 [Listener at 127.0.0.1/38637] INFO  impl.MetricsSystemImpl (MetricsSystemImpl.java:init(158)) - HddsDatanode metrics system started (again)
2022-04-28 13:45:22,177 [Datanode State Machine Daemon Thread] INFO  statemachine.DatanodeStateMachine (DatanodeStateMachine.java:lambda$startDaemon$0(472)) - Ozone container server started.
2022-04-28 13:45:22,198 [org.apache.hadoop.util.JvmPauseMonitor$Monitor@5362d0af] INFO  util.JvmPauseMonitor (JvmPauseMonitor.java:run(188)) - Starting JVM pause monitor
2022-04-28 13:45:22,204 [Listener at 127.0.0.1/38637] INFO  ozone.HddsDatanodeService (HddsDatanodeService.java:start(233)) - HddsDatanodeService host:fv-az294-869.eaanfquahm5ulb5tj050gcxych.jx.internal.cloudapp.net ip:10.1.0.6
2022-04-28 13:45:22,212 [Datanode State Machine Task Thread - 0] INFO  datanode.InitDatanodeState (InitDatanodeState.java:persistContainerDatanodeDetails(138)) - DatanodeDetails is persisted to /home/runner/work/ozone/ozone/hadoop-ozone/integration-test/target/test-dir/MiniOzoneClusterImpl-961b773a-55ec-4776-b588-5de87e184680/datanode-3/meta/datanode.id
2022-04-28 13:45:22,243 [Listener at 127.0.0.1/38637] INFO  upgrade.AbstractLayoutVersionManager (AbstractLayoutVersionManager.java:init(79)) - Initializing Layout version manager with metadata layout = ERASURE_CODED_STORAGE_SUPPORT (version = 3), software layout = ERASURE_CODED_STORAGE_SUPPORT (version = 3)
2022-04-28 13:45:22,281 [Listener at 127.0.0.1/38637] INFO  reflections.Reflections (Reflections.java:scan(232)) - Reflections took 37 ms to scan 7 urls, producing 126 keys and 287 values 
2022-04-28 13:45:22,282 [Listener at 127.0.0.1/38637] INFO  statemachine.DatanodeStateMachine (DatanodeStateMachine.java:getEndPointTaskThreadPoolSize(224)) - Datanode State Machine Task Thread Pool size 2
2022-04-28 13:45:22,286 [Listener at 127.0.0.1/38637] INFO  volume.HddsVolume (HddsVolume.java:<init>(120)) - Creating HddsVolume: /home/runner/work/ozone/ozone/hadoop-ozone/integration-test/target/test-dir/MiniOzoneClusterImpl-961b773a-55ec-4776-b588-5de87e184680/datanode-4/data-0/containers/hdds of storage type : DISK capacity : 9223372036854775807
2022-04-28 13:45:22,287 [Listener at 127.0.0.1/38637] INFO  volume.MutableVolumeSet (MutableVolumeSet.java:initializeVolumeSet(168)) - Added Volume : /home/runner/work/ozone/ozone/hadoop-ozone/integration-test/target/test-dir/MiniOzoneClusterImpl-961b773a-55ec-4776-b588-5de87e184680/datanode-4/data-0/containers/hdds to VolumeSet
2022-04-28 13:45:22,288 [Listener at 127.0.0.1/38637] INFO  volume.ThrottledAsyncChecker (ThrottledAsyncChecker.java:schedule(141)) - Scheduling a check for /home/runner/work/ozone/ozone/hadoop-ozone/integration-test/target/test-dir/MiniOzoneClusterImpl-961b773a-55ec-4776-b588-5de87e184680/datanode-4/data-0/containers/hdds
2022-04-28 13:45:22,288 [Listener at 127.0.0.1/38637] INFO  volume.StorageVolumeChecker (StorageVolumeChecker.java:checkAllVolumes(202)) - Scheduled health check for volume /home/runner/work/ozone/ozone/hadoop-ozone/integration-test/target/test-dir/MiniOzoneClusterImpl-961b773a-55ec-4776-b588-5de87e184680/datanode-4/data-0/containers/hdds
2022-04-28 13:45:22,300 [Listener at 127.0.0.1/38637] INFO  volume.MutableVolumeSet (MutableVolumeSet.java:initializeVolumeSet(168)) - Added Volume : /home/runner/work/ozone/ozone/hadoop-ozone/integration-test/target/test-dir/MiniOzoneClusterImpl-961b773a-55ec-4776-b588-5de87e184680/datanode-4/data/ratis to VolumeSet
2022-04-28 13:45:22,300 [Listener at 127.0.0.1/38637] INFO  volume.ThrottledAsyncChecker (ThrottledAsyncChecker.java:schedule(141)) - Scheduling a check for /home/runner/work/ozone/ozone/hadoop-ozone/integration-test/target/test-dir/MiniOzoneClusterImpl-961b773a-55ec-4776-b588-5de87e184680/datanode-4/data/ratis
2022-04-28 13:45:22,300 [Listener at 127.0.0.1/38637] INFO  volume.StorageVolumeChecker (StorageVolumeChecker.java:checkAllVolumes(202)) - Scheduled health check for volume /home/runner/work/ozone/ozone/hadoop-ozone/integration-test/target/test-dir/MiniOzoneClusterImpl-961b773a-55ec-4776-b588-5de87e184680/datanode-4/data/ratis
2022-04-28 13:45:22,311 [Thread-191] INFO  ozoneimpl.ContainerReader (ContainerReader.java:readVolume(172)) - Finish verifying containers on volume /home/runner/work/ozone/ozone/hadoop-ozone/integration-test/target/test-dir/MiniOzoneClusterImpl-961b773a-55ec-4776-b588-5de87e184680/datanode-4/data-0/containers/hdds
2022-04-28 13:45:22,311 [Listener at 127.0.0.1/38637] INFO  ozoneimpl.OzoneContainer (OzoneContainer.java:buildContainerSet(257)) - Build ContainerSet costs 0s
2022-04-28 13:45:22,315 [Listener at 127.0.0.1/38637] INFO  server.RaftServer (ConfUtils.java:logGet(44)) - raft.rpc.type = GRPC (default)
2022-04-28 13:45:22,315 [Listener at 127.0.0.1/38637] INFO  grpc.GrpcFactory (GrpcFactory.java:checkPooledByteBufAllocatorUseCacheForAllThreads(48)) - PERFORMANCE WARNING: useCacheForAllThreads is true that may cause Netty to create a lot garbage objects and, as a result, trigger GC.
	It is recommended to disable useCacheForAllThreads by setting -Dorg.apache.ratis.thirdparty.io.netty.allocator.useCacheForAllThreads=false in command line.
2022-04-28 13:45:22,315 [Listener at 127.0.0.1/38637] INFO  grpc.GrpcConfigKeys (ConfUtils.java:logGet(44)) - raft.grpc.admin.port = 0 (custom)
2022-04-28 13:45:22,315 [Listener at 127.0.0.1/38637] INFO  grpc.GrpcConfigKeys (ConfUtils.java:logGet(44)) - raft.grpc.client.port = 0 (custom)
2022-04-28 13:45:22,315 [Listener at 127.0.0.1/38637] INFO  grpc.GrpcConfigKeys (ConfUtils.java:logGet(44)) - raft.grpc.server.port = 0 (default)
2022-04-28 13:45:22,315 [Listener at 127.0.0.1/38637] INFO  server.GrpcService (ConfUtils.java:logGet(44)) - raft.grpc.message.size.max = 32MB (=33554432) (custom)
2022-04-28 13:45:22,316 [Listener at 127.0.0.1/38637] INFO  server.RaftServerConfigKeys (ConfUtils.java:logGet(44)) - raft.server.log.appender.buffer.byte-limit = 33554432 (custom)
2022-04-28 13:45:22,316 [Listener at 127.0.0.1/38637] INFO  server.GrpcService (ConfUtils.java:logGet(44)) - raft.grpc.flow.control.window = 5MB (=5242880) (custom)
2022-04-28 13:45:22,316 [Listener at 127.0.0.1/38637] INFO  server.RaftServerConfigKeys (ConfUtils.java:logGet(44)) - raft.server.rpc.request.timeout = 3000ms (default)
2022-04-28 13:45:22,317 [Listener at 127.0.0.1/38637] INFO  impl.DataStreamServerImpl (ConfUtils.java:logGet(44)) - raft.datastream.type = DISABLED (default)
2022-04-28 13:45:22,317 [Listener at 127.0.0.1/38637] INFO  server.RaftServerConfigKeys (ConfUtils.java:logGet(44)) - raft.server.rpc.slowness.timeout = 300000ms (custom)
2022-04-28 13:45:22,317 [Listener at 127.0.0.1/38637] INFO  server.RaftServerConfigKeys (ConfUtils.java:logGet(44)) - raft.server.leaderelection.leader.step-down.wait-time = 10s (default)
2022-04-28 13:45:22,317 [Listener at 127.0.0.1/38637] INFO  server.RaftServerConfigKeys (ConfUtils.java:logGet(44)) - raft.server.storage.dir = [/home/runner/work/ozone/ozone/hadoop-ozone/integration-test/target/test-dir/MiniOzoneClusterImpl-961b773a-55ec-4776-b588-5de87e184680/datanode-4/data/ratis] (custom)
2022-04-28 13:45:22,318 [Listener at 127.0.0.1/38637] INFO  server.XceiverServerGrpc (XceiverServerGrpc.java:<init>(132)) - GrpcServer channel type EpollServerSocketChannel
2022-04-28 13:45:22,321 [Listener at 127.0.0.1/38637] INFO  http.BaseHttpServer (BaseHttpServer.java:newHttpServer2BuilderForOzone(209)) - Starting Web-server for hddsDatanode at: http://0.0.0.0:0
2022-04-28 13:45:22,321 [Listener at 127.0.0.1/38637] INFO  http.BaseHttpServer (BaseHttpServer.java:<init>(107)) - Hadoop Security Enabled: false Ozone Security Enabled: false Ozone HTTP Security Enabled: false 
2022-04-28 13:45:22,323 [Listener at 127.0.0.1/38637] INFO  server.AuthenticationFilter (AuthenticationFilter.java:constructSecretProvider(240)) - Unable to initialize FileSignerSecretProvider, falling back to use random secrets.
2022-04-28 13:45:22,326 [Listener at 127.0.0.1/38637] WARN  http.HttpRequestLog (HttpRequestLog.java:getRequestLog(103)) - Jetty request log can only be enabled using Log4j
2022-04-28 13:45:22,326 [Listener at 127.0.0.1/38637] INFO  http.HttpServer2 (HttpServer2.java:addGlobalFilter(1030)) - Added global filter 'safety' (class=org.apache.hadoop.hdds.server.http.HttpServer2$QuotingInputFilter)
2022-04-28 13:45:22,327 [Listener at 127.0.0.1/38637] INFO  http.HttpServer2 (HttpServer2.java:addFilter(1006)) - Added filter static_user_filter (class=org.apache.hadoop.http.lib.StaticUserWebFilter$StaticUserFilter) to context hddsDatanode
2022-04-28 13:45:22,327 [Listener at 127.0.0.1/38637] INFO  http.HttpServer2 (HttpServer2.java:addFilter(1014)) - Added filter static_user_filter (class=org.apache.hadoop.http.lib.StaticUserWebFilter$StaticUserFilter) to context logs
2022-04-28 13:45:22,327 [Listener at 127.0.0.1/38637] INFO  http.HttpServer2 (HttpServer2.java:addFilter(1014)) - Added filter static_user_filter (class=org.apache.hadoop.http.lib.StaticUserWebFilter$StaticUserFilter) to context static
2022-04-28 13:45:22,328 [Listener at 127.0.0.1/38637] INFO  http.HttpServer2 (HttpServer2.java:bindListener(1249)) - Jetty bound to port 42601
2022-04-28 13:45:22,328 [Listener at 127.0.0.1/38637] INFO  server.Server (Server.java:doStart(375)) - jetty-9.4.43.v20210629; built: 2021-06-30T11:07:22.254Z; git: 526006ecfa3af7f1a27ef3a288e2bef7ea9dd7e8; jvm 1.8.0_322-b06
2022-04-28 13:45:22,329 [Listener at 127.0.0.1/38637] INFO  server.session (DefaultSessionIdManager.java:doStart(334)) - DefaultSessionIdManager workerName=node0
2022-04-28 13:45:22,330 [Listener at 127.0.0.1/38637] INFO  server.session (DefaultSessionIdManager.java:doStart(339)) - No SessionScavenger set, using defaults
2022-04-28 13:45:22,330 [Listener at 127.0.0.1/38637] INFO  server.session (HouseKeeper.java:startScavenging(132)) - node0 Scavenging every 660000ms
2022-04-28 13:45:22,330 [Listener at 127.0.0.1/38637] INFO  handler.ContextHandler (ContextHandler.java:doStart(915)) - Started o.e.j.s.ServletContextHandler@6e244a9e{logs,/logs,file:///home/runner/work/ozone/ozone/hadoop-ozone/integration-test/target/log,AVAILABLE}
2022-04-28 13:45:22,331 [Listener at 127.0.0.1/38637] INFO  handler.ContextHandler (ContextHandler.java:doStart(915)) - Started o.e.j.s.ServletContextHandler@74711c7b{static,/static,jar:file:/home/runner/.m2/repository/org/apache/ozone/hdds-container-service/1.3.0-SNAPSHOT/hdds-container-service-1.3.0-SNAPSHOT.jar!/webapps/static,AVAILABLE}
2022-04-28 13:45:22,488 [Listener at 127.0.0.1/38637] INFO  handler.ContextHandler (ContextHandler.java:doStart(915)) - Started o.e.j.w.WebAppContext@32472444{hddsDatanode,/,file:///tmp/jetty-0_0_0_0-42601-hdds-container-service-1_3_0-SNAPSHOT_jar-_-any-3747547394376045628/webapp/,AVAILABLE}{jar:file:/home/runner/.m2/repository/org/apache/ozone/hdds-container-service/1.3.0-SNAPSHOT/hdds-container-service-1.3.0-SNAPSHOT.jar!/webapps/hddsDatanode}
2022-04-28 13:45:22,489 [Listener at 127.0.0.1/38637] INFO  server.AbstractConnector (AbstractConnector.java:doStart(331)) - Started ServerConnector@11ea189f{HTTP/1.1, (http/1.1)}{0.0.0.0:42601}
2022-04-28 13:45:22,489 [Listener at 127.0.0.1/38637] INFO  server.Server (Server.java:doStart(415)) - Started @19499ms
2022-04-28 13:45:22,490 [Listener at 127.0.0.1/38637] WARN  impl.MetricsSystemImpl (MetricsSystemImpl.java:register(279)) - Sink prometheus already exists!
2022-04-28 13:45:22,490 [Listener at 127.0.0.1/38637] INFO  http.BaseHttpServer (BaseHttpServer.java:updateConnectorAddress(329)) - HTTP server of hddsDatanode listening at http://0.0.0.0:42601
2022-04-28 13:45:22,491 [Listener at 127.0.0.1/38637] WARN  impl.MetricRegistriesImpl (MetricRegistriesImpl.java:addReporterRegistration(111)) - New reporters are added after registries were created. Some metrics will be missing from the reporter. Please add reporter before adding any new registry.
2022-04-28 13:45:22,491 [Listener at 127.0.0.1/38637] WARN  impl.MetricRegistriesImpl (MetricRegistriesImpl.java:addReporterRegistration(111)) - New reporters are added after registries were created. Some metrics will be missing from the reporter. Please add reporter before adding any new registry.
2022-04-28 13:45:22,491 [Listener at 127.0.0.1/38637] INFO  impl.MetricsSystemImpl (MetricsSystemImpl.java:init(158)) - HddsDatanode metrics system started (again)
2022-04-28 13:45:22,502 [Datanode State Machine Daemon Thread] INFO  statemachine.DatanodeStateMachine (DatanodeStateMachine.java:lambda$startDaemon$0(472)) - Ozone container server started.
2022-04-28 13:45:22,505 [Listener at 127.0.0.1/38637] INFO  ozone.HddsDatanodeService (HddsDatanodeService.java:start(233)) - HddsDatanodeService host:fv-az294-869.eaanfquahm5ulb5tj050gcxych.jx.internal.cloudapp.net ip:10.1.0.6
2022-04-28 13:45:22,511 [org.apache.hadoop.util.JvmPauseMonitor$Monitor@16165ae7] INFO  util.JvmPauseMonitor (JvmPauseMonitor.java:run(188)) - Starting JVM pause monitor
2022-04-28 13:45:22,515 [Datanode State Machine Task Thread - 0] INFO  datanode.InitDatanodeState (InitDatanodeState.java:persistContainerDatanodeDetails(138)) - DatanodeDetails is persisted to /home/runner/work/ozone/ozone/hadoop-ozone/integration-test/target/test-dir/MiniOzoneClusterImpl-961b773a-55ec-4776-b588-5de87e184680/datanode-4/meta/datanode.id
2022-04-28 13:45:22,531 [Listener at 127.0.0.1/38637] INFO  upgrade.AbstractLayoutVersionManager (AbstractLayoutVersionManager.java:init(79)) - Initializing Layout version manager with metadata layout = ERASURE_CODED_STORAGE_SUPPORT (version = 3), software layout = ERASURE_CODED_STORAGE_SUPPORT (version = 3)
2022-04-28 13:45:22,568 [Listener at 127.0.0.1/38637] INFO  reflections.Reflections (Reflections.java:scan(232)) - Reflections took 36 ms to scan 7 urls, producing 126 keys and 287 values 
2022-04-28 13:45:22,570 [Listener at 127.0.0.1/38637] INFO  statemachine.DatanodeStateMachine (DatanodeStateMachine.java:getEndPointTaskThreadPoolSize(224)) - Datanode State Machine Task Thread Pool size 2
2022-04-28 13:45:22,571 [Listener at 127.0.0.1/38637] INFO  volume.HddsVolume (HddsVolume.java:<init>(120)) - Creating HddsVolume: /home/runner/work/ozone/ozone/hadoop-ozone/integration-test/target/test-dir/MiniOzoneClusterImpl-961b773a-55ec-4776-b588-5de87e184680/datanode-5/data-0/containers/hdds of storage type : DISK capacity : 9223372036854775807
2022-04-28 13:45:22,572 [Listener at 127.0.0.1/38637] INFO  volume.MutableVolumeSet (MutableVolumeSet.java:initializeVolumeSet(168)) - Added Volume : /home/runner/work/ozone/ozone/hadoop-ozone/integration-test/target/test-dir/MiniOzoneClusterImpl-961b773a-55ec-4776-b588-5de87e184680/datanode-5/data-0/containers/hdds to VolumeSet
2022-04-28 13:45:22,572 [Listener at 127.0.0.1/38637] INFO  volume.ThrottledAsyncChecker (ThrottledAsyncChecker.java:schedule(141)) - Scheduling a check for /home/runner/work/ozone/ozone/hadoop-ozone/integration-test/target/test-dir/MiniOzoneClusterImpl-961b773a-55ec-4776-b588-5de87e184680/datanode-5/data-0/containers/hdds
2022-04-28 13:45:22,577 [Listener at 127.0.0.1/38637] INFO  volume.StorageVolumeChecker (StorageVolumeChecker.java:checkAllVolumes(202)) - Scheduled health check for volume /home/runner/work/ozone/ozone/hadoop-ozone/integration-test/target/test-dir/MiniOzoneClusterImpl-961b773a-55ec-4776-b588-5de87e184680/datanode-5/data-0/containers/hdds
2022-04-28 13:45:22,588 [Listener at 127.0.0.1/38637] INFO  volume.MutableVolumeSet (MutableVolumeSet.java:initializeVolumeSet(168)) - Added Volume : /home/runner/work/ozone/ozone/hadoop-ozone/integration-test/target/test-dir/MiniOzoneClusterImpl-961b773a-55ec-4776-b588-5de87e184680/datanode-5/data/ratis to VolumeSet
2022-04-28 13:45:22,588 [Listener at 127.0.0.1/38637] INFO  volume.ThrottledAsyncChecker (ThrottledAsyncChecker.java:schedule(141)) - Scheduling a check for /home/runner/work/ozone/ozone/hadoop-ozone/integration-test/target/test-dir/MiniOzoneClusterImpl-961b773a-55ec-4776-b588-5de87e184680/datanode-5/data/ratis
2022-04-28 13:45:22,588 [Listener at 127.0.0.1/38637] INFO  volume.StorageVolumeChecker (StorageVolumeChecker.java:checkAllVolumes(202)) - Scheduled health check for volume /home/runner/work/ozone/ozone/hadoop-ozone/integration-test/target/test-dir/MiniOzoneClusterImpl-961b773a-55ec-4776-b588-5de87e184680/datanode-5/data/ratis
2022-04-28 13:45:22,599 [Thread-203] INFO  ozoneimpl.ContainerReader (ContainerReader.java:readVolume(172)) - Finish verifying containers on volume /home/runner/work/ozone/ozone/hadoop-ozone/integration-test/target/test-dir/MiniOzoneClusterImpl-961b773a-55ec-4776-b588-5de87e184680/datanode-5/data-0/containers/hdds
2022-04-28 13:45:22,599 [Listener at 127.0.0.1/38637] INFO  ozoneimpl.OzoneContainer (OzoneContainer.java:buildContainerSet(257)) - Build ContainerSet costs 0s
2022-04-28 13:45:22,602 [Listener at 127.0.0.1/38637] INFO  server.RaftServer (ConfUtils.java:logGet(44)) - raft.rpc.type = GRPC (default)
2022-04-28 13:45:22,603 [Listener at 127.0.0.1/38637] INFO  grpc.GrpcFactory (GrpcFactory.java:checkPooledByteBufAllocatorUseCacheForAllThreads(48)) - PERFORMANCE WARNING: useCacheForAllThreads is true that may cause Netty to create a lot garbage objects and, as a result, trigger GC.
	It is recommended to disable useCacheForAllThreads by setting -Dorg.apache.ratis.thirdparty.io.netty.allocator.useCacheForAllThreads=false in command line.
2022-04-28 13:45:22,603 [Listener at 127.0.0.1/38637] INFO  grpc.GrpcConfigKeys (ConfUtils.java:logGet(44)) - raft.grpc.admin.port = 0 (custom)
2022-04-28 13:45:22,603 [Listener at 127.0.0.1/38637] INFO  grpc.GrpcConfigKeys (ConfUtils.java:logGet(44)) - raft.grpc.client.port = 0 (custom)
2022-04-28 13:45:22,603 [Listener at 127.0.0.1/38637] INFO  grpc.GrpcConfigKeys (ConfUtils.java:logGet(44)) - raft.grpc.server.port = 0 (default)
2022-04-28 13:45:22,603 [Listener at 127.0.0.1/38637] INFO  server.GrpcService (ConfUtils.java:logGet(44)) - raft.grpc.message.size.max = 32MB (=33554432) (custom)
2022-04-28 13:45:22,603 [Listener at 127.0.0.1/38637] INFO  server.RaftServerConfigKeys (ConfUtils.java:logGet(44)) - raft.server.log.appender.buffer.byte-limit = 33554432 (custom)
2022-04-28 13:45:22,603 [Listener at 127.0.0.1/38637] INFO  server.GrpcService (ConfUtils.java:logGet(44)) - raft.grpc.flow.control.window = 5MB (=5242880) (custom)
2022-04-28 13:45:22,603 [Listener at 127.0.0.1/38637] INFO  server.RaftServerConfigKeys (ConfUtils.java:logGet(44)) - raft.server.rpc.request.timeout = 3000ms (default)
2022-04-28 13:45:22,604 [Listener at 127.0.0.1/38637] INFO  impl.DataStreamServerImpl (ConfUtils.java:logGet(44)) - raft.datastream.type = DISABLED (default)
2022-04-28 13:45:22,604 [Listener at 127.0.0.1/38637] INFO  server.RaftServerConfigKeys (ConfUtils.java:logGet(44)) - raft.server.rpc.slowness.timeout = 300000ms (custom)
2022-04-28 13:45:22,605 [Listener at 127.0.0.1/38637] INFO  server.RaftServerConfigKeys (ConfUtils.java:logGet(44)) - raft.server.leaderelection.leader.step-down.wait-time = 10s (default)
2022-04-28 13:45:22,605 [Listener at 127.0.0.1/38637] INFO  server.RaftServerConfigKeys (ConfUtils.java:logGet(44)) - raft.server.storage.dir = [/home/runner/work/ozone/ozone/hadoop-ozone/integration-test/target/test-dir/MiniOzoneClusterImpl-961b773a-55ec-4776-b588-5de87e184680/datanode-5/data/ratis] (custom)
2022-04-28 13:45:22,606 [Listener at 127.0.0.1/38637] INFO  server.XceiverServerGrpc (XceiverServerGrpc.java:<init>(132)) - GrpcServer channel type EpollServerSocketChannel
2022-04-28 13:45:22,610 [Listener at 127.0.0.1/38637] INFO  http.BaseHttpServer (BaseHttpServer.java:newHttpServer2BuilderForOzone(209)) - Starting Web-server for hddsDatanode at: http://0.0.0.0:0
2022-04-28 13:45:22,610 [Listener at 127.0.0.1/38637] INFO  http.BaseHttpServer (BaseHttpServer.java:<init>(107)) - Hadoop Security Enabled: false Ozone Security Enabled: false Ozone HTTP Security Enabled: false 
2022-04-28 13:45:22,612 [Listener at 127.0.0.1/38637] INFO  server.AuthenticationFilter (AuthenticationFilter.java:constructSecretProvider(240)) - Unable to initialize FileSignerSecretProvider, falling back to use random secrets.
2022-04-28 13:45:22,612 [Listener at 127.0.0.1/38637] WARN  http.HttpRequestLog (HttpRequestLog.java:getRequestLog(103)) - Jetty request log can only be enabled using Log4j
2022-04-28 13:45:22,613 [Listener at 127.0.0.1/38637] INFO  http.HttpServer2 (HttpServer2.java:addGlobalFilter(1030)) - Added global filter 'safety' (class=org.apache.hadoop.hdds.server.http.HttpServer2$QuotingInputFilter)
2022-04-28 13:45:22,614 [Listener at 127.0.0.1/38637] INFO  http.HttpServer2 (HttpServer2.java:addFilter(1006)) - Added filter static_user_filter (class=org.apache.hadoop.http.lib.StaticUserWebFilter$StaticUserFilter) to context hddsDatanode
2022-04-28 13:45:22,614 [Listener at 127.0.0.1/38637] INFO  http.HttpServer2 (HttpServer2.java:addFilter(1014)) - Added filter static_user_filter (class=org.apache.hadoop.http.lib.StaticUserWebFilter$StaticUserFilter) to context logs
2022-04-28 13:45:22,614 [Listener at 127.0.0.1/38637] INFO  http.HttpServer2 (HttpServer2.java:addFilter(1014)) - Added filter static_user_filter (class=org.apache.hadoop.http.lib.StaticUserWebFilter$StaticUserFilter) to context static
2022-04-28 13:45:22,614 [Listener at 127.0.0.1/38637] INFO  http.HttpServer2 (HttpServer2.java:bindListener(1249)) - Jetty bound to port 42549
2022-04-28 13:45:22,615 [Listener at 127.0.0.1/38637] INFO  server.Server (Server.java:doStart(375)) - jetty-9.4.43.v20210629; built: 2021-06-30T11:07:22.254Z; git: 526006ecfa3af7f1a27ef3a288e2bef7ea9dd7e8; jvm 1.8.0_322-b06
2022-04-28 13:45:22,616 [Listener at 127.0.0.1/38637] INFO  server.session (DefaultSessionIdManager.java:doStart(334)) - DefaultSessionIdManager workerName=node0
2022-04-28 13:45:22,616 [Listener at 127.0.0.1/38637] INFO  server.session (DefaultSessionIdManager.java:doStart(339)) - No SessionScavenger set, using defaults
2022-04-28 13:45:22,616 [Listener at 127.0.0.1/38637] INFO  server.session (HouseKeeper.java:startScavenging(132)) - node0 Scavenging every 660000ms
2022-04-28 13:45:22,617 [Listener at 127.0.0.1/38637] INFO  handler.ContextHandler (ContextHandler.java:doStart(915)) - Started o.e.j.s.ServletContextHandler@b904e7c{logs,/logs,file:///home/runner/work/ozone/ozone/hadoop-ozone/integration-test/target/log,AVAILABLE}
2022-04-28 13:45:22,617 [Listener at 127.0.0.1/38637] INFO  handler.ContextHandler (ContextHandler.java:doStart(915)) - Started o.e.j.s.ServletContextHandler@7db1fa8e{static,/static,jar:file:/home/runner/.m2/repository/org/apache/ozone/hdds-container-service/1.3.0-SNAPSHOT/hdds-container-service-1.3.0-SNAPSHOT.jar!/webapps/static,AVAILABLE}
2022-04-28 13:45:22,783 [Listener at 127.0.0.1/38637] INFO  handler.ContextHandler (ContextHandler.java:doStart(915)) - Started o.e.j.w.WebAppContext@2cc3a351{hddsDatanode,/,file:///tmp/jetty-0_0_0_0-42549-hdds-container-service-1_3_0-SNAPSHOT_jar-_-any-983330791889797341/webapp/,AVAILABLE}{jar:file:/home/runner/.m2/repository/org/apache/ozone/hdds-container-service/1.3.0-SNAPSHOT/hdds-container-service-1.3.0-SNAPSHOT.jar!/webapps/hddsDatanode}
2022-04-28 13:45:22,784 [Listener at 127.0.0.1/38637] INFO  server.AbstractConnector (AbstractConnector.java:doStart(331)) - Started ServerConnector@5617eeb5{HTTP/1.1, (http/1.1)}{0.0.0.0:42549}
2022-04-28 13:45:22,784 [Listener at 127.0.0.1/38637] INFO  server.Server (Server.java:doStart(415)) - Started @19794ms
2022-04-28 13:45:22,784 [Listener at 127.0.0.1/38637] WARN  impl.MetricsSystemImpl (MetricsSystemImpl.java:register(279)) - Sink prometheus already exists!
2022-04-28 13:45:22,785 [Listener at 127.0.0.1/38637] INFO  http.BaseHttpServer (BaseHttpServer.java:updateConnectorAddress(329)) - HTTP server of hddsDatanode listening at http://0.0.0.0:42549
2022-04-28 13:45:22,786 [Datanode State Machine Daemon Thread] INFO  statemachine.DatanodeStateMachine (DatanodeStateMachine.java:lambda$startDaemon$0(472)) - Ozone container server started.
2022-04-28 13:45:22,789 [Listener at 127.0.0.1/38637] WARN  impl.MetricRegistriesImpl (MetricRegistriesImpl.java:addReporterRegistration(111)) - New reporters are added after registries were created. Some metrics will be missing from the reporter. Please add reporter before adding any new registry.
2022-04-28 13:45:22,789 [Listener at 127.0.0.1/38637] WARN  impl.MetricRegistriesImpl (MetricRegistriesImpl.java:addReporterRegistration(111)) - New reporters are added after registries were created. Some metrics will be missing from the reporter. Please add reporter before adding any new registry.
2022-04-28 13:45:22,789 [Listener at 127.0.0.1/38637] INFO  impl.MetricsSystemImpl (MetricsSystemImpl.java:init(158)) - HddsDatanode metrics system started (again)
2022-04-28 13:45:22,798 [org.apache.hadoop.util.JvmPauseMonitor$Monitor@12cbaaad] INFO  util.JvmPauseMonitor (JvmPauseMonitor.java:run(188)) - Starting JVM pause monitor
2022-04-28 13:45:22,800 [Datanode State Machine Task Thread - 0] INFO  datanode.InitDatanodeState (InitDatanodeState.java:persistContainerDatanodeDetails(138)) - DatanodeDetails is persisted to /home/runner/work/ozone/ozone/hadoop-ozone/integration-test/target/test-dir/MiniOzoneClusterImpl-961b773a-55ec-4776-b588-5de87e184680/datanode-5/meta/datanode.id
2022-04-28 13:45:22,801 [Listener at 127.0.0.1/38637] INFO  ozone.HddsDatanodeService (HddsDatanodeService.java:start(233)) - HddsDatanodeService host:fv-az294-869.eaanfquahm5ulb5tj050gcxych.jx.internal.cloudapp.net ip:10.1.0.6
2022-04-28 13:45:22,821 [Listener at 127.0.0.1/38637] INFO  upgrade.AbstractLayoutVersionManager (AbstractLayoutVersionManager.java:init(79)) - Initializing Layout version manager with metadata layout = ERASURE_CODED_STORAGE_SUPPORT (version = 3), software layout = ERASURE_CODED_STORAGE_SUPPORT (version = 3)
2022-04-28 13:45:22,858 [Listener at 127.0.0.1/38637] INFO  reflections.Reflections (Reflections.java:scan(232)) - Reflections took 36 ms to scan 7 urls, producing 126 keys and 287 values 
2022-04-28 13:45:22,860 [Listener at 127.0.0.1/38637] INFO  statemachine.DatanodeStateMachine (DatanodeStateMachine.java:getEndPointTaskThreadPoolSize(224)) - Datanode State Machine Task Thread Pool size 2
2022-04-28 13:45:22,866 [Listener at 127.0.0.1/38637] INFO  volume.HddsVolume (HddsVolume.java:<init>(120)) - Creating HddsVolume: /home/runner/work/ozone/ozone/hadoop-ozone/integration-test/target/test-dir/MiniOzoneClusterImpl-961b773a-55ec-4776-b588-5de87e184680/datanode-6/data-0/containers/hdds of storage type : DISK capacity : 9223372036854775807
2022-04-28 13:45:22,867 [Listener at 127.0.0.1/38637] INFO  volume.MutableVolumeSet (MutableVolumeSet.java:initializeVolumeSet(168)) - Added Volume : /home/runner/work/ozone/ozone/hadoop-ozone/integration-test/target/test-dir/MiniOzoneClusterImpl-961b773a-55ec-4776-b588-5de87e184680/datanode-6/data-0/containers/hdds to VolumeSet
2022-04-28 13:45:22,867 [Listener at 127.0.0.1/38637] INFO  volume.ThrottledAsyncChecker (ThrottledAsyncChecker.java:schedule(141)) - Scheduling a check for /home/runner/work/ozone/ozone/hadoop-ozone/integration-test/target/test-dir/MiniOzoneClusterImpl-961b773a-55ec-4776-b588-5de87e184680/datanode-6/data-0/containers/hdds
2022-04-28 13:45:22,867 [Listener at 127.0.0.1/38637] INFO  volume.StorageVolumeChecker (StorageVolumeChecker.java:checkAllVolumes(202)) - Scheduled health check for volume /home/runner/work/ozone/ozone/hadoop-ozone/integration-test/target/test-dir/MiniOzoneClusterImpl-961b773a-55ec-4776-b588-5de87e184680/datanode-6/data-0/containers/hdds
2022-04-28 13:45:22,879 [Listener at 127.0.0.1/38637] INFO  volume.MutableVolumeSet (MutableVolumeSet.java:initializeVolumeSet(168)) - Added Volume : /home/runner/work/ozone/ozone/hadoop-ozone/integration-test/target/test-dir/MiniOzoneClusterImpl-961b773a-55ec-4776-b588-5de87e184680/datanode-6/data/ratis to VolumeSet
2022-04-28 13:45:22,879 [Listener at 127.0.0.1/38637] INFO  volume.ThrottledAsyncChecker (ThrottledAsyncChecker.java:schedule(141)) - Scheduling a check for /home/runner/work/ozone/ozone/hadoop-ozone/integration-test/target/test-dir/MiniOzoneClusterImpl-961b773a-55ec-4776-b588-5de87e184680/datanode-6/data/ratis
2022-04-28 13:45:22,879 [Listener at 127.0.0.1/38637] INFO  volume.StorageVolumeChecker (StorageVolumeChecker.java:checkAllVolumes(202)) - Scheduled health check for volume /home/runner/work/ozone/ozone/hadoop-ozone/integration-test/target/test-dir/MiniOzoneClusterImpl-961b773a-55ec-4776-b588-5de87e184680/datanode-6/data/ratis
2022-04-28 13:45:22,890 [Thread-215] INFO  ozoneimpl.ContainerReader (ContainerReader.java:readVolume(172)) - Finish verifying containers on volume /home/runner/work/ozone/ozone/hadoop-ozone/integration-test/target/test-dir/MiniOzoneClusterImpl-961b773a-55ec-4776-b588-5de87e184680/datanode-6/data-0/containers/hdds
2022-04-28 13:45:22,890 [Listener at 127.0.0.1/38637] INFO  ozoneimpl.OzoneContainer (OzoneContainer.java:buildContainerSet(257)) - Build ContainerSet costs 0s
2022-04-28 13:45:22,893 [Listener at 127.0.0.1/38637] INFO  server.RaftServer (ConfUtils.java:logGet(44)) - raft.rpc.type = GRPC (default)
2022-04-28 13:45:22,893 [Listener at 127.0.0.1/38637] INFO  grpc.GrpcFactory (GrpcFactory.java:checkPooledByteBufAllocatorUseCacheForAllThreads(48)) - PERFORMANCE WARNING: useCacheForAllThreads is true that may cause Netty to create a lot garbage objects and, as a result, trigger GC.
	It is recommended to disable useCacheForAllThreads by setting -Dorg.apache.ratis.thirdparty.io.netty.allocator.useCacheForAllThreads=false in command line.
2022-04-28 13:45:22,893 [Listener at 127.0.0.1/38637] INFO  grpc.GrpcConfigKeys (ConfUtils.java:logGet(44)) - raft.grpc.admin.port = 0 (custom)
2022-04-28 13:45:22,893 [Listener at 127.0.0.1/38637] INFO  grpc.GrpcConfigKeys (ConfUtils.java:logGet(44)) - raft.grpc.client.port = 0 (custom)
2022-04-28 13:45:22,893 [Listener at 127.0.0.1/38637] INFO  grpc.GrpcConfigKeys (ConfUtils.java:logGet(44)) - raft.grpc.server.port = 0 (default)
2022-04-28 13:45:22,894 [Listener at 127.0.0.1/38637] INFO  server.GrpcService (ConfUtils.java:logGet(44)) - raft.grpc.message.size.max = 32MB (=33554432) (custom)
2022-04-28 13:45:22,894 [Listener at 127.0.0.1/38637] INFO  server.RaftServerConfigKeys (ConfUtils.java:logGet(44)) - raft.server.log.appender.buffer.byte-limit = 33554432 (custom)
2022-04-28 13:45:22,894 [Listener at 127.0.0.1/38637] INFO  server.GrpcService (ConfUtils.java:logGet(44)) - raft.grpc.flow.control.window = 5MB (=5242880) (custom)
2022-04-28 13:45:22,894 [Listener at 127.0.0.1/38637] INFO  server.RaftServerConfigKeys (ConfUtils.java:logGet(44)) - raft.server.rpc.request.timeout = 3000ms (default)
2022-04-28 13:45:22,895 [Listener at 127.0.0.1/38637] INFO  impl.DataStreamServerImpl (ConfUtils.java:logGet(44)) - raft.datastream.type = DISABLED (default)
2022-04-28 13:45:22,895 [Listener at 127.0.0.1/38637] INFO  server.RaftServerConfigKeys (ConfUtils.java:logGet(44)) - raft.server.rpc.slowness.timeout = 300000ms (custom)
2022-04-28 13:45:22,895 [Listener at 127.0.0.1/38637] INFO  server.RaftServerConfigKeys (ConfUtils.java:logGet(44)) - raft.server.leaderelection.leader.step-down.wait-time = 10s (default)
2022-04-28 13:45:22,895 [Listener at 127.0.0.1/38637] INFO  server.RaftServerConfigKeys (ConfUtils.java:logGet(44)) - raft.server.storage.dir = [/home/runner/work/ozone/ozone/hadoop-ozone/integration-test/target/test-dir/MiniOzoneClusterImpl-961b773a-55ec-4776-b588-5de87e184680/datanode-6/data/ratis] (custom)
2022-04-28 13:45:22,896 [Listener at 127.0.0.1/38637] INFO  server.XceiverServerGrpc (XceiverServerGrpc.java:<init>(132)) - GrpcServer channel type EpollServerSocketChannel
2022-04-28 13:45:22,899 [Listener at 127.0.0.1/38637] INFO  http.BaseHttpServer (BaseHttpServer.java:newHttpServer2BuilderForOzone(209)) - Starting Web-server for hddsDatanode at: http://0.0.0.0:0
2022-04-28 13:45:22,899 [Listener at 127.0.0.1/38637] INFO  http.BaseHttpServer (BaseHttpServer.java:<init>(107)) - Hadoop Security Enabled: false Ozone Security Enabled: false Ozone HTTP Security Enabled: false 
2022-04-28 13:45:22,900 [Listener at 127.0.0.1/38637] INFO  server.AuthenticationFilter (AuthenticationFilter.java:constructSecretProvider(240)) - Unable to initialize FileSignerSecretProvider, falling back to use random secrets.
2022-04-28 13:45:22,901 [Listener at 127.0.0.1/38637] WARN  http.HttpRequestLog (HttpRequestLog.java:getRequestLog(103)) - Jetty request log can only be enabled using Log4j
2022-04-28 13:45:22,902 [Listener at 127.0.0.1/38637] INFO  http.HttpServer2 (HttpServer2.java:addGlobalFilter(1030)) - Added global filter 'safety' (class=org.apache.hadoop.hdds.server.http.HttpServer2$QuotingInputFilter)
2022-04-28 13:45:22,902 [Listener at 127.0.0.1/38637] INFO  http.HttpServer2 (HttpServer2.java:addFilter(1006)) - Added filter static_user_filter (class=org.apache.hadoop.http.lib.StaticUserWebFilter$StaticUserFilter) to context hddsDatanode
2022-04-28 13:45:22,903 [Listener at 127.0.0.1/38637] INFO  http.HttpServer2 (HttpServer2.java:addFilter(1014)) - Added filter static_user_filter (class=org.apache.hadoop.http.lib.StaticUserWebFilter$StaticUserFilter) to context static
2022-04-28 13:45:22,903 [Listener at 127.0.0.1/38637] INFO  http.HttpServer2 (HttpServer2.java:addFilter(1014)) - Added filter static_user_filter (class=org.apache.hadoop.http.lib.StaticUserWebFilter$StaticUserFilter) to context logs
2022-04-28 13:45:22,903 [Listener at 127.0.0.1/38637] INFO  http.HttpServer2 (HttpServer2.java:bindListener(1249)) - Jetty bound to port 36471
2022-04-28 13:45:22,903 [Listener at 127.0.0.1/38637] INFO  server.Server (Server.java:doStart(375)) - jetty-9.4.43.v20210629; built: 2021-06-30T11:07:22.254Z; git: 526006ecfa3af7f1a27ef3a288e2bef7ea9dd7e8; jvm 1.8.0_322-b06
2022-04-28 13:45:22,906 [Listener at 127.0.0.1/38637] INFO  server.session (DefaultSessionIdManager.java:doStart(334)) - DefaultSessionIdManager workerName=node0
2022-04-28 13:45:22,906 [Listener at 127.0.0.1/38637] INFO  server.session (DefaultSessionIdManager.java:doStart(339)) - No SessionScavenger set, using defaults
2022-04-28 13:45:22,906 [Listener at 127.0.0.1/38637] INFO  server.session (HouseKeeper.java:startScavenging(132)) - node0 Scavenging every 660000ms
2022-04-28 13:45:22,907 [Listener at 127.0.0.1/38637] INFO  handler.ContextHandler (ContextHandler.java:doStart(915)) - Started o.e.j.s.ServletContextHandler@826439a{logs,/logs,file:///home/runner/work/ozone/ozone/hadoop-ozone/integration-test/target/log,AVAILABLE}
2022-04-28 13:45:22,907 [Listener at 127.0.0.1/38637] INFO  handler.ContextHandler (ContextHandler.java:doStart(915)) - Started o.e.j.s.ServletContextHandler@55c53edc{static,/static,jar:file:/home/runner/.m2/repository/org/apache/ozone/hdds-container-service/1.3.0-SNAPSHOT/hdds-container-service-1.3.0-SNAPSHOT.jar!/webapps/static,AVAILABLE}
2022-04-28 13:45:23,064 [Listener at 127.0.0.1/38637] INFO  handler.ContextHandler (ContextHandler.java:doStart(915)) - Started o.e.j.w.WebAppContext@712c4732{hddsDatanode,/,file:///tmp/jetty-0_0_0_0-36471-hdds-container-service-1_3_0-SNAPSHOT_jar-_-any-8446912022778558113/webapp/,AVAILABLE}{jar:file:/home/runner/.m2/repository/org/apache/ozone/hdds-container-service/1.3.0-SNAPSHOT/hdds-container-service-1.3.0-SNAPSHOT.jar!/webapps/hddsDatanode}
2022-04-28 13:45:23,066 [Listener at 127.0.0.1/38637] INFO  server.AbstractConnector (AbstractConnector.java:doStart(331)) - Started ServerConnector@2758ac02{HTTP/1.1, (http/1.1)}{0.0.0.0:36471}
2022-04-28 13:45:23,066 [Listener at 127.0.0.1/38637] INFO  server.Server (Server.java:doStart(415)) - Started @20076ms
2022-04-28 13:45:23,066 [Listener at 127.0.0.1/38637] WARN  impl.MetricsSystemImpl (MetricsSystemImpl.java:register(279)) - Sink prometheus already exists!
2022-04-28 13:45:23,067 [Listener at 127.0.0.1/38637] INFO  http.BaseHttpServer (BaseHttpServer.java:updateConnectorAddress(329)) - HTTP server of hddsDatanode listening at http://0.0.0.0:36471
2022-04-28 13:45:23,071 [Listener at 127.0.0.1/38637] INFO  ozone.MiniOzoneClusterImpl (MiniOzoneClusterImpl.java:lambda$waitForClusterToBeReady$0(221)) - Waiting for nodes to be ready. Got 0 of 7 DN Heartbeats.
2022-04-28 13:45:23,071 [Listener at 127.0.0.1/38637] INFO  ozone.MiniOzoneClusterImpl (MiniOzoneClusterImpl.java:lambda$waitForClusterToBeReady$0(224)) - Waiting for cluster to exit safe mode
2022-04-28 13:45:23,071 [Listener at 127.0.0.1/38637] INFO  ozone.MiniOzoneClusterImpl (MiniOzoneClusterImpl.java:lambda$waitForClusterToBeReady$0(226)) - SCM became leader
2022-04-28 13:45:23,071 [Datanode State Machine Daemon Thread] INFO  statemachine.DatanodeStateMachine (DatanodeStateMachine.java:lambda$startDaemon$0(472)) - Ozone container server started.
2022-04-28 13:45:23,106 [org.apache.hadoop.util.JvmPauseMonitor$Monitor@454e8267] INFO  util.JvmPauseMonitor (JvmPauseMonitor.java:run(188)) - Starting JVM pause monitor
2022-04-28 13:45:23,107 [Datanode State Machine Task Thread - 0] INFO  datanode.InitDatanodeState (InitDatanodeState.java:persistContainerDatanodeDetails(138)) - DatanodeDetails is persisted to /home/runner/work/ozone/ozone/hadoop-ozone/integration-test/target/test-dir/MiniOzoneClusterImpl-961b773a-55ec-4776-b588-5de87e184680/datanode-6/meta/datanode.id
2022-04-28 13:45:23,159 [EndpointStateMachine task thread for /0.0.0.0:39367 - 0 ] INFO  ozoneimpl.OzoneContainer (OzoneContainer.java:start(335)) - Attempting to start container services.
2022-04-28 13:45:23,162 [EndpointStateMachine task thread for /0.0.0.0:39367 - 0 ] INFO  ozoneimpl.OzoneContainer (OzoneContainer.java:startContainerScrub(270)) - Background container scanner has been disabled.
2022-04-28 13:45:23,164 [EndpointStateMachine task thread for /0.0.0.0:39367 - 0 ] INFO  replication.ReplicationServer (ReplicationServer.java:start(111)) - ReplicationServer is started using port 40385
2022-04-28 13:45:23,167 [EndpointStateMachine task thread for /0.0.0.0:39367 - 0 ] INFO  ratis.XceiverServerRatis (XceiverServerRatis.java:start(481)) - Starting XceiverServerRatis 5f73a725-0f40-4029-8a7b-0ac4f52c09c7
2022-04-28 13:45:23,167 [EndpointStateMachine task thread for /0.0.0.0:39367 - 0 ] INFO  server.RaftServer (RaftServerProxy.java:lambda$start$5(374)) - 5f73a725-0f40-4029-8a7b-0ac4f52c09c7: start RPC server
2022-04-28 13:45:23,175 [EndpointStateMachine task thread for /0.0.0.0:39367 - 0 ] INFO  server.GrpcService (GrpcService.java:startImpl(253)) - 5f73a725-0f40-4029-8a7b-0ac4f52c09c7: GrpcService started, listening on 38783
2022-04-28 13:45:23,176 [EndpointStateMachine task thread for /0.0.0.0:39367 - 0 ] INFO  ratis.XceiverServerRatis (XceiverServerRatis.java:getRealPort(502)) - XceiverServerRatis 5f73a725-0f40-4029-8a7b-0ac4f52c09c7 is started using port 38783 for RATIS
2022-04-28 13:45:23,176 [EndpointStateMachine task thread for /0.0.0.0:39367 - 0 ] INFO  ratis.XceiverServerRatis (XceiverServerRatis.java:getRealPort(502)) - XceiverServerRatis 5f73a725-0f40-4029-8a7b-0ac4f52c09c7 is started using port 38783 for RATIS_ADMIN
2022-04-28 13:45:23,176 [EndpointStateMachine task thread for /0.0.0.0:39367 - 0 ] INFO  ratis.XceiverServerRatis (XceiverServerRatis.java:getRealPort(502)) - XceiverServerRatis 5f73a725-0f40-4029-8a7b-0ac4f52c09c7 is started using port 38783 for RATIS_SERVER
2022-04-28 13:45:23,176 [org.apache.ratis.util.JvmPauseMonitor$$Lambda$468/1104361616@4e195571] INFO  util.JvmPauseMonitor (JvmPauseMonitor.java:run(103)) - JvmPauseMonitor-5f73a725-0f40-4029-8a7b-0ac4f52c09c7: Started
2022-04-28 13:45:23,178 [EndpointStateMachine task thread for /0.0.0.0:39367 - 0 ] INFO  server.XceiverServerGrpc (XceiverServerGrpc.java:start(180)) - XceiverServerGrpc 5f73a725-0f40-4029-8a7b-0ac4f52c09c7 is started using port 41929
2022-04-28 13:45:23,489 [EndpointStateMachine task thread for /0.0.0.0:39367 - 0 ] INFO  ozoneimpl.OzoneContainer (OzoneContainer.java:start(335)) - Attempting to start container services.
2022-04-28 13:45:23,489 [EndpointStateMachine task thread for /0.0.0.0:39367 - 0 ] INFO  ozoneimpl.OzoneContainer (OzoneContainer.java:startContainerScrub(270)) - Background container scanner has been disabled.
2022-04-28 13:45:23,491 [EndpointStateMachine task thread for /0.0.0.0:39367 - 0 ] INFO  replication.ReplicationServer (ReplicationServer.java:start(111)) - ReplicationServer is started using port 39029
2022-04-28 13:45:23,492 [EndpointStateMachine task thread for /0.0.0.0:39367 - 0 ] INFO  ratis.XceiverServerRatis (XceiverServerRatis.java:start(481)) - Starting XceiverServerRatis ab92dd13-3a3c-494a-a601-0001755b8ba9
2022-04-28 13:45:23,493 [EndpointStateMachine task thread for /0.0.0.0:39367 - 0 ] INFO  server.RaftServer (RaftServerProxy.java:lambda$start$5(374)) - ab92dd13-3a3c-494a-a601-0001755b8ba9: start RPC server
2022-04-28 13:45:23,494 [EndpointStateMachine task thread for /0.0.0.0:39367 - 0 ] INFO  server.GrpcService (GrpcService.java:startImpl(253)) - ab92dd13-3a3c-494a-a601-0001755b8ba9: GrpcService started, listening on 38077
2022-04-28 13:45:23,495 [EndpointStateMachine task thread for /0.0.0.0:39367 - 0 ] INFO  ratis.XceiverServerRatis (XceiverServerRatis.java:getRealPort(502)) - XceiverServerRatis ab92dd13-3a3c-494a-a601-0001755b8ba9 is started using port 38077 for RATIS
2022-04-28 13:45:23,495 [org.apache.ratis.util.JvmPauseMonitor$$Lambda$468/1104361616@20d8c8be] INFO  util.JvmPauseMonitor (JvmPauseMonitor.java:run(103)) - JvmPauseMonitor-ab92dd13-3a3c-494a-a601-0001755b8ba9: Started
2022-04-28 13:45:23,495 [EndpointStateMachine task thread for /0.0.0.0:39367 - 0 ] INFO  ratis.XceiverServerRatis (XceiverServerRatis.java:getRealPort(502)) - XceiverServerRatis ab92dd13-3a3c-494a-a601-0001755b8ba9 is started using port 38077 for RATIS_ADMIN
2022-04-28 13:45:23,495 [EndpointStateMachine task thread for /0.0.0.0:39367 - 0 ] INFO  ratis.XceiverServerRatis (XceiverServerRatis.java:getRealPort(502)) - XceiverServerRatis ab92dd13-3a3c-494a-a601-0001755b8ba9 is started using port 38077 for RATIS_SERVER
2022-04-28 13:45:23,497 [EndpointStateMachine task thread for /0.0.0.0:39367 - 0 ] INFO  server.XceiverServerGrpc (XceiverServerGrpc.java:start(180)) - XceiverServerGrpc ab92dd13-3a3c-494a-a601-0001755b8ba9 is started using port 34043
2022-04-28 13:45:23,881 [EndpointStateMachine task thread for /0.0.0.0:39367 - 0 ] INFO  ozoneimpl.OzoneContainer (OzoneContainer.java:start(335)) - Attempting to start container services.
2022-04-28 13:45:23,882 [EndpointStateMachine task thread for /0.0.0.0:39367 - 0 ] INFO  ozoneimpl.OzoneContainer (OzoneContainer.java:startContainerScrub(270)) - Background container scanner has been disabled.
2022-04-28 13:45:23,883 [EndpointStateMachine task thread for /0.0.0.0:39367 - 0 ] INFO  replication.ReplicationServer (ReplicationServer.java:start(111)) - ReplicationServer is started using port 41521
2022-04-28 13:45:23,884 [EndpointStateMachine task thread for /0.0.0.0:39367 - 0 ] INFO  ratis.XceiverServerRatis (XceiverServerRatis.java:start(481)) - Starting XceiverServerRatis 0560cff9-c55c-4a15-aea8-16ef2e8911e2
2022-04-28 13:45:23,890 [EndpointStateMachine task thread for /0.0.0.0:39367 - 0 ] INFO  server.RaftServer (RaftServerProxy.java:lambda$start$5(374)) - 0560cff9-c55c-4a15-aea8-16ef2e8911e2: start RPC server
2022-04-28 13:45:23,894 [EndpointStateMachine task thread for /0.0.0.0:39367 - 0 ] INFO  server.GrpcService (GrpcService.java:startImpl(253)) - 0560cff9-c55c-4a15-aea8-16ef2e8911e2: GrpcService started, listening on 37139
2022-04-28 13:45:23,895 [EndpointStateMachine task thread for /0.0.0.0:39367 - 0 ] INFO  ratis.XceiverServerRatis (XceiverServerRatis.java:getRealPort(502)) - XceiverServerRatis 0560cff9-c55c-4a15-aea8-16ef2e8911e2 is started using port 37139 for RATIS
2022-04-28 13:45:23,895 [EndpointStateMachine task thread for /0.0.0.0:39367 - 0 ] INFO  ratis.XceiverServerRatis (XceiverServerRatis.java:getRealPort(502)) - XceiverServerRatis 0560cff9-c55c-4a15-aea8-16ef2e8911e2 is started using port 37139 for RATIS_ADMIN
2022-04-28 13:45:23,895 [EndpointStateMachine task thread for /0.0.0.0:39367 - 0 ] INFO  ratis.XceiverServerRatis (XceiverServerRatis.java:getRealPort(502)) - XceiverServerRatis 0560cff9-c55c-4a15-aea8-16ef2e8911e2 is started using port 37139 for RATIS_SERVER
2022-04-28 13:45:23,895 [org.apache.ratis.util.JvmPauseMonitor$$Lambda$468/1104361616@1ac488df] INFO  util.JvmPauseMonitor (JvmPauseMonitor.java:run(103)) - JvmPauseMonitor-0560cff9-c55c-4a15-aea8-16ef2e8911e2: Started
2022-04-28 13:45:23,897 [EndpointStateMachine task thread for /0.0.0.0:39367 - 0 ] INFO  server.XceiverServerGrpc (XceiverServerGrpc.java:start(180)) - XceiverServerGrpc 0560cff9-c55c-4a15-aea8-16ef2e8911e2 is started using port 34825
2022-04-28 13:45:24,072 [Listener at 127.0.0.1/38637] INFO  ozone.MiniOzoneClusterImpl (MiniOzoneClusterImpl.java:lambda$waitForClusterToBeReady$0(221)) - Waiting for nodes to be ready. Got 0 of 7 DN Heartbeats.
2022-04-28 13:45:24,072 [Listener at 127.0.0.1/38637] INFO  ozone.MiniOzoneClusterImpl (MiniOzoneClusterImpl.java:lambda$waitForClusterToBeReady$0(224)) - Waiting for cluster to exit safe mode
2022-04-28 13:45:24,072 [Listener at 127.0.0.1/38637] INFO  ozone.MiniOzoneClusterImpl (MiniOzoneClusterImpl.java:lambda$waitForClusterToBeReady$0(226)) - SCM became leader
2022-04-28 13:45:24,200 [EndpointStateMachine task thread for /0.0.0.0:39367 - 0 ] INFO  ozoneimpl.OzoneContainer (OzoneContainer.java:start(335)) - Attempting to start container services.
2022-04-28 13:45:24,200 [EndpointStateMachine task thread for /0.0.0.0:39367 - 0 ] INFO  ozoneimpl.OzoneContainer (OzoneContainer.java:startContainerScrub(270)) - Background container scanner has been disabled.
2022-04-28 13:45:24,202 [EndpointStateMachine task thread for /0.0.0.0:39367 - 0 ] INFO  replication.ReplicationServer (ReplicationServer.java:start(111)) - ReplicationServer is started using port 36873
2022-04-28 13:45:24,203 [EndpointStateMachine task thread for /0.0.0.0:39367 - 0 ] INFO  ratis.XceiverServerRatis (XceiverServerRatis.java:start(481)) - Starting XceiverServerRatis ab82d630-dee7-4177-af41-1c16b6b55497
2022-04-28 13:45:24,204 [EndpointStateMachine task thread for /0.0.0.0:39367 - 0 ] INFO  server.RaftServer (RaftServerProxy.java:lambda$start$5(374)) - ab82d630-dee7-4177-af41-1c16b6b55497: start RPC server
2022-04-28 13:45:24,206 [EndpointStateMachine task thread for /0.0.0.0:39367 - 0 ] INFO  server.GrpcService (GrpcService.java:startImpl(253)) - ab82d630-dee7-4177-af41-1c16b6b55497: GrpcService started, listening on 33355
2022-04-28 13:45:24,206 [EndpointStateMachine task thread for /0.0.0.0:39367 - 0 ] INFO  ratis.XceiverServerRatis (XceiverServerRatis.java:getRealPort(502)) - XceiverServerRatis ab82d630-dee7-4177-af41-1c16b6b55497 is started using port 33355 for RATIS
2022-04-28 13:45:24,206 [EndpointStateMachine task thread for /0.0.0.0:39367 - 0 ] INFO  ratis.XceiverServerRatis (XceiverServerRatis.java:getRealPort(502)) - XceiverServerRatis ab82d630-dee7-4177-af41-1c16b6b55497 is started using port 33355 for RATIS_ADMIN
2022-04-28 13:45:24,206 [org.apache.ratis.util.JvmPauseMonitor$$Lambda$468/1104361616@2b35e9e0] INFO  util.JvmPauseMonitor (JvmPauseMonitor.java:run(103)) - JvmPauseMonitor-ab82d630-dee7-4177-af41-1c16b6b55497: Started
2022-04-28 13:45:24,206 [EndpointStateMachine task thread for /0.0.0.0:39367 - 0 ] INFO  ratis.XceiverServerRatis (XceiverServerRatis.java:getRealPort(502)) - XceiverServerRatis ab82d630-dee7-4177-af41-1c16b6b55497 is started using port 33355 for RATIS_SERVER
2022-04-28 13:45:24,208 [EndpointStateMachine task thread for /0.0.0.0:39367 - 0 ] INFO  server.XceiverServerGrpc (XceiverServerGrpc.java:start(180)) - XceiverServerGrpc ab82d630-dee7-4177-af41-1c16b6b55497 is started using port 41685
2022-04-28 13:45:24,515 [EndpointStateMachine task thread for /0.0.0.0:39367 - 0 ] INFO  ozoneimpl.OzoneContainer (OzoneContainer.java:start(335)) - Attempting to start container services.
2022-04-28 13:45:24,515 [EndpointStateMachine task thread for /0.0.0.0:39367 - 0 ] INFO  ozoneimpl.OzoneContainer (OzoneContainer.java:startContainerScrub(270)) - Background container scanner has been disabled.
2022-04-28 13:45:24,518 [EndpointStateMachine task thread for /0.0.0.0:39367 - 0 ] INFO  replication.ReplicationServer (ReplicationServer.java:start(111)) - ReplicationServer is started using port 40865
2022-04-28 13:45:24,519 [EndpointStateMachine task thread for /0.0.0.0:39367 - 0 ] INFO  ratis.XceiverServerRatis (XceiverServerRatis.java:start(481)) - Starting XceiverServerRatis ed14f577-cd6a-4282-b253-bcfbdf05676a
2022-04-28 13:45:24,519 [EndpointStateMachine task thread for /0.0.0.0:39367 - 0 ] INFO  server.RaftServer (RaftServerProxy.java:lambda$start$5(374)) - ed14f577-cd6a-4282-b253-bcfbdf05676a: start RPC server
2022-04-28 13:45:24,521 [EndpointStateMachine task thread for /0.0.0.0:39367 - 0 ] INFO  server.GrpcService (GrpcService.java:startImpl(253)) - ed14f577-cd6a-4282-b253-bcfbdf05676a: GrpcService started, listening on 43755
2022-04-28 13:45:24,521 [EndpointStateMachine task thread for /0.0.0.0:39367 - 0 ] INFO  ratis.XceiverServerRatis (XceiverServerRatis.java:getRealPort(502)) - XceiverServerRatis ed14f577-cd6a-4282-b253-bcfbdf05676a is started using port 43755 for RATIS
2022-04-28 13:45:24,522 [EndpointStateMachine task thread for /0.0.0.0:39367 - 0 ] INFO  ratis.XceiverServerRatis (XceiverServerRatis.java:getRealPort(502)) - XceiverServerRatis ed14f577-cd6a-4282-b253-bcfbdf05676a is started using port 43755 for RATIS_ADMIN
2022-04-28 13:45:24,522 [EndpointStateMachine task thread for /0.0.0.0:39367 - 0 ] INFO  ratis.XceiverServerRatis (XceiverServerRatis.java:getRealPort(502)) - XceiverServerRatis ed14f577-cd6a-4282-b253-bcfbdf05676a is started using port 43755 for RATIS_SERVER
2022-04-28 13:45:24,522 [org.apache.ratis.util.JvmPauseMonitor$$Lambda$468/1104361616@16d90364] INFO  util.JvmPauseMonitor (JvmPauseMonitor.java:run(103)) - JvmPauseMonitor-ed14f577-cd6a-4282-b253-bcfbdf05676a: Started
2022-04-28 13:45:24,524 [EndpointStateMachine task thread for /0.0.0.0:39367 - 0 ] INFO  server.XceiverServerGrpc (XceiverServerGrpc.java:start(180)) - XceiverServerGrpc ed14f577-cd6a-4282-b253-bcfbdf05676a is started using port 41447
2022-04-28 13:45:24,802 [EndpointStateMachine task thread for /0.0.0.0:39367 - 0 ] INFO  ozoneimpl.OzoneContainer (OzoneContainer.java:start(335)) - Attempting to start container services.
2022-04-28 13:45:24,802 [EndpointStateMachine task thread for /0.0.0.0:39367 - 0 ] INFO  ozoneimpl.OzoneContainer (OzoneContainer.java:startContainerScrub(270)) - Background container scanner has been disabled.
2022-04-28 13:45:24,804 [EndpointStateMachine task thread for /0.0.0.0:39367 - 0 ] INFO  replication.ReplicationServer (ReplicationServer.java:start(111)) - ReplicationServer is started using port 44133
2022-04-28 13:45:24,804 [EndpointStateMachine task thread for /0.0.0.0:39367 - 0 ] INFO  ratis.XceiverServerRatis (XceiverServerRatis.java:start(481)) - Starting XceiverServerRatis 4f6314c6-5f1e-418e-9cab-9d7da23e485e
2022-04-28 13:45:24,805 [EndpointStateMachine task thread for /0.0.0.0:39367 - 0 ] INFO  server.RaftServer (RaftServerProxy.java:lambda$start$5(374)) - 4f6314c6-5f1e-418e-9cab-9d7da23e485e: start RPC server
2022-04-28 13:45:24,807 [EndpointStateMachine task thread for /0.0.0.0:39367 - 0 ] INFO  server.GrpcService (GrpcService.java:startImpl(253)) - 4f6314c6-5f1e-418e-9cab-9d7da23e485e: GrpcService started, listening on 33597
2022-04-28 13:45:24,808 [EndpointStateMachine task thread for /0.0.0.0:39367 - 0 ] INFO  ratis.XceiverServerRatis (XceiverServerRatis.java:getRealPort(502)) - XceiverServerRatis 4f6314c6-5f1e-418e-9cab-9d7da23e485e is started using port 33597 for RATIS
2022-04-28 13:45:24,808 [EndpointStateMachine task thread for /0.0.0.0:39367 - 0 ] INFO  ratis.XceiverServerRatis (XceiverServerRatis.java:getRealPort(502)) - XceiverServerRatis 4f6314c6-5f1e-418e-9cab-9d7da23e485e is started using port 33597 for RATIS_ADMIN
2022-04-28 13:45:24,808 [org.apache.ratis.util.JvmPauseMonitor$$Lambda$468/1104361616@60e44a6e] INFO  util.JvmPauseMonitor (JvmPauseMonitor.java:run(103)) - JvmPauseMonitor-4f6314c6-5f1e-418e-9cab-9d7da23e485e: Started
2022-04-28 13:45:24,808 [EndpointStateMachine task thread for /0.0.0.0:39367 - 0 ] INFO  ratis.XceiverServerRatis (XceiverServerRatis.java:getRealPort(502)) - XceiverServerRatis 4f6314c6-5f1e-418e-9cab-9d7da23e485e is started using port 33597 for RATIS_SERVER
2022-04-28 13:45:24,811 [EndpointStateMachine task thread for /0.0.0.0:39367 - 0 ] INFO  server.XceiverServerGrpc (XceiverServerGrpc.java:start(180)) - XceiverServerGrpc 4f6314c6-5f1e-418e-9cab-9d7da23e485e is started using port 36669
2022-04-28 13:45:25,072 [Listener at 127.0.0.1/38637] INFO  ozone.MiniOzoneClusterImpl (MiniOzoneClusterImpl.java:lambda$waitForClusterToBeReady$0(221)) - Waiting for nodes to be ready. Got 0 of 7 DN Heartbeats.
2022-04-28 13:45:25,073 [Listener at 127.0.0.1/38637] INFO  ozone.MiniOzoneClusterImpl (MiniOzoneClusterImpl.java:lambda$waitForClusterToBeReady$0(224)) - Waiting for cluster to exit safe mode
2022-04-28 13:45:25,073 [Listener at 127.0.0.1/38637] INFO  ozone.MiniOzoneClusterImpl (MiniOzoneClusterImpl.java:lambda$waitForClusterToBeReady$0(226)) - SCM became leader
2022-04-28 13:45:25,108 [IPC Server handler 2 on default port 39367] INFO  net.NetworkTopologyImpl (NetworkTopologyImpl.java:add(112)) - Added a new node: /default-rack/5f73a725-0f40-4029-8a7b-0ac4f52c09c7
2022-04-28 13:45:25,110 [IPC Server handler 2 on default port 39367] INFO  node.SCMNodeManager (SCMNodeManager.java:register(391)) - Registered Data node : 5f73a725-0f40-4029-8a7b-0ac4f52c09c7{ip: 10.1.0.6, host: fv-az294-869.eaanfquahm5ulb5tj050gcxych.jx.internal.cloudapp.net, ports: [REPLICATION=40385, RATIS=38783, RATIS_ADMIN=38783, RATIS_SERVER=38783, STANDALONE=41929], networkLocation: /default-rack, certSerialId: null, persistedOpState: null, persistedOpStateExpiryEpochSec: 0}
2022-04-28 13:45:25,123 [EventQueue-NewNodeForNewNodeHandler] INFO  pipeline.BackgroundPipelineCreator (BackgroundPipelineCreator.java:notifyEventTriggered(271)) - trigger a one-shot run on RatisPipelineUtilsThread.
2022-04-28 13:45:25,123 [EventQueue-NodeRegistrationContainerReportForDataNodeSafeModeRule] INFO  safemode.SCMSafeModeManager (DataNodeSafeModeRule.java:process(71)) - SCM in safe mode. 1 DataNodes registered, 3 required.
2022-04-28 13:45:25,126 [EventQueue-NodeRegistrationContainerReportForContainerSafeModeRule] INFO  safemode.SCMSafeModeManager (SCMSafeModeManager.java:validateSafeModeExitRules(204)) - ContainerSafeModeRule rule is successfully validated
2022-04-28 13:45:25,135 [EventQueue-PipelineReportForOneReplicaPipelineSafeModeRule] INFO  safemode.SCMSafeModeManager (SCMSafeModeManager.java:validateSafeModeExitRules(204)) - AtleastOneDatanodeReportedRule rule is successfully validated
2022-04-28 13:45:25,140 [EndpointStateMachine task thread for /0.0.0.0:39367 - 0 ] INFO  ozoneimpl.OzoneContainer (OzoneContainer.java:start(335)) - Attempting to start container services.
2022-04-28 13:45:25,141 [EndpointStateMachine task thread for /0.0.0.0:39367 - 0 ] INFO  ozoneimpl.OzoneContainer (OzoneContainer.java:startContainerScrub(270)) - Background container scanner has been disabled.
2022-04-28 13:45:25,145 [EndpointStateMachine task thread for /0.0.0.0:39367 - 0 ] INFO  replication.ReplicationServer (ReplicationServer.java:start(111)) - ReplicationServer is started using port 33537
2022-04-28 13:45:25,145 [EndpointStateMachine task thread for /0.0.0.0:39367 - 0 ] INFO  ratis.XceiverServerRatis (XceiverServerRatis.java:start(481)) - Starting XceiverServerRatis 35bc48eb-3a69-4b93-a612-e068df06f99e
2022-04-28 13:45:25,149 [RatisPipelineUtilsThread - 0] INFO  pipeline.RatisPipelineProvider (RatisPipelineProvider.java:lambda$create$0(195)) - Sending CreatePipelineCommand for pipeline:PipelineID=5f187f64-27df-4ede-a4fc-16680024e073 to datanode:5f73a725-0f40-4029-8a7b-0ac4f52c09c7
2022-04-28 13:45:25,152 [EndpointStateMachine task thread for /0.0.0.0:39367 - 0 ] INFO  server.RaftServer (RaftServerProxy.java:lambda$start$5(374)) - 35bc48eb-3a69-4b93-a612-e068df06f99e: start RPC server
2022-04-28 13:45:25,155 [EndpointStateMachine task thread for /0.0.0.0:39367 - 0 ] INFO  server.GrpcService (GrpcService.java:startImpl(253)) - 35bc48eb-3a69-4b93-a612-e068df06f99e: GrpcService started, listening on 43573
2022-04-28 13:45:25,161 [EndpointStateMachine task thread for /0.0.0.0:39367 - 0 ] INFO  ratis.XceiverServerRatis (XceiverServerRatis.java:getRealPort(502)) - XceiverServerRatis 35bc48eb-3a69-4b93-a612-e068df06f99e is started using port 43573 for RATIS
2022-04-28 13:45:25,161 [EndpointStateMachine task thread for /0.0.0.0:39367 - 0 ] INFO  ratis.XceiverServerRatis (XceiverServerRatis.java:getRealPort(502)) - XceiverServerRatis 35bc48eb-3a69-4b93-a612-e068df06f99e is started using port 43573 for RATIS_ADMIN
2022-04-28 13:45:25,161 [EndpointStateMachine task thread for /0.0.0.0:39367 - 0 ] INFO  ratis.XceiverServerRatis (XceiverServerRatis.java:getRealPort(502)) - XceiverServerRatis 35bc48eb-3a69-4b93-a612-e068df06f99e is started using port 43573 for RATIS_SERVER
2022-04-28 13:45:25,162 [org.apache.ratis.util.JvmPauseMonitor$$Lambda$468/1104361616@61601fde] INFO  util.JvmPauseMonitor (JvmPauseMonitor.java:run(103)) - JvmPauseMonitor-35bc48eb-3a69-4b93-a612-e068df06f99e: Started
2022-04-28 13:45:25,174 [EndpointStateMachine task thread for /0.0.0.0:39367 - 0 ] INFO  server.XceiverServerGrpc (XceiverServerGrpc.java:start(180)) - XceiverServerGrpc 35bc48eb-3a69-4b93-a612-e068df06f99e is started using port 42905
2022-04-28 13:45:25,243 [128f2034-ac44-458c-9192-ab2b916273b9@group-5DE87E184680-StateMachineUpdater] INFO  pipeline.PipelineStateManagerImpl (PipelineStateManagerImpl.java:addPipeline(101)) - Created pipeline Pipeline[ Id: 5f187f64-27df-4ede-a4fc-16680024e073, Nodes: 5f73a725-0f40-4029-8a7b-0ac4f52c09c7{ip: 10.1.0.6, host: fv-az294-869.eaanfquahm5ulb5tj050gcxych.jx.internal.cloudapp.net, ports: [REPLICATION=40385, RATIS=38783, RATIS_ADMIN=38783, RATIS_SERVER=38783, STANDALONE=41929], networkLocation: /default-rack, certSerialId: null, persistedOpState: IN_SERVICE, persistedOpStateExpiryEpochSec: 0}, ReplicationConfig: RATIS/ONE, State:ALLOCATED, leaderId:, CreationTimestamp2022-04-28T13:45:25.145Z[Etc/UTC]].
2022-04-28 13:45:25,246 [128f2034-ac44-458c-9192-ab2b916273b9@group-5DE87E184680-StateMachineUpdater] INFO  safemode.HealthyPipelineSafeModeRule (HealthyPipelineSafeModeRule.java:initializeRule(152)) - Refreshed total pipeline count is 0, healthy pipeline threshold count is 1
2022-04-28 13:45:25,487 [IPC Server handler 4 on default port 39367] INFO  net.NetworkTopologyImpl (NetworkTopologyImpl.java:add(112)) - Added a new node: /default-rack/ab92dd13-3a3c-494a-a601-0001755b8ba9
2022-04-28 13:45:25,488 [IPC Server handler 4 on default port 39367] INFO  node.SCMNodeManager (SCMNodeManager.java:register(391)) - Registered Data node : ab92dd13-3a3c-494a-a601-0001755b8ba9{ip: 10.1.0.6, host: fv-az294-869.eaanfquahm5ulb5tj050gcxych.jx.internal.cloudapp.net, ports: [REPLICATION=39029, RATIS=38077, RATIS_ADMIN=38077, RATIS_SERVER=38077, STANDALONE=34043], networkLocation: /default-rack, certSerialId: null, persistedOpState: null, persistedOpStateExpiryEpochSec: 0}
2022-04-28 13:45:25,488 [EventQueue-NewNodeForNewNodeHandler] INFO  pipeline.BackgroundPipelineCreator (BackgroundPipelineCreator.java:notifyEventTriggered(271)) - trigger a one-shot run on RatisPipelineUtilsThread.
2022-04-28 13:45:25,489 [EventQueue-NodeRegistrationContainerReportForDataNodeSafeModeRule] INFO  safemode.SCMSafeModeManager (DataNodeSafeModeRule.java:process(71)) - SCM in safe mode. 2 DataNodes registered, 3 required.
2022-04-28 13:45:25,491 [RatisPipelineUtilsThread - 0] INFO  pipeline.RatisPipelineProvider (RatisPipelineProvider.java:lambda$create$0(195)) - Sending CreatePipelineCommand for pipeline:PipelineID=f6eb1539-c17b-4695-aa57-caf012f357f2 to datanode:ab92dd13-3a3c-494a-a601-0001755b8ba9
2022-04-28 13:45:25,494 [128f2034-ac44-458c-9192-ab2b916273b9@group-5DE87E184680-StateMachineUpdater] INFO  pipeline.PipelineStateManagerImpl (PipelineStateManagerImpl.java:addPipeline(101)) - Created pipeline Pipeline[ Id: f6eb1539-c17b-4695-aa57-caf012f357f2, Nodes: ab92dd13-3a3c-494a-a601-0001755b8ba9{ip: 10.1.0.6, host: fv-az294-869.eaanfquahm5ulb5tj050gcxych.jx.internal.cloudapp.net, ports: [REPLICATION=39029, RATIS=38077, RATIS_ADMIN=38077, RATIS_SERVER=38077, STANDALONE=34043], networkLocation: /default-rack, certSerialId: null, persistedOpState: IN_SERVICE, persistedOpStateExpiryEpochSec: 0}, ReplicationConfig: RATIS/ONE, State:ALLOCATED, leaderId:, CreationTimestamp2022-04-28T13:45:25.491Z[Etc/UTC]].
2022-04-28 13:45:25,494 [128f2034-ac44-458c-9192-ab2b916273b9@group-5DE87E184680-StateMachineUpdater] INFO  safemode.HealthyPipelineSafeModeRule (HealthyPipelineSafeModeRule.java:initializeRule(152)) - Refreshed total pipeline count is 0, healthy pipeline threshold count is 1
2022-04-28 13:45:25,880 [IPC Server handler 0 on default port 39367] INFO  net.NetworkTopologyImpl (NetworkTopologyImpl.java:add(112)) - Added a new node: /default-rack/0560cff9-c55c-4a15-aea8-16ef2e8911e2
2022-04-28 13:45:25,882 [IPC Server handler 0 on default port 39367] INFO  node.SCMNodeManager (SCMNodeManager.java:register(391)) - Registered Data node : 0560cff9-c55c-4a15-aea8-16ef2e8911e2{ip: 10.1.0.6, host: fv-az294-869.eaanfquahm5ulb5tj050gcxych.jx.internal.cloudapp.net, ports: [REPLICATION=41521, RATIS=37139, RATIS_ADMIN=37139, RATIS_SERVER=37139, STANDALONE=34825], networkLocation: /default-rack, certSerialId: null, persistedOpState: null, persistedOpStateExpiryEpochSec: 0}
2022-04-28 13:45:25,882 [EventQueue-NewNodeForNewNodeHandler] INFO  pipeline.BackgroundPipelineCreator (BackgroundPipelineCreator.java:notifyEventTriggered(271)) - trigger a one-shot run on RatisPipelineUtilsThread.
2022-04-28 13:45:25,883 [EventQueue-NodeRegistrationContainerReportForDataNodeSafeModeRule] INFO  safemode.SCMSafeModeManager (DataNodeSafeModeRule.java:process(71)) - SCM in safe mode. 3 DataNodes registered, 3 required.
2022-04-28 13:45:25,883 [EventQueue-NodeRegistrationContainerReportForDataNodeSafeModeRule] INFO  safemode.SCMSafeModeManager (SCMSafeModeManager.java:validateSafeModeExitRules(204)) - DataNodeSafeModeRule rule is successfully validated
2022-04-28 13:45:25,883 [EventQueue-NodeRegistrationContainerReportForDataNodeSafeModeRule] INFO  safemode.SCMSafeModeManager (SCMSafeModeManager.java:completePreCheck(233)) - All SCM safe mode pre check rules have passed
2022-04-28 13:45:25,883 [EventQueue-NodeRegistrationContainerReportForDataNodeSafeModeRule] WARN  events.EventQueue (EventQueue.java:fireEvent(194)) - No event handler registered for event TypedEvent{payloadType=SafeModeStatus, name='Safe mode status'}
2022-04-28 13:45:25,883 [EventQueue-NodeRegistrationContainerReportForDataNodeSafeModeRule] INFO  ha.SCMContext (SCMContext.java:updateSafeModeStatus(211)) - Update SafeModeStatus from SafeModeStatus{safeModeStatus=true, preCheckPassed=false} to SafeModeStatus{safeModeStatus=true, preCheckPassed=true}.
2022-04-28 13:45:25,883 [RatisPipelineUtilsThread - 0] INFO  pipeline.RatisPipelineProvider (RatisPipelineProvider.java:lambda$create$0(195)) - Sending CreatePipelineCommand for pipeline:PipelineID=2b1b54b1-93cd-4d7d-92df-bf889c686daf to datanode:0560cff9-c55c-4a15-aea8-16ef2e8911e2
2022-04-28 13:45:25,883 [EventQueue-NodeRegistrationContainerReportForDataNodeSafeModeRule] INFO  pipeline.BackgroundPipelineCreator (BackgroundPipelineCreator.java:notifyEventTriggered(271)) - trigger a one-shot run on RatisPipelineUtilsThread.
2022-04-28 13:45:25,886 [128f2034-ac44-458c-9192-ab2b916273b9@group-5DE87E184680-StateMachineUpdater] INFO  pipeline.PipelineStateManagerImpl (PipelineStateManagerImpl.java:addPipeline(101)) - Created pipeline Pipeline[ Id: 2b1b54b1-93cd-4d7d-92df-bf889c686daf, Nodes: 0560cff9-c55c-4a15-aea8-16ef2e8911e2{ip: 10.1.0.6, host: fv-az294-869.eaanfquahm5ulb5tj050gcxych.jx.internal.cloudapp.net, ports: [REPLICATION=41521, RATIS=37139, RATIS_ADMIN=37139, RATIS_SERVER=37139, STANDALONE=34825], networkLocation: /default-rack, certSerialId: null, persistedOpState: IN_SERVICE, persistedOpStateExpiryEpochSec: 0}, ReplicationConfig: RATIS/ONE, State:ALLOCATED, leaderId:, CreationTimestamp2022-04-28T13:45:25.883Z[Etc/UTC]].
2022-04-28 13:45:25,886 [128f2034-ac44-458c-9192-ab2b916273b9@group-5DE87E184680-StateMachineUpdater] INFO  safemode.HealthyPipelineSafeModeRule (HealthyPipelineSafeModeRule.java:initializeRule(152)) - Refreshed total pipeline count is 0, healthy pipeline threshold count is 1
2022-04-28 13:45:25,892 [RatisPipelineUtilsThread - 0] INFO  pipeline.RatisPipelineProvider (RatisPipelineProvider.java:lambda$create$0(195)) - Sending CreatePipelineCommand for pipeline:PipelineID=cdcd232a-581d-4cbf-8bc8-1e6dbb551f13 to datanode:5f73a725-0f40-4029-8a7b-0ac4f52c09c7
2022-04-28 13:45:25,893 [RatisPipelineUtilsThread - 0] INFO  pipeline.RatisPipelineProvider (RatisPipelineProvider.java:lambda$create$0(195)) - Sending CreatePipelineCommand for pipeline:PipelineID=cdcd232a-581d-4cbf-8bc8-1e6dbb551f13 to datanode:ab92dd13-3a3c-494a-a601-0001755b8ba9
2022-04-28 13:45:25,893 [RatisPipelineUtilsThread - 0] INFO  pipeline.RatisPipelineProvider (RatisPipelineProvider.java:lambda$create$0(195)) - Sending CreatePipelineCommand for pipeline:PipelineID=cdcd232a-581d-4cbf-8bc8-1e6dbb551f13 to datanode:0560cff9-c55c-4a15-aea8-16ef2e8911e2
2022-04-28 13:45:25,895 [128f2034-ac44-458c-9192-ab2b916273b9@group-5DE87E184680-StateMachineUpdater] INFO  pipeline.PipelineStateManagerImpl (PipelineStateManagerImpl.java:addPipeline(101)) - Created pipeline Pipeline[ Id: cdcd232a-581d-4cbf-8bc8-1e6dbb551f13, Nodes: 5f73a725-0f40-4029-8a7b-0ac4f52c09c7{ip: 10.1.0.6, host: fv-az294-869.eaanfquahm5ulb5tj050gcxych.jx.internal.cloudapp.net, ports: [REPLICATION=40385, RATIS=38783, RATIS_ADMIN=38783, RATIS_SERVER=38783, STANDALONE=41929], networkLocation: /default-rack, certSerialId: null, persistedOpState: IN_SERVICE, persistedOpStateExpiryEpochSec: 0}ab92dd13-3a3c-494a-a601-0001755b8ba9{ip: 10.1.0.6, host: fv-az294-869.eaanfquahm5ulb5tj050gcxych.jx.internal.cloudapp.net, ports: [REPLICATION=39029, RATIS=38077, RATIS_ADMIN=38077, RATIS_SERVER=38077, STANDALONE=34043], networkLocation: /default-rack, certSerialId: null, persistedOpState: IN_SERVICE, persistedOpStateExpiryEpochSec: 0}0560cff9-c55c-4a15-aea8-16ef2e8911e2{ip: 10.1.0.6, host: fv-az294-869.eaanfquahm5ulb5tj050gcxych.jx.internal.cloudapp.net, ports: [REPLICATION=41521, RATIS=37139, RATIS_ADMIN=37139, RATIS_SERVER=37139, STANDALONE=34825], networkLocation: /default-rack, certSerialId: null, persistedOpState: IN_SERVICE, persistedOpStateExpiryEpochSec: 0}, ReplicationConfig: RATIS/THREE, State:ALLOCATED, leaderId:, CreationTimestamp2022-04-28T13:45:25.892Z[Etc/UTC]].
2022-04-28 13:45:25,896 [128f2034-ac44-458c-9192-ab2b916273b9@group-5DE87E184680-StateMachineUpdater] INFO  safemode.HealthyPipelineSafeModeRule (HealthyPipelineSafeModeRule.java:initializeRule(152)) - Refreshed total pipeline count is 0, healthy pipeline threshold count is 1
2022-04-28 13:45:25,898 [RatisPipelineUtilsThread - 0] INFO  pipeline.RatisPipelineProvider (RatisPipelineProvider.java:lambda$create$0(195)) - Sending CreatePipelineCommand for pipeline:PipelineID=a10d4922-b902-4d8b-9c45-c4d4b86834aa to datanode:0560cff9-c55c-4a15-aea8-16ef2e8911e2
2022-04-28 13:45:25,899 [RatisPipelineUtilsThread - 0] INFO  pipeline.RatisPipelineProvider (RatisPipelineProvider.java:lambda$create$0(195)) - Sending CreatePipelineCommand for pipeline:PipelineID=a10d4922-b902-4d8b-9c45-c4d4b86834aa to datanode:5f73a725-0f40-4029-8a7b-0ac4f52c09c7
2022-04-28 13:45:25,899 [RatisPipelineUtilsThread - 0] INFO  pipeline.RatisPipelineProvider (RatisPipelineProvider.java:lambda$create$0(195)) - Sending CreatePipelineCommand for pipeline:PipelineID=a10d4922-b902-4d8b-9c45-c4d4b86834aa to datanode:ab92dd13-3a3c-494a-a601-0001755b8ba9
2022-04-28 13:45:25,901 [128f2034-ac44-458c-9192-ab2b916273b9@group-5DE87E184680-StateMachineUpdater] INFO  pipeline.PipelineStateManagerImpl (PipelineStateManagerImpl.java:addPipeline(101)) - Created pipeline Pipeline[ Id: a10d4922-b902-4d8b-9c45-c4d4b86834aa, Nodes: 0560cff9-c55c-4a15-aea8-16ef2e8911e2{ip: 10.1.0.6, host: fv-az294-869.eaanfquahm5ulb5tj050gcxych.jx.internal.cloudapp.net, ports: [REPLICATION=41521, RATIS=37139, RATIS_ADMIN=37139, RATIS_SERVER=37139, STANDALONE=34825], networkLocation: /default-rack, certSerialId: null, persistedOpState: IN_SERVICE, persistedOpStateExpiryEpochSec: 0}5f73a725-0f40-4029-8a7b-0ac4f52c09c7{ip: 10.1.0.6, host: fv-az294-869.eaanfquahm5ulb5tj050gcxych.jx.internal.cloudapp.net, ports: [REPLICATION=40385, RATIS=38783, RATIS_ADMIN=38783, RATIS_SERVER=38783, STANDALONE=41929], networkLocation: /default-rack, certSerialId: null, persistedOpState: IN_SERVICE, persistedOpStateExpiryEpochSec: 0}ab92dd13-3a3c-494a-a601-0001755b8ba9{ip: 10.1.0.6, host: fv-az294-869.eaanfquahm5ulb5tj050gcxych.jx.internal.cloudapp.net, ports: [REPLICATION=39029, RATIS=38077, RATIS_ADMIN=38077, RATIS_SERVER=38077, STANDALONE=34043], networkLocation: /default-rack, certSerialId: null, persistedOpState: IN_SERVICE, persistedOpStateExpiryEpochSec: 0}, ReplicationConfig: RATIS/THREE, State:ALLOCATED, leaderId:, CreationTimestamp2022-04-28T13:45:25.898Z[Etc/UTC]].
2022-04-28 13:45:25,901 [128f2034-ac44-458c-9192-ab2b916273b9@group-5DE87E184680-StateMachineUpdater] INFO  safemode.HealthyPipelineSafeModeRule (HealthyPipelineSafeModeRule.java:initializeRule(152)) - Refreshed total pipeline count is 0, healthy pipeline threshold count is 1
2022-04-28 13:45:25,901 [RatisPipelineUtilsThread - 0] INFO  pipeline.PipelineManagerImpl (PipelineManagerImpl.java:recordMetricsForPipeline(687)) - Pipeline: PipelineID=a10d4922-b902-4d8b-9c45-c4d4b86834aa contains same datanodes as previous pipelines: PipelineID=cdcd232a-581d-4cbf-8bc8-1e6dbb551f13 nodeIds: 0560cff9-c55c-4a15-aea8-16ef2e8911e2, 5f73a725-0f40-4029-8a7b-0ac4f52c09c7, ab92dd13-3a3c-494a-a601-0001755b8ba9
2022-04-28 13:45:26,073 [Listener at 127.0.0.1/38637] INFO  ozone.MiniOzoneClusterImpl (MiniOzoneClusterImpl.java:lambda$waitForClusterToBeReady$0(221)) - Waiting for nodes to be ready. Got 3 of 7 DN Heartbeats.
2022-04-28 13:45:26,073 [Listener at 127.0.0.1/38637] INFO  ozone.MiniOzoneClusterImpl (MiniOzoneClusterImpl.java:lambda$waitForClusterToBeReady$0(224)) - Waiting for cluster to exit safe mode
2022-04-28 13:45:26,073 [Listener at 127.0.0.1/38637] INFO  ozone.MiniOzoneClusterImpl (MiniOzoneClusterImpl.java:lambda$waitForClusterToBeReady$0(226)) - SCM became leader
2022-04-28 13:45:26,198 [IPC Server handler 4 on default port 39367] INFO  net.NetworkTopologyImpl (NetworkTopologyImpl.java:add(112)) - Added a new node: /default-rack/ab82d630-dee7-4177-af41-1c16b6b55497
2022-04-28 13:45:26,198 [IPC Server handler 4 on default port 39367] INFO  node.SCMNodeManager (SCMNodeManager.java:register(391)) - Registered Data node : ab82d630-dee7-4177-af41-1c16b6b55497{ip: 10.1.0.6, host: fv-az294-869.eaanfquahm5ulb5tj050gcxych.jx.internal.cloudapp.net, ports: [REPLICATION=36873, RATIS=33355, RATIS_ADMIN=33355, RATIS_SERVER=33355, STANDALONE=41685], networkLocation: /default-rack, certSerialId: null, persistedOpState: null, persistedOpStateExpiryEpochSec: 0}
2022-04-28 13:45:26,198 [EventQueue-NewNodeForNewNodeHandler] INFO  pipeline.BackgroundPipelineCreator (BackgroundPipelineCreator.java:notifyEventTriggered(271)) - trigger a one-shot run on RatisPipelineUtilsThread.
2022-04-28 13:45:26,199 [RatisPipelineUtilsThread - 0] INFO  pipeline.RatisPipelineProvider (RatisPipelineProvider.java:lambda$create$0(195)) - Sending CreatePipelineCommand for pipeline:PipelineID=a6fe1a8f-0943-4825-8af7-bcadc659637b to datanode:ab82d630-dee7-4177-af41-1c16b6b55497
2022-04-28 13:45:26,202 [128f2034-ac44-458c-9192-ab2b916273b9@group-5DE87E184680-StateMachineUpdater] INFO  pipeline.PipelineStateManagerImpl (PipelineStateManagerImpl.java:addPipeline(101)) - Created pipeline Pipeline[ Id: a6fe1a8f-0943-4825-8af7-bcadc659637b, Nodes: ab82d630-dee7-4177-af41-1c16b6b55497{ip: 10.1.0.6, host: fv-az294-869.eaanfquahm5ulb5tj050gcxych.jx.internal.cloudapp.net, ports: [REPLICATION=36873, RATIS=33355, RATIS_ADMIN=33355, RATIS_SERVER=33355, STANDALONE=41685], networkLocation: /default-rack, certSerialId: null, persistedOpState: IN_SERVICE, persistedOpStateExpiryEpochSec: 0}, ReplicationConfig: RATIS/ONE, State:ALLOCATED, leaderId:, CreationTimestamp2022-04-28T13:45:26.199Z[Etc/UTC]].
2022-04-28 13:45:26,202 [128f2034-ac44-458c-9192-ab2b916273b9@group-5DE87E184680-StateMachineUpdater] INFO  safemode.HealthyPipelineSafeModeRule (HealthyPipelineSafeModeRule.java:initializeRule(152)) - Refreshed total pipeline count is 0, healthy pipeline threshold count is 1
2022-04-28 13:45:26,514 [IPC Server handler 5 on default port 39367] INFO  net.NetworkTopologyImpl (NetworkTopologyImpl.java:add(112)) - Added a new node: /default-rack/ed14f577-cd6a-4282-b253-bcfbdf05676a
2022-04-28 13:45:26,515 [IPC Server handler 5 on default port 39367] INFO  node.SCMNodeManager (SCMNodeManager.java:register(391)) - Registered Data node : ed14f577-cd6a-4282-b253-bcfbdf05676a{ip: 10.1.0.6, host: fv-az294-869.eaanfquahm5ulb5tj050gcxych.jx.internal.cloudapp.net, ports: [REPLICATION=40865, RATIS=43755, RATIS_ADMIN=43755, RATIS_SERVER=43755, STANDALONE=41447], networkLocation: /default-rack, certSerialId: null, persistedOpState: null, persistedOpStateExpiryEpochSec: 0}
2022-04-28 13:45:26,515 [EventQueue-NewNodeForNewNodeHandler] INFO  pipeline.BackgroundPipelineCreator (BackgroundPipelineCreator.java:notifyEventTriggered(271)) - trigger a one-shot run on RatisPipelineUtilsThread.
2022-04-28 13:45:26,515 [RatisPipelineUtilsThread - 0] INFO  pipeline.RatisPipelineProvider (RatisPipelineProvider.java:lambda$create$0(195)) - Sending CreatePipelineCommand for pipeline:PipelineID=1b6a780b-5304-49ed-a91f-3c38a729d1a2 to datanode:ed14f577-cd6a-4282-b253-bcfbdf05676a
2022-04-28 13:45:26,518 [128f2034-ac44-458c-9192-ab2b916273b9@group-5DE87E184680-StateMachineUpdater] INFO  pipeline.PipelineStateManagerImpl (PipelineStateManagerImpl.java:addPipeline(101)) - Created pipeline Pipeline[ Id: 1b6a780b-5304-49ed-a91f-3c38a729d1a2, Nodes: ed14f577-cd6a-4282-b253-bcfbdf05676a{ip: 10.1.0.6, host: fv-az294-869.eaanfquahm5ulb5tj050gcxych.jx.internal.cloudapp.net, ports: [REPLICATION=40865, RATIS=43755, RATIS_ADMIN=43755, RATIS_SERVER=43755, STANDALONE=41447], networkLocation: /default-rack, certSerialId: null, persistedOpState: IN_SERVICE, persistedOpStateExpiryEpochSec: 0}, ReplicationConfig: RATIS/ONE, State:ALLOCATED, leaderId:, CreationTimestamp2022-04-28T13:45:26.515Z[Etc/UTC]].
2022-04-28 13:45:26,518 [128f2034-ac44-458c-9192-ab2b916273b9@group-5DE87E184680-StateMachineUpdater] INFO  safemode.HealthyPipelineSafeModeRule (HealthyPipelineSafeModeRule.java:initializeRule(152)) - Refreshed total pipeline count is 0, healthy pipeline threshold count is 1
2022-04-28 13:45:26,801 [IPC Server handler 1 on default port 39367] INFO  net.NetworkTopologyImpl (NetworkTopologyImpl.java:add(112)) - Added a new node: /default-rack/4f6314c6-5f1e-418e-9cab-9d7da23e485e
2022-04-28 13:45:26,802 [IPC Server handler 1 on default port 39367] INFO  node.SCMNodeManager (SCMNodeManager.java:register(391)) - Registered Data node : 4f6314c6-5f1e-418e-9cab-9d7da23e485e{ip: 10.1.0.6, host: fv-az294-869.eaanfquahm5ulb5tj050gcxych.jx.internal.cloudapp.net, ports: [REPLICATION=44133, RATIS=33597, RATIS_ADMIN=33597, RATIS_SERVER=33597, STANDALONE=36669], networkLocation: /default-rack, certSerialId: null, persistedOpState: null, persistedOpStateExpiryEpochSec: 0}
2022-04-28 13:45:26,802 [EventQueue-NewNodeForNewNodeHandler] INFO  pipeline.BackgroundPipelineCreator (BackgroundPipelineCreator.java:notifyEventTriggered(271)) - trigger a one-shot run on RatisPipelineUtilsThread.
2022-04-28 13:45:26,802 [RatisPipelineUtilsThread - 0] INFO  pipeline.RatisPipelineProvider (RatisPipelineProvider.java:lambda$create$0(195)) - Sending CreatePipelineCommand for pipeline:PipelineID=13fe0616-9a5d-43ef-8746-71cf8a036548 to datanode:4f6314c6-5f1e-418e-9cab-9d7da23e485e
2022-04-28 13:45:26,805 [128f2034-ac44-458c-9192-ab2b916273b9@group-5DE87E184680-StateMachineUpdater] INFO  pipeline.PipelineStateManagerImpl (PipelineStateManagerImpl.java:addPipeline(101)) - Created pipeline Pipeline[ Id: 13fe0616-9a5d-43ef-8746-71cf8a036548, Nodes: 4f6314c6-5f1e-418e-9cab-9d7da23e485e{ip: 10.1.0.6, host: fv-az294-869.eaanfquahm5ulb5tj050gcxych.jx.internal.cloudapp.net, ports: [REPLICATION=44133, RATIS=33597, RATIS_ADMIN=33597, RATIS_SERVER=33597, STANDALONE=36669], networkLocation: /default-rack, certSerialId: null, persistedOpState: IN_SERVICE, persistedOpStateExpiryEpochSec: 0}, ReplicationConfig: RATIS/ONE, State:ALLOCATED, leaderId:, CreationTimestamp2022-04-28T13:45:26.802Z[Etc/UTC]].
2022-04-28 13:45:26,805 [128f2034-ac44-458c-9192-ab2b916273b9@group-5DE87E184680-StateMachineUpdater] INFO  safemode.HealthyPipelineSafeModeRule (HealthyPipelineSafeModeRule.java:initializeRule(152)) - Refreshed total pipeline count is 0, healthy pipeline threshold count is 1
2022-04-28 13:45:26,806 [RatisPipelineUtilsThread - 0] INFO  pipeline.RatisPipelineProvider (RatisPipelineProvider.java:lambda$create$0(195)) - Sending CreatePipelineCommand for pipeline:PipelineID=fa83f2dc-f269-425f-8283-eabbf4ba2e45 to datanode:ed14f577-cd6a-4282-b253-bcfbdf05676a
2022-04-28 13:45:26,807 [RatisPipelineUtilsThread - 0] INFO  pipeline.RatisPipelineProvider (RatisPipelineProvider.java:lambda$create$0(195)) - Sending CreatePipelineCommand for pipeline:PipelineID=fa83f2dc-f269-425f-8283-eabbf4ba2e45 to datanode:ab82d630-dee7-4177-af41-1c16b6b55497
2022-04-28 13:45:26,807 [RatisPipelineUtilsThread - 0] INFO  pipeline.RatisPipelineProvider (RatisPipelineProvider.java:lambda$create$0(195)) - Sending CreatePipelineCommand for pipeline:PipelineID=fa83f2dc-f269-425f-8283-eabbf4ba2e45 to datanode:4f6314c6-5f1e-418e-9cab-9d7da23e485e
2022-04-28 13:45:26,809 [128f2034-ac44-458c-9192-ab2b916273b9@group-5DE87E184680-StateMachineUpdater] INFO  pipeline.PipelineStateManagerImpl (PipelineStateManagerImpl.java:addPipeline(101)) - Created pipeline Pipeline[ Id: fa83f2dc-f269-425f-8283-eabbf4ba2e45, Nodes: ed14f577-cd6a-4282-b253-bcfbdf05676a{ip: 10.1.0.6, host: fv-az294-869.eaanfquahm5ulb5tj050gcxych.jx.internal.cloudapp.net, ports: [REPLICATION=40865, RATIS=43755, RATIS_ADMIN=43755, RATIS_SERVER=43755, STANDALONE=41447], networkLocation: /default-rack, certSerialId: null, persistedOpState: IN_SERVICE, persistedOpStateExpiryEpochSec: 0}ab82d630-dee7-4177-af41-1c16b6b55497{ip: 10.1.0.6, host: fv-az294-869.eaanfquahm5ulb5tj050gcxych.jx.internal.cloudapp.net, ports: [REPLICATION=36873, RATIS=33355, RATIS_ADMIN=33355, RATIS_SERVER=33355, STANDALONE=41685], networkLocation: /default-rack, certSerialId: null, persistedOpState: IN_SERVICE, persistedOpStateExpiryEpochSec: 0}4f6314c6-5f1e-418e-9cab-9d7da23e485e{ip: 10.1.0.6, host: fv-az294-869.eaanfquahm5ulb5tj050gcxych.jx.internal.cloudapp.net, ports: [REPLICATION=44133, RATIS=33597, RATIS_ADMIN=33597, RATIS_SERVER=33597, STANDALONE=36669], networkLocation: /default-rack, certSerialId: null, persistedOpState: IN_SERVICE, persistedOpStateExpiryEpochSec: 0}, ReplicationConfig: RATIS/THREE, State:ALLOCATED, leaderId:, CreationTimestamp2022-04-28T13:45:26.806Z[Etc/UTC]].
2022-04-28 13:45:26,809 [128f2034-ac44-458c-9192-ab2b916273b9@group-5DE87E184680-StateMachineUpdater] INFO  safemode.HealthyPipelineSafeModeRule (HealthyPipelineSafeModeRule.java:initializeRule(152)) - Refreshed total pipeline count is 0, healthy pipeline threshold count is 1
2022-04-28 13:45:26,811 [RatisPipelineUtilsThread - 0] INFO  pipeline.RatisPipelineProvider (RatisPipelineProvider.java:lambda$create$0(195)) - Sending CreatePipelineCommand for pipeline:PipelineID=c073acfe-daac-41f7-b1ad-715227ee14ba to datanode:4f6314c6-5f1e-418e-9cab-9d7da23e485e
2022-04-28 13:45:26,811 [RatisPipelineUtilsThread - 0] INFO  pipeline.RatisPipelineProvider (RatisPipelineProvider.java:lambda$create$0(195)) - Sending CreatePipelineCommand for pipeline:PipelineID=c073acfe-daac-41f7-b1ad-715227ee14ba to datanode:ab82d630-dee7-4177-af41-1c16b6b55497
2022-04-28 13:45:26,812 [RatisPipelineUtilsThread - 0] INFO  pipeline.RatisPipelineProvider (RatisPipelineProvider.java:lambda$create$0(195)) - Sending CreatePipelineCommand for pipeline:PipelineID=c073acfe-daac-41f7-b1ad-715227ee14ba to datanode:ed14f577-cd6a-4282-b253-bcfbdf05676a
2022-04-28 13:45:26,814 [128f2034-ac44-458c-9192-ab2b916273b9@group-5DE87E184680-StateMachineUpdater] INFO  pipeline.PipelineStateManagerImpl (PipelineStateManagerImpl.java:addPipeline(101)) - Created pipeline Pipeline[ Id: c073acfe-daac-41f7-b1ad-715227ee14ba, Nodes: 4f6314c6-5f1e-418e-9cab-9d7da23e485e{ip: 10.1.0.6, host: fv-az294-869.eaanfquahm5ulb5tj050gcxych.jx.internal.cloudapp.net, ports: [REPLICATION=44133, RATIS=33597, RATIS_ADMIN=33597, RATIS_SERVER=33597, STANDALONE=36669], networkLocation: /default-rack, certSerialId: null, persistedOpState: IN_SERVICE, persistedOpStateExpiryEpochSec: 0}ab82d630-dee7-4177-af41-1c16b6b55497{ip: 10.1.0.6, host: fv-az294-869.eaanfquahm5ulb5tj050gcxych.jx.internal.cloudapp.net, ports: [REPLICATION=36873, RATIS=33355, RATIS_ADMIN=33355, RATIS_SERVER=33355, STANDALONE=41685], networkLocation: /default-rack, certSerialId: null, persistedOpState: IN_SERVICE, persistedOpStateExpiryEpochSec: 0}ed14f577-cd6a-4282-b253-bcfbdf05676a{ip: 10.1.0.6, host: fv-az294-869.eaanfquahm5ulb5tj050gcxych.jx.internal.cloudapp.net, ports: [REPLICATION=40865, RATIS=43755, RATIS_ADMIN=43755, RATIS_SERVER=43755, STANDALONE=41447], networkLocation: /default-rack, certSerialId: null, persistedOpState: IN_SERVICE, persistedOpStateExpiryEpochSec: 0}, ReplicationConfig: RATIS/THREE, State:ALLOCATED, leaderId:, CreationTimestamp2022-04-28T13:45:26.811Z[Etc/UTC]].
2022-04-28 13:45:26,814 [128f2034-ac44-458c-9192-ab2b916273b9@group-5DE87E184680-StateMachineUpdater] INFO  safemode.HealthyPipelineSafeModeRule (HealthyPipelineSafeModeRule.java:initializeRule(152)) - Refreshed total pipeline count is 0, healthy pipeline threshold count is 1
2022-04-28 13:45:26,814 [RatisPipelineUtilsThread - 0] INFO  pipeline.PipelineManagerImpl (PipelineManagerImpl.java:recordMetricsForPipeline(687)) - Pipeline: PipelineID=c073acfe-daac-41f7-b1ad-715227ee14ba contains same datanodes as previous pipelines: PipelineID=fa83f2dc-f269-425f-8283-eabbf4ba2e45 nodeIds: 4f6314c6-5f1e-418e-9cab-9d7da23e485e, ab82d630-dee7-4177-af41-1c16b6b55497, ed14f577-cd6a-4282-b253-bcfbdf05676a
2022-04-28 13:45:27,073 [Listener at 127.0.0.1/38637] INFO  ozone.MiniOzoneClusterImpl (MiniOzoneClusterImpl.java:lambda$waitForClusterToBeReady$0(221)) - Waiting for nodes to be ready. Got 6 of 7 DN Heartbeats.
2022-04-28 13:45:27,074 [Listener at 127.0.0.1/38637] INFO  ozone.MiniOzoneClusterImpl (MiniOzoneClusterImpl.java:lambda$waitForClusterToBeReady$0(224)) - Waiting for cluster to exit safe mode
2022-04-28 13:45:27,074 [Listener at 127.0.0.1/38637] INFO  ozone.MiniOzoneClusterImpl (MiniOzoneClusterImpl.java:lambda$waitForClusterToBeReady$0(226)) - SCM became leader
2022-04-28 13:45:27,110 [IPC Server handler 2 on default port 39367] INFO  net.NetworkTopologyImpl (NetworkTopologyImpl.java:add(112)) - Added a new node: /default-rack/35bc48eb-3a69-4b93-a612-e068df06f99e
2022-04-28 13:45:27,110 [IPC Server handler 2 on default port 39367] INFO  node.SCMNodeManager (SCMNodeManager.java:register(391)) - Registered Data node : 35bc48eb-3a69-4b93-a612-e068df06f99e{ip: 10.1.0.6, host: fv-az294-869.eaanfquahm5ulb5tj050gcxych.jx.internal.cloudapp.net, ports: [REPLICATION=33537, RATIS=43573, RATIS_ADMIN=43573, RATIS_SERVER=43573, STANDALONE=42905], networkLocation: /default-rack, certSerialId: null, persistedOpState: null, persistedOpStateExpiryEpochSec: 0}
2022-04-28 13:45:27,110 [EventQueue-NewNodeForNewNodeHandler] INFO  pipeline.BackgroundPipelineCreator (BackgroundPipelineCreator.java:notifyEventTriggered(271)) - trigger a one-shot run on RatisPipelineUtilsThread.
2022-04-28 13:45:27,111 [RatisPipelineUtilsThread - 0] INFO  pipeline.RatisPipelineProvider (RatisPipelineProvider.java:lambda$create$0(195)) - Sending CreatePipelineCommand for pipeline:PipelineID=1de3288d-9c66-4b35-849f-48175ae9934b to datanode:35bc48eb-3a69-4b93-a612-e068df06f99e
2022-04-28 13:45:27,113 [128f2034-ac44-458c-9192-ab2b916273b9@group-5DE87E184680-StateMachineUpdater] INFO  pipeline.PipelineStateManagerImpl (PipelineStateManagerImpl.java:addPipeline(101)) - Created pipeline Pipeline[ Id: 1de3288d-9c66-4b35-849f-48175ae9934b, Nodes: 35bc48eb-3a69-4b93-a612-e068df06f99e{ip: 10.1.0.6, host: fv-az294-869.eaanfquahm5ulb5tj050gcxych.jx.internal.cloudapp.net, ports: [REPLICATION=33537, RATIS=43573, RATIS_ADMIN=43573, RATIS_SERVER=43573, STANDALONE=42905], networkLocation: /default-rack, certSerialId: null, persistedOpState: IN_SERVICE, persistedOpStateExpiryEpochSec: 0}, ReplicationConfig: RATIS/ONE, State:ALLOCATED, leaderId:, CreationTimestamp2022-04-28T13:45:27.111Z[Etc/UTC]].
2022-04-28 13:45:27,113 [128f2034-ac44-458c-9192-ab2b916273b9@group-5DE87E184680-StateMachineUpdater] INFO  safemode.HealthyPipelineSafeModeRule (HealthyPipelineSafeModeRule.java:initializeRule(152)) - Refreshed total pipeline count is 0, healthy pipeline threshold count is 1
2022-04-28 13:45:28,074 [Listener at 127.0.0.1/38637] INFO  ozone.MiniOzoneClusterImpl (MiniOzoneClusterImpl.java:lambda$waitForClusterToBeReady$0(221)) - Nodes are ready. Got 7 of 7 DN Heartbeats.
2022-04-28 13:45:28,075 [Listener at 127.0.0.1/38637] INFO  ozone.MiniOzoneClusterImpl (MiniOzoneClusterImpl.java:lambda$waitForClusterToBeReady$0(224)) - Waiting for cluster to exit safe mode
2022-04-28 13:45:28,075 [Listener at 127.0.0.1/38637] INFO  ozone.MiniOzoneClusterImpl (MiniOzoneClusterImpl.java:lambda$waitForClusterToBeReady$0(226)) - SCM became leader
2022-04-28 13:45:28,076 [Command processor thread] INFO  server.RaftServer (RaftServerProxy.java:addNew(95)) - 5f73a725-0f40-4029-8a7b-0ac4f52c09c7: addNew group-16680024E073:[5f73a725-0f40-4029-8a7b-0ac4f52c09c7|rpc:10.1.0.6:38783|priority:1] returns group-16680024E073:java.util.concurrent.CompletableFuture@15eefd4d[Not completed]
2022-04-28 13:45:28,091 [pool-72-thread-1] INFO  server.RaftServer$Division (RaftServerImpl.java:<init>(184)) - 5f73a725-0f40-4029-8a7b-0ac4f52c09c7: new RaftServerImpl for group-16680024E073:[5f73a725-0f40-4029-8a7b-0ac4f52c09c7|rpc:10.1.0.6:38783|priority:1] with ContainerStateMachine:uninitialized
2022-04-28 13:45:28,092 [pool-72-thread-1] INFO  server.RaftServerConfigKeys (ConfUtils.java:logGet(44)) - raft.server.rpc.timeout.min = 5s (custom)
2022-04-28 13:45:28,092 [pool-72-thread-1] INFO  server.RaftServerConfigKeys (ConfUtils.java:logGet(44)) - raft.server.rpc.timeout.max = 5200ms (custom)
2022-04-28 13:45:28,093 [pool-72-thread-1] INFO  server.RaftServerConfigKeys (ConfUtils.java:logGet(44)) - raft.server.rpc.sleep.time = 25ms (default)
2022-04-28 13:45:28,096 [pool-72-thread-1] INFO  server.RaftServerConfigKeys (ConfUtils.java:logGet(44)) - raft.server.rpc.slowness.timeout = 300000ms (custom)
2022-04-28 13:45:28,096 [pool-72-thread-1] INFO  server.RaftServerConfigKeys (ConfUtils.java:logGet(44)) - raft.server.leaderelection.leader.step-down.wait-time = 10s (default)
2022-04-28 13:45:28,096 [pool-72-thread-1] INFO  server.RaftServerConfigKeys (ConfUtils.java:logGet(44)) - raft.server.sleep.deviation.threshold = 300ms (default)
2022-04-28 13:45:28,096 [pool-72-thread-1] INFO  server.RaftServerConfigKeys (ConfUtils.java:logGet(44)) - raft.server.log.appender.install.snapshot.enabled = false (custom)
2022-04-28 13:45:28,096 [pool-72-thread-1] INFO  server.RaftServer$Division (ServerState.java:<init>(105)) - 5f73a725-0f40-4029-8a7b-0ac4f52c09c7@group-16680024E073: ConfigurationManager, init=-1: [5f73a725-0f40-4029-8a7b-0ac4f52c09c7|rpc:10.1.0.6:38783|priority:1], old=null, confs=<EMPTY_MAP>
2022-04-28 13:45:28,096 [pool-72-thread-1] INFO  server.RaftServerConfigKeys (ConfUtils.java:logGet(44)) - raft.server.storage.dir = [/home/runner/work/ozone/ozone/hadoop-ozone/integration-test/target/test-dir/MiniOzoneClusterImpl-961b773a-55ec-4776-b588-5de87e184680/datanode-0/data/ratis] (custom)
2022-04-28 13:45:28,096 [pool-72-thread-1] INFO  server.RaftServerConfigKeys (ConfUtils.java:logGet(44)) - raft.server.log.corruption.policy = EXCEPTION (default)
2022-04-28 13:45:28,096 [pool-72-thread-1] INFO  server.RaftServerConfigKeys (ConfUtils.java:logGet(44)) - raft.server.storage.free-space.min = 0MB (=0) (default)
2022-04-28 13:45:28,096 [pool-72-thread-1] INFO  storage.RaftStorageDirectory (RaftStorageDirectoryImpl.java:analyzeStorage(135)) - The storage directory /home/runner/work/ozone/ozone/hadoop-ozone/integration-test/target/test-dir/MiniOzoneClusterImpl-961b773a-55ec-4776-b588-5de87e184680/datanode-0/data/ratis/5f187f64-27df-4ede-a4fc-16680024e073 does not exist. Creating ...
2022-04-28 13:45:28,097 [pool-72-thread-1] INFO  storage.RaftStorageDirectory (RaftStorageDirectoryImpl.java:tryLock(230)) - Lock on /home/runner/work/ozone/ozone/hadoop-ozone/integration-test/target/test-dir/MiniOzoneClusterImpl-961b773a-55ec-4776-b588-5de87e184680/datanode-0/data/ratis/5f187f64-27df-4ede-a4fc-16680024e073/in_use.lock acquired by nodename 9841@fv-az294-869
2022-04-28 13:45:28,098 [pool-72-thread-1] INFO  storage.RaftStorage (RaftStorageImpl.java:format(89)) - Storage directory /home/runner/work/ozone/ozone/hadoop-ozone/integration-test/target/test-dir/MiniOzoneClusterImpl-961b773a-55ec-4776-b588-5de87e184680/datanode-0/data/ratis/5f187f64-27df-4ede-a4fc-16680024e073 has been successfully formatted.
2022-04-28 13:45:28,104 [pool-72-thread-1] INFO  ratis.ContainerStateMachine (ContainerStateMachine.java:loadSnapshot(236)) - group-16680024E073: The snapshot info is null. Setting the last applied indexto:(t:0, i:~)
2022-04-28 13:45:28,105 [pool-72-thread-1] INFO  server.RaftServerConfigKeys (ConfUtils.java:logGet(44)) - raft.server.notification.no-leader.timeout = 300000ms (custom)
2022-04-28 13:45:28,105 [pool-72-thread-1] INFO  server.RaftServerConfigKeys (ConfUtils.java:logGet(44)) - raft.server.log.use.memory = false (default)
2022-04-28 13:45:28,105 [pool-72-thread-1] INFO  server.RaftServerConfigKeys (ConfUtils.java:logGet(44)) - raft.server.log.purge.gap = 1000000 (custom)
2022-04-28 13:45:28,105 [pool-72-thread-1] INFO  server.RaftServerConfigKeys (ConfUtils.java:logGet(44)) - raft.server.log.appender.buffer.byte-limit = 33554432 (custom)
2022-04-28 13:45:28,105 [pool-72-thread-1] INFO  server.RaftServerConfigKeys (ConfUtils.java:logGet(44)) - raft.server.log.segment.size.max = 1048576 (custom)
2022-04-28 13:45:28,113 [pool-72-thread-1] INFO  server.RaftServerConfigKeys (ConfUtils.java:logGet(44)) - raft.server.log.segment.cache.num.max = 2 (custom)
2022-04-28 13:45:28,113 [pool-72-thread-1] INFO  server.RaftServerConfigKeys (ConfUtils.java:logGet(44)) - raft.server.log.segment.cache.size.max = 200MB (=209715200) (default)
2022-04-28 13:45:28,113 [pool-72-thread-1] INFO  segmented.SegmentedRaftLogWorker (SegmentedRaftLogWorker.java:<init>(182)) - new 5f73a725-0f40-4029-8a7b-0ac4f52c09c7@group-16680024E073-SegmentedRaftLogWorker for RaftStorageImpl:Storage Directory /home/runner/work/ozone/ozone/hadoop-ozone/integration-test/target/test-dir/MiniOzoneClusterImpl-961b773a-55ec-4776-b588-5de87e184680/datanode-0/data/ratis/5f187f64-27df-4ede-a4fc-16680024e073
2022-04-28 13:45:28,113 [pool-72-thread-1] INFO  server.RaftServerConfigKeys (ConfUtils.java:logGet(44)) - raft.server.log.queue.byte-limit = 4294967296 (custom)
2022-04-28 13:45:28,113 [pool-72-thread-1] INFO  server.RaftServerConfigKeys (ConfUtils.java:logGet(44)) - raft.server.log.queue.element-limit = 1024 (custom)
2022-04-28 13:45:28,114 [pool-72-thread-1] INFO  server.RaftServerConfigKeys (ConfUtils.java:logGet(44)) - raft.server.log.segment.size.max = 1048576 (custom)
2022-04-28 13:45:28,114 [pool-72-thread-1] INFO  server.RaftServerConfigKeys (ConfUtils.java:logGet(44)) - raft.server.log.preallocated.size = 16384 (custom)
2022-04-28 13:45:28,114 [pool-72-thread-1] INFO  server.RaftServerConfigKeys (ConfUtils.java:logGet(44)) - raft.server.log.force.sync.num = 128 (default)
2022-04-28 13:45:28,114 [pool-72-thread-1] INFO  server.RaftServerConfigKeys (ConfUtils.java:logGet(44)) - raft.server.log.statemachine.data.sync = true (default)
2022-04-28 13:45:28,114 [pool-72-thread-1] INFO  server.RaftServerConfigKeys (ConfUtils.java:logGet(44)) - raft.server.log.statemachine.data.sync.timeout = 10s (default)
2022-04-28 13:45:28,114 [pool-72-thread-1] INFO  server.RaftServerConfigKeys (ConfUtils.java:logGet(44)) - raft.server.log.statemachine.data.sync.timeout.retry = -1 (default)
2022-04-28 13:45:28,119 [pool-72-thread-1] INFO  server.RaftServerConfigKeys (ConfUtils.java:logGet(44)) - raft.server.log.write.buffer.size = 1048576 (custom)
2022-04-28 13:45:28,120 [pool-72-thread-1] INFO  server.RaftServerConfigKeys (ConfUtils.java:logGet(44)) - raft.server.log.statemachine.data.caching.enabled = true (custom)
2022-04-28 13:45:28,120 [pool-72-thread-1] INFO  segmented.SegmentedRaftLogWorker (SegmentedRaftLogWorker.java:lambda$new$0(133)) - 5f73a725-0f40-4029-8a7b-0ac4f52c09c7@group-16680024E073-SegmentedRaftLogWorker: flushIndex: setUnconditionally 0 -> -1
2022-04-28 13:45:28,120 [pool-72-thread-1] INFO  segmented.SegmentedRaftLogWorker (SegmentedRaftLogWorker.java:lambda$new$0(133)) - 5f73a725-0f40-4029-8a7b-0ac4f52c09c7@group-16680024E073-SegmentedRaftLogWorker: safeCacheEvictIndex: setUnconditionally 0 -> -1
2022-04-28 13:45:28,130 [pool-72-thread-1] INFO  server.RaftServerConfigKeys (ConfUtils.java:logGet(44)) - raft.server.snapshot.auto.trigger.enabled = true (custom)
2022-04-28 13:45:28,130 [pool-72-thread-1] INFO  server.RaftServerConfigKeys (ConfUtils.java:logGet(44)) - raft.server.snapshot.auto.trigger.threshold = 10000 (custom)
2022-04-28 13:45:28,130 [pool-72-thread-1] INFO  server.RaftServerConfigKeys (ConfUtils.java:logGet(44)) - raft.server.snapshot.retention.file.num = 5 (custom)
2022-04-28 13:45:28,130 [pool-72-thread-1] INFO  server.RaftServerConfigKeys (ConfUtils.java:logGet(44)) - raft.server.log.purge.upto.snapshot.index = false (default)
2022-04-28 13:45:28,131 [pool-72-thread-1] INFO  server.RaftServerConfigKeys (ConfUtils.java:logGet(44)) - raft.server.retrycache.expirytime = 600000ms (custom)
2022-04-28 13:45:28,131 [pool-72-thread-1] INFO  server.RaftServerConfigKeys (ConfUtils.java:logGet(44)) - raft.server.retrycache.statistics.expirytime = 100μs (default)
2022-04-28 13:45:28,132 [EventQueue-PipelineReportForPipelineReportHandler] INFO  pipeline.PipelineManagerImpl (PipelineManagerImpl.java:openPipeline(328)) - Pipeline Pipeline[ Id: 5f187f64-27df-4ede-a4fc-16680024e073, Nodes: 5f73a725-0f40-4029-8a7b-0ac4f52c09c7{ip: 10.1.0.6, host: fv-az294-869.eaanfquahm5ulb5tj050gcxych.jx.internal.cloudapp.net, ports: [REPLICATION=40385, RATIS=38783, RATIS_ADMIN=38783, RATIS_SERVER=38783, STANDALONE=41929], networkLocation: /default-rack, certSerialId: null, persistedOpState: IN_SERVICE, persistedOpStateExpiryEpochSec: 0}, ReplicationConfig: RATIS/ONE, State:ALLOCATED, leaderId:5f73a725-0f40-4029-8a7b-0ac4f52c09c7, CreationTimestamp2022-04-28T13:45:25.145Z[Etc/UTC]] moved to OPEN state
2022-04-28 13:45:28,138 [pool-72-thread-1] INFO  server.RaftServer$Division (RaftServerImpl.java:start(301)) - 5f73a725-0f40-4029-8a7b-0ac4f52c09c7@group-16680024E073: start as a follower, conf=-1: [5f73a725-0f40-4029-8a7b-0ac4f52c09c7|rpc:10.1.0.6:38783|priority:1], old=null
2022-04-28 13:45:28,139 [pool-72-thread-1] INFO  server.RaftServer$Division (RaftServerImpl.java:setRole(290)) - 5f73a725-0f40-4029-8a7b-0ac4f52c09c7@group-16680024E073: changes role from      null to FOLLOWER at term 0 for startAsFollower
2022-04-28 13:45:28,139 [pool-72-thread-1] INFO  impl.RoleInfo (RoleInfo.java:updateAndGet(130)) - 5f73a725-0f40-4029-8a7b-0ac4f52c09c7: start 5f73a725-0f40-4029-8a7b-0ac4f52c09c7@group-16680024E073-FollowerState
2022-04-28 13:45:28,141 [128f2034-ac44-458c-9192-ab2b916273b9@group-5DE87E184680-StateMachineUpdater] INFO  safemode.HealthyPipelineSafeModeRule (HealthyPipelineSafeModeRule.java:initializeRule(152)) - Refreshed total pipeline count is 0, healthy pipeline threshold count is 1
2022-04-28 13:45:28,142 [pool-72-thread-1] INFO  util.JmxRegister (JmxRegister.java:tryRegister(44)) - Successfully registered JMX Bean with object name Ratis:service=RaftServer,group=group-16680024E073,id=5f73a725-0f40-4029-8a7b-0ac4f52c09c7
2022-04-28 13:45:28,145 [EventQueue-OpenPipelineForHealthyPipelineSafeModeRule] INFO  safemode.SCMSafeModeManager (HealthyPipelineSafeModeRule.java:process(124)) - SCM in safe mode. Healthy pipelines reported count is 0, required healthy pipeline reported count is 1
2022-04-28 13:45:28,148 [Command processor thread] INFO  ratis.XceiverServerRatis (XceiverServerRatis.java:addGroup(765)) - Created group PipelineID=5f187f64-27df-4ede-a4fc-16680024e073
2022-04-28 13:45:28,149 [Command processor thread] INFO  commandhandler.CreatePipelineCommandHandler (CreatePipelineCommandHandler.java:handle(113)) - Created Pipeline RATIS ONE PipelineID=5f187f64-27df-4ede-a4fc-16680024e073.
2022-04-28 13:45:28,149 [Command processor thread] INFO  server.RaftServer (RaftServerProxy.java:addNew(95)) - 5f73a725-0f40-4029-8a7b-0ac4f52c09c7: addNew group-1E6DBB551F13:[ab92dd13-3a3c-494a-a601-0001755b8ba9|rpc:10.1.0.6:38077|priority:1, 5f73a725-0f40-4029-8a7b-0ac4f52c09c7|rpc:10.1.0.6:38783|priority:0, 0560cff9-c55c-4a15-aea8-16ef2e8911e2|rpc:10.1.0.6:37139|priority:0] returns group-1E6DBB551F13:java.util.concurrent.CompletableFuture@577e5f71[Not completed]
2022-04-28 13:45:28,150 [pool-72-thread-1] INFO  server.RaftServer$Division (RaftServerImpl.java:<init>(184)) - 5f73a725-0f40-4029-8a7b-0ac4f52c09c7: new RaftServerImpl for group-1E6DBB551F13:[ab92dd13-3a3c-494a-a601-0001755b8ba9|rpc:10.1.0.6:38077|priority:1, 5f73a725-0f40-4029-8a7b-0ac4f52c09c7|rpc:10.1.0.6:38783|priority:0, 0560cff9-c55c-4a15-aea8-16ef2e8911e2|rpc:10.1.0.6:37139|priority:0] with ContainerStateMachine:uninitialized
2022-04-28 13:45:28,150 [pool-72-thread-1] INFO  server.RaftServerConfigKeys (ConfUtils.java:logGet(44)) - raft.server.rpc.timeout.min = 5s (custom)
2022-04-28 13:45:28,150 [pool-72-thread-1] INFO  server.RaftServerConfigKeys (ConfUtils.java:logGet(44)) - raft.server.rpc.timeout.max = 5200ms (custom)
2022-04-28 13:45:28,151 [pool-72-thread-1] INFO  server.RaftServerConfigKeys (ConfUtils.java:logGet(44)) - raft.server.rpc.sleep.time = 25ms (default)
2022-04-28 13:45:28,151 [pool-72-thread-1] INFO  server.RaftServerConfigKeys (ConfUtils.java:logGet(44)) - raft.server.rpc.slowness.timeout = 300000ms (custom)
2022-04-28 13:45:28,151 [pool-72-thread-1] INFO  server.RaftServerConfigKeys (ConfUtils.java:logGet(44)) - raft.server.leaderelection.leader.step-down.wait-time = 10s (default)
2022-04-28 13:45:28,151 [pool-72-thread-1] INFO  server.RaftServerConfigKeys (ConfUtils.java:logGet(44)) - raft.server.sleep.deviation.threshold = 300ms (default)
2022-04-28 13:45:28,151 [pool-72-thread-1] INFO  server.RaftServerConfigKeys (ConfUtils.java:logGet(44)) - raft.server.log.appender.install.snapshot.enabled = false (custom)
2022-04-28 13:45:28,151 [pool-72-thread-1] INFO  server.RaftServer$Division (ServerState.java:<init>(105)) - 5f73a725-0f40-4029-8a7b-0ac4f52c09c7@group-1E6DBB551F13: ConfigurationManager, init=-1: [ab92dd13-3a3c-494a-a601-0001755b8ba9|rpc:10.1.0.6:38077|priority:1, 5f73a725-0f40-4029-8a7b-0ac4f52c09c7|rpc:10.1.0.6:38783|priority:0, 0560cff9-c55c-4a15-aea8-16ef2e8911e2|rpc:10.1.0.6:37139|priority:0], old=null, confs=<EMPTY_MAP>
2022-04-28 13:45:28,151 [pool-72-thread-1] INFO  server.RaftServerConfigKeys (ConfUtils.java:logGet(44)) - raft.server.storage.dir = [/home/runner/work/ozone/ozone/hadoop-ozone/integration-test/target/test-dir/MiniOzoneClusterImpl-961b773a-55ec-4776-b588-5de87e184680/datanode-0/data/ratis] (custom)
2022-04-28 13:45:28,151 [pool-72-thread-1] INFO  server.RaftServerConfigKeys (ConfUtils.java:logGet(44)) - raft.server.log.corruption.policy = EXCEPTION (default)
2022-04-28 13:45:28,152 [pool-72-thread-1] INFO  server.RaftServerConfigKeys (ConfUtils.java:logGet(44)) - raft.server.storage.free-space.min = 0MB (=0) (default)
2022-04-28 13:45:28,152 [pool-72-thread-1] INFO  storage.RaftStorageDirectory (RaftStorageDirectoryImpl.java:analyzeStorage(135)) - The storage directory /home/runner/work/ozone/ozone/hadoop-ozone/integration-test/target/test-dir/MiniOzoneClusterImpl-961b773a-55ec-4776-b588-5de87e184680/datanode-0/data/ratis/cdcd232a-581d-4cbf-8bc8-1e6dbb551f13 does not exist. Creating ...
2022-04-28 13:45:28,154 [pool-72-thread-1] INFO  storage.RaftStorageDirectory (RaftStorageDirectoryImpl.java:tryLock(230)) - Lock on /home/runner/work/ozone/ozone/hadoop-ozone/integration-test/target/test-dir/MiniOzoneClusterImpl-961b773a-55ec-4776-b588-5de87e184680/datanode-0/data/ratis/cdcd232a-581d-4cbf-8bc8-1e6dbb551f13/in_use.lock acquired by nodename 9841@fv-az294-869
2022-04-28 13:45:28,158 [pool-72-thread-1] INFO  storage.RaftStorage (RaftStorageImpl.java:format(89)) - Storage directory /home/runner/work/ozone/ozone/hadoop-ozone/integration-test/target/test-dir/MiniOzoneClusterImpl-961b773a-55ec-4776-b588-5de87e184680/datanode-0/data/ratis/cdcd232a-581d-4cbf-8bc8-1e6dbb551f13 has been successfully formatted.
2022-04-28 13:45:28,159 [pool-72-thread-1] INFO  ratis.ContainerStateMachine (ContainerStateMachine.java:loadSnapshot(236)) - group-1E6DBB551F13: The snapshot info is null. Setting the last applied indexto:(t:0, i:~)
2022-04-28 13:45:28,159 [pool-72-thread-1] INFO  server.RaftServerConfigKeys (ConfUtils.java:logGet(44)) - raft.server.notification.no-leader.timeout = 300000ms (custom)
2022-04-28 13:45:28,159 [pool-72-thread-1] INFO  server.RaftServerConfigKeys (ConfUtils.java:logGet(44)) - raft.server.log.use.memory = false (default)
2022-04-28 13:45:28,160 [pool-72-thread-1] INFO  server.RaftServerConfigKeys (ConfUtils.java:logGet(44)) - raft.server.log.purge.gap = 1000000 (custom)
2022-04-28 13:45:28,160 [pool-72-thread-1] INFO  server.RaftServerConfigKeys (ConfUtils.java:logGet(44)) - raft.server.log.appender.buffer.byte-limit = 33554432 (custom)
2022-04-28 13:45:28,161 [pool-72-thread-1] INFO  server.RaftServerConfigKeys (ConfUtils.java:logGet(44)) - raft.server.log.segment.size.max = 1048576 (custom)
2022-04-28 13:45:28,161 [EventQueue-OpenPipelineForHealthyPipelineSafeModeRule] INFO  safemode.SCMSafeModeManager (HealthyPipelineSafeModeRule.java:process(124)) - SCM in safe mode. Healthy pipelines reported count is 0, required healthy pipeline reported count is 1
2022-04-28 13:45:28,162 [pool-72-thread-1] INFO  server.RaftServerConfigKeys (ConfUtils.java:logGet(44)) - raft.server.log.segment.cache.num.max = 2 (custom)
2022-04-28 13:45:28,162 [pool-72-thread-1] INFO  server.RaftServerConfigKeys (ConfUtils.java:logGet(44)) - raft.server.log.segment.cache.size.max = 200MB (=209715200) (default)
2022-04-28 13:45:28,162 [pool-72-thread-1] INFO  segmented.SegmentedRaftLogWorker (SegmentedRaftLogWorker.java:<init>(182)) - new 5f73a725-0f40-4029-8a7b-0ac4f52c09c7@group-1E6DBB551F13-SegmentedRaftLogWorker for RaftStorageImpl:Storage Directory /home/runner/work/ozone/ozone/hadoop-ozone/integration-test/target/test-dir/MiniOzoneClusterImpl-961b773a-55ec-4776-b588-5de87e184680/datanode-0/data/ratis/cdcd232a-581d-4cbf-8bc8-1e6dbb551f13
2022-04-28 13:45:28,162 [pool-72-thread-1] INFO  server.RaftServerConfigKeys (ConfUtils.java:logGet(44)) - raft.server.log.queue.byte-limit = 4294967296 (custom)
2022-04-28 13:45:28,162 [pool-72-thread-1] INFO  server.RaftServerConfigKeys (ConfUtils.java:logGet(44)) - raft.server.log.queue.element-limit = 1024 (custom)
2022-04-28 13:45:28,162 [pool-72-thread-1] INFO  server.RaftServerConfigKeys (ConfUtils.java:logGet(44)) - raft.server.log.segment.size.max = 1048576 (custom)
2022-04-28 13:45:28,162 [pool-72-thread-1] INFO  server.RaftServerConfigKeys (ConfUtils.java:logGet(44)) - raft.server.log.preallocated.size = 16384 (custom)
2022-04-28 13:45:28,162 [pool-72-thread-1] INFO  server.RaftServerConfigKeys (ConfUtils.java:logGet(44)) - raft.server.log.force.sync.num = 128 (default)
2022-04-28 13:45:28,162 [pool-72-thread-1] INFO  server.RaftServerConfigKeys (ConfUtils.java:logGet(44)) - raft.server.log.statemachine.data.sync = true (default)
2022-04-28 13:45:28,162 [pool-72-thread-1] INFO  server.RaftServerConfigKeys (ConfUtils.java:logGet(44)) - raft.server.log.statemachine.data.sync.timeout = 10s (default)
2022-04-28 13:45:28,162 [pool-72-thread-1] INFO  server.RaftServerConfigKeys (ConfUtils.java:logGet(44)) - raft.server.log.statemachine.data.sync.timeout.retry = -1 (default)
2022-04-28 13:45:28,163 [pool-72-thread-1] INFO  server.RaftServerConfigKeys (ConfUtils.java:logGet(44)) - raft.server.log.write.buffer.size = 1048576 (custom)
2022-04-28 13:45:28,164 [pool-72-thread-1] INFO  server.RaftServerConfigKeys (ConfUtils.java:logGet(44)) - raft.server.log.statemachine.data.caching.enabled = true (custom)
2022-04-28 13:45:28,164 [pool-72-thread-1] INFO  segmented.SegmentedRaftLogWorker (SegmentedRaftLogWorker.java:lambda$new$0(133)) - 5f73a725-0f40-4029-8a7b-0ac4f52c09c7@group-1E6DBB551F13-SegmentedRaftLogWorker: flushIndex: setUnconditionally 0 -> -1
2022-04-28 13:45:28,164 [pool-72-thread-1] INFO  segmented.SegmentedRaftLogWorker (SegmentedRaftLogWorker.java:lambda$new$0(133)) - 5f73a725-0f40-4029-8a7b-0ac4f52c09c7@group-1E6DBB551F13-SegmentedRaftLogWorker: safeCacheEvictIndex: setUnconditionally 0 -> -1
2022-04-28 13:45:28,165 [pool-72-thread-1] INFO  server.RaftServerConfigKeys (ConfUtils.java:logGet(44)) - raft.server.snapshot.auto.trigger.enabled = true (custom)
2022-04-28 13:45:28,165 [pool-72-thread-1] INFO  server.RaftServerConfigKeys (ConfUtils.java:logGet(44)) - raft.server.snapshot.auto.trigger.threshold = 10000 (custom)
2022-04-28 13:45:28,165 [pool-72-thread-1] INFO  server.RaftServerConfigKeys (ConfUtils.java:logGet(44)) - raft.server.snapshot.retention.file.num = 5 (custom)
2022-04-28 13:45:28,165 [pool-72-thread-1] INFO  server.RaftServerConfigKeys (ConfUtils.java:logGet(44)) - raft.server.log.purge.upto.snapshot.index = false (default)
2022-04-28 13:45:28,166 [pool-72-thread-1] INFO  server.RaftServerConfigKeys (ConfUtils.java:logGet(44)) - raft.server.retrycache.expirytime = 600000ms (custom)
2022-04-28 13:45:28,166 [pool-72-thread-1] INFO  server.RaftServerConfigKeys (ConfUtils.java:logGet(44)) - raft.server.retrycache.statistics.expirytime = 100μs (default)
2022-04-28 13:45:28,167 [pool-72-thread-1] INFO  server.RaftServer$Division (RaftServerImpl.java:start(301)) - 5f73a725-0f40-4029-8a7b-0ac4f52c09c7@group-1E6DBB551F13: start as a follower, conf=-1: [ab92dd13-3a3c-494a-a601-0001755b8ba9|rpc:10.1.0.6:38077|priority:1, 5f73a725-0f40-4029-8a7b-0ac4f52c09c7|rpc:10.1.0.6:38783|priority:0, 0560cff9-c55c-4a15-aea8-16ef2e8911e2|rpc:10.1.0.6:37139|priority:0], old=null
2022-04-28 13:45:28,167 [pool-72-thread-1] INFO  server.RaftServer$Division (RaftServerImpl.java:setRole(290)) - 5f73a725-0f40-4029-8a7b-0ac4f52c09c7@group-1E6DBB551F13: changes role from      null to FOLLOWER at term 0 for startAsFollower
2022-04-28 13:45:28,167 [pool-72-thread-1] INFO  impl.RoleInfo (RoleInfo.java:updateAndGet(130)) - 5f73a725-0f40-4029-8a7b-0ac4f52c09c7: start 5f73a725-0f40-4029-8a7b-0ac4f52c09c7@group-1E6DBB551F13-FollowerState
2022-04-28 13:45:28,170 [pool-72-thread-1] INFO  util.JmxRegister (JmxRegister.java:tryRegister(44)) - Successfully registered JMX Bean with object name Ratis:service=RaftServer,group=group-1E6DBB551F13,id=5f73a725-0f40-4029-8a7b-0ac4f52c09c7
2022-04-28 13:45:28,174 [Command processor thread] INFO  ratis.XceiverServerRatis (XceiverServerRatis.java:addGroup(765)) - Created group PipelineID=cdcd232a-581d-4cbf-8bc8-1e6dbb551f13
2022-04-28 13:45:28,486 [Command processor thread] INFO  server.RaftServer (RaftServerProxy.java:addNew(95)) - ab92dd13-3a3c-494a-a601-0001755b8ba9: addNew group-CAF012F357F2:[ab92dd13-3a3c-494a-a601-0001755b8ba9|rpc:10.1.0.6:38077|priority:1] returns group-CAF012F357F2:java.util.concurrent.CompletableFuture@35e14486[Not completed]
2022-04-28 13:45:28,498 [pool-93-thread-1] INFO  server.RaftServer$Division (RaftServerImpl.java:<init>(184)) - ab92dd13-3a3c-494a-a601-0001755b8ba9: new RaftServerImpl for group-CAF012F357F2:[ab92dd13-3a3c-494a-a601-0001755b8ba9|rpc:10.1.0.6:38077|priority:1] with ContainerStateMachine:uninitialized
2022-04-28 13:45:28,498 [pool-93-thread-1] INFO  server.RaftServerConfigKeys (ConfUtils.java:logGet(44)) - raft.server.rpc.timeout.min = 5s (custom)
2022-04-28 13:45:28,498 [pool-93-thread-1] INFO  server.RaftServerConfigKeys (ConfUtils.java:logGet(44)) - raft.server.rpc.timeout.max = 5200ms (custom)
2022-04-28 13:45:28,498 [pool-93-thread-1] INFO  server.RaftServerConfigKeys (ConfUtils.java:logGet(44)) - raft.server.rpc.sleep.time = 25ms (default)
2022-04-28 13:45:28,498 [pool-93-thread-1] INFO  server.RaftServerConfigKeys (ConfUtils.java:logGet(44)) - raft.server.rpc.slowness.timeout = 300000ms (custom)
2022-04-28 13:45:28,498 [pool-93-thread-1] INFO  server.RaftServerConfigKeys (ConfUtils.java:logGet(44)) - raft.server.leaderelection.leader.step-down.wait-time = 10s (default)
2022-04-28 13:45:28,498 [pool-93-thread-1] INFO  server.RaftServerConfigKeys (ConfUtils.java:logGet(44)) - raft.server.sleep.deviation.threshold = 300ms (default)
2022-04-28 13:45:28,498 [pool-93-thread-1] INFO  server.RaftServerConfigKeys (ConfUtils.java:logGet(44)) - raft.server.log.appender.install.snapshot.enabled = false (custom)
2022-04-28 13:45:28,498 [pool-93-thread-1] INFO  server.RaftServer$Division (ServerState.java:<init>(105)) - ab92dd13-3a3c-494a-a601-0001755b8ba9@group-CAF012F357F2: ConfigurationManager, init=-1: [ab92dd13-3a3c-494a-a601-0001755b8ba9|rpc:10.1.0.6:38077|priority:1], old=null, confs=<EMPTY_MAP>
2022-04-28 13:45:28,498 [pool-93-thread-1] INFO  server.RaftServerConfigKeys (ConfUtils.java:logGet(44)) - raft.server.storage.dir = [/home/runner/work/ozone/ozone/hadoop-ozone/integration-test/target/test-dir/MiniOzoneClusterImpl-961b773a-55ec-4776-b588-5de87e184680/datanode-1/data/ratis] (custom)
2022-04-28 13:45:28,498 [pool-93-thread-1] INFO  server.RaftServerConfigKeys (ConfUtils.java:logGet(44)) - raft.server.log.corruption.policy = EXCEPTION (default)
2022-04-28 13:45:28,499 [pool-93-thread-1] INFO  server.RaftServerConfigKeys (ConfUtils.java:logGet(44)) - raft.server.storage.free-space.min = 0MB (=0) (default)
2022-04-28 13:45:28,499 [pool-93-thread-1] INFO  storage.RaftStorageDirectory (RaftStorageDirectoryImpl.java:analyzeStorage(135)) - The storage directory /home/runner/work/ozone/ozone/hadoop-ozone/integration-test/target/test-dir/MiniOzoneClusterImpl-961b773a-55ec-4776-b588-5de87e184680/datanode-1/data/ratis/f6eb1539-c17b-4695-aa57-caf012f357f2 does not exist. Creating ...
2022-04-28 13:45:28,500 [pool-93-thread-1] INFO  storage.RaftStorageDirectory (RaftStorageDirectoryImpl.java:tryLock(230)) - Lock on /home/runner/work/ozone/ozone/hadoop-ozone/integration-test/target/test-dir/MiniOzoneClusterImpl-961b773a-55ec-4776-b588-5de87e184680/datanode-1/data/ratis/f6eb1539-c17b-4695-aa57-caf012f357f2/in_use.lock acquired by nodename 9841@fv-az294-869
2022-04-28 13:45:28,501 [pool-93-thread-1] INFO  storage.RaftStorage (RaftStorageImpl.java:format(89)) - Storage directory /home/runner/work/ozone/ozone/hadoop-ozone/integration-test/target/test-dir/MiniOzoneClusterImpl-961b773a-55ec-4776-b588-5de87e184680/datanode-1/data/ratis/f6eb1539-c17b-4695-aa57-caf012f357f2 has been successfully formatted.
2022-04-28 13:45:28,504 [pool-93-thread-1] INFO  ratis.ContainerStateMachine (ContainerStateMachine.java:loadSnapshot(236)) - group-CAF012F357F2: The snapshot info is null. Setting the last applied indexto:(t:0, i:~)
2022-04-28 13:45:28,507 [pool-93-thread-1] INFO  server.RaftServerConfigKeys (ConfUtils.java:logGet(44)) - raft.server.notification.no-leader.timeout = 300000ms (custom)
2022-04-28 13:45:28,507 [pool-93-thread-1] INFO  server.RaftServerConfigKeys (ConfUtils.java:logGet(44)) - raft.server.log.use.memory = false (default)
2022-04-28 13:45:28,507 [pool-93-thread-1] INFO  server.RaftServerConfigKeys (ConfUtils.java:logGet(44)) - raft.server.log.purge.gap = 1000000 (custom)
2022-04-28 13:45:28,507 [pool-93-thread-1] INFO  server.RaftServerConfigKeys (ConfUtils.java:logGet(44)) - raft.server.log.appender.buffer.byte-limit = 33554432 (custom)
2022-04-28 13:45:28,507 [pool-93-thread-1] INFO  server.RaftServerConfigKeys (ConfUtils.java:logGet(44)) - raft.server.log.segment.size.max = 1048576 (custom)
2022-04-28 13:45:28,508 [pool-93-thread-1] INFO  server.RaftServerConfigKeys (ConfUtils.java:logGet(44)) - raft.server.log.segment.cache.num.max = 2 (custom)
2022-04-28 13:45:28,508 [EventQueue-PipelineReportForPipelineReportHandler] INFO  pipeline.PipelineManagerImpl (PipelineManagerImpl.java:openPipeline(328)) - Pipeline Pipeline[ Id: f6eb1539-c17b-4695-aa57-caf012f357f2, Nodes: ab92dd13-3a3c-494a-a601-0001755b8ba9{ip: 10.1.0.6, host: fv-az294-869.eaanfquahm5ulb5tj050gcxych.jx.internal.cloudapp.net, ports: [REPLICATION=39029, RATIS=38077, RATIS_ADMIN=38077, RATIS_SERVER=38077, STANDALONE=34043], networkLocation: /default-rack, certSerialId: null, persistedOpState: IN_SERVICE, persistedOpStateExpiryEpochSec: 0}, ReplicationConfig: RATIS/ONE, State:ALLOCATED, leaderId:ab92dd13-3a3c-494a-a601-0001755b8ba9, CreationTimestamp2022-04-28T13:45:25.491Z[Etc/UTC]] moved to OPEN state
2022-04-28 13:45:28,508 [pool-93-thread-1] INFO  server.RaftServerConfigKeys (ConfUtils.java:logGet(44)) - raft.server.log.segment.cache.size.max = 200MB (=209715200) (default)
2022-04-28 13:45:28,508 [pool-93-thread-1] INFO  segmented.SegmentedRaftLogWorker (SegmentedRaftLogWorker.java:<init>(182)) - new ab92dd13-3a3c-494a-a601-0001755b8ba9@group-CAF012F357F2-SegmentedRaftLogWorker for RaftStorageImpl:Storage Directory /home/runner/work/ozone/ozone/hadoop-ozone/integration-test/target/test-dir/MiniOzoneClusterImpl-961b773a-55ec-4776-b588-5de87e184680/datanode-1/data/ratis/f6eb1539-c17b-4695-aa57-caf012f357f2
2022-04-28 13:45:28,508 [pool-93-thread-1] INFO  server.RaftServerConfigKeys (ConfUtils.java:logGet(44)) - raft.server.log.queue.byte-limit = 4294967296 (custom)
2022-04-28 13:45:28,508 [pool-93-thread-1] INFO  server.RaftServerConfigKeys (ConfUtils.java:logGet(44)) - raft.server.log.queue.element-limit = 1024 (custom)
2022-04-28 13:45:28,508 [pool-93-thread-1] INFO  server.RaftServerConfigKeys (ConfUtils.java:logGet(44)) - raft.server.log.segment.size.max = 1048576 (custom)
2022-04-28 13:45:28,508 [pool-93-thread-1] INFO  server.RaftServerConfigKeys (ConfUtils.java:logGet(44)) - raft.server.log.preallocated.size = 16384 (custom)
2022-04-28 13:45:28,508 [pool-93-thread-1] INFO  server.RaftServerConfigKeys (ConfUtils.java:logGet(44)) - raft.server.log.force.sync.num = 128 (default)
2022-04-28 13:45:28,508 [pool-93-thread-1] INFO  server.RaftServerConfigKeys (ConfUtils.java:logGet(44)) - raft.server.log.statemachine.data.sync = true (default)
2022-04-28 13:45:28,508 [pool-93-thread-1] INFO  server.RaftServerConfigKeys (ConfUtils.java:logGet(44)) - raft.server.log.statemachine.data.sync.timeout = 10s (default)
2022-04-28 13:45:28,509 [pool-93-thread-1] INFO  server.RaftServerConfigKeys (ConfUtils.java:logGet(44)) - raft.server.log.statemachine.data.sync.timeout.retry = -1 (default)
2022-04-28 13:45:28,510 [pool-93-thread-1] INFO  server.RaftServerConfigKeys (ConfUtils.java:logGet(44)) - raft.server.log.write.buffer.size = 1048576 (custom)
2022-04-28 13:45:28,510 [128f2034-ac44-458c-9192-ab2b916273b9@group-5DE87E184680-StateMachineUpdater] INFO  safemode.HealthyPipelineSafeModeRule (HealthyPipelineSafeModeRule.java:initializeRule(152)) - Refreshed total pipeline count is 0, healthy pipeline threshold count is 1
2022-04-28 13:45:28,510 [pool-93-thread-1] INFO  server.RaftServerConfigKeys (ConfUtils.java:logGet(44)) - raft.server.log.statemachine.data.caching.enabled = true (custom)
2022-04-28 13:45:28,515 [pool-93-thread-1] INFO  segmented.SegmentedRaftLogWorker (SegmentedRaftLogWorker.java:lambda$new$0(133)) - ab92dd13-3a3c-494a-a601-0001755b8ba9@group-CAF012F357F2-SegmentedRaftLogWorker: flushIndex: setUnconditionally 0 -> -1
2022-04-28 13:45:28,515 [pool-93-thread-1] INFO  segmented.SegmentedRaftLogWorker (SegmentedRaftLogWorker.java:lambda$new$0(133)) - ab92dd13-3a3c-494a-a601-0001755b8ba9@group-CAF012F357F2-SegmentedRaftLogWorker: safeCacheEvictIndex: setUnconditionally 0 -> -1
2022-04-28 13:45:28,516 [EventQueue-OpenPipelineForHealthyPipelineSafeModeRule] INFO  safemode.SCMSafeModeManager (HealthyPipelineSafeModeRule.java:process(124)) - SCM in safe mode. Healthy pipelines reported count is 0, required healthy pipeline reported count is 1
2022-04-28 13:45:28,517 [pool-93-thread-1] INFO  server.RaftServerConfigKeys (ConfUtils.java:logGet(44)) - raft.server.snapshot.auto.trigger.enabled = true (custom)
2022-04-28 13:45:28,517 [pool-93-thread-1] INFO  server.RaftServerConfigKeys (ConfUtils.java:logGet(44)) - raft.server.snapshot.auto.trigger.threshold = 10000 (custom)
2022-04-28 13:45:28,518 [pool-93-thread-1] INFO  server.RaftServerConfigKeys (ConfUtils.java:logGet(44)) - raft.server.snapshot.retention.file.num = 5 (custom)
2022-04-28 13:45:28,518 [pool-93-thread-1] INFO  server.RaftServerConfigKeys (ConfUtils.java:logGet(44)) - raft.server.log.purge.upto.snapshot.index = false (default)
2022-04-28 13:45:28,518 [pool-93-thread-1] INFO  server.RaftServerConfigKeys (ConfUtils.java:logGet(44)) - raft.server.retrycache.expirytime = 600000ms (custom)
2022-04-28 13:45:28,518 [pool-93-thread-1] INFO  server.RaftServerConfigKeys (ConfUtils.java:logGet(44)) - raft.server.retrycache.statistics.expirytime = 100μs (default)
2022-04-28 13:45:28,519 [pool-93-thread-1] INFO  server.RaftServer$Division (RaftServerImpl.java:start(301)) - ab92dd13-3a3c-494a-a601-0001755b8ba9@group-CAF012F357F2: start as a follower, conf=-1: [ab92dd13-3a3c-494a-a601-0001755b8ba9|rpc:10.1.0.6:38077|priority:1], old=null
2022-04-28 13:45:28,519 [pool-93-thread-1] INFO  server.RaftServer$Division (RaftServerImpl.java:setRole(290)) - ab92dd13-3a3c-494a-a601-0001755b8ba9@group-CAF012F357F2: changes role from      null to FOLLOWER at term 0 for startAsFollower
2022-04-28 13:45:28,519 [pool-93-thread-1] INFO  impl.RoleInfo (RoleInfo.java:updateAndGet(130)) - ab92dd13-3a3c-494a-a601-0001755b8ba9: start ab92dd13-3a3c-494a-a601-0001755b8ba9@group-CAF012F357F2-FollowerState
2022-04-28 13:45:28,535 [pool-93-thread-1] INFO  util.JmxRegister (JmxRegister.java:tryRegister(44)) - Successfully registered JMX Bean with object name Ratis:service=RaftServer,group=group-CAF012F357F2,id=ab92dd13-3a3c-494a-a601-0001755b8ba9
2022-04-28 13:45:28,541 [Command processor thread] INFO  ratis.XceiverServerRatis (XceiverServerRatis.java:addGroup(765)) - Created group PipelineID=f6eb1539-c17b-4695-aa57-caf012f357f2
2022-04-28 13:45:28,541 [Command processor thread] INFO  commandhandler.CreatePipelineCommandHandler (CreatePipelineCommandHandler.java:handle(113)) - Created Pipeline RATIS ONE PipelineID=f6eb1539-c17b-4695-aa57-caf012f357f2.
2022-04-28 13:45:28,543 [Command processor thread] INFO  server.RaftServer (RaftServerProxy.java:addNew(95)) - ab92dd13-3a3c-494a-a601-0001755b8ba9: addNew group-1E6DBB551F13:[ab92dd13-3a3c-494a-a601-0001755b8ba9|rpc:10.1.0.6:38077|priority:1, 5f73a725-0f40-4029-8a7b-0ac4f52c09c7|rpc:10.1.0.6:38783|priority:0, 0560cff9-c55c-4a15-aea8-16ef2e8911e2|rpc:10.1.0.6:37139|priority:0] returns group-1E6DBB551F13:java.util.concurrent.CompletableFuture@31ded6e2[Not completed]
2022-04-28 13:45:28,544 [pool-93-thread-1] INFO  server.RaftServer$Division (RaftServerImpl.java:<init>(184)) - ab92dd13-3a3c-494a-a601-0001755b8ba9: new RaftServerImpl for group-1E6DBB551F13:[ab92dd13-3a3c-494a-a601-0001755b8ba9|rpc:10.1.0.6:38077|priority:1, 5f73a725-0f40-4029-8a7b-0ac4f52c09c7|rpc:10.1.0.6:38783|priority:0, 0560cff9-c55c-4a15-aea8-16ef2e8911e2|rpc:10.1.0.6:37139|priority:0] with ContainerStateMachine:uninitialized
2022-04-28 13:45:28,544 [pool-93-thread-1] INFO  server.RaftServerConfigKeys (ConfUtils.java:logGet(44)) - raft.server.rpc.timeout.min = 5s (custom)
2022-04-28 13:45:28,544 [pool-93-thread-1] INFO  server.RaftServerConfigKeys (ConfUtils.java:logGet(44)) - raft.server.rpc.timeout.max = 5200ms (custom)
2022-04-28 13:45:28,544 [pool-93-thread-1] INFO  server.RaftServerConfigKeys (ConfUtils.java:logGet(44)) - raft.server.rpc.sleep.time = 25ms (default)
2022-04-28 13:45:28,544 [pool-93-thread-1] INFO  server.RaftServerConfigKeys (ConfUtils.java:logGet(44)) - raft.server.rpc.slowness.timeout = 300000ms (custom)
2022-04-28 13:45:28,544 [pool-93-thread-1] INFO  server.RaftServerConfigKeys (ConfUtils.java:logGet(44)) - raft.server.leaderelection.leader.step-down.wait-time = 10s (default)
2022-04-28 13:45:28,544 [pool-93-thread-1] INFO  server.RaftServerConfigKeys (ConfUtils.java:logGet(44)) - raft.server.sleep.deviation.threshold = 300ms (default)
2022-04-28 13:45:28,544 [pool-93-thread-1] INFO  server.RaftServerConfigKeys (ConfUtils.java:logGet(44)) - raft.server.log.appender.install.snapshot.enabled = false (custom)
2022-04-28 13:45:28,544 [pool-93-thread-1] INFO  server.RaftServer$Division (ServerState.java:<init>(105)) - ab92dd13-3a3c-494a-a601-0001755b8ba9@group-1E6DBB551F13: ConfigurationManager, init=-1: [ab92dd13-3a3c-494a-a601-0001755b8ba9|rpc:10.1.0.6:38077|priority:1, 5f73a725-0f40-4029-8a7b-0ac4f52c09c7|rpc:10.1.0.6:38783|priority:0, 0560cff9-c55c-4a15-aea8-16ef2e8911e2|rpc:10.1.0.6:37139|priority:0], old=null, confs=<EMPTY_MAP>
2022-04-28 13:45:28,544 [pool-93-thread-1] INFO  server.RaftServerConfigKeys (ConfUtils.java:logGet(44)) - raft.server.storage.dir = [/home/runner/work/ozone/ozone/hadoop-ozone/integration-test/target/test-dir/MiniOzoneClusterImpl-961b773a-55ec-4776-b588-5de87e184680/datanode-1/data/ratis] (custom)
2022-04-28 13:45:28,544 [pool-93-thread-1] INFO  server.RaftServerConfigKeys (ConfUtils.java:logGet(44)) - raft.server.log.corruption.policy = EXCEPTION (default)
2022-04-28 13:45:28,544 [pool-93-thread-1] INFO  server.RaftServerConfigKeys (ConfUtils.java:logGet(44)) - raft.server.storage.free-space.min = 0MB (=0) (default)
2022-04-28 13:45:28,545 [pool-93-thread-1] INFO  storage.RaftStorageDirectory (RaftStorageDirectoryImpl.java:analyzeStorage(135)) - The storage directory /home/runner/work/ozone/ozone/hadoop-ozone/integration-test/target/test-dir/MiniOzoneClusterImpl-961b773a-55ec-4776-b588-5de87e184680/datanode-1/data/ratis/cdcd232a-581d-4cbf-8bc8-1e6dbb551f13 does not exist. Creating ...
2022-04-28 13:45:28,546 [pool-93-thread-1] INFO  storage.RaftStorageDirectory (RaftStorageDirectoryImpl.java:tryLock(230)) - Lock on /home/runner/work/ozone/ozone/hadoop-ozone/integration-test/target/test-dir/MiniOzoneClusterImpl-961b773a-55ec-4776-b588-5de87e184680/datanode-1/data/ratis/cdcd232a-581d-4cbf-8bc8-1e6dbb551f13/in_use.lock acquired by nodename 9841@fv-az294-869
2022-04-28 13:45:28,547 [pool-93-thread-1] INFO  storage.RaftStorage (RaftStorageImpl.java:format(89)) - Storage directory /home/runner/work/ozone/ozone/hadoop-ozone/integration-test/target/test-dir/MiniOzoneClusterImpl-961b773a-55ec-4776-b588-5de87e184680/datanode-1/data/ratis/cdcd232a-581d-4cbf-8bc8-1e6dbb551f13 has been successfully formatted.
2022-04-28 13:45:28,547 [pool-93-thread-1] INFO  ratis.ContainerStateMachine (ContainerStateMachine.java:loadSnapshot(236)) - group-1E6DBB551F13: The snapshot info is null. Setting the last applied indexto:(t:0, i:~)
2022-04-28 13:45:28,547 [pool-93-thread-1] INFO  server.RaftServerConfigKeys (ConfUtils.java:logGet(44)) - raft.server.notification.no-leader.timeout = 300000ms (custom)
2022-04-28 13:45:28,547 [pool-93-thread-1] INFO  server.RaftServerConfigKeys (ConfUtils.java:logGet(44)) - raft.server.log.use.memory = false (default)
2022-04-28 13:45:28,547 [pool-93-thread-1] INFO  server.RaftServerConfigKeys (ConfUtils.java:logGet(44)) - raft.server.log.purge.gap = 1000000 (custom)
2022-04-28 13:45:28,548 [pool-93-thread-1] INFO  server.RaftServerConfigKeys (ConfUtils.java:logGet(44)) - raft.server.log.appender.buffer.byte-limit = 33554432 (custom)
2022-04-28 13:45:28,548 [pool-93-thread-1] INFO  server.RaftServerConfigKeys (ConfUtils.java:logGet(44)) - raft.server.log.segment.size.max = 1048576 (custom)
2022-04-28 13:45:28,550 [EventQueue-OpenPipelineForHealthyPipelineSafeModeRule] INFO  safemode.SCMSafeModeManager (HealthyPipelineSafeModeRule.java:process(124)) - SCM in safe mode. Healthy pipelines reported count is 0, required healthy pipeline reported count is 1
2022-04-28 13:45:28,550 [pool-93-thread-1] INFO  server.RaftServerConfigKeys (ConfUtils.java:logGet(44)) - raft.server.log.segment.cache.num.max = 2 (custom)
2022-04-28 13:45:28,550 [pool-93-thread-1] INFO  server.RaftServerConfigKeys (ConfUtils.java:logGet(44)) - raft.server.log.segment.cache.size.max = 200MB (=209715200) (default)
2022-04-28 13:45:28,550 [pool-93-thread-1] INFO  segmented.SegmentedRaftLogWorker (SegmentedRaftLogWorker.java:<init>(182)) - new ab92dd13-3a3c-494a-a601-0001755b8ba9@group-1E6DBB551F13-SegmentedRaftLogWorker for RaftStorageImpl:Storage Directory /home/runner/work/ozone/ozone/hadoop-ozone/integration-test/target/test-dir/MiniOzoneClusterImpl-961b773a-55ec-4776-b588-5de87e184680/datanode-1/data/ratis/cdcd232a-581d-4cbf-8bc8-1e6dbb551f13
2022-04-28 13:45:28,550 [pool-93-thread-1] INFO  server.RaftServerConfigKeys (ConfUtils.java:logGet(44)) - raft.server.log.queue.byte-limit = 4294967296 (custom)
2022-04-28 13:45:28,550 [pool-93-thread-1] INFO  server.RaftServerConfigKeys (ConfUtils.java:logGet(44)) - raft.server.log.queue.element-limit = 1024 (custom)
2022-04-28 13:45:28,550 [pool-93-thread-1] INFO  server.RaftServerConfigKeys (ConfUtils.java:logGet(44)) - raft.server.log.segment.size.max = 1048576 (custom)
2022-04-28 13:45:28,550 [pool-93-thread-1] INFO  server.RaftServerConfigKeys (ConfUtils.java:logGet(44)) - raft.server.log.preallocated.size = 16384 (custom)
2022-04-28 13:45:28,550 [pool-93-thread-1] INFO  server.RaftServerConfigKeys (ConfUtils.java:logGet(44)) - raft.server.log.force.sync.num = 128 (default)
2022-04-28 13:45:28,550 [pool-93-thread-1] INFO  server.RaftServerConfigKeys (ConfUtils.java:logGet(44)) - raft.server.log.statemachine.data.sync = true (default)
2022-04-28 13:45:28,551 [pool-93-thread-1] INFO  server.RaftServerConfigKeys (ConfUtils.java:logGet(44)) - raft.server.log.statemachine.data.sync.timeout = 10s (default)
2022-04-28 13:45:28,551 [pool-93-thread-1] INFO  server.RaftServerConfigKeys (ConfUtils.java:logGet(44)) - raft.server.log.statemachine.data.sync.timeout.retry = -1 (default)
2022-04-28 13:45:28,551 [pool-93-thread-1] INFO  server.RaftServerConfigKeys (ConfUtils.java:logGet(44)) - raft.server.log.write.buffer.size = 1048576 (custom)
2022-04-28 13:45:28,552 [pool-93-thread-1] INFO  server.RaftServerConfigKeys (ConfUtils.java:logGet(44)) - raft.server.log.statemachine.data.caching.enabled = true (custom)
2022-04-28 13:45:28,552 [pool-93-thread-1] INFO  segmented.SegmentedRaftLogWorker (SegmentedRaftLogWorker.java:lambda$new$0(133)) - ab92dd13-3a3c-494a-a601-0001755b8ba9@group-1E6DBB551F13-SegmentedRaftLogWorker: flushIndex: setUnconditionally 0 -> -1
2022-04-28 13:45:28,552 [pool-93-thread-1] INFO  segmented.SegmentedRaftLogWorker (SegmentedRaftLogWorker.java:lambda$new$0(133)) - ab92dd13-3a3c-494a-a601-0001755b8ba9@group-1E6DBB551F13-SegmentedRaftLogWorker: safeCacheEvictIndex: setUnconditionally 0 -> -1
2022-04-28 13:45:28,560 [pool-93-thread-1] INFO  server.RaftServerConfigKeys (ConfUtils.java:logGet(44)) - raft.server.snapshot.auto.trigger.enabled = true (custom)
2022-04-28 13:45:28,560 [pool-93-thread-1] INFO  server.RaftServerConfigKeys (ConfUtils.java:logGet(44)) - raft.server.snapshot.auto.trigger.threshold = 10000 (custom)
2022-04-28 13:45:28,560 [pool-93-thread-1] INFO  server.RaftServerConfigKeys (ConfUtils.java:logGet(44)) - raft.server.snapshot.retention.file.num = 5 (custom)
2022-04-28 13:45:28,560 [pool-93-thread-1] INFO  server.RaftServerConfigKeys (ConfUtils.java:logGet(44)) - raft.server.log.purge.upto.snapshot.index = false (default)
2022-04-28 13:45:28,560 [pool-93-thread-1] INFO  server.RaftServerConfigKeys (ConfUtils.java:logGet(44)) - raft.server.retrycache.expirytime = 600000ms (custom)
2022-04-28 13:45:28,561 [pool-93-thread-1] INFO  server.RaftServerConfigKeys (ConfUtils.java:logGet(44)) - raft.server.retrycache.statistics.expirytime = 100μs (default)
2022-04-28 13:45:28,562 [pool-93-thread-1] INFO  server.RaftServer$Division (RaftServerImpl.java:start(301)) - ab92dd13-3a3c-494a-a601-0001755b8ba9@group-1E6DBB551F13: start as a follower, conf=-1: [ab92dd13-3a3c-494a-a601-0001755b8ba9|rpc:10.1.0.6:38077|priority:1, 5f73a725-0f40-4029-8a7b-0ac4f52c09c7|rpc:10.1.0.6:38783|priority:0, 0560cff9-c55c-4a15-aea8-16ef2e8911e2|rpc:10.1.0.6:37139|priority:0], old=null
2022-04-28 13:45:28,562 [pool-93-thread-1] INFO  server.RaftServer$Division (RaftServerImpl.java:setRole(290)) - ab92dd13-3a3c-494a-a601-0001755b8ba9@group-1E6DBB551F13: changes role from      null to FOLLOWER at term 0 for startAsFollower
2022-04-28 13:45:28,562 [pool-93-thread-1] INFO  impl.RoleInfo (RoleInfo.java:updateAndGet(130)) - ab92dd13-3a3c-494a-a601-0001755b8ba9: start ab92dd13-3a3c-494a-a601-0001755b8ba9@group-1E6DBB551F13-FollowerState
2022-04-28 13:45:28,565 [pool-93-thread-1] INFO  util.JmxRegister (JmxRegister.java:tryRegister(44)) - Successfully registered JMX Bean with object name Ratis:service=RaftServer,group=group-1E6DBB551F13,id=ab92dd13-3a3c-494a-a601-0001755b8ba9
2022-04-28 13:45:28,574 [Command processor thread] INFO  ratis.XceiverServerRatis (XceiverServerRatis.java:addGroup(765)) - Created group PipelineID=cdcd232a-581d-4cbf-8bc8-1e6dbb551f13
2022-04-28 13:45:28,900 [Command processor thread] INFO  server.RaftServer (RaftServerProxy.java:addNew(95)) - 0560cff9-c55c-4a15-aea8-16ef2e8911e2: addNew group-BF889C686DAF:[0560cff9-c55c-4a15-aea8-16ef2e8911e2|rpc:10.1.0.6:37139|priority:1] returns group-BF889C686DAF:java.util.concurrent.CompletableFuture@707d5943[Not completed]
2022-04-28 13:45:28,900 [grpc-default-executor-1] INFO  server.RaftServer (RaftServerProxy.java:addNew(95)) - 0560cff9-c55c-4a15-aea8-16ef2e8911e2: addNew group-1E6DBB551F13:[ab92dd13-3a3c-494a-a601-0001755b8ba9|rpc:10.1.0.6:38077|dataStream:|priority:1, 5f73a725-0f40-4029-8a7b-0ac4f52c09c7|rpc:10.1.0.6:38783|dataStream:|priority:0, 0560cff9-c55c-4a15-aea8-16ef2e8911e2|rpc:10.1.0.6:37139|dataStream:|priority:0] returns group-1E6DBB551F13:java.util.concurrent.CompletableFuture@296825f0[Not completed]
2022-04-28 13:45:28,903 [pool-114-thread-1] INFO  server.RaftServer$Division (RaftServerImpl.java:<init>(184)) - 0560cff9-c55c-4a15-aea8-16ef2e8911e2: new RaftServerImpl for group-BF889C686DAF:[0560cff9-c55c-4a15-aea8-16ef2e8911e2|rpc:10.1.0.6:37139|priority:1] with ContainerStateMachine:uninitialized
2022-04-28 13:45:28,904 [pool-114-thread-1] INFO  server.RaftServerConfigKeys (ConfUtils.java:logGet(44)) - raft.server.rpc.timeout.min = 5s (custom)
2022-04-28 13:45:28,904 [pool-114-thread-1] INFO  server.RaftServerConfigKeys (ConfUtils.java:logGet(44)) - raft.server.rpc.timeout.max = 5200ms (custom)
2022-04-28 13:45:28,904 [pool-114-thread-1] INFO  server.RaftServerConfigKeys (ConfUtils.java:logGet(44)) - raft.server.rpc.sleep.time = 25ms (default)
2022-04-28 13:45:28,904 [pool-114-thread-1] INFO  server.RaftServerConfigKeys (ConfUtils.java:logGet(44)) - raft.server.rpc.slowness.timeout = 300000ms (custom)
2022-04-28 13:45:28,904 [pool-114-thread-1] INFO  server.RaftServerConfigKeys (ConfUtils.java:logGet(44)) - raft.server.leaderelection.leader.step-down.wait-time = 10s (default)
2022-04-28 13:45:28,905 [pool-114-thread-1] INFO  server.RaftServerConfigKeys (ConfUtils.java:logGet(44)) - raft.server.sleep.deviation.threshold = 300ms (default)
2022-04-28 13:45:28,905 [pool-114-thread-1] INFO  server.RaftServerConfigKeys (ConfUtils.java:logGet(44)) - raft.server.log.appender.install.snapshot.enabled = false (custom)
2022-04-28 13:45:28,905 [pool-114-thread-1] INFO  server.RaftServer$Division (ServerState.java:<init>(105)) - 0560cff9-c55c-4a15-aea8-16ef2e8911e2@group-BF889C686DAF: ConfigurationManager, init=-1: [0560cff9-c55c-4a15-aea8-16ef2e8911e2|rpc:10.1.0.6:37139|priority:1], old=null, confs=<EMPTY_MAP>
2022-04-28 13:45:28,905 [pool-114-thread-1] INFO  server.RaftServerConfigKeys (ConfUtils.java:logGet(44)) - raft.server.storage.dir = [/home/runner/work/ozone/ozone/hadoop-ozone/integration-test/target/test-dir/MiniOzoneClusterImpl-961b773a-55ec-4776-b588-5de87e184680/datanode-2/data/ratis] (custom)
2022-04-28 13:45:28,905 [pool-114-thread-1] INFO  server.RaftServerConfigKeys (ConfUtils.java:logGet(44)) - raft.server.log.corruption.policy = EXCEPTION (default)
2022-04-28 13:45:28,905 [pool-114-thread-1] INFO  server.RaftServerConfigKeys (ConfUtils.java:logGet(44)) - raft.server.storage.free-space.min = 0MB (=0) (default)
2022-04-28 13:45:28,905 [pool-114-thread-1] INFO  storage.RaftStorageDirectory (RaftStorageDirectoryImpl.java:analyzeStorage(135)) - The storage directory /home/runner/work/ozone/ozone/hadoop-ozone/integration-test/target/test-dir/MiniOzoneClusterImpl-961b773a-55ec-4776-b588-5de87e184680/datanode-2/data/ratis/2b1b54b1-93cd-4d7d-92df-bf889c686daf does not exist. Creating ...
2022-04-28 13:45:28,907 [pool-114-thread-1] INFO  storage.RaftStorageDirectory (RaftStorageDirectoryImpl.java:tryLock(230)) - Lock on /home/runner/work/ozone/ozone/hadoop-ozone/integration-test/target/test-dir/MiniOzoneClusterImpl-961b773a-55ec-4776-b588-5de87e184680/datanode-2/data/ratis/2b1b54b1-93cd-4d7d-92df-bf889c686daf/in_use.lock acquired by nodename 9841@fv-az294-869
2022-04-28 13:45:28,910 [pool-114-thread-1] INFO  storage.RaftStorage (RaftStorageImpl.java:format(89)) - Storage directory /home/runner/work/ozone/ozone/hadoop-ozone/integration-test/target/test-dir/MiniOzoneClusterImpl-961b773a-55ec-4776-b588-5de87e184680/datanode-2/data/ratis/2b1b54b1-93cd-4d7d-92df-bf889c686daf has been successfully formatted.
2022-04-28 13:45:28,910 [pool-114-thread-1] INFO  ratis.ContainerStateMachine (ContainerStateMachine.java:loadSnapshot(236)) - group-BF889C686DAF: The snapshot info is null. Setting the last applied indexto:(t:0, i:~)
2022-04-28 13:45:28,911 [pool-114-thread-1] INFO  server.RaftServerConfigKeys (ConfUtils.java:logGet(44)) - raft.server.notification.no-leader.timeout = 300000ms (custom)
2022-04-28 13:45:28,911 [pool-114-thread-1] INFO  server.RaftServerConfigKeys (ConfUtils.java:logGet(44)) - raft.server.log.use.memory = false (default)
2022-04-28 13:45:28,911 [pool-114-thread-1] INFO  server.RaftServerConfigKeys (ConfUtils.java:logGet(44)) - raft.server.log.purge.gap = 1000000 (custom)
2022-04-28 13:45:28,911 [pool-114-thread-1] INFO  server.RaftServerConfigKeys (ConfUtils.java:logGet(44)) - raft.server.log.appender.buffer.byte-limit = 33554432 (custom)
2022-04-28 13:45:28,911 [pool-114-thread-1] INFO  server.RaftServerConfigKeys (ConfUtils.java:logGet(44)) - raft.server.log.segment.size.max = 1048576 (custom)
2022-04-28 13:45:28,913 [EventQueue-PipelineReportForPipelineReportHandler] INFO  pipeline.PipelineManagerImpl (PipelineManagerImpl.java:openPipeline(328)) - Pipeline Pipeline[ Id: 2b1b54b1-93cd-4d7d-92df-bf889c686daf, Nodes: 0560cff9-c55c-4a15-aea8-16ef2e8911e2{ip: 10.1.0.6, host: fv-az294-869.eaanfquahm5ulb5tj050gcxych.jx.internal.cloudapp.net, ports: [REPLICATION=41521, RATIS=37139, RATIS_ADMIN=37139, RATIS_SERVER=37139, STANDALONE=34825], networkLocation: /default-rack, certSerialId: null, persistedOpState: IN_SERVICE, persistedOpStateExpiryEpochSec: 0}, ReplicationConfig: RATIS/ONE, State:ALLOCATED, leaderId:0560cff9-c55c-4a15-aea8-16ef2e8911e2, CreationTimestamp2022-04-28T13:45:25.883Z[Etc/UTC]] moved to OPEN state
2022-04-28 13:45:28,915 [pool-114-thread-1] INFO  server.RaftServerConfigKeys (ConfUtils.java:logGet(44)) - raft.server.log.segment.cache.num.max = 2 (custom)
2022-04-28 13:45:28,916 [pool-114-thread-1] INFO  server.RaftServerConfigKeys (ConfUtils.java:logGet(44)) - raft.server.log.segment.cache.size.max = 200MB (=209715200) (default)
2022-04-28 13:45:28,916 [pool-114-thread-1] INFO  segmented.SegmentedRaftLogWorker (SegmentedRaftLogWorker.java:<init>(182)) - new 0560cff9-c55c-4a15-aea8-16ef2e8911e2@group-BF889C686DAF-SegmentedRaftLogWorker for RaftStorageImpl:Storage Directory /home/runner/work/ozone/ozone/hadoop-ozone/integration-test/target/test-dir/MiniOzoneClusterImpl-961b773a-55ec-4776-b588-5de87e184680/datanode-2/data/ratis/2b1b54b1-93cd-4d7d-92df-bf889c686daf
2022-04-28 13:45:28,916 [pool-114-thread-1] INFO  server.RaftServerConfigKeys (ConfUtils.java:logGet(44)) - raft.server.log.queue.byte-limit = 4294967296 (custom)
2022-04-28 13:45:28,916 [pool-114-thread-1] INFO  server.RaftServerConfigKeys (ConfUtils.java:logGet(44)) - raft.server.log.queue.element-limit = 1024 (custom)
2022-04-28 13:45:28,916 [pool-114-thread-1] INFO  server.RaftServerConfigKeys (ConfUtils.java:logGet(44)) - raft.server.log.segment.size.max = 1048576 (custom)
2022-04-28 13:45:28,916 [pool-114-thread-1] INFO  server.RaftServerConfigKeys (ConfUtils.java:logGet(44)) - raft.server.log.preallocated.size = 16384 (custom)
2022-04-28 13:45:28,916 [pool-114-thread-1] INFO  server.RaftServerConfigKeys (ConfUtils.java:logGet(44)) - raft.server.log.force.sync.num = 128 (default)
2022-04-28 13:45:28,916 [pool-114-thread-1] INFO  server.RaftServerConfigKeys (ConfUtils.java:logGet(44)) - raft.server.log.statemachine.data.sync = true (default)
2022-04-28 13:45:28,916 [pool-114-thread-1] INFO  server.RaftServerConfigKeys (ConfUtils.java:logGet(44)) - raft.server.log.statemachine.data.sync.timeout = 10s (default)
2022-04-28 13:45:28,916 [pool-114-thread-1] INFO  server.RaftServerConfigKeys (ConfUtils.java:logGet(44)) - raft.server.log.statemachine.data.sync.timeout.retry = -1 (default)
2022-04-28 13:45:28,917 [pool-114-thread-1] INFO  server.RaftServerConfigKeys (ConfUtils.java:logGet(44)) - raft.server.log.write.buffer.size = 1048576 (custom)
2022-04-28 13:45:28,918 [pool-114-thread-1] INFO  server.RaftServerConfigKeys (ConfUtils.java:logGet(44)) - raft.server.log.statemachine.data.caching.enabled = true (custom)
2022-04-28 13:45:28,918 [pool-114-thread-1] INFO  segmented.SegmentedRaftLogWorker (SegmentedRaftLogWorker.java:lambda$new$0(133)) - 0560cff9-c55c-4a15-aea8-16ef2e8911e2@group-BF889C686DAF-SegmentedRaftLogWorker: flushIndex: setUnconditionally 0 -> -1
2022-04-28 13:45:28,918 [pool-114-thread-1] INFO  segmented.SegmentedRaftLogWorker (SegmentedRaftLogWorker.java:lambda$new$0(133)) - 0560cff9-c55c-4a15-aea8-16ef2e8911e2@group-BF889C686DAF-SegmentedRaftLogWorker: safeCacheEvictIndex: setUnconditionally 0 -> -1
2022-04-28 13:45:28,919 [128f2034-ac44-458c-9192-ab2b916273b9@group-5DE87E184680-StateMachineUpdater] INFO  safemode.HealthyPipelineSafeModeRule (HealthyPipelineSafeModeRule.java:initializeRule(152)) - Refreshed total pipeline count is 0, healthy pipeline threshold count is 1
2022-04-28 13:45:28,931 [EventQueue-OpenPipelineForHealthyPipelineSafeModeRule] INFO  safemode.SCMSafeModeManager (HealthyPipelineSafeModeRule.java:process(124)) - SCM in safe mode. Healthy pipelines reported count is 0, required healthy pipeline reported count is 1
2022-04-28 13:45:28,931 [pool-114-thread-1] INFO  server.RaftServerConfigKeys (ConfUtils.java:logGet(44)) - raft.server.snapshot.auto.trigger.enabled = true (custom)
2022-04-28 13:45:28,931 [pool-114-thread-1] INFO  server.RaftServerConfigKeys (ConfUtils.java:logGet(44)) - raft.server.snapshot.auto.trigger.threshold = 10000 (custom)
2022-04-28 13:45:28,931 [pool-114-thread-1] INFO  server.RaftServerConfigKeys (ConfUtils.java:logGet(44)) - raft.server.snapshot.retention.file.num = 5 (custom)
2022-04-28 13:45:28,931 [pool-114-thread-1] INFO  server.RaftServerConfigKeys (ConfUtils.java:logGet(44)) - raft.server.log.purge.upto.snapshot.index = false (default)
2022-04-28 13:45:28,931 [pool-114-thread-1] INFO  server.RaftServerConfigKeys (ConfUtils.java:logGet(44)) - raft.server.retrycache.expirytime = 600000ms (custom)
2022-04-28 13:45:28,931 [pool-114-thread-1] INFO  server.RaftServerConfigKeys (ConfUtils.java:logGet(44)) - raft.server.retrycache.statistics.expirytime = 100μs (default)
2022-04-28 13:45:28,934 [Command processor thread] INFO  commandhandler.CreatePipelineCommandHandler (CreatePipelineCommandHandler.java:handle(113)) - Created Pipeline RATIS THREE PipelineID=cdcd232a-581d-4cbf-8bc8-1e6dbb551f13.
2022-04-28 13:45:28,934 [Command processor thread] INFO  server.RaftServer (RaftServerProxy.java:addNew(95)) - ab92dd13-3a3c-494a-a601-0001755b8ba9: addNew group-C4D4B86834AA:[ab92dd13-3a3c-494a-a601-0001755b8ba9|rpc:10.1.0.6:38077|priority:0, 5f73a725-0f40-4029-8a7b-0ac4f52c09c7|rpc:10.1.0.6:38783|priority:1, 0560cff9-c55c-4a15-aea8-16ef2e8911e2|rpc:10.1.0.6:37139|priority:0] returns group-C4D4B86834AA:java.util.concurrent.CompletableFuture@69dc5760[Not completed]
2022-04-28 13:45:28,935 [pool-93-thread-1] INFO  server.RaftServer$Division (RaftServerImpl.java:<init>(184)) - ab92dd13-3a3c-494a-a601-0001755b8ba9: new RaftServerImpl for group-C4D4B86834AA:[ab92dd13-3a3c-494a-a601-0001755b8ba9|rpc:10.1.0.6:38077|priority:0, 5f73a725-0f40-4029-8a7b-0ac4f52c09c7|rpc:10.1.0.6:38783|priority:1, 0560cff9-c55c-4a15-aea8-16ef2e8911e2|rpc:10.1.0.6:37139|priority:0] with ContainerStateMachine:uninitialized
2022-04-28 13:45:28,935 [pool-93-thread-1] INFO  server.RaftServerConfigKeys (ConfUtils.java:logGet(44)) - raft.server.rpc.timeout.min = 5s (custom)
2022-04-28 13:45:28,936 [pool-93-thread-1] INFO  server.RaftServerConfigKeys (ConfUtils.java:logGet(44)) - raft.server.rpc.timeout.max = 5200ms (custom)
2022-04-28 13:45:28,936 [pool-93-thread-1] INFO  server.RaftServerConfigKeys (ConfUtils.java:logGet(44)) - raft.server.rpc.sleep.time = 25ms (default)
2022-04-28 13:45:28,936 [pool-93-thread-1] INFO  server.RaftServerConfigKeys (ConfUtils.java:logGet(44)) - raft.server.rpc.slowness.timeout = 300000ms (custom)
2022-04-28 13:45:28,936 [pool-93-thread-1] INFO  server.RaftServerConfigKeys (ConfUtils.java:logGet(44)) - raft.server.leaderelection.leader.step-down.wait-time = 10s (default)
2022-04-28 13:45:28,936 [pool-93-thread-1] INFO  server.RaftServerConfigKeys (ConfUtils.java:logGet(44)) - raft.server.sleep.deviation.threshold = 300ms (default)
2022-04-28 13:45:28,936 [pool-93-thread-1] INFO  server.RaftServerConfigKeys (ConfUtils.java:logGet(44)) - raft.server.log.appender.install.snapshot.enabled = false (custom)
2022-04-28 13:45:28,936 [pool-93-thread-1] INFO  server.RaftServer$Division (ServerState.java:<init>(105)) - ab92dd13-3a3c-494a-a601-0001755b8ba9@group-C4D4B86834AA: ConfigurationManager, init=-1: [ab92dd13-3a3c-494a-a601-0001755b8ba9|rpc:10.1.0.6:38077|priority:0, 5f73a725-0f40-4029-8a7b-0ac4f52c09c7|rpc:10.1.0.6:38783|priority:1, 0560cff9-c55c-4a15-aea8-16ef2e8911e2|rpc:10.1.0.6:37139|priority:0], old=null, confs=<EMPTY_MAP>
2022-04-28 13:45:28,936 [pool-93-thread-1] INFO  server.RaftServerConfigKeys (ConfUtils.java:logGet(44)) - raft.server.storage.dir = [/home/runner/work/ozone/ozone/hadoop-ozone/integration-test/target/test-dir/MiniOzoneClusterImpl-961b773a-55ec-4776-b588-5de87e184680/datanode-1/data/ratis] (custom)
2022-04-28 13:45:28,936 [pool-93-thread-1] INFO  server.RaftServerConfigKeys (ConfUtils.java:logGet(44)) - raft.server.log.corruption.policy = EXCEPTION (default)
2022-04-28 13:45:28,936 [pool-93-thread-1] INFO  server.RaftServerConfigKeys (ConfUtils.java:logGet(44)) - raft.server.storage.free-space.min = 0MB (=0) (default)
2022-04-28 13:45:28,936 [pool-93-thread-1] INFO  storage.RaftStorageDirectory (RaftStorageDirectoryImpl.java:analyzeStorage(135)) - The storage directory /home/runner/work/ozone/ozone/hadoop-ozone/integration-test/target/test-dir/MiniOzoneClusterImpl-961b773a-55ec-4776-b588-5de87e184680/datanode-1/data/ratis/a10d4922-b902-4d8b-9c45-c4d4b86834aa does not exist. Creating ...
2022-04-28 13:45:28,938 [pool-93-thread-1] INFO  storage.RaftStorageDirectory (RaftStorageDirectoryImpl.java:tryLock(230)) - Lock on /home/runner/work/ozone/ozone/hadoop-ozone/integration-test/target/test-dir/MiniOzoneClusterImpl-961b773a-55ec-4776-b588-5de87e184680/datanode-1/data/ratis/a10d4922-b902-4d8b-9c45-c4d4b86834aa/in_use.lock acquired by nodename 9841@fv-az294-869
2022-04-28 13:45:28,939 [pool-114-thread-1] INFO  server.RaftServer$Division (RaftServerImpl.java:<init>(184)) - 0560cff9-c55c-4a15-aea8-16ef2e8911e2: new RaftServerImpl for group-1E6DBB551F13:[ab92dd13-3a3c-494a-a601-0001755b8ba9|rpc:10.1.0.6:38077|dataStream:|priority:1, 5f73a725-0f40-4029-8a7b-0ac4f52c09c7|rpc:10.1.0.6:38783|dataStream:|priority:0, 0560cff9-c55c-4a15-aea8-16ef2e8911e2|rpc:10.1.0.6:37139|dataStream:|priority:0] with ContainerStateMachine:uninitialized
2022-04-28 13:45:28,939 [pool-114-thread-1] INFO  server.RaftServerConfigKeys (ConfUtils.java:logGet(44)) - raft.server.rpc.timeout.min = 5s (custom)
2022-04-28 13:45:28,939 [pool-114-thread-1] INFO  server.RaftServerConfigKeys (ConfUtils.java:logGet(44)) - raft.server.rpc.timeout.max = 5200ms (custom)
2022-04-28 13:45:28,939 [pool-114-thread-1] INFO  server.RaftServerConfigKeys (ConfUtils.java:logGet(44)) - raft.server.rpc.sleep.time = 25ms (default)
2022-04-28 13:45:28,939 [pool-114-thread-1] INFO  server.RaftServerConfigKeys (ConfUtils.java:logGet(44)) - raft.server.rpc.slowness.timeout = 300000ms (custom)
2022-04-28 13:45:28,939 [pool-114-thread-1] INFO  server.RaftServerConfigKeys (ConfUtils.java:logGet(44)) - raft.server.leaderelection.leader.step-down.wait-time = 10s (default)
2022-04-28 13:45:28,939 [pool-114-thread-1] INFO  server.RaftServerConfigKeys (ConfUtils.java:logGet(44)) - raft.server.sleep.deviation.threshold = 300ms (default)
2022-04-28 13:45:28,939 [pool-114-thread-1] INFO  server.RaftServerConfigKeys (ConfUtils.java:logGet(44)) - raft.server.log.appender.install.snapshot.enabled = false (custom)
2022-04-28 13:45:28,939 [pool-114-thread-1] INFO  server.RaftServer$Division (ServerState.java:<init>(105)) - 0560cff9-c55c-4a15-aea8-16ef2e8911e2@group-1E6DBB551F13: ConfigurationManager, init=-1: [ab92dd13-3a3c-494a-a601-0001755b8ba9|rpc:10.1.0.6:38077|dataStream:|priority:1, 5f73a725-0f40-4029-8a7b-0ac4f52c09c7|rpc:10.1.0.6:38783|dataStream:|priority:0, 0560cff9-c55c-4a15-aea8-16ef2e8911e2|rpc:10.1.0.6:37139|dataStream:|priority:0], old=null, confs=<EMPTY_MAP>
2022-04-28 13:45:28,939 [pool-93-thread-1] INFO  storage.RaftStorage (RaftStorageImpl.java:format(89)) - Storage directory /home/runner/work/ozone/ozone/hadoop-ozone/integration-test/target/test-dir/MiniOzoneClusterImpl-961b773a-55ec-4776-b588-5de87e184680/datanode-1/data/ratis/a10d4922-b902-4d8b-9c45-c4d4b86834aa has been successfully formatted.
2022-04-28 13:45:28,940 [pool-93-thread-1] INFO  ratis.ContainerStateMachine (ContainerStateMachine.java:loadSnapshot(236)) - group-C4D4B86834AA: The snapshot info is null. Setting the last applied indexto:(t:0, i:~)
2022-04-28 13:45:28,940 [pool-93-thread-1] INFO  server.RaftServerConfigKeys (ConfUtils.java:logGet(44)) - raft.server.notification.no-leader.timeout = 300000ms (custom)
2022-04-28 13:45:28,940 [pool-93-thread-1] INFO  server.RaftServerConfigKeys (ConfUtils.java:logGet(44)) - raft.server.log.use.memory = false (default)
2022-04-28 13:45:28,940 [pool-93-thread-1] INFO  server.RaftServerConfigKeys (ConfUtils.java:logGet(44)) - raft.server.log.purge.gap = 1000000 (custom)
2022-04-28 13:45:28,940 [pool-93-thread-1] INFO  server.RaftServerConfigKeys (ConfUtils.java:logGet(44)) - raft.server.log.appender.buffer.byte-limit = 33554432 (custom)
2022-04-28 13:45:28,940 [pool-93-thread-1] INFO  server.RaftServerConfigKeys (ConfUtils.java:logGet(44)) - raft.server.log.segment.size.max = 1048576 (custom)
2022-04-28 13:45:28,940 [pool-93-thread-1] INFO  server.RaftServerConfigKeys (ConfUtils.java:logGet(44)) - raft.server.log.segment.cache.num.max = 2 (custom)
2022-04-28 13:45:28,941 [pool-93-thread-1] INFO  server.RaftServerConfigKeys (ConfUtils.java:logGet(44)) - raft.server.log.segment.cache.size.max = 200MB (=209715200) (default)
2022-04-28 13:45:28,941 [pool-93-thread-1] INFO  segmented.SegmentedRaftLogWorker (SegmentedRaftLogWorker.java:<init>(182)) - new ab92dd13-3a3c-494a-a601-0001755b8ba9@group-C4D4B86834AA-SegmentedRaftLogWorker for RaftStorageImpl:Storage Directory /home/runner/work/ozone/ozone/hadoop-ozone/integration-test/target/test-dir/MiniOzoneClusterImpl-961b773a-55ec-4776-b588-5de87e184680/datanode-1/data/ratis/a10d4922-b902-4d8b-9c45-c4d4b86834aa
2022-04-28 13:45:28,941 [pool-93-thread-1] INFO  server.RaftServerConfigKeys (ConfUtils.java:logGet(44)) - raft.server.log.queue.byte-limit = 4294967296 (custom)
2022-04-28 13:45:28,941 [pool-93-thread-1] INFO  server.RaftServerConfigKeys (ConfUtils.java:logGet(44)) - raft.server.log.queue.element-limit = 1024 (custom)
2022-04-28 13:45:28,941 [pool-93-thread-1] INFO  server.RaftServerConfigKeys (ConfUtils.java:logGet(44)) - raft.server.log.segment.size.max = 1048576 (custom)
2022-04-28 13:45:28,941 [pool-93-thread-1] INFO  server.RaftServerConfigKeys (ConfUtils.java:logGet(44)) - raft.server.log.preallocated.size = 16384 (custom)
2022-04-28 13:45:28,941 [pool-93-thread-1] INFO  server.RaftServerConfigKeys (ConfUtils.java:logGet(44)) - raft.server.log.force.sync.num = 128 (default)
2022-04-28 13:45:28,941 [pool-93-thread-1] INFO  server.RaftServerConfigKeys (ConfUtils.java:logGet(44)) - raft.server.log.statemachine.data.sync = true (default)
2022-04-28 13:45:28,941 [pool-93-thread-1] INFO  server.RaftServerConfigKeys (ConfUtils.java:logGet(44)) - raft.server.log.statemachine.data.sync.timeout = 10s (default)
2022-04-28 13:45:28,941 [pool-93-thread-1] INFO  server.RaftServerConfigKeys (ConfUtils.java:logGet(44)) - raft.server.log.statemachine.data.sync.timeout.retry = -1 (default)
2022-04-28 13:45:28,942 [pool-93-thread-1] INFO  server.RaftServerConfigKeys (ConfUtils.java:logGet(44)) - raft.server.log.write.buffer.size = 1048576 (custom)
2022-04-28 13:45:28,943 [pool-93-thread-1] INFO  server.RaftServerConfigKeys (ConfUtils.java:logGet(44)) - raft.server.log.statemachine.data.caching.enabled = true (custom)
2022-04-28 13:45:28,943 [pool-93-thread-1] INFO  segmented.SegmentedRaftLogWorker (SegmentedRaftLogWorker.java:lambda$new$0(133)) - ab92dd13-3a3c-494a-a601-0001755b8ba9@group-C4D4B86834AA-SegmentedRaftLogWorker: flushIndex: setUnconditionally 0 -> -1
2022-04-28 13:45:28,943 [pool-93-thread-1] INFO  segmented.SegmentedRaftLogWorker (SegmentedRaftLogWorker.java:lambda$new$0(133)) - ab92dd13-3a3c-494a-a601-0001755b8ba9@group-C4D4B86834AA-SegmentedRaftLogWorker: safeCacheEvictIndex: setUnconditionally 0 -> -1
2022-04-28 13:45:28,945 [pool-93-thread-1] INFO  server.RaftServerConfigKeys (ConfUtils.java:logGet(44)) - raft.server.snapshot.auto.trigger.enabled = true (custom)
2022-04-28 13:45:28,945 [pool-93-thread-1] INFO  server.RaftServerConfigKeys (ConfUtils.java:logGet(44)) - raft.server.snapshot.auto.trigger.threshold = 10000 (custom)
2022-04-28 13:45:28,945 [pool-93-thread-1] INFO  server.RaftServerConfigKeys (ConfUtils.java:logGet(44)) - raft.server.snapshot.retention.file.num = 5 (custom)
2022-04-28 13:45:28,945 [pool-93-thread-1] INFO  server.RaftServerConfigKeys (ConfUtils.java:logGet(44)) - raft.server.log.purge.upto.snapshot.index = false (default)
2022-04-28 13:45:28,945 [pool-93-thread-1] INFO  server.RaftServerConfigKeys (ConfUtils.java:logGet(44)) - raft.server.retrycache.expirytime = 600000ms (custom)
2022-04-28 13:45:28,946 [pool-93-thread-1] INFO  server.RaftServerConfigKeys (ConfUtils.java:logGet(44)) - raft.server.retrycache.statistics.expirytime = 100μs (default)
2022-04-28 13:45:28,939 [pool-114-thread-1] INFO  server.RaftServerConfigKeys (ConfUtils.java:logGet(44)) - raft.server.storage.dir = [/home/runner/work/ozone/ozone/hadoop-ozone/integration-test/target/test-dir/MiniOzoneClusterImpl-961b773a-55ec-4776-b588-5de87e184680/datanode-2/data/ratis] (custom)
2022-04-28 13:45:28,954 [pool-114-thread-1] INFO  server.RaftServerConfigKeys (ConfUtils.java:logGet(44)) - raft.server.log.corruption.policy = EXCEPTION (default)
2022-04-28 13:45:28,955 [pool-114-thread-1] INFO  server.RaftServerConfigKeys (ConfUtils.java:logGet(44)) - raft.server.storage.free-space.min = 0MB (=0) (default)
2022-04-28 13:45:28,955 [pool-114-thread-1] INFO  storage.RaftStorageDirectory (RaftStorageDirectoryImpl.java:analyzeStorage(135)) - The storage directory /home/runner/work/ozone/ozone/hadoop-ozone/integration-test/target/test-dir/MiniOzoneClusterImpl-961b773a-55ec-4776-b588-5de87e184680/datanode-2/data/ratis/cdcd232a-581d-4cbf-8bc8-1e6dbb551f13 does not exist. Creating ...
2022-04-28 13:45:28,958 [EventQueue-OpenPipelineForHealthyPipelineSafeModeRule] INFO  safemode.SCMSafeModeManager (HealthyPipelineSafeModeRule.java:process(124)) - SCM in safe mode. Healthy pipelines reported count is 0, required healthy pipeline reported count is 1
2022-04-28 13:45:28,958 [pool-93-thread-1] INFO  server.RaftServer$Division (RaftServerImpl.java:start(301)) - ab92dd13-3a3c-494a-a601-0001755b8ba9@group-C4D4B86834AA: start as a follower, conf=-1: [ab92dd13-3a3c-494a-a601-0001755b8ba9|rpc:10.1.0.6:38077|priority:0, 5f73a725-0f40-4029-8a7b-0ac4f52c09c7|rpc:10.1.0.6:38783|priority:1, 0560cff9-c55c-4a15-aea8-16ef2e8911e2|rpc:10.1.0.6:37139|priority:0], old=null
2022-04-28 13:45:28,958 [pool-93-thread-1] INFO  server.RaftServer$Division (RaftServerImpl.java:setRole(290)) - ab92dd13-3a3c-494a-a601-0001755b8ba9@group-C4D4B86834AA: changes role from      null to FOLLOWER at term 0 for startAsFollower
2022-04-28 13:45:28,958 [pool-93-thread-1] INFO  impl.RoleInfo (RoleInfo.java:updateAndGet(130)) - ab92dd13-3a3c-494a-a601-0001755b8ba9: start ab92dd13-3a3c-494a-a601-0001755b8ba9@group-C4D4B86834AA-FollowerState
2022-04-28 13:45:28,958 [pool-114-thread-1] INFO  storage.RaftStorageDirectory (RaftStorageDirectoryImpl.java:tryLock(230)) - Lock on /home/runner/work/ozone/ozone/hadoop-ozone/integration-test/target/test-dir/MiniOzoneClusterImpl-961b773a-55ec-4776-b588-5de87e184680/datanode-2/data/ratis/cdcd232a-581d-4cbf-8bc8-1e6dbb551f13/in_use.lock acquired by nodename 9841@fv-az294-869
2022-04-28 13:45:28,960 [pool-114-thread-1] INFO  storage.RaftStorage (RaftStorageImpl.java:format(89)) - Storage directory /home/runner/work/ozone/ozone/hadoop-ozone/integration-test/target/test-dir/MiniOzoneClusterImpl-961b773a-55ec-4776-b588-5de87e184680/datanode-2/data/ratis/cdcd232a-581d-4cbf-8bc8-1e6dbb551f13 has been successfully formatted.
2022-04-28 13:45:28,962 [pool-93-thread-1] INFO  util.JmxRegister (JmxRegister.java:tryRegister(44)) - Successfully registered JMX Bean with object name Ratis:service=RaftServer,group=group-C4D4B86834AA,id=ab92dd13-3a3c-494a-a601-0001755b8ba9
2022-04-28 13:45:28,964 [pool-114-thread-1] INFO  ratis.ContainerStateMachine (ContainerStateMachine.java:loadSnapshot(236)) - group-1E6DBB551F13: The snapshot info is null. Setting the last applied indexto:(t:0, i:~)
2022-04-28 13:45:28,964 [pool-114-thread-1] INFO  server.RaftServerConfigKeys (ConfUtils.java:logGet(44)) - raft.server.notification.no-leader.timeout = 300000ms (custom)
2022-04-28 13:45:28,964 [pool-114-thread-1] INFO  server.RaftServerConfigKeys (ConfUtils.java:logGet(44)) - raft.server.log.use.memory = false (default)
2022-04-28 13:45:28,964 [pool-114-thread-1] INFO  server.RaftServerConfigKeys (ConfUtils.java:logGet(44)) - raft.server.log.purge.gap = 1000000 (custom)
2022-04-28 13:45:28,964 [Command processor thread] INFO  ratis.XceiverServerRatis (XceiverServerRatis.java:addGroup(765)) - Created group PipelineID=a10d4922-b902-4d8b-9c45-c4d4b86834aa
2022-04-28 13:45:28,964 [pool-114-thread-1] INFO  server.RaftServerConfigKeys (ConfUtils.java:logGet(44)) - raft.server.log.appender.buffer.byte-limit = 33554432 (custom)
2022-04-28 13:45:28,965 [pool-114-thread-1] INFO  server.RaftServerConfigKeys (ConfUtils.java:logGet(44)) - raft.server.log.segment.size.max = 1048576 (custom)
2022-04-28 13:45:28,965 [pool-114-thread-1] INFO  server.RaftServerConfigKeys (ConfUtils.java:logGet(44)) - raft.server.log.segment.cache.num.max = 2 (custom)
2022-04-28 13:45:28,965 [pool-114-thread-1] INFO  server.RaftServerConfigKeys (ConfUtils.java:logGet(44)) - raft.server.log.segment.cache.size.max = 200MB (=209715200) (default)
2022-04-28 13:45:28,965 [pool-114-thread-1] INFO  segmented.SegmentedRaftLogWorker (SegmentedRaftLogWorker.java:<init>(182)) - new 0560cff9-c55c-4a15-aea8-16ef2e8911e2@group-1E6DBB551F13-SegmentedRaftLogWorker for RaftStorageImpl:Storage Directory /home/runner/work/ozone/ozone/hadoop-ozone/integration-test/target/test-dir/MiniOzoneClusterImpl-961b773a-55ec-4776-b588-5de87e184680/datanode-2/data/ratis/cdcd232a-581d-4cbf-8bc8-1e6dbb551f13
2022-04-28 13:45:28,965 [pool-114-thread-1] INFO  server.RaftServerConfigKeys (ConfUtils.java:logGet(44)) - raft.server.log.queue.byte-limit = 4294967296 (custom)
2022-04-28 13:45:28,965 [pool-114-thread-1] INFO  server.RaftServerConfigKeys (ConfUtils.java:logGet(44)) - raft.server.log.queue.element-limit = 1024 (custom)
2022-04-28 13:45:28,965 [pool-114-thread-1] INFO  server.RaftServerConfigKeys (ConfUtils.java:logGet(44)) - raft.server.log.segment.size.max = 1048576 (custom)
2022-04-28 13:45:28,965 [pool-114-thread-1] INFO  server.RaftServerConfigKeys (ConfUtils.java:logGet(44)) - raft.server.log.preallocated.size = 16384 (custom)
2022-04-28 13:45:28,965 [pool-114-thread-1] INFO  server.RaftServerConfigKeys (ConfUtils.java:logGet(44)) - raft.server.log.force.sync.num = 128 (default)
2022-04-28 13:45:28,965 [pool-114-thread-1] INFO  server.RaftServerConfigKeys (ConfUtils.java:logGet(44)) - raft.server.log.statemachine.data.sync = true (default)
2022-04-28 13:45:28,965 [pool-114-thread-1] INFO  server.RaftServerConfigKeys (ConfUtils.java:logGet(44)) - raft.server.log.statemachine.data.sync.timeout = 10s (default)
2022-04-28 13:45:28,965 [pool-114-thread-1] INFO  server.RaftServerConfigKeys (ConfUtils.java:logGet(44)) - raft.server.log.statemachine.data.sync.timeout.retry = -1 (default)
2022-04-28 13:45:28,966 [pool-114-thread-1] INFO  server.RaftServerConfigKeys (ConfUtils.java:logGet(44)) - raft.server.log.write.buffer.size = 1048576 (custom)
2022-04-28 13:45:28,967 [pool-114-thread-1] INFO  server.RaftServerConfigKeys (ConfUtils.java:logGet(44)) - raft.server.log.statemachine.data.caching.enabled = true (custom)
2022-04-28 13:45:28,967 [pool-114-thread-1] INFO  segmented.SegmentedRaftLogWorker (SegmentedRaftLogWorker.java:lambda$new$0(133)) - 0560cff9-c55c-4a15-aea8-16ef2e8911e2@group-1E6DBB551F13-SegmentedRaftLogWorker: flushIndex: setUnconditionally 0 -> -1
2022-04-28 13:45:28,967 [pool-114-thread-1] INFO  segmented.SegmentedRaftLogWorker (SegmentedRaftLogWorker.java:lambda$new$0(133)) - 0560cff9-c55c-4a15-aea8-16ef2e8911e2@group-1E6DBB551F13-SegmentedRaftLogWorker: safeCacheEvictIndex: setUnconditionally 0 -> -1
2022-04-28 13:45:28,970 [pool-114-thread-1] INFO  server.RaftServerConfigKeys (ConfUtils.java:logGet(44)) - raft.server.snapshot.auto.trigger.enabled = true (custom)
2022-04-28 13:45:28,970 [pool-114-thread-1] INFO  server.RaftServerConfigKeys (ConfUtils.java:logGet(44)) - raft.server.snapshot.auto.trigger.threshold = 10000 (custom)
2022-04-28 13:45:28,970 [pool-114-thread-1] INFO  server.RaftServerConfigKeys (ConfUtils.java:logGet(44)) - raft.server.snapshot.retention.file.num = 5 (custom)
2022-04-28 13:45:28,970 [pool-114-thread-1] INFO  server.RaftServerConfigKeys (ConfUtils.java:logGet(44)) - raft.server.log.purge.upto.snapshot.index = false (default)
2022-04-28 13:45:28,970 [pool-114-thread-1] INFO  server.RaftServerConfigKeys (ConfUtils.java:logGet(44)) - raft.server.retrycache.expirytime = 600000ms (custom)
2022-04-28 13:45:28,970 [pool-114-thread-1] INFO  server.RaftServerConfigKeys (ConfUtils.java:logGet(44)) - raft.server.retrycache.statistics.expirytime = 100μs (default)
2022-04-28 13:45:28,978 [pool-114-thread-1] INFO  server.RaftServer$Division (RaftServerImpl.java:start(301)) - 0560cff9-c55c-4a15-aea8-16ef2e8911e2@group-BF889C686DAF: start as a follower, conf=-1: [0560cff9-c55c-4a15-aea8-16ef2e8911e2|rpc:10.1.0.6:37139|priority:1], old=null
2022-04-28 13:45:28,978 [pool-114-thread-1] INFO  server.RaftServer$Division (RaftServerImpl.java:setRole(290)) - 0560cff9-c55c-4a15-aea8-16ef2e8911e2@group-BF889C686DAF: changes role from      null to FOLLOWER at term 0 for startAsFollower
2022-04-28 13:45:28,978 [pool-114-thread-1] INFO  impl.RoleInfo (RoleInfo.java:updateAndGet(130)) - 0560cff9-c55c-4a15-aea8-16ef2e8911e2: start 0560cff9-c55c-4a15-aea8-16ef2e8911e2@group-BF889C686DAF-FollowerState
2022-04-28 13:45:28,979 [EventQueue-OpenPipelineForHealthyPipelineSafeModeRule] INFO  safemode.SCMSafeModeManager (HealthyPipelineSafeModeRule.java:process(124)) - SCM in safe mode. Healthy pipelines reported count is 0, required healthy pipeline reported count is 1
2022-04-28 13:45:28,980 [pool-114-thread-1] INFO  util.JmxRegister (JmxRegister.java:tryRegister(44)) - Successfully registered JMX Bean with object name Ratis:service=RaftServer,group=group-BF889C686DAF,id=0560cff9-c55c-4a15-aea8-16ef2e8911e2
2022-04-28 13:45:28,981 [pool-114-thread-1] INFO  server.RaftServer$Division (RaftServerImpl.java:start(301)) - 0560cff9-c55c-4a15-aea8-16ef2e8911e2@group-1E6DBB551F13: start as a follower, conf=-1: [ab92dd13-3a3c-494a-a601-0001755b8ba9|rpc:10.1.0.6:38077|dataStream:|priority:1, 5f73a725-0f40-4029-8a7b-0ac4f52c09c7|rpc:10.1.0.6:38783|dataStream:|priority:0, 0560cff9-c55c-4a15-aea8-16ef2e8911e2|rpc:10.1.0.6:37139|dataStream:|priority:0], old=null
2022-04-28 13:45:28,981 [pool-114-thread-1] INFO  server.RaftServer$Division (RaftServerImpl.java:setRole(290)) - 0560cff9-c55c-4a15-aea8-16ef2e8911e2@group-1E6DBB551F13: changes role from      null to FOLLOWER at term 0 for startAsFollower
2022-04-28 13:45:28,981 [pool-114-thread-1] INFO  impl.RoleInfo (RoleInfo.java:updateAndGet(130)) - 0560cff9-c55c-4a15-aea8-16ef2e8911e2: start 0560cff9-c55c-4a15-aea8-16ef2e8911e2@group-1E6DBB551F13-FollowerState
2022-04-28 13:45:28,981 [Command processor thread] INFO  ratis.XceiverServerRatis (XceiverServerRatis.java:addGroup(765)) - Created group PipelineID=2b1b54b1-93cd-4d7d-92df-bf889c686daf
2022-04-28 13:45:28,981 [Command processor thread] INFO  commandhandler.CreatePipelineCommandHandler (CreatePipelineCommandHandler.java:handle(113)) - Created Pipeline RATIS ONE PipelineID=2b1b54b1-93cd-4d7d-92df-bf889c686daf.
2022-04-28 13:45:28,981 [Command processor thread] INFO  server.RaftServer (RaftServerProxy.java:addNew(95)) - 0560cff9-c55c-4a15-aea8-16ef2e8911e2: addNew group-C4D4B86834AA:[ab92dd13-3a3c-494a-a601-0001755b8ba9|rpc:10.1.0.6:38077|priority:0, 5f73a725-0f40-4029-8a7b-0ac4f52c09c7|rpc:10.1.0.6:38783|priority:1, 0560cff9-c55c-4a15-aea8-16ef2e8911e2|rpc:10.1.0.6:37139|priority:0] returns group-C4D4B86834AA:java.util.concurrent.CompletableFuture@7442d394[Not completed]
2022-04-28 13:45:28,982 [pool-114-thread-1] INFO  util.JmxRegister (JmxRegister.java:tryRegister(44)) - Successfully registered JMX Bean with object name Ratis:service=RaftServer,group=group-1E6DBB551F13,id=0560cff9-c55c-4a15-aea8-16ef2e8911e2
2022-04-28 13:45:28,995 [pool-114-thread-1] INFO  server.RaftServer$Division (RaftServerImpl.java:<init>(184)) - 0560cff9-c55c-4a15-aea8-16ef2e8911e2: new RaftServerImpl for group-C4D4B86834AA:[ab92dd13-3a3c-494a-a601-0001755b8ba9|rpc:10.1.0.6:38077|priority:0, 5f73a725-0f40-4029-8a7b-0ac4f52c09c7|rpc:10.1.0.6:38783|priority:1, 0560cff9-c55c-4a15-aea8-16ef2e8911e2|rpc:10.1.0.6:37139|priority:0] with ContainerStateMachine:uninitialized
2022-04-28 13:45:28,996 [pool-114-thread-1] INFO  server.RaftServerConfigKeys (ConfUtils.java:logGet(44)) - raft.server.rpc.timeout.min = 5s (custom)
2022-04-28 13:45:28,996 [pool-114-thread-1] INFO  server.RaftServerConfigKeys (ConfUtils.java:logGet(44)) - raft.server.rpc.timeout.max = 5200ms (custom)
2022-04-28 13:45:28,996 [pool-114-thread-1] INFO  server.RaftServerConfigKeys (ConfUtils.java:logGet(44)) - raft.server.rpc.sleep.time = 25ms (default)
2022-04-28 13:45:28,996 [pool-114-thread-1] INFO  server.RaftServerConfigKeys (ConfUtils.java:logGet(44)) - raft.server.rpc.slowness.timeout = 300000ms (custom)
2022-04-28 13:45:28,996 [pool-114-thread-1] INFO  server.RaftServerConfigKeys (ConfUtils.java:logGet(44)) - raft.server.leaderelection.leader.step-down.wait-time = 10s (default)
2022-04-28 13:45:28,996 [pool-114-thread-1] INFO  server.RaftServerConfigKeys (ConfUtils.java:logGet(44)) - raft.server.sleep.deviation.threshold = 300ms (default)
2022-04-28 13:45:28,997 [pool-114-thread-1] INFO  server.RaftServerConfigKeys (ConfUtils.java:logGet(44)) - raft.server.log.appender.install.snapshot.enabled = false (custom)
2022-04-28 13:45:28,997 [pool-114-thread-1] INFO  server.RaftServer$Division (ServerState.java:<init>(105)) - 0560cff9-c55c-4a15-aea8-16ef2e8911e2@group-C4D4B86834AA: ConfigurationManager, init=-1: [ab92dd13-3a3c-494a-a601-0001755b8ba9|rpc:10.1.0.6:38077|priority:0, 5f73a725-0f40-4029-8a7b-0ac4f52c09c7|rpc:10.1.0.6:38783|priority:1, 0560cff9-c55c-4a15-aea8-16ef2e8911e2|rpc:10.1.0.6:37139|priority:0], old=null, confs=<EMPTY_MAP>
2022-04-28 13:45:28,997 [pool-114-thread-1] INFO  server.RaftServerConfigKeys (ConfUtils.java:logGet(44)) - raft.server.storage.dir = [/home/runner/work/ozone/ozone/hadoop-ozone/integration-test/target/test-dir/MiniOzoneClusterImpl-961b773a-55ec-4776-b588-5de87e184680/datanode-2/data/ratis] (custom)
2022-04-28 13:45:28,997 [pool-114-thread-1] INFO  server.RaftServerConfigKeys (ConfUtils.java:logGet(44)) - raft.server.log.corruption.policy = EXCEPTION (default)
2022-04-28 13:45:28,997 [pool-114-thread-1] INFO  server.RaftServerConfigKeys (ConfUtils.java:logGet(44)) - raft.server.storage.free-space.min = 0MB (=0) (default)
2022-04-28 13:45:28,997 [pool-114-thread-1] INFO  storage.RaftStorageDirectory (RaftStorageDirectoryImpl.java:analyzeStorage(135)) - The storage directory /home/runner/work/ozone/ozone/hadoop-ozone/integration-test/target/test-dir/MiniOzoneClusterImpl-961b773a-55ec-4776-b588-5de87e184680/datanode-2/data/ratis/a10d4922-b902-4d8b-9c45-c4d4b86834aa does not exist. Creating ...
2022-04-28 13:45:28,999 [pool-114-thread-1] INFO  storage.RaftStorageDirectory (RaftStorageDirectoryImpl.java:tryLock(230)) - Lock on /home/runner/work/ozone/ozone/hadoop-ozone/integration-test/target/test-dir/MiniOzoneClusterImpl-961b773a-55ec-4776-b588-5de87e184680/datanode-2/data/ratis/a10d4922-b902-4d8b-9c45-c4d4b86834aa/in_use.lock acquired by nodename 9841@fv-az294-869
2022-04-28 13:45:29,000 [pool-114-thread-1] INFO  storage.RaftStorage (RaftStorageImpl.java:format(89)) - Storage directory /home/runner/work/ozone/ozone/hadoop-ozone/integration-test/target/test-dir/MiniOzoneClusterImpl-961b773a-55ec-4776-b588-5de87e184680/datanode-2/data/ratis/a10d4922-b902-4d8b-9c45-c4d4b86834aa has been successfully formatted.
2022-04-28 13:45:29,001 [pool-114-thread-1] INFO  ratis.ContainerStateMachine (ContainerStateMachine.java:loadSnapshot(236)) - group-C4D4B86834AA: The snapshot info is null. Setting the last applied indexto:(t:0, i:~)
2022-04-28 13:45:29,001 [pool-114-thread-1] INFO  server.RaftServerConfigKeys (ConfUtils.java:logGet(44)) - raft.server.notification.no-leader.timeout = 300000ms (custom)
2022-04-28 13:45:29,001 [pool-114-thread-1] INFO  server.RaftServerConfigKeys (ConfUtils.java:logGet(44)) - raft.server.log.use.memory = false (default)
2022-04-28 13:45:29,001 [pool-114-thread-1] INFO  server.RaftServerConfigKeys (ConfUtils.java:logGet(44)) - raft.server.log.purge.gap = 1000000 (custom)
2022-04-28 13:45:29,001 [pool-114-thread-1] INFO  server.RaftServerConfigKeys (ConfUtils.java:logGet(44)) - raft.server.log.appender.buffer.byte-limit = 33554432 (custom)
2022-04-28 13:45:29,001 [pool-114-thread-1] INFO  server.RaftServerConfigKeys (ConfUtils.java:logGet(44)) - raft.server.log.segment.size.max = 1048576 (custom)
2022-04-28 13:45:29,002 [pool-114-thread-1] INFO  server.RaftServerConfigKeys (ConfUtils.java:logGet(44)) - raft.server.log.segment.cache.num.max = 2 (custom)
2022-04-28 13:45:29,003 [pool-114-thread-1] INFO  server.RaftServerConfigKeys (ConfUtils.java:logGet(44)) - raft.server.log.segment.cache.size.max = 200MB (=209715200) (default)
2022-04-28 13:45:29,003 [pool-114-thread-1] INFO  segmented.SegmentedRaftLogWorker (SegmentedRaftLogWorker.java:<init>(182)) - new 0560cff9-c55c-4a15-aea8-16ef2e8911e2@group-C4D4B86834AA-SegmentedRaftLogWorker for RaftStorageImpl:Storage Directory /home/runner/work/ozone/ozone/hadoop-ozone/integration-test/target/test-dir/MiniOzoneClusterImpl-961b773a-55ec-4776-b588-5de87e184680/datanode-2/data/ratis/a10d4922-b902-4d8b-9c45-c4d4b86834aa
2022-04-28 13:45:29,003 [pool-114-thread-1] INFO  server.RaftServerConfigKeys (ConfUtils.java:logGet(44)) - raft.server.log.queue.byte-limit = 4294967296 (custom)
2022-04-28 13:45:29,003 [pool-114-thread-1] INFO  server.RaftServerConfigKeys (ConfUtils.java:logGet(44)) - raft.server.log.queue.element-limit = 1024 (custom)
2022-04-28 13:45:29,003 [pool-114-thread-1] INFO  server.RaftServerConfigKeys (ConfUtils.java:logGet(44)) - raft.server.log.segment.size.max = 1048576 (custom)
2022-04-28 13:45:29,003 [pool-114-thread-1] INFO  server.RaftServerConfigKeys (ConfUtils.java:logGet(44)) - raft.server.log.preallocated.size = 16384 (custom)
2022-04-28 13:45:29,003 [pool-114-thread-1] INFO  server.RaftServerConfigKeys (ConfUtils.java:logGet(44)) - raft.server.log.force.sync.num = 128 (default)
2022-04-28 13:45:29,003 [pool-114-thread-1] INFO  server.RaftServerConfigKeys (ConfUtils.java:logGet(44)) - raft.server.log.statemachine.data.sync = true (default)
2022-04-28 13:45:29,003 [pool-114-thread-1] INFO  server.RaftServerConfigKeys (ConfUtils.java:logGet(44)) - raft.server.log.statemachine.data.sync.timeout = 10s (default)
2022-04-28 13:45:29,004 [pool-114-thread-1] INFO  server.RaftServerConfigKeys (ConfUtils.java:logGet(44)) - raft.server.log.statemachine.data.sync.timeout.retry = -1 (default)
2022-04-28 13:45:29,005 [pool-114-thread-1] INFO  server.RaftServerConfigKeys (ConfUtils.java:logGet(44)) - raft.server.log.write.buffer.size = 1048576 (custom)
2022-04-28 13:45:29,005 [pool-114-thread-1] INFO  server.RaftServerConfigKeys (ConfUtils.java:logGet(44)) - raft.server.log.statemachine.data.caching.enabled = true (custom)
2022-04-28 13:45:29,006 [EventQueue-OpenPipelineForHealthyPipelineSafeModeRule] INFO  safemode.SCMSafeModeManager (HealthyPipelineSafeModeRule.java:process(124)) - SCM in safe mode. Healthy pipelines reported count is 0, required healthy pipeline reported count is 1
2022-04-28 13:45:29,012 [pool-114-thread-1] INFO  segmented.SegmentedRaftLogWorker (SegmentedRaftLogWorker.java:lambda$new$0(133)) - 0560cff9-c55c-4a15-aea8-16ef2e8911e2@group-C4D4B86834AA-SegmentedRaftLogWorker: flushIndex: setUnconditionally 0 -> -1
2022-04-28 13:45:29,012 [pool-114-thread-1] INFO  segmented.SegmentedRaftLogWorker (SegmentedRaftLogWorker.java:lambda$new$0(133)) - 0560cff9-c55c-4a15-aea8-16ef2e8911e2@group-C4D4B86834AA-SegmentedRaftLogWorker: safeCacheEvictIndex: setUnconditionally 0 -> -1
2022-04-28 13:45:29,024 [pool-114-thread-1] INFO  server.RaftServerConfigKeys (ConfUtils.java:logGet(44)) - raft.server.snapshot.auto.trigger.enabled = true (custom)
2022-04-28 13:45:29,024 [pool-114-thread-1] INFO  server.RaftServerConfigKeys (ConfUtils.java:logGet(44)) - raft.server.snapshot.auto.trigger.threshold = 10000 (custom)
2022-04-28 13:45:29,024 [pool-114-thread-1] INFO  server.RaftServerConfigKeys (ConfUtils.java:logGet(44)) - raft.server.snapshot.retention.file.num = 5 (custom)
2022-04-28 13:45:29,024 [pool-114-thread-1] INFO  server.RaftServerConfigKeys (ConfUtils.java:logGet(44)) - raft.server.log.purge.upto.snapshot.index = false (default)
2022-04-28 13:45:29,024 [pool-114-thread-1] INFO  server.RaftServerConfigKeys (ConfUtils.java:logGet(44)) - raft.server.retrycache.expirytime = 600000ms (custom)
2022-04-28 13:45:29,024 [pool-114-thread-1] INFO  server.RaftServerConfigKeys (ConfUtils.java:logGet(44)) - raft.server.retrycache.statistics.expirytime = 100μs (default)
2022-04-28 13:45:29,025 [pool-114-thread-1] INFO  server.RaftServer$Division (RaftServerImpl.java:start(301)) - 0560cff9-c55c-4a15-aea8-16ef2e8911e2@group-C4D4B86834AA: start as a follower, conf=-1: [ab92dd13-3a3c-494a-a601-0001755b8ba9|rpc:10.1.0.6:38077|priority:0, 5f73a725-0f40-4029-8a7b-0ac4f52c09c7|rpc:10.1.0.6:38783|priority:1, 0560cff9-c55c-4a15-aea8-16ef2e8911e2|rpc:10.1.0.6:37139|priority:0], old=null
2022-04-28 13:45:29,025 [pool-114-thread-1] INFO  server.RaftServer$Division (RaftServerImpl.java:setRole(290)) - 0560cff9-c55c-4a15-aea8-16ef2e8911e2@group-C4D4B86834AA: changes role from      null to FOLLOWER at term 0 for startAsFollower
2022-04-28 13:45:29,025 [pool-114-thread-1] INFO  impl.RoleInfo (RoleInfo.java:updateAndGet(130)) - 0560cff9-c55c-4a15-aea8-16ef2e8911e2: start 0560cff9-c55c-4a15-aea8-16ef2e8911e2@group-C4D4B86834AA-FollowerState
2022-04-28 13:45:29,034 [pool-114-thread-1] INFO  util.JmxRegister (JmxRegister.java:tryRegister(44)) - Successfully registered JMX Bean with object name Ratis:service=RaftServer,group=group-C4D4B86834AA,id=0560cff9-c55c-4a15-aea8-16ef2e8911e2
2022-04-28 13:45:29,036 [Command processor thread] INFO  ratis.XceiverServerRatis (XceiverServerRatis.java:addGroup(765)) - Created group PipelineID=a10d4922-b902-4d8b-9c45-c4d4b86834aa
2022-04-28 13:45:29,054 [Command processor thread] INFO  commandhandler.CreatePipelineCommandHandler (CreatePipelineCommandHandler.java:handle(113)) - Created Pipeline RATIS THREE PipelineID=cdcd232a-581d-4cbf-8bc8-1e6dbb551f13.
2022-04-28 13:45:29,056 [pool-72-thread-1] INFO  server.RaftServer$Division (RaftServerImpl.java:<init>(184)) - 5f73a725-0f40-4029-8a7b-0ac4f52c09c7: new RaftServerImpl for group-C4D4B86834AA:[ab92dd13-3a3c-494a-a601-0001755b8ba9|rpc:10.1.0.6:38077|priority:0, 5f73a725-0f40-4029-8a7b-0ac4f52c09c7|rpc:10.1.0.6:38783|priority:1, 0560cff9-c55c-4a15-aea8-16ef2e8911e2|rpc:10.1.0.6:37139|priority:0] with ContainerStateMachine:uninitialized
2022-04-28 13:45:29,056 [pool-72-thread-1] INFO  server.RaftServerConfigKeys (ConfUtils.java:logGet(44)) - raft.server.rpc.timeout.min = 5s (custom)
2022-04-28 13:45:29,056 [pool-72-thread-1] INFO  server.RaftServerConfigKeys (ConfUtils.java:logGet(44)) - raft.server.rpc.timeout.max = 5200ms (custom)
2022-04-28 13:45:29,056 [pool-72-thread-1] INFO  server.RaftServerConfigKeys (ConfUtils.java:logGet(44)) - raft.server.rpc.sleep.time = 25ms (default)
2022-04-28 13:45:29,056 [pool-72-thread-1] INFO  server.RaftServerConfigKeys (ConfUtils.java:logGet(44)) - raft.server.rpc.slowness.timeout = 300000ms (custom)
2022-04-28 13:45:29,056 [pool-72-thread-1] INFO  server.RaftServerConfigKeys (ConfUtils.java:logGet(44)) - raft.server.leaderelection.leader.step-down.wait-time = 10s (default)
2022-04-28 13:45:29,056 [pool-72-thread-1] INFO  server.RaftServerConfigKeys (ConfUtils.java:logGet(44)) - raft.server.sleep.deviation.threshold = 300ms (default)
2022-04-28 13:45:29,056 [pool-72-thread-1] INFO  server.RaftServerConfigKeys (ConfUtils.java:logGet(44)) - raft.server.log.appender.install.snapshot.enabled = false (custom)
2022-04-28 13:45:29,056 [pool-72-thread-1] INFO  server.RaftServer$Division (ServerState.java:<init>(105)) - 5f73a725-0f40-4029-8a7b-0ac4f52c09c7@group-C4D4B86834AA: ConfigurationManager, init=-1: [ab92dd13-3a3c-494a-a601-0001755b8ba9|rpc:10.1.0.6:38077|priority:0, 5f73a725-0f40-4029-8a7b-0ac4f52c09c7|rpc:10.1.0.6:38783|priority:1, 0560cff9-c55c-4a15-aea8-16ef2e8911e2|rpc:10.1.0.6:37139|priority:0], old=null, confs=<EMPTY_MAP>
2022-04-28 13:45:29,056 [pool-72-thread-1] INFO  server.RaftServerConfigKeys (ConfUtils.java:logGet(44)) - raft.server.storage.dir = [/home/runner/work/ozone/ozone/hadoop-ozone/integration-test/target/test-dir/MiniOzoneClusterImpl-961b773a-55ec-4776-b588-5de87e184680/datanode-0/data/ratis] (custom)
2022-04-28 13:45:29,057 [pool-72-thread-1] INFO  server.RaftServerConfigKeys (ConfUtils.java:logGet(44)) - raft.server.log.corruption.policy = EXCEPTION (default)
2022-04-28 13:45:29,057 [pool-72-thread-1] INFO  server.RaftServerConfigKeys (ConfUtils.java:logGet(44)) - raft.server.storage.free-space.min = 0MB (=0) (default)
2022-04-28 13:45:29,057 [pool-72-thread-1] INFO  storage.RaftStorageDirectory (RaftStorageDirectoryImpl.java:analyzeStorage(135)) - The storage directory /home/runner/work/ozone/ozone/hadoop-ozone/integration-test/target/test-dir/MiniOzoneClusterImpl-961b773a-55ec-4776-b588-5de87e184680/datanode-0/data/ratis/a10d4922-b902-4d8b-9c45-c4d4b86834aa does not exist. Creating ...
2022-04-28 13:45:29,057 [Command processor thread] INFO  server.RaftServer (RaftServerProxy.java:addNew(95)) - 5f73a725-0f40-4029-8a7b-0ac4f52c09c7: addNew group-C4D4B86834AA:[ab92dd13-3a3c-494a-a601-0001755b8ba9|rpc:10.1.0.6:38077|priority:0, 5f73a725-0f40-4029-8a7b-0ac4f52c09c7|rpc:10.1.0.6:38783|priority:1, 0560cff9-c55c-4a15-aea8-16ef2e8911e2|rpc:10.1.0.6:37139|priority:0] returns group-C4D4B86834AA:java.util.concurrent.CompletableFuture@7d38eea0[Not completed]
2022-04-28 13:45:29,058 [pool-72-thread-1] INFO  storage.RaftStorageDirectory (RaftStorageDirectoryImpl.java:tryLock(230)) - Lock on /home/runner/work/ozone/ozone/hadoop-ozone/integration-test/target/test-dir/MiniOzoneClusterImpl-961b773a-55ec-4776-b588-5de87e184680/datanode-0/data/ratis/a10d4922-b902-4d8b-9c45-c4d4b86834aa/in_use.lock acquired by nodename 9841@fv-az294-869
2022-04-28 13:45:29,060 [pool-72-thread-1] INFO  storage.RaftStorage (RaftStorageImpl.java:format(89)) - Storage directory /home/runner/work/ozone/ozone/hadoop-ozone/integration-test/target/test-dir/MiniOzoneClusterImpl-961b773a-55ec-4776-b588-5de87e184680/datanode-0/data/ratis/a10d4922-b902-4d8b-9c45-c4d4b86834aa has been successfully formatted.
2022-04-28 13:45:29,066 [pool-72-thread-1] INFO  ratis.ContainerStateMachine (ContainerStateMachine.java:loadSnapshot(236)) - group-C4D4B86834AA: The snapshot info is null. Setting the last applied indexto:(t:0, i:~)
2022-04-28 13:45:29,067 [pool-72-thread-1] INFO  server.RaftServerConfigKeys (ConfUtils.java:logGet(44)) - raft.server.notification.no-leader.timeout = 300000ms (custom)
2022-04-28 13:45:29,067 [pool-72-thread-1] INFO  server.RaftServerConfigKeys (ConfUtils.java:logGet(44)) - raft.server.log.use.memory = false (default)
2022-04-28 13:45:29,067 [pool-72-thread-1] INFO  server.RaftServerConfigKeys (ConfUtils.java:logGet(44)) - raft.server.log.purge.gap = 1000000 (custom)
2022-04-28 13:45:29,067 [pool-72-thread-1] INFO  server.RaftServerConfigKeys (ConfUtils.java:logGet(44)) - raft.server.log.appender.buffer.byte-limit = 33554432 (custom)
2022-04-28 13:45:29,069 [pool-72-thread-1] INFO  server.RaftServerConfigKeys (ConfUtils.java:logGet(44)) - raft.server.log.segment.size.max = 1048576 (custom)
2022-04-28 13:45:29,069 [pool-72-thread-1] INFO  server.RaftServerConfigKeys (ConfUtils.java:logGet(44)) - raft.server.log.segment.cache.num.max = 2 (custom)
2022-04-28 13:45:29,069 [pool-72-thread-1] INFO  server.RaftServerConfigKeys (ConfUtils.java:logGet(44)) - raft.server.log.segment.cache.size.max = 200MB (=209715200) (default)
2022-04-28 13:45:29,069 [pool-72-thread-1] INFO  segmented.SegmentedRaftLogWorker (SegmentedRaftLogWorker.java:<init>(182)) - new 5f73a725-0f40-4029-8a7b-0ac4f52c09c7@group-C4D4B86834AA-SegmentedRaftLogWorker for RaftStorageImpl:Storage Directory /home/runner/work/ozone/ozone/hadoop-ozone/integration-test/target/test-dir/MiniOzoneClusterImpl-961b773a-55ec-4776-b588-5de87e184680/datanode-0/data/ratis/a10d4922-b902-4d8b-9c45-c4d4b86834aa
2022-04-28 13:45:29,069 [pool-72-thread-1] INFO  server.RaftServerConfigKeys (ConfUtils.java:logGet(44)) - raft.server.log.queue.byte-limit = 4294967296 (custom)
2022-04-28 13:45:29,069 [pool-72-thread-1] INFO  server.RaftServerConfigKeys (ConfUtils.java:logGet(44)) - raft.server.log.queue.element-limit = 1024 (custom)
2022-04-28 13:45:29,069 [pool-72-thread-1] INFO  server.RaftServerConfigKeys (ConfUtils.java:logGet(44)) - raft.server.log.segment.size.max = 1048576 (custom)
2022-04-28 13:45:29,069 [pool-72-thread-1] INFO  server.RaftServerConfigKeys (ConfUtils.java:logGet(44)) - raft.server.log.preallocated.size = 16384 (custom)
2022-04-28 13:45:29,069 [pool-72-thread-1] INFO  server.RaftServerConfigKeys (ConfUtils.java:logGet(44)) - raft.server.log.force.sync.num = 128 (default)
2022-04-28 13:45:29,069 [pool-72-thread-1] INFO  server.RaftServerConfigKeys (ConfUtils.java:logGet(44)) - raft.server.log.statemachine.data.sync = true (default)
2022-04-28 13:45:29,069 [pool-72-thread-1] INFO  server.RaftServerConfigKeys (ConfUtils.java:logGet(44)) - raft.server.log.statemachine.data.sync.timeout = 10s (default)
2022-04-28 13:45:29,069 [pool-72-thread-1] INFO  server.RaftServerConfigKeys (ConfUtils.java:logGet(44)) - raft.server.log.statemachine.data.sync.timeout.retry = -1 (default)
2022-04-28 13:45:29,070 [pool-72-thread-1] INFO  server.RaftServerConfigKeys (ConfUtils.java:logGet(44)) - raft.server.log.write.buffer.size = 1048576 (custom)
2022-04-28 13:45:29,072 [pool-72-thread-1] INFO  server.RaftServerConfigKeys (ConfUtils.java:logGet(44)) - raft.server.log.statemachine.data.caching.enabled = true (custom)
2022-04-28 13:45:29,072 [pool-72-thread-1] INFO  segmented.SegmentedRaftLogWorker (SegmentedRaftLogWorker.java:lambda$new$0(133)) - 5f73a725-0f40-4029-8a7b-0ac4f52c09c7@group-C4D4B86834AA-SegmentedRaftLogWorker: flushIndex: setUnconditionally 0 -> -1
2022-04-28 13:45:29,072 [pool-72-thread-1] INFO  segmented.SegmentedRaftLogWorker (SegmentedRaftLogWorker.java:lambda$new$0(133)) - 5f73a725-0f40-4029-8a7b-0ac4f52c09c7@group-C4D4B86834AA-SegmentedRaftLogWorker: safeCacheEvictIndex: setUnconditionally 0 -> -1
2022-04-28 13:45:29,072 [pool-72-thread-1] INFO  server.RaftServerConfigKeys (ConfUtils.java:logGet(44)) - raft.server.snapshot.auto.trigger.enabled = true (custom)
2022-04-28 13:45:29,072 [pool-72-thread-1] INFO  server.RaftServerConfigKeys (ConfUtils.java:logGet(44)) - raft.server.snapshot.auto.trigger.threshold = 10000 (custom)
2022-04-28 13:45:29,073 [pool-72-thread-1] INFO  server.RaftServerConfigKeys (ConfUtils.java:logGet(44)) - raft.server.snapshot.retention.file.num = 5 (custom)
2022-04-28 13:45:29,073 [pool-72-thread-1] INFO  server.RaftServerConfigKeys (ConfUtils.java:logGet(44)) - raft.server.log.purge.upto.snapshot.index = false (default)
2022-04-28 13:45:29,073 [pool-72-thread-1] INFO  server.RaftServerConfigKeys (ConfUtils.java:logGet(44)) - raft.server.retrycache.expirytime = 600000ms (custom)
2022-04-28 13:45:29,073 [pool-72-thread-1] INFO  server.RaftServerConfigKeys (ConfUtils.java:logGet(44)) - raft.server.retrycache.statistics.expirytime = 100μs (default)
2022-04-28 13:45:29,074 [pool-72-thread-1] INFO  server.RaftServer$Division (RaftServerImpl.java:start(301)) - 5f73a725-0f40-4029-8a7b-0ac4f52c09c7@group-C4D4B86834AA: start as a follower, conf=-1: [ab92dd13-3a3c-494a-a601-0001755b8ba9|rpc:10.1.0.6:38077|priority:0, 5f73a725-0f40-4029-8a7b-0ac4f52c09c7|rpc:10.1.0.6:38783|priority:1, 0560cff9-c55c-4a15-aea8-16ef2e8911e2|rpc:10.1.0.6:37139|priority:0], old=null
2022-04-28 13:45:29,074 [pool-72-thread-1] INFO  server.RaftServer$Division (RaftServerImpl.java:setRole(290)) - 5f73a725-0f40-4029-8a7b-0ac4f52c09c7@group-C4D4B86834AA: changes role from      null to FOLLOWER at term 0 for startAsFollower
2022-04-28 13:45:29,074 [pool-72-thread-1] INFO  impl.RoleInfo (RoleInfo.java:updateAndGet(130)) - 5f73a725-0f40-4029-8a7b-0ac4f52c09c7: start 5f73a725-0f40-4029-8a7b-0ac4f52c09c7@group-C4D4B86834AA-FollowerState
2022-04-28 13:45:29,075 [Listener at 127.0.0.1/38637] INFO  ozone.MiniOzoneClusterImpl (MiniOzoneClusterImpl.java:lambda$waitForClusterToBeReady$0(221)) - Nodes are ready. Got 7 of 7 DN Heartbeats.
2022-04-28 13:45:29,076 [Listener at 127.0.0.1/38637] INFO  ozone.MiniOzoneClusterImpl (MiniOzoneClusterImpl.java:lambda$waitForClusterToBeReady$0(224)) - Waiting for cluster to exit safe mode
2022-04-28 13:45:29,076 [Listener at 127.0.0.1/38637] INFO  ozone.MiniOzoneClusterImpl (MiniOzoneClusterImpl.java:lambda$waitForClusterToBeReady$0(226)) - SCM became leader
2022-04-28 13:45:29,082 [pool-72-thread-1] INFO  util.JmxRegister (JmxRegister.java:tryRegister(44)) - Successfully registered JMX Bean with object name Ratis:service=RaftServer,group=group-C4D4B86834AA,id=5f73a725-0f40-4029-8a7b-0ac4f52c09c7
2022-04-28 13:45:29,084 [EventQueue-OpenPipelineForHealthyPipelineSafeModeRule] INFO  safemode.SCMSafeModeManager (HealthyPipelineSafeModeRule.java:process(124)) - SCM in safe mode. Healthy pipelines reported count is 0, required healthy pipeline reported count is 1
2022-04-28 13:45:29,086 [Command processor thread] INFO  ratis.XceiverServerRatis (XceiverServerRatis.java:addGroup(765)) - Created group PipelineID=a10d4922-b902-4d8b-9c45-c4d4b86834aa
2022-04-28 13:45:29,097 [Command processor thread] INFO  commandhandler.CreatePipelineCommandHandler (CreatePipelineCommandHandler.java:handle(113)) - Created Pipeline RATIS THREE PipelineID=a10d4922-b902-4d8b-9c45-c4d4b86834aa.
2022-04-28 13:45:29,125 [Command processor thread] INFO  commandhandler.CreatePipelineCommandHandler (CreatePipelineCommandHandler.java:handle(113)) - Created Pipeline RATIS THREE PipelineID=a10d4922-b902-4d8b-9c45-c4d4b86834aa.
2022-04-28 13:45:29,150 [Command processor thread] INFO  commandhandler.CreatePipelineCommandHandler (CreatePipelineCommandHandler.java:handle(113)) - Created Pipeline RATIS THREE PipelineID=a10d4922-b902-4d8b-9c45-c4d4b86834aa.
2022-04-28 13:45:29,198 [Command processor thread] INFO  server.RaftServer (RaftServerProxy.java:addNew(95)) - ab82d630-dee7-4177-af41-1c16b6b55497: addNew group-BCADC659637B:[ab82d630-dee7-4177-af41-1c16b6b55497|rpc:10.1.0.6:33355|priority:1] returns group-BCADC659637B:java.util.concurrent.CompletableFuture@6a0ceb8[Not completed]
2022-04-28 13:45:29,199 [pool-135-thread-1] INFO  server.RaftServer$Division (RaftServerImpl.java:<init>(184)) - ab82d630-dee7-4177-af41-1c16b6b55497: new RaftServerImpl for group-BCADC659637B:[ab82d630-dee7-4177-af41-1c16b6b55497|rpc:10.1.0.6:33355|priority:1] with ContainerStateMachine:uninitialized
2022-04-28 13:45:29,200 [pool-135-thread-1] INFO  server.RaftServerConfigKeys (ConfUtils.java:logGet(44)) - raft.server.rpc.timeout.min = 5s (custom)
2022-04-28 13:45:29,200 [pool-135-thread-1] INFO  server.RaftServerConfigKeys (ConfUtils.java:logGet(44)) - raft.server.rpc.timeout.max = 5200ms (custom)
2022-04-28 13:45:29,200 [pool-135-thread-1] INFO  server.RaftServerConfigKeys (ConfUtils.java:logGet(44)) - raft.server.rpc.sleep.time = 25ms (default)
2022-04-28 13:45:29,200 [pool-135-thread-1] INFO  server.RaftServerConfigKeys (ConfUtils.java:logGet(44)) - raft.server.rpc.slowness.timeout = 300000ms (custom)
2022-04-28 13:45:29,200 [pool-135-thread-1] INFO  server.RaftServerConfigKeys (ConfUtils.java:logGet(44)) - raft.server.leaderelection.leader.step-down.wait-time = 10s (default)
2022-04-28 13:45:29,200 [pool-135-thread-1] INFO  server.RaftServerConfigKeys (ConfUtils.java:logGet(44)) - raft.server.sleep.deviation.threshold = 300ms (default)
2022-04-28 13:45:29,200 [pool-135-thread-1] INFO  server.RaftServerConfigKeys (ConfUtils.java:logGet(44)) - raft.server.log.appender.install.snapshot.enabled = false (custom)
2022-04-28 13:45:29,200 [pool-135-thread-1] INFO  server.RaftServer$Division (ServerState.java:<init>(105)) - ab82d630-dee7-4177-af41-1c16b6b55497@group-BCADC659637B: ConfigurationManager, init=-1: [ab82d630-dee7-4177-af41-1c16b6b55497|rpc:10.1.0.6:33355|priority:1], old=null, confs=<EMPTY_MAP>
2022-04-28 13:45:29,200 [pool-135-thread-1] INFO  server.RaftServerConfigKeys (ConfUtils.java:logGet(44)) - raft.server.storage.dir = [/home/runner/work/ozone/ozone/hadoop-ozone/integration-test/target/test-dir/MiniOzoneClusterImpl-961b773a-55ec-4776-b588-5de87e184680/datanode-3/data/ratis] (custom)
2022-04-28 13:45:29,202 [pool-135-thread-1] INFO  server.RaftServerConfigKeys (ConfUtils.java:logGet(44)) - raft.server.log.corruption.policy = EXCEPTION (default)
2022-04-28 13:45:29,202 [pool-135-thread-1] INFO  server.RaftServerConfigKeys (ConfUtils.java:logGet(44)) - raft.server.storage.free-space.min = 0MB (=0) (default)
2022-04-28 13:45:29,202 [pool-135-thread-1] INFO  storage.RaftStorageDirectory (RaftStorageDirectoryImpl.java:analyzeStorage(135)) - The storage directory /home/runner/work/ozone/ozone/hadoop-ozone/integration-test/target/test-dir/MiniOzoneClusterImpl-961b773a-55ec-4776-b588-5de87e184680/datanode-3/data/ratis/a6fe1a8f-0943-4825-8af7-bcadc659637b does not exist. Creating ...
2022-04-28 13:45:29,203 [pool-135-thread-1] INFO  storage.RaftStorageDirectory (RaftStorageDirectoryImpl.java:tryLock(230)) - Lock on /home/runner/work/ozone/ozone/hadoop-ozone/integration-test/target/test-dir/MiniOzoneClusterImpl-961b773a-55ec-4776-b588-5de87e184680/datanode-3/data/ratis/a6fe1a8f-0943-4825-8af7-bcadc659637b/in_use.lock acquired by nodename 9841@fv-az294-869
2022-04-28 13:45:29,204 [pool-135-thread-1] INFO  storage.RaftStorage (RaftStorageImpl.java:format(89)) - Storage directory /home/runner/work/ozone/ozone/hadoop-ozone/integration-test/target/test-dir/MiniOzoneClusterImpl-961b773a-55ec-4776-b588-5de87e184680/datanode-3/data/ratis/a6fe1a8f-0943-4825-8af7-bcadc659637b has been successfully formatted.
2022-04-28 13:45:29,205 [pool-135-thread-1] INFO  ratis.ContainerStateMachine (ContainerStateMachine.java:loadSnapshot(236)) - group-BCADC659637B: The snapshot info is null. Setting the last applied indexto:(t:0, i:~)
2022-04-28 13:45:29,207 [pool-135-thread-1] INFO  server.RaftServerConfigKeys (ConfUtils.java:logGet(44)) - raft.server.notification.no-leader.timeout = 300000ms (custom)
2022-04-28 13:45:29,207 [pool-135-thread-1] INFO  server.RaftServerConfigKeys (ConfUtils.java:logGet(44)) - raft.server.log.use.memory = false (default)
2022-04-28 13:45:29,207 [pool-135-thread-1] INFO  server.RaftServerConfigKeys (ConfUtils.java:logGet(44)) - raft.server.log.purge.gap = 1000000 (custom)
2022-04-28 13:45:29,207 [pool-135-thread-1] INFO  server.RaftServerConfigKeys (ConfUtils.java:logGet(44)) - raft.server.log.appender.buffer.byte-limit = 33554432 (custom)
2022-04-28 13:45:29,207 [pool-135-thread-1] INFO  server.RaftServerConfigKeys (ConfUtils.java:logGet(44)) - raft.server.log.segment.size.max = 1048576 (custom)
2022-04-28 13:45:29,207 [pool-135-thread-1] INFO  server.RaftServerConfigKeys (ConfUtils.java:logGet(44)) - raft.server.log.segment.cache.num.max = 2 (custom)
2022-04-28 13:45:29,208 [pool-135-thread-1] INFO  server.RaftServerConfigKeys (ConfUtils.java:logGet(44)) - raft.server.log.segment.cache.size.max = 200MB (=209715200) (default)
2022-04-28 13:45:29,208 [pool-135-thread-1] INFO  segmented.SegmentedRaftLogWorker (SegmentedRaftLogWorker.java:<init>(182)) - new ab82d630-dee7-4177-af41-1c16b6b55497@group-BCADC659637B-SegmentedRaftLogWorker for RaftStorageImpl:Storage Directory /home/runner/work/ozone/ozone/hadoop-ozone/integration-test/target/test-dir/MiniOzoneClusterImpl-961b773a-55ec-4776-b588-5de87e184680/datanode-3/data/ratis/a6fe1a8f-0943-4825-8af7-bcadc659637b
2022-04-28 13:45:29,208 [pool-135-thread-1] INFO  server.RaftServerConfigKeys (ConfUtils.java:logGet(44)) - raft.server.log.queue.byte-limit = 4294967296 (custom)
2022-04-28 13:45:29,209 [EventQueue-PipelineReportForPipelineReportHandler] INFO  pipeline.PipelineManagerImpl (PipelineManagerImpl.java:openPipeline(328)) - Pipeline Pipeline[ Id: a6fe1a8f-0943-4825-8af7-bcadc659637b, Nodes: ab82d630-dee7-4177-af41-1c16b6b55497{ip: 10.1.0.6, host: fv-az294-869.eaanfquahm5ulb5tj050gcxych.jx.internal.cloudapp.net, ports: [REPLICATION=36873, RATIS=33355, RATIS_ADMIN=33355, RATIS_SERVER=33355, STANDALONE=41685], networkLocation: /default-rack, certSerialId: null, persistedOpState: IN_SERVICE, persistedOpStateExpiryEpochSec: 0}, ReplicationConfig: RATIS/ONE, State:ALLOCATED, leaderId:ab82d630-dee7-4177-af41-1c16b6b55497, CreationTimestamp2022-04-28T13:45:26.199Z[Etc/UTC]] moved to OPEN state
2022-04-28 13:45:29,209 [pool-135-thread-1] INFO  server.RaftServerConfigKeys (ConfUtils.java:logGet(44)) - raft.server.log.queue.element-limit = 1024 (custom)
2022-04-28 13:45:29,209 [pool-135-thread-1] INFO  server.RaftServerConfigKeys (ConfUtils.java:logGet(44)) - raft.server.log.segment.size.max = 1048576 (custom)
2022-04-28 13:45:29,209 [pool-135-thread-1] INFO  server.RaftServerConfigKeys (ConfUtils.java:logGet(44)) - raft.server.log.preallocated.size = 16384 (custom)
2022-04-28 13:45:29,209 [pool-135-thread-1] INFO  server.RaftServerConfigKeys (ConfUtils.java:logGet(44)) - raft.server.log.force.sync.num = 128 (default)
2022-04-28 13:45:29,209 [pool-135-thread-1] INFO  server.RaftServerConfigKeys (ConfUtils.java:logGet(44)) - raft.server.log.statemachine.data.sync = true (default)
2022-04-28 13:45:29,210 [pool-135-thread-1] INFO  server.RaftServerConfigKeys (ConfUtils.java:logGet(44)) - raft.server.log.statemachine.data.sync.timeout = 10s (default)
2022-04-28 13:45:29,210 [pool-135-thread-1] INFO  server.RaftServerConfigKeys (ConfUtils.java:logGet(44)) - raft.server.log.statemachine.data.sync.timeout.retry = -1 (default)
2022-04-28 13:45:29,211 [pool-135-thread-1] INFO  server.RaftServerConfigKeys (ConfUtils.java:logGet(44)) - raft.server.log.write.buffer.size = 1048576 (custom)
2022-04-28 13:45:29,212 [pool-135-thread-1] INFO  server.RaftServerConfigKeys (ConfUtils.java:logGet(44)) - raft.server.log.statemachine.data.caching.enabled = true (custom)
2022-04-28 13:45:29,212 [pool-135-thread-1] INFO  segmented.SegmentedRaftLogWorker (SegmentedRaftLogWorker.java:lambda$new$0(133)) - ab82d630-dee7-4177-af41-1c16b6b55497@group-BCADC659637B-SegmentedRaftLogWorker: flushIndex: setUnconditionally 0 -> -1
2022-04-28 13:45:29,212 [pool-135-thread-1] INFO  segmented.SegmentedRaftLogWorker (SegmentedRaftLogWorker.java:lambda$new$0(133)) - ab82d630-dee7-4177-af41-1c16b6b55497@group-BCADC659637B-SegmentedRaftLogWorker: safeCacheEvictIndex: setUnconditionally 0 -> -1
2022-04-28 13:45:29,212 [pool-135-thread-1] INFO  server.RaftServerConfigKeys (ConfUtils.java:logGet(44)) - raft.server.snapshot.auto.trigger.enabled = true (custom)
2022-04-28 13:45:29,212 [pool-135-thread-1] INFO  server.RaftServerConfigKeys (ConfUtils.java:logGet(44)) - raft.server.snapshot.auto.trigger.threshold = 10000 (custom)
2022-04-28 13:45:29,212 [pool-135-thread-1] INFO  server.RaftServerConfigKeys (ConfUtils.java:logGet(44)) - raft.server.snapshot.retention.file.num = 5 (custom)
2022-04-28 13:45:29,212 [pool-135-thread-1] INFO  server.RaftServerConfigKeys (ConfUtils.java:logGet(44)) - raft.server.log.purge.upto.snapshot.index = false (default)
2022-04-28 13:45:29,212 [pool-135-thread-1] INFO  server.RaftServerConfigKeys (ConfUtils.java:logGet(44)) - raft.server.retrycache.expirytime = 600000ms (custom)
2022-04-28 13:45:29,212 [pool-135-thread-1] INFO  server.RaftServerConfigKeys (ConfUtils.java:logGet(44)) - raft.server.retrycache.statistics.expirytime = 100μs (default)
2022-04-28 13:45:29,213 [pool-135-thread-1] INFO  server.RaftServer$Division (RaftServerImpl.java:start(301)) - ab82d630-dee7-4177-af41-1c16b6b55497@group-BCADC659637B: start as a follower, conf=-1: [ab82d630-dee7-4177-af41-1c16b6b55497|rpc:10.1.0.6:33355|priority:1], old=null
2022-04-28 13:45:29,213 [pool-135-thread-1] INFO  server.RaftServer$Division (RaftServerImpl.java:setRole(290)) - ab82d630-dee7-4177-af41-1c16b6b55497@group-BCADC659637B: changes role from      null to FOLLOWER at term 0 for startAsFollower
2022-04-28 13:45:29,214 [pool-135-thread-1] INFO  impl.RoleInfo (RoleInfo.java:updateAndGet(130)) - ab82d630-dee7-4177-af41-1c16b6b55497: start ab82d630-dee7-4177-af41-1c16b6b55497@group-BCADC659637B-FollowerState
2022-04-28 13:45:29,214 [128f2034-ac44-458c-9192-ab2b916273b9@group-5DE87E184680-StateMachineUpdater] INFO  safemode.HealthyPipelineSafeModeRule (HealthyPipelineSafeModeRule.java:initializeRule(152)) - Refreshed total pipeline count is 0, healthy pipeline threshold count is 1
2022-04-28 13:45:29,224 [pool-135-thread-1] INFO  util.JmxRegister (JmxRegister.java:tryRegister(44)) - Successfully registered JMX Bean with object name Ratis:service=RaftServer,group=group-BCADC659637B,id=ab82d630-dee7-4177-af41-1c16b6b55497
2022-04-28 13:45:29,224 [EventQueue-OpenPipelineForHealthyPipelineSafeModeRule] INFO  safemode.SCMSafeModeManager (HealthyPipelineSafeModeRule.java:process(124)) - SCM in safe mode. Healthy pipelines reported count is 0, required healthy pipeline reported count is 1
2022-04-28 13:45:29,227 [Command processor thread] INFO  ratis.XceiverServerRatis (XceiverServerRatis.java:addGroup(765)) - Created group PipelineID=a6fe1a8f-0943-4825-8af7-bcadc659637b
2022-04-28 13:45:29,227 [Command processor thread] INFO  commandhandler.CreatePipelineCommandHandler (CreatePipelineCommandHandler.java:handle(113)) - Created Pipeline RATIS ONE PipelineID=a6fe1a8f-0943-4825-8af7-bcadc659637b.
2022-04-28 13:45:29,227 [Command processor thread] INFO  server.RaftServer (RaftServerProxy.java:addNew(95)) - ab82d630-dee7-4177-af41-1c16b6b55497: addNew group-EABBF4BA2E45:[4f6314c6-5f1e-418e-9cab-9d7da23e485e|rpc:10.1.0.6:33597|priority:1, ab82d630-dee7-4177-af41-1c16b6b55497|rpc:10.1.0.6:33355|priority:0, ed14f577-cd6a-4282-b253-bcfbdf05676a|rpc:10.1.0.6:43755|priority:0] returns group-EABBF4BA2E45:java.util.concurrent.CompletableFuture@29f5ab4[Not completed]
2022-04-28 13:45:29,228 [pool-135-thread-1] INFO  server.RaftServer$Division (RaftServerImpl.java:<init>(184)) - ab82d630-dee7-4177-af41-1c16b6b55497: new RaftServerImpl for group-EABBF4BA2E45:[4f6314c6-5f1e-418e-9cab-9d7da23e485e|rpc:10.1.0.6:33597|priority:1, ab82d630-dee7-4177-af41-1c16b6b55497|rpc:10.1.0.6:33355|priority:0, ed14f577-cd6a-4282-b253-bcfbdf05676a|rpc:10.1.0.6:43755|priority:0] with ContainerStateMachine:uninitialized
2022-04-28 13:45:29,228 [pool-135-thread-1] INFO  server.RaftServerConfigKeys (ConfUtils.java:logGet(44)) - raft.server.rpc.timeout.min = 5s (custom)
2022-04-28 13:45:29,228 [pool-135-thread-1] INFO  server.RaftServerConfigKeys (ConfUtils.java:logGet(44)) - raft.server.rpc.timeout.max = 5200ms (custom)
2022-04-28 13:45:29,228 [pool-135-thread-1] INFO  server.RaftServerConfigKeys (ConfUtils.java:logGet(44)) - raft.server.rpc.sleep.time = 25ms (default)
2022-04-28 13:45:29,228 [pool-135-thread-1] INFO  server.RaftServerConfigKeys (ConfUtils.java:logGet(44)) - raft.server.rpc.slowness.timeout = 300000ms (custom)
2022-04-28 13:45:29,228 [pool-135-thread-1] INFO  server.RaftServerConfigKeys (ConfUtils.java:logGet(44)) - raft.server.leaderelection.leader.step-down.wait-time = 10s (default)
2022-04-28 13:45:29,228 [pool-135-thread-1] INFO  server.RaftServerConfigKeys (ConfUtils.java:logGet(44)) - raft.server.sleep.deviation.threshold = 300ms (default)
2022-04-28 13:45:29,228 [pool-135-thread-1] INFO  server.RaftServerConfigKeys (ConfUtils.java:logGet(44)) - raft.server.log.appender.install.snapshot.enabled = false (custom)
2022-04-28 13:45:29,228 [pool-135-thread-1] INFO  server.RaftServer$Division (ServerState.java:<init>(105)) - ab82d630-dee7-4177-af41-1c16b6b55497@group-EABBF4BA2E45: ConfigurationManager, init=-1: [4f6314c6-5f1e-418e-9cab-9d7da23e485e|rpc:10.1.0.6:33597|priority:1, ab82d630-dee7-4177-af41-1c16b6b55497|rpc:10.1.0.6:33355|priority:0, ed14f577-cd6a-4282-b253-bcfbdf05676a|rpc:10.1.0.6:43755|priority:0], old=null, confs=<EMPTY_MAP>
2022-04-28 13:45:29,229 [pool-135-thread-1] INFO  server.RaftServerConfigKeys (ConfUtils.java:logGet(44)) - raft.server.storage.dir = [/home/runner/work/ozone/ozone/hadoop-ozone/integration-test/target/test-dir/MiniOzoneClusterImpl-961b773a-55ec-4776-b588-5de87e184680/datanode-3/data/ratis] (custom)
2022-04-28 13:45:29,229 [pool-135-thread-1] INFO  server.RaftServerConfigKeys (ConfUtils.java:logGet(44)) - raft.server.log.corruption.policy = EXCEPTION (default)
2022-04-28 13:45:29,229 [pool-135-thread-1] INFO  server.RaftServerConfigKeys (ConfUtils.java:logGet(44)) - raft.server.storage.free-space.min = 0MB (=0) (default)
2022-04-28 13:45:29,229 [pool-135-thread-1] INFO  storage.RaftStorageDirectory (RaftStorageDirectoryImpl.java:analyzeStorage(135)) - The storage directory /home/runner/work/ozone/ozone/hadoop-ozone/integration-test/target/test-dir/MiniOzoneClusterImpl-961b773a-55ec-4776-b588-5de87e184680/datanode-3/data/ratis/fa83f2dc-f269-425f-8283-eabbf4ba2e45 does not exist. Creating ...
2022-04-28 13:45:29,230 [pool-135-thread-1] INFO  storage.RaftStorageDirectory (RaftStorageDirectoryImpl.java:tryLock(230)) - Lock on /home/runner/work/ozone/ozone/hadoop-ozone/integration-test/target/test-dir/MiniOzoneClusterImpl-961b773a-55ec-4776-b588-5de87e184680/datanode-3/data/ratis/fa83f2dc-f269-425f-8283-eabbf4ba2e45/in_use.lock acquired by nodename 9841@fv-az294-869
2022-04-28 13:45:29,232 [pool-135-thread-1] INFO  storage.RaftStorage (RaftStorageImpl.java:format(89)) - Storage directory /home/runner/work/ozone/ozone/hadoop-ozone/integration-test/target/test-dir/MiniOzoneClusterImpl-961b773a-55ec-4776-b588-5de87e184680/datanode-3/data/ratis/fa83f2dc-f269-425f-8283-eabbf4ba2e45 has been successfully formatted.
2022-04-28 13:45:29,232 [pool-135-thread-1] INFO  ratis.ContainerStateMachine (ContainerStateMachine.java:loadSnapshot(236)) - group-EABBF4BA2E45: The snapshot info is null. Setting the last applied indexto:(t:0, i:~)
2022-04-28 13:45:29,232 [pool-135-thread-1] INFO  server.RaftServerConfigKeys (ConfUtils.java:logGet(44)) - raft.server.notification.no-leader.timeout = 300000ms (custom)
2022-04-28 13:45:29,232 [pool-135-thread-1] INFO  server.RaftServerConfigKeys (ConfUtils.java:logGet(44)) - raft.server.log.use.memory = false (default)
2022-04-28 13:45:29,232 [pool-135-thread-1] INFO  server.RaftServerConfigKeys (ConfUtils.java:logGet(44)) - raft.server.log.purge.gap = 1000000 (custom)
2022-04-28 13:45:29,232 [pool-135-thread-1] INFO  server.RaftServerConfigKeys (ConfUtils.java:logGet(44)) - raft.server.log.appender.buffer.byte-limit = 33554432 (custom)
2022-04-28 13:45:29,233 [pool-135-thread-1] INFO  server.RaftServerConfigKeys (ConfUtils.java:logGet(44)) - raft.server.log.segment.size.max = 1048576 (custom)
2022-04-28 13:45:29,233 [pool-135-thread-1] INFO  server.RaftServerConfigKeys (ConfUtils.java:logGet(44)) - raft.server.log.segment.cache.num.max = 2 (custom)
2022-04-28 13:45:29,233 [pool-135-thread-1] INFO  server.RaftServerConfigKeys (ConfUtils.java:logGet(44)) - raft.server.log.segment.cache.size.max = 200MB (=209715200) (default)
2022-04-28 13:45:29,233 [pool-135-thread-1] INFO  segmented.SegmentedRaftLogWorker (SegmentedRaftLogWorker.java:<init>(182)) - new ab82d630-dee7-4177-af41-1c16b6b55497@group-EABBF4BA2E45-SegmentedRaftLogWorker for RaftStorageImpl:Storage Directory /home/runner/work/ozone/ozone/hadoop-ozone/integration-test/target/test-dir/MiniOzoneClusterImpl-961b773a-55ec-4776-b588-5de87e184680/datanode-3/data/ratis/fa83f2dc-f269-425f-8283-eabbf4ba2e45
2022-04-28 13:45:29,233 [pool-135-thread-1] INFO  server.RaftServerConfigKeys (ConfUtils.java:logGet(44)) - raft.server.log.queue.byte-limit = 4294967296 (custom)
2022-04-28 13:45:29,233 [pool-135-thread-1] INFO  server.RaftServerConfigKeys (ConfUtils.java:logGet(44)) - raft.server.log.queue.element-limit = 1024 (custom)
2022-04-28 13:45:29,233 [pool-135-thread-1] INFO  server.RaftServerConfigKeys (ConfUtils.java:logGet(44)) - raft.server.log.segment.size.max = 1048576 (custom)
2022-04-28 13:45:29,233 [pool-135-thread-1] INFO  server.RaftServerConfigKeys (ConfUtils.java:logGet(44)) - raft.server.log.preallocated.size = 16384 (custom)
2022-04-28 13:45:29,233 [pool-135-thread-1] INFO  server.RaftServerConfigKeys (ConfUtils.java:logGet(44)) - raft.server.log.force.sync.num = 128 (default)
2022-04-28 13:45:29,233 [pool-135-thread-1] INFO  server.RaftServerConfigKeys (ConfUtils.java:logGet(44)) - raft.server.log.statemachine.data.sync = true (default)
2022-04-28 13:45:29,233 [pool-135-thread-1] INFO  server.RaftServerConfigKeys (ConfUtils.java:logGet(44)) - raft.server.log.statemachine.data.sync.timeout = 10s (default)
2022-04-28 13:45:29,233 [pool-135-thread-1] INFO  server.RaftServerConfigKeys (ConfUtils.java:logGet(44)) - raft.server.log.statemachine.data.sync.timeout.retry = -1 (default)
2022-04-28 13:45:29,234 [pool-135-thread-1] INFO  server.RaftServerConfigKeys (ConfUtils.java:logGet(44)) - raft.server.log.write.buffer.size = 1048576 (custom)
2022-04-28 13:45:29,235 [pool-135-thread-1] INFO  server.RaftServerConfigKeys (ConfUtils.java:logGet(44)) - raft.server.log.statemachine.data.caching.enabled = true (custom)
2022-04-28 13:45:29,235 [pool-135-thread-1] INFO  segmented.SegmentedRaftLogWorker (SegmentedRaftLogWorker.java:lambda$new$0(133)) - ab82d630-dee7-4177-af41-1c16b6b55497@group-EABBF4BA2E45-SegmentedRaftLogWorker: flushIndex: setUnconditionally 0 -> -1
2022-04-28 13:45:29,235 [pool-135-thread-1] INFO  segmented.SegmentedRaftLogWorker (SegmentedRaftLogWorker.java:lambda$new$0(133)) - ab82d630-dee7-4177-af41-1c16b6b55497@group-EABBF4BA2E45-SegmentedRaftLogWorker: safeCacheEvictIndex: setUnconditionally 0 -> -1
2022-04-28 13:45:29,243 [pool-135-thread-1] INFO  server.RaftServerConfigKeys (ConfUtils.java:logGet(44)) - raft.server.snapshot.auto.trigger.enabled = true (custom)
2022-04-28 13:45:29,244 [pool-135-thread-1] INFO  server.RaftServerConfigKeys (ConfUtils.java:logGet(44)) - raft.server.snapshot.auto.trigger.threshold = 10000 (custom)
2022-04-28 13:45:29,244 [pool-135-thread-1] INFO  server.RaftServerConfigKeys (ConfUtils.java:logGet(44)) - raft.server.snapshot.retention.file.num = 5 (custom)
2022-04-28 13:45:29,244 [pool-135-thread-1] INFO  server.RaftServerConfigKeys (ConfUtils.java:logGet(44)) - raft.server.log.purge.upto.snapshot.index = false (default)
2022-04-28 13:45:29,244 [pool-135-thread-1] INFO  server.RaftServerConfigKeys (ConfUtils.java:logGet(44)) - raft.server.retrycache.expirytime = 600000ms (custom)
2022-04-28 13:45:29,244 [pool-135-thread-1] INFO  server.RaftServerConfigKeys (ConfUtils.java:logGet(44)) - raft.server.retrycache.statistics.expirytime = 100μs (default)
2022-04-28 13:45:29,244 [EventQueue-OpenPipelineForHealthyPipelineSafeModeRule] INFO  safemode.SCMSafeModeManager (HealthyPipelineSafeModeRule.java:process(124)) - SCM in safe mode. Healthy pipelines reported count is 0, required healthy pipeline reported count is 1
2022-04-28 13:45:29,245 [pool-135-thread-1] INFO  server.RaftServer$Division (RaftServerImpl.java:start(301)) - ab82d630-dee7-4177-af41-1c16b6b55497@group-EABBF4BA2E45: start as a follower, conf=-1: [4f6314c6-5f1e-418e-9cab-9d7da23e485e|rpc:10.1.0.6:33597|priority:1, ab82d630-dee7-4177-af41-1c16b6b55497|rpc:10.1.0.6:33355|priority:0, ed14f577-cd6a-4282-b253-bcfbdf05676a|rpc:10.1.0.6:43755|priority:0], old=null
2022-04-28 13:45:29,245 [pool-135-thread-1] INFO  server.RaftServer$Division (RaftServerImpl.java:setRole(290)) - ab82d630-dee7-4177-af41-1c16b6b55497@group-EABBF4BA2E45: changes role from      null to FOLLOWER at term 0 for startAsFollower
2022-04-28 13:45:29,245 [pool-135-thread-1] INFO  impl.RoleInfo (RoleInfo.java:updateAndGet(130)) - ab82d630-dee7-4177-af41-1c16b6b55497: start ab82d630-dee7-4177-af41-1c16b6b55497@group-EABBF4BA2E45-FollowerState
2022-04-28 13:45:29,248 [pool-135-thread-1] INFO  util.JmxRegister (JmxRegister.java:tryRegister(44)) - Successfully registered JMX Bean with object name Ratis:service=RaftServer,group=group-EABBF4BA2E45,id=ab82d630-dee7-4177-af41-1c16b6b55497
2022-04-28 13:45:29,249 [Command processor thread] INFO  ratis.XceiverServerRatis (XceiverServerRatis.java:addGroup(765)) - Created group PipelineID=fa83f2dc-f269-425f-8283-eabbf4ba2e45
2022-04-28 13:45:29,259 [grpc-default-executor-1] INFO  server.RaftServer (RaftServerProxy.java:addNew(95)) - ed14f577-cd6a-4282-b253-bcfbdf05676a: addNew group-EABBF4BA2E45:[4f6314c6-5f1e-418e-9cab-9d7da23e485e|rpc:10.1.0.6:33597|dataStream:|priority:1, ab82d630-dee7-4177-af41-1c16b6b55497|rpc:10.1.0.6:33355|dataStream:|priority:0, ed14f577-cd6a-4282-b253-bcfbdf05676a|rpc:10.1.0.6:43755|dataStream:|priority:0] returns group-EABBF4BA2E45:java.util.concurrent.CompletableFuture@14a638fc[Not completed]
2022-04-28 13:45:29,260 [pool-156-thread-1] INFO  server.RaftServer$Division (RaftServerImpl.java:<init>(184)) - ed14f577-cd6a-4282-b253-bcfbdf05676a: new RaftServerImpl for group-EABBF4BA2E45:[4f6314c6-5f1e-418e-9cab-9d7da23e485e|rpc:10.1.0.6:33597|dataStream:|priority:1, ab82d630-dee7-4177-af41-1c16b6b55497|rpc:10.1.0.6:33355|dataStream:|priority:0, ed14f577-cd6a-4282-b253-bcfbdf05676a|rpc:10.1.0.6:43755|dataStream:|priority:0] with ContainerStateMachine:uninitialized
2022-04-28 13:45:29,260 [pool-156-thread-1] INFO  server.RaftServerConfigKeys (ConfUtils.java:logGet(44)) - raft.server.rpc.timeout.min = 5s (custom)
2022-04-28 13:45:29,260 [pool-156-thread-1] INFO  server.RaftServerConfigKeys (ConfUtils.java:logGet(44)) - raft.server.rpc.timeout.max = 5200ms (custom)
2022-04-28 13:45:29,260 [pool-156-thread-1] INFO  server.RaftServerConfigKeys (ConfUtils.java:logGet(44)) - raft.server.rpc.sleep.time = 25ms (default)
2022-04-28 13:45:29,260 [pool-156-thread-1] INFO  server.RaftServerConfigKeys (ConfUtils.java:logGet(44)) - raft.server.rpc.slowness.timeout = 300000ms (custom)
2022-04-28 13:45:29,260 [pool-156-thread-1] INFO  server.RaftServerConfigKeys (ConfUtils.java:logGet(44)) - raft.server.leaderelection.leader.step-down.wait-time = 10s (default)
2022-04-28 13:45:29,260 [pool-156-thread-1] INFO  server.RaftServerConfigKeys (ConfUtils.java:logGet(44)) - raft.server.sleep.deviation.threshold = 300ms (default)
2022-04-28 13:45:29,261 [pool-156-thread-1] INFO  server.RaftServerConfigKeys (ConfUtils.java:logGet(44)) - raft.server.log.appender.install.snapshot.enabled = false (custom)
2022-04-28 13:45:29,261 [pool-156-thread-1] INFO  server.RaftServer$Division (ServerState.java:<init>(105)) - ed14f577-cd6a-4282-b253-bcfbdf05676a@group-EABBF4BA2E45: ConfigurationManager, init=-1: [4f6314c6-5f1e-418e-9cab-9d7da23e485e|rpc:10.1.0.6:33597|dataStream:|priority:1, ab82d630-dee7-4177-af41-1c16b6b55497|rpc:10.1.0.6:33355|dataStream:|priority:0, ed14f577-cd6a-4282-b253-bcfbdf05676a|rpc:10.1.0.6:43755|dataStream:|priority:0], old=null, confs=<EMPTY_MAP>
2022-04-28 13:45:29,261 [pool-156-thread-1] INFO  server.RaftServerConfigKeys (ConfUtils.java:logGet(44)) - raft.server.storage.dir = [/home/runner/work/ozone/ozone/hadoop-ozone/integration-test/target/test-dir/MiniOzoneClusterImpl-961b773a-55ec-4776-b588-5de87e184680/datanode-4/data/ratis] (custom)
2022-04-28 13:45:29,261 [pool-156-thread-1] INFO  server.RaftServerConfigKeys (ConfUtils.java:logGet(44)) - raft.server.log.corruption.policy = EXCEPTION (default)
2022-04-28 13:45:29,261 [pool-156-thread-1] INFO  server.RaftServerConfigKeys (ConfUtils.java:logGet(44)) - raft.server.storage.free-space.min = 0MB (=0) (default)
2022-04-28 13:45:29,261 [pool-156-thread-1] INFO  storage.RaftStorageDirectory (RaftStorageDirectoryImpl.java:analyzeStorage(135)) - The storage directory /home/runner/work/ozone/ozone/hadoop-ozone/integration-test/target/test-dir/MiniOzoneClusterImpl-961b773a-55ec-4776-b588-5de87e184680/datanode-4/data/ratis/fa83f2dc-f269-425f-8283-eabbf4ba2e45 does not exist. Creating ...
2022-04-28 13:45:29,262 [pool-156-thread-1] INFO  storage.RaftStorageDirectory (RaftStorageDirectoryImpl.java:tryLock(230)) - Lock on /home/runner/work/ozone/ozone/hadoop-ozone/integration-test/target/test-dir/MiniOzoneClusterImpl-961b773a-55ec-4776-b588-5de87e184680/datanode-4/data/ratis/fa83f2dc-f269-425f-8283-eabbf4ba2e45/in_use.lock acquired by nodename 9841@fv-az294-869
2022-04-28 13:45:29,263 [pool-156-thread-1] INFO  storage.RaftStorage (RaftStorageImpl.java:format(89)) - Storage directory /home/runner/work/ozone/ozone/hadoop-ozone/integration-test/target/test-dir/MiniOzoneClusterImpl-961b773a-55ec-4776-b588-5de87e184680/datanode-4/data/ratis/fa83f2dc-f269-425f-8283-eabbf4ba2e45 has been successfully formatted.
2022-04-28 13:45:29,264 [pool-156-thread-1] INFO  ratis.ContainerStateMachine (ContainerStateMachine.java:loadSnapshot(236)) - group-EABBF4BA2E45: The snapshot info is null. Setting the last applied indexto:(t:0, i:~)
2022-04-28 13:45:29,267 [pool-156-thread-1] INFO  server.RaftServerConfigKeys (ConfUtils.java:logGet(44)) - raft.server.notification.no-leader.timeout = 300000ms (custom)
2022-04-28 13:45:29,267 [pool-156-thread-1] INFO  server.RaftServerConfigKeys (ConfUtils.java:logGet(44)) - raft.server.log.use.memory = false (default)
2022-04-28 13:45:29,267 [pool-156-thread-1] INFO  server.RaftServerConfigKeys (ConfUtils.java:logGet(44)) - raft.server.log.purge.gap = 1000000 (custom)
2022-04-28 13:45:29,268 [pool-156-thread-1] INFO  server.RaftServerConfigKeys (ConfUtils.java:logGet(44)) - raft.server.log.appender.buffer.byte-limit = 33554432 (custom)
2022-04-28 13:45:29,268 [pool-156-thread-1] INFO  server.RaftServerConfigKeys (ConfUtils.java:logGet(44)) - raft.server.log.segment.size.max = 1048576 (custom)
2022-04-28 13:45:29,268 [pool-156-thread-1] INFO  server.RaftServerConfigKeys (ConfUtils.java:logGet(44)) - raft.server.log.segment.cache.num.max = 2 (custom)
2022-04-28 13:45:29,268 [pool-156-thread-1] INFO  server.RaftServerConfigKeys (ConfUtils.java:logGet(44)) - raft.server.log.segment.cache.size.max = 200MB (=209715200) (default)
2022-04-28 13:45:29,268 [pool-156-thread-1] INFO  segmented.SegmentedRaftLogWorker (SegmentedRaftLogWorker.java:<init>(182)) - new ed14f577-cd6a-4282-b253-bcfbdf05676a@group-EABBF4BA2E45-SegmentedRaftLogWorker for RaftStorageImpl:Storage Directory /home/runner/work/ozone/ozone/hadoop-ozone/integration-test/target/test-dir/MiniOzoneClusterImpl-961b773a-55ec-4776-b588-5de87e184680/datanode-4/data/ratis/fa83f2dc-f269-425f-8283-eabbf4ba2e45
2022-04-28 13:45:29,268 [pool-156-thread-1] INFO  server.RaftServerConfigKeys (ConfUtils.java:logGet(44)) - raft.server.log.queue.byte-limit = 4294967296 (custom)
2022-04-28 13:45:29,268 [pool-156-thread-1] INFO  server.RaftServerConfigKeys (ConfUtils.java:logGet(44)) - raft.server.log.queue.element-limit = 1024 (custom)
2022-04-28 13:45:29,268 [pool-156-thread-1] INFO  server.RaftServerConfigKeys (ConfUtils.java:logGet(44)) - raft.server.log.segment.size.max = 1048576 (custom)
2022-04-28 13:45:29,268 [pool-156-thread-1] INFO  server.RaftServerConfigKeys (ConfUtils.java:logGet(44)) - raft.server.log.preallocated.size = 16384 (custom)
2022-04-28 13:45:29,268 [pool-156-thread-1] INFO  server.RaftServerConfigKeys (ConfUtils.java:logGet(44)) - raft.server.log.force.sync.num = 128 (default)
2022-04-28 13:45:29,268 [pool-156-thread-1] INFO  server.RaftServerConfigKeys (ConfUtils.java:logGet(44)) - raft.server.log.statemachine.data.sync = true (default)
2022-04-28 13:45:29,269 [pool-156-thread-1] INFO  server.RaftServerConfigKeys (ConfUtils.java:logGet(44)) - raft.server.log.statemachine.data.sync.timeout = 10s (default)
2022-04-28 13:45:29,269 [pool-156-thread-1] INFO  server.RaftServerConfigKeys (ConfUtils.java:logGet(44)) - raft.server.log.statemachine.data.sync.timeout.retry = -1 (default)
2022-04-28 13:45:29,269 [pool-156-thread-1] INFO  server.RaftServerConfigKeys (ConfUtils.java:logGet(44)) - raft.server.log.write.buffer.size = 1048576 (custom)
2022-04-28 13:45:29,270 [pool-156-thread-1] INFO  server.RaftServerConfigKeys (ConfUtils.java:logGet(44)) - raft.server.log.statemachine.data.caching.enabled = true (custom)
2022-04-28 13:45:29,270 [pool-156-thread-1] INFO  segmented.SegmentedRaftLogWorker (SegmentedRaftLogWorker.java:lambda$new$0(133)) - ed14f577-cd6a-4282-b253-bcfbdf05676a@group-EABBF4BA2E45-SegmentedRaftLogWorker: flushIndex: setUnconditionally 0 -> -1
2022-04-28 13:45:29,270 [pool-156-thread-1] INFO  segmented.SegmentedRaftLogWorker (SegmentedRaftLogWorker.java:lambda$new$0(133)) - ed14f577-cd6a-4282-b253-bcfbdf05676a@group-EABBF4BA2E45-SegmentedRaftLogWorker: safeCacheEvictIndex: setUnconditionally 0 -> -1
2022-04-28 13:45:29,270 [pool-156-thread-1] INFO  server.RaftServerConfigKeys (ConfUtils.java:logGet(44)) - raft.server.snapshot.auto.trigger.enabled = true (custom)
2022-04-28 13:45:29,271 [pool-156-thread-1] INFO  server.RaftServerConfigKeys (ConfUtils.java:logGet(44)) - raft.server.snapshot.auto.trigger.threshold = 10000 (custom)
2022-04-28 13:45:29,271 [pool-156-thread-1] INFO  server.RaftServerConfigKeys (ConfUtils.java:logGet(44)) - raft.server.snapshot.retention.file.num = 5 (custom)
2022-04-28 13:45:29,271 [pool-156-thread-1] INFO  server.RaftServerConfigKeys (ConfUtils.java:logGet(44)) - raft.server.log.purge.upto.snapshot.index = false (default)
2022-04-28 13:45:29,271 [pool-156-thread-1] INFO  server.RaftServerConfigKeys (ConfUtils.java:logGet(44)) - raft.server.retrycache.expirytime = 600000ms (custom)
2022-04-28 13:45:29,271 [pool-156-thread-1] INFO  server.RaftServerConfigKeys (ConfUtils.java:logGet(44)) - raft.server.retrycache.statistics.expirytime = 100μs (default)
2022-04-28 13:45:29,272 [pool-156-thread-1] INFO  server.RaftServer$Division (RaftServerImpl.java:start(301)) - ed14f577-cd6a-4282-b253-bcfbdf05676a@group-EABBF4BA2E45: start as a follower, conf=-1: [4f6314c6-5f1e-418e-9cab-9d7da23e485e|rpc:10.1.0.6:33597|dataStream:|priority:1, ab82d630-dee7-4177-af41-1c16b6b55497|rpc:10.1.0.6:33355|dataStream:|priority:0, ed14f577-cd6a-4282-b253-bcfbdf05676a|rpc:10.1.0.6:43755|dataStream:|priority:0], old=null
2022-04-28 13:45:29,272 [pool-156-thread-1] INFO  server.RaftServer$Division (RaftServerImpl.java:setRole(290)) - ed14f577-cd6a-4282-b253-bcfbdf05676a@group-EABBF4BA2E45: changes role from      null to FOLLOWER at term 0 for startAsFollower
2022-04-28 13:45:29,272 [pool-156-thread-1] INFO  impl.RoleInfo (RoleInfo.java:updateAndGet(130)) - ed14f577-cd6a-4282-b253-bcfbdf05676a: start ed14f577-cd6a-4282-b253-bcfbdf05676a@group-EABBF4BA2E45-FollowerState
2022-04-28 13:45:29,272 [pool-156-thread-1] INFO  util.JmxRegister (JmxRegister.java:tryRegister(44)) - Successfully registered JMX Bean with object name Ratis:service=RaftServer,group=group-EABBF4BA2E45,id=ed14f577-cd6a-4282-b253-bcfbdf05676a
2022-04-28 13:45:29,298 [grpc-default-executor-1] INFO  server.RaftServer (RaftServerProxy.java:addNew(95)) - 4f6314c6-5f1e-418e-9cab-9d7da23e485e: addNew group-EABBF4BA2E45:[4f6314c6-5f1e-418e-9cab-9d7da23e485e|rpc:10.1.0.6:33597|dataStream:|priority:1, ab82d630-dee7-4177-af41-1c16b6b55497|rpc:10.1.0.6:33355|dataStream:|priority:0, ed14f577-cd6a-4282-b253-bcfbdf05676a|rpc:10.1.0.6:43755|dataStream:|priority:0] returns group-EABBF4BA2E45:java.util.concurrent.CompletableFuture@92d93c2[Not completed]
2022-04-28 13:45:29,299 [pool-177-thread-1] INFO  server.RaftServer$Division (RaftServerImpl.java:<init>(184)) - 4f6314c6-5f1e-418e-9cab-9d7da23e485e: new RaftServerImpl for group-EABBF4BA2E45:[4f6314c6-5f1e-418e-9cab-9d7da23e485e|rpc:10.1.0.6:33597|dataStream:|priority:1, ab82d630-dee7-4177-af41-1c16b6b55497|rpc:10.1.0.6:33355|dataStream:|priority:0, ed14f577-cd6a-4282-b253-bcfbdf05676a|rpc:10.1.0.6:43755|dataStream:|priority:0] with ContainerStateMachine:uninitialized
2022-04-28 13:45:29,299 [pool-177-thread-1] INFO  server.RaftServerConfigKeys (ConfUtils.java:logGet(44)) - raft.server.rpc.timeout.min = 5s (custom)
2022-04-28 13:45:29,299 [pool-177-thread-1] INFO  server.RaftServerConfigKeys (ConfUtils.java:logGet(44)) - raft.server.rpc.timeout.max = 5200ms (custom)
2022-04-28 13:45:29,299 [pool-177-thread-1] INFO  server.RaftServerConfigKeys (ConfUtils.java:logGet(44)) - raft.server.rpc.sleep.time = 25ms (default)
2022-04-28 13:45:29,300 [pool-177-thread-1] INFO  server.RaftServerConfigKeys (ConfUtils.java:logGet(44)) - raft.server.rpc.slowness.timeout = 300000ms (custom)
2022-04-28 13:45:29,300 [pool-177-thread-1] INFO  server.RaftServerConfigKeys (ConfUtils.java:logGet(44)) - raft.server.leaderelection.leader.step-down.wait-time = 10s (default)
2022-04-28 13:45:29,300 [pool-177-thread-1] INFO  server.RaftServerConfigKeys (ConfUtils.java:logGet(44)) - raft.server.sleep.deviation.threshold = 300ms (default)
2022-04-28 13:45:29,300 [pool-177-thread-1] INFO  server.RaftServerConfigKeys (ConfUtils.java:logGet(44)) - raft.server.log.appender.install.snapshot.enabled = false (custom)
2022-04-28 13:45:29,300 [pool-177-thread-1] INFO  server.RaftServer$Division (ServerState.java:<init>(105)) - 4f6314c6-5f1e-418e-9cab-9d7da23e485e@group-EABBF4BA2E45: ConfigurationManager, init=-1: [4f6314c6-5f1e-418e-9cab-9d7da23e485e|rpc:10.1.0.6:33597|dataStream:|priority:1, ab82d630-dee7-4177-af41-1c16b6b55497|rpc:10.1.0.6:33355|dataStream:|priority:0, ed14f577-cd6a-4282-b253-bcfbdf05676a|rpc:10.1.0.6:43755|dataStream:|priority:0], old=null, confs=<EMPTY_MAP>
2022-04-28 13:45:29,300 [pool-177-thread-1] INFO  server.RaftServerConfigKeys (ConfUtils.java:logGet(44)) - raft.server.storage.dir = [/home/runner/work/ozone/ozone/hadoop-ozone/integration-test/target/test-dir/MiniOzoneClusterImpl-961b773a-55ec-4776-b588-5de87e184680/datanode-5/data/ratis] (custom)
2022-04-28 13:45:29,300 [pool-177-thread-1] INFO  server.RaftServerConfigKeys (ConfUtils.java:logGet(44)) - raft.server.log.corruption.policy = EXCEPTION (default)
2022-04-28 13:45:29,300 [pool-177-thread-1] INFO  server.RaftServerConfigKeys (ConfUtils.java:logGet(44)) - raft.server.storage.free-space.min = 0MB (=0) (default)
2022-04-28 13:45:29,300 [pool-177-thread-1] INFO  storage.RaftStorageDirectory (RaftStorageDirectoryImpl.java:analyzeStorage(135)) - The storage directory /home/runner/work/ozone/ozone/hadoop-ozone/integration-test/target/test-dir/MiniOzoneClusterImpl-961b773a-55ec-4776-b588-5de87e184680/datanode-5/data/ratis/fa83f2dc-f269-425f-8283-eabbf4ba2e45 does not exist. Creating ...
2022-04-28 13:45:29,301 [pool-177-thread-1] INFO  storage.RaftStorageDirectory (RaftStorageDirectoryImpl.java:tryLock(230)) - Lock on /home/runner/work/ozone/ozone/hadoop-ozone/integration-test/target/test-dir/MiniOzoneClusterImpl-961b773a-55ec-4776-b588-5de87e184680/datanode-5/data/ratis/fa83f2dc-f269-425f-8283-eabbf4ba2e45/in_use.lock acquired by nodename 9841@fv-az294-869
2022-04-28 13:45:29,302 [pool-177-thread-1] INFO  storage.RaftStorage (RaftStorageImpl.java:format(89)) - Storage directory /home/runner/work/ozone/ozone/hadoop-ozone/integration-test/target/test-dir/MiniOzoneClusterImpl-961b773a-55ec-4776-b588-5de87e184680/datanode-5/data/ratis/fa83f2dc-f269-425f-8283-eabbf4ba2e45 has been successfully formatted.
2022-04-28 13:45:29,303 [pool-177-thread-1] INFO  ratis.ContainerStateMachine (ContainerStateMachine.java:loadSnapshot(236)) - group-EABBF4BA2E45: The snapshot info is null. Setting the last applied indexto:(t:0, i:~)
2022-04-28 13:45:29,304 [pool-177-thread-1] INFO  server.RaftServerConfigKeys (ConfUtils.java:logGet(44)) - raft.server.notification.no-leader.timeout = 300000ms (custom)
2022-04-28 13:45:29,304 [pool-177-thread-1] INFO  server.RaftServerConfigKeys (ConfUtils.java:logGet(44)) - raft.server.log.use.memory = false (default)
2022-04-28 13:45:29,304 [pool-177-thread-1] INFO  server.RaftServerConfigKeys (ConfUtils.java:logGet(44)) - raft.server.log.purge.gap = 1000000 (custom)
2022-04-28 13:45:29,304 [pool-177-thread-1] INFO  server.RaftServerConfigKeys (ConfUtils.java:logGet(44)) - raft.server.log.appender.buffer.byte-limit = 33554432 (custom)
2022-04-28 13:45:29,304 [pool-177-thread-1] INFO  server.RaftServerConfigKeys (ConfUtils.java:logGet(44)) - raft.server.log.segment.size.max = 1048576 (custom)
2022-04-28 13:45:29,304 [pool-177-thread-1] INFO  server.RaftServerConfigKeys (ConfUtils.java:logGet(44)) - raft.server.log.segment.cache.num.max = 2 (custom)
2022-04-28 13:45:29,304 [pool-177-thread-1] INFO  server.RaftServerConfigKeys (ConfUtils.java:logGet(44)) - raft.server.log.segment.cache.size.max = 200MB (=209715200) (default)
2022-04-28 13:45:29,304 [pool-177-thread-1] INFO  segmented.SegmentedRaftLogWorker (SegmentedRaftLogWorker.java:<init>(182)) - new 4f6314c6-5f1e-418e-9cab-9d7da23e485e@group-EABBF4BA2E45-SegmentedRaftLogWorker for RaftStorageImpl:Storage Directory /home/runner/work/ozone/ozone/hadoop-ozone/integration-test/target/test-dir/MiniOzoneClusterImpl-961b773a-55ec-4776-b588-5de87e184680/datanode-5/data/ratis/fa83f2dc-f269-425f-8283-eabbf4ba2e45
2022-04-28 13:45:29,304 [pool-177-thread-1] INFO  server.RaftServerConfigKeys (ConfUtils.java:logGet(44)) - raft.server.log.queue.byte-limit = 4294967296 (custom)
2022-04-28 13:45:29,304 [pool-177-thread-1] INFO  server.RaftServerConfigKeys (ConfUtils.java:logGet(44)) - raft.server.log.queue.element-limit = 1024 (custom)
2022-04-28 13:45:29,304 [pool-177-thread-1] INFO  server.RaftServerConfigKeys (ConfUtils.java:logGet(44)) - raft.server.log.segment.size.max = 1048576 (custom)
2022-04-28 13:45:29,305 [pool-177-thread-1] INFO  server.RaftServerConfigKeys (ConfUtils.java:logGet(44)) - raft.server.log.preallocated.size = 16384 (custom)
2022-04-28 13:45:29,305 [pool-177-thread-1] INFO  server.RaftServerConfigKeys (ConfUtils.java:logGet(44)) - raft.server.log.force.sync.num = 128 (default)
2022-04-28 13:45:29,305 [pool-177-thread-1] INFO  server.RaftServerConfigKeys (ConfUtils.java:logGet(44)) - raft.server.log.statemachine.data.sync = true (default)
2022-04-28 13:45:29,305 [pool-177-thread-1] INFO  server.RaftServerConfigKeys (ConfUtils.java:logGet(44)) - raft.server.log.statemachine.data.sync.timeout = 10s (default)
2022-04-28 13:45:29,305 [pool-177-thread-1] INFO  server.RaftServerConfigKeys (ConfUtils.java:logGet(44)) - raft.server.log.statemachine.data.sync.timeout.retry = -1 (default)
2022-04-28 13:45:29,306 [pool-177-thread-1] INFO  server.RaftServerConfigKeys (ConfUtils.java:logGet(44)) - raft.server.log.write.buffer.size = 1048576 (custom)
2022-04-28 13:45:29,307 [pool-177-thread-1] INFO  server.RaftServerConfigKeys (ConfUtils.java:logGet(44)) - raft.server.log.statemachine.data.caching.enabled = true (custom)
2022-04-28 13:45:29,307 [pool-177-thread-1] INFO  segmented.SegmentedRaftLogWorker (SegmentedRaftLogWorker.java:lambda$new$0(133)) - 4f6314c6-5f1e-418e-9cab-9d7da23e485e@group-EABBF4BA2E45-SegmentedRaftLogWorker: flushIndex: setUnconditionally 0 -> -1
2022-04-28 13:45:29,307 [pool-177-thread-1] INFO  segmented.SegmentedRaftLogWorker (SegmentedRaftLogWorker.java:lambda$new$0(133)) - 4f6314c6-5f1e-418e-9cab-9d7da23e485e@group-EABBF4BA2E45-SegmentedRaftLogWorker: safeCacheEvictIndex: setUnconditionally 0 -> -1
2022-04-28 13:45:29,308 [pool-177-thread-1] INFO  server.RaftServerConfigKeys (ConfUtils.java:logGet(44)) - raft.server.snapshot.auto.trigger.enabled = true (custom)
2022-04-28 13:45:29,308 [pool-177-thread-1] INFO  server.RaftServerConfigKeys (ConfUtils.java:logGet(44)) - raft.server.snapshot.auto.trigger.threshold = 10000 (custom)
2022-04-28 13:45:29,308 [pool-177-thread-1] INFO  server.RaftServerConfigKeys (ConfUtils.java:logGet(44)) - raft.server.snapshot.retention.file.num = 5 (custom)
2022-04-28 13:45:29,308 [pool-177-thread-1] INFO  server.RaftServerConfigKeys (ConfUtils.java:logGet(44)) - raft.server.log.purge.upto.snapshot.index = false (default)
2022-04-28 13:45:29,308 [pool-177-thread-1] INFO  server.RaftServerConfigKeys (ConfUtils.java:logGet(44)) - raft.server.retrycache.expirytime = 600000ms (custom)
2022-04-28 13:45:29,308 [pool-177-thread-1] INFO  server.RaftServerConfigKeys (ConfUtils.java:logGet(44)) - raft.server.retrycache.statistics.expirytime = 100μs (default)
2022-04-28 13:45:29,309 [pool-177-thread-1] INFO  server.RaftServer$Division (RaftServerImpl.java:start(301)) - 4f6314c6-5f1e-418e-9cab-9d7da23e485e@group-EABBF4BA2E45: start as a follower, conf=-1: [4f6314c6-5f1e-418e-9cab-9d7da23e485e|rpc:10.1.0.6:33597|dataStream:|priority:1, ab82d630-dee7-4177-af41-1c16b6b55497|rpc:10.1.0.6:33355|dataStream:|priority:0, ed14f577-cd6a-4282-b253-bcfbdf05676a|rpc:10.1.0.6:43755|dataStream:|priority:0], old=null
2022-04-28 13:45:29,309 [pool-177-thread-1] INFO  server.RaftServer$Division (RaftServerImpl.java:setRole(290)) - 4f6314c6-5f1e-418e-9cab-9d7da23e485e@group-EABBF4BA2E45: changes role from      null to FOLLOWER at term 0 for startAsFollower
2022-04-28 13:45:29,309 [pool-177-thread-1] INFO  impl.RoleInfo (RoleInfo.java:updateAndGet(130)) - 4f6314c6-5f1e-418e-9cab-9d7da23e485e: start 4f6314c6-5f1e-418e-9cab-9d7da23e485e@group-EABBF4BA2E45-FollowerState
2022-04-28 13:45:29,309 [pool-177-thread-1] INFO  util.JmxRegister (JmxRegister.java:tryRegister(44)) - Successfully registered JMX Bean with object name Ratis:service=RaftServer,group=group-EABBF4BA2E45,id=4f6314c6-5f1e-418e-9cab-9d7da23e485e
2022-04-28 13:45:29,315 [Command processor thread] INFO  commandhandler.CreatePipelineCommandHandler (CreatePipelineCommandHandler.java:handle(113)) - Created Pipeline RATIS THREE PipelineID=fa83f2dc-f269-425f-8283-eabbf4ba2e45.
2022-04-28 13:45:29,315 [Command processor thread] INFO  server.RaftServer (RaftServerProxy.java:addNew(95)) - ab82d630-dee7-4177-af41-1c16b6b55497: addNew group-715227EE14BA:[4f6314c6-5f1e-418e-9cab-9d7da23e485e|rpc:10.1.0.6:33597|priority:0, ab82d630-dee7-4177-af41-1c16b6b55497|rpc:10.1.0.6:33355|priority:1, ed14f577-cd6a-4282-b253-bcfbdf05676a|rpc:10.1.0.6:43755|priority:0] returns group-715227EE14BA:java.util.concurrent.CompletableFuture@4de20fed[Not completed]
2022-04-28 13:45:29,316 [pool-135-thread-1] INFO  server.RaftServer$Division (RaftServerImpl.java:<init>(184)) - ab82d630-dee7-4177-af41-1c16b6b55497: new RaftServerImpl for group-715227EE14BA:[4f6314c6-5f1e-418e-9cab-9d7da23e485e|rpc:10.1.0.6:33597|priority:0, ab82d630-dee7-4177-af41-1c16b6b55497|rpc:10.1.0.6:33355|priority:1, ed14f577-cd6a-4282-b253-bcfbdf05676a|rpc:10.1.0.6:43755|priority:0] with ContainerStateMachine:uninitialized
2022-04-28 13:45:29,316 [pool-135-thread-1] INFO  server.RaftServerConfigKeys (ConfUtils.java:logGet(44)) - raft.server.rpc.timeout.min = 5s (custom)
2022-04-28 13:45:29,316 [pool-135-thread-1] INFO  server.RaftServerConfigKeys (ConfUtils.java:logGet(44)) - raft.server.rpc.timeout.max = 5200ms (custom)
2022-04-28 13:45:29,316 [pool-135-thread-1] INFO  server.RaftServerConfigKeys (ConfUtils.java:logGet(44)) - raft.server.rpc.sleep.time = 25ms (default)
2022-04-28 13:45:29,316 [pool-135-thread-1] INFO  server.RaftServerConfigKeys (ConfUtils.java:logGet(44)) - raft.server.rpc.slowness.timeout = 300000ms (custom)
2022-04-28 13:45:29,317 [pool-135-thread-1] INFO  server.RaftServerConfigKeys (ConfUtils.java:logGet(44)) - raft.server.leaderelection.leader.step-down.wait-time = 10s (default)
2022-04-28 13:45:29,317 [pool-135-thread-1] INFO  server.RaftServerConfigKeys (ConfUtils.java:logGet(44)) - raft.server.sleep.deviation.threshold = 300ms (default)
2022-04-28 13:45:29,317 [pool-135-thread-1] INFO  server.RaftServerConfigKeys (ConfUtils.java:logGet(44)) - raft.server.log.appender.install.snapshot.enabled = false (custom)
2022-04-28 13:45:29,317 [pool-135-thread-1] INFO  server.RaftServer$Division (ServerState.java:<init>(105)) - ab82d630-dee7-4177-af41-1c16b6b55497@group-715227EE14BA: ConfigurationManager, init=-1: [4f6314c6-5f1e-418e-9cab-9d7da23e485e|rpc:10.1.0.6:33597|priority:0, ab82d630-dee7-4177-af41-1c16b6b55497|rpc:10.1.0.6:33355|priority:1, ed14f577-cd6a-4282-b253-bcfbdf05676a|rpc:10.1.0.6:43755|priority:0], old=null, confs=<EMPTY_MAP>
2022-04-28 13:45:29,317 [pool-135-thread-1] INFO  server.RaftServerConfigKeys (ConfUtils.java:logGet(44)) - raft.server.storage.dir = [/home/runner/work/ozone/ozone/hadoop-ozone/integration-test/target/test-dir/MiniOzoneClusterImpl-961b773a-55ec-4776-b588-5de87e184680/datanode-3/data/ratis] (custom)
2022-04-28 13:45:29,317 [pool-135-thread-1] INFO  server.RaftServerConfigKeys (ConfUtils.java:logGet(44)) - raft.server.log.corruption.policy = EXCEPTION (default)
2022-04-28 13:45:29,317 [pool-135-thread-1] INFO  server.RaftServerConfigKeys (ConfUtils.java:logGet(44)) - raft.server.storage.free-space.min = 0MB (=0) (default)
2022-04-28 13:45:29,317 [pool-135-thread-1] INFO  storage.RaftStorageDirectory (RaftStorageDirectoryImpl.java:analyzeStorage(135)) - The storage directory /home/runner/work/ozone/ozone/hadoop-ozone/integration-test/target/test-dir/MiniOzoneClusterImpl-961b773a-55ec-4776-b588-5de87e184680/datanode-3/data/ratis/c073acfe-daac-41f7-b1ad-715227ee14ba does not exist. Creating ...
2022-04-28 13:45:29,318 [pool-135-thread-1] INFO  storage.RaftStorageDirectory (RaftStorageDirectoryImpl.java:tryLock(230)) - Lock on /home/runner/work/ozone/ozone/hadoop-ozone/integration-test/target/test-dir/MiniOzoneClusterImpl-961b773a-55ec-4776-b588-5de87e184680/datanode-3/data/ratis/c073acfe-daac-41f7-b1ad-715227ee14ba/in_use.lock acquired by nodename 9841@fv-az294-869
2022-04-28 13:45:29,319 [pool-135-thread-1] INFO  storage.RaftStorage (RaftStorageImpl.java:format(89)) - Storage directory /home/runner/work/ozone/ozone/hadoop-ozone/integration-test/target/test-dir/MiniOzoneClusterImpl-961b773a-55ec-4776-b588-5de87e184680/datanode-3/data/ratis/c073acfe-daac-41f7-b1ad-715227ee14ba has been successfully formatted.
2022-04-28 13:45:29,320 [pool-135-thread-1] INFO  ratis.ContainerStateMachine (ContainerStateMachine.java:loadSnapshot(236)) - group-715227EE14BA: The snapshot info is null. Setting the last applied indexto:(t:0, i:~)
2022-04-28 13:45:29,320 [pool-135-thread-1] INFO  server.RaftServerConfigKeys (ConfUtils.java:logGet(44)) - raft.server.notification.no-leader.timeout = 300000ms (custom)
2022-04-28 13:45:29,320 [pool-135-thread-1] INFO  server.RaftServerConfigKeys (ConfUtils.java:logGet(44)) - raft.server.log.use.memory = false (default)
2022-04-28 13:45:29,320 [pool-135-thread-1] INFO  server.RaftServerConfigKeys (ConfUtils.java:logGet(44)) - raft.server.log.purge.gap = 1000000 (custom)
2022-04-28 13:45:29,320 [pool-135-thread-1] INFO  server.RaftServerConfigKeys (ConfUtils.java:logGet(44)) - raft.server.log.appender.buffer.byte-limit = 33554432 (custom)
2022-04-28 13:45:29,322 [EventQueue-OpenPipelineForHealthyPipelineSafeModeRule] INFO  safemode.SCMSafeModeManager (HealthyPipelineSafeModeRule.java:process(124)) - SCM in safe mode. Healthy pipelines reported count is 0, required healthy pipeline reported count is 1
2022-04-28 13:45:29,323 [pool-135-thread-1] INFO  server.RaftServerConfigKeys (ConfUtils.java:logGet(44)) - raft.server.log.segment.size.max = 1048576 (custom)
2022-04-28 13:45:29,323 [pool-135-thread-1] INFO  server.RaftServerConfigKeys (ConfUtils.java:logGet(44)) - raft.server.log.segment.cache.num.max = 2 (custom)
2022-04-28 13:45:29,323 [pool-135-thread-1] INFO  server.RaftServerConfigKeys (ConfUtils.java:logGet(44)) - raft.server.log.segment.cache.size.max = 200MB (=209715200) (default)
2022-04-28 13:45:29,323 [pool-135-thread-1] INFO  segmented.SegmentedRaftLogWorker (SegmentedRaftLogWorker.java:<init>(182)) - new ab82d630-dee7-4177-af41-1c16b6b55497@group-715227EE14BA-SegmentedRaftLogWorker for RaftStorageImpl:Storage Directory /home/runner/work/ozone/ozone/hadoop-ozone/integration-test/target/test-dir/MiniOzoneClusterImpl-961b773a-55ec-4776-b588-5de87e184680/datanode-3/data/ratis/c073acfe-daac-41f7-b1ad-715227ee14ba
2022-04-28 13:45:29,323 [pool-135-thread-1] INFO  server.RaftServerConfigKeys (ConfUtils.java:logGet(44)) - raft.server.log.queue.byte-limit = 4294967296 (custom)
2022-04-28 13:45:29,323 [pool-135-thread-1] INFO  server.RaftServerConfigKeys (ConfUtils.java:logGet(44)) - raft.server.log.queue.element-limit = 1024 (custom)
2022-04-28 13:45:29,323 [pool-135-thread-1] INFO  server.RaftServerConfigKeys (ConfUtils.java:logGet(44)) - raft.server.log.segment.size.max = 1048576 (custom)
2022-04-28 13:45:29,323 [pool-135-thread-1] INFO  server.RaftServerConfigKeys (ConfUtils.java:logGet(44)) - raft.server.log.preallocated.size = 16384 (custom)
2022-04-28 13:45:29,323 [pool-135-thread-1] INFO  server.RaftServerConfigKeys (ConfUtils.java:logGet(44)) - raft.server.log.force.sync.num = 128 (default)
2022-04-28 13:45:29,323 [pool-135-thread-1] INFO  server.RaftServerConfigKeys (ConfUtils.java:logGet(44)) - raft.server.log.statemachine.data.sync = true (default)
2022-04-28 13:45:29,323 [pool-135-thread-1] INFO  server.RaftServerConfigKeys (ConfUtils.java:logGet(44)) - raft.server.log.statemachine.data.sync.timeout = 10s (default)
2022-04-28 13:45:29,323 [pool-135-thread-1] INFO  server.RaftServerConfigKeys (ConfUtils.java:logGet(44)) - raft.server.log.statemachine.data.sync.timeout.retry = -1 (default)
2022-04-28 13:45:29,324 [pool-135-thread-1] INFO  server.RaftServerConfigKeys (ConfUtils.java:logGet(44)) - raft.server.log.write.buffer.size = 1048576 (custom)
2022-04-28 13:45:29,325 [pool-135-thread-1] INFO  server.RaftServerConfigKeys (ConfUtils.java:logGet(44)) - raft.server.log.statemachine.data.caching.enabled = true (custom)
2022-04-28 13:45:29,325 [pool-135-thread-1] INFO  segmented.SegmentedRaftLogWorker (SegmentedRaftLogWorker.java:lambda$new$0(133)) - ab82d630-dee7-4177-af41-1c16b6b55497@group-715227EE14BA-SegmentedRaftLogWorker: flushIndex: setUnconditionally 0 -> -1
2022-04-28 13:45:29,325 [pool-135-thread-1] INFO  segmented.SegmentedRaftLogWorker (SegmentedRaftLogWorker.java:lambda$new$0(133)) - ab82d630-dee7-4177-af41-1c16b6b55497@group-715227EE14BA-SegmentedRaftLogWorker: safeCacheEvictIndex: setUnconditionally 0 -> -1
2022-04-28 13:45:29,327 [pool-135-thread-1] INFO  server.RaftServerConfigKeys (ConfUtils.java:logGet(44)) - raft.server.snapshot.auto.trigger.enabled = true (custom)
2022-04-28 13:45:29,327 [pool-135-thread-1] INFO  server.RaftServerConfigKeys (ConfUtils.java:logGet(44)) - raft.server.snapshot.auto.trigger.threshold = 10000 (custom)
2022-04-28 13:45:29,327 [pool-135-thread-1] INFO  server.RaftServerConfigKeys (ConfUtils.java:logGet(44)) - raft.server.snapshot.retention.file.num = 5 (custom)
2022-04-28 13:45:29,327 [pool-135-thread-1] INFO  server.RaftServerConfigKeys (ConfUtils.java:logGet(44)) - raft.server.log.purge.upto.snapshot.index = false (default)
2022-04-28 13:45:29,327 [pool-135-thread-1] INFO  server.RaftServerConfigKeys (ConfUtils.java:logGet(44)) - raft.server.retrycache.expirytime = 600000ms (custom)
2022-04-28 13:45:29,327 [pool-135-thread-1] INFO  server.RaftServerConfigKeys (ConfUtils.java:logGet(44)) - raft.server.retrycache.statistics.expirytime = 100μs (default)
2022-04-28 13:45:29,328 [pool-135-thread-1] INFO  server.RaftServer$Division (RaftServerImpl.java:start(301)) - ab82d630-dee7-4177-af41-1c16b6b55497@group-715227EE14BA: start as a follower, conf=-1: [4f6314c6-5f1e-418e-9cab-9d7da23e485e|rpc:10.1.0.6:33597|priority:0, ab82d630-dee7-4177-af41-1c16b6b55497|rpc:10.1.0.6:33355|priority:1, ed14f577-cd6a-4282-b253-bcfbdf05676a|rpc:10.1.0.6:43755|priority:0], old=null
2022-04-28 13:45:29,328 [pool-135-thread-1] INFO  server.RaftServer$Division (RaftServerImpl.java:setRole(290)) - ab82d630-dee7-4177-af41-1c16b6b55497@group-715227EE14BA: changes role from      null to FOLLOWER at term 0 for startAsFollower
2022-04-28 13:45:29,328 [pool-135-thread-1] INFO  impl.RoleInfo (RoleInfo.java:updateAndGet(130)) - ab82d630-dee7-4177-af41-1c16b6b55497: start ab82d630-dee7-4177-af41-1c16b6b55497@group-715227EE14BA-FollowerState
2022-04-28 13:45:29,330 [pool-135-thread-1] INFO  util.JmxRegister (JmxRegister.java:tryRegister(44)) - Successfully registered JMX Bean with object name Ratis:service=RaftServer,group=group-715227EE14BA,id=ab82d630-dee7-4177-af41-1c16b6b55497
2022-04-28 13:45:29,331 [Command processor thread] INFO  ratis.XceiverServerRatis (XceiverServerRatis.java:addGroup(765)) - Created group PipelineID=c073acfe-daac-41f7-b1ad-715227ee14ba
2022-04-28 13:45:29,341 [grpc-default-executor-1] INFO  server.RaftServer (RaftServerProxy.java:addNew(95)) - 4f6314c6-5f1e-418e-9cab-9d7da23e485e: addNew group-715227EE14BA:[4f6314c6-5f1e-418e-9cab-9d7da23e485e|rpc:10.1.0.6:33597|dataStream:|priority:0, ab82d630-dee7-4177-af41-1c16b6b55497|rpc:10.1.0.6:33355|dataStream:|priority:1, ed14f577-cd6a-4282-b253-bcfbdf05676a|rpc:10.1.0.6:43755|dataStream:|priority:0] returns group-715227EE14BA:java.util.concurrent.CompletableFuture@30abc0c6[Not completed]
2022-04-28 13:45:29,343 [pool-177-thread-1] INFO  server.RaftServer$Division (RaftServerImpl.java:<init>(184)) - 4f6314c6-5f1e-418e-9cab-9d7da23e485e: new RaftServerImpl for group-715227EE14BA:[4f6314c6-5f1e-418e-9cab-9d7da23e485e|rpc:10.1.0.6:33597|dataStream:|priority:0, ab82d630-dee7-4177-af41-1c16b6b55497|rpc:10.1.0.6:33355|dataStream:|priority:1, ed14f577-cd6a-4282-b253-bcfbdf05676a|rpc:10.1.0.6:43755|dataStream:|priority:0] with ContainerStateMachine:uninitialized
2022-04-28 13:45:29,343 [pool-177-thread-1] INFO  server.RaftServerConfigKeys (ConfUtils.java:logGet(44)) - raft.server.rpc.timeout.min = 5s (custom)
2022-04-28 13:45:29,343 [pool-177-thread-1] INFO  server.RaftServerConfigKeys (ConfUtils.java:logGet(44)) - raft.server.rpc.timeout.max = 5200ms (custom)
2022-04-28 13:45:29,343 [pool-177-thread-1] INFO  server.RaftServerConfigKeys (ConfUtils.java:logGet(44)) - raft.server.rpc.sleep.time = 25ms (default)
2022-04-28 13:45:29,343 [pool-177-thread-1] INFO  server.RaftServerConfigKeys (ConfUtils.java:logGet(44)) - raft.server.rpc.slowness.timeout = 300000ms (custom)
2022-04-28 13:45:29,343 [pool-177-thread-1] INFO  server.RaftServerConfigKeys (ConfUtils.java:logGet(44)) - raft.server.leaderelection.leader.step-down.wait-time = 10s (default)
2022-04-28 13:45:29,343 [pool-177-thread-1] INFO  server.RaftServerConfigKeys (ConfUtils.java:logGet(44)) - raft.server.sleep.deviation.threshold = 300ms (default)
2022-04-28 13:45:29,343 [pool-177-thread-1] INFO  server.RaftServerConfigKeys (ConfUtils.java:logGet(44)) - raft.server.log.appender.install.snapshot.enabled = false (custom)
2022-04-28 13:45:29,343 [pool-177-thread-1] INFO  server.RaftServer$Division (ServerState.java:<init>(105)) - 4f6314c6-5f1e-418e-9cab-9d7da23e485e@group-715227EE14BA: ConfigurationManager, init=-1: [4f6314c6-5f1e-418e-9cab-9d7da23e485e|rpc:10.1.0.6:33597|dataStream:|priority:0, ab82d630-dee7-4177-af41-1c16b6b55497|rpc:10.1.0.6:33355|dataStream:|priority:1, ed14f577-cd6a-4282-b253-bcfbdf05676a|rpc:10.1.0.6:43755|dataStream:|priority:0], old=null, confs=<EMPTY_MAP>
2022-04-28 13:45:29,343 [pool-177-thread-1] INFO  server.RaftServerConfigKeys (ConfUtils.java:logGet(44)) - raft.server.storage.dir = [/home/runner/work/ozone/ozone/hadoop-ozone/integration-test/target/test-dir/MiniOzoneClusterImpl-961b773a-55ec-4776-b588-5de87e184680/datanode-5/data/ratis] (custom)
2022-04-28 13:45:29,343 [pool-177-thread-1] INFO  server.RaftServerConfigKeys (ConfUtils.java:logGet(44)) - raft.server.log.corruption.policy = EXCEPTION (default)
2022-04-28 13:45:29,343 [pool-177-thread-1] INFO  server.RaftServerConfigKeys (ConfUtils.java:logGet(44)) - raft.server.storage.free-space.min = 0MB (=0) (default)
2022-04-28 13:45:29,343 [pool-177-thread-1] INFO  storage.RaftStorageDirectory (RaftStorageDirectoryImpl.java:analyzeStorage(135)) - The storage directory /home/runner/work/ozone/ozone/hadoop-ozone/integration-test/target/test-dir/MiniOzoneClusterImpl-961b773a-55ec-4776-b588-5de87e184680/datanode-5/data/ratis/c073acfe-daac-41f7-b1ad-715227ee14ba does not exist. Creating ...
2022-04-28 13:45:29,345 [pool-177-thread-1] INFO  storage.RaftStorageDirectory (RaftStorageDirectoryImpl.java:tryLock(230)) - Lock on /home/runner/work/ozone/ozone/hadoop-ozone/integration-test/target/test-dir/MiniOzoneClusterImpl-961b773a-55ec-4776-b588-5de87e184680/datanode-5/data/ratis/c073acfe-daac-41f7-b1ad-715227ee14ba/in_use.lock acquired by nodename 9841@fv-az294-869
2022-04-28 13:45:29,346 [pool-177-thread-1] INFO  storage.RaftStorage (RaftStorageImpl.java:format(89)) - Storage directory /home/runner/work/ozone/ozone/hadoop-ozone/integration-test/target/test-dir/MiniOzoneClusterImpl-961b773a-55ec-4776-b588-5de87e184680/datanode-5/data/ratis/c073acfe-daac-41f7-b1ad-715227ee14ba has been successfully formatted.
2022-04-28 13:45:29,346 [pool-177-thread-1] INFO  ratis.ContainerStateMachine (ContainerStateMachine.java:loadSnapshot(236)) - group-715227EE14BA: The snapshot info is null. Setting the last applied indexto:(t:0, i:~)
2022-04-28 13:45:29,346 [pool-177-thread-1] INFO  server.RaftServerConfigKeys (ConfUtils.java:logGet(44)) - raft.server.notification.no-leader.timeout = 300000ms (custom)
2022-04-28 13:45:29,346 [pool-177-thread-1] INFO  server.RaftServerConfigKeys (ConfUtils.java:logGet(44)) - raft.server.log.use.memory = false (default)
2022-04-28 13:45:29,346 [pool-177-thread-1] INFO  server.RaftServerConfigKeys (ConfUtils.java:logGet(44)) - raft.server.log.purge.gap = 1000000 (custom)
2022-04-28 13:45:29,346 [pool-177-thread-1] INFO  server.RaftServerConfigKeys (ConfUtils.java:logGet(44)) - raft.server.log.appender.buffer.byte-limit = 33554432 (custom)
2022-04-28 13:45:29,347 [pool-177-thread-1] INFO  server.RaftServerConfigKeys (ConfUtils.java:logGet(44)) - raft.server.log.segment.size.max = 1048576 (custom)
2022-04-28 13:45:29,348 [pool-177-thread-1] INFO  server.RaftServerConfigKeys (ConfUtils.java:logGet(44)) - raft.server.log.segment.cache.num.max = 2 (custom)
2022-04-28 13:45:29,348 [pool-177-thread-1] INFO  server.RaftServerConfigKeys (ConfUtils.java:logGet(44)) - raft.server.log.segment.cache.size.max = 200MB (=209715200) (default)
2022-04-28 13:45:29,348 [pool-177-thread-1] INFO  segmented.SegmentedRaftLogWorker (SegmentedRaftLogWorker.java:<init>(182)) - new 4f6314c6-5f1e-418e-9cab-9d7da23e485e@group-715227EE14BA-SegmentedRaftLogWorker for RaftStorageImpl:Storage Directory /home/runner/work/ozone/ozone/hadoop-ozone/integration-test/target/test-dir/MiniOzoneClusterImpl-961b773a-55ec-4776-b588-5de87e184680/datanode-5/data/ratis/c073acfe-daac-41f7-b1ad-715227ee14ba
2022-04-28 13:45:29,348 [pool-177-thread-1] INFO  server.RaftServerConfigKeys (ConfUtils.java:logGet(44)) - raft.server.log.queue.byte-limit = 4294967296 (custom)
2022-04-28 13:45:29,348 [pool-177-thread-1] INFO  server.RaftServerConfigKeys (ConfUtils.java:logGet(44)) - raft.server.log.queue.element-limit = 1024 (custom)
2022-04-28 13:45:29,348 [pool-177-thread-1] INFO  server.RaftServerConfigKeys (ConfUtils.java:logGet(44)) - raft.server.log.segment.size.max = 1048576 (custom)
2022-04-28 13:45:29,348 [pool-177-thread-1] INFO  server.RaftServerConfigKeys (ConfUtils.java:logGet(44)) - raft.server.log.preallocated.size = 16384 (custom)
2022-04-28 13:45:29,348 [pool-177-thread-1] INFO  server.RaftServerConfigKeys (ConfUtils.java:logGet(44)) - raft.server.log.force.sync.num = 128 (default)
2022-04-28 13:45:29,348 [pool-177-thread-1] INFO  server.RaftServerConfigKeys (ConfUtils.java:logGet(44)) - raft.server.log.statemachine.data.sync = true (default)
2022-04-28 13:45:29,349 [pool-177-thread-1] INFO  server.RaftServerConfigKeys (ConfUtils.java:logGet(44)) - raft.server.log.statemachine.data.sync.timeout = 10s (default)
2022-04-28 13:45:29,349 [pool-177-thread-1] INFO  server.RaftServerConfigKeys (ConfUtils.java:logGet(44)) - raft.server.log.statemachine.data.sync.timeout.retry = -1 (default)
2022-04-28 13:45:29,349 [pool-177-thread-1] INFO  server.RaftServerConfigKeys (ConfUtils.java:logGet(44)) - raft.server.log.write.buffer.size = 1048576 (custom)
2022-04-28 13:45:29,350 [pool-177-thread-1] INFO  server.RaftServerConfigKeys (ConfUtils.java:logGet(44)) - raft.server.log.statemachine.data.caching.enabled = true (custom)
2022-04-28 13:45:29,350 [pool-177-thread-1] INFO  segmented.SegmentedRaftLogWorker (SegmentedRaftLogWorker.java:lambda$new$0(133)) - 4f6314c6-5f1e-418e-9cab-9d7da23e485e@group-715227EE14BA-SegmentedRaftLogWorker: flushIndex: setUnconditionally 0 -> -1
2022-04-28 13:45:29,350 [pool-177-thread-1] INFO  segmented.SegmentedRaftLogWorker (SegmentedRaftLogWorker.java:lambda$new$0(133)) - 4f6314c6-5f1e-418e-9cab-9d7da23e485e@group-715227EE14BA-SegmentedRaftLogWorker: safeCacheEvictIndex: setUnconditionally 0 -> -1
2022-04-28 13:45:29,350 [pool-177-thread-1] INFO  server.RaftServerConfigKeys (ConfUtils.java:logGet(44)) - raft.server.snapshot.auto.trigger.enabled = true (custom)
2022-04-28 13:45:29,350 [pool-177-thread-1] INFO  server.RaftServerConfigKeys (ConfUtils.java:logGet(44)) - raft.server.snapshot.auto.trigger.threshold = 10000 (custom)
2022-04-28 13:45:29,350 [pool-177-thread-1] INFO  server.RaftServerConfigKeys (ConfUtils.java:logGet(44)) - raft.server.snapshot.retention.file.num = 5 (custom)
2022-04-28 13:45:29,351 [pool-177-thread-1] INFO  server.RaftServerConfigKeys (ConfUtils.java:logGet(44)) - raft.server.log.purge.upto.snapshot.index = false (default)
2022-04-28 13:45:29,351 [pool-177-thread-1] INFO  server.RaftServerConfigKeys (ConfUtils.java:logGet(44)) - raft.server.retrycache.expirytime = 600000ms (custom)
2022-04-28 13:45:29,351 [pool-177-thread-1] INFO  server.RaftServerConfigKeys (ConfUtils.java:logGet(44)) - raft.server.retrycache.statistics.expirytime = 100μs (default)
2022-04-28 13:45:29,352 [pool-177-thread-1] INFO  server.RaftServer$Division (RaftServerImpl.java:start(301)) - 4f6314c6-5f1e-418e-9cab-9d7da23e485e@group-715227EE14BA: start as a follower, conf=-1: [4f6314c6-5f1e-418e-9cab-9d7da23e485e|rpc:10.1.0.6:33597|dataStream:|priority:0, ab82d630-dee7-4177-af41-1c16b6b55497|rpc:10.1.0.6:33355|dataStream:|priority:1, ed14f577-cd6a-4282-b253-bcfbdf05676a|rpc:10.1.0.6:43755|dataStream:|priority:0], old=null
2022-04-28 13:45:29,352 [pool-177-thread-1] INFO  server.RaftServer$Division (RaftServerImpl.java:setRole(290)) - 4f6314c6-5f1e-418e-9cab-9d7da23e485e@group-715227EE14BA: changes role from      null to FOLLOWER at term 0 for startAsFollower
2022-04-28 13:45:29,352 [pool-177-thread-1] INFO  impl.RoleInfo (RoleInfo.java:updateAndGet(130)) - 4f6314c6-5f1e-418e-9cab-9d7da23e485e: start 4f6314c6-5f1e-418e-9cab-9d7da23e485e@group-715227EE14BA-FollowerState
2022-04-28 13:45:29,352 [pool-177-thread-1] INFO  util.JmxRegister (JmxRegister.java:tryRegister(44)) - Successfully registered JMX Bean with object name Ratis:service=RaftServer,group=group-715227EE14BA,id=4f6314c6-5f1e-418e-9cab-9d7da23e485e
2022-04-28 13:45:29,367 [grpc-default-executor-1] INFO  server.RaftServer (RaftServerProxy.java:addNew(95)) - ed14f577-cd6a-4282-b253-bcfbdf05676a: addNew group-715227EE14BA:[4f6314c6-5f1e-418e-9cab-9d7da23e485e|rpc:10.1.0.6:33597|dataStream:|priority:0, ab82d630-dee7-4177-af41-1c16b6b55497|rpc:10.1.0.6:33355|dataStream:|priority:1, ed14f577-cd6a-4282-b253-bcfbdf05676a|rpc:10.1.0.6:43755|dataStream:|priority:0] returns group-715227EE14BA:java.util.concurrent.CompletableFuture@128d9ea7[Not completed]
2022-04-28 13:45:29,368 [pool-156-thread-1] INFO  server.RaftServer$Division (RaftServerImpl.java:<init>(184)) - ed14f577-cd6a-4282-b253-bcfbdf05676a: new RaftServerImpl for group-715227EE14BA:[4f6314c6-5f1e-418e-9cab-9d7da23e485e|rpc:10.1.0.6:33597|dataStream:|priority:0, ab82d630-dee7-4177-af41-1c16b6b55497|rpc:10.1.0.6:33355|dataStream:|priority:1, ed14f577-cd6a-4282-b253-bcfbdf05676a|rpc:10.1.0.6:43755|dataStream:|priority:0] with ContainerStateMachine:uninitialized
2022-04-28 13:45:29,368 [pool-156-thread-1] INFO  server.RaftServerConfigKeys (ConfUtils.java:logGet(44)) - raft.server.rpc.timeout.min = 5s (custom)
2022-04-28 13:45:29,368 [pool-156-thread-1] INFO  server.RaftServerConfigKeys (ConfUtils.java:logGet(44)) - raft.server.rpc.timeout.max = 5200ms (custom)
2022-04-28 13:45:29,368 [pool-156-thread-1] INFO  server.RaftServerConfigKeys (ConfUtils.java:logGet(44)) - raft.server.rpc.sleep.time = 25ms (default)
2022-04-28 13:45:29,368 [pool-156-thread-1] INFO  server.RaftServerConfigKeys (ConfUtils.java:logGet(44)) - raft.server.rpc.slowness.timeout = 300000ms (custom)
2022-04-28 13:45:29,368 [pool-156-thread-1] INFO  server.RaftServerConfigKeys (ConfUtils.java:logGet(44)) - raft.server.leaderelection.leader.step-down.wait-time = 10s (default)
2022-04-28 13:45:29,368 [pool-156-thread-1] INFO  server.RaftServerConfigKeys (ConfUtils.java:logGet(44)) - raft.server.sleep.deviation.threshold = 300ms (default)
2022-04-28 13:45:29,368 [pool-156-thread-1] INFO  server.RaftServerConfigKeys (ConfUtils.java:logGet(44)) - raft.server.log.appender.install.snapshot.enabled = false (custom)
2022-04-28 13:45:29,368 [pool-156-thread-1] INFO  server.RaftServer$Division (ServerState.java:<init>(105)) - ed14f577-cd6a-4282-b253-bcfbdf05676a@group-715227EE14BA: ConfigurationManager, init=-1: [4f6314c6-5f1e-418e-9cab-9d7da23e485e|rpc:10.1.0.6:33597|dataStream:|priority:0, ab82d630-dee7-4177-af41-1c16b6b55497|rpc:10.1.0.6:33355|dataStream:|priority:1, ed14f577-cd6a-4282-b253-bcfbdf05676a|rpc:10.1.0.6:43755|dataStream:|priority:0], old=null, confs=<EMPTY_MAP>
2022-04-28 13:45:29,368 [pool-156-thread-1] INFO  server.RaftServerConfigKeys (ConfUtils.java:logGet(44)) - raft.server.storage.dir = [/home/runner/work/ozone/ozone/hadoop-ozone/integration-test/target/test-dir/MiniOzoneClusterImpl-961b773a-55ec-4776-b588-5de87e184680/datanode-4/data/ratis] (custom)
2022-04-28 13:45:29,369 [pool-156-thread-1] INFO  server.RaftServerConfigKeys (ConfUtils.java:logGet(44)) - raft.server.log.corruption.policy = EXCEPTION (default)
2022-04-28 13:45:29,369 [pool-156-thread-1] INFO  server.RaftServerConfigKeys (ConfUtils.java:logGet(44)) - raft.server.storage.free-space.min = 0MB (=0) (default)
2022-04-28 13:45:29,369 [pool-156-thread-1] INFO  storage.RaftStorageDirectory (RaftStorageDirectoryImpl.java:analyzeStorage(135)) - The storage directory /home/runner/work/ozone/ozone/hadoop-ozone/integration-test/target/test-dir/MiniOzoneClusterImpl-961b773a-55ec-4776-b588-5de87e184680/datanode-4/data/ratis/c073acfe-daac-41f7-b1ad-715227ee14ba does not exist. Creating ...
2022-04-28 13:45:29,370 [pool-156-thread-1] INFO  storage.RaftStorageDirectory (RaftStorageDirectoryImpl.java:tryLock(230)) - Lock on /home/runner/work/ozone/ozone/hadoop-ozone/integration-test/target/test-dir/MiniOzoneClusterImpl-961b773a-55ec-4776-b588-5de87e184680/datanode-4/data/ratis/c073acfe-daac-41f7-b1ad-715227ee14ba/in_use.lock acquired by nodename 9841@fv-az294-869
2022-04-28 13:45:29,371 [pool-156-thread-1] INFO  storage.RaftStorage (RaftStorageImpl.java:format(89)) - Storage directory /home/runner/work/ozone/ozone/hadoop-ozone/integration-test/target/test-dir/MiniOzoneClusterImpl-961b773a-55ec-4776-b588-5de87e184680/datanode-4/data/ratis/c073acfe-daac-41f7-b1ad-715227ee14ba has been successfully formatted.
2022-04-28 13:45:29,371 [pool-156-thread-1] INFO  ratis.ContainerStateMachine (ContainerStateMachine.java:loadSnapshot(236)) - group-715227EE14BA: The snapshot info is null. Setting the last applied indexto:(t:0, i:~)
2022-04-28 13:45:29,371 [pool-156-thread-1] INFO  server.RaftServerConfigKeys (ConfUtils.java:logGet(44)) - raft.server.notification.no-leader.timeout = 300000ms (custom)
2022-04-28 13:45:29,371 [pool-156-thread-1] INFO  server.RaftServerConfigKeys (ConfUtils.java:logGet(44)) - raft.server.log.use.memory = false (default)
2022-04-28 13:45:29,371 [pool-156-thread-1] INFO  server.RaftServerConfigKeys (ConfUtils.java:logGet(44)) - raft.server.log.purge.gap = 1000000 (custom)
2022-04-28 13:45:29,371 [pool-156-thread-1] INFO  server.RaftServerConfigKeys (ConfUtils.java:logGet(44)) - raft.server.log.appender.buffer.byte-limit = 33554432 (custom)
2022-04-28 13:45:29,373 [pool-156-thread-1] INFO  server.RaftServerConfigKeys (ConfUtils.java:logGet(44)) - raft.server.log.segment.size.max = 1048576 (custom)
2022-04-28 13:45:29,373 [pool-156-thread-1] INFO  server.RaftServerConfigKeys (ConfUtils.java:logGet(44)) - raft.server.log.segment.cache.num.max = 2 (custom)
2022-04-28 13:45:29,373 [pool-156-thread-1] INFO  server.RaftServerConfigKeys (ConfUtils.java:logGet(44)) - raft.server.log.segment.cache.size.max = 200MB (=209715200) (default)
2022-04-28 13:45:29,373 [pool-156-thread-1] INFO  segmented.SegmentedRaftLogWorker (SegmentedRaftLogWorker.java:<init>(182)) - new ed14f577-cd6a-4282-b253-bcfbdf05676a@group-715227EE14BA-SegmentedRaftLogWorker for RaftStorageImpl:Storage Directory /home/runner/work/ozone/ozone/hadoop-ozone/integration-test/target/test-dir/MiniOzoneClusterImpl-961b773a-55ec-4776-b588-5de87e184680/datanode-4/data/ratis/c073acfe-daac-41f7-b1ad-715227ee14ba
2022-04-28 13:45:29,373 [pool-156-thread-1] INFO  server.RaftServerConfigKeys (ConfUtils.java:logGet(44)) - raft.server.log.queue.byte-limit = 4294967296 (custom)
2022-04-28 13:45:29,373 [pool-156-thread-1] INFO  server.RaftServerConfigKeys (ConfUtils.java:logGet(44)) - raft.server.log.queue.element-limit = 1024 (custom)
2022-04-28 13:45:29,373 [pool-156-thread-1] INFO  server.RaftServerConfigKeys (ConfUtils.java:logGet(44)) - raft.server.log.segment.size.max = 1048576 (custom)
2022-04-28 13:45:29,373 [pool-156-thread-1] INFO  server.RaftServerConfigKeys (ConfUtils.java:logGet(44)) - raft.server.log.preallocated.size = 16384 (custom)
2022-04-28 13:45:29,373 [pool-156-thread-1] INFO  server.RaftServerConfigKeys (ConfUtils.java:logGet(44)) - raft.server.log.force.sync.num = 128 (default)
2022-04-28 13:45:29,373 [pool-156-thread-1] INFO  server.RaftServerConfigKeys (ConfUtils.java:logGet(44)) - raft.server.log.statemachine.data.sync = true (default)
2022-04-28 13:45:29,374 [pool-156-thread-1] INFO  server.RaftServerConfigKeys (ConfUtils.java:logGet(44)) - raft.server.log.statemachine.data.sync.timeout = 10s (default)
2022-04-28 13:45:29,374 [pool-156-thread-1] INFO  server.RaftServerConfigKeys (ConfUtils.java:logGet(44)) - raft.server.log.statemachine.data.sync.timeout.retry = -1 (default)
2022-04-28 13:45:29,377 [pool-156-thread-1] INFO  server.RaftServerConfigKeys (ConfUtils.java:logGet(44)) - raft.server.log.write.buffer.size = 1048576 (custom)
2022-04-28 13:45:29,378 [pool-156-thread-1] INFO  server.RaftServerConfigKeys (ConfUtils.java:logGet(44)) - raft.server.log.statemachine.data.caching.enabled = true (custom)
2022-04-28 13:45:29,378 [pool-156-thread-1] INFO  segmented.SegmentedRaftLogWorker (SegmentedRaftLogWorker.java:lambda$new$0(133)) - ed14f577-cd6a-4282-b253-bcfbdf05676a@group-715227EE14BA-SegmentedRaftLogWorker: flushIndex: setUnconditionally 0 -> -1
2022-04-28 13:45:29,378 [pool-156-thread-1] INFO  segmented.SegmentedRaftLogWorker (SegmentedRaftLogWorker.java:lambda$new$0(133)) - ed14f577-cd6a-4282-b253-bcfbdf05676a@group-715227EE14BA-SegmentedRaftLogWorker: safeCacheEvictIndex: setUnconditionally 0 -> -1
2022-04-28 13:45:29,378 [pool-156-thread-1] INFO  server.RaftServerConfigKeys (ConfUtils.java:logGet(44)) - raft.server.snapshot.auto.trigger.enabled = true (custom)
2022-04-28 13:45:29,378 [pool-156-thread-1] INFO  server.RaftServerConfigKeys (ConfUtils.java:logGet(44)) - raft.server.snapshot.auto.trigger.threshold = 10000 (custom)
2022-04-28 13:45:29,378 [pool-156-thread-1] INFO  server.RaftServerConfigKeys (ConfUtils.java:logGet(44)) - raft.server.snapshot.retention.file.num = 5 (custom)
2022-04-28 13:45:29,378 [pool-156-thread-1] INFO  server.RaftServerConfigKeys (ConfUtils.java:logGet(44)) - raft.server.log.purge.upto.snapshot.index = false (default)
2022-04-28 13:45:29,378 [pool-156-thread-1] INFO  server.RaftServerConfigKeys (ConfUtils.java:logGet(44)) - raft.server.retrycache.expirytime = 600000ms (custom)
2022-04-28 13:45:29,378 [pool-156-thread-1] INFO  server.RaftServerConfigKeys (ConfUtils.java:logGet(44)) - raft.server.retrycache.statistics.expirytime = 100μs (default)
2022-04-28 13:45:29,379 [pool-156-thread-1] INFO  server.RaftServer$Division (RaftServerImpl.java:start(301)) - ed14f577-cd6a-4282-b253-bcfbdf05676a@group-715227EE14BA: start as a follower, conf=-1: [4f6314c6-5f1e-418e-9cab-9d7da23e485e|rpc:10.1.0.6:33597|dataStream:|priority:0, ab82d630-dee7-4177-af41-1c16b6b55497|rpc:10.1.0.6:33355|dataStream:|priority:1, ed14f577-cd6a-4282-b253-bcfbdf05676a|rpc:10.1.0.6:43755|dataStream:|priority:0], old=null
2022-04-28 13:45:29,379 [pool-156-thread-1] INFO  server.RaftServer$Division (RaftServerImpl.java:setRole(290)) - ed14f577-cd6a-4282-b253-bcfbdf05676a@group-715227EE14BA: changes role from      null to FOLLOWER at term 0 for startAsFollower
2022-04-28 13:45:29,379 [pool-156-thread-1] INFO  impl.RoleInfo (RoleInfo.java:updateAndGet(130)) - ed14f577-cd6a-4282-b253-bcfbdf05676a: start ed14f577-cd6a-4282-b253-bcfbdf05676a@group-715227EE14BA-FollowerState
2022-04-28 13:45:29,380 [pool-156-thread-1] INFO  util.JmxRegister (JmxRegister.java:tryRegister(44)) - Successfully registered JMX Bean with object name Ratis:service=RaftServer,group=group-715227EE14BA,id=ed14f577-cd6a-4282-b253-bcfbdf05676a
2022-04-28 13:45:29,387 [Command processor thread] INFO  commandhandler.CreatePipelineCommandHandler (CreatePipelineCommandHandler.java:handle(113)) - Created Pipeline RATIS THREE PipelineID=c073acfe-daac-41f7-b1ad-715227ee14ba.
2022-04-28 13:45:29,512 [Command processor thread] INFO  server.RaftServer (RaftServerProxy.java:addNew(95)) - ed14f577-cd6a-4282-b253-bcfbdf05676a: addNew group-3C38A729D1A2:[ed14f577-cd6a-4282-b253-bcfbdf05676a|rpc:10.1.0.6:43755|priority:1] returns group-3C38A729D1A2:java.util.concurrent.CompletableFuture@3b48fe8e[Not completed]
2022-04-28 13:45:29,513 [pool-156-thread-1] INFO  server.RaftServer$Division (RaftServerImpl.java:<init>(184)) - ed14f577-cd6a-4282-b253-bcfbdf05676a: new RaftServerImpl for group-3C38A729D1A2:[ed14f577-cd6a-4282-b253-bcfbdf05676a|rpc:10.1.0.6:43755|priority:1] with ContainerStateMachine:uninitialized
2022-04-28 13:45:29,513 [pool-156-thread-1] INFO  server.RaftServerConfigKeys (ConfUtils.java:logGet(44)) - raft.server.rpc.timeout.min = 5s (custom)
2022-04-28 13:45:29,513 [pool-156-thread-1] INFO  server.RaftServerConfigKeys (ConfUtils.java:logGet(44)) - raft.server.rpc.timeout.max = 5200ms (custom)
2022-04-28 13:45:29,513 [pool-156-thread-1] INFO  server.RaftServerConfigKeys (ConfUtils.java:logGet(44)) - raft.server.rpc.sleep.time = 25ms (default)
2022-04-28 13:45:29,513 [pool-156-thread-1] INFO  server.RaftServerConfigKeys (ConfUtils.java:logGet(44)) - raft.server.rpc.slowness.timeout = 300000ms (custom)
2022-04-28 13:45:29,513 [pool-156-thread-1] INFO  server.RaftServerConfigKeys (ConfUtils.java:logGet(44)) - raft.server.leaderelection.leader.step-down.wait-time = 10s (default)
2022-04-28 13:45:29,513 [pool-156-thread-1] INFO  server.RaftServerConfigKeys (ConfUtils.java:logGet(44)) - raft.server.sleep.deviation.threshold = 300ms (default)
2022-04-28 13:45:29,513 [pool-156-thread-1] INFO  server.RaftServerConfigKeys (ConfUtils.java:logGet(44)) - raft.server.log.appender.install.snapshot.enabled = false (custom)
2022-04-28 13:45:29,514 [pool-156-thread-1] INFO  server.RaftServer$Division (ServerState.java:<init>(105)) - ed14f577-cd6a-4282-b253-bcfbdf05676a@group-3C38A729D1A2: ConfigurationManager, init=-1: [ed14f577-cd6a-4282-b253-bcfbdf05676a|rpc:10.1.0.6:43755|priority:1], old=null, confs=<EMPTY_MAP>
2022-04-28 13:45:29,514 [pool-156-thread-1] INFO  server.RaftServerConfigKeys (ConfUtils.java:logGet(44)) - raft.server.storage.dir = [/home/runner/work/ozone/ozone/hadoop-ozone/integration-test/target/test-dir/MiniOzoneClusterImpl-961b773a-55ec-4776-b588-5de87e184680/datanode-4/data/ratis] (custom)
2022-04-28 13:45:29,514 [pool-156-thread-1] INFO  server.RaftServerConfigKeys (ConfUtils.java:logGet(44)) - raft.server.log.corruption.policy = EXCEPTION (default)
2022-04-28 13:45:29,514 [pool-156-thread-1] INFO  server.RaftServerConfigKeys (ConfUtils.java:logGet(44)) - raft.server.storage.free-space.min = 0MB (=0) (default)
2022-04-28 13:45:29,514 [pool-156-thread-1] INFO  storage.RaftStorageDirectory (RaftStorageDirectoryImpl.java:analyzeStorage(135)) - The storage directory /home/runner/work/ozone/ozone/hadoop-ozone/integration-test/target/test-dir/MiniOzoneClusterImpl-961b773a-55ec-4776-b588-5de87e184680/datanode-4/data/ratis/1b6a780b-5304-49ed-a91f-3c38a729d1a2 does not exist. Creating ...
2022-04-28 13:45:29,515 [pool-156-thread-1] INFO  storage.RaftStorageDirectory (RaftStorageDirectoryImpl.java:tryLock(230)) - Lock on /home/runner/work/ozone/ozone/hadoop-ozone/integration-test/target/test-dir/MiniOzoneClusterImpl-961b773a-55ec-4776-b588-5de87e184680/datanode-4/data/ratis/1b6a780b-5304-49ed-a91f-3c38a729d1a2/in_use.lock acquired by nodename 9841@fv-az294-869
2022-04-28 13:45:29,517 [pool-156-thread-1] INFO  storage.RaftStorage (RaftStorageImpl.java:format(89)) - Storage directory /home/runner/work/ozone/ozone/hadoop-ozone/integration-test/target/test-dir/MiniOzoneClusterImpl-961b773a-55ec-4776-b588-5de87e184680/datanode-4/data/ratis/1b6a780b-5304-49ed-a91f-3c38a729d1a2 has been successfully formatted.
2022-04-28 13:45:29,517 [pool-156-thread-1] INFO  ratis.ContainerStateMachine (ContainerStateMachine.java:loadSnapshot(236)) - group-3C38A729D1A2: The snapshot info is null. Setting the last applied indexto:(t:0, i:~)
2022-04-28 13:45:29,517 [pool-156-thread-1] INFO  server.RaftServerConfigKeys (ConfUtils.java:logGet(44)) - raft.server.notification.no-leader.timeout = 300000ms (custom)
2022-04-28 13:45:29,517 [pool-156-thread-1] INFO  server.RaftServerConfigKeys (ConfUtils.java:logGet(44)) - raft.server.log.use.memory = false (default)
2022-04-28 13:45:29,517 [pool-156-thread-1] INFO  server.RaftServerConfigKeys (ConfUtils.java:logGet(44)) - raft.server.log.purge.gap = 1000000 (custom)
2022-04-28 13:45:29,517 [pool-156-thread-1] INFO  server.RaftServerConfigKeys (ConfUtils.java:logGet(44)) - raft.server.log.appender.buffer.byte-limit = 33554432 (custom)
2022-04-28 13:45:29,517 [pool-156-thread-1] INFO  server.RaftServerConfigKeys (ConfUtils.java:logGet(44)) - raft.server.log.segment.size.max = 1048576 (custom)
2022-04-28 13:45:29,518 [pool-156-thread-1] INFO  server.RaftServerConfigKeys (ConfUtils.java:logGet(44)) - raft.server.log.segment.cache.num.max = 2 (custom)
2022-04-28 13:45:29,518 [pool-156-thread-1] INFO  server.RaftServerConfigKeys (ConfUtils.java:logGet(44)) - raft.server.log.segment.cache.size.max = 200MB (=209715200) (default)
2022-04-28 13:45:29,518 [pool-156-thread-1] INFO  segmented.SegmentedRaftLogWorker (SegmentedRaftLogWorker.java:<init>(182)) - new ed14f577-cd6a-4282-b253-bcfbdf05676a@group-3C38A729D1A2-SegmentedRaftLogWorker for RaftStorageImpl:Storage Directory /home/runner/work/ozone/ozone/hadoop-ozone/integration-test/target/test-dir/MiniOzoneClusterImpl-961b773a-55ec-4776-b588-5de87e184680/datanode-4/data/ratis/1b6a780b-5304-49ed-a91f-3c38a729d1a2
2022-04-28 13:45:29,518 [pool-156-thread-1] INFO  server.RaftServerConfigKeys (ConfUtils.java:logGet(44)) - raft.server.log.queue.byte-limit = 4294967296 (custom)
2022-04-28 13:45:29,519 [EventQueue-PipelineReportForPipelineReportHandler] INFO  pipeline.PipelineManagerImpl (PipelineManagerImpl.java:openPipeline(328)) - Pipeline Pipeline[ Id: 1b6a780b-5304-49ed-a91f-3c38a729d1a2, Nodes: ed14f577-cd6a-4282-b253-bcfbdf05676a{ip: 10.1.0.6, host: fv-az294-869.eaanfquahm5ulb5tj050gcxych.jx.internal.cloudapp.net, ports: [REPLICATION=40865, RATIS=43755, RATIS_ADMIN=43755, RATIS_SERVER=43755, STANDALONE=41447], networkLocation: /default-rack, certSerialId: null, persistedOpState: IN_SERVICE, persistedOpStateExpiryEpochSec: 0}, ReplicationConfig: RATIS/ONE, State:ALLOCATED, leaderId:ed14f577-cd6a-4282-b253-bcfbdf05676a, CreationTimestamp2022-04-28T13:45:26.515Z[Etc/UTC]] moved to OPEN state
2022-04-28 13:45:29,520 [pool-156-thread-1] INFO  server.RaftServerConfigKeys (ConfUtils.java:logGet(44)) - raft.server.log.queue.element-limit = 1024 (custom)
2022-04-28 13:45:29,520 [pool-156-thread-1] INFO  server.RaftServerConfigKeys (ConfUtils.java:logGet(44)) - raft.server.log.segment.size.max = 1048576 (custom)
2022-04-28 13:45:29,520 [pool-156-thread-1] INFO  server.RaftServerConfigKeys (ConfUtils.java:logGet(44)) - raft.server.log.preallocated.size = 16384 (custom)
2022-04-28 13:45:29,520 [pool-156-thread-1] INFO  server.RaftServerConfigKeys (ConfUtils.java:logGet(44)) - raft.server.log.force.sync.num = 128 (default)
2022-04-28 13:45:29,521 [pool-156-thread-1] INFO  server.RaftServerConfigKeys (ConfUtils.java:logGet(44)) - raft.server.log.statemachine.data.sync = true (default)
2022-04-28 13:45:29,521 [pool-156-thread-1] INFO  server.RaftServerConfigKeys (ConfUtils.java:logGet(44)) - raft.server.log.statemachine.data.sync.timeout = 10s (default)
2022-04-28 13:45:29,521 [pool-156-thread-1] INFO  server.RaftServerConfigKeys (ConfUtils.java:logGet(44)) - raft.server.log.statemachine.data.sync.timeout.retry = -1 (default)
2022-04-28 13:45:29,521 [128f2034-ac44-458c-9192-ab2b916273b9@group-5DE87E184680-StateMachineUpdater] INFO  safemode.HealthyPipelineSafeModeRule (HealthyPipelineSafeModeRule.java:initializeRule(152)) - Refreshed total pipeline count is 0, healthy pipeline threshold count is 1
2022-04-28 13:45:29,523 [EventQueue-OpenPipelineForHealthyPipelineSafeModeRule] INFO  safemode.SCMSafeModeManager (HealthyPipelineSafeModeRule.java:process(124)) - SCM in safe mode. Healthy pipelines reported count is 0, required healthy pipeline reported count is 1
2022-04-28 13:45:29,523 [pool-156-thread-1] INFO  server.RaftServerConfigKeys (ConfUtils.java:logGet(44)) - raft.server.log.write.buffer.size = 1048576 (custom)
2022-04-28 13:45:29,524 [pool-156-thread-1] INFO  server.RaftServerConfigKeys (ConfUtils.java:logGet(44)) - raft.server.log.statemachine.data.caching.enabled = true (custom)
2022-04-28 13:45:29,524 [pool-156-thread-1] INFO  segmented.SegmentedRaftLogWorker (SegmentedRaftLogWorker.java:lambda$new$0(133)) - ed14f577-cd6a-4282-b253-bcfbdf05676a@group-3C38A729D1A2-SegmentedRaftLogWorker: flushIndex: setUnconditionally 0 -> -1
2022-04-28 13:45:29,524 [pool-156-thread-1] INFO  segmented.SegmentedRaftLogWorker (SegmentedRaftLogWorker.java:lambda$new$0(133)) - ed14f577-cd6a-4282-b253-bcfbdf05676a@group-3C38A729D1A2-SegmentedRaftLogWorker: safeCacheEvictIndex: setUnconditionally 0 -> -1
2022-04-28 13:45:29,525 [pool-156-thread-1] INFO  server.RaftServerConfigKeys (ConfUtils.java:logGet(44)) - raft.server.snapshot.auto.trigger.enabled = true (custom)
2022-04-28 13:45:29,527 [pool-156-thread-1] INFO  server.RaftServerConfigKeys (ConfUtils.java:logGet(44)) - raft.server.snapshot.auto.trigger.threshold = 10000 (custom)
2022-04-28 13:45:29,527 [pool-156-thread-1] INFO  server.RaftServerConfigKeys (ConfUtils.java:logGet(44)) - raft.server.snapshot.retention.file.num = 5 (custom)
2022-04-28 13:45:29,527 [pool-156-thread-1] INFO  server.RaftServerConfigKeys (ConfUtils.java:logGet(44)) - raft.server.log.purge.upto.snapshot.index = false (default)
2022-04-28 13:45:29,527 [pool-156-thread-1] INFO  server.RaftServerConfigKeys (ConfUtils.java:logGet(44)) - raft.server.retrycache.expirytime = 600000ms (custom)
2022-04-28 13:45:29,527 [pool-156-thread-1] INFO  server.RaftServerConfigKeys (ConfUtils.java:logGet(44)) - raft.server.retrycache.statistics.expirytime = 100μs (default)
2022-04-28 13:45:29,528 [pool-156-thread-1] INFO  server.RaftServer$Division (RaftServerImpl.java:start(301)) - ed14f577-cd6a-4282-b253-bcfbdf05676a@group-3C38A729D1A2: start as a follower, conf=-1: [ed14f577-cd6a-4282-b253-bcfbdf05676a|rpc:10.1.0.6:43755|priority:1], old=null
2022-04-28 13:45:29,528 [pool-156-thread-1] INFO  server.RaftServer$Division (RaftServerImpl.java:setRole(290)) - ed14f577-cd6a-4282-b253-bcfbdf05676a@group-3C38A729D1A2: changes role from      null to FOLLOWER at term 0 for startAsFollower
2022-04-28 13:45:29,528 [pool-156-thread-1] INFO  impl.RoleInfo (RoleInfo.java:updateAndGet(130)) - ed14f577-cd6a-4282-b253-bcfbdf05676a: start ed14f577-cd6a-4282-b253-bcfbdf05676a@group-3C38A729D1A2-FollowerState
2022-04-28 13:45:29,529 [pool-156-thread-1] INFO  util.JmxRegister (JmxRegister.java:tryRegister(44)) - Successfully registered JMX Bean with object name Ratis:service=RaftServer,group=group-3C38A729D1A2,id=ed14f577-cd6a-4282-b253-bcfbdf05676a
2022-04-28 13:45:29,529 [Command processor thread] INFO  ratis.XceiverServerRatis (XceiverServerRatis.java:addGroup(765)) - Created group PipelineID=1b6a780b-5304-49ed-a91f-3c38a729d1a2
2022-04-28 13:45:29,529 [Command processor thread] INFO  commandhandler.CreatePipelineCommandHandler (CreatePipelineCommandHandler.java:handle(113)) - Created Pipeline RATIS ONE PipelineID=1b6a780b-5304-49ed-a91f-3c38a729d1a2.
2022-04-28 13:45:29,797 [Command processor thread] INFO  server.RaftServer (RaftServerProxy.java:addNew(95)) - 4f6314c6-5f1e-418e-9cab-9d7da23e485e: addNew group-71CF8A036548:[4f6314c6-5f1e-418e-9cab-9d7da23e485e|rpc:10.1.0.6:33597|priority:1] returns group-71CF8A036548:java.util.concurrent.CompletableFuture@450156f[Not completed]
2022-04-28 13:45:29,799 [pool-177-thread-1] INFO  server.RaftServer$Division (RaftServerImpl.java:<init>(184)) - 4f6314c6-5f1e-418e-9cab-9d7da23e485e: new RaftServerImpl for group-71CF8A036548:[4f6314c6-5f1e-418e-9cab-9d7da23e485e|rpc:10.1.0.6:33597|priority:1] with ContainerStateMachine:uninitialized
2022-04-28 13:45:29,799 [pool-177-thread-1] INFO  server.RaftServerConfigKeys (ConfUtils.java:logGet(44)) - raft.server.rpc.timeout.min = 5s (custom)
2022-04-28 13:45:29,799 [pool-177-thread-1] INFO  server.RaftServerConfigKeys (ConfUtils.java:logGet(44)) - raft.server.rpc.timeout.max = 5200ms (custom)
2022-04-28 13:45:29,799 [pool-177-thread-1] INFO  server.RaftServerConfigKeys (ConfUtils.java:logGet(44)) - raft.server.rpc.sleep.time = 25ms (default)
2022-04-28 13:45:29,799 [pool-177-thread-1] INFO  server.RaftServerConfigKeys (ConfUtils.java:logGet(44)) - raft.server.rpc.slowness.timeout = 300000ms (custom)
2022-04-28 13:45:29,799 [pool-177-thread-1] INFO  server.RaftServerConfigKeys (ConfUtils.java:logGet(44)) - raft.server.leaderelection.leader.step-down.wait-time = 10s (default)
2022-04-28 13:45:29,799 [pool-177-thread-1] INFO  server.RaftServerConfigKeys (ConfUtils.java:logGet(44)) - raft.server.sleep.deviation.threshold = 300ms (default)
2022-04-28 13:45:29,799 [pool-177-thread-1] INFO  server.RaftServerConfigKeys (ConfUtils.java:logGet(44)) - raft.server.log.appender.install.snapshot.enabled = false (custom)
2022-04-28 13:45:29,799 [pool-177-thread-1] INFO  server.RaftServer$Division (ServerState.java:<init>(105)) - 4f6314c6-5f1e-418e-9cab-9d7da23e485e@group-71CF8A036548: ConfigurationManager, init=-1: [4f6314c6-5f1e-418e-9cab-9d7da23e485e|rpc:10.1.0.6:33597|priority:1], old=null, confs=<EMPTY_MAP>
2022-04-28 13:45:29,799 [pool-177-thread-1] INFO  server.RaftServerConfigKeys (ConfUtils.java:logGet(44)) - raft.server.storage.dir = [/home/runner/work/ozone/ozone/hadoop-ozone/integration-test/target/test-dir/MiniOzoneClusterImpl-961b773a-55ec-4776-b588-5de87e184680/datanode-5/data/ratis] (custom)
2022-04-28 13:45:29,799 [pool-177-thread-1] INFO  server.RaftServerConfigKeys (ConfUtils.java:logGet(44)) - raft.server.log.corruption.policy = EXCEPTION (default)
2022-04-28 13:45:29,800 [pool-177-thread-1] INFO  server.RaftServerConfigKeys (ConfUtils.java:logGet(44)) - raft.server.storage.free-space.min = 0MB (=0) (default)
2022-04-28 13:45:29,800 [pool-177-thread-1] INFO  storage.RaftStorageDirectory (RaftStorageDirectoryImpl.java:analyzeStorage(135)) - The storage directory /home/runner/work/ozone/ozone/hadoop-ozone/integration-test/target/test-dir/MiniOzoneClusterImpl-961b773a-55ec-4776-b588-5de87e184680/datanode-5/data/ratis/13fe0616-9a5d-43ef-8746-71cf8a036548 does not exist. Creating ...
2022-04-28 13:45:29,801 [pool-177-thread-1] INFO  storage.RaftStorageDirectory (RaftStorageDirectoryImpl.java:tryLock(230)) - Lock on /home/runner/work/ozone/ozone/hadoop-ozone/integration-test/target/test-dir/MiniOzoneClusterImpl-961b773a-55ec-4776-b588-5de87e184680/datanode-5/data/ratis/13fe0616-9a5d-43ef-8746-71cf8a036548/in_use.lock acquired by nodename 9841@fv-az294-869
2022-04-28 13:45:29,802 [pool-177-thread-1] INFO  storage.RaftStorage (RaftStorageImpl.java:format(89)) - Storage directory /home/runner/work/ozone/ozone/hadoop-ozone/integration-test/target/test-dir/MiniOzoneClusterImpl-961b773a-55ec-4776-b588-5de87e184680/datanode-5/data/ratis/13fe0616-9a5d-43ef-8746-71cf8a036548 has been successfully formatted.
2022-04-28 13:45:29,804 [EventQueue-PipelineReportForPipelineReportHandler] INFO  pipeline.PipelineManagerImpl (PipelineManagerImpl.java:openPipeline(328)) - Pipeline Pipeline[ Id: 13fe0616-9a5d-43ef-8746-71cf8a036548, Nodes: 4f6314c6-5f1e-418e-9cab-9d7da23e485e{ip: 10.1.0.6, host: fv-az294-869.eaanfquahm5ulb5tj050gcxych.jx.internal.cloudapp.net, ports: [REPLICATION=44133, RATIS=33597, RATIS_ADMIN=33597, RATIS_SERVER=33597, STANDALONE=36669], networkLocation: /default-rack, certSerialId: null, persistedOpState: IN_SERVICE, persistedOpStateExpiryEpochSec: 0}, ReplicationConfig: RATIS/ONE, State:ALLOCATED, leaderId:4f6314c6-5f1e-418e-9cab-9d7da23e485e, CreationTimestamp2022-04-28T13:45:26.802Z[Etc/UTC]] moved to OPEN state
2022-04-28 13:45:29,806 [128f2034-ac44-458c-9192-ab2b916273b9@group-5DE87E184680-StateMachineUpdater] INFO  safemode.HealthyPipelineSafeModeRule (HealthyPipelineSafeModeRule.java:initializeRule(152)) - Refreshed total pipeline count is 0, healthy pipeline threshold count is 1
2022-04-28 13:45:29,806 [EventQueue-OpenPipelineForHealthyPipelineSafeModeRule] INFO  safemode.SCMSafeModeManager (HealthyPipelineSafeModeRule.java:process(124)) - SCM in safe mode. Healthy pipelines reported count is 0, required healthy pipeline reported count is 1
2022-04-28 13:45:29,809 [pool-177-thread-1] INFO  ratis.ContainerStateMachine (ContainerStateMachine.java:loadSnapshot(236)) - group-71CF8A036548: The snapshot info is null. Setting the last applied indexto:(t:0, i:~)
2022-04-28 13:45:29,810 [pool-177-thread-1] INFO  server.RaftServerConfigKeys (ConfUtils.java:logGet(44)) - raft.server.notification.no-leader.timeout = 300000ms (custom)
2022-04-28 13:45:29,810 [pool-177-thread-1] INFO  server.RaftServerConfigKeys (ConfUtils.java:logGet(44)) - raft.server.log.use.memory = false (default)
2022-04-28 13:45:29,810 [pool-177-thread-1] INFO  server.RaftServerConfigKeys (ConfUtils.java:logGet(44)) - raft.server.log.purge.gap = 1000000 (custom)
2022-04-28 13:45:29,810 [pool-177-thread-1] INFO  server.RaftServerConfigKeys (ConfUtils.java:logGet(44)) - raft.server.log.appender.buffer.byte-limit = 33554432 (custom)
2022-04-28 13:45:29,810 [pool-177-thread-1] INFO  server.RaftServerConfigKeys (ConfUtils.java:logGet(44)) - raft.server.log.segment.size.max = 1048576 (custom)
2022-04-28 13:45:29,810 [pool-177-thread-1] INFO  server.RaftServerConfigKeys (ConfUtils.java:logGet(44)) - raft.server.log.segment.cache.num.max = 2 (custom)
2022-04-28 13:45:29,810 [pool-177-thread-1] INFO  server.RaftServerConfigKeys (ConfUtils.java:logGet(44)) - raft.server.log.segment.cache.size.max = 200MB (=209715200) (default)
2022-04-28 13:45:29,810 [pool-177-thread-1] INFO  segmented.SegmentedRaftLogWorker (SegmentedRaftLogWorker.java:<init>(182)) - new 4f6314c6-5f1e-418e-9cab-9d7da23e485e@group-71CF8A036548-SegmentedRaftLogWorker for RaftStorageImpl:Storage Directory /home/runner/work/ozone/ozone/hadoop-ozone/integration-test/target/test-dir/MiniOzoneClusterImpl-961b773a-55ec-4776-b588-5de87e184680/datanode-5/data/ratis/13fe0616-9a5d-43ef-8746-71cf8a036548
2022-04-28 13:45:29,810 [pool-177-thread-1] INFO  server.RaftServerConfigKeys (ConfUtils.java:logGet(44)) - raft.server.log.queue.byte-limit = 4294967296 (custom)
2022-04-28 13:45:29,811 [pool-177-thread-1] INFO  server.RaftServerConfigKeys (ConfUtils.java:logGet(44)) - raft.server.log.queue.element-limit = 1024 (custom)
2022-04-28 13:45:29,811 [pool-177-thread-1] INFO  server.RaftServerConfigKeys (ConfUtils.java:logGet(44)) - raft.server.log.segment.size.max = 1048576 (custom)
2022-04-28 13:45:29,811 [pool-177-thread-1] INFO  server.RaftServerConfigKeys (ConfUtils.java:logGet(44)) - raft.server.log.preallocated.size = 16384 (custom)
2022-04-28 13:45:29,811 [pool-177-thread-1] INFO  server.RaftServerConfigKeys (ConfUtils.java:logGet(44)) - raft.server.log.force.sync.num = 128 (default)
2022-04-28 13:45:29,811 [pool-177-thread-1] INFO  server.RaftServerConfigKeys (ConfUtils.java:logGet(44)) - raft.server.log.statemachine.data.sync = true (default)
2022-04-28 13:45:29,811 [pool-177-thread-1] INFO  server.RaftServerConfigKeys (ConfUtils.java:logGet(44)) - raft.server.log.statemachine.data.sync.timeout = 10s (default)
2022-04-28 13:45:29,811 [pool-177-thread-1] INFO  server.RaftServerConfigKeys (ConfUtils.java:logGet(44)) - raft.server.log.statemachine.data.sync.timeout.retry = -1 (default)
2022-04-28 13:45:29,812 [pool-177-thread-1] INFO  server.RaftServerConfigKeys (ConfUtils.java:logGet(44)) - raft.server.log.write.buffer.size = 1048576 (custom)
2022-04-28 13:45:29,812 [pool-177-thread-1] INFO  server.RaftServerConfigKeys (ConfUtils.java:logGet(44)) - raft.server.log.statemachine.data.caching.enabled = true (custom)
2022-04-28 13:45:29,812 [pool-177-thread-1] INFO  segmented.SegmentedRaftLogWorker (SegmentedRaftLogWorker.java:lambda$new$0(133)) - 4f6314c6-5f1e-418e-9cab-9d7da23e485e@group-71CF8A036548-SegmentedRaftLogWorker: flushIndex: setUnconditionally 0 -> -1
2022-04-28 13:45:29,813 [pool-177-thread-1] INFO  segmented.SegmentedRaftLogWorker (SegmentedRaftLogWorker.java:lambda$new$0(133)) - 4f6314c6-5f1e-418e-9cab-9d7da23e485e@group-71CF8A036548-SegmentedRaftLogWorker: safeCacheEvictIndex: setUnconditionally 0 -> -1
2022-04-28 13:45:29,813 [pool-177-thread-1] INFO  server.RaftServerConfigKeys (ConfUtils.java:logGet(44)) - raft.server.snapshot.auto.trigger.enabled = true (custom)
2022-04-28 13:45:29,813 [pool-177-thread-1] INFO  server.RaftServerConfigKeys (ConfUtils.java:logGet(44)) - raft.server.snapshot.auto.trigger.threshold = 10000 (custom)
2022-04-28 13:45:29,813 [pool-177-thread-1] INFO  server.RaftServerConfigKeys (ConfUtils.java:logGet(44)) - raft.server.snapshot.retention.file.num = 5 (custom)
2022-04-28 13:45:29,813 [pool-177-thread-1] INFO  server.RaftServerConfigKeys (ConfUtils.java:logGet(44)) - raft.server.log.purge.upto.snapshot.index = false (default)
2022-04-28 13:45:29,813 [pool-177-thread-1] INFO  server.RaftServerConfigKeys (ConfUtils.java:logGet(44)) - raft.server.retrycache.expirytime = 600000ms (custom)
2022-04-28 13:45:29,813 [pool-177-thread-1] INFO  server.RaftServerConfigKeys (ConfUtils.java:logGet(44)) - raft.server.retrycache.statistics.expirytime = 100μs (default)
2022-04-28 13:45:29,814 [pool-177-thread-1] INFO  server.RaftServer$Division (RaftServerImpl.java:start(301)) - 4f6314c6-5f1e-418e-9cab-9d7da23e485e@group-71CF8A036548: start as a follower, conf=-1: [4f6314c6-5f1e-418e-9cab-9d7da23e485e|rpc:10.1.0.6:33597|priority:1], old=null
2022-04-28 13:45:29,814 [pool-177-thread-1] INFO  server.RaftServer$Division (RaftServerImpl.java:setRole(290)) - 4f6314c6-5f1e-418e-9cab-9d7da23e485e@group-71CF8A036548: changes role from      null to FOLLOWER at term 0 for startAsFollower
2022-04-28 13:45:29,814 [pool-177-thread-1] INFO  impl.RoleInfo (RoleInfo.java:updateAndGet(130)) - 4f6314c6-5f1e-418e-9cab-9d7da23e485e: start 4f6314c6-5f1e-418e-9cab-9d7da23e485e@group-71CF8A036548-FollowerState
2022-04-28 13:45:29,820 [pool-177-thread-1] INFO  util.JmxRegister (JmxRegister.java:tryRegister(44)) - Successfully registered JMX Bean with object name Ratis:service=RaftServer,group=group-71CF8A036548,id=4f6314c6-5f1e-418e-9cab-9d7da23e485e
2022-04-28 13:45:29,820 [Command processor thread] INFO  ratis.XceiverServerRatis (XceiverServerRatis.java:addGroup(765)) - Created group PipelineID=13fe0616-9a5d-43ef-8746-71cf8a036548
2022-04-28 13:45:29,821 [Command processor thread] INFO  commandhandler.CreatePipelineCommandHandler (CreatePipelineCommandHandler.java:handle(113)) - Created Pipeline RATIS ONE PipelineID=13fe0616-9a5d-43ef-8746-71cf8a036548.
2022-04-28 13:45:30,076 [Listener at 127.0.0.1/38637] INFO  ozone.MiniOzoneClusterImpl (MiniOzoneClusterImpl.java:lambda$waitForClusterToBeReady$0(221)) - Nodes are ready. Got 7 of 7 DN Heartbeats.
2022-04-28 13:45:30,076 [Listener at 127.0.0.1/38637] INFO  ozone.MiniOzoneClusterImpl (MiniOzoneClusterImpl.java:lambda$waitForClusterToBeReady$0(224)) - Waiting for cluster to exit safe mode
2022-04-28 13:45:30,076 [Listener at 127.0.0.1/38637] INFO  ozone.MiniOzoneClusterImpl (MiniOzoneClusterImpl.java:lambda$waitForClusterToBeReady$0(226)) - SCM became leader
2022-04-28 13:45:30,109 [Command processor thread] INFO  server.RaftServer (RaftServerProxy.java:addNew(95)) - 35bc48eb-3a69-4b93-a612-e068df06f99e: addNew group-48175AE9934B:[35bc48eb-3a69-4b93-a612-e068df06f99e|rpc:10.1.0.6:43573|priority:1] returns group-48175AE9934B:java.util.concurrent.CompletableFuture@650b7f03[Not completed]
2022-04-28 13:45:30,110 [pool-198-thread-1] INFO  server.RaftServer$Division (RaftServerImpl.java:<init>(184)) - 35bc48eb-3a69-4b93-a612-e068df06f99e: new RaftServerImpl for group-48175AE9934B:[35bc48eb-3a69-4b93-a612-e068df06f99e|rpc:10.1.0.6:43573|priority:1] with ContainerStateMachine:uninitialized
2022-04-28 13:45:30,110 [pool-198-thread-1] INFO  server.RaftServerConfigKeys (ConfUtils.java:logGet(44)) - raft.server.rpc.timeout.min = 5s (custom)
2022-04-28 13:45:30,110 [pool-198-thread-1] INFO  server.RaftServerConfigKeys (ConfUtils.java:logGet(44)) - raft.server.rpc.timeout.max = 5200ms (custom)
2022-04-28 13:45:30,110 [pool-198-thread-1] INFO  server.RaftServerConfigKeys (ConfUtils.java:logGet(44)) - raft.server.rpc.sleep.time = 25ms (default)
2022-04-28 13:45:30,111 [pool-198-thread-1] INFO  server.RaftServerConfigKeys (ConfUtils.java:logGet(44)) - raft.server.rpc.slowness.timeout = 300000ms (custom)
2022-04-28 13:45:30,111 [pool-198-thread-1] INFO  server.RaftServerConfigKeys (ConfUtils.java:logGet(44)) - raft.server.leaderelection.leader.step-down.wait-time = 10s (default)
2022-04-28 13:45:30,111 [pool-198-thread-1] INFO  server.RaftServerConfigKeys (ConfUtils.java:logGet(44)) - raft.server.sleep.deviation.threshold = 300ms (default)
2022-04-28 13:45:30,111 [pool-198-thread-1] INFO  server.RaftServerConfigKeys (ConfUtils.java:logGet(44)) - raft.server.log.appender.install.snapshot.enabled = false (custom)
2022-04-28 13:45:30,111 [pool-198-thread-1] INFO  server.RaftServer$Division (ServerState.java:<init>(105)) - 35bc48eb-3a69-4b93-a612-e068df06f99e@group-48175AE9934B: ConfigurationManager, init=-1: [35bc48eb-3a69-4b93-a612-e068df06f99e|rpc:10.1.0.6:43573|priority:1], old=null, confs=<EMPTY_MAP>
2022-04-28 13:45:30,111 [pool-198-thread-1] INFO  server.RaftServerConfigKeys (ConfUtils.java:logGet(44)) - raft.server.storage.dir = [/home/runner/work/ozone/ozone/hadoop-ozone/integration-test/target/test-dir/MiniOzoneClusterImpl-961b773a-55ec-4776-b588-5de87e184680/datanode-6/data/ratis] (custom)
2022-04-28 13:45:30,111 [pool-198-thread-1] INFO  server.RaftServerConfigKeys (ConfUtils.java:logGet(44)) - raft.server.log.corruption.policy = EXCEPTION (default)
2022-04-28 13:45:30,111 [pool-198-thread-1] INFO  server.RaftServerConfigKeys (ConfUtils.java:logGet(44)) - raft.server.storage.free-space.min = 0MB (=0) (default)
2022-04-28 13:45:30,111 [pool-198-thread-1] INFO  storage.RaftStorageDirectory (RaftStorageDirectoryImpl.java:analyzeStorage(135)) - The storage directory /home/runner/work/ozone/ozone/hadoop-ozone/integration-test/target/test-dir/MiniOzoneClusterImpl-961b773a-55ec-4776-b588-5de87e184680/datanode-6/data/ratis/1de3288d-9c66-4b35-849f-48175ae9934b does not exist. Creating ...
2022-04-28 13:45:30,112 [pool-198-thread-1] INFO  storage.RaftStorageDirectory (RaftStorageDirectoryImpl.java:tryLock(230)) - Lock on /home/runner/work/ozone/ozone/hadoop-ozone/integration-test/target/test-dir/MiniOzoneClusterImpl-961b773a-55ec-4776-b588-5de87e184680/datanode-6/data/ratis/1de3288d-9c66-4b35-849f-48175ae9934b/in_use.lock acquired by nodename 9841@fv-az294-869
2022-04-28 13:45:30,113 [pool-198-thread-1] INFO  storage.RaftStorage (RaftStorageImpl.java:format(89)) - Storage directory /home/runner/work/ozone/ozone/hadoop-ozone/integration-test/target/test-dir/MiniOzoneClusterImpl-961b773a-55ec-4776-b588-5de87e184680/datanode-6/data/ratis/1de3288d-9c66-4b35-849f-48175ae9934b has been successfully formatted.
2022-04-28 13:45:30,114 [pool-198-thread-1] INFO  ratis.ContainerStateMachine (ContainerStateMachine.java:loadSnapshot(236)) - group-48175AE9934B: The snapshot info is null. Setting the last applied indexto:(t:0, i:~)
2022-04-28 13:45:30,114 [pool-198-thread-1] INFO  server.RaftServerConfigKeys (ConfUtils.java:logGet(44)) - raft.server.notification.no-leader.timeout = 300000ms (custom)
2022-04-28 13:45:30,115 [pool-198-thread-1] INFO  server.RaftServerConfigKeys (ConfUtils.java:logGet(44)) - raft.server.log.use.memory = false (default)
2022-04-28 13:45:30,115 [pool-198-thread-1] INFO  server.RaftServerConfigKeys (ConfUtils.java:logGet(44)) - raft.server.log.purge.gap = 1000000 (custom)
2022-04-28 13:45:30,115 [pool-198-thread-1] INFO  server.RaftServerConfigKeys (ConfUtils.java:logGet(44)) - raft.server.log.appender.buffer.byte-limit = 33554432 (custom)
2022-04-28 13:45:30,115 [pool-198-thread-1] INFO  server.RaftServerConfigKeys (ConfUtils.java:logGet(44)) - raft.server.log.segment.size.max = 1048576 (custom)
2022-04-28 13:45:30,115 [pool-198-thread-1] INFO  server.RaftServerConfigKeys (ConfUtils.java:logGet(44)) - raft.server.log.segment.cache.num.max = 2 (custom)
2022-04-28 13:45:30,115 [pool-198-thread-1] INFO  server.RaftServerConfigKeys (ConfUtils.java:logGet(44)) - raft.server.log.segment.cache.size.max = 200MB (=209715200) (default)
2022-04-28 13:45:30,115 [pool-198-thread-1] INFO  segmented.SegmentedRaftLogWorker (SegmentedRaftLogWorker.java:<init>(182)) - new 35bc48eb-3a69-4b93-a612-e068df06f99e@group-48175AE9934B-SegmentedRaftLogWorker for RaftStorageImpl:Storage Directory /home/runner/work/ozone/ozone/hadoop-ozone/integration-test/target/test-dir/MiniOzoneClusterImpl-961b773a-55ec-4776-b588-5de87e184680/datanode-6/data/ratis/1de3288d-9c66-4b35-849f-48175ae9934b
2022-04-28 13:45:30,115 [pool-198-thread-1] INFO  server.RaftServerConfigKeys (ConfUtils.java:logGet(44)) - raft.server.log.queue.byte-limit = 4294967296 (custom)
2022-04-28 13:45:30,116 [pool-198-thread-1] INFO  server.RaftServerConfigKeys (ConfUtils.java:logGet(44)) - raft.server.log.queue.element-limit = 1024 (custom)
2022-04-28 13:45:30,116 [pool-198-thread-1] INFO  server.RaftServerConfigKeys (ConfUtils.java:logGet(44)) - raft.server.log.segment.size.max = 1048576 (custom)
2022-04-28 13:45:30,116 [pool-198-thread-1] INFO  server.RaftServerConfigKeys (ConfUtils.java:logGet(44)) - raft.server.log.preallocated.size = 16384 (custom)
2022-04-28 13:45:30,116 [pool-198-thread-1] INFO  server.RaftServerConfigKeys (ConfUtils.java:logGet(44)) - raft.server.log.force.sync.num = 128 (default)
2022-04-28 13:45:30,116 [pool-198-thread-1] INFO  server.RaftServerConfigKeys (ConfUtils.java:logGet(44)) - raft.server.log.statemachine.data.sync = true (default)
2022-04-28 13:45:30,116 [pool-198-thread-1] INFO  server.RaftServerConfigKeys (ConfUtils.java:logGet(44)) - raft.server.log.statemachine.data.sync.timeout = 10s (default)
2022-04-28 13:45:30,116 [pool-198-thread-1] INFO  server.RaftServerConfigKeys (ConfUtils.java:logGet(44)) - raft.server.log.statemachine.data.sync.timeout.retry = -1 (default)
2022-04-28 13:45:30,116 [EventQueue-PipelineReportForPipelineReportHandler] INFO  pipeline.PipelineManagerImpl (PipelineManagerImpl.java:openPipeline(328)) - Pipeline Pipeline[ Id: 1de3288d-9c66-4b35-849f-48175ae9934b, Nodes: 35bc48eb-3a69-4b93-a612-e068df06f99e{ip: 10.1.0.6, host: fv-az294-869.eaanfquahm5ulb5tj050gcxych.jx.internal.cloudapp.net, ports: [REPLICATION=33537, RATIS=43573, RATIS_ADMIN=43573, RATIS_SERVER=43573, STANDALONE=42905], networkLocation: /default-rack, certSerialId: null, persistedOpState: IN_SERVICE, persistedOpStateExpiryEpochSec: 0}, ReplicationConfig: RATIS/ONE, State:ALLOCATED, leaderId:35bc48eb-3a69-4b93-a612-e068df06f99e, CreationTimestamp2022-04-28T13:45:27.111Z[Etc/UTC]] moved to OPEN state
2022-04-28 13:45:30,116 [pool-198-thread-1] INFO  server.RaftServerConfigKeys (ConfUtils.java:logGet(44)) - raft.server.log.write.buffer.size = 1048576 (custom)
2022-04-28 13:45:30,118 [128f2034-ac44-458c-9192-ab2b916273b9@group-5DE87E184680-StateMachineUpdater] INFO  safemode.HealthyPipelineSafeModeRule (HealthyPipelineSafeModeRule.java:initializeRule(152)) - Refreshed total pipeline count is 0, healthy pipeline threshold count is 1
2022-04-28 13:45:30,117 [pool-198-thread-1] INFO  server.RaftServerConfigKeys (ConfUtils.java:logGet(44)) - raft.server.log.statemachine.data.caching.enabled = true (custom)
2022-04-28 13:45:30,119 [EventQueue-OpenPipelineForHealthyPipelineSafeModeRule] INFO  safemode.SCMSafeModeManager (HealthyPipelineSafeModeRule.java:process(124)) - SCM in safe mode. Healthy pipelines reported count is 0, required healthy pipeline reported count is 1
2022-04-28 13:45:30,120 [pool-198-thread-1] INFO  segmented.SegmentedRaftLogWorker (SegmentedRaftLogWorker.java:lambda$new$0(133)) - 35bc48eb-3a69-4b93-a612-e068df06f99e@group-48175AE9934B-SegmentedRaftLogWorker: flushIndex: setUnconditionally 0 -> -1
2022-04-28 13:45:30,120 [pool-198-thread-1] INFO  segmented.SegmentedRaftLogWorker (SegmentedRaftLogWorker.java:lambda$new$0(133)) - 35bc48eb-3a69-4b93-a612-e068df06f99e@group-48175AE9934B-SegmentedRaftLogWorker: safeCacheEvictIndex: setUnconditionally 0 -> -1
2022-04-28 13:45:30,122 [pool-198-thread-1] INFO  server.RaftServerConfigKeys (ConfUtils.java:logGet(44)) - raft.server.snapshot.auto.trigger.enabled = true (custom)
2022-04-28 13:45:30,122 [pool-198-thread-1] INFO  server.RaftServerConfigKeys (ConfUtils.java:logGet(44)) - raft.server.snapshot.auto.trigger.threshold = 10000 (custom)
2022-04-28 13:45:30,122 [pool-198-thread-1] INFO  server.RaftServerConfigKeys (ConfUtils.java:logGet(44)) - raft.server.snapshot.retention.file.num = 5 (custom)
2022-04-28 13:45:30,122 [pool-198-thread-1] INFO  server.RaftServerConfigKeys (ConfUtils.java:logGet(44)) - raft.server.log.purge.upto.snapshot.index = false (default)
2022-04-28 13:45:30,122 [pool-198-thread-1] INFO  server.RaftServerConfigKeys (ConfUtils.java:logGet(44)) - raft.server.retrycache.expirytime = 600000ms (custom)
2022-04-28 13:45:30,122 [pool-198-thread-1] INFO  server.RaftServerConfigKeys (ConfUtils.java:logGet(44)) - raft.server.retrycache.statistics.expirytime = 100μs (default)
2022-04-28 13:45:30,123 [pool-198-thread-1] INFO  server.RaftServer$Division (RaftServerImpl.java:start(301)) - 35bc48eb-3a69-4b93-a612-e068df06f99e@group-48175AE9934B: start as a follower, conf=-1: [35bc48eb-3a69-4b93-a612-e068df06f99e|rpc:10.1.0.6:43573|priority:1], old=null
2022-04-28 13:45:30,123 [pool-198-thread-1] INFO  server.RaftServer$Division (RaftServerImpl.java:setRole(290)) - 35bc48eb-3a69-4b93-a612-e068df06f99e@group-48175AE9934B: changes role from      null to FOLLOWER at term 0 for startAsFollower
2022-04-28 13:45:30,123 [pool-198-thread-1] INFO  impl.RoleInfo (RoleInfo.java:updateAndGet(130)) - 35bc48eb-3a69-4b93-a612-e068df06f99e: start 35bc48eb-3a69-4b93-a612-e068df06f99e@group-48175AE9934B-FollowerState
2022-04-28 13:45:30,123 [pool-198-thread-1] INFO  util.JmxRegister (JmxRegister.java:tryRegister(44)) - Successfully registered JMX Bean with object name Ratis:service=RaftServer,group=group-48175AE9934B,id=35bc48eb-3a69-4b93-a612-e068df06f99e
2022-04-28 13:45:30,124 [Command processor thread] INFO  ratis.XceiverServerRatis (XceiverServerRatis.java:addGroup(765)) - Created group PipelineID=1de3288d-9c66-4b35-849f-48175ae9934b
2022-04-28 13:45:30,124 [Command processor thread] INFO  commandhandler.CreatePipelineCommandHandler (CreatePipelineCommandHandler.java:handle(113)) - Created Pipeline RATIS ONE PipelineID=1de3288d-9c66-4b35-849f-48175ae9934b.
2022-04-28 13:45:31,076 [Listener at 127.0.0.1/38637] INFO  ozone.MiniOzoneClusterImpl (MiniOzoneClusterImpl.java:lambda$waitForClusterToBeReady$0(221)) - Nodes are ready. Got 7 of 7 DN Heartbeats.
2022-04-28 13:45:31,077 [Listener at 127.0.0.1/38637] INFO  ozone.MiniOzoneClusterImpl (MiniOzoneClusterImpl.java:lambda$waitForClusterToBeReady$0(224)) - Waiting for cluster to exit safe mode
2022-04-28 13:45:31,077 [Listener at 127.0.0.1/38637] INFO  ozone.MiniOzoneClusterImpl (MiniOzoneClusterImpl.java:lambda$waitForClusterToBeReady$0(226)) - SCM became leader
2022-04-28 13:45:32,077 [Listener at 127.0.0.1/38637] INFO  ozone.MiniOzoneClusterImpl (MiniOzoneClusterImpl.java:lambda$waitForClusterToBeReady$0(221)) - Nodes are ready. Got 7 of 7 DN Heartbeats.
2022-04-28 13:45:32,077 [Listener at 127.0.0.1/38637] INFO  ozone.MiniOzoneClusterImpl (MiniOzoneClusterImpl.java:lambda$waitForClusterToBeReady$0(224)) - Waiting for cluster to exit safe mode
2022-04-28 13:45:32,077 [Listener at 127.0.0.1/38637] INFO  ozone.MiniOzoneClusterImpl (MiniOzoneClusterImpl.java:lambda$waitForClusterToBeReady$0(226)) - SCM became leader
2022-04-28 13:45:33,078 [Listener at 127.0.0.1/38637] INFO  ozone.MiniOzoneClusterImpl (MiniOzoneClusterImpl.java:lambda$waitForClusterToBeReady$0(221)) - Nodes are ready. Got 7 of 7 DN Heartbeats.
2022-04-28 13:45:33,078 [Listener at 127.0.0.1/38637] INFO  ozone.MiniOzoneClusterImpl (MiniOzoneClusterImpl.java:lambda$waitForClusterToBeReady$0(224)) - Waiting for cluster to exit safe mode
2022-04-28 13:45:33,078 [Listener at 127.0.0.1/38637] INFO  ozone.MiniOzoneClusterImpl (MiniOzoneClusterImpl.java:lambda$waitForClusterToBeReady$0(226)) - SCM became leader
2022-04-28 13:45:33,178 [5f73a725-0f40-4029-8a7b-0ac4f52c09c7@group-1E6DBB551F13-FollowerState] INFO  impl.FollowerState (FollowerState.java:run(134)) - 5f73a725-0f40-4029-8a7b-0ac4f52c09c7@group-1E6DBB551F13-FollowerState: change to CANDIDATE, lastRpcElapsedTime:5010555058ns, electionTimeout:5007ms
2022-04-28 13:45:33,178 [5f73a725-0f40-4029-8a7b-0ac4f52c09c7@group-1E6DBB551F13-FollowerState] INFO  impl.RoleInfo (RoleInfo.java:shutdownFollowerState(108)) - 5f73a725-0f40-4029-8a7b-0ac4f52c09c7: shutdown 5f73a725-0f40-4029-8a7b-0ac4f52c09c7@group-1E6DBB551F13-FollowerState
2022-04-28 13:45:33,179 [5f73a725-0f40-4029-8a7b-0ac4f52c09c7@group-1E6DBB551F13-FollowerState] INFO  server.RaftServer$Division (RaftServerImpl.java:setRole(290)) - 5f73a725-0f40-4029-8a7b-0ac4f52c09c7@group-1E6DBB551F13: changes role from  FOLLOWER to CANDIDATE at term 0 for changeToCandidate
2022-04-28 13:45:33,179 [5f73a725-0f40-4029-8a7b-0ac4f52c09c7@group-1E6DBB551F13-FollowerState] INFO  server.RaftServerConfigKeys (ConfUtils.java:logGet(44)) - raft.server.leaderelection.pre-vote = false (custom)
2022-04-28 13:45:33,179 [5f73a725-0f40-4029-8a7b-0ac4f52c09c7@group-1E6DBB551F13-FollowerState] INFO  impl.RoleInfo (RoleInfo.java:updateAndGet(130)) - 5f73a725-0f40-4029-8a7b-0ac4f52c09c7: start 5f73a725-0f40-4029-8a7b-0ac4f52c09c7@group-1E6DBB551F13-LeaderElection4
2022-04-28 13:45:33,182 [5f73a725-0f40-4029-8a7b-0ac4f52c09c7@group-1E6DBB551F13-LeaderElection4] INFO  impl.LeaderElection (LeaderElection.java:askForVotes(306)) - 5f73a725-0f40-4029-8a7b-0ac4f52c09c7@group-1E6DBB551F13-LeaderElection4 ELECTION round 0: submit vote requests at term 1 for -1: [ab92dd13-3a3c-494a-a601-0001755b8ba9|rpc:10.1.0.6:38077|priority:1, 5f73a725-0f40-4029-8a7b-0ac4f52c09c7|rpc:10.1.0.6:38783|priority:0, 0560cff9-c55c-4a15-aea8-16ef2e8911e2|rpc:10.1.0.6:37139|priority:0], old=null
2022-04-28 13:45:33,201 [grpc-default-executor-0] INFO  server.RaftServer$Division (RaftServerImpl.java:requestVote(1046)) - ab92dd13-3a3c-494a-a601-0001755b8ba9@group-1E6DBB551F13: receive requestVote(ELECTION, 5f73a725-0f40-4029-8a7b-0ac4f52c09c7, group-1E6DBB551F13, 1, (t:0, i:0))
2022-04-28 13:45:33,202 [grpc-default-executor-0] INFO  impl.VoteContext (VoteContext.java:log(48)) - ab92dd13-3a3c-494a-a601-0001755b8ba9@group-1E6DBB551F13-FOLLOWER: reject ELECTION from 5f73a725-0f40-4029-8a7b-0ac4f52c09c7: our priority 1 > candidate's priority 0
2022-04-28 13:45:33,203 [grpc-default-executor-0] INFO  server.RaftServer$Division (RaftServerImpl.java:setRole(290)) - ab92dd13-3a3c-494a-a601-0001755b8ba9@group-1E6DBB551F13: changes role from  FOLLOWER to FOLLOWER at term 1 for candidate:5f73a725-0f40-4029-8a7b-0ac4f52c09c7
2022-04-28 13:45:33,203 [grpc-default-executor-0] INFO  impl.RoleInfo (RoleInfo.java:shutdownFollowerState(108)) - ab92dd13-3a3c-494a-a601-0001755b8ba9: shutdown ab92dd13-3a3c-494a-a601-0001755b8ba9@group-1E6DBB551F13-FollowerState
2022-04-28 13:45:33,204 [ab92dd13-3a3c-494a-a601-0001755b8ba9@group-1E6DBB551F13-FollowerState] INFO  impl.FollowerState (FollowerState.java:run(143)) - ab92dd13-3a3c-494a-a601-0001755b8ba9@group-1E6DBB551F13-FollowerState was interrupted: {}
java.lang.InterruptedException: sleep interrupted
	at java.lang.Thread.sleep(Native Method)
	at java.lang.Thread.sleep(Thread.java:342)
	at java.util.concurrent.TimeUnit.sleep(TimeUnit.java:386)
	at org.apache.ratis.util.TimeDuration.sleep(TimeDuration.java:324)
	at org.apache.ratis.util.TimeDuration.sleep(TimeDuration.java:309)
	at org.apache.ratis.server.impl.FollowerState.run(FollowerState.java:118)
2022-04-28 13:45:33,206 [grpc-default-executor-1] INFO  server.RaftServer$Division (RaftServerImpl.java:requestVote(1046)) - 0560cff9-c55c-4a15-aea8-16ef2e8911e2@group-1E6DBB551F13: receive requestVote(ELECTION, 5f73a725-0f40-4029-8a7b-0ac4f52c09c7, group-1E6DBB551F13, 1, (t:0, i:0))
2022-04-28 13:45:33,206 [grpc-default-executor-1] INFO  impl.VoteContext (VoteContext.java:log(48)) - 0560cff9-c55c-4a15-aea8-16ef2e8911e2@group-1E6DBB551F13-FOLLOWER: accept ELECTION from 5f73a725-0f40-4029-8a7b-0ac4f52c09c7: our priority 0 <= candidate's priority 0
2022-04-28 13:45:33,207 [grpc-default-executor-1] INFO  server.RaftServer$Division (RaftServerImpl.java:setRole(290)) - 0560cff9-c55c-4a15-aea8-16ef2e8911e2@group-1E6DBB551F13: changes role from  FOLLOWER to FOLLOWER at term 1 for candidate:5f73a725-0f40-4029-8a7b-0ac4f52c09c7
2022-04-28 13:45:33,207 [grpc-default-executor-1] INFO  impl.RoleInfo (RoleInfo.java:shutdownFollowerState(108)) - 0560cff9-c55c-4a15-aea8-16ef2e8911e2: shutdown 0560cff9-c55c-4a15-aea8-16ef2e8911e2@group-1E6DBB551F13-FollowerState
2022-04-28 13:45:33,207 [grpc-default-executor-1] INFO  impl.RoleInfo (RoleInfo.java:updateAndGet(130)) - 0560cff9-c55c-4a15-aea8-16ef2e8911e2: start 0560cff9-c55c-4a15-aea8-16ef2e8911e2@group-1E6DBB551F13-FollowerState
2022-04-28 13:45:33,208 [0560cff9-c55c-4a15-aea8-16ef2e8911e2@group-1E6DBB551F13-FollowerState] INFO  impl.FollowerState (FollowerState.java:run(143)) - 0560cff9-c55c-4a15-aea8-16ef2e8911e2@group-1E6DBB551F13-FollowerState was interrupted: {}
java.lang.InterruptedException: sleep interrupted
	at java.lang.Thread.sleep(Native Method)
	at java.lang.Thread.sleep(Thread.java:342)
	at java.util.concurrent.TimeUnit.sleep(TimeUnit.java:386)
	at org.apache.ratis.util.TimeDuration.sleep(TimeDuration.java:324)
	at org.apache.ratis.util.TimeDuration.sleep(TimeDuration.java:309)
	at org.apache.ratis.server.impl.FollowerState.run(FollowerState.java:118)
2022-04-28 13:45:33,205 [grpc-default-executor-0] INFO  impl.RoleInfo (RoleInfo.java:updateAndGet(130)) - ab92dd13-3a3c-494a-a601-0001755b8ba9: start ab92dd13-3a3c-494a-a601-0001755b8ba9@group-1E6DBB551F13-FollowerState
2022-04-28 13:45:33,217 [grpc-default-executor-1] INFO  server.RaftServer$Division (RaftServerImpl.java:requestVote(1078)) - 0560cff9-c55c-4a15-aea8-16ef2e8911e2@group-1E6DBB551F13 replies to ELECTION vote request: 5f73a725-0f40-4029-8a7b-0ac4f52c09c7<-0560cff9-c55c-4a15-aea8-16ef2e8911e2#0:OK-t1. Peer's state: 0560cff9-c55c-4a15-aea8-16ef2e8911e2@group-1E6DBB551F13:t1, leader=null, voted=5f73a725-0f40-4029-8a7b-0ac4f52c09c7, raftlog=0560cff9-c55c-4a15-aea8-16ef2e8911e2@group-1E6DBB551F13-SegmentedRaftLog:OPENED:c-1, conf=-1: [ab92dd13-3a3c-494a-a601-0001755b8ba9|rpc:10.1.0.6:38077|dataStream:|priority:1, 5f73a725-0f40-4029-8a7b-0ac4f52c09c7|rpc:10.1.0.6:38783|dataStream:|priority:0, 0560cff9-c55c-4a15-aea8-16ef2e8911e2|rpc:10.1.0.6:37139|dataStream:|priority:0], old=null
2022-04-28 13:45:33,217 [grpc-default-executor-0] INFO  server.RaftServer$Division (RaftServerImpl.java:requestVote(1078)) - ab92dd13-3a3c-494a-a601-0001755b8ba9@group-1E6DBB551F13 replies to ELECTION vote request: 5f73a725-0f40-4029-8a7b-0ac4f52c09c7<-ab92dd13-3a3c-494a-a601-0001755b8ba9#0:FAIL-t1. Peer's state: ab92dd13-3a3c-494a-a601-0001755b8ba9@group-1E6DBB551F13:t1, leader=null, voted=null, raftlog=ab92dd13-3a3c-494a-a601-0001755b8ba9@group-1E6DBB551F13-SegmentedRaftLog:OPENED:c-1, conf=-1: [ab92dd13-3a3c-494a-a601-0001755b8ba9|rpc:10.1.0.6:38077|priority:1, 5f73a725-0f40-4029-8a7b-0ac4f52c09c7|rpc:10.1.0.6:38783|priority:0, 0560cff9-c55c-4a15-aea8-16ef2e8911e2|rpc:10.1.0.6:37139|priority:0], old=null
2022-04-28 13:45:33,223 [5f73a725-0f40-4029-8a7b-0ac4f52c09c7@group-1E6DBB551F13-LeaderElection4] INFO  impl.LeaderElection (LeaderElection.java:logAndReturn(89)) - 5f73a725-0f40-4029-8a7b-0ac4f52c09c7@group-1E6DBB551F13-LeaderElection4: ELECTION REJECTED received 1 response(s) and 0 exception(s):
2022-04-28 13:45:33,224 [5f73a725-0f40-4029-8a7b-0ac4f52c09c7@group-1E6DBB551F13-LeaderElection4] INFO  impl.LeaderElection (LeaderElection.java:logAndReturn(93)) -   Response 0: 5f73a725-0f40-4029-8a7b-0ac4f52c09c7<-ab92dd13-3a3c-494a-a601-0001755b8ba9#0:FAIL-t1
2022-04-28 13:45:33,224 [5f73a725-0f40-4029-8a7b-0ac4f52c09c7@group-1E6DBB551F13-LeaderElection4] INFO  impl.LeaderElection (LeaderElection.java:askForVotes(308)) - 5f73a725-0f40-4029-8a7b-0ac4f52c09c7@group-1E6DBB551F13-LeaderElection4 ELECTION round 0: result REJECTED
2022-04-28 13:45:33,224 [5f73a725-0f40-4029-8a7b-0ac4f52c09c7@group-1E6DBB551F13-LeaderElection4] INFO  server.RaftServer$Division (RaftServerImpl.java:setRole(290)) - 5f73a725-0f40-4029-8a7b-0ac4f52c09c7@group-1E6DBB551F13: changes role from CANDIDATE to FOLLOWER at term 1 for REJECTED
2022-04-28 13:45:33,225 [5f73a725-0f40-4029-8a7b-0ac4f52c09c7@group-1E6DBB551F13-LeaderElection4] INFO  impl.RoleInfo (RoleInfo.java:shutdownLeaderElection(121)) - 5f73a725-0f40-4029-8a7b-0ac4f52c09c7: shutdown 5f73a725-0f40-4029-8a7b-0ac4f52c09c7@group-1E6DBB551F13-LeaderElection4
2022-04-28 13:45:33,225 [5f73a725-0f40-4029-8a7b-0ac4f52c09c7@group-1E6DBB551F13-LeaderElection4] INFO  impl.RoleInfo (RoleInfo.java:updateAndGet(130)) - 5f73a725-0f40-4029-8a7b-0ac4f52c09c7: start 5f73a725-0f40-4029-8a7b-0ac4f52c09c7@group-1E6DBB551F13-FollowerState
2022-04-28 13:45:33,340 [5f73a725-0f40-4029-8a7b-0ac4f52c09c7@group-16680024E073-FollowerState] INFO  impl.FollowerState (FollowerState.java:run(134)) - 5f73a725-0f40-4029-8a7b-0ac4f52c09c7@group-16680024E073-FollowerState: change to CANDIDATE, lastRpcElapsedTime:5200398120ns, electionTimeout:5194ms
2022-04-28 13:45:33,341 [5f73a725-0f40-4029-8a7b-0ac4f52c09c7@group-16680024E073-FollowerState] INFO  impl.RoleInfo (RoleInfo.java:shutdownFollowerState(108)) - 5f73a725-0f40-4029-8a7b-0ac4f52c09c7: shutdown 5f73a725-0f40-4029-8a7b-0ac4f52c09c7@group-16680024E073-FollowerState
2022-04-28 13:45:33,342 [5f73a725-0f40-4029-8a7b-0ac4f52c09c7@group-16680024E073-FollowerState] INFO  server.RaftServer$Division (RaftServerImpl.java:setRole(290)) - 5f73a725-0f40-4029-8a7b-0ac4f52c09c7@group-16680024E073: changes role from  FOLLOWER to CANDIDATE at term 0 for changeToCandidate
2022-04-28 13:45:33,342 [5f73a725-0f40-4029-8a7b-0ac4f52c09c7@group-16680024E073-FollowerState] INFO  server.RaftServerConfigKeys (ConfUtils.java:logGet(44)) - raft.server.leaderelection.pre-vote = false (custom)
2022-04-28 13:45:33,342 [5f73a725-0f40-4029-8a7b-0ac4f52c09c7@group-16680024E073-FollowerState] INFO  impl.RoleInfo (RoleInfo.java:updateAndGet(130)) - 5f73a725-0f40-4029-8a7b-0ac4f52c09c7: start 5f73a725-0f40-4029-8a7b-0ac4f52c09c7@group-16680024E073-LeaderElection5
2022-04-28 13:45:33,345 [5f73a725-0f40-4029-8a7b-0ac4f52c09c7@group-16680024E073-LeaderElection5] INFO  impl.LeaderElection (LeaderElection.java:askForVotes(306)) - 5f73a725-0f40-4029-8a7b-0ac4f52c09c7@group-16680024E073-LeaderElection5 ELECTION round 0: submit vote requests at term 1 for -1: [5f73a725-0f40-4029-8a7b-0ac4f52c09c7|rpc:10.1.0.6:38783|priority:1], old=null
2022-04-28 13:45:33,345 [5f73a725-0f40-4029-8a7b-0ac4f52c09c7@group-16680024E073-LeaderElection5] INFO  impl.LeaderElection (LeaderElection.java:askForVotes(308)) - 5f73a725-0f40-4029-8a7b-0ac4f52c09c7@group-16680024E073-LeaderElection5 ELECTION round 0: result PASSED (term=1)
2022-04-28 13:45:33,345 [5f73a725-0f40-4029-8a7b-0ac4f52c09c7@group-16680024E073-LeaderElection5] INFO  impl.RoleInfo (RoleInfo.java:shutdownLeaderElection(121)) - 5f73a725-0f40-4029-8a7b-0ac4f52c09c7: shutdown 5f73a725-0f40-4029-8a7b-0ac4f52c09c7@group-16680024E073-LeaderElection5
2022-04-28 13:45:33,345 [5f73a725-0f40-4029-8a7b-0ac4f52c09c7@group-16680024E073-LeaderElection5] INFO  server.RaftServer$Division (RaftServerImpl.java:setRole(290)) - 5f73a725-0f40-4029-8a7b-0ac4f52c09c7@group-16680024E073: changes role from CANDIDATE to LEADER at term 1 for changeToLeader
2022-04-28 13:45:33,345 [5f73a725-0f40-4029-8a7b-0ac4f52c09c7@group-16680024E073-LeaderElection5] INFO  ratis.XceiverServerRatis (XceiverServerRatis.java:handleLeaderChangedNotification(863)) - Leader change notification received for group: group-16680024E073 with new leaderId: 5f73a725-0f40-4029-8a7b-0ac4f52c09c7
2022-04-28 13:45:33,346 [5f73a725-0f40-4029-8a7b-0ac4f52c09c7@group-16680024E073-LeaderElection5] INFO  server.RaftServer$Division (ServerState.java:setLeader(285)) - 5f73a725-0f40-4029-8a7b-0ac4f52c09c7@group-16680024E073: change Leader from null to 5f73a725-0f40-4029-8a7b-0ac4f52c09c7 at term 1 for becomeLeader, leader elected after 5240ms
2022-04-28 13:45:33,346 [5f73a725-0f40-4029-8a7b-0ac4f52c09c7@group-16680024E073-LeaderElection5] INFO  server.RaftServerConfigKeys (ConfUtils.java:logGet(44)) - raft.server.staging.catchup.gap = 1000 (default)
2022-04-28 13:45:33,347 [5f73a725-0f40-4029-8a7b-0ac4f52c09c7@group-16680024E073-LeaderElection5] INFO  server.RaftServerConfigKeys (ConfUtils.java:logGet(44)) - raft.server.write.element-limit = 1024 (custom)
2022-04-28 13:45:33,347 [5f73a725-0f40-4029-8a7b-0ac4f52c09c7@group-16680024E073-LeaderElection5] INFO  server.RaftServerConfigKeys (ConfUtils.java:logGet(44)) - raft.server.write.byte-limit = 1024 M (=1073741824) (custom)
2022-04-28 13:45:33,347 [5f73a725-0f40-4029-8a7b-0ac4f52c09c7@group-16680024E073-LeaderElection5] INFO  server.RaftServerConfigKeys (ConfUtils.java:logGet(44)) - raft.server.watch.timeout = 3000ms (custom)
2022-04-28 13:45:33,347 [5f73a725-0f40-4029-8a7b-0ac4f52c09c7@group-16680024E073-LeaderElection5] INFO  server.RaftServerConfigKeys (ConfUtils.java:logGet(44)) - raft.server.watch.timeout.denomination = 1s (default)
2022-04-28 13:45:33,347 [5f73a725-0f40-4029-8a7b-0ac4f52c09c7@group-16680024E073-LeaderElection5] INFO  server.RaftServerConfigKeys (ConfUtils.java:logGet(44)) - raft.server.watch.element-limit = 65536 (default)
2022-04-28 13:45:33,347 [5f73a725-0f40-4029-8a7b-0ac4f52c09c7@group-16680024E073-LeaderElection5] INFO  server.RaftServerConfigKeys (ConfUtils.java:logGet(44)) - raft.server.write.element-limit = 1024 (custom)
2022-04-28 13:45:33,347 [5f73a725-0f40-4029-8a7b-0ac4f52c09c7@group-16680024E073-LeaderElection5] INFO  server.RaftServerConfigKeys (ConfUtils.java:logGet(44)) - raft.server.write.follower.gap.ratio.max = -1.0 (default)
2022-04-28 13:45:33,347 [5f73a725-0f40-4029-8a7b-0ac4f52c09c7@group-16680024E073-LeaderElection5] INFO  impl.RoleInfo (RoleInfo.java:updateAndGet(130)) - 5f73a725-0f40-4029-8a7b-0ac4f52c09c7: start 5f73a725-0f40-4029-8a7b-0ac4f52c09c7@group-16680024E073-LeaderStateImpl
2022-04-28 13:45:33,348 [EventQueue-OpenPipelineForHealthyPipelineSafeModeRule] INFO  safemode.SCMSafeModeManager (HealthyPipelineSafeModeRule.java:process(124)) - SCM in safe mode. Healthy pipelines reported count is 0, required healthy pipeline reported count is 1
2022-04-28 13:45:33,348 [5f73a725-0f40-4029-8a7b-0ac4f52c09c7@group-16680024E073-LeaderElection5] INFO  segmented.SegmentedRaftLogWorker (SegmentedRaftLogWorker.java:startLogSegment(394)) - 5f73a725-0f40-4029-8a7b-0ac4f52c09c7@group-16680024E073-SegmentedRaftLogWorker: Starting segment from index:0
2022-04-28 13:45:33,352 [5f73a725-0f40-4029-8a7b-0ac4f52c09c7@group-16680024E073-SegmentedRaftLogWorker] INFO  segmented.SegmentedRaftLogWorker (SegmentedRaftLogWorker.java:execute(601)) - 5f73a725-0f40-4029-8a7b-0ac4f52c09c7@group-16680024E073-SegmentedRaftLogWorker: created new log segment /home/runner/work/ozone/ozone/hadoop-ozone/integration-test/target/test-dir/MiniOzoneClusterImpl-961b773a-55ec-4776-b588-5de87e184680/datanode-0/data/ratis/5f187f64-27df-4ede-a4fc-16680024e073/current/log_inprogress_0
2022-04-28 13:45:33,352 [5f73a725-0f40-4029-8a7b-0ac4f52c09c7@group-16680024E073-LeaderElection5] INFO  server.RaftServer$Division (ServerState.java:setRaftConf(387)) - 5f73a725-0f40-4029-8a7b-0ac4f52c09c7@group-16680024E073: set configuration 0: [5f73a725-0f40-4029-8a7b-0ac4f52c09c7|rpc:10.1.0.6:38783|dataStream:|priority:1], old=null
2022-04-28 13:45:33,720 [ab92dd13-3a3c-494a-a601-0001755b8ba9@group-CAF012F357F2-FollowerState] INFO  impl.FollowerState (FollowerState.java:run(134)) - ab92dd13-3a3c-494a-a601-0001755b8ba9@group-CAF012F357F2-FollowerState: change to CANDIDATE, lastRpcElapsedTime:5200215320ns, electionTimeout:5185ms
2022-04-28 13:45:33,720 [ab92dd13-3a3c-494a-a601-0001755b8ba9@group-CAF012F357F2-FollowerState] INFO  impl.RoleInfo (RoleInfo.java:shutdownFollowerState(108)) - ab92dd13-3a3c-494a-a601-0001755b8ba9: shutdown ab92dd13-3a3c-494a-a601-0001755b8ba9@group-CAF012F357F2-FollowerState
2022-04-28 13:45:33,720 [ab92dd13-3a3c-494a-a601-0001755b8ba9@group-CAF012F357F2-FollowerState] INFO  server.RaftServer$Division (RaftServerImpl.java:setRole(290)) - ab92dd13-3a3c-494a-a601-0001755b8ba9@group-CAF012F357F2: changes role from  FOLLOWER to CANDIDATE at term 0 for changeToCandidate
2022-04-28 13:45:33,721 [ab92dd13-3a3c-494a-a601-0001755b8ba9@group-CAF012F357F2-FollowerState] INFO  server.RaftServerConfigKeys (ConfUtils.java:logGet(44)) - raft.server.leaderelection.pre-vote = false (custom)
2022-04-28 13:45:33,721 [ab92dd13-3a3c-494a-a601-0001755b8ba9@group-CAF012F357F2-FollowerState] INFO  impl.RoleInfo (RoleInfo.java:updateAndGet(130)) - ab92dd13-3a3c-494a-a601-0001755b8ba9: start ab92dd13-3a3c-494a-a601-0001755b8ba9@group-CAF012F357F2-LeaderElection6
2022-04-28 13:45:33,725 [ab92dd13-3a3c-494a-a601-0001755b8ba9@group-CAF012F357F2-LeaderElection6] INFO  impl.LeaderElection (LeaderElection.java:askForVotes(306)) - ab92dd13-3a3c-494a-a601-0001755b8ba9@group-CAF012F357F2-LeaderElection6 ELECTION round 0: submit vote requests at term 1 for -1: [ab92dd13-3a3c-494a-a601-0001755b8ba9|rpc:10.1.0.6:38077|priority:1], old=null
2022-04-28 13:45:33,726 [ab92dd13-3a3c-494a-a601-0001755b8ba9@group-CAF012F357F2-LeaderElection6] INFO  impl.LeaderElection (LeaderElection.java:askForVotes(308)) - ab92dd13-3a3c-494a-a601-0001755b8ba9@group-CAF012F357F2-LeaderElection6 ELECTION round 0: result PASSED (term=1)
2022-04-28 13:45:33,726 [ab92dd13-3a3c-494a-a601-0001755b8ba9@group-CAF012F357F2-LeaderElection6] INFO  impl.RoleInfo (RoleInfo.java:shutdownLeaderElection(121)) - ab92dd13-3a3c-494a-a601-0001755b8ba9: shutdown ab92dd13-3a3c-494a-a601-0001755b8ba9@group-CAF012F357F2-LeaderElection6
2022-04-28 13:45:33,726 [ab92dd13-3a3c-494a-a601-0001755b8ba9@group-CAF012F357F2-LeaderElection6] INFO  server.RaftServer$Division (RaftServerImpl.java:setRole(290)) - ab92dd13-3a3c-494a-a601-0001755b8ba9@group-CAF012F357F2: changes role from CANDIDATE to LEADER at term 1 for changeToLeader
2022-04-28 13:45:33,726 [ab92dd13-3a3c-494a-a601-0001755b8ba9@group-CAF012F357F2-LeaderElection6] INFO  ratis.XceiverServerRatis (XceiverServerRatis.java:handleLeaderChangedNotification(863)) - Leader change notification received for group: group-CAF012F357F2 with new leaderId: ab92dd13-3a3c-494a-a601-0001755b8ba9
2022-04-28 13:45:33,726 [ab92dd13-3a3c-494a-a601-0001755b8ba9@group-CAF012F357F2-LeaderElection6] INFO  server.RaftServer$Division (ServerState.java:setLeader(285)) - ab92dd13-3a3c-494a-a601-0001755b8ba9@group-CAF012F357F2: change Leader from null to ab92dd13-3a3c-494a-a601-0001755b8ba9 at term 1 for becomeLeader, leader elected after 5219ms
2022-04-28 13:45:33,726 [ab92dd13-3a3c-494a-a601-0001755b8ba9@group-CAF012F357F2-LeaderElection6] INFO  server.RaftServerConfigKeys (ConfUtils.java:logGet(44)) - raft.server.staging.catchup.gap = 1000 (default)
2022-04-28 13:45:33,727 [ab92dd13-3a3c-494a-a601-0001755b8ba9@group-CAF012F357F2-LeaderElection6] INFO  server.RaftServerConfigKeys (ConfUtils.java:logGet(44)) - raft.server.write.element-limit = 1024 (custom)
2022-04-28 13:45:33,727 [ab92dd13-3a3c-494a-a601-0001755b8ba9@group-CAF012F357F2-LeaderElection6] INFO  server.RaftServerConfigKeys (ConfUtils.java:logGet(44)) - raft.server.write.byte-limit = 1024 M (=1073741824) (custom)
2022-04-28 13:45:33,727 [ab92dd13-3a3c-494a-a601-0001755b8ba9@group-CAF012F357F2-LeaderElection6] INFO  server.RaftServerConfigKeys (ConfUtils.java:logGet(44)) - raft.server.watch.timeout = 3000ms (custom)
2022-04-28 13:45:33,727 [ab92dd13-3a3c-494a-a601-0001755b8ba9@group-CAF012F357F2-LeaderElection6] INFO  server.RaftServerConfigKeys (ConfUtils.java:logGet(44)) - raft.server.watch.timeout.denomination = 1s (default)
2022-04-28 13:45:33,727 [ab92dd13-3a3c-494a-a601-0001755b8ba9@group-CAF012F357F2-LeaderElection6] INFO  server.RaftServerConfigKeys (ConfUtils.java:logGet(44)) - raft.server.watch.element-limit = 65536 (default)
2022-04-28 13:45:33,727 [ab92dd13-3a3c-494a-a601-0001755b8ba9@group-CAF012F357F2-LeaderElection6] INFO  server.RaftServerConfigKeys (ConfUtils.java:logGet(44)) - raft.server.write.element-limit = 1024 (custom)
2022-04-28 13:45:33,727 [ab92dd13-3a3c-494a-a601-0001755b8ba9@group-CAF012F357F2-LeaderElection6] INFO  server.RaftServerConfigKeys (ConfUtils.java:logGet(44)) - raft.server.write.follower.gap.ratio.max = -1.0 (default)
2022-04-28 13:45:33,727 [ab92dd13-3a3c-494a-a601-0001755b8ba9@group-CAF012F357F2-LeaderElection6] INFO  impl.RoleInfo (RoleInfo.java:updateAndGet(130)) - ab92dd13-3a3c-494a-a601-0001755b8ba9: start ab92dd13-3a3c-494a-a601-0001755b8ba9@group-CAF012F357F2-LeaderStateImpl
2022-04-28 13:45:33,728 [ab92dd13-3a3c-494a-a601-0001755b8ba9@group-CAF012F357F2-LeaderElection6] INFO  segmented.SegmentedRaftLogWorker (SegmentedRaftLogWorker.java:startLogSegment(394)) - ab92dd13-3a3c-494a-a601-0001755b8ba9@group-CAF012F357F2-SegmentedRaftLogWorker: Starting segment from index:0
2022-04-28 13:45:33,728 [EventQueue-OpenPipelineForHealthyPipelineSafeModeRule] INFO  safemode.SCMSafeModeManager (HealthyPipelineSafeModeRule.java:process(124)) - SCM in safe mode. Healthy pipelines reported count is 0, required healthy pipeline reported count is 1
2022-04-28 13:45:33,730 [ab92dd13-3a3c-494a-a601-0001755b8ba9@group-CAF012F357F2-SegmentedRaftLogWorker] INFO  segmented.SegmentedRaftLogWorker (SegmentedRaftLogWorker.java:execute(601)) - ab92dd13-3a3c-494a-a601-0001755b8ba9@group-CAF012F357F2-SegmentedRaftLogWorker: created new log segment /home/runner/work/ozone/ozone/hadoop-ozone/integration-test/target/test-dir/MiniOzoneClusterImpl-961b773a-55ec-4776-b588-5de87e184680/datanode-1/data/ratis/f6eb1539-c17b-4695-aa57-caf012f357f2/current/log_inprogress_0
2022-04-28 13:45:33,733 [ab92dd13-3a3c-494a-a601-0001755b8ba9@group-CAF012F357F2-LeaderElection6] INFO  server.RaftServer$Division (ServerState.java:setRaftConf(387)) - ab92dd13-3a3c-494a-a601-0001755b8ba9@group-CAF012F357F2: set configuration 0: [ab92dd13-3a3c-494a-a601-0001755b8ba9|rpc:10.1.0.6:38077|dataStream:|priority:1], old=null
2022-04-28 13:45:34,078 [Listener at 127.0.0.1/38637] INFO  ozone.MiniOzoneClusterImpl (MiniOzoneClusterImpl.java:lambda$waitForClusterToBeReady$0(221)) - Nodes are ready. Got 7 of 7 DN Heartbeats.
2022-04-28 13:45:34,078 [Listener at 127.0.0.1/38637] INFO  ozone.MiniOzoneClusterImpl (MiniOzoneClusterImpl.java:lambda$waitForClusterToBeReady$0(224)) - Waiting for cluster to exit safe mode
2022-04-28 13:45:34,079 [Listener at 127.0.0.1/38637] INFO  ozone.MiniOzoneClusterImpl (MiniOzoneClusterImpl.java:lambda$waitForClusterToBeReady$0(226)) - SCM became leader
2022-04-28 13:45:34,091 [0560cff9-c55c-4a15-aea8-16ef2e8911e2@group-BF889C686DAF-FollowerState] INFO  impl.FollowerState (FollowerState.java:run(134)) - 0560cff9-c55c-4a15-aea8-16ef2e8911e2@group-BF889C686DAF-FollowerState: change to CANDIDATE, lastRpcElapsedTime:5112158259ns, electionTimeout:5110ms
2022-04-28 13:45:34,091 [0560cff9-c55c-4a15-aea8-16ef2e8911e2@group-BF889C686DAF-FollowerState] INFO  impl.RoleInfo (RoleInfo.java:shutdownFollowerState(108)) - 0560cff9-c55c-4a15-aea8-16ef2e8911e2: shutdown 0560cff9-c55c-4a15-aea8-16ef2e8911e2@group-BF889C686DAF-FollowerState
2022-04-28 13:45:34,091 [0560cff9-c55c-4a15-aea8-16ef2e8911e2@group-BF889C686DAF-FollowerState] INFO  server.RaftServer$Division (RaftServerImpl.java:setRole(290)) - 0560cff9-c55c-4a15-aea8-16ef2e8911e2@group-BF889C686DAF: changes role from  FOLLOWER to CANDIDATE at term 0 for changeToCandidate
2022-04-28 13:45:34,092 [0560cff9-c55c-4a15-aea8-16ef2e8911e2@group-BF889C686DAF-FollowerState] INFO  server.RaftServerConfigKeys (ConfUtils.java:logGet(44)) - raft.server.leaderelection.pre-vote = false (custom)
2022-04-28 13:45:34,093 [0560cff9-c55c-4a15-aea8-16ef2e8911e2@group-BF889C686DAF-FollowerState] INFO  impl.RoleInfo (RoleInfo.java:updateAndGet(130)) - 0560cff9-c55c-4a15-aea8-16ef2e8911e2: start 0560cff9-c55c-4a15-aea8-16ef2e8911e2@group-BF889C686DAF-LeaderElection7
2022-04-28 13:45:34,096 [0560cff9-c55c-4a15-aea8-16ef2e8911e2@group-BF889C686DAF-LeaderElection7] INFO  impl.LeaderElection (LeaderElection.java:askForVotes(306)) - 0560cff9-c55c-4a15-aea8-16ef2e8911e2@group-BF889C686DAF-LeaderElection7 ELECTION round 0: submit vote requests at term 1 for -1: [0560cff9-c55c-4a15-aea8-16ef2e8911e2|rpc:10.1.0.6:37139|priority:1], old=null
2022-04-28 13:45:34,096 [0560cff9-c55c-4a15-aea8-16ef2e8911e2@group-BF889C686DAF-LeaderElection7] INFO  impl.LeaderElection (LeaderElection.java:askForVotes(308)) - 0560cff9-c55c-4a15-aea8-16ef2e8911e2@group-BF889C686DAF-LeaderElection7 ELECTION round 0: result PASSED (term=1)
2022-04-28 13:45:34,096 [0560cff9-c55c-4a15-aea8-16ef2e8911e2@group-BF889C686DAF-LeaderElection7] INFO  impl.RoleInfo (RoleInfo.java:shutdownLeaderElection(121)) - 0560cff9-c55c-4a15-aea8-16ef2e8911e2: shutdown 0560cff9-c55c-4a15-aea8-16ef2e8911e2@group-BF889C686DAF-LeaderElection7
2022-04-28 13:45:34,096 [0560cff9-c55c-4a15-aea8-16ef2e8911e2@group-BF889C686DAF-LeaderElection7] INFO  server.RaftServer$Division (RaftServerImpl.java:setRole(290)) - 0560cff9-c55c-4a15-aea8-16ef2e8911e2@group-BF889C686DAF: changes role from CANDIDATE to LEADER at term 1 for changeToLeader
2022-04-28 13:45:34,096 [0560cff9-c55c-4a15-aea8-16ef2e8911e2@group-BF889C686DAF-LeaderElection7] INFO  ratis.XceiverServerRatis (XceiverServerRatis.java:handleLeaderChangedNotification(863)) - Leader change notification received for group: group-BF889C686DAF with new leaderId: 0560cff9-c55c-4a15-aea8-16ef2e8911e2
2022-04-28 13:45:34,096 [0560cff9-c55c-4a15-aea8-16ef2e8911e2@group-BF889C686DAF-LeaderElection7] INFO  server.RaftServer$Division (ServerState.java:setLeader(285)) - 0560cff9-c55c-4a15-aea8-16ef2e8911e2@group-BF889C686DAF: change Leader from null to 0560cff9-c55c-4a15-aea8-16ef2e8911e2 at term 1 for becomeLeader, leader elected after 5185ms
2022-04-28 13:45:34,096 [0560cff9-c55c-4a15-aea8-16ef2e8911e2@group-BF889C686DAF-LeaderElection7] INFO  server.RaftServerConfigKeys (ConfUtils.java:logGet(44)) - raft.server.staging.catchup.gap = 1000 (default)
2022-04-28 13:45:34,096 [0560cff9-c55c-4a15-aea8-16ef2e8911e2@group-BF889C686DAF-LeaderElection7] INFO  server.RaftServerConfigKeys (ConfUtils.java:logGet(44)) - raft.server.write.element-limit = 1024 (custom)
2022-04-28 13:45:34,097 [0560cff9-c55c-4a15-aea8-16ef2e8911e2@group-BF889C686DAF-LeaderElection7] INFO  server.RaftServerConfigKeys (ConfUtils.java:logGet(44)) - raft.server.write.byte-limit = 1024 M (=1073741824) (custom)
2022-04-28 13:45:34,097 [0560cff9-c55c-4a15-aea8-16ef2e8911e2@group-BF889C686DAF-LeaderElection7] INFO  server.RaftServerConfigKeys (ConfUtils.java:logGet(44)) - raft.server.watch.timeout = 3000ms (custom)
2022-04-28 13:45:34,097 [0560cff9-c55c-4a15-aea8-16ef2e8911e2@group-BF889C686DAF-LeaderElection7] INFO  server.RaftServerConfigKeys (ConfUtils.java:logGet(44)) - raft.server.watch.timeout.denomination = 1s (default)
2022-04-28 13:45:34,097 [0560cff9-c55c-4a15-aea8-16ef2e8911e2@group-BF889C686DAF-LeaderElection7] INFO  server.RaftServerConfigKeys (ConfUtils.java:logGet(44)) - raft.server.watch.element-limit = 65536 (default)
2022-04-28 13:45:34,097 [0560cff9-c55c-4a15-aea8-16ef2e8911e2@group-BF889C686DAF-LeaderElection7] INFO  server.RaftServerConfigKeys (ConfUtils.java:logGet(44)) - raft.server.write.element-limit = 1024 (custom)
2022-04-28 13:45:34,097 [0560cff9-c55c-4a15-aea8-16ef2e8911e2@group-BF889C686DAF-LeaderElection7] INFO  server.RaftServerConfigKeys (ConfUtils.java:logGet(44)) - raft.server.write.follower.gap.ratio.max = -1.0 (default)
2022-04-28 13:45:34,098 [0560cff9-c55c-4a15-aea8-16ef2e8911e2@group-BF889C686DAF-LeaderElection7] INFO  impl.RoleInfo (RoleInfo.java:updateAndGet(130)) - 0560cff9-c55c-4a15-aea8-16ef2e8911e2: start 0560cff9-c55c-4a15-aea8-16ef2e8911e2@group-BF889C686DAF-LeaderStateImpl
2022-04-28 13:45:34,098 [0560cff9-c55c-4a15-aea8-16ef2e8911e2@group-BF889C686DAF-LeaderElection7] INFO  segmented.SegmentedRaftLogWorker (SegmentedRaftLogWorker.java:startLogSegment(394)) - 0560cff9-c55c-4a15-aea8-16ef2e8911e2@group-BF889C686DAF-SegmentedRaftLogWorker: Starting segment from index:0
2022-04-28 13:45:34,098 [EventQueue-OpenPipelineForHealthyPipelineSafeModeRule] INFO  safemode.SCMSafeModeManager (HealthyPipelineSafeModeRule.java:process(124)) - SCM in safe mode. Healthy pipelines reported count is 0, required healthy pipeline reported count is 1
2022-04-28 13:45:34,099 [0560cff9-c55c-4a15-aea8-16ef2e8911e2@group-BF889C686DAF-SegmentedRaftLogWorker] INFO  segmented.SegmentedRaftLogWorker (SegmentedRaftLogWorker.java:execute(601)) - 0560cff9-c55c-4a15-aea8-16ef2e8911e2@group-BF889C686DAF-SegmentedRaftLogWorker: created new log segment /home/runner/work/ozone/ozone/hadoop-ozone/integration-test/target/test-dir/MiniOzoneClusterImpl-961b773a-55ec-4776-b588-5de87e184680/datanode-2/data/ratis/2b1b54b1-93cd-4d7d-92df-bf889c686daf/current/log_inprogress_0
2022-04-28 13:45:34,102 [0560cff9-c55c-4a15-aea8-16ef2e8911e2@group-BF889C686DAF-LeaderElection7] INFO  server.RaftServer$Division (ServerState.java:setRaftConf(387)) - 0560cff9-c55c-4a15-aea8-16ef2e8911e2@group-BF889C686DAF: set configuration 0: [0560cff9-c55c-4a15-aea8-16ef2e8911e2|rpc:10.1.0.6:37139|dataStream:|priority:1], old=null
2022-04-28 13:45:34,106 [ab92dd13-3a3c-494a-a601-0001755b8ba9@group-C4D4B86834AA-FollowerState] INFO  impl.FollowerState (FollowerState.java:run(134)) - ab92dd13-3a3c-494a-a601-0001755b8ba9@group-C4D4B86834AA-FollowerState: change to CANDIDATE, lastRpcElapsedTime:5147745665ns, electionTimeout:5143ms
2022-04-28 13:45:34,106 [ab92dd13-3a3c-494a-a601-0001755b8ba9@group-C4D4B86834AA-FollowerState] INFO  impl.RoleInfo (RoleInfo.java:shutdownFollowerState(108)) - ab92dd13-3a3c-494a-a601-0001755b8ba9: shutdown ab92dd13-3a3c-494a-a601-0001755b8ba9@group-C4D4B86834AA-FollowerState
2022-04-28 13:45:34,106 [ab92dd13-3a3c-494a-a601-0001755b8ba9@group-C4D4B86834AA-FollowerState] INFO  server.RaftServer$Division (RaftServerImpl.java:setRole(290)) - ab92dd13-3a3c-494a-a601-0001755b8ba9@group-C4D4B86834AA: changes role from  FOLLOWER to CANDIDATE at term 0 for changeToCandidate
2022-04-28 13:45:34,106 [ab92dd13-3a3c-494a-a601-0001755b8ba9@group-C4D4B86834AA-FollowerState] INFO  server.RaftServerConfigKeys (ConfUtils.java:logGet(44)) - raft.server.leaderelection.pre-vote = false (custom)
2022-04-28 13:45:34,106 [ab92dd13-3a3c-494a-a601-0001755b8ba9@group-C4D4B86834AA-FollowerState] INFO  impl.RoleInfo (RoleInfo.java:updateAndGet(130)) - ab92dd13-3a3c-494a-a601-0001755b8ba9: start ab92dd13-3a3c-494a-a601-0001755b8ba9@group-C4D4B86834AA-LeaderElection8
2022-04-28 13:45:34,109 [ab92dd13-3a3c-494a-a601-0001755b8ba9@group-C4D4B86834AA-LeaderElection8] INFO  impl.LeaderElection (LeaderElection.java:askForVotes(306)) - ab92dd13-3a3c-494a-a601-0001755b8ba9@group-C4D4B86834AA-LeaderElection8 ELECTION round 0: submit vote requests at term 1 for -1: [ab92dd13-3a3c-494a-a601-0001755b8ba9|rpc:10.1.0.6:38077|priority:0, 5f73a725-0f40-4029-8a7b-0ac4f52c09c7|rpc:10.1.0.6:38783|priority:1, 0560cff9-c55c-4a15-aea8-16ef2e8911e2|rpc:10.1.0.6:37139|priority:0], old=null
2022-04-28 13:45:34,122 [grpc-default-executor-0] INFO  server.RaftServer$Division (RaftServerImpl.java:requestVote(1046)) - 0560cff9-c55c-4a15-aea8-16ef2e8911e2@group-C4D4B86834AA: receive requestVote(ELECTION, ab92dd13-3a3c-494a-a601-0001755b8ba9, group-C4D4B86834AA, 1, (t:0, i:0))
2022-04-28 13:45:34,122 [grpc-default-executor-0] INFO  impl.VoteContext (VoteContext.java:log(48)) - 0560cff9-c55c-4a15-aea8-16ef2e8911e2@group-C4D4B86834AA-FOLLOWER: accept ELECTION from ab92dd13-3a3c-494a-a601-0001755b8ba9: our priority 0 <= candidate's priority 0
2022-04-28 13:45:34,122 [grpc-default-executor-0] INFO  server.RaftServer$Division (RaftServerImpl.java:setRole(290)) - 0560cff9-c55c-4a15-aea8-16ef2e8911e2@group-C4D4B86834AA: changes role from  FOLLOWER to FOLLOWER at term 1 for candidate:ab92dd13-3a3c-494a-a601-0001755b8ba9
2022-04-28 13:45:34,123 [grpc-default-executor-0] INFO  impl.RoleInfo (RoleInfo.java:shutdownFollowerState(108)) - 0560cff9-c55c-4a15-aea8-16ef2e8911e2: shutdown 0560cff9-c55c-4a15-aea8-16ef2e8911e2@group-C4D4B86834AA-FollowerState
2022-04-28 13:45:34,123 [grpc-default-executor-0] INFO  impl.RoleInfo (RoleInfo.java:updateAndGet(130)) - 0560cff9-c55c-4a15-aea8-16ef2e8911e2: start 0560cff9-c55c-4a15-aea8-16ef2e8911e2@group-C4D4B86834AA-FollowerState
2022-04-28 13:45:34,123 [0560cff9-c55c-4a15-aea8-16ef2e8911e2@group-C4D4B86834AA-FollowerState] INFO  impl.FollowerState (FollowerState.java:run(143)) - 0560cff9-c55c-4a15-aea8-16ef2e8911e2@group-C4D4B86834AA-FollowerState was interrupted: {}
java.lang.InterruptedException: sleep interrupted
	at java.lang.Thread.sleep(Native Method)
	at java.lang.Thread.sleep(Thread.java:342)
	at java.util.concurrent.TimeUnit.sleep(TimeUnit.java:386)
	at org.apache.ratis.util.TimeDuration.sleep(TimeDuration.java:324)
	at org.apache.ratis.util.TimeDuration.sleep(TimeDuration.java:309)
	at org.apache.ratis.server.impl.FollowerState.run(FollowerState.java:118)
2022-04-28 13:45:34,134 [grpc-default-executor-0] INFO  server.RaftServer$Division (RaftServerImpl.java:requestVote(1078)) - 0560cff9-c55c-4a15-aea8-16ef2e8911e2@group-C4D4B86834AA replies to ELECTION vote request: ab92dd13-3a3c-494a-a601-0001755b8ba9<-0560cff9-c55c-4a15-aea8-16ef2e8911e2#0:OK-t1. Peer's state: 0560cff9-c55c-4a15-aea8-16ef2e8911e2@group-C4D4B86834AA:t1, leader=null, voted=ab92dd13-3a3c-494a-a601-0001755b8ba9, raftlog=0560cff9-c55c-4a15-aea8-16ef2e8911e2@group-C4D4B86834AA-SegmentedRaftLog:OPENED:c-1, conf=-1: [ab92dd13-3a3c-494a-a601-0001755b8ba9|rpc:10.1.0.6:38077|priority:0, 5f73a725-0f40-4029-8a7b-0ac4f52c09c7|rpc:10.1.0.6:38783|priority:1, 0560cff9-c55c-4a15-aea8-16ef2e8911e2|rpc:10.1.0.6:37139|priority:0], old=null
2022-04-28 13:45:34,142 [grpc-default-executor-1] INFO  server.RaftServer$Division (RaftServerImpl.java:requestVote(1046)) - 5f73a725-0f40-4029-8a7b-0ac4f52c09c7@group-C4D4B86834AA: receive requestVote(ELECTION, ab92dd13-3a3c-494a-a601-0001755b8ba9, group-C4D4B86834AA, 1, (t:0, i:0))
2022-04-28 13:45:34,142 [grpc-default-executor-1] INFO  impl.VoteContext (VoteContext.java:log(48)) - 5f73a725-0f40-4029-8a7b-0ac4f52c09c7@group-C4D4B86834AA-FOLLOWER: reject ELECTION from ab92dd13-3a3c-494a-a601-0001755b8ba9: our priority 1 > candidate's priority 0
2022-04-28 13:45:34,142 [grpc-default-executor-1] INFO  server.RaftServer$Division (RaftServerImpl.java:setRole(290)) - 5f73a725-0f40-4029-8a7b-0ac4f52c09c7@group-C4D4B86834AA: changes role from  FOLLOWER to FOLLOWER at term 1 for candidate:ab92dd13-3a3c-494a-a601-0001755b8ba9
2022-04-28 13:45:34,142 [grpc-default-executor-1] INFO  impl.RoleInfo (RoleInfo.java:shutdownFollowerState(108)) - 5f73a725-0f40-4029-8a7b-0ac4f52c09c7: shutdown 5f73a725-0f40-4029-8a7b-0ac4f52c09c7@group-C4D4B86834AA-FollowerState
2022-04-28 13:45:34,142 [grpc-default-executor-1] INFO  impl.RoleInfo (RoleInfo.java:updateAndGet(130)) - 5f73a725-0f40-4029-8a7b-0ac4f52c09c7: start 5f73a725-0f40-4029-8a7b-0ac4f52c09c7@group-C4D4B86834AA-FollowerState
2022-04-28 13:45:34,142 [5f73a725-0f40-4029-8a7b-0ac4f52c09c7@group-C4D4B86834AA-FollowerState] INFO  impl.FollowerState (FollowerState.java:run(143)) - 5f73a725-0f40-4029-8a7b-0ac4f52c09c7@group-C4D4B86834AA-FollowerState was interrupted: {}
java.lang.InterruptedException: sleep interrupted
	at java.lang.Thread.sleep(Native Method)
	at java.lang.Thread.sleep(Thread.java:342)
	at java.util.concurrent.TimeUnit.sleep(TimeUnit.java:386)
	at org.apache.ratis.util.TimeDuration.sleep(TimeDuration.java:324)
	at org.apache.ratis.util.TimeDuration.sleep(TimeDuration.java:309)
	at org.apache.ratis.server.impl.FollowerState.run(FollowerState.java:118)
2022-04-28 13:45:34,148 [grpc-default-executor-1] INFO  server.RaftServer$Division (RaftServerImpl.java:requestVote(1078)) - 5f73a725-0f40-4029-8a7b-0ac4f52c09c7@group-C4D4B86834AA replies to ELECTION vote request: ab92dd13-3a3c-494a-a601-0001755b8ba9<-5f73a725-0f40-4029-8a7b-0ac4f52c09c7#0:FAIL-t1. Peer's state: 5f73a725-0f40-4029-8a7b-0ac4f52c09c7@group-C4D4B86834AA:t1, leader=null, voted=null, raftlog=5f73a725-0f40-4029-8a7b-0ac4f52c09c7@group-C4D4B86834AA-SegmentedRaftLog:OPENED:c-1, conf=-1: [ab92dd13-3a3c-494a-a601-0001755b8ba9|rpc:10.1.0.6:38077|priority:0, 5f73a725-0f40-4029-8a7b-0ac4f52c09c7|rpc:10.1.0.6:38783|priority:1, 0560cff9-c55c-4a15-aea8-16ef2e8911e2|rpc:10.1.0.6:37139|priority:0], old=null
2022-04-28 13:45:34,149 [ab92dd13-3a3c-494a-a601-0001755b8ba9@group-C4D4B86834AA-LeaderElection8] INFO  impl.LeaderElection (LeaderElection.java:logAndReturn(89)) - ab92dd13-3a3c-494a-a601-0001755b8ba9@group-C4D4B86834AA-LeaderElection8: ELECTION REJECTED received 2 response(s) and 0 exception(s):
2022-04-28 13:45:34,149 [ab92dd13-3a3c-494a-a601-0001755b8ba9@group-C4D4B86834AA-LeaderElection8] INFO  impl.LeaderElection (LeaderElection.java:logAndReturn(93)) -   Response 0: ab92dd13-3a3c-494a-a601-0001755b8ba9<-5f73a725-0f40-4029-8a7b-0ac4f52c09c7#0:FAIL-t1
2022-04-28 13:45:34,149 [ab92dd13-3a3c-494a-a601-0001755b8ba9@group-C4D4B86834AA-LeaderElection8] INFO  impl.LeaderElection (LeaderElection.java:logAndReturn(93)) -   Response 1: ab92dd13-3a3c-494a-a601-0001755b8ba9<-0560cff9-c55c-4a15-aea8-16ef2e8911e2#0:OK-t1
2022-04-28 13:45:34,149 [ab92dd13-3a3c-494a-a601-0001755b8ba9@group-C4D4B86834AA-LeaderElection8] INFO  impl.LeaderElection (LeaderElection.java:askForVotes(308)) - ab92dd13-3a3c-494a-a601-0001755b8ba9@group-C4D4B86834AA-LeaderElection8 ELECTION round 0: result REJECTED
2022-04-28 13:45:34,149 [ab92dd13-3a3c-494a-a601-0001755b8ba9@group-C4D4B86834AA-LeaderElection8] INFO  server.RaftServer$Division (RaftServerImpl.java:setRole(290)) - ab92dd13-3a3c-494a-a601-0001755b8ba9@group-C4D4B86834AA: changes role from CANDIDATE to FOLLOWER at term 1 for REJECTED
2022-04-28 13:45:34,149 [ab92dd13-3a3c-494a-a601-0001755b8ba9@group-C4D4B86834AA-LeaderElection8] INFO  impl.RoleInfo (RoleInfo.java:shutdownLeaderElection(121)) - ab92dd13-3a3c-494a-a601-0001755b8ba9: shutdown ab92dd13-3a3c-494a-a601-0001755b8ba9@group-C4D4B86834AA-LeaderElection8
2022-04-28 13:45:34,150 [ab92dd13-3a3c-494a-a601-0001755b8ba9@group-C4D4B86834AA-LeaderElection8] INFO  impl.RoleInfo (RoleInfo.java:updateAndGet(130)) - ab92dd13-3a3c-494a-a601-0001755b8ba9: start ab92dd13-3a3c-494a-a601-0001755b8ba9@group-C4D4B86834AA-FollowerState
2022-04-28 13:45:34,232 [ab82d630-dee7-4177-af41-1c16b6b55497@group-BCADC659637B-FollowerState] INFO  impl.FollowerState (FollowerState.java:run(134)) - ab82d630-dee7-4177-af41-1c16b6b55497@group-BCADC659637B-FollowerState: change to CANDIDATE, lastRpcElapsedTime:5018297781ns, electionTimeout:5005ms
2022-04-28 13:45:34,233 [ab82d630-dee7-4177-af41-1c16b6b55497@group-BCADC659637B-FollowerState] INFO  impl.RoleInfo (RoleInfo.java:shutdownFollowerState(108)) - ab82d630-dee7-4177-af41-1c16b6b55497: shutdown ab82d630-dee7-4177-af41-1c16b6b55497@group-BCADC659637B-FollowerState
2022-04-28 13:45:34,233 [ab82d630-dee7-4177-af41-1c16b6b55497@group-BCADC659637B-FollowerState] INFO  server.RaftServer$Division (RaftServerImpl.java:setRole(290)) - ab82d630-dee7-4177-af41-1c16b6b55497@group-BCADC659637B: changes role from  FOLLOWER to CANDIDATE at term 0 for changeToCandidate
2022-04-28 13:45:34,234 [ab82d630-dee7-4177-af41-1c16b6b55497@group-BCADC659637B-FollowerState] INFO  server.RaftServerConfigKeys (ConfUtils.java:logGet(44)) - raft.server.leaderelection.pre-vote = false (custom)
2022-04-28 13:45:34,234 [ab82d630-dee7-4177-af41-1c16b6b55497@group-BCADC659637B-FollowerState] INFO  impl.RoleInfo (RoleInfo.java:updateAndGet(130)) - ab82d630-dee7-4177-af41-1c16b6b55497: start ab82d630-dee7-4177-af41-1c16b6b55497@group-BCADC659637B-LeaderElection9
2022-04-28 13:45:34,237 [ab82d630-dee7-4177-af41-1c16b6b55497@group-BCADC659637B-LeaderElection9] INFO  impl.LeaderElection (LeaderElection.java:askForVotes(306)) - ab82d630-dee7-4177-af41-1c16b6b55497@group-BCADC659637B-LeaderElection9 ELECTION round 0: submit vote requests at term 1 for -1: [ab82d630-dee7-4177-af41-1c16b6b55497|rpc:10.1.0.6:33355|priority:1], old=null
2022-04-28 13:45:34,237 [ab82d630-dee7-4177-af41-1c16b6b55497@group-BCADC659637B-LeaderElection9] INFO  impl.LeaderElection (LeaderElection.java:askForVotes(308)) - ab82d630-dee7-4177-af41-1c16b6b55497@group-BCADC659637B-LeaderElection9 ELECTION round 0: result PASSED (term=1)
2022-04-28 13:45:34,237 [ab82d630-dee7-4177-af41-1c16b6b55497@group-BCADC659637B-LeaderElection9] INFO  impl.RoleInfo (RoleInfo.java:shutdownLeaderElection(121)) - ab82d630-dee7-4177-af41-1c16b6b55497: shutdown ab82d630-dee7-4177-af41-1c16b6b55497@group-BCADC659637B-LeaderElection9
2022-04-28 13:45:34,237 [ab82d630-dee7-4177-af41-1c16b6b55497@group-BCADC659637B-LeaderElection9] INFO  server.RaftServer$Division (RaftServerImpl.java:setRole(290)) - ab82d630-dee7-4177-af41-1c16b6b55497@group-BCADC659637B: changes role from CANDIDATE to LEADER at term 1 for changeToLeader
2022-04-28 13:45:34,237 [ab82d630-dee7-4177-af41-1c16b6b55497@group-BCADC659637B-LeaderElection9] INFO  ratis.XceiverServerRatis (XceiverServerRatis.java:handleLeaderChangedNotification(863)) - Leader change notification received for group: group-BCADC659637B with new leaderId: ab82d630-dee7-4177-af41-1c16b6b55497
2022-04-28 13:45:34,237 [ab82d630-dee7-4177-af41-1c16b6b55497@group-BCADC659637B-LeaderElection9] INFO  server.RaftServer$Division (ServerState.java:setLeader(285)) - ab82d630-dee7-4177-af41-1c16b6b55497@group-BCADC659637B: change Leader from null to ab82d630-dee7-4177-af41-1c16b6b55497 at term 1 for becomeLeader, leader elected after 5031ms
2022-04-28 13:45:34,237 [ab82d630-dee7-4177-af41-1c16b6b55497@group-BCADC659637B-LeaderElection9] INFO  server.RaftServerConfigKeys (ConfUtils.java:logGet(44)) - raft.server.staging.catchup.gap = 1000 (default)
2022-04-28 13:45:34,238 [ab82d630-dee7-4177-af41-1c16b6b55497@group-BCADC659637B-LeaderElection9] INFO  server.RaftServerConfigKeys (ConfUtils.java:logGet(44)) - raft.server.write.element-limit = 1024 (custom)
2022-04-28 13:45:34,238 [ab82d630-dee7-4177-af41-1c16b6b55497@group-BCADC659637B-LeaderElection9] INFO  server.RaftServerConfigKeys (ConfUtils.java:logGet(44)) - raft.server.write.byte-limit = 1024 M (=1073741824) (custom)
2022-04-28 13:45:34,238 [ab82d630-dee7-4177-af41-1c16b6b55497@group-BCADC659637B-LeaderElection9] INFO  server.RaftServerConfigKeys (ConfUtils.java:logGet(44)) - raft.server.watch.timeout = 3000ms (custom)
2022-04-28 13:45:34,238 [ab82d630-dee7-4177-af41-1c16b6b55497@group-BCADC659637B-LeaderElection9] INFO  server.RaftServerConfigKeys (ConfUtils.java:logGet(44)) - raft.server.watch.timeout.denomination = 1s (default)
2022-04-28 13:45:34,238 [ab82d630-dee7-4177-af41-1c16b6b55497@group-BCADC659637B-LeaderElection9] INFO  server.RaftServerConfigKeys (ConfUtils.java:logGet(44)) - raft.server.watch.element-limit = 65536 (default)
2022-04-28 13:45:34,238 [ab82d630-dee7-4177-af41-1c16b6b55497@group-BCADC659637B-LeaderElection9] INFO  server.RaftServerConfigKeys (ConfUtils.java:logGet(44)) - raft.server.write.element-limit = 1024 (custom)
2022-04-28 13:45:34,238 [ab82d630-dee7-4177-af41-1c16b6b55497@group-BCADC659637B-LeaderElection9] INFO  server.RaftServerConfigKeys (ConfUtils.java:logGet(44)) - raft.server.write.follower.gap.ratio.max = -1.0 (default)
2022-04-28 13:45:34,239 [ab82d630-dee7-4177-af41-1c16b6b55497@group-BCADC659637B-LeaderElection9] INFO  impl.RoleInfo (RoleInfo.java:updateAndGet(130)) - ab82d630-dee7-4177-af41-1c16b6b55497: start ab82d630-dee7-4177-af41-1c16b6b55497@group-BCADC659637B-LeaderStateImpl
2022-04-28 13:45:34,240 [ab82d630-dee7-4177-af41-1c16b6b55497@group-BCADC659637B-LeaderElection9] INFO  segmented.SegmentedRaftLogWorker (SegmentedRaftLogWorker.java:startLogSegment(394)) - ab82d630-dee7-4177-af41-1c16b6b55497@group-BCADC659637B-SegmentedRaftLogWorker: Starting segment from index:0
2022-04-28 13:45:34,240 [EventQueue-OpenPipelineForHealthyPipelineSafeModeRule] INFO  safemode.SCMSafeModeManager (HealthyPipelineSafeModeRule.java:process(124)) - SCM in safe mode. Healthy pipelines reported count is 0, required healthy pipeline reported count is 1
2022-04-28 13:45:34,241 [ab82d630-dee7-4177-af41-1c16b6b55497@group-BCADC659637B-SegmentedRaftLogWorker] INFO  segmented.SegmentedRaftLogWorker (SegmentedRaftLogWorker.java:execute(601)) - ab82d630-dee7-4177-af41-1c16b6b55497@group-BCADC659637B-SegmentedRaftLogWorker: created new log segment /home/runner/work/ozone/ozone/hadoop-ozone/integration-test/target/test-dir/MiniOzoneClusterImpl-961b773a-55ec-4776-b588-5de87e184680/datanode-3/data/ratis/a6fe1a8f-0943-4825-8af7-bcadc659637b/current/log_inprogress_0
2022-04-28 13:45:34,251 [ab82d630-dee7-4177-af41-1c16b6b55497@group-BCADC659637B-LeaderElection9] INFO  server.RaftServer$Division (ServerState.java:setRaftConf(387)) - ab82d630-dee7-4177-af41-1c16b6b55497@group-BCADC659637B: set configuration 0: [ab82d630-dee7-4177-af41-1c16b6b55497|rpc:10.1.0.6:33355|dataStream:|priority:1], old=null
2022-04-28 13:45:34,322 [ed14f577-cd6a-4282-b253-bcfbdf05676a@group-EABBF4BA2E45-FollowerState] INFO  impl.FollowerState (FollowerState.java:run(134)) - ed14f577-cd6a-4282-b253-bcfbdf05676a@group-EABBF4BA2E45-FollowerState: change to CANDIDATE, lastRpcElapsedTime:5050042875ns, electionTimeout:5049ms
2022-04-28 13:45:34,322 [ed14f577-cd6a-4282-b253-bcfbdf05676a@group-EABBF4BA2E45-FollowerState] INFO  impl.RoleInfo (RoleInfo.java:shutdownFollowerState(108)) - ed14f577-cd6a-4282-b253-bcfbdf05676a: shutdown ed14f577-cd6a-4282-b253-bcfbdf05676a@group-EABBF4BA2E45-FollowerState
2022-04-28 13:45:34,322 [ed14f577-cd6a-4282-b253-bcfbdf05676a@group-EABBF4BA2E45-FollowerState] INFO  server.RaftServer$Division (RaftServerImpl.java:setRole(290)) - ed14f577-cd6a-4282-b253-bcfbdf05676a@group-EABBF4BA2E45: changes role from  FOLLOWER to CANDIDATE at term 0 for changeToCandidate
2022-04-28 13:45:34,324 [ed14f577-cd6a-4282-b253-bcfbdf05676a@group-EABBF4BA2E45-FollowerState] INFO  server.RaftServerConfigKeys (ConfUtils.java:logGet(44)) - raft.server.leaderelection.pre-vote = false (custom)
2022-04-28 13:45:34,324 [ed14f577-cd6a-4282-b253-bcfbdf05676a@group-EABBF4BA2E45-FollowerState] INFO  impl.RoleInfo (RoleInfo.java:updateAndGet(130)) - ed14f577-cd6a-4282-b253-bcfbdf05676a: start ed14f577-cd6a-4282-b253-bcfbdf05676a@group-EABBF4BA2E45-LeaderElection10
2022-04-28 13:45:34,327 [ed14f577-cd6a-4282-b253-bcfbdf05676a@group-EABBF4BA2E45-LeaderElection10] INFO  impl.LeaderElection (LeaderElection.java:askForVotes(306)) - ed14f577-cd6a-4282-b253-bcfbdf05676a@group-EABBF4BA2E45-LeaderElection10 ELECTION round 0: submit vote requests at term 1 for -1: [4f6314c6-5f1e-418e-9cab-9d7da23e485e|rpc:10.1.0.6:33597|dataStream:|priority:1, ab82d630-dee7-4177-af41-1c16b6b55497|rpc:10.1.0.6:33355|dataStream:|priority:0, ed14f577-cd6a-4282-b253-bcfbdf05676a|rpc:10.1.0.6:43755|dataStream:|priority:0], old=null
2022-04-28 13:45:34,336 [grpc-default-executor-1] INFO  server.RaftServer$Division (RaftServerImpl.java:requestVote(1046)) - ab82d630-dee7-4177-af41-1c16b6b55497@group-EABBF4BA2E45: receive requestVote(ELECTION, ed14f577-cd6a-4282-b253-bcfbdf05676a, group-EABBF4BA2E45, 1, (t:0, i:0))
2022-04-28 13:45:34,336 [grpc-default-executor-1] INFO  impl.VoteContext (VoteContext.java:log(48)) - ab82d630-dee7-4177-af41-1c16b6b55497@group-EABBF4BA2E45-FOLLOWER: accept ELECTION from ed14f577-cd6a-4282-b253-bcfbdf05676a: our priority 0 <= candidate's priority 0
2022-04-28 13:45:34,336 [grpc-default-executor-1] INFO  server.RaftServer$Division (RaftServerImpl.java:setRole(290)) - ab82d630-dee7-4177-af41-1c16b6b55497@group-EABBF4BA2E45: changes role from  FOLLOWER to FOLLOWER at term 1 for candidate:ed14f577-cd6a-4282-b253-bcfbdf05676a
2022-04-28 13:45:34,336 [grpc-default-executor-1] INFO  impl.RoleInfo (RoleInfo.java:shutdownFollowerState(108)) - ab82d630-dee7-4177-af41-1c16b6b55497: shutdown ab82d630-dee7-4177-af41-1c16b6b55497@group-EABBF4BA2E45-FollowerState
2022-04-28 13:45:34,336 [grpc-default-executor-1] INFO  impl.RoleInfo (RoleInfo.java:updateAndGet(130)) - ab82d630-dee7-4177-af41-1c16b6b55497: start ab82d630-dee7-4177-af41-1c16b6b55497@group-EABBF4BA2E45-FollowerState
2022-04-28 13:45:34,337 [ab82d630-dee7-4177-af41-1c16b6b55497@group-EABBF4BA2E45-FollowerState] INFO  impl.FollowerState (FollowerState.java:run(143)) - ab82d630-dee7-4177-af41-1c16b6b55497@group-EABBF4BA2E45-FollowerState was interrupted: {}
java.lang.InterruptedException: sleep interrupted
	at java.lang.Thread.sleep(Native Method)
	at java.lang.Thread.sleep(Thread.java:342)
	at java.util.concurrent.TimeUnit.sleep(TimeUnit.java:386)
	at org.apache.ratis.util.TimeDuration.sleep(TimeDuration.java:324)
	at org.apache.ratis.util.TimeDuration.sleep(TimeDuration.java:309)
	at org.apache.ratis.server.impl.FollowerState.run(FollowerState.java:118)
2022-04-28 13:45:34,341 [grpc-default-executor-1] INFO  server.RaftServer$Division (RaftServerImpl.java:requestVote(1078)) - ab82d630-dee7-4177-af41-1c16b6b55497@group-EABBF4BA2E45 replies to ELECTION vote request: ed14f577-cd6a-4282-b253-bcfbdf05676a<-ab82d630-dee7-4177-af41-1c16b6b55497#0:OK-t1. Peer's state: ab82d630-dee7-4177-af41-1c16b6b55497@group-EABBF4BA2E45:t1, leader=null, voted=ed14f577-cd6a-4282-b253-bcfbdf05676a, raftlog=ab82d630-dee7-4177-af41-1c16b6b55497@group-EABBF4BA2E45-SegmentedRaftLog:OPENED:c-1, conf=-1: [4f6314c6-5f1e-418e-9cab-9d7da23e485e|rpc:10.1.0.6:33597|priority:1, ab82d630-dee7-4177-af41-1c16b6b55497|rpc:10.1.0.6:33355|priority:0, ed14f577-cd6a-4282-b253-bcfbdf05676a|rpc:10.1.0.6:43755|priority:0], old=null
2022-04-28 13:45:34,346 [grpc-default-executor-1] INFO  server.RaftServer$Division (RaftServerImpl.java:requestVote(1046)) - 4f6314c6-5f1e-418e-9cab-9d7da23e485e@group-EABBF4BA2E45: receive requestVote(ELECTION, ed14f577-cd6a-4282-b253-bcfbdf05676a, group-EABBF4BA2E45, 1, (t:0, i:0))
2022-04-28 13:45:34,346 [grpc-default-executor-1] INFO  impl.VoteContext (VoteContext.java:log(48)) - 4f6314c6-5f1e-418e-9cab-9d7da23e485e@group-EABBF4BA2E45-FOLLOWER: reject ELECTION from ed14f577-cd6a-4282-b253-bcfbdf05676a: our priority 1 > candidate's priority 0
2022-04-28 13:45:34,346 [grpc-default-executor-1] INFO  server.RaftServer$Division (RaftServerImpl.java:setRole(290)) - 4f6314c6-5f1e-418e-9cab-9d7da23e485e@group-EABBF4BA2E45: changes role from  FOLLOWER to FOLLOWER at term 1 for candidate:ed14f577-cd6a-4282-b253-bcfbdf05676a
2022-04-28 13:45:34,346 [grpc-default-executor-1] INFO  impl.RoleInfo (RoleInfo.java:shutdownFollowerState(108)) - 4f6314c6-5f1e-418e-9cab-9d7da23e485e: shutdown 4f6314c6-5f1e-418e-9cab-9d7da23e485e@group-EABBF4BA2E45-FollowerState
2022-04-28 13:45:34,346 [4f6314c6-5f1e-418e-9cab-9d7da23e485e@group-EABBF4BA2E45-FollowerState] INFO  impl.FollowerState (FollowerState.java:run(143)) - 4f6314c6-5f1e-418e-9cab-9d7da23e485e@group-EABBF4BA2E45-FollowerState was interrupted: {}
java.lang.InterruptedException: sleep interrupted
	at java.lang.Thread.sleep(Native Method)
	at java.lang.Thread.sleep(Thread.java:342)
	at java.util.concurrent.TimeUnit.sleep(TimeUnit.java:386)
	at org.apache.ratis.util.TimeDuration.sleep(TimeDuration.java:324)
	at org.apache.ratis.util.TimeDuration.sleep(TimeDuration.java:309)
	at org.apache.ratis.server.impl.FollowerState.run(FollowerState.java:118)
2022-04-28 13:45:34,346 [grpc-default-executor-1] INFO  impl.RoleInfo (RoleInfo.java:updateAndGet(130)) - 4f6314c6-5f1e-418e-9cab-9d7da23e485e: start 4f6314c6-5f1e-418e-9cab-9d7da23e485e@group-EABBF4BA2E45-FollowerState
2022-04-28 13:45:34,350 [grpc-default-executor-1] INFO  server.RaftServer$Division (RaftServerImpl.java:requestVote(1078)) - 4f6314c6-5f1e-418e-9cab-9d7da23e485e@group-EABBF4BA2E45 replies to ELECTION vote request: ed14f577-cd6a-4282-b253-bcfbdf05676a<-4f6314c6-5f1e-418e-9cab-9d7da23e485e#0:FAIL-t1. Peer's state: 4f6314c6-5f1e-418e-9cab-9d7da23e485e@group-EABBF4BA2E45:t1, leader=null, voted=null, raftlog=4f6314c6-5f1e-418e-9cab-9d7da23e485e@group-EABBF4BA2E45-SegmentedRaftLog:OPENED:c-1, conf=-1: [4f6314c6-5f1e-418e-9cab-9d7da23e485e|rpc:10.1.0.6:33597|dataStream:|priority:1, ab82d630-dee7-4177-af41-1c16b6b55497|rpc:10.1.0.6:33355|dataStream:|priority:0, ed14f577-cd6a-4282-b253-bcfbdf05676a|rpc:10.1.0.6:43755|dataStream:|priority:0], old=null
2022-04-28 13:45:34,352 [ed14f577-cd6a-4282-b253-bcfbdf05676a@group-EABBF4BA2E45-LeaderElection10] INFO  impl.LeaderElection (LeaderElection.java:logAndReturn(89)) - ed14f577-cd6a-4282-b253-bcfbdf05676a@group-EABBF4BA2E45-LeaderElection10: ELECTION REJECTED received 2 response(s) and 0 exception(s):
2022-04-28 13:45:34,352 [ed14f577-cd6a-4282-b253-bcfbdf05676a@group-EABBF4BA2E45-LeaderElection10] INFO  impl.LeaderElection (LeaderElection.java:logAndReturn(93)) -   Response 0: ed14f577-cd6a-4282-b253-bcfbdf05676a<-4f6314c6-5f1e-418e-9cab-9d7da23e485e#0:FAIL-t1
2022-04-28 13:45:34,352 [ed14f577-cd6a-4282-b253-bcfbdf05676a@group-EABBF4BA2E45-LeaderElection10] INFO  impl.LeaderElection (LeaderElection.java:logAndReturn(93)) -   Response 1: ed14f577-cd6a-4282-b253-bcfbdf05676a<-ab82d630-dee7-4177-af41-1c16b6b55497#0:OK-t1
2022-04-28 13:45:34,352 [ed14f577-cd6a-4282-b253-bcfbdf05676a@group-EABBF4BA2E45-LeaderElection10] INFO  impl.LeaderElection (LeaderElection.java:askForVotes(308)) - ed14f577-cd6a-4282-b253-bcfbdf05676a@group-EABBF4BA2E45-LeaderElection10 ELECTION round 0: result REJECTED
2022-04-28 13:45:34,352 [ed14f577-cd6a-4282-b253-bcfbdf05676a@group-EABBF4BA2E45-LeaderElection10] INFO  server.RaftServer$Division (RaftServerImpl.java:setRole(290)) - ed14f577-cd6a-4282-b253-bcfbdf05676a@group-EABBF4BA2E45: changes role from CANDIDATE to FOLLOWER at term 1 for REJECTED
2022-04-28 13:45:34,353 [ed14f577-cd6a-4282-b253-bcfbdf05676a@group-EABBF4BA2E45-LeaderElection10] INFO  impl.RoleInfo (RoleInfo.java:shutdownLeaderElection(121)) - ed14f577-cd6a-4282-b253-bcfbdf05676a: shutdown ed14f577-cd6a-4282-b253-bcfbdf05676a@group-EABBF4BA2E45-LeaderElection10
2022-04-28 13:45:34,353 [ed14f577-cd6a-4282-b253-bcfbdf05676a@group-EABBF4BA2E45-LeaderElection10] INFO  impl.RoleInfo (RoleInfo.java:updateAndGet(130)) - ed14f577-cd6a-4282-b253-bcfbdf05676a: start ed14f577-cd6a-4282-b253-bcfbdf05676a@group-EABBF4BA2E45-FollowerState
2022-04-28 13:45:34,427 [4f6314c6-5f1e-418e-9cab-9d7da23e485e@group-715227EE14BA-FollowerState] INFO  impl.FollowerState (FollowerState.java:run(134)) - 4f6314c6-5f1e-418e-9cab-9d7da23e485e@group-715227EE14BA-FollowerState: change to CANDIDATE, lastRpcElapsedTime:5075559150ns, electionTimeout:5074ms
2022-04-28 13:45:34,429 [4f6314c6-5f1e-418e-9cab-9d7da23e485e@group-715227EE14BA-FollowerState] INFO  impl.RoleInfo (RoleInfo.java:shutdownFollowerState(108)) - 4f6314c6-5f1e-418e-9cab-9d7da23e485e: shutdown 4f6314c6-5f1e-418e-9cab-9d7da23e485e@group-715227EE14BA-FollowerState
2022-04-28 13:45:34,429 [4f6314c6-5f1e-418e-9cab-9d7da23e485e@group-715227EE14BA-FollowerState] INFO  server.RaftServer$Division (RaftServerImpl.java:setRole(290)) - 4f6314c6-5f1e-418e-9cab-9d7da23e485e@group-715227EE14BA: changes role from  FOLLOWER to CANDIDATE at term 0 for changeToCandidate
2022-04-28 13:45:34,430 [4f6314c6-5f1e-418e-9cab-9d7da23e485e@group-715227EE14BA-FollowerState] INFO  server.RaftServerConfigKeys (ConfUtils.java:logGet(44)) - raft.server.leaderelection.pre-vote = false (custom)
2022-04-28 13:45:34,430 [4f6314c6-5f1e-418e-9cab-9d7da23e485e@group-715227EE14BA-FollowerState] INFO  impl.RoleInfo (RoleInfo.java:updateAndGet(130)) - 4f6314c6-5f1e-418e-9cab-9d7da23e485e: start 4f6314c6-5f1e-418e-9cab-9d7da23e485e@group-715227EE14BA-LeaderElection11
2022-04-28 13:45:34,440 [4f6314c6-5f1e-418e-9cab-9d7da23e485e@group-715227EE14BA-LeaderElection11] INFO  impl.LeaderElection (LeaderElection.java:askForVotes(306)) - 4f6314c6-5f1e-418e-9cab-9d7da23e485e@group-715227EE14BA-LeaderElection11 ELECTION round 0: submit vote requests at term 1 for -1: [4f6314c6-5f1e-418e-9cab-9d7da23e485e|rpc:10.1.0.6:33597|dataStream:|priority:0, ab82d630-dee7-4177-af41-1c16b6b55497|rpc:10.1.0.6:33355|dataStream:|priority:1, ed14f577-cd6a-4282-b253-bcfbdf05676a|rpc:10.1.0.6:43755|dataStream:|priority:0], old=null
2022-04-28 13:45:34,454 [grpc-default-executor-1] INFO  server.RaftServer$Division (RaftServerImpl.java:requestVote(1046)) - ab82d630-dee7-4177-af41-1c16b6b55497@group-715227EE14BA: receive requestVote(ELECTION, 4f6314c6-5f1e-418e-9cab-9d7da23e485e, group-715227EE14BA, 1, (t:0, i:0))
2022-04-28 13:45:34,455 [grpc-default-executor-1] INFO  impl.VoteContext (VoteContext.java:log(48)) - ab82d630-dee7-4177-af41-1c16b6b55497@group-715227EE14BA-FOLLOWER: reject ELECTION from 4f6314c6-5f1e-418e-9cab-9d7da23e485e: our priority 1 > candidate's priority 0
2022-04-28 13:45:34,455 [grpc-default-executor-0] INFO  server.RaftServer$Division (RaftServerImpl.java:requestVote(1046)) - ed14f577-cd6a-4282-b253-bcfbdf05676a@group-715227EE14BA: receive requestVote(ELECTION, 4f6314c6-5f1e-418e-9cab-9d7da23e485e, group-715227EE14BA, 1, (t:0, i:0))
2022-04-28 13:45:34,456 [grpc-default-executor-0] INFO  impl.VoteContext (VoteContext.java:log(48)) - ed14f577-cd6a-4282-b253-bcfbdf05676a@group-715227EE14BA-FOLLOWER: accept ELECTION from 4f6314c6-5f1e-418e-9cab-9d7da23e485e: our priority 0 <= candidate's priority 0
2022-04-28 13:45:34,456 [grpc-default-executor-0] INFO  server.RaftServer$Division (RaftServerImpl.java:setRole(290)) - ed14f577-cd6a-4282-b253-bcfbdf05676a@group-715227EE14BA: changes role from  FOLLOWER to FOLLOWER at term 1 for candidate:4f6314c6-5f1e-418e-9cab-9d7da23e485e
2022-04-28 13:45:34,456 [grpc-default-executor-0] INFO  impl.RoleInfo (RoleInfo.java:shutdownFollowerState(108)) - ed14f577-cd6a-4282-b253-bcfbdf05676a: shutdown ed14f577-cd6a-4282-b253-bcfbdf05676a@group-715227EE14BA-FollowerState
2022-04-28 13:45:34,456 [grpc-default-executor-0] INFO  impl.RoleInfo (RoleInfo.java:updateAndGet(130)) - ed14f577-cd6a-4282-b253-bcfbdf05676a: start ed14f577-cd6a-4282-b253-bcfbdf05676a@group-715227EE14BA-FollowerState
2022-04-28 13:45:34,456 [ed14f577-cd6a-4282-b253-bcfbdf05676a@group-715227EE14BA-FollowerState] INFO  impl.FollowerState (FollowerState.java:run(143)) - ed14f577-cd6a-4282-b253-bcfbdf05676a@group-715227EE14BA-FollowerState was interrupted: {}
java.lang.InterruptedException: sleep interrupted
	at java.lang.Thread.sleep(Native Method)
	at java.lang.Thread.sleep(Thread.java:342)
	at java.util.concurrent.TimeUnit.sleep(TimeUnit.java:386)
	at org.apache.ratis.util.TimeDuration.sleep(TimeDuration.java:324)
	at org.apache.ratis.util.TimeDuration.sleep(TimeDuration.java:309)
	at org.apache.ratis.server.impl.FollowerState.run(FollowerState.java:118)
2022-04-28 13:45:34,456 [grpc-default-executor-1] INFO  server.RaftServer$Division (RaftServerImpl.java:setRole(290)) - ab82d630-dee7-4177-af41-1c16b6b55497@group-715227EE14BA: changes role from  FOLLOWER to FOLLOWER at term 1 for candidate:4f6314c6-5f1e-418e-9cab-9d7da23e485e
2022-04-28 13:45:34,458 [grpc-default-executor-1] INFO  impl.RoleInfo (RoleInfo.java:shutdownFollowerState(108)) - ab82d630-dee7-4177-af41-1c16b6b55497: shutdown ab82d630-dee7-4177-af41-1c16b6b55497@group-715227EE14BA-FollowerState
2022-04-28 13:45:34,463 [grpc-default-executor-1] INFO  impl.RoleInfo (RoleInfo.java:updateAndGet(130)) - ab82d630-dee7-4177-af41-1c16b6b55497: start ab82d630-dee7-4177-af41-1c16b6b55497@group-715227EE14BA-FollowerState
2022-04-28 13:45:34,463 [ab82d630-dee7-4177-af41-1c16b6b55497@group-715227EE14BA-FollowerState] INFO  impl.FollowerState (FollowerState.java:run(143)) - ab82d630-dee7-4177-af41-1c16b6b55497@group-715227EE14BA-FollowerState was interrupted: {}
java.lang.InterruptedException: sleep interrupted
	at java.lang.Thread.sleep(Native Method)
	at java.lang.Thread.sleep(Thread.java:342)
	at java.util.concurrent.TimeUnit.sleep(TimeUnit.java:386)
	at org.apache.ratis.util.TimeDuration.sleep(TimeDuration.java:324)
	at org.apache.ratis.util.TimeDuration.sleep(TimeDuration.java:309)
	at org.apache.ratis.server.impl.FollowerState.run(FollowerState.java:118)
2022-04-28 13:45:34,464 [grpc-default-executor-0] INFO  server.RaftServer$Division (RaftServerImpl.java:requestVote(1078)) - ed14f577-cd6a-4282-b253-bcfbdf05676a@group-715227EE14BA replies to ELECTION vote request: 4f6314c6-5f1e-418e-9cab-9d7da23e485e<-ed14f577-cd6a-4282-b253-bcfbdf05676a#0:OK-t1. Peer's state: ed14f577-cd6a-4282-b253-bcfbdf05676a@group-715227EE14BA:t1, leader=null, voted=4f6314c6-5f1e-418e-9cab-9d7da23e485e, raftlog=ed14f577-cd6a-4282-b253-bcfbdf05676a@group-715227EE14BA-SegmentedRaftLog:OPENED:c-1, conf=-1: [4f6314c6-5f1e-418e-9cab-9d7da23e485e|rpc:10.1.0.6:33597|dataStream:|priority:0, ab82d630-dee7-4177-af41-1c16b6b55497|rpc:10.1.0.6:33355|dataStream:|priority:1, ed14f577-cd6a-4282-b253-bcfbdf05676a|rpc:10.1.0.6:43755|dataStream:|priority:0], old=null
2022-04-28 13:45:34,467 [grpc-default-executor-1] INFO  server.RaftServer$Division (RaftServerImpl.java:requestVote(1078)) - ab82d630-dee7-4177-af41-1c16b6b55497@group-715227EE14BA replies to ELECTION vote request: 4f6314c6-5f1e-418e-9cab-9d7da23e485e<-ab82d630-dee7-4177-af41-1c16b6b55497#0:FAIL-t1. Peer's state: ab82d630-dee7-4177-af41-1c16b6b55497@group-715227EE14BA:t1, leader=null, voted=null, raftlog=ab82d630-dee7-4177-af41-1c16b6b55497@group-715227EE14BA-SegmentedRaftLog:OPENED:c-1, conf=-1: [4f6314c6-5f1e-418e-9cab-9d7da23e485e|rpc:10.1.0.6:33597|priority:0, ab82d630-dee7-4177-af41-1c16b6b55497|rpc:10.1.0.6:33355|priority:1, ed14f577-cd6a-4282-b253-bcfbdf05676a|rpc:10.1.0.6:43755|priority:0], old=null
2022-04-28 13:45:34,469 [4f6314c6-5f1e-418e-9cab-9d7da23e485e@group-715227EE14BA-LeaderElection11] INFO  impl.LeaderElection (LeaderElection.java:logAndReturn(89)) - 4f6314c6-5f1e-418e-9cab-9d7da23e485e@group-715227EE14BA-LeaderElection11: ELECTION REJECTED received 2 response(s) and 0 exception(s):
2022-04-28 13:45:34,470 [4f6314c6-5f1e-418e-9cab-9d7da23e485e@group-715227EE14BA-LeaderElection11] INFO  impl.LeaderElection (LeaderElection.java:logAndReturn(93)) -   Response 0: 4f6314c6-5f1e-418e-9cab-9d7da23e485e<-ab82d630-dee7-4177-af41-1c16b6b55497#0:FAIL-t1
2022-04-28 13:45:34,470 [4f6314c6-5f1e-418e-9cab-9d7da23e485e@group-715227EE14BA-LeaderElection11] INFO  impl.LeaderElection (LeaderElection.java:logAndReturn(93)) -   Response 1: 4f6314c6-5f1e-418e-9cab-9d7da23e485e<-ed14f577-cd6a-4282-b253-bcfbdf05676a#0:OK-t1
2022-04-28 13:45:34,470 [4f6314c6-5f1e-418e-9cab-9d7da23e485e@group-715227EE14BA-LeaderElection11] INFO  impl.LeaderElection (LeaderElection.java:askForVotes(308)) - 4f6314c6-5f1e-418e-9cab-9d7da23e485e@group-715227EE14BA-LeaderElection11 ELECTION round 0: result REJECTED
2022-04-28 13:45:34,470 [4f6314c6-5f1e-418e-9cab-9d7da23e485e@group-715227EE14BA-LeaderElection11] INFO  server.RaftServer$Division (RaftServerImpl.java:setRole(290)) - 4f6314c6-5f1e-418e-9cab-9d7da23e485e@group-715227EE14BA: changes role from CANDIDATE to FOLLOWER at term 1 for REJECTED
2022-04-28 13:45:34,471 [4f6314c6-5f1e-418e-9cab-9d7da23e485e@group-715227EE14BA-LeaderElection11] INFO  impl.RoleInfo (RoleInfo.java:shutdownLeaderElection(121)) - 4f6314c6-5f1e-418e-9cab-9d7da23e485e: shutdown 4f6314c6-5f1e-418e-9cab-9d7da23e485e@group-715227EE14BA-LeaderElection11
2022-04-28 13:45:34,471 [4f6314c6-5f1e-418e-9cab-9d7da23e485e@group-715227EE14BA-LeaderElection11] INFO  impl.RoleInfo (RoleInfo.java:updateAndGet(130)) - 4f6314c6-5f1e-418e-9cab-9d7da23e485e: start 4f6314c6-5f1e-418e-9cab-9d7da23e485e@group-715227EE14BA-FollowerState
2022-04-28 13:45:34,576 [ed14f577-cd6a-4282-b253-bcfbdf05676a@group-3C38A729D1A2-FollowerState] INFO  impl.FollowerState (FollowerState.java:run(134)) - ed14f577-cd6a-4282-b253-bcfbdf05676a@group-3C38A729D1A2-FollowerState: change to CANDIDATE, lastRpcElapsedTime:5047938468ns, electionTimeout:5047ms
2022-04-28 13:45:34,578 [ed14f577-cd6a-4282-b253-bcfbdf05676a@group-3C38A729D1A2-FollowerState] INFO  impl.RoleInfo (RoleInfo.java:shutdownFollowerState(108)) - ed14f577-cd6a-4282-b253-bcfbdf05676a: shutdown ed14f577-cd6a-4282-b253-bcfbdf05676a@group-3C38A729D1A2-FollowerState
2022-04-28 13:45:34,578 [ed14f577-cd6a-4282-b253-bcfbdf05676a@group-3C38A729D1A2-FollowerState] INFO  server.RaftServer$Division (RaftServerImpl.java:setRole(290)) - ed14f577-cd6a-4282-b253-bcfbdf05676a@group-3C38A729D1A2: changes role from  FOLLOWER to CANDIDATE at term 0 for changeToCandidate
2022-04-28 13:45:34,578 [ed14f577-cd6a-4282-b253-bcfbdf05676a@group-3C38A729D1A2-FollowerState] INFO  server.RaftServerConfigKeys (ConfUtils.java:logGet(44)) - raft.server.leaderelection.pre-vote = false (custom)
2022-04-28 13:45:34,578 [ed14f577-cd6a-4282-b253-bcfbdf05676a@group-3C38A729D1A2-FollowerState] INFO  impl.RoleInfo (RoleInfo.java:updateAndGet(130)) - ed14f577-cd6a-4282-b253-bcfbdf05676a: start ed14f577-cd6a-4282-b253-bcfbdf05676a@group-3C38A729D1A2-LeaderElection12
2022-04-28 13:45:34,581 [ed14f577-cd6a-4282-b253-bcfbdf05676a@group-3C38A729D1A2-LeaderElection12] INFO  impl.LeaderElection (LeaderElection.java:askForVotes(306)) - ed14f577-cd6a-4282-b253-bcfbdf05676a@group-3C38A729D1A2-LeaderElection12 ELECTION round 0: submit vote requests at term 1 for -1: [ed14f577-cd6a-4282-b253-bcfbdf05676a|rpc:10.1.0.6:43755|priority:1], old=null
2022-04-28 13:45:34,581 [ed14f577-cd6a-4282-b253-bcfbdf05676a@group-3C38A729D1A2-LeaderElection12] INFO  impl.LeaderElection (LeaderElection.java:askForVotes(308)) - ed14f577-cd6a-4282-b253-bcfbdf05676a@group-3C38A729D1A2-LeaderElection12 ELECTION round 0: result PASSED (term=1)
2022-04-28 13:45:34,581 [ed14f577-cd6a-4282-b253-bcfbdf05676a@group-3C38A729D1A2-LeaderElection12] INFO  impl.RoleInfo (RoleInfo.java:shutdownLeaderElection(121)) - ed14f577-cd6a-4282-b253-bcfbdf05676a: shutdown ed14f577-cd6a-4282-b253-bcfbdf05676a@group-3C38A729D1A2-LeaderElection12
2022-04-28 13:45:34,581 [ed14f577-cd6a-4282-b253-bcfbdf05676a@group-3C38A729D1A2-LeaderElection12] INFO  server.RaftServer$Division (RaftServerImpl.java:setRole(290)) - ed14f577-cd6a-4282-b253-bcfbdf05676a@group-3C38A729D1A2: changes role from CANDIDATE to LEADER at term 1 for changeToLeader
2022-04-28 13:45:34,581 [ed14f577-cd6a-4282-b253-bcfbdf05676a@group-3C38A729D1A2-LeaderElection12] INFO  ratis.XceiverServerRatis (XceiverServerRatis.java:handleLeaderChangedNotification(863)) - Leader change notification received for group: group-3C38A729D1A2 with new leaderId: ed14f577-cd6a-4282-b253-bcfbdf05676a
2022-04-28 13:45:34,582 [ed14f577-cd6a-4282-b253-bcfbdf05676a@group-3C38A729D1A2-LeaderElection12] INFO  server.RaftServer$Division (ServerState.java:setLeader(285)) - ed14f577-cd6a-4282-b253-bcfbdf05676a@group-3C38A729D1A2: change Leader from null to ed14f577-cd6a-4282-b253-bcfbdf05676a at term 1 for becomeLeader, leader elected after 5064ms
2022-04-28 13:45:34,582 [ed14f577-cd6a-4282-b253-bcfbdf05676a@group-3C38A729D1A2-LeaderElection12] INFO  server.RaftServerConfigKeys (ConfUtils.java:logGet(44)) - raft.server.staging.catchup.gap = 1000 (default)
2022-04-28 13:45:34,585 [ed14f577-cd6a-4282-b253-bcfbdf05676a@group-3C38A729D1A2-LeaderElection12] INFO  server.RaftServerConfigKeys (ConfUtils.java:logGet(44)) - raft.server.write.element-limit = 1024 (custom)
2022-04-28 13:45:34,585 [EventQueue-OpenPipelineForHealthyPipelineSafeModeRule] INFO  safemode.SCMSafeModeManager (HealthyPipelineSafeModeRule.java:process(124)) - SCM in safe mode. Healthy pipelines reported count is 0, required healthy pipeline reported count is 1
2022-04-28 13:45:34,585 [ed14f577-cd6a-4282-b253-bcfbdf05676a@group-3C38A729D1A2-LeaderElection12] INFO  server.RaftServerConfigKeys (ConfUtils.java:logGet(44)) - raft.server.write.byte-limit = 1024 M (=1073741824) (custom)
2022-04-28 13:45:34,587 [ed14f577-cd6a-4282-b253-bcfbdf05676a@group-3C38A729D1A2-LeaderElection12] INFO  server.RaftServerConfigKeys (ConfUtils.java:logGet(44)) - raft.server.watch.timeout = 3000ms (custom)
2022-04-28 13:45:34,587 [ed14f577-cd6a-4282-b253-bcfbdf05676a@group-3C38A729D1A2-LeaderElection12] INFO  server.RaftServerConfigKeys (ConfUtils.java:logGet(44)) - raft.server.watch.timeout.denomination = 1s (default)
2022-04-28 13:45:34,587 [ed14f577-cd6a-4282-b253-bcfbdf05676a@group-3C38A729D1A2-LeaderElection12] INFO  server.RaftServerConfigKeys (ConfUtils.java:logGet(44)) - raft.server.watch.element-limit = 65536 (default)
2022-04-28 13:45:34,587 [ed14f577-cd6a-4282-b253-bcfbdf05676a@group-3C38A729D1A2-LeaderElection12] INFO  server.RaftServerConfigKeys (ConfUtils.java:logGet(44)) - raft.server.write.element-limit = 1024 (custom)
2022-04-28 13:45:34,587 [ed14f577-cd6a-4282-b253-bcfbdf05676a@group-3C38A729D1A2-LeaderElection12] INFO  server.RaftServerConfigKeys (ConfUtils.java:logGet(44)) - raft.server.write.follower.gap.ratio.max = -1.0 (default)
2022-04-28 13:45:34,588 [ed14f577-cd6a-4282-b253-bcfbdf05676a@group-3C38A729D1A2-LeaderElection12] INFO  impl.RoleInfo (RoleInfo.java:updateAndGet(130)) - ed14f577-cd6a-4282-b253-bcfbdf05676a: start ed14f577-cd6a-4282-b253-bcfbdf05676a@group-3C38A729D1A2-LeaderStateImpl
2022-04-28 13:45:34,588 [ed14f577-cd6a-4282-b253-bcfbdf05676a@group-3C38A729D1A2-LeaderElection12] INFO  segmented.SegmentedRaftLogWorker (SegmentedRaftLogWorker.java:startLogSegment(394)) - ed14f577-cd6a-4282-b253-bcfbdf05676a@group-3C38A729D1A2-SegmentedRaftLogWorker: Starting segment from index:0
2022-04-28 13:45:34,590 [ed14f577-cd6a-4282-b253-bcfbdf05676a@group-3C38A729D1A2-SegmentedRaftLogWorker] INFO  segmented.SegmentedRaftLogWorker (SegmentedRaftLogWorker.java:execute(601)) - ed14f577-cd6a-4282-b253-bcfbdf05676a@group-3C38A729D1A2-SegmentedRaftLogWorker: created new log segment /home/runner/work/ozone/ozone/hadoop-ozone/integration-test/target/test-dir/MiniOzoneClusterImpl-961b773a-55ec-4776-b588-5de87e184680/datanode-4/data/ratis/1b6a780b-5304-49ed-a91f-3c38a729d1a2/current/log_inprogress_0
2022-04-28 13:45:34,590 [ed14f577-cd6a-4282-b253-bcfbdf05676a@group-3C38A729D1A2-LeaderElection12] INFO  server.RaftServer$Division (ServerState.java:setRaftConf(387)) - ed14f577-cd6a-4282-b253-bcfbdf05676a@group-3C38A729D1A2: set configuration 0: [ed14f577-cd6a-4282-b253-bcfbdf05676a|rpc:10.1.0.6:43755|dataStream:|priority:1], old=null
2022-04-28 13:45:34,826 [4f6314c6-5f1e-418e-9cab-9d7da23e485e@group-71CF8A036548-FollowerState] INFO  impl.FollowerState (FollowerState.java:run(134)) - 4f6314c6-5f1e-418e-9cab-9d7da23e485e@group-71CF8A036548-FollowerState: change to CANDIDATE, lastRpcElapsedTime:5011857161ns, electionTimeout:5005ms
2022-04-28 13:45:34,826 [4f6314c6-5f1e-418e-9cab-9d7da23e485e@group-71CF8A036548-FollowerState] INFO  impl.RoleInfo (RoleInfo.java:shutdownFollowerState(108)) - 4f6314c6-5f1e-418e-9cab-9d7da23e485e: shutdown 4f6314c6-5f1e-418e-9cab-9d7da23e485e@group-71CF8A036548-FollowerState
2022-04-28 13:45:34,826 [4f6314c6-5f1e-418e-9cab-9d7da23e485e@group-71CF8A036548-FollowerState] INFO  server.RaftServer$Division (RaftServerImpl.java:setRole(290)) - 4f6314c6-5f1e-418e-9cab-9d7da23e485e@group-71CF8A036548: changes role from  FOLLOWER to CANDIDATE at term 0 for changeToCandidate
2022-04-28 13:45:34,826 [4f6314c6-5f1e-418e-9cab-9d7da23e485e@group-71CF8A036548-FollowerState] INFO  server.RaftServerConfigKeys (ConfUtils.java:logGet(44)) - raft.server.leaderelection.pre-vote = false (custom)
2022-04-28 13:45:34,826 [4f6314c6-5f1e-418e-9cab-9d7da23e485e@group-71CF8A036548-FollowerState] INFO  impl.RoleInfo (RoleInfo.java:updateAndGet(130)) - 4f6314c6-5f1e-418e-9cab-9d7da23e485e: start 4f6314c6-5f1e-418e-9cab-9d7da23e485e@group-71CF8A036548-LeaderElection13
2022-04-28 13:45:34,831 [4f6314c6-5f1e-418e-9cab-9d7da23e485e@group-71CF8A036548-LeaderElection13] INFO  impl.LeaderElection (LeaderElection.java:askForVotes(306)) - 4f6314c6-5f1e-418e-9cab-9d7da23e485e@group-71CF8A036548-LeaderElection13 ELECTION round 0: submit vote requests at term 1 for -1: [4f6314c6-5f1e-418e-9cab-9d7da23e485e|rpc:10.1.0.6:33597|priority:1], old=null
2022-04-28 13:45:34,832 [4f6314c6-5f1e-418e-9cab-9d7da23e485e@group-71CF8A036548-LeaderElection13] INFO  impl.LeaderElection (LeaderElection.java:askForVotes(308)) - 4f6314c6-5f1e-418e-9cab-9d7da23e485e@group-71CF8A036548-LeaderElection13 ELECTION round 0: result PASSED (term=1)
2022-04-28 13:45:34,832 [4f6314c6-5f1e-418e-9cab-9d7da23e485e@group-71CF8A036548-LeaderElection13] INFO  impl.RoleInfo (RoleInfo.java:shutdownLeaderElection(121)) - 4f6314c6-5f1e-418e-9cab-9d7da23e485e: shutdown 4f6314c6-5f1e-418e-9cab-9d7da23e485e@group-71CF8A036548-LeaderElection13
2022-04-28 13:45:34,832 [4f6314c6-5f1e-418e-9cab-9d7da23e485e@group-71CF8A036548-LeaderElection13] INFO  server.RaftServer$Division (RaftServerImpl.java:setRole(290)) - 4f6314c6-5f1e-418e-9cab-9d7da23e485e@group-71CF8A036548: changes role from CANDIDATE to LEADER at term 1 for changeToLeader
2022-04-28 13:45:34,832 [4f6314c6-5f1e-418e-9cab-9d7da23e485e@group-71CF8A036548-LeaderElection13] INFO  ratis.XceiverServerRatis (XceiverServerRatis.java:handleLeaderChangedNotification(863)) - Leader change notification received for group: group-71CF8A036548 with new leaderId: 4f6314c6-5f1e-418e-9cab-9d7da23e485e
2022-04-28 13:45:34,833 [EventQueue-OpenPipelineForHealthyPipelineSafeModeRule] INFO  safemode.SCMSafeModeManager (HealthyPipelineSafeModeRule.java:process(124)) - SCM in safe mode. Healthy pipelines reported count is 0, required healthy pipeline reported count is 1
2022-04-28 13:45:34,834 [4f6314c6-5f1e-418e-9cab-9d7da23e485e@group-71CF8A036548-LeaderElection13] INFO  server.RaftServer$Division (ServerState.java:setLeader(285)) - 4f6314c6-5f1e-418e-9cab-9d7da23e485e@group-71CF8A036548: change Leader from null to 4f6314c6-5f1e-418e-9cab-9d7da23e485e at term 1 for becomeLeader, leader elected after 5022ms
2022-04-28 13:45:34,834 [4f6314c6-5f1e-418e-9cab-9d7da23e485e@group-71CF8A036548-LeaderElection13] INFO  server.RaftServerConfigKeys (ConfUtils.java:logGet(44)) - raft.server.staging.catchup.gap = 1000 (default)
2022-04-28 13:45:34,835 [4f6314c6-5f1e-418e-9cab-9d7da23e485e@group-71CF8A036548-LeaderElection13] INFO  server.RaftServerConfigKeys (ConfUtils.java:logGet(44)) - raft.server.write.element-limit = 1024 (custom)
2022-04-28 13:45:34,835 [4f6314c6-5f1e-418e-9cab-9d7da23e485e@group-71CF8A036548-LeaderElection13] INFO  server.RaftServerConfigKeys (ConfUtils.java:logGet(44)) - raft.server.write.byte-limit = 1024 M (=1073741824) (custom)
2022-04-28 13:45:34,835 [4f6314c6-5f1e-418e-9cab-9d7da23e485e@group-71CF8A036548-LeaderElection13] INFO  server.RaftServerConfigKeys (ConfUtils.java:logGet(44)) - raft.server.watch.timeout = 3000ms (custom)
2022-04-28 13:45:34,835 [4f6314c6-5f1e-418e-9cab-9d7da23e485e@group-71CF8A036548-LeaderElection13] INFO  server.RaftServerConfigKeys (ConfUtils.java:logGet(44)) - raft.server.watch.timeout.denomination = 1s (default)
2022-04-28 13:45:34,835 [4f6314c6-5f1e-418e-9cab-9d7da23e485e@group-71CF8A036548-LeaderElection13] INFO  server.RaftServerConfigKeys (ConfUtils.java:logGet(44)) - raft.server.watch.element-limit = 65536 (default)
2022-04-28 13:45:34,835 [4f6314c6-5f1e-418e-9cab-9d7da23e485e@group-71CF8A036548-LeaderElection13] INFO  server.RaftServerConfigKeys (ConfUtils.java:logGet(44)) - raft.server.write.element-limit = 1024 (custom)
2022-04-28 13:45:34,835 [4f6314c6-5f1e-418e-9cab-9d7da23e485e@group-71CF8A036548-LeaderElection13] INFO  server.RaftServerConfigKeys (ConfUtils.java:logGet(44)) - raft.server.write.follower.gap.ratio.max = -1.0 (default)
2022-04-28 13:45:34,835 [4f6314c6-5f1e-418e-9cab-9d7da23e485e@group-71CF8A036548-LeaderElection13] INFO  impl.RoleInfo (RoleInfo.java:updateAndGet(130)) - 4f6314c6-5f1e-418e-9cab-9d7da23e485e: start 4f6314c6-5f1e-418e-9cab-9d7da23e485e@group-71CF8A036548-LeaderStateImpl
2022-04-28 13:45:34,836 [4f6314c6-5f1e-418e-9cab-9d7da23e485e@group-71CF8A036548-LeaderElection13] INFO  segmented.SegmentedRaftLogWorker (SegmentedRaftLogWorker.java:startLogSegment(394)) - 4f6314c6-5f1e-418e-9cab-9d7da23e485e@group-71CF8A036548-SegmentedRaftLogWorker: Starting segment from index:0
2022-04-28 13:45:34,838 [4f6314c6-5f1e-418e-9cab-9d7da23e485e@group-71CF8A036548-SegmentedRaftLogWorker] INFO  segmented.SegmentedRaftLogWorker (SegmentedRaftLogWorker.java:execute(601)) - 4f6314c6-5f1e-418e-9cab-9d7da23e485e@group-71CF8A036548-SegmentedRaftLogWorker: created new log segment /home/runner/work/ozone/ozone/hadoop-ozone/integration-test/target/test-dir/MiniOzoneClusterImpl-961b773a-55ec-4776-b588-5de87e184680/datanode-5/data/ratis/13fe0616-9a5d-43ef-8746-71cf8a036548/current/log_inprogress_0
2022-04-28 13:45:34,838 [4f6314c6-5f1e-418e-9cab-9d7da23e485e@group-71CF8A036548-LeaderElection13] INFO  server.RaftServer$Division (ServerState.java:setRaftConf(387)) - 4f6314c6-5f1e-418e-9cab-9d7da23e485e@group-71CF8A036548: set configuration 0: [4f6314c6-5f1e-418e-9cab-9d7da23e485e|rpc:10.1.0.6:33597|dataStream:|priority:1], old=null
2022-04-28 13:45:35,079 [Listener at 127.0.0.1/38637] INFO  ozone.MiniOzoneClusterImpl (MiniOzoneClusterImpl.java:lambda$waitForClusterToBeReady$0(221)) - Nodes are ready. Got 7 of 7 DN Heartbeats.
2022-04-28 13:45:35,079 [Listener at 127.0.0.1/38637] INFO  ozone.MiniOzoneClusterImpl (MiniOzoneClusterImpl.java:lambda$waitForClusterToBeReady$0(224)) - Waiting for cluster to exit safe mode
2022-04-28 13:45:35,079 [Listener at 127.0.0.1/38637] INFO  ozone.MiniOzoneClusterImpl (MiniOzoneClusterImpl.java:lambda$waitForClusterToBeReady$0(226)) - SCM became leader
2022-04-28 13:45:35,188 [35bc48eb-3a69-4b93-a612-e068df06f99e@group-48175AE9934B-FollowerState] INFO  impl.FollowerState (FollowerState.java:run(134)) - 35bc48eb-3a69-4b93-a612-e068df06f99e@group-48175AE9934B-FollowerState: change to CANDIDATE, lastRpcElapsedTime:5065552420ns, electionTimeout:5065ms
2022-04-28 13:45:35,189 [35bc48eb-3a69-4b93-a612-e068df06f99e@group-48175AE9934B-FollowerState] INFO  impl.RoleInfo (RoleInfo.java:shutdownFollowerState(108)) - 35bc48eb-3a69-4b93-a612-e068df06f99e: shutdown 35bc48eb-3a69-4b93-a612-e068df06f99e@group-48175AE9934B-FollowerState
2022-04-28 13:45:35,189 [35bc48eb-3a69-4b93-a612-e068df06f99e@group-48175AE9934B-FollowerState] INFO  server.RaftServer$Division (RaftServerImpl.java:setRole(290)) - 35bc48eb-3a69-4b93-a612-e068df06f99e@group-48175AE9934B: changes role from  FOLLOWER to CANDIDATE at term 0 for changeToCandidate
2022-04-28 13:45:35,190 [35bc48eb-3a69-4b93-a612-e068df06f99e@group-48175AE9934B-FollowerState] INFO  server.RaftServerConfigKeys (ConfUtils.java:logGet(44)) - raft.server.leaderelection.pre-vote = false (custom)
2022-04-28 13:45:35,190 [35bc48eb-3a69-4b93-a612-e068df06f99e@group-48175AE9934B-FollowerState] INFO  impl.RoleInfo (RoleInfo.java:updateAndGet(130)) - 35bc48eb-3a69-4b93-a612-e068df06f99e: start 35bc48eb-3a69-4b93-a612-e068df06f99e@group-48175AE9934B-LeaderElection14
2022-04-28 13:45:35,193 [35bc48eb-3a69-4b93-a612-e068df06f99e@group-48175AE9934B-LeaderElection14] INFO  impl.LeaderElection (LeaderElection.java:askForVotes(306)) - 35bc48eb-3a69-4b93-a612-e068df06f99e@group-48175AE9934B-LeaderElection14 ELECTION round 0: submit vote requests at term 1 for -1: [35bc48eb-3a69-4b93-a612-e068df06f99e|rpc:10.1.0.6:43573|priority:1], old=null
2022-04-28 13:45:35,193 [35bc48eb-3a69-4b93-a612-e068df06f99e@group-48175AE9934B-LeaderElection14] INFO  impl.LeaderElection (LeaderElection.java:askForVotes(308)) - 35bc48eb-3a69-4b93-a612-e068df06f99e@group-48175AE9934B-LeaderElection14 ELECTION round 0: result PASSED (term=1)
2022-04-28 13:45:35,193 [35bc48eb-3a69-4b93-a612-e068df06f99e@group-48175AE9934B-LeaderElection14] INFO  impl.RoleInfo (RoleInfo.java:shutdownLeaderElection(121)) - 35bc48eb-3a69-4b93-a612-e068df06f99e: shutdown 35bc48eb-3a69-4b93-a612-e068df06f99e@group-48175AE9934B-LeaderElection14
2022-04-28 13:45:35,193 [35bc48eb-3a69-4b93-a612-e068df06f99e@group-48175AE9934B-LeaderElection14] INFO  server.RaftServer$Division (RaftServerImpl.java:setRole(290)) - 35bc48eb-3a69-4b93-a612-e068df06f99e@group-48175AE9934B: changes role from CANDIDATE to LEADER at term 1 for changeToLeader
2022-04-28 13:45:35,193 [35bc48eb-3a69-4b93-a612-e068df06f99e@group-48175AE9934B-LeaderElection14] INFO  ratis.XceiverServerRatis (XceiverServerRatis.java:handleLeaderChangedNotification(863)) - Leader change notification received for group: group-48175AE9934B with new leaderId: 35bc48eb-3a69-4b93-a612-e068df06f99e
2022-04-28 13:45:35,193 [35bc48eb-3a69-4b93-a612-e068df06f99e@group-48175AE9934B-LeaderElection14] INFO  server.RaftServer$Division (ServerState.java:setLeader(285)) - 35bc48eb-3a69-4b93-a612-e068df06f99e@group-48175AE9934B: change Leader from null to 35bc48eb-3a69-4b93-a612-e068df06f99e at term 1 for becomeLeader, leader elected after 5078ms
2022-04-28 13:45:35,193 [35bc48eb-3a69-4b93-a612-e068df06f99e@group-48175AE9934B-LeaderElection14] INFO  server.RaftServerConfigKeys (ConfUtils.java:logGet(44)) - raft.server.staging.catchup.gap = 1000 (default)
2022-04-28 13:45:35,193 [35bc48eb-3a69-4b93-a612-e068df06f99e@group-48175AE9934B-LeaderElection14] INFO  server.RaftServerConfigKeys (ConfUtils.java:logGet(44)) - raft.server.write.element-limit = 1024 (custom)
2022-04-28 13:45:35,193 [35bc48eb-3a69-4b93-a612-e068df06f99e@group-48175AE9934B-LeaderElection14] INFO  server.RaftServerConfigKeys (ConfUtils.java:logGet(44)) - raft.server.write.byte-limit = 1024 M (=1073741824) (custom)
2022-04-28 13:45:35,195 [EventQueue-OpenPipelineForHealthyPipelineSafeModeRule] INFO  safemode.SCMSafeModeManager (HealthyPipelineSafeModeRule.java:process(124)) - SCM in safe mode. Healthy pipelines reported count is 0, required healthy pipeline reported count is 1
2022-04-28 13:45:35,195 [35bc48eb-3a69-4b93-a612-e068df06f99e@group-48175AE9934B-LeaderElection14] INFO  server.RaftServerConfigKeys (ConfUtils.java:logGet(44)) - raft.server.watch.timeout = 3000ms (custom)
2022-04-28 13:45:35,195 [35bc48eb-3a69-4b93-a612-e068df06f99e@group-48175AE9934B-LeaderElection14] INFO  server.RaftServerConfigKeys (ConfUtils.java:logGet(44)) - raft.server.watch.timeout.denomination = 1s (default)
2022-04-28 13:45:35,195 [35bc48eb-3a69-4b93-a612-e068df06f99e@group-48175AE9934B-LeaderElection14] INFO  server.RaftServerConfigKeys (ConfUtils.java:logGet(44)) - raft.server.watch.element-limit = 65536 (default)
2022-04-28 13:45:35,195 [35bc48eb-3a69-4b93-a612-e068df06f99e@group-48175AE9934B-LeaderElection14] INFO  server.RaftServerConfigKeys (ConfUtils.java:logGet(44)) - raft.server.write.element-limit = 1024 (custom)
2022-04-28 13:45:35,195 [35bc48eb-3a69-4b93-a612-e068df06f99e@group-48175AE9934B-LeaderElection14] INFO  server.RaftServerConfigKeys (ConfUtils.java:logGet(44)) - raft.server.write.follower.gap.ratio.max = -1.0 (default)
2022-04-28 13:45:35,195 [35bc48eb-3a69-4b93-a612-e068df06f99e@group-48175AE9934B-LeaderElection14] INFO  impl.RoleInfo (RoleInfo.java:updateAndGet(130)) - 35bc48eb-3a69-4b93-a612-e068df06f99e: start 35bc48eb-3a69-4b93-a612-e068df06f99e@group-48175AE9934B-LeaderStateImpl
2022-04-28 13:45:35,196 [35bc48eb-3a69-4b93-a612-e068df06f99e@group-48175AE9934B-LeaderElection14] INFO  segmented.SegmentedRaftLogWorker (SegmentedRaftLogWorker.java:startLogSegment(394)) - 35bc48eb-3a69-4b93-a612-e068df06f99e@group-48175AE9934B-SegmentedRaftLogWorker: Starting segment from index:0
2022-04-28 13:45:35,197 [35bc48eb-3a69-4b93-a612-e068df06f99e@group-48175AE9934B-SegmentedRaftLogWorker] INFO  segmented.SegmentedRaftLogWorker (SegmentedRaftLogWorker.java:execute(601)) - 35bc48eb-3a69-4b93-a612-e068df06f99e@group-48175AE9934B-SegmentedRaftLogWorker: created new log segment /home/runner/work/ozone/ozone/hadoop-ozone/integration-test/target/test-dir/MiniOzoneClusterImpl-961b773a-55ec-4776-b588-5de87e184680/datanode-6/data/ratis/1de3288d-9c66-4b35-849f-48175ae9934b/current/log_inprogress_0
2022-04-28 13:45:35,197 [35bc48eb-3a69-4b93-a612-e068df06f99e@group-48175AE9934B-LeaderElection14] INFO  server.RaftServer$Division (ServerState.java:setRaftConf(387)) - 35bc48eb-3a69-4b93-a612-e068df06f99e@group-48175AE9934B: set configuration 0: [35bc48eb-3a69-4b93-a612-e068df06f99e|rpc:10.1.0.6:43573|dataStream:|priority:1], old=null
2022-04-28 13:45:36,080 [Listener at 127.0.0.1/38637] INFO  ozone.MiniOzoneClusterImpl (MiniOzoneClusterImpl.java:lambda$waitForClusterToBeReady$0(221)) - Nodes are ready. Got 7 of 7 DN Heartbeats.
2022-04-28 13:45:36,080 [Listener at 127.0.0.1/38637] INFO  ozone.MiniOzoneClusterImpl (MiniOzoneClusterImpl.java:lambda$waitForClusterToBeReady$0(224)) - Waiting for cluster to exit safe mode
2022-04-28 13:45:36,080 [Listener at 127.0.0.1/38637] INFO  ozone.MiniOzoneClusterImpl (MiniOzoneClusterImpl.java:lambda$waitForClusterToBeReady$0(226)) - SCM became leader
2022-04-28 13:45:37,080 [Listener at 127.0.0.1/38637] INFO  ozone.MiniOzoneClusterImpl (MiniOzoneClusterImpl.java:lambda$waitForClusterToBeReady$0(221)) - Nodes are ready. Got 7 of 7 DN Heartbeats.
2022-04-28 13:45:37,080 [Listener at 127.0.0.1/38637] INFO  ozone.MiniOzoneClusterImpl (MiniOzoneClusterImpl.java:lambda$waitForClusterToBeReady$0(224)) - Waiting for cluster to exit safe mode
2022-04-28 13:45:37,080 [Listener at 127.0.0.1/38637] INFO  ozone.MiniOzoneClusterImpl (MiniOzoneClusterImpl.java:lambda$waitForClusterToBeReady$0(226)) - SCM became leader
2022-04-28 13:45:38,081 [Listener at 127.0.0.1/38637] INFO  ozone.MiniOzoneClusterImpl (MiniOzoneClusterImpl.java:lambda$waitForClusterToBeReady$0(221)) - Nodes are ready. Got 7 of 7 DN Heartbeats.
2022-04-28 13:45:38,081 [Listener at 127.0.0.1/38637] INFO  ozone.MiniOzoneClusterImpl (MiniOzoneClusterImpl.java:lambda$waitForClusterToBeReady$0(224)) - Waiting for cluster to exit safe mode
2022-04-28 13:45:38,081 [Listener at 127.0.0.1/38637] INFO  ozone.MiniOzoneClusterImpl (MiniOzoneClusterImpl.java:lambda$waitForClusterToBeReady$0(226)) - SCM became leader
2022-04-28 13:45:38,332 [ab92dd13-3a3c-494a-a601-0001755b8ba9@group-1E6DBB551F13-FollowerState] INFO  impl.FollowerState (FollowerState.java:run(134)) - ab92dd13-3a3c-494a-a601-0001755b8ba9@group-1E6DBB551F13-FollowerState: change to CANDIDATE, lastRpcElapsedTime:5127229103ns, electionTimeout:5113ms
2022-04-28 13:45:38,332 [ab92dd13-3a3c-494a-a601-0001755b8ba9@group-1E6DBB551F13-FollowerState] INFO  impl.RoleInfo (RoleInfo.java:shutdownFollowerState(108)) - ab92dd13-3a3c-494a-a601-0001755b8ba9: shutdown ab92dd13-3a3c-494a-a601-0001755b8ba9@group-1E6DBB551F13-FollowerState
2022-04-28 13:45:38,332 [ab92dd13-3a3c-494a-a601-0001755b8ba9@group-1E6DBB551F13-FollowerState] INFO  server.RaftServer$Division (RaftServerImpl.java:setRole(290)) - ab92dd13-3a3c-494a-a601-0001755b8ba9@group-1E6DBB551F13: changes role from  FOLLOWER to CANDIDATE at term 1 for changeToCandidate
2022-04-28 13:45:38,332 [ab92dd13-3a3c-494a-a601-0001755b8ba9@group-1E6DBB551F13-FollowerState] INFO  server.RaftServerConfigKeys (ConfUtils.java:logGet(44)) - raft.server.leaderelection.pre-vote = false (custom)
2022-04-28 13:45:38,332 [ab92dd13-3a3c-494a-a601-0001755b8ba9@group-1E6DBB551F13-FollowerState] INFO  impl.RoleInfo (RoleInfo.java:updateAndGet(130)) - ab92dd13-3a3c-494a-a601-0001755b8ba9: start ab92dd13-3a3c-494a-a601-0001755b8ba9@group-1E6DBB551F13-LeaderElection15
2022-04-28 13:45:38,334 [ab92dd13-3a3c-494a-a601-0001755b8ba9@group-1E6DBB551F13-LeaderElection15] INFO  impl.LeaderElection (LeaderElection.java:askForVotes(306)) - ab92dd13-3a3c-494a-a601-0001755b8ba9@group-1E6DBB551F13-LeaderElection15 ELECTION round 0: submit vote requests at term 2 for -1: [ab92dd13-3a3c-494a-a601-0001755b8ba9|rpc:10.1.0.6:38077|priority:1, 5f73a725-0f40-4029-8a7b-0ac4f52c09c7|rpc:10.1.0.6:38783|priority:0, 0560cff9-c55c-4a15-aea8-16ef2e8911e2|rpc:10.1.0.6:37139|priority:0], old=null
2022-04-28 13:45:38,340 [grpc-default-executor-0] INFO  server.RaftServer$Division (RaftServerImpl.java:requestVote(1046)) - 5f73a725-0f40-4029-8a7b-0ac4f52c09c7@group-1E6DBB551F13: receive requestVote(ELECTION, ab92dd13-3a3c-494a-a601-0001755b8ba9, group-1E6DBB551F13, 2, (t:0, i:0))
2022-04-28 13:45:38,340 [grpc-default-executor-0] INFO  impl.VoteContext (VoteContext.java:log(48)) - 5f73a725-0f40-4029-8a7b-0ac4f52c09c7@group-1E6DBB551F13-FOLLOWER: accept ELECTION from ab92dd13-3a3c-494a-a601-0001755b8ba9: our priority 0 <= candidate's priority 1
2022-04-28 13:45:38,340 [grpc-default-executor-0] INFO  server.RaftServer$Division (RaftServerImpl.java:setRole(290)) - 5f73a725-0f40-4029-8a7b-0ac4f52c09c7@group-1E6DBB551F13: changes role from  FOLLOWER to FOLLOWER at term 2 for candidate:ab92dd13-3a3c-494a-a601-0001755b8ba9
2022-04-28 13:45:38,340 [grpc-default-executor-0] INFO  impl.RoleInfo (RoleInfo.java:shutdownFollowerState(108)) - 5f73a725-0f40-4029-8a7b-0ac4f52c09c7: shutdown 5f73a725-0f40-4029-8a7b-0ac4f52c09c7@group-1E6DBB551F13-FollowerState
2022-04-28 13:45:38,340 [grpc-default-executor-0] INFO  impl.RoleInfo (RoleInfo.java:updateAndGet(130)) - 5f73a725-0f40-4029-8a7b-0ac4f52c09c7: start 5f73a725-0f40-4029-8a7b-0ac4f52c09c7@group-1E6DBB551F13-FollowerState
2022-04-28 13:45:38,341 [5f73a725-0f40-4029-8a7b-0ac4f52c09c7@group-1E6DBB551F13-FollowerState] INFO  impl.FollowerState (FollowerState.java:run(143)) - 5f73a725-0f40-4029-8a7b-0ac4f52c09c7@group-1E6DBB551F13-FollowerState was interrupted: {}
java.lang.InterruptedException: sleep interrupted
	at java.lang.Thread.sleep(Native Method)
	at java.lang.Thread.sleep(Thread.java:342)
	at java.util.concurrent.TimeUnit.sleep(TimeUnit.java:386)
	at org.apache.ratis.util.TimeDuration.sleep(TimeDuration.java:324)
	at org.apache.ratis.util.TimeDuration.sleep(TimeDuration.java:309)
	at org.apache.ratis.server.impl.FollowerState.run(FollowerState.java:118)
2022-04-28 13:45:38,340 [grpc-default-executor-1] INFO  server.RaftServer$Division (RaftServerImpl.java:requestVote(1046)) - 0560cff9-c55c-4a15-aea8-16ef2e8911e2@group-1E6DBB551F13: receive requestVote(ELECTION, ab92dd13-3a3c-494a-a601-0001755b8ba9, group-1E6DBB551F13, 2, (t:0, i:0))
2022-04-28 13:45:38,341 [grpc-default-executor-1] INFO  impl.VoteContext (VoteContext.java:log(48)) - 0560cff9-c55c-4a15-aea8-16ef2e8911e2@group-1E6DBB551F13-FOLLOWER: accept ELECTION from ab92dd13-3a3c-494a-a601-0001755b8ba9: our priority 0 <= candidate's priority 1
2022-04-28 13:45:38,341 [grpc-default-executor-1] INFO  server.RaftServer$Division (RaftServerImpl.java:setRole(290)) - 0560cff9-c55c-4a15-aea8-16ef2e8911e2@group-1E6DBB551F13: changes role from  FOLLOWER to FOLLOWER at term 2 for candidate:ab92dd13-3a3c-494a-a601-0001755b8ba9
2022-04-28 13:45:38,341 [grpc-default-executor-1] INFO  impl.RoleInfo (RoleInfo.java:shutdownFollowerState(108)) - 0560cff9-c55c-4a15-aea8-16ef2e8911e2: shutdown 0560cff9-c55c-4a15-aea8-16ef2e8911e2@group-1E6DBB551F13-FollowerState
2022-04-28 13:45:38,341 [grpc-default-executor-1] INFO  impl.RoleInfo (RoleInfo.java:updateAndGet(130)) - 0560cff9-c55c-4a15-aea8-16ef2e8911e2: start 0560cff9-c55c-4a15-aea8-16ef2e8911e2@group-1E6DBB551F13-FollowerState
2022-04-28 13:45:38,342 [0560cff9-c55c-4a15-aea8-16ef2e8911e2@group-1E6DBB551F13-FollowerState] INFO  impl.FollowerState (FollowerState.java:run(143)) - 0560cff9-c55c-4a15-aea8-16ef2e8911e2@group-1E6DBB551F13-FollowerState was interrupted: {}
java.lang.InterruptedException: sleep interrupted
	at java.lang.Thread.sleep(Native Method)
	at java.lang.Thread.sleep(Thread.java:342)
	at java.util.concurrent.TimeUnit.sleep(TimeUnit.java:386)
	at org.apache.ratis.util.TimeDuration.sleep(TimeDuration.java:324)
	at org.apache.ratis.util.TimeDuration.sleep(TimeDuration.java:309)
	at org.apache.ratis.server.impl.FollowerState.run(FollowerState.java:118)
2022-04-28 13:45:38,342 [grpc-default-executor-0] INFO  server.RaftServer$Division (RaftServerImpl.java:requestVote(1078)) - 5f73a725-0f40-4029-8a7b-0ac4f52c09c7@group-1E6DBB551F13 replies to ELECTION vote request: ab92dd13-3a3c-494a-a601-0001755b8ba9<-5f73a725-0f40-4029-8a7b-0ac4f52c09c7#0:OK-t2. Peer's state: 5f73a725-0f40-4029-8a7b-0ac4f52c09c7@group-1E6DBB551F13:t2, leader=null, voted=ab92dd13-3a3c-494a-a601-0001755b8ba9, raftlog=5f73a725-0f40-4029-8a7b-0ac4f52c09c7@group-1E6DBB551F13-SegmentedRaftLog:OPENED:c-1, conf=-1: [ab92dd13-3a3c-494a-a601-0001755b8ba9|rpc:10.1.0.6:38077|priority:1, 5f73a725-0f40-4029-8a7b-0ac4f52c09c7|rpc:10.1.0.6:38783|priority:0, 0560cff9-c55c-4a15-aea8-16ef2e8911e2|rpc:10.1.0.6:37139|priority:0], old=null
2022-04-28 13:45:38,344 [ab92dd13-3a3c-494a-a601-0001755b8ba9@group-1E6DBB551F13-LeaderElection15] INFO  impl.LeaderElection (LeaderElection.java:logAndReturn(89)) - ab92dd13-3a3c-494a-a601-0001755b8ba9@group-1E6DBB551F13-LeaderElection15: ELECTION PASSED received 1 response(s) and 0 exception(s):
2022-04-28 13:45:38,344 [ab92dd13-3a3c-494a-a601-0001755b8ba9@group-1E6DBB551F13-LeaderElection15] INFO  impl.LeaderElection (LeaderElection.java:logAndReturn(93)) -   Response 0: ab92dd13-3a3c-494a-a601-0001755b8ba9<-5f73a725-0f40-4029-8a7b-0ac4f52c09c7#0:OK-t2
2022-04-28 13:45:38,344 [ab92dd13-3a3c-494a-a601-0001755b8ba9@group-1E6DBB551F13-LeaderElection15] INFO  impl.LeaderElection (LeaderElection.java:askForVotes(308)) - ab92dd13-3a3c-494a-a601-0001755b8ba9@group-1E6DBB551F13-LeaderElection15 ELECTION round 0: result PASSED
2022-04-28 13:45:38,344 [ab92dd13-3a3c-494a-a601-0001755b8ba9@group-1E6DBB551F13-LeaderElection15] INFO  impl.RoleInfo (RoleInfo.java:shutdownLeaderElection(121)) - ab92dd13-3a3c-494a-a601-0001755b8ba9: shutdown ab92dd13-3a3c-494a-a601-0001755b8ba9@group-1E6DBB551F13-LeaderElection15
2022-04-28 13:45:38,344 [ab92dd13-3a3c-494a-a601-0001755b8ba9@group-1E6DBB551F13-LeaderElection15] INFO  server.RaftServer$Division (RaftServerImpl.java:setRole(290)) - ab92dd13-3a3c-494a-a601-0001755b8ba9@group-1E6DBB551F13: changes role from CANDIDATE to LEADER at term 2 for changeToLeader
2022-04-28 13:45:38,344 [ab92dd13-3a3c-494a-a601-0001755b8ba9@group-1E6DBB551F13-LeaderElection15] INFO  ratis.XceiverServerRatis (XceiverServerRatis.java:handleLeaderChangedNotification(863)) - Leader change notification received for group: group-1E6DBB551F13 with new leaderId: ab92dd13-3a3c-494a-a601-0001755b8ba9
2022-04-28 13:45:38,345 [ab92dd13-3a3c-494a-a601-0001755b8ba9@group-1E6DBB551F13-LeaderElection15] INFO  server.RaftServer$Division (ServerState.java:setLeader(285)) - ab92dd13-3a3c-494a-a601-0001755b8ba9@group-1E6DBB551F13: change Leader from null to ab92dd13-3a3c-494a-a601-0001755b8ba9 at term 2 for becomeLeader, leader elected after 9797ms
2022-04-28 13:45:38,345 [ab92dd13-3a3c-494a-a601-0001755b8ba9@group-1E6DBB551F13-LeaderElection15] INFO  server.RaftServerConfigKeys (ConfUtils.java:logGet(44)) - raft.server.staging.catchup.gap = 1000 (default)
2022-04-28 13:45:38,345 [ab92dd13-3a3c-494a-a601-0001755b8ba9@group-1E6DBB551F13-LeaderElection15] INFO  server.RaftServerConfigKeys (ConfUtils.java:logGet(44)) - raft.server.write.element-limit = 1024 (custom)
2022-04-28 13:45:38,345 [ab92dd13-3a3c-494a-a601-0001755b8ba9@group-1E6DBB551F13-LeaderElection15] INFO  server.RaftServerConfigKeys (ConfUtils.java:logGet(44)) - raft.server.write.byte-limit = 1024 M (=1073741824) (custom)
2022-04-28 13:45:38,345 [grpc-default-executor-1] INFO  server.RaftServer$Division (RaftServerImpl.java:requestVote(1078)) - 0560cff9-c55c-4a15-aea8-16ef2e8911e2@group-1E6DBB551F13 replies to ELECTION vote request: ab92dd13-3a3c-494a-a601-0001755b8ba9<-0560cff9-c55c-4a15-aea8-16ef2e8911e2#0:OK-t2. Peer's state: 0560cff9-c55c-4a15-aea8-16ef2e8911e2@group-1E6DBB551F13:t2, leader=null, voted=ab92dd13-3a3c-494a-a601-0001755b8ba9, raftlog=0560cff9-c55c-4a15-aea8-16ef2e8911e2@group-1E6DBB551F13-SegmentedRaftLog:OPENED:c-1, conf=-1: [ab92dd13-3a3c-494a-a601-0001755b8ba9|rpc:10.1.0.6:38077|dataStream:|priority:1, 5f73a725-0f40-4029-8a7b-0ac4f52c09c7|rpc:10.1.0.6:38783|dataStream:|priority:0, 0560cff9-c55c-4a15-aea8-16ef2e8911e2|rpc:10.1.0.6:37139|dataStream:|priority:0], old=null
2022-04-28 13:45:38,351 [ab92dd13-3a3c-494a-a601-0001755b8ba9@group-1E6DBB551F13-LeaderElection15] INFO  server.RaftServerConfigKeys (ConfUtils.java:logGet(44)) - raft.server.watch.timeout = 3000ms (custom)
2022-04-28 13:45:38,351 [ab92dd13-3a3c-494a-a601-0001755b8ba9@group-1E6DBB551F13-LeaderElection15] INFO  server.RaftServerConfigKeys (ConfUtils.java:logGet(44)) - raft.server.watch.timeout.denomination = 1s (default)
2022-04-28 13:45:38,351 [ab92dd13-3a3c-494a-a601-0001755b8ba9@group-1E6DBB551F13-LeaderElection15] INFO  server.RaftServerConfigKeys (ConfUtils.java:logGet(44)) - raft.server.watch.element-limit = 65536 (default)
2022-04-28 13:45:38,351 [ab92dd13-3a3c-494a-a601-0001755b8ba9@group-1E6DBB551F13-LeaderElection15] INFO  server.RaftServerConfigKeys (ConfUtils.java:logGet(44)) - raft.server.write.element-limit = 1024 (custom)
2022-04-28 13:45:38,351 [ab92dd13-3a3c-494a-a601-0001755b8ba9@group-1E6DBB551F13-LeaderElection15] INFO  server.RaftServerConfigKeys (ConfUtils.java:logGet(44)) - raft.server.write.follower.gap.ratio.max = -1.0 (default)
2022-04-28 13:45:38,352 [EventQueue-PipelineReportForPipelineReportHandler] INFO  pipeline.PipelineManagerImpl (PipelineManagerImpl.java:openPipeline(328)) - Pipeline Pipeline[ Id: cdcd232a-581d-4cbf-8bc8-1e6dbb551f13, Nodes: 5f73a725-0f40-4029-8a7b-0ac4f52c09c7{ip: 10.1.0.6, host: fv-az294-869.eaanfquahm5ulb5tj050gcxych.jx.internal.cloudapp.net, ports: [REPLICATION=40385, RATIS=38783, RATIS_ADMIN=38783, RATIS_SERVER=38783, STANDALONE=41929], networkLocation: /default-rack, certSerialId: null, persistedOpState: IN_SERVICE, persistedOpStateExpiryEpochSec: 0}ab92dd13-3a3c-494a-a601-0001755b8ba9{ip: 10.1.0.6, host: fv-az294-869.eaanfquahm5ulb5tj050gcxych.jx.internal.cloudapp.net, ports: [REPLICATION=39029, RATIS=38077, RATIS_ADMIN=38077, RATIS_SERVER=38077, STANDALONE=34043], networkLocation: /default-rack, certSerialId: null, persistedOpState: IN_SERVICE, persistedOpStateExpiryEpochSec: 0}0560cff9-c55c-4a15-aea8-16ef2e8911e2{ip: 10.1.0.6, host: fv-az294-869.eaanfquahm5ulb5tj050gcxych.jx.internal.cloudapp.net, ports: [REPLICATION=41521, RATIS=37139, RATIS_ADMIN=37139, RATIS_SERVER=37139, STANDALONE=34825], networkLocation: /default-rack, certSerialId: null, persistedOpState: IN_SERVICE, persistedOpStateExpiryEpochSec: 0}, ReplicationConfig: RATIS/THREE, State:ALLOCATED, leaderId:ab92dd13-3a3c-494a-a601-0001755b8ba9, CreationTimestamp2022-04-28T13:45:25.892Z[Etc/UTC]] moved to OPEN state
2022-04-28 13:45:38,359 [128f2034-ac44-458c-9192-ab2b916273b9@group-5DE87E184680-StateMachineUpdater] INFO  safemode.HealthyPipelineSafeModeRule (HealthyPipelineSafeModeRule.java:initializeRule(152)) - Refreshed total pipeline count is 1, healthy pipeline threshold count is 1
2022-04-28 13:45:38,359 [EventQueue-OpenPipelineForHealthyPipelineSafeModeRule] INFO  safemode.SCMSafeModeManager (HealthyPipelineSafeModeRule.java:process(124)) - SCM in safe mode. Healthy pipelines reported count is 1, required healthy pipeline reported count is 1
2022-04-28 13:45:38,360 [EventQueue-OpenPipelineForHealthyPipelineSafeModeRule] INFO  safemode.SCMSafeModeManager (SCMSafeModeManager.java:validateSafeModeExitRules(204)) - HealthyPipelineSafeModeRule rule is successfully validated
2022-04-28 13:45:38,360 [EventQueue-OpenPipelineForHealthyPipelineSafeModeRule] INFO  safemode.SCMSafeModeManager (SCMSafeModeManager.java:validateSafeModeExitRules(219)) - ScmSafeModeManager, all rules are successfully validated
2022-04-28 13:45:38,360 [EventQueue-OpenPipelineForHealthyPipelineSafeModeRule] INFO  safemode.SCMSafeModeManager (SCMSafeModeManager.java:exitSafeMode(248)) - SCM exiting safe mode.
2022-04-28 13:45:38,360 [EventQueue-OpenPipelineForHealthyPipelineSafeModeRule] WARN  events.EventQueue (EventQueue.java:fireEvent(194)) - No event handler registered for event TypedEvent{payloadType=SafeModeStatus, name='Safe mode status'}
2022-04-28 13:45:38,361 [EventQueue-OpenPipelineForHealthyPipelineSafeModeRule] INFO  ha.SCMContext (SCMContext.java:updateSafeModeStatus(211)) - Update SafeModeStatus from SafeModeStatus{safeModeStatus=true, preCheckPassed=true} to SafeModeStatus{safeModeStatus=false, preCheckPassed=true}.
2022-04-28 13:45:38,361 [EventQueue-OpenPipelineForHealthyPipelineSafeModeRule] INFO  pipeline.BackgroundPipelineScrubber (BackgroundPipelineScrubber.java:notifyStatusChanged(86)) - Service BackgroundPipelineScrubber transitions to RUNNING.
2022-04-28 13:45:38,361 [EventQueue-OpenPipelineForHealthyPipelineSafeModeRule] INFO  container.ReplicationManager (ReplicationManager.java:notifyStatusChanged(1815)) - Service ReplicationManager transitions to RUNNING.
2022-04-28 13:45:38,365 [ab92dd13-3a3c-494a-a601-0001755b8ba9@group-1E6DBB551F13-LeaderElection15] INFO  server.RaftServerConfigKeys (ConfUtils.java:logGet(44)) - raft.server.log.appender.snapshot.chunk.size.max = 16MB (=16777216) (default)
2022-04-28 13:45:38,365 [ab92dd13-3a3c-494a-a601-0001755b8ba9@group-1E6DBB551F13-LeaderElection15] INFO  server.RaftServerConfigKeys (ConfUtils.java:logGet(44)) - raft.server.log.appender.buffer.byte-limit = 33554432 (custom)
2022-04-28 13:45:38,365 [ab92dd13-3a3c-494a-a601-0001755b8ba9@group-1E6DBB551F13-LeaderElection15] INFO  server.RaftServerConfigKeys (ConfUtils.java:logGet(44)) - raft.server.log.appender.buffer.element-limit = 1 (custom)
2022-04-28 13:45:38,368 [ab92dd13-3a3c-494a-a601-0001755b8ba9@group-1E6DBB551F13-LeaderElection15] INFO  grpc.GrpcConfigKeys (ConfUtils.java:logGet(44)) - raft.grpc.server.leader.outstanding.appends.max = 128 (default)
2022-04-28 13:45:38,368 [ab92dd13-3a3c-494a-a601-0001755b8ba9@group-1E6DBB551F13-LeaderElection15] INFO  server.RaftServerConfigKeys (ConfUtils.java:logGet(44)) - raft.server.rpc.request.timeout = 3000ms (default)
2022-04-28 13:45:38,368 [ab92dd13-3a3c-494a-a601-0001755b8ba9@group-1E6DBB551F13-LeaderElection15] INFO  server.RaftServerConfigKeys (ConfUtils.java:logGet(44)) - raft.server.log.appender.install.snapshot.enabled = false (custom)
2022-04-28 13:45:38,373 [ab92dd13-3a3c-494a-a601-0001755b8ba9@group-1E6DBB551F13-LeaderElection15] INFO  server.RaftServerConfigKeys (ConfUtils.java:logGet(44)) - raft.server.log.appender.snapshot.chunk.size.max = 16MB (=16777216) (default)
2022-04-28 13:45:38,373 [ab92dd13-3a3c-494a-a601-0001755b8ba9@group-1E6DBB551F13-LeaderElection15] INFO  server.RaftServerConfigKeys (ConfUtils.java:logGet(44)) - raft.server.log.appender.buffer.byte-limit = 33554432 (custom)
2022-04-28 13:45:38,373 [ab92dd13-3a3c-494a-a601-0001755b8ba9@group-1E6DBB551F13-LeaderElection15] INFO  server.RaftServerConfigKeys (ConfUtils.java:logGet(44)) - raft.server.log.appender.buffer.element-limit = 1 (custom)
2022-04-28 13:45:38,373 [ab92dd13-3a3c-494a-a601-0001755b8ba9@group-1E6DBB551F13-LeaderElection15] INFO  grpc.GrpcConfigKeys (ConfUtils.java:logGet(44)) - raft.grpc.server.leader.outstanding.appends.max = 128 (default)
2022-04-28 13:45:38,373 [ab92dd13-3a3c-494a-a601-0001755b8ba9@group-1E6DBB551F13-LeaderElection15] INFO  server.RaftServerConfigKeys (ConfUtils.java:logGet(44)) - raft.server.rpc.request.timeout = 3000ms (default)
2022-04-28 13:45:38,373 [ab92dd13-3a3c-494a-a601-0001755b8ba9@group-1E6DBB551F13-LeaderElection15] INFO  server.RaftServerConfigKeys (ConfUtils.java:logGet(44)) - raft.server.log.appender.install.snapshot.enabled = false (custom)
2022-04-28 13:45:38,374 [ab92dd13-3a3c-494a-a601-0001755b8ba9@group-1E6DBB551F13-LeaderElection15] INFO  impl.RoleInfo (RoleInfo.java:updateAndGet(130)) - ab92dd13-3a3c-494a-a601-0001755b8ba9: start ab92dd13-3a3c-494a-a601-0001755b8ba9@group-1E6DBB551F13-LeaderStateImpl
2022-04-28 13:45:38,375 [ab92dd13-3a3c-494a-a601-0001755b8ba9@group-1E6DBB551F13-LeaderElection15] INFO  segmented.SegmentedRaftLogWorker (SegmentedRaftLogWorker.java:startLogSegment(394)) - ab92dd13-3a3c-494a-a601-0001755b8ba9@group-1E6DBB551F13-SegmentedRaftLogWorker: Starting segment from index:0
2022-04-28 13:45:38,376 [ab92dd13-3a3c-494a-a601-0001755b8ba9@group-1E6DBB551F13-SegmentedRaftLogWorker] INFO  segmented.SegmentedRaftLogWorker (SegmentedRaftLogWorker.java:execute(601)) - ab92dd13-3a3c-494a-a601-0001755b8ba9@group-1E6DBB551F13-SegmentedRaftLogWorker: created new log segment /home/runner/work/ozone/ozone/hadoop-ozone/integration-test/target/test-dir/MiniOzoneClusterImpl-961b773a-55ec-4776-b588-5de87e184680/datanode-1/data/ratis/cdcd232a-581d-4cbf-8bc8-1e6dbb551f13/current/log_inprogress_0
2022-04-28 13:45:38,379 [ab92dd13-3a3c-494a-a601-0001755b8ba9@group-1E6DBB551F13-LeaderElection15] INFO  server.RaftServer$Division (ServerState.java:setRaftConf(387)) - ab92dd13-3a3c-494a-a601-0001755b8ba9@group-1E6DBB551F13: set configuration 0: [ab92dd13-3a3c-494a-a601-0001755b8ba9|rpc:10.1.0.6:38077|dataStream:|priority:1, 5f73a725-0f40-4029-8a7b-0ac4f52c09c7|rpc:10.1.0.6:38783|dataStream:|priority:0, 0560cff9-c55c-4a15-aea8-16ef2e8911e2|rpc:10.1.0.6:37139|dataStream:|priority:0], old=null
2022-04-28 13:45:38,407 [grpc-default-executor-1] INFO  ratis.XceiverServerRatis (XceiverServerRatis.java:handleLeaderChangedNotification(863)) - Leader change notification received for group: group-1E6DBB551F13 with new leaderId: ab92dd13-3a3c-494a-a601-0001755b8ba9
2022-04-28 13:45:38,407 [grpc-default-executor-1] INFO  server.RaftServer$Division (ServerState.java:setLeader(285)) - 5f73a725-0f40-4029-8a7b-0ac4f52c09c7@group-1E6DBB551F13: change Leader from null to ab92dd13-3a3c-494a-a601-0001755b8ba9 at term 2 for appendEntries, leader elected after 10248ms
2022-04-28 13:45:38,408 [grpc-default-executor-0] INFO  ratis.XceiverServerRatis (XceiverServerRatis.java:handleLeaderChangedNotification(863)) - Leader change notification received for group: group-1E6DBB551F13 with new leaderId: ab92dd13-3a3c-494a-a601-0001755b8ba9
2022-04-28 13:45:38,408 [grpc-default-executor-0] INFO  server.RaftServer$Division (ServerState.java:setLeader(285)) - 0560cff9-c55c-4a15-aea8-16ef2e8911e2@group-1E6DBB551F13: change Leader from null to ab92dd13-3a3c-494a-a601-0001755b8ba9 at term 2 for appendEntries, leader elected after 9444ms
2022-04-28 13:45:38,431 [grpc-default-executor-0] INFO  server.RaftServer$Division (ServerState.java:setRaftConf(387)) - 0560cff9-c55c-4a15-aea8-16ef2e8911e2@group-1E6DBB551F13: set configuration 0: [ab92dd13-3a3c-494a-a601-0001755b8ba9|rpc:10.1.0.6:38077|dataStream:|priority:1, 5f73a725-0f40-4029-8a7b-0ac4f52c09c7|rpc:10.1.0.6:38783|dataStream:|priority:0, 0560cff9-c55c-4a15-aea8-16ef2e8911e2|rpc:10.1.0.6:37139|dataStream:|priority:0], old=null
2022-04-28 13:45:38,431 [grpc-default-executor-0] INFO  segmented.SegmentedRaftLogWorker (SegmentedRaftLogWorker.java:startLogSegment(394)) - 0560cff9-c55c-4a15-aea8-16ef2e8911e2@group-1E6DBB551F13-SegmentedRaftLogWorker: Starting segment from index:0
2022-04-28 13:45:38,431 [grpc-default-executor-1] INFO  server.RaftServer$Division (ServerState.java:setRaftConf(387)) - 5f73a725-0f40-4029-8a7b-0ac4f52c09c7@group-1E6DBB551F13: set configuration 0: [ab92dd13-3a3c-494a-a601-0001755b8ba9|rpc:10.1.0.6:38077|dataStream:|priority:1, 5f73a725-0f40-4029-8a7b-0ac4f52c09c7|rpc:10.1.0.6:38783|dataStream:|priority:0, 0560cff9-c55c-4a15-aea8-16ef2e8911e2|rpc:10.1.0.6:37139|dataStream:|priority:0], old=null
2022-04-28 13:45:38,432 [grpc-default-executor-1] INFO  segmented.SegmentedRaftLogWorker (SegmentedRaftLogWorker.java:startLogSegment(394)) - 5f73a725-0f40-4029-8a7b-0ac4f52c09c7@group-1E6DBB551F13-SegmentedRaftLogWorker: Starting segment from index:0
2022-04-28 13:45:38,433 [0560cff9-c55c-4a15-aea8-16ef2e8911e2@group-1E6DBB551F13-SegmentedRaftLogWorker] INFO  segmented.SegmentedRaftLogWorker (SegmentedRaftLogWorker.java:execute(601)) - 0560cff9-c55c-4a15-aea8-16ef2e8911e2@group-1E6DBB551F13-SegmentedRaftLogWorker: created new log segment /home/runner/work/ozone/ozone/hadoop-ozone/integration-test/target/test-dir/MiniOzoneClusterImpl-961b773a-55ec-4776-b588-5de87e184680/datanode-2/data/ratis/cdcd232a-581d-4cbf-8bc8-1e6dbb551f13/current/log_inprogress_0
2022-04-28 13:45:38,433 [5f73a725-0f40-4029-8a7b-0ac4f52c09c7@group-1E6DBB551F13-SegmentedRaftLogWorker] INFO  segmented.SegmentedRaftLogWorker (SegmentedRaftLogWorker.java:execute(601)) - 5f73a725-0f40-4029-8a7b-0ac4f52c09c7@group-1E6DBB551F13-SegmentedRaftLogWorker: created new log segment /home/runner/work/ozone/ozone/hadoop-ozone/integration-test/target/test-dir/MiniOzoneClusterImpl-961b773a-55ec-4776-b588-5de87e184680/datanode-0/data/ratis/cdcd232a-581d-4cbf-8bc8-1e6dbb551f13/current/log_inprogress_0
2022-04-28 13:45:39,081 [Listener at 127.0.0.1/38637] INFO  ozone.MiniOzoneClusterImpl (MiniOzoneClusterImpl.java:lambda$waitForClusterToBeReady$0(221)) - Nodes are ready. Got 7 of 7 DN Heartbeats.
2022-04-28 13:45:39,082 [Listener at 127.0.0.1/38637] INFO  ozone.MiniOzoneClusterImpl (MiniOzoneClusterImpl.java:lambda$waitForClusterToBeReady$0(224)) - Cluster exits safe mode
2022-04-28 13:45:39,082 [Listener at 127.0.0.1/38637] INFO  ozone.MiniOzoneClusterImpl (MiniOzoneClusterImpl.java:lambda$waitForClusterToBeReady$0(226)) - SCM became leader
2022-04-28 13:45:39,180 [5f73a725-0f40-4029-8a7b-0ac4f52c09c7@group-C4D4B86834AA-FollowerState] INFO  impl.FollowerState (FollowerState.java:run(134)) - 5f73a725-0f40-4029-8a7b-0ac4f52c09c7@group-C4D4B86834AA-FollowerState: change to CANDIDATE, lastRpcElapsedTime:5037772937ns, electionTimeout:5031ms
2022-04-28 13:45:39,181 [5f73a725-0f40-4029-8a7b-0ac4f52c09c7@group-C4D4B86834AA-FollowerState] INFO  impl.RoleInfo (RoleInfo.java:shutdownFollowerState(108)) - 5f73a725-0f40-4029-8a7b-0ac4f52c09c7: shutdown 5f73a725-0f40-4029-8a7b-0ac4f52c09c7@group-C4D4B86834AA-FollowerState
2022-04-28 13:45:39,181 [5f73a725-0f40-4029-8a7b-0ac4f52c09c7@group-C4D4B86834AA-FollowerState] INFO  server.RaftServer$Division (RaftServerImpl.java:setRole(290)) - 5f73a725-0f40-4029-8a7b-0ac4f52c09c7@group-C4D4B86834AA: changes role from  FOLLOWER to CANDIDATE at term 1 for changeToCandidate
2022-04-28 13:45:39,181 [5f73a725-0f40-4029-8a7b-0ac4f52c09c7@group-C4D4B86834AA-FollowerState] INFO  server.RaftServerConfigKeys (ConfUtils.java:logGet(44)) - raft.server.leaderelection.pre-vote = false (custom)
2022-04-28 13:45:39,181 [5f73a725-0f40-4029-8a7b-0ac4f52c09c7@group-C4D4B86834AA-FollowerState] INFO  impl.RoleInfo (RoleInfo.java:updateAndGet(130)) - 5f73a725-0f40-4029-8a7b-0ac4f52c09c7: start 5f73a725-0f40-4029-8a7b-0ac4f52c09c7@group-C4D4B86834AA-LeaderElection16
2022-04-28 13:45:39,191 [5f73a725-0f40-4029-8a7b-0ac4f52c09c7@group-C4D4B86834AA-LeaderElection16] INFO  impl.LeaderElection (LeaderElection.java:askForVotes(306)) - 5f73a725-0f40-4029-8a7b-0ac4f52c09c7@group-C4D4B86834AA-LeaderElection16 ELECTION round 0: submit vote requests at term 2 for -1: [ab92dd13-3a3c-494a-a601-0001755b8ba9|rpc:10.1.0.6:38077|priority:0, 5f73a725-0f40-4029-8a7b-0ac4f52c09c7|rpc:10.1.0.6:38783|priority:1, 0560cff9-c55c-4a15-aea8-16ef2e8911e2|rpc:10.1.0.6:37139|priority:0], old=null
2022-04-28 13:45:39,213 [grpc-default-executor-1] INFO  server.RaftServer$Division (RaftServerImpl.java:requestVote(1046)) - ab92dd13-3a3c-494a-a601-0001755b8ba9@group-C4D4B86834AA: receive requestVote(ELECTION, 5f73a725-0f40-4029-8a7b-0ac4f52c09c7, group-C4D4B86834AA, 2, (t:0, i:0))
2022-04-28 13:45:39,213 [grpc-default-executor-1] INFO  impl.VoteContext (VoteContext.java:log(48)) - ab92dd13-3a3c-494a-a601-0001755b8ba9@group-C4D4B86834AA-FOLLOWER: accept ELECTION from 5f73a725-0f40-4029-8a7b-0ac4f52c09c7: our priority 0 <= candidate's priority 1
2022-04-28 13:45:39,213 [grpc-default-executor-1] INFO  server.RaftServer$Division (RaftServerImpl.java:setRole(290)) - ab92dd13-3a3c-494a-a601-0001755b8ba9@group-C4D4B86834AA: changes role from  FOLLOWER to FOLLOWER at term 2 for candidate:5f73a725-0f40-4029-8a7b-0ac4f52c09c7
2022-04-28 13:45:39,213 [grpc-default-executor-1] INFO  impl.RoleInfo (RoleInfo.java:shutdownFollowerState(108)) - ab92dd13-3a3c-494a-a601-0001755b8ba9: shutdown ab92dd13-3a3c-494a-a601-0001755b8ba9@group-C4D4B86834AA-FollowerState
2022-04-28 13:45:39,213 [grpc-default-executor-1] INFO  impl.RoleInfo (RoleInfo.java:updateAndGet(130)) - ab92dd13-3a3c-494a-a601-0001755b8ba9: start ab92dd13-3a3c-494a-a601-0001755b8ba9@group-C4D4B86834AA-FollowerState
2022-04-28 13:45:39,213 [grpc-default-executor-0] INFO  server.RaftServer$Division (RaftServerImpl.java:requestVote(1046)) - 0560cff9-c55c-4a15-aea8-16ef2e8911e2@group-C4D4B86834AA: receive requestVote(ELECTION, 5f73a725-0f40-4029-8a7b-0ac4f52c09c7, group-C4D4B86834AA, 2, (t:0, i:0))
2022-04-28 13:45:39,213 [grpc-default-executor-0] INFO  impl.VoteContext (VoteContext.java:log(48)) - 0560cff9-c55c-4a15-aea8-16ef2e8911e2@group-C4D4B86834AA-FOLLOWER: accept ELECTION from 5f73a725-0f40-4029-8a7b-0ac4f52c09c7: our priority 0 <= candidate's priority 1
2022-04-28 13:45:39,213 [grpc-default-executor-0] INFO  server.RaftServer$Division (RaftServerImpl.java:setRole(290)) - 0560cff9-c55c-4a15-aea8-16ef2e8911e2@group-C4D4B86834AA: changes role from  FOLLOWER to FOLLOWER at term 2 for candidate:5f73a725-0f40-4029-8a7b-0ac4f52c09c7
2022-04-28 13:45:39,214 [grpc-default-executor-0] INFO  impl.RoleInfo (RoleInfo.java:shutdownFollowerState(108)) - 0560cff9-c55c-4a15-aea8-16ef2e8911e2: shutdown 0560cff9-c55c-4a15-aea8-16ef2e8911e2@group-C4D4B86834AA-FollowerState
2022-04-28 13:45:39,217 [grpc-default-executor-0] INFO  impl.RoleInfo (RoleInfo.java:updateAndGet(130)) - 0560cff9-c55c-4a15-aea8-16ef2e8911e2: start 0560cff9-c55c-4a15-aea8-16ef2e8911e2@group-C4D4B86834AA-FollowerState
2022-04-28 13:45:39,217 [0560cff9-c55c-4a15-aea8-16ef2e8911e2@group-C4D4B86834AA-FollowerState] INFO  impl.FollowerState (FollowerState.java:run(143)) - 0560cff9-c55c-4a15-aea8-16ef2e8911e2@group-C4D4B86834AA-FollowerState was interrupted: {}
java.lang.InterruptedException: sleep interrupted
	at java.lang.Thread.sleep(Native Method)
	at java.lang.Thread.sleep(Thread.java:342)
	at java.util.concurrent.TimeUnit.sleep(TimeUnit.java:386)
	at org.apache.ratis.util.TimeDuration.sleep(TimeDuration.java:324)
	at org.apache.ratis.util.TimeDuration.sleep(TimeDuration.java:309)
	at org.apache.ratis.server.impl.FollowerState.run(FollowerState.java:118)
2022-04-28 13:45:39,218 [grpc-default-executor-1] INFO  server.RaftServer$Division (RaftServerImpl.java:requestVote(1078)) - ab92dd13-3a3c-494a-a601-0001755b8ba9@group-C4D4B86834AA replies to ELECTION vote request: 5f73a725-0f40-4029-8a7b-0ac4f52c09c7<-ab92dd13-3a3c-494a-a601-0001755b8ba9#0:OK-t2. Peer's state: ab92dd13-3a3c-494a-a601-0001755b8ba9@group-C4D4B86834AA:t2, leader=null, voted=5f73a725-0f40-4029-8a7b-0ac4f52c09c7, raftlog=ab92dd13-3a3c-494a-a601-0001755b8ba9@group-C4D4B86834AA-SegmentedRaftLog:OPENED:c-1, conf=-1: [ab92dd13-3a3c-494a-a601-0001755b8ba9|rpc:10.1.0.6:38077|priority:0, 5f73a725-0f40-4029-8a7b-0ac4f52c09c7|rpc:10.1.0.6:38783|priority:1, 0560cff9-c55c-4a15-aea8-16ef2e8911e2|rpc:10.1.0.6:37139|priority:0], old=null
2022-04-28 13:45:39,218 [ab92dd13-3a3c-494a-a601-0001755b8ba9@group-C4D4B86834AA-FollowerState] INFO  impl.FollowerState (FollowerState.java:run(134)) - ab92dd13-3a3c-494a-a601-0001755b8ba9@group-C4D4B86834AA-FollowerState: change to CANDIDATE, lastRpcElapsedTime:5068914630ns, electionTimeout:5061ms
2022-04-28 13:45:39,218 [ab92dd13-3a3c-494a-a601-0001755b8ba9@group-C4D4B86834AA-FollowerState] INFO  impl.RoleInfo (RoleInfo.java:shutdownFollowerState(108)) - ab92dd13-3a3c-494a-a601-0001755b8ba9: shutdown ab92dd13-3a3c-494a-a601-0001755b8ba9@group-C4D4B86834AA-FollowerState
2022-04-28 13:45:39,224 [5f73a725-0f40-4029-8a7b-0ac4f52c09c7@group-C4D4B86834AA-LeaderElection16] INFO  impl.LeaderElection (LeaderElection.java:logAndReturn(89)) - 5f73a725-0f40-4029-8a7b-0ac4f52c09c7@group-C4D4B86834AA-LeaderElection16: ELECTION PASSED received 1 response(s) and 0 exception(s):
2022-04-28 13:45:39,225 [grpc-default-executor-0] INFO  server.RaftServer$Division (RaftServerImpl.java:requestVote(1078)) - 0560cff9-c55c-4a15-aea8-16ef2e8911e2@group-C4D4B86834AA replies to ELECTION vote request: 5f73a725-0f40-4029-8a7b-0ac4f52c09c7<-0560cff9-c55c-4a15-aea8-16ef2e8911e2#0:OK-t2. Peer's state: 0560cff9-c55c-4a15-aea8-16ef2e8911e2@group-C4D4B86834AA:t2, leader=null, voted=5f73a725-0f40-4029-8a7b-0ac4f52c09c7, raftlog=0560cff9-c55c-4a15-aea8-16ef2e8911e2@group-C4D4B86834AA-SegmentedRaftLog:OPENED:c-1, conf=-1: [ab92dd13-3a3c-494a-a601-0001755b8ba9|rpc:10.1.0.6:38077|priority:0, 5f73a725-0f40-4029-8a7b-0ac4f52c09c7|rpc:10.1.0.6:38783|priority:1, 0560cff9-c55c-4a15-aea8-16ef2e8911e2|rpc:10.1.0.6:37139|priority:0], old=null
2022-04-28 13:45:39,225 [ab92dd13-3a3c-494a-a601-0001755b8ba9@group-C4D4B86834AA-FollowerState] INFO  server.RaftServer$Division (RaftServerImpl.java:setRole(290)) - ab92dd13-3a3c-494a-a601-0001755b8ba9@group-C4D4B86834AA: changes role from  FOLLOWER to CANDIDATE at term 2 for changeToCandidate
2022-04-28 13:45:39,225 [ab92dd13-3a3c-494a-a601-0001755b8ba9@group-C4D4B86834AA-FollowerState] INFO  server.RaftServerConfigKeys (ConfUtils.java:logGet(44)) - raft.server.leaderelection.pre-vote = false (custom)
2022-04-28 13:45:39,225 [ab92dd13-3a3c-494a-a601-0001755b8ba9@group-C4D4B86834AA-FollowerState] INFO  impl.RoleInfo (RoleInfo.java:updateAndGet(130)) - ab92dd13-3a3c-494a-a601-0001755b8ba9: start ab92dd13-3a3c-494a-a601-0001755b8ba9@group-C4D4B86834AA-LeaderElection17
2022-04-28 13:45:39,225 [5f73a725-0f40-4029-8a7b-0ac4f52c09c7@group-C4D4B86834AA-LeaderElection16] INFO  impl.LeaderElection (LeaderElection.java:logAndReturn(93)) -   Response 0: 5f73a725-0f40-4029-8a7b-0ac4f52c09c7<-ab92dd13-3a3c-494a-a601-0001755b8ba9#0:OK-t2
2022-04-28 13:45:39,225 [ab92dd13-3a3c-494a-a601-0001755b8ba9@group-C4D4B86834AA-FollowerState] INFO  impl.FollowerState (FollowerState.java:run(143)) - ab92dd13-3a3c-494a-a601-0001755b8ba9@group-C4D4B86834AA-FollowerState was interrupted: {}
java.lang.InterruptedException: sleep interrupted
	at java.lang.Thread.sleep(Native Method)
	at java.lang.Thread.sleep(Thread.java:342)
	at java.util.concurrent.TimeUnit.sleep(TimeUnit.java:386)
	at org.apache.ratis.util.TimeDuration.sleep(TimeDuration.java:324)
	at org.apache.ratis.util.TimeDuration.sleep(TimeDuration.java:309)
	at org.apache.ratis.server.impl.FollowerState.run(FollowerState.java:118)
2022-04-28 13:45:39,232 [5f73a725-0f40-4029-8a7b-0ac4f52c09c7@group-C4D4B86834AA-LeaderElection16] INFO  impl.LeaderElection (LeaderElection.java:askForVotes(308)) - 5f73a725-0f40-4029-8a7b-0ac4f52c09c7@group-C4D4B86834AA-LeaderElection16 ELECTION round 0: result PASSED
2022-04-28 13:45:39,232 [5f73a725-0f40-4029-8a7b-0ac4f52c09c7@group-C4D4B86834AA-LeaderElection16] INFO  impl.RoleInfo (RoleInfo.java:shutdownLeaderElection(121)) - 5f73a725-0f40-4029-8a7b-0ac4f52c09c7: shutdown 5f73a725-0f40-4029-8a7b-0ac4f52c09c7@group-C4D4B86834AA-LeaderElection16
2022-04-28 13:45:39,232 [5f73a725-0f40-4029-8a7b-0ac4f52c09c7@group-C4D4B86834AA-LeaderElection16] INFO  server.RaftServer$Division (RaftServerImpl.java:setRole(290)) - 5f73a725-0f40-4029-8a7b-0ac4f52c09c7@group-C4D4B86834AA: changes role from CANDIDATE to LEADER at term 2 for changeToLeader
2022-04-28 13:45:39,232 [5f73a725-0f40-4029-8a7b-0ac4f52c09c7@group-C4D4B86834AA-LeaderElection16] INFO  ratis.XceiverServerRatis (XceiverServerRatis.java:handleLeaderChangedNotification(863)) - Leader change notification received for group: group-C4D4B86834AA with new leaderId: 5f73a725-0f40-4029-8a7b-0ac4f52c09c7
2022-04-28 13:45:39,232 [5f73a725-0f40-4029-8a7b-0ac4f52c09c7@group-C4D4B86834AA-LeaderElection16] INFO  server.RaftServer$Division (ServerState.java:setLeader(285)) - 5f73a725-0f40-4029-8a7b-0ac4f52c09c7@group-C4D4B86834AA: change Leader from null to 5f73a725-0f40-4029-8a7b-0ac4f52c09c7 at term 2 for becomeLeader, leader elected after 10166ms
2022-04-28 13:45:39,232 [5f73a725-0f40-4029-8a7b-0ac4f52c09c7@group-C4D4B86834AA-LeaderElection16] INFO  server.RaftServerConfigKeys (ConfUtils.java:logGet(44)) - raft.server.staging.catchup.gap = 1000 (default)
2022-04-28 13:45:39,233 [5f73a725-0f40-4029-8a7b-0ac4f52c09c7@group-C4D4B86834AA-LeaderElection16] INFO  server.RaftServerConfigKeys (ConfUtils.java:logGet(44)) - raft.server.write.element-limit = 1024 (custom)
2022-04-28 13:45:39,233 [5f73a725-0f40-4029-8a7b-0ac4f52c09c7@group-C4D4B86834AA-LeaderElection16] INFO  server.RaftServerConfigKeys (ConfUtils.java:logGet(44)) - raft.server.write.byte-limit = 1024 M (=1073741824) (custom)
2022-04-28 13:45:39,233 [5f73a725-0f40-4029-8a7b-0ac4f52c09c7@group-C4D4B86834AA-LeaderElection16] INFO  server.RaftServerConfigKeys (ConfUtils.java:logGet(44)) - raft.server.watch.timeout = 3000ms (custom)
2022-04-28 13:45:39,233 [5f73a725-0f40-4029-8a7b-0ac4f52c09c7@group-C4D4B86834AA-LeaderElection16] INFO  server.RaftServerConfigKeys (ConfUtils.java:logGet(44)) - raft.server.watch.timeout.denomination = 1s (default)
2022-04-28 13:45:39,233 [5f73a725-0f40-4029-8a7b-0ac4f52c09c7@group-C4D4B86834AA-LeaderElection16] INFO  server.RaftServerConfigKeys (ConfUtils.java:logGet(44)) - raft.server.watch.element-limit = 65536 (default)
2022-04-28 13:45:39,233 [5f73a725-0f40-4029-8a7b-0ac4f52c09c7@group-C4D4B86834AA-LeaderElection16] INFO  server.RaftServerConfigKeys (ConfUtils.java:logGet(44)) - raft.server.write.element-limit = 1024 (custom)
2022-04-28 13:45:39,233 [5f73a725-0f40-4029-8a7b-0ac4f52c09c7@group-C4D4B86834AA-LeaderElection16] INFO  server.RaftServerConfigKeys (ConfUtils.java:logGet(44)) - raft.server.write.follower.gap.ratio.max = -1.0 (default)
2022-04-28 13:45:39,233 [5f73a725-0f40-4029-8a7b-0ac4f52c09c7@group-C4D4B86834AA-LeaderElection16] INFO  server.RaftServerConfigKeys (ConfUtils.java:logGet(44)) - raft.server.log.appender.snapshot.chunk.size.max = 16MB (=16777216) (default)
2022-04-28 13:45:39,233 [5f73a725-0f40-4029-8a7b-0ac4f52c09c7@group-C4D4B86834AA-LeaderElection16] INFO  server.RaftServerConfigKeys (ConfUtils.java:logGet(44)) - raft.server.log.appender.buffer.byte-limit = 33554432 (custom)
2022-04-28 13:45:39,233 [5f73a725-0f40-4029-8a7b-0ac4f52c09c7@group-C4D4B86834AA-LeaderElection16] INFO  server.RaftServerConfigKeys (ConfUtils.java:logGet(44)) - raft.server.log.appender.buffer.element-limit = 1 (custom)
2022-04-28 13:45:39,234 [5f73a725-0f40-4029-8a7b-0ac4f52c09c7@group-C4D4B86834AA-LeaderElection16] INFO  grpc.GrpcConfigKeys (ConfUtils.java:logGet(44)) - raft.grpc.server.leader.outstanding.appends.max = 128 (default)
2022-04-28 13:45:39,234 [5f73a725-0f40-4029-8a7b-0ac4f52c09c7@group-C4D4B86834AA-LeaderElection16] INFO  server.RaftServerConfigKeys (ConfUtils.java:logGet(44)) - raft.server.rpc.request.timeout = 3000ms (default)
2022-04-28 13:45:39,234 [5f73a725-0f40-4029-8a7b-0ac4f52c09c7@group-C4D4B86834AA-LeaderElection16] INFO  server.RaftServerConfigKeys (ConfUtils.java:logGet(44)) - raft.server.log.appender.install.snapshot.enabled = false (custom)
2022-04-28 13:45:39,234 [5f73a725-0f40-4029-8a7b-0ac4f52c09c7@group-C4D4B86834AA-LeaderElection16] INFO  server.RaftServerConfigKeys (ConfUtils.java:logGet(44)) - raft.server.log.appender.snapshot.chunk.size.max = 16MB (=16777216) (default)
2022-04-28 13:45:39,234 [5f73a725-0f40-4029-8a7b-0ac4f52c09c7@group-C4D4B86834AA-LeaderElection16] INFO  server.RaftServerConfigKeys (ConfUtils.java:logGet(44)) - raft.server.log.appender.buffer.byte-limit = 33554432 (custom)
2022-04-28 13:45:39,234 [5f73a725-0f40-4029-8a7b-0ac4f52c09c7@group-C4D4B86834AA-LeaderElection16] INFO  server.RaftServerConfigKeys (ConfUtils.java:logGet(44)) - raft.server.log.appender.buffer.element-limit = 1 (custom)
2022-04-28 13:45:39,234 [5f73a725-0f40-4029-8a7b-0ac4f52c09c7@group-C4D4B86834AA-LeaderElection16] INFO  grpc.GrpcConfigKeys (ConfUtils.java:logGet(44)) - raft.grpc.server.leader.outstanding.appends.max = 128 (default)
2022-04-28 13:45:39,235 [5f73a725-0f40-4029-8a7b-0ac4f52c09c7@group-C4D4B86834AA-LeaderElection16] INFO  server.RaftServerConfigKeys (ConfUtils.java:logGet(44)) - raft.server.rpc.request.timeout = 3000ms (default)
2022-04-28 13:45:39,235 [5f73a725-0f40-4029-8a7b-0ac4f52c09c7@group-C4D4B86834AA-LeaderElection16] INFO  server.RaftServerConfigKeys (ConfUtils.java:logGet(44)) - raft.server.log.appender.install.snapshot.enabled = false (custom)
2022-04-28 13:45:39,236 [EventQueue-PipelineReportForPipelineReportHandler] INFO  pipeline.PipelineManagerImpl (PipelineManagerImpl.java:openPipeline(328)) - Pipeline Pipeline[ Id: a10d4922-b902-4d8b-9c45-c4d4b86834aa, Nodes: 0560cff9-c55c-4a15-aea8-16ef2e8911e2{ip: 10.1.0.6, host: fv-az294-869.eaanfquahm5ulb5tj050gcxych.jx.internal.cloudapp.net, ports: [REPLICATION=41521, RATIS=37139, RATIS_ADMIN=37139, RATIS_SERVER=37139, STANDALONE=34825], networkLocation: /default-rack, certSerialId: null, persistedOpState: IN_SERVICE, persistedOpStateExpiryEpochSec: 0}5f73a725-0f40-4029-8a7b-0ac4f52c09c7{ip: 10.1.0.6, host: fv-az294-869.eaanfquahm5ulb5tj050gcxych.jx.internal.cloudapp.net, ports: [REPLICATION=40385, RATIS=38783, RATIS_ADMIN=38783, RATIS_SERVER=38783, STANDALONE=41929], networkLocation: /default-rack, certSerialId: null, persistedOpState: IN_SERVICE, persistedOpStateExpiryEpochSec: 0}ab92dd13-3a3c-494a-a601-0001755b8ba9{ip: 10.1.0.6, host: fv-az294-869.eaanfquahm5ulb5tj050gcxych.jx.internal.cloudapp.net, ports: [REPLICATION=39029, RATIS=38077, RATIS_ADMIN=38077, RATIS_SERVER=38077, STANDALONE=34043], networkLocation: /default-rack, certSerialId: null, persistedOpState: IN_SERVICE, persistedOpStateExpiryEpochSec: 0}, ReplicationConfig: RATIS/THREE, State:ALLOCATED, leaderId:5f73a725-0f40-4029-8a7b-0ac4f52c09c7, CreationTimestamp2022-04-28T13:45:25.898Z[Etc/UTC]] moved to OPEN state
2022-04-28 13:45:39,252 [ab92dd13-3a3c-494a-a601-0001755b8ba9@group-C4D4B86834AA-LeaderElection17] INFO  impl.LeaderElection (LeaderElection.java:askForVotes(306)) - ab92dd13-3a3c-494a-a601-0001755b8ba9@group-C4D4B86834AA-LeaderElection17 ELECTION round 0: submit vote requests at term 3 for -1: [ab92dd13-3a3c-494a-a601-0001755b8ba9|rpc:10.1.0.6:38077|priority:0, 5f73a725-0f40-4029-8a7b-0ac4f52c09c7|rpc:10.1.0.6:38783|priority:1, 0560cff9-c55c-4a15-aea8-16ef2e8911e2|rpc:10.1.0.6:37139|priority:0], old=null
2022-04-28 13:45:39,262 [5f73a725-0f40-4029-8a7b-0ac4f52c09c7@group-C4D4B86834AA-LeaderElection16] INFO  impl.RoleInfo (RoleInfo.java:updateAndGet(130)) - 5f73a725-0f40-4029-8a7b-0ac4f52c09c7: start 5f73a725-0f40-4029-8a7b-0ac4f52c09c7@group-C4D4B86834AA-LeaderStateImpl
2022-04-28 13:45:39,263 [grpc-default-executor-0] INFO  server.RaftServer$Division (RaftServerImpl.java:requestVote(1046)) - 5f73a725-0f40-4029-8a7b-0ac4f52c09c7@group-C4D4B86834AA: receive requestVote(ELECTION, ab92dd13-3a3c-494a-a601-0001755b8ba9, group-C4D4B86834AA, 3, (t:0, i:0))
2022-04-28 13:45:39,264 [5f73a725-0f40-4029-8a7b-0ac4f52c09c7@group-C4D4B86834AA-LeaderElection16] INFO  segmented.SegmentedRaftLogWorker (SegmentedRaftLogWorker.java:startLogSegment(394)) - 5f73a725-0f40-4029-8a7b-0ac4f52c09c7@group-C4D4B86834AA-SegmentedRaftLogWorker: Starting segment from index:0
2022-04-28 13:45:39,266 [5f73a725-0f40-4029-8a7b-0ac4f52c09c7@group-C4D4B86834AA-SegmentedRaftLogWorker] INFO  segmented.SegmentedRaftLogWorker (SegmentedRaftLogWorker.java:execute(601)) - 5f73a725-0f40-4029-8a7b-0ac4f52c09c7@group-C4D4B86834AA-SegmentedRaftLogWorker: created new log segment /home/runner/work/ozone/ozone/hadoop-ozone/integration-test/target/test-dir/MiniOzoneClusterImpl-961b773a-55ec-4776-b588-5de87e184680/datanode-0/data/ratis/a10d4922-b902-4d8b-9c45-c4d4b86834aa/current/log_inprogress_0
2022-04-28 13:45:39,282 [5f73a725-0f40-4029-8a7b-0ac4f52c09c7@group-C4D4B86834AA-LeaderElection16] INFO  server.RaftServer$Division (ServerState.java:setRaftConf(387)) - 5f73a725-0f40-4029-8a7b-0ac4f52c09c7@group-C4D4B86834AA: set configuration 0: [ab92dd13-3a3c-494a-a601-0001755b8ba9|rpc:10.1.0.6:38077|dataStream:|priority:0, 5f73a725-0f40-4029-8a7b-0ac4f52c09c7|rpc:10.1.0.6:38783|dataStream:|priority:1, 0560cff9-c55c-4a15-aea8-16ef2e8911e2|rpc:10.1.0.6:37139|dataStream:|priority:0], old=null
2022-04-28 13:45:39,283 [grpc-default-executor-0] INFO  impl.VoteContext (VoteContext.java:log(48)) - 5f73a725-0f40-4029-8a7b-0ac4f52c09c7@group-C4D4B86834AA-LEADER: reject ELECTION from ab92dd13-3a3c-494a-a601-0001755b8ba9: our last entry (t:2, i:0) > candidate's last entry (t:0, i:0)
2022-04-28 13:45:39,283 [grpc-default-executor-0] INFO  server.RaftServer$Division (ServerState.java:setLeader(285)) - 5f73a725-0f40-4029-8a7b-0ac4f52c09c7@group-C4D4B86834AA: change Leader from 5f73a725-0f40-4029-8a7b-0ac4f52c09c7 to null at term 3 for updateCurrentTerm
2022-04-28 13:45:39,283 [grpc-default-executor-0] INFO  server.RaftServer$Division (RaftServerImpl.java:setRole(290)) - 5f73a725-0f40-4029-8a7b-0ac4f52c09c7@group-C4D4B86834AA: changes role from    LEADER to FOLLOWER at term 3 for candidate:ab92dd13-3a3c-494a-a601-0001755b8ba9
2022-04-28 13:45:39,283 [grpc-default-executor-0] INFO  impl.RoleInfo (RoleInfo.java:shutdownLeaderState(91)) - 5f73a725-0f40-4029-8a7b-0ac4f52c09c7: shutdown 5f73a725-0f40-4029-8a7b-0ac4f52c09c7@group-C4D4B86834AA-LeaderStateImpl
2022-04-28 13:45:39,283 [grpc-default-executor-0] INFO  impl.PendingRequests (PendingRequests.java:sendNotLeaderResponses(282)) - 5f73a725-0f40-4029-8a7b-0ac4f52c09c7@group-C4D4B86834AA-PendingRequests: sendNotLeaderResponses
2022-04-28 13:45:39,284 [grpc-default-executor-1] INFO  server.RaftServer$Division (RaftServerImpl.java:requestVote(1046)) - 0560cff9-c55c-4a15-aea8-16ef2e8911e2@group-C4D4B86834AA: receive requestVote(ELECTION, ab92dd13-3a3c-494a-a601-0001755b8ba9, group-C4D4B86834AA, 3, (t:0, i:0))
2022-04-28 13:45:39,288 [grpc-default-executor-1] INFO  impl.VoteContext (VoteContext.java:log(48)) - 0560cff9-c55c-4a15-aea8-16ef2e8911e2@group-C4D4B86834AA-FOLLOWER: accept ELECTION from ab92dd13-3a3c-494a-a601-0001755b8ba9: our priority 0 <= candidate's priority 0
2022-04-28 13:45:39,288 [grpc-default-executor-1] INFO  server.RaftServer$Division (RaftServerImpl.java:setRole(290)) - 0560cff9-c55c-4a15-aea8-16ef2e8911e2@group-C4D4B86834AA: changes role from  FOLLOWER to FOLLOWER at term 3 for candidate:ab92dd13-3a3c-494a-a601-0001755b8ba9
2022-04-28 13:45:39,288 [grpc-default-executor-1] INFO  impl.RoleInfo (RoleInfo.java:shutdownFollowerState(108)) - 0560cff9-c55c-4a15-aea8-16ef2e8911e2: shutdown 0560cff9-c55c-4a15-aea8-16ef2e8911e2@group-C4D4B86834AA-FollowerState
2022-04-28 13:45:39,288 [grpc-default-executor-1] INFO  impl.RoleInfo (RoleInfo.java:updateAndGet(130)) - 0560cff9-c55c-4a15-aea8-16ef2e8911e2: start 0560cff9-c55c-4a15-aea8-16ef2e8911e2@group-C4D4B86834AA-FollowerState
2022-04-28 13:45:39,288 [0560cff9-c55c-4a15-aea8-16ef2e8911e2@group-C4D4B86834AA-FollowerState] INFO  impl.FollowerState (FollowerState.java:run(143)) - 0560cff9-c55c-4a15-aea8-16ef2e8911e2@group-C4D4B86834AA-FollowerState was interrupted: {}
java.lang.InterruptedException: sleep interrupted
	at java.lang.Thread.sleep(Native Method)
	at java.lang.Thread.sleep(Thread.java:342)
	at java.util.concurrent.TimeUnit.sleep(TimeUnit.java:386)
	at org.apache.ratis.util.TimeDuration.sleep(TimeDuration.java:324)
	at org.apache.ratis.util.TimeDuration.sleep(TimeDuration.java:309)
	at org.apache.ratis.server.impl.FollowerState.run(FollowerState.java:118)
2022-04-28 13:45:39,299 [grpc-default-executor-1] INFO  server.RaftServer$Division (RaftServerImpl.java:requestVote(1078)) - 0560cff9-c55c-4a15-aea8-16ef2e8911e2@group-C4D4B86834AA replies to ELECTION vote request: ab92dd13-3a3c-494a-a601-0001755b8ba9<-0560cff9-c55c-4a15-aea8-16ef2e8911e2#0:OK-t3. Peer's state: 0560cff9-c55c-4a15-aea8-16ef2e8911e2@group-C4D4B86834AA:t3, leader=null, voted=ab92dd13-3a3c-494a-a601-0001755b8ba9, raftlog=0560cff9-c55c-4a15-aea8-16ef2e8911e2@group-C4D4B86834AA-SegmentedRaftLog:OPENED:c-1, conf=-1: [ab92dd13-3a3c-494a-a601-0001755b8ba9|rpc:10.1.0.6:38077|priority:0, 5f73a725-0f40-4029-8a7b-0ac4f52c09c7|rpc:10.1.0.6:38783|priority:1, 0560cff9-c55c-4a15-aea8-16ef2e8911e2|rpc:10.1.0.6:37139|priority:0], old=null
2022-04-28 13:45:39,302 [grpc-default-executor-0] INFO  impl.RoleInfo (RoleInfo.java:updateAndGet(130)) - 5f73a725-0f40-4029-8a7b-0ac4f52c09c7: start 5f73a725-0f40-4029-8a7b-0ac4f52c09c7@group-C4D4B86834AA-FollowerState
2022-04-28 13:45:39,304 [grpc-default-executor-2] INFO  server.GrpcServerProtocolService (GrpcServerProtocolService.java:onCompleted(140)) - 0560cff9-c55c-4a15-aea8-16ef2e8911e2: Completed APPEND_ENTRIES, lastRequest: null
2022-04-28 13:45:39,312 [grpc-default-executor-1] INFO  server.GrpcLogAppender (GrpcLogAppender.java:onCompleted(346)) - 5f73a725-0f40-4029-8a7b-0ac4f52c09c7@group-C4D4B86834AA->0560cff9-c55c-4a15-aea8-16ef2e8911e2-AppendLogResponseHandler: follower responses appendEntries COMPLETED
2022-04-28 13:45:39,315 [grpc-default-executor-1] INFO  leader.FollowerInfo (FollowerInfoImpl.java:lambda$new$0(47)) - 5f73a725-0f40-4029-8a7b-0ac4f52c09c7@group-C4D4B86834AA->0560cff9-c55c-4a15-aea8-16ef2e8911e2: nextIndex: updateUnconditionally 0 -> 0
2022-04-28 13:45:39,316 [grpc-default-executor-0] INFO  server.RaftServer$Division (RaftServerImpl.java:requestVote(1078)) - 5f73a725-0f40-4029-8a7b-0ac4f52c09c7@group-C4D4B86834AA replies to ELECTION vote request: ab92dd13-3a3c-494a-a601-0001755b8ba9<-5f73a725-0f40-4029-8a7b-0ac4f52c09c7#0:FAIL-t3. Peer's state: 5f73a725-0f40-4029-8a7b-0ac4f52c09c7@group-C4D4B86834AA:t3, leader=null, voted=null, raftlog=5f73a725-0f40-4029-8a7b-0ac4f52c09c7@group-C4D4B86834AA-SegmentedRaftLog:OPENED:c-1, conf=0: [ab92dd13-3a3c-494a-a601-0001755b8ba9|rpc:10.1.0.6:38077|dataStream:|priority:0, 5f73a725-0f40-4029-8a7b-0ac4f52c09c7|rpc:10.1.0.6:38783|dataStream:|priority:1, 0560cff9-c55c-4a15-aea8-16ef2e8911e2|rpc:10.1.0.6:37139|dataStream:|priority:0], old=null
2022-04-28 13:45:39,322 [ab92dd13-3a3c-494a-a601-0001755b8ba9@group-C4D4B86834AA-LeaderElection17] INFO  impl.LeaderElection (LeaderElection.java:logAndReturn(89)) - ab92dd13-3a3c-494a-a601-0001755b8ba9@group-C4D4B86834AA-LeaderElection17: ELECTION REJECTED received 2 response(s) and 0 exception(s):
2022-04-28 13:45:39,322 [ab92dd13-3a3c-494a-a601-0001755b8ba9@group-C4D4B86834AA-LeaderElection17] INFO  impl.LeaderElection (LeaderElection.java:logAndReturn(93)) -   Response 0: ab92dd13-3a3c-494a-a601-0001755b8ba9<-5f73a725-0f40-4029-8a7b-0ac4f52c09c7#0:FAIL-t3
2022-04-28 13:45:39,322 [ab92dd13-3a3c-494a-a601-0001755b8ba9@group-C4D4B86834AA-LeaderElection17] INFO  impl.LeaderElection (LeaderElection.java:logAndReturn(93)) -   Response 1: ab92dd13-3a3c-494a-a601-0001755b8ba9<-0560cff9-c55c-4a15-aea8-16ef2e8911e2#0:OK-t3
2022-04-28 13:45:39,322 [ab92dd13-3a3c-494a-a601-0001755b8ba9@group-C4D4B86834AA-LeaderElection17] INFO  impl.LeaderElection (LeaderElection.java:askForVotes(308)) - ab92dd13-3a3c-494a-a601-0001755b8ba9@group-C4D4B86834AA-LeaderElection17 ELECTION round 0: result REJECTED
2022-04-28 13:45:39,322 [ab92dd13-3a3c-494a-a601-0001755b8ba9@group-C4D4B86834AA-LeaderElection17] INFO  server.RaftServer$Division (RaftServerImpl.java:setRole(290)) - ab92dd13-3a3c-494a-a601-0001755b8ba9@group-C4D4B86834AA: changes role from CANDIDATE to FOLLOWER at term 3 for REJECTED
2022-04-28 13:45:39,322 [ab92dd13-3a3c-494a-a601-0001755b8ba9@group-C4D4B86834AA-LeaderElection17] INFO  impl.RoleInfo (RoleInfo.java:shutdownLeaderElection(121)) - ab92dd13-3a3c-494a-a601-0001755b8ba9: shutdown ab92dd13-3a3c-494a-a601-0001755b8ba9@group-C4D4B86834AA-LeaderElection17
2022-04-28 13:45:39,322 [ab92dd13-3a3c-494a-a601-0001755b8ba9@group-C4D4B86834AA-LeaderElection17] INFO  impl.RoleInfo (RoleInfo.java:updateAndGet(130)) - ab92dd13-3a3c-494a-a601-0001755b8ba9: start ab92dd13-3a3c-494a-a601-0001755b8ba9@group-C4D4B86834AA-FollowerState
2022-04-28 13:45:39,361 [ab82d630-dee7-4177-af41-1c16b6b55497@group-EABBF4BA2E45-FollowerState] INFO  impl.FollowerState (FollowerState.java:run(134)) - ab82d630-dee7-4177-af41-1c16b6b55497@group-EABBF4BA2E45-FollowerState: change to CANDIDATE, lastRpcElapsedTime:5020359786ns, electionTimeout:5017ms
2022-04-28 13:45:39,364 [ab82d630-dee7-4177-af41-1c16b6b55497@group-EABBF4BA2E45-FollowerState] INFO  impl.RoleInfo (RoleInfo.java:shutdownFollowerState(108)) - ab82d630-dee7-4177-af41-1c16b6b55497: shutdown ab82d630-dee7-4177-af41-1c16b6b55497@group-EABBF4BA2E45-FollowerState
2022-04-28 13:45:39,364 [ab82d630-dee7-4177-af41-1c16b6b55497@group-EABBF4BA2E45-FollowerState] INFO  server.RaftServer$Division (RaftServerImpl.java:setRole(290)) - ab82d630-dee7-4177-af41-1c16b6b55497@group-EABBF4BA2E45: changes role from  FOLLOWER to CANDIDATE at term 1 for changeToCandidate
2022-04-28 13:45:39,364 [ab82d630-dee7-4177-af41-1c16b6b55497@group-EABBF4BA2E45-FollowerState] INFO  server.RaftServerConfigKeys (ConfUtils.java:logGet(44)) - raft.server.leaderelection.pre-vote = false (custom)
2022-04-28 13:45:39,364 [ab82d630-dee7-4177-af41-1c16b6b55497@group-EABBF4BA2E45-FollowerState] INFO  impl.RoleInfo (RoleInfo.java:updateAndGet(130)) - ab82d630-dee7-4177-af41-1c16b6b55497: start ab82d630-dee7-4177-af41-1c16b6b55497@group-EABBF4BA2E45-LeaderElection18
2022-04-28 13:45:39,374 [ab82d630-dee7-4177-af41-1c16b6b55497@group-EABBF4BA2E45-LeaderElection18] INFO  impl.LeaderElection (LeaderElection.java:askForVotes(306)) - ab82d630-dee7-4177-af41-1c16b6b55497@group-EABBF4BA2E45-LeaderElection18 ELECTION round 0: submit vote requests at term 2 for -1: [4f6314c6-5f1e-418e-9cab-9d7da23e485e|rpc:10.1.0.6:33597|priority:1, ab82d630-dee7-4177-af41-1c16b6b55497|rpc:10.1.0.6:33355|priority:0, ed14f577-cd6a-4282-b253-bcfbdf05676a|rpc:10.1.0.6:43755|priority:0], old=null
2022-04-28 13:45:39,395 [grpc-default-executor-0] INFO  server.RaftServer$Division (RaftServerImpl.java:requestVote(1046)) - ed14f577-cd6a-4282-b253-bcfbdf05676a@group-EABBF4BA2E45: receive requestVote(ELECTION, ab82d630-dee7-4177-af41-1c16b6b55497, group-EABBF4BA2E45, 2, (t:0, i:0))
2022-04-28 13:45:39,395 [grpc-default-executor-0] INFO  impl.VoteContext (VoteContext.java:log(48)) - ed14f577-cd6a-4282-b253-bcfbdf05676a@group-EABBF4BA2E45-FOLLOWER: accept ELECTION from ab82d630-dee7-4177-af41-1c16b6b55497: our priority 0 <= candidate's priority 0
2022-04-28 13:45:39,395 [grpc-default-executor-0] INFO  server.RaftServer$Division (RaftServerImpl.java:setRole(290)) - ed14f577-cd6a-4282-b253-bcfbdf05676a@group-EABBF4BA2E45: changes role from  FOLLOWER to FOLLOWER at term 2 for candidate:ab82d630-dee7-4177-af41-1c16b6b55497
2022-04-28 13:45:39,395 [grpc-default-executor-0] INFO  impl.RoleInfo (RoleInfo.java:shutdownFollowerState(108)) - ed14f577-cd6a-4282-b253-bcfbdf05676a: shutdown ed14f577-cd6a-4282-b253-bcfbdf05676a@group-EABBF4BA2E45-FollowerState
2022-04-28 13:45:39,395 [grpc-default-executor-0] INFO  impl.RoleInfo (RoleInfo.java:updateAndGet(130)) - ed14f577-cd6a-4282-b253-bcfbdf05676a: start ed14f577-cd6a-4282-b253-bcfbdf05676a@group-EABBF4BA2E45-FollowerState
2022-04-28 13:45:39,395 [ed14f577-cd6a-4282-b253-bcfbdf05676a@group-EABBF4BA2E45-FollowerState] INFO  impl.FollowerState (FollowerState.java:run(143)) - ed14f577-cd6a-4282-b253-bcfbdf05676a@group-EABBF4BA2E45-FollowerState was interrupted: {}
java.lang.InterruptedException: sleep interrupted
	at java.lang.Thread.sleep(Native Method)
	at java.lang.Thread.sleep(Thread.java:342)
	at java.util.concurrent.TimeUnit.sleep(TimeUnit.java:386)
	at org.apache.ratis.util.TimeDuration.sleep(TimeDuration.java:324)
	at org.apache.ratis.util.TimeDuration.sleep(TimeDuration.java:309)
	at org.apache.ratis.server.impl.FollowerState.run(FollowerState.java:118)
2022-04-28 13:45:39,398 [grpc-default-executor-1] INFO  server.RaftServer$Division (RaftServerImpl.java:requestVote(1046)) - 4f6314c6-5f1e-418e-9cab-9d7da23e485e@group-EABBF4BA2E45: receive requestVote(ELECTION, ab82d630-dee7-4177-af41-1c16b6b55497, group-EABBF4BA2E45, 2, (t:0, i:0))
2022-04-28 13:45:39,399 [grpc-default-executor-1] INFO  impl.VoteContext (VoteContext.java:log(48)) - 4f6314c6-5f1e-418e-9cab-9d7da23e485e@group-EABBF4BA2E45-FOLLOWER: reject ELECTION from ab82d630-dee7-4177-af41-1c16b6b55497: our priority 1 > candidate's priority 0
2022-04-28 13:45:39,399 [grpc-default-executor-1] INFO  server.RaftServer$Division (RaftServerImpl.java:setRole(290)) - 4f6314c6-5f1e-418e-9cab-9d7da23e485e@group-EABBF4BA2E45: changes role from  FOLLOWER to FOLLOWER at term 2 for candidate:ab82d630-dee7-4177-af41-1c16b6b55497
2022-04-28 13:45:39,399 [grpc-default-executor-1] INFO  impl.RoleInfo (RoleInfo.java:shutdownFollowerState(108)) - 4f6314c6-5f1e-418e-9cab-9d7da23e485e: shutdown 4f6314c6-5f1e-418e-9cab-9d7da23e485e@group-EABBF4BA2E45-FollowerState
2022-04-28 13:45:39,399 [grpc-default-executor-1] INFO  impl.RoleInfo (RoleInfo.java:updateAndGet(130)) - 4f6314c6-5f1e-418e-9cab-9d7da23e485e: start 4f6314c6-5f1e-418e-9cab-9d7da23e485e@group-EABBF4BA2E45-FollowerState
2022-04-28 13:45:39,399 [4f6314c6-5f1e-418e-9cab-9d7da23e485e@group-EABBF4BA2E45-FollowerState] INFO  impl.FollowerState (FollowerState.java:run(143)) - 4f6314c6-5f1e-418e-9cab-9d7da23e485e@group-EABBF4BA2E45-FollowerState was interrupted: {}
java.lang.InterruptedException: sleep interrupted
	at java.lang.Thread.sleep(Native Method)
	at java.lang.Thread.sleep(Thread.java:342)
	at java.util.concurrent.TimeUnit.sleep(TimeUnit.java:386)
	at org.apache.ratis.util.TimeDuration.sleep(TimeDuration.java:324)
	at org.apache.ratis.util.TimeDuration.sleep(TimeDuration.java:309)
	at org.apache.ratis.server.impl.FollowerState.run(FollowerState.java:118)
2022-04-28 13:45:39,401 [grpc-default-executor-1] INFO  server.RaftServer$Division (RaftServerImpl.java:requestVote(1078)) - 4f6314c6-5f1e-418e-9cab-9d7da23e485e@group-EABBF4BA2E45 replies to ELECTION vote request: ab82d630-dee7-4177-af41-1c16b6b55497<-4f6314c6-5f1e-418e-9cab-9d7da23e485e#0:FAIL-t2. Peer's state: 4f6314c6-5f1e-418e-9cab-9d7da23e485e@group-EABBF4BA2E45:t2, leader=null, voted=null, raftlog=4f6314c6-5f1e-418e-9cab-9d7da23e485e@group-EABBF4BA2E45-SegmentedRaftLog:OPENED:c-1, conf=-1: [4f6314c6-5f1e-418e-9cab-9d7da23e485e|rpc:10.1.0.6:33597|dataStream:|priority:1, ab82d630-dee7-4177-af41-1c16b6b55497|rpc:10.1.0.6:33355|dataStream:|priority:0, ed14f577-cd6a-4282-b253-bcfbdf05676a|rpc:10.1.0.6:43755|dataStream:|priority:0], old=null
2022-04-28 13:45:39,406 [grpc-default-executor-0] INFO  server.RaftServer$Division (RaftServerImpl.java:requestVote(1078)) - ed14f577-cd6a-4282-b253-bcfbdf05676a@group-EABBF4BA2E45 replies to ELECTION vote request: ab82d630-dee7-4177-af41-1c16b6b55497<-ed14f577-cd6a-4282-b253-bcfbdf05676a#0:OK-t2. Peer's state: ed14f577-cd6a-4282-b253-bcfbdf05676a@group-EABBF4BA2E45:t2, leader=null, voted=ab82d630-dee7-4177-af41-1c16b6b55497, raftlog=ed14f577-cd6a-4282-b253-bcfbdf05676a@group-EABBF4BA2E45-SegmentedRaftLog:OPENED:c-1, conf=-1: [4f6314c6-5f1e-418e-9cab-9d7da23e485e|rpc:10.1.0.6:33597|dataStream:|priority:1, ab82d630-dee7-4177-af41-1c16b6b55497|rpc:10.1.0.6:33355|dataStream:|priority:0, ed14f577-cd6a-4282-b253-bcfbdf05676a|rpc:10.1.0.6:43755|dataStream:|priority:0], old=null
2022-04-28 13:45:39,409 [ab82d630-dee7-4177-af41-1c16b6b55497@group-EABBF4BA2E45-LeaderElection18] INFO  impl.LeaderElection (LeaderElection.java:logAndReturn(89)) - ab82d630-dee7-4177-af41-1c16b6b55497@group-EABBF4BA2E45-LeaderElection18: ELECTION REJECTED received 1 response(s) and 0 exception(s):
2022-04-28 13:45:39,409 [ab82d630-dee7-4177-af41-1c16b6b55497@group-EABBF4BA2E45-LeaderElection18] INFO  impl.LeaderElection (LeaderElection.java:logAndReturn(93)) -   Response 0: ab82d630-dee7-4177-af41-1c16b6b55497<-4f6314c6-5f1e-418e-9cab-9d7da23e485e#0:FAIL-t2
2022-04-28 13:45:39,409 [ab82d630-dee7-4177-af41-1c16b6b55497@group-EABBF4BA2E45-LeaderElection18] INFO  impl.LeaderElection (LeaderElection.java:askForVotes(308)) - ab82d630-dee7-4177-af41-1c16b6b55497@group-EABBF4BA2E45-LeaderElection18 ELECTION round 0: result REJECTED
2022-04-28 13:45:39,409 [ab82d630-dee7-4177-af41-1c16b6b55497@group-EABBF4BA2E45-LeaderElection18] INFO  server.RaftServer$Division (RaftServerImpl.java:setRole(290)) - ab82d630-dee7-4177-af41-1c16b6b55497@group-EABBF4BA2E45: changes role from CANDIDATE to FOLLOWER at term 2 for REJECTED
2022-04-28 13:45:39,409 [ab82d630-dee7-4177-af41-1c16b6b55497@group-EABBF4BA2E45-LeaderElection18] INFO  impl.RoleInfo (RoleInfo.java:shutdownLeaderElection(121)) - ab82d630-dee7-4177-af41-1c16b6b55497: shutdown ab82d630-dee7-4177-af41-1c16b6b55497@group-EABBF4BA2E45-LeaderElection18
2022-04-28 13:45:39,409 [ab82d630-dee7-4177-af41-1c16b6b55497@group-EABBF4BA2E45-LeaderElection18] INFO  impl.RoleInfo (RoleInfo.java:updateAndGet(130)) - ab82d630-dee7-4177-af41-1c16b6b55497: start ab82d630-dee7-4177-af41-1c16b6b55497@group-EABBF4BA2E45-FollowerState
2022-04-28 13:45:39,570 [ed14f577-cd6a-4282-b253-bcfbdf05676a@group-715227EE14BA-FollowerState] INFO  impl.FollowerState (FollowerState.java:run(134)) - ed14f577-cd6a-4282-b253-bcfbdf05676a@group-715227EE14BA-FollowerState: change to CANDIDATE, lastRpcElapsedTime:5106603142ns, electionTimeout:5106ms
2022-04-28 13:45:39,571 [ed14f577-cd6a-4282-b253-bcfbdf05676a@group-715227EE14BA-FollowerState] INFO  impl.RoleInfo (RoleInfo.java:shutdownFollowerState(108)) - ed14f577-cd6a-4282-b253-bcfbdf05676a: shutdown ed14f577-cd6a-4282-b253-bcfbdf05676a@group-715227EE14BA-FollowerState
2022-04-28 13:45:39,571 [ed14f577-cd6a-4282-b253-bcfbdf05676a@group-715227EE14BA-FollowerState] INFO  server.RaftServer$Division (RaftServerImpl.java:setRole(290)) - ed14f577-cd6a-4282-b253-bcfbdf05676a@group-715227EE14BA: changes role from  FOLLOWER to CANDIDATE at term 1 for changeToCandidate
2022-04-28 13:45:39,571 [ed14f577-cd6a-4282-b253-bcfbdf05676a@group-715227EE14BA-FollowerState] INFO  server.RaftServerConfigKeys (ConfUtils.java:logGet(44)) - raft.server.leaderelection.pre-vote = false (custom)
2022-04-28 13:45:39,571 [ed14f577-cd6a-4282-b253-bcfbdf05676a@group-715227EE14BA-FollowerState] INFO  impl.RoleInfo (RoleInfo.java:updateAndGet(130)) - ed14f577-cd6a-4282-b253-bcfbdf05676a: start ed14f577-cd6a-4282-b253-bcfbdf05676a@group-715227EE14BA-LeaderElection19
2022-04-28 13:45:39,579 [ed14f577-cd6a-4282-b253-bcfbdf05676a@group-715227EE14BA-LeaderElection19] INFO  impl.LeaderElection (LeaderElection.java:askForVotes(306)) - ed14f577-cd6a-4282-b253-bcfbdf05676a@group-715227EE14BA-LeaderElection19 ELECTION round 0: submit vote requests at term 2 for -1: [4f6314c6-5f1e-418e-9cab-9d7da23e485e|rpc:10.1.0.6:33597|dataStream:|priority:0, ab82d630-dee7-4177-af41-1c16b6b55497|rpc:10.1.0.6:33355|dataStream:|priority:1, ed14f577-cd6a-4282-b253-bcfbdf05676a|rpc:10.1.0.6:43755|dataStream:|priority:0], old=null
2022-04-28 13:45:39,589 [4f6314c6-5f1e-418e-9cab-9d7da23e485e@group-715227EE14BA-FollowerState] INFO  impl.FollowerState (FollowerState.java:run(134)) - 4f6314c6-5f1e-418e-9cab-9d7da23e485e@group-715227EE14BA-FollowerState: change to CANDIDATE, lastRpcElapsedTime:5118339076ns, electionTimeout:5113ms
2022-04-28 13:45:39,589 [4f6314c6-5f1e-418e-9cab-9d7da23e485e@group-715227EE14BA-FollowerState] INFO  impl.RoleInfo (RoleInfo.java:shutdownFollowerState(108)) - 4f6314c6-5f1e-418e-9cab-9d7da23e485e: shutdown 4f6314c6-5f1e-418e-9cab-9d7da23e485e@group-715227EE14BA-FollowerState
2022-04-28 13:45:39,589 [4f6314c6-5f1e-418e-9cab-9d7da23e485e@group-715227EE14BA-FollowerState] INFO  server.RaftServer$Division (RaftServerImpl.java:setRole(290)) - 4f6314c6-5f1e-418e-9cab-9d7da23e485e@group-715227EE14BA: changes role from  FOLLOWER to CANDIDATE at term 1 for changeToCandidate
2022-04-28 13:45:39,596 [ab82d630-dee7-4177-af41-1c16b6b55497@group-715227EE14BA-FollowerState] INFO  impl.FollowerState (FollowerState.java:run(134)) - ab82d630-dee7-4177-af41-1c16b6b55497@group-715227EE14BA-FollowerState: change to CANDIDATE, lastRpcElapsedTime:5133319721ns, electionTimeout:5115ms
2022-04-28 13:45:39,596 [ab82d630-dee7-4177-af41-1c16b6b55497@group-715227EE14BA-FollowerState] INFO  impl.RoleInfo (RoleInfo.java:shutdownFollowerState(108)) - ab82d630-dee7-4177-af41-1c16b6b55497: shutdown ab82d630-dee7-4177-af41-1c16b6b55497@group-715227EE14BA-FollowerState
2022-04-28 13:45:39,596 [ab82d630-dee7-4177-af41-1c16b6b55497@group-715227EE14BA-FollowerState] INFO  server.RaftServer$Division (RaftServerImpl.java:setRole(290)) - ab82d630-dee7-4177-af41-1c16b6b55497@group-715227EE14BA: changes role from  FOLLOWER to CANDIDATE at term 1 for changeToCandidate
2022-04-28 13:45:39,596 [ab82d630-dee7-4177-af41-1c16b6b55497@group-715227EE14BA-FollowerState] INFO  server.RaftServerConfigKeys (ConfUtils.java:logGet(44)) - raft.server.leaderelection.pre-vote = false (custom)
2022-04-28 13:45:39,596 [ab82d630-dee7-4177-af41-1c16b6b55497@group-715227EE14BA-FollowerState] INFO  impl.RoleInfo (RoleInfo.java:updateAndGet(130)) - ab82d630-dee7-4177-af41-1c16b6b55497: start ab82d630-dee7-4177-af41-1c16b6b55497@group-715227EE14BA-LeaderElection21
2022-04-28 13:45:39,597 [grpc-default-executor-0] INFO  server.RaftServer$Division (RaftServerImpl.java:requestVote(1046)) - 4f6314c6-5f1e-418e-9cab-9d7da23e485e@group-715227EE14BA: receive requestVote(ELECTION, ed14f577-cd6a-4282-b253-bcfbdf05676a, group-715227EE14BA, 2, (t:0, i:0))
2022-04-28 13:45:39,599 [4f6314c6-5f1e-418e-9cab-9d7da23e485e@group-715227EE14BA-FollowerState] INFO  server.RaftServerConfigKeys (ConfUtils.java:logGet(44)) - raft.server.leaderelection.pre-vote = false (custom)
2022-04-28 13:45:39,599 [4f6314c6-5f1e-418e-9cab-9d7da23e485e@group-715227EE14BA-FollowerState] INFO  impl.RoleInfo (RoleInfo.java:updateAndGet(130)) - 4f6314c6-5f1e-418e-9cab-9d7da23e485e: start 4f6314c6-5f1e-418e-9cab-9d7da23e485e@group-715227EE14BA-LeaderElection20
2022-04-28 13:45:39,600 [grpc-default-executor-0] INFO  impl.VoteContext (VoteContext.java:log(48)) - 4f6314c6-5f1e-418e-9cab-9d7da23e485e@group-715227EE14BA-CANDIDATE: accept ELECTION from ed14f577-cd6a-4282-b253-bcfbdf05676a: our priority 0 <= candidate's priority 0
2022-04-28 13:45:39,600 [grpc-default-executor-0] INFO  server.RaftServer$Division (RaftServerImpl.java:setRole(290)) - 4f6314c6-5f1e-418e-9cab-9d7da23e485e@group-715227EE14BA: changes role from CANDIDATE to FOLLOWER at term 2 for candidate:ed14f577-cd6a-4282-b253-bcfbdf05676a
2022-04-28 13:45:39,600 [grpc-default-executor-0] INFO  impl.RoleInfo (RoleInfo.java:shutdownLeaderElection(121)) - 4f6314c6-5f1e-418e-9cab-9d7da23e485e: shutdown 4f6314c6-5f1e-418e-9cab-9d7da23e485e@group-715227EE14BA-LeaderElection20
2022-04-28 13:45:39,600 [grpc-default-executor-0] INFO  impl.RoleInfo (RoleInfo.java:updateAndGet(130)) - 4f6314c6-5f1e-418e-9cab-9d7da23e485e: start 4f6314c6-5f1e-418e-9cab-9d7da23e485e@group-715227EE14BA-FollowerState
2022-04-28 13:45:39,600 [4f6314c6-5f1e-418e-9cab-9d7da23e485e@group-715227EE14BA-LeaderElection20] INFO  impl.LeaderElection (LeaderElection.java:run(230)) - 4f6314c6-5f1e-418e-9cab-9d7da23e485e@group-715227EE14BA-LeaderElection20: skip running since this is already CLOSING
2022-04-28 13:45:39,601 [grpc-default-executor-0] INFO  server.RaftServer$Division (RaftServerImpl.java:requestVote(1078)) - 4f6314c6-5f1e-418e-9cab-9d7da23e485e@group-715227EE14BA replies to ELECTION vote request: ed14f577-cd6a-4282-b253-bcfbdf05676a<-4f6314c6-5f1e-418e-9cab-9d7da23e485e#0:OK-t2. Peer's state: 4f6314c6-5f1e-418e-9cab-9d7da23e485e@group-715227EE14BA:t2, leader=null, voted=ed14f577-cd6a-4282-b253-bcfbdf05676a, raftlog=4f6314c6-5f1e-418e-9cab-9d7da23e485e@group-715227EE14BA-SegmentedRaftLog:OPENED:c-1, conf=-1: [4f6314c6-5f1e-418e-9cab-9d7da23e485e|rpc:10.1.0.6:33597|dataStream:|priority:0, ab82d630-dee7-4177-af41-1c16b6b55497|rpc:10.1.0.6:33355|dataStream:|priority:1, ed14f577-cd6a-4282-b253-bcfbdf05676a|rpc:10.1.0.6:43755|dataStream:|priority:0], old=null
2022-04-28 13:45:39,602 [ab82d630-dee7-4177-af41-1c16b6b55497@group-715227EE14BA-LeaderElection21] INFO  impl.LeaderElection (LeaderElection.java:askForVotes(306)) - ab82d630-dee7-4177-af41-1c16b6b55497@group-715227EE14BA-LeaderElection21 ELECTION round 0: submit vote requests at term 2 for -1: [4f6314c6-5f1e-418e-9cab-9d7da23e485e|rpc:10.1.0.6:33597|priority:0, ab82d630-dee7-4177-af41-1c16b6b55497|rpc:10.1.0.6:33355|priority:1, ed14f577-cd6a-4282-b253-bcfbdf05676a|rpc:10.1.0.6:43755|priority:0], old=null
2022-04-28 13:45:39,616 [Listener at 127.0.0.1/38637] INFO  rpc.RpcClient (RpcClient.java:createVolume(448)) - Creating Volume: testblockoutputstream, with runner as owner and space quota set to -1 bytes, counts quota set to -1
2022-04-28 13:45:39,618 [grpc-default-executor-0] INFO  server.RaftServer$Division (RaftServerImpl.java:requestVote(1046)) - ab82d630-dee7-4177-af41-1c16b6b55497@group-715227EE14BA: receive requestVote(ELECTION, ed14f577-cd6a-4282-b253-bcfbdf05676a, group-715227EE14BA, 2, (t:0, i:0))
2022-04-28 13:45:39,619 [grpc-default-executor-0] INFO  impl.VoteContext (VoteContext.java:log(48)) - ab82d630-dee7-4177-af41-1c16b6b55497@group-715227EE14BA-CANDIDATE: reject ELECTION from ed14f577-cd6a-4282-b253-bcfbdf05676a: already has voted for ab82d630-dee7-4177-af41-1c16b6b55497 at current term 2
2022-04-28 13:45:39,619 [grpc-default-executor-0] INFO  server.RaftServer$Division (RaftServerImpl.java:requestVote(1078)) - ab82d630-dee7-4177-af41-1c16b6b55497@group-715227EE14BA replies to ELECTION vote request: ed14f577-cd6a-4282-b253-bcfbdf05676a<-ab82d630-dee7-4177-af41-1c16b6b55497#0:FAIL-t2. Peer's state: ab82d630-dee7-4177-af41-1c16b6b55497@group-715227EE14BA:t2, leader=null, voted=ab82d630-dee7-4177-af41-1c16b6b55497, raftlog=ab82d630-dee7-4177-af41-1c16b6b55497@group-715227EE14BA-SegmentedRaftLog:OPENED:c-1, conf=-1: [4f6314c6-5f1e-418e-9cab-9d7da23e485e|rpc:10.1.0.6:33597|priority:0, ab82d630-dee7-4177-af41-1c16b6b55497|rpc:10.1.0.6:33355|priority:1, ed14f577-cd6a-4282-b253-bcfbdf05676a|rpc:10.1.0.6:43755|priority:0], old=null
2022-04-28 13:45:39,619 [grpc-default-executor-0] INFO  server.RaftServer$Division (RaftServerImpl.java:requestVote(1046)) - ed14f577-cd6a-4282-b253-bcfbdf05676a@group-715227EE14BA: receive requestVote(ELECTION, ab82d630-dee7-4177-af41-1c16b6b55497, group-715227EE14BA, 2, (t:0, i:0))
2022-04-28 13:45:39,619 [grpc-default-executor-0] INFO  impl.VoteContext (VoteContext.java:log(48)) - ed14f577-cd6a-4282-b253-bcfbdf05676a@group-715227EE14BA-CANDIDATE: reject ELECTION from ab82d630-dee7-4177-af41-1c16b6b55497: already has voted for ed14f577-cd6a-4282-b253-bcfbdf05676a at current term 2
2022-04-28 13:45:39,620 [grpc-default-executor-0] INFO  server.RaftServer$Division (RaftServerImpl.java:requestVote(1078)) - ed14f577-cd6a-4282-b253-bcfbdf05676a@group-715227EE14BA replies to ELECTION vote request: ab82d630-dee7-4177-af41-1c16b6b55497<-ed14f577-cd6a-4282-b253-bcfbdf05676a#0:FAIL-t2. Peer's state: ed14f577-cd6a-4282-b253-bcfbdf05676a@group-715227EE14BA:t2, leader=null, voted=ed14f577-cd6a-4282-b253-bcfbdf05676a, raftlog=ed14f577-cd6a-4282-b253-bcfbdf05676a@group-715227EE14BA-SegmentedRaftLog:OPENED:c-1, conf=-1: [4f6314c6-5f1e-418e-9cab-9d7da23e485e|rpc:10.1.0.6:33597|dataStream:|priority:0, ab82d630-dee7-4177-af41-1c16b6b55497|rpc:10.1.0.6:33355|dataStream:|priority:1, ed14f577-cd6a-4282-b253-bcfbdf05676a|rpc:10.1.0.6:43755|dataStream:|priority:0], old=null
2022-04-28 13:45:39,623 [ed14f577-cd6a-4282-b253-bcfbdf05676a@group-715227EE14BA-LeaderElection19] INFO  impl.LeaderElection (LeaderElection.java:logAndReturn(89)) - ed14f577-cd6a-4282-b253-bcfbdf05676a@group-715227EE14BA-LeaderElection19: ELECTION REJECTED received 2 response(s) and 0 exception(s):
2022-04-28 13:45:39,623 [ed14f577-cd6a-4282-b253-bcfbdf05676a@group-715227EE14BA-LeaderElection19] INFO  impl.LeaderElection (LeaderElection.java:logAndReturn(93)) -   Response 0: ed14f577-cd6a-4282-b253-bcfbdf05676a<-4f6314c6-5f1e-418e-9cab-9d7da23e485e#0:OK-t2
2022-04-28 13:45:39,623 [ed14f577-cd6a-4282-b253-bcfbdf05676a@group-715227EE14BA-LeaderElection19] INFO  impl.LeaderElection (LeaderElection.java:logAndReturn(93)) -   Response 1: ed14f577-cd6a-4282-b253-bcfbdf05676a<-ab82d630-dee7-4177-af41-1c16b6b55497#0:FAIL-t2
2022-04-28 13:45:39,623 [ed14f577-cd6a-4282-b253-bcfbdf05676a@group-715227EE14BA-LeaderElection19] INFO  impl.LeaderElection (LeaderElection.java:askForVotes(308)) - ed14f577-cd6a-4282-b253-bcfbdf05676a@group-715227EE14BA-LeaderElection19 ELECTION round 0: result REJECTED
2022-04-28 13:45:39,623 [ed14f577-cd6a-4282-b253-bcfbdf05676a@group-715227EE14BA-LeaderElection19] INFO  server.RaftServer$Division (RaftServerImpl.java:setRole(290)) - ed14f577-cd6a-4282-b253-bcfbdf05676a@group-715227EE14BA: changes role from CANDIDATE to FOLLOWER at term 2 for REJECTED
2022-04-28 13:45:39,623 [ed14f577-cd6a-4282-b253-bcfbdf05676a@group-715227EE14BA-LeaderElection19] INFO  impl.RoleInfo (RoleInfo.java:shutdownLeaderElection(121)) - ed14f577-cd6a-4282-b253-bcfbdf05676a: shutdown ed14f577-cd6a-4282-b253-bcfbdf05676a@group-715227EE14BA-LeaderElection19
2022-04-28 13:45:39,623 [ed14f577-cd6a-4282-b253-bcfbdf05676a@group-715227EE14BA-LeaderElection19] INFO  impl.RoleInfo (RoleInfo.java:updateAndGet(130)) - ed14f577-cd6a-4282-b253-bcfbdf05676a: start ed14f577-cd6a-4282-b253-bcfbdf05676a@group-715227EE14BA-FollowerState
2022-04-28 13:45:39,631 [grpc-default-executor-0] INFO  server.RaftServer$Division (RaftServerImpl.java:requestVote(1046)) - 4f6314c6-5f1e-418e-9cab-9d7da23e485e@group-715227EE14BA: receive requestVote(ELECTION, ab82d630-dee7-4177-af41-1c16b6b55497, group-715227EE14BA, 2, (t:0, i:0))
2022-04-28 13:45:39,631 [grpc-default-executor-0] INFO  impl.VoteContext (VoteContext.java:log(48)) - 4f6314c6-5f1e-418e-9cab-9d7da23e485e@group-715227EE14BA-FOLLOWER: reject ELECTION from ab82d630-dee7-4177-af41-1c16b6b55497: already has voted for ed14f577-cd6a-4282-b253-bcfbdf05676a at current term 2
2022-04-28 13:45:39,631 [grpc-default-executor-0] INFO  server.RaftServer$Division (RaftServerImpl.java:requestVote(1078)) - 4f6314c6-5f1e-418e-9cab-9d7da23e485e@group-715227EE14BA replies to ELECTION vote request: ab82d630-dee7-4177-af41-1c16b6b55497<-4f6314c6-5f1e-418e-9cab-9d7da23e485e#0:FAIL-t2. Peer's state: 4f6314c6-5f1e-418e-9cab-9d7da23e485e@group-715227EE14BA:t2, leader=null, voted=ed14f577-cd6a-4282-b253-bcfbdf05676a, raftlog=4f6314c6-5f1e-418e-9cab-9d7da23e485e@group-715227EE14BA-SegmentedRaftLog:OPENED:c-1, conf=-1: [4f6314c6-5f1e-418e-9cab-9d7da23e485e|rpc:10.1.0.6:33597|dataStream:|priority:0, ab82d630-dee7-4177-af41-1c16b6b55497|rpc:10.1.0.6:33355|dataStream:|priority:1, ed14f577-cd6a-4282-b253-bcfbdf05676a|rpc:10.1.0.6:43755|dataStream:|priority:0], old=null
2022-04-28 13:45:39,634 [ab82d630-dee7-4177-af41-1c16b6b55497@group-715227EE14BA-LeaderElection21] INFO  impl.LeaderElection (LeaderElection.java:logAndReturn(89)) - ab82d630-dee7-4177-af41-1c16b6b55497@group-715227EE14BA-LeaderElection21: ELECTION REJECTED received 2 response(s) and 0 exception(s):
2022-04-28 13:45:39,634 [ab82d630-dee7-4177-af41-1c16b6b55497@group-715227EE14BA-LeaderElection21] INFO  impl.LeaderElection (LeaderElection.java:logAndReturn(93)) -   Response 0: ab82d630-dee7-4177-af41-1c16b6b55497<-4f6314c6-5f1e-418e-9cab-9d7da23e485e#0:FAIL-t2
2022-04-28 13:45:39,634 [ab82d630-dee7-4177-af41-1c16b6b55497@group-715227EE14BA-LeaderElection21] INFO  impl.LeaderElection (LeaderElection.java:logAndReturn(93)) -   Response 1: ab82d630-dee7-4177-af41-1c16b6b55497<-ed14f577-cd6a-4282-b253-bcfbdf05676a#0:FAIL-t2
2022-04-28 13:45:39,634 [ab82d630-dee7-4177-af41-1c16b6b55497@group-715227EE14BA-LeaderElection21] INFO  impl.LeaderElection (LeaderElection.java:askForVotes(308)) - ab82d630-dee7-4177-af41-1c16b6b55497@group-715227EE14BA-LeaderElection21 ELECTION round 0: result REJECTED
2022-04-28 13:45:39,634 [ab82d630-dee7-4177-af41-1c16b6b55497@group-715227EE14BA-LeaderElection21] INFO  server.RaftServer$Division (RaftServerImpl.java:setRole(290)) - ab82d630-dee7-4177-af41-1c16b6b55497@group-715227EE14BA: changes role from CANDIDATE to FOLLOWER at term 2 for REJECTED
2022-04-28 13:45:39,634 [ab82d630-dee7-4177-af41-1c16b6b55497@group-715227EE14BA-LeaderElection21] INFO  impl.RoleInfo (RoleInfo.java:shutdownLeaderElection(121)) - ab82d630-dee7-4177-af41-1c16b6b55497: shutdown ab82d630-dee7-4177-af41-1c16b6b55497@group-715227EE14BA-LeaderElection21
2022-04-28 13:45:39,634 [ab82d630-dee7-4177-af41-1c16b6b55497@group-715227EE14BA-LeaderElection21] INFO  impl.RoleInfo (RoleInfo.java:updateAndGet(130)) - ab82d630-dee7-4177-af41-1c16b6b55497: start ab82d630-dee7-4177-af41-1c16b6b55497@group-715227EE14BA-FollowerState
2022-04-28 13:45:39,655 [OM StateMachine ApplyTransaction Thread - 0] INFO  volume.OMVolumeCreateRequest (OMVolumeCreateRequest.java:validateAndUpdateCache(195)) - created volume:testblockoutputstream for user:runner
2022-04-28 13:45:39,675 [Listener at 127.0.0.1/38637] INFO  rpc.RpcClient (RpcClient.java:createBucket(637)) - Creating Bucket: testblockoutputstream/testblockoutputstream, with runner as owner and Versioning false and Storage Type set to DISK and Encryption set to false 
2022-04-28 13:45:39,691 [OM StateMachine ApplyTransaction Thread - 0] INFO  bucket.OMBucketCreateRequest (OMBucketCreateRequest.java:validateAndUpdateCache(258)) - created bucket: testblockoutputstream of layout LEGACY in volume: testblockoutputstream
2022-04-28 13:45:39,692 [Listener at 127.0.0.1/38637] INFO  ozone.MiniOzoneClusterImpl (MiniOzoneClusterImpl.java:getStorageContainerLocationClient(344)) - Creating StorageContainerLocationProtocol RPC client with address /0.0.0.0:45969
2022-04-28 13:45:39,857 [IPC Server handler 19 on default port 45969] INFO  ha.SequenceIdGenerator (SequenceIdGenerator.java:getNextId(127)) - Allocate a batch for containerId, change lastId from 0 to 1000.
2022-04-28 13:45:39,884 [Listener at 127.0.0.1/38637] INFO  impl.MetricsSystemImpl (MetricsSystemImpl.java:init(158)) - XceiverClientMetrics metrics system started (again)
2022-04-28 13:45:44,436 [4f6314c6-5f1e-418e-9cab-9d7da23e485e@group-EABBF4BA2E45-FollowerState] INFO  impl.FollowerState (FollowerState.java:run(134)) - 4f6314c6-5f1e-418e-9cab-9d7da23e485e@group-EABBF4BA2E45-FollowerState: change to CANDIDATE, lastRpcElapsedTime:5037486736ns, electionTimeout:5036ms
2022-04-28 13:45:44,437 [4f6314c6-5f1e-418e-9cab-9d7da23e485e@group-EABBF4BA2E45-FollowerState] INFO  impl.RoleInfo (RoleInfo.java:shutdownFollowerState(108)) - 4f6314c6-5f1e-418e-9cab-9d7da23e485e: shutdown 4f6314c6-5f1e-418e-9cab-9d7da23e485e@group-EABBF4BA2E45-FollowerState
2022-04-28 13:45:44,437 [4f6314c6-5f1e-418e-9cab-9d7da23e485e@group-EABBF4BA2E45-FollowerState] INFO  server.RaftServer$Division (RaftServerImpl.java:setRole(290)) - 4f6314c6-5f1e-418e-9cab-9d7da23e485e@group-EABBF4BA2E45: changes role from  FOLLOWER to CANDIDATE at term 2 for changeToCandidate
2022-04-28 13:45:44,437 [4f6314c6-5f1e-418e-9cab-9d7da23e485e@group-EABBF4BA2E45-FollowerState] INFO  server.RaftServerConfigKeys (ConfUtils.java:logGet(44)) - raft.server.leaderelection.pre-vote = false (custom)
2022-04-28 13:45:44,437 [4f6314c6-5f1e-418e-9cab-9d7da23e485e@group-EABBF4BA2E45-FollowerState] INFO  impl.RoleInfo (RoleInfo.java:updateAndGet(130)) - 4f6314c6-5f1e-418e-9cab-9d7da23e485e: start 4f6314c6-5f1e-418e-9cab-9d7da23e485e@group-EABBF4BA2E45-LeaderElection22
2022-04-28 13:45:44,441 [4f6314c6-5f1e-418e-9cab-9d7da23e485e@group-EABBF4BA2E45-LeaderElection22] INFO  impl.LeaderElection (LeaderElection.java:askForVotes(306)) - 4f6314c6-5f1e-418e-9cab-9d7da23e485e@group-EABBF4BA2E45-LeaderElection22 ELECTION round 0: submit vote requests at term 3 for -1: [4f6314c6-5f1e-418e-9cab-9d7da23e485e|rpc:10.1.0.6:33597|dataStream:|priority:1, ab82d630-dee7-4177-af41-1c16b6b55497|rpc:10.1.0.6:33355|dataStream:|priority:0, ed14f577-cd6a-4282-b253-bcfbdf05676a|rpc:10.1.0.6:43755|dataStream:|priority:0], old=null
2022-04-28 13:45:44,444 [grpc-default-executor-0] INFO  server.RaftServer$Division (RaftServerImpl.java:requestVote(1046)) - ab82d630-dee7-4177-af41-1c16b6b55497@group-EABBF4BA2E45: receive requestVote(ELECTION, 4f6314c6-5f1e-418e-9cab-9d7da23e485e, group-EABBF4BA2E45, 3, (t:0, i:0))
2022-04-28 13:45:44,444 [grpc-default-executor-0] INFO  impl.VoteContext (VoteContext.java:log(48)) - ab82d630-dee7-4177-af41-1c16b6b55497@group-EABBF4BA2E45-FOLLOWER: accept ELECTION from 4f6314c6-5f1e-418e-9cab-9d7da23e485e: our priority 0 <= candidate's priority 1
2022-04-28 13:45:44,444 [grpc-default-executor-0] INFO  server.RaftServer$Division (RaftServerImpl.java:setRole(290)) - ab82d630-dee7-4177-af41-1c16b6b55497@group-EABBF4BA2E45: changes role from  FOLLOWER to FOLLOWER at term 3 for candidate:4f6314c6-5f1e-418e-9cab-9d7da23e485e
2022-04-28 13:45:44,444 [grpc-default-executor-0] INFO  impl.RoleInfo (RoleInfo.java:shutdownFollowerState(108)) - ab82d630-dee7-4177-af41-1c16b6b55497: shutdown ab82d630-dee7-4177-af41-1c16b6b55497@group-EABBF4BA2E45-FollowerState
2022-04-28 13:45:44,444 [grpc-default-executor-0] INFO  impl.RoleInfo (RoleInfo.java:updateAndGet(130)) - ab82d630-dee7-4177-af41-1c16b6b55497: start ab82d630-dee7-4177-af41-1c16b6b55497@group-EABBF4BA2E45-FollowerState
2022-04-28 13:45:44,444 [ab82d630-dee7-4177-af41-1c16b6b55497@group-EABBF4BA2E45-FollowerState] INFO  impl.FollowerState (FollowerState.java:run(143)) - ab82d630-dee7-4177-af41-1c16b6b55497@group-EABBF4BA2E45-FollowerState was interrupted: {}
java.lang.InterruptedException: sleep interrupted
	at java.lang.Thread.sleep(Native Method)
	at java.lang.Thread.sleep(Thread.java:342)
	at java.util.concurrent.TimeUnit.sleep(TimeUnit.java:386)
	at org.apache.ratis.util.TimeDuration.sleep(TimeDuration.java:324)
	at org.apache.ratis.util.TimeDuration.sleep(TimeDuration.java:309)
	at org.apache.ratis.server.impl.FollowerState.run(FollowerState.java:118)
2022-04-28 13:45:44,445 [grpc-default-executor-1] INFO  server.RaftServer$Division (RaftServerImpl.java:requestVote(1046)) - ed14f577-cd6a-4282-b253-bcfbdf05676a@group-EABBF4BA2E45: receive requestVote(ELECTION, 4f6314c6-5f1e-418e-9cab-9d7da23e485e, group-EABBF4BA2E45, 3, (t:0, i:0))
2022-04-28 13:45:44,445 [grpc-default-executor-1] INFO  impl.VoteContext (VoteContext.java:log(48)) - ed14f577-cd6a-4282-b253-bcfbdf05676a@group-EABBF4BA2E45-FOLLOWER: accept ELECTION from 4f6314c6-5f1e-418e-9cab-9d7da23e485e: our priority 0 <= candidate's priority 1
2022-04-28 13:45:44,445 [grpc-default-executor-1] INFO  server.RaftServer$Division (RaftServerImpl.java:setRole(290)) - ed14f577-cd6a-4282-b253-bcfbdf05676a@group-EABBF4BA2E45: changes role from  FOLLOWER to FOLLOWER at term 3 for candidate:4f6314c6-5f1e-418e-9cab-9d7da23e485e
2022-04-28 13:45:44,445 [grpc-default-executor-1] INFO  impl.RoleInfo (RoleInfo.java:shutdownFollowerState(108)) - ed14f577-cd6a-4282-b253-bcfbdf05676a: shutdown ed14f577-cd6a-4282-b253-bcfbdf05676a@group-EABBF4BA2E45-FollowerState
2022-04-28 13:45:44,445 [grpc-default-executor-1] INFO  impl.RoleInfo (RoleInfo.java:updateAndGet(130)) - ed14f577-cd6a-4282-b253-bcfbdf05676a: start ed14f577-cd6a-4282-b253-bcfbdf05676a@group-EABBF4BA2E45-FollowerState
2022-04-28 13:45:44,445 [ed14f577-cd6a-4282-b253-bcfbdf05676a@group-EABBF4BA2E45-FollowerState] INFO  impl.FollowerState (FollowerState.java:run(143)) - ed14f577-cd6a-4282-b253-bcfbdf05676a@group-EABBF4BA2E45-FollowerState was interrupted: {}
java.lang.InterruptedException: sleep interrupted
	at java.lang.Thread.sleep(Native Method)
	at java.lang.Thread.sleep(Thread.java:342)
	at java.util.concurrent.TimeUnit.sleep(TimeUnit.java:386)
	at org.apache.ratis.util.TimeDuration.sleep(TimeDuration.java:324)
	at org.apache.ratis.util.TimeDuration.sleep(TimeDuration.java:309)
	at org.apache.ratis.server.impl.FollowerState.run(FollowerState.java:118)
2022-04-28 13:45:44,451 [grpc-default-executor-0] INFO  server.RaftServer$Division (RaftServerImpl.java:requestVote(1078)) - ab82d630-dee7-4177-af41-1c16b6b55497@group-EABBF4BA2E45 replies to ELECTION vote request: 4f6314c6-5f1e-418e-9cab-9d7da23e485e<-ab82d630-dee7-4177-af41-1c16b6b55497#0:OK-t3. Peer's state: ab82d630-dee7-4177-af41-1c16b6b55497@group-EABBF4BA2E45:t3, leader=null, voted=4f6314c6-5f1e-418e-9cab-9d7da23e485e, raftlog=ab82d630-dee7-4177-af41-1c16b6b55497@group-EABBF4BA2E45-SegmentedRaftLog:OPENED:c-1, conf=-1: [4f6314c6-5f1e-418e-9cab-9d7da23e485e|rpc:10.1.0.6:33597|priority:1, ab82d630-dee7-4177-af41-1c16b6b55497|rpc:10.1.0.6:33355|priority:0, ed14f577-cd6a-4282-b253-bcfbdf05676a|rpc:10.1.0.6:43755|priority:0], old=null
2022-04-28 13:45:44,452 [grpc-default-executor-1] INFO  server.RaftServer$Division (RaftServerImpl.java:requestVote(1078)) - ed14f577-cd6a-4282-b253-bcfbdf05676a@group-EABBF4BA2E45 replies to ELECTION vote request: 4f6314c6-5f1e-418e-9cab-9d7da23e485e<-ed14f577-cd6a-4282-b253-bcfbdf05676a#0:OK-t3. Peer's state: ed14f577-cd6a-4282-b253-bcfbdf05676a@group-EABBF4BA2E45:t3, leader=null, voted=4f6314c6-5f1e-418e-9cab-9d7da23e485e, raftlog=ed14f577-cd6a-4282-b253-bcfbdf05676a@group-EABBF4BA2E45-SegmentedRaftLog:OPENED:c-1, conf=-1: [4f6314c6-5f1e-418e-9cab-9d7da23e485e|rpc:10.1.0.6:33597|dataStream:|priority:1, ab82d630-dee7-4177-af41-1c16b6b55497|rpc:10.1.0.6:33355|dataStream:|priority:0, ed14f577-cd6a-4282-b253-bcfbdf05676a|rpc:10.1.0.6:43755|dataStream:|priority:0], old=null
2022-04-28 13:45:44,453 [4f6314c6-5f1e-418e-9cab-9d7da23e485e@group-EABBF4BA2E45-LeaderElection22] INFO  impl.LeaderElection (LeaderElection.java:logAndReturn(89)) - 4f6314c6-5f1e-418e-9cab-9d7da23e485e@group-EABBF4BA2E45-LeaderElection22: ELECTION PASSED received 1 response(s) and 0 exception(s):
2022-04-28 13:45:44,453 [4f6314c6-5f1e-418e-9cab-9d7da23e485e@group-EABBF4BA2E45-LeaderElection22] INFO  impl.LeaderElection (LeaderElection.java:logAndReturn(93)) -   Response 0: 4f6314c6-5f1e-418e-9cab-9d7da23e485e<-ed14f577-cd6a-4282-b253-bcfbdf05676a#0:OK-t3
2022-04-28 13:45:44,453 [4f6314c6-5f1e-418e-9cab-9d7da23e485e@group-EABBF4BA2E45-LeaderElection22] INFO  impl.LeaderElection (LeaderElection.java:askForVotes(308)) - 4f6314c6-5f1e-418e-9cab-9d7da23e485e@group-EABBF4BA2E45-LeaderElection22 ELECTION round 0: result PASSED
2022-04-28 13:45:44,453 [4f6314c6-5f1e-418e-9cab-9d7da23e485e@group-EABBF4BA2E45-LeaderElection22] INFO  impl.RoleInfo (RoleInfo.java:shutdownLeaderElection(121)) - 4f6314c6-5f1e-418e-9cab-9d7da23e485e: shutdown 4f6314c6-5f1e-418e-9cab-9d7da23e485e@group-EABBF4BA2E45-LeaderElection22
2022-04-28 13:45:44,453 [4f6314c6-5f1e-418e-9cab-9d7da23e485e@group-EABBF4BA2E45-LeaderElection22] INFO  server.RaftServer$Division (RaftServerImpl.java:setRole(290)) - 4f6314c6-5f1e-418e-9cab-9d7da23e485e@group-EABBF4BA2E45: changes role from CANDIDATE to LEADER at term 3 for changeToLeader
2022-04-28 13:45:44,453 [4f6314c6-5f1e-418e-9cab-9d7da23e485e@group-EABBF4BA2E45-LeaderElection22] INFO  ratis.XceiverServerRatis (XceiverServerRatis.java:handleLeaderChangedNotification(863)) - Leader change notification received for group: group-EABBF4BA2E45 with new leaderId: 4f6314c6-5f1e-418e-9cab-9d7da23e485e
2022-04-28 13:45:44,454 [4f6314c6-5f1e-418e-9cab-9d7da23e485e@group-EABBF4BA2E45-LeaderElection22] INFO  server.RaftServer$Division (ServerState.java:setLeader(285)) - 4f6314c6-5f1e-418e-9cab-9d7da23e485e@group-EABBF4BA2E45: change Leader from null to 4f6314c6-5f1e-418e-9cab-9d7da23e485e at term 3 for becomeLeader, leader elected after 15149ms
2022-04-28 13:45:44,454 [4f6314c6-5f1e-418e-9cab-9d7da23e485e@group-EABBF4BA2E45-LeaderElection22] INFO  server.RaftServerConfigKeys (ConfUtils.java:logGet(44)) - raft.server.staging.catchup.gap = 1000 (default)
2022-04-28 13:45:44,454 [4f6314c6-5f1e-418e-9cab-9d7da23e485e@group-EABBF4BA2E45-LeaderElection22] INFO  server.RaftServerConfigKeys (ConfUtils.java:logGet(44)) - raft.server.write.element-limit = 1024 (custom)
2022-04-28 13:45:44,454 [4f6314c6-5f1e-418e-9cab-9d7da23e485e@group-EABBF4BA2E45-LeaderElection22] INFO  server.RaftServerConfigKeys (ConfUtils.java:logGet(44)) - raft.server.write.byte-limit = 1024 M (=1073741824) (custom)
2022-04-28 13:45:44,454 [4f6314c6-5f1e-418e-9cab-9d7da23e485e@group-EABBF4BA2E45-LeaderElection22] INFO  server.RaftServerConfigKeys (ConfUtils.java:logGet(44)) - raft.server.watch.timeout = 3000ms (custom)
2022-04-28 13:45:44,454 [4f6314c6-5f1e-418e-9cab-9d7da23e485e@group-EABBF4BA2E45-LeaderElection22] INFO  server.RaftServerConfigKeys (ConfUtils.java:logGet(44)) - raft.server.watch.timeout.denomination = 1s (default)
2022-04-28 13:45:44,454 [4f6314c6-5f1e-418e-9cab-9d7da23e485e@group-EABBF4BA2E45-LeaderElection22] INFO  server.RaftServerConfigKeys (ConfUtils.java:logGet(44)) - raft.server.watch.element-limit = 65536 (default)
2022-04-28 13:45:44,454 [4f6314c6-5f1e-418e-9cab-9d7da23e485e@group-EABBF4BA2E45-LeaderElection22] INFO  server.RaftServerConfigKeys (ConfUtils.java:logGet(44)) - raft.server.write.element-limit = 1024 (custom)
2022-04-28 13:45:44,455 [4f6314c6-5f1e-418e-9cab-9d7da23e485e@group-EABBF4BA2E45-LeaderElection22] INFO  server.RaftServerConfigKeys (ConfUtils.java:logGet(44)) - raft.server.write.follower.gap.ratio.max = -1.0 (default)
2022-04-28 13:45:44,455 [4f6314c6-5f1e-418e-9cab-9d7da23e485e@group-EABBF4BA2E45-LeaderElection22] INFO  server.RaftServerConfigKeys (ConfUtils.java:logGet(44)) - raft.server.log.appender.snapshot.chunk.size.max = 16MB (=16777216) (default)
2022-04-28 13:45:44,455 [4f6314c6-5f1e-418e-9cab-9d7da23e485e@group-EABBF4BA2E45-LeaderElection22] INFO  server.RaftServerConfigKeys (ConfUtils.java:logGet(44)) - raft.server.log.appender.buffer.byte-limit = 33554432 (custom)
2022-04-28 13:45:44,455 [4f6314c6-5f1e-418e-9cab-9d7da23e485e@group-EABBF4BA2E45-LeaderElection22] INFO  server.RaftServerConfigKeys (ConfUtils.java:logGet(44)) - raft.server.log.appender.buffer.element-limit = 1 (custom)
2022-04-28 13:45:44,455 [4f6314c6-5f1e-418e-9cab-9d7da23e485e@group-EABBF4BA2E45-LeaderElection22] INFO  grpc.GrpcConfigKeys (ConfUtils.java:logGet(44)) - raft.grpc.server.leader.outstanding.appends.max = 128 (default)
2022-04-28 13:45:44,455 [4f6314c6-5f1e-418e-9cab-9d7da23e485e@group-EABBF4BA2E45-LeaderElection22] INFO  server.RaftServerConfigKeys (ConfUtils.java:logGet(44)) - raft.server.rpc.request.timeout = 3000ms (default)
2022-04-28 13:45:44,455 [4f6314c6-5f1e-418e-9cab-9d7da23e485e@group-EABBF4BA2E45-LeaderElection22] INFO  server.RaftServerConfigKeys (ConfUtils.java:logGet(44)) - raft.server.log.appender.install.snapshot.enabled = false (custom)
2022-04-28 13:45:44,456 [4f6314c6-5f1e-418e-9cab-9d7da23e485e@group-EABBF4BA2E45-LeaderElection22] INFO  server.RaftServerConfigKeys (ConfUtils.java:logGet(44)) - raft.server.log.appender.snapshot.chunk.size.max = 16MB (=16777216) (default)
2022-04-28 13:45:44,456 [4f6314c6-5f1e-418e-9cab-9d7da23e485e@group-EABBF4BA2E45-LeaderElection22] INFO  server.RaftServerConfigKeys (ConfUtils.java:logGet(44)) - raft.server.log.appender.buffer.byte-limit = 33554432 (custom)
2022-04-28 13:45:44,456 [4f6314c6-5f1e-418e-9cab-9d7da23e485e@group-EABBF4BA2E45-LeaderElection22] INFO  server.RaftServerConfigKeys (ConfUtils.java:logGet(44)) - raft.server.log.appender.buffer.element-limit = 1 (custom)
2022-04-28 13:45:44,456 [4f6314c6-5f1e-418e-9cab-9d7da23e485e@group-EABBF4BA2E45-LeaderElection22] INFO  grpc.GrpcConfigKeys (ConfUtils.java:logGet(44)) - raft.grpc.server.leader.outstanding.appends.max = 128 (default)
2022-04-28 13:45:44,456 [4f6314c6-5f1e-418e-9cab-9d7da23e485e@group-EABBF4BA2E45-LeaderElection22] INFO  server.RaftServerConfigKeys (ConfUtils.java:logGet(44)) - raft.server.rpc.request.timeout = 3000ms (default)
2022-04-28 13:45:44,456 [4f6314c6-5f1e-418e-9cab-9d7da23e485e@group-EABBF4BA2E45-LeaderElection22] INFO  server.RaftServerConfigKeys (ConfUtils.java:logGet(44)) - raft.server.log.appender.install.snapshot.enabled = false (custom)
2022-04-28 13:45:44,456 [4f6314c6-5f1e-418e-9cab-9d7da23e485e@group-EABBF4BA2E45-LeaderElection22] INFO  impl.RoleInfo (RoleInfo.java:updateAndGet(130)) - 4f6314c6-5f1e-418e-9cab-9d7da23e485e: start 4f6314c6-5f1e-418e-9cab-9d7da23e485e@group-EABBF4BA2E45-LeaderStateImpl
2022-04-28 13:45:44,457 [4f6314c6-5f1e-418e-9cab-9d7da23e485e@group-EABBF4BA2E45-LeaderElection22] INFO  segmented.SegmentedRaftLogWorker (SegmentedRaftLogWorker.java:startLogSegment(394)) - 4f6314c6-5f1e-418e-9cab-9d7da23e485e@group-EABBF4BA2E45-SegmentedRaftLogWorker: Starting segment from index:0
2022-04-28 13:45:44,457 [ab92dd13-3a3c-494a-a601-0001755b8ba9@group-C4D4B86834AA-FollowerState] INFO  impl.FollowerState (FollowerState.java:run(134)) - ab92dd13-3a3c-494a-a601-0001755b8ba9@group-C4D4B86834AA-FollowerState: change to CANDIDATE, lastRpcElapsedTime:5134606524ns, electionTimeout:5127ms
2022-04-28 13:45:44,457 [ab92dd13-3a3c-494a-a601-0001755b8ba9@group-C4D4B86834AA-FollowerState] INFO  impl.RoleInfo (RoleInfo.java:shutdownFollowerState(108)) - ab92dd13-3a3c-494a-a601-0001755b8ba9: shutdown ab92dd13-3a3c-494a-a601-0001755b8ba9@group-C4D4B86834AA-FollowerState
2022-04-28 13:45:44,457 [ab92dd13-3a3c-494a-a601-0001755b8ba9@group-C4D4B86834AA-FollowerState] INFO  server.RaftServer$Division (RaftServerImpl.java:setRole(290)) - ab92dd13-3a3c-494a-a601-0001755b8ba9@group-C4D4B86834AA: changes role from  FOLLOWER to CANDIDATE at term 3 for changeToCandidate
2022-04-28 13:45:44,457 [ab92dd13-3a3c-494a-a601-0001755b8ba9@group-C4D4B86834AA-FollowerState] INFO  server.RaftServerConfigKeys (ConfUtils.java:logGet(44)) - raft.server.leaderelection.pre-vote = false (custom)
2022-04-28 13:45:44,457 [ab92dd13-3a3c-494a-a601-0001755b8ba9@group-C4D4B86834AA-FollowerState] INFO  impl.RoleInfo (RoleInfo.java:updateAndGet(130)) - ab92dd13-3a3c-494a-a601-0001755b8ba9: start ab92dd13-3a3c-494a-a601-0001755b8ba9@group-C4D4B86834AA-LeaderElection23
2022-04-28 13:45:44,462 [4f6314c6-5f1e-418e-9cab-9d7da23e485e@group-EABBF4BA2E45-SegmentedRaftLogWorker] INFO  segmented.SegmentedRaftLogWorker (SegmentedRaftLogWorker.java:execute(601)) - 4f6314c6-5f1e-418e-9cab-9d7da23e485e@group-EABBF4BA2E45-SegmentedRaftLogWorker: created new log segment /home/runner/work/ozone/ozone/hadoop-ozone/integration-test/target/test-dir/MiniOzoneClusterImpl-961b773a-55ec-4776-b588-5de87e184680/datanode-5/data/ratis/fa83f2dc-f269-425f-8283-eabbf4ba2e45/current/log_inprogress_0
2022-04-28 13:45:44,465 [EventQueue-PipelineReportForPipelineReportHandler] INFO  pipeline.PipelineManagerImpl (PipelineManagerImpl.java:openPipeline(328)) - Pipeline Pipeline[ Id: fa83f2dc-f269-425f-8283-eabbf4ba2e45, Nodes: ed14f577-cd6a-4282-b253-bcfbdf05676a{ip: 10.1.0.6, host: fv-az294-869.eaanfquahm5ulb5tj050gcxych.jx.internal.cloudapp.net, ports: [REPLICATION=40865, RATIS=43755, RATIS_ADMIN=43755, RATIS_SERVER=43755, STANDALONE=41447], networkLocation: /default-rack, certSerialId: null, persistedOpState: IN_SERVICE, persistedOpStateExpiryEpochSec: 0}ab82d630-dee7-4177-af41-1c16b6b55497{ip: 10.1.0.6, host: fv-az294-869.eaanfquahm5ulb5tj050gcxych.jx.internal.cloudapp.net, ports: [REPLICATION=36873, RATIS=33355, RATIS_ADMIN=33355, RATIS_SERVER=33355, STANDALONE=41685], networkLocation: /default-rack, certSerialId: null, persistedOpState: IN_SERVICE, persistedOpStateExpiryEpochSec: 0}4f6314c6-5f1e-418e-9cab-9d7da23e485e{ip: 10.1.0.6, host: fv-az294-869.eaanfquahm5ulb5tj050gcxych.jx.internal.cloudapp.net, ports: [REPLICATION=44133, RATIS=33597, RATIS_ADMIN=33597, RATIS_SERVER=33597, STANDALONE=36669], networkLocation: /default-rack, certSerialId: null, persistedOpState: IN_SERVICE, persistedOpStateExpiryEpochSec: 0}, ReplicationConfig: RATIS/THREE, State:ALLOCATED, leaderId:4f6314c6-5f1e-418e-9cab-9d7da23e485e, CreationTimestamp2022-04-28T13:45:26.806Z[Etc/UTC]] moved to OPEN state
2022-04-28 13:45:44,466 [grpc-default-executor-1] INFO  ratis.XceiverServerRatis (XceiverServerRatis.java:handleLeaderChangedNotification(863)) - Leader change notification received for group: group-EABBF4BA2E45 with new leaderId: 4f6314c6-5f1e-418e-9cab-9d7da23e485e
2022-04-28 13:45:44,466 [grpc-default-executor-1] INFO  server.RaftServer$Division (ServerState.java:setLeader(285)) - ed14f577-cd6a-4282-b253-bcfbdf05676a@group-EABBF4BA2E45: change Leader from null to 4f6314c6-5f1e-418e-9cab-9d7da23e485e at term 3 for appendEntries, leader elected after 15201ms
2022-04-28 13:45:44,469 [ab92dd13-3a3c-494a-a601-0001755b8ba9@group-C4D4B86834AA-LeaderElection23] INFO  impl.LeaderElection (LeaderElection.java:askForVotes(306)) - ab92dd13-3a3c-494a-a601-0001755b8ba9@group-C4D4B86834AA-LeaderElection23 ELECTION round 0: submit vote requests at term 4 for -1: [ab92dd13-3a3c-494a-a601-0001755b8ba9|rpc:10.1.0.6:38077|priority:0, 5f73a725-0f40-4029-8a7b-0ac4f52c09c7|rpc:10.1.0.6:38783|priority:1, 0560cff9-c55c-4a15-aea8-16ef2e8911e2|rpc:10.1.0.6:37139|priority:0], old=null
2022-04-28 13:45:44,474 [grpc-default-executor-0] INFO  ratis.XceiverServerRatis (XceiverServerRatis.java:handleLeaderChangedNotification(863)) - Leader change notification received for group: group-EABBF4BA2E45 with new leaderId: 4f6314c6-5f1e-418e-9cab-9d7da23e485e
2022-04-28 13:45:44,474 [grpc-default-executor-0] INFO  server.RaftServer$Division (ServerState.java:setLeader(285)) - ab82d630-dee7-4177-af41-1c16b6b55497@group-EABBF4BA2E45: change Leader from null to 4f6314c6-5f1e-418e-9cab-9d7da23e485e at term 3 for appendEntries, leader elected after 15242ms
2022-04-28 13:45:44,478 [5f73a725-0f40-4029-8a7b-0ac4f52c09c7@group-C4D4B86834AA-FollowerState] INFO  impl.FollowerState (FollowerState.java:run(134)) - 5f73a725-0f40-4029-8a7b-0ac4f52c09c7@group-C4D4B86834AA-FollowerState: change to CANDIDATE, lastRpcElapsedTime:5175999647ns, electionTimeout:5158ms
2022-04-28 13:45:44,478 [5f73a725-0f40-4029-8a7b-0ac4f52c09c7@group-C4D4B86834AA-FollowerState] INFO  impl.RoleInfo (RoleInfo.java:shutdownFollowerState(108)) - 5f73a725-0f40-4029-8a7b-0ac4f52c09c7: shutdown 5f73a725-0f40-4029-8a7b-0ac4f52c09c7@group-C4D4B86834AA-FollowerState
2022-04-28 13:45:44,478 [5f73a725-0f40-4029-8a7b-0ac4f52c09c7@group-C4D4B86834AA-FollowerState] INFO  server.RaftServer$Division (RaftServerImpl.java:setRole(290)) - 5f73a725-0f40-4029-8a7b-0ac4f52c09c7@group-C4D4B86834AA: changes role from  FOLLOWER to CANDIDATE at term 3 for changeToCandidate
2022-04-28 13:45:44,482 [4f6314c6-5f1e-418e-9cab-9d7da23e485e@group-EABBF4BA2E45-LeaderElection22] INFO  server.RaftServer$Division (ServerState.java:setRaftConf(387)) - 4f6314c6-5f1e-418e-9cab-9d7da23e485e@group-EABBF4BA2E45: set configuration 0: [4f6314c6-5f1e-418e-9cab-9d7da23e485e|rpc:10.1.0.6:33597|dataStream:|priority:1, ab82d630-dee7-4177-af41-1c16b6b55497|rpc:10.1.0.6:33355|dataStream:|priority:0, ed14f577-cd6a-4282-b253-bcfbdf05676a|rpc:10.1.0.6:43755|dataStream:|priority:0], old=null
2022-04-28 13:45:44,483 [grpc-default-executor-1] INFO  server.RaftServer$Division (ServerState.java:setRaftConf(387)) - ed14f577-cd6a-4282-b253-bcfbdf05676a@group-EABBF4BA2E45: set configuration 0: [4f6314c6-5f1e-418e-9cab-9d7da23e485e|rpc:10.1.0.6:33597|dataStream:|priority:1, ab82d630-dee7-4177-af41-1c16b6b55497|rpc:10.1.0.6:33355|dataStream:|priority:0, ed14f577-cd6a-4282-b253-bcfbdf05676a|rpc:10.1.0.6:43755|dataStream:|priority:0], old=null
2022-04-28 13:45:44,483 [grpc-default-executor-1] INFO  segmented.SegmentedRaftLogWorker (SegmentedRaftLogWorker.java:startLogSegment(394)) - ed14f577-cd6a-4282-b253-bcfbdf05676a@group-EABBF4BA2E45-SegmentedRaftLogWorker: Starting segment from index:0
2022-04-28 13:45:44,484 [ed14f577-cd6a-4282-b253-bcfbdf05676a@group-EABBF4BA2E45-SegmentedRaftLogWorker] INFO  segmented.SegmentedRaftLogWorker (SegmentedRaftLogWorker.java:execute(601)) - ed14f577-cd6a-4282-b253-bcfbdf05676a@group-EABBF4BA2E45-SegmentedRaftLogWorker: created new log segment /home/runner/work/ozone/ozone/hadoop-ozone/integration-test/target/test-dir/MiniOzoneClusterImpl-961b773a-55ec-4776-b588-5de87e184680/datanode-4/data/ratis/fa83f2dc-f269-425f-8283-eabbf4ba2e45/current/log_inprogress_0
2022-04-28 13:45:44,489 [5f73a725-0f40-4029-8a7b-0ac4f52c09c7@group-C4D4B86834AA-FollowerState] INFO  server.RaftServerConfigKeys (ConfUtils.java:logGet(44)) - raft.server.leaderelection.pre-vote = false (custom)
2022-04-28 13:45:44,489 [5f73a725-0f40-4029-8a7b-0ac4f52c09c7@group-C4D4B86834AA-FollowerState] INFO  impl.RoleInfo (RoleInfo.java:updateAndGet(130)) - 5f73a725-0f40-4029-8a7b-0ac4f52c09c7: start 5f73a725-0f40-4029-8a7b-0ac4f52c09c7@group-C4D4B86834AA-LeaderElection24
2022-04-28 13:45:44,495 [grpc-default-executor-0] INFO  server.RaftServer$Division (ServerState.java:setRaftConf(387)) - ab82d630-dee7-4177-af41-1c16b6b55497@group-EABBF4BA2E45: set configuration 0: [4f6314c6-5f1e-418e-9cab-9d7da23e485e|rpc:10.1.0.6:33597|dataStream:|priority:1, ab82d630-dee7-4177-af41-1c16b6b55497|rpc:10.1.0.6:33355|dataStream:|priority:0, ed14f577-cd6a-4282-b253-bcfbdf05676a|rpc:10.1.0.6:43755|dataStream:|priority:0], old=null
2022-04-28 13:45:44,495 [grpc-default-executor-0] INFO  segmented.SegmentedRaftLogWorker (SegmentedRaftLogWorker.java:startLogSegment(394)) - ab82d630-dee7-4177-af41-1c16b6b55497@group-EABBF4BA2E45-SegmentedRaftLogWorker: Starting segment from index:0
2022-04-28 13:45:44,495 [grpc-default-executor-1] INFO  server.RaftServer$Division (RaftServerImpl.java:requestVote(1046)) - 5f73a725-0f40-4029-8a7b-0ac4f52c09c7@group-C4D4B86834AA: receive requestVote(ELECTION, ab92dd13-3a3c-494a-a601-0001755b8ba9, group-C4D4B86834AA, 4, (t:0, i:0))
2022-04-28 13:45:44,496 [ab82d630-dee7-4177-af41-1c16b6b55497@group-EABBF4BA2E45-SegmentedRaftLogWorker] INFO  segmented.SegmentedRaftLogWorker (SegmentedRaftLogWorker.java:execute(601)) - ab82d630-dee7-4177-af41-1c16b6b55497@group-EABBF4BA2E45-SegmentedRaftLogWorker: created new log segment /home/runner/work/ozone/ozone/hadoop-ozone/integration-test/target/test-dir/MiniOzoneClusterImpl-961b773a-55ec-4776-b588-5de87e184680/datanode-3/data/ratis/fa83f2dc-f269-425f-8283-eabbf4ba2e45/current/log_inprogress_0
2022-04-28 13:45:44,497 [grpc-default-executor-1] INFO  impl.VoteContext (VoteContext.java:log(48)) - 5f73a725-0f40-4029-8a7b-0ac4f52c09c7@group-C4D4B86834AA-CANDIDATE: reject ELECTION from ab92dd13-3a3c-494a-a601-0001755b8ba9: already has voted for 5f73a725-0f40-4029-8a7b-0ac4f52c09c7 at current term 4
2022-04-28 13:45:44,497 [grpc-default-executor-1] INFO  server.RaftServer$Division (RaftServerImpl.java:requestVote(1078)) - 5f73a725-0f40-4029-8a7b-0ac4f52c09c7@group-C4D4B86834AA replies to ELECTION vote request: ab92dd13-3a3c-494a-a601-0001755b8ba9<-5f73a725-0f40-4029-8a7b-0ac4f52c09c7#0:FAIL-t4. Peer's state: 5f73a725-0f40-4029-8a7b-0ac4f52c09c7@group-C4D4B86834AA:t4, leader=null, voted=5f73a725-0f40-4029-8a7b-0ac4f52c09c7, raftlog=5f73a725-0f40-4029-8a7b-0ac4f52c09c7@group-C4D4B86834AA-SegmentedRaftLog:OPENED:c-1, conf=0: [ab92dd13-3a3c-494a-a601-0001755b8ba9|rpc:10.1.0.6:38077|dataStream:|priority:0, 5f73a725-0f40-4029-8a7b-0ac4f52c09c7|rpc:10.1.0.6:38783|dataStream:|priority:1, 0560cff9-c55c-4a15-aea8-16ef2e8911e2|rpc:10.1.0.6:37139|dataStream:|priority:0], old=null
2022-04-28 13:45:44,497 [5f73a725-0f40-4029-8a7b-0ac4f52c09c7@group-C4D4B86834AA-LeaderElection24] INFO  impl.LeaderElection (LeaderElection.java:askForVotes(306)) - 5f73a725-0f40-4029-8a7b-0ac4f52c09c7@group-C4D4B86834AA-LeaderElection24 ELECTION round 0: submit vote requests at term 4 for 0: [ab92dd13-3a3c-494a-a601-0001755b8ba9|rpc:10.1.0.6:38077|dataStream:|priority:0, 5f73a725-0f40-4029-8a7b-0ac4f52c09c7|rpc:10.1.0.6:38783|dataStream:|priority:1, 0560cff9-c55c-4a15-aea8-16ef2e8911e2|rpc:10.1.0.6:37139|dataStream:|priority:0], old=null
2022-04-28 13:45:44,507 [grpc-default-executor-2] INFO  server.RaftServer$Division (RaftServerImpl.java:requestVote(1046)) - 0560cff9-c55c-4a15-aea8-16ef2e8911e2@group-C4D4B86834AA: receive requestVote(ELECTION, ab92dd13-3a3c-494a-a601-0001755b8ba9, group-C4D4B86834AA, 4, (t:0, i:0))
2022-04-28 13:45:44,508 [grpc-default-executor-2] INFO  impl.VoteContext (VoteContext.java:log(48)) - 0560cff9-c55c-4a15-aea8-16ef2e8911e2@group-C4D4B86834AA-FOLLOWER: accept ELECTION from ab92dd13-3a3c-494a-a601-0001755b8ba9: our priority 0 <= candidate's priority 0
2022-04-28 13:45:44,508 [grpc-default-executor-2] INFO  server.RaftServer$Division (RaftServerImpl.java:setRole(290)) - 0560cff9-c55c-4a15-aea8-16ef2e8911e2@group-C4D4B86834AA: changes role from  FOLLOWER to FOLLOWER at term 4 for candidate:ab92dd13-3a3c-494a-a601-0001755b8ba9
2022-04-28 13:45:44,508 [grpc-default-executor-2] INFO  impl.RoleInfo (RoleInfo.java:shutdownFollowerState(108)) - 0560cff9-c55c-4a15-aea8-16ef2e8911e2: shutdown 0560cff9-c55c-4a15-aea8-16ef2e8911e2@group-C4D4B86834AA-FollowerState
2022-04-28 13:45:44,508 [grpc-default-executor-2] INFO  impl.RoleInfo (RoleInfo.java:updateAndGet(130)) - 0560cff9-c55c-4a15-aea8-16ef2e8911e2: start 0560cff9-c55c-4a15-aea8-16ef2e8911e2@group-C4D4B86834AA-FollowerState
2022-04-28 13:45:44,509 [0560cff9-c55c-4a15-aea8-16ef2e8911e2@group-C4D4B86834AA-FollowerState] INFO  impl.FollowerState (FollowerState.java:run(143)) - 0560cff9-c55c-4a15-aea8-16ef2e8911e2@group-C4D4B86834AA-FollowerState was interrupted: {}
java.lang.InterruptedException: sleep interrupted
	at java.lang.Thread.sleep(Native Method)
	at java.lang.Thread.sleep(Thread.java:342)
	at java.util.concurrent.TimeUnit.sleep(TimeUnit.java:386)
	at org.apache.ratis.util.TimeDuration.sleep(TimeDuration.java:324)
	at org.apache.ratis.util.TimeDuration.sleep(TimeDuration.java:309)
	at org.apache.ratis.server.impl.FollowerState.run(FollowerState.java:118)
2022-04-28 13:45:44,517 [grpc-default-executor-3] INFO  server.RaftServer$Division (RaftServerImpl.java:requestVote(1046)) - ab92dd13-3a3c-494a-a601-0001755b8ba9@group-C4D4B86834AA: receive requestVote(ELECTION, 5f73a725-0f40-4029-8a7b-0ac4f52c09c7, group-C4D4B86834AA, 4, (t:2, i:0))
2022-04-28 13:45:44,517 [grpc-default-executor-3] INFO  impl.VoteContext (VoteContext.java:log(48)) - ab92dd13-3a3c-494a-a601-0001755b8ba9@group-C4D4B86834AA-CANDIDATE: reject ELECTION from 5f73a725-0f40-4029-8a7b-0ac4f52c09c7: already has voted for ab92dd13-3a3c-494a-a601-0001755b8ba9 at current term 4
2022-04-28 13:45:44,517 [grpc-default-executor-3] INFO  server.RaftServer$Division (RaftServerImpl.java:requestVote(1078)) - ab92dd13-3a3c-494a-a601-0001755b8ba9@group-C4D4B86834AA replies to ELECTION vote request: 5f73a725-0f40-4029-8a7b-0ac4f52c09c7<-ab92dd13-3a3c-494a-a601-0001755b8ba9#0:FAIL-t4. Peer's state: ab92dd13-3a3c-494a-a601-0001755b8ba9@group-C4D4B86834AA:t4, leader=null, voted=ab92dd13-3a3c-494a-a601-0001755b8ba9, raftlog=ab92dd13-3a3c-494a-a601-0001755b8ba9@group-C4D4B86834AA-SegmentedRaftLog:OPENED:c-1, conf=-1: [ab92dd13-3a3c-494a-a601-0001755b8ba9|rpc:10.1.0.6:38077|priority:0, 5f73a725-0f40-4029-8a7b-0ac4f52c09c7|rpc:10.1.0.6:38783|priority:1, 0560cff9-c55c-4a15-aea8-16ef2e8911e2|rpc:10.1.0.6:37139|priority:0], old=null
2022-04-28 13:45:44,519 [grpc-default-executor-2] INFO  server.RaftServer$Division (RaftServerImpl.java:requestVote(1078)) - 0560cff9-c55c-4a15-aea8-16ef2e8911e2@group-C4D4B86834AA replies to ELECTION vote request: ab92dd13-3a3c-494a-a601-0001755b8ba9<-0560cff9-c55c-4a15-aea8-16ef2e8911e2#0:OK-t4. Peer's state: 0560cff9-c55c-4a15-aea8-16ef2e8911e2@group-C4D4B86834AA:t4, leader=null, voted=ab92dd13-3a3c-494a-a601-0001755b8ba9, raftlog=0560cff9-c55c-4a15-aea8-16ef2e8911e2@group-C4D4B86834AA-SegmentedRaftLog:OPENED:c-1, conf=-1: [ab92dd13-3a3c-494a-a601-0001755b8ba9|rpc:10.1.0.6:38077|priority:0, 5f73a725-0f40-4029-8a7b-0ac4f52c09c7|rpc:10.1.0.6:38783|priority:1, 0560cff9-c55c-4a15-aea8-16ef2e8911e2|rpc:10.1.0.6:37139|priority:0], old=null
2022-04-28 13:45:44,519 [ab92dd13-3a3c-494a-a601-0001755b8ba9@group-C4D4B86834AA-LeaderElection23] INFO  impl.LeaderElection (LeaderElection.java:logAndReturn(89)) - ab92dd13-3a3c-494a-a601-0001755b8ba9@group-C4D4B86834AA-LeaderElection23: ELECTION REJECTED received 1 response(s) and 0 exception(s):
2022-04-28 13:45:44,520 [ab92dd13-3a3c-494a-a601-0001755b8ba9@group-C4D4B86834AA-LeaderElection23] INFO  impl.LeaderElection (LeaderElection.java:logAndReturn(93)) -   Response 0: ab92dd13-3a3c-494a-a601-0001755b8ba9<-5f73a725-0f40-4029-8a7b-0ac4f52c09c7#0:FAIL-t4
2022-04-28 13:45:44,520 [ab92dd13-3a3c-494a-a601-0001755b8ba9@group-C4D4B86834AA-LeaderElection23] INFO  impl.LeaderElection (LeaderElection.java:askForVotes(308)) - ab92dd13-3a3c-494a-a601-0001755b8ba9@group-C4D4B86834AA-LeaderElection23 ELECTION round 0: result REJECTED
2022-04-28 13:45:44,520 [ab92dd13-3a3c-494a-a601-0001755b8ba9@group-C4D4B86834AA-LeaderElection23] INFO  server.RaftServer$Division (RaftServerImpl.java:setRole(290)) - ab92dd13-3a3c-494a-a601-0001755b8ba9@group-C4D4B86834AA: changes role from CANDIDATE to FOLLOWER at term 4 for REJECTED
2022-04-28 13:45:44,520 [ab92dd13-3a3c-494a-a601-0001755b8ba9@group-C4D4B86834AA-LeaderElection23] INFO  impl.RoleInfo (RoleInfo.java:shutdownLeaderElection(121)) - ab92dd13-3a3c-494a-a601-0001755b8ba9: shutdown ab92dd13-3a3c-494a-a601-0001755b8ba9@group-C4D4B86834AA-LeaderElection23
2022-04-28 13:45:44,520 [ab92dd13-3a3c-494a-a601-0001755b8ba9@group-C4D4B86834AA-LeaderElection23] INFO  impl.RoleInfo (RoleInfo.java:updateAndGet(130)) - ab92dd13-3a3c-494a-a601-0001755b8ba9: start ab92dd13-3a3c-494a-a601-0001755b8ba9@group-C4D4B86834AA-FollowerState
2022-04-28 13:45:44,523 [grpc-default-executor-0] INFO  server.RaftServer$Division (RaftServerImpl.java:requestVote(1046)) - 0560cff9-c55c-4a15-aea8-16ef2e8911e2@group-C4D4B86834AA: receive requestVote(ELECTION, 5f73a725-0f40-4029-8a7b-0ac4f52c09c7, group-C4D4B86834AA, 4, (t:2, i:0))
2022-04-28 13:45:44,523 [grpc-default-executor-0] INFO  impl.VoteContext (VoteContext.java:log(48)) - 0560cff9-c55c-4a15-aea8-16ef2e8911e2@group-C4D4B86834AA-FOLLOWER: reject ELECTION from 5f73a725-0f40-4029-8a7b-0ac4f52c09c7: already has voted for ab92dd13-3a3c-494a-a601-0001755b8ba9 at current term 4
2022-04-28 13:45:44,523 [grpc-default-executor-0] INFO  server.RaftServer$Division (RaftServerImpl.java:requestVote(1078)) - 0560cff9-c55c-4a15-aea8-16ef2e8911e2@group-C4D4B86834AA replies to ELECTION vote request: 5f73a725-0f40-4029-8a7b-0ac4f52c09c7<-0560cff9-c55c-4a15-aea8-16ef2e8911e2#0:FAIL-t4. Peer's state: 0560cff9-c55c-4a15-aea8-16ef2e8911e2@group-C4D4B86834AA:t4, leader=null, voted=ab92dd13-3a3c-494a-a601-0001755b8ba9, raftlog=0560cff9-c55c-4a15-aea8-16ef2e8911e2@group-C4D4B86834AA-SegmentedRaftLog:OPENED:c-1, conf=-1: [ab92dd13-3a3c-494a-a601-0001755b8ba9|rpc:10.1.0.6:38077|priority:0, 5f73a725-0f40-4029-8a7b-0ac4f52c09c7|rpc:10.1.0.6:38783|priority:1, 0560cff9-c55c-4a15-aea8-16ef2e8911e2|rpc:10.1.0.6:37139|priority:0], old=null
2022-04-28 13:45:44,524 [5f73a725-0f40-4029-8a7b-0ac4f52c09c7@group-C4D4B86834AA-LeaderElection24] INFO  impl.LeaderElection (LeaderElection.java:logAndReturn(89)) - 5f73a725-0f40-4029-8a7b-0ac4f52c09c7@group-C4D4B86834AA-LeaderElection24: ELECTION REJECTED received 2 response(s) and 0 exception(s):
2022-04-28 13:45:44,524 [5f73a725-0f40-4029-8a7b-0ac4f52c09c7@group-C4D4B86834AA-LeaderElection24] INFO  impl.LeaderElection (LeaderElection.java:logAndReturn(93)) -   Response 0: 5f73a725-0f40-4029-8a7b-0ac4f52c09c7<-ab92dd13-3a3c-494a-a601-0001755b8ba9#0:FAIL-t4
2022-04-28 13:45:44,524 [5f73a725-0f40-4029-8a7b-0ac4f52c09c7@group-C4D4B86834AA-LeaderElection24] INFO  impl.LeaderElection (LeaderElection.java:logAndReturn(93)) -   Response 1: 5f73a725-0f40-4029-8a7b-0ac4f52c09c7<-0560cff9-c55c-4a15-aea8-16ef2e8911e2#0:FAIL-t4
2022-04-28 13:45:44,524 [5f73a725-0f40-4029-8a7b-0ac4f52c09c7@group-C4D4B86834AA-LeaderElection24] INFO  impl.LeaderElection (LeaderElection.java:askForVotes(308)) - 5f73a725-0f40-4029-8a7b-0ac4f52c09c7@group-C4D4B86834AA-LeaderElection24 ELECTION round 0: result REJECTED
2022-04-28 13:45:44,524 [5f73a725-0f40-4029-8a7b-0ac4f52c09c7@group-C4D4B86834AA-LeaderElection24] INFO  server.RaftServer$Division (RaftServerImpl.java:setRole(290)) - 5f73a725-0f40-4029-8a7b-0ac4f52c09c7@group-C4D4B86834AA: changes role from CANDIDATE to FOLLOWER at term 4 for REJECTED
2022-04-28 13:45:44,524 [5f73a725-0f40-4029-8a7b-0ac4f52c09c7@group-C4D4B86834AA-LeaderElection24] INFO  impl.RoleInfo (RoleInfo.java:shutdownLeaderElection(121)) - 5f73a725-0f40-4029-8a7b-0ac4f52c09c7: shutdown 5f73a725-0f40-4029-8a7b-0ac4f52c09c7@group-C4D4B86834AA-LeaderElection24
2022-04-28 13:45:44,524 [5f73a725-0f40-4029-8a7b-0ac4f52c09c7@group-C4D4B86834AA-LeaderElection24] INFO  impl.RoleInfo (RoleInfo.java:updateAndGet(130)) - 5f73a725-0f40-4029-8a7b-0ac4f52c09c7: start 5f73a725-0f40-4029-8a7b-0ac4f52c09c7@group-C4D4B86834AA-FollowerState
2022-04-28 13:45:44,697 [4f6314c6-5f1e-418e-9cab-9d7da23e485e@group-715227EE14BA-FollowerState] INFO  impl.FollowerState (FollowerState.java:run(134)) - 4f6314c6-5f1e-418e-9cab-9d7da23e485e@group-715227EE14BA-FollowerState: change to CANDIDATE, lastRpcElapsedTime:5095971209ns, electionTimeout:5095ms
2022-04-28 13:45:44,698 [4f6314c6-5f1e-418e-9cab-9d7da23e485e@group-715227EE14BA-FollowerState] INFO  impl.RoleInfo (RoleInfo.java:shutdownFollowerState(108)) - 4f6314c6-5f1e-418e-9cab-9d7da23e485e: shutdown 4f6314c6-5f1e-418e-9cab-9d7da23e485e@group-715227EE14BA-FollowerState
2022-04-28 13:45:44,698 [4f6314c6-5f1e-418e-9cab-9d7da23e485e@group-715227EE14BA-FollowerState] INFO  server.RaftServer$Division (RaftServerImpl.java:setRole(290)) - 4f6314c6-5f1e-418e-9cab-9d7da23e485e@group-715227EE14BA: changes role from  FOLLOWER to CANDIDATE at term 2 for changeToCandidate
2022-04-28 13:45:44,698 [4f6314c6-5f1e-418e-9cab-9d7da23e485e@group-715227EE14BA-FollowerState] INFO  server.RaftServerConfigKeys (ConfUtils.java:logGet(44)) - raft.server.leaderelection.pre-vote = false (custom)
2022-04-28 13:45:44,698 [4f6314c6-5f1e-418e-9cab-9d7da23e485e@group-715227EE14BA-FollowerState] INFO  impl.RoleInfo (RoleInfo.java:updateAndGet(130)) - 4f6314c6-5f1e-418e-9cab-9d7da23e485e: start 4f6314c6-5f1e-418e-9cab-9d7da23e485e@group-715227EE14BA-LeaderElection25
2022-04-28 13:45:44,701 [4f6314c6-5f1e-418e-9cab-9d7da23e485e@group-715227EE14BA-LeaderElection25] INFO  impl.LeaderElection (LeaderElection.java:askForVotes(306)) - 4f6314c6-5f1e-418e-9cab-9d7da23e485e@group-715227EE14BA-LeaderElection25 ELECTION round 0: submit vote requests at term 3 for -1: [4f6314c6-5f1e-418e-9cab-9d7da23e485e|rpc:10.1.0.6:33597|dataStream:|priority:0, ab82d630-dee7-4177-af41-1c16b6b55497|rpc:10.1.0.6:33355|dataStream:|priority:1, ed14f577-cd6a-4282-b253-bcfbdf05676a|rpc:10.1.0.6:43755|dataStream:|priority:0], old=null
2022-04-28 13:45:44,704 [grpc-default-executor-0] INFO  server.RaftServer$Division (RaftServerImpl.java:requestVote(1046)) - ab82d630-dee7-4177-af41-1c16b6b55497@group-715227EE14BA: receive requestVote(ELECTION, 4f6314c6-5f1e-418e-9cab-9d7da23e485e, group-715227EE14BA, 3, (t:0, i:0))
2022-04-28 13:45:44,704 [grpc-default-executor-0] INFO  impl.VoteContext (VoteContext.java:log(48)) - ab82d630-dee7-4177-af41-1c16b6b55497@group-715227EE14BA-FOLLOWER: reject ELECTION from 4f6314c6-5f1e-418e-9cab-9d7da23e485e: our priority 1 > candidate's priority 0
2022-04-28 13:45:44,704 [grpc-default-executor-0] INFO  server.RaftServer$Division (RaftServerImpl.java:setRole(290)) - ab82d630-dee7-4177-af41-1c16b6b55497@group-715227EE14BA: changes role from  FOLLOWER to FOLLOWER at term 3 for candidate:4f6314c6-5f1e-418e-9cab-9d7da23e485e
2022-04-28 13:45:44,704 [grpc-default-executor-0] INFO  impl.RoleInfo (RoleInfo.java:shutdownFollowerState(108)) - ab82d630-dee7-4177-af41-1c16b6b55497: shutdown ab82d630-dee7-4177-af41-1c16b6b55497@group-715227EE14BA-FollowerState
2022-04-28 13:45:44,704 [grpc-default-executor-0] INFO  impl.RoleInfo (RoleInfo.java:updateAndGet(130)) - ab82d630-dee7-4177-af41-1c16b6b55497: start ab82d630-dee7-4177-af41-1c16b6b55497@group-715227EE14BA-FollowerState
2022-04-28 13:45:44,704 [ab82d630-dee7-4177-af41-1c16b6b55497@group-715227EE14BA-FollowerState] INFO  impl.FollowerState (FollowerState.java:run(143)) - ab82d630-dee7-4177-af41-1c16b6b55497@group-715227EE14BA-FollowerState was interrupted: {}
java.lang.InterruptedException: sleep interrupted
	at java.lang.Thread.sleep(Native Method)
	at java.lang.Thread.sleep(Thread.java:342)
	at java.util.concurrent.TimeUnit.sleep(TimeUnit.java:386)
	at org.apache.ratis.util.TimeDuration.sleep(TimeDuration.java:324)
	at org.apache.ratis.util.TimeDuration.sleep(TimeDuration.java:309)
	at org.apache.ratis.server.impl.FollowerState.run(FollowerState.java:118)
2022-04-28 13:45:44,705 [grpc-default-executor-1] INFO  server.RaftServer$Division (RaftServerImpl.java:requestVote(1046)) - ed14f577-cd6a-4282-b253-bcfbdf05676a@group-715227EE14BA: receive requestVote(ELECTION, 4f6314c6-5f1e-418e-9cab-9d7da23e485e, group-715227EE14BA, 3, (t:0, i:0))
2022-04-28 13:45:44,705 [grpc-default-executor-1] INFO  impl.VoteContext (VoteContext.java:log(48)) - ed14f577-cd6a-4282-b253-bcfbdf05676a@group-715227EE14BA-FOLLOWER: accept ELECTION from 4f6314c6-5f1e-418e-9cab-9d7da23e485e: our priority 0 <= candidate's priority 0
2022-04-28 13:45:44,705 [grpc-default-executor-1] INFO  server.RaftServer$Division (RaftServerImpl.java:setRole(290)) - ed14f577-cd6a-4282-b253-bcfbdf05676a@group-715227EE14BA: changes role from  FOLLOWER to FOLLOWER at term 3 for candidate:4f6314c6-5f1e-418e-9cab-9d7da23e485e
2022-04-28 13:45:44,705 [grpc-default-executor-1] INFO  impl.RoleInfo (RoleInfo.java:shutdownFollowerState(108)) - ed14f577-cd6a-4282-b253-bcfbdf05676a: shutdown ed14f577-cd6a-4282-b253-bcfbdf05676a@group-715227EE14BA-FollowerState
2022-04-28 13:45:44,705 [grpc-default-executor-1] INFO  impl.RoleInfo (RoleInfo.java:updateAndGet(130)) - ed14f577-cd6a-4282-b253-bcfbdf05676a: start ed14f577-cd6a-4282-b253-bcfbdf05676a@group-715227EE14BA-FollowerState
2022-04-28 13:45:44,705 [ed14f577-cd6a-4282-b253-bcfbdf05676a@group-715227EE14BA-FollowerState] INFO  impl.FollowerState (FollowerState.java:run(143)) - ed14f577-cd6a-4282-b253-bcfbdf05676a@group-715227EE14BA-FollowerState was interrupted: {}
java.lang.InterruptedException: sleep interrupted
	at java.lang.Thread.sleep(Native Method)
	at java.lang.Thread.sleep(Thread.java:342)
	at java.util.concurrent.TimeUnit.sleep(TimeUnit.java:386)
	at org.apache.ratis.util.TimeDuration.sleep(TimeDuration.java:324)
	at org.apache.ratis.util.TimeDuration.sleep(TimeDuration.java:309)
	at org.apache.ratis.server.impl.FollowerState.run(FollowerState.java:118)
2022-04-28 13:45:44,709 [grpc-default-executor-0] INFO  server.RaftServer$Division (RaftServerImpl.java:requestVote(1078)) - ab82d630-dee7-4177-af41-1c16b6b55497@group-715227EE14BA replies to ELECTION vote request: 4f6314c6-5f1e-418e-9cab-9d7da23e485e<-ab82d630-dee7-4177-af41-1c16b6b55497#0:FAIL-t3. Peer's state: ab82d630-dee7-4177-af41-1c16b6b55497@group-715227EE14BA:t3, leader=null, voted=null, raftlog=ab82d630-dee7-4177-af41-1c16b6b55497@group-715227EE14BA-SegmentedRaftLog:OPENED:c-1, conf=-1: [4f6314c6-5f1e-418e-9cab-9d7da23e485e|rpc:10.1.0.6:33597|priority:0, ab82d630-dee7-4177-af41-1c16b6b55497|rpc:10.1.0.6:33355|priority:1, ed14f577-cd6a-4282-b253-bcfbdf05676a|rpc:10.1.0.6:43755|priority:0], old=null
2022-04-28 13:45:44,711 [4f6314c6-5f1e-418e-9cab-9d7da23e485e@group-715227EE14BA-LeaderElection25] INFO  impl.LeaderElection (LeaderElection.java:logAndReturn(89)) - 4f6314c6-5f1e-418e-9cab-9d7da23e485e@group-715227EE14BA-LeaderElection25: ELECTION REJECTED received 1 response(s) and 0 exception(s):
2022-04-28 13:45:44,711 [4f6314c6-5f1e-418e-9cab-9d7da23e485e@group-715227EE14BA-LeaderElection25] INFO  impl.LeaderElection (LeaderElection.java:logAndReturn(93)) -   Response 0: 4f6314c6-5f1e-418e-9cab-9d7da23e485e<-ab82d630-dee7-4177-af41-1c16b6b55497#0:FAIL-t3
2022-04-28 13:45:44,711 [4f6314c6-5f1e-418e-9cab-9d7da23e485e@group-715227EE14BA-LeaderElection25] INFO  impl.LeaderElection (LeaderElection.java:askForVotes(308)) - 4f6314c6-5f1e-418e-9cab-9d7da23e485e@group-715227EE14BA-LeaderElection25 ELECTION round 0: result REJECTED
2022-04-28 13:45:44,711 [4f6314c6-5f1e-418e-9cab-9d7da23e485e@group-715227EE14BA-LeaderElection25] INFO  server.RaftServer$Division (RaftServerImpl.java:setRole(290)) - 4f6314c6-5f1e-418e-9cab-9d7da23e485e@group-715227EE14BA: changes role from CANDIDATE to FOLLOWER at term 3 for REJECTED
2022-04-28 13:45:44,711 [4f6314c6-5f1e-418e-9cab-9d7da23e485e@group-715227EE14BA-LeaderElection25] INFO  impl.RoleInfo (RoleInfo.java:shutdownLeaderElection(121)) - 4f6314c6-5f1e-418e-9cab-9d7da23e485e: shutdown 4f6314c6-5f1e-418e-9cab-9d7da23e485e@group-715227EE14BA-LeaderElection25
2022-04-28 13:45:44,711 [4f6314c6-5f1e-418e-9cab-9d7da23e485e@group-715227EE14BA-LeaderElection25] INFO  impl.RoleInfo (RoleInfo.java:updateAndGet(130)) - 4f6314c6-5f1e-418e-9cab-9d7da23e485e: start 4f6314c6-5f1e-418e-9cab-9d7da23e485e@group-715227EE14BA-FollowerState
2022-04-28 13:45:44,711 [grpc-default-executor-1] INFO  server.RaftServer$Division (RaftServerImpl.java:requestVote(1078)) - ed14f577-cd6a-4282-b253-bcfbdf05676a@group-715227EE14BA replies to ELECTION vote request: 4f6314c6-5f1e-418e-9cab-9d7da23e485e<-ed14f577-cd6a-4282-b253-bcfbdf05676a#0:OK-t3. Peer's state: ed14f577-cd6a-4282-b253-bcfbdf05676a@group-715227EE14BA:t3, leader=null, voted=4f6314c6-5f1e-418e-9cab-9d7da23e485e, raftlog=ed14f577-cd6a-4282-b253-bcfbdf05676a@group-715227EE14BA-SegmentedRaftLog:OPENED:c-1, conf=-1: [4f6314c6-5f1e-418e-9cab-9d7da23e485e|rpc:10.1.0.6:33597|dataStream:|priority:0, ab82d630-dee7-4177-af41-1c16b6b55497|rpc:10.1.0.6:33355|dataStream:|priority:1, ed14f577-cd6a-4282-b253-bcfbdf05676a|rpc:10.1.0.6:43755|dataStream:|priority:0], old=null
2022-04-28 13:45:49,635 [ab92dd13-3a3c-494a-a601-0001755b8ba9@group-C4D4B86834AA-FollowerState] INFO  impl.FollowerState (FollowerState.java:run(134)) - ab92dd13-3a3c-494a-a601-0001755b8ba9@group-C4D4B86834AA-FollowerState: change to CANDIDATE, lastRpcElapsedTime:5115469667ns, electionTimeout:5110ms
2022-04-28 13:45:49,636 [ab92dd13-3a3c-494a-a601-0001755b8ba9@group-C4D4B86834AA-FollowerState] INFO  impl.RoleInfo (RoleInfo.java:shutdownFollowerState(108)) - ab92dd13-3a3c-494a-a601-0001755b8ba9: shutdown ab92dd13-3a3c-494a-a601-0001755b8ba9@group-C4D4B86834AA-FollowerState
2022-04-28 13:45:49,636 [ab92dd13-3a3c-494a-a601-0001755b8ba9@group-C4D4B86834AA-FollowerState] INFO  server.RaftServer$Division (RaftServerImpl.java:setRole(290)) - ab92dd13-3a3c-494a-a601-0001755b8ba9@group-C4D4B86834AA: changes role from  FOLLOWER to CANDIDATE at term 4 for changeToCandidate
2022-04-28 13:45:49,636 [ab92dd13-3a3c-494a-a601-0001755b8ba9@group-C4D4B86834AA-FollowerState] INFO  server.RaftServerConfigKeys (ConfUtils.java:logGet(44)) - raft.server.leaderelection.pre-vote = false (custom)
2022-04-28 13:45:49,636 [ab92dd13-3a3c-494a-a601-0001755b8ba9@group-C4D4B86834AA-FollowerState] INFO  impl.RoleInfo (RoleInfo.java:updateAndGet(130)) - ab92dd13-3a3c-494a-a601-0001755b8ba9: start ab92dd13-3a3c-494a-a601-0001755b8ba9@group-C4D4B86834AA-LeaderElection26
2022-04-28 13:45:49,639 [ab92dd13-3a3c-494a-a601-0001755b8ba9@group-C4D4B86834AA-LeaderElection26] INFO  impl.LeaderElection (LeaderElection.java:askForVotes(306)) - ab92dd13-3a3c-494a-a601-0001755b8ba9@group-C4D4B86834AA-LeaderElection26 ELECTION round 0: submit vote requests at term 5 for -1: [ab92dd13-3a3c-494a-a601-0001755b8ba9|rpc:10.1.0.6:38077|priority:0, 5f73a725-0f40-4029-8a7b-0ac4f52c09c7|rpc:10.1.0.6:38783|priority:1, 0560cff9-c55c-4a15-aea8-16ef2e8911e2|rpc:10.1.0.6:37139|priority:0], old=null
2022-04-28 13:45:49,641 [grpc-default-executor-0] INFO  server.RaftServer$Division (RaftServerImpl.java:requestVote(1046)) - 5f73a725-0f40-4029-8a7b-0ac4f52c09c7@group-C4D4B86834AA: receive requestVote(ELECTION, ab92dd13-3a3c-494a-a601-0001755b8ba9, group-C4D4B86834AA, 5, (t:0, i:0))
2022-04-28 13:45:49,641 [grpc-default-executor-0] INFO  impl.VoteContext (VoteContext.java:log(48)) - 5f73a725-0f40-4029-8a7b-0ac4f52c09c7@group-C4D4B86834AA-FOLLOWER: reject ELECTION from ab92dd13-3a3c-494a-a601-0001755b8ba9: our last entry (t:2, i:0) > candidate's last entry (t:0, i:0)
2022-04-28 13:45:49,641 [grpc-default-executor-0] INFO  server.RaftServer$Division (RaftServerImpl.java:setRole(290)) - 5f73a725-0f40-4029-8a7b-0ac4f52c09c7@group-C4D4B86834AA: changes role from  FOLLOWER to FOLLOWER at term 5 for candidate:ab92dd13-3a3c-494a-a601-0001755b8ba9
2022-04-28 13:45:49,641 [grpc-default-executor-0] INFO  impl.RoleInfo (RoleInfo.java:shutdownFollowerState(108)) - 5f73a725-0f40-4029-8a7b-0ac4f52c09c7: shutdown 5f73a725-0f40-4029-8a7b-0ac4f52c09c7@group-C4D4B86834AA-FollowerState
2022-04-28 13:45:49,641 [grpc-default-executor-0] INFO  impl.RoleInfo (RoleInfo.java:updateAndGet(130)) - 5f73a725-0f40-4029-8a7b-0ac4f52c09c7: start 5f73a725-0f40-4029-8a7b-0ac4f52c09c7@group-C4D4B86834AA-FollowerState
2022-04-28 13:45:49,641 [5f73a725-0f40-4029-8a7b-0ac4f52c09c7@group-C4D4B86834AA-FollowerState] INFO  impl.FollowerState (FollowerState.java:run(143)) - 5f73a725-0f40-4029-8a7b-0ac4f52c09c7@group-C4D4B86834AA-FollowerState was interrupted: {}
java.lang.InterruptedException: sleep interrupted
	at java.lang.Thread.sleep(Native Method)
	at java.lang.Thread.sleep(Thread.java:342)
	at java.util.concurrent.TimeUnit.sleep(TimeUnit.java:386)
	at org.apache.ratis.util.TimeDuration.sleep(TimeDuration.java:324)
	at org.apache.ratis.util.TimeDuration.sleep(TimeDuration.java:309)
	at org.apache.ratis.server.impl.FollowerState.run(FollowerState.java:118)
2022-04-28 13:45:49,644 [grpc-default-executor-1] INFO  server.RaftServer$Division (RaftServerImpl.java:requestVote(1046)) - 0560cff9-c55c-4a15-aea8-16ef2e8911e2@group-C4D4B86834AA: receive requestVote(ELECTION, ab92dd13-3a3c-494a-a601-0001755b8ba9, group-C4D4B86834AA, 5, (t:0, i:0))
2022-04-28 13:45:49,644 [grpc-default-executor-1] INFO  impl.VoteContext (VoteContext.java:log(48)) - 0560cff9-c55c-4a15-aea8-16ef2e8911e2@group-C4D4B86834AA-FOLLOWER: accept ELECTION from ab92dd13-3a3c-494a-a601-0001755b8ba9: our priority 0 <= candidate's priority 0
2022-04-28 13:45:49,644 [grpc-default-executor-1] INFO  server.RaftServer$Division (RaftServerImpl.java:setRole(290)) - 0560cff9-c55c-4a15-aea8-16ef2e8911e2@group-C4D4B86834AA: changes role from  FOLLOWER to FOLLOWER at term 5 for candidate:ab92dd13-3a3c-494a-a601-0001755b8ba9
2022-04-28 13:45:49,644 [grpc-default-executor-1] INFO  impl.RoleInfo (RoleInfo.java:shutdownFollowerState(108)) - 0560cff9-c55c-4a15-aea8-16ef2e8911e2: shutdown 0560cff9-c55c-4a15-aea8-16ef2e8911e2@group-C4D4B86834AA-FollowerState
2022-04-28 13:45:49,644 [grpc-default-executor-1] INFO  impl.RoleInfo (RoleInfo.java:updateAndGet(130)) - 0560cff9-c55c-4a15-aea8-16ef2e8911e2: start 0560cff9-c55c-4a15-aea8-16ef2e8911e2@group-C4D4B86834AA-FollowerState
2022-04-28 13:45:49,644 [0560cff9-c55c-4a15-aea8-16ef2e8911e2@group-C4D4B86834AA-FollowerState] INFO  impl.FollowerState (FollowerState.java:run(143)) - 0560cff9-c55c-4a15-aea8-16ef2e8911e2@group-C4D4B86834AA-FollowerState was interrupted: {}
java.lang.InterruptedException: sleep interrupted
	at java.lang.Thread.sleep(Native Method)
	at java.lang.Thread.sleep(Thread.java:342)
	at java.util.concurrent.TimeUnit.sleep(TimeUnit.java:386)
	at org.apache.ratis.util.TimeDuration.sleep(TimeDuration.java:324)
	at org.apache.ratis.util.TimeDuration.sleep(TimeDuration.java:309)
	at org.apache.ratis.server.impl.FollowerState.run(FollowerState.java:118)
2022-04-28 13:45:49,645 [grpc-default-executor-0] INFO  server.RaftServer$Division (RaftServerImpl.java:requestVote(1078)) - 5f73a725-0f40-4029-8a7b-0ac4f52c09c7@group-C4D4B86834AA replies to ELECTION vote request: ab92dd13-3a3c-494a-a601-0001755b8ba9<-5f73a725-0f40-4029-8a7b-0ac4f52c09c7#0:FAIL-t5. Peer's state: 5f73a725-0f40-4029-8a7b-0ac4f52c09c7@group-C4D4B86834AA:t5, leader=null, voted=null, raftlog=5f73a725-0f40-4029-8a7b-0ac4f52c09c7@group-C4D4B86834AA-SegmentedRaftLog:OPENED:c-1, conf=0: [ab92dd13-3a3c-494a-a601-0001755b8ba9|rpc:10.1.0.6:38077|dataStream:|priority:0, 5f73a725-0f40-4029-8a7b-0ac4f52c09c7|rpc:10.1.0.6:38783|dataStream:|priority:1, 0560cff9-c55c-4a15-aea8-16ef2e8911e2|rpc:10.1.0.6:37139|dataStream:|priority:0], old=null
2022-04-28 13:45:49,646 [grpc-default-executor-1] INFO  server.RaftServer$Division (RaftServerImpl.java:requestVote(1078)) - 0560cff9-c55c-4a15-aea8-16ef2e8911e2@group-C4D4B86834AA replies to ELECTION vote request: ab92dd13-3a3c-494a-a601-0001755b8ba9<-0560cff9-c55c-4a15-aea8-16ef2e8911e2#0:OK-t5. Peer's state: 0560cff9-c55c-4a15-aea8-16ef2e8911e2@group-C4D4B86834AA:t5, leader=null, voted=ab92dd13-3a3c-494a-a601-0001755b8ba9, raftlog=0560cff9-c55c-4a15-aea8-16ef2e8911e2@group-C4D4B86834AA-SegmentedRaftLog:OPENED:c-1, conf=-1: [ab92dd13-3a3c-494a-a601-0001755b8ba9|rpc:10.1.0.6:38077|priority:0, 5f73a725-0f40-4029-8a7b-0ac4f52c09c7|rpc:10.1.0.6:38783|priority:1, 0560cff9-c55c-4a15-aea8-16ef2e8911e2|rpc:10.1.0.6:37139|priority:0], old=null
2022-04-28 13:45:49,648 [ab92dd13-3a3c-494a-a601-0001755b8ba9@group-C4D4B86834AA-LeaderElection26] INFO  impl.LeaderElection (LeaderElection.java:logAndReturn(89)) - ab92dd13-3a3c-494a-a601-0001755b8ba9@group-C4D4B86834AA-LeaderElection26: ELECTION REJECTED received 2 response(s) and 0 exception(s):
2022-04-28 13:45:49,648 [ab92dd13-3a3c-494a-a601-0001755b8ba9@group-C4D4B86834AA-LeaderElection26] INFO  impl.LeaderElection (LeaderElection.java:logAndReturn(93)) -   Response 0: ab92dd13-3a3c-494a-a601-0001755b8ba9<-5f73a725-0f40-4029-8a7b-0ac4f52c09c7#0:FAIL-t5
2022-04-28 13:45:49,648 [ab92dd13-3a3c-494a-a601-0001755b8ba9@group-C4D4B86834AA-LeaderElection26] INFO  impl.LeaderElection (LeaderElection.java:logAndReturn(93)) -   Response 1: ab92dd13-3a3c-494a-a601-0001755b8ba9<-0560cff9-c55c-4a15-aea8-16ef2e8911e2#0:OK-t5
2022-04-28 13:45:49,648 [ab92dd13-3a3c-494a-a601-0001755b8ba9@group-C4D4B86834AA-LeaderElection26] INFO  impl.LeaderElection (LeaderElection.java:askForVotes(308)) - ab92dd13-3a3c-494a-a601-0001755b8ba9@group-C4D4B86834AA-LeaderElection26 ELECTION round 0: result REJECTED
2022-04-28 13:45:49,648 [ab92dd13-3a3c-494a-a601-0001755b8ba9@group-C4D4B86834AA-LeaderElection26] INFO  server.RaftServer$Division (RaftServerImpl.java:setRole(290)) - ab92dd13-3a3c-494a-a601-0001755b8ba9@group-C4D4B86834AA: changes role from CANDIDATE to FOLLOWER at term 5 for REJECTED
2022-04-28 13:45:49,648 [ab92dd13-3a3c-494a-a601-0001755b8ba9@group-C4D4B86834AA-LeaderElection26] INFO  impl.RoleInfo (RoleInfo.java:shutdownLeaderElection(121)) - ab92dd13-3a3c-494a-a601-0001755b8ba9: shutdown ab92dd13-3a3c-494a-a601-0001755b8ba9@group-C4D4B86834AA-LeaderElection26
2022-04-28 13:45:49,648 [ab92dd13-3a3c-494a-a601-0001755b8ba9@group-C4D4B86834AA-LeaderElection26] INFO  impl.RoleInfo (RoleInfo.java:updateAndGet(130)) - ab92dd13-3a3c-494a-a601-0001755b8ba9: start ab92dd13-3a3c-494a-a601-0001755b8ba9@group-C4D4B86834AA-FollowerState
2022-04-28 13:45:49,869 [ab82d630-dee7-4177-af41-1c16b6b55497@group-715227EE14BA-FollowerState] INFO  impl.FollowerState (FollowerState.java:run(134)) - ab82d630-dee7-4177-af41-1c16b6b55497@group-715227EE14BA-FollowerState: change to CANDIDATE, lastRpcElapsedTime:5164756213ns, electionTimeout:5163ms
2022-04-28 13:45:49,869 [ab82d630-dee7-4177-af41-1c16b6b55497@group-715227EE14BA-FollowerState] INFO  impl.RoleInfo (RoleInfo.java:shutdownFollowerState(108)) - ab82d630-dee7-4177-af41-1c16b6b55497: shutdown ab82d630-dee7-4177-af41-1c16b6b55497@group-715227EE14BA-FollowerState
2022-04-28 13:45:49,869 [ab82d630-dee7-4177-af41-1c16b6b55497@group-715227EE14BA-FollowerState] INFO  server.RaftServer$Division (RaftServerImpl.java:setRole(290)) - ab82d630-dee7-4177-af41-1c16b6b55497@group-715227EE14BA: changes role from  FOLLOWER to CANDIDATE at term 3 for changeToCandidate
2022-04-28 13:45:49,869 [ab82d630-dee7-4177-af41-1c16b6b55497@group-715227EE14BA-FollowerState] INFO  server.RaftServerConfigKeys (ConfUtils.java:logGet(44)) - raft.server.leaderelection.pre-vote = false (custom)
2022-04-28 13:45:49,869 [ab82d630-dee7-4177-af41-1c16b6b55497@group-715227EE14BA-FollowerState] INFO  impl.RoleInfo (RoleInfo.java:updateAndGet(130)) - ab82d630-dee7-4177-af41-1c16b6b55497: start ab82d630-dee7-4177-af41-1c16b6b55497@group-715227EE14BA-LeaderElection27
2022-04-28 13:45:49,873 [ab82d630-dee7-4177-af41-1c16b6b55497@group-715227EE14BA-LeaderElection27] INFO  impl.LeaderElection (LeaderElection.java:askForVotes(306)) - ab82d630-dee7-4177-af41-1c16b6b55497@group-715227EE14BA-LeaderElection27 ELECTION round 0: submit vote requests at term 4 for -1: [4f6314c6-5f1e-418e-9cab-9d7da23e485e|rpc:10.1.0.6:33597|priority:0, ab82d630-dee7-4177-af41-1c16b6b55497|rpc:10.1.0.6:33355|priority:1, ed14f577-cd6a-4282-b253-bcfbdf05676a|rpc:10.1.0.6:43755|priority:0], old=null
2022-04-28 13:45:49,875 [grpc-default-executor-1] INFO  server.RaftServer$Division (RaftServerImpl.java:requestVote(1046)) - ed14f577-cd6a-4282-b253-bcfbdf05676a@group-715227EE14BA: receive requestVote(ELECTION, ab82d630-dee7-4177-af41-1c16b6b55497, group-715227EE14BA, 4, (t:0, i:0))
2022-04-28 13:45:49,875 [grpc-default-executor-1] INFO  impl.VoteContext (VoteContext.java:log(48)) - ed14f577-cd6a-4282-b253-bcfbdf05676a@group-715227EE14BA-FOLLOWER: accept ELECTION from ab82d630-dee7-4177-af41-1c16b6b55497: our priority 0 <= candidate's priority 1
2022-04-28 13:45:49,875 [grpc-default-executor-1] INFO  server.RaftServer$Division (RaftServerImpl.java:setRole(290)) - ed14f577-cd6a-4282-b253-bcfbdf05676a@group-715227EE14BA: changes role from  FOLLOWER to FOLLOWER at term 4 for candidate:ab82d630-dee7-4177-af41-1c16b6b55497
2022-04-28 13:45:49,875 [grpc-default-executor-1] INFO  impl.RoleInfo (RoleInfo.java:shutdownFollowerState(108)) - ed14f577-cd6a-4282-b253-bcfbdf05676a: shutdown ed14f577-cd6a-4282-b253-bcfbdf05676a@group-715227EE14BA-FollowerState
2022-04-28 13:45:49,875 [grpc-default-executor-1] INFO  impl.RoleInfo (RoleInfo.java:updateAndGet(130)) - ed14f577-cd6a-4282-b253-bcfbdf05676a: start ed14f577-cd6a-4282-b253-bcfbdf05676a@group-715227EE14BA-FollowerState
2022-04-28 13:45:49,875 [ed14f577-cd6a-4282-b253-bcfbdf05676a@group-715227EE14BA-FollowerState] INFO  impl.FollowerState (FollowerState.java:run(143)) - ed14f577-cd6a-4282-b253-bcfbdf05676a@group-715227EE14BA-FollowerState was interrupted: {}
java.lang.InterruptedException: sleep interrupted
	at java.lang.Thread.sleep(Native Method)
	at java.lang.Thread.sleep(Thread.java:342)
	at java.util.concurrent.TimeUnit.sleep(TimeUnit.java:386)
	at org.apache.ratis.util.TimeDuration.sleep(TimeDuration.java:324)
	at org.apache.ratis.util.TimeDuration.sleep(TimeDuration.java:309)
	at org.apache.ratis.server.impl.FollowerState.run(FollowerState.java:118)
2022-04-28 13:45:49,877 [grpc-default-executor-1] INFO  server.RaftServer$Division (RaftServerImpl.java:requestVote(1078)) - ed14f577-cd6a-4282-b253-bcfbdf05676a@group-715227EE14BA replies to ELECTION vote request: ab82d630-dee7-4177-af41-1c16b6b55497<-ed14f577-cd6a-4282-b253-bcfbdf05676a#0:OK-t4. Peer's state: ed14f577-cd6a-4282-b253-bcfbdf05676a@group-715227EE14BA:t4, leader=null, voted=ab82d630-dee7-4177-af41-1c16b6b55497, raftlog=ed14f577-cd6a-4282-b253-bcfbdf05676a@group-715227EE14BA-SegmentedRaftLog:OPENED:c-1, conf=-1: [4f6314c6-5f1e-418e-9cab-9d7da23e485e|rpc:10.1.0.6:33597|dataStream:|priority:0, ab82d630-dee7-4177-af41-1c16b6b55497|rpc:10.1.0.6:33355|dataStream:|priority:1, ed14f577-cd6a-4282-b253-bcfbdf05676a|rpc:10.1.0.6:43755|dataStream:|priority:0], old=null
2022-04-28 13:45:49,878 [grpc-default-executor-0] INFO  server.RaftServer$Division (RaftServerImpl.java:requestVote(1046)) - 4f6314c6-5f1e-418e-9cab-9d7da23e485e@group-715227EE14BA: receive requestVote(ELECTION, ab82d630-dee7-4177-af41-1c16b6b55497, group-715227EE14BA, 4, (t:0, i:0))
2022-04-28 13:45:49,878 [grpc-default-executor-0] INFO  impl.VoteContext (VoteContext.java:log(48)) - 4f6314c6-5f1e-418e-9cab-9d7da23e485e@group-715227EE14BA-FOLLOWER: accept ELECTION from ab82d630-dee7-4177-af41-1c16b6b55497: our priority 0 <= candidate's priority 1
2022-04-28 13:45:49,878 [grpc-default-executor-0] INFO  server.RaftServer$Division (RaftServerImpl.java:setRole(290)) - 4f6314c6-5f1e-418e-9cab-9d7da23e485e@group-715227EE14BA: changes role from  FOLLOWER to FOLLOWER at term 4 for candidate:ab82d630-dee7-4177-af41-1c16b6b55497
2022-04-28 13:45:49,878 [grpc-default-executor-0] INFO  impl.RoleInfo (RoleInfo.java:shutdownFollowerState(108)) - 4f6314c6-5f1e-418e-9cab-9d7da23e485e: shutdown 4f6314c6-5f1e-418e-9cab-9d7da23e485e@group-715227EE14BA-FollowerState
2022-04-28 13:45:49,878 [grpc-default-executor-0] INFO  impl.RoleInfo (RoleInfo.java:updateAndGet(130)) - 4f6314c6-5f1e-418e-9cab-9d7da23e485e: start 4f6314c6-5f1e-418e-9cab-9d7da23e485e@group-715227EE14BA-FollowerState
2022-04-28 13:45:49,878 [4f6314c6-5f1e-418e-9cab-9d7da23e485e@group-715227EE14BA-FollowerState] INFO  impl.FollowerState (FollowerState.java:run(143)) - 4f6314c6-5f1e-418e-9cab-9d7da23e485e@group-715227EE14BA-FollowerState was interrupted: {}
java.lang.InterruptedException: sleep interrupted
	at java.lang.Thread.sleep(Native Method)
	at java.lang.Thread.sleep(Thread.java:342)
	at java.util.concurrent.TimeUnit.sleep(TimeUnit.java:386)
	at org.apache.ratis.util.TimeDuration.sleep(TimeDuration.java:324)
	at org.apache.ratis.util.TimeDuration.sleep(TimeDuration.java:309)
	at org.apache.ratis.server.impl.FollowerState.run(FollowerState.java:118)
2022-04-28 13:45:49,882 [ab82d630-dee7-4177-af41-1c16b6b55497@group-715227EE14BA-LeaderElection27] INFO  impl.LeaderElection (LeaderElection.java:logAndReturn(89)) - ab82d630-dee7-4177-af41-1c16b6b55497@group-715227EE14BA-LeaderElection27: ELECTION PASSED received 1 response(s) and 0 exception(s):
2022-04-28 13:45:49,882 [ab82d630-dee7-4177-af41-1c16b6b55497@group-715227EE14BA-LeaderElection27] INFO  impl.LeaderElection (LeaderElection.java:logAndReturn(93)) -   Response 0: ab82d630-dee7-4177-af41-1c16b6b55497<-ed14f577-cd6a-4282-b253-bcfbdf05676a#0:OK-t4
2022-04-28 13:45:49,882 [ab82d630-dee7-4177-af41-1c16b6b55497@group-715227EE14BA-LeaderElection27] INFO  impl.LeaderElection (LeaderElection.java:askForVotes(308)) - ab82d630-dee7-4177-af41-1c16b6b55497@group-715227EE14BA-LeaderElection27 ELECTION round 0: result PASSED
2022-04-28 13:45:49,882 [ab82d630-dee7-4177-af41-1c16b6b55497@group-715227EE14BA-LeaderElection27] INFO  impl.RoleInfo (RoleInfo.java:shutdownLeaderElection(121)) - ab82d630-dee7-4177-af41-1c16b6b55497: shutdown ab82d630-dee7-4177-af41-1c16b6b55497@group-715227EE14BA-LeaderElection27
2022-04-28 13:45:49,882 [ab82d630-dee7-4177-af41-1c16b6b55497@group-715227EE14BA-LeaderElection27] INFO  server.RaftServer$Division (RaftServerImpl.java:setRole(290)) - ab82d630-dee7-4177-af41-1c16b6b55497@group-715227EE14BA: changes role from CANDIDATE to LEADER at term 4 for changeToLeader
2022-04-28 13:45:49,882 [ab82d630-dee7-4177-af41-1c16b6b55497@group-715227EE14BA-LeaderElection27] INFO  ratis.XceiverServerRatis (XceiverServerRatis.java:handleLeaderChangedNotification(863)) - Leader change notification received for group: group-715227EE14BA with new leaderId: ab82d630-dee7-4177-af41-1c16b6b55497
2022-04-28 13:45:49,882 [ab82d630-dee7-4177-af41-1c16b6b55497@group-715227EE14BA-LeaderElection27] INFO  server.RaftServer$Division (ServerState.java:setLeader(285)) - ab82d630-dee7-4177-af41-1c16b6b55497@group-715227EE14BA: change Leader from null to ab82d630-dee7-4177-af41-1c16b6b55497 at term 4 for becomeLeader, leader elected after 20561ms
2022-04-28 13:45:49,882 [ab82d630-dee7-4177-af41-1c16b6b55497@group-715227EE14BA-LeaderElection27] INFO  server.RaftServerConfigKeys (ConfUtils.java:logGet(44)) - raft.server.staging.catchup.gap = 1000 (default)
2022-04-28 13:45:49,882 [ab82d630-dee7-4177-af41-1c16b6b55497@group-715227EE14BA-LeaderElection27] INFO  server.RaftServerConfigKeys (ConfUtils.java:logGet(44)) - raft.server.write.element-limit = 1024 (custom)
2022-04-28 13:45:49,882 [ab82d630-dee7-4177-af41-1c16b6b55497@group-715227EE14BA-LeaderElection27] INFO  server.RaftServerConfigKeys (ConfUtils.java:logGet(44)) - raft.server.write.byte-limit = 1024 M (=1073741824) (custom)
2022-04-28 13:45:49,883 [ab82d630-dee7-4177-af41-1c16b6b55497@group-715227EE14BA-LeaderElection27] INFO  server.RaftServerConfigKeys (ConfUtils.java:logGet(44)) - raft.server.watch.timeout = 3000ms (custom)
2022-04-28 13:45:49,883 [ab82d630-dee7-4177-af41-1c16b6b55497@group-715227EE14BA-LeaderElection27] INFO  server.RaftServerConfigKeys (ConfUtils.java:logGet(44)) - raft.server.watch.timeout.denomination = 1s (default)
2022-04-28 13:45:49,883 [ab82d630-dee7-4177-af41-1c16b6b55497@group-715227EE14BA-LeaderElection27] INFO  server.RaftServerConfigKeys (ConfUtils.java:logGet(44)) - raft.server.watch.element-limit = 65536 (default)
2022-04-28 13:45:49,883 [grpc-default-executor-0] INFO  server.RaftServer$Division (RaftServerImpl.java:requestVote(1078)) - 4f6314c6-5f1e-418e-9cab-9d7da23e485e@group-715227EE14BA replies to ELECTION vote request: ab82d630-dee7-4177-af41-1c16b6b55497<-4f6314c6-5f1e-418e-9cab-9d7da23e485e#0:OK-t4. Peer's state: 4f6314c6-5f1e-418e-9cab-9d7da23e485e@group-715227EE14BA:t4, leader=null, voted=ab82d630-dee7-4177-af41-1c16b6b55497, raftlog=4f6314c6-5f1e-418e-9cab-9d7da23e485e@group-715227EE14BA-SegmentedRaftLog:OPENED:c-1, conf=-1: [4f6314c6-5f1e-418e-9cab-9d7da23e485e|rpc:10.1.0.6:33597|dataStream:|priority:0, ab82d630-dee7-4177-af41-1c16b6b55497|rpc:10.1.0.6:33355|dataStream:|priority:1, ed14f577-cd6a-4282-b253-bcfbdf05676a|rpc:10.1.0.6:43755|dataStream:|priority:0], old=null
2022-04-28 13:45:49,883 [ab82d630-dee7-4177-af41-1c16b6b55497@group-715227EE14BA-LeaderElection27] INFO  server.RaftServerConfigKeys (ConfUtils.java:logGet(44)) - raft.server.write.element-limit = 1024 (custom)
2022-04-28 13:45:49,884 [ab82d630-dee7-4177-af41-1c16b6b55497@group-715227EE14BA-LeaderElection27] INFO  server.RaftServerConfigKeys (ConfUtils.java:logGet(44)) - raft.server.write.follower.gap.ratio.max = -1.0 (default)
2022-04-28 13:45:49,884 [ab82d630-dee7-4177-af41-1c16b6b55497@group-715227EE14BA-LeaderElection27] INFO  server.RaftServerConfigKeys (ConfUtils.java:logGet(44)) - raft.server.log.appender.snapshot.chunk.size.max = 16MB (=16777216) (default)
2022-04-28 13:45:49,884 [ab82d630-dee7-4177-af41-1c16b6b55497@group-715227EE14BA-LeaderElection27] INFO  server.RaftServerConfigKeys (ConfUtils.java:logGet(44)) - raft.server.log.appender.buffer.byte-limit = 33554432 (custom)
2022-04-28 13:45:49,884 [ab82d630-dee7-4177-af41-1c16b6b55497@group-715227EE14BA-LeaderElection27] INFO  server.RaftServerConfigKeys (ConfUtils.java:logGet(44)) - raft.server.log.appender.buffer.element-limit = 1 (custom)
2022-04-28 13:45:49,884 [ab82d630-dee7-4177-af41-1c16b6b55497@group-715227EE14BA-LeaderElection27] INFO  grpc.GrpcConfigKeys (ConfUtils.java:logGet(44)) - raft.grpc.server.leader.outstanding.appends.max = 128 (default)
2022-04-28 13:45:49,884 [ab82d630-dee7-4177-af41-1c16b6b55497@group-715227EE14BA-LeaderElection27] INFO  server.RaftServerConfigKeys (ConfUtils.java:logGet(44)) - raft.server.rpc.request.timeout = 3000ms (default)
2022-04-28 13:45:49,884 [ab82d630-dee7-4177-af41-1c16b6b55497@group-715227EE14BA-LeaderElection27] INFO  server.RaftServerConfigKeys (ConfUtils.java:logGet(44)) - raft.server.log.appender.install.snapshot.enabled = false (custom)
2022-04-28 13:45:49,885 [ab82d630-dee7-4177-af41-1c16b6b55497@group-715227EE14BA-LeaderElection27] INFO  server.RaftServerConfigKeys (ConfUtils.java:logGet(44)) - raft.server.log.appender.snapshot.chunk.size.max = 16MB (=16777216) (default)
2022-04-28 13:45:49,885 [ab82d630-dee7-4177-af41-1c16b6b55497@group-715227EE14BA-LeaderElection27] INFO  server.RaftServerConfigKeys (ConfUtils.java:logGet(44)) - raft.server.log.appender.buffer.byte-limit = 33554432 (custom)
2022-04-28 13:45:49,885 [ab82d630-dee7-4177-af41-1c16b6b55497@group-715227EE14BA-LeaderElection27] INFO  server.RaftServerConfigKeys (ConfUtils.java:logGet(44)) - raft.server.log.appender.buffer.element-limit = 1 (custom)
2022-04-28 13:45:49,885 [ab82d630-dee7-4177-af41-1c16b6b55497@group-715227EE14BA-LeaderElection27] INFO  grpc.GrpcConfigKeys (ConfUtils.java:logGet(44)) - raft.grpc.server.leader.outstanding.appends.max = 128 (default)
2022-04-28 13:45:49,885 [ab82d630-dee7-4177-af41-1c16b6b55497@group-715227EE14BA-LeaderElection27] INFO  server.RaftServerConfigKeys (ConfUtils.java:logGet(44)) - raft.server.rpc.request.timeout = 3000ms (default)
2022-04-28 13:45:49,885 [ab82d630-dee7-4177-af41-1c16b6b55497@group-715227EE14BA-LeaderElection27] INFO  server.RaftServerConfigKeys (ConfUtils.java:logGet(44)) - raft.server.log.appender.install.snapshot.enabled = false (custom)
2022-04-28 13:45:49,886 [EventQueue-PipelineReportForPipelineReportHandler] INFO  pipeline.PipelineManagerImpl (PipelineManagerImpl.java:openPipeline(328)) - Pipeline Pipeline[ Id: c073acfe-daac-41f7-b1ad-715227ee14ba, Nodes: 4f6314c6-5f1e-418e-9cab-9d7da23e485e{ip: 10.1.0.6, host: fv-az294-869.eaanfquahm5ulb5tj050gcxych.jx.internal.cloudapp.net, ports: [REPLICATION=44133, RATIS=33597, RATIS_ADMIN=33597, RATIS_SERVER=33597, STANDALONE=36669], networkLocation: /default-rack, certSerialId: null, persistedOpState: IN_SERVICE, persistedOpStateExpiryEpochSec: 0}ab82d630-dee7-4177-af41-1c16b6b55497{ip: 10.1.0.6, host: fv-az294-869.eaanfquahm5ulb5tj050gcxych.jx.internal.cloudapp.net, ports: [REPLICATION=36873, RATIS=33355, RATIS_ADMIN=33355, RATIS_SERVER=33355, STANDALONE=41685], networkLocation: /default-rack, certSerialId: null, persistedOpState: IN_SERVICE, persistedOpStateExpiryEpochSec: 0}ed14f577-cd6a-4282-b253-bcfbdf05676a{ip: 10.1.0.6, host: fv-az294-869.eaanfquahm5ulb5tj050gcxych.jx.internal.cloudapp.net, ports: [REPLICATION=40865, RATIS=43755, RATIS_ADMIN=43755, RATIS_SERVER=43755, STANDALONE=41447], networkLocation: /default-rack, certSerialId: null, persistedOpState: IN_SERVICE, persistedOpStateExpiryEpochSec: 0}, ReplicationConfig: RATIS/THREE, State:ALLOCATED, leaderId:ab82d630-dee7-4177-af41-1c16b6b55497, CreationTimestamp2022-04-28T13:45:26.811Z[Etc/UTC]] moved to OPEN state
2022-04-28 13:45:49,891 [ab82d630-dee7-4177-af41-1c16b6b55497@group-715227EE14BA-LeaderElection27] INFO  impl.RoleInfo (RoleInfo.java:updateAndGet(130)) - ab82d630-dee7-4177-af41-1c16b6b55497: start ab82d630-dee7-4177-af41-1c16b6b55497@group-715227EE14BA-LeaderStateImpl
2022-04-28 13:45:49,891 [ab82d630-dee7-4177-af41-1c16b6b55497@group-715227EE14BA-LeaderElection27] INFO  segmented.SegmentedRaftLogWorker (SegmentedRaftLogWorker.java:startLogSegment(394)) - ab82d630-dee7-4177-af41-1c16b6b55497@group-715227EE14BA-SegmentedRaftLogWorker: Starting segment from index:0
2022-04-28 13:45:49,892 [ab82d630-dee7-4177-af41-1c16b6b55497@group-715227EE14BA-SegmentedRaftLogWorker] INFO  segmented.SegmentedRaftLogWorker (SegmentedRaftLogWorker.java:execute(601)) - ab82d630-dee7-4177-af41-1c16b6b55497@group-715227EE14BA-SegmentedRaftLogWorker: created new log segment /home/runner/work/ozone/ozone/hadoop-ozone/integration-test/target/test-dir/MiniOzoneClusterImpl-961b773a-55ec-4776-b588-5de87e184680/datanode-3/data/ratis/c073acfe-daac-41f7-b1ad-715227ee14ba/current/log_inprogress_0
2022-04-28 13:45:49,902 [grpc-default-executor-1] INFO  ratis.XceiverServerRatis (XceiverServerRatis.java:handleLeaderChangedNotification(863)) - Leader change notification received for group: group-715227EE14BA with new leaderId: ab82d630-dee7-4177-af41-1c16b6b55497
2022-04-28 13:45:49,902 [grpc-default-executor-1] INFO  server.RaftServer$Division (ServerState.java:setLeader(285)) - ed14f577-cd6a-4282-b253-bcfbdf05676a@group-715227EE14BA: change Leader from null to ab82d630-dee7-4177-af41-1c16b6b55497 at term 4 for appendEntries, leader elected after 20530ms
2022-04-28 13:45:49,904 [grpc-default-executor-2] INFO  ratis.XceiverServerRatis (XceiverServerRatis.java:handleLeaderChangedNotification(863)) - Leader change notification received for group: group-715227EE14BA with new leaderId: ab82d630-dee7-4177-af41-1c16b6b55497
2022-04-28 13:45:49,904 [grpc-default-executor-2] INFO  server.RaftServer$Division (ServerState.java:setLeader(285)) - 4f6314c6-5f1e-418e-9cab-9d7da23e485e@group-715227EE14BA: change Leader from null to ab82d630-dee7-4177-af41-1c16b6b55497 at term 4 for appendEntries, leader elected after 20557ms
2022-04-28 13:45:49,914 [ab82d630-dee7-4177-af41-1c16b6b55497@group-715227EE14BA-LeaderElection27] INFO  server.RaftServer$Division (ServerState.java:setRaftConf(387)) - ab82d630-dee7-4177-af41-1c16b6b55497@group-715227EE14BA: set configuration 0: [4f6314c6-5f1e-418e-9cab-9d7da23e485e|rpc:10.1.0.6:33597|dataStream:|priority:0, ab82d630-dee7-4177-af41-1c16b6b55497|rpc:10.1.0.6:33355|dataStream:|priority:1, ed14f577-cd6a-4282-b253-bcfbdf05676a|rpc:10.1.0.6:43755|dataStream:|priority:0], old=null
2022-04-28 13:45:49,914 [grpc-default-executor-1] INFO  server.RaftServer$Division (ServerState.java:setRaftConf(387)) - ed14f577-cd6a-4282-b253-bcfbdf05676a@group-715227EE14BA: set configuration 0: [4f6314c6-5f1e-418e-9cab-9d7da23e485e|rpc:10.1.0.6:33597|dataStream:|priority:0, ab82d630-dee7-4177-af41-1c16b6b55497|rpc:10.1.0.6:33355|dataStream:|priority:1, ed14f577-cd6a-4282-b253-bcfbdf05676a|rpc:10.1.0.6:43755|dataStream:|priority:0], old=null
2022-04-28 13:45:49,915 [grpc-default-executor-1] INFO  segmented.SegmentedRaftLogWorker (SegmentedRaftLogWorker.java:startLogSegment(394)) - ed14f577-cd6a-4282-b253-bcfbdf05676a@group-715227EE14BA-SegmentedRaftLogWorker: Starting segment from index:0
2022-04-28 13:45:49,916 [ed14f577-cd6a-4282-b253-bcfbdf05676a@group-715227EE14BA-SegmentedRaftLogWorker] INFO  segmented.SegmentedRaftLogWorker (SegmentedRaftLogWorker.java:execute(601)) - ed14f577-cd6a-4282-b253-bcfbdf05676a@group-715227EE14BA-SegmentedRaftLogWorker: created new log segment /home/runner/work/ozone/ozone/hadoop-ozone/integration-test/target/test-dir/MiniOzoneClusterImpl-961b773a-55ec-4776-b588-5de87e184680/datanode-4/data/ratis/c073acfe-daac-41f7-b1ad-715227ee14ba/current/log_inprogress_0
2022-04-28 13:45:49,926 [grpc-default-executor-1] INFO  server.RaftServer$Division (ServerState.java:setRaftConf(387)) - 4f6314c6-5f1e-418e-9cab-9d7da23e485e@group-715227EE14BA: set configuration 0: [4f6314c6-5f1e-418e-9cab-9d7da23e485e|rpc:10.1.0.6:33597|dataStream:|priority:0, ab82d630-dee7-4177-af41-1c16b6b55497|rpc:10.1.0.6:33355|dataStream:|priority:1, ed14f577-cd6a-4282-b253-bcfbdf05676a|rpc:10.1.0.6:43755|dataStream:|priority:0], old=null
2022-04-28 13:45:49,927 [grpc-default-executor-1] INFO  segmented.SegmentedRaftLogWorker (SegmentedRaftLogWorker.java:startLogSegment(394)) - 4f6314c6-5f1e-418e-9cab-9d7da23e485e@group-715227EE14BA-SegmentedRaftLogWorker: Starting segment from index:0
2022-04-28 13:45:49,928 [4f6314c6-5f1e-418e-9cab-9d7da23e485e@group-715227EE14BA-SegmentedRaftLogWorker] INFO  segmented.SegmentedRaftLogWorker (SegmentedRaftLogWorker.java:execute(601)) - 4f6314c6-5f1e-418e-9cab-9d7da23e485e@group-715227EE14BA-SegmentedRaftLogWorker: created new log segment /home/runner/work/ozone/ozone/hadoop-ozone/integration-test/target/test-dir/MiniOzoneClusterImpl-961b773a-55ec-4776-b588-5de87e184680/datanode-5/data/ratis/c073acfe-daac-41f7-b1ad-715227ee14ba/current/log_inprogress_0
2022-04-28 13:45:50,748 [Listener at 127.0.0.1/38637] INFO  ozone.MiniOzoneClusterImpl (MiniOzoneClusterImpl.java:shutdown(456)) - Shutting down the Mini Ozone Cluster
2022-04-28 13:45:50,748 [Listener at 127.0.0.1/38637] INFO  ozone.MiniOzoneClusterImpl (MiniOzoneClusterImpl.java:stop(471)) - Stopping the Mini Ozone Cluster
2022-04-28 13:45:50,749 [Listener at 127.0.0.1/38637] INFO  ozone.MiniOzoneClusterImpl (MiniOzoneClusterImpl.java:stopOM(553)) - Stopping the OzoneManager
2022-04-28 13:45:50,749 [Listener at 127.0.0.1/38637] INFO  om.OzoneManager (OzoneManager.java:stop(1947)) - om1[localhost:0]: Stopping Ozone Manager
2022-04-28 13:45:50,749 [Listener at 127.0.0.1/38637] INFO  ipc.Server (Server.java:stop(3414)) - Stopping server on 38637
2022-04-28 13:45:50,756 [IPC Server listener on 0] INFO  ipc.Server (Server.java:run(1376)) - Stopping IPC Server listener on 0
2022-04-28 13:45:50,756 [IPC Server Responder] INFO  ipc.Server (Server.java:run(1512)) - Stopping IPC Server Responder
2022-04-28 13:45:50,756 [Listener at 127.0.0.1/38637] INFO  server.RaftServer (RaftServerProxy.java:lambda$close$6(391)) - om1: close
2022-04-28 13:45:50,756 [Listener at 127.0.0.1/38637] INFO  server.RaftServer$Division (RaftServerImpl.java:lambda$close$4(412)) - om1@group-C5BA1605619E: shutdown
2022-04-28 13:45:50,756 [Listener at 127.0.0.1/38637] INFO  util.JmxRegister (JmxRegister.java:unregister(73)) - Successfully un-registered JMX Bean with object name Ratis:service=RaftServer,group=group-C5BA1605619E,id=om1
2022-04-28 13:45:50,756 [Listener at 127.0.0.1/38637] INFO  impl.RoleInfo (RoleInfo.java:shutdownLeaderState(91)) - om1: shutdown om1@group-C5BA1605619E-LeaderStateImpl
2022-04-28 13:45:50,757 [Listener at 127.0.0.1/38637] INFO  impl.PendingRequests (PendingRequests.java:sendNotLeaderResponses(282)) - om1@group-C5BA1605619E-PendingRequests: sendNotLeaderResponses
2022-04-28 13:45:50,759 [om1@group-C5BA1605619E-StateMachineUpdater] INFO  ratis.OzoneManagerStateMachine (OzoneManagerStateMachine.java:takeSnapshot(426)) - Current Snapshot Index (t:1, i:4)
2022-04-28 13:45:50,760 [om1@group-C5BA1605619E-StateMachineUpdater] INFO  impl.StateMachineUpdater (StateMachineUpdater.java:takeSnapshot(281)) - om1@group-C5BA1605619E-StateMachineUpdater: Took a snapshot at index 4
2022-04-28 13:45:50,760 [om1@group-C5BA1605619E-StateMachineUpdater] INFO  impl.StateMachineUpdater (StateMachineUpdater.java:lambda$new$0(89)) - om1@group-C5BA1605619E-StateMachineUpdater: snapshotIndex: updateIncreasingly -1 -> 4
2022-04-28 13:45:50,760 [om1@group-C5BA1605619E-StateMachineUpdater] INFO  ratis.OzoneManagerStateMachine (OzoneManagerStateMachine.java:close(480)) - StateMachine has shutdown. Shutdown OzoneManager if not already shutdown.
2022-04-28 13:45:50,760 [om1@group-C5BA1605619E-StateMachineUpdater] INFO  ratis.OzoneManagerDoubleBuffer (OzoneManagerDoubleBuffer.java:stop(466)) - Stopping OMDoubleBuffer flush thread
2022-04-28 13:45:50,761 [Listener at 127.0.0.1/38637] INFO  impl.StateMachineUpdater (StateMachineUpdater.java:stopAndJoin(149)) - om1@group-C5BA1605619E-StateMachineUpdater: set stopIndex = 4
2022-04-28 13:45:50,760 [OMDoubleBufferFlushThread] INFO  ratis.OzoneManagerDoubleBuffer (OzoneManagerDoubleBuffer.java:flushTransactions(385)) - OMDoubleBuffer flush thread OMDoubleBufferFlushThread is interrupted and will exit. OMDoubleBufferFlushThread
2022-04-28 13:45:50,762 [Listener at 127.0.0.1/38637] INFO  server.RaftServer$Division (ServerState.java:close(419)) - om1@group-C5BA1605619E: closes. applyIndex: 4
2022-04-28 13:45:50,763 [om1@group-C5BA1605619E-SegmentedRaftLogWorker] INFO  segmented.SegmentedRaftLogWorker (SegmentedRaftLogWorker.java:run(327)) - om1@group-C5BA1605619E-SegmentedRaftLogWorker was interrupted, exiting. There are 0 tasks remaining in the queue.
2022-04-28 13:45:50,764 [Listener at 127.0.0.1/38637] INFO  segmented.SegmentedRaftLogWorker (SegmentedRaftLogWorker.java:close(237)) - om1@group-C5BA1605619E-SegmentedRaftLogWorker close()
2022-04-28 13:45:50,765 [Listener at 127.0.0.1/38637] INFO  server.GrpcService (GrpcService.java:closeImpl(262)) - om1: shutdown server with port 9872 now
2022-04-28 13:45:50,765 [Listener at 127.0.0.1/38637] INFO  server.GrpcService (GrpcService.java:closeImpl(271)) - om1: shutdown server with port 9872 successfully
2022-04-28 13:45:50,765 [org.apache.ratis.util.JvmPauseMonitor$$Lambda$468/1104361616@3afce4e] INFO  util.JvmPauseMonitor (JvmPauseMonitor.java:run(109)) - JvmPauseMonitor-om1: Stopped
2022-04-28 13:45:50,765 [Listener at 127.0.0.1/38637] INFO  ratis.OzoneManagerStateMachine (OzoneManagerStateMachine.java:close(480)) - StateMachine has shutdown. Shutdown OzoneManager if not already shutdown.
2022-04-28 13:45:50,766 [Listener at 127.0.0.1/38637] INFO  ratis.OzoneManagerDoubleBuffer (OzoneManagerDoubleBuffer.java:stop(478)) - OMDoubleBuffer flush thread is not running.
2022-04-28 13:45:50,766 [Listener at 127.0.0.1/38637] INFO  utils.BackgroundService (BackgroundService.java:shutdown(132)) - Shutting down service KeyDeletingService
2022-04-28 13:45:50,766 [Listener at 127.0.0.1/38637] INFO  utils.BackgroundService (BackgroundService.java:shutdown(132)) - Shutting down service DirectoryDeletingService
2022-04-28 13:45:50,768 [Listener at 127.0.0.1/38637] INFO  handler.ContextHandler (ContextHandler.java:doStop(1153)) - Stopped o.e.j.w.WebAppContext@6df75e68{ozoneManager,/,null,STOPPED}{file:/home/runner/work/ozone/ozone/hadoop-ozone/integration-test/target/test-classes/webapps/ozoneManager}
2022-04-28 13:45:50,772 [Listener at 127.0.0.1/38637] INFO  server.AbstractConnector (AbstractConnector.java:doStop(381)) - Stopped ServerConnector@10ae19c8{HTTP/1.1, (http/1.1)}{0.0.0.0:0}
2022-04-28 13:45:50,773 [Listener at 127.0.0.1/38637] INFO  server.session (HouseKeeper.java:stopScavenging(149)) - node0 Stopped scavenging
2022-04-28 13:45:50,773 [Listener at 127.0.0.1/38637] INFO  handler.ContextHandler (ContextHandler.java:doStop(1153)) - Stopped o.e.j.s.ServletContextHandler@337cbca8{static,/static,file:///home/runner/work/ozone/ozone/hadoop-ozone/integration-test/target/test-classes/webapps/static,STOPPED}
2022-04-28 13:45:50,773 [Listener at 127.0.0.1/38637] INFO  handler.ContextHandler (ContextHandler.java:doStop(1153)) - Stopped o.e.j.s.ServletContextHandler@1aa13e39{logs,/logs,file:///home/runner/work/ozone/ozone/hadoop-ozone/integration-test/target/log,STOPPED}
2022-04-28 13:45:50,776 [Listener at 127.0.0.1/38637] INFO  ozone.MiniOzoneClusterImpl (MiniOzoneClusterImpl.java:stopDatanodes(530)) - Stopping the HddsDatanodes
2022-04-28 13:45:54,733 [5f73a725-0f40-4029-8a7b-0ac4f52c09c7@group-C4D4B86834AA-FollowerState] INFO  impl.FollowerState (FollowerState.java:run(134)) - 5f73a725-0f40-4029-8a7b-0ac4f52c09c7@group-C4D4B86834AA-FollowerState: change to CANDIDATE, lastRpcElapsedTime:5091485095ns, electionTimeout:5089ms
2022-04-28 13:45:54,733 [5f73a725-0f40-4029-8a7b-0ac4f52c09c7@group-C4D4B86834AA-FollowerState] INFO  impl.RoleInfo (RoleInfo.java:shutdownFollowerState(108)) - 5f73a725-0f40-4029-8a7b-0ac4f52c09c7: shutdown 5f73a725-0f40-4029-8a7b-0ac4f52c09c7@group-C4D4B86834AA-FollowerState
2022-04-28 13:45:54,733 [5f73a725-0f40-4029-8a7b-0ac4f52c09c7@group-C4D4B86834AA-FollowerState] INFO  server.RaftServer$Division (RaftServerImpl.java:setRole(290)) - 5f73a725-0f40-4029-8a7b-0ac4f52c09c7@group-C4D4B86834AA: changes role from  FOLLOWER to CANDIDATE at term 5 for changeToCandidate
2022-04-28 13:45:54,733 [5f73a725-0f40-4029-8a7b-0ac4f52c09c7@group-C4D4B86834AA-FollowerState] INFO  server.RaftServerConfigKeys (ConfUtils.java:logGet(44)) - raft.server.leaderelection.pre-vote = false (custom)
2022-04-28 13:45:54,733 [5f73a725-0f40-4029-8a7b-0ac4f52c09c7@group-C4D4B86834AA-FollowerState] INFO  impl.RoleInfo (RoleInfo.java:updateAndGet(130)) - 5f73a725-0f40-4029-8a7b-0ac4f52c09c7: start 5f73a725-0f40-4029-8a7b-0ac4f52c09c7@group-C4D4B86834AA-LeaderElection28
2022-04-28 13:45:54,742 [5f73a725-0f40-4029-8a7b-0ac4f52c09c7@group-C4D4B86834AA-LeaderElection28] INFO  impl.LeaderElection (LeaderElection.java:askForVotes(306)) - 5f73a725-0f40-4029-8a7b-0ac4f52c09c7@group-C4D4B86834AA-LeaderElection28 ELECTION round 0: submit vote requests at term 6 for 0: [ab92dd13-3a3c-494a-a601-0001755b8ba9|rpc:10.1.0.6:38077|dataStream:|priority:0, 5f73a725-0f40-4029-8a7b-0ac4f52c09c7|rpc:10.1.0.6:38783|dataStream:|priority:1, 0560cff9-c55c-4a15-aea8-16ef2e8911e2|rpc:10.1.0.6:37139|dataStream:|priority:0], old=null
2022-04-28 13:45:54,744 [grpc-default-executor-0] INFO  server.RaftServer$Division (RaftServerImpl.java:requestVote(1046)) - ab92dd13-3a3c-494a-a601-0001755b8ba9@group-C4D4B86834AA: receive requestVote(ELECTION, 5f73a725-0f40-4029-8a7b-0ac4f52c09c7, group-C4D4B86834AA, 6, (t:2, i:0))
2022-04-28 13:45:54,744 [grpc-default-executor-0] INFO  impl.VoteContext (VoteContext.java:log(48)) - ab92dd13-3a3c-494a-a601-0001755b8ba9@group-C4D4B86834AA-FOLLOWER: accept ELECTION from 5f73a725-0f40-4029-8a7b-0ac4f52c09c7: our last entry null < candidate's last entry (t:2, i:0)
2022-04-28 13:45:54,744 [grpc-default-executor-0] INFO  server.RaftServer$Division (RaftServerImpl.java:setRole(290)) - ab92dd13-3a3c-494a-a601-0001755b8ba9@group-C4D4B86834AA: changes role from  FOLLOWER to FOLLOWER at term 6 for candidate:5f73a725-0f40-4029-8a7b-0ac4f52c09c7
2022-04-28 13:45:54,744 [grpc-default-executor-0] INFO  impl.RoleInfo (RoleInfo.java:shutdownFollowerState(108)) - ab92dd13-3a3c-494a-a601-0001755b8ba9: shutdown ab92dd13-3a3c-494a-a601-0001755b8ba9@group-C4D4B86834AA-FollowerState
2022-04-28 13:45:54,744 [grpc-default-executor-0] INFO  impl.RoleInfo (RoleInfo.java:updateAndGet(130)) - ab92dd13-3a3c-494a-a601-0001755b8ba9: start ab92dd13-3a3c-494a-a601-0001755b8ba9@group-C4D4B86834AA-FollowerState
2022-04-28 13:45:54,745 [ab92dd13-3a3c-494a-a601-0001755b8ba9@group-C4D4B86834AA-FollowerState] INFO  impl.FollowerState (FollowerState.java:run(143)) - ab92dd13-3a3c-494a-a601-0001755b8ba9@group-C4D4B86834AA-FollowerState was interrupted: {}
java.lang.InterruptedException: sleep interrupted
	at java.lang.Thread.sleep(Native Method)
	at java.lang.Thread.sleep(Thread.java:342)
	at java.util.concurrent.TimeUnit.sleep(TimeUnit.java:386)
	at org.apache.ratis.util.TimeDuration.sleep(TimeDuration.java:324)
	at org.apache.ratis.util.TimeDuration.sleep(TimeDuration.java:309)
	at org.apache.ratis.server.impl.FollowerState.run(FollowerState.java:118)
2022-04-28 13:45:54,746 [grpc-default-executor-0] INFO  server.RaftServer$Division (RaftServerImpl.java:requestVote(1078)) - ab92dd13-3a3c-494a-a601-0001755b8ba9@group-C4D4B86834AA replies to ELECTION vote request: 5f73a725-0f40-4029-8a7b-0ac4f52c09c7<-ab92dd13-3a3c-494a-a601-0001755b8ba9#0:OK-t6. Peer's state: ab92dd13-3a3c-494a-a601-0001755b8ba9@group-C4D4B86834AA:t6, leader=null, voted=5f73a725-0f40-4029-8a7b-0ac4f52c09c7, raftlog=ab92dd13-3a3c-494a-a601-0001755b8ba9@group-C4D4B86834AA-SegmentedRaftLog:OPENED:c-1, conf=-1: [ab92dd13-3a3c-494a-a601-0001755b8ba9|rpc:10.1.0.6:38077|priority:0, 5f73a725-0f40-4029-8a7b-0ac4f52c09c7|rpc:10.1.0.6:38783|priority:1, 0560cff9-c55c-4a15-aea8-16ef2e8911e2|rpc:10.1.0.6:37139|priority:0], old=null
2022-04-28 13:45:54,749 [grpc-default-executor-3] INFO  server.RaftServer$Division (RaftServerImpl.java:requestVote(1046)) - 0560cff9-c55c-4a15-aea8-16ef2e8911e2@group-C4D4B86834AA: receive requestVote(ELECTION, 5f73a725-0f40-4029-8a7b-0ac4f52c09c7, group-C4D4B86834AA, 6, (t:2, i:0))
2022-04-28 13:45:54,749 [grpc-default-executor-3] INFO  impl.VoteContext (VoteContext.java:log(48)) - 0560cff9-c55c-4a15-aea8-16ef2e8911e2@group-C4D4B86834AA-FOLLOWER: accept ELECTION from 5f73a725-0f40-4029-8a7b-0ac4f52c09c7: our last entry null < candidate's last entry (t:2, i:0)
2022-04-28 13:45:54,749 [grpc-default-executor-3] INFO  server.RaftServer$Division (RaftServerImpl.java:setRole(290)) - 0560cff9-c55c-4a15-aea8-16ef2e8911e2@group-C4D4B86834AA: changes role from  FOLLOWER to FOLLOWER at term 6 for candidate:5f73a725-0f40-4029-8a7b-0ac4f52c09c7
2022-04-28 13:45:54,749 [grpc-default-executor-3] INFO  impl.RoleInfo (RoleInfo.java:shutdownFollowerState(108)) - 0560cff9-c55c-4a15-aea8-16ef2e8911e2: shutdown 0560cff9-c55c-4a15-aea8-16ef2e8911e2@group-C4D4B86834AA-FollowerState
2022-04-28 13:45:54,749 [grpc-default-executor-3] INFO  impl.RoleInfo (RoleInfo.java:updateAndGet(130)) - 0560cff9-c55c-4a15-aea8-16ef2e8911e2: start 0560cff9-c55c-4a15-aea8-16ef2e8911e2@group-C4D4B86834AA-FollowerState
2022-04-28 13:45:54,749 [0560cff9-c55c-4a15-aea8-16ef2e8911e2@group-C4D4B86834AA-FollowerState] INFO  impl.FollowerState (FollowerState.java:run(143)) - 0560cff9-c55c-4a15-aea8-16ef2e8911e2@group-C4D4B86834AA-FollowerState was interrupted: {}
java.lang.InterruptedException: sleep interrupted
	at java.lang.Thread.sleep(Native Method)
	at java.lang.Thread.sleep(Thread.java:342)
	at java.util.concurrent.TimeUnit.sleep(TimeUnit.java:386)
	at org.apache.ratis.util.TimeDuration.sleep(TimeDuration.java:324)
	at org.apache.ratis.util.TimeDuration.sleep(TimeDuration.java:309)
	at org.apache.ratis.server.impl.FollowerState.run(FollowerState.java:118)
2022-04-28 13:45:54,752 [5f73a725-0f40-4029-8a7b-0ac4f52c09c7@group-C4D4B86834AA-LeaderElection28] INFO  impl.LeaderElection (LeaderElection.java:logAndReturn(89)) - 5f73a725-0f40-4029-8a7b-0ac4f52c09c7@group-C4D4B86834AA-LeaderElection28: ELECTION PASSED received 1 response(s) and 0 exception(s):
2022-04-28 13:45:54,752 [5f73a725-0f40-4029-8a7b-0ac4f52c09c7@group-C4D4B86834AA-LeaderElection28] INFO  impl.LeaderElection (LeaderElection.java:logAndReturn(93)) -   Response 0: 5f73a725-0f40-4029-8a7b-0ac4f52c09c7<-ab92dd13-3a3c-494a-a601-0001755b8ba9#0:OK-t6
2022-04-28 13:45:54,752 [5f73a725-0f40-4029-8a7b-0ac4f52c09c7@group-C4D4B86834AA-LeaderElection28] INFO  impl.LeaderElection (LeaderElection.java:askForVotes(308)) - 5f73a725-0f40-4029-8a7b-0ac4f52c09c7@group-C4D4B86834AA-LeaderElection28 ELECTION round 0: result PASSED
2022-04-28 13:45:54,752 [5f73a725-0f40-4029-8a7b-0ac4f52c09c7@group-C4D4B86834AA-LeaderElection28] INFO  impl.RoleInfo (RoleInfo.java:shutdownLeaderElection(121)) - 5f73a725-0f40-4029-8a7b-0ac4f52c09c7: shutdown 5f73a725-0f40-4029-8a7b-0ac4f52c09c7@group-C4D4B86834AA-LeaderElection28
2022-04-28 13:45:54,753 [5f73a725-0f40-4029-8a7b-0ac4f52c09c7@group-C4D4B86834AA-LeaderElection28] INFO  server.RaftServer$Division (RaftServerImpl.java:setRole(290)) - 5f73a725-0f40-4029-8a7b-0ac4f52c09c7@group-C4D4B86834AA: changes role from CANDIDATE to LEADER at term 6 for changeToLeader
2022-04-28 13:45:54,753 [5f73a725-0f40-4029-8a7b-0ac4f52c09c7@group-C4D4B86834AA-LeaderElection28] INFO  ratis.XceiverServerRatis (XceiverServerRatis.java:handleLeaderChangedNotification(863)) - Leader change notification received for group: group-C4D4B86834AA with new leaderId: 5f73a725-0f40-4029-8a7b-0ac4f52c09c7
2022-04-28 13:45:54,753 [5f73a725-0f40-4029-8a7b-0ac4f52c09c7@group-C4D4B86834AA-LeaderElection28] INFO  server.RaftServer$Division (ServerState.java:setLeader(285)) - 5f73a725-0f40-4029-8a7b-0ac4f52c09c7@group-C4D4B86834AA: change Leader from null to 5f73a725-0f40-4029-8a7b-0ac4f52c09c7 at term 6 for becomeLeader, leader elected after 15469ms
2022-04-28 13:45:54,753 [5f73a725-0f40-4029-8a7b-0ac4f52c09c7@group-C4D4B86834AA-LeaderElection28] INFO  server.RaftServerConfigKeys (ConfUtils.java:logGet(44)) - raft.server.staging.catchup.gap = 1000 (default)
2022-04-28 13:45:54,753 [5f73a725-0f40-4029-8a7b-0ac4f52c09c7@group-C4D4B86834AA-LeaderElection28] INFO  server.RaftServerConfigKeys (ConfUtils.java:logGet(44)) - raft.server.write.element-limit = 1024 (custom)
2022-04-28 13:45:54,753 [5f73a725-0f40-4029-8a7b-0ac4f52c09c7@group-C4D4B86834AA-LeaderElection28] INFO  server.RaftServerConfigKeys (ConfUtils.java:logGet(44)) - raft.server.write.byte-limit = 1024 M (=1073741824) (custom)
2022-04-28 13:45:54,753 [5f73a725-0f40-4029-8a7b-0ac4f52c09c7@group-C4D4B86834AA-LeaderElection28] INFO  server.RaftServerConfigKeys (ConfUtils.java:logGet(44)) - raft.server.watch.timeout = 3000ms (custom)
2022-04-28 13:45:54,753 [5f73a725-0f40-4029-8a7b-0ac4f52c09c7@group-C4D4B86834AA-LeaderElection28] INFO  server.RaftServerConfigKeys (ConfUtils.java:logGet(44)) - raft.server.watch.timeout.denomination = 1s (default)
2022-04-28 13:45:54,753 [5f73a725-0f40-4029-8a7b-0ac4f52c09c7@group-C4D4B86834AA-LeaderElection28] INFO  server.RaftServerConfigKeys (ConfUtils.java:logGet(44)) - raft.server.watch.element-limit = 65536 (default)
2022-04-28 13:45:54,754 [5f73a725-0f40-4029-8a7b-0ac4f52c09c7@group-C4D4B86834AA-LeaderElection28] INFO  server.RaftServerConfigKeys (ConfUtils.java:logGet(44)) - raft.server.write.element-limit = 1024 (custom)
2022-04-28 13:45:54,754 [5f73a725-0f40-4029-8a7b-0ac4f52c09c7@group-C4D4B86834AA-LeaderElection28] INFO  server.RaftServerConfigKeys (ConfUtils.java:logGet(44)) - raft.server.write.follower.gap.ratio.max = -1.0 (default)
2022-04-28 13:45:54,754 [5f73a725-0f40-4029-8a7b-0ac4f52c09c7@group-C4D4B86834AA-LeaderElection28] INFO  server.RaftServerConfigKeys (ConfUtils.java:logGet(44)) - raft.server.log.appender.snapshot.chunk.size.max = 16MB (=16777216) (default)
2022-04-28 13:45:54,754 [5f73a725-0f40-4029-8a7b-0ac4f52c09c7@group-C4D4B86834AA-LeaderElection28] INFO  server.RaftServerConfigKeys (ConfUtils.java:logGet(44)) - raft.server.log.appender.buffer.byte-limit = 33554432 (custom)
2022-04-28 13:45:54,754 [5f73a725-0f40-4029-8a7b-0ac4f52c09c7@group-C4D4B86834AA-LeaderElection28] INFO  server.RaftServerConfigKeys (ConfUtils.java:logGet(44)) - raft.server.log.appender.buffer.element-limit = 1 (custom)
2022-04-28 13:45:54,754 [5f73a725-0f40-4029-8a7b-0ac4f52c09c7@group-C4D4B86834AA-LeaderElection28] INFO  grpc.GrpcConfigKeys (ConfUtils.java:logGet(44)) - raft.grpc.server.leader.outstanding.appends.max = 128 (default)
2022-04-28 13:45:54,754 [5f73a725-0f40-4029-8a7b-0ac4f52c09c7@group-C4D4B86834AA-LeaderElection28] INFO  server.RaftServerConfigKeys (ConfUtils.java:logGet(44)) - raft.server.rpc.request.timeout = 3000ms (default)
2022-04-28 13:45:54,754 [5f73a725-0f40-4029-8a7b-0ac4f52c09c7@group-C4D4B86834AA-LeaderElection28] INFO  server.RaftServerConfigKeys (ConfUtils.java:logGet(44)) - raft.server.log.appender.install.snapshot.enabled = false (custom)
2022-04-28 13:45:54,754 [5f73a725-0f40-4029-8a7b-0ac4f52c09c7@group-C4D4B86834AA-LeaderElection28] INFO  server.RaftServerConfigKeys (ConfUtils.java:logGet(44)) - raft.server.log.appender.snapshot.chunk.size.max = 16MB (=16777216) (default)
2022-04-28 13:45:54,755 [5f73a725-0f40-4029-8a7b-0ac4f52c09c7@group-C4D4B86834AA-LeaderElection28] INFO  server.RaftServerConfigKeys (ConfUtils.java:logGet(44)) - raft.server.log.appender.buffer.byte-limit = 33554432 (custom)
2022-04-28 13:45:54,755 [5f73a725-0f40-4029-8a7b-0ac4f52c09c7@group-C4D4B86834AA-LeaderElection28] INFO  server.RaftServerConfigKeys (ConfUtils.java:logGet(44)) - raft.server.log.appender.buffer.element-limit = 1 (custom)
2022-04-28 13:45:54,755 [5f73a725-0f40-4029-8a7b-0ac4f52c09c7@group-C4D4B86834AA-LeaderElection28] INFO  grpc.GrpcConfigKeys (ConfUtils.java:logGet(44)) - raft.grpc.server.leader.outstanding.appends.max = 128 (default)
2022-04-28 13:45:54,755 [5f73a725-0f40-4029-8a7b-0ac4f52c09c7@group-C4D4B86834AA-LeaderElection28] INFO  server.RaftServerConfigKeys (ConfUtils.java:logGet(44)) - raft.server.rpc.request.timeout = 3000ms (default)
2022-04-28 13:45:54,755 [5f73a725-0f40-4029-8a7b-0ac4f52c09c7@group-C4D4B86834AA-LeaderElection28] INFO  server.RaftServerConfigKeys (ConfUtils.java:logGet(44)) - raft.server.log.appender.install.snapshot.enabled = false (custom)
2022-04-28 13:45:54,755 [5f73a725-0f40-4029-8a7b-0ac4f52c09c7@group-C4D4B86834AA-LeaderElection28] INFO  impl.RoleInfo (RoleInfo.java:updateAndGet(130)) - 5f73a725-0f40-4029-8a7b-0ac4f52c09c7: start 5f73a725-0f40-4029-8a7b-0ac4f52c09c7@group-C4D4B86834AA-LeaderStateImpl
2022-04-28 13:45:54,755 [5f73a725-0f40-4029-8a7b-0ac4f52c09c7@group-C4D4B86834AA-LeaderElection28] INFO  segmented.SegmentedRaftLogWorker (SegmentedRaftLogWorker.java:rollLogSegment(399)) - 5f73a725-0f40-4029-8a7b-0ac4f52c09c7@group-C4D4B86834AA-SegmentedRaftLogWorker: Rolling segment log-0_0 to index:0
2022-04-28 13:45:54,756 [5f73a725-0f40-4029-8a7b-0ac4f52c09c7@group-C4D4B86834AA-SegmentedRaftLogWorker] INFO  segmented.SegmentedRaftLogWorker (SegmentedRaftLogWorker.java:execute(558)) - 5f73a725-0f40-4029-8a7b-0ac4f52c09c7@group-C4D4B86834AA-SegmentedRaftLogWorker: Rolled log segment from /home/runner/work/ozone/ozone/hadoop-ozone/integration-test/target/test-dir/MiniOzoneClusterImpl-961b773a-55ec-4776-b588-5de87e184680/datanode-0/data/ratis/a10d4922-b902-4d8b-9c45-c4d4b86834aa/current/log_inprogress_0 to /home/runner/work/ozone/ozone/hadoop-ozone/integration-test/target/test-dir/MiniOzoneClusterImpl-961b773a-55ec-4776-b588-5de87e184680/datanode-0/data/ratis/a10d4922-b902-4d8b-9c45-c4d4b86834aa/current/log_0-0
2022-04-28 13:45:54,757 [5f73a725-0f40-4029-8a7b-0ac4f52c09c7@group-C4D4B86834AA-SegmentedRaftLogWorker] INFO  segmented.SegmentedRaftLogWorker (SegmentedRaftLogWorker.java:execute(601)) - 5f73a725-0f40-4029-8a7b-0ac4f52c09c7@group-C4D4B86834AA-SegmentedRaftLogWorker: created new log segment /home/runner/work/ozone/ozone/hadoop-ozone/integration-test/target/test-dir/MiniOzoneClusterImpl-961b773a-55ec-4776-b588-5de87e184680/datanode-0/data/ratis/a10d4922-b902-4d8b-9c45-c4d4b86834aa/current/log_inprogress_1
2022-04-28 13:45:54,760 [5f73a725-0f40-4029-8a7b-0ac4f52c09c7@group-C4D4B86834AA-LeaderElection28] INFO  server.RaftServer$Division (ServerState.java:setRaftConf(387)) - 5f73a725-0f40-4029-8a7b-0ac4f52c09c7@group-C4D4B86834AA: set configuration 1: [ab92dd13-3a3c-494a-a601-0001755b8ba9|rpc:10.1.0.6:38077|dataStream:|priority:0, 5f73a725-0f40-4029-8a7b-0ac4f52c09c7|rpc:10.1.0.6:38783|dataStream:|priority:1, 0560cff9-c55c-4a15-aea8-16ef2e8911e2|rpc:10.1.0.6:37139|dataStream:|priority:0], old=null
2022-04-28 13:45:54,761 [grpc-default-executor-3] INFO  server.RaftServer$Division (RaftServerImpl.java:requestVote(1078)) - 0560cff9-c55c-4a15-aea8-16ef2e8911e2@group-C4D4B86834AA replies to ELECTION vote request: 5f73a725-0f40-4029-8a7b-0ac4f52c09c7<-0560cff9-c55c-4a15-aea8-16ef2e8911e2#0:OK-t6. Peer's state: 0560cff9-c55c-4a15-aea8-16ef2e8911e2@group-C4D4B86834AA:t6, leader=null, voted=5f73a725-0f40-4029-8a7b-0ac4f52c09c7, raftlog=0560cff9-c55c-4a15-aea8-16ef2e8911e2@group-C4D4B86834AA-SegmentedRaftLog:OPENED:c-1, conf=-1: [ab92dd13-3a3c-494a-a601-0001755b8ba9|rpc:10.1.0.6:38077|priority:0, 5f73a725-0f40-4029-8a7b-0ac4f52c09c7|rpc:10.1.0.6:38783|priority:1, 0560cff9-c55c-4a15-aea8-16ef2e8911e2|rpc:10.1.0.6:37139|priority:0], old=null
2022-04-28 13:45:54,765 [grpc-default-executor-3] INFO  ratis.XceiverServerRatis (XceiverServerRatis.java:handleLeaderChangedNotification(863)) - Leader change notification received for group: group-C4D4B86834AA with new leaderId: 5f73a725-0f40-4029-8a7b-0ac4f52c09c7
2022-04-28 13:45:54,765 [grpc-default-executor-3] INFO  server.RaftServer$Division (ServerState.java:setLeader(285)) - ab92dd13-3a3c-494a-a601-0001755b8ba9@group-C4D4B86834AA: change Leader from null to 5f73a725-0f40-4029-8a7b-0ac4f52c09c7 at term 6 for appendEntries, leader elected after 25825ms
2022-04-28 13:45:54,765 [grpc-default-executor-3] INFO  server.RaftServer$Division (RaftServerImpl.java:checkInconsistentAppendEntries(1322)) - ab92dd13-3a3c-494a-a601-0001755b8ba9@group-C4D4B86834AA: Failed appendEntries as previous log entry ((t:2, i:0)) is not found
2022-04-28 13:45:54,765 [grpc-default-executor-0] INFO  ratis.XceiverServerRatis (XceiverServerRatis.java:handleLeaderChangedNotification(863)) - Leader change notification received for group: group-C4D4B86834AA with new leaderId: 5f73a725-0f40-4029-8a7b-0ac4f52c09c7
2022-04-28 13:45:54,765 [grpc-default-executor-0] INFO  server.RaftServer$Division (ServerState.java:setLeader(285)) - 0560cff9-c55c-4a15-aea8-16ef2e8911e2@group-C4D4B86834AA: change Leader from null to 5f73a725-0f40-4029-8a7b-0ac4f52c09c7 at term 6 for appendEntries, leader elected after 25764ms
2022-04-28 13:45:54,765 [grpc-default-executor-0] INFO  server.RaftServer$Division (RaftServerImpl.java:checkInconsistentAppendEntries(1322)) - 0560cff9-c55c-4a15-aea8-16ef2e8911e2@group-C4D4B86834AA: Failed appendEntries as previous log entry ((t:2, i:0)) is not found
2022-04-28 13:45:54,765 [grpc-default-executor-0] INFO  server.RaftServer$Division (RaftServerImpl.java:checkInconsistentAppendEntries(1288)) - 0560cff9-c55c-4a15-aea8-16ef2e8911e2@group-C4D4B86834AA: inconsistency entries. Reply:5f73a725-0f40-4029-8a7b-0ac4f52c09c7<-0560cff9-c55c-4a15-aea8-16ef2e8911e2#0:FAIL-t6,INCONSISTENCY,nextIndex=0,followerCommit=-1
2022-04-28 13:45:54,765 [grpc-default-executor-3] INFO  server.RaftServer$Division (RaftServerImpl.java:checkInconsistentAppendEntries(1288)) - ab92dd13-3a3c-494a-a601-0001755b8ba9@group-C4D4B86834AA: inconsistency entries. Reply:5f73a725-0f40-4029-8a7b-0ac4f52c09c7<-ab92dd13-3a3c-494a-a601-0001755b8ba9#0:FAIL-t6,INCONSISTENCY,nextIndex=0,followerCommit=-1
2022-04-28 13:45:54,768 [grpc-default-executor-0] INFO  leader.FollowerInfo (FollowerInfoImpl.java:lambda$new$0(47)) - 5f73a725-0f40-4029-8a7b-0ac4f52c09c7@group-C4D4B86834AA->ab92dd13-3a3c-494a-a601-0001755b8ba9: nextIndex: updateUnconditionally 2 -> 0
2022-04-28 13:45:54,774 [grpc-default-executor-3] INFO  leader.FollowerInfo (FollowerInfoImpl.java:lambda$new$0(47)) - 5f73a725-0f40-4029-8a7b-0ac4f52c09c7@group-C4D4B86834AA->0560cff9-c55c-4a15-aea8-16ef2e8911e2: nextIndex: updateUnconditionally 2 -> 0
2022-04-28 13:45:54,774 [grpc-default-executor-0] INFO  server.RaftServer$Division (RaftServerImpl.java:checkInconsistentAppendEntries(1322)) - ab92dd13-3a3c-494a-a601-0001755b8ba9@group-C4D4B86834AA: Failed appendEntries as previous log entry ((t:2, i:0)) is not found
2022-04-28 13:45:54,774 [grpc-default-executor-0] INFO  server.RaftServer$Division (RaftServerImpl.java:checkInconsistentAppendEntries(1288)) - ab92dd13-3a3c-494a-a601-0001755b8ba9@group-C4D4B86834AA: inconsistency entries. Reply:5f73a725-0f40-4029-8a7b-0ac4f52c09c7<-ab92dd13-3a3c-494a-a601-0001755b8ba9#1:FAIL-t6,INCONSISTENCY,nextIndex=0,followerCommit=-1
2022-04-28 13:45:54,778 [grpc-default-executor-1] INFO  leader.FollowerInfo (FollowerInfoImpl.java:lambda$new$0(47)) - 5f73a725-0f40-4029-8a7b-0ac4f52c09c7@group-C4D4B86834AA->ab92dd13-3a3c-494a-a601-0001755b8ba9: nextIndex: updateUnconditionally 2 -> 0
2022-04-28 13:45:54,779 [grpc-default-executor-3] INFO  server.RaftServer$Division (RaftServerImpl.java:checkInconsistentAppendEntries(1322)) - 0560cff9-c55c-4a15-aea8-16ef2e8911e2@group-C4D4B86834AA: Failed appendEntries as previous log entry ((t:2, i:0)) is not found
2022-04-28 13:45:54,779 [grpc-default-executor-3] INFO  server.RaftServer$Division (RaftServerImpl.java:checkInconsistentAppendEntries(1288)) - 0560cff9-c55c-4a15-aea8-16ef2e8911e2@group-C4D4B86834AA: inconsistency entries. Reply:5f73a725-0f40-4029-8a7b-0ac4f52c09c7<-0560cff9-c55c-4a15-aea8-16ef2e8911e2#1:FAIL-t6,INCONSISTENCY,nextIndex=0,followerCommit=-1
2022-04-28 13:45:54,781 [grpc-default-executor-3] INFO  leader.FollowerInfo (FollowerInfoImpl.java:lambda$new$0(47)) - 5f73a725-0f40-4029-8a7b-0ac4f52c09c7@group-C4D4B86834AA->0560cff9-c55c-4a15-aea8-16ef2e8911e2: nextIndex: updateUnconditionally 2 -> 0
2022-04-28 13:45:54,788 [grpc-default-executor-0] INFO  server.RaftServer$Division (ServerState.java:setRaftConf(387)) - ab92dd13-3a3c-494a-a601-0001755b8ba9@group-C4D4B86834AA: set configuration 0: [ab92dd13-3a3c-494a-a601-0001755b8ba9|rpc:10.1.0.6:38077|dataStream:|priority:0, 5f73a725-0f40-4029-8a7b-0ac4f52c09c7|rpc:10.1.0.6:38783|dataStream:|priority:1, 0560cff9-c55c-4a15-aea8-16ef2e8911e2|rpc:10.1.0.6:37139|dataStream:|priority:0], old=null
2022-04-28 13:45:54,788 [grpc-default-executor-1] INFO  server.RaftServer$Division (ServerState.java:setRaftConf(387)) - 0560cff9-c55c-4a15-aea8-16ef2e8911e2@group-C4D4B86834AA: set configuration 0: [ab92dd13-3a3c-494a-a601-0001755b8ba9|rpc:10.1.0.6:38077|dataStream:|priority:0, 5f73a725-0f40-4029-8a7b-0ac4f52c09c7|rpc:10.1.0.6:38783|dataStream:|priority:1, 0560cff9-c55c-4a15-aea8-16ef2e8911e2|rpc:10.1.0.6:37139|dataStream:|priority:0], old=null
2022-04-28 13:45:54,788 [grpc-default-executor-0] INFO  segmented.SegmentedRaftLogWorker (SegmentedRaftLogWorker.java:startLogSegment(394)) - ab92dd13-3a3c-494a-a601-0001755b8ba9@group-C4D4B86834AA-SegmentedRaftLogWorker: Starting segment from index:0
2022-04-28 13:45:54,788 [grpc-default-executor-1] INFO  segmented.SegmentedRaftLogWorker (SegmentedRaftLogWorker.java:startLogSegment(394)) - 0560cff9-c55c-4a15-aea8-16ef2e8911e2@group-C4D4B86834AA-SegmentedRaftLogWorker: Starting segment from index:0
2022-04-28 13:45:54,789 [grpc-default-executor-1] INFO  server.RaftServer$Division (ServerState.java:setRaftConf(387)) - 0560cff9-c55c-4a15-aea8-16ef2e8911e2@group-C4D4B86834AA: set configuration 1: [ab92dd13-3a3c-494a-a601-0001755b8ba9|rpc:10.1.0.6:38077|dataStream:|priority:0, 5f73a725-0f40-4029-8a7b-0ac4f52c09c7|rpc:10.1.0.6:38783|dataStream:|priority:1, 0560cff9-c55c-4a15-aea8-16ef2e8911e2|rpc:10.1.0.6:37139|dataStream:|priority:0], old=null
2022-04-28 13:45:54,789 [grpc-default-executor-1] INFO  segmented.SegmentedRaftLogWorker (SegmentedRaftLogWorker.java:rollLogSegment(399)) - 0560cff9-c55c-4a15-aea8-16ef2e8911e2@group-C4D4B86834AA-SegmentedRaftLogWorker: Rolling segment log-0_0 to index:0
2022-04-28 13:45:54,790 [0560cff9-c55c-4a15-aea8-16ef2e8911e2@group-C4D4B86834AA-SegmentedRaftLogWorker] INFO  segmented.SegmentedRaftLogWorker (SegmentedRaftLogWorker.java:execute(601)) - 0560cff9-c55c-4a15-aea8-16ef2e8911e2@group-C4D4B86834AA-SegmentedRaftLogWorker: created new log segment /home/runner/work/ozone/ozone/hadoop-ozone/integration-test/target/test-dir/MiniOzoneClusterImpl-961b773a-55ec-4776-b588-5de87e184680/datanode-2/data/ratis/a10d4922-b902-4d8b-9c45-c4d4b86834aa/current/log_inprogress_0
2022-04-28 13:45:54,790 [grpc-default-executor-1] INFO  server.RaftServer$Division (ServerState.java:setRaftConf(387)) - 0560cff9-c55c-4a15-aea8-16ef2e8911e2@group-C4D4B86834AA: set configuration 0: [ab92dd13-3a3c-494a-a601-0001755b8ba9|rpc:10.1.0.6:38077|dataStream:|priority:0, 5f73a725-0f40-4029-8a7b-0ac4f52c09c7|rpc:10.1.0.6:38783|dataStream:|priority:1, 0560cff9-c55c-4a15-aea8-16ef2e8911e2|rpc:10.1.0.6:37139|dataStream:|priority:0], old=null
2022-04-28 13:45:54,790 [ab92dd13-3a3c-494a-a601-0001755b8ba9@group-C4D4B86834AA-SegmentedRaftLogWorker] INFO  segmented.SegmentedRaftLogWorker (SegmentedRaftLogWorker.java:execute(601)) - ab92dd13-3a3c-494a-a601-0001755b8ba9@group-C4D4B86834AA-SegmentedRaftLogWorker: created new log segment /home/runner/work/ozone/ozone/hadoop-ozone/integration-test/target/test-dir/MiniOzoneClusterImpl-961b773a-55ec-4776-b588-5de87e184680/datanode-1/data/ratis/a10d4922-b902-4d8b-9c45-c4d4b86834aa/current/log_inprogress_0
2022-04-28 13:45:54,791 [grpc-default-executor-0] INFO  server.RaftServer$Division (ServerState.java:setRaftConf(387)) - ab92dd13-3a3c-494a-a601-0001755b8ba9@group-C4D4B86834AA: set configuration 1: [ab92dd13-3a3c-494a-a601-0001755b8ba9|rpc:10.1.0.6:38077|dataStream:|priority:0, 5f73a725-0f40-4029-8a7b-0ac4f52c09c7|rpc:10.1.0.6:38783|dataStream:|priority:1, 0560cff9-c55c-4a15-aea8-16ef2e8911e2|rpc:10.1.0.6:37139|dataStream:|priority:0], old=null
2022-04-28 13:45:54,791 [grpc-default-executor-0] INFO  segmented.SegmentedRaftLogWorker (SegmentedRaftLogWorker.java:rollLogSegment(399)) - ab92dd13-3a3c-494a-a601-0001755b8ba9@group-C4D4B86834AA-SegmentedRaftLogWorker: Rolling segment log-0_0 to index:0
2022-04-28 13:45:54,791 [grpc-default-executor-0] INFO  server.RaftServer$Division (ServerState.java:setRaftConf(387)) - ab92dd13-3a3c-494a-a601-0001755b8ba9@group-C4D4B86834AA: set configuration 0: [ab92dd13-3a3c-494a-a601-0001755b8ba9|rpc:10.1.0.6:38077|dataStream:|priority:0, 5f73a725-0f40-4029-8a7b-0ac4f52c09c7|rpc:10.1.0.6:38783|dataStream:|priority:1, 0560cff9-c55c-4a15-aea8-16ef2e8911e2|rpc:10.1.0.6:37139|dataStream:|priority:0], old=null
2022-04-28 13:45:54,793 [grpc-default-executor-1] INFO  server.RaftServer$Division (ServerState.java:setRaftConf(387)) - 0560cff9-c55c-4a15-aea8-16ef2e8911e2@group-C4D4B86834AA: set configuration 1: [ab92dd13-3a3c-494a-a601-0001755b8ba9|rpc:10.1.0.6:38077|dataStream:|priority:0, 5f73a725-0f40-4029-8a7b-0ac4f52c09c7|rpc:10.1.0.6:38783|dataStream:|priority:1, 0560cff9-c55c-4a15-aea8-16ef2e8911e2|rpc:10.1.0.6:37139|dataStream:|priority:0], old=null
2022-04-28 13:45:54,802 [grpc-default-executor-0] INFO  server.RaftServer$Division (ServerState.java:setRaftConf(387)) - ab92dd13-3a3c-494a-a601-0001755b8ba9@group-C4D4B86834AA: set configuration 1: [ab92dd13-3a3c-494a-a601-0001755b8ba9|rpc:10.1.0.6:38077|dataStream:|priority:0, 5f73a725-0f40-4029-8a7b-0ac4f52c09c7|rpc:10.1.0.6:38783|dataStream:|priority:1, 0560cff9-c55c-4a15-aea8-16ef2e8911e2|rpc:10.1.0.6:37139|dataStream:|priority:0], old=null
2022-04-28 13:45:54,804 [ab92dd13-3a3c-494a-a601-0001755b8ba9@group-C4D4B86834AA-SegmentedRaftLogWorker] INFO  segmented.SegmentedRaftLogWorker (SegmentedRaftLogWorker.java:execute(558)) - ab92dd13-3a3c-494a-a601-0001755b8ba9@group-C4D4B86834AA-SegmentedRaftLogWorker: Rolled log segment from /home/runner/work/ozone/ozone/hadoop-ozone/integration-test/target/test-dir/MiniOzoneClusterImpl-961b773a-55ec-4776-b588-5de87e184680/datanode-1/data/ratis/a10d4922-b902-4d8b-9c45-c4d4b86834aa/current/log_inprogress_0 to /home/runner/work/ozone/ozone/hadoop-ozone/integration-test/target/test-dir/MiniOzoneClusterImpl-961b773a-55ec-4776-b588-5de87e184680/datanode-1/data/ratis/a10d4922-b902-4d8b-9c45-c4d4b86834aa/current/log_0-0
2022-04-28 13:45:54,804 [ab92dd13-3a3c-494a-a601-0001755b8ba9@group-C4D4B86834AA-SegmentedRaftLogWorker] INFO  segmented.SegmentedRaftLogWorker (SegmentedRaftLogWorker.java:execute(601)) - ab92dd13-3a3c-494a-a601-0001755b8ba9@group-C4D4B86834AA-SegmentedRaftLogWorker: created new log segment /home/runner/work/ozone/ozone/hadoop-ozone/integration-test/target/test-dir/MiniOzoneClusterImpl-961b773a-55ec-4776-b588-5de87e184680/datanode-1/data/ratis/a10d4922-b902-4d8b-9c45-c4d4b86834aa/current/log_inprogress_1
2022-04-28 13:45:54,805 [0560cff9-c55c-4a15-aea8-16ef2e8911e2@group-C4D4B86834AA-SegmentedRaftLogWorker] INFO  segmented.SegmentedRaftLogWorker (SegmentedRaftLogWorker.java:execute(558)) - 0560cff9-c55c-4a15-aea8-16ef2e8911e2@group-C4D4B86834AA-SegmentedRaftLogWorker: Rolled log segment from /home/runner/work/ozone/ozone/hadoop-ozone/integration-test/target/test-dir/MiniOzoneClusterImpl-961b773a-55ec-4776-b588-5de87e184680/datanode-2/data/ratis/a10d4922-b902-4d8b-9c45-c4d4b86834aa/current/log_inprogress_0 to /home/runner/work/ozone/ozone/hadoop-ozone/integration-test/target/test-dir/MiniOzoneClusterImpl-961b773a-55ec-4776-b588-5de87e184680/datanode-2/data/ratis/a10d4922-b902-4d8b-9c45-c4d4b86834aa/current/log_0-0
2022-04-28 13:45:54,806 [0560cff9-c55c-4a15-aea8-16ef2e8911e2@group-C4D4B86834AA-SegmentedRaftLogWorker] INFO  segmented.SegmentedRaftLogWorker (SegmentedRaftLogWorker.java:execute(601)) - 0560cff9-c55c-4a15-aea8-16ef2e8911e2@group-C4D4B86834AA-SegmentedRaftLogWorker: created new log segment /home/runner/work/ozone/ozone/hadoop-ozone/integration-test/target/test-dir/MiniOzoneClusterImpl-961b773a-55ec-4776-b588-5de87e184680/datanode-2/data/ratis/a10d4922-b902-4d8b-9c45-c4d4b86834aa/current/log_inprogress_1
2022-04-28 13:45:55,778 [Listener at 127.0.0.1/38637] INFO  ozoneimpl.OzoneContainer (OzoneContainer.java:stop(356)) - Attempting to stop container services.
2022-04-28 13:45:55,778 [ForkJoinPool.commonPool-worker-1] INFO  ozoneimpl.OzoneContainer (OzoneContainer.java:stop(356)) - Attempting to stop container services.
2022-04-28 13:45:55,778 [Listener at 127.0.0.1/38637] INFO  server.RaftServer (RaftServerProxy.java:lambda$close$6(391)) - ed14f577-cd6a-4282-b253-bcfbdf05676a: close
2022-04-28 13:45:55,779 [ForkJoinPool.commonPool-worker-1] INFO  server.RaftServer (RaftServerProxy.java:lambda$close$6(391)) - ab92dd13-3a3c-494a-a601-0001755b8ba9: close
2022-04-28 13:45:55,779 [Listener at 127.0.0.1/38637] INFO  server.RaftServer$Division (RaftServerImpl.java:lambda$close$4(412)) - ed14f577-cd6a-4282-b253-bcfbdf05676a@group-3C38A729D1A2: shutdown
2022-04-28 13:45:55,779 [ForkJoinPool.commonPool-worker-1] INFO  server.RaftServer$Division (RaftServerImpl.java:lambda$close$4(412)) - ab92dd13-3a3c-494a-a601-0001755b8ba9@group-C4D4B86834AA: shutdown
2022-04-28 13:45:55,779 [Listener at 127.0.0.1/38637] INFO  util.JmxRegister (JmxRegister.java:unregister(73)) - Successfully un-registered JMX Bean with object name Ratis:service=RaftServer,group=group-3C38A729D1A2,id=ed14f577-cd6a-4282-b253-bcfbdf05676a
2022-04-28 13:45:55,779 [ForkJoinPool.commonPool-worker-1] INFO  util.JmxRegister (JmxRegister.java:unregister(73)) - Successfully un-registered JMX Bean with object name Ratis:service=RaftServer,group=group-C4D4B86834AA,id=ab92dd13-3a3c-494a-a601-0001755b8ba9
2022-04-28 13:45:55,779 [Listener at 127.0.0.1/38637] INFO  impl.RoleInfo (RoleInfo.java:shutdownLeaderState(91)) - ed14f577-cd6a-4282-b253-bcfbdf05676a: shutdown ed14f577-cd6a-4282-b253-bcfbdf05676a@group-3C38A729D1A2-LeaderStateImpl
2022-04-28 13:45:55,779 [ForkJoinPool.commonPool-worker-1] INFO  impl.RoleInfo (RoleInfo.java:shutdownFollowerState(108)) - ab92dd13-3a3c-494a-a601-0001755b8ba9: shutdown ab92dd13-3a3c-494a-a601-0001755b8ba9@group-C4D4B86834AA-FollowerState
2022-04-28 13:45:55,779 [ForkJoinPool.commonPool-worker-1] INFO  impl.StateMachineUpdater (StateMachineUpdater.java:stopAndJoin(149)) - ab92dd13-3a3c-494a-a601-0001755b8ba9@group-C4D4B86834AA-StateMachineUpdater: set stopIndex = 1
2022-04-28 13:45:55,779 [ab92dd13-3a3c-494a-a601-0001755b8ba9@group-C4D4B86834AA-FollowerState] INFO  impl.FollowerState (FollowerState.java:run(143)) - ab92dd13-3a3c-494a-a601-0001755b8ba9@group-C4D4B86834AA-FollowerState was interrupted: {}
java.lang.InterruptedException: sleep interrupted
	at java.lang.Thread.sleep(Native Method)
	at java.lang.Thread.sleep(Thread.java:342)
	at java.util.concurrent.TimeUnit.sleep(TimeUnit.java:386)
	at org.apache.ratis.util.TimeDuration.sleep(TimeDuration.java:324)
	at org.apache.ratis.util.TimeDuration.sleep(TimeDuration.java:309)
	at org.apache.ratis.server.impl.FollowerState.run(FollowerState.java:118)
2022-04-28 13:45:55,780 [ab92dd13-3a3c-494a-a601-0001755b8ba9@group-C4D4B86834AA-StateMachineUpdater] INFO  ratis.ContainerStateMachine (ContainerStateMachine.java:takeSnapshot(304)) - group-C4D4B86834AA: Taking a snapshot at:(t:6, i:1) file /home/runner/work/ozone/ozone/hadoop-ozone/integration-test/target/test-dir/MiniOzoneClusterImpl-961b773a-55ec-4776-b588-5de87e184680/datanode-1/data/ratis/a10d4922-b902-4d8b-9c45-c4d4b86834aa/sm/snapshot.6_1
2022-04-28 13:45:55,784 [Listener at 127.0.0.1/38637] INFO  impl.PendingRequests (PendingRequests.java:sendNotLeaderResponses(282)) - ed14f577-cd6a-4282-b253-bcfbdf05676a@group-3C38A729D1A2-PendingRequests: sendNotLeaderResponses
2022-04-28 13:45:55,784 [Listener at 127.0.0.1/38637] INFO  impl.StateMachineUpdater (StateMachineUpdater.java:stopAndJoin(149)) - ed14f577-cd6a-4282-b253-bcfbdf05676a@group-3C38A729D1A2-StateMachineUpdater: set stopIndex = 0
2022-04-28 13:45:55,785 [ed14f577-cd6a-4282-b253-bcfbdf05676a@group-3C38A729D1A2-StateMachineUpdater] INFO  ratis.ContainerStateMachine (ContainerStateMachine.java:takeSnapshot(304)) - group-3C38A729D1A2: Taking a snapshot at:(t:1, i:0) file /home/runner/work/ozone/ozone/hadoop-ozone/integration-test/target/test-dir/MiniOzoneClusterImpl-961b773a-55ec-4776-b588-5de87e184680/datanode-4/data/ratis/1b6a780b-5304-49ed-a91f-3c38a729d1a2/sm/snapshot.1_0
2022-04-28 13:45:55,811 [ed14f577-cd6a-4282-b253-bcfbdf05676a@group-3C38A729D1A2-StateMachineUpdater] INFO  ratis.ContainerStateMachine (ContainerStateMachine.java:takeSnapshot(315)) - group-3C38A729D1A2: Finished taking a snapshot at:(t:1, i:0) file:/home/runner/work/ozone/ozone/hadoop-ozone/integration-test/target/test-dir/MiniOzoneClusterImpl-961b773a-55ec-4776-b588-5de87e184680/datanode-4/data/ratis/1b6a780b-5304-49ed-a91f-3c38a729d1a2/sm/snapshot.1_0 took: 27 ms
2022-04-28 13:45:55,811 [ab92dd13-3a3c-494a-a601-0001755b8ba9@group-C4D4B86834AA-StateMachineUpdater] INFO  ratis.ContainerStateMachine (ContainerStateMachine.java:takeSnapshot(315)) - group-C4D4B86834AA: Finished taking a snapshot at:(t:6, i:1) file:/home/runner/work/ozone/ozone/hadoop-ozone/integration-test/target/test-dir/MiniOzoneClusterImpl-961b773a-55ec-4776-b588-5de87e184680/datanode-1/data/ratis/a10d4922-b902-4d8b-9c45-c4d4b86834aa/sm/snapshot.6_1 took: 32 ms
2022-04-28 13:45:55,813 [ab92dd13-3a3c-494a-a601-0001755b8ba9@group-C4D4B86834AA-StateMachineUpdater] INFO  impl.StateMachineUpdater (StateMachineUpdater.java:takeSnapshot(281)) - ab92dd13-3a3c-494a-a601-0001755b8ba9@group-C4D4B86834AA-StateMachineUpdater: Took a snapshot at index 1
2022-04-28 13:45:55,813 [ed14f577-cd6a-4282-b253-bcfbdf05676a@group-3C38A729D1A2-StateMachineUpdater] INFO  impl.StateMachineUpdater (StateMachineUpdater.java:takeSnapshot(281)) - ed14f577-cd6a-4282-b253-bcfbdf05676a@group-3C38A729D1A2-StateMachineUpdater: Took a snapshot at index 0
2022-04-28 13:45:55,813 [ab92dd13-3a3c-494a-a601-0001755b8ba9@group-C4D4B86834AA-StateMachineUpdater] INFO  impl.StateMachineUpdater (StateMachineUpdater.java:lambda$new$0(89)) - ab92dd13-3a3c-494a-a601-0001755b8ba9@group-C4D4B86834AA-StateMachineUpdater: snapshotIndex: updateIncreasingly -1 -> 1
2022-04-28 13:45:55,813 [ed14f577-cd6a-4282-b253-bcfbdf05676a@group-3C38A729D1A2-StateMachineUpdater] INFO  impl.StateMachineUpdater (StateMachineUpdater.java:lambda$new$0(89)) - ed14f577-cd6a-4282-b253-bcfbdf05676a@group-3C38A729D1A2-StateMachineUpdater: snapshotIndex: updateIncreasingly -1 -> 0
2022-04-28 13:45:55,814 [Listener at 127.0.0.1/38637] INFO  server.RaftServer$Division (ServerState.java:close(419)) - ed14f577-cd6a-4282-b253-bcfbdf05676a@group-3C38A729D1A2: closes. applyIndex: 0
2022-04-28 13:45:55,815 [ed14f577-cd6a-4282-b253-bcfbdf05676a@group-3C38A729D1A2-SegmentedRaftLogWorker] INFO  segmented.SegmentedRaftLogWorker (SegmentedRaftLogWorker.java:run(327)) - ed14f577-cd6a-4282-b253-bcfbdf05676a@group-3C38A729D1A2-SegmentedRaftLogWorker was interrupted, exiting. There are 0 tasks remaining in the queue.
2022-04-28 13:45:55,815 [ForkJoinPool.commonPool-worker-1] INFO  server.RaftServer$Division (ServerState.java:close(419)) - ab92dd13-3a3c-494a-a601-0001755b8ba9@group-C4D4B86834AA: closes. applyIndex: 1
2022-04-28 13:45:55,816 [Listener at 127.0.0.1/38637] INFO  segmented.SegmentedRaftLogWorker (SegmentedRaftLogWorker.java:close(237)) - ed14f577-cd6a-4282-b253-bcfbdf05676a@group-3C38A729D1A2-SegmentedRaftLogWorker close()
2022-04-28 13:45:55,816 [ab92dd13-3a3c-494a-a601-0001755b8ba9@group-C4D4B86834AA-SegmentedRaftLogWorker] INFO  segmented.SegmentedRaftLogWorker (SegmentedRaftLogWorker.java:run(327)) - ab92dd13-3a3c-494a-a601-0001755b8ba9@group-C4D4B86834AA-SegmentedRaftLogWorker was interrupted, exiting. There are 0 tasks remaining in the queue.
2022-04-28 13:45:55,819 [ForkJoinPool.commonPool-worker-1] INFO  segmented.SegmentedRaftLogWorker (SegmentedRaftLogWorker.java:close(237)) - ab92dd13-3a3c-494a-a601-0001755b8ba9@group-C4D4B86834AA-SegmentedRaftLogWorker close()
2022-04-28 13:45:55,821 [Listener at 127.0.0.1/38637] INFO  server.RaftServer$Division (RaftServerImpl.java:lambda$close$4(412)) - ed14f577-cd6a-4282-b253-bcfbdf05676a@group-715227EE14BA: shutdown
2022-04-28 13:45:55,821 [Listener at 127.0.0.1/38637] INFO  util.JmxRegister (JmxRegister.java:unregister(73)) - Successfully un-registered JMX Bean with object name Ratis:service=RaftServer,group=group-715227EE14BA,id=ed14f577-cd6a-4282-b253-bcfbdf05676a
2022-04-28 13:45:55,821 [Listener at 127.0.0.1/38637] INFO  impl.RoleInfo (RoleInfo.java:shutdownFollowerState(108)) - ed14f577-cd6a-4282-b253-bcfbdf05676a: shutdown ed14f577-cd6a-4282-b253-bcfbdf05676a@group-715227EE14BA-FollowerState
2022-04-28 13:45:55,821 [Listener at 127.0.0.1/38637] INFO  impl.StateMachineUpdater (StateMachineUpdater.java:stopAndJoin(149)) - ed14f577-cd6a-4282-b253-bcfbdf05676a@group-715227EE14BA-StateMachineUpdater: set stopIndex = 0
2022-04-28 13:45:55,821 [ed14f577-cd6a-4282-b253-bcfbdf05676a@group-715227EE14BA-FollowerState] INFO  impl.FollowerState (FollowerState.java:run(143)) - ed14f577-cd6a-4282-b253-bcfbdf05676a@group-715227EE14BA-FollowerState was interrupted: {}
java.lang.InterruptedException: sleep interrupted
	at java.lang.Thread.sleep(Native Method)
	at java.lang.Thread.sleep(Thread.java:342)
	at java.util.concurrent.TimeUnit.sleep(TimeUnit.java:386)
	at org.apache.ratis.util.TimeDuration.sleep(TimeDuration.java:324)
	at org.apache.ratis.util.TimeDuration.sleep(TimeDuration.java:309)
	at org.apache.ratis.server.impl.FollowerState.run(FollowerState.java:118)
2022-04-28 13:45:55,822 [ed14f577-cd6a-4282-b253-bcfbdf05676a@group-715227EE14BA-StateMachineUpdater] INFO  ratis.ContainerStateMachine (ContainerStateMachine.java:takeSnapshot(304)) - group-715227EE14BA: Taking a snapshot at:(t:4, i:0) file /home/runner/work/ozone/ozone/hadoop-ozone/integration-test/target/test-dir/MiniOzoneClusterImpl-961b773a-55ec-4776-b588-5de87e184680/datanode-4/data/ratis/c073acfe-daac-41f7-b1ad-715227ee14ba/sm/snapshot.4_0
2022-04-28 13:45:55,822 [ForkJoinPool.commonPool-worker-1] INFO  server.RaftServer$Division (RaftServerImpl.java:lambda$close$4(412)) - ab92dd13-3a3c-494a-a601-0001755b8ba9@group-1E6DBB551F13: shutdown
2022-04-28 13:45:55,822 [ForkJoinPool.commonPool-worker-1] INFO  util.JmxRegister (JmxRegister.java:unregister(73)) - Successfully un-registered JMX Bean with object name Ratis:service=RaftServer,group=group-1E6DBB551F13,id=ab92dd13-3a3c-494a-a601-0001755b8ba9
2022-04-28 13:45:55,822 [ForkJoinPool.commonPool-worker-1] INFO  impl.RoleInfo (RoleInfo.java:shutdownLeaderState(91)) - ab92dd13-3a3c-494a-a601-0001755b8ba9: shutdown ab92dd13-3a3c-494a-a601-0001755b8ba9@group-1E6DBB551F13-LeaderStateImpl
2022-04-28 13:45:55,822 [ForkJoinPool.commonPool-worker-1] INFO  impl.PendingRequests (PendingRequests.java:sendNotLeaderResponses(282)) - ab92dd13-3a3c-494a-a601-0001755b8ba9@group-1E6DBB551F13-PendingRequests: sendNotLeaderResponses
2022-04-28 13:45:55,822 [ab92dd13-3a3c-494a-a601-0001755b8ba9@group-1E6DBB551F13->5f73a725-0f40-4029-8a7b-0ac4f52c09c7-GrpcLogAppender-LogAppenderDaemon] WARN  server.GrpcLogAppender (GrpcLogAppender.java:mayWait(177)) - ab92dd13-3a3c-494a-a601-0001755b8ba9@group-1E6DBB551F13->5f73a725-0f40-4029-8a7b-0ac4f52c09c7-GrpcLogAppender: Wait interrupted by java.lang.InterruptedException
2022-04-28 13:45:55,822 [ab92dd13-3a3c-494a-a601-0001755b8ba9@group-1E6DBB551F13->0560cff9-c55c-4a15-aea8-16ef2e8911e2-GrpcLogAppender-LogAppenderDaemon] WARN  server.GrpcLogAppender (GrpcLogAppender.java:mayWait(177)) - ab92dd13-3a3c-494a-a601-0001755b8ba9@group-1E6DBB551F13->0560cff9-c55c-4a15-aea8-16ef2e8911e2-GrpcLogAppender: Wait interrupted by java.lang.InterruptedException
2022-04-28 13:45:55,823 [ForkJoinPool.commonPool-worker-1] INFO  impl.StateMachineUpdater (StateMachineUpdater.java:stopAndJoin(149)) - ab92dd13-3a3c-494a-a601-0001755b8ba9@group-1E6DBB551F13-StateMachineUpdater: set stopIndex = 0
2022-04-28 13:45:55,824 [ab92dd13-3a3c-494a-a601-0001755b8ba9@group-1E6DBB551F13-StateMachineUpdater] INFO  ratis.ContainerStateMachine (ContainerStateMachine.java:takeSnapshot(304)) - group-1E6DBB551F13: Taking a snapshot at:(t:2, i:0) file /home/runner/work/ozone/ozone/hadoop-ozone/integration-test/target/test-dir/MiniOzoneClusterImpl-961b773a-55ec-4776-b588-5de87e184680/datanode-1/data/ratis/cdcd232a-581d-4cbf-8bc8-1e6dbb551f13/sm/snapshot.2_0
2022-04-28 13:45:55,824 [ed14f577-cd6a-4282-b253-bcfbdf05676a@group-715227EE14BA-StateMachineUpdater] INFO  ratis.ContainerStateMachine (ContainerStateMachine.java:takeSnapshot(315)) - group-715227EE14BA: Finished taking a snapshot at:(t:4, i:0) file:/home/runner/work/ozone/ozone/hadoop-ozone/integration-test/target/test-dir/MiniOzoneClusterImpl-961b773a-55ec-4776-b588-5de87e184680/datanode-4/data/ratis/c073acfe-daac-41f7-b1ad-715227ee14ba/sm/snapshot.4_0 took: 2 ms
2022-04-28 13:45:55,824 [ab92dd13-3a3c-494a-a601-0001755b8ba9@group-1E6DBB551F13-StateMachineUpdater] INFO  ratis.ContainerStateMachine (ContainerStateMachine.java:takeSnapshot(315)) - group-1E6DBB551F13: Finished taking a snapshot at:(t:2, i:0) file:/home/runner/work/ozone/ozone/hadoop-ozone/integration-test/target/test-dir/MiniOzoneClusterImpl-961b773a-55ec-4776-b588-5de87e184680/datanode-1/data/ratis/cdcd232a-581d-4cbf-8bc8-1e6dbb551f13/sm/snapshot.2_0 took: 1 ms
2022-04-28 13:45:55,824 [ab92dd13-3a3c-494a-a601-0001755b8ba9@group-1E6DBB551F13-StateMachineUpdater] INFO  impl.StateMachineUpdater (StateMachineUpdater.java:takeSnapshot(281)) - ab92dd13-3a3c-494a-a601-0001755b8ba9@group-1E6DBB551F13-StateMachineUpdater: Took a snapshot at index 0
2022-04-28 13:45:55,824 [ab92dd13-3a3c-494a-a601-0001755b8ba9@group-1E6DBB551F13-StateMachineUpdater] INFO  impl.StateMachineUpdater (StateMachineUpdater.java:lambda$new$0(89)) - ab92dd13-3a3c-494a-a601-0001755b8ba9@group-1E6DBB551F13-StateMachineUpdater: snapshotIndex: updateIncreasingly -1 -> 0
2022-04-28 13:45:55,825 [ed14f577-cd6a-4282-b253-bcfbdf05676a@group-715227EE14BA-StateMachineUpdater] INFO  impl.StateMachineUpdater (StateMachineUpdater.java:takeSnapshot(281)) - ed14f577-cd6a-4282-b253-bcfbdf05676a@group-715227EE14BA-StateMachineUpdater: Took a snapshot at index 0
2022-04-28 13:45:55,825 [ed14f577-cd6a-4282-b253-bcfbdf05676a@group-715227EE14BA-StateMachineUpdater] INFO  impl.StateMachineUpdater (StateMachineUpdater.java:lambda$new$0(89)) - ed14f577-cd6a-4282-b253-bcfbdf05676a@group-715227EE14BA-StateMachineUpdater: snapshotIndex: updateIncreasingly -1 -> 0
2022-04-28 13:45:55,825 [Listener at 127.0.0.1/38637] INFO  server.RaftServer$Division (ServerState.java:close(419)) - ed14f577-cd6a-4282-b253-bcfbdf05676a@group-715227EE14BA: closes. applyIndex: 0
2022-04-28 13:45:55,825 [ed14f577-cd6a-4282-b253-bcfbdf05676a@group-715227EE14BA-SegmentedRaftLogWorker] INFO  segmented.SegmentedRaftLogWorker (SegmentedRaftLogWorker.java:run(327)) - ed14f577-cd6a-4282-b253-bcfbdf05676a@group-715227EE14BA-SegmentedRaftLogWorker was interrupted, exiting. There are 0 tasks remaining in the queue.
2022-04-28 13:45:55,825 [grpc-default-executor-0] INFO  server.GrpcServerProtocolService (GrpcServerProtocolService.java:onCompleted(140)) - 5f73a725-0f40-4029-8a7b-0ac4f52c09c7: Completed APPEND_ENTRIES, lastRequest: ab92dd13-3a3c-494a-a601-0001755b8ba9->5f73a725-0f40-4029-8a7b-0ac4f52c09c7#1-t2,previous=(t:0, i:0),leaderCommit=0,initializing? true,entries: size=1, first=(t:2, i:0), CONFIGURATIONENTRY
2022-04-28 13:45:55,826 [grpc-default-executor-1] INFO  server.GrpcServerProtocolService (GrpcServerProtocolService.java:onCompleted(140)) - 0560cff9-c55c-4a15-aea8-16ef2e8911e2: Completed APPEND_ENTRIES, lastRequest: ab92dd13-3a3c-494a-a601-0001755b8ba9->0560cff9-c55c-4a15-aea8-16ef2e8911e2#1-t2,previous=(t:0, i:0),leaderCommit=0,initializing? true,entries: size=1, first=(t:2, i:0), CONFIGURATIONENTRY
2022-04-28 13:45:55,826 [grpc-default-executor-0] INFO  server.GrpcLogAppender (GrpcLogAppender.java:onCompleted(346)) - ab92dd13-3a3c-494a-a601-0001755b8ba9@group-1E6DBB551F13->5f73a725-0f40-4029-8a7b-0ac4f52c09c7-AppendLogResponseHandler: follower responses appendEntries COMPLETED
2022-04-28 13:45:55,827 [grpc-default-executor-0] INFO  leader.FollowerInfo (FollowerInfoImpl.java:lambda$new$0(47)) - ab92dd13-3a3c-494a-a601-0001755b8ba9@group-1E6DBB551F13->5f73a725-0f40-4029-8a7b-0ac4f52c09c7: nextIndex: updateUnconditionally 1 -> 0
2022-04-28 13:45:55,827 [grpc-default-executor-0] INFO  server.GrpcLogAppender (GrpcLogAppender.java:onCompleted(346)) - ab92dd13-3a3c-494a-a601-0001755b8ba9@group-1E6DBB551F13->0560cff9-c55c-4a15-aea8-16ef2e8911e2-AppendLogResponseHandler: follower responses appendEntries COMPLETED
2022-04-28 13:45:55,827 [grpc-default-executor-0] INFO  leader.FollowerInfo (FollowerInfoImpl.java:lambda$new$0(47)) - ab92dd13-3a3c-494a-a601-0001755b8ba9@group-1E6DBB551F13->0560cff9-c55c-4a15-aea8-16ef2e8911e2: nextIndex: updateUnconditionally 1 -> 0
2022-04-28 13:45:55,827 [ForkJoinPool.commonPool-worker-1] INFO  server.RaftServer$Division (ServerState.java:close(419)) - ab92dd13-3a3c-494a-a601-0001755b8ba9@group-1E6DBB551F13: closes. applyIndex: 0
2022-04-28 13:45:55,827 [ab92dd13-3a3c-494a-a601-0001755b8ba9@group-1E6DBB551F13-SegmentedRaftLogWorker] INFO  segmented.SegmentedRaftLogWorker (SegmentedRaftLogWorker.java:run(327)) - ab92dd13-3a3c-494a-a601-0001755b8ba9@group-1E6DBB551F13-SegmentedRaftLogWorker was interrupted, exiting. There are 0 tasks remaining in the queue.
2022-04-28 13:45:55,828 [Listener at 127.0.0.1/38637] INFO  segmented.SegmentedRaftLogWorker (SegmentedRaftLogWorker.java:close(237)) - ed14f577-cd6a-4282-b253-bcfbdf05676a@group-715227EE14BA-SegmentedRaftLogWorker close()
2022-04-28 13:45:55,828 [ForkJoinPool.commonPool-worker-1] INFO  segmented.SegmentedRaftLogWorker (SegmentedRaftLogWorker.java:close(237)) - ab92dd13-3a3c-494a-a601-0001755b8ba9@group-1E6DBB551F13-SegmentedRaftLogWorker close()
2022-04-28 13:45:55,835 [ForkJoinPool.commonPool-worker-1] INFO  server.RaftServer$Division (RaftServerImpl.java:lambda$close$4(412)) - ab92dd13-3a3c-494a-a601-0001755b8ba9@group-CAF012F357F2: shutdown
2022-04-28 13:45:55,835 [Listener at 127.0.0.1/38637] INFO  server.RaftServer$Division (RaftServerImpl.java:lambda$close$4(412)) - ed14f577-cd6a-4282-b253-bcfbdf05676a@group-EABBF4BA2E45: shutdown
2022-04-28 13:45:55,835 [ForkJoinPool.commonPool-worker-1] INFO  util.JmxRegister (JmxRegister.java:unregister(73)) - Successfully un-registered JMX Bean with object name Ratis:service=RaftServer,group=group-CAF012F357F2,id=ab92dd13-3a3c-494a-a601-0001755b8ba9
2022-04-28 13:45:55,835 [Listener at 127.0.0.1/38637] INFO  util.JmxRegister (JmxRegister.java:unregister(73)) - Successfully un-registered JMX Bean with object name Ratis:service=RaftServer,group=group-EABBF4BA2E45,id=ed14f577-cd6a-4282-b253-bcfbdf05676a
2022-04-28 13:45:55,835 [ForkJoinPool.commonPool-worker-1] INFO  impl.RoleInfo (RoleInfo.java:shutdownLeaderState(91)) - ab92dd13-3a3c-494a-a601-0001755b8ba9: shutdown ab92dd13-3a3c-494a-a601-0001755b8ba9@group-CAF012F357F2-LeaderStateImpl
2022-04-28 13:45:55,835 [Listener at 127.0.0.1/38637] INFO  impl.RoleInfo (RoleInfo.java:shutdownFollowerState(108)) - ed14f577-cd6a-4282-b253-bcfbdf05676a: shutdown ed14f577-cd6a-4282-b253-bcfbdf05676a@group-EABBF4BA2E45-FollowerState
2022-04-28 13:45:55,836 [ForkJoinPool.commonPool-worker-1] INFO  impl.PendingRequests (PendingRequests.java:sendNotLeaderResponses(282)) - ab92dd13-3a3c-494a-a601-0001755b8ba9@group-CAF012F357F2-PendingRequests: sendNotLeaderResponses
2022-04-28 13:45:55,836 [ed14f577-cd6a-4282-b253-bcfbdf05676a@group-EABBF4BA2E45-StateMachineUpdater] INFO  ratis.ContainerStateMachine (ContainerStateMachine.java:takeSnapshot(304)) - group-EABBF4BA2E45: Taking a snapshot at:(t:3, i:0) file /home/runner/work/ozone/ozone/hadoop-ozone/integration-test/target/test-dir/MiniOzoneClusterImpl-961b773a-55ec-4776-b588-5de87e184680/datanode-4/data/ratis/fa83f2dc-f269-425f-8283-eabbf4ba2e45/sm/snapshot.3_0
2022-04-28 13:45:55,836 [Listener at 127.0.0.1/38637] INFO  impl.StateMachineUpdater (StateMachineUpdater.java:stopAndJoin(149)) - ed14f577-cd6a-4282-b253-bcfbdf05676a@group-EABBF4BA2E45-StateMachineUpdater: set stopIndex = 0
2022-04-28 13:45:55,836 [ed14f577-cd6a-4282-b253-bcfbdf05676a@group-EABBF4BA2E45-FollowerState] INFO  impl.FollowerState (FollowerState.java:run(143)) - ed14f577-cd6a-4282-b253-bcfbdf05676a@group-EABBF4BA2E45-FollowerState was interrupted: {}
java.lang.InterruptedException: sleep interrupted
	at java.lang.Thread.sleep(Native Method)
	at java.lang.Thread.sleep(Thread.java:342)
	at java.util.concurrent.TimeUnit.sleep(TimeUnit.java:386)
	at org.apache.ratis.util.TimeDuration.sleep(TimeDuration.java:324)
	at org.apache.ratis.util.TimeDuration.sleep(TimeDuration.java:309)
	at org.apache.ratis.server.impl.FollowerState.run(FollowerState.java:118)
2022-04-28 13:45:55,837 [ed14f577-cd6a-4282-b253-bcfbdf05676a@group-EABBF4BA2E45-StateMachineUpdater] INFO  ratis.ContainerStateMachine (ContainerStateMachine.java:takeSnapshot(315)) - group-EABBF4BA2E45: Finished taking a snapshot at:(t:3, i:0) file:/home/runner/work/ozone/ozone/hadoop-ozone/integration-test/target/test-dir/MiniOzoneClusterImpl-961b773a-55ec-4776-b588-5de87e184680/datanode-4/data/ratis/fa83f2dc-f269-425f-8283-eabbf4ba2e45/sm/snapshot.3_0 took: 1 ms
2022-04-28 13:45:55,837 [ab92dd13-3a3c-494a-a601-0001755b8ba9@group-CAF012F357F2-StateMachineUpdater] INFO  ratis.ContainerStateMachine (ContainerStateMachine.java:takeSnapshot(304)) - group-CAF012F357F2: Taking a snapshot at:(t:1, i:0) file /home/runner/work/ozone/ozone/hadoop-ozone/integration-test/target/test-dir/MiniOzoneClusterImpl-961b773a-55ec-4776-b588-5de87e184680/datanode-1/data/ratis/f6eb1539-c17b-4695-aa57-caf012f357f2/sm/snapshot.1_0
2022-04-28 13:45:55,837 [ed14f577-cd6a-4282-b253-bcfbdf05676a@group-EABBF4BA2E45-StateMachineUpdater] INFO  impl.StateMachineUpdater (StateMachineUpdater.java:takeSnapshot(281)) - ed14f577-cd6a-4282-b253-bcfbdf05676a@group-EABBF4BA2E45-StateMachineUpdater: Took a snapshot at index 0
2022-04-28 13:45:55,837 [ed14f577-cd6a-4282-b253-bcfbdf05676a@group-EABBF4BA2E45-StateMachineUpdater] INFO  impl.StateMachineUpdater (StateMachineUpdater.java:lambda$new$0(89)) - ed14f577-cd6a-4282-b253-bcfbdf05676a@group-EABBF4BA2E45-StateMachineUpdater: snapshotIndex: updateIncreasingly -1 -> 0
2022-04-28 13:45:55,837 [ForkJoinPool.commonPool-worker-1] INFO  impl.StateMachineUpdater (StateMachineUpdater.java:stopAndJoin(149)) - ab92dd13-3a3c-494a-a601-0001755b8ba9@group-CAF012F357F2-StateMachineUpdater: set stopIndex = 0
2022-04-28 13:45:55,837 [ab92dd13-3a3c-494a-a601-0001755b8ba9@group-CAF012F357F2-StateMachineUpdater] INFO  ratis.ContainerStateMachine (ContainerStateMachine.java:takeSnapshot(315)) - group-CAF012F357F2: Finished taking a snapshot at:(t:1, i:0) file:/home/runner/work/ozone/ozone/hadoop-ozone/integration-test/target/test-dir/MiniOzoneClusterImpl-961b773a-55ec-4776-b588-5de87e184680/datanode-1/data/ratis/f6eb1539-c17b-4695-aa57-caf012f357f2/sm/snapshot.1_0 took: 1 ms
2022-04-28 13:45:55,837 [Listener at 127.0.0.1/38637] INFO  server.RaftServer$Division (ServerState.java:close(419)) - ed14f577-cd6a-4282-b253-bcfbdf05676a@group-EABBF4BA2E45: closes. applyIndex: 0
2022-04-28 13:45:55,837 [ab92dd13-3a3c-494a-a601-0001755b8ba9@group-CAF012F357F2-StateMachineUpdater] INFO  impl.StateMachineUpdater (StateMachineUpdater.java:takeSnapshot(281)) - ab92dd13-3a3c-494a-a601-0001755b8ba9@group-CAF012F357F2-StateMachineUpdater: Took a snapshot at index 0
2022-04-28 13:45:55,837 [ed14f577-cd6a-4282-b253-bcfbdf05676a@group-EABBF4BA2E45-SegmentedRaftLogWorker] INFO  segmented.SegmentedRaftLogWorker (SegmentedRaftLogWorker.java:run(327)) - ed14f577-cd6a-4282-b253-bcfbdf05676a@group-EABBF4BA2E45-SegmentedRaftLogWorker was interrupted, exiting. There are 0 tasks remaining in the queue.
2022-04-28 13:45:55,837 [ab92dd13-3a3c-494a-a601-0001755b8ba9@group-CAF012F357F2-StateMachineUpdater] INFO  impl.StateMachineUpdater (StateMachineUpdater.java:lambda$new$0(89)) - ab92dd13-3a3c-494a-a601-0001755b8ba9@group-CAF012F357F2-StateMachineUpdater: snapshotIndex: updateIncreasingly -1 -> 0
2022-04-28 13:45:55,838 [ForkJoinPool.commonPool-worker-1] INFO  server.RaftServer$Division (ServerState.java:close(419)) - ab92dd13-3a3c-494a-a601-0001755b8ba9@group-CAF012F357F2: closes. applyIndex: 0
2022-04-28 13:45:55,838 [ab92dd13-3a3c-494a-a601-0001755b8ba9@group-CAF012F357F2-SegmentedRaftLogWorker] INFO  segmented.SegmentedRaftLogWorker (SegmentedRaftLogWorker.java:run(327)) - ab92dd13-3a3c-494a-a601-0001755b8ba9@group-CAF012F357F2-SegmentedRaftLogWorker was interrupted, exiting. There are 0 tasks remaining in the queue.
2022-04-28 13:45:55,842 [ForkJoinPool.commonPool-worker-1] INFO  segmented.SegmentedRaftLogWorker (SegmentedRaftLogWorker.java:close(237)) - ab92dd13-3a3c-494a-a601-0001755b8ba9@group-CAF012F357F2-SegmentedRaftLogWorker close()
2022-04-28 13:45:55,842 [Listener at 127.0.0.1/38637] INFO  segmented.SegmentedRaftLogWorker (SegmentedRaftLogWorker.java:close(237)) - ed14f577-cd6a-4282-b253-bcfbdf05676a@group-EABBF4BA2E45-SegmentedRaftLogWorker close()
2022-04-28 13:45:55,843 [ForkJoinPool.commonPool-worker-1] INFO  server.GrpcService (GrpcService.java:closeImpl(262)) - ab92dd13-3a3c-494a-a601-0001755b8ba9: shutdown server with port 38077 now
2022-04-28 13:45:55,845 [Listener at 127.0.0.1/38637] INFO  server.GrpcService (GrpcService.java:closeImpl(262)) - ed14f577-cd6a-4282-b253-bcfbdf05676a: shutdown server with port 43755 now
2022-04-28 13:45:55,851 [grpc-default-executor-1] WARN  server.GrpcServerProtocolService (LogUtils.java:warn(122)) - ab92dd13-3a3c-494a-a601-0001755b8ba9: installSnapshot onError, lastRequest: 5f73a725-0f40-4029-8a7b-0ac4f52c09c7->ab92dd13-3a3c-494a-a601-0001755b8ba9#6-t6,previous=(t:6, i:1),leaderCommit=1,initializing? true,entries: size=1, first=(t:6, i:2), METADATAENTRY(c:1): org.apache.ratis.thirdparty.io.grpc.StatusRuntimeException: CANCELLED: client cancelled
2022-04-28 13:45:55,853 [grpc-default-executor-3] WARN  client.GrpcClientProtocolService (LogUtils.java:warn(122)) - 0-OrderedRequestStreamObserver0: onError: org.apache.ratis.thirdparty.io.grpc.StatusRuntimeException: CANCELLED: client cancelled
2022-04-28 13:45:55,853 [grpc-default-executor-2] WARN  server.GrpcServerProtocolService (LogUtils.java:warn(122)) - ed14f577-cd6a-4282-b253-bcfbdf05676a: installSnapshot onError, lastRequest: 4f6314c6-5f1e-418e-9cab-9d7da23e485e->ed14f577-cd6a-4282-b253-bcfbdf05676a#1-t3,previous=(t:0, i:0),leaderCommit=-1,initializing? true,entries: size=1, first=(t:3, i:0), CONFIGURATIONENTRY: org.apache.ratis.thirdparty.io.grpc.StatusRuntimeException: CANCELLED: client cancelled
2022-04-28 13:45:55,854 [grpc-default-executor-0] WARN  server.GrpcServerProtocolService (LogUtils.java:warn(122)) - ed14f577-cd6a-4282-b253-bcfbdf05676a: installSnapshot onError, lastRequest: ab82d630-dee7-4177-af41-1c16b6b55497->ed14f577-cd6a-4282-b253-bcfbdf05676a#1-t4,previous=(t:0, i:0),leaderCommit=-1,initializing? true,entries: size=1, first=(t:4, i:0), CONFIGURATIONENTRY: org.apache.ratis.thirdparty.io.grpc.StatusRuntimeException: CANCELLED: client cancelled
2022-04-28 13:45:55,862 [grpc-default-executor-2] WARN  server.GrpcLogAppender (LogUtils.java:warn(122)) - 4f6314c6-5f1e-418e-9cab-9d7da23e485e@group-EABBF4BA2E45->ed14f577-cd6a-4282-b253-bcfbdf05676a-AppendLogResponseHandler: Failed appendEntries: org.apache.ratis.thirdparty.io.grpc.StatusRuntimeException: CANCELLED: HTTP/2 error code: CANCEL
Received Rst Stream
2022-04-28 13:45:55,862 [grpc-default-executor-2] WARN  server.GrpcLogAppender (GrpcLogAppender.java:resetClient(110)) - 4f6314c6-5f1e-418e-9cab-9d7da23e485e@group-EABBF4BA2E45->ed14f577-cd6a-4282-b253-bcfbdf05676a-GrpcLogAppender: Leader has not got in touch with Follower 4f6314c6-5f1e-418e-9cab-9d7da23e485e@group-EABBF4BA2E45->ed14f577-cd6a-4282-b253-bcfbdf05676a(c0,m0,n1, attendVote=true, lastRpcSendTime=1340, lastRpcResponseTime=1339) yet, just keep nextIndex unchanged and retry.
2022-04-28 13:45:55,865 [ForkJoinPool.commonPool-worker-1] INFO  server.GrpcService (GrpcService.java:closeImpl(271)) - ab92dd13-3a3c-494a-a601-0001755b8ba9: shutdown server with port 38077 successfully
2022-04-28 13:45:55,865 [grpc-default-executor-0] WARN  server.GrpcLogAppender (LogUtils.java:warn(122)) - 5f73a725-0f40-4029-8a7b-0ac4f52c09c7@group-C4D4B86834AA->ab92dd13-3a3c-494a-a601-0001755b8ba9-AppendLogResponseHandler: Failed appendEntries: org.apache.ratis.thirdparty.io.grpc.StatusRuntimeException: CANCELLED: HTTP/2 error code: CANCEL
Received Rst Stream
2022-04-28 13:45:55,865 [grpc-default-executor-0] INFO  leader.FollowerInfo (FollowerInfoImpl.java:lambda$new$0(47)) - 5f73a725-0f40-4029-8a7b-0ac4f52c09c7@group-C4D4B86834AA->ab92dd13-3a3c-494a-a601-0001755b8ba9: nextIndex: updateUnconditionally 3 -> 2
2022-04-28 13:45:55,865 [org.apache.ratis.util.JvmPauseMonitor$$Lambda$468/1104361616@20d8c8be] INFO  util.JvmPauseMonitor (JvmPauseMonitor.java:run(109)) - JvmPauseMonitor-ab92dd13-3a3c-494a-a601-0001755b8ba9: Stopped
2022-04-28 13:45:55,866 [grpc-default-executor-2] WARN  server.GrpcLogAppender (LogUtils.java:warn(122)) - ab82d630-dee7-4177-af41-1c16b6b55497@group-715227EE14BA->ed14f577-cd6a-4282-b253-bcfbdf05676a-AppendLogResponseHandler: Failed appendEntries: org.apache.ratis.thirdparty.io.grpc.StatusRuntimeException: CANCELLED: HTTP/2 error code: CANCEL
Received Rst Stream
2022-04-28 13:45:55,866 [grpc-default-executor-2] WARN  server.GrpcLogAppender (GrpcLogAppender.java:resetClient(110)) - ab82d630-dee7-4177-af41-1c16b6b55497@group-715227EE14BA->ed14f577-cd6a-4282-b253-bcfbdf05676a-GrpcLogAppender: Leader has not got in touch with Follower ab82d630-dee7-4177-af41-1c16b6b55497@group-715227EE14BA->ed14f577-cd6a-4282-b253-bcfbdf05676a(c0,m0,n1, attendVote=true, lastRpcSendTime=933, lastRpcResponseTime=931) yet, just keep nextIndex unchanged and retry.
2022-04-28 13:45:55,893 [Listener at 127.0.0.1/38637] INFO  server.GrpcService (GrpcService.java:closeImpl(271)) - ed14f577-cd6a-4282-b253-bcfbdf05676a: shutdown server with port 43755 successfully
2022-04-28 13:45:55,894 [org.apache.ratis.util.JvmPauseMonitor$$Lambda$468/1104361616@16d90364] INFO  util.JvmPauseMonitor (JvmPauseMonitor.java:run(109)) - JvmPauseMonitor-ed14f577-cd6a-4282-b253-bcfbdf05676a: Stopped
2022-04-28 13:45:55,904 [grpc-default-executor-0] WARN  server.GrpcLogAppender (LogUtils.java:warn(122)) - 5f73a725-0f40-4029-8a7b-0ac4f52c09c7@group-C4D4B86834AA->ab92dd13-3a3c-494a-a601-0001755b8ba9-AppendLogResponseHandler: Failed appendEntries: org.apache.ratis.thirdparty.io.grpc.StatusRuntimeException: UNAVAILABLE: io exception
2022-04-28 13:45:55,905 [grpc-default-executor-0] INFO  leader.FollowerInfo (FollowerInfoImpl.java:lambda$new$0(47)) - 5f73a725-0f40-4029-8a7b-0ac4f52c09c7@group-C4D4B86834AA->ab92dd13-3a3c-494a-a601-0001755b8ba9: nextIndex: updateUnconditionally 3 -> 2
2022-04-28 13:45:57,027 [grpc-default-executor-0] WARN  server.GrpcLogAppender (LogUtils.java:warn(122)) - 4f6314c6-5f1e-418e-9cab-9d7da23e485e@group-EABBF4BA2E45->ed14f577-cd6a-4282-b253-bcfbdf05676a-AppendLogResponseHandler: Failed appendEntries: org.apache.ratis.thirdparty.io.grpc.StatusRuntimeException: UNAVAILABLE: io exception
2022-04-28 13:45:57,027 [grpc-default-executor-0] WARN  server.GrpcLogAppender (GrpcLogAppender.java:resetClient(110)) - 4f6314c6-5f1e-418e-9cab-9d7da23e485e@group-EABBF4BA2E45->ed14f577-cd6a-4282-b253-bcfbdf05676a-GrpcLogAppender: Leader has not got in touch with Follower 4f6314c6-5f1e-418e-9cab-9d7da23e485e@group-EABBF4BA2E45->ed14f577-cd6a-4282-b253-bcfbdf05676a(c0,m0,n1, attendVote=true, lastRpcSendTime=0, lastRpcResponseTime=2504) yet, just keep nextIndex unchanged and retry.
2022-04-28 13:45:57,331 [grpc-default-executor-0] WARN  server.GrpcLogAppender (LogUtils.java:warn(122)) - 5f73a725-0f40-4029-8a7b-0ac4f52c09c7@group-C4D4B86834AA->ab92dd13-3a3c-494a-a601-0001755b8ba9-AppendLogResponseHandler: Failed appendEntries: org.apache.ratis.thirdparty.io.grpc.StatusRuntimeException: UNAVAILABLE: io exception
2022-04-28 13:45:57,331 [grpc-default-executor-0] INFO  leader.FollowerInfo (FollowerInfoImpl.java:lambda$new$0(47)) - 5f73a725-0f40-4029-8a7b-0ac4f52c09c7@group-C4D4B86834AA->ab92dd13-3a3c-494a-a601-0001755b8ba9: nextIndex: updateUnconditionally 3 -> 2
2022-04-28 13:45:57,436 [grpc-default-executor-2] WARN  server.GrpcLogAppender (LogUtils.java:warn(122)) - ab82d630-dee7-4177-af41-1c16b6b55497@group-715227EE14BA->ed14f577-cd6a-4282-b253-bcfbdf05676a-AppendLogResponseHandler: Failed appendEntries: org.apache.ratis.thirdparty.io.grpc.StatusRuntimeException: UNAVAILABLE: io exception
2022-04-28 13:45:57,437 [grpc-default-executor-2] WARN  server.GrpcLogAppender (GrpcLogAppender.java:resetClient(110)) - ab82d630-dee7-4177-af41-1c16b6b55497@group-715227EE14BA->ed14f577-cd6a-4282-b253-bcfbdf05676a-GrpcLogAppender: Leader has not got in touch with Follower ab82d630-dee7-4177-af41-1c16b6b55497@group-715227EE14BA->ed14f577-cd6a-4282-b253-bcfbdf05676a(c0,m0,n1, attendVote=true, lastRpcSendTime=1, lastRpcResponseTime=2502) yet, just keep nextIndex unchanged and retry.
2022-04-28 13:45:57,896 [ForkJoinPool.commonPool-worker-1] INFO  utils.BackgroundService (BackgroundService.java:shutdown(132)) - Shutting down service BlockDeletingService
2022-04-28 13:45:57,911 [Listener at 127.0.0.1/38637] INFO  utils.BackgroundService (BackgroundService.java:shutdown(132)) - Shutting down service BlockDeletingService
2022-04-28 13:45:58,568 [0560cff9-c55c-4a15-aea8-16ef2e8911e2@group-1E6DBB551F13-FollowerState] INFO  impl.FollowerState (FollowerState.java:run(134)) - 0560cff9-c55c-4a15-aea8-16ef2e8911e2@group-1E6DBB551F13-FollowerState: change to CANDIDATE, lastRpcElapsedTime:5100940423ns, electionTimeout:5002ms
2022-04-28 13:45:58,569 [0560cff9-c55c-4a15-aea8-16ef2e8911e2@group-1E6DBB551F13-FollowerState] INFO  impl.RoleInfo (RoleInfo.java:shutdownFollowerState(108)) - 0560cff9-c55c-4a15-aea8-16ef2e8911e2: shutdown 0560cff9-c55c-4a15-aea8-16ef2e8911e2@group-1E6DBB551F13-FollowerState
2022-04-28 13:45:58,569 [0560cff9-c55c-4a15-aea8-16ef2e8911e2@group-1E6DBB551F13-FollowerState] INFO  server.RaftServer$Division (RaftServerImpl.java:setRole(290)) - 0560cff9-c55c-4a15-aea8-16ef2e8911e2@group-1E6DBB551F13: changes role from  FOLLOWER to CANDIDATE at term 2 for changeToCandidate
2022-04-28 13:45:58,569 [0560cff9-c55c-4a15-aea8-16ef2e8911e2@group-1E6DBB551F13-FollowerState] INFO  server.RaftServerConfigKeys (ConfUtils.java:logGet(44)) - raft.server.leaderelection.pre-vote = false (custom)
2022-04-28 13:45:58,569 [0560cff9-c55c-4a15-aea8-16ef2e8911e2@group-1E6DBB551F13-FollowerState] INFO  impl.RoleInfo (RoleInfo.java:updateAndGet(130)) - 0560cff9-c55c-4a15-aea8-16ef2e8911e2: start 0560cff9-c55c-4a15-aea8-16ef2e8911e2@group-1E6DBB551F13-LeaderElection29
2022-04-28 13:45:58,574 [0560cff9-c55c-4a15-aea8-16ef2e8911e2@group-1E6DBB551F13-LeaderElection29] INFO  server.RaftServer$Division (ServerState.java:setLeader(285)) - 0560cff9-c55c-4a15-aea8-16ef2e8911e2@group-1E6DBB551F13: change Leader from ab92dd13-3a3c-494a-a601-0001755b8ba9 to null at term 2 for ELECTION
2022-04-28 13:45:58,577 [0560cff9-c55c-4a15-aea8-16ef2e8911e2@group-1E6DBB551F13-LeaderElection29] INFO  impl.LeaderElection (LeaderElection.java:askForVotes(306)) - 0560cff9-c55c-4a15-aea8-16ef2e8911e2@group-1E6DBB551F13-LeaderElection29 ELECTION round 0: submit vote requests at term 3 for 0: [ab92dd13-3a3c-494a-a601-0001755b8ba9|rpc:10.1.0.6:38077|dataStream:|priority:1, 5f73a725-0f40-4029-8a7b-0ac4f52c09c7|rpc:10.1.0.6:38783|dataStream:|priority:0, 0560cff9-c55c-4a15-aea8-16ef2e8911e2|rpc:10.1.0.6:37139|dataStream:|priority:0], old=null
2022-04-28 13:45:58,623 [0560cff9-c55c-4a15-aea8-16ef2e8911e2@group-1E6DBB551F13-LeaderElection29] INFO  impl.LeaderElection (LogUtils.java:infoOrTrace(137)) - 0560cff9-c55c-4a15-aea8-16ef2e8911e2@group-1E6DBB551F13-LeaderElection29 got exception when requesting votes: java.util.concurrent.ExecutionException: org.apache.ratis.thirdparty.io.grpc.StatusRuntimeException: UNAVAILABLE: io exception
2022-04-28 13:45:58,624 [grpc-default-executor-2] INFO  server.RaftServer$Division (RaftServerImpl.java:requestVote(1046)) - 5f73a725-0f40-4029-8a7b-0ac4f52c09c7@group-1E6DBB551F13: receive requestVote(ELECTION, 0560cff9-c55c-4a15-aea8-16ef2e8911e2, group-1E6DBB551F13, 3, (t:2, i:0))
2022-04-28 13:45:58,624 [grpc-default-executor-2] INFO  impl.VoteContext (VoteContext.java:log(48)) - 5f73a725-0f40-4029-8a7b-0ac4f52c09c7@group-1E6DBB551F13-FOLLOWER: accept ELECTION from 0560cff9-c55c-4a15-aea8-16ef2e8911e2: our priority 0 <= candidate's priority 0
2022-04-28 13:45:58,624 [grpc-default-executor-2] INFO  server.RaftServer$Division (ServerState.java:setLeader(285)) - 5f73a725-0f40-4029-8a7b-0ac4f52c09c7@group-1E6DBB551F13: change Leader from ab92dd13-3a3c-494a-a601-0001755b8ba9 to null at term 3 for updateCurrentTerm
2022-04-28 13:45:58,624 [grpc-default-executor-2] INFO  server.RaftServer$Division (RaftServerImpl.java:setRole(290)) - 5f73a725-0f40-4029-8a7b-0ac4f52c09c7@group-1E6DBB551F13: changes role from  FOLLOWER to FOLLOWER at term 3 for candidate:0560cff9-c55c-4a15-aea8-16ef2e8911e2
2022-04-28 13:45:58,624 [grpc-default-executor-2] INFO  impl.RoleInfo (RoleInfo.java:shutdownFollowerState(108)) - 5f73a725-0f40-4029-8a7b-0ac4f52c09c7: shutdown 5f73a725-0f40-4029-8a7b-0ac4f52c09c7@group-1E6DBB551F13-FollowerState
2022-04-28 13:45:58,624 [grpc-default-executor-2] INFO  impl.RoleInfo (RoleInfo.java:updateAndGet(130)) - 5f73a725-0f40-4029-8a7b-0ac4f52c09c7: start 5f73a725-0f40-4029-8a7b-0ac4f52c09c7@group-1E6DBB551F13-FollowerState
2022-04-28 13:45:58,624 [5f73a725-0f40-4029-8a7b-0ac4f52c09c7@group-1E6DBB551F13-FollowerState] INFO  impl.FollowerState (FollowerState.java:run(143)) - 5f73a725-0f40-4029-8a7b-0ac4f52c09c7@group-1E6DBB551F13-FollowerState was interrupted: {}
java.lang.InterruptedException: sleep interrupted
	at java.lang.Thread.sleep(Native Method)
	at java.lang.Thread.sleep(Thread.java:342)
	at java.util.concurrent.TimeUnit.sleep(TimeUnit.java:386)
	at org.apache.ratis.util.TimeDuration.sleep(TimeDuration.java:324)
	at org.apache.ratis.util.TimeDuration.sleep(TimeDuration.java:309)
	at org.apache.ratis.server.impl.FollowerState.run(FollowerState.java:118)
2022-04-28 13:45:58,639 [grpc-default-executor-2] INFO  server.RaftServer$Division (RaftServerImpl.java:requestVote(1078)) - 5f73a725-0f40-4029-8a7b-0ac4f52c09c7@group-1E6DBB551F13 replies to ELECTION vote request: 0560cff9-c55c-4a15-aea8-16ef2e8911e2<-5f73a725-0f40-4029-8a7b-0ac4f52c09c7#0:OK-t3. Peer's state: 5f73a725-0f40-4029-8a7b-0ac4f52c09c7@group-1E6DBB551F13:t3, leader=null, voted=0560cff9-c55c-4a15-aea8-16ef2e8911e2, raftlog=5f73a725-0f40-4029-8a7b-0ac4f52c09c7@group-1E6DBB551F13-SegmentedRaftLog:OPENED:c0, conf=0: [ab92dd13-3a3c-494a-a601-0001755b8ba9|rpc:10.1.0.6:38077|dataStream:|priority:1, 5f73a725-0f40-4029-8a7b-0ac4f52c09c7|rpc:10.1.0.6:38783|dataStream:|priority:0, 0560cff9-c55c-4a15-aea8-16ef2e8911e2|rpc:10.1.0.6:37139|dataStream:|priority:0], old=null
2022-04-28 13:45:58,643 [0560cff9-c55c-4a15-aea8-16ef2e8911e2@group-1E6DBB551F13-LeaderElection29] INFO  impl.LeaderElection (LeaderElection.java:logAndReturn(89)) - 0560cff9-c55c-4a15-aea8-16ef2e8911e2@group-1E6DBB551F13-LeaderElection29: ELECTION PASSED received 1 response(s) and 1 exception(s):
2022-04-28 13:45:58,643 [0560cff9-c55c-4a15-aea8-16ef2e8911e2@group-1E6DBB551F13-LeaderElection29] INFO  impl.LeaderElection (LeaderElection.java:logAndReturn(93)) -   Response 0: 0560cff9-c55c-4a15-aea8-16ef2e8911e2<-5f73a725-0f40-4029-8a7b-0ac4f52c09c7#0:OK-t3
2022-04-28 13:45:58,643 [0560cff9-c55c-4a15-aea8-16ef2e8911e2@group-1E6DBB551F13-LeaderElection29] INFO  impl.LeaderElection (LogUtils.java:infoOrTrace(137)) -   Exception 1: java.util.concurrent.ExecutionException: org.apache.ratis.thirdparty.io.grpc.StatusRuntimeException: UNAVAILABLE: io exception
2022-04-28 13:45:58,643 [0560cff9-c55c-4a15-aea8-16ef2e8911e2@group-1E6DBB551F13-LeaderElection29] INFO  impl.LeaderElection (LeaderElection.java:askForVotes(308)) - 0560cff9-c55c-4a15-aea8-16ef2e8911e2@group-1E6DBB551F13-LeaderElection29 ELECTION round 0: result PASSED
2022-04-28 13:45:58,643 [0560cff9-c55c-4a15-aea8-16ef2e8911e2@group-1E6DBB551F13-LeaderElection29] INFO  impl.RoleInfo (RoleInfo.java:shutdownLeaderElection(121)) - 0560cff9-c55c-4a15-aea8-16ef2e8911e2: shutdown 0560cff9-c55c-4a15-aea8-16ef2e8911e2@group-1E6DBB551F13-LeaderElection29
2022-04-28 13:45:58,644 [0560cff9-c55c-4a15-aea8-16ef2e8911e2@group-1E6DBB551F13-LeaderElection29] INFO  server.RaftServer$Division (RaftServerImpl.java:setRole(290)) - 0560cff9-c55c-4a15-aea8-16ef2e8911e2@group-1E6DBB551F13: changes role from CANDIDATE to LEADER at term 3 for changeToLeader
2022-04-28 13:45:58,644 [0560cff9-c55c-4a15-aea8-16ef2e8911e2@group-1E6DBB551F13-LeaderElection29] INFO  ratis.XceiverServerRatis (XceiverServerRatis.java:handleLeaderChangedNotification(863)) - Leader change notification received for group: group-1E6DBB551F13 with new leaderId: 0560cff9-c55c-4a15-aea8-16ef2e8911e2
2022-04-28 13:45:58,644 [0560cff9-c55c-4a15-aea8-16ef2e8911e2@group-1E6DBB551F13-LeaderElection29] INFO  server.RaftServer$Division (ServerState.java:setLeader(285)) - 0560cff9-c55c-4a15-aea8-16ef2e8911e2@group-1E6DBB551F13: change Leader from null to 0560cff9-c55c-4a15-aea8-16ef2e8911e2 at term 3 for becomeLeader, leader elected after 69ms
2022-04-28 13:45:58,644 [0560cff9-c55c-4a15-aea8-16ef2e8911e2@group-1E6DBB551F13-LeaderElection29] INFO  server.RaftServerConfigKeys (ConfUtils.java:logGet(44)) - raft.server.staging.catchup.gap = 1000 (default)
2022-04-28 13:45:58,644 [0560cff9-c55c-4a15-aea8-16ef2e8911e2@group-1E6DBB551F13-LeaderElection29] INFO  server.RaftServerConfigKeys (ConfUtils.java:logGet(44)) - raft.server.write.element-limit = 1024 (custom)
2022-04-28 13:45:58,644 [0560cff9-c55c-4a15-aea8-16ef2e8911e2@group-1E6DBB551F13-LeaderElection29] INFO  server.RaftServerConfigKeys (ConfUtils.java:logGet(44)) - raft.server.write.byte-limit = 1024 M (=1073741824) (custom)
2022-04-28 13:45:58,644 [0560cff9-c55c-4a15-aea8-16ef2e8911e2@group-1E6DBB551F13-LeaderElection29] INFO  server.RaftServerConfigKeys (ConfUtils.java:logGet(44)) - raft.server.watch.timeout = 3000ms (custom)
2022-04-28 13:45:58,644 [0560cff9-c55c-4a15-aea8-16ef2e8911e2@group-1E6DBB551F13-LeaderElection29] INFO  server.RaftServerConfigKeys (ConfUtils.java:logGet(44)) - raft.server.watch.timeout.denomination = 1s (default)
2022-04-28 13:45:58,644 [0560cff9-c55c-4a15-aea8-16ef2e8911e2@group-1E6DBB551F13-LeaderElection29] INFO  server.RaftServerConfigKeys (ConfUtils.java:logGet(44)) - raft.server.watch.element-limit = 65536 (default)
2022-04-28 13:45:58,644 [0560cff9-c55c-4a15-aea8-16ef2e8911e2@group-1E6DBB551F13-LeaderElection29] INFO  server.RaftServerConfigKeys (ConfUtils.java:logGet(44)) - raft.server.write.element-limit = 1024 (custom)
2022-04-28 13:45:58,645 [0560cff9-c55c-4a15-aea8-16ef2e8911e2@group-1E6DBB551F13-LeaderElection29] INFO  server.RaftServerConfigKeys (ConfUtils.java:logGet(44)) - raft.server.write.follower.gap.ratio.max = -1.0 (default)
2022-04-28 13:45:58,645 [0560cff9-c55c-4a15-aea8-16ef2e8911e2@group-1E6DBB551F13-LeaderElection29] INFO  server.RaftServerConfigKeys (ConfUtils.java:logGet(44)) - raft.server.log.appender.snapshot.chunk.size.max = 16MB (=16777216) (default)
2022-04-28 13:45:58,645 [0560cff9-c55c-4a15-aea8-16ef2e8911e2@group-1E6DBB551F13-LeaderElection29] INFO  server.RaftServerConfigKeys (ConfUtils.java:logGet(44)) - raft.server.log.appender.buffer.byte-limit = 33554432 (custom)
2022-04-28 13:45:58,645 [0560cff9-c55c-4a15-aea8-16ef2e8911e2@group-1E6DBB551F13-LeaderElection29] INFO  server.RaftServerConfigKeys (ConfUtils.java:logGet(44)) - raft.server.log.appender.buffer.element-limit = 1 (custom)
2022-04-28 13:45:58,645 [0560cff9-c55c-4a15-aea8-16ef2e8911e2@group-1E6DBB551F13-LeaderElection29] INFO  grpc.GrpcConfigKeys (ConfUtils.java:logGet(44)) - raft.grpc.server.leader.outstanding.appends.max = 128 (default)
2022-04-28 13:45:58,645 [0560cff9-c55c-4a15-aea8-16ef2e8911e2@group-1E6DBB551F13-LeaderElection29] INFO  server.RaftServerConfigKeys (ConfUtils.java:logGet(44)) - raft.server.rpc.request.timeout = 3000ms (default)
2022-04-28 13:45:58,645 [0560cff9-c55c-4a15-aea8-16ef2e8911e2@group-1E6DBB551F13-LeaderElection29] INFO  server.RaftServerConfigKeys (ConfUtils.java:logGet(44)) - raft.server.log.appender.install.snapshot.enabled = false (custom)
2022-04-28 13:45:58,654 [0560cff9-c55c-4a15-aea8-16ef2e8911e2@group-1E6DBB551F13-LeaderElection29] INFO  server.RaftServerConfigKeys (ConfUtils.java:logGet(44)) - raft.server.log.appender.snapshot.chunk.size.max = 16MB (=16777216) (default)
2022-04-28 13:45:58,654 [0560cff9-c55c-4a15-aea8-16ef2e8911e2@group-1E6DBB551F13-LeaderElection29] INFO  server.RaftServerConfigKeys (ConfUtils.java:logGet(44)) - raft.server.log.appender.buffer.byte-limit = 33554432 (custom)
2022-04-28 13:45:58,654 [0560cff9-c55c-4a15-aea8-16ef2e8911e2@group-1E6DBB551F13-LeaderElection29] INFO  server.RaftServerConfigKeys (ConfUtils.java:logGet(44)) - raft.server.log.appender.buffer.element-limit = 1 (custom)
2022-04-28 13:45:58,654 [0560cff9-c55c-4a15-aea8-16ef2e8911e2@group-1E6DBB551F13-LeaderElection29] INFO  grpc.GrpcConfigKeys (ConfUtils.java:logGet(44)) - raft.grpc.server.leader.outstanding.appends.max = 128 (default)
2022-04-28 13:45:58,654 [0560cff9-c55c-4a15-aea8-16ef2e8911e2@group-1E6DBB551F13-LeaderElection29] INFO  server.RaftServerConfigKeys (ConfUtils.java:logGet(44)) - raft.server.rpc.request.timeout = 3000ms (default)
2022-04-28 13:45:58,654 [0560cff9-c55c-4a15-aea8-16ef2e8911e2@group-1E6DBB551F13-LeaderElection29] INFO  server.RaftServerConfigKeys (ConfUtils.java:logGet(44)) - raft.server.log.appender.install.snapshot.enabled = false (custom)
2022-04-28 13:45:58,655 [0560cff9-c55c-4a15-aea8-16ef2e8911e2@group-1E6DBB551F13-LeaderElection29] INFO  impl.RoleInfo (RoleInfo.java:updateAndGet(130)) - 0560cff9-c55c-4a15-aea8-16ef2e8911e2: start 0560cff9-c55c-4a15-aea8-16ef2e8911e2@group-1E6DBB551F13-LeaderStateImpl
2022-04-28 13:45:58,655 [0560cff9-c55c-4a15-aea8-16ef2e8911e2@group-1E6DBB551F13-LeaderElection29] INFO  segmented.SegmentedRaftLogWorker (SegmentedRaftLogWorker.java:rollLogSegment(399)) - 0560cff9-c55c-4a15-aea8-16ef2e8911e2@group-1E6DBB551F13-SegmentedRaftLogWorker: Rolling segment log-0_0 to index:0
2022-04-28 13:45:58,657 [0560cff9-c55c-4a15-aea8-16ef2e8911e2@group-1E6DBB551F13-SegmentedRaftLogWorker] INFO  segmented.SegmentedRaftLogWorker (SegmentedRaftLogWorker.java:execute(558)) - 0560cff9-c55c-4a15-aea8-16ef2e8911e2@group-1E6DBB551F13-SegmentedRaftLogWorker: Rolled log segment from /home/runner/work/ozone/ozone/hadoop-ozone/integration-test/target/test-dir/MiniOzoneClusterImpl-961b773a-55ec-4776-b588-5de87e184680/datanode-2/data/ratis/cdcd232a-581d-4cbf-8bc8-1e6dbb551f13/current/log_inprogress_0 to /home/runner/work/ozone/ozone/hadoop-ozone/integration-test/target/test-dir/MiniOzoneClusterImpl-961b773a-55ec-4776-b588-5de87e184680/datanode-2/data/ratis/cdcd232a-581d-4cbf-8bc8-1e6dbb551f13/current/log_0-0
2022-04-28 13:45:58,659 [0560cff9-c55c-4a15-aea8-16ef2e8911e2@group-1E6DBB551F13-SegmentedRaftLogWorker] INFO  segmented.SegmentedRaftLogWorker (SegmentedRaftLogWorker.java:execute(601)) - 0560cff9-c55c-4a15-aea8-16ef2e8911e2@group-1E6DBB551F13-SegmentedRaftLogWorker: created new log segment /home/runner/work/ozone/ozone/hadoop-ozone/integration-test/target/test-dir/MiniOzoneClusterImpl-961b773a-55ec-4776-b588-5de87e184680/datanode-2/data/ratis/cdcd232a-581d-4cbf-8bc8-1e6dbb551f13/current/log_inprogress_1
2022-04-28 13:45:58,688 [grpc-default-executor-2] INFO  ratis.XceiverServerRatis (XceiverServerRatis.java:handleLeaderChangedNotification(863)) - Leader change notification received for group: group-1E6DBB551F13 with new leaderId: 0560cff9-c55c-4a15-aea8-16ef2e8911e2
2022-04-28 13:45:58,688 [grpc-default-executor-2] INFO  server.RaftServer$Division (ServerState.java:setLeader(285)) - 5f73a725-0f40-4029-8a7b-0ac4f52c09c7@group-1E6DBB551F13: change Leader from null to 0560cff9-c55c-4a15-aea8-16ef2e8911e2 at term 3 for appendEntries, leader elected after 63ms
2022-04-28 13:45:58,690 [0560cff9-c55c-4a15-aea8-16ef2e8911e2@group-1E6DBB551F13-LeaderElection29] INFO  server.RaftServer$Division (ServerState.java:setRaftConf(387)) - 0560cff9-c55c-4a15-aea8-16ef2e8911e2@group-1E6DBB551F13: set configuration 1: [ab92dd13-3a3c-494a-a601-0001755b8ba9|rpc:10.1.0.6:38077|dataStream:|priority:1, 5f73a725-0f40-4029-8a7b-0ac4f52c09c7|rpc:10.1.0.6:38783|dataStream:|priority:0, 0560cff9-c55c-4a15-aea8-16ef2e8911e2|rpc:10.1.0.6:37139|dataStream:|priority:0], old=null
2022-04-28 13:45:58,690 [grpc-default-executor-0] WARN  server.GrpcLogAppender (LogUtils.java:warn(122)) - 0560cff9-c55c-4a15-aea8-16ef2e8911e2@group-1E6DBB551F13->ab92dd13-3a3c-494a-a601-0001755b8ba9-AppendLogResponseHandler: Failed appendEntries: org.apache.ratis.thirdparty.io.grpc.StatusRuntimeException: UNAVAILABLE: io exception
2022-04-28 13:45:58,691 [grpc-default-executor-0] WARN  server.GrpcLogAppender (GrpcLogAppender.java:resetClient(110)) - 0560cff9-c55c-4a15-aea8-16ef2e8911e2@group-1E6DBB551F13->ab92dd13-3a3c-494a-a601-0001755b8ba9-GrpcLogAppender: Leader has not got in touch with Follower 0560cff9-c55c-4a15-aea8-16ef2e8911e2@group-1E6DBB551F13->ab92dd13-3a3c-494a-a601-0001755b8ba9(c-1,m0,n1, attendVote=true, lastRpcSendTime=5246, lastRpcResponseTime=5246) yet, just keep nextIndex unchanged and retry.
2022-04-28 13:45:58,700 [grpc-default-executor-0] WARN  server.GrpcLogAppender (LogUtils.java:warn(122)) - 0560cff9-c55c-4a15-aea8-16ef2e8911e2@group-1E6DBB551F13->ab92dd13-3a3c-494a-a601-0001755b8ba9-AppendLogResponseHandler: Failed appendEntries: org.apache.ratis.thirdparty.io.grpc.StatusRuntimeException: UNAVAILABLE: io exception
2022-04-28 13:45:58,700 [grpc-default-executor-0] WARN  server.GrpcLogAppender (GrpcLogAppender.java:resetClient(110)) - 0560cff9-c55c-4a15-aea8-16ef2e8911e2@group-1E6DBB551F13->ab92dd13-3a3c-494a-a601-0001755b8ba9-GrpcLogAppender: Leader has not got in touch with Follower 0560cff9-c55c-4a15-aea8-16ef2e8911e2@group-1E6DBB551F13->ab92dd13-3a3c-494a-a601-0001755b8ba9(c-1,m0,n2, attendVote=true, lastRpcSendTime=7, lastRpcResponseTime=5255) yet, just keep nextIndex unchanged and retry.
2022-04-28 13:45:58,706 [grpc-default-executor-2] INFO  server.RaftServer$Division (ServerState.java:setRaftConf(387)) - 5f73a725-0f40-4029-8a7b-0ac4f52c09c7@group-1E6DBB551F13: set configuration 1: [ab92dd13-3a3c-494a-a601-0001755b8ba9|rpc:10.1.0.6:38077|dataStream:|priority:1, 5f73a725-0f40-4029-8a7b-0ac4f52c09c7|rpc:10.1.0.6:38783|dataStream:|priority:0, 0560cff9-c55c-4a15-aea8-16ef2e8911e2|rpc:10.1.0.6:37139|dataStream:|priority:0], old=null
2022-04-28 13:45:58,706 [grpc-default-executor-2] INFO  segmented.SegmentedRaftLogWorker (SegmentedRaftLogWorker.java:rollLogSegment(399)) - 5f73a725-0f40-4029-8a7b-0ac4f52c09c7@group-1E6DBB551F13-SegmentedRaftLogWorker: Rolling segment log-0_0 to index:0
2022-04-28 13:45:58,707 [5f73a725-0f40-4029-8a7b-0ac4f52c09c7@group-1E6DBB551F13-SegmentedRaftLogWorker] INFO  segmented.SegmentedRaftLogWorker (SegmentedRaftLogWorker.java:execute(558)) - 5f73a725-0f40-4029-8a7b-0ac4f52c09c7@group-1E6DBB551F13-SegmentedRaftLogWorker: Rolled log segment from /home/runner/work/ozone/ozone/hadoop-ozone/integration-test/target/test-dir/MiniOzoneClusterImpl-961b773a-55ec-4776-b588-5de87e184680/datanode-0/data/ratis/cdcd232a-581d-4cbf-8bc8-1e6dbb551f13/current/log_inprogress_0 to /home/runner/work/ozone/ozone/hadoop-ozone/integration-test/target/test-dir/MiniOzoneClusterImpl-961b773a-55ec-4776-b588-5de87e184680/datanode-0/data/ratis/cdcd232a-581d-4cbf-8bc8-1e6dbb551f13/current/log_0-0
2022-04-28 13:45:58,710 [5f73a725-0f40-4029-8a7b-0ac4f52c09c7@group-1E6DBB551F13-SegmentedRaftLogWorker] INFO  segmented.SegmentedRaftLogWorker (SegmentedRaftLogWorker.java:execute(601)) - 5f73a725-0f40-4029-8a7b-0ac4f52c09c7@group-1E6DBB551F13-SegmentedRaftLogWorker: created new log segment /home/runner/work/ozone/ozone/hadoop-ozone/integration-test/target/test-dir/MiniOzoneClusterImpl-961b773a-55ec-4776-b588-5de87e184680/datanode-0/data/ratis/cdcd232a-581d-4cbf-8bc8-1e6dbb551f13/current/log_inprogress_1
2022-04-28 13:45:58,778 [grpc-default-executor-2] WARN  server.GrpcLogAppender (LogUtils.java:warn(122)) - 0560cff9-c55c-4a15-aea8-16ef2e8911e2@group-1E6DBB551F13->ab92dd13-3a3c-494a-a601-0001755b8ba9-AppendLogResponseHandler: Failed appendEntries: org.apache.ratis.thirdparty.io.grpc.StatusRuntimeException: UNAVAILABLE: io exception
2022-04-28 13:45:58,779 [grpc-default-executor-2] WARN  server.GrpcLogAppender (GrpcLogAppender.java:resetClient(110)) - 0560cff9-c55c-4a15-aea8-16ef2e8911e2@group-1E6DBB551F13->ab92dd13-3a3c-494a-a601-0001755b8ba9-GrpcLogAppender: Leader has not got in touch with Follower 0560cff9-c55c-4a15-aea8-16ef2e8911e2@group-1E6DBB551F13->ab92dd13-3a3c-494a-a601-0001755b8ba9(c-1,m0,n3, attendVote=true, lastRpcSendTime=77, lastRpcResponseTime=5333) yet, just keep nextIndex unchanged and retry.
2022-04-28 13:45:59,527 [grpc-default-executor-2] WARN  server.GrpcLogAppender (LogUtils.java:warn(122)) - 4f6314c6-5f1e-418e-9cab-9d7da23e485e@group-EABBF4BA2E45->ed14f577-cd6a-4282-b253-bcfbdf05676a-AppendLogResponseHandler: Failed appendEntries: org.apache.ratis.thirdparty.io.grpc.StatusRuntimeException: UNAVAILABLE: io exception
2022-04-28 13:45:59,528 [grpc-default-executor-2] WARN  server.GrpcLogAppender (GrpcLogAppender.java:resetClient(110)) - 4f6314c6-5f1e-418e-9cab-9d7da23e485e@group-EABBF4BA2E45->ed14f577-cd6a-4282-b253-bcfbdf05676a-GrpcLogAppender: Leader has not got in touch with Follower 4f6314c6-5f1e-418e-9cab-9d7da23e485e@group-EABBF4BA2E45->ed14f577-cd6a-4282-b253-bcfbdf05676a(c0,m0,n1, attendVote=true, lastRpcSendTime=0, lastRpcResponseTime=5004) yet, just keep nextIndex unchanged and retry.
2022-04-28 13:45:59,831 [grpc-default-executor-0] WARN  server.GrpcLogAppender (LogUtils.java:warn(122)) - 5f73a725-0f40-4029-8a7b-0ac4f52c09c7@group-C4D4B86834AA->ab92dd13-3a3c-494a-a601-0001755b8ba9-AppendLogResponseHandler: Failed appendEntries: org.apache.ratis.thirdparty.io.grpc.StatusRuntimeException: UNAVAILABLE: io exception
2022-04-28 13:45:59,832 [grpc-default-executor-0] INFO  leader.FollowerInfo (FollowerInfoImpl.java:lambda$new$0(47)) - 5f73a725-0f40-4029-8a7b-0ac4f52c09c7@group-C4D4B86834AA->ab92dd13-3a3c-494a-a601-0001755b8ba9: nextIndex: updateUnconditionally 3 -> 2
2022-04-28 13:45:59,937 [grpc-default-executor-2] WARN  server.GrpcLogAppender (LogUtils.java:warn(122)) - ab82d630-dee7-4177-af41-1c16b6b55497@group-715227EE14BA->ed14f577-cd6a-4282-b253-bcfbdf05676a-AppendLogResponseHandler: Failed appendEntries: org.apache.ratis.thirdparty.io.grpc.StatusRuntimeException: UNAVAILABLE: io exception
2022-04-28 13:45:59,938 [grpc-default-executor-2] WARN  server.GrpcLogAppender (GrpcLogAppender.java:resetClient(110)) - ab82d630-dee7-4177-af41-1c16b6b55497@group-715227EE14BA->ed14f577-cd6a-4282-b253-bcfbdf05676a-GrpcLogAppender: Leader has not got in touch with Follower ab82d630-dee7-4177-af41-1c16b6b55497@group-715227EE14BA->ed14f577-cd6a-4282-b253-bcfbdf05676a(c0,m0,n1, attendVote=true, lastRpcSendTime=2502, lastRpcResponseTime=5003) yet, just keep nextIndex unchanged and retry.
2022-04-28 13:46:00,911 [ForkJoinPool.commonPool-worker-1] INFO  statemachine.DatanodeStateMachine (DatanodeStateMachine.java:stopDaemon(560)) - Ozone container server stopped.
2022-04-28 13:46:00,933 [Listener at 127.0.0.1/38637] INFO  statemachine.DatanodeStateMachine (DatanodeStateMachine.java:stopDaemon(560)) - Ozone container server stopped.
2022-04-28 13:46:00,945 [Listener at 127.0.0.1/38637] INFO  handler.ContextHandler (ContextHandler.java:doStop(1153)) - Stopped o.e.j.w.WebAppContext@32472444{hddsDatanode,/,null,STOPPED}{jar:file:/home/runner/.m2/repository/org/apache/ozone/hdds-container-service/1.3.0-SNAPSHOT/hdds-container-service-1.3.0-SNAPSHOT.jar!/webapps/hddsDatanode}
2022-04-28 13:46:00,967 [Listener at 127.0.0.1/38637] INFO  server.AbstractConnector (AbstractConnector.java:doStop(381)) - Stopped ServerConnector@11ea189f{HTTP/1.1, (http/1.1)}{0.0.0.0:0}
2022-04-28 13:46:00,967 [Listener at 127.0.0.1/38637] INFO  server.session (HouseKeeper.java:stopScavenging(149)) - node0 Stopped scavenging
2022-04-28 13:46:00,967 [Listener at 127.0.0.1/38637] INFO  handler.ContextHandler (ContextHandler.java:doStop(1153)) - Stopped o.e.j.s.ServletContextHandler@74711c7b{static,/static,jar:file:/home/runner/.m2/repository/org/apache/ozone/hdds-container-service/1.3.0-SNAPSHOT/hdds-container-service-1.3.0-SNAPSHOT.jar!/webapps/static,STOPPED}
2022-04-28 13:46:00,967 [Listener at 127.0.0.1/38637] INFO  handler.ContextHandler (ContextHandler.java:doStop(1153)) - Stopped o.e.j.s.ServletContextHandler@6e244a9e{logs,/logs,file:///home/runner/work/ozone/ozone/hadoop-ozone/integration-test/target/log,STOPPED}
2022-04-28 13:46:00,962 [ForkJoinPool.commonPool-worker-1] INFO  handler.ContextHandler (ContextHandler.java:doStop(1153)) - Stopped o.e.j.w.WebAppContext@7678d53d{hddsDatanode,/,null,STOPPED}{jar:file:/home/runner/.m2/repository/org/apache/ozone/hdds-container-service/1.3.0-SNAPSHOT/hdds-container-service-1.3.0-SNAPSHOT.jar!/webapps/hddsDatanode}
2022-04-28 13:46:00,982 [ForkJoinPool.commonPool-worker-1] INFO  server.AbstractConnector (AbstractConnector.java:doStop(381)) - Stopped ServerConnector@7af69ab4{HTTP/1.1, (http/1.1)}{0.0.0.0:0}
2022-04-28 13:46:00,983 [ForkJoinPool.commonPool-worker-1] INFO  server.session (HouseKeeper.java:stopScavenging(149)) - node0 Stopped scavenging
2022-04-28 13:46:00,985 [ForkJoinPool.commonPool-worker-1] INFO  handler.ContextHandler (ContextHandler.java:doStop(1153)) - Stopped o.e.j.s.ServletContextHandler@4646a422{static,/static,jar:file:/home/runner/.m2/repository/org/apache/ozone/hdds-container-service/1.3.0-SNAPSHOT/hdds-container-service-1.3.0-SNAPSHOT.jar!/webapps/static,STOPPED}
2022-04-28 13:46:00,985 [ForkJoinPool.commonPool-worker-1] INFO  handler.ContextHandler (ContextHandler.java:doStop(1153)) - Stopped o.e.j.s.ServletContextHandler@6819eafa{logs,/logs,file:///home/runner/work/ozone/ozone/hadoop-ozone/integration-test/target/log,STOPPED}
2022-04-28 13:46:01,288 [grpc-default-executor-2] WARN  server.GrpcLogAppender (LogUtils.java:warn(122)) - 0560cff9-c55c-4a15-aea8-16ef2e8911e2@group-1E6DBB551F13->ab92dd13-3a3c-494a-a601-0001755b8ba9-AppendLogResponseHandler: Failed appendEntries: org.apache.ratis.thirdparty.io.grpc.StatusRuntimeException: UNAVAILABLE: io exception
2022-04-28 13:46:01,289 [grpc-default-executor-2] WARN  server.GrpcLogAppender (GrpcLogAppender.java:resetClient(110)) - 0560cff9-c55c-4a15-aea8-16ef2e8911e2@group-1E6DBB551F13->ab92dd13-3a3c-494a-a601-0001755b8ba9-GrpcLogAppender: Leader has not got in touch with Follower 0560cff9-c55c-4a15-aea8-16ef2e8911e2@group-1E6DBB551F13->ab92dd13-3a3c-494a-a601-0001755b8ba9(c-1,m0,n3, attendVote=true, lastRpcSendTime=0, lastRpcResponseTime=7844) yet, just keep nextIndex unchanged and retry.
2022-04-28 13:46:02,032 [grpc-default-executor-2] WARN  server.GrpcLogAppender (LogUtils.java:warn(122)) - 4f6314c6-5f1e-418e-9cab-9d7da23e485e@group-EABBF4BA2E45->ed14f577-cd6a-4282-b253-bcfbdf05676a-AppendLogResponseHandler: Failed appendEntries: org.apache.ratis.thirdparty.io.grpc.StatusRuntimeException: UNAVAILABLE: io exception
2022-04-28 13:46:02,035 [grpc-default-executor-2] WARN  server.GrpcLogAppender (GrpcLogAppender.java:resetClient(110)) - 4f6314c6-5f1e-418e-9cab-9d7da23e485e@group-EABBF4BA2E45->ed14f577-cd6a-4282-b253-bcfbdf05676a-GrpcLogAppender: Leader has not got in touch with Follower 4f6314c6-5f1e-418e-9cab-9d7da23e485e@group-EABBF4BA2E45->ed14f577-cd6a-4282-b253-bcfbdf05676a(c0,m0,n1, attendVote=true, lastRpcSendTime=2507, lastRpcResponseTime=7511) yet, just keep nextIndex unchanged and retry.
2022-04-28 13:46:02,332 [grpc-default-executor-2] WARN  server.GrpcLogAppender (LogUtils.java:warn(122)) - 5f73a725-0f40-4029-8a7b-0ac4f52c09c7@group-C4D4B86834AA->ab92dd13-3a3c-494a-a601-0001755b8ba9-AppendLogResponseHandler: Failed appendEntries: org.apache.ratis.thirdparty.io.grpc.StatusRuntimeException: UNAVAILABLE: io exception
2022-04-28 13:46:02,333 [grpc-default-executor-2] INFO  leader.FollowerInfo (FollowerInfoImpl.java:lambda$new$0(47)) - 5f73a725-0f40-4029-8a7b-0ac4f52c09c7@group-C4D4B86834AA->ab92dd13-3a3c-494a-a601-0001755b8ba9: nextIndex: updateUnconditionally 3 -> 2
2022-04-28 13:46:02,478 [grpc-default-executor-0] WARN  server.GrpcLogAppender (LogUtils.java:warn(122)) - ab82d630-dee7-4177-af41-1c16b6b55497@group-715227EE14BA->ed14f577-cd6a-4282-b253-bcfbdf05676a-AppendLogResponseHandler: Failed appendEntries: org.apache.ratis.thirdparty.io.grpc.StatusRuntimeException: UNAVAILABLE: io exception
2022-04-28 13:46:02,478 [grpc-default-executor-0] WARN  server.GrpcLogAppender (GrpcLogAppender.java:resetClient(110)) - ab82d630-dee7-4177-af41-1c16b6b55497@group-715227EE14BA->ed14f577-cd6a-4282-b253-bcfbdf05676a-GrpcLogAppender: Leader has not got in touch with Follower ab82d630-dee7-4177-af41-1c16b6b55497@group-715227EE14BA->ed14f577-cd6a-4282-b253-bcfbdf05676a(c0,m0,n1, attendVote=true, lastRpcSendTime=0, lastRpcResponseTime=7543) yet, just keep nextIndex unchanged and retry.
2022-04-28 13:46:03,790 [grpc-default-executor-0] WARN  server.GrpcLogAppender (LogUtils.java:warn(122)) - 0560cff9-c55c-4a15-aea8-16ef2e8911e2@group-1E6DBB551F13->ab92dd13-3a3c-494a-a601-0001755b8ba9-AppendLogResponseHandler: Failed appendEntries: org.apache.ratis.thirdparty.io.grpc.StatusRuntimeException: UNAVAILABLE: io exception
2022-04-28 13:46:03,803 [grpc-default-executor-0] WARN  server.GrpcLogAppender (GrpcLogAppender.java:resetClient(110)) - 0560cff9-c55c-4a15-aea8-16ef2e8911e2@group-1E6DBB551F13->ab92dd13-3a3c-494a-a601-0001755b8ba9-GrpcLogAppender: Leader has not got in touch with Follower 0560cff9-c55c-4a15-aea8-16ef2e8911e2@group-1E6DBB551F13->ab92dd13-3a3c-494a-a601-0001755b8ba9(c-1,m0,n3, attendVote=true, lastRpcSendTime=11, lastRpcResponseTime=10358) yet, just keep nextIndex unchanged and retry.
2022-04-28 13:46:04,546 [grpc-default-executor-0] WARN  server.GrpcLogAppender (LogUtils.java:warn(122)) - 4f6314c6-5f1e-418e-9cab-9d7da23e485e@group-EABBF4BA2E45->ed14f577-cd6a-4282-b253-bcfbdf05676a-AppendLogResponseHandler: Failed appendEntries: org.apache.ratis.thirdparty.io.grpc.StatusRuntimeException: UNAVAILABLE: io exception
2022-04-28 13:46:04,547 [grpc-default-executor-0] WARN  server.GrpcLogAppender (GrpcLogAppender.java:resetClient(110)) - 4f6314c6-5f1e-418e-9cab-9d7da23e485e@group-EABBF4BA2E45->ed14f577-cd6a-4282-b253-bcfbdf05676a-GrpcLogAppender: Leader has not got in touch with Follower 4f6314c6-5f1e-418e-9cab-9d7da23e485e@group-EABBF4BA2E45->ed14f577-cd6a-4282-b253-bcfbdf05676a(c0,m0,n1, attendVote=true, lastRpcSendTime=2507, lastRpcResponseTime=10023) yet, just keep nextIndex unchanged and retry.
2022-04-28 13:46:04,833 [grpc-default-executor-0] WARN  server.GrpcLogAppender (LogUtils.java:warn(122)) - 5f73a725-0f40-4029-8a7b-0ac4f52c09c7@group-C4D4B86834AA->ab92dd13-3a3c-494a-a601-0001755b8ba9-AppendLogResponseHandler: Failed appendEntries: org.apache.ratis.thirdparty.io.grpc.StatusRuntimeException: UNAVAILABLE: io exception
2022-04-28 13:46:04,833 [grpc-default-executor-0] INFO  leader.FollowerInfo (FollowerInfoImpl.java:lambda$new$0(47)) - 5f73a725-0f40-4029-8a7b-0ac4f52c09c7@group-C4D4B86834AA->ab92dd13-3a3c-494a-a601-0001755b8ba9: nextIndex: updateUnconditionally 3 -> 2
2022-04-28 13:46:04,982 [grpc-default-executor-0] WARN  server.GrpcLogAppender (LogUtils.java:warn(122)) - ab82d630-dee7-4177-af41-1c16b6b55497@group-715227EE14BA->ed14f577-cd6a-4282-b253-bcfbdf05676a-AppendLogResponseHandler: Failed appendEntries: org.apache.ratis.thirdparty.io.grpc.StatusRuntimeException: UNAVAILABLE: io exception
2022-04-28 13:46:04,983 [grpc-default-executor-0] WARN  server.GrpcLogAppender (GrpcLogAppender.java:resetClient(110)) - ab82d630-dee7-4177-af41-1c16b6b55497@group-715227EE14BA->ed14f577-cd6a-4282-b253-bcfbdf05676a-GrpcLogAppender: Leader has not got in touch with Follower ab82d630-dee7-4177-af41-1c16b6b55497@group-715227EE14BA->ed14f577-cd6a-4282-b253-bcfbdf05676a(c0,m0,n1, attendVote=true, lastRpcSendTime=2504, lastRpcResponseTime=10048) yet, just keep nextIndex unchanged and retry.
2022-04-28 13:46:05,970 [Listener at 127.0.0.1/38637] INFO  ozoneimpl.OzoneContainer (OzoneContainer.java:stop(356)) - Attempting to stop container services.
2022-04-28 13:46:05,971 [Listener at 127.0.0.1/38637] INFO  server.RaftServer (RaftServerProxy.java:lambda$close$6(391)) - ab82d630-dee7-4177-af41-1c16b6b55497: close
2022-04-28 13:46:05,971 [Listener at 127.0.0.1/38637] INFO  server.RaftServer$Division (RaftServerImpl.java:lambda$close$4(412)) - ab82d630-dee7-4177-af41-1c16b6b55497@group-715227EE14BA: shutdown
2022-04-28 13:46:05,971 [Listener at 127.0.0.1/38637] INFO  util.JmxRegister (JmxRegister.java:unregister(73)) - Successfully un-registered JMX Bean with object name Ratis:service=RaftServer,group=group-715227EE14BA,id=ab82d630-dee7-4177-af41-1c16b6b55497
2022-04-28 13:46:05,971 [Listener at 127.0.0.1/38637] INFO  impl.RoleInfo (RoleInfo.java:shutdownLeaderState(91)) - ab82d630-dee7-4177-af41-1c16b6b55497: shutdown ab82d630-dee7-4177-af41-1c16b6b55497@group-715227EE14BA-LeaderStateImpl
2022-04-28 13:46:05,971 [Listener at 127.0.0.1/38637] INFO  impl.PendingRequests (PendingRequests.java:sendNotLeaderResponses(282)) - ab82d630-dee7-4177-af41-1c16b6b55497@group-715227EE14BA-PendingRequests: sendNotLeaderResponses
2022-04-28 13:46:05,972 [ab82d630-dee7-4177-af41-1c16b6b55497@group-715227EE14BA->4f6314c6-5f1e-418e-9cab-9d7da23e485e-GrpcLogAppender-LogAppenderDaemon] WARN  server.GrpcLogAppender (GrpcLogAppender.java:mayWait(177)) - ab82d630-dee7-4177-af41-1c16b6b55497@group-715227EE14BA->4f6314c6-5f1e-418e-9cab-9d7da23e485e-GrpcLogAppender: Wait interrupted by java.lang.InterruptedException
2022-04-28 13:46:05,972 [Listener at 127.0.0.1/38637] INFO  impl.StateMachineUpdater (StateMachineUpdater.java:stopAndJoin(149)) - ab82d630-dee7-4177-af41-1c16b6b55497@group-715227EE14BA-StateMachineUpdater: set stopIndex = 0
2022-04-28 13:46:05,973 [ab82d630-dee7-4177-af41-1c16b6b55497@group-715227EE14BA-StateMachineUpdater] INFO  ratis.ContainerStateMachine (ContainerStateMachine.java:takeSnapshot(304)) - group-715227EE14BA: Taking a snapshot at:(t:4, i:0) file /home/runner/work/ozone/ozone/hadoop-ozone/integration-test/target/test-dir/MiniOzoneClusterImpl-961b773a-55ec-4776-b588-5de87e184680/datanode-3/data/ratis/c073acfe-daac-41f7-b1ad-715227ee14ba/sm/snapshot.4_0
2022-04-28 13:46:05,973 [grpc-default-executor-0] INFO  server.GrpcServerProtocolService (GrpcServerProtocolService.java:onCompleted(140)) - 4f6314c6-5f1e-418e-9cab-9d7da23e485e: Completed APPEND_ENTRIES, lastRequest: ab82d630-dee7-4177-af41-1c16b6b55497->4f6314c6-5f1e-418e-9cab-9d7da23e485e#1-t4,previous=(t:0, i:0),leaderCommit=-1,initializing? true,entries: size=1, first=(t:4, i:0), CONFIGURATIONENTRY
2022-04-28 13:46:05,975 [ab82d630-dee7-4177-af41-1c16b6b55497@group-715227EE14BA-StateMachineUpdater] INFO  ratis.ContainerStateMachine (ContainerStateMachine.java:takeSnapshot(315)) - group-715227EE14BA: Finished taking a snapshot at:(t:4, i:0) file:/home/runner/work/ozone/ozone/hadoop-ozone/integration-test/target/test-dir/MiniOzoneClusterImpl-961b773a-55ec-4776-b588-5de87e184680/datanode-3/data/ratis/c073acfe-daac-41f7-b1ad-715227ee14ba/sm/snapshot.4_0 took: 2 ms
2022-04-28 13:46:05,975 [grpc-default-executor-0] INFO  server.GrpcLogAppender (GrpcLogAppender.java:onCompleted(346)) - ab82d630-dee7-4177-af41-1c16b6b55497@group-715227EE14BA->4f6314c6-5f1e-418e-9cab-9d7da23e485e-AppendLogResponseHandler: follower responses appendEntries COMPLETED
2022-04-28 13:46:05,977 [grpc-default-executor-0] INFO  leader.FollowerInfo (FollowerInfoImpl.java:lambda$new$0(47)) - ab82d630-dee7-4177-af41-1c16b6b55497@group-715227EE14BA->4f6314c6-5f1e-418e-9cab-9d7da23e485e: nextIndex: updateUnconditionally 1 -> 0
2022-04-28 13:46:05,977 [ab82d630-dee7-4177-af41-1c16b6b55497@group-715227EE14BA-StateMachineUpdater] INFO  impl.StateMachineUpdater (StateMachineUpdater.java:takeSnapshot(281)) - ab82d630-dee7-4177-af41-1c16b6b55497@group-715227EE14BA-StateMachineUpdater: Took a snapshot at index 0
2022-04-28 13:46:05,978 [ab82d630-dee7-4177-af41-1c16b6b55497@group-715227EE14BA-StateMachineUpdater] INFO  impl.StateMachineUpdater (StateMachineUpdater.java:lambda$new$0(89)) - ab82d630-dee7-4177-af41-1c16b6b55497@group-715227EE14BA-StateMachineUpdater: snapshotIndex: updateIncreasingly -1 -> 0
2022-04-28 13:46:05,978 [Listener at 127.0.0.1/38637] INFO  server.RaftServer$Division (ServerState.java:close(419)) - ab82d630-dee7-4177-af41-1c16b6b55497@group-715227EE14BA: closes. applyIndex: 0
2022-04-28 13:46:05,978 [ab82d630-dee7-4177-af41-1c16b6b55497@group-715227EE14BA-SegmentedRaftLogWorker] INFO  segmented.SegmentedRaftLogWorker (SegmentedRaftLogWorker.java:run(327)) - ab82d630-dee7-4177-af41-1c16b6b55497@group-715227EE14BA-SegmentedRaftLogWorker was interrupted, exiting. There are 0 tasks remaining in the queue.
2022-04-28 13:46:05,985 [Listener at 127.0.0.1/38637] INFO  segmented.SegmentedRaftLogWorker (SegmentedRaftLogWorker.java:close(237)) - ab82d630-dee7-4177-af41-1c16b6b55497@group-715227EE14BA-SegmentedRaftLogWorker close()
2022-04-28 13:46:05,987 [Listener at 127.0.0.1/38637] INFO  server.RaftServer$Division (RaftServerImpl.java:lambda$close$4(412)) - ab82d630-dee7-4177-af41-1c16b6b55497@group-EABBF4BA2E45: shutdown
2022-04-28 13:46:05,987 [Listener at 127.0.0.1/38637] INFO  util.JmxRegister (JmxRegister.java:unregister(73)) - Successfully un-registered JMX Bean with object name Ratis:service=RaftServer,group=group-EABBF4BA2E45,id=ab82d630-dee7-4177-af41-1c16b6b55497
2022-04-28 13:46:05,987 [Listener at 127.0.0.1/38637] INFO  impl.RoleInfo (RoleInfo.java:shutdownFollowerState(108)) - ab82d630-dee7-4177-af41-1c16b6b55497: shutdown ab82d630-dee7-4177-af41-1c16b6b55497@group-EABBF4BA2E45-FollowerState
2022-04-28 13:46:05,987 [ab82d630-dee7-4177-af41-1c16b6b55497@group-EABBF4BA2E45-FollowerState] INFO  impl.FollowerState (FollowerState.java:run(143)) - ab82d630-dee7-4177-af41-1c16b6b55497@group-EABBF4BA2E45-FollowerState was interrupted: {}
java.lang.InterruptedException: sleep interrupted
	at java.lang.Thread.sleep(Native Method)
	at java.lang.Thread.sleep(Thread.java:342)
	at java.util.concurrent.TimeUnit.sleep(TimeUnit.java:386)
	at org.apache.ratis.util.TimeDuration.sleep(TimeDuration.java:324)
	at org.apache.ratis.util.TimeDuration.sleep(TimeDuration.java:309)
	at org.apache.ratis.server.impl.FollowerState.run(FollowerState.java:118)
2022-04-28 13:46:05,988 [ab82d630-dee7-4177-af41-1c16b6b55497@group-EABBF4BA2E45-StateMachineUpdater] INFO  ratis.ContainerStateMachine (ContainerStateMachine.java:takeSnapshot(304)) - group-EABBF4BA2E45: Taking a snapshot at:(t:3, i:0) file /home/runner/work/ozone/ozone/hadoop-ozone/integration-test/target/test-dir/MiniOzoneClusterImpl-961b773a-55ec-4776-b588-5de87e184680/datanode-3/data/ratis/fa83f2dc-f269-425f-8283-eabbf4ba2e45/sm/snapshot.3_0
2022-04-28 13:46:05,988 [Listener at 127.0.0.1/38637] INFO  impl.StateMachineUpdater (StateMachineUpdater.java:stopAndJoin(149)) - ab82d630-dee7-4177-af41-1c16b6b55497@group-EABBF4BA2E45-StateMachineUpdater: set stopIndex = 0
2022-04-28 13:46:05,988 [ForkJoinPool.commonPool-worker-1] INFO  ozoneimpl.OzoneContainer (OzoneContainer.java:stop(356)) - Attempting to stop container services.
2022-04-28 13:46:05,989 [ab82d630-dee7-4177-af41-1c16b6b55497@group-EABBF4BA2E45-StateMachineUpdater] INFO  ratis.ContainerStateMachine (ContainerStateMachine.java:takeSnapshot(315)) - group-EABBF4BA2E45: Finished taking a snapshot at:(t:3, i:0) file:/home/runner/work/ozone/ozone/hadoop-ozone/integration-test/target/test-dir/MiniOzoneClusterImpl-961b773a-55ec-4776-b588-5de87e184680/datanode-3/data/ratis/fa83f2dc-f269-425f-8283-eabbf4ba2e45/sm/snapshot.3_0 took: 1 ms
2022-04-28 13:46:05,989 [ab82d630-dee7-4177-af41-1c16b6b55497@group-EABBF4BA2E45-StateMachineUpdater] INFO  impl.StateMachineUpdater (StateMachineUpdater.java:takeSnapshot(281)) - ab82d630-dee7-4177-af41-1c16b6b55497@group-EABBF4BA2E45-StateMachineUpdater: Took a snapshot at index 0
2022-04-28 13:46:05,989 [ab82d630-dee7-4177-af41-1c16b6b55497@group-EABBF4BA2E45-StateMachineUpdater] INFO  impl.StateMachineUpdater (StateMachineUpdater.java:lambda$new$0(89)) - ab82d630-dee7-4177-af41-1c16b6b55497@group-EABBF4BA2E45-StateMachineUpdater: snapshotIndex: updateIncreasingly -1 -> 0
2022-04-28 13:46:05,989 [ForkJoinPool.commonPool-worker-1] INFO  server.RaftServer (RaftServerProxy.java:lambda$close$6(391)) - 0560cff9-c55c-4a15-aea8-16ef2e8911e2: close
2022-04-28 13:46:05,989 [ForkJoinPool.commonPool-worker-1] INFO  server.RaftServer$Division (RaftServerImpl.java:lambda$close$4(412)) - 0560cff9-c55c-4a15-aea8-16ef2e8911e2@group-C4D4B86834AA: shutdown
2022-04-28 13:46:05,990 [ForkJoinPool.commonPool-worker-1] INFO  util.JmxRegister (JmxRegister.java:unregister(73)) - Successfully un-registered JMX Bean with object name Ratis:service=RaftServer,group=group-C4D4B86834AA,id=0560cff9-c55c-4a15-aea8-16ef2e8911e2
2022-04-28 13:46:05,990 [ForkJoinPool.commonPool-worker-1] INFO  impl.RoleInfo (RoleInfo.java:shutdownFollowerState(108)) - 0560cff9-c55c-4a15-aea8-16ef2e8911e2: shutdown 0560cff9-c55c-4a15-aea8-16ef2e8911e2@group-C4D4B86834AA-FollowerState
2022-04-28 13:46:05,990 [ForkJoinPool.commonPool-worker-1] INFO  impl.StateMachineUpdater (StateMachineUpdater.java:stopAndJoin(149)) - 0560cff9-c55c-4a15-aea8-16ef2e8911e2@group-C4D4B86834AA-StateMachineUpdater: set stopIndex = 2
2022-04-28 13:46:05,990 [0560cff9-c55c-4a15-aea8-16ef2e8911e2@group-C4D4B86834AA-FollowerState] INFO  impl.FollowerState (FollowerState.java:run(143)) - 0560cff9-c55c-4a15-aea8-16ef2e8911e2@group-C4D4B86834AA-FollowerState was interrupted: {}
java.lang.InterruptedException: sleep interrupted
	at java.lang.Thread.sleep(Native Method)
	at java.lang.Thread.sleep(Thread.java:342)
	at java.util.concurrent.TimeUnit.sleep(TimeUnit.java:386)
	at org.apache.ratis.util.TimeDuration.sleep(TimeDuration.java:324)
	at org.apache.ratis.util.TimeDuration.sleep(TimeDuration.java:309)
	at org.apache.ratis.server.impl.FollowerState.run(FollowerState.java:118)
2022-04-28 13:46:05,990 [0560cff9-c55c-4a15-aea8-16ef2e8911e2@group-C4D4B86834AA-StateMachineUpdater] INFO  ratis.ContainerStateMachine (ContainerStateMachine.java:takeSnapshot(304)) - group-C4D4B86834AA: Taking a snapshot at:(t:6, i:2) file /home/runner/work/ozone/ozone/hadoop-ozone/integration-test/target/test-dir/MiniOzoneClusterImpl-961b773a-55ec-4776-b588-5de87e184680/datanode-2/data/ratis/a10d4922-b902-4d8b-9c45-c4d4b86834aa/sm/snapshot.6_2
2022-04-28 13:46:05,990 [Listener at 127.0.0.1/38637] INFO  server.RaftServer$Division (ServerState.java:close(419)) - ab82d630-dee7-4177-af41-1c16b6b55497@group-EABBF4BA2E45: closes. applyIndex: 0
2022-04-28 13:46:05,990 [ab82d630-dee7-4177-af41-1c16b6b55497@group-EABBF4BA2E45-SegmentedRaftLogWorker] INFO  segmented.SegmentedRaftLogWorker (SegmentedRaftLogWorker.java:run(327)) - ab82d630-dee7-4177-af41-1c16b6b55497@group-EABBF4BA2E45-SegmentedRaftLogWorker was interrupted, exiting. There are 0 tasks remaining in the queue.
2022-04-28 13:46:05,991 [0560cff9-c55c-4a15-aea8-16ef2e8911e2@group-C4D4B86834AA-StateMachineUpdater] INFO  ratis.ContainerStateMachine (ContainerStateMachine.java:takeSnapshot(315)) - group-C4D4B86834AA: Finished taking a snapshot at:(t:6, i:2) file:/home/runner/work/ozone/ozone/hadoop-ozone/integration-test/target/test-dir/MiniOzoneClusterImpl-961b773a-55ec-4776-b588-5de87e184680/datanode-2/data/ratis/a10d4922-b902-4d8b-9c45-c4d4b86834aa/sm/snapshot.6_2 took: 0 ms
2022-04-28 13:46:05,991 [0560cff9-c55c-4a15-aea8-16ef2e8911e2@group-C4D4B86834AA-StateMachineUpdater] INFO  impl.StateMachineUpdater (StateMachineUpdater.java:takeSnapshot(281)) - 0560cff9-c55c-4a15-aea8-16ef2e8911e2@group-C4D4B86834AA-StateMachineUpdater: Took a snapshot at index 2
2022-04-28 13:46:05,991 [0560cff9-c55c-4a15-aea8-16ef2e8911e2@group-C4D4B86834AA-StateMachineUpdater] INFO  impl.StateMachineUpdater (StateMachineUpdater.java:lambda$new$0(89)) - 0560cff9-c55c-4a15-aea8-16ef2e8911e2@group-C4D4B86834AA-StateMachineUpdater: snapshotIndex: updateIncreasingly -1 -> 2
2022-04-28 13:46:05,991 [ForkJoinPool.commonPool-worker-1] INFO  server.RaftServer$Division (ServerState.java:close(419)) - 0560cff9-c55c-4a15-aea8-16ef2e8911e2@group-C4D4B86834AA: closes. applyIndex: 2
2022-04-28 13:46:05,991 [0560cff9-c55c-4a15-aea8-16ef2e8911e2@group-C4D4B86834AA-SegmentedRaftLogWorker] INFO  segmented.SegmentedRaftLogWorker (SegmentedRaftLogWorker.java:run(327)) - 0560cff9-c55c-4a15-aea8-16ef2e8911e2@group-C4D4B86834AA-SegmentedRaftLogWorker was interrupted, exiting. There are 0 tasks remaining in the queue.
2022-04-28 13:46:06,007 [Listener at 127.0.0.1/38637] INFO  segmented.SegmentedRaftLogWorker (SegmentedRaftLogWorker.java:close(237)) - ab82d630-dee7-4177-af41-1c16b6b55497@group-EABBF4BA2E45-SegmentedRaftLogWorker close()
2022-04-28 13:46:06,007 [ForkJoinPool.commonPool-worker-1] INFO  segmented.SegmentedRaftLogWorker (SegmentedRaftLogWorker.java:close(237)) - 0560cff9-c55c-4a15-aea8-16ef2e8911e2@group-C4D4B86834AA-SegmentedRaftLogWorker close()
2022-04-28 13:46:06,008 [ForkJoinPool.commonPool-worker-1] INFO  server.RaftServer$Division (RaftServerImpl.java:lambda$close$4(412)) - 0560cff9-c55c-4a15-aea8-16ef2e8911e2@group-1E6DBB551F13: shutdown
2022-04-28 13:46:06,008 [ForkJoinPool.commonPool-worker-1] INFO  util.JmxRegister (JmxRegister.java:unregister(73)) - Successfully un-registered JMX Bean with object name Ratis:service=RaftServer,group=group-1E6DBB551F13,id=0560cff9-c55c-4a15-aea8-16ef2e8911e2
2022-04-28 13:46:06,008 [ForkJoinPool.commonPool-worker-1] INFO  impl.RoleInfo (RoleInfo.java:shutdownLeaderState(91)) - 0560cff9-c55c-4a15-aea8-16ef2e8911e2: shutdown 0560cff9-c55c-4a15-aea8-16ef2e8911e2@group-1E6DBB551F13-LeaderStateImpl
2022-04-28 13:46:06,009 [ForkJoinPool.commonPool-worker-1] INFO  impl.PendingRequests (PendingRequests.java:sendNotLeaderResponses(282)) - 0560cff9-c55c-4a15-aea8-16ef2e8911e2@group-1E6DBB551F13-PendingRequests: sendNotLeaderResponses
2022-04-28 13:46:06,009 [Listener at 127.0.0.1/38637] INFO  server.RaftServer$Division (RaftServerImpl.java:lambda$close$4(412)) - ab82d630-dee7-4177-af41-1c16b6b55497@group-BCADC659637B: shutdown
2022-04-28 13:46:06,009 [Listener at 127.0.0.1/38637] INFO  util.JmxRegister (JmxRegister.java:unregister(73)) - Successfully un-registered JMX Bean with object name Ratis:service=RaftServer,group=group-BCADC659637B,id=ab82d630-dee7-4177-af41-1c16b6b55497
2022-04-28 13:46:06,009 [Listener at 127.0.0.1/38637] INFO  impl.RoleInfo (RoleInfo.java:shutdownLeaderState(91)) - ab82d630-dee7-4177-af41-1c16b6b55497: shutdown ab82d630-dee7-4177-af41-1c16b6b55497@group-BCADC659637B-LeaderStateImpl
2022-04-28 13:46:06,009 [0560cff9-c55c-4a15-aea8-16ef2e8911e2@group-1E6DBB551F13->5f73a725-0f40-4029-8a7b-0ac4f52c09c7-GrpcLogAppender-LogAppenderDaemon] WARN  server.GrpcLogAppender (GrpcLogAppender.java:mayWait(177)) - 0560cff9-c55c-4a15-aea8-16ef2e8911e2@group-1E6DBB551F13->5f73a725-0f40-4029-8a7b-0ac4f52c09c7-GrpcLogAppender: Wait interrupted by java.lang.InterruptedException
2022-04-28 13:46:06,010 [grpc-default-executor-0] INFO  server.GrpcServerProtocolService (GrpcServerProtocolService.java:onCompleted(140)) - 5f73a725-0f40-4029-8a7b-0ac4f52c09c7: Completed APPEND_ENTRIES, lastRequest: 0560cff9-c55c-4a15-aea8-16ef2e8911e2->5f73a725-0f40-4029-8a7b-0ac4f52c09c7#2-t3,previous=(t:3, i:1),leaderCommit=1,initializing? true,entries: size=1, first=(t:3, i:2), METADATAENTRY(c:1)
2022-04-28 13:46:06,011 [grpc-default-executor-2] INFO  server.GrpcLogAppender (GrpcLogAppender.java:onCompleted(346)) - 0560cff9-c55c-4a15-aea8-16ef2e8911e2@group-1E6DBB551F13->5f73a725-0f40-4029-8a7b-0ac4f52c09c7-AppendLogResponseHandler: follower responses appendEntries COMPLETED
2022-04-28 13:46:06,011 [grpc-default-executor-2] INFO  leader.FollowerInfo (FollowerInfoImpl.java:lambda$new$0(47)) - 0560cff9-c55c-4a15-aea8-16ef2e8911e2@group-1E6DBB551F13->5f73a725-0f40-4029-8a7b-0ac4f52c09c7: nextIndex: updateUnconditionally 3 -> 2
2022-04-28 13:46:06,009 [Listener at 127.0.0.1/38637] INFO  impl.PendingRequests (PendingRequests.java:sendNotLeaderResponses(282)) - ab82d630-dee7-4177-af41-1c16b6b55497@group-BCADC659637B-PendingRequests: sendNotLeaderResponses
2022-04-28 13:46:06,014 [Listener at 127.0.0.1/38637] INFO  impl.StateMachineUpdater (StateMachineUpdater.java:stopAndJoin(149)) - ab82d630-dee7-4177-af41-1c16b6b55497@group-BCADC659637B-StateMachineUpdater: set stopIndex = 0
2022-04-28 13:46:06,015 [ab82d630-dee7-4177-af41-1c16b6b55497@group-BCADC659637B-StateMachineUpdater] INFO  ratis.ContainerStateMachine (ContainerStateMachine.java:takeSnapshot(304)) - group-BCADC659637B: Taking a snapshot at:(t:1, i:0) file /home/runner/work/ozone/ozone/hadoop-ozone/integration-test/target/test-dir/MiniOzoneClusterImpl-961b773a-55ec-4776-b588-5de87e184680/datanode-3/data/ratis/a6fe1a8f-0943-4825-8af7-bcadc659637b/sm/snapshot.1_0
2022-04-28 13:46:06,016 [ab82d630-dee7-4177-af41-1c16b6b55497@group-BCADC659637B-StateMachineUpdater] INFO  ratis.ContainerStateMachine (ContainerStateMachine.java:takeSnapshot(315)) - group-BCADC659637B: Finished taking a snapshot at:(t:1, i:0) file:/home/runner/work/ozone/ozone/hadoop-ozone/integration-test/target/test-dir/MiniOzoneClusterImpl-961b773a-55ec-4776-b588-5de87e184680/datanode-3/data/ratis/a6fe1a8f-0943-4825-8af7-bcadc659637b/sm/snapshot.1_0 took: 1 ms
2022-04-28 13:46:06,016 [ab82d630-dee7-4177-af41-1c16b6b55497@group-BCADC659637B-StateMachineUpdater] INFO  impl.StateMachineUpdater (StateMachineUpdater.java:takeSnapshot(281)) - ab82d630-dee7-4177-af41-1c16b6b55497@group-BCADC659637B-StateMachineUpdater: Took a snapshot at index 0
2022-04-28 13:46:06,016 [ab82d630-dee7-4177-af41-1c16b6b55497@group-BCADC659637B-StateMachineUpdater] INFO  impl.StateMachineUpdater (StateMachineUpdater.java:lambda$new$0(89)) - ab82d630-dee7-4177-af41-1c16b6b55497@group-BCADC659637B-StateMachineUpdater: snapshotIndex: updateIncreasingly -1 -> 0
2022-04-28 13:46:06,016 [Listener at 127.0.0.1/38637] INFO  server.RaftServer$Division (ServerState.java:close(419)) - ab82d630-dee7-4177-af41-1c16b6b55497@group-BCADC659637B: closes. applyIndex: 0
2022-04-28 13:46:06,017 [ab82d630-dee7-4177-af41-1c16b6b55497@group-BCADC659637B-SegmentedRaftLogWorker] INFO  segmented.SegmentedRaftLogWorker (SegmentedRaftLogWorker.java:run(327)) - ab82d630-dee7-4177-af41-1c16b6b55497@group-BCADC659637B-SegmentedRaftLogWorker was interrupted, exiting. There are 0 tasks remaining in the queue.
2022-04-28 13:46:06,018 [ForkJoinPool.commonPool-worker-1] INFO  impl.StateMachineUpdater (StateMachineUpdater.java:stopAndJoin(149)) - 0560cff9-c55c-4a15-aea8-16ef2e8911e2@group-1E6DBB551F13-StateMachineUpdater: set stopIndex = 2
2022-04-28 13:46:06,019 [Listener at 127.0.0.1/38637] INFO  segmented.SegmentedRaftLogWorker (SegmentedRaftLogWorker.java:close(237)) - ab82d630-dee7-4177-af41-1c16b6b55497@group-BCADC659637B-SegmentedRaftLogWorker close()
2022-04-28 13:46:06,021 [Listener at 127.0.0.1/38637] INFO  server.GrpcService (GrpcService.java:closeImpl(262)) - ab82d630-dee7-4177-af41-1c16b6b55497: shutdown server with port 33355 now
2022-04-28 13:46:06,022 [0560cff9-c55c-4a15-aea8-16ef2e8911e2@group-1E6DBB551F13-StateMachineUpdater] INFO  ratis.ContainerStateMachine (ContainerStateMachine.java:takeSnapshot(304)) - group-1E6DBB551F13: Taking a snapshot at:(t:3, i:2) file /home/runner/work/ozone/ozone/hadoop-ozone/integration-test/target/test-dir/MiniOzoneClusterImpl-961b773a-55ec-4776-b588-5de87e184680/datanode-2/data/ratis/cdcd232a-581d-4cbf-8bc8-1e6dbb551f13/sm/snapshot.3_2
2022-04-28 13:46:06,023 [0560cff9-c55c-4a15-aea8-16ef2e8911e2@group-1E6DBB551F13-StateMachineUpdater] INFO  ratis.ContainerStateMachine (ContainerStateMachine.java:takeSnapshot(315)) - group-1E6DBB551F13: Finished taking a snapshot at:(t:3, i:2) file:/home/runner/work/ozone/ozone/hadoop-ozone/integration-test/target/test-dir/MiniOzoneClusterImpl-961b773a-55ec-4776-b588-5de87e184680/datanode-2/data/ratis/cdcd232a-581d-4cbf-8bc8-1e6dbb551f13/sm/snapshot.3_2 took: 4 ms
2022-04-28 13:46:06,023 [0560cff9-c55c-4a15-aea8-16ef2e8911e2@group-1E6DBB551F13-StateMachineUpdater] INFO  impl.StateMachineUpdater (StateMachineUpdater.java:takeSnapshot(281)) - 0560cff9-c55c-4a15-aea8-16ef2e8911e2@group-1E6DBB551F13-StateMachineUpdater: Took a snapshot at index 2
2022-04-28 13:46:06,023 [0560cff9-c55c-4a15-aea8-16ef2e8911e2@group-1E6DBB551F13-StateMachineUpdater] INFO  impl.StateMachineUpdater (StateMachineUpdater.java:lambda$new$0(89)) - 0560cff9-c55c-4a15-aea8-16ef2e8911e2@group-1E6DBB551F13-StateMachineUpdater: snapshotIndex: updateIncreasingly -1 -> 2
2022-04-28 13:46:06,023 [ForkJoinPool.commonPool-worker-1] INFO  server.RaftServer$Division (ServerState.java:close(419)) - 0560cff9-c55c-4a15-aea8-16ef2e8911e2@group-1E6DBB551F13: closes. applyIndex: 2
2022-04-28 13:46:06,023 [0560cff9-c55c-4a15-aea8-16ef2e8911e2@group-1E6DBB551F13-SegmentedRaftLogWorker] INFO  segmented.SegmentedRaftLogWorker (SegmentedRaftLogWorker.java:run(327)) - 0560cff9-c55c-4a15-aea8-16ef2e8911e2@group-1E6DBB551F13-SegmentedRaftLogWorker was interrupted, exiting. There are 0 tasks remaining in the queue.
2022-04-28 13:46:06,023 [ForkJoinPool.commonPool-worker-1] INFO  segmented.SegmentedRaftLogWorker (SegmentedRaftLogWorker.java:close(237)) - 0560cff9-c55c-4a15-aea8-16ef2e8911e2@group-1E6DBB551F13-SegmentedRaftLogWorker close()
2022-04-28 13:46:06,026 [grpc-default-executor-2] WARN  server.GrpcServerProtocolService (LogUtils.java:warn(122)) - ab82d630-dee7-4177-af41-1c16b6b55497: installSnapshot onError, lastRequest: 4f6314c6-5f1e-418e-9cab-9d7da23e485e->ab82d630-dee7-4177-af41-1c16b6b55497#1-t3,previous=(t:0, i:0),leaderCommit=-1,initializing? true,entries: size=1, first=(t:3, i:0), CONFIGURATIONENTRY: org.apache.ratis.thirdparty.io.grpc.StatusRuntimeException: CANCELLED: client cancelled
2022-04-28 13:46:06,028 [grpc-default-executor-0] WARN  server.GrpcLogAppender (LogUtils.java:warn(122)) - 4f6314c6-5f1e-418e-9cab-9d7da23e485e@group-EABBF4BA2E45->ab82d630-dee7-4177-af41-1c16b6b55497-AppendLogResponseHandler: Failed appendEntries: org.apache.ratis.thirdparty.io.grpc.StatusRuntimeException: CANCELLED: HTTP/2 error code: CANCEL
Received Rst Stream
2022-04-28 13:46:06,028 [grpc-default-executor-0] WARN  server.GrpcLogAppender (GrpcLogAppender.java:resetClient(110)) - 4f6314c6-5f1e-418e-9cab-9d7da23e485e@group-EABBF4BA2E45->ab82d630-dee7-4177-af41-1c16b6b55497-GrpcLogAppender: Leader has not got in touch with Follower 4f6314c6-5f1e-418e-9cab-9d7da23e485e@group-EABBF4BA2E45->ab82d630-dee7-4177-af41-1c16b6b55497(c0,m0,n1, attendVote=true, lastRpcSendTime=1460, lastRpcResponseTime=1449) yet, just keep nextIndex unchanged and retry.
2022-04-28 13:46:06,030 [ForkJoinPool.commonPool-worker-1] INFO  server.RaftServer$Division (RaftServerImpl.java:lambda$close$4(412)) - 0560cff9-c55c-4a15-aea8-16ef2e8911e2@group-BF889C686DAF: shutdown
2022-04-28 13:46:06,030 [ForkJoinPool.commonPool-worker-1] INFO  util.JmxRegister (JmxRegister.java:unregister(73)) - Successfully un-registered JMX Bean with object name Ratis:service=RaftServer,group=group-BF889C686DAF,id=0560cff9-c55c-4a15-aea8-16ef2e8911e2
2022-04-28 13:46:06,030 [ForkJoinPool.commonPool-worker-1] INFO  impl.RoleInfo (RoleInfo.java:shutdownLeaderState(91)) - 0560cff9-c55c-4a15-aea8-16ef2e8911e2: shutdown 0560cff9-c55c-4a15-aea8-16ef2e8911e2@group-BF889C686DAF-LeaderStateImpl
2022-04-28 13:46:06,030 [ForkJoinPool.commonPool-worker-1] INFO  impl.PendingRequests (PendingRequests.java:sendNotLeaderResponses(282)) - 0560cff9-c55c-4a15-aea8-16ef2e8911e2@group-BF889C686DAF-PendingRequests: sendNotLeaderResponses
2022-04-28 13:46:06,031 [ForkJoinPool.commonPool-worker-1] INFO  impl.StateMachineUpdater (StateMachineUpdater.java:stopAndJoin(149)) - 0560cff9-c55c-4a15-aea8-16ef2e8911e2@group-BF889C686DAF-StateMachineUpdater: set stopIndex = 0
2022-04-28 13:46:06,031 [0560cff9-c55c-4a15-aea8-16ef2e8911e2@group-BF889C686DAF-StateMachineUpdater] INFO  ratis.ContainerStateMachine (ContainerStateMachine.java:takeSnapshot(304)) - group-BF889C686DAF: Taking a snapshot at:(t:1, i:0) file /home/runner/work/ozone/ozone/hadoop-ozone/integration-test/target/test-dir/MiniOzoneClusterImpl-961b773a-55ec-4776-b588-5de87e184680/datanode-2/data/ratis/2b1b54b1-93cd-4d7d-92df-bf889c686daf/sm/snapshot.1_0
2022-04-28 13:46:06,032 [0560cff9-c55c-4a15-aea8-16ef2e8911e2@group-BF889C686DAF-StateMachineUpdater] INFO  ratis.ContainerStateMachine (ContainerStateMachine.java:takeSnapshot(315)) - group-BF889C686DAF: Finished taking a snapshot at:(t:1, i:0) file:/home/runner/work/ozone/ozone/hadoop-ozone/integration-test/target/test-dir/MiniOzoneClusterImpl-961b773a-55ec-4776-b588-5de87e184680/datanode-2/data/ratis/2b1b54b1-93cd-4d7d-92df-bf889c686daf/sm/snapshot.1_0 took: 1 ms
2022-04-28 13:46:06,033 [0560cff9-c55c-4a15-aea8-16ef2e8911e2@group-BF889C686DAF-StateMachineUpdater] INFO  impl.StateMachineUpdater (StateMachineUpdater.java:takeSnapshot(281)) - 0560cff9-c55c-4a15-aea8-16ef2e8911e2@group-BF889C686DAF-StateMachineUpdater: Took a snapshot at index 0
2022-04-28 13:46:06,033 [0560cff9-c55c-4a15-aea8-16ef2e8911e2@group-BF889C686DAF-StateMachineUpdater] INFO  impl.StateMachineUpdater (StateMachineUpdater.java:lambda$new$0(89)) - 0560cff9-c55c-4a15-aea8-16ef2e8911e2@group-BF889C686DAF-StateMachineUpdater: snapshotIndex: updateIncreasingly -1 -> 0
2022-04-28 13:46:06,034 [ForkJoinPool.commonPool-worker-1] INFO  server.RaftServer$Division (ServerState.java:close(419)) - 0560cff9-c55c-4a15-aea8-16ef2e8911e2@group-BF889C686DAF: closes. applyIndex: 0
2022-04-28 13:46:06,034 [0560cff9-c55c-4a15-aea8-16ef2e8911e2@group-BF889C686DAF-SegmentedRaftLogWorker] INFO  segmented.SegmentedRaftLogWorker (SegmentedRaftLogWorker.java:run(327)) - 0560cff9-c55c-4a15-aea8-16ef2e8911e2@group-BF889C686DAF-SegmentedRaftLogWorker was interrupted, exiting. There are 0 tasks remaining in the queue.
2022-04-28 13:46:06,034 [ForkJoinPool.commonPool-worker-1] INFO  segmented.SegmentedRaftLogWorker (SegmentedRaftLogWorker.java:close(237)) - 0560cff9-c55c-4a15-aea8-16ef2e8911e2@group-BF889C686DAF-SegmentedRaftLogWorker close()
2022-04-28 13:46:06,035 [Listener at 127.0.0.1/38637] INFO  server.GrpcService (GrpcService.java:closeImpl(271)) - ab82d630-dee7-4177-af41-1c16b6b55497: shutdown server with port 33355 successfully
2022-04-28 13:46:06,035 [org.apache.ratis.util.JvmPauseMonitor$$Lambda$468/1104361616@2b35e9e0] INFO  util.JvmPauseMonitor (JvmPauseMonitor.java:run(109)) - JvmPauseMonitor-ab82d630-dee7-4177-af41-1c16b6b55497: Stopped
2022-04-28 13:46:06,035 [ForkJoinPool.commonPool-worker-1] INFO  server.GrpcService (GrpcService.java:closeImpl(262)) - 0560cff9-c55c-4a15-aea8-16ef2e8911e2: shutdown server with port 37139 now
2022-04-28 13:46:06,039 [grpc-default-executor-0] WARN  server.GrpcLogAppender (LogUtils.java:warn(122)) - 5f73a725-0f40-4029-8a7b-0ac4f52c09c7@group-C4D4B86834AA->0560cff9-c55c-4a15-aea8-16ef2e8911e2-AppendLogResponseHandler: Failed appendEntries: org.apache.ratis.thirdparty.io.grpc.StatusRuntimeException: CANCELLED: HTTP/2 error code: CANCEL
Received Rst Stream
2022-04-28 13:46:06,039 [grpc-default-executor-0] INFO  leader.FollowerInfo (FollowerInfoImpl.java:lambda$new$0(47)) - 5f73a725-0f40-4029-8a7b-0ac4f52c09c7@group-C4D4B86834AA->0560cff9-c55c-4a15-aea8-16ef2e8911e2: nextIndex: updateUnconditionally 3 -> 2
2022-04-28 13:46:06,040 [grpc-default-executor-2] WARN  server.GrpcServerProtocolService (LogUtils.java:warn(122)) - 0560cff9-c55c-4a15-aea8-16ef2e8911e2: installSnapshot onError, lastRequest: 5f73a725-0f40-4029-8a7b-0ac4f52c09c7->0560cff9-c55c-4a15-aea8-16ef2e8911e2#6-t6,previous=(t:6, i:1),leaderCommit=1,initializing? true,entries: size=1, first=(t:6, i:2), METADATAENTRY(c:1): org.apache.ratis.thirdparty.io.grpc.StatusRuntimeException: CANCELLED: client cancelled
2022-04-28 13:46:06,050 [grpc-default-executor-0] WARN  server.GrpcLogAppender (LogUtils.java:warn(122)) - 5f73a725-0f40-4029-8a7b-0ac4f52c09c7@group-C4D4B86834AA->0560cff9-c55c-4a15-aea8-16ef2e8911e2-AppendLogResponseHandler: Failed appendEntries: org.apache.ratis.thirdparty.io.grpc.StatusRuntimeException: UNAVAILABLE: io exception
2022-04-28 13:46:06,051 [grpc-default-executor-0] INFO  leader.FollowerInfo (FollowerInfoImpl.java:lambda$new$0(47)) - 5f73a725-0f40-4029-8a7b-0ac4f52c09c7@group-C4D4B86834AA->0560cff9-c55c-4a15-aea8-16ef2e8911e2: nextIndex: updateUnconditionally 3 -> 2
2022-04-28 13:46:06,090 [ForkJoinPool.commonPool-worker-1] INFO  server.GrpcService (GrpcService.java:closeImpl(271)) - 0560cff9-c55c-4a15-aea8-16ef2e8911e2: shutdown server with port 37139 successfully
2022-04-28 13:46:06,090 [org.apache.ratis.util.JvmPauseMonitor$$Lambda$468/1104361616@1ac488df] INFO  util.JvmPauseMonitor (JvmPauseMonitor.java:run(109)) - JvmPauseMonitor-0560cff9-c55c-4a15-aea8-16ef2e8911e2: Stopped
2022-04-28 13:46:07,053 [grpc-default-executor-0] WARN  server.GrpcLogAppender (LogUtils.java:warn(122)) - 4f6314c6-5f1e-418e-9cab-9d7da23e485e@group-EABBF4BA2E45->ed14f577-cd6a-4282-b253-bcfbdf05676a-AppendLogResponseHandler: Failed appendEntries: org.apache.ratis.thirdparty.io.grpc.StatusRuntimeException: UNAVAILABLE: io exception
2022-04-28 13:46:07,054 [grpc-default-executor-0] WARN  server.GrpcLogAppender (GrpcLogAppender.java:resetClient(110)) - 4f6314c6-5f1e-418e-9cab-9d7da23e485e@group-EABBF4BA2E45->ed14f577-cd6a-4282-b253-bcfbdf05676a-GrpcLogAppender: Leader has not got in touch with Follower 4f6314c6-5f1e-418e-9cab-9d7da23e485e@group-EABBF4BA2E45->ed14f577-cd6a-4282-b253-bcfbdf05676a(c0,m0,n1, attendVote=true, lastRpcSendTime=2505, lastRpcResponseTime=12530) yet, just keep nextIndex unchanged and retry.
2022-04-28 13:46:07,086 [grpc-default-executor-0] WARN  server.GrpcLogAppender (LogUtils.java:warn(122)) - 4f6314c6-5f1e-418e-9cab-9d7da23e485e@group-EABBF4BA2E45->ab82d630-dee7-4177-af41-1c16b6b55497-AppendLogResponseHandler: Failed appendEntries: org.apache.ratis.thirdparty.io.grpc.StatusRuntimeException: UNAVAILABLE: io exception
2022-04-28 13:46:07,087 [grpc-default-executor-0] WARN  server.GrpcLogAppender (GrpcLogAppender.java:resetClient(110)) - 4f6314c6-5f1e-418e-9cab-9d7da23e485e@group-EABBF4BA2E45->ab82d630-dee7-4177-af41-1c16b6b55497-GrpcLogAppender: Leader has not got in touch with Follower 4f6314c6-5f1e-418e-9cab-9d7da23e485e@group-EABBF4BA2E45->ab82d630-dee7-4177-af41-1c16b6b55497(c0,m0,n1, attendVote=true, lastRpcSendTime=2518, lastRpcResponseTime=2508) yet, just keep nextIndex unchanged and retry.
2022-04-28 13:46:07,333 [grpc-default-executor-0] WARN  server.GrpcLogAppender (LogUtils.java:warn(122)) - 5f73a725-0f40-4029-8a7b-0ac4f52c09c7@group-C4D4B86834AA->ab92dd13-3a3c-494a-a601-0001755b8ba9-AppendLogResponseHandler: Failed appendEntries: org.apache.ratis.thirdparty.io.grpc.StatusRuntimeException: UNAVAILABLE: io exception
2022-04-28 13:46:07,334 [grpc-default-executor-0] INFO  leader.FollowerInfo (FollowerInfoImpl.java:lambda$new$0(47)) - 5f73a725-0f40-4029-8a7b-0ac4f52c09c7@group-C4D4B86834AA->ab92dd13-3a3c-494a-a601-0001755b8ba9: nextIndex: updateUnconditionally 3 -> 2
2022-04-28 13:46:08,060 [Listener at 127.0.0.1/38637] INFO  utils.BackgroundService (BackgroundService.java:shutdown(132)) - Shutting down service BlockDeletingService
2022-04-28 13:46:08,185 [ForkJoinPool.commonPool-worker-1] INFO  utils.BackgroundService (BackgroundService.java:shutdown(132)) - Shutting down service BlockDeletingService
2022-04-28 13:46:08,550 [grpc-default-executor-0] WARN  server.GrpcLogAppender (LogUtils.java:warn(122)) - 5f73a725-0f40-4029-8a7b-0ac4f52c09c7@group-C4D4B86834AA->0560cff9-c55c-4a15-aea8-16ef2e8911e2-AppendLogResponseHandler: Failed appendEntries: org.apache.ratis.thirdparty.io.grpc.StatusRuntimeException: UNAVAILABLE: io exception
2022-04-28 13:46:08,551 [grpc-default-executor-0] INFO  leader.FollowerInfo (FollowerInfoImpl.java:lambda$new$0(47)) - 5f73a725-0f40-4029-8a7b-0ac4f52c09c7@group-C4D4B86834AA->0560cff9-c55c-4a15-aea8-16ef2e8911e2: nextIndex: updateUnconditionally 3 -> 2
2022-04-28 13:46:09,557 [grpc-default-executor-0] WARN  server.GrpcLogAppender (LogUtils.java:warn(122)) - 4f6314c6-5f1e-418e-9cab-9d7da23e485e@group-EABBF4BA2E45->ed14f577-cd6a-4282-b253-bcfbdf05676a-AppendLogResponseHandler: Failed appendEntries: org.apache.ratis.thirdparty.io.grpc.StatusRuntimeException: UNAVAILABLE: io exception
2022-04-28 13:46:09,558 [grpc-default-executor-0] WARN  server.GrpcLogAppender (GrpcLogAppender.java:resetClient(110)) - 4f6314c6-5f1e-418e-9cab-9d7da23e485e@group-EABBF4BA2E45->ed14f577-cd6a-4282-b253-bcfbdf05676a-GrpcLogAppender: Leader has not got in touch with Follower 4f6314c6-5f1e-418e-9cab-9d7da23e485e@group-EABBF4BA2E45->ed14f577-cd6a-4282-b253-bcfbdf05676a(c0,m0,n1, attendVote=true, lastRpcSendTime=0, lastRpcResponseTime=15034) yet, just keep nextIndex unchanged and retry.
2022-04-28 13:46:09,594 [grpc-default-executor-0] WARN  server.GrpcLogAppender (LogUtils.java:warn(122)) - 4f6314c6-5f1e-418e-9cab-9d7da23e485e@group-EABBF4BA2E45->ab82d630-dee7-4177-af41-1c16b6b55497-AppendLogResponseHandler: Failed appendEntries: org.apache.ratis.thirdparty.io.grpc.StatusRuntimeException: UNAVAILABLE: io exception
2022-04-28 13:46:09,595 [grpc-default-executor-0] WARN  server.GrpcLogAppender (GrpcLogAppender.java:resetClient(110)) - 4f6314c6-5f1e-418e-9cab-9d7da23e485e@group-EABBF4BA2E45->ab82d630-dee7-4177-af41-1c16b6b55497-GrpcLogAppender: Leader has not got in touch with Follower 4f6314c6-5f1e-418e-9cab-9d7da23e485e@group-EABBF4BA2E45->ab82d630-dee7-4177-af41-1c16b6b55497(c0,m0,n1, attendVote=true, lastRpcSendTime=2507, lastRpcResponseTime=5015) yet, just keep nextIndex unchanged and retry.
2022-04-28 13:46:09,834 [grpc-default-executor-0] WARN  server.GrpcLogAppender (LogUtils.java:warn(122)) - 5f73a725-0f40-4029-8a7b-0ac4f52c09c7@group-C4D4B86834AA->ab92dd13-3a3c-494a-a601-0001755b8ba9-AppendLogResponseHandler: Failed appendEntries: org.apache.ratis.thirdparty.io.grpc.StatusRuntimeException: UNAVAILABLE: io exception
2022-04-28 13:46:09,835 [grpc-default-executor-0] INFO  leader.FollowerInfo (FollowerInfoImpl.java:lambda$new$0(47)) - 5f73a725-0f40-4029-8a7b-0ac4f52c09c7@group-C4D4B86834AA->ab92dd13-3a3c-494a-a601-0001755b8ba9: nextIndex: updateUnconditionally 3 -> 2
2022-04-28 13:46:10,308 [4f6314c6-5f1e-418e-9cab-9d7da23e485e@group-715227EE14BA-FollowerState] INFO  impl.FollowerState (FollowerState.java:run(134)) - 4f6314c6-5f1e-418e-9cab-9d7da23e485e@group-715227EE14BA-FollowerState: change to CANDIDATE, lastRpcElapsedTime:5311546446ns, electionTimeout:5069ms
2022-04-28 13:46:10,309 [4f6314c6-5f1e-418e-9cab-9d7da23e485e@group-715227EE14BA-FollowerState] INFO  impl.RoleInfo (RoleInfo.java:shutdownFollowerState(108)) - 4f6314c6-5f1e-418e-9cab-9d7da23e485e: shutdown 4f6314c6-5f1e-418e-9cab-9d7da23e485e@group-715227EE14BA-FollowerState
2022-04-28 13:46:10,309 [4f6314c6-5f1e-418e-9cab-9d7da23e485e@group-715227EE14BA-FollowerState] INFO  server.RaftServer$Division (RaftServerImpl.java:setRole(290)) - 4f6314c6-5f1e-418e-9cab-9d7da23e485e@group-715227EE14BA: changes role from  FOLLOWER to CANDIDATE at term 4 for changeToCandidate
2022-04-28 13:46:10,309 [4f6314c6-5f1e-418e-9cab-9d7da23e485e@group-715227EE14BA-FollowerState] INFO  server.RaftServerConfigKeys (ConfUtils.java:logGet(44)) - raft.server.leaderelection.pre-vote = false (custom)
2022-04-28 13:46:10,309 [4f6314c6-5f1e-418e-9cab-9d7da23e485e@group-715227EE14BA-FollowerState] INFO  impl.RoleInfo (RoleInfo.java:updateAndGet(130)) - 4f6314c6-5f1e-418e-9cab-9d7da23e485e: start 4f6314c6-5f1e-418e-9cab-9d7da23e485e@group-715227EE14BA-LeaderElection30
2022-04-28 13:46:10,318 [4f6314c6-5f1e-418e-9cab-9d7da23e485e@group-715227EE14BA-LeaderElection30] INFO  server.RaftServer$Division (ServerState.java:setLeader(285)) - 4f6314c6-5f1e-418e-9cab-9d7da23e485e@group-715227EE14BA: change Leader from ab82d630-dee7-4177-af41-1c16b6b55497 to null at term 4 for ELECTION
2022-04-28 13:46:10,324 [4f6314c6-5f1e-418e-9cab-9d7da23e485e@group-715227EE14BA-LeaderElection30] INFO  impl.LeaderElection (LeaderElection.java:askForVotes(306)) - 4f6314c6-5f1e-418e-9cab-9d7da23e485e@group-715227EE14BA-LeaderElection30 ELECTION round 0: submit vote requests at term 5 for 0: [4f6314c6-5f1e-418e-9cab-9d7da23e485e|rpc:10.1.0.6:33597|dataStream:|priority:0, ab82d630-dee7-4177-af41-1c16b6b55497|rpc:10.1.0.6:33355|dataStream:|priority:1, ed14f577-cd6a-4282-b253-bcfbdf05676a|rpc:10.1.0.6:43755|dataStream:|priority:0], old=null
2022-04-28 13:46:10,335 [4f6314c6-5f1e-418e-9cab-9d7da23e485e@group-715227EE14BA-LeaderElection30] INFO  impl.LeaderElection (LogUtils.java:infoOrTrace(137)) - 4f6314c6-5f1e-418e-9cab-9d7da23e485e@group-715227EE14BA-LeaderElection30 got exception when requesting votes: java.util.concurrent.ExecutionException: org.apache.ratis.thirdparty.io.grpc.StatusRuntimeException: UNAVAILABLE: io exception
2022-04-28 13:46:10,347 [4f6314c6-5f1e-418e-9cab-9d7da23e485e@group-715227EE14BA-LeaderElection30] INFO  impl.LeaderElection (LogUtils.java:infoOrTrace(137)) - 4f6314c6-5f1e-418e-9cab-9d7da23e485e@group-715227EE14BA-LeaderElection30 got exception when requesting votes: java.util.concurrent.ExecutionException: org.apache.ratis.thirdparty.io.grpc.StatusRuntimeException: UNAVAILABLE: io exception
2022-04-28 13:46:10,347 [4f6314c6-5f1e-418e-9cab-9d7da23e485e@group-715227EE14BA-LeaderElection30] INFO  impl.LeaderElection (LeaderElection.java:logAndReturn(89)) - 4f6314c6-5f1e-418e-9cab-9d7da23e485e@group-715227EE14BA-LeaderElection30: ELECTION REJECTED received 0 response(s) and 2 exception(s):
2022-04-28 13:46:10,347 [4f6314c6-5f1e-418e-9cab-9d7da23e485e@group-715227EE14BA-LeaderElection30] INFO  impl.LeaderElection (LogUtils.java:infoOrTrace(137)) -   Exception 0: java.util.concurrent.ExecutionException: org.apache.ratis.thirdparty.io.grpc.StatusRuntimeException: UNAVAILABLE: io exception
2022-04-28 13:46:10,347 [4f6314c6-5f1e-418e-9cab-9d7da23e485e@group-715227EE14BA-LeaderElection30] INFO  impl.LeaderElection (LogUtils.java:infoOrTrace(137)) -   Exception 1: java.util.concurrent.ExecutionException: org.apache.ratis.thirdparty.io.grpc.StatusRuntimeException: UNAVAILABLE: io exception
2022-04-28 13:46:10,347 [4f6314c6-5f1e-418e-9cab-9d7da23e485e@group-715227EE14BA-LeaderElection30] INFO  impl.LeaderElection (LeaderElection.java:askForVotes(308)) - 4f6314c6-5f1e-418e-9cab-9d7da23e485e@group-715227EE14BA-LeaderElection30 ELECTION round 0: result REJECTED
2022-04-28 13:46:10,347 [4f6314c6-5f1e-418e-9cab-9d7da23e485e@group-715227EE14BA-LeaderElection30] INFO  server.RaftServer$Division (RaftServerImpl.java:setRole(290)) - 4f6314c6-5f1e-418e-9cab-9d7da23e485e@group-715227EE14BA: changes role from CANDIDATE to FOLLOWER at term 5 for REJECTED
2022-04-28 13:46:10,347 [4f6314c6-5f1e-418e-9cab-9d7da23e485e@group-715227EE14BA-LeaderElection30] INFO  impl.RoleInfo (RoleInfo.java:shutdownLeaderElection(121)) - 4f6314c6-5f1e-418e-9cab-9d7da23e485e: shutdown 4f6314c6-5f1e-418e-9cab-9d7da23e485e@group-715227EE14BA-LeaderElection30
2022-04-28 13:46:10,347 [4f6314c6-5f1e-418e-9cab-9d7da23e485e@group-715227EE14BA-LeaderElection30] INFO  impl.RoleInfo (RoleInfo.java:updateAndGet(130)) - 4f6314c6-5f1e-418e-9cab-9d7da23e485e: start 4f6314c6-5f1e-418e-9cab-9d7da23e485e@group-715227EE14BA-FollowerState
2022-04-28 13:46:10,420 [5f73a725-0f40-4029-8a7b-0ac4f52c09c7@group-C4D4B86834AA-LeaderStateImpl] WARN  server.RaftServer$Division (LeaderStateImpl.java:checkLeadership(974)) - 5f73a725-0f40-4029-8a7b-0ac4f52c09c7@group-C4D4B86834AA-LeaderStateImpl: Lost leadership on term: 6. Election timeout: 5200ms. In charge for: 15667ms. Conf: 1: [ab92dd13-3a3c-494a-a601-0001755b8ba9|rpc:10.1.0.6:38077|dataStream:|priority:0, 5f73a725-0f40-4029-8a7b-0ac4f52c09c7|rpc:10.1.0.6:38783|dataStream:|priority:1, 0560cff9-c55c-4a15-aea8-16ef2e8911e2|rpc:10.1.0.6:37139|dataStream:|priority:0], old=null
2022-04-28 13:46:10,421 [5f73a725-0f40-4029-8a7b-0ac4f52c09c7@group-C4D4B86834AA-LeaderStateImpl] WARN  server.RaftServer$Division (LeaderStateImpl.java:lambda$checkLeadership$15(978)) - Follower 5f73a725-0f40-4029-8a7b-0ac4f52c09c7@group-C4D4B86834AA->ab92dd13-3a3c-494a-a601-0001755b8ba9(c1,m2,n2, attendVote=true, lastRpcSendTime=587, lastRpcResponseTime=15605)
2022-04-28 13:46:10,421 [5f73a725-0f40-4029-8a7b-0ac4f52c09c7@group-C4D4B86834AA-LeaderStateImpl] WARN  server.RaftServer$Division (LeaderStateImpl.java:lambda$checkLeadership$15(978)) - Follower 5f73a725-0f40-4029-8a7b-0ac4f52c09c7@group-C4D4B86834AA->0560cff9-c55c-4a15-aea8-16ef2e8911e2(c2,m2,n2, attendVote=true, lastRpcSendTime=1870, lastRpcResponseTime=5549)
2022-04-28 13:46:10,421 [5f73a725-0f40-4029-8a7b-0ac4f52c09c7@group-C4D4B86834AA-LeaderStateImpl] INFO  server.RaftServer$Division (RaftServerImpl.java:setRole(290)) - 5f73a725-0f40-4029-8a7b-0ac4f52c09c7@group-C4D4B86834AA: changes role from    LEADER to FOLLOWER at term 6 for StepDownReason:LOST_MAJORITY_HEARTBEATS
2022-04-28 13:46:10,421 [5f73a725-0f40-4029-8a7b-0ac4f52c09c7@group-C4D4B86834AA-LeaderStateImpl] INFO  impl.RoleInfo (RoleInfo.java:shutdownLeaderState(91)) - 5f73a725-0f40-4029-8a7b-0ac4f52c09c7: shutdown 5f73a725-0f40-4029-8a7b-0ac4f52c09c7@group-C4D4B86834AA-LeaderStateImpl
2022-04-28 13:46:10,422 [5f73a725-0f40-4029-8a7b-0ac4f52c09c7@group-C4D4B86834AA->0560cff9-c55c-4a15-aea8-16ef2e8911e2-GrpcLogAppender-LogAppenderDaemon] WARN  server.GrpcLogAppender (GrpcLogAppender.java:mayWait(177)) - 5f73a725-0f40-4029-8a7b-0ac4f52c09c7@group-C4D4B86834AA->0560cff9-c55c-4a15-aea8-16ef2e8911e2-GrpcLogAppender: Wait interrupted by java.lang.InterruptedException
2022-04-28 13:46:10,422 [5f73a725-0f40-4029-8a7b-0ac4f52c09c7@group-C4D4B86834AA-LeaderStateImpl] INFO  impl.PendingRequests (PendingRequests.java:sendNotLeaderResponses(282)) - 5f73a725-0f40-4029-8a7b-0ac4f52c09c7@group-C4D4B86834AA-PendingRequests: sendNotLeaderResponses
2022-04-28 13:46:10,422 [5f73a725-0f40-4029-8a7b-0ac4f52c09c7@group-C4D4B86834AA->ab92dd13-3a3c-494a-a601-0001755b8ba9-GrpcLogAppender-LogAppenderDaemon] WARN  server.GrpcLogAppender (GrpcLogAppender.java:mayWait(177)) - 5f73a725-0f40-4029-8a7b-0ac4f52c09c7@group-C4D4B86834AA->ab92dd13-3a3c-494a-a601-0001755b8ba9-GrpcLogAppender: Wait interrupted by java.lang.InterruptedException
2022-04-28 13:46:10,434 [5f73a725-0f40-4029-8a7b-0ac4f52c09c7@group-C4D4B86834AA-LeaderStateImpl] INFO  impl.RoleInfo (RoleInfo.java:updateAndGet(130)) - 5f73a725-0f40-4029-8a7b-0ac4f52c09c7: start 5f73a725-0f40-4029-8a7b-0ac4f52c09c7@group-C4D4B86834AA-FollowerState
2022-04-28 13:46:10,484 [4f6314c6-5f1e-418e-9cab-9d7da23e485e@group-EABBF4BA2E45-LeaderStateImpl] WARN  server.RaftServer$Division (LeaderStateImpl.java:checkLeadership(974)) - 4f6314c6-5f1e-418e-9cab-9d7da23e485e@group-EABBF4BA2E45-LeaderStateImpl: Lost leadership on term: 3. Election timeout: 5200ms. In charge for: 26030ms. Conf: 0: [4f6314c6-5f1e-418e-9cab-9d7da23e485e|rpc:10.1.0.6:33597|dataStream:|priority:1, ab82d630-dee7-4177-af41-1c16b6b55497|rpc:10.1.0.6:33355|dataStream:|priority:0, ed14f577-cd6a-4282-b253-bcfbdf05676a|rpc:10.1.0.6:43755|dataStream:|priority:0], old=null
2022-04-28 13:46:10,484 [4f6314c6-5f1e-418e-9cab-9d7da23e485e@group-EABBF4BA2E45-LeaderStateImpl] WARN  server.RaftServer$Division (LeaderStateImpl.java:lambda$checkLeadership$15(978)) - Follower 4f6314c6-5f1e-418e-9cab-9d7da23e485e@group-EABBF4BA2E45->ab82d630-dee7-4177-af41-1c16b6b55497(c0,m0,n1, attendVote=true, lastRpcSendTime=888, lastRpcResponseTime=5905)
2022-04-28 13:46:10,484 [4f6314c6-5f1e-418e-9cab-9d7da23e485e@group-EABBF4BA2E45-LeaderStateImpl] WARN  server.RaftServer$Division (LeaderStateImpl.java:lambda$checkLeadership$15(978)) - Follower 4f6314c6-5f1e-418e-9cab-9d7da23e485e@group-EABBF4BA2E45->ed14f577-cd6a-4282-b253-bcfbdf05676a(c0,m0,n1, attendVote=true, lastRpcSendTime=926, lastRpcResponseTime=15961)
2022-04-28 13:46:10,484 [4f6314c6-5f1e-418e-9cab-9d7da23e485e@group-EABBF4BA2E45-LeaderStateImpl] INFO  server.RaftServer$Division (RaftServerImpl.java:setRole(290)) - 4f6314c6-5f1e-418e-9cab-9d7da23e485e@group-EABBF4BA2E45: changes role from    LEADER to FOLLOWER at term 3 for StepDownReason:LOST_MAJORITY_HEARTBEATS
2022-04-28 13:46:10,484 [4f6314c6-5f1e-418e-9cab-9d7da23e485e@group-EABBF4BA2E45-LeaderStateImpl] INFO  impl.RoleInfo (RoleInfo.java:shutdownLeaderState(91)) - 4f6314c6-5f1e-418e-9cab-9d7da23e485e: shutdown 4f6314c6-5f1e-418e-9cab-9d7da23e485e@group-EABBF4BA2E45-LeaderStateImpl
2022-04-28 13:46:10,484 [4f6314c6-5f1e-418e-9cab-9d7da23e485e@group-EABBF4BA2E45-LeaderStateImpl] INFO  impl.PendingRequests (PendingRequests.java:sendNotLeaderResponses(282)) - 4f6314c6-5f1e-418e-9cab-9d7da23e485e@group-EABBF4BA2E45-PendingRequests: sendNotLeaderResponses
2022-04-28 13:46:10,485 [4f6314c6-5f1e-418e-9cab-9d7da23e485e@group-EABBF4BA2E45-LeaderStateImpl] INFO  impl.RoleInfo (RoleInfo.java:updateAndGet(130)) - 4f6314c6-5f1e-418e-9cab-9d7da23e485e: start 4f6314c6-5f1e-418e-9cab-9d7da23e485e@group-EABBF4BA2E45-FollowerState
2022-04-28 13:46:11,071 [Listener at 127.0.0.1/38637] INFO  statemachine.DatanodeStateMachine (DatanodeStateMachine.java:stopDaemon(560)) - Ozone container server stopped.
2022-04-28 13:46:11,081 [Listener at 127.0.0.1/38637] INFO  handler.ContextHandler (ContextHandler.java:doStop(1153)) - Stopped o.e.j.w.WebAppContext@3969134b{hddsDatanode,/,null,STOPPED}{jar:file:/home/runner/.m2/repository/org/apache/ozone/hdds-container-service/1.3.0-SNAPSHOT/hdds-container-service-1.3.0-SNAPSHOT.jar!/webapps/hddsDatanode}
2022-04-28 13:46:11,086 [Listener at 127.0.0.1/38637] INFO  server.AbstractConnector (AbstractConnector.java:doStop(381)) - Stopped ServerConnector@66473ede{HTTP/1.1, (http/1.1)}{0.0.0.0:0}
2022-04-28 13:46:11,086 [Listener at 127.0.0.1/38637] INFO  server.session (HouseKeeper.java:stopScavenging(149)) - node0 Stopped scavenging
2022-04-28 13:46:11,087 [Listener at 127.0.0.1/38637] INFO  handler.ContextHandler (ContextHandler.java:doStop(1153)) - Stopped o.e.j.s.ServletContextHandler@78ed4bfc{static,/static,jar:file:/home/runner/.m2/repository/org/apache/ozone/hdds-container-service/1.3.0-SNAPSHOT/hdds-container-service-1.3.0-SNAPSHOT.jar!/webapps/static,STOPPED}
2022-04-28 13:46:11,089 [Listener at 127.0.0.1/38637] INFO  handler.ContextHandler (ContextHandler.java:doStop(1153)) - Stopped o.e.j.s.ServletContextHandler@3c91d703{logs,/logs,file:///home/runner/work/ozone/ozone/hadoop-ozone/integration-test/target/log,STOPPED}
2022-04-28 13:46:11,218 [ForkJoinPool.commonPool-worker-1] INFO  statemachine.DatanodeStateMachine (DatanodeStateMachine.java:stopDaemon(560)) - Ozone container server stopped.
2022-04-28 13:46:11,236 [ForkJoinPool.commonPool-worker-1] INFO  handler.ContextHandler (ContextHandler.java:doStop(1153)) - Stopped o.e.j.w.WebAppContext@432f995a{hddsDatanode,/,null,STOPPED}{jar:file:/home/runner/.m2/repository/org/apache/ozone/hdds-container-service/1.3.0-SNAPSHOT/hdds-container-service-1.3.0-SNAPSHOT.jar!/webapps/hddsDatanode}
2022-04-28 13:46:11,237 [ForkJoinPool.commonPool-worker-1] INFO  server.AbstractConnector (AbstractConnector.java:doStop(381)) - Stopped ServerConnector@62d5f84d{HTTP/1.1, (http/1.1)}{0.0.0.0:0}
2022-04-28 13:46:11,237 [ForkJoinPool.commonPool-worker-1] INFO  server.session (HouseKeeper.java:stopScavenging(149)) - node0 Stopped scavenging
2022-04-28 13:46:11,238 [ForkJoinPool.commonPool-worker-1] INFO  handler.ContextHandler (ContextHandler.java:doStop(1153)) - Stopped o.e.j.s.ServletContextHandler@5cfdeae4{static,/static,jar:file:/home/runner/.m2/repository/org/apache/ozone/hdds-container-service/1.3.0-SNAPSHOT/hdds-container-service-1.3.0-SNAPSHOT.jar!/webapps/static,STOPPED}
2022-04-28 13:46:11,244 [ForkJoinPool.commonPool-worker-1] INFO  handler.ContextHandler (ContextHandler.java:doStop(1153)) - Stopped o.e.j.s.ServletContextHandler@3e0715ca{logs,/logs,file:///home/runner/work/ozone/ozone/hadoop-ozone/integration-test/target/log,STOPPED}
2022-04-28 13:46:13,992 [5f73a725-0f40-4029-8a7b-0ac4f52c09c7@group-1E6DBB551F13-FollowerState] INFO  impl.FollowerState (FollowerState.java:run(134)) - 5f73a725-0f40-4029-8a7b-0ac4f52c09c7@group-1E6DBB551F13-FollowerState: change to CANDIDATE, lastRpcElapsedTime:10200236338ns, electionTimeout:5094ms
2022-04-28 13:46:13,993 [5f73a725-0f40-4029-8a7b-0ac4f52c09c7@group-1E6DBB551F13-FollowerState] INFO  impl.RoleInfo (RoleInfo.java:shutdownFollowerState(108)) - 5f73a725-0f40-4029-8a7b-0ac4f52c09c7: shutdown 5f73a725-0f40-4029-8a7b-0ac4f52c09c7@group-1E6DBB551F13-FollowerState
2022-04-28 13:46:13,993 [5f73a725-0f40-4029-8a7b-0ac4f52c09c7@group-1E6DBB551F13-FollowerState] INFO  server.RaftServer$Division (RaftServerImpl.java:setRole(290)) - 5f73a725-0f40-4029-8a7b-0ac4f52c09c7@group-1E6DBB551F13: changes role from  FOLLOWER to CANDIDATE at term 3 for changeToCandidate
2022-04-28 13:46:13,993 [5f73a725-0f40-4029-8a7b-0ac4f52c09c7@group-1E6DBB551F13-FollowerState] INFO  server.RaftServerConfigKeys (ConfUtils.java:logGet(44)) - raft.server.leaderelection.pre-vote = false (custom)
2022-04-28 13:46:13,993 [5f73a725-0f40-4029-8a7b-0ac4f52c09c7@group-1E6DBB551F13-FollowerState] INFO  impl.RoleInfo (RoleInfo.java:updateAndGet(130)) - 5f73a725-0f40-4029-8a7b-0ac4f52c09c7: start 5f73a725-0f40-4029-8a7b-0ac4f52c09c7@group-1E6DBB551F13-LeaderElection31
2022-04-28 13:46:13,993 [5f73a725-0f40-4029-8a7b-0ac4f52c09c7@group-1E6DBB551F13-LeaderElection31] INFO  server.RaftServer$Division (ServerState.java:setLeader(285)) - 5f73a725-0f40-4029-8a7b-0ac4f52c09c7@group-1E6DBB551F13: change Leader from 0560cff9-c55c-4a15-aea8-16ef2e8911e2 to null at term 3 for ELECTION
2022-04-28 13:46:13,998 [5f73a725-0f40-4029-8a7b-0ac4f52c09c7@group-1E6DBB551F13-LeaderElection31] INFO  impl.LeaderElection (LeaderElection.java:askForVotes(306)) - 5f73a725-0f40-4029-8a7b-0ac4f52c09c7@group-1E6DBB551F13-LeaderElection31 ELECTION round 0: submit vote requests at term 4 for 1: [ab92dd13-3a3c-494a-a601-0001755b8ba9|rpc:10.1.0.6:38077|dataStream:|priority:1, 5f73a725-0f40-4029-8a7b-0ac4f52c09c7|rpc:10.1.0.6:38783|dataStream:|priority:0, 0560cff9-c55c-4a15-aea8-16ef2e8911e2|rpc:10.1.0.6:37139|dataStream:|priority:0], old=null
2022-04-28 13:46:14,008 [5f73a725-0f40-4029-8a7b-0ac4f52c09c7@group-1E6DBB551F13-LeaderElection31] INFO  impl.LeaderElection (LogUtils.java:infoOrTrace(137)) - 5f73a725-0f40-4029-8a7b-0ac4f52c09c7@group-1E6DBB551F13-LeaderElection31 got exception when requesting votes: java.util.concurrent.ExecutionException: org.apache.ratis.thirdparty.io.grpc.StatusRuntimeException: UNAVAILABLE: io exception
2022-04-28 13:46:14,009 [5f73a725-0f40-4029-8a7b-0ac4f52c09c7@group-1E6DBB551F13-LeaderElection31] INFO  impl.LeaderElection (LogUtils.java:infoOrTrace(137)) - 5f73a725-0f40-4029-8a7b-0ac4f52c09c7@group-1E6DBB551F13-LeaderElection31 got exception when requesting votes: java.util.concurrent.ExecutionException: org.apache.ratis.thirdparty.io.grpc.StatusRuntimeException: UNAVAILABLE: io exception
2022-04-28 13:46:14,009 [5f73a725-0f40-4029-8a7b-0ac4f52c09c7@group-1E6DBB551F13-LeaderElection31] INFO  impl.LeaderElection (LeaderElection.java:logAndReturn(89)) - 5f73a725-0f40-4029-8a7b-0ac4f52c09c7@group-1E6DBB551F13-LeaderElection31: ELECTION REJECTED received 0 response(s) and 2 exception(s):
2022-04-28 13:46:14,009 [5f73a725-0f40-4029-8a7b-0ac4f52c09c7@group-1E6DBB551F13-LeaderElection31] INFO  impl.LeaderElection (LogUtils.java:infoOrTrace(137)) -   Exception 0: java.util.concurrent.ExecutionException: org.apache.ratis.thirdparty.io.grpc.StatusRuntimeException: UNAVAILABLE: io exception
2022-04-28 13:46:14,009 [5f73a725-0f40-4029-8a7b-0ac4f52c09c7@group-1E6DBB551F13-LeaderElection31] INFO  impl.LeaderElection (LogUtils.java:infoOrTrace(137)) -   Exception 1: java.util.concurrent.ExecutionException: org.apache.ratis.thirdparty.io.grpc.StatusRuntimeException: UNAVAILABLE: io exception
2022-04-28 13:46:14,009 [5f73a725-0f40-4029-8a7b-0ac4f52c09c7@group-1E6DBB551F13-LeaderElection31] INFO  impl.LeaderElection (LeaderElection.java:askForVotes(308)) - 5f73a725-0f40-4029-8a7b-0ac4f52c09c7@group-1E6DBB551F13-LeaderElection31 ELECTION round 0: result REJECTED
2022-04-28 13:46:14,009 [5f73a725-0f40-4029-8a7b-0ac4f52c09c7@group-1E6DBB551F13-LeaderElection31] INFO  server.RaftServer$Division (RaftServerImpl.java:setRole(290)) - 5f73a725-0f40-4029-8a7b-0ac4f52c09c7@group-1E6DBB551F13: changes role from CANDIDATE to FOLLOWER at term 4 for REJECTED
2022-04-28 13:46:14,009 [5f73a725-0f40-4029-8a7b-0ac4f52c09c7@group-1E6DBB551F13-LeaderElection31] INFO  impl.RoleInfo (RoleInfo.java:shutdownLeaderElection(121)) - 5f73a725-0f40-4029-8a7b-0ac4f52c09c7: shutdown 5f73a725-0f40-4029-8a7b-0ac4f52c09c7@group-1E6DBB551F13-LeaderElection31
2022-04-28 13:46:14,009 [5f73a725-0f40-4029-8a7b-0ac4f52c09c7@group-1E6DBB551F13-LeaderElection31] INFO  impl.RoleInfo (RoleInfo.java:updateAndGet(130)) - 5f73a725-0f40-4029-8a7b-0ac4f52c09c7: start 5f73a725-0f40-4029-8a7b-0ac4f52c09c7@group-1E6DBB551F13-FollowerState
2022-04-28 13:46:15,412 [4f6314c6-5f1e-418e-9cab-9d7da23e485e@group-715227EE14BA-FollowerState] INFO  impl.FollowerState (FollowerState.java:run(134)) - 4f6314c6-5f1e-418e-9cab-9d7da23e485e@group-715227EE14BA-FollowerState: change to CANDIDATE, lastRpcElapsedTime:5064475413ns, electionTimeout:5057ms
2022-04-28 13:46:15,412 [4f6314c6-5f1e-418e-9cab-9d7da23e485e@group-715227EE14BA-FollowerState] INFO  impl.RoleInfo (RoleInfo.java:shutdownFollowerState(108)) - 4f6314c6-5f1e-418e-9cab-9d7da23e485e: shutdown 4f6314c6-5f1e-418e-9cab-9d7da23e485e@group-715227EE14BA-FollowerState
2022-04-28 13:46:15,412 [4f6314c6-5f1e-418e-9cab-9d7da23e485e@group-715227EE14BA-FollowerState] INFO  server.RaftServer$Division (RaftServerImpl.java:setRole(290)) - 4f6314c6-5f1e-418e-9cab-9d7da23e485e@group-715227EE14BA: changes role from  FOLLOWER to CANDIDATE at term 5 for changeToCandidate
2022-04-28 13:46:15,412 [4f6314c6-5f1e-418e-9cab-9d7da23e485e@group-715227EE14BA-FollowerState] INFO  server.RaftServerConfigKeys (ConfUtils.java:logGet(44)) - raft.server.leaderelection.pre-vote = false (custom)
2022-04-28 13:46:15,412 [4f6314c6-5f1e-418e-9cab-9d7da23e485e@group-715227EE14BA-FollowerState] INFO  impl.RoleInfo (RoleInfo.java:updateAndGet(130)) - 4f6314c6-5f1e-418e-9cab-9d7da23e485e: start 4f6314c6-5f1e-418e-9cab-9d7da23e485e@group-715227EE14BA-LeaderElection32
2022-04-28 13:46:15,420 [4f6314c6-5f1e-418e-9cab-9d7da23e485e@group-715227EE14BA-LeaderElection32] INFO  impl.LeaderElection (LeaderElection.java:askForVotes(306)) - 4f6314c6-5f1e-418e-9cab-9d7da23e485e@group-715227EE14BA-LeaderElection32 ELECTION round 0: submit vote requests at term 6 for 0: [4f6314c6-5f1e-418e-9cab-9d7da23e485e|rpc:10.1.0.6:33597|dataStream:|priority:0, ab82d630-dee7-4177-af41-1c16b6b55497|rpc:10.1.0.6:33355|dataStream:|priority:1, ed14f577-cd6a-4282-b253-bcfbdf05676a|rpc:10.1.0.6:43755|dataStream:|priority:0], old=null
2022-04-28 13:46:15,424 [4f6314c6-5f1e-418e-9cab-9d7da23e485e@group-715227EE14BA-LeaderElection32] INFO  impl.LeaderElection (LogUtils.java:infoOrTrace(137)) - 4f6314c6-5f1e-418e-9cab-9d7da23e485e@group-715227EE14BA-LeaderElection32 got exception when requesting votes: java.util.concurrent.ExecutionException: org.apache.ratis.thirdparty.io.grpc.StatusRuntimeException: UNAVAILABLE: io exception
2022-04-28 13:46:15,426 [4f6314c6-5f1e-418e-9cab-9d7da23e485e@group-715227EE14BA-LeaderElection32] INFO  impl.LeaderElection (LogUtils.java:infoOrTrace(137)) - 4f6314c6-5f1e-418e-9cab-9d7da23e485e@group-715227EE14BA-LeaderElection32 got exception when requesting votes: java.util.concurrent.ExecutionException: org.apache.ratis.thirdparty.io.grpc.StatusRuntimeException: UNAVAILABLE: io exception
2022-04-28 13:46:15,426 [4f6314c6-5f1e-418e-9cab-9d7da23e485e@group-715227EE14BA-LeaderElection32] INFO  impl.LeaderElection (LeaderElection.java:logAndReturn(89)) - 4f6314c6-5f1e-418e-9cab-9d7da23e485e@group-715227EE14BA-LeaderElection32: ELECTION REJECTED received 0 response(s) and 2 exception(s):
2022-04-28 13:46:15,427 [4f6314c6-5f1e-418e-9cab-9d7da23e485e@group-715227EE14BA-LeaderElection32] INFO  impl.LeaderElection (LogUtils.java:infoOrTrace(137)) -   Exception 0: java.util.concurrent.ExecutionException: org.apache.ratis.thirdparty.io.grpc.StatusRuntimeException: UNAVAILABLE: io exception
2022-04-28 13:46:15,427 [4f6314c6-5f1e-418e-9cab-9d7da23e485e@group-715227EE14BA-LeaderElection32] INFO  impl.LeaderElection (LogUtils.java:infoOrTrace(137)) -   Exception 1: java.util.concurrent.ExecutionException: org.apache.ratis.thirdparty.io.grpc.StatusRuntimeException: UNAVAILABLE: io exception
2022-04-28 13:46:15,427 [4f6314c6-5f1e-418e-9cab-9d7da23e485e@group-715227EE14BA-LeaderElection32] INFO  impl.LeaderElection (LeaderElection.java:askForVotes(308)) - 4f6314c6-5f1e-418e-9cab-9d7da23e485e@group-715227EE14BA-LeaderElection32 ELECTION round 0: result REJECTED
2022-04-28 13:46:15,427 [4f6314c6-5f1e-418e-9cab-9d7da23e485e@group-715227EE14BA-LeaderElection32] INFO  server.RaftServer$Division (RaftServerImpl.java:setRole(290)) - 4f6314c6-5f1e-418e-9cab-9d7da23e485e@group-715227EE14BA: changes role from CANDIDATE to FOLLOWER at term 6 for REJECTED
2022-04-28 13:46:15,427 [4f6314c6-5f1e-418e-9cab-9d7da23e485e@group-715227EE14BA-LeaderElection32] INFO  impl.RoleInfo (RoleInfo.java:shutdownLeaderElection(121)) - 4f6314c6-5f1e-418e-9cab-9d7da23e485e: shutdown 4f6314c6-5f1e-418e-9cab-9d7da23e485e@group-715227EE14BA-LeaderElection32
2022-04-28 13:46:15,427 [4f6314c6-5f1e-418e-9cab-9d7da23e485e@group-715227EE14BA-LeaderElection32] INFO  impl.RoleInfo (RoleInfo.java:updateAndGet(130)) - 4f6314c6-5f1e-418e-9cab-9d7da23e485e: start 4f6314c6-5f1e-418e-9cab-9d7da23e485e@group-715227EE14BA-FollowerState
2022-04-28 13:46:15,601 [5f73a725-0f40-4029-8a7b-0ac4f52c09c7@group-C4D4B86834AA-FollowerState] INFO  impl.FollowerState (FollowerState.java:lostMajorityHeartbeatsRecently(107)) - 5f73a725-0f40-4029-8a7b-0ac4f52c09c7@group-C4D4B86834AA-FollowerState: Skipping leader election since it stepped down recently (elapsed = 5166ms < waitTime = 10s)
2022-04-28 13:46:15,669 [4f6314c6-5f1e-418e-9cab-9d7da23e485e@group-EABBF4BA2E45-FollowerState] INFO  impl.FollowerState (FollowerState.java:lostMajorityHeartbeatsRecently(107)) - 4f6314c6-5f1e-418e-9cab-9d7da23e485e@group-EABBF4BA2E45-FollowerState: Skipping leader election since it stepped down recently (elapsed = 5184ms < waitTime = 10s)
2022-04-28 13:46:16,096 [Listener at 127.0.0.1/38637] INFO  ozoneimpl.OzoneContainer (OzoneContainer.java:stop(356)) - Attempting to stop container services.
2022-04-28 13:46:16,098 [Listener at 127.0.0.1/38637] INFO  server.RaftServer (RaftServerProxy.java:lambda$close$6(391)) - 35bc48eb-3a69-4b93-a612-e068df06f99e: close
2022-04-28 13:46:16,099 [Listener at 127.0.0.1/38637] INFO  server.RaftServer$Division (RaftServerImpl.java:lambda$close$4(412)) - 35bc48eb-3a69-4b93-a612-e068df06f99e@group-48175AE9934B: shutdown
2022-04-28 13:46:16,099 [Listener at 127.0.0.1/38637] INFO  util.JmxRegister (JmxRegister.java:unregister(73)) - Successfully un-registered JMX Bean with object name Ratis:service=RaftServer,group=group-48175AE9934B,id=35bc48eb-3a69-4b93-a612-e068df06f99e
2022-04-28 13:46:16,099 [Listener at 127.0.0.1/38637] INFO  impl.RoleInfo (RoleInfo.java:shutdownLeaderState(91)) - 35bc48eb-3a69-4b93-a612-e068df06f99e: shutdown 35bc48eb-3a69-4b93-a612-e068df06f99e@group-48175AE9934B-LeaderStateImpl
2022-04-28 13:46:16,099 [Listener at 127.0.0.1/38637] INFO  impl.PendingRequests (PendingRequests.java:sendNotLeaderResponses(282)) - 35bc48eb-3a69-4b93-a612-e068df06f99e@group-48175AE9934B-PendingRequests: sendNotLeaderResponses
2022-04-28 13:46:16,100 [Listener at 127.0.0.1/38637] INFO  impl.StateMachineUpdater (StateMachineUpdater.java:stopAndJoin(149)) - 35bc48eb-3a69-4b93-a612-e068df06f99e@group-48175AE9934B-StateMachineUpdater: set stopIndex = 0
2022-04-28 13:46:16,100 [35bc48eb-3a69-4b93-a612-e068df06f99e@group-48175AE9934B-StateMachineUpdater] INFO  ratis.ContainerStateMachine (ContainerStateMachine.java:takeSnapshot(304)) - group-48175AE9934B: Taking a snapshot at:(t:1, i:0) file /home/runner/work/ozone/ozone/hadoop-ozone/integration-test/target/test-dir/MiniOzoneClusterImpl-961b773a-55ec-4776-b588-5de87e184680/datanode-6/data/ratis/1de3288d-9c66-4b35-849f-48175ae9934b/sm/snapshot.1_0
2022-04-28 13:46:16,101 [35bc48eb-3a69-4b93-a612-e068df06f99e@group-48175AE9934B-StateMachineUpdater] INFO  ratis.ContainerStateMachine (ContainerStateMachine.java:takeSnapshot(315)) - group-48175AE9934B: Finished taking a snapshot at:(t:1, i:0) file:/home/runner/work/ozone/ozone/hadoop-ozone/integration-test/target/test-dir/MiniOzoneClusterImpl-961b773a-55ec-4776-b588-5de87e184680/datanode-6/data/ratis/1de3288d-9c66-4b35-849f-48175ae9934b/sm/snapshot.1_0 took: 2 ms
2022-04-28 13:46:16,101 [35bc48eb-3a69-4b93-a612-e068df06f99e@group-48175AE9934B-StateMachineUpdater] INFO  impl.StateMachineUpdater (StateMachineUpdater.java:takeSnapshot(281)) - 35bc48eb-3a69-4b93-a612-e068df06f99e@group-48175AE9934B-StateMachineUpdater: Took a snapshot at index 0
2022-04-28 13:46:16,101 [35bc48eb-3a69-4b93-a612-e068df06f99e@group-48175AE9934B-StateMachineUpdater] INFO  impl.StateMachineUpdater (StateMachineUpdater.java:lambda$new$0(89)) - 35bc48eb-3a69-4b93-a612-e068df06f99e@group-48175AE9934B-StateMachineUpdater: snapshotIndex: updateIncreasingly -1 -> 0
2022-04-28 13:46:16,102 [Listener at 127.0.0.1/38637] INFO  server.RaftServer$Division (ServerState.java:close(419)) - 35bc48eb-3a69-4b93-a612-e068df06f99e@group-48175AE9934B: closes. applyIndex: 0
2022-04-28 13:46:16,102 [35bc48eb-3a69-4b93-a612-e068df06f99e@group-48175AE9934B-SegmentedRaftLogWorker] INFO  segmented.SegmentedRaftLogWorker (SegmentedRaftLogWorker.java:run(327)) - 35bc48eb-3a69-4b93-a612-e068df06f99e@group-48175AE9934B-SegmentedRaftLogWorker was interrupted, exiting. There are 0 tasks remaining in the queue.
2022-04-28 13:46:16,102 [Listener at 127.0.0.1/38637] INFO  segmented.SegmentedRaftLogWorker (SegmentedRaftLogWorker.java:close(237)) - 35bc48eb-3a69-4b93-a612-e068df06f99e@group-48175AE9934B-SegmentedRaftLogWorker close()
2022-04-28 13:46:16,103 [Listener at 127.0.0.1/38637] INFO  server.GrpcService (GrpcService.java:closeImpl(262)) - 35bc48eb-3a69-4b93-a612-e068df06f99e: shutdown server with port 43573 now
2022-04-28 13:46:16,103 [Listener at 127.0.0.1/38637] INFO  server.GrpcService (GrpcService.java:closeImpl(271)) - 35bc48eb-3a69-4b93-a612-e068df06f99e: shutdown server with port 43573 successfully
2022-04-28 13:46:16,104 [org.apache.ratis.util.JvmPauseMonitor$$Lambda$468/1104361616@61601fde] INFO  util.JvmPauseMonitor (JvmPauseMonitor.java:run(109)) - JvmPauseMonitor-35bc48eb-3a69-4b93-a612-e068df06f99e: Stopped
2022-04-28 13:46:16,249 [ForkJoinPool.commonPool-worker-1] INFO  ozoneimpl.OzoneContainer (OzoneContainer.java:stop(356)) - Attempting to stop container services.
2022-04-28 13:46:16,249 [ForkJoinPool.commonPool-worker-1] INFO  server.RaftServer (RaftServerProxy.java:lambda$close$6(391)) - 5f73a725-0f40-4029-8a7b-0ac4f52c09c7: close
2022-04-28 13:46:16,250 [ForkJoinPool.commonPool-worker-1] INFO  server.RaftServer$Division (RaftServerImpl.java:lambda$close$4(412)) - 5f73a725-0f40-4029-8a7b-0ac4f52c09c7@group-C4D4B86834AA: shutdown
2022-04-28 13:46:16,250 [ForkJoinPool.commonPool-worker-1] INFO  util.JmxRegister (JmxRegister.java:unregister(73)) - Successfully un-registered JMX Bean with object name Ratis:service=RaftServer,group=group-C4D4B86834AA,id=5f73a725-0f40-4029-8a7b-0ac4f52c09c7
2022-04-28 13:46:16,250 [ForkJoinPool.commonPool-worker-1] INFO  impl.RoleInfo (RoleInfo.java:shutdownFollowerState(108)) - 5f73a725-0f40-4029-8a7b-0ac4f52c09c7: shutdown 5f73a725-0f40-4029-8a7b-0ac4f52c09c7@group-C4D4B86834AA-FollowerState
2022-04-28 13:46:16,250 [ForkJoinPool.commonPool-worker-1] INFO  impl.StateMachineUpdater (StateMachineUpdater.java:stopAndJoin(149)) - 5f73a725-0f40-4029-8a7b-0ac4f52c09c7@group-C4D4B86834AA-StateMachineUpdater: set stopIndex = 2
2022-04-28 13:46:16,250 [5f73a725-0f40-4029-8a7b-0ac4f52c09c7@group-C4D4B86834AA-FollowerState] INFO  impl.FollowerState (FollowerState.java:run(143)) - 5f73a725-0f40-4029-8a7b-0ac4f52c09c7@group-C4D4B86834AA-FollowerState was interrupted: {}
java.lang.InterruptedException: sleep interrupted
	at java.lang.Thread.sleep(Native Method)
	at java.lang.Thread.sleep(Thread.java:342)
	at java.util.concurrent.TimeUnit.sleep(TimeUnit.java:386)
	at org.apache.ratis.util.TimeDuration.sleep(TimeDuration.java:324)
	at org.apache.ratis.util.TimeDuration.sleep(TimeDuration.java:309)
	at org.apache.ratis.server.impl.FollowerState.run(FollowerState.java:118)
2022-04-28 13:46:16,250 [5f73a725-0f40-4029-8a7b-0ac4f52c09c7@group-C4D4B86834AA-StateMachineUpdater] INFO  ratis.ContainerStateMachine (ContainerStateMachine.java:takeSnapshot(304)) - group-C4D4B86834AA: Taking a snapshot at:(t:6, i:2) file /home/runner/work/ozone/ozone/hadoop-ozone/integration-test/target/test-dir/MiniOzoneClusterImpl-961b773a-55ec-4776-b588-5de87e184680/datanode-0/data/ratis/a10d4922-b902-4d8b-9c45-c4d4b86834aa/sm/snapshot.6_2
2022-04-28 13:46:16,251 [5f73a725-0f40-4029-8a7b-0ac4f52c09c7@group-C4D4B86834AA-StateMachineUpdater] INFO  ratis.ContainerStateMachine (ContainerStateMachine.java:takeSnapshot(315)) - group-C4D4B86834AA: Finished taking a snapshot at:(t:6, i:2) file:/home/runner/work/ozone/ozone/hadoop-ozone/integration-test/target/test-dir/MiniOzoneClusterImpl-961b773a-55ec-4776-b588-5de87e184680/datanode-0/data/ratis/a10d4922-b902-4d8b-9c45-c4d4b86834aa/sm/snapshot.6_2 took: 1 ms
2022-04-28 13:46:16,251 [5f73a725-0f40-4029-8a7b-0ac4f52c09c7@group-C4D4B86834AA-StateMachineUpdater] INFO  impl.StateMachineUpdater (StateMachineUpdater.java:takeSnapshot(281)) - 5f73a725-0f40-4029-8a7b-0ac4f52c09c7@group-C4D4B86834AA-StateMachineUpdater: Took a snapshot at index 2
2022-04-28 13:46:16,251 [5f73a725-0f40-4029-8a7b-0ac4f52c09c7@group-C4D4B86834AA-StateMachineUpdater] INFO  impl.StateMachineUpdater (StateMachineUpdater.java:lambda$new$0(89)) - 5f73a725-0f40-4029-8a7b-0ac4f52c09c7@group-C4D4B86834AA-StateMachineUpdater: snapshotIndex: updateIncreasingly -1 -> 2
2022-04-28 13:46:16,252 [ForkJoinPool.commonPool-worker-1] INFO  server.RaftServer$Division (ServerState.java:close(419)) - 5f73a725-0f40-4029-8a7b-0ac4f52c09c7@group-C4D4B86834AA: closes. applyIndex: 2
2022-04-28 13:46:16,252 [5f73a725-0f40-4029-8a7b-0ac4f52c09c7@group-C4D4B86834AA-SegmentedRaftLogWorker] INFO  segmented.SegmentedRaftLogWorker (SegmentedRaftLogWorker.java:run(327)) - 5f73a725-0f40-4029-8a7b-0ac4f52c09c7@group-C4D4B86834AA-SegmentedRaftLogWorker was interrupted, exiting. There are 0 tasks remaining in the queue.
2022-04-28 13:46:16,252 [ForkJoinPool.commonPool-worker-1] INFO  segmented.SegmentedRaftLogWorker (SegmentedRaftLogWorker.java:close(237)) - 5f73a725-0f40-4029-8a7b-0ac4f52c09c7@group-C4D4B86834AA-SegmentedRaftLogWorker close()
2022-04-28 13:46:16,253 [ForkJoinPool.commonPool-worker-1] INFO  server.RaftServer$Division (RaftServerImpl.java:lambda$close$4(412)) - 5f73a725-0f40-4029-8a7b-0ac4f52c09c7@group-1E6DBB551F13: shutdown
2022-04-28 13:46:16,253 [ForkJoinPool.commonPool-worker-1] INFO  util.JmxRegister (JmxRegister.java:unregister(73)) - Successfully un-registered JMX Bean with object name Ratis:service=RaftServer,group=group-1E6DBB551F13,id=5f73a725-0f40-4029-8a7b-0ac4f52c09c7
2022-04-28 13:46:16,253 [ForkJoinPool.commonPool-worker-1] INFO  impl.RoleInfo (RoleInfo.java:shutdownFollowerState(108)) - 5f73a725-0f40-4029-8a7b-0ac4f52c09c7: shutdown 5f73a725-0f40-4029-8a7b-0ac4f52c09c7@group-1E6DBB551F13-FollowerState
2022-04-28 13:46:16,253 [ForkJoinPool.commonPool-worker-1] INFO  impl.StateMachineUpdater (StateMachineUpdater.java:stopAndJoin(149)) - 5f73a725-0f40-4029-8a7b-0ac4f52c09c7@group-1E6DBB551F13-StateMachineUpdater: set stopIndex = 2
2022-04-28 13:46:16,253 [5f73a725-0f40-4029-8a7b-0ac4f52c09c7@group-1E6DBB551F13-FollowerState] INFO  impl.FollowerState (FollowerState.java:run(143)) - 5f73a725-0f40-4029-8a7b-0ac4f52c09c7@group-1E6DBB551F13-FollowerState was interrupted: {}
java.lang.InterruptedException: sleep interrupted
	at java.lang.Thread.sleep(Native Method)
	at java.lang.Thread.sleep(Thread.java:342)
	at java.util.concurrent.TimeUnit.sleep(TimeUnit.java:386)
	at org.apache.ratis.util.TimeDuration.sleep(TimeDuration.java:324)
	at org.apache.ratis.util.TimeDuration.sleep(TimeDuration.java:309)
	at org.apache.ratis.server.impl.FollowerState.run(FollowerState.java:118)
2022-04-28 13:46:16,253 [5f73a725-0f40-4029-8a7b-0ac4f52c09c7@group-1E6DBB551F13-StateMachineUpdater] INFO  ratis.ContainerStateMachine (ContainerStateMachine.java:takeSnapshot(304)) - group-1E6DBB551F13: Taking a snapshot at:(t:3, i:2) file /home/runner/work/ozone/ozone/hadoop-ozone/integration-test/target/test-dir/MiniOzoneClusterImpl-961b773a-55ec-4776-b588-5de87e184680/datanode-0/data/ratis/cdcd232a-581d-4cbf-8bc8-1e6dbb551f13/sm/snapshot.3_2
2022-04-28 13:46:16,255 [5f73a725-0f40-4029-8a7b-0ac4f52c09c7@group-1E6DBB551F13-StateMachineUpdater] INFO  ratis.ContainerStateMachine (ContainerStateMachine.java:takeSnapshot(315)) - group-1E6DBB551F13: Finished taking a snapshot at:(t:3, i:2) file:/home/runner/work/ozone/ozone/hadoop-ozone/integration-test/target/test-dir/MiniOzoneClusterImpl-961b773a-55ec-4776-b588-5de87e184680/datanode-0/data/ratis/cdcd232a-581d-4cbf-8bc8-1e6dbb551f13/sm/snapshot.3_2 took: 1 ms
2022-04-28 13:46:16,255 [5f73a725-0f40-4029-8a7b-0ac4f52c09c7@group-1E6DBB551F13-StateMachineUpdater] INFO  impl.StateMachineUpdater (StateMachineUpdater.java:takeSnapshot(281)) - 5f73a725-0f40-4029-8a7b-0ac4f52c09c7@group-1E6DBB551F13-StateMachineUpdater: Took a snapshot at index 2
2022-04-28 13:46:16,255 [5f73a725-0f40-4029-8a7b-0ac4f52c09c7@group-1E6DBB551F13-StateMachineUpdater] INFO  impl.StateMachineUpdater (StateMachineUpdater.java:lambda$new$0(89)) - 5f73a725-0f40-4029-8a7b-0ac4f52c09c7@group-1E6DBB551F13-StateMachineUpdater: snapshotIndex: updateIncreasingly -1 -> 2
2022-04-28 13:46:16,255 [ForkJoinPool.commonPool-worker-1] INFO  server.RaftServer$Division (ServerState.java:close(419)) - 5f73a725-0f40-4029-8a7b-0ac4f52c09c7@group-1E6DBB551F13: closes. applyIndex: 2
2022-04-28 13:46:16,255 [5f73a725-0f40-4029-8a7b-0ac4f52c09c7@group-1E6DBB551F13-SegmentedRaftLogWorker] INFO  segmented.SegmentedRaftLogWorker (SegmentedRaftLogWorker.java:run(327)) - 5f73a725-0f40-4029-8a7b-0ac4f52c09c7@group-1E6DBB551F13-SegmentedRaftLogWorker was interrupted, exiting. There are 0 tasks remaining in the queue.
2022-04-28 13:46:16,256 [ForkJoinPool.commonPool-worker-1] INFO  segmented.SegmentedRaftLogWorker (SegmentedRaftLogWorker.java:close(237)) - 5f73a725-0f40-4029-8a7b-0ac4f52c09c7@group-1E6DBB551F13-SegmentedRaftLogWorker close()
2022-04-28 13:46:16,256 [ForkJoinPool.commonPool-worker-1] INFO  server.RaftServer$Division (RaftServerImpl.java:lambda$close$4(412)) - 5f73a725-0f40-4029-8a7b-0ac4f52c09c7@group-16680024E073: shutdown
2022-04-28 13:46:16,257 [ForkJoinPool.commonPool-worker-1] INFO  util.JmxRegister (JmxRegister.java:unregister(73)) - Successfully un-registered JMX Bean with object name Ratis:service=RaftServer,group=group-16680024E073,id=5f73a725-0f40-4029-8a7b-0ac4f52c09c7
2022-04-28 13:46:16,257 [ForkJoinPool.commonPool-worker-1] INFO  impl.RoleInfo (RoleInfo.java:shutdownLeaderState(91)) - 5f73a725-0f40-4029-8a7b-0ac4f52c09c7: shutdown 5f73a725-0f40-4029-8a7b-0ac4f52c09c7@group-16680024E073-LeaderStateImpl
2022-04-28 13:46:16,257 [ForkJoinPool.commonPool-worker-1] INFO  impl.PendingRequests (PendingRequests.java:sendNotLeaderResponses(282)) - 5f73a725-0f40-4029-8a7b-0ac4f52c09c7@group-16680024E073-PendingRequests: sendNotLeaderResponses
2022-04-28 13:46:16,257 [ForkJoinPool.commonPool-worker-1] INFO  impl.StateMachineUpdater (StateMachineUpdater.java:stopAndJoin(149)) - 5f73a725-0f40-4029-8a7b-0ac4f52c09c7@group-16680024E073-StateMachineUpdater: set stopIndex = 0
2022-04-28 13:46:16,257 [5f73a725-0f40-4029-8a7b-0ac4f52c09c7@group-16680024E073-StateMachineUpdater] INFO  ratis.ContainerStateMachine (ContainerStateMachine.java:takeSnapshot(304)) - group-16680024E073: Taking a snapshot at:(t:1, i:0) file /home/runner/work/ozone/ozone/hadoop-ozone/integration-test/target/test-dir/MiniOzoneClusterImpl-961b773a-55ec-4776-b588-5de87e184680/datanode-0/data/ratis/5f187f64-27df-4ede-a4fc-16680024e073/sm/snapshot.1_0
2022-04-28 13:46:16,258 [5f73a725-0f40-4029-8a7b-0ac4f52c09c7@group-16680024E073-StateMachineUpdater] INFO  ratis.ContainerStateMachine (ContainerStateMachine.java:takeSnapshot(315)) - group-16680024E073: Finished taking a snapshot at:(t:1, i:0) file:/home/runner/work/ozone/ozone/hadoop-ozone/integration-test/target/test-dir/MiniOzoneClusterImpl-961b773a-55ec-4776-b588-5de87e184680/datanode-0/data/ratis/5f187f64-27df-4ede-a4fc-16680024e073/sm/snapshot.1_0 took: 1 ms
2022-04-28 13:46:16,259 [5f73a725-0f40-4029-8a7b-0ac4f52c09c7@group-16680024E073-StateMachineUpdater] INFO  impl.StateMachineUpdater (StateMachineUpdater.java:takeSnapshot(281)) - 5f73a725-0f40-4029-8a7b-0ac4f52c09c7@group-16680024E073-StateMachineUpdater: Took a snapshot at index 0
2022-04-28 13:46:16,259 [5f73a725-0f40-4029-8a7b-0ac4f52c09c7@group-16680024E073-StateMachineUpdater] INFO  impl.StateMachineUpdater (StateMachineUpdater.java:lambda$new$0(89)) - 5f73a725-0f40-4029-8a7b-0ac4f52c09c7@group-16680024E073-StateMachineUpdater: snapshotIndex: updateIncreasingly -1 -> 0
2022-04-28 13:46:16,259 [ForkJoinPool.commonPool-worker-1] INFO  server.RaftServer$Division (ServerState.java:close(419)) - 5f73a725-0f40-4029-8a7b-0ac4f52c09c7@group-16680024E073: closes. applyIndex: 0
2022-04-28 13:46:16,261 [5f73a725-0f40-4029-8a7b-0ac4f52c09c7@group-16680024E073-SegmentedRaftLogWorker] INFO  segmented.SegmentedRaftLogWorker (SegmentedRaftLogWorker.java:run(327)) - 5f73a725-0f40-4029-8a7b-0ac4f52c09c7@group-16680024E073-SegmentedRaftLogWorker was interrupted, exiting. There are 0 tasks remaining in the queue.
2022-04-28 13:46:16,266 [ForkJoinPool.commonPool-worker-1] INFO  segmented.SegmentedRaftLogWorker (SegmentedRaftLogWorker.java:close(237)) - 5f73a725-0f40-4029-8a7b-0ac4f52c09c7@group-16680024E073-SegmentedRaftLogWorker close()
2022-04-28 13:46:16,266 [ForkJoinPool.commonPool-worker-1] INFO  server.GrpcService (GrpcService.java:closeImpl(262)) - 5f73a725-0f40-4029-8a7b-0ac4f52c09c7: shutdown server with port 38783 now
2022-04-28 13:46:16,275 [ForkJoinPool.commonPool-worker-1] INFO  server.GrpcService (GrpcService.java:closeImpl(271)) - 5f73a725-0f40-4029-8a7b-0ac4f52c09c7: shutdown server with port 38783 successfully
2022-04-28 13:46:16,275 [org.apache.ratis.util.JvmPauseMonitor$$Lambda$468/1104361616@4e195571] INFO  util.JvmPauseMonitor (JvmPauseMonitor.java:run(109)) - JvmPauseMonitor-5f73a725-0f40-4029-8a7b-0ac4f52c09c7: Stopped
2022-04-28 13:46:18,118 [Listener at 127.0.0.1/38637] INFO  utils.BackgroundService (BackgroundService.java:shutdown(132)) - Shutting down service BlockDeletingService
2022-04-28 13:46:18,288 [ForkJoinPool.commonPool-worker-1] INFO  utils.BackgroundService (BackgroundService.java:shutdown(132)) - Shutting down service BlockDeletingService
2022-04-28 13:46:20,496 [4f6314c6-5f1e-418e-9cab-9d7da23e485e@group-715227EE14BA-FollowerState] INFO  impl.FollowerState (FollowerState.java:run(134)) - 4f6314c6-5f1e-418e-9cab-9d7da23e485e@group-715227EE14BA-FollowerState: change to CANDIDATE, lastRpcElapsedTime:5069583128ns, electionTimeout:5069ms
2022-04-28 13:46:20,497 [4f6314c6-5f1e-418e-9cab-9d7da23e485e@group-715227EE14BA-FollowerState] INFO  impl.RoleInfo (RoleInfo.java:shutdownFollowerState(108)) - 4f6314c6-5f1e-418e-9cab-9d7da23e485e: shutdown 4f6314c6-5f1e-418e-9cab-9d7da23e485e@group-715227EE14BA-FollowerState
2022-04-28 13:46:20,497 [4f6314c6-5f1e-418e-9cab-9d7da23e485e@group-715227EE14BA-FollowerState] INFO  server.RaftServer$Division (RaftServerImpl.java:setRole(290)) - 4f6314c6-5f1e-418e-9cab-9d7da23e485e@group-715227EE14BA: changes role from  FOLLOWER to CANDIDATE at term 6 for changeToCandidate
2022-04-28 13:46:20,497 [4f6314c6-5f1e-418e-9cab-9d7da23e485e@group-715227EE14BA-FollowerState] INFO  server.RaftServerConfigKeys (ConfUtils.java:logGet(44)) - raft.server.leaderelection.pre-vote = false (custom)
2022-04-28 13:46:20,497 [4f6314c6-5f1e-418e-9cab-9d7da23e485e@group-715227EE14BA-FollowerState] INFO  impl.RoleInfo (RoleInfo.java:updateAndGet(130)) - 4f6314c6-5f1e-418e-9cab-9d7da23e485e: start 4f6314c6-5f1e-418e-9cab-9d7da23e485e@group-715227EE14BA-LeaderElection33
2022-04-28 13:46:20,508 [4f6314c6-5f1e-418e-9cab-9d7da23e485e@group-715227EE14BA-LeaderElection33] INFO  impl.LeaderElection (LeaderElection.java:askForVotes(306)) - 4f6314c6-5f1e-418e-9cab-9d7da23e485e@group-715227EE14BA-LeaderElection33 ELECTION round 0: submit vote requests at term 7 for 0: [4f6314c6-5f1e-418e-9cab-9d7da23e485e|rpc:10.1.0.6:33597|dataStream:|priority:0, ab82d630-dee7-4177-af41-1c16b6b55497|rpc:10.1.0.6:33355|dataStream:|priority:1, ed14f577-cd6a-4282-b253-bcfbdf05676a|rpc:10.1.0.6:43755|dataStream:|priority:0], old=null
2022-04-28 13:46:20,518 [4f6314c6-5f1e-418e-9cab-9d7da23e485e@group-715227EE14BA-LeaderElection33] INFO  impl.LeaderElection (LogUtils.java:infoOrTrace(137)) - 4f6314c6-5f1e-418e-9cab-9d7da23e485e@group-715227EE14BA-LeaderElection33 got exception when requesting votes: java.util.concurrent.ExecutionException: org.apache.ratis.thirdparty.io.grpc.StatusRuntimeException: UNAVAILABLE: io exception
2022-04-28 13:46:20,525 [4f6314c6-5f1e-418e-9cab-9d7da23e485e@group-715227EE14BA-LeaderElection33] INFO  impl.LeaderElection (LogUtils.java:infoOrTrace(137)) - 4f6314c6-5f1e-418e-9cab-9d7da23e485e@group-715227EE14BA-LeaderElection33 got exception when requesting votes: java.util.concurrent.ExecutionException: org.apache.ratis.thirdparty.io.grpc.StatusRuntimeException: UNAVAILABLE: io exception
2022-04-28 13:46:20,525 [4f6314c6-5f1e-418e-9cab-9d7da23e485e@group-715227EE14BA-LeaderElection33] INFO  impl.LeaderElection (LeaderElection.java:logAndReturn(89)) - 4f6314c6-5f1e-418e-9cab-9d7da23e485e@group-715227EE14BA-LeaderElection33: ELECTION REJECTED received 0 response(s) and 2 exception(s):
2022-04-28 13:46:20,525 [4f6314c6-5f1e-418e-9cab-9d7da23e485e@group-715227EE14BA-LeaderElection33] INFO  impl.LeaderElection (LogUtils.java:infoOrTrace(137)) -   Exception 0: java.util.concurrent.ExecutionException: org.apache.ratis.thirdparty.io.grpc.StatusRuntimeException: UNAVAILABLE: io exception
2022-04-28 13:46:20,525 [4f6314c6-5f1e-418e-9cab-9d7da23e485e@group-715227EE14BA-LeaderElection33] INFO  impl.LeaderElection (LogUtils.java:infoOrTrace(137)) -   Exception 1: java.util.concurrent.ExecutionException: org.apache.ratis.thirdparty.io.grpc.StatusRuntimeException: UNAVAILABLE: io exception
2022-04-28 13:46:20,525 [4f6314c6-5f1e-418e-9cab-9d7da23e485e@group-715227EE14BA-LeaderElection33] INFO  impl.LeaderElection (LeaderElection.java:askForVotes(308)) - 4f6314c6-5f1e-418e-9cab-9d7da23e485e@group-715227EE14BA-LeaderElection33 ELECTION round 0: result REJECTED
2022-04-28 13:46:20,525 [4f6314c6-5f1e-418e-9cab-9d7da23e485e@group-715227EE14BA-LeaderElection33] INFO  server.RaftServer$Division (RaftServerImpl.java:setRole(290)) - 4f6314c6-5f1e-418e-9cab-9d7da23e485e@group-715227EE14BA: changes role from CANDIDATE to FOLLOWER at term 7 for REJECTED
2022-04-28 13:46:20,525 [4f6314c6-5f1e-418e-9cab-9d7da23e485e@group-715227EE14BA-LeaderElection33] INFO  impl.RoleInfo (RoleInfo.java:shutdownLeaderElection(121)) - 4f6314c6-5f1e-418e-9cab-9d7da23e485e: shutdown 4f6314c6-5f1e-418e-9cab-9d7da23e485e@group-715227EE14BA-LeaderElection33
2022-04-28 13:46:20,525 [4f6314c6-5f1e-418e-9cab-9d7da23e485e@group-715227EE14BA-LeaderElection33] INFO  impl.RoleInfo (RoleInfo.java:updateAndGet(130)) - 4f6314c6-5f1e-418e-9cab-9d7da23e485e: start 4f6314c6-5f1e-418e-9cab-9d7da23e485e@group-715227EE14BA-FollowerState
2022-04-28 13:46:20,750 [4f6314c6-5f1e-418e-9cab-9d7da23e485e@group-EABBF4BA2E45-FollowerState] INFO  impl.FollowerState (FollowerState.java:run(134)) - 4f6314c6-5f1e-418e-9cab-9d7da23e485e@group-EABBF4BA2E45-FollowerState: change to CANDIDATE, lastRpcElapsedTime:10265398130ns, electionTimeout:5081ms
2022-04-28 13:46:20,750 [4f6314c6-5f1e-418e-9cab-9d7da23e485e@group-EABBF4BA2E45-FollowerState] INFO  impl.RoleInfo (RoleInfo.java:shutdownFollowerState(108)) - 4f6314c6-5f1e-418e-9cab-9d7da23e485e: shutdown 4f6314c6-5f1e-418e-9cab-9d7da23e485e@group-EABBF4BA2E45-FollowerState
2022-04-28 13:46:20,750 [4f6314c6-5f1e-418e-9cab-9d7da23e485e@group-EABBF4BA2E45-FollowerState] INFO  server.RaftServer$Division (RaftServerImpl.java:setRole(290)) - 4f6314c6-5f1e-418e-9cab-9d7da23e485e@group-EABBF4BA2E45: changes role from  FOLLOWER to CANDIDATE at term 3 for changeToCandidate
2022-04-28 13:46:20,751 [4f6314c6-5f1e-418e-9cab-9d7da23e485e@group-EABBF4BA2E45-FollowerState] INFO  server.RaftServerConfigKeys (ConfUtils.java:logGet(44)) - raft.server.leaderelection.pre-vote = false (custom)
2022-04-28 13:46:20,751 [4f6314c6-5f1e-418e-9cab-9d7da23e485e@group-EABBF4BA2E45-FollowerState] INFO  impl.RoleInfo (RoleInfo.java:updateAndGet(130)) - 4f6314c6-5f1e-418e-9cab-9d7da23e485e: start 4f6314c6-5f1e-418e-9cab-9d7da23e485e@group-EABBF4BA2E45-LeaderElection34
2022-04-28 13:46:20,753 [4f6314c6-5f1e-418e-9cab-9d7da23e485e@group-EABBF4BA2E45-LeaderElection34] INFO  server.RaftServer$Division (ServerState.java:setLeader(285)) - 4f6314c6-5f1e-418e-9cab-9d7da23e485e@group-EABBF4BA2E45: change Leader from 4f6314c6-5f1e-418e-9cab-9d7da23e485e to null at term 3 for ELECTION
2022-04-28 13:46:20,759 [4f6314c6-5f1e-418e-9cab-9d7da23e485e@group-EABBF4BA2E45-LeaderElection34] INFO  impl.LeaderElection (LeaderElection.java:askForVotes(306)) - 4f6314c6-5f1e-418e-9cab-9d7da23e485e@group-EABBF4BA2E45-LeaderElection34 ELECTION round 0: submit vote requests at term 4 for 0: [4f6314c6-5f1e-418e-9cab-9d7da23e485e|rpc:10.1.0.6:33597|dataStream:|priority:1, ab82d630-dee7-4177-af41-1c16b6b55497|rpc:10.1.0.6:33355|dataStream:|priority:0, ed14f577-cd6a-4282-b253-bcfbdf05676a|rpc:10.1.0.6:43755|dataStream:|priority:0], old=null
2022-04-28 13:46:20,761 [4f6314c6-5f1e-418e-9cab-9d7da23e485e@group-EABBF4BA2E45-LeaderElection34] INFO  impl.LeaderElection (LogUtils.java:infoOrTrace(137)) - 4f6314c6-5f1e-418e-9cab-9d7da23e485e@group-EABBF4BA2E45-LeaderElection34 got exception when requesting votes: java.util.concurrent.ExecutionException: org.apache.ratis.thirdparty.io.grpc.StatusRuntimeException: UNAVAILABLE: io exception
2022-04-28 13:46:20,762 [4f6314c6-5f1e-418e-9cab-9d7da23e485e@group-EABBF4BA2E45-LeaderElection34] INFO  impl.LeaderElection (LogUtils.java:infoOrTrace(137)) - 4f6314c6-5f1e-418e-9cab-9d7da23e485e@group-EABBF4BA2E45-LeaderElection34 got exception when requesting votes: java.util.concurrent.ExecutionException: org.apache.ratis.thirdparty.io.grpc.StatusRuntimeException: UNAVAILABLE: io exception
2022-04-28 13:46:20,762 [4f6314c6-5f1e-418e-9cab-9d7da23e485e@group-EABBF4BA2E45-LeaderElection34] INFO  impl.LeaderElection (LeaderElection.java:logAndReturn(89)) - 4f6314c6-5f1e-418e-9cab-9d7da23e485e@group-EABBF4BA2E45-LeaderElection34: ELECTION REJECTED received 0 response(s) and 2 exception(s):
2022-04-28 13:46:20,762 [4f6314c6-5f1e-418e-9cab-9d7da23e485e@group-EABBF4BA2E45-LeaderElection34] INFO  impl.LeaderElection (LogUtils.java:infoOrTrace(137)) -   Exception 0: java.util.concurrent.ExecutionException: org.apache.ratis.thirdparty.io.grpc.StatusRuntimeException: UNAVAILABLE: io exception
2022-04-28 13:46:20,762 [4f6314c6-5f1e-418e-9cab-9d7da23e485e@group-EABBF4BA2E45-LeaderElection34] INFO  impl.LeaderElection (LogUtils.java:infoOrTrace(137)) -   Exception 1: java.util.concurrent.ExecutionException: org.apache.ratis.thirdparty.io.grpc.StatusRuntimeException: UNAVAILABLE: io exception
2022-04-28 13:46:20,762 [4f6314c6-5f1e-418e-9cab-9d7da23e485e@group-EABBF4BA2E45-LeaderElection34] INFO  impl.LeaderElection (LeaderElection.java:askForVotes(308)) - 4f6314c6-5f1e-418e-9cab-9d7da23e485e@group-EABBF4BA2E45-LeaderElection34 ELECTION round 0: result REJECTED
2022-04-28 13:46:20,762 [4f6314c6-5f1e-418e-9cab-9d7da23e485e@group-EABBF4BA2E45-LeaderElection34] INFO  server.RaftServer$Division (RaftServerImpl.java:setRole(290)) - 4f6314c6-5f1e-418e-9cab-9d7da23e485e@group-EABBF4BA2E45: changes role from CANDIDATE to FOLLOWER at term 4 for REJECTED
2022-04-28 13:46:20,762 [4f6314c6-5f1e-418e-9cab-9d7da23e485e@group-EABBF4BA2E45-LeaderElection34] INFO  impl.RoleInfo (RoleInfo.java:shutdownLeaderElection(121)) - 4f6314c6-5f1e-418e-9cab-9d7da23e485e: shutdown 4f6314c6-5f1e-418e-9cab-9d7da23e485e@group-EABBF4BA2E45-LeaderElection34
2022-04-28 13:46:20,762 [4f6314c6-5f1e-418e-9cab-9d7da23e485e@group-EABBF4BA2E45-LeaderElection34] INFO  impl.RoleInfo (RoleInfo.java:updateAndGet(130)) - 4f6314c6-5f1e-418e-9cab-9d7da23e485e: start 4f6314c6-5f1e-418e-9cab-9d7da23e485e@group-EABBF4BA2E45-FollowerState
2022-04-28 13:46:21,122 [Listener at 127.0.0.1/38637] INFO  statemachine.DatanodeStateMachine (DatanodeStateMachine.java:stopDaemon(560)) - Ozone container server stopped.
2022-04-28 13:46:21,130 [Listener at 127.0.0.1/38637] INFO  handler.ContextHandler (ContextHandler.java:doStop(1153)) - Stopped o.e.j.w.WebAppContext@712c4732{hddsDatanode,/,null,STOPPED}{jar:file:/home/runner/.m2/repository/org/apache/ozone/hdds-container-service/1.3.0-SNAPSHOT/hdds-container-service-1.3.0-SNAPSHOT.jar!/webapps/hddsDatanode}
2022-04-28 13:46:21,137 [Listener at 127.0.0.1/38637] INFO  server.AbstractConnector (AbstractConnector.java:doStop(381)) - Stopped ServerConnector@2758ac02{HTTP/1.1, (http/1.1)}{0.0.0.0:0}
2022-04-28 13:46:21,137 [Listener at 127.0.0.1/38637] INFO  server.session (HouseKeeper.java:stopScavenging(149)) - node0 Stopped scavenging
2022-04-28 13:46:21,137 [Listener at 127.0.0.1/38637] INFO  handler.ContextHandler (ContextHandler.java:doStop(1153)) - Stopped o.e.j.s.ServletContextHandler@55c53edc{static,/static,jar:file:/home/runner/.m2/repository/org/apache/ozone/hdds-container-service/1.3.0-SNAPSHOT/hdds-container-service-1.3.0-SNAPSHOT.jar!/webapps/static,STOPPED}
2022-04-28 13:46:21,141 [Listener at 127.0.0.1/38637] INFO  handler.ContextHandler (ContextHandler.java:doStop(1153)) - Stopped o.e.j.s.ServletContextHandler@826439a{logs,/logs,file:///home/runner/work/ozone/ozone/hadoop-ozone/integration-test/target/log,STOPPED}
2022-04-28 13:46:21,294 [ForkJoinPool.commonPool-worker-1] INFO  statemachine.DatanodeStateMachine (DatanodeStateMachine.java:stopDaemon(560)) - Ozone container server stopped.
2022-04-28 13:46:21,312 [ForkJoinPool.commonPool-worker-1] INFO  handler.ContextHandler (ContextHandler.java:doStop(1153)) - Stopped o.e.j.w.WebAppContext@79844f49{hddsDatanode,/,null,STOPPED}{jar:file:/home/runner/.m2/repository/org/apache/ozone/hdds-container-service/1.3.0-SNAPSHOT/hdds-container-service-1.3.0-SNAPSHOT.jar!/webapps/hddsDatanode}
2022-04-28 13:46:21,323 [ForkJoinPool.commonPool-worker-1] INFO  server.AbstractConnector (AbstractConnector.java:doStop(381)) - Stopped ServerConnector@61dd4cf6{HTTP/1.1, (http/1.1)}{0.0.0.0:0}
2022-04-28 13:46:21,323 [ForkJoinPool.commonPool-worker-1] INFO  server.session (HouseKeeper.java:stopScavenging(149)) - node0 Stopped scavenging
2022-04-28 13:46:21,330 [ForkJoinPool.commonPool-worker-1] INFO  handler.ContextHandler (ContextHandler.java:doStop(1153)) - Stopped o.e.j.s.ServletContextHandler@68e6d932{static,/static,jar:file:/home/runner/.m2/repository/org/apache/ozone/hdds-container-service/1.3.0-SNAPSHOT/hdds-container-service-1.3.0-SNAPSHOT.jar!/webapps/static,STOPPED}
2022-04-28 13:46:21,343 [ForkJoinPool.commonPool-worker-1] INFO  handler.ContextHandler (ContextHandler.java:doStop(1153)) - Stopped o.e.j.s.ServletContextHandler@1dcda860{logs,/logs,file:///home/runner/work/ozone/ozone/hadoop-ozone/integration-test/target/log,STOPPED}
2022-04-28 13:46:25,669 [4f6314c6-5f1e-418e-9cab-9d7da23e485e@group-715227EE14BA-FollowerState] INFO  impl.FollowerState (FollowerState.java:run(134)) - 4f6314c6-5f1e-418e-9cab-9d7da23e485e@group-715227EE14BA-FollowerState: change to CANDIDATE, lastRpcElapsedTime:5143780847ns, electionTimeout:5143ms
2022-04-28 13:46:25,669 [4f6314c6-5f1e-418e-9cab-9d7da23e485e@group-715227EE14BA-FollowerState] INFO  impl.RoleInfo (RoleInfo.java:shutdownFollowerState(108)) - 4f6314c6-5f1e-418e-9cab-9d7da23e485e: shutdown 4f6314c6-5f1e-418e-9cab-9d7da23e485e@group-715227EE14BA-FollowerState
2022-04-28 13:46:25,670 [4f6314c6-5f1e-418e-9cab-9d7da23e485e@group-715227EE14BA-FollowerState] INFO  server.RaftServer$Division (RaftServerImpl.java:setRole(290)) - 4f6314c6-5f1e-418e-9cab-9d7da23e485e@group-715227EE14BA: changes role from  FOLLOWER to CANDIDATE at term 7 for changeToCandidate
2022-04-28 13:46:25,670 [4f6314c6-5f1e-418e-9cab-9d7da23e485e@group-715227EE14BA-FollowerState] INFO  server.RaftServerConfigKeys (ConfUtils.java:logGet(44)) - raft.server.leaderelection.pre-vote = false (custom)
2022-04-28 13:46:25,670 [4f6314c6-5f1e-418e-9cab-9d7da23e485e@group-715227EE14BA-FollowerState] INFO  impl.RoleInfo (RoleInfo.java:updateAndGet(130)) - 4f6314c6-5f1e-418e-9cab-9d7da23e485e: start 4f6314c6-5f1e-418e-9cab-9d7da23e485e@group-715227EE14BA-LeaderElection35
2022-04-28 13:46:25,674 [4f6314c6-5f1e-418e-9cab-9d7da23e485e@group-715227EE14BA-LeaderElection35] INFO  impl.LeaderElection (LeaderElection.java:askForVotes(306)) - 4f6314c6-5f1e-418e-9cab-9d7da23e485e@group-715227EE14BA-LeaderElection35 ELECTION round 0: submit vote requests at term 8 for 0: [4f6314c6-5f1e-418e-9cab-9d7da23e485e|rpc:10.1.0.6:33597|dataStream:|priority:0, ab82d630-dee7-4177-af41-1c16b6b55497|rpc:10.1.0.6:33355|dataStream:|priority:1, ed14f577-cd6a-4282-b253-bcfbdf05676a|rpc:10.1.0.6:43755|dataStream:|priority:0], old=null
2022-04-28 13:46:25,687 [4f6314c6-5f1e-418e-9cab-9d7da23e485e@group-715227EE14BA-LeaderElection35] INFO  impl.LeaderElection (LogUtils.java:infoOrTrace(137)) - 4f6314c6-5f1e-418e-9cab-9d7da23e485e@group-715227EE14BA-LeaderElection35 got exception when requesting votes: java.util.concurrent.ExecutionException: org.apache.ratis.thirdparty.io.grpc.StatusRuntimeException: UNAVAILABLE: io exception
2022-04-28 13:46:25,688 [4f6314c6-5f1e-418e-9cab-9d7da23e485e@group-715227EE14BA-LeaderElection35] INFO  impl.LeaderElection (LogUtils.java:infoOrTrace(137)) - 4f6314c6-5f1e-418e-9cab-9d7da23e485e@group-715227EE14BA-LeaderElection35 got exception when requesting votes: java.util.concurrent.ExecutionException: org.apache.ratis.thirdparty.io.grpc.StatusRuntimeException: UNAVAILABLE: io exception
2022-04-28 13:46:25,688 [4f6314c6-5f1e-418e-9cab-9d7da23e485e@group-715227EE14BA-LeaderElection35] INFO  impl.LeaderElection (LeaderElection.java:logAndReturn(89)) - 4f6314c6-5f1e-418e-9cab-9d7da23e485e@group-715227EE14BA-LeaderElection35: ELECTION REJECTED received 0 response(s) and 2 exception(s):
2022-04-28 13:46:25,688 [4f6314c6-5f1e-418e-9cab-9d7da23e485e@group-715227EE14BA-LeaderElection35] INFO  impl.LeaderElection (LogUtils.java:infoOrTrace(137)) -   Exception 0: java.util.concurrent.ExecutionException: org.apache.ratis.thirdparty.io.grpc.StatusRuntimeException: UNAVAILABLE: io exception
2022-04-28 13:46:25,688 [4f6314c6-5f1e-418e-9cab-9d7da23e485e@group-715227EE14BA-LeaderElection35] INFO  impl.LeaderElection (LogUtils.java:infoOrTrace(137)) -   Exception 1: java.util.concurrent.ExecutionException: org.apache.ratis.thirdparty.io.grpc.StatusRuntimeException: UNAVAILABLE: io exception
2022-04-28 13:46:25,688 [4f6314c6-5f1e-418e-9cab-9d7da23e485e@group-715227EE14BA-LeaderElection35] INFO  impl.LeaderElection (LeaderElection.java:askForVotes(308)) - 4f6314c6-5f1e-418e-9cab-9d7da23e485e@group-715227EE14BA-LeaderElection35 ELECTION round 0: result REJECTED
2022-04-28 13:46:25,688 [4f6314c6-5f1e-418e-9cab-9d7da23e485e@group-715227EE14BA-LeaderElection35] INFO  server.RaftServer$Division (RaftServerImpl.java:setRole(290)) - 4f6314c6-5f1e-418e-9cab-9d7da23e485e@group-715227EE14BA: changes role from CANDIDATE to FOLLOWER at term 8 for REJECTED
2022-04-28 13:46:25,688 [4f6314c6-5f1e-418e-9cab-9d7da23e485e@group-715227EE14BA-LeaderElection35] INFO  impl.RoleInfo (RoleInfo.java:shutdownLeaderElection(121)) - 4f6314c6-5f1e-418e-9cab-9d7da23e485e: shutdown 4f6314c6-5f1e-418e-9cab-9d7da23e485e@group-715227EE14BA-LeaderElection35
2022-04-28 13:46:25,688 [4f6314c6-5f1e-418e-9cab-9d7da23e485e@group-715227EE14BA-LeaderElection35] INFO  impl.RoleInfo (RoleInfo.java:updateAndGet(130)) - 4f6314c6-5f1e-418e-9cab-9d7da23e485e: start 4f6314c6-5f1e-418e-9cab-9d7da23e485e@group-715227EE14BA-FollowerState
2022-04-28 13:46:25,767 [4f6314c6-5f1e-418e-9cab-9d7da23e485e@group-EABBF4BA2E45-FollowerState] INFO  impl.FollowerState (FollowerState.java:run(134)) - 4f6314c6-5f1e-418e-9cab-9d7da23e485e@group-EABBF4BA2E45-FollowerState: change to CANDIDATE, lastRpcElapsedTime:5005517037ns, electionTimeout:5005ms
2022-04-28 13:46:25,768 [4f6314c6-5f1e-418e-9cab-9d7da23e485e@group-EABBF4BA2E45-FollowerState] INFO  impl.RoleInfo (RoleInfo.java:shutdownFollowerState(108)) - 4f6314c6-5f1e-418e-9cab-9d7da23e485e: shutdown 4f6314c6-5f1e-418e-9cab-9d7da23e485e@group-EABBF4BA2E45-FollowerState
2022-04-28 13:46:25,768 [4f6314c6-5f1e-418e-9cab-9d7da23e485e@group-EABBF4BA2E45-FollowerState] INFO  server.RaftServer$Division (RaftServerImpl.java:setRole(290)) - 4f6314c6-5f1e-418e-9cab-9d7da23e485e@group-EABBF4BA2E45: changes role from  FOLLOWER to CANDIDATE at term 4 for changeToCandidate
2022-04-28 13:46:25,768 [4f6314c6-5f1e-418e-9cab-9d7da23e485e@group-EABBF4BA2E45-FollowerState] INFO  server.RaftServerConfigKeys (ConfUtils.java:logGet(44)) - raft.server.leaderelection.pre-vote = false (custom)
2022-04-28 13:46:25,768 [4f6314c6-5f1e-418e-9cab-9d7da23e485e@group-EABBF4BA2E45-FollowerState] INFO  impl.RoleInfo (RoleInfo.java:updateAndGet(130)) - 4f6314c6-5f1e-418e-9cab-9d7da23e485e: start 4f6314c6-5f1e-418e-9cab-9d7da23e485e@group-EABBF4BA2E45-LeaderElection36
2022-04-28 13:46:25,777 [4f6314c6-5f1e-418e-9cab-9d7da23e485e@group-EABBF4BA2E45-LeaderElection36] INFO  impl.LeaderElection (LeaderElection.java:askForVotes(306)) - 4f6314c6-5f1e-418e-9cab-9d7da23e485e@group-EABBF4BA2E45-LeaderElection36 ELECTION round 0: submit vote requests at term 5 for 0: [4f6314c6-5f1e-418e-9cab-9d7da23e485e|rpc:10.1.0.6:33597|dataStream:|priority:1, ab82d630-dee7-4177-af41-1c16b6b55497|rpc:10.1.0.6:33355|dataStream:|priority:0, ed14f577-cd6a-4282-b253-bcfbdf05676a|rpc:10.1.0.6:43755|dataStream:|priority:0], old=null
2022-04-28 13:46:25,780 [4f6314c6-5f1e-418e-9cab-9d7da23e485e@group-EABBF4BA2E45-LeaderElection36] INFO  impl.LeaderElection (LogUtils.java:infoOrTrace(137)) - 4f6314c6-5f1e-418e-9cab-9d7da23e485e@group-EABBF4BA2E45-LeaderElection36 got exception when requesting votes: java.util.concurrent.ExecutionException: org.apache.ratis.thirdparty.io.grpc.StatusRuntimeException: UNAVAILABLE: io exception
2022-04-28 13:46:25,781 [4f6314c6-5f1e-418e-9cab-9d7da23e485e@group-EABBF4BA2E45-LeaderElection36] INFO  impl.LeaderElection (LogUtils.java:infoOrTrace(137)) - 4f6314c6-5f1e-418e-9cab-9d7da23e485e@group-EABBF4BA2E45-LeaderElection36 got exception when requesting votes: java.util.concurrent.ExecutionException: org.apache.ratis.thirdparty.io.grpc.StatusRuntimeException: UNAVAILABLE: io exception
2022-04-28 13:46:25,781 [4f6314c6-5f1e-418e-9cab-9d7da23e485e@group-EABBF4BA2E45-LeaderElection36] INFO  impl.LeaderElection (LeaderElection.java:logAndReturn(89)) - 4f6314c6-5f1e-418e-9cab-9d7da23e485e@group-EABBF4BA2E45-LeaderElection36: ELECTION REJECTED received 0 response(s) and 2 exception(s):
2022-04-28 13:46:25,781 [4f6314c6-5f1e-418e-9cab-9d7da23e485e@group-EABBF4BA2E45-LeaderElection36] INFO  impl.LeaderElection (LogUtils.java:infoOrTrace(137)) -   Exception 0: java.util.concurrent.ExecutionException: org.apache.ratis.thirdparty.io.grpc.StatusRuntimeException: UNAVAILABLE: io exception
2022-04-28 13:46:25,781 [4f6314c6-5f1e-418e-9cab-9d7da23e485e@group-EABBF4BA2E45-LeaderElection36] INFO  impl.LeaderElection (LogUtils.java:infoOrTrace(137)) -   Exception 1: java.util.concurrent.ExecutionException: org.apache.ratis.thirdparty.io.grpc.StatusRuntimeException: UNAVAILABLE: io exception
2022-04-28 13:46:25,781 [4f6314c6-5f1e-418e-9cab-9d7da23e485e@group-EABBF4BA2E45-LeaderElection36] INFO  impl.LeaderElection (LeaderElection.java:askForVotes(308)) - 4f6314c6-5f1e-418e-9cab-9d7da23e485e@group-EABBF4BA2E45-LeaderElection36 ELECTION round 0: result REJECTED
2022-04-28 13:46:25,781 [4f6314c6-5f1e-418e-9cab-9d7da23e485e@group-EABBF4BA2E45-LeaderElection36] INFO  server.RaftServer$Division (RaftServerImpl.java:setRole(290)) - 4f6314c6-5f1e-418e-9cab-9d7da23e485e@group-EABBF4BA2E45: changes role from CANDIDATE to FOLLOWER at term 5 for REJECTED
2022-04-28 13:46:25,781 [4f6314c6-5f1e-418e-9cab-9d7da23e485e@group-EABBF4BA2E45-LeaderElection36] INFO  impl.RoleInfo (RoleInfo.java:shutdownLeaderElection(121)) - 4f6314c6-5f1e-418e-9cab-9d7da23e485e: shutdown 4f6314c6-5f1e-418e-9cab-9d7da23e485e@group-EABBF4BA2E45-LeaderElection36
2022-04-28 13:46:25,781 [4f6314c6-5f1e-418e-9cab-9d7da23e485e@group-EABBF4BA2E45-LeaderElection36] INFO  impl.RoleInfo (RoleInfo.java:updateAndGet(130)) - 4f6314c6-5f1e-418e-9cab-9d7da23e485e: start 4f6314c6-5f1e-418e-9cab-9d7da23e485e@group-EABBF4BA2E45-FollowerState
2022-04-28 13:46:26,150 [Listener at 127.0.0.1/38637] INFO  ozoneimpl.OzoneContainer (OzoneContainer.java:stop(356)) - Attempting to stop container services.
2022-04-28 13:46:26,150 [Listener at 127.0.0.1/38637] INFO  server.RaftServer (RaftServerProxy.java:lambda$close$6(391)) - 4f6314c6-5f1e-418e-9cab-9d7da23e485e: close
2022-04-28 13:46:26,154 [Listener at 127.0.0.1/38637] INFO  server.RaftServer$Division (RaftServerImpl.java:lambda$close$4(412)) - 4f6314c6-5f1e-418e-9cab-9d7da23e485e@group-71CF8A036548: shutdown
2022-04-28 13:46:26,154 [Listener at 127.0.0.1/38637] INFO  util.JmxRegister (JmxRegister.java:unregister(73)) - Successfully un-registered JMX Bean with object name Ratis:service=RaftServer,group=group-71CF8A036548,id=4f6314c6-5f1e-418e-9cab-9d7da23e485e
2022-04-28 13:46:26,154 [Listener at 127.0.0.1/38637] INFO  impl.RoleInfo (RoleInfo.java:shutdownLeaderState(91)) - 4f6314c6-5f1e-418e-9cab-9d7da23e485e: shutdown 4f6314c6-5f1e-418e-9cab-9d7da23e485e@group-71CF8A036548-LeaderStateImpl
2022-04-28 13:46:26,155 [Listener at 127.0.0.1/38637] INFO  impl.PendingRequests (PendingRequests.java:sendNotLeaderResponses(282)) - 4f6314c6-5f1e-418e-9cab-9d7da23e485e@group-71CF8A036548-PendingRequests: sendNotLeaderResponses
2022-04-28 13:46:26,156 [4f6314c6-5f1e-418e-9cab-9d7da23e485e@group-71CF8A036548-StateMachineUpdater] INFO  ratis.ContainerStateMachine (ContainerStateMachine.java:takeSnapshot(304)) - group-71CF8A036548: Taking a snapshot at:(t:1, i:0) file /home/runner/work/ozone/ozone/hadoop-ozone/integration-test/target/test-dir/MiniOzoneClusterImpl-961b773a-55ec-4776-b588-5de87e184680/datanode-5/data/ratis/13fe0616-9a5d-43ef-8746-71cf8a036548/sm/snapshot.1_0
2022-04-28 13:46:26,156 [Listener at 127.0.0.1/38637] INFO  impl.StateMachineUpdater (StateMachineUpdater.java:stopAndJoin(149)) - 4f6314c6-5f1e-418e-9cab-9d7da23e485e@group-71CF8A036548-StateMachineUpdater: set stopIndex = 0
2022-04-28 13:46:26,157 [4f6314c6-5f1e-418e-9cab-9d7da23e485e@group-71CF8A036548-StateMachineUpdater] INFO  ratis.ContainerStateMachine (ContainerStateMachine.java:takeSnapshot(315)) - group-71CF8A036548: Finished taking a snapshot at:(t:1, i:0) file:/home/runner/work/ozone/ozone/hadoop-ozone/integration-test/target/test-dir/MiniOzoneClusterImpl-961b773a-55ec-4776-b588-5de87e184680/datanode-5/data/ratis/13fe0616-9a5d-43ef-8746-71cf8a036548/sm/snapshot.1_0 took: 1 ms
2022-04-28 13:46:26,157 [4f6314c6-5f1e-418e-9cab-9d7da23e485e@group-71CF8A036548-StateMachineUpdater] INFO  impl.StateMachineUpdater (StateMachineUpdater.java:takeSnapshot(281)) - 4f6314c6-5f1e-418e-9cab-9d7da23e485e@group-71CF8A036548-StateMachineUpdater: Took a snapshot at index 0
2022-04-28 13:46:26,157 [4f6314c6-5f1e-418e-9cab-9d7da23e485e@group-71CF8A036548-StateMachineUpdater] INFO  impl.StateMachineUpdater (StateMachineUpdater.java:lambda$new$0(89)) - 4f6314c6-5f1e-418e-9cab-9d7da23e485e@group-71CF8A036548-StateMachineUpdater: snapshotIndex: updateIncreasingly -1 -> 0
2022-04-28 13:46:26,157 [Listener at 127.0.0.1/38637] INFO  server.RaftServer$Division (ServerState.java:close(419)) - 4f6314c6-5f1e-418e-9cab-9d7da23e485e@group-71CF8A036548: closes. applyIndex: 0
2022-04-28 13:46:26,157 [4f6314c6-5f1e-418e-9cab-9d7da23e485e@group-71CF8A036548-SegmentedRaftLogWorker] INFO  segmented.SegmentedRaftLogWorker (SegmentedRaftLogWorker.java:run(327)) - 4f6314c6-5f1e-418e-9cab-9d7da23e485e@group-71CF8A036548-SegmentedRaftLogWorker was interrupted, exiting. There are 0 tasks remaining in the queue.
2022-04-28 13:46:26,158 [Listener at 127.0.0.1/38637] INFO  segmented.SegmentedRaftLogWorker (SegmentedRaftLogWorker.java:close(237)) - 4f6314c6-5f1e-418e-9cab-9d7da23e485e@group-71CF8A036548-SegmentedRaftLogWorker close()
2022-04-28 13:46:26,163 [Listener at 127.0.0.1/38637] INFO  server.RaftServer$Division (RaftServerImpl.java:lambda$close$4(412)) - 4f6314c6-5f1e-418e-9cab-9d7da23e485e@group-715227EE14BA: shutdown
2022-04-28 13:46:26,163 [Listener at 127.0.0.1/38637] INFO  util.JmxRegister (JmxRegister.java:unregister(73)) - Successfully un-registered JMX Bean with object name Ratis:service=RaftServer,group=group-715227EE14BA,id=4f6314c6-5f1e-418e-9cab-9d7da23e485e
2022-04-28 13:46:26,163 [Listener at 127.0.0.1/38637] INFO  impl.RoleInfo (RoleInfo.java:shutdownFollowerState(108)) - 4f6314c6-5f1e-418e-9cab-9d7da23e485e: shutdown 4f6314c6-5f1e-418e-9cab-9d7da23e485e@group-715227EE14BA-FollowerState
2022-04-28 13:46:26,163 [Listener at 127.0.0.1/38637] INFO  impl.StateMachineUpdater (StateMachineUpdater.java:stopAndJoin(149)) - 4f6314c6-5f1e-418e-9cab-9d7da23e485e@group-715227EE14BA-StateMachineUpdater: set stopIndex = 0
2022-04-28 13:46:26,164 [4f6314c6-5f1e-418e-9cab-9d7da23e485e@group-715227EE14BA-StateMachineUpdater] INFO  ratis.ContainerStateMachine (ContainerStateMachine.java:takeSnapshot(304)) - group-715227EE14BA: Taking a snapshot at:(t:4, i:0) file /home/runner/work/ozone/ozone/hadoop-ozone/integration-test/target/test-dir/MiniOzoneClusterImpl-961b773a-55ec-4776-b588-5de87e184680/datanode-5/data/ratis/c073acfe-daac-41f7-b1ad-715227ee14ba/sm/snapshot.4_0
2022-04-28 13:46:26,163 [4f6314c6-5f1e-418e-9cab-9d7da23e485e@group-715227EE14BA-FollowerState] INFO  impl.FollowerState (FollowerState.java:run(143)) - 4f6314c6-5f1e-418e-9cab-9d7da23e485e@group-715227EE14BA-FollowerState was interrupted: {}
java.lang.InterruptedException: sleep interrupted
	at java.lang.Thread.sleep(Native Method)
	at java.lang.Thread.sleep(Thread.java:342)
	at java.util.concurrent.TimeUnit.sleep(TimeUnit.java:386)
	at org.apache.ratis.util.TimeDuration.sleep(TimeDuration.java:324)
	at org.apache.ratis.util.TimeDuration.sleep(TimeDuration.java:309)
	at org.apache.ratis.server.impl.FollowerState.run(FollowerState.java:118)
2022-04-28 13:46:26,165 [4f6314c6-5f1e-418e-9cab-9d7da23e485e@group-715227EE14BA-StateMachineUpdater] INFO  ratis.ContainerStateMachine (ContainerStateMachine.java:takeSnapshot(315)) - group-715227EE14BA: Finished taking a snapshot at:(t:4, i:0) file:/home/runner/work/ozone/ozone/hadoop-ozone/integration-test/target/test-dir/MiniOzoneClusterImpl-961b773a-55ec-4776-b588-5de87e184680/datanode-5/data/ratis/c073acfe-daac-41f7-b1ad-715227ee14ba/sm/snapshot.4_0 took: 2 ms
2022-04-28 13:46:26,165 [4f6314c6-5f1e-418e-9cab-9d7da23e485e@group-715227EE14BA-StateMachineUpdater] INFO  impl.StateMachineUpdater (StateMachineUpdater.java:takeSnapshot(281)) - 4f6314c6-5f1e-418e-9cab-9d7da23e485e@group-715227EE14BA-StateMachineUpdater: Took a snapshot at index 0
2022-04-28 13:46:26,166 [4f6314c6-5f1e-418e-9cab-9d7da23e485e@group-715227EE14BA-StateMachineUpdater] INFO  impl.StateMachineUpdater (StateMachineUpdater.java:lambda$new$0(89)) - 4f6314c6-5f1e-418e-9cab-9d7da23e485e@group-715227EE14BA-StateMachineUpdater: snapshotIndex: updateIncreasingly -1 -> 0
2022-04-28 13:46:26,166 [Listener at 127.0.0.1/38637] INFO  server.RaftServer$Division (ServerState.java:close(419)) - 4f6314c6-5f1e-418e-9cab-9d7da23e485e@group-715227EE14BA: closes. applyIndex: 0
2022-04-28 13:46:26,166 [4f6314c6-5f1e-418e-9cab-9d7da23e485e@group-715227EE14BA-SegmentedRaftLogWorker] INFO  segmented.SegmentedRaftLogWorker (SegmentedRaftLogWorker.java:run(327)) - 4f6314c6-5f1e-418e-9cab-9d7da23e485e@group-715227EE14BA-SegmentedRaftLogWorker was interrupted, exiting. There are 0 tasks remaining in the queue.
2022-04-28 13:46:26,166 [Listener at 127.0.0.1/38637] INFO  segmented.SegmentedRaftLogWorker (SegmentedRaftLogWorker.java:close(237)) - 4f6314c6-5f1e-418e-9cab-9d7da23e485e@group-715227EE14BA-SegmentedRaftLogWorker close()
2022-04-28 13:46:26,167 [Listener at 127.0.0.1/38637] INFO  server.RaftServer$Division (RaftServerImpl.java:lambda$close$4(412)) - 4f6314c6-5f1e-418e-9cab-9d7da23e485e@group-EABBF4BA2E45: shutdown
2022-04-28 13:46:26,167 [Listener at 127.0.0.1/38637] INFO  util.JmxRegister (JmxRegister.java:unregister(73)) - Successfully un-registered JMX Bean with object name Ratis:service=RaftServer,group=group-EABBF4BA2E45,id=4f6314c6-5f1e-418e-9cab-9d7da23e485e
2022-04-28 13:46:26,167 [Listener at 127.0.0.1/38637] INFO  impl.RoleInfo (RoleInfo.java:shutdownFollowerState(108)) - 4f6314c6-5f1e-418e-9cab-9d7da23e485e: shutdown 4f6314c6-5f1e-418e-9cab-9d7da23e485e@group-EABBF4BA2E45-FollowerState
2022-04-28 13:46:26,167 [4f6314c6-5f1e-418e-9cab-9d7da23e485e@group-EABBF4BA2E45-FollowerState] INFO  impl.FollowerState (FollowerState.java:run(143)) - 4f6314c6-5f1e-418e-9cab-9d7da23e485e@group-EABBF4BA2E45-FollowerState was interrupted: {}
java.lang.InterruptedException: sleep interrupted
	at java.lang.Thread.sleep(Native Method)
	at java.lang.Thread.sleep(Thread.java:342)
	at java.util.concurrent.TimeUnit.sleep(TimeUnit.java:386)
	at org.apache.ratis.util.TimeDuration.sleep(TimeDuration.java:324)
	at org.apache.ratis.util.TimeDuration.sleep(TimeDuration.java:309)
	at org.apache.ratis.server.impl.FollowerState.run(FollowerState.java:118)
2022-04-28 13:46:26,168 [Listener at 127.0.0.1/38637] INFO  impl.StateMachineUpdater (StateMachineUpdater.java:stopAndJoin(149)) - 4f6314c6-5f1e-418e-9cab-9d7da23e485e@group-EABBF4BA2E45-StateMachineUpdater: set stopIndex = 0
2022-04-28 13:46:26,168 [4f6314c6-5f1e-418e-9cab-9d7da23e485e@group-EABBF4BA2E45-StateMachineUpdater] INFO  ratis.ContainerStateMachine (ContainerStateMachine.java:takeSnapshot(304)) - group-EABBF4BA2E45: Taking a snapshot at:(t:3, i:0) file /home/runner/work/ozone/ozone/hadoop-ozone/integration-test/target/test-dir/MiniOzoneClusterImpl-961b773a-55ec-4776-b588-5de87e184680/datanode-5/data/ratis/fa83f2dc-f269-425f-8283-eabbf4ba2e45/sm/snapshot.3_0
2022-04-28 13:46:26,169 [4f6314c6-5f1e-418e-9cab-9d7da23e485e@group-EABBF4BA2E45-StateMachineUpdater] INFO  ratis.ContainerStateMachine (ContainerStateMachine.java:takeSnapshot(315)) - group-EABBF4BA2E45: Finished taking a snapshot at:(t:3, i:0) file:/home/runner/work/ozone/ozone/hadoop-ozone/integration-test/target/test-dir/MiniOzoneClusterImpl-961b773a-55ec-4776-b588-5de87e184680/datanode-5/data/ratis/fa83f2dc-f269-425f-8283-eabbf4ba2e45/sm/snapshot.3_0 took: 1 ms
2022-04-28 13:46:26,169 [4f6314c6-5f1e-418e-9cab-9d7da23e485e@group-EABBF4BA2E45-StateMachineUpdater] INFO  impl.StateMachineUpdater (StateMachineUpdater.java:takeSnapshot(281)) - 4f6314c6-5f1e-418e-9cab-9d7da23e485e@group-EABBF4BA2E45-StateMachineUpdater: Took a snapshot at index 0
2022-04-28 13:46:26,169 [4f6314c6-5f1e-418e-9cab-9d7da23e485e@group-EABBF4BA2E45-StateMachineUpdater] INFO  impl.StateMachineUpdater (StateMachineUpdater.java:lambda$new$0(89)) - 4f6314c6-5f1e-418e-9cab-9d7da23e485e@group-EABBF4BA2E45-StateMachineUpdater: snapshotIndex: updateIncreasingly -1 -> 0
2022-04-28 13:46:26,169 [Listener at 127.0.0.1/38637] INFO  server.RaftServer$Division (ServerState.java:close(419)) - 4f6314c6-5f1e-418e-9cab-9d7da23e485e@group-EABBF4BA2E45: closes. applyIndex: 0
2022-04-28 13:46:26,169 [4f6314c6-5f1e-418e-9cab-9d7da23e485e@group-EABBF4BA2E45-SegmentedRaftLogWorker] INFO  segmented.SegmentedRaftLogWorker (SegmentedRaftLogWorker.java:run(327)) - 4f6314c6-5f1e-418e-9cab-9d7da23e485e@group-EABBF4BA2E45-SegmentedRaftLogWorker was interrupted, exiting. There are 0 tasks remaining in the queue.
2022-04-28 13:46:26,170 [Listener at 127.0.0.1/38637] INFO  segmented.SegmentedRaftLogWorker (SegmentedRaftLogWorker.java:close(237)) - 4f6314c6-5f1e-418e-9cab-9d7da23e485e@group-EABBF4BA2E45-SegmentedRaftLogWorker close()
2022-04-28 13:46:26,179 [Listener at 127.0.0.1/38637] INFO  server.GrpcService (GrpcService.java:closeImpl(262)) - 4f6314c6-5f1e-418e-9cab-9d7da23e485e: shutdown server with port 33597 now
2022-04-28 13:46:26,189 [Listener at 127.0.0.1/38637] INFO  server.GrpcService (GrpcService.java:closeImpl(271)) - 4f6314c6-5f1e-418e-9cab-9d7da23e485e: shutdown server with port 33597 successfully
2022-04-28 13:46:26,190 [org.apache.ratis.util.JvmPauseMonitor$$Lambda$468/1104361616@60e44a6e] INFO  util.JvmPauseMonitor (JvmPauseMonitor.java:run(109)) - JvmPauseMonitor-4f6314c6-5f1e-418e-9cab-9d7da23e485e: Stopped
2022-04-28 13:46:28,202 [Listener at 127.0.0.1/38637] INFO  utils.BackgroundService (BackgroundService.java:shutdown(132)) - Shutting down service BlockDeletingService
2022-04-28 13:46:31,207 [Listener at 127.0.0.1/38637] INFO  statemachine.DatanodeStateMachine (DatanodeStateMachine.java:stopDaemon(560)) - Ozone container server stopped.
2022-04-28 13:46:31,217 [Listener at 127.0.0.1/38637] INFO  handler.ContextHandler (ContextHandler.java:doStop(1153)) - Stopped o.e.j.w.WebAppContext@2cc3a351{hddsDatanode,/,null,STOPPED}{jar:file:/home/runner/.m2/repository/org/apache/ozone/hdds-container-service/1.3.0-SNAPSHOT/hdds-container-service-1.3.0-SNAPSHOT.jar!/webapps/hddsDatanode}
2022-04-28 13:46:31,218 [Listener at 127.0.0.1/38637] INFO  server.AbstractConnector (AbstractConnector.java:doStop(381)) - Stopped ServerConnector@5617eeb5{HTTP/1.1, (http/1.1)}{0.0.0.0:0}
2022-04-28 13:46:31,218 [Listener at 127.0.0.1/38637] INFO  server.session (HouseKeeper.java:stopScavenging(149)) - node0 Stopped scavenging
2022-04-28 13:46:31,220 [Listener at 127.0.0.1/38637] INFO  handler.ContextHandler (ContextHandler.java:doStop(1153)) - Stopped o.e.j.s.ServletContextHandler@7db1fa8e{static,/static,jar:file:/home/runner/.m2/repository/org/apache/ozone/hdds-container-service/1.3.0-SNAPSHOT/hdds-container-service-1.3.0-SNAPSHOT.jar!/webapps/static,STOPPED}
2022-04-28 13:46:31,220 [Listener at 127.0.0.1/38637] INFO  handler.ContextHandler (ContextHandler.java:doStop(1153)) - Stopped o.e.j.s.ServletContextHandler@b904e7c{logs,/logs,file:///home/runner/work/ozone/ozone/hadoop-ozone/integration-test/target/log,STOPPED}
2022-04-28 13:46:31,229 [Listener at 127.0.0.1/38637] INFO  ozone.MiniOzoneClusterImpl (MiniOzoneClusterImpl.java:stopSCM(545)) - Stopping the StorageContainerManager
2022-04-28 13:46:31,230 [Listener at 127.0.0.1/38637] INFO  server.StorageContainerManager (StorageContainerManager.java:stop(1415)) - Stopping Container Balancer service.
2022-04-28 13:46:31,230 [Listener at 127.0.0.1/38637] INFO  balancer.ContainerBalancer (ContainerBalancer.java:stopBalancer(923)) - Container Balancer is not running.
2022-04-28 13:46:31,230 [Listener at 127.0.0.1/38637] INFO  server.StorageContainerManager (StorageContainerManager.java:stop(1422)) - Stopping Replication Manager Service.
2022-04-28 13:46:31,230 [Listener at 127.0.0.1/38637] INFO  container.ReplicationManager (ReplicationManager.java:stop(357)) - Stopping Replication Monitor Thread.
2022-04-28 13:46:31,230 [Listener at 127.0.0.1/38637] INFO  server.StorageContainerManager (StorageContainerManager.java:stop(1429)) - Stopping the Datanode Admin Monitor.
2022-04-28 13:46:31,230 [Listener at 127.0.0.1/38637] INFO  server.StorageContainerManager (StorageContainerManager.java:stop(1436)) - Stopping Lease Manager of the command watchers
2022-04-28 13:46:31,231 [Listener at 127.0.0.1/38637] INFO  server.StorageContainerManager (StorageContainerManager.java:stop(1443)) - Stopping datanode service RPC server
2022-04-28 13:46:31,231 [Listener at 127.0.0.1/38637] INFO  server.SCMDatanodeProtocolServer (SCMDatanodeProtocolServer.java:stop(400)) - Stopping the RPC server for DataNodes
2022-04-28 13:46:31,231 [Listener at 127.0.0.1/38637] INFO  ipc.Server (Server.java:stop(3414)) - Stopping server on 39367
2022-04-28 13:46:31,235 [IPC Server listener on 0] INFO  ipc.Server (Server.java:run(1376)) - Stopping IPC Server listener on 0
2022-04-28 13:46:31,250 [IPC Server Responder] INFO  ipc.Server (Server.java:run(1512)) - Stopping IPC Server Responder
2022-04-28 13:46:31,290 [SCM Heartbeat Processing Thread - 0] WARN  node.NodeStateManager (NodeStateManager.java:scheduleNextHealthCheck(815)) - Current Thread is interrupted, shutting down HB processing thread for Node Manager.
2022-04-28 13:46:31,291 [Listener at 127.0.0.1/38637] INFO  server.StorageContainerManager (StorageContainerManager.java:stop(1451)) - Stopping block service RPC server
2022-04-28 13:46:31,291 [Listener at 127.0.0.1/38637] INFO  server.SCMBlockProtocolServer (SCMBlockProtocolServer.java:stop(160)) - Stopping the RPC server for Block Protocol
2022-04-28 13:46:31,291 [Listener at 127.0.0.1/38637] INFO  ipc.Server (Server.java:stop(3414)) - Stopping server on 41171
2022-04-28 13:46:31,293 [IPC Server listener on 0] INFO  ipc.Server (Server.java:run(1376)) - Stopping IPC Server listener on 0
2022-04-28 13:46:31,299 [Listener at 127.0.0.1/38637] INFO  server.StorageContainerManager (StorageContainerManager.java:stop(1458)) - Stopping the StorageContainerLocationProtocol RPC server
2022-04-28 13:46:31,300 [Listener at 127.0.0.1/38637] INFO  server.SCMClientProtocolServer (SCMClientProtocolServer.java:stop(178)) - Stopping the RPC server for Client Protocol
2022-04-28 13:46:31,300 [Listener at 127.0.0.1/38637] INFO  ipc.Server (Server.java:stop(3414)) - Stopping server on 45969
2022-04-28 13:46:31,302 [Listener at 127.0.0.1/38637] INFO  server.StorageContainerManager (StorageContainerManager.java:stop(1465)) - Stopping Storage Container Manager HTTP server.
2022-04-28 13:46:31,302 [Listener at 127.0.0.1/38637] INFO  handler.ContextHandler (ContextHandler.java:doStop(1153)) - Stopped o.e.j.w.WebAppContext@4916534d{scm,/,null,STOPPED}{file:/home/runner/work/ozone/ozone/hadoop-ozone/integration-test/target/test-classes/webapps/scm}
2022-04-28 13:46:31,302 [IPC Server listener on 0] INFO  ipc.Server (Server.java:run(1376)) - Stopping IPC Server listener on 0
2022-04-28 13:46:31,303 [IPC Server Responder] INFO  ipc.Server (Server.java:run(1512)) - Stopping IPC Server Responder
2022-04-28 13:46:31,312 [IPC Server Responder] INFO  ipc.Server (Server.java:run(1512)) - Stopping IPC Server Responder
2022-04-28 13:46:31,313 [Listener at 127.0.0.1/38637] INFO  server.AbstractConnector (AbstractConnector.java:doStop(381)) - Stopped ServerConnector@50f77d4a{HTTP/1.1, (http/1.1)}{0.0.0.0:0}
2022-04-28 13:46:31,313 [Listener at 127.0.0.1/38637] INFO  server.session (HouseKeeper.java:stopScavenging(149)) - node0 Stopped scavenging
2022-04-28 13:46:31,315 [Listener at 127.0.0.1/38637] INFO  handler.ContextHandler (ContextHandler.java:doStop(1153)) - Stopped o.e.j.s.ServletContextHandler@112c112d{static,/static,file:///home/runner/work/ozone/ozone/hadoop-ozone/integration-test/target/test-classes/webapps/static,STOPPED}
2022-04-28 13:46:31,315 [Listener at 127.0.0.1/38637] INFO  handler.ContextHandler (ContextHandler.java:doStop(1153)) - Stopped o.e.j.s.ServletContextHandler@31ca9d50{logs,/logs,file:///home/runner/work/ozone/ozone/hadoop-ozone/integration-test/target/log,STOPPED}
2022-04-28 13:46:31,316 [Listener at 127.0.0.1/38637] INFO  server.StorageContainerManager (StorageContainerManager.java:stop(1476)) - Stopping Block Manager Service.
2022-04-28 13:46:31,316 [Listener at 127.0.0.1/38637] INFO  utils.BackgroundService (BackgroundService.java:shutdown(132)) - Shutting down service SCMBlockDeletingService
2022-04-28 13:46:31,317 [Listener at 127.0.0.1/38637] INFO  utils.BackgroundService (BackgroundService.java:shutdown(132)) - Shutting down service SCMBlockDeletingService
2022-04-28 13:46:31,317 [Listener at 127.0.0.1/38637] INFO  server.StorageContainerManager (StorageContainerManager.java:stop(1503)) - Stopping SCM Event Queue.
2022-04-28 13:46:31,319 [Listener at 127.0.0.1/38637] INFO  server.StorageContainerManager (StorageContainerManager.java:stop(1514)) - Stopping SCM HA services.
2022-04-28 13:46:31,320 [Listener at 127.0.0.1/38637] INFO  ha.SCMRatisServerImpl (SCMRatisServerImpl.java:stop(238)) - stopping ratis server 0.0.0.0:9894
2022-04-28 13:46:31,320 [Listener at 127.0.0.1/38637] INFO  server.RaftServer (RaftServerProxy.java:lambda$close$6(391)) - 128f2034-ac44-458c-9192-ab2b916273b9: close
2022-04-28 13:46:31,320 [Listener at 127.0.0.1/38637] INFO  server.RaftServer$Division (RaftServerImpl.java:lambda$close$4(412)) - 128f2034-ac44-458c-9192-ab2b916273b9@group-5DE87E184680: shutdown
2022-04-28 13:46:31,320 [Listener at 127.0.0.1/38637] INFO  util.JmxRegister (JmxRegister.java:unregister(73)) - Successfully un-registered JMX Bean with object name Ratis:service=RaftServer,group=group-5DE87E184680,id=128f2034-ac44-458c-9192-ab2b916273b9
2022-04-28 13:46:31,324 [Listener at 127.0.0.1/38637] INFO  impl.RoleInfo (RoleInfo.java:shutdownLeaderState(91)) - 128f2034-ac44-458c-9192-ab2b916273b9: shutdown 128f2034-ac44-458c-9192-ab2b916273b9@group-5DE87E184680-LeaderStateImpl
2022-04-28 13:46:31,324 [Listener at 127.0.0.1/38637] INFO  impl.PendingRequests (PendingRequests.java:sendNotLeaderResponses(282)) - 128f2034-ac44-458c-9192-ab2b916273b9@group-5DE87E184680-PendingRequests: sendNotLeaderResponses
2022-04-28 13:46:31,324 [Listener at 127.0.0.1/38637] INFO  ha.SCMStateMachine (SCMStateMachine.java:notifyNotLeader(190)) - current leader SCM steps down.
2022-04-28 13:46:31,324 [Listener at 127.0.0.1/38637] INFO  ha.SCMContext (SCMContext.java:updateLeaderAndTerm(90)) - update <isLeader,term> from <true,2> to <false,0>
2022-04-28 13:46:31,324 [Listener at 127.0.0.1/38637] INFO  ha.SCMContext (SCMContext.java:updateLeaderAndTerm(97)) - update <isLeaderReady> from <false> to <false>
2022-04-28 13:46:31,324 [Listener at 127.0.0.1/38637] INFO  pipeline.BackgroundPipelineScrubber (BackgroundPipelineScrubber.java:notifyStatusChanged(92)) - Service BackgroundPipelineScrubber transitions to PAUSING.
2022-04-28 13:46:31,339 [128f2034-ac44-458c-9192-ab2b916273b9@group-5DE87E184680-StateMachineUpdater] INFO  ha.SCMStateMachine (SCMStateMachine.java:takeSnapshot(297)) - Current Snapshot Index 50, takeSnapshot took 0 ms
2022-04-28 13:46:31,339 [128f2034-ac44-458c-9192-ab2b916273b9@group-5DE87E184680-StateMachineUpdater] INFO  impl.StateMachineUpdater (StateMachineUpdater.java:takeSnapshot(281)) - 128f2034-ac44-458c-9192-ab2b916273b9@group-5DE87E184680-StateMachineUpdater: Took a snapshot at index 50
2022-04-28 13:46:31,339 [128f2034-ac44-458c-9192-ab2b916273b9@group-5DE87E184680-StateMachineUpdater] INFO  impl.StateMachineUpdater (StateMachineUpdater.java:lambda$new$0(89)) - 128f2034-ac44-458c-9192-ab2b916273b9@group-5DE87E184680-StateMachineUpdater: snapshotIndex: updateIncreasingly -1 -> 50
2022-04-28 13:46:31,339 [128f2034-ac44-458c-9192-ab2b916273b9@group-5DE87E184680-StateMachineUpdater] INFO  server.StorageContainerManager (StorageContainerManager.java:stop(1415)) - Stopping Container Balancer service.
2022-04-28 13:46:31,341 [128f2034-ac44-458c-9192-ab2b916273b9@group-5DE87E184680-StateMachineUpdater] INFO  balancer.ContainerBalancer (ContainerBalancer.java:stopBalancer(923)) - Container Balancer is not running.
2022-04-28 13:46:31,341 [128f2034-ac44-458c-9192-ab2b916273b9@group-5DE87E184680-StateMachineUpdater] INFO  server.StorageContainerManager (StorageContainerManager.java:stop(1422)) - Stopping Replication Manager Service.
2022-04-28 13:46:31,341 [128f2034-ac44-458c-9192-ab2b916273b9@group-5DE87E184680-StateMachineUpdater] INFO  container.ReplicationManager (ReplicationManager.java:stop(364)) - Replication Monitor Thread is not running.
2022-04-28 13:46:31,341 [128f2034-ac44-458c-9192-ab2b916273b9@group-5DE87E184680-StateMachineUpdater] INFO  server.StorageContainerManager (StorageContainerManager.java:stop(1429)) - Stopping the Datanode Admin Monitor.
2022-04-28 13:46:31,341 [128f2034-ac44-458c-9192-ab2b916273b9@group-5DE87E184680-StateMachineUpdater] INFO  server.StorageContainerManager (StorageContainerManager.java:stop(1436)) - Stopping Lease Manager of the command watchers
2022-04-28 13:46:31,341 [Listener at 127.0.0.1/38637] INFO  impl.StateMachineUpdater (StateMachineUpdater.java:stopAndJoin(149)) - 128f2034-ac44-458c-9192-ab2b916273b9@group-5DE87E184680-StateMachineUpdater: set stopIndex = 50
2022-04-28 13:46:31,342 [128f2034-ac44-458c-9192-ab2b916273b9@group-5DE87E184680-StateMachineUpdater] ERROR server.StorageContainerManager (StorageContainerManager.java:stop(1439)) - Lease Manager of the command watchers stop failed
2022-04-28 13:46:31,342 [128f2034-ac44-458c-9192-ab2b916273b9@group-5DE87E184680-StateMachineUpdater] INFO  server.StorageContainerManager (StorageContainerManager.java:stop(1443)) - Stopping datanode service RPC server
2022-04-28 13:46:31,342 [128f2034-ac44-458c-9192-ab2b916273b9@group-5DE87E184680-StateMachineUpdater] INFO  server.SCMDatanodeProtocolServer (SCMDatanodeProtocolServer.java:stop(400)) - Stopping the RPC server for DataNodes
2022-04-28 13:46:31,342 [128f2034-ac44-458c-9192-ab2b916273b9@group-5DE87E184680-StateMachineUpdater] INFO  ipc.Server (Server.java:stop(3414)) - Stopping server on 39367
2022-04-28 13:46:31,342 [128f2034-ac44-458c-9192-ab2b916273b9@group-5DE87E184680-StateMachineUpdater] INFO  server.StorageContainerManager (StorageContainerManager.java:stop(1451)) - Stopping block service RPC server
2022-04-28 13:46:31,342 [128f2034-ac44-458c-9192-ab2b916273b9@group-5DE87E184680-StateMachineUpdater] INFO  server.SCMBlockProtocolServer (SCMBlockProtocolServer.java:stop(160)) - Stopping the RPC server for Block Protocol
2022-04-28 13:46:31,343 [128f2034-ac44-458c-9192-ab2b916273b9@group-5DE87E184680-StateMachineUpdater] INFO  ipc.Server (Server.java:stop(3414)) - Stopping server on 41171
2022-04-28 13:46:31,344 [128f2034-ac44-458c-9192-ab2b916273b9@group-5DE87E184680-StateMachineUpdater] INFO  server.StorageContainerManager (StorageContainerManager.java:stop(1458)) - Stopping the StorageContainerLocationProtocol RPC server
2022-04-28 13:46:31,344 [128f2034-ac44-458c-9192-ab2b916273b9@group-5DE87E184680-StateMachineUpdater] INFO  server.SCMClientProtocolServer (SCMClientProtocolServer.java:stop(178)) - Stopping the RPC server for Client Protocol
2022-04-28 13:46:31,346 [128f2034-ac44-458c-9192-ab2b916273b9@group-5DE87E184680-StateMachineUpdater] INFO  ipc.Server (Server.java:stop(3414)) - Stopping server on 45969
2022-04-28 13:46:31,346 [128f2034-ac44-458c-9192-ab2b916273b9@group-5DE87E184680-StateMachineUpdater] INFO  server.StorageContainerManager (StorageContainerManager.java:stop(1465)) - Stopping Storage Container Manager HTTP server.
2022-04-28 13:46:31,347 [128f2034-ac44-458c-9192-ab2b916273b9@group-5DE87E184680-StateMachineUpdater] INFO  server.StorageContainerManager (StorageContainerManager.java:stop(1476)) - Stopping Block Manager Service.
2022-04-28 13:46:31,347 [128f2034-ac44-458c-9192-ab2b916273b9@group-5DE87E184680-StateMachineUpdater] INFO  utils.BackgroundService (BackgroundService.java:shutdown(132)) - Shutting down service SCMBlockDeletingService
2022-04-28 13:46:31,347 [128f2034-ac44-458c-9192-ab2b916273b9@group-5DE87E184680-StateMachineUpdater] INFO  utils.BackgroundService (BackgroundService.java:shutdown(132)) - Shutting down service SCMBlockDeletingService
2022-04-28 13:46:31,347 [128f2034-ac44-458c-9192-ab2b916273b9@group-5DE87E184680-StateMachineUpdater] INFO  server.StorageContainerManager (StorageContainerManager.java:stop(1503)) - Stopping SCM Event Queue.
2022-04-28 13:46:31,347 [128f2034-ac44-458c-9192-ab2b916273b9@group-5DE87E184680-StateMachineUpdater] INFO  server.StorageContainerManager (StorageContainerManager.java:stop(1514)) - Stopping SCM HA services.
2022-04-28 13:46:31,347 [128f2034-ac44-458c-9192-ab2b916273b9@group-5DE87E184680-StateMachineUpdater] INFO  ha.SCMRatisServerImpl (SCMRatisServerImpl.java:stop(238)) - stopping ratis server 0.0.0.0:9894
2022-04-28 13:46:31,347 [org.apache.ratis.util.JvmPauseMonitor$$Lambda$468/1104361616@735e5b24] INFO  util.JvmPauseMonitor (JvmPauseMonitor.java:run(109)) - JvmPauseMonitor-128f2034-ac44-458c-9192-ab2b916273b9: Stopped
2022-04-28 13:46:31,349 [128f2034-ac44-458c-9192-ab2b916273b9@group-5DE87E184680-StateMachineUpdater] INFO  pipeline.BackgroundPipelineCreator (BackgroundPipelineCreator.java:stop(148)) - Stopping RatisPipelineUtilsThread.
2022-04-28 13:46:31,349 [128f2034-ac44-458c-9192-ab2b916273b9@group-5DE87E184680-StateMachineUpdater] INFO  pipeline.BackgroundPipelineScrubber (BackgroundPipelineScrubber.java:stop(141)) - Stopping Pipeline Scrubber Service.
2022-04-28 13:46:31,352 [128f2034-ac44-458c-9192-ab2b916273b9@group-5DE87E184680-StateMachineUpdater] INFO  server.StorageContainerManager (StorageContainerManager.java:stop(1524)) - Stopping SCM MetadataStore.
2022-04-28 13:46:31,354 [128f2034-ac44-458c-9192-ab2b916273b9@group-5DE87E184680-StateMachineUpdater] INFO  impl.MetricsSystemImpl (MetricsSystemImpl.java:stop(210)) - Stopping XceiverClientMetrics metrics system...
2022-04-28 13:46:31,403 [prometheus] INFO  impl.MetricsSinkAdapter (MetricsSinkAdapter.java:publishMetricsFromQueue(141)) - prometheus thread interrupted.
2022-04-28 13:46:31,404 [128f2034-ac44-458c-9192-ab2b916273b9@group-5DE87E184680-StateMachineUpdater] INFO  impl.MetricsSystemImpl (MetricsSystemImpl.java:stop(216)) - XceiverClientMetrics metrics system stopped.
2022-04-28 13:46:31,410 [128f2034-ac44-458c-9192-ab2b916273b9@group-5DE87E184680-StateMachineUpdater] ERROR server.StorageContainerManager (ExitUtils.java:terminate(133)) - Terminating with exit status 1: scm statemachine is closed by ratis, terminate SCM
2022-04-28 13:46:31,410 [128f2034-ac44-458c-9192-ab2b916273b9@group-5DE87E184680-StateMachineUpdater] WARN  impl.StateMachineUpdater (StateMachineUpdater.java:stop(133)) - 128f2034-ac44-458c-9192-ab2b916273b9@group-5DE87E184680-StateMachineUpdater: Failed to close SCMStateMachine SCMStateMachine:128f2034-ac44-458c-9192-ab2b916273b9:group-5DE87E184680
org.apache.ratis.util.ExitUtils$ExitException: scm statemachine is closed by ratis, terminate SCM
	at org.apache.ratis.util.ExitUtils.terminate(ExitUtils.java:141)
	at org.apache.ratis.util.ExitUtils.terminate(ExitUtils.java:151)
	at org.apache.ratis.util.ExitUtils.terminate(ExitUtils.java:155)
	at org.apache.hadoop.hdds.scm.server.StorageContainerManager.shutDown(StorageContainerManager.java:1540)
	at org.apache.hadoop.hdds.scm.ha.SCMStateMachine.close(SCMStateMachine.java:402)
	at org.apache.ratis.server.impl.StateMachineUpdater.stop(StateMachineUpdater.java:130)
	at org.apache.ratis.server.impl.StateMachineUpdater.run(StateMachineUpdater.java:184)
	at java.lang.Thread.run(Thread.java:750)
2022-04-28 13:46:31,411 [Listener at 127.0.0.1/38637] INFO  server.RaftServer$Division (ServerState.java:close(419)) - 128f2034-ac44-458c-9192-ab2b916273b9@group-5DE87E184680: closes. applyIndex: 50
2022-04-28 13:46:31,413 [128f2034-ac44-458c-9192-ab2b916273b9@group-5DE87E184680-SegmentedRaftLogWorker] INFO  segmented.SegmentedRaftLogWorker (SegmentedRaftLogWorker.java:run(327)) - 128f2034-ac44-458c-9192-ab2b916273b9@group-5DE87E184680-SegmentedRaftLogWorker was interrupted, exiting. There are 0 tasks remaining in the queue.
2022-04-28 13:46:31,414 [Listener at 127.0.0.1/38637] INFO  segmented.SegmentedRaftLogWorker (SegmentedRaftLogWorker.java:close(237)) - 128f2034-ac44-458c-9192-ab2b916273b9@group-5DE87E184680-SegmentedRaftLogWorker close()
2022-04-28 13:46:31,414 [Listener at 127.0.0.1/38637] INFO  server.GrpcService (GrpcService.java:closeImpl(262)) - 128f2034-ac44-458c-9192-ab2b916273b9: shutdown server with port 9894 now
2022-04-28 13:46:31,418 [Listener at 127.0.0.1/38637] INFO  server.GrpcService (GrpcService.java:closeImpl(271)) - 128f2034-ac44-458c-9192-ab2b916273b9: shutdown server with port 9894 successfully
2022-04-28 13:46:31,418 [Listener at 127.0.0.1/38637] WARN  pipeline.BackgroundPipelineCreator (BackgroundPipelineCreator.java:stop(144)) - RatisPipelineUtilsThread is not running, just ignore.
2022-04-28 13:46:31,418 [Listener at 127.0.0.1/38637] INFO  pipeline.BackgroundPipelineScrubber (BackgroundPipelineScrubber.java:stop(136)) - Pipeline Scrubber Service is not running, skip stop.
2022-04-28 13:46:31,418 [Listener at 127.0.0.1/38637] INFO  server.StorageContainerManager (StorageContainerManager.java:stop(1524)) - Stopping SCM MetadataStore.
2022-04-28 13:46:31,418 [Listener at 127.0.0.1/38637] INFO  impl.MetricsSystemImpl (MetricsSystemImpl.java:stop(205)) - XceiverClientMetrics metrics system stopped (again)
]]></system-out>
    <system-err><![CDATA[Apr 28, 2022 1:45:58 PM org.apache.ratis.thirdparty.io.grpc.internal.ManagedChannelOrphanWrapper$ManagedChannelReference cleanQueue
SEVERE: *~*~*~ Channel ManagedChannelImpl{logId=206, target=10.1.0.6:38077} was not shutdown properly!!! ~*~*~*
    Make sure to call shutdown()/shutdownNow() and wait until awaitTermination() returns true.
java.lang.RuntimeException: ManagedChannel allocation site
	at org.apache.ratis.thirdparty.io.grpc.internal.ManagedChannelOrphanWrapper$ManagedChannelReference.<init>(ManagedChannelOrphanWrapper.java:93)
	at org.apache.ratis.thirdparty.io.grpc.internal.ManagedChannelOrphanWrapper.<init>(ManagedChannelOrphanWrapper.java:53)
	at org.apache.ratis.thirdparty.io.grpc.internal.ManagedChannelOrphanWrapper.<init>(ManagedChannelOrphanWrapper.java:44)
	at org.apache.ratis.thirdparty.io.grpc.internal.ManagedChannelImplBuilder.build(ManagedChannelImplBuilder.java:596)
	at org.apache.ratis.thirdparty.io.grpc.ForwardingChannelBuilder.build(ForwardingChannelBuilder.java:255)
	at org.apache.ratis.grpc.client.GrpcClientProtocolClient.buildChannel(GrpcClientProtocolClient.java:159)
	at org.apache.ratis.grpc.client.GrpcClientProtocolClient.<init>(GrpcClientProtocolClient.java:111)
	at org.apache.ratis.grpc.client.GrpcClientRpc.lambda$new$0(GrpcClientRpc.java:57)
	at org.apache.ratis.util.PeerProxyMap$PeerAndProxy.lambda$getProxy$0(PeerProxyMap.java:63)
	at org.apache.ratis.util.LifeCycle.startAndTransition(LifeCycle.java:270)
	at org.apache.ratis.util.PeerProxyMap$PeerAndProxy.getProxy(PeerProxyMap.java:62)
	at org.apache.ratis.util.PeerProxyMap.getProxy(PeerProxyMap.java:114)
	at org.apache.ratis.grpc.client.GrpcClientRpc.sendRequestAsync(GrpcClientRpc.java:67)
	at org.apache.ratis.client.impl.OrderedAsync.sendRequest(OrderedAsync.java:236)
	at org.apache.ratis.client.impl.OrderedAsync.sendRequestWithRetry(OrderedAsync.java:189)
	at org.apache.ratis.util.SlidingWindow$Client.sendOrDelayRequest(SlidingWindow.java:280)
	at org.apache.ratis.util.SlidingWindow$Client.retry(SlidingWindow.java:296)
	at org.apache.ratis.client.impl.OrderedAsync.lambda$scheduleWithTimeout$7(OrderedAsync.java:223)
	at org.apache.ratis.util.TimeoutScheduler.lambda$onTimeout$0(TimeoutScheduler.java:141)
	at org.apache.ratis.util.TimeoutScheduler.lambda$onTimeout$1(TimeoutScheduler.java:155)
	at org.apache.ratis.util.LogUtils.runAndLog(LogUtils.java:38)
	at org.apache.ratis.util.LogUtils$1.run(LogUtils.java:79)
	at java.util.concurrent.Executors$RunnableAdapter.call(Executors.java:511)
	at java.util.concurrent.FutureTask.run(FutureTask.java:266)
	at java.util.concurrent.ScheduledThreadPoolExecutor$ScheduledFutureTask.access$201(ScheduledThreadPoolExecutor.java:180)
	at java.util.concurrent.ScheduledThreadPoolExecutor$ScheduledFutureTask.run(ScheduledThreadPoolExecutor.java:293)
	at java.util.concurrent.ThreadPoolExecutor.runWorker(ThreadPoolExecutor.java:1149)
	at java.util.concurrent.ThreadPoolExecutor$Worker.run(ThreadPoolExecutor.java:624)
	at java.lang.Thread.run(Thread.java:750)

]]></system-err>
  </testcase>
  <testcase name="testReleaseBuffersOnException" classname="org.apache.hadoop.ozone.client.rpc.TestCommitWatcher" time="108.447">
    <system-out><![CDATA[2022-04-28 13:46:31,727 [Time-limited test] WARN  server.ServerUtils (ServerUtils.java:getScmDbDir(148)) - ozone.scm.db.dirs is not configured. We recommend adding this setting. Falling back to ozone.metadata.dirs instead.
2022-04-28 13:46:31,735 [Time-limited test] INFO  ha.SCMHANodeDetails (SCMHANodeDetails.java:loadSCMHAConfig(157)) - ServiceID for StorageContainerManager is null
2022-04-28 13:46:31,735 [Time-limited test] INFO  ha.SCMHANodeDetails (SCMHANodeDetails.java:loadSCMHAConfig(162)) - ozone.scm.default.service.id is not defined, falling back to ozone.scm.service.ids to find serviceID for StorageContainerManager if it is HA enabled cluster
2022-04-28 13:46:31,736 [Time-limited test] INFO  server.RaftServer (ConfUtils.java:logGet(44)) - raft.rpc.type = GRPC (default)
2022-04-28 13:46:31,736 [Time-limited test] INFO  grpc.GrpcFactory (GrpcFactory.java:checkPooledByteBufAllocatorUseCacheForAllThreads(48)) - PERFORMANCE WARNING: useCacheForAllThreads is true that may cause Netty to create a lot garbage objects and, as a result, trigger GC.
	It is recommended to disable useCacheForAllThreads by setting -Dorg.apache.ratis.thirdparty.io.netty.allocator.useCacheForAllThreads=false in command line.
2022-04-28 13:46:31,736 [Time-limited test] INFO  grpc.GrpcConfigKeys (ConfUtils.java:logGet(44)) - raft.grpc.admin.port = -1 (default)
2022-04-28 13:46:31,736 [Time-limited test] INFO  grpc.GrpcConfigKeys (ConfUtils.java:logGet(44)) - raft.grpc.server.port = 9894 (custom)
2022-04-28 13:46:31,736 [Time-limited test] INFO  grpc.GrpcConfigKeys (ConfUtils.java:logGet(44)) - raft.grpc.client.port = -1 (default)
2022-04-28 13:46:31,736 [Time-limited test] INFO  grpc.GrpcConfigKeys (ConfUtils.java:logGet(44)) - raft.grpc.server.port = 9894 (custom)
2022-04-28 13:46:31,736 [Time-limited test] INFO  grpc.GrpcConfigKeys (ConfUtils.java:logGet(44)) - raft.grpc.server.port = 9894 (custom)
2022-04-28 13:46:31,736 [Time-limited test] INFO  server.GrpcService (ConfUtils.java:logGet(44)) - raft.grpc.message.size.max = 32m (=33554432) (custom)
2022-04-28 13:46:31,736 [Time-limited test] INFO  server.RaftServerConfigKeys (ConfUtils.java:logGet(44)) - raft.server.log.appender.buffer.byte-limit = 33554432 (custom)
2022-04-28 13:46:31,736 [Time-limited test] INFO  server.GrpcService (ConfUtils.java:logGet(44)) - raft.grpc.flow.control.window = 1MB (=1048576) (default)
2022-04-28 13:46:31,736 [Time-limited test] INFO  server.RaftServerConfigKeys (ConfUtils.java:logGet(44)) - raft.server.rpc.request.timeout = 30000ms (custom)
2022-04-28 13:46:31,738 [Time-limited test] INFO  impl.DataStreamServerImpl (ConfUtils.java:logGet(44)) - raft.datastream.type = DISABLED (default)
2022-04-28 13:46:31,738 [Time-limited test] INFO  server.RaftServerConfigKeys (ConfUtils.java:logGet(44)) - raft.server.rpc.slowness.timeout = 120000ms (custom)
2022-04-28 13:46:31,738 [Time-limited test] INFO  server.RaftServerConfigKeys (ConfUtils.java:logGet(44)) - raft.server.leaderelection.leader.step-down.wait-time = 10s (default)
2022-04-28 13:46:31,738 [Time-limited test] INFO  server.RaftServerConfigKeys (ConfUtils.java:logGet(44)) - raft.server.storage.dir = [/home/runner/work/ozone/ozone/hadoop-ozone/integration-test/target/test-dir/MiniOzoneClusterImpl-b83af172-7a36-4ee1-b1b1-9a7292f569f3/ozone-meta/scm-ha] (custom)
2022-04-28 13:46:31,762 [Time-limited test] INFO  server.RaftServer (RaftServerProxy.java:addNew(95)) - 002018de-f8db-4c7b-a600-8966bee8ed8d: addNew group-9A7292F569F3:[002018de-f8db-4c7b-a600-8966bee8ed8d|rpc:fv-az294-869:9894|priority:0] returns group-9A7292F569F3:java.util.concurrent.CompletableFuture@606a1809[Not completed]
2022-04-28 13:46:31,762 [pool-227-thread-1] INFO  server.RaftServer$Division (RaftServerImpl.java:<init>(184)) - 002018de-f8db-4c7b-a600-8966bee8ed8d: new RaftServerImpl for group-9A7292F569F3:[002018de-f8db-4c7b-a600-8966bee8ed8d|rpc:fv-az294-869:9894|priority:0] with SCMStateMachine:uninitialized
2022-04-28 13:46:31,772 [pool-227-thread-1] INFO  server.RaftServerConfigKeys (ConfUtils.java:logGet(44)) - raft.server.rpc.timeout.min = 5000ms (custom)
2022-04-28 13:46:31,772 [pool-227-thread-1] INFO  server.RaftServerConfigKeys (ConfUtils.java:logGet(44)) - raft.server.rpc.timeout.max = 5200ms (custom)
2022-04-28 13:46:31,772 [pool-227-thread-1] INFO  server.RaftServerConfigKeys (ConfUtils.java:logGet(44)) - raft.server.rpc.sleep.time = 25ms (default)
2022-04-28 13:46:31,772 [pool-227-thread-1] INFO  server.RaftServerConfigKeys (ConfUtils.java:logGet(44)) - raft.server.rpc.slowness.timeout = 120000ms (custom)
2022-04-28 13:46:31,772 [pool-227-thread-1] INFO  server.RaftServerConfigKeys (ConfUtils.java:logGet(44)) - raft.server.leaderelection.leader.step-down.wait-time = 10s (default)
2022-04-28 13:46:31,772 [pool-227-thread-1] INFO  server.RaftServerConfigKeys (ConfUtils.java:logGet(44)) - raft.server.sleep.deviation.threshold = 300ms (default)
2022-04-28 13:46:31,773 [pool-227-thread-1] INFO  server.RaftServerConfigKeys (ConfUtils.java:logGet(44)) - raft.server.log.appender.install.snapshot.enabled = false (custom)
2022-04-28 13:46:31,773 [pool-227-thread-1] INFO  server.RaftServer$Division (ServerState.java:<init>(105)) - 002018de-f8db-4c7b-a600-8966bee8ed8d@group-9A7292F569F3: ConfigurationManager, init=-1: [002018de-f8db-4c7b-a600-8966bee8ed8d|rpc:fv-az294-869:9894|priority:0], old=null, confs=<EMPTY_MAP>
2022-04-28 13:46:31,773 [pool-227-thread-1] INFO  server.RaftServerConfigKeys (ConfUtils.java:logGet(44)) - raft.server.storage.dir = [/home/runner/work/ozone/ozone/hadoop-ozone/integration-test/target/test-dir/MiniOzoneClusterImpl-b83af172-7a36-4ee1-b1b1-9a7292f569f3/ozone-meta/scm-ha] (custom)
2022-04-28 13:46:31,773 [pool-227-thread-1] INFO  server.RaftServerConfigKeys (ConfUtils.java:logGet(44)) - raft.server.log.corruption.policy = EXCEPTION (default)
2022-04-28 13:46:31,773 [pool-227-thread-1] INFO  server.RaftServerConfigKeys (ConfUtils.java:logGet(44)) - raft.server.storage.free-space.min = 0MB (=0) (default)
2022-04-28 13:46:31,773 [pool-227-thread-1] INFO  storage.RaftStorageDirectory (RaftStorageDirectoryImpl.java:analyzeStorage(135)) - The storage directory /home/runner/work/ozone/ozone/hadoop-ozone/integration-test/target/test-dir/MiniOzoneClusterImpl-b83af172-7a36-4ee1-b1b1-9a7292f569f3/ozone-meta/scm-ha/b83af172-7a36-4ee1-b1b1-9a7292f569f3 does not exist. Creating ...
2022-04-28 13:46:31,789 [pool-227-thread-1] INFO  storage.RaftStorageDirectory (RaftStorageDirectoryImpl.java:tryLock(230)) - Lock on /home/runner/work/ozone/ozone/hadoop-ozone/integration-test/target/test-dir/MiniOzoneClusterImpl-b83af172-7a36-4ee1-b1b1-9a7292f569f3/ozone-meta/scm-ha/b83af172-7a36-4ee1-b1b1-9a7292f569f3/in_use.lock acquired by nodename 9841@fv-az294-869
2022-04-28 13:46:31,796 [pool-227-thread-1] INFO  storage.RaftStorage (RaftStorageImpl.java:format(89)) - Storage directory /home/runner/work/ozone/ozone/hadoop-ozone/integration-test/target/test-dir/MiniOzoneClusterImpl-b83af172-7a36-4ee1-b1b1-9a7292f569f3/ozone-meta/scm-ha/b83af172-7a36-4ee1-b1b1-9a7292f569f3 has been successfully formatted.
2022-04-28 13:46:31,796 [pool-227-thread-1] INFO  server.RaftServerConfigKeys (ConfUtils.java:logGet(44)) - raft.server.notification.no-leader.timeout = 60s (default)
2022-04-28 13:46:31,796 [pool-227-thread-1] INFO  server.RaftServerConfigKeys (ConfUtils.java:logGet(44)) - raft.server.log.use.memory = false (default)
2022-04-28 13:46:31,796 [pool-227-thread-1] INFO  server.RaftServerConfigKeys (ConfUtils.java:logGet(44)) - raft.server.log.purge.gap = 1000000 (custom)
2022-04-28 13:46:31,796 [pool-227-thread-1] INFO  server.RaftServerConfigKeys (ConfUtils.java:logGet(44)) - raft.server.log.appender.buffer.byte-limit = 33554432 (custom)
2022-04-28 13:46:31,796 [pool-227-thread-1] INFO  server.RaftServerConfigKeys (ConfUtils.java:logGet(44)) - raft.server.log.segment.size.max = 4194304 (custom)
2022-04-28 13:46:31,797 [pool-227-thread-1] INFO  server.RaftServerConfigKeys (ConfUtils.java:logGet(44)) - raft.server.log.segment.cache.num.max = 2 (custom)
2022-04-28 13:46:31,797 [pool-227-thread-1] INFO  server.RaftServerConfigKeys (ConfUtils.java:logGet(44)) - raft.server.log.segment.cache.size.max = 200MB (=209715200) (default)
2022-04-28 13:46:31,797 [pool-227-thread-1] INFO  segmented.SegmentedRaftLogWorker (SegmentedRaftLogWorker.java:<init>(182)) - new 002018de-f8db-4c7b-a600-8966bee8ed8d@group-9A7292F569F3-SegmentedRaftLogWorker for RaftStorageImpl:Storage Directory /home/runner/work/ozone/ozone/hadoop-ozone/integration-test/target/test-dir/MiniOzoneClusterImpl-b83af172-7a36-4ee1-b1b1-9a7292f569f3/ozone-meta/scm-ha/b83af172-7a36-4ee1-b1b1-9a7292f569f3
2022-04-28 13:46:31,797 [pool-227-thread-1] INFO  server.RaftServerConfigKeys (ConfUtils.java:logGet(44)) - raft.server.log.queue.byte-limit = 64MB (=67108864) (default)
2022-04-28 13:46:31,797 [pool-227-thread-1] INFO  server.RaftServerConfigKeys (ConfUtils.java:logGet(44)) - raft.server.log.queue.element-limit = 4096 (default)
2022-04-28 13:46:31,797 [pool-227-thread-1] INFO  server.RaftServerConfigKeys (ConfUtils.java:logGet(44)) - raft.server.log.segment.size.max = 4194304 (custom)
2022-04-28 13:46:31,797 [pool-227-thread-1] INFO  server.RaftServerConfigKeys (ConfUtils.java:logGet(44)) - raft.server.log.preallocated.size = 4194304 (custom)
2022-04-28 13:46:31,797 [pool-227-thread-1] INFO  server.RaftServerConfigKeys (ConfUtils.java:logGet(44)) - raft.server.log.force.sync.num = 128 (default)
2022-04-28 13:46:31,797 [pool-227-thread-1] INFO  server.RaftServerConfigKeys (ConfUtils.java:logGet(44)) - raft.server.log.statemachine.data.sync = true (default)
2022-04-28 13:46:31,797 [pool-227-thread-1] INFO  server.RaftServerConfigKeys (ConfUtils.java:logGet(44)) - raft.server.log.statemachine.data.sync.timeout = 10s (default)
2022-04-28 13:46:31,797 [pool-227-thread-1] INFO  server.RaftServerConfigKeys (ConfUtils.java:logGet(44)) - raft.server.log.statemachine.data.sync.timeout.retry = -1 (default)
2022-04-28 13:46:31,798 [pool-227-thread-1] INFO  server.RaftServerConfigKeys (ConfUtils.java:logGet(44)) - raft.server.log.write.buffer.size = 64KB (=65536) (default)
2022-04-28 13:46:31,798 [pool-227-thread-1] INFO  server.RaftServerConfigKeys (ConfUtils.java:logGet(44)) - raft.server.log.statemachine.data.caching.enabled = false (default)
2022-04-28 13:46:31,798 [pool-227-thread-1] INFO  segmented.SegmentedRaftLogWorker (SegmentedRaftLogWorker.java:lambda$new$0(133)) - 002018de-f8db-4c7b-a600-8966bee8ed8d@group-9A7292F569F3-SegmentedRaftLogWorker: flushIndex: setUnconditionally 0 -> -1
2022-04-28 13:46:31,798 [pool-227-thread-1] INFO  segmented.SegmentedRaftLogWorker (SegmentedRaftLogWorker.java:lambda$new$0(133)) - 002018de-f8db-4c7b-a600-8966bee8ed8d@group-9A7292F569F3-SegmentedRaftLogWorker: safeCacheEvictIndex: setUnconditionally 0 -> -1
2022-04-28 13:46:31,798 [pool-227-thread-1] INFO  server.RaftServerConfigKeys (ConfUtils.java:logGet(44)) - raft.server.snapshot.auto.trigger.enabled = true (custom)
2022-04-28 13:46:31,798 [pool-227-thread-1] INFO  server.RaftServerConfigKeys (ConfUtils.java:logGet(44)) - raft.server.snapshot.auto.trigger.threshold = 1000 (custom)
2022-04-28 13:46:31,798 [pool-227-thread-1] INFO  server.RaftServerConfigKeys (ConfUtils.java:logGet(44)) - raft.server.snapshot.retention.file.num = -1 (default)
2022-04-28 13:46:31,798 [pool-227-thread-1] INFO  server.RaftServerConfigKeys (ConfUtils.java:logGet(44)) - raft.server.log.purge.upto.snapshot.index = false (default)
2022-04-28 13:46:31,798 [pool-227-thread-1] INFO  server.RaftServerConfigKeys (ConfUtils.java:logGet(44)) - raft.server.retrycache.expirytime = 60000ms (default)
2022-04-28 13:46:31,798 [pool-227-thread-1] INFO  server.RaftServerConfigKeys (ConfUtils.java:logGet(44)) - raft.server.retrycache.statistics.expirytime = 100μs (default)
2022-04-28 13:46:31,799 [Time-limited test] INFO  server.RaftServer$Division (RaftServerImpl.java:start(301)) - 002018de-f8db-4c7b-a600-8966bee8ed8d@group-9A7292F569F3: start as a follower, conf=-1: [002018de-f8db-4c7b-a600-8966bee8ed8d|rpc:fv-az294-869:9894|priority:0], old=null
2022-04-28 13:46:31,799 [Time-limited test] INFO  server.RaftServer$Division (RaftServerImpl.java:setRole(290)) - 002018de-f8db-4c7b-a600-8966bee8ed8d@group-9A7292F569F3: changes role from      null to FOLLOWER at term 0 for startAsFollower
2022-04-28 13:46:31,799 [Time-limited test] INFO  impl.RoleInfo (RoleInfo.java:updateAndGet(130)) - 002018de-f8db-4c7b-a600-8966bee8ed8d: start 002018de-f8db-4c7b-a600-8966bee8ed8d@group-9A7292F569F3-FollowerState
2022-04-28 13:46:31,800 [Time-limited test] INFO  util.JmxRegister (JmxRegister.java:tryRegister(44)) - Successfully registered JMX Bean with object name Ratis:service=RaftServer,group=group-9A7292F569F3,id=002018de-f8db-4c7b-a600-8966bee8ed8d
2022-04-28 13:46:31,800 [Time-limited test] INFO  server.RaftServer (RaftServerProxy.java:lambda$start$5(374)) - 002018de-f8db-4c7b-a600-8966bee8ed8d: start RPC server
2022-04-28 13:46:31,801 [Time-limited test] INFO  server.GrpcService (GrpcService.java:startImpl(253)) - 002018de-f8db-4c7b-a600-8966bee8ed8d: GrpcService started, listening on 9894
2022-04-28 13:46:31,801 [org.apache.ratis.util.JvmPauseMonitor$$Lambda$468/1104361616@7abe0ae6] INFO  util.JvmPauseMonitor (JvmPauseMonitor.java:run(103)) - JvmPauseMonitor-002018de-f8db-4c7b-a600-8966bee8ed8d: Started
2022-04-28 13:46:36,805 [002018de-f8db-4c7b-a600-8966bee8ed8d@group-9A7292F569F3-FollowerState] INFO  impl.FollowerState (FollowerState.java:run(134)) - 002018de-f8db-4c7b-a600-8966bee8ed8d@group-9A7292F569F3-FollowerState: change to CANDIDATE, lastRpcElapsedTime:5005931038ns, electionTimeout:5005ms
2022-04-28 13:46:36,806 [002018de-f8db-4c7b-a600-8966bee8ed8d@group-9A7292F569F3-FollowerState] INFO  impl.RoleInfo (RoleInfo.java:shutdownFollowerState(108)) - 002018de-f8db-4c7b-a600-8966bee8ed8d: shutdown 002018de-f8db-4c7b-a600-8966bee8ed8d@group-9A7292F569F3-FollowerState
2022-04-28 13:46:36,806 [002018de-f8db-4c7b-a600-8966bee8ed8d@group-9A7292F569F3-FollowerState] INFO  server.RaftServer$Division (RaftServerImpl.java:setRole(290)) - 002018de-f8db-4c7b-a600-8966bee8ed8d@group-9A7292F569F3: changes role from  FOLLOWER to CANDIDATE at term 0 for changeToCandidate
2022-04-28 13:46:36,806 [002018de-f8db-4c7b-a600-8966bee8ed8d@group-9A7292F569F3-FollowerState] INFO  server.RaftServerConfigKeys (ConfUtils.java:logGet(44)) - raft.server.leaderelection.pre-vote = false (custom)
2022-04-28 13:46:36,806 [002018de-f8db-4c7b-a600-8966bee8ed8d@group-9A7292F569F3-FollowerState] INFO  impl.RoleInfo (RoleInfo.java:updateAndGet(130)) - 002018de-f8db-4c7b-a600-8966bee8ed8d: start 002018de-f8db-4c7b-a600-8966bee8ed8d@group-9A7292F569F3-LeaderElection37
2022-04-28 13:46:36,826 [002018de-f8db-4c7b-a600-8966bee8ed8d@group-9A7292F569F3-LeaderElection37] INFO  impl.LeaderElection (LeaderElection.java:askForVotes(306)) - 002018de-f8db-4c7b-a600-8966bee8ed8d@group-9A7292F569F3-LeaderElection37 ELECTION round 0: submit vote requests at term 1 for -1: [002018de-f8db-4c7b-a600-8966bee8ed8d|rpc:fv-az294-869:9894|priority:0], old=null
2022-04-28 13:46:36,826 [002018de-f8db-4c7b-a600-8966bee8ed8d@group-9A7292F569F3-LeaderElection37] INFO  impl.LeaderElection (LeaderElection.java:askForVotes(308)) - 002018de-f8db-4c7b-a600-8966bee8ed8d@group-9A7292F569F3-LeaderElection37 ELECTION round 0: result PASSED (term=1)
2022-04-28 13:46:36,826 [002018de-f8db-4c7b-a600-8966bee8ed8d@group-9A7292F569F3-LeaderElection37] INFO  impl.RoleInfo (RoleInfo.java:shutdownLeaderElection(121)) - 002018de-f8db-4c7b-a600-8966bee8ed8d: shutdown 002018de-f8db-4c7b-a600-8966bee8ed8d@group-9A7292F569F3-LeaderElection37
2022-04-28 13:46:36,826 [002018de-f8db-4c7b-a600-8966bee8ed8d@group-9A7292F569F3-LeaderElection37] INFO  server.RaftServer$Division (RaftServerImpl.java:setRole(290)) - 002018de-f8db-4c7b-a600-8966bee8ed8d@group-9A7292F569F3: changes role from CANDIDATE to LEADER at term 1 for changeToLeader
2022-04-28 13:46:36,826 [002018de-f8db-4c7b-a600-8966bee8ed8d@group-9A7292F569F3-LeaderElection37] INFO  server.RaftServer$Division (ServerState.java:setLeader(285)) - 002018de-f8db-4c7b-a600-8966bee8ed8d@group-9A7292F569F3: change Leader from null to 002018de-f8db-4c7b-a600-8966bee8ed8d at term 1 for becomeLeader, leader elected after 5030ms
2022-04-28 13:46:36,826 [002018de-f8db-4c7b-a600-8966bee8ed8d@group-9A7292F569F3-LeaderElection37] INFO  server.RaftServerConfigKeys (ConfUtils.java:logGet(44)) - raft.server.staging.catchup.gap = 1000 (default)
2022-04-28 13:46:36,827 [002018de-f8db-4c7b-a600-8966bee8ed8d@group-9A7292F569F3-LeaderElection37] INFO  server.RaftServerConfigKeys (ConfUtils.java:logGet(44)) - raft.server.write.element-limit = 4096 (default)
2022-04-28 13:46:36,827 [002018de-f8db-4c7b-a600-8966bee8ed8d@group-9A7292F569F3-LeaderElection37] INFO  server.RaftServerConfigKeys (ConfUtils.java:logGet(44)) - raft.server.write.byte-limit = 64MB (=67108864) (default)
2022-04-28 13:46:36,827 [002018de-f8db-4c7b-a600-8966bee8ed8d@group-9A7292F569F3-LeaderElection37] INFO  server.RaftServerConfigKeys (ConfUtils.java:logGet(44)) - raft.server.watch.timeout = 10s (default)
2022-04-28 13:46:36,827 [002018de-f8db-4c7b-a600-8966bee8ed8d@group-9A7292F569F3-LeaderElection37] INFO  server.RaftServerConfigKeys (ConfUtils.java:logGet(44)) - raft.server.watch.timeout.denomination = 1s (default)
2022-04-28 13:46:36,827 [002018de-f8db-4c7b-a600-8966bee8ed8d@group-9A7292F569F3-LeaderElection37] INFO  server.RaftServerConfigKeys (ConfUtils.java:logGet(44)) - raft.server.watch.element-limit = 65536 (default)
2022-04-28 13:46:36,827 [002018de-f8db-4c7b-a600-8966bee8ed8d@group-9A7292F569F3-LeaderElection37] INFO  server.RaftServerConfigKeys (ConfUtils.java:logGet(44)) - raft.server.write.element-limit = 4096 (default)
2022-04-28 13:46:36,827 [002018de-f8db-4c7b-a600-8966bee8ed8d@group-9A7292F569F3-LeaderElection37] INFO  server.RaftServerConfigKeys (ConfUtils.java:logGet(44)) - raft.server.write.follower.gap.ratio.max = -1.0 (default)
2022-04-28 13:46:36,827 [002018de-f8db-4c7b-a600-8966bee8ed8d@group-9A7292F569F3-LeaderElection37] INFO  impl.RoleInfo (RoleInfo.java:updateAndGet(130)) - 002018de-f8db-4c7b-a600-8966bee8ed8d: start 002018de-f8db-4c7b-a600-8966bee8ed8d@group-9A7292F569F3-LeaderStateImpl
2022-04-28 13:46:36,827 [002018de-f8db-4c7b-a600-8966bee8ed8d@group-9A7292F569F3-LeaderElection37] INFO  segmented.SegmentedRaftLogWorker (SegmentedRaftLogWorker.java:startLogSegment(394)) - 002018de-f8db-4c7b-a600-8966bee8ed8d@group-9A7292F569F3-SegmentedRaftLogWorker: Starting segment from index:0
2022-04-28 13:46:36,837 [002018de-f8db-4c7b-a600-8966bee8ed8d@group-9A7292F569F3-LeaderElection37] INFO  server.RaftServer$Division (ServerState.java:setRaftConf(387)) - 002018de-f8db-4c7b-a600-8966bee8ed8d@group-9A7292F569F3: set configuration 0: [002018de-f8db-4c7b-a600-8966bee8ed8d|rpc:fv-az294-869:9894|admin:|client:|dataStream:|priority:0], old=null
2022-04-28 13:46:36,838 [002018de-f8db-4c7b-a600-8966bee8ed8d@group-9A7292F569F3-SegmentedRaftLogWorker] INFO  segmented.SegmentedRaftLogWorker (SegmentedRaftLogWorker.java:execute(601)) - 002018de-f8db-4c7b-a600-8966bee8ed8d@group-9A7292F569F3-SegmentedRaftLogWorker: created new log segment /home/runner/work/ozone/ozone/hadoop-ozone/integration-test/target/test-dir/MiniOzoneClusterImpl-b83af172-7a36-4ee1-b1b1-9a7292f569f3/ozone-meta/scm-ha/b83af172-7a36-4ee1-b1b1-9a7292f569f3/current/log_inprogress_0
2022-04-28 13:46:37,802 [Time-limited test] INFO  server.RaftServer (RaftServerProxy.java:lambda$close$6(391)) - 002018de-f8db-4c7b-a600-8966bee8ed8d: close
2022-04-28 13:46:37,802 [Time-limited test] INFO  server.RaftServer$Division (RaftServerImpl.java:lambda$close$4(412)) - 002018de-f8db-4c7b-a600-8966bee8ed8d@group-9A7292F569F3: shutdown
2022-04-28 13:46:37,802 [Time-limited test] INFO  util.JmxRegister (JmxRegister.java:unregister(73)) - Successfully un-registered JMX Bean with object name Ratis:service=RaftServer,group=group-9A7292F569F3,id=002018de-f8db-4c7b-a600-8966bee8ed8d
2022-04-28 13:46:37,802 [Time-limited test] INFO  impl.RoleInfo (RoleInfo.java:shutdownLeaderState(91)) - 002018de-f8db-4c7b-a600-8966bee8ed8d: shutdown 002018de-f8db-4c7b-a600-8966bee8ed8d@group-9A7292F569F3-LeaderStateImpl
2022-04-28 13:46:37,803 [Time-limited test] INFO  impl.PendingRequests (PendingRequests.java:sendNotLeaderResponses(282)) - 002018de-f8db-4c7b-a600-8966bee8ed8d@group-9A7292F569F3-PendingRequests: sendNotLeaderResponses
2022-04-28 13:46:37,803 [Time-limited test] INFO  impl.StateMachineUpdater (StateMachineUpdater.java:stopAndJoin(149)) - 002018de-f8db-4c7b-a600-8966bee8ed8d@group-9A7292F569F3-StateMachineUpdater: set stopIndex = 0
2022-04-28 13:46:37,803 [002018de-f8db-4c7b-a600-8966bee8ed8d@group-9A7292F569F3-StateMachineUpdater] INFO  impl.StateMachineUpdater (StateMachineUpdater.java:takeSnapshot(281)) - 002018de-f8db-4c7b-a600-8966bee8ed8d@group-9A7292F569F3-StateMachineUpdater: Took a snapshot at index 0
2022-04-28 13:46:37,803 [002018de-f8db-4c7b-a600-8966bee8ed8d@group-9A7292F569F3-StateMachineUpdater] INFO  impl.StateMachineUpdater (StateMachineUpdater.java:lambda$new$0(89)) - 002018de-f8db-4c7b-a600-8966bee8ed8d@group-9A7292F569F3-StateMachineUpdater: snapshotIndex: updateIncreasingly -1 -> 0
2022-04-28 13:46:37,805 [Time-limited test] INFO  server.RaftServer$Division (ServerState.java:close(419)) - 002018de-f8db-4c7b-a600-8966bee8ed8d@group-9A7292F569F3: closes. applyIndex: 0
2022-04-28 13:46:37,805 [002018de-f8db-4c7b-a600-8966bee8ed8d@group-9A7292F569F3-SegmentedRaftLogWorker] INFO  segmented.SegmentedRaftLogWorker (SegmentedRaftLogWorker.java:run(327)) - 002018de-f8db-4c7b-a600-8966bee8ed8d@group-9A7292F569F3-SegmentedRaftLogWorker was interrupted, exiting. There are 0 tasks remaining in the queue.
2022-04-28 13:46:37,806 [Time-limited test] INFO  segmented.SegmentedRaftLogWorker (SegmentedRaftLogWorker.java:close(237)) - 002018de-f8db-4c7b-a600-8966bee8ed8d@group-9A7292F569F3-SegmentedRaftLogWorker close()
2022-04-28 13:46:37,807 [Time-limited test] INFO  server.GrpcService (GrpcService.java:closeImpl(262)) - 002018de-f8db-4c7b-a600-8966bee8ed8d: shutdown server with port 9894 now
2022-04-28 13:46:37,809 [Time-limited test] INFO  server.GrpcService (GrpcService.java:closeImpl(271)) - 002018de-f8db-4c7b-a600-8966bee8ed8d: shutdown server with port 9894 successfully
2022-04-28 13:46:37,809 [org.apache.ratis.util.JvmPauseMonitor$$Lambda$468/1104361616@7abe0ae6] INFO  util.JvmPauseMonitor (JvmPauseMonitor.java:run(109)) - JvmPauseMonitor-002018de-f8db-4c7b-a600-8966bee8ed8d: Stopped
2022-04-28 13:46:37,809 [Time-limited test] INFO  ha.SCMHANodeDetails (SCMHANodeDetails.java:loadSCMHAConfig(157)) - ServiceID for StorageContainerManager is null
2022-04-28 13:46:37,809 [Time-limited test] INFO  ha.SCMHANodeDetails (SCMHANodeDetails.java:loadSCMHAConfig(162)) - ozone.scm.default.service.id is not defined, falling back to ozone.scm.service.ids to find serviceID for StorageContainerManager if it is HA enabled cluster
2022-04-28 13:46:37,810 [Time-limited test] WARN  server.ServerUtils (ServerUtils.java:getScmDbDir(148)) - ozone.scm.db.dirs is not configured. We recommend adding this setting. Falling back to ozone.metadata.dirs instead.
2022-04-28 13:46:37,810 [Time-limited test] INFO  upgrade.AbstractLayoutVersionManager (AbstractLayoutVersionManager.java:init(79)) - Initializing Layout version manager with metadata layout = ERASURE_CODED_STORAGE_SUPPORT (version = 3), software layout = ERASURE_CODED_STORAGE_SUPPORT (version = 3)
2022-04-28 13:46:37,857 [Time-limited test] INFO  reflections.Reflections (Reflections.java:scan(232)) - Reflections took 46 ms to scan 7 urls, producing 126 keys and 287 values 
2022-04-28 13:46:37,860 [Time-limited test] WARN  utils.HAUtils (HAUtils.java:getMetaDir(342)) - ozone.scm.db.dirs is not configured. We recommend adding this setting. Falling back to ozone.metadata.dirs instead.
2022-04-28 13:46:37,864 [Time-limited test] WARN  db.DBStoreBuilder (DBStoreBuilder.java:applyDBDefinition(145)) - ozone.scm.db.dirs is not configured. We recommend adding this setting. Falling back to ozone.metadata.dirs instead.
2022-04-28 13:46:38,014 [Time-limited test] INFO  net.NodeSchemaLoader (NodeSchemaLoader.java:loadSchemaFromFile(129)) - Loading schema from [jar:file:/home/runner/.m2/repository/org/apache/ozone/hdds-common/1.3.0-SNAPSHOT/hdds-common-1.3.0-SNAPSHOT.jar!/network-topology-default.xml]
2022-04-28 13:46:38,014 [Time-limited test] INFO  net.NodeSchemaLoader (NodeSchemaLoader.java:loadSchema(176)) - Loading network topology layer schema file
2022-04-28 13:46:38,017 [Time-limited test] WARN  impl.MetricRegistriesImpl (MetricRegistriesImpl.java:addReporterRegistration(111)) - New reporters are added after registries were created. Some metrics will be missing from the reporter. Please add reporter before adding any new registry.
2022-04-28 13:46:38,017 [Time-limited test] WARN  impl.MetricRegistriesImpl (MetricRegistriesImpl.java:addReporterRegistration(111)) - New reporters are added after registries were created. Some metrics will be missing from the reporter. Please add reporter before adding any new registry.
2022-04-28 13:46:38,018 [Time-limited test] INFO  ha.SCMRatisServerImpl (SCMRatisServerImpl.java:<init>(88)) - starting Raft server for scm:002018de-f8db-4c7b-a600-8966bee8ed8d
2022-04-28 13:46:38,018 [Time-limited test] INFO  server.RaftServer (ConfUtils.java:logGet(44)) - raft.rpc.type = GRPC (default)
2022-04-28 13:46:38,018 [Time-limited test] INFO  grpc.GrpcFactory (GrpcFactory.java:checkPooledByteBufAllocatorUseCacheForAllThreads(48)) - PERFORMANCE WARNING: useCacheForAllThreads is true that may cause Netty to create a lot garbage objects and, as a result, trigger GC.
	It is recommended to disable useCacheForAllThreads by setting -Dorg.apache.ratis.thirdparty.io.netty.allocator.useCacheForAllThreads=false in command line.
2022-04-28 13:46:38,018 [Time-limited test] INFO  grpc.GrpcConfigKeys (ConfUtils.java:logGet(44)) - raft.grpc.admin.port = -1 (default)
2022-04-28 13:46:38,019 [Time-limited test] INFO  grpc.GrpcConfigKeys (ConfUtils.java:logGet(44)) - raft.grpc.server.port = 9894 (custom)
2022-04-28 13:46:38,019 [Time-limited test] INFO  grpc.GrpcConfigKeys (ConfUtils.java:logGet(44)) - raft.grpc.client.port = -1 (default)
2022-04-28 13:46:38,019 [Time-limited test] INFO  grpc.GrpcConfigKeys (ConfUtils.java:logGet(44)) - raft.grpc.server.port = 9894 (custom)
2022-04-28 13:46:38,019 [Time-limited test] INFO  grpc.GrpcConfigKeys (ConfUtils.java:logGet(44)) - raft.grpc.server.port = 9894 (custom)
2022-04-28 13:46:38,019 [Time-limited test] INFO  server.GrpcService (ConfUtils.java:logGet(44)) - raft.grpc.message.size.max = 32m (=33554432) (custom)
2022-04-28 13:46:38,019 [Time-limited test] INFO  server.RaftServerConfigKeys (ConfUtils.java:logGet(44)) - raft.server.log.appender.buffer.byte-limit = 33554432 (custom)
2022-04-28 13:46:38,019 [Time-limited test] INFO  server.GrpcService (ConfUtils.java:logGet(44)) - raft.grpc.flow.control.window = 1MB (=1048576) (default)
2022-04-28 13:46:38,019 [Time-limited test] INFO  server.RaftServerConfigKeys (ConfUtils.java:logGet(44)) - raft.server.rpc.request.timeout = 30000ms (custom)
2022-04-28 13:46:38,020 [Time-limited test] INFO  impl.DataStreamServerImpl (ConfUtils.java:logGet(44)) - raft.datastream.type = DISABLED (default)
2022-04-28 13:46:38,020 [Time-limited test] INFO  server.RaftServerConfigKeys (ConfUtils.java:logGet(44)) - raft.server.rpc.slowness.timeout = 120000ms (custom)
2022-04-28 13:46:38,020 [Time-limited test] INFO  server.RaftServerConfigKeys (ConfUtils.java:logGet(44)) - raft.server.leaderelection.leader.step-down.wait-time = 10s (default)
2022-04-28 13:46:38,020 [Time-limited test] INFO  server.RaftServerConfigKeys (ConfUtils.java:logGet(44)) - raft.server.storage.dir = [/home/runner/work/ozone/ozone/hadoop-ozone/integration-test/target/test-dir/MiniOzoneClusterImpl-b83af172-7a36-4ee1-b1b1-9a7292f569f3/ozone-meta/scm-ha] (custom)
2022-04-28 13:46:38,020 [Time-limited test] INFO  server.RaftServer (RaftServerProxy.java:lambda$null$1(235)) - 002018de-f8db-4c7b-a600-8966bee8ed8d: found a subdirectory /home/runner/work/ozone/ozone/hadoop-ozone/integration-test/target/test-dir/MiniOzoneClusterImpl-b83af172-7a36-4ee1-b1b1-9a7292f569f3/ozone-meta/scm-ha/b83af172-7a36-4ee1-b1b1-9a7292f569f3
2022-04-28 13:46:38,021 [Time-limited test] INFO  server.RaftServer (RaftServerProxy.java:addNew(95)) - 002018de-f8db-4c7b-a600-8966bee8ed8d: addNew group-9A7292F569F3:[] returns group-9A7292F569F3:java.util.concurrent.CompletableFuture@52d48e8[Not completed]
2022-04-28 13:46:38,021 [pool-240-thread-1] INFO  server.RaftServer$Division (RaftServerImpl.java:<init>(184)) - 002018de-f8db-4c7b-a600-8966bee8ed8d: new RaftServerImpl for group-9A7292F569F3:[] with SCMStateMachine:uninitialized
2022-04-28 13:46:38,023 [pool-240-thread-1] INFO  server.RaftServerConfigKeys (ConfUtils.java:logGet(44)) - raft.server.rpc.timeout.min = 5000ms (custom)
2022-04-28 13:46:38,023 [pool-240-thread-1] INFO  server.RaftServerConfigKeys (ConfUtils.java:logGet(44)) - raft.server.rpc.timeout.max = 5200ms (custom)
2022-04-28 13:46:38,023 [pool-240-thread-1] INFO  server.RaftServerConfigKeys (ConfUtils.java:logGet(44)) - raft.server.rpc.sleep.time = 25ms (default)
2022-04-28 13:46:38,023 [pool-240-thread-1] INFO  server.RaftServerConfigKeys (ConfUtils.java:logGet(44)) - raft.server.rpc.slowness.timeout = 120000ms (custom)
2022-04-28 13:46:38,023 [pool-240-thread-1] INFO  server.RaftServerConfigKeys (ConfUtils.java:logGet(44)) - raft.server.leaderelection.leader.step-down.wait-time = 10s (default)
2022-04-28 13:46:38,023 [pool-240-thread-1] INFO  server.RaftServerConfigKeys (ConfUtils.java:logGet(44)) - raft.server.sleep.deviation.threshold = 300ms (default)
2022-04-28 13:46:38,023 [pool-240-thread-1] INFO  server.RaftServerConfigKeys (ConfUtils.java:logGet(44)) - raft.server.log.appender.install.snapshot.enabled = false (custom)
2022-04-28 13:46:38,023 [pool-240-thread-1] INFO  server.RaftServer$Division (ServerState.java:<init>(105)) - 002018de-f8db-4c7b-a600-8966bee8ed8d@group-9A7292F569F3: ConfigurationManager, init=-1: [], old=null, confs=<EMPTY_MAP>
2022-04-28 13:46:38,023 [pool-240-thread-1] INFO  server.RaftServerConfigKeys (ConfUtils.java:logGet(44)) - raft.server.storage.dir = [/home/runner/work/ozone/ozone/hadoop-ozone/integration-test/target/test-dir/MiniOzoneClusterImpl-b83af172-7a36-4ee1-b1b1-9a7292f569f3/ozone-meta/scm-ha] (custom)
2022-04-28 13:46:38,023 [pool-240-thread-1] INFO  server.RaftServerConfigKeys (ConfUtils.java:logGet(44)) - raft.server.log.corruption.policy = EXCEPTION (default)
2022-04-28 13:46:38,024 [pool-240-thread-1] INFO  server.RaftServerConfigKeys (ConfUtils.java:logGet(44)) - raft.server.storage.free-space.min = 0MB (=0) (default)
2022-04-28 13:46:38,025 [pool-240-thread-1] INFO  storage.RaftStorageDirectory (RaftStorageDirectoryImpl.java:tryLock(230)) - Lock on /home/runner/work/ozone/ozone/hadoop-ozone/integration-test/target/test-dir/MiniOzoneClusterImpl-b83af172-7a36-4ee1-b1b1-9a7292f569f3/ozone-meta/scm-ha/b83af172-7a36-4ee1-b1b1-9a7292f569f3/in_use.lock acquired by nodename 9841@fv-az294-869
2022-04-28 13:46:38,025 [pool-240-thread-1] INFO  storage.RaftStorage (RaftStorageImpl.java:analyzeAndRecoverStorage(110)) - Read RaftStorageMetadata{term=1, votedFor=002018de-f8db-4c7b-a600-8966bee8ed8d} from /home/runner/work/ozone/ozone/hadoop-ozone/integration-test/target/test-dir/MiniOzoneClusterImpl-b83af172-7a36-4ee1-b1b1-9a7292f569f3/ozone-meta/scm-ha/b83af172-7a36-4ee1-b1b1-9a7292f569f3/current/raft-meta
2022-04-28 13:46:38,025 [pool-240-thread-1] INFO  server.RaftServer$Division (ServerState.java:setRaftConf(387)) - 002018de-f8db-4c7b-a600-8966bee8ed8d@group-9A7292F569F3: set configuration 0: [002018de-f8db-4c7b-a600-8966bee8ed8d|rpc:fv-az294-869:9894|admin:|client:|dataStream:|priority:0], old=null
2022-04-28 13:46:38,025 [pool-240-thread-1] INFO  server.RaftServerConfigKeys (ConfUtils.java:logGet(44)) - raft.server.notification.no-leader.timeout = 60s (default)
2022-04-28 13:46:38,026 [pool-240-thread-1] INFO  server.RaftServerConfigKeys (ConfUtils.java:logGet(44)) - raft.server.log.use.memory = false (default)
2022-04-28 13:46:38,026 [pool-240-thread-1] INFO  server.RaftServerConfigKeys (ConfUtils.java:logGet(44)) - raft.server.log.purge.gap = 1000000 (custom)
2022-04-28 13:46:38,026 [pool-240-thread-1] INFO  server.RaftServerConfigKeys (ConfUtils.java:logGet(44)) - raft.server.log.appender.buffer.byte-limit = 33554432 (custom)
2022-04-28 13:46:38,026 [pool-240-thread-1] INFO  server.RaftServerConfigKeys (ConfUtils.java:logGet(44)) - raft.server.log.segment.size.max = 4194304 (custom)
2022-04-28 13:46:38,026 [pool-240-thread-1] INFO  server.RaftServerConfigKeys (ConfUtils.java:logGet(44)) - raft.server.log.segment.cache.num.max = 2 (custom)
2022-04-28 13:46:38,026 [pool-240-thread-1] INFO  server.RaftServerConfigKeys (ConfUtils.java:logGet(44)) - raft.server.log.segment.cache.size.max = 200MB (=209715200) (default)
2022-04-28 13:46:38,026 [pool-240-thread-1] INFO  segmented.SegmentedRaftLogWorker (SegmentedRaftLogWorker.java:<init>(182)) - new 002018de-f8db-4c7b-a600-8966bee8ed8d@group-9A7292F569F3-SegmentedRaftLogWorker for RaftStorageImpl:Storage Directory /home/runner/work/ozone/ozone/hadoop-ozone/integration-test/target/test-dir/MiniOzoneClusterImpl-b83af172-7a36-4ee1-b1b1-9a7292f569f3/ozone-meta/scm-ha/b83af172-7a36-4ee1-b1b1-9a7292f569f3
2022-04-28 13:46:38,026 [pool-240-thread-1] INFO  server.RaftServerConfigKeys (ConfUtils.java:logGet(44)) - raft.server.log.queue.byte-limit = 64MB (=67108864) (default)
2022-04-28 13:46:38,026 [pool-240-thread-1] INFO  server.RaftServerConfigKeys (ConfUtils.java:logGet(44)) - raft.server.log.queue.element-limit = 4096 (default)
2022-04-28 13:46:38,026 [pool-240-thread-1] INFO  server.RaftServerConfigKeys (ConfUtils.java:logGet(44)) - raft.server.log.segment.size.max = 4194304 (custom)
2022-04-28 13:46:38,034 [pool-240-thread-1] INFO  server.RaftServerConfigKeys (ConfUtils.java:logGet(44)) - raft.server.log.preallocated.size = 4194304 (custom)
2022-04-28 13:46:38,034 [pool-240-thread-1] INFO  server.RaftServerConfigKeys (ConfUtils.java:logGet(44)) - raft.server.log.force.sync.num = 128 (default)
2022-04-28 13:46:38,034 [pool-240-thread-1] INFO  server.RaftServerConfigKeys (ConfUtils.java:logGet(44)) - raft.server.log.statemachine.data.sync = true (default)
2022-04-28 13:46:38,034 [pool-240-thread-1] INFO  server.RaftServerConfigKeys (ConfUtils.java:logGet(44)) - raft.server.log.statemachine.data.sync.timeout = 10s (default)
2022-04-28 13:46:38,034 [pool-240-thread-1] INFO  server.RaftServerConfigKeys (ConfUtils.java:logGet(44)) - raft.server.log.statemachine.data.sync.timeout.retry = -1 (default)
2022-04-28 13:46:38,035 [pool-240-thread-1] INFO  server.RaftServerConfigKeys (ConfUtils.java:logGet(44)) - raft.server.log.write.buffer.size = 64KB (=65536) (default)
2022-04-28 13:46:38,035 [pool-240-thread-1] INFO  server.RaftServerConfigKeys (ConfUtils.java:logGet(44)) - raft.server.log.statemachine.data.caching.enabled = false (default)
2022-04-28 13:46:38,035 [pool-240-thread-1] INFO  server.RaftServer$Division (ServerState.java:setRaftConf(387)) - 002018de-f8db-4c7b-a600-8966bee8ed8d@group-9A7292F569F3: set configuration 0: [002018de-f8db-4c7b-a600-8966bee8ed8d|rpc:fv-az294-869:9894|admin:|client:|dataStream:|priority:0], old=null
2022-04-28 13:46:38,036 [pool-240-thread-1] INFO  segmented.LogSegment (LogSegment.java:loadSegment(173)) - Successfully read 1 entries from segment file /home/runner/work/ozone/ozone/hadoop-ozone/integration-test/target/test-dir/MiniOzoneClusterImpl-b83af172-7a36-4ee1-b1b1-9a7292f569f3/ozone-meta/scm-ha/b83af172-7a36-4ee1-b1b1-9a7292f569f3/current/log_inprogress_0
2022-04-28 13:46:38,036 [pool-240-thread-1] INFO  segmented.SegmentedRaftLogWorker (SegmentedRaftLogWorker.java:lambda$new$0(133)) - 002018de-f8db-4c7b-a600-8966bee8ed8d@group-9A7292F569F3-SegmentedRaftLogWorker: flushIndex: setUnconditionally 0 -> 0
2022-04-28 13:46:38,036 [pool-240-thread-1] INFO  segmented.SegmentedRaftLogWorker (SegmentedRaftLogWorker.java:lambda$new$0(133)) - 002018de-f8db-4c7b-a600-8966bee8ed8d@group-9A7292F569F3-SegmentedRaftLogWorker: safeCacheEvictIndex: setUnconditionally 0 -> -1
2022-04-28 13:46:38,036 [pool-240-thread-1] INFO  server.RaftServerConfigKeys (ConfUtils.java:logGet(44)) - raft.server.snapshot.auto.trigger.enabled = true (custom)
2022-04-28 13:46:38,036 [pool-240-thread-1] INFO  server.RaftServerConfigKeys (ConfUtils.java:logGet(44)) - raft.server.snapshot.auto.trigger.threshold = 1000 (custom)
2022-04-28 13:46:38,036 [pool-240-thread-1] INFO  server.RaftServerConfigKeys (ConfUtils.java:logGet(44)) - raft.server.snapshot.retention.file.num = -1 (default)
2022-04-28 13:46:38,036 [pool-240-thread-1] INFO  server.RaftServerConfigKeys (ConfUtils.java:logGet(44)) - raft.server.log.purge.upto.snapshot.index = false (default)
2022-04-28 13:46:38,036 [pool-240-thread-1] INFO  server.RaftServerConfigKeys (ConfUtils.java:logGet(44)) - raft.server.retrycache.expirytime = 60000ms (default)
2022-04-28 13:46:38,036 [pool-240-thread-1] INFO  server.RaftServerConfigKeys (ConfUtils.java:logGet(44)) - raft.server.retrycache.statistics.expirytime = 100μs (default)
2022-04-28 13:46:38,037 [Time-limited test] INFO  ha.SCMSnapshotProvider (SCMSnapshotProvider.java:<init>(66)) - Initializing SCM Snapshot Provider
2022-04-28 13:46:38,037 [Time-limited test] WARN  server.ServerUtils (ServerUtils.java:getDefaultRatisDirectory(237)) - Storage directory for Ratis is not configured. It is a good idea to map this to an SSD disk. Falling back to ozone.metadata.dirs
2022-04-28 13:46:38,037 [Time-limited test] WARN  ha.SCMHAUtils (SCMHAUtils.java:getSCMRatisSnapshotDirectory(151)) - SCM snapshot dir is not configured. Falling back to ozone.metadata.dirs config
2022-04-28 13:46:38,039 [Time-limited test] INFO  ha.SequenceIdGenerator (SequenceIdGenerator.java:upgradeToSequenceId(347)) - upgrade localId to 109611004723200000
2022-04-28 13:46:38,046 [Time-limited test] INFO  ha.SequenceIdGenerator (SequenceIdGenerator.java:upgradeToSequenceId(357)) - upgrade delTxnId to 0
2022-04-28 13:46:38,046 [Time-limited test] INFO  ha.SequenceIdGenerator (SequenceIdGenerator.java:upgradeToSequenceId(371)) - upgrade containerId to 0
2022-04-28 13:46:38,046 [Time-limited test] INFO  ha.SequenceIdGenerator (SequenceIdGenerator.java:<init>(218)) - Init the HA SequenceIdGenerator.
2022-04-28 13:46:38,046 [Time-limited test] WARN  server.ServerUtils (ServerUtils.java:sanitizeUserArgs(73)) - ozone.scm.stale.node.interval value = 1000000 is larger than max = 100000 based on the key value of ozone.scm.heartbeat.thread.interval, reset to the max value 100000.
2022-04-28 13:46:38,046 [Time-limited test] WARN  server.ServerUtils (ServerUtils.java:sanitizeUserArgs(73)) - ozone.scm.stale.node.interval value = 1000000 is larger than max = 100000 based on the key value of ozone.scm.heartbeat.thread.interval, reset to the max value 100000.
2022-04-28 13:46:38,060 [Time-limited test] INFO  node.SCMNodeManager (SCMNodeManager.java:<init>(146)) - Entering startup safe mode.
2022-04-28 13:46:38,061 [Time-limited test] INFO  algorithms.ContainerPlacementPolicyFactory (ContainerPlacementPolicyFactory.java:getPolicyInternal(86)) - Create container placement policy of type org.apache.hadoop.hdds.scm.container.placement.algorithms.SCMContainerPlacementRandom
2022-04-28 13:46:38,061 [Time-limited test] INFO  pipeline.PipelineStateManagerImpl (PipelineStateManagerImpl.java:initialize(78)) - No pipeline exists in current db
2022-04-28 13:46:38,065 [Time-limited test] INFO  algorithms.LeaderChoosePolicyFactory (LeaderChoosePolicyFactory.java:getPolicy(57)) - Create leader choose policy of type org.apache.hadoop.hdds.scm.pipeline.leader.choose.algorithms.MinLeaderCountChoosePolicy
2022-04-28 13:46:38,065 [Time-limited test] INFO  algorithms.ContainerPlacementPolicyFactory (ContainerPlacementPolicyFactory.java:getPolicyInternal(86)) - Create container placement policy of type org.apache.hadoop.hdds.scm.container.placement.algorithms.SCMContainerPlacementRackScatter
2022-04-28 13:46:38,067 [Time-limited test] INFO  pipeline.BackgroundPipelineCreator (BackgroundPipelineCreator.java:start(123)) - Starting RatisPipelineUtilsThread.
2022-04-28 13:46:38,080 [Time-limited test] INFO  pipeline.BackgroundPipelineScrubber (BackgroundPipelineScrubber.java:start(124)) - Starting Pipeline Scrubber Service.
2022-04-28 13:46:38,080 [Time-limited test] INFO  ha.SCMServiceManager (SCMServiceManager.java:register(42)) - Registering service BackgroundPipelineCreator.
2022-04-28 13:46:38,080 [Time-limited test] INFO  ha.SCMServiceManager (SCMServiceManager.java:register(42)) - Registering service BackgroundPipelineScrubber.
2022-04-28 13:46:38,081 [Time-limited test] INFO  algorithms.PipelineChoosePolicyFactory (PipelineChoosePolicyFactory.java:createPipelineChoosePolicyFromClass(73)) - Create pipeline choose policy of type org.apache.hadoop.hdds.scm.pipeline.choose.algorithms.RandomPipelineChoosePolicy
2022-04-28 13:46:38,081 [Time-limited test] INFO  ha.SCMServiceManager (SCMServiceManager.java:register(42)) - Registering service SCMBlockDeletingService.
2022-04-28 13:46:38,082 [Time-limited test] INFO  ha.SCMServiceManager (SCMServiceManager.java:register(42)) - Registering service ReplicationManager.
2022-04-28 13:46:38,082 [Time-limited test] INFO  container.ReplicationManager (ReplicationManager.java:start(326)) - Starting Replication Monitor Thread.
2022-04-28 13:46:38,102 [Time-limited test] INFO  safemode.ContainerSafeModeRule (ContainerSafeModeRule.java:<init>(89)) - containers with one replica threshold count 0
2022-04-28 13:46:38,102 [Time-limited test] INFO  safemode.HealthyPipelineSafeModeRule (HealthyPipelineSafeModeRule.java:initializeRule(156)) - Total pipeline count is 0, healthy pipeline threshold count is 1
2022-04-28 13:46:38,103 [Time-limited test] INFO  safemode.OneReplicaPipelineSafeModeRule (OneReplicaPipelineSafeModeRule.java:initializeRule(180)) - Total pipeline count is 0, pipeline's with at least one datanode reported threshold count is 0
2022-04-28 13:46:38,106 [Time-limited test] INFO  ipc.CallQueueManager (CallQueueManager.java:<init>(90)) - Using callQueue: class java.util.concurrent.LinkedBlockingQueue, queueCapacity: 2000, scheduler: class org.apache.hadoop.ipc.DefaultRpcScheduler, ipcBackoff: false.
2022-04-28 13:46:38,107 [Socket Reader #1 for port 0] INFO  ipc.Server (Server.java:run(1265)) - Starting Socket Reader #1 for port 0
2022-04-28 13:46:38,109 [Listener at 0.0.0.0/40355] INFO  ipc.CallQueueManager (CallQueueManager.java:<init>(90)) - Using callQueue: class java.util.concurrent.LinkedBlockingQueue, queueCapacity: 2000, scheduler: class org.apache.hadoop.ipc.DefaultRpcScheduler, ipcBackoff: false.
2022-04-28 13:46:38,112 [Listener at 0.0.0.0/45703] INFO  ipc.CallQueueManager (CallQueueManager.java:<init>(90)) - Using callQueue: class java.util.concurrent.LinkedBlockingQueue, queueCapacity: 2000, scheduler: class org.apache.hadoop.ipc.DefaultRpcScheduler, ipcBackoff: false.
2022-04-28 13:46:38,112 [Socket Reader #1 for port 0] INFO  ipc.Server (Server.java:run(1265)) - Starting Socket Reader #1 for port 0
2022-04-28 13:46:38,119 [ReplicationMonitor] INFO  container.ReplicationManager (ReplicationManager.java:processAll(374)) - Replication Manager is not ready to run until 3000ms after safemode exit
2022-04-28 13:46:38,130 [Socket Reader #1 for port 0] INFO  ipc.Server (Server.java:run(1265)) - Starting Socket Reader #1 for port 0
2022-04-28 13:46:38,163 [Listener at 0.0.0.0/46683] INFO  server.StorageContainerManager (StorageContainerManager.java:<init>(390)) - 
Container Balancer status:
Key                            Value
Running                        false
Container Balancer Configuration values:
Key                                                Value
Threshold                                          10
Max Datanodes to Involve per Iteration(percent)    20
Max Size to Move per Iteration                     500GB
Max Size Entering Target per Iteration             26GB
Max Size Leaving Source per Iteration              26GB

2022-04-28 13:46:38,175 [Listener at 0.0.0.0/46683] WARN  events.EventQueue (EventQueue.java:fireEvent(194)) - No event handler registered for event TypedEvent{payloadType=SafeModeStatus, name='Safe mode status'}
2022-04-28 13:46:38,176 [Listener at 0.0.0.0/46683] INFO  ha.SCMContext (SCMContext.java:updateSafeModeStatus(211)) - Update SafeModeStatus from SafeModeStatus{safeModeStatus=true, preCheckPassed=false} to SafeModeStatus{safeModeStatus=true, preCheckPassed=false}.
2022-04-28 13:46:38,176 [Listener at 0.0.0.0/46683] INFO  server.StorageContainerManager (StorageContainerManager.java:start(1328)) - StorageContainerLocationProtocol RPC server is listening at /0.0.0.0:46683
2022-04-28 13:46:38,176 [Listener at 0.0.0.0/46683] INFO  ha.SCMRatisServerImpl (SCMRatisServerImpl.java:start(179)) - starting ratis server 0.0.0.0:9894
2022-04-28 13:46:38,176 [Listener at 0.0.0.0/46683] INFO  server.RaftServer$Division (RaftServerImpl.java:start(301)) - 002018de-f8db-4c7b-a600-8966bee8ed8d@group-9A7292F569F3: start as a follower, conf=0: [002018de-f8db-4c7b-a600-8966bee8ed8d|rpc:fv-az294-869:9894|admin:|client:|dataStream:|priority:0], old=null
2022-04-28 13:46:38,176 [Listener at 0.0.0.0/46683] INFO  server.RaftServer$Division (RaftServerImpl.java:setRole(290)) - 002018de-f8db-4c7b-a600-8966bee8ed8d@group-9A7292F569F3: changes role from      null to FOLLOWER at term 1 for startAsFollower
2022-04-28 13:46:38,176 [Listener at 0.0.0.0/46683] INFO  impl.RoleInfo (RoleInfo.java:updateAndGet(130)) - 002018de-f8db-4c7b-a600-8966bee8ed8d: start 002018de-f8db-4c7b-a600-8966bee8ed8d@group-9A7292F569F3-FollowerState
2022-04-28 13:46:38,178 [Listener at 0.0.0.0/46683] INFO  util.JmxRegister (JmxRegister.java:tryRegister(44)) - Successfully registered JMX Bean with object name Ratis:service=RaftServer,group=group-9A7292F569F3,id=002018de-f8db-4c7b-a600-8966bee8ed8d
2022-04-28 13:46:38,179 [Listener at 0.0.0.0/46683] INFO  server.RaftServer (RaftServerProxy.java:lambda$start$5(374)) - 002018de-f8db-4c7b-a600-8966bee8ed8d: start RPC server
2022-04-28 13:46:38,180 [Listener at 0.0.0.0/46683] INFO  server.GrpcService (GrpcService.java:startImpl(253)) - 002018de-f8db-4c7b-a600-8966bee8ed8d: GrpcService started, listening on 9894
2022-04-28 13:46:38,180 [Listener at 0.0.0.0/46683] INFO  ha.SCMHAManagerImpl (SCMHAManagerImpl.java:start(121)) -  scm role is FOLLOWER peers [002018de-f8db-4c7b-a600-8966bee8ed8d|rpc:fv-az294-869:9894|admin:|client:|dataStream:|priority:0]
2022-04-28 13:46:38,180 [Listener at 0.0.0.0/46683] INFO  ha.InterSCMGrpcService (InterSCMGrpcProtocolService.java:start(94)) - Starting SCM Grpc Service at port 9895
2022-04-28 13:46:38,182 [Listener at 0.0.0.0/46683] WARN  impl.MetricsConfig (MetricsConfig.java:loadFirst(136)) - Cannot locate configuration: tried hadoop-metrics2-storagecontainermanager.properties,hadoop-metrics2.properties
2022-04-28 13:46:38,184 [org.apache.ratis.util.JvmPauseMonitor$$Lambda$468/1104361616@5cc91345] INFO  util.JvmPauseMonitor (JvmPauseMonitor.java:run(103)) - JvmPauseMonitor-002018de-f8db-4c7b-a600-8966bee8ed8d: Started
2022-04-28 13:46:38,184 [Listener at 0.0.0.0/46683] INFO  impl.MetricsSystemImpl (MetricsSystemImpl.java:startTimer(378)) - Scheduled Metric snapshot period at 10 second(s).
2022-04-28 13:46:38,185 [Listener at 0.0.0.0/46683] INFO  impl.MetricsSystemImpl (MetricsSystemImpl.java:start(191)) - StorageContainerManager metrics system started
2022-04-28 13:46:38,213 [Listener at 0.0.0.0/46683] INFO  impl.MetricsSinkAdapter (MetricsSinkAdapter.java:start(204)) - Sink prometheus started
2022-04-28 13:46:38,220 [Listener at 0.0.0.0/46683] INFO  impl.MetricsSystemImpl (MetricsSystemImpl.java:registerSink(305)) - Registered sink prometheus
2022-04-28 13:46:38,278 [Listener at 0.0.0.0/46683] INFO  server.SCMClientProtocolServer (SCMClientProtocolServer.java:start(169)) - RPC server for Client  is listening at /0.0.0.0:46683
2022-04-28 13:46:38,292 [IPC Server Responder] INFO  ipc.Server (Server.java:run(1507)) - IPC Server Responder: starting
2022-04-28 13:46:38,293 [IPC Server listener on 0] INFO  ipc.Server (Server.java:run(1344)) - IPC Server listener on 0: starting
2022-04-28 13:46:38,306 [Listener at 0.0.0.0/46683] INFO  server.StorageContainerManager (StorageContainerManager.java:start(1343)) - ScmBlockLocationProtocol RPC server is listening at /0.0.0.0:45703
2022-04-28 13:46:38,306 [Listener at 0.0.0.0/46683] INFO  server.SCMBlockProtocolServer (SCMBlockProtocolServer.java:start(151)) - RPC server for Block Protocol is listening at /0.0.0.0:45703
2022-04-28 13:46:38,306 [IPC Server Responder] INFO  ipc.Server (Server.java:run(1507)) - IPC Server Responder: starting
2022-04-28 13:46:38,307 [IPC Server listener on 0] INFO  ipc.Server (Server.java:run(1344)) - IPC Server listener on 0: starting
2022-04-28 13:46:38,319 [Listener at 0.0.0.0/46683] INFO  http.BaseHttpServer (BaseHttpServer.java:newHttpServer2BuilderForOzone(209)) - Starting Web-server for scm at: http://0.0.0.0:0
2022-04-28 13:46:38,320 [Listener at 0.0.0.0/46683] INFO  http.BaseHttpServer (BaseHttpServer.java:<init>(107)) - Hadoop Security Enabled: false Ozone Security Enabled: false Ozone HTTP Security Enabled: false 
2022-04-28 13:46:38,340 [org.apache.hadoop.util.JvmPauseMonitor$Monitor@5df52298] INFO  util.JvmPauseMonitor (JvmPauseMonitor.java:run(188)) - Starting JVM pause monitor
2022-04-28 13:46:38,345 [Listener at 0.0.0.0/46683] INFO  server.AuthenticationFilter (AuthenticationFilter.java:constructSecretProvider(240)) - Unable to initialize FileSignerSecretProvider, falling back to use random secrets.
2022-04-28 13:46:38,346 [Listener at 0.0.0.0/46683] WARN  http.HttpRequestLog (HttpRequestLog.java:getRequestLog(103)) - Jetty request log can only be enabled using Log4j
2022-04-28 13:46:38,347 [Listener at 0.0.0.0/46683] INFO  http.HttpServer2 (HttpServer2.java:addGlobalFilter(1030)) - Added global filter 'safety' (class=org.apache.hadoop.hdds.server.http.HttpServer2$QuotingInputFilter)
2022-04-28 13:46:38,348 [Listener at 0.0.0.0/46683] INFO  http.HttpServer2 (HttpServer2.java:addFilter(1006)) - Added filter static_user_filter (class=org.apache.hadoop.http.lib.StaticUserWebFilter$StaticUserFilter) to context scm
2022-04-28 13:46:38,348 [Listener at 0.0.0.0/46683] INFO  http.HttpServer2 (HttpServer2.java:addFilter(1014)) - Added filter static_user_filter (class=org.apache.hadoop.http.lib.StaticUserWebFilter$StaticUserFilter) to context logs
2022-04-28 13:46:38,348 [Listener at 0.0.0.0/46683] INFO  http.HttpServer2 (HttpServer2.java:addFilter(1014)) - Added filter static_user_filter (class=org.apache.hadoop.http.lib.StaticUserWebFilter$StaticUserFilter) to context static
2022-04-28 13:46:38,349 [Listener at 0.0.0.0/46683] INFO  http.HttpServer2 (HttpServer2.java:bindListener(1249)) - Jetty bound to port 34583
2022-04-28 13:46:38,349 [Listener at 0.0.0.0/46683] INFO  server.Server (Server.java:doStart(375)) - jetty-9.4.43.v20210629; built: 2021-06-30T11:07:22.254Z; git: 526006ecfa3af7f1a27ef3a288e2bef7ea9dd7e8; jvm 1.8.0_322-b06
2022-04-28 13:46:38,353 [Listener at 0.0.0.0/46683] INFO  server.session (DefaultSessionIdManager.java:doStart(334)) - DefaultSessionIdManager workerName=node0
2022-04-28 13:46:38,353 [Listener at 0.0.0.0/46683] INFO  server.session (DefaultSessionIdManager.java:doStart(339)) - No SessionScavenger set, using defaults
2022-04-28 13:46:38,353 [Listener at 0.0.0.0/46683] INFO  server.session (HouseKeeper.java:startScavenging(132)) - node0 Scavenging every 600000ms
2022-04-28 13:46:38,355 [Listener at 0.0.0.0/46683] INFO  handler.ContextHandler (ContextHandler.java:doStart(915)) - Started o.e.j.s.ServletContextHandler@73b5c935{logs,/logs,file:///home/runner/work/ozone/ozone/hadoop-ozone/integration-test/target/log,AVAILABLE}
2022-04-28 13:46:38,355 [Listener at 0.0.0.0/46683] INFO  handler.ContextHandler (ContextHandler.java:doStart(915)) - Started o.e.j.s.ServletContextHandler@72e54697{static,/static,file:///home/runner/work/ozone/ozone/hadoop-ozone/integration-test/target/test-classes/webapps/static,AVAILABLE}
2022-04-28 13:46:38,362 [Listener at 0.0.0.0/46683] INFO  handler.ContextHandler (ContextHandler.java:doStart(915)) - Started o.e.j.w.WebAppContext@4d91750{scm,/,file:///home/runner/work/ozone/ozone/hadoop-ozone/integration-test/target/test-classes/webapps/scm/,AVAILABLE}{file:/home/runner/work/ozone/ozone/hadoop-ozone/integration-test/target/test-classes/webapps/scm}
2022-04-28 13:46:38,370 [Listener at 0.0.0.0/46683] INFO  server.AbstractConnector (AbstractConnector.java:doStart(331)) - Started ServerConnector@55397305{HTTP/1.1, (http/1.1)}{0.0.0.0:34583}
2022-04-28 13:46:38,370 [Listener at 0.0.0.0/46683] INFO  server.Server (Server.java:doStart(415)) - Started @95380ms
2022-04-28 13:46:38,370 [Listener at 0.0.0.0/46683] WARN  impl.MetricsSystemImpl (MetricsSystemImpl.java:register(279)) - Sink prometheus already exists!
2022-04-28 13:46:38,371 [Listener at 0.0.0.0/46683] INFO  http.BaseHttpServer (BaseHttpServer.java:updateConnectorAddress(329)) - HTTP server of scm listening at http://0.0.0.0:34583
2022-04-28 13:46:38,371 [Listener at 0.0.0.0/46683] WARN  server.ServerUtils (ServerUtils.java:getDBPath(225)) - ozone.om.db.dirs is not configured. We recommend adding this setting. Falling back to ozone.metadata.dirs instead.
2022-04-28 13:46:38,379 [Listener at 0.0.0.0/46683] INFO  ha.OMHANodeDetails (OMHANodeDetails.java:loadOMHAConfig(112)) - ozone.om.internal.service.id is not defined, falling back to ozone.om.service.ids to find serviceID for OzoneManager if it is HA enabled cluster
2022-04-28 13:46:38,379 [Listener at 0.0.0.0/46683] INFO  ha.OMHANodeDetails (OMHANodeDetails.java:loadOMHAConfig(218)) - Configuration does not have ozone.om.address set. Falling back to the default OM address /127.0.0.1:0
2022-04-28 13:46:38,379 [Listener at 0.0.0.0/46683] INFO  ha.OMHANodeDetails (OMHANodeDetails.java:getOMNodeDetailsForNonHA(246)) - OM Service ID is not set. Setting it to the default ID: omServiceIdDefault
2022-04-28 13:46:38,379 [Listener at 0.0.0.0/46683] INFO  ha.OMHANodeDetails (OMHANodeDetails.java:getOMNodeDetailsForNonHA(253)) - OM Node ID is not set. Setting it to the default ID: om1
2022-04-28 13:46:38,379 [Listener at 0.0.0.0/46683] WARN  server.ServerUtils (ServerUtils.java:getDBPath(225)) - ozone.om.db.dirs is not configured. We recommend adding this setting. Falling back to ozone.metadata.dirs instead.
2022-04-28 13:46:38,380 [Listener at 0.0.0.0/46683] INFO  upgrade.AbstractLayoutVersionManager (AbstractLayoutVersionManager.java:init(79)) - Initializing Layout version manager with metadata layout = ERASURE_CODED_STORAGE_SUPPORT (version = 1), software layout = ERASURE_CODED_STORAGE_SUPPORT (version = 1)
2022-04-28 13:46:38,561 [Listener at 0.0.0.0/46683] INFO  reflections.Reflections (Reflections.java:scan(232)) - Reflections took 181 ms to scan 2 urls, producing 143 keys and 368 values [using 2 cores]
2022-04-28 13:46:38,562 [Listener at 0.0.0.0/46683] INFO  upgrade.OMLayoutVersionManager (OMLayoutVersionManager.java:lambda$0(115)) - Skipping Upgrade Action MockOmUpgradeAction since it has been finalized.
2022-04-28 13:46:38,562 [Listener at 0.0.0.0/46683] WARN  server.ServerUtils (ServerUtils.java:getDBPath(225)) - ozone.om.db.dirs is not configured. We recommend adding this setting. Falling back to ozone.metadata.dirs instead.
2022-04-28 13:46:40,639 [Listener at 0.0.0.0/46683] INFO  retry.RetryInvocationHandler (RetryInvocationHandler.java:log(411)) - com.google.protobuf.ServiceException: org.apache.hadoop.ipc.RemoteException(org.apache.hadoop.hdds.ratis.ServerNotLeaderException): Server:002018de-f8db-4c7b-a600-8966bee8ed8d is not the leader. Could not determine the leader node.
	at org.apache.hadoop.hdds.ratis.ServerNotLeaderException.convertToNotLeaderException(ServerNotLeaderException.java:109)
	at org.apache.hadoop.hdds.scm.ha.RatisUtil.checkRatisException(RatisUtil.java:246)
	at org.apache.hadoop.hdds.scm.protocol.ScmBlockLocationProtocolServerSideTranslatorPB.send(ScmBlockLocationProtocolServerSideTranslatorPB.java:109)
	at org.apache.hadoop.hdds.protocol.proto.ScmBlockLocationProtocolProtos$ScmBlockLocationProtocolService$2.callBlockingMethod(ScmBlockLocationProtocolProtos.java:14202)
	at org.apache.hadoop.ipc.ProtobufRpcEngine$Server.processCall(ProtobufRpcEngine.java:466)
	at org.apache.hadoop.ipc.ProtobufRpcEngine2$Server$ProtoBufRpcInvoker.call(ProtobufRpcEngine2.java:574)
	at org.apache.hadoop.ipc.ProtobufRpcEngine2$Server$ProtoBufRpcInvoker.call(ProtobufRpcEngine2.java:552)
	at org.apache.hadoop.ipc.RPC$Server.call(RPC.java:1093)
	at org.apache.hadoop.ipc.Server$RpcCall.run(Server.java:1035)
	at org.apache.hadoop.ipc.Server$RpcCall.run(Server.java:963)
	at java.security.AccessController.doPrivileged(Native Method)
	at javax.security.auth.Subject.doAs(Subject.java:422)
	at org.apache.hadoop.security.UserGroupInformation.doAs(UserGroupInformation.java:1878)
	at org.apache.hadoop.ipc.Server$Handler.run(Server.java:2966)
, while invoking $Proxy43.send over nodeId=scmNodeId,nodeAddress=/0.0.0.0:45703 after 1 failover attempts. Trying to failover after sleeping for 2000ms.
2022-04-28 13:46:42,642 [Listener at 0.0.0.0/46683] INFO  retry.RetryInvocationHandler (RetryInvocationHandler.java:log(411)) - com.google.protobuf.ServiceException: org.apache.hadoop.ipc.RemoteException(org.apache.hadoop.hdds.ratis.ServerNotLeaderException): Server:002018de-f8db-4c7b-a600-8966bee8ed8d is not the leader. Could not determine the leader node.
	at org.apache.hadoop.hdds.ratis.ServerNotLeaderException.convertToNotLeaderException(ServerNotLeaderException.java:109)
	at org.apache.hadoop.hdds.scm.ha.RatisUtil.checkRatisException(RatisUtil.java:246)
	at org.apache.hadoop.hdds.scm.protocol.ScmBlockLocationProtocolServerSideTranslatorPB.send(ScmBlockLocationProtocolServerSideTranslatorPB.java:109)
	at org.apache.hadoop.hdds.protocol.proto.ScmBlockLocationProtocolProtos$ScmBlockLocationProtocolService$2.callBlockingMethod(ScmBlockLocationProtocolProtos.java:14202)
	at org.apache.hadoop.ipc.ProtobufRpcEngine$Server.processCall(ProtobufRpcEngine.java:466)
	at org.apache.hadoop.ipc.ProtobufRpcEngine2$Server$ProtoBufRpcInvoker.call(ProtobufRpcEngine2.java:574)
	at org.apache.hadoop.ipc.ProtobufRpcEngine2$Server$ProtoBufRpcInvoker.call(ProtobufRpcEngine2.java:552)
	at org.apache.hadoop.ipc.RPC$Server.call(RPC.java:1093)
	at org.apache.hadoop.ipc.Server$RpcCall.run(Server.java:1035)
	at org.apache.hadoop.ipc.Server$RpcCall.run(Server.java:963)
	at java.security.AccessController.doPrivileged(Native Method)
	at javax.security.auth.Subject.doAs(Subject.java:422)
	at org.apache.hadoop.security.UserGroupInformation.doAs(UserGroupInformation.java:1878)
	at org.apache.hadoop.ipc.Server$Handler.run(Server.java:2966)
, while invoking $Proxy43.send over nodeId=scmNodeId,nodeAddress=/0.0.0.0:45703 after 2 failover attempts. Trying to failover after sleeping for 2000ms.
2022-04-28 13:46:43,367 [002018de-f8db-4c7b-a600-8966bee8ed8d@group-9A7292F569F3-FollowerState] INFO  impl.FollowerState (FollowerState.java:run(134)) - 002018de-f8db-4c7b-a600-8966bee8ed8d@group-9A7292F569F3-FollowerState: change to CANDIDATE, lastRpcElapsedTime:5190462085ns, electionTimeout:5188ms
2022-04-28 13:46:43,367 [002018de-f8db-4c7b-a600-8966bee8ed8d@group-9A7292F569F3-FollowerState] INFO  impl.RoleInfo (RoleInfo.java:shutdownFollowerState(108)) - 002018de-f8db-4c7b-a600-8966bee8ed8d: shutdown 002018de-f8db-4c7b-a600-8966bee8ed8d@group-9A7292F569F3-FollowerState
2022-04-28 13:46:43,367 [002018de-f8db-4c7b-a600-8966bee8ed8d@group-9A7292F569F3-FollowerState] INFO  server.RaftServer$Division (RaftServerImpl.java:setRole(290)) - 002018de-f8db-4c7b-a600-8966bee8ed8d@group-9A7292F569F3: changes role from  FOLLOWER to CANDIDATE at term 1 for changeToCandidate
2022-04-28 13:46:43,367 [002018de-f8db-4c7b-a600-8966bee8ed8d@group-9A7292F569F3-FollowerState] INFO  server.RaftServerConfigKeys (ConfUtils.java:logGet(44)) - raft.server.leaderelection.pre-vote = false (custom)
2022-04-28 13:46:43,367 [002018de-f8db-4c7b-a600-8966bee8ed8d@group-9A7292F569F3-FollowerState] INFO  impl.RoleInfo (RoleInfo.java:updateAndGet(130)) - 002018de-f8db-4c7b-a600-8966bee8ed8d: start 002018de-f8db-4c7b-a600-8966bee8ed8d@group-9A7292F569F3-LeaderElection38
2022-04-28 13:46:43,383 [002018de-f8db-4c7b-a600-8966bee8ed8d@group-9A7292F569F3-LeaderElection38] INFO  impl.LeaderElection (LeaderElection.java:askForVotes(306)) - 002018de-f8db-4c7b-a600-8966bee8ed8d@group-9A7292F569F3-LeaderElection38 ELECTION round 0: submit vote requests at term 2 for 0: [002018de-f8db-4c7b-a600-8966bee8ed8d|rpc:fv-az294-869:9894|admin:|client:|dataStream:|priority:0], old=null
2022-04-28 13:46:43,383 [002018de-f8db-4c7b-a600-8966bee8ed8d@group-9A7292F569F3-LeaderElection38] INFO  impl.LeaderElection (LeaderElection.java:askForVotes(308)) - 002018de-f8db-4c7b-a600-8966bee8ed8d@group-9A7292F569F3-LeaderElection38 ELECTION round 0: result PASSED (term=2)
2022-04-28 13:46:43,383 [002018de-f8db-4c7b-a600-8966bee8ed8d@group-9A7292F569F3-LeaderElection38] INFO  impl.RoleInfo (RoleInfo.java:shutdownLeaderElection(121)) - 002018de-f8db-4c7b-a600-8966bee8ed8d: shutdown 002018de-f8db-4c7b-a600-8966bee8ed8d@group-9A7292F569F3-LeaderElection38
2022-04-28 13:46:43,383 [002018de-f8db-4c7b-a600-8966bee8ed8d@group-9A7292F569F3-LeaderElection38] INFO  server.RaftServer$Division (RaftServerImpl.java:setRole(290)) - 002018de-f8db-4c7b-a600-8966bee8ed8d@group-9A7292F569F3: changes role from CANDIDATE to LEADER at term 2 for changeToLeader
2022-04-28 13:46:43,383 [002018de-f8db-4c7b-a600-8966bee8ed8d@group-9A7292F569F3-LeaderElection38] INFO  ha.SCMStateMachine (SCMStateMachine.java:notifyLeaderChanged(259)) - current SCM becomes leader of term 2.
2022-04-28 13:46:43,383 [002018de-f8db-4c7b-a600-8966bee8ed8d@group-9A7292F569F3-LeaderElection38] INFO  ha.SCMContext (SCMContext.java:updateLeaderAndTerm(90)) - update <isLeader,term> from <false,0> to <true,2>
2022-04-28 13:46:43,383 [002018de-f8db-4c7b-a600-8966bee8ed8d@group-9A7292F569F3-LeaderElection38] INFO  server.RaftServer$Division (ServerState.java:setLeader(285)) - 002018de-f8db-4c7b-a600-8966bee8ed8d@group-9A7292F569F3: change Leader from null to 002018de-f8db-4c7b-a600-8966bee8ed8d at term 2 for becomeLeader, leader elected after 5357ms
2022-04-28 13:46:43,383 [002018de-f8db-4c7b-a600-8966bee8ed8d@group-9A7292F569F3-LeaderElection38] INFO  server.RaftServerConfigKeys (ConfUtils.java:logGet(44)) - raft.server.staging.catchup.gap = 1000 (default)
2022-04-28 13:46:43,384 [002018de-f8db-4c7b-a600-8966bee8ed8d@group-9A7292F569F3-LeaderElection38] INFO  server.RaftServerConfigKeys (ConfUtils.java:logGet(44)) - raft.server.write.element-limit = 4096 (default)
2022-04-28 13:46:43,384 [002018de-f8db-4c7b-a600-8966bee8ed8d@group-9A7292F569F3-LeaderElection38] INFO  server.RaftServerConfigKeys (ConfUtils.java:logGet(44)) - raft.server.write.byte-limit = 64MB (=67108864) (default)
2022-04-28 13:46:43,384 [002018de-f8db-4c7b-a600-8966bee8ed8d@group-9A7292F569F3-LeaderElection38] INFO  server.RaftServerConfigKeys (ConfUtils.java:logGet(44)) - raft.server.watch.timeout = 10s (default)
2022-04-28 13:46:43,384 [002018de-f8db-4c7b-a600-8966bee8ed8d@group-9A7292F569F3-LeaderElection38] INFO  server.RaftServerConfigKeys (ConfUtils.java:logGet(44)) - raft.server.watch.timeout.denomination = 1s (default)
2022-04-28 13:46:43,384 [002018de-f8db-4c7b-a600-8966bee8ed8d@group-9A7292F569F3-LeaderElection38] INFO  server.RaftServerConfigKeys (ConfUtils.java:logGet(44)) - raft.server.watch.element-limit = 65536 (default)
2022-04-28 13:46:43,384 [002018de-f8db-4c7b-a600-8966bee8ed8d@group-9A7292F569F3-LeaderElection38] INFO  server.RaftServerConfigKeys (ConfUtils.java:logGet(44)) - raft.server.write.element-limit = 4096 (default)
2022-04-28 13:46:43,384 [002018de-f8db-4c7b-a600-8966bee8ed8d@group-9A7292F569F3-LeaderElection38] INFO  server.RaftServerConfigKeys (ConfUtils.java:logGet(44)) - raft.server.write.follower.gap.ratio.max = -1.0 (default)
2022-04-28 13:46:43,384 [002018de-f8db-4c7b-a600-8966bee8ed8d@group-9A7292F569F3-LeaderElection38] INFO  impl.RoleInfo (RoleInfo.java:updateAndGet(130)) - 002018de-f8db-4c7b-a600-8966bee8ed8d: start 002018de-f8db-4c7b-a600-8966bee8ed8d@group-9A7292F569F3-LeaderStateImpl
2022-04-28 13:46:43,386 [002018de-f8db-4c7b-a600-8966bee8ed8d@group-9A7292F569F3-LeaderElection38] INFO  segmented.SegmentedRaftLogWorker (SegmentedRaftLogWorker.java:rollLogSegment(399)) - 002018de-f8db-4c7b-a600-8966bee8ed8d@group-9A7292F569F3-SegmentedRaftLogWorker: Rolling segment log-0_0 to index:0
2022-04-28 13:46:43,387 [002018de-f8db-4c7b-a600-8966bee8ed8d@group-9A7292F569F3-SegmentedRaftLogWorker] INFO  segmented.SegmentedRaftLogWorker (SegmentedRaftLogWorker.java:execute(558)) - 002018de-f8db-4c7b-a600-8966bee8ed8d@group-9A7292F569F3-SegmentedRaftLogWorker: Rolled log segment from /home/runner/work/ozone/ozone/hadoop-ozone/integration-test/target/test-dir/MiniOzoneClusterImpl-b83af172-7a36-4ee1-b1b1-9a7292f569f3/ozone-meta/scm-ha/b83af172-7a36-4ee1-b1b1-9a7292f569f3/current/log_inprogress_0 to /home/runner/work/ozone/ozone/hadoop-ozone/integration-test/target/test-dir/MiniOzoneClusterImpl-b83af172-7a36-4ee1-b1b1-9a7292f569f3/ozone-meta/scm-ha/b83af172-7a36-4ee1-b1b1-9a7292f569f3/current/log_0-0
2022-04-28 13:46:43,402 [002018de-f8db-4c7b-a600-8966bee8ed8d@group-9A7292F569F3-LeaderElection38] INFO  server.RaftServer$Division (ServerState.java:setRaftConf(387)) - 002018de-f8db-4c7b-a600-8966bee8ed8d@group-9A7292F569F3: set configuration 1: [002018de-f8db-4c7b-a600-8966bee8ed8d|rpc:fv-az294-869:9894|admin:|client:|dataStream:|priority:0], old=null
2022-04-28 13:46:43,418 [002018de-f8db-4c7b-a600-8966bee8ed8d@group-9A7292F569F3-SegmentedRaftLogWorker] INFO  segmented.SegmentedRaftLogWorker (SegmentedRaftLogWorker.java:execute(601)) - 002018de-f8db-4c7b-a600-8966bee8ed8d@group-9A7292F569F3-SegmentedRaftLogWorker: created new log segment /home/runner/work/ozone/ozone/hadoop-ozone/integration-test/target/test-dir/MiniOzoneClusterImpl-b83af172-7a36-4ee1-b1b1-9a7292f569f3/ozone-meta/scm-ha/b83af172-7a36-4ee1-b1b1-9a7292f569f3/current/log_inprogress_1
2022-04-28 13:46:43,420 [002018de-f8db-4c7b-a600-8966bee8ed8d@group-9A7292F569F3-StateMachineUpdater] INFO  ha.SCMContext (SCMContext.java:setLeaderReady(117)) - update <isLeaderReady> from <false> to <true>
2022-04-28 13:46:43,421 [002018de-f8db-4c7b-a600-8966bee8ed8d@group-9A7292F569F3-StateMachineUpdater] INFO  pipeline.BackgroundPipelineCreator (BackgroundPipelineCreator.java:notifyStatusChanged(250)) - Service BackgroundPipelineCreator transitions to RUNNING.
2022-04-28 13:46:43,421 [002018de-f8db-4c7b-a600-8966bee8ed8d@group-9A7292F569F3-StateMachineUpdater] INFO  safemode.HealthyPipelineSafeModeRule (HealthyPipelineSafeModeRule.java:initializeRule(152)) - Refreshed total pipeline count is 0, healthy pipeline threshold count is 1
2022-04-28 13:46:43,421 [002018de-f8db-4c7b-a600-8966bee8ed8d@group-9A7292F569F3-StateMachineUpdater] INFO  safemode.ContainerSafeModeRule (ContainerSafeModeRule.java:reInitializeRule(177)) - Refreshed one replica container threshold 0, currentThreshold 0
2022-04-28 13:46:43,422 [002018de-f8db-4c7b-a600-8966bee8ed8d@group-9A7292F569F3-StateMachineUpdater] INFO  safemode.OneReplicaPipelineSafeModeRule (OneReplicaPipelineSafeModeRule.java:initializeRule(176)) - Refreshed Total pipeline count is 0, pipeline's with at least one datanode reported threshold count is 0
2022-04-28 13:46:43,422 [002018de-f8db-4c7b-a600-8966bee8ed8d@group-9A7292F569F3-StateMachineUpdater] INFO  server.SCMDatanodeProtocolServer (SCMDatanodeProtocolServer.java:start(183)) - ScmDatanodeProtocol RPC server for DataNodes is listening at /0.0.0.0:40355
2022-04-28 13:46:43,437 [IPC Server listener on 0] INFO  ipc.Server (Server.java:run(1344)) - IPC Server listener on 0: starting
2022-04-28 13:46:43,458 [IPC Server Responder] INFO  ipc.Server (Server.java:run(1507)) - IPC Server Responder: starting
2022-04-28 13:46:44,646 [Listener at 0.0.0.0/46683] WARN  server.ServerUtils (ServerUtils.java:getDBPath(225)) - ozone.om.db.dirs is not configured. We recommend adding this setting. Falling back to ozone.metadata.dirs instead.
2022-04-28 13:46:44,646 [Listener at 0.0.0.0/46683] INFO  codec.OmKeyInfoCodec (OmKeyInfoCodec.java:<init>(49)) - OmKeyInfoCodec ignorePipeline = true
2022-04-28 13:46:44,646 [Listener at 0.0.0.0/46683] INFO  codec.RepeatedOmKeyInfoCodec (RepeatedOmKeyInfoCodec.java:<init>(41)) - RepeatedOmKeyInfoCodec ignorePipeline = true
2022-04-28 13:46:44,853 [Listener at 0.0.0.0/46683] INFO  om.OzoneManager (OzoneManager.java:addS3GVolumeToDB(3825)) - Created Volume s3v With Owner runner required for S3Gateway operations.
2022-04-28 13:46:44,853 [Listener at 0.0.0.0/46683] WARN  server.ServerUtils (ServerUtils.java:getDefaultRatisDirectory(237)) - Storage directory for Ratis is not configured. It is a good idea to map this to an SSD disk. Falling back to ozone.metadata.dirs
2022-04-28 13:46:44,853 [Listener at 0.0.0.0/46683] WARN  utils.OzoneManagerRatisUtils (OzoneManagerRatisUtils.java:getOMRatisSnapshotDirectory(395)) - ozone.om.ratis.snapshot.dir is not configured. Falling back to ozone.metadata.dirs config
2022-04-28 13:46:44,864 [Listener at 0.0.0.0/46683] WARN  impl.MetricRegistriesImpl (MetricRegistriesImpl.java:addReporterRegistration(111)) - New reporters are added after registries were created. Some metrics will be missing from the reporter. Please add reporter before adding any new registry.
2022-04-28 13:46:44,864 [Listener at 0.0.0.0/46683] WARN  impl.MetricRegistriesImpl (MetricRegistriesImpl.java:addReporterRegistration(111)) - New reporters are added after registries were created. Some metrics will be missing from the reporter. Please add reporter before adding any new registry.
2022-04-28 13:46:44,865 [Listener at 0.0.0.0/46683] WARN  server.ServerUtils (ServerUtils.java:getDefaultRatisDirectory(237)) - Storage directory for Ratis is not configured. It is a good idea to map this to an SSD disk. Falling back to ozone.metadata.dirs
2022-04-28 13:46:44,870 [Listener at 0.0.0.0/46683] INFO  ratis.OzoneManagerRatisServer (OzoneManagerRatisServer.java:<init>(159)) - Instantiating OM Ratis server with groupID: omServiceIdDefault and peers: localhost:9872
2022-04-28 13:46:44,870 [Listener at 0.0.0.0/46683] INFO  ratis.OzoneManagerStateMachine (OzoneManagerStateMachine.java:loadSnapshotInfoFromDB(617)) - LastAppliedIndex is set from TransactionInfo from OM DB as (t:0, i:~)
2022-04-28 13:46:44,873 [Listener at 0.0.0.0/46683] INFO  server.RaftServer (ConfUtils.java:logGet(44)) - raft.rpc.type = GRPC (default)
2022-04-28 13:46:44,874 [Listener at 0.0.0.0/46683] INFO  grpc.GrpcFactory (GrpcFactory.java:checkPooledByteBufAllocatorUseCacheForAllThreads(48)) - PERFORMANCE WARNING: useCacheForAllThreads is true that may cause Netty to create a lot garbage objects and, as a result, trigger GC.
	It is recommended to disable useCacheForAllThreads by setting -Dorg.apache.ratis.thirdparty.io.netty.allocator.useCacheForAllThreads=false in command line.
2022-04-28 13:46:44,874 [Listener at 0.0.0.0/46683] INFO  grpc.GrpcConfigKeys (ConfUtils.java:logGet(44)) - raft.grpc.admin.port = -1 (default)
2022-04-28 13:46:44,874 [Listener at 0.0.0.0/46683] INFO  grpc.GrpcConfigKeys (ConfUtils.java:logGet(44)) - raft.grpc.server.port = 9872 (custom)
2022-04-28 13:46:44,874 [Listener at 0.0.0.0/46683] INFO  grpc.GrpcConfigKeys (ConfUtils.java:logGet(44)) - raft.grpc.client.port = -1 (default)
2022-04-28 13:46:44,874 [Listener at 0.0.0.0/46683] INFO  grpc.GrpcConfigKeys (ConfUtils.java:logGet(44)) - raft.grpc.server.port = 9872 (custom)
2022-04-28 13:46:44,874 [Listener at 0.0.0.0/46683] INFO  grpc.GrpcConfigKeys (ConfUtils.java:logGet(44)) - raft.grpc.server.port = 9872 (custom)
2022-04-28 13:46:44,874 [Listener at 0.0.0.0/46683] INFO  server.GrpcService (ConfUtils.java:logGet(44)) - raft.grpc.message.size.max = 33554432 (custom)
2022-04-28 13:46:44,874 [Listener at 0.0.0.0/46683] INFO  server.RaftServerConfigKeys (ConfUtils.java:logGet(44)) - raft.server.log.appender.buffer.byte-limit = 33554432 (custom)
2022-04-28 13:46:44,874 [Listener at 0.0.0.0/46683] INFO  server.GrpcService (ConfUtils.java:logGet(44)) - raft.grpc.flow.control.window = 1MB (=1048576) (default)
2022-04-28 13:46:44,874 [Listener at 0.0.0.0/46683] INFO  server.RaftServerConfigKeys (ConfUtils.java:logGet(44)) - raft.server.rpc.request.timeout = 3000ms (default)
2022-04-28 13:46:44,875 [Listener at 0.0.0.0/46683] INFO  impl.DataStreamServerImpl (ConfUtils.java:logGet(44)) - raft.datastream.type = DISABLED (default)
2022-04-28 13:46:44,876 [Listener at 0.0.0.0/46683] INFO  server.RaftServerConfigKeys (ConfUtils.java:logGet(44)) - raft.server.rpc.slowness.timeout = 120s (custom)
2022-04-28 13:46:44,876 [Listener at 0.0.0.0/46683] INFO  server.RaftServerConfigKeys (ConfUtils.java:logGet(44)) - raft.server.leaderelection.leader.step-down.wait-time = 10s (default)
2022-04-28 13:46:44,876 [Listener at 0.0.0.0/46683] INFO  server.RaftServerConfigKeys (ConfUtils.java:logGet(44)) - raft.server.storage.dir = [/home/runner/work/ozone/ozone/hadoop-ozone/integration-test/target/test-dir/MiniOzoneClusterImpl-b83af172-7a36-4ee1-b1b1-9a7292f569f3/ozone-meta/ratis] (custom)
2022-04-28 13:46:44,876 [Listener at 0.0.0.0/46683] INFO  server.RaftServer (RaftServerProxy.java:addNew(95)) - om1: addNew group-C5BA1605619E:[om1|rpc:localhost:9872|priority:0] returns group-C5BA1605619E:java.util.concurrent.CompletableFuture@1ea6739c[Not completed]
2022-04-28 13:46:44,876 [Listener at 0.0.0.0/46683] INFO  om.OzoneManager (OzoneManager.java:initializeRatisServer(1888)) - OzoneManager Ratis server initialized at port 9872
2022-04-28 13:46:44,880 [pool-276-thread-1] INFO  server.RaftServer$Division (RaftServerImpl.java:<init>(184)) - om1: new RaftServerImpl for group-C5BA1605619E:[om1|rpc:localhost:9872|priority:0] with OzoneManagerStateMachine:uninitialized
2022-04-28 13:46:44,897 [pool-276-thread-1] INFO  server.RaftServerConfigKeys (ConfUtils.java:logGet(44)) - raft.server.rpc.timeout.min = 1s (custom)
2022-04-28 13:46:44,897 [pool-276-thread-1] INFO  server.RaftServerConfigKeys (ConfUtils.java:logGet(44)) - raft.server.rpc.timeout.max = 1200ms (custom)
2022-04-28 13:46:44,897 [pool-276-thread-1] INFO  server.RaftServerConfigKeys (ConfUtils.java:logGet(44)) - raft.server.rpc.sleep.time = 25ms (default)
2022-04-28 13:46:44,897 [pool-276-thread-1] INFO  server.RaftServerConfigKeys (ConfUtils.java:logGet(44)) - raft.server.rpc.slowness.timeout = 120s (custom)
2022-04-28 13:46:44,897 [pool-276-thread-1] INFO  server.RaftServerConfigKeys (ConfUtils.java:logGet(44)) - raft.server.leaderelection.leader.step-down.wait-time = 10s (default)
2022-04-28 13:46:44,897 [pool-276-thread-1] INFO  server.RaftServerConfigKeys (ConfUtils.java:logGet(44)) - raft.server.sleep.deviation.threshold = 300ms (default)
2022-04-28 13:46:44,897 [pool-276-thread-1] INFO  server.RaftServerConfigKeys (ConfUtils.java:logGet(44)) - raft.server.log.appender.install.snapshot.enabled = false (custom)
2022-04-28 13:46:44,898 [pool-276-thread-1] INFO  server.RaftServer$Division (ServerState.java:<init>(105)) - om1@group-C5BA1605619E: ConfigurationManager, init=-1: [om1|rpc:localhost:9872|priority:0], old=null, confs=<EMPTY_MAP>
2022-04-28 13:46:44,898 [pool-276-thread-1] INFO  server.RaftServerConfigKeys (ConfUtils.java:logGet(44)) - raft.server.storage.dir = [/home/runner/work/ozone/ozone/hadoop-ozone/integration-test/target/test-dir/MiniOzoneClusterImpl-b83af172-7a36-4ee1-b1b1-9a7292f569f3/ozone-meta/ratis] (custom)
2022-04-28 13:46:44,898 [pool-276-thread-1] INFO  server.RaftServerConfigKeys (ConfUtils.java:logGet(44)) - raft.server.log.corruption.policy = EXCEPTION (default)
2022-04-28 13:46:44,898 [pool-276-thread-1] INFO  server.RaftServerConfigKeys (ConfUtils.java:logGet(44)) - raft.server.storage.free-space.min = 0MB (=0) (default)
2022-04-28 13:46:44,898 [pool-276-thread-1] INFO  storage.RaftStorageDirectory (RaftStorageDirectoryImpl.java:analyzeStorage(135)) - The storage directory /home/runner/work/ozone/ozone/hadoop-ozone/integration-test/target/test-dir/MiniOzoneClusterImpl-b83af172-7a36-4ee1-b1b1-9a7292f569f3/ozone-meta/ratis/bf265839-605b-3f16-9796-c5ba1605619e does not exist. Creating ...
2022-04-28 13:46:44,899 [pool-276-thread-1] INFO  storage.RaftStorageDirectory (RaftStorageDirectoryImpl.java:tryLock(230)) - Lock on /home/runner/work/ozone/ozone/hadoop-ozone/integration-test/target/test-dir/MiniOzoneClusterImpl-b83af172-7a36-4ee1-b1b1-9a7292f569f3/ozone-meta/ratis/bf265839-605b-3f16-9796-c5ba1605619e/in_use.lock acquired by nodename 9841@fv-az294-869
2022-04-28 13:46:44,906 [pool-276-thread-1] INFO  storage.RaftStorage (RaftStorageImpl.java:format(89)) - Storage directory /home/runner/work/ozone/ozone/hadoop-ozone/integration-test/target/test-dir/MiniOzoneClusterImpl-b83af172-7a36-4ee1-b1b1-9a7292f569f3/ozone-meta/ratis/bf265839-605b-3f16-9796-c5ba1605619e has been successfully formatted.
2022-04-28 13:46:44,906 [pool-276-thread-1] INFO  server.RaftServerConfigKeys (ConfUtils.java:logGet(44)) - raft.server.notification.no-leader.timeout = 120s (custom)
2022-04-28 13:46:44,906 [pool-276-thread-1] INFO  server.RaftServerConfigKeys (ConfUtils.java:logGet(44)) - raft.server.log.use.memory = false (default)
2022-04-28 13:46:44,906 [pool-276-thread-1] INFO  server.RaftServerConfigKeys (ConfUtils.java:logGet(44)) - raft.server.log.purge.gap = 1000000 (custom)
2022-04-28 13:46:44,906 [pool-276-thread-1] INFO  server.RaftServerConfigKeys (ConfUtils.java:logGet(44)) - raft.server.log.appender.buffer.byte-limit = 33554432 (custom)
2022-04-28 13:46:44,907 [pool-276-thread-1] INFO  server.RaftServerConfigKeys (ConfUtils.java:logGet(44)) - raft.server.log.segment.size.max = 4194304 (custom)
2022-04-28 13:46:44,908 [pool-276-thread-1] INFO  server.RaftServerConfigKeys (ConfUtils.java:logGet(44)) - raft.server.log.segment.cache.num.max = 2 (custom)
2022-04-28 13:46:44,908 [pool-276-thread-1] INFO  server.RaftServerConfigKeys (ConfUtils.java:logGet(44)) - raft.server.log.segment.cache.size.max = 200MB (=209715200) (default)
2022-04-28 13:46:44,908 [pool-276-thread-1] INFO  segmented.SegmentedRaftLogWorker (SegmentedRaftLogWorker.java:<init>(182)) - new om1@group-C5BA1605619E-SegmentedRaftLogWorker for RaftStorageImpl:Storage Directory /home/runner/work/ozone/ozone/hadoop-ozone/integration-test/target/test-dir/MiniOzoneClusterImpl-b83af172-7a36-4ee1-b1b1-9a7292f569f3/ozone-meta/ratis/bf265839-605b-3f16-9796-c5ba1605619e
2022-04-28 13:46:44,908 [pool-276-thread-1] INFO  server.RaftServerConfigKeys (ConfUtils.java:logGet(44)) - raft.server.log.queue.byte-limit = 64MB (=67108864) (default)
2022-04-28 13:46:44,908 [pool-276-thread-1] INFO  server.RaftServerConfigKeys (ConfUtils.java:logGet(44)) - raft.server.log.queue.element-limit = 4096 (default)
2022-04-28 13:46:44,908 [pool-276-thread-1] INFO  server.RaftServerConfigKeys (ConfUtils.java:logGet(44)) - raft.server.log.segment.size.max = 4194304 (custom)
2022-04-28 13:46:44,908 [pool-276-thread-1] INFO  server.RaftServerConfigKeys (ConfUtils.java:logGet(44)) - raft.server.log.preallocated.size = 4194304 (custom)
2022-04-28 13:46:44,908 [pool-276-thread-1] INFO  server.RaftServerConfigKeys (ConfUtils.java:logGet(44)) - raft.server.log.force.sync.num = 128 (default)
2022-04-28 13:46:44,908 [pool-276-thread-1] INFO  server.RaftServerConfigKeys (ConfUtils.java:logGet(44)) - raft.server.log.statemachine.data.sync = true (default)
2022-04-28 13:46:44,908 [pool-276-thread-1] INFO  server.RaftServerConfigKeys (ConfUtils.java:logGet(44)) - raft.server.log.statemachine.data.sync.timeout = 10s (default)
2022-04-28 13:46:44,908 [pool-276-thread-1] INFO  server.RaftServerConfigKeys (ConfUtils.java:logGet(44)) - raft.server.log.statemachine.data.sync.timeout.retry = -1 (default)
2022-04-28 13:46:44,909 [pool-276-thread-1] INFO  server.RaftServerConfigKeys (ConfUtils.java:logGet(44)) - raft.server.log.write.buffer.size = 64KB (=65536) (default)
2022-04-28 13:46:44,909 [pool-276-thread-1] INFO  server.RaftServerConfigKeys (ConfUtils.java:logGet(44)) - raft.server.log.statemachine.data.caching.enabled = false (default)
2022-04-28 13:46:44,909 [pool-276-thread-1] INFO  segmented.SegmentedRaftLogWorker (SegmentedRaftLogWorker.java:lambda$new$0(133)) - om1@group-C5BA1605619E-SegmentedRaftLogWorker: flushIndex: setUnconditionally 0 -> -1
2022-04-28 13:46:44,910 [pool-276-thread-1] INFO  segmented.SegmentedRaftLogWorker (SegmentedRaftLogWorker.java:lambda$new$0(133)) - om1@group-C5BA1605619E-SegmentedRaftLogWorker: safeCacheEvictIndex: setUnconditionally 0 -> -1
2022-04-28 13:46:44,926 [pool-276-thread-1] INFO  server.RaftServerConfigKeys (ConfUtils.java:logGet(44)) - raft.server.snapshot.auto.trigger.enabled = true (custom)
2022-04-28 13:46:44,926 [pool-276-thread-1] INFO  server.RaftServerConfigKeys (ConfUtils.java:logGet(44)) - raft.server.snapshot.auto.trigger.threshold = 400000 (default)
2022-04-28 13:46:44,926 [pool-276-thread-1] INFO  server.RaftServerConfigKeys (ConfUtils.java:logGet(44)) - raft.server.snapshot.retention.file.num = -1 (default)
2022-04-28 13:46:44,926 [pool-276-thread-1] INFO  server.RaftServerConfigKeys (ConfUtils.java:logGet(44)) - raft.server.log.purge.upto.snapshot.index = true (custom)
2022-04-28 13:46:44,926 [pool-276-thread-1] INFO  server.RaftServerConfigKeys (ConfUtils.java:logGet(44)) - raft.server.retrycache.expirytime = 300s (custom)
2022-04-28 13:46:44,926 [pool-276-thread-1] INFO  server.RaftServerConfigKeys (ConfUtils.java:logGet(44)) - raft.server.retrycache.statistics.expirytime = 100μs (default)
2022-04-28 13:46:45,750 [Listener at 0.0.0.0/46683] INFO  reflections.Reflections (Reflections.java:scan(232)) - Reflections took 869 ms to scan 19 urls, producing 61 keys and 3693 values [using 2 cores]
2022-04-28 13:46:45,766 [Listener at 0.0.0.0/46683] INFO  ipc.CallQueueManager (CallQueueManager.java:<init>(90)) - Using callQueue: class java.util.concurrent.LinkedBlockingQueue, queueCapacity: 2000, scheduler: class org.apache.hadoop.ipc.DefaultRpcScheduler, ipcBackoff: false.
2022-04-28 13:46:45,773 [Socket Reader #1 for port 0] INFO  ipc.Server (Server.java:run(1265)) - Starting Socket Reader #1 for port 0
2022-04-28 13:46:45,889 [Listener at 127.0.0.1/39257] INFO  impl.MetricsSystemImpl (MetricsSystemImpl.java:init(158)) - OzoneManager metrics system started (again)
2022-04-28 13:46:45,906 [Listener at 127.0.0.1/39257] INFO  om.OzoneManager (OzoneManager.java:start(1394)) - OzoneManager RPC server is listening at localhost/127.0.0.1:39257
2022-04-28 13:46:45,906 [Listener at 127.0.0.1/39257] INFO  ratis.OzoneManagerRatisServer (OzoneManagerRatisServer.java:start(554)) - Starting OzoneManagerRatisServer om1 at port 9872
2022-04-28 13:46:45,906 [Listener at 127.0.0.1/39257] INFO  server.RaftServer$Division (RaftServerImpl.java:start(301)) - om1@group-C5BA1605619E: start as a follower, conf=-1: [om1|rpc:localhost:9872|priority:0], old=null
2022-04-28 13:46:45,906 [Listener at 127.0.0.1/39257] INFO  server.RaftServer$Division (RaftServerImpl.java:setRole(290)) - om1@group-C5BA1605619E: changes role from      null to FOLLOWER at term 0 for startAsFollower
2022-04-28 13:46:45,906 [Listener at 127.0.0.1/39257] INFO  impl.RoleInfo (RoleInfo.java:updateAndGet(130)) - om1: start om1@group-C5BA1605619E-FollowerState
2022-04-28 13:46:45,910 [Listener at 127.0.0.1/39257] INFO  util.JmxRegister (JmxRegister.java:tryRegister(44)) - Successfully registered JMX Bean with object name Ratis:service=RaftServer,group=group-C5BA1605619E,id=om1
2022-04-28 13:46:45,914 [Listener at 127.0.0.1/39257] INFO  server.RaftServer (RaftServerProxy.java:lambda$start$5(374)) - om1: start RPC server
2022-04-28 13:46:45,914 [Listener at 127.0.0.1/39257] INFO  server.GrpcService (GrpcService.java:startImpl(253)) - om1: GrpcService started, listening on 9872
2022-04-28 13:46:45,918 [Listener at 127.0.0.1/39257] INFO  om.OzoneManager (OzoneManager.java:start(1410)) - Version File has different layout version (1) than OM DB (null). That is expected if this OM has never been finalized to a newer layout version.
2022-04-28 13:46:45,918 [org.apache.ratis.util.JvmPauseMonitor$$Lambda$468/1104361616@6d549f6b] INFO  util.JvmPauseMonitor (JvmPauseMonitor.java:run(103)) - JvmPauseMonitor-om1: Started
2022-04-28 13:46:45,920 [Listener at 127.0.0.1/39257] INFO  http.BaseHttpServer (BaseHttpServer.java:newHttpServer2BuilderForOzone(209)) - Starting Web-server for ozoneManager at: http://0.0.0.0:0
2022-04-28 13:46:45,921 [Listener at 127.0.0.1/39257] INFO  http.BaseHttpServer (BaseHttpServer.java:<init>(107)) - Hadoop Security Enabled: false Ozone Security Enabled: false Ozone HTTP Security Enabled: false 
2022-04-28 13:46:45,922 [Listener at 127.0.0.1/39257] INFO  server.AuthenticationFilter (AuthenticationFilter.java:constructSecretProvider(240)) - Unable to initialize FileSignerSecretProvider, falling back to use random secrets.
2022-04-28 13:46:45,922 [Listener at 127.0.0.1/39257] WARN  http.HttpRequestLog (HttpRequestLog.java:getRequestLog(103)) - Jetty request log can only be enabled using Log4j
2022-04-28 13:46:45,923 [Listener at 127.0.0.1/39257] INFO  http.HttpServer2 (HttpServer2.java:addGlobalFilter(1030)) - Added global filter 'safety' (class=org.apache.hadoop.hdds.server.http.HttpServer2$QuotingInputFilter)
2022-04-28 13:46:45,923 [Listener at 127.0.0.1/39257] INFO  http.HttpServer2 (HttpServer2.java:addFilter(1006)) - Added filter static_user_filter (class=org.apache.hadoop.http.lib.StaticUserWebFilter$StaticUserFilter) to context ozoneManager
2022-04-28 13:46:45,923 [Listener at 127.0.0.1/39257] INFO  http.HttpServer2 (HttpServer2.java:addFilter(1014)) - Added filter static_user_filter (class=org.apache.hadoop.http.lib.StaticUserWebFilter$StaticUserFilter) to context logs
2022-04-28 13:46:45,923 [Listener at 127.0.0.1/39257] INFO  http.HttpServer2 (HttpServer2.java:addFilter(1014)) - Added filter static_user_filter (class=org.apache.hadoop.http.lib.StaticUserWebFilter$StaticUserFilter) to context static
2022-04-28 13:46:45,924 [Listener at 127.0.0.1/39257] INFO  http.HttpServer2 (HttpServer2.java:bindListener(1249)) - Jetty bound to port 33551
2022-04-28 13:46:45,924 [Listener at 127.0.0.1/39257] INFO  server.Server (Server.java:doStart(375)) - jetty-9.4.43.v20210629; built: 2021-06-30T11:07:22.254Z; git: 526006ecfa3af7f1a27ef3a288e2bef7ea9dd7e8; jvm 1.8.0_322-b06
2022-04-28 13:46:45,925 [Listener at 127.0.0.1/39257] INFO  server.session (DefaultSessionIdManager.java:doStart(334)) - DefaultSessionIdManager workerName=node0
2022-04-28 13:46:45,926 [Listener at 127.0.0.1/39257] INFO  server.session (DefaultSessionIdManager.java:doStart(339)) - No SessionScavenger set, using defaults
2022-04-28 13:46:45,926 [Listener at 127.0.0.1/39257] INFO  server.session (HouseKeeper.java:startScavenging(132)) - node0 Scavenging every 660000ms
2022-04-28 13:46:45,926 [Listener at 127.0.0.1/39257] INFO  handler.ContextHandler (ContextHandler.java:doStart(915)) - Started o.e.j.s.ServletContextHandler@5a66dd0f{logs,/logs,file:///home/runner/work/ozone/ozone/hadoop-ozone/integration-test/target/log,AVAILABLE}
2022-04-28 13:46:45,927 [Listener at 127.0.0.1/39257] INFO  handler.ContextHandler (ContextHandler.java:doStart(915)) - Started o.e.j.s.ServletContextHandler@7a8c9165{static,/static,file:///home/runner/work/ozone/ozone/hadoop-ozone/integration-test/target/test-classes/webapps/static,AVAILABLE}
2022-04-28 13:46:45,930 [Listener at 127.0.0.1/39257] INFO  handler.ContextHandler (ContextHandler.java:doStart(915)) - Started o.e.j.w.WebAppContext@db64107{ozoneManager,/,file:///home/runner/work/ozone/ozone/hadoop-ozone/integration-test/target/test-classes/webapps/ozoneManager/,AVAILABLE}{file:/home/runner/work/ozone/ozone/hadoop-ozone/integration-test/target/test-classes/webapps/ozoneManager}
2022-04-28 13:46:45,946 [Listener at 127.0.0.1/39257] INFO  server.AbstractConnector (AbstractConnector.java:doStart(331)) - Started ServerConnector@207b211d{HTTP/1.1, (http/1.1)}{0.0.0.0:33551}
2022-04-28 13:46:45,946 [Listener at 127.0.0.1/39257] INFO  server.Server (Server.java:doStart(415)) - Started @102956ms
2022-04-28 13:46:45,946 [Listener at 127.0.0.1/39257] WARN  impl.MetricsSystemImpl (MetricsSystemImpl.java:register(279)) - Sink prometheus already exists!
2022-04-28 13:46:45,954 [Listener at 127.0.0.1/39257] INFO  http.BaseHttpServer (BaseHttpServer.java:updateConnectorAddress(329)) - HTTP server of ozoneManager listening at http://0.0.0.0:33551
2022-04-28 13:46:45,958 [IPC Server Responder] INFO  ipc.Server (Server.java:run(1507)) - IPC Server Responder: starting
2022-04-28 13:46:45,958 [IPC Server listener on 0] INFO  ipc.Server (Server.java:run(1344)) - IPC Server listener on 0: starting
2022-04-28 13:46:45,962 [Listener at 127.0.0.1/39257] INFO  om.OzoneManager (OzoneManager.java:startTrashEmptier(1833)) - Trash Interval set to 0. Files deleted will not move to trash
2022-04-28 13:46:45,974 [org.apache.hadoop.util.JvmPauseMonitor$Monitor@76036ac4] INFO  util.JvmPauseMonitor (JvmPauseMonitor.java:run(188)) - Starting JVM pause monitor
2022-04-28 13:46:46,004 [Listener at 127.0.0.1/39257] WARN  impl.MetricRegistriesImpl (MetricRegistriesImpl.java:addReporterRegistration(111)) - New reporters are added after registries were created. Some metrics will be missing from the reporter. Please add reporter before adding any new registry.
2022-04-28 13:46:46,004 [Listener at 127.0.0.1/39257] WARN  impl.MetricRegistriesImpl (MetricRegistriesImpl.java:addReporterRegistration(111)) - New reporters are added after registries were created. Some metrics will be missing from the reporter. Please add reporter before adding any new registry.
2022-04-28 13:46:46,004 [Listener at 127.0.0.1/39257] INFO  impl.MetricsSystemImpl (MetricsSystemImpl.java:init(158)) - HddsDatanode metrics system started (again)
2022-04-28 13:46:46,033 [Listener at 127.0.0.1/39257] INFO  ozone.HddsDatanodeService (HddsDatanodeService.java:start(233)) - HddsDatanodeService host:fv-az294-869.eaanfquahm5ulb5tj050gcxych.jx.internal.cloudapp.net ip:10.1.0.6
2022-04-28 13:46:46,073 [Listener at 127.0.0.1/39257] INFO  upgrade.AbstractLayoutVersionManager (AbstractLayoutVersionManager.java:init(79)) - Initializing Layout version manager with metadata layout = ERASURE_CODED_STORAGE_SUPPORT (version = 3), software layout = ERASURE_CODED_STORAGE_SUPPORT (version = 3)
2022-04-28 13:46:46,144 [Listener at 127.0.0.1/39257] INFO  reflections.Reflections (Reflections.java:scan(232)) - Reflections took 70 ms to scan 7 urls, producing 126 keys and 287 values 
2022-04-28 13:46:46,167 [Listener at 127.0.0.1/39257] INFO  statemachine.DatanodeStateMachine (DatanodeStateMachine.java:getEndPointTaskThreadPoolSize(224)) - Datanode State Machine Task Thread Pool size 2
2022-04-28 13:46:46,173 [Listener at 127.0.0.1/39257] INFO  volume.HddsVolume (HddsVolume.java:<init>(120)) - Creating HddsVolume: /home/runner/work/ozone/ozone/hadoop-ozone/integration-test/target/test-dir/MiniOzoneClusterImpl-b83af172-7a36-4ee1-b1b1-9a7292f569f3/datanode-0/data-0/containers/hdds of storage type : DISK capacity : 9223372036854775807
2022-04-28 13:46:46,174 [Listener at 127.0.0.1/39257] INFO  volume.MutableVolumeSet (MutableVolumeSet.java:initializeVolumeSet(168)) - Added Volume : /home/runner/work/ozone/ozone/hadoop-ozone/integration-test/target/test-dir/MiniOzoneClusterImpl-b83af172-7a36-4ee1-b1b1-9a7292f569f3/datanode-0/data-0/containers/hdds to VolumeSet
2022-04-28 13:46:46,174 [Listener at 127.0.0.1/39257] INFO  volume.ThrottledAsyncChecker (ThrottledAsyncChecker.java:schedule(141)) - Scheduling a check for /home/runner/work/ozone/ozone/hadoop-ozone/integration-test/target/test-dir/MiniOzoneClusterImpl-b83af172-7a36-4ee1-b1b1-9a7292f569f3/datanode-0/data-0/containers/hdds
2022-04-28 13:46:46,176 [Listener at 127.0.0.1/39257] INFO  volume.StorageVolumeChecker (StorageVolumeChecker.java:checkAllVolumes(202)) - Scheduled health check for volume /home/runner/work/ozone/ozone/hadoop-ozone/integration-test/target/test-dir/MiniOzoneClusterImpl-b83af172-7a36-4ee1-b1b1-9a7292f569f3/datanode-0/data-0/containers/hdds
2022-04-28 13:46:46,195 [Listener at 127.0.0.1/39257] INFO  volume.MutableVolumeSet (MutableVolumeSet.java:initializeVolumeSet(168)) - Added Volume : /home/runner/work/ozone/ozone/hadoop-ozone/integration-test/target/test-dir/MiniOzoneClusterImpl-b83af172-7a36-4ee1-b1b1-9a7292f569f3/datanode-0/data/ratis to VolumeSet
2022-04-28 13:46:46,195 [Listener at 127.0.0.1/39257] INFO  volume.ThrottledAsyncChecker (ThrottledAsyncChecker.java:schedule(141)) - Scheduling a check for /home/runner/work/ozone/ozone/hadoop-ozone/integration-test/target/test-dir/MiniOzoneClusterImpl-b83af172-7a36-4ee1-b1b1-9a7292f569f3/datanode-0/data/ratis
2022-04-28 13:46:46,195 [Listener at 127.0.0.1/39257] INFO  volume.StorageVolumeChecker (StorageVolumeChecker.java:checkAllVolumes(202)) - Scheduled health check for volume /home/runner/work/ozone/ozone/hadoop-ozone/integration-test/target/test-dir/MiniOzoneClusterImpl-b83af172-7a36-4ee1-b1b1-9a7292f569f3/datanode-0/data/ratis
2022-04-28 13:46:46,228 [Thread-675] INFO  ozoneimpl.ContainerReader (ContainerReader.java:readVolume(172)) - Finish verifying containers on volume /home/runner/work/ozone/ozone/hadoop-ozone/integration-test/target/test-dir/MiniOzoneClusterImpl-b83af172-7a36-4ee1-b1b1-9a7292f569f3/datanode-0/data-0/containers/hdds
2022-04-28 13:46:46,228 [Listener at 127.0.0.1/39257] INFO  ozoneimpl.OzoneContainer (OzoneContainer.java:buildContainerSet(257)) - Build ContainerSet costs 0s
2022-04-28 13:46:46,230 [Listener at 127.0.0.1/39257] INFO  server.RaftServer (ConfUtils.java:logGet(44)) - raft.rpc.type = GRPC (default)
2022-04-28 13:46:46,230 [Listener at 127.0.0.1/39257] INFO  grpc.GrpcFactory (GrpcFactory.java:checkPooledByteBufAllocatorUseCacheForAllThreads(48)) - PERFORMANCE WARNING: useCacheForAllThreads is true that may cause Netty to create a lot garbage objects and, as a result, trigger GC.
	It is recommended to disable useCacheForAllThreads by setting -Dorg.apache.ratis.thirdparty.io.netty.allocator.useCacheForAllThreads=false in command line.
2022-04-28 13:46:46,230 [Listener at 127.0.0.1/39257] INFO  grpc.GrpcConfigKeys (ConfUtils.java:logGet(44)) - raft.grpc.admin.port = 0 (custom)
2022-04-28 13:46:46,230 [Listener at 127.0.0.1/39257] INFO  grpc.GrpcConfigKeys (ConfUtils.java:logGet(44)) - raft.grpc.client.port = 0 (custom)
2022-04-28 13:46:46,230 [Listener at 127.0.0.1/39257] INFO  grpc.GrpcConfigKeys (ConfUtils.java:logGet(44)) - raft.grpc.server.port = 0 (default)
2022-04-28 13:46:46,230 [Listener at 127.0.0.1/39257] INFO  server.GrpcService (ConfUtils.java:logGet(44)) - raft.grpc.message.size.max = 32MB (=33554432) (custom)
2022-04-28 13:46:46,231 [Listener at 127.0.0.1/39257] INFO  server.RaftServerConfigKeys (ConfUtils.java:logGet(44)) - raft.server.log.appender.buffer.byte-limit = 33554432 (custom)
2022-04-28 13:46:46,231 [Listener at 127.0.0.1/39257] INFO  server.GrpcService (ConfUtils.java:logGet(44)) - raft.grpc.flow.control.window = 5MB (=5242880) (custom)
2022-04-28 13:46:46,231 [Listener at 127.0.0.1/39257] INFO  server.RaftServerConfigKeys (ConfUtils.java:logGet(44)) - raft.server.rpc.request.timeout = 3000ms (default)
2022-04-28 13:46:46,232 [Listener at 127.0.0.1/39257] INFO  impl.DataStreamServerImpl (ConfUtils.java:logGet(44)) - raft.datastream.type = DISABLED (default)
2022-04-28 13:46:46,232 [Listener at 127.0.0.1/39257] INFO  server.RaftServerConfigKeys (ConfUtils.java:logGet(44)) - raft.server.rpc.slowness.timeout = 300000ms (custom)
2022-04-28 13:46:46,232 [Listener at 127.0.0.1/39257] INFO  server.RaftServerConfigKeys (ConfUtils.java:logGet(44)) - raft.server.leaderelection.leader.step-down.wait-time = 10s (default)
2022-04-28 13:46:46,232 [Listener at 127.0.0.1/39257] INFO  server.RaftServerConfigKeys (ConfUtils.java:logGet(44)) - raft.server.storage.dir = [/home/runner/work/ozone/ozone/hadoop-ozone/integration-test/target/test-dir/MiniOzoneClusterImpl-b83af172-7a36-4ee1-b1b1-9a7292f569f3/datanode-0/data/ratis] (custom)
2022-04-28 13:46:46,255 [Listener at 127.0.0.1/39257] INFO  server.XceiverServerGrpc (XceiverServerGrpc.java:<init>(132)) - GrpcServer channel type EpollServerSocketChannel
2022-04-28 13:46:46,262 [Listener at 127.0.0.1/39257] INFO  http.BaseHttpServer (BaseHttpServer.java:newHttpServer2BuilderForOzone(209)) - Starting Web-server for hddsDatanode at: http://0.0.0.0:0
2022-04-28 13:46:46,262 [Listener at 127.0.0.1/39257] INFO  http.BaseHttpServer (BaseHttpServer.java:<init>(107)) - Hadoop Security Enabled: false Ozone Security Enabled: false Ozone HTTP Security Enabled: false 
2022-04-28 13:46:46,263 [Listener at 127.0.0.1/39257] INFO  server.AuthenticationFilter (AuthenticationFilter.java:constructSecretProvider(240)) - Unable to initialize FileSignerSecretProvider, falling back to use random secrets.
2022-04-28 13:46:46,266 [Listener at 127.0.0.1/39257] WARN  http.HttpRequestLog (HttpRequestLog.java:getRequestLog(103)) - Jetty request log can only be enabled using Log4j
2022-04-28 13:46:46,267 [Listener at 127.0.0.1/39257] INFO  http.HttpServer2 (HttpServer2.java:addGlobalFilter(1030)) - Added global filter 'safety' (class=org.apache.hadoop.hdds.server.http.HttpServer2$QuotingInputFilter)
2022-04-28 13:46:46,267 [Listener at 127.0.0.1/39257] INFO  http.HttpServer2 (HttpServer2.java:addFilter(1006)) - Added filter static_user_filter (class=org.apache.hadoop.http.lib.StaticUserWebFilter$StaticUserFilter) to context hddsDatanode
2022-04-28 13:46:46,268 [Listener at 127.0.0.1/39257] INFO  http.HttpServer2 (HttpServer2.java:addFilter(1014)) - Added filter static_user_filter (class=org.apache.hadoop.http.lib.StaticUserWebFilter$StaticUserFilter) to context static
2022-04-28 13:46:46,268 [Listener at 127.0.0.1/39257] INFO  http.HttpServer2 (HttpServer2.java:addFilter(1014)) - Added filter static_user_filter (class=org.apache.hadoop.http.lib.StaticUserWebFilter$StaticUserFilter) to context logs
2022-04-28 13:46:46,268 [Listener at 127.0.0.1/39257] INFO  http.HttpServer2 (HttpServer2.java:bindListener(1249)) - Jetty bound to port 36833
2022-04-28 13:46:46,268 [Listener at 127.0.0.1/39257] INFO  server.Server (Server.java:doStart(375)) - jetty-9.4.43.v20210629; built: 2021-06-30T11:07:22.254Z; git: 526006ecfa3af7f1a27ef3a288e2bef7ea9dd7e8; jvm 1.8.0_322-b06
2022-04-28 13:46:46,270 [Listener at 127.0.0.1/39257] INFO  server.session (DefaultSessionIdManager.java:doStart(334)) - DefaultSessionIdManager workerName=node0
2022-04-28 13:46:46,270 [Listener at 127.0.0.1/39257] INFO  server.session (DefaultSessionIdManager.java:doStart(339)) - No SessionScavenger set, using defaults
2022-04-28 13:46:46,270 [Listener at 127.0.0.1/39257] INFO  server.session (HouseKeeper.java:startScavenging(132)) - node0 Scavenging every 660000ms
2022-04-28 13:46:46,271 [Listener at 127.0.0.1/39257] INFO  handler.ContextHandler (ContextHandler.java:doStart(915)) - Started o.e.j.s.ServletContextHandler@8233df{logs,/logs,file:///home/runner/work/ozone/ozone/hadoop-ozone/integration-test/target/log,AVAILABLE}
2022-04-28 13:46:46,271 [Listener at 127.0.0.1/39257] INFO  handler.ContextHandler (ContextHandler.java:doStart(915)) - Started o.e.j.s.ServletContextHandler@46ada9c1{static,/static,jar:file:/home/runner/.m2/repository/org/apache/ozone/hdds-container-service/1.3.0-SNAPSHOT/hdds-container-service-1.3.0-SNAPSHOT.jar!/webapps/static,AVAILABLE}
2022-04-28 13:46:46,523 [Listener at 127.0.0.1/39257] INFO  handler.ContextHandler (ContextHandler.java:doStart(915)) - Started o.e.j.w.WebAppContext@75550cf2{hddsDatanode,/,file:///tmp/jetty-0_0_0_0-36833-hdds-container-service-1_3_0-SNAPSHOT_jar-_-any-7406579511110752958/webapp/,AVAILABLE}{jar:file:/home/runner/.m2/repository/org/apache/ozone/hdds-container-service/1.3.0-SNAPSHOT/hdds-container-service-1.3.0-SNAPSHOT.jar!/webapps/hddsDatanode}
2022-04-28 13:46:46,537 [Listener at 127.0.0.1/39257] INFO  server.AbstractConnector (AbstractConnector.java:doStart(331)) - Started ServerConnector@2dd1dd8d{HTTP/1.1, (http/1.1)}{0.0.0.0:36833}
2022-04-28 13:46:46,538 [Listener at 127.0.0.1/39257] INFO  server.Server (Server.java:doStart(415)) - Started @103547ms
2022-04-28 13:46:46,538 [Listener at 127.0.0.1/39257] WARN  impl.MetricsSystemImpl (MetricsSystemImpl.java:register(279)) - Sink prometheus already exists!
2022-04-28 13:46:46,538 [Listener at 127.0.0.1/39257] INFO  http.BaseHttpServer (BaseHttpServer.java:updateConnectorAddress(329)) - HTTP server of hddsDatanode listening at http://0.0.0.0:36833
2022-04-28 13:46:46,550 [Listener at 127.0.0.1/39257] WARN  impl.MetricRegistriesImpl (MetricRegistriesImpl.java:addReporterRegistration(111)) - New reporters are added after registries were created. Some metrics will be missing from the reporter. Please add reporter before adding any new registry.
2022-04-28 13:46:46,550 [Listener at 127.0.0.1/39257] WARN  impl.MetricRegistriesImpl (MetricRegistriesImpl.java:addReporterRegistration(111)) - New reporters are added after registries were created. Some metrics will be missing from the reporter. Please add reporter before adding any new registry.
2022-04-28 13:46:46,550 [Listener at 127.0.0.1/39257] INFO  impl.MetricsSystemImpl (MetricsSystemImpl.java:init(158)) - HddsDatanode metrics system started (again)
2022-04-28 13:46:46,561 [Listener at 127.0.0.1/39257] INFO  ozone.HddsDatanodeService (HddsDatanodeService.java:start(233)) - HddsDatanodeService host:fv-az294-869.eaanfquahm5ulb5tj050gcxych.jx.internal.cloudapp.net ip:10.1.0.6
2022-04-28 13:46:46,562 [Datanode State Machine Daemon Thread] INFO  statemachine.DatanodeStateMachine (DatanodeStateMachine.java:lambda$startDaemon$0(472)) - Ozone container server started.
2022-04-28 13:46:46,622 [Listener at 127.0.0.1/39257] INFO  upgrade.AbstractLayoutVersionManager (AbstractLayoutVersionManager.java:init(79)) - Initializing Layout version manager with metadata layout = ERASURE_CODED_STORAGE_SUPPORT (version = 3), software layout = ERASURE_CODED_STORAGE_SUPPORT (version = 3)
2022-04-28 13:46:46,680 [org.apache.hadoop.util.JvmPauseMonitor$Monitor@a1ea9c4] INFO  util.JvmPauseMonitor (JvmPauseMonitor.java:run(188)) - Starting JVM pause monitor
2022-04-28 13:46:46,690 [Datanode State Machine Task Thread - 0] INFO  datanode.InitDatanodeState (InitDatanodeState.java:persistContainerDatanodeDetails(138)) - DatanodeDetails is persisted to /home/runner/work/ozone/ozone/hadoop-ozone/integration-test/target/test-dir/MiniOzoneClusterImpl-b83af172-7a36-4ee1-b1b1-9a7292f569f3/datanode-0/meta/datanode.id
2022-04-28 13:46:46,691 [Listener at 127.0.0.1/39257] INFO  reflections.Reflections (Reflections.java:scan(232)) - Reflections took 68 ms to scan 7 urls, producing 126 keys and 287 values 
2022-04-28 13:46:46,692 [Listener at 127.0.0.1/39257] INFO  statemachine.DatanodeStateMachine (DatanodeStateMachine.java:getEndPointTaskThreadPoolSize(224)) - Datanode State Machine Task Thread Pool size 2
2022-04-28 13:46:46,693 [Listener at 127.0.0.1/39257] INFO  volume.HddsVolume (HddsVolume.java:<init>(120)) - Creating HddsVolume: /home/runner/work/ozone/ozone/hadoop-ozone/integration-test/target/test-dir/MiniOzoneClusterImpl-b83af172-7a36-4ee1-b1b1-9a7292f569f3/datanode-1/data-0/containers/hdds of storage type : DISK capacity : 9223372036854775807
2022-04-28 13:46:46,693 [Listener at 127.0.0.1/39257] INFO  volume.MutableVolumeSet (MutableVolumeSet.java:initializeVolumeSet(168)) - Added Volume : /home/runner/work/ozone/ozone/hadoop-ozone/integration-test/target/test-dir/MiniOzoneClusterImpl-b83af172-7a36-4ee1-b1b1-9a7292f569f3/datanode-1/data-0/containers/hdds to VolumeSet
2022-04-28 13:46:46,694 [Listener at 127.0.0.1/39257] INFO  volume.ThrottledAsyncChecker (ThrottledAsyncChecker.java:schedule(141)) - Scheduling a check for /home/runner/work/ozone/ozone/hadoop-ozone/integration-test/target/test-dir/MiniOzoneClusterImpl-b83af172-7a36-4ee1-b1b1-9a7292f569f3/datanode-1/data-0/containers/hdds
2022-04-28 13:46:46,694 [Listener at 127.0.0.1/39257] INFO  volume.StorageVolumeChecker (StorageVolumeChecker.java:checkAllVolumes(202)) - Scheduled health check for volume /home/runner/work/ozone/ozone/hadoop-ozone/integration-test/target/test-dir/MiniOzoneClusterImpl-b83af172-7a36-4ee1-b1b1-9a7292f569f3/datanode-1/data-0/containers/hdds
2022-04-28 13:46:46,710 [Listener at 127.0.0.1/39257] INFO  volume.MutableVolumeSet (MutableVolumeSet.java:initializeVolumeSet(168)) - Added Volume : /home/runner/work/ozone/ozone/hadoop-ozone/integration-test/target/test-dir/MiniOzoneClusterImpl-b83af172-7a36-4ee1-b1b1-9a7292f569f3/datanode-1/data/ratis to VolumeSet
2022-04-28 13:46:46,710 [Listener at 127.0.0.1/39257] INFO  volume.ThrottledAsyncChecker (ThrottledAsyncChecker.java:schedule(141)) - Scheduling a check for /home/runner/work/ozone/ozone/hadoop-ozone/integration-test/target/test-dir/MiniOzoneClusterImpl-b83af172-7a36-4ee1-b1b1-9a7292f569f3/datanode-1/data/ratis
2022-04-28 13:46:46,710 [Listener at 127.0.0.1/39257] INFO  volume.StorageVolumeChecker (StorageVolumeChecker.java:checkAllVolumes(202)) - Scheduled health check for volume /home/runner/work/ozone/ozone/hadoop-ozone/integration-test/target/test-dir/MiniOzoneClusterImpl-b83af172-7a36-4ee1-b1b1-9a7292f569f3/datanode-1/data/ratis
2022-04-28 13:46:46,733 [Thread-687] INFO  ozoneimpl.ContainerReader (ContainerReader.java:readVolume(172)) - Finish verifying containers on volume /home/runner/work/ozone/ozone/hadoop-ozone/integration-test/target/test-dir/MiniOzoneClusterImpl-b83af172-7a36-4ee1-b1b1-9a7292f569f3/datanode-1/data-0/containers/hdds
2022-04-28 13:46:46,733 [Listener at 127.0.0.1/39257] INFO  ozoneimpl.OzoneContainer (OzoneContainer.java:buildContainerSet(257)) - Build ContainerSet costs 0s
2022-04-28 13:46:46,735 [Listener at 127.0.0.1/39257] INFO  server.RaftServer (ConfUtils.java:logGet(44)) - raft.rpc.type = GRPC (default)
2022-04-28 13:46:46,736 [Listener at 127.0.0.1/39257] INFO  grpc.GrpcFactory (GrpcFactory.java:checkPooledByteBufAllocatorUseCacheForAllThreads(48)) - PERFORMANCE WARNING: useCacheForAllThreads is true that may cause Netty to create a lot garbage objects and, as a result, trigger GC.
	It is recommended to disable useCacheForAllThreads by setting -Dorg.apache.ratis.thirdparty.io.netty.allocator.useCacheForAllThreads=false in command line.
2022-04-28 13:46:46,736 [Listener at 127.0.0.1/39257] INFO  grpc.GrpcConfigKeys (ConfUtils.java:logGet(44)) - raft.grpc.admin.port = 0 (custom)
2022-04-28 13:46:46,736 [Listener at 127.0.0.1/39257] INFO  grpc.GrpcConfigKeys (ConfUtils.java:logGet(44)) - raft.grpc.client.port = 0 (custom)
2022-04-28 13:46:46,736 [Listener at 127.0.0.1/39257] INFO  grpc.GrpcConfigKeys (ConfUtils.java:logGet(44)) - raft.grpc.server.port = 0 (default)
2022-04-28 13:46:46,736 [Listener at 127.0.0.1/39257] INFO  server.GrpcService (ConfUtils.java:logGet(44)) - raft.grpc.message.size.max = 32MB (=33554432) (custom)
2022-04-28 13:46:46,736 [Listener at 127.0.0.1/39257] INFO  server.RaftServerConfigKeys (ConfUtils.java:logGet(44)) - raft.server.log.appender.buffer.byte-limit = 33554432 (custom)
2022-04-28 13:46:46,736 [Listener at 127.0.0.1/39257] INFO  server.GrpcService (ConfUtils.java:logGet(44)) - raft.grpc.flow.control.window = 5MB (=5242880) (custom)
2022-04-28 13:46:46,736 [Listener at 127.0.0.1/39257] INFO  server.RaftServerConfigKeys (ConfUtils.java:logGet(44)) - raft.server.rpc.request.timeout = 3000ms (default)
2022-04-28 13:46:46,737 [Listener at 127.0.0.1/39257] INFO  impl.DataStreamServerImpl (ConfUtils.java:logGet(44)) - raft.datastream.type = DISABLED (default)
2022-04-28 13:46:46,739 [Listener at 127.0.0.1/39257] INFO  server.RaftServerConfigKeys (ConfUtils.java:logGet(44)) - raft.server.rpc.slowness.timeout = 300000ms (custom)
2022-04-28 13:46:46,739 [Listener at 127.0.0.1/39257] INFO  server.RaftServerConfigKeys (ConfUtils.java:logGet(44)) - raft.server.leaderelection.leader.step-down.wait-time = 10s (default)
2022-04-28 13:46:46,739 [Listener at 127.0.0.1/39257] INFO  server.RaftServerConfigKeys (ConfUtils.java:logGet(44)) - raft.server.storage.dir = [/home/runner/work/ozone/ozone/hadoop-ozone/integration-test/target/test-dir/MiniOzoneClusterImpl-b83af172-7a36-4ee1-b1b1-9a7292f569f3/datanode-1/data/ratis] (custom)
2022-04-28 13:46:46,741 [Listener at 127.0.0.1/39257] INFO  server.XceiverServerGrpc (XceiverServerGrpc.java:<init>(132)) - GrpcServer channel type EpollServerSocketChannel
2022-04-28 13:46:46,759 [Listener at 127.0.0.1/39257] INFO  http.BaseHttpServer (BaseHttpServer.java:newHttpServer2BuilderForOzone(209)) - Starting Web-server for hddsDatanode at: http://0.0.0.0:0
2022-04-28 13:46:46,759 [Listener at 127.0.0.1/39257] INFO  http.BaseHttpServer (BaseHttpServer.java:<init>(107)) - Hadoop Security Enabled: false Ozone Security Enabled: false Ozone HTTP Security Enabled: false 
2022-04-28 13:46:46,760 [Listener at 127.0.0.1/39257] INFO  server.AuthenticationFilter (AuthenticationFilter.java:constructSecretProvider(240)) - Unable to initialize FileSignerSecretProvider, falling back to use random secrets.
2022-04-28 13:46:46,764 [Listener at 127.0.0.1/39257] WARN  http.HttpRequestLog (HttpRequestLog.java:getRequestLog(103)) - Jetty request log can only be enabled using Log4j
2022-04-28 13:46:46,765 [Listener at 127.0.0.1/39257] INFO  http.HttpServer2 (HttpServer2.java:addGlobalFilter(1030)) - Added global filter 'safety' (class=org.apache.hadoop.hdds.server.http.HttpServer2$QuotingInputFilter)
2022-04-28 13:46:46,765 [Listener at 127.0.0.1/39257] INFO  http.HttpServer2 (HttpServer2.java:addFilter(1006)) - Added filter static_user_filter (class=org.apache.hadoop.http.lib.StaticUserWebFilter$StaticUserFilter) to context hddsDatanode
2022-04-28 13:46:46,766 [Listener at 127.0.0.1/39257] INFO  http.HttpServer2 (HttpServer2.java:addFilter(1014)) - Added filter static_user_filter (class=org.apache.hadoop.http.lib.StaticUserWebFilter$StaticUserFilter) to context static
2022-04-28 13:46:46,766 [Listener at 127.0.0.1/39257] INFO  http.HttpServer2 (HttpServer2.java:addFilter(1014)) - Added filter static_user_filter (class=org.apache.hadoop.http.lib.StaticUserWebFilter$StaticUserFilter) to context logs
2022-04-28 13:46:46,767 [Listener at 127.0.0.1/39257] INFO  http.HttpServer2 (HttpServer2.java:bindListener(1249)) - Jetty bound to port 45555
2022-04-28 13:46:46,767 [Listener at 127.0.0.1/39257] INFO  server.Server (Server.java:doStart(375)) - jetty-9.4.43.v20210629; built: 2021-06-30T11:07:22.254Z; git: 526006ecfa3af7f1a27ef3a288e2bef7ea9dd7e8; jvm 1.8.0_322-b06
2022-04-28 13:46:46,769 [Listener at 127.0.0.1/39257] INFO  server.session (DefaultSessionIdManager.java:doStart(334)) - DefaultSessionIdManager workerName=node0
2022-04-28 13:46:46,769 [Listener at 127.0.0.1/39257] INFO  server.session (DefaultSessionIdManager.java:doStart(339)) - No SessionScavenger set, using defaults
2022-04-28 13:46:46,769 [Listener at 127.0.0.1/39257] INFO  server.session (HouseKeeper.java:startScavenging(132)) - node0 Scavenging every 600000ms
2022-04-28 13:46:46,776 [Listener at 127.0.0.1/39257] INFO  handler.ContextHandler (ContextHandler.java:doStart(915)) - Started o.e.j.s.ServletContextHandler@305aa087{logs,/logs,file:///home/runner/work/ozone/ozone/hadoop-ozone/integration-test/target/log,AVAILABLE}
2022-04-28 13:46:46,776 [Listener at 127.0.0.1/39257] INFO  handler.ContextHandler (ContextHandler.java:doStart(915)) - Started o.e.j.s.ServletContextHandler@54196135{static,/static,jar:file:/home/runner/.m2/repository/org/apache/ozone/hdds-container-service/1.3.0-SNAPSHOT/hdds-container-service-1.3.0-SNAPSHOT.jar!/webapps/static,AVAILABLE}
2022-04-28 13:46:46,982 [om1@group-C5BA1605619E-FollowerState] INFO  impl.FollowerState (FollowerState.java:run(134)) - om1@group-C5BA1605619E-FollowerState: change to CANDIDATE, lastRpcElapsedTime:1075280587ns, electionTimeout:1072ms
2022-04-28 13:46:46,982 [om1@group-C5BA1605619E-FollowerState] INFO  impl.RoleInfo (RoleInfo.java:shutdownFollowerState(108)) - om1: shutdown om1@group-C5BA1605619E-FollowerState
2022-04-28 13:46:46,982 [om1@group-C5BA1605619E-FollowerState] INFO  server.RaftServer$Division (RaftServerImpl.java:setRole(290)) - om1@group-C5BA1605619E: changes role from  FOLLOWER to CANDIDATE at term 0 for changeToCandidate
2022-04-28 13:46:46,982 [om1@group-C5BA1605619E-FollowerState] INFO  server.RaftServerConfigKeys (ConfUtils.java:logGet(44)) - raft.server.leaderelection.pre-vote = false (custom)
2022-04-28 13:46:46,982 [om1@group-C5BA1605619E-FollowerState] INFO  impl.RoleInfo (RoleInfo.java:updateAndGet(130)) - om1: start om1@group-C5BA1605619E-LeaderElection39
2022-04-28 13:46:47,022 [om1@group-C5BA1605619E-LeaderElection39] INFO  impl.LeaderElection (LeaderElection.java:askForVotes(306)) - om1@group-C5BA1605619E-LeaderElection39 ELECTION round 0: submit vote requests at term 1 for -1: [om1|rpc:localhost:9872|priority:0], old=null
2022-04-28 13:46:47,022 [om1@group-C5BA1605619E-LeaderElection39] INFO  impl.LeaderElection (LeaderElection.java:askForVotes(308)) - om1@group-C5BA1605619E-LeaderElection39 ELECTION round 0: result PASSED (term=1)
2022-04-28 13:46:47,022 [om1@group-C5BA1605619E-LeaderElection39] INFO  impl.RoleInfo (RoleInfo.java:shutdownLeaderElection(121)) - om1: shutdown om1@group-C5BA1605619E-LeaderElection39
2022-04-28 13:46:47,022 [om1@group-C5BA1605619E-LeaderElection39] INFO  server.RaftServer$Division (RaftServerImpl.java:setRole(290)) - om1@group-C5BA1605619E: changes role from CANDIDATE to LEADER at term 1 for changeToLeader
2022-04-28 13:46:47,022 [om1@group-C5BA1605619E-LeaderElection39] INFO  server.RaftServer$Division (ServerState.java:setLeader(285)) - om1@group-C5BA1605619E: change Leader from null to om1 at term 1 for becomeLeader, leader elected after 2115ms
2022-04-28 13:46:47,022 [om1@group-C5BA1605619E-LeaderElection39] INFO  server.RaftServerConfigKeys (ConfUtils.java:logGet(44)) - raft.server.staging.catchup.gap = 1000 (default)
2022-04-28 13:46:47,022 [om1@group-C5BA1605619E-LeaderElection39] INFO  server.RaftServerConfigKeys (ConfUtils.java:logGet(44)) - raft.server.write.element-limit = 4096 (default)
2022-04-28 13:46:47,022 [om1@group-C5BA1605619E-LeaderElection39] INFO  server.RaftServerConfigKeys (ConfUtils.java:logGet(44)) - raft.server.write.byte-limit = 64MB (=67108864) (default)
2022-04-28 13:46:47,022 [om1@group-C5BA1605619E-LeaderElection39] INFO  server.RaftServerConfigKeys (ConfUtils.java:logGet(44)) - raft.server.watch.timeout = 10s (default)
2022-04-28 13:46:47,022 [om1@group-C5BA1605619E-LeaderElection39] INFO  server.RaftServerConfigKeys (ConfUtils.java:logGet(44)) - raft.server.watch.timeout.denomination = 1s (default)
2022-04-28 13:46:47,023 [om1@group-C5BA1605619E-LeaderElection39] INFO  server.RaftServerConfigKeys (ConfUtils.java:logGet(44)) - raft.server.watch.element-limit = 65536 (default)
2022-04-28 13:46:47,023 [om1@group-C5BA1605619E-LeaderElection39] INFO  server.RaftServerConfigKeys (ConfUtils.java:logGet(44)) - raft.server.write.element-limit = 4096 (default)
2022-04-28 13:46:47,023 [om1@group-C5BA1605619E-LeaderElection39] INFO  server.RaftServerConfigKeys (ConfUtils.java:logGet(44)) - raft.server.write.follower.gap.ratio.max = -1.0 (default)
2022-04-28 13:46:47,023 [om1@group-C5BA1605619E-LeaderElection39] INFO  impl.RoleInfo (RoleInfo.java:updateAndGet(130)) - om1: start om1@group-C5BA1605619E-LeaderStateImpl
2022-04-28 13:46:47,023 [om1@group-C5BA1605619E-LeaderElection39] INFO  segmented.SegmentedRaftLogWorker (SegmentedRaftLogWorker.java:startLogSegment(394)) - om1@group-C5BA1605619E-SegmentedRaftLogWorker: Starting segment from index:0
2022-04-28 13:46:47,036 [om1@group-C5BA1605619E-SegmentedRaftLogWorker] INFO  segmented.SegmentedRaftLogWorker (SegmentedRaftLogWorker.java:execute(601)) - om1@group-C5BA1605619E-SegmentedRaftLogWorker: created new log segment /home/runner/work/ozone/ozone/hadoop-ozone/integration-test/target/test-dir/MiniOzoneClusterImpl-b83af172-7a36-4ee1-b1b1-9a7292f569f3/ozone-meta/ratis/bf265839-605b-3f16-9796-c5ba1605619e/current/log_inprogress_0
2022-04-28 13:46:47,043 [om1@group-C5BA1605619E-LeaderElection39] INFO  server.RaftServer$Division (ServerState.java:setRaftConf(387)) - om1@group-C5BA1605619E: set configuration 0: [om1|rpc:localhost:9872|admin:|client:|dataStream:|priority:0], old=null
2022-04-28 13:46:47,054 [om1@group-C5BA1605619E-StateMachineUpdater] INFO  ratis.OzoneManagerStateMachine (OzoneManagerStateMachine.java:notifyConfigurationChanged(189)) - Received Configuration change notification from Ratis. New Peer list:
[id: "om1"
address: "localhost:9872"
]
2022-04-28 13:46:47,170 [Listener at 127.0.0.1/39257] INFO  handler.ContextHandler (ContextHandler.java:doStart(915)) - Started o.e.j.w.WebAppContext@461df624{hddsDatanode,/,file:///tmp/jetty-0_0_0_0-45555-hdds-container-service-1_3_0-SNAPSHOT_jar-_-any-4440834346344878120/webapp/,AVAILABLE}{jar:file:/home/runner/.m2/repository/org/apache/ozone/hdds-container-service/1.3.0-SNAPSHOT/hdds-container-service-1.3.0-SNAPSHOT.jar!/webapps/hddsDatanode}
2022-04-28 13:46:47,176 [Listener at 127.0.0.1/39257] INFO  server.AbstractConnector (AbstractConnector.java:doStart(331)) - Started ServerConnector@1b64f8fd{HTTP/1.1, (http/1.1)}{0.0.0.0:45555}
2022-04-28 13:46:47,176 [Listener at 127.0.0.1/39257] INFO  server.Server (Server.java:doStart(415)) - Started @104186ms
2022-04-28 13:46:47,176 [Listener at 127.0.0.1/39257] WARN  impl.MetricsSystemImpl (MetricsSystemImpl.java:register(279)) - Sink prometheus already exists!
2022-04-28 13:46:47,180 [Listener at 127.0.0.1/39257] INFO  http.BaseHttpServer (BaseHttpServer.java:updateConnectorAddress(329)) - HTTP server of hddsDatanode listening at http://0.0.0.0:45555
2022-04-28 13:46:47,181 [Listener at 127.0.0.1/39257] WARN  impl.MetricRegistriesImpl (MetricRegistriesImpl.java:addReporterRegistration(111)) - New reporters are added after registries were created. Some metrics will be missing from the reporter. Please add reporter before adding any new registry.
2022-04-28 13:46:47,181 [Listener at 127.0.0.1/39257] WARN  impl.MetricRegistriesImpl (MetricRegistriesImpl.java:addReporterRegistration(111)) - New reporters are added after registries were created. Some metrics will be missing from the reporter. Please add reporter before adding any new registry.
2022-04-28 13:46:47,181 [Listener at 127.0.0.1/39257] INFO  impl.MetricsSystemImpl (MetricsSystemImpl.java:init(158)) - HddsDatanode metrics system started (again)
2022-04-28 13:46:47,198 [Listener at 127.0.0.1/39257] INFO  ozone.HddsDatanodeService (HddsDatanodeService.java:start(233)) - HddsDatanodeService host:fv-az294-869.eaanfquahm5ulb5tj050gcxych.jx.internal.cloudapp.net ip:10.1.0.6
2022-04-28 13:46:47,205 [Datanode State Machine Daemon Thread] INFO  statemachine.DatanodeStateMachine (DatanodeStateMachine.java:lambda$startDaemon$0(472)) - Ozone container server started.
2022-04-28 13:46:47,234 [Listener at 127.0.0.1/39257] INFO  upgrade.AbstractLayoutVersionManager (AbstractLayoutVersionManager.java:init(79)) - Initializing Layout version manager with metadata layout = ERASURE_CODED_STORAGE_SUPPORT (version = 3), software layout = ERASURE_CODED_STORAGE_SUPPORT (version = 3)
2022-04-28 13:46:47,240 [org.apache.hadoop.util.JvmPauseMonitor$Monitor@52b0638d] INFO  util.JvmPauseMonitor (JvmPauseMonitor.java:run(188)) - Starting JVM pause monitor
2022-04-28 13:46:47,282 [Datanode State Machine Task Thread - 0] INFO  datanode.InitDatanodeState (InitDatanodeState.java:persistContainerDatanodeDetails(138)) - DatanodeDetails is persisted to /home/runner/work/ozone/ozone/hadoop-ozone/integration-test/target/test-dir/MiniOzoneClusterImpl-b83af172-7a36-4ee1-b1b1-9a7292f569f3/datanode-1/meta/datanode.id
2022-04-28 13:46:47,347 [Listener at 127.0.0.1/39257] INFO  reflections.Reflections (Reflections.java:scan(232)) - Reflections took 112 ms to scan 7 urls, producing 126 keys and 287 values 
2022-04-28 13:46:47,350 [Listener at 127.0.0.1/39257] INFO  statemachine.DatanodeStateMachine (DatanodeStateMachine.java:getEndPointTaskThreadPoolSize(224)) - Datanode State Machine Task Thread Pool size 2
2022-04-28 13:46:47,352 [Listener at 127.0.0.1/39257] INFO  volume.HddsVolume (HddsVolume.java:<init>(120)) - Creating HddsVolume: /home/runner/work/ozone/ozone/hadoop-ozone/integration-test/target/test-dir/MiniOzoneClusterImpl-b83af172-7a36-4ee1-b1b1-9a7292f569f3/datanode-2/data-0/containers/hdds of storage type : DISK capacity : 9223372036854775807
2022-04-28 13:46:47,352 [Listener at 127.0.0.1/39257] INFO  volume.MutableVolumeSet (MutableVolumeSet.java:initializeVolumeSet(168)) - Added Volume : /home/runner/work/ozone/ozone/hadoop-ozone/integration-test/target/test-dir/MiniOzoneClusterImpl-b83af172-7a36-4ee1-b1b1-9a7292f569f3/datanode-2/data-0/containers/hdds to VolumeSet
2022-04-28 13:46:47,352 [Listener at 127.0.0.1/39257] INFO  volume.ThrottledAsyncChecker (ThrottledAsyncChecker.java:schedule(141)) - Scheduling a check for /home/runner/work/ozone/ozone/hadoop-ozone/integration-test/target/test-dir/MiniOzoneClusterImpl-b83af172-7a36-4ee1-b1b1-9a7292f569f3/datanode-2/data-0/containers/hdds
2022-04-28 13:46:47,356 [Listener at 127.0.0.1/39257] INFO  volume.StorageVolumeChecker (StorageVolumeChecker.java:checkAllVolumes(202)) - Scheduled health check for volume /home/runner/work/ozone/ozone/hadoop-ozone/integration-test/target/test-dir/MiniOzoneClusterImpl-b83af172-7a36-4ee1-b1b1-9a7292f569f3/datanode-2/data-0/containers/hdds
2022-04-28 13:46:47,382 [Listener at 127.0.0.1/39257] INFO  volume.MutableVolumeSet (MutableVolumeSet.java:initializeVolumeSet(168)) - Added Volume : /home/runner/work/ozone/ozone/hadoop-ozone/integration-test/target/test-dir/MiniOzoneClusterImpl-b83af172-7a36-4ee1-b1b1-9a7292f569f3/datanode-2/data/ratis to VolumeSet
2022-04-28 13:46:47,382 [Listener at 127.0.0.1/39257] INFO  volume.ThrottledAsyncChecker (ThrottledAsyncChecker.java:schedule(141)) - Scheduling a check for /home/runner/work/ozone/ozone/hadoop-ozone/integration-test/target/test-dir/MiniOzoneClusterImpl-b83af172-7a36-4ee1-b1b1-9a7292f569f3/datanode-2/data/ratis
2022-04-28 13:46:47,382 [Listener at 127.0.0.1/39257] INFO  volume.StorageVolumeChecker (StorageVolumeChecker.java:checkAllVolumes(202)) - Scheduled health check for volume /home/runner/work/ozone/ozone/hadoop-ozone/integration-test/target/test-dir/MiniOzoneClusterImpl-b83af172-7a36-4ee1-b1b1-9a7292f569f3/datanode-2/data/ratis
2022-04-28 13:46:47,395 [Thread-701] INFO  ozoneimpl.ContainerReader (ContainerReader.java:readVolume(172)) - Finish verifying containers on volume /home/runner/work/ozone/ozone/hadoop-ozone/integration-test/target/test-dir/MiniOzoneClusterImpl-b83af172-7a36-4ee1-b1b1-9a7292f569f3/datanode-2/data-0/containers/hdds
2022-04-28 13:46:47,396 [Listener at 127.0.0.1/39257] INFO  ozoneimpl.OzoneContainer (OzoneContainer.java:buildContainerSet(257)) - Build ContainerSet costs 0s
2022-04-28 13:46:47,402 [Listener at 127.0.0.1/39257] INFO  server.RaftServer (ConfUtils.java:logGet(44)) - raft.rpc.type = GRPC (default)
2022-04-28 13:46:47,403 [Listener at 127.0.0.1/39257] INFO  grpc.GrpcFactory (GrpcFactory.java:checkPooledByteBufAllocatorUseCacheForAllThreads(48)) - PERFORMANCE WARNING: useCacheForAllThreads is true that may cause Netty to create a lot garbage objects and, as a result, trigger GC.
	It is recommended to disable useCacheForAllThreads by setting -Dorg.apache.ratis.thirdparty.io.netty.allocator.useCacheForAllThreads=false in command line.
2022-04-28 13:46:47,403 [Listener at 127.0.0.1/39257] INFO  grpc.GrpcConfigKeys (ConfUtils.java:logGet(44)) - raft.grpc.admin.port = 0 (custom)
2022-04-28 13:46:47,403 [Listener at 127.0.0.1/39257] INFO  grpc.GrpcConfigKeys (ConfUtils.java:logGet(44)) - raft.grpc.client.port = 0 (custom)
2022-04-28 13:46:47,403 [Listener at 127.0.0.1/39257] INFO  grpc.GrpcConfigKeys (ConfUtils.java:logGet(44)) - raft.grpc.server.port = 0 (default)
2022-04-28 13:46:47,403 [Listener at 127.0.0.1/39257] INFO  server.GrpcService (ConfUtils.java:logGet(44)) - raft.grpc.message.size.max = 32MB (=33554432) (custom)
2022-04-28 13:46:47,403 [Listener at 127.0.0.1/39257] INFO  server.RaftServerConfigKeys (ConfUtils.java:logGet(44)) - raft.server.log.appender.buffer.byte-limit = 33554432 (custom)
2022-04-28 13:46:47,408 [Listener at 127.0.0.1/39257] INFO  server.GrpcService (ConfUtils.java:logGet(44)) - raft.grpc.flow.control.window = 5MB (=5242880) (custom)
2022-04-28 13:46:47,408 [Listener at 127.0.0.1/39257] INFO  server.RaftServerConfigKeys (ConfUtils.java:logGet(44)) - raft.server.rpc.request.timeout = 3000ms (default)
2022-04-28 13:46:47,409 [Listener at 127.0.0.1/39257] INFO  impl.DataStreamServerImpl (ConfUtils.java:logGet(44)) - raft.datastream.type = DISABLED (default)
2022-04-28 13:46:47,410 [Listener at 127.0.0.1/39257] INFO  server.RaftServerConfigKeys (ConfUtils.java:logGet(44)) - raft.server.rpc.slowness.timeout = 300000ms (custom)
2022-04-28 13:46:47,411 [Listener at 127.0.0.1/39257] INFO  server.RaftServerConfigKeys (ConfUtils.java:logGet(44)) - raft.server.leaderelection.leader.step-down.wait-time = 10s (default)
2022-04-28 13:46:47,411 [Listener at 127.0.0.1/39257] INFO  server.RaftServerConfigKeys (ConfUtils.java:logGet(44)) - raft.server.storage.dir = [/home/runner/work/ozone/ozone/hadoop-ozone/integration-test/target/test-dir/MiniOzoneClusterImpl-b83af172-7a36-4ee1-b1b1-9a7292f569f3/datanode-2/data/ratis] (custom)
2022-04-28 13:46:47,412 [Listener at 127.0.0.1/39257] INFO  server.XceiverServerGrpc (XceiverServerGrpc.java:<init>(132)) - GrpcServer channel type EpollServerSocketChannel
2022-04-28 13:46:47,417 [Listener at 127.0.0.1/39257] INFO  http.BaseHttpServer (BaseHttpServer.java:newHttpServer2BuilderForOzone(209)) - Starting Web-server for hddsDatanode at: http://0.0.0.0:0
2022-04-28 13:46:47,417 [Listener at 127.0.0.1/39257] INFO  http.BaseHttpServer (BaseHttpServer.java:<init>(107)) - Hadoop Security Enabled: false Ozone Security Enabled: false Ozone HTTP Security Enabled: false 
2022-04-28 13:46:47,418 [Listener at 127.0.0.1/39257] INFO  server.AuthenticationFilter (AuthenticationFilter.java:constructSecretProvider(240)) - Unable to initialize FileSignerSecretProvider, falling back to use random secrets.
2022-04-28 13:46:47,419 [Listener at 127.0.0.1/39257] WARN  http.HttpRequestLog (HttpRequestLog.java:getRequestLog(103)) - Jetty request log can only be enabled using Log4j
2022-04-28 13:46:47,420 [Listener at 127.0.0.1/39257] INFO  http.HttpServer2 (HttpServer2.java:addGlobalFilter(1030)) - Added global filter 'safety' (class=org.apache.hadoop.hdds.server.http.HttpServer2$QuotingInputFilter)
2022-04-28 13:46:47,420 [Listener at 127.0.0.1/39257] INFO  http.HttpServer2 (HttpServer2.java:addFilter(1006)) - Added filter static_user_filter (class=org.apache.hadoop.http.lib.StaticUserWebFilter$StaticUserFilter) to context hddsDatanode
2022-04-28 13:46:47,420 [Listener at 127.0.0.1/39257] INFO  http.HttpServer2 (HttpServer2.java:addFilter(1014)) - Added filter static_user_filter (class=org.apache.hadoop.http.lib.StaticUserWebFilter$StaticUserFilter) to context logs
2022-04-28 13:46:47,420 [Listener at 127.0.0.1/39257] INFO  http.HttpServer2 (HttpServer2.java:addFilter(1014)) - Added filter static_user_filter (class=org.apache.hadoop.http.lib.StaticUserWebFilter$StaticUserFilter) to context static
2022-04-28 13:46:47,421 [Listener at 127.0.0.1/39257] INFO  http.HttpServer2 (HttpServer2.java:bindListener(1249)) - Jetty bound to port 44521
2022-04-28 13:46:47,421 [Listener at 127.0.0.1/39257] INFO  server.Server (Server.java:doStart(375)) - jetty-9.4.43.v20210629; built: 2021-06-30T11:07:22.254Z; git: 526006ecfa3af7f1a27ef3a288e2bef7ea9dd7e8; jvm 1.8.0_322-b06
2022-04-28 13:46:47,427 [Listener at 127.0.0.1/39257] INFO  server.session (DefaultSessionIdManager.java:doStart(334)) - DefaultSessionIdManager workerName=node0
2022-04-28 13:46:47,427 [Listener at 127.0.0.1/39257] INFO  server.session (DefaultSessionIdManager.java:doStart(339)) - No SessionScavenger set, using defaults
2022-04-28 13:46:47,427 [Listener at 127.0.0.1/39257] INFO  server.session (HouseKeeper.java:startScavenging(132)) - node0 Scavenging every 600000ms
2022-04-28 13:46:47,428 [Listener at 127.0.0.1/39257] INFO  handler.ContextHandler (ContextHandler.java:doStart(915)) - Started o.e.j.s.ServletContextHandler@6352267a{logs,/logs,file:///home/runner/work/ozone/ozone/hadoop-ozone/integration-test/target/log,AVAILABLE}
2022-04-28 13:46:47,428 [Listener at 127.0.0.1/39257] INFO  handler.ContextHandler (ContextHandler.java:doStart(915)) - Started o.e.j.s.ServletContextHandler@355fb7d2{static,/static,jar:file:/home/runner/.m2/repository/org/apache/ozone/hdds-container-service/1.3.0-SNAPSHOT/hdds-container-service-1.3.0-SNAPSHOT.jar!/webapps/static,AVAILABLE}
2022-04-28 13:46:47,683 [Listener at 127.0.0.1/39257] INFO  handler.ContextHandler (ContextHandler.java:doStart(915)) - Started o.e.j.w.WebAppContext@507105fe{hddsDatanode,/,file:///tmp/jetty-0_0_0_0-44521-hdds-container-service-1_3_0-SNAPSHOT_jar-_-any-2696481963882348319/webapp/,AVAILABLE}{jar:file:/home/runner/.m2/repository/org/apache/ozone/hdds-container-service/1.3.0-SNAPSHOT/hdds-container-service-1.3.0-SNAPSHOT.jar!/webapps/hddsDatanode}
2022-04-28 13:46:47,685 [Listener at 127.0.0.1/39257] INFO  server.AbstractConnector (AbstractConnector.java:doStart(331)) - Started ServerConnector@3c4ba70a{HTTP/1.1, (http/1.1)}{0.0.0.0:44521}
2022-04-28 13:46:47,685 [Listener at 127.0.0.1/39257] INFO  server.Server (Server.java:doStart(415)) - Started @104695ms
2022-04-28 13:46:47,685 [Listener at 127.0.0.1/39257] WARN  impl.MetricsSystemImpl (MetricsSystemImpl.java:register(279)) - Sink prometheus already exists!
2022-04-28 13:46:47,695 [Listener at 127.0.0.1/39257] INFO  http.BaseHttpServer (BaseHttpServer.java:updateConnectorAddress(329)) - HTTP server of hddsDatanode listening at http://0.0.0.0:44521
2022-04-28 13:46:47,702 [Listener at 127.0.0.1/39257] WARN  impl.MetricRegistriesImpl (MetricRegistriesImpl.java:addReporterRegistration(111)) - New reporters are added after registries were created. Some metrics will be missing from the reporter. Please add reporter before adding any new registry.
2022-04-28 13:46:47,702 [Listener at 127.0.0.1/39257] WARN  impl.MetricRegistriesImpl (MetricRegistriesImpl.java:addReporterRegistration(111)) - New reporters are added after registries were created. Some metrics will be missing from the reporter. Please add reporter before adding any new registry.
2022-04-28 13:46:47,702 [Listener at 127.0.0.1/39257] INFO  impl.MetricsSystemImpl (MetricsSystemImpl.java:init(158)) - HddsDatanode metrics system started (again)
2022-04-28 13:46:47,706 [Datanode State Machine Daemon Thread] INFO  statemachine.DatanodeStateMachine (DatanodeStateMachine.java:lambda$startDaemon$0(472)) - Ozone container server started.
2022-04-28 13:46:47,726 [org.apache.hadoop.util.JvmPauseMonitor$Monitor@406e2e3c] INFO  util.JvmPauseMonitor (JvmPauseMonitor.java:run(188)) - Starting JVM pause monitor
2022-04-28 13:46:47,747 [Datanode State Machine Task Thread - 0] INFO  datanode.InitDatanodeState (InitDatanodeState.java:persistContainerDatanodeDetails(138)) - DatanodeDetails is persisted to /home/runner/work/ozone/ozone/hadoop-ozone/integration-test/target/test-dir/MiniOzoneClusterImpl-b83af172-7a36-4ee1-b1b1-9a7292f569f3/datanode-2/meta/datanode.id
2022-04-28 13:46:47,754 [Listener at 127.0.0.1/39257] INFO  ozone.HddsDatanodeService (HddsDatanodeService.java:start(233)) - HddsDatanodeService host:fv-az294-869.eaanfquahm5ulb5tj050gcxych.jx.internal.cloudapp.net ip:10.1.0.6
2022-04-28 13:46:47,786 [Listener at 127.0.0.1/39257] INFO  upgrade.AbstractLayoutVersionManager (AbstractLayoutVersionManager.java:init(79)) - Initializing Layout version manager with metadata layout = ERASURE_CODED_STORAGE_SUPPORT (version = 3), software layout = ERASURE_CODED_STORAGE_SUPPORT (version = 3)
2022-04-28 13:46:47,856 [Listener at 127.0.0.1/39257] INFO  reflections.Reflections (Reflections.java:scan(232)) - Reflections took 69 ms to scan 7 urls, producing 126 keys and 287 values 
2022-04-28 13:46:47,868 [Listener at 127.0.0.1/39257] INFO  statemachine.DatanodeStateMachine (DatanodeStateMachine.java:getEndPointTaskThreadPoolSize(224)) - Datanode State Machine Task Thread Pool size 2
2022-04-28 13:46:47,870 [Listener at 127.0.0.1/39257] INFO  volume.HddsVolume (HddsVolume.java:<init>(120)) - Creating HddsVolume: /home/runner/work/ozone/ozone/hadoop-ozone/integration-test/target/test-dir/MiniOzoneClusterImpl-b83af172-7a36-4ee1-b1b1-9a7292f569f3/datanode-3/data-0/containers/hdds of storage type : DISK capacity : 9223372036854775807
2022-04-28 13:46:47,870 [Listener at 127.0.0.1/39257] INFO  volume.MutableVolumeSet (MutableVolumeSet.java:initializeVolumeSet(168)) - Added Volume : /home/runner/work/ozone/ozone/hadoop-ozone/integration-test/target/test-dir/MiniOzoneClusterImpl-b83af172-7a36-4ee1-b1b1-9a7292f569f3/datanode-3/data-0/containers/hdds to VolumeSet
2022-04-28 13:46:47,870 [Listener at 127.0.0.1/39257] INFO  volume.ThrottledAsyncChecker (ThrottledAsyncChecker.java:schedule(141)) - Scheduling a check for /home/runner/work/ozone/ozone/hadoop-ozone/integration-test/target/test-dir/MiniOzoneClusterImpl-b83af172-7a36-4ee1-b1b1-9a7292f569f3/datanode-3/data-0/containers/hdds
2022-04-28 13:46:47,871 [Listener at 127.0.0.1/39257] INFO  volume.StorageVolumeChecker (StorageVolumeChecker.java:checkAllVolumes(202)) - Scheduled health check for volume /home/runner/work/ozone/ozone/hadoop-ozone/integration-test/target/test-dir/MiniOzoneClusterImpl-b83af172-7a36-4ee1-b1b1-9a7292f569f3/datanode-3/data-0/containers/hdds
2022-04-28 13:46:47,882 [Listener at 127.0.0.1/39257] INFO  volume.MutableVolumeSet (MutableVolumeSet.java:initializeVolumeSet(168)) - Added Volume : /home/runner/work/ozone/ozone/hadoop-ozone/integration-test/target/test-dir/MiniOzoneClusterImpl-b83af172-7a36-4ee1-b1b1-9a7292f569f3/datanode-3/data/ratis to VolumeSet
2022-04-28 13:46:47,882 [Listener at 127.0.0.1/39257] INFO  volume.ThrottledAsyncChecker (ThrottledAsyncChecker.java:schedule(141)) - Scheduling a check for /home/runner/work/ozone/ozone/hadoop-ozone/integration-test/target/test-dir/MiniOzoneClusterImpl-b83af172-7a36-4ee1-b1b1-9a7292f569f3/datanode-3/data/ratis
2022-04-28 13:46:47,882 [Listener at 127.0.0.1/39257] INFO  volume.StorageVolumeChecker (StorageVolumeChecker.java:checkAllVolumes(202)) - Scheduled health check for volume /home/runner/work/ozone/ozone/hadoop-ozone/integration-test/target/test-dir/MiniOzoneClusterImpl-b83af172-7a36-4ee1-b1b1-9a7292f569f3/datanode-3/data/ratis
2022-04-28 13:46:47,939 [Thread-713] INFO  ozoneimpl.ContainerReader (ContainerReader.java:readVolume(172)) - Finish verifying containers on volume /home/runner/work/ozone/ozone/hadoop-ozone/integration-test/target/test-dir/MiniOzoneClusterImpl-b83af172-7a36-4ee1-b1b1-9a7292f569f3/datanode-3/data-0/containers/hdds
2022-04-28 13:46:47,939 [Listener at 127.0.0.1/39257] INFO  ozoneimpl.OzoneContainer (OzoneContainer.java:buildContainerSet(257)) - Build ContainerSet costs 0s
2022-04-28 13:46:47,941 [Listener at 127.0.0.1/39257] INFO  server.RaftServer (ConfUtils.java:logGet(44)) - raft.rpc.type = GRPC (default)
2022-04-28 13:46:47,944 [Listener at 127.0.0.1/39257] INFO  grpc.GrpcFactory (GrpcFactory.java:checkPooledByteBufAllocatorUseCacheForAllThreads(48)) - PERFORMANCE WARNING: useCacheForAllThreads is true that may cause Netty to create a lot garbage objects and, as a result, trigger GC.
	It is recommended to disable useCacheForAllThreads by setting -Dorg.apache.ratis.thirdparty.io.netty.allocator.useCacheForAllThreads=false in command line.
2022-04-28 13:46:47,945 [Listener at 127.0.0.1/39257] INFO  grpc.GrpcConfigKeys (ConfUtils.java:logGet(44)) - raft.grpc.admin.port = 0 (custom)
2022-04-28 13:46:47,945 [Listener at 127.0.0.1/39257] INFO  grpc.GrpcConfigKeys (ConfUtils.java:logGet(44)) - raft.grpc.client.port = 0 (custom)
2022-04-28 13:46:47,945 [Listener at 127.0.0.1/39257] INFO  grpc.GrpcConfigKeys (ConfUtils.java:logGet(44)) - raft.grpc.server.port = 0 (default)
2022-04-28 13:46:47,945 [Listener at 127.0.0.1/39257] INFO  server.GrpcService (ConfUtils.java:logGet(44)) - raft.grpc.message.size.max = 32MB (=33554432) (custom)
2022-04-28 13:46:47,945 [Listener at 127.0.0.1/39257] INFO  server.RaftServerConfigKeys (ConfUtils.java:logGet(44)) - raft.server.log.appender.buffer.byte-limit = 33554432 (custom)
2022-04-28 13:46:47,945 [Listener at 127.0.0.1/39257] INFO  server.GrpcService (ConfUtils.java:logGet(44)) - raft.grpc.flow.control.window = 5MB (=5242880) (custom)
2022-04-28 13:46:47,945 [Listener at 127.0.0.1/39257] INFO  server.RaftServerConfigKeys (ConfUtils.java:logGet(44)) - raft.server.rpc.request.timeout = 3000ms (default)
2022-04-28 13:46:47,946 [Listener at 127.0.0.1/39257] INFO  impl.DataStreamServerImpl (ConfUtils.java:logGet(44)) - raft.datastream.type = DISABLED (default)
2022-04-28 13:46:47,946 [Listener at 127.0.0.1/39257] INFO  server.RaftServerConfigKeys (ConfUtils.java:logGet(44)) - raft.server.rpc.slowness.timeout = 300000ms (custom)
2022-04-28 13:46:47,946 [Listener at 127.0.0.1/39257] INFO  server.RaftServerConfigKeys (ConfUtils.java:logGet(44)) - raft.server.leaderelection.leader.step-down.wait-time = 10s (default)
2022-04-28 13:46:47,947 [Listener at 127.0.0.1/39257] INFO  server.RaftServerConfigKeys (ConfUtils.java:logGet(44)) - raft.server.storage.dir = [/home/runner/work/ozone/ozone/hadoop-ozone/integration-test/target/test-dir/MiniOzoneClusterImpl-b83af172-7a36-4ee1-b1b1-9a7292f569f3/datanode-3/data/ratis] (custom)
2022-04-28 13:46:47,948 [Listener at 127.0.0.1/39257] INFO  server.XceiverServerGrpc (XceiverServerGrpc.java:<init>(132)) - GrpcServer channel type EpollServerSocketChannel
2022-04-28 13:46:47,952 [Listener at 127.0.0.1/39257] INFO  http.BaseHttpServer (BaseHttpServer.java:newHttpServer2BuilderForOzone(209)) - Starting Web-server for hddsDatanode at: http://0.0.0.0:0
2022-04-28 13:46:47,952 [Listener at 127.0.0.1/39257] INFO  http.BaseHttpServer (BaseHttpServer.java:<init>(107)) - Hadoop Security Enabled: false Ozone Security Enabled: false Ozone HTTP Security Enabled: false 
2022-04-28 13:46:47,954 [Listener at 127.0.0.1/39257] INFO  server.AuthenticationFilter (AuthenticationFilter.java:constructSecretProvider(240)) - Unable to initialize FileSignerSecretProvider, falling back to use random secrets.
2022-04-28 13:46:47,955 [Listener at 127.0.0.1/39257] WARN  http.HttpRequestLog (HttpRequestLog.java:getRequestLog(103)) - Jetty request log can only be enabled using Log4j
2022-04-28 13:46:47,956 [Listener at 127.0.0.1/39257] INFO  http.HttpServer2 (HttpServer2.java:addGlobalFilter(1030)) - Added global filter 'safety' (class=org.apache.hadoop.hdds.server.http.HttpServer2$QuotingInputFilter)
2022-04-28 13:46:47,956 [Listener at 127.0.0.1/39257] INFO  http.HttpServer2 (HttpServer2.java:addFilter(1006)) - Added filter static_user_filter (class=org.apache.hadoop.http.lib.StaticUserWebFilter$StaticUserFilter) to context hddsDatanode
2022-04-28 13:46:47,956 [Listener at 127.0.0.1/39257] INFO  http.HttpServer2 (HttpServer2.java:addFilter(1014)) - Added filter static_user_filter (class=org.apache.hadoop.http.lib.StaticUserWebFilter$StaticUserFilter) to context logs
2022-04-28 13:46:47,956 [Listener at 127.0.0.1/39257] INFO  http.HttpServer2 (HttpServer2.java:addFilter(1014)) - Added filter static_user_filter (class=org.apache.hadoop.http.lib.StaticUserWebFilter$StaticUserFilter) to context static
2022-04-28 13:46:47,957 [Listener at 127.0.0.1/39257] INFO  http.HttpServer2 (HttpServer2.java:bindListener(1249)) - Jetty bound to port 35361
2022-04-28 13:46:47,957 [Listener at 127.0.0.1/39257] INFO  server.Server (Server.java:doStart(375)) - jetty-9.4.43.v20210629; built: 2021-06-30T11:07:22.254Z; git: 526006ecfa3af7f1a27ef3a288e2bef7ea9dd7e8; jvm 1.8.0_322-b06
2022-04-28 13:46:47,965 [Listener at 127.0.0.1/39257] INFO  server.session (DefaultSessionIdManager.java:doStart(334)) - DefaultSessionIdManager workerName=node0
2022-04-28 13:46:47,965 [Listener at 127.0.0.1/39257] INFO  server.session (DefaultSessionIdManager.java:doStart(339)) - No SessionScavenger set, using defaults
2022-04-28 13:46:47,965 [Listener at 127.0.0.1/39257] INFO  server.session (HouseKeeper.java:startScavenging(132)) - node0 Scavenging every 600000ms
2022-04-28 13:46:47,975 [Listener at 127.0.0.1/39257] INFO  handler.ContextHandler (ContextHandler.java:doStart(915)) - Started o.e.j.s.ServletContextHandler@273e01e8{logs,/logs,file:///home/runner/work/ozone/ozone/hadoop-ozone/integration-test/target/log,AVAILABLE}
2022-04-28 13:46:47,976 [Listener at 127.0.0.1/39257] INFO  handler.ContextHandler (ContextHandler.java:doStart(915)) - Started o.e.j.s.ServletContextHandler@a50a03c{static,/static,jar:file:/home/runner/.m2/repository/org/apache/ozone/hdds-container-service/1.3.0-SNAPSHOT/hdds-container-service-1.3.0-SNAPSHOT.jar!/webapps/static,AVAILABLE}
2022-04-28 13:46:48,339 [Listener at 127.0.0.1/39257] INFO  handler.ContextHandler (ContextHandler.java:doStart(915)) - Started o.e.j.w.WebAppContext@7c064ad7{hddsDatanode,/,file:///tmp/jetty-0_0_0_0-35361-hdds-container-service-1_3_0-SNAPSHOT_jar-_-any-5275828963944725581/webapp/,AVAILABLE}{jar:file:/home/runner/.m2/repository/org/apache/ozone/hdds-container-service/1.3.0-SNAPSHOT/hdds-container-service-1.3.0-SNAPSHOT.jar!/webapps/hddsDatanode}
2022-04-28 13:46:48,357 [Listener at 127.0.0.1/39257] INFO  server.AbstractConnector (AbstractConnector.java:doStart(331)) - Started ServerConnector@768c42b8{HTTP/1.1, (http/1.1)}{0.0.0.0:35361}
2022-04-28 13:46:48,358 [Listener at 127.0.0.1/39257] INFO  server.Server (Server.java:doStart(415)) - Started @105368ms
2022-04-28 13:46:48,358 [Listener at 127.0.0.1/39257] WARN  impl.MetricsSystemImpl (MetricsSystemImpl.java:register(279)) - Sink prometheus already exists!
2022-04-28 13:46:48,362 [Listener at 127.0.0.1/39257] INFO  http.BaseHttpServer (BaseHttpServer.java:updateConnectorAddress(329)) - HTTP server of hddsDatanode listening at http://0.0.0.0:35361
2022-04-28 13:46:48,398 [Listener at 127.0.0.1/39257] WARN  impl.MetricRegistriesImpl (MetricRegistriesImpl.java:addReporterRegistration(111)) - New reporters are added after registries were created. Some metrics will be missing from the reporter. Please add reporter before adding any new registry.
2022-04-28 13:46:48,398 [Listener at 127.0.0.1/39257] WARN  impl.MetricRegistriesImpl (MetricRegistriesImpl.java:addReporterRegistration(111)) - New reporters are added after registries were created. Some metrics will be missing from the reporter. Please add reporter before adding any new registry.
2022-04-28 13:46:48,398 [Listener at 127.0.0.1/39257] INFO  impl.MetricsSystemImpl (MetricsSystemImpl.java:init(158)) - HddsDatanode metrics system started (again)
2022-04-28 13:46:48,421 [Datanode State Machine Daemon Thread] INFO  statemachine.DatanodeStateMachine (DatanodeStateMachine.java:lambda$startDaemon$0(472)) - Ozone container server started.
2022-04-28 13:46:48,492 [org.apache.hadoop.util.JvmPauseMonitor$Monitor@489d7d68] INFO  util.JvmPauseMonitor (JvmPauseMonitor.java:run(188)) - Starting JVM pause monitor
2022-04-28 13:46:48,543 [Datanode State Machine Task Thread - 0] INFO  datanode.InitDatanodeState (InitDatanodeState.java:persistContainerDatanodeDetails(138)) - DatanodeDetails is persisted to /home/runner/work/ozone/ozone/hadoop-ozone/integration-test/target/test-dir/MiniOzoneClusterImpl-b83af172-7a36-4ee1-b1b1-9a7292f569f3/datanode-3/meta/datanode.id
2022-04-28 13:46:48,543 [Listener at 127.0.0.1/39257] INFO  ozone.HddsDatanodeService (HddsDatanodeService.java:start(233)) - HddsDatanodeService host:fv-az294-869.eaanfquahm5ulb5tj050gcxych.jx.internal.cloudapp.net ip:10.1.0.6
2022-04-28 13:46:48,576 [Listener at 127.0.0.1/39257] INFO  upgrade.AbstractLayoutVersionManager (AbstractLayoutVersionManager.java:init(79)) - Initializing Layout version manager with metadata layout = ERASURE_CODED_STORAGE_SUPPORT (version = 3), software layout = ERASURE_CODED_STORAGE_SUPPORT (version = 3)
2022-04-28 13:46:48,616 [Listener at 127.0.0.1/39257] INFO  reflections.Reflections (Reflections.java:scan(232)) - Reflections took 39 ms to scan 7 urls, producing 126 keys and 287 values 
2022-04-28 13:46:48,618 [Listener at 127.0.0.1/39257] INFO  statemachine.DatanodeStateMachine (DatanodeStateMachine.java:getEndPointTaskThreadPoolSize(224)) - Datanode State Machine Task Thread Pool size 2
2022-04-28 13:46:48,619 [Listener at 127.0.0.1/39257] INFO  volume.HddsVolume (HddsVolume.java:<init>(120)) - Creating HddsVolume: /home/runner/work/ozone/ozone/hadoop-ozone/integration-test/target/test-dir/MiniOzoneClusterImpl-b83af172-7a36-4ee1-b1b1-9a7292f569f3/datanode-4/data-0/containers/hdds of storage type : DISK capacity : 9223372036854775807
2022-04-28 13:46:48,619 [Listener at 127.0.0.1/39257] INFO  volume.MutableVolumeSet (MutableVolumeSet.java:initializeVolumeSet(168)) - Added Volume : /home/runner/work/ozone/ozone/hadoop-ozone/integration-test/target/test-dir/MiniOzoneClusterImpl-b83af172-7a36-4ee1-b1b1-9a7292f569f3/datanode-4/data-0/containers/hdds to VolumeSet
2022-04-28 13:46:48,619 [Listener at 127.0.0.1/39257] INFO  volume.ThrottledAsyncChecker (ThrottledAsyncChecker.java:schedule(141)) - Scheduling a check for /home/runner/work/ozone/ozone/hadoop-ozone/integration-test/target/test-dir/MiniOzoneClusterImpl-b83af172-7a36-4ee1-b1b1-9a7292f569f3/datanode-4/data-0/containers/hdds
2022-04-28 13:46:48,620 [Listener at 127.0.0.1/39257] INFO  volume.StorageVolumeChecker (StorageVolumeChecker.java:checkAllVolumes(202)) - Scheduled health check for volume /home/runner/work/ozone/ozone/hadoop-ozone/integration-test/target/test-dir/MiniOzoneClusterImpl-b83af172-7a36-4ee1-b1b1-9a7292f569f3/datanode-4/data-0/containers/hdds
2022-04-28 13:46:48,645 [Listener at 127.0.0.1/39257] INFO  volume.MutableVolumeSet (MutableVolumeSet.java:initializeVolumeSet(168)) - Added Volume : /home/runner/work/ozone/ozone/hadoop-ozone/integration-test/target/test-dir/MiniOzoneClusterImpl-b83af172-7a36-4ee1-b1b1-9a7292f569f3/datanode-4/data/ratis to VolumeSet
2022-04-28 13:46:48,645 [Listener at 127.0.0.1/39257] INFO  volume.ThrottledAsyncChecker (ThrottledAsyncChecker.java:schedule(141)) - Scheduling a check for /home/runner/work/ozone/ozone/hadoop-ozone/integration-test/target/test-dir/MiniOzoneClusterImpl-b83af172-7a36-4ee1-b1b1-9a7292f569f3/datanode-4/data/ratis
2022-04-28 13:46:48,645 [Listener at 127.0.0.1/39257] INFO  volume.StorageVolumeChecker (StorageVolumeChecker.java:checkAllVolumes(202)) - Scheduled health check for volume /home/runner/work/ozone/ozone/hadoop-ozone/integration-test/target/test-dir/MiniOzoneClusterImpl-b83af172-7a36-4ee1-b1b1-9a7292f569f3/datanode-4/data/ratis
2022-04-28 13:46:48,663 [Thread-725] INFO  ozoneimpl.ContainerReader (ContainerReader.java:readVolume(172)) - Finish verifying containers on volume /home/runner/work/ozone/ozone/hadoop-ozone/integration-test/target/test-dir/MiniOzoneClusterImpl-b83af172-7a36-4ee1-b1b1-9a7292f569f3/datanode-4/data-0/containers/hdds
2022-04-28 13:46:48,663 [Listener at 127.0.0.1/39257] INFO  ozoneimpl.OzoneContainer (OzoneContainer.java:buildContainerSet(257)) - Build ContainerSet costs 0s
2022-04-28 13:46:48,666 [Listener at 127.0.0.1/39257] INFO  server.RaftServer (ConfUtils.java:logGet(44)) - raft.rpc.type = GRPC (default)
2022-04-28 13:46:48,666 [Listener at 127.0.0.1/39257] INFO  grpc.GrpcFactory (GrpcFactory.java:checkPooledByteBufAllocatorUseCacheForAllThreads(48)) - PERFORMANCE WARNING: useCacheForAllThreads is true that may cause Netty to create a lot garbage objects and, as a result, trigger GC.
	It is recommended to disable useCacheForAllThreads by setting -Dorg.apache.ratis.thirdparty.io.netty.allocator.useCacheForAllThreads=false in command line.
2022-04-28 13:46:48,666 [Listener at 127.0.0.1/39257] INFO  grpc.GrpcConfigKeys (ConfUtils.java:logGet(44)) - raft.grpc.admin.port = 0 (custom)
2022-04-28 13:46:48,666 [Listener at 127.0.0.1/39257] INFO  grpc.GrpcConfigKeys (ConfUtils.java:logGet(44)) - raft.grpc.client.port = 0 (custom)
2022-04-28 13:46:48,666 [Listener at 127.0.0.1/39257] INFO  grpc.GrpcConfigKeys (ConfUtils.java:logGet(44)) - raft.grpc.server.port = 0 (default)
2022-04-28 13:46:48,666 [Listener at 127.0.0.1/39257] INFO  server.GrpcService (ConfUtils.java:logGet(44)) - raft.grpc.message.size.max = 32MB (=33554432) (custom)
2022-04-28 13:46:48,666 [Listener at 127.0.0.1/39257] INFO  server.RaftServerConfigKeys (ConfUtils.java:logGet(44)) - raft.server.log.appender.buffer.byte-limit = 33554432 (custom)
2022-04-28 13:46:48,666 [Listener at 127.0.0.1/39257] INFO  server.GrpcService (ConfUtils.java:logGet(44)) - raft.grpc.flow.control.window = 5MB (=5242880) (custom)
2022-04-28 13:46:48,667 [Listener at 127.0.0.1/39257] INFO  server.RaftServerConfigKeys (ConfUtils.java:logGet(44)) - raft.server.rpc.request.timeout = 3000ms (default)
2022-04-28 13:46:48,668 [Listener at 127.0.0.1/39257] INFO  impl.DataStreamServerImpl (ConfUtils.java:logGet(44)) - raft.datastream.type = DISABLED (default)
2022-04-28 13:46:48,668 [Listener at 127.0.0.1/39257] INFO  server.RaftServerConfigKeys (ConfUtils.java:logGet(44)) - raft.server.rpc.slowness.timeout = 300000ms (custom)
2022-04-28 13:46:48,668 [Listener at 127.0.0.1/39257] INFO  server.RaftServerConfigKeys (ConfUtils.java:logGet(44)) - raft.server.leaderelection.leader.step-down.wait-time = 10s (default)
2022-04-28 13:46:48,668 [Listener at 127.0.0.1/39257] INFO  server.RaftServerConfigKeys (ConfUtils.java:logGet(44)) - raft.server.storage.dir = [/home/runner/work/ozone/ozone/hadoop-ozone/integration-test/target/test-dir/MiniOzoneClusterImpl-b83af172-7a36-4ee1-b1b1-9a7292f569f3/datanode-4/data/ratis] (custom)
2022-04-28 13:46:48,669 [Listener at 127.0.0.1/39257] INFO  server.XceiverServerGrpc (XceiverServerGrpc.java:<init>(132)) - GrpcServer channel type EpollServerSocketChannel
2022-04-28 13:46:48,671 [Listener at 127.0.0.1/39257] INFO  http.BaseHttpServer (BaseHttpServer.java:newHttpServer2BuilderForOzone(209)) - Starting Web-server for hddsDatanode at: http://0.0.0.0:0
2022-04-28 13:46:48,671 [Listener at 127.0.0.1/39257] INFO  http.BaseHttpServer (BaseHttpServer.java:<init>(107)) - Hadoop Security Enabled: false Ozone Security Enabled: false Ozone HTTP Security Enabled: false 
2022-04-28 13:46:48,673 [Listener at 127.0.0.1/39257] INFO  server.AuthenticationFilter (AuthenticationFilter.java:constructSecretProvider(240)) - Unable to initialize FileSignerSecretProvider, falling back to use random secrets.
2022-04-28 13:46:48,673 [Listener at 127.0.0.1/39257] WARN  http.HttpRequestLog (HttpRequestLog.java:getRequestLog(103)) - Jetty request log can only be enabled using Log4j
2022-04-28 13:46:48,674 [Listener at 127.0.0.1/39257] INFO  http.HttpServer2 (HttpServer2.java:addGlobalFilter(1030)) - Added global filter 'safety' (class=org.apache.hadoop.hdds.server.http.HttpServer2$QuotingInputFilter)
2022-04-28 13:46:48,675 [Listener at 127.0.0.1/39257] INFO  http.HttpServer2 (HttpServer2.java:addFilter(1006)) - Added filter static_user_filter (class=org.apache.hadoop.http.lib.StaticUserWebFilter$StaticUserFilter) to context hddsDatanode
2022-04-28 13:46:48,675 [Listener at 127.0.0.1/39257] INFO  http.HttpServer2 (HttpServer2.java:addFilter(1014)) - Added filter static_user_filter (class=org.apache.hadoop.http.lib.StaticUserWebFilter$StaticUserFilter) to context logs
2022-04-28 13:46:48,675 [Listener at 127.0.0.1/39257] INFO  http.HttpServer2 (HttpServer2.java:addFilter(1014)) - Added filter static_user_filter (class=org.apache.hadoop.http.lib.StaticUserWebFilter$StaticUserFilter) to context static
2022-04-28 13:46:48,675 [Listener at 127.0.0.1/39257] INFO  http.HttpServer2 (HttpServer2.java:bindListener(1249)) - Jetty bound to port 35407
2022-04-28 13:46:48,675 [Listener at 127.0.0.1/39257] INFO  server.Server (Server.java:doStart(375)) - jetty-9.4.43.v20210629; built: 2021-06-30T11:07:22.254Z; git: 526006ecfa3af7f1a27ef3a288e2bef7ea9dd7e8; jvm 1.8.0_322-b06
2022-04-28 13:46:48,711 [Listener at 127.0.0.1/39257] INFO  server.session (DefaultSessionIdManager.java:doStart(334)) - DefaultSessionIdManager workerName=node0
2022-04-28 13:46:48,711 [Listener at 127.0.0.1/39257] INFO  server.session (DefaultSessionIdManager.java:doStart(339)) - No SessionScavenger set, using defaults
2022-04-28 13:46:48,711 [Listener at 127.0.0.1/39257] INFO  server.session (HouseKeeper.java:startScavenging(132)) - node0 Scavenging every 600000ms
2022-04-28 13:46:48,713 [Listener at 127.0.0.1/39257] INFO  handler.ContextHandler (ContextHandler.java:doStart(915)) - Started o.e.j.s.ServletContextHandler@2eddb4a{logs,/logs,file:///home/runner/work/ozone/ozone/hadoop-ozone/integration-test/target/log,AVAILABLE}
2022-04-28 13:46:48,713 [Listener at 127.0.0.1/39257] INFO  handler.ContextHandler (ContextHandler.java:doStart(915)) - Started o.e.j.s.ServletContextHandler@52ea5277{static,/static,jar:file:/home/runner/.m2/repository/org/apache/ozone/hdds-container-service/1.3.0-SNAPSHOT/hdds-container-service-1.3.0-SNAPSHOT.jar!/webapps/static,AVAILABLE}
2022-04-28 13:46:48,759 [EndpointStateMachine task thread for /0.0.0.0:40355 - 0 ] INFO  ozoneimpl.OzoneContainer (OzoneContainer.java:start(335)) - Attempting to start container services.
2022-04-28 13:46:48,759 [EndpointStateMachine task thread for /0.0.0.0:40355 - 0 ] INFO  ozoneimpl.OzoneContainer (OzoneContainer.java:startContainerScrub(270)) - Background container scanner has been disabled.
2022-04-28 13:46:48,761 [EndpointStateMachine task thread for /0.0.0.0:40355 - 0 ] INFO  replication.ReplicationServer (ReplicationServer.java:start(111)) - ReplicationServer is started using port 43675
2022-04-28 13:46:48,762 [EndpointStateMachine task thread for /0.0.0.0:40355 - 0 ] INFO  ratis.XceiverServerRatis (XceiverServerRatis.java:start(481)) - Starting XceiverServerRatis d6fcb396-7a9b-4335-ba57-70371e8b2173
2022-04-28 13:46:48,763 [EndpointStateMachine task thread for /0.0.0.0:40355 - 0 ] INFO  server.RaftServer (RaftServerProxy.java:lambda$start$5(374)) - d6fcb396-7a9b-4335-ba57-70371e8b2173: start RPC server
2022-04-28 13:46:48,771 [EndpointStateMachine task thread for /0.0.0.0:40355 - 0 ] INFO  server.GrpcService (GrpcService.java:startImpl(253)) - d6fcb396-7a9b-4335-ba57-70371e8b2173: GrpcService started, listening on 43147
2022-04-28 13:46:48,779 [EndpointStateMachine task thread for /0.0.0.0:40355 - 0 ] INFO  ratis.XceiverServerRatis (XceiverServerRatis.java:getRealPort(502)) - XceiverServerRatis d6fcb396-7a9b-4335-ba57-70371e8b2173 is started using port 43147 for RATIS
2022-04-28 13:46:48,779 [EndpointStateMachine task thread for /0.0.0.0:40355 - 0 ] INFO  ratis.XceiverServerRatis (XceiverServerRatis.java:getRealPort(502)) - XceiverServerRatis d6fcb396-7a9b-4335-ba57-70371e8b2173 is started using port 43147 for RATIS_ADMIN
2022-04-28 13:46:48,779 [EndpointStateMachine task thread for /0.0.0.0:40355 - 0 ] INFO  ratis.XceiverServerRatis (XceiverServerRatis.java:getRealPort(502)) - XceiverServerRatis d6fcb396-7a9b-4335-ba57-70371e8b2173 is started using port 43147 for RATIS_SERVER
2022-04-28 13:46:48,779 [org.apache.ratis.util.JvmPauseMonitor$$Lambda$468/1104361616@a64e7e1] INFO  util.JvmPauseMonitor (JvmPauseMonitor.java:run(103)) - JvmPauseMonitor-d6fcb396-7a9b-4335-ba57-70371e8b2173: Started
2022-04-28 13:46:48,780 [EndpointStateMachine task thread for /0.0.0.0:40355 - 0 ] INFO  server.XceiverServerGrpc (XceiverServerGrpc.java:start(180)) - XceiverServerGrpc d6fcb396-7a9b-4335-ba57-70371e8b2173 is started using port 40213
2022-04-28 13:46:49,040 [Listener at 127.0.0.1/39257] INFO  handler.ContextHandler (ContextHandler.java:doStart(915)) - Started o.e.j.w.WebAppContext@7ff9ab7c{hddsDatanode,/,file:///tmp/jetty-0_0_0_0-35407-hdds-container-service-1_3_0-SNAPSHOT_jar-_-any-4281122322611761495/webapp/,AVAILABLE}{jar:file:/home/runner/.m2/repository/org/apache/ozone/hdds-container-service/1.3.0-SNAPSHOT/hdds-container-service-1.3.0-SNAPSHOT.jar!/webapps/hddsDatanode}
2022-04-28 13:46:49,047 [Listener at 127.0.0.1/39257] INFO  server.AbstractConnector (AbstractConnector.java:doStart(331)) - Started ServerConnector@2a635a50{HTTP/1.1, (http/1.1)}{0.0.0.0:35407}
2022-04-28 13:46:49,047 [Listener at 127.0.0.1/39257] INFO  server.Server (Server.java:doStart(415)) - Started @106057ms
2022-04-28 13:46:49,051 [Listener at 127.0.0.1/39257] WARN  impl.MetricsSystemImpl (MetricsSystemImpl.java:register(279)) - Sink prometheus already exists!
2022-04-28 13:46:49,052 [Listener at 127.0.0.1/39257] INFO  http.BaseHttpServer (BaseHttpServer.java:updateConnectorAddress(329)) - HTTP server of hddsDatanode listening at http://0.0.0.0:35407
2022-04-28 13:46:49,053 [Listener at 127.0.0.1/39257] WARN  impl.MetricRegistriesImpl (MetricRegistriesImpl.java:addReporterRegistration(111)) - New reporters are added after registries were created. Some metrics will be missing from the reporter. Please add reporter before adding any new registry.
2022-04-28 13:46:49,053 [Listener at 127.0.0.1/39257] WARN  impl.MetricRegistriesImpl (MetricRegistriesImpl.java:addReporterRegistration(111)) - New reporters are added after registries were created. Some metrics will be missing from the reporter. Please add reporter before adding any new registry.
2022-04-28 13:46:49,053 [Listener at 127.0.0.1/39257] INFO  impl.MetricsSystemImpl (MetricsSystemImpl.java:init(158)) - HddsDatanode metrics system started (again)
2022-04-28 13:46:49,070 [Datanode State Machine Daemon Thread] INFO  statemachine.DatanodeStateMachine (DatanodeStateMachine.java:lambda$startDaemon$0(472)) - Ozone container server started.
2022-04-28 13:46:49,112 [Listener at 127.0.0.1/39257] INFO  ozone.HddsDatanodeService (HddsDatanodeService.java:start(233)) - HddsDatanodeService host:fv-az294-869.eaanfquahm5ulb5tj050gcxych.jx.internal.cloudapp.net ip:10.1.0.6
2022-04-28 13:46:49,126 [org.apache.hadoop.util.JvmPauseMonitor$Monitor@3eb71d2] INFO  util.JvmPauseMonitor (JvmPauseMonitor.java:run(188)) - Starting JVM pause monitor
2022-04-28 13:46:49,137 [Datanode State Machine Task Thread - 0] INFO  datanode.InitDatanodeState (InitDatanodeState.java:persistContainerDatanodeDetails(138)) - DatanodeDetails is persisted to /home/runner/work/ozone/ozone/hadoop-ozone/integration-test/target/test-dir/MiniOzoneClusterImpl-b83af172-7a36-4ee1-b1b1-9a7292f569f3/datanode-4/meta/datanode.id
2022-04-28 13:46:49,167 [Listener at 127.0.0.1/39257] INFO  upgrade.AbstractLayoutVersionManager (AbstractLayoutVersionManager.java:init(79)) - Initializing Layout version manager with metadata layout = ERASURE_CODED_STORAGE_SUPPORT (version = 3), software layout = ERASURE_CODED_STORAGE_SUPPORT (version = 3)
2022-04-28 13:46:49,228 [Listener at 127.0.0.1/39257] INFO  reflections.Reflections (Reflections.java:scan(232)) - Reflections took 60 ms to scan 7 urls, producing 126 keys and 287 values 
2022-04-28 13:46:49,229 [Listener at 127.0.0.1/39257] INFO  statemachine.DatanodeStateMachine (DatanodeStateMachine.java:getEndPointTaskThreadPoolSize(224)) - Datanode State Machine Task Thread Pool size 2
2022-04-28 13:46:49,240 [Listener at 127.0.0.1/39257] INFO  volume.HddsVolume (HddsVolume.java:<init>(120)) - Creating HddsVolume: /home/runner/work/ozone/ozone/hadoop-ozone/integration-test/target/test-dir/MiniOzoneClusterImpl-b83af172-7a36-4ee1-b1b1-9a7292f569f3/datanode-5/data-0/containers/hdds of storage type : DISK capacity : 9223372036854775807
2022-04-28 13:46:49,240 [Listener at 127.0.0.1/39257] INFO  volume.MutableVolumeSet (MutableVolumeSet.java:initializeVolumeSet(168)) - Added Volume : /home/runner/work/ozone/ozone/hadoop-ozone/integration-test/target/test-dir/MiniOzoneClusterImpl-b83af172-7a36-4ee1-b1b1-9a7292f569f3/datanode-5/data-0/containers/hdds to VolumeSet
2022-04-28 13:46:49,240 [Listener at 127.0.0.1/39257] INFO  volume.ThrottledAsyncChecker (ThrottledAsyncChecker.java:schedule(141)) - Scheduling a check for /home/runner/work/ozone/ozone/hadoop-ozone/integration-test/target/test-dir/MiniOzoneClusterImpl-b83af172-7a36-4ee1-b1b1-9a7292f569f3/datanode-5/data-0/containers/hdds
2022-04-28 13:46:49,258 [Listener at 127.0.0.1/39257] INFO  volume.StorageVolumeChecker (StorageVolumeChecker.java:checkAllVolumes(202)) - Scheduled health check for volume /home/runner/work/ozone/ozone/hadoop-ozone/integration-test/target/test-dir/MiniOzoneClusterImpl-b83af172-7a36-4ee1-b1b1-9a7292f569f3/datanode-5/data-0/containers/hdds
2022-04-28 13:46:49,288 [Listener at 127.0.0.1/39257] INFO  volume.MutableVolumeSet (MutableVolumeSet.java:initializeVolumeSet(168)) - Added Volume : /home/runner/work/ozone/ozone/hadoop-ozone/integration-test/target/test-dir/MiniOzoneClusterImpl-b83af172-7a36-4ee1-b1b1-9a7292f569f3/datanode-5/data/ratis to VolumeSet
2022-04-28 13:46:49,288 [Listener at 127.0.0.1/39257] INFO  volume.ThrottledAsyncChecker (ThrottledAsyncChecker.java:schedule(141)) - Scheduling a check for /home/runner/work/ozone/ozone/hadoop-ozone/integration-test/target/test-dir/MiniOzoneClusterImpl-b83af172-7a36-4ee1-b1b1-9a7292f569f3/datanode-5/data/ratis
2022-04-28 13:46:49,288 [Listener at 127.0.0.1/39257] INFO  volume.StorageVolumeChecker (StorageVolumeChecker.java:checkAllVolumes(202)) - Scheduled health check for volume /home/runner/work/ozone/ozone/hadoop-ozone/integration-test/target/test-dir/MiniOzoneClusterImpl-b83af172-7a36-4ee1-b1b1-9a7292f569f3/datanode-5/data/ratis
2022-04-28 13:46:49,298 [EndpointStateMachine task thread for /0.0.0.0:40355 - 0 ] INFO  ozoneimpl.OzoneContainer (OzoneContainer.java:start(335)) - Attempting to start container services.
2022-04-28 13:46:49,298 [EndpointStateMachine task thread for /0.0.0.0:40355 - 0 ] INFO  ozoneimpl.OzoneContainer (OzoneContainer.java:startContainerScrub(270)) - Background container scanner has been disabled.
2022-04-28 13:46:49,299 [EndpointStateMachine task thread for /0.0.0.0:40355 - 0 ] INFO  replication.ReplicationServer (ReplicationServer.java:start(111)) - ReplicationServer is started using port 38103
2022-04-28 13:46:49,302 [EndpointStateMachine task thread for /0.0.0.0:40355 - 0 ] INFO  ratis.XceiverServerRatis (XceiverServerRatis.java:start(481)) - Starting XceiverServerRatis 12f93519-ceed-46ee-9151-25937782214d
2022-04-28 13:46:49,322 [EndpointStateMachine task thread for /0.0.0.0:40355 - 0 ] INFO  server.RaftServer (RaftServerProxy.java:lambda$start$5(374)) - 12f93519-ceed-46ee-9151-25937782214d: start RPC server
2022-04-28 13:46:49,324 [EndpointStateMachine task thread for /0.0.0.0:40355 - 0 ] INFO  server.GrpcService (GrpcService.java:startImpl(253)) - 12f93519-ceed-46ee-9151-25937782214d: GrpcService started, listening on 33231
2022-04-28 13:46:49,335 [EndpointStateMachine task thread for /0.0.0.0:40355 - 0 ] INFO  ratis.XceiverServerRatis (XceiverServerRatis.java:getRealPort(502)) - XceiverServerRatis 12f93519-ceed-46ee-9151-25937782214d is started using port 33231 for RATIS
2022-04-28 13:46:49,335 [EndpointStateMachine task thread for /0.0.0.0:40355 - 0 ] INFO  ratis.XceiverServerRatis (XceiverServerRatis.java:getRealPort(502)) - XceiverServerRatis 12f93519-ceed-46ee-9151-25937782214d is started using port 33231 for RATIS_ADMIN
2022-04-28 13:46:49,336 [EndpointStateMachine task thread for /0.0.0.0:40355 - 0 ] INFO  ratis.XceiverServerRatis (XceiverServerRatis.java:getRealPort(502)) - XceiverServerRatis 12f93519-ceed-46ee-9151-25937782214d is started using port 33231 for RATIS_SERVER
2022-04-28 13:46:49,340 [org.apache.ratis.util.JvmPauseMonitor$$Lambda$468/1104361616@5b015a45] INFO  util.JvmPauseMonitor (JvmPauseMonitor.java:run(103)) - JvmPauseMonitor-12f93519-ceed-46ee-9151-25937782214d: Started
2022-04-28 13:46:49,343 [EndpointStateMachine task thread for /0.0.0.0:40355 - 0 ] INFO  server.XceiverServerGrpc (XceiverServerGrpc.java:start(180)) - XceiverServerGrpc 12f93519-ceed-46ee-9151-25937782214d is started using port 46501
2022-04-28 13:46:49,362 [Thread-741] INFO  ozoneimpl.ContainerReader (ContainerReader.java:readVolume(172)) - Finish verifying containers on volume /home/runner/work/ozone/ozone/hadoop-ozone/integration-test/target/test-dir/MiniOzoneClusterImpl-b83af172-7a36-4ee1-b1b1-9a7292f569f3/datanode-5/data-0/containers/hdds
2022-04-28 13:46:49,364 [Listener at 127.0.0.1/39257] INFO  ozoneimpl.OzoneContainer (OzoneContainer.java:buildContainerSet(257)) - Build ContainerSet costs 0s
2022-04-28 13:46:49,366 [Listener at 127.0.0.1/39257] INFO  server.RaftServer (ConfUtils.java:logGet(44)) - raft.rpc.type = GRPC (default)
2022-04-28 13:46:49,367 [Listener at 127.0.0.1/39257] INFO  grpc.GrpcFactory (GrpcFactory.java:checkPooledByteBufAllocatorUseCacheForAllThreads(48)) - PERFORMANCE WARNING: useCacheForAllThreads is true that may cause Netty to create a lot garbage objects and, as a result, trigger GC.
	It is recommended to disable useCacheForAllThreads by setting -Dorg.apache.ratis.thirdparty.io.netty.allocator.useCacheForAllThreads=false in command line.
2022-04-28 13:46:49,367 [Listener at 127.0.0.1/39257] INFO  grpc.GrpcConfigKeys (ConfUtils.java:logGet(44)) - raft.grpc.admin.port = 0 (custom)
2022-04-28 13:46:49,367 [Listener at 127.0.0.1/39257] INFO  grpc.GrpcConfigKeys (ConfUtils.java:logGet(44)) - raft.grpc.client.port = 0 (custom)
2022-04-28 13:46:49,367 [Listener at 127.0.0.1/39257] INFO  grpc.GrpcConfigKeys (ConfUtils.java:logGet(44)) - raft.grpc.server.port = 0 (default)
2022-04-28 13:46:49,367 [Listener at 127.0.0.1/39257] INFO  server.GrpcService (ConfUtils.java:logGet(44)) - raft.grpc.message.size.max = 32MB (=33554432) (custom)
2022-04-28 13:46:49,367 [Listener at 127.0.0.1/39257] INFO  server.RaftServerConfigKeys (ConfUtils.java:logGet(44)) - raft.server.log.appender.buffer.byte-limit = 33554432 (custom)
2022-04-28 13:46:49,367 [Listener at 127.0.0.1/39257] INFO  server.GrpcService (ConfUtils.java:logGet(44)) - raft.grpc.flow.control.window = 5MB (=5242880) (custom)
2022-04-28 13:46:49,367 [Listener at 127.0.0.1/39257] INFO  server.RaftServerConfigKeys (ConfUtils.java:logGet(44)) - raft.server.rpc.request.timeout = 3000ms (default)
2022-04-28 13:46:49,368 [Listener at 127.0.0.1/39257] INFO  impl.DataStreamServerImpl (ConfUtils.java:logGet(44)) - raft.datastream.type = DISABLED (default)
2022-04-28 13:46:49,368 [Listener at 127.0.0.1/39257] INFO  server.RaftServerConfigKeys (ConfUtils.java:logGet(44)) - raft.server.rpc.slowness.timeout = 300000ms (custom)
2022-04-28 13:46:49,368 [Listener at 127.0.0.1/39257] INFO  server.RaftServerConfigKeys (ConfUtils.java:logGet(44)) - raft.server.leaderelection.leader.step-down.wait-time = 10s (default)
2022-04-28 13:46:49,369 [Listener at 127.0.0.1/39257] INFO  server.RaftServerConfigKeys (ConfUtils.java:logGet(44)) - raft.server.storage.dir = [/home/runner/work/ozone/ozone/hadoop-ozone/integration-test/target/test-dir/MiniOzoneClusterImpl-b83af172-7a36-4ee1-b1b1-9a7292f569f3/datanode-5/data/ratis] (custom)
2022-04-28 13:46:49,374 [Listener at 127.0.0.1/39257] INFO  server.XceiverServerGrpc (XceiverServerGrpc.java:<init>(132)) - GrpcServer channel type EpollServerSocketChannel
2022-04-28 13:46:49,378 [Listener at 127.0.0.1/39257] INFO  http.BaseHttpServer (BaseHttpServer.java:newHttpServer2BuilderForOzone(209)) - Starting Web-server for hddsDatanode at: http://0.0.0.0:0
2022-04-28 13:46:49,378 [Listener at 127.0.0.1/39257] INFO  http.BaseHttpServer (BaseHttpServer.java:<init>(107)) - Hadoop Security Enabled: false Ozone Security Enabled: false Ozone HTTP Security Enabled: false 
2022-04-28 13:46:49,379 [Listener at 127.0.0.1/39257] INFO  server.AuthenticationFilter (AuthenticationFilter.java:constructSecretProvider(240)) - Unable to initialize FileSignerSecretProvider, falling back to use random secrets.
2022-04-28 13:46:49,379 [Listener at 127.0.0.1/39257] WARN  http.HttpRequestLog (HttpRequestLog.java:getRequestLog(103)) - Jetty request log can only be enabled using Log4j
2022-04-28 13:46:49,380 [Listener at 127.0.0.1/39257] INFO  http.HttpServer2 (HttpServer2.java:addGlobalFilter(1030)) - Added global filter 'safety' (class=org.apache.hadoop.hdds.server.http.HttpServer2$QuotingInputFilter)
2022-04-28 13:46:49,386 [Listener at 127.0.0.1/39257] INFO  http.HttpServer2 (HttpServer2.java:addFilter(1006)) - Added filter static_user_filter (class=org.apache.hadoop.http.lib.StaticUserWebFilter$StaticUserFilter) to context hddsDatanode
2022-04-28 13:46:49,386 [Listener at 127.0.0.1/39257] INFO  http.HttpServer2 (HttpServer2.java:addFilter(1014)) - Added filter static_user_filter (class=org.apache.hadoop.http.lib.StaticUserWebFilter$StaticUserFilter) to context logs
2022-04-28 13:46:49,386 [Listener at 127.0.0.1/39257] INFO  http.HttpServer2 (HttpServer2.java:addFilter(1014)) - Added filter static_user_filter (class=org.apache.hadoop.http.lib.StaticUserWebFilter$StaticUserFilter) to context static
2022-04-28 13:46:49,387 [Listener at 127.0.0.1/39257] INFO  http.HttpServer2 (HttpServer2.java:bindListener(1249)) - Jetty bound to port 42299
2022-04-28 13:46:49,387 [Listener at 127.0.0.1/39257] INFO  server.Server (Server.java:doStart(375)) - jetty-9.4.43.v20210629; built: 2021-06-30T11:07:22.254Z; git: 526006ecfa3af7f1a27ef3a288e2bef7ea9dd7e8; jvm 1.8.0_322-b06
2022-04-28 13:46:49,432 [Listener at 127.0.0.1/39257] INFO  server.session (DefaultSessionIdManager.java:doStart(334)) - DefaultSessionIdManager workerName=node0
2022-04-28 13:46:49,432 [Listener at 127.0.0.1/39257] INFO  server.session (DefaultSessionIdManager.java:doStart(339)) - No SessionScavenger set, using defaults
2022-04-28 13:46:49,432 [Listener at 127.0.0.1/39257] INFO  server.session (HouseKeeper.java:startScavenging(132)) - node0 Scavenging every 660000ms
2022-04-28 13:46:49,434 [Listener at 127.0.0.1/39257] INFO  handler.ContextHandler (ContextHandler.java:doStart(915)) - Started o.e.j.s.ServletContextHandler@6e0b1984{logs,/logs,file:///home/runner/work/ozone/ozone/hadoop-ozone/integration-test/target/log,AVAILABLE}
2022-04-28 13:46:49,434 [Listener at 127.0.0.1/39257] INFO  handler.ContextHandler (ContextHandler.java:doStart(915)) - Started o.e.j.s.ServletContextHandler@78a35b9c{static,/static,jar:file:/home/runner/.m2/repository/org/apache/ozone/hdds-container-service/1.3.0-SNAPSHOT/hdds-container-service-1.3.0-SNAPSHOT.jar!/webapps/static,AVAILABLE}
2022-04-28 13:46:49,721 [Listener at 127.0.0.1/39257] INFO  handler.ContextHandler (ContextHandler.java:doStart(915)) - Started o.e.j.w.WebAppContext@7d48638a{hddsDatanode,/,file:///tmp/jetty-0_0_0_0-42299-hdds-container-service-1_3_0-SNAPSHOT_jar-_-any-4314256693627281759/webapp/,AVAILABLE}{jar:file:/home/runner/.m2/repository/org/apache/ozone/hdds-container-service/1.3.0-SNAPSHOT/hdds-container-service-1.3.0-SNAPSHOT.jar!/webapps/hddsDatanode}
2022-04-28 13:46:49,734 [Listener at 127.0.0.1/39257] INFO  server.AbstractConnector (AbstractConnector.java:doStart(331)) - Started ServerConnector@6b6f8080{HTTP/1.1, (http/1.1)}{0.0.0.0:42299}
2022-04-28 13:46:49,734 [Listener at 127.0.0.1/39257] INFO  server.Server (Server.java:doStart(415)) - Started @106744ms
2022-04-28 13:46:49,734 [Listener at 127.0.0.1/39257] WARN  impl.MetricsSystemImpl (MetricsSystemImpl.java:register(279)) - Sink prometheus already exists!
2022-04-28 13:46:49,738 [Listener at 127.0.0.1/39257] INFO  http.BaseHttpServer (BaseHttpServer.java:updateConnectorAddress(329)) - HTTP server of hddsDatanode listening at http://0.0.0.0:42299
2022-04-28 13:46:49,745 [EndpointStateMachine task thread for /0.0.0.0:40355 - 0 ] INFO  ozoneimpl.OzoneContainer (OzoneContainer.java:start(335)) - Attempting to start container services.
2022-04-28 13:46:49,746 [EndpointStateMachine task thread for /0.0.0.0:40355 - 0 ] INFO  ozoneimpl.OzoneContainer (OzoneContainer.java:startContainerScrub(270)) - Background container scanner has been disabled.
2022-04-28 13:46:49,746 [EndpointStateMachine task thread for /0.0.0.0:40355 - 0 ] INFO  replication.ReplicationServer (ReplicationServer.java:start(111)) - ReplicationServer is started using port 33505
2022-04-28 13:46:49,750 [EndpointStateMachine task thread for /0.0.0.0:40355 - 0 ] INFO  ratis.XceiverServerRatis (XceiverServerRatis.java:start(481)) - Starting XceiverServerRatis acf0e45f-1346-4d3d-b768-e886253cff70
2022-04-28 13:46:49,751 [EndpointStateMachine task thread for /0.0.0.0:40355 - 0 ] INFO  server.RaftServer (RaftServerProxy.java:lambda$start$5(374)) - acf0e45f-1346-4d3d-b768-e886253cff70: start RPC server
2022-04-28 13:46:49,762 [Listener at 127.0.0.1/39257] WARN  impl.MetricRegistriesImpl (MetricRegistriesImpl.java:addReporterRegistration(111)) - New reporters are added after registries were created. Some metrics will be missing from the reporter. Please add reporter before adding any new registry.
2022-04-28 13:46:49,762 [Listener at 127.0.0.1/39257] WARN  impl.MetricRegistriesImpl (MetricRegistriesImpl.java:addReporterRegistration(111)) - New reporters are added after registries were created. Some metrics will be missing from the reporter. Please add reporter before adding any new registry.
2022-04-28 13:46:49,762 [Listener at 127.0.0.1/39257] INFO  impl.MetricsSystemImpl (MetricsSystemImpl.java:init(158)) - HddsDatanode metrics system started (again)
2022-04-28 13:46:49,770 [Datanode State Machine Daemon Thread] INFO  statemachine.DatanodeStateMachine (DatanodeStateMachine.java:lambda$startDaemon$0(472)) - Ozone container server started.
2022-04-28 13:46:49,787 [EndpointStateMachine task thread for /0.0.0.0:40355 - 0 ] INFO  server.GrpcService (GrpcService.java:startImpl(253)) - acf0e45f-1346-4d3d-b768-e886253cff70: GrpcService started, listening on 44375
2022-04-28 13:46:49,790 [Listener at 127.0.0.1/39257] INFO  ozone.HddsDatanodeService (HddsDatanodeService.java:start(233)) - HddsDatanodeService host:fv-az294-869.eaanfquahm5ulb5tj050gcxych.jx.internal.cloudapp.net ip:10.1.0.6
2022-04-28 13:46:49,800 [EndpointStateMachine task thread for /0.0.0.0:40355 - 0 ] INFO  ratis.XceiverServerRatis (XceiverServerRatis.java:getRealPort(502)) - XceiverServerRatis acf0e45f-1346-4d3d-b768-e886253cff70 is started using port 44375 for RATIS
2022-04-28 13:46:49,800 [EndpointStateMachine task thread for /0.0.0.0:40355 - 0 ] INFO  ratis.XceiverServerRatis (XceiverServerRatis.java:getRealPort(502)) - XceiverServerRatis acf0e45f-1346-4d3d-b768-e886253cff70 is started using port 44375 for RATIS_ADMIN
2022-04-28 13:46:49,800 [EndpointStateMachine task thread for /0.0.0.0:40355 - 0 ] INFO  ratis.XceiverServerRatis (XceiverServerRatis.java:getRealPort(502)) - XceiverServerRatis acf0e45f-1346-4d3d-b768-e886253cff70 is started using port 44375 for RATIS_SERVER
2022-04-28 13:46:49,815 [org.apache.ratis.util.JvmPauseMonitor$$Lambda$468/1104361616@2fc714f8] INFO  util.JvmPauseMonitor (JvmPauseMonitor.java:run(103)) - JvmPauseMonitor-acf0e45f-1346-4d3d-b768-e886253cff70: Started
2022-04-28 13:46:49,828 [Listener at 127.0.0.1/39257] INFO  upgrade.AbstractLayoutVersionManager (AbstractLayoutVersionManager.java:init(79)) - Initializing Layout version manager with metadata layout = ERASURE_CODED_STORAGE_SUPPORT (version = 3), software layout = ERASURE_CODED_STORAGE_SUPPORT (version = 3)
2022-04-28 13:46:49,846 [org.apache.hadoop.util.JvmPauseMonitor$Monitor@30a25fbe] INFO  util.JvmPauseMonitor (JvmPauseMonitor.java:run(188)) - Starting JVM pause monitor
2022-04-28 13:46:49,852 [EndpointStateMachine task thread for /0.0.0.0:40355 - 0 ] INFO  server.XceiverServerGrpc (XceiverServerGrpc.java:start(180)) - XceiverServerGrpc acf0e45f-1346-4d3d-b768-e886253cff70 is started using port 43863
2022-04-28 13:46:49,869 [Datanode State Machine Task Thread - 0] INFO  datanode.InitDatanodeState (InitDatanodeState.java:persistContainerDatanodeDetails(138)) - DatanodeDetails is persisted to /home/runner/work/ozone/ozone/hadoop-ozone/integration-test/target/test-dir/MiniOzoneClusterImpl-b83af172-7a36-4ee1-b1b1-9a7292f569f3/datanode-5/meta/datanode.id
2022-04-28 13:46:49,937 [Listener at 127.0.0.1/39257] INFO  reflections.Reflections (Reflections.java:scan(232)) - Reflections took 108 ms to scan 7 urls, producing 126 keys and 287 values 
2022-04-28 13:46:49,940 [Listener at 127.0.0.1/39257] INFO  statemachine.DatanodeStateMachine (DatanodeStateMachine.java:getEndPointTaskThreadPoolSize(224)) - Datanode State Machine Task Thread Pool size 2
2022-04-28 13:46:49,943 [Listener at 127.0.0.1/39257] INFO  volume.HddsVolume (HddsVolume.java:<init>(120)) - Creating HddsVolume: /home/runner/work/ozone/ozone/hadoop-ozone/integration-test/target/test-dir/MiniOzoneClusterImpl-b83af172-7a36-4ee1-b1b1-9a7292f569f3/datanode-6/data-0/containers/hdds of storage type : DISK capacity : 9223372036854775807
2022-04-28 13:46:49,943 [Listener at 127.0.0.1/39257] INFO  volume.MutableVolumeSet (MutableVolumeSet.java:initializeVolumeSet(168)) - Added Volume : /home/runner/work/ozone/ozone/hadoop-ozone/integration-test/target/test-dir/MiniOzoneClusterImpl-b83af172-7a36-4ee1-b1b1-9a7292f569f3/datanode-6/data-0/containers/hdds to VolumeSet
2022-04-28 13:46:49,943 [Listener at 127.0.0.1/39257] INFO  volume.ThrottledAsyncChecker (ThrottledAsyncChecker.java:schedule(141)) - Scheduling a check for /home/runner/work/ozone/ozone/hadoop-ozone/integration-test/target/test-dir/MiniOzoneClusterImpl-b83af172-7a36-4ee1-b1b1-9a7292f569f3/datanode-6/data-0/containers/hdds
2022-04-28 13:46:49,944 [Listener at 127.0.0.1/39257] INFO  volume.StorageVolumeChecker (StorageVolumeChecker.java:checkAllVolumes(202)) - Scheduled health check for volume /home/runner/work/ozone/ozone/hadoop-ozone/integration-test/target/test-dir/MiniOzoneClusterImpl-b83af172-7a36-4ee1-b1b1-9a7292f569f3/datanode-6/data-0/containers/hdds
2022-04-28 13:46:49,955 [Listener at 127.0.0.1/39257] INFO  volume.MutableVolumeSet (MutableVolumeSet.java:initializeVolumeSet(168)) - Added Volume : /home/runner/work/ozone/ozone/hadoop-ozone/integration-test/target/test-dir/MiniOzoneClusterImpl-b83af172-7a36-4ee1-b1b1-9a7292f569f3/datanode-6/data/ratis to VolumeSet
2022-04-28 13:46:49,955 [Listener at 127.0.0.1/39257] INFO  volume.ThrottledAsyncChecker (ThrottledAsyncChecker.java:schedule(141)) - Scheduling a check for /home/runner/work/ozone/ozone/hadoop-ozone/integration-test/target/test-dir/MiniOzoneClusterImpl-b83af172-7a36-4ee1-b1b1-9a7292f569f3/datanode-6/data/ratis
2022-04-28 13:46:49,955 [Listener at 127.0.0.1/39257] INFO  volume.StorageVolumeChecker (StorageVolumeChecker.java:checkAllVolumes(202)) - Scheduled health check for volume /home/runner/work/ozone/ozone/hadoop-ozone/integration-test/target/test-dir/MiniOzoneClusterImpl-b83af172-7a36-4ee1-b1b1-9a7292f569f3/datanode-6/data/ratis
2022-04-28 13:46:49,969 [Thread-759] INFO  ozoneimpl.ContainerReader (ContainerReader.java:readVolume(172)) - Finish verifying containers on volume /home/runner/work/ozone/ozone/hadoop-ozone/integration-test/target/test-dir/MiniOzoneClusterImpl-b83af172-7a36-4ee1-b1b1-9a7292f569f3/datanode-6/data-0/containers/hdds
2022-04-28 13:46:49,981 [Listener at 127.0.0.1/39257] INFO  ozoneimpl.OzoneContainer (OzoneContainer.java:buildContainerSet(257)) - Build ContainerSet costs 0s
2022-04-28 13:46:49,983 [Listener at 127.0.0.1/39257] INFO  server.RaftServer (ConfUtils.java:logGet(44)) - raft.rpc.type = GRPC (default)
2022-04-28 13:46:49,983 [Listener at 127.0.0.1/39257] INFO  grpc.GrpcFactory (GrpcFactory.java:checkPooledByteBufAllocatorUseCacheForAllThreads(48)) - PERFORMANCE WARNING: useCacheForAllThreads is true that may cause Netty to create a lot garbage objects and, as a result, trigger GC.
	It is recommended to disable useCacheForAllThreads by setting -Dorg.apache.ratis.thirdparty.io.netty.allocator.useCacheForAllThreads=false in command line.
2022-04-28 13:46:49,983 [Listener at 127.0.0.1/39257] INFO  grpc.GrpcConfigKeys (ConfUtils.java:logGet(44)) - raft.grpc.admin.port = 0 (custom)
2022-04-28 13:46:49,984 [Listener at 127.0.0.1/39257] INFO  grpc.GrpcConfigKeys (ConfUtils.java:logGet(44)) - raft.grpc.client.port = 0 (custom)
2022-04-28 13:46:49,984 [Listener at 127.0.0.1/39257] INFO  grpc.GrpcConfigKeys (ConfUtils.java:logGet(44)) - raft.grpc.server.port = 0 (default)
2022-04-28 13:46:49,984 [Listener at 127.0.0.1/39257] INFO  server.GrpcService (ConfUtils.java:logGet(44)) - raft.grpc.message.size.max = 32MB (=33554432) (custom)
2022-04-28 13:46:49,984 [Listener at 127.0.0.1/39257] INFO  server.RaftServerConfigKeys (ConfUtils.java:logGet(44)) - raft.server.log.appender.buffer.byte-limit = 33554432 (custom)
2022-04-28 13:46:49,984 [Listener at 127.0.0.1/39257] INFO  server.GrpcService (ConfUtils.java:logGet(44)) - raft.grpc.flow.control.window = 5MB (=5242880) (custom)
2022-04-28 13:46:49,984 [Listener at 127.0.0.1/39257] INFO  server.RaftServerConfigKeys (ConfUtils.java:logGet(44)) - raft.server.rpc.request.timeout = 3000ms (default)
2022-04-28 13:46:49,985 [Listener at 127.0.0.1/39257] INFO  impl.DataStreamServerImpl (ConfUtils.java:logGet(44)) - raft.datastream.type = DISABLED (default)
2022-04-28 13:46:49,985 [Listener at 127.0.0.1/39257] INFO  server.RaftServerConfigKeys (ConfUtils.java:logGet(44)) - raft.server.rpc.slowness.timeout = 300000ms (custom)
2022-04-28 13:46:49,985 [Listener at 127.0.0.1/39257] INFO  server.RaftServerConfigKeys (ConfUtils.java:logGet(44)) - raft.server.leaderelection.leader.step-down.wait-time = 10s (default)
2022-04-28 13:46:49,985 [Listener at 127.0.0.1/39257] INFO  server.RaftServerConfigKeys (ConfUtils.java:logGet(44)) - raft.server.storage.dir = [/home/runner/work/ozone/ozone/hadoop-ozone/integration-test/target/test-dir/MiniOzoneClusterImpl-b83af172-7a36-4ee1-b1b1-9a7292f569f3/datanode-6/data/ratis] (custom)
2022-04-28 13:46:49,995 [Listener at 127.0.0.1/39257] INFO  server.XceiverServerGrpc (XceiverServerGrpc.java:<init>(132)) - GrpcServer channel type EpollServerSocketChannel
2022-04-28 13:46:50,007 [Listener at 127.0.0.1/39257] INFO  http.BaseHttpServer (BaseHttpServer.java:newHttpServer2BuilderForOzone(209)) - Starting Web-server for hddsDatanode at: http://0.0.0.0:0
2022-04-28 13:46:50,007 [Listener at 127.0.0.1/39257] INFO  http.BaseHttpServer (BaseHttpServer.java:<init>(107)) - Hadoop Security Enabled: false Ozone Security Enabled: false Ozone HTTP Security Enabled: false 
2022-04-28 13:46:50,009 [Listener at 127.0.0.1/39257] INFO  server.AuthenticationFilter (AuthenticationFilter.java:constructSecretProvider(240)) - Unable to initialize FileSignerSecretProvider, falling back to use random secrets.
2022-04-28 13:46:50,010 [Listener at 127.0.0.1/39257] WARN  http.HttpRequestLog (HttpRequestLog.java:getRequestLog(103)) - Jetty request log can only be enabled using Log4j
2022-04-28 13:46:50,011 [Listener at 127.0.0.1/39257] INFO  http.HttpServer2 (HttpServer2.java:addGlobalFilter(1030)) - Added global filter 'safety' (class=org.apache.hadoop.hdds.server.http.HttpServer2$QuotingInputFilter)
2022-04-28 13:46:50,011 [Listener at 127.0.0.1/39257] INFO  http.HttpServer2 (HttpServer2.java:addFilter(1006)) - Added filter static_user_filter (class=org.apache.hadoop.http.lib.StaticUserWebFilter$StaticUserFilter) to context hddsDatanode
2022-04-28 13:46:50,011 [Listener at 127.0.0.1/39257] INFO  http.HttpServer2 (HttpServer2.java:addFilter(1014)) - Added filter static_user_filter (class=org.apache.hadoop.http.lib.StaticUserWebFilter$StaticUserFilter) to context logs
2022-04-28 13:46:50,011 [Listener at 127.0.0.1/39257] INFO  http.HttpServer2 (HttpServer2.java:addFilter(1014)) - Added filter static_user_filter (class=org.apache.hadoop.http.lib.StaticUserWebFilter$StaticUserFilter) to context static
2022-04-28 13:46:50,012 [Listener at 127.0.0.1/39257] INFO  http.HttpServer2 (HttpServer2.java:bindListener(1249)) - Jetty bound to port 37311
2022-04-28 13:46:50,012 [Listener at 127.0.0.1/39257] INFO  server.Server (Server.java:doStart(375)) - jetty-9.4.43.v20210629; built: 2021-06-30T11:07:22.254Z; git: 526006ecfa3af7f1a27ef3a288e2bef7ea9dd7e8; jvm 1.8.0_322-b06
2022-04-28 13:46:50,024 [Listener at 127.0.0.1/39257] INFO  server.session (DefaultSessionIdManager.java:doStart(334)) - DefaultSessionIdManager workerName=node0
2022-04-28 13:46:50,024 [Listener at 127.0.0.1/39257] INFO  server.session (DefaultSessionIdManager.java:doStart(339)) - No SessionScavenger set, using defaults
2022-04-28 13:46:50,025 [Listener at 127.0.0.1/39257] INFO  server.session (HouseKeeper.java:startScavenging(132)) - node0 Scavenging every 600000ms
2022-04-28 13:46:50,025 [Listener at 127.0.0.1/39257] INFO  handler.ContextHandler (ContextHandler.java:doStart(915)) - Started o.e.j.s.ServletContextHandler@4e759b6e{logs,/logs,file:///home/runner/work/ozone/ozone/hadoop-ozone/integration-test/target/log,AVAILABLE}
2022-04-28 13:46:50,026 [Listener at 127.0.0.1/39257] INFO  handler.ContextHandler (ContextHandler.java:doStart(915)) - Started o.e.j.s.ServletContextHandler@18dc5f70{static,/static,jar:file:/home/runner/.m2/repository/org/apache/ozone/hdds-container-service/1.3.0-SNAPSHOT/hdds-container-service-1.3.0-SNAPSHOT.jar!/webapps/static,AVAILABLE}
2022-04-28 13:46:50,271 [Listener at 127.0.0.1/39257] INFO  handler.ContextHandler (ContextHandler.java:doStart(915)) - Started o.e.j.w.WebAppContext@422ab4c3{hddsDatanode,/,file:///tmp/jetty-0_0_0_0-37311-hdds-container-service-1_3_0-SNAPSHOT_jar-_-any-1493825772966820907/webapp/,AVAILABLE}{jar:file:/home/runner/.m2/repository/org/apache/ozone/hdds-container-service/1.3.0-SNAPSHOT/hdds-container-service-1.3.0-SNAPSHOT.jar!/webapps/hddsDatanode}
2022-04-28 13:46:50,282 [Listener at 127.0.0.1/39257] INFO  server.AbstractConnector (AbstractConnector.java:doStart(331)) - Started ServerConnector@3ea67d8f{HTTP/1.1, (http/1.1)}{0.0.0.0:37311}
2022-04-28 13:46:50,282 [Listener at 127.0.0.1/39257] INFO  server.Server (Server.java:doStart(415)) - Started @107292ms
2022-04-28 13:46:50,282 [Listener at 127.0.0.1/39257] WARN  impl.MetricsSystemImpl (MetricsSystemImpl.java:register(279)) - Sink prometheus already exists!
2022-04-28 13:46:50,283 [Listener at 127.0.0.1/39257] INFO  http.BaseHttpServer (BaseHttpServer.java:updateConnectorAddress(329)) - HTTP server of hddsDatanode listening at http://0.0.0.0:37311
2022-04-28 13:46:50,294 [Listener at 127.0.0.1/39257] INFO  ozone.MiniOzoneClusterImpl (MiniOzoneClusterImpl.java:lambda$waitForClusterToBeReady$0(221)) - Waiting for nodes to be ready. Got 0 of 7 DN Heartbeats.
2022-04-28 13:46:50,294 [Listener at 127.0.0.1/39257] INFO  ozone.MiniOzoneClusterImpl (MiniOzoneClusterImpl.java:lambda$waitForClusterToBeReady$0(224)) - Waiting for cluster to exit safe mode
2022-04-28 13:46:50,294 [Listener at 127.0.0.1/39257] INFO  ozone.MiniOzoneClusterImpl (MiniOzoneClusterImpl.java:lambda$waitForClusterToBeReady$0(226)) - SCM became leader
2022-04-28 13:46:50,294 [Datanode State Machine Daemon Thread] INFO  statemachine.DatanodeStateMachine (DatanodeStateMachine.java:lambda$startDaemon$0(472)) - Ozone container server started.
2022-04-28 13:46:50,342 [org.apache.hadoop.util.JvmPauseMonitor$Monitor@28978bd6] INFO  util.JvmPauseMonitor (JvmPauseMonitor.java:run(188)) - Starting JVM pause monitor
2022-04-28 13:46:50,361 [Datanode State Machine Task Thread - 0] INFO  datanode.InitDatanodeState (InitDatanodeState.java:persistContainerDatanodeDetails(138)) - DatanodeDetails is persisted to /home/runner/work/ozone/ozone/hadoop-ozone/integration-test/target/test-dir/MiniOzoneClusterImpl-b83af172-7a36-4ee1-b1b1-9a7292f569f3/datanode-6/meta/datanode.id
2022-04-28 13:46:50,506 [EndpointStateMachine task thread for /0.0.0.0:40355 - 0 ] INFO  ozoneimpl.OzoneContainer (OzoneContainer.java:start(335)) - Attempting to start container services.
2022-04-28 13:46:50,506 [EndpointStateMachine task thread for /0.0.0.0:40355 - 0 ] INFO  ozoneimpl.OzoneContainer (OzoneContainer.java:startContainerScrub(270)) - Background container scanner has been disabled.
2022-04-28 13:46:50,509 [EndpointStateMachine task thread for /0.0.0.0:40355 - 0 ] INFO  replication.ReplicationServer (ReplicationServer.java:start(111)) - ReplicationServer is started using port 37193
2022-04-28 13:46:50,514 [EndpointStateMachine task thread for /0.0.0.0:40355 - 0 ] INFO  ratis.XceiverServerRatis (XceiverServerRatis.java:start(481)) - Starting XceiverServerRatis 3eb0204c-99db-4ec7-9985-35999c30dd35
2022-04-28 13:46:50,536 [EndpointStateMachine task thread for /0.0.0.0:40355 - 0 ] INFO  server.RaftServer (RaftServerProxy.java:lambda$start$5(374)) - 3eb0204c-99db-4ec7-9985-35999c30dd35: start RPC server
2022-04-28 13:46:50,537 [EndpointStateMachine task thread for /0.0.0.0:40355 - 0 ] INFO  server.GrpcService (GrpcService.java:startImpl(253)) - 3eb0204c-99db-4ec7-9985-35999c30dd35: GrpcService started, listening on 42899
2022-04-28 13:46:50,537 [EndpointStateMachine task thread for /0.0.0.0:40355 - 0 ] INFO  ratis.XceiverServerRatis (XceiverServerRatis.java:getRealPort(502)) - XceiverServerRatis 3eb0204c-99db-4ec7-9985-35999c30dd35 is started using port 42899 for RATIS
2022-04-28 13:46:50,537 [EndpointStateMachine task thread for /0.0.0.0:40355 - 0 ] INFO  ratis.XceiverServerRatis (XceiverServerRatis.java:getRealPort(502)) - XceiverServerRatis 3eb0204c-99db-4ec7-9985-35999c30dd35 is started using port 42899 for RATIS_ADMIN
2022-04-28 13:46:50,537 [EndpointStateMachine task thread for /0.0.0.0:40355 - 0 ] INFO  ratis.XceiverServerRatis (XceiverServerRatis.java:getRealPort(502)) - XceiverServerRatis 3eb0204c-99db-4ec7-9985-35999c30dd35 is started using port 42899 for RATIS_SERVER
2022-04-28 13:46:50,538 [org.apache.ratis.util.JvmPauseMonitor$$Lambda$468/1104361616@1b51e397] INFO  util.JvmPauseMonitor (JvmPauseMonitor.java:run(103)) - JvmPauseMonitor-3eb0204c-99db-4ec7-9985-35999c30dd35: Started
2022-04-28 13:46:50,539 [EndpointStateMachine task thread for /0.0.0.0:40355 - 0 ] INFO  server.XceiverServerGrpc (XceiverServerGrpc.java:start(180)) - XceiverServerGrpc 3eb0204c-99db-4ec7-9985-35999c30dd35 is started using port 36779
2022-04-28 13:46:50,681 [IPC Server handler 1 on default port 40355] INFO  net.NetworkTopologyImpl (NetworkTopologyImpl.java:add(112)) - Added a new node: /default-rack/d6fcb396-7a9b-4335-ba57-70371e8b2173
2022-04-28 13:46:50,682 [IPC Server handler 1 on default port 40355] INFO  node.SCMNodeManager (SCMNodeManager.java:register(391)) - Registered Data node : d6fcb396-7a9b-4335-ba57-70371e8b2173{ip: 10.1.0.6, host: fv-az294-869.eaanfquahm5ulb5tj050gcxych.jx.internal.cloudapp.net, ports: [REPLICATION=43675, RATIS=43147, RATIS_ADMIN=43147, RATIS_SERVER=43147, STANDALONE=40213], networkLocation: /default-rack, certSerialId: null, persistedOpState: null, persistedOpStateExpiryEpochSec: 0}
2022-04-28 13:46:50,683 [EventQueue-NewNodeForNewNodeHandler] INFO  pipeline.BackgroundPipelineCreator (BackgroundPipelineCreator.java:notifyEventTriggered(271)) - trigger a one-shot run on RatisPipelineUtilsThread.
2022-04-28 13:46:50,685 [EventQueue-NodeRegistrationContainerReportForDataNodeSafeModeRule] INFO  safemode.SCMSafeModeManager (DataNodeSafeModeRule.java:process(71)) - SCM in safe mode. 1 DataNodes registered, 3 required.
2022-04-28 13:46:50,684 [RatisPipelineUtilsThread - 0] INFO  pipeline.RatisPipelineProvider (RatisPipelineProvider.java:lambda$create$0(195)) - Sending CreatePipelineCommand for pipeline:PipelineID=ab5ad036-3b59-4008-9a1d-780c64b28498 to datanode:d6fcb396-7a9b-4335-ba57-70371e8b2173
2022-04-28 13:46:50,695 [EventQueue-NodeRegistrationContainerReportForContainerSafeModeRule] INFO  safemode.SCMSafeModeManager (SCMSafeModeManager.java:validateSafeModeExitRules(204)) - ContainerSafeModeRule rule is successfully validated
2022-04-28 13:46:50,698 [EventQueue-PipelineReportForOneReplicaPipelineSafeModeRule] INFO  safemode.SCMSafeModeManager (SCMSafeModeManager.java:validateSafeModeExitRules(204)) - AtleastOneDatanodeReportedRule rule is successfully validated
2022-04-28 13:46:50,758 [002018de-f8db-4c7b-a600-8966bee8ed8d@group-9A7292F569F3-StateMachineUpdater] INFO  pipeline.PipelineStateManagerImpl (PipelineStateManagerImpl.java:addPipeline(101)) - Created pipeline Pipeline[ Id: ab5ad036-3b59-4008-9a1d-780c64b28498, Nodes: d6fcb396-7a9b-4335-ba57-70371e8b2173{ip: 10.1.0.6, host: fv-az294-869.eaanfquahm5ulb5tj050gcxych.jx.internal.cloudapp.net, ports: [REPLICATION=43675, RATIS=43147, RATIS_ADMIN=43147, RATIS_SERVER=43147, STANDALONE=40213], networkLocation: /default-rack, certSerialId: null, persistedOpState: IN_SERVICE, persistedOpStateExpiryEpochSec: 0}, ReplicationConfig: RATIS/ONE, State:ALLOCATED, leaderId:, CreationTimestamp2022-04-28T13:46:50.684Z[Etc/UTC]].
2022-04-28 13:46:50,758 [002018de-f8db-4c7b-a600-8966bee8ed8d@group-9A7292F569F3-StateMachineUpdater] INFO  safemode.HealthyPipelineSafeModeRule (HealthyPipelineSafeModeRule.java:initializeRule(152)) - Refreshed total pipeline count is 0, healthy pipeline threshold count is 1
2022-04-28 13:46:51,138 [EndpointStateMachine task thread for /0.0.0.0:40355 - 0 ] INFO  ozoneimpl.OzoneContainer (OzoneContainer.java:start(335)) - Attempting to start container services.
2022-04-28 13:46:51,138 [EndpointStateMachine task thread for /0.0.0.0:40355 - 0 ] INFO  ozoneimpl.OzoneContainer (OzoneContainer.java:startContainerScrub(270)) - Background container scanner has been disabled.
2022-04-28 13:46:51,139 [EndpointStateMachine task thread for /0.0.0.0:40355 - 0 ] INFO  replication.ReplicationServer (ReplicationServer.java:start(111)) - ReplicationServer is started using port 44843
2022-04-28 13:46:51,141 [EndpointStateMachine task thread for /0.0.0.0:40355 - 0 ] INFO  ratis.XceiverServerRatis (XceiverServerRatis.java:start(481)) - Starting XceiverServerRatis 5b824b54-a886-40a6-8fd7-e73a2bee4a5c
2022-04-28 13:46:51,142 [EndpointStateMachine task thread for /0.0.0.0:40355 - 0 ] INFO  server.RaftServer (RaftServerProxy.java:lambda$start$5(374)) - 5b824b54-a886-40a6-8fd7-e73a2bee4a5c: start RPC server
2022-04-28 13:46:51,145 [EndpointStateMachine task thread for /0.0.0.0:40355 - 0 ] INFO  server.GrpcService (GrpcService.java:startImpl(253)) - 5b824b54-a886-40a6-8fd7-e73a2bee4a5c: GrpcService started, listening on 43771
2022-04-28 13:46:51,147 [EndpointStateMachine task thread for /0.0.0.0:40355 - 0 ] INFO  ratis.XceiverServerRatis (XceiverServerRatis.java:getRealPort(502)) - XceiverServerRatis 5b824b54-a886-40a6-8fd7-e73a2bee4a5c is started using port 43771 for RATIS
2022-04-28 13:46:51,147 [EndpointStateMachine task thread for /0.0.0.0:40355 - 0 ] INFO  ratis.XceiverServerRatis (XceiverServerRatis.java:getRealPort(502)) - XceiverServerRatis 5b824b54-a886-40a6-8fd7-e73a2bee4a5c is started using port 43771 for RATIS_ADMIN
2022-04-28 13:46:51,147 [EndpointStateMachine task thread for /0.0.0.0:40355 - 0 ] INFO  ratis.XceiverServerRatis (XceiverServerRatis.java:getRealPort(502)) - XceiverServerRatis 5b824b54-a886-40a6-8fd7-e73a2bee4a5c is started using port 43771 for RATIS_SERVER
2022-04-28 13:46:51,148 [org.apache.ratis.util.JvmPauseMonitor$$Lambda$468/1104361616@6ba07f6b] INFO  util.JvmPauseMonitor (JvmPauseMonitor.java:run(103)) - JvmPauseMonitor-5b824b54-a886-40a6-8fd7-e73a2bee4a5c: Started
2022-04-28 13:46:51,161 [EndpointStateMachine task thread for /0.0.0.0:40355 - 0 ] INFO  server.XceiverServerGrpc (XceiverServerGrpc.java:start(180)) - XceiverServerGrpc 5b824b54-a886-40a6-8fd7-e73a2bee4a5c is started using port 37173
2022-04-28 13:46:51,242 [IPC Server handler 3 on default port 40355] INFO  net.NetworkTopologyImpl (NetworkTopologyImpl.java:add(112)) - Added a new node: /default-rack/12f93519-ceed-46ee-9151-25937782214d
2022-04-28 13:46:51,242 [IPC Server handler 3 on default port 40355] INFO  node.SCMNodeManager (SCMNodeManager.java:register(391)) - Registered Data node : 12f93519-ceed-46ee-9151-25937782214d{ip: 10.1.0.6, host: fv-az294-869.eaanfquahm5ulb5tj050gcxych.jx.internal.cloudapp.net, ports: [REPLICATION=38103, RATIS=33231, RATIS_ADMIN=33231, RATIS_SERVER=33231, STANDALONE=46501], networkLocation: /default-rack, certSerialId: null, persistedOpState: null, persistedOpStateExpiryEpochSec: 0}
2022-04-28 13:46:51,242 [EventQueue-NewNodeForNewNodeHandler] INFO  pipeline.BackgroundPipelineCreator (BackgroundPipelineCreator.java:notifyEventTriggered(271)) - trigger a one-shot run on RatisPipelineUtilsThread.
2022-04-28 13:46:51,243 [EventQueue-NodeRegistrationContainerReportForDataNodeSafeModeRule] INFO  safemode.SCMSafeModeManager (DataNodeSafeModeRule.java:process(71)) - SCM in safe mode. 2 DataNodes registered, 3 required.
2022-04-28 13:46:51,246 [RatisPipelineUtilsThread - 0] INFO  pipeline.RatisPipelineProvider (RatisPipelineProvider.java:lambda$create$0(195)) - Sending CreatePipelineCommand for pipeline:PipelineID=cb0a80bd-0299-4e6d-816d-e6c2d5bc7d5d to datanode:12f93519-ceed-46ee-9151-25937782214d
2022-04-28 13:46:51,248 [002018de-f8db-4c7b-a600-8966bee8ed8d@group-9A7292F569F3-StateMachineUpdater] INFO  pipeline.PipelineStateManagerImpl (PipelineStateManagerImpl.java:addPipeline(101)) - Created pipeline Pipeline[ Id: cb0a80bd-0299-4e6d-816d-e6c2d5bc7d5d, Nodes: 12f93519-ceed-46ee-9151-25937782214d{ip: 10.1.0.6, host: fv-az294-869.eaanfquahm5ulb5tj050gcxych.jx.internal.cloudapp.net, ports: [REPLICATION=38103, RATIS=33231, RATIS_ADMIN=33231, RATIS_SERVER=33231, STANDALONE=46501], networkLocation: /default-rack, certSerialId: null, persistedOpState: IN_SERVICE, persistedOpStateExpiryEpochSec: 0}, ReplicationConfig: RATIS/ONE, State:ALLOCATED, leaderId:, CreationTimestamp2022-04-28T13:46:51.246Z[Etc/UTC]].
2022-04-28 13:46:51,248 [002018de-f8db-4c7b-a600-8966bee8ed8d@group-9A7292F569F3-StateMachineUpdater] INFO  safemode.HealthyPipelineSafeModeRule (HealthyPipelineSafeModeRule.java:initializeRule(152)) - Refreshed total pipeline count is 0, healthy pipeline threshold count is 1
2022-04-28 13:46:51,294 [Listener at 127.0.0.1/39257] INFO  ozone.MiniOzoneClusterImpl (MiniOzoneClusterImpl.java:lambda$waitForClusterToBeReady$0(221)) - Waiting for nodes to be ready. Got 2 of 7 DN Heartbeats.
2022-04-28 13:46:51,294 [Listener at 127.0.0.1/39257] INFO  ozone.MiniOzoneClusterImpl (MiniOzoneClusterImpl.java:lambda$waitForClusterToBeReady$0(224)) - Waiting for cluster to exit safe mode
2022-04-28 13:46:51,294 [Listener at 127.0.0.1/39257] INFO  ozone.MiniOzoneClusterImpl (MiniOzoneClusterImpl.java:lambda$waitForClusterToBeReady$0(226)) - SCM became leader
2022-04-28 13:46:51,728 [IPC Server handler 2 on default port 40355] INFO  net.NetworkTopologyImpl (NetworkTopologyImpl.java:add(112)) - Added a new node: /default-rack/acf0e45f-1346-4d3d-b768-e886253cff70
2022-04-28 13:46:51,728 [IPC Server handler 2 on default port 40355] INFO  node.SCMNodeManager (SCMNodeManager.java:register(391)) - Registered Data node : acf0e45f-1346-4d3d-b768-e886253cff70{ip: 10.1.0.6, host: fv-az294-869.eaanfquahm5ulb5tj050gcxych.jx.internal.cloudapp.net, ports: [REPLICATION=33505, RATIS=44375, RATIS_ADMIN=44375, RATIS_SERVER=44375, STANDALONE=43863], networkLocation: /default-rack, certSerialId: null, persistedOpState: null, persistedOpStateExpiryEpochSec: 0}
2022-04-28 13:46:51,729 [EventQueue-NewNodeForNewNodeHandler] INFO  pipeline.BackgroundPipelineCreator (BackgroundPipelineCreator.java:notifyEventTriggered(271)) - trigger a one-shot run on RatisPipelineUtilsThread.
2022-04-28 13:46:51,729 [RatisPipelineUtilsThread - 0] INFO  pipeline.RatisPipelineProvider (RatisPipelineProvider.java:lambda$create$0(195)) - Sending CreatePipelineCommand for pipeline:PipelineID=3bf4c614-eea4-48f0-9eeb-ced546a0179b to datanode:acf0e45f-1346-4d3d-b768-e886253cff70
2022-04-28 13:46:51,731 [002018de-f8db-4c7b-a600-8966bee8ed8d@group-9A7292F569F3-StateMachineUpdater] INFO  pipeline.PipelineStateManagerImpl (PipelineStateManagerImpl.java:addPipeline(101)) - Created pipeline Pipeline[ Id: 3bf4c614-eea4-48f0-9eeb-ced546a0179b, Nodes: acf0e45f-1346-4d3d-b768-e886253cff70{ip: 10.1.0.6, host: fv-az294-869.eaanfquahm5ulb5tj050gcxych.jx.internal.cloudapp.net, ports: [REPLICATION=33505, RATIS=44375, RATIS_ADMIN=44375, RATIS_SERVER=44375, STANDALONE=43863], networkLocation: /default-rack, certSerialId: null, persistedOpState: IN_SERVICE, persistedOpStateExpiryEpochSec: 0}, ReplicationConfig: RATIS/ONE, State:ALLOCATED, leaderId:, CreationTimestamp2022-04-28T13:46:51.729Z[Etc/UTC]].
2022-04-28 13:46:51,731 [002018de-f8db-4c7b-a600-8966bee8ed8d@group-9A7292F569F3-StateMachineUpdater] INFO  safemode.HealthyPipelineSafeModeRule (HealthyPipelineSafeModeRule.java:initializeRule(152)) - Refreshed total pipeline count is 0, healthy pipeline threshold count is 1
2022-04-28 13:46:51,740 [EventQueue-NodeRegistrationContainerReportForDataNodeSafeModeRule] INFO  safemode.SCMSafeModeManager (DataNodeSafeModeRule.java:process(71)) - SCM in safe mode. 3 DataNodes registered, 3 required.
2022-04-28 13:46:51,740 [EventQueue-NodeRegistrationContainerReportForDataNodeSafeModeRule] INFO  safemode.SCMSafeModeManager (SCMSafeModeManager.java:validateSafeModeExitRules(204)) - DataNodeSafeModeRule rule is successfully validated
2022-04-28 13:46:51,740 [EventQueue-NodeRegistrationContainerReportForDataNodeSafeModeRule] INFO  safemode.SCMSafeModeManager (SCMSafeModeManager.java:completePreCheck(233)) - All SCM safe mode pre check rules have passed
2022-04-28 13:46:51,740 [EventQueue-NodeRegistrationContainerReportForDataNodeSafeModeRule] WARN  events.EventQueue (EventQueue.java:fireEvent(194)) - No event handler registered for event TypedEvent{payloadType=SafeModeStatus, name='Safe mode status'}
2022-04-28 13:46:51,740 [EventQueue-NodeRegistrationContainerReportForDataNodeSafeModeRule] INFO  ha.SCMContext (SCMContext.java:updateSafeModeStatus(211)) - Update SafeModeStatus from SafeModeStatus{safeModeStatus=true, preCheckPassed=false} to SafeModeStatus{safeModeStatus=true, preCheckPassed=true}.
2022-04-28 13:46:51,740 [EventQueue-NodeRegistrationContainerReportForDataNodeSafeModeRule] INFO  pipeline.BackgroundPipelineCreator (BackgroundPipelineCreator.java:notifyEventTriggered(271)) - trigger a one-shot run on RatisPipelineUtilsThread.
2022-04-28 13:46:51,741 [RatisPipelineUtilsThread - 0] INFO  pipeline.RatisPipelineProvider (RatisPipelineProvider.java:lambda$create$0(195)) - Sending CreatePipelineCommand for pipeline:PipelineID=3eee3059-b617-470b-85e6-76fb0bddfe3b to datanode:d6fcb396-7a9b-4335-ba57-70371e8b2173
2022-04-28 13:46:51,741 [RatisPipelineUtilsThread - 0] INFO  pipeline.RatisPipelineProvider (RatisPipelineProvider.java:lambda$create$0(195)) - Sending CreatePipelineCommand for pipeline:PipelineID=3eee3059-b617-470b-85e6-76fb0bddfe3b to datanode:12f93519-ceed-46ee-9151-25937782214d
2022-04-28 13:46:51,741 [RatisPipelineUtilsThread - 0] INFO  pipeline.RatisPipelineProvider (RatisPipelineProvider.java:lambda$create$0(195)) - Sending CreatePipelineCommand for pipeline:PipelineID=3eee3059-b617-470b-85e6-76fb0bddfe3b to datanode:acf0e45f-1346-4d3d-b768-e886253cff70
2022-04-28 13:46:51,743 [002018de-f8db-4c7b-a600-8966bee8ed8d@group-9A7292F569F3-StateMachineUpdater] INFO  pipeline.PipelineStateManagerImpl (PipelineStateManagerImpl.java:addPipeline(101)) - Created pipeline Pipeline[ Id: 3eee3059-b617-470b-85e6-76fb0bddfe3b, Nodes: d6fcb396-7a9b-4335-ba57-70371e8b2173{ip: 10.1.0.6, host: fv-az294-869.eaanfquahm5ulb5tj050gcxych.jx.internal.cloudapp.net, ports: [REPLICATION=43675, RATIS=43147, RATIS_ADMIN=43147, RATIS_SERVER=43147, STANDALONE=40213], networkLocation: /default-rack, certSerialId: null, persistedOpState: IN_SERVICE, persistedOpStateExpiryEpochSec: 0}12f93519-ceed-46ee-9151-25937782214d{ip: 10.1.0.6, host: fv-az294-869.eaanfquahm5ulb5tj050gcxych.jx.internal.cloudapp.net, ports: [REPLICATION=38103, RATIS=33231, RATIS_ADMIN=33231, RATIS_SERVER=33231, STANDALONE=46501], networkLocation: /default-rack, certSerialId: null, persistedOpState: IN_SERVICE, persistedOpStateExpiryEpochSec: 0}acf0e45f-1346-4d3d-b768-e886253cff70{ip: 10.1.0.6, host: fv-az294-869.eaanfquahm5ulb5tj050gcxych.jx.internal.cloudapp.net, ports: [REPLICATION=33505, RATIS=44375, RATIS_ADMIN=44375, RATIS_SERVER=44375, STANDALONE=43863], networkLocation: /default-rack, certSerialId: null, persistedOpState: IN_SERVICE, persistedOpStateExpiryEpochSec: 0}, ReplicationConfig: RATIS/THREE, State:ALLOCATED, leaderId:, CreationTimestamp2022-04-28T13:46:51.741Z[Etc/UTC]].
2022-04-28 13:46:51,743 [002018de-f8db-4c7b-a600-8966bee8ed8d@group-9A7292F569F3-StateMachineUpdater] INFO  safemode.HealthyPipelineSafeModeRule (HealthyPipelineSafeModeRule.java:initializeRule(152)) - Refreshed total pipeline count is 0, healthy pipeline threshold count is 1
2022-04-28 13:46:51,744 [RatisPipelineUtilsThread - 0] INFO  pipeline.RatisPipelineProvider (RatisPipelineProvider.java:lambda$create$0(195)) - Sending CreatePipelineCommand for pipeline:PipelineID=3a62d18e-2bdf-4f70-8718-9c327277336c to datanode:d6fcb396-7a9b-4335-ba57-70371e8b2173
2022-04-28 13:46:51,744 [RatisPipelineUtilsThread - 0] INFO  pipeline.RatisPipelineProvider (RatisPipelineProvider.java:lambda$create$0(195)) - Sending CreatePipelineCommand for pipeline:PipelineID=3a62d18e-2bdf-4f70-8718-9c327277336c to datanode:12f93519-ceed-46ee-9151-25937782214d
2022-04-28 13:46:51,744 [RatisPipelineUtilsThread - 0] INFO  pipeline.RatisPipelineProvider (RatisPipelineProvider.java:lambda$create$0(195)) - Sending CreatePipelineCommand for pipeline:PipelineID=3a62d18e-2bdf-4f70-8718-9c327277336c to datanode:acf0e45f-1346-4d3d-b768-e886253cff70
2022-04-28 13:46:51,746 [002018de-f8db-4c7b-a600-8966bee8ed8d@group-9A7292F569F3-StateMachineUpdater] INFO  pipeline.PipelineStateManagerImpl (PipelineStateManagerImpl.java:addPipeline(101)) - Created pipeline Pipeline[ Id: 3a62d18e-2bdf-4f70-8718-9c327277336c, Nodes: d6fcb396-7a9b-4335-ba57-70371e8b2173{ip: 10.1.0.6, host: fv-az294-869.eaanfquahm5ulb5tj050gcxych.jx.internal.cloudapp.net, ports: [REPLICATION=43675, RATIS=43147, RATIS_ADMIN=43147, RATIS_SERVER=43147, STANDALONE=40213], networkLocation: /default-rack, certSerialId: null, persistedOpState: IN_SERVICE, persistedOpStateExpiryEpochSec: 0}12f93519-ceed-46ee-9151-25937782214d{ip: 10.1.0.6, host: fv-az294-869.eaanfquahm5ulb5tj050gcxych.jx.internal.cloudapp.net, ports: [REPLICATION=38103, RATIS=33231, RATIS_ADMIN=33231, RATIS_SERVER=33231, STANDALONE=46501], networkLocation: /default-rack, certSerialId: null, persistedOpState: IN_SERVICE, persistedOpStateExpiryEpochSec: 0}acf0e45f-1346-4d3d-b768-e886253cff70{ip: 10.1.0.6, host: fv-az294-869.eaanfquahm5ulb5tj050gcxych.jx.internal.cloudapp.net, ports: [REPLICATION=33505, RATIS=44375, RATIS_ADMIN=44375, RATIS_SERVER=44375, STANDALONE=43863], networkLocation: /default-rack, certSerialId: null, persistedOpState: IN_SERVICE, persistedOpStateExpiryEpochSec: 0}, ReplicationConfig: RATIS/THREE, State:ALLOCATED, leaderId:, CreationTimestamp2022-04-28T13:46:51.744Z[Etc/UTC]].
2022-04-28 13:46:51,748 [002018de-f8db-4c7b-a600-8966bee8ed8d@group-9A7292F569F3-StateMachineUpdater] INFO  safemode.HealthyPipelineSafeModeRule (HealthyPipelineSafeModeRule.java:initializeRule(152)) - Refreshed total pipeline count is 0, healthy pipeline threshold count is 1
2022-04-28 13:46:51,748 [RatisPipelineUtilsThread - 0] INFO  pipeline.PipelineManagerImpl (PipelineManagerImpl.java:recordMetricsForPipeline(687)) - Pipeline: PipelineID=3a62d18e-2bdf-4f70-8718-9c327277336c contains same datanodes as previous pipelines: PipelineID=3eee3059-b617-470b-85e6-76fb0bddfe3b nodeIds: d6fcb396-7a9b-4335-ba57-70371e8b2173, 12f93519-ceed-46ee-9151-25937782214d, acf0e45f-1346-4d3d-b768-e886253cff70
2022-04-28 13:46:51,859 [EndpointStateMachine task thread for /0.0.0.0:40355 - 0 ] INFO  ozoneimpl.OzoneContainer (OzoneContainer.java:start(335)) - Attempting to start container services.
2022-04-28 13:46:51,859 [EndpointStateMachine task thread for /0.0.0.0:40355 - 0 ] INFO  ozoneimpl.OzoneContainer (OzoneContainer.java:startContainerScrub(270)) - Background container scanner has been disabled.
2022-04-28 13:46:51,870 [EndpointStateMachine task thread for /0.0.0.0:40355 - 0 ] INFO  replication.ReplicationServer (ReplicationServer.java:start(111)) - ReplicationServer is started using port 43375
2022-04-28 13:46:51,878 [EndpointStateMachine task thread for /0.0.0.0:40355 - 0 ] INFO  ratis.XceiverServerRatis (XceiverServerRatis.java:start(481)) - Starting XceiverServerRatis 0f8914ae-8a7a-42c5-8d1b-d8caec49e59b
2022-04-28 13:46:51,905 [EndpointStateMachine task thread for /0.0.0.0:40355 - 0 ] INFO  server.RaftServer (RaftServerProxy.java:lambda$start$5(374)) - 0f8914ae-8a7a-42c5-8d1b-d8caec49e59b: start RPC server
2022-04-28 13:46:51,911 [EndpointStateMachine task thread for /0.0.0.0:40355 - 0 ] INFO  server.GrpcService (GrpcService.java:startImpl(253)) - 0f8914ae-8a7a-42c5-8d1b-d8caec49e59b: GrpcService started, listening on 36085
2022-04-28 13:46:51,912 [EndpointStateMachine task thread for /0.0.0.0:40355 - 0 ] INFO  ratis.XceiverServerRatis (XceiverServerRatis.java:getRealPort(502)) - XceiverServerRatis 0f8914ae-8a7a-42c5-8d1b-d8caec49e59b is started using port 36085 for RATIS
2022-04-28 13:46:51,912 [EndpointStateMachine task thread for /0.0.0.0:40355 - 0 ] INFO  ratis.XceiverServerRatis (XceiverServerRatis.java:getRealPort(502)) - XceiverServerRatis 0f8914ae-8a7a-42c5-8d1b-d8caec49e59b is started using port 36085 for RATIS_ADMIN
2022-04-28 13:46:51,912 [EndpointStateMachine task thread for /0.0.0.0:40355 - 0 ] INFO  ratis.XceiverServerRatis (XceiverServerRatis.java:getRealPort(502)) - XceiverServerRatis 0f8914ae-8a7a-42c5-8d1b-d8caec49e59b is started using port 36085 for RATIS_SERVER
2022-04-28 13:46:51,912 [org.apache.ratis.util.JvmPauseMonitor$$Lambda$468/1104361616@4f6648bb] INFO  util.JvmPauseMonitor (JvmPauseMonitor.java:run(103)) - JvmPauseMonitor-0f8914ae-8a7a-42c5-8d1b-d8caec49e59b: Started
2022-04-28 13:46:51,925 [EndpointStateMachine task thread for /0.0.0.0:40355 - 0 ] INFO  server.XceiverServerGrpc (XceiverServerGrpc.java:start(180)) - XceiverServerGrpc 0f8914ae-8a7a-42c5-8d1b-d8caec49e59b is started using port 42911
2022-04-28 13:46:52,295 [Listener at 127.0.0.1/39257] INFO  ozone.MiniOzoneClusterImpl (MiniOzoneClusterImpl.java:lambda$waitForClusterToBeReady$0(221)) - Waiting for nodes to be ready. Got 3 of 7 DN Heartbeats.
2022-04-28 13:46:52,295 [Listener at 127.0.0.1/39257] INFO  ozone.MiniOzoneClusterImpl (MiniOzoneClusterImpl.java:lambda$waitForClusterToBeReady$0(224)) - Waiting for cluster to exit safe mode
2022-04-28 13:46:52,295 [Listener at 127.0.0.1/39257] INFO  ozone.MiniOzoneClusterImpl (MiniOzoneClusterImpl.java:lambda$waitForClusterToBeReady$0(226)) - SCM became leader
2022-04-28 13:46:52,365 [EndpointStateMachine task thread for /0.0.0.0:40355 - 0 ] INFO  ozoneimpl.OzoneContainer (OzoneContainer.java:start(335)) - Attempting to start container services.
2022-04-28 13:46:52,365 [EndpointStateMachine task thread for /0.0.0.0:40355 - 0 ] INFO  ozoneimpl.OzoneContainer (OzoneContainer.java:startContainerScrub(270)) - Background container scanner has been disabled.
2022-04-28 13:46:52,366 [EndpointStateMachine task thread for /0.0.0.0:40355 - 0 ] INFO  replication.ReplicationServer (ReplicationServer.java:start(111)) - ReplicationServer is started using port 33295
2022-04-28 13:46:52,374 [EndpointStateMachine task thread for /0.0.0.0:40355 - 0 ] INFO  ratis.XceiverServerRatis (XceiverServerRatis.java:start(481)) - Starting XceiverServerRatis 8b9e3e84-a08a-404f-8d97-9d84e294535b
2022-04-28 13:46:52,388 [EndpointStateMachine task thread for /0.0.0.0:40355 - 0 ] INFO  server.RaftServer (RaftServerProxy.java:lambda$start$5(374)) - 8b9e3e84-a08a-404f-8d97-9d84e294535b: start RPC server
2022-04-28 13:46:52,391 [EndpointStateMachine task thread for /0.0.0.0:40355 - 0 ] INFO  server.GrpcService (GrpcService.java:startImpl(253)) - 8b9e3e84-a08a-404f-8d97-9d84e294535b: GrpcService started, listening on 42451
2022-04-28 13:46:52,396 [EndpointStateMachine task thread for /0.0.0.0:40355 - 0 ] INFO  ratis.XceiverServerRatis (XceiverServerRatis.java:getRealPort(502)) - XceiverServerRatis 8b9e3e84-a08a-404f-8d97-9d84e294535b is started using port 42451 for RATIS
2022-04-28 13:46:52,396 [EndpointStateMachine task thread for /0.0.0.0:40355 - 0 ] INFO  ratis.XceiverServerRatis (XceiverServerRatis.java:getRealPort(502)) - XceiverServerRatis 8b9e3e84-a08a-404f-8d97-9d84e294535b is started using port 42451 for RATIS_ADMIN
2022-04-28 13:46:52,396 [EndpointStateMachine task thread for /0.0.0.0:40355 - 0 ] INFO  ratis.XceiverServerRatis (XceiverServerRatis.java:getRealPort(502)) - XceiverServerRatis 8b9e3e84-a08a-404f-8d97-9d84e294535b is started using port 42451 for RATIS_SERVER
2022-04-28 13:46:52,397 [org.apache.ratis.util.JvmPauseMonitor$$Lambda$468/1104361616@510dc882] INFO  util.JvmPauseMonitor (JvmPauseMonitor.java:run(103)) - JvmPauseMonitor-8b9e3e84-a08a-404f-8d97-9d84e294535b: Started
2022-04-28 13:46:52,402 [EndpointStateMachine task thread for /0.0.0.0:40355 - 0 ] INFO  server.XceiverServerGrpc (XceiverServerGrpc.java:start(180)) - XceiverServerGrpc 8b9e3e84-a08a-404f-8d97-9d84e294535b is started using port 34683
2022-04-28 13:46:52,495 [IPC Server handler 0 on default port 40355] INFO  net.NetworkTopologyImpl (NetworkTopologyImpl.java:add(112)) - Added a new node: /default-rack/3eb0204c-99db-4ec7-9985-35999c30dd35
2022-04-28 13:46:52,495 [IPC Server handler 0 on default port 40355] INFO  node.SCMNodeManager (SCMNodeManager.java:register(391)) - Registered Data node : 3eb0204c-99db-4ec7-9985-35999c30dd35{ip: 10.1.0.6, host: fv-az294-869.eaanfquahm5ulb5tj050gcxych.jx.internal.cloudapp.net, ports: [REPLICATION=37193, RATIS=42899, RATIS_ADMIN=42899, RATIS_SERVER=42899, STANDALONE=36779], networkLocation: /default-rack, certSerialId: null, persistedOpState: null, persistedOpStateExpiryEpochSec: 0}
2022-04-28 13:46:52,497 [EventQueue-NewNodeForNewNodeHandler] INFO  pipeline.BackgroundPipelineCreator (BackgroundPipelineCreator.java:notifyEventTriggered(271)) - trigger a one-shot run on RatisPipelineUtilsThread.
2022-04-28 13:46:52,498 [RatisPipelineUtilsThread - 0] INFO  pipeline.RatisPipelineProvider (RatisPipelineProvider.java:lambda$create$0(195)) - Sending CreatePipelineCommand for pipeline:PipelineID=ac0beb0b-ff03-4980-8709-2a2ef2d7b2c6 to datanode:3eb0204c-99db-4ec7-9985-35999c30dd35
2022-04-28 13:46:52,501 [002018de-f8db-4c7b-a600-8966bee8ed8d@group-9A7292F569F3-StateMachineUpdater] INFO  pipeline.PipelineStateManagerImpl (PipelineStateManagerImpl.java:addPipeline(101)) - Created pipeline Pipeline[ Id: ac0beb0b-ff03-4980-8709-2a2ef2d7b2c6, Nodes: 3eb0204c-99db-4ec7-9985-35999c30dd35{ip: 10.1.0.6, host: fv-az294-869.eaanfquahm5ulb5tj050gcxych.jx.internal.cloudapp.net, ports: [REPLICATION=37193, RATIS=42899, RATIS_ADMIN=42899, RATIS_SERVER=42899, STANDALONE=36779], networkLocation: /default-rack, certSerialId: null, persistedOpState: IN_SERVICE, persistedOpStateExpiryEpochSec: 0}, ReplicationConfig: RATIS/ONE, State:ALLOCATED, leaderId:, CreationTimestamp2022-04-28T13:46:52.498Z[Etc/UTC]].
2022-04-28 13:46:52,501 [002018de-f8db-4c7b-a600-8966bee8ed8d@group-9A7292F569F3-StateMachineUpdater] INFO  safemode.HealthyPipelineSafeModeRule (HealthyPipelineSafeModeRule.java:initializeRule(152)) - Refreshed total pipeline count is 0, healthy pipeline threshold count is 1
2022-04-28 13:46:53,127 [IPC Server handler 4 on default port 40355] INFO  net.NetworkTopologyImpl (NetworkTopologyImpl.java:add(112)) - Added a new node: /default-rack/5b824b54-a886-40a6-8fd7-e73a2bee4a5c
2022-04-28 13:46:53,128 [IPC Server handler 4 on default port 40355] INFO  node.SCMNodeManager (SCMNodeManager.java:register(391)) - Registered Data node : 5b824b54-a886-40a6-8fd7-e73a2bee4a5c{ip: 10.1.0.6, host: fv-az294-869.eaanfquahm5ulb5tj050gcxych.jx.internal.cloudapp.net, ports: [REPLICATION=44843, RATIS=43771, RATIS_ADMIN=43771, RATIS_SERVER=43771, STANDALONE=37173], networkLocation: /default-rack, certSerialId: null, persistedOpState: null, persistedOpStateExpiryEpochSec: 0}
2022-04-28 13:46:53,128 [EventQueue-NewNodeForNewNodeHandler] INFO  pipeline.BackgroundPipelineCreator (BackgroundPipelineCreator.java:notifyEventTriggered(271)) - trigger a one-shot run on RatisPipelineUtilsThread.
2022-04-28 13:46:53,128 [RatisPipelineUtilsThread - 0] INFO  pipeline.RatisPipelineProvider (RatisPipelineProvider.java:lambda$create$0(195)) - Sending CreatePipelineCommand for pipeline:PipelineID=5ad5e940-2891-47b2-8b45-aed03b798454 to datanode:5b824b54-a886-40a6-8fd7-e73a2bee4a5c
2022-04-28 13:46:53,132 [002018de-f8db-4c7b-a600-8966bee8ed8d@group-9A7292F569F3-StateMachineUpdater] INFO  pipeline.PipelineStateManagerImpl (PipelineStateManagerImpl.java:addPipeline(101)) - Created pipeline Pipeline[ Id: 5ad5e940-2891-47b2-8b45-aed03b798454, Nodes: 5b824b54-a886-40a6-8fd7-e73a2bee4a5c{ip: 10.1.0.6, host: fv-az294-869.eaanfquahm5ulb5tj050gcxych.jx.internal.cloudapp.net, ports: [REPLICATION=44843, RATIS=43771, RATIS_ADMIN=43771, RATIS_SERVER=43771, STANDALONE=37173], networkLocation: /default-rack, certSerialId: null, persistedOpState: IN_SERVICE, persistedOpStateExpiryEpochSec: 0}, ReplicationConfig: RATIS/ONE, State:ALLOCATED, leaderId:, CreationTimestamp2022-04-28T13:46:53.128Z[Etc/UTC]].
2022-04-28 13:46:53,132 [002018de-f8db-4c7b-a600-8966bee8ed8d@group-9A7292F569F3-StateMachineUpdater] INFO  safemode.HealthyPipelineSafeModeRule (HealthyPipelineSafeModeRule.java:initializeRule(152)) - Refreshed total pipeline count is 0, healthy pipeline threshold count is 1
2022-04-28 13:46:53,295 [Listener at 127.0.0.1/39257] INFO  ozone.MiniOzoneClusterImpl (MiniOzoneClusterImpl.java:lambda$waitForClusterToBeReady$0(221)) - Waiting for nodes to be ready. Got 5 of 7 DN Heartbeats.
2022-04-28 13:46:53,295 [Listener at 127.0.0.1/39257] INFO  ozone.MiniOzoneClusterImpl (MiniOzoneClusterImpl.java:lambda$waitForClusterToBeReady$0(224)) - Waiting for cluster to exit safe mode
2022-04-28 13:46:53,295 [Listener at 127.0.0.1/39257] INFO  ozone.MiniOzoneClusterImpl (MiniOzoneClusterImpl.java:lambda$waitForClusterToBeReady$0(226)) - SCM became leader
2022-04-28 13:46:53,681 [Command processor thread] INFO  server.RaftServer (RaftServerProxy.java:addNew(95)) - d6fcb396-7a9b-4335-ba57-70371e8b2173: addNew group-780C64B28498:[d6fcb396-7a9b-4335-ba57-70371e8b2173|rpc:10.1.0.6:43147|priority:1] returns group-780C64B28498:java.util.concurrent.CompletableFuture@545ed744[Not completed]
2022-04-28 13:46:53,694 [pool-290-thread-1] INFO  server.RaftServer$Division (RaftServerImpl.java:<init>(184)) - d6fcb396-7a9b-4335-ba57-70371e8b2173: new RaftServerImpl for group-780C64B28498:[d6fcb396-7a9b-4335-ba57-70371e8b2173|rpc:10.1.0.6:43147|priority:1] with ContainerStateMachine:uninitialized
2022-04-28 13:46:53,695 [pool-290-thread-1] INFO  server.RaftServerConfigKeys (ConfUtils.java:logGet(44)) - raft.server.rpc.timeout.min = 5s (custom)
2022-04-28 13:46:53,695 [pool-290-thread-1] INFO  server.RaftServerConfigKeys (ConfUtils.java:logGet(44)) - raft.server.rpc.timeout.max = 5200ms (custom)
2022-04-28 13:46:53,695 [pool-290-thread-1] INFO  server.RaftServerConfigKeys (ConfUtils.java:logGet(44)) - raft.server.rpc.sleep.time = 25ms (default)
2022-04-28 13:46:53,695 [pool-290-thread-1] INFO  server.RaftServerConfigKeys (ConfUtils.java:logGet(44)) - raft.server.rpc.slowness.timeout = 300000ms (custom)
2022-04-28 13:46:53,695 [pool-290-thread-1] INFO  server.RaftServerConfigKeys (ConfUtils.java:logGet(44)) - raft.server.leaderelection.leader.step-down.wait-time = 10s (default)
2022-04-28 13:46:53,695 [pool-290-thread-1] INFO  server.RaftServerConfigKeys (ConfUtils.java:logGet(44)) - raft.server.sleep.deviation.threshold = 300ms (default)
2022-04-28 13:46:53,695 [pool-290-thread-1] INFO  server.RaftServerConfigKeys (ConfUtils.java:logGet(44)) - raft.server.log.appender.install.snapshot.enabled = false (custom)
2022-04-28 13:46:53,695 [pool-290-thread-1] INFO  server.RaftServer$Division (ServerState.java:<init>(105)) - d6fcb396-7a9b-4335-ba57-70371e8b2173@group-780C64B28498: ConfigurationManager, init=-1: [d6fcb396-7a9b-4335-ba57-70371e8b2173|rpc:10.1.0.6:43147|priority:1], old=null, confs=<EMPTY_MAP>
2022-04-28 13:46:53,695 [pool-290-thread-1] INFO  server.RaftServerConfigKeys (ConfUtils.java:logGet(44)) - raft.server.storage.dir = [/home/runner/work/ozone/ozone/hadoop-ozone/integration-test/target/test-dir/MiniOzoneClusterImpl-b83af172-7a36-4ee1-b1b1-9a7292f569f3/datanode-0/data/ratis] (custom)
2022-04-28 13:46:53,695 [pool-290-thread-1] INFO  server.RaftServerConfigKeys (ConfUtils.java:logGet(44)) - raft.server.log.corruption.policy = EXCEPTION (default)
2022-04-28 13:46:53,695 [pool-290-thread-1] INFO  server.RaftServerConfigKeys (ConfUtils.java:logGet(44)) - raft.server.storage.free-space.min = 0MB (=0) (default)
2022-04-28 13:46:53,695 [pool-290-thread-1] INFO  storage.RaftStorageDirectory (RaftStorageDirectoryImpl.java:analyzeStorage(135)) - The storage directory /home/runner/work/ozone/ozone/hadoop-ozone/integration-test/target/test-dir/MiniOzoneClusterImpl-b83af172-7a36-4ee1-b1b1-9a7292f569f3/datanode-0/data/ratis/ab5ad036-3b59-4008-9a1d-780c64b28498 does not exist. Creating ...
2022-04-28 13:46:53,696 [pool-290-thread-1] INFO  storage.RaftStorageDirectory (RaftStorageDirectoryImpl.java:tryLock(230)) - Lock on /home/runner/work/ozone/ozone/hadoop-ozone/integration-test/target/test-dir/MiniOzoneClusterImpl-b83af172-7a36-4ee1-b1b1-9a7292f569f3/datanode-0/data/ratis/ab5ad036-3b59-4008-9a1d-780c64b28498/in_use.lock acquired by nodename 9841@fv-az294-869
2022-04-28 13:46:53,700 [pool-290-thread-1] INFO  storage.RaftStorage (RaftStorageImpl.java:format(89)) - Storage directory /home/runner/work/ozone/ozone/hadoop-ozone/integration-test/target/test-dir/MiniOzoneClusterImpl-b83af172-7a36-4ee1-b1b1-9a7292f569f3/datanode-0/data/ratis/ab5ad036-3b59-4008-9a1d-780c64b28498 has been successfully formatted.
2022-04-28 13:46:53,712 [pool-290-thread-1] INFO  ratis.ContainerStateMachine (ContainerStateMachine.java:loadSnapshot(236)) - group-780C64B28498: The snapshot info is null. Setting the last applied indexto:(t:0, i:~)
2022-04-28 13:46:53,712 [pool-290-thread-1] INFO  server.RaftServerConfigKeys (ConfUtils.java:logGet(44)) - raft.server.notification.no-leader.timeout = 300000ms (custom)
2022-04-28 13:46:53,712 [pool-290-thread-1] INFO  server.RaftServerConfigKeys (ConfUtils.java:logGet(44)) - raft.server.log.use.memory = false (default)
2022-04-28 13:46:53,712 [pool-290-thread-1] INFO  server.RaftServerConfigKeys (ConfUtils.java:logGet(44)) - raft.server.log.purge.gap = 1000000 (custom)
2022-04-28 13:46:53,712 [pool-290-thread-1] INFO  server.RaftServerConfigKeys (ConfUtils.java:logGet(44)) - raft.server.log.appender.buffer.byte-limit = 33554432 (custom)
2022-04-28 13:46:53,712 [pool-290-thread-1] INFO  server.RaftServerConfigKeys (ConfUtils.java:logGet(44)) - raft.server.log.segment.size.max = 1048576 (custom)
2022-04-28 13:46:53,713 [pool-290-thread-1] INFO  server.RaftServerConfigKeys (ConfUtils.java:logGet(44)) - raft.server.log.segment.cache.num.max = 2 (custom)
2022-04-28 13:46:53,713 [pool-290-thread-1] INFO  server.RaftServerConfigKeys (ConfUtils.java:logGet(44)) - raft.server.log.segment.cache.size.max = 200MB (=209715200) (default)
2022-04-28 13:46:53,713 [pool-290-thread-1] INFO  segmented.SegmentedRaftLogWorker (SegmentedRaftLogWorker.java:<init>(182)) - new d6fcb396-7a9b-4335-ba57-70371e8b2173@group-780C64B28498-SegmentedRaftLogWorker for RaftStorageImpl:Storage Directory /home/runner/work/ozone/ozone/hadoop-ozone/integration-test/target/test-dir/MiniOzoneClusterImpl-b83af172-7a36-4ee1-b1b1-9a7292f569f3/datanode-0/data/ratis/ab5ad036-3b59-4008-9a1d-780c64b28498
2022-04-28 13:46:53,713 [pool-290-thread-1] INFO  server.RaftServerConfigKeys (ConfUtils.java:logGet(44)) - raft.server.log.queue.byte-limit = 4294967296 (custom)
2022-04-28 13:46:53,713 [pool-290-thread-1] INFO  server.RaftServerConfigKeys (ConfUtils.java:logGet(44)) - raft.server.log.queue.element-limit = 1024 (custom)
2022-04-28 13:46:53,713 [pool-290-thread-1] INFO  server.RaftServerConfigKeys (ConfUtils.java:logGet(44)) - raft.server.log.segment.size.max = 1048576 (custom)
2022-04-28 13:46:53,713 [pool-290-thread-1] INFO  server.RaftServerConfigKeys (ConfUtils.java:logGet(44)) - raft.server.log.preallocated.size = 16384 (custom)
2022-04-28 13:46:53,713 [pool-290-thread-1] INFO  server.RaftServerConfigKeys (ConfUtils.java:logGet(44)) - raft.server.log.force.sync.num = 128 (default)
2022-04-28 13:46:53,713 [pool-290-thread-1] INFO  server.RaftServerConfigKeys (ConfUtils.java:logGet(44)) - raft.server.log.statemachine.data.sync = true (default)
2022-04-28 13:46:53,713 [pool-290-thread-1] INFO  server.RaftServerConfigKeys (ConfUtils.java:logGet(44)) - raft.server.log.statemachine.data.sync.timeout = 10s (default)
2022-04-28 13:46:53,713 [pool-290-thread-1] INFO  server.RaftServerConfigKeys (ConfUtils.java:logGet(44)) - raft.server.log.statemachine.data.sync.timeout.retry = -1 (default)
2022-04-28 13:46:53,713 [EventQueue-PipelineReportForPipelineReportHandler] INFO  pipeline.PipelineManagerImpl (PipelineManagerImpl.java:openPipeline(328)) - Pipeline Pipeline[ Id: ab5ad036-3b59-4008-9a1d-780c64b28498, Nodes: d6fcb396-7a9b-4335-ba57-70371e8b2173{ip: 10.1.0.6, host: fv-az294-869.eaanfquahm5ulb5tj050gcxych.jx.internal.cloudapp.net, ports: [REPLICATION=43675, RATIS=43147, RATIS_ADMIN=43147, RATIS_SERVER=43147, STANDALONE=40213], networkLocation: /default-rack, certSerialId: null, persistedOpState: IN_SERVICE, persistedOpStateExpiryEpochSec: 0}, ReplicationConfig: RATIS/ONE, State:ALLOCATED, leaderId:d6fcb396-7a9b-4335-ba57-70371e8b2173, CreationTimestamp2022-04-28T13:46:50.684Z[Etc/UTC]] moved to OPEN state
2022-04-28 13:46:53,721 [002018de-f8db-4c7b-a600-8966bee8ed8d@group-9A7292F569F3-StateMachineUpdater] INFO  safemode.HealthyPipelineSafeModeRule (HealthyPipelineSafeModeRule.java:initializeRule(152)) - Refreshed total pipeline count is 0, healthy pipeline threshold count is 1
2022-04-28 13:46:53,723 [pool-290-thread-1] INFO  server.RaftServerConfigKeys (ConfUtils.java:logGet(44)) - raft.server.log.write.buffer.size = 1048576 (custom)
2022-04-28 13:46:53,723 [pool-290-thread-1] INFO  server.RaftServerConfigKeys (ConfUtils.java:logGet(44)) - raft.server.log.statemachine.data.caching.enabled = true (custom)
2022-04-28 13:46:53,724 [pool-290-thread-1] INFO  segmented.SegmentedRaftLogWorker (SegmentedRaftLogWorker.java:lambda$new$0(133)) - d6fcb396-7a9b-4335-ba57-70371e8b2173@group-780C64B28498-SegmentedRaftLogWorker: flushIndex: setUnconditionally 0 -> -1
2022-04-28 13:46:53,724 [pool-290-thread-1] INFO  segmented.SegmentedRaftLogWorker (SegmentedRaftLogWorker.java:lambda$new$0(133)) - d6fcb396-7a9b-4335-ba57-70371e8b2173@group-780C64B28498-SegmentedRaftLogWorker: safeCacheEvictIndex: setUnconditionally 0 -> -1
2022-04-28 13:46:53,725 [EventQueue-OpenPipelineForHealthyPipelineSafeModeRule] INFO  safemode.SCMSafeModeManager (HealthyPipelineSafeModeRule.java:process(124)) - SCM in safe mode. Healthy pipelines reported count is 0, required healthy pipeline reported count is 1
2022-04-28 13:46:53,725 [pool-290-thread-1] INFO  server.RaftServerConfigKeys (ConfUtils.java:logGet(44)) - raft.server.snapshot.auto.trigger.enabled = true (custom)
2022-04-28 13:46:53,726 [pool-290-thread-1] INFO  server.RaftServerConfigKeys (ConfUtils.java:logGet(44)) - raft.server.snapshot.auto.trigger.threshold = 10000 (custom)
2022-04-28 13:46:53,726 [pool-290-thread-1] INFO  server.RaftServerConfigKeys (ConfUtils.java:logGet(44)) - raft.server.snapshot.retention.file.num = 5 (custom)
2022-04-28 13:46:53,726 [pool-290-thread-1] INFO  server.RaftServerConfigKeys (ConfUtils.java:logGet(44)) - raft.server.log.purge.upto.snapshot.index = false (default)
2022-04-28 13:46:53,727 [pool-290-thread-1] INFO  server.RaftServerConfigKeys (ConfUtils.java:logGet(44)) - raft.server.retrycache.expirytime = 600000ms (custom)
2022-04-28 13:46:53,727 [pool-290-thread-1] INFO  server.RaftServerConfigKeys (ConfUtils.java:logGet(44)) - raft.server.retrycache.statistics.expirytime = 100μs (default)
2022-04-28 13:46:53,730 [pool-290-thread-1] INFO  server.RaftServer$Division (RaftServerImpl.java:start(301)) - d6fcb396-7a9b-4335-ba57-70371e8b2173@group-780C64B28498: start as a follower, conf=-1: [d6fcb396-7a9b-4335-ba57-70371e8b2173|rpc:10.1.0.6:43147|priority:1], old=null
2022-04-28 13:46:53,730 [pool-290-thread-1] INFO  server.RaftServer$Division (RaftServerImpl.java:setRole(290)) - d6fcb396-7a9b-4335-ba57-70371e8b2173@group-780C64B28498: changes role from      null to FOLLOWER at term 0 for startAsFollower
2022-04-28 13:46:53,730 [pool-290-thread-1] INFO  impl.RoleInfo (RoleInfo.java:updateAndGet(130)) - d6fcb396-7a9b-4335-ba57-70371e8b2173: start d6fcb396-7a9b-4335-ba57-70371e8b2173@group-780C64B28498-FollowerState
2022-04-28 13:46:53,731 [pool-290-thread-1] INFO  util.JmxRegister (JmxRegister.java:tryRegister(44)) - Successfully registered JMX Bean with object name Ratis:service=RaftServer,group=group-780C64B28498,id=d6fcb396-7a9b-4335-ba57-70371e8b2173
2022-04-28 13:46:53,732 [Command processor thread] INFO  ratis.XceiverServerRatis (XceiverServerRatis.java:addGroup(765)) - Created group PipelineID=ab5ad036-3b59-4008-9a1d-780c64b28498
2022-04-28 13:46:53,732 [Command processor thread] INFO  commandhandler.CreatePipelineCommandHandler (CreatePipelineCommandHandler.java:handle(113)) - Created Pipeline RATIS ONE PipelineID=ab5ad036-3b59-4008-9a1d-780c64b28498.
2022-04-28 13:46:53,732 [Command processor thread] INFO  server.RaftServer (RaftServerProxy.java:addNew(95)) - d6fcb396-7a9b-4335-ba57-70371e8b2173: addNew group-76FB0BDDFE3B:[acf0e45f-1346-4d3d-b768-e886253cff70|rpc:10.1.0.6:44375|priority:1, d6fcb396-7a9b-4335-ba57-70371e8b2173|rpc:10.1.0.6:43147|priority:0, 12f93519-ceed-46ee-9151-25937782214d|rpc:10.1.0.6:33231|priority:0] returns group-76FB0BDDFE3B:java.util.concurrent.CompletableFuture@50615917[Not completed]
2022-04-28 13:46:53,733 [pool-290-thread-1] INFO  server.RaftServer$Division (RaftServerImpl.java:<init>(184)) - d6fcb396-7a9b-4335-ba57-70371e8b2173: new RaftServerImpl for group-76FB0BDDFE3B:[acf0e45f-1346-4d3d-b768-e886253cff70|rpc:10.1.0.6:44375|priority:1, d6fcb396-7a9b-4335-ba57-70371e8b2173|rpc:10.1.0.6:43147|priority:0, 12f93519-ceed-46ee-9151-25937782214d|rpc:10.1.0.6:33231|priority:0] with ContainerStateMachine:uninitialized
2022-04-28 13:46:53,734 [pool-290-thread-1] INFO  server.RaftServerConfigKeys (ConfUtils.java:logGet(44)) - raft.server.rpc.timeout.min = 5s (custom)
2022-04-28 13:46:53,734 [pool-290-thread-1] INFO  server.RaftServerConfigKeys (ConfUtils.java:logGet(44)) - raft.server.rpc.timeout.max = 5200ms (custom)
2022-04-28 13:46:53,734 [pool-290-thread-1] INFO  server.RaftServerConfigKeys (ConfUtils.java:logGet(44)) - raft.server.rpc.sleep.time = 25ms (default)
2022-04-28 13:46:53,734 [pool-290-thread-1] INFO  server.RaftServerConfigKeys (ConfUtils.java:logGet(44)) - raft.server.rpc.slowness.timeout = 300000ms (custom)
2022-04-28 13:46:53,734 [pool-290-thread-1] INFO  server.RaftServerConfigKeys (ConfUtils.java:logGet(44)) - raft.server.leaderelection.leader.step-down.wait-time = 10s (default)
2022-04-28 13:46:53,734 [pool-290-thread-1] INFO  server.RaftServerConfigKeys (ConfUtils.java:logGet(44)) - raft.server.sleep.deviation.threshold = 300ms (default)
2022-04-28 13:46:53,734 [pool-290-thread-1] INFO  server.RaftServerConfigKeys (ConfUtils.java:logGet(44)) - raft.server.log.appender.install.snapshot.enabled = false (custom)
2022-04-28 13:46:53,734 [pool-290-thread-1] INFO  server.RaftServer$Division (ServerState.java:<init>(105)) - d6fcb396-7a9b-4335-ba57-70371e8b2173@group-76FB0BDDFE3B: ConfigurationManager, init=-1: [acf0e45f-1346-4d3d-b768-e886253cff70|rpc:10.1.0.6:44375|priority:1, d6fcb396-7a9b-4335-ba57-70371e8b2173|rpc:10.1.0.6:43147|priority:0, 12f93519-ceed-46ee-9151-25937782214d|rpc:10.1.0.6:33231|priority:0], old=null, confs=<EMPTY_MAP>
2022-04-28 13:46:53,734 [pool-290-thread-1] INFO  server.RaftServerConfigKeys (ConfUtils.java:logGet(44)) - raft.server.storage.dir = [/home/runner/work/ozone/ozone/hadoop-ozone/integration-test/target/test-dir/MiniOzoneClusterImpl-b83af172-7a36-4ee1-b1b1-9a7292f569f3/datanode-0/data/ratis] (custom)
2022-04-28 13:46:53,734 [pool-290-thread-1] INFO  server.RaftServerConfigKeys (ConfUtils.java:logGet(44)) - raft.server.log.corruption.policy = EXCEPTION (default)
2022-04-28 13:46:53,734 [pool-290-thread-1] INFO  server.RaftServerConfigKeys (ConfUtils.java:logGet(44)) - raft.server.storage.free-space.min = 0MB (=0) (default)
2022-04-28 13:46:53,734 [pool-290-thread-1] INFO  storage.RaftStorageDirectory (RaftStorageDirectoryImpl.java:analyzeStorage(135)) - The storage directory /home/runner/work/ozone/ozone/hadoop-ozone/integration-test/target/test-dir/MiniOzoneClusterImpl-b83af172-7a36-4ee1-b1b1-9a7292f569f3/datanode-0/data/ratis/3eee3059-b617-470b-85e6-76fb0bddfe3b does not exist. Creating ...
2022-04-28 13:46:53,745 [pool-290-thread-1] INFO  storage.RaftStorageDirectory (RaftStorageDirectoryImpl.java:tryLock(230)) - Lock on /home/runner/work/ozone/ozone/hadoop-ozone/integration-test/target/test-dir/MiniOzoneClusterImpl-b83af172-7a36-4ee1-b1b1-9a7292f569f3/datanode-0/data/ratis/3eee3059-b617-470b-85e6-76fb0bddfe3b/in_use.lock acquired by nodename 9841@fv-az294-869
2022-04-28 13:46:53,748 [pool-290-thread-1] INFO  storage.RaftStorage (RaftStorageImpl.java:format(89)) - Storage directory /home/runner/work/ozone/ozone/hadoop-ozone/integration-test/target/test-dir/MiniOzoneClusterImpl-b83af172-7a36-4ee1-b1b1-9a7292f569f3/datanode-0/data/ratis/3eee3059-b617-470b-85e6-76fb0bddfe3b has been successfully formatted.
2022-04-28 13:46:53,748 [pool-290-thread-1] INFO  ratis.ContainerStateMachine (ContainerStateMachine.java:loadSnapshot(236)) - group-76FB0BDDFE3B: The snapshot info is null. Setting the last applied indexto:(t:0, i:~)
2022-04-28 13:46:53,750 [pool-290-thread-1] INFO  server.RaftServerConfigKeys (ConfUtils.java:logGet(44)) - raft.server.notification.no-leader.timeout = 300000ms (custom)
2022-04-28 13:46:53,750 [EventQueue-OpenPipelineForHealthyPipelineSafeModeRule] INFO  safemode.SCMSafeModeManager (HealthyPipelineSafeModeRule.java:process(124)) - SCM in safe mode. Healthy pipelines reported count is 0, required healthy pipeline reported count is 1
2022-04-28 13:46:53,750 [pool-290-thread-1] INFO  server.RaftServerConfigKeys (ConfUtils.java:logGet(44)) - raft.server.log.use.memory = false (default)
2022-04-28 13:46:53,750 [pool-290-thread-1] INFO  server.RaftServerConfigKeys (ConfUtils.java:logGet(44)) - raft.server.log.purge.gap = 1000000 (custom)
2022-04-28 13:46:53,750 [pool-290-thread-1] INFO  server.RaftServerConfigKeys (ConfUtils.java:logGet(44)) - raft.server.log.appender.buffer.byte-limit = 33554432 (custom)
2022-04-28 13:46:53,751 [pool-290-thread-1] INFO  server.RaftServerConfigKeys (ConfUtils.java:logGet(44)) - raft.server.log.segment.size.max = 1048576 (custom)
2022-04-28 13:46:53,751 [pool-290-thread-1] INFO  server.RaftServerConfigKeys (ConfUtils.java:logGet(44)) - raft.server.log.segment.cache.num.max = 2 (custom)
2022-04-28 13:46:53,751 [pool-290-thread-1] INFO  server.RaftServerConfigKeys (ConfUtils.java:logGet(44)) - raft.server.log.segment.cache.size.max = 200MB (=209715200) (default)
2022-04-28 13:46:53,751 [pool-290-thread-1] INFO  segmented.SegmentedRaftLogWorker (SegmentedRaftLogWorker.java:<init>(182)) - new d6fcb396-7a9b-4335-ba57-70371e8b2173@group-76FB0BDDFE3B-SegmentedRaftLogWorker for RaftStorageImpl:Storage Directory /home/runner/work/ozone/ozone/hadoop-ozone/integration-test/target/test-dir/MiniOzoneClusterImpl-b83af172-7a36-4ee1-b1b1-9a7292f569f3/datanode-0/data/ratis/3eee3059-b617-470b-85e6-76fb0bddfe3b
2022-04-28 13:46:53,751 [pool-290-thread-1] INFO  server.RaftServerConfigKeys (ConfUtils.java:logGet(44)) - raft.server.log.queue.byte-limit = 4294967296 (custom)
2022-04-28 13:46:53,751 [pool-290-thread-1] INFO  server.RaftServerConfigKeys (ConfUtils.java:logGet(44)) - raft.server.log.queue.element-limit = 1024 (custom)
2022-04-28 13:46:53,751 [pool-290-thread-1] INFO  server.RaftServerConfigKeys (ConfUtils.java:logGet(44)) - raft.server.log.segment.size.max = 1048576 (custom)
2022-04-28 13:46:53,751 [pool-290-thread-1] INFO  server.RaftServerConfigKeys (ConfUtils.java:logGet(44)) - raft.server.log.preallocated.size = 16384 (custom)
2022-04-28 13:46:53,751 [pool-290-thread-1] INFO  server.RaftServerConfigKeys (ConfUtils.java:logGet(44)) - raft.server.log.force.sync.num = 128 (default)
2022-04-28 13:46:53,751 [pool-290-thread-1] INFO  server.RaftServerConfigKeys (ConfUtils.java:logGet(44)) - raft.server.log.statemachine.data.sync = true (default)
2022-04-28 13:46:53,751 [pool-290-thread-1] INFO  server.RaftServerConfigKeys (ConfUtils.java:logGet(44)) - raft.server.log.statemachine.data.sync.timeout = 10s (default)
2022-04-28 13:46:53,751 [pool-290-thread-1] INFO  server.RaftServerConfigKeys (ConfUtils.java:logGet(44)) - raft.server.log.statemachine.data.sync.timeout.retry = -1 (default)
2022-04-28 13:46:53,752 [pool-290-thread-1] INFO  server.RaftServerConfigKeys (ConfUtils.java:logGet(44)) - raft.server.log.write.buffer.size = 1048576 (custom)
2022-04-28 13:46:53,753 [pool-290-thread-1] INFO  server.RaftServerConfigKeys (ConfUtils.java:logGet(44)) - raft.server.log.statemachine.data.caching.enabled = true (custom)
2022-04-28 13:46:53,753 [pool-290-thread-1] INFO  segmented.SegmentedRaftLogWorker (SegmentedRaftLogWorker.java:lambda$new$0(133)) - d6fcb396-7a9b-4335-ba57-70371e8b2173@group-76FB0BDDFE3B-SegmentedRaftLogWorker: flushIndex: setUnconditionally 0 -> -1
2022-04-28 13:46:53,753 [pool-290-thread-1] INFO  segmented.SegmentedRaftLogWorker (SegmentedRaftLogWorker.java:lambda$new$0(133)) - d6fcb396-7a9b-4335-ba57-70371e8b2173@group-76FB0BDDFE3B-SegmentedRaftLogWorker: safeCacheEvictIndex: setUnconditionally 0 -> -1
2022-04-28 13:46:53,753 [pool-290-thread-1] INFO  server.RaftServerConfigKeys (ConfUtils.java:logGet(44)) - raft.server.snapshot.auto.trigger.enabled = true (custom)
2022-04-28 13:46:53,753 [pool-290-thread-1] INFO  server.RaftServerConfigKeys (ConfUtils.java:logGet(44)) - raft.server.snapshot.auto.trigger.threshold = 10000 (custom)
2022-04-28 13:46:53,754 [pool-290-thread-1] INFO  server.RaftServerConfigKeys (ConfUtils.java:logGet(44)) - raft.server.snapshot.retention.file.num = 5 (custom)
2022-04-28 13:46:53,754 [pool-290-thread-1] INFO  server.RaftServerConfigKeys (ConfUtils.java:logGet(44)) - raft.server.log.purge.upto.snapshot.index = false (default)
2022-04-28 13:46:53,754 [pool-290-thread-1] INFO  server.RaftServerConfigKeys (ConfUtils.java:logGet(44)) - raft.server.retrycache.expirytime = 600000ms (custom)
2022-04-28 13:46:53,754 [pool-290-thread-1] INFO  server.RaftServerConfigKeys (ConfUtils.java:logGet(44)) - raft.server.retrycache.statistics.expirytime = 100μs (default)
2022-04-28 13:46:53,755 [pool-290-thread-1] INFO  server.RaftServer$Division (RaftServerImpl.java:start(301)) - d6fcb396-7a9b-4335-ba57-70371e8b2173@group-76FB0BDDFE3B: start as a follower, conf=-1: [acf0e45f-1346-4d3d-b768-e886253cff70|rpc:10.1.0.6:44375|priority:1, d6fcb396-7a9b-4335-ba57-70371e8b2173|rpc:10.1.0.6:43147|priority:0, 12f93519-ceed-46ee-9151-25937782214d|rpc:10.1.0.6:33231|priority:0], old=null
2022-04-28 13:46:53,755 [pool-290-thread-1] INFO  server.RaftServer$Division (RaftServerImpl.java:setRole(290)) - d6fcb396-7a9b-4335-ba57-70371e8b2173@group-76FB0BDDFE3B: changes role from      null to FOLLOWER at term 0 for startAsFollower
2022-04-28 13:46:53,755 [pool-290-thread-1] INFO  impl.RoleInfo (RoleInfo.java:updateAndGet(130)) - d6fcb396-7a9b-4335-ba57-70371e8b2173: start d6fcb396-7a9b-4335-ba57-70371e8b2173@group-76FB0BDDFE3B-FollowerState
2022-04-28 13:46:53,755 [pool-290-thread-1] INFO  util.JmxRegister (JmxRegister.java:tryRegister(44)) - Successfully registered JMX Bean with object name Ratis:service=RaftServer,group=group-76FB0BDDFE3B,id=d6fcb396-7a9b-4335-ba57-70371e8b2173
2022-04-28 13:46:53,756 [Command processor thread] INFO  ratis.XceiverServerRatis (XceiverServerRatis.java:addGroup(765)) - Created group PipelineID=3eee3059-b617-470b-85e6-76fb0bddfe3b
2022-04-28 13:46:53,789 [grpc-default-executor-0] INFO  server.RaftServer (RaftServerProxy.java:addNew(95)) - 12f93519-ceed-46ee-9151-25937782214d: addNew group-76FB0BDDFE3B:[acf0e45f-1346-4d3d-b768-e886253cff70|rpc:10.1.0.6:44375|dataStream:|priority:1, d6fcb396-7a9b-4335-ba57-70371e8b2173|rpc:10.1.0.6:43147|dataStream:|priority:0, 12f93519-ceed-46ee-9151-25937782214d|rpc:10.1.0.6:33231|dataStream:|priority:0] returns group-76FB0BDDFE3B:java.util.concurrent.CompletableFuture@fb983d6[Not completed]
2022-04-28 13:46:53,808 [pool-311-thread-1] INFO  server.RaftServer$Division (RaftServerImpl.java:<init>(184)) - 12f93519-ceed-46ee-9151-25937782214d: new RaftServerImpl for group-76FB0BDDFE3B:[acf0e45f-1346-4d3d-b768-e886253cff70|rpc:10.1.0.6:44375|dataStream:|priority:1, d6fcb396-7a9b-4335-ba57-70371e8b2173|rpc:10.1.0.6:43147|dataStream:|priority:0, 12f93519-ceed-46ee-9151-25937782214d|rpc:10.1.0.6:33231|dataStream:|priority:0] with ContainerStateMachine:uninitialized
2022-04-28 13:46:53,808 [pool-311-thread-1] INFO  server.RaftServerConfigKeys (ConfUtils.java:logGet(44)) - raft.server.rpc.timeout.min = 5s (custom)
2022-04-28 13:46:53,808 [pool-311-thread-1] INFO  server.RaftServerConfigKeys (ConfUtils.java:logGet(44)) - raft.server.rpc.timeout.max = 5200ms (custom)
2022-04-28 13:46:53,808 [pool-311-thread-1] INFO  server.RaftServerConfigKeys (ConfUtils.java:logGet(44)) - raft.server.rpc.sleep.time = 25ms (default)
2022-04-28 13:46:53,808 [pool-311-thread-1] INFO  server.RaftServerConfigKeys (ConfUtils.java:logGet(44)) - raft.server.rpc.slowness.timeout = 300000ms (custom)
2022-04-28 13:46:53,808 [pool-311-thread-1] INFO  server.RaftServerConfigKeys (ConfUtils.java:logGet(44)) - raft.server.leaderelection.leader.step-down.wait-time = 10s (default)
2022-04-28 13:46:53,808 [pool-311-thread-1] INFO  server.RaftServerConfigKeys (ConfUtils.java:logGet(44)) - raft.server.sleep.deviation.threshold = 300ms (default)
2022-04-28 13:46:53,808 [pool-311-thread-1] INFO  server.RaftServerConfigKeys (ConfUtils.java:logGet(44)) - raft.server.log.appender.install.snapshot.enabled = false (custom)
2022-04-28 13:46:53,809 [pool-311-thread-1] INFO  server.RaftServer$Division (ServerState.java:<init>(105)) - 12f93519-ceed-46ee-9151-25937782214d@group-76FB0BDDFE3B: ConfigurationManager, init=-1: [acf0e45f-1346-4d3d-b768-e886253cff70|rpc:10.1.0.6:44375|dataStream:|priority:1, d6fcb396-7a9b-4335-ba57-70371e8b2173|rpc:10.1.0.6:43147|dataStream:|priority:0, 12f93519-ceed-46ee-9151-25937782214d|rpc:10.1.0.6:33231|dataStream:|priority:0], old=null, confs=<EMPTY_MAP>
2022-04-28 13:46:53,809 [pool-311-thread-1] INFO  server.RaftServerConfigKeys (ConfUtils.java:logGet(44)) - raft.server.storage.dir = [/home/runner/work/ozone/ozone/hadoop-ozone/integration-test/target/test-dir/MiniOzoneClusterImpl-b83af172-7a36-4ee1-b1b1-9a7292f569f3/datanode-1/data/ratis] (custom)
2022-04-28 13:46:53,809 [pool-311-thread-1] INFO  server.RaftServerConfigKeys (ConfUtils.java:logGet(44)) - raft.server.log.corruption.policy = EXCEPTION (default)
2022-04-28 13:46:53,809 [pool-311-thread-1] INFO  server.RaftServerConfigKeys (ConfUtils.java:logGet(44)) - raft.server.storage.free-space.min = 0MB (=0) (default)
2022-04-28 13:46:53,809 [pool-311-thread-1] INFO  storage.RaftStorageDirectory (RaftStorageDirectoryImpl.java:analyzeStorage(135)) - The storage directory /home/runner/work/ozone/ozone/hadoop-ozone/integration-test/target/test-dir/MiniOzoneClusterImpl-b83af172-7a36-4ee1-b1b1-9a7292f569f3/datanode-1/data/ratis/3eee3059-b617-470b-85e6-76fb0bddfe3b does not exist. Creating ...
2022-04-28 13:46:53,827 [pool-311-thread-1] INFO  storage.RaftStorageDirectory (RaftStorageDirectoryImpl.java:tryLock(230)) - Lock on /home/runner/work/ozone/ozone/hadoop-ozone/integration-test/target/test-dir/MiniOzoneClusterImpl-b83af172-7a36-4ee1-b1b1-9a7292f569f3/datanode-1/data/ratis/3eee3059-b617-470b-85e6-76fb0bddfe3b/in_use.lock acquired by nodename 9841@fv-az294-869
2022-04-28 13:46:53,833 [pool-311-thread-1] INFO  storage.RaftStorage (RaftStorageImpl.java:format(89)) - Storage directory /home/runner/work/ozone/ozone/hadoop-ozone/integration-test/target/test-dir/MiniOzoneClusterImpl-b83af172-7a36-4ee1-b1b1-9a7292f569f3/datanode-1/data/ratis/3eee3059-b617-470b-85e6-76fb0bddfe3b has been successfully formatted.
2022-04-28 13:46:53,836 [pool-311-thread-1] INFO  ratis.ContainerStateMachine (ContainerStateMachine.java:loadSnapshot(236)) - group-76FB0BDDFE3B: The snapshot info is null. Setting the last applied indexto:(t:0, i:~)
2022-04-28 13:46:53,836 [pool-311-thread-1] INFO  server.RaftServerConfigKeys (ConfUtils.java:logGet(44)) - raft.server.notification.no-leader.timeout = 300000ms (custom)
2022-04-28 13:46:53,836 [pool-311-thread-1] INFO  server.RaftServerConfigKeys (ConfUtils.java:logGet(44)) - raft.server.log.use.memory = false (default)
2022-04-28 13:46:53,836 [pool-311-thread-1] INFO  server.RaftServerConfigKeys (ConfUtils.java:logGet(44)) - raft.server.log.purge.gap = 1000000 (custom)
2022-04-28 13:46:53,836 [pool-311-thread-1] INFO  server.RaftServerConfigKeys (ConfUtils.java:logGet(44)) - raft.server.log.appender.buffer.byte-limit = 33554432 (custom)
2022-04-28 13:46:53,836 [pool-311-thread-1] INFO  server.RaftServerConfigKeys (ConfUtils.java:logGet(44)) - raft.server.log.segment.size.max = 1048576 (custom)
2022-04-28 13:46:53,838 [pool-311-thread-1] INFO  server.RaftServerConfigKeys (ConfUtils.java:logGet(44)) - raft.server.log.segment.cache.num.max = 2 (custom)
2022-04-28 13:46:53,838 [pool-311-thread-1] INFO  server.RaftServerConfigKeys (ConfUtils.java:logGet(44)) - raft.server.log.segment.cache.size.max = 200MB (=209715200) (default)
2022-04-28 13:46:53,838 [pool-311-thread-1] INFO  segmented.SegmentedRaftLogWorker (SegmentedRaftLogWorker.java:<init>(182)) - new 12f93519-ceed-46ee-9151-25937782214d@group-76FB0BDDFE3B-SegmentedRaftLogWorker for RaftStorageImpl:Storage Directory /home/runner/work/ozone/ozone/hadoop-ozone/integration-test/target/test-dir/MiniOzoneClusterImpl-b83af172-7a36-4ee1-b1b1-9a7292f569f3/datanode-1/data/ratis/3eee3059-b617-470b-85e6-76fb0bddfe3b
2022-04-28 13:46:53,838 [pool-311-thread-1] INFO  server.RaftServerConfigKeys (ConfUtils.java:logGet(44)) - raft.server.log.queue.byte-limit = 4294967296 (custom)
2022-04-28 13:46:53,838 [pool-311-thread-1] INFO  server.RaftServerConfigKeys (ConfUtils.java:logGet(44)) - raft.server.log.queue.element-limit = 1024 (custom)
2022-04-28 13:46:53,838 [pool-311-thread-1] INFO  server.RaftServerConfigKeys (ConfUtils.java:logGet(44)) - raft.server.log.segment.size.max = 1048576 (custom)
2022-04-28 13:46:53,838 [pool-311-thread-1] INFO  server.RaftServerConfigKeys (ConfUtils.java:logGet(44)) - raft.server.log.preallocated.size = 16384 (custom)
2022-04-28 13:46:53,838 [pool-311-thread-1] INFO  server.RaftServerConfigKeys (ConfUtils.java:logGet(44)) - raft.server.log.force.sync.num = 128 (default)
2022-04-28 13:46:53,838 [pool-311-thread-1] INFO  server.RaftServerConfigKeys (ConfUtils.java:logGet(44)) - raft.server.log.statemachine.data.sync = true (default)
2022-04-28 13:46:53,840 [pool-311-thread-1] INFO  server.RaftServerConfigKeys (ConfUtils.java:logGet(44)) - raft.server.log.statemachine.data.sync.timeout = 10s (default)
2022-04-28 13:46:53,840 [pool-311-thread-1] INFO  server.RaftServerConfigKeys (ConfUtils.java:logGet(44)) - raft.server.log.statemachine.data.sync.timeout.retry = -1 (default)
2022-04-28 13:46:53,841 [pool-311-thread-1] INFO  server.RaftServerConfigKeys (ConfUtils.java:logGet(44)) - raft.server.log.write.buffer.size = 1048576 (custom)
2022-04-28 13:46:53,848 [IPC Server handler 7 on default port 40355] INFO  net.NetworkTopologyImpl (NetworkTopologyImpl.java:add(112)) - Added a new node: /default-rack/0f8914ae-8a7a-42c5-8d1b-d8caec49e59b
2022-04-28 13:46:53,848 [IPC Server handler 7 on default port 40355] INFO  node.SCMNodeManager (SCMNodeManager.java:register(391)) - Registered Data node : 0f8914ae-8a7a-42c5-8d1b-d8caec49e59b{ip: 10.1.0.6, host: fv-az294-869.eaanfquahm5ulb5tj050gcxych.jx.internal.cloudapp.net, ports: [REPLICATION=43375, RATIS=36085, RATIS_ADMIN=36085, RATIS_SERVER=36085, STANDALONE=42911], networkLocation: /default-rack, certSerialId: null, persistedOpState: null, persistedOpStateExpiryEpochSec: 0}
2022-04-28 13:46:53,848 [EventQueue-NewNodeForNewNodeHandler] INFO  pipeline.BackgroundPipelineCreator (BackgroundPipelineCreator.java:notifyEventTriggered(271)) - trigger a one-shot run on RatisPipelineUtilsThread.
2022-04-28 13:46:53,848 [RatisPipelineUtilsThread - 0] INFO  pipeline.RatisPipelineProvider (RatisPipelineProvider.java:lambda$create$0(195)) - Sending CreatePipelineCommand for pipeline:PipelineID=8d75ee49-8cc1-475d-a5da-e490289e23bb to datanode:0f8914ae-8a7a-42c5-8d1b-d8caec49e59b
2022-04-28 13:46:53,849 [pool-311-thread-1] INFO  server.RaftServerConfigKeys (ConfUtils.java:logGet(44)) - raft.server.log.statemachine.data.caching.enabled = true (custom)
2022-04-28 13:46:53,850 [002018de-f8db-4c7b-a600-8966bee8ed8d@group-9A7292F569F3-StateMachineUpdater] INFO  pipeline.PipelineStateManagerImpl (PipelineStateManagerImpl.java:addPipeline(101)) - Created pipeline Pipeline[ Id: 8d75ee49-8cc1-475d-a5da-e490289e23bb, Nodes: 0f8914ae-8a7a-42c5-8d1b-d8caec49e59b{ip: 10.1.0.6, host: fv-az294-869.eaanfquahm5ulb5tj050gcxych.jx.internal.cloudapp.net, ports: [REPLICATION=43375, RATIS=36085, RATIS_ADMIN=36085, RATIS_SERVER=36085, STANDALONE=42911], networkLocation: /default-rack, certSerialId: null, persistedOpState: IN_SERVICE, persistedOpStateExpiryEpochSec: 0}, ReplicationConfig: RATIS/ONE, State:ALLOCATED, leaderId:, CreationTimestamp2022-04-28T13:46:53.848Z[Etc/UTC]].
2022-04-28 13:46:53,851 [002018de-f8db-4c7b-a600-8966bee8ed8d@group-9A7292F569F3-StateMachineUpdater] INFO  safemode.HealthyPipelineSafeModeRule (HealthyPipelineSafeModeRule.java:initializeRule(152)) - Refreshed total pipeline count is 0, healthy pipeline threshold count is 1
2022-04-28 13:46:53,851 [pool-311-thread-1] INFO  segmented.SegmentedRaftLogWorker (SegmentedRaftLogWorker.java:lambda$new$0(133)) - 12f93519-ceed-46ee-9151-25937782214d@group-76FB0BDDFE3B-SegmentedRaftLogWorker: flushIndex: setUnconditionally 0 -> -1
2022-04-28 13:46:53,851 [pool-311-thread-1] INFO  segmented.SegmentedRaftLogWorker (SegmentedRaftLogWorker.java:lambda$new$0(133)) - 12f93519-ceed-46ee-9151-25937782214d@group-76FB0BDDFE3B-SegmentedRaftLogWorker: safeCacheEvictIndex: setUnconditionally 0 -> -1
2022-04-28 13:46:53,852 [RatisPipelineUtilsThread - 0] INFO  pipeline.RatisPipelineProvider (RatisPipelineProvider.java:lambda$create$0(195)) - Sending CreatePipelineCommand for pipeline:PipelineID=9f08862b-36d1-475c-84df-f936f465787f to datanode:3eb0204c-99db-4ec7-9985-35999c30dd35
2022-04-28 13:46:53,852 [RatisPipelineUtilsThread - 0] INFO  pipeline.RatisPipelineProvider (RatisPipelineProvider.java:lambda$create$0(195)) - Sending CreatePipelineCommand for pipeline:PipelineID=9f08862b-36d1-475c-84df-f936f465787f to datanode:5b824b54-a886-40a6-8fd7-e73a2bee4a5c
2022-04-28 13:46:53,852 [RatisPipelineUtilsThread - 0] INFO  pipeline.RatisPipelineProvider (RatisPipelineProvider.java:lambda$create$0(195)) - Sending CreatePipelineCommand for pipeline:PipelineID=9f08862b-36d1-475c-84df-f936f465787f to datanode:0f8914ae-8a7a-42c5-8d1b-d8caec49e59b
2022-04-28 13:46:53,853 [002018de-f8db-4c7b-a600-8966bee8ed8d@group-9A7292F569F3-StateMachineUpdater] INFO  pipeline.PipelineStateManagerImpl (PipelineStateManagerImpl.java:addPipeline(101)) - Created pipeline Pipeline[ Id: 9f08862b-36d1-475c-84df-f936f465787f, Nodes: 3eb0204c-99db-4ec7-9985-35999c30dd35{ip: 10.1.0.6, host: fv-az294-869.eaanfquahm5ulb5tj050gcxych.jx.internal.cloudapp.net, ports: [REPLICATION=37193, RATIS=42899, RATIS_ADMIN=42899, RATIS_SERVER=42899, STANDALONE=36779], networkLocation: /default-rack, certSerialId: null, persistedOpState: IN_SERVICE, persistedOpStateExpiryEpochSec: 0}5b824b54-a886-40a6-8fd7-e73a2bee4a5c{ip: 10.1.0.6, host: fv-az294-869.eaanfquahm5ulb5tj050gcxych.jx.internal.cloudapp.net, ports: [REPLICATION=44843, RATIS=43771, RATIS_ADMIN=43771, RATIS_SERVER=43771, STANDALONE=37173], networkLocation: /default-rack, certSerialId: null, persistedOpState: IN_SERVICE, persistedOpStateExpiryEpochSec: 0}0f8914ae-8a7a-42c5-8d1b-d8caec49e59b{ip: 10.1.0.6, host: fv-az294-869.eaanfquahm5ulb5tj050gcxych.jx.internal.cloudapp.net, ports: [REPLICATION=43375, RATIS=36085, RATIS_ADMIN=36085, RATIS_SERVER=36085, STANDALONE=42911], networkLocation: /default-rack, certSerialId: null, persistedOpState: IN_SERVICE, persistedOpStateExpiryEpochSec: 0}, ReplicationConfig: RATIS/THREE, State:ALLOCATED, leaderId:, CreationTimestamp2022-04-28T13:46:53.852Z[Etc/UTC]].
2022-04-28 13:46:53,853 [002018de-f8db-4c7b-a600-8966bee8ed8d@group-9A7292F569F3-StateMachineUpdater] INFO  safemode.HealthyPipelineSafeModeRule (HealthyPipelineSafeModeRule.java:initializeRule(152)) - Refreshed total pipeline count is 0, healthy pipeline threshold count is 1
2022-04-28 13:46:53,854 [RatisPipelineUtilsThread - 0] INFO  pipeline.RatisPipelineProvider (RatisPipelineProvider.java:lambda$create$0(195)) - Sending CreatePipelineCommand for pipeline:PipelineID=08c748e3-9f82-4401-ae68-b4c1d7519224 to datanode:5b824b54-a886-40a6-8fd7-e73a2bee4a5c
2022-04-28 13:46:53,855 [RatisPipelineUtilsThread - 0] INFO  pipeline.RatisPipelineProvider (RatisPipelineProvider.java:lambda$create$0(195)) - Sending CreatePipelineCommand for pipeline:PipelineID=08c748e3-9f82-4401-ae68-b4c1d7519224 to datanode:0f8914ae-8a7a-42c5-8d1b-d8caec49e59b
2022-04-28 13:46:53,855 [RatisPipelineUtilsThread - 0] INFO  pipeline.RatisPipelineProvider (RatisPipelineProvider.java:lambda$create$0(195)) - Sending CreatePipelineCommand for pipeline:PipelineID=08c748e3-9f82-4401-ae68-b4c1d7519224 to datanode:3eb0204c-99db-4ec7-9985-35999c30dd35
2022-04-28 13:46:53,856 [002018de-f8db-4c7b-a600-8966bee8ed8d@group-9A7292F569F3-StateMachineUpdater] INFO  pipeline.PipelineStateManagerImpl (PipelineStateManagerImpl.java:addPipeline(101)) - Created pipeline Pipeline[ Id: 08c748e3-9f82-4401-ae68-b4c1d7519224, Nodes: 5b824b54-a886-40a6-8fd7-e73a2bee4a5c{ip: 10.1.0.6, host: fv-az294-869.eaanfquahm5ulb5tj050gcxych.jx.internal.cloudapp.net, ports: [REPLICATION=44843, RATIS=43771, RATIS_ADMIN=43771, RATIS_SERVER=43771, STANDALONE=37173], networkLocation: /default-rack, certSerialId: null, persistedOpState: IN_SERVICE, persistedOpStateExpiryEpochSec: 0}0f8914ae-8a7a-42c5-8d1b-d8caec49e59b{ip: 10.1.0.6, host: fv-az294-869.eaanfquahm5ulb5tj050gcxych.jx.internal.cloudapp.net, ports: [REPLICATION=43375, RATIS=36085, RATIS_ADMIN=36085, RATIS_SERVER=36085, STANDALONE=42911], networkLocation: /default-rack, certSerialId: null, persistedOpState: IN_SERVICE, persistedOpStateExpiryEpochSec: 0}3eb0204c-99db-4ec7-9985-35999c30dd35{ip: 10.1.0.6, host: fv-az294-869.eaanfquahm5ulb5tj050gcxych.jx.internal.cloudapp.net, ports: [REPLICATION=37193, RATIS=42899, RATIS_ADMIN=42899, RATIS_SERVER=42899, STANDALONE=36779], networkLocation: /default-rack, certSerialId: null, persistedOpState: IN_SERVICE, persistedOpStateExpiryEpochSec: 0}, ReplicationConfig: RATIS/THREE, State:ALLOCATED, leaderId:, CreationTimestamp2022-04-28T13:46:53.854Z[Etc/UTC]].
2022-04-28 13:46:53,856 [002018de-f8db-4c7b-a600-8966bee8ed8d@group-9A7292F569F3-StateMachineUpdater] INFO  safemode.HealthyPipelineSafeModeRule (HealthyPipelineSafeModeRule.java:initializeRule(152)) - Refreshed total pipeline count is 0, healthy pipeline threshold count is 1
2022-04-28 13:46:53,857 [RatisPipelineUtilsThread - 0] INFO  pipeline.PipelineManagerImpl (PipelineManagerImpl.java:recordMetricsForPipeline(687)) - Pipeline: PipelineID=08c748e3-9f82-4401-ae68-b4c1d7519224 contains same datanodes as previous pipelines: PipelineID=9f08862b-36d1-475c-84df-f936f465787f nodeIds: 5b824b54-a886-40a6-8fd7-e73a2bee4a5c, 0f8914ae-8a7a-42c5-8d1b-d8caec49e59b, 3eb0204c-99db-4ec7-9985-35999c30dd35
2022-04-28 13:46:53,890 [pool-311-thread-1] INFO  server.RaftServerConfigKeys (ConfUtils.java:logGet(44)) - raft.server.snapshot.auto.trigger.enabled = true (custom)
2022-04-28 13:46:53,890 [pool-311-thread-1] INFO  server.RaftServerConfigKeys (ConfUtils.java:logGet(44)) - raft.server.snapshot.auto.trigger.threshold = 10000 (custom)
2022-04-28 13:46:53,890 [pool-311-thread-1] INFO  server.RaftServerConfigKeys (ConfUtils.java:logGet(44)) - raft.server.snapshot.retention.file.num = 5 (custom)
2022-04-28 13:46:53,890 [pool-311-thread-1] INFO  server.RaftServerConfigKeys (ConfUtils.java:logGet(44)) - raft.server.log.purge.upto.snapshot.index = false (default)
2022-04-28 13:46:53,890 [pool-311-thread-1] INFO  server.RaftServerConfigKeys (ConfUtils.java:logGet(44)) - raft.server.retrycache.expirytime = 600000ms (custom)
2022-04-28 13:46:53,890 [pool-311-thread-1] INFO  server.RaftServerConfigKeys (ConfUtils.java:logGet(44)) - raft.server.retrycache.statistics.expirytime = 100μs (default)
2022-04-28 13:46:53,891 [pool-311-thread-1] INFO  server.RaftServer$Division (RaftServerImpl.java:start(301)) - 12f93519-ceed-46ee-9151-25937782214d@group-76FB0BDDFE3B: start as a follower, conf=-1: [acf0e45f-1346-4d3d-b768-e886253cff70|rpc:10.1.0.6:44375|dataStream:|priority:1, d6fcb396-7a9b-4335-ba57-70371e8b2173|rpc:10.1.0.6:43147|dataStream:|priority:0, 12f93519-ceed-46ee-9151-25937782214d|rpc:10.1.0.6:33231|dataStream:|priority:0], old=null
2022-04-28 13:46:53,891 [pool-311-thread-1] INFO  server.RaftServer$Division (RaftServerImpl.java:setRole(290)) - 12f93519-ceed-46ee-9151-25937782214d@group-76FB0BDDFE3B: changes role from      null to FOLLOWER at term 0 for startAsFollower
2022-04-28 13:46:53,891 [pool-311-thread-1] INFO  impl.RoleInfo (RoleInfo.java:updateAndGet(130)) - 12f93519-ceed-46ee-9151-25937782214d: start 12f93519-ceed-46ee-9151-25937782214d@group-76FB0BDDFE3B-FollowerState
2022-04-28 13:46:53,892 [pool-311-thread-1] INFO  util.JmxRegister (JmxRegister.java:tryRegister(44)) - Successfully registered JMX Bean with object name Ratis:service=RaftServer,group=group-76FB0BDDFE3B,id=12f93519-ceed-46ee-9151-25937782214d
2022-04-28 13:46:53,934 [grpc-default-executor-0] INFO  server.RaftServer (RaftServerProxy.java:addNew(95)) - acf0e45f-1346-4d3d-b768-e886253cff70: addNew group-76FB0BDDFE3B:[acf0e45f-1346-4d3d-b768-e886253cff70|rpc:10.1.0.6:44375|dataStream:|priority:1, d6fcb396-7a9b-4335-ba57-70371e8b2173|rpc:10.1.0.6:43147|dataStream:|priority:0, 12f93519-ceed-46ee-9151-25937782214d|rpc:10.1.0.6:33231|dataStream:|priority:0] returns group-76FB0BDDFE3B:java.util.concurrent.CompletableFuture@5a61b92f[Not completed]
2022-04-28 13:46:53,935 [pool-332-thread-1] INFO  server.RaftServer$Division (RaftServerImpl.java:<init>(184)) - acf0e45f-1346-4d3d-b768-e886253cff70: new RaftServerImpl for group-76FB0BDDFE3B:[acf0e45f-1346-4d3d-b768-e886253cff70|rpc:10.1.0.6:44375|dataStream:|priority:1, d6fcb396-7a9b-4335-ba57-70371e8b2173|rpc:10.1.0.6:43147|dataStream:|priority:0, 12f93519-ceed-46ee-9151-25937782214d|rpc:10.1.0.6:33231|dataStream:|priority:0] with ContainerStateMachine:uninitialized
2022-04-28 13:46:53,935 [pool-332-thread-1] INFO  server.RaftServerConfigKeys (ConfUtils.java:logGet(44)) - raft.server.rpc.timeout.min = 5s (custom)
2022-04-28 13:46:53,935 [pool-332-thread-1] INFO  server.RaftServerConfigKeys (ConfUtils.java:logGet(44)) - raft.server.rpc.timeout.max = 5200ms (custom)
2022-04-28 13:46:53,935 [pool-332-thread-1] INFO  server.RaftServerConfigKeys (ConfUtils.java:logGet(44)) - raft.server.rpc.sleep.time = 25ms (default)
2022-04-28 13:46:53,935 [pool-332-thread-1] INFO  server.RaftServerConfigKeys (ConfUtils.java:logGet(44)) - raft.server.rpc.slowness.timeout = 300000ms (custom)
2022-04-28 13:46:53,935 [pool-332-thread-1] INFO  server.RaftServerConfigKeys (ConfUtils.java:logGet(44)) - raft.server.leaderelection.leader.step-down.wait-time = 10s (default)
2022-04-28 13:46:53,935 [pool-332-thread-1] INFO  server.RaftServerConfigKeys (ConfUtils.java:logGet(44)) - raft.server.sleep.deviation.threshold = 300ms (default)
2022-04-28 13:46:53,936 [pool-332-thread-1] INFO  server.RaftServerConfigKeys (ConfUtils.java:logGet(44)) - raft.server.log.appender.install.snapshot.enabled = false (custom)
2022-04-28 13:46:53,936 [pool-332-thread-1] INFO  server.RaftServer$Division (ServerState.java:<init>(105)) - acf0e45f-1346-4d3d-b768-e886253cff70@group-76FB0BDDFE3B: ConfigurationManager, init=-1: [acf0e45f-1346-4d3d-b768-e886253cff70|rpc:10.1.0.6:44375|dataStream:|priority:1, d6fcb396-7a9b-4335-ba57-70371e8b2173|rpc:10.1.0.6:43147|dataStream:|priority:0, 12f93519-ceed-46ee-9151-25937782214d|rpc:10.1.0.6:33231|dataStream:|priority:0], old=null, confs=<EMPTY_MAP>
2022-04-28 13:46:53,936 [pool-332-thread-1] INFO  server.RaftServerConfigKeys (ConfUtils.java:logGet(44)) - raft.server.storage.dir = [/home/runner/work/ozone/ozone/hadoop-ozone/integration-test/target/test-dir/MiniOzoneClusterImpl-b83af172-7a36-4ee1-b1b1-9a7292f569f3/datanode-2/data/ratis] (custom)
2022-04-28 13:46:53,936 [pool-332-thread-1] INFO  server.RaftServerConfigKeys (ConfUtils.java:logGet(44)) - raft.server.log.corruption.policy = EXCEPTION (default)
2022-04-28 13:46:53,936 [pool-332-thread-1] INFO  server.RaftServerConfigKeys (ConfUtils.java:logGet(44)) - raft.server.storage.free-space.min = 0MB (=0) (default)
2022-04-28 13:46:53,936 [pool-332-thread-1] INFO  storage.RaftStorageDirectory (RaftStorageDirectoryImpl.java:analyzeStorage(135)) - The storage directory /home/runner/work/ozone/ozone/hadoop-ozone/integration-test/target/test-dir/MiniOzoneClusterImpl-b83af172-7a36-4ee1-b1b1-9a7292f569f3/datanode-2/data/ratis/3eee3059-b617-470b-85e6-76fb0bddfe3b does not exist. Creating ...
2022-04-28 13:46:53,937 [pool-332-thread-1] INFO  storage.RaftStorageDirectory (RaftStorageDirectoryImpl.java:tryLock(230)) - Lock on /home/runner/work/ozone/ozone/hadoop-ozone/integration-test/target/test-dir/MiniOzoneClusterImpl-b83af172-7a36-4ee1-b1b1-9a7292f569f3/datanode-2/data/ratis/3eee3059-b617-470b-85e6-76fb0bddfe3b/in_use.lock acquired by nodename 9841@fv-az294-869
2022-04-28 13:46:53,947 [pool-332-thread-1] INFO  storage.RaftStorage (RaftStorageImpl.java:format(89)) - Storage directory /home/runner/work/ozone/ozone/hadoop-ozone/integration-test/target/test-dir/MiniOzoneClusterImpl-b83af172-7a36-4ee1-b1b1-9a7292f569f3/datanode-2/data/ratis/3eee3059-b617-470b-85e6-76fb0bddfe3b has been successfully formatted.
2022-04-28 13:46:53,959 [pool-332-thread-1] INFO  ratis.ContainerStateMachine (ContainerStateMachine.java:loadSnapshot(236)) - group-76FB0BDDFE3B: The snapshot info is null. Setting the last applied indexto:(t:0, i:~)
2022-04-28 13:46:53,959 [pool-332-thread-1] INFO  server.RaftServerConfigKeys (ConfUtils.java:logGet(44)) - raft.server.notification.no-leader.timeout = 300000ms (custom)
2022-04-28 13:46:53,959 [pool-332-thread-1] INFO  server.RaftServerConfigKeys (ConfUtils.java:logGet(44)) - raft.server.log.use.memory = false (default)
2022-04-28 13:46:53,960 [pool-332-thread-1] INFO  server.RaftServerConfigKeys (ConfUtils.java:logGet(44)) - raft.server.log.purge.gap = 1000000 (custom)
2022-04-28 13:46:53,960 [pool-332-thread-1] INFO  server.RaftServerConfigKeys (ConfUtils.java:logGet(44)) - raft.server.log.appender.buffer.byte-limit = 33554432 (custom)
2022-04-28 13:46:53,960 [pool-332-thread-1] INFO  server.RaftServerConfigKeys (ConfUtils.java:logGet(44)) - raft.server.log.segment.size.max = 1048576 (custom)
2022-04-28 13:46:53,961 [pool-332-thread-1] INFO  server.RaftServerConfigKeys (ConfUtils.java:logGet(44)) - raft.server.log.segment.cache.num.max = 2 (custom)
2022-04-28 13:46:53,961 [pool-332-thread-1] INFO  server.RaftServerConfigKeys (ConfUtils.java:logGet(44)) - raft.server.log.segment.cache.size.max = 200MB (=209715200) (default)
2022-04-28 13:46:53,961 [pool-332-thread-1] INFO  segmented.SegmentedRaftLogWorker (SegmentedRaftLogWorker.java:<init>(182)) - new acf0e45f-1346-4d3d-b768-e886253cff70@group-76FB0BDDFE3B-SegmentedRaftLogWorker for RaftStorageImpl:Storage Directory /home/runner/work/ozone/ozone/hadoop-ozone/integration-test/target/test-dir/MiniOzoneClusterImpl-b83af172-7a36-4ee1-b1b1-9a7292f569f3/datanode-2/data/ratis/3eee3059-b617-470b-85e6-76fb0bddfe3b
2022-04-28 13:46:53,961 [pool-332-thread-1] INFO  server.RaftServerConfigKeys (ConfUtils.java:logGet(44)) - raft.server.log.queue.byte-limit = 4294967296 (custom)
2022-04-28 13:46:53,961 [pool-332-thread-1] INFO  server.RaftServerConfigKeys (ConfUtils.java:logGet(44)) - raft.server.log.queue.element-limit = 1024 (custom)
2022-04-28 13:46:53,961 [pool-332-thread-1] INFO  server.RaftServerConfigKeys (ConfUtils.java:logGet(44)) - raft.server.log.segment.size.max = 1048576 (custom)
2022-04-28 13:46:53,961 [pool-332-thread-1] INFO  server.RaftServerConfigKeys (ConfUtils.java:logGet(44)) - raft.server.log.preallocated.size = 16384 (custom)
2022-04-28 13:46:53,961 [pool-332-thread-1] INFO  server.RaftServerConfigKeys (ConfUtils.java:logGet(44)) - raft.server.log.force.sync.num = 128 (default)
2022-04-28 13:46:53,961 [pool-332-thread-1] INFO  server.RaftServerConfigKeys (ConfUtils.java:logGet(44)) - raft.server.log.statemachine.data.sync = true (default)
2022-04-28 13:46:53,961 [pool-332-thread-1] INFO  server.RaftServerConfigKeys (ConfUtils.java:logGet(44)) - raft.server.log.statemachine.data.sync.timeout = 10s (default)
2022-04-28 13:46:53,961 [pool-332-thread-1] INFO  server.RaftServerConfigKeys (ConfUtils.java:logGet(44)) - raft.server.log.statemachine.data.sync.timeout.retry = -1 (default)
2022-04-28 13:46:53,962 [pool-332-thread-1] INFO  server.RaftServerConfigKeys (ConfUtils.java:logGet(44)) - raft.server.log.write.buffer.size = 1048576 (custom)
2022-04-28 13:46:53,962 [pool-332-thread-1] INFO  server.RaftServerConfigKeys (ConfUtils.java:logGet(44)) - raft.server.log.statemachine.data.caching.enabled = true (custom)
2022-04-28 13:46:53,962 [pool-332-thread-1] INFO  segmented.SegmentedRaftLogWorker (SegmentedRaftLogWorker.java:lambda$new$0(133)) - acf0e45f-1346-4d3d-b768-e886253cff70@group-76FB0BDDFE3B-SegmentedRaftLogWorker: flushIndex: setUnconditionally 0 -> -1
2022-04-28 13:46:53,962 [pool-332-thread-1] INFO  segmented.SegmentedRaftLogWorker (SegmentedRaftLogWorker.java:lambda$new$0(133)) - acf0e45f-1346-4d3d-b768-e886253cff70@group-76FB0BDDFE3B-SegmentedRaftLogWorker: safeCacheEvictIndex: setUnconditionally 0 -> -1
2022-04-28 13:46:53,964 [pool-332-thread-1] INFO  server.RaftServerConfigKeys (ConfUtils.java:logGet(44)) - raft.server.snapshot.auto.trigger.enabled = true (custom)
2022-04-28 13:46:53,964 [pool-332-thread-1] INFO  server.RaftServerConfigKeys (ConfUtils.java:logGet(44)) - raft.server.snapshot.auto.trigger.threshold = 10000 (custom)
2022-04-28 13:46:53,964 [pool-332-thread-1] INFO  server.RaftServerConfigKeys (ConfUtils.java:logGet(44)) - raft.server.snapshot.retention.file.num = 5 (custom)
2022-04-28 13:46:53,964 [pool-332-thread-1] INFO  server.RaftServerConfigKeys (ConfUtils.java:logGet(44)) - raft.server.log.purge.upto.snapshot.index = false (default)
2022-04-28 13:46:53,964 [pool-332-thread-1] INFO  server.RaftServerConfigKeys (ConfUtils.java:logGet(44)) - raft.server.retrycache.expirytime = 600000ms (custom)
2022-04-28 13:46:53,964 [pool-332-thread-1] INFO  server.RaftServerConfigKeys (ConfUtils.java:logGet(44)) - raft.server.retrycache.statistics.expirytime = 100μs (default)
2022-04-28 13:46:53,965 [pool-332-thread-1] INFO  server.RaftServer$Division (RaftServerImpl.java:start(301)) - acf0e45f-1346-4d3d-b768-e886253cff70@group-76FB0BDDFE3B: start as a follower, conf=-1: [acf0e45f-1346-4d3d-b768-e886253cff70|rpc:10.1.0.6:44375|dataStream:|priority:1, d6fcb396-7a9b-4335-ba57-70371e8b2173|rpc:10.1.0.6:43147|dataStream:|priority:0, 12f93519-ceed-46ee-9151-25937782214d|rpc:10.1.0.6:33231|dataStream:|priority:0], old=null
2022-04-28 13:46:53,965 [pool-332-thread-1] INFO  server.RaftServer$Division (RaftServerImpl.java:setRole(290)) - acf0e45f-1346-4d3d-b768-e886253cff70@group-76FB0BDDFE3B: changes role from      null to FOLLOWER at term 0 for startAsFollower
2022-04-28 13:46:53,966 [pool-332-thread-1] INFO  impl.RoleInfo (RoleInfo.java:updateAndGet(130)) - acf0e45f-1346-4d3d-b768-e886253cff70: start acf0e45f-1346-4d3d-b768-e886253cff70@group-76FB0BDDFE3B-FollowerState
2022-04-28 13:46:53,966 [pool-332-thread-1] INFO  util.JmxRegister (JmxRegister.java:tryRegister(44)) - Successfully registered JMX Bean with object name Ratis:service=RaftServer,group=group-76FB0BDDFE3B,id=acf0e45f-1346-4d3d-b768-e886253cff70
2022-04-28 13:46:53,978 [Command processor thread] INFO  commandhandler.CreatePipelineCommandHandler (CreatePipelineCommandHandler.java:handle(113)) - Created Pipeline RATIS THREE PipelineID=3eee3059-b617-470b-85e6-76fb0bddfe3b.
2022-04-28 13:46:53,978 [Command processor thread] INFO  server.RaftServer (RaftServerProxy.java:addNew(95)) - d6fcb396-7a9b-4335-ba57-70371e8b2173: addNew group-9C327277336C:[acf0e45f-1346-4d3d-b768-e886253cff70|rpc:10.1.0.6:44375|priority:0, d6fcb396-7a9b-4335-ba57-70371e8b2173|rpc:10.1.0.6:43147|priority:1, 12f93519-ceed-46ee-9151-25937782214d|rpc:10.1.0.6:33231|priority:0] returns group-9C327277336C:java.util.concurrent.CompletableFuture@71511690[Not completed]
2022-04-28 13:46:53,980 [pool-290-thread-1] INFO  server.RaftServer$Division (RaftServerImpl.java:<init>(184)) - d6fcb396-7a9b-4335-ba57-70371e8b2173: new RaftServerImpl for group-9C327277336C:[acf0e45f-1346-4d3d-b768-e886253cff70|rpc:10.1.0.6:44375|priority:0, d6fcb396-7a9b-4335-ba57-70371e8b2173|rpc:10.1.0.6:43147|priority:1, 12f93519-ceed-46ee-9151-25937782214d|rpc:10.1.0.6:33231|priority:0] with ContainerStateMachine:uninitialized
2022-04-28 13:46:53,980 [pool-290-thread-1] INFO  server.RaftServerConfigKeys (ConfUtils.java:logGet(44)) - raft.server.rpc.timeout.min = 5s (custom)
2022-04-28 13:46:53,980 [pool-290-thread-1] INFO  server.RaftServerConfigKeys (ConfUtils.java:logGet(44)) - raft.server.rpc.timeout.max = 5200ms (custom)
2022-04-28 13:46:53,980 [pool-290-thread-1] INFO  server.RaftServerConfigKeys (ConfUtils.java:logGet(44)) - raft.server.rpc.sleep.time = 25ms (default)
2022-04-28 13:46:53,980 [pool-290-thread-1] INFO  server.RaftServerConfigKeys (ConfUtils.java:logGet(44)) - raft.server.rpc.slowness.timeout = 300000ms (custom)
2022-04-28 13:46:53,980 [pool-290-thread-1] INFO  server.RaftServerConfigKeys (ConfUtils.java:logGet(44)) - raft.server.leaderelection.leader.step-down.wait-time = 10s (default)
2022-04-28 13:46:53,980 [pool-290-thread-1] INFO  server.RaftServerConfigKeys (ConfUtils.java:logGet(44)) - raft.server.sleep.deviation.threshold = 300ms (default)
2022-04-28 13:46:53,980 [pool-290-thread-1] INFO  server.RaftServerConfigKeys (ConfUtils.java:logGet(44)) - raft.server.log.appender.install.snapshot.enabled = false (custom)
2022-04-28 13:46:53,980 [pool-290-thread-1] INFO  server.RaftServer$Division (ServerState.java:<init>(105)) - d6fcb396-7a9b-4335-ba57-70371e8b2173@group-9C327277336C: ConfigurationManager, init=-1: [acf0e45f-1346-4d3d-b768-e886253cff70|rpc:10.1.0.6:44375|priority:0, d6fcb396-7a9b-4335-ba57-70371e8b2173|rpc:10.1.0.6:43147|priority:1, 12f93519-ceed-46ee-9151-25937782214d|rpc:10.1.0.6:33231|priority:0], old=null, confs=<EMPTY_MAP>
2022-04-28 13:46:53,980 [pool-290-thread-1] INFO  server.RaftServerConfigKeys (ConfUtils.java:logGet(44)) - raft.server.storage.dir = [/home/runner/work/ozone/ozone/hadoop-ozone/integration-test/target/test-dir/MiniOzoneClusterImpl-b83af172-7a36-4ee1-b1b1-9a7292f569f3/datanode-0/data/ratis] (custom)
2022-04-28 13:46:53,981 [pool-290-thread-1] INFO  server.RaftServerConfigKeys (ConfUtils.java:logGet(44)) - raft.server.log.corruption.policy = EXCEPTION (default)
2022-04-28 13:46:53,981 [pool-290-thread-1] INFO  server.RaftServerConfigKeys (ConfUtils.java:logGet(44)) - raft.server.storage.free-space.min = 0MB (=0) (default)
2022-04-28 13:46:53,981 [pool-290-thread-1] INFO  storage.RaftStorageDirectory (RaftStorageDirectoryImpl.java:analyzeStorage(135)) - The storage directory /home/runner/work/ozone/ozone/hadoop-ozone/integration-test/target/test-dir/MiniOzoneClusterImpl-b83af172-7a36-4ee1-b1b1-9a7292f569f3/datanode-0/data/ratis/3a62d18e-2bdf-4f70-8718-9c327277336c does not exist. Creating ...
2022-04-28 13:46:53,982 [pool-290-thread-1] INFO  storage.RaftStorageDirectory (RaftStorageDirectoryImpl.java:tryLock(230)) - Lock on /home/runner/work/ozone/ozone/hadoop-ozone/integration-test/target/test-dir/MiniOzoneClusterImpl-b83af172-7a36-4ee1-b1b1-9a7292f569f3/datanode-0/data/ratis/3a62d18e-2bdf-4f70-8718-9c327277336c/in_use.lock acquired by nodename 9841@fv-az294-869
2022-04-28 13:46:53,983 [pool-290-thread-1] INFO  storage.RaftStorage (RaftStorageImpl.java:format(89)) - Storage directory /home/runner/work/ozone/ozone/hadoop-ozone/integration-test/target/test-dir/MiniOzoneClusterImpl-b83af172-7a36-4ee1-b1b1-9a7292f569f3/datanode-0/data/ratis/3a62d18e-2bdf-4f70-8718-9c327277336c has been successfully formatted.
2022-04-28 13:46:53,985 [pool-290-thread-1] INFO  ratis.ContainerStateMachine (ContainerStateMachine.java:loadSnapshot(236)) - group-9C327277336C: The snapshot info is null. Setting the last applied indexto:(t:0, i:~)
2022-04-28 13:46:53,985 [pool-290-thread-1] INFO  server.RaftServerConfigKeys (ConfUtils.java:logGet(44)) - raft.server.notification.no-leader.timeout = 300000ms (custom)
2022-04-28 13:46:53,987 [EventQueue-OpenPipelineForHealthyPipelineSafeModeRule] INFO  safemode.SCMSafeModeManager (HealthyPipelineSafeModeRule.java:process(124)) - SCM in safe mode. Healthy pipelines reported count is 0, required healthy pipeline reported count is 1
2022-04-28 13:46:53,987 [pool-290-thread-1] INFO  server.RaftServerConfigKeys (ConfUtils.java:logGet(44)) - raft.server.log.use.memory = false (default)
2022-04-28 13:46:53,987 [pool-290-thread-1] INFO  server.RaftServerConfigKeys (ConfUtils.java:logGet(44)) - raft.server.log.purge.gap = 1000000 (custom)
2022-04-28 13:46:53,987 [pool-290-thread-1] INFO  server.RaftServerConfigKeys (ConfUtils.java:logGet(44)) - raft.server.log.appender.buffer.byte-limit = 33554432 (custom)
2022-04-28 13:46:53,987 [pool-290-thread-1] INFO  server.RaftServerConfigKeys (ConfUtils.java:logGet(44)) - raft.server.log.segment.size.max = 1048576 (custom)
2022-04-28 13:46:53,988 [pool-290-thread-1] INFO  server.RaftServerConfigKeys (ConfUtils.java:logGet(44)) - raft.server.log.segment.cache.num.max = 2 (custom)
2022-04-28 13:46:53,988 [pool-290-thread-1] INFO  server.RaftServerConfigKeys (ConfUtils.java:logGet(44)) - raft.server.log.segment.cache.size.max = 200MB (=209715200) (default)
2022-04-28 13:46:53,988 [pool-290-thread-1] INFO  segmented.SegmentedRaftLogWorker (SegmentedRaftLogWorker.java:<init>(182)) - new d6fcb396-7a9b-4335-ba57-70371e8b2173@group-9C327277336C-SegmentedRaftLogWorker for RaftStorageImpl:Storage Directory /home/runner/work/ozone/ozone/hadoop-ozone/integration-test/target/test-dir/MiniOzoneClusterImpl-b83af172-7a36-4ee1-b1b1-9a7292f569f3/datanode-0/data/ratis/3a62d18e-2bdf-4f70-8718-9c327277336c
2022-04-28 13:46:53,988 [pool-290-thread-1] INFO  server.RaftServerConfigKeys (ConfUtils.java:logGet(44)) - raft.server.log.queue.byte-limit = 4294967296 (custom)
2022-04-28 13:46:53,988 [pool-290-thread-1] INFO  server.RaftServerConfigKeys (ConfUtils.java:logGet(44)) - raft.server.log.queue.element-limit = 1024 (custom)
2022-04-28 13:46:53,988 [pool-290-thread-1] INFO  server.RaftServerConfigKeys (ConfUtils.java:logGet(44)) - raft.server.log.segment.size.max = 1048576 (custom)
2022-04-28 13:46:53,988 [pool-290-thread-1] INFO  server.RaftServerConfigKeys (ConfUtils.java:logGet(44)) - raft.server.log.preallocated.size = 16384 (custom)
2022-04-28 13:46:53,988 [pool-290-thread-1] INFO  server.RaftServerConfigKeys (ConfUtils.java:logGet(44)) - raft.server.log.force.sync.num = 128 (default)
2022-04-28 13:46:53,988 [pool-290-thread-1] INFO  server.RaftServerConfigKeys (ConfUtils.java:logGet(44)) - raft.server.log.statemachine.data.sync = true (default)
2022-04-28 13:46:53,988 [pool-290-thread-1] INFO  server.RaftServerConfigKeys (ConfUtils.java:logGet(44)) - raft.server.log.statemachine.data.sync.timeout = 10s (default)
2022-04-28 13:46:53,988 [pool-290-thread-1] INFO  server.RaftServerConfigKeys (ConfUtils.java:logGet(44)) - raft.server.log.statemachine.data.sync.timeout.retry = -1 (default)
2022-04-28 13:46:53,989 [pool-290-thread-1] INFO  server.RaftServerConfigKeys (ConfUtils.java:logGet(44)) - raft.server.log.write.buffer.size = 1048576 (custom)
2022-04-28 13:46:53,989 [pool-290-thread-1] INFO  server.RaftServerConfigKeys (ConfUtils.java:logGet(44)) - raft.server.log.statemachine.data.caching.enabled = true (custom)
2022-04-28 13:46:53,991 [pool-290-thread-1] INFO  segmented.SegmentedRaftLogWorker (SegmentedRaftLogWorker.java:lambda$new$0(133)) - d6fcb396-7a9b-4335-ba57-70371e8b2173@group-9C327277336C-SegmentedRaftLogWorker: flushIndex: setUnconditionally 0 -> -1
2022-04-28 13:46:53,991 [pool-290-thread-1] INFO  segmented.SegmentedRaftLogWorker (SegmentedRaftLogWorker.java:lambda$new$0(133)) - d6fcb396-7a9b-4335-ba57-70371e8b2173@group-9C327277336C-SegmentedRaftLogWorker: safeCacheEvictIndex: setUnconditionally 0 -> -1
2022-04-28 13:46:53,999 [pool-290-thread-1] INFO  server.RaftServerConfigKeys (ConfUtils.java:logGet(44)) - raft.server.snapshot.auto.trigger.enabled = true (custom)
2022-04-28 13:46:53,999 [pool-290-thread-1] INFO  server.RaftServerConfigKeys (ConfUtils.java:logGet(44)) - raft.server.snapshot.auto.trigger.threshold = 10000 (custom)
2022-04-28 13:46:53,999 [pool-290-thread-1] INFO  server.RaftServerConfigKeys (ConfUtils.java:logGet(44)) - raft.server.snapshot.retention.file.num = 5 (custom)
2022-04-28 13:46:53,999 [pool-290-thread-1] INFO  server.RaftServerConfigKeys (ConfUtils.java:logGet(44)) - raft.server.log.purge.upto.snapshot.index = false (default)
2022-04-28 13:46:53,999 [pool-290-thread-1] INFO  server.RaftServerConfigKeys (ConfUtils.java:logGet(44)) - raft.server.retrycache.expirytime = 600000ms (custom)
2022-04-28 13:46:53,999 [pool-290-thread-1] INFO  server.RaftServerConfigKeys (ConfUtils.java:logGet(44)) - raft.server.retrycache.statistics.expirytime = 100μs (default)
2022-04-28 13:46:54,001 [pool-290-thread-1] INFO  server.RaftServer$Division (RaftServerImpl.java:start(301)) - d6fcb396-7a9b-4335-ba57-70371e8b2173@group-9C327277336C: start as a follower, conf=-1: [acf0e45f-1346-4d3d-b768-e886253cff70|rpc:10.1.0.6:44375|priority:0, d6fcb396-7a9b-4335-ba57-70371e8b2173|rpc:10.1.0.6:43147|priority:1, 12f93519-ceed-46ee-9151-25937782214d|rpc:10.1.0.6:33231|priority:0], old=null
2022-04-28 13:46:54,001 [pool-290-thread-1] INFO  server.RaftServer$Division (RaftServerImpl.java:setRole(290)) - d6fcb396-7a9b-4335-ba57-70371e8b2173@group-9C327277336C: changes role from      null to FOLLOWER at term 0 for startAsFollower
2022-04-28 13:46:54,001 [pool-290-thread-1] INFO  impl.RoleInfo (RoleInfo.java:updateAndGet(130)) - d6fcb396-7a9b-4335-ba57-70371e8b2173: start d6fcb396-7a9b-4335-ba57-70371e8b2173@group-9C327277336C-FollowerState
2022-04-28 13:46:54,001 [pool-290-thread-1] INFO  util.JmxRegister (JmxRegister.java:tryRegister(44)) - Successfully registered JMX Bean with object name Ratis:service=RaftServer,group=group-9C327277336C,id=d6fcb396-7a9b-4335-ba57-70371e8b2173
2022-04-28 13:46:54,002 [Command processor thread] INFO  ratis.XceiverServerRatis (XceiverServerRatis.java:addGroup(765)) - Created group PipelineID=3a62d18e-2bdf-4f70-8718-9c327277336c
2022-04-28 13:46:54,023 [grpc-default-executor-0] INFO  server.RaftServer (RaftServerProxy.java:addNew(95)) - 12f93519-ceed-46ee-9151-25937782214d: addNew group-9C327277336C:[acf0e45f-1346-4d3d-b768-e886253cff70|rpc:10.1.0.6:44375|dataStream:|priority:0, d6fcb396-7a9b-4335-ba57-70371e8b2173|rpc:10.1.0.6:43147|dataStream:|priority:1, 12f93519-ceed-46ee-9151-25937782214d|rpc:10.1.0.6:33231|dataStream:|priority:0] returns group-9C327277336C:java.util.concurrent.CompletableFuture@474f24ef[Not completed]
2022-04-28 13:46:54,024 [pool-311-thread-1] INFO  server.RaftServer$Division (RaftServerImpl.java:<init>(184)) - 12f93519-ceed-46ee-9151-25937782214d: new RaftServerImpl for group-9C327277336C:[acf0e45f-1346-4d3d-b768-e886253cff70|rpc:10.1.0.6:44375|dataStream:|priority:0, d6fcb396-7a9b-4335-ba57-70371e8b2173|rpc:10.1.0.6:43147|dataStream:|priority:1, 12f93519-ceed-46ee-9151-25937782214d|rpc:10.1.0.6:33231|dataStream:|priority:0] with ContainerStateMachine:uninitialized
2022-04-28 13:46:54,024 [pool-311-thread-1] INFO  server.RaftServerConfigKeys (ConfUtils.java:logGet(44)) - raft.server.rpc.timeout.min = 5s (custom)
2022-04-28 13:46:54,024 [pool-311-thread-1] INFO  server.RaftServerConfigKeys (ConfUtils.java:logGet(44)) - raft.server.rpc.timeout.max = 5200ms (custom)
2022-04-28 13:46:54,024 [pool-311-thread-1] INFO  server.RaftServerConfigKeys (ConfUtils.java:logGet(44)) - raft.server.rpc.sleep.time = 25ms (default)
2022-04-28 13:46:54,024 [pool-311-thread-1] INFO  server.RaftServerConfigKeys (ConfUtils.java:logGet(44)) - raft.server.rpc.slowness.timeout = 300000ms (custom)
2022-04-28 13:46:54,024 [pool-311-thread-1] INFO  server.RaftServerConfigKeys (ConfUtils.java:logGet(44)) - raft.server.leaderelection.leader.step-down.wait-time = 10s (default)
2022-04-28 13:46:54,024 [pool-311-thread-1] INFO  server.RaftServerConfigKeys (ConfUtils.java:logGet(44)) - raft.server.sleep.deviation.threshold = 300ms (default)
2022-04-28 13:46:54,024 [pool-311-thread-1] INFO  server.RaftServerConfigKeys (ConfUtils.java:logGet(44)) - raft.server.log.appender.install.snapshot.enabled = false (custom)
2022-04-28 13:46:54,024 [pool-311-thread-1] INFO  server.RaftServer$Division (ServerState.java:<init>(105)) - 12f93519-ceed-46ee-9151-25937782214d@group-9C327277336C: ConfigurationManager, init=-1: [acf0e45f-1346-4d3d-b768-e886253cff70|rpc:10.1.0.6:44375|dataStream:|priority:0, d6fcb396-7a9b-4335-ba57-70371e8b2173|rpc:10.1.0.6:43147|dataStream:|priority:1, 12f93519-ceed-46ee-9151-25937782214d|rpc:10.1.0.6:33231|dataStream:|priority:0], old=null, confs=<EMPTY_MAP>
2022-04-28 13:46:54,024 [pool-311-thread-1] INFO  server.RaftServerConfigKeys (ConfUtils.java:logGet(44)) - raft.server.storage.dir = [/home/runner/work/ozone/ozone/hadoop-ozone/integration-test/target/test-dir/MiniOzoneClusterImpl-b83af172-7a36-4ee1-b1b1-9a7292f569f3/datanode-1/data/ratis] (custom)
2022-04-28 13:46:54,025 [pool-311-thread-1] INFO  server.RaftServerConfigKeys (ConfUtils.java:logGet(44)) - raft.server.log.corruption.policy = EXCEPTION (default)
2022-04-28 13:46:54,025 [pool-311-thread-1] INFO  server.RaftServerConfigKeys (ConfUtils.java:logGet(44)) - raft.server.storage.free-space.min = 0MB (=0) (default)
2022-04-28 13:46:54,025 [pool-311-thread-1] INFO  storage.RaftStorageDirectory (RaftStorageDirectoryImpl.java:analyzeStorage(135)) - The storage directory /home/runner/work/ozone/ozone/hadoop-ozone/integration-test/target/test-dir/MiniOzoneClusterImpl-b83af172-7a36-4ee1-b1b1-9a7292f569f3/datanode-1/data/ratis/3a62d18e-2bdf-4f70-8718-9c327277336c does not exist. Creating ...
2022-04-28 13:46:54,026 [pool-311-thread-1] INFO  storage.RaftStorageDirectory (RaftStorageDirectoryImpl.java:tryLock(230)) - Lock on /home/runner/work/ozone/ozone/hadoop-ozone/integration-test/target/test-dir/MiniOzoneClusterImpl-b83af172-7a36-4ee1-b1b1-9a7292f569f3/datanode-1/data/ratis/3a62d18e-2bdf-4f70-8718-9c327277336c/in_use.lock acquired by nodename 9841@fv-az294-869
2022-04-28 13:46:54,027 [pool-311-thread-1] INFO  storage.RaftStorage (RaftStorageImpl.java:format(89)) - Storage directory /home/runner/work/ozone/ozone/hadoop-ozone/integration-test/target/test-dir/MiniOzoneClusterImpl-b83af172-7a36-4ee1-b1b1-9a7292f569f3/datanode-1/data/ratis/3a62d18e-2bdf-4f70-8718-9c327277336c has been successfully formatted.
2022-04-28 13:46:54,029 [pool-311-thread-1] INFO  ratis.ContainerStateMachine (ContainerStateMachine.java:loadSnapshot(236)) - group-9C327277336C: The snapshot info is null. Setting the last applied indexto:(t:0, i:~)
2022-04-28 13:46:54,034 [pool-311-thread-1] INFO  server.RaftServerConfigKeys (ConfUtils.java:logGet(44)) - raft.server.notification.no-leader.timeout = 300000ms (custom)
2022-04-28 13:46:54,034 [pool-311-thread-1] INFO  server.RaftServerConfigKeys (ConfUtils.java:logGet(44)) - raft.server.log.use.memory = false (default)
2022-04-28 13:46:54,034 [pool-311-thread-1] INFO  server.RaftServerConfigKeys (ConfUtils.java:logGet(44)) - raft.server.log.purge.gap = 1000000 (custom)
2022-04-28 13:46:54,034 [pool-311-thread-1] INFO  server.RaftServerConfigKeys (ConfUtils.java:logGet(44)) - raft.server.log.appender.buffer.byte-limit = 33554432 (custom)
2022-04-28 13:46:54,034 [pool-311-thread-1] INFO  server.RaftServerConfigKeys (ConfUtils.java:logGet(44)) - raft.server.log.segment.size.max = 1048576 (custom)
2022-04-28 13:46:54,034 [pool-311-thread-1] INFO  server.RaftServerConfigKeys (ConfUtils.java:logGet(44)) - raft.server.log.segment.cache.num.max = 2 (custom)
2022-04-28 13:46:54,034 [pool-311-thread-1] INFO  server.RaftServerConfigKeys (ConfUtils.java:logGet(44)) - raft.server.log.segment.cache.size.max = 200MB (=209715200) (default)
2022-04-28 13:46:54,034 [pool-311-thread-1] INFO  segmented.SegmentedRaftLogWorker (SegmentedRaftLogWorker.java:<init>(182)) - new 12f93519-ceed-46ee-9151-25937782214d@group-9C327277336C-SegmentedRaftLogWorker for RaftStorageImpl:Storage Directory /home/runner/work/ozone/ozone/hadoop-ozone/integration-test/target/test-dir/MiniOzoneClusterImpl-b83af172-7a36-4ee1-b1b1-9a7292f569f3/datanode-1/data/ratis/3a62d18e-2bdf-4f70-8718-9c327277336c
2022-04-28 13:46:54,035 [pool-311-thread-1] INFO  server.RaftServerConfigKeys (ConfUtils.java:logGet(44)) - raft.server.log.queue.byte-limit = 4294967296 (custom)
2022-04-28 13:46:54,035 [pool-311-thread-1] INFO  server.RaftServerConfigKeys (ConfUtils.java:logGet(44)) - raft.server.log.queue.element-limit = 1024 (custom)
2022-04-28 13:46:54,035 [pool-311-thread-1] INFO  server.RaftServerConfigKeys (ConfUtils.java:logGet(44)) - raft.server.log.segment.size.max = 1048576 (custom)
2022-04-28 13:46:54,035 [pool-311-thread-1] INFO  server.RaftServerConfigKeys (ConfUtils.java:logGet(44)) - raft.server.log.preallocated.size = 16384 (custom)
2022-04-28 13:46:54,035 [pool-311-thread-1] INFO  server.RaftServerConfigKeys (ConfUtils.java:logGet(44)) - raft.server.log.force.sync.num = 128 (default)
2022-04-28 13:46:54,035 [pool-311-thread-1] INFO  server.RaftServerConfigKeys (ConfUtils.java:logGet(44)) - raft.server.log.statemachine.data.sync = true (default)
2022-04-28 13:46:54,035 [pool-311-thread-1] INFO  server.RaftServerConfigKeys (ConfUtils.java:logGet(44)) - raft.server.log.statemachine.data.sync.timeout = 10s (default)
2022-04-28 13:46:54,035 [pool-311-thread-1] INFO  server.RaftServerConfigKeys (ConfUtils.java:logGet(44)) - raft.server.log.statemachine.data.sync.timeout.retry = -1 (default)
2022-04-28 13:46:54,035 [pool-311-thread-1] INFO  server.RaftServerConfigKeys (ConfUtils.java:logGet(44)) - raft.server.log.write.buffer.size = 1048576 (custom)
2022-04-28 13:46:54,036 [pool-311-thread-1] INFO  server.RaftServerConfigKeys (ConfUtils.java:logGet(44)) - raft.server.log.statemachine.data.caching.enabled = true (custom)
2022-04-28 13:46:54,036 [pool-311-thread-1] INFO  segmented.SegmentedRaftLogWorker (SegmentedRaftLogWorker.java:lambda$new$0(133)) - 12f93519-ceed-46ee-9151-25937782214d@group-9C327277336C-SegmentedRaftLogWorker: flushIndex: setUnconditionally 0 -> -1
2022-04-28 13:46:54,036 [pool-311-thread-1] INFO  segmented.SegmentedRaftLogWorker (SegmentedRaftLogWorker.java:lambda$new$0(133)) - 12f93519-ceed-46ee-9151-25937782214d@group-9C327277336C-SegmentedRaftLogWorker: safeCacheEvictIndex: setUnconditionally 0 -> -1
2022-04-28 13:46:54,054 [pool-311-thread-1] INFO  server.RaftServerConfigKeys (ConfUtils.java:logGet(44)) - raft.server.snapshot.auto.trigger.enabled = true (custom)
2022-04-28 13:46:54,055 [pool-311-thread-1] INFO  server.RaftServerConfigKeys (ConfUtils.java:logGet(44)) - raft.server.snapshot.auto.trigger.threshold = 10000 (custom)
2022-04-28 13:46:54,055 [pool-311-thread-1] INFO  server.RaftServerConfigKeys (ConfUtils.java:logGet(44)) - raft.server.snapshot.retention.file.num = 5 (custom)
2022-04-28 13:46:54,055 [pool-311-thread-1] INFO  server.RaftServerConfigKeys (ConfUtils.java:logGet(44)) - raft.server.log.purge.upto.snapshot.index = false (default)
2022-04-28 13:46:54,055 [pool-311-thread-1] INFO  server.RaftServerConfigKeys (ConfUtils.java:logGet(44)) - raft.server.retrycache.expirytime = 600000ms (custom)
2022-04-28 13:46:54,055 [pool-311-thread-1] INFO  server.RaftServerConfigKeys (ConfUtils.java:logGet(44)) - raft.server.retrycache.statistics.expirytime = 100μs (default)
2022-04-28 13:46:54,056 [pool-311-thread-1] INFO  server.RaftServer$Division (RaftServerImpl.java:start(301)) - 12f93519-ceed-46ee-9151-25937782214d@group-9C327277336C: start as a follower, conf=-1: [acf0e45f-1346-4d3d-b768-e886253cff70|rpc:10.1.0.6:44375|dataStream:|priority:0, d6fcb396-7a9b-4335-ba57-70371e8b2173|rpc:10.1.0.6:43147|dataStream:|priority:1, 12f93519-ceed-46ee-9151-25937782214d|rpc:10.1.0.6:33231|dataStream:|priority:0], old=null
2022-04-28 13:46:54,056 [pool-311-thread-1] INFO  server.RaftServer$Division (RaftServerImpl.java:setRole(290)) - 12f93519-ceed-46ee-9151-25937782214d@group-9C327277336C: changes role from      null to FOLLOWER at term 0 for startAsFollower
2022-04-28 13:46:54,056 [pool-311-thread-1] INFO  impl.RoleInfo (RoleInfo.java:updateAndGet(130)) - 12f93519-ceed-46ee-9151-25937782214d: start 12f93519-ceed-46ee-9151-25937782214d@group-9C327277336C-FollowerState
2022-04-28 13:46:54,074 [pool-311-thread-1] INFO  util.JmxRegister (JmxRegister.java:tryRegister(44)) - Successfully registered JMX Bean with object name Ratis:service=RaftServer,group=group-9C327277336C,id=12f93519-ceed-46ee-9151-25937782214d
2022-04-28 13:46:54,111 [grpc-default-executor-0] INFO  server.RaftServer (RaftServerProxy.java:addNew(95)) - acf0e45f-1346-4d3d-b768-e886253cff70: addNew group-9C327277336C:[acf0e45f-1346-4d3d-b768-e886253cff70|rpc:10.1.0.6:44375|dataStream:|priority:0, d6fcb396-7a9b-4335-ba57-70371e8b2173|rpc:10.1.0.6:43147|dataStream:|priority:1, 12f93519-ceed-46ee-9151-25937782214d|rpc:10.1.0.6:33231|dataStream:|priority:0] returns group-9C327277336C:java.util.concurrent.CompletableFuture@3bd46eb4[Not completed]
2022-04-28 13:46:54,112 [pool-332-thread-1] INFO  server.RaftServer$Division (RaftServerImpl.java:<init>(184)) - acf0e45f-1346-4d3d-b768-e886253cff70: new RaftServerImpl for group-9C327277336C:[acf0e45f-1346-4d3d-b768-e886253cff70|rpc:10.1.0.6:44375|dataStream:|priority:0, d6fcb396-7a9b-4335-ba57-70371e8b2173|rpc:10.1.0.6:43147|dataStream:|priority:1, 12f93519-ceed-46ee-9151-25937782214d|rpc:10.1.0.6:33231|dataStream:|priority:0] with ContainerStateMachine:uninitialized
2022-04-28 13:46:54,112 [pool-332-thread-1] INFO  server.RaftServerConfigKeys (ConfUtils.java:logGet(44)) - raft.server.rpc.timeout.min = 5s (custom)
2022-04-28 13:46:54,112 [pool-332-thread-1] INFO  server.RaftServerConfigKeys (ConfUtils.java:logGet(44)) - raft.server.rpc.timeout.max = 5200ms (custom)
2022-04-28 13:46:54,112 [pool-332-thread-1] INFO  server.RaftServerConfigKeys (ConfUtils.java:logGet(44)) - raft.server.rpc.sleep.time = 25ms (default)
2022-04-28 13:46:54,112 [pool-332-thread-1] INFO  server.RaftServerConfigKeys (ConfUtils.java:logGet(44)) - raft.server.rpc.slowness.timeout = 300000ms (custom)
2022-04-28 13:46:54,112 [pool-332-thread-1] INFO  server.RaftServerConfigKeys (ConfUtils.java:logGet(44)) - raft.server.leaderelection.leader.step-down.wait-time = 10s (default)
2022-04-28 13:46:54,112 [pool-332-thread-1] INFO  server.RaftServerConfigKeys (ConfUtils.java:logGet(44)) - raft.server.sleep.deviation.threshold = 300ms (default)
2022-04-28 13:46:54,112 [pool-332-thread-1] INFO  server.RaftServerConfigKeys (ConfUtils.java:logGet(44)) - raft.server.log.appender.install.snapshot.enabled = false (custom)
2022-04-28 13:46:54,113 [pool-332-thread-1] INFO  server.RaftServer$Division (ServerState.java:<init>(105)) - acf0e45f-1346-4d3d-b768-e886253cff70@group-9C327277336C: ConfigurationManager, init=-1: [acf0e45f-1346-4d3d-b768-e886253cff70|rpc:10.1.0.6:44375|dataStream:|priority:0, d6fcb396-7a9b-4335-ba57-70371e8b2173|rpc:10.1.0.6:43147|dataStream:|priority:1, 12f93519-ceed-46ee-9151-25937782214d|rpc:10.1.0.6:33231|dataStream:|priority:0], old=null, confs=<EMPTY_MAP>
2022-04-28 13:46:54,113 [pool-332-thread-1] INFO  server.RaftServerConfigKeys (ConfUtils.java:logGet(44)) - raft.server.storage.dir = [/home/runner/work/ozone/ozone/hadoop-ozone/integration-test/target/test-dir/MiniOzoneClusterImpl-b83af172-7a36-4ee1-b1b1-9a7292f569f3/datanode-2/data/ratis] (custom)
2022-04-28 13:46:54,113 [pool-332-thread-1] INFO  server.RaftServerConfigKeys (ConfUtils.java:logGet(44)) - raft.server.log.corruption.policy = EXCEPTION (default)
2022-04-28 13:46:54,113 [pool-332-thread-1] INFO  server.RaftServerConfigKeys (ConfUtils.java:logGet(44)) - raft.server.storage.free-space.min = 0MB (=0) (default)
2022-04-28 13:46:54,113 [pool-332-thread-1] INFO  storage.RaftStorageDirectory (RaftStorageDirectoryImpl.java:analyzeStorage(135)) - The storage directory /home/runner/work/ozone/ozone/hadoop-ozone/integration-test/target/test-dir/MiniOzoneClusterImpl-b83af172-7a36-4ee1-b1b1-9a7292f569f3/datanode-2/data/ratis/3a62d18e-2bdf-4f70-8718-9c327277336c does not exist. Creating ...
2022-04-28 13:46:54,115 [pool-332-thread-1] INFO  storage.RaftStorageDirectory (RaftStorageDirectoryImpl.java:tryLock(230)) - Lock on /home/runner/work/ozone/ozone/hadoop-ozone/integration-test/target/test-dir/MiniOzoneClusterImpl-b83af172-7a36-4ee1-b1b1-9a7292f569f3/datanode-2/data/ratis/3a62d18e-2bdf-4f70-8718-9c327277336c/in_use.lock acquired by nodename 9841@fv-az294-869
2022-04-28 13:46:54,116 [pool-332-thread-1] INFO  storage.RaftStorage (RaftStorageImpl.java:format(89)) - Storage directory /home/runner/work/ozone/ozone/hadoop-ozone/integration-test/target/test-dir/MiniOzoneClusterImpl-b83af172-7a36-4ee1-b1b1-9a7292f569f3/datanode-2/data/ratis/3a62d18e-2bdf-4f70-8718-9c327277336c has been successfully formatted.
2022-04-28 13:46:54,117 [pool-332-thread-1] INFO  ratis.ContainerStateMachine (ContainerStateMachine.java:loadSnapshot(236)) - group-9C327277336C: The snapshot info is null. Setting the last applied indexto:(t:0, i:~)
2022-04-28 13:46:54,117 [pool-332-thread-1] INFO  server.RaftServerConfigKeys (ConfUtils.java:logGet(44)) - raft.server.notification.no-leader.timeout = 300000ms (custom)
2022-04-28 13:46:54,117 [pool-332-thread-1] INFO  server.RaftServerConfigKeys (ConfUtils.java:logGet(44)) - raft.server.log.use.memory = false (default)
2022-04-28 13:46:54,117 [pool-332-thread-1] INFO  server.RaftServerConfigKeys (ConfUtils.java:logGet(44)) - raft.server.log.purge.gap = 1000000 (custom)
2022-04-28 13:46:54,117 [pool-332-thread-1] INFO  server.RaftServerConfigKeys (ConfUtils.java:logGet(44)) - raft.server.log.appender.buffer.byte-limit = 33554432 (custom)
2022-04-28 13:46:54,118 [pool-332-thread-1] INFO  server.RaftServerConfigKeys (ConfUtils.java:logGet(44)) - raft.server.log.segment.size.max = 1048576 (custom)
2022-04-28 13:46:54,118 [pool-332-thread-1] INFO  server.RaftServerConfigKeys (ConfUtils.java:logGet(44)) - raft.server.log.segment.cache.num.max = 2 (custom)
2022-04-28 13:46:54,118 [pool-332-thread-1] INFO  server.RaftServerConfigKeys (ConfUtils.java:logGet(44)) - raft.server.log.segment.cache.size.max = 200MB (=209715200) (default)
2022-04-28 13:46:54,118 [pool-332-thread-1] INFO  segmented.SegmentedRaftLogWorker (SegmentedRaftLogWorker.java:<init>(182)) - new acf0e45f-1346-4d3d-b768-e886253cff70@group-9C327277336C-SegmentedRaftLogWorker for RaftStorageImpl:Storage Directory /home/runner/work/ozone/ozone/hadoop-ozone/integration-test/target/test-dir/MiniOzoneClusterImpl-b83af172-7a36-4ee1-b1b1-9a7292f569f3/datanode-2/data/ratis/3a62d18e-2bdf-4f70-8718-9c327277336c
2022-04-28 13:46:54,118 [pool-332-thread-1] INFO  server.RaftServerConfigKeys (ConfUtils.java:logGet(44)) - raft.server.log.queue.byte-limit = 4294967296 (custom)
2022-04-28 13:46:54,118 [pool-332-thread-1] INFO  server.RaftServerConfigKeys (ConfUtils.java:logGet(44)) - raft.server.log.queue.element-limit = 1024 (custom)
2022-04-28 13:46:54,118 [pool-332-thread-1] INFO  server.RaftServerConfigKeys (ConfUtils.java:logGet(44)) - raft.server.log.segment.size.max = 1048576 (custom)
2022-04-28 13:46:54,118 [pool-332-thread-1] INFO  server.RaftServerConfigKeys (ConfUtils.java:logGet(44)) - raft.server.log.preallocated.size = 16384 (custom)
2022-04-28 13:46:54,118 [pool-332-thread-1] INFO  server.RaftServerConfigKeys (ConfUtils.java:logGet(44)) - raft.server.log.force.sync.num = 128 (default)
2022-04-28 13:46:54,118 [pool-332-thread-1] INFO  server.RaftServerConfigKeys (ConfUtils.java:logGet(44)) - raft.server.log.statemachine.data.sync = true (default)
2022-04-28 13:46:54,118 [pool-332-thread-1] INFO  server.RaftServerConfigKeys (ConfUtils.java:logGet(44)) - raft.server.log.statemachine.data.sync.timeout = 10s (default)
2022-04-28 13:46:54,118 [pool-332-thread-1] INFO  server.RaftServerConfigKeys (ConfUtils.java:logGet(44)) - raft.server.log.statemachine.data.sync.timeout.retry = -1 (default)
2022-04-28 13:46:54,119 [pool-332-thread-1] INFO  server.RaftServerConfigKeys (ConfUtils.java:logGet(44)) - raft.server.log.write.buffer.size = 1048576 (custom)
2022-04-28 13:46:54,120 [pool-332-thread-1] INFO  server.RaftServerConfigKeys (ConfUtils.java:logGet(44)) - raft.server.log.statemachine.data.caching.enabled = true (custom)
2022-04-28 13:46:54,120 [pool-332-thread-1] INFO  segmented.SegmentedRaftLogWorker (SegmentedRaftLogWorker.java:lambda$new$0(133)) - acf0e45f-1346-4d3d-b768-e886253cff70@group-9C327277336C-SegmentedRaftLogWorker: flushIndex: setUnconditionally 0 -> -1
2022-04-28 13:46:54,120 [pool-332-thread-1] INFO  segmented.SegmentedRaftLogWorker (SegmentedRaftLogWorker.java:lambda$new$0(133)) - acf0e45f-1346-4d3d-b768-e886253cff70@group-9C327277336C-SegmentedRaftLogWorker: safeCacheEvictIndex: setUnconditionally 0 -> -1
2022-04-28 13:46:54,128 [pool-332-thread-1] INFO  server.RaftServerConfigKeys (ConfUtils.java:logGet(44)) - raft.server.snapshot.auto.trigger.enabled = true (custom)
2022-04-28 13:46:54,128 [pool-332-thread-1] INFO  server.RaftServerConfigKeys (ConfUtils.java:logGet(44)) - raft.server.snapshot.auto.trigger.threshold = 10000 (custom)
2022-04-28 13:46:54,128 [pool-332-thread-1] INFO  server.RaftServerConfigKeys (ConfUtils.java:logGet(44)) - raft.server.snapshot.retention.file.num = 5 (custom)
2022-04-28 13:46:54,129 [pool-332-thread-1] INFO  server.RaftServerConfigKeys (ConfUtils.java:logGet(44)) - raft.server.log.purge.upto.snapshot.index = false (default)
2022-04-28 13:46:54,129 [pool-332-thread-1] INFO  server.RaftServerConfigKeys (ConfUtils.java:logGet(44)) - raft.server.retrycache.expirytime = 600000ms (custom)
2022-04-28 13:46:54,129 [pool-332-thread-1] INFO  server.RaftServerConfigKeys (ConfUtils.java:logGet(44)) - raft.server.retrycache.statistics.expirytime = 100μs (default)
2022-04-28 13:46:54,130 [pool-332-thread-1] INFO  server.RaftServer$Division (RaftServerImpl.java:start(301)) - acf0e45f-1346-4d3d-b768-e886253cff70@group-9C327277336C: start as a follower, conf=-1: [acf0e45f-1346-4d3d-b768-e886253cff70|rpc:10.1.0.6:44375|dataStream:|priority:0, d6fcb396-7a9b-4335-ba57-70371e8b2173|rpc:10.1.0.6:43147|dataStream:|priority:1, 12f93519-ceed-46ee-9151-25937782214d|rpc:10.1.0.6:33231|dataStream:|priority:0], old=null
2022-04-28 13:46:54,130 [pool-332-thread-1] INFO  server.RaftServer$Division (RaftServerImpl.java:setRole(290)) - acf0e45f-1346-4d3d-b768-e886253cff70@group-9C327277336C: changes role from      null to FOLLOWER at term 0 for startAsFollower
2022-04-28 13:46:54,130 [pool-332-thread-1] INFO  impl.RoleInfo (RoleInfo.java:updateAndGet(130)) - acf0e45f-1346-4d3d-b768-e886253cff70: start acf0e45f-1346-4d3d-b768-e886253cff70@group-9C327277336C-FollowerState
2022-04-28 13:46:54,137 [pool-332-thread-1] INFO  util.JmxRegister (JmxRegister.java:tryRegister(44)) - Successfully registered JMX Bean with object name Ratis:service=RaftServer,group=group-9C327277336C,id=acf0e45f-1346-4d3d-b768-e886253cff70
2022-04-28 13:46:54,152 [Command processor thread] INFO  commandhandler.CreatePipelineCommandHandler (CreatePipelineCommandHandler.java:handle(113)) - Created Pipeline RATIS THREE PipelineID=3a62d18e-2bdf-4f70-8718-9c327277336c.
2022-04-28 13:46:54,240 [Command processor thread] INFO  server.RaftServer (RaftServerProxy.java:addNew(95)) - 12f93519-ceed-46ee-9151-25937782214d: addNew group-E6C2D5BC7D5D:[12f93519-ceed-46ee-9151-25937782214d|rpc:10.1.0.6:33231|priority:1] returns group-E6C2D5BC7D5D:java.util.concurrent.CompletableFuture@5de522af[Not completed]
2022-04-28 13:46:54,241 [pool-311-thread-1] INFO  server.RaftServer$Division (RaftServerImpl.java:<init>(184)) - 12f93519-ceed-46ee-9151-25937782214d: new RaftServerImpl for group-E6C2D5BC7D5D:[12f93519-ceed-46ee-9151-25937782214d|rpc:10.1.0.6:33231|priority:1] with ContainerStateMachine:uninitialized
2022-04-28 13:46:54,241 [pool-311-thread-1] INFO  server.RaftServerConfigKeys (ConfUtils.java:logGet(44)) - raft.server.rpc.timeout.min = 5s (custom)
2022-04-28 13:46:54,241 [pool-311-thread-1] INFO  server.RaftServerConfigKeys (ConfUtils.java:logGet(44)) - raft.server.rpc.timeout.max = 5200ms (custom)
2022-04-28 13:46:54,241 [pool-311-thread-1] INFO  server.RaftServerConfigKeys (ConfUtils.java:logGet(44)) - raft.server.rpc.sleep.time = 25ms (default)
2022-04-28 13:46:54,241 [pool-311-thread-1] INFO  server.RaftServerConfigKeys (ConfUtils.java:logGet(44)) - raft.server.rpc.slowness.timeout = 300000ms (custom)
2022-04-28 13:46:54,241 [pool-311-thread-1] INFO  server.RaftServerConfigKeys (ConfUtils.java:logGet(44)) - raft.server.leaderelection.leader.step-down.wait-time = 10s (default)
2022-04-28 13:46:54,241 [pool-311-thread-1] INFO  server.RaftServerConfigKeys (ConfUtils.java:logGet(44)) - raft.server.sleep.deviation.threshold = 300ms (default)
2022-04-28 13:46:54,241 [pool-311-thread-1] INFO  server.RaftServerConfigKeys (ConfUtils.java:logGet(44)) - raft.server.log.appender.install.snapshot.enabled = false (custom)
2022-04-28 13:46:54,242 [pool-311-thread-1] INFO  server.RaftServer$Division (ServerState.java:<init>(105)) - 12f93519-ceed-46ee-9151-25937782214d@group-E6C2D5BC7D5D: ConfigurationManager, init=-1: [12f93519-ceed-46ee-9151-25937782214d|rpc:10.1.0.6:33231|priority:1], old=null, confs=<EMPTY_MAP>
2022-04-28 13:46:54,242 [pool-311-thread-1] INFO  server.RaftServerConfigKeys (ConfUtils.java:logGet(44)) - raft.server.storage.dir = [/home/runner/work/ozone/ozone/hadoop-ozone/integration-test/target/test-dir/MiniOzoneClusterImpl-b83af172-7a36-4ee1-b1b1-9a7292f569f3/datanode-1/data/ratis] (custom)
2022-04-28 13:46:54,242 [pool-311-thread-1] INFO  server.RaftServerConfigKeys (ConfUtils.java:logGet(44)) - raft.server.log.corruption.policy = EXCEPTION (default)
2022-04-28 13:46:54,242 [pool-311-thread-1] INFO  server.RaftServerConfigKeys (ConfUtils.java:logGet(44)) - raft.server.storage.free-space.min = 0MB (=0) (default)
2022-04-28 13:46:54,242 [pool-311-thread-1] INFO  storage.RaftStorageDirectory (RaftStorageDirectoryImpl.java:analyzeStorage(135)) - The storage directory /home/runner/work/ozone/ozone/hadoop-ozone/integration-test/target/test-dir/MiniOzoneClusterImpl-b83af172-7a36-4ee1-b1b1-9a7292f569f3/datanode-1/data/ratis/cb0a80bd-0299-4e6d-816d-e6c2d5bc7d5d does not exist. Creating ...
2022-04-28 13:46:54,246 [pool-311-thread-1] INFO  storage.RaftStorageDirectory (RaftStorageDirectoryImpl.java:tryLock(230)) - Lock on /home/runner/work/ozone/ozone/hadoop-ozone/integration-test/target/test-dir/MiniOzoneClusterImpl-b83af172-7a36-4ee1-b1b1-9a7292f569f3/datanode-1/data/ratis/cb0a80bd-0299-4e6d-816d-e6c2d5bc7d5d/in_use.lock acquired by nodename 9841@fv-az294-869
2022-04-28 13:46:54,249 [pool-311-thread-1] INFO  storage.RaftStorage (RaftStorageImpl.java:format(89)) - Storage directory /home/runner/work/ozone/ozone/hadoop-ozone/integration-test/target/test-dir/MiniOzoneClusterImpl-b83af172-7a36-4ee1-b1b1-9a7292f569f3/datanode-1/data/ratis/cb0a80bd-0299-4e6d-816d-e6c2d5bc7d5d has been successfully formatted.
2022-04-28 13:46:54,250 [pool-311-thread-1] INFO  ratis.ContainerStateMachine (ContainerStateMachine.java:loadSnapshot(236)) - group-E6C2D5BC7D5D: The snapshot info is null. Setting the last applied indexto:(t:0, i:~)
2022-04-28 13:46:54,251 [pool-311-thread-1] INFO  server.RaftServerConfigKeys (ConfUtils.java:logGet(44)) - raft.server.notification.no-leader.timeout = 300000ms (custom)
2022-04-28 13:46:54,251 [pool-311-thread-1] INFO  server.RaftServerConfigKeys (ConfUtils.java:logGet(44)) - raft.server.log.use.memory = false (default)
2022-04-28 13:46:54,251 [EventQueue-PipelineReportForPipelineReportHandler] INFO  pipeline.PipelineManagerImpl (PipelineManagerImpl.java:openPipeline(328)) - Pipeline Pipeline[ Id: cb0a80bd-0299-4e6d-816d-e6c2d5bc7d5d, Nodes: 12f93519-ceed-46ee-9151-25937782214d{ip: 10.1.0.6, host: fv-az294-869.eaanfquahm5ulb5tj050gcxych.jx.internal.cloudapp.net, ports: [REPLICATION=38103, RATIS=33231, RATIS_ADMIN=33231, RATIS_SERVER=33231, STANDALONE=46501], networkLocation: /default-rack, certSerialId: null, persistedOpState: IN_SERVICE, persistedOpStateExpiryEpochSec: 0}, ReplicationConfig: RATIS/ONE, State:ALLOCATED, leaderId:12f93519-ceed-46ee-9151-25937782214d, CreationTimestamp2022-04-28T13:46:51.246Z[Etc/UTC]] moved to OPEN state
2022-04-28 13:46:54,253 [002018de-f8db-4c7b-a600-8966bee8ed8d@group-9A7292F569F3-StateMachineUpdater] INFO  safemode.HealthyPipelineSafeModeRule (HealthyPipelineSafeModeRule.java:initializeRule(152)) - Refreshed total pipeline count is 0, healthy pipeline threshold count is 1
2022-04-28 13:46:54,254 [EventQueue-OpenPipelineForHealthyPipelineSafeModeRule] INFO  safemode.SCMSafeModeManager (HealthyPipelineSafeModeRule.java:process(124)) - SCM in safe mode. Healthy pipelines reported count is 0, required healthy pipeline reported count is 1
2022-04-28 13:46:54,254 [pool-311-thread-1] INFO  server.RaftServerConfigKeys (ConfUtils.java:logGet(44)) - raft.server.log.purge.gap = 1000000 (custom)
2022-04-28 13:46:54,254 [pool-311-thread-1] INFO  server.RaftServerConfigKeys (ConfUtils.java:logGet(44)) - raft.server.log.appender.buffer.byte-limit = 33554432 (custom)
2022-04-28 13:46:54,254 [pool-311-thread-1] INFO  server.RaftServerConfigKeys (ConfUtils.java:logGet(44)) - raft.server.log.segment.size.max = 1048576 (custom)
2022-04-28 13:46:54,255 [pool-311-thread-1] INFO  server.RaftServerConfigKeys (ConfUtils.java:logGet(44)) - raft.server.log.segment.cache.num.max = 2 (custom)
2022-04-28 13:46:54,255 [pool-311-thread-1] INFO  server.RaftServerConfigKeys (ConfUtils.java:logGet(44)) - raft.server.log.segment.cache.size.max = 200MB (=209715200) (default)
2022-04-28 13:46:54,255 [pool-311-thread-1] INFO  segmented.SegmentedRaftLogWorker (SegmentedRaftLogWorker.java:<init>(182)) - new 12f93519-ceed-46ee-9151-25937782214d@group-E6C2D5BC7D5D-SegmentedRaftLogWorker for RaftStorageImpl:Storage Directory /home/runner/work/ozone/ozone/hadoop-ozone/integration-test/target/test-dir/MiniOzoneClusterImpl-b83af172-7a36-4ee1-b1b1-9a7292f569f3/datanode-1/data/ratis/cb0a80bd-0299-4e6d-816d-e6c2d5bc7d5d
2022-04-28 13:46:54,255 [pool-311-thread-1] INFO  server.RaftServerConfigKeys (ConfUtils.java:logGet(44)) - raft.server.log.queue.byte-limit = 4294967296 (custom)
2022-04-28 13:46:54,255 [pool-311-thread-1] INFO  server.RaftServerConfigKeys (ConfUtils.java:logGet(44)) - raft.server.log.queue.element-limit = 1024 (custom)
2022-04-28 13:46:54,255 [pool-311-thread-1] INFO  server.RaftServerConfigKeys (ConfUtils.java:logGet(44)) - raft.server.log.segment.size.max = 1048576 (custom)
2022-04-28 13:46:54,255 [pool-311-thread-1] INFO  server.RaftServerConfigKeys (ConfUtils.java:logGet(44)) - raft.server.log.preallocated.size = 16384 (custom)
2022-04-28 13:46:54,255 [pool-311-thread-1] INFO  server.RaftServerConfigKeys (ConfUtils.java:logGet(44)) - raft.server.log.force.sync.num = 128 (default)
2022-04-28 13:46:54,255 [pool-311-thread-1] INFO  server.RaftServerConfigKeys (ConfUtils.java:logGet(44)) - raft.server.log.statemachine.data.sync = true (default)
2022-04-28 13:46:54,255 [pool-311-thread-1] INFO  server.RaftServerConfigKeys (ConfUtils.java:logGet(44)) - raft.server.log.statemachine.data.sync.timeout = 10s (default)
2022-04-28 13:46:54,255 [pool-311-thread-1] INFO  server.RaftServerConfigKeys (ConfUtils.java:logGet(44)) - raft.server.log.statemachine.data.sync.timeout.retry = -1 (default)
2022-04-28 13:46:54,256 [pool-311-thread-1] INFO  server.RaftServerConfigKeys (ConfUtils.java:logGet(44)) - raft.server.log.write.buffer.size = 1048576 (custom)
2022-04-28 13:46:54,257 [pool-311-thread-1] INFO  server.RaftServerConfigKeys (ConfUtils.java:logGet(44)) - raft.server.log.statemachine.data.caching.enabled = true (custom)
2022-04-28 13:46:54,257 [pool-311-thread-1] INFO  segmented.SegmentedRaftLogWorker (SegmentedRaftLogWorker.java:lambda$new$0(133)) - 12f93519-ceed-46ee-9151-25937782214d@group-E6C2D5BC7D5D-SegmentedRaftLogWorker: flushIndex: setUnconditionally 0 -> -1
2022-04-28 13:46:54,257 [pool-311-thread-1] INFO  segmented.SegmentedRaftLogWorker (SegmentedRaftLogWorker.java:lambda$new$0(133)) - 12f93519-ceed-46ee-9151-25937782214d@group-E6C2D5BC7D5D-SegmentedRaftLogWorker: safeCacheEvictIndex: setUnconditionally 0 -> -1
2022-04-28 13:46:54,257 [pool-311-thread-1] INFO  server.RaftServerConfigKeys (ConfUtils.java:logGet(44)) - raft.server.snapshot.auto.trigger.enabled = true (custom)
2022-04-28 13:46:54,257 [pool-311-thread-1] INFO  server.RaftServerConfigKeys (ConfUtils.java:logGet(44)) - raft.server.snapshot.auto.trigger.threshold = 10000 (custom)
2022-04-28 13:46:54,257 [pool-311-thread-1] INFO  server.RaftServerConfigKeys (ConfUtils.java:logGet(44)) - raft.server.snapshot.retention.file.num = 5 (custom)
2022-04-28 13:46:54,257 [pool-311-thread-1] INFO  server.RaftServerConfigKeys (ConfUtils.java:logGet(44)) - raft.server.log.purge.upto.snapshot.index = false (default)
2022-04-28 13:46:54,257 [pool-311-thread-1] INFO  server.RaftServerConfigKeys (ConfUtils.java:logGet(44)) - raft.server.retrycache.expirytime = 600000ms (custom)
2022-04-28 13:46:54,257 [pool-311-thread-1] INFO  server.RaftServerConfigKeys (ConfUtils.java:logGet(44)) - raft.server.retrycache.statistics.expirytime = 100μs (default)
2022-04-28 13:46:54,258 [pool-311-thread-1] INFO  server.RaftServer$Division (RaftServerImpl.java:start(301)) - 12f93519-ceed-46ee-9151-25937782214d@group-E6C2D5BC7D5D: start as a follower, conf=-1: [12f93519-ceed-46ee-9151-25937782214d|rpc:10.1.0.6:33231|priority:1], old=null
2022-04-28 13:46:54,258 [pool-311-thread-1] INFO  server.RaftServer$Division (RaftServerImpl.java:setRole(290)) - 12f93519-ceed-46ee-9151-25937782214d@group-E6C2D5BC7D5D: changes role from      null to FOLLOWER at term 0 for startAsFollower
2022-04-28 13:46:54,258 [pool-311-thread-1] INFO  impl.RoleInfo (RoleInfo.java:updateAndGet(130)) - 12f93519-ceed-46ee-9151-25937782214d: start 12f93519-ceed-46ee-9151-25937782214d@group-E6C2D5BC7D5D-FollowerState
2022-04-28 13:46:54,259 [pool-311-thread-1] INFO  util.JmxRegister (JmxRegister.java:tryRegister(44)) - Successfully registered JMX Bean with object name Ratis:service=RaftServer,group=group-E6C2D5BC7D5D,id=12f93519-ceed-46ee-9151-25937782214d
2022-04-28 13:46:54,259 [Command processor thread] INFO  ratis.XceiverServerRatis (XceiverServerRatis.java:addGroup(765)) - Created group PipelineID=cb0a80bd-0299-4e6d-816d-e6c2d5bc7d5d
2022-04-28 13:46:54,259 [Command processor thread] INFO  commandhandler.CreatePipelineCommandHandler (CreatePipelineCommandHandler.java:handle(113)) - Created Pipeline RATIS ONE PipelineID=cb0a80bd-0299-4e6d-816d-e6c2d5bc7d5d.
2022-04-28 13:46:54,295 [Listener at 127.0.0.1/39257] INFO  ozone.MiniOzoneClusterImpl (MiniOzoneClusterImpl.java:lambda$waitForClusterToBeReady$0(221)) - Waiting for nodes to be ready. Got 6 of 7 DN Heartbeats.
2022-04-28 13:46:54,296 [Listener at 127.0.0.1/39257] INFO  ozone.MiniOzoneClusterImpl (MiniOzoneClusterImpl.java:lambda$waitForClusterToBeReady$0(224)) - Waiting for cluster to exit safe mode
2022-04-28 13:46:54,296 [Listener at 127.0.0.1/39257] INFO  ozone.MiniOzoneClusterImpl (MiniOzoneClusterImpl.java:lambda$waitForClusterToBeReady$0(226)) - SCM became leader
2022-04-28 13:46:54,344 [IPC Server handler 13 on default port 40355] INFO  net.NetworkTopologyImpl (NetworkTopologyImpl.java:add(112)) - Added a new node: /default-rack/8b9e3e84-a08a-404f-8d97-9d84e294535b
2022-04-28 13:46:54,344 [IPC Server handler 13 on default port 40355] INFO  node.SCMNodeManager (SCMNodeManager.java:register(391)) - Registered Data node : 8b9e3e84-a08a-404f-8d97-9d84e294535b{ip: 10.1.0.6, host: fv-az294-869.eaanfquahm5ulb5tj050gcxych.jx.internal.cloudapp.net, ports: [REPLICATION=33295, RATIS=42451, RATIS_ADMIN=42451, RATIS_SERVER=42451, STANDALONE=34683], networkLocation: /default-rack, certSerialId: null, persistedOpState: null, persistedOpStateExpiryEpochSec: 0}
2022-04-28 13:46:54,344 [EventQueue-NewNodeForNewNodeHandler] INFO  pipeline.BackgroundPipelineCreator (BackgroundPipelineCreator.java:notifyEventTriggered(271)) - trigger a one-shot run on RatisPipelineUtilsThread.
2022-04-28 13:46:54,345 [RatisPipelineUtilsThread - 0] INFO  pipeline.RatisPipelineProvider (RatisPipelineProvider.java:lambda$create$0(195)) - Sending CreatePipelineCommand for pipeline:PipelineID=2c9ead6e-c2fe-4efc-9d79-d2d827deaf3b to datanode:8b9e3e84-a08a-404f-8d97-9d84e294535b
2022-04-28 13:46:54,347 [002018de-f8db-4c7b-a600-8966bee8ed8d@group-9A7292F569F3-StateMachineUpdater] INFO  pipeline.PipelineStateManagerImpl (PipelineStateManagerImpl.java:addPipeline(101)) - Created pipeline Pipeline[ Id: 2c9ead6e-c2fe-4efc-9d79-d2d827deaf3b, Nodes: 8b9e3e84-a08a-404f-8d97-9d84e294535b{ip: 10.1.0.6, host: fv-az294-869.eaanfquahm5ulb5tj050gcxych.jx.internal.cloudapp.net, ports: [REPLICATION=33295, RATIS=42451, RATIS_ADMIN=42451, RATIS_SERVER=42451, STANDALONE=34683], networkLocation: /default-rack, certSerialId: null, persistedOpState: IN_SERVICE, persistedOpStateExpiryEpochSec: 0}, ReplicationConfig: RATIS/ONE, State:ALLOCATED, leaderId:, CreationTimestamp2022-04-28T13:46:54.345Z[Etc/UTC]].
2022-04-28 13:46:54,347 [002018de-f8db-4c7b-a600-8966bee8ed8d@group-9A7292F569F3-StateMachineUpdater] INFO  safemode.HealthyPipelineSafeModeRule (HealthyPipelineSafeModeRule.java:initializeRule(152)) - Refreshed total pipeline count is 0, healthy pipeline threshold count is 1
2022-04-28 13:46:54,726 [Command processor thread] INFO  server.RaftServer (RaftServerProxy.java:addNew(95)) - acf0e45f-1346-4d3d-b768-e886253cff70: addNew group-CED546A0179B:[acf0e45f-1346-4d3d-b768-e886253cff70|rpc:10.1.0.6:44375|priority:1] returns group-CED546A0179B:java.util.concurrent.CompletableFuture@403091df[Not completed]
2022-04-28 13:46:54,727 [pool-332-thread-1] INFO  server.RaftServer$Division (RaftServerImpl.java:<init>(184)) - acf0e45f-1346-4d3d-b768-e886253cff70: new RaftServerImpl for group-CED546A0179B:[acf0e45f-1346-4d3d-b768-e886253cff70|rpc:10.1.0.6:44375|priority:1] with ContainerStateMachine:uninitialized
2022-04-28 13:46:54,727 [pool-332-thread-1] INFO  server.RaftServerConfigKeys (ConfUtils.java:logGet(44)) - raft.server.rpc.timeout.min = 5s (custom)
2022-04-28 13:46:54,727 [pool-332-thread-1] INFO  server.RaftServerConfigKeys (ConfUtils.java:logGet(44)) - raft.server.rpc.timeout.max = 5200ms (custom)
2022-04-28 13:46:54,727 [pool-332-thread-1] INFO  server.RaftServerConfigKeys (ConfUtils.java:logGet(44)) - raft.server.rpc.sleep.time = 25ms (default)
2022-04-28 13:46:54,727 [pool-332-thread-1] INFO  server.RaftServerConfigKeys (ConfUtils.java:logGet(44)) - raft.server.rpc.slowness.timeout = 300000ms (custom)
2022-04-28 13:46:54,727 [pool-332-thread-1] INFO  server.RaftServerConfigKeys (ConfUtils.java:logGet(44)) - raft.server.leaderelection.leader.step-down.wait-time = 10s (default)
2022-04-28 13:46:54,727 [pool-332-thread-1] INFO  server.RaftServerConfigKeys (ConfUtils.java:logGet(44)) - raft.server.sleep.deviation.threshold = 300ms (default)
2022-04-28 13:46:54,727 [pool-332-thread-1] INFO  server.RaftServerConfigKeys (ConfUtils.java:logGet(44)) - raft.server.log.appender.install.snapshot.enabled = false (custom)
2022-04-28 13:46:54,728 [pool-332-thread-1] INFO  server.RaftServer$Division (ServerState.java:<init>(105)) - acf0e45f-1346-4d3d-b768-e886253cff70@group-CED546A0179B: ConfigurationManager, init=-1: [acf0e45f-1346-4d3d-b768-e886253cff70|rpc:10.1.0.6:44375|priority:1], old=null, confs=<EMPTY_MAP>
2022-04-28 13:46:54,728 [pool-332-thread-1] INFO  server.RaftServerConfigKeys (ConfUtils.java:logGet(44)) - raft.server.storage.dir = [/home/runner/work/ozone/ozone/hadoop-ozone/integration-test/target/test-dir/MiniOzoneClusterImpl-b83af172-7a36-4ee1-b1b1-9a7292f569f3/datanode-2/data/ratis] (custom)
2022-04-28 13:46:54,728 [pool-332-thread-1] INFO  server.RaftServerConfigKeys (ConfUtils.java:logGet(44)) - raft.server.log.corruption.policy = EXCEPTION (default)
2022-04-28 13:46:54,728 [pool-332-thread-1] INFO  server.RaftServerConfigKeys (ConfUtils.java:logGet(44)) - raft.server.storage.free-space.min = 0MB (=0) (default)
2022-04-28 13:46:54,728 [pool-332-thread-1] INFO  storage.RaftStorageDirectory (RaftStorageDirectoryImpl.java:analyzeStorage(135)) - The storage directory /home/runner/work/ozone/ozone/hadoop-ozone/integration-test/target/test-dir/MiniOzoneClusterImpl-b83af172-7a36-4ee1-b1b1-9a7292f569f3/datanode-2/data/ratis/3bf4c614-eea4-48f0-9eeb-ced546a0179b does not exist. Creating ...
2022-04-28 13:46:54,730 [pool-332-thread-1] INFO  storage.RaftStorageDirectory (RaftStorageDirectoryImpl.java:tryLock(230)) - Lock on /home/runner/work/ozone/ozone/hadoop-ozone/integration-test/target/test-dir/MiniOzoneClusterImpl-b83af172-7a36-4ee1-b1b1-9a7292f569f3/datanode-2/data/ratis/3bf4c614-eea4-48f0-9eeb-ced546a0179b/in_use.lock acquired by nodename 9841@fv-az294-869
2022-04-28 13:46:54,732 [pool-332-thread-1] INFO  storage.RaftStorage (RaftStorageImpl.java:format(89)) - Storage directory /home/runner/work/ozone/ozone/hadoop-ozone/integration-test/target/test-dir/MiniOzoneClusterImpl-b83af172-7a36-4ee1-b1b1-9a7292f569f3/datanode-2/data/ratis/3bf4c614-eea4-48f0-9eeb-ced546a0179b has been successfully formatted.
2022-04-28 13:46:54,734 [EventQueue-PipelineReportForPipelineReportHandler] INFO  pipeline.PipelineManagerImpl (PipelineManagerImpl.java:openPipeline(328)) - Pipeline Pipeline[ Id: 3bf4c614-eea4-48f0-9eeb-ced546a0179b, Nodes: acf0e45f-1346-4d3d-b768-e886253cff70{ip: 10.1.0.6, host: fv-az294-869.eaanfquahm5ulb5tj050gcxych.jx.internal.cloudapp.net, ports: [REPLICATION=33505, RATIS=44375, RATIS_ADMIN=44375, RATIS_SERVER=44375, STANDALONE=43863], networkLocation: /default-rack, certSerialId: null, persistedOpState: IN_SERVICE, persistedOpStateExpiryEpochSec: 0}, ReplicationConfig: RATIS/ONE, State:ALLOCATED, leaderId:acf0e45f-1346-4d3d-b768-e886253cff70, CreationTimestamp2022-04-28T13:46:51.729Z[Etc/UTC]] moved to OPEN state
2022-04-28 13:46:54,736 [002018de-f8db-4c7b-a600-8966bee8ed8d@group-9A7292F569F3-StateMachineUpdater] INFO  safemode.HealthyPipelineSafeModeRule (HealthyPipelineSafeModeRule.java:initializeRule(152)) - Refreshed total pipeline count is 0, healthy pipeline threshold count is 1
2022-04-28 13:46:54,736 [EventQueue-OpenPipelineForHealthyPipelineSafeModeRule] INFO  safemode.SCMSafeModeManager (HealthyPipelineSafeModeRule.java:process(124)) - SCM in safe mode. Healthy pipelines reported count is 0, required healthy pipeline reported count is 1
2022-04-28 13:46:54,737 [pool-332-thread-1] INFO  ratis.ContainerStateMachine (ContainerStateMachine.java:loadSnapshot(236)) - group-CED546A0179B: The snapshot info is null. Setting the last applied indexto:(t:0, i:~)
2022-04-28 13:46:54,738 [pool-332-thread-1] INFO  server.RaftServerConfigKeys (ConfUtils.java:logGet(44)) - raft.server.notification.no-leader.timeout = 300000ms (custom)
2022-04-28 13:46:54,738 [pool-332-thread-1] INFO  server.RaftServerConfigKeys (ConfUtils.java:logGet(44)) - raft.server.log.use.memory = false (default)
2022-04-28 13:46:54,738 [pool-332-thread-1] INFO  server.RaftServerConfigKeys (ConfUtils.java:logGet(44)) - raft.server.log.purge.gap = 1000000 (custom)
2022-04-28 13:46:54,738 [pool-332-thread-1] INFO  server.RaftServerConfigKeys (ConfUtils.java:logGet(44)) - raft.server.log.appender.buffer.byte-limit = 33554432 (custom)
2022-04-28 13:46:54,738 [pool-332-thread-1] INFO  server.RaftServerConfigKeys (ConfUtils.java:logGet(44)) - raft.server.log.segment.size.max = 1048576 (custom)
2022-04-28 13:46:54,738 [pool-332-thread-1] INFO  server.RaftServerConfigKeys (ConfUtils.java:logGet(44)) - raft.server.log.segment.cache.num.max = 2 (custom)
2022-04-28 13:46:54,738 [pool-332-thread-1] INFO  server.RaftServerConfigKeys (ConfUtils.java:logGet(44)) - raft.server.log.segment.cache.size.max = 200MB (=209715200) (default)
2022-04-28 13:46:54,738 [pool-332-thread-1] INFO  segmented.SegmentedRaftLogWorker (SegmentedRaftLogWorker.java:<init>(182)) - new acf0e45f-1346-4d3d-b768-e886253cff70@group-CED546A0179B-SegmentedRaftLogWorker for RaftStorageImpl:Storage Directory /home/runner/work/ozone/ozone/hadoop-ozone/integration-test/target/test-dir/MiniOzoneClusterImpl-b83af172-7a36-4ee1-b1b1-9a7292f569f3/datanode-2/data/ratis/3bf4c614-eea4-48f0-9eeb-ced546a0179b
2022-04-28 13:46:54,738 [pool-332-thread-1] INFO  server.RaftServerConfigKeys (ConfUtils.java:logGet(44)) - raft.server.log.queue.byte-limit = 4294967296 (custom)
2022-04-28 13:46:54,738 [pool-332-thread-1] INFO  server.RaftServerConfigKeys (ConfUtils.java:logGet(44)) - raft.server.log.queue.element-limit = 1024 (custom)
2022-04-28 13:46:54,738 [pool-332-thread-1] INFO  server.RaftServerConfigKeys (ConfUtils.java:logGet(44)) - raft.server.log.segment.size.max = 1048576 (custom)
2022-04-28 13:46:54,738 [pool-332-thread-1] INFO  server.RaftServerConfigKeys (ConfUtils.java:logGet(44)) - raft.server.log.preallocated.size = 16384 (custom)
2022-04-28 13:46:54,739 [pool-332-thread-1] INFO  server.RaftServerConfigKeys (ConfUtils.java:logGet(44)) - raft.server.log.force.sync.num = 128 (default)
2022-04-28 13:46:54,739 [pool-332-thread-1] INFO  server.RaftServerConfigKeys (ConfUtils.java:logGet(44)) - raft.server.log.statemachine.data.sync = true (default)
2022-04-28 13:46:54,739 [pool-332-thread-1] INFO  server.RaftServerConfigKeys (ConfUtils.java:logGet(44)) - raft.server.log.statemachine.data.sync.timeout = 10s (default)
2022-04-28 13:46:54,739 [pool-332-thread-1] INFO  server.RaftServerConfigKeys (ConfUtils.java:logGet(44)) - raft.server.log.statemachine.data.sync.timeout.retry = -1 (default)
2022-04-28 13:46:54,739 [pool-332-thread-1] INFO  server.RaftServerConfigKeys (ConfUtils.java:logGet(44)) - raft.server.log.write.buffer.size = 1048576 (custom)
2022-04-28 13:46:54,740 [pool-332-thread-1] INFO  server.RaftServerConfigKeys (ConfUtils.java:logGet(44)) - raft.server.log.statemachine.data.caching.enabled = true (custom)
2022-04-28 13:46:54,740 [pool-332-thread-1] INFO  segmented.SegmentedRaftLogWorker (SegmentedRaftLogWorker.java:lambda$new$0(133)) - acf0e45f-1346-4d3d-b768-e886253cff70@group-CED546A0179B-SegmentedRaftLogWorker: flushIndex: setUnconditionally 0 -> -1
2022-04-28 13:46:54,740 [pool-332-thread-1] INFO  segmented.SegmentedRaftLogWorker (SegmentedRaftLogWorker.java:lambda$new$0(133)) - acf0e45f-1346-4d3d-b768-e886253cff70@group-CED546A0179B-SegmentedRaftLogWorker: safeCacheEvictIndex: setUnconditionally 0 -> -1
2022-04-28 13:46:54,744 [pool-332-thread-1] INFO  server.RaftServerConfigKeys (ConfUtils.java:logGet(44)) - raft.server.snapshot.auto.trigger.enabled = true (custom)
2022-04-28 13:46:54,744 [pool-332-thread-1] INFO  server.RaftServerConfigKeys (ConfUtils.java:logGet(44)) - raft.server.snapshot.auto.trigger.threshold = 10000 (custom)
2022-04-28 13:46:54,744 [pool-332-thread-1] INFO  server.RaftServerConfigKeys (ConfUtils.java:logGet(44)) - raft.server.snapshot.retention.file.num = 5 (custom)
2022-04-28 13:46:54,744 [pool-332-thread-1] INFO  server.RaftServerConfigKeys (ConfUtils.java:logGet(44)) - raft.server.log.purge.upto.snapshot.index = false (default)
2022-04-28 13:46:54,744 [pool-332-thread-1] INFO  server.RaftServerConfigKeys (ConfUtils.java:logGet(44)) - raft.server.retrycache.expirytime = 600000ms (custom)
2022-04-28 13:46:54,744 [pool-332-thread-1] INFO  server.RaftServerConfigKeys (ConfUtils.java:logGet(44)) - raft.server.retrycache.statistics.expirytime = 100μs (default)
2022-04-28 13:46:54,745 [pool-332-thread-1] INFO  server.RaftServer$Division (RaftServerImpl.java:start(301)) - acf0e45f-1346-4d3d-b768-e886253cff70@group-CED546A0179B: start as a follower, conf=-1: [acf0e45f-1346-4d3d-b768-e886253cff70|rpc:10.1.0.6:44375|priority:1], old=null
2022-04-28 13:46:54,745 [pool-332-thread-1] INFO  server.RaftServer$Division (RaftServerImpl.java:setRole(290)) - acf0e45f-1346-4d3d-b768-e886253cff70@group-CED546A0179B: changes role from      null to FOLLOWER at term 0 for startAsFollower
2022-04-28 13:46:54,745 [pool-332-thread-1] INFO  impl.RoleInfo (RoleInfo.java:updateAndGet(130)) - acf0e45f-1346-4d3d-b768-e886253cff70: start acf0e45f-1346-4d3d-b768-e886253cff70@group-CED546A0179B-FollowerState
2022-04-28 13:46:54,750 [pool-332-thread-1] INFO  util.JmxRegister (JmxRegister.java:tryRegister(44)) - Successfully registered JMX Bean with object name Ratis:service=RaftServer,group=group-CED546A0179B,id=acf0e45f-1346-4d3d-b768-e886253cff70
2022-04-28 13:46:54,751 [Command processor thread] INFO  ratis.XceiverServerRatis (XceiverServerRatis.java:addGroup(765)) - Created group PipelineID=3bf4c614-eea4-48f0-9eeb-ced546a0179b
2022-04-28 13:46:54,751 [Command processor thread] INFO  commandhandler.CreatePipelineCommandHandler (CreatePipelineCommandHandler.java:handle(113)) - Created Pipeline RATIS ONE PipelineID=3bf4c614-eea4-48f0-9eeb-ced546a0179b.
2022-04-28 13:46:55,296 [Listener at 127.0.0.1/39257] INFO  ozone.MiniOzoneClusterImpl (MiniOzoneClusterImpl.java:lambda$waitForClusterToBeReady$0(221)) - Nodes are ready. Got 7 of 7 DN Heartbeats.
2022-04-28 13:46:55,296 [Listener at 127.0.0.1/39257] INFO  ozone.MiniOzoneClusterImpl (MiniOzoneClusterImpl.java:lambda$waitForClusterToBeReady$0(224)) - Waiting for cluster to exit safe mode
2022-04-28 13:46:55,296 [Listener at 127.0.0.1/39257] INFO  ozone.MiniOzoneClusterImpl (MiniOzoneClusterImpl.java:lambda$waitForClusterToBeReady$0(226)) - SCM became leader
2022-04-28 13:46:55,494 [Command processor thread] INFO  server.RaftServer (RaftServerProxy.java:addNew(95)) - 3eb0204c-99db-4ec7-9985-35999c30dd35: addNew group-2A2EF2D7B2C6:[3eb0204c-99db-4ec7-9985-35999c30dd35|rpc:10.1.0.6:42899|priority:1] returns group-2A2EF2D7B2C6:java.util.concurrent.CompletableFuture@49db30e4[Not completed]
2022-04-28 13:46:55,510 [pool-353-thread-1] INFO  server.RaftServer$Division (RaftServerImpl.java:<init>(184)) - 3eb0204c-99db-4ec7-9985-35999c30dd35: new RaftServerImpl for group-2A2EF2D7B2C6:[3eb0204c-99db-4ec7-9985-35999c30dd35|rpc:10.1.0.6:42899|priority:1] with ContainerStateMachine:uninitialized
2022-04-28 13:46:55,510 [pool-353-thread-1] INFO  server.RaftServerConfigKeys (ConfUtils.java:logGet(44)) - raft.server.rpc.timeout.min = 5s (custom)
2022-04-28 13:46:55,510 [pool-353-thread-1] INFO  server.RaftServerConfigKeys (ConfUtils.java:logGet(44)) - raft.server.rpc.timeout.max = 5200ms (custom)
2022-04-28 13:46:55,510 [pool-353-thread-1] INFO  server.RaftServerConfigKeys (ConfUtils.java:logGet(44)) - raft.server.rpc.sleep.time = 25ms (default)
2022-04-28 13:46:55,510 [pool-353-thread-1] INFO  server.RaftServerConfigKeys (ConfUtils.java:logGet(44)) - raft.server.rpc.slowness.timeout = 300000ms (custom)
2022-04-28 13:46:55,510 [pool-353-thread-1] INFO  server.RaftServerConfigKeys (ConfUtils.java:logGet(44)) - raft.server.leaderelection.leader.step-down.wait-time = 10s (default)
2022-04-28 13:46:55,510 [pool-353-thread-1] INFO  server.RaftServerConfigKeys (ConfUtils.java:logGet(44)) - raft.server.sleep.deviation.threshold = 300ms (default)
2022-04-28 13:46:55,510 [pool-353-thread-1] INFO  server.RaftServerConfigKeys (ConfUtils.java:logGet(44)) - raft.server.log.appender.install.snapshot.enabled = false (custom)
2022-04-28 13:46:55,510 [pool-353-thread-1] INFO  server.RaftServer$Division (ServerState.java:<init>(105)) - 3eb0204c-99db-4ec7-9985-35999c30dd35@group-2A2EF2D7B2C6: ConfigurationManager, init=-1: [3eb0204c-99db-4ec7-9985-35999c30dd35|rpc:10.1.0.6:42899|priority:1], old=null, confs=<EMPTY_MAP>
2022-04-28 13:46:55,510 [pool-353-thread-1] INFO  server.RaftServerConfigKeys (ConfUtils.java:logGet(44)) - raft.server.storage.dir = [/home/runner/work/ozone/ozone/hadoop-ozone/integration-test/target/test-dir/MiniOzoneClusterImpl-b83af172-7a36-4ee1-b1b1-9a7292f569f3/datanode-3/data/ratis] (custom)
2022-04-28 13:46:55,511 [pool-353-thread-1] INFO  server.RaftServerConfigKeys (ConfUtils.java:logGet(44)) - raft.server.log.corruption.policy = EXCEPTION (default)
2022-04-28 13:46:55,511 [pool-353-thread-1] INFO  server.RaftServerConfigKeys (ConfUtils.java:logGet(44)) - raft.server.storage.free-space.min = 0MB (=0) (default)
2022-04-28 13:46:55,511 [pool-353-thread-1] INFO  storage.RaftStorageDirectory (RaftStorageDirectoryImpl.java:analyzeStorage(135)) - The storage directory /home/runner/work/ozone/ozone/hadoop-ozone/integration-test/target/test-dir/MiniOzoneClusterImpl-b83af172-7a36-4ee1-b1b1-9a7292f569f3/datanode-3/data/ratis/ac0beb0b-ff03-4980-8709-2a2ef2d7b2c6 does not exist. Creating ...
2022-04-28 13:46:55,514 [pool-353-thread-1] INFO  storage.RaftStorageDirectory (RaftStorageDirectoryImpl.java:tryLock(230)) - Lock on /home/runner/work/ozone/ozone/hadoop-ozone/integration-test/target/test-dir/MiniOzoneClusterImpl-b83af172-7a36-4ee1-b1b1-9a7292f569f3/datanode-3/data/ratis/ac0beb0b-ff03-4980-8709-2a2ef2d7b2c6/in_use.lock acquired by nodename 9841@fv-az294-869
2022-04-28 13:46:55,519 [pool-353-thread-1] INFO  storage.RaftStorage (RaftStorageImpl.java:format(89)) - Storage directory /home/runner/work/ozone/ozone/hadoop-ozone/integration-test/target/test-dir/MiniOzoneClusterImpl-b83af172-7a36-4ee1-b1b1-9a7292f569f3/datanode-3/data/ratis/ac0beb0b-ff03-4980-8709-2a2ef2d7b2c6 has been successfully formatted.
2022-04-28 13:46:55,523 [pool-353-thread-1] INFO  ratis.ContainerStateMachine (ContainerStateMachine.java:loadSnapshot(236)) - group-2A2EF2D7B2C6: The snapshot info is null. Setting the last applied indexto:(t:0, i:~)
2022-04-28 13:46:55,523 [pool-353-thread-1] INFO  server.RaftServerConfigKeys (ConfUtils.java:logGet(44)) - raft.server.notification.no-leader.timeout = 300000ms (custom)
2022-04-28 13:46:55,524 [pool-353-thread-1] INFO  server.RaftServerConfigKeys (ConfUtils.java:logGet(44)) - raft.server.log.use.memory = false (default)
2022-04-28 13:46:55,524 [pool-353-thread-1] INFO  server.RaftServerConfigKeys (ConfUtils.java:logGet(44)) - raft.server.log.purge.gap = 1000000 (custom)
2022-04-28 13:46:55,524 [pool-353-thread-1] INFO  server.RaftServerConfigKeys (ConfUtils.java:logGet(44)) - raft.server.log.appender.buffer.byte-limit = 33554432 (custom)
2022-04-28 13:46:55,524 [pool-353-thread-1] INFO  server.RaftServerConfigKeys (ConfUtils.java:logGet(44)) - raft.server.log.segment.size.max = 1048576 (custom)
2022-04-28 13:46:55,524 [EventQueue-PipelineReportForPipelineReportHandler] INFO  pipeline.PipelineManagerImpl (PipelineManagerImpl.java:openPipeline(328)) - Pipeline Pipeline[ Id: ac0beb0b-ff03-4980-8709-2a2ef2d7b2c6, Nodes: 3eb0204c-99db-4ec7-9985-35999c30dd35{ip: 10.1.0.6, host: fv-az294-869.eaanfquahm5ulb5tj050gcxych.jx.internal.cloudapp.net, ports: [REPLICATION=37193, RATIS=42899, RATIS_ADMIN=42899, RATIS_SERVER=42899, STANDALONE=36779], networkLocation: /default-rack, certSerialId: null, persistedOpState: IN_SERVICE, persistedOpStateExpiryEpochSec: 0}, ReplicationConfig: RATIS/ONE, State:ALLOCATED, leaderId:3eb0204c-99db-4ec7-9985-35999c30dd35, CreationTimestamp2022-04-28T13:46:52.498Z[Etc/UTC]] moved to OPEN state
2022-04-28 13:46:55,524 [pool-353-thread-1] INFO  server.RaftServerConfigKeys (ConfUtils.java:logGet(44)) - raft.server.log.segment.cache.num.max = 2 (custom)
2022-04-28 13:46:55,524 [pool-353-thread-1] INFO  server.RaftServerConfigKeys (ConfUtils.java:logGet(44)) - raft.server.log.segment.cache.size.max = 200MB (=209715200) (default)
2022-04-28 13:46:55,525 [pool-353-thread-1] INFO  segmented.SegmentedRaftLogWorker (SegmentedRaftLogWorker.java:<init>(182)) - new 3eb0204c-99db-4ec7-9985-35999c30dd35@group-2A2EF2D7B2C6-SegmentedRaftLogWorker for RaftStorageImpl:Storage Directory /home/runner/work/ozone/ozone/hadoop-ozone/integration-test/target/test-dir/MiniOzoneClusterImpl-b83af172-7a36-4ee1-b1b1-9a7292f569f3/datanode-3/data/ratis/ac0beb0b-ff03-4980-8709-2a2ef2d7b2c6
2022-04-28 13:46:55,525 [pool-353-thread-1] INFO  server.RaftServerConfigKeys (ConfUtils.java:logGet(44)) - raft.server.log.queue.byte-limit = 4294967296 (custom)
2022-04-28 13:46:55,525 [pool-353-thread-1] INFO  server.RaftServerConfigKeys (ConfUtils.java:logGet(44)) - raft.server.log.queue.element-limit = 1024 (custom)
2022-04-28 13:46:55,525 [pool-353-thread-1] INFO  server.RaftServerConfigKeys (ConfUtils.java:logGet(44)) - raft.server.log.segment.size.max = 1048576 (custom)
2022-04-28 13:46:55,525 [pool-353-thread-1] INFO  server.RaftServerConfigKeys (ConfUtils.java:logGet(44)) - raft.server.log.preallocated.size = 16384 (custom)
2022-04-28 13:46:55,525 [pool-353-thread-1] INFO  server.RaftServerConfigKeys (ConfUtils.java:logGet(44)) - raft.server.log.force.sync.num = 128 (default)
2022-04-28 13:46:55,525 [pool-353-thread-1] INFO  server.RaftServerConfigKeys (ConfUtils.java:logGet(44)) - raft.server.log.statemachine.data.sync = true (default)
2022-04-28 13:46:55,525 [pool-353-thread-1] INFO  server.RaftServerConfigKeys (ConfUtils.java:logGet(44)) - raft.server.log.statemachine.data.sync.timeout = 10s (default)
2022-04-28 13:46:55,525 [pool-353-thread-1] INFO  server.RaftServerConfigKeys (ConfUtils.java:logGet(44)) - raft.server.log.statemachine.data.sync.timeout.retry = -1 (default)
2022-04-28 13:46:55,526 [pool-353-thread-1] INFO  server.RaftServerConfigKeys (ConfUtils.java:logGet(44)) - raft.server.log.write.buffer.size = 1048576 (custom)
2022-04-28 13:46:55,526 [002018de-f8db-4c7b-a600-8966bee8ed8d@group-9A7292F569F3-StateMachineUpdater] INFO  safemode.HealthyPipelineSafeModeRule (HealthyPipelineSafeModeRule.java:initializeRule(152)) - Refreshed total pipeline count is 0, healthy pipeline threshold count is 1
2022-04-28 13:46:55,526 [pool-353-thread-1] INFO  server.RaftServerConfigKeys (ConfUtils.java:logGet(44)) - raft.server.log.statemachine.data.caching.enabled = true (custom)
2022-04-28 13:46:55,526 [pool-353-thread-1] INFO  segmented.SegmentedRaftLogWorker (SegmentedRaftLogWorker.java:lambda$new$0(133)) - 3eb0204c-99db-4ec7-9985-35999c30dd35@group-2A2EF2D7B2C6-SegmentedRaftLogWorker: flushIndex: setUnconditionally 0 -> -1
2022-04-28 13:46:55,526 [pool-353-thread-1] INFO  segmented.SegmentedRaftLogWorker (SegmentedRaftLogWorker.java:lambda$new$0(133)) - 3eb0204c-99db-4ec7-9985-35999c30dd35@group-2A2EF2D7B2C6-SegmentedRaftLogWorker: safeCacheEvictIndex: setUnconditionally 0 -> -1
2022-04-28 13:46:55,527 [EventQueue-OpenPipelineForHealthyPipelineSafeModeRule] INFO  safemode.SCMSafeModeManager (HealthyPipelineSafeModeRule.java:process(124)) - SCM in safe mode. Healthy pipelines reported count is 0, required healthy pipeline reported count is 1
2022-04-28 13:46:55,527 [pool-353-thread-1] INFO  server.RaftServerConfigKeys (ConfUtils.java:logGet(44)) - raft.server.snapshot.auto.trigger.enabled = true (custom)
2022-04-28 13:46:55,527 [pool-353-thread-1] INFO  server.RaftServerConfigKeys (ConfUtils.java:logGet(44)) - raft.server.snapshot.auto.trigger.threshold = 10000 (custom)
2022-04-28 13:46:55,527 [pool-353-thread-1] INFO  server.RaftServerConfigKeys (ConfUtils.java:logGet(44)) - raft.server.snapshot.retention.file.num = 5 (custom)
2022-04-28 13:46:55,527 [pool-353-thread-1] INFO  server.RaftServerConfigKeys (ConfUtils.java:logGet(44)) - raft.server.log.purge.upto.snapshot.index = false (default)
2022-04-28 13:46:55,527 [pool-353-thread-1] INFO  server.RaftServerConfigKeys (ConfUtils.java:logGet(44)) - raft.server.retrycache.expirytime = 600000ms (custom)
2022-04-28 13:46:55,527 [pool-353-thread-1] INFO  server.RaftServerConfigKeys (ConfUtils.java:logGet(44)) - raft.server.retrycache.statistics.expirytime = 100μs (default)
2022-04-28 13:46:55,528 [pool-353-thread-1] INFO  server.RaftServer$Division (RaftServerImpl.java:start(301)) - 3eb0204c-99db-4ec7-9985-35999c30dd35@group-2A2EF2D7B2C6: start as a follower, conf=-1: [3eb0204c-99db-4ec7-9985-35999c30dd35|rpc:10.1.0.6:42899|priority:1], old=null
2022-04-28 13:46:55,528 [pool-353-thread-1] INFO  server.RaftServer$Division (RaftServerImpl.java:setRole(290)) - 3eb0204c-99db-4ec7-9985-35999c30dd35@group-2A2EF2D7B2C6: changes role from      null to FOLLOWER at term 0 for startAsFollower
2022-04-28 13:46:55,528 [pool-353-thread-1] INFO  impl.RoleInfo (RoleInfo.java:updateAndGet(130)) - 3eb0204c-99db-4ec7-9985-35999c30dd35: start 3eb0204c-99db-4ec7-9985-35999c30dd35@group-2A2EF2D7B2C6-FollowerState
2022-04-28 13:46:55,537 [pool-353-thread-1] INFO  util.JmxRegister (JmxRegister.java:tryRegister(44)) - Successfully registered JMX Bean with object name Ratis:service=RaftServer,group=group-2A2EF2D7B2C6,id=3eb0204c-99db-4ec7-9985-35999c30dd35
2022-04-28 13:46:55,537 [Command processor thread] INFO  ratis.XceiverServerRatis (XceiverServerRatis.java:addGroup(765)) - Created group PipelineID=ac0beb0b-ff03-4980-8709-2a2ef2d7b2c6
2022-04-28 13:46:55,537 [Command processor thread] INFO  commandhandler.CreatePipelineCommandHandler (CreatePipelineCommandHandler.java:handle(113)) - Created Pipeline RATIS ONE PipelineID=ac0beb0b-ff03-4980-8709-2a2ef2d7b2c6.
2022-04-28 13:46:55,538 [Command processor thread] INFO  server.RaftServer (RaftServerProxy.java:addNew(95)) - 3eb0204c-99db-4ec7-9985-35999c30dd35: addNew group-F936F465787F:[5b824b54-a886-40a6-8fd7-e73a2bee4a5c|rpc:10.1.0.6:43771|priority:0, 3eb0204c-99db-4ec7-9985-35999c30dd35|rpc:10.1.0.6:42899|priority:1, 0f8914ae-8a7a-42c5-8d1b-d8caec49e59b|rpc:10.1.0.6:36085|priority:0] returns group-F936F465787F:java.util.concurrent.CompletableFuture@4de4ad07[Not completed]
2022-04-28 13:46:55,541 [pool-353-thread-1] INFO  server.RaftServer$Division (RaftServerImpl.java:<init>(184)) - 3eb0204c-99db-4ec7-9985-35999c30dd35: new RaftServerImpl for group-F936F465787F:[5b824b54-a886-40a6-8fd7-e73a2bee4a5c|rpc:10.1.0.6:43771|priority:0, 3eb0204c-99db-4ec7-9985-35999c30dd35|rpc:10.1.0.6:42899|priority:1, 0f8914ae-8a7a-42c5-8d1b-d8caec49e59b|rpc:10.1.0.6:36085|priority:0] with ContainerStateMachine:uninitialized
2022-04-28 13:46:55,541 [pool-353-thread-1] INFO  server.RaftServerConfigKeys (ConfUtils.java:logGet(44)) - raft.server.rpc.timeout.min = 5s (custom)
2022-04-28 13:46:55,541 [pool-353-thread-1] INFO  server.RaftServerConfigKeys (ConfUtils.java:logGet(44)) - raft.server.rpc.timeout.max = 5200ms (custom)
2022-04-28 13:46:55,541 [pool-353-thread-1] INFO  server.RaftServerConfigKeys (ConfUtils.java:logGet(44)) - raft.server.rpc.sleep.time = 25ms (default)
2022-04-28 13:46:55,541 [pool-353-thread-1] INFO  server.RaftServerConfigKeys (ConfUtils.java:logGet(44)) - raft.server.rpc.slowness.timeout = 300000ms (custom)
2022-04-28 13:46:55,541 [pool-353-thread-1] INFO  server.RaftServerConfigKeys (ConfUtils.java:logGet(44)) - raft.server.leaderelection.leader.step-down.wait-time = 10s (default)
2022-04-28 13:46:55,541 [pool-353-thread-1] INFO  server.RaftServerConfigKeys (ConfUtils.java:logGet(44)) - raft.server.sleep.deviation.threshold = 300ms (default)
2022-04-28 13:46:55,541 [pool-353-thread-1] INFO  server.RaftServerConfigKeys (ConfUtils.java:logGet(44)) - raft.server.log.appender.install.snapshot.enabled = false (custom)
2022-04-28 13:46:55,541 [pool-353-thread-1] INFO  server.RaftServer$Division (ServerState.java:<init>(105)) - 3eb0204c-99db-4ec7-9985-35999c30dd35@group-F936F465787F: ConfigurationManager, init=-1: [5b824b54-a886-40a6-8fd7-e73a2bee4a5c|rpc:10.1.0.6:43771|priority:0, 3eb0204c-99db-4ec7-9985-35999c30dd35|rpc:10.1.0.6:42899|priority:1, 0f8914ae-8a7a-42c5-8d1b-d8caec49e59b|rpc:10.1.0.6:36085|priority:0], old=null, confs=<EMPTY_MAP>
2022-04-28 13:46:55,541 [pool-353-thread-1] INFO  server.RaftServerConfigKeys (ConfUtils.java:logGet(44)) - raft.server.storage.dir = [/home/runner/work/ozone/ozone/hadoop-ozone/integration-test/target/test-dir/MiniOzoneClusterImpl-b83af172-7a36-4ee1-b1b1-9a7292f569f3/datanode-3/data/ratis] (custom)
2022-04-28 13:46:55,542 [pool-353-thread-1] INFO  server.RaftServerConfigKeys (ConfUtils.java:logGet(44)) - raft.server.log.corruption.policy = EXCEPTION (default)
2022-04-28 13:46:55,542 [pool-353-thread-1] INFO  server.RaftServerConfigKeys (ConfUtils.java:logGet(44)) - raft.server.storage.free-space.min = 0MB (=0) (default)
2022-04-28 13:46:55,542 [pool-353-thread-1] INFO  storage.RaftStorageDirectory (RaftStorageDirectoryImpl.java:analyzeStorage(135)) - The storage directory /home/runner/work/ozone/ozone/hadoop-ozone/integration-test/target/test-dir/MiniOzoneClusterImpl-b83af172-7a36-4ee1-b1b1-9a7292f569f3/datanode-3/data/ratis/9f08862b-36d1-475c-84df-f936f465787f does not exist. Creating ...
2022-04-28 13:46:55,543 [pool-353-thread-1] INFO  storage.RaftStorageDirectory (RaftStorageDirectoryImpl.java:tryLock(230)) - Lock on /home/runner/work/ozone/ozone/hadoop-ozone/integration-test/target/test-dir/MiniOzoneClusterImpl-b83af172-7a36-4ee1-b1b1-9a7292f569f3/datanode-3/data/ratis/9f08862b-36d1-475c-84df-f936f465787f/in_use.lock acquired by nodename 9841@fv-az294-869
2022-04-28 13:46:55,546 [pool-353-thread-1] INFO  storage.RaftStorage (RaftStorageImpl.java:format(89)) - Storage directory /home/runner/work/ozone/ozone/hadoop-ozone/integration-test/target/test-dir/MiniOzoneClusterImpl-b83af172-7a36-4ee1-b1b1-9a7292f569f3/datanode-3/data/ratis/9f08862b-36d1-475c-84df-f936f465787f has been successfully formatted.
2022-04-28 13:46:55,546 [pool-353-thread-1] INFO  ratis.ContainerStateMachine (ContainerStateMachine.java:loadSnapshot(236)) - group-F936F465787F: The snapshot info is null. Setting the last applied indexto:(t:0, i:~)
2022-04-28 13:46:55,547 [pool-353-thread-1] INFO  server.RaftServerConfigKeys (ConfUtils.java:logGet(44)) - raft.server.notification.no-leader.timeout = 300000ms (custom)
2022-04-28 13:46:55,547 [pool-353-thread-1] INFO  server.RaftServerConfigKeys (ConfUtils.java:logGet(44)) - raft.server.log.use.memory = false (default)
2022-04-28 13:46:55,547 [pool-353-thread-1] INFO  server.RaftServerConfigKeys (ConfUtils.java:logGet(44)) - raft.server.log.purge.gap = 1000000 (custom)
2022-04-28 13:46:55,547 [pool-353-thread-1] INFO  server.RaftServerConfigKeys (ConfUtils.java:logGet(44)) - raft.server.log.appender.buffer.byte-limit = 33554432 (custom)
2022-04-28 13:46:55,547 [pool-353-thread-1] INFO  server.RaftServerConfigKeys (ConfUtils.java:logGet(44)) - raft.server.log.segment.size.max = 1048576 (custom)
2022-04-28 13:46:55,547 [pool-353-thread-1] INFO  server.RaftServerConfigKeys (ConfUtils.java:logGet(44)) - raft.server.log.segment.cache.num.max = 2 (custom)
2022-04-28 13:46:55,547 [pool-353-thread-1] INFO  server.RaftServerConfigKeys (ConfUtils.java:logGet(44)) - raft.server.log.segment.cache.size.max = 200MB (=209715200) (default)
2022-04-28 13:46:55,547 [pool-353-thread-1] INFO  segmented.SegmentedRaftLogWorker (SegmentedRaftLogWorker.java:<init>(182)) - new 3eb0204c-99db-4ec7-9985-35999c30dd35@group-F936F465787F-SegmentedRaftLogWorker for RaftStorageImpl:Storage Directory /home/runner/work/ozone/ozone/hadoop-ozone/integration-test/target/test-dir/MiniOzoneClusterImpl-b83af172-7a36-4ee1-b1b1-9a7292f569f3/datanode-3/data/ratis/9f08862b-36d1-475c-84df-f936f465787f
2022-04-28 13:46:55,547 [pool-353-thread-1] INFO  server.RaftServerConfigKeys (ConfUtils.java:logGet(44)) - raft.server.log.queue.byte-limit = 4294967296 (custom)
2022-04-28 13:46:55,547 [pool-353-thread-1] INFO  server.RaftServerConfigKeys (ConfUtils.java:logGet(44)) - raft.server.log.queue.element-limit = 1024 (custom)
2022-04-28 13:46:55,548 [pool-353-thread-1] INFO  server.RaftServerConfigKeys (ConfUtils.java:logGet(44)) - raft.server.log.segment.size.max = 1048576 (custom)
2022-04-28 13:46:55,548 [pool-353-thread-1] INFO  server.RaftServerConfigKeys (ConfUtils.java:logGet(44)) - raft.server.log.preallocated.size = 16384 (custom)
2022-04-28 13:46:55,548 [pool-353-thread-1] INFO  server.RaftServerConfigKeys (ConfUtils.java:logGet(44)) - raft.server.log.force.sync.num = 128 (default)
2022-04-28 13:46:55,548 [pool-353-thread-1] INFO  server.RaftServerConfigKeys (ConfUtils.java:logGet(44)) - raft.server.log.statemachine.data.sync = true (default)
2022-04-28 13:46:55,548 [pool-353-thread-1] INFO  server.RaftServerConfigKeys (ConfUtils.java:logGet(44)) - raft.server.log.statemachine.data.sync.timeout = 10s (default)
2022-04-28 13:46:55,548 [pool-353-thread-1] INFO  server.RaftServerConfigKeys (ConfUtils.java:logGet(44)) - raft.server.log.statemachine.data.sync.timeout.retry = -1 (default)
2022-04-28 13:46:55,548 [EventQueue-OpenPipelineForHealthyPipelineSafeModeRule] INFO  safemode.SCMSafeModeManager (HealthyPipelineSafeModeRule.java:process(124)) - SCM in safe mode. Healthy pipelines reported count is 0, required healthy pipeline reported count is 1
2022-04-28 13:46:55,548 [pool-353-thread-1] INFO  server.RaftServerConfigKeys (ConfUtils.java:logGet(44)) - raft.server.log.write.buffer.size = 1048576 (custom)
2022-04-28 13:46:55,549 [pool-353-thread-1] INFO  server.RaftServerConfigKeys (ConfUtils.java:logGet(44)) - raft.server.log.statemachine.data.caching.enabled = true (custom)
2022-04-28 13:46:55,549 [pool-353-thread-1] INFO  segmented.SegmentedRaftLogWorker (SegmentedRaftLogWorker.java:lambda$new$0(133)) - 3eb0204c-99db-4ec7-9985-35999c30dd35@group-F936F465787F-SegmentedRaftLogWorker: flushIndex: setUnconditionally 0 -> -1
2022-04-28 13:46:55,549 [pool-353-thread-1] INFO  segmented.SegmentedRaftLogWorker (SegmentedRaftLogWorker.java:lambda$new$0(133)) - 3eb0204c-99db-4ec7-9985-35999c30dd35@group-F936F465787F-SegmentedRaftLogWorker: safeCacheEvictIndex: setUnconditionally 0 -> -1
2022-04-28 13:46:55,557 [pool-353-thread-1] INFO  server.RaftServerConfigKeys (ConfUtils.java:logGet(44)) - raft.server.snapshot.auto.trigger.enabled = true (custom)
2022-04-28 13:46:55,557 [pool-353-thread-1] INFO  server.RaftServerConfigKeys (ConfUtils.java:logGet(44)) - raft.server.snapshot.auto.trigger.threshold = 10000 (custom)
2022-04-28 13:46:55,557 [pool-353-thread-1] INFO  server.RaftServerConfigKeys (ConfUtils.java:logGet(44)) - raft.server.snapshot.retention.file.num = 5 (custom)
2022-04-28 13:46:55,557 [pool-353-thread-1] INFO  server.RaftServerConfigKeys (ConfUtils.java:logGet(44)) - raft.server.log.purge.upto.snapshot.index = false (default)
2022-04-28 13:46:55,557 [pool-353-thread-1] INFO  server.RaftServerConfigKeys (ConfUtils.java:logGet(44)) - raft.server.retrycache.expirytime = 600000ms (custom)
2022-04-28 13:46:55,557 [pool-353-thread-1] INFO  server.RaftServerConfigKeys (ConfUtils.java:logGet(44)) - raft.server.retrycache.statistics.expirytime = 100μs (default)
2022-04-28 13:46:55,558 [pool-353-thread-1] INFO  server.RaftServer$Division (RaftServerImpl.java:start(301)) - 3eb0204c-99db-4ec7-9985-35999c30dd35@group-F936F465787F: start as a follower, conf=-1: [5b824b54-a886-40a6-8fd7-e73a2bee4a5c|rpc:10.1.0.6:43771|priority:0, 3eb0204c-99db-4ec7-9985-35999c30dd35|rpc:10.1.0.6:42899|priority:1, 0f8914ae-8a7a-42c5-8d1b-d8caec49e59b|rpc:10.1.0.6:36085|priority:0], old=null
2022-04-28 13:46:55,559 [pool-353-thread-1] INFO  server.RaftServer$Division (RaftServerImpl.java:setRole(290)) - 3eb0204c-99db-4ec7-9985-35999c30dd35@group-F936F465787F: changes role from      null to FOLLOWER at term 0 for startAsFollower
2022-04-28 13:46:55,559 [pool-353-thread-1] INFO  impl.RoleInfo (RoleInfo.java:updateAndGet(130)) - 3eb0204c-99db-4ec7-9985-35999c30dd35: start 3eb0204c-99db-4ec7-9985-35999c30dd35@group-F936F465787F-FollowerState
2022-04-28 13:46:55,562 [pool-353-thread-1] INFO  util.JmxRegister (JmxRegister.java:tryRegister(44)) - Successfully registered JMX Bean with object name Ratis:service=RaftServer,group=group-F936F465787F,id=3eb0204c-99db-4ec7-9985-35999c30dd35
2022-04-28 13:46:55,567 [Command processor thread] INFO  ratis.XceiverServerRatis (XceiverServerRatis.java:addGroup(765)) - Created group PipelineID=9f08862b-36d1-475c-84df-f936f465787f
2022-04-28 13:46:55,575 [grpc-default-executor-0] INFO  server.RaftServer (RaftServerProxy.java:addNew(95)) - 5b824b54-a886-40a6-8fd7-e73a2bee4a5c: addNew group-F936F465787F:[5b824b54-a886-40a6-8fd7-e73a2bee4a5c|rpc:10.1.0.6:43771|dataStream:|priority:0, 3eb0204c-99db-4ec7-9985-35999c30dd35|rpc:10.1.0.6:42899|dataStream:|priority:1, 0f8914ae-8a7a-42c5-8d1b-d8caec49e59b|rpc:10.1.0.6:36085|dataStream:|priority:0] returns group-F936F465787F:java.util.concurrent.CompletableFuture@5886798f[Not completed]
2022-04-28 13:46:55,576 [pool-374-thread-1] INFO  server.RaftServer$Division (RaftServerImpl.java:<init>(184)) - 5b824b54-a886-40a6-8fd7-e73a2bee4a5c: new RaftServerImpl for group-F936F465787F:[5b824b54-a886-40a6-8fd7-e73a2bee4a5c|rpc:10.1.0.6:43771|dataStream:|priority:0, 3eb0204c-99db-4ec7-9985-35999c30dd35|rpc:10.1.0.6:42899|dataStream:|priority:1, 0f8914ae-8a7a-42c5-8d1b-d8caec49e59b|rpc:10.1.0.6:36085|dataStream:|priority:0] with ContainerStateMachine:uninitialized
2022-04-28 13:46:55,576 [pool-374-thread-1] INFO  server.RaftServerConfigKeys (ConfUtils.java:logGet(44)) - raft.server.rpc.timeout.min = 5s (custom)
2022-04-28 13:46:55,576 [pool-374-thread-1] INFO  server.RaftServerConfigKeys (ConfUtils.java:logGet(44)) - raft.server.rpc.timeout.max = 5200ms (custom)
2022-04-28 13:46:55,576 [pool-374-thread-1] INFO  server.RaftServerConfigKeys (ConfUtils.java:logGet(44)) - raft.server.rpc.sleep.time = 25ms (default)
2022-04-28 13:46:55,576 [pool-374-thread-1] INFO  server.RaftServerConfigKeys (ConfUtils.java:logGet(44)) - raft.server.rpc.slowness.timeout = 300000ms (custom)
2022-04-28 13:46:55,576 [pool-374-thread-1] INFO  server.RaftServerConfigKeys (ConfUtils.java:logGet(44)) - raft.server.leaderelection.leader.step-down.wait-time = 10s (default)
2022-04-28 13:46:55,576 [pool-374-thread-1] INFO  server.RaftServerConfigKeys (ConfUtils.java:logGet(44)) - raft.server.sleep.deviation.threshold = 300ms (default)
2022-04-28 13:46:55,576 [pool-374-thread-1] INFO  server.RaftServerConfigKeys (ConfUtils.java:logGet(44)) - raft.server.log.appender.install.snapshot.enabled = false (custom)
2022-04-28 13:46:55,576 [pool-374-thread-1] INFO  server.RaftServer$Division (ServerState.java:<init>(105)) - 5b824b54-a886-40a6-8fd7-e73a2bee4a5c@group-F936F465787F: ConfigurationManager, init=-1: [5b824b54-a886-40a6-8fd7-e73a2bee4a5c|rpc:10.1.0.6:43771|dataStream:|priority:0, 3eb0204c-99db-4ec7-9985-35999c30dd35|rpc:10.1.0.6:42899|dataStream:|priority:1, 0f8914ae-8a7a-42c5-8d1b-d8caec49e59b|rpc:10.1.0.6:36085|dataStream:|priority:0], old=null, confs=<EMPTY_MAP>
2022-04-28 13:46:55,577 [pool-374-thread-1] INFO  server.RaftServerConfigKeys (ConfUtils.java:logGet(44)) - raft.server.storage.dir = [/home/runner/work/ozone/ozone/hadoop-ozone/integration-test/target/test-dir/MiniOzoneClusterImpl-b83af172-7a36-4ee1-b1b1-9a7292f569f3/datanode-4/data/ratis] (custom)
2022-04-28 13:46:55,586 [pool-374-thread-1] INFO  server.RaftServerConfigKeys (ConfUtils.java:logGet(44)) - raft.server.log.corruption.policy = EXCEPTION (default)
2022-04-28 13:46:55,586 [pool-374-thread-1] INFO  server.RaftServerConfigKeys (ConfUtils.java:logGet(44)) - raft.server.storage.free-space.min = 0MB (=0) (default)
2022-04-28 13:46:55,586 [pool-374-thread-1] INFO  storage.RaftStorageDirectory (RaftStorageDirectoryImpl.java:analyzeStorage(135)) - The storage directory /home/runner/work/ozone/ozone/hadoop-ozone/integration-test/target/test-dir/MiniOzoneClusterImpl-b83af172-7a36-4ee1-b1b1-9a7292f569f3/datanode-4/data/ratis/9f08862b-36d1-475c-84df-f936f465787f does not exist. Creating ...
2022-04-28 13:46:55,587 [pool-374-thread-1] INFO  storage.RaftStorageDirectory (RaftStorageDirectoryImpl.java:tryLock(230)) - Lock on /home/runner/work/ozone/ozone/hadoop-ozone/integration-test/target/test-dir/MiniOzoneClusterImpl-b83af172-7a36-4ee1-b1b1-9a7292f569f3/datanode-4/data/ratis/9f08862b-36d1-475c-84df-f936f465787f/in_use.lock acquired by nodename 9841@fv-az294-869
2022-04-28 13:46:55,587 [pool-374-thread-1] INFO  storage.RaftStorage (RaftStorageImpl.java:format(89)) - Storage directory /home/runner/work/ozone/ozone/hadoop-ozone/integration-test/target/test-dir/MiniOzoneClusterImpl-b83af172-7a36-4ee1-b1b1-9a7292f569f3/datanode-4/data/ratis/9f08862b-36d1-475c-84df-f936f465787f has been successfully formatted.
2022-04-28 13:46:55,608 [pool-374-thread-1] INFO  ratis.ContainerStateMachine (ContainerStateMachine.java:loadSnapshot(236)) - group-F936F465787F: The snapshot info is null. Setting the last applied indexto:(t:0, i:~)
2022-04-28 13:46:55,609 [pool-374-thread-1] INFO  server.RaftServerConfigKeys (ConfUtils.java:logGet(44)) - raft.server.notification.no-leader.timeout = 300000ms (custom)
2022-04-28 13:46:55,609 [pool-374-thread-1] INFO  server.RaftServerConfigKeys (ConfUtils.java:logGet(44)) - raft.server.log.use.memory = false (default)
2022-04-28 13:46:55,609 [pool-374-thread-1] INFO  server.RaftServerConfigKeys (ConfUtils.java:logGet(44)) - raft.server.log.purge.gap = 1000000 (custom)
2022-04-28 13:46:55,609 [pool-374-thread-1] INFO  server.RaftServerConfigKeys (ConfUtils.java:logGet(44)) - raft.server.log.appender.buffer.byte-limit = 33554432 (custom)
2022-04-28 13:46:55,609 [pool-374-thread-1] INFO  server.RaftServerConfigKeys (ConfUtils.java:logGet(44)) - raft.server.log.segment.size.max = 1048576 (custom)
2022-04-28 13:46:55,609 [pool-374-thread-1] INFO  server.RaftServerConfigKeys (ConfUtils.java:logGet(44)) - raft.server.log.segment.cache.num.max = 2 (custom)
2022-04-28 13:46:55,609 [pool-374-thread-1] INFO  server.RaftServerConfigKeys (ConfUtils.java:logGet(44)) - raft.server.log.segment.cache.size.max = 200MB (=209715200) (default)
2022-04-28 13:46:55,609 [pool-374-thread-1] INFO  segmented.SegmentedRaftLogWorker (SegmentedRaftLogWorker.java:<init>(182)) - new 5b824b54-a886-40a6-8fd7-e73a2bee4a5c@group-F936F465787F-SegmentedRaftLogWorker for RaftStorageImpl:Storage Directory /home/runner/work/ozone/ozone/hadoop-ozone/integration-test/target/test-dir/MiniOzoneClusterImpl-b83af172-7a36-4ee1-b1b1-9a7292f569f3/datanode-4/data/ratis/9f08862b-36d1-475c-84df-f936f465787f
2022-04-28 13:46:55,609 [pool-374-thread-1] INFO  server.RaftServerConfigKeys (ConfUtils.java:logGet(44)) - raft.server.log.queue.byte-limit = 4294967296 (custom)
2022-04-28 13:46:55,609 [pool-374-thread-1] INFO  server.RaftServerConfigKeys (ConfUtils.java:logGet(44)) - raft.server.log.queue.element-limit = 1024 (custom)
2022-04-28 13:46:55,609 [pool-374-thread-1] INFO  server.RaftServerConfigKeys (ConfUtils.java:logGet(44)) - raft.server.log.segment.size.max = 1048576 (custom)
2022-04-28 13:46:55,610 [pool-374-thread-1] INFO  server.RaftServerConfigKeys (ConfUtils.java:logGet(44)) - raft.server.log.preallocated.size = 16384 (custom)
2022-04-28 13:46:55,610 [pool-374-thread-1] INFO  server.RaftServerConfigKeys (ConfUtils.java:logGet(44)) - raft.server.log.force.sync.num = 128 (default)
2022-04-28 13:46:55,610 [pool-374-thread-1] INFO  server.RaftServerConfigKeys (ConfUtils.java:logGet(44)) - raft.server.log.statemachine.data.sync = true (default)
2022-04-28 13:46:55,610 [pool-374-thread-1] INFO  server.RaftServerConfigKeys (ConfUtils.java:logGet(44)) - raft.server.log.statemachine.data.sync.timeout = 10s (default)
2022-04-28 13:46:55,610 [pool-374-thread-1] INFO  server.RaftServerConfigKeys (ConfUtils.java:logGet(44)) - raft.server.log.statemachine.data.sync.timeout.retry = -1 (default)
2022-04-28 13:46:55,610 [pool-374-thread-1] INFO  server.RaftServerConfigKeys (ConfUtils.java:logGet(44)) - raft.server.log.write.buffer.size = 1048576 (custom)
2022-04-28 13:46:55,611 [pool-374-thread-1] INFO  server.RaftServerConfigKeys (ConfUtils.java:logGet(44)) - raft.server.log.statemachine.data.caching.enabled = true (custom)
2022-04-28 13:46:55,611 [pool-374-thread-1] INFO  segmented.SegmentedRaftLogWorker (SegmentedRaftLogWorker.java:lambda$new$0(133)) - 5b824b54-a886-40a6-8fd7-e73a2bee4a5c@group-F936F465787F-SegmentedRaftLogWorker: flushIndex: setUnconditionally 0 -> -1
2022-04-28 13:46:55,611 [pool-374-thread-1] INFO  segmented.SegmentedRaftLogWorker (SegmentedRaftLogWorker.java:lambda$new$0(133)) - 5b824b54-a886-40a6-8fd7-e73a2bee4a5c@group-F936F465787F-SegmentedRaftLogWorker: safeCacheEvictIndex: setUnconditionally 0 -> -1
2022-04-28 13:46:55,617 [pool-374-thread-1] INFO  server.RaftServerConfigKeys (ConfUtils.java:logGet(44)) - raft.server.snapshot.auto.trigger.enabled = true (custom)
2022-04-28 13:46:55,617 [pool-374-thread-1] INFO  server.RaftServerConfigKeys (ConfUtils.java:logGet(44)) - raft.server.snapshot.auto.trigger.threshold = 10000 (custom)
2022-04-28 13:46:55,617 [pool-374-thread-1] INFO  server.RaftServerConfigKeys (ConfUtils.java:logGet(44)) - raft.server.snapshot.retention.file.num = 5 (custom)
2022-04-28 13:46:55,617 [pool-374-thread-1] INFO  server.RaftServerConfigKeys (ConfUtils.java:logGet(44)) - raft.server.log.purge.upto.snapshot.index = false (default)
2022-04-28 13:46:55,617 [pool-374-thread-1] INFO  server.RaftServerConfigKeys (ConfUtils.java:logGet(44)) - raft.server.retrycache.expirytime = 600000ms (custom)
2022-04-28 13:46:55,617 [pool-374-thread-1] INFO  server.RaftServerConfigKeys (ConfUtils.java:logGet(44)) - raft.server.retrycache.statistics.expirytime = 100μs (default)
2022-04-28 13:46:55,618 [pool-374-thread-1] INFO  server.RaftServer$Division (RaftServerImpl.java:start(301)) - 5b824b54-a886-40a6-8fd7-e73a2bee4a5c@group-F936F465787F: start as a follower, conf=-1: [5b824b54-a886-40a6-8fd7-e73a2bee4a5c|rpc:10.1.0.6:43771|dataStream:|priority:0, 3eb0204c-99db-4ec7-9985-35999c30dd35|rpc:10.1.0.6:42899|dataStream:|priority:1, 0f8914ae-8a7a-42c5-8d1b-d8caec49e59b|rpc:10.1.0.6:36085|dataStream:|priority:0], old=null
2022-04-28 13:46:55,618 [pool-374-thread-1] INFO  server.RaftServer$Division (RaftServerImpl.java:setRole(290)) - 5b824b54-a886-40a6-8fd7-e73a2bee4a5c@group-F936F465787F: changes role from      null to FOLLOWER at term 0 for startAsFollower
2022-04-28 13:46:55,618 [pool-374-thread-1] INFO  impl.RoleInfo (RoleInfo.java:updateAndGet(130)) - 5b824b54-a886-40a6-8fd7-e73a2bee4a5c: start 5b824b54-a886-40a6-8fd7-e73a2bee4a5c@group-F936F465787F-FollowerState
2022-04-28 13:46:55,618 [pool-374-thread-1] INFO  util.JmxRegister (JmxRegister.java:tryRegister(44)) - Successfully registered JMX Bean with object name Ratis:service=RaftServer,group=group-F936F465787F,id=5b824b54-a886-40a6-8fd7-e73a2bee4a5c
2022-04-28 13:46:55,658 [grpc-default-executor-0] INFO  server.RaftServer (RaftServerProxy.java:addNew(95)) - 0f8914ae-8a7a-42c5-8d1b-d8caec49e59b: addNew group-F936F465787F:[5b824b54-a886-40a6-8fd7-e73a2bee4a5c|rpc:10.1.0.6:43771|dataStream:|priority:0, 3eb0204c-99db-4ec7-9985-35999c30dd35|rpc:10.1.0.6:42899|dataStream:|priority:1, 0f8914ae-8a7a-42c5-8d1b-d8caec49e59b|rpc:10.1.0.6:36085|dataStream:|priority:0] returns group-F936F465787F:java.util.concurrent.CompletableFuture@65d6f64e[Not completed]
2022-04-28 13:46:55,667 [pool-395-thread-1] INFO  server.RaftServer$Division (RaftServerImpl.java:<init>(184)) - 0f8914ae-8a7a-42c5-8d1b-d8caec49e59b: new RaftServerImpl for group-F936F465787F:[5b824b54-a886-40a6-8fd7-e73a2bee4a5c|rpc:10.1.0.6:43771|dataStream:|priority:0, 3eb0204c-99db-4ec7-9985-35999c30dd35|rpc:10.1.0.6:42899|dataStream:|priority:1, 0f8914ae-8a7a-42c5-8d1b-d8caec49e59b|rpc:10.1.0.6:36085|dataStream:|priority:0] with ContainerStateMachine:uninitialized
2022-04-28 13:46:55,667 [pool-395-thread-1] INFO  server.RaftServerConfigKeys (ConfUtils.java:logGet(44)) - raft.server.rpc.timeout.min = 5s (custom)
2022-04-28 13:46:55,667 [pool-395-thread-1] INFO  server.RaftServerConfigKeys (ConfUtils.java:logGet(44)) - raft.server.rpc.timeout.max = 5200ms (custom)
2022-04-28 13:46:55,668 [pool-395-thread-1] INFO  server.RaftServerConfigKeys (ConfUtils.java:logGet(44)) - raft.server.rpc.sleep.time = 25ms (default)
2022-04-28 13:46:55,668 [pool-395-thread-1] INFO  server.RaftServerConfigKeys (ConfUtils.java:logGet(44)) - raft.server.rpc.slowness.timeout = 300000ms (custom)
2022-04-28 13:46:55,668 [pool-395-thread-1] INFO  server.RaftServerConfigKeys (ConfUtils.java:logGet(44)) - raft.server.leaderelection.leader.step-down.wait-time = 10s (default)
2022-04-28 13:46:55,668 [pool-395-thread-1] INFO  server.RaftServerConfigKeys (ConfUtils.java:logGet(44)) - raft.server.sleep.deviation.threshold = 300ms (default)
2022-04-28 13:46:55,668 [pool-395-thread-1] INFO  server.RaftServerConfigKeys (ConfUtils.java:logGet(44)) - raft.server.log.appender.install.snapshot.enabled = false (custom)
2022-04-28 13:46:55,668 [pool-395-thread-1] INFO  server.RaftServer$Division (ServerState.java:<init>(105)) - 0f8914ae-8a7a-42c5-8d1b-d8caec49e59b@group-F936F465787F: ConfigurationManager, init=-1: [5b824b54-a886-40a6-8fd7-e73a2bee4a5c|rpc:10.1.0.6:43771|dataStream:|priority:0, 3eb0204c-99db-4ec7-9985-35999c30dd35|rpc:10.1.0.6:42899|dataStream:|priority:1, 0f8914ae-8a7a-42c5-8d1b-d8caec49e59b|rpc:10.1.0.6:36085|dataStream:|priority:0], old=null, confs=<EMPTY_MAP>
2022-04-28 13:46:55,668 [pool-395-thread-1] INFO  server.RaftServerConfigKeys (ConfUtils.java:logGet(44)) - raft.server.storage.dir = [/home/runner/work/ozone/ozone/hadoop-ozone/integration-test/target/test-dir/MiniOzoneClusterImpl-b83af172-7a36-4ee1-b1b1-9a7292f569f3/datanode-5/data/ratis] (custom)
2022-04-28 13:46:55,668 [pool-395-thread-1] INFO  server.RaftServerConfigKeys (ConfUtils.java:logGet(44)) - raft.server.log.corruption.policy = EXCEPTION (default)
2022-04-28 13:46:55,668 [pool-395-thread-1] INFO  server.RaftServerConfigKeys (ConfUtils.java:logGet(44)) - raft.server.storage.free-space.min = 0MB (=0) (default)
2022-04-28 13:46:55,668 [pool-395-thread-1] INFO  storage.RaftStorageDirectory (RaftStorageDirectoryImpl.java:analyzeStorage(135)) - The storage directory /home/runner/work/ozone/ozone/hadoop-ozone/integration-test/target/test-dir/MiniOzoneClusterImpl-b83af172-7a36-4ee1-b1b1-9a7292f569f3/datanode-5/data/ratis/9f08862b-36d1-475c-84df-f936f465787f does not exist. Creating ...
2022-04-28 13:46:55,689 [pool-395-thread-1] INFO  storage.RaftStorageDirectory (RaftStorageDirectoryImpl.java:tryLock(230)) - Lock on /home/runner/work/ozone/ozone/hadoop-ozone/integration-test/target/test-dir/MiniOzoneClusterImpl-b83af172-7a36-4ee1-b1b1-9a7292f569f3/datanode-5/data/ratis/9f08862b-36d1-475c-84df-f936f465787f/in_use.lock acquired by nodename 9841@fv-az294-869
2022-04-28 13:46:55,691 [pool-395-thread-1] INFO  storage.RaftStorage (RaftStorageImpl.java:format(89)) - Storage directory /home/runner/work/ozone/ozone/hadoop-ozone/integration-test/target/test-dir/MiniOzoneClusterImpl-b83af172-7a36-4ee1-b1b1-9a7292f569f3/datanode-5/data/ratis/9f08862b-36d1-475c-84df-f936f465787f has been successfully formatted.
2022-04-28 13:46:55,715 [pool-395-thread-1] INFO  ratis.ContainerStateMachine (ContainerStateMachine.java:loadSnapshot(236)) - group-F936F465787F: The snapshot info is null. Setting the last applied indexto:(t:0, i:~)
2022-04-28 13:46:55,715 [pool-395-thread-1] INFO  server.RaftServerConfigKeys (ConfUtils.java:logGet(44)) - raft.server.notification.no-leader.timeout = 300000ms (custom)
2022-04-28 13:46:55,716 [pool-395-thread-1] INFO  server.RaftServerConfigKeys (ConfUtils.java:logGet(44)) - raft.server.log.use.memory = false (default)
2022-04-28 13:46:55,716 [pool-395-thread-1] INFO  server.RaftServerConfigKeys (ConfUtils.java:logGet(44)) - raft.server.log.purge.gap = 1000000 (custom)
2022-04-28 13:46:55,716 [pool-395-thread-1] INFO  server.RaftServerConfigKeys (ConfUtils.java:logGet(44)) - raft.server.log.appender.buffer.byte-limit = 33554432 (custom)
2022-04-28 13:46:55,716 [pool-395-thread-1] INFO  server.RaftServerConfigKeys (ConfUtils.java:logGet(44)) - raft.server.log.segment.size.max = 1048576 (custom)
2022-04-28 13:46:55,716 [pool-395-thread-1] INFO  server.RaftServerConfigKeys (ConfUtils.java:logGet(44)) - raft.server.log.segment.cache.num.max = 2 (custom)
2022-04-28 13:46:55,716 [pool-395-thread-1] INFO  server.RaftServerConfigKeys (ConfUtils.java:logGet(44)) - raft.server.log.segment.cache.size.max = 200MB (=209715200) (default)
2022-04-28 13:46:55,716 [pool-395-thread-1] INFO  segmented.SegmentedRaftLogWorker (SegmentedRaftLogWorker.java:<init>(182)) - new 0f8914ae-8a7a-42c5-8d1b-d8caec49e59b@group-F936F465787F-SegmentedRaftLogWorker for RaftStorageImpl:Storage Directory /home/runner/work/ozone/ozone/hadoop-ozone/integration-test/target/test-dir/MiniOzoneClusterImpl-b83af172-7a36-4ee1-b1b1-9a7292f569f3/datanode-5/data/ratis/9f08862b-36d1-475c-84df-f936f465787f
2022-04-28 13:46:55,716 [pool-395-thread-1] INFO  server.RaftServerConfigKeys (ConfUtils.java:logGet(44)) - raft.server.log.queue.byte-limit = 4294967296 (custom)
2022-04-28 13:46:55,716 [pool-395-thread-1] INFO  server.RaftServerConfigKeys (ConfUtils.java:logGet(44)) - raft.server.log.queue.element-limit = 1024 (custom)
2022-04-28 13:46:55,716 [pool-395-thread-1] INFO  server.RaftServerConfigKeys (ConfUtils.java:logGet(44)) - raft.server.log.segment.size.max = 1048576 (custom)
2022-04-28 13:46:55,716 [pool-395-thread-1] INFO  server.RaftServerConfigKeys (ConfUtils.java:logGet(44)) - raft.server.log.preallocated.size = 16384 (custom)
2022-04-28 13:46:55,717 [pool-395-thread-1] INFO  server.RaftServerConfigKeys (ConfUtils.java:logGet(44)) - raft.server.log.force.sync.num = 128 (default)
2022-04-28 13:46:55,717 [pool-395-thread-1] INFO  server.RaftServerConfigKeys (ConfUtils.java:logGet(44)) - raft.server.log.statemachine.data.sync = true (default)
2022-04-28 13:46:55,717 [pool-395-thread-1] INFO  server.RaftServerConfigKeys (ConfUtils.java:logGet(44)) - raft.server.log.statemachine.data.sync.timeout = 10s (default)
2022-04-28 13:46:55,717 [pool-395-thread-1] INFO  server.RaftServerConfigKeys (ConfUtils.java:logGet(44)) - raft.server.log.statemachine.data.sync.timeout.retry = -1 (default)
2022-04-28 13:46:55,717 [pool-395-thread-1] INFO  server.RaftServerConfigKeys (ConfUtils.java:logGet(44)) - raft.server.log.write.buffer.size = 1048576 (custom)
2022-04-28 13:46:55,718 [pool-395-thread-1] INFO  server.RaftServerConfigKeys (ConfUtils.java:logGet(44)) - raft.server.log.statemachine.data.caching.enabled = true (custom)
2022-04-28 13:46:55,719 [pool-395-thread-1] INFO  segmented.SegmentedRaftLogWorker (SegmentedRaftLogWorker.java:lambda$new$0(133)) - 0f8914ae-8a7a-42c5-8d1b-d8caec49e59b@group-F936F465787F-SegmentedRaftLogWorker: flushIndex: setUnconditionally 0 -> -1
2022-04-28 13:46:55,719 [pool-395-thread-1] INFO  segmented.SegmentedRaftLogWorker (SegmentedRaftLogWorker.java:lambda$new$0(133)) - 0f8914ae-8a7a-42c5-8d1b-d8caec49e59b@group-F936F465787F-SegmentedRaftLogWorker: safeCacheEvictIndex: setUnconditionally 0 -> -1
2022-04-28 13:46:55,726 [pool-395-thread-1] INFO  server.RaftServerConfigKeys (ConfUtils.java:logGet(44)) - raft.server.snapshot.auto.trigger.enabled = true (custom)
2022-04-28 13:46:55,726 [pool-395-thread-1] INFO  server.RaftServerConfigKeys (ConfUtils.java:logGet(44)) - raft.server.snapshot.auto.trigger.threshold = 10000 (custom)
2022-04-28 13:46:55,726 [pool-395-thread-1] INFO  server.RaftServerConfigKeys (ConfUtils.java:logGet(44)) - raft.server.snapshot.retention.file.num = 5 (custom)
2022-04-28 13:46:55,726 [pool-395-thread-1] INFO  server.RaftServerConfigKeys (ConfUtils.java:logGet(44)) - raft.server.log.purge.upto.snapshot.index = false (default)
2022-04-28 13:46:55,726 [pool-395-thread-1] INFO  server.RaftServerConfigKeys (ConfUtils.java:logGet(44)) - raft.server.retrycache.expirytime = 600000ms (custom)
2022-04-28 13:46:55,726 [pool-395-thread-1] INFO  server.RaftServerConfigKeys (ConfUtils.java:logGet(44)) - raft.server.retrycache.statistics.expirytime = 100μs (default)
2022-04-28 13:46:55,727 [pool-395-thread-1] INFO  server.RaftServer$Division (RaftServerImpl.java:start(301)) - 0f8914ae-8a7a-42c5-8d1b-d8caec49e59b@group-F936F465787F: start as a follower, conf=-1: [5b824b54-a886-40a6-8fd7-e73a2bee4a5c|rpc:10.1.0.6:43771|dataStream:|priority:0, 3eb0204c-99db-4ec7-9985-35999c30dd35|rpc:10.1.0.6:42899|dataStream:|priority:1, 0f8914ae-8a7a-42c5-8d1b-d8caec49e59b|rpc:10.1.0.6:36085|dataStream:|priority:0], old=null
2022-04-28 13:46:55,727 [pool-395-thread-1] INFO  server.RaftServer$Division (RaftServerImpl.java:setRole(290)) - 0f8914ae-8a7a-42c5-8d1b-d8caec49e59b@group-F936F465787F: changes role from      null to FOLLOWER at term 0 for startAsFollower
2022-04-28 13:46:55,727 [pool-395-thread-1] INFO  impl.RoleInfo (RoleInfo.java:updateAndGet(130)) - 0f8914ae-8a7a-42c5-8d1b-d8caec49e59b: start 0f8914ae-8a7a-42c5-8d1b-d8caec49e59b@group-F936F465787F-FollowerState
2022-04-28 13:46:55,728 [pool-395-thread-1] INFO  util.JmxRegister (JmxRegister.java:tryRegister(44)) - Successfully registered JMX Bean with object name Ratis:service=RaftServer,group=group-F936F465787F,id=0f8914ae-8a7a-42c5-8d1b-d8caec49e59b
2022-04-28 13:46:55,793 [Command processor thread] INFO  commandhandler.CreatePipelineCommandHandler (CreatePipelineCommandHandler.java:handle(113)) - Created Pipeline RATIS THREE PipelineID=9f08862b-36d1-475c-84df-f936f465787f.
2022-04-28 13:46:55,794 [Command processor thread] INFO  server.RaftServer (RaftServerProxy.java:addNew(95)) - 3eb0204c-99db-4ec7-9985-35999c30dd35: addNew group-B4C1D7519224:[5b824b54-a886-40a6-8fd7-e73a2bee4a5c|rpc:10.1.0.6:43771|priority:1, 3eb0204c-99db-4ec7-9985-35999c30dd35|rpc:10.1.0.6:42899|priority:0, 0f8914ae-8a7a-42c5-8d1b-d8caec49e59b|rpc:10.1.0.6:36085|priority:0] returns group-B4C1D7519224:java.util.concurrent.CompletableFuture@77000dbd[Not completed]
2022-04-28 13:46:55,795 [pool-353-thread-1] INFO  server.RaftServer$Division (RaftServerImpl.java:<init>(184)) - 3eb0204c-99db-4ec7-9985-35999c30dd35: new RaftServerImpl for group-B4C1D7519224:[5b824b54-a886-40a6-8fd7-e73a2bee4a5c|rpc:10.1.0.6:43771|priority:1, 3eb0204c-99db-4ec7-9985-35999c30dd35|rpc:10.1.0.6:42899|priority:0, 0f8914ae-8a7a-42c5-8d1b-d8caec49e59b|rpc:10.1.0.6:36085|priority:0] with ContainerStateMachine:uninitialized
2022-04-28 13:46:55,795 [pool-353-thread-1] INFO  server.RaftServerConfigKeys (ConfUtils.java:logGet(44)) - raft.server.rpc.timeout.min = 5s (custom)
2022-04-28 13:46:55,795 [pool-353-thread-1] INFO  server.RaftServerConfigKeys (ConfUtils.java:logGet(44)) - raft.server.rpc.timeout.max = 5200ms (custom)
2022-04-28 13:46:55,795 [pool-353-thread-1] INFO  server.RaftServerConfigKeys (ConfUtils.java:logGet(44)) - raft.server.rpc.sleep.time = 25ms (default)
2022-04-28 13:46:55,795 [pool-353-thread-1] INFO  server.RaftServerConfigKeys (ConfUtils.java:logGet(44)) - raft.server.rpc.slowness.timeout = 300000ms (custom)
2022-04-28 13:46:55,795 [pool-353-thread-1] INFO  server.RaftServerConfigKeys (ConfUtils.java:logGet(44)) - raft.server.leaderelection.leader.step-down.wait-time = 10s (default)
2022-04-28 13:46:55,795 [pool-353-thread-1] INFO  server.RaftServerConfigKeys (ConfUtils.java:logGet(44)) - raft.server.sleep.deviation.threshold = 300ms (default)
2022-04-28 13:46:55,795 [pool-353-thread-1] INFO  server.RaftServerConfigKeys (ConfUtils.java:logGet(44)) - raft.server.log.appender.install.snapshot.enabled = false (custom)
2022-04-28 13:46:55,795 [pool-353-thread-1] INFO  server.RaftServer$Division (ServerState.java:<init>(105)) - 3eb0204c-99db-4ec7-9985-35999c30dd35@group-B4C1D7519224: ConfigurationManager, init=-1: [5b824b54-a886-40a6-8fd7-e73a2bee4a5c|rpc:10.1.0.6:43771|priority:1, 3eb0204c-99db-4ec7-9985-35999c30dd35|rpc:10.1.0.6:42899|priority:0, 0f8914ae-8a7a-42c5-8d1b-d8caec49e59b|rpc:10.1.0.6:36085|priority:0], old=null, confs=<EMPTY_MAP>
2022-04-28 13:46:55,795 [pool-353-thread-1] INFO  server.RaftServerConfigKeys (ConfUtils.java:logGet(44)) - raft.server.storage.dir = [/home/runner/work/ozone/ozone/hadoop-ozone/integration-test/target/test-dir/MiniOzoneClusterImpl-b83af172-7a36-4ee1-b1b1-9a7292f569f3/datanode-3/data/ratis] (custom)
2022-04-28 13:46:55,795 [pool-353-thread-1] INFO  server.RaftServerConfigKeys (ConfUtils.java:logGet(44)) - raft.server.log.corruption.policy = EXCEPTION (default)
2022-04-28 13:46:55,795 [pool-353-thread-1] INFO  server.RaftServerConfigKeys (ConfUtils.java:logGet(44)) - raft.server.storage.free-space.min = 0MB (=0) (default)
2022-04-28 13:46:55,796 [pool-353-thread-1] INFO  storage.RaftStorageDirectory (RaftStorageDirectoryImpl.java:analyzeStorage(135)) - The storage directory /home/runner/work/ozone/ozone/hadoop-ozone/integration-test/target/test-dir/MiniOzoneClusterImpl-b83af172-7a36-4ee1-b1b1-9a7292f569f3/datanode-3/data/ratis/08c748e3-9f82-4401-ae68-b4c1d7519224 does not exist. Creating ...
2022-04-28 13:46:55,797 [pool-353-thread-1] INFO  storage.RaftStorageDirectory (RaftStorageDirectoryImpl.java:tryLock(230)) - Lock on /home/runner/work/ozone/ozone/hadoop-ozone/integration-test/target/test-dir/MiniOzoneClusterImpl-b83af172-7a36-4ee1-b1b1-9a7292f569f3/datanode-3/data/ratis/08c748e3-9f82-4401-ae68-b4c1d7519224/in_use.lock acquired by nodename 9841@fv-az294-869
2022-04-28 13:46:55,798 [pool-353-thread-1] INFO  storage.RaftStorage (RaftStorageImpl.java:format(89)) - Storage directory /home/runner/work/ozone/ozone/hadoop-ozone/integration-test/target/test-dir/MiniOzoneClusterImpl-b83af172-7a36-4ee1-b1b1-9a7292f569f3/datanode-3/data/ratis/08c748e3-9f82-4401-ae68-b4c1d7519224 has been successfully formatted.
2022-04-28 13:46:55,798 [pool-353-thread-1] INFO  ratis.ContainerStateMachine (ContainerStateMachine.java:loadSnapshot(236)) - group-B4C1D7519224: The snapshot info is null. Setting the last applied indexto:(t:0, i:~)
2022-04-28 13:46:55,798 [pool-353-thread-1] INFO  server.RaftServerConfigKeys (ConfUtils.java:logGet(44)) - raft.server.notification.no-leader.timeout = 300000ms (custom)
2022-04-28 13:46:55,798 [pool-353-thread-1] INFO  server.RaftServerConfigKeys (ConfUtils.java:logGet(44)) - raft.server.log.use.memory = false (default)
2022-04-28 13:46:55,798 [pool-353-thread-1] INFO  server.RaftServerConfigKeys (ConfUtils.java:logGet(44)) - raft.server.log.purge.gap = 1000000 (custom)
2022-04-28 13:46:55,798 [pool-353-thread-1] INFO  server.RaftServerConfigKeys (ConfUtils.java:logGet(44)) - raft.server.log.appender.buffer.byte-limit = 33554432 (custom)
2022-04-28 13:46:55,798 [pool-353-thread-1] INFO  server.RaftServerConfigKeys (ConfUtils.java:logGet(44)) - raft.server.log.segment.size.max = 1048576 (custom)
2022-04-28 13:46:55,799 [pool-353-thread-1] INFO  server.RaftServerConfigKeys (ConfUtils.java:logGet(44)) - raft.server.log.segment.cache.num.max = 2 (custom)
2022-04-28 13:46:55,799 [pool-353-thread-1] INFO  server.RaftServerConfigKeys (ConfUtils.java:logGet(44)) - raft.server.log.segment.cache.size.max = 200MB (=209715200) (default)
2022-04-28 13:46:55,799 [pool-353-thread-1] INFO  segmented.SegmentedRaftLogWorker (SegmentedRaftLogWorker.java:<init>(182)) - new 3eb0204c-99db-4ec7-9985-35999c30dd35@group-B4C1D7519224-SegmentedRaftLogWorker for RaftStorageImpl:Storage Directory /home/runner/work/ozone/ozone/hadoop-ozone/integration-test/target/test-dir/MiniOzoneClusterImpl-b83af172-7a36-4ee1-b1b1-9a7292f569f3/datanode-3/data/ratis/08c748e3-9f82-4401-ae68-b4c1d7519224
2022-04-28 13:46:55,799 [pool-353-thread-1] INFO  server.RaftServerConfigKeys (ConfUtils.java:logGet(44)) - raft.server.log.queue.byte-limit = 4294967296 (custom)
2022-04-28 13:46:55,799 [pool-353-thread-1] INFO  server.RaftServerConfigKeys (ConfUtils.java:logGet(44)) - raft.server.log.queue.element-limit = 1024 (custom)
2022-04-28 13:46:55,799 [pool-353-thread-1] INFO  server.RaftServerConfigKeys (ConfUtils.java:logGet(44)) - raft.server.log.segment.size.max = 1048576 (custom)
2022-04-28 13:46:55,799 [pool-353-thread-1] INFO  server.RaftServerConfigKeys (ConfUtils.java:logGet(44)) - raft.server.log.preallocated.size = 16384 (custom)
2022-04-28 13:46:55,799 [pool-353-thread-1] INFO  server.RaftServerConfigKeys (ConfUtils.java:logGet(44)) - raft.server.log.force.sync.num = 128 (default)
2022-04-28 13:46:55,799 [pool-353-thread-1] INFO  server.RaftServerConfigKeys (ConfUtils.java:logGet(44)) - raft.server.log.statemachine.data.sync = true (default)
2022-04-28 13:46:55,799 [EventQueue-OpenPipelineForHealthyPipelineSafeModeRule] INFO  safemode.SCMSafeModeManager (HealthyPipelineSafeModeRule.java:process(124)) - SCM in safe mode. Healthy pipelines reported count is 0, required healthy pipeline reported count is 1
2022-04-28 13:46:55,799 [pool-353-thread-1] INFO  server.RaftServerConfigKeys (ConfUtils.java:logGet(44)) - raft.server.log.statemachine.data.sync.timeout = 10s (default)
2022-04-28 13:46:55,800 [pool-353-thread-1] INFO  server.RaftServerConfigKeys (ConfUtils.java:logGet(44)) - raft.server.log.statemachine.data.sync.timeout.retry = -1 (default)
2022-04-28 13:46:55,800 [pool-353-thread-1] INFO  server.RaftServerConfigKeys (ConfUtils.java:logGet(44)) - raft.server.log.write.buffer.size = 1048576 (custom)
2022-04-28 13:46:55,801 [pool-353-thread-1] INFO  server.RaftServerConfigKeys (ConfUtils.java:logGet(44)) - raft.server.log.statemachine.data.caching.enabled = true (custom)
2022-04-28 13:46:55,801 [pool-353-thread-1] INFO  segmented.SegmentedRaftLogWorker (SegmentedRaftLogWorker.java:lambda$new$0(133)) - 3eb0204c-99db-4ec7-9985-35999c30dd35@group-B4C1D7519224-SegmentedRaftLogWorker: flushIndex: setUnconditionally 0 -> -1
2022-04-28 13:46:55,801 [pool-353-thread-1] INFO  segmented.SegmentedRaftLogWorker (SegmentedRaftLogWorker.java:lambda$new$0(133)) - 3eb0204c-99db-4ec7-9985-35999c30dd35@group-B4C1D7519224-SegmentedRaftLogWorker: safeCacheEvictIndex: setUnconditionally 0 -> -1
2022-04-28 13:46:55,816 [pool-353-thread-1] INFO  server.RaftServerConfigKeys (ConfUtils.java:logGet(44)) - raft.server.snapshot.auto.trigger.enabled = true (custom)
2022-04-28 13:46:55,816 [pool-353-thread-1] INFO  server.RaftServerConfigKeys (ConfUtils.java:logGet(44)) - raft.server.snapshot.auto.trigger.threshold = 10000 (custom)
2022-04-28 13:46:55,816 [pool-353-thread-1] INFO  server.RaftServerConfigKeys (ConfUtils.java:logGet(44)) - raft.server.snapshot.retention.file.num = 5 (custom)
2022-04-28 13:46:55,816 [pool-353-thread-1] INFO  server.RaftServerConfigKeys (ConfUtils.java:logGet(44)) - raft.server.log.purge.upto.snapshot.index = false (default)
2022-04-28 13:46:55,816 [pool-353-thread-1] INFO  server.RaftServerConfigKeys (ConfUtils.java:logGet(44)) - raft.server.retrycache.expirytime = 600000ms (custom)
2022-04-28 13:46:55,816 [pool-353-thread-1] INFO  server.RaftServerConfigKeys (ConfUtils.java:logGet(44)) - raft.server.retrycache.statistics.expirytime = 100μs (default)
2022-04-28 13:46:55,817 [pool-353-thread-1] INFO  server.RaftServer$Division (RaftServerImpl.java:start(301)) - 3eb0204c-99db-4ec7-9985-35999c30dd35@group-B4C1D7519224: start as a follower, conf=-1: [5b824b54-a886-40a6-8fd7-e73a2bee4a5c|rpc:10.1.0.6:43771|priority:1, 3eb0204c-99db-4ec7-9985-35999c30dd35|rpc:10.1.0.6:42899|priority:0, 0f8914ae-8a7a-42c5-8d1b-d8caec49e59b|rpc:10.1.0.6:36085|priority:0], old=null
2022-04-28 13:46:55,817 [pool-353-thread-1] INFO  server.RaftServer$Division (RaftServerImpl.java:setRole(290)) - 3eb0204c-99db-4ec7-9985-35999c30dd35@group-B4C1D7519224: changes role from      null to FOLLOWER at term 0 for startAsFollower
2022-04-28 13:46:55,817 [pool-353-thread-1] INFO  impl.RoleInfo (RoleInfo.java:updateAndGet(130)) - 3eb0204c-99db-4ec7-9985-35999c30dd35: start 3eb0204c-99db-4ec7-9985-35999c30dd35@group-B4C1D7519224-FollowerState
2022-04-28 13:46:55,817 [pool-353-thread-1] INFO  util.JmxRegister (JmxRegister.java:tryRegister(44)) - Successfully registered JMX Bean with object name Ratis:service=RaftServer,group=group-B4C1D7519224,id=3eb0204c-99db-4ec7-9985-35999c30dd35
2022-04-28 13:46:55,818 [Command processor thread] INFO  ratis.XceiverServerRatis (XceiverServerRatis.java:addGroup(765)) - Created group PipelineID=08c748e3-9f82-4401-ae68-b4c1d7519224
2022-04-28 13:46:55,835 [grpc-default-executor-0] INFO  server.RaftServer (RaftServerProxy.java:addNew(95)) - 5b824b54-a886-40a6-8fd7-e73a2bee4a5c: addNew group-B4C1D7519224:[5b824b54-a886-40a6-8fd7-e73a2bee4a5c|rpc:10.1.0.6:43771|dataStream:|priority:1, 3eb0204c-99db-4ec7-9985-35999c30dd35|rpc:10.1.0.6:42899|dataStream:|priority:0, 0f8914ae-8a7a-42c5-8d1b-d8caec49e59b|rpc:10.1.0.6:36085|dataStream:|priority:0] returns group-B4C1D7519224:java.util.concurrent.CompletableFuture@362f5634[Not completed]
2022-04-28 13:46:55,836 [pool-374-thread-1] INFO  server.RaftServer$Division (RaftServerImpl.java:<init>(184)) - 5b824b54-a886-40a6-8fd7-e73a2bee4a5c: new RaftServerImpl for group-B4C1D7519224:[5b824b54-a886-40a6-8fd7-e73a2bee4a5c|rpc:10.1.0.6:43771|dataStream:|priority:1, 3eb0204c-99db-4ec7-9985-35999c30dd35|rpc:10.1.0.6:42899|dataStream:|priority:0, 0f8914ae-8a7a-42c5-8d1b-d8caec49e59b|rpc:10.1.0.6:36085|dataStream:|priority:0] with ContainerStateMachine:uninitialized
2022-04-28 13:46:55,836 [pool-374-thread-1] INFO  server.RaftServerConfigKeys (ConfUtils.java:logGet(44)) - raft.server.rpc.timeout.min = 5s (custom)
2022-04-28 13:46:55,836 [pool-374-thread-1] INFO  server.RaftServerConfigKeys (ConfUtils.java:logGet(44)) - raft.server.rpc.timeout.max = 5200ms (custom)
2022-04-28 13:46:55,836 [pool-374-thread-1] INFO  server.RaftServerConfigKeys (ConfUtils.java:logGet(44)) - raft.server.rpc.sleep.time = 25ms (default)
2022-04-28 13:46:55,836 [pool-374-thread-1] INFO  server.RaftServerConfigKeys (ConfUtils.java:logGet(44)) - raft.server.rpc.slowness.timeout = 300000ms (custom)
2022-04-28 13:46:55,836 [pool-374-thread-1] INFO  server.RaftServerConfigKeys (ConfUtils.java:logGet(44)) - raft.server.leaderelection.leader.step-down.wait-time = 10s (default)
2022-04-28 13:46:55,836 [pool-374-thread-1] INFO  server.RaftServerConfigKeys (ConfUtils.java:logGet(44)) - raft.server.sleep.deviation.threshold = 300ms (default)
2022-04-28 13:46:55,836 [pool-374-thread-1] INFO  server.RaftServerConfigKeys (ConfUtils.java:logGet(44)) - raft.server.log.appender.install.snapshot.enabled = false (custom)
2022-04-28 13:46:55,836 [pool-374-thread-1] INFO  server.RaftServer$Division (ServerState.java:<init>(105)) - 5b824b54-a886-40a6-8fd7-e73a2bee4a5c@group-B4C1D7519224: ConfigurationManager, init=-1: [5b824b54-a886-40a6-8fd7-e73a2bee4a5c|rpc:10.1.0.6:43771|dataStream:|priority:1, 3eb0204c-99db-4ec7-9985-35999c30dd35|rpc:10.1.0.6:42899|dataStream:|priority:0, 0f8914ae-8a7a-42c5-8d1b-d8caec49e59b|rpc:10.1.0.6:36085|dataStream:|priority:0], old=null, confs=<EMPTY_MAP>
2022-04-28 13:46:55,836 [pool-374-thread-1] INFO  server.RaftServerConfigKeys (ConfUtils.java:logGet(44)) - raft.server.storage.dir = [/home/runner/work/ozone/ozone/hadoop-ozone/integration-test/target/test-dir/MiniOzoneClusterImpl-b83af172-7a36-4ee1-b1b1-9a7292f569f3/datanode-4/data/ratis] (custom)
2022-04-28 13:46:55,836 [pool-374-thread-1] INFO  server.RaftServerConfigKeys (ConfUtils.java:logGet(44)) - raft.server.log.corruption.policy = EXCEPTION (default)
2022-04-28 13:46:55,836 [pool-374-thread-1] INFO  server.RaftServerConfigKeys (ConfUtils.java:logGet(44)) - raft.server.storage.free-space.min = 0MB (=0) (default)
2022-04-28 13:46:55,836 [pool-374-thread-1] INFO  storage.RaftStorageDirectory (RaftStorageDirectoryImpl.java:analyzeStorage(135)) - The storage directory /home/runner/work/ozone/ozone/hadoop-ozone/integration-test/target/test-dir/MiniOzoneClusterImpl-b83af172-7a36-4ee1-b1b1-9a7292f569f3/datanode-4/data/ratis/08c748e3-9f82-4401-ae68-b4c1d7519224 does not exist. Creating ...
2022-04-28 13:46:55,838 [pool-374-thread-1] INFO  storage.RaftStorageDirectory (RaftStorageDirectoryImpl.java:tryLock(230)) - Lock on /home/runner/work/ozone/ozone/hadoop-ozone/integration-test/target/test-dir/MiniOzoneClusterImpl-b83af172-7a36-4ee1-b1b1-9a7292f569f3/datanode-4/data/ratis/08c748e3-9f82-4401-ae68-b4c1d7519224/in_use.lock acquired by nodename 9841@fv-az294-869
2022-04-28 13:46:55,840 [pool-374-thread-1] INFO  storage.RaftStorage (RaftStorageImpl.java:format(89)) - Storage directory /home/runner/work/ozone/ozone/hadoop-ozone/integration-test/target/test-dir/MiniOzoneClusterImpl-b83af172-7a36-4ee1-b1b1-9a7292f569f3/datanode-4/data/ratis/08c748e3-9f82-4401-ae68-b4c1d7519224 has been successfully formatted.
2022-04-28 13:46:55,841 [pool-374-thread-1] INFO  ratis.ContainerStateMachine (ContainerStateMachine.java:loadSnapshot(236)) - group-B4C1D7519224: The snapshot info is null. Setting the last applied indexto:(t:0, i:~)
2022-04-28 13:46:55,842 [pool-374-thread-1] INFO  server.RaftServerConfigKeys (ConfUtils.java:logGet(44)) - raft.server.notification.no-leader.timeout = 300000ms (custom)
2022-04-28 13:46:55,842 [pool-374-thread-1] INFO  server.RaftServerConfigKeys (ConfUtils.java:logGet(44)) - raft.server.log.use.memory = false (default)
2022-04-28 13:46:55,842 [pool-374-thread-1] INFO  server.RaftServerConfigKeys (ConfUtils.java:logGet(44)) - raft.server.log.purge.gap = 1000000 (custom)
2022-04-28 13:46:55,842 [pool-374-thread-1] INFO  server.RaftServerConfigKeys (ConfUtils.java:logGet(44)) - raft.server.log.appender.buffer.byte-limit = 33554432 (custom)
2022-04-28 13:46:55,842 [pool-374-thread-1] INFO  server.RaftServerConfigKeys (ConfUtils.java:logGet(44)) - raft.server.log.segment.size.max = 1048576 (custom)
2022-04-28 13:46:55,842 [pool-374-thread-1] INFO  server.RaftServerConfigKeys (ConfUtils.java:logGet(44)) - raft.server.log.segment.cache.num.max = 2 (custom)
2022-04-28 13:46:55,842 [pool-374-thread-1] INFO  server.RaftServerConfigKeys (ConfUtils.java:logGet(44)) - raft.server.log.segment.cache.size.max = 200MB (=209715200) (default)
2022-04-28 13:46:55,843 [pool-374-thread-1] INFO  segmented.SegmentedRaftLogWorker (SegmentedRaftLogWorker.java:<init>(182)) - new 5b824b54-a886-40a6-8fd7-e73a2bee4a5c@group-B4C1D7519224-SegmentedRaftLogWorker for RaftStorageImpl:Storage Directory /home/runner/work/ozone/ozone/hadoop-ozone/integration-test/target/test-dir/MiniOzoneClusterImpl-b83af172-7a36-4ee1-b1b1-9a7292f569f3/datanode-4/data/ratis/08c748e3-9f82-4401-ae68-b4c1d7519224
2022-04-28 13:46:55,843 [pool-374-thread-1] INFO  server.RaftServerConfigKeys (ConfUtils.java:logGet(44)) - raft.server.log.queue.byte-limit = 4294967296 (custom)
2022-04-28 13:46:55,843 [pool-374-thread-1] INFO  server.RaftServerConfigKeys (ConfUtils.java:logGet(44)) - raft.server.log.queue.element-limit = 1024 (custom)
2022-04-28 13:46:55,843 [pool-374-thread-1] INFO  server.RaftServerConfigKeys (ConfUtils.java:logGet(44)) - raft.server.log.segment.size.max = 1048576 (custom)
2022-04-28 13:46:55,843 [pool-374-thread-1] INFO  server.RaftServerConfigKeys (ConfUtils.java:logGet(44)) - raft.server.log.preallocated.size = 16384 (custom)
2022-04-28 13:46:55,843 [pool-374-thread-1] INFO  server.RaftServerConfigKeys (ConfUtils.java:logGet(44)) - raft.server.log.force.sync.num = 128 (default)
2022-04-28 13:46:55,843 [pool-374-thread-1] INFO  server.RaftServerConfigKeys (ConfUtils.java:logGet(44)) - raft.server.log.statemachine.data.sync = true (default)
2022-04-28 13:46:55,843 [pool-374-thread-1] INFO  server.RaftServerConfigKeys (ConfUtils.java:logGet(44)) - raft.server.log.statemachine.data.sync.timeout = 10s (default)
2022-04-28 13:46:55,843 [pool-374-thread-1] INFO  server.RaftServerConfigKeys (ConfUtils.java:logGet(44)) - raft.server.log.statemachine.data.sync.timeout.retry = -1 (default)
2022-04-28 13:46:55,844 [pool-374-thread-1] INFO  server.RaftServerConfigKeys (ConfUtils.java:logGet(44)) - raft.server.log.write.buffer.size = 1048576 (custom)
2022-04-28 13:46:55,844 [pool-374-thread-1] INFO  server.RaftServerConfigKeys (ConfUtils.java:logGet(44)) - raft.server.log.statemachine.data.caching.enabled = true (custom)
2022-04-28 13:46:55,844 [pool-374-thread-1] INFO  segmented.SegmentedRaftLogWorker (SegmentedRaftLogWorker.java:lambda$new$0(133)) - 5b824b54-a886-40a6-8fd7-e73a2bee4a5c@group-B4C1D7519224-SegmentedRaftLogWorker: flushIndex: setUnconditionally 0 -> -1
2022-04-28 13:46:55,844 [pool-374-thread-1] INFO  segmented.SegmentedRaftLogWorker (SegmentedRaftLogWorker.java:lambda$new$0(133)) - 5b824b54-a886-40a6-8fd7-e73a2bee4a5c@group-B4C1D7519224-SegmentedRaftLogWorker: safeCacheEvictIndex: setUnconditionally 0 -> -1
2022-04-28 13:46:55,847 [pool-374-thread-1] INFO  server.RaftServerConfigKeys (ConfUtils.java:logGet(44)) - raft.server.snapshot.auto.trigger.enabled = true (custom)
2022-04-28 13:46:55,847 [pool-374-thread-1] INFO  server.RaftServerConfigKeys (ConfUtils.java:logGet(44)) - raft.server.snapshot.auto.trigger.threshold = 10000 (custom)
2022-04-28 13:46:55,847 [pool-374-thread-1] INFO  server.RaftServerConfigKeys (ConfUtils.java:logGet(44)) - raft.server.snapshot.retention.file.num = 5 (custom)
2022-04-28 13:46:55,847 [pool-374-thread-1] INFO  server.RaftServerConfigKeys (ConfUtils.java:logGet(44)) - raft.server.log.purge.upto.snapshot.index = false (default)
2022-04-28 13:46:55,847 [pool-374-thread-1] INFO  server.RaftServerConfigKeys (ConfUtils.java:logGet(44)) - raft.server.retrycache.expirytime = 600000ms (custom)
2022-04-28 13:46:55,848 [pool-374-thread-1] INFO  server.RaftServerConfigKeys (ConfUtils.java:logGet(44)) - raft.server.retrycache.statistics.expirytime = 100μs (default)
2022-04-28 13:46:55,848 [pool-374-thread-1] INFO  server.RaftServer$Division (RaftServerImpl.java:start(301)) - 5b824b54-a886-40a6-8fd7-e73a2bee4a5c@group-B4C1D7519224: start as a follower, conf=-1: [5b824b54-a886-40a6-8fd7-e73a2bee4a5c|rpc:10.1.0.6:43771|dataStream:|priority:1, 3eb0204c-99db-4ec7-9985-35999c30dd35|rpc:10.1.0.6:42899|dataStream:|priority:0, 0f8914ae-8a7a-42c5-8d1b-d8caec49e59b|rpc:10.1.0.6:36085|dataStream:|priority:0], old=null
2022-04-28 13:46:55,849 [pool-374-thread-1] INFO  server.RaftServer$Division (RaftServerImpl.java:setRole(290)) - 5b824b54-a886-40a6-8fd7-e73a2bee4a5c@group-B4C1D7519224: changes role from      null to FOLLOWER at term 0 for startAsFollower
2022-04-28 13:46:55,849 [pool-374-thread-1] INFO  impl.RoleInfo (RoleInfo.java:updateAndGet(130)) - 5b824b54-a886-40a6-8fd7-e73a2bee4a5c: start 5b824b54-a886-40a6-8fd7-e73a2bee4a5c@group-B4C1D7519224-FollowerState
2022-04-28 13:46:55,850 [pool-374-thread-1] INFO  util.JmxRegister (JmxRegister.java:tryRegister(44)) - Successfully registered JMX Bean with object name Ratis:service=RaftServer,group=group-B4C1D7519224,id=5b824b54-a886-40a6-8fd7-e73a2bee4a5c
2022-04-28 13:46:55,910 [grpc-default-executor-0] INFO  server.RaftServer (RaftServerProxy.java:addNew(95)) - 0f8914ae-8a7a-42c5-8d1b-d8caec49e59b: addNew group-B4C1D7519224:[5b824b54-a886-40a6-8fd7-e73a2bee4a5c|rpc:10.1.0.6:43771|dataStream:|priority:1, 3eb0204c-99db-4ec7-9985-35999c30dd35|rpc:10.1.0.6:42899|dataStream:|priority:0, 0f8914ae-8a7a-42c5-8d1b-d8caec49e59b|rpc:10.1.0.6:36085|dataStream:|priority:0] returns group-B4C1D7519224:java.util.concurrent.CompletableFuture@6e943631[Not completed]
2022-04-28 13:46:55,911 [pool-395-thread-1] INFO  server.RaftServer$Division (RaftServerImpl.java:<init>(184)) - 0f8914ae-8a7a-42c5-8d1b-d8caec49e59b: new RaftServerImpl for group-B4C1D7519224:[5b824b54-a886-40a6-8fd7-e73a2bee4a5c|rpc:10.1.0.6:43771|dataStream:|priority:1, 3eb0204c-99db-4ec7-9985-35999c30dd35|rpc:10.1.0.6:42899|dataStream:|priority:0, 0f8914ae-8a7a-42c5-8d1b-d8caec49e59b|rpc:10.1.0.6:36085|dataStream:|priority:0] with ContainerStateMachine:uninitialized
2022-04-28 13:46:55,911 [pool-395-thread-1] INFO  server.RaftServerConfigKeys (ConfUtils.java:logGet(44)) - raft.server.rpc.timeout.min = 5s (custom)
2022-04-28 13:46:55,911 [pool-395-thread-1] INFO  server.RaftServerConfigKeys (ConfUtils.java:logGet(44)) - raft.server.rpc.timeout.max = 5200ms (custom)
2022-04-28 13:46:55,911 [pool-395-thread-1] INFO  server.RaftServerConfigKeys (ConfUtils.java:logGet(44)) - raft.server.rpc.sleep.time = 25ms (default)
2022-04-28 13:46:55,911 [pool-395-thread-1] INFO  server.RaftServerConfigKeys (ConfUtils.java:logGet(44)) - raft.server.rpc.slowness.timeout = 300000ms (custom)
2022-04-28 13:46:55,911 [pool-395-thread-1] INFO  server.RaftServerConfigKeys (ConfUtils.java:logGet(44)) - raft.server.leaderelection.leader.step-down.wait-time = 10s (default)
2022-04-28 13:46:55,911 [pool-395-thread-1] INFO  server.RaftServerConfigKeys (ConfUtils.java:logGet(44)) - raft.server.sleep.deviation.threshold = 300ms (default)
2022-04-28 13:46:55,911 [pool-395-thread-1] INFO  server.RaftServerConfigKeys (ConfUtils.java:logGet(44)) - raft.server.log.appender.install.snapshot.enabled = false (custom)
2022-04-28 13:46:55,912 [pool-395-thread-1] INFO  server.RaftServer$Division (ServerState.java:<init>(105)) - 0f8914ae-8a7a-42c5-8d1b-d8caec49e59b@group-B4C1D7519224: ConfigurationManager, init=-1: [5b824b54-a886-40a6-8fd7-e73a2bee4a5c|rpc:10.1.0.6:43771|dataStream:|priority:1, 3eb0204c-99db-4ec7-9985-35999c30dd35|rpc:10.1.0.6:42899|dataStream:|priority:0, 0f8914ae-8a7a-42c5-8d1b-d8caec49e59b|rpc:10.1.0.6:36085|dataStream:|priority:0], old=null, confs=<EMPTY_MAP>
2022-04-28 13:46:55,912 [pool-395-thread-1] INFO  server.RaftServerConfigKeys (ConfUtils.java:logGet(44)) - raft.server.storage.dir = [/home/runner/work/ozone/ozone/hadoop-ozone/integration-test/target/test-dir/MiniOzoneClusterImpl-b83af172-7a36-4ee1-b1b1-9a7292f569f3/datanode-5/data/ratis] (custom)
2022-04-28 13:46:55,912 [pool-395-thread-1] INFO  server.RaftServerConfigKeys (ConfUtils.java:logGet(44)) - raft.server.log.corruption.policy = EXCEPTION (default)
2022-04-28 13:46:55,912 [pool-395-thread-1] INFO  server.RaftServerConfigKeys (ConfUtils.java:logGet(44)) - raft.server.storage.free-space.min = 0MB (=0) (default)
2022-04-28 13:46:55,912 [pool-395-thread-1] INFO  storage.RaftStorageDirectory (RaftStorageDirectoryImpl.java:analyzeStorage(135)) - The storage directory /home/runner/work/ozone/ozone/hadoop-ozone/integration-test/target/test-dir/MiniOzoneClusterImpl-b83af172-7a36-4ee1-b1b1-9a7292f569f3/datanode-5/data/ratis/08c748e3-9f82-4401-ae68-b4c1d7519224 does not exist. Creating ...
2022-04-28 13:46:55,913 [pool-395-thread-1] INFO  storage.RaftStorageDirectory (RaftStorageDirectoryImpl.java:tryLock(230)) - Lock on /home/runner/work/ozone/ozone/hadoop-ozone/integration-test/target/test-dir/MiniOzoneClusterImpl-b83af172-7a36-4ee1-b1b1-9a7292f569f3/datanode-5/data/ratis/08c748e3-9f82-4401-ae68-b4c1d7519224/in_use.lock acquired by nodename 9841@fv-az294-869
2022-04-28 13:46:55,914 [pool-395-thread-1] INFO  storage.RaftStorage (RaftStorageImpl.java:format(89)) - Storage directory /home/runner/work/ozone/ozone/hadoop-ozone/integration-test/target/test-dir/MiniOzoneClusterImpl-b83af172-7a36-4ee1-b1b1-9a7292f569f3/datanode-5/data/ratis/08c748e3-9f82-4401-ae68-b4c1d7519224 has been successfully formatted.
2022-04-28 13:46:55,914 [pool-395-thread-1] INFO  ratis.ContainerStateMachine (ContainerStateMachine.java:loadSnapshot(236)) - group-B4C1D7519224: The snapshot info is null. Setting the last applied indexto:(t:0, i:~)
2022-04-28 13:46:55,914 [pool-395-thread-1] INFO  server.RaftServerConfigKeys (ConfUtils.java:logGet(44)) - raft.server.notification.no-leader.timeout = 300000ms (custom)
2022-04-28 13:46:55,914 [pool-395-thread-1] INFO  server.RaftServerConfigKeys (ConfUtils.java:logGet(44)) - raft.server.log.use.memory = false (default)
2022-04-28 13:46:55,914 [pool-395-thread-1] INFO  server.RaftServerConfigKeys (ConfUtils.java:logGet(44)) - raft.server.log.purge.gap = 1000000 (custom)
2022-04-28 13:46:55,914 [pool-395-thread-1] INFO  server.RaftServerConfigKeys (ConfUtils.java:logGet(44)) - raft.server.log.appender.buffer.byte-limit = 33554432 (custom)
2022-04-28 13:46:55,915 [pool-395-thread-1] INFO  server.RaftServerConfigKeys (ConfUtils.java:logGet(44)) - raft.server.log.segment.size.max = 1048576 (custom)
2022-04-28 13:46:55,915 [pool-395-thread-1] INFO  server.RaftServerConfigKeys (ConfUtils.java:logGet(44)) - raft.server.log.segment.cache.num.max = 2 (custom)
2022-04-28 13:46:55,915 [pool-395-thread-1] INFO  server.RaftServerConfigKeys (ConfUtils.java:logGet(44)) - raft.server.log.segment.cache.size.max = 200MB (=209715200) (default)
2022-04-28 13:46:55,915 [pool-395-thread-1] INFO  segmented.SegmentedRaftLogWorker (SegmentedRaftLogWorker.java:<init>(182)) - new 0f8914ae-8a7a-42c5-8d1b-d8caec49e59b@group-B4C1D7519224-SegmentedRaftLogWorker for RaftStorageImpl:Storage Directory /home/runner/work/ozone/ozone/hadoop-ozone/integration-test/target/test-dir/MiniOzoneClusterImpl-b83af172-7a36-4ee1-b1b1-9a7292f569f3/datanode-5/data/ratis/08c748e3-9f82-4401-ae68-b4c1d7519224
2022-04-28 13:46:55,915 [pool-395-thread-1] INFO  server.RaftServerConfigKeys (ConfUtils.java:logGet(44)) - raft.server.log.queue.byte-limit = 4294967296 (custom)
2022-04-28 13:46:55,915 [pool-395-thread-1] INFO  server.RaftServerConfigKeys (ConfUtils.java:logGet(44)) - raft.server.log.queue.element-limit = 1024 (custom)
2022-04-28 13:46:55,915 [pool-395-thread-1] INFO  server.RaftServerConfigKeys (ConfUtils.java:logGet(44)) - raft.server.log.segment.size.max = 1048576 (custom)
2022-04-28 13:46:55,915 [pool-395-thread-1] INFO  server.RaftServerConfigKeys (ConfUtils.java:logGet(44)) - raft.server.log.preallocated.size = 16384 (custom)
2022-04-28 13:46:55,915 [pool-395-thread-1] INFO  server.RaftServerConfigKeys (ConfUtils.java:logGet(44)) - raft.server.log.force.sync.num = 128 (default)
2022-04-28 13:46:55,915 [pool-395-thread-1] INFO  server.RaftServerConfigKeys (ConfUtils.java:logGet(44)) - raft.server.log.statemachine.data.sync = true (default)
2022-04-28 13:46:55,915 [pool-395-thread-1] INFO  server.RaftServerConfigKeys (ConfUtils.java:logGet(44)) - raft.server.log.statemachine.data.sync.timeout = 10s (default)
2022-04-28 13:46:55,915 [pool-395-thread-1] INFO  server.RaftServerConfigKeys (ConfUtils.java:logGet(44)) - raft.server.log.statemachine.data.sync.timeout.retry = -1 (default)
2022-04-28 13:46:55,916 [pool-395-thread-1] INFO  server.RaftServerConfigKeys (ConfUtils.java:logGet(44)) - raft.server.log.write.buffer.size = 1048576 (custom)
2022-04-28 13:46:55,917 [pool-395-thread-1] INFO  server.RaftServerConfigKeys (ConfUtils.java:logGet(44)) - raft.server.log.statemachine.data.caching.enabled = true (custom)
2022-04-28 13:46:55,917 [pool-395-thread-1] INFO  segmented.SegmentedRaftLogWorker (SegmentedRaftLogWorker.java:lambda$new$0(133)) - 0f8914ae-8a7a-42c5-8d1b-d8caec49e59b@group-B4C1D7519224-SegmentedRaftLogWorker: flushIndex: setUnconditionally 0 -> -1
2022-04-28 13:46:55,917 [pool-395-thread-1] INFO  segmented.SegmentedRaftLogWorker (SegmentedRaftLogWorker.java:lambda$new$0(133)) - 0f8914ae-8a7a-42c5-8d1b-d8caec49e59b@group-B4C1D7519224-SegmentedRaftLogWorker: safeCacheEvictIndex: setUnconditionally 0 -> -1
2022-04-28 13:46:55,918 [pool-395-thread-1] INFO  server.RaftServerConfigKeys (ConfUtils.java:logGet(44)) - raft.server.snapshot.auto.trigger.enabled = true (custom)
2022-04-28 13:46:55,918 [pool-395-thread-1] INFO  server.RaftServerConfigKeys (ConfUtils.java:logGet(44)) - raft.server.snapshot.auto.trigger.threshold = 10000 (custom)
2022-04-28 13:46:55,918 [pool-395-thread-1] INFO  server.RaftServerConfigKeys (ConfUtils.java:logGet(44)) - raft.server.snapshot.retention.file.num = 5 (custom)
2022-04-28 13:46:55,918 [pool-395-thread-1] INFO  server.RaftServerConfigKeys (ConfUtils.java:logGet(44)) - raft.server.log.purge.upto.snapshot.index = false (default)
2022-04-28 13:46:55,918 [pool-395-thread-1] INFO  server.RaftServerConfigKeys (ConfUtils.java:logGet(44)) - raft.server.retrycache.expirytime = 600000ms (custom)
2022-04-28 13:46:55,918 [pool-395-thread-1] INFO  server.RaftServerConfigKeys (ConfUtils.java:logGet(44)) - raft.server.retrycache.statistics.expirytime = 100μs (default)
2022-04-28 13:46:55,919 [pool-395-thread-1] INFO  server.RaftServer$Division (RaftServerImpl.java:start(301)) - 0f8914ae-8a7a-42c5-8d1b-d8caec49e59b@group-B4C1D7519224: start as a follower, conf=-1: [5b824b54-a886-40a6-8fd7-e73a2bee4a5c|rpc:10.1.0.6:43771|dataStream:|priority:1, 3eb0204c-99db-4ec7-9985-35999c30dd35|rpc:10.1.0.6:42899|dataStream:|priority:0, 0f8914ae-8a7a-42c5-8d1b-d8caec49e59b|rpc:10.1.0.6:36085|dataStream:|priority:0], old=null
2022-04-28 13:46:55,919 [pool-395-thread-1] INFO  server.RaftServer$Division (RaftServerImpl.java:setRole(290)) - 0f8914ae-8a7a-42c5-8d1b-d8caec49e59b@group-B4C1D7519224: changes role from      null to FOLLOWER at term 0 for startAsFollower
2022-04-28 13:46:55,920 [pool-395-thread-1] INFO  impl.RoleInfo (RoleInfo.java:updateAndGet(130)) - 0f8914ae-8a7a-42c5-8d1b-d8caec49e59b: start 0f8914ae-8a7a-42c5-8d1b-d8caec49e59b@group-B4C1D7519224-FollowerState
2022-04-28 13:46:55,920 [pool-395-thread-1] INFO  util.JmxRegister (JmxRegister.java:tryRegister(44)) - Successfully registered JMX Bean with object name Ratis:service=RaftServer,group=group-B4C1D7519224,id=0f8914ae-8a7a-42c5-8d1b-d8caec49e59b
2022-04-28 13:46:55,935 [Command processor thread] INFO  commandhandler.CreatePipelineCommandHandler (CreatePipelineCommandHandler.java:handle(113)) - Created Pipeline RATIS THREE PipelineID=08c748e3-9f82-4401-ae68-b4c1d7519224.
2022-04-28 13:46:56,126 [Command processor thread] INFO  server.RaftServer (RaftServerProxy.java:addNew(95)) - 5b824b54-a886-40a6-8fd7-e73a2bee4a5c: addNew group-AED03B798454:[5b824b54-a886-40a6-8fd7-e73a2bee4a5c|rpc:10.1.0.6:43771|priority:1] returns group-AED03B798454:java.util.concurrent.CompletableFuture@22a9ebff[Not completed]
2022-04-28 13:46:56,127 [pool-374-thread-1] INFO  server.RaftServer$Division (RaftServerImpl.java:<init>(184)) - 5b824b54-a886-40a6-8fd7-e73a2bee4a5c: new RaftServerImpl for group-AED03B798454:[5b824b54-a886-40a6-8fd7-e73a2bee4a5c|rpc:10.1.0.6:43771|priority:1] with ContainerStateMachine:uninitialized
2022-04-28 13:46:56,127 [pool-374-thread-1] INFO  server.RaftServerConfigKeys (ConfUtils.java:logGet(44)) - raft.server.rpc.timeout.min = 5s (custom)
2022-04-28 13:46:56,127 [pool-374-thread-1] INFO  server.RaftServerConfigKeys (ConfUtils.java:logGet(44)) - raft.server.rpc.timeout.max = 5200ms (custom)
2022-04-28 13:46:56,127 [pool-374-thread-1] INFO  server.RaftServerConfigKeys (ConfUtils.java:logGet(44)) - raft.server.rpc.sleep.time = 25ms (default)
2022-04-28 13:46:56,127 [pool-374-thread-1] INFO  server.RaftServerConfigKeys (ConfUtils.java:logGet(44)) - raft.server.rpc.slowness.timeout = 300000ms (custom)
2022-04-28 13:46:56,127 [pool-374-thread-1] INFO  server.RaftServerConfigKeys (ConfUtils.java:logGet(44)) - raft.server.leaderelection.leader.step-down.wait-time = 10s (default)
2022-04-28 13:46:56,127 [pool-374-thread-1] INFO  server.RaftServerConfigKeys (ConfUtils.java:logGet(44)) - raft.server.sleep.deviation.threshold = 300ms (default)
2022-04-28 13:46:56,128 [pool-374-thread-1] INFO  server.RaftServerConfigKeys (ConfUtils.java:logGet(44)) - raft.server.log.appender.install.snapshot.enabled = false (custom)
2022-04-28 13:46:56,128 [pool-374-thread-1] INFO  server.RaftServer$Division (ServerState.java:<init>(105)) - 5b824b54-a886-40a6-8fd7-e73a2bee4a5c@group-AED03B798454: ConfigurationManager, init=-1: [5b824b54-a886-40a6-8fd7-e73a2bee4a5c|rpc:10.1.0.6:43771|priority:1], old=null, confs=<EMPTY_MAP>
2022-04-28 13:46:56,128 [pool-374-thread-1] INFO  server.RaftServerConfigKeys (ConfUtils.java:logGet(44)) - raft.server.storage.dir = [/home/runner/work/ozone/ozone/hadoop-ozone/integration-test/target/test-dir/MiniOzoneClusterImpl-b83af172-7a36-4ee1-b1b1-9a7292f569f3/datanode-4/data/ratis] (custom)
2022-04-28 13:46:56,128 [pool-374-thread-1] INFO  server.RaftServerConfigKeys (ConfUtils.java:logGet(44)) - raft.server.log.corruption.policy = EXCEPTION (default)
2022-04-28 13:46:56,128 [pool-374-thread-1] INFO  server.RaftServerConfigKeys (ConfUtils.java:logGet(44)) - raft.server.storage.free-space.min = 0MB (=0) (default)
2022-04-28 13:46:56,128 [pool-374-thread-1] INFO  storage.RaftStorageDirectory (RaftStorageDirectoryImpl.java:analyzeStorage(135)) - The storage directory /home/runner/work/ozone/ozone/hadoop-ozone/integration-test/target/test-dir/MiniOzoneClusterImpl-b83af172-7a36-4ee1-b1b1-9a7292f569f3/datanode-4/data/ratis/5ad5e940-2891-47b2-8b45-aed03b798454 does not exist. Creating ...
2022-04-28 13:46:56,129 [pool-374-thread-1] INFO  storage.RaftStorageDirectory (RaftStorageDirectoryImpl.java:tryLock(230)) - Lock on /home/runner/work/ozone/ozone/hadoop-ozone/integration-test/target/test-dir/MiniOzoneClusterImpl-b83af172-7a36-4ee1-b1b1-9a7292f569f3/datanode-4/data/ratis/5ad5e940-2891-47b2-8b45-aed03b798454/in_use.lock acquired by nodename 9841@fv-az294-869
2022-04-28 13:46:56,132 [pool-374-thread-1] INFO  storage.RaftStorage (RaftStorageImpl.java:format(89)) - Storage directory /home/runner/work/ozone/ozone/hadoop-ozone/integration-test/target/test-dir/MiniOzoneClusterImpl-b83af172-7a36-4ee1-b1b1-9a7292f569f3/datanode-4/data/ratis/5ad5e940-2891-47b2-8b45-aed03b798454 has been successfully formatted.
2022-04-28 13:46:56,132 [pool-374-thread-1] INFO  ratis.ContainerStateMachine (ContainerStateMachine.java:loadSnapshot(236)) - group-AED03B798454: The snapshot info is null. Setting the last applied indexto:(t:0, i:~)
2022-04-28 13:46:56,132 [pool-374-thread-1] INFO  server.RaftServerConfigKeys (ConfUtils.java:logGet(44)) - raft.server.notification.no-leader.timeout = 300000ms (custom)
2022-04-28 13:46:56,132 [pool-374-thread-1] INFO  server.RaftServerConfigKeys (ConfUtils.java:logGet(44)) - raft.server.log.use.memory = false (default)
2022-04-28 13:46:56,132 [pool-374-thread-1] INFO  server.RaftServerConfigKeys (ConfUtils.java:logGet(44)) - raft.server.log.purge.gap = 1000000 (custom)
2022-04-28 13:46:56,133 [pool-374-thread-1] INFO  server.RaftServerConfigKeys (ConfUtils.java:logGet(44)) - raft.server.log.appender.buffer.byte-limit = 33554432 (custom)
2022-04-28 13:46:56,133 [pool-374-thread-1] INFO  server.RaftServerConfigKeys (ConfUtils.java:logGet(44)) - raft.server.log.segment.size.max = 1048576 (custom)
2022-04-28 13:46:56,133 [pool-374-thread-1] INFO  server.RaftServerConfigKeys (ConfUtils.java:logGet(44)) - raft.server.log.segment.cache.num.max = 2 (custom)
2022-04-28 13:46:56,133 [pool-374-thread-1] INFO  server.RaftServerConfigKeys (ConfUtils.java:logGet(44)) - raft.server.log.segment.cache.size.max = 200MB (=209715200) (default)
2022-04-28 13:46:56,133 [pool-374-thread-1] INFO  segmented.SegmentedRaftLogWorker (SegmentedRaftLogWorker.java:<init>(182)) - new 5b824b54-a886-40a6-8fd7-e73a2bee4a5c@group-AED03B798454-SegmentedRaftLogWorker for RaftStorageImpl:Storage Directory /home/runner/work/ozone/ozone/hadoop-ozone/integration-test/target/test-dir/MiniOzoneClusterImpl-b83af172-7a36-4ee1-b1b1-9a7292f569f3/datanode-4/data/ratis/5ad5e940-2891-47b2-8b45-aed03b798454
2022-04-28 13:46:56,133 [pool-374-thread-1] INFO  server.RaftServerConfigKeys (ConfUtils.java:logGet(44)) - raft.server.log.queue.byte-limit = 4294967296 (custom)
2022-04-28 13:46:56,133 [pool-374-thread-1] INFO  server.RaftServerConfigKeys (ConfUtils.java:logGet(44)) - raft.server.log.queue.element-limit = 1024 (custom)
2022-04-28 13:46:56,133 [pool-374-thread-1] INFO  server.RaftServerConfigKeys (ConfUtils.java:logGet(44)) - raft.server.log.segment.size.max = 1048576 (custom)
2022-04-28 13:46:56,133 [pool-374-thread-1] INFO  server.RaftServerConfigKeys (ConfUtils.java:logGet(44)) - raft.server.log.preallocated.size = 16384 (custom)
2022-04-28 13:46:56,133 [pool-374-thread-1] INFO  server.RaftServerConfigKeys (ConfUtils.java:logGet(44)) - raft.server.log.force.sync.num = 128 (default)
2022-04-28 13:46:56,133 [pool-374-thread-1] INFO  server.RaftServerConfigKeys (ConfUtils.java:logGet(44)) - raft.server.log.statemachine.data.sync = true (default)
2022-04-28 13:46:56,133 [pool-374-thread-1] INFO  server.RaftServerConfigKeys (ConfUtils.java:logGet(44)) - raft.server.log.statemachine.data.sync.timeout = 10s (default)
2022-04-28 13:46:56,133 [pool-374-thread-1] INFO  server.RaftServerConfigKeys (ConfUtils.java:logGet(44)) - raft.server.log.statemachine.data.sync.timeout.retry = -1 (default)
2022-04-28 13:46:56,134 [pool-374-thread-1] INFO  server.RaftServerConfigKeys (ConfUtils.java:logGet(44)) - raft.server.log.write.buffer.size = 1048576 (custom)
2022-04-28 13:46:56,135 [pool-374-thread-1] INFO  server.RaftServerConfigKeys (ConfUtils.java:logGet(44)) - raft.server.log.statemachine.data.caching.enabled = true (custom)
2022-04-28 13:46:56,135 [pool-374-thread-1] INFO  segmented.SegmentedRaftLogWorker (SegmentedRaftLogWorker.java:lambda$new$0(133)) - 5b824b54-a886-40a6-8fd7-e73a2bee4a5c@group-AED03B798454-SegmentedRaftLogWorker: flushIndex: setUnconditionally 0 -> -1
2022-04-28 13:46:56,135 [pool-374-thread-1] INFO  segmented.SegmentedRaftLogWorker (SegmentedRaftLogWorker.java:lambda$new$0(133)) - 5b824b54-a886-40a6-8fd7-e73a2bee4a5c@group-AED03B798454-SegmentedRaftLogWorker: safeCacheEvictIndex: setUnconditionally 0 -> -1
2022-04-28 13:46:56,137 [EventQueue-PipelineReportForPipelineReportHandler] INFO  pipeline.PipelineManagerImpl (PipelineManagerImpl.java:openPipeline(328)) - Pipeline Pipeline[ Id: 5ad5e940-2891-47b2-8b45-aed03b798454, Nodes: 5b824b54-a886-40a6-8fd7-e73a2bee4a5c{ip: 10.1.0.6, host: fv-az294-869.eaanfquahm5ulb5tj050gcxych.jx.internal.cloudapp.net, ports: [REPLICATION=44843, RATIS=43771, RATIS_ADMIN=43771, RATIS_SERVER=43771, STANDALONE=37173], networkLocation: /default-rack, certSerialId: null, persistedOpState: IN_SERVICE, persistedOpStateExpiryEpochSec: 0}, ReplicationConfig: RATIS/ONE, State:ALLOCATED, leaderId:5b824b54-a886-40a6-8fd7-e73a2bee4a5c, CreationTimestamp2022-04-28T13:46:53.128Z[Etc/UTC]] moved to OPEN state
2022-04-28 13:46:56,139 [002018de-f8db-4c7b-a600-8966bee8ed8d@group-9A7292F569F3-StateMachineUpdater] INFO  safemode.HealthyPipelineSafeModeRule (HealthyPipelineSafeModeRule.java:initializeRule(152)) - Refreshed total pipeline count is 0, healthy pipeline threshold count is 1
2022-04-28 13:46:56,139 [EventQueue-OpenPipelineForHealthyPipelineSafeModeRule] INFO  safemode.SCMSafeModeManager (HealthyPipelineSafeModeRule.java:process(124)) - SCM in safe mode. Healthy pipelines reported count is 0, required healthy pipeline reported count is 1
2022-04-28 13:46:56,151 [pool-374-thread-1] INFO  server.RaftServerConfigKeys (ConfUtils.java:logGet(44)) - raft.server.snapshot.auto.trigger.enabled = true (custom)
2022-04-28 13:46:56,151 [pool-374-thread-1] INFO  server.RaftServerConfigKeys (ConfUtils.java:logGet(44)) - raft.server.snapshot.auto.trigger.threshold = 10000 (custom)
2022-04-28 13:46:56,151 [pool-374-thread-1] INFO  server.RaftServerConfigKeys (ConfUtils.java:logGet(44)) - raft.server.snapshot.retention.file.num = 5 (custom)
2022-04-28 13:46:56,151 [pool-374-thread-1] INFO  server.RaftServerConfigKeys (ConfUtils.java:logGet(44)) - raft.server.log.purge.upto.snapshot.index = false (default)
2022-04-28 13:46:56,151 [pool-374-thread-1] INFO  server.RaftServerConfigKeys (ConfUtils.java:logGet(44)) - raft.server.retrycache.expirytime = 600000ms (custom)
2022-04-28 13:46:56,151 [pool-374-thread-1] INFO  server.RaftServerConfigKeys (ConfUtils.java:logGet(44)) - raft.server.retrycache.statistics.expirytime = 100μs (default)
2022-04-28 13:46:56,152 [pool-374-thread-1] INFO  server.RaftServer$Division (RaftServerImpl.java:start(301)) - 5b824b54-a886-40a6-8fd7-e73a2bee4a5c@group-AED03B798454: start as a follower, conf=-1: [5b824b54-a886-40a6-8fd7-e73a2bee4a5c|rpc:10.1.0.6:43771|priority:1], old=null
2022-04-28 13:46:56,152 [pool-374-thread-1] INFO  server.RaftServer$Division (RaftServerImpl.java:setRole(290)) - 5b824b54-a886-40a6-8fd7-e73a2bee4a5c@group-AED03B798454: changes role from      null to FOLLOWER at term 0 for startAsFollower
2022-04-28 13:46:56,152 [pool-374-thread-1] INFO  impl.RoleInfo (RoleInfo.java:updateAndGet(130)) - 5b824b54-a886-40a6-8fd7-e73a2bee4a5c: start 5b824b54-a886-40a6-8fd7-e73a2bee4a5c@group-AED03B798454-FollowerState
2022-04-28 13:46:56,191 [pool-374-thread-1] INFO  util.JmxRegister (JmxRegister.java:tryRegister(44)) - Successfully registered JMX Bean with object name Ratis:service=RaftServer,group=group-AED03B798454,id=5b824b54-a886-40a6-8fd7-e73a2bee4a5c
2022-04-28 13:46:56,200 [Command processor thread] INFO  ratis.XceiverServerRatis (XceiverServerRatis.java:addGroup(765)) - Created group PipelineID=5ad5e940-2891-47b2-8b45-aed03b798454
2022-04-28 13:46:56,200 [Command processor thread] INFO  commandhandler.CreatePipelineCommandHandler (CreatePipelineCommandHandler.java:handle(113)) - Created Pipeline RATIS ONE PipelineID=5ad5e940-2891-47b2-8b45-aed03b798454.
2022-04-28 13:46:56,296 [Listener at 127.0.0.1/39257] INFO  ozone.MiniOzoneClusterImpl (MiniOzoneClusterImpl.java:lambda$waitForClusterToBeReady$0(221)) - Nodes are ready. Got 7 of 7 DN Heartbeats.
2022-04-28 13:46:56,297 [Listener at 127.0.0.1/39257] INFO  ozone.MiniOzoneClusterImpl (MiniOzoneClusterImpl.java:lambda$waitForClusterToBeReady$0(224)) - Waiting for cluster to exit safe mode
2022-04-28 13:46:56,297 [Listener at 127.0.0.1/39257] INFO  ozone.MiniOzoneClusterImpl (MiniOzoneClusterImpl.java:lambda$waitForClusterToBeReady$0(226)) - SCM became leader
2022-04-28 13:46:56,846 [Command processor thread] INFO  server.RaftServer (RaftServerProxy.java:addNew(95)) - 0f8914ae-8a7a-42c5-8d1b-d8caec49e59b: addNew group-E490289E23BB:[0f8914ae-8a7a-42c5-8d1b-d8caec49e59b|rpc:10.1.0.6:36085|priority:1] returns group-E490289E23BB:java.util.concurrent.CompletableFuture@37dde9a6[Not completed]
2022-04-28 13:46:56,847 [pool-395-thread-1] INFO  server.RaftServer$Division (RaftServerImpl.java:<init>(184)) - 0f8914ae-8a7a-42c5-8d1b-d8caec49e59b: new RaftServerImpl for group-E490289E23BB:[0f8914ae-8a7a-42c5-8d1b-d8caec49e59b|rpc:10.1.0.6:36085|priority:1] with ContainerStateMachine:uninitialized
2022-04-28 13:46:56,847 [pool-395-thread-1] INFO  server.RaftServerConfigKeys (ConfUtils.java:logGet(44)) - raft.server.rpc.timeout.min = 5s (custom)
2022-04-28 13:46:56,847 [pool-395-thread-1] INFO  server.RaftServerConfigKeys (ConfUtils.java:logGet(44)) - raft.server.rpc.timeout.max = 5200ms (custom)
2022-04-28 13:46:56,847 [pool-395-thread-1] INFO  server.RaftServerConfigKeys (ConfUtils.java:logGet(44)) - raft.server.rpc.sleep.time = 25ms (default)
2022-04-28 13:46:56,847 [pool-395-thread-1] INFO  server.RaftServerConfigKeys (ConfUtils.java:logGet(44)) - raft.server.rpc.slowness.timeout = 300000ms (custom)
2022-04-28 13:46:56,847 [pool-395-thread-1] INFO  server.RaftServerConfigKeys (ConfUtils.java:logGet(44)) - raft.server.leaderelection.leader.step-down.wait-time = 10s (default)
2022-04-28 13:46:56,847 [pool-395-thread-1] INFO  server.RaftServerConfigKeys (ConfUtils.java:logGet(44)) - raft.server.sleep.deviation.threshold = 300ms (default)
2022-04-28 13:46:56,847 [pool-395-thread-1] INFO  server.RaftServerConfigKeys (ConfUtils.java:logGet(44)) - raft.server.log.appender.install.snapshot.enabled = false (custom)
2022-04-28 13:46:56,847 [pool-395-thread-1] INFO  server.RaftServer$Division (ServerState.java:<init>(105)) - 0f8914ae-8a7a-42c5-8d1b-d8caec49e59b@group-E490289E23BB: ConfigurationManager, init=-1: [0f8914ae-8a7a-42c5-8d1b-d8caec49e59b|rpc:10.1.0.6:36085|priority:1], old=null, confs=<EMPTY_MAP>
2022-04-28 13:46:56,847 [pool-395-thread-1] INFO  server.RaftServerConfigKeys (ConfUtils.java:logGet(44)) - raft.server.storage.dir = [/home/runner/work/ozone/ozone/hadoop-ozone/integration-test/target/test-dir/MiniOzoneClusterImpl-b83af172-7a36-4ee1-b1b1-9a7292f569f3/datanode-5/data/ratis] (custom)
2022-04-28 13:46:56,848 [pool-395-thread-1] INFO  server.RaftServerConfigKeys (ConfUtils.java:logGet(44)) - raft.server.log.corruption.policy = EXCEPTION (default)
2022-04-28 13:46:56,848 [pool-395-thread-1] INFO  server.RaftServerConfigKeys (ConfUtils.java:logGet(44)) - raft.server.storage.free-space.min = 0MB (=0) (default)
2022-04-28 13:46:56,848 [pool-395-thread-1] INFO  storage.RaftStorageDirectory (RaftStorageDirectoryImpl.java:analyzeStorage(135)) - The storage directory /home/runner/work/ozone/ozone/hadoop-ozone/integration-test/target/test-dir/MiniOzoneClusterImpl-b83af172-7a36-4ee1-b1b1-9a7292f569f3/datanode-5/data/ratis/8d75ee49-8cc1-475d-a5da-e490289e23bb does not exist. Creating ...
2022-04-28 13:46:56,849 [pool-395-thread-1] INFO  storage.RaftStorageDirectory (RaftStorageDirectoryImpl.java:tryLock(230)) - Lock on /home/runner/work/ozone/ozone/hadoop-ozone/integration-test/target/test-dir/MiniOzoneClusterImpl-b83af172-7a36-4ee1-b1b1-9a7292f569f3/datanode-5/data/ratis/8d75ee49-8cc1-475d-a5da-e490289e23bb/in_use.lock acquired by nodename 9841@fv-az294-869
2022-04-28 13:46:56,850 [pool-395-thread-1] INFO  storage.RaftStorage (RaftStorageImpl.java:format(89)) - Storage directory /home/runner/work/ozone/ozone/hadoop-ozone/integration-test/target/test-dir/MiniOzoneClusterImpl-b83af172-7a36-4ee1-b1b1-9a7292f569f3/datanode-5/data/ratis/8d75ee49-8cc1-475d-a5da-e490289e23bb has been successfully formatted.
2022-04-28 13:46:56,850 [pool-395-thread-1] INFO  ratis.ContainerStateMachine (ContainerStateMachine.java:loadSnapshot(236)) - group-E490289E23BB: The snapshot info is null. Setting the last applied indexto:(t:0, i:~)
2022-04-28 13:46:56,850 [pool-395-thread-1] INFO  server.RaftServerConfigKeys (ConfUtils.java:logGet(44)) - raft.server.notification.no-leader.timeout = 300000ms (custom)
2022-04-28 13:46:56,851 [pool-395-thread-1] INFO  server.RaftServerConfigKeys (ConfUtils.java:logGet(44)) - raft.server.log.use.memory = false (default)
2022-04-28 13:46:56,851 [pool-395-thread-1] INFO  server.RaftServerConfigKeys (ConfUtils.java:logGet(44)) - raft.server.log.purge.gap = 1000000 (custom)
2022-04-28 13:46:56,851 [pool-395-thread-1] INFO  server.RaftServerConfigKeys (ConfUtils.java:logGet(44)) - raft.server.log.appender.buffer.byte-limit = 33554432 (custom)
2022-04-28 13:46:56,851 [pool-395-thread-1] INFO  server.RaftServerConfigKeys (ConfUtils.java:logGet(44)) - raft.server.log.segment.size.max = 1048576 (custom)
2022-04-28 13:46:56,851 [pool-395-thread-1] INFO  server.RaftServerConfigKeys (ConfUtils.java:logGet(44)) - raft.server.log.segment.cache.num.max = 2 (custom)
2022-04-28 13:46:56,851 [pool-395-thread-1] INFO  server.RaftServerConfigKeys (ConfUtils.java:logGet(44)) - raft.server.log.segment.cache.size.max = 200MB (=209715200) (default)
2022-04-28 13:46:56,851 [pool-395-thread-1] INFO  segmented.SegmentedRaftLogWorker (SegmentedRaftLogWorker.java:<init>(182)) - new 0f8914ae-8a7a-42c5-8d1b-d8caec49e59b@group-E490289E23BB-SegmentedRaftLogWorker for RaftStorageImpl:Storage Directory /home/runner/work/ozone/ozone/hadoop-ozone/integration-test/target/test-dir/MiniOzoneClusterImpl-b83af172-7a36-4ee1-b1b1-9a7292f569f3/datanode-5/data/ratis/8d75ee49-8cc1-475d-a5da-e490289e23bb
2022-04-28 13:46:56,851 [pool-395-thread-1] INFO  server.RaftServerConfigKeys (ConfUtils.java:logGet(44)) - raft.server.log.queue.byte-limit = 4294967296 (custom)
2022-04-28 13:46:56,851 [pool-395-thread-1] INFO  server.RaftServerConfigKeys (ConfUtils.java:logGet(44)) - raft.server.log.queue.element-limit = 1024 (custom)
2022-04-28 13:46:56,851 [pool-395-thread-1] INFO  server.RaftServerConfigKeys (ConfUtils.java:logGet(44)) - raft.server.log.segment.size.max = 1048576 (custom)
2022-04-28 13:46:56,851 [pool-395-thread-1] INFO  server.RaftServerConfigKeys (ConfUtils.java:logGet(44)) - raft.server.log.preallocated.size = 16384 (custom)
2022-04-28 13:46:56,851 [pool-395-thread-1] INFO  server.RaftServerConfigKeys (ConfUtils.java:logGet(44)) - raft.server.log.force.sync.num = 128 (default)
2022-04-28 13:46:56,851 [pool-395-thread-1] INFO  server.RaftServerConfigKeys (ConfUtils.java:logGet(44)) - raft.server.log.statemachine.data.sync = true (default)
2022-04-28 13:46:56,852 [pool-395-thread-1] INFO  server.RaftServerConfigKeys (ConfUtils.java:logGet(44)) - raft.server.log.statemachine.data.sync.timeout = 10s (default)
2022-04-28 13:46:56,852 [pool-395-thread-1] INFO  server.RaftServerConfigKeys (ConfUtils.java:logGet(44)) - raft.server.log.statemachine.data.sync.timeout.retry = -1 (default)
2022-04-28 13:46:56,852 [EventQueue-PipelineReportForPipelineReportHandler] INFO  pipeline.PipelineManagerImpl (PipelineManagerImpl.java:openPipeline(328)) - Pipeline Pipeline[ Id: 8d75ee49-8cc1-475d-a5da-e490289e23bb, Nodes: 0f8914ae-8a7a-42c5-8d1b-d8caec49e59b{ip: 10.1.0.6, host: fv-az294-869.eaanfquahm5ulb5tj050gcxych.jx.internal.cloudapp.net, ports: [REPLICATION=43375, RATIS=36085, RATIS_ADMIN=36085, RATIS_SERVER=36085, STANDALONE=42911], networkLocation: /default-rack, certSerialId: null, persistedOpState: IN_SERVICE, persistedOpStateExpiryEpochSec: 0}, ReplicationConfig: RATIS/ONE, State:ALLOCATED, leaderId:0f8914ae-8a7a-42c5-8d1b-d8caec49e59b, CreationTimestamp2022-04-28T13:46:53.848Z[Etc/UTC]] moved to OPEN state
2022-04-28 13:46:56,852 [pool-395-thread-1] INFO  server.RaftServerConfigKeys (ConfUtils.java:logGet(44)) - raft.server.log.write.buffer.size = 1048576 (custom)
2022-04-28 13:46:56,853 [pool-395-thread-1] INFO  server.RaftServerConfigKeys (ConfUtils.java:logGet(44)) - raft.server.log.statemachine.data.caching.enabled = true (custom)
2022-04-28 13:46:56,853 [pool-395-thread-1] INFO  segmented.SegmentedRaftLogWorker (SegmentedRaftLogWorker.java:lambda$new$0(133)) - 0f8914ae-8a7a-42c5-8d1b-d8caec49e59b@group-E490289E23BB-SegmentedRaftLogWorker: flushIndex: setUnconditionally 0 -> -1
2022-04-28 13:46:56,854 [002018de-f8db-4c7b-a600-8966bee8ed8d@group-9A7292F569F3-StateMachineUpdater] INFO  safemode.HealthyPipelineSafeModeRule (HealthyPipelineSafeModeRule.java:initializeRule(152)) - Refreshed total pipeline count is 0, healthy pipeline threshold count is 1
2022-04-28 13:46:56,858 [EventQueue-OpenPipelineForHealthyPipelineSafeModeRule] INFO  safemode.SCMSafeModeManager (HealthyPipelineSafeModeRule.java:process(124)) - SCM in safe mode. Healthy pipelines reported count is 0, required healthy pipeline reported count is 1
2022-04-28 13:46:56,858 [pool-395-thread-1] INFO  segmented.SegmentedRaftLogWorker (SegmentedRaftLogWorker.java:lambda$new$0(133)) - 0f8914ae-8a7a-42c5-8d1b-d8caec49e59b@group-E490289E23BB-SegmentedRaftLogWorker: safeCacheEvictIndex: setUnconditionally 0 -> -1
2022-04-28 13:46:56,862 [pool-395-thread-1] INFO  server.RaftServerConfigKeys (ConfUtils.java:logGet(44)) - raft.server.snapshot.auto.trigger.enabled = true (custom)
2022-04-28 13:46:56,862 [pool-395-thread-1] INFO  server.RaftServerConfigKeys (ConfUtils.java:logGet(44)) - raft.server.snapshot.auto.trigger.threshold = 10000 (custom)
2022-04-28 13:46:56,862 [pool-395-thread-1] INFO  server.RaftServerConfigKeys (ConfUtils.java:logGet(44)) - raft.server.snapshot.retention.file.num = 5 (custom)
2022-04-28 13:46:56,862 [pool-395-thread-1] INFO  server.RaftServerConfigKeys (ConfUtils.java:logGet(44)) - raft.server.log.purge.upto.snapshot.index = false (default)
2022-04-28 13:46:56,862 [pool-395-thread-1] INFO  server.RaftServerConfigKeys (ConfUtils.java:logGet(44)) - raft.server.retrycache.expirytime = 600000ms (custom)
2022-04-28 13:46:56,862 [pool-395-thread-1] INFO  server.RaftServerConfigKeys (ConfUtils.java:logGet(44)) - raft.server.retrycache.statistics.expirytime = 100μs (default)
2022-04-28 13:46:56,863 [pool-395-thread-1] INFO  server.RaftServer$Division (RaftServerImpl.java:start(301)) - 0f8914ae-8a7a-42c5-8d1b-d8caec49e59b@group-E490289E23BB: start as a follower, conf=-1: [0f8914ae-8a7a-42c5-8d1b-d8caec49e59b|rpc:10.1.0.6:36085|priority:1], old=null
2022-04-28 13:46:56,863 [pool-395-thread-1] INFO  server.RaftServer$Division (RaftServerImpl.java:setRole(290)) - 0f8914ae-8a7a-42c5-8d1b-d8caec49e59b@group-E490289E23BB: changes role from      null to FOLLOWER at term 0 for startAsFollower
2022-04-28 13:46:56,863 [pool-395-thread-1] INFO  impl.RoleInfo (RoleInfo.java:updateAndGet(130)) - 0f8914ae-8a7a-42c5-8d1b-d8caec49e59b: start 0f8914ae-8a7a-42c5-8d1b-d8caec49e59b@group-E490289E23BB-FollowerState
2022-04-28 13:46:56,864 [pool-395-thread-1] INFO  util.JmxRegister (JmxRegister.java:tryRegister(44)) - Successfully registered JMX Bean with object name Ratis:service=RaftServer,group=group-E490289E23BB,id=0f8914ae-8a7a-42c5-8d1b-d8caec49e59b
2022-04-28 13:46:56,864 [Command processor thread] INFO  ratis.XceiverServerRatis (XceiverServerRatis.java:addGroup(765)) - Created group PipelineID=8d75ee49-8cc1-475d-a5da-e490289e23bb
2022-04-28 13:46:56,864 [Command processor thread] INFO  commandhandler.CreatePipelineCommandHandler (CreatePipelineCommandHandler.java:handle(113)) - Created Pipeline RATIS ONE PipelineID=8d75ee49-8cc1-475d-a5da-e490289e23bb.
2022-04-28 13:46:57,297 [Listener at 127.0.0.1/39257] INFO  ozone.MiniOzoneClusterImpl (MiniOzoneClusterImpl.java:lambda$waitForClusterToBeReady$0(221)) - Nodes are ready. Got 7 of 7 DN Heartbeats.
2022-04-28 13:46:57,297 [Listener at 127.0.0.1/39257] INFO  ozone.MiniOzoneClusterImpl (MiniOzoneClusterImpl.java:lambda$waitForClusterToBeReady$0(224)) - Waiting for cluster to exit safe mode
2022-04-28 13:46:57,297 [Listener at 127.0.0.1/39257] INFO  ozone.MiniOzoneClusterImpl (MiniOzoneClusterImpl.java:lambda$waitForClusterToBeReady$0(226)) - SCM became leader
2022-04-28 13:46:57,345 [Command processor thread] INFO  server.RaftServer (RaftServerProxy.java:addNew(95)) - 8b9e3e84-a08a-404f-8d97-9d84e294535b: addNew group-D2D827DEAF3B:[8b9e3e84-a08a-404f-8d97-9d84e294535b|rpc:10.1.0.6:42451|priority:1] returns group-D2D827DEAF3B:java.util.concurrent.CompletableFuture@478c7f3e[Not completed]
2022-04-28 13:46:57,350 [pool-416-thread-1] INFO  server.RaftServer$Division (RaftServerImpl.java:<init>(184)) - 8b9e3e84-a08a-404f-8d97-9d84e294535b: new RaftServerImpl for group-D2D827DEAF3B:[8b9e3e84-a08a-404f-8d97-9d84e294535b|rpc:10.1.0.6:42451|priority:1] with ContainerStateMachine:uninitialized
2022-04-28 13:46:57,350 [pool-416-thread-1] INFO  server.RaftServerConfigKeys (ConfUtils.java:logGet(44)) - raft.server.rpc.timeout.min = 5s (custom)
2022-04-28 13:46:57,350 [pool-416-thread-1] INFO  server.RaftServerConfigKeys (ConfUtils.java:logGet(44)) - raft.server.rpc.timeout.max = 5200ms (custom)
2022-04-28 13:46:57,350 [pool-416-thread-1] INFO  server.RaftServerConfigKeys (ConfUtils.java:logGet(44)) - raft.server.rpc.sleep.time = 25ms (default)
2022-04-28 13:46:57,350 [pool-416-thread-1] INFO  server.RaftServerConfigKeys (ConfUtils.java:logGet(44)) - raft.server.rpc.slowness.timeout = 300000ms (custom)
2022-04-28 13:46:57,350 [pool-416-thread-1] INFO  server.RaftServerConfigKeys (ConfUtils.java:logGet(44)) - raft.server.leaderelection.leader.step-down.wait-time = 10s (default)
2022-04-28 13:46:57,350 [pool-416-thread-1] INFO  server.RaftServerConfigKeys (ConfUtils.java:logGet(44)) - raft.server.sleep.deviation.threshold = 300ms (default)
2022-04-28 13:46:57,350 [pool-416-thread-1] INFO  server.RaftServerConfigKeys (ConfUtils.java:logGet(44)) - raft.server.log.appender.install.snapshot.enabled = false (custom)
2022-04-28 13:46:57,350 [pool-416-thread-1] INFO  server.RaftServer$Division (ServerState.java:<init>(105)) - 8b9e3e84-a08a-404f-8d97-9d84e294535b@group-D2D827DEAF3B: ConfigurationManager, init=-1: [8b9e3e84-a08a-404f-8d97-9d84e294535b|rpc:10.1.0.6:42451|priority:1], old=null, confs=<EMPTY_MAP>
2022-04-28 13:46:57,350 [pool-416-thread-1] INFO  server.RaftServerConfigKeys (ConfUtils.java:logGet(44)) - raft.server.storage.dir = [/home/runner/work/ozone/ozone/hadoop-ozone/integration-test/target/test-dir/MiniOzoneClusterImpl-b83af172-7a36-4ee1-b1b1-9a7292f569f3/datanode-6/data/ratis] (custom)
2022-04-28 13:46:57,350 [pool-416-thread-1] INFO  server.RaftServerConfigKeys (ConfUtils.java:logGet(44)) - raft.server.log.corruption.policy = EXCEPTION (default)
2022-04-28 13:46:57,350 [pool-416-thread-1] INFO  server.RaftServerConfigKeys (ConfUtils.java:logGet(44)) - raft.server.storage.free-space.min = 0MB (=0) (default)
2022-04-28 13:46:57,351 [pool-416-thread-1] INFO  storage.RaftStorageDirectory (RaftStorageDirectoryImpl.java:analyzeStorage(135)) - The storage directory /home/runner/work/ozone/ozone/hadoop-ozone/integration-test/target/test-dir/MiniOzoneClusterImpl-b83af172-7a36-4ee1-b1b1-9a7292f569f3/datanode-6/data/ratis/2c9ead6e-c2fe-4efc-9d79-d2d827deaf3b does not exist. Creating ...
2022-04-28 13:46:57,364 [pool-416-thread-1] INFO  storage.RaftStorageDirectory (RaftStorageDirectoryImpl.java:tryLock(230)) - Lock on /home/runner/work/ozone/ozone/hadoop-ozone/integration-test/target/test-dir/MiniOzoneClusterImpl-b83af172-7a36-4ee1-b1b1-9a7292f569f3/datanode-6/data/ratis/2c9ead6e-c2fe-4efc-9d79-d2d827deaf3b/in_use.lock acquired by nodename 9841@fv-az294-869
2022-04-28 13:46:57,368 [pool-416-thread-1] INFO  storage.RaftStorage (RaftStorageImpl.java:format(89)) - Storage directory /home/runner/work/ozone/ozone/hadoop-ozone/integration-test/target/test-dir/MiniOzoneClusterImpl-b83af172-7a36-4ee1-b1b1-9a7292f569f3/datanode-6/data/ratis/2c9ead6e-c2fe-4efc-9d79-d2d827deaf3b has been successfully formatted.
2022-04-28 13:46:57,373 [pool-416-thread-1] INFO  ratis.ContainerStateMachine (ContainerStateMachine.java:loadSnapshot(236)) - group-D2D827DEAF3B: The snapshot info is null. Setting the last applied indexto:(t:0, i:~)
2022-04-28 13:46:57,375 [pool-416-thread-1] INFO  server.RaftServerConfigKeys (ConfUtils.java:logGet(44)) - raft.server.notification.no-leader.timeout = 300000ms (custom)
2022-04-28 13:46:57,375 [pool-416-thread-1] INFO  server.RaftServerConfigKeys (ConfUtils.java:logGet(44)) - raft.server.log.use.memory = false (default)
2022-04-28 13:46:57,375 [EventQueue-PipelineReportForPipelineReportHandler] INFO  pipeline.PipelineManagerImpl (PipelineManagerImpl.java:openPipeline(328)) - Pipeline Pipeline[ Id: 2c9ead6e-c2fe-4efc-9d79-d2d827deaf3b, Nodes: 8b9e3e84-a08a-404f-8d97-9d84e294535b{ip: 10.1.0.6, host: fv-az294-869.eaanfquahm5ulb5tj050gcxych.jx.internal.cloudapp.net, ports: [REPLICATION=33295, RATIS=42451, RATIS_ADMIN=42451, RATIS_SERVER=42451, STANDALONE=34683], networkLocation: /default-rack, certSerialId: null, persistedOpState: IN_SERVICE, persistedOpStateExpiryEpochSec: 0}, ReplicationConfig: RATIS/ONE, State:ALLOCATED, leaderId:8b9e3e84-a08a-404f-8d97-9d84e294535b, CreationTimestamp2022-04-28T13:46:54.345Z[Etc/UTC]] moved to OPEN state
2022-04-28 13:46:57,382 [002018de-f8db-4c7b-a600-8966bee8ed8d@group-9A7292F569F3-StateMachineUpdater] INFO  safemode.HealthyPipelineSafeModeRule (HealthyPipelineSafeModeRule.java:initializeRule(152)) - Refreshed total pipeline count is 0, healthy pipeline threshold count is 1
2022-04-28 13:46:57,383 [EventQueue-OpenPipelineForHealthyPipelineSafeModeRule] INFO  safemode.SCMSafeModeManager (HealthyPipelineSafeModeRule.java:process(124)) - SCM in safe mode. Healthy pipelines reported count is 0, required healthy pipeline reported count is 1
2022-04-28 13:46:57,383 [pool-416-thread-1] INFO  server.RaftServerConfigKeys (ConfUtils.java:logGet(44)) - raft.server.log.purge.gap = 1000000 (custom)
2022-04-28 13:46:57,384 [pool-416-thread-1] INFO  server.RaftServerConfigKeys (ConfUtils.java:logGet(44)) - raft.server.log.appender.buffer.byte-limit = 33554432 (custom)
2022-04-28 13:46:57,384 [pool-416-thread-1] INFO  server.RaftServerConfigKeys (ConfUtils.java:logGet(44)) - raft.server.log.segment.size.max = 1048576 (custom)
2022-04-28 13:46:57,385 [pool-416-thread-1] INFO  server.RaftServerConfigKeys (ConfUtils.java:logGet(44)) - raft.server.log.segment.cache.num.max = 2 (custom)
2022-04-28 13:46:57,385 [pool-416-thread-1] INFO  server.RaftServerConfigKeys (ConfUtils.java:logGet(44)) - raft.server.log.segment.cache.size.max = 200MB (=209715200) (default)
2022-04-28 13:46:57,385 [pool-416-thread-1] INFO  segmented.SegmentedRaftLogWorker (SegmentedRaftLogWorker.java:<init>(182)) - new 8b9e3e84-a08a-404f-8d97-9d84e294535b@group-D2D827DEAF3B-SegmentedRaftLogWorker for RaftStorageImpl:Storage Directory /home/runner/work/ozone/ozone/hadoop-ozone/integration-test/target/test-dir/MiniOzoneClusterImpl-b83af172-7a36-4ee1-b1b1-9a7292f569f3/datanode-6/data/ratis/2c9ead6e-c2fe-4efc-9d79-d2d827deaf3b
2022-04-28 13:46:57,385 [pool-416-thread-1] INFO  server.RaftServerConfigKeys (ConfUtils.java:logGet(44)) - raft.server.log.queue.byte-limit = 4294967296 (custom)
2022-04-28 13:46:57,385 [pool-416-thread-1] INFO  server.RaftServerConfigKeys (ConfUtils.java:logGet(44)) - raft.server.log.queue.element-limit = 1024 (custom)
2022-04-28 13:46:57,398 [pool-416-thread-1] INFO  server.RaftServerConfigKeys (ConfUtils.java:logGet(44)) - raft.server.log.segment.size.max = 1048576 (custom)
2022-04-28 13:46:57,398 [pool-416-thread-1] INFO  server.RaftServerConfigKeys (ConfUtils.java:logGet(44)) - raft.server.log.preallocated.size = 16384 (custom)
2022-04-28 13:46:57,398 [pool-416-thread-1] INFO  server.RaftServerConfigKeys (ConfUtils.java:logGet(44)) - raft.server.log.force.sync.num = 128 (default)
2022-04-28 13:46:57,398 [pool-416-thread-1] INFO  server.RaftServerConfigKeys (ConfUtils.java:logGet(44)) - raft.server.log.statemachine.data.sync = true (default)
2022-04-28 13:46:57,398 [pool-416-thread-1] INFO  server.RaftServerConfigKeys (ConfUtils.java:logGet(44)) - raft.server.log.statemachine.data.sync.timeout = 10s (default)
2022-04-28 13:46:57,398 [pool-416-thread-1] INFO  server.RaftServerConfigKeys (ConfUtils.java:logGet(44)) - raft.server.log.statemachine.data.sync.timeout.retry = -1 (default)
2022-04-28 13:46:57,401 [pool-416-thread-1] INFO  server.RaftServerConfigKeys (ConfUtils.java:logGet(44)) - raft.server.log.write.buffer.size = 1048576 (custom)
2022-04-28 13:46:57,402 [pool-416-thread-1] INFO  server.RaftServerConfigKeys (ConfUtils.java:logGet(44)) - raft.server.log.statemachine.data.caching.enabled = true (custom)
2022-04-28 13:46:57,402 [pool-416-thread-1] INFO  segmented.SegmentedRaftLogWorker (SegmentedRaftLogWorker.java:lambda$new$0(133)) - 8b9e3e84-a08a-404f-8d97-9d84e294535b@group-D2D827DEAF3B-SegmentedRaftLogWorker: flushIndex: setUnconditionally 0 -> -1
2022-04-28 13:46:57,402 [pool-416-thread-1] INFO  segmented.SegmentedRaftLogWorker (SegmentedRaftLogWorker.java:lambda$new$0(133)) - 8b9e3e84-a08a-404f-8d97-9d84e294535b@group-D2D827DEAF3B-SegmentedRaftLogWorker: safeCacheEvictIndex: setUnconditionally 0 -> -1
2022-04-28 13:46:57,403 [pool-416-thread-1] INFO  server.RaftServerConfigKeys (ConfUtils.java:logGet(44)) - raft.server.snapshot.auto.trigger.enabled = true (custom)
2022-04-28 13:46:57,403 [pool-416-thread-1] INFO  server.RaftServerConfigKeys (ConfUtils.java:logGet(44)) - raft.server.snapshot.auto.trigger.threshold = 10000 (custom)
2022-04-28 13:46:57,403 [pool-416-thread-1] INFO  server.RaftServerConfigKeys (ConfUtils.java:logGet(44)) - raft.server.snapshot.retention.file.num = 5 (custom)
2022-04-28 13:46:57,403 [pool-416-thread-1] INFO  server.RaftServerConfigKeys (ConfUtils.java:logGet(44)) - raft.server.log.purge.upto.snapshot.index = false (default)
2022-04-28 13:46:57,403 [pool-416-thread-1] INFO  server.RaftServerConfigKeys (ConfUtils.java:logGet(44)) - raft.server.retrycache.expirytime = 600000ms (custom)
2022-04-28 13:46:57,403 [pool-416-thread-1] INFO  server.RaftServerConfigKeys (ConfUtils.java:logGet(44)) - raft.server.retrycache.statistics.expirytime = 100μs (default)
2022-04-28 13:46:57,406 [pool-416-thread-1] INFO  server.RaftServer$Division (RaftServerImpl.java:start(301)) - 8b9e3e84-a08a-404f-8d97-9d84e294535b@group-D2D827DEAF3B: start as a follower, conf=-1: [8b9e3e84-a08a-404f-8d97-9d84e294535b|rpc:10.1.0.6:42451|priority:1], old=null
2022-04-28 13:46:57,406 [pool-416-thread-1] INFO  server.RaftServer$Division (RaftServerImpl.java:setRole(290)) - 8b9e3e84-a08a-404f-8d97-9d84e294535b@group-D2D827DEAF3B: changes role from      null to FOLLOWER at term 0 for startAsFollower
2022-04-28 13:46:57,406 [pool-416-thread-1] INFO  impl.RoleInfo (RoleInfo.java:updateAndGet(130)) - 8b9e3e84-a08a-404f-8d97-9d84e294535b: start 8b9e3e84-a08a-404f-8d97-9d84e294535b@group-D2D827DEAF3B-FollowerState
2022-04-28 13:46:57,407 [pool-416-thread-1] INFO  util.JmxRegister (JmxRegister.java:tryRegister(44)) - Successfully registered JMX Bean with object name Ratis:service=RaftServer,group=group-D2D827DEAF3B,id=8b9e3e84-a08a-404f-8d97-9d84e294535b
2022-04-28 13:46:57,408 [Command processor thread] INFO  ratis.XceiverServerRatis (XceiverServerRatis.java:addGroup(765)) - Created group PipelineID=2c9ead6e-c2fe-4efc-9d79-d2d827deaf3b
2022-04-28 13:46:57,409 [Command processor thread] INFO  commandhandler.CreatePipelineCommandHandler (CreatePipelineCommandHandler.java:handle(113)) - Created Pipeline RATIS ONE PipelineID=2c9ead6e-c2fe-4efc-9d79-d2d827deaf3b.
2022-04-28 13:46:58,299 [Listener at 127.0.0.1/39257] INFO  ozone.MiniOzoneClusterImpl (MiniOzoneClusterImpl.java:lambda$waitForClusterToBeReady$0(221)) - Nodes are ready. Got 7 of 7 DN Heartbeats.
2022-04-28 13:46:58,299 [Listener at 127.0.0.1/39257] INFO  ozone.MiniOzoneClusterImpl (MiniOzoneClusterImpl.java:lambda$waitForClusterToBeReady$0(224)) - Waiting for cluster to exit safe mode
2022-04-28 13:46:58,299 [Listener at 127.0.0.1/39257] INFO  ozone.MiniOzoneClusterImpl (MiniOzoneClusterImpl.java:lambda$waitForClusterToBeReady$0(226)) - SCM became leader
2022-04-28 13:46:58,795 [d6fcb396-7a9b-4335-ba57-70371e8b2173@group-780C64B28498-FollowerState] INFO  impl.FollowerState (FollowerState.java:run(134)) - d6fcb396-7a9b-4335-ba57-70371e8b2173@group-780C64B28498-FollowerState: change to CANDIDATE, lastRpcElapsedTime:5064555411ns, electionTimeout:5063ms
2022-04-28 13:46:58,795 [d6fcb396-7a9b-4335-ba57-70371e8b2173@group-780C64B28498-FollowerState] INFO  impl.RoleInfo (RoleInfo.java:shutdownFollowerState(108)) - d6fcb396-7a9b-4335-ba57-70371e8b2173: shutdown d6fcb396-7a9b-4335-ba57-70371e8b2173@group-780C64B28498-FollowerState
2022-04-28 13:46:58,795 [d6fcb396-7a9b-4335-ba57-70371e8b2173@group-780C64B28498-FollowerState] INFO  server.RaftServer$Division (RaftServerImpl.java:setRole(290)) - d6fcb396-7a9b-4335-ba57-70371e8b2173@group-780C64B28498: changes role from  FOLLOWER to CANDIDATE at term 0 for changeToCandidate
2022-04-28 13:46:58,797 [d6fcb396-7a9b-4335-ba57-70371e8b2173@group-780C64B28498-FollowerState] INFO  server.RaftServerConfigKeys (ConfUtils.java:logGet(44)) - raft.server.leaderelection.pre-vote = false (custom)
2022-04-28 13:46:58,797 [d6fcb396-7a9b-4335-ba57-70371e8b2173@group-780C64B28498-FollowerState] INFO  impl.RoleInfo (RoleInfo.java:updateAndGet(130)) - d6fcb396-7a9b-4335-ba57-70371e8b2173: start d6fcb396-7a9b-4335-ba57-70371e8b2173@group-780C64B28498-LeaderElection40
2022-04-28 13:46:58,817 [d6fcb396-7a9b-4335-ba57-70371e8b2173@group-780C64B28498-LeaderElection40] INFO  impl.LeaderElection (LeaderElection.java:askForVotes(306)) - d6fcb396-7a9b-4335-ba57-70371e8b2173@group-780C64B28498-LeaderElection40 ELECTION round 0: submit vote requests at term 1 for -1: [d6fcb396-7a9b-4335-ba57-70371e8b2173|rpc:10.1.0.6:43147|priority:1], old=null
2022-04-28 13:46:58,818 [d6fcb396-7a9b-4335-ba57-70371e8b2173@group-780C64B28498-LeaderElection40] INFO  impl.LeaderElection (LeaderElection.java:askForVotes(308)) - d6fcb396-7a9b-4335-ba57-70371e8b2173@group-780C64B28498-LeaderElection40 ELECTION round 0: result PASSED (term=1)
2022-04-28 13:46:58,818 [d6fcb396-7a9b-4335-ba57-70371e8b2173@group-780C64B28498-LeaderElection40] INFO  impl.RoleInfo (RoleInfo.java:shutdownLeaderElection(121)) - d6fcb396-7a9b-4335-ba57-70371e8b2173: shutdown d6fcb396-7a9b-4335-ba57-70371e8b2173@group-780C64B28498-LeaderElection40
2022-04-28 13:46:58,818 [d6fcb396-7a9b-4335-ba57-70371e8b2173@group-780C64B28498-LeaderElection40] INFO  server.RaftServer$Division (RaftServerImpl.java:setRole(290)) - d6fcb396-7a9b-4335-ba57-70371e8b2173@group-780C64B28498: changes role from CANDIDATE to LEADER at term 1 for changeToLeader
2022-04-28 13:46:58,818 [d6fcb396-7a9b-4335-ba57-70371e8b2173@group-780C64B28498-LeaderElection40] INFO  ratis.XceiverServerRatis (XceiverServerRatis.java:handleLeaderChangedNotification(863)) - Leader change notification received for group: group-780C64B28498 with new leaderId: d6fcb396-7a9b-4335-ba57-70371e8b2173
2022-04-28 13:46:58,818 [d6fcb396-7a9b-4335-ba57-70371e8b2173@group-780C64B28498-LeaderElection40] INFO  server.RaftServer$Division (ServerState.java:setLeader(285)) - d6fcb396-7a9b-4335-ba57-70371e8b2173@group-780C64B28498: change Leader from null to d6fcb396-7a9b-4335-ba57-70371e8b2173 at term 1 for becomeLeader, leader elected after 5105ms
2022-04-28 13:46:58,818 [d6fcb396-7a9b-4335-ba57-70371e8b2173@group-780C64B28498-LeaderElection40] INFO  server.RaftServerConfigKeys (ConfUtils.java:logGet(44)) - raft.server.staging.catchup.gap = 1000 (default)
2022-04-28 13:46:58,818 [d6fcb396-7a9b-4335-ba57-70371e8b2173@group-780C64B28498-LeaderElection40] INFO  server.RaftServerConfigKeys (ConfUtils.java:logGet(44)) - raft.server.write.element-limit = 1024 (custom)
2022-04-28 13:46:58,818 [d6fcb396-7a9b-4335-ba57-70371e8b2173@group-780C64B28498-LeaderElection40] INFO  server.RaftServerConfigKeys (ConfUtils.java:logGet(44)) - raft.server.write.byte-limit = 1024 M (=1073741824) (custom)
2022-04-28 13:46:58,819 [d6fcb396-7a9b-4335-ba57-70371e8b2173@group-780C64B28498-LeaderElection40] INFO  server.RaftServerConfigKeys (ConfUtils.java:logGet(44)) - raft.server.watch.timeout = 3000ms (custom)
2022-04-28 13:46:58,819 [d6fcb396-7a9b-4335-ba57-70371e8b2173@group-780C64B28498-LeaderElection40] INFO  server.RaftServerConfigKeys (ConfUtils.java:logGet(44)) - raft.server.watch.timeout.denomination = 1s (default)
2022-04-28 13:46:58,819 [d6fcb396-7a9b-4335-ba57-70371e8b2173@group-780C64B28498-LeaderElection40] INFO  server.RaftServerConfigKeys (ConfUtils.java:logGet(44)) - raft.server.watch.element-limit = 65536 (default)
2022-04-28 13:46:58,819 [d6fcb396-7a9b-4335-ba57-70371e8b2173@group-780C64B28498-LeaderElection40] INFO  server.RaftServerConfigKeys (ConfUtils.java:logGet(44)) - raft.server.write.element-limit = 1024 (custom)
2022-04-28 13:46:58,819 [d6fcb396-7a9b-4335-ba57-70371e8b2173@group-780C64B28498-LeaderElection40] INFO  server.RaftServerConfigKeys (ConfUtils.java:logGet(44)) - raft.server.write.follower.gap.ratio.max = -1.0 (default)
2022-04-28 13:46:58,819 [d6fcb396-7a9b-4335-ba57-70371e8b2173@group-780C64B28498-LeaderElection40] INFO  impl.RoleInfo (RoleInfo.java:updateAndGet(130)) - d6fcb396-7a9b-4335-ba57-70371e8b2173: start d6fcb396-7a9b-4335-ba57-70371e8b2173@group-780C64B28498-LeaderStateImpl
2022-04-28 13:46:58,819 [d6fcb396-7a9b-4335-ba57-70371e8b2173@group-780C64B28498-LeaderElection40] INFO  segmented.SegmentedRaftLogWorker (SegmentedRaftLogWorker.java:startLogSegment(394)) - d6fcb396-7a9b-4335-ba57-70371e8b2173@group-780C64B28498-SegmentedRaftLogWorker: Starting segment from index:0
2022-04-28 13:46:58,820 [EventQueue-OpenPipelineForHealthyPipelineSafeModeRule] INFO  safemode.SCMSafeModeManager (HealthyPipelineSafeModeRule.java:process(124)) - SCM in safe mode. Healthy pipelines reported count is 0, required healthy pipeline reported count is 1
2022-04-28 13:46:58,823 [d6fcb396-7a9b-4335-ba57-70371e8b2173@group-780C64B28498-SegmentedRaftLogWorker] INFO  segmented.SegmentedRaftLogWorker (SegmentedRaftLogWorker.java:execute(601)) - d6fcb396-7a9b-4335-ba57-70371e8b2173@group-780C64B28498-SegmentedRaftLogWorker: created new log segment /home/runner/work/ozone/ozone/hadoop-ozone/integration-test/target/test-dir/MiniOzoneClusterImpl-b83af172-7a36-4ee1-b1b1-9a7292f569f3/datanode-0/data/ratis/ab5ad036-3b59-4008-9a1d-780c64b28498/current/log_inprogress_0
2022-04-28 13:46:58,839 [d6fcb396-7a9b-4335-ba57-70371e8b2173@group-780C64B28498-LeaderElection40] INFO  server.RaftServer$Division (ServerState.java:setRaftConf(387)) - d6fcb396-7a9b-4335-ba57-70371e8b2173@group-780C64B28498: set configuration 0: [d6fcb396-7a9b-4335-ba57-70371e8b2173|rpc:10.1.0.6:43147|dataStream:|priority:1], old=null
2022-04-28 13:46:58,842 [d6fcb396-7a9b-4335-ba57-70371e8b2173@group-76FB0BDDFE3B-FollowerState] INFO  impl.FollowerState (FollowerState.java:run(134)) - d6fcb396-7a9b-4335-ba57-70371e8b2173@group-76FB0BDDFE3B-FollowerState: change to CANDIDATE, lastRpcElapsedTime:5086873577ns, electionTimeout:5086ms
2022-04-28 13:46:58,842 [d6fcb396-7a9b-4335-ba57-70371e8b2173@group-76FB0BDDFE3B-FollowerState] INFO  impl.RoleInfo (RoleInfo.java:shutdownFollowerState(108)) - d6fcb396-7a9b-4335-ba57-70371e8b2173: shutdown d6fcb396-7a9b-4335-ba57-70371e8b2173@group-76FB0BDDFE3B-FollowerState
2022-04-28 13:46:58,842 [d6fcb396-7a9b-4335-ba57-70371e8b2173@group-76FB0BDDFE3B-FollowerState] INFO  server.RaftServer$Division (RaftServerImpl.java:setRole(290)) - d6fcb396-7a9b-4335-ba57-70371e8b2173@group-76FB0BDDFE3B: changes role from  FOLLOWER to CANDIDATE at term 0 for changeToCandidate
2022-04-28 13:46:58,842 [d6fcb396-7a9b-4335-ba57-70371e8b2173@group-76FB0BDDFE3B-FollowerState] INFO  server.RaftServerConfigKeys (ConfUtils.java:logGet(44)) - raft.server.leaderelection.pre-vote = false (custom)
2022-04-28 13:46:58,842 [d6fcb396-7a9b-4335-ba57-70371e8b2173@group-76FB0BDDFE3B-FollowerState] INFO  impl.RoleInfo (RoleInfo.java:updateAndGet(130)) - d6fcb396-7a9b-4335-ba57-70371e8b2173: start d6fcb396-7a9b-4335-ba57-70371e8b2173@group-76FB0BDDFE3B-LeaderElection41
2022-04-28 13:46:58,866 [d6fcb396-7a9b-4335-ba57-70371e8b2173@group-76FB0BDDFE3B-LeaderElection41] INFO  impl.LeaderElection (LeaderElection.java:askForVotes(306)) - d6fcb396-7a9b-4335-ba57-70371e8b2173@group-76FB0BDDFE3B-LeaderElection41 ELECTION round 0: submit vote requests at term 1 for -1: [acf0e45f-1346-4d3d-b768-e886253cff70|rpc:10.1.0.6:44375|priority:1, d6fcb396-7a9b-4335-ba57-70371e8b2173|rpc:10.1.0.6:43147|priority:0, 12f93519-ceed-46ee-9151-25937782214d|rpc:10.1.0.6:33231|priority:0], old=null
2022-04-28 13:46:58,875 [grpc-default-executor-0] INFO  server.RaftServer$Division (RaftServerImpl.java:requestVote(1046)) - acf0e45f-1346-4d3d-b768-e886253cff70@group-76FB0BDDFE3B: receive requestVote(ELECTION, d6fcb396-7a9b-4335-ba57-70371e8b2173, group-76FB0BDDFE3B, 1, (t:0, i:0))
2022-04-28 13:46:58,876 [grpc-default-executor-0] INFO  impl.VoteContext (VoteContext.java:log(48)) - acf0e45f-1346-4d3d-b768-e886253cff70@group-76FB0BDDFE3B-FOLLOWER: reject ELECTION from d6fcb396-7a9b-4335-ba57-70371e8b2173: our priority 1 > candidate's priority 0
2022-04-28 13:46:58,876 [grpc-default-executor-0] INFO  server.RaftServer$Division (RaftServerImpl.java:setRole(290)) - acf0e45f-1346-4d3d-b768-e886253cff70@group-76FB0BDDFE3B: changes role from  FOLLOWER to FOLLOWER at term 1 for candidate:d6fcb396-7a9b-4335-ba57-70371e8b2173
2022-04-28 13:46:58,876 [grpc-default-executor-0] INFO  impl.RoleInfo (RoleInfo.java:shutdownFollowerState(108)) - acf0e45f-1346-4d3d-b768-e886253cff70: shutdown acf0e45f-1346-4d3d-b768-e886253cff70@group-76FB0BDDFE3B-FollowerState
2022-04-28 13:46:58,876 [grpc-default-executor-0] INFO  impl.RoleInfo (RoleInfo.java:updateAndGet(130)) - acf0e45f-1346-4d3d-b768-e886253cff70: start acf0e45f-1346-4d3d-b768-e886253cff70@group-76FB0BDDFE3B-FollowerState
2022-04-28 13:46:58,876 [acf0e45f-1346-4d3d-b768-e886253cff70@group-76FB0BDDFE3B-FollowerState] INFO  impl.FollowerState (FollowerState.java:run(143)) - acf0e45f-1346-4d3d-b768-e886253cff70@group-76FB0BDDFE3B-FollowerState was interrupted: {}
java.lang.InterruptedException: sleep interrupted
	at java.lang.Thread.sleep(Native Method)
	at java.lang.Thread.sleep(Thread.java:342)
	at java.util.concurrent.TimeUnit.sleep(TimeUnit.java:386)
	at org.apache.ratis.util.TimeDuration.sleep(TimeDuration.java:324)
	at org.apache.ratis.util.TimeDuration.sleep(TimeDuration.java:309)
	at org.apache.ratis.server.impl.FollowerState.run(FollowerState.java:118)
2022-04-28 13:46:58,905 [grpc-default-executor-0] INFO  server.RaftServer$Division (RaftServerImpl.java:requestVote(1078)) - acf0e45f-1346-4d3d-b768-e886253cff70@group-76FB0BDDFE3B replies to ELECTION vote request: d6fcb396-7a9b-4335-ba57-70371e8b2173<-acf0e45f-1346-4d3d-b768-e886253cff70#0:FAIL-t1. Peer's state: acf0e45f-1346-4d3d-b768-e886253cff70@group-76FB0BDDFE3B:t1, leader=null, voted=null, raftlog=acf0e45f-1346-4d3d-b768-e886253cff70@group-76FB0BDDFE3B-SegmentedRaftLog:OPENED:c-1, conf=-1: [acf0e45f-1346-4d3d-b768-e886253cff70|rpc:10.1.0.6:44375|dataStream:|priority:1, d6fcb396-7a9b-4335-ba57-70371e8b2173|rpc:10.1.0.6:43147|dataStream:|priority:0, 12f93519-ceed-46ee-9151-25937782214d|rpc:10.1.0.6:33231|dataStream:|priority:0], old=null
2022-04-28 13:46:58,909 [grpc-default-executor-2] INFO  server.RaftServer$Division (RaftServerImpl.java:requestVote(1046)) - 12f93519-ceed-46ee-9151-25937782214d@group-76FB0BDDFE3B: receive requestVote(ELECTION, d6fcb396-7a9b-4335-ba57-70371e8b2173, group-76FB0BDDFE3B, 1, (t:0, i:0))
2022-04-28 13:46:58,910 [grpc-default-executor-2] INFO  impl.VoteContext (VoteContext.java:log(48)) - 12f93519-ceed-46ee-9151-25937782214d@group-76FB0BDDFE3B-FOLLOWER: accept ELECTION from d6fcb396-7a9b-4335-ba57-70371e8b2173: our priority 0 <= candidate's priority 0
2022-04-28 13:46:58,910 [grpc-default-executor-2] INFO  server.RaftServer$Division (RaftServerImpl.java:setRole(290)) - 12f93519-ceed-46ee-9151-25937782214d@group-76FB0BDDFE3B: changes role from  FOLLOWER to FOLLOWER at term 1 for candidate:d6fcb396-7a9b-4335-ba57-70371e8b2173
2022-04-28 13:46:58,910 [grpc-default-executor-2] INFO  impl.RoleInfo (RoleInfo.java:shutdownFollowerState(108)) - 12f93519-ceed-46ee-9151-25937782214d: shutdown 12f93519-ceed-46ee-9151-25937782214d@group-76FB0BDDFE3B-FollowerState
2022-04-28 13:46:58,910 [grpc-default-executor-2] INFO  impl.RoleInfo (RoleInfo.java:updateAndGet(130)) - 12f93519-ceed-46ee-9151-25937782214d: start 12f93519-ceed-46ee-9151-25937782214d@group-76FB0BDDFE3B-FollowerState
2022-04-28 13:46:58,910 [12f93519-ceed-46ee-9151-25937782214d@group-76FB0BDDFE3B-FollowerState] INFO  impl.FollowerState (FollowerState.java:run(143)) - 12f93519-ceed-46ee-9151-25937782214d@group-76FB0BDDFE3B-FollowerState was interrupted: {}
java.lang.InterruptedException: sleep interrupted
	at java.lang.Thread.sleep(Native Method)
	at java.lang.Thread.sleep(Thread.java:342)
	at java.util.concurrent.TimeUnit.sleep(TimeUnit.java:386)
	at org.apache.ratis.util.TimeDuration.sleep(TimeDuration.java:324)
	at org.apache.ratis.util.TimeDuration.sleep(TimeDuration.java:309)
	at org.apache.ratis.server.impl.FollowerState.run(FollowerState.java:118)
2022-04-28 13:46:58,918 [d6fcb396-7a9b-4335-ba57-70371e8b2173@group-76FB0BDDFE3B-LeaderElection41] INFO  impl.LeaderElection (LeaderElection.java:logAndReturn(89)) - d6fcb396-7a9b-4335-ba57-70371e8b2173@group-76FB0BDDFE3B-LeaderElection41: ELECTION REJECTED received 1 response(s) and 0 exception(s):
2022-04-28 13:46:58,918 [d6fcb396-7a9b-4335-ba57-70371e8b2173@group-76FB0BDDFE3B-LeaderElection41] INFO  impl.LeaderElection (LeaderElection.java:logAndReturn(93)) -   Response 0: d6fcb396-7a9b-4335-ba57-70371e8b2173<-acf0e45f-1346-4d3d-b768-e886253cff70#0:FAIL-t1
2022-04-28 13:46:58,918 [d6fcb396-7a9b-4335-ba57-70371e8b2173@group-76FB0BDDFE3B-LeaderElection41] INFO  impl.LeaderElection (LeaderElection.java:askForVotes(308)) - d6fcb396-7a9b-4335-ba57-70371e8b2173@group-76FB0BDDFE3B-LeaderElection41 ELECTION round 0: result REJECTED
2022-04-28 13:46:58,918 [d6fcb396-7a9b-4335-ba57-70371e8b2173@group-76FB0BDDFE3B-LeaderElection41] INFO  server.RaftServer$Division (RaftServerImpl.java:setRole(290)) - d6fcb396-7a9b-4335-ba57-70371e8b2173@group-76FB0BDDFE3B: changes role from CANDIDATE to FOLLOWER at term 1 for REJECTED
2022-04-28 13:46:58,918 [d6fcb396-7a9b-4335-ba57-70371e8b2173@group-76FB0BDDFE3B-LeaderElection41] INFO  impl.RoleInfo (RoleInfo.java:shutdownLeaderElection(121)) - d6fcb396-7a9b-4335-ba57-70371e8b2173: shutdown d6fcb396-7a9b-4335-ba57-70371e8b2173@group-76FB0BDDFE3B-LeaderElection41
2022-04-28 13:46:58,918 [d6fcb396-7a9b-4335-ba57-70371e8b2173@group-76FB0BDDFE3B-LeaderElection41] INFO  impl.RoleInfo (RoleInfo.java:updateAndGet(130)) - d6fcb396-7a9b-4335-ba57-70371e8b2173: start d6fcb396-7a9b-4335-ba57-70371e8b2173@group-76FB0BDDFE3B-FollowerState
2022-04-28 13:46:58,918 [grpc-default-executor-2] INFO  server.RaftServer$Division (RaftServerImpl.java:requestVote(1078)) - 12f93519-ceed-46ee-9151-25937782214d@group-76FB0BDDFE3B replies to ELECTION vote request: d6fcb396-7a9b-4335-ba57-70371e8b2173<-12f93519-ceed-46ee-9151-25937782214d#0:OK-t1. Peer's state: 12f93519-ceed-46ee-9151-25937782214d@group-76FB0BDDFE3B:t1, leader=null, voted=d6fcb396-7a9b-4335-ba57-70371e8b2173, raftlog=12f93519-ceed-46ee-9151-25937782214d@group-76FB0BDDFE3B-SegmentedRaftLog:OPENED:c-1, conf=-1: [acf0e45f-1346-4d3d-b768-e886253cff70|rpc:10.1.0.6:44375|dataStream:|priority:1, d6fcb396-7a9b-4335-ba57-70371e8b2173|rpc:10.1.0.6:43147|dataStream:|priority:0, 12f93519-ceed-46ee-9151-25937782214d|rpc:10.1.0.6:33231|dataStream:|priority:0], old=null
2022-04-28 13:46:59,081 [d6fcb396-7a9b-4335-ba57-70371e8b2173@group-9C327277336C-FollowerState] INFO  impl.FollowerState (FollowerState.java:run(134)) - d6fcb396-7a9b-4335-ba57-70371e8b2173@group-9C327277336C-FollowerState: change to CANDIDATE, lastRpcElapsedTime:5080170757ns, electionTimeout:5079ms
2022-04-28 13:46:59,081 [d6fcb396-7a9b-4335-ba57-70371e8b2173@group-9C327277336C-FollowerState] INFO  impl.RoleInfo (RoleInfo.java:shutdownFollowerState(108)) - d6fcb396-7a9b-4335-ba57-70371e8b2173: shutdown d6fcb396-7a9b-4335-ba57-70371e8b2173@group-9C327277336C-FollowerState
2022-04-28 13:46:59,082 [d6fcb396-7a9b-4335-ba57-70371e8b2173@group-9C327277336C-FollowerState] INFO  server.RaftServer$Division (RaftServerImpl.java:setRole(290)) - d6fcb396-7a9b-4335-ba57-70371e8b2173@group-9C327277336C: changes role from  FOLLOWER to CANDIDATE at term 0 for changeToCandidate
2022-04-28 13:46:59,082 [d6fcb396-7a9b-4335-ba57-70371e8b2173@group-9C327277336C-FollowerState] INFO  server.RaftServerConfigKeys (ConfUtils.java:logGet(44)) - raft.server.leaderelection.pre-vote = false (custom)
2022-04-28 13:46:59,082 [d6fcb396-7a9b-4335-ba57-70371e8b2173@group-9C327277336C-FollowerState] INFO  impl.RoleInfo (RoleInfo.java:updateAndGet(130)) - d6fcb396-7a9b-4335-ba57-70371e8b2173: start d6fcb396-7a9b-4335-ba57-70371e8b2173@group-9C327277336C-LeaderElection42
2022-04-28 13:46:59,096 [d6fcb396-7a9b-4335-ba57-70371e8b2173@group-9C327277336C-LeaderElection42] INFO  impl.LeaderElection (LeaderElection.java:askForVotes(306)) - d6fcb396-7a9b-4335-ba57-70371e8b2173@group-9C327277336C-LeaderElection42 ELECTION round 0: submit vote requests at term 1 for -1: [acf0e45f-1346-4d3d-b768-e886253cff70|rpc:10.1.0.6:44375|priority:0, d6fcb396-7a9b-4335-ba57-70371e8b2173|rpc:10.1.0.6:43147|priority:1, 12f93519-ceed-46ee-9151-25937782214d|rpc:10.1.0.6:33231|priority:0], old=null
2022-04-28 13:46:59,102 [grpc-default-executor-2] INFO  server.RaftServer$Division (RaftServerImpl.java:requestVote(1046)) - acf0e45f-1346-4d3d-b768-e886253cff70@group-9C327277336C: receive requestVote(ELECTION, d6fcb396-7a9b-4335-ba57-70371e8b2173, group-9C327277336C, 1, (t:0, i:0))
2022-04-28 13:46:59,102 [grpc-default-executor-2] INFO  impl.VoteContext (VoteContext.java:log(48)) - acf0e45f-1346-4d3d-b768-e886253cff70@group-9C327277336C-FOLLOWER: accept ELECTION from d6fcb396-7a9b-4335-ba57-70371e8b2173: our priority 0 <= candidate's priority 1
2022-04-28 13:46:59,102 [grpc-default-executor-2] INFO  server.RaftServer$Division (RaftServerImpl.java:setRole(290)) - acf0e45f-1346-4d3d-b768-e886253cff70@group-9C327277336C: changes role from  FOLLOWER to FOLLOWER at term 1 for candidate:d6fcb396-7a9b-4335-ba57-70371e8b2173
2022-04-28 13:46:59,102 [grpc-default-executor-2] INFO  impl.RoleInfo (RoleInfo.java:shutdownFollowerState(108)) - acf0e45f-1346-4d3d-b768-e886253cff70: shutdown acf0e45f-1346-4d3d-b768-e886253cff70@group-9C327277336C-FollowerState
2022-04-28 13:46:59,117 [acf0e45f-1346-4d3d-b768-e886253cff70@group-9C327277336C-FollowerState] INFO  impl.FollowerState (FollowerState.java:run(143)) - acf0e45f-1346-4d3d-b768-e886253cff70@group-9C327277336C-FollowerState was interrupted: {}
java.lang.InterruptedException: sleep interrupted
	at java.lang.Thread.sleep(Native Method)
	at java.lang.Thread.sleep(Thread.java:342)
	at java.util.concurrent.TimeUnit.sleep(TimeUnit.java:386)
	at org.apache.ratis.util.TimeDuration.sleep(TimeDuration.java:324)
	at org.apache.ratis.util.TimeDuration.sleep(TimeDuration.java:309)
	at org.apache.ratis.server.impl.FollowerState.run(FollowerState.java:118)
2022-04-28 13:46:59,117 [grpc-default-executor-2] INFO  impl.RoleInfo (RoleInfo.java:updateAndGet(130)) - acf0e45f-1346-4d3d-b768-e886253cff70: start acf0e45f-1346-4d3d-b768-e886253cff70@group-9C327277336C-FollowerState
2022-04-28 13:46:59,119 [grpc-default-executor-0] INFO  server.RaftServer$Division (RaftServerImpl.java:requestVote(1046)) - 12f93519-ceed-46ee-9151-25937782214d@group-9C327277336C: receive requestVote(ELECTION, d6fcb396-7a9b-4335-ba57-70371e8b2173, group-9C327277336C, 1, (t:0, i:0))
2022-04-28 13:46:59,120 [grpc-default-executor-0] INFO  impl.VoteContext (VoteContext.java:log(48)) - 12f93519-ceed-46ee-9151-25937782214d@group-9C327277336C-FOLLOWER: accept ELECTION from d6fcb396-7a9b-4335-ba57-70371e8b2173: our priority 0 <= candidate's priority 1
2022-04-28 13:46:59,120 [grpc-default-executor-0] INFO  server.RaftServer$Division (RaftServerImpl.java:setRole(290)) - 12f93519-ceed-46ee-9151-25937782214d@group-9C327277336C: changes role from  FOLLOWER to FOLLOWER at term 1 for candidate:d6fcb396-7a9b-4335-ba57-70371e8b2173
2022-04-28 13:46:59,120 [grpc-default-executor-0] INFO  impl.RoleInfo (RoleInfo.java:shutdownFollowerState(108)) - 12f93519-ceed-46ee-9151-25937782214d: shutdown 12f93519-ceed-46ee-9151-25937782214d@group-9C327277336C-FollowerState
2022-04-28 13:46:59,121 [grpc-default-executor-0] INFO  impl.RoleInfo (RoleInfo.java:updateAndGet(130)) - 12f93519-ceed-46ee-9151-25937782214d: start 12f93519-ceed-46ee-9151-25937782214d@group-9C327277336C-FollowerState
2022-04-28 13:46:59,122 [12f93519-ceed-46ee-9151-25937782214d@group-9C327277336C-FollowerState] INFO  impl.FollowerState (FollowerState.java:run(143)) - 12f93519-ceed-46ee-9151-25937782214d@group-9C327277336C-FollowerState was interrupted: {}
java.lang.InterruptedException: sleep interrupted
	at java.lang.Thread.sleep(Native Method)
	at java.lang.Thread.sleep(Thread.java:342)
	at java.util.concurrent.TimeUnit.sleep(TimeUnit.java:386)
	at org.apache.ratis.util.TimeDuration.sleep(TimeDuration.java:324)
	at org.apache.ratis.util.TimeDuration.sleep(TimeDuration.java:309)
	at org.apache.ratis.server.impl.FollowerState.run(FollowerState.java:118)
2022-04-28 13:46:59,124 [grpc-default-executor-2] INFO  server.RaftServer$Division (RaftServerImpl.java:requestVote(1078)) - acf0e45f-1346-4d3d-b768-e886253cff70@group-9C327277336C replies to ELECTION vote request: d6fcb396-7a9b-4335-ba57-70371e8b2173<-acf0e45f-1346-4d3d-b768-e886253cff70#0:OK-t1. Peer's state: acf0e45f-1346-4d3d-b768-e886253cff70@group-9C327277336C:t1, leader=null, voted=d6fcb396-7a9b-4335-ba57-70371e8b2173, raftlog=acf0e45f-1346-4d3d-b768-e886253cff70@group-9C327277336C-SegmentedRaftLog:OPENED:c-1, conf=-1: [acf0e45f-1346-4d3d-b768-e886253cff70|rpc:10.1.0.6:44375|dataStream:|priority:0, d6fcb396-7a9b-4335-ba57-70371e8b2173|rpc:10.1.0.6:43147|dataStream:|priority:1, 12f93519-ceed-46ee-9151-25937782214d|rpc:10.1.0.6:33231|dataStream:|priority:0], old=null
2022-04-28 13:46:59,130 [d6fcb396-7a9b-4335-ba57-70371e8b2173@group-9C327277336C-LeaderElection42] INFO  impl.LeaderElection (LeaderElection.java:logAndReturn(89)) - d6fcb396-7a9b-4335-ba57-70371e8b2173@group-9C327277336C-LeaderElection42: ELECTION PASSED received 1 response(s) and 0 exception(s):
2022-04-28 13:46:59,130 [d6fcb396-7a9b-4335-ba57-70371e8b2173@group-9C327277336C-LeaderElection42] INFO  impl.LeaderElection (LeaderElection.java:logAndReturn(93)) -   Response 0: d6fcb396-7a9b-4335-ba57-70371e8b2173<-acf0e45f-1346-4d3d-b768-e886253cff70#0:OK-t1
2022-04-28 13:46:59,130 [d6fcb396-7a9b-4335-ba57-70371e8b2173@group-9C327277336C-LeaderElection42] INFO  impl.LeaderElection (LeaderElection.java:askForVotes(308)) - d6fcb396-7a9b-4335-ba57-70371e8b2173@group-9C327277336C-LeaderElection42 ELECTION round 0: result PASSED
2022-04-28 13:46:59,130 [d6fcb396-7a9b-4335-ba57-70371e8b2173@group-9C327277336C-LeaderElection42] INFO  impl.RoleInfo (RoleInfo.java:shutdownLeaderElection(121)) - d6fcb396-7a9b-4335-ba57-70371e8b2173: shutdown d6fcb396-7a9b-4335-ba57-70371e8b2173@group-9C327277336C-LeaderElection42
2022-04-28 13:46:59,130 [d6fcb396-7a9b-4335-ba57-70371e8b2173@group-9C327277336C-LeaderElection42] INFO  server.RaftServer$Division (RaftServerImpl.java:setRole(290)) - d6fcb396-7a9b-4335-ba57-70371e8b2173@group-9C327277336C: changes role from CANDIDATE to LEADER at term 1 for changeToLeader
2022-04-28 13:46:59,130 [d6fcb396-7a9b-4335-ba57-70371e8b2173@group-9C327277336C-LeaderElection42] INFO  ratis.XceiverServerRatis (XceiverServerRatis.java:handleLeaderChangedNotification(863)) - Leader change notification received for group: group-9C327277336C with new leaderId: d6fcb396-7a9b-4335-ba57-70371e8b2173
2022-04-28 13:46:59,130 [d6fcb396-7a9b-4335-ba57-70371e8b2173@group-9C327277336C-LeaderElection42] INFO  server.RaftServer$Division (ServerState.java:setLeader(285)) - d6fcb396-7a9b-4335-ba57-70371e8b2173@group-9C327277336C: change Leader from null to d6fcb396-7a9b-4335-ba57-70371e8b2173 at term 1 for becomeLeader, leader elected after 5145ms
2022-04-28 13:46:59,131 [d6fcb396-7a9b-4335-ba57-70371e8b2173@group-9C327277336C-LeaderElection42] INFO  server.RaftServerConfigKeys (ConfUtils.java:logGet(44)) - raft.server.staging.catchup.gap = 1000 (default)
2022-04-28 13:46:59,131 [d6fcb396-7a9b-4335-ba57-70371e8b2173@group-9C327277336C-LeaderElection42] INFO  server.RaftServerConfigKeys (ConfUtils.java:logGet(44)) - raft.server.write.element-limit = 1024 (custom)
2022-04-28 13:46:59,131 [d6fcb396-7a9b-4335-ba57-70371e8b2173@group-9C327277336C-LeaderElection42] INFO  server.RaftServerConfigKeys (ConfUtils.java:logGet(44)) - raft.server.write.byte-limit = 1024 M (=1073741824) (custom)
2022-04-28 13:46:59,131 [d6fcb396-7a9b-4335-ba57-70371e8b2173@group-9C327277336C-LeaderElection42] INFO  server.RaftServerConfigKeys (ConfUtils.java:logGet(44)) - raft.server.watch.timeout = 3000ms (custom)
2022-04-28 13:46:59,131 [d6fcb396-7a9b-4335-ba57-70371e8b2173@group-9C327277336C-LeaderElection42] INFO  server.RaftServerConfigKeys (ConfUtils.java:logGet(44)) - raft.server.watch.timeout.denomination = 1s (default)
2022-04-28 13:46:59,131 [d6fcb396-7a9b-4335-ba57-70371e8b2173@group-9C327277336C-LeaderElection42] INFO  server.RaftServerConfigKeys (ConfUtils.java:logGet(44)) - raft.server.watch.element-limit = 65536 (default)
2022-04-28 13:46:59,131 [d6fcb396-7a9b-4335-ba57-70371e8b2173@group-9C327277336C-LeaderElection42] INFO  server.RaftServerConfigKeys (ConfUtils.java:logGet(44)) - raft.server.write.element-limit = 1024 (custom)
2022-04-28 13:46:59,131 [d6fcb396-7a9b-4335-ba57-70371e8b2173@group-9C327277336C-LeaderElection42] INFO  server.RaftServerConfigKeys (ConfUtils.java:logGet(44)) - raft.server.write.follower.gap.ratio.max = -1.0 (default)
2022-04-28 13:46:59,131 [d6fcb396-7a9b-4335-ba57-70371e8b2173@group-9C327277336C-LeaderElection42] INFO  server.RaftServerConfigKeys (ConfUtils.java:logGet(44)) - raft.server.log.appender.snapshot.chunk.size.max = 16MB (=16777216) (default)
2022-04-28 13:46:59,131 [d6fcb396-7a9b-4335-ba57-70371e8b2173@group-9C327277336C-LeaderElection42] INFO  server.RaftServerConfigKeys (ConfUtils.java:logGet(44)) - raft.server.log.appender.buffer.byte-limit = 33554432 (custom)
2022-04-28 13:46:59,131 [d6fcb396-7a9b-4335-ba57-70371e8b2173@group-9C327277336C-LeaderElection42] INFO  server.RaftServerConfigKeys (ConfUtils.java:logGet(44)) - raft.server.log.appender.buffer.element-limit = 1 (custom)
2022-04-28 13:46:59,132 [d6fcb396-7a9b-4335-ba57-70371e8b2173@group-9C327277336C-LeaderElection42] INFO  grpc.GrpcConfigKeys (ConfUtils.java:logGet(44)) - raft.grpc.server.leader.outstanding.appends.max = 128 (default)
2022-04-28 13:46:59,132 [d6fcb396-7a9b-4335-ba57-70371e8b2173@group-9C327277336C-LeaderElection42] INFO  server.RaftServerConfigKeys (ConfUtils.java:logGet(44)) - raft.server.rpc.request.timeout = 3000ms (default)
2022-04-28 13:46:59,132 [d6fcb396-7a9b-4335-ba57-70371e8b2173@group-9C327277336C-LeaderElection42] INFO  server.RaftServerConfigKeys (ConfUtils.java:logGet(44)) - raft.server.log.appender.install.snapshot.enabled = false (custom)
2022-04-28 13:46:59,132 [d6fcb396-7a9b-4335-ba57-70371e8b2173@group-9C327277336C-LeaderElection42] INFO  server.RaftServerConfigKeys (ConfUtils.java:logGet(44)) - raft.server.log.appender.snapshot.chunk.size.max = 16MB (=16777216) (default)
2022-04-28 13:46:59,132 [d6fcb396-7a9b-4335-ba57-70371e8b2173@group-9C327277336C-LeaderElection42] INFO  server.RaftServerConfigKeys (ConfUtils.java:logGet(44)) - raft.server.log.appender.buffer.byte-limit = 33554432 (custom)
2022-04-28 13:46:59,133 [d6fcb396-7a9b-4335-ba57-70371e8b2173@group-9C327277336C-LeaderElection42] INFO  server.RaftServerConfigKeys (ConfUtils.java:logGet(44)) - raft.server.log.appender.buffer.element-limit = 1 (custom)
2022-04-28 13:46:59,133 [d6fcb396-7a9b-4335-ba57-70371e8b2173@group-9C327277336C-LeaderElection42] INFO  grpc.GrpcConfigKeys (ConfUtils.java:logGet(44)) - raft.grpc.server.leader.outstanding.appends.max = 128 (default)
2022-04-28 13:46:59,133 [d6fcb396-7a9b-4335-ba57-70371e8b2173@group-9C327277336C-LeaderElection42] INFO  server.RaftServerConfigKeys (ConfUtils.java:logGet(44)) - raft.server.rpc.request.timeout = 3000ms (default)
2022-04-28 13:46:59,133 [d6fcb396-7a9b-4335-ba57-70371e8b2173@group-9C327277336C-LeaderElection42] INFO  server.RaftServerConfigKeys (ConfUtils.java:logGet(44)) - raft.server.log.appender.install.snapshot.enabled = false (custom)
2022-04-28 13:46:59,133 [d6fcb396-7a9b-4335-ba57-70371e8b2173@group-9C327277336C-LeaderElection42] INFO  impl.RoleInfo (RoleInfo.java:updateAndGet(130)) - d6fcb396-7a9b-4335-ba57-70371e8b2173: start d6fcb396-7a9b-4335-ba57-70371e8b2173@group-9C327277336C-LeaderStateImpl
2022-04-28 13:46:59,142 [grpc-default-executor-0] INFO  server.RaftServer$Division (RaftServerImpl.java:requestVote(1078)) - 12f93519-ceed-46ee-9151-25937782214d@group-9C327277336C replies to ELECTION vote request: d6fcb396-7a9b-4335-ba57-70371e8b2173<-12f93519-ceed-46ee-9151-25937782214d#0:OK-t1. Peer's state: 12f93519-ceed-46ee-9151-25937782214d@group-9C327277336C:t1, leader=null, voted=d6fcb396-7a9b-4335-ba57-70371e8b2173, raftlog=12f93519-ceed-46ee-9151-25937782214d@group-9C327277336C-SegmentedRaftLog:OPENED:c-1, conf=-1: [acf0e45f-1346-4d3d-b768-e886253cff70|rpc:10.1.0.6:44375|dataStream:|priority:0, d6fcb396-7a9b-4335-ba57-70371e8b2173|rpc:10.1.0.6:43147|dataStream:|priority:1, 12f93519-ceed-46ee-9151-25937782214d|rpc:10.1.0.6:33231|dataStream:|priority:0], old=null
2022-04-28 13:46:59,137 [EventQueue-PipelineReportForPipelineReportHandler] INFO  pipeline.PipelineManagerImpl (PipelineManagerImpl.java:openPipeline(328)) - Pipeline Pipeline[ Id: 3a62d18e-2bdf-4f70-8718-9c327277336c, Nodes: d6fcb396-7a9b-4335-ba57-70371e8b2173{ip: 10.1.0.6, host: fv-az294-869.eaanfquahm5ulb5tj050gcxych.jx.internal.cloudapp.net, ports: [REPLICATION=43675, RATIS=43147, RATIS_ADMIN=43147, RATIS_SERVER=43147, STANDALONE=40213], networkLocation: /default-rack, certSerialId: null, persistedOpState: IN_SERVICE, persistedOpStateExpiryEpochSec: 0}12f93519-ceed-46ee-9151-25937782214d{ip: 10.1.0.6, host: fv-az294-869.eaanfquahm5ulb5tj050gcxych.jx.internal.cloudapp.net, ports: [REPLICATION=38103, RATIS=33231, RATIS_ADMIN=33231, RATIS_SERVER=33231, STANDALONE=46501], networkLocation: /default-rack, certSerialId: null, persistedOpState: IN_SERVICE, persistedOpStateExpiryEpochSec: 0}acf0e45f-1346-4d3d-b768-e886253cff70{ip: 10.1.0.6, host: fv-az294-869.eaanfquahm5ulb5tj050gcxych.jx.internal.cloudapp.net, ports: [REPLICATION=33505, RATIS=44375, RATIS_ADMIN=44375, RATIS_SERVER=44375, STANDALONE=43863], networkLocation: /default-rack, certSerialId: null, persistedOpState: IN_SERVICE, persistedOpStateExpiryEpochSec: 0}, ReplicationConfig: RATIS/THREE, State:ALLOCATED, leaderId:d6fcb396-7a9b-4335-ba57-70371e8b2173, CreationTimestamp2022-04-28T13:46:51.744Z[Etc/UTC]] moved to OPEN state
2022-04-28 13:46:59,152 [d6fcb396-7a9b-4335-ba57-70371e8b2173@group-9C327277336C-LeaderElection42] INFO  segmented.SegmentedRaftLogWorker (SegmentedRaftLogWorker.java:startLogSegment(394)) - d6fcb396-7a9b-4335-ba57-70371e8b2173@group-9C327277336C-SegmentedRaftLogWorker: Starting segment from index:0
2022-04-28 13:46:59,153 [002018de-f8db-4c7b-a600-8966bee8ed8d@group-9A7292F569F3-StateMachineUpdater] INFO  safemode.HealthyPipelineSafeModeRule (HealthyPipelineSafeModeRule.java:initializeRule(152)) - Refreshed total pipeline count is 1, healthy pipeline threshold count is 1
2022-04-28 13:46:59,153 [EventQueue-OpenPipelineForHealthyPipelineSafeModeRule] INFO  safemode.SCMSafeModeManager (HealthyPipelineSafeModeRule.java:process(124)) - SCM in safe mode. Healthy pipelines reported count is 1, required healthy pipeline reported count is 1
2022-04-28 13:46:59,153 [EventQueue-OpenPipelineForHealthyPipelineSafeModeRule] INFO  safemode.SCMSafeModeManager (SCMSafeModeManager.java:validateSafeModeExitRules(204)) - HealthyPipelineSafeModeRule rule is successfully validated
2022-04-28 13:46:59,153 [EventQueue-OpenPipelineForHealthyPipelineSafeModeRule] INFO  safemode.SCMSafeModeManager (SCMSafeModeManager.java:validateSafeModeExitRules(219)) - ScmSafeModeManager, all rules are successfully validated
2022-04-28 13:46:59,154 [EventQueue-OpenPipelineForHealthyPipelineSafeModeRule] INFO  safemode.SCMSafeModeManager (SCMSafeModeManager.java:exitSafeMode(248)) - SCM exiting safe mode.
2022-04-28 13:46:59,154 [EventQueue-OpenPipelineForHealthyPipelineSafeModeRule] WARN  events.EventQueue (EventQueue.java:fireEvent(194)) - No event handler registered for event TypedEvent{payloadType=SafeModeStatus, name='Safe mode status'}
2022-04-28 13:46:59,154 [EventQueue-OpenPipelineForHealthyPipelineSafeModeRule] INFO  ha.SCMContext (SCMContext.java:updateSafeModeStatus(211)) - Update SafeModeStatus from SafeModeStatus{safeModeStatus=true, preCheckPassed=true} to SafeModeStatus{safeModeStatus=false, preCheckPassed=true}.
2022-04-28 13:46:59,154 [EventQueue-OpenPipelineForHealthyPipelineSafeModeRule] INFO  pipeline.BackgroundPipelineScrubber (BackgroundPipelineScrubber.java:notifyStatusChanged(86)) - Service BackgroundPipelineScrubber transitions to RUNNING.
2022-04-28 13:46:59,154 [EventQueue-OpenPipelineForHealthyPipelineSafeModeRule] INFO  container.ReplicationManager (ReplicationManager.java:notifyStatusChanged(1815)) - Service ReplicationManager transitions to RUNNING.
2022-04-28 13:46:59,154 [d6fcb396-7a9b-4335-ba57-70371e8b2173@group-9C327277336C-SegmentedRaftLogWorker] INFO  segmented.SegmentedRaftLogWorker (SegmentedRaftLogWorker.java:execute(601)) - d6fcb396-7a9b-4335-ba57-70371e8b2173@group-9C327277336C-SegmentedRaftLogWorker: created new log segment /home/runner/work/ozone/ozone/hadoop-ozone/integration-test/target/test-dir/MiniOzoneClusterImpl-b83af172-7a36-4ee1-b1b1-9a7292f569f3/datanode-0/data/ratis/3a62d18e-2bdf-4f70-8718-9c327277336c/current/log_inprogress_0
2022-04-28 13:46:59,167 [grpc-default-executor-2] INFO  ratis.XceiverServerRatis (XceiverServerRatis.java:handleLeaderChangedNotification(863)) - Leader change notification received for group: group-9C327277336C with new leaderId: d6fcb396-7a9b-4335-ba57-70371e8b2173
2022-04-28 13:46:59,167 [d6fcb396-7a9b-4335-ba57-70371e8b2173@group-9C327277336C-LeaderElection42] INFO  server.RaftServer$Division (ServerState.java:setRaftConf(387)) - d6fcb396-7a9b-4335-ba57-70371e8b2173@group-9C327277336C: set configuration 0: [acf0e45f-1346-4d3d-b768-e886253cff70|rpc:10.1.0.6:44375|dataStream:|priority:0, d6fcb396-7a9b-4335-ba57-70371e8b2173|rpc:10.1.0.6:43147|dataStream:|priority:1, 12f93519-ceed-46ee-9151-25937782214d|rpc:10.1.0.6:33231|dataStream:|priority:0], old=null
2022-04-28 13:46:59,167 [grpc-default-executor-2] INFO  server.RaftServer$Division (ServerState.java:setLeader(285)) - 12f93519-ceed-46ee-9151-25937782214d@group-9C327277336C: change Leader from null to d6fcb396-7a9b-4335-ba57-70371e8b2173 at term 1 for appendEntries, leader elected after 5133ms
2022-04-28 13:46:59,210 [grpc-default-executor-2] INFO  server.RaftServer$Division (ServerState.java:setRaftConf(387)) - 12f93519-ceed-46ee-9151-25937782214d@group-9C327277336C: set configuration 0: [acf0e45f-1346-4d3d-b768-e886253cff70|rpc:10.1.0.6:44375|dataStream:|priority:0, d6fcb396-7a9b-4335-ba57-70371e8b2173|rpc:10.1.0.6:43147|dataStream:|priority:1, 12f93519-ceed-46ee-9151-25937782214d|rpc:10.1.0.6:33231|dataStream:|priority:0], old=null
2022-04-28 13:46:59,210 [grpc-default-executor-2] INFO  segmented.SegmentedRaftLogWorker (SegmentedRaftLogWorker.java:startLogSegment(394)) - 12f93519-ceed-46ee-9151-25937782214d@group-9C327277336C-SegmentedRaftLogWorker: Starting segment from index:0
2022-04-28 13:46:59,211 [12f93519-ceed-46ee-9151-25937782214d@group-9C327277336C-SegmentedRaftLogWorker] INFO  segmented.SegmentedRaftLogWorker (SegmentedRaftLogWorker.java:execute(601)) - 12f93519-ceed-46ee-9151-25937782214d@group-9C327277336C-SegmentedRaftLogWorker: created new log segment /home/runner/work/ozone/ozone/hadoop-ozone/integration-test/target/test-dir/MiniOzoneClusterImpl-b83af172-7a36-4ee1-b1b1-9a7292f569f3/datanode-1/data/ratis/3a62d18e-2bdf-4f70-8718-9c327277336c/current/log_inprogress_0
2022-04-28 13:46:59,224 [grpc-default-executor-2] INFO  ratis.XceiverServerRatis (XceiverServerRatis.java:handleLeaderChangedNotification(863)) - Leader change notification received for group: group-9C327277336C with new leaderId: d6fcb396-7a9b-4335-ba57-70371e8b2173
2022-04-28 13:46:59,225 [grpc-default-executor-2] INFO  server.RaftServer$Division (ServerState.java:setLeader(285)) - acf0e45f-1346-4d3d-b768-e886253cff70@group-9C327277336C: change Leader from null to d6fcb396-7a9b-4335-ba57-70371e8b2173 at term 1 for appendEntries, leader elected after 5107ms
2022-04-28 13:46:59,239 [grpc-default-executor-2] INFO  server.RaftServer$Division (ServerState.java:setRaftConf(387)) - acf0e45f-1346-4d3d-b768-e886253cff70@group-9C327277336C: set configuration 0: [acf0e45f-1346-4d3d-b768-e886253cff70|rpc:10.1.0.6:44375|dataStream:|priority:0, d6fcb396-7a9b-4335-ba57-70371e8b2173|rpc:10.1.0.6:43147|dataStream:|priority:1, 12f93519-ceed-46ee-9151-25937782214d|rpc:10.1.0.6:33231|dataStream:|priority:0], old=null
2022-04-28 13:46:59,239 [grpc-default-executor-2] INFO  segmented.SegmentedRaftLogWorker (SegmentedRaftLogWorker.java:startLogSegment(394)) - acf0e45f-1346-4d3d-b768-e886253cff70@group-9C327277336C-SegmentedRaftLogWorker: Starting segment from index:0
2022-04-28 13:46:59,241 [acf0e45f-1346-4d3d-b768-e886253cff70@group-9C327277336C-SegmentedRaftLogWorker] INFO  segmented.SegmentedRaftLogWorker (SegmentedRaftLogWorker.java:execute(601)) - acf0e45f-1346-4d3d-b768-e886253cff70@group-9C327277336C-SegmentedRaftLogWorker: created new log segment /home/runner/work/ozone/ozone/hadoop-ozone/integration-test/target/test-dir/MiniOzoneClusterImpl-b83af172-7a36-4ee1-b1b1-9a7292f569f3/datanode-2/data/ratis/3a62d18e-2bdf-4f70-8718-9c327277336c/current/log_inprogress_0
2022-04-28 13:46:59,300 [Listener at 127.0.0.1/39257] INFO  ozone.MiniOzoneClusterImpl (MiniOzoneClusterImpl.java:lambda$waitForClusterToBeReady$0(221)) - Nodes are ready. Got 7 of 7 DN Heartbeats.
2022-04-28 13:46:59,300 [Listener at 127.0.0.1/39257] INFO  ozone.MiniOzoneClusterImpl (MiniOzoneClusterImpl.java:lambda$waitForClusterToBeReady$0(224)) - Cluster exits safe mode
2022-04-28 13:46:59,300 [Listener at 127.0.0.1/39257] INFO  ozone.MiniOzoneClusterImpl (MiniOzoneClusterImpl.java:lambda$waitForClusterToBeReady$0(226)) - SCM became leader
2022-04-28 13:46:59,331 [Listener at 127.0.0.1/39257] INFO  rpc.RpcClient (RpcClient.java:createVolume(448)) - Creating Volume: testblockoutputstream, with runner as owner and space quota set to -1 bytes, counts quota set to -1
2022-04-28 13:46:59,343 [OM StateMachine ApplyTransaction Thread - 0] INFO  volume.OMVolumeCreateRequest (OMVolumeCreateRequest.java:validateAndUpdateCache(195)) - created volume:testblockoutputstream for user:runner
2022-04-28 13:46:59,383 [12f93519-ceed-46ee-9151-25937782214d@group-E6C2D5BC7D5D-FollowerState] INFO  impl.FollowerState (FollowerState.java:run(134)) - 12f93519-ceed-46ee-9151-25937782214d@group-E6C2D5BC7D5D-FollowerState: change to CANDIDATE, lastRpcElapsedTime:5125072391ns, electionTimeout:5116ms
2022-04-28 13:46:59,384 [12f93519-ceed-46ee-9151-25937782214d@group-E6C2D5BC7D5D-FollowerState] INFO  impl.RoleInfo (RoleInfo.java:shutdownFollowerState(108)) - 12f93519-ceed-46ee-9151-25937782214d: shutdown 12f93519-ceed-46ee-9151-25937782214d@group-E6C2D5BC7D5D-FollowerState
2022-04-28 13:46:59,384 [12f93519-ceed-46ee-9151-25937782214d@group-E6C2D5BC7D5D-FollowerState] INFO  server.RaftServer$Division (RaftServerImpl.java:setRole(290)) - 12f93519-ceed-46ee-9151-25937782214d@group-E6C2D5BC7D5D: changes role from  FOLLOWER to CANDIDATE at term 0 for changeToCandidate
2022-04-28 13:46:59,388 [12f93519-ceed-46ee-9151-25937782214d@group-E6C2D5BC7D5D-FollowerState] INFO  server.RaftServerConfigKeys (ConfUtils.java:logGet(44)) - raft.server.leaderelection.pre-vote = false (custom)
2022-04-28 13:46:59,388 [12f93519-ceed-46ee-9151-25937782214d@group-E6C2D5BC7D5D-FollowerState] INFO  impl.RoleInfo (RoleInfo.java:updateAndGet(130)) - 12f93519-ceed-46ee-9151-25937782214d: start 12f93519-ceed-46ee-9151-25937782214d@group-E6C2D5BC7D5D-LeaderElection43
2022-04-28 13:46:59,403 [Listener at 127.0.0.1/39257] INFO  rpc.RpcClient (RpcClient.java:createBucket(637)) - Creating Bucket: testblockoutputstream/testblockoutputstream, with runner as owner and Versioning false and Storage Type set to DISK and Encryption set to false 
2022-04-28 13:46:59,414 [OM StateMachine ApplyTransaction Thread - 0] INFO  bucket.OMBucketCreateRequest (OMBucketCreateRequest.java:validateAndUpdateCache(258)) - created bucket: testblockoutputstream of layout LEGACY in volume: testblockoutputstream
2022-04-28 13:46:59,415 [Listener at 127.0.0.1/39257] INFO  ozone.MiniOzoneClusterImpl (MiniOzoneClusterImpl.java:getStorageContainerLocationClient(344)) - Creating StorageContainerLocationProtocol RPC client with address /0.0.0.0:46683
2022-04-28 13:46:59,416 [12f93519-ceed-46ee-9151-25937782214d@group-E6C2D5BC7D5D-LeaderElection43] INFO  impl.LeaderElection (LeaderElection.java:askForVotes(306)) - 12f93519-ceed-46ee-9151-25937782214d@group-E6C2D5BC7D5D-LeaderElection43 ELECTION round 0: submit vote requests at term 1 for -1: [12f93519-ceed-46ee-9151-25937782214d|rpc:10.1.0.6:33231|priority:1], old=null
2022-04-28 13:46:59,416 [12f93519-ceed-46ee-9151-25937782214d@group-E6C2D5BC7D5D-LeaderElection43] INFO  impl.LeaderElection (LeaderElection.java:askForVotes(308)) - 12f93519-ceed-46ee-9151-25937782214d@group-E6C2D5BC7D5D-LeaderElection43 ELECTION round 0: result PASSED (term=1)
2022-04-28 13:46:59,416 [12f93519-ceed-46ee-9151-25937782214d@group-E6C2D5BC7D5D-LeaderElection43] INFO  impl.RoleInfo (RoleInfo.java:shutdownLeaderElection(121)) - 12f93519-ceed-46ee-9151-25937782214d: shutdown 12f93519-ceed-46ee-9151-25937782214d@group-E6C2D5BC7D5D-LeaderElection43
2022-04-28 13:46:59,416 [12f93519-ceed-46ee-9151-25937782214d@group-E6C2D5BC7D5D-LeaderElection43] INFO  server.RaftServer$Division (RaftServerImpl.java:setRole(290)) - 12f93519-ceed-46ee-9151-25937782214d@group-E6C2D5BC7D5D: changes role from CANDIDATE to LEADER at term 1 for changeToLeader
2022-04-28 13:46:59,416 [12f93519-ceed-46ee-9151-25937782214d@group-E6C2D5BC7D5D-LeaderElection43] INFO  ratis.XceiverServerRatis (XceiverServerRatis.java:handleLeaderChangedNotification(863)) - Leader change notification received for group: group-E6C2D5BC7D5D with new leaderId: 12f93519-ceed-46ee-9151-25937782214d
2022-04-28 13:46:59,432 [12f93519-ceed-46ee-9151-25937782214d@group-E6C2D5BC7D5D-LeaderElection43] INFO  server.RaftServer$Division (ServerState.java:setLeader(285)) - 12f93519-ceed-46ee-9151-25937782214d@group-E6C2D5BC7D5D: change Leader from null to 12f93519-ceed-46ee-9151-25937782214d at term 1 for becomeLeader, leader elected after 5165ms
2022-04-28 13:46:59,432 [12f93519-ceed-46ee-9151-25937782214d@group-E6C2D5BC7D5D-LeaderElection43] INFO  server.RaftServerConfigKeys (ConfUtils.java:logGet(44)) - raft.server.staging.catchup.gap = 1000 (default)
2022-04-28 13:46:59,438 [12f93519-ceed-46ee-9151-25937782214d@group-E6C2D5BC7D5D-LeaderElection43] INFO  server.RaftServerConfigKeys (ConfUtils.java:logGet(44)) - raft.server.write.element-limit = 1024 (custom)
2022-04-28 13:46:59,438 [12f93519-ceed-46ee-9151-25937782214d@group-E6C2D5BC7D5D-LeaderElection43] INFO  server.RaftServerConfigKeys (ConfUtils.java:logGet(44)) - raft.server.write.byte-limit = 1024 M (=1073741824) (custom)
2022-04-28 13:46:59,438 [12f93519-ceed-46ee-9151-25937782214d@group-E6C2D5BC7D5D-LeaderElection43] INFO  server.RaftServerConfigKeys (ConfUtils.java:logGet(44)) - raft.server.watch.timeout = 3000ms (custom)
2022-04-28 13:46:59,438 [12f93519-ceed-46ee-9151-25937782214d@group-E6C2D5BC7D5D-LeaderElection43] INFO  server.RaftServerConfigKeys (ConfUtils.java:logGet(44)) - raft.server.watch.timeout.denomination = 1s (default)
2022-04-28 13:46:59,438 [12f93519-ceed-46ee-9151-25937782214d@group-E6C2D5BC7D5D-LeaderElection43] INFO  server.RaftServerConfigKeys (ConfUtils.java:logGet(44)) - raft.server.watch.element-limit = 65536 (default)
2022-04-28 13:46:59,438 [12f93519-ceed-46ee-9151-25937782214d@group-E6C2D5BC7D5D-LeaderElection43] INFO  server.RaftServerConfigKeys (ConfUtils.java:logGet(44)) - raft.server.write.element-limit = 1024 (custom)
2022-04-28 13:46:59,438 [12f93519-ceed-46ee-9151-25937782214d@group-E6C2D5BC7D5D-LeaderElection43] INFO  server.RaftServerConfigKeys (ConfUtils.java:logGet(44)) - raft.server.write.follower.gap.ratio.max = -1.0 (default)
2022-04-28 13:46:59,439 [12f93519-ceed-46ee-9151-25937782214d@group-E6C2D5BC7D5D-LeaderElection43] INFO  impl.RoleInfo (RoleInfo.java:updateAndGet(130)) - 12f93519-ceed-46ee-9151-25937782214d: start 12f93519-ceed-46ee-9151-25937782214d@group-E6C2D5BC7D5D-LeaderStateImpl
2022-04-28 13:46:59,439 [12f93519-ceed-46ee-9151-25937782214d@group-E6C2D5BC7D5D-LeaderElection43] INFO  segmented.SegmentedRaftLogWorker (SegmentedRaftLogWorker.java:startLogSegment(394)) - 12f93519-ceed-46ee-9151-25937782214d@group-E6C2D5BC7D5D-SegmentedRaftLogWorker: Starting segment from index:0
2022-04-28 13:46:59,452 [12f93519-ceed-46ee-9151-25937782214d@group-E6C2D5BC7D5D-SegmentedRaftLogWorker] INFO  segmented.SegmentedRaftLogWorker (SegmentedRaftLogWorker.java:execute(601)) - 12f93519-ceed-46ee-9151-25937782214d@group-E6C2D5BC7D5D-SegmentedRaftLogWorker: created new log segment /home/runner/work/ozone/ozone/hadoop-ozone/integration-test/target/test-dir/MiniOzoneClusterImpl-b83af172-7a36-4ee1-b1b1-9a7292f569f3/datanode-1/data/ratis/cb0a80bd-0299-4e6d-816d-e6c2d5bc7d5d/current/log_inprogress_0
2022-04-28 13:46:59,457 [12f93519-ceed-46ee-9151-25937782214d@group-E6C2D5BC7D5D-LeaderElection43] INFO  server.RaftServer$Division (ServerState.java:setRaftConf(387)) - 12f93519-ceed-46ee-9151-25937782214d@group-E6C2D5BC7D5D: set configuration 0: [12f93519-ceed-46ee-9151-25937782214d|rpc:10.1.0.6:33231|dataStream:|priority:1], old=null
2022-04-28 13:46:59,461 [IPC Server handler 2 on default port 46683] INFO  ha.SequenceIdGenerator (SequenceIdGenerator.java:getNextId(127)) - Allocate a batch for containerId, change lastId from 0 to 1000.
2022-04-28 13:46:59,777 [acf0e45f-1346-4d3d-b768-e886253cff70@group-CED546A0179B-FollowerState] INFO  impl.FollowerState (FollowerState.java:run(134)) - acf0e45f-1346-4d3d-b768-e886253cff70@group-CED546A0179B-FollowerState: change to CANDIDATE, lastRpcElapsedTime:5032232015ns, electionTimeout:5025ms
2022-04-28 13:46:59,778 [acf0e45f-1346-4d3d-b768-e886253cff70@group-CED546A0179B-FollowerState] INFO  impl.RoleInfo (RoleInfo.java:shutdownFollowerState(108)) - acf0e45f-1346-4d3d-b768-e886253cff70: shutdown acf0e45f-1346-4d3d-b768-e886253cff70@group-CED546A0179B-FollowerState
2022-04-28 13:46:59,778 [acf0e45f-1346-4d3d-b768-e886253cff70@group-CED546A0179B-FollowerState] INFO  server.RaftServer$Division (RaftServerImpl.java:setRole(290)) - acf0e45f-1346-4d3d-b768-e886253cff70@group-CED546A0179B: changes role from  FOLLOWER to CANDIDATE at term 0 for changeToCandidate
2022-04-28 13:46:59,796 [acf0e45f-1346-4d3d-b768-e886253cff70@group-CED546A0179B-FollowerState] INFO  server.RaftServerConfigKeys (ConfUtils.java:logGet(44)) - raft.server.leaderelection.pre-vote = false (custom)
2022-04-28 13:46:59,796 [acf0e45f-1346-4d3d-b768-e886253cff70@group-CED546A0179B-FollowerState] INFO  impl.RoleInfo (RoleInfo.java:updateAndGet(130)) - acf0e45f-1346-4d3d-b768-e886253cff70: start acf0e45f-1346-4d3d-b768-e886253cff70@group-CED546A0179B-LeaderElection44
2022-04-28 13:46:59,877 [acf0e45f-1346-4d3d-b768-e886253cff70@group-CED546A0179B-LeaderElection44] INFO  impl.LeaderElection (LeaderElection.java:askForVotes(306)) - acf0e45f-1346-4d3d-b768-e886253cff70@group-CED546A0179B-LeaderElection44 ELECTION round 0: submit vote requests at term 1 for -1: [acf0e45f-1346-4d3d-b768-e886253cff70|rpc:10.1.0.6:44375|priority:1], old=null
2022-04-28 13:46:59,877 [acf0e45f-1346-4d3d-b768-e886253cff70@group-CED546A0179B-LeaderElection44] INFO  impl.LeaderElection (LeaderElection.java:askForVotes(308)) - acf0e45f-1346-4d3d-b768-e886253cff70@group-CED546A0179B-LeaderElection44 ELECTION round 0: result PASSED (term=1)
2022-04-28 13:46:59,877 [acf0e45f-1346-4d3d-b768-e886253cff70@group-CED546A0179B-LeaderElection44] INFO  impl.RoleInfo (RoleInfo.java:shutdownLeaderElection(121)) - acf0e45f-1346-4d3d-b768-e886253cff70: shutdown acf0e45f-1346-4d3d-b768-e886253cff70@group-CED546A0179B-LeaderElection44
2022-04-28 13:46:59,877 [acf0e45f-1346-4d3d-b768-e886253cff70@group-CED546A0179B-LeaderElection44] INFO  server.RaftServer$Division (RaftServerImpl.java:setRole(290)) - acf0e45f-1346-4d3d-b768-e886253cff70@group-CED546A0179B: changes role from CANDIDATE to LEADER at term 1 for changeToLeader
2022-04-28 13:46:59,877 [acf0e45f-1346-4d3d-b768-e886253cff70@group-CED546A0179B-LeaderElection44] INFO  ratis.XceiverServerRatis (XceiverServerRatis.java:handleLeaderChangedNotification(863)) - Leader change notification received for group: group-CED546A0179B with new leaderId: acf0e45f-1346-4d3d-b768-e886253cff70
2022-04-28 13:46:59,888 [acf0e45f-1346-4d3d-b768-e886253cff70@group-CED546A0179B-LeaderElection44] INFO  server.RaftServer$Division (ServerState.java:setLeader(285)) - acf0e45f-1346-4d3d-b768-e886253cff70@group-CED546A0179B: change Leader from null to acf0e45f-1346-4d3d-b768-e886253cff70 at term 1 for becomeLeader, leader elected after 5139ms
2022-04-28 13:46:59,889 [acf0e45f-1346-4d3d-b768-e886253cff70@group-CED546A0179B-LeaderElection44] INFO  server.RaftServerConfigKeys (ConfUtils.java:logGet(44)) - raft.server.staging.catchup.gap = 1000 (default)
2022-04-28 13:46:59,918 [acf0e45f-1346-4d3d-b768-e886253cff70@group-CED546A0179B-LeaderElection44] INFO  server.RaftServerConfigKeys (ConfUtils.java:logGet(44)) - raft.server.write.element-limit = 1024 (custom)
2022-04-28 13:46:59,918 [acf0e45f-1346-4d3d-b768-e886253cff70@group-CED546A0179B-LeaderElection44] INFO  server.RaftServerConfigKeys (ConfUtils.java:logGet(44)) - raft.server.write.byte-limit = 1024 M (=1073741824) (custom)
2022-04-28 13:46:59,918 [acf0e45f-1346-4d3d-b768-e886253cff70@group-CED546A0179B-LeaderElection44] INFO  server.RaftServerConfigKeys (ConfUtils.java:logGet(44)) - raft.server.watch.timeout = 3000ms (custom)
2022-04-28 13:46:59,918 [acf0e45f-1346-4d3d-b768-e886253cff70@group-CED546A0179B-LeaderElection44] INFO  server.RaftServerConfigKeys (ConfUtils.java:logGet(44)) - raft.server.watch.timeout.denomination = 1s (default)
2022-04-28 13:46:59,918 [acf0e45f-1346-4d3d-b768-e886253cff70@group-CED546A0179B-LeaderElection44] INFO  server.RaftServerConfigKeys (ConfUtils.java:logGet(44)) - raft.server.watch.element-limit = 65536 (default)
2022-04-28 13:46:59,918 [acf0e45f-1346-4d3d-b768-e886253cff70@group-CED546A0179B-LeaderElection44] INFO  server.RaftServerConfigKeys (ConfUtils.java:logGet(44)) - raft.server.write.element-limit = 1024 (custom)
2022-04-28 13:46:59,918 [acf0e45f-1346-4d3d-b768-e886253cff70@group-CED546A0179B-LeaderElection44] INFO  server.RaftServerConfigKeys (ConfUtils.java:logGet(44)) - raft.server.write.follower.gap.ratio.max = -1.0 (default)
2022-04-28 13:46:59,918 [acf0e45f-1346-4d3d-b768-e886253cff70@group-CED546A0179B-LeaderElection44] INFO  impl.RoleInfo (RoleInfo.java:updateAndGet(130)) - acf0e45f-1346-4d3d-b768-e886253cff70: start acf0e45f-1346-4d3d-b768-e886253cff70@group-CED546A0179B-LeaderStateImpl
2022-04-28 13:46:59,919 [acf0e45f-1346-4d3d-b768-e886253cff70@group-CED546A0179B-LeaderElection44] INFO  segmented.SegmentedRaftLogWorker (SegmentedRaftLogWorker.java:startLogSegment(394)) - acf0e45f-1346-4d3d-b768-e886253cff70@group-CED546A0179B-SegmentedRaftLogWorker: Starting segment from index:0
2022-04-28 13:46:59,924 [acf0e45f-1346-4d3d-b768-e886253cff70@group-CED546A0179B-SegmentedRaftLogWorker] INFO  segmented.SegmentedRaftLogWorker (SegmentedRaftLogWorker.java:execute(601)) - acf0e45f-1346-4d3d-b768-e886253cff70@group-CED546A0179B-SegmentedRaftLogWorker: created new log segment /home/runner/work/ozone/ozone/hadoop-ozone/integration-test/target/test-dir/MiniOzoneClusterImpl-b83af172-7a36-4ee1-b1b1-9a7292f569f3/datanode-2/data/ratis/3bf4c614-eea4-48f0-9eeb-ced546a0179b/current/log_inprogress_0
2022-04-28 13:46:59,952 [acf0e45f-1346-4d3d-b768-e886253cff70@group-CED546A0179B-LeaderElection44] INFO  server.RaftServer$Division (ServerState.java:setRaftConf(387)) - acf0e45f-1346-4d3d-b768-e886253cff70@group-CED546A0179B: set configuration 0: [acf0e45f-1346-4d3d-b768-e886253cff70|rpc:10.1.0.6:44375|dataStream:|priority:1], old=null
2022-04-28 13:47:00,037 [ChunkWriter-3-0] WARN  helpers.ChunkUtils (ChunkUtils.java:validateChunkForOverwrite(240)) - Duplicate write chunk request. Chunk overwrite without explicit request. ChunkInfo{chunkName='1651153619471.data.0, offset=0, len=1048576}
2022-04-28 13:47:00,039 [ChunkWriter-3-0] WARN  helpers.ChunkUtils (ChunkUtils.java:validateChunkForOverwrite(240)) - Duplicate write chunk request. Chunk overwrite without explicit request. ChunkInfo{chunkName='1651153619471.data.0, offset=0, len=1048576}
2022-04-28 13:47:00,039 [ChunkWriter-3-0] WARN  helpers.ChunkUtils (ChunkUtils.java:validateChunkForOverwrite(240)) - Duplicate write chunk request. Chunk overwrite without explicit request. ChunkInfo{chunkName='1651153619471.data.0, offset=0, len=1048576}
2022-04-28 13:47:00,630 [3eb0204c-99db-4ec7-9985-35999c30dd35@group-2A2EF2D7B2C6-FollowerState] INFO  impl.FollowerState (FollowerState.java:run(134)) - 3eb0204c-99db-4ec7-9985-35999c30dd35@group-2A2EF2D7B2C6-FollowerState: change to CANDIDATE, lastRpcElapsedTime:5101463020ns, electionTimeout:5092ms
2022-04-28 13:47:00,630 [3eb0204c-99db-4ec7-9985-35999c30dd35@group-2A2EF2D7B2C6-FollowerState] INFO  impl.RoleInfo (RoleInfo.java:shutdownFollowerState(108)) - 3eb0204c-99db-4ec7-9985-35999c30dd35: shutdown 3eb0204c-99db-4ec7-9985-35999c30dd35@group-2A2EF2D7B2C6-FollowerState
2022-04-28 13:47:00,630 [3eb0204c-99db-4ec7-9985-35999c30dd35@group-2A2EF2D7B2C6-FollowerState] INFO  server.RaftServer$Division (RaftServerImpl.java:setRole(290)) - 3eb0204c-99db-4ec7-9985-35999c30dd35@group-2A2EF2D7B2C6: changes role from  FOLLOWER to CANDIDATE at term 0 for changeToCandidate
2022-04-28 13:47:00,631 [3eb0204c-99db-4ec7-9985-35999c30dd35@group-2A2EF2D7B2C6-FollowerState] INFO  server.RaftServerConfigKeys (ConfUtils.java:logGet(44)) - raft.server.leaderelection.pre-vote = false (custom)
2022-04-28 13:47:00,632 [3eb0204c-99db-4ec7-9985-35999c30dd35@group-2A2EF2D7B2C6-FollowerState] INFO  impl.RoleInfo (RoleInfo.java:updateAndGet(130)) - 3eb0204c-99db-4ec7-9985-35999c30dd35: start 3eb0204c-99db-4ec7-9985-35999c30dd35@group-2A2EF2D7B2C6-LeaderElection45
2022-04-28 13:47:00,654 [3eb0204c-99db-4ec7-9985-35999c30dd35@group-2A2EF2D7B2C6-LeaderElection45] INFO  impl.LeaderElection (LeaderElection.java:askForVotes(306)) - 3eb0204c-99db-4ec7-9985-35999c30dd35@group-2A2EF2D7B2C6-LeaderElection45 ELECTION round 0: submit vote requests at term 1 for -1: [3eb0204c-99db-4ec7-9985-35999c30dd35|rpc:10.1.0.6:42899|priority:1], old=null
2022-04-28 13:47:00,655 [3eb0204c-99db-4ec7-9985-35999c30dd35@group-2A2EF2D7B2C6-LeaderElection45] INFO  impl.LeaderElection (LeaderElection.java:askForVotes(308)) - 3eb0204c-99db-4ec7-9985-35999c30dd35@group-2A2EF2D7B2C6-LeaderElection45 ELECTION round 0: result PASSED (term=1)
2022-04-28 13:47:00,655 [3eb0204c-99db-4ec7-9985-35999c30dd35@group-2A2EF2D7B2C6-LeaderElection45] INFO  impl.RoleInfo (RoleInfo.java:shutdownLeaderElection(121)) - 3eb0204c-99db-4ec7-9985-35999c30dd35: shutdown 3eb0204c-99db-4ec7-9985-35999c30dd35@group-2A2EF2D7B2C6-LeaderElection45
2022-04-28 13:47:00,655 [3eb0204c-99db-4ec7-9985-35999c30dd35@group-2A2EF2D7B2C6-LeaderElection45] INFO  server.RaftServer$Division (RaftServerImpl.java:setRole(290)) - 3eb0204c-99db-4ec7-9985-35999c30dd35@group-2A2EF2D7B2C6: changes role from CANDIDATE to LEADER at term 1 for changeToLeader
2022-04-28 13:47:00,655 [3eb0204c-99db-4ec7-9985-35999c30dd35@group-2A2EF2D7B2C6-LeaderElection45] INFO  ratis.XceiverServerRatis (XceiverServerRatis.java:handleLeaderChangedNotification(863)) - Leader change notification received for group: group-2A2EF2D7B2C6 with new leaderId: 3eb0204c-99db-4ec7-9985-35999c30dd35
2022-04-28 13:47:00,655 [3eb0204c-99db-4ec7-9985-35999c30dd35@group-2A2EF2D7B2C6-LeaderElection45] INFO  server.RaftServer$Division (ServerState.java:setLeader(285)) - 3eb0204c-99db-4ec7-9985-35999c30dd35@group-2A2EF2D7B2C6: change Leader from null to 3eb0204c-99db-4ec7-9985-35999c30dd35 at term 1 for becomeLeader, leader elected after 5131ms
2022-04-28 13:47:00,655 [3eb0204c-99db-4ec7-9985-35999c30dd35@group-2A2EF2D7B2C6-LeaderElection45] INFO  server.RaftServerConfigKeys (ConfUtils.java:logGet(44)) - raft.server.staging.catchup.gap = 1000 (default)
2022-04-28 13:47:00,655 [3eb0204c-99db-4ec7-9985-35999c30dd35@group-2A2EF2D7B2C6-LeaderElection45] INFO  server.RaftServerConfigKeys (ConfUtils.java:logGet(44)) - raft.server.write.element-limit = 1024 (custom)
2022-04-28 13:47:00,655 [3eb0204c-99db-4ec7-9985-35999c30dd35@group-2A2EF2D7B2C6-LeaderElection45] INFO  server.RaftServerConfigKeys (ConfUtils.java:logGet(44)) - raft.server.write.byte-limit = 1024 M (=1073741824) (custom)
2022-04-28 13:47:00,656 [3eb0204c-99db-4ec7-9985-35999c30dd35@group-2A2EF2D7B2C6-LeaderElection45] INFO  server.RaftServerConfigKeys (ConfUtils.java:logGet(44)) - raft.server.watch.timeout = 3000ms (custom)
2022-04-28 13:47:00,656 [3eb0204c-99db-4ec7-9985-35999c30dd35@group-2A2EF2D7B2C6-LeaderElection45] INFO  server.RaftServerConfigKeys (ConfUtils.java:logGet(44)) - raft.server.watch.timeout.denomination = 1s (default)
2022-04-28 13:47:00,656 [3eb0204c-99db-4ec7-9985-35999c30dd35@group-2A2EF2D7B2C6-LeaderElection45] INFO  server.RaftServerConfigKeys (ConfUtils.java:logGet(44)) - raft.server.watch.element-limit = 65536 (default)
2022-04-28 13:47:00,656 [3eb0204c-99db-4ec7-9985-35999c30dd35@group-2A2EF2D7B2C6-LeaderElection45] INFO  server.RaftServerConfigKeys (ConfUtils.java:logGet(44)) - raft.server.write.element-limit = 1024 (custom)
2022-04-28 13:47:00,656 [3eb0204c-99db-4ec7-9985-35999c30dd35@group-2A2EF2D7B2C6-LeaderElection45] INFO  server.RaftServerConfigKeys (ConfUtils.java:logGet(44)) - raft.server.write.follower.gap.ratio.max = -1.0 (default)
2022-04-28 13:47:00,656 [3eb0204c-99db-4ec7-9985-35999c30dd35@group-2A2EF2D7B2C6-LeaderElection45] INFO  impl.RoleInfo (RoleInfo.java:updateAndGet(130)) - 3eb0204c-99db-4ec7-9985-35999c30dd35: start 3eb0204c-99db-4ec7-9985-35999c30dd35@group-2A2EF2D7B2C6-LeaderStateImpl
2022-04-28 13:47:00,658 [3eb0204c-99db-4ec7-9985-35999c30dd35@group-2A2EF2D7B2C6-LeaderElection45] INFO  segmented.SegmentedRaftLogWorker (SegmentedRaftLogWorker.java:startLogSegment(394)) - 3eb0204c-99db-4ec7-9985-35999c30dd35@group-2A2EF2D7B2C6-SegmentedRaftLogWorker: Starting segment from index:0
2022-04-28 13:47:00,659 [3eb0204c-99db-4ec7-9985-35999c30dd35@group-2A2EF2D7B2C6-SegmentedRaftLogWorker] INFO  segmented.SegmentedRaftLogWorker (SegmentedRaftLogWorker.java:execute(601)) - 3eb0204c-99db-4ec7-9985-35999c30dd35@group-2A2EF2D7B2C6-SegmentedRaftLogWorker: created new log segment /home/runner/work/ozone/ozone/hadoop-ozone/integration-test/target/test-dir/MiniOzoneClusterImpl-b83af172-7a36-4ee1-b1b1-9a7292f569f3/datanode-3/data/ratis/ac0beb0b-ff03-4980-8709-2a2ef2d7b2c6/current/log_inprogress_0
2022-04-28 13:47:00,670 [3eb0204c-99db-4ec7-9985-35999c30dd35@group-2A2EF2D7B2C6-LeaderElection45] INFO  server.RaftServer$Division (ServerState.java:setRaftConf(387)) - 3eb0204c-99db-4ec7-9985-35999c30dd35@group-2A2EF2D7B2C6: set configuration 0: [3eb0204c-99db-4ec7-9985-35999c30dd35|rpc:10.1.0.6:42899|dataStream:|priority:1], old=null
2022-04-28 13:47:00,670 [3eb0204c-99db-4ec7-9985-35999c30dd35@group-F936F465787F-FollowerState] INFO  impl.FollowerState (FollowerState.java:run(134)) - 3eb0204c-99db-4ec7-9985-35999c30dd35@group-F936F465787F-FollowerState: change to CANDIDATE, lastRpcElapsedTime:5111691951ns, electionTimeout:5108ms
2022-04-28 13:47:00,671 [3eb0204c-99db-4ec7-9985-35999c30dd35@group-F936F465787F-FollowerState] INFO  impl.RoleInfo (RoleInfo.java:shutdownFollowerState(108)) - 3eb0204c-99db-4ec7-9985-35999c30dd35: shutdown 3eb0204c-99db-4ec7-9985-35999c30dd35@group-F936F465787F-FollowerState
2022-04-28 13:47:00,671 [3eb0204c-99db-4ec7-9985-35999c30dd35@group-F936F465787F-FollowerState] INFO  server.RaftServer$Division (RaftServerImpl.java:setRole(290)) - 3eb0204c-99db-4ec7-9985-35999c30dd35@group-F936F465787F: changes role from  FOLLOWER to CANDIDATE at term 0 for changeToCandidate
2022-04-28 13:47:00,671 [3eb0204c-99db-4ec7-9985-35999c30dd35@group-F936F465787F-FollowerState] INFO  server.RaftServerConfigKeys (ConfUtils.java:logGet(44)) - raft.server.leaderelection.pre-vote = false (custom)
2022-04-28 13:47:00,671 [3eb0204c-99db-4ec7-9985-35999c30dd35@group-F936F465787F-FollowerState] INFO  impl.RoleInfo (RoleInfo.java:updateAndGet(130)) - 3eb0204c-99db-4ec7-9985-35999c30dd35: start 3eb0204c-99db-4ec7-9985-35999c30dd35@group-F936F465787F-LeaderElection46
2022-04-28 13:47:00,678 [3eb0204c-99db-4ec7-9985-35999c30dd35@group-F936F465787F-LeaderElection46] INFO  impl.LeaderElection (LeaderElection.java:askForVotes(306)) - 3eb0204c-99db-4ec7-9985-35999c30dd35@group-F936F465787F-LeaderElection46 ELECTION round 0: submit vote requests at term 1 for -1: [5b824b54-a886-40a6-8fd7-e73a2bee4a5c|rpc:10.1.0.6:43771|priority:0, 3eb0204c-99db-4ec7-9985-35999c30dd35|rpc:10.1.0.6:42899|priority:1, 0f8914ae-8a7a-42c5-8d1b-d8caec49e59b|rpc:10.1.0.6:36085|priority:0], old=null
2022-04-28 13:47:00,707 [grpc-default-executor-0] INFO  server.RaftServer$Division (RaftServerImpl.java:requestVote(1046)) - 5b824b54-a886-40a6-8fd7-e73a2bee4a5c@group-F936F465787F: receive requestVote(ELECTION, 3eb0204c-99db-4ec7-9985-35999c30dd35, group-F936F465787F, 1, (t:0, i:0))
2022-04-28 13:47:00,707 [grpc-default-executor-0] INFO  impl.VoteContext (VoteContext.java:log(48)) - 5b824b54-a886-40a6-8fd7-e73a2bee4a5c@group-F936F465787F-FOLLOWER: accept ELECTION from 3eb0204c-99db-4ec7-9985-35999c30dd35: our priority 0 <= candidate's priority 1
2022-04-28 13:47:00,707 [grpc-default-executor-0] INFO  server.RaftServer$Division (RaftServerImpl.java:setRole(290)) - 5b824b54-a886-40a6-8fd7-e73a2bee4a5c@group-F936F465787F: changes role from  FOLLOWER to FOLLOWER at term 1 for candidate:3eb0204c-99db-4ec7-9985-35999c30dd35
2022-04-28 13:47:00,707 [grpc-default-executor-0] INFO  impl.RoleInfo (RoleInfo.java:shutdownFollowerState(108)) - 5b824b54-a886-40a6-8fd7-e73a2bee4a5c: shutdown 5b824b54-a886-40a6-8fd7-e73a2bee4a5c@group-F936F465787F-FollowerState
2022-04-28 13:47:00,707 [grpc-default-executor-0] INFO  impl.RoleInfo (RoleInfo.java:updateAndGet(130)) - 5b824b54-a886-40a6-8fd7-e73a2bee4a5c: start 5b824b54-a886-40a6-8fd7-e73a2bee4a5c@group-F936F465787F-FollowerState
2022-04-28 13:47:00,709 [5b824b54-a886-40a6-8fd7-e73a2bee4a5c@group-F936F465787F-FollowerState] INFO  impl.FollowerState (FollowerState.java:run(143)) - 5b824b54-a886-40a6-8fd7-e73a2bee4a5c@group-F936F465787F-FollowerState was interrupted: {}
java.lang.InterruptedException: sleep interrupted
	at java.lang.Thread.sleep(Native Method)
	at java.lang.Thread.sleep(Thread.java:342)
	at java.util.concurrent.TimeUnit.sleep(TimeUnit.java:386)
	at org.apache.ratis.util.TimeDuration.sleep(TimeDuration.java:324)
	at org.apache.ratis.util.TimeDuration.sleep(TimeDuration.java:309)
	at org.apache.ratis.server.impl.FollowerState.run(FollowerState.java:118)
2022-04-28 13:47:00,709 [grpc-default-executor-0] INFO  server.RaftServer$Division (RaftServerImpl.java:requestVote(1078)) - 5b824b54-a886-40a6-8fd7-e73a2bee4a5c@group-F936F465787F replies to ELECTION vote request: 3eb0204c-99db-4ec7-9985-35999c30dd35<-5b824b54-a886-40a6-8fd7-e73a2bee4a5c#0:OK-t1. Peer's state: 5b824b54-a886-40a6-8fd7-e73a2bee4a5c@group-F936F465787F:t1, leader=null, voted=3eb0204c-99db-4ec7-9985-35999c30dd35, raftlog=5b824b54-a886-40a6-8fd7-e73a2bee4a5c@group-F936F465787F-SegmentedRaftLog:OPENED:c-1, conf=-1: [5b824b54-a886-40a6-8fd7-e73a2bee4a5c|rpc:10.1.0.6:43771|dataStream:|priority:0, 3eb0204c-99db-4ec7-9985-35999c30dd35|rpc:10.1.0.6:42899|dataStream:|priority:1, 0f8914ae-8a7a-42c5-8d1b-d8caec49e59b|rpc:10.1.0.6:36085|dataStream:|priority:0], old=null
2022-04-28 13:47:00,732 [3eb0204c-99db-4ec7-9985-35999c30dd35@group-F936F465787F-LeaderElection46] INFO  impl.LeaderElection (LeaderElection.java:logAndReturn(89)) - 3eb0204c-99db-4ec7-9985-35999c30dd35@group-F936F465787F-LeaderElection46: ELECTION PASSED received 1 response(s) and 0 exception(s):
2022-04-28 13:47:00,732 [3eb0204c-99db-4ec7-9985-35999c30dd35@group-F936F465787F-LeaderElection46] INFO  impl.LeaderElection (LeaderElection.java:logAndReturn(93)) -   Response 0: 3eb0204c-99db-4ec7-9985-35999c30dd35<-5b824b54-a886-40a6-8fd7-e73a2bee4a5c#0:OK-t1
2022-04-28 13:47:00,732 [3eb0204c-99db-4ec7-9985-35999c30dd35@group-F936F465787F-LeaderElection46] INFO  impl.LeaderElection (LeaderElection.java:askForVotes(308)) - 3eb0204c-99db-4ec7-9985-35999c30dd35@group-F936F465787F-LeaderElection46 ELECTION round 0: result PASSED
2022-04-28 13:47:00,732 [3eb0204c-99db-4ec7-9985-35999c30dd35@group-F936F465787F-LeaderElection46] INFO  impl.RoleInfo (RoleInfo.java:shutdownLeaderElection(121)) - 3eb0204c-99db-4ec7-9985-35999c30dd35: shutdown 3eb0204c-99db-4ec7-9985-35999c30dd35@group-F936F465787F-LeaderElection46
2022-04-28 13:47:00,732 [3eb0204c-99db-4ec7-9985-35999c30dd35@group-F936F465787F-LeaderElection46] INFO  server.RaftServer$Division (RaftServerImpl.java:setRole(290)) - 3eb0204c-99db-4ec7-9985-35999c30dd35@group-F936F465787F: changes role from CANDIDATE to LEADER at term 1 for changeToLeader
2022-04-28 13:47:00,732 [3eb0204c-99db-4ec7-9985-35999c30dd35@group-F936F465787F-LeaderElection46] INFO  ratis.XceiverServerRatis (XceiverServerRatis.java:handleLeaderChangedNotification(863)) - Leader change notification received for group: group-F936F465787F with new leaderId: 3eb0204c-99db-4ec7-9985-35999c30dd35
2022-04-28 13:47:00,733 [0f8914ae-8a7a-42c5-8d1b-d8caec49e59b@group-F936F465787F-FollowerState] INFO  impl.FollowerState (FollowerState.java:run(134)) - 0f8914ae-8a7a-42c5-8d1b-d8caec49e59b@group-F936F465787F-FollowerState: change to CANDIDATE, lastRpcElapsedTime:5005410635ns, electionTimeout:5004ms
2022-04-28 13:47:00,733 [3eb0204c-99db-4ec7-9985-35999c30dd35@group-F936F465787F-LeaderElection46] INFO  server.RaftServer$Division (ServerState.java:setLeader(285)) - 3eb0204c-99db-4ec7-9985-35999c30dd35@group-F936F465787F: change Leader from null to 3eb0204c-99db-4ec7-9985-35999c30dd35 at term 1 for becomeLeader, leader elected after 5185ms
2022-04-28 13:47:00,733 [3eb0204c-99db-4ec7-9985-35999c30dd35@group-F936F465787F-LeaderElection46] INFO  server.RaftServerConfigKeys (ConfUtils.java:logGet(44)) - raft.server.staging.catchup.gap = 1000 (default)
2022-04-28 13:47:00,733 [0f8914ae-8a7a-42c5-8d1b-d8caec49e59b@group-F936F465787F-FollowerState] INFO  impl.RoleInfo (RoleInfo.java:shutdownFollowerState(108)) - 0f8914ae-8a7a-42c5-8d1b-d8caec49e59b: shutdown 0f8914ae-8a7a-42c5-8d1b-d8caec49e59b@group-F936F465787F-FollowerState
2022-04-28 13:47:00,733 [0f8914ae-8a7a-42c5-8d1b-d8caec49e59b@group-F936F465787F-FollowerState] INFO  server.RaftServer$Division (RaftServerImpl.java:setRole(290)) - 0f8914ae-8a7a-42c5-8d1b-d8caec49e59b@group-F936F465787F: changes role from  FOLLOWER to CANDIDATE at term 0 for changeToCandidate
2022-04-28 13:47:00,733 [3eb0204c-99db-4ec7-9985-35999c30dd35@group-F936F465787F-LeaderElection46] INFO  server.RaftServerConfigKeys (ConfUtils.java:logGet(44)) - raft.server.write.element-limit = 1024 (custom)
2022-04-28 13:47:00,733 [grpc-default-executor-4] INFO  server.RaftServer$Division (RaftServerImpl.java:requestVote(1046)) - 0f8914ae-8a7a-42c5-8d1b-d8caec49e59b@group-F936F465787F: receive requestVote(ELECTION, 3eb0204c-99db-4ec7-9985-35999c30dd35, group-F936F465787F, 1, (t:0, i:0))
2022-04-28 13:47:00,734 [3eb0204c-99db-4ec7-9985-35999c30dd35@group-F936F465787F-LeaderElection46] INFO  server.RaftServerConfigKeys (ConfUtils.java:logGet(44)) - raft.server.write.byte-limit = 1024 M (=1073741824) (custom)
2022-04-28 13:47:00,734 [3eb0204c-99db-4ec7-9985-35999c30dd35@group-F936F465787F-LeaderElection46] INFO  server.RaftServerConfigKeys (ConfUtils.java:logGet(44)) - raft.server.watch.timeout = 3000ms (custom)
2022-04-28 13:47:00,734 [3eb0204c-99db-4ec7-9985-35999c30dd35@group-F936F465787F-LeaderElection46] INFO  server.RaftServerConfigKeys (ConfUtils.java:logGet(44)) - raft.server.watch.timeout.denomination = 1s (default)
2022-04-28 13:47:00,734 [3eb0204c-99db-4ec7-9985-35999c30dd35@group-F936F465787F-LeaderElection46] INFO  server.RaftServerConfigKeys (ConfUtils.java:logGet(44)) - raft.server.watch.element-limit = 65536 (default)
2022-04-28 13:47:00,734 [3eb0204c-99db-4ec7-9985-35999c30dd35@group-F936F465787F-LeaderElection46] INFO  server.RaftServerConfigKeys (ConfUtils.java:logGet(44)) - raft.server.write.element-limit = 1024 (custom)
2022-04-28 13:47:00,734 [3eb0204c-99db-4ec7-9985-35999c30dd35@group-F936F465787F-LeaderElection46] INFO  server.RaftServerConfigKeys (ConfUtils.java:logGet(44)) - raft.server.write.follower.gap.ratio.max = -1.0 (default)
2022-04-28 13:47:00,734 [3eb0204c-99db-4ec7-9985-35999c30dd35@group-F936F465787F-LeaderElection46] INFO  server.RaftServerConfigKeys (ConfUtils.java:logGet(44)) - raft.server.log.appender.snapshot.chunk.size.max = 16MB (=16777216) (default)
2022-04-28 13:47:00,734 [3eb0204c-99db-4ec7-9985-35999c30dd35@group-F936F465787F-LeaderElection46] INFO  server.RaftServerConfigKeys (ConfUtils.java:logGet(44)) - raft.server.log.appender.buffer.byte-limit = 33554432 (custom)
2022-04-28 13:47:00,735 [3eb0204c-99db-4ec7-9985-35999c30dd35@group-F936F465787F-LeaderElection46] INFO  server.RaftServerConfigKeys (ConfUtils.java:logGet(44)) - raft.server.log.appender.buffer.element-limit = 1 (custom)
2022-04-28 13:47:00,735 [3eb0204c-99db-4ec7-9985-35999c30dd35@group-F936F465787F-LeaderElection46] INFO  grpc.GrpcConfigKeys (ConfUtils.java:logGet(44)) - raft.grpc.server.leader.outstanding.appends.max = 128 (default)
2022-04-28 13:47:00,735 [3eb0204c-99db-4ec7-9985-35999c30dd35@group-F936F465787F-LeaderElection46] INFO  server.RaftServerConfigKeys (ConfUtils.java:logGet(44)) - raft.server.rpc.request.timeout = 3000ms (default)
2022-04-28 13:47:00,736 [0f8914ae-8a7a-42c5-8d1b-d8caec49e59b@group-F936F465787F-FollowerState] INFO  server.RaftServerConfigKeys (ConfUtils.java:logGet(44)) - raft.server.leaderelection.pre-vote = false (custom)
2022-04-28 13:47:00,741 [0f8914ae-8a7a-42c5-8d1b-d8caec49e59b@group-F936F465787F-FollowerState] INFO  impl.RoleInfo (RoleInfo.java:updateAndGet(130)) - 0f8914ae-8a7a-42c5-8d1b-d8caec49e59b: start 0f8914ae-8a7a-42c5-8d1b-d8caec49e59b@group-F936F465787F-LeaderElection47
2022-04-28 13:47:00,742 [EventQueue-PipelineReportForPipelineReportHandler] INFO  pipeline.PipelineManagerImpl (PipelineManagerImpl.java:openPipeline(328)) - Pipeline Pipeline[ Id: 9f08862b-36d1-475c-84df-f936f465787f, Nodes: 3eb0204c-99db-4ec7-9985-35999c30dd35{ip: 10.1.0.6, host: fv-az294-869.eaanfquahm5ulb5tj050gcxych.jx.internal.cloudapp.net, ports: [REPLICATION=37193, RATIS=42899, RATIS_ADMIN=42899, RATIS_SERVER=42899, STANDALONE=36779], networkLocation: /default-rack, certSerialId: null, persistedOpState: IN_SERVICE, persistedOpStateExpiryEpochSec: 0}5b824b54-a886-40a6-8fd7-e73a2bee4a5c{ip: 10.1.0.6, host: fv-az294-869.eaanfquahm5ulb5tj050gcxych.jx.internal.cloudapp.net, ports: [REPLICATION=44843, RATIS=43771, RATIS_ADMIN=43771, RATIS_SERVER=43771, STANDALONE=37173], networkLocation: /default-rack, certSerialId: null, persistedOpState: IN_SERVICE, persistedOpStateExpiryEpochSec: 0}0f8914ae-8a7a-42c5-8d1b-d8caec49e59b{ip: 10.1.0.6, host: fv-az294-869.eaanfquahm5ulb5tj050gcxych.jx.internal.cloudapp.net, ports: [REPLICATION=43375, RATIS=36085, RATIS_ADMIN=36085, RATIS_SERVER=36085, STANDALONE=42911], networkLocation: /default-rack, certSerialId: null, persistedOpState: IN_SERVICE, persistedOpStateExpiryEpochSec: 0}, ReplicationConfig: RATIS/THREE, State:ALLOCATED, leaderId:3eb0204c-99db-4ec7-9985-35999c30dd35, CreationTimestamp2022-04-28T13:46:53.852Z[Etc/UTC]] moved to OPEN state
2022-04-28 13:47:00,741 [3eb0204c-99db-4ec7-9985-35999c30dd35@group-F936F465787F-LeaderElection46] INFO  server.RaftServerConfigKeys (ConfUtils.java:logGet(44)) - raft.server.log.appender.install.snapshot.enabled = false (custom)
2022-04-28 13:47:00,744 [3eb0204c-99db-4ec7-9985-35999c30dd35@group-F936F465787F-LeaderElection46] INFO  server.RaftServerConfigKeys (ConfUtils.java:logGet(44)) - raft.server.log.appender.snapshot.chunk.size.max = 16MB (=16777216) (default)
2022-04-28 13:47:00,745 [3eb0204c-99db-4ec7-9985-35999c30dd35@group-F936F465787F-LeaderElection46] INFO  server.RaftServerConfigKeys (ConfUtils.java:logGet(44)) - raft.server.log.appender.buffer.byte-limit = 33554432 (custom)
2022-04-28 13:47:00,745 [3eb0204c-99db-4ec7-9985-35999c30dd35@group-F936F465787F-LeaderElection46] INFO  server.RaftServerConfigKeys (ConfUtils.java:logGet(44)) - raft.server.log.appender.buffer.element-limit = 1 (custom)
2022-04-28 13:47:00,758 [grpc-default-executor-4] INFO  impl.VoteContext (VoteContext.java:log(48)) - 0f8914ae-8a7a-42c5-8d1b-d8caec49e59b@group-F936F465787F-CANDIDATE: accept ELECTION from 3eb0204c-99db-4ec7-9985-35999c30dd35: our priority 0 <= candidate's priority 1
2022-04-28 13:47:00,759 [3eb0204c-99db-4ec7-9985-35999c30dd35@group-F936F465787F-LeaderElection46] INFO  grpc.GrpcConfigKeys (ConfUtils.java:logGet(44)) - raft.grpc.server.leader.outstanding.appends.max = 128 (default)
2022-04-28 13:47:00,759 [3eb0204c-99db-4ec7-9985-35999c30dd35@group-F936F465787F-LeaderElection46] INFO  server.RaftServerConfigKeys (ConfUtils.java:logGet(44)) - raft.server.rpc.request.timeout = 3000ms (default)
2022-04-28 13:47:00,759 [3eb0204c-99db-4ec7-9985-35999c30dd35@group-F936F465787F-LeaderElection46] INFO  server.RaftServerConfigKeys (ConfUtils.java:logGet(44)) - raft.server.log.appender.install.snapshot.enabled = false (custom)
2022-04-28 13:47:00,760 [3eb0204c-99db-4ec7-9985-35999c30dd35@group-F936F465787F-LeaderElection46] INFO  impl.RoleInfo (RoleInfo.java:updateAndGet(130)) - 3eb0204c-99db-4ec7-9985-35999c30dd35: start 3eb0204c-99db-4ec7-9985-35999c30dd35@group-F936F465787F-LeaderStateImpl
2022-04-28 13:47:00,760 [3eb0204c-99db-4ec7-9985-35999c30dd35@group-F936F465787F-LeaderElection46] INFO  segmented.SegmentedRaftLogWorker (SegmentedRaftLogWorker.java:startLogSegment(394)) - 3eb0204c-99db-4ec7-9985-35999c30dd35@group-F936F465787F-SegmentedRaftLogWorker: Starting segment from index:0
2022-04-28 13:47:00,759 [grpc-default-executor-4] INFO  server.RaftServer$Division (RaftServerImpl.java:setRole(290)) - 0f8914ae-8a7a-42c5-8d1b-d8caec49e59b@group-F936F465787F: changes role from CANDIDATE to FOLLOWER at term 1 for candidate:3eb0204c-99db-4ec7-9985-35999c30dd35
2022-04-28 13:47:00,761 [grpc-default-executor-4] INFO  impl.RoleInfo (RoleInfo.java:shutdownLeaderElection(121)) - 0f8914ae-8a7a-42c5-8d1b-d8caec49e59b: shutdown 0f8914ae-8a7a-42c5-8d1b-d8caec49e59b@group-F936F465787F-LeaderElection47
2022-04-28 13:47:00,761 [3eb0204c-99db-4ec7-9985-35999c30dd35@group-F936F465787F-SegmentedRaftLogWorker] INFO  segmented.SegmentedRaftLogWorker (SegmentedRaftLogWorker.java:execute(601)) - 3eb0204c-99db-4ec7-9985-35999c30dd35@group-F936F465787F-SegmentedRaftLogWorker: created new log segment /home/runner/work/ozone/ozone/hadoop-ozone/integration-test/target/test-dir/MiniOzoneClusterImpl-b83af172-7a36-4ee1-b1b1-9a7292f569f3/datanode-3/data/ratis/9f08862b-36d1-475c-84df-f936f465787f/current/log_inprogress_0
2022-04-28 13:47:00,770 [0f8914ae-8a7a-42c5-8d1b-d8caec49e59b@group-F936F465787F-LeaderElection47] INFO  impl.LeaderElection (LeaderElection.java:run(230)) - 0f8914ae-8a7a-42c5-8d1b-d8caec49e59b@group-F936F465787F-LeaderElection47: skip running since this is already CLOSING
2022-04-28 13:47:00,771 [grpc-default-executor-4] INFO  impl.RoleInfo (RoleInfo.java:updateAndGet(130)) - 0f8914ae-8a7a-42c5-8d1b-d8caec49e59b: start 0f8914ae-8a7a-42c5-8d1b-d8caec49e59b@group-F936F465787F-FollowerState
2022-04-28 13:47:00,783 [3eb0204c-99db-4ec7-9985-35999c30dd35@group-F936F465787F-LeaderElection46] INFO  server.RaftServer$Division (ServerState.java:setRaftConf(387)) - 3eb0204c-99db-4ec7-9985-35999c30dd35@group-F936F465787F: set configuration 0: [5b824b54-a886-40a6-8fd7-e73a2bee4a5c|rpc:10.1.0.6:43771|dataStream:|priority:0, 3eb0204c-99db-4ec7-9985-35999c30dd35|rpc:10.1.0.6:42899|dataStream:|priority:1, 0f8914ae-8a7a-42c5-8d1b-d8caec49e59b|rpc:10.1.0.6:36085|dataStream:|priority:0], old=null
2022-04-28 13:47:00,793 [grpc-default-executor-4] INFO  server.RaftServer$Division (RaftServerImpl.java:requestVote(1078)) - 0f8914ae-8a7a-42c5-8d1b-d8caec49e59b@group-F936F465787F replies to ELECTION vote request: 3eb0204c-99db-4ec7-9985-35999c30dd35<-0f8914ae-8a7a-42c5-8d1b-d8caec49e59b#0:OK-t1. Peer's state: 0f8914ae-8a7a-42c5-8d1b-d8caec49e59b@group-F936F465787F:t1, leader=null, voted=3eb0204c-99db-4ec7-9985-35999c30dd35, raftlog=0f8914ae-8a7a-42c5-8d1b-d8caec49e59b@group-F936F465787F-SegmentedRaftLog:OPENED:c-1, conf=-1: [5b824b54-a886-40a6-8fd7-e73a2bee4a5c|rpc:10.1.0.6:43771|dataStream:|priority:0, 3eb0204c-99db-4ec7-9985-35999c30dd35|rpc:10.1.0.6:42899|dataStream:|priority:1, 0f8914ae-8a7a-42c5-8d1b-d8caec49e59b|rpc:10.1.0.6:36085|dataStream:|priority:0], old=null
2022-04-28 13:47:00,793 [grpc-default-executor-2] INFO  ratis.XceiverServerRatis (XceiverServerRatis.java:handleLeaderChangedNotification(863)) - Leader change notification received for group: group-F936F465787F with new leaderId: 3eb0204c-99db-4ec7-9985-35999c30dd35
2022-04-28 13:47:00,793 [grpc-default-executor-2] INFO  server.RaftServer$Division (ServerState.java:setLeader(285)) - 0f8914ae-8a7a-42c5-8d1b-d8caec49e59b@group-F936F465787F: change Leader from null to 3eb0204c-99db-4ec7-9985-35999c30dd35 at term 1 for appendEntries, leader elected after 5077ms
2022-04-28 13:47:00,817 [grpc-default-executor-0] INFO  ratis.XceiverServerRatis (XceiverServerRatis.java:handleLeaderChangedNotification(863)) - Leader change notification received for group: group-F936F465787F with new leaderId: 3eb0204c-99db-4ec7-9985-35999c30dd35
2022-04-28 13:47:00,818 [grpc-default-executor-0] INFO  server.RaftServer$Division (ServerState.java:setLeader(285)) - 5b824b54-a886-40a6-8fd7-e73a2bee4a5c@group-F936F465787F: change Leader from null to 3eb0204c-99db-4ec7-9985-35999c30dd35 at term 1 for appendEntries, leader elected after 5208ms
2022-04-28 13:47:00,829 [grpc-default-executor-4] INFO  server.RaftServer$Division (ServerState.java:setRaftConf(387)) - 0f8914ae-8a7a-42c5-8d1b-d8caec49e59b@group-F936F465787F: set configuration 0: [5b824b54-a886-40a6-8fd7-e73a2bee4a5c|rpc:10.1.0.6:43771|dataStream:|priority:0, 3eb0204c-99db-4ec7-9985-35999c30dd35|rpc:10.1.0.6:42899|dataStream:|priority:1, 0f8914ae-8a7a-42c5-8d1b-d8caec49e59b|rpc:10.1.0.6:36085|dataStream:|priority:0], old=null
2022-04-28 13:47:00,829 [grpc-default-executor-0] INFO  server.RaftServer$Division (ServerState.java:setRaftConf(387)) - 5b824b54-a886-40a6-8fd7-e73a2bee4a5c@group-F936F465787F: set configuration 0: [5b824b54-a886-40a6-8fd7-e73a2bee4a5c|rpc:10.1.0.6:43771|dataStream:|priority:0, 3eb0204c-99db-4ec7-9985-35999c30dd35|rpc:10.1.0.6:42899|dataStream:|priority:1, 0f8914ae-8a7a-42c5-8d1b-d8caec49e59b|rpc:10.1.0.6:36085|dataStream:|priority:0], old=null
2022-04-28 13:47:00,829 [grpc-default-executor-4] INFO  segmented.SegmentedRaftLogWorker (SegmentedRaftLogWorker.java:startLogSegment(394)) - 0f8914ae-8a7a-42c5-8d1b-d8caec49e59b@group-F936F465787F-SegmentedRaftLogWorker: Starting segment from index:0
2022-04-28 13:47:00,832 [grpc-default-executor-0] INFO  segmented.SegmentedRaftLogWorker (SegmentedRaftLogWorker.java:startLogSegment(394)) - 5b824b54-a886-40a6-8fd7-e73a2bee4a5c@group-F936F465787F-SegmentedRaftLogWorker: Starting segment from index:0
2022-04-28 13:47:00,834 [5b824b54-a886-40a6-8fd7-e73a2bee4a5c@group-F936F465787F-SegmentedRaftLogWorker] INFO  segmented.SegmentedRaftLogWorker (SegmentedRaftLogWorker.java:execute(601)) - 5b824b54-a886-40a6-8fd7-e73a2bee4a5c@group-F936F465787F-SegmentedRaftLogWorker: created new log segment /home/runner/work/ozone/ozone/hadoop-ozone/integration-test/target/test-dir/MiniOzoneClusterImpl-b83af172-7a36-4ee1-b1b1-9a7292f569f3/datanode-4/data/ratis/9f08862b-36d1-475c-84df-f936f465787f/current/log_inprogress_0
2022-04-28 13:47:00,834 [0f8914ae-8a7a-42c5-8d1b-d8caec49e59b@group-F936F465787F-SegmentedRaftLogWorker] INFO  segmented.SegmentedRaftLogWorker (SegmentedRaftLogWorker.java:execute(601)) - 0f8914ae-8a7a-42c5-8d1b-d8caec49e59b@group-F936F465787F-SegmentedRaftLogWorker: created new log segment /home/runner/work/ozone/ozone/hadoop-ozone/integration-test/target/test-dir/MiniOzoneClusterImpl-b83af172-7a36-4ee1-b1b1-9a7292f569f3/datanode-5/data/ratis/9f08862b-36d1-475c-84df-f936f465787f/current/log_inprogress_0
2022-04-28 13:47:00,947 [5b824b54-a886-40a6-8fd7-e73a2bee4a5c@group-B4C1D7519224-FollowerState] INFO  impl.FollowerState (FollowerState.java:run(134)) - 5b824b54-a886-40a6-8fd7-e73a2bee4a5c@group-B4C1D7519224-FollowerState: change to CANDIDATE, lastRpcElapsedTime:5098419511ns, electionTimeout:5096ms
2022-04-28 13:47:00,947 [5b824b54-a886-40a6-8fd7-e73a2bee4a5c@group-B4C1D7519224-FollowerState] INFO  impl.RoleInfo (RoleInfo.java:shutdownFollowerState(108)) - 5b824b54-a886-40a6-8fd7-e73a2bee4a5c: shutdown 5b824b54-a886-40a6-8fd7-e73a2bee4a5c@group-B4C1D7519224-FollowerState
2022-04-28 13:47:00,947 [5b824b54-a886-40a6-8fd7-e73a2bee4a5c@group-B4C1D7519224-FollowerState] INFO  server.RaftServer$Division (RaftServerImpl.java:setRole(290)) - 5b824b54-a886-40a6-8fd7-e73a2bee4a5c@group-B4C1D7519224: changes role from  FOLLOWER to CANDIDATE at term 0 for changeToCandidate
2022-04-28 13:47:00,949 [5b824b54-a886-40a6-8fd7-e73a2bee4a5c@group-B4C1D7519224-FollowerState] INFO  server.RaftServerConfigKeys (ConfUtils.java:logGet(44)) - raft.server.leaderelection.pre-vote = false (custom)
2022-04-28 13:47:00,949 [5b824b54-a886-40a6-8fd7-e73a2bee4a5c@group-B4C1D7519224-FollowerState] INFO  impl.RoleInfo (RoleInfo.java:updateAndGet(130)) - 5b824b54-a886-40a6-8fd7-e73a2bee4a5c: start 5b824b54-a886-40a6-8fd7-e73a2bee4a5c@group-B4C1D7519224-LeaderElection48
2022-04-28 13:47:00,960 [3eb0204c-99db-4ec7-9985-35999c30dd35@group-B4C1D7519224-FollowerState] INFO  impl.FollowerState (FollowerState.java:run(134)) - 3eb0204c-99db-4ec7-9985-35999c30dd35@group-B4C1D7519224-FollowerState: change to CANDIDATE, lastRpcElapsedTime:5142818243ns, electionTimeout:5142ms
2022-04-28 13:47:00,960 [3eb0204c-99db-4ec7-9985-35999c30dd35@group-B4C1D7519224-FollowerState] INFO  impl.RoleInfo (RoleInfo.java:shutdownFollowerState(108)) - 3eb0204c-99db-4ec7-9985-35999c30dd35: shutdown 3eb0204c-99db-4ec7-9985-35999c30dd35@group-B4C1D7519224-FollowerState
2022-04-28 13:47:00,960 [3eb0204c-99db-4ec7-9985-35999c30dd35@group-B4C1D7519224-FollowerState] INFO  server.RaftServer$Division (RaftServerImpl.java:setRole(290)) - 3eb0204c-99db-4ec7-9985-35999c30dd35@group-B4C1D7519224: changes role from  FOLLOWER to CANDIDATE at term 0 for changeToCandidate
2022-04-28 13:47:00,960 [3eb0204c-99db-4ec7-9985-35999c30dd35@group-B4C1D7519224-FollowerState] INFO  server.RaftServerConfigKeys (ConfUtils.java:logGet(44)) - raft.server.leaderelection.pre-vote = false (custom)
2022-04-28 13:47:00,960 [3eb0204c-99db-4ec7-9985-35999c30dd35@group-B4C1D7519224-FollowerState] INFO  impl.RoleInfo (RoleInfo.java:updateAndGet(130)) - 3eb0204c-99db-4ec7-9985-35999c30dd35: start 3eb0204c-99db-4ec7-9985-35999c30dd35@group-B4C1D7519224-LeaderElection49
2022-04-28 13:47:00,973 [5b824b54-a886-40a6-8fd7-e73a2bee4a5c@group-B4C1D7519224-LeaderElection48] INFO  impl.LeaderElection (LeaderElection.java:askForVotes(306)) - 5b824b54-a886-40a6-8fd7-e73a2bee4a5c@group-B4C1D7519224-LeaderElection48 ELECTION round 0: submit vote requests at term 1 for -1: [5b824b54-a886-40a6-8fd7-e73a2bee4a5c|rpc:10.1.0.6:43771|dataStream:|priority:1, 3eb0204c-99db-4ec7-9985-35999c30dd35|rpc:10.1.0.6:42899|dataStream:|priority:0, 0f8914ae-8a7a-42c5-8d1b-d8caec49e59b|rpc:10.1.0.6:36085|dataStream:|priority:0], old=null
2022-04-28 13:47:00,993 [0f8914ae-8a7a-42c5-8d1b-d8caec49e59b@group-B4C1D7519224-FollowerState] INFO  impl.FollowerState (FollowerState.java:run(134)) - 0f8914ae-8a7a-42c5-8d1b-d8caec49e59b@group-B4C1D7519224-FollowerState: change to CANDIDATE, lastRpcElapsedTime:5073465237ns, electionTimeout:5072ms
2022-04-28 13:47:00,993 [0f8914ae-8a7a-42c5-8d1b-d8caec49e59b@group-B4C1D7519224-FollowerState] INFO  impl.RoleInfo (RoleInfo.java:shutdownFollowerState(108)) - 0f8914ae-8a7a-42c5-8d1b-d8caec49e59b: shutdown 0f8914ae-8a7a-42c5-8d1b-d8caec49e59b@group-B4C1D7519224-FollowerState
2022-04-28 13:47:00,993 [0f8914ae-8a7a-42c5-8d1b-d8caec49e59b@group-B4C1D7519224-FollowerState] INFO  server.RaftServer$Division (RaftServerImpl.java:setRole(290)) - 0f8914ae-8a7a-42c5-8d1b-d8caec49e59b@group-B4C1D7519224: changes role from  FOLLOWER to CANDIDATE at term 0 for changeToCandidate
2022-04-28 13:47:00,993 [0f8914ae-8a7a-42c5-8d1b-d8caec49e59b@group-B4C1D7519224-FollowerState] INFO  server.RaftServerConfigKeys (ConfUtils.java:logGet(44)) - raft.server.leaderelection.pre-vote = false (custom)
2022-04-28 13:47:00,993 [0f8914ae-8a7a-42c5-8d1b-d8caec49e59b@group-B4C1D7519224-FollowerState] INFO  impl.RoleInfo (RoleInfo.java:updateAndGet(130)) - 0f8914ae-8a7a-42c5-8d1b-d8caec49e59b: start 0f8914ae-8a7a-42c5-8d1b-d8caec49e59b@group-B4C1D7519224-LeaderElection50
2022-04-28 13:47:00,994 [3eb0204c-99db-4ec7-9985-35999c30dd35@group-B4C1D7519224-LeaderElection49] INFO  impl.LeaderElection (LeaderElection.java:askForVotes(306)) - 3eb0204c-99db-4ec7-9985-35999c30dd35@group-B4C1D7519224-LeaderElection49 ELECTION round 0: submit vote requests at term 1 for -1: [5b824b54-a886-40a6-8fd7-e73a2bee4a5c|rpc:10.1.0.6:43771|priority:1, 3eb0204c-99db-4ec7-9985-35999c30dd35|rpc:10.1.0.6:42899|priority:0, 0f8914ae-8a7a-42c5-8d1b-d8caec49e59b|rpc:10.1.0.6:36085|priority:0], old=null
2022-04-28 13:47:00,996 [grpc-default-executor-2] INFO  server.RaftServer$Division (RaftServerImpl.java:requestVote(1046)) - 3eb0204c-99db-4ec7-9985-35999c30dd35@group-B4C1D7519224: receive requestVote(ELECTION, 5b824b54-a886-40a6-8fd7-e73a2bee4a5c, group-B4C1D7519224, 1, (t:0, i:0))
2022-04-28 13:47:00,996 [grpc-default-executor-2] INFO  impl.VoteContext (VoteContext.java:log(48)) - 3eb0204c-99db-4ec7-9985-35999c30dd35@group-B4C1D7519224-CANDIDATE: reject ELECTION from 5b824b54-a886-40a6-8fd7-e73a2bee4a5c: already has voted for 3eb0204c-99db-4ec7-9985-35999c30dd35 at current term 1
2022-04-28 13:47:00,996 [grpc-default-executor-2] INFO  server.RaftServer$Division (RaftServerImpl.java:requestVote(1078)) - 3eb0204c-99db-4ec7-9985-35999c30dd35@group-B4C1D7519224 replies to ELECTION vote request: 5b824b54-a886-40a6-8fd7-e73a2bee4a5c<-3eb0204c-99db-4ec7-9985-35999c30dd35#0:FAIL-t1. Peer's state: 3eb0204c-99db-4ec7-9985-35999c30dd35@group-B4C1D7519224:t1, leader=null, voted=3eb0204c-99db-4ec7-9985-35999c30dd35, raftlog=3eb0204c-99db-4ec7-9985-35999c30dd35@group-B4C1D7519224-SegmentedRaftLog:OPENED:c-1, conf=-1: [5b824b54-a886-40a6-8fd7-e73a2bee4a5c|rpc:10.1.0.6:43771|priority:1, 3eb0204c-99db-4ec7-9985-35999c30dd35|rpc:10.1.0.6:42899|priority:0, 0f8914ae-8a7a-42c5-8d1b-d8caec49e59b|rpc:10.1.0.6:36085|priority:0], old=null
2022-04-28 13:47:01,000 [grpc-default-executor-2] INFO  server.RaftServer$Division (RaftServerImpl.java:requestVote(1046)) - 0f8914ae-8a7a-42c5-8d1b-d8caec49e59b@group-B4C1D7519224: receive requestVote(ELECTION, 5b824b54-a886-40a6-8fd7-e73a2bee4a5c, group-B4C1D7519224, 1, (t:0, i:0))
2022-04-28 13:47:01,014 [grpc-default-executor-2] INFO  impl.VoteContext (VoteContext.java:log(48)) - 0f8914ae-8a7a-42c5-8d1b-d8caec49e59b@group-B4C1D7519224-CANDIDATE: accept ELECTION from 5b824b54-a886-40a6-8fd7-e73a2bee4a5c: our priority 0 <= candidate's priority 1
2022-04-28 13:47:01,014 [grpc-default-executor-2] INFO  server.RaftServer$Division (RaftServerImpl.java:setRole(290)) - 0f8914ae-8a7a-42c5-8d1b-d8caec49e59b@group-B4C1D7519224: changes role from CANDIDATE to FOLLOWER at term 1 for candidate:5b824b54-a886-40a6-8fd7-e73a2bee4a5c
2022-04-28 13:47:01,014 [grpc-default-executor-2] INFO  impl.RoleInfo (RoleInfo.java:shutdownLeaderElection(121)) - 0f8914ae-8a7a-42c5-8d1b-d8caec49e59b: shutdown 0f8914ae-8a7a-42c5-8d1b-d8caec49e59b@group-B4C1D7519224-LeaderElection50
2022-04-28 13:47:01,014 [grpc-default-executor-2] INFO  impl.RoleInfo (RoleInfo.java:updateAndGet(130)) - 0f8914ae-8a7a-42c5-8d1b-d8caec49e59b: start 0f8914ae-8a7a-42c5-8d1b-d8caec49e59b@group-B4C1D7519224-FollowerState
2022-04-28 13:47:01,016 [grpc-default-executor-2] INFO  server.RaftServer$Division (RaftServerImpl.java:requestVote(1078)) - 0f8914ae-8a7a-42c5-8d1b-d8caec49e59b@group-B4C1D7519224 replies to ELECTION vote request: 5b824b54-a886-40a6-8fd7-e73a2bee4a5c<-0f8914ae-8a7a-42c5-8d1b-d8caec49e59b#0:OK-t1. Peer's state: 0f8914ae-8a7a-42c5-8d1b-d8caec49e59b@group-B4C1D7519224:t1, leader=null, voted=5b824b54-a886-40a6-8fd7-e73a2bee4a5c, raftlog=0f8914ae-8a7a-42c5-8d1b-d8caec49e59b@group-B4C1D7519224-SegmentedRaftLog:OPENED:c-1, conf=-1: [5b824b54-a886-40a6-8fd7-e73a2bee4a5c|rpc:10.1.0.6:43771|dataStream:|priority:1, 3eb0204c-99db-4ec7-9985-35999c30dd35|rpc:10.1.0.6:42899|dataStream:|priority:0, 0f8914ae-8a7a-42c5-8d1b-d8caec49e59b|rpc:10.1.0.6:36085|dataStream:|priority:0], old=null
2022-04-28 13:47:01,019 [grpc-default-executor-2] INFO  server.RaftServer$Division (RaftServerImpl.java:requestVote(1046)) - 5b824b54-a886-40a6-8fd7-e73a2bee4a5c@group-B4C1D7519224: receive requestVote(ELECTION, 3eb0204c-99db-4ec7-9985-35999c30dd35, group-B4C1D7519224, 1, (t:0, i:0))
2022-04-28 13:47:01,019 [grpc-default-executor-2] INFO  impl.VoteContext (VoteContext.java:log(48)) - 5b824b54-a886-40a6-8fd7-e73a2bee4a5c@group-B4C1D7519224-CANDIDATE: reject ELECTION from 3eb0204c-99db-4ec7-9985-35999c30dd35: already has voted for 5b824b54-a886-40a6-8fd7-e73a2bee4a5c at current term 1
2022-04-28 13:47:01,019 [grpc-default-executor-2] INFO  server.RaftServer$Division (RaftServerImpl.java:requestVote(1078)) - 5b824b54-a886-40a6-8fd7-e73a2bee4a5c@group-B4C1D7519224 replies to ELECTION vote request: 3eb0204c-99db-4ec7-9985-35999c30dd35<-5b824b54-a886-40a6-8fd7-e73a2bee4a5c#0:FAIL-t1. Peer's state: 5b824b54-a886-40a6-8fd7-e73a2bee4a5c@group-B4C1D7519224:t1, leader=null, voted=5b824b54-a886-40a6-8fd7-e73a2bee4a5c, raftlog=5b824b54-a886-40a6-8fd7-e73a2bee4a5c@group-B4C1D7519224-SegmentedRaftLog:OPENED:c-1, conf=-1: [5b824b54-a886-40a6-8fd7-e73a2bee4a5c|rpc:10.1.0.6:43771|dataStream:|priority:1, 3eb0204c-99db-4ec7-9985-35999c30dd35|rpc:10.1.0.6:42899|dataStream:|priority:0, 0f8914ae-8a7a-42c5-8d1b-d8caec49e59b|rpc:10.1.0.6:36085|dataStream:|priority:0], old=null
2022-04-28 13:47:01,022 [3eb0204c-99db-4ec7-9985-35999c30dd35@group-B4C1D7519224-LeaderElection49] INFO  impl.LeaderElection (LeaderElection.java:logAndReturn(89)) - 3eb0204c-99db-4ec7-9985-35999c30dd35@group-B4C1D7519224-LeaderElection49: ELECTION REJECTED received 1 response(s) and 0 exception(s):
2022-04-28 13:47:01,022 [3eb0204c-99db-4ec7-9985-35999c30dd35@group-B4C1D7519224-LeaderElection49] INFO  impl.LeaderElection (LeaderElection.java:logAndReturn(93)) -   Response 0: 3eb0204c-99db-4ec7-9985-35999c30dd35<-5b824b54-a886-40a6-8fd7-e73a2bee4a5c#0:FAIL-t1
2022-04-28 13:47:01,022 [3eb0204c-99db-4ec7-9985-35999c30dd35@group-B4C1D7519224-LeaderElection49] INFO  impl.LeaderElection (LeaderElection.java:askForVotes(308)) - 3eb0204c-99db-4ec7-9985-35999c30dd35@group-B4C1D7519224-LeaderElection49 ELECTION round 0: result REJECTED
2022-04-28 13:47:01,022 [3eb0204c-99db-4ec7-9985-35999c30dd35@group-B4C1D7519224-LeaderElection49] INFO  server.RaftServer$Division (RaftServerImpl.java:setRole(290)) - 3eb0204c-99db-4ec7-9985-35999c30dd35@group-B4C1D7519224: changes role from CANDIDATE to FOLLOWER at term 1 for REJECTED
2022-04-28 13:47:01,022 [3eb0204c-99db-4ec7-9985-35999c30dd35@group-B4C1D7519224-LeaderElection49] INFO  impl.RoleInfo (RoleInfo.java:shutdownLeaderElection(121)) - 3eb0204c-99db-4ec7-9985-35999c30dd35: shutdown 3eb0204c-99db-4ec7-9985-35999c30dd35@group-B4C1D7519224-LeaderElection49
2022-04-28 13:47:01,022 [3eb0204c-99db-4ec7-9985-35999c30dd35@group-B4C1D7519224-LeaderElection49] INFO  impl.RoleInfo (RoleInfo.java:updateAndGet(130)) - 3eb0204c-99db-4ec7-9985-35999c30dd35: start 3eb0204c-99db-4ec7-9985-35999c30dd35@group-B4C1D7519224-FollowerState
2022-04-28 13:47:01,024 [grpc-default-executor-2] INFO  server.RaftServer$Division (RaftServerImpl.java:requestVote(1046)) - 0f8914ae-8a7a-42c5-8d1b-d8caec49e59b@group-B4C1D7519224: receive requestVote(ELECTION, 3eb0204c-99db-4ec7-9985-35999c30dd35, group-B4C1D7519224, 1, (t:0, i:0))
2022-04-28 13:47:01,024 [grpc-default-executor-2] INFO  impl.VoteContext (VoteContext.java:log(48)) - 0f8914ae-8a7a-42c5-8d1b-d8caec49e59b@group-B4C1D7519224-FOLLOWER: reject ELECTION from 3eb0204c-99db-4ec7-9985-35999c30dd35: already has voted for 5b824b54-a886-40a6-8fd7-e73a2bee4a5c at current term 1
2022-04-28 13:47:01,024 [grpc-default-executor-2] INFO  server.RaftServer$Division (RaftServerImpl.java:requestVote(1078)) - 0f8914ae-8a7a-42c5-8d1b-d8caec49e59b@group-B4C1D7519224 replies to ELECTION vote request: 3eb0204c-99db-4ec7-9985-35999c30dd35<-0f8914ae-8a7a-42c5-8d1b-d8caec49e59b#0:FAIL-t1. Peer's state: 0f8914ae-8a7a-42c5-8d1b-d8caec49e59b@group-B4C1D7519224:t1, leader=null, voted=5b824b54-a886-40a6-8fd7-e73a2bee4a5c, raftlog=0f8914ae-8a7a-42c5-8d1b-d8caec49e59b@group-B4C1D7519224-SegmentedRaftLog:OPENED:c-1, conf=-1: [5b824b54-a886-40a6-8fd7-e73a2bee4a5c|rpc:10.1.0.6:43771|dataStream:|priority:1, 3eb0204c-99db-4ec7-9985-35999c30dd35|rpc:10.1.0.6:42899|dataStream:|priority:0, 0f8914ae-8a7a-42c5-8d1b-d8caec49e59b|rpc:10.1.0.6:36085|dataStream:|priority:0], old=null
2022-04-28 13:47:01,033 [0f8914ae-8a7a-42c5-8d1b-d8caec49e59b@group-B4C1D7519224-LeaderElection50] INFO  impl.LeaderElection (LeaderElection.java:run(230)) - 0f8914ae-8a7a-42c5-8d1b-d8caec49e59b@group-B4C1D7519224-LeaderElection50: skip running since this is already CLOSING
2022-04-28 13:47:01,055 [5b824b54-a886-40a6-8fd7-e73a2bee4a5c@group-B4C1D7519224-LeaderElection48] INFO  impl.LeaderElection (LeaderElection.java:logAndReturn(89)) - 5b824b54-a886-40a6-8fd7-e73a2bee4a5c@group-B4C1D7519224-LeaderElection48: ELECTION PASSED received 2 response(s) and 0 exception(s):
2022-04-28 13:47:01,055 [5b824b54-a886-40a6-8fd7-e73a2bee4a5c@group-B4C1D7519224-LeaderElection48] INFO  impl.LeaderElection (LeaderElection.java:logAndReturn(93)) -   Response 0: 5b824b54-a886-40a6-8fd7-e73a2bee4a5c<-3eb0204c-99db-4ec7-9985-35999c30dd35#0:FAIL-t1
2022-04-28 13:47:01,055 [5b824b54-a886-40a6-8fd7-e73a2bee4a5c@group-B4C1D7519224-LeaderElection48] INFO  impl.LeaderElection (LeaderElection.java:logAndReturn(93)) -   Response 1: 5b824b54-a886-40a6-8fd7-e73a2bee4a5c<-0f8914ae-8a7a-42c5-8d1b-d8caec49e59b#0:OK-t1
2022-04-28 13:47:01,055 [5b824b54-a886-40a6-8fd7-e73a2bee4a5c@group-B4C1D7519224-LeaderElection48] INFO  impl.LeaderElection (LeaderElection.java:askForVotes(308)) - 5b824b54-a886-40a6-8fd7-e73a2bee4a5c@group-B4C1D7519224-LeaderElection48 ELECTION round 0: result PASSED
2022-04-28 13:47:01,055 [5b824b54-a886-40a6-8fd7-e73a2bee4a5c@group-B4C1D7519224-LeaderElection48] INFO  impl.RoleInfo (RoleInfo.java:shutdownLeaderElection(121)) - 5b824b54-a886-40a6-8fd7-e73a2bee4a5c: shutdown 5b824b54-a886-40a6-8fd7-e73a2bee4a5c@group-B4C1D7519224-LeaderElection48
2022-04-28 13:47:01,055 [5b824b54-a886-40a6-8fd7-e73a2bee4a5c@group-B4C1D7519224-LeaderElection48] INFO  server.RaftServer$Division (RaftServerImpl.java:setRole(290)) - 5b824b54-a886-40a6-8fd7-e73a2bee4a5c@group-B4C1D7519224: changes role from CANDIDATE to LEADER at term 1 for changeToLeader
2022-04-28 13:47:01,055 [5b824b54-a886-40a6-8fd7-e73a2bee4a5c@group-B4C1D7519224-LeaderElection48] INFO  ratis.XceiverServerRatis (XceiverServerRatis.java:handleLeaderChangedNotification(863)) - Leader change notification received for group: group-B4C1D7519224 with new leaderId: 5b824b54-a886-40a6-8fd7-e73a2bee4a5c
2022-04-28 13:47:01,056 [5b824b54-a886-40a6-8fd7-e73a2bee4a5c@group-B4C1D7519224-LeaderElection48] INFO  server.RaftServer$Division (ServerState.java:setLeader(285)) - 5b824b54-a886-40a6-8fd7-e73a2bee4a5c@group-B4C1D7519224: change Leader from null to 5b824b54-a886-40a6-8fd7-e73a2bee4a5c at term 1 for becomeLeader, leader elected after 5213ms
2022-04-28 13:47:01,056 [5b824b54-a886-40a6-8fd7-e73a2bee4a5c@group-B4C1D7519224-LeaderElection48] INFO  server.RaftServerConfigKeys (ConfUtils.java:logGet(44)) - raft.server.staging.catchup.gap = 1000 (default)
2022-04-28 13:47:01,056 [5b824b54-a886-40a6-8fd7-e73a2bee4a5c@group-B4C1D7519224-LeaderElection48] INFO  server.RaftServerConfigKeys (ConfUtils.java:logGet(44)) - raft.server.write.element-limit = 1024 (custom)
2022-04-28 13:47:01,056 [5b824b54-a886-40a6-8fd7-e73a2bee4a5c@group-B4C1D7519224-LeaderElection48] INFO  server.RaftServerConfigKeys (ConfUtils.java:logGet(44)) - raft.server.write.byte-limit = 1024 M (=1073741824) (custom)
2022-04-28 13:47:01,056 [5b824b54-a886-40a6-8fd7-e73a2bee4a5c@group-B4C1D7519224-LeaderElection48] INFO  server.RaftServerConfigKeys (ConfUtils.java:logGet(44)) - raft.server.watch.timeout = 3000ms (custom)
2022-04-28 13:47:01,056 [5b824b54-a886-40a6-8fd7-e73a2bee4a5c@group-B4C1D7519224-LeaderElection48] INFO  server.RaftServerConfigKeys (ConfUtils.java:logGet(44)) - raft.server.watch.timeout.denomination = 1s (default)
2022-04-28 13:47:01,056 [5b824b54-a886-40a6-8fd7-e73a2bee4a5c@group-B4C1D7519224-LeaderElection48] INFO  server.RaftServerConfigKeys (ConfUtils.java:logGet(44)) - raft.server.watch.element-limit = 65536 (default)
2022-04-28 13:47:01,056 [5b824b54-a886-40a6-8fd7-e73a2bee4a5c@group-B4C1D7519224-LeaderElection48] INFO  server.RaftServerConfigKeys (ConfUtils.java:logGet(44)) - raft.server.write.element-limit = 1024 (custom)
2022-04-28 13:47:01,057 [5b824b54-a886-40a6-8fd7-e73a2bee4a5c@group-B4C1D7519224-LeaderElection48] INFO  server.RaftServerConfigKeys (ConfUtils.java:logGet(44)) - raft.server.write.follower.gap.ratio.max = -1.0 (default)
2022-04-28 13:47:01,057 [5b824b54-a886-40a6-8fd7-e73a2bee4a5c@group-B4C1D7519224-LeaderElection48] INFO  server.RaftServerConfigKeys (ConfUtils.java:logGet(44)) - raft.server.log.appender.snapshot.chunk.size.max = 16MB (=16777216) (default)
2022-04-28 13:47:01,057 [5b824b54-a886-40a6-8fd7-e73a2bee4a5c@group-B4C1D7519224-LeaderElection48] INFO  server.RaftServerConfigKeys (ConfUtils.java:logGet(44)) - raft.server.log.appender.buffer.byte-limit = 33554432 (custom)
2022-04-28 13:47:01,057 [5b824b54-a886-40a6-8fd7-e73a2bee4a5c@group-B4C1D7519224-LeaderElection48] INFO  server.RaftServerConfigKeys (ConfUtils.java:logGet(44)) - raft.server.log.appender.buffer.element-limit = 1 (custom)
2022-04-28 13:47:01,057 [5b824b54-a886-40a6-8fd7-e73a2bee4a5c@group-B4C1D7519224-LeaderElection48] INFO  grpc.GrpcConfigKeys (ConfUtils.java:logGet(44)) - raft.grpc.server.leader.outstanding.appends.max = 128 (default)
2022-04-28 13:47:01,057 [5b824b54-a886-40a6-8fd7-e73a2bee4a5c@group-B4C1D7519224-LeaderElection48] INFO  server.RaftServerConfigKeys (ConfUtils.java:logGet(44)) - raft.server.rpc.request.timeout = 3000ms (default)
2022-04-28 13:47:01,057 [5b824b54-a886-40a6-8fd7-e73a2bee4a5c@group-B4C1D7519224-LeaderElection48] INFO  server.RaftServerConfigKeys (ConfUtils.java:logGet(44)) - raft.server.log.appender.install.snapshot.enabled = false (custom)
2022-04-28 13:47:01,061 [5b824b54-a886-40a6-8fd7-e73a2bee4a5c@group-B4C1D7519224-LeaderElection48] INFO  server.RaftServerConfigKeys (ConfUtils.java:logGet(44)) - raft.server.log.appender.snapshot.chunk.size.max = 16MB (=16777216) (default)
2022-04-28 13:47:01,061 [5b824b54-a886-40a6-8fd7-e73a2bee4a5c@group-B4C1D7519224-LeaderElection48] INFO  server.RaftServerConfigKeys (ConfUtils.java:logGet(44)) - raft.server.log.appender.buffer.byte-limit = 33554432 (custom)
2022-04-28 13:47:01,061 [5b824b54-a886-40a6-8fd7-e73a2bee4a5c@group-B4C1D7519224-LeaderElection48] INFO  server.RaftServerConfigKeys (ConfUtils.java:logGet(44)) - raft.server.log.appender.buffer.element-limit = 1 (custom)
2022-04-28 13:47:01,061 [5b824b54-a886-40a6-8fd7-e73a2bee4a5c@group-B4C1D7519224-LeaderElection48] INFO  grpc.GrpcConfigKeys (ConfUtils.java:logGet(44)) - raft.grpc.server.leader.outstanding.appends.max = 128 (default)
2022-04-28 13:47:01,061 [5b824b54-a886-40a6-8fd7-e73a2bee4a5c@group-B4C1D7519224-LeaderElection48] INFO  server.RaftServerConfigKeys (ConfUtils.java:logGet(44)) - raft.server.rpc.request.timeout = 3000ms (default)
2022-04-28 13:47:01,061 [5b824b54-a886-40a6-8fd7-e73a2bee4a5c@group-B4C1D7519224-LeaderElection48] INFO  server.RaftServerConfigKeys (ConfUtils.java:logGet(44)) - raft.server.log.appender.install.snapshot.enabled = false (custom)
2022-04-28 13:47:01,062 [5b824b54-a886-40a6-8fd7-e73a2bee4a5c@group-B4C1D7519224-LeaderElection48] INFO  impl.RoleInfo (RoleInfo.java:updateAndGet(130)) - 5b824b54-a886-40a6-8fd7-e73a2bee4a5c: start 5b824b54-a886-40a6-8fd7-e73a2bee4a5c@group-B4C1D7519224-LeaderStateImpl
2022-04-28 13:47:01,062 [5b824b54-a886-40a6-8fd7-e73a2bee4a5c@group-B4C1D7519224-LeaderElection48] INFO  segmented.SegmentedRaftLogWorker (SegmentedRaftLogWorker.java:startLogSegment(394)) - 5b824b54-a886-40a6-8fd7-e73a2bee4a5c@group-B4C1D7519224-SegmentedRaftLogWorker: Starting segment from index:0
2022-04-28 13:47:01,070 [EventQueue-PipelineReportForPipelineReportHandler] INFO  pipeline.PipelineManagerImpl (PipelineManagerImpl.java:openPipeline(328)) - Pipeline Pipeline[ Id: 08c748e3-9f82-4401-ae68-b4c1d7519224, Nodes: 5b824b54-a886-40a6-8fd7-e73a2bee4a5c{ip: 10.1.0.6, host: fv-az294-869.eaanfquahm5ulb5tj050gcxych.jx.internal.cloudapp.net, ports: [REPLICATION=44843, RATIS=43771, RATIS_ADMIN=43771, RATIS_SERVER=43771, STANDALONE=37173], networkLocation: /default-rack, certSerialId: null, persistedOpState: IN_SERVICE, persistedOpStateExpiryEpochSec: 0}0f8914ae-8a7a-42c5-8d1b-d8caec49e59b{ip: 10.1.0.6, host: fv-az294-869.eaanfquahm5ulb5tj050gcxych.jx.internal.cloudapp.net, ports: [REPLICATION=43375, RATIS=36085, RATIS_ADMIN=36085, RATIS_SERVER=36085, STANDALONE=42911], networkLocation: /default-rack, certSerialId: null, persistedOpState: IN_SERVICE, persistedOpStateExpiryEpochSec: 0}3eb0204c-99db-4ec7-9985-35999c30dd35{ip: 10.1.0.6, host: fv-az294-869.eaanfquahm5ulb5tj050gcxych.jx.internal.cloudapp.net, ports: [REPLICATION=37193, RATIS=42899, RATIS_ADMIN=42899, RATIS_SERVER=42899, STANDALONE=36779], networkLocation: /default-rack, certSerialId: null, persistedOpState: IN_SERVICE, persistedOpStateExpiryEpochSec: 0}, ReplicationConfig: RATIS/THREE, State:ALLOCATED, leaderId:5b824b54-a886-40a6-8fd7-e73a2bee4a5c, CreationTimestamp2022-04-28T13:46:53.854Z[Etc/UTC]] moved to OPEN state
2022-04-28 13:47:01,078 [5b824b54-a886-40a6-8fd7-e73a2bee4a5c@group-B4C1D7519224-SegmentedRaftLogWorker] INFO  segmented.SegmentedRaftLogWorker (SegmentedRaftLogWorker.java:execute(601)) - 5b824b54-a886-40a6-8fd7-e73a2bee4a5c@group-B4C1D7519224-SegmentedRaftLogWorker: created new log segment /home/runner/work/ozone/ozone/hadoop-ozone/integration-test/target/test-dir/MiniOzoneClusterImpl-b83af172-7a36-4ee1-b1b1-9a7292f569f3/datanode-4/data/ratis/08c748e3-9f82-4401-ae68-b4c1d7519224/current/log_inprogress_0
2022-04-28 13:47:01,101 [grpc-default-executor-4] INFO  ratis.XceiverServerRatis (XceiverServerRatis.java:handleLeaderChangedNotification(863)) - Leader change notification received for group: group-B4C1D7519224 with new leaderId: 5b824b54-a886-40a6-8fd7-e73a2bee4a5c
2022-04-28 13:47:01,101 [grpc-default-executor-4] INFO  server.RaftServer$Division (ServerState.java:setLeader(285)) - 3eb0204c-99db-4ec7-9985-35999c30dd35@group-B4C1D7519224: change Leader from null to 5b824b54-a886-40a6-8fd7-e73a2bee4a5c at term 1 for appendEntries, leader elected after 5302ms
2022-04-28 13:47:01,113 [grpc-default-executor-2] INFO  ratis.XceiverServerRatis (XceiverServerRatis.java:handleLeaderChangedNotification(863)) - Leader change notification received for group: group-B4C1D7519224 with new leaderId: 5b824b54-a886-40a6-8fd7-e73a2bee4a5c
2022-04-28 13:47:01,113 [grpc-default-executor-2] INFO  server.RaftServer$Division (ServerState.java:setLeader(285)) - 0f8914ae-8a7a-42c5-8d1b-d8caec49e59b@group-B4C1D7519224: change Leader from null to 5b824b54-a886-40a6-8fd7-e73a2bee4a5c at term 1 for appendEntries, leader elected after 5198ms
2022-04-28 13:47:01,150 [5b824b54-a886-40a6-8fd7-e73a2bee4a5c@group-B4C1D7519224-LeaderElection48] INFO  server.RaftServer$Division (ServerState.java:setRaftConf(387)) - 5b824b54-a886-40a6-8fd7-e73a2bee4a5c@group-B4C1D7519224: set configuration 0: [5b824b54-a886-40a6-8fd7-e73a2bee4a5c|rpc:10.1.0.6:43771|dataStream:|priority:1, 3eb0204c-99db-4ec7-9985-35999c30dd35|rpc:10.1.0.6:42899|dataStream:|priority:0, 0f8914ae-8a7a-42c5-8d1b-d8caec49e59b|rpc:10.1.0.6:36085|dataStream:|priority:0], old=null
2022-04-28 13:47:01,151 [grpc-default-executor-4] INFO  server.RaftServer$Division (ServerState.java:setRaftConf(387)) - 3eb0204c-99db-4ec7-9985-35999c30dd35@group-B4C1D7519224: set configuration 0: [5b824b54-a886-40a6-8fd7-e73a2bee4a5c|rpc:10.1.0.6:43771|dataStream:|priority:1, 3eb0204c-99db-4ec7-9985-35999c30dd35|rpc:10.1.0.6:42899|dataStream:|priority:0, 0f8914ae-8a7a-42c5-8d1b-d8caec49e59b|rpc:10.1.0.6:36085|dataStream:|priority:0], old=null
2022-04-28 13:47:01,151 [grpc-default-executor-4] INFO  segmented.SegmentedRaftLogWorker (SegmentedRaftLogWorker.java:startLogSegment(394)) - 3eb0204c-99db-4ec7-9985-35999c30dd35@group-B4C1D7519224-SegmentedRaftLogWorker: Starting segment from index:0
2022-04-28 13:47:01,153 [grpc-default-executor-2] INFO  server.RaftServer$Division (ServerState.java:setRaftConf(387)) - 0f8914ae-8a7a-42c5-8d1b-d8caec49e59b@group-B4C1D7519224: set configuration 0: [5b824b54-a886-40a6-8fd7-e73a2bee4a5c|rpc:10.1.0.6:43771|dataStream:|priority:1, 3eb0204c-99db-4ec7-9985-35999c30dd35|rpc:10.1.0.6:42899|dataStream:|priority:0, 0f8914ae-8a7a-42c5-8d1b-d8caec49e59b|rpc:10.1.0.6:36085|dataStream:|priority:0], old=null
2022-04-28 13:47:01,154 [grpc-default-executor-2] INFO  segmented.SegmentedRaftLogWorker (SegmentedRaftLogWorker.java:startLogSegment(394)) - 0f8914ae-8a7a-42c5-8d1b-d8caec49e59b@group-B4C1D7519224-SegmentedRaftLogWorker: Starting segment from index:0
2022-04-28 13:47:01,154 [3eb0204c-99db-4ec7-9985-35999c30dd35@group-B4C1D7519224-SegmentedRaftLogWorker] INFO  segmented.SegmentedRaftLogWorker (SegmentedRaftLogWorker.java:execute(601)) - 3eb0204c-99db-4ec7-9985-35999c30dd35@group-B4C1D7519224-SegmentedRaftLogWorker: created new log segment /home/runner/work/ozone/ozone/hadoop-ozone/integration-test/target/test-dir/MiniOzoneClusterImpl-b83af172-7a36-4ee1-b1b1-9a7292f569f3/datanode-3/data/ratis/08c748e3-9f82-4401-ae68-b4c1d7519224/current/log_inprogress_0
2022-04-28 13:47:01,182 [0f8914ae-8a7a-42c5-8d1b-d8caec49e59b@group-B4C1D7519224-SegmentedRaftLogWorker] INFO  segmented.SegmentedRaftLogWorker (SegmentedRaftLogWorker.java:execute(601)) - 0f8914ae-8a7a-42c5-8d1b-d8caec49e59b@group-B4C1D7519224-SegmentedRaftLogWorker: created new log segment /home/runner/work/ozone/ozone/hadoop-ozone/integration-test/target/test-dir/MiniOzoneClusterImpl-b83af172-7a36-4ee1-b1b1-9a7292f569f3/datanode-5/data/ratis/08c748e3-9f82-4401-ae68-b4c1d7519224/current/log_inprogress_0
2022-04-28 13:47:01,205 [5b824b54-a886-40a6-8fd7-e73a2bee4a5c@group-AED03B798454-FollowerState] INFO  impl.FollowerState (FollowerState.java:run(134)) - 5b824b54-a886-40a6-8fd7-e73a2bee4a5c@group-AED03B798454-FollowerState: change to CANDIDATE, lastRpcElapsedTime:5052876476ns, electionTimeout:5030ms
2022-04-28 13:47:01,205 [5b824b54-a886-40a6-8fd7-e73a2bee4a5c@group-AED03B798454-FollowerState] INFO  impl.RoleInfo (RoleInfo.java:shutdownFollowerState(108)) - 5b824b54-a886-40a6-8fd7-e73a2bee4a5c: shutdown 5b824b54-a886-40a6-8fd7-e73a2bee4a5c@group-AED03B798454-FollowerState
2022-04-28 13:47:01,206 [5b824b54-a886-40a6-8fd7-e73a2bee4a5c@group-AED03B798454-FollowerState] INFO  server.RaftServer$Division (RaftServerImpl.java:setRole(290)) - 5b824b54-a886-40a6-8fd7-e73a2bee4a5c@group-AED03B798454: changes role from  FOLLOWER to CANDIDATE at term 0 for changeToCandidate
2022-04-28 13:47:01,206 [5b824b54-a886-40a6-8fd7-e73a2bee4a5c@group-AED03B798454-FollowerState] INFO  server.RaftServerConfigKeys (ConfUtils.java:logGet(44)) - raft.server.leaderelection.pre-vote = false (custom)
2022-04-28 13:47:01,208 [5b824b54-a886-40a6-8fd7-e73a2bee4a5c@group-AED03B798454-FollowerState] INFO  impl.RoleInfo (RoleInfo.java:updateAndGet(130)) - 5b824b54-a886-40a6-8fd7-e73a2bee4a5c: start 5b824b54-a886-40a6-8fd7-e73a2bee4a5c@group-AED03B798454-LeaderElection51
2022-04-28 13:47:01,237 [5b824b54-a886-40a6-8fd7-e73a2bee4a5c@group-AED03B798454-LeaderElection51] INFO  impl.LeaderElection (LeaderElection.java:askForVotes(306)) - 5b824b54-a886-40a6-8fd7-e73a2bee4a5c@group-AED03B798454-LeaderElection51 ELECTION round 0: submit vote requests at term 1 for -1: [5b824b54-a886-40a6-8fd7-e73a2bee4a5c|rpc:10.1.0.6:43771|priority:1], old=null
2022-04-28 13:47:01,238 [5b824b54-a886-40a6-8fd7-e73a2bee4a5c@group-AED03B798454-LeaderElection51] INFO  impl.LeaderElection (LeaderElection.java:askForVotes(308)) - 5b824b54-a886-40a6-8fd7-e73a2bee4a5c@group-AED03B798454-LeaderElection51 ELECTION round 0: result PASSED (term=1)
2022-04-28 13:47:01,238 [5b824b54-a886-40a6-8fd7-e73a2bee4a5c@group-AED03B798454-LeaderElection51] INFO  impl.RoleInfo (RoleInfo.java:shutdownLeaderElection(121)) - 5b824b54-a886-40a6-8fd7-e73a2bee4a5c: shutdown 5b824b54-a886-40a6-8fd7-e73a2bee4a5c@group-AED03B798454-LeaderElection51
2022-04-28 13:47:01,241 [5b824b54-a886-40a6-8fd7-e73a2bee4a5c@group-AED03B798454-LeaderElection51] INFO  server.RaftServer$Division (RaftServerImpl.java:setRole(290)) - 5b824b54-a886-40a6-8fd7-e73a2bee4a5c@group-AED03B798454: changes role from CANDIDATE to LEADER at term 1 for changeToLeader
2022-04-28 13:47:01,242 [5b824b54-a886-40a6-8fd7-e73a2bee4a5c@group-AED03B798454-LeaderElection51] INFO  ratis.XceiverServerRatis (XceiverServerRatis.java:handleLeaderChangedNotification(863)) - Leader change notification received for group: group-AED03B798454 with new leaderId: 5b824b54-a886-40a6-8fd7-e73a2bee4a5c
2022-04-28 13:47:01,243 [5b824b54-a886-40a6-8fd7-e73a2bee4a5c@group-AED03B798454-LeaderElection51] INFO  server.RaftServer$Division (ServerState.java:setLeader(285)) - 5b824b54-a886-40a6-8fd7-e73a2bee4a5c@group-AED03B798454: change Leader from null to 5b824b54-a886-40a6-8fd7-e73a2bee4a5c at term 1 for becomeLeader, leader elected after 5109ms
2022-04-28 13:47:01,262 [5b824b54-a886-40a6-8fd7-e73a2bee4a5c@group-AED03B798454-LeaderElection51] INFO  server.RaftServerConfigKeys (ConfUtils.java:logGet(44)) - raft.server.staging.catchup.gap = 1000 (default)
2022-04-28 13:47:01,262 [5b824b54-a886-40a6-8fd7-e73a2bee4a5c@group-AED03B798454-LeaderElection51] INFO  server.RaftServerConfigKeys (ConfUtils.java:logGet(44)) - raft.server.write.element-limit = 1024 (custom)
2022-04-28 13:47:01,263 [5b824b54-a886-40a6-8fd7-e73a2bee4a5c@group-AED03B798454-LeaderElection51] INFO  server.RaftServerConfigKeys (ConfUtils.java:logGet(44)) - raft.server.write.byte-limit = 1024 M (=1073741824) (custom)
2022-04-28 13:47:01,263 [5b824b54-a886-40a6-8fd7-e73a2bee4a5c@group-AED03B798454-LeaderElection51] INFO  server.RaftServerConfigKeys (ConfUtils.java:logGet(44)) - raft.server.watch.timeout = 3000ms (custom)
2022-04-28 13:47:01,263 [5b824b54-a886-40a6-8fd7-e73a2bee4a5c@group-AED03B798454-LeaderElection51] INFO  server.RaftServerConfigKeys (ConfUtils.java:logGet(44)) - raft.server.watch.timeout.denomination = 1s (default)
2022-04-28 13:47:01,263 [5b824b54-a886-40a6-8fd7-e73a2bee4a5c@group-AED03B798454-LeaderElection51] INFO  server.RaftServerConfigKeys (ConfUtils.java:logGet(44)) - raft.server.watch.element-limit = 65536 (default)
2022-04-28 13:47:01,270 [5b824b54-a886-40a6-8fd7-e73a2bee4a5c@group-AED03B798454-LeaderElection51] INFO  server.RaftServerConfigKeys (ConfUtils.java:logGet(44)) - raft.server.write.element-limit = 1024 (custom)
2022-04-28 13:47:01,270 [5b824b54-a886-40a6-8fd7-e73a2bee4a5c@group-AED03B798454-LeaderElection51] INFO  server.RaftServerConfigKeys (ConfUtils.java:logGet(44)) - raft.server.write.follower.gap.ratio.max = -1.0 (default)
2022-04-28 13:47:01,270 [5b824b54-a886-40a6-8fd7-e73a2bee4a5c@group-AED03B798454-LeaderElection51] INFO  impl.RoleInfo (RoleInfo.java:updateAndGet(130)) - 5b824b54-a886-40a6-8fd7-e73a2bee4a5c: start 5b824b54-a886-40a6-8fd7-e73a2bee4a5c@group-AED03B798454-LeaderStateImpl
2022-04-28 13:47:01,271 [5b824b54-a886-40a6-8fd7-e73a2bee4a5c@group-AED03B798454-LeaderElection51] INFO  segmented.SegmentedRaftLogWorker (SegmentedRaftLogWorker.java:startLogSegment(394)) - 5b824b54-a886-40a6-8fd7-e73a2bee4a5c@group-AED03B798454-SegmentedRaftLogWorker: Starting segment from index:0
2022-04-28 13:47:01,274 [5b824b54-a886-40a6-8fd7-e73a2bee4a5c@group-AED03B798454-SegmentedRaftLogWorker] INFO  segmented.SegmentedRaftLogWorker (SegmentedRaftLogWorker.java:execute(601)) - 5b824b54-a886-40a6-8fd7-e73a2bee4a5c@group-AED03B798454-SegmentedRaftLogWorker: created new log segment /home/runner/work/ozone/ozone/hadoop-ozone/integration-test/target/test-dir/MiniOzoneClusterImpl-b83af172-7a36-4ee1-b1b1-9a7292f569f3/datanode-4/data/ratis/5ad5e940-2891-47b2-8b45-aed03b798454/current/log_inprogress_0
2022-04-28 13:47:01,290 [5b824b54-a886-40a6-8fd7-e73a2bee4a5c@group-AED03B798454-LeaderElection51] INFO  server.RaftServer$Division (ServerState.java:setRaftConf(387)) - 5b824b54-a886-40a6-8fd7-e73a2bee4a5c@group-AED03B798454: set configuration 0: [5b824b54-a886-40a6-8fd7-e73a2bee4a5c|rpc:10.1.0.6:43771|dataStream:|priority:1], old=null
2022-04-28 13:47:01,969 [0f8914ae-8a7a-42c5-8d1b-d8caec49e59b@group-E490289E23BB-FollowerState] INFO  impl.FollowerState (FollowerState.java:run(134)) - 0f8914ae-8a7a-42c5-8d1b-d8caec49e59b@group-E490289E23BB-FollowerState: change to CANDIDATE, lastRpcElapsedTime:5105909234ns, electionTimeout:5105ms
2022-04-28 13:47:01,969 [0f8914ae-8a7a-42c5-8d1b-d8caec49e59b@group-E490289E23BB-FollowerState] INFO  impl.RoleInfo (RoleInfo.java:shutdownFollowerState(108)) - 0f8914ae-8a7a-42c5-8d1b-d8caec49e59b: shutdown 0f8914ae-8a7a-42c5-8d1b-d8caec49e59b@group-E490289E23BB-FollowerState
2022-04-28 13:47:01,970 [0f8914ae-8a7a-42c5-8d1b-d8caec49e59b@group-E490289E23BB-FollowerState] INFO  server.RaftServer$Division (RaftServerImpl.java:setRole(290)) - 0f8914ae-8a7a-42c5-8d1b-d8caec49e59b@group-E490289E23BB: changes role from  FOLLOWER to CANDIDATE at term 0 for changeToCandidate
2022-04-28 13:47:01,970 [0f8914ae-8a7a-42c5-8d1b-d8caec49e59b@group-E490289E23BB-FollowerState] INFO  server.RaftServerConfigKeys (ConfUtils.java:logGet(44)) - raft.server.leaderelection.pre-vote = false (custom)
2022-04-28 13:47:01,970 [0f8914ae-8a7a-42c5-8d1b-d8caec49e59b@group-E490289E23BB-FollowerState] INFO  impl.RoleInfo (RoleInfo.java:updateAndGet(130)) - 0f8914ae-8a7a-42c5-8d1b-d8caec49e59b: start 0f8914ae-8a7a-42c5-8d1b-d8caec49e59b@group-E490289E23BB-LeaderElection52
2022-04-28 13:47:01,991 [0f8914ae-8a7a-42c5-8d1b-d8caec49e59b@group-E490289E23BB-LeaderElection52] INFO  impl.LeaderElection (LeaderElection.java:askForVotes(306)) - 0f8914ae-8a7a-42c5-8d1b-d8caec49e59b@group-E490289E23BB-LeaderElection52 ELECTION round 0: submit vote requests at term 1 for -1: [0f8914ae-8a7a-42c5-8d1b-d8caec49e59b|rpc:10.1.0.6:36085|priority:1], old=null
2022-04-28 13:47:01,991 [0f8914ae-8a7a-42c5-8d1b-d8caec49e59b@group-E490289E23BB-LeaderElection52] INFO  impl.LeaderElection (LeaderElection.java:askForVotes(308)) - 0f8914ae-8a7a-42c5-8d1b-d8caec49e59b@group-E490289E23BB-LeaderElection52 ELECTION round 0: result PASSED (term=1)
2022-04-28 13:47:01,991 [0f8914ae-8a7a-42c5-8d1b-d8caec49e59b@group-E490289E23BB-LeaderElection52] INFO  impl.RoleInfo (RoleInfo.java:shutdownLeaderElection(121)) - 0f8914ae-8a7a-42c5-8d1b-d8caec49e59b: shutdown 0f8914ae-8a7a-42c5-8d1b-d8caec49e59b@group-E490289E23BB-LeaderElection52
2022-04-28 13:47:01,992 [0f8914ae-8a7a-42c5-8d1b-d8caec49e59b@group-E490289E23BB-LeaderElection52] INFO  server.RaftServer$Division (RaftServerImpl.java:setRole(290)) - 0f8914ae-8a7a-42c5-8d1b-d8caec49e59b@group-E490289E23BB: changes role from CANDIDATE to LEADER at term 1 for changeToLeader
2022-04-28 13:47:01,992 [0f8914ae-8a7a-42c5-8d1b-d8caec49e59b@group-E490289E23BB-LeaderElection52] INFO  ratis.XceiverServerRatis (XceiverServerRatis.java:handleLeaderChangedNotification(863)) - Leader change notification received for group: group-E490289E23BB with new leaderId: 0f8914ae-8a7a-42c5-8d1b-d8caec49e59b
2022-04-28 13:47:01,992 [0f8914ae-8a7a-42c5-8d1b-d8caec49e59b@group-E490289E23BB-LeaderElection52] INFO  server.RaftServer$Division (ServerState.java:setLeader(285)) - 0f8914ae-8a7a-42c5-8d1b-d8caec49e59b@group-E490289E23BB: change Leader from null to 0f8914ae-8a7a-42c5-8d1b-d8caec49e59b at term 1 for becomeLeader, leader elected after 5141ms
2022-04-28 13:47:01,993 [0f8914ae-8a7a-42c5-8d1b-d8caec49e59b@group-E490289E23BB-LeaderElection52] INFO  server.RaftServerConfigKeys (ConfUtils.java:logGet(44)) - raft.server.staging.catchup.gap = 1000 (default)
2022-04-28 13:47:01,993 [0f8914ae-8a7a-42c5-8d1b-d8caec49e59b@group-E490289E23BB-LeaderElection52] INFO  server.RaftServerConfigKeys (ConfUtils.java:logGet(44)) - raft.server.write.element-limit = 1024 (custom)
2022-04-28 13:47:01,993 [0f8914ae-8a7a-42c5-8d1b-d8caec49e59b@group-E490289E23BB-LeaderElection52] INFO  server.RaftServerConfigKeys (ConfUtils.java:logGet(44)) - raft.server.write.byte-limit = 1024 M (=1073741824) (custom)
2022-04-28 13:47:01,995 [0f8914ae-8a7a-42c5-8d1b-d8caec49e59b@group-E490289E23BB-LeaderElection52] INFO  server.RaftServerConfigKeys (ConfUtils.java:logGet(44)) - raft.server.watch.timeout = 3000ms (custom)
2022-04-28 13:47:01,995 [0f8914ae-8a7a-42c5-8d1b-d8caec49e59b@group-E490289E23BB-LeaderElection52] INFO  server.RaftServerConfigKeys (ConfUtils.java:logGet(44)) - raft.server.watch.timeout.denomination = 1s (default)
2022-04-28 13:47:01,995 [0f8914ae-8a7a-42c5-8d1b-d8caec49e59b@group-E490289E23BB-LeaderElection52] INFO  server.RaftServerConfigKeys (ConfUtils.java:logGet(44)) - raft.server.watch.element-limit = 65536 (default)
2022-04-28 13:47:01,996 [0f8914ae-8a7a-42c5-8d1b-d8caec49e59b@group-E490289E23BB-LeaderElection52] INFO  server.RaftServerConfigKeys (ConfUtils.java:logGet(44)) - raft.server.write.element-limit = 1024 (custom)
2022-04-28 13:47:01,997 [0f8914ae-8a7a-42c5-8d1b-d8caec49e59b@group-E490289E23BB-LeaderElection52] INFO  server.RaftServerConfigKeys (ConfUtils.java:logGet(44)) - raft.server.write.follower.gap.ratio.max = -1.0 (default)
2022-04-28 13:47:01,997 [0f8914ae-8a7a-42c5-8d1b-d8caec49e59b@group-E490289E23BB-LeaderElection52] INFO  impl.RoleInfo (RoleInfo.java:updateAndGet(130)) - 0f8914ae-8a7a-42c5-8d1b-d8caec49e59b: start 0f8914ae-8a7a-42c5-8d1b-d8caec49e59b@group-E490289E23BB-LeaderStateImpl
2022-04-28 13:47:01,997 [0f8914ae-8a7a-42c5-8d1b-d8caec49e59b@group-E490289E23BB-LeaderElection52] INFO  segmented.SegmentedRaftLogWorker (SegmentedRaftLogWorker.java:startLogSegment(394)) - 0f8914ae-8a7a-42c5-8d1b-d8caec49e59b@group-E490289E23BB-SegmentedRaftLogWorker: Starting segment from index:0
2022-04-28 13:47:01,998 [0f8914ae-8a7a-42c5-8d1b-d8caec49e59b@group-E490289E23BB-SegmentedRaftLogWorker] INFO  segmented.SegmentedRaftLogWorker (SegmentedRaftLogWorker.java:execute(601)) - 0f8914ae-8a7a-42c5-8d1b-d8caec49e59b@group-E490289E23BB-SegmentedRaftLogWorker: created new log segment /home/runner/work/ozone/ozone/hadoop-ozone/integration-test/target/test-dir/MiniOzoneClusterImpl-b83af172-7a36-4ee1-b1b1-9a7292f569f3/datanode-5/data/ratis/8d75ee49-8cc1-475d-a5da-e490289e23bb/current/log_inprogress_0
2022-04-28 13:47:02,018 [0f8914ae-8a7a-42c5-8d1b-d8caec49e59b@group-E490289E23BB-LeaderElection52] INFO  server.RaftServer$Division (ServerState.java:setRaftConf(387)) - 0f8914ae-8a7a-42c5-8d1b-d8caec49e59b@group-E490289E23BB: set configuration 0: [0f8914ae-8a7a-42c5-8d1b-d8caec49e59b|rpc:10.1.0.6:36085|dataStream:|priority:1], old=null
2022-04-28 13:47:02,513 [8b9e3e84-a08a-404f-8d97-9d84e294535b@group-D2D827DEAF3B-FollowerState] INFO  impl.FollowerState (FollowerState.java:run(134)) - 8b9e3e84-a08a-404f-8d97-9d84e294535b@group-D2D827DEAF3B-FollowerState: change to CANDIDATE, lastRpcElapsedTime:5106915436ns, electionTimeout:5105ms
2022-04-28 13:47:02,513 [8b9e3e84-a08a-404f-8d97-9d84e294535b@group-D2D827DEAF3B-FollowerState] INFO  impl.RoleInfo (RoleInfo.java:shutdownFollowerState(108)) - 8b9e3e84-a08a-404f-8d97-9d84e294535b: shutdown 8b9e3e84-a08a-404f-8d97-9d84e294535b@group-D2D827DEAF3B-FollowerState
2022-04-28 13:47:02,514 [8b9e3e84-a08a-404f-8d97-9d84e294535b@group-D2D827DEAF3B-FollowerState] INFO  server.RaftServer$Division (RaftServerImpl.java:setRole(290)) - 8b9e3e84-a08a-404f-8d97-9d84e294535b@group-D2D827DEAF3B: changes role from  FOLLOWER to CANDIDATE at term 0 for changeToCandidate
2022-04-28 13:47:02,515 [8b9e3e84-a08a-404f-8d97-9d84e294535b@group-D2D827DEAF3B-FollowerState] INFO  server.RaftServerConfigKeys (ConfUtils.java:logGet(44)) - raft.server.leaderelection.pre-vote = false (custom)
2022-04-28 13:47:02,515 [8b9e3e84-a08a-404f-8d97-9d84e294535b@group-D2D827DEAF3B-FollowerState] INFO  impl.RoleInfo (RoleInfo.java:updateAndGet(130)) - 8b9e3e84-a08a-404f-8d97-9d84e294535b: start 8b9e3e84-a08a-404f-8d97-9d84e294535b@group-D2D827DEAF3B-LeaderElection53
2022-04-28 13:47:02,547 [8b9e3e84-a08a-404f-8d97-9d84e294535b@group-D2D827DEAF3B-LeaderElection53] INFO  impl.LeaderElection (LeaderElection.java:askForVotes(306)) - 8b9e3e84-a08a-404f-8d97-9d84e294535b@group-D2D827DEAF3B-LeaderElection53 ELECTION round 0: submit vote requests at term 1 for -1: [8b9e3e84-a08a-404f-8d97-9d84e294535b|rpc:10.1.0.6:42451|priority:1], old=null
2022-04-28 13:47:02,547 [8b9e3e84-a08a-404f-8d97-9d84e294535b@group-D2D827DEAF3B-LeaderElection53] INFO  impl.LeaderElection (LeaderElection.java:askForVotes(308)) - 8b9e3e84-a08a-404f-8d97-9d84e294535b@group-D2D827DEAF3B-LeaderElection53 ELECTION round 0: result PASSED (term=1)
2022-04-28 13:47:02,547 [8b9e3e84-a08a-404f-8d97-9d84e294535b@group-D2D827DEAF3B-LeaderElection53] INFO  impl.RoleInfo (RoleInfo.java:shutdownLeaderElection(121)) - 8b9e3e84-a08a-404f-8d97-9d84e294535b: shutdown 8b9e3e84-a08a-404f-8d97-9d84e294535b@group-D2D827DEAF3B-LeaderElection53
2022-04-28 13:47:02,547 [8b9e3e84-a08a-404f-8d97-9d84e294535b@group-D2D827DEAF3B-LeaderElection53] INFO  server.RaftServer$Division (RaftServerImpl.java:setRole(290)) - 8b9e3e84-a08a-404f-8d97-9d84e294535b@group-D2D827DEAF3B: changes role from CANDIDATE to LEADER at term 1 for changeToLeader
2022-04-28 13:47:02,547 [8b9e3e84-a08a-404f-8d97-9d84e294535b@group-D2D827DEAF3B-LeaderElection53] INFO  ratis.XceiverServerRatis (XceiverServerRatis.java:handleLeaderChangedNotification(863)) - Leader change notification received for group: group-D2D827DEAF3B with new leaderId: 8b9e3e84-a08a-404f-8d97-9d84e294535b
2022-04-28 13:47:02,547 [8b9e3e84-a08a-404f-8d97-9d84e294535b@group-D2D827DEAF3B-LeaderElection53] INFO  server.RaftServer$Division (ServerState.java:setLeader(285)) - 8b9e3e84-a08a-404f-8d97-9d84e294535b@group-D2D827DEAF3B: change Leader from null to 8b9e3e84-a08a-404f-8d97-9d84e294535b at term 1 for becomeLeader, leader elected after 5172ms
2022-04-28 13:47:02,547 [8b9e3e84-a08a-404f-8d97-9d84e294535b@group-D2D827DEAF3B-LeaderElection53] INFO  server.RaftServerConfigKeys (ConfUtils.java:logGet(44)) - raft.server.staging.catchup.gap = 1000 (default)
2022-04-28 13:47:02,548 [8b9e3e84-a08a-404f-8d97-9d84e294535b@group-D2D827DEAF3B-LeaderElection53] INFO  server.RaftServerConfigKeys (ConfUtils.java:logGet(44)) - raft.server.write.element-limit = 1024 (custom)
2022-04-28 13:47:02,548 [8b9e3e84-a08a-404f-8d97-9d84e294535b@group-D2D827DEAF3B-LeaderElection53] INFO  server.RaftServerConfigKeys (ConfUtils.java:logGet(44)) - raft.server.write.byte-limit = 1024 M (=1073741824) (custom)
2022-04-28 13:47:02,548 [8b9e3e84-a08a-404f-8d97-9d84e294535b@group-D2D827DEAF3B-LeaderElection53] INFO  server.RaftServerConfigKeys (ConfUtils.java:logGet(44)) - raft.server.watch.timeout = 3000ms (custom)
2022-04-28 13:47:02,548 [8b9e3e84-a08a-404f-8d97-9d84e294535b@group-D2D827DEAF3B-LeaderElection53] INFO  server.RaftServerConfigKeys (ConfUtils.java:logGet(44)) - raft.server.watch.timeout.denomination = 1s (default)
2022-04-28 13:47:02,548 [8b9e3e84-a08a-404f-8d97-9d84e294535b@group-D2D827DEAF3B-LeaderElection53] INFO  server.RaftServerConfigKeys (ConfUtils.java:logGet(44)) - raft.server.watch.element-limit = 65536 (default)
2022-04-28 13:47:02,548 [8b9e3e84-a08a-404f-8d97-9d84e294535b@group-D2D827DEAF3B-LeaderElection53] INFO  server.RaftServerConfigKeys (ConfUtils.java:logGet(44)) - raft.server.write.element-limit = 1024 (custom)
2022-04-28 13:47:02,548 [8b9e3e84-a08a-404f-8d97-9d84e294535b@group-D2D827DEAF3B-LeaderElection53] INFO  server.RaftServerConfigKeys (ConfUtils.java:logGet(44)) - raft.server.write.follower.gap.ratio.max = -1.0 (default)
2022-04-28 13:47:02,548 [8b9e3e84-a08a-404f-8d97-9d84e294535b@group-D2D827DEAF3B-LeaderElection53] INFO  impl.RoleInfo (RoleInfo.java:updateAndGet(130)) - 8b9e3e84-a08a-404f-8d97-9d84e294535b: start 8b9e3e84-a08a-404f-8d97-9d84e294535b@group-D2D827DEAF3B-LeaderStateImpl
2022-04-28 13:47:02,549 [8b9e3e84-a08a-404f-8d97-9d84e294535b@group-D2D827DEAF3B-LeaderElection53] INFO  segmented.SegmentedRaftLogWorker (SegmentedRaftLogWorker.java:startLogSegment(394)) - 8b9e3e84-a08a-404f-8d97-9d84e294535b@group-D2D827DEAF3B-SegmentedRaftLogWorker: Starting segment from index:0
2022-04-28 13:47:02,554 [8b9e3e84-a08a-404f-8d97-9d84e294535b@group-D2D827DEAF3B-SegmentedRaftLogWorker] INFO  segmented.SegmentedRaftLogWorker (SegmentedRaftLogWorker.java:execute(601)) - 8b9e3e84-a08a-404f-8d97-9d84e294535b@group-D2D827DEAF3B-SegmentedRaftLogWorker: created new log segment /home/runner/work/ozone/ozone/hadoop-ozone/integration-test/target/test-dir/MiniOzoneClusterImpl-b83af172-7a36-4ee1-b1b1-9a7292f569f3/datanode-6/data/ratis/2c9ead6e-c2fe-4efc-9d79-d2d827deaf3b/current/log_inprogress_0
2022-04-28 13:47:02,558 [8b9e3e84-a08a-404f-8d97-9d84e294535b@group-D2D827DEAF3B-LeaderElection53] INFO  server.RaftServer$Division (ServerState.java:setRaftConf(387)) - 8b9e3e84-a08a-404f-8d97-9d84e294535b@group-D2D827DEAF3B: set configuration 0: [8b9e3e84-a08a-404f-8d97-9d84e294535b|rpc:10.1.0.6:42451|dataStream:|priority:1], old=null
2022-04-28 13:47:03,969 [acf0e45f-1346-4d3d-b768-e886253cff70@group-76FB0BDDFE3B-FollowerState] INFO  impl.FollowerState (FollowerState.java:run(134)) - acf0e45f-1346-4d3d-b768-e886253cff70@group-76FB0BDDFE3B-FollowerState: change to CANDIDATE, lastRpcElapsedTime:5092856595ns, electionTimeout:5051ms
2022-04-28 13:47:03,969 [acf0e45f-1346-4d3d-b768-e886253cff70@group-76FB0BDDFE3B-FollowerState] INFO  impl.RoleInfo (RoleInfo.java:shutdownFollowerState(108)) - acf0e45f-1346-4d3d-b768-e886253cff70: shutdown acf0e45f-1346-4d3d-b768-e886253cff70@group-76FB0BDDFE3B-FollowerState
2022-04-28 13:47:03,969 [acf0e45f-1346-4d3d-b768-e886253cff70@group-76FB0BDDFE3B-FollowerState] INFO  server.RaftServer$Division (RaftServerImpl.java:setRole(290)) - acf0e45f-1346-4d3d-b768-e886253cff70@group-76FB0BDDFE3B: changes role from  FOLLOWER to CANDIDATE at term 1 for changeToCandidate
2022-04-28 13:47:03,969 [acf0e45f-1346-4d3d-b768-e886253cff70@group-76FB0BDDFE3B-FollowerState] INFO  server.RaftServerConfigKeys (ConfUtils.java:logGet(44)) - raft.server.leaderelection.pre-vote = false (custom)
2022-04-28 13:47:03,969 [acf0e45f-1346-4d3d-b768-e886253cff70@group-76FB0BDDFE3B-FollowerState] INFO  impl.RoleInfo (RoleInfo.java:updateAndGet(130)) - acf0e45f-1346-4d3d-b768-e886253cff70: start acf0e45f-1346-4d3d-b768-e886253cff70@group-76FB0BDDFE3B-LeaderElection54
2022-04-28 13:47:03,979 [acf0e45f-1346-4d3d-b768-e886253cff70@group-76FB0BDDFE3B-LeaderElection54] INFO  impl.LeaderElection (LeaderElection.java:askForVotes(306)) - acf0e45f-1346-4d3d-b768-e886253cff70@group-76FB0BDDFE3B-LeaderElection54 ELECTION round 0: submit vote requests at term 2 for -1: [acf0e45f-1346-4d3d-b768-e886253cff70|rpc:10.1.0.6:44375|dataStream:|priority:1, d6fcb396-7a9b-4335-ba57-70371e8b2173|rpc:10.1.0.6:43147|dataStream:|priority:0, 12f93519-ceed-46ee-9151-25937782214d|rpc:10.1.0.6:33231|dataStream:|priority:0], old=null
2022-04-28 13:47:04,006 [12f93519-ceed-46ee-9151-25937782214d@group-76FB0BDDFE3B-FollowerState] INFO  impl.FollowerState (FollowerState.java:run(134)) - 12f93519-ceed-46ee-9151-25937782214d@group-76FB0BDDFE3B-FollowerState: change to CANDIDATE, lastRpcElapsedTime:5091832992ns, electionTimeout:5072ms
2022-04-28 13:47:04,007 [12f93519-ceed-46ee-9151-25937782214d@group-76FB0BDDFE3B-FollowerState] INFO  impl.RoleInfo (RoleInfo.java:shutdownFollowerState(108)) - 12f93519-ceed-46ee-9151-25937782214d: shutdown 12f93519-ceed-46ee-9151-25937782214d@group-76FB0BDDFE3B-FollowerState
2022-04-28 13:47:04,007 [12f93519-ceed-46ee-9151-25937782214d@group-76FB0BDDFE3B-FollowerState] INFO  server.RaftServer$Division (RaftServerImpl.java:setRole(290)) - 12f93519-ceed-46ee-9151-25937782214d@group-76FB0BDDFE3B: changes role from  FOLLOWER to CANDIDATE at term 1 for changeToCandidate
2022-04-28 13:47:04,007 [12f93519-ceed-46ee-9151-25937782214d@group-76FB0BDDFE3B-FollowerState] INFO  server.RaftServerConfigKeys (ConfUtils.java:logGet(44)) - raft.server.leaderelection.pre-vote = false (custom)
2022-04-28 13:47:04,007 [12f93519-ceed-46ee-9151-25937782214d@group-76FB0BDDFE3B-FollowerState] INFO  impl.RoleInfo (RoleInfo.java:updateAndGet(130)) - 12f93519-ceed-46ee-9151-25937782214d: start 12f93519-ceed-46ee-9151-25937782214d@group-76FB0BDDFE3B-LeaderElection55
2022-04-28 13:47:04,013 [grpc-default-executor-2] INFO  server.RaftServer$Division (RaftServerImpl.java:requestVote(1046)) - d6fcb396-7a9b-4335-ba57-70371e8b2173@group-76FB0BDDFE3B: receive requestVote(ELECTION, acf0e45f-1346-4d3d-b768-e886253cff70, group-76FB0BDDFE3B, 2, (t:0, i:0))
2022-04-28 13:47:04,013 [grpc-default-executor-2] INFO  impl.VoteContext (VoteContext.java:log(48)) - d6fcb396-7a9b-4335-ba57-70371e8b2173@group-76FB0BDDFE3B-FOLLOWER: accept ELECTION from acf0e45f-1346-4d3d-b768-e886253cff70: our priority 0 <= candidate's priority 1
2022-04-28 13:47:04,013 [grpc-default-executor-2] INFO  server.RaftServer$Division (RaftServerImpl.java:setRole(290)) - d6fcb396-7a9b-4335-ba57-70371e8b2173@group-76FB0BDDFE3B: changes role from  FOLLOWER to FOLLOWER at term 2 for candidate:acf0e45f-1346-4d3d-b768-e886253cff70
2022-04-28 13:47:04,013 [grpc-default-executor-2] INFO  impl.RoleInfo (RoleInfo.java:shutdownFollowerState(108)) - d6fcb396-7a9b-4335-ba57-70371e8b2173: shutdown d6fcb396-7a9b-4335-ba57-70371e8b2173@group-76FB0BDDFE3B-FollowerState
2022-04-28 13:47:04,013 [grpc-default-executor-2] INFO  impl.RoleInfo (RoleInfo.java:updateAndGet(130)) - d6fcb396-7a9b-4335-ba57-70371e8b2173: start d6fcb396-7a9b-4335-ba57-70371e8b2173@group-76FB0BDDFE3B-FollowerState
2022-04-28 13:47:04,013 [d6fcb396-7a9b-4335-ba57-70371e8b2173@group-76FB0BDDFE3B-FollowerState] INFO  impl.FollowerState (FollowerState.java:run(143)) - d6fcb396-7a9b-4335-ba57-70371e8b2173@group-76FB0BDDFE3B-FollowerState was interrupted: {}
java.lang.InterruptedException: sleep interrupted
	at java.lang.Thread.sleep(Native Method)
	at java.lang.Thread.sleep(Thread.java:342)
	at java.util.concurrent.TimeUnit.sleep(TimeUnit.java:386)
	at org.apache.ratis.util.TimeDuration.sleep(TimeDuration.java:324)
	at org.apache.ratis.util.TimeDuration.sleep(TimeDuration.java:309)
	at org.apache.ratis.server.impl.FollowerState.run(FollowerState.java:118)
2022-04-28 13:47:04,027 [grpc-default-executor-2] INFO  server.RaftServer$Division (RaftServerImpl.java:requestVote(1078)) - d6fcb396-7a9b-4335-ba57-70371e8b2173@group-76FB0BDDFE3B replies to ELECTION vote request: acf0e45f-1346-4d3d-b768-e886253cff70<-d6fcb396-7a9b-4335-ba57-70371e8b2173#0:OK-t2. Peer's state: d6fcb396-7a9b-4335-ba57-70371e8b2173@group-76FB0BDDFE3B:t2, leader=null, voted=acf0e45f-1346-4d3d-b768-e886253cff70, raftlog=d6fcb396-7a9b-4335-ba57-70371e8b2173@group-76FB0BDDFE3B-SegmentedRaftLog:OPENED:c-1, conf=-1: [acf0e45f-1346-4d3d-b768-e886253cff70|rpc:10.1.0.6:44375|priority:1, d6fcb396-7a9b-4335-ba57-70371e8b2173|rpc:10.1.0.6:43147|priority:0, 12f93519-ceed-46ee-9151-25937782214d|rpc:10.1.0.6:33231|priority:0], old=null
2022-04-28 13:47:04,034 [grpc-default-executor-4] INFO  server.RaftServer$Division (RaftServerImpl.java:requestVote(1046)) - 12f93519-ceed-46ee-9151-25937782214d@group-76FB0BDDFE3B: receive requestVote(ELECTION, acf0e45f-1346-4d3d-b768-e886253cff70, group-76FB0BDDFE3B, 2, (t:0, i:0))
2022-04-28 13:47:04,034 [grpc-default-executor-4] INFO  impl.VoteContext (VoteContext.java:log(48)) - 12f93519-ceed-46ee-9151-25937782214d@group-76FB0BDDFE3B-CANDIDATE: accept ELECTION from acf0e45f-1346-4d3d-b768-e886253cff70: our priority 0 <= candidate's priority 1
2022-04-28 13:47:04,034 [grpc-default-executor-4] INFO  server.RaftServer$Division (RaftServerImpl.java:setRole(290)) - 12f93519-ceed-46ee-9151-25937782214d@group-76FB0BDDFE3B: changes role from CANDIDATE to FOLLOWER at term 2 for candidate:acf0e45f-1346-4d3d-b768-e886253cff70
2022-04-28 13:47:04,034 [grpc-default-executor-4] INFO  impl.RoleInfo (RoleInfo.java:shutdownLeaderElection(121)) - 12f93519-ceed-46ee-9151-25937782214d: shutdown 12f93519-ceed-46ee-9151-25937782214d@group-76FB0BDDFE3B-LeaderElection55
2022-04-28 13:47:04,034 [grpc-default-executor-4] INFO  impl.RoleInfo (RoleInfo.java:updateAndGet(130)) - 12f93519-ceed-46ee-9151-25937782214d: start 12f93519-ceed-46ee-9151-25937782214d@group-76FB0BDDFE3B-FollowerState
2022-04-28 13:47:04,037 [acf0e45f-1346-4d3d-b768-e886253cff70@group-76FB0BDDFE3B-LeaderElection54] INFO  impl.LeaderElection (LeaderElection.java:logAndReturn(89)) - acf0e45f-1346-4d3d-b768-e886253cff70@group-76FB0BDDFE3B-LeaderElection54: ELECTION PASSED received 1 response(s) and 0 exception(s):
2022-04-28 13:47:04,037 [acf0e45f-1346-4d3d-b768-e886253cff70@group-76FB0BDDFE3B-LeaderElection54] INFO  impl.LeaderElection (LeaderElection.java:logAndReturn(93)) -   Response 0: acf0e45f-1346-4d3d-b768-e886253cff70<-d6fcb396-7a9b-4335-ba57-70371e8b2173#0:OK-t2
2022-04-28 13:47:04,037 [acf0e45f-1346-4d3d-b768-e886253cff70@group-76FB0BDDFE3B-LeaderElection54] INFO  impl.LeaderElection (LeaderElection.java:askForVotes(308)) - acf0e45f-1346-4d3d-b768-e886253cff70@group-76FB0BDDFE3B-LeaderElection54 ELECTION round 0: result PASSED
2022-04-28 13:47:04,037 [acf0e45f-1346-4d3d-b768-e886253cff70@group-76FB0BDDFE3B-LeaderElection54] INFO  impl.RoleInfo (RoleInfo.java:shutdownLeaderElection(121)) - acf0e45f-1346-4d3d-b768-e886253cff70: shutdown acf0e45f-1346-4d3d-b768-e886253cff70@group-76FB0BDDFE3B-LeaderElection54
2022-04-28 13:47:04,037 [acf0e45f-1346-4d3d-b768-e886253cff70@group-76FB0BDDFE3B-LeaderElection54] INFO  server.RaftServer$Division (RaftServerImpl.java:setRole(290)) - acf0e45f-1346-4d3d-b768-e886253cff70@group-76FB0BDDFE3B: changes role from CANDIDATE to LEADER at term 2 for changeToLeader
2022-04-28 13:47:04,037 [acf0e45f-1346-4d3d-b768-e886253cff70@group-76FB0BDDFE3B-LeaderElection54] INFO  ratis.XceiverServerRatis (XceiverServerRatis.java:handleLeaderChangedNotification(863)) - Leader change notification received for group: group-76FB0BDDFE3B with new leaderId: acf0e45f-1346-4d3d-b768-e886253cff70
2022-04-28 13:47:04,037 [acf0e45f-1346-4d3d-b768-e886253cff70@group-76FB0BDDFE3B-LeaderElection54] INFO  server.RaftServer$Division (ServerState.java:setLeader(285)) - acf0e45f-1346-4d3d-b768-e886253cff70@group-76FB0BDDFE3B: change Leader from null to acf0e45f-1346-4d3d-b768-e886253cff70 at term 2 for becomeLeader, leader elected after 10078ms
2022-04-28 13:47:04,037 [acf0e45f-1346-4d3d-b768-e886253cff70@group-76FB0BDDFE3B-LeaderElection54] INFO  server.RaftServerConfigKeys (ConfUtils.java:logGet(44)) - raft.server.staging.catchup.gap = 1000 (default)
2022-04-28 13:47:04,037 [acf0e45f-1346-4d3d-b768-e886253cff70@group-76FB0BDDFE3B-LeaderElection54] INFO  server.RaftServerConfigKeys (ConfUtils.java:logGet(44)) - raft.server.write.element-limit = 1024 (custom)
2022-04-28 13:47:04,037 [acf0e45f-1346-4d3d-b768-e886253cff70@group-76FB0BDDFE3B-LeaderElection54] INFO  server.RaftServerConfigKeys (ConfUtils.java:logGet(44)) - raft.server.write.byte-limit = 1024 M (=1073741824) (custom)
2022-04-28 13:47:04,038 [acf0e45f-1346-4d3d-b768-e886253cff70@group-76FB0BDDFE3B-LeaderElection54] INFO  server.RaftServerConfigKeys (ConfUtils.java:logGet(44)) - raft.server.watch.timeout = 3000ms (custom)
2022-04-28 13:47:04,038 [acf0e45f-1346-4d3d-b768-e886253cff70@group-76FB0BDDFE3B-LeaderElection54] INFO  server.RaftServerConfigKeys (ConfUtils.java:logGet(44)) - raft.server.watch.timeout.denomination = 1s (default)
2022-04-28 13:47:04,038 [acf0e45f-1346-4d3d-b768-e886253cff70@group-76FB0BDDFE3B-LeaderElection54] INFO  server.RaftServerConfigKeys (ConfUtils.java:logGet(44)) - raft.server.watch.element-limit = 65536 (default)
2022-04-28 13:47:04,038 [acf0e45f-1346-4d3d-b768-e886253cff70@group-76FB0BDDFE3B-LeaderElection54] INFO  server.RaftServerConfigKeys (ConfUtils.java:logGet(44)) - raft.server.write.element-limit = 1024 (custom)
2022-04-28 13:47:04,038 [acf0e45f-1346-4d3d-b768-e886253cff70@group-76FB0BDDFE3B-LeaderElection54] INFO  server.RaftServerConfigKeys (ConfUtils.java:logGet(44)) - raft.server.write.follower.gap.ratio.max = -1.0 (default)
2022-04-28 13:47:04,038 [acf0e45f-1346-4d3d-b768-e886253cff70@group-76FB0BDDFE3B-LeaderElection54] INFO  server.RaftServerConfigKeys (ConfUtils.java:logGet(44)) - raft.server.log.appender.snapshot.chunk.size.max = 16MB (=16777216) (default)
2022-04-28 13:47:04,038 [acf0e45f-1346-4d3d-b768-e886253cff70@group-76FB0BDDFE3B-LeaderElection54] INFO  server.RaftServerConfigKeys (ConfUtils.java:logGet(44)) - raft.server.log.appender.buffer.byte-limit = 33554432 (custom)
2022-04-28 13:47:04,038 [acf0e45f-1346-4d3d-b768-e886253cff70@group-76FB0BDDFE3B-LeaderElection54] INFO  server.RaftServerConfigKeys (ConfUtils.java:logGet(44)) - raft.server.log.appender.buffer.element-limit = 1 (custom)
2022-04-28 13:47:04,038 [acf0e45f-1346-4d3d-b768-e886253cff70@group-76FB0BDDFE3B-LeaderElection54] INFO  grpc.GrpcConfigKeys (ConfUtils.java:logGet(44)) - raft.grpc.server.leader.outstanding.appends.max = 128 (default)
2022-04-28 13:47:04,038 [acf0e45f-1346-4d3d-b768-e886253cff70@group-76FB0BDDFE3B-LeaderElection54] INFO  server.RaftServerConfigKeys (ConfUtils.java:logGet(44)) - raft.server.rpc.request.timeout = 3000ms (default)
2022-04-28 13:47:04,038 [acf0e45f-1346-4d3d-b768-e886253cff70@group-76FB0BDDFE3B-LeaderElection54] INFO  server.RaftServerConfigKeys (ConfUtils.java:logGet(44)) - raft.server.log.appender.install.snapshot.enabled = false (custom)
2022-04-28 13:47:04,039 [acf0e45f-1346-4d3d-b768-e886253cff70@group-76FB0BDDFE3B-LeaderElection54] INFO  server.RaftServerConfigKeys (ConfUtils.java:logGet(44)) - raft.server.log.appender.snapshot.chunk.size.max = 16MB (=16777216) (default)
2022-04-28 13:47:04,039 [acf0e45f-1346-4d3d-b768-e886253cff70@group-76FB0BDDFE3B-LeaderElection54] INFO  server.RaftServerConfigKeys (ConfUtils.java:logGet(44)) - raft.server.log.appender.buffer.byte-limit = 33554432 (custom)
2022-04-28 13:47:04,039 [acf0e45f-1346-4d3d-b768-e886253cff70@group-76FB0BDDFE3B-LeaderElection54] INFO  server.RaftServerConfigKeys (ConfUtils.java:logGet(44)) - raft.server.log.appender.buffer.element-limit = 1 (custom)
2022-04-28 13:47:04,039 [acf0e45f-1346-4d3d-b768-e886253cff70@group-76FB0BDDFE3B-LeaderElection54] INFO  grpc.GrpcConfigKeys (ConfUtils.java:logGet(44)) - raft.grpc.server.leader.outstanding.appends.max = 128 (default)
2022-04-28 13:47:04,039 [acf0e45f-1346-4d3d-b768-e886253cff70@group-76FB0BDDFE3B-LeaderElection54] INFO  server.RaftServerConfigKeys (ConfUtils.java:logGet(44)) - raft.server.rpc.request.timeout = 3000ms (default)
2022-04-28 13:47:04,040 [acf0e45f-1346-4d3d-b768-e886253cff70@group-76FB0BDDFE3B-LeaderElection54] INFO  server.RaftServerConfigKeys (ConfUtils.java:logGet(44)) - raft.server.log.appender.install.snapshot.enabled = false (custom)
2022-04-28 13:47:04,040 [acf0e45f-1346-4d3d-b768-e886253cff70@group-76FB0BDDFE3B-LeaderElection54] INFO  impl.RoleInfo (RoleInfo.java:updateAndGet(130)) - acf0e45f-1346-4d3d-b768-e886253cff70: start acf0e45f-1346-4d3d-b768-e886253cff70@group-76FB0BDDFE3B-LeaderStateImpl
2022-04-28 13:47:04,041 [acf0e45f-1346-4d3d-b768-e886253cff70@group-76FB0BDDFE3B-LeaderElection54] INFO  segmented.SegmentedRaftLogWorker (SegmentedRaftLogWorker.java:startLogSegment(394)) - acf0e45f-1346-4d3d-b768-e886253cff70@group-76FB0BDDFE3B-SegmentedRaftLogWorker: Starting segment from index:0
2022-04-28 13:47:04,047 [EventQueue-PipelineReportForPipelineReportHandler] INFO  pipeline.PipelineManagerImpl (PipelineManagerImpl.java:openPipeline(328)) - Pipeline Pipeline[ Id: 3eee3059-b617-470b-85e6-76fb0bddfe3b, Nodes: d6fcb396-7a9b-4335-ba57-70371e8b2173{ip: 10.1.0.6, host: fv-az294-869.eaanfquahm5ulb5tj050gcxych.jx.internal.cloudapp.net, ports: [REPLICATION=43675, RATIS=43147, RATIS_ADMIN=43147, RATIS_SERVER=43147, STANDALONE=40213], networkLocation: /default-rack, certSerialId: null, persistedOpState: IN_SERVICE, persistedOpStateExpiryEpochSec: 0}12f93519-ceed-46ee-9151-25937782214d{ip: 10.1.0.6, host: fv-az294-869.eaanfquahm5ulb5tj050gcxych.jx.internal.cloudapp.net, ports: [REPLICATION=38103, RATIS=33231, RATIS_ADMIN=33231, RATIS_SERVER=33231, STANDALONE=46501], networkLocation: /default-rack, certSerialId: null, persistedOpState: IN_SERVICE, persistedOpStateExpiryEpochSec: 0}acf0e45f-1346-4d3d-b768-e886253cff70{ip: 10.1.0.6, host: fv-az294-869.eaanfquahm5ulb5tj050gcxych.jx.internal.cloudapp.net, ports: [REPLICATION=33505, RATIS=44375, RATIS_ADMIN=44375, RATIS_SERVER=44375, STANDALONE=43863], networkLocation: /default-rack, certSerialId: null, persistedOpState: IN_SERVICE, persistedOpStateExpiryEpochSec: 0}, ReplicationConfig: RATIS/THREE, State:ALLOCATED, leaderId:acf0e45f-1346-4d3d-b768-e886253cff70, CreationTimestamp2022-04-28T13:46:51.741Z[Etc/UTC]] moved to OPEN state
2022-04-28 13:47:04,048 [grpc-default-executor-4] INFO  server.RaftServer$Division (RaftServerImpl.java:requestVote(1078)) - 12f93519-ceed-46ee-9151-25937782214d@group-76FB0BDDFE3B replies to ELECTION vote request: acf0e45f-1346-4d3d-b768-e886253cff70<-12f93519-ceed-46ee-9151-25937782214d#0:OK-t2. Peer's state: 12f93519-ceed-46ee-9151-25937782214d@group-76FB0BDDFE3B:t2, leader=null, voted=acf0e45f-1346-4d3d-b768-e886253cff70, raftlog=12f93519-ceed-46ee-9151-25937782214d@group-76FB0BDDFE3B-SegmentedRaftLog:OPENED:c-1, conf=-1: [acf0e45f-1346-4d3d-b768-e886253cff70|rpc:10.1.0.6:44375|dataStream:|priority:1, d6fcb396-7a9b-4335-ba57-70371e8b2173|rpc:10.1.0.6:43147|dataStream:|priority:0, 12f93519-ceed-46ee-9151-25937782214d|rpc:10.1.0.6:33231|dataStream:|priority:0], old=null
2022-04-28 13:47:04,061 [acf0e45f-1346-4d3d-b768-e886253cff70@group-76FB0BDDFE3B-SegmentedRaftLogWorker] INFO  segmented.SegmentedRaftLogWorker (SegmentedRaftLogWorker.java:execute(601)) - acf0e45f-1346-4d3d-b768-e886253cff70@group-76FB0BDDFE3B-SegmentedRaftLogWorker: created new log segment /home/runner/work/ozone/ozone/hadoop-ozone/integration-test/target/test-dir/MiniOzoneClusterImpl-b83af172-7a36-4ee1-b1b1-9a7292f569f3/datanode-2/data/ratis/3eee3059-b617-470b-85e6-76fb0bddfe3b/current/log_inprogress_0
2022-04-28 13:47:04,071 [grpc-default-executor-2] INFO  ratis.XceiverServerRatis (XceiverServerRatis.java:handleLeaderChangedNotification(863)) - Leader change notification received for group: group-76FB0BDDFE3B with new leaderId: acf0e45f-1346-4d3d-b768-e886253cff70
2022-04-28 13:47:04,072 [grpc-default-executor-2] INFO  server.RaftServer$Division (ServerState.java:setLeader(285)) - 12f93519-ceed-46ee-9151-25937782214d@group-76FB0BDDFE3B: change Leader from null to acf0e45f-1346-4d3d-b768-e886253cff70 at term 2 for appendEntries, leader elected after 10235ms
2022-04-28 13:47:04,082 [grpc-default-executor-0] INFO  ratis.XceiverServerRatis (XceiverServerRatis.java:handleLeaderChangedNotification(863)) - Leader change notification received for group: group-76FB0BDDFE3B with new leaderId: acf0e45f-1346-4d3d-b768-e886253cff70
2022-04-28 13:47:04,082 [grpc-default-executor-0] INFO  server.RaftServer$Division (ServerState.java:setLeader(285)) - d6fcb396-7a9b-4335-ba57-70371e8b2173@group-76FB0BDDFE3B: change Leader from null to acf0e45f-1346-4d3d-b768-e886253cff70 at term 2 for appendEntries, leader elected after 10332ms
2022-04-28 13:47:04,104 [acf0e45f-1346-4d3d-b768-e886253cff70@group-76FB0BDDFE3B-LeaderElection54] INFO  server.RaftServer$Division (ServerState.java:setRaftConf(387)) - acf0e45f-1346-4d3d-b768-e886253cff70@group-76FB0BDDFE3B: set configuration 0: [acf0e45f-1346-4d3d-b768-e886253cff70|rpc:10.1.0.6:44375|dataStream:|priority:1, d6fcb396-7a9b-4335-ba57-70371e8b2173|rpc:10.1.0.6:43147|dataStream:|priority:0, 12f93519-ceed-46ee-9151-25937782214d|rpc:10.1.0.6:33231|dataStream:|priority:0], old=null
2022-04-28 13:47:04,104 [grpc-default-executor-2] INFO  server.RaftServer$Division (ServerState.java:setRaftConf(387)) - 12f93519-ceed-46ee-9151-25937782214d@group-76FB0BDDFE3B: set configuration 0: [acf0e45f-1346-4d3d-b768-e886253cff70|rpc:10.1.0.6:44375|dataStream:|priority:1, d6fcb396-7a9b-4335-ba57-70371e8b2173|rpc:10.1.0.6:43147|dataStream:|priority:0, 12f93519-ceed-46ee-9151-25937782214d|rpc:10.1.0.6:33231|dataStream:|priority:0], old=null
2022-04-28 13:47:04,104 [grpc-default-executor-0] INFO  server.RaftServer$Division (ServerState.java:setRaftConf(387)) - d6fcb396-7a9b-4335-ba57-70371e8b2173@group-76FB0BDDFE3B: set configuration 0: [acf0e45f-1346-4d3d-b768-e886253cff70|rpc:10.1.0.6:44375|dataStream:|priority:1, d6fcb396-7a9b-4335-ba57-70371e8b2173|rpc:10.1.0.6:43147|dataStream:|priority:0, 12f93519-ceed-46ee-9151-25937782214d|rpc:10.1.0.6:33231|dataStream:|priority:0], old=null
2022-04-28 13:47:04,105 [grpc-default-executor-2] INFO  segmented.SegmentedRaftLogWorker (SegmentedRaftLogWorker.java:startLogSegment(394)) - 12f93519-ceed-46ee-9151-25937782214d@group-76FB0BDDFE3B-SegmentedRaftLogWorker: Starting segment from index:0
2022-04-28 13:47:04,105 [grpc-default-executor-0] INFO  segmented.SegmentedRaftLogWorker (SegmentedRaftLogWorker.java:startLogSegment(394)) - d6fcb396-7a9b-4335-ba57-70371e8b2173@group-76FB0BDDFE3B-SegmentedRaftLogWorker: Starting segment from index:0
2022-04-28 13:47:04,107 [12f93519-ceed-46ee-9151-25937782214d@group-76FB0BDDFE3B-SegmentedRaftLogWorker] INFO  segmented.SegmentedRaftLogWorker (SegmentedRaftLogWorker.java:execute(601)) - 12f93519-ceed-46ee-9151-25937782214d@group-76FB0BDDFE3B-SegmentedRaftLogWorker: created new log segment /home/runner/work/ozone/ozone/hadoop-ozone/integration-test/target/test-dir/MiniOzoneClusterImpl-b83af172-7a36-4ee1-b1b1-9a7292f569f3/datanode-1/data/ratis/3eee3059-b617-470b-85e6-76fb0bddfe3b/current/log_inprogress_0
2022-04-28 13:47:04,108 [d6fcb396-7a9b-4335-ba57-70371e8b2173@group-76FB0BDDFE3B-SegmentedRaftLogWorker] INFO  segmented.SegmentedRaftLogWorker (SegmentedRaftLogWorker.java:execute(601)) - d6fcb396-7a9b-4335-ba57-70371e8b2173@group-76FB0BDDFE3B-SegmentedRaftLogWorker: created new log segment /home/runner/work/ozone/ozone/hadoop-ozone/integration-test/target/test-dir/MiniOzoneClusterImpl-b83af172-7a36-4ee1-b1b1-9a7292f569f3/datanode-0/data/ratis/3eee3059-b617-470b-85e6-76fb0bddfe3b/current/log_inprogress_0
2022-04-28 13:47:05,288 [Listener at 127.0.0.1/39257] INFO  ozoneimpl.OzoneContainer (OzoneContainer.java:stop(356)) - Attempting to stop container services.
2022-04-28 13:47:05,288 [Listener at 127.0.0.1/39257] INFO  server.RaftServer (RaftServerProxy.java:lambda$close$6(391)) - d6fcb396-7a9b-4335-ba57-70371e8b2173: close
2022-04-28 13:47:05,288 [Listener at 127.0.0.1/39257] INFO  server.RaftServer$Division (RaftServerImpl.java:lambda$close$4(412)) - d6fcb396-7a9b-4335-ba57-70371e8b2173@group-76FB0BDDFE3B: shutdown
2022-04-28 13:47:05,289 [Listener at 127.0.0.1/39257] INFO  util.JmxRegister (JmxRegister.java:unregister(73)) - Successfully un-registered JMX Bean with object name Ratis:service=RaftServer,group=group-76FB0BDDFE3B,id=d6fcb396-7a9b-4335-ba57-70371e8b2173
2022-04-28 13:47:05,289 [Listener at 127.0.0.1/39257] INFO  impl.RoleInfo (RoleInfo.java:shutdownFollowerState(108)) - d6fcb396-7a9b-4335-ba57-70371e8b2173: shutdown d6fcb396-7a9b-4335-ba57-70371e8b2173@group-76FB0BDDFE3B-FollowerState
2022-04-28 13:47:05,289 [Listener at 127.0.0.1/39257] INFO  impl.StateMachineUpdater (StateMachineUpdater.java:stopAndJoin(149)) - d6fcb396-7a9b-4335-ba57-70371e8b2173@group-76FB0BDDFE3B-StateMachineUpdater: set stopIndex = 0
2022-04-28 13:47:05,289 [d6fcb396-7a9b-4335-ba57-70371e8b2173@group-76FB0BDDFE3B-StateMachineUpdater] INFO  ratis.ContainerStateMachine (ContainerStateMachine.java:takeSnapshot(304)) - group-76FB0BDDFE3B: Taking a snapshot at:(t:2, i:0) file /home/runner/work/ozone/ozone/hadoop-ozone/integration-test/target/test-dir/MiniOzoneClusterImpl-b83af172-7a36-4ee1-b1b1-9a7292f569f3/datanode-0/data/ratis/3eee3059-b617-470b-85e6-76fb0bddfe3b/sm/snapshot.2_0
2022-04-28 13:47:05,289 [d6fcb396-7a9b-4335-ba57-70371e8b2173@group-76FB0BDDFE3B-FollowerState] INFO  impl.FollowerState (FollowerState.java:run(143)) - d6fcb396-7a9b-4335-ba57-70371e8b2173@group-76FB0BDDFE3B-FollowerState was interrupted: {}
java.lang.InterruptedException: sleep interrupted
	at java.lang.Thread.sleep(Native Method)
	at java.lang.Thread.sleep(Thread.java:342)
	at java.util.concurrent.TimeUnit.sleep(TimeUnit.java:386)
	at org.apache.ratis.util.TimeDuration.sleep(TimeDuration.java:324)
	at org.apache.ratis.util.TimeDuration.sleep(TimeDuration.java:309)
	at org.apache.ratis.server.impl.FollowerState.run(FollowerState.java:118)
2022-04-28 13:47:05,290 [d6fcb396-7a9b-4335-ba57-70371e8b2173@group-76FB0BDDFE3B-StateMachineUpdater] INFO  ratis.ContainerStateMachine (ContainerStateMachine.java:takeSnapshot(315)) - group-76FB0BDDFE3B: Finished taking a snapshot at:(t:2, i:0) file:/home/runner/work/ozone/ozone/hadoop-ozone/integration-test/target/test-dir/MiniOzoneClusterImpl-b83af172-7a36-4ee1-b1b1-9a7292f569f3/datanode-0/data/ratis/3eee3059-b617-470b-85e6-76fb0bddfe3b/sm/snapshot.2_0 took: 0 ms
2022-04-28 13:47:05,290 [d6fcb396-7a9b-4335-ba57-70371e8b2173@group-76FB0BDDFE3B-StateMachineUpdater] INFO  impl.StateMachineUpdater (StateMachineUpdater.java:takeSnapshot(281)) - d6fcb396-7a9b-4335-ba57-70371e8b2173@group-76FB0BDDFE3B-StateMachineUpdater: Took a snapshot at index 0
2022-04-28 13:47:05,290 [d6fcb396-7a9b-4335-ba57-70371e8b2173@group-76FB0BDDFE3B-StateMachineUpdater] INFO  impl.StateMachineUpdater (StateMachineUpdater.java:lambda$new$0(89)) - d6fcb396-7a9b-4335-ba57-70371e8b2173@group-76FB0BDDFE3B-StateMachineUpdater: snapshotIndex: updateIncreasingly -1 -> 0
2022-04-28 13:47:05,291 [Listener at 127.0.0.1/39257] INFO  server.RaftServer$Division (ServerState.java:close(419)) - d6fcb396-7a9b-4335-ba57-70371e8b2173@group-76FB0BDDFE3B: closes. applyIndex: 0
2022-04-28 13:47:05,291 [d6fcb396-7a9b-4335-ba57-70371e8b2173@group-76FB0BDDFE3B-SegmentedRaftLogWorker] INFO  segmented.SegmentedRaftLogWorker (SegmentedRaftLogWorker.java:run(327)) - d6fcb396-7a9b-4335-ba57-70371e8b2173@group-76FB0BDDFE3B-SegmentedRaftLogWorker was interrupted, exiting. There are 0 tasks remaining in the queue.
2022-04-28 13:47:05,293 [Listener at 127.0.0.1/39257] INFO  segmented.SegmentedRaftLogWorker (SegmentedRaftLogWorker.java:close(237)) - d6fcb396-7a9b-4335-ba57-70371e8b2173@group-76FB0BDDFE3B-SegmentedRaftLogWorker close()
2022-04-28 13:47:05,295 [Listener at 127.0.0.1/39257] INFO  server.RaftServer$Division (RaftServerImpl.java:lambda$close$4(412)) - d6fcb396-7a9b-4335-ba57-70371e8b2173@group-9C327277336C: shutdown
2022-04-28 13:47:05,295 [Listener at 127.0.0.1/39257] INFO  util.JmxRegister (JmxRegister.java:unregister(73)) - Successfully un-registered JMX Bean with object name Ratis:service=RaftServer,group=group-9C327277336C,id=d6fcb396-7a9b-4335-ba57-70371e8b2173
2022-04-28 13:47:05,295 [Listener at 127.0.0.1/39257] INFO  impl.RoleInfo (RoleInfo.java:shutdownLeaderState(91)) - d6fcb396-7a9b-4335-ba57-70371e8b2173: shutdown d6fcb396-7a9b-4335-ba57-70371e8b2173@group-9C327277336C-LeaderStateImpl
2022-04-28 13:47:05,298 [d6fcb396-7a9b-4335-ba57-70371e8b2173@group-9C327277336C->acf0e45f-1346-4d3d-b768-e886253cff70-GrpcLogAppender-LogAppenderDaemon] WARN  server.GrpcLogAppender (GrpcLogAppender.java:mayWait(177)) - d6fcb396-7a9b-4335-ba57-70371e8b2173@group-9C327277336C->acf0e45f-1346-4d3d-b768-e886253cff70-GrpcLogAppender: Wait interrupted by java.lang.InterruptedException
2022-04-28 13:47:05,298 [Listener at 127.0.0.1/39257] INFO  impl.PendingRequests (PendingRequests.java:sendNotLeaderResponses(282)) - d6fcb396-7a9b-4335-ba57-70371e8b2173@group-9C327277336C-PendingRequests: sendNotLeaderResponses
2022-04-28 13:47:05,298 [grpc-default-executor-2] INFO  server.GrpcServerProtocolService (GrpcServerProtocolService.java:onCompleted(140)) - acf0e45f-1346-4d3d-b768-e886253cff70: Completed APPEND_ENTRIES, lastRequest: d6fcb396-7a9b-4335-ba57-70371e8b2173->acf0e45f-1346-4d3d-b768-e886253cff70#13-t1,previous=(t:1, i:6),leaderCommit=4,initializing? true,entries: size=1, first=(t:1, i:7), METADATAENTRY(c:4)
2022-04-28 13:47:05,298 [d6fcb396-7a9b-4335-ba57-70371e8b2173@group-9C327277336C->12f93519-ceed-46ee-9151-25937782214d-GrpcLogAppender-LogAppenderDaemon] WARN  server.GrpcLogAppender (GrpcLogAppender.java:mayWait(177)) - d6fcb396-7a9b-4335-ba57-70371e8b2173@group-9C327277336C->12f93519-ceed-46ee-9151-25937782214d-GrpcLogAppender: Wait interrupted by java.lang.InterruptedException
2022-04-28 13:47:05,301 [grpc-default-executor-0] INFO  server.GrpcServerProtocolService (GrpcServerProtocolService.java:onCompleted(140)) - 12f93519-ceed-46ee-9151-25937782214d: Completed APPEND_ENTRIES, lastRequest: d6fcb396-7a9b-4335-ba57-70371e8b2173->12f93519-ceed-46ee-9151-25937782214d#15-t1,previous=(t:1, i:6),leaderCommit=4,initializing? true,entries: size=1, first=(t:1, i:7), METADATAENTRY(c:4)
2022-04-28 13:47:05,302 [grpc-default-executor-0] INFO  server.GrpcLogAppender (GrpcLogAppender.java:onCompleted(346)) - d6fcb396-7a9b-4335-ba57-70371e8b2173@group-9C327277336C->acf0e45f-1346-4d3d-b768-e886253cff70-AppendLogResponseHandler: follower responses appendEntries COMPLETED
2022-04-28 13:47:05,302 [grpc-default-executor-0] INFO  leader.FollowerInfo (FollowerInfoImpl.java:lambda$new$0(47)) - d6fcb396-7a9b-4335-ba57-70371e8b2173@group-9C327277336C->acf0e45f-1346-4d3d-b768-e886253cff70: nextIndex: updateUnconditionally 8 -> 7
2022-04-28 13:47:05,303 [grpc-default-executor-0] INFO  server.GrpcLogAppender (GrpcLogAppender.java:onCompleted(346)) - d6fcb396-7a9b-4335-ba57-70371e8b2173@group-9C327277336C->12f93519-ceed-46ee-9151-25937782214d-AppendLogResponseHandler: follower responses appendEntries COMPLETED
2022-04-28 13:47:05,303 [grpc-default-executor-0] INFO  leader.FollowerInfo (FollowerInfoImpl.java:lambda$new$0(47)) - d6fcb396-7a9b-4335-ba57-70371e8b2173@group-9C327277336C->12f93519-ceed-46ee-9151-25937782214d: nextIndex: updateUnconditionally 8 -> 7
2022-04-28 13:47:05,313 [d6fcb396-7a9b-4335-ba57-70371e8b2173@group-9C327277336C-StateMachineUpdater] INFO  ratis.ContainerStateMachine (ContainerStateMachine.java:takeSnapshot(304)) - group-9C327277336C: Taking a snapshot at:(t:1, i:7) file /home/runner/work/ozone/ozone/hadoop-ozone/integration-test/target/test-dir/MiniOzoneClusterImpl-b83af172-7a36-4ee1-b1b1-9a7292f569f3/datanode-0/data/ratis/3a62d18e-2bdf-4f70-8718-9c327277336c/sm/snapshot.1_7
2022-04-28 13:47:05,317 [Listener at 127.0.0.1/39257] INFO  impl.StateMachineUpdater (StateMachineUpdater.java:stopAndJoin(149)) - d6fcb396-7a9b-4335-ba57-70371e8b2173@group-9C327277336C-StateMachineUpdater: set stopIndex = 7
2022-04-28 13:47:05,318 [d6fcb396-7a9b-4335-ba57-70371e8b2173@group-9C327277336C-StateMachineUpdater] INFO  ratis.ContainerStateMachine (ContainerStateMachine.java:takeSnapshot(315)) - group-9C327277336C: Finished taking a snapshot at:(t:1, i:7) file:/home/runner/work/ozone/ozone/hadoop-ozone/integration-test/target/test-dir/MiniOzoneClusterImpl-b83af172-7a36-4ee1-b1b1-9a7292f569f3/datanode-0/data/ratis/3a62d18e-2bdf-4f70-8718-9c327277336c/sm/snapshot.1_7 took: 6 ms
2022-04-28 13:47:05,318 [d6fcb396-7a9b-4335-ba57-70371e8b2173@group-9C327277336C-StateMachineUpdater] INFO  impl.StateMachineUpdater (StateMachineUpdater.java:takeSnapshot(281)) - d6fcb396-7a9b-4335-ba57-70371e8b2173@group-9C327277336C-StateMachineUpdater: Took a snapshot at index 7
2022-04-28 13:47:05,318 [d6fcb396-7a9b-4335-ba57-70371e8b2173@group-9C327277336C-StateMachineUpdater] INFO  impl.StateMachineUpdater (StateMachineUpdater.java:lambda$new$0(89)) - d6fcb396-7a9b-4335-ba57-70371e8b2173@group-9C327277336C-StateMachineUpdater: snapshotIndex: updateIncreasingly -1 -> 7
2022-04-28 13:47:05,319 [Listener at 127.0.0.1/39257] INFO  server.RaftServer$Division (ServerState.java:close(419)) - d6fcb396-7a9b-4335-ba57-70371e8b2173@group-9C327277336C: closes. applyIndex: 7
2022-04-28 13:47:05,319 [d6fcb396-7a9b-4335-ba57-70371e8b2173@group-9C327277336C-SegmentedRaftLogWorker] INFO  segmented.SegmentedRaftLogWorker (SegmentedRaftLogWorker.java:run(327)) - d6fcb396-7a9b-4335-ba57-70371e8b2173@group-9C327277336C-SegmentedRaftLogWorker was interrupted, exiting. There are 0 tasks remaining in the queue.
2022-04-28 13:47:05,322 [Listener at 127.0.0.1/39257] INFO  segmented.SegmentedRaftLogWorker (SegmentedRaftLogWorker.java:close(237)) - d6fcb396-7a9b-4335-ba57-70371e8b2173@group-9C327277336C-SegmentedRaftLogWorker close()
2022-04-28 13:47:05,325 [Listener at 127.0.0.1/39257] INFO  server.RaftServer$Division (RaftServerImpl.java:lambda$close$4(412)) - d6fcb396-7a9b-4335-ba57-70371e8b2173@group-780C64B28498: shutdown
2022-04-28 13:47:05,325 [Listener at 127.0.0.1/39257] INFO  util.JmxRegister (JmxRegister.java:unregister(73)) - Successfully un-registered JMX Bean with object name Ratis:service=RaftServer,group=group-780C64B28498,id=d6fcb396-7a9b-4335-ba57-70371e8b2173
2022-04-28 13:47:05,326 [Listener at 127.0.0.1/39257] INFO  impl.RoleInfo (RoleInfo.java:shutdownLeaderState(91)) - d6fcb396-7a9b-4335-ba57-70371e8b2173: shutdown d6fcb396-7a9b-4335-ba57-70371e8b2173@group-780C64B28498-LeaderStateImpl
2022-04-28 13:47:05,326 [Listener at 127.0.0.1/39257] INFO  impl.PendingRequests (PendingRequests.java:sendNotLeaderResponses(282)) - d6fcb396-7a9b-4335-ba57-70371e8b2173@group-780C64B28498-PendingRequests: sendNotLeaderResponses
2022-04-28 13:47:05,327 [d6fcb396-7a9b-4335-ba57-70371e8b2173@group-780C64B28498-StateMachineUpdater] INFO  ratis.ContainerStateMachine (ContainerStateMachine.java:takeSnapshot(304)) - group-780C64B28498: Taking a snapshot at:(t:1, i:0) file /home/runner/work/ozone/ozone/hadoop-ozone/integration-test/target/test-dir/MiniOzoneClusterImpl-b83af172-7a36-4ee1-b1b1-9a7292f569f3/datanode-0/data/ratis/ab5ad036-3b59-4008-9a1d-780c64b28498/sm/snapshot.1_0
2022-04-28 13:47:05,328 [Listener at 127.0.0.1/39257] INFO  impl.StateMachineUpdater (StateMachineUpdater.java:stopAndJoin(149)) - d6fcb396-7a9b-4335-ba57-70371e8b2173@group-780C64B28498-StateMachineUpdater: set stopIndex = 0
2022-04-28 13:47:05,328 [d6fcb396-7a9b-4335-ba57-70371e8b2173@group-780C64B28498-StateMachineUpdater] INFO  ratis.ContainerStateMachine (ContainerStateMachine.java:takeSnapshot(315)) - group-780C64B28498: Finished taking a snapshot at:(t:1, i:0) file:/home/runner/work/ozone/ozone/hadoop-ozone/integration-test/target/test-dir/MiniOzoneClusterImpl-b83af172-7a36-4ee1-b1b1-9a7292f569f3/datanode-0/data/ratis/ab5ad036-3b59-4008-9a1d-780c64b28498/sm/snapshot.1_0 took: 1 ms
2022-04-28 13:47:05,328 [d6fcb396-7a9b-4335-ba57-70371e8b2173@group-780C64B28498-StateMachineUpdater] INFO  impl.StateMachineUpdater (StateMachineUpdater.java:takeSnapshot(281)) - d6fcb396-7a9b-4335-ba57-70371e8b2173@group-780C64B28498-StateMachineUpdater: Took a snapshot at index 0
2022-04-28 13:47:05,328 [d6fcb396-7a9b-4335-ba57-70371e8b2173@group-780C64B28498-StateMachineUpdater] INFO  impl.StateMachineUpdater (StateMachineUpdater.java:lambda$new$0(89)) - d6fcb396-7a9b-4335-ba57-70371e8b2173@group-780C64B28498-StateMachineUpdater: snapshotIndex: updateIncreasingly -1 -> 0
2022-04-28 13:47:05,330 [Listener at 127.0.0.1/39257] INFO  server.RaftServer$Division (ServerState.java:close(419)) - d6fcb396-7a9b-4335-ba57-70371e8b2173@group-780C64B28498: closes. applyIndex: 0
2022-04-28 13:47:05,330 [d6fcb396-7a9b-4335-ba57-70371e8b2173@group-780C64B28498-SegmentedRaftLogWorker] INFO  segmented.SegmentedRaftLogWorker (SegmentedRaftLogWorker.java:run(327)) - d6fcb396-7a9b-4335-ba57-70371e8b2173@group-780C64B28498-SegmentedRaftLogWorker was interrupted, exiting. There are 0 tasks remaining in the queue.
2022-04-28 13:47:05,334 [Listener at 127.0.0.1/39257] INFO  segmented.SegmentedRaftLogWorker (SegmentedRaftLogWorker.java:close(237)) - d6fcb396-7a9b-4335-ba57-70371e8b2173@group-780C64B28498-SegmentedRaftLogWorker close()
2022-04-28 13:47:05,352 [Listener at 127.0.0.1/39257] INFO  server.GrpcService (GrpcService.java:closeImpl(262)) - d6fcb396-7a9b-4335-ba57-70371e8b2173: shutdown server with port 43147 now
2022-04-28 13:47:05,354 [grpc-default-executor-2] WARN  server.GrpcServerProtocolService (LogUtils.java:warn(122)) - d6fcb396-7a9b-4335-ba57-70371e8b2173: installSnapshot onError, lastRequest: acf0e45f-1346-4d3d-b768-e886253cff70->d6fcb396-7a9b-4335-ba57-70371e8b2173#1-t2,previous=(t:0, i:0),leaderCommit=-1,initializing? true,entries: size=1, first=(t:2, i:0), CONFIGURATIONENTRY: org.apache.ratis.thirdparty.io.grpc.StatusRuntimeException: CANCELLED: client cancelled
2022-04-28 13:47:05,355 [grpc-default-executor-2] WARN  server.GrpcLogAppender (LogUtils.java:warn(122)) - acf0e45f-1346-4d3d-b768-e886253cff70@group-76FB0BDDFE3B->d6fcb396-7a9b-4335-ba57-70371e8b2173-AppendLogResponseHandler: Failed appendEntries: org.apache.ratis.thirdparty.io.grpc.StatusRuntimeException: CANCELLED: HTTP/2 error code: CANCEL
Received Rst Stream
2022-04-28 13:47:05,355 [grpc-default-executor-2] WARN  server.GrpcLogAppender (GrpcLogAppender.java:resetClient(110)) - acf0e45f-1346-4d3d-b768-e886253cff70@group-76FB0BDDFE3B->d6fcb396-7a9b-4335-ba57-70371e8b2173-GrpcLogAppender: Leader has not got in touch with Follower acf0e45f-1346-4d3d-b768-e886253cff70@group-76FB0BDDFE3B->d6fcb396-7a9b-4335-ba57-70371e8b2173(c0,m0,n1, attendVote=true, lastRpcSendTime=1246, lastRpcResponseTime=1230) yet, just keep nextIndex unchanged and retry.
2022-04-28 13:47:05,378 [Listener at 127.0.0.1/39257] INFO  server.GrpcService (GrpcService.java:closeImpl(271)) - d6fcb396-7a9b-4335-ba57-70371e8b2173: shutdown server with port 43147 successfully
2022-04-28 13:47:05,378 [org.apache.ratis.util.JvmPauseMonitor$$Lambda$468/1104361616@a64e7e1] INFO  util.JvmPauseMonitor (JvmPauseMonitor.java:run(109)) - JvmPauseMonitor-d6fcb396-7a9b-4335-ba57-70371e8b2173: Stopped
2022-04-28 13:47:06,630 [grpc-default-executor-0] WARN  server.GrpcLogAppender (LogUtils.java:warn(122)) - acf0e45f-1346-4d3d-b768-e886253cff70@group-76FB0BDDFE3B->d6fcb396-7a9b-4335-ba57-70371e8b2173-AppendLogResponseHandler: Failed appendEntries: org.apache.ratis.thirdparty.io.grpc.StatusRuntimeException: UNAVAILABLE: io exception
2022-04-28 13:47:06,630 [grpc-default-executor-0] WARN  server.GrpcLogAppender (GrpcLogAppender.java:resetClient(110)) - acf0e45f-1346-4d3d-b768-e886253cff70@group-76FB0BDDFE3B->d6fcb396-7a9b-4335-ba57-70371e8b2173-GrpcLogAppender: Leader has not got in touch with Follower acf0e45f-1346-4d3d-b768-e886253cff70@group-76FB0BDDFE3B->d6fcb396-7a9b-4335-ba57-70371e8b2173(c0,m0,n1, attendVote=true, lastRpcSendTime=3, lastRpcResponseTime=2505) yet, just keep nextIndex unchanged and retry.
2022-04-28 13:47:07,417 [Listener at 127.0.0.1/39257] INFO  utils.BackgroundService (BackgroundService.java:shutdown(132)) - Shutting down service BlockDeletingService
2022-04-28 13:47:09,127 [grpc-default-executor-0] WARN  server.GrpcLogAppender (LogUtils.java:warn(122)) - acf0e45f-1346-4d3d-b768-e886253cff70@group-76FB0BDDFE3B->d6fcb396-7a9b-4335-ba57-70371e8b2173-AppendLogResponseHandler: Failed appendEntries: org.apache.ratis.thirdparty.io.grpc.StatusRuntimeException: UNAVAILABLE: io exception
2022-04-28 13:47:09,128 [grpc-default-executor-0] WARN  server.GrpcLogAppender (GrpcLogAppender.java:resetClient(110)) - acf0e45f-1346-4d3d-b768-e886253cff70@group-76FB0BDDFE3B->d6fcb396-7a9b-4335-ba57-70371e8b2173-GrpcLogAppender: Leader has not got in touch with Follower acf0e45f-1346-4d3d-b768-e886253cff70@group-76FB0BDDFE3B->d6fcb396-7a9b-4335-ba57-70371e8b2173(c0,m0,n1, attendVote=true, lastRpcSendTime=0, lastRpcResponseTime=5002) yet, just keep nextIndex unchanged and retry.
2022-04-28 13:47:10,462 [Listener at 127.0.0.1/39257] INFO  statemachine.DatanodeStateMachine (DatanodeStateMachine.java:stopDaemon(560)) - Ozone container server stopped.
2022-04-28 13:47:10,478 [Listener at 127.0.0.1/39257] INFO  handler.ContextHandler (ContextHandler.java:doStop(1153)) - Stopped o.e.j.w.WebAppContext@75550cf2{hddsDatanode,/,null,STOPPED}{jar:file:/home/runner/.m2/repository/org/apache/ozone/hdds-container-service/1.3.0-SNAPSHOT/hdds-container-service-1.3.0-SNAPSHOT.jar!/webapps/hddsDatanode}
2022-04-28 13:47:10,490 [Listener at 127.0.0.1/39257] INFO  server.AbstractConnector (AbstractConnector.java:doStop(381)) - Stopped ServerConnector@2dd1dd8d{HTTP/1.1, (http/1.1)}{0.0.0.0:0}
2022-04-28 13:47:10,491 [Listener at 127.0.0.1/39257] INFO  server.session (HouseKeeper.java:stopScavenging(149)) - node0 Stopped scavenging
2022-04-28 13:47:10,492 [Listener at 127.0.0.1/39257] INFO  handler.ContextHandler (ContextHandler.java:doStop(1153)) - Stopped o.e.j.s.ServletContextHandler@46ada9c1{static,/static,jar:file:/home/runner/.m2/repository/org/apache/ozone/hdds-container-service/1.3.0-SNAPSHOT/hdds-container-service-1.3.0-SNAPSHOT.jar!/webapps/static,STOPPED}
2022-04-28 13:47:10,492 [Listener at 127.0.0.1/39257] INFO  handler.ContextHandler (ContextHandler.java:doStop(1153)) - Stopped o.e.j.s.ServletContextHandler@8233df{logs,/logs,file:///home/runner/work/ozone/ozone/hadoop-ozone/integration-test/target/log,STOPPED}
2022-04-28 13:47:11,628 [grpc-default-executor-0] WARN  server.GrpcLogAppender (LogUtils.java:warn(122)) - acf0e45f-1346-4d3d-b768-e886253cff70@group-76FB0BDDFE3B->d6fcb396-7a9b-4335-ba57-70371e8b2173-AppendLogResponseHandler: Failed appendEntries: org.apache.ratis.thirdparty.io.grpc.StatusRuntimeException: UNAVAILABLE: io exception
2022-04-28 13:47:11,628 [grpc-default-executor-0] WARN  server.GrpcLogAppender (GrpcLogAppender.java:resetClient(110)) - acf0e45f-1346-4d3d-b768-e886253cff70@group-76FB0BDDFE3B->d6fcb396-7a9b-4335-ba57-70371e8b2173-GrpcLogAppender: Leader has not got in touch with Follower acf0e45f-1346-4d3d-b768-e886253cff70@group-76FB0BDDFE3B->d6fcb396-7a9b-4335-ba57-70371e8b2173(c0,m0,n1, attendVote=true, lastRpcSendTime=2501, lastRpcResponseTime=7503) yet, just keep nextIndex unchanged and retry.
2022-04-28 13:47:14,130 [grpc-default-executor-2] WARN  server.GrpcLogAppender (LogUtils.java:warn(122)) - acf0e45f-1346-4d3d-b768-e886253cff70@group-76FB0BDDFE3B->d6fcb396-7a9b-4335-ba57-70371e8b2173-AppendLogResponseHandler: Failed appendEntries: org.apache.ratis.thirdparty.io.grpc.StatusRuntimeException: UNAVAILABLE: io exception
2022-04-28 13:47:14,130 [grpc-default-executor-2] WARN  server.GrpcLogAppender (GrpcLogAppender.java:resetClient(110)) - acf0e45f-1346-4d3d-b768-e886253cff70@group-76FB0BDDFE3B->d6fcb396-7a9b-4335-ba57-70371e8b2173-GrpcLogAppender: Leader has not got in touch with Follower acf0e45f-1346-4d3d-b768-e886253cff70@group-76FB0BDDFE3B->d6fcb396-7a9b-4335-ba57-70371e8b2173(c0,m0,n1, attendVote=true, lastRpcSendTime=0, lastRpcResponseTime=10005) yet, just keep nextIndex unchanged and retry.
2022-04-28 13:47:14,272 [acf0e45f-1346-4d3d-b768-e886253cff70@group-9C327277336C-FollowerState] INFO  impl.FollowerState (FollowerState.java:run(134)) - acf0e45f-1346-4d3d-b768-e886253cff70@group-9C327277336C-FollowerState: change to CANDIDATE, lastRpcElapsedTime:9116921821ns, electionTimeout:5084ms
2022-04-28 13:47:14,272 [acf0e45f-1346-4d3d-b768-e886253cff70@group-9C327277336C-FollowerState] INFO  impl.RoleInfo (RoleInfo.java:shutdownFollowerState(108)) - acf0e45f-1346-4d3d-b768-e886253cff70: shutdown acf0e45f-1346-4d3d-b768-e886253cff70@group-9C327277336C-FollowerState
2022-04-28 13:47:14,272 [acf0e45f-1346-4d3d-b768-e886253cff70@group-9C327277336C-FollowerState] INFO  server.RaftServer$Division (RaftServerImpl.java:setRole(290)) - acf0e45f-1346-4d3d-b768-e886253cff70@group-9C327277336C: changes role from  FOLLOWER to CANDIDATE at term 1 for changeToCandidate
2022-04-28 13:47:14,272 [acf0e45f-1346-4d3d-b768-e886253cff70@group-9C327277336C-FollowerState] INFO  server.RaftServerConfigKeys (ConfUtils.java:logGet(44)) - raft.server.leaderelection.pre-vote = false (custom)
2022-04-28 13:47:14,272 [acf0e45f-1346-4d3d-b768-e886253cff70@group-9C327277336C-FollowerState] INFO  impl.RoleInfo (RoleInfo.java:updateAndGet(130)) - acf0e45f-1346-4d3d-b768-e886253cff70: start acf0e45f-1346-4d3d-b768-e886253cff70@group-9C327277336C-LeaderElection56
2022-04-28 13:47:14,280 [acf0e45f-1346-4d3d-b768-e886253cff70@group-9C327277336C-LeaderElection56] INFO  server.RaftServer$Division (ServerState.java:setLeader(285)) - acf0e45f-1346-4d3d-b768-e886253cff70@group-9C327277336C: change Leader from d6fcb396-7a9b-4335-ba57-70371e8b2173 to null at term 1 for ELECTION
2022-04-28 13:47:14,282 [acf0e45f-1346-4d3d-b768-e886253cff70@group-9C327277336C-LeaderElection56] INFO  impl.LeaderElection (LeaderElection.java:askForVotes(306)) - acf0e45f-1346-4d3d-b768-e886253cff70@group-9C327277336C-LeaderElection56 ELECTION round 0: submit vote requests at term 2 for 0: [acf0e45f-1346-4d3d-b768-e886253cff70|rpc:10.1.0.6:44375|dataStream:|priority:0, d6fcb396-7a9b-4335-ba57-70371e8b2173|rpc:10.1.0.6:43147|dataStream:|priority:1, 12f93519-ceed-46ee-9151-25937782214d|rpc:10.1.0.6:33231|dataStream:|priority:0], old=null
2022-04-28 13:47:14,306 [acf0e45f-1346-4d3d-b768-e886253cff70@group-9C327277336C-LeaderElection56] INFO  impl.LeaderElection (LogUtils.java:infoOrTrace(137)) - acf0e45f-1346-4d3d-b768-e886253cff70@group-9C327277336C-LeaderElection56 got exception when requesting votes: java.util.concurrent.ExecutionException: org.apache.ratis.thirdparty.io.grpc.StatusRuntimeException: UNAVAILABLE: io exception
2022-04-28 13:47:14,307 [grpc-default-executor-2] INFO  server.RaftServer$Division (RaftServerImpl.java:requestVote(1046)) - 12f93519-ceed-46ee-9151-25937782214d@group-9C327277336C: receive requestVote(ELECTION, acf0e45f-1346-4d3d-b768-e886253cff70, group-9C327277336C, 2, (t:1, i:7))
2022-04-28 13:47:14,307 [grpc-default-executor-2] INFO  impl.VoteContext (VoteContext.java:log(48)) - 12f93519-ceed-46ee-9151-25937782214d@group-9C327277336C-FOLLOWER: accept ELECTION from acf0e45f-1346-4d3d-b768-e886253cff70: our priority 0 <= candidate's priority 0
2022-04-28 13:47:14,308 [grpc-default-executor-2] INFO  server.RaftServer$Division (ServerState.java:setLeader(285)) - 12f93519-ceed-46ee-9151-25937782214d@group-9C327277336C: change Leader from d6fcb396-7a9b-4335-ba57-70371e8b2173 to null at term 2 for updateCurrentTerm
2022-04-28 13:47:14,308 [grpc-default-executor-2] INFO  server.RaftServer$Division (RaftServerImpl.java:setRole(290)) - 12f93519-ceed-46ee-9151-25937782214d@group-9C327277336C: changes role from  FOLLOWER to FOLLOWER at term 2 for candidate:acf0e45f-1346-4d3d-b768-e886253cff70
2022-04-28 13:47:14,308 [grpc-default-executor-2] INFO  impl.RoleInfo (RoleInfo.java:shutdownFollowerState(108)) - 12f93519-ceed-46ee-9151-25937782214d: shutdown 12f93519-ceed-46ee-9151-25937782214d@group-9C327277336C-FollowerState
2022-04-28 13:47:14,308 [grpc-default-executor-2] INFO  impl.RoleInfo (RoleInfo.java:updateAndGet(130)) - 12f93519-ceed-46ee-9151-25937782214d: start 12f93519-ceed-46ee-9151-25937782214d@group-9C327277336C-FollowerState
2022-04-28 13:47:14,308 [12f93519-ceed-46ee-9151-25937782214d@group-9C327277336C-FollowerState] INFO  impl.FollowerState (FollowerState.java:run(143)) - 12f93519-ceed-46ee-9151-25937782214d@group-9C327277336C-FollowerState was interrupted: {}
java.lang.InterruptedException: sleep interrupted
	at java.lang.Thread.sleep(Native Method)
	at java.lang.Thread.sleep(Thread.java:342)
	at java.util.concurrent.TimeUnit.sleep(TimeUnit.java:386)
	at org.apache.ratis.util.TimeDuration.sleep(TimeDuration.java:324)
	at org.apache.ratis.util.TimeDuration.sleep(TimeDuration.java:309)
	at org.apache.ratis.server.impl.FollowerState.run(FollowerState.java:118)
2022-04-28 13:47:14,319 [grpc-default-executor-2] INFO  server.RaftServer$Division (RaftServerImpl.java:requestVote(1078)) - 12f93519-ceed-46ee-9151-25937782214d@group-9C327277336C replies to ELECTION vote request: acf0e45f-1346-4d3d-b768-e886253cff70<-12f93519-ceed-46ee-9151-25937782214d#0:OK-t2. Peer's state: 12f93519-ceed-46ee-9151-25937782214d@group-9C327277336C:t2, leader=null, voted=acf0e45f-1346-4d3d-b768-e886253cff70, raftlog=12f93519-ceed-46ee-9151-25937782214d@group-9C327277336C-SegmentedRaftLog:OPENED:c7, conf=0: [acf0e45f-1346-4d3d-b768-e886253cff70|rpc:10.1.0.6:44375|dataStream:|priority:0, d6fcb396-7a9b-4335-ba57-70371e8b2173|rpc:10.1.0.6:43147|dataStream:|priority:1, 12f93519-ceed-46ee-9151-25937782214d|rpc:10.1.0.6:33231|dataStream:|priority:0], old=null
2022-04-28 13:47:14,320 [acf0e45f-1346-4d3d-b768-e886253cff70@group-9C327277336C-LeaderElection56] INFO  impl.LeaderElection (LeaderElection.java:logAndReturn(89)) - acf0e45f-1346-4d3d-b768-e886253cff70@group-9C327277336C-LeaderElection56: ELECTION PASSED received 1 response(s) and 1 exception(s):
2022-04-28 13:47:14,320 [acf0e45f-1346-4d3d-b768-e886253cff70@group-9C327277336C-LeaderElection56] INFO  impl.LeaderElection (LeaderElection.java:logAndReturn(93)) -   Response 0: acf0e45f-1346-4d3d-b768-e886253cff70<-12f93519-ceed-46ee-9151-25937782214d#0:OK-t2
2022-04-28 13:47:14,320 [acf0e45f-1346-4d3d-b768-e886253cff70@group-9C327277336C-LeaderElection56] INFO  impl.LeaderElection (LogUtils.java:infoOrTrace(137)) -   Exception 1: java.util.concurrent.ExecutionException: org.apache.ratis.thirdparty.io.grpc.StatusRuntimeException: UNAVAILABLE: io exception
2022-04-28 13:47:14,320 [acf0e45f-1346-4d3d-b768-e886253cff70@group-9C327277336C-LeaderElection56] INFO  impl.LeaderElection (LeaderElection.java:askForVotes(308)) - acf0e45f-1346-4d3d-b768-e886253cff70@group-9C327277336C-LeaderElection56 ELECTION round 0: result PASSED
2022-04-28 13:47:14,320 [acf0e45f-1346-4d3d-b768-e886253cff70@group-9C327277336C-LeaderElection56] INFO  impl.RoleInfo (RoleInfo.java:shutdownLeaderElection(121)) - acf0e45f-1346-4d3d-b768-e886253cff70: shutdown acf0e45f-1346-4d3d-b768-e886253cff70@group-9C327277336C-LeaderElection56
2022-04-28 13:47:14,321 [acf0e45f-1346-4d3d-b768-e886253cff70@group-9C327277336C-LeaderElection56] INFO  server.RaftServer$Division (RaftServerImpl.java:setRole(290)) - acf0e45f-1346-4d3d-b768-e886253cff70@group-9C327277336C: changes role from CANDIDATE to LEADER at term 2 for changeToLeader
2022-04-28 13:47:14,321 [acf0e45f-1346-4d3d-b768-e886253cff70@group-9C327277336C-LeaderElection56] INFO  ratis.XceiverServerRatis (XceiverServerRatis.java:handleLeaderChangedNotification(863)) - Leader change notification received for group: group-9C327277336C with new leaderId: acf0e45f-1346-4d3d-b768-e886253cff70
2022-04-28 13:47:14,321 [acf0e45f-1346-4d3d-b768-e886253cff70@group-9C327277336C-LeaderElection56] INFO  server.RaftServer$Division (ServerState.java:setLeader(285)) - acf0e45f-1346-4d3d-b768-e886253cff70@group-9C327277336C: change Leader from null to acf0e45f-1346-4d3d-b768-e886253cff70 at term 2 for becomeLeader, leader elected after 40ms
2022-04-28 13:47:14,321 [acf0e45f-1346-4d3d-b768-e886253cff70@group-9C327277336C-LeaderElection56] INFO  server.RaftServerConfigKeys (ConfUtils.java:logGet(44)) - raft.server.staging.catchup.gap = 1000 (default)
2022-04-28 13:47:14,321 [acf0e45f-1346-4d3d-b768-e886253cff70@group-9C327277336C-LeaderElection56] INFO  server.RaftServerConfigKeys (ConfUtils.java:logGet(44)) - raft.server.write.element-limit = 1024 (custom)
2022-04-28 13:47:14,321 [acf0e45f-1346-4d3d-b768-e886253cff70@group-9C327277336C-LeaderElection56] INFO  server.RaftServerConfigKeys (ConfUtils.java:logGet(44)) - raft.server.write.byte-limit = 1024 M (=1073741824) (custom)
2022-04-28 13:47:14,321 [acf0e45f-1346-4d3d-b768-e886253cff70@group-9C327277336C-LeaderElection56] INFO  server.RaftServerConfigKeys (ConfUtils.java:logGet(44)) - raft.server.watch.timeout = 3000ms (custom)
2022-04-28 13:47:14,321 [acf0e45f-1346-4d3d-b768-e886253cff70@group-9C327277336C-LeaderElection56] INFO  server.RaftServerConfigKeys (ConfUtils.java:logGet(44)) - raft.server.watch.timeout.denomination = 1s (default)
2022-04-28 13:47:14,321 [acf0e45f-1346-4d3d-b768-e886253cff70@group-9C327277336C-LeaderElection56] INFO  server.RaftServerConfigKeys (ConfUtils.java:logGet(44)) - raft.server.watch.element-limit = 65536 (default)
2022-04-28 13:47:14,321 [acf0e45f-1346-4d3d-b768-e886253cff70@group-9C327277336C-LeaderElection56] INFO  server.RaftServerConfigKeys (ConfUtils.java:logGet(44)) - raft.server.write.element-limit = 1024 (custom)
2022-04-28 13:47:14,322 [acf0e45f-1346-4d3d-b768-e886253cff70@group-9C327277336C-LeaderElection56] INFO  server.RaftServerConfigKeys (ConfUtils.java:logGet(44)) - raft.server.write.follower.gap.ratio.max = -1.0 (default)
2022-04-28 13:47:14,322 [acf0e45f-1346-4d3d-b768-e886253cff70@group-9C327277336C-LeaderElection56] INFO  server.RaftServerConfigKeys (ConfUtils.java:logGet(44)) - raft.server.log.appender.snapshot.chunk.size.max = 16MB (=16777216) (default)
2022-04-28 13:47:14,322 [acf0e45f-1346-4d3d-b768-e886253cff70@group-9C327277336C-LeaderElection56] INFO  server.RaftServerConfigKeys (ConfUtils.java:logGet(44)) - raft.server.log.appender.buffer.byte-limit = 33554432 (custom)
2022-04-28 13:47:14,322 [acf0e45f-1346-4d3d-b768-e886253cff70@group-9C327277336C-LeaderElection56] INFO  server.RaftServerConfigKeys (ConfUtils.java:logGet(44)) - raft.server.log.appender.buffer.element-limit = 1 (custom)
2022-04-28 13:47:14,322 [acf0e45f-1346-4d3d-b768-e886253cff70@group-9C327277336C-LeaderElection56] INFO  grpc.GrpcConfigKeys (ConfUtils.java:logGet(44)) - raft.grpc.server.leader.outstanding.appends.max = 128 (default)
2022-04-28 13:47:14,322 [acf0e45f-1346-4d3d-b768-e886253cff70@group-9C327277336C-LeaderElection56] INFO  server.RaftServerConfigKeys (ConfUtils.java:logGet(44)) - raft.server.rpc.request.timeout = 3000ms (default)
2022-04-28 13:47:14,322 [acf0e45f-1346-4d3d-b768-e886253cff70@group-9C327277336C-LeaderElection56] INFO  server.RaftServerConfigKeys (ConfUtils.java:logGet(44)) - raft.server.log.appender.install.snapshot.enabled = false (custom)
2022-04-28 13:47:14,323 [acf0e45f-1346-4d3d-b768-e886253cff70@group-9C327277336C-LeaderElection56] INFO  server.RaftServerConfigKeys (ConfUtils.java:logGet(44)) - raft.server.log.appender.snapshot.chunk.size.max = 16MB (=16777216) (default)
2022-04-28 13:47:14,323 [acf0e45f-1346-4d3d-b768-e886253cff70@group-9C327277336C-LeaderElection56] INFO  server.RaftServerConfigKeys (ConfUtils.java:logGet(44)) - raft.server.log.appender.buffer.byte-limit = 33554432 (custom)
2022-04-28 13:47:14,323 [acf0e45f-1346-4d3d-b768-e886253cff70@group-9C327277336C-LeaderElection56] INFO  server.RaftServerConfigKeys (ConfUtils.java:logGet(44)) - raft.server.log.appender.buffer.element-limit = 1 (custom)
2022-04-28 13:47:14,323 [acf0e45f-1346-4d3d-b768-e886253cff70@group-9C327277336C-LeaderElection56] INFO  grpc.GrpcConfigKeys (ConfUtils.java:logGet(44)) - raft.grpc.server.leader.outstanding.appends.max = 128 (default)
2022-04-28 13:47:14,323 [acf0e45f-1346-4d3d-b768-e886253cff70@group-9C327277336C-LeaderElection56] INFO  server.RaftServerConfigKeys (ConfUtils.java:logGet(44)) - raft.server.rpc.request.timeout = 3000ms (default)
2022-04-28 13:47:14,323 [acf0e45f-1346-4d3d-b768-e886253cff70@group-9C327277336C-LeaderElection56] INFO  server.RaftServerConfigKeys (ConfUtils.java:logGet(44)) - raft.server.log.appender.install.snapshot.enabled = false (custom)
2022-04-28 13:47:14,324 [acf0e45f-1346-4d3d-b768-e886253cff70@group-9C327277336C-LeaderElection56] INFO  impl.RoleInfo (RoleInfo.java:updateAndGet(130)) - acf0e45f-1346-4d3d-b768-e886253cff70: start acf0e45f-1346-4d3d-b768-e886253cff70@group-9C327277336C-LeaderStateImpl
2022-04-28 13:47:14,324 [acf0e45f-1346-4d3d-b768-e886253cff70@group-9C327277336C-LeaderElection56] INFO  segmented.SegmentedRaftLogWorker (SegmentedRaftLogWorker.java:rollLogSegment(399)) - acf0e45f-1346-4d3d-b768-e886253cff70@group-9C327277336C-SegmentedRaftLogWorker: Rolling segment log-0_7 to index:7
2022-04-28 13:47:14,325 [acf0e45f-1346-4d3d-b768-e886253cff70@group-9C327277336C-SegmentedRaftLogWorker] INFO  segmented.SegmentedRaftLogWorker (SegmentedRaftLogWorker.java:execute(558)) - acf0e45f-1346-4d3d-b768-e886253cff70@group-9C327277336C-SegmentedRaftLogWorker: Rolled log segment from /home/runner/work/ozone/ozone/hadoop-ozone/integration-test/target/test-dir/MiniOzoneClusterImpl-b83af172-7a36-4ee1-b1b1-9a7292f569f3/datanode-2/data/ratis/3a62d18e-2bdf-4f70-8718-9c327277336c/current/log_inprogress_0 to /home/runner/work/ozone/ozone/hadoop-ozone/integration-test/target/test-dir/MiniOzoneClusterImpl-b83af172-7a36-4ee1-b1b1-9a7292f569f3/datanode-2/data/ratis/3a62d18e-2bdf-4f70-8718-9c327277336c/current/log_0-7
2022-04-28 13:47:14,327 [acf0e45f-1346-4d3d-b768-e886253cff70@group-9C327277336C-SegmentedRaftLogWorker] INFO  segmented.SegmentedRaftLogWorker (SegmentedRaftLogWorker.java:execute(601)) - acf0e45f-1346-4d3d-b768-e886253cff70@group-9C327277336C-SegmentedRaftLogWorker: created new log segment /home/runner/work/ozone/ozone/hadoop-ozone/integration-test/target/test-dir/MiniOzoneClusterImpl-b83af172-7a36-4ee1-b1b1-9a7292f569f3/datanode-2/data/ratis/3a62d18e-2bdf-4f70-8718-9c327277336c/current/log_inprogress_8
2022-04-28 13:47:14,360 [acf0e45f-1346-4d3d-b768-e886253cff70@group-9C327277336C-LeaderElection56] INFO  server.RaftServer$Division (ServerState.java:setRaftConf(387)) - acf0e45f-1346-4d3d-b768-e886253cff70@group-9C327277336C: set configuration 8: [acf0e45f-1346-4d3d-b768-e886253cff70|rpc:10.1.0.6:44375|dataStream:|priority:0, d6fcb396-7a9b-4335-ba57-70371e8b2173|rpc:10.1.0.6:43147|dataStream:|priority:1, 12f93519-ceed-46ee-9151-25937782214d|rpc:10.1.0.6:33231|dataStream:|priority:0], old=null
2022-04-28 13:47:14,360 [grpc-default-executor-0] INFO  ratis.XceiverServerRatis (XceiverServerRatis.java:handleLeaderChangedNotification(863)) - Leader change notification received for group: group-9C327277336C with new leaderId: acf0e45f-1346-4d3d-b768-e886253cff70
2022-04-28 13:47:14,361 [grpc-default-executor-0] INFO  server.RaftServer$Division (ServerState.java:setLeader(285)) - 12f93519-ceed-46ee-9151-25937782214d@group-9C327277336C: change Leader from null to acf0e45f-1346-4d3d-b768-e886253cff70 at term 2 for appendEntries, leader elected after 52ms
2022-04-28 13:47:14,361 [grpc-default-executor-2] WARN  server.GrpcLogAppender (LogUtils.java:warn(122)) - acf0e45f-1346-4d3d-b768-e886253cff70@group-9C327277336C->d6fcb396-7a9b-4335-ba57-70371e8b2173-AppendLogResponseHandler: Failed appendEntries: org.apache.ratis.thirdparty.io.grpc.StatusRuntimeException: UNAVAILABLE: io exception
2022-04-28 13:47:14,382 [grpc-default-executor-0] INFO  server.RaftServer$Division (ServerState.java:setRaftConf(387)) - 12f93519-ceed-46ee-9151-25937782214d@group-9C327277336C: set configuration 8: [acf0e45f-1346-4d3d-b768-e886253cff70|rpc:10.1.0.6:44375|dataStream:|priority:0, d6fcb396-7a9b-4335-ba57-70371e8b2173|rpc:10.1.0.6:43147|dataStream:|priority:1, 12f93519-ceed-46ee-9151-25937782214d|rpc:10.1.0.6:33231|dataStream:|priority:0], old=null
2022-04-28 13:47:14,382 [grpc-default-executor-0] INFO  segmented.SegmentedRaftLogWorker (SegmentedRaftLogWorker.java:rollLogSegment(399)) - 12f93519-ceed-46ee-9151-25937782214d@group-9C327277336C-SegmentedRaftLogWorker: Rolling segment log-0_7 to index:7
2022-04-28 13:47:14,415 [12f93519-ceed-46ee-9151-25937782214d@group-9C327277336C-SegmentedRaftLogWorker] INFO  segmented.SegmentedRaftLogWorker (SegmentedRaftLogWorker.java:execute(558)) - 12f93519-ceed-46ee-9151-25937782214d@group-9C327277336C-SegmentedRaftLogWorker: Rolled log segment from /home/runner/work/ozone/ozone/hadoop-ozone/integration-test/target/test-dir/MiniOzoneClusterImpl-b83af172-7a36-4ee1-b1b1-9a7292f569f3/datanode-1/data/ratis/3a62d18e-2bdf-4f70-8718-9c327277336c/current/log_inprogress_0 to /home/runner/work/ozone/ozone/hadoop-ozone/integration-test/target/test-dir/MiniOzoneClusterImpl-b83af172-7a36-4ee1-b1b1-9a7292f569f3/datanode-1/data/ratis/3a62d18e-2bdf-4f70-8718-9c327277336c/current/log_0-7
2022-04-28 13:47:14,419 [grpc-default-executor-2] WARN  server.GrpcLogAppender (GrpcLogAppender.java:resetClient(110)) - acf0e45f-1346-4d3d-b768-e886253cff70@group-9C327277336C->d6fcb396-7a9b-4335-ba57-70371e8b2173-GrpcLogAppender: Leader has not got in touch with Follower acf0e45f-1346-4d3d-b768-e886253cff70@group-9C327277336C->d6fcb396-7a9b-4335-ba57-70371e8b2173(c-1,m0,n9, attendVote=true, lastRpcSendTime=33, lastRpcResponseTime=5297) yet, just keep nextIndex unchanged and retry.
2022-04-28 13:47:14,435 [12f93519-ceed-46ee-9151-25937782214d@group-9C327277336C-SegmentedRaftLogWorker] INFO  segmented.SegmentedRaftLogWorker (SegmentedRaftLogWorker.java:execute(601)) - 12f93519-ceed-46ee-9151-25937782214d@group-9C327277336C-SegmentedRaftLogWorker: created new log segment /home/runner/work/ozone/ozone/hadoop-ozone/integration-test/target/test-dir/MiniOzoneClusterImpl-b83af172-7a36-4ee1-b1b1-9a7292f569f3/datanode-1/data/ratis/3a62d18e-2bdf-4f70-8718-9c327277336c/current/log_inprogress_8
2022-04-28 13:47:14,475 [grpc-default-executor-0] WARN  server.GrpcLogAppender (LogUtils.java:warn(122)) - acf0e45f-1346-4d3d-b768-e886253cff70@group-9C327277336C->d6fcb396-7a9b-4335-ba57-70371e8b2173-AppendLogResponseHandler: Failed appendEntries: org.apache.ratis.thirdparty.io.grpc.StatusRuntimeException: UNAVAILABLE: io exception
2022-04-28 13:47:14,476 [grpc-default-executor-0] WARN  server.GrpcLogAppender (GrpcLogAppender.java:resetClient(110)) - acf0e45f-1346-4d3d-b768-e886253cff70@group-9C327277336C->d6fcb396-7a9b-4335-ba57-70371e8b2173-GrpcLogAppender: Leader has not got in touch with Follower acf0e45f-1346-4d3d-b768-e886253cff70@group-9C327277336C->d6fcb396-7a9b-4335-ba57-70371e8b2173(c-1,m0,n10, attendVote=true, lastRpcSendTime=1, lastRpcResponseTime=5354) yet, just keep nextIndex unchanged and retry.
2022-04-28 13:47:15,500 [Listener at 127.0.0.1/39257] INFO  ozoneimpl.OzoneContainer (OzoneContainer.java:stop(356)) - Attempting to stop container services.
2022-04-28 13:47:15,500 [Listener at 127.0.0.1/39257] INFO  server.RaftServer (RaftServerProxy.java:lambda$close$6(391)) - 12f93519-ceed-46ee-9151-25937782214d: close
2022-04-28 13:47:15,501 [ForkJoinPool.commonPool-worker-1] INFO  server.RaftServer$Division (RaftServerImpl.java:lambda$close$4(412)) - 12f93519-ceed-46ee-9151-25937782214d@group-E6C2D5BC7D5D: shutdown
2022-04-28 13:47:15,501 [ForkJoinPool.commonPool-worker-1] INFO  util.JmxRegister (JmxRegister.java:unregister(73)) - Successfully un-registered JMX Bean with object name Ratis:service=RaftServer,group=group-E6C2D5BC7D5D,id=12f93519-ceed-46ee-9151-25937782214d
2022-04-28 13:47:15,501 [ForkJoinPool.commonPool-worker-1] INFO  impl.RoleInfo (RoleInfo.java:shutdownLeaderState(91)) - 12f93519-ceed-46ee-9151-25937782214d: shutdown 12f93519-ceed-46ee-9151-25937782214d@group-E6C2D5BC7D5D-LeaderStateImpl
2022-04-28 13:47:15,501 [ForkJoinPool.commonPool-worker-1] INFO  impl.PendingRequests (PendingRequests.java:sendNotLeaderResponses(282)) - 12f93519-ceed-46ee-9151-25937782214d@group-E6C2D5BC7D5D-PendingRequests: sendNotLeaderResponses
2022-04-28 13:47:15,501 [Listener at 127.0.0.1/39257] INFO  server.RaftServer$Division (RaftServerImpl.java:lambda$close$4(412)) - 12f93519-ceed-46ee-9151-25937782214d@group-76FB0BDDFE3B: shutdown
2022-04-28 13:47:15,502 [Listener at 127.0.0.1/39257] INFO  util.JmxRegister (JmxRegister.java:unregister(73)) - Successfully un-registered JMX Bean with object name Ratis:service=RaftServer,group=group-76FB0BDDFE3B,id=12f93519-ceed-46ee-9151-25937782214d
2022-04-28 13:47:15,502 [Listener at 127.0.0.1/39257] INFO  impl.RoleInfo (RoleInfo.java:shutdownFollowerState(108)) - 12f93519-ceed-46ee-9151-25937782214d: shutdown 12f93519-ceed-46ee-9151-25937782214d@group-76FB0BDDFE3B-FollowerState
2022-04-28 13:47:15,502 [Listener at 127.0.0.1/39257] INFO  impl.StateMachineUpdater (StateMachineUpdater.java:stopAndJoin(149)) - 12f93519-ceed-46ee-9151-25937782214d@group-76FB0BDDFE3B-StateMachineUpdater: set stopIndex = 0
2022-04-28 13:47:15,502 [12f93519-ceed-46ee-9151-25937782214d@group-76FB0BDDFE3B-FollowerState] INFO  impl.FollowerState (FollowerState.java:run(143)) - 12f93519-ceed-46ee-9151-25937782214d@group-76FB0BDDFE3B-FollowerState was interrupted: {}
java.lang.InterruptedException: sleep interrupted
	at java.lang.Thread.sleep(Native Method)
	at java.lang.Thread.sleep(Thread.java:342)
	at java.util.concurrent.TimeUnit.sleep(TimeUnit.java:386)
	at org.apache.ratis.util.TimeDuration.sleep(TimeDuration.java:324)
	at org.apache.ratis.util.TimeDuration.sleep(TimeDuration.java:309)
	at org.apache.ratis.server.impl.FollowerState.run(FollowerState.java:118)
2022-04-28 13:47:15,502 [12f93519-ceed-46ee-9151-25937782214d@group-76FB0BDDFE3B-StateMachineUpdater] INFO  ratis.ContainerStateMachine (ContainerStateMachine.java:takeSnapshot(304)) - group-76FB0BDDFE3B: Taking a snapshot at:(t:2, i:0) file /home/runner/work/ozone/ozone/hadoop-ozone/integration-test/target/test-dir/MiniOzoneClusterImpl-b83af172-7a36-4ee1-b1b1-9a7292f569f3/datanode-1/data/ratis/3eee3059-b617-470b-85e6-76fb0bddfe3b/sm/snapshot.2_0
2022-04-28 13:47:15,503 [ForkJoinPool.commonPool-worker-1] INFO  impl.StateMachineUpdater (StateMachineUpdater.java:stopAndJoin(149)) - 12f93519-ceed-46ee-9151-25937782214d@group-E6C2D5BC7D5D-StateMachineUpdater: set stopIndex = 0
2022-04-28 13:47:15,503 [12f93519-ceed-46ee-9151-25937782214d@group-E6C2D5BC7D5D-StateMachineUpdater] INFO  ratis.ContainerStateMachine (ContainerStateMachine.java:takeSnapshot(304)) - group-E6C2D5BC7D5D: Taking a snapshot at:(t:1, i:0) file /home/runner/work/ozone/ozone/hadoop-ozone/integration-test/target/test-dir/MiniOzoneClusterImpl-b83af172-7a36-4ee1-b1b1-9a7292f569f3/datanode-1/data/ratis/cb0a80bd-0299-4e6d-816d-e6c2d5bc7d5d/sm/snapshot.1_0
2022-04-28 13:47:15,504 [12f93519-ceed-46ee-9151-25937782214d@group-76FB0BDDFE3B-StateMachineUpdater] INFO  ratis.ContainerStateMachine (ContainerStateMachine.java:takeSnapshot(315)) - group-76FB0BDDFE3B: Finished taking a snapshot at:(t:2, i:0) file:/home/runner/work/ozone/ozone/hadoop-ozone/integration-test/target/test-dir/MiniOzoneClusterImpl-b83af172-7a36-4ee1-b1b1-9a7292f569f3/datanode-1/data/ratis/3eee3059-b617-470b-85e6-76fb0bddfe3b/sm/snapshot.2_0 took: 1 ms
2022-04-28 13:47:15,504 [12f93519-ceed-46ee-9151-25937782214d@group-76FB0BDDFE3B-StateMachineUpdater] INFO  impl.StateMachineUpdater (StateMachineUpdater.java:takeSnapshot(281)) - 12f93519-ceed-46ee-9151-25937782214d@group-76FB0BDDFE3B-StateMachineUpdater: Took a snapshot at index 0
2022-04-28 13:47:15,504 [12f93519-ceed-46ee-9151-25937782214d@group-76FB0BDDFE3B-StateMachineUpdater] INFO  impl.StateMachineUpdater (StateMachineUpdater.java:lambda$new$0(89)) - 12f93519-ceed-46ee-9151-25937782214d@group-76FB0BDDFE3B-StateMachineUpdater: snapshotIndex: updateIncreasingly -1 -> 0
2022-04-28 13:47:15,504 [12f93519-ceed-46ee-9151-25937782214d@group-E6C2D5BC7D5D-StateMachineUpdater] INFO  ratis.ContainerStateMachine (ContainerStateMachine.java:takeSnapshot(315)) - group-E6C2D5BC7D5D: Finished taking a snapshot at:(t:1, i:0) file:/home/runner/work/ozone/ozone/hadoop-ozone/integration-test/target/test-dir/MiniOzoneClusterImpl-b83af172-7a36-4ee1-b1b1-9a7292f569f3/datanode-1/data/ratis/cb0a80bd-0299-4e6d-816d-e6c2d5bc7d5d/sm/snapshot.1_0 took: 1 ms
2022-04-28 13:47:15,504 [12f93519-ceed-46ee-9151-25937782214d@group-E6C2D5BC7D5D-StateMachineUpdater] INFO  impl.StateMachineUpdater (StateMachineUpdater.java:takeSnapshot(281)) - 12f93519-ceed-46ee-9151-25937782214d@group-E6C2D5BC7D5D-StateMachineUpdater: Took a snapshot at index 0
2022-04-28 13:47:15,504 [12f93519-ceed-46ee-9151-25937782214d@group-E6C2D5BC7D5D-StateMachineUpdater] INFO  impl.StateMachineUpdater (StateMachineUpdater.java:lambda$new$0(89)) - 12f93519-ceed-46ee-9151-25937782214d@group-E6C2D5BC7D5D-StateMachineUpdater: snapshotIndex: updateIncreasingly -1 -> 0
2022-04-28 13:47:15,505 [ForkJoinPool.commonPool-worker-1] INFO  server.RaftServer$Division (ServerState.java:close(419)) - 12f93519-ceed-46ee-9151-25937782214d@group-E6C2D5BC7D5D: closes. applyIndex: 0
2022-04-28 13:47:15,505 [12f93519-ceed-46ee-9151-25937782214d@group-E6C2D5BC7D5D-SegmentedRaftLogWorker] INFO  segmented.SegmentedRaftLogWorker (SegmentedRaftLogWorker.java:run(327)) - 12f93519-ceed-46ee-9151-25937782214d@group-E6C2D5BC7D5D-SegmentedRaftLogWorker was interrupted, exiting. There are 0 tasks remaining in the queue.
2022-04-28 13:47:15,507 [ForkJoinPool.commonPool-worker-1] INFO  segmented.SegmentedRaftLogWorker (SegmentedRaftLogWorker.java:close(237)) - 12f93519-ceed-46ee-9151-25937782214d@group-E6C2D5BC7D5D-SegmentedRaftLogWorker close()
2022-04-28 13:47:15,513 [Listener at 127.0.0.1/39257] INFO  server.RaftServer$Division (ServerState.java:close(419)) - 12f93519-ceed-46ee-9151-25937782214d@group-76FB0BDDFE3B: closes. applyIndex: 0
2022-04-28 13:47:15,515 [12f93519-ceed-46ee-9151-25937782214d@group-76FB0BDDFE3B-SegmentedRaftLogWorker] INFO  segmented.SegmentedRaftLogWorker (SegmentedRaftLogWorker.java:run(327)) - 12f93519-ceed-46ee-9151-25937782214d@group-76FB0BDDFE3B-SegmentedRaftLogWorker was interrupted, exiting. There are 0 tasks remaining in the queue.
2022-04-28 13:47:15,518 [Listener at 127.0.0.1/39257] INFO  segmented.SegmentedRaftLogWorker (SegmentedRaftLogWorker.java:close(237)) - 12f93519-ceed-46ee-9151-25937782214d@group-76FB0BDDFE3B-SegmentedRaftLogWorker close()
2022-04-28 13:47:15,522 [Listener at 127.0.0.1/39257] INFO  server.RaftServer$Division (RaftServerImpl.java:lambda$close$4(412)) - 12f93519-ceed-46ee-9151-25937782214d@group-9C327277336C: shutdown
2022-04-28 13:47:15,522 [Listener at 127.0.0.1/39257] INFO  util.JmxRegister (JmxRegister.java:unregister(73)) - Successfully un-registered JMX Bean with object name Ratis:service=RaftServer,group=group-9C327277336C,id=12f93519-ceed-46ee-9151-25937782214d
2022-04-28 13:47:15,523 [Listener at 127.0.0.1/39257] INFO  impl.RoleInfo (RoleInfo.java:shutdownFollowerState(108)) - 12f93519-ceed-46ee-9151-25937782214d: shutdown 12f93519-ceed-46ee-9151-25937782214d@group-9C327277336C-FollowerState
2022-04-28 13:47:15,523 [Listener at 127.0.0.1/39257] INFO  impl.StateMachineUpdater (StateMachineUpdater.java:stopAndJoin(149)) - 12f93519-ceed-46ee-9151-25937782214d@group-9C327277336C-StateMachineUpdater: set stopIndex = 8
2022-04-28 13:47:15,523 [12f93519-ceed-46ee-9151-25937782214d@group-9C327277336C-FollowerState] INFO  impl.FollowerState (FollowerState.java:run(143)) - 12f93519-ceed-46ee-9151-25937782214d@group-9C327277336C-FollowerState was interrupted: {}
java.lang.InterruptedException: sleep interrupted
	at java.lang.Thread.sleep(Native Method)
	at java.lang.Thread.sleep(Thread.java:342)
	at java.util.concurrent.TimeUnit.sleep(TimeUnit.java:386)
	at org.apache.ratis.util.TimeDuration.sleep(TimeDuration.java:324)
	at org.apache.ratis.util.TimeDuration.sleep(TimeDuration.java:309)
	at org.apache.ratis.server.impl.FollowerState.run(FollowerState.java:118)
2022-04-28 13:47:15,530 [12f93519-ceed-46ee-9151-25937782214d@group-9C327277336C-StateMachineUpdater] INFO  ratis.ContainerStateMachine (ContainerStateMachine.java:takeSnapshot(304)) - group-9C327277336C: Taking a snapshot at:(t:2, i:8) file /home/runner/work/ozone/ozone/hadoop-ozone/integration-test/target/test-dir/MiniOzoneClusterImpl-b83af172-7a36-4ee1-b1b1-9a7292f569f3/datanode-1/data/ratis/3a62d18e-2bdf-4f70-8718-9c327277336c/sm/snapshot.2_8
2022-04-28 13:47:15,534 [12f93519-ceed-46ee-9151-25937782214d@group-9C327277336C-StateMachineUpdater] INFO  ratis.ContainerStateMachine (ContainerStateMachine.java:takeSnapshot(315)) - group-9C327277336C: Finished taking a snapshot at:(t:2, i:8) file:/home/runner/work/ozone/ozone/hadoop-ozone/integration-test/target/test-dir/MiniOzoneClusterImpl-b83af172-7a36-4ee1-b1b1-9a7292f569f3/datanode-1/data/ratis/3a62d18e-2bdf-4f70-8718-9c327277336c/sm/snapshot.2_8 took: 5 ms
2022-04-28 13:47:15,534 [12f93519-ceed-46ee-9151-25937782214d@group-9C327277336C-StateMachineUpdater] INFO  impl.StateMachineUpdater (StateMachineUpdater.java:takeSnapshot(281)) - 12f93519-ceed-46ee-9151-25937782214d@group-9C327277336C-StateMachineUpdater: Took a snapshot at index 8
2022-04-28 13:47:15,535 [12f93519-ceed-46ee-9151-25937782214d@group-9C327277336C-StateMachineUpdater] INFO  impl.StateMachineUpdater (StateMachineUpdater.java:lambda$new$0(89)) - 12f93519-ceed-46ee-9151-25937782214d@group-9C327277336C-StateMachineUpdater: snapshotIndex: updateIncreasingly -1 -> 8
2022-04-28 13:47:15,537 [Listener at 127.0.0.1/39257] INFO  server.RaftServer$Division (ServerState.java:close(419)) - 12f93519-ceed-46ee-9151-25937782214d@group-9C327277336C: closes. applyIndex: 8
2022-04-28 13:47:15,537 [12f93519-ceed-46ee-9151-25937782214d@group-9C327277336C-SegmentedRaftLogWorker] INFO  segmented.SegmentedRaftLogWorker (SegmentedRaftLogWorker.java:run(327)) - 12f93519-ceed-46ee-9151-25937782214d@group-9C327277336C-SegmentedRaftLogWorker was interrupted, exiting. There are 0 tasks remaining in the queue.
2022-04-28 13:47:15,547 [Listener at 127.0.0.1/39257] INFO  segmented.SegmentedRaftLogWorker (SegmentedRaftLogWorker.java:close(237)) - 12f93519-ceed-46ee-9151-25937782214d@group-9C327277336C-SegmentedRaftLogWorker close()
2022-04-28 13:47:15,583 [Listener at 127.0.0.1/39257] INFO  server.GrpcService (GrpcService.java:closeImpl(262)) - 12f93519-ceed-46ee-9151-25937782214d: shutdown server with port 33231 now
2022-04-28 13:47:15,584 [grpc-default-executor-2] WARN  server.GrpcServerProtocolService (LogUtils.java:warn(122)) - 12f93519-ceed-46ee-9151-25937782214d: installSnapshot onError, lastRequest: acf0e45f-1346-4d3d-b768-e886253cff70->12f93519-ceed-46ee-9151-25937782214d#1-t2,previous=(t:0, i:0),leaderCommit=-1,initializing? true,entries: size=1, first=(t:2, i:0), CONFIGURATIONENTRY: org.apache.ratis.thirdparty.io.grpc.StatusRuntimeException: CANCELLED: client cancelled
2022-04-28 13:47:15,585 [grpc-default-executor-4] WARN  server.GrpcLogAppender (LogUtils.java:warn(122)) - acf0e45f-1346-4d3d-b768-e886253cff70@group-9C327277336C->12f93519-ceed-46ee-9151-25937782214d-AppendLogResponseHandler: Failed appendEntries: org.apache.ratis.thirdparty.io.grpc.StatusRuntimeException: CANCELLED: HTTP/2 error code: CANCEL
Received Rst Stream
2022-04-28 13:47:15,585 [Listener at 127.0.0.1/39257] INFO  server.GrpcService (GrpcService.java:closeImpl(271)) - 12f93519-ceed-46ee-9151-25937782214d: shutdown server with port 33231 successfully
2022-04-28 13:47:15,585 [grpc-default-executor-2] WARN  server.GrpcLogAppender (LogUtils.java:warn(122)) - acf0e45f-1346-4d3d-b768-e886253cff70@group-76FB0BDDFE3B->12f93519-ceed-46ee-9151-25937782214d-AppendLogResponseHandler: Failed appendEntries: org.apache.ratis.thirdparty.io.grpc.StatusRuntimeException: CANCELLED: HTTP/2 error code: CANCEL
Received Rst Stream
2022-04-28 13:47:15,586 [grpc-default-executor-2] WARN  server.GrpcLogAppender (GrpcLogAppender.java:resetClient(110)) - acf0e45f-1346-4d3d-b768-e886253cff70@group-76FB0BDDFE3B->12f93519-ceed-46ee-9151-25937782214d-GrpcLogAppender: Leader has not got in touch with Follower acf0e45f-1346-4d3d-b768-e886253cff70@group-76FB0BDDFE3B->12f93519-ceed-46ee-9151-25937782214d(c0,m0,n1, attendVote=true, lastRpcSendTime=1397, lastRpcResponseTime=1389) yet, just keep nextIndex unchanged and retry.
2022-04-28 13:47:15,586 [org.apache.ratis.util.JvmPauseMonitor$$Lambda$468/1104361616@5b015a45] INFO  util.JvmPauseMonitor (JvmPauseMonitor.java:run(109)) - JvmPauseMonitor-12f93519-ceed-46ee-9151-25937782214d: Stopped
2022-04-28 13:47:15,585 [grpc-default-executor-4] INFO  leader.FollowerInfo (FollowerInfoImpl.java:lambda$new$0(47)) - acf0e45f-1346-4d3d-b768-e886253cff70@group-9C327277336C->12f93519-ceed-46ee-9151-25937782214d: nextIndex: updateUnconditionally 10 -> 9
2022-04-28 13:47:15,586 [grpc-default-executor-5] WARN  server.GrpcServerProtocolService (LogUtils.java:warn(122)) - 12f93519-ceed-46ee-9151-25937782214d: installSnapshot onError, lastRequest: acf0e45f-1346-4d3d-b768-e886253cff70->12f93519-ceed-46ee-9151-25937782214d#2-t2,previous=(t:2, i:8),leaderCommit=8,initializing? true,entries: size=1, first=(t:2, i:9), METADATAENTRY(c:8): org.apache.ratis.thirdparty.io.grpc.StatusRuntimeException: CANCELLED: client cancelled
2022-04-28 13:47:15,608 [grpc-default-executor-4] WARN  server.GrpcLogAppender (LogUtils.java:warn(122)) - acf0e45f-1346-4d3d-b768-e886253cff70@group-9C327277336C->12f93519-ceed-46ee-9151-25937782214d-AppendLogResponseHandler: Failed appendEntries: org.apache.ratis.thirdparty.io.grpc.StatusRuntimeException: UNAVAILABLE: io exception
2022-04-28 13:47:15,609 [grpc-default-executor-4] INFO  leader.FollowerInfo (FollowerInfoImpl.java:lambda$new$0(47)) - acf0e45f-1346-4d3d-b768-e886253cff70@group-9C327277336C->12f93519-ceed-46ee-9151-25937782214d: nextIndex: updateUnconditionally 10 -> 9
2022-04-28 13:47:16,638 [grpc-default-executor-5] WARN  server.GrpcLogAppender (LogUtils.java:warn(122)) - acf0e45f-1346-4d3d-b768-e886253cff70@group-76FB0BDDFE3B->d6fcb396-7a9b-4335-ba57-70371e8b2173-AppendLogResponseHandler: Failed appendEntries: org.apache.ratis.thirdparty.io.grpc.StatusRuntimeException: UNAVAILABLE: io exception
2022-04-28 13:47:16,638 [grpc-default-executor-5] WARN  server.GrpcLogAppender (GrpcLogAppender.java:resetClient(110)) - acf0e45f-1346-4d3d-b768-e886253cff70@group-76FB0BDDFE3B->d6fcb396-7a9b-4335-ba57-70371e8b2173-GrpcLogAppender: Leader has not got in touch with Follower acf0e45f-1346-4d3d-b768-e886253cff70@group-76FB0BDDFE3B->d6fcb396-7a9b-4335-ba57-70371e8b2173(c0,m0,n1, attendVote=true, lastRpcSendTime=3, lastRpcResponseTime=12513) yet, just keep nextIndex unchanged and retry.
2022-04-28 13:47:16,697 [grpc-default-executor-5] WARN  server.GrpcLogAppender (LogUtils.java:warn(122)) - acf0e45f-1346-4d3d-b768-e886253cff70@group-76FB0BDDFE3B->12f93519-ceed-46ee-9151-25937782214d-AppendLogResponseHandler: Failed appendEntries: org.apache.ratis.thirdparty.io.grpc.StatusRuntimeException: UNAVAILABLE: io exception
2022-04-28 13:47:16,698 [grpc-default-executor-5] WARN  server.GrpcLogAppender (GrpcLogAppender.java:resetClient(110)) - acf0e45f-1346-4d3d-b768-e886253cff70@group-76FB0BDDFE3B->12f93519-ceed-46ee-9151-25937782214d-GrpcLogAppender: Leader has not got in touch with Follower acf0e45f-1346-4d3d-b768-e886253cff70@group-76FB0BDDFE3B->12f93519-ceed-46ee-9151-25937782214d(c0,m0,n1, attendVote=true, lastRpcSendTime=2509, lastRpcResponseTime=2501) yet, just keep nextIndex unchanged and retry.
2022-04-28 13:47:16,979 [grpc-default-executor-5] WARN  server.GrpcLogAppender (LogUtils.java:warn(122)) - acf0e45f-1346-4d3d-b768-e886253cff70@group-9C327277336C->d6fcb396-7a9b-4335-ba57-70371e8b2173-AppendLogResponseHandler: Failed appendEntries: org.apache.ratis.thirdparty.io.grpc.StatusRuntimeException: UNAVAILABLE: io exception
2022-04-28 13:47:16,980 [grpc-default-executor-5] WARN  server.GrpcLogAppender (GrpcLogAppender.java:resetClient(110)) - acf0e45f-1346-4d3d-b768-e886253cff70@group-9C327277336C->d6fcb396-7a9b-4335-ba57-70371e8b2173-GrpcLogAppender: Leader has not got in touch with Follower acf0e45f-1346-4d3d-b768-e886253cff70@group-9C327277336C->d6fcb396-7a9b-4335-ba57-70371e8b2173(c-1,m0,n10, attendVote=true, lastRpcSendTime=0, lastRpcResponseTime=7857) yet, just keep nextIndex unchanged and retry.
2022-04-28 13:47:17,654 [Listener at 127.0.0.1/39257] INFO  utils.BackgroundService (BackgroundService.java:shutdown(132)) - Shutting down service BlockDeletingService
2022-04-28 13:47:18,107 [grpc-default-executor-5] WARN  server.GrpcLogAppender (LogUtils.java:warn(122)) - acf0e45f-1346-4d3d-b768-e886253cff70@group-9C327277336C->12f93519-ceed-46ee-9151-25937782214d-AppendLogResponseHandler: Failed appendEntries: org.apache.ratis.thirdparty.io.grpc.StatusRuntimeException: UNAVAILABLE: io exception
2022-04-28 13:47:18,108 [grpc-default-executor-5] INFO  leader.FollowerInfo (FollowerInfoImpl.java:lambda$new$0(47)) - acf0e45f-1346-4d3d-b768-e886253cff70@group-9C327277336C->12f93519-ceed-46ee-9151-25937782214d: nextIndex: updateUnconditionally 10 -> 9
2022-04-28 13:47:19,155 [grpc-default-executor-5] WARN  server.GrpcLogAppender (LogUtils.java:warn(122)) - acf0e45f-1346-4d3d-b768-e886253cff70@group-76FB0BDDFE3B->d6fcb396-7a9b-4335-ba57-70371e8b2173-AppendLogResponseHandler: Failed appendEntries: org.apache.ratis.thirdparty.io.grpc.StatusRuntimeException: UNAVAILABLE: io exception
2022-04-28 13:47:19,156 [grpc-default-executor-5] WARN  server.GrpcLogAppender (GrpcLogAppender.java:resetClient(110)) - acf0e45f-1346-4d3d-b768-e886253cff70@group-76FB0BDDFE3B->d6fcb396-7a9b-4335-ba57-70371e8b2173-GrpcLogAppender: Leader has not got in touch with Follower acf0e45f-1346-4d3d-b768-e886253cff70@group-76FB0BDDFE3B->d6fcb396-7a9b-4335-ba57-70371e8b2173(c0,m0,n1, attendVote=true, lastRpcSendTime=0, lastRpcResponseTime=15030) yet, just keep nextIndex unchanged and retry.
2022-04-28 13:47:19,218 [grpc-default-executor-5] WARN  server.GrpcLogAppender (LogUtils.java:warn(122)) - acf0e45f-1346-4d3d-b768-e886253cff70@group-76FB0BDDFE3B->12f93519-ceed-46ee-9151-25937782214d-AppendLogResponseHandler: Failed appendEntries: org.apache.ratis.thirdparty.io.grpc.StatusRuntimeException: UNAVAILABLE: io exception
2022-04-28 13:47:19,218 [grpc-default-executor-5] WARN  server.GrpcLogAppender (GrpcLogAppender.java:resetClient(110)) - acf0e45f-1346-4d3d-b768-e886253cff70@group-76FB0BDDFE3B->12f93519-ceed-46ee-9151-25937782214d-GrpcLogAppender: Leader has not got in touch with Follower acf0e45f-1346-4d3d-b768-e886253cff70@group-76FB0BDDFE3B->12f93519-ceed-46ee-9151-25937782214d(c0,m0,n1, attendVote=true, lastRpcSendTime=2511, lastRpcResponseTime=5021) yet, just keep nextIndex unchanged and retry.
2022-04-28 13:47:19,493 [grpc-default-executor-5] WARN  server.GrpcLogAppender (LogUtils.java:warn(122)) - acf0e45f-1346-4d3d-b768-e886253cff70@group-9C327277336C->d6fcb396-7a9b-4335-ba57-70371e8b2173-AppendLogResponseHandler: Failed appendEntries: org.apache.ratis.thirdparty.io.grpc.StatusRuntimeException: UNAVAILABLE: io exception
2022-04-28 13:47:19,494 [grpc-default-executor-5] WARN  server.GrpcLogAppender (GrpcLogAppender.java:resetClient(110)) - acf0e45f-1346-4d3d-b768-e886253cff70@group-9C327277336C->d6fcb396-7a9b-4335-ba57-70371e8b2173-GrpcLogAppender: Leader has not got in touch with Follower acf0e45f-1346-4d3d-b768-e886253cff70@group-9C327277336C->d6fcb396-7a9b-4335-ba57-70371e8b2173(c-1,m0,n10, attendVote=true, lastRpcSendTime=4, lastRpcResponseTime=10372) yet, just keep nextIndex unchanged and retry.
2022-04-28 13:47:19,710 [acf0e45f-1346-4d3d-b768-e886253cff70@group-76FB0BDDFE3B-LeaderStateImpl] WARN  server.RaftServer$Division (LeaderStateImpl.java:checkLeadership(974)) - acf0e45f-1346-4d3d-b768-e886253cff70@group-76FB0BDDFE3B-LeaderStateImpl: Lost leadership on term: 2. Election timeout: 5200ms. In charge for: 15672ms. Conf: 0: [acf0e45f-1346-4d3d-b768-e886253cff70|rpc:10.1.0.6:44375|dataStream:|priority:1, d6fcb396-7a9b-4335-ba57-70371e8b2173|rpc:10.1.0.6:43147|dataStream:|priority:0, 12f93519-ceed-46ee-9151-25937782214d|rpc:10.1.0.6:33231|dataStream:|priority:0], old=null
2022-04-28 13:47:19,710 [acf0e45f-1346-4d3d-b768-e886253cff70@group-76FB0BDDFE3B-LeaderStateImpl] WARN  server.RaftServer$Division (LeaderStateImpl.java:lambda$checkLeadership$15(978)) - Follower acf0e45f-1346-4d3d-b768-e886253cff70@group-76FB0BDDFE3B->d6fcb396-7a9b-4335-ba57-70371e8b2173(c0,m0,n1, attendVote=true, lastRpcSendTime=554, lastRpcResponseTime=15584)
2022-04-28 13:47:19,710 [acf0e45f-1346-4d3d-b768-e886253cff70@group-76FB0BDDFE3B-LeaderStateImpl] WARN  server.RaftServer$Division (LeaderStateImpl.java:lambda$checkLeadership$15(978)) - Follower acf0e45f-1346-4d3d-b768-e886253cff70@group-76FB0BDDFE3B->12f93519-ceed-46ee-9151-25937782214d(c0,m0,n1, attendVote=true, lastRpcSendTime=490, lastRpcResponseTime=5513)
2022-04-28 13:47:19,710 [acf0e45f-1346-4d3d-b768-e886253cff70@group-76FB0BDDFE3B-LeaderStateImpl] INFO  server.RaftServer$Division (RaftServerImpl.java:setRole(290)) - acf0e45f-1346-4d3d-b768-e886253cff70@group-76FB0BDDFE3B: changes role from    LEADER to FOLLOWER at term 2 for StepDownReason:LOST_MAJORITY_HEARTBEATS
2022-04-28 13:47:19,710 [acf0e45f-1346-4d3d-b768-e886253cff70@group-76FB0BDDFE3B-LeaderStateImpl] INFO  impl.RoleInfo (RoleInfo.java:shutdownLeaderState(91)) - acf0e45f-1346-4d3d-b768-e886253cff70: shutdown acf0e45f-1346-4d3d-b768-e886253cff70@group-76FB0BDDFE3B-LeaderStateImpl
2022-04-28 13:47:19,714 [acf0e45f-1346-4d3d-b768-e886253cff70@group-9C327277336C-LeaderStateImpl] WARN  server.RaftServer$Division (LeaderStateImpl.java:checkLeadership(974)) - acf0e45f-1346-4d3d-b768-e886253cff70@group-9C327277336C-LeaderStateImpl: Lost leadership on term: 2. Election timeout: 5200ms. In charge for: 5393ms. Conf: 8: [acf0e45f-1346-4d3d-b768-e886253cff70|rpc:10.1.0.6:44375|dataStream:|priority:0, d6fcb396-7a9b-4335-ba57-70371e8b2173|rpc:10.1.0.6:43147|dataStream:|priority:1, 12f93519-ceed-46ee-9151-25937782214d|rpc:10.1.0.6:33231|dataStream:|priority:0], old=null
2022-04-28 13:47:19,714 [acf0e45f-1346-4d3d-b768-e886253cff70@group-9C327277336C-LeaderStateImpl] WARN  server.RaftServer$Division (LeaderStateImpl.java:lambda$checkLeadership$15(978)) - Follower acf0e45f-1346-4d3d-b768-e886253cff70@group-9C327277336C->d6fcb396-7a9b-4335-ba57-70371e8b2173(c-1,m0,n10, attendVote=true, lastRpcSendTime=224, lastRpcResponseTime=10592)
2022-04-28 13:47:19,714 [acf0e45f-1346-4d3d-b768-e886253cff70@group-9C327277336C-LeaderStateImpl] WARN  server.RaftServer$Division (LeaderStateImpl.java:lambda$checkLeadership$15(978)) - Follower acf0e45f-1346-4d3d-b768-e886253cff70@group-9C327277336C->12f93519-ceed-46ee-9151-25937782214d(c8,m9,n9, attendVote=true, lastRpcSendTime=1606, lastRpcResponseTime=5203)
2022-04-28 13:47:19,714 [acf0e45f-1346-4d3d-b768-e886253cff70@group-9C327277336C-LeaderStateImpl] INFO  server.RaftServer$Division (RaftServerImpl.java:setRole(290)) - acf0e45f-1346-4d3d-b768-e886253cff70@group-9C327277336C: changes role from    LEADER to FOLLOWER at term 2 for StepDownReason:LOST_MAJORITY_HEARTBEATS
2022-04-28 13:47:19,714 [acf0e45f-1346-4d3d-b768-e886253cff70@group-9C327277336C-LeaderStateImpl] INFO  impl.RoleInfo (RoleInfo.java:shutdownLeaderState(91)) - acf0e45f-1346-4d3d-b768-e886253cff70: shutdown acf0e45f-1346-4d3d-b768-e886253cff70@group-9C327277336C-LeaderStateImpl
2022-04-28 13:47:19,731 [acf0e45f-1346-4d3d-b768-e886253cff70@group-76FB0BDDFE3B-LeaderStateImpl] INFO  impl.PendingRequests (PendingRequests.java:sendNotLeaderResponses(282)) - acf0e45f-1346-4d3d-b768-e886253cff70@group-76FB0BDDFE3B-PendingRequests: sendNotLeaderResponses
2022-04-28 13:47:19,732 [acf0e45f-1346-4d3d-b768-e886253cff70@group-76FB0BDDFE3B-LeaderStateImpl] INFO  impl.RoleInfo (RoleInfo.java:updateAndGet(130)) - acf0e45f-1346-4d3d-b768-e886253cff70: start acf0e45f-1346-4d3d-b768-e886253cff70@group-76FB0BDDFE3B-FollowerState
2022-04-28 13:47:19,746 [acf0e45f-1346-4d3d-b768-e886253cff70@group-9C327277336C-LeaderStateImpl] INFO  impl.PendingRequests (PendingRequests.java:sendNotLeaderResponses(282)) - acf0e45f-1346-4d3d-b768-e886253cff70@group-9C327277336C-PendingRequests: sendNotLeaderResponses
2022-04-28 13:47:19,747 [acf0e45f-1346-4d3d-b768-e886253cff70@group-9C327277336C-LeaderStateImpl] INFO  impl.RoleInfo (RoleInfo.java:updateAndGet(130)) - acf0e45f-1346-4d3d-b768-e886253cff70: start acf0e45f-1346-4d3d-b768-e886253cff70@group-9C327277336C-FollowerState
2022-04-28 13:47:19,749 [acf0e45f-1346-4d3d-b768-e886253cff70@group-9C327277336C->12f93519-ceed-46ee-9151-25937782214d-GrpcLogAppender-LogAppenderDaemon] WARN  server.GrpcLogAppender (GrpcLogAppender.java:mayWait(177)) - acf0e45f-1346-4d3d-b768-e886253cff70@group-9C327277336C->12f93519-ceed-46ee-9151-25937782214d-GrpcLogAppender: Wait interrupted by java.lang.InterruptedException
2022-04-28 13:47:20,681 [Listener at 127.0.0.1/39257] INFO  statemachine.DatanodeStateMachine (DatanodeStateMachine.java:stopDaemon(560)) - Ozone container server stopped.
2022-04-28 13:47:20,688 [Listener at 127.0.0.1/39257] INFO  handler.ContextHandler (ContextHandler.java:doStop(1153)) - Stopped o.e.j.w.WebAppContext@461df624{hddsDatanode,/,null,STOPPED}{jar:file:/home/runner/.m2/repository/org/apache/ozone/hdds-container-service/1.3.0-SNAPSHOT/hdds-container-service-1.3.0-SNAPSHOT.jar!/webapps/hddsDatanode}
2022-04-28 13:47:20,691 [Listener at 127.0.0.1/39257] INFO  server.AbstractConnector (AbstractConnector.java:doStop(381)) - Stopped ServerConnector@1b64f8fd{HTTP/1.1, (http/1.1)}{0.0.0.0:0}
2022-04-28 13:47:20,692 [Listener at 127.0.0.1/39257] INFO  server.session (HouseKeeper.java:stopScavenging(149)) - node0 Stopped scavenging
2022-04-28 13:47:20,696 [Listener at 127.0.0.1/39257] INFO  handler.ContextHandler (ContextHandler.java:doStop(1153)) - Stopped o.e.j.s.ServletContextHandler@54196135{static,/static,jar:file:/home/runner/.m2/repository/org/apache/ozone/hdds-container-service/1.3.0-SNAPSHOT/hdds-container-service-1.3.0-SNAPSHOT.jar!/webapps/static,STOPPED}
2022-04-28 13:47:20,696 [Listener at 127.0.0.1/39257] INFO  handler.ContextHandler (ContextHandler.java:doStop(1153)) - Stopped o.e.j.s.ServletContextHandler@305aa087{logs,/logs,file:///home/runner/work/ozone/ozone/hadoop-ozone/integration-test/target/log,STOPPED}
2022-04-28 13:47:24,890 [acf0e45f-1346-4d3d-b768-e886253cff70@group-9C327277336C-FollowerState] INFO  impl.FollowerState (FollowerState.java:lostMajorityHeartbeatsRecently(107)) - acf0e45f-1346-4d3d-b768-e886253cff70@group-9C327277336C-FollowerState: Skipping leader election since it stepped down recently (elapsed = 5142ms < waitTime = 10s)
2022-04-28 13:47:24,917 [acf0e45f-1346-4d3d-b768-e886253cff70@group-76FB0BDDFE3B-FollowerState] INFO  impl.FollowerState (FollowerState.java:lostMajorityHeartbeatsRecently(107)) - acf0e45f-1346-4d3d-b768-e886253cff70@group-76FB0BDDFE3B-FollowerState: Skipping leader election since it stepped down recently (elapsed = 5185ms < waitTime = 10s)
2022-04-28 13:47:29,915 [acf0e45f-1346-4d3d-b768-e886253cff70@group-9C327277336C-FollowerState] INFO  impl.FollowerState (FollowerState.java:run(134)) - acf0e45f-1346-4d3d-b768-e886253cff70@group-9C327277336C-FollowerState: change to CANDIDATE, lastRpcElapsedTime:10167663334ns, electionTimeout:5025ms
2022-04-28 13:47:29,915 [acf0e45f-1346-4d3d-b768-e886253cff70@group-9C327277336C-FollowerState] INFO  impl.RoleInfo (RoleInfo.java:shutdownFollowerState(108)) - acf0e45f-1346-4d3d-b768-e886253cff70: shutdown acf0e45f-1346-4d3d-b768-e886253cff70@group-9C327277336C-FollowerState
2022-04-28 13:47:29,915 [acf0e45f-1346-4d3d-b768-e886253cff70@group-9C327277336C-FollowerState] INFO  server.RaftServer$Division (RaftServerImpl.java:setRole(290)) - acf0e45f-1346-4d3d-b768-e886253cff70@group-9C327277336C: changes role from  FOLLOWER to CANDIDATE at term 2 for changeToCandidate
2022-04-28 13:47:29,915 [acf0e45f-1346-4d3d-b768-e886253cff70@group-9C327277336C-FollowerState] INFO  server.RaftServerConfigKeys (ConfUtils.java:logGet(44)) - raft.server.leaderelection.pre-vote = false (custom)
2022-04-28 13:47:29,915 [acf0e45f-1346-4d3d-b768-e886253cff70@group-9C327277336C-FollowerState] INFO  impl.RoleInfo (RoleInfo.java:updateAndGet(130)) - acf0e45f-1346-4d3d-b768-e886253cff70: start acf0e45f-1346-4d3d-b768-e886253cff70@group-9C327277336C-LeaderElection57
2022-04-28 13:47:29,916 [acf0e45f-1346-4d3d-b768-e886253cff70@group-9C327277336C-LeaderElection57] INFO  server.RaftServer$Division (ServerState.java:setLeader(285)) - acf0e45f-1346-4d3d-b768-e886253cff70@group-9C327277336C: change Leader from acf0e45f-1346-4d3d-b768-e886253cff70 to null at term 2 for ELECTION
2022-04-28 13:47:29,919 [acf0e45f-1346-4d3d-b768-e886253cff70@group-9C327277336C-LeaderElection57] INFO  impl.LeaderElection (LeaderElection.java:askForVotes(306)) - acf0e45f-1346-4d3d-b768-e886253cff70@group-9C327277336C-LeaderElection57 ELECTION round 0: submit vote requests at term 3 for 8: [acf0e45f-1346-4d3d-b768-e886253cff70|rpc:10.1.0.6:44375|dataStream:|priority:0, d6fcb396-7a9b-4335-ba57-70371e8b2173|rpc:10.1.0.6:43147|dataStream:|priority:1, 12f93519-ceed-46ee-9151-25937782214d|rpc:10.1.0.6:33231|dataStream:|priority:0], old=null
2022-04-28 13:47:29,924 [acf0e45f-1346-4d3d-b768-e886253cff70@group-9C327277336C-LeaderElection57] INFO  impl.LeaderElection (LogUtils.java:infoOrTrace(137)) - acf0e45f-1346-4d3d-b768-e886253cff70@group-9C327277336C-LeaderElection57 got exception when requesting votes: java.util.concurrent.ExecutionException: org.apache.ratis.thirdparty.io.grpc.StatusRuntimeException: UNAVAILABLE: io exception
2022-04-28 13:47:29,931 [acf0e45f-1346-4d3d-b768-e886253cff70@group-9C327277336C-LeaderElection57] INFO  impl.LeaderElection (LogUtils.java:infoOrTrace(137)) - acf0e45f-1346-4d3d-b768-e886253cff70@group-9C327277336C-LeaderElection57 got exception when requesting votes: java.util.concurrent.ExecutionException: org.apache.ratis.thirdparty.io.grpc.StatusRuntimeException: UNAVAILABLE: io exception
2022-04-28 13:47:29,931 [acf0e45f-1346-4d3d-b768-e886253cff70@group-9C327277336C-LeaderElection57] INFO  impl.LeaderElection (LeaderElection.java:logAndReturn(89)) - acf0e45f-1346-4d3d-b768-e886253cff70@group-9C327277336C-LeaderElection57: ELECTION REJECTED received 0 response(s) and 2 exception(s):
2022-04-28 13:47:29,931 [acf0e45f-1346-4d3d-b768-e886253cff70@group-9C327277336C-LeaderElection57] INFO  impl.LeaderElection (LogUtils.java:infoOrTrace(137)) -   Exception 0: java.util.concurrent.ExecutionException: org.apache.ratis.thirdparty.io.grpc.StatusRuntimeException: UNAVAILABLE: io exception
2022-04-28 13:47:29,931 [acf0e45f-1346-4d3d-b768-e886253cff70@group-9C327277336C-LeaderElection57] INFO  impl.LeaderElection (LogUtils.java:infoOrTrace(137)) -   Exception 1: java.util.concurrent.ExecutionException: org.apache.ratis.thirdparty.io.grpc.StatusRuntimeException: UNAVAILABLE: io exception
2022-04-28 13:47:29,931 [acf0e45f-1346-4d3d-b768-e886253cff70@group-9C327277336C-LeaderElection57] INFO  impl.LeaderElection (LeaderElection.java:askForVotes(308)) - acf0e45f-1346-4d3d-b768-e886253cff70@group-9C327277336C-LeaderElection57 ELECTION round 0: result REJECTED
2022-04-28 13:47:29,931 [acf0e45f-1346-4d3d-b768-e886253cff70@group-9C327277336C-LeaderElection57] INFO  server.RaftServer$Division (RaftServerImpl.java:setRole(290)) - acf0e45f-1346-4d3d-b768-e886253cff70@group-9C327277336C: changes role from CANDIDATE to FOLLOWER at term 3 for REJECTED
2022-04-28 13:47:29,931 [acf0e45f-1346-4d3d-b768-e886253cff70@group-9C327277336C-LeaderElection57] INFO  impl.RoleInfo (RoleInfo.java:shutdownLeaderElection(121)) - acf0e45f-1346-4d3d-b768-e886253cff70: shutdown acf0e45f-1346-4d3d-b768-e886253cff70@group-9C327277336C-LeaderElection57
2022-04-28 13:47:29,931 [acf0e45f-1346-4d3d-b768-e886253cff70@group-9C327277336C-LeaderElection57] INFO  impl.RoleInfo (RoleInfo.java:updateAndGet(130)) - acf0e45f-1346-4d3d-b768-e886253cff70: start acf0e45f-1346-4d3d-b768-e886253cff70@group-9C327277336C-FollowerState
2022-04-28 13:47:30,018 [acf0e45f-1346-4d3d-b768-e886253cff70@group-76FB0BDDFE3B-FollowerState] INFO  impl.FollowerState (FollowerState.java:run(134)) - acf0e45f-1346-4d3d-b768-e886253cff70@group-76FB0BDDFE3B-FollowerState: change to CANDIDATE, lastRpcElapsedTime:10286656287ns, electionTimeout:5100ms
2022-04-28 13:47:30,018 [acf0e45f-1346-4d3d-b768-e886253cff70@group-76FB0BDDFE3B-FollowerState] INFO  impl.RoleInfo (RoleInfo.java:shutdownFollowerState(108)) - acf0e45f-1346-4d3d-b768-e886253cff70: shutdown acf0e45f-1346-4d3d-b768-e886253cff70@group-76FB0BDDFE3B-FollowerState
2022-04-28 13:47:30,018 [acf0e45f-1346-4d3d-b768-e886253cff70@group-76FB0BDDFE3B-FollowerState] INFO  server.RaftServer$Division (RaftServerImpl.java:setRole(290)) - acf0e45f-1346-4d3d-b768-e886253cff70@group-76FB0BDDFE3B: changes role from  FOLLOWER to CANDIDATE at term 2 for changeToCandidate
2022-04-28 13:47:30,019 [acf0e45f-1346-4d3d-b768-e886253cff70@group-76FB0BDDFE3B-FollowerState] INFO  server.RaftServerConfigKeys (ConfUtils.java:logGet(44)) - raft.server.leaderelection.pre-vote = false (custom)
2022-04-28 13:47:30,019 [acf0e45f-1346-4d3d-b768-e886253cff70@group-76FB0BDDFE3B-FollowerState] INFO  impl.RoleInfo (RoleInfo.java:updateAndGet(130)) - acf0e45f-1346-4d3d-b768-e886253cff70: start acf0e45f-1346-4d3d-b768-e886253cff70@group-76FB0BDDFE3B-LeaderElection58
2022-04-28 13:47:30,019 [acf0e45f-1346-4d3d-b768-e886253cff70@group-76FB0BDDFE3B-LeaderElection58] INFO  server.RaftServer$Division (ServerState.java:setLeader(285)) - acf0e45f-1346-4d3d-b768-e886253cff70@group-76FB0BDDFE3B: change Leader from acf0e45f-1346-4d3d-b768-e886253cff70 to null at term 2 for ELECTION
2022-04-28 13:47:30,027 [acf0e45f-1346-4d3d-b768-e886253cff70@group-76FB0BDDFE3B-LeaderElection58] INFO  impl.LeaderElection (LeaderElection.java:askForVotes(306)) - acf0e45f-1346-4d3d-b768-e886253cff70@group-76FB0BDDFE3B-LeaderElection58 ELECTION round 0: submit vote requests at term 3 for 0: [acf0e45f-1346-4d3d-b768-e886253cff70|rpc:10.1.0.6:44375|dataStream:|priority:1, d6fcb396-7a9b-4335-ba57-70371e8b2173|rpc:10.1.0.6:43147|dataStream:|priority:0, 12f93519-ceed-46ee-9151-25937782214d|rpc:10.1.0.6:33231|dataStream:|priority:0], old=null
2022-04-28 13:47:30,037 [acf0e45f-1346-4d3d-b768-e886253cff70@group-76FB0BDDFE3B-LeaderElection58] INFO  impl.LeaderElection (LogUtils.java:infoOrTrace(137)) - acf0e45f-1346-4d3d-b768-e886253cff70@group-76FB0BDDFE3B-LeaderElection58 got exception when requesting votes: java.util.concurrent.ExecutionException: org.apache.ratis.thirdparty.io.grpc.StatusRuntimeException: UNAVAILABLE: io exception
2022-04-28 13:47:30,037 [acf0e45f-1346-4d3d-b768-e886253cff70@group-76FB0BDDFE3B-LeaderElection58] INFO  impl.LeaderElection (LogUtils.java:infoOrTrace(137)) - acf0e45f-1346-4d3d-b768-e886253cff70@group-76FB0BDDFE3B-LeaderElection58 got exception when requesting votes: java.util.concurrent.ExecutionException: org.apache.ratis.thirdparty.io.grpc.StatusRuntimeException: UNAVAILABLE: io exception
2022-04-28 13:47:30,037 [acf0e45f-1346-4d3d-b768-e886253cff70@group-76FB0BDDFE3B-LeaderElection58] INFO  impl.LeaderElection (LeaderElection.java:logAndReturn(89)) - acf0e45f-1346-4d3d-b768-e886253cff70@group-76FB0BDDFE3B-LeaderElection58: ELECTION REJECTED received 0 response(s) and 2 exception(s):
2022-04-28 13:47:30,037 [acf0e45f-1346-4d3d-b768-e886253cff70@group-76FB0BDDFE3B-LeaderElection58] INFO  impl.LeaderElection (LogUtils.java:infoOrTrace(137)) -   Exception 0: java.util.concurrent.ExecutionException: org.apache.ratis.thirdparty.io.grpc.StatusRuntimeException: UNAVAILABLE: io exception
2022-04-28 13:47:30,037 [acf0e45f-1346-4d3d-b768-e886253cff70@group-76FB0BDDFE3B-LeaderElection58] INFO  impl.LeaderElection (LogUtils.java:infoOrTrace(137)) -   Exception 1: java.util.concurrent.ExecutionException: org.apache.ratis.thirdparty.io.grpc.StatusRuntimeException: UNAVAILABLE: io exception
2022-04-28 13:47:30,037 [acf0e45f-1346-4d3d-b768-e886253cff70@group-76FB0BDDFE3B-LeaderElection58] INFO  impl.LeaderElection (LeaderElection.java:askForVotes(308)) - acf0e45f-1346-4d3d-b768-e886253cff70@group-76FB0BDDFE3B-LeaderElection58 ELECTION round 0: result REJECTED
2022-04-28 13:47:30,037 [acf0e45f-1346-4d3d-b768-e886253cff70@group-76FB0BDDFE3B-LeaderElection58] INFO  server.RaftServer$Division (RaftServerImpl.java:setRole(290)) - acf0e45f-1346-4d3d-b768-e886253cff70@group-76FB0BDDFE3B: changes role from CANDIDATE to FOLLOWER at term 3 for REJECTED
2022-04-28 13:47:30,037 [acf0e45f-1346-4d3d-b768-e886253cff70@group-76FB0BDDFE3B-LeaderElection58] INFO  impl.RoleInfo (RoleInfo.java:shutdownLeaderElection(121)) - acf0e45f-1346-4d3d-b768-e886253cff70: shutdown acf0e45f-1346-4d3d-b768-e886253cff70@group-76FB0BDDFE3B-LeaderElection58
2022-04-28 13:47:30,037 [acf0e45f-1346-4d3d-b768-e886253cff70@group-76FB0BDDFE3B-LeaderElection58] INFO  impl.RoleInfo (RoleInfo.java:updateAndGet(130)) - acf0e45f-1346-4d3d-b768-e886253cff70: start acf0e45f-1346-4d3d-b768-e886253cff70@group-76FB0BDDFE3B-FollowerState
2022-04-28 13:47:35,004 [acf0e45f-1346-4d3d-b768-e886253cff70@group-9C327277336C-FollowerState] INFO  impl.FollowerState (FollowerState.java:run(134)) - acf0e45f-1346-4d3d-b768-e886253cff70@group-9C327277336C-FollowerState: change to CANDIDATE, lastRpcElapsedTime:5073173535ns, electionTimeout:5072ms
2022-04-28 13:47:35,005 [acf0e45f-1346-4d3d-b768-e886253cff70@group-9C327277336C-FollowerState] INFO  impl.RoleInfo (RoleInfo.java:shutdownFollowerState(108)) - acf0e45f-1346-4d3d-b768-e886253cff70: shutdown acf0e45f-1346-4d3d-b768-e886253cff70@group-9C327277336C-FollowerState
2022-04-28 13:47:35,005 [acf0e45f-1346-4d3d-b768-e886253cff70@group-9C327277336C-FollowerState] INFO  server.RaftServer$Division (RaftServerImpl.java:setRole(290)) - acf0e45f-1346-4d3d-b768-e886253cff70@group-9C327277336C: changes role from  FOLLOWER to CANDIDATE at term 3 for changeToCandidate
2022-04-28 13:47:35,005 [acf0e45f-1346-4d3d-b768-e886253cff70@group-9C327277336C-FollowerState] INFO  server.RaftServerConfigKeys (ConfUtils.java:logGet(44)) - raft.server.leaderelection.pre-vote = false (custom)
2022-04-28 13:47:35,005 [acf0e45f-1346-4d3d-b768-e886253cff70@group-9C327277336C-FollowerState] INFO  impl.RoleInfo (RoleInfo.java:updateAndGet(130)) - acf0e45f-1346-4d3d-b768-e886253cff70: start acf0e45f-1346-4d3d-b768-e886253cff70@group-9C327277336C-LeaderElection59
2022-04-28 13:47:35,012 [acf0e45f-1346-4d3d-b768-e886253cff70@group-9C327277336C-LeaderElection59] INFO  impl.LeaderElection (LeaderElection.java:askForVotes(306)) - acf0e45f-1346-4d3d-b768-e886253cff70@group-9C327277336C-LeaderElection59 ELECTION round 0: submit vote requests at term 4 for 8: [acf0e45f-1346-4d3d-b768-e886253cff70|rpc:10.1.0.6:44375|dataStream:|priority:0, d6fcb396-7a9b-4335-ba57-70371e8b2173|rpc:10.1.0.6:43147|dataStream:|priority:1, 12f93519-ceed-46ee-9151-25937782214d|rpc:10.1.0.6:33231|dataStream:|priority:0], old=null
2022-04-28 13:47:35,025 [acf0e45f-1346-4d3d-b768-e886253cff70@group-9C327277336C-LeaderElection59] INFO  impl.LeaderElection (LogUtils.java:infoOrTrace(137)) - acf0e45f-1346-4d3d-b768-e886253cff70@group-9C327277336C-LeaderElection59 got exception when requesting votes: java.util.concurrent.ExecutionException: org.apache.ratis.thirdparty.io.grpc.StatusRuntimeException: UNAVAILABLE: io exception
2022-04-28 13:47:35,025 [acf0e45f-1346-4d3d-b768-e886253cff70@group-9C327277336C-LeaderElection59] INFO  impl.LeaderElection (LogUtils.java:infoOrTrace(137)) - acf0e45f-1346-4d3d-b768-e886253cff70@group-9C327277336C-LeaderElection59 got exception when requesting votes: java.util.concurrent.ExecutionException: org.apache.ratis.thirdparty.io.grpc.StatusRuntimeException: UNAVAILABLE: io exception
2022-04-28 13:47:35,025 [acf0e45f-1346-4d3d-b768-e886253cff70@group-9C327277336C-LeaderElection59] INFO  impl.LeaderElection (LeaderElection.java:logAndReturn(89)) - acf0e45f-1346-4d3d-b768-e886253cff70@group-9C327277336C-LeaderElection59: ELECTION REJECTED received 0 response(s) and 2 exception(s):
2022-04-28 13:47:35,025 [acf0e45f-1346-4d3d-b768-e886253cff70@group-9C327277336C-LeaderElection59] INFO  impl.LeaderElection (LogUtils.java:infoOrTrace(137)) -   Exception 0: java.util.concurrent.ExecutionException: org.apache.ratis.thirdparty.io.grpc.StatusRuntimeException: UNAVAILABLE: io exception
2022-04-28 13:47:35,025 [acf0e45f-1346-4d3d-b768-e886253cff70@group-9C327277336C-LeaderElection59] INFO  impl.LeaderElection (LogUtils.java:infoOrTrace(137)) -   Exception 1: java.util.concurrent.ExecutionException: org.apache.ratis.thirdparty.io.grpc.StatusRuntimeException: UNAVAILABLE: io exception
2022-04-28 13:47:35,025 [acf0e45f-1346-4d3d-b768-e886253cff70@group-9C327277336C-LeaderElection59] INFO  impl.LeaderElection (LeaderElection.java:askForVotes(308)) - acf0e45f-1346-4d3d-b768-e886253cff70@group-9C327277336C-LeaderElection59 ELECTION round 0: result REJECTED
2022-04-28 13:47:35,025 [acf0e45f-1346-4d3d-b768-e886253cff70@group-9C327277336C-LeaderElection59] INFO  server.RaftServer$Division (RaftServerImpl.java:setRole(290)) - acf0e45f-1346-4d3d-b768-e886253cff70@group-9C327277336C: changes role from CANDIDATE to FOLLOWER at term 4 for REJECTED
2022-04-28 13:47:35,025 [acf0e45f-1346-4d3d-b768-e886253cff70@group-9C327277336C-LeaderElection59] INFO  impl.RoleInfo (RoleInfo.java:shutdownLeaderElection(121)) - acf0e45f-1346-4d3d-b768-e886253cff70: shutdown acf0e45f-1346-4d3d-b768-e886253cff70@group-9C327277336C-LeaderElection59
2022-04-28 13:47:35,025 [acf0e45f-1346-4d3d-b768-e886253cff70@group-9C327277336C-LeaderElection59] INFO  impl.RoleInfo (RoleInfo.java:updateAndGet(130)) - acf0e45f-1346-4d3d-b768-e886253cff70: start acf0e45f-1346-4d3d-b768-e886253cff70@group-9C327277336C-FollowerState
2022-04-28 13:47:35,149 [acf0e45f-1346-4d3d-b768-e886253cff70@group-76FB0BDDFE3B-FollowerState] INFO  impl.FollowerState (FollowerState.java:run(134)) - acf0e45f-1346-4d3d-b768-e886253cff70@group-76FB0BDDFE3B-FollowerState: change to CANDIDATE, lastRpcElapsedTime:5111538249ns, electionTimeout:5111ms
2022-04-28 13:47:35,149 [acf0e45f-1346-4d3d-b768-e886253cff70@group-76FB0BDDFE3B-FollowerState] INFO  impl.RoleInfo (RoleInfo.java:shutdownFollowerState(108)) - acf0e45f-1346-4d3d-b768-e886253cff70: shutdown acf0e45f-1346-4d3d-b768-e886253cff70@group-76FB0BDDFE3B-FollowerState
2022-04-28 13:47:35,149 [acf0e45f-1346-4d3d-b768-e886253cff70@group-76FB0BDDFE3B-FollowerState] INFO  server.RaftServer$Division (RaftServerImpl.java:setRole(290)) - acf0e45f-1346-4d3d-b768-e886253cff70@group-76FB0BDDFE3B: changes role from  FOLLOWER to CANDIDATE at term 3 for changeToCandidate
2022-04-28 13:47:35,149 [acf0e45f-1346-4d3d-b768-e886253cff70@group-76FB0BDDFE3B-FollowerState] INFO  server.RaftServerConfigKeys (ConfUtils.java:logGet(44)) - raft.server.leaderelection.pre-vote = false (custom)
2022-04-28 13:47:35,149 [acf0e45f-1346-4d3d-b768-e886253cff70@group-76FB0BDDFE3B-FollowerState] INFO  impl.RoleInfo (RoleInfo.java:updateAndGet(130)) - acf0e45f-1346-4d3d-b768-e886253cff70: start acf0e45f-1346-4d3d-b768-e886253cff70@group-76FB0BDDFE3B-LeaderElection60
2022-04-28 13:47:35,156 [acf0e45f-1346-4d3d-b768-e886253cff70@group-76FB0BDDFE3B-LeaderElection60] INFO  impl.LeaderElection (LeaderElection.java:askForVotes(306)) - acf0e45f-1346-4d3d-b768-e886253cff70@group-76FB0BDDFE3B-LeaderElection60 ELECTION round 0: submit vote requests at term 4 for 0: [acf0e45f-1346-4d3d-b768-e886253cff70|rpc:10.1.0.6:44375|dataStream:|priority:1, d6fcb396-7a9b-4335-ba57-70371e8b2173|rpc:10.1.0.6:43147|dataStream:|priority:0, 12f93519-ceed-46ee-9151-25937782214d|rpc:10.1.0.6:33231|dataStream:|priority:0], old=null
2022-04-28 13:47:35,156 [acf0e45f-1346-4d3d-b768-e886253cff70@group-76FB0BDDFE3B-LeaderElection60] INFO  impl.LeaderElection (LogUtils.java:infoOrTrace(137)) - acf0e45f-1346-4d3d-b768-e886253cff70@group-76FB0BDDFE3B-LeaderElection60 got exception when requesting votes: java.util.concurrent.ExecutionException: org.apache.ratis.thirdparty.io.grpc.StatusRuntimeException: UNAVAILABLE: io exception
2022-04-28 13:47:35,157 [acf0e45f-1346-4d3d-b768-e886253cff70@group-76FB0BDDFE3B-LeaderElection60] INFO  impl.LeaderElection (LogUtils.java:infoOrTrace(137)) - acf0e45f-1346-4d3d-b768-e886253cff70@group-76FB0BDDFE3B-LeaderElection60 got exception when requesting votes: java.util.concurrent.ExecutionException: org.apache.ratis.thirdparty.io.grpc.StatusRuntimeException: UNAVAILABLE: io exception
2022-04-28 13:47:35,157 [acf0e45f-1346-4d3d-b768-e886253cff70@group-76FB0BDDFE3B-LeaderElection60] INFO  impl.LeaderElection (LeaderElection.java:logAndReturn(89)) - acf0e45f-1346-4d3d-b768-e886253cff70@group-76FB0BDDFE3B-LeaderElection60: ELECTION REJECTED received 0 response(s) and 2 exception(s):
2022-04-28 13:47:35,157 [acf0e45f-1346-4d3d-b768-e886253cff70@group-76FB0BDDFE3B-LeaderElection60] INFO  impl.LeaderElection (LogUtils.java:infoOrTrace(137)) -   Exception 0: java.util.concurrent.ExecutionException: org.apache.ratis.thirdparty.io.grpc.StatusRuntimeException: UNAVAILABLE: io exception
2022-04-28 13:47:35,157 [acf0e45f-1346-4d3d-b768-e886253cff70@group-76FB0BDDFE3B-LeaderElection60] INFO  impl.LeaderElection (LogUtils.java:infoOrTrace(137)) -   Exception 1: java.util.concurrent.ExecutionException: org.apache.ratis.thirdparty.io.grpc.StatusRuntimeException: UNAVAILABLE: io exception
2022-04-28 13:47:35,157 [acf0e45f-1346-4d3d-b768-e886253cff70@group-76FB0BDDFE3B-LeaderElection60] INFO  impl.LeaderElection (LeaderElection.java:askForVotes(308)) - acf0e45f-1346-4d3d-b768-e886253cff70@group-76FB0BDDFE3B-LeaderElection60 ELECTION round 0: result REJECTED
2022-04-28 13:47:35,157 [acf0e45f-1346-4d3d-b768-e886253cff70@group-76FB0BDDFE3B-LeaderElection60] INFO  server.RaftServer$Division (RaftServerImpl.java:setRole(290)) - acf0e45f-1346-4d3d-b768-e886253cff70@group-76FB0BDDFE3B: changes role from CANDIDATE to FOLLOWER at term 4 for REJECTED
2022-04-28 13:47:35,157 [acf0e45f-1346-4d3d-b768-e886253cff70@group-76FB0BDDFE3B-LeaderElection60] INFO  impl.RoleInfo (RoleInfo.java:shutdownLeaderElection(121)) - acf0e45f-1346-4d3d-b768-e886253cff70: shutdown acf0e45f-1346-4d3d-b768-e886253cff70@group-76FB0BDDFE3B-LeaderElection60
2022-04-28 13:47:35,157 [acf0e45f-1346-4d3d-b768-e886253cff70@group-76FB0BDDFE3B-LeaderElection60] INFO  impl.RoleInfo (RoleInfo.java:updateAndGet(130)) - acf0e45f-1346-4d3d-b768-e886253cff70: start acf0e45f-1346-4d3d-b768-e886253cff70@group-76FB0BDDFE3B-FollowerState
2022-04-28 13:47:36,795 [Listener at 127.0.0.1/39257] WARN  scm.XceiverClientRatis (XceiverClientRatis.java:watchForCommit(266)) - 3 way commit failed on pipeline Pipeline[ Id: 3a62d18e-2bdf-4f70-8718-9c327277336c, Nodes: d6fcb396-7a9b-4335-ba57-70371e8b2173{ip: 10.1.0.6, host: fv-az294-869.eaanfquahm5ulb5tj050gcxych.jx.internal.cloudapp.net, ports: [REPLICATION=43675, RATIS=43147, RATIS_ADMIN=43147, RATIS_SERVER=43147, STANDALONE=40213], networkLocation: /default-rack, certSerialId: null, persistedOpState: IN_SERVICE, persistedOpStateExpiryEpochSec: 0}12f93519-ceed-46ee-9151-25937782214d{ip: 10.1.0.6, host: fv-az294-869.eaanfquahm5ulb5tj050gcxych.jx.internal.cloudapp.net, ports: [REPLICATION=38103, RATIS=33231, RATIS_ADMIN=33231, RATIS_SERVER=33231, STANDALONE=46501], networkLocation: /default-rack, certSerialId: null, persistedOpState: IN_SERVICE, persistedOpStateExpiryEpochSec: 0}acf0e45f-1346-4d3d-b768-e886253cff70{ip: 10.1.0.6, host: fv-az294-869.eaanfquahm5ulb5tj050gcxych.jx.internal.cloudapp.net, ports: [REPLICATION=33505, RATIS=44375, RATIS_ADMIN=44375, RATIS_SERVER=44375, STANDALONE=43863], networkLocation: /default-rack, certSerialId: null, persistedOpState: IN_SERVICE, persistedOpStateExpiryEpochSec: 0}, ReplicationConfig: RATIS/THREE, State:OPEN, leaderId:d6fcb396-7a9b-4335-ba57-70371e8b2173, CreationTimestamp2022-04-28T13:46:51.744Z[Etc/UTC]]
java.util.concurrent.ExecutionException: org.apache.ratis.protocol.exceptions.RaftRetryFailureException: Failed RaftClientRequest:client-FBB2A6B7F615->12f93519-ceed-46ee-9151-25937782214d@group-9C327277336C, cid=32, seq=0, Watch-ALL_COMMITTED(104), null for 4 attempts with RequestTypeDependentRetryPolicy{WRITE->org.apache.ratis.retry.ExceptionDependentRetry@4a8faa6c, WATCH->org.apache.ratis.retry.ExceptionDependentRetry@44485d4d}
	at java.util.concurrent.CompletableFuture.reportGet(CompletableFuture.java:357)
	at java.util.concurrent.CompletableFuture.get(CompletableFuture.java:1908)
	at org.apache.hadoop.hdds.scm.XceiverClientRatis.watchForCommit(XceiverClientRatis.java:263)
	at org.apache.hadoop.hdds.scm.storage.CommitWatcher.watchForCommit(CommitWatcher.java:199)
	at org.apache.hadoop.ozone.client.rpc.TestCommitWatcher.testReleaseBuffersOnException(TestCommitWatcher.java:315)
	at sun.reflect.NativeMethodAccessorImpl.invoke0(Native Method)
	at sun.reflect.NativeMethodAccessorImpl.invoke(NativeMethodAccessorImpl.java:62)
	at sun.reflect.DelegatingMethodAccessorImpl.invoke(DelegatingMethodAccessorImpl.java:43)
	at java.lang.reflect.Method.invoke(Method.java:498)
	at org.junit.runners.model.FrameworkMethod$1.runReflectiveCall(FrameworkMethod.java:59)
	at org.junit.internal.runners.model.ReflectiveCallable.run(ReflectiveCallable.java:12)
	at org.junit.runners.model.FrameworkMethod.invokeExplosively(FrameworkMethod.java:56)
	at org.junit.internal.runners.statements.InvokeMethod.evaluate(InvokeMethod.java:17)
	at org.junit.internal.runners.statements.RunBefores.evaluate(RunBefores.java:26)
	at org.junit.internal.runners.statements.RunAfters.evaluate(RunAfters.java:27)
	at org.junit.internal.runners.statements.FailOnTimeout$CallableStatement.call(FailOnTimeout.java:288)
	at org.junit.internal.runners.statements.FailOnTimeout$CallableStatement.call(FailOnTimeout.java:282)
	at java.util.concurrent.FutureTask.run(FutureTask.java:266)
	at java.lang.Thread.run(Thread.java:750)
Caused by: org.apache.ratis.protocol.exceptions.RaftRetryFailureException: Failed RaftClientRequest:client-FBB2A6B7F615->12f93519-ceed-46ee-9151-25937782214d@group-9C327277336C, cid=32, seq=0, Watch-ALL_COMMITTED(104), null for 4 attempts with RequestTypeDependentRetryPolicy{WRITE->org.apache.ratis.retry.ExceptionDependentRetry@4a8faa6c, WATCH->org.apache.ratis.retry.ExceptionDependentRetry@44485d4d}
	at org.apache.ratis.client.impl.RaftClientImpl.noMoreRetries(RaftClientImpl.java:272)
	at org.apache.ratis.client.impl.UnorderedAsync.lambda$sendRequestWithRetry$4(UnorderedAsync.java:95)
	at java.util.concurrent.CompletableFuture.uniWhenComplete(CompletableFuture.java:774)
	at java.util.concurrent.CompletableFuture$UniWhenComplete.tryFire(CompletableFuture.java:750)
	at java.util.concurrent.CompletableFuture$Completion.run(CompletableFuture.java:456)
	... 1 more
Caused by: java.io.IOException: org.apache.ratis.thirdparty.io.grpc.StatusRuntimeException: UNAVAILABLE: io exception
	at org.apache.ratis.grpc.GrpcUtil.unwrapException(GrpcUtil.java:92)
	at org.apache.ratis.grpc.GrpcUtil.unwrapIOException(GrpcUtil.java:152)
	at org.apache.ratis.grpc.client.GrpcClientProtocolClient$AsyncStreamObservers$1.onError(GrpcClientProtocolClient.java:325)
	at org.apache.ratis.thirdparty.io.grpc.stub.ClientCalls$StreamObserverToCallListenerAdapter.onClose(ClientCalls.java:478)
	at org.apache.ratis.thirdparty.io.grpc.PartialForwardingClientCallListener.onClose(PartialForwardingClientCallListener.java:39)
	at org.apache.ratis.thirdparty.io.grpc.ForwardingClientCallListener.onClose(ForwardingClientCallListener.java:23)
	at org.apache.ratis.grpc.metrics.intercept.client.MetricClientCallListener.onClose(MetricClientCallListener.java:47)
	at org.apache.ratis.thirdparty.io.grpc.internal.DelayedClientCall$DelayedListener$3.run(DelayedClientCall.java:463)
	at org.apache.ratis.thirdparty.io.grpc.internal.DelayedClientCall$DelayedListener.drainPendingCallbacks(DelayedClientCall.java:502)
	at org.apache.ratis.thirdparty.io.grpc.internal.DelayedClientCall$1DrainListenerRunnable.runInContext(DelayedClientCall.java:291)
	at org.apache.ratis.thirdparty.io.grpc.internal.ContextRunnable.run(ContextRunnable.java:37)
	at java.util.concurrent.ThreadPoolExecutor.runWorker(ThreadPoolExecutor.java:1149)
	at java.util.concurrent.ThreadPoolExecutor$Worker.run(ThreadPoolExecutor.java:624)
	... 1 more
Caused by: org.apache.ratis.thirdparty.io.grpc.StatusRuntimeException: UNAVAILABLE: io exception
	at org.apache.ratis.thirdparty.io.grpc.Status.asRuntimeException(Status.java:533)
	... 11 more
Caused by: org.apache.ratis.thirdparty.io.netty.channel.AbstractChannel$AnnotatedConnectException: finishConnect(..) failed: Connection refused: /10.1.0.6:33231
Caused by: java.net.ConnectException: finishConnect(..) failed: Connection refused
	at org.apache.ratis.thirdparty.io.netty.channel.unix.Errors.newConnectException0(Errors.java:155)
	at org.apache.ratis.thirdparty.io.netty.channel.unix.Errors.handleConnectErrno(Errors.java:128)
	at org.apache.ratis.thirdparty.io.netty.channel.unix.Socket.finishConnect(Socket.java:278)
	at org.apache.ratis.thirdparty.io.netty.channel.epoll.AbstractEpollChannel$AbstractEpollUnsafe.doFinishConnect(AbstractEpollChannel.java:710)
	at org.apache.ratis.thirdparty.io.netty.channel.epoll.AbstractEpollChannel$AbstractEpollUnsafe.finishConnect(AbstractEpollChannel.java:687)
	at org.apache.ratis.thirdparty.io.netty.channel.epoll.AbstractEpollChannel$AbstractEpollUnsafe.epollOutReady(AbstractEpollChannel.java:567)
	at org.apache.ratis.thirdparty.io.netty.channel.epoll.EpollEventLoop.processReady(EpollEventLoop.java:470)
	at org.apache.ratis.thirdparty.io.netty.channel.epoll.EpollEventLoop.run(EpollEventLoop.java:378)
	at org.apache.ratis.thirdparty.io.netty.util.concurrent.SingleThreadEventExecutor$4.run(SingleThreadEventExecutor.java:989)
	at org.apache.ratis.thirdparty.io.netty.util.internal.ThreadExecutorMap$2.run(ThreadExecutorMap.java:74)
	at org.apache.ratis.thirdparty.io.netty.util.concurrent.FastThreadLocalRunnable.run(FastThreadLocalRunnable.java:30)
	at java.lang.Thread.run(Thread.java:750)
2022-04-28 13:47:40,074 [acf0e45f-1346-4d3d-b768-e886253cff70@group-9C327277336C-FollowerState] INFO  impl.FollowerState (FollowerState.java:run(134)) - acf0e45f-1346-4d3d-b768-e886253cff70@group-9C327277336C-FollowerState: change to CANDIDATE, lastRpcElapsedTime:5048561062ns, electionTimeout:5045ms
2022-04-28 13:47:40,074 [acf0e45f-1346-4d3d-b768-e886253cff70@group-9C327277336C-FollowerState] INFO  impl.RoleInfo (RoleInfo.java:shutdownFollowerState(108)) - acf0e45f-1346-4d3d-b768-e886253cff70: shutdown acf0e45f-1346-4d3d-b768-e886253cff70@group-9C327277336C-FollowerState
2022-04-28 13:47:40,074 [acf0e45f-1346-4d3d-b768-e886253cff70@group-9C327277336C-FollowerState] INFO  server.RaftServer$Division (RaftServerImpl.java:setRole(290)) - acf0e45f-1346-4d3d-b768-e886253cff70@group-9C327277336C: changes role from  FOLLOWER to CANDIDATE at term 4 for changeToCandidate
2022-04-28 13:47:40,074 [acf0e45f-1346-4d3d-b768-e886253cff70@group-9C327277336C-FollowerState] INFO  server.RaftServerConfigKeys (ConfUtils.java:logGet(44)) - raft.server.leaderelection.pre-vote = false (custom)
2022-04-28 13:47:40,074 [acf0e45f-1346-4d3d-b768-e886253cff70@group-9C327277336C-FollowerState] INFO  impl.RoleInfo (RoleInfo.java:updateAndGet(130)) - acf0e45f-1346-4d3d-b768-e886253cff70: start acf0e45f-1346-4d3d-b768-e886253cff70@group-9C327277336C-LeaderElection61
2022-04-28 13:47:40,083 [acf0e45f-1346-4d3d-b768-e886253cff70@group-9C327277336C-LeaderElection61] INFO  impl.LeaderElection (LeaderElection.java:askForVotes(306)) - acf0e45f-1346-4d3d-b768-e886253cff70@group-9C327277336C-LeaderElection61 ELECTION round 0: submit vote requests at term 5 for 8: [acf0e45f-1346-4d3d-b768-e886253cff70|rpc:10.1.0.6:44375|dataStream:|priority:0, d6fcb396-7a9b-4335-ba57-70371e8b2173|rpc:10.1.0.6:43147|dataStream:|priority:1, 12f93519-ceed-46ee-9151-25937782214d|rpc:10.1.0.6:33231|dataStream:|priority:0], old=null
2022-04-28 13:47:40,084 [acf0e45f-1346-4d3d-b768-e886253cff70@group-9C327277336C-LeaderElection61] INFO  impl.LeaderElection (LogUtils.java:infoOrTrace(137)) - acf0e45f-1346-4d3d-b768-e886253cff70@group-9C327277336C-LeaderElection61 got exception when requesting votes: java.util.concurrent.ExecutionException: org.apache.ratis.thirdparty.io.grpc.StatusRuntimeException: UNAVAILABLE: io exception
2022-04-28 13:47:40,086 [acf0e45f-1346-4d3d-b768-e886253cff70@group-9C327277336C-LeaderElection61] INFO  impl.LeaderElection (LogUtils.java:infoOrTrace(137)) - acf0e45f-1346-4d3d-b768-e886253cff70@group-9C327277336C-LeaderElection61 got exception when requesting votes: java.util.concurrent.ExecutionException: org.apache.ratis.thirdparty.io.grpc.StatusRuntimeException: UNAVAILABLE: io exception
2022-04-28 13:47:40,086 [acf0e45f-1346-4d3d-b768-e886253cff70@group-9C327277336C-LeaderElection61] INFO  impl.LeaderElection (LeaderElection.java:logAndReturn(89)) - acf0e45f-1346-4d3d-b768-e886253cff70@group-9C327277336C-LeaderElection61: ELECTION REJECTED received 0 response(s) and 2 exception(s):
2022-04-28 13:47:40,086 [acf0e45f-1346-4d3d-b768-e886253cff70@group-9C327277336C-LeaderElection61] INFO  impl.LeaderElection (LogUtils.java:infoOrTrace(137)) -   Exception 0: java.util.concurrent.ExecutionException: org.apache.ratis.thirdparty.io.grpc.StatusRuntimeException: UNAVAILABLE: io exception
2022-04-28 13:47:40,086 [acf0e45f-1346-4d3d-b768-e886253cff70@group-9C327277336C-LeaderElection61] INFO  impl.LeaderElection (LogUtils.java:infoOrTrace(137)) -   Exception 1: java.util.concurrent.ExecutionException: org.apache.ratis.thirdparty.io.grpc.StatusRuntimeException: UNAVAILABLE: io exception
2022-04-28 13:47:40,086 [acf0e45f-1346-4d3d-b768-e886253cff70@group-9C327277336C-LeaderElection61] INFO  impl.LeaderElection (LeaderElection.java:askForVotes(308)) - acf0e45f-1346-4d3d-b768-e886253cff70@group-9C327277336C-LeaderElection61 ELECTION round 0: result REJECTED
2022-04-28 13:47:40,087 [acf0e45f-1346-4d3d-b768-e886253cff70@group-9C327277336C-LeaderElection61] INFO  server.RaftServer$Division (RaftServerImpl.java:setRole(290)) - acf0e45f-1346-4d3d-b768-e886253cff70@group-9C327277336C: changes role from CANDIDATE to FOLLOWER at term 5 for REJECTED
2022-04-28 13:47:40,087 [acf0e45f-1346-4d3d-b768-e886253cff70@group-9C327277336C-LeaderElection61] INFO  impl.RoleInfo (RoleInfo.java:shutdownLeaderElection(121)) - acf0e45f-1346-4d3d-b768-e886253cff70: shutdown acf0e45f-1346-4d3d-b768-e886253cff70@group-9C327277336C-LeaderElection61
2022-04-28 13:47:40,087 [acf0e45f-1346-4d3d-b768-e886253cff70@group-9C327277336C-LeaderElection61] INFO  impl.RoleInfo (RoleInfo.java:updateAndGet(130)) - acf0e45f-1346-4d3d-b768-e886253cff70: start acf0e45f-1346-4d3d-b768-e886253cff70@group-9C327277336C-FollowerState
2022-04-28 13:47:40,255 [acf0e45f-1346-4d3d-b768-e886253cff70@group-76FB0BDDFE3B-FollowerState] INFO  impl.FollowerState (FollowerState.java:run(134)) - acf0e45f-1346-4d3d-b768-e886253cff70@group-76FB0BDDFE3B-FollowerState: change to CANDIDATE, lastRpcElapsedTime:5097733808ns, electionTimeout:5095ms
2022-04-28 13:47:40,255 [acf0e45f-1346-4d3d-b768-e886253cff70@group-76FB0BDDFE3B-FollowerState] INFO  impl.RoleInfo (RoleInfo.java:shutdownFollowerState(108)) - acf0e45f-1346-4d3d-b768-e886253cff70: shutdown acf0e45f-1346-4d3d-b768-e886253cff70@group-76FB0BDDFE3B-FollowerState
2022-04-28 13:47:40,255 [acf0e45f-1346-4d3d-b768-e886253cff70@group-76FB0BDDFE3B-FollowerState] INFO  server.RaftServer$Division (RaftServerImpl.java:setRole(290)) - acf0e45f-1346-4d3d-b768-e886253cff70@group-76FB0BDDFE3B: changes role from  FOLLOWER to CANDIDATE at term 4 for changeToCandidate
2022-04-28 13:47:40,255 [acf0e45f-1346-4d3d-b768-e886253cff70@group-76FB0BDDFE3B-FollowerState] INFO  server.RaftServerConfigKeys (ConfUtils.java:logGet(44)) - raft.server.leaderelection.pre-vote = false (custom)
2022-04-28 13:47:40,255 [acf0e45f-1346-4d3d-b768-e886253cff70@group-76FB0BDDFE3B-FollowerState] INFO  impl.RoleInfo (RoleInfo.java:updateAndGet(130)) - acf0e45f-1346-4d3d-b768-e886253cff70: start acf0e45f-1346-4d3d-b768-e886253cff70@group-76FB0BDDFE3B-LeaderElection62
2022-04-28 13:47:40,259 [acf0e45f-1346-4d3d-b768-e886253cff70@group-76FB0BDDFE3B-LeaderElection62] INFO  impl.LeaderElection (LeaderElection.java:askForVotes(306)) - acf0e45f-1346-4d3d-b768-e886253cff70@group-76FB0BDDFE3B-LeaderElection62 ELECTION round 0: submit vote requests at term 5 for 0: [acf0e45f-1346-4d3d-b768-e886253cff70|rpc:10.1.0.6:44375|dataStream:|priority:1, d6fcb396-7a9b-4335-ba57-70371e8b2173|rpc:10.1.0.6:43147|dataStream:|priority:0, 12f93519-ceed-46ee-9151-25937782214d|rpc:10.1.0.6:33231|dataStream:|priority:0], old=null
2022-04-28 13:47:40,269 [acf0e45f-1346-4d3d-b768-e886253cff70@group-76FB0BDDFE3B-LeaderElection62] INFO  impl.LeaderElection (LogUtils.java:infoOrTrace(137)) - acf0e45f-1346-4d3d-b768-e886253cff70@group-76FB0BDDFE3B-LeaderElection62 got exception when requesting votes: java.util.concurrent.ExecutionException: org.apache.ratis.thirdparty.io.grpc.StatusRuntimeException: UNAVAILABLE: io exception
2022-04-28 13:47:40,269 [acf0e45f-1346-4d3d-b768-e886253cff70@group-76FB0BDDFE3B-LeaderElection62] INFO  impl.LeaderElection (LogUtils.java:infoOrTrace(137)) - acf0e45f-1346-4d3d-b768-e886253cff70@group-76FB0BDDFE3B-LeaderElection62 got exception when requesting votes: java.util.concurrent.ExecutionException: org.apache.ratis.thirdparty.io.grpc.StatusRuntimeException: UNAVAILABLE: io exception
2022-04-28 13:47:40,269 [acf0e45f-1346-4d3d-b768-e886253cff70@group-76FB0BDDFE3B-LeaderElection62] INFO  impl.LeaderElection (LeaderElection.java:logAndReturn(89)) - acf0e45f-1346-4d3d-b768-e886253cff70@group-76FB0BDDFE3B-LeaderElection62: ELECTION REJECTED received 0 response(s) and 2 exception(s):
2022-04-28 13:47:40,269 [acf0e45f-1346-4d3d-b768-e886253cff70@group-76FB0BDDFE3B-LeaderElection62] INFO  impl.LeaderElection (LogUtils.java:infoOrTrace(137)) -   Exception 0: java.util.concurrent.ExecutionException: org.apache.ratis.thirdparty.io.grpc.StatusRuntimeException: UNAVAILABLE: io exception
2022-04-28 13:47:40,269 [acf0e45f-1346-4d3d-b768-e886253cff70@group-76FB0BDDFE3B-LeaderElection62] INFO  impl.LeaderElection (LogUtils.java:infoOrTrace(137)) -   Exception 1: java.util.concurrent.ExecutionException: org.apache.ratis.thirdparty.io.grpc.StatusRuntimeException: UNAVAILABLE: io exception
2022-04-28 13:47:40,269 [acf0e45f-1346-4d3d-b768-e886253cff70@group-76FB0BDDFE3B-LeaderElection62] INFO  impl.LeaderElection (LeaderElection.java:askForVotes(308)) - acf0e45f-1346-4d3d-b768-e886253cff70@group-76FB0BDDFE3B-LeaderElection62 ELECTION round 0: result REJECTED
2022-04-28 13:47:40,269 [acf0e45f-1346-4d3d-b768-e886253cff70@group-76FB0BDDFE3B-LeaderElection62] INFO  server.RaftServer$Division (RaftServerImpl.java:setRole(290)) - acf0e45f-1346-4d3d-b768-e886253cff70@group-76FB0BDDFE3B: changes role from CANDIDATE to FOLLOWER at term 5 for REJECTED
2022-04-28 13:47:40,269 [acf0e45f-1346-4d3d-b768-e886253cff70@group-76FB0BDDFE3B-LeaderElection62] INFO  impl.RoleInfo (RoleInfo.java:shutdownLeaderElection(121)) - acf0e45f-1346-4d3d-b768-e886253cff70: shutdown acf0e45f-1346-4d3d-b768-e886253cff70@group-76FB0BDDFE3B-LeaderElection62
2022-04-28 13:47:40,269 [acf0e45f-1346-4d3d-b768-e886253cff70@group-76FB0BDDFE3B-LeaderElection62] INFO  impl.RoleInfo (RoleInfo.java:updateAndGet(130)) - acf0e45f-1346-4d3d-b768-e886253cff70: start acf0e45f-1346-4d3d-b768-e886253cff70@group-76FB0BDDFE3B-FollowerState
2022-04-28 13:47:45,101 [acf0e45f-1346-4d3d-b768-e886253cff70@group-9C327277336C-FollowerState] INFO  impl.FollowerState (FollowerState.java:run(134)) - acf0e45f-1346-4d3d-b768-e886253cff70@group-9C327277336C-FollowerState: change to CANDIDATE, lastRpcElapsedTime:5013997760ns, electionTimeout:5013ms
2022-04-28 13:47:45,101 [acf0e45f-1346-4d3d-b768-e886253cff70@group-9C327277336C-FollowerState] INFO  impl.RoleInfo (RoleInfo.java:shutdownFollowerState(108)) - acf0e45f-1346-4d3d-b768-e886253cff70: shutdown acf0e45f-1346-4d3d-b768-e886253cff70@group-9C327277336C-FollowerState
2022-04-28 13:47:45,101 [acf0e45f-1346-4d3d-b768-e886253cff70@group-9C327277336C-FollowerState] INFO  server.RaftServer$Division (RaftServerImpl.java:setRole(290)) - acf0e45f-1346-4d3d-b768-e886253cff70@group-9C327277336C: changes role from  FOLLOWER to CANDIDATE at term 5 for changeToCandidate
2022-04-28 13:47:45,101 [acf0e45f-1346-4d3d-b768-e886253cff70@group-9C327277336C-FollowerState] INFO  server.RaftServerConfigKeys (ConfUtils.java:logGet(44)) - raft.server.leaderelection.pre-vote = false (custom)
2022-04-28 13:47:45,101 [acf0e45f-1346-4d3d-b768-e886253cff70@group-9C327277336C-FollowerState] INFO  impl.RoleInfo (RoleInfo.java:updateAndGet(130)) - acf0e45f-1346-4d3d-b768-e886253cff70: start acf0e45f-1346-4d3d-b768-e886253cff70@group-9C327277336C-LeaderElection63
2022-04-28 13:47:45,114 [acf0e45f-1346-4d3d-b768-e886253cff70@group-9C327277336C-LeaderElection63] INFO  impl.LeaderElection (LeaderElection.java:askForVotes(306)) - acf0e45f-1346-4d3d-b768-e886253cff70@group-9C327277336C-LeaderElection63 ELECTION round 0: submit vote requests at term 6 for 8: [acf0e45f-1346-4d3d-b768-e886253cff70|rpc:10.1.0.6:44375|dataStream:|priority:0, d6fcb396-7a9b-4335-ba57-70371e8b2173|rpc:10.1.0.6:43147|dataStream:|priority:1, 12f93519-ceed-46ee-9151-25937782214d|rpc:10.1.0.6:33231|dataStream:|priority:0], old=null
2022-04-28 13:47:45,114 [acf0e45f-1346-4d3d-b768-e886253cff70@group-9C327277336C-LeaderElection63] INFO  impl.LeaderElection (LogUtils.java:infoOrTrace(137)) - acf0e45f-1346-4d3d-b768-e886253cff70@group-9C327277336C-LeaderElection63 got exception when requesting votes: java.util.concurrent.ExecutionException: org.apache.ratis.thirdparty.io.grpc.StatusRuntimeException: UNAVAILABLE: io exception
2022-04-28 13:47:45,115 [acf0e45f-1346-4d3d-b768-e886253cff70@group-9C327277336C-LeaderElection63] INFO  impl.LeaderElection (LogUtils.java:infoOrTrace(137)) - acf0e45f-1346-4d3d-b768-e886253cff70@group-9C327277336C-LeaderElection63 got exception when requesting votes: java.util.concurrent.ExecutionException: org.apache.ratis.thirdparty.io.grpc.StatusRuntimeException: UNAVAILABLE: io exception
2022-04-28 13:47:45,115 [acf0e45f-1346-4d3d-b768-e886253cff70@group-9C327277336C-LeaderElection63] INFO  impl.LeaderElection (LeaderElection.java:logAndReturn(89)) - acf0e45f-1346-4d3d-b768-e886253cff70@group-9C327277336C-LeaderElection63: ELECTION REJECTED received 0 response(s) and 2 exception(s):
2022-04-28 13:47:45,115 [acf0e45f-1346-4d3d-b768-e886253cff70@group-9C327277336C-LeaderElection63] INFO  impl.LeaderElection (LogUtils.java:infoOrTrace(137)) -   Exception 0: java.util.concurrent.ExecutionException: org.apache.ratis.thirdparty.io.grpc.StatusRuntimeException: UNAVAILABLE: io exception
2022-04-28 13:47:45,115 [acf0e45f-1346-4d3d-b768-e886253cff70@group-9C327277336C-LeaderElection63] INFO  impl.LeaderElection (LogUtils.java:infoOrTrace(137)) -   Exception 1: java.util.concurrent.ExecutionException: org.apache.ratis.thirdparty.io.grpc.StatusRuntimeException: UNAVAILABLE: io exception
2022-04-28 13:47:45,115 [acf0e45f-1346-4d3d-b768-e886253cff70@group-9C327277336C-LeaderElection63] INFO  impl.LeaderElection (LeaderElection.java:askForVotes(308)) - acf0e45f-1346-4d3d-b768-e886253cff70@group-9C327277336C-LeaderElection63 ELECTION round 0: result REJECTED
2022-04-28 13:47:45,115 [acf0e45f-1346-4d3d-b768-e886253cff70@group-9C327277336C-LeaderElection63] INFO  server.RaftServer$Division (RaftServerImpl.java:setRole(290)) - acf0e45f-1346-4d3d-b768-e886253cff70@group-9C327277336C: changes role from CANDIDATE to FOLLOWER at term 6 for REJECTED
2022-04-28 13:47:45,115 [acf0e45f-1346-4d3d-b768-e886253cff70@group-9C327277336C-LeaderElection63] INFO  impl.RoleInfo (RoleInfo.java:shutdownLeaderElection(121)) - acf0e45f-1346-4d3d-b768-e886253cff70: shutdown acf0e45f-1346-4d3d-b768-e886253cff70@group-9C327277336C-LeaderElection63
2022-04-28 13:47:45,115 [acf0e45f-1346-4d3d-b768-e886253cff70@group-9C327277336C-LeaderElection63] INFO  impl.RoleInfo (RoleInfo.java:updateAndGet(130)) - acf0e45f-1346-4d3d-b768-e886253cff70: start acf0e45f-1346-4d3d-b768-e886253cff70@group-9C327277336C-FollowerState
2022-04-28 13:47:45,320 [acf0e45f-1346-4d3d-b768-e886253cff70@group-76FB0BDDFE3B-FollowerState] INFO  impl.FollowerState (FollowerState.java:run(134)) - acf0e45f-1346-4d3d-b768-e886253cff70@group-76FB0BDDFE3B-FollowerState: change to CANDIDATE, lastRpcElapsedTime:5050560569ns, electionTimeout:5045ms
2022-04-28 13:47:45,320 [acf0e45f-1346-4d3d-b768-e886253cff70@group-76FB0BDDFE3B-FollowerState] INFO  impl.RoleInfo (RoleInfo.java:shutdownFollowerState(108)) - acf0e45f-1346-4d3d-b768-e886253cff70: shutdown acf0e45f-1346-4d3d-b768-e886253cff70@group-76FB0BDDFE3B-FollowerState
2022-04-28 13:47:45,320 [acf0e45f-1346-4d3d-b768-e886253cff70@group-76FB0BDDFE3B-FollowerState] INFO  server.RaftServer$Division (RaftServerImpl.java:setRole(290)) - acf0e45f-1346-4d3d-b768-e886253cff70@group-76FB0BDDFE3B: changes role from  FOLLOWER to CANDIDATE at term 5 for changeToCandidate
2022-04-28 13:47:45,320 [acf0e45f-1346-4d3d-b768-e886253cff70@group-76FB0BDDFE3B-FollowerState] INFO  server.RaftServerConfigKeys (ConfUtils.java:logGet(44)) - raft.server.leaderelection.pre-vote = false (custom)
2022-04-28 13:47:45,320 [acf0e45f-1346-4d3d-b768-e886253cff70@group-76FB0BDDFE3B-FollowerState] INFO  impl.RoleInfo (RoleInfo.java:updateAndGet(130)) - acf0e45f-1346-4d3d-b768-e886253cff70: start acf0e45f-1346-4d3d-b768-e886253cff70@group-76FB0BDDFE3B-LeaderElection64
2022-04-28 13:47:45,331 [acf0e45f-1346-4d3d-b768-e886253cff70@group-76FB0BDDFE3B-LeaderElection64] INFO  impl.LeaderElection (LeaderElection.java:askForVotes(306)) - acf0e45f-1346-4d3d-b768-e886253cff70@group-76FB0BDDFE3B-LeaderElection64 ELECTION round 0: submit vote requests at term 6 for 0: [acf0e45f-1346-4d3d-b768-e886253cff70|rpc:10.1.0.6:44375|dataStream:|priority:1, d6fcb396-7a9b-4335-ba57-70371e8b2173|rpc:10.1.0.6:43147|dataStream:|priority:0, 12f93519-ceed-46ee-9151-25937782214d|rpc:10.1.0.6:33231|dataStream:|priority:0], old=null
2022-04-28 13:47:45,335 [acf0e45f-1346-4d3d-b768-e886253cff70@group-76FB0BDDFE3B-LeaderElection64] INFO  impl.LeaderElection (LogUtils.java:infoOrTrace(137)) - acf0e45f-1346-4d3d-b768-e886253cff70@group-76FB0BDDFE3B-LeaderElection64 got exception when requesting votes: java.util.concurrent.ExecutionException: org.apache.ratis.thirdparty.io.grpc.StatusRuntimeException: UNAVAILABLE: io exception
2022-04-28 13:47:45,336 [acf0e45f-1346-4d3d-b768-e886253cff70@group-76FB0BDDFE3B-LeaderElection64] INFO  impl.LeaderElection (LogUtils.java:infoOrTrace(137)) - acf0e45f-1346-4d3d-b768-e886253cff70@group-76FB0BDDFE3B-LeaderElection64 got exception when requesting votes: java.util.concurrent.ExecutionException: org.apache.ratis.thirdparty.io.grpc.StatusRuntimeException: UNAVAILABLE: io exception
2022-04-28 13:47:45,336 [acf0e45f-1346-4d3d-b768-e886253cff70@group-76FB0BDDFE3B-LeaderElection64] INFO  impl.LeaderElection (LeaderElection.java:logAndReturn(89)) - acf0e45f-1346-4d3d-b768-e886253cff70@group-76FB0BDDFE3B-LeaderElection64: ELECTION REJECTED received 0 response(s) and 2 exception(s):
2022-04-28 13:47:45,336 [acf0e45f-1346-4d3d-b768-e886253cff70@group-76FB0BDDFE3B-LeaderElection64] INFO  impl.LeaderElection (LogUtils.java:infoOrTrace(137)) -   Exception 0: java.util.concurrent.ExecutionException: org.apache.ratis.thirdparty.io.grpc.StatusRuntimeException: UNAVAILABLE: io exception
2022-04-28 13:47:45,336 [acf0e45f-1346-4d3d-b768-e886253cff70@group-76FB0BDDFE3B-LeaderElection64] INFO  impl.LeaderElection (LogUtils.java:infoOrTrace(137)) -   Exception 1: java.util.concurrent.ExecutionException: org.apache.ratis.thirdparty.io.grpc.StatusRuntimeException: UNAVAILABLE: io exception
2022-04-28 13:47:45,336 [acf0e45f-1346-4d3d-b768-e886253cff70@group-76FB0BDDFE3B-LeaderElection64] INFO  impl.LeaderElection (LeaderElection.java:askForVotes(308)) - acf0e45f-1346-4d3d-b768-e886253cff70@group-76FB0BDDFE3B-LeaderElection64 ELECTION round 0: result REJECTED
2022-04-28 13:47:45,336 [acf0e45f-1346-4d3d-b768-e886253cff70@group-76FB0BDDFE3B-LeaderElection64] INFO  server.RaftServer$Division (RaftServerImpl.java:setRole(290)) - acf0e45f-1346-4d3d-b768-e886253cff70@group-76FB0BDDFE3B: changes role from CANDIDATE to FOLLOWER at term 6 for REJECTED
2022-04-28 13:47:45,336 [acf0e45f-1346-4d3d-b768-e886253cff70@group-76FB0BDDFE3B-LeaderElection64] INFO  impl.RoleInfo (RoleInfo.java:shutdownLeaderElection(121)) - acf0e45f-1346-4d3d-b768-e886253cff70: shutdown acf0e45f-1346-4d3d-b768-e886253cff70@group-76FB0BDDFE3B-LeaderElection64
2022-04-28 13:47:45,336 [acf0e45f-1346-4d3d-b768-e886253cff70@group-76FB0BDDFE3B-LeaderElection64] INFO  impl.RoleInfo (RoleInfo.java:updateAndGet(130)) - acf0e45f-1346-4d3d-b768-e886253cff70: start acf0e45f-1346-4d3d-b768-e886253cff70@group-76FB0BDDFE3B-FollowerState
2022-04-28 13:47:49,086 [Thread-1079] INFO  client.GrpcClientProtocolService (GrpcClientProtocolService.java:lambda$processClientRequest$0(280)) - Failed RaftClientRequest:client-FBB2A6B7F615->acf0e45f-1346-4d3d-b768-e886253cff70@group-9C327277336C, cid=33, seq=0, Watch-MAJORITY_COMMITTED(104), Message:<EMPTY>, reply=RaftClientReply:client-FBB2A6B7F615->acf0e45f-1346-4d3d-b768-e886253cff70@group-9C327277336C, cid=33, FAILED org.apache.ratis.protocol.exceptions.NotLeaderException: Server acf0e45f-1346-4d3d-b768-e886253cff70@group-9C327277336C is not the leader, logIndex=0, commits[acf0e45f-1346-4d3d-b768-e886253cff70:c9, d6fcb396-7a9b-4335-ba57-70371e8b2173:c7, 12f93519-ceed-46ee-9151-25937782214d:c8]
2022-04-28 13:47:49,117 [Listener at 127.0.0.1/39257] WARN  storage.CommitWatcher (CommitWatcher.java:getIOExceptionForWatchForCommit(218)) - watchForCommit failed for index 104
java.util.concurrent.ExecutionException: org.apache.ratis.protocol.exceptions.RaftRetryFailureException: Failed RaftClientRequest:client-FBB2A6B7F615->acf0e45f-1346-4d3d-b768-e886253cff70@group-9C327277336C, cid=33, seq=0, Watch-MAJORITY_COMMITTED(104), null for 3 attempts with RequestTypeDependentRetryPolicy{WRITE->org.apache.ratis.retry.ExceptionDependentRetry@4a8faa6c, WATCH->org.apache.ratis.retry.ExceptionDependentRetry@44485d4d}
	at java.util.concurrent.CompletableFuture.reportGet(CompletableFuture.java:357)
	at java.util.concurrent.CompletableFuture.get(CompletableFuture.java:1908)
	at org.apache.hadoop.hdds.scm.XceiverClientRatis.watchForCommit(XceiverClientRatis.java:272)
	at org.apache.hadoop.hdds.scm.storage.CommitWatcher.watchForCommit(CommitWatcher.java:199)
	at org.apache.hadoop.ozone.client.rpc.TestCommitWatcher.testReleaseBuffersOnException(TestCommitWatcher.java:315)
	at sun.reflect.NativeMethodAccessorImpl.invoke0(Native Method)
	at sun.reflect.NativeMethodAccessorImpl.invoke(NativeMethodAccessorImpl.java:62)
	at sun.reflect.DelegatingMethodAccessorImpl.invoke(DelegatingMethodAccessorImpl.java:43)
	at java.lang.reflect.Method.invoke(Method.java:498)
	at org.junit.runners.model.FrameworkMethod$1.runReflectiveCall(FrameworkMethod.java:59)
	at org.junit.internal.runners.model.ReflectiveCallable.run(ReflectiveCallable.java:12)
	at org.junit.runners.model.FrameworkMethod.invokeExplosively(FrameworkMethod.java:56)
	at org.junit.internal.runners.statements.InvokeMethod.evaluate(InvokeMethod.java:17)
	at org.junit.internal.runners.statements.RunBefores.evaluate(RunBefores.java:26)
	at org.junit.internal.runners.statements.RunAfters.evaluate(RunAfters.java:27)
	at org.junit.internal.runners.statements.FailOnTimeout$CallableStatement.call(FailOnTimeout.java:288)
	at org.junit.internal.runners.statements.FailOnTimeout$CallableStatement.call(FailOnTimeout.java:282)
	at java.util.concurrent.FutureTask.run(FutureTask.java:266)
	at java.lang.Thread.run(Thread.java:750)
Caused by: org.apache.ratis.protocol.exceptions.RaftRetryFailureException: Failed RaftClientRequest:client-FBB2A6B7F615->acf0e45f-1346-4d3d-b768-e886253cff70@group-9C327277336C, cid=33, seq=0, Watch-MAJORITY_COMMITTED(104), null for 3 attempts with RequestTypeDependentRetryPolicy{WRITE->org.apache.ratis.retry.ExceptionDependentRetry@4a8faa6c, WATCH->org.apache.ratis.retry.ExceptionDependentRetry@44485d4d}
	at org.apache.ratis.client.impl.RaftClientImpl.noMoreRetries(RaftClientImpl.java:272)
	at org.apache.ratis.client.impl.UnorderedAsync.lambda$sendRequestWithRetry$4(UnorderedAsync.java:95)
	at java.util.concurrent.CompletableFuture.uniWhenComplete(CompletableFuture.java:774)
	at java.util.concurrent.CompletableFuture$UniWhenComplete.tryFire(CompletableFuture.java:750)
	at java.util.concurrent.CompletableFuture$Completion.run(CompletableFuture.java:456)
	... 1 more
Caused by: org.apache.ratis.protocol.exceptions.NotLeaderException: Server acf0e45f-1346-4d3d-b768-e886253cff70@group-9C327277336C is not the leader
	at org.apache.ratis.client.impl.ClientProtoUtils.toRaftClientReply(ClientProtoUtils.java:378)
	at org.apache.ratis.grpc.client.GrpcClientProtocolClient$AsyncStreamObservers$1.onNext(GrpcClientProtocolClient.java:305)
	at org.apache.ratis.grpc.client.GrpcClientProtocolClient$AsyncStreamObservers$1.onNext(GrpcClientProtocolClient.java:300)
	at org.apache.ratis.thirdparty.io.grpc.stub.ClientCalls$StreamObserverToCallListenerAdapter.onMessage(ClientCalls.java:465)
	at org.apache.ratis.thirdparty.io.grpc.ForwardingClientCallListener.onMessage(ForwardingClientCallListener.java:33)
	at org.apache.ratis.thirdparty.io.grpc.internal.DelayedClientCall$DelayedListener.onMessage(DelayedClientCall.java:447)
	at org.apache.ratis.thirdparty.io.grpc.internal.ClientCallImpl$ClientStreamListenerImpl$1MessagesAvailable.runInternal(ClientCallImpl.java:715)
	at org.apache.ratis.thirdparty.io.grpc.internal.ClientCallImpl$ClientStreamListenerImpl$1MessagesAvailable.runInContext(ClientCallImpl.java:700)
	at org.apache.ratis.thirdparty.io.grpc.internal.ContextRunnable.run(ContextRunnable.java:37)
	at org.apache.ratis.thirdparty.io.grpc.internal.SerializingExecutor.run(SerializingExecutor.java:123)
	at java.util.concurrent.ThreadPoolExecutor.runWorker(ThreadPoolExecutor.java:1149)
	at java.util.concurrent.ThreadPoolExecutor$Worker.run(ThreadPoolExecutor.java:624)
	... 1 more
2022-04-28 13:47:49,131 [Listener at 127.0.0.1/39257] INFO  ozone.MiniOzoneClusterImpl (MiniOzoneClusterImpl.java:shutdown(456)) - Shutting down the Mini Ozone Cluster
2022-04-28 13:47:49,131 [Listener at 127.0.0.1/39257] INFO  ozone.MiniOzoneClusterImpl (MiniOzoneClusterImpl.java:stop(471)) - Stopping the Mini Ozone Cluster
2022-04-28 13:47:49,131 [Listener at 127.0.0.1/39257] INFO  ozone.MiniOzoneClusterImpl (MiniOzoneClusterImpl.java:stopOM(553)) - Stopping the OzoneManager
2022-04-28 13:47:49,131 [Listener at 127.0.0.1/39257] INFO  om.OzoneManager (OzoneManager.java:stop(1947)) - om1[localhost:0]: Stopping Ozone Manager
2022-04-28 13:47:49,131 [Listener at 127.0.0.1/39257] INFO  ipc.Server (Server.java:stop(3414)) - Stopping server on 39257
2022-04-28 13:47:49,138 [IPC Server listener on 0] INFO  ipc.Server (Server.java:run(1376)) - Stopping IPC Server listener on 0
2022-04-28 13:47:49,152 [IPC Server Responder] INFO  ipc.Server (Server.java:run(1512)) - Stopping IPC Server Responder
2022-04-28 13:47:49,152 [Listener at 127.0.0.1/39257] INFO  server.RaftServer (RaftServerProxy.java:lambda$close$6(391)) - om1: close
2022-04-28 13:47:49,152 [Listener at 127.0.0.1/39257] INFO  server.RaftServer$Division (RaftServerImpl.java:lambda$close$4(412)) - om1@group-C5BA1605619E: shutdown
2022-04-28 13:47:49,153 [Listener at 127.0.0.1/39257] INFO  util.JmxRegister (JmxRegister.java:unregister(73)) - Successfully un-registered JMX Bean with object name Ratis:service=RaftServer,group=group-C5BA1605619E,id=om1
2022-04-28 13:47:49,153 [Listener at 127.0.0.1/39257] INFO  impl.RoleInfo (RoleInfo.java:shutdownLeaderState(91)) - om1: shutdown om1@group-C5BA1605619E-LeaderStateImpl
2022-04-28 13:47:49,153 [Listener at 127.0.0.1/39257] INFO  impl.PendingRequests (PendingRequests.java:sendNotLeaderResponses(282)) - om1@group-C5BA1605619E-PendingRequests: sendNotLeaderResponses
2022-04-28 13:47:49,156 [Listener at 127.0.0.1/39257] INFO  impl.StateMachineUpdater (StateMachineUpdater.java:stopAndJoin(149)) - om1@group-C5BA1605619E-StateMachineUpdater: set stopIndex = 4
2022-04-28 13:47:49,156 [om1@group-C5BA1605619E-StateMachineUpdater] INFO  ratis.OzoneManagerStateMachine (OzoneManagerStateMachine.java:takeSnapshot(426)) - Current Snapshot Index (t:1, i:4)
2022-04-28 13:47:49,157 [om1@group-C5BA1605619E-StateMachineUpdater] INFO  impl.StateMachineUpdater (StateMachineUpdater.java:takeSnapshot(281)) - om1@group-C5BA1605619E-StateMachineUpdater: Took a snapshot at index 4
2022-04-28 13:47:49,157 [om1@group-C5BA1605619E-StateMachineUpdater] INFO  impl.StateMachineUpdater (StateMachineUpdater.java:lambda$new$0(89)) - om1@group-C5BA1605619E-StateMachineUpdater: snapshotIndex: updateIncreasingly -1 -> 4
2022-04-28 13:47:49,157 [om1@group-C5BA1605619E-StateMachineUpdater] INFO  ratis.OzoneManagerStateMachine (OzoneManagerStateMachine.java:close(480)) - StateMachine has shutdown. Shutdown OzoneManager if not already shutdown.
2022-04-28 13:47:49,157 [om1@group-C5BA1605619E-StateMachineUpdater] INFO  ratis.OzoneManagerDoubleBuffer (OzoneManagerDoubleBuffer.java:stop(466)) - Stopping OMDoubleBuffer flush thread
2022-04-28 13:47:49,157 [OMDoubleBufferFlushThread] INFO  ratis.OzoneManagerDoubleBuffer (OzoneManagerDoubleBuffer.java:flushTransactions(385)) - OMDoubleBuffer flush thread OMDoubleBufferFlushThread is interrupted and will exit. OMDoubleBufferFlushThread
2022-04-28 13:47:49,158 [Listener at 127.0.0.1/39257] INFO  server.RaftServer$Division (ServerState.java:close(419)) - om1@group-C5BA1605619E: closes. applyIndex: 4
2022-04-28 13:47:49,159 [om1@group-C5BA1605619E-SegmentedRaftLogWorker] INFO  segmented.SegmentedRaftLogWorker (SegmentedRaftLogWorker.java:run(327)) - om1@group-C5BA1605619E-SegmentedRaftLogWorker was interrupted, exiting. There are 0 tasks remaining in the queue.
2022-04-28 13:47:49,160 [Listener at 127.0.0.1/39257] INFO  segmented.SegmentedRaftLogWorker (SegmentedRaftLogWorker.java:close(237)) - om1@group-C5BA1605619E-SegmentedRaftLogWorker close()
2022-04-28 13:47:49,186 [Listener at 127.0.0.1/39257] INFO  server.GrpcService (GrpcService.java:closeImpl(262)) - om1: shutdown server with port 9872 now
2022-04-28 13:47:49,187 [Listener at 127.0.0.1/39257] INFO  server.GrpcService (GrpcService.java:closeImpl(271)) - om1: shutdown server with port 9872 successfully
2022-04-28 13:47:49,187 [org.apache.ratis.util.JvmPauseMonitor$$Lambda$468/1104361616@6d549f6b] INFO  util.JvmPauseMonitor (JvmPauseMonitor.java:run(109)) - JvmPauseMonitor-om1: Stopped
2022-04-28 13:47:49,187 [Listener at 127.0.0.1/39257] INFO  ratis.OzoneManagerStateMachine (OzoneManagerStateMachine.java:close(480)) - StateMachine has shutdown. Shutdown OzoneManager if not already shutdown.
2022-04-28 13:47:49,187 [Listener at 127.0.0.1/39257] INFO  ratis.OzoneManagerDoubleBuffer (OzoneManagerDoubleBuffer.java:stop(478)) - OMDoubleBuffer flush thread is not running.
2022-04-28 13:47:49,187 [Listener at 127.0.0.1/39257] INFO  utils.BackgroundService (BackgroundService.java:shutdown(132)) - Shutting down service KeyDeletingService
2022-04-28 13:47:49,188 [Listener at 127.0.0.1/39257] INFO  utils.BackgroundService (BackgroundService.java:shutdown(132)) - Shutting down service DirectoryDeletingService
2022-04-28 13:47:49,188 [Listener at 127.0.0.1/39257] INFO  handler.ContextHandler (ContextHandler.java:doStop(1153)) - Stopped o.e.j.w.WebAppContext@db64107{ozoneManager,/,null,STOPPED}{file:/home/runner/work/ozone/ozone/hadoop-ozone/integration-test/target/test-classes/webapps/ozoneManager}
2022-04-28 13:47:49,189 [Listener at 127.0.0.1/39257] INFO  server.AbstractConnector (AbstractConnector.java:doStop(381)) - Stopped ServerConnector@207b211d{HTTP/1.1, (http/1.1)}{0.0.0.0:0}
2022-04-28 13:47:49,189 [Listener at 127.0.0.1/39257] INFO  server.session (HouseKeeper.java:stopScavenging(149)) - node0 Stopped scavenging
2022-04-28 13:47:49,189 [Listener at 127.0.0.1/39257] INFO  handler.ContextHandler (ContextHandler.java:doStop(1153)) - Stopped o.e.j.s.ServletContextHandler@7a8c9165{static,/static,file:///home/runner/work/ozone/ozone/hadoop-ozone/integration-test/target/test-classes/webapps/static,STOPPED}
2022-04-28 13:47:49,189 [Listener at 127.0.0.1/39257] INFO  handler.ContextHandler (ContextHandler.java:doStop(1153)) - Stopped o.e.j.s.ServletContextHandler@5a66dd0f{logs,/logs,file:///home/runner/work/ozone/ozone/hadoop-ozone/integration-test/target/log,STOPPED}
2022-04-28 13:47:49,200 [Listener at 127.0.0.1/39257] INFO  ozone.MiniOzoneClusterImpl (MiniOzoneClusterImpl.java:stopDatanodes(530)) - Stopping the HddsDatanodes
2022-04-28 13:47:50,232 [acf0e45f-1346-4d3d-b768-e886253cff70@group-9C327277336C-FollowerState] INFO  impl.FollowerState (FollowerState.java:run(134)) - acf0e45f-1346-4d3d-b768-e886253cff70@group-9C327277336C-FollowerState: change to CANDIDATE, lastRpcElapsedTime:5116538464ns, electionTimeout:5116ms
2022-04-28 13:47:50,232 [acf0e45f-1346-4d3d-b768-e886253cff70@group-9C327277336C-FollowerState] INFO  impl.RoleInfo (RoleInfo.java:shutdownFollowerState(108)) - acf0e45f-1346-4d3d-b768-e886253cff70: shutdown acf0e45f-1346-4d3d-b768-e886253cff70@group-9C327277336C-FollowerState
2022-04-28 13:47:50,232 [acf0e45f-1346-4d3d-b768-e886253cff70@group-9C327277336C-FollowerState] INFO  server.RaftServer$Division (RaftServerImpl.java:setRole(290)) - acf0e45f-1346-4d3d-b768-e886253cff70@group-9C327277336C: changes role from  FOLLOWER to CANDIDATE at term 6 for changeToCandidate
2022-04-28 13:47:50,232 [acf0e45f-1346-4d3d-b768-e886253cff70@group-9C327277336C-FollowerState] INFO  server.RaftServerConfigKeys (ConfUtils.java:logGet(44)) - raft.server.leaderelection.pre-vote = false (custom)
2022-04-28 13:47:50,232 [acf0e45f-1346-4d3d-b768-e886253cff70@group-9C327277336C-FollowerState] INFO  impl.RoleInfo (RoleInfo.java:updateAndGet(130)) - acf0e45f-1346-4d3d-b768-e886253cff70: start acf0e45f-1346-4d3d-b768-e886253cff70@group-9C327277336C-LeaderElection65
2022-04-28 13:47:50,235 [acf0e45f-1346-4d3d-b768-e886253cff70@group-9C327277336C-LeaderElection65] INFO  impl.LeaderElection (LeaderElection.java:askForVotes(306)) - acf0e45f-1346-4d3d-b768-e886253cff70@group-9C327277336C-LeaderElection65 ELECTION round 0: submit vote requests at term 7 for 8: [acf0e45f-1346-4d3d-b768-e886253cff70|rpc:10.1.0.6:44375|dataStream:|priority:0, d6fcb396-7a9b-4335-ba57-70371e8b2173|rpc:10.1.0.6:43147|dataStream:|priority:1, 12f93519-ceed-46ee-9151-25937782214d|rpc:10.1.0.6:33231|dataStream:|priority:0], old=null
2022-04-28 13:47:50,246 [acf0e45f-1346-4d3d-b768-e886253cff70@group-9C327277336C-LeaderElection65] INFO  impl.LeaderElection (LogUtils.java:infoOrTrace(137)) - acf0e45f-1346-4d3d-b768-e886253cff70@group-9C327277336C-LeaderElection65 got exception when requesting votes: java.util.concurrent.ExecutionException: org.apache.ratis.thirdparty.io.grpc.StatusRuntimeException: UNAVAILABLE: io exception
2022-04-28 13:47:50,247 [acf0e45f-1346-4d3d-b768-e886253cff70@group-9C327277336C-LeaderElection65] INFO  impl.LeaderElection (LogUtils.java:infoOrTrace(137)) - acf0e45f-1346-4d3d-b768-e886253cff70@group-9C327277336C-LeaderElection65 got exception when requesting votes: java.util.concurrent.ExecutionException: org.apache.ratis.thirdparty.io.grpc.StatusRuntimeException: UNAVAILABLE: io exception
2022-04-28 13:47:50,247 [acf0e45f-1346-4d3d-b768-e886253cff70@group-9C327277336C-LeaderElection65] INFO  impl.LeaderElection (LeaderElection.java:logAndReturn(89)) - acf0e45f-1346-4d3d-b768-e886253cff70@group-9C327277336C-LeaderElection65: ELECTION REJECTED received 0 response(s) and 2 exception(s):
2022-04-28 13:47:50,247 [acf0e45f-1346-4d3d-b768-e886253cff70@group-9C327277336C-LeaderElection65] INFO  impl.LeaderElection (LogUtils.java:infoOrTrace(137)) -   Exception 0: java.util.concurrent.ExecutionException: org.apache.ratis.thirdparty.io.grpc.StatusRuntimeException: UNAVAILABLE: io exception
2022-04-28 13:47:50,247 [acf0e45f-1346-4d3d-b768-e886253cff70@group-9C327277336C-LeaderElection65] INFO  impl.LeaderElection (LogUtils.java:infoOrTrace(137)) -   Exception 1: java.util.concurrent.ExecutionException: org.apache.ratis.thirdparty.io.grpc.StatusRuntimeException: UNAVAILABLE: io exception
2022-04-28 13:47:50,247 [acf0e45f-1346-4d3d-b768-e886253cff70@group-9C327277336C-LeaderElection65] INFO  impl.LeaderElection (LeaderElection.java:askForVotes(308)) - acf0e45f-1346-4d3d-b768-e886253cff70@group-9C327277336C-LeaderElection65 ELECTION round 0: result REJECTED
2022-04-28 13:47:50,247 [acf0e45f-1346-4d3d-b768-e886253cff70@group-9C327277336C-LeaderElection65] INFO  server.RaftServer$Division (RaftServerImpl.java:setRole(290)) - acf0e45f-1346-4d3d-b768-e886253cff70@group-9C327277336C: changes role from CANDIDATE to FOLLOWER at term 7 for REJECTED
2022-04-28 13:47:50,247 [acf0e45f-1346-4d3d-b768-e886253cff70@group-9C327277336C-LeaderElection65] INFO  impl.RoleInfo (RoleInfo.java:shutdownLeaderElection(121)) - acf0e45f-1346-4d3d-b768-e886253cff70: shutdown acf0e45f-1346-4d3d-b768-e886253cff70@group-9C327277336C-LeaderElection65
2022-04-28 13:47:50,247 [acf0e45f-1346-4d3d-b768-e886253cff70@group-9C327277336C-LeaderElection65] INFO  impl.RoleInfo (RoleInfo.java:updateAndGet(130)) - acf0e45f-1346-4d3d-b768-e886253cff70: start acf0e45f-1346-4d3d-b768-e886253cff70@group-9C327277336C-FollowerState
2022-04-28 13:47:50,430 [acf0e45f-1346-4d3d-b768-e886253cff70@group-76FB0BDDFE3B-FollowerState] INFO  impl.FollowerState (FollowerState.java:run(134)) - acf0e45f-1346-4d3d-b768-e886253cff70@group-76FB0BDDFE3B-FollowerState: change to CANDIDATE, lastRpcElapsedTime:5094529398ns, electionTimeout:5094ms
2022-04-28 13:47:50,431 [acf0e45f-1346-4d3d-b768-e886253cff70@group-76FB0BDDFE3B-FollowerState] INFO  impl.RoleInfo (RoleInfo.java:shutdownFollowerState(108)) - acf0e45f-1346-4d3d-b768-e886253cff70: shutdown acf0e45f-1346-4d3d-b768-e886253cff70@group-76FB0BDDFE3B-FollowerState
2022-04-28 13:47:50,431 [acf0e45f-1346-4d3d-b768-e886253cff70@group-76FB0BDDFE3B-FollowerState] INFO  server.RaftServer$Division (RaftServerImpl.java:setRole(290)) - acf0e45f-1346-4d3d-b768-e886253cff70@group-76FB0BDDFE3B: changes role from  FOLLOWER to CANDIDATE at term 6 for changeToCandidate
2022-04-28 13:47:50,431 [acf0e45f-1346-4d3d-b768-e886253cff70@group-76FB0BDDFE3B-FollowerState] INFO  server.RaftServerConfigKeys (ConfUtils.java:logGet(44)) - raft.server.leaderelection.pre-vote = false (custom)
2022-04-28 13:47:50,431 [acf0e45f-1346-4d3d-b768-e886253cff70@group-76FB0BDDFE3B-FollowerState] INFO  impl.RoleInfo (RoleInfo.java:updateAndGet(130)) - acf0e45f-1346-4d3d-b768-e886253cff70: start acf0e45f-1346-4d3d-b768-e886253cff70@group-76FB0BDDFE3B-LeaderElection66
2022-04-28 13:47:50,446 [acf0e45f-1346-4d3d-b768-e886253cff70@group-76FB0BDDFE3B-LeaderElection66] INFO  impl.LeaderElection (LeaderElection.java:askForVotes(306)) - acf0e45f-1346-4d3d-b768-e886253cff70@group-76FB0BDDFE3B-LeaderElection66 ELECTION round 0: submit vote requests at term 7 for 0: [acf0e45f-1346-4d3d-b768-e886253cff70|rpc:10.1.0.6:44375|dataStream:|priority:1, d6fcb396-7a9b-4335-ba57-70371e8b2173|rpc:10.1.0.6:43147|dataStream:|priority:0, 12f93519-ceed-46ee-9151-25937782214d|rpc:10.1.0.6:33231|dataStream:|priority:0], old=null
2022-04-28 13:47:50,455 [acf0e45f-1346-4d3d-b768-e886253cff70@group-76FB0BDDFE3B-LeaderElection66] INFO  impl.LeaderElection (LogUtils.java:infoOrTrace(137)) - acf0e45f-1346-4d3d-b768-e886253cff70@group-76FB0BDDFE3B-LeaderElection66 got exception when requesting votes: java.util.concurrent.ExecutionException: org.apache.ratis.thirdparty.io.grpc.StatusRuntimeException: UNAVAILABLE: io exception
2022-04-28 13:47:50,457 [acf0e45f-1346-4d3d-b768-e886253cff70@group-76FB0BDDFE3B-LeaderElection66] INFO  impl.LeaderElection (LogUtils.java:infoOrTrace(137)) - acf0e45f-1346-4d3d-b768-e886253cff70@group-76FB0BDDFE3B-LeaderElection66 got exception when requesting votes: java.util.concurrent.ExecutionException: org.apache.ratis.thirdparty.io.grpc.StatusRuntimeException: UNAVAILABLE: io exception
2022-04-28 13:47:50,457 [acf0e45f-1346-4d3d-b768-e886253cff70@group-76FB0BDDFE3B-LeaderElection66] INFO  impl.LeaderElection (LeaderElection.java:logAndReturn(89)) - acf0e45f-1346-4d3d-b768-e886253cff70@group-76FB0BDDFE3B-LeaderElection66: ELECTION REJECTED received 0 response(s) and 2 exception(s):
2022-04-28 13:47:50,457 [acf0e45f-1346-4d3d-b768-e886253cff70@group-76FB0BDDFE3B-LeaderElection66] INFO  impl.LeaderElection (LogUtils.java:infoOrTrace(137)) -   Exception 0: java.util.concurrent.ExecutionException: org.apache.ratis.thirdparty.io.grpc.StatusRuntimeException: UNAVAILABLE: io exception
2022-04-28 13:47:50,457 [acf0e45f-1346-4d3d-b768-e886253cff70@group-76FB0BDDFE3B-LeaderElection66] INFO  impl.LeaderElection (LogUtils.java:infoOrTrace(137)) -   Exception 1: java.util.concurrent.ExecutionException: org.apache.ratis.thirdparty.io.grpc.StatusRuntimeException: UNAVAILABLE: io exception
2022-04-28 13:47:50,457 [acf0e45f-1346-4d3d-b768-e886253cff70@group-76FB0BDDFE3B-LeaderElection66] INFO  impl.LeaderElection (LeaderElection.java:askForVotes(308)) - acf0e45f-1346-4d3d-b768-e886253cff70@group-76FB0BDDFE3B-LeaderElection66 ELECTION round 0: result REJECTED
2022-04-28 13:47:50,457 [acf0e45f-1346-4d3d-b768-e886253cff70@group-76FB0BDDFE3B-LeaderElection66] INFO  server.RaftServer$Division (RaftServerImpl.java:setRole(290)) - acf0e45f-1346-4d3d-b768-e886253cff70@group-76FB0BDDFE3B: changes role from CANDIDATE to FOLLOWER at term 7 for REJECTED
2022-04-28 13:47:50,457 [acf0e45f-1346-4d3d-b768-e886253cff70@group-76FB0BDDFE3B-LeaderElection66] INFO  impl.RoleInfo (RoleInfo.java:shutdownLeaderElection(121)) - acf0e45f-1346-4d3d-b768-e886253cff70: shutdown acf0e45f-1346-4d3d-b768-e886253cff70@group-76FB0BDDFE3B-LeaderElection66
2022-04-28 13:47:50,458 [acf0e45f-1346-4d3d-b768-e886253cff70@group-76FB0BDDFE3B-LeaderElection66] INFO  impl.RoleInfo (RoleInfo.java:updateAndGet(130)) - acf0e45f-1346-4d3d-b768-e886253cff70: start acf0e45f-1346-4d3d-b768-e886253cff70@group-76FB0BDDFE3B-FollowerState
2022-04-28 13:47:54,202 [Listener at 127.0.0.1/39257] INFO  ozoneimpl.OzoneContainer (OzoneContainer.java:stop(356)) - Attempting to stop container services.
2022-04-28 13:47:54,202 [ForkJoinPool.commonPool-worker-1] INFO  ozoneimpl.OzoneContainer (OzoneContainer.java:stop(356)) - Attempting to stop container services.
2022-04-28 13:47:54,203 [ForkJoinPool.commonPool-worker-1] INFO  server.RaftServer (RaftServerProxy.java:lambda$close$6(391)) - acf0e45f-1346-4d3d-b768-e886253cff70: close
2022-04-28 13:47:54,203 [ForkJoinPool.commonPool-worker-1] INFO  server.RaftServer$Division (RaftServerImpl.java:lambda$close$4(412)) - acf0e45f-1346-4d3d-b768-e886253cff70@group-76FB0BDDFE3B: shutdown
2022-04-28 13:47:54,203 [ForkJoinPool.commonPool-worker-1] INFO  util.JmxRegister (JmxRegister.java:unregister(73)) - Successfully un-registered JMX Bean with object name Ratis:service=RaftServer,group=group-76FB0BDDFE3B,id=acf0e45f-1346-4d3d-b768-e886253cff70
2022-04-28 13:47:54,203 [ForkJoinPool.commonPool-worker-1] INFO  impl.RoleInfo (RoleInfo.java:shutdownFollowerState(108)) - acf0e45f-1346-4d3d-b768-e886253cff70: shutdown acf0e45f-1346-4d3d-b768-e886253cff70@group-76FB0BDDFE3B-FollowerState
2022-04-28 13:47:54,203 [ForkJoinPool.commonPool-worker-1] INFO  impl.StateMachineUpdater (StateMachineUpdater.java:stopAndJoin(149)) - acf0e45f-1346-4d3d-b768-e886253cff70@group-76FB0BDDFE3B-StateMachineUpdater: set stopIndex = 0
2022-04-28 13:47:54,203 [acf0e45f-1346-4d3d-b768-e886253cff70@group-76FB0BDDFE3B-FollowerState] INFO  impl.FollowerState (FollowerState.java:run(143)) - acf0e45f-1346-4d3d-b768-e886253cff70@group-76FB0BDDFE3B-FollowerState was interrupted: {}
java.lang.InterruptedException: sleep interrupted
	at java.lang.Thread.sleep(Native Method)
	at java.lang.Thread.sleep(Thread.java:342)
	at java.util.concurrent.TimeUnit.sleep(TimeUnit.java:386)
	at org.apache.ratis.util.TimeDuration.sleep(TimeDuration.java:324)
	at org.apache.ratis.util.TimeDuration.sleep(TimeDuration.java:309)
	at org.apache.ratis.server.impl.FollowerState.run(FollowerState.java:118)
2022-04-28 13:47:54,203 [acf0e45f-1346-4d3d-b768-e886253cff70@group-76FB0BDDFE3B-StateMachineUpdater] INFO  ratis.ContainerStateMachine (ContainerStateMachine.java:takeSnapshot(304)) - group-76FB0BDDFE3B: Taking a snapshot at:(t:2, i:0) file /home/runner/work/ozone/ozone/hadoop-ozone/integration-test/target/test-dir/MiniOzoneClusterImpl-b83af172-7a36-4ee1-b1b1-9a7292f569f3/datanode-2/data/ratis/3eee3059-b617-470b-85e6-76fb0bddfe3b/sm/snapshot.2_0
2022-04-28 13:47:54,204 [acf0e45f-1346-4d3d-b768-e886253cff70@group-76FB0BDDFE3B-StateMachineUpdater] INFO  ratis.ContainerStateMachine (ContainerStateMachine.java:takeSnapshot(315)) - group-76FB0BDDFE3B: Finished taking a snapshot at:(t:2, i:0) file:/home/runner/work/ozone/ozone/hadoop-ozone/integration-test/target/test-dir/MiniOzoneClusterImpl-b83af172-7a36-4ee1-b1b1-9a7292f569f3/datanode-2/data/ratis/3eee3059-b617-470b-85e6-76fb0bddfe3b/sm/snapshot.2_0 took: 1 ms
2022-04-28 13:47:54,204 [acf0e45f-1346-4d3d-b768-e886253cff70@group-76FB0BDDFE3B-StateMachineUpdater] INFO  impl.StateMachineUpdater (StateMachineUpdater.java:takeSnapshot(281)) - acf0e45f-1346-4d3d-b768-e886253cff70@group-76FB0BDDFE3B-StateMachineUpdater: Took a snapshot at index 0
2022-04-28 13:47:54,204 [acf0e45f-1346-4d3d-b768-e886253cff70@group-76FB0BDDFE3B-StateMachineUpdater] INFO  impl.StateMachineUpdater (StateMachineUpdater.java:lambda$new$0(89)) - acf0e45f-1346-4d3d-b768-e886253cff70@group-76FB0BDDFE3B-StateMachineUpdater: snapshotIndex: updateIncreasingly -1 -> 0
2022-04-28 13:47:54,205 [Listener at 127.0.0.1/39257] INFO  server.RaftServer (RaftServerProxy.java:lambda$close$6(391)) - 5b824b54-a886-40a6-8fd7-e73a2bee4a5c: close
2022-04-28 13:47:54,205 [Listener at 127.0.0.1/39257] INFO  server.RaftServer$Division (RaftServerImpl.java:lambda$close$4(412)) - 5b824b54-a886-40a6-8fd7-e73a2bee4a5c@group-B4C1D7519224: shutdown
2022-04-28 13:47:54,205 [Listener at 127.0.0.1/39257] INFO  util.JmxRegister (JmxRegister.java:unregister(73)) - Successfully un-registered JMX Bean with object name Ratis:service=RaftServer,group=group-B4C1D7519224,id=5b824b54-a886-40a6-8fd7-e73a2bee4a5c
2022-04-28 13:47:54,205 [Listener at 127.0.0.1/39257] INFO  impl.RoleInfo (RoleInfo.java:shutdownLeaderState(91)) - 5b824b54-a886-40a6-8fd7-e73a2bee4a5c: shutdown 5b824b54-a886-40a6-8fd7-e73a2bee4a5c@group-B4C1D7519224-LeaderStateImpl
2022-04-28 13:47:54,205 [5b824b54-a886-40a6-8fd7-e73a2bee4a5c@group-B4C1D7519224->3eb0204c-99db-4ec7-9985-35999c30dd35-GrpcLogAppender-LogAppenderDaemon] WARN  server.GrpcLogAppender (GrpcLogAppender.java:mayWait(177)) - 5b824b54-a886-40a6-8fd7-e73a2bee4a5c@group-B4C1D7519224->3eb0204c-99db-4ec7-9985-35999c30dd35-GrpcLogAppender: Wait interrupted by java.lang.InterruptedException
2022-04-28 13:47:54,205 [5b824b54-a886-40a6-8fd7-e73a2bee4a5c@group-B4C1D7519224->0f8914ae-8a7a-42c5-8d1b-d8caec49e59b-GrpcLogAppender-LogAppenderDaemon] WARN  server.GrpcLogAppender (GrpcLogAppender.java:mayWait(177)) - 5b824b54-a886-40a6-8fd7-e73a2bee4a5c@group-B4C1D7519224->0f8914ae-8a7a-42c5-8d1b-d8caec49e59b-GrpcLogAppender: Wait interrupted by java.lang.InterruptedException
2022-04-28 13:47:54,206 [grpc-default-executor-2] INFO  server.GrpcServerProtocolService (GrpcServerProtocolService.java:onCompleted(140)) - 3eb0204c-99db-4ec7-9985-35999c30dd35: Completed APPEND_ENTRIES, lastRequest: 5b824b54-a886-40a6-8fd7-e73a2bee4a5c->3eb0204c-99db-4ec7-9985-35999c30dd35#1-t1,previous=(t:0, i:0),leaderCommit=-1,initializing? true,entries: size=1, first=(t:1, i:0), CONFIGURATIONENTRY
2022-04-28 13:47:54,207 [grpc-default-executor-4] INFO  server.GrpcLogAppender (GrpcLogAppender.java:onCompleted(346)) - 5b824b54-a886-40a6-8fd7-e73a2bee4a5c@group-B4C1D7519224->3eb0204c-99db-4ec7-9985-35999c30dd35-AppendLogResponseHandler: follower responses appendEntries COMPLETED
2022-04-28 13:47:54,207 [grpc-default-executor-4] INFO  leader.FollowerInfo (FollowerInfoImpl.java:lambda$new$0(47)) - 5b824b54-a886-40a6-8fd7-e73a2bee4a5c@group-B4C1D7519224->3eb0204c-99db-4ec7-9985-35999c30dd35: nextIndex: updateUnconditionally 1 -> 0
2022-04-28 13:47:54,207 [grpc-default-executor-5] INFO  server.GrpcServerProtocolService (GrpcServerProtocolService.java:onCompleted(140)) - 0f8914ae-8a7a-42c5-8d1b-d8caec49e59b: Completed APPEND_ENTRIES, lastRequest: 5b824b54-a886-40a6-8fd7-e73a2bee4a5c->0f8914ae-8a7a-42c5-8d1b-d8caec49e59b#1-t1,previous=(t:0, i:0),leaderCommit=-1,initializing? true,entries: size=1, first=(t:1, i:0), CONFIGURATIONENTRY
2022-04-28 13:47:54,208 [ForkJoinPool.commonPool-worker-1] INFO  server.RaftServer$Division (ServerState.java:close(419)) - acf0e45f-1346-4d3d-b768-e886253cff70@group-76FB0BDDFE3B: closes. applyIndex: 0
2022-04-28 13:47:54,208 [acf0e45f-1346-4d3d-b768-e886253cff70@group-76FB0BDDFE3B-SegmentedRaftLogWorker] INFO  segmented.SegmentedRaftLogWorker (SegmentedRaftLogWorker.java:run(327)) - acf0e45f-1346-4d3d-b768-e886253cff70@group-76FB0BDDFE3B-SegmentedRaftLogWorker was interrupted, exiting. There are 0 tasks remaining in the queue.
2022-04-28 13:47:54,208 [grpc-default-executor-5] INFO  server.GrpcLogAppender (GrpcLogAppender.java:onCompleted(346)) - 5b824b54-a886-40a6-8fd7-e73a2bee4a5c@group-B4C1D7519224->0f8914ae-8a7a-42c5-8d1b-d8caec49e59b-AppendLogResponseHandler: follower responses appendEntries COMPLETED
2022-04-28 13:47:54,208 [grpc-default-executor-5] INFO  leader.FollowerInfo (FollowerInfoImpl.java:lambda$new$0(47)) - 5b824b54-a886-40a6-8fd7-e73a2bee4a5c@group-B4C1D7519224->0f8914ae-8a7a-42c5-8d1b-d8caec49e59b: nextIndex: updateUnconditionally 1 -> 0
2022-04-28 13:47:54,205 [Listener at 127.0.0.1/39257] INFO  impl.PendingRequests (PendingRequests.java:sendNotLeaderResponses(282)) - 5b824b54-a886-40a6-8fd7-e73a2bee4a5c@group-B4C1D7519224-PendingRequests: sendNotLeaderResponses
2022-04-28 13:47:54,212 [ForkJoinPool.commonPool-worker-1] INFO  segmented.SegmentedRaftLogWorker (SegmentedRaftLogWorker.java:close(237)) - acf0e45f-1346-4d3d-b768-e886253cff70@group-76FB0BDDFE3B-SegmentedRaftLogWorker close()
2022-04-28 13:47:54,218 [Listener at 127.0.0.1/39257] INFO  impl.StateMachineUpdater (StateMachineUpdater.java:stopAndJoin(149)) - 5b824b54-a886-40a6-8fd7-e73a2bee4a5c@group-B4C1D7519224-StateMachineUpdater: set stopIndex = 0
2022-04-28 13:47:54,219 [5b824b54-a886-40a6-8fd7-e73a2bee4a5c@group-B4C1D7519224-StateMachineUpdater] INFO  ratis.ContainerStateMachine (ContainerStateMachine.java:takeSnapshot(304)) - group-B4C1D7519224: Taking a snapshot at:(t:1, i:0) file /home/runner/work/ozone/ozone/hadoop-ozone/integration-test/target/test-dir/MiniOzoneClusterImpl-b83af172-7a36-4ee1-b1b1-9a7292f569f3/datanode-4/data/ratis/08c748e3-9f82-4401-ae68-b4c1d7519224/sm/snapshot.1_0
2022-04-28 13:47:54,220 [5b824b54-a886-40a6-8fd7-e73a2bee4a5c@group-B4C1D7519224-StateMachineUpdater] INFO  ratis.ContainerStateMachine (ContainerStateMachine.java:takeSnapshot(315)) - group-B4C1D7519224: Finished taking a snapshot at:(t:1, i:0) file:/home/runner/work/ozone/ozone/hadoop-ozone/integration-test/target/test-dir/MiniOzoneClusterImpl-b83af172-7a36-4ee1-b1b1-9a7292f569f3/datanode-4/data/ratis/08c748e3-9f82-4401-ae68-b4c1d7519224/sm/snapshot.1_0 took: 2 ms
2022-04-28 13:47:54,220 [ForkJoinPool.commonPool-worker-1] INFO  server.RaftServer$Division (RaftServerImpl.java:lambda$close$4(412)) - acf0e45f-1346-4d3d-b768-e886253cff70@group-CED546A0179B: shutdown
2022-04-28 13:47:54,220 [5b824b54-a886-40a6-8fd7-e73a2bee4a5c@group-B4C1D7519224-StateMachineUpdater] INFO  impl.StateMachineUpdater (StateMachineUpdater.java:takeSnapshot(281)) - 5b824b54-a886-40a6-8fd7-e73a2bee4a5c@group-B4C1D7519224-StateMachineUpdater: Took a snapshot at index 0
2022-04-28 13:47:54,220 [ForkJoinPool.commonPool-worker-1] INFO  util.JmxRegister (JmxRegister.java:unregister(73)) - Successfully un-registered JMX Bean with object name Ratis:service=RaftServer,group=group-CED546A0179B,id=acf0e45f-1346-4d3d-b768-e886253cff70
2022-04-28 13:47:54,220 [ForkJoinPool.commonPool-worker-1] INFO  impl.RoleInfo (RoleInfo.java:shutdownLeaderState(91)) - acf0e45f-1346-4d3d-b768-e886253cff70: shutdown acf0e45f-1346-4d3d-b768-e886253cff70@group-CED546A0179B-LeaderStateImpl
2022-04-28 13:47:54,220 [ForkJoinPool.commonPool-worker-1] INFO  impl.PendingRequests (PendingRequests.java:sendNotLeaderResponses(282)) - acf0e45f-1346-4d3d-b768-e886253cff70@group-CED546A0179B-PendingRequests: sendNotLeaderResponses
2022-04-28 13:47:54,221 [ForkJoinPool.commonPool-worker-1] INFO  impl.StateMachineUpdater (StateMachineUpdater.java:stopAndJoin(149)) - acf0e45f-1346-4d3d-b768-e886253cff70@group-CED546A0179B-StateMachineUpdater: set stopIndex = 0
2022-04-28 13:47:54,221 [acf0e45f-1346-4d3d-b768-e886253cff70@group-CED546A0179B-StateMachineUpdater] INFO  ratis.ContainerStateMachine (ContainerStateMachine.java:takeSnapshot(304)) - group-CED546A0179B: Taking a snapshot at:(t:1, i:0) file /home/runner/work/ozone/ozone/hadoop-ozone/integration-test/target/test-dir/MiniOzoneClusterImpl-b83af172-7a36-4ee1-b1b1-9a7292f569f3/datanode-2/data/ratis/3bf4c614-eea4-48f0-9eeb-ced546a0179b/sm/snapshot.1_0
2022-04-28 13:47:54,220 [5b824b54-a886-40a6-8fd7-e73a2bee4a5c@group-B4C1D7519224-StateMachineUpdater] INFO  impl.StateMachineUpdater (StateMachineUpdater.java:lambda$new$0(89)) - 5b824b54-a886-40a6-8fd7-e73a2bee4a5c@group-B4C1D7519224-StateMachineUpdater: snapshotIndex: updateIncreasingly -1 -> 0
2022-04-28 13:47:54,222 [acf0e45f-1346-4d3d-b768-e886253cff70@group-CED546A0179B-StateMachineUpdater] INFO  ratis.ContainerStateMachine (ContainerStateMachine.java:takeSnapshot(315)) - group-CED546A0179B: Finished taking a snapshot at:(t:1, i:0) file:/home/runner/work/ozone/ozone/hadoop-ozone/integration-test/target/test-dir/MiniOzoneClusterImpl-b83af172-7a36-4ee1-b1b1-9a7292f569f3/datanode-2/data/ratis/3bf4c614-eea4-48f0-9eeb-ced546a0179b/sm/snapshot.1_0 took: 1 ms
2022-04-28 13:47:54,222 [acf0e45f-1346-4d3d-b768-e886253cff70@group-CED546A0179B-StateMachineUpdater] INFO  impl.StateMachineUpdater (StateMachineUpdater.java:takeSnapshot(281)) - acf0e45f-1346-4d3d-b768-e886253cff70@group-CED546A0179B-StateMachineUpdater: Took a snapshot at index 0
2022-04-28 13:47:54,222 [acf0e45f-1346-4d3d-b768-e886253cff70@group-CED546A0179B-StateMachineUpdater] INFO  impl.StateMachineUpdater (StateMachineUpdater.java:lambda$new$0(89)) - acf0e45f-1346-4d3d-b768-e886253cff70@group-CED546A0179B-StateMachineUpdater: snapshotIndex: updateIncreasingly -1 -> 0
2022-04-28 13:47:54,225 [ForkJoinPool.commonPool-worker-1] INFO  server.RaftServer$Division (ServerState.java:close(419)) - acf0e45f-1346-4d3d-b768-e886253cff70@group-CED546A0179B: closes. applyIndex: 0
2022-04-28 13:47:54,225 [acf0e45f-1346-4d3d-b768-e886253cff70@group-CED546A0179B-SegmentedRaftLogWorker] INFO  segmented.SegmentedRaftLogWorker (SegmentedRaftLogWorker.java:run(327)) - acf0e45f-1346-4d3d-b768-e886253cff70@group-CED546A0179B-SegmentedRaftLogWorker was interrupted, exiting. There are 0 tasks remaining in the queue.
2022-04-28 13:47:54,227 [ForkJoinPool.commonPool-worker-1] INFO  segmented.SegmentedRaftLogWorker (SegmentedRaftLogWorker.java:close(237)) - acf0e45f-1346-4d3d-b768-e886253cff70@group-CED546A0179B-SegmentedRaftLogWorker close()
2022-04-28 13:47:54,227 [ForkJoinPool.commonPool-worker-1] INFO  server.RaftServer$Division (RaftServerImpl.java:lambda$close$4(412)) - acf0e45f-1346-4d3d-b768-e886253cff70@group-9C327277336C: shutdown
2022-04-28 13:47:54,228 [ForkJoinPool.commonPool-worker-1] INFO  util.JmxRegister (JmxRegister.java:unregister(73)) - Successfully un-registered JMX Bean with object name Ratis:service=RaftServer,group=group-9C327277336C,id=acf0e45f-1346-4d3d-b768-e886253cff70
2022-04-28 13:47:54,228 [ForkJoinPool.commonPool-worker-1] INFO  impl.RoleInfo (RoleInfo.java:shutdownFollowerState(108)) - acf0e45f-1346-4d3d-b768-e886253cff70: shutdown acf0e45f-1346-4d3d-b768-e886253cff70@group-9C327277336C-FollowerState
2022-04-28 13:47:54,228 [acf0e45f-1346-4d3d-b768-e886253cff70@group-9C327277336C-FollowerState] INFO  impl.FollowerState (FollowerState.java:run(143)) - acf0e45f-1346-4d3d-b768-e886253cff70@group-9C327277336C-FollowerState was interrupted: {}
java.lang.InterruptedException: sleep interrupted
	at java.lang.Thread.sleep(Native Method)
	at java.lang.Thread.sleep(Thread.java:342)
	at java.util.concurrent.TimeUnit.sleep(TimeUnit.java:386)
	at org.apache.ratis.util.TimeDuration.sleep(TimeDuration.java:324)
	at org.apache.ratis.util.TimeDuration.sleep(TimeDuration.java:309)
	at org.apache.ratis.server.impl.FollowerState.run(FollowerState.java:118)
2022-04-28 13:47:54,228 [acf0e45f-1346-4d3d-b768-e886253cff70@group-9C327277336C-StateMachineUpdater] INFO  ratis.ContainerStateMachine (ContainerStateMachine.java:takeSnapshot(304)) - group-9C327277336C: Taking a snapshot at:(t:2, i:9) file /home/runner/work/ozone/ozone/hadoop-ozone/integration-test/target/test-dir/MiniOzoneClusterImpl-b83af172-7a36-4ee1-b1b1-9a7292f569f3/datanode-2/data/ratis/3a62d18e-2bdf-4f70-8718-9c327277336c/sm/snapshot.2_9
2022-04-28 13:47:54,228 [ForkJoinPool.commonPool-worker-1] INFO  impl.StateMachineUpdater (StateMachineUpdater.java:stopAndJoin(149)) - acf0e45f-1346-4d3d-b768-e886253cff70@group-9C327277336C-StateMachineUpdater: set stopIndex = 9
2022-04-28 13:47:54,229 [acf0e45f-1346-4d3d-b768-e886253cff70@group-9C327277336C-StateMachineUpdater] INFO  ratis.ContainerStateMachine (ContainerStateMachine.java:takeSnapshot(315)) - group-9C327277336C: Finished taking a snapshot at:(t:2, i:9) file:/home/runner/work/ozone/ozone/hadoop-ozone/integration-test/target/test-dir/MiniOzoneClusterImpl-b83af172-7a36-4ee1-b1b1-9a7292f569f3/datanode-2/data/ratis/3a62d18e-2bdf-4f70-8718-9c327277336c/sm/snapshot.2_9 took: 1 ms
2022-04-28 13:47:54,229 [acf0e45f-1346-4d3d-b768-e886253cff70@group-9C327277336C-StateMachineUpdater] INFO  impl.StateMachineUpdater (StateMachineUpdater.java:takeSnapshot(281)) - acf0e45f-1346-4d3d-b768-e886253cff70@group-9C327277336C-StateMachineUpdater: Took a snapshot at index 9
2022-04-28 13:47:54,229 [acf0e45f-1346-4d3d-b768-e886253cff70@group-9C327277336C-StateMachineUpdater] INFO  impl.StateMachineUpdater (StateMachineUpdater.java:lambda$new$0(89)) - acf0e45f-1346-4d3d-b768-e886253cff70@group-9C327277336C-StateMachineUpdater: snapshotIndex: updateIncreasingly -1 -> 9
2022-04-28 13:47:54,230 [ForkJoinPool.commonPool-worker-1] INFO  server.RaftServer$Division (ServerState.java:close(419)) - acf0e45f-1346-4d3d-b768-e886253cff70@group-9C327277336C: closes. applyIndex: 9
2022-04-28 13:47:54,230 [acf0e45f-1346-4d3d-b768-e886253cff70@group-9C327277336C-SegmentedRaftLogWorker] INFO  segmented.SegmentedRaftLogWorker (SegmentedRaftLogWorker.java:run(327)) - acf0e45f-1346-4d3d-b768-e886253cff70@group-9C327277336C-SegmentedRaftLogWorker was interrupted, exiting. There are 0 tasks remaining in the queue.
2022-04-28 13:47:54,231 [ForkJoinPool.commonPool-worker-1] INFO  segmented.SegmentedRaftLogWorker (SegmentedRaftLogWorker.java:close(237)) - acf0e45f-1346-4d3d-b768-e886253cff70@group-9C327277336C-SegmentedRaftLogWorker close()
2022-04-28 13:47:54,234 [Listener at 127.0.0.1/39257] INFO  server.RaftServer$Division (ServerState.java:close(419)) - 5b824b54-a886-40a6-8fd7-e73a2bee4a5c@group-B4C1D7519224: closes. applyIndex: 0
2022-04-28 13:47:54,234 [5b824b54-a886-40a6-8fd7-e73a2bee4a5c@group-B4C1D7519224-SegmentedRaftLogWorker] INFO  segmented.SegmentedRaftLogWorker (SegmentedRaftLogWorker.java:run(327)) - 5b824b54-a886-40a6-8fd7-e73a2bee4a5c@group-B4C1D7519224-SegmentedRaftLogWorker was interrupted, exiting. There are 0 tasks remaining in the queue.
2022-04-28 13:47:54,234 [ForkJoinPool.commonPool-worker-1] INFO  server.GrpcService (GrpcService.java:closeImpl(262)) - acf0e45f-1346-4d3d-b768-e886253cff70: shutdown server with port 44375 now
2022-04-28 13:47:54,247 [Listener at 127.0.0.1/39257] INFO  segmented.SegmentedRaftLogWorker (SegmentedRaftLogWorker.java:close(237)) - 5b824b54-a886-40a6-8fd7-e73a2bee4a5c@group-B4C1D7519224-SegmentedRaftLogWorker close()
2022-04-28 13:47:54,249 [grpc-default-executor-2] WARN  client.GrpcClientProtocolService (LogUtils.java:warn(122)) - 0-UnorderedRequestStreamObserver0: onError: org.apache.ratis.thirdparty.io.grpc.StatusRuntimeException: CANCELLED: client cancelled
2022-04-28 13:47:54,249 [ForkJoinPool.commonPool-worker-1] INFO  server.GrpcService (GrpcService.java:closeImpl(271)) - acf0e45f-1346-4d3d-b768-e886253cff70: shutdown server with port 44375 successfully
2022-04-28 13:47:54,250 [org.apache.ratis.util.JvmPauseMonitor$$Lambda$468/1104361616@2fc714f8] INFO  util.JvmPauseMonitor (JvmPauseMonitor.java:run(109)) - JvmPauseMonitor-acf0e45f-1346-4d3d-b768-e886253cff70: Stopped
2022-04-28 13:47:54,264 [Listener at 127.0.0.1/39257] INFO  server.RaftServer$Division (RaftServerImpl.java:lambda$close$4(412)) - 5b824b54-a886-40a6-8fd7-e73a2bee4a5c@group-F936F465787F: shutdown
2022-04-28 13:47:54,264 [Listener at 127.0.0.1/39257] INFO  util.JmxRegister (JmxRegister.java:unregister(73)) - Successfully un-registered JMX Bean with object name Ratis:service=RaftServer,group=group-F936F465787F,id=5b824b54-a886-40a6-8fd7-e73a2bee4a5c
2022-04-28 13:47:54,264 [Listener at 127.0.0.1/39257] INFO  impl.RoleInfo (RoleInfo.java:shutdownFollowerState(108)) - 5b824b54-a886-40a6-8fd7-e73a2bee4a5c: shutdown 5b824b54-a886-40a6-8fd7-e73a2bee4a5c@group-F936F465787F-FollowerState
2022-04-28 13:47:54,265 [Listener at 127.0.0.1/39257] INFO  impl.StateMachineUpdater (StateMachineUpdater.java:stopAndJoin(149)) - 5b824b54-a886-40a6-8fd7-e73a2bee4a5c@group-F936F465787F-StateMachineUpdater: set stopIndex = 0
2022-04-28 13:47:54,265 [5b824b54-a886-40a6-8fd7-e73a2bee4a5c@group-F936F465787F-FollowerState] INFO  impl.FollowerState (FollowerState.java:run(143)) - 5b824b54-a886-40a6-8fd7-e73a2bee4a5c@group-F936F465787F-FollowerState was interrupted: {}
java.lang.InterruptedException: sleep interrupted
	at java.lang.Thread.sleep(Native Method)
	at java.lang.Thread.sleep(Thread.java:342)
	at java.util.concurrent.TimeUnit.sleep(TimeUnit.java:386)
	at org.apache.ratis.util.TimeDuration.sleep(TimeDuration.java:324)
	at org.apache.ratis.util.TimeDuration.sleep(TimeDuration.java:309)
	at org.apache.ratis.server.impl.FollowerState.run(FollowerState.java:118)
2022-04-28 13:47:54,265 [5b824b54-a886-40a6-8fd7-e73a2bee4a5c@group-F936F465787F-StateMachineUpdater] INFO  ratis.ContainerStateMachine (ContainerStateMachine.java:takeSnapshot(304)) - group-F936F465787F: Taking a snapshot at:(t:1, i:0) file /home/runner/work/ozone/ozone/hadoop-ozone/integration-test/target/test-dir/MiniOzoneClusterImpl-b83af172-7a36-4ee1-b1b1-9a7292f569f3/datanode-4/data/ratis/9f08862b-36d1-475c-84df-f936f465787f/sm/snapshot.1_0
2022-04-28 13:47:54,266 [5b824b54-a886-40a6-8fd7-e73a2bee4a5c@group-F936F465787F-StateMachineUpdater] INFO  ratis.ContainerStateMachine (ContainerStateMachine.java:takeSnapshot(315)) - group-F936F465787F: Finished taking a snapshot at:(t:1, i:0) file:/home/runner/work/ozone/ozone/hadoop-ozone/integration-test/target/test-dir/MiniOzoneClusterImpl-b83af172-7a36-4ee1-b1b1-9a7292f569f3/datanode-4/data/ratis/9f08862b-36d1-475c-84df-f936f465787f/sm/snapshot.1_0 took: 0 ms
2022-04-28 13:47:54,266 [5b824b54-a886-40a6-8fd7-e73a2bee4a5c@group-F936F465787F-StateMachineUpdater] INFO  impl.StateMachineUpdater (StateMachineUpdater.java:takeSnapshot(281)) - 5b824b54-a886-40a6-8fd7-e73a2bee4a5c@group-F936F465787F-StateMachineUpdater: Took a snapshot at index 0
2022-04-28 13:47:54,266 [5b824b54-a886-40a6-8fd7-e73a2bee4a5c@group-F936F465787F-StateMachineUpdater] INFO  impl.StateMachineUpdater (StateMachineUpdater.java:lambda$new$0(89)) - 5b824b54-a886-40a6-8fd7-e73a2bee4a5c@group-F936F465787F-StateMachineUpdater: snapshotIndex: updateIncreasingly -1 -> 0
2022-04-28 13:47:54,266 [Listener at 127.0.0.1/39257] INFO  server.RaftServer$Division (ServerState.java:close(419)) - 5b824b54-a886-40a6-8fd7-e73a2bee4a5c@group-F936F465787F: closes. applyIndex: 0
2022-04-28 13:47:54,267 [5b824b54-a886-40a6-8fd7-e73a2bee4a5c@group-F936F465787F-SegmentedRaftLogWorker] INFO  segmented.SegmentedRaftLogWorker (SegmentedRaftLogWorker.java:run(327)) - 5b824b54-a886-40a6-8fd7-e73a2bee4a5c@group-F936F465787F-SegmentedRaftLogWorker was interrupted, exiting. There are 0 tasks remaining in the queue.
2022-04-28 13:47:54,277 [Listener at 127.0.0.1/39257] INFO  segmented.SegmentedRaftLogWorker (SegmentedRaftLogWorker.java:close(237)) - 5b824b54-a886-40a6-8fd7-e73a2bee4a5c@group-F936F465787F-SegmentedRaftLogWorker close()
2022-04-28 13:47:54,282 [Listener at 127.0.0.1/39257] INFO  server.RaftServer$Division (RaftServerImpl.java:lambda$close$4(412)) - 5b824b54-a886-40a6-8fd7-e73a2bee4a5c@group-AED03B798454: shutdown
2022-04-28 13:47:54,282 [Listener at 127.0.0.1/39257] INFO  util.JmxRegister (JmxRegister.java:unregister(73)) - Successfully un-registered JMX Bean with object name Ratis:service=RaftServer,group=group-AED03B798454,id=5b824b54-a886-40a6-8fd7-e73a2bee4a5c
2022-04-28 13:47:54,282 [Listener at 127.0.0.1/39257] INFO  impl.RoleInfo (RoleInfo.java:shutdownLeaderState(91)) - 5b824b54-a886-40a6-8fd7-e73a2bee4a5c: shutdown 5b824b54-a886-40a6-8fd7-e73a2bee4a5c@group-AED03B798454-LeaderStateImpl
2022-04-28 13:47:54,283 [Listener at 127.0.0.1/39257] INFO  impl.PendingRequests (PendingRequests.java:sendNotLeaderResponses(282)) - 5b824b54-a886-40a6-8fd7-e73a2bee4a5c@group-AED03B798454-PendingRequests: sendNotLeaderResponses
2022-04-28 13:47:54,283 [Listener at 127.0.0.1/39257] INFO  impl.StateMachineUpdater (StateMachineUpdater.java:stopAndJoin(149)) - 5b824b54-a886-40a6-8fd7-e73a2bee4a5c@group-AED03B798454-StateMachineUpdater: set stopIndex = 0
2022-04-28 13:47:54,283 [5b824b54-a886-40a6-8fd7-e73a2bee4a5c@group-AED03B798454-StateMachineUpdater] INFO  ratis.ContainerStateMachine (ContainerStateMachine.java:takeSnapshot(304)) - group-AED03B798454: Taking a snapshot at:(t:1, i:0) file /home/runner/work/ozone/ozone/hadoop-ozone/integration-test/target/test-dir/MiniOzoneClusterImpl-b83af172-7a36-4ee1-b1b1-9a7292f569f3/datanode-4/data/ratis/5ad5e940-2891-47b2-8b45-aed03b798454/sm/snapshot.1_0
2022-04-28 13:47:54,284 [5b824b54-a886-40a6-8fd7-e73a2bee4a5c@group-AED03B798454-StateMachineUpdater] INFO  ratis.ContainerStateMachine (ContainerStateMachine.java:takeSnapshot(315)) - group-AED03B798454: Finished taking a snapshot at:(t:1, i:0) file:/home/runner/work/ozone/ozone/hadoop-ozone/integration-test/target/test-dir/MiniOzoneClusterImpl-b83af172-7a36-4ee1-b1b1-9a7292f569f3/datanode-4/data/ratis/5ad5e940-2891-47b2-8b45-aed03b798454/sm/snapshot.1_0 took: 1 ms
2022-04-28 13:47:54,284 [5b824b54-a886-40a6-8fd7-e73a2bee4a5c@group-AED03B798454-StateMachineUpdater] INFO  impl.StateMachineUpdater (StateMachineUpdater.java:takeSnapshot(281)) - 5b824b54-a886-40a6-8fd7-e73a2bee4a5c@group-AED03B798454-StateMachineUpdater: Took a snapshot at index 0
2022-04-28 13:47:54,284 [5b824b54-a886-40a6-8fd7-e73a2bee4a5c@group-AED03B798454-StateMachineUpdater] INFO  impl.StateMachineUpdater (StateMachineUpdater.java:lambda$new$0(89)) - 5b824b54-a886-40a6-8fd7-e73a2bee4a5c@group-AED03B798454-StateMachineUpdater: snapshotIndex: updateIncreasingly -1 -> 0
2022-04-28 13:47:54,285 [Listener at 127.0.0.1/39257] INFO  server.RaftServer$Division (ServerState.java:close(419)) - 5b824b54-a886-40a6-8fd7-e73a2bee4a5c@group-AED03B798454: closes. applyIndex: 0
2022-04-28 13:47:54,287 [5b824b54-a886-40a6-8fd7-e73a2bee4a5c@group-AED03B798454-SegmentedRaftLogWorker] INFO  segmented.SegmentedRaftLogWorker (SegmentedRaftLogWorker.java:run(327)) - 5b824b54-a886-40a6-8fd7-e73a2bee4a5c@group-AED03B798454-SegmentedRaftLogWorker was interrupted, exiting. There are 0 tasks remaining in the queue.
2022-04-28 13:47:54,302 [Listener at 127.0.0.1/39257] INFO  segmented.SegmentedRaftLogWorker (SegmentedRaftLogWorker.java:close(237)) - 5b824b54-a886-40a6-8fd7-e73a2bee4a5c@group-AED03B798454-SegmentedRaftLogWorker close()
2022-04-28 13:47:54,303 [Listener at 127.0.0.1/39257] INFO  server.GrpcService (GrpcService.java:closeImpl(262)) - 5b824b54-a886-40a6-8fd7-e73a2bee4a5c: shutdown server with port 43771 now
2022-04-28 13:47:54,316 [grpc-default-executor-5] WARN  server.GrpcServerProtocolService (LogUtils.java:warn(122)) - 5b824b54-a886-40a6-8fd7-e73a2bee4a5c: installSnapshot onError, lastRequest: 3eb0204c-99db-4ec7-9985-35999c30dd35->5b824b54-a886-40a6-8fd7-e73a2bee4a5c#1-t1,previous=(t:0, i:0),leaderCommit=0,initializing? true,entries: size=1, first=(t:1, i:0), CONFIGURATIONENTRY: org.apache.ratis.thirdparty.io.grpc.StatusRuntimeException: CANCELLED: client cancelled
2022-04-28 13:47:54,317 [grpc-default-executor-0] WARN  server.GrpcLogAppender (LogUtils.java:warn(122)) - 3eb0204c-99db-4ec7-9985-35999c30dd35@group-F936F465787F->5b824b54-a886-40a6-8fd7-e73a2bee4a5c-AppendLogResponseHandler: Failed appendEntries: org.apache.ratis.thirdparty.io.grpc.StatusRuntimeException: CANCELLED: HTTP/2 error code: CANCEL
Received Rst Stream
2022-04-28 13:47:54,317 [grpc-default-executor-0] WARN  server.GrpcLogAppender (GrpcLogAppender.java:resetClient(110)) - 3eb0204c-99db-4ec7-9985-35999c30dd35@group-F936F465787F->5b824b54-a886-40a6-8fd7-e73a2bee4a5c-GrpcLogAppender: Leader has not got in touch with Follower 3eb0204c-99db-4ec7-9985-35999c30dd35@group-F936F465787F->5b824b54-a886-40a6-8fd7-e73a2bee4a5c(c0,m0,n1, attendVote=true, lastRpcSendTime=726, lastRpcResponseTime=706) yet, just keep nextIndex unchanged and retry.
2022-04-28 13:47:54,319 [Listener at 127.0.0.1/39257] INFO  server.GrpcService (GrpcService.java:closeImpl(271)) - 5b824b54-a886-40a6-8fd7-e73a2bee4a5c: shutdown server with port 43771 successfully
2022-04-28 13:47:54,327 [org.apache.ratis.util.JvmPauseMonitor$$Lambda$468/1104361616@6ba07f6b] INFO  util.JvmPauseMonitor (JvmPauseMonitor.java:run(109)) - JvmPauseMonitor-5b824b54-a886-40a6-8fd7-e73a2bee4a5c: Stopped
2022-04-28 13:47:56,113 [grpc-default-executor-0] WARN  server.GrpcLogAppender (LogUtils.java:warn(122)) - 3eb0204c-99db-4ec7-9985-35999c30dd35@group-F936F465787F->5b824b54-a886-40a6-8fd7-e73a2bee4a5c-AppendLogResponseHandler: Failed appendEntries: org.apache.ratis.thirdparty.io.grpc.StatusRuntimeException: UNAVAILABLE: io exception
2022-04-28 13:47:56,114 [grpc-default-executor-0] WARN  server.GrpcLogAppender (GrpcLogAppender.java:resetClient(110)) - 3eb0204c-99db-4ec7-9985-35999c30dd35@group-F936F465787F->5b824b54-a886-40a6-8fd7-e73a2bee4a5c-GrpcLogAppender: Leader has not got in touch with Follower 3eb0204c-99db-4ec7-9985-35999c30dd35@group-F936F465787F->5b824b54-a886-40a6-8fd7-e73a2bee4a5c(c0,m0,n1, attendVote=true, lastRpcSendTime=2523, lastRpcResponseTime=2503) yet, just keep nextIndex unchanged and retry.
2022-04-28 13:47:56,290 [ForkJoinPool.commonPool-worker-1] INFO  utils.BackgroundService (BackgroundService.java:shutdown(132)) - Shutting down service BlockDeletingService
2022-04-28 13:47:56,373 [Listener at 127.0.0.1/39257] INFO  utils.BackgroundService (BackgroundService.java:shutdown(132)) - Shutting down service BlockDeletingService
2022-04-28 13:47:58,615 [grpc-default-executor-0] WARN  server.GrpcLogAppender (LogUtils.java:warn(122)) - 3eb0204c-99db-4ec7-9985-35999c30dd35@group-F936F465787F->5b824b54-a886-40a6-8fd7-e73a2bee4a5c-AppendLogResponseHandler: Failed appendEntries: org.apache.ratis.thirdparty.io.grpc.StatusRuntimeException: UNAVAILABLE: io exception
2022-04-28 13:47:58,615 [grpc-default-executor-0] WARN  server.GrpcLogAppender (GrpcLogAppender.java:resetClient(110)) - 3eb0204c-99db-4ec7-9985-35999c30dd35@group-F936F465787F->5b824b54-a886-40a6-8fd7-e73a2bee4a5c-GrpcLogAppender: Leader has not got in touch with Follower 3eb0204c-99db-4ec7-9985-35999c30dd35@group-F936F465787F->5b824b54-a886-40a6-8fd7-e73a2bee4a5c(c0,m0,n1, attendVote=true, lastRpcSendTime=0, lastRpcResponseTime=5005) yet, just keep nextIndex unchanged and retry.
2022-04-28 13:47:59,308 [ForkJoinPool.commonPool-worker-1] INFO  statemachine.DatanodeStateMachine (DatanodeStateMachine.java:stopDaemon(560)) - Ozone container server stopped.
2022-04-28 13:47:59,354 [ForkJoinPool.commonPool-worker-1] INFO  handler.ContextHandler (ContextHandler.java:doStop(1153)) - Stopped o.e.j.w.WebAppContext@507105fe{hddsDatanode,/,null,STOPPED}{jar:file:/home/runner/.m2/repository/org/apache/ozone/hdds-container-service/1.3.0-SNAPSHOT/hdds-container-service-1.3.0-SNAPSHOT.jar!/webapps/hddsDatanode}
2022-04-28 13:47:59,365 [ForkJoinPool.commonPool-worker-1] INFO  server.AbstractConnector (AbstractConnector.java:doStop(381)) - Stopped ServerConnector@3c4ba70a{HTTP/1.1, (http/1.1)}{0.0.0.0:0}
2022-04-28 13:47:59,365 [ForkJoinPool.commonPool-worker-1] INFO  server.session (HouseKeeper.java:stopScavenging(149)) - node0 Stopped scavenging
2022-04-28 13:47:59,384 [ForkJoinPool.commonPool-worker-1] INFO  handler.ContextHandler (ContextHandler.java:doStop(1153)) - Stopped o.e.j.s.ServletContextHandler@355fb7d2{static,/static,jar:file:/home/runner/.m2/repository/org/apache/ozone/hdds-container-service/1.3.0-SNAPSHOT/hdds-container-service-1.3.0-SNAPSHOT.jar!/webapps/static,STOPPED}
2022-04-28 13:47:59,389 [ForkJoinPool.commonPool-worker-1] INFO  handler.ContextHandler (ContextHandler.java:doStop(1153)) - Stopped o.e.j.s.ServletContextHandler@6352267a{logs,/logs,file:///home/runner/work/ozone/ozone/hadoop-ozone/integration-test/target/log,STOPPED}
2022-04-28 13:47:59,401 [Listener at 127.0.0.1/39257] INFO  statemachine.DatanodeStateMachine (DatanodeStateMachine.java:stopDaemon(560)) - Ozone container server stopped.
2022-04-28 13:47:59,427 [Listener at 127.0.0.1/39257] INFO  handler.ContextHandler (ContextHandler.java:doStop(1153)) - Stopped o.e.j.w.WebAppContext@7ff9ab7c{hddsDatanode,/,null,STOPPED}{jar:file:/home/runner/.m2/repository/org/apache/ozone/hdds-container-service/1.3.0-SNAPSHOT/hdds-container-service-1.3.0-SNAPSHOT.jar!/webapps/hddsDatanode}
2022-04-28 13:47:59,428 [Listener at 127.0.0.1/39257] INFO  server.AbstractConnector (AbstractConnector.java:doStop(381)) - Stopped ServerConnector@2a635a50{HTTP/1.1, (http/1.1)}{0.0.0.0:0}
2022-04-28 13:47:59,428 [Listener at 127.0.0.1/39257] INFO  server.session (HouseKeeper.java:stopScavenging(149)) - node0 Stopped scavenging
2022-04-28 13:47:59,429 [Listener at 127.0.0.1/39257] INFO  handler.ContextHandler (ContextHandler.java:doStop(1153)) - Stopped o.e.j.s.ServletContextHandler@52ea5277{static,/static,jar:file:/home/runner/.m2/repository/org/apache/ozone/hdds-container-service/1.3.0-SNAPSHOT/hdds-container-service-1.3.0-SNAPSHOT.jar!/webapps/static,STOPPED}
2022-04-28 13:47:59,429 [Listener at 127.0.0.1/39257] INFO  handler.ContextHandler (ContextHandler.java:doStop(1153)) - Stopped o.e.j.s.ServletContextHandler@2eddb4a{logs,/logs,file:///home/runner/work/ozone/ozone/hadoop-ozone/integration-test/target/log,STOPPED}
2022-04-28 13:48:01,118 [grpc-default-executor-0] WARN  server.GrpcLogAppender (LogUtils.java:warn(122)) - 3eb0204c-99db-4ec7-9985-35999c30dd35@group-F936F465787F->5b824b54-a886-40a6-8fd7-e73a2bee4a5c-AppendLogResponseHandler: Failed appendEntries: org.apache.ratis.thirdparty.io.grpc.StatusRuntimeException: UNAVAILABLE: io exception
2022-04-28 13:48:01,119 [grpc-default-executor-0] WARN  server.GrpcLogAppender (GrpcLogAppender.java:resetClient(110)) - 3eb0204c-99db-4ec7-9985-35999c30dd35@group-F936F465787F->5b824b54-a886-40a6-8fd7-e73a2bee4a5c-GrpcLogAppender: Leader has not got in touch with Follower 3eb0204c-99db-4ec7-9985-35999c30dd35@group-F936F465787F->5b824b54-a886-40a6-8fd7-e73a2bee4a5c(c0,m0,n1, attendVote=true, lastRpcSendTime=0, lastRpcResponseTime=7509) yet, just keep nextIndex unchanged and retry.
2022-04-28 13:48:02,042 [0f8914ae-8a7a-42c5-8d1b-d8caec49e59b@group-B4C1D7519224-FollowerState] INFO  impl.FollowerState (FollowerState.java:run(134)) - 0f8914ae-8a7a-42c5-8d1b-d8caec49e59b@group-B4C1D7519224-FollowerState: change to CANDIDATE, lastRpcElapsedTime:8053081567ns, electionTimeout:5082ms
2022-04-28 13:48:02,042 [0f8914ae-8a7a-42c5-8d1b-d8caec49e59b@group-B4C1D7519224-FollowerState] INFO  impl.RoleInfo (RoleInfo.java:shutdownFollowerState(108)) - 0f8914ae-8a7a-42c5-8d1b-d8caec49e59b: shutdown 0f8914ae-8a7a-42c5-8d1b-d8caec49e59b@group-B4C1D7519224-FollowerState
2022-04-28 13:48:02,042 [0f8914ae-8a7a-42c5-8d1b-d8caec49e59b@group-B4C1D7519224-FollowerState] INFO  server.RaftServer$Division (RaftServerImpl.java:setRole(290)) - 0f8914ae-8a7a-42c5-8d1b-d8caec49e59b@group-B4C1D7519224: changes role from  FOLLOWER to CANDIDATE at term 1 for changeToCandidate
2022-04-28 13:48:02,042 [0f8914ae-8a7a-42c5-8d1b-d8caec49e59b@group-B4C1D7519224-FollowerState] INFO  server.RaftServerConfigKeys (ConfUtils.java:logGet(44)) - raft.server.leaderelection.pre-vote = false (custom)
2022-04-28 13:48:02,042 [0f8914ae-8a7a-42c5-8d1b-d8caec49e59b@group-B4C1D7519224-FollowerState] INFO  impl.RoleInfo (RoleInfo.java:updateAndGet(130)) - 0f8914ae-8a7a-42c5-8d1b-d8caec49e59b: start 0f8914ae-8a7a-42c5-8d1b-d8caec49e59b@group-B4C1D7519224-LeaderElection67
2022-04-28 13:48:02,066 [0f8914ae-8a7a-42c5-8d1b-d8caec49e59b@group-B4C1D7519224-LeaderElection67] INFO  server.RaftServer$Division (ServerState.java:setLeader(285)) - 0f8914ae-8a7a-42c5-8d1b-d8caec49e59b@group-B4C1D7519224: change Leader from 5b824b54-a886-40a6-8fd7-e73a2bee4a5c to null at term 1 for ELECTION
2022-04-28 13:48:02,074 [0f8914ae-8a7a-42c5-8d1b-d8caec49e59b@group-B4C1D7519224-LeaderElection67] INFO  impl.LeaderElection (LeaderElection.java:askForVotes(306)) - 0f8914ae-8a7a-42c5-8d1b-d8caec49e59b@group-B4C1D7519224-LeaderElection67 ELECTION round 0: submit vote requests at term 2 for 0: [5b824b54-a886-40a6-8fd7-e73a2bee4a5c|rpc:10.1.0.6:43771|dataStream:|priority:1, 3eb0204c-99db-4ec7-9985-35999c30dd35|rpc:10.1.0.6:42899|dataStream:|priority:0, 0f8914ae-8a7a-42c5-8d1b-d8caec49e59b|rpc:10.1.0.6:36085|dataStream:|priority:0], old=null
2022-04-28 13:48:02,114 [0f8914ae-8a7a-42c5-8d1b-d8caec49e59b@group-B4C1D7519224-LeaderElection67] INFO  impl.LeaderElection (LogUtils.java:infoOrTrace(137)) - 0f8914ae-8a7a-42c5-8d1b-d8caec49e59b@group-B4C1D7519224-LeaderElection67 got exception when requesting votes: java.util.concurrent.ExecutionException: org.apache.ratis.thirdparty.io.grpc.StatusRuntimeException: UNAVAILABLE: io exception
2022-04-28 13:48:02,142 [grpc-default-executor-0] INFO  server.RaftServer$Division (RaftServerImpl.java:requestVote(1046)) - 3eb0204c-99db-4ec7-9985-35999c30dd35@group-B4C1D7519224: receive requestVote(ELECTION, 0f8914ae-8a7a-42c5-8d1b-d8caec49e59b, group-B4C1D7519224, 2, (t:1, i:0))
2022-04-28 13:48:02,142 [grpc-default-executor-0] INFO  impl.VoteContext (VoteContext.java:log(48)) - 3eb0204c-99db-4ec7-9985-35999c30dd35@group-B4C1D7519224-FOLLOWER: accept ELECTION from 0f8914ae-8a7a-42c5-8d1b-d8caec49e59b: our priority 0 <= candidate's priority 0
2022-04-28 13:48:02,142 [grpc-default-executor-0] INFO  server.RaftServer$Division (ServerState.java:setLeader(285)) - 3eb0204c-99db-4ec7-9985-35999c30dd35@group-B4C1D7519224: change Leader from 5b824b54-a886-40a6-8fd7-e73a2bee4a5c to null at term 2 for updateCurrentTerm
2022-04-28 13:48:02,142 [grpc-default-executor-0] INFO  server.RaftServer$Division (RaftServerImpl.java:setRole(290)) - 3eb0204c-99db-4ec7-9985-35999c30dd35@group-B4C1D7519224: changes role from  FOLLOWER to FOLLOWER at term 2 for candidate:0f8914ae-8a7a-42c5-8d1b-d8caec49e59b
2022-04-28 13:48:02,142 [grpc-default-executor-0] INFO  impl.RoleInfo (RoleInfo.java:shutdownFollowerState(108)) - 3eb0204c-99db-4ec7-9985-35999c30dd35: shutdown 3eb0204c-99db-4ec7-9985-35999c30dd35@group-B4C1D7519224-FollowerState
2022-04-28 13:48:02,142 [grpc-default-executor-0] INFO  impl.RoleInfo (RoleInfo.java:updateAndGet(130)) - 3eb0204c-99db-4ec7-9985-35999c30dd35: start 3eb0204c-99db-4ec7-9985-35999c30dd35@group-B4C1D7519224-FollowerState
2022-04-28 13:48:02,145 [3eb0204c-99db-4ec7-9985-35999c30dd35@group-B4C1D7519224-FollowerState] INFO  impl.FollowerState (FollowerState.java:run(143)) - 3eb0204c-99db-4ec7-9985-35999c30dd35@group-B4C1D7519224-FollowerState was interrupted: {}
java.lang.InterruptedException: sleep interrupted
	at java.lang.Thread.sleep(Native Method)
	at java.lang.Thread.sleep(Thread.java:342)
	at java.util.concurrent.TimeUnit.sleep(TimeUnit.java:386)
	at org.apache.ratis.util.TimeDuration.sleep(TimeDuration.java:324)
	at org.apache.ratis.util.TimeDuration.sleep(TimeDuration.java:309)
	at org.apache.ratis.server.impl.FollowerState.run(FollowerState.java:118)
2022-04-28 13:48:02,164 [grpc-default-executor-0] INFO  server.RaftServer$Division (RaftServerImpl.java:requestVote(1078)) - 3eb0204c-99db-4ec7-9985-35999c30dd35@group-B4C1D7519224 replies to ELECTION vote request: 0f8914ae-8a7a-42c5-8d1b-d8caec49e59b<-3eb0204c-99db-4ec7-9985-35999c30dd35#0:OK-t2. Peer's state: 3eb0204c-99db-4ec7-9985-35999c30dd35@group-B4C1D7519224:t2, leader=null, voted=0f8914ae-8a7a-42c5-8d1b-d8caec49e59b, raftlog=3eb0204c-99db-4ec7-9985-35999c30dd35@group-B4C1D7519224-SegmentedRaftLog:OPENED:c0, conf=0: [5b824b54-a886-40a6-8fd7-e73a2bee4a5c|rpc:10.1.0.6:43771|dataStream:|priority:1, 3eb0204c-99db-4ec7-9985-35999c30dd35|rpc:10.1.0.6:42899|dataStream:|priority:0, 0f8914ae-8a7a-42c5-8d1b-d8caec49e59b|rpc:10.1.0.6:36085|dataStream:|priority:0], old=null
2022-04-28 13:48:02,166 [0f8914ae-8a7a-42c5-8d1b-d8caec49e59b@group-B4C1D7519224-LeaderElection67] INFO  impl.LeaderElection (LeaderElection.java:logAndReturn(89)) - 0f8914ae-8a7a-42c5-8d1b-d8caec49e59b@group-B4C1D7519224-LeaderElection67: ELECTION PASSED received 1 response(s) and 1 exception(s):
2022-04-28 13:48:02,166 [0f8914ae-8a7a-42c5-8d1b-d8caec49e59b@group-B4C1D7519224-LeaderElection67] INFO  impl.LeaderElection (LeaderElection.java:logAndReturn(93)) -   Response 0: 0f8914ae-8a7a-42c5-8d1b-d8caec49e59b<-3eb0204c-99db-4ec7-9985-35999c30dd35#0:OK-t2
2022-04-28 13:48:02,166 [0f8914ae-8a7a-42c5-8d1b-d8caec49e59b@group-B4C1D7519224-LeaderElection67] INFO  impl.LeaderElection (LogUtils.java:infoOrTrace(137)) -   Exception 1: java.util.concurrent.ExecutionException: org.apache.ratis.thirdparty.io.grpc.StatusRuntimeException: UNAVAILABLE: io exception
2022-04-28 13:48:02,166 [0f8914ae-8a7a-42c5-8d1b-d8caec49e59b@group-B4C1D7519224-LeaderElection67] INFO  impl.LeaderElection (LeaderElection.java:askForVotes(308)) - 0f8914ae-8a7a-42c5-8d1b-d8caec49e59b@group-B4C1D7519224-LeaderElection67 ELECTION round 0: result PASSED
2022-04-28 13:48:02,166 [0f8914ae-8a7a-42c5-8d1b-d8caec49e59b@group-B4C1D7519224-LeaderElection67] INFO  impl.RoleInfo (RoleInfo.java:shutdownLeaderElection(121)) - 0f8914ae-8a7a-42c5-8d1b-d8caec49e59b: shutdown 0f8914ae-8a7a-42c5-8d1b-d8caec49e59b@group-B4C1D7519224-LeaderElection67
2022-04-28 13:48:02,166 [0f8914ae-8a7a-42c5-8d1b-d8caec49e59b@group-B4C1D7519224-LeaderElection67] INFO  server.RaftServer$Division (RaftServerImpl.java:setRole(290)) - 0f8914ae-8a7a-42c5-8d1b-d8caec49e59b@group-B4C1D7519224: changes role from CANDIDATE to LEADER at term 2 for changeToLeader
2022-04-28 13:48:02,166 [0f8914ae-8a7a-42c5-8d1b-d8caec49e59b@group-B4C1D7519224-LeaderElection67] INFO  ratis.XceiverServerRatis (XceiverServerRatis.java:handleLeaderChangedNotification(863)) - Leader change notification received for group: group-B4C1D7519224 with new leaderId: 0f8914ae-8a7a-42c5-8d1b-d8caec49e59b
2022-04-28 13:48:02,166 [0f8914ae-8a7a-42c5-8d1b-d8caec49e59b@group-B4C1D7519224-LeaderElection67] INFO  server.RaftServer$Division (ServerState.java:setLeader(285)) - 0f8914ae-8a7a-42c5-8d1b-d8caec49e59b@group-B4C1D7519224: change Leader from null to 0f8914ae-8a7a-42c5-8d1b-d8caec49e59b at term 2 for becomeLeader, leader elected after 99ms
2022-04-28 13:48:02,166 [0f8914ae-8a7a-42c5-8d1b-d8caec49e59b@group-B4C1D7519224-LeaderElection67] INFO  server.RaftServerConfigKeys (ConfUtils.java:logGet(44)) - raft.server.staging.catchup.gap = 1000 (default)
2022-04-28 13:48:02,166 [0f8914ae-8a7a-42c5-8d1b-d8caec49e59b@group-B4C1D7519224-LeaderElection67] INFO  server.RaftServerConfigKeys (ConfUtils.java:logGet(44)) - raft.server.write.element-limit = 1024 (custom)
2022-04-28 13:48:02,166 [0f8914ae-8a7a-42c5-8d1b-d8caec49e59b@group-B4C1D7519224-LeaderElection67] INFO  server.RaftServerConfigKeys (ConfUtils.java:logGet(44)) - raft.server.write.byte-limit = 1024 M (=1073741824) (custom)
2022-04-28 13:48:02,167 [0f8914ae-8a7a-42c5-8d1b-d8caec49e59b@group-B4C1D7519224-LeaderElection67] INFO  server.RaftServerConfigKeys (ConfUtils.java:logGet(44)) - raft.server.watch.timeout = 3000ms (custom)
2022-04-28 13:48:02,167 [0f8914ae-8a7a-42c5-8d1b-d8caec49e59b@group-B4C1D7519224-LeaderElection67] INFO  server.RaftServerConfigKeys (ConfUtils.java:logGet(44)) - raft.server.watch.timeout.denomination = 1s (default)
2022-04-28 13:48:02,167 [0f8914ae-8a7a-42c5-8d1b-d8caec49e59b@group-B4C1D7519224-LeaderElection67] INFO  server.RaftServerConfigKeys (ConfUtils.java:logGet(44)) - raft.server.watch.element-limit = 65536 (default)
2022-04-28 13:48:02,167 [0f8914ae-8a7a-42c5-8d1b-d8caec49e59b@group-B4C1D7519224-LeaderElection67] INFO  server.RaftServerConfigKeys (ConfUtils.java:logGet(44)) - raft.server.write.element-limit = 1024 (custom)
2022-04-28 13:48:02,167 [0f8914ae-8a7a-42c5-8d1b-d8caec49e59b@group-B4C1D7519224-LeaderElection67] INFO  server.RaftServerConfigKeys (ConfUtils.java:logGet(44)) - raft.server.write.follower.gap.ratio.max = -1.0 (default)
2022-04-28 13:48:02,167 [0f8914ae-8a7a-42c5-8d1b-d8caec49e59b@group-B4C1D7519224-LeaderElection67] INFO  server.RaftServerConfigKeys (ConfUtils.java:logGet(44)) - raft.server.log.appender.snapshot.chunk.size.max = 16MB (=16777216) (default)
2022-04-28 13:48:02,167 [0f8914ae-8a7a-42c5-8d1b-d8caec49e59b@group-B4C1D7519224-LeaderElection67] INFO  server.RaftServerConfigKeys (ConfUtils.java:logGet(44)) - raft.server.log.appender.buffer.byte-limit = 33554432 (custom)
2022-04-28 13:48:02,167 [0f8914ae-8a7a-42c5-8d1b-d8caec49e59b@group-B4C1D7519224-LeaderElection67] INFO  server.RaftServerConfigKeys (ConfUtils.java:logGet(44)) - raft.server.log.appender.buffer.element-limit = 1 (custom)
2022-04-28 13:48:02,167 [0f8914ae-8a7a-42c5-8d1b-d8caec49e59b@group-B4C1D7519224-LeaderElection67] INFO  grpc.GrpcConfigKeys (ConfUtils.java:logGet(44)) - raft.grpc.server.leader.outstanding.appends.max = 128 (default)
2022-04-28 13:48:02,167 [0f8914ae-8a7a-42c5-8d1b-d8caec49e59b@group-B4C1D7519224-LeaderElection67] INFO  server.RaftServerConfigKeys (ConfUtils.java:logGet(44)) - raft.server.rpc.request.timeout = 3000ms (default)
2022-04-28 13:48:02,167 [0f8914ae-8a7a-42c5-8d1b-d8caec49e59b@group-B4C1D7519224-LeaderElection67] INFO  server.RaftServerConfigKeys (ConfUtils.java:logGet(44)) - raft.server.log.appender.install.snapshot.enabled = false (custom)
2022-04-28 13:48:02,168 [0f8914ae-8a7a-42c5-8d1b-d8caec49e59b@group-B4C1D7519224-LeaderElection67] INFO  server.RaftServerConfigKeys (ConfUtils.java:logGet(44)) - raft.server.log.appender.snapshot.chunk.size.max = 16MB (=16777216) (default)
2022-04-28 13:48:02,168 [0f8914ae-8a7a-42c5-8d1b-d8caec49e59b@group-B4C1D7519224-LeaderElection67] INFO  server.RaftServerConfigKeys (ConfUtils.java:logGet(44)) - raft.server.log.appender.buffer.byte-limit = 33554432 (custom)
2022-04-28 13:48:02,168 [0f8914ae-8a7a-42c5-8d1b-d8caec49e59b@group-B4C1D7519224-LeaderElection67] INFO  server.RaftServerConfigKeys (ConfUtils.java:logGet(44)) - raft.server.log.appender.buffer.element-limit = 1 (custom)
2022-04-28 13:48:02,168 [0f8914ae-8a7a-42c5-8d1b-d8caec49e59b@group-B4C1D7519224-LeaderElection67] INFO  grpc.GrpcConfigKeys (ConfUtils.java:logGet(44)) - raft.grpc.server.leader.outstanding.appends.max = 128 (default)
2022-04-28 13:48:02,168 [0f8914ae-8a7a-42c5-8d1b-d8caec49e59b@group-B4C1D7519224-LeaderElection67] INFO  server.RaftServerConfigKeys (ConfUtils.java:logGet(44)) - raft.server.rpc.request.timeout = 3000ms (default)
2022-04-28 13:48:02,168 [0f8914ae-8a7a-42c5-8d1b-d8caec49e59b@group-B4C1D7519224-LeaderElection67] INFO  server.RaftServerConfigKeys (ConfUtils.java:logGet(44)) - raft.server.log.appender.install.snapshot.enabled = false (custom)
2022-04-28 13:48:02,170 [0f8914ae-8a7a-42c5-8d1b-d8caec49e59b@group-B4C1D7519224-LeaderElection67] INFO  impl.RoleInfo (RoleInfo.java:updateAndGet(130)) - 0f8914ae-8a7a-42c5-8d1b-d8caec49e59b: start 0f8914ae-8a7a-42c5-8d1b-d8caec49e59b@group-B4C1D7519224-LeaderStateImpl
2022-04-28 13:48:02,171 [0f8914ae-8a7a-42c5-8d1b-d8caec49e59b@group-B4C1D7519224-LeaderElection67] INFO  segmented.SegmentedRaftLogWorker (SegmentedRaftLogWorker.java:rollLogSegment(399)) - 0f8914ae-8a7a-42c5-8d1b-d8caec49e59b@group-B4C1D7519224-SegmentedRaftLogWorker: Rolling segment log-0_0 to index:0
2022-04-28 13:48:02,171 [0f8914ae-8a7a-42c5-8d1b-d8caec49e59b@group-B4C1D7519224-SegmentedRaftLogWorker] INFO  segmented.SegmentedRaftLogWorker (SegmentedRaftLogWorker.java:execute(558)) - 0f8914ae-8a7a-42c5-8d1b-d8caec49e59b@group-B4C1D7519224-SegmentedRaftLogWorker: Rolled log segment from /home/runner/work/ozone/ozone/hadoop-ozone/integration-test/target/test-dir/MiniOzoneClusterImpl-b83af172-7a36-4ee1-b1b1-9a7292f569f3/datanode-5/data/ratis/08c748e3-9f82-4401-ae68-b4c1d7519224/current/log_inprogress_0 to /home/runner/work/ozone/ozone/hadoop-ozone/integration-test/target/test-dir/MiniOzoneClusterImpl-b83af172-7a36-4ee1-b1b1-9a7292f569f3/datanode-5/data/ratis/08c748e3-9f82-4401-ae68-b4c1d7519224/current/log_0-0
2022-04-28 13:48:02,172 [0f8914ae-8a7a-42c5-8d1b-d8caec49e59b@group-B4C1D7519224-SegmentedRaftLogWorker] INFO  segmented.SegmentedRaftLogWorker (SegmentedRaftLogWorker.java:execute(601)) - 0f8914ae-8a7a-42c5-8d1b-d8caec49e59b@group-B4C1D7519224-SegmentedRaftLogWorker: created new log segment /home/runner/work/ozone/ozone/hadoop-ozone/integration-test/target/test-dir/MiniOzoneClusterImpl-b83af172-7a36-4ee1-b1b1-9a7292f569f3/datanode-5/data/ratis/08c748e3-9f82-4401-ae68-b4c1d7519224/current/log_inprogress_1
2022-04-28 13:48:02,236 [grpc-default-executor-0] INFO  ratis.XceiverServerRatis (XceiverServerRatis.java:handleLeaderChangedNotification(863)) - Leader change notification received for group: group-B4C1D7519224 with new leaderId: 0f8914ae-8a7a-42c5-8d1b-d8caec49e59b
2022-04-28 13:48:02,236 [grpc-default-executor-0] INFO  server.RaftServer$Division (ServerState.java:setLeader(285)) - 3eb0204c-99db-4ec7-9985-35999c30dd35@group-B4C1D7519224: change Leader from null to 0f8914ae-8a7a-42c5-8d1b-d8caec49e59b at term 2 for appendEntries, leader elected after 93ms
2022-04-28 13:48:02,245 [0f8914ae-8a7a-42c5-8d1b-d8caec49e59b@group-B4C1D7519224-LeaderElection67] INFO  server.RaftServer$Division (ServerState.java:setRaftConf(387)) - 0f8914ae-8a7a-42c5-8d1b-d8caec49e59b@group-B4C1D7519224: set configuration 1: [5b824b54-a886-40a6-8fd7-e73a2bee4a5c|rpc:10.1.0.6:43771|dataStream:|priority:1, 3eb0204c-99db-4ec7-9985-35999c30dd35|rpc:10.1.0.6:42899|dataStream:|priority:0, 0f8914ae-8a7a-42c5-8d1b-d8caec49e59b|rpc:10.1.0.6:36085|dataStream:|priority:0], old=null
2022-04-28 13:48:02,247 [grpc-default-executor-5] WARN  server.GrpcLogAppender (LogUtils.java:warn(122)) - 0f8914ae-8a7a-42c5-8d1b-d8caec49e59b@group-B4C1D7519224->5b824b54-a886-40a6-8fd7-e73a2bee4a5c-AppendLogResponseHandler: Failed appendEntries: org.apache.ratis.thirdparty.io.grpc.StatusRuntimeException: UNAVAILABLE: io exception
2022-04-28 13:48:02,254 [grpc-default-executor-0] INFO  server.RaftServer$Division (ServerState.java:setRaftConf(387)) - 3eb0204c-99db-4ec7-9985-35999c30dd35@group-B4C1D7519224: set configuration 1: [5b824b54-a886-40a6-8fd7-e73a2bee4a5c|rpc:10.1.0.6:43771|dataStream:|priority:1, 3eb0204c-99db-4ec7-9985-35999c30dd35|rpc:10.1.0.6:42899|dataStream:|priority:0, 0f8914ae-8a7a-42c5-8d1b-d8caec49e59b|rpc:10.1.0.6:36085|dataStream:|priority:0], old=null
2022-04-28 13:48:02,254 [grpc-default-executor-0] INFO  segmented.SegmentedRaftLogWorker (SegmentedRaftLogWorker.java:rollLogSegment(399)) - 3eb0204c-99db-4ec7-9985-35999c30dd35@group-B4C1D7519224-SegmentedRaftLogWorker: Rolling segment log-0_0 to index:0
2022-04-28 13:48:02,257 [grpc-default-executor-5] WARN  server.GrpcLogAppender (GrpcLogAppender.java:resetClient(110)) - 0f8914ae-8a7a-42c5-8d1b-d8caec49e59b@group-B4C1D7519224->5b824b54-a886-40a6-8fd7-e73a2bee4a5c-GrpcLogAppender: Leader has not got in touch with Follower 0f8914ae-8a7a-42c5-8d1b-d8caec49e59b@group-B4C1D7519224->5b824b54-a886-40a6-8fd7-e73a2bee4a5c(c-1,m0,n2, attendVote=true, lastRpcSendTime=0, lastRpcResponseTime=5289) yet, just keep nextIndex unchanged and retry.
2022-04-28 13:48:02,268 [3eb0204c-99db-4ec7-9985-35999c30dd35@group-B4C1D7519224-SegmentedRaftLogWorker] INFO  segmented.SegmentedRaftLogWorker (SegmentedRaftLogWorker.java:execute(558)) - 3eb0204c-99db-4ec7-9985-35999c30dd35@group-B4C1D7519224-SegmentedRaftLogWorker: Rolled log segment from /home/runner/work/ozone/ozone/hadoop-ozone/integration-test/target/test-dir/MiniOzoneClusterImpl-b83af172-7a36-4ee1-b1b1-9a7292f569f3/datanode-3/data/ratis/08c748e3-9f82-4401-ae68-b4c1d7519224/current/log_inprogress_0 to /home/runner/work/ozone/ozone/hadoop-ozone/integration-test/target/test-dir/MiniOzoneClusterImpl-b83af172-7a36-4ee1-b1b1-9a7292f569f3/datanode-3/data/ratis/08c748e3-9f82-4401-ae68-b4c1d7519224/current/log_0-0
2022-04-28 13:48:02,277 [3eb0204c-99db-4ec7-9985-35999c30dd35@group-B4C1D7519224-SegmentedRaftLogWorker] INFO  segmented.SegmentedRaftLogWorker (SegmentedRaftLogWorker.java:execute(601)) - 3eb0204c-99db-4ec7-9985-35999c30dd35@group-B4C1D7519224-SegmentedRaftLogWorker: created new log segment /home/runner/work/ozone/ozone/hadoop-ozone/integration-test/target/test-dir/MiniOzoneClusterImpl-b83af172-7a36-4ee1-b1b1-9a7292f569f3/datanode-3/data/ratis/08c748e3-9f82-4401-ae68-b4c1d7519224/current/log_inprogress_1
2022-04-28 13:48:02,309 [grpc-default-executor-0] WARN  server.GrpcLogAppender (LogUtils.java:warn(122)) - 0f8914ae-8a7a-42c5-8d1b-d8caec49e59b@group-B4C1D7519224->5b824b54-a886-40a6-8fd7-e73a2bee4a5c-AppendLogResponseHandler: Failed appendEntries: org.apache.ratis.thirdparty.io.grpc.StatusRuntimeException: UNAVAILABLE: io exception
2022-04-28 13:48:02,310 [grpc-default-executor-0] WARN  server.GrpcLogAppender (GrpcLogAppender.java:resetClient(110)) - 0f8914ae-8a7a-42c5-8d1b-d8caec49e59b@group-B4C1D7519224->5b824b54-a886-40a6-8fd7-e73a2bee4a5c-GrpcLogAppender: Leader has not got in touch with Follower 0f8914ae-8a7a-42c5-8d1b-d8caec49e59b@group-B4C1D7519224->5b824b54-a886-40a6-8fd7-e73a2bee4a5c(c-1,m0,n3, attendVote=true, lastRpcSendTime=53, lastRpcResponseTime=5342) yet, just keep nextIndex unchanged and retry.
2022-04-28 13:48:03,643 [grpc-default-executor-0] WARN  server.GrpcLogAppender (LogUtils.java:warn(122)) - 3eb0204c-99db-4ec7-9985-35999c30dd35@group-F936F465787F->5b824b54-a886-40a6-8fd7-e73a2bee4a5c-AppendLogResponseHandler: Failed appendEntries: org.apache.ratis.thirdparty.io.grpc.StatusRuntimeException: UNAVAILABLE: io exception
2022-04-28 13:48:03,644 [grpc-default-executor-0] WARN  server.GrpcLogAppender (GrpcLogAppender.java:resetClient(110)) - 3eb0204c-99db-4ec7-9985-35999c30dd35@group-F936F465787F->5b824b54-a886-40a6-8fd7-e73a2bee4a5c-GrpcLogAppender: Leader has not got in touch with Follower 3eb0204c-99db-4ec7-9985-35999c30dd35@group-F936F465787F->5b824b54-a886-40a6-8fd7-e73a2bee4a5c(c0,m0,n1, attendVote=true, lastRpcSendTime=0, lastRpcResponseTime=10033) yet, just keep nextIndex unchanged and retry.
2022-04-28 13:48:04,392 [ForkJoinPool.commonPool-worker-1] INFO  ozoneimpl.OzoneContainer (OzoneContainer.java:stop(356)) - Attempting to stop container services.
2022-04-28 13:48:04,394 [ForkJoinPool.commonPool-worker-1] INFO  server.RaftServer (RaftServerProxy.java:lambda$close$6(391)) - 8b9e3e84-a08a-404f-8d97-9d84e294535b: close
2022-04-28 13:48:04,394 [ForkJoinPool.commonPool-worker-1] INFO  server.RaftServer$Division (RaftServerImpl.java:lambda$close$4(412)) - 8b9e3e84-a08a-404f-8d97-9d84e294535b@group-D2D827DEAF3B: shutdown
2022-04-28 13:48:04,394 [ForkJoinPool.commonPool-worker-1] INFO  util.JmxRegister (JmxRegister.java:unregister(73)) - Successfully un-registered JMX Bean with object name Ratis:service=RaftServer,group=group-D2D827DEAF3B,id=8b9e3e84-a08a-404f-8d97-9d84e294535b
2022-04-28 13:48:04,394 [ForkJoinPool.commonPool-worker-1] INFO  impl.RoleInfo (RoleInfo.java:shutdownLeaderState(91)) - 8b9e3e84-a08a-404f-8d97-9d84e294535b: shutdown 8b9e3e84-a08a-404f-8d97-9d84e294535b@group-D2D827DEAF3B-LeaderStateImpl
2022-04-28 13:48:04,394 [ForkJoinPool.commonPool-worker-1] INFO  impl.PendingRequests (PendingRequests.java:sendNotLeaderResponses(282)) - 8b9e3e84-a08a-404f-8d97-9d84e294535b@group-D2D827DEAF3B-PendingRequests: sendNotLeaderResponses
2022-04-28 13:48:04,395 [ForkJoinPool.commonPool-worker-1] INFO  impl.StateMachineUpdater (StateMachineUpdater.java:stopAndJoin(149)) - 8b9e3e84-a08a-404f-8d97-9d84e294535b@group-D2D827DEAF3B-StateMachineUpdater: set stopIndex = 0
2022-04-28 13:48:04,395 [8b9e3e84-a08a-404f-8d97-9d84e294535b@group-D2D827DEAF3B-StateMachineUpdater] INFO  ratis.ContainerStateMachine (ContainerStateMachine.java:takeSnapshot(304)) - group-D2D827DEAF3B: Taking a snapshot at:(t:1, i:0) file /home/runner/work/ozone/ozone/hadoop-ozone/integration-test/target/test-dir/MiniOzoneClusterImpl-b83af172-7a36-4ee1-b1b1-9a7292f569f3/datanode-6/data/ratis/2c9ead6e-c2fe-4efc-9d79-d2d827deaf3b/sm/snapshot.1_0
2022-04-28 13:48:04,396 [8b9e3e84-a08a-404f-8d97-9d84e294535b@group-D2D827DEAF3B-StateMachineUpdater] INFO  ratis.ContainerStateMachine (ContainerStateMachine.java:takeSnapshot(315)) - group-D2D827DEAF3B: Finished taking a snapshot at:(t:1, i:0) file:/home/runner/work/ozone/ozone/hadoop-ozone/integration-test/target/test-dir/MiniOzoneClusterImpl-b83af172-7a36-4ee1-b1b1-9a7292f569f3/datanode-6/data/ratis/2c9ead6e-c2fe-4efc-9d79-d2d827deaf3b/sm/snapshot.1_0 took: 1 ms
2022-04-28 13:48:04,396 [8b9e3e84-a08a-404f-8d97-9d84e294535b@group-D2D827DEAF3B-StateMachineUpdater] INFO  impl.StateMachineUpdater (StateMachineUpdater.java:takeSnapshot(281)) - 8b9e3e84-a08a-404f-8d97-9d84e294535b@group-D2D827DEAF3B-StateMachineUpdater: Took a snapshot at index 0
2022-04-28 13:48:04,396 [8b9e3e84-a08a-404f-8d97-9d84e294535b@group-D2D827DEAF3B-StateMachineUpdater] INFO  impl.StateMachineUpdater (StateMachineUpdater.java:lambda$new$0(89)) - 8b9e3e84-a08a-404f-8d97-9d84e294535b@group-D2D827DEAF3B-StateMachineUpdater: snapshotIndex: updateIncreasingly -1 -> 0
2022-04-28 13:48:04,399 [ForkJoinPool.commonPool-worker-1] INFO  server.RaftServer$Division (ServerState.java:close(419)) - 8b9e3e84-a08a-404f-8d97-9d84e294535b@group-D2D827DEAF3B: closes. applyIndex: 0
2022-04-28 13:48:04,399 [8b9e3e84-a08a-404f-8d97-9d84e294535b@group-D2D827DEAF3B-SegmentedRaftLogWorker] INFO  segmented.SegmentedRaftLogWorker (SegmentedRaftLogWorker.java:run(327)) - 8b9e3e84-a08a-404f-8d97-9d84e294535b@group-D2D827DEAF3B-SegmentedRaftLogWorker was interrupted, exiting. There are 0 tasks remaining in the queue.
2022-04-28 13:48:04,400 [ForkJoinPool.commonPool-worker-1] INFO  segmented.SegmentedRaftLogWorker (SegmentedRaftLogWorker.java:close(237)) - 8b9e3e84-a08a-404f-8d97-9d84e294535b@group-D2D827DEAF3B-SegmentedRaftLogWorker close()
2022-04-28 13:48:04,404 [ForkJoinPool.commonPool-worker-1] INFO  server.GrpcService (GrpcService.java:closeImpl(262)) - 8b9e3e84-a08a-404f-8d97-9d84e294535b: shutdown server with port 42451 now
2022-04-28 13:48:04,404 [ForkJoinPool.commonPool-worker-1] INFO  server.GrpcService (GrpcService.java:closeImpl(271)) - 8b9e3e84-a08a-404f-8d97-9d84e294535b: shutdown server with port 42451 successfully
2022-04-28 13:48:04,404 [org.apache.ratis.util.JvmPauseMonitor$$Lambda$468/1104361616@510dc882] INFO  util.JvmPauseMonitor (JvmPauseMonitor.java:run(109)) - JvmPauseMonitor-8b9e3e84-a08a-404f-8d97-9d84e294535b: Stopped
2022-04-28 13:48:04,434 [Listener at 127.0.0.1/39257] INFO  ozoneimpl.OzoneContainer (OzoneContainer.java:stop(356)) - Attempting to stop container services.
2022-04-28 13:48:04,435 [Listener at 127.0.0.1/39257] INFO  server.RaftServer (RaftServerProxy.java:lambda$close$6(391)) - 3eb0204c-99db-4ec7-9985-35999c30dd35: close
2022-04-28 13:48:04,435 [Listener at 127.0.0.1/39257] INFO  server.RaftServer$Division (RaftServerImpl.java:lambda$close$4(412)) - 3eb0204c-99db-4ec7-9985-35999c30dd35@group-2A2EF2D7B2C6: shutdown
2022-04-28 13:48:04,435 [Listener at 127.0.0.1/39257] INFO  util.JmxRegister (JmxRegister.java:unregister(73)) - Successfully un-registered JMX Bean with object name Ratis:service=RaftServer,group=group-2A2EF2D7B2C6,id=3eb0204c-99db-4ec7-9985-35999c30dd35
2022-04-28 13:48:04,435 [Listener at 127.0.0.1/39257] INFO  impl.RoleInfo (RoleInfo.java:shutdownLeaderState(91)) - 3eb0204c-99db-4ec7-9985-35999c30dd35: shutdown 3eb0204c-99db-4ec7-9985-35999c30dd35@group-2A2EF2D7B2C6-LeaderStateImpl
2022-04-28 13:48:04,435 [Listener at 127.0.0.1/39257] INFO  impl.PendingRequests (PendingRequests.java:sendNotLeaderResponses(282)) - 3eb0204c-99db-4ec7-9985-35999c30dd35@group-2A2EF2D7B2C6-PendingRequests: sendNotLeaderResponses
2022-04-28 13:48:04,436 [Listener at 127.0.0.1/39257] INFO  impl.StateMachineUpdater (StateMachineUpdater.java:stopAndJoin(149)) - 3eb0204c-99db-4ec7-9985-35999c30dd35@group-2A2EF2D7B2C6-StateMachineUpdater: set stopIndex = 0
2022-04-28 13:48:04,436 [3eb0204c-99db-4ec7-9985-35999c30dd35@group-2A2EF2D7B2C6-StateMachineUpdater] INFO  ratis.ContainerStateMachine (ContainerStateMachine.java:takeSnapshot(304)) - group-2A2EF2D7B2C6: Taking a snapshot at:(t:1, i:0) file /home/runner/work/ozone/ozone/hadoop-ozone/integration-test/target/test-dir/MiniOzoneClusterImpl-b83af172-7a36-4ee1-b1b1-9a7292f569f3/datanode-3/data/ratis/ac0beb0b-ff03-4980-8709-2a2ef2d7b2c6/sm/snapshot.1_0
2022-04-28 13:48:04,437 [3eb0204c-99db-4ec7-9985-35999c30dd35@group-2A2EF2D7B2C6-StateMachineUpdater] INFO  ratis.ContainerStateMachine (ContainerStateMachine.java:takeSnapshot(315)) - group-2A2EF2D7B2C6: Finished taking a snapshot at:(t:1, i:0) file:/home/runner/work/ozone/ozone/hadoop-ozone/integration-test/target/test-dir/MiniOzoneClusterImpl-b83af172-7a36-4ee1-b1b1-9a7292f569f3/datanode-3/data/ratis/ac0beb0b-ff03-4980-8709-2a2ef2d7b2c6/sm/snapshot.1_0 took: 1 ms
2022-04-28 13:48:04,438 [3eb0204c-99db-4ec7-9985-35999c30dd35@group-2A2EF2D7B2C6-StateMachineUpdater] INFO  impl.StateMachineUpdater (StateMachineUpdater.java:takeSnapshot(281)) - 3eb0204c-99db-4ec7-9985-35999c30dd35@group-2A2EF2D7B2C6-StateMachineUpdater: Took a snapshot at index 0
2022-04-28 13:48:04,438 [3eb0204c-99db-4ec7-9985-35999c30dd35@group-2A2EF2D7B2C6-StateMachineUpdater] INFO  impl.StateMachineUpdater (StateMachineUpdater.java:lambda$new$0(89)) - 3eb0204c-99db-4ec7-9985-35999c30dd35@group-2A2EF2D7B2C6-StateMachineUpdater: snapshotIndex: updateIncreasingly -1 -> 0
2022-04-28 13:48:04,441 [Listener at 127.0.0.1/39257] INFO  server.RaftServer$Division (ServerState.java:close(419)) - 3eb0204c-99db-4ec7-9985-35999c30dd35@group-2A2EF2D7B2C6: closes. applyIndex: 0
2022-04-28 13:48:04,442 [3eb0204c-99db-4ec7-9985-35999c30dd35@group-2A2EF2D7B2C6-SegmentedRaftLogWorker] INFO  segmented.SegmentedRaftLogWorker (SegmentedRaftLogWorker.java:run(327)) - 3eb0204c-99db-4ec7-9985-35999c30dd35@group-2A2EF2D7B2C6-SegmentedRaftLogWorker was interrupted, exiting. There are 0 tasks remaining in the queue.
2022-04-28 13:48:04,452 [Listener at 127.0.0.1/39257] INFO  segmented.SegmentedRaftLogWorker (SegmentedRaftLogWorker.java:close(237)) - 3eb0204c-99db-4ec7-9985-35999c30dd35@group-2A2EF2D7B2C6-SegmentedRaftLogWorker close()
2022-04-28 13:48:04,461 [Listener at 127.0.0.1/39257] INFO  server.RaftServer$Division (RaftServerImpl.java:lambda$close$4(412)) - 3eb0204c-99db-4ec7-9985-35999c30dd35@group-B4C1D7519224: shutdown
2022-04-28 13:48:04,462 [Listener at 127.0.0.1/39257] INFO  util.JmxRegister (JmxRegister.java:unregister(73)) - Successfully un-registered JMX Bean with object name Ratis:service=RaftServer,group=group-B4C1D7519224,id=3eb0204c-99db-4ec7-9985-35999c30dd35
2022-04-28 13:48:04,462 [Listener at 127.0.0.1/39257] INFO  impl.RoleInfo (RoleInfo.java:shutdownFollowerState(108)) - 3eb0204c-99db-4ec7-9985-35999c30dd35: shutdown 3eb0204c-99db-4ec7-9985-35999c30dd35@group-B4C1D7519224-FollowerState
2022-04-28 13:48:04,462 [Listener at 127.0.0.1/39257] INFO  impl.StateMachineUpdater (StateMachineUpdater.java:stopAndJoin(149)) - 3eb0204c-99db-4ec7-9985-35999c30dd35@group-B4C1D7519224-StateMachineUpdater: set stopIndex = 1
2022-04-28 13:48:04,462 [3eb0204c-99db-4ec7-9985-35999c30dd35@group-B4C1D7519224-StateMachineUpdater] INFO  ratis.ContainerStateMachine (ContainerStateMachine.java:takeSnapshot(304)) - group-B4C1D7519224: Taking a snapshot at:(t:2, i:1) file /home/runner/work/ozone/ozone/hadoop-ozone/integration-test/target/test-dir/MiniOzoneClusterImpl-b83af172-7a36-4ee1-b1b1-9a7292f569f3/datanode-3/data/ratis/08c748e3-9f82-4401-ae68-b4c1d7519224/sm/snapshot.2_1
2022-04-28 13:48:04,462 [3eb0204c-99db-4ec7-9985-35999c30dd35@group-B4C1D7519224-FollowerState] INFO  impl.FollowerState (FollowerState.java:run(143)) - 3eb0204c-99db-4ec7-9985-35999c30dd35@group-B4C1D7519224-FollowerState was interrupted: {}
java.lang.InterruptedException: sleep interrupted
	at java.lang.Thread.sleep(Native Method)
	at java.lang.Thread.sleep(Thread.java:342)
	at java.util.concurrent.TimeUnit.sleep(TimeUnit.java:386)
	at org.apache.ratis.util.TimeDuration.sleep(TimeDuration.java:324)
	at org.apache.ratis.util.TimeDuration.sleep(TimeDuration.java:309)
	at org.apache.ratis.server.impl.FollowerState.run(FollowerState.java:118)
2022-04-28 13:48:04,463 [3eb0204c-99db-4ec7-9985-35999c30dd35@group-B4C1D7519224-StateMachineUpdater] INFO  ratis.ContainerStateMachine (ContainerStateMachine.java:takeSnapshot(315)) - group-B4C1D7519224: Finished taking a snapshot at:(t:2, i:1) file:/home/runner/work/ozone/ozone/hadoop-ozone/integration-test/target/test-dir/MiniOzoneClusterImpl-b83af172-7a36-4ee1-b1b1-9a7292f569f3/datanode-3/data/ratis/08c748e3-9f82-4401-ae68-b4c1d7519224/sm/snapshot.2_1 took: 1 ms
2022-04-28 13:48:04,464 [3eb0204c-99db-4ec7-9985-35999c30dd35@group-B4C1D7519224-StateMachineUpdater] INFO  impl.StateMachineUpdater (StateMachineUpdater.java:takeSnapshot(281)) - 3eb0204c-99db-4ec7-9985-35999c30dd35@group-B4C1D7519224-StateMachineUpdater: Took a snapshot at index 1
2022-04-28 13:48:04,464 [3eb0204c-99db-4ec7-9985-35999c30dd35@group-B4C1D7519224-StateMachineUpdater] INFO  impl.StateMachineUpdater (StateMachineUpdater.java:lambda$new$0(89)) - 3eb0204c-99db-4ec7-9985-35999c30dd35@group-B4C1D7519224-StateMachineUpdater: snapshotIndex: updateIncreasingly -1 -> 1
2022-04-28 13:48:04,475 [Listener at 127.0.0.1/39257] INFO  server.RaftServer$Division (ServerState.java:close(419)) - 3eb0204c-99db-4ec7-9985-35999c30dd35@group-B4C1D7519224: closes. applyIndex: 1
2022-04-28 13:48:04,476 [3eb0204c-99db-4ec7-9985-35999c30dd35@group-B4C1D7519224-SegmentedRaftLogWorker] INFO  segmented.SegmentedRaftLogWorker (SegmentedRaftLogWorker.java:run(327)) - 3eb0204c-99db-4ec7-9985-35999c30dd35@group-B4C1D7519224-SegmentedRaftLogWorker was interrupted, exiting. There are 0 tasks remaining in the queue.
2022-04-28 13:48:04,491 [Listener at 127.0.0.1/39257] INFO  segmented.SegmentedRaftLogWorker (SegmentedRaftLogWorker.java:close(237)) - 3eb0204c-99db-4ec7-9985-35999c30dd35@group-B4C1D7519224-SegmentedRaftLogWorker close()
2022-04-28 13:48:04,493 [Listener at 127.0.0.1/39257] INFO  server.RaftServer$Division (RaftServerImpl.java:lambda$close$4(412)) - 3eb0204c-99db-4ec7-9985-35999c30dd35@group-F936F465787F: shutdown
2022-04-28 13:48:04,493 [Listener at 127.0.0.1/39257] INFO  util.JmxRegister (JmxRegister.java:unregister(73)) - Successfully un-registered JMX Bean with object name Ratis:service=RaftServer,group=group-F936F465787F,id=3eb0204c-99db-4ec7-9985-35999c30dd35
2022-04-28 13:48:04,493 [Listener at 127.0.0.1/39257] INFO  impl.RoleInfo (RoleInfo.java:shutdownLeaderState(91)) - 3eb0204c-99db-4ec7-9985-35999c30dd35: shutdown 3eb0204c-99db-4ec7-9985-35999c30dd35@group-F936F465787F-LeaderStateImpl
2022-04-28 13:48:04,493 [Listener at 127.0.0.1/39257] INFO  impl.PendingRequests (PendingRequests.java:sendNotLeaderResponses(282)) - 3eb0204c-99db-4ec7-9985-35999c30dd35@group-F936F465787F-PendingRequests: sendNotLeaderResponses
2022-04-28 13:48:04,494 [Listener at 127.0.0.1/39257] INFO  impl.StateMachineUpdater (StateMachineUpdater.java:stopAndJoin(149)) - 3eb0204c-99db-4ec7-9985-35999c30dd35@group-F936F465787F-StateMachineUpdater: set stopIndex = 0
2022-04-28 13:48:04,494 [3eb0204c-99db-4ec7-9985-35999c30dd35@group-F936F465787F-StateMachineUpdater] INFO  ratis.ContainerStateMachine (ContainerStateMachine.java:takeSnapshot(304)) - group-F936F465787F: Taking a snapshot at:(t:1, i:0) file /home/runner/work/ozone/ozone/hadoop-ozone/integration-test/target/test-dir/MiniOzoneClusterImpl-b83af172-7a36-4ee1-b1b1-9a7292f569f3/datanode-3/data/ratis/9f08862b-36d1-475c-84df-f936f465787f/sm/snapshot.1_0
2022-04-28 13:48:04,495 [3eb0204c-99db-4ec7-9985-35999c30dd35@group-F936F465787F-StateMachineUpdater] INFO  ratis.ContainerStateMachine (ContainerStateMachine.java:takeSnapshot(315)) - group-F936F465787F: Finished taking a snapshot at:(t:1, i:0) file:/home/runner/work/ozone/ozone/hadoop-ozone/integration-test/target/test-dir/MiniOzoneClusterImpl-b83af172-7a36-4ee1-b1b1-9a7292f569f3/datanode-3/data/ratis/9f08862b-36d1-475c-84df-f936f465787f/sm/snapshot.1_0 took: 1 ms
2022-04-28 13:48:04,495 [3eb0204c-99db-4ec7-9985-35999c30dd35@group-F936F465787F-StateMachineUpdater] INFO  impl.StateMachineUpdater (StateMachineUpdater.java:takeSnapshot(281)) - 3eb0204c-99db-4ec7-9985-35999c30dd35@group-F936F465787F-StateMachineUpdater: Took a snapshot at index 0
2022-04-28 13:48:04,495 [3eb0204c-99db-4ec7-9985-35999c30dd35@group-F936F465787F-StateMachineUpdater] INFO  impl.StateMachineUpdater (StateMachineUpdater.java:lambda$new$0(89)) - 3eb0204c-99db-4ec7-9985-35999c30dd35@group-F936F465787F-StateMachineUpdater: snapshotIndex: updateIncreasingly -1 -> 0
2022-04-28 13:48:04,496 [Listener at 127.0.0.1/39257] INFO  server.RaftServer$Division (ServerState.java:close(419)) - 3eb0204c-99db-4ec7-9985-35999c30dd35@group-F936F465787F: closes. applyIndex: 0
2022-04-28 13:48:04,520 [3eb0204c-99db-4ec7-9985-35999c30dd35@group-F936F465787F->0f8914ae-8a7a-42c5-8d1b-d8caec49e59b-GrpcLogAppender-LogAppenderDaemon] WARN  server.GrpcLogAppender (GrpcLogAppender.java:mayWait(177)) - 3eb0204c-99db-4ec7-9985-35999c30dd35@group-F936F465787F->0f8914ae-8a7a-42c5-8d1b-d8caec49e59b-GrpcLogAppender: Wait interrupted by java.lang.InterruptedException
2022-04-28 13:48:04,521 [grpc-default-executor-0] INFO  server.GrpcServerProtocolService (GrpcServerProtocolService.java:onCompleted(140)) - 0f8914ae-8a7a-42c5-8d1b-d8caec49e59b: Completed APPEND_ENTRIES, lastRequest: 3eb0204c-99db-4ec7-9985-35999c30dd35->0f8914ae-8a7a-42c5-8d1b-d8caec49e59b#1-t1,previous=(t:0, i:0),leaderCommit=-1,initializing? true,entries: size=1, first=(t:1, i:0), CONFIGURATIONENTRY
2022-04-28 13:48:04,522 [grpc-default-executor-0] INFO  server.GrpcLogAppender (GrpcLogAppender.java:onCompleted(346)) - 3eb0204c-99db-4ec7-9985-35999c30dd35@group-F936F465787F->0f8914ae-8a7a-42c5-8d1b-d8caec49e59b-AppendLogResponseHandler: follower responses appendEntries COMPLETED
2022-04-28 13:48:04,522 [grpc-default-executor-0] INFO  leader.FollowerInfo (FollowerInfoImpl.java:lambda$new$0(47)) - 3eb0204c-99db-4ec7-9985-35999c30dd35@group-F936F465787F->0f8914ae-8a7a-42c5-8d1b-d8caec49e59b: nextIndex: updateUnconditionally 1 -> 0
2022-04-28 13:48:04,526 [3eb0204c-99db-4ec7-9985-35999c30dd35@group-F936F465787F-SegmentedRaftLogWorker] INFO  segmented.SegmentedRaftLogWorker (SegmentedRaftLogWorker.java:run(327)) - 3eb0204c-99db-4ec7-9985-35999c30dd35@group-F936F465787F-SegmentedRaftLogWorker was interrupted, exiting. There are 0 tasks remaining in the queue.
2022-04-28 13:48:04,530 [Listener at 127.0.0.1/39257] INFO  segmented.SegmentedRaftLogWorker (SegmentedRaftLogWorker.java:close(237)) - 3eb0204c-99db-4ec7-9985-35999c30dd35@group-F936F465787F-SegmentedRaftLogWorker close()
2022-04-28 13:48:04,531 [Listener at 127.0.0.1/39257] INFO  server.GrpcService (GrpcService.java:closeImpl(262)) - 3eb0204c-99db-4ec7-9985-35999c30dd35: shutdown server with port 42899 now
2022-04-28 13:48:04,535 [grpc-default-executor-5] WARN  server.GrpcServerProtocolService (LogUtils.java:warn(122)) - 3eb0204c-99db-4ec7-9985-35999c30dd35: installSnapshot onError, lastRequest: 0f8914ae-8a7a-42c5-8d1b-d8caec49e59b->3eb0204c-99db-4ec7-9985-35999c30dd35#2-t2,previous=(t:2, i:1),leaderCommit=1,initializing? true,entries: size=1, first=(t:2, i:2), METADATAENTRY(c:1): org.apache.ratis.thirdparty.io.grpc.StatusRuntimeException: CANCELLED: client cancelled
2022-04-28 13:48:04,562 [grpc-default-executor-5] WARN  server.GrpcLogAppender (LogUtils.java:warn(122)) - 0f8914ae-8a7a-42c5-8d1b-d8caec49e59b@group-B4C1D7519224->3eb0204c-99db-4ec7-9985-35999c30dd35-AppendLogResponseHandler: Failed appendEntries: org.apache.ratis.thirdparty.io.grpc.StatusRuntimeException: CANCELLED: HTTP/2 error code: CANCEL
Received Rst Stream
2022-04-28 13:48:04,562 [grpc-default-executor-5] INFO  leader.FollowerInfo (FollowerInfoImpl.java:lambda$new$0(47)) - 0f8914ae-8a7a-42c5-8d1b-d8caec49e59b@group-B4C1D7519224->3eb0204c-99db-4ec7-9985-35999c30dd35: nextIndex: updateUnconditionally 3 -> 2
2022-04-28 13:48:04,563 [Listener at 127.0.0.1/39257] INFO  server.GrpcService (GrpcService.java:closeImpl(271)) - 3eb0204c-99db-4ec7-9985-35999c30dd35: shutdown server with port 42899 successfully
2022-04-28 13:48:04,563 [org.apache.ratis.util.JvmPauseMonitor$$Lambda$468/1104361616@1b51e397] INFO  util.JvmPauseMonitor (JvmPauseMonitor.java:run(109)) - JvmPauseMonitor-3eb0204c-99db-4ec7-9985-35999c30dd35: Stopped
2022-04-28 13:48:04,574 [grpc-default-executor-0] WARN  server.GrpcLogAppender (LogUtils.java:warn(122)) - 0f8914ae-8a7a-42c5-8d1b-d8caec49e59b@group-B4C1D7519224->3eb0204c-99db-4ec7-9985-35999c30dd35-AppendLogResponseHandler: Failed appendEntries: org.apache.ratis.thirdparty.io.grpc.StatusRuntimeException: UNAVAILABLE: io exception
2022-04-28 13:48:04,574 [grpc-default-executor-0] INFO  leader.FollowerInfo (FollowerInfoImpl.java:lambda$new$0(47)) - 0f8914ae-8a7a-42c5-8d1b-d8caec49e59b@group-B4C1D7519224->3eb0204c-99db-4ec7-9985-35999c30dd35: nextIndex: updateUnconditionally 3 -> 2
2022-04-28 13:48:04,811 [grpc-default-executor-0] WARN  server.GrpcLogAppender (LogUtils.java:warn(122)) - 0f8914ae-8a7a-42c5-8d1b-d8caec49e59b@group-B4C1D7519224->5b824b54-a886-40a6-8fd7-e73a2bee4a5c-AppendLogResponseHandler: Failed appendEntries: org.apache.ratis.thirdparty.io.grpc.StatusRuntimeException: UNAVAILABLE: io exception
2022-04-28 13:48:04,812 [grpc-default-executor-0] WARN  server.GrpcLogAppender (GrpcLogAppender.java:resetClient(110)) - 0f8914ae-8a7a-42c5-8d1b-d8caec49e59b@group-B4C1D7519224->5b824b54-a886-40a6-8fd7-e73a2bee4a5c-GrpcLogAppender: Leader has not got in touch with Follower 0f8914ae-8a7a-42c5-8d1b-d8caec49e59b@group-B4C1D7519224->5b824b54-a886-40a6-8fd7-e73a2bee4a5c(c-1,m0,n3, attendVote=true, lastRpcSendTime=0, lastRpcResponseTime=7844) yet, just keep nextIndex unchanged and retry.
2022-04-28 13:48:06,435 [ForkJoinPool.commonPool-worker-1] INFO  utils.BackgroundService (BackgroundService.java:shutdown(132)) - Shutting down service BlockDeletingService
2022-04-28 13:48:06,599 [Listener at 127.0.0.1/39257] INFO  utils.BackgroundService (BackgroundService.java:shutdown(132)) - Shutting down service BlockDeletingService
2022-04-28 13:48:07,074 [grpc-default-executor-0] WARN  server.GrpcLogAppender (LogUtils.java:warn(122)) - 0f8914ae-8a7a-42c5-8d1b-d8caec49e59b@group-B4C1D7519224->3eb0204c-99db-4ec7-9985-35999c30dd35-AppendLogResponseHandler: Failed appendEntries: org.apache.ratis.thirdparty.io.grpc.StatusRuntimeException: UNAVAILABLE: io exception
2022-04-28 13:48:07,074 [grpc-default-executor-0] INFO  leader.FollowerInfo (FollowerInfoImpl.java:lambda$new$0(47)) - 0f8914ae-8a7a-42c5-8d1b-d8caec49e59b@group-B4C1D7519224->3eb0204c-99db-4ec7-9985-35999c30dd35: nextIndex: updateUnconditionally 3 -> 2
2022-04-28 13:48:07,314 [grpc-default-executor-0] WARN  server.GrpcLogAppender (LogUtils.java:warn(122)) - 0f8914ae-8a7a-42c5-8d1b-d8caec49e59b@group-B4C1D7519224->5b824b54-a886-40a6-8fd7-e73a2bee4a5c-AppendLogResponseHandler: Failed appendEntries: org.apache.ratis.thirdparty.io.grpc.StatusRuntimeException: UNAVAILABLE: io exception
2022-04-28 13:48:07,315 [grpc-default-executor-0] WARN  server.GrpcLogAppender (GrpcLogAppender.java:resetClient(110)) - 0f8914ae-8a7a-42c5-8d1b-d8caec49e59b@group-B4C1D7519224->5b824b54-a886-40a6-8fd7-e73a2bee4a5c-GrpcLogAppender: Leader has not got in touch with Follower 0f8914ae-8a7a-42c5-8d1b-d8caec49e59b@group-B4C1D7519224->5b824b54-a886-40a6-8fd7-e73a2bee4a5c(c-1,m0,n3, attendVote=true, lastRpcSendTime=2503, lastRpcResponseTime=10347) yet, just keep nextIndex unchanged and retry.
2022-04-28 13:48:07,571 [0f8914ae-8a7a-42c5-8d1b-d8caec49e59b@group-B4C1D7519224-LeaderStateImpl] WARN  server.RaftServer$Division (LeaderStateImpl.java:checkLeadership(974)) - 0f8914ae-8a7a-42c5-8d1b-d8caec49e59b@group-B4C1D7519224-LeaderStateImpl: Lost leadership on term: 2. Election timeout: 5200ms. In charge for: 5404ms. Conf: 1: [5b824b54-a886-40a6-8fd7-e73a2bee4a5c|rpc:10.1.0.6:43771|dataStream:|priority:1, 3eb0204c-99db-4ec7-9985-35999c30dd35|rpc:10.1.0.6:42899|dataStream:|priority:0, 0f8914ae-8a7a-42c5-8d1b-d8caec49e59b|rpc:10.1.0.6:36085|dataStream:|priority:0], old=null
2022-04-28 13:48:07,571 [0f8914ae-8a7a-42c5-8d1b-d8caec49e59b@group-B4C1D7519224-LeaderStateImpl] WARN  server.RaftServer$Division (LeaderStateImpl.java:lambda$checkLeadership$15(978)) - Follower 0f8914ae-8a7a-42c5-8d1b-d8caec49e59b@group-B4C1D7519224->5b824b54-a886-40a6-8fd7-e73a2bee4a5c(c-1,m0,n3, attendVote=true, lastRpcSendTime=254, lastRpcResponseTime=10603)
2022-04-28 13:48:07,571 [0f8914ae-8a7a-42c5-8d1b-d8caec49e59b@group-B4C1D7519224-LeaderStateImpl] WARN  server.RaftServer$Division (LeaderStateImpl.java:lambda$checkLeadership$15(978)) - Follower 0f8914ae-8a7a-42c5-8d1b-d8caec49e59b@group-B4C1D7519224->3eb0204c-99db-4ec7-9985-35999c30dd35(c1,m2,n2, attendVote=true, lastRpcSendTime=497, lastRpcResponseTime=5210)
2022-04-28 13:48:07,571 [0f8914ae-8a7a-42c5-8d1b-d8caec49e59b@group-B4C1D7519224-LeaderStateImpl] INFO  server.RaftServer$Division (RaftServerImpl.java:setRole(290)) - 0f8914ae-8a7a-42c5-8d1b-d8caec49e59b@group-B4C1D7519224: changes role from    LEADER to FOLLOWER at term 2 for StepDownReason:LOST_MAJORITY_HEARTBEATS
2022-04-28 13:48:07,571 [0f8914ae-8a7a-42c5-8d1b-d8caec49e59b@group-B4C1D7519224-LeaderStateImpl] INFO  impl.RoleInfo (RoleInfo.java:shutdownLeaderState(91)) - 0f8914ae-8a7a-42c5-8d1b-d8caec49e59b: shutdown 0f8914ae-8a7a-42c5-8d1b-d8caec49e59b@group-B4C1D7519224-LeaderStateImpl
2022-04-28 13:48:07,571 [0f8914ae-8a7a-42c5-8d1b-d8caec49e59b@group-B4C1D7519224-LeaderStateImpl] INFO  impl.PendingRequests (PendingRequests.java:sendNotLeaderResponses(282)) - 0f8914ae-8a7a-42c5-8d1b-d8caec49e59b@group-B4C1D7519224-PendingRequests: sendNotLeaderResponses
2022-04-28 13:48:07,573 [0f8914ae-8a7a-42c5-8d1b-d8caec49e59b@group-B4C1D7519224-LeaderStateImpl] INFO  impl.RoleInfo (RoleInfo.java:updateAndGet(130)) - 0f8914ae-8a7a-42c5-8d1b-d8caec49e59b: start 0f8914ae-8a7a-42c5-8d1b-d8caec49e59b@group-B4C1D7519224-FollowerState
2022-04-28 13:48:07,581 [0f8914ae-8a7a-42c5-8d1b-d8caec49e59b@group-B4C1D7519224->3eb0204c-99db-4ec7-9985-35999c30dd35-GrpcLogAppender-LogAppenderDaemon] WARN  server.GrpcLogAppender (GrpcLogAppender.java:mayWait(177)) - 0f8914ae-8a7a-42c5-8d1b-d8caec49e59b@group-B4C1D7519224->3eb0204c-99db-4ec7-9985-35999c30dd35-GrpcLogAppender: Wait interrupted by java.lang.InterruptedException
2022-04-28 13:48:09,503 [ForkJoinPool.commonPool-worker-1] INFO  statemachine.DatanodeStateMachine (DatanodeStateMachine.java:stopDaemon(560)) - Ozone container server stopped.
2022-04-28 13:48:09,526 [ForkJoinPool.commonPool-worker-1] INFO  handler.ContextHandler (ContextHandler.java:doStop(1153)) - Stopped o.e.j.w.WebAppContext@422ab4c3{hddsDatanode,/,null,STOPPED}{jar:file:/home/runner/.m2/repository/org/apache/ozone/hdds-container-service/1.3.0-SNAPSHOT/hdds-container-service-1.3.0-SNAPSHOT.jar!/webapps/hddsDatanode}
2022-04-28 13:48:09,527 [ForkJoinPool.commonPool-worker-1] INFO  server.AbstractConnector (AbstractConnector.java:doStop(381)) - Stopped ServerConnector@3ea67d8f{HTTP/1.1, (http/1.1)}{0.0.0.0:0}
2022-04-28 13:48:09,527 [ForkJoinPool.commonPool-worker-1] INFO  server.session (HouseKeeper.java:stopScavenging(149)) - node0 Stopped scavenging
2022-04-28 13:48:09,535 [ForkJoinPool.commonPool-worker-1] INFO  handler.ContextHandler (ContextHandler.java:doStop(1153)) - Stopped o.e.j.s.ServletContextHandler@18dc5f70{static,/static,jar:file:/home/runner/.m2/repository/org/apache/ozone/hdds-container-service/1.3.0-SNAPSHOT/hdds-container-service-1.3.0-SNAPSHOT.jar!/webapps/static,STOPPED}
2022-04-28 13:48:09,555 [ForkJoinPool.commonPool-worker-1] INFO  handler.ContextHandler (ContextHandler.java:doStop(1153)) - Stopped o.e.j.s.ServletContextHandler@4e759b6e{logs,/logs,file:///home/runner/work/ozone/ozone/hadoop-ozone/integration-test/target/log,STOPPED}
2022-04-28 13:48:09,631 [Listener at 127.0.0.1/39257] INFO  statemachine.DatanodeStateMachine (DatanodeStateMachine.java:stopDaemon(560)) - Ozone container server stopped.
2022-04-28 13:48:09,639 [Listener at 127.0.0.1/39257] INFO  handler.ContextHandler (ContextHandler.java:doStop(1153)) - Stopped o.e.j.w.WebAppContext@7c064ad7{hddsDatanode,/,null,STOPPED}{jar:file:/home/runner/.m2/repository/org/apache/ozone/hdds-container-service/1.3.0-SNAPSHOT/hdds-container-service-1.3.0-SNAPSHOT.jar!/webapps/hddsDatanode}
2022-04-28 13:48:09,646 [Listener at 127.0.0.1/39257] INFO  server.AbstractConnector (AbstractConnector.java:doStop(381)) - Stopped ServerConnector@768c42b8{HTTP/1.1, (http/1.1)}{0.0.0.0:0}
2022-04-28 13:48:09,646 [Listener at 127.0.0.1/39257] INFO  server.session (HouseKeeper.java:stopScavenging(149)) - node0 Stopped scavenging
2022-04-28 13:48:09,646 [Listener at 127.0.0.1/39257] INFO  handler.ContextHandler (ContextHandler.java:doStop(1153)) - Stopped o.e.j.s.ServletContextHandler@a50a03c{static,/static,jar:file:/home/runner/.m2/repository/org/apache/ozone/hdds-container-service/1.3.0-SNAPSHOT/hdds-container-service-1.3.0-SNAPSHOT.jar!/webapps/static,STOPPED}
2022-04-28 13:48:09,646 [Listener at 127.0.0.1/39257] INFO  handler.ContextHandler (ContextHandler.java:doStop(1153)) - Stopped o.e.j.s.ServletContextHandler@273e01e8{logs,/logs,file:///home/runner/work/ozone/ozone/hadoop-ozone/integration-test/target/log,STOPPED}
2022-04-28 13:48:11,800 [0f8914ae-8a7a-42c5-8d1b-d8caec49e59b@group-F936F465787F-FollowerState] INFO  impl.FollowerState (FollowerState.java:run(134)) - 0f8914ae-8a7a-42c5-8d1b-d8caec49e59b@group-F936F465787F-FollowerState: change to CANDIDATE, lastRpcElapsedTime:8168772009ns, electionTimeout:5007ms
2022-04-28 13:48:11,801 [0f8914ae-8a7a-42c5-8d1b-d8caec49e59b@group-F936F465787F-FollowerState] INFO  impl.RoleInfo (RoleInfo.java:shutdownFollowerState(108)) - 0f8914ae-8a7a-42c5-8d1b-d8caec49e59b: shutdown 0f8914ae-8a7a-42c5-8d1b-d8caec49e59b@group-F936F465787F-FollowerState
2022-04-28 13:48:11,801 [0f8914ae-8a7a-42c5-8d1b-d8caec49e59b@group-F936F465787F-FollowerState] INFO  server.RaftServer$Division (RaftServerImpl.java:setRole(290)) - 0f8914ae-8a7a-42c5-8d1b-d8caec49e59b@group-F936F465787F: changes role from  FOLLOWER to CANDIDATE at term 1 for changeToCandidate
2022-04-28 13:48:11,801 [0f8914ae-8a7a-42c5-8d1b-d8caec49e59b@group-F936F465787F-FollowerState] INFO  server.RaftServerConfigKeys (ConfUtils.java:logGet(44)) - raft.server.leaderelection.pre-vote = false (custom)
2022-04-28 13:48:11,801 [0f8914ae-8a7a-42c5-8d1b-d8caec49e59b@group-F936F465787F-FollowerState] INFO  impl.RoleInfo (RoleInfo.java:updateAndGet(130)) - 0f8914ae-8a7a-42c5-8d1b-d8caec49e59b: start 0f8914ae-8a7a-42c5-8d1b-d8caec49e59b@group-F936F465787F-LeaderElection68
2022-04-28 13:48:11,804 [0f8914ae-8a7a-42c5-8d1b-d8caec49e59b@group-F936F465787F-LeaderElection68] INFO  server.RaftServer$Division (ServerState.java:setLeader(285)) - 0f8914ae-8a7a-42c5-8d1b-d8caec49e59b@group-F936F465787F: change Leader from 3eb0204c-99db-4ec7-9985-35999c30dd35 to null at term 1 for ELECTION
2022-04-28 13:48:11,828 [0f8914ae-8a7a-42c5-8d1b-d8caec49e59b@group-F936F465787F-LeaderElection68] INFO  impl.LeaderElection (LeaderElection.java:askForVotes(306)) - 0f8914ae-8a7a-42c5-8d1b-d8caec49e59b@group-F936F465787F-LeaderElection68 ELECTION round 0: submit vote requests at term 2 for 0: [5b824b54-a886-40a6-8fd7-e73a2bee4a5c|rpc:10.1.0.6:43771|dataStream:|priority:0, 3eb0204c-99db-4ec7-9985-35999c30dd35|rpc:10.1.0.6:42899|dataStream:|priority:1, 0f8914ae-8a7a-42c5-8d1b-d8caec49e59b|rpc:10.1.0.6:36085|dataStream:|priority:0], old=null
2022-04-28 13:48:11,832 [0f8914ae-8a7a-42c5-8d1b-d8caec49e59b@group-F936F465787F-LeaderElection68] INFO  impl.LeaderElection (LogUtils.java:infoOrTrace(137)) - 0f8914ae-8a7a-42c5-8d1b-d8caec49e59b@group-F936F465787F-LeaderElection68 got exception when requesting votes: java.util.concurrent.ExecutionException: org.apache.ratis.thirdparty.io.grpc.StatusRuntimeException: UNAVAILABLE: io exception
2022-04-28 13:48:11,833 [0f8914ae-8a7a-42c5-8d1b-d8caec49e59b@group-F936F465787F-LeaderElection68] INFO  impl.LeaderElection (LogUtils.java:infoOrTrace(137)) - 0f8914ae-8a7a-42c5-8d1b-d8caec49e59b@group-F936F465787F-LeaderElection68 got exception when requesting votes: java.util.concurrent.ExecutionException: org.apache.ratis.thirdparty.io.grpc.StatusRuntimeException: UNAVAILABLE: io exception
2022-04-28 13:48:11,833 [0f8914ae-8a7a-42c5-8d1b-d8caec49e59b@group-F936F465787F-LeaderElection68] INFO  impl.LeaderElection (LeaderElection.java:logAndReturn(89)) - 0f8914ae-8a7a-42c5-8d1b-d8caec49e59b@group-F936F465787F-LeaderElection68: ELECTION REJECTED received 0 response(s) and 2 exception(s):
2022-04-28 13:48:11,833 [0f8914ae-8a7a-42c5-8d1b-d8caec49e59b@group-F936F465787F-LeaderElection68] INFO  impl.LeaderElection (LogUtils.java:infoOrTrace(137)) -   Exception 0: java.util.concurrent.ExecutionException: org.apache.ratis.thirdparty.io.grpc.StatusRuntimeException: UNAVAILABLE: io exception
2022-04-28 13:48:11,833 [0f8914ae-8a7a-42c5-8d1b-d8caec49e59b@group-F936F465787F-LeaderElection68] INFO  impl.LeaderElection (LogUtils.java:infoOrTrace(137)) -   Exception 1: java.util.concurrent.ExecutionException: org.apache.ratis.thirdparty.io.grpc.StatusRuntimeException: UNAVAILABLE: io exception
2022-04-28 13:48:11,833 [0f8914ae-8a7a-42c5-8d1b-d8caec49e59b@group-F936F465787F-LeaderElection68] INFO  impl.LeaderElection (LeaderElection.java:askForVotes(308)) - 0f8914ae-8a7a-42c5-8d1b-d8caec49e59b@group-F936F465787F-LeaderElection68 ELECTION round 0: result REJECTED
2022-04-28 13:48:11,833 [0f8914ae-8a7a-42c5-8d1b-d8caec49e59b@group-F936F465787F-LeaderElection68] INFO  server.RaftServer$Division (RaftServerImpl.java:setRole(290)) - 0f8914ae-8a7a-42c5-8d1b-d8caec49e59b@group-F936F465787F: changes role from CANDIDATE to FOLLOWER at term 2 for REJECTED
2022-04-28 13:48:11,833 [0f8914ae-8a7a-42c5-8d1b-d8caec49e59b@group-F936F465787F-LeaderElection68] INFO  impl.RoleInfo (RoleInfo.java:shutdownLeaderElection(121)) - 0f8914ae-8a7a-42c5-8d1b-d8caec49e59b: shutdown 0f8914ae-8a7a-42c5-8d1b-d8caec49e59b@group-F936F465787F-LeaderElection68
2022-04-28 13:48:11,833 [0f8914ae-8a7a-42c5-8d1b-d8caec49e59b@group-F936F465787F-LeaderElection68] INFO  impl.RoleInfo (RoleInfo.java:updateAndGet(130)) - 0f8914ae-8a7a-42c5-8d1b-d8caec49e59b: start 0f8914ae-8a7a-42c5-8d1b-d8caec49e59b@group-F936F465787F-FollowerState
2022-04-28 13:48:12,685 [0f8914ae-8a7a-42c5-8d1b-d8caec49e59b@group-B4C1D7519224-FollowerState] INFO  impl.FollowerState (FollowerState.java:lostMajorityHeartbeatsRecently(107)) - 0f8914ae-8a7a-42c5-8d1b-d8caec49e59b@group-B4C1D7519224-FollowerState: Skipping leader election since it stepped down recently (elapsed = 5112ms < waitTime = 10s)
2022-04-28 13:48:14,565 [ForkJoinPool.commonPool-worker-1] INFO  ozoneimpl.OzoneContainer (OzoneContainer.java:stop(356)) - Attempting to stop container services.
2022-04-28 13:48:14,566 [ForkJoinPool.commonPool-worker-1] INFO  server.RaftServer (RaftServerProxy.java:lambda$close$6(391)) - 0f8914ae-8a7a-42c5-8d1b-d8caec49e59b: close
2022-04-28 13:48:14,566 [ForkJoinPool.commonPool-worker-1] INFO  server.RaftServer$Division (RaftServerImpl.java:lambda$close$4(412)) - 0f8914ae-8a7a-42c5-8d1b-d8caec49e59b@group-B4C1D7519224: shutdown
2022-04-28 13:48:14,566 [ForkJoinPool.commonPool-worker-1] INFO  util.JmxRegister (JmxRegister.java:unregister(73)) - Successfully un-registered JMX Bean with object name Ratis:service=RaftServer,group=group-B4C1D7519224,id=0f8914ae-8a7a-42c5-8d1b-d8caec49e59b
2022-04-28 13:48:14,566 [ForkJoinPool.commonPool-worker-1] INFO  impl.RoleInfo (RoleInfo.java:shutdownFollowerState(108)) - 0f8914ae-8a7a-42c5-8d1b-d8caec49e59b: shutdown 0f8914ae-8a7a-42c5-8d1b-d8caec49e59b@group-B4C1D7519224-FollowerState
2022-04-28 13:48:14,566 [ForkJoinPool.commonPool-worker-1] INFO  impl.StateMachineUpdater (StateMachineUpdater.java:stopAndJoin(149)) - 0f8914ae-8a7a-42c5-8d1b-d8caec49e59b@group-B4C1D7519224-StateMachineUpdater: set stopIndex = 2
2022-04-28 13:48:14,566 [0f8914ae-8a7a-42c5-8d1b-d8caec49e59b@group-B4C1D7519224-FollowerState] INFO  impl.FollowerState (FollowerState.java:run(143)) - 0f8914ae-8a7a-42c5-8d1b-d8caec49e59b@group-B4C1D7519224-FollowerState was interrupted: {}
java.lang.InterruptedException: sleep interrupted
	at java.lang.Thread.sleep(Native Method)
	at java.lang.Thread.sleep(Thread.java:342)
	at java.util.concurrent.TimeUnit.sleep(TimeUnit.java:386)
	at org.apache.ratis.util.TimeDuration.sleep(TimeDuration.java:324)
	at org.apache.ratis.util.TimeDuration.sleep(TimeDuration.java:309)
	at org.apache.ratis.server.impl.FollowerState.run(FollowerState.java:118)
2022-04-28 13:48:14,569 [0f8914ae-8a7a-42c5-8d1b-d8caec49e59b@group-B4C1D7519224-StateMachineUpdater] INFO  ratis.ContainerStateMachine (ContainerStateMachine.java:takeSnapshot(304)) - group-B4C1D7519224: Taking a snapshot at:(t:2, i:2) file /home/runner/work/ozone/ozone/hadoop-ozone/integration-test/target/test-dir/MiniOzoneClusterImpl-b83af172-7a36-4ee1-b1b1-9a7292f569f3/datanode-5/data/ratis/08c748e3-9f82-4401-ae68-b4c1d7519224/sm/snapshot.2_2
2022-04-28 13:48:14,581 [0f8914ae-8a7a-42c5-8d1b-d8caec49e59b@group-B4C1D7519224-StateMachineUpdater] INFO  ratis.ContainerStateMachine (ContainerStateMachine.java:takeSnapshot(315)) - group-B4C1D7519224: Finished taking a snapshot at:(t:2, i:2) file:/home/runner/work/ozone/ozone/hadoop-ozone/integration-test/target/test-dir/MiniOzoneClusterImpl-b83af172-7a36-4ee1-b1b1-9a7292f569f3/datanode-5/data/ratis/08c748e3-9f82-4401-ae68-b4c1d7519224/sm/snapshot.2_2 took: 12 ms
2022-04-28 13:48:14,582 [0f8914ae-8a7a-42c5-8d1b-d8caec49e59b@group-B4C1D7519224-StateMachineUpdater] INFO  impl.StateMachineUpdater (StateMachineUpdater.java:takeSnapshot(281)) - 0f8914ae-8a7a-42c5-8d1b-d8caec49e59b@group-B4C1D7519224-StateMachineUpdater: Took a snapshot at index 2
2022-04-28 13:48:14,582 [0f8914ae-8a7a-42c5-8d1b-d8caec49e59b@group-B4C1D7519224-StateMachineUpdater] INFO  impl.StateMachineUpdater (StateMachineUpdater.java:lambda$new$0(89)) - 0f8914ae-8a7a-42c5-8d1b-d8caec49e59b@group-B4C1D7519224-StateMachineUpdater: snapshotIndex: updateIncreasingly -1 -> 2
2022-04-28 13:48:14,582 [ForkJoinPool.commonPool-worker-1] INFO  server.RaftServer$Division (ServerState.java:close(419)) - 0f8914ae-8a7a-42c5-8d1b-d8caec49e59b@group-B4C1D7519224: closes. applyIndex: 2
2022-04-28 13:48:14,582 [0f8914ae-8a7a-42c5-8d1b-d8caec49e59b@group-B4C1D7519224-SegmentedRaftLogWorker] INFO  segmented.SegmentedRaftLogWorker (SegmentedRaftLogWorker.java:run(327)) - 0f8914ae-8a7a-42c5-8d1b-d8caec49e59b@group-B4C1D7519224-SegmentedRaftLogWorker was interrupted, exiting. There are 0 tasks remaining in the queue.
2022-04-28 13:48:14,583 [ForkJoinPool.commonPool-worker-1] INFO  segmented.SegmentedRaftLogWorker (SegmentedRaftLogWorker.java:close(237)) - 0f8914ae-8a7a-42c5-8d1b-d8caec49e59b@group-B4C1D7519224-SegmentedRaftLogWorker close()
2022-04-28 13:48:14,584 [ForkJoinPool.commonPool-worker-1] INFO  server.RaftServer$Division (RaftServerImpl.java:lambda$close$4(412)) - 0f8914ae-8a7a-42c5-8d1b-d8caec49e59b@group-F936F465787F: shutdown
2022-04-28 13:48:14,584 [ForkJoinPool.commonPool-worker-1] INFO  util.JmxRegister (JmxRegister.java:unregister(73)) - Successfully un-registered JMX Bean with object name Ratis:service=RaftServer,group=group-F936F465787F,id=0f8914ae-8a7a-42c5-8d1b-d8caec49e59b
2022-04-28 13:48:14,584 [ForkJoinPool.commonPool-worker-1] INFO  impl.RoleInfo (RoleInfo.java:shutdownFollowerState(108)) - 0f8914ae-8a7a-42c5-8d1b-d8caec49e59b: shutdown 0f8914ae-8a7a-42c5-8d1b-d8caec49e59b@group-F936F465787F-FollowerState
2022-04-28 13:48:14,584 [ForkJoinPool.commonPool-worker-1] INFO  impl.StateMachineUpdater (StateMachineUpdater.java:stopAndJoin(149)) - 0f8914ae-8a7a-42c5-8d1b-d8caec49e59b@group-F936F465787F-StateMachineUpdater: set stopIndex = 0
2022-04-28 13:48:14,584 [0f8914ae-8a7a-42c5-8d1b-d8caec49e59b@group-F936F465787F-FollowerState] INFO  impl.FollowerState (FollowerState.java:run(143)) - 0f8914ae-8a7a-42c5-8d1b-d8caec49e59b@group-F936F465787F-FollowerState was interrupted: {}
java.lang.InterruptedException: sleep interrupted
	at java.lang.Thread.sleep(Native Method)
	at java.lang.Thread.sleep(Thread.java:342)
	at java.util.concurrent.TimeUnit.sleep(TimeUnit.java:386)
	at org.apache.ratis.util.TimeDuration.sleep(TimeDuration.java:324)
	at org.apache.ratis.util.TimeDuration.sleep(TimeDuration.java:309)
	at org.apache.ratis.server.impl.FollowerState.run(FollowerState.java:118)
2022-04-28 13:48:14,585 [0f8914ae-8a7a-42c5-8d1b-d8caec49e59b@group-F936F465787F-StateMachineUpdater] INFO  ratis.ContainerStateMachine (ContainerStateMachine.java:takeSnapshot(304)) - group-F936F465787F: Taking a snapshot at:(t:1, i:0) file /home/runner/work/ozone/ozone/hadoop-ozone/integration-test/target/test-dir/MiniOzoneClusterImpl-b83af172-7a36-4ee1-b1b1-9a7292f569f3/datanode-5/data/ratis/9f08862b-36d1-475c-84df-f936f465787f/sm/snapshot.1_0
2022-04-28 13:48:14,587 [0f8914ae-8a7a-42c5-8d1b-d8caec49e59b@group-F936F465787F-StateMachineUpdater] INFO  ratis.ContainerStateMachine (ContainerStateMachine.java:takeSnapshot(315)) - group-F936F465787F: Finished taking a snapshot at:(t:1, i:0) file:/home/runner/work/ozone/ozone/hadoop-ozone/integration-test/target/test-dir/MiniOzoneClusterImpl-b83af172-7a36-4ee1-b1b1-9a7292f569f3/datanode-5/data/ratis/9f08862b-36d1-475c-84df-f936f465787f/sm/snapshot.1_0 took: 3 ms
2022-04-28 13:48:14,587 [0f8914ae-8a7a-42c5-8d1b-d8caec49e59b@group-F936F465787F-StateMachineUpdater] INFO  impl.StateMachineUpdater (StateMachineUpdater.java:takeSnapshot(281)) - 0f8914ae-8a7a-42c5-8d1b-d8caec49e59b@group-F936F465787F-StateMachineUpdater: Took a snapshot at index 0
2022-04-28 13:48:14,587 [0f8914ae-8a7a-42c5-8d1b-d8caec49e59b@group-F936F465787F-StateMachineUpdater] INFO  impl.StateMachineUpdater (StateMachineUpdater.java:lambda$new$0(89)) - 0f8914ae-8a7a-42c5-8d1b-d8caec49e59b@group-F936F465787F-StateMachineUpdater: snapshotIndex: updateIncreasingly -1 -> 0
2022-04-28 13:48:14,588 [ForkJoinPool.commonPool-worker-1] INFO  server.RaftServer$Division (ServerState.java:close(419)) - 0f8914ae-8a7a-42c5-8d1b-d8caec49e59b@group-F936F465787F: closes. applyIndex: 0
2022-04-28 13:48:14,588 [0f8914ae-8a7a-42c5-8d1b-d8caec49e59b@group-F936F465787F-SegmentedRaftLogWorker] INFO  segmented.SegmentedRaftLogWorker (SegmentedRaftLogWorker.java:run(327)) - 0f8914ae-8a7a-42c5-8d1b-d8caec49e59b@group-F936F465787F-SegmentedRaftLogWorker was interrupted, exiting. There are 0 tasks remaining in the queue.
2022-04-28 13:48:14,596 [ForkJoinPool.commonPool-worker-1] INFO  segmented.SegmentedRaftLogWorker (SegmentedRaftLogWorker.java:close(237)) - 0f8914ae-8a7a-42c5-8d1b-d8caec49e59b@group-F936F465787F-SegmentedRaftLogWorker close()
2022-04-28 13:48:14,597 [ForkJoinPool.commonPool-worker-1] INFO  server.RaftServer$Division (RaftServerImpl.java:lambda$close$4(412)) - 0f8914ae-8a7a-42c5-8d1b-d8caec49e59b@group-E490289E23BB: shutdown
2022-04-28 13:48:14,597 [ForkJoinPool.commonPool-worker-1] INFO  util.JmxRegister (JmxRegister.java:unregister(73)) - Successfully un-registered JMX Bean with object name Ratis:service=RaftServer,group=group-E490289E23BB,id=0f8914ae-8a7a-42c5-8d1b-d8caec49e59b
2022-04-28 13:48:14,597 [ForkJoinPool.commonPool-worker-1] INFO  impl.RoleInfo (RoleInfo.java:shutdownLeaderState(91)) - 0f8914ae-8a7a-42c5-8d1b-d8caec49e59b: shutdown 0f8914ae-8a7a-42c5-8d1b-d8caec49e59b@group-E490289E23BB-LeaderStateImpl
2022-04-28 13:48:14,597 [ForkJoinPool.commonPool-worker-1] INFO  impl.PendingRequests (PendingRequests.java:sendNotLeaderResponses(282)) - 0f8914ae-8a7a-42c5-8d1b-d8caec49e59b@group-E490289E23BB-PendingRequests: sendNotLeaderResponses
2022-04-28 13:48:14,598 [ForkJoinPool.commonPool-worker-1] INFO  impl.StateMachineUpdater (StateMachineUpdater.java:stopAndJoin(149)) - 0f8914ae-8a7a-42c5-8d1b-d8caec49e59b@group-E490289E23BB-StateMachineUpdater: set stopIndex = 0
2022-04-28 13:48:14,598 [0f8914ae-8a7a-42c5-8d1b-d8caec49e59b@group-E490289E23BB-StateMachineUpdater] INFO  ratis.ContainerStateMachine (ContainerStateMachine.java:takeSnapshot(304)) - group-E490289E23BB: Taking a snapshot at:(t:1, i:0) file /home/runner/work/ozone/ozone/hadoop-ozone/integration-test/target/test-dir/MiniOzoneClusterImpl-b83af172-7a36-4ee1-b1b1-9a7292f569f3/datanode-5/data/ratis/8d75ee49-8cc1-475d-a5da-e490289e23bb/sm/snapshot.1_0
2022-04-28 13:48:14,599 [0f8914ae-8a7a-42c5-8d1b-d8caec49e59b@group-E490289E23BB-StateMachineUpdater] INFO  ratis.ContainerStateMachine (ContainerStateMachine.java:takeSnapshot(315)) - group-E490289E23BB: Finished taking a snapshot at:(t:1, i:0) file:/home/runner/work/ozone/ozone/hadoop-ozone/integration-test/target/test-dir/MiniOzoneClusterImpl-b83af172-7a36-4ee1-b1b1-9a7292f569f3/datanode-5/data/ratis/8d75ee49-8cc1-475d-a5da-e490289e23bb/sm/snapshot.1_0 took: 0 ms
2022-04-28 13:48:14,599 [0f8914ae-8a7a-42c5-8d1b-d8caec49e59b@group-E490289E23BB-StateMachineUpdater] INFO  impl.StateMachineUpdater (StateMachineUpdater.java:takeSnapshot(281)) - 0f8914ae-8a7a-42c5-8d1b-d8caec49e59b@group-E490289E23BB-StateMachineUpdater: Took a snapshot at index 0
2022-04-28 13:48:14,599 [0f8914ae-8a7a-42c5-8d1b-d8caec49e59b@group-E490289E23BB-StateMachineUpdater] INFO  impl.StateMachineUpdater (StateMachineUpdater.java:lambda$new$0(89)) - 0f8914ae-8a7a-42c5-8d1b-d8caec49e59b@group-E490289E23BB-StateMachineUpdater: snapshotIndex: updateIncreasingly -1 -> 0
2022-04-28 13:48:14,599 [ForkJoinPool.commonPool-worker-1] INFO  server.RaftServer$Division (ServerState.java:close(419)) - 0f8914ae-8a7a-42c5-8d1b-d8caec49e59b@group-E490289E23BB: closes. applyIndex: 0
2022-04-28 13:48:14,599 [0f8914ae-8a7a-42c5-8d1b-d8caec49e59b@group-E490289E23BB-SegmentedRaftLogWorker] INFO  segmented.SegmentedRaftLogWorker (SegmentedRaftLogWorker.java:run(327)) - 0f8914ae-8a7a-42c5-8d1b-d8caec49e59b@group-E490289E23BB-SegmentedRaftLogWorker was interrupted, exiting. There are 0 tasks remaining in the queue.
2022-04-28 13:48:14,600 [ForkJoinPool.commonPool-worker-1] INFO  segmented.SegmentedRaftLogWorker (SegmentedRaftLogWorker.java:close(237)) - 0f8914ae-8a7a-42c5-8d1b-d8caec49e59b@group-E490289E23BB-SegmentedRaftLogWorker close()
2022-04-28 13:48:14,629 [ForkJoinPool.commonPool-worker-1] INFO  server.GrpcService (GrpcService.java:closeImpl(262)) - 0f8914ae-8a7a-42c5-8d1b-d8caec49e59b: shutdown server with port 36085 now
2022-04-28 13:48:14,652 [ForkJoinPool.commonPool-worker-1] INFO  server.GrpcService (GrpcService.java:closeImpl(271)) - 0f8914ae-8a7a-42c5-8d1b-d8caec49e59b: shutdown server with port 36085 successfully
2022-04-28 13:48:14,653 [org.apache.ratis.util.JvmPauseMonitor$$Lambda$468/1104361616@4f6648bb] INFO  util.JvmPauseMonitor (JvmPauseMonitor.java:run(109)) - JvmPauseMonitor-0f8914ae-8a7a-42c5-8d1b-d8caec49e59b: Stopped
2022-04-28 13:48:16,687 [ForkJoinPool.commonPool-worker-1] INFO  utils.BackgroundService (BackgroundService.java:shutdown(132)) - Shutting down service BlockDeletingService
2022-04-28 13:48:19,719 [ForkJoinPool.commonPool-worker-1] INFO  statemachine.DatanodeStateMachine (DatanodeStateMachine.java:stopDaemon(560)) - Ozone container server stopped.
2022-04-28 13:48:19,746 [ForkJoinPool.commonPool-worker-1] INFO  handler.ContextHandler (ContextHandler.java:doStop(1153)) - Stopped o.e.j.w.WebAppContext@7d48638a{hddsDatanode,/,null,STOPPED}{jar:file:/home/runner/.m2/repository/org/apache/ozone/hdds-container-service/1.3.0-SNAPSHOT/hdds-container-service-1.3.0-SNAPSHOT.jar!/webapps/hddsDatanode}
2022-04-28 13:48:19,750 [ForkJoinPool.commonPool-worker-1] INFO  server.AbstractConnector (AbstractConnector.java:doStop(381)) - Stopped ServerConnector@6b6f8080{HTTP/1.1, (http/1.1)}{0.0.0.0:0}
2022-04-28 13:48:19,750 [ForkJoinPool.commonPool-worker-1] INFO  server.session (HouseKeeper.java:stopScavenging(149)) - node0 Stopped scavenging
2022-04-28 13:48:19,792 [ForkJoinPool.commonPool-worker-1] INFO  handler.ContextHandler (ContextHandler.java:doStop(1153)) - Stopped o.e.j.s.ServletContextHandler@78a35b9c{static,/static,jar:file:/home/runner/.m2/repository/org/apache/ozone/hdds-container-service/1.3.0-SNAPSHOT/hdds-container-service-1.3.0-SNAPSHOT.jar!/webapps/static,STOPPED}
2022-04-28 13:48:19,813 [ForkJoinPool.commonPool-worker-1] INFO  handler.ContextHandler (ContextHandler.java:doStop(1153)) - Stopped o.e.j.s.ServletContextHandler@6e0b1984{logs,/logs,file:///home/runner/work/ozone/ozone/hadoop-ozone/integration-test/target/log,STOPPED}
2022-04-28 13:48:19,818 [Listener at 127.0.0.1/39257] INFO  ozone.MiniOzoneClusterImpl (MiniOzoneClusterImpl.java:stopSCM(545)) - Stopping the StorageContainerManager
2022-04-28 13:48:19,818 [Listener at 127.0.0.1/39257] INFO  server.StorageContainerManager (StorageContainerManager.java:stop(1415)) - Stopping Container Balancer service.
2022-04-28 13:48:19,818 [Listener at 127.0.0.1/39257] INFO  balancer.ContainerBalancer (ContainerBalancer.java:stopBalancer(923)) - Container Balancer is not running.
2022-04-28 13:48:19,818 [Listener at 127.0.0.1/39257] INFO  server.StorageContainerManager (StorageContainerManager.java:stop(1422)) - Stopping Replication Manager Service.
2022-04-28 13:48:19,818 [Listener at 127.0.0.1/39257] INFO  container.ReplicationManager (ReplicationManager.java:stop(357)) - Stopping Replication Monitor Thread.
2022-04-28 13:48:19,818 [Listener at 127.0.0.1/39257] INFO  server.StorageContainerManager (StorageContainerManager.java:stop(1429)) - Stopping the Datanode Admin Monitor.
2022-04-28 13:48:19,818 [Listener at 127.0.0.1/39257] INFO  server.StorageContainerManager (StorageContainerManager.java:stop(1436)) - Stopping Lease Manager of the command watchers
2022-04-28 13:48:19,818 [Listener at 127.0.0.1/39257] INFO  server.StorageContainerManager (StorageContainerManager.java:stop(1443)) - Stopping datanode service RPC server
2022-04-28 13:48:19,818 [Listener at 127.0.0.1/39257] INFO  server.SCMDatanodeProtocolServer (SCMDatanodeProtocolServer.java:stop(400)) - Stopping the RPC server for DataNodes
2022-04-28 13:48:19,818 [Listener at 127.0.0.1/39257] INFO  ipc.Server (Server.java:stop(3414)) - Stopping server on 40355
2022-04-28 13:48:19,825 [IPC Server Responder] INFO  ipc.Server (Server.java:run(1512)) - Stopping IPC Server Responder
2022-04-28 13:48:19,825 [IPC Server listener on 0] INFO  ipc.Server (Server.java:run(1376)) - Stopping IPC Server listener on 0
2022-04-28 13:48:19,846 [SCM Heartbeat Processing Thread - 0] WARN  node.NodeStateManager (NodeStateManager.java:scheduleNextHealthCheck(815)) - Current Thread is interrupted, shutting down HB processing thread for Node Manager.
2022-04-28 13:48:19,854 [Listener at 127.0.0.1/39257] INFO  server.StorageContainerManager (StorageContainerManager.java:stop(1451)) - Stopping block service RPC server
2022-04-28 13:48:19,854 [Listener at 127.0.0.1/39257] INFO  server.SCMBlockProtocolServer (SCMBlockProtocolServer.java:stop(160)) - Stopping the RPC server for Block Protocol
2022-04-28 13:48:19,854 [Listener at 127.0.0.1/39257] INFO  ipc.Server (Server.java:stop(3414)) - Stopping server on 45703
2022-04-28 13:48:19,858 [IPC Server listener on 0] INFO  ipc.Server (Server.java:run(1376)) - Stopping IPC Server listener on 0
2022-04-28 13:48:19,876 [Listener at 127.0.0.1/39257] INFO  server.StorageContainerManager (StorageContainerManager.java:stop(1458)) - Stopping the StorageContainerLocationProtocol RPC server
2022-04-28 13:48:19,877 [Listener at 127.0.0.1/39257] INFO  server.SCMClientProtocolServer (SCMClientProtocolServer.java:stop(178)) - Stopping the RPC server for Client Protocol
2022-04-28 13:48:19,877 [Listener at 127.0.0.1/39257] INFO  ipc.Server (Server.java:stop(3414)) - Stopping server on 46683
2022-04-28 13:48:19,881 [Listener at 127.0.0.1/39257] INFO  server.StorageContainerManager (StorageContainerManager.java:stop(1465)) - Stopping Storage Container Manager HTTP server.
2022-04-28 13:48:19,881 [IPC Server Responder] INFO  ipc.Server (Server.java:run(1512)) - Stopping IPC Server Responder
2022-04-28 13:48:19,881 [IPC Server listener on 0] INFO  ipc.Server (Server.java:run(1376)) - Stopping IPC Server listener on 0
2022-04-28 13:48:19,907 [IPC Server Responder] INFO  ipc.Server (Server.java:run(1512)) - Stopping IPC Server Responder
2022-04-28 13:48:19,908 [Listener at 127.0.0.1/39257] INFO  handler.ContextHandler (ContextHandler.java:doStop(1153)) - Stopped o.e.j.w.WebAppContext@4d91750{scm,/,null,STOPPED}{file:/home/runner/work/ozone/ozone/hadoop-ozone/integration-test/target/test-classes/webapps/scm}
2022-04-28 13:48:19,910 [Listener at 127.0.0.1/39257] INFO  server.AbstractConnector (AbstractConnector.java:doStop(381)) - Stopped ServerConnector@55397305{HTTP/1.1, (http/1.1)}{0.0.0.0:0}
2022-04-28 13:48:19,910 [Listener at 127.0.0.1/39257] INFO  server.session (HouseKeeper.java:stopScavenging(149)) - node0 Stopped scavenging
2022-04-28 13:48:19,910 [Listener at 127.0.0.1/39257] INFO  handler.ContextHandler (ContextHandler.java:doStop(1153)) - Stopped o.e.j.s.ServletContextHandler@72e54697{static,/static,file:///home/runner/work/ozone/ozone/hadoop-ozone/integration-test/target/test-classes/webapps/static,STOPPED}
2022-04-28 13:48:19,910 [Listener at 127.0.0.1/39257] INFO  handler.ContextHandler (ContextHandler.java:doStop(1153)) - Stopped o.e.j.s.ServletContextHandler@73b5c935{logs,/logs,file:///home/runner/work/ozone/ozone/hadoop-ozone/integration-test/target/log,STOPPED}
2022-04-28 13:48:19,913 [Listener at 127.0.0.1/39257] INFO  server.StorageContainerManager (StorageContainerManager.java:stop(1476)) - Stopping Block Manager Service.
2022-04-28 13:48:19,913 [Listener at 127.0.0.1/39257] INFO  utils.BackgroundService (BackgroundService.java:shutdown(132)) - Shutting down service SCMBlockDeletingService
2022-04-28 13:48:19,913 [Listener at 127.0.0.1/39257] INFO  utils.BackgroundService (BackgroundService.java:shutdown(132)) - Shutting down service SCMBlockDeletingService
2022-04-28 13:48:19,913 [Listener at 127.0.0.1/39257] INFO  server.StorageContainerManager (StorageContainerManager.java:stop(1503)) - Stopping SCM Event Queue.
2022-04-28 13:48:19,916 [Listener at 127.0.0.1/39257] INFO  server.StorageContainerManager (StorageContainerManager.java:stop(1514)) - Stopping SCM HA services.
2022-04-28 13:48:19,916 [Listener at 127.0.0.1/39257] INFO  ha.SCMRatisServerImpl (SCMRatisServerImpl.java:stop(238)) - stopping ratis server 0.0.0.0:9894
2022-04-28 13:48:19,918 [Listener at 127.0.0.1/39257] INFO  server.RaftServer (RaftServerProxy.java:lambda$close$6(391)) - 002018de-f8db-4c7b-a600-8966bee8ed8d: close
2022-04-28 13:48:19,918 [Listener at 127.0.0.1/39257] INFO  server.RaftServer$Division (RaftServerImpl.java:lambda$close$4(412)) - 002018de-f8db-4c7b-a600-8966bee8ed8d@group-9A7292F569F3: shutdown
2022-04-28 13:48:19,918 [Listener at 127.0.0.1/39257] INFO  util.JmxRegister (JmxRegister.java:unregister(73)) - Successfully un-registered JMX Bean with object name Ratis:service=RaftServer,group=group-9A7292F569F3,id=002018de-f8db-4c7b-a600-8966bee8ed8d
2022-04-28 13:48:19,918 [Listener at 127.0.0.1/39257] INFO  impl.RoleInfo (RoleInfo.java:shutdownLeaderState(91)) - 002018de-f8db-4c7b-a600-8966bee8ed8d: shutdown 002018de-f8db-4c7b-a600-8966bee8ed8d@group-9A7292F569F3-LeaderStateImpl
2022-04-28 13:48:19,918 [Listener at 127.0.0.1/39257] INFO  impl.PendingRequests (PendingRequests.java:sendNotLeaderResponses(282)) - 002018de-f8db-4c7b-a600-8966bee8ed8d@group-9A7292F569F3-PendingRequests: sendNotLeaderResponses
2022-04-28 13:48:19,918 [Listener at 127.0.0.1/39257] INFO  ha.SCMStateMachine (SCMStateMachine.java:notifyNotLeader(190)) - current leader SCM steps down.
2022-04-28 13:48:19,918 [Listener at 127.0.0.1/39257] INFO  ha.SCMContext (SCMContext.java:updateLeaderAndTerm(90)) - update <isLeader,term> from <true,2> to <false,0>
2022-04-28 13:48:19,918 [Listener at 127.0.0.1/39257] INFO  ha.SCMContext (SCMContext.java:updateLeaderAndTerm(97)) - update <isLeaderReady> from <false> to <false>
2022-04-28 13:48:19,919 [Listener at 127.0.0.1/39257] INFO  pipeline.BackgroundPipelineScrubber (BackgroundPipelineScrubber.java:notifyStatusChanged(92)) - Service BackgroundPipelineScrubber transitions to PAUSING.
2022-04-28 13:48:19,920 [002018de-f8db-4c7b-a600-8966bee8ed8d@group-9A7292F569F3-StateMachineUpdater] INFO  ha.SCMStateMachine (SCMStateMachine.java:takeSnapshot(297)) - Current Snapshot Index 50, takeSnapshot took 0 ms
2022-04-28 13:48:19,920 [002018de-f8db-4c7b-a600-8966bee8ed8d@group-9A7292F569F3-StateMachineUpdater] INFO  impl.StateMachineUpdater (StateMachineUpdater.java:takeSnapshot(281)) - 002018de-f8db-4c7b-a600-8966bee8ed8d@group-9A7292F569F3-StateMachineUpdater: Took a snapshot at index 50
2022-04-28 13:48:19,920 [002018de-f8db-4c7b-a600-8966bee8ed8d@group-9A7292F569F3-StateMachineUpdater] INFO  impl.StateMachineUpdater (StateMachineUpdater.java:lambda$new$0(89)) - 002018de-f8db-4c7b-a600-8966bee8ed8d@group-9A7292F569F3-StateMachineUpdater: snapshotIndex: updateIncreasingly -1 -> 50
2022-04-28 13:48:19,921 [002018de-f8db-4c7b-a600-8966bee8ed8d@group-9A7292F569F3-StateMachineUpdater] INFO  server.StorageContainerManager (StorageContainerManager.java:stop(1415)) - Stopping Container Balancer service.
2022-04-28 13:48:19,921 [002018de-f8db-4c7b-a600-8966bee8ed8d@group-9A7292F569F3-StateMachineUpdater] INFO  balancer.ContainerBalancer (ContainerBalancer.java:stopBalancer(923)) - Container Balancer is not running.
2022-04-28 13:48:19,921 [002018de-f8db-4c7b-a600-8966bee8ed8d@group-9A7292F569F3-StateMachineUpdater] INFO  server.StorageContainerManager (StorageContainerManager.java:stop(1422)) - Stopping Replication Manager Service.
2022-04-28 13:48:19,921 [002018de-f8db-4c7b-a600-8966bee8ed8d@group-9A7292F569F3-StateMachineUpdater] INFO  container.ReplicationManager (ReplicationManager.java:stop(364)) - Replication Monitor Thread is not running.
2022-04-28 13:48:19,921 [002018de-f8db-4c7b-a600-8966bee8ed8d@group-9A7292F569F3-StateMachineUpdater] INFO  server.StorageContainerManager (StorageContainerManager.java:stop(1429)) - Stopping the Datanode Admin Monitor.
2022-04-28 13:48:19,921 [002018de-f8db-4c7b-a600-8966bee8ed8d@group-9A7292F569F3-StateMachineUpdater] INFO  server.StorageContainerManager (StorageContainerManager.java:stop(1436)) - Stopping Lease Manager of the command watchers
2022-04-28 13:48:19,921 [002018de-f8db-4c7b-a600-8966bee8ed8d@group-9A7292F569F3-StateMachineUpdater] ERROR server.StorageContainerManager (StorageContainerManager.java:stop(1439)) - Lease Manager of the command watchers stop failed
2022-04-28 13:48:19,921 [002018de-f8db-4c7b-a600-8966bee8ed8d@group-9A7292F569F3-StateMachineUpdater] INFO  server.StorageContainerManager (StorageContainerManager.java:stop(1443)) - Stopping datanode service RPC server
2022-04-28 13:48:19,921 [002018de-f8db-4c7b-a600-8966bee8ed8d@group-9A7292F569F3-StateMachineUpdater] INFO  server.SCMDatanodeProtocolServer (SCMDatanodeProtocolServer.java:stop(400)) - Stopping the RPC server for DataNodes
2022-04-28 13:48:19,921 [002018de-f8db-4c7b-a600-8966bee8ed8d@group-9A7292F569F3-StateMachineUpdater] INFO  ipc.Server (Server.java:stop(3414)) - Stopping server on 40355
2022-04-28 13:48:19,921 [002018de-f8db-4c7b-a600-8966bee8ed8d@group-9A7292F569F3-StateMachineUpdater] INFO  server.StorageContainerManager (StorageContainerManager.java:stop(1451)) - Stopping block service RPC server
2022-04-28 13:48:19,921 [002018de-f8db-4c7b-a600-8966bee8ed8d@group-9A7292F569F3-StateMachineUpdater] INFO  server.SCMBlockProtocolServer (SCMBlockProtocolServer.java:stop(160)) - Stopping the RPC server for Block Protocol
2022-04-28 13:48:19,921 [002018de-f8db-4c7b-a600-8966bee8ed8d@group-9A7292F569F3-StateMachineUpdater] INFO  ipc.Server (Server.java:stop(3414)) - Stopping server on 45703
2022-04-28 13:48:19,921 [002018de-f8db-4c7b-a600-8966bee8ed8d@group-9A7292F569F3-StateMachineUpdater] INFO  server.StorageContainerManager (StorageContainerManager.java:stop(1458)) - Stopping the StorageContainerLocationProtocol RPC server
2022-04-28 13:48:19,921 [002018de-f8db-4c7b-a600-8966bee8ed8d@group-9A7292F569F3-StateMachineUpdater] INFO  server.SCMClientProtocolServer (SCMClientProtocolServer.java:stop(178)) - Stopping the RPC server for Client Protocol
2022-04-28 13:48:19,921 [002018de-f8db-4c7b-a600-8966bee8ed8d@group-9A7292F569F3-StateMachineUpdater] INFO  ipc.Server (Server.java:stop(3414)) - Stopping server on 46683
2022-04-28 13:48:19,921 [002018de-f8db-4c7b-a600-8966bee8ed8d@group-9A7292F569F3-StateMachineUpdater] INFO  server.StorageContainerManager (StorageContainerManager.java:stop(1465)) - Stopping Storage Container Manager HTTP server.
2022-04-28 13:48:19,922 [002018de-f8db-4c7b-a600-8966bee8ed8d@group-9A7292F569F3-StateMachineUpdater] INFO  server.StorageContainerManager (StorageContainerManager.java:stop(1476)) - Stopping Block Manager Service.
2022-04-28 13:48:19,922 [002018de-f8db-4c7b-a600-8966bee8ed8d@group-9A7292F569F3-StateMachineUpdater] INFO  utils.BackgroundService (BackgroundService.java:shutdown(132)) - Shutting down service SCMBlockDeletingService
2022-04-28 13:48:19,922 [002018de-f8db-4c7b-a600-8966bee8ed8d@group-9A7292F569F3-StateMachineUpdater] INFO  utils.BackgroundService (BackgroundService.java:shutdown(132)) - Shutting down service SCMBlockDeletingService
2022-04-28 13:48:19,922 [002018de-f8db-4c7b-a600-8966bee8ed8d@group-9A7292F569F3-StateMachineUpdater] INFO  server.StorageContainerManager (StorageContainerManager.java:stop(1503)) - Stopping SCM Event Queue.
2022-04-28 13:48:19,932 [Listener at 127.0.0.1/39257] INFO  impl.StateMachineUpdater (StateMachineUpdater.java:stopAndJoin(149)) - 002018de-f8db-4c7b-a600-8966bee8ed8d@group-9A7292F569F3-StateMachineUpdater: set stopIndex = 50
2022-04-28 13:48:19,938 [002018de-f8db-4c7b-a600-8966bee8ed8d@group-9A7292F569F3-StateMachineUpdater] INFO  server.StorageContainerManager (StorageContainerManager.java:stop(1514)) - Stopping SCM HA services.
2022-04-28 13:48:19,938 [002018de-f8db-4c7b-a600-8966bee8ed8d@group-9A7292F569F3-StateMachineUpdater] INFO  ha.SCMRatisServerImpl (SCMRatisServerImpl.java:stop(238)) - stopping ratis server 0.0.0.0:9894
2022-04-28 13:48:19,938 [org.apache.ratis.util.JvmPauseMonitor$$Lambda$468/1104361616@5cc91345] INFO  util.JvmPauseMonitor (JvmPauseMonitor.java:run(109)) - JvmPauseMonitor-002018de-f8db-4c7b-a600-8966bee8ed8d: Stopped
2022-04-28 13:48:19,939 [002018de-f8db-4c7b-a600-8966bee8ed8d@group-9A7292F569F3-StateMachineUpdater] INFO  pipeline.BackgroundPipelineCreator (BackgroundPipelineCreator.java:stop(148)) - Stopping RatisPipelineUtilsThread.
2022-04-28 13:48:19,940 [002018de-f8db-4c7b-a600-8966bee8ed8d@group-9A7292F569F3-StateMachineUpdater] INFO  pipeline.BackgroundPipelineScrubber (BackgroundPipelineScrubber.java:stop(141)) - Stopping Pipeline Scrubber Service.
2022-04-28 13:48:19,941 [002018de-f8db-4c7b-a600-8966bee8ed8d@group-9A7292F569F3-StateMachineUpdater] INFO  server.StorageContainerManager (StorageContainerManager.java:stop(1524)) - Stopping SCM MetadataStore.
2022-04-28 13:48:19,942 [002018de-f8db-4c7b-a600-8966bee8ed8d@group-9A7292F569F3-StateMachineUpdater] INFO  impl.MetricsSystemImpl (MetricsSystemImpl.java:stop(210)) - Stopping HddsDatanode metrics system...
2022-04-28 13:48:19,983 [prometheus] INFO  impl.MetricsSinkAdapter (MetricsSinkAdapter.java:publishMetricsFromQueue(141)) - prometheus thread interrupted.
2022-04-28 13:48:19,986 [002018de-f8db-4c7b-a600-8966bee8ed8d@group-9A7292F569F3-StateMachineUpdater] INFO  impl.MetricsSystemImpl (MetricsSystemImpl.java:stop(216)) - HddsDatanode metrics system stopped.
2022-04-28 13:48:19,986 [002018de-f8db-4c7b-a600-8966bee8ed8d@group-9A7292F569F3-StateMachineUpdater] ERROR server.StorageContainerManager (ExitUtils.java:terminate(133)) - Terminating with exit status 1: scm statemachine is closed by ratis, terminate SCM
2022-04-28 13:48:19,986 [002018de-f8db-4c7b-a600-8966bee8ed8d@group-9A7292F569F3-StateMachineUpdater] WARN  impl.StateMachineUpdater (StateMachineUpdater.java:stop(133)) - 002018de-f8db-4c7b-a600-8966bee8ed8d@group-9A7292F569F3-StateMachineUpdater: Failed to close SCMStateMachine SCMStateMachine:002018de-f8db-4c7b-a600-8966bee8ed8d:group-9A7292F569F3
org.apache.ratis.util.ExitUtils$ExitException: scm statemachine is closed by ratis, terminate SCM
	at org.apache.ratis.util.ExitUtils.terminate(ExitUtils.java:141)
	at org.apache.ratis.util.ExitUtils.terminate(ExitUtils.java:151)
	at org.apache.ratis.util.ExitUtils.terminate(ExitUtils.java:155)
	at org.apache.hadoop.hdds.scm.server.StorageContainerManager.shutDown(StorageContainerManager.java:1540)
	at org.apache.hadoop.hdds.scm.ha.SCMStateMachine.close(SCMStateMachine.java:402)
	at org.apache.ratis.server.impl.StateMachineUpdater.stop(StateMachineUpdater.java:130)
	at org.apache.ratis.server.impl.StateMachineUpdater.run(StateMachineUpdater.java:184)
	at java.lang.Thread.run(Thread.java:750)
2022-04-28 13:48:19,987 [Listener at 127.0.0.1/39257] INFO  server.RaftServer$Division (ServerState.java:close(419)) - 002018de-f8db-4c7b-a600-8966bee8ed8d@group-9A7292F569F3: closes. applyIndex: 50
2022-04-28 13:48:19,987 [002018de-f8db-4c7b-a600-8966bee8ed8d@group-9A7292F569F3-SegmentedRaftLogWorker] INFO  segmented.SegmentedRaftLogWorker (SegmentedRaftLogWorker.java:run(327)) - 002018de-f8db-4c7b-a600-8966bee8ed8d@group-9A7292F569F3-SegmentedRaftLogWorker was interrupted, exiting. There are 0 tasks remaining in the queue.
2022-04-28 13:48:19,998 [Listener at 127.0.0.1/39257] INFO  segmented.SegmentedRaftLogWorker (SegmentedRaftLogWorker.java:close(237)) - 002018de-f8db-4c7b-a600-8966bee8ed8d@group-9A7292F569F3-SegmentedRaftLogWorker close()
2022-04-28 13:48:19,998 [Listener at 127.0.0.1/39257] INFO  server.GrpcService (GrpcService.java:closeImpl(262)) - 002018de-f8db-4c7b-a600-8966bee8ed8d: shutdown server with port 9894 now
2022-04-28 13:48:20,000 [Listener at 127.0.0.1/39257] INFO  server.GrpcService (GrpcService.java:closeImpl(271)) - 002018de-f8db-4c7b-a600-8966bee8ed8d: shutdown server with port 9894 successfully
2022-04-28 13:48:20,000 [Listener at 127.0.0.1/39257] WARN  pipeline.BackgroundPipelineCreator (BackgroundPipelineCreator.java:stop(144)) - RatisPipelineUtilsThread is not running, just ignore.
2022-04-28 13:48:20,000 [Listener at 127.0.0.1/39257] INFO  pipeline.BackgroundPipelineScrubber (BackgroundPipelineScrubber.java:stop(136)) - Pipeline Scrubber Service is not running, skip stop.
2022-04-28 13:48:20,000 [Listener at 127.0.0.1/39257] INFO  server.StorageContainerManager (StorageContainerManager.java:stop(1524)) - Stopping SCM MetadataStore.
2022-04-28 13:48:20,000 [Listener at 127.0.0.1/39257] INFO  impl.MetricsSystemImpl (MetricsSystemImpl.java:stop(205)) - HddsDatanode metrics system stopped (again)
]]></system-out>
  </testcase>
</testsuite>