<?xml version="1.0" encoding="UTF-8"?>
<testsuite xmlns:xsi="http://www.w3.org/2001/XMLSchema-instance" xsi:noNamespaceSchemaLocation="https://maven.apache.org/surefire/maven-surefire-plugin/xsd/surefire-test-report-3.0.xsd" version="3.0" name="org.apache.hadoop.hdds.upgrade.TestScmHAFinalization" time="1,136.319" tests="4" errors="1" skipped="0" failures="0">
  <properties>
    <property name="awt.toolkit" value="sun.awt.X11.XToolkit"/>
    <property name="file.encoding.pkg" value="sun.io"/>
    <property name="java.specification.version" value="1.8"/>
    <property name="sun.cpu.isalist" value=""/>
    <property name="sun.jnu.encoding" value="UTF-8"/>
    <property name="gradle.enterprise.listener.surefire.forkId" value="1"/>
    <property name="java.class.path" value="/home/runner/work/ozone/ozone/hadoop-ozone/integration-test/target/test-classes:/home/runner/work/ozone/ozone/hadoop-ozone/integration-test/target/classes:/home/runner/work/ozone/ozone/hadoop-ozone/common/target/classes:/home/runner/.m2/repository/io/grpc/grpc-netty/1.58.0/grpc-netty-1.58.0.jar:/home/runner/.m2/repository/io/grpc/grpc-core/1.58.0/grpc-core-1.58.0.jar:/home/runner/.m2/repository/com/google/android/annotations/4.1.1.4/annotations-4.1.1.4.jar:/home/runner/.m2/repository/org/codehaus/mojo/animal-sniffer-annotations/1.23/animal-sniffer-annotations-1.23.jar:/home/runner/.m2/repository/io/grpc/grpc-context/1.58.0/grpc-context-1.58.0.jar:/home/runner/.m2/repository/io/grpc/grpc-util/1.58.0/grpc-util-1.58.0.jar:/home/runner/.m2/repository/com/google/errorprone/error_prone_annotations/2.2.0/error_prone_annotations-2.2.0.jar:/home/runner/.m2/repository/io/perfmark/perfmark-api/0.26.0/perfmark-api-0.26.0.jar:/home/runner/.m2/repository/io/netty/netty-codec-http2/4.1.100.Final/netty-codec-http2-4.1.100.Final.jar:/home/runner/.m2/repository/io/netty/netty-common/4.1.100.Final/netty-common-4.1.100.Final.jar:/home/runner/.m2/repository/io/netty/netty-buffer/4.1.100.Final/netty-buffer-4.1.100.Final.jar:/home/runner/.m2/repository/io/netty/netty-codec-http/4.1.100.Final/netty-codec-http-4.1.100.Final.jar:/home/runner/.m2/repository/io/netty/netty-handler-proxy/4.1.100.Final/netty-handler-proxy-4.1.100.Final.jar:/home/runner/.m2/repository/io/netty/netty-codec-socks/4.1.100.Final/netty-codec-socks-4.1.100.Final.jar:/home/runner/.m2/repository/io/netty/netty-tcnative-boringssl-static/2.0.61.Final/netty-tcnative-boringssl-static-2.0.61.Final.jar:/home/runner/.m2/repository/io/netty/netty-tcnative-classes/2.0.61.Final/netty-tcnative-classes-2.0.61.Final.jar:/home/runner/.m2/repository/io/netty/netty-tcnative-boringssl-static/2.0.61.Final/netty-tcnative-boringssl-static-2.0.61.Final-linux-x86_64.jar:/home/runner/.m2/repository/io/netty/netty-tcnative-boringssl-static/2.0.61.Final/netty-tcnative-boringssl-static-2.0.61.Final-linux-aarch_64.jar:/home/runner/.m2/repository/io/netty/netty-tcnative-boringssl-static/2.0.61.Final/netty-tcnative-boringssl-static-2.0.61.Final-osx-x86_64.jar:/home/runner/.m2/repository/io/netty/netty-tcnative-boringssl-static/2.0.61.Final/netty-tcnative-boringssl-static-2.0.61.Final-osx-aarch_64.jar:/home/runner/.m2/repository/io/netty/netty-tcnative-boringssl-static/2.0.61.Final/netty-tcnative-boringssl-static-2.0.61.Final-windows-x86_64.jar:/home/runner/.m2/repository/org/apache/commons/commons-compress/1.26.0/commons-compress-1.26.0.jar:/home/runner/work/ozone/ozone/hadoop-hdds/common/target/classes:/home/runner/work/ozone/ozone/hadoop-hdds/client/target/classes:/home/runner/work/ozone/ozone/hadoop-ozone/interface-client/target/classes:/home/runner/.m2/repository/org/apache/hadoop/hadoop-hdfs-client/3.3.6/hadoop-hdfs-client-3.3.6.jar:/home/runner/.m2/repository/com/squareup/okhttp3/okhttp/4.12.0/okhttp-4.12.0.jar:/home/runner/.m2/repository/com/squareup/okio/okio/3.6.0/okio-3.6.0.jar:/home/runner/.m2/repository/com/squareup/okio/okio-jvm/3.6.0/okio-jvm-3.6.0.jar:/home/runner/.m2/repository/org/jetbrains/kotlin/kotlin-stdlib-jdk8/1.9.22/kotlin-stdlib-jdk8-1.9.22.jar:/home/runner/.m2/repository/org/jetbrains/kotlin/kotlin-stdlib-jdk7/1.9.22/kotlin-stdlib-jdk7-1.9.22.jar:/home/runner/.m2/repository/org/jetbrains/kotlin/kotlin-stdlib-common/1.9.22/kotlin-stdlib-common-1.9.22.jar:/home/runner/work/ozone/ozone/hadoop-hdds/test-utils/target/classes:/home/runner/.m2/repository/org/assertj/assertj-core/3.12.2/assertj-core-3.12.2.jar:/home/runner/.m2/repository/com/google/guava/guava/32.0.0-jre/guava-32.0.0-jre.jar:/home/runner/.m2/repository/com/google/guava/failureaccess/1.0.1/failureaccess-1.0.1.jar:/home/runner/.m2/repository/com/google/guava/listenablefuture/9999.0-empty-to-avoid-conflict-with-guava/listenablefuture-9999.0-empty-to-avoid-conflict-with-guava.jar:/home/runner/.m2/repository/org/checkerframework/checker-qual/3.33.0/checker-qual-3.33.0.jar:/home/runner/.m2/repository/com/google/j2objc/j2objc-annotations/2.8/j2objc-annotations-2.8.jar:/home/runner/.m2/repository/commons-io/commons-io/2.16.0/commons-io-2.16.0.jar:/home/runner/.m2/repository/commons-logging/commons-logging/1.2/commons-logging-1.2.jar:/home/runner/.m2/repository/org/junit/jupiter/junit-jupiter-api/5.10.2/junit-jupiter-api-5.10.2.jar:/home/runner/.m2/repository/org/opentest4j/opentest4j/1.3.0/opentest4j-1.3.0.jar:/home/runner/.m2/repository/org/junit/platform/junit-platform-commons/1.10.2/junit-platform-commons-1.10.2.jar:/home/runner/.m2/repository/ch/qos/reload4j/reload4j/1.2.25/reload4j-1.2.25.jar:/home/runner/.m2/repository/jakarta/annotation/jakarta.annotation-api/2.1.1/jakarta.annotation-api-2.1.1.jar:/home/runner/.m2/repository/org/slf4j/slf4j-api/2.0.12/slf4j-api-2.0.12.jar:/home/runner/.m2/repository/org/apache/logging/log4j/log4j-api/2.17.1/log4j-api-2.17.1.jar:/home/runner/work/ozone/ozone/hadoop-hdds/server-scm/target/classes:/home/runner/.m2/repository/com/google/protobuf/protobuf-java/2.5.0/protobuf-java-2.5.0.jar:/home/runner/work/ozone/ozone/hadoop-hdds/container-service/target/classes:/home/runner/work/ozone/ozone/hadoop-hdds/hadoop-dependency-server/target/classes:/home/runner/.m2/repository/com/nimbusds/nimbus-jose-jwt/9.37.2/nimbus-jose-jwt-9.37.2.jar:/home/runner/.m2/repository/com/github/stephenc/jcip/jcip-annotations/1.0-1/jcip-annotations-1.0-1.jar:/home/runner/.m2/repository/org/apache/hadoop/hadoop-hdfs/3.3.6/hadoop-hdfs-3.3.6.jar:/home/runner/.m2/repository/commons-daemon/commons-daemon/1.0.13/commons-daemon-1.0.13.jar:/home/runner/.m2/repository/org/xerial/snappy/snappy-java/1.1.10.5/snappy-java-1.1.10.5.jar:/home/runner/work/ozone/ozone/hadoop-hdds/framework/target/classes:/home/runner/.m2/repository/org/bouncycastle/bcprov-jdk18on/1.77/bcprov-jdk18on-1.77.jar:/home/runner/.m2/repository/io/dropwizard/metrics/metrics-core/3.2.4/metrics-core-3.2.4.jar:/home/runner/.m2/repository/org/apache/commons/commons-text/1.11.0/commons-text-1.11.0.jar:/home/runner/work/ozone/ozone/hadoop-hdds/framework/target/test-classes:/home/runner/work/ozone/ozone/hadoop-hdds/interface-server/target/classes:/home/runner/work/ozone/ozone/hadoop-hdds/interface-admin/target/classes:/home/runner/work/ozone/ozone/hadoop-hdds/managed-rocksdb/target/classes:/home/runner/.m2/repository/org/rocksdb/rocksdbjni/7.7.3/rocksdbjni-7.7.3.jar:/home/runner/.m2/repository/org/slf4j/slf4j-reload4j/2.0.12/slf4j-reload4j-2.0.12.jar:/home/runner/.m2/repository/org/apache/commons/commons-configuration2/2.10.1/commons-configuration2-2.10.1.jar:/home/runner/.m2/repository/commons-fileupload/commons-fileupload/1.5/commons-fileupload-1.5.jar:/home/runner/.m2/repository/org/apache/logging/log4j/log4j-core/2.17.1/log4j-core-2.17.1.jar:/home/runner/.m2/repository/com/lmax/disruptor/3.4.4/disruptor-3.4.4.jar:/home/runner/.m2/repository/org/eclipse/jetty/jetty-util/9.4.53.v20231009/jetty-util-9.4.53.v20231009.jar:/home/runner/.m2/repository/org/eclipse/jetty/jetty-server/9.4.53.v20231009/jetty-server-9.4.53.v20231009.jar:/home/runner/.m2/repository/org/eclipse/jetty/jetty-http/9.4.53.v20231009/jetty-http-9.4.53.v20231009.jar:/home/runner/.m2/repository/org/eclipse/jetty/jetty-io/9.4.53.v20231009/jetty-io-9.4.53.v20231009.jar:/home/runner/.m2/repository/org/eclipse/jetty/jetty-servlet/9.4.53.v20231009/jetty-servlet-9.4.53.v20231009.jar:/home/runner/.m2/repository/org/eclipse/jetty/jetty-security/9.4.53.v20231009/jetty-security-9.4.53.v20231009.jar:/home/runner/.m2/repository/org/eclipse/jetty/jetty-util-ajax/9.4.53.v20231009/jetty-util-ajax-9.4.53.v20231009.jar:/home/runner/.m2/repository/org/eclipse/jetty/jetty-webapp/9.4.53.v20231009/jetty-webapp-9.4.53.v20231009.jar:/home/runner/.m2/repository/org/eclipse/jetty/jetty-xml/9.4.53.v20231009/jetty-xml-9.4.53.v20231009.jar:/home/runner/.m2/repository/org/apache/ratis/ratis-server/3.0.1/ratis-server-3.0.1.jar:/home/runner/.m2/repository/org/apache/ratis/ratis-thirdparty-misc/1.0.5/ratis-thirdparty-misc-1.0.5.jar:/home/runner/.m2/repository/org/apache/ratis/ratis-proto/3.0.1/ratis-proto-3.0.1.jar:/home/runner/.m2/repository/org/apache/ratis/ratis-common/3.0.1/ratis-common-3.0.1.jar:/home/runner/.m2/repository/org/apache/ratis/ratis-client/3.0.1/ratis-client-3.0.1.jar:/home/runner/.m2/repository/org/apache/ratis/ratis-server-api/3.0.1/ratis-server-api-3.0.1.jar:/home/runner/.m2/repository/org/apache/ratis/ratis-metrics-api/3.0.1/ratis-metrics-api-3.0.1.jar:/home/runner/.m2/repository/org/apache/ratis/ratis-metrics-dropwizard3/3.0.1/ratis-metrics-dropwizard3-3.0.1.jar:/home/runner/.m2/repository/io/prometheus/simpleclient_dropwizard/0.16.0/simpleclient_dropwizard-0.16.0.jar:/home/runner/.m2/repository/io/prometheus/simpleclient/0.16.0/simpleclient-0.16.0.jar:/home/runner/.m2/repository/io/prometheus/simpleclient_common/0.16.0/simpleclient_common-0.16.0.jar:/home/runner/.m2/repository/com/fasterxml/jackson/datatype/jackson-datatype-jsr310/2.16.1/jackson-datatype-jsr310-2.16.1.jar:/home/runner/.m2/repository/com/fasterxml/jackson/core/jackson-core/2.16.1/jackson-core-2.16.1.jar:/home/runner/work/ozone/ozone/hadoop-hdds/rocksdb-checkpoint-differ/target/classes:/home/runner/.m2/repository/org/jgrapht/jgrapht-core/1.4.0/jgrapht-core-1.4.0.jar:/home/runner/.m2/repository/org/jheaps/jheaps/0.11/jheaps-0.11.jar:/home/runner/.m2/repository/org/jgrapht/jgrapht-ext/1.4.0/jgrapht-ext-1.4.0.jar:/home/runner/.m2/repository/com/github/vlsi/mxgraph/jgraphx/3.9.8.1/jgraphx-3.9.8.1.jar:/home/runner/work/ozone/ozone/hadoop-ozone/ozone-manager/target/classes:/home/runner/.m2/repository/org/aspectj/aspectjrt/1.9.7/aspectjrt-1.9.7.jar:/home/runner/.m2/repository/org/aspectj/aspectjweaver/1.9.7/aspectjweaver-1.9.7.jar:/home/runner/work/ozone/ozone/hadoop-hdds/interface-client/target/classes:/home/runner/.m2/repository/org/apache/hadoop/thirdparty/hadoop-shaded-protobuf_3_7/1.1.1/hadoop-shaded-protobuf_3_7-1.1.1.jar:/home/runner/work/ozone/ozone/hadoop-ozone/interface-storage/target/classes:/home/runner/.m2/repository/org/reflections/reflections/0.10.2/reflections-0.10.2.jar:/home/runner/.m2/repository/com/sun/jersey/jersey-client/1.19.4/jersey-client-1.19.4.jar:/home/runner/.m2/repository/org/codehaus/jackson/jackson-core-asl/1.9.13/jackson-core-asl-1.9.13.jar:/home/runner/.m2/repository/org/codehaus/jackson/jackson-mapper-asl/1.9.13/jackson-mapper-asl-1.9.13.jar:/home/runner/.m2/repository/org/codehaus/jackson/jackson-jaxrs/1.9.13/jackson-jaxrs-1.9.13.jar:/home/runner/.m2/repository/org/apache/ranger/ranger-intg/2.3.0/ranger-intg-2.3.0.jar:/home/runner/.m2/repository/org/apache/ranger/ranger-plugins-common/2.3.0/ranger-plugins-common-2.3.0.jar:/home/runner/.m2/repository/commons-lang/commons-lang/2.6/commons-lang-2.6.jar:/home/runner/.m2/repository/org/apache/ranger/ranger-plugins-cred/2.3.0/ranger-plugins-cred-2.3.0.jar:/home/runner/.m2/repository/org/apache/ranger/ranger-plugins-audit/2.3.0/ranger-plugins-audit-2.3.0.jar:/home/runner/.m2/repository/org/eclipse/jetty/jetty-client/9.4.53.v20231009/jetty-client-9.4.53.v20231009.jar:/home/runner/.m2/repository/org/apache/httpcomponents/httpmime/4.5.6/httpmime-4.5.6.jar:/home/runner/.m2/repository/org/apache/httpcomponents/httpcore-nio/4.4.16/httpcore-nio-4.4.16.jar:/home/runner/.m2/repository/org/apache/httpcomponents/httpasyncclient/4.1.3/httpasyncclient-4.1.3.jar:/home/runner/.m2/repository/com/carrotsearch/hppc/0.8.0/hppc-0.8.0.jar:/home/runner/.m2/repository/org/apache/orc/orc-core/1.5.8/orc-core-1.5.8.jar:/home/runner/.m2/repository/net/java/dev/jna/jna/5.2.0/jna-5.2.0.jar:/home/runner/.m2/repository/net/java/dev/jna/jna-platform/5.2.0/jna-platform-5.2.0.jar:/home/runner/.m2/repository/com/kstruct/gethostname4j/0.0.2/gethostname4j-0.0.2.jar:/home/runner/.m2/repository/org/apache/ranger/ranger-plugin-classloader/2.3.0/ranger-plugin-classloader-2.3.0.jar:/home/runner/work/ozone/ozone/hadoop-hdds/rocks-native/target/classes:/home/runner/.m2/repository/org/apache/hadoop/hadoop-minikdc/3.3.6/hadoop-minikdc-3.3.6.jar:/home/runner/.m2/repository/org/apache/kerby/kerb-simplekdc/1.0.1/kerb-simplekdc-1.0.1.jar:/home/runner/.m2/repository/org/apache/kerby/kerb-client/1.0.1/kerb-client-1.0.1.jar:/home/runner/.m2/repository/org/apache/kerby/kerby-config/1.0.1/kerby-config-1.0.1.jar:/home/runner/.m2/repository/org/apache/kerby/kerb-common/1.0.1/kerb-common-1.0.1.jar:/home/runner/.m2/repository/org/apache/kerby/kerb-crypto/1.0.1/kerb-crypto-1.0.1.jar:/home/runner/.m2/repository/org/apache/kerby/kerb-util/1.0.1/kerb-util-1.0.1.jar:/home/runner/.m2/repository/org/apache/kerby/token-provider/1.0.1/token-provider-1.0.1.jar:/home/runner/.m2/repository/org/apache/kerby/kerb-admin/1.0.1/kerb-admin-1.0.1.jar:/home/runner/.m2/repository/org/apache/kerby/kerb-server/1.0.1/kerb-server-1.0.1.jar:/home/runner/.m2/repository/org/apache/kerby/kerb-identity/1.0.1/kerb-identity-1.0.1.jar:/home/runner/.m2/repository/org/apache/kerby/kerby-xdr/1.0.1/kerby-xdr-1.0.1.jar:/home/runner/.m2/repository/junit/junit/4.13.2/junit-4.13.2.jar:/home/runner/.m2/repository/org/hamcrest/hamcrest-core/1.3/hamcrest-core-1.3.jar:/home/runner/work/ozone/ozone/hadoop-ozone/s3gateway/target/classes:/home/runner/.m2/repository/org/javassist/javassist/3.21.0-GA/javassist-3.21.0-GA.jar:/home/runner/.m2/repository/org/jboss/weld/servlet/weld-servlet-shaded/3.1.9.Final/weld-servlet-shaded-3.1.9.Final.jar:/home/runner/.m2/repository/org/glassfish/jersey/containers/jersey-container-servlet-core/2.42/jersey-container-servlet-core-2.42.jar:/home/runner/.m2/repository/org/glassfish/hk2/external/jakarta.inject/2.6.1/jakarta.inject-2.6.1.jar:/home/runner/.m2/repository/org/glassfish/jersey/core/jersey-common/2.42/jersey-common-2.42.jar:/home/runner/.m2/repository/jakarta/ws/rs/jakarta.ws.rs-api/2.1.6/jakarta.ws.rs-api-2.1.6.jar:/home/runner/.m2/repository/org/glassfish/jersey/ext/cdi/jersey-cdi1x/2.42/jersey-cdi1x-2.42.jar:/home/runner/.m2/repository/org/glassfish/jersey/inject/jersey-hk2/2.42/jersey-hk2-2.42.jar:/home/runner/.m2/repository/org/glassfish/hk2/hk2-locator/2.6.1/hk2-locator-2.6.1.jar:/home/runner/.m2/repository/org/glassfish/jersey/media/jersey-media-jaxb/2.42/jersey-media-jaxb-2.42.jar:/home/runner/.m2/repository/org/glassfish/hk2/osgi-resource-locator/1.0.3/osgi-resource-locator-1.0.3.jar:/home/runner/.m2/repository/org/glassfish/hk2/hk2-api/2.6.1/hk2-api-2.6.1.jar:/home/runner/.m2/repository/org/glassfish/hk2/hk2-utils/2.6.1/hk2-utils-2.6.1.jar:/home/runner/.m2/repository/org/glassfish/hk2/external/aopalliance-repackaged/2.6.1/aopalliance-repackaged-2.6.1.jar:/home/runner/.m2/repository/com/fasterxml/jackson/dataformat/jackson-dataformat-xml/2.16.1/jackson-dataformat-xml-2.16.1.jar:/home/runner/.m2/repository/org/codehaus/woodstox/stax2-api/4.2.2/stax2-api-4.2.2.jar:/home/runner/.m2/repository/com/fasterxml/woodstox/woodstox-core/5.4.0/woodstox-core-5.4.0.jar:/home/runner/.m2/repository/com/fasterxml/jackson/module/jackson-module-jaxb-annotations/2.16.1/jackson-module-jaxb-annotations-2.16.1.jar:/home/runner/.m2/repository/javax/enterprise/cdi-api/2.0/cdi-api-2.0.jar:/home/runner/.m2/repository/javax/el/javax.el-api/3.0.0/javax.el-api-3.0.0.jar:/home/runner/.m2/repository/javax/interceptor/javax.interceptor-api/1.2/javax.interceptor-api-1.2.jar:/home/runner/.m2/repository/javax/inject/javax.inject/1/javax.inject-1.jar:/home/runner/.m2/repository/jakarta/xml/bind/jakarta.xml.bind-api/2.3.3/jakarta.xml.bind-api-2.3.3.jar:/home/runner/.m2/repository/org/glassfish/jaxb/jaxb-runtime/2.3.9/jaxb-runtime-2.3.9.jar:/home/runner/.m2/repository/org/glassfish/jaxb/txw2/2.3.9/txw2-2.3.9.jar:/home/runner/.m2/repository/com/sun/istack/istack-commons-runtime/3.0.12/istack-commons-runtime-3.0.12.jar:/home/runner/.m2/repository/com/sun/activation/jakarta.activation/1.2.2/jakarta.activation-1.2.2.jar:/home/runner/.m2/repository/jakarta/activation/jakarta.activation-api/1.2.2/jakarta.activation-api-1.2.2.jar:/home/runner/.m2/repository/io/grpc/grpc-protobuf/1.58.0/grpc-protobuf-1.58.0.jar:/home/runner/.m2/repository/com/google/api/grpc/proto-google-common-protos/2.22.0/proto-google-common-protos-2.22.0.jar:/home/runner/.m2/repository/io/grpc/grpc-protobuf-lite/1.58.0/grpc-protobuf-lite-1.58.0.jar:/home/runner/.m2/repository/io/grpc/grpc-stub/1.58.0/grpc-stub-1.58.0.jar:/home/runner/.m2/repository/io/netty/netty-transport/4.1.100.Final/netty-transport-4.1.100.Final.jar:/home/runner/.m2/repository/io/netty/netty-resolver/4.1.100.Final/netty-resolver-4.1.100.Final.jar:/home/runner/work/ozone/ozone/hadoop-ozone/csi/target/classes:/home/runner/.m2/repository/com/google/protobuf/protobuf-java-util/3.19.6/protobuf-java-util-3.19.6.jar:/home/runner/.m2/repository/com/google/code/gson/gson/2.10.1/gson-2.10.1.jar:/home/runner/work/ozone/ozone/hadoop-hdds/config/target/classes:/home/runner/.m2/repository/io/netty/netty-transport-native-epoll/4.1.100.Final/netty-transport-native-epoll-4.1.100.Final-linux-x86_64.jar:/home/runner/.m2/repository/io/netty/netty-transport-classes-epoll/4.1.100.Final/netty-transport-classes-epoll-4.1.100.Final.jar:/home/runner/.m2/repository/io/netty/netty-transport-native-unix-common/4.1.100.Final/netty-transport-native-unix-common-4.1.100.Final.jar:/home/runner/work/ozone/ozone/hadoop-ozone/recon/target/classes:/home/runner/work/ozone/ozone/hadoop-ozone/recon-codegen/target/classes:/home/runner/.m2/repository/com/google/inject/guice/6.0.0/guice-6.0.0.jar:/home/runner/.m2/repository/jakarta/inject/jakarta.inject-api/2.0.1/jakarta.inject-api-2.0.1.jar:/home/runner/.m2/repository/aopalliance/aopalliance/1.0/aopalliance-1.0.jar:/home/runner/.m2/repository/com/google/inject/extensions/guice-assistedinject/6.0.0/guice-assistedinject-6.0.0.jar:/home/runner/.m2/repository/com/google/inject/extensions/guice-servlet/6.0.0/guice-servlet-6.0.0.jar:/home/runner/.m2/repository/org/glassfish/jersey/containers/jersey-container-servlet/2.42/jersey-container-servlet-2.42.jar:/home/runner/.m2/repository/org/glassfish/hk2/guice-bridge/2.6.1/guice-bridge-2.6.1.jar:/home/runner/.m2/repository/org/glassfish/jersey/core/jersey-server/2.42/jersey-server-2.42.jar:/home/runner/.m2/repository/org/glassfish/jersey/core/jersey-client/2.42/jersey-client-2.42.jar:/home/runner/.m2/repository/jakarta/validation/jakarta.validation-api/2.0.2/jakarta.validation-api-2.0.2.jar:/home/runner/.m2/repository/org/glassfish/jersey/media/jersey-media-json-jackson/2.42/jersey-media-json-jackson-2.42.jar:/home/runner/.m2/repository/org/glassfish/jersey/ext/jersey-entity-filtering/2.42/jersey-entity-filtering-2.42.jar:/home/runner/.m2/repository/org/jooq/jooq/3.11.10/jooq-3.11.10.jar:/home/runner/.m2/repository/org/jooq/jooq-meta/3.11.10/jooq-meta-3.11.10.jar:/home/runner/.m2/repository/org/jooq/jooq-codegen/3.11.10/jooq-codegen-3.11.10.jar:/home/runner/.m2/repository/com/jolbox/bonecp/0.8.0.RELEASE/bonecp-0.8.0.RELEASE.jar:/home/runner/.m2/repository/org/apache/derby/derby/10.14.2.0/derby-10.14.2.0.jar:/home/runner/.m2/repository/org/xerial/sqlite-jdbc/3.44.1.0/sqlite-jdbc-3.44.1.0.jar:/home/runner/.m2/repository/org/springframework/spring-jdbc/5.3.27/spring-jdbc-5.3.27.jar:/home/runner/.m2/repository/org/springframework/spring-beans/5.3.27/spring-beans-5.3.27.jar:/home/runner/.m2/repository/org/springframework/spring-core/5.3.27/spring-core-5.3.27.jar:/home/runner/.m2/repository/org/springframework/spring-tx/5.3.27/spring-tx-5.3.27.jar:/home/runner/work/ozone/ozone/hadoop-ozone/client/target/classes:/home/runner/work/ozone/ozone/hadoop-hdds/erasurecode/target/classes:/home/runner/work/ozone/ozone/hadoop-ozone/ozonefs/target/classes:/home/runner/work/ozone/ozone/hadoop-ozone/ozonefs-common/target/classes:/home/runner/work/ozone/ozone/hadoop-ozone/tools/target/classes:/home/runner/.m2/repository/com/amazonaws/aws-java-sdk-core/1.12.661/aws-java-sdk-core-1.12.661.jar:/home/runner/.m2/repository/org/apache/httpcomponents/httpclient/4.5.14/httpclient-4.5.14.jar:/home/runner/.m2/repository/org/apache/httpcomponents/httpcore/4.4.16/httpcore-4.4.16.jar:/home/runner/.m2/repository/com/fasterxml/jackson/dataformat/jackson-dataformat-cbor/2.16.1/jackson-dataformat-cbor-2.16.1.jar:/home/runner/.m2/repository/joda-time/joda-time/2.12.7/joda-time-2.12.7.jar:/home/runner/.m2/repository/com/amazonaws/aws-java-sdk-s3/1.12.661/aws-java-sdk-s3-1.12.661.jar:/home/runner/.m2/repository/com/amazonaws/aws-java-sdk-kms/1.12.661/aws-java-sdk-kms-1.12.661.jar:/home/runner/.m2/repository/com/amazonaws/jmespath-java/1.12.661/jmespath-java-1.12.661.jar:/home/runner/.m2/repository/org/kohsuke/metainf-services/metainf-services/1.11/metainf-services-1.11.jar:/home/runner/work/ozone/ozone/hadoop-hdds/tools/target/classes:/home/runner/.m2/repository/org/apache/ratis/ratis-tools/3.0.1/ratis-tools-3.0.1.jar:/home/runner/.m2/repository/commons-cli/commons-cli/1.6.0/commons-cli-1.6.0.jar:/home/runner/.m2/repository/org/apache/commons/commons-lang3/3.14.0/commons-lang3-3.14.0.jar:/home/runner/work/ozone/ozone/hadoop-ozone/ozone-manager/target/test-classes:/home/runner/work/ozone/ozone/hadoop-hdds/common/target/test-classes:/home/runner/work/ozone/ozone/hadoop-hdds/hadoop-dependency-client/target/classes:/home/runner/.m2/repository/info/picocli/picocli/4.7.5/picocli-4.7.5.jar:/home/runner/.m2/repository/com/fasterxml/jackson/core/jackson-annotations/2.16.1/jackson-annotations-2.16.1.jar:/home/runner/work/ozone/ozone/hadoop-hdds/annotations/target/classes:/home/runner/.m2/repository/javax/annotation/javax.annotation-api/1.3.2/javax.annotation-api-1.3.2.jar:/home/runner/.m2/repository/org/apache/ratis/ratis-netty/3.0.1/ratis-netty-3.0.1.jar:/home/runner/.m2/repository/org/apache/ratis/ratis-grpc/3.0.1/ratis-grpc-3.0.1.jar:/home/runner/.m2/repository/org/bouncycastle/bcpkix-jdk18on/1.77/bcpkix-jdk18on-1.77.jar:/home/runner/.m2/repository/org/bouncycastle/bcutil-jdk18on/1.77/bcutil-jdk18on-1.77.jar:/home/runner/.m2/repository/commons-validator/commons-validator/1.6/commons-validator-1.6.jar:/home/runner/.m2/repository/commons-beanutils/commons-beanutils/1.9.4/commons-beanutils-1.9.4.jar:/home/runner/.m2/repository/commons-digester/commons-digester/1.8.1/commons-digester-1.8.1.jar:/home/runner/.m2/repository/commons-collections/commons-collections/3.2.2/commons-collections-3.2.2.jar:/home/runner/.m2/repository/io/jaegertracing/jaeger-client/1.8.1/jaeger-client-1.8.1.jar:/home/runner/.m2/repository/io/jaegertracing/jaeger-thrift/1.8.1/jaeger-thrift-1.8.1.jar:/home/runner/.m2/repository/org/apache/thrift/libthrift/0.15.0/libthrift-0.15.0.jar:/home/runner/.m2/repository/io/jaegertracing/jaeger-core/1.8.1/jaeger-core-1.8.1.jar:/home/runner/.m2/repository/io/jaegertracing/jaeger-tracerresolver/1.8.1/jaeger-tracerresolver-1.8.1.jar:/home/runner/.m2/repository/io/opentracing/contrib/opentracing-tracerresolver/0.1.8/opentracing-tracerresolver-0.1.8.jar:/home/runner/.m2/repository/org/jetbrains/kotlin/kotlin-stdlib/1.9.22/kotlin-stdlib-1.9.22.jar:/home/runner/.m2/repository/org/jetbrains/annotations/13.0/annotations-13.0.jar:/home/runner/.m2/repository/io/opentracing/opentracing-util/0.33.0/opentracing-util-0.33.0.jar:/home/runner/.m2/repository/io/opentracing/opentracing-api/0.33.0/opentracing-api-0.33.0.jar:/home/runner/.m2/repository/io/opentracing/opentracing-noop/0.33.0/opentracing-noop-0.33.0.jar:/home/runner/.m2/repository/org/yaml/snakeyaml/2.0/snakeyaml-2.0.jar:/home/runner/.m2/repository/io/grpc/grpc-api/1.58.0/grpc-api-1.58.0.jar:/home/runner/.m2/repository/org/junit/platform/junit-platform-launcher/1.10.2/junit-platform-launcher-1.10.2.jar:/home/runner/.m2/repository/org/junit/platform/junit-platform-engine/1.10.2/junit-platform-engine-1.10.2.jar:/home/runner/.m2/repository/org/apiguardian/apiguardian-api/1.1.2/apiguardian-api-1.1.2.jar:/home/runner/.m2/repository/org/apache/hadoop/hadoop-kms/3.3.6/hadoop-kms-3.3.6.jar:/home/runner/.m2/repository/org/apache/hadoop/hadoop-auth/3.3.6/hadoop-auth-3.3.6.jar:/home/runner/.m2/repository/org/apache/zookeeper/zookeeper/3.8.4/zookeeper-3.8.4.jar:/home/runner/.m2/repository/org/apache/zookeeper/zookeeper-jute/3.8.4/zookeeper-jute-3.8.4.jar:/home/runner/.m2/repository/org/apache/yetus/audience-annotations/0.12.0/audience-annotations-0.12.0.jar:/home/runner/.m2/repository/org/apache/curator/curator-framework/4.2.0/curator-framework-4.2.0.jar:/home/runner/.m2/repository/org/apache/hadoop/thirdparty/hadoop-shaded-guava/1.2.0/hadoop-shaded-guava-1.2.0.jar:/home/runner/.m2/repository/com/sun/jersey/jersey-core/1.19.4/jersey-core-1.19.4.jar:/home/runner/.m2/repository/javax/ws/rs/jsr311-api/1.1.1/jsr311-api-1.1.1.jar:/home/runner/.m2/repository/com/sun/jersey/jersey-server/1.19.4/jersey-server-1.19.4.jar:/home/runner/.m2/repository/javax/servlet/javax.servlet-api/3.1.0/javax.servlet-api-3.1.0.jar:/home/runner/.m2/repository/org/apache/hadoop/hadoop-common/3.3.6/hadoop-common-3.3.6.jar:/home/runner/.m2/repository/org/apache/commons/commons-math3/3.6.1/commons-math3-3.6.1.jar:/home/runner/.m2/repository/commons-net/commons-net/3.10.0/commons-net-3.10.0.jar:/home/runner/.m2/repository/com/sun/jersey/jersey-servlet/1.19.4/jersey-servlet-1.19.4.jar:/home/runner/.m2/repository/com/github/pjfanning/jersey-json/1.20/jersey-json-1.20.jar:/home/runner/.m2/repository/org/codehaus/jettison/jettison/1.1/jettison-1.1.jar:/home/runner/.m2/repository/com/sun/xml/bind/jaxb-impl/2.2.3-1/jaxb-impl-2.2.3-1.jar:/home/runner/.m2/repository/com/google/re2j/re2j/1.7/re2j-1.7.jar:/home/runner/.m2/repository/com/jcraft/jsch/0.1.54/jsch-0.1.54.jar:/home/runner/.m2/repository/org/apache/curator/curator-client/4.2.0/curator-client-4.2.0.jar:/home/runner/.m2/repository/org/apache/curator/curator-recipes/5.2.0/curator-recipes-5.2.0.jar:/home/runner/.m2/repository/com/google/code/findbugs/jsr305/3.0.2/jsr305-3.0.2.jar:/home/runner/.m2/repository/org/apache/kerby/kerb-core/1.0.1/kerb-core-1.0.1.jar:/home/runner/.m2/repository/org/apache/kerby/kerby-pkix/1.0.1/kerby-pkix-1.0.1.jar:/home/runner/.m2/repository/org/apache/kerby/kerby-asn1/1.0.1/kerby-asn1-1.0.1.jar:/home/runner/.m2/repository/org/apache/kerby/kerby-util/1.0.1/kerby-util-1.0.1.jar:/home/runner/.m2/repository/dnsjava/dnsjava/2.1.7/dnsjava-2.1.7.jar:/home/runner/.m2/repository/com/fasterxml/jackson/core/jackson-databind/2.16.1/jackson-databind-2.16.1.jar:/home/runner/.m2/repository/org/apache/hadoop/hadoop-kms/3.3.6/hadoop-kms-3.3.6-tests.jar:/home/runner/work/ozone/ozone/hadoop-hdds/server-scm/target/test-classes:/home/runner/work/ozone/ozone/hadoop-hdds/container-service/target/test-classes:/home/runner/.m2/repository/com/github/luben/zstd-jni/1.5.2-5/zstd-jni-1.5.2-5.jar:/home/runner/.m2/repository/commons-codec/commons-codec/1.15/commons-codec-1.15.jar:/home/runner/.m2/repository/io/netty/netty-codec/4.1.100.Final/netty-codec-4.1.100.Final.jar:/home/runner/.m2/repository/io/netty/netty-handler/4.1.100.Final/netty-handler-4.1.100.Final.jar:/home/runner/work/ozone/ozone/hadoop-hdds/hadoop-dependency-test/target/classes:/home/runner/.m2/repository/org/apache/hadoop/hadoop-common/3.3.6/hadoop-common-3.3.6-tests.jar:/home/runner/.m2/repository/org/apache/hadoop/hadoop-hdfs/3.3.6/hadoop-hdfs-3.3.6-tests.jar:/home/runner/.m2/repository/org/junit/jupiter/junit-jupiter-engine/5.10.2/junit-jupiter-engine-5.10.2.jar:/home/runner/.m2/repository/org/junit/jupiter/junit-jupiter-params/5.10.2/junit-jupiter-params-5.10.2.jar:/home/runner/.m2/repository/org/mockito/mockito-core/4.11.0/mockito-core-4.11.0.jar:/home/runner/.m2/repository/net/bytebuddy/byte-buddy/1.12.19/byte-buddy-1.12.19.jar:/home/runner/.m2/repository/net/bytebuddy/byte-buddy-agent/1.12.19/byte-buddy-agent-1.12.19.jar:/home/runner/.m2/repository/org/objenesis/objenesis/3.3/objenesis-3.3.jar:/home/runner/.m2/repository/org/mockito/mockito-junit-jupiter/4.11.0/mockito-junit-jupiter-4.11.0.jar:/home/runner/.m2/repository/org/apache/hadoop/hadoop-distcp/3.3.6/hadoop-distcp-3.3.6.jar:/home/runner/.m2/repository/org/apache/hadoop/hadoop-mapreduce-client-jobclient/3.3.6/hadoop-mapreduce-client-jobclient-3.3.6.jar:/home/runner/.m2/repository/org/apache/hadoop/hadoop-mapreduce-client-common/3.3.6/hadoop-mapreduce-client-common-3.3.6.jar:/home/runner/.m2/repository/org/apache/hadoop/hadoop-yarn-common/3.3.6/hadoop-yarn-common-3.3.6.jar:/home/runner/.m2/repository/org/apache/hadoop/hadoop-yarn-api/3.3.6/hadoop-yarn-api-3.3.6.jar:/home/runner/.m2/repository/javax/xml/bind/jaxb-api/2.2.11/jaxb-api-2.2.11.jar:/home/runner/.m2/repository/com/sun/jersey/contribs/jersey-guice/1.19.4/jersey-guice-1.19.4.jar:/home/runner/.m2/repository/com/fasterxml/jackson/jaxrs/jackson-jaxrs-json-provider/2.16.1/jackson-jaxrs-json-provider-2.16.1.jar:/home/runner/.m2/repository/com/fasterxml/jackson/jaxrs/jackson-jaxrs-base/2.16.1/jackson-jaxrs-base-2.16.1.jar:/home/runner/.m2/repository/org/apache/hadoop/hadoop-yarn-client/3.3.6/hadoop-yarn-client-3.3.6.jar:/home/runner/.m2/repository/org/eclipse/jetty/websocket/websocket-client/9.4.51.v20230217/websocket-client-9.4.51.v20230217.jar:/home/runner/.m2/repository/org/eclipse/jetty/websocket/websocket-common/9.4.51.v20230217/websocket-common-9.4.51.v20230217.jar:/home/runner/.m2/repository/org/eclipse/jetty/websocket/websocket-api/9.4.51.v20230217/websocket-api-9.4.51.v20230217.jar:/home/runner/.m2/repository/org/jline/jline/3.9.0/jline-3.9.0.jar:/home/runner/.m2/repository/org/apache/hadoop/hadoop-mapreduce-client-core/3.3.6/hadoop-mapreduce-client-core-3.3.6.jar:/home/runner/.m2/repository/org/apache/avro/avro/1.7.7/avro-1.7.7.jar:/home/runner/.m2/repository/com/thoughtworks/paranamer/paranamer/2.3/paranamer-2.3.jar:/home/runner/.m2/repository/org/apache/hadoop/hadoop-annotations/3.3.6/hadoop-annotations-3.3.6.jar:/usr/lib/jvm/temurin-8-jdk-amd64/jre/../lib/tools.jar:/home/runner/.m2/repository/io/netty/netty/3.10.6.Final/netty-3.10.6.Final.jar:/home/runner/.m2/repository/org/apache/hadoop/hadoop-distcp/3.3.6/hadoop-distcp-3.3.6-tests.jar:/home/runner/.m2/repository/org/hamcrest/hamcrest/2.2/hamcrest-2.2.jar:/home/runner/.m2/repository/org/slf4j/jul-to-slf4j/2.0.12/jul-to-slf4j-2.0.12.jar:/home/runner/work/ozone/ozone/hadoop-ozone/integration-test/target/gradle-enterprise/test-listeners.jar:"/>
    <property name="java.vm.vendor" value="Temurin"/>
    <property name="sun.arch.data.model" value="64"/>
    <property name="test.build.dir" value="/home/runner/work/ozone/ozone/hadoop-ozone/integration-test/target/test-dir"/>
    <property name="test.cache.data" value=""/>
    <property name="java.vendor.url" value="https://adoptium.net/"/>
    <property name="user.timezone" value="Etc/UTC"/>
    <property name="maven-surefire-plugin.argLineAccessArgs" value=""/>
    <property name="os.name" value="Linux"/>
    <property name="java.vm.specification.version" value="1.8"/>
    <property name="test.build.data" value="/home/runner/work/ozone/ozone/hadoop-ozone/integration-test/target/test-dir"/>
    <property name="sun.java.launcher" value="SUN_STANDARD"/>
    <property name="sun.boot.library.path" value="/usr/lib/jvm/temurin-8-jdk-amd64/jre/lib/amd64"/>
    <property name="sun.java.command" value="/home/runner/work/ozone/ozone/hadoop-ozone/integration-test/target/surefire/surefirebooter5240315968433104001.jar /home/runner/work/ozone/ozone/hadoop-ozone/integration-test/target/surefire 2024-03-31T12-39-37_550-jvmRun1 surefire4116764121243446929tmp surefire_03146795339902671465tmp"/>
    <property name="native.lib.tmp.dir" value="/tmp"/>
    <property name="surefire.test.class.path" value="/home/runner/work/ozone/ozone/hadoop-ozone/integration-test/target/test-classes:/home/runner/work/ozone/ozone/hadoop-ozone/integration-test/target/classes:/home/runner/work/ozone/ozone/hadoop-ozone/common/target/classes:/home/runner/.m2/repository/io/grpc/grpc-netty/1.58.0/grpc-netty-1.58.0.jar:/home/runner/.m2/repository/io/grpc/grpc-core/1.58.0/grpc-core-1.58.0.jar:/home/runner/.m2/repository/com/google/android/annotations/4.1.1.4/annotations-4.1.1.4.jar:/home/runner/.m2/repository/org/codehaus/mojo/animal-sniffer-annotations/1.23/animal-sniffer-annotations-1.23.jar:/home/runner/.m2/repository/io/grpc/grpc-context/1.58.0/grpc-context-1.58.0.jar:/home/runner/.m2/repository/io/grpc/grpc-util/1.58.0/grpc-util-1.58.0.jar:/home/runner/.m2/repository/com/google/errorprone/error_prone_annotations/2.2.0/error_prone_annotations-2.2.0.jar:/home/runner/.m2/repository/io/perfmark/perfmark-api/0.26.0/perfmark-api-0.26.0.jar:/home/runner/.m2/repository/io/netty/netty-codec-http2/4.1.100.Final/netty-codec-http2-4.1.100.Final.jar:/home/runner/.m2/repository/io/netty/netty-common/4.1.100.Final/netty-common-4.1.100.Final.jar:/home/runner/.m2/repository/io/netty/netty-buffer/4.1.100.Final/netty-buffer-4.1.100.Final.jar:/home/runner/.m2/repository/io/netty/netty-codec-http/4.1.100.Final/netty-codec-http-4.1.100.Final.jar:/home/runner/.m2/repository/io/netty/netty-handler-proxy/4.1.100.Final/netty-handler-proxy-4.1.100.Final.jar:/home/runner/.m2/repository/io/netty/netty-codec-socks/4.1.100.Final/netty-codec-socks-4.1.100.Final.jar:/home/runner/.m2/repository/io/netty/netty-tcnative-boringssl-static/2.0.61.Final/netty-tcnative-boringssl-static-2.0.61.Final.jar:/home/runner/.m2/repository/io/netty/netty-tcnative-classes/2.0.61.Final/netty-tcnative-classes-2.0.61.Final.jar:/home/runner/.m2/repository/io/netty/netty-tcnative-boringssl-static/2.0.61.Final/netty-tcnative-boringssl-static-2.0.61.Final-linux-x86_64.jar:/home/runner/.m2/repository/io/netty/netty-tcnative-boringssl-static/2.0.61.Final/netty-tcnative-boringssl-static-2.0.61.Final-linux-aarch_64.jar:/home/runner/.m2/repository/io/netty/netty-tcnative-boringssl-static/2.0.61.Final/netty-tcnative-boringssl-static-2.0.61.Final-osx-x86_64.jar:/home/runner/.m2/repository/io/netty/netty-tcnative-boringssl-static/2.0.61.Final/netty-tcnative-boringssl-static-2.0.61.Final-osx-aarch_64.jar:/home/runner/.m2/repository/io/netty/netty-tcnative-boringssl-static/2.0.61.Final/netty-tcnative-boringssl-static-2.0.61.Final-windows-x86_64.jar:/home/runner/.m2/repository/org/apache/commons/commons-compress/1.26.0/commons-compress-1.26.0.jar:/home/runner/work/ozone/ozone/hadoop-hdds/common/target/classes:/home/runner/work/ozone/ozone/hadoop-hdds/client/target/classes:/home/runner/work/ozone/ozone/hadoop-ozone/interface-client/target/classes:/home/runner/.m2/repository/org/apache/hadoop/hadoop-hdfs-client/3.3.6/hadoop-hdfs-client-3.3.6.jar:/home/runner/.m2/repository/com/squareup/okhttp3/okhttp/4.12.0/okhttp-4.12.0.jar:/home/runner/.m2/repository/com/squareup/okio/okio/3.6.0/okio-3.6.0.jar:/home/runner/.m2/repository/com/squareup/okio/okio-jvm/3.6.0/okio-jvm-3.6.0.jar:/home/runner/.m2/repository/org/jetbrains/kotlin/kotlin-stdlib-jdk8/1.9.22/kotlin-stdlib-jdk8-1.9.22.jar:/home/runner/.m2/repository/org/jetbrains/kotlin/kotlin-stdlib-jdk7/1.9.22/kotlin-stdlib-jdk7-1.9.22.jar:/home/runner/.m2/repository/org/jetbrains/kotlin/kotlin-stdlib-common/1.9.22/kotlin-stdlib-common-1.9.22.jar:/home/runner/work/ozone/ozone/hadoop-hdds/test-utils/target/classes:/home/runner/.m2/repository/org/assertj/assertj-core/3.12.2/assertj-core-3.12.2.jar:/home/runner/.m2/repository/com/google/guava/guava/32.0.0-jre/guava-32.0.0-jre.jar:/home/runner/.m2/repository/com/google/guava/failureaccess/1.0.1/failureaccess-1.0.1.jar:/home/runner/.m2/repository/com/google/guava/listenablefuture/9999.0-empty-to-avoid-conflict-with-guava/listenablefuture-9999.0-empty-to-avoid-conflict-with-guava.jar:/home/runner/.m2/repository/org/checkerframework/checker-qual/3.33.0/checker-qual-3.33.0.jar:/home/runner/.m2/repository/com/google/j2objc/j2objc-annotations/2.8/j2objc-annotations-2.8.jar:/home/runner/.m2/repository/commons-io/commons-io/2.16.0/commons-io-2.16.0.jar:/home/runner/.m2/repository/commons-logging/commons-logging/1.2/commons-logging-1.2.jar:/home/runner/.m2/repository/org/junit/jupiter/junit-jupiter-api/5.10.2/junit-jupiter-api-5.10.2.jar:/home/runner/.m2/repository/org/opentest4j/opentest4j/1.3.0/opentest4j-1.3.0.jar:/home/runner/.m2/repository/org/junit/platform/junit-platform-commons/1.10.2/junit-platform-commons-1.10.2.jar:/home/runner/.m2/repository/ch/qos/reload4j/reload4j/1.2.25/reload4j-1.2.25.jar:/home/runner/.m2/repository/jakarta/annotation/jakarta.annotation-api/2.1.1/jakarta.annotation-api-2.1.1.jar:/home/runner/.m2/repository/org/slf4j/slf4j-api/2.0.12/slf4j-api-2.0.12.jar:/home/runner/.m2/repository/org/apache/logging/log4j/log4j-api/2.17.1/log4j-api-2.17.1.jar:/home/runner/work/ozone/ozone/hadoop-hdds/server-scm/target/classes:/home/runner/.m2/repository/com/google/protobuf/protobuf-java/2.5.0/protobuf-java-2.5.0.jar:/home/runner/work/ozone/ozone/hadoop-hdds/container-service/target/classes:/home/runner/work/ozone/ozone/hadoop-hdds/hadoop-dependency-server/target/classes:/home/runner/.m2/repository/com/nimbusds/nimbus-jose-jwt/9.37.2/nimbus-jose-jwt-9.37.2.jar:/home/runner/.m2/repository/com/github/stephenc/jcip/jcip-annotations/1.0-1/jcip-annotations-1.0-1.jar:/home/runner/.m2/repository/org/apache/hadoop/hadoop-hdfs/3.3.6/hadoop-hdfs-3.3.6.jar:/home/runner/.m2/repository/commons-daemon/commons-daemon/1.0.13/commons-daemon-1.0.13.jar:/home/runner/.m2/repository/org/xerial/snappy/snappy-java/1.1.10.5/snappy-java-1.1.10.5.jar:/home/runner/work/ozone/ozone/hadoop-hdds/framework/target/classes:/home/runner/.m2/repository/org/bouncycastle/bcprov-jdk18on/1.77/bcprov-jdk18on-1.77.jar:/home/runner/.m2/repository/io/dropwizard/metrics/metrics-core/3.2.4/metrics-core-3.2.4.jar:/home/runner/.m2/repository/org/apache/commons/commons-text/1.11.0/commons-text-1.11.0.jar:/home/runner/work/ozone/ozone/hadoop-hdds/framework/target/test-classes:/home/runner/work/ozone/ozone/hadoop-hdds/interface-server/target/classes:/home/runner/work/ozone/ozone/hadoop-hdds/interface-admin/target/classes:/home/runner/work/ozone/ozone/hadoop-hdds/managed-rocksdb/target/classes:/home/runner/.m2/repository/org/rocksdb/rocksdbjni/7.7.3/rocksdbjni-7.7.3.jar:/home/runner/.m2/repository/org/slf4j/slf4j-reload4j/2.0.12/slf4j-reload4j-2.0.12.jar:/home/runner/.m2/repository/org/apache/commons/commons-configuration2/2.10.1/commons-configuration2-2.10.1.jar:/home/runner/.m2/repository/commons-fileupload/commons-fileupload/1.5/commons-fileupload-1.5.jar:/home/runner/.m2/repository/org/apache/logging/log4j/log4j-core/2.17.1/log4j-core-2.17.1.jar:/home/runner/.m2/repository/com/lmax/disruptor/3.4.4/disruptor-3.4.4.jar:/home/runner/.m2/repository/org/eclipse/jetty/jetty-util/9.4.53.v20231009/jetty-util-9.4.53.v20231009.jar:/home/runner/.m2/repository/org/eclipse/jetty/jetty-server/9.4.53.v20231009/jetty-server-9.4.53.v20231009.jar:/home/runner/.m2/repository/org/eclipse/jetty/jetty-http/9.4.53.v20231009/jetty-http-9.4.53.v20231009.jar:/home/runner/.m2/repository/org/eclipse/jetty/jetty-io/9.4.53.v20231009/jetty-io-9.4.53.v20231009.jar:/home/runner/.m2/repository/org/eclipse/jetty/jetty-servlet/9.4.53.v20231009/jetty-servlet-9.4.53.v20231009.jar:/home/runner/.m2/repository/org/eclipse/jetty/jetty-security/9.4.53.v20231009/jetty-security-9.4.53.v20231009.jar:/home/runner/.m2/repository/org/eclipse/jetty/jetty-util-ajax/9.4.53.v20231009/jetty-util-ajax-9.4.53.v20231009.jar:/home/runner/.m2/repository/org/eclipse/jetty/jetty-webapp/9.4.53.v20231009/jetty-webapp-9.4.53.v20231009.jar:/home/runner/.m2/repository/org/eclipse/jetty/jetty-xml/9.4.53.v20231009/jetty-xml-9.4.53.v20231009.jar:/home/runner/.m2/repository/org/apache/ratis/ratis-server/3.0.1/ratis-server-3.0.1.jar:/home/runner/.m2/repository/org/apache/ratis/ratis-thirdparty-misc/1.0.5/ratis-thirdparty-misc-1.0.5.jar:/home/runner/.m2/repository/org/apache/ratis/ratis-proto/3.0.1/ratis-proto-3.0.1.jar:/home/runner/.m2/repository/org/apache/ratis/ratis-common/3.0.1/ratis-common-3.0.1.jar:/home/runner/.m2/repository/org/apache/ratis/ratis-client/3.0.1/ratis-client-3.0.1.jar:/home/runner/.m2/repository/org/apache/ratis/ratis-server-api/3.0.1/ratis-server-api-3.0.1.jar:/home/runner/.m2/repository/org/apache/ratis/ratis-metrics-api/3.0.1/ratis-metrics-api-3.0.1.jar:/home/runner/.m2/repository/org/apache/ratis/ratis-metrics-dropwizard3/3.0.1/ratis-metrics-dropwizard3-3.0.1.jar:/home/runner/.m2/repository/io/prometheus/simpleclient_dropwizard/0.16.0/simpleclient_dropwizard-0.16.0.jar:/home/runner/.m2/repository/io/prometheus/simpleclient/0.16.0/simpleclient-0.16.0.jar:/home/runner/.m2/repository/io/prometheus/simpleclient_common/0.16.0/simpleclient_common-0.16.0.jar:/home/runner/.m2/repository/com/fasterxml/jackson/datatype/jackson-datatype-jsr310/2.16.1/jackson-datatype-jsr310-2.16.1.jar:/home/runner/.m2/repository/com/fasterxml/jackson/core/jackson-core/2.16.1/jackson-core-2.16.1.jar:/home/runner/work/ozone/ozone/hadoop-hdds/rocksdb-checkpoint-differ/target/classes:/home/runner/.m2/repository/org/jgrapht/jgrapht-core/1.4.0/jgrapht-core-1.4.0.jar:/home/runner/.m2/repository/org/jheaps/jheaps/0.11/jheaps-0.11.jar:/home/runner/.m2/repository/org/jgrapht/jgrapht-ext/1.4.0/jgrapht-ext-1.4.0.jar:/home/runner/.m2/repository/com/github/vlsi/mxgraph/jgraphx/3.9.8.1/jgraphx-3.9.8.1.jar:/home/runner/work/ozone/ozone/hadoop-ozone/ozone-manager/target/classes:/home/runner/.m2/repository/org/aspectj/aspectjrt/1.9.7/aspectjrt-1.9.7.jar:/home/runner/.m2/repository/org/aspectj/aspectjweaver/1.9.7/aspectjweaver-1.9.7.jar:/home/runner/work/ozone/ozone/hadoop-hdds/interface-client/target/classes:/home/runner/.m2/repository/org/apache/hadoop/thirdparty/hadoop-shaded-protobuf_3_7/1.1.1/hadoop-shaded-protobuf_3_7-1.1.1.jar:/home/runner/work/ozone/ozone/hadoop-ozone/interface-storage/target/classes:/home/runner/.m2/repository/org/reflections/reflections/0.10.2/reflections-0.10.2.jar:/home/runner/.m2/repository/com/sun/jersey/jersey-client/1.19.4/jersey-client-1.19.4.jar:/home/runner/.m2/repository/org/codehaus/jackson/jackson-core-asl/1.9.13/jackson-core-asl-1.9.13.jar:/home/runner/.m2/repository/org/codehaus/jackson/jackson-mapper-asl/1.9.13/jackson-mapper-asl-1.9.13.jar:/home/runner/.m2/repository/org/codehaus/jackson/jackson-jaxrs/1.9.13/jackson-jaxrs-1.9.13.jar:/home/runner/.m2/repository/org/apache/ranger/ranger-intg/2.3.0/ranger-intg-2.3.0.jar:/home/runner/.m2/repository/org/apache/ranger/ranger-plugins-common/2.3.0/ranger-plugins-common-2.3.0.jar:/home/runner/.m2/repository/commons-lang/commons-lang/2.6/commons-lang-2.6.jar:/home/runner/.m2/repository/org/apache/ranger/ranger-plugins-cred/2.3.0/ranger-plugins-cred-2.3.0.jar:/home/runner/.m2/repository/org/apache/ranger/ranger-plugins-audit/2.3.0/ranger-plugins-audit-2.3.0.jar:/home/runner/.m2/repository/org/eclipse/jetty/jetty-client/9.4.53.v20231009/jetty-client-9.4.53.v20231009.jar:/home/runner/.m2/repository/org/apache/httpcomponents/httpmime/4.5.6/httpmime-4.5.6.jar:/home/runner/.m2/repository/org/apache/httpcomponents/httpcore-nio/4.4.16/httpcore-nio-4.4.16.jar:/home/runner/.m2/repository/org/apache/httpcomponents/httpasyncclient/4.1.3/httpasyncclient-4.1.3.jar:/home/runner/.m2/repository/com/carrotsearch/hppc/0.8.0/hppc-0.8.0.jar:/home/runner/.m2/repository/org/apache/orc/orc-core/1.5.8/orc-core-1.5.8.jar:/home/runner/.m2/repository/net/java/dev/jna/jna/5.2.0/jna-5.2.0.jar:/home/runner/.m2/repository/net/java/dev/jna/jna-platform/5.2.0/jna-platform-5.2.0.jar:/home/runner/.m2/repository/com/kstruct/gethostname4j/0.0.2/gethostname4j-0.0.2.jar:/home/runner/.m2/repository/org/apache/ranger/ranger-plugin-classloader/2.3.0/ranger-plugin-classloader-2.3.0.jar:/home/runner/work/ozone/ozone/hadoop-hdds/rocks-native/target/classes:/home/runner/.m2/repository/org/apache/hadoop/hadoop-minikdc/3.3.6/hadoop-minikdc-3.3.6.jar:/home/runner/.m2/repository/org/apache/kerby/kerb-simplekdc/1.0.1/kerb-simplekdc-1.0.1.jar:/home/runner/.m2/repository/org/apache/kerby/kerb-client/1.0.1/kerb-client-1.0.1.jar:/home/runner/.m2/repository/org/apache/kerby/kerby-config/1.0.1/kerby-config-1.0.1.jar:/home/runner/.m2/repository/org/apache/kerby/kerb-common/1.0.1/kerb-common-1.0.1.jar:/home/runner/.m2/repository/org/apache/kerby/kerb-crypto/1.0.1/kerb-crypto-1.0.1.jar:/home/runner/.m2/repository/org/apache/kerby/kerb-util/1.0.1/kerb-util-1.0.1.jar:/home/runner/.m2/repository/org/apache/kerby/token-provider/1.0.1/token-provider-1.0.1.jar:/home/runner/.m2/repository/org/apache/kerby/kerb-admin/1.0.1/kerb-admin-1.0.1.jar:/home/runner/.m2/repository/org/apache/kerby/kerb-server/1.0.1/kerb-server-1.0.1.jar:/home/runner/.m2/repository/org/apache/kerby/kerb-identity/1.0.1/kerb-identity-1.0.1.jar:/home/runner/.m2/repository/org/apache/kerby/kerby-xdr/1.0.1/kerby-xdr-1.0.1.jar:/home/runner/.m2/repository/junit/junit/4.13.2/junit-4.13.2.jar:/home/runner/.m2/repository/org/hamcrest/hamcrest-core/1.3/hamcrest-core-1.3.jar:/home/runner/work/ozone/ozone/hadoop-ozone/s3gateway/target/classes:/home/runner/.m2/repository/org/javassist/javassist/3.21.0-GA/javassist-3.21.0-GA.jar:/home/runner/.m2/repository/org/jboss/weld/servlet/weld-servlet-shaded/3.1.9.Final/weld-servlet-shaded-3.1.9.Final.jar:/home/runner/.m2/repository/org/glassfish/jersey/containers/jersey-container-servlet-core/2.42/jersey-container-servlet-core-2.42.jar:/home/runner/.m2/repository/org/glassfish/hk2/external/jakarta.inject/2.6.1/jakarta.inject-2.6.1.jar:/home/runner/.m2/repository/org/glassfish/jersey/core/jersey-common/2.42/jersey-common-2.42.jar:/home/runner/.m2/repository/jakarta/ws/rs/jakarta.ws.rs-api/2.1.6/jakarta.ws.rs-api-2.1.6.jar:/home/runner/.m2/repository/org/glassfish/jersey/ext/cdi/jersey-cdi1x/2.42/jersey-cdi1x-2.42.jar:/home/runner/.m2/repository/org/glassfish/jersey/inject/jersey-hk2/2.42/jersey-hk2-2.42.jar:/home/runner/.m2/repository/org/glassfish/hk2/hk2-locator/2.6.1/hk2-locator-2.6.1.jar:/home/runner/.m2/repository/org/glassfish/jersey/media/jersey-media-jaxb/2.42/jersey-media-jaxb-2.42.jar:/home/runner/.m2/repository/org/glassfish/hk2/osgi-resource-locator/1.0.3/osgi-resource-locator-1.0.3.jar:/home/runner/.m2/repository/org/glassfish/hk2/hk2-api/2.6.1/hk2-api-2.6.1.jar:/home/runner/.m2/repository/org/glassfish/hk2/hk2-utils/2.6.1/hk2-utils-2.6.1.jar:/home/runner/.m2/repository/org/glassfish/hk2/external/aopalliance-repackaged/2.6.1/aopalliance-repackaged-2.6.1.jar:/home/runner/.m2/repository/com/fasterxml/jackson/dataformat/jackson-dataformat-xml/2.16.1/jackson-dataformat-xml-2.16.1.jar:/home/runner/.m2/repository/org/codehaus/woodstox/stax2-api/4.2.2/stax2-api-4.2.2.jar:/home/runner/.m2/repository/com/fasterxml/woodstox/woodstox-core/5.4.0/woodstox-core-5.4.0.jar:/home/runner/.m2/repository/com/fasterxml/jackson/module/jackson-module-jaxb-annotations/2.16.1/jackson-module-jaxb-annotations-2.16.1.jar:/home/runner/.m2/repository/javax/enterprise/cdi-api/2.0/cdi-api-2.0.jar:/home/runner/.m2/repository/javax/el/javax.el-api/3.0.0/javax.el-api-3.0.0.jar:/home/runner/.m2/repository/javax/interceptor/javax.interceptor-api/1.2/javax.interceptor-api-1.2.jar:/home/runner/.m2/repository/javax/inject/javax.inject/1/javax.inject-1.jar:/home/runner/.m2/repository/jakarta/xml/bind/jakarta.xml.bind-api/2.3.3/jakarta.xml.bind-api-2.3.3.jar:/home/runner/.m2/repository/org/glassfish/jaxb/jaxb-runtime/2.3.9/jaxb-runtime-2.3.9.jar:/home/runner/.m2/repository/org/glassfish/jaxb/txw2/2.3.9/txw2-2.3.9.jar:/home/runner/.m2/repository/com/sun/istack/istack-commons-runtime/3.0.12/istack-commons-runtime-3.0.12.jar:/home/runner/.m2/repository/com/sun/activation/jakarta.activation/1.2.2/jakarta.activation-1.2.2.jar:/home/runner/.m2/repository/jakarta/activation/jakarta.activation-api/1.2.2/jakarta.activation-api-1.2.2.jar:/home/runner/.m2/repository/io/grpc/grpc-protobuf/1.58.0/grpc-protobuf-1.58.0.jar:/home/runner/.m2/repository/com/google/api/grpc/proto-google-common-protos/2.22.0/proto-google-common-protos-2.22.0.jar:/home/runner/.m2/repository/io/grpc/grpc-protobuf-lite/1.58.0/grpc-protobuf-lite-1.58.0.jar:/home/runner/.m2/repository/io/grpc/grpc-stub/1.58.0/grpc-stub-1.58.0.jar:/home/runner/.m2/repository/io/netty/netty-transport/4.1.100.Final/netty-transport-4.1.100.Final.jar:/home/runner/.m2/repository/io/netty/netty-resolver/4.1.100.Final/netty-resolver-4.1.100.Final.jar:/home/runner/work/ozone/ozone/hadoop-ozone/csi/target/classes:/home/runner/.m2/repository/com/google/protobuf/protobuf-java-util/3.19.6/protobuf-java-util-3.19.6.jar:/home/runner/.m2/repository/com/google/code/gson/gson/2.10.1/gson-2.10.1.jar:/home/runner/work/ozone/ozone/hadoop-hdds/config/target/classes:/home/runner/.m2/repository/io/netty/netty-transport-native-epoll/4.1.100.Final/netty-transport-native-epoll-4.1.100.Final-linux-x86_64.jar:/home/runner/.m2/repository/io/netty/netty-transport-classes-epoll/4.1.100.Final/netty-transport-classes-epoll-4.1.100.Final.jar:/home/runner/.m2/repository/io/netty/netty-transport-native-unix-common/4.1.100.Final/netty-transport-native-unix-common-4.1.100.Final.jar:/home/runner/work/ozone/ozone/hadoop-ozone/recon/target/classes:/home/runner/work/ozone/ozone/hadoop-ozone/recon-codegen/target/classes:/home/runner/.m2/repository/com/google/inject/guice/6.0.0/guice-6.0.0.jar:/home/runner/.m2/repository/jakarta/inject/jakarta.inject-api/2.0.1/jakarta.inject-api-2.0.1.jar:/home/runner/.m2/repository/aopalliance/aopalliance/1.0/aopalliance-1.0.jar:/home/runner/.m2/repository/com/google/inject/extensions/guice-assistedinject/6.0.0/guice-assistedinject-6.0.0.jar:/home/runner/.m2/repository/com/google/inject/extensions/guice-servlet/6.0.0/guice-servlet-6.0.0.jar:/home/runner/.m2/repository/org/glassfish/jersey/containers/jersey-container-servlet/2.42/jersey-container-servlet-2.42.jar:/home/runner/.m2/repository/org/glassfish/hk2/guice-bridge/2.6.1/guice-bridge-2.6.1.jar:/home/runner/.m2/repository/org/glassfish/jersey/core/jersey-server/2.42/jersey-server-2.42.jar:/home/runner/.m2/repository/org/glassfish/jersey/core/jersey-client/2.42/jersey-client-2.42.jar:/home/runner/.m2/repository/jakarta/validation/jakarta.validation-api/2.0.2/jakarta.validation-api-2.0.2.jar:/home/runner/.m2/repository/org/glassfish/jersey/media/jersey-media-json-jackson/2.42/jersey-media-json-jackson-2.42.jar:/home/runner/.m2/repository/org/glassfish/jersey/ext/jersey-entity-filtering/2.42/jersey-entity-filtering-2.42.jar:/home/runner/.m2/repository/org/jooq/jooq/3.11.10/jooq-3.11.10.jar:/home/runner/.m2/repository/org/jooq/jooq-meta/3.11.10/jooq-meta-3.11.10.jar:/home/runner/.m2/repository/org/jooq/jooq-codegen/3.11.10/jooq-codegen-3.11.10.jar:/home/runner/.m2/repository/com/jolbox/bonecp/0.8.0.RELEASE/bonecp-0.8.0.RELEASE.jar:/home/runner/.m2/repository/org/apache/derby/derby/10.14.2.0/derby-10.14.2.0.jar:/home/runner/.m2/repository/org/xerial/sqlite-jdbc/3.44.1.0/sqlite-jdbc-3.44.1.0.jar:/home/runner/.m2/repository/org/springframework/spring-jdbc/5.3.27/spring-jdbc-5.3.27.jar:/home/runner/.m2/repository/org/springframework/spring-beans/5.3.27/spring-beans-5.3.27.jar:/home/runner/.m2/repository/org/springframework/spring-core/5.3.27/spring-core-5.3.27.jar:/home/runner/.m2/repository/org/springframework/spring-tx/5.3.27/spring-tx-5.3.27.jar:/home/runner/work/ozone/ozone/hadoop-ozone/client/target/classes:/home/runner/work/ozone/ozone/hadoop-hdds/erasurecode/target/classes:/home/runner/work/ozone/ozone/hadoop-ozone/ozonefs/target/classes:/home/runner/work/ozone/ozone/hadoop-ozone/ozonefs-common/target/classes:/home/runner/work/ozone/ozone/hadoop-ozone/tools/target/classes:/home/runner/.m2/repository/com/amazonaws/aws-java-sdk-core/1.12.661/aws-java-sdk-core-1.12.661.jar:/home/runner/.m2/repository/org/apache/httpcomponents/httpclient/4.5.14/httpclient-4.5.14.jar:/home/runner/.m2/repository/org/apache/httpcomponents/httpcore/4.4.16/httpcore-4.4.16.jar:/home/runner/.m2/repository/com/fasterxml/jackson/dataformat/jackson-dataformat-cbor/2.16.1/jackson-dataformat-cbor-2.16.1.jar:/home/runner/.m2/repository/joda-time/joda-time/2.12.7/joda-time-2.12.7.jar:/home/runner/.m2/repository/com/amazonaws/aws-java-sdk-s3/1.12.661/aws-java-sdk-s3-1.12.661.jar:/home/runner/.m2/repository/com/amazonaws/aws-java-sdk-kms/1.12.661/aws-java-sdk-kms-1.12.661.jar:/home/runner/.m2/repository/com/amazonaws/jmespath-java/1.12.661/jmespath-java-1.12.661.jar:/home/runner/.m2/repository/org/kohsuke/metainf-services/metainf-services/1.11/metainf-services-1.11.jar:/home/runner/work/ozone/ozone/hadoop-hdds/tools/target/classes:/home/runner/.m2/repository/org/apache/ratis/ratis-tools/3.0.1/ratis-tools-3.0.1.jar:/home/runner/.m2/repository/commons-cli/commons-cli/1.6.0/commons-cli-1.6.0.jar:/home/runner/.m2/repository/org/apache/commons/commons-lang3/3.14.0/commons-lang3-3.14.0.jar:/home/runner/work/ozone/ozone/hadoop-ozone/ozone-manager/target/test-classes:/home/runner/work/ozone/ozone/hadoop-hdds/common/target/test-classes:/home/runner/work/ozone/ozone/hadoop-hdds/hadoop-dependency-client/target/classes:/home/runner/.m2/repository/info/picocli/picocli/4.7.5/picocli-4.7.5.jar:/home/runner/.m2/repository/com/fasterxml/jackson/core/jackson-annotations/2.16.1/jackson-annotations-2.16.1.jar:/home/runner/work/ozone/ozone/hadoop-hdds/annotations/target/classes:/home/runner/.m2/repository/javax/annotation/javax.annotation-api/1.3.2/javax.annotation-api-1.3.2.jar:/home/runner/.m2/repository/org/apache/ratis/ratis-netty/3.0.1/ratis-netty-3.0.1.jar:/home/runner/.m2/repository/org/apache/ratis/ratis-grpc/3.0.1/ratis-grpc-3.0.1.jar:/home/runner/.m2/repository/org/bouncycastle/bcpkix-jdk18on/1.77/bcpkix-jdk18on-1.77.jar:/home/runner/.m2/repository/org/bouncycastle/bcutil-jdk18on/1.77/bcutil-jdk18on-1.77.jar:/home/runner/.m2/repository/commons-validator/commons-validator/1.6/commons-validator-1.6.jar:/home/runner/.m2/repository/commons-beanutils/commons-beanutils/1.9.4/commons-beanutils-1.9.4.jar:/home/runner/.m2/repository/commons-digester/commons-digester/1.8.1/commons-digester-1.8.1.jar:/home/runner/.m2/repository/commons-collections/commons-collections/3.2.2/commons-collections-3.2.2.jar:/home/runner/.m2/repository/io/jaegertracing/jaeger-client/1.8.1/jaeger-client-1.8.1.jar:/home/runner/.m2/repository/io/jaegertracing/jaeger-thrift/1.8.1/jaeger-thrift-1.8.1.jar:/home/runner/.m2/repository/org/apache/thrift/libthrift/0.15.0/libthrift-0.15.0.jar:/home/runner/.m2/repository/io/jaegertracing/jaeger-core/1.8.1/jaeger-core-1.8.1.jar:/home/runner/.m2/repository/io/jaegertracing/jaeger-tracerresolver/1.8.1/jaeger-tracerresolver-1.8.1.jar:/home/runner/.m2/repository/io/opentracing/contrib/opentracing-tracerresolver/0.1.8/opentracing-tracerresolver-0.1.8.jar:/home/runner/.m2/repository/org/jetbrains/kotlin/kotlin-stdlib/1.9.22/kotlin-stdlib-1.9.22.jar:/home/runner/.m2/repository/org/jetbrains/annotations/13.0/annotations-13.0.jar:/home/runner/.m2/repository/io/opentracing/opentracing-util/0.33.0/opentracing-util-0.33.0.jar:/home/runner/.m2/repository/io/opentracing/opentracing-api/0.33.0/opentracing-api-0.33.0.jar:/home/runner/.m2/repository/io/opentracing/opentracing-noop/0.33.0/opentracing-noop-0.33.0.jar:/home/runner/.m2/repository/org/yaml/snakeyaml/2.0/snakeyaml-2.0.jar:/home/runner/.m2/repository/io/grpc/grpc-api/1.58.0/grpc-api-1.58.0.jar:/home/runner/.m2/repository/org/junit/platform/junit-platform-launcher/1.10.2/junit-platform-launcher-1.10.2.jar:/home/runner/.m2/repository/org/junit/platform/junit-platform-engine/1.10.2/junit-platform-engine-1.10.2.jar:/home/runner/.m2/repository/org/apiguardian/apiguardian-api/1.1.2/apiguardian-api-1.1.2.jar:/home/runner/.m2/repository/org/apache/hadoop/hadoop-kms/3.3.6/hadoop-kms-3.3.6.jar:/home/runner/.m2/repository/org/apache/hadoop/hadoop-auth/3.3.6/hadoop-auth-3.3.6.jar:/home/runner/.m2/repository/org/apache/zookeeper/zookeeper/3.8.4/zookeeper-3.8.4.jar:/home/runner/.m2/repository/org/apache/zookeeper/zookeeper-jute/3.8.4/zookeeper-jute-3.8.4.jar:/home/runner/.m2/repository/org/apache/yetus/audience-annotations/0.12.0/audience-annotations-0.12.0.jar:/home/runner/.m2/repository/org/apache/curator/curator-framework/4.2.0/curator-framework-4.2.0.jar:/home/runner/.m2/repository/org/apache/hadoop/thirdparty/hadoop-shaded-guava/1.2.0/hadoop-shaded-guava-1.2.0.jar:/home/runner/.m2/repository/com/sun/jersey/jersey-core/1.19.4/jersey-core-1.19.4.jar:/home/runner/.m2/repository/javax/ws/rs/jsr311-api/1.1.1/jsr311-api-1.1.1.jar:/home/runner/.m2/repository/com/sun/jersey/jersey-server/1.19.4/jersey-server-1.19.4.jar:/home/runner/.m2/repository/javax/servlet/javax.servlet-api/3.1.0/javax.servlet-api-3.1.0.jar:/home/runner/.m2/repository/org/apache/hadoop/hadoop-common/3.3.6/hadoop-common-3.3.6.jar:/home/runner/.m2/repository/org/apache/commons/commons-math3/3.6.1/commons-math3-3.6.1.jar:/home/runner/.m2/repository/commons-net/commons-net/3.10.0/commons-net-3.10.0.jar:/home/runner/.m2/repository/com/sun/jersey/jersey-servlet/1.19.4/jersey-servlet-1.19.4.jar:/home/runner/.m2/repository/com/github/pjfanning/jersey-json/1.20/jersey-json-1.20.jar:/home/runner/.m2/repository/org/codehaus/jettison/jettison/1.1/jettison-1.1.jar:/home/runner/.m2/repository/com/sun/xml/bind/jaxb-impl/2.2.3-1/jaxb-impl-2.2.3-1.jar:/home/runner/.m2/repository/com/google/re2j/re2j/1.7/re2j-1.7.jar:/home/runner/.m2/repository/com/jcraft/jsch/0.1.54/jsch-0.1.54.jar:/home/runner/.m2/repository/org/apache/curator/curator-client/4.2.0/curator-client-4.2.0.jar:/home/runner/.m2/repository/org/apache/curator/curator-recipes/5.2.0/curator-recipes-5.2.0.jar:/home/runner/.m2/repository/com/google/code/findbugs/jsr305/3.0.2/jsr305-3.0.2.jar:/home/runner/.m2/repository/org/apache/kerby/kerb-core/1.0.1/kerb-core-1.0.1.jar:/home/runner/.m2/repository/org/apache/kerby/kerby-pkix/1.0.1/kerby-pkix-1.0.1.jar:/home/runner/.m2/repository/org/apache/kerby/kerby-asn1/1.0.1/kerby-asn1-1.0.1.jar:/home/runner/.m2/repository/org/apache/kerby/kerby-util/1.0.1/kerby-util-1.0.1.jar:/home/runner/.m2/repository/dnsjava/dnsjava/2.1.7/dnsjava-2.1.7.jar:/home/runner/.m2/repository/com/fasterxml/jackson/core/jackson-databind/2.16.1/jackson-databind-2.16.1.jar:/home/runner/.m2/repository/org/apache/hadoop/hadoop-kms/3.3.6/hadoop-kms-3.3.6-tests.jar:/home/runner/work/ozone/ozone/hadoop-hdds/server-scm/target/test-classes:/home/runner/work/ozone/ozone/hadoop-hdds/container-service/target/test-classes:/home/runner/.m2/repository/com/github/luben/zstd-jni/1.5.2-5/zstd-jni-1.5.2-5.jar:/home/runner/.m2/repository/commons-codec/commons-codec/1.15/commons-codec-1.15.jar:/home/runner/.m2/repository/io/netty/netty-codec/4.1.100.Final/netty-codec-4.1.100.Final.jar:/home/runner/.m2/repository/io/netty/netty-handler/4.1.100.Final/netty-handler-4.1.100.Final.jar:/home/runner/work/ozone/ozone/hadoop-hdds/hadoop-dependency-test/target/classes:/home/runner/.m2/repository/org/apache/hadoop/hadoop-common/3.3.6/hadoop-common-3.3.6-tests.jar:/home/runner/.m2/repository/org/apache/hadoop/hadoop-hdfs/3.3.6/hadoop-hdfs-3.3.6-tests.jar:/home/runner/.m2/repository/org/junit/jupiter/junit-jupiter-engine/5.10.2/junit-jupiter-engine-5.10.2.jar:/home/runner/.m2/repository/org/junit/jupiter/junit-jupiter-params/5.10.2/junit-jupiter-params-5.10.2.jar:/home/runner/.m2/repository/org/mockito/mockito-core/4.11.0/mockito-core-4.11.0.jar:/home/runner/.m2/repository/net/bytebuddy/byte-buddy/1.12.19/byte-buddy-1.12.19.jar:/home/runner/.m2/repository/net/bytebuddy/byte-buddy-agent/1.12.19/byte-buddy-agent-1.12.19.jar:/home/runner/.m2/repository/org/objenesis/objenesis/3.3/objenesis-3.3.jar:/home/runner/.m2/repository/org/mockito/mockito-junit-jupiter/4.11.0/mockito-junit-jupiter-4.11.0.jar:/home/runner/.m2/repository/org/apache/hadoop/hadoop-distcp/3.3.6/hadoop-distcp-3.3.6.jar:/home/runner/.m2/repository/org/apache/hadoop/hadoop-mapreduce-client-jobclient/3.3.6/hadoop-mapreduce-client-jobclient-3.3.6.jar:/home/runner/.m2/repository/org/apache/hadoop/hadoop-mapreduce-client-common/3.3.6/hadoop-mapreduce-client-common-3.3.6.jar:/home/runner/.m2/repository/org/apache/hadoop/hadoop-yarn-common/3.3.6/hadoop-yarn-common-3.3.6.jar:/home/runner/.m2/repository/org/apache/hadoop/hadoop-yarn-api/3.3.6/hadoop-yarn-api-3.3.6.jar:/home/runner/.m2/repository/javax/xml/bind/jaxb-api/2.2.11/jaxb-api-2.2.11.jar:/home/runner/.m2/repository/com/sun/jersey/contribs/jersey-guice/1.19.4/jersey-guice-1.19.4.jar:/home/runner/.m2/repository/com/fasterxml/jackson/jaxrs/jackson-jaxrs-json-provider/2.16.1/jackson-jaxrs-json-provider-2.16.1.jar:/home/runner/.m2/repository/com/fasterxml/jackson/jaxrs/jackson-jaxrs-base/2.16.1/jackson-jaxrs-base-2.16.1.jar:/home/runner/.m2/repository/org/apache/hadoop/hadoop-yarn-client/3.3.6/hadoop-yarn-client-3.3.6.jar:/home/runner/.m2/repository/org/eclipse/jetty/websocket/websocket-client/9.4.51.v20230217/websocket-client-9.4.51.v20230217.jar:/home/runner/.m2/repository/org/eclipse/jetty/websocket/websocket-common/9.4.51.v20230217/websocket-common-9.4.51.v20230217.jar:/home/runner/.m2/repository/org/eclipse/jetty/websocket/websocket-api/9.4.51.v20230217/websocket-api-9.4.51.v20230217.jar:/home/runner/.m2/repository/org/jline/jline/3.9.0/jline-3.9.0.jar:/home/runner/.m2/repository/org/apache/hadoop/hadoop-mapreduce-client-core/3.3.6/hadoop-mapreduce-client-core-3.3.6.jar:/home/runner/.m2/repository/org/apache/avro/avro/1.7.7/avro-1.7.7.jar:/home/runner/.m2/repository/com/thoughtworks/paranamer/paranamer/2.3/paranamer-2.3.jar:/home/runner/.m2/repository/org/apache/hadoop/hadoop-annotations/3.3.6/hadoop-annotations-3.3.6.jar:/usr/lib/jvm/temurin-8-jdk-amd64/jre/../lib/tools.jar:/home/runner/.m2/repository/io/netty/netty/3.10.6.Final/netty-3.10.6.Final.jar:/home/runner/.m2/repository/org/apache/hadoop/hadoop-distcp/3.3.6/hadoop-distcp-3.3.6-tests.jar:/home/runner/.m2/repository/org/hamcrest/hamcrest/2.2/hamcrest-2.2.jar:/home/runner/.m2/repository/org/slf4j/jul-to-slf4j/2.0.12/jul-to-slf4j-2.0.12.jar:/home/runner/work/ozone/ozone/hadoop-ozone/integration-test/target/gradle-enterprise/test-listeners.jar:"/>
    <property name="sun.cpu.endian" value="little"/>
    <property name="user.home" value="/home/runner"/>
    <property name="user.language" value="en"/>
    <property name="java.specification.vendor" value="Oracle Corporation"/>
    <property name="java.home" value="/usr/lib/jvm/temurin-8-jdk-amd64/jre"/>
    <property name="java.security.krb5.conf" value="/home/runner/work/ozone/ozone/hadoop-ozone/integration-test/target/test-classes/krb5.conf"/>
    <property name="file.separator" value="/"/>
    <property name="basedir" value="/home/runner/work/ozone/ozone/hadoop-ozone/integration-test"/>
    <property name="line.separator" value="&#10;"/>
    <property name="java.vm.specification.vendor" value="Oracle Corporation"/>
    <property name="java.specification.name" value="Java Platform API Specification"/>
    <property name="skip.installnpx" value="true"/>
    <property name="java.awt.graphicsenv" value="sun.awt.X11GraphicsEnvironment"/>
    <property name="surefire.real.class.path" value="/home/runner/work/ozone/ozone/hadoop-ozone/integration-test/target/surefire/surefirebooter5240315968433104001.jar:/home/runner/.m2/repository/org/jacoco/org.jacoco.agent/0.8.11/org.jacoco.agent-0.8.11-runtime.jar"/>
    <property name="sun.boot.class.path" value="/usr/lib/jvm/temurin-8-jdk-amd64/jre/lib/resources.jar:/usr/lib/jvm/temurin-8-jdk-amd64/jre/lib/rt.jar:/usr/lib/jvm/temurin-8-jdk-amd64/jre/lib/sunrsasign.jar:/usr/lib/jvm/temurin-8-jdk-amd64/jre/lib/jsse.jar:/usr/lib/jvm/temurin-8-jdk-amd64/jre/lib/jce.jar:/usr/lib/jvm/temurin-8-jdk-amd64/jre/lib/charsets.jar:/usr/lib/jvm/temurin-8-jdk-amd64/jre/lib/jfr.jar:/usr/lib/jvm/temurin-8-jdk-amd64/jre/classes"/>
    <property name="hadoop.log.dir" value="/home/runner/work/ozone/ozone/hadoop-ozone/integration-test/target/log"/>
    <property name="sun.management.compiler" value="HotSpot 64-Bit Tiered Compilers"/>
    <property name="java.runtime.version" value="1.8.0_402-b06"/>
    <property name="skip.npx" value="true"/>
    <property name="user.name" value="runner"/>
    <property name="java.net.preferIPv4Stack" value="true"/>
    <property name="path.separator" value=":"/>
    <property name="java.security.egd" value="file:///dev/urandom"/>
    <property name="os.version" value="5.15.0-1059-azure"/>
    <property name="java.endorsed.dirs" value="/usr/lib/jvm/temurin-8-jdk-amd64/jre/lib/endorsed"/>
    <property name="java.runtime.name" value="OpenJDK Runtime Environment"/>
    <property name="com.gradle.maven.scan.extension.test.listener.junitplatform.NestedExecutionSafeDelegatingTestExecutionListener" value="4b0d79fc"/>
    <property name="file.encoding" value="UTF-8"/>
    <property name="java.vm.name" value="OpenJDK 64-Bit Server VM"/>
    <property name="test.build.webapps" value=""/>
    <property name="localRepository" value="/home/runner/.m2/repository"/>
    <property name="gradle.enterprise.listener.port" value="43941"/>
    <property name="jetty.git.hash" value="27bde00a0b95a1d5bbee0eae7984f891d2d0f8c9"/>
    <property name="java.vendor.url.bug" value="https://github.com/adoptium/adoptium-support/issues"/>
    <property name="require.test.libhadoop" value=""/>
    <property name="java.io.tmpdir" value="/tmp"/>
    <property name="java.version" value="1.8.0_402"/>
    <property name="user.dir" value="/home/runner/work/ozone/ozone/hadoop-ozone/integration-test"/>
    <property name="os.arch" value="amd64"/>
    <property name="test.build.classes" value="/home/runner/work/ozone/ozone/hadoop-ozone/integration-test/target/test-classes"/>
    <property name="java.vm.specification.name" value="Java Virtual Machine Specification"/>
    <property name="java.awt.printerjob" value="sun.print.PSPrinterJob"/>
    <property name="sun.os.patch.level" value="unknown"/>
    <property name="org.apache.ratis.thirdparty.io.netty.allocator.useCacheForAllThreads" value="false"/>
    <property name="hadoop.tmp.dir" value="/home/runner/work/ozone/ozone/hadoop-ozone/integration-test/target/tmp"/>
    <property name="java.library.path" value="/usr/java/packages/lib/amd64:/usr/lib64:/lib64:/lib:/usr/lib"/>
    <property name="java.vendor" value="Temurin"/>
    <property name="java.vm.info" value="mixed mode"/>
    <property name="java.vm.version" value="25.402-b06"/>
    <property name="java.specification.maintenance.version" value="5"/>
    <property name="sun.io.unicode.encoding" value="UnicodeLittle"/>
    <property name="java.ext.dirs" value="/usr/lib/jvm/temurin-8-jdk-amd64/jre/lib/ext:/usr/java/packages/lib/ext"/>
    <property name="java.class.version" value="52.0"/>
  </properties>
  <testcase name="testFinalizationWithLeaderChange(InjectedUpgradeFinalizationExecutor$UpgradeTestInjectionPoints)" classname="org.apache.hadoop.hdds.upgrade.TestScmHAFinalization" time="67.881"/>
  <testcase name="testFinalizationWithLeaderChange(InjectedUpgradeFinalizationExecutor$UpgradeTestInjectionPoints)" classname="org.apache.hadoop.hdds.upgrade.TestScmHAFinalization" time="59.136"/>
  <testcase name="testFinalizationWithLeaderChange(InjectedUpgradeFinalizationExecutor$UpgradeTestInjectionPoints)" classname="org.apache.hadoop.hdds.upgrade.TestScmHAFinalization" time="63.737"/>
  <testcase name="testSnapshotFinalization" classname="org.apache.hadoop.hdds.upgrade.TestScmHAFinalization" time="945.457">
    <error type="java.net.ConnectException"><![CDATA[java.net.ConnectException: Call From fv-az1209-424/10.1.0.6 to localhost:15224 failed on connection exception: java.net.ConnectException: Connection refused; For more details see:  http://wiki.apache.org/hadoop/ConnectionRefused
	at sun.reflect.GeneratedConstructorAccessor60.newInstance(Unknown Source)
	at sun.reflect.DelegatingConstructorAccessorImpl.newInstance(DelegatingConstructorAccessorImpl.java:45)
	at java.lang.reflect.Constructor.newInstance(Constructor.java:423)
	at org.apache.hadoop.net.NetUtils.wrapWithMessage(NetUtils.java:930)
	at org.apache.hadoop.net.NetUtils.wrapException(NetUtils.java:845)
	at org.apache.hadoop.ipc.Client.getRpcResponse(Client.java:1571)
	at org.apache.hadoop.ipc.Client.call(Client.java:1513)
	at org.apache.hadoop.ipc.Client.call(Client.java:1410)
	at org.apache.hadoop.ipc.ProtobufRpcEngine$Invoker.invoke(ProtobufRpcEngine.java:250)
	at org.apache.hadoop.ipc.ProtobufRpcEngine$Invoker.invoke(ProtobufRpcEngine.java:132)
	at com.sun.proxy.$Proxy51.send(Unknown Source)
	at sun.reflect.GeneratedMethodAccessor142.invoke(Unknown Source)
	at sun.reflect.DelegatingMethodAccessorImpl.invoke(DelegatingMethodAccessorImpl.java:43)
	at java.lang.reflect.Method.invoke(Method.java:498)
	at org.apache.hadoop.io.retry.RetryInvocationHandler.invokeMethod(RetryInvocationHandler.java:433)
	at org.apache.hadoop.io.retry.RetryInvocationHandler$Call.invokeMethod(RetryInvocationHandler.java:166)
	at org.apache.hadoop.io.retry.RetryInvocationHandler$Call.invoke(RetryInvocationHandler.java:158)
	at org.apache.hadoop.io.retry.RetryInvocationHandler$Call.invokeOnce(RetryInvocationHandler.java:96)
	at org.apache.hadoop.io.retry.RetryInvocationHandler.invoke(RetryInvocationHandler.java:362)
	at com.sun.proxy.$Proxy51.send(Unknown Source)
	at org.apache.hadoop.hdds.scm.protocolPB.ScmBlockLocationProtocolClientSideTranslatorPB.submitRequest(ScmBlockLocationProtocolClientSideTranslatorPB.java:128)
	at org.apache.hadoop.hdds.scm.protocolPB.ScmBlockLocationProtocolClientSideTranslatorPB.addSCM(ScmBlockLocationProtocolClientSideTranslatorPB.java:304)
	at org.apache.hadoop.hdds.utils.HAUtils.addSCM(HAUtils.java:124)
	at org.apache.hadoop.hdds.scm.ha.SCMHAManagerImpl.start(SCMHAManagerImpl.java:126)
	at org.apache.hadoop.hdds.scm.server.StorageContainerManager.start(StorageContainerManager.java:1550)
	at org.apache.hadoop.ozone.MiniOzoneHAClusterImpl$Builder.createSCMService(MiniOzoneHAClusterImpl.java:588)
	at org.apache.hadoop.ozone.MiniOzoneHAClusterImpl$Builder.build(MiniOzoneHAClusterImpl.java:424)
	at org.apache.hadoop.hdds.upgrade.TestScmHAFinalization.init(TestScmHAFinalization.java:104)
	at org.apache.hadoop.hdds.upgrade.TestScmHAFinalization.testSnapshotFinalization(TestScmHAFinalization.java:255)
	at java.lang.reflect.Method.invoke(Method.java:498)
	at java.util.ArrayList.forEach(ArrayList.java:1259)
	at java.util.ArrayList.forEach(ArrayList.java:1259)
Caused by: java.net.ConnectException: Connection refused
	at sun.nio.ch.SocketChannelImpl.checkConnect(Native Method)
	at sun.nio.ch.SocketChannelImpl.finishConnect(SocketChannelImpl.java:716)
	at org.apache.hadoop.net.SocketIOWithTimeout.connect(SocketIOWithTimeout.java:205)
	at org.apache.hadoop.net.NetUtils.connect(NetUtils.java:600)
	at org.apache.hadoop.ipc.Client$Connection.setupConnection(Client.java:652)
	at org.apache.hadoop.ipc.Client$Connection.setupIOstreams(Client.java:773)
	at org.apache.hadoop.ipc.Client$Connection.access$3800(Client.java:347)
	at org.apache.hadoop.ipc.Client.getConnection(Client.java:1632)
	at org.apache.hadoop.ipc.Client.call(Client.java:1457)
	... 25 more
]]></error>
    <system-out><![CDATA[2024-03-31 12:43:32,213 [7a853b9e-58fa-41fd-b4c2-0c50e2c3b3eb-EndpointStateMachineTaskThread-/127.0.0.1:15154-0 ] INFO  ipc.Client (Client.java:handleConnectionFailure(950)) - Retrying connect to server: localhost/127.0.0.1:15154. Already tried 3 time(s); retry policy is RetryUpToMaximumCountWithFixedSleep(maxRetries=15, sleepTime=1000 MILLISECONDS)
2024-03-31 12:43:32,213 [7a853b9e-58fa-41fd-b4c2-0c50e2c3b3eb-EndpointStateMachineTaskThread-/127.0.0.1:15138-0 ] INFO  ipc.Client (Client.java:handleConnectionFailure(950)) - Retrying connect to server: localhost/127.0.0.1:15138. Already tried 3 time(s); retry policy is RetryUpToMaximumCountWithFixedSleep(maxRetries=15, sleepTime=1000 MILLISECONDS)
2024-03-31 12:43:32,221 [main] WARN  server.ServerUtils (ServerUtils.java:getScmDbDir(143)) - ozone.scm.db.dirs is not configured. We recommend adding this setting. Falling back to ozone.metadata.dirs instead.
2024-03-31 12:43:32,221 [main] INFO  ha.SCMHANodeDetails (SCMHANodeDetails.java:loadSCMHAConfig(207)) - ServiceID for StorageContainerManager is scmservice
2024-03-31 12:43:32,221 [main] INFO  ha.SCMHANodeDetails (SCMHANodeDetails.java:loadSCMHAConfig(218)) - ServiceID for StorageContainerManager is scmservice
2024-03-31 12:43:32,222 [main] WARN  scm.ScmUtils (ScmUtils.java:logWarn(192)) - ConfigKey ozone.scm.block.client.address is deprecated, For configuring different ports for each SCM use PortConfigKey ozone.scm.block.client.port appended with serviceId and nodeId. If want to configure same port configure ozone.scm.block.client.port
2024-03-31 12:43:32,222 [main] WARN  scm.ScmUtils (ScmUtils.java:logWarn(192)) - ConfigKey ozone.scm.client.address is deprecated, For configuring different ports for each SCM use PortConfigKey ozone.scm.client.port appended with serviceId and nodeId. If want to configure same port configure ozone.scm.client.port
2024-03-31 12:43:32,222 [main] WARN  scm.ScmUtils (ScmUtils.java:logWarn(192)) - ConfigKey ozone.scm.datanode.address is deprecated, For configuring different ports for each SCM use PortConfigKey ozone.scm.datanode.port appended with serviceId and nodeId. If want to configure same port configure ozone.scm.datanode.port
2024-03-31 12:43:32,222 [main] WARN  scm.ScmUtils (ScmUtils.java:logWarn(192)) - ConfigKey ozone.scm.block.client.address is deprecated, For configuring different ports for each SCM use PortConfigKey ozone.scm.block.client.port appended with serviceId and nodeId. If want to configure same port configure ozone.scm.block.client.port
2024-03-31 12:43:32,222 [main] WARN  scm.ScmUtils (ScmUtils.java:logWarn(192)) - ConfigKey ozone.scm.client.address is deprecated, For configuring different ports for each SCM use PortConfigKey ozone.scm.client.port appended with serviceId and nodeId. If want to configure same port configure ozone.scm.client.port
2024-03-31 12:43:32,222 [main] WARN  scm.ScmUtils (ScmUtils.java:logWarn(192)) - ConfigKey ozone.scm.datanode.address is deprecated, For configuring different ports for each SCM use PortConfigKey ozone.scm.datanode.port appended with serviceId and nodeId. If want to configure same port configure ozone.scm.datanode.port
2024-03-31 12:43:32,222 [main] INFO  ha.SCMHANodeDetails (SCMHANodeDetails.java:loadSCMHAConfig(305)) - Found matching SCM address with SCMServiceId: scmservice, SCMNodeId: scmNode-1, RPC Address: localhost:15204 and Ratis port: 15204
2024-03-31 12:43:32,223 [main] INFO  ha.SCMHANodeDetails (ConfUtils.java:setNodeSpecificConfigs(97)) - Setting configuration key ozone.scm.datanode.address with value of key ozone.scm.datanode.address.scmservice.scmNode-1: 127.0.0.1:15205
2024-03-31 12:43:32,223 [main] INFO  ha.SCMHANodeDetails (ConfUtils.java:setNodeSpecificConfigs(97)) - Setting configuration key ozone.scm.block.client.address with value of key ozone.scm.block.client.address.scmservice.scmNode-1: 127.0.0.1:15208
2024-03-31 12:43:32,223 [main] INFO  ha.SCMHANodeDetails (ConfUtils.java:setNodeSpecificConfigs(97)) - Setting configuration key ozone.scm.client.address with value of key ozone.scm.client.address.scmservice.scmNode-1: 127.0.0.1:15206
2024-03-31 12:43:32,223 [main] INFO  ha.SCMHANodeDetails (ConfUtils.java:setNodeSpecificConfigs(97)) - Setting configuration key ozone.scm.security.service.address with value of key ozone.scm.security.service.address.scmservice.scmNode-1: 127.0.0.1:15203
2024-03-31 12:43:32,223 [main] INFO  ha.SCMHANodeDetails (ConfUtils.java:setNodeSpecificConfigs(97)) - Setting configuration key ozone.scm.ratis.port with value of key ozone.scm.ratis.port.scmservice.scmNode-1: 15204
2024-03-31 12:43:32,223 [main] INFO  ha.SCMHANodeDetails (ConfUtils.java:setNodeSpecificConfigs(97)) - Setting configuration key ozone.scm.grpc.port with value of key ozone.scm.grpc.port.scmservice.scmNode-1: 15207
2024-03-31 12:43:32,223 [main] INFO  ha.SCMHANodeDetails (ConfUtils.java:setNodeSpecificConfigs(97)) - Setting configuration key ozone.scm.http-address with value of key ozone.scm.http-address.scmservice.scmNode-1: 127.0.0.1:15201
2024-03-31 12:43:32,223 [main] INFO  ha.SCMHANodeDetails (ConfUtils.java:setNodeSpecificConfigs(97)) - Setting configuration key ozone.scm.https-address with value of key ozone.scm.https-address.scmservice.scmNode-1: 127.0.0.1:15202
2024-03-31 12:43:32,223 [main] INFO  ha.SCMHANodeDetails (ConfUtils.java:setNodeSpecificConfigs(97)) - Setting configuration key ozone.scm.address with value of key ozone.scm.address.scmservice.scmNode-1: 127.0.0.1
2024-03-31 12:43:32,223 [main] WARN  scm.ScmUtils (ScmUtils.java:logWarn(192)) - ConfigKey ozone.scm.block.client.address is deprecated, For configuring different ports for each SCM use PortConfigKey ozone.scm.block.client.port appended with serviceId and nodeId. If want to configure same port configure ozone.scm.block.client.port
2024-03-31 12:43:32,224 [main] WARN  scm.ScmUtils (ScmUtils.java:logWarn(192)) - ConfigKey ozone.scm.client.address is deprecated, For configuring different ports for each SCM use PortConfigKey ozone.scm.client.port appended with serviceId and nodeId. If want to configure same port configure ozone.scm.client.port
2024-03-31 12:43:32,224 [main] WARN  scm.ScmUtils (ScmUtils.java:logWarn(192)) - ConfigKey ozone.scm.datanode.address is deprecated, For configuring different ports for each SCM use PortConfigKey ozone.scm.datanode.port appended with serviceId and nodeId. If want to configure same port configure ozone.scm.datanode.port
2024-03-31 12:43:32,226 [main] INFO  server.RaftServer (ConfUtils.java:logGet(46)) - raft.rpc.type = GRPC (default)
2024-03-31 12:43:32,226 [main] INFO  grpc.GrpcConfigKeys (ConfUtils.java:logFallback(53)) - raft.grpc.admin.host = null (fallback to raft.grpc.server.host)
2024-03-31 12:43:32,226 [main] INFO  grpc.GrpcConfigKeys (ConfUtils.java:logFallback(53)) - raft.grpc.admin.port = 15204 (fallback to raft.grpc.server.port)
2024-03-31 12:43:32,226 [main] INFO  grpc.GrpcConfigKeys (ConfUtils.java:logFallback(53)) - raft.grpc.client.host = null (fallback to raft.grpc.server.host)
2024-03-31 12:43:32,226 [main] INFO  grpc.GrpcConfigKeys (ConfUtils.java:logFallback(53)) - raft.grpc.client.port = 15204 (fallback to raft.grpc.server.port)
2024-03-31 12:43:32,226 [main] INFO  grpc.GrpcConfigKeys (ConfUtils.java:logGet(46)) - raft.grpc.server.host = null (default)
2024-03-31 12:43:32,227 [main] INFO  grpc.GrpcConfigKeys (ConfUtils.java:logGet(46)) - raft.grpc.server.port = 15204 (custom)
2024-03-31 12:43:32,227 [main] INFO  server.GrpcService (ConfUtils.java:logGet(46)) - raft.grpc.message.size.max = 32m (=33554432) (custom)
2024-03-31 12:43:32,227 [main] INFO  server.RaftServerConfigKeys (ConfUtils.java:logGet(46)) - raft.server.log.appender.buffer.byte-limit = 4194304 (custom)
2024-03-31 12:43:32,227 [main] INFO  server.GrpcService (ConfUtils.java:logGet(46)) - raft.grpc.flow.control.window = 1MB (=1048576) (default)
2024-03-31 12:43:32,227 [main] INFO  server.RaftServerConfigKeys (ConfUtils.java:logGet(46)) - raft.server.rpc.request.timeout = 30000ms (custom)
2024-03-31 12:43:32,227 [main] INFO  grpc.GrpcConfigKeys (ConfUtils.java:logGet(46)) - raft.grpc.server.heartbeat.channel = true (default)
2024-03-31 12:43:32,227 [main] INFO  grpc.GrpcConfigKeys (ConfUtils.java:logGet(46)) - raft.grpc.server.async.request.thread.pool.cached = true (default)
2024-03-31 12:43:32,228 [main] INFO  grpc.GrpcConfigKeys (ConfUtils.java:logGet(46)) - raft.grpc.server.async.request.thread.pool.size = 32 (default)
2024-03-31 12:43:32,229 [main] INFO  impl.DataStreamServerImpl (ConfUtils.java:logGet(46)) - raft.datastream.type = DISABLED (default)
2024-03-31 12:43:32,229 [main] INFO  server.RaftServerConfigKeys (ConfUtils.java:logGet(46)) - raft.server.sleep.deviation.threshold = 300ms (default)
2024-03-31 12:43:32,229 [main] INFO  server.RaftServerConfigKeys (ConfUtils.java:logGet(46)) - raft.server.close.threshold = 60s (default)
2024-03-31 12:43:32,229 [main] INFO  server.RaftServerConfigKeys (ConfUtils.java:logGet(46)) - raft.server.leaderelection.leader.step-down.wait-time = 10s (default)
2024-03-31 12:43:32,229 [main] INFO  server.RaftServerConfigKeys (ConfUtils.java:logGet(46)) - raft.server.storage.dir = [/home/runner/work/ozone/ozone/hadoop-ozone/integration-test/target/test-dir/MiniOzoneClusterImpl-d5b24aea-bde8-4662-982e-e0ba8d88520f/scmNode-1/scm-ha] (custom)
2024-03-31 12:43:32,229 [main] INFO  server.RaftServerConfigKeys (ConfUtils.java:logGet(46)) - raft.server.threadpool.proxy.cached = true (default)
2024-03-31 12:43:32,229 [main] INFO  server.RaftServerConfigKeys (ConfUtils.java:logGet(46)) - raft.server.threadpool.proxy.size = 0 (default)
2024-03-31 12:43:32,230 [main] INFO  server.RaftServer (RaftServerProxy.java:addNew(100)) - eb332bf5-0069-4d4b-8e41-ccd6e8cc684e: addNew group-E0BA8D88520F:[eb332bf5-0069-4d4b-8e41-ccd6e8cc684e|localhost:15204] returns group-E0BA8D88520F:java.util.concurrent.CompletableFuture@610c4933[Not completed]
2024-03-31 12:43:32,230 [eb332bf5-0069-4d4b-8e41-ccd6e8cc684e-groupManagement] INFO  server.RaftServer$Division (RaftServerImpl.java:<init>(256)) - eb332bf5-0069-4d4b-8e41-ccd6e8cc684e: new RaftServerImpl for group-E0BA8D88520F:[eb332bf5-0069-4d4b-8e41-ccd6e8cc684e|localhost:15204] with SCMStateMachine:uninitialized
2024-03-31 12:43:32,230 [eb332bf5-0069-4d4b-8e41-ccd6e8cc684e-groupManagement] INFO  server.RaftServerConfigKeys (ConfUtils.java:logGet(46)) - raft.server.rpc.timeout.min = 5000ms (custom)
2024-03-31 12:43:32,230 [eb332bf5-0069-4d4b-8e41-ccd6e8cc684e-groupManagement] INFO  server.RaftServerConfigKeys (ConfUtils.java:logGet(46)) - raft.server.rpc.timeout.max = 5200ms (custom)
2024-03-31 12:43:32,230 [eb332bf5-0069-4d4b-8e41-ccd6e8cc684e-groupManagement] INFO  server.RaftServerConfigKeys (ConfUtils.java:logGet(46)) - raft.server.rpc.sleep.time = 25ms (default)
2024-03-31 12:43:32,230 [eb332bf5-0069-4d4b-8e41-ccd6e8cc684e-groupManagement] INFO  server.RaftServerConfigKeys (ConfUtils.java:logGet(46)) - raft.server.rpc.slowness.timeout = 120000ms (custom)
2024-03-31 12:43:32,230 [eb332bf5-0069-4d4b-8e41-ccd6e8cc684e-groupManagement] INFO  server.RaftServerConfigKeys (ConfUtils.java:logGet(46)) - raft.server.leaderelection.leader.step-down.wait-time = 10s (default)
2024-03-31 12:43:32,230 [eb332bf5-0069-4d4b-8e41-ccd6e8cc684e-groupManagement] INFO  server.RaftServerConfigKeys (ConfUtils.java:logGet(46)) - raft.server.leaderelection.member.majority-add = false (default)
2024-03-31 12:43:32,231 [eb332bf5-0069-4d4b-8e41-ccd6e8cc684e-groupManagement] INFO  server.RaftServerConfigKeys (ConfUtils.java:logGet(46)) - raft.server.sleep.deviation.threshold = 300ms (default)
2024-03-31 12:43:32,231 [eb332bf5-0069-4d4b-8e41-ccd6e8cc684e-groupManagement] INFO  server.RaftServer$Division (ServerState.java:<init>(113)) - eb332bf5-0069-4d4b-8e41-ccd6e8cc684e@group-E0BA8D88520F: ConfigurationManager, init=-1: peers:[eb332bf5-0069-4d4b-8e41-ccd6e8cc684e|localhost:15204]|listeners:[], old=null, confs=<EMPTY_MAP>
2024-03-31 12:43:32,231 [eb332bf5-0069-4d4b-8e41-ccd6e8cc684e-groupManagement] INFO  server.RaftServerConfigKeys (ConfUtils.java:logGet(46)) - raft.server.notification.no-leader.timeout = 60s (default)
2024-03-31 12:43:32,231 [eb332bf5-0069-4d4b-8e41-ccd6e8cc684e-groupManagement] INFO  server.RaftServerConfigKeys (ConfUtils.java:logGet(46)) - raft.server.read.timeout = 10s (default)
2024-03-31 12:43:32,231 [eb332bf5-0069-4d4b-8e41-ccd6e8cc684e-groupManagement] INFO  server.RaftServerConfigKeys (ConfUtils.java:logGet(46)) - raft.server.retrycache.expirytime = 60000ms (default)
2024-03-31 12:43:32,231 [eb332bf5-0069-4d4b-8e41-ccd6e8cc684e-groupManagement] INFO  server.RaftServerConfigKeys (ConfUtils.java:logGet(46)) - raft.server.retrycache.statistics.expirytime = 100ms (default)
2024-03-31 12:43:32,231 [eb332bf5-0069-4d4b-8e41-ccd6e8cc684e-groupManagement] INFO  server.RaftServerConfigKeys (ConfUtils.java:logGet(46)) - raft.server.read.option = DEFAULT (default)
2024-03-31 12:43:32,231 [eb332bf5-0069-4d4b-8e41-ccd6e8cc684e-groupManagement] INFO  server.RaftServerConfigKeys (ConfUtils.java:logGet(46)) - raft.server.read.read-after-write-consistent.write-index-cache.expiry-time = 60s (default)
2024-03-31 12:43:32,231 [eb332bf5-0069-4d4b-8e41-ccd6e8cc684e-groupManagement] INFO  server.RaftServerConfigKeys (ConfUtils.java:logGet(46)) - raft.server.rpc.request.timeout = 30000ms (custom)
2024-03-31 12:43:32,231 [eb332bf5-0069-4d4b-8e41-ccd6e8cc684e-groupManagement] INFO  server.RaftServerConfigKeys (ConfUtils.java:logGet(46)) - raft.server.log.appender.install.snapshot.enabled = false (custom)
2024-03-31 12:43:32,231 [eb332bf5-0069-4d4b-8e41-ccd6e8cc684e-groupManagement] INFO  server.RaftServerConfigKeys (ConfUtils.java:logGet(46)) - raft.server.threadpool.server.cached = true (default)
2024-03-31 12:43:32,231 [eb332bf5-0069-4d4b-8e41-ccd6e8cc684e-groupManagement] INFO  server.RaftServerConfigKeys (ConfUtils.java:logGet(46)) - raft.server.threadpool.server.size = 0 (default)
2024-03-31 12:43:32,232 [eb332bf5-0069-4d4b-8e41-ccd6e8cc684e-groupManagement] INFO  server.RaftServerConfigKeys (ConfUtils.java:logGet(46)) - raft.server.threadpool.client.cached = true (default)
2024-03-31 12:43:32,232 [eb332bf5-0069-4d4b-8e41-ccd6e8cc684e-groupManagement] INFO  server.RaftServerConfigKeys (ConfUtils.java:logGet(46)) - raft.server.threadpool.client.size = 0 (default)
2024-03-31 12:43:32,232 [eb332bf5-0069-4d4b-8e41-ccd6e8cc684e-impl-thread1] INFO  server.RaftServerConfigKeys (ConfUtils.java:logGet(46)) - raft.server.storage.free-space.min = 0MB (=0) (default)
2024-03-31 12:43:32,232 [eb332bf5-0069-4d4b-8e41-ccd6e8cc684e-impl-thread1] INFO  server.RaftServerConfigKeys (ConfUtils.java:logGet(46)) - raft.server.log.corruption.policy = EXCEPTION (default)
2024-03-31 12:43:32,232 [eb332bf5-0069-4d4b-8e41-ccd6e8cc684e-impl-thread1] INFO  server.RaftServerConfigKeys (ConfUtils.java:logGet(46)) - raft.server.storage.dir = [/home/runner/work/ozone/ozone/hadoop-ozone/integration-test/target/test-dir/MiniOzoneClusterImpl-d5b24aea-bde8-4662-982e-e0ba8d88520f/scmNode-1/scm-ha] (custom)
2024-03-31 12:43:32,232 [eb332bf5-0069-4d4b-8e41-ccd6e8cc684e-impl-thread1] INFO  storage.RaftStorageDirectory (RaftStorageDirectoryImpl.java:analyzeStorage(138)) - The storage directory /home/runner/work/ozone/ozone/hadoop-ozone/integration-test/target/test-dir/MiniOzoneClusterImpl-d5b24aea-bde8-4662-982e-e0ba8d88520f/scmNode-1/scm-ha/d5b24aea-bde8-4662-982e-e0ba8d88520f does not exist. Creating ...
2024-03-31 12:43:32,234 [eb332bf5-0069-4d4b-8e41-ccd6e8cc684e-impl-thread1] INFO  storage.RaftStorageDirectory (RaftStorageDirectoryImpl.java:tryLock(228)) - Lock on /home/runner/work/ozone/ozone/hadoop-ozone/integration-test/target/test-dir/MiniOzoneClusterImpl-d5b24aea-bde8-4662-982e-e0ba8d88520f/scmNode-1/scm-ha/d5b24aea-bde8-4662-982e-e0ba8d88520f/in_use.lock acquired by nodename 21933@fv-az1209-424
2024-03-31 12:43:32,238 [eb332bf5-0069-4d4b-8e41-ccd6e8cc684e-impl-thread1] INFO  storage.RaftStorage (RaftStorageImpl.java:format(99)) - Storage directory /home/runner/work/ozone/ozone/hadoop-ozone/integration-test/target/test-dir/MiniOzoneClusterImpl-d5b24aea-bde8-4662-982e-e0ba8d88520f/scmNode-1/scm-ha/d5b24aea-bde8-4662-982e-e0ba8d88520f has been successfully formatted.
2024-03-31 12:43:32,238 [eb332bf5-0069-4d4b-8e41-ccd6e8cc684e-impl-thread1] WARN  util.FileUtils (LogUtils.java:supplyAndLog(63)) - Failed to Files.newInputStream /home/runner/work/ozone/ozone/hadoop-ozone/integration-test/target/test-dir/MiniOzoneClusterImpl-d5b24aea-bde8-4662-982e-e0ba8d88520f/scmNode-1/scm-ha/d5b24aea-bde8-4662-982e-e0ba8d88520f/current/raft-meta.conf with options []: java.nio.file.NoSuchFileException: /home/runner/work/ozone/ozone/hadoop-ozone/integration-test/target/test-dir/MiniOzoneClusterImpl-d5b24aea-bde8-4662-982e-e0ba8d88520f/scmNode-1/scm-ha/d5b24aea-bde8-4662-982e-e0ba8d88520f/current/raft-meta.conf
2024-03-31 12:43:32,238 [eb332bf5-0069-4d4b-8e41-ccd6e8cc684e-impl-thread1] INFO  server.RaftServerConfigKeys (ConfUtils.java:logGet(46)) - raft.server.log.use.memory = false (default)
2024-03-31 12:43:32,238 [eb332bf5-0069-4d4b-8e41-ccd6e8cc684e-impl-thread1] INFO  server.RaftServerConfigKeys (ConfUtils.java:logGet(46)) - raft.server.log.purge.gap = 5 (custom)
2024-03-31 12:43:32,238 [eb332bf5-0069-4d4b-8e41-ccd6e8cc684e-impl-thread1] INFO  server.RaftServerConfigKeys (ConfUtils.java:logGet(46)) - raft.server.log.appender.buffer.byte-limit = 4194304 (custom)
2024-03-31 12:43:32,238 [eb332bf5-0069-4d4b-8e41-ccd6e8cc684e-impl-thread1] INFO  server.RaftServerConfigKeys (ConfUtils.java:logGet(46)) - raft.server.log.statemachine.data.read.timeout = 1000ms (default)
2024-03-31 12:43:32,238 [eb332bf5-0069-4d4b-8e41-ccd6e8cc684e-impl-thread1] INFO  server.RaftServerConfigKeys (ConfUtils.java:logGet(46)) - raft.server.log.purge.preservation.log.num = 0 (default)
2024-03-31 12:43:32,238 [eb332bf5-0069-4d4b-8e41-ccd6e8cc684e-impl-thread1] INFO  server.RaftServerConfigKeys (ConfUtils.java:logGet(46)) - raft.server.log.segment.size.max = 4194304 (custom)
2024-03-31 12:43:32,238 [eb332bf5-0069-4d4b-8e41-ccd6e8cc684e-impl-thread1] INFO  server.RaftServerConfigKeys (ConfUtils.java:logGet(46)) - raft.server.log.segment.cache.num.max = 2 (custom)
2024-03-31 12:43:32,239 [eb332bf5-0069-4d4b-8e41-ccd6e8cc684e-impl-thread1] INFO  server.RaftServerConfigKeys (ConfUtils.java:logGet(46)) - raft.server.log.segment.cache.size.max = 200MB (=209715200) (default)
2024-03-31 12:43:32,239 [eb332bf5-0069-4d4b-8e41-ccd6e8cc684e-impl-thread1] INFO  server.RaftServerConfigKeys (ConfUtils.java:logGet(46)) - raft.server.log.appender.buffer.byte-limit = 4194304 (custom)
2024-03-31 12:43:32,239 [eb332bf5-0069-4d4b-8e41-ccd6e8cc684e-impl-thread1] INFO  util.AwaitToRun (AwaitToRun.java:start(81)) - Thread[eb332bf5-0069-4d4b-8e41-ccd6e8cc684e@group-E0BA8D88520F-cacheEviction-AwaitToRun,5,main] started
2024-03-31 12:43:32,239 [eb332bf5-0069-4d4b-8e41-ccd6e8cc684e-impl-thread1] INFO  segmented.SegmentedRaftLogWorker (SegmentedRaftLogWorker.java:<init>(182)) - new eb332bf5-0069-4d4b-8e41-ccd6e8cc684e@group-E0BA8D88520F-SegmentedRaftLogWorker for RaftStorageImpl:Storage Directory /home/runner/work/ozone/ozone/hadoop-ozone/integration-test/target/test-dir/MiniOzoneClusterImpl-d5b24aea-bde8-4662-982e-e0ba8d88520f/scmNode-1/scm-ha/d5b24aea-bde8-4662-982e-e0ba8d88520f
2024-03-31 12:43:32,239 [eb332bf5-0069-4d4b-8e41-ccd6e8cc684e-impl-thread1] INFO  server.RaftServerConfigKeys (ConfUtils.java:logGet(46)) - raft.server.log.queue.byte-limit = 64MB (=67108864) (default)
2024-03-31 12:43:32,239 [eb332bf5-0069-4d4b-8e41-ccd6e8cc684e-impl-thread1] INFO  server.RaftServerConfigKeys (ConfUtils.java:logGet(46)) - raft.server.log.queue.element-limit = 4096 (default)
2024-03-31 12:43:32,239 [eb332bf5-0069-4d4b-8e41-ccd6e8cc684e-impl-thread1] INFO  server.RaftServerConfigKeys (ConfUtils.java:logGet(46)) - raft.server.log.segment.size.max = 4194304 (custom)
2024-03-31 12:43:32,239 [eb332bf5-0069-4d4b-8e41-ccd6e8cc684e-impl-thread1] INFO  server.RaftServerConfigKeys (ConfUtils.java:logGet(46)) - raft.server.log.preallocated.size = 4194304 (custom)
2024-03-31 12:43:32,239 [eb332bf5-0069-4d4b-8e41-ccd6e8cc684e-impl-thread1] INFO  server.RaftServerConfigKeys (ConfUtils.java:logGet(46)) - raft.server.log.force.sync.num = 128 (default)
2024-03-31 12:43:32,239 [eb332bf5-0069-4d4b-8e41-ccd6e8cc684e-impl-thread1] INFO  server.RaftServerConfigKeys (ConfUtils.java:logGet(46)) - raft.server.log.statemachine.data.sync = true (default)
2024-03-31 12:43:32,239 [eb332bf5-0069-4d4b-8e41-ccd6e8cc684e-impl-thread1] INFO  server.RaftServerConfigKeys (ConfUtils.java:logGet(46)) - raft.server.log.statemachine.data.sync.timeout = 10s (default)
2024-03-31 12:43:32,239 [eb332bf5-0069-4d4b-8e41-ccd6e8cc684e-impl-thread1] INFO  server.RaftServerConfigKeys (ConfUtils.java:logGet(46)) - raft.server.log.statemachine.data.sync.timeout.retry = -1 (default)
2024-03-31 12:43:32,239 [eb332bf5-0069-4d4b-8e41-ccd6e8cc684e-impl-thread1] INFO  server.RaftServerConfigKeys (ConfUtils.java:logGet(46)) - raft.server.log.write.buffer.size = 4194312 (custom)
2024-03-31 12:43:32,240 [eb332bf5-0069-4d4b-8e41-ccd6e8cc684e-impl-thread1] INFO  server.RaftServerConfigKeys (ConfUtils.java:logGet(46)) - raft.server.log.appender.buffer.byte-limit = 4194304 (custom)
2024-03-31 12:43:32,240 [eb332bf5-0069-4d4b-8e41-ccd6e8cc684e-impl-thread1] INFO  server.RaftServerConfigKeys (ConfUtils.java:logGet(46)) - raft.server.log.unsafe-flush.enabled = false (default)
2024-03-31 12:43:32,240 [eb332bf5-0069-4d4b-8e41-ccd6e8cc684e-impl-thread1] INFO  server.RaftServerConfigKeys (ConfUtils.java:logGet(46)) - raft.server.log.async-flush.enabled = false (default)
2024-03-31 12:43:32,240 [eb332bf5-0069-4d4b-8e41-ccd6e8cc684e-impl-thread1] INFO  server.RaftServerConfigKeys (ConfUtils.java:logGet(46)) - raft.server.log.statemachine.data.caching.enabled = false (default)
2024-03-31 12:43:32,240 [eb332bf5-0069-4d4b-8e41-ccd6e8cc684e-impl-thread1] INFO  segmented.SegmentedRaftLogWorker (SegmentedRaftLogWorker.java:lambda$new$0(134)) - eb332bf5-0069-4d4b-8e41-ccd6e8cc684e@group-E0BA8D88520F-SegmentedRaftLogWorker: flushIndex: setUnconditionally 0 -> -1
2024-03-31 12:43:32,240 [eb332bf5-0069-4d4b-8e41-ccd6e8cc684e-impl-thread1] INFO  segmented.SegmentedRaftLogWorker (SegmentedRaftLogWorker.java:lambda$new$0(134)) - eb332bf5-0069-4d4b-8e41-ccd6e8cc684e@group-E0BA8D88520F-SegmentedRaftLogWorker: safeCacheEvictIndex: setUnconditionally 0 -> -1
2024-03-31 12:43:32,240 [eb332bf5-0069-4d4b-8e41-ccd6e8cc684e-impl-thread1] INFO  server.RaftServer$Division (RaftServerImpl.java:start(396)) - eb332bf5-0069-4d4b-8e41-ccd6e8cc684e@group-E0BA8D88520F: start as a follower, conf=-1: peers:[eb332bf5-0069-4d4b-8e41-ccd6e8cc684e|localhost:15204]|listeners:[], old=null
2024-03-31 12:43:32,240 [eb332bf5-0069-4d4b-8e41-ccd6e8cc684e-impl-thread1] INFO  server.RaftServer$Division (RaftServerImpl.java:setRole(383)) - eb332bf5-0069-4d4b-8e41-ccd6e8cc684e@group-E0BA8D88520F: changes role from      null to FOLLOWER at term 0 for startAsFollower
2024-03-31 12:43:32,240 [eb332bf5-0069-4d4b-8e41-ccd6e8cc684e-impl-thread1] INFO  impl.RoleInfo (RoleInfo.java:updateAndGet(139)) - eb332bf5-0069-4d4b-8e41-ccd6e8cc684e: start eb332bf5-0069-4d4b-8e41-ccd6e8cc684e@group-E0BA8D88520F-FollowerState
2024-03-31 12:43:32,241 [eb332bf5-0069-4d4b-8e41-ccd6e8cc684e-impl-thread1] INFO  util.JmxRegister (JmxRegister.java:tryRegister(44)) - Successfully registered JMX Bean with object name Ratis:service=RaftServer,group=group-E0BA8D88520F,id=eb332bf5-0069-4d4b-8e41-ccd6e8cc684e
2024-03-31 12:43:32,241 [eb332bf5-0069-4d4b-8e41-ccd6e8cc684e-impl-thread1] INFO  server.RaftServerConfigKeys (ConfUtils.java:logGet(46)) - raft.server.snapshot.trigger-when-stop.enabled = true (default)
2024-03-31 12:43:32,241 [eb332bf5-0069-4d4b-8e41-ccd6e8cc684e-impl-thread1] INFO  server.RaftServerConfigKeys (ConfUtils.java:logGet(46)) - raft.server.snapshot.auto.trigger.enabled = true (custom)
2024-03-31 12:43:32,241 [eb332bf5-0069-4d4b-8e41-ccd6e8cc684e-impl-thread1] INFO  server.RaftServerConfigKeys (ConfUtils.java:logGet(46)) - raft.server.snapshot.auto.trigger.threshold = 5 (custom)
2024-03-31 12:43:32,241 [eb332bf5-0069-4d4b-8e41-ccd6e8cc684e-impl-thread1] INFO  server.RaftServerConfigKeys (ConfUtils.java:logGet(46)) - raft.server.snapshot.retention.file.num = -1 (default)
2024-03-31 12:43:32,241 [eb332bf5-0069-4d4b-8e41-ccd6e8cc684e-impl-thread1] INFO  server.RaftServerConfigKeys (ConfUtils.java:logGet(46)) - raft.server.log.purge.upto.snapshot.index = true (custom)
2024-03-31 12:43:32,241 [eb332bf5-0069-4d4b-8e41-ccd6e8cc684e@group-E0BA8D88520F-FollowerState] INFO  server.RaftServerConfigKeys (ConfUtils.java:logFallback(53)) - raft.server.rpc.first-election.timeout.min = 5000ms (fallback to raft.server.rpc.timeout.min)
2024-03-31 12:43:32,242 [main] INFO  server.RaftServer (RaftServerProxy.java:startImpl(406)) - eb332bf5-0069-4d4b-8e41-ccd6e8cc684e: start RPC server
2024-03-31 12:43:32,242 [eb332bf5-0069-4d4b-8e41-ccd6e8cc684e@group-E0BA8D88520F-FollowerState] INFO  server.RaftServerConfigKeys (ConfUtils.java:logFallback(53)) - raft.server.rpc.first-election.timeout.max = 5200ms (fallback to raft.server.rpc.timeout.max)
2024-03-31 12:43:32,242 [main] INFO  server.GrpcService (GrpcService.java:startImpl(302)) - eb332bf5-0069-4d4b-8e41-ccd6e8cc684e: GrpcService started, listening on 15204
2024-03-31 12:43:32,243 [JvmPauseMonitor27] INFO  util.JvmPauseMonitor (JvmPauseMonitor.java:run(146)) - JvmPauseMonitor-eb332bf5-0069-4d4b-8e41-ccd6e8cc684e: Started
2024-03-31 12:43:32,980 [45efae5e-ff8a-4820-8972-035213d23547-EndpointStateMachineTaskThread-/127.0.0.1:15079-0 ] INFO  ipc.Client (Client.java:handleConnectionFailure(950)) - Retrying connect to server: localhost/127.0.0.1:15079. Already tried 9 time(s); retry policy is RetryUpToMaximumCountWithFixedSleep(maxRetries=15, sleepTime=1000 MILLISECONDS)
2024-03-31 12:43:33,162 [aeddea9d-93be-4014-8fe2-23c9c4bc7e3d-EndpointStateMachineTaskThread-/127.0.0.1:15146-0 ] INFO  ipc.Client (Client.java:handleConnectionFailure(950)) - Retrying connect to server: localhost/127.0.0.1:15146. Already tried 7 time(s); retry policy is RetryUpToMaximumCountWithFixedSleep(maxRetries=15, sleepTime=1000 MILLISECONDS)
2024-03-31 12:43:33,213 [7a853b9e-58fa-41fd-b4c2-0c50e2c3b3eb-EndpointStateMachineTaskThread-/127.0.0.1:15154-0 ] INFO  ipc.Client (Client.java:handleConnectionFailure(950)) - Retrying connect to server: localhost/127.0.0.1:15154. Already tried 4 time(s); retry policy is RetryUpToMaximumCountWithFixedSleep(maxRetries=15, sleepTime=1000 MILLISECONDS)
2024-03-31 12:43:33,213 [7a853b9e-58fa-41fd-b4c2-0c50e2c3b3eb-EndpointStateMachineTaskThread-/127.0.0.1:15138-0 ] INFO  ipc.Client (Client.java:handleConnectionFailure(950)) - Retrying connect to server: localhost/127.0.0.1:15138. Already tried 4 time(s); retry policy is RetryUpToMaximumCountWithFixedSleep(maxRetries=15, sleepTime=1000 MILLISECONDS)
2024-03-31 12:43:33,866 [timer3] WARN  server.GrpcLogAppender (LogUtils.java:warn(121)) - aeddea9d-93be-4014-8fe2-23c9c4bc7e3d@group-1D9AADADE5B6->69e7f737-26fc-47e9-9c79-5eef8750a02b-AppendLogResponseHandler: Failed appendEntries (Repeated 2 times in the last 5.001s): org.apache.ratis.thirdparty.io.grpc.StatusRuntimeException: CANCELLED: RST_STREAM closed stream. HTTP/2 error code: CANCEL
2024-03-31 12:43:33,866 [timer4] WARN  server.GrpcLogAppender (GrpcLogAppender.java:lambda$resetClient$1(217)) - 7a853b9e-58fa-41fd-b4c2-0c50e2c3b3eb@group-4DD02C3643D1->69e7f737-26fc-47e9-9c79-5eef8750a02b-GrpcLogAppender: Follower failed (request=null, errorCount=2); keep nextIndex (1) unchanged and retry. (Repeated 8 times in the last 5.000s)
2024-03-31 12:43:33,868 [timer5] WARN  server.GrpcLogAppender (LogUtils.java:warn(121)) - aeddea9d-93be-4014-8fe2-23c9c4bc7e3d@group-C4BA998BF930->69e7f737-26fc-47e9-9c79-5eef8750a02b-AppendLogResponseHandler: Failed appendEntries (Repeated 2 times in the last 4.999s): org.apache.ratis.thirdparty.io.grpc.StatusRuntimeException: CANCELLED: RST_STREAM closed stream. HTTP/2 error code: CANCEL
2024-03-31 12:43:33,876 [timer6] WARN  server.GrpcLogAppender (LogUtils.java:warn(121)) - 7a853b9e-58fa-41fd-b4c2-0c50e2c3b3eb@group-4DD02C3643D1->69e7f737-26fc-47e9-9c79-5eef8750a02b-AppendLogResponseHandler: Failed appendEntries (Repeated 2 times in the last 5.007s): org.apache.ratis.thirdparty.io.grpc.StatusRuntimeException: CANCELLED: RST_STREAM closed stream. HTTP/2 error code: CANCEL
2024-03-31 12:43:33,876 [timer7] WARN  server.GrpcLogAppender (LogUtils.java:warn(121)) - 7a853b9e-58fa-41fd-b4c2-0c50e2c3b3eb@group-E58B10DAA07E->69e7f737-26fc-47e9-9c79-5eef8750a02b-AppendLogResponseHandler: Failed appendEntries (Repeated 2 times in the last 5.007s): org.apache.ratis.thirdparty.io.grpc.StatusRuntimeException: CANCELLED: RST_STREAM closed stream. HTTP/2 error code: CANCEL
2024-03-31 12:43:33,981 [45efae5e-ff8a-4820-8972-035213d23547-EndpointStateMachineTaskThread-/127.0.0.1:15079-0 ] INFO  ipc.Client (Client.java:handleConnectionFailure(950)) - Retrying connect to server: localhost/127.0.0.1:15079. Already tried 10 time(s); retry policy is RetryUpToMaximumCountWithFixedSleep(maxRetries=15, sleepTime=1000 MILLISECONDS)
2024-03-31 12:43:34,163 [aeddea9d-93be-4014-8fe2-23c9c4bc7e3d-EndpointStateMachineTaskThread-/127.0.0.1:15146-0 ] INFO  ipc.Client (Client.java:handleConnectionFailure(950)) - Retrying connect to server: localhost/127.0.0.1:15146. Already tried 8 time(s); retry policy is RetryUpToMaximumCountWithFixedSleep(maxRetries=15, sleepTime=1000 MILLISECONDS)
2024-03-31 12:43:34,179 [timer2] WARN  server.GrpcLogAppender (LogUtils.java:warn(121)) - 7a853b9e-58fa-41fd-b4c2-0c50e2c3b3eb@group-4DD02C3643D1->aeddea9d-93be-4014-8fe2-23c9c4bc7e3d-AppendLogResponseHandler: Failed appendEntries (Repeated 2 times in the last 5.000s): org.apache.ratis.thirdparty.io.grpc.StatusRuntimeException: CANCELLED: RST_STREAM closed stream. HTTP/2 error code: CANCEL
2024-03-31 12:43:34,179 [timer0] WARN  server.GrpcLogAppender (LogUtils.java:warn(121)) - 7a853b9e-58fa-41fd-b4c2-0c50e2c3b3eb@group-E58B10DAA07E->aeddea9d-93be-4014-8fe2-23c9c4bc7e3d-AppendLogResponseHandler: Failed appendEntries (Repeated 2 times in the last 5.000s): org.apache.ratis.thirdparty.io.grpc.StatusRuntimeException: CANCELLED: RST_STREAM closed stream. HTTP/2 error code: CANCEL
2024-03-31 12:43:34,179 [timer1] WARN  server.GrpcLogAppender (GrpcLogAppender.java:lambda$resetClient$1(217)) - 7a853b9e-58fa-41fd-b4c2-0c50e2c3b3eb@group-4DD02C3643D1->aeddea9d-93be-4014-8fe2-23c9c4bc7e3d-GrpcLogAppender: Follower failed (request=null, errorCount=2); keep nextIndex (1) unchanged and retry. (Repeated 4 times in the last 5.000s)
2024-03-31 12:43:34,213 [7a853b9e-58fa-41fd-b4c2-0c50e2c3b3eb-EndpointStateMachineTaskThread-/127.0.0.1:15154-0 ] INFO  ipc.Client (Client.java:handleConnectionFailure(950)) - Retrying connect to server: localhost/127.0.0.1:15154. Already tried 5 time(s); retry policy is RetryUpToMaximumCountWithFixedSleep(maxRetries=15, sleepTime=1000 MILLISECONDS)
2024-03-31 12:43:34,213 [7a853b9e-58fa-41fd-b4c2-0c50e2c3b3eb-EndpointStateMachineTaskThread-/127.0.0.1:15138-0 ] INFO  ipc.Client (Client.java:handleConnectionFailure(950)) - Retrying connect to server: localhost/127.0.0.1:15138. Already tried 5 time(s); retry policy is RetryUpToMaximumCountWithFixedSleep(maxRetries=15, sleepTime=1000 MILLISECONDS)
2024-03-31 12:43:34,981 [45efae5e-ff8a-4820-8972-035213d23547-EndpointStateMachineTaskThread-/127.0.0.1:15079-0 ] INFO  ipc.Client (Client.java:handleConnectionFailure(950)) - Retrying connect to server: localhost/127.0.0.1:15079. Already tried 11 time(s); retry policy is RetryUpToMaximumCountWithFixedSleep(maxRetries=15, sleepTime=1000 MILLISECONDS)
2024-03-31 12:43:35,163 [aeddea9d-93be-4014-8fe2-23c9c4bc7e3d-EndpointStateMachineTaskThread-/127.0.0.1:15146-0 ] INFO  ipc.Client (Client.java:handleConnectionFailure(950)) - Retrying connect to server: localhost/127.0.0.1:15146. Already tried 9 time(s); retry policy is RetryUpToMaximumCountWithFixedSleep(maxRetries=15, sleepTime=1000 MILLISECONDS)
2024-03-31 12:43:35,214 [7a853b9e-58fa-41fd-b4c2-0c50e2c3b3eb-EndpointStateMachineTaskThread-/127.0.0.1:15154-0 ] INFO  ipc.Client (Client.java:handleConnectionFailure(950)) - Retrying connect to server: localhost/127.0.0.1:15154. Already tried 6 time(s); retry policy is RetryUpToMaximumCountWithFixedSleep(maxRetries=15, sleepTime=1000 MILLISECONDS)
2024-03-31 12:43:35,214 [7a853b9e-58fa-41fd-b4c2-0c50e2c3b3eb-EndpointStateMachineTaskThread-/127.0.0.1:15138-0 ] INFO  ipc.Client (Client.java:handleConnectionFailure(950)) - Retrying connect to server: localhost/127.0.0.1:15138. Already tried 6 time(s); retry policy is RetryUpToMaximumCountWithFixedSleep(maxRetries=15, sleepTime=1000 MILLISECONDS)
2024-03-31 12:43:35,982 [45efae5e-ff8a-4820-8972-035213d23547-EndpointStateMachineTaskThread-/127.0.0.1:15079-0 ] INFO  ipc.Client (Client.java:handleConnectionFailure(950)) - Retrying connect to server: localhost/127.0.0.1:15079. Already tried 12 time(s); retry policy is RetryUpToMaximumCountWithFixedSleep(maxRetries=15, sleepTime=1000 MILLISECONDS)
2024-03-31 12:43:36,163 [aeddea9d-93be-4014-8fe2-23c9c4bc7e3d-EndpointStateMachineTaskThread-/127.0.0.1:15146-0 ] INFO  ipc.Client (Client.java:handleConnectionFailure(950)) - Retrying connect to server: localhost/127.0.0.1:15146. Already tried 10 time(s); retry policy is RetryUpToMaximumCountWithFixedSleep(maxRetries=15, sleepTime=1000 MILLISECONDS)
2024-03-31 12:43:36,214 [7a853b9e-58fa-41fd-b4c2-0c50e2c3b3eb-EndpointStateMachineTaskThread-/127.0.0.1:15154-0 ] INFO  ipc.Client (Client.java:handleConnectionFailure(950)) - Retrying connect to server: localhost/127.0.0.1:15154. Already tried 7 time(s); retry policy is RetryUpToMaximumCountWithFixedSleep(maxRetries=15, sleepTime=1000 MILLISECONDS)
2024-03-31 12:43:36,214 [7a853b9e-58fa-41fd-b4c2-0c50e2c3b3eb-EndpointStateMachineTaskThread-/127.0.0.1:15138-0 ] INFO  ipc.Client (Client.java:handleConnectionFailure(950)) - Retrying connect to server: localhost/127.0.0.1:15138. Already tried 7 time(s); retry policy is RetryUpToMaximumCountWithFixedSleep(maxRetries=15, sleepTime=1000 MILLISECONDS)
2024-03-31 12:43:36,982 [45efae5e-ff8a-4820-8972-035213d23547-EndpointStateMachineTaskThread-/127.0.0.1:15079-0 ] INFO  ipc.Client (Client.java:handleConnectionFailure(950)) - Retrying connect to server: localhost/127.0.0.1:15079. Already tried 13 time(s); retry policy is RetryUpToMaximumCountWithFixedSleep(maxRetries=15, sleepTime=1000 MILLISECONDS)
2024-03-31 12:43:37,164 [aeddea9d-93be-4014-8fe2-23c9c4bc7e3d-EndpointStateMachineTaskThread-/127.0.0.1:15146-0 ] INFO  ipc.Client (Client.java:handleConnectionFailure(950)) - Retrying connect to server: localhost/127.0.0.1:15146. Already tried 11 time(s); retry policy is RetryUpToMaximumCountWithFixedSleep(maxRetries=15, sleepTime=1000 MILLISECONDS)
2024-03-31 12:43:37,214 [7a853b9e-58fa-41fd-b4c2-0c50e2c3b3eb-EndpointStateMachineTaskThread-/127.0.0.1:15154-0 ] INFO  ipc.Client (Client.java:handleConnectionFailure(950)) - Retrying connect to server: localhost/127.0.0.1:15154. Already tried 8 time(s); retry policy is RetryUpToMaximumCountWithFixedSleep(maxRetries=15, sleepTime=1000 MILLISECONDS)
2024-03-31 12:43:37,214 [7a853b9e-58fa-41fd-b4c2-0c50e2c3b3eb-EndpointStateMachineTaskThread-/127.0.0.1:15138-0 ] INFO  ipc.Client (Client.java:handleConnectionFailure(950)) - Retrying connect to server: localhost/127.0.0.1:15138. Already tried 8 time(s); retry policy is RetryUpToMaximumCountWithFixedSleep(maxRetries=15, sleepTime=1000 MILLISECONDS)
2024-03-31 12:43:37,437 [eb332bf5-0069-4d4b-8e41-ccd6e8cc684e@group-E0BA8D88520F-FollowerState] INFO  impl.FollowerState (FollowerState.java:run(143)) - eb332bf5-0069-4d4b-8e41-ccd6e8cc684e@group-E0BA8D88520F-FollowerState: change to CANDIDATE, lastRpcElapsedTime:5196631530ns, electionTimeout:5195ms
2024-03-31 12:43:37,437 [eb332bf5-0069-4d4b-8e41-ccd6e8cc684e@group-E0BA8D88520F-FollowerState] INFO  impl.RoleInfo (RoleInfo.java:shutdownFollowerState(110)) - eb332bf5-0069-4d4b-8e41-ccd6e8cc684e: shutdown eb332bf5-0069-4d4b-8e41-ccd6e8cc684e@group-E0BA8D88520F-FollowerState
2024-03-31 12:43:37,437 [eb332bf5-0069-4d4b-8e41-ccd6e8cc684e@group-E0BA8D88520F-FollowerState] INFO  server.RaftServer$Division (RaftServerImpl.java:setRole(383)) - eb332bf5-0069-4d4b-8e41-ccd6e8cc684e@group-E0BA8D88520F: changes role from  FOLLOWER to CANDIDATE at term 0 for changeToCandidate
2024-03-31 12:43:37,437 [eb332bf5-0069-4d4b-8e41-ccd6e8cc684e@group-E0BA8D88520F-FollowerState] INFO  server.RaftServerConfigKeys (ConfUtils.java:logGet(46)) - raft.server.leaderelection.pre-vote = true (default)
2024-03-31 12:43:37,437 [eb332bf5-0069-4d4b-8e41-ccd6e8cc684e@group-E0BA8D88520F-FollowerState] INFO  impl.RoleInfo (RoleInfo.java:updateAndGet(139)) - eb332bf5-0069-4d4b-8e41-ccd6e8cc684e: start eb332bf5-0069-4d4b-8e41-ccd6e8cc684e@group-E0BA8D88520F-LeaderElection54
2024-03-31 12:43:37,438 [eb332bf5-0069-4d4b-8e41-ccd6e8cc684e@group-E0BA8D88520F-LeaderElection54] INFO  impl.LeaderElection (LeaderElection.java:askForVotes(321)) - eb332bf5-0069-4d4b-8e41-ccd6e8cc684e@group-E0BA8D88520F-LeaderElection54 PRE_VOTE round 0: submit vote requests at term 0 for -1: peers:[eb332bf5-0069-4d4b-8e41-ccd6e8cc684e|localhost:15204]|listeners:[], old=null
2024-03-31 12:43:37,438 [eb332bf5-0069-4d4b-8e41-ccd6e8cc684e@group-E0BA8D88520F-LeaderElection54] INFO  impl.LeaderElection (LeaderElection.java:askForVotes(323)) - eb332bf5-0069-4d4b-8e41-ccd6e8cc684e@group-E0BA8D88520F-LeaderElection54 PRE_VOTE round 0: result PASSED (term=0)
2024-03-31 12:43:37,440 [eb332bf5-0069-4d4b-8e41-ccd6e8cc684e@group-E0BA8D88520F-LeaderElection54] INFO  impl.LeaderElection (LeaderElection.java:askForVotes(321)) - eb332bf5-0069-4d4b-8e41-ccd6e8cc684e@group-E0BA8D88520F-LeaderElection54 ELECTION round 0: submit vote requests at term 1 for -1: peers:[eb332bf5-0069-4d4b-8e41-ccd6e8cc684e|localhost:15204]|listeners:[], old=null
2024-03-31 12:43:37,440 [eb332bf5-0069-4d4b-8e41-ccd6e8cc684e@group-E0BA8D88520F-LeaderElection54] INFO  impl.LeaderElection (LeaderElection.java:askForVotes(323)) - eb332bf5-0069-4d4b-8e41-ccd6e8cc684e@group-E0BA8D88520F-LeaderElection54 ELECTION round 0: result PASSED (term=1)
2024-03-31 12:43:37,440 [eb332bf5-0069-4d4b-8e41-ccd6e8cc684e@group-E0BA8D88520F-LeaderElection54] INFO  impl.RoleInfo (RoleInfo.java:shutdownLeaderElection(130)) - eb332bf5-0069-4d4b-8e41-ccd6e8cc684e: shutdown eb332bf5-0069-4d4b-8e41-ccd6e8cc684e@group-E0BA8D88520F-LeaderElection54
2024-03-31 12:43:37,440 [eb332bf5-0069-4d4b-8e41-ccd6e8cc684e@group-E0BA8D88520F-LeaderElection54] INFO  server.RaftServer$Division (RaftServerImpl.java:setRole(383)) - eb332bf5-0069-4d4b-8e41-ccd6e8cc684e@group-E0BA8D88520F: changes role from CANDIDATE to LEADER at term 1 for changeToLeader
2024-03-31 12:43:37,440 [eb332bf5-0069-4d4b-8e41-ccd6e8cc684e@group-E0BA8D88520F-LeaderElection54] INFO  server.RaftServerConfigKeys (ConfUtils.java:logGet(46)) - raft.server.staging.catchup.gap = 1000 (default)
2024-03-31 12:43:37,440 [eb332bf5-0069-4d4b-8e41-ccd6e8cc684e@group-E0BA8D88520F-LeaderElection54] INFO  server.RaftServerConfigKeys (ConfUtils.java:logGet(46)) - raft.server.write.element-limit = 4096 (default)
2024-03-31 12:43:37,440 [eb332bf5-0069-4d4b-8e41-ccd6e8cc684e@group-E0BA8D88520F-LeaderElection54] INFO  server.RaftServerConfigKeys (ConfUtils.java:logGet(46)) - raft.server.write.byte-limit = 64MB (=67108864) (default)
2024-03-31 12:43:37,440 [eb332bf5-0069-4d4b-8e41-ccd6e8cc684e@group-E0BA8D88520F-LeaderElection54] INFO  server.RaftServerConfigKeys (ConfUtils.java:logGet(46)) - raft.server.watch.timeout = 10s (default)
2024-03-31 12:43:37,440 [eb332bf5-0069-4d4b-8e41-ccd6e8cc684e@group-E0BA8D88520F-LeaderElection54] INFO  server.RaftServerConfigKeys (ConfUtils.java:logGet(46)) - raft.server.watch.timeout.denomination = 1s (default)
2024-03-31 12:43:37,440 [eb332bf5-0069-4d4b-8e41-ccd6e8cc684e@group-E0BA8D88520F-LeaderElection54] INFO  server.RaftServerConfigKeys (ConfUtils.java:logGet(46)) - raft.server.watch.element-limit = 65536 (default)
2024-03-31 12:43:37,440 [eb332bf5-0069-4d4b-8e41-ccd6e8cc684e@group-E0BA8D88520F-LeaderElection54] INFO  server.RaftServerConfigKeys (ConfUtils.java:logGet(46)) - raft.server.read.leader.lease.enabled = false (default)
2024-03-31 12:43:37,440 [eb332bf5-0069-4d4b-8e41-ccd6e8cc684e@group-E0BA8D88520F-LeaderElection54] INFO  server.RaftServerConfigKeys (ConfUtils.java:logGet(46)) - raft.server.read.leader.lease.timeout.ratio = 0.9 (default)
2024-03-31 12:43:37,441 [eb332bf5-0069-4d4b-8e41-ccd6e8cc684e@group-E0BA8D88520F-LeaderElection54] INFO  server.RaftServerConfigKeys (ConfUtils.java:logGet(46)) - raft.server.rpc.timeout.min = 5000ms (custom)
2024-03-31 12:43:37,441 [eb332bf5-0069-4d4b-8e41-ccd6e8cc684e@group-E0BA8D88520F-LeaderElection54] INFO  server.RaftServerConfigKeys (ConfUtils.java:logGet(46)) - raft.server.write.element-limit = 4096 (default)
2024-03-31 12:43:37,441 [eb332bf5-0069-4d4b-8e41-ccd6e8cc684e@group-E0BA8D88520F-LeaderElection54] INFO  server.RaftServerConfigKeys (ConfUtils.java:logGet(46)) - raft.server.write.follower.gap.ratio.max = -1.0 (default)
2024-03-31 12:43:37,441 [eb332bf5-0069-4d4b-8e41-ccd6e8cc684e@group-E0BA8D88520F-LeaderElection54] INFO  impl.RoleInfo (RoleInfo.java:updateAndGet(139)) - eb332bf5-0069-4d4b-8e41-ccd6e8cc684e: start eb332bf5-0069-4d4b-8e41-ccd6e8cc684e@group-E0BA8D88520F-LeaderStateImpl
2024-03-31 12:43:37,441 [eb332bf5-0069-4d4b-8e41-ccd6e8cc684e@group-E0BA8D88520F-LeaderElection54] INFO  server.RaftServer$Division (RaftServerImpl.java:setFirstElection(574)) - eb332bf5-0069-4d4b-8e41-ccd6e8cc684e@group-E0BA8D88520F: set firstElectionSinceStartup to false for becomeLeader
2024-03-31 12:43:37,441 [eb332bf5-0069-4d4b-8e41-ccd6e8cc684e@group-E0BA8D88520F-LeaderElection54] INFO  server.RaftServer$Division (ServerState.java:setLeader(269)) - eb332bf5-0069-4d4b-8e41-ccd6e8cc684e@group-E0BA8D88520F: change Leader from null to eb332bf5-0069-4d4b-8e41-ccd6e8cc684e at term 1 for becomeLeader, leader elected after 5210ms
2024-03-31 12:43:37,441 [eb332bf5-0069-4d4b-8e41-ccd6e8cc684e@group-E0BA8D88520F-LeaderElection54] INFO  segmented.SegmentedRaftLogWorker (SegmentedRaftLogWorker.java:startLogSegment(430)) - eb332bf5-0069-4d4b-8e41-ccd6e8cc684e@group-E0BA8D88520F-SegmentedRaftLogWorker: Starting segment from index:0
2024-03-31 12:43:37,441 [eb332bf5-0069-4d4b-8e41-ccd6e8cc684e@group-E0BA8D88520F-LeaderElection54] INFO  server.RaftServer$Division (ServerState.java:setRaftConf(386)) - eb332bf5-0069-4d4b-8e41-ccd6e8cc684e@group-E0BA8D88520F: set configuration 0: peers:[eb332bf5-0069-4d4b-8e41-ccd6e8cc684e|localhost:15204]|listeners:[], old=null
2024-03-31 12:43:37,441 [eb332bf5-0069-4d4b-8e41-ccd6e8cc684e@group-E0BA8D88520F-SegmentedRaftLogWorker] INFO  segmented.BufferedWriteChannel (BufferedWriteChannel.java:open(62)) - open log_inprogress_0 at position 0
2024-03-31 12:43:37,449 [eb332bf5-0069-4d4b-8e41-ccd6e8cc684e@group-E0BA8D88520F-SegmentedRaftLogWorker] INFO  segmented.SegmentedRaftLogWorker (SegmentedRaftLogWorker.java:execute(634)) - eb332bf5-0069-4d4b-8e41-ccd6e8cc684e@group-E0BA8D88520F-SegmentedRaftLogWorker: created new log segment /home/runner/work/ozone/ozone/hadoop-ozone/integration-test/target/test-dir/MiniOzoneClusterImpl-d5b24aea-bde8-4662-982e-e0ba8d88520f/scmNode-1/scm-ha/d5b24aea-bde8-4662-982e-e0ba8d88520f/current/log_inprogress_0
2024-03-31 12:43:37,451 [eb332bf5-0069-4d4b-8e41-ccd6e8cc684e@group-E0BA8D88520F-StateMachineUpdater] INFO  server.RaftServer$Division (LeaderStateImpl.java:isApplied(320)) - leader is ready since appliedIndex == 0 >= startIndex == 0
2024-03-31 12:43:37,982 [45efae5e-ff8a-4820-8972-035213d23547-EndpointStateMachineTaskThread-/127.0.0.1:15079-0 ] INFO  ipc.Client (Client.java:handleConnectionFailure(950)) - Retrying connect to server: localhost/127.0.0.1:15079. Already tried 14 time(s); retry policy is RetryUpToMaximumCountWithFixedSleep(maxRetries=15, sleepTime=1000 MILLISECONDS)
2024-03-31 12:43:38,164 [aeddea9d-93be-4014-8fe2-23c9c4bc7e3d-EndpointStateMachineTaskThread-/127.0.0.1:15146-0 ] INFO  ipc.Client (Client.java:handleConnectionFailure(950)) - Retrying connect to server: localhost/127.0.0.1:15146. Already tried 12 time(s); retry policy is RetryUpToMaximumCountWithFixedSleep(maxRetries=15, sleepTime=1000 MILLISECONDS)
2024-03-31 12:43:38,215 [7a853b9e-58fa-41fd-b4c2-0c50e2c3b3eb-EndpointStateMachineTaskThread-/127.0.0.1:15138-0 ] INFO  ipc.Client (Client.java:handleConnectionFailure(950)) - Retrying connect to server: localhost/127.0.0.1:15138. Already tried 9 time(s); retry policy is RetryUpToMaximumCountWithFixedSleep(maxRetries=15, sleepTime=1000 MILLISECONDS)
2024-03-31 12:43:38,215 [7a853b9e-58fa-41fd-b4c2-0c50e2c3b3eb-EndpointStateMachineTaskThread-/127.0.0.1:15154-0 ] INFO  ipc.Client (Client.java:handleConnectionFailure(950)) - Retrying connect to server: localhost/127.0.0.1:15154. Already tried 9 time(s); retry policy is RetryUpToMaximumCountWithFixedSleep(maxRetries=15, sleepTime=1000 MILLISECONDS)
2024-03-31 12:43:38,243 [main] INFO  server.RaftServer (RaftServerProxy.java:lambda$close$9(416)) - eb332bf5-0069-4d4b-8e41-ccd6e8cc684e: close
2024-03-31 12:43:38,243 [main] INFO  server.GrpcService (GrpcService.java:closeImpl(311)) - eb332bf5-0069-4d4b-8e41-ccd6e8cc684e: shutdown server GrpcServerProtocolService now
2024-03-31 12:43:38,243 [eb332bf5-0069-4d4b-8e41-ccd6e8cc684e-impl-thread1] INFO  server.RaftServer$Division (RaftServerImpl.java:lambda$close$3(526)) - eb332bf5-0069-4d4b-8e41-ccd6e8cc684e@group-E0BA8D88520F: shutdown
2024-03-31 12:43:38,244 [eb332bf5-0069-4d4b-8e41-ccd6e8cc684e-impl-thread1] INFO  util.JmxRegister (JmxRegister.java:unregister(73)) - Successfully un-registered JMX Bean with object name Ratis:service=RaftServer,group=group-E0BA8D88520F,id=eb332bf5-0069-4d4b-8e41-ccd6e8cc684e
2024-03-31 12:43:38,244 [eb332bf5-0069-4d4b-8e41-ccd6e8cc684e-impl-thread1] INFO  impl.RoleInfo (RoleInfo.java:shutdownLeaderState(94)) - eb332bf5-0069-4d4b-8e41-ccd6e8cc684e: shutdown eb332bf5-0069-4d4b-8e41-ccd6e8cc684e@group-E0BA8D88520F-LeaderStateImpl
2024-03-31 12:43:38,244 [eb332bf5-0069-4d4b-8e41-ccd6e8cc684e-impl-thread1] INFO  impl.PendingRequests (PendingRequests.java:sendNotLeaderResponses(289)) - eb332bf5-0069-4d4b-8e41-ccd6e8cc684e@group-E0BA8D88520F-PendingRequests: sendNotLeaderResponses
2024-03-31 12:43:38,244 [main] INFO  server.GrpcService (GrpcService.java:closeImpl(320)) - eb332bf5-0069-4d4b-8e41-ccd6e8cc684e: shutdown server GrpcServerProtocolService successfully
2024-03-31 12:43:38,244 [eb332bf5-0069-4d4b-8e41-ccd6e8cc684e-impl-thread1] INFO  impl.StateMachineUpdater (StateMachineUpdater.java:stopAndJoin(157)) - eb332bf5-0069-4d4b-8e41-ccd6e8cc684e@group-E0BA8D88520F-StateMachineUpdater: set stopIndex = 0
2024-03-31 12:43:38,245 [eb332bf5-0069-4d4b-8e41-ccd6e8cc684e@group-E0BA8D88520F-StateMachineUpdater] INFO  impl.StateMachineUpdater (StateMachineUpdater.java:takeSnapshot(295)) - eb332bf5-0069-4d4b-8e41-ccd6e8cc684e@group-E0BA8D88520F-StateMachineUpdater: Took a snapshot at index 0
2024-03-31 12:43:38,245 [eb332bf5-0069-4d4b-8e41-ccd6e8cc684e@group-E0BA8D88520F-StateMachineUpdater] INFO  impl.StateMachineUpdater (StateMachineUpdater.java:lambda$new$0(98)) - eb332bf5-0069-4d4b-8e41-ccd6e8cc684e@group-E0BA8D88520F-StateMachineUpdater: snapshotIndex: updateIncreasingly -1 -> 0
2024-03-31 12:43:38,245 [eb332bf5-0069-4d4b-8e41-ccd6e8cc684e-impl-thread1] INFO  server.RaftServer$Division (ServerState.java:close(427)) - eb332bf5-0069-4d4b-8e41-ccd6e8cc684e@group-E0BA8D88520F: applyIndex: 0
2024-03-31 12:43:38,245 [eb332bf5-0069-4d4b-8e41-ccd6e8cc684e@group-E0BA8D88520F-cacheEviction-AwaitToRun] INFO  util.AwaitToRun (AwaitToRun.java:run(49)) - eb332bf5-0069-4d4b-8e41-ccd6e8cc684e@group-E0BA8D88520F-cacheEviction-AwaitToRun-AwaitForSignal is interrupted
2024-03-31 12:43:38,450 [eb332bf5-0069-4d4b-8e41-ccd6e8cc684e-impl-thread1] INFO  segmented.SegmentedRaftLogWorker (SegmentedRaftLogWorker.java:close(245)) - eb332bf5-0069-4d4b-8e41-ccd6e8cc684e@group-E0BA8D88520F-SegmentedRaftLogWorker close()
2024-03-31 12:43:38,451 [JvmPauseMonitor27] INFO  util.JvmPauseMonitor (JvmPauseMonitor.java:run(152)) - JvmPauseMonitor-eb332bf5-0069-4d4b-8e41-ccd6e8cc684e: Stopped
2024-03-31 12:43:38,451 [main] WARN  server.ServerUtils (ServerUtils.java:getScmDbDir(143)) - ozone.scm.db.dirs is not configured. We recommend adding this setting. Falling back to ozone.metadata.dirs instead.
2024-03-31 12:43:38,452 [main] INFO  server.StorageContainerManager (StorageContainerManager.java:scmInit(1319)) - SCM initialization succeeded. Current cluster id for sd=/home/runner/work/ozone/ozone/hadoop-ozone/integration-test/target/test-dir/MiniOzoneClusterImpl-d5b24aea-bde8-4662-982e-e0ba8d88520f/scmNode-1/scm; cid=d5b24aea-bde8-4662-982e-e0ba8d88520f; layoutVersion=0; scmId=eb332bf5-0069-4d4b-8e41-ccd6e8cc684e
2024-03-31 12:43:38,452 [main] WARN  server.ServerUtils (ServerUtils.java:getScmDbDir(143)) - ozone.scm.db.dirs is not configured. We recommend adding this setting. Falling back to ozone.metadata.dirs instead.
2024-03-31 12:43:38,452 [main] INFO  ha.SCMHANodeDetails (SCMHANodeDetails.java:loadSCMHAConfig(207)) - ServiceID for StorageContainerManager is scmservice
2024-03-31 12:43:38,452 [main] INFO  ha.SCMHANodeDetails (SCMHANodeDetails.java:loadSCMHAConfig(218)) - ServiceID for StorageContainerManager is scmservice
2024-03-31 12:43:38,453 [main] WARN  scm.ScmUtils (ScmUtils.java:logWarn(192)) - ConfigKey ozone.scm.block.client.address is deprecated, For configuring different ports for each SCM use PortConfigKey ozone.scm.block.client.port appended with serviceId and nodeId. If want to configure same port configure ozone.scm.block.client.port
2024-03-31 12:43:38,453 [main] WARN  scm.ScmUtils (ScmUtils.java:logWarn(192)) - ConfigKey ozone.scm.client.address is deprecated, For configuring different ports for each SCM use PortConfigKey ozone.scm.client.port appended with serviceId and nodeId. If want to configure same port configure ozone.scm.client.port
2024-03-31 12:43:38,453 [main] WARN  scm.ScmUtils (ScmUtils.java:logWarn(192)) - ConfigKey ozone.scm.datanode.address is deprecated, For configuring different ports for each SCM use PortConfigKey ozone.scm.datanode.port appended with serviceId and nodeId. If want to configure same port configure ozone.scm.datanode.port
2024-03-31 12:43:38,453 [main] WARN  scm.ScmUtils (ScmUtils.java:logWarn(192)) - ConfigKey ozone.scm.block.client.address is deprecated, For configuring different ports for each SCM use PortConfigKey ozone.scm.block.client.port appended with serviceId and nodeId. If want to configure same port configure ozone.scm.block.client.port
2024-03-31 12:43:38,453 [main] WARN  scm.ScmUtils (ScmUtils.java:logWarn(192)) - ConfigKey ozone.scm.client.address is deprecated, For configuring different ports for each SCM use PortConfigKey ozone.scm.client.port appended with serviceId and nodeId. If want to configure same port configure ozone.scm.client.port
2024-03-31 12:43:38,453 [main] WARN  scm.ScmUtils (ScmUtils.java:logWarn(192)) - ConfigKey ozone.scm.datanode.address is deprecated, For configuring different ports for each SCM use PortConfigKey ozone.scm.datanode.port appended with serviceId and nodeId. If want to configure same port configure ozone.scm.datanode.port
2024-03-31 12:43:38,454 [main] INFO  ha.SCMHANodeDetails (SCMHANodeDetails.java:loadSCMHAConfig(305)) - Found matching SCM address with SCMServiceId: scmservice, SCMNodeId: scmNode-1, RPC Address: localhost:15204 and Ratis port: 15204
2024-03-31 12:43:38,454 [main] INFO  ha.SCMHANodeDetails (ConfUtils.java:setNodeSpecificConfigs(97)) - Setting configuration key ozone.scm.datanode.address with value of key ozone.scm.datanode.address.scmservice.scmNode-1: 127.0.0.1:15205
2024-03-31 12:43:38,454 [main] INFO  ha.SCMHANodeDetails (ConfUtils.java:setNodeSpecificConfigs(97)) - Setting configuration key ozone.scm.block.client.address with value of key ozone.scm.block.client.address.scmservice.scmNode-1: 127.0.0.1:15208
2024-03-31 12:43:38,454 [main] INFO  ha.SCMHANodeDetails (ConfUtils.java:setNodeSpecificConfigs(97)) - Setting configuration key ozone.scm.client.address with value of key ozone.scm.client.address.scmservice.scmNode-1: 127.0.0.1:15206
2024-03-31 12:43:38,454 [main] INFO  ha.SCMHANodeDetails (ConfUtils.java:setNodeSpecificConfigs(97)) - Setting configuration key ozone.scm.security.service.address with value of key ozone.scm.security.service.address.scmservice.scmNode-1: 127.0.0.1:15203
2024-03-31 12:43:38,454 [main] INFO  ha.SCMHANodeDetails (ConfUtils.java:setNodeSpecificConfigs(97)) - Setting configuration key ozone.scm.ratis.port with value of key ozone.scm.ratis.port.scmservice.scmNode-1: 15204
2024-03-31 12:43:38,454 [main] INFO  ha.SCMHANodeDetails (ConfUtils.java:setNodeSpecificConfigs(97)) - Setting configuration key ozone.scm.grpc.port with value of key ozone.scm.grpc.port.scmservice.scmNode-1: 15207
2024-03-31 12:43:38,454 [main] INFO  ha.SCMHANodeDetails (ConfUtils.java:setNodeSpecificConfigs(97)) - Setting configuration key ozone.scm.http-address with value of key ozone.scm.http-address.scmservice.scmNode-1: 127.0.0.1:15201
2024-03-31 12:43:38,455 [main] INFO  ha.SCMHANodeDetails (ConfUtils.java:setNodeSpecificConfigs(97)) - Setting configuration key ozone.scm.https-address with value of key ozone.scm.https-address.scmservice.scmNode-1: 127.0.0.1:15202
2024-03-31 12:43:38,455 [main] INFO  ha.SCMHANodeDetails (ConfUtils.java:setNodeSpecificConfigs(97)) - Setting configuration key ozone.scm.address with value of key ozone.scm.address.scmservice.scmNode-1: 127.0.0.1
2024-03-31 12:43:38,455 [main] WARN  scm.ScmUtils (ScmUtils.java:logWarn(192)) - ConfigKey ozone.scm.block.client.address is deprecated, For configuring different ports for each SCM use PortConfigKey ozone.scm.block.client.port appended with serviceId and nodeId. If want to configure same port configure ozone.scm.block.client.port
2024-03-31 12:43:38,455 [main] WARN  scm.ScmUtils (ScmUtils.java:logWarn(192)) - ConfigKey ozone.scm.client.address is deprecated, For configuring different ports for each SCM use PortConfigKey ozone.scm.client.port appended with serviceId and nodeId. If want to configure same port configure ozone.scm.client.port
2024-03-31 12:43:38,455 [main] WARN  scm.ScmUtils (ScmUtils.java:logWarn(192)) - ConfigKey ozone.scm.datanode.address is deprecated, For configuring different ports for each SCM use PortConfigKey ozone.scm.datanode.port appended with serviceId and nodeId. If want to configure same port configure ozone.scm.datanode.port
2024-03-31 12:43:38,455 [main] WARN  utils.HAUtils (HAUtils.java:getMetaDir(339)) - ozone.scm.db.dirs is not configured. We recommend adding this setting. Falling back to ozone.metadata.dirs instead.
2024-03-31 12:43:38,456 [main] WARN  db.DBStoreBuilder (DBStoreBuilder.java:applyDBDefinition(171)) - ozone.scm.db.dirs is not configured. We recommend adding this setting. Falling back to ozone.metadata.dirs instead.
2024-03-31 12:43:38,553 [main] INFO  net.NodeSchemaLoader (NodeSchemaLoader.java:loadSchemaFromFile(129)) - Loading schema from [file:/home/runner/work/ozone/ozone/hadoop-hdds/common/target/classes/network-topology-default.xml]
2024-03-31 12:43:38,553 [main] INFO  net.NodeSchemaLoader (NodeSchemaLoader.java:loadSchema(176)) - Loading network topology layer schema file
2024-03-31 12:43:38,567 [main] INFO  ha.SCMRatisServerImpl (SCMRatisServerImpl.java:<init>(99)) - starting Raft server for scm:eb332bf5-0069-4d4b-8e41-ccd6e8cc684e
2024-03-31 12:43:38,567 [main] INFO  server.RaftServer (ConfUtils.java:logGet(46)) - raft.rpc.type = GRPC (default)
2024-03-31 12:43:38,567 [main] INFO  grpc.GrpcConfigKeys (ConfUtils.java:logFallback(53)) - raft.grpc.admin.host = null (fallback to raft.grpc.server.host)
2024-03-31 12:43:38,568 [main] INFO  grpc.GrpcConfigKeys (ConfUtils.java:logFallback(53)) - raft.grpc.admin.port = 15204 (fallback to raft.grpc.server.port)
2024-03-31 12:43:38,568 [main] INFO  grpc.GrpcConfigKeys (ConfUtils.java:logFallback(53)) - raft.grpc.client.host = null (fallback to raft.grpc.server.host)
2024-03-31 12:43:38,568 [main] INFO  grpc.GrpcConfigKeys (ConfUtils.java:logFallback(53)) - raft.grpc.client.port = 15204 (fallback to raft.grpc.server.port)
2024-03-31 12:43:38,568 [main] INFO  grpc.GrpcConfigKeys (ConfUtils.java:logGet(46)) - raft.grpc.server.host = null (default)
2024-03-31 12:43:38,568 [main] INFO  grpc.GrpcConfigKeys (ConfUtils.java:logGet(46)) - raft.grpc.server.port = 15204 (custom)
2024-03-31 12:43:38,568 [main] INFO  server.GrpcService (ConfUtils.java:logGet(46)) - raft.grpc.message.size.max = 32m (=33554432) (custom)
2024-03-31 12:43:38,568 [main] INFO  server.RaftServerConfigKeys (ConfUtils.java:logGet(46)) - raft.server.log.appender.buffer.byte-limit = 4194304 (custom)
2024-03-31 12:43:38,569 [main] INFO  server.GrpcService (ConfUtils.java:logGet(46)) - raft.grpc.flow.control.window = 1MB (=1048576) (default)
2024-03-31 12:43:38,569 [main] INFO  server.RaftServerConfigKeys (ConfUtils.java:logGet(46)) - raft.server.rpc.request.timeout = 30000ms (custom)
2024-03-31 12:43:38,569 [main] INFO  grpc.GrpcConfigKeys (ConfUtils.java:logGet(46)) - raft.grpc.server.heartbeat.channel = true (default)
2024-03-31 12:43:38,569 [main] INFO  grpc.GrpcConfigKeys (ConfUtils.java:logGet(46)) - raft.grpc.server.async.request.thread.pool.cached = true (default)
2024-03-31 12:43:38,569 [main] INFO  grpc.GrpcConfigKeys (ConfUtils.java:logGet(46)) - raft.grpc.server.async.request.thread.pool.size = 32 (default)
2024-03-31 12:43:38,570 [main] INFO  impl.DataStreamServerImpl (ConfUtils.java:logGet(46)) - raft.datastream.type = DISABLED (default)
2024-03-31 12:43:38,570 [main] INFO  server.RaftServerConfigKeys (ConfUtils.java:logGet(46)) - raft.server.sleep.deviation.threshold = 300ms (default)
2024-03-31 12:43:38,571 [main] INFO  server.RaftServerConfigKeys (ConfUtils.java:logGet(46)) - raft.server.close.threshold = 60s (default)
2024-03-31 12:43:38,571 [main] INFO  server.RaftServerConfigKeys (ConfUtils.java:logGet(46)) - raft.server.leaderelection.leader.step-down.wait-time = 10s (default)
2024-03-31 12:43:38,571 [main] INFO  server.RaftServerConfigKeys (ConfUtils.java:logGet(46)) - raft.server.storage.dir = [/home/runner/work/ozone/ozone/hadoop-ozone/integration-test/target/test-dir/MiniOzoneClusterImpl-d5b24aea-bde8-4662-982e-e0ba8d88520f/scmNode-1/scm-ha] (custom)
2024-03-31 12:43:38,571 [main] INFO  server.RaftServerConfigKeys (ConfUtils.java:logGet(46)) - raft.server.threadpool.proxy.cached = true (default)
2024-03-31 12:43:38,571 [main] INFO  server.RaftServerConfigKeys (ConfUtils.java:logGet(46)) - raft.server.threadpool.proxy.size = 0 (default)
2024-03-31 12:43:38,572 [eb332bf5-0069-4d4b-8e41-ccd6e8cc684e-impl-thread1] INFO  server.RaftServer (RaftServerProxy.java:initGroupDir(264)) - eb332bf5-0069-4d4b-8e41-ccd6e8cc684e: found a subdirectory /home/runner/work/ozone/ozone/hadoop-ozone/integration-test/target/test-dir/MiniOzoneClusterImpl-d5b24aea-bde8-4662-982e-e0ba8d88520f/scmNode-1/scm-ha/d5b24aea-bde8-4662-982e-e0ba8d88520f
2024-03-31 12:43:38,572 [main] INFO  server.RaftServer (RaftServerProxy.java:addNew(100)) - eb332bf5-0069-4d4b-8e41-ccd6e8cc684e: addNew group-E0BA8D88520F:[] returns group-E0BA8D88520F:java.util.concurrent.CompletableFuture@2a74a078[Not completed]
2024-03-31 12:43:38,572 [eb332bf5-0069-4d4b-8e41-ccd6e8cc684e-groupManagement] INFO  server.RaftServer$Division (RaftServerImpl.java:<init>(256)) - eb332bf5-0069-4d4b-8e41-ccd6e8cc684e: new RaftServerImpl for group-E0BA8D88520F:[] with SCMStateMachine:uninitialized
2024-03-31 12:43:38,572 [eb332bf5-0069-4d4b-8e41-ccd6e8cc684e-groupManagement] INFO  server.RaftServerConfigKeys (ConfUtils.java:logGet(46)) - raft.server.rpc.timeout.min = 5000ms (custom)
2024-03-31 12:43:38,572 [eb332bf5-0069-4d4b-8e41-ccd6e8cc684e-groupManagement] INFO  server.RaftServerConfigKeys (ConfUtils.java:logGet(46)) - raft.server.rpc.timeout.max = 5200ms (custom)
2024-03-31 12:43:38,572 [eb332bf5-0069-4d4b-8e41-ccd6e8cc684e-groupManagement] INFO  server.RaftServerConfigKeys (ConfUtils.java:logGet(46)) - raft.server.rpc.sleep.time = 25ms (default)
2024-03-31 12:43:38,572 [eb332bf5-0069-4d4b-8e41-ccd6e8cc684e-groupManagement] INFO  server.RaftServerConfigKeys (ConfUtils.java:logGet(46)) - raft.server.rpc.slowness.timeout = 120000ms (custom)
2024-03-31 12:43:38,572 [eb332bf5-0069-4d4b-8e41-ccd6e8cc684e-groupManagement] INFO  server.RaftServerConfigKeys (ConfUtils.java:logGet(46)) - raft.server.leaderelection.leader.step-down.wait-time = 10s (default)
2024-03-31 12:43:38,572 [eb332bf5-0069-4d4b-8e41-ccd6e8cc684e-groupManagement] INFO  server.RaftServerConfigKeys (ConfUtils.java:logGet(46)) - raft.server.leaderelection.member.majority-add = false (default)
2024-03-31 12:43:38,572 [eb332bf5-0069-4d4b-8e41-ccd6e8cc684e-groupManagement] INFO  server.RaftServerConfigKeys (ConfUtils.java:logGet(46)) - raft.server.sleep.deviation.threshold = 300ms (default)
2024-03-31 12:43:38,573 [eb332bf5-0069-4d4b-8e41-ccd6e8cc684e-groupManagement] INFO  server.RaftServer$Division (ServerState.java:<init>(113)) - eb332bf5-0069-4d4b-8e41-ccd6e8cc684e@group-E0BA8D88520F: ConfigurationManager, init=-1: peers:[]|listeners:[], old=null, confs=<EMPTY_MAP>
2024-03-31 12:43:38,573 [eb332bf5-0069-4d4b-8e41-ccd6e8cc684e-groupManagement] INFO  server.RaftServerConfigKeys (ConfUtils.java:logGet(46)) - raft.server.notification.no-leader.timeout = 60s (default)
2024-03-31 12:43:38,573 [eb332bf5-0069-4d4b-8e41-ccd6e8cc684e-groupManagement] INFO  server.RaftServerConfigKeys (ConfUtils.java:logGet(46)) - raft.server.read.timeout = 10s (default)
2024-03-31 12:43:38,573 [eb332bf5-0069-4d4b-8e41-ccd6e8cc684e-groupManagement] INFO  server.RaftServerConfigKeys (ConfUtils.java:logGet(46)) - raft.server.retrycache.expirytime = 60000ms (default)
2024-03-31 12:43:38,573 [eb332bf5-0069-4d4b-8e41-ccd6e8cc684e-groupManagement] INFO  server.RaftServerConfigKeys (ConfUtils.java:logGet(46)) - raft.server.retrycache.statistics.expirytime = 100ms (default)
2024-03-31 12:43:38,573 [eb332bf5-0069-4d4b-8e41-ccd6e8cc684e-groupManagement] INFO  server.RaftServerConfigKeys (ConfUtils.java:logGet(46)) - raft.server.read.option = DEFAULT (default)
2024-03-31 12:43:38,573 [eb332bf5-0069-4d4b-8e41-ccd6e8cc684e-groupManagement] INFO  server.RaftServerConfigKeys (ConfUtils.java:logGet(46)) - raft.server.read.read-after-write-consistent.write-index-cache.expiry-time = 60s (default)
2024-03-31 12:43:38,574 [eb332bf5-0069-4d4b-8e41-ccd6e8cc684e-groupManagement] INFO  server.RaftServerConfigKeys (ConfUtils.java:logGet(46)) - raft.server.rpc.request.timeout = 30000ms (custom)
2024-03-31 12:43:38,574 [eb332bf5-0069-4d4b-8e41-ccd6e8cc684e-groupManagement] INFO  server.RaftServerConfigKeys (ConfUtils.java:logGet(46)) - raft.server.log.appender.install.snapshot.enabled = false (custom)
2024-03-31 12:43:38,574 [eb332bf5-0069-4d4b-8e41-ccd6e8cc684e-groupManagement] INFO  server.RaftServerConfigKeys (ConfUtils.java:logGet(46)) - raft.server.threadpool.server.cached = true (default)
2024-03-31 12:43:38,574 [eb332bf5-0069-4d4b-8e41-ccd6e8cc684e-groupManagement] INFO  server.RaftServerConfigKeys (ConfUtils.java:logGet(46)) - raft.server.threadpool.server.size = 0 (default)
2024-03-31 12:43:38,574 [eb332bf5-0069-4d4b-8e41-ccd6e8cc684e-groupManagement] INFO  server.RaftServerConfigKeys (ConfUtils.java:logGet(46)) - raft.server.threadpool.client.cached = true (default)
2024-03-31 12:43:38,574 [eb332bf5-0069-4d4b-8e41-ccd6e8cc684e-groupManagement] INFO  server.RaftServerConfigKeys (ConfUtils.java:logGet(46)) - raft.server.threadpool.client.size = 0 (default)
2024-03-31 12:43:38,575 [main] INFO  ha.SCMSnapshotProvider (SCMSnapshotProvider.java:<init>(66)) - Initializing SCM Snapshot Provider
2024-03-31 12:43:38,575 [main] WARN  server.ServerUtils (ServerUtils.java:getDefaultRatisDirectory(311)) - Storage directory for Ratis is not configured. It is a good idea to map this to an SSD disk. Falling back to ozone.metadata.dirs
2024-03-31 12:43:38,575 [main] WARN  ha.SCMHAUtils (SCMHAUtils.java:getSCMRatisSnapshotDirectory(158)) - SCM snapshot dir is not configured. Falling back to ozone.metadata.dirs config
2024-03-31 12:43:38,576 [main] INFO  upgrade.AbstractLayoutVersionManager (AbstractLayoutVersionManager.java:init(83)) - Initializing Layout version manager with metadata layout = INITIAL_VERSION (version = 0), software layout = HADOOP_PRC_PORTS_IN_DATANODEDETAILS (version = 7)
2024-03-31 12:43:38,576 [main] INFO  upgrade.HDDSLayoutVersionManager (HDDSLayoutVersionManager.java:lambda$registerUpgradeActions$0(85)) - Registering Upgrade Action : ScmOnFinalizeActionForDatanodeSchemaV2
2024-03-31 12:43:38,576 [main] INFO  upgrade.HDDSLayoutVersionManager (HDDSLayoutVersionManager.java:lambda$registerUpgradeActions$0(85)) - Registering Upgrade Action : DatanodeSchemaV3FinalizeAction
2024-03-31 12:43:38,576 [main] INFO  upgrade.HDDSLayoutVersionManager (HDDSLayoutVersionManager.java:lambda$registerUpgradeActions$0(85)) - Registering Upgrade Action : ScmHAFinalizeUpgradeActionDatanode
2024-03-31 12:43:38,576 [main] INFO  upgrade.HDDSLayoutVersionManager (HDDSLayoutVersionManager.java:lambda$registerUpgradeActions$0(85)) - Registering Upgrade Action : ScmHAUnfinalizedStateValidationAction
2024-03-31 12:43:38,577 [main] INFO  upgrade.HDDSLayoutVersionManager (HDDSLayoutVersionManager.java:lambda$registerUpgradeActions$0(85)) - Registering Upgrade Action : DatanodeSchemaV2FinalizeAction
2024-03-31 12:43:38,578 [main] INFO  ha.SequenceIdGenerator (SequenceIdGenerator.java:upgradeToSequenceId(370)) - upgrade localId to 113750153625600000
2024-03-31 12:43:38,578 [main] INFO  ha.SequenceIdGenerator (SequenceIdGenerator.java:upgradeToSequenceId(380)) - upgrade delTxnId to 0
2024-03-31 12:43:38,579 [main] INFO  ha.SequenceIdGenerator (SequenceIdGenerator.java:upgradeToSequenceId(397)) - upgrade containerId to 0
2024-03-31 12:43:38,580 [main] INFO  ha.SequenceIdGenerator (SequenceIdGenerator.java:upgradeToCertificateSequenceId(444)) - upgrade CertificateId to 2
2024-03-31 12:43:38,581 [main] INFO  ha.SequenceIdGenerator (SequenceIdGenerator.java:<init>(241)) - Init the HA SequenceIdGenerator.
2024-03-31 12:43:38,581 [main] WARN  server.ServerUtils (ServerUtils.java:sanitizeUserArgs(79)) - ozone.scm.stale.node.interval value = 300000 is larger than max = 100000 based on the key value of ozone.scm.heartbeat.thread.interval, reset to the max value 100000.
2024-03-31 12:43:38,581 [main] WARN  server.ServerUtils (ServerUtils.java:sanitizeUserArgs(79)) - ozone.scm.stale.node.interval value = 300000 is larger than max = 100000 based on the key value of ozone.scm.heartbeat.thread.interval, reset to the max value 100000.
2024-03-31 12:43:38,582 [main] INFO  node.SCMNodeManager (SCMNodeManager.java:<init>(177)) - Entering startup safe mode.
2024-03-31 12:43:38,582 [main] INFO  algorithms.ContainerPlacementPolicyFactory (ContainerPlacementPolicyFactory.java:getPolicyInternal(86)) - Create container placement policy of type org.apache.hadoop.hdds.scm.container.placement.algorithms.SCMContainerPlacementRackAware
2024-03-31 12:43:38,582 [main] INFO  algorithms.ContainerPlacementPolicyFactory (ContainerPlacementPolicyFactory.java:getPolicyInternal(86)) - Create container placement policy of type org.apache.hadoop.hdds.scm.container.placement.algorithms.SCMContainerPlacementRackScatter
2024-03-31 12:43:38,583 [main] INFO  pipeline.PipelineStateManagerImpl (PipelineStateManagerImpl.java:initialize(78)) - No pipeline exists in current db
2024-03-31 12:43:38,583 [main] INFO  algorithms.LeaderChoosePolicyFactory (LeaderChoosePolicyFactory.java:getPolicy(57)) - Create leader choose policy of type org.apache.hadoop.hdds.scm.pipeline.leader.choose.algorithms.MinLeaderCountChoosePolicy
2024-03-31 12:43:38,583 [main] INFO  algorithms.ContainerPlacementPolicyFactory (ContainerPlacementPolicyFactory.java:getPolicyInternal(86)) - Create container placement policy of type org.apache.hadoop.hdds.scm.container.placement.algorithms.SCMContainerPlacementRackScatter
2024-03-31 12:43:38,583 [main] INFO  ha.SCMServiceManager (SCMServiceManager.java:register(42)) - Registering service BackgroundPipelineCreator.
2024-03-31 12:43:38,583 [main] INFO  pipeline.BackgroundPipelineCreator (BackgroundPipelineCreator.java:start(127)) - Starting scmNode-1-RatisPipelineUtilsThread.
2024-03-31 12:43:38,583 [main] INFO  BackgroundPipelineScrubber (BackgroundSCMService.java:start(65)) - Starting BackgroundPipelineScrubber Service.
2024-03-31 12:43:38,584 [main] INFO  ha.SCMServiceManager (SCMServiceManager.java:register(42)) - Registering service BackgroundPipelineScrubber.
2024-03-31 12:43:38,584 [main] INFO  ExpiredContainerReplicaOpScrubber (BackgroundSCMService.java:start(65)) - Starting ExpiredContainerReplicaOpScrubber Service.
2024-03-31 12:43:38,584 [main] INFO  ha.SCMServiceManager (SCMServiceManager.java:register(42)) - Registering service ExpiredContainerReplicaOpScrubber.
2024-03-31 12:43:38,585 [main] INFO  algorithms.PipelineChoosePolicyFactory (PipelineChoosePolicyFactory.java:createPipelineChoosePolicyFromClass(80)) - Create pipeline choose policy of type org.apache.hadoop.hdds.scm.pipeline.choose.algorithms.RandomPipelineChoosePolicy
2024-03-31 12:43:38,585 [main] INFO  algorithms.PipelineChoosePolicyFactory (PipelineChoosePolicyFactory.java:createPipelineChoosePolicyFromClass(80)) - Create pipeline choose policy of type org.apache.hadoop.hdds.scm.pipeline.choose.algorithms.RandomPipelineChoosePolicy
2024-03-31 12:43:38,585 [main] INFO  ha.SCMServiceManager (SCMServiceManager.java:register(42)) - Registering service SCMBlockDeletingService.
2024-03-31 12:43:38,586 [main] INFO  replication.ReplicationManager (ReplicationManager.java:start(295)) - Starting Replication Monitor Thread.
2024-03-31 12:43:38,586 [scmNode-1-ReplicationMonitor] INFO  replication.ReplicationManager (ReplicationManager.java:processAll(371)) - Replication Manager is not ready to run until 300000ms after safemode exit
2024-03-31 12:43:38,586 [main] INFO  ha.SCMServiceManager (SCMServiceManager.java:register(42)) - Registering service ReplicationManager.
2024-03-31 12:43:38,587 [main] INFO  safemode.ContainerSafeModeRule (ContainerSafeModeRule.java:<init>(91)) - containers with one replica threshold count 0
2024-03-31 12:43:38,587 [main] INFO  safemode.HealthyPipelineSafeModeRule (HealthyPipelineSafeModeRule.java:initializeRule(176)) - Total pipeline count is 0, healthy pipeline threshold count is 1
2024-03-31 12:43:38,587 [main] INFO  safemode.OneReplicaPipelineSafeModeRule (OneReplicaPipelineSafeModeRule.java:initializeRule(193)) - Total pipeline count is 0, pipeline's with at least one datanode reported threshold count is 0
2024-03-31 12:43:38,588 [main] INFO  server.StorageContainerManager (StorageContainerManager.java:<init>(440)) - SCM start with adminUsers: [runner]
2024-03-31 12:43:38,588 [main] INFO  ipc.CallQueueManager (CallQueueManager.java:<init>(90)) - Using callQueue: class java.util.concurrent.LinkedBlockingQueue, queueCapacity: 10000, scheduler: class org.apache.hadoop.ipc.DefaultRpcScheduler, ipcBackoff: false.
2024-03-31 12:43:38,588 [main] INFO  ipc.Server (Server.java:<init>(1287)) - Listener at 0.0.0.0:15205
2024-03-31 12:43:38,588 [Socket Reader #1 for port 15205] INFO  ipc.Server (Server.java:run(1323)) - Starting Socket Reader #1 for port 15205
2024-03-31 12:43:38,590 [main] INFO  ipc.CallQueueManager (CallQueueManager.java:<init>(90)) - Using callQueue: class java.util.concurrent.LinkedBlockingQueue, queueCapacity: 10000, scheduler: class org.apache.hadoop.ipc.DefaultRpcScheduler, ipcBackoff: false.
2024-03-31 12:43:38,590 [main] INFO  ipc.Server (Server.java:<init>(1287)) - Listener at 0.0.0.0:15208
2024-03-31 12:43:38,590 [Socket Reader #1 for port 15208] INFO  ipc.Server (Server.java:run(1323)) - Starting Socket Reader #1 for port 15208
2024-03-31 12:43:38,591 [main] INFO  ipc.CallQueueManager (CallQueueManager.java:<init>(90)) - Using callQueue: class java.util.concurrent.LinkedBlockingQueue, queueCapacity: 10000, scheduler: class org.apache.hadoop.ipc.DefaultRpcScheduler, ipcBackoff: false.
2024-03-31 12:43:38,591 [main] INFO  ipc.Server (Server.java:<init>(1287)) - Listener at 0.0.0.0:15206
2024-03-31 12:43:38,591 [Socket Reader #1 for port 15206] INFO  ipc.Server (Server.java:run(1323)) - Starting Socket Reader #1 for port 15206
2024-03-31 12:43:38,593 [main] INFO  ha.SCMServiceManager (SCMServiceManager.java:register(42)) - Registering service ContainerBalancer.
2024-03-31 12:43:38,593 [main] INFO  ha.SCMContext (SCMContext.java:updateSafeModeStatus(225)) - Update SafeModeStatus from SafeModeStatus{safeModeStatus=true, preCheckPassed=false} to SafeModeStatus{safeModeStatus=true, preCheckPassed=false}.
2024-03-31 12:43:38,593 [main] INFO  upgrade.UpgradeFinalizer (BasicUpgradeFinalizer.java:runPrefinalizeStateActions(282)) - Running pre-finalized state validations for unfinalized layout features.
2024-03-31 12:43:38,593 [main] INFO  upgrade.UpgradeFinalizer (BasicUpgradeFinalizer.java:runValidationAction(311)) - Executing pre finalize state validation ScmHAUnfinalizedStateValidationAction
2024-03-31 12:43:38,593 [main] INFO  upgrade.UpgradeFinalizer (BasicUpgradeFinalizer.java:runPrefinalizeStateActions(295)) - Running first upgrade commands for unfinalized layout features.
2024-03-31 12:43:38,593 [main] INFO  server.StorageContainerManager (StorageContainerManager.java:start(1545)) - StorageContainerLocationProtocol RPC server is listening at /0.0.0.0:15206
2024-03-31 12:43:38,594 [main] INFO  ha.SCMRatisServerImpl (SCMRatisServerImpl.java:start(192)) - starting ratis server 0.0.0.0:15204
2024-03-31 12:43:38,594 [eb332bf5-0069-4d4b-8e41-ccd6e8cc684e-impl-thread1] INFO  server.RaftServerConfigKeys (ConfUtils.java:logGet(46)) - raft.server.storage.free-space.min = 0MB (=0) (default)
2024-03-31 12:43:38,594 [eb332bf5-0069-4d4b-8e41-ccd6e8cc684e-impl-thread1] INFO  server.RaftServerConfigKeys (ConfUtils.java:logGet(46)) - raft.server.log.corruption.policy = EXCEPTION (default)
2024-03-31 12:43:38,594 [eb332bf5-0069-4d4b-8e41-ccd6e8cc684e-impl-thread1] INFO  server.RaftServerConfigKeys (ConfUtils.java:logGet(46)) - raft.server.storage.dir = [/home/runner/work/ozone/ozone/hadoop-ozone/integration-test/target/test-dir/MiniOzoneClusterImpl-d5b24aea-bde8-4662-982e-e0ba8d88520f/scmNode-1/scm-ha] (custom)
2024-03-31 12:43:38,595 [eb332bf5-0069-4d4b-8e41-ccd6e8cc684e-impl-thread1] INFO  storage.RaftStorageDirectory (RaftStorageDirectoryImpl.java:tryLock(228)) - Lock on /home/runner/work/ozone/ozone/hadoop-ozone/integration-test/target/test-dir/MiniOzoneClusterImpl-d5b24aea-bde8-4662-982e-e0ba8d88520f/scmNode-1/scm-ha/d5b24aea-bde8-4662-982e-e0ba8d88520f/in_use.lock acquired by nodename 21933@fv-az1209-424
2024-03-31 12:43:38,595 [eb332bf5-0069-4d4b-8e41-ccd6e8cc684e-impl-thread1] INFO  storage.RaftStorage (RaftStorageImpl.java:analyzeAndRecoverStorage(119)) - Read RaftStorageMetadata{term=1, votedFor=eb332bf5-0069-4d4b-8e41-ccd6e8cc684e} from /home/runner/work/ozone/ozone/hadoop-ozone/integration-test/target/test-dir/MiniOzoneClusterImpl-d5b24aea-bde8-4662-982e-e0ba8d88520f/scmNode-1/scm-ha/d5b24aea-bde8-4662-982e-e0ba8d88520f/current/raft-meta
2024-03-31 12:43:38,597 [eb332bf5-0069-4d4b-8e41-ccd6e8cc684e-impl-thread1] INFO  server.RaftServer$Division (ServerState.java:setRaftConf(386)) - eb332bf5-0069-4d4b-8e41-ccd6e8cc684e@group-E0BA8D88520F: set configuration 0: peers:[eb332bf5-0069-4d4b-8e41-ccd6e8cc684e|localhost:15204]|listeners:[], old=null
2024-03-31 12:43:38,598 [eb332bf5-0069-4d4b-8e41-ccd6e8cc684e-impl-thread1] INFO  server.RaftServerConfigKeys (ConfUtils.java:logGet(46)) - raft.server.log.use.memory = false (default)
2024-03-31 12:43:38,598 [eb332bf5-0069-4d4b-8e41-ccd6e8cc684e-impl-thread1] INFO  server.RaftServerConfigKeys (ConfUtils.java:logGet(46)) - raft.server.log.purge.gap = 5 (custom)
2024-03-31 12:43:38,598 [eb332bf5-0069-4d4b-8e41-ccd6e8cc684e-impl-thread1] INFO  server.RaftServerConfigKeys (ConfUtils.java:logGet(46)) - raft.server.log.appender.buffer.byte-limit = 4194304 (custom)
2024-03-31 12:43:38,598 [eb332bf5-0069-4d4b-8e41-ccd6e8cc684e-impl-thread1] INFO  server.RaftServerConfigKeys (ConfUtils.java:logGet(46)) - raft.server.log.statemachine.data.read.timeout = 1000ms (default)
2024-03-31 12:43:38,598 [eb332bf5-0069-4d4b-8e41-ccd6e8cc684e-impl-thread1] INFO  server.RaftServerConfigKeys (ConfUtils.java:logGet(46)) - raft.server.log.purge.preservation.log.num = 0 (default)
2024-03-31 12:43:38,598 [eb332bf5-0069-4d4b-8e41-ccd6e8cc684e-impl-thread1] INFO  server.RaftServerConfigKeys (ConfUtils.java:logGet(46)) - raft.server.log.segment.size.max = 4194304 (custom)
2024-03-31 12:43:38,598 [eb332bf5-0069-4d4b-8e41-ccd6e8cc684e-impl-thread1] INFO  server.RaftServerConfigKeys (ConfUtils.java:logGet(46)) - raft.server.log.segment.cache.num.max = 2 (custom)
2024-03-31 12:43:38,598 [eb332bf5-0069-4d4b-8e41-ccd6e8cc684e-impl-thread1] INFO  server.RaftServerConfigKeys (ConfUtils.java:logGet(46)) - raft.server.log.segment.cache.size.max = 200MB (=209715200) (default)
2024-03-31 12:43:38,598 [eb332bf5-0069-4d4b-8e41-ccd6e8cc684e-impl-thread1] INFO  server.RaftServerConfigKeys (ConfUtils.java:logGet(46)) - raft.server.log.appender.buffer.byte-limit = 4194304 (custom)
2024-03-31 12:43:38,601 [eb332bf5-0069-4d4b-8e41-ccd6e8cc684e-impl-thread1] INFO  util.AwaitToRun (AwaitToRun.java:start(81)) - Thread[eb332bf5-0069-4d4b-8e41-ccd6e8cc684e@group-E0BA8D88520F-cacheEviction-AwaitToRun,5,main] started
2024-03-31 12:43:38,601 [eb332bf5-0069-4d4b-8e41-ccd6e8cc684e-impl-thread1] INFO  segmented.SegmentedRaftLogWorker (SegmentedRaftLogWorker.java:<init>(182)) - new eb332bf5-0069-4d4b-8e41-ccd6e8cc684e@group-E0BA8D88520F-SegmentedRaftLogWorker for RaftStorageImpl:Storage Directory /home/runner/work/ozone/ozone/hadoop-ozone/integration-test/target/test-dir/MiniOzoneClusterImpl-d5b24aea-bde8-4662-982e-e0ba8d88520f/scmNode-1/scm-ha/d5b24aea-bde8-4662-982e-e0ba8d88520f
2024-03-31 12:43:38,601 [eb332bf5-0069-4d4b-8e41-ccd6e8cc684e-impl-thread1] INFO  server.RaftServerConfigKeys (ConfUtils.java:logGet(46)) - raft.server.log.queue.byte-limit = 64MB (=67108864) (default)
2024-03-31 12:43:38,601 [eb332bf5-0069-4d4b-8e41-ccd6e8cc684e-impl-thread1] INFO  server.RaftServerConfigKeys (ConfUtils.java:logGet(46)) - raft.server.log.queue.element-limit = 4096 (default)
2024-03-31 12:43:38,602 [eb332bf5-0069-4d4b-8e41-ccd6e8cc684e-impl-thread1] INFO  server.RaftServerConfigKeys (ConfUtils.java:logGet(46)) - raft.server.log.segment.size.max = 4194304 (custom)
2024-03-31 12:43:38,602 [eb332bf5-0069-4d4b-8e41-ccd6e8cc684e-impl-thread1] INFO  server.RaftServerConfigKeys (ConfUtils.java:logGet(46)) - raft.server.log.preallocated.size = 4194304 (custom)
2024-03-31 12:43:38,602 [eb332bf5-0069-4d4b-8e41-ccd6e8cc684e-impl-thread1] INFO  server.RaftServerConfigKeys (ConfUtils.java:logGet(46)) - raft.server.log.force.sync.num = 128 (default)
2024-03-31 12:43:38,602 [eb332bf5-0069-4d4b-8e41-ccd6e8cc684e-impl-thread1] INFO  server.RaftServerConfigKeys (ConfUtils.java:logGet(46)) - raft.server.log.statemachine.data.sync = true (default)
2024-03-31 12:43:38,602 [eb332bf5-0069-4d4b-8e41-ccd6e8cc684e-impl-thread1] INFO  server.RaftServerConfigKeys (ConfUtils.java:logGet(46)) - raft.server.log.statemachine.data.sync.timeout = 10s (default)
2024-03-31 12:43:38,602 [eb332bf5-0069-4d4b-8e41-ccd6e8cc684e-impl-thread1] INFO  server.RaftServerConfigKeys (ConfUtils.java:logGet(46)) - raft.server.log.statemachine.data.sync.timeout.retry = -1 (default)
2024-03-31 12:43:38,602 [eb332bf5-0069-4d4b-8e41-ccd6e8cc684e-impl-thread1] INFO  server.RaftServerConfigKeys (ConfUtils.java:logGet(46)) - raft.server.log.write.buffer.size = 4194312 (custom)
2024-03-31 12:43:38,602 [eb332bf5-0069-4d4b-8e41-ccd6e8cc684e-impl-thread1] INFO  server.RaftServerConfigKeys (ConfUtils.java:logGet(46)) - raft.server.log.appender.buffer.byte-limit = 4194304 (custom)
2024-03-31 12:43:38,602 [eb332bf5-0069-4d4b-8e41-ccd6e8cc684e-impl-thread1] INFO  server.RaftServerConfigKeys (ConfUtils.java:logGet(46)) - raft.server.log.unsafe-flush.enabled = false (default)
2024-03-31 12:43:38,602 [eb332bf5-0069-4d4b-8e41-ccd6e8cc684e-impl-thread1] INFO  server.RaftServerConfigKeys (ConfUtils.java:logGet(46)) - raft.server.log.async-flush.enabled = false (default)
2024-03-31 12:43:38,602 [eb332bf5-0069-4d4b-8e41-ccd6e8cc684e-impl-thread1] INFO  server.RaftServerConfigKeys (ConfUtils.java:logGet(46)) - raft.server.log.statemachine.data.caching.enabled = false (default)
2024-03-31 12:43:38,603 [eb332bf5-0069-4d4b-8e41-ccd6e8cc684e-impl-thread1] INFO  server.RaftServer$Division (ServerState.java:setRaftConf(386)) - eb332bf5-0069-4d4b-8e41-ccd6e8cc684e@group-E0BA8D88520F: set configuration 0: peers:[eb332bf5-0069-4d4b-8e41-ccd6e8cc684e|localhost:15204]|listeners:[], old=null
2024-03-31 12:43:38,603 [eb332bf5-0069-4d4b-8e41-ccd6e8cc684e-impl-thread1] INFO  segmented.LogSegment (LogSegment.java:loadSegment(170)) - Successfully read 1 entries from segment file /home/runner/work/ozone/ozone/hadoop-ozone/integration-test/target/test-dir/MiniOzoneClusterImpl-d5b24aea-bde8-4662-982e-e0ba8d88520f/scmNode-1/scm-ha/d5b24aea-bde8-4662-982e-e0ba8d88520f/current/log_inprogress_0
2024-03-31 12:43:38,603 [eb332bf5-0069-4d4b-8e41-ccd6e8cc684e-impl-thread1] INFO  segmented.SegmentedRaftLogWorker (SegmentedRaftLogWorker.java:lambda$new$0(134)) - eb332bf5-0069-4d4b-8e41-ccd6e8cc684e@group-E0BA8D88520F-SegmentedRaftLogWorker: safeCacheEvictIndex: setUnconditionally 0 -> -1
2024-03-31 12:43:38,603 [eb332bf5-0069-4d4b-8e41-ccd6e8cc684e-impl-thread1] INFO  segmented.BufferedWriteChannel (BufferedWriteChannel.java:open(62)) - open log_inprogress_0 (append) at position 76
2024-03-31 12:43:38,603 [eb332bf5-0069-4d4b-8e41-ccd6e8cc684e-impl-thread1] INFO  server.RaftServer$Division (RaftServerImpl.java:start(396)) - eb332bf5-0069-4d4b-8e41-ccd6e8cc684e@group-E0BA8D88520F: start as a follower, conf=0: peers:[eb332bf5-0069-4d4b-8e41-ccd6e8cc684e|localhost:15204]|listeners:[], old=null
2024-03-31 12:43:38,603 [eb332bf5-0069-4d4b-8e41-ccd6e8cc684e-impl-thread1] INFO  server.RaftServer$Division (RaftServerImpl.java:setRole(383)) - eb332bf5-0069-4d4b-8e41-ccd6e8cc684e@group-E0BA8D88520F: changes role from      null to FOLLOWER at term 1 for startAsFollower
2024-03-31 12:43:38,603 [eb332bf5-0069-4d4b-8e41-ccd6e8cc684e-impl-thread1] INFO  impl.RoleInfo (RoleInfo.java:updateAndGet(139)) - eb332bf5-0069-4d4b-8e41-ccd6e8cc684e: start eb332bf5-0069-4d4b-8e41-ccd6e8cc684e@group-E0BA8D88520F-FollowerState
2024-03-31 12:43:38,604 [eb332bf5-0069-4d4b-8e41-ccd6e8cc684e-impl-thread1] INFO  util.JmxRegister (JmxRegister.java:tryRegister(44)) - Successfully registered JMX Bean with object name Ratis:service=RaftServer,group=group-E0BA8D88520F,id=eb332bf5-0069-4d4b-8e41-ccd6e8cc684e
2024-03-31 12:43:38,604 [eb332bf5-0069-4d4b-8e41-ccd6e8cc684e@group-E0BA8D88520F-FollowerState] INFO  server.RaftServerConfigKeys (ConfUtils.java:logFallback(53)) - raft.server.rpc.first-election.timeout.min = 5000ms (fallback to raft.server.rpc.timeout.min)
2024-03-31 12:43:38,604 [eb332bf5-0069-4d4b-8e41-ccd6e8cc684e-impl-thread1] INFO  server.RaftServerConfigKeys (ConfUtils.java:logGet(46)) - raft.server.snapshot.trigger-when-stop.enabled = true (default)
2024-03-31 12:43:38,604 [eb332bf5-0069-4d4b-8e41-ccd6e8cc684e-impl-thread1] INFO  server.RaftServerConfigKeys (ConfUtils.java:logGet(46)) - raft.server.snapshot.auto.trigger.enabled = true (custom)
2024-03-31 12:43:38,604 [eb332bf5-0069-4d4b-8e41-ccd6e8cc684e-impl-thread1] INFO  server.RaftServerConfigKeys (ConfUtils.java:logGet(46)) - raft.server.snapshot.auto.trigger.threshold = 5 (custom)
2024-03-31 12:43:38,604 [eb332bf5-0069-4d4b-8e41-ccd6e8cc684e-impl-thread1] INFO  server.RaftServerConfigKeys (ConfUtils.java:logGet(46)) - raft.server.snapshot.retention.file.num = -1 (default)
2024-03-31 12:43:38,604 [eb332bf5-0069-4d4b-8e41-ccd6e8cc684e-impl-thread1] INFO  server.RaftServerConfigKeys (ConfUtils.java:logGet(46)) - raft.server.log.purge.upto.snapshot.index = true (custom)
2024-03-31 12:43:38,604 [eb332bf5-0069-4d4b-8e41-ccd6e8cc684e@group-E0BA8D88520F-FollowerState] INFO  server.RaftServerConfigKeys (ConfUtils.java:logFallback(53)) - raft.server.rpc.first-election.timeout.max = 5200ms (fallback to raft.server.rpc.timeout.max)
2024-03-31 12:43:38,609 [main] INFO  server.RaftServer (RaftServerProxy.java:startImpl(406)) - eb332bf5-0069-4d4b-8e41-ccd6e8cc684e: start RPC server
2024-03-31 12:43:38,610 [main] INFO  server.GrpcService (GrpcService.java:startImpl(302)) - eb332bf5-0069-4d4b-8e41-ccd6e8cc684e: GrpcService started, listening on 15204
2024-03-31 12:43:38,610 [JvmPauseMonitor28] INFO  util.JvmPauseMonitor (JvmPauseMonitor.java:run(146)) - JvmPauseMonitor-eb332bf5-0069-4d4b-8e41-ccd6e8cc684e: Started
2024-03-31 12:43:38,610 [main] INFO  ha.SCMHAManagerImpl (SCMHAManagerImpl.java:start(139)) -  scm role is FOLLOWER peers [eb332bf5-0069-4d4b-8e41-ccd6e8cc684e|localhost:15204]
2024-03-31 12:43:38,610 [main] INFO  ha.InterSCMGrpcService (InterSCMGrpcProtocolService.java:start(101)) - Starting SCM Grpc Service at port 15207
2024-03-31 12:43:38,611 [main] INFO  SCMHATransactionMonitor (BackgroundSCMService.java:start(65)) - Starting SCMHATransactionMonitor Service.
2024-03-31 12:43:38,615 [main] INFO  ha.SCMServiceManager (SCMServiceManager.java:register(42)) - Registering service SCMHATransactionMonitor.
2024-03-31 12:43:38,615 [main] INFO  SCMHATransactionMonitor (BackgroundSCMService.java:start(62)) - SCMHATransactionMonitor Service is already running, skip start.
2024-03-31 12:43:38,616 [main] WARN  impl.MetricsConfig (MetricsConfig.java:loadFirst(136)) - Cannot locate configuration: tried hadoop-metrics2-storagecontainermanager.properties,hadoop-metrics2.properties
2024-03-31 12:43:38,617 [main] INFO  impl.MetricsSystemImpl (MetricsSystemImpl.java:startTimer(378)) - Scheduled Metric snapshot period at 10 second(s).
2024-03-31 12:43:38,617 [main] INFO  impl.MetricsSystemImpl (MetricsSystemImpl.java:start(191)) - StorageContainerManager metrics system started
2024-03-31 12:43:38,624 [main] INFO  impl.MetricsSinkAdapter (MetricsSinkAdapter.java:start(204)) - Sink prometheus started
2024-03-31 12:43:38,624 [main] INFO  impl.MetricsSystemImpl (MetricsSystemImpl.java:registerSink(305)) - Registered sink prometheus
2024-03-31 12:43:38,635 [main] INFO  server.SCMClientProtocolServer (SCMClientProtocolServer.java:start(204)) - RPC server for Client  is listening at /0.0.0.0:15206
2024-03-31 12:43:38,635 [IPC Server Responder] INFO  ipc.Server (Server.java:run(1562)) - IPC Server Responder: starting
2024-03-31 12:43:38,635 [IPC Server listener on 15206] INFO  ipc.Server (Server.java:run(1402)) - IPC Server listener on 15206: starting
2024-03-31 12:43:38,642 [main] INFO  server.StorageContainerManager (StorageContainerManager.java:start(1558)) - ScmBlockLocationProtocol RPC server is listening at /0.0.0.0:15208
2024-03-31 12:43:38,642 [main] INFO  server.SCMBlockProtocolServer (SCMBlockProtocolServer.java:start(162)) - RPC server for Block Protocol is listening at /0.0.0.0:15208
2024-03-31 12:43:38,642 [IPC Server Responder] INFO  ipc.Server (Server.java:run(1562)) - IPC Server Responder: starting
2024-03-31 12:43:38,642 [IPC Server listener on 15208] INFO  ipc.Server (Server.java:run(1402)) - IPC Server listener on 15208: starting
2024-03-31 12:43:38,652 [main] INFO  http.BaseHttpServer (BaseHttpServer.java:newHttpServer2BuilderForOzone(223)) - Starting Web-server for scm at: http://0.0.0.0:15201
2024-03-31 12:43:38,652 [main] INFO  http.BaseHttpServer (BaseHttpServer.java:<init>(110)) - Hadoop Security Enabled: false Ozone Security Enabled: false Ozone HTTP Security Enabled: false 
2024-03-31 12:43:38,653 [main] WARN  server.AuthenticationFilter (AuthenticationFilter.java:constructSecretProvider(240)) - Unable to initialize FileSignerSecretProvider, falling back to use random secrets. Reason: Could not read signature secret file: /home/runner/hadoop-http-auth-signature-secret
2024-03-31 12:43:38,653 [main] INFO  http.HttpRequestLog (HttpRequestLog.java:getRequestLog(86)) - Http request log for http.requests.scm is not defined
2024-03-31 12:43:38,654 [main] INFO  http.HttpServer2 (HttpServer2.java:addGlobalFilter(1036)) - Added global filter 'safety' (class=org.apache.hadoop.hdds.server.http.HttpServer2$QuotingInputFilter)
2024-03-31 12:43:38,655 [main] INFO  http.HttpServer2 (HttpServer2.java:addFilter(1012)) - Added filter static_user_filter (class=org.apache.hadoop.http.lib.StaticUserWebFilter$StaticUserFilter) to context scm
2024-03-31 12:43:38,655 [main] INFO  http.HttpServer2 (HttpServer2.java:addFilter(1020)) - Added filter static_user_filter (class=org.apache.hadoop.http.lib.StaticUserWebFilter$StaticUserFilter) to context logs
2024-03-31 12:43:38,655 [main] INFO  http.HttpServer2 (HttpServer2.java:addFilter(1020)) - Added filter static_user_filter (class=org.apache.hadoop.http.lib.StaticUserWebFilter$StaticUserFilter) to context static
2024-03-31 12:43:38,656 [main] INFO  http.BaseHttpServer (BaseHttpServer.java:<init>(189)) - HTTP server of scm uses base directory /home/runner/work/ozone/ozone/hadoop-ozone/integration-test/target/test-dir/MiniOzoneClusterImpl-d5b24aea-bde8-4662-982e-e0ba8d88520f/scmNode-1/webserver
2024-03-31 12:43:38,656 [main] INFO  http.HttpServer2 (HttpServer2.java:bindListener(1236)) - Jetty bound to port 15201
2024-03-31 12:43:38,656 [main] INFO  server.Server (Server.java:doStart(375)) - jetty-9.4.53.v20231009; built: 2023-10-09T12:29:09.265Z; git: 27bde00a0b95a1d5bbee0eae7984f891d2d0f8c9; jvm 1.8.0_402-b06
2024-03-31 12:43:38,657 [main] INFO  server.session (DefaultSessionIdManager.java:doStart(334)) - DefaultSessionIdManager workerName=node0
2024-03-31 12:43:38,657 [main] INFO  server.session (DefaultSessionIdManager.java:doStart(339)) - No SessionScavenger set, using defaults
2024-03-31 12:43:38,658 [main] INFO  server.session (HouseKeeper.java:startScavenging(132)) - node0 Scavenging every 600000ms
2024-03-31 12:43:38,661 [main] INFO  handler.ContextHandler (ContextHandler.java:doStart(921)) - Started o.e.j.s.ServletContextHandler@71f109d0{logs,/logs,file:///home/runner/work/ozone/ozone/hadoop-ozone/integration-test/target/log,AVAILABLE}
2024-03-31 12:43:38,662 [main] INFO  handler.ContextHandler (ContextHandler.java:doStart(921)) - Started o.e.j.s.ServletContextHandler@281ad698{static,/static,file:///home/runner/work/ozone/ozone/hadoop-ozone/integration-test/target/test-classes/webapps/static,AVAILABLE}
2024-03-31 12:43:38,664 [main] INFO  handler.ContextHandler (ContextHandler.java:doStart(921)) - Started o.e.j.w.WebAppContext@40e406f5{scm,/,file:///home/runner/work/ozone/ozone/hadoop-ozone/integration-test/target/test-classes/webapps/scm/,AVAILABLE}{file:/home/runner/work/ozone/ozone/hadoop-ozone/integration-test/target/test-classes/webapps/scm}
2024-03-31 12:43:38,666 [main] INFO  server.AbstractConnector (AbstractConnector.java:doStart(333)) - Started ServerConnector@cae3857{HTTP/1.1, (http/1.1)}{0.0.0.0:15201}
2024-03-31 12:43:38,666 [main] INFO  server.Server (Server.java:doStart(415)) - Started @198479ms
2024-03-31 12:43:38,667 [main] WARN  impl.MetricsSystemImpl (MetricsSystemImpl.java:register(279)) - Sink prometheus already exists!
2024-03-31 12:43:38,667 [main] INFO  http.BaseHttpServer (BaseHttpServer.java:updateConnectorAddress(354)) - HTTP server of scm listening at http://0.0.0.0:15201
2024-03-31 12:43:38,667 [main] INFO  ozone.MiniOzoneHAClusterImpl (MiniOzoneHAClusterImpl.java:createSCMService(590)) - Started SCM RPC server at /0.0.0.0:15206
2024-03-31 12:43:38,668 [main] WARN  server.ServerUtils (ServerUtils.java:getScmDbDir(143)) - ozone.scm.db.dirs is not configured. We recommend adding this setting. Falling back to ozone.metadata.dirs instead.
2024-03-31 12:43:38,668 [main] INFO  ha.SCMHANodeDetails (SCMHANodeDetails.java:loadSCMHAConfig(207)) - ServiceID for StorageContainerManager is scmservice
2024-03-31 12:43:38,668 [main] INFO  ha.SCMHANodeDetails (SCMHANodeDetails.java:loadSCMHAConfig(218)) - ServiceID for StorageContainerManager is scmservice
2024-03-31 12:43:38,668 [main] WARN  scm.ScmUtils (ScmUtils.java:logWarn(192)) - ConfigKey ozone.scm.block.client.address is deprecated, For configuring different ports for each SCM use PortConfigKey ozone.scm.block.client.port appended with serviceId and nodeId. If want to configure same port configure ozone.scm.block.client.port
2024-03-31 12:43:38,669 [main] WARN  scm.ScmUtils (ScmUtils.java:logWarn(192)) - ConfigKey ozone.scm.client.address is deprecated, For configuring different ports for each SCM use PortConfigKey ozone.scm.client.port appended with serviceId and nodeId. If want to configure same port configure ozone.scm.client.port
2024-03-31 12:43:38,669 [main] WARN  scm.ScmUtils (ScmUtils.java:logWarn(192)) - ConfigKey ozone.scm.datanode.address is deprecated, For configuring different ports for each SCM use PortConfigKey ozone.scm.datanode.port appended with serviceId and nodeId. If want to configure same port configure ozone.scm.datanode.port
2024-03-31 12:43:38,669 [main] WARN  scm.ScmUtils (ScmUtils.java:logWarn(192)) - ConfigKey ozone.scm.block.client.address is deprecated, For configuring different ports for each SCM use PortConfigKey ozone.scm.block.client.port appended with serviceId and nodeId. If want to configure same port configure ozone.scm.block.client.port
2024-03-31 12:43:38,669 [main] WARN  scm.ScmUtils (ScmUtils.java:logWarn(192)) - ConfigKey ozone.scm.client.address is deprecated, For configuring different ports for each SCM use PortConfigKey ozone.scm.client.port appended with serviceId and nodeId. If want to configure same port configure ozone.scm.client.port
2024-03-31 12:43:38,669 [main] WARN  scm.ScmUtils (ScmUtils.java:logWarn(192)) - ConfigKey ozone.scm.datanode.address is deprecated, For configuring different ports for each SCM use PortConfigKey ozone.scm.datanode.port appended with serviceId and nodeId. If want to configure same port configure ozone.scm.datanode.port
2024-03-31 12:43:38,670 [main] INFO  ha.SCMHANodeDetails (SCMHANodeDetails.java:loadSCMHAConfig(305)) - Found matching SCM address with SCMServiceId: scmservice, SCMNodeId: scmNode-2, RPC Address: localhost:15212 and Ratis port: 15212
2024-03-31 12:43:38,670 [main] INFO  ha.SCMHANodeDetails (ConfUtils.java:setNodeSpecificConfigs(97)) - Setting configuration key ozone.scm.datanode.address with value of key ozone.scm.datanode.address.scmservice.scmNode-2: 127.0.0.1:15213
2024-03-31 12:43:38,670 [main] INFO  ha.SCMHANodeDetails (ConfUtils.java:setNodeSpecificConfigs(97)) - Setting configuration key ozone.scm.block.client.address with value of key ozone.scm.block.client.address.scmservice.scmNode-2: 127.0.0.1:15216
2024-03-31 12:43:38,670 [main] INFO  ha.SCMHANodeDetails (ConfUtils.java:setNodeSpecificConfigs(97)) - Setting configuration key ozone.scm.client.address with value of key ozone.scm.client.address.scmservice.scmNode-2: 127.0.0.1:15214
2024-03-31 12:43:38,670 [main] INFO  ha.SCMHANodeDetails (ConfUtils.java:setNodeSpecificConfigs(97)) - Setting configuration key ozone.scm.security.service.address with value of key ozone.scm.security.service.address.scmservice.scmNode-2: 127.0.0.1:15211
2024-03-31 12:43:38,670 [main] INFO  ha.SCMHANodeDetails (ConfUtils.java:setNodeSpecificConfigs(97)) - Setting configuration key ozone.scm.ratis.port with value of key ozone.scm.ratis.port.scmservice.scmNode-2: 15212
2024-03-31 12:43:38,671 [main] INFO  ha.SCMHANodeDetails (ConfUtils.java:setNodeSpecificConfigs(97)) - Setting configuration key ozone.scm.grpc.port with value of key ozone.scm.grpc.port.scmservice.scmNode-2: 15215
2024-03-31 12:43:38,671 [main] INFO  ha.SCMHANodeDetails (ConfUtils.java:setNodeSpecificConfigs(97)) - Setting configuration key ozone.scm.http-address with value of key ozone.scm.http-address.scmservice.scmNode-2: 127.0.0.1:15209
2024-03-31 12:43:38,671 [main] INFO  ha.SCMHANodeDetails (ConfUtils.java:setNodeSpecificConfigs(97)) - Setting configuration key ozone.scm.https-address with value of key ozone.scm.https-address.scmservice.scmNode-2: 127.0.0.1:15210
2024-03-31 12:43:38,671 [main] INFO  ha.SCMHANodeDetails (ConfUtils.java:setNodeSpecificConfigs(97)) - Setting configuration key ozone.scm.address with value of key ozone.scm.address.scmservice.scmNode-2: 127.0.0.1
2024-03-31 12:43:38,671 [main] WARN  scm.ScmUtils (ScmUtils.java:logWarn(192)) - ConfigKey ozone.scm.block.client.address is deprecated, For configuring different ports for each SCM use PortConfigKey ozone.scm.block.client.port appended with serviceId and nodeId. If want to configure same port configure ozone.scm.block.client.port
2024-03-31 12:43:38,671 [main] WARN  scm.ScmUtils (ScmUtils.java:logWarn(192)) - ConfigKey ozone.scm.client.address is deprecated, For configuring different ports for each SCM use PortConfigKey ozone.scm.client.port appended with serviceId and nodeId. If want to configure same port configure ozone.scm.client.port
2024-03-31 12:43:38,671 [main] WARN  scm.ScmUtils (ScmUtils.java:logWarn(192)) - ConfigKey ozone.scm.datanode.address is deprecated, For configuring different ports for each SCM use PortConfigKey ozone.scm.datanode.port appended with serviceId and nodeId. If want to configure same port configure ozone.scm.datanode.port
2024-03-31 12:43:38,672 [main] INFO  ha.SCMNodeInfo (SCMNodeInfo.java:getPort(197)) - ConfigKey ozone.scm.client.address is deprecated, For configuring different ports for each SCM use PortConfigKey ozone.scm.client.port appended with serviceId and nodeId
2024-03-31 12:43:38,672 [main] INFO  ha.SCMNodeInfo (SCMNodeInfo.java:getPort(197)) - ConfigKey ozone.scm.block.client.address is deprecated, For configuring different ports for each SCM use PortConfigKey ozone.scm.block.client.port appended with serviceId and nodeId
2024-03-31 12:43:38,672 [main] INFO  ha.SCMNodeInfo (SCMNodeInfo.java:getPort(197)) - ConfigKey ozone.scm.security.service.address is deprecated, For configuring different ports for each SCM use PortConfigKey ozone.scm.security.service.port appended with serviceId and nodeId
2024-03-31 12:43:38,673 [main] INFO  ha.SCMNodeInfo (SCMNodeInfo.java:getPort(197)) - ConfigKey ozone.scm.datanode.address is deprecated, For configuring different ports for each SCM use PortConfigKey ozone.scm.datanode.port appended with serviceId and nodeId
2024-03-31 12:43:38,673 [main] INFO  ha.SCMNodeInfo (SCMNodeInfo.java:getPort(197)) - ConfigKey ozone.scm.client.address is deprecated, For configuring different ports for each SCM use PortConfigKey ozone.scm.client.port appended with serviceId and nodeId
2024-03-31 12:43:38,673 [main] INFO  ha.SCMNodeInfo (SCMNodeInfo.java:getPort(197)) - ConfigKey ozone.scm.block.client.address is deprecated, For configuring different ports for each SCM use PortConfigKey ozone.scm.block.client.port appended with serviceId and nodeId
2024-03-31 12:43:38,673 [main] INFO  ha.SCMNodeInfo (SCMNodeInfo.java:getPort(197)) - ConfigKey ozone.scm.security.service.address is deprecated, For configuring different ports for each SCM use PortConfigKey ozone.scm.security.service.port appended with serviceId and nodeId
2024-03-31 12:43:38,673 [main] INFO  ha.SCMNodeInfo (SCMNodeInfo.java:getPort(197)) - ConfigKey ozone.scm.datanode.address is deprecated, For configuring different ports for each SCM use PortConfigKey ozone.scm.datanode.port appended with serviceId and nodeId
2024-03-31 12:43:38,673 [main] INFO  proxy.SCMBlockLocationFailoverProxyProvider (SCMBlockLocationFailoverProxyProvider.java:<init>(115)) - Created block location fail-over proxy with 2 nodes: [nodeId=scmNode-3,nodeAddress=/127.0.0.1:15224, nodeId=scmNode-1,nodeAddress=/127.0.0.1:15208]
2024-03-31 12:43:39,165 [aeddea9d-93be-4014-8fe2-23c9c4bc7e3d-EndpointStateMachineTaskThread-/127.0.0.1:15146-0 ] INFO  ipc.Client (Client.java:handleConnectionFailure(950)) - Retrying connect to server: localhost/127.0.0.1:15146. Already tried 13 time(s); retry policy is RetryUpToMaximumCountWithFixedSleep(maxRetries=15, sleepTime=1000 MILLISECONDS)
2024-03-31 12:43:39,215 [7a853b9e-58fa-41fd-b4c2-0c50e2c3b3eb-EndpointStateMachineTaskThread-/127.0.0.1:15138-0 ] INFO  ipc.Client (Client.java:handleConnectionFailure(950)) - Retrying connect to server: localhost/127.0.0.1:15138. Already tried 10 time(s); retry policy is RetryUpToMaximumCountWithFixedSleep(maxRetries=15, sleepTime=1000 MILLISECONDS)
2024-03-31 12:43:39,215 [7a853b9e-58fa-41fd-b4c2-0c50e2c3b3eb-EndpointStateMachineTaskThread-/127.0.0.1:15154-0 ] INFO  ipc.Client (Client.java:handleConnectionFailure(950)) - Retrying connect to server: localhost/127.0.0.1:15154. Already tried 10 time(s); retry policy is RetryUpToMaximumCountWithFixedSleep(maxRetries=15, sleepTime=1000 MILLISECONDS)
2024-03-31 12:43:40,165 [aeddea9d-93be-4014-8fe2-23c9c4bc7e3d-EndpointStateMachineTaskThread-/127.0.0.1:15146-0 ] INFO  ipc.Client (Client.java:handleConnectionFailure(950)) - Retrying connect to server: localhost/127.0.0.1:15146. Already tried 14 time(s); retry policy is RetryUpToMaximumCountWithFixedSleep(maxRetries=15, sleepTime=1000 MILLISECONDS)
2024-03-31 12:43:40,166 [aeddea9d-93be-4014-8fe2-23c9c4bc7e3d-EndpointStateMachineTaskThread-/127.0.0.1:15146-0 ] WARN  statemachine.EndpointStateMachine (EndpointStateMachine.java:logIfNeeded(242)) - Unable to communicate to SCM server at localhost:15146 for past 0 seconds.
java.net.ConnectException: Call From fv-az1209-424/10.1.0.6 to localhost:15146 failed on connection exception: java.net.ConnectException: Connection refused; For more details see:  http://wiki.apache.org/hadoop/ConnectionRefused
	at sun.reflect.GeneratedConstructorAccessor60.newInstance(Unknown Source)
	at sun.reflect.DelegatingConstructorAccessorImpl.newInstance(DelegatingConstructorAccessorImpl.java:45)
	at java.lang.reflect.Constructor.newInstance(Constructor.java:423)
	at org.apache.hadoop.net.NetUtils.wrapWithMessage(NetUtils.java:930)
	at org.apache.hadoop.net.NetUtils.wrapException(NetUtils.java:845)
	at org.apache.hadoop.ipc.Client.getRpcResponse(Client.java:1571)
	at org.apache.hadoop.ipc.Client.call(Client.java:1513)
	at org.apache.hadoop.ipc.Client.call(Client.java:1410)
	at org.apache.hadoop.ipc.ProtobufRpcEngine$Invoker.invoke(ProtobufRpcEngine.java:250)
	at org.apache.hadoop.ipc.ProtobufRpcEngine$Invoker.invoke(ProtobufRpcEngine.java:132)
	at com.sun.proxy.$Proxy60.submitRequest(Unknown Source)
	at org.apache.hadoop.ozone.protocolPB.StorageContainerDatanodeProtocolClientSideTranslatorPB.submitRequest(StorageContainerDatanodeProtocolClientSideTranslatorPB.java:117)
	at org.apache.hadoop.ozone.protocolPB.StorageContainerDatanodeProtocolClientSideTranslatorPB.sendHeartbeat(StorageContainerDatanodeProtocolClientSideTranslatorPB.java:149)
	at org.apache.hadoop.ozone.container.common.states.endpoint.HeartbeatEndpointTask.call(HeartbeatEndpointTask.java:183)
	at org.apache.hadoop.ozone.container.common.states.endpoint.HeartbeatEndpointTask.call(HeartbeatEndpointTask.java:87)
	at java.util.concurrent.FutureTask.run(FutureTask.java:266)
	at java.util.concurrent.ThreadPoolExecutor.runWorker(ThreadPoolExecutor.java:1149)
	at java.util.concurrent.ThreadPoolExecutor$Worker.run(ThreadPoolExecutor.java:624)
	at java.lang.Thread.run(Thread.java:750)
Caused by: java.net.ConnectException: Connection refused
	at sun.nio.ch.SocketChannelImpl.checkConnect(Native Method)
	at sun.nio.ch.SocketChannelImpl.finishConnect(SocketChannelImpl.java:716)
	at org.apache.hadoop.net.SocketIOWithTimeout.connect(SocketIOWithTimeout.java:205)
	at org.apache.hadoop.net.NetUtils.connect(NetUtils.java:600)
	at org.apache.hadoop.ipc.Client$Connection.setupConnection(Client.java:652)
	at org.apache.hadoop.ipc.Client$Connection.setupIOstreams(Client.java:773)
	at org.apache.hadoop.ipc.Client$Connection.access$3800(Client.java:347)
	at org.apache.hadoop.ipc.Client.getConnection(Client.java:1632)
	at org.apache.hadoop.ipc.Client.call(Client.java:1457)
	... 12 more
2024-03-31 12:43:40,215 [7a853b9e-58fa-41fd-b4c2-0c50e2c3b3eb-EndpointStateMachineTaskThread-/127.0.0.1:15138-0 ] INFO  ipc.Client (Client.java:handleConnectionFailure(950)) - Retrying connect to server: localhost/127.0.0.1:15138. Already tried 11 time(s); retry policy is RetryUpToMaximumCountWithFixedSleep(maxRetries=15, sleepTime=1000 MILLISECONDS)
2024-03-31 12:43:40,216 [7a853b9e-58fa-41fd-b4c2-0c50e2c3b3eb-EndpointStateMachineTaskThread-/127.0.0.1:15154-0 ] INFO  ipc.Client (Client.java:handleConnectionFailure(950)) - Retrying connect to server: localhost/127.0.0.1:15154. Already tried 11 time(s); retry policy is RetryUpToMaximumCountWithFixedSleep(maxRetries=15, sleepTime=1000 MILLISECONDS)
2024-03-31 12:43:41,167 [7a853b9e-58fa-41fd-b4c2-0c50e2c3b3eb-EndpointStateMachineTaskThread-/127.0.0.1:15146-0 ] INFO  ipc.Client (Client.java:handleConnectionFailure(950)) - Retrying connect to server: localhost/127.0.0.1:15146. Already tried 0 time(s); retry policy is RetryUpToMaximumCountWithFixedSleep(maxRetries=15, sleepTime=1000 MILLISECONDS)
2024-03-31 12:43:41,216 [7a853b9e-58fa-41fd-b4c2-0c50e2c3b3eb-EndpointStateMachineTaskThread-/127.0.0.1:15138-0 ] INFO  ipc.Client (Client.java:handleConnectionFailure(950)) - Retrying connect to server: localhost/127.0.0.1:15138. Already tried 12 time(s); retry policy is RetryUpToMaximumCountWithFixedSleep(maxRetries=15, sleepTime=1000 MILLISECONDS)
2024-03-31 12:43:41,216 [7a853b9e-58fa-41fd-b4c2-0c50e2c3b3eb-EndpointStateMachineTaskThread-/127.0.0.1:15154-0 ] INFO  ipc.Client (Client.java:handleConnectionFailure(950)) - Retrying connect to server: localhost/127.0.0.1:15154. Already tried 12 time(s); retry policy is RetryUpToMaximumCountWithFixedSleep(maxRetries=15, sleepTime=1000 MILLISECONDS)
2024-03-31 12:43:42,167 [7a853b9e-58fa-41fd-b4c2-0c50e2c3b3eb-EndpointStateMachineTaskThread-/127.0.0.1:15146-0 ] INFO  ipc.Client (Client.java:handleConnectionFailure(950)) - Retrying connect to server: localhost/127.0.0.1:15146. Already tried 1 time(s); retry policy is RetryUpToMaximumCountWithFixedSleep(maxRetries=15, sleepTime=1000 MILLISECONDS)
2024-03-31 12:43:42,216 [7a853b9e-58fa-41fd-b4c2-0c50e2c3b3eb-EndpointStateMachineTaskThread-/127.0.0.1:15154-0 ] INFO  ipc.Client (Client.java:handleConnectionFailure(950)) - Retrying connect to server: localhost/127.0.0.1:15154. Already tried 13 time(s); retry policy is RetryUpToMaximumCountWithFixedSleep(maxRetries=15, sleepTime=1000 MILLISECONDS)
2024-03-31 12:43:42,217 [7a853b9e-58fa-41fd-b4c2-0c50e2c3b3eb-EndpointStateMachineTaskThread-/127.0.0.1:15138-0 ] INFO  ipc.Client (Client.java:handleConnectionFailure(950)) - Retrying connect to server: localhost/127.0.0.1:15138. Already tried 13 time(s); retry policy is RetryUpToMaximumCountWithFixedSleep(maxRetries=15, sleepTime=1000 MILLISECONDS)
2024-03-31 12:43:42,682 [main] INFO  retry.RetryInvocationHandler (RetryInvocationHandler.java:log(422)) - com.google.protobuf.ServiceException: org.apache.hadoop.ipc.RemoteException(org.apache.hadoop.hdds.ratis.ServerNotLeaderException): Server:eb332bf5-0069-4d4b-8e41-ccd6e8cc684e is not the leader. Could not determine the leader node.
	at org.apache.hadoop.hdds.ratis.ServerNotLeaderException.convertToNotLeaderException(ServerNotLeaderException.java:105)
	at org.apache.hadoop.hdds.scm.ha.RatisUtil.checkRatisException(RatisUtil.java:246)
	at org.apache.hadoop.hdds.scm.protocol.ScmBlockLocationProtocolServerSideTranslatorPB.send(ScmBlockLocationProtocolServerSideTranslatorPB.java:111)
	at org.apache.hadoop.hdds.protocol.proto.ScmBlockLocationProtocolProtos$ScmBlockLocationProtocolService$2.callBlockingMethod(ScmBlockLocationProtocolProtos.java:15752)
	at org.apache.hadoop.ipc.ProtobufRpcEngine$Server.processCall(ProtobufRpcEngine.java:484)
	at org.apache.hadoop.ipc.ProtobufRpcEngine2$Server$ProtoBufRpcInvoker.call(ProtobufRpcEngine2.java:595)
	at org.apache.hadoop.ipc.ProtobufRpcEngine2$Server$ProtoBufRpcInvoker.call(ProtobufRpcEngine2.java:573)
	at org.apache.hadoop.ipc.RPC$Server.call(RPC.java:1227)
	at org.apache.hadoop.ipc.Server$RpcCall.run(Server.java:1094)
	at org.apache.hadoop.ipc.Server$RpcCall.run(Server.java:1017)
	at java.security.AccessController.doPrivileged(Native Method)
	at javax.security.auth.Subject.doAs(Subject.java:422)
	at org.apache.hadoop.security.UserGroupInformation.doAs(UserGroupInformation.java:1899)
	at org.apache.hadoop.ipc.Server$Handler.run(Server.java:3048)
, while invoking $Proxy51.send over nodeId=scmNode-1,nodeAddress=/127.0.0.1:15208 after 2 failover attempts. Trying to failover after sleeping for 2000ms. Current retry count: 2.
2024-03-31 12:43:43,168 [7a853b9e-58fa-41fd-b4c2-0c50e2c3b3eb-EndpointStateMachineTaskThread-/127.0.0.1:15146-0 ] INFO  ipc.Client (Client.java:handleConnectionFailure(950)) - Retrying connect to server: localhost/127.0.0.1:15146. Already tried 2 time(s); retry policy is RetryUpToMaximumCountWithFixedSleep(maxRetries=15, sleepTime=1000 MILLISECONDS)
2024-03-31 12:43:43,217 [7a853b9e-58fa-41fd-b4c2-0c50e2c3b3eb-EndpointStateMachineTaskThread-/127.0.0.1:15154-0 ] INFO  ipc.Client (Client.java:handleConnectionFailure(950)) - Retrying connect to server: localhost/127.0.0.1:15154. Already tried 14 time(s); retry policy is RetryUpToMaximumCountWithFixedSleep(maxRetries=15, sleepTime=1000 MILLISECONDS)
2024-03-31 12:43:43,217 [7a853b9e-58fa-41fd-b4c2-0c50e2c3b3eb-EndpointStateMachineTaskThread-/127.0.0.1:15154-0 ] WARN  statemachine.EndpointStateMachine (EndpointStateMachine.java:logIfNeeded(242)) - Unable to communicate to SCM server at localhost:15154 for past 0 seconds.
java.net.ConnectException: Call From fv-az1209-424/10.1.0.6 to localhost:15154 failed on connection exception: java.net.ConnectException: Connection refused; For more details see:  http://wiki.apache.org/hadoop/ConnectionRefused
	at sun.reflect.GeneratedConstructorAccessor60.newInstance(Unknown Source)
	at sun.reflect.DelegatingConstructorAccessorImpl.newInstance(DelegatingConstructorAccessorImpl.java:45)
	at java.lang.reflect.Constructor.newInstance(Constructor.java:423)
	at org.apache.hadoop.net.NetUtils.wrapWithMessage(NetUtils.java:930)
	at org.apache.hadoop.net.NetUtils.wrapException(NetUtils.java:845)
	at org.apache.hadoop.ipc.Client.getRpcResponse(Client.java:1571)
	at org.apache.hadoop.ipc.Client.call(Client.java:1513)
	at org.apache.hadoop.ipc.Client.call(Client.java:1410)
	at org.apache.hadoop.ipc.ProtobufRpcEngine$Invoker.invoke(ProtobufRpcEngine.java:250)
	at org.apache.hadoop.ipc.ProtobufRpcEngine$Invoker.invoke(ProtobufRpcEngine.java:132)
	at com.sun.proxy.$Proxy60.submitRequest(Unknown Source)
	at org.apache.hadoop.ozone.protocolPB.StorageContainerDatanodeProtocolClientSideTranslatorPB.submitRequest(StorageContainerDatanodeProtocolClientSideTranslatorPB.java:117)
	at org.apache.hadoop.ozone.protocolPB.StorageContainerDatanodeProtocolClientSideTranslatorPB.sendHeartbeat(StorageContainerDatanodeProtocolClientSideTranslatorPB.java:149)
	at org.apache.hadoop.ozone.container.common.states.endpoint.HeartbeatEndpointTask.call(HeartbeatEndpointTask.java:183)
	at org.apache.hadoop.ozone.container.common.states.endpoint.HeartbeatEndpointTask.call(HeartbeatEndpointTask.java:87)
	at java.util.concurrent.FutureTask.run(FutureTask.java:266)
	at java.util.concurrent.ThreadPoolExecutor.runWorker(ThreadPoolExecutor.java:1149)
	at java.util.concurrent.ThreadPoolExecutor$Worker.run(ThreadPoolExecutor.java:624)
	at java.lang.Thread.run(Thread.java:750)
Caused by: java.net.ConnectException: Connection refused
	at sun.nio.ch.SocketChannelImpl.checkConnect(Native Method)
	at sun.nio.ch.SocketChannelImpl.finishConnect(SocketChannelImpl.java:716)
	at org.apache.hadoop.net.SocketIOWithTimeout.connect(SocketIOWithTimeout.java:205)
	at org.apache.hadoop.net.NetUtils.connect(NetUtils.java:600)
	at org.apache.hadoop.ipc.Client$Connection.setupConnection(Client.java:652)
	at org.apache.hadoop.ipc.Client$Connection.setupIOstreams(Client.java:773)
	at org.apache.hadoop.ipc.Client$Connection.access$3800(Client.java:347)
	at org.apache.hadoop.ipc.Client.getConnection(Client.java:1632)
	at org.apache.hadoop.ipc.Client.call(Client.java:1457)
	... 12 more
2024-03-31 12:43:43,217 [7a853b9e-58fa-41fd-b4c2-0c50e2c3b3eb-EndpointStateMachineTaskThread-/127.0.0.1:15138-0 ] INFO  ipc.Client (Client.java:handleConnectionFailure(950)) - Retrying connect to server: localhost/127.0.0.1:15138. Already tried 14 time(s); retry policy is RetryUpToMaximumCountWithFixedSleep(maxRetries=15, sleepTime=1000 MILLISECONDS)
2024-03-31 12:43:43,218 [7a853b9e-58fa-41fd-b4c2-0c50e2c3b3eb-EndpointStateMachineTaskThread-/127.0.0.1:15138-0 ] WARN  statemachine.EndpointStateMachine (EndpointStateMachine.java:logIfNeeded(242)) - Unable to communicate to SCM server at localhost:15138 for past 0 seconds.
java.net.ConnectException: Call From fv-az1209-424/10.1.0.6 to localhost:15138 failed on connection exception: java.net.ConnectException: Connection refused; For more details see:  http://wiki.apache.org/hadoop/ConnectionRefused
	at sun.reflect.GeneratedConstructorAccessor60.newInstance(Unknown Source)
	at sun.reflect.DelegatingConstructorAccessorImpl.newInstance(DelegatingConstructorAccessorImpl.java:45)
	at java.lang.reflect.Constructor.newInstance(Constructor.java:423)
	at org.apache.hadoop.net.NetUtils.wrapWithMessage(NetUtils.java:930)
	at org.apache.hadoop.net.NetUtils.wrapException(NetUtils.java:845)
	at org.apache.hadoop.ipc.Client.getRpcResponse(Client.java:1571)
	at org.apache.hadoop.ipc.Client.call(Client.java:1513)
	at org.apache.hadoop.ipc.Client.call(Client.java:1410)
	at org.apache.hadoop.ipc.ProtobufRpcEngine$Invoker.invoke(ProtobufRpcEngine.java:250)
	at org.apache.hadoop.ipc.ProtobufRpcEngine$Invoker.invoke(ProtobufRpcEngine.java:132)
	at com.sun.proxy.$Proxy60.submitRequest(Unknown Source)
	at org.apache.hadoop.ozone.protocolPB.StorageContainerDatanodeProtocolClientSideTranslatorPB.submitRequest(StorageContainerDatanodeProtocolClientSideTranslatorPB.java:117)
	at org.apache.hadoop.ozone.protocolPB.StorageContainerDatanodeProtocolClientSideTranslatorPB.sendHeartbeat(StorageContainerDatanodeProtocolClientSideTranslatorPB.java:149)
	at org.apache.hadoop.ozone.container.common.states.endpoint.HeartbeatEndpointTask.call(HeartbeatEndpointTask.java:183)
	at org.apache.hadoop.ozone.container.common.states.endpoint.HeartbeatEndpointTask.call(HeartbeatEndpointTask.java:87)
	at java.util.concurrent.FutureTask.run(FutureTask.java:266)
	at java.util.concurrent.ThreadPoolExecutor.runWorker(ThreadPoolExecutor.java:1149)
	at java.util.concurrent.ThreadPoolExecutor$Worker.run(ThreadPoolExecutor.java:624)
	at java.lang.Thread.run(Thread.java:750)
Caused by: java.net.ConnectException: Connection refused
	at sun.nio.ch.SocketChannelImpl.checkConnect(Native Method)
	at sun.nio.ch.SocketChannelImpl.finishConnect(SocketChannelImpl.java:716)
	at org.apache.hadoop.net.SocketIOWithTimeout.connect(SocketIOWithTimeout.java:205)
	at org.apache.hadoop.net.NetUtils.connect(NetUtils.java:600)
	at org.apache.hadoop.ipc.Client$Connection.setupConnection(Client.java:652)
	at org.apache.hadoop.ipc.Client$Connection.setupIOstreams(Client.java:773)
	at org.apache.hadoop.ipc.Client$Connection.access$3800(Client.java:347)
	at org.apache.hadoop.ipc.Client.getConnection(Client.java:1632)
	at org.apache.hadoop.ipc.Client.call(Client.java:1457)
	... 12 more
2024-03-31 12:43:43,794 [eb332bf5-0069-4d4b-8e41-ccd6e8cc684e@group-E0BA8D88520F-FollowerState] INFO  impl.FollowerState (FollowerState.java:run(143)) - eb332bf5-0069-4d4b-8e41-ccd6e8cc684e@group-E0BA8D88520F-FollowerState: change to CANDIDATE, lastRpcElapsedTime:5190045118ns, electionTimeout:5189ms
2024-03-31 12:43:43,794 [eb332bf5-0069-4d4b-8e41-ccd6e8cc684e@group-E0BA8D88520F-FollowerState] INFO  impl.RoleInfo (RoleInfo.java:shutdownFollowerState(110)) - eb332bf5-0069-4d4b-8e41-ccd6e8cc684e: shutdown eb332bf5-0069-4d4b-8e41-ccd6e8cc684e@group-E0BA8D88520F-FollowerState
2024-03-31 12:43:43,794 [eb332bf5-0069-4d4b-8e41-ccd6e8cc684e@group-E0BA8D88520F-FollowerState] INFO  server.RaftServer$Division (RaftServerImpl.java:setRole(383)) - eb332bf5-0069-4d4b-8e41-ccd6e8cc684e@group-E0BA8D88520F: changes role from  FOLLOWER to CANDIDATE at term 1 for changeToCandidate
2024-03-31 12:43:43,794 [eb332bf5-0069-4d4b-8e41-ccd6e8cc684e@group-E0BA8D88520F-FollowerState] INFO  server.RaftServerConfigKeys (ConfUtils.java:logGet(46)) - raft.server.leaderelection.pre-vote = true (default)
2024-03-31 12:43:43,794 [eb332bf5-0069-4d4b-8e41-ccd6e8cc684e@group-E0BA8D88520F-FollowerState] INFO  impl.RoleInfo (RoleInfo.java:updateAndGet(139)) - eb332bf5-0069-4d4b-8e41-ccd6e8cc684e: start eb332bf5-0069-4d4b-8e41-ccd6e8cc684e@group-E0BA8D88520F-LeaderElection55
2024-03-31 12:43:43,795 [eb332bf5-0069-4d4b-8e41-ccd6e8cc684e@group-E0BA8D88520F-LeaderElection55] INFO  impl.LeaderElection (LeaderElection.java:askForVotes(321)) - eb332bf5-0069-4d4b-8e41-ccd6e8cc684e@group-E0BA8D88520F-LeaderElection55 PRE_VOTE round 0: submit vote requests at term 1 for 0: peers:[eb332bf5-0069-4d4b-8e41-ccd6e8cc684e|localhost:15204]|listeners:[], old=null
2024-03-31 12:43:43,795 [eb332bf5-0069-4d4b-8e41-ccd6e8cc684e@group-E0BA8D88520F-LeaderElection55] INFO  impl.LeaderElection (LeaderElection.java:askForVotes(323)) - eb332bf5-0069-4d4b-8e41-ccd6e8cc684e@group-E0BA8D88520F-LeaderElection55 PRE_VOTE round 0: result PASSED (term=1)
2024-03-31 12:43:43,796 [eb332bf5-0069-4d4b-8e41-ccd6e8cc684e@group-E0BA8D88520F-LeaderElection55] INFO  impl.LeaderElection (LeaderElection.java:askForVotes(321)) - eb332bf5-0069-4d4b-8e41-ccd6e8cc684e@group-E0BA8D88520F-LeaderElection55 ELECTION round 0: submit vote requests at term 2 for 0: peers:[eb332bf5-0069-4d4b-8e41-ccd6e8cc684e|localhost:15204]|listeners:[], old=null
2024-03-31 12:43:43,796 [eb332bf5-0069-4d4b-8e41-ccd6e8cc684e@group-E0BA8D88520F-LeaderElection55] INFO  impl.LeaderElection (LeaderElection.java:askForVotes(323)) - eb332bf5-0069-4d4b-8e41-ccd6e8cc684e@group-E0BA8D88520F-LeaderElection55 ELECTION round 0: result PASSED (term=2)
2024-03-31 12:43:43,796 [eb332bf5-0069-4d4b-8e41-ccd6e8cc684e@group-E0BA8D88520F-LeaderElection55] INFO  impl.RoleInfo (RoleInfo.java:shutdownLeaderElection(130)) - eb332bf5-0069-4d4b-8e41-ccd6e8cc684e: shutdown eb332bf5-0069-4d4b-8e41-ccd6e8cc684e@group-E0BA8D88520F-LeaderElection55
2024-03-31 12:43:43,797 [eb332bf5-0069-4d4b-8e41-ccd6e8cc684e@group-E0BA8D88520F-LeaderElection55] INFO  server.RaftServer$Division (RaftServerImpl.java:setRole(383)) - eb332bf5-0069-4d4b-8e41-ccd6e8cc684e@group-E0BA8D88520F: changes role from CANDIDATE to LEADER at term 2 for changeToLeader
2024-03-31 12:43:43,797 [eb332bf5-0069-4d4b-8e41-ccd6e8cc684e@group-E0BA8D88520F-LeaderElection55] INFO  server.RaftServerConfigKeys (ConfUtils.java:logGet(46)) - raft.server.staging.catchup.gap = 1000 (default)
2024-03-31 12:43:43,797 [eb332bf5-0069-4d4b-8e41-ccd6e8cc684e@group-E0BA8D88520F-LeaderElection55] INFO  server.RaftServerConfigKeys (ConfUtils.java:logGet(46)) - raft.server.write.element-limit = 4096 (default)
2024-03-31 12:43:43,797 [eb332bf5-0069-4d4b-8e41-ccd6e8cc684e@group-E0BA8D88520F-LeaderElection55] INFO  server.RaftServerConfigKeys (ConfUtils.java:logGet(46)) - raft.server.write.byte-limit = 64MB (=67108864) (default)
2024-03-31 12:43:43,797 [eb332bf5-0069-4d4b-8e41-ccd6e8cc684e@group-E0BA8D88520F-LeaderElection55] INFO  server.RaftServerConfigKeys (ConfUtils.java:logGet(46)) - raft.server.watch.timeout = 10s (default)
2024-03-31 12:43:43,797 [eb332bf5-0069-4d4b-8e41-ccd6e8cc684e@group-E0BA8D88520F-LeaderElection55] INFO  server.RaftServerConfigKeys (ConfUtils.java:logGet(46)) - raft.server.watch.timeout.denomination = 1s (default)
2024-03-31 12:43:43,797 [eb332bf5-0069-4d4b-8e41-ccd6e8cc684e@group-E0BA8D88520F-LeaderElection55] INFO  server.RaftServerConfigKeys (ConfUtils.java:logGet(46)) - raft.server.watch.element-limit = 65536 (default)
2024-03-31 12:43:43,797 [eb332bf5-0069-4d4b-8e41-ccd6e8cc684e@group-E0BA8D88520F-LeaderElection55] INFO  server.RaftServerConfigKeys (ConfUtils.java:logGet(46)) - raft.server.read.leader.lease.enabled = false (default)
2024-03-31 12:43:43,797 [eb332bf5-0069-4d4b-8e41-ccd6e8cc684e@group-E0BA8D88520F-LeaderElection55] INFO  server.RaftServerConfigKeys (ConfUtils.java:logGet(46)) - raft.server.read.leader.lease.timeout.ratio = 0.9 (default)
2024-03-31 12:43:43,797 [eb332bf5-0069-4d4b-8e41-ccd6e8cc684e@group-E0BA8D88520F-LeaderElection55] INFO  server.RaftServerConfigKeys (ConfUtils.java:logGet(46)) - raft.server.rpc.timeout.min = 5000ms (custom)
2024-03-31 12:43:43,797 [eb332bf5-0069-4d4b-8e41-ccd6e8cc684e@group-E0BA8D88520F-LeaderElection55] INFO  server.RaftServerConfigKeys (ConfUtils.java:logGet(46)) - raft.server.write.element-limit = 4096 (default)
2024-03-31 12:43:43,797 [eb332bf5-0069-4d4b-8e41-ccd6e8cc684e@group-E0BA8D88520F-LeaderElection55] INFO  server.RaftServerConfigKeys (ConfUtils.java:logGet(46)) - raft.server.write.follower.gap.ratio.max = -1.0 (default)
2024-03-31 12:43:43,798 [eb332bf5-0069-4d4b-8e41-ccd6e8cc684e@group-E0BA8D88520F-LeaderElection55] INFO  impl.RoleInfo (RoleInfo.java:updateAndGet(139)) - eb332bf5-0069-4d4b-8e41-ccd6e8cc684e: start eb332bf5-0069-4d4b-8e41-ccd6e8cc684e@group-E0BA8D88520F-LeaderStateImpl
2024-03-31 12:43:43,798 [eb332bf5-0069-4d4b-8e41-ccd6e8cc684e@group-E0BA8D88520F-LeaderElection55] INFO  server.RaftServer$Division (RaftServerImpl.java:setFirstElection(574)) - eb332bf5-0069-4d4b-8e41-ccd6e8cc684e@group-E0BA8D88520F: set firstElectionSinceStartup to false for becomeLeader
2024-03-31 12:43:43,798 [eb332bf5-0069-4d4b-8e41-ccd6e8cc684e@group-E0BA8D88520F-LeaderElection55] INFO  ha.SCMStateMachine (SCMStateMachine.java:notifyLeaderChanged(292)) - current SCM becomes leader of term 2.
2024-03-31 12:43:43,798 [eb332bf5-0069-4d4b-8e41-ccd6e8cc684e@group-E0BA8D88520F-LeaderElection55] INFO  ha.SCMContext (SCMContext.java:updateLeaderAndTerm(96)) - update <isLeader,term> from <false,0> to <true,2>
2024-03-31 12:43:43,798 [eb332bf5-0069-4d4b-8e41-ccd6e8cc684e@group-E0BA8D88520F-LeaderElection55] INFO  server.RaftServer$Division (ServerState.java:setLeader(269)) - eb332bf5-0069-4d4b-8e41-ccd6e8cc684e@group-E0BA8D88520F: change Leader from null to eb332bf5-0069-4d4b-8e41-ccd6e8cc684e at term 2 for becomeLeader, leader elected after 5224ms
2024-03-31 12:43:43,798 [eb332bf5-0069-4d4b-8e41-ccd6e8cc684e@group-E0BA8D88520F-LeaderElection55] INFO  segmented.SegmentedRaftLogWorker (SegmentedRaftLogWorker.java:rollLogSegment(435)) - eb332bf5-0069-4d4b-8e41-ccd6e8cc684e@group-E0BA8D88520F-SegmentedRaftLogWorker: Rolling segment log-0_0 to index:0
2024-03-31 12:43:43,798 [eb332bf5-0069-4d4b-8e41-ccd6e8cc684e@group-E0BA8D88520F-LeaderElection55] INFO  server.RaftServer$Division (ServerState.java:setRaftConf(386)) - eb332bf5-0069-4d4b-8e41-ccd6e8cc684e@group-E0BA8D88520F: set configuration 1: peers:[eb332bf5-0069-4d4b-8e41-ccd6e8cc684e|localhost:15204]|listeners:[], old=null
2024-03-31 12:43:43,799 [eb332bf5-0069-4d4b-8e41-ccd6e8cc684e@group-E0BA8D88520F-SegmentedRaftLogWorker] INFO  segmented.SegmentedRaftLogWorker (SegmentedRaftLogWorker.java:execute(591)) - eb332bf5-0069-4d4b-8e41-ccd6e8cc684e@group-E0BA8D88520F-SegmentedRaftLogWorker: Rolled log segment from /home/runner/work/ozone/ozone/hadoop-ozone/integration-test/target/test-dir/MiniOzoneClusterImpl-d5b24aea-bde8-4662-982e-e0ba8d88520f/scmNode-1/scm-ha/d5b24aea-bde8-4662-982e-e0ba8d88520f/current/log_inprogress_0 to /home/runner/work/ozone/ozone/hadoop-ozone/integration-test/target/test-dir/MiniOzoneClusterImpl-d5b24aea-bde8-4662-982e-e0ba8d88520f/scmNode-1/scm-ha/d5b24aea-bde8-4662-982e-e0ba8d88520f/current/log_0-0
2024-03-31 12:43:43,800 [eb332bf5-0069-4d4b-8e41-ccd6e8cc684e@group-E0BA8D88520F-SegmentedRaftLogWorker] INFO  segmented.BufferedWriteChannel (BufferedWriteChannel.java:open(62)) - open log_inprogress_1 at position 0
2024-03-31 12:43:43,807 [eb332bf5-0069-4d4b-8e41-ccd6e8cc684e@group-E0BA8D88520F-SegmentedRaftLogWorker] INFO  segmented.SegmentedRaftLogWorker (SegmentedRaftLogWorker.java:execute(634)) - eb332bf5-0069-4d4b-8e41-ccd6e8cc684e@group-E0BA8D88520F-SegmentedRaftLogWorker: created new log segment /home/runner/work/ozone/ozone/hadoop-ozone/integration-test/target/test-dir/MiniOzoneClusterImpl-d5b24aea-bde8-4662-982e-e0ba8d88520f/scmNode-1/scm-ha/d5b24aea-bde8-4662-982e-e0ba8d88520f/current/log_inprogress_1
2024-03-31 12:43:43,809 [eb332bf5-0069-4d4b-8e41-ccd6e8cc684e@group-E0BA8D88520F-StateMachineUpdater] INFO  server.RaftServer$Division (LeaderStateImpl.java:isApplied(320)) - leader is ready since appliedIndex == 1 >= startIndex == 1
2024-03-31 12:43:43,809 [eb332bf5-0069-4d4b-8e41-ccd6e8cc684e@group-E0BA8D88520F-StateMachineUpdater] INFO  ha.SCMContext (SCMContext.java:setLeaderReady(123)) - update <isLeaderReady> from <false> to <true>
2024-03-31 12:43:43,809 [eb332bf5-0069-4d4b-8e41-ccd6e8cc684e@group-E0BA8D88520F-StateMachineUpdater] INFO  pipeline.BackgroundPipelineCreator (BackgroundPipelineCreator.java:notifyStatusChanged(258)) - Service BackgroundPipelineCreator transitions to RUNNING.
2024-03-31 12:43:43,809 [eb332bf5-0069-4d4b-8e41-ccd6e8cc684e@group-E0BA8D88520F-StateMachineUpdater] INFO  safemode.HealthyPipelineSafeModeRule (HealthyPipelineSafeModeRule.java:initializeRule(172)) - Refreshed total pipeline count is 0, healthy pipeline threshold count is 1
2024-03-31 12:43:43,810 [eb332bf5-0069-4d4b-8e41-ccd6e8cc684e@group-E0BA8D88520F-StateMachineUpdater] INFO  safemode.ContainerSafeModeRule (ContainerSafeModeRule.java:reInitializeRule(191)) - Refreshed one replica container threshold 0, currentThreshold 0
2024-03-31 12:43:43,810 [eb332bf5-0069-4d4b-8e41-ccd6e8cc684e@group-E0BA8D88520F-StateMachineUpdater] INFO  safemode.OneReplicaPipelineSafeModeRule (OneReplicaPipelineSafeModeRule.java:initializeRule(189)) - Refreshed Total pipeline count is 0, pipeline's with at least one datanode reported threshold count is 0
2024-03-31 12:43:43,810 [eb332bf5-0069-4d4b-8e41-ccd6e8cc684e@group-E0BA8D88520F-StateMachineUpdater] INFO  server.SCMDatanodeProtocolServer (SCMDatanodeProtocolServer.java:start(194)) - ScmDatanodeProtocol RPC server for DataNodes is listening at /0.0.0.0:15205
2024-03-31 12:43:43,810 [IPC Server Responder] INFO  ipc.Server (Server.java:run(1562)) - IPC Server Responder: starting
2024-03-31 12:43:43,810 [IPC Server listener on 15205] INFO  ipc.Server (Server.java:run(1402)) - IPC Server listener on 15205: starting
2024-03-31 12:43:44,168 [7a853b9e-58fa-41fd-b4c2-0c50e2c3b3eb-EndpointStateMachineTaskThread-/127.0.0.1:15146-0 ] INFO  ipc.Client (Client.java:handleConnectionFailure(950)) - Retrying connect to server: localhost/127.0.0.1:15146. Already tried 3 time(s); retry policy is RetryUpToMaximumCountWithFixedSleep(maxRetries=15, sleepTime=1000 MILLISECONDS)
2024-03-31 12:43:44,683 [main] INFO  retry.RetryInvocationHandler (RetryInvocationHandler.java:log(422)) - com.google.protobuf.ServiceException: java.net.ConnectException: Call From fv-az1209-424/10.1.0.6 to localhost:15224 failed on connection exception: java.net.ConnectException: Connection refused; For more details see:  http://wiki.apache.org/hadoop/ConnectionRefused, while invoking $Proxy51.send over nodeId=scmNode-3,nodeAddress=/127.0.0.1:15224 after 3 failover attempts. Trying to failover after sleeping for 2000ms. Current retry count: 3.
2024-03-31 12:43:45,168 [7a853b9e-58fa-41fd-b4c2-0c50e2c3b3eb-EndpointStateMachineTaskThread-/127.0.0.1:15146-0 ] INFO  ipc.Client (Client.java:handleConnectionFailure(950)) - Retrying connect to server: localhost/127.0.0.1:15146. Already tried 4 time(s); retry policy is RetryUpToMaximumCountWithFixedSleep(maxRetries=15, sleepTime=1000 MILLISECONDS)
2024-03-31 12:43:46,169 [7a853b9e-58fa-41fd-b4c2-0c50e2c3b3eb-EndpointStateMachineTaskThread-/127.0.0.1:15146-0 ] INFO  ipc.Client (Client.java:handleConnectionFailure(950)) - Retrying connect to server: localhost/127.0.0.1:15146. Already tried 5 time(s); retry policy is RetryUpToMaximumCountWithFixedSleep(maxRetries=15, sleepTime=1000 MILLISECONDS)
2024-03-31 12:43:46,685 [main] INFO  server.StorageContainerManager (StorageContainerManager.java:scmBootstrap(1226)) - SCM BootStrap  is successful for ClusterID d5b24aea-bde8-4662-982e-e0ba8d88520f, SCMID 18588cf9-7ad3-4805-910e-ac9333d0abf7
2024-03-31 12:43:46,685 [main] INFO  server.StorageContainerManager (StorageContainerManager.java:scmBootstrap(1228)) - Primary SCM Node ID eb332bf5-0069-4d4b-8e41-ccd6e8cc684e
2024-03-31 12:43:46,685 [main] WARN  server.ServerUtils (ServerUtils.java:getScmDbDir(143)) - ozone.scm.db.dirs is not configured. We recommend adding this setting. Falling back to ozone.metadata.dirs instead.
2024-03-31 12:43:46,685 [main] INFO  ha.SCMHANodeDetails (SCMHANodeDetails.java:loadSCMHAConfig(207)) - ServiceID for StorageContainerManager is scmservice
2024-03-31 12:43:46,685 [main] INFO  ha.SCMHANodeDetails (SCMHANodeDetails.java:loadSCMHAConfig(218)) - ServiceID for StorageContainerManager is scmservice
2024-03-31 12:43:46,686 [main] WARN  scm.ScmUtils (ScmUtils.java:logWarn(192)) - ConfigKey ozone.scm.block.client.address is deprecated, For configuring different ports for each SCM use PortConfigKey ozone.scm.block.client.port appended with serviceId and nodeId. If want to configure same port configure ozone.scm.block.client.port
2024-03-31 12:43:46,686 [main] WARN  scm.ScmUtils (ScmUtils.java:logWarn(192)) - ConfigKey ozone.scm.client.address is deprecated, For configuring different ports for each SCM use PortConfigKey ozone.scm.client.port appended with serviceId and nodeId. If want to configure same port configure ozone.scm.client.port
2024-03-31 12:43:46,686 [main] WARN  scm.ScmUtils (ScmUtils.java:logWarn(192)) - ConfigKey ozone.scm.datanode.address is deprecated, For configuring different ports for each SCM use PortConfigKey ozone.scm.datanode.port appended with serviceId and nodeId. If want to configure same port configure ozone.scm.datanode.port
2024-03-31 12:43:46,686 [main] WARN  scm.ScmUtils (ScmUtils.java:logWarn(192)) - ConfigKey ozone.scm.block.client.address is deprecated, For configuring different ports for each SCM use PortConfigKey ozone.scm.block.client.port appended with serviceId and nodeId. If want to configure same port configure ozone.scm.block.client.port
2024-03-31 12:43:46,686 [main] WARN  scm.ScmUtils (ScmUtils.java:logWarn(192)) - ConfigKey ozone.scm.client.address is deprecated, For configuring different ports for each SCM use PortConfigKey ozone.scm.client.port appended with serviceId and nodeId. If want to configure same port configure ozone.scm.client.port
2024-03-31 12:43:46,687 [main] WARN  scm.ScmUtils (ScmUtils.java:logWarn(192)) - ConfigKey ozone.scm.datanode.address is deprecated, For configuring different ports for each SCM use PortConfigKey ozone.scm.datanode.port appended with serviceId and nodeId. If want to configure same port configure ozone.scm.datanode.port
2024-03-31 12:43:46,687 [main] INFO  ha.SCMHANodeDetails (SCMHANodeDetails.java:loadSCMHAConfig(305)) - Found matching SCM address with SCMServiceId: scmservice, SCMNodeId: scmNode-2, RPC Address: localhost:15212 and Ratis port: 15212
2024-03-31 12:43:46,687 [main] INFO  ha.SCMHANodeDetails (ConfUtils.java:setNodeSpecificConfigs(97)) - Setting configuration key ozone.scm.datanode.address with value of key ozone.scm.datanode.address.scmservice.scmNode-2: 127.0.0.1:15213
2024-03-31 12:43:46,687 [main] INFO  ha.SCMHANodeDetails (ConfUtils.java:setNodeSpecificConfigs(97)) - Setting configuration key ozone.scm.block.client.address with value of key ozone.scm.block.client.address.scmservice.scmNode-2: 127.0.0.1:15216
2024-03-31 12:43:46,687 [main] INFO  ha.SCMHANodeDetails (ConfUtils.java:setNodeSpecificConfigs(97)) - Setting configuration key ozone.scm.client.address with value of key ozone.scm.client.address.scmservice.scmNode-2: 127.0.0.1:15214
2024-03-31 12:43:46,687 [main] INFO  ha.SCMHANodeDetails (ConfUtils.java:setNodeSpecificConfigs(97)) - Setting configuration key ozone.scm.security.service.address with value of key ozone.scm.security.service.address.scmservice.scmNode-2: 127.0.0.1:15211
2024-03-31 12:43:46,687 [main] INFO  ha.SCMHANodeDetails (ConfUtils.java:setNodeSpecificConfigs(97)) - Setting configuration key ozone.scm.ratis.port with value of key ozone.scm.ratis.port.scmservice.scmNode-2: 15212
2024-03-31 12:43:46,687 [main] INFO  ha.SCMHANodeDetails (ConfUtils.java:setNodeSpecificConfigs(97)) - Setting configuration key ozone.scm.grpc.port with value of key ozone.scm.grpc.port.scmservice.scmNode-2: 15215
2024-03-31 12:43:46,688 [main] INFO  ha.SCMHANodeDetails (ConfUtils.java:setNodeSpecificConfigs(97)) - Setting configuration key ozone.scm.http-address with value of key ozone.scm.http-address.scmservice.scmNode-2: 127.0.0.1:15209
2024-03-31 12:43:46,688 [main] INFO  ha.SCMHANodeDetails (ConfUtils.java:setNodeSpecificConfigs(97)) - Setting configuration key ozone.scm.https-address with value of key ozone.scm.https-address.scmservice.scmNode-2: 127.0.0.1:15210
2024-03-31 12:43:46,688 [main] INFO  ha.SCMHANodeDetails (ConfUtils.java:setNodeSpecificConfigs(97)) - Setting configuration key ozone.scm.address with value of key ozone.scm.address.scmservice.scmNode-2: 127.0.0.1
2024-03-31 12:43:46,688 [main] WARN  scm.ScmUtils (ScmUtils.java:logWarn(192)) - ConfigKey ozone.scm.block.client.address is deprecated, For configuring different ports for each SCM use PortConfigKey ozone.scm.block.client.port appended with serviceId and nodeId. If want to configure same port configure ozone.scm.block.client.port
2024-03-31 12:43:46,688 [main] WARN  scm.ScmUtils (ScmUtils.java:logWarn(192)) - ConfigKey ozone.scm.client.address is deprecated, For configuring different ports for each SCM use PortConfigKey ozone.scm.client.port appended with serviceId and nodeId. If want to configure same port configure ozone.scm.client.port
2024-03-31 12:43:46,688 [main] WARN  scm.ScmUtils (ScmUtils.java:logWarn(192)) - ConfigKey ozone.scm.datanode.address is deprecated, For configuring different ports for each SCM use PortConfigKey ozone.scm.datanode.port appended with serviceId and nodeId. If want to configure same port configure ozone.scm.datanode.port
2024-03-31 12:43:46,689 [main] WARN  utils.HAUtils (HAUtils.java:getMetaDir(339)) - ozone.scm.db.dirs is not configured. We recommend adding this setting. Falling back to ozone.metadata.dirs instead.
2024-03-31 12:43:46,689 [main] WARN  db.DBStoreBuilder (DBStoreBuilder.java:applyDBDefinition(171)) - ozone.scm.db.dirs is not configured. We recommend adding this setting. Falling back to ozone.metadata.dirs instead.
2024-03-31 12:43:46,774 [main] INFO  net.NodeSchemaLoader (NodeSchemaLoader.java:loadSchemaFromFile(129)) - Loading schema from [file:/home/runner/work/ozone/ozone/hadoop-hdds/common/target/classes/network-topology-default.xml]
2024-03-31 12:43:46,775 [main] INFO  net.NodeSchemaLoader (NodeSchemaLoader.java:loadSchema(176)) - Loading network topology layer schema file
2024-03-31 12:43:46,776 [main] WARN  dropwizard3.Dm3MetricRegistriesImpl (Dm3MetricRegistriesImpl.java:addReporterRegistration(113)) - New reporters are added after registries were created. Some metrics will be missing from the reporter. Please add reporter before adding any new registry.
2024-03-31 12:43:46,776 [main] WARN  dropwizard3.Dm3MetricRegistriesImpl (Dm3MetricRegistriesImpl.java:addReporterRegistration(113)) - New reporters are added after registries were created. Some metrics will be missing from the reporter. Please add reporter before adding any new registry.
2024-03-31 12:43:46,789 [main] INFO  ha.SCMRatisServerImpl (SCMRatisServerImpl.java:<init>(99)) - starting Raft server for scm:18588cf9-7ad3-4805-910e-ac9333d0abf7
2024-03-31 12:43:46,790 [main] INFO  server.RaftServer (ConfUtils.java:logGet(46)) - raft.rpc.type = GRPC (default)
2024-03-31 12:43:46,790 [main] INFO  grpc.GrpcConfigKeys (ConfUtils.java:logFallback(53)) - raft.grpc.admin.host = null (fallback to raft.grpc.server.host)
2024-03-31 12:43:46,790 [main] INFO  grpc.GrpcConfigKeys (ConfUtils.java:logFallback(53)) - raft.grpc.admin.port = 15212 (fallback to raft.grpc.server.port)
2024-03-31 12:43:46,790 [main] INFO  grpc.GrpcConfigKeys (ConfUtils.java:logFallback(53)) - raft.grpc.client.host = null (fallback to raft.grpc.server.host)
2024-03-31 12:43:46,790 [main] INFO  grpc.GrpcConfigKeys (ConfUtils.java:logFallback(53)) - raft.grpc.client.port = 15212 (fallback to raft.grpc.server.port)
2024-03-31 12:43:46,790 [main] INFO  grpc.GrpcConfigKeys (ConfUtils.java:logGet(46)) - raft.grpc.server.host = null (default)
2024-03-31 12:43:46,790 [main] INFO  grpc.GrpcConfigKeys (ConfUtils.java:logGet(46)) - raft.grpc.server.port = 15212 (custom)
2024-03-31 12:43:46,791 [main] INFO  server.GrpcService (ConfUtils.java:logGet(46)) - raft.grpc.message.size.max = 32m (=33554432) (custom)
2024-03-31 12:43:46,791 [main] INFO  server.RaftServerConfigKeys (ConfUtils.java:logGet(46)) - raft.server.log.appender.buffer.byte-limit = 4194304 (custom)
2024-03-31 12:43:46,791 [main] INFO  server.GrpcService (ConfUtils.java:logGet(46)) - raft.grpc.flow.control.window = 1MB (=1048576) (default)
2024-03-31 12:43:46,791 [main] INFO  server.RaftServerConfigKeys (ConfUtils.java:logGet(46)) - raft.server.rpc.request.timeout = 30000ms (custom)
2024-03-31 12:43:46,791 [main] INFO  grpc.GrpcConfigKeys (ConfUtils.java:logGet(46)) - raft.grpc.server.heartbeat.channel = true (default)
2024-03-31 12:43:46,791 [main] INFO  grpc.GrpcConfigKeys (ConfUtils.java:logGet(46)) - raft.grpc.server.async.request.thread.pool.cached = true (default)
2024-03-31 12:43:46,791 [main] INFO  grpc.GrpcConfigKeys (ConfUtils.java:logGet(46)) - raft.grpc.server.async.request.thread.pool.size = 32 (default)
2024-03-31 12:43:46,792 [main] INFO  impl.DataStreamServerImpl (ConfUtils.java:logGet(46)) - raft.datastream.type = DISABLED (default)
2024-03-31 12:43:46,792 [main] INFO  server.RaftServerConfigKeys (ConfUtils.java:logGet(46)) - raft.server.sleep.deviation.threshold = 300ms (default)
2024-03-31 12:43:46,793 [main] INFO  server.RaftServerConfigKeys (ConfUtils.java:logGet(46)) - raft.server.close.threshold = 60s (default)
2024-03-31 12:43:46,793 [main] INFO  server.RaftServerConfigKeys (ConfUtils.java:logGet(46)) - raft.server.leaderelection.leader.step-down.wait-time = 10s (default)
2024-03-31 12:43:46,793 [main] INFO  server.RaftServerConfigKeys (ConfUtils.java:logGet(46)) - raft.server.storage.dir = [/home/runner/work/ozone/ozone/hadoop-ozone/integration-test/target/test-dir/MiniOzoneClusterImpl-d5b24aea-bde8-4662-982e-e0ba8d88520f/scmNode-2/scm-ha] (custom)
2024-03-31 12:43:46,793 [main] INFO  server.RaftServerConfigKeys (ConfUtils.java:logGet(46)) - raft.server.threadpool.proxy.cached = true (default)
2024-03-31 12:43:46,793 [main] INFO  server.RaftServerConfigKeys (ConfUtils.java:logGet(46)) - raft.server.threadpool.proxy.size = 0 (default)
2024-03-31 12:43:46,794 [main] INFO  server.RaftServer (RaftServerProxy.java:addNew(100)) - 18588cf9-7ad3-4805-910e-ac9333d0abf7: addNew group-E0BA8D88520F:[] returns group-E0BA8D88520F:java.util.concurrent.CompletableFuture@596efec0[Not completed]
2024-03-31 12:43:46,794 [18588cf9-7ad3-4805-910e-ac9333d0abf7-groupManagement] INFO  server.RaftServer$Division (RaftServerImpl.java:<init>(256)) - 18588cf9-7ad3-4805-910e-ac9333d0abf7: new RaftServerImpl for group-E0BA8D88520F:[] with SCMStateMachine:uninitialized
2024-03-31 12:43:46,794 [18588cf9-7ad3-4805-910e-ac9333d0abf7-groupManagement] INFO  server.RaftServerConfigKeys (ConfUtils.java:logGet(46)) - raft.server.rpc.timeout.min = 5000ms (custom)
2024-03-31 12:43:46,794 [18588cf9-7ad3-4805-910e-ac9333d0abf7-groupManagement] INFO  server.RaftServerConfigKeys (ConfUtils.java:logGet(46)) - raft.server.rpc.timeout.max = 5200ms (custom)
2024-03-31 12:43:46,794 [18588cf9-7ad3-4805-910e-ac9333d0abf7-groupManagement] INFO  server.RaftServerConfigKeys (ConfUtils.java:logGet(46)) - raft.server.rpc.sleep.time = 25ms (default)
2024-03-31 12:43:46,794 [18588cf9-7ad3-4805-910e-ac9333d0abf7-groupManagement] INFO  server.RaftServerConfigKeys (ConfUtils.java:logGet(46)) - raft.server.rpc.slowness.timeout = 120000ms (custom)
2024-03-31 12:43:46,794 [18588cf9-7ad3-4805-910e-ac9333d0abf7-groupManagement] INFO  server.RaftServerConfigKeys (ConfUtils.java:logGet(46)) - raft.server.leaderelection.leader.step-down.wait-time = 10s (default)
2024-03-31 12:43:46,794 [18588cf9-7ad3-4805-910e-ac9333d0abf7-groupManagement] INFO  server.RaftServerConfigKeys (ConfUtils.java:logGet(46)) - raft.server.leaderelection.member.majority-add = false (default)
2024-03-31 12:43:46,794 [18588cf9-7ad3-4805-910e-ac9333d0abf7-groupManagement] INFO  server.RaftServerConfigKeys (ConfUtils.java:logGet(46)) - raft.server.sleep.deviation.threshold = 300ms (default)
2024-03-31 12:43:46,794 [18588cf9-7ad3-4805-910e-ac9333d0abf7-groupManagement] INFO  server.RaftServer$Division (ServerState.java:<init>(113)) - 18588cf9-7ad3-4805-910e-ac9333d0abf7@group-E0BA8D88520F: ConfigurationManager, init=-1: peers:[]|listeners:[], old=null, confs=<EMPTY_MAP>
2024-03-31 12:43:46,794 [18588cf9-7ad3-4805-910e-ac9333d0abf7-groupManagement] INFO  server.RaftServerConfigKeys (ConfUtils.java:logGet(46)) - raft.server.notification.no-leader.timeout = 60s (default)
2024-03-31 12:43:46,794 [18588cf9-7ad3-4805-910e-ac9333d0abf7-groupManagement] INFO  server.RaftServerConfigKeys (ConfUtils.java:logGet(46)) - raft.server.read.timeout = 10s (default)
2024-03-31 12:43:46,794 [18588cf9-7ad3-4805-910e-ac9333d0abf7-groupManagement] INFO  server.RaftServerConfigKeys (ConfUtils.java:logGet(46)) - raft.server.retrycache.expirytime = 60000ms (default)
2024-03-31 12:43:46,794 [18588cf9-7ad3-4805-910e-ac9333d0abf7-groupManagement] INFO  server.RaftServerConfigKeys (ConfUtils.java:logGet(46)) - raft.server.retrycache.statistics.expirytime = 100ms (default)
2024-03-31 12:43:46,795 [18588cf9-7ad3-4805-910e-ac9333d0abf7-groupManagement] INFO  server.RaftServerConfigKeys (ConfUtils.java:logGet(46)) - raft.server.read.option = DEFAULT (default)
2024-03-31 12:43:46,795 [18588cf9-7ad3-4805-910e-ac9333d0abf7-groupManagement] INFO  server.RaftServerConfigKeys (ConfUtils.java:logGet(46)) - raft.server.read.read-after-write-consistent.write-index-cache.expiry-time = 60s (default)
2024-03-31 12:43:46,795 [18588cf9-7ad3-4805-910e-ac9333d0abf7-groupManagement] INFO  server.RaftServerConfigKeys (ConfUtils.java:logGet(46)) - raft.server.rpc.request.timeout = 30000ms (custom)
2024-03-31 12:43:46,795 [18588cf9-7ad3-4805-910e-ac9333d0abf7-groupManagement] INFO  server.RaftServerConfigKeys (ConfUtils.java:logGet(46)) - raft.server.log.appender.install.snapshot.enabled = false (custom)
2024-03-31 12:43:46,795 [18588cf9-7ad3-4805-910e-ac9333d0abf7-groupManagement] INFO  server.RaftServerConfigKeys (ConfUtils.java:logGet(46)) - raft.server.threadpool.server.cached = true (default)
2024-03-31 12:43:46,795 [18588cf9-7ad3-4805-910e-ac9333d0abf7-groupManagement] INFO  server.RaftServerConfigKeys (ConfUtils.java:logGet(46)) - raft.server.threadpool.server.size = 0 (default)
2024-03-31 12:43:46,795 [18588cf9-7ad3-4805-910e-ac9333d0abf7-groupManagement] INFO  server.RaftServerConfigKeys (ConfUtils.java:logGet(46)) - raft.server.threadpool.client.cached = true (default)
2024-03-31 12:43:46,795 [18588cf9-7ad3-4805-910e-ac9333d0abf7-groupManagement] INFO  server.RaftServerConfigKeys (ConfUtils.java:logGet(46)) - raft.server.threadpool.client.size = 0 (default)
2024-03-31 12:43:46,796 [main] INFO  ha.SCMSnapshotProvider (SCMSnapshotProvider.java:<init>(66)) - Initializing SCM Snapshot Provider
2024-03-31 12:43:46,796 [main] WARN  server.ServerUtils (ServerUtils.java:getDefaultRatisDirectory(311)) - Storage directory for Ratis is not configured. It is a good idea to map this to an SSD disk. Falling back to ozone.metadata.dirs
2024-03-31 12:43:46,796 [main] WARN  ha.SCMHAUtils (SCMHAUtils.java:getSCMRatisSnapshotDirectory(158)) - SCM snapshot dir is not configured. Falling back to ozone.metadata.dirs config
2024-03-31 12:43:46,797 [main] INFO  upgrade.AbstractLayoutVersionManager (AbstractLayoutVersionManager.java:init(83)) - Initializing Layout version manager with metadata layout = INITIAL_VERSION (version = 0), software layout = HADOOP_PRC_PORTS_IN_DATANODEDETAILS (version = 7)
2024-03-31 12:43:46,798 [main] INFO  upgrade.HDDSLayoutVersionManager (HDDSLayoutVersionManager.java:lambda$registerUpgradeActions$0(85)) - Registering Upgrade Action : ScmOnFinalizeActionForDatanodeSchemaV2
2024-03-31 12:43:46,798 [main] INFO  upgrade.HDDSLayoutVersionManager (HDDSLayoutVersionManager.java:lambda$registerUpgradeActions$0(85)) - Registering Upgrade Action : DatanodeSchemaV3FinalizeAction
2024-03-31 12:43:46,798 [main] INFO  upgrade.HDDSLayoutVersionManager (HDDSLayoutVersionManager.java:lambda$registerUpgradeActions$0(85)) - Registering Upgrade Action : ScmHAFinalizeUpgradeActionDatanode
2024-03-31 12:43:46,798 [main] INFO  upgrade.HDDSLayoutVersionManager (HDDSLayoutVersionManager.java:lambda$registerUpgradeActions$0(85)) - Registering Upgrade Action : ScmHAUnfinalizedStateValidationAction
2024-03-31 12:43:46,798 [main] INFO  upgrade.HDDSLayoutVersionManager (HDDSLayoutVersionManager.java:lambda$registerUpgradeActions$0(85)) - Registering Upgrade Action : DatanodeSchemaV2FinalizeAction
2024-03-31 12:43:46,799 [main] INFO  ha.SequenceIdGenerator (SequenceIdGenerator.java:upgradeToSequenceId(370)) - upgrade localId to 113750153625600000
2024-03-31 12:43:46,800 [main] INFO  ha.SequenceIdGenerator (SequenceIdGenerator.java:upgradeToSequenceId(380)) - upgrade delTxnId to 0
2024-03-31 12:43:46,801 [main] INFO  ha.SequenceIdGenerator (SequenceIdGenerator.java:upgradeToSequenceId(397)) - upgrade containerId to 0
2024-03-31 12:43:46,802 [main] INFO  ha.SequenceIdGenerator (SequenceIdGenerator.java:upgradeToCertificateSequenceId(444)) - upgrade CertificateId to 2
2024-03-31 12:43:46,802 [main] INFO  ha.SequenceIdGenerator (SequenceIdGenerator.java:<init>(241)) - Init the HA SequenceIdGenerator.
2024-03-31 12:43:46,802 [main] WARN  server.ServerUtils (ServerUtils.java:sanitizeUserArgs(79)) - ozone.scm.stale.node.interval value = 300000 is larger than max = 100000 based on the key value of ozone.scm.heartbeat.thread.interval, reset to the max value 100000.
2024-03-31 12:43:46,803 [main] WARN  server.ServerUtils (ServerUtils.java:sanitizeUserArgs(79)) - ozone.scm.stale.node.interval value = 300000 is larger than max = 100000 based on the key value of ozone.scm.heartbeat.thread.interval, reset to the max value 100000.
2024-03-31 12:43:46,803 [main] INFO  node.SCMNodeManager (SCMNodeManager.java:<init>(177)) - Entering startup safe mode.
2024-03-31 12:43:46,803 [main] INFO  algorithms.ContainerPlacementPolicyFactory (ContainerPlacementPolicyFactory.java:getPolicyInternal(86)) - Create container placement policy of type org.apache.hadoop.hdds.scm.container.placement.algorithms.SCMContainerPlacementRackAware
2024-03-31 12:43:46,803 [main] INFO  algorithms.ContainerPlacementPolicyFactory (ContainerPlacementPolicyFactory.java:getPolicyInternal(86)) - Create container placement policy of type org.apache.hadoop.hdds.scm.container.placement.algorithms.SCMContainerPlacementRackScatter
2024-03-31 12:43:46,804 [main] INFO  pipeline.PipelineStateManagerImpl (PipelineStateManagerImpl.java:initialize(78)) - No pipeline exists in current db
2024-03-31 12:43:46,804 [main] INFO  algorithms.LeaderChoosePolicyFactory (LeaderChoosePolicyFactory.java:getPolicy(57)) - Create leader choose policy of type org.apache.hadoop.hdds.scm.pipeline.leader.choose.algorithms.MinLeaderCountChoosePolicy
2024-03-31 12:43:46,804 [main] INFO  algorithms.ContainerPlacementPolicyFactory (ContainerPlacementPolicyFactory.java:getPolicyInternal(86)) - Create container placement policy of type org.apache.hadoop.hdds.scm.container.placement.algorithms.SCMContainerPlacementRackScatter
2024-03-31 12:43:46,804 [main] INFO  ha.SCMServiceManager (SCMServiceManager.java:register(42)) - Registering service BackgroundPipelineCreator.
2024-03-31 12:43:46,804 [main] INFO  pipeline.BackgroundPipelineCreator (BackgroundPipelineCreator.java:start(127)) - Starting scmNode-2-RatisPipelineUtilsThread.
2024-03-31 12:43:46,805 [main] INFO  BackgroundPipelineScrubber (BackgroundSCMService.java:start(65)) - Starting BackgroundPipelineScrubber Service.
2024-03-31 12:43:46,805 [main] INFO  ha.SCMServiceManager (SCMServiceManager.java:register(42)) - Registering service BackgroundPipelineScrubber.
2024-03-31 12:43:46,805 [main] INFO  ExpiredContainerReplicaOpScrubber (BackgroundSCMService.java:start(65)) - Starting ExpiredContainerReplicaOpScrubber Service.
2024-03-31 12:43:46,805 [main] INFO  ha.SCMServiceManager (SCMServiceManager.java:register(42)) - Registering service ExpiredContainerReplicaOpScrubber.
2024-03-31 12:43:46,807 [main] INFO  algorithms.PipelineChoosePolicyFactory (PipelineChoosePolicyFactory.java:createPipelineChoosePolicyFromClass(80)) - Create pipeline choose policy of type org.apache.hadoop.hdds.scm.pipeline.choose.algorithms.RandomPipelineChoosePolicy
2024-03-31 12:43:46,807 [main] INFO  algorithms.PipelineChoosePolicyFactory (PipelineChoosePolicyFactory.java:createPipelineChoosePolicyFromClass(80)) - Create pipeline choose policy of type org.apache.hadoop.hdds.scm.pipeline.choose.algorithms.RandomPipelineChoosePolicy
2024-03-31 12:43:46,808 [main] INFO  ha.SCMServiceManager (SCMServiceManager.java:register(42)) - Registering service SCMBlockDeletingService.
2024-03-31 12:43:46,808 [main] INFO  replication.ReplicationManager (ReplicationManager.java:start(295)) - Starting Replication Monitor Thread.
2024-03-31 12:43:46,809 [scmNode-2-ReplicationMonitor] INFO  replication.ReplicationManager (ReplicationManager.java:processAll(371)) - Replication Manager is not ready to run until 3000ms after safemode exit
2024-03-31 12:43:46,809 [main] INFO  ha.SCMServiceManager (SCMServiceManager.java:register(42)) - Registering service ReplicationManager.
2024-03-31 12:43:46,810 [main] INFO  safemode.ContainerSafeModeRule (ContainerSafeModeRule.java:<init>(91)) - containers with one replica threshold count 0
2024-03-31 12:43:46,810 [main] INFO  safemode.HealthyPipelineSafeModeRule (HealthyPipelineSafeModeRule.java:initializeRule(176)) - Total pipeline count is 0, healthy pipeline threshold count is 1
2024-03-31 12:43:46,810 [main] INFO  safemode.OneReplicaPipelineSafeModeRule (OneReplicaPipelineSafeModeRule.java:initializeRule(193)) - Total pipeline count is 0, pipeline's with at least one datanode reported threshold count is 0
2024-03-31 12:43:46,810 [main] INFO  server.StorageContainerManager (StorageContainerManager.java:<init>(440)) - SCM start with adminUsers: [runner]
2024-03-31 12:43:46,811 [main] INFO  ipc.CallQueueManager (CallQueueManager.java:<init>(90)) - Using callQueue: class java.util.concurrent.LinkedBlockingQueue, queueCapacity: 10000, scheduler: class org.apache.hadoop.ipc.DefaultRpcScheduler, ipcBackoff: false.
2024-03-31 12:43:46,811 [main] INFO  ipc.Server (Server.java:<init>(1287)) - Listener at 0.0.0.0:15213
2024-03-31 12:43:46,811 [Socket Reader #1 for port 15213] INFO  ipc.Server (Server.java:run(1323)) - Starting Socket Reader #1 for port 15213
2024-03-31 12:43:46,814 [main] INFO  ipc.CallQueueManager (CallQueueManager.java:<init>(90)) - Using callQueue: class java.util.concurrent.LinkedBlockingQueue, queueCapacity: 10000, scheduler: class org.apache.hadoop.ipc.DefaultRpcScheduler, ipcBackoff: false.
2024-03-31 12:43:46,814 [main] INFO  ipc.Server (Server.java:<init>(1287)) - Listener at 0.0.0.0:15216
2024-03-31 12:43:46,815 [Socket Reader #1 for port 15216] INFO  ipc.Server (Server.java:run(1323)) - Starting Socket Reader #1 for port 15216
2024-03-31 12:43:46,816 [main] INFO  ipc.CallQueueManager (CallQueueManager.java:<init>(90)) - Using callQueue: class java.util.concurrent.LinkedBlockingQueue, queueCapacity: 10000, scheduler: class org.apache.hadoop.ipc.DefaultRpcScheduler, ipcBackoff: false.
2024-03-31 12:43:46,816 [main] INFO  ipc.Server (Server.java:<init>(1287)) - Listener at 0.0.0.0:15214
2024-03-31 12:43:46,816 [Socket Reader #1 for port 15214] INFO  ipc.Server (Server.java:run(1323)) - Starting Socket Reader #1 for port 15214
2024-03-31 12:43:46,820 [main] INFO  ha.SCMServiceManager (SCMServiceManager.java:register(42)) - Registering service ContainerBalancer.
2024-03-31 12:43:46,820 [main] INFO  ha.SCMContext (SCMContext.java:updateSafeModeStatus(225)) - Update SafeModeStatus from SafeModeStatus{safeModeStatus=true, preCheckPassed=false} to SafeModeStatus{safeModeStatus=true, preCheckPassed=false}.
2024-03-31 12:43:46,820 [main] INFO  upgrade.UpgradeFinalizer (BasicUpgradeFinalizer.java:runPrefinalizeStateActions(282)) - Running pre-finalized state validations for unfinalized layout features.
2024-03-31 12:43:46,820 [main] INFO  upgrade.UpgradeFinalizer (BasicUpgradeFinalizer.java:runValidationAction(311)) - Executing pre finalize state validation ScmHAUnfinalizedStateValidationAction
2024-03-31 12:43:46,820 [main] INFO  upgrade.UpgradeFinalizer (BasicUpgradeFinalizer.java:runPrefinalizeStateActions(295)) - Running first upgrade commands for unfinalized layout features.
2024-03-31 12:43:46,821 [main] INFO  server.StorageContainerManager (StorageContainerManager.java:start(1545)) - StorageContainerLocationProtocol RPC server is listening at /0.0.0.0:15214
2024-03-31 12:43:46,821 [main] INFO  ha.SCMRatisServerImpl (SCMRatisServerImpl.java:start(192)) - starting ratis server 0.0.0.0:15212
2024-03-31 12:43:46,821 [18588cf9-7ad3-4805-910e-ac9333d0abf7-impl-thread1] INFO  server.RaftServerConfigKeys (ConfUtils.java:logGet(46)) - raft.server.storage.free-space.min = 0MB (=0) (default)
2024-03-31 12:43:46,821 [18588cf9-7ad3-4805-910e-ac9333d0abf7-impl-thread1] INFO  server.RaftServerConfigKeys (ConfUtils.java:logGet(46)) - raft.server.log.corruption.policy = EXCEPTION (default)
2024-03-31 12:43:46,821 [18588cf9-7ad3-4805-910e-ac9333d0abf7-impl-thread1] INFO  server.RaftServerConfigKeys (ConfUtils.java:logGet(46)) - raft.server.storage.dir = [/home/runner/work/ozone/ozone/hadoop-ozone/integration-test/target/test-dir/MiniOzoneClusterImpl-d5b24aea-bde8-4662-982e-e0ba8d88520f/scmNode-2/scm-ha] (custom)
2024-03-31 12:43:46,821 [18588cf9-7ad3-4805-910e-ac9333d0abf7-impl-thread1] INFO  storage.RaftStorageDirectory (RaftStorageDirectoryImpl.java:analyzeStorage(138)) - The storage directory /home/runner/work/ozone/ozone/hadoop-ozone/integration-test/target/test-dir/MiniOzoneClusterImpl-d5b24aea-bde8-4662-982e-e0ba8d88520f/scmNode-2/scm-ha/d5b24aea-bde8-4662-982e-e0ba8d88520f does not exist. Creating ...
2024-03-31 12:43:46,822 [18588cf9-7ad3-4805-910e-ac9333d0abf7-impl-thread1] INFO  storage.RaftStorageDirectory (RaftStorageDirectoryImpl.java:tryLock(228)) - Lock on /home/runner/work/ozone/ozone/hadoop-ozone/integration-test/target/test-dir/MiniOzoneClusterImpl-d5b24aea-bde8-4662-982e-e0ba8d88520f/scmNode-2/scm-ha/d5b24aea-bde8-4662-982e-e0ba8d88520f/in_use.lock acquired by nodename 21933@fv-az1209-424
2024-03-31 12:43:46,823 [18588cf9-7ad3-4805-910e-ac9333d0abf7-impl-thread1] INFO  storage.RaftStorage (RaftStorageImpl.java:format(99)) - Storage directory /home/runner/work/ozone/ozone/hadoop-ozone/integration-test/target/test-dir/MiniOzoneClusterImpl-d5b24aea-bde8-4662-982e-e0ba8d88520f/scmNode-2/scm-ha/d5b24aea-bde8-4662-982e-e0ba8d88520f has been successfully formatted.
2024-03-31 12:43:46,824 [18588cf9-7ad3-4805-910e-ac9333d0abf7-impl-thread1] WARN  util.FileUtils (LogUtils.java:supplyAndLog(63)) - Failed to Files.newInputStream /home/runner/work/ozone/ozone/hadoop-ozone/integration-test/target/test-dir/MiniOzoneClusterImpl-d5b24aea-bde8-4662-982e-e0ba8d88520f/scmNode-2/scm-ha/d5b24aea-bde8-4662-982e-e0ba8d88520f/current/raft-meta.conf with options []: java.nio.file.NoSuchFileException: /home/runner/work/ozone/ozone/hadoop-ozone/integration-test/target/test-dir/MiniOzoneClusterImpl-d5b24aea-bde8-4662-982e-e0ba8d88520f/scmNode-2/scm-ha/d5b24aea-bde8-4662-982e-e0ba8d88520f/current/raft-meta.conf
2024-03-31 12:43:46,824 [18588cf9-7ad3-4805-910e-ac9333d0abf7-impl-thread1] INFO  server.RaftServerConfigKeys (ConfUtils.java:logGet(46)) - raft.server.log.use.memory = false (default)
2024-03-31 12:43:46,824 [18588cf9-7ad3-4805-910e-ac9333d0abf7-impl-thread1] INFO  server.RaftServerConfigKeys (ConfUtils.java:logGet(46)) - raft.server.log.purge.gap = 5 (custom)
2024-03-31 12:43:46,824 [18588cf9-7ad3-4805-910e-ac9333d0abf7-impl-thread1] INFO  server.RaftServerConfigKeys (ConfUtils.java:logGet(46)) - raft.server.log.appender.buffer.byte-limit = 4194304 (custom)
2024-03-31 12:43:46,824 [18588cf9-7ad3-4805-910e-ac9333d0abf7-impl-thread1] INFO  server.RaftServerConfigKeys (ConfUtils.java:logGet(46)) - raft.server.log.statemachine.data.read.timeout = 1000ms (default)
2024-03-31 12:43:46,824 [18588cf9-7ad3-4805-910e-ac9333d0abf7-impl-thread1] INFO  server.RaftServerConfigKeys (ConfUtils.java:logGet(46)) - raft.server.log.purge.preservation.log.num = 0 (default)
2024-03-31 12:43:46,824 [18588cf9-7ad3-4805-910e-ac9333d0abf7-impl-thread1] INFO  server.RaftServerConfigKeys (ConfUtils.java:logGet(46)) - raft.server.log.segment.size.max = 4194304 (custom)
2024-03-31 12:43:46,824 [18588cf9-7ad3-4805-910e-ac9333d0abf7-impl-thread1] INFO  server.RaftServerConfigKeys (ConfUtils.java:logGet(46)) - raft.server.log.segment.cache.num.max = 2 (custom)
2024-03-31 12:43:46,824 [18588cf9-7ad3-4805-910e-ac9333d0abf7-impl-thread1] INFO  server.RaftServerConfigKeys (ConfUtils.java:logGet(46)) - raft.server.log.segment.cache.size.max = 200MB (=209715200) (default)
2024-03-31 12:43:46,825 [18588cf9-7ad3-4805-910e-ac9333d0abf7-impl-thread1] INFO  server.RaftServerConfigKeys (ConfUtils.java:logGet(46)) - raft.server.log.appender.buffer.byte-limit = 4194304 (custom)
2024-03-31 12:43:46,825 [18588cf9-7ad3-4805-910e-ac9333d0abf7-impl-thread1] INFO  util.AwaitToRun (AwaitToRun.java:start(81)) - Thread[18588cf9-7ad3-4805-910e-ac9333d0abf7@group-E0BA8D88520F-cacheEviction-AwaitToRun,5,main] started
2024-03-31 12:43:46,825 [18588cf9-7ad3-4805-910e-ac9333d0abf7-impl-thread1] INFO  segmented.SegmentedRaftLogWorker (SegmentedRaftLogWorker.java:<init>(182)) - new 18588cf9-7ad3-4805-910e-ac9333d0abf7@group-E0BA8D88520F-SegmentedRaftLogWorker for RaftStorageImpl:Storage Directory /home/runner/work/ozone/ozone/hadoop-ozone/integration-test/target/test-dir/MiniOzoneClusterImpl-d5b24aea-bde8-4662-982e-e0ba8d88520f/scmNode-2/scm-ha/d5b24aea-bde8-4662-982e-e0ba8d88520f
2024-03-31 12:43:46,825 [18588cf9-7ad3-4805-910e-ac9333d0abf7-impl-thread1] INFO  server.RaftServerConfigKeys (ConfUtils.java:logGet(46)) - raft.server.log.queue.byte-limit = 64MB (=67108864) (default)
2024-03-31 12:43:46,825 [18588cf9-7ad3-4805-910e-ac9333d0abf7-impl-thread1] INFO  server.RaftServerConfigKeys (ConfUtils.java:logGet(46)) - raft.server.log.queue.element-limit = 4096 (default)
2024-03-31 12:43:46,825 [18588cf9-7ad3-4805-910e-ac9333d0abf7-impl-thread1] INFO  server.RaftServerConfigKeys (ConfUtils.java:logGet(46)) - raft.server.log.segment.size.max = 4194304 (custom)
2024-03-31 12:43:46,825 [18588cf9-7ad3-4805-910e-ac9333d0abf7-impl-thread1] INFO  server.RaftServerConfigKeys (ConfUtils.java:logGet(46)) - raft.server.log.preallocated.size = 4194304 (custom)
2024-03-31 12:43:46,825 [18588cf9-7ad3-4805-910e-ac9333d0abf7-impl-thread1] INFO  server.RaftServerConfigKeys (ConfUtils.java:logGet(46)) - raft.server.log.force.sync.num = 128 (default)
2024-03-31 12:43:46,825 [18588cf9-7ad3-4805-910e-ac9333d0abf7-impl-thread1] INFO  server.RaftServerConfigKeys (ConfUtils.java:logGet(46)) - raft.server.log.statemachine.data.sync = true (default)
2024-03-31 12:43:46,825 [18588cf9-7ad3-4805-910e-ac9333d0abf7-impl-thread1] INFO  server.RaftServerConfigKeys (ConfUtils.java:logGet(46)) - raft.server.log.statemachine.data.sync.timeout = 10s (default)
2024-03-31 12:43:46,825 [18588cf9-7ad3-4805-910e-ac9333d0abf7-impl-thread1] INFO  server.RaftServerConfigKeys (ConfUtils.java:logGet(46)) - raft.server.log.statemachine.data.sync.timeout.retry = -1 (default)
2024-03-31 12:43:46,825 [18588cf9-7ad3-4805-910e-ac9333d0abf7-impl-thread1] INFO  server.RaftServerConfigKeys (ConfUtils.java:logGet(46)) - raft.server.log.write.buffer.size = 4194312 (custom)
2024-03-31 12:43:46,826 [18588cf9-7ad3-4805-910e-ac9333d0abf7-impl-thread1] INFO  server.RaftServerConfigKeys (ConfUtils.java:logGet(46)) - raft.server.log.appender.buffer.byte-limit = 4194304 (custom)
2024-03-31 12:43:46,826 [18588cf9-7ad3-4805-910e-ac9333d0abf7-impl-thread1] INFO  server.RaftServerConfigKeys (ConfUtils.java:logGet(46)) - raft.server.log.unsafe-flush.enabled = false (default)
2024-03-31 12:43:46,826 [18588cf9-7ad3-4805-910e-ac9333d0abf7-impl-thread1] INFO  server.RaftServerConfigKeys (ConfUtils.java:logGet(46)) - raft.server.log.async-flush.enabled = false (default)
2024-03-31 12:43:46,826 [18588cf9-7ad3-4805-910e-ac9333d0abf7-impl-thread1] INFO  server.RaftServerConfigKeys (ConfUtils.java:logGet(46)) - raft.server.log.statemachine.data.caching.enabled = false (default)
2024-03-31 12:43:46,826 [18588cf9-7ad3-4805-910e-ac9333d0abf7-impl-thread1] INFO  segmented.SegmentedRaftLogWorker (SegmentedRaftLogWorker.java:lambda$new$0(134)) - 18588cf9-7ad3-4805-910e-ac9333d0abf7@group-E0BA8D88520F-SegmentedRaftLogWorker: flushIndex: setUnconditionally 0 -> -1
2024-03-31 12:43:46,826 [18588cf9-7ad3-4805-910e-ac9333d0abf7-impl-thread1] INFO  segmented.SegmentedRaftLogWorker (SegmentedRaftLogWorker.java:lambda$new$0(134)) - 18588cf9-7ad3-4805-910e-ac9333d0abf7@group-E0BA8D88520F-SegmentedRaftLogWorker: safeCacheEvictIndex: setUnconditionally 0 -> -1
2024-03-31 12:43:46,827 [18588cf9-7ad3-4805-910e-ac9333d0abf7-impl-thread1] INFO  server.RaftServer$Division (RaftServerImpl.java:start(402)) - 18588cf9-7ad3-4805-910e-ac9333d0abf7@group-E0BA8D88520F: start with initializing state, conf=-1: peers:[]|listeners:[], old=null
2024-03-31 12:43:46,827 [18588cf9-7ad3-4805-910e-ac9333d0abf7-impl-thread1] INFO  server.RaftServer$Division (RaftServerImpl.java:setRole(383)) - 18588cf9-7ad3-4805-910e-ac9333d0abf7@group-E0BA8D88520F: changes role from      null to FOLLOWER at term 0 for startInitializing
2024-03-31 12:43:46,827 [18588cf9-7ad3-4805-910e-ac9333d0abf7-impl-thread1] INFO  util.JmxRegister (JmxRegister.java:tryRegister(44)) - Successfully registered JMX Bean with object name Ratis:service=RaftServer,group=group-E0BA8D88520F,id=18588cf9-7ad3-4805-910e-ac9333d0abf7
2024-03-31 12:43:46,827 [18588cf9-7ad3-4805-910e-ac9333d0abf7-impl-thread1] INFO  server.RaftServerConfigKeys (ConfUtils.java:logGet(46)) - raft.server.snapshot.trigger-when-stop.enabled = true (default)
2024-03-31 12:43:46,827 [18588cf9-7ad3-4805-910e-ac9333d0abf7-impl-thread1] INFO  server.RaftServerConfigKeys (ConfUtils.java:logGet(46)) - raft.server.snapshot.auto.trigger.enabled = true (custom)
2024-03-31 12:43:46,827 [18588cf9-7ad3-4805-910e-ac9333d0abf7-impl-thread1] INFO  server.RaftServerConfigKeys (ConfUtils.java:logGet(46)) - raft.server.snapshot.auto.trigger.threshold = 5 (custom)
2024-03-31 12:43:46,827 [18588cf9-7ad3-4805-910e-ac9333d0abf7-impl-thread1] INFO  server.RaftServerConfigKeys (ConfUtils.java:logGet(46)) - raft.server.snapshot.retention.file.num = -1 (default)
2024-03-31 12:43:46,827 [18588cf9-7ad3-4805-910e-ac9333d0abf7-impl-thread1] INFO  server.RaftServerConfigKeys (ConfUtils.java:logGet(46)) - raft.server.log.purge.upto.snapshot.index = true (custom)
2024-03-31 12:43:46,827 [main] INFO  server.RaftServer (RaftServerProxy.java:startImpl(406)) - 18588cf9-7ad3-4805-910e-ac9333d0abf7: start RPC server
2024-03-31 12:43:46,828 [main] INFO  server.GrpcService (GrpcService.java:startImpl(302)) - 18588cf9-7ad3-4805-910e-ac9333d0abf7: GrpcService started, listening on 15212
2024-03-31 12:43:46,828 [JvmPauseMonitor29] INFO  util.JvmPauseMonitor (JvmPauseMonitor.java:run(146)) - JvmPauseMonitor-18588cf9-7ad3-4805-910e-ac9333d0abf7: Started
2024-03-31 12:43:46,829 [main] INFO  ha.SCMNodeInfo (SCMNodeInfo.java:getPort(197)) - ConfigKey ozone.scm.client.address is deprecated, For configuring different ports for each SCM use PortConfigKey ozone.scm.client.port appended with serviceId and nodeId
2024-03-31 12:43:46,829 [main] INFO  ha.SCMNodeInfo (SCMNodeInfo.java:getPort(197)) - ConfigKey ozone.scm.block.client.address is deprecated, For configuring different ports for each SCM use PortConfigKey ozone.scm.block.client.port appended with serviceId and nodeId
2024-03-31 12:43:46,829 [main] INFO  ha.SCMNodeInfo (SCMNodeInfo.java:getPort(197)) - ConfigKey ozone.scm.security.service.address is deprecated, For configuring different ports for each SCM use PortConfigKey ozone.scm.security.service.port appended with serviceId and nodeId
2024-03-31 12:43:46,829 [main] INFO  ha.SCMNodeInfo (SCMNodeInfo.java:getPort(197)) - ConfigKey ozone.scm.datanode.address is deprecated, For configuring different ports for each SCM use PortConfigKey ozone.scm.datanode.port appended with serviceId and nodeId
2024-03-31 12:43:46,829 [main] INFO  ha.SCMNodeInfo (SCMNodeInfo.java:getPort(197)) - ConfigKey ozone.scm.client.address is deprecated, For configuring different ports for each SCM use PortConfigKey ozone.scm.client.port appended with serviceId and nodeId
2024-03-31 12:43:46,829 [main] INFO  ha.SCMNodeInfo (SCMNodeInfo.java:getPort(197)) - ConfigKey ozone.scm.block.client.address is deprecated, For configuring different ports for each SCM use PortConfigKey ozone.scm.block.client.port appended with serviceId and nodeId
2024-03-31 12:43:46,829 [main] INFO  ha.SCMNodeInfo (SCMNodeInfo.java:getPort(197)) - ConfigKey ozone.scm.security.service.address is deprecated, For configuring different ports for each SCM use PortConfigKey ozone.scm.security.service.port appended with serviceId and nodeId
2024-03-31 12:43:46,829 [main] INFO  ha.SCMNodeInfo (SCMNodeInfo.java:getPort(197)) - ConfigKey ozone.scm.datanode.address is deprecated, For configuring different ports for each SCM use PortConfigKey ozone.scm.datanode.port appended with serviceId and nodeId
2024-03-31 12:43:46,829 [main] INFO  proxy.SCMBlockLocationFailoverProxyProvider (SCMBlockLocationFailoverProxyProvider.java:<init>(115)) - Created block location fail-over proxy with 2 nodes: [nodeId=scmNode-3,nodeAddress=/127.0.0.1:15224, nodeId=scmNode-1,nodeAddress=/127.0.0.1:15208]
2024-03-31 12:43:46,832 [IPC Server handler 5 on default port 15208] INFO  ha.SCMRatisServerImpl (SCMRatisServerImpl.java:addSCM(319)) - eb332bf5-0069-4d4b-8e41-ccd6e8cc684e: Submitting SetConfiguration request to Ratis server with new SCM peers list: [eb332bf5-0069-4d4b-8e41-ccd6e8cc684e|localhost:15204, 18588cf9-7ad3-4805-910e-ac9333d0abf7|localhost:15212]
2024-03-31 12:43:46,832 [IPC Server handler 5 on default port 15208] INFO  server.RaftServer$Division (RaftServerImpl.java:setConfigurationAsync(1276)) - eb332bf5-0069-4d4b-8e41-ccd6e8cc684e@group-E0BA8D88520F: receive setConfiguration SetConfigurationRequest:client-1E4658203E02->eb332bf5-0069-4d4b-8e41-ccd6e8cc684e@group-E0BA8D88520F, cid=0, seq=null, RW, null, SET_UNCONDITIONALLY, servers:[eb332bf5-0069-4d4b-8e41-ccd6e8cc684e|localhost:15204, 18588cf9-7ad3-4805-910e-ac9333d0abf7|localhost:15212], listeners:[]
2024-03-31 12:43:46,832 [IPC Server handler 5 on default port 15208] INFO  server.RaftServer$Division (LeaderStateImpl.java:startSetConfiguration(488)) - eb332bf5-0069-4d4b-8e41-ccd6e8cc684e@group-E0BA8D88520F-LeaderStateImpl: startSetConfiguration SetConfigurationRequest:client-1E4658203E02->eb332bf5-0069-4d4b-8e41-ccd6e8cc684e@group-E0BA8D88520F, cid=0, seq=null, RW, null, SET_UNCONDITIONALLY, servers:[eb332bf5-0069-4d4b-8e41-ccd6e8cc684e|localhost:15204, 18588cf9-7ad3-4805-910e-ac9333d0abf7|localhost:15212], listeners:[]
2024-03-31 12:43:46,832 [IPC Server handler 5 on default port 15208] INFO  server.RaftServerConfigKeys (ConfUtils.java:logGet(46)) - raft.server.log.appender.snapshot.chunk.size.max = 16MB (=16777216) (default)
2024-03-31 12:43:46,832 [IPC Server handler 5 on default port 15208] INFO  server.RaftServerConfigKeys (ConfUtils.java:logGet(46)) - raft.server.log.appender.buffer.byte-limit = 4194304 (custom)
2024-03-31 12:43:46,832 [IPC Server handler 5 on default port 15208] INFO  server.RaftServerConfigKeys (ConfUtils.java:logGet(46)) - raft.server.log.appender.buffer.element-limit = 1024 (custom)
2024-03-31 12:43:46,833 [IPC Server handler 5 on default port 15208] INFO  server.RaftServerConfigKeys (ConfUtils.java:logGet(46)) - raft.server.log.appender.wait-time.min = 0ms (custom)
2024-03-31 12:43:46,833 [IPC Server handler 5 on default port 15208] INFO  grpc.GrpcConfigKeys (ConfUtils.java:logGet(46)) - raft.grpc.server.leader.outstanding.appends.max = 8 (default)
2024-03-31 12:43:46,833 [IPC Server handler 5 on default port 15208] INFO  server.RaftServerConfigKeys (ConfUtils.java:logGet(46)) - raft.server.rpc.request.timeout = 30000ms (custom)
2024-03-31 12:43:46,833 [IPC Server handler 5 on default port 15208] INFO  grpc.GrpcConfigKeys (ConfUtils.java:logGet(46)) - raft.grpc.server.install_snapshot.request.element-limit = 8 (default)
2024-03-31 12:43:46,833 [IPC Server handler 5 on default port 15208] INFO  grpc.GrpcConfigKeys (ConfUtils.java:logGet(46)) - raft.grpc.server.install_snapshot.request.timeout = 3000ms (default)
2024-03-31 12:43:46,833 [IPC Server handler 5 on default port 15208] INFO  grpc.GrpcConfigKeys (ConfUtils.java:logGet(46)) - raft.grpc.server.log-message.batch.duration = 5s (default)
2024-03-31 12:43:46,833 [IPC Server handler 5 on default port 15208] INFO  server.RaftServerConfigKeys (ConfUtils.java:logGet(46)) - raft.server.log.appender.install.snapshot.enabled = false (custom)
2024-03-31 12:43:46,833 [IPC Server handler 5 on default port 15208] INFO  grpc.GrpcConfigKeys (ConfUtils.java:logGet(46)) - raft.grpc.server.heartbeat.channel = true (default)
2024-03-31 12:43:46,834 [eb332bf5-0069-4d4b-8e41-ccd6e8cc684e@group-E0BA8D88520F->18588cf9-7ad3-4805-910e-ac9333d0abf7-GrpcLogAppender-LogAppenderDaemon] INFO  server.GrpcLogAppender (GrpcLogAppender.java:notifyInstallSnapshot(766)) - eb332bf5-0069-4d4b-8e41-ccd6e8cc684e@group-E0BA8D88520F->18588cf9-7ad3-4805-910e-ac9333d0abf7-GrpcLogAppender: notifyInstallSnapshot with firstAvailable=(t:1, i:0), followerNextIndex=0
2024-03-31 12:43:46,834 [eb332bf5-0069-4d4b-8e41-ccd6e8cc684e@group-E0BA8D88520F->18588cf9-7ad3-4805-910e-ac9333d0abf7-GrpcLogAppender-LogAppenderDaemon] INFO  server.GrpcLogAppender (GrpcLogAppender.java:notifyInstallSnapshot(774)) - eb332bf5-0069-4d4b-8e41-ccd6e8cc684e@group-E0BA8D88520F->18588cf9-7ad3-4805-910e-ac9333d0abf7-GrpcLogAppender: send eb332bf5-0069-4d4b-8e41-ccd6e8cc684e->18588cf9-7ad3-4805-910e-ac9333d0abf7#0-t2,notify:(t:1, i:0)
2024-03-31 12:43:46,834 [eb332bf5-0069-4d4b-8e41-ccd6e8cc684e@group-E0BA8D88520F->18588cf9-7ad3-4805-910e-ac9333d0abf7-GrpcLogAppender-LogAppenderDaemon] INFO  server.GrpcServerProtocolClient (GrpcServerProtocolClient.java:<init>(65)) - Build channel for 18588cf9-7ad3-4805-910e-ac9333d0abf7|localhost:15212
2024-03-31 12:43:46,841 [grpc-default-executor-0] INFO  impl.SnapshotInstallationHandler (SnapshotInstallationHandler.java:installSnapshot(89)) - 18588cf9-7ad3-4805-910e-ac9333d0abf7@group-E0BA8D88520F: receive installSnapshot: eb332bf5-0069-4d4b-8e41-ccd6e8cc684e->18588cf9-7ad3-4805-910e-ac9333d0abf7#0-t2,notify:(t:1, i:0)
2024-03-31 12:43:46,842 [grpc-default-executor-0] INFO  server.RaftServer$Division (RaftServerImpl.java:setFirstElection(574)) - 18588cf9-7ad3-4805-910e-ac9333d0abf7@group-E0BA8D88520F: set firstElectionSinceStartup to false for installSnapshot
2024-03-31 12:43:46,842 [grpc-default-executor-0] INFO  ha.SCMStateMachine (SCMStateMachine.java:notifyLeaderChanged(288)) - leader changed, yet current SCM is still follower.
2024-03-31 12:43:46,842 [grpc-default-executor-0] INFO  server.RaftServer$Division (ServerState.java:setLeader(269)) - 18588cf9-7ad3-4805-910e-ac9333d0abf7@group-E0BA8D88520F: change Leader from null to eb332bf5-0069-4d4b-8e41-ccd6e8cc684e at term 2 for installSnapshot, leader elected after 47ms
2024-03-31 12:43:46,842 [grpc-default-executor-0] INFO  impl.SnapshotInstallationHandler (SnapshotInstallationHandler.java:notifyStateMachineToInstallSnapshot(221)) - 18588cf9-7ad3-4805-910e-ac9333d0abf7@group-E0BA8D88520F: Received notification to install snapshot at index 0
2024-03-31 12:43:46,842 [grpc-default-executor-0] INFO  impl.SnapshotInstallationHandler (SnapshotInstallationHandler.java:notifyStateMachineToInstallSnapshot(230)) - 18588cf9-7ad3-4805-910e-ac9333d0abf7@group-E0BA8D88520F: InstallSnapshot notification result: ALREADY_INSTALLED, current snapshot index: -1
2024-03-31 12:43:46,842 [grpc-default-executor-0] INFO  impl.SnapshotInstallationHandler (SnapshotInstallationHandler.java:installSnapshotImpl(134)) - 18588cf9-7ad3-4805-910e-ac9333d0abf7@group-E0BA8D88520F: set new configuration index: 1
configurationEntry {
  peers {
    id: "eb332bf5-0069-4d4b-8e41-ccd6e8cc684e"
    address: "localhost:15204"
    startupRole: FOLLOWER
  }
}
 from snapshot
2024-03-31 12:43:46,843 [grpc-default-executor-0] INFO  server.RaftServer$Division (ServerState.java:setRaftConf(386)) - 18588cf9-7ad3-4805-910e-ac9333d0abf7@group-E0BA8D88520F: set configuration 1: peers:[eb332bf5-0069-4d4b-8e41-ccd6e8cc684e|localhost:15204]|listeners:[], old=null
2024-03-31 12:43:46,844 [grpc-default-executor-0] INFO  impl.SnapshotInstallationHandler (SnapshotInstallationHandler.java:installSnapshot(100)) - 18588cf9-7ad3-4805-910e-ac9333d0abf7@group-E0BA8D88520F: reply installSnapshot: eb332bf5-0069-4d4b-8e41-ccd6e8cc684e<-18588cf9-7ad3-4805-910e-ac9333d0abf7#0:OK-t0,ALREADY_INSTALLED,snapshotIndex=0
2024-03-31 12:43:46,844 [grpc-default-executor-0] INFO  server.GrpcServerProtocolService (GrpcServerProtocolService.java:onCompleted(157)) - 18588cf9-7ad3-4805-910e-ac9333d0abf7: Completed INSTALL_SNAPSHOT, lastRequest: eb332bf5-0069-4d4b-8e41-ccd6e8cc684e->18588cf9-7ad3-4805-910e-ac9333d0abf7#0-t2,notify:(t:1, i:0)
2024-03-31 12:43:46,844 [grpc-default-executor-0] INFO  server.GrpcServerProtocolService (GrpcServerProtocolService.java:lambda$onCompleted$5(159)) - 18588cf9-7ad3-4805-910e-ac9333d0abf7: Completed INSTALL_SNAPSHOT, lastReply: null
2024-03-31 12:43:46,844 [grpc-default-executor-0] INFO  server.GrpcLogAppender (GrpcLogAppender.java:onNext(625)) - eb332bf5-0069-4d4b-8e41-ccd6e8cc684e@group-E0BA8D88520F->18588cf9-7ad3-4805-910e-ac9333d0abf7-InstallSnapshotResponseHandler: received the first reply eb332bf5-0069-4d4b-8e41-ccd6e8cc684e<-18588cf9-7ad3-4805-910e-ac9333d0abf7#0:OK-t0,ALREADY_INSTALLED,snapshotIndex=0
2024-03-31 12:43:46,844 [grpc-default-executor-0] INFO  server.GrpcLogAppender (GrpcLogAppender.java:onNext(646)) - eb332bf5-0069-4d4b-8e41-ccd6e8cc684e@group-E0BA8D88520F->18588cf9-7ad3-4805-910e-ac9333d0abf7-InstallSnapshotResponseHandler: Follower snapshot is already at index 0.
2024-03-31 12:43:46,844 [grpc-default-executor-0] INFO  leader.FollowerInfo (FollowerInfoImpl.java:info(64)) - eb332bf5-0069-4d4b-8e41-ccd6e8cc684e@group-E0BA8D88520F->18588cf9-7ad3-4805-910e-ac9333d0abf7: matchIndex: setUnconditionally -1 -> 0
2024-03-31 12:43:46,844 [grpc-default-executor-0] INFO  leader.FollowerInfo (FollowerInfoImpl.java:info(64)) - eb332bf5-0069-4d4b-8e41-ccd6e8cc684e@group-E0BA8D88520F->18588cf9-7ad3-4805-910e-ac9333d0abf7: nextIndex: setUnconditionally 0 -> 1
2024-03-31 12:43:46,844 [grpc-default-executor-0] INFO  leader.FollowerInfo (FollowerInfoImpl.java:setAttemptedToInstallSnapshot(154)) - Follower eb332bf5-0069-4d4b-8e41-ccd6e8cc684e@group-E0BA8D88520F->18588cf9-7ad3-4805-910e-ac9333d0abf7 acknowledged installing snapshot
2024-03-31 12:43:46,845 [grpc-default-executor-0] INFO  server.GrpcLogAppender (GrpcLogAppender.java:increaseNextIndex(453)) - eb332bf5-0069-4d4b-8e41-ccd6e8cc684e@group-E0BA8D88520F->18588cf9-7ad3-4805-910e-ac9333d0abf7-GrpcLogAppender: updateNextIndex 1 for ALREADY_INSTALLED
2024-03-31 12:43:46,849 [18588cf9-7ad3-4805-910e-ac9333d0abf7-server-thread1] INFO  server.RaftServer$Division (RaftServerImpl.java:checkInconsistentAppendEntries(1700)) - 18588cf9-7ad3-4805-910e-ac9333d0abf7@group-E0BA8D88520F: Failed appendEntries as previous log entry ((t:1, i:0)) is not found
2024-03-31 12:43:46,849 [18588cf9-7ad3-4805-910e-ac9333d0abf7-server-thread1] INFO  server.RaftServer$Division (RaftServerImpl.java:checkInconsistentAppendEntries(1670)) - 18588cf9-7ad3-4805-910e-ac9333d0abf7@group-E0BA8D88520F: inconsistency entries. Reply:eb332bf5-0069-4d4b-8e41-ccd6e8cc684e<-18588cf9-7ad3-4805-910e-ac9333d0abf7#0:FAIL-t2,INCONSISTENCY,nextIndex=0,followerCommit=-1,matchIndex=-1
2024-03-31 12:43:46,849 [18588cf9-7ad3-4805-910e-ac9333d0abf7-server-thread2] INFO  server.RaftServer$Division (RaftServerImpl.java:checkInconsistentAppendEntries(1700)) - 18588cf9-7ad3-4805-910e-ac9333d0abf7@group-E0BA8D88520F: Failed appendEntries as previous log entry ((t:1, i:0)) is not found
2024-03-31 12:43:46,850 [18588cf9-7ad3-4805-910e-ac9333d0abf7-server-thread2] INFO  server.RaftServer$Division (RaftServerImpl.java:checkInconsistentAppendEntries(1670)) - 18588cf9-7ad3-4805-910e-ac9333d0abf7@group-E0BA8D88520F: inconsistency entries. Reply:eb332bf5-0069-4d4b-8e41-ccd6e8cc684e<-18588cf9-7ad3-4805-910e-ac9333d0abf7#1:FAIL-t2,INCONSISTENCY,nextIndex=0,followerCommit=-1,matchIndex=-1
2024-03-31 12:43:46,850 [grpc-default-executor-1] WARN  server.GrpcLogAppender (GrpcLogAppender.java:onNextImpl(515)) - eb332bf5-0069-4d4b-8e41-ccd6e8cc684e@group-E0BA8D88520F->18588cf9-7ad3-4805-910e-ac9333d0abf7-AppendLogResponseHandler: received INCONSISTENCY reply with nextIndex 0, errorCount=2, request=AppendEntriesRequest:cid=1,entriesCount=2,entries=(t:2, i:1)...(t:2, i:2)
2024-03-31 12:43:46,850 [grpc-default-executor-0] WARN  server.GrpcLogAppender (GrpcLogAppender.java:onNextImpl(515)) - eb332bf5-0069-4d4b-8e41-ccd6e8cc684e@group-E0BA8D88520F->18588cf9-7ad3-4805-910e-ac9333d0abf7-AppendLogResponseHandler: received INCONSISTENCY reply with nextIndex 0, errorCount=1, request=AppendEntriesRequest:cid=0,entriesCount=0
2024-03-31 12:43:46,850 [grpc-default-executor-1] INFO  leader.FollowerInfo (FollowerInfoImpl.java:info(70)) - eb332bf5-0069-4d4b-8e41-ccd6e8cc684e@group-E0BA8D88520F->18588cf9-7ad3-4805-910e-ac9333d0abf7: setNextIndex nextIndex: updateUnconditionally 3 -> 0
2024-03-31 12:43:46,851 [grpc-default-executor-0] INFO  leader.FollowerInfo (FollowerInfoImpl.java:info(70)) - eb332bf5-0069-4d4b-8e41-ccd6e8cc684e@group-E0BA8D88520F->18588cf9-7ad3-4805-910e-ac9333d0abf7: setNextIndex nextIndex: updateUnconditionally 0 -> 1
2024-03-31 12:43:46,852 [18588cf9-7ad3-4805-910e-ac9333d0abf7-server-thread1] INFO  server.RaftServer$Division (RaftServerImpl.java:checkInconsistentAppendEntries(1700)) - 18588cf9-7ad3-4805-910e-ac9333d0abf7@group-E0BA8D88520F: Failed appendEntries as previous log entry ((t:1, i:0)) is not found
2024-03-31 12:43:46,852 [18588cf9-7ad3-4805-910e-ac9333d0abf7-server-thread1] INFO  server.RaftServer$Division (RaftServerImpl.java:checkInconsistentAppendEntries(1670)) - 18588cf9-7ad3-4805-910e-ac9333d0abf7@group-E0BA8D88520F: inconsistency entries. Reply:eb332bf5-0069-4d4b-8e41-ccd6e8cc684e<-18588cf9-7ad3-4805-910e-ac9333d0abf7#2:FAIL-t2,INCONSISTENCY,nextIndex=0,followerCommit=-1,matchIndex=-1
2024-03-31 12:43:46,853 [grpc-default-executor-0] WARN  server.GrpcLogAppender (GrpcLogAppender.java:onNextImpl(515)) - eb332bf5-0069-4d4b-8e41-ccd6e8cc684e@group-E0BA8D88520F->18588cf9-7ad3-4805-910e-ac9333d0abf7-AppendLogResponseHandler: received INCONSISTENCY reply with nextIndex 0, errorCount=3, request=AppendEntriesRequest:cid=2,entriesCount=2,entries=(t:2, i:1)...(t:2, i:2)
2024-03-31 12:43:46,853 [grpc-default-executor-0] INFO  leader.FollowerInfo (FollowerInfoImpl.java:info(70)) - eb332bf5-0069-4d4b-8e41-ccd6e8cc684e@group-E0BA8D88520F->18588cf9-7ad3-4805-910e-ac9333d0abf7: setNextIndex nextIndex: updateUnconditionally 3 -> 0
2024-03-31 12:43:46,853 [18588cf9-7ad3-4805-910e-ac9333d0abf7-server-thread1] INFO  server.RaftServer$Division (ServerState.java:setRaftConf(386)) - 18588cf9-7ad3-4805-910e-ac9333d0abf7@group-E0BA8D88520F: set configuration 0: peers:[eb332bf5-0069-4d4b-8e41-ccd6e8cc684e|localhost:15204]|listeners:[], old=null
2024-03-31 12:43:46,853 [18588cf9-7ad3-4805-910e-ac9333d0abf7-server-thread1] INFO  server.RaftServer$Division (ServerState.java:setRaftConf(386)) - 18588cf9-7ad3-4805-910e-ac9333d0abf7@group-E0BA8D88520F: set configuration 1: peers:[eb332bf5-0069-4d4b-8e41-ccd6e8cc684e|localhost:15204]|listeners:[], old=null
2024-03-31 12:43:46,853 [18588cf9-7ad3-4805-910e-ac9333d0abf7-server-thread1] INFO  segmented.SegmentedRaftLogWorker (SegmentedRaftLogWorker.java:startLogSegment(430)) - 18588cf9-7ad3-4805-910e-ac9333d0abf7@group-E0BA8D88520F-SegmentedRaftLogWorker: Starting segment from index:0
2024-03-31 12:43:46,854 [18588cf9-7ad3-4805-910e-ac9333d0abf7-server-thread1] INFO  segmented.SegmentedRaftLogWorker (SegmentedRaftLogWorker.java:rollLogSegment(435)) - 18588cf9-7ad3-4805-910e-ac9333d0abf7@group-E0BA8D88520F-SegmentedRaftLogWorker: Rolling segment log-0_0 to index:0
2024-03-31 12:43:46,854 [18588cf9-7ad3-4805-910e-ac9333d0abf7@group-E0BA8D88520F-SegmentedRaftLogWorker] INFO  segmented.BufferedWriteChannel (BufferedWriteChannel.java:open(62)) - open log_inprogress_0 at position 0
2024-03-31 12:43:46,862 [18588cf9-7ad3-4805-910e-ac9333d0abf7@group-E0BA8D88520F-SegmentedRaftLogWorker] INFO  segmented.SegmentedRaftLogWorker (SegmentedRaftLogWorker.java:execute(634)) - 18588cf9-7ad3-4805-910e-ac9333d0abf7@group-E0BA8D88520F-SegmentedRaftLogWorker: created new log segment /home/runner/work/ozone/ozone/hadoop-ozone/integration-test/target/test-dir/MiniOzoneClusterImpl-d5b24aea-bde8-4662-982e-e0ba8d88520f/scmNode-2/scm-ha/d5b24aea-bde8-4662-982e-e0ba8d88520f/current/log_inprogress_0
2024-03-31 12:43:46,862 [18588cf9-7ad3-4805-910e-ac9333d0abf7@group-E0BA8D88520F-SegmentedRaftLogWorker] INFO  segmented.SegmentedRaftLogWorker (SegmentedRaftLogWorker.java:execute(591)) - 18588cf9-7ad3-4805-910e-ac9333d0abf7@group-E0BA8D88520F-SegmentedRaftLogWorker: Rolled log segment from /home/runner/work/ozone/ozone/hadoop-ozone/integration-test/target/test-dir/MiniOzoneClusterImpl-d5b24aea-bde8-4662-982e-e0ba8d88520f/scmNode-2/scm-ha/d5b24aea-bde8-4662-982e-e0ba8d88520f/current/log_inprogress_0 to /home/runner/work/ozone/ozone/hadoop-ozone/integration-test/target/test-dir/MiniOzoneClusterImpl-d5b24aea-bde8-4662-982e-e0ba8d88520f/scmNode-2/scm-ha/d5b24aea-bde8-4662-982e-e0ba8d88520f/current/log_0-0
2024-03-31 12:43:46,862 [18588cf9-7ad3-4805-910e-ac9333d0abf7@group-E0BA8D88520F-SegmentedRaftLogWorker] INFO  segmented.BufferedWriteChannel (BufferedWriteChannel.java:open(62)) - open log_inprogress_1 at position 0
2024-03-31 12:43:46,869 [18588cf9-7ad3-4805-910e-ac9333d0abf7@group-E0BA8D88520F-SegmentedRaftLogWorker] INFO  segmented.SegmentedRaftLogWorker (SegmentedRaftLogWorker.java:execute(634)) - 18588cf9-7ad3-4805-910e-ac9333d0abf7@group-E0BA8D88520F-SegmentedRaftLogWorker: created new log segment /home/runner/work/ozone/ozone/hadoop-ozone/integration-test/target/test-dir/MiniOzoneClusterImpl-d5b24aea-bde8-4662-982e-e0ba8d88520f/scmNode-2/scm-ha/d5b24aea-bde8-4662-982e-e0ba8d88520f/current/log_inprogress_1
2024-03-31 12:43:46,871 [eb332bf5-0069-4d4b-8e41-ccd6e8cc684e@group-E0BA8D88520F-LeaderStateImpl] INFO  server.RaftServer$Division (ServerState.java:setRaftConf(386)) - eb332bf5-0069-4d4b-8e41-ccd6e8cc684e@group-E0BA8D88520F: set configuration 3: peers:[18588cf9-7ad3-4805-910e-ac9333d0abf7|localhost:15212, eb332bf5-0069-4d4b-8e41-ccd6e8cc684e|localhost:15204]|listeners:[], old=peers:[eb332bf5-0069-4d4b-8e41-ccd6e8cc684e|localhost:15204]|listeners:[]
2024-03-31 12:43:46,872 [18588cf9-7ad3-4805-910e-ac9333d0abf7-server-thread1] INFO  impl.RoleInfo (RoleInfo.java:updateAndGet(139)) - 18588cf9-7ad3-4805-910e-ac9333d0abf7: start 18588cf9-7ad3-4805-910e-ac9333d0abf7@group-E0BA8D88520F-FollowerState
2024-03-31 12:43:46,872 [18588cf9-7ad3-4805-910e-ac9333d0abf7-server-thread1] INFO  server.RaftServer$Division (ServerState.java:setRaftConf(386)) - 18588cf9-7ad3-4805-910e-ac9333d0abf7@group-E0BA8D88520F: set configuration 3: peers:[18588cf9-7ad3-4805-910e-ac9333d0abf7|localhost:15212, eb332bf5-0069-4d4b-8e41-ccd6e8cc684e|localhost:15204]|listeners:[], old=peers:[eb332bf5-0069-4d4b-8e41-ccd6e8cc684e|localhost:15204]|listeners:[]
2024-03-31 12:43:46,873 [18588cf9-7ad3-4805-910e-ac9333d0abf7@group-E0BA8D88520F-StateMachineUpdater] INFO  safemode.HealthyPipelineSafeModeRule (HealthyPipelineSafeModeRule.java:initializeRule(172)) - Refreshed total pipeline count is 0, healthy pipeline threshold count is 1
2024-03-31 12:43:46,873 [18588cf9-7ad3-4805-910e-ac9333d0abf7@group-E0BA8D88520F-StateMachineUpdater] INFO  safemode.ContainerSafeModeRule (ContainerSafeModeRule.java:reInitializeRule(191)) - Refreshed one replica container threshold 0, currentThreshold 0
2024-03-31 12:43:46,873 [18588cf9-7ad3-4805-910e-ac9333d0abf7@group-E0BA8D88520F-StateMachineUpdater] INFO  safemode.OneReplicaPipelineSafeModeRule (OneReplicaPipelineSafeModeRule.java:initializeRule(189)) - Refreshed Total pipeline count is 0, pipeline's with at least one datanode reported threshold count is 0
2024-03-31 12:43:46,873 [18588cf9-7ad3-4805-910e-ac9333d0abf7@group-E0BA8D88520F-StateMachineUpdater] INFO  server.SCMDatanodeProtocolServer (SCMDatanodeProtocolServer.java:start(194)) - ScmDatanodeProtocol RPC server for DataNodes is listening at /0.0.0.0:15213
2024-03-31 12:43:46,874 [eb332bf5-0069-4d4b-8e41-ccd6e8cc684e@group-E0BA8D88520F-LeaderStateImpl] INFO  server.RaftServer$Division (ServerState.java:setRaftConf(386)) - eb332bf5-0069-4d4b-8e41-ccd6e8cc684e@group-E0BA8D88520F: set configuration 5: peers:[18588cf9-7ad3-4805-910e-ac9333d0abf7|localhost:15212, eb332bf5-0069-4d4b-8e41-ccd6e8cc684e|localhost:15204]|listeners:[], old=null
2024-03-31 12:43:46,874 [IPC Server listener on 15213] INFO  ipc.Server (Server.java:run(1402)) - IPC Server listener on 15213: starting
2024-03-31 12:43:46,875 [18588cf9-7ad3-4805-910e-ac9333d0abf7-server-thread1] INFO  server.RaftServer$Division (ServerState.java:setRaftConf(386)) - 18588cf9-7ad3-4805-910e-ac9333d0abf7@group-E0BA8D88520F: set configuration 5: peers:[18588cf9-7ad3-4805-910e-ac9333d0abf7|localhost:15212, eb332bf5-0069-4d4b-8e41-ccd6e8cc684e|localhost:15204]|listeners:[], old=null
2024-03-31 12:43:46,877 [eb332bf5-0069-4d4b-8e41-ccd6e8cc684e@group-E0BA8D88520F-StateMachineUpdater] INFO  ha.SCMStateMachine (SCMStateMachine.java:takeSnapshot(331)) - Current Snapshot Index 4, takeSnapshot took 0 ms
2024-03-31 12:43:46,877 [eb332bf5-0069-4d4b-8e41-ccd6e8cc684e@group-E0BA8D88520F-StateMachineUpdater] INFO  impl.StateMachineUpdater (StateMachineUpdater.java:takeSnapshot(295)) - eb332bf5-0069-4d4b-8e41-ccd6e8cc684e@group-E0BA8D88520F-StateMachineUpdater: Took a snapshot at index 4
2024-03-31 12:43:46,877 [eb332bf5-0069-4d4b-8e41-ccd6e8cc684e@group-E0BA8D88520F-StateMachineUpdater] INFO  impl.StateMachineUpdater (StateMachineUpdater.java:lambda$new$0(98)) - eb332bf5-0069-4d4b-8e41-ccd6e8cc684e@group-E0BA8D88520F-StateMachineUpdater: snapshotIndex: updateIncreasingly -1 -> 4
2024-03-31 12:43:46,877 [eb332bf5-0069-4d4b-8e41-ccd6e8cc684e@group-E0BA8D88520F-StateMachineUpdater] INFO  raftlog.RaftLog (RaftLogBase.java:purge(330)) - eb332bf5-0069-4d4b-8e41-ccd6e8cc684e@group-E0BA8D88520F-SegmentedRaftLog: purge 4
2024-03-31 12:43:46,879 [eb332bf5-0069-4d4b-8e41-ccd6e8cc684e@group-E0BA8D88520F-StateMachineUpdater] INFO  raftlog.RaftLog (RaftLogBase.java:lambda$new$0(54)) - eb332bf5-0069-4d4b-8e41-ccd6e8cc684e@group-E0BA8D88520F-SegmentedRaftLog: snapshotIndex: updateIncreasingly -1 -> 4
2024-03-31 12:43:46,880 [eb332bf5-0069-4d4b-8e41-ccd6e8cc684e@group-E0BA8D88520F-SegmentedRaftLogWorker] INFO  raftlog.RaftLog (RaftLogBase.java:lambda$new$0(54)) - eb332bf5-0069-4d4b-8e41-ccd6e8cc684e@group-E0BA8D88520F-SegmentedRaftLog: purgeIndex: updateToMax old=-1, new=0, updated? true
2024-03-31 12:43:46,880 [IPC Server Responder] INFO  ipc.Server (Server.java:run(1562)) - IPC Server Responder: starting
2024-03-31 12:43:47,169 [7a853b9e-58fa-41fd-b4c2-0c50e2c3b3eb-EndpointStateMachineTaskThread-/127.0.0.1:15146-0 ] INFO  ipc.Client (Client.java:handleConnectionFailure(950)) - Retrying connect to server: localhost/127.0.0.1:15146. Already tried 6 time(s); retry policy is RetryUpToMaximumCountWithFixedSleep(maxRetries=15, sleepTime=1000 MILLISECONDS)
2024-03-31 12:43:48,169 [7a853b9e-58fa-41fd-b4c2-0c50e2c3b3eb-EndpointStateMachineTaskThread-/127.0.0.1:15146-0 ] INFO  ipc.Client (Client.java:handleConnectionFailure(950)) - Retrying connect to server: localhost/127.0.0.1:15146. Already tried 7 time(s); retry policy is RetryUpToMaximumCountWithFixedSleep(maxRetries=15, sleepTime=1000 MILLISECONDS)
2024-03-31 12:43:49,170 [7a853b9e-58fa-41fd-b4c2-0c50e2c3b3eb-EndpointStateMachineTaskThread-/127.0.0.1:15146-0 ] INFO  ipc.Client (Client.java:handleConnectionFailure(950)) - Retrying connect to server: localhost/127.0.0.1:15146. Already tried 8 time(s); retry policy is RetryUpToMaximumCountWithFixedSleep(maxRetries=15, sleepTime=1000 MILLISECONDS)
2024-03-31 12:43:49,376 [18588cf9-7ad3-4805-910e-ac9333d0abf7@group-E0BA8D88520F-StateMachineUpdater] INFO  ha.SCMStateMachine (SCMStateMachine.java:takeSnapshot(331)) - Current Snapshot Index 4, takeSnapshot took 1 ms
2024-03-31 12:43:49,376 [18588cf9-7ad3-4805-910e-ac9333d0abf7@group-E0BA8D88520F-StateMachineUpdater] INFO  impl.StateMachineUpdater (StateMachineUpdater.java:takeSnapshot(295)) - 18588cf9-7ad3-4805-910e-ac9333d0abf7@group-E0BA8D88520F-StateMachineUpdater: Took a snapshot at index 4
2024-03-31 12:43:49,376 [18588cf9-7ad3-4805-910e-ac9333d0abf7@group-E0BA8D88520F-StateMachineUpdater] INFO  impl.StateMachineUpdater (StateMachineUpdater.java:lambda$new$0(98)) - 18588cf9-7ad3-4805-910e-ac9333d0abf7@group-E0BA8D88520F-StateMachineUpdater: snapshotIndex: updateIncreasingly -1 -> 4
2024-03-31 12:43:49,376 [18588cf9-7ad3-4805-910e-ac9333d0abf7@group-E0BA8D88520F-StateMachineUpdater] INFO  raftlog.RaftLog (RaftLogBase.java:purge(330)) - 18588cf9-7ad3-4805-910e-ac9333d0abf7@group-E0BA8D88520F-SegmentedRaftLog: purge 4
2024-03-31 12:43:49,377 [18588cf9-7ad3-4805-910e-ac9333d0abf7@group-E0BA8D88520F-StateMachineUpdater] INFO  raftlog.RaftLog (RaftLogBase.java:lambda$new$0(54)) - 18588cf9-7ad3-4805-910e-ac9333d0abf7@group-E0BA8D88520F-SegmentedRaftLog: snapshotIndex: updateIncreasingly -1 -> 4
2024-03-31 12:43:49,377 [18588cf9-7ad3-4805-910e-ac9333d0abf7@group-E0BA8D88520F-SegmentedRaftLogWorker] INFO  raftlog.RaftLog (RaftLogBase.java:lambda$new$0(54)) - 18588cf9-7ad3-4805-910e-ac9333d0abf7@group-E0BA8D88520F-SegmentedRaftLog: purgeIndex: updateToMax old=-1, new=0, updated? true
2024-03-31 12:43:50,170 [7a853b9e-58fa-41fd-b4c2-0c50e2c3b3eb-EndpointStateMachineTaskThread-/127.0.0.1:15146-0 ] INFO  ipc.Client (Client.java:handleConnectionFailure(950)) - Retrying connect to server: localhost/127.0.0.1:15146. Already tried 9 time(s); retry policy is RetryUpToMaximumCountWithFixedSleep(maxRetries=15, sleepTime=1000 MILLISECONDS)
2024-03-31 12:43:51,171 [7a853b9e-58fa-41fd-b4c2-0c50e2c3b3eb-EndpointStateMachineTaskThread-/127.0.0.1:15146-0 ] INFO  ipc.Client (Client.java:handleConnectionFailure(950)) - Retrying connect to server: localhost/127.0.0.1:15146. Already tried 10 time(s); retry policy is RetryUpToMaximumCountWithFixedSleep(maxRetries=15, sleepTime=1000 MILLISECONDS)
2024-03-31 12:43:52,171 [7a853b9e-58fa-41fd-b4c2-0c50e2c3b3eb-EndpointStateMachineTaskThread-/127.0.0.1:15146-0 ] INFO  ipc.Client (Client.java:handleConnectionFailure(950)) - Retrying connect to server: localhost/127.0.0.1:15146. Already tried 11 time(s); retry policy is RetryUpToMaximumCountWithFixedSleep(maxRetries=15, sleepTime=1000 MILLISECONDS)
2024-03-31 12:43:53,172 [7a853b9e-58fa-41fd-b4c2-0c50e2c3b3eb-EndpointStateMachineTaskThread-/127.0.0.1:15146-0 ] INFO  ipc.Client (Client.java:handleConnectionFailure(950)) - Retrying connect to server: localhost/127.0.0.1:15146. Already tried 12 time(s); retry policy is RetryUpToMaximumCountWithFixedSleep(maxRetries=15, sleepTime=1000 MILLISECONDS)
2024-03-31 12:43:54,172 [7a853b9e-58fa-41fd-b4c2-0c50e2c3b3eb-EndpointStateMachineTaskThread-/127.0.0.1:15146-0 ] INFO  ipc.Client (Client.java:handleConnectionFailure(950)) - Retrying connect to server: localhost/127.0.0.1:15146. Already tried 13 time(s); retry policy is RetryUpToMaximumCountWithFixedSleep(maxRetries=15, sleepTime=1000 MILLISECONDS)
2024-03-31 12:43:55,173 [7a853b9e-58fa-41fd-b4c2-0c50e2c3b3eb-EndpointStateMachineTaskThread-/127.0.0.1:15146-0 ] INFO  ipc.Client (Client.java:handleConnectionFailure(950)) - Retrying connect to server: localhost/127.0.0.1:15146. Already tried 14 time(s); retry policy is RetryUpToMaximumCountWithFixedSleep(maxRetries=15, sleepTime=1000 MILLISECONDS)
2024-03-31 12:43:55,173 [7a853b9e-58fa-41fd-b4c2-0c50e2c3b3eb-EndpointStateMachineTaskThread-/127.0.0.1:15146-0 ] WARN  statemachine.EndpointStateMachine (EndpointStateMachine.java:logIfNeeded(242)) - Unable to communicate to SCM server at localhost:15146 for past 0 seconds.
java.net.ConnectException: Call From fv-az1209-424/10.1.0.6 to localhost:15146 failed on connection exception: java.net.ConnectException: Connection refused; For more details see:  http://wiki.apache.org/hadoop/ConnectionRefused
	at sun.reflect.GeneratedConstructorAccessor60.newInstance(Unknown Source)
	at sun.reflect.DelegatingConstructorAccessorImpl.newInstance(DelegatingConstructorAccessorImpl.java:45)
	at java.lang.reflect.Constructor.newInstance(Constructor.java:423)
	at org.apache.hadoop.net.NetUtils.wrapWithMessage(NetUtils.java:930)
	at org.apache.hadoop.net.NetUtils.wrapException(NetUtils.java:845)
	at org.apache.hadoop.ipc.Client.getRpcResponse(Client.java:1571)
	at org.apache.hadoop.ipc.Client.call(Client.java:1513)
	at org.apache.hadoop.ipc.Client.call(Client.java:1410)
	at org.apache.hadoop.ipc.ProtobufRpcEngine$Invoker.invoke(ProtobufRpcEngine.java:250)
	at org.apache.hadoop.ipc.ProtobufRpcEngine$Invoker.invoke(ProtobufRpcEngine.java:132)
	at com.sun.proxy.$Proxy60.submitRequest(Unknown Source)
	at org.apache.hadoop.ozone.protocolPB.StorageContainerDatanodeProtocolClientSideTranslatorPB.submitRequest(StorageContainerDatanodeProtocolClientSideTranslatorPB.java:117)
	at org.apache.hadoop.ozone.protocolPB.StorageContainerDatanodeProtocolClientSideTranslatorPB.sendHeartbeat(StorageContainerDatanodeProtocolClientSideTranslatorPB.java:149)
	at org.apache.hadoop.ozone.container.common.states.endpoint.HeartbeatEndpointTask.call(HeartbeatEndpointTask.java:183)
	at org.apache.hadoop.ozone.container.common.states.endpoint.HeartbeatEndpointTask.call(HeartbeatEndpointTask.java:87)
	at java.util.concurrent.FutureTask.run(FutureTask.java:266)
	at java.util.concurrent.ThreadPoolExecutor.runWorker(ThreadPoolExecutor.java:1149)
	at java.util.concurrent.ThreadPoolExecutor$Worker.run(ThreadPoolExecutor.java:624)
	at java.lang.Thread.run(Thread.java:750)
Caused by: java.net.ConnectException: Connection refused
	at sun.nio.ch.SocketChannelImpl.checkConnect(Native Method)
	at sun.nio.ch.SocketChannelImpl.finishConnect(SocketChannelImpl.java:716)
	at org.apache.hadoop.net.SocketIOWithTimeout.connect(SocketIOWithTimeout.java:205)
	at org.apache.hadoop.net.NetUtils.connect(NetUtils.java:600)
	at org.apache.hadoop.ipc.Client$Connection.setupConnection(Client.java:652)
	at org.apache.hadoop.ipc.Client$Connection.setupIOstreams(Client.java:773)
	at org.apache.hadoop.ipc.Client$Connection.access$3800(Client.java:347)
	at org.apache.hadoop.ipc.Client.getConnection(Client.java:1632)
	at org.apache.hadoop.ipc.Client.call(Client.java:1457)
	... 12 more
2024-03-31 12:43:56,173 [aeddea9d-93be-4014-8fe2-23c9c4bc7e3d-EndpointStateMachineTaskThread-/127.0.0.1:15146-0 ] INFO  ipc.Client (Client.java:handleConnectionFailure(950)) - Retrying connect to server: localhost/127.0.0.1:15146. Already tried 0 time(s); retry policy is RetryUpToMaximumCountWithFixedSleep(maxRetries=15, sleepTime=1000 MILLISECONDS)
2024-03-31 12:43:57,174 [aeddea9d-93be-4014-8fe2-23c9c4bc7e3d-EndpointStateMachineTaskThread-/127.0.0.1:15146-0 ] INFO  ipc.Client (Client.java:handleConnectionFailure(950)) - Retrying connect to server: localhost/127.0.0.1:15146. Already tried 1 time(s); retry policy is RetryUpToMaximumCountWithFixedSleep(maxRetries=15, sleepTime=1000 MILLISECONDS)
2024-03-31 12:43:58,174 [aeddea9d-93be-4014-8fe2-23c9c4bc7e3d-EndpointStateMachineTaskThread-/127.0.0.1:15146-0 ] INFO  ipc.Client (Client.java:handleConnectionFailure(950)) - Retrying connect to server: localhost/127.0.0.1:15146. Already tried 2 time(s); retry policy is RetryUpToMaximumCountWithFixedSleep(maxRetries=15, sleepTime=1000 MILLISECONDS)
2024-03-31 12:43:59,175 [aeddea9d-93be-4014-8fe2-23c9c4bc7e3d-EndpointStateMachineTaskThread-/127.0.0.1:15146-0 ] INFO  ipc.Client (Client.java:handleConnectionFailure(950)) - Retrying connect to server: localhost/127.0.0.1:15146. Already tried 3 time(s); retry policy is RetryUpToMaximumCountWithFixedSleep(maxRetries=15, sleepTime=1000 MILLISECONDS)
2024-03-31 12:44:00,175 [aeddea9d-93be-4014-8fe2-23c9c4bc7e3d-EndpointStateMachineTaskThread-/127.0.0.1:15146-0 ] INFO  ipc.Client (Client.java:handleConnectionFailure(950)) - Retrying connect to server: localhost/127.0.0.1:15146. Already tried 4 time(s); retry policy is RetryUpToMaximumCountWithFixedSleep(maxRetries=15, sleepTime=1000 MILLISECONDS)
2024-03-31 12:44:01,176 [aeddea9d-93be-4014-8fe2-23c9c4bc7e3d-EndpointStateMachineTaskThread-/127.0.0.1:15146-0 ] INFO  ipc.Client (Client.java:handleConnectionFailure(950)) - Retrying connect to server: localhost/127.0.0.1:15146. Already tried 5 time(s); retry policy is RetryUpToMaximumCountWithFixedSleep(maxRetries=15, sleepTime=1000 MILLISECONDS)
2024-03-31 12:44:02,176 [aeddea9d-93be-4014-8fe2-23c9c4bc7e3d-EndpointStateMachineTaskThread-/127.0.0.1:15146-0 ] INFO  ipc.Client (Client.java:handleConnectionFailure(950)) - Retrying connect to server: localhost/127.0.0.1:15146. Already tried 6 time(s); retry policy is RetryUpToMaximumCountWithFixedSleep(maxRetries=15, sleepTime=1000 MILLISECONDS)
2024-03-31 12:44:03,177 [aeddea9d-93be-4014-8fe2-23c9c4bc7e3d-EndpointStateMachineTaskThread-/127.0.0.1:15146-0 ] INFO  ipc.Client (Client.java:handleConnectionFailure(950)) - Retrying connect to server: localhost/127.0.0.1:15146. Already tried 7 time(s); retry policy is RetryUpToMaximumCountWithFixedSleep(maxRetries=15, sleepTime=1000 MILLISECONDS)
2024-03-31 12:44:04,177 [aeddea9d-93be-4014-8fe2-23c9c4bc7e3d-EndpointStateMachineTaskThread-/127.0.0.1:15146-0 ] INFO  ipc.Client (Client.java:handleConnectionFailure(950)) - Retrying connect to server: localhost/127.0.0.1:15146. Already tried 8 time(s); retry policy is RetryUpToMaximumCountWithFixedSleep(maxRetries=15, sleepTime=1000 MILLISECONDS)
2024-03-31 12:44:05,178 [aeddea9d-93be-4014-8fe2-23c9c4bc7e3d-EndpointStateMachineTaskThread-/127.0.0.1:15146-0 ] INFO  ipc.Client (Client.java:handleConnectionFailure(950)) - Retrying connect to server: localhost/127.0.0.1:15146. Already tried 9 time(s); retry policy is RetryUpToMaximumCountWithFixedSleep(maxRetries=15, sleepTime=1000 MILLISECONDS)
2024-03-31 12:44:06,178 [aeddea9d-93be-4014-8fe2-23c9c4bc7e3d-EndpointStateMachineTaskThread-/127.0.0.1:15146-0 ] INFO  ipc.Client (Client.java:handleConnectionFailure(950)) - Retrying connect to server: localhost/127.0.0.1:15146. Already tried 10 time(s); retry policy is RetryUpToMaximumCountWithFixedSleep(maxRetries=15, sleepTime=1000 MILLISECONDS)
2024-03-31 12:44:07,179 [aeddea9d-93be-4014-8fe2-23c9c4bc7e3d-EndpointStateMachineTaskThread-/127.0.0.1:15146-0 ] INFO  ipc.Client (Client.java:handleConnectionFailure(950)) - Retrying connect to server: localhost/127.0.0.1:15146. Already tried 11 time(s); retry policy is RetryUpToMaximumCountWithFixedSleep(maxRetries=15, sleepTime=1000 MILLISECONDS)
2024-03-31 12:44:08,179 [aeddea9d-93be-4014-8fe2-23c9c4bc7e3d-EndpointStateMachineTaskThread-/127.0.0.1:15146-0 ] INFO  ipc.Client (Client.java:handleConnectionFailure(950)) - Retrying connect to server: localhost/127.0.0.1:15146. Already tried 12 time(s); retry policy is RetryUpToMaximumCountWithFixedSleep(maxRetries=15, sleepTime=1000 MILLISECONDS)
2024-03-31 12:44:09,180 [aeddea9d-93be-4014-8fe2-23c9c4bc7e3d-EndpointStateMachineTaskThread-/127.0.0.1:15146-0 ] INFO  ipc.Client (Client.java:handleConnectionFailure(950)) - Retrying connect to server: localhost/127.0.0.1:15146. Already tried 13 time(s); retry policy is RetryUpToMaximumCountWithFixedSleep(maxRetries=15, sleepTime=1000 MILLISECONDS)
2024-03-31 12:44:10,180 [aeddea9d-93be-4014-8fe2-23c9c4bc7e3d-EndpointStateMachineTaskThread-/127.0.0.1:15146-0 ] INFO  ipc.Client (Client.java:handleConnectionFailure(950)) - Retrying connect to server: localhost/127.0.0.1:15146. Already tried 14 time(s); retry policy is RetryUpToMaximumCountWithFixedSleep(maxRetries=15, sleepTime=1000 MILLISECONDS)
2024-03-31 12:44:11,182 [7a853b9e-58fa-41fd-b4c2-0c50e2c3b3eb-EndpointStateMachineTaskThread-/127.0.0.1:15146-0 ] INFO  ipc.Client (Client.java:handleConnectionFailure(950)) - Retrying connect to server: localhost/127.0.0.1:15146. Already tried 0 time(s); retry policy is RetryUpToMaximumCountWithFixedSleep(maxRetries=15, sleepTime=1000 MILLISECONDS)
2024-03-31 12:44:12,182 [7a853b9e-58fa-41fd-b4c2-0c50e2c3b3eb-EndpointStateMachineTaskThread-/127.0.0.1:15146-0 ] INFO  ipc.Client (Client.java:handleConnectionFailure(950)) - Retrying connect to server: localhost/127.0.0.1:15146. Already tried 1 time(s); retry policy is RetryUpToMaximumCountWithFixedSleep(maxRetries=15, sleepTime=1000 MILLISECONDS)
2024-03-31 12:44:13,182 [7a853b9e-58fa-41fd-b4c2-0c50e2c3b3eb-EndpointStateMachineTaskThread-/127.0.0.1:15146-0 ] INFO  ipc.Client (Client.java:handleConnectionFailure(950)) - Retrying connect to server: localhost/127.0.0.1:15146. Already tried 2 time(s); retry policy is RetryUpToMaximumCountWithFixedSleep(maxRetries=15, sleepTime=1000 MILLISECONDS)
2024-03-31 12:44:14,183 [7a853b9e-58fa-41fd-b4c2-0c50e2c3b3eb-EndpointStateMachineTaskThread-/127.0.0.1:15146-0 ] INFO  ipc.Client (Client.java:handleConnectionFailure(950)) - Retrying connect to server: localhost/127.0.0.1:15146. Already tried 3 time(s); retry policy is RetryUpToMaximumCountWithFixedSleep(maxRetries=15, sleepTime=1000 MILLISECONDS)
2024-03-31 12:44:15,183 [7a853b9e-58fa-41fd-b4c2-0c50e2c3b3eb-EndpointStateMachineTaskThread-/127.0.0.1:15146-0 ] INFO  ipc.Client (Client.java:handleConnectionFailure(950)) - Retrying connect to server: localhost/127.0.0.1:15146. Already tried 4 time(s); retry policy is RetryUpToMaximumCountWithFixedSleep(maxRetries=15, sleepTime=1000 MILLISECONDS)
2024-03-31 12:44:16,184 [7a853b9e-58fa-41fd-b4c2-0c50e2c3b3eb-EndpointStateMachineTaskThread-/127.0.0.1:15146-0 ] INFO  ipc.Client (Client.java:handleConnectionFailure(950)) - Retrying connect to server: localhost/127.0.0.1:15146. Already tried 5 time(s); retry policy is RetryUpToMaximumCountWithFixedSleep(maxRetries=15, sleepTime=1000 MILLISECONDS)
2024-03-31 12:44:17,184 [7a853b9e-58fa-41fd-b4c2-0c50e2c3b3eb-EndpointStateMachineTaskThread-/127.0.0.1:15146-0 ] INFO  ipc.Client (Client.java:handleConnectionFailure(950)) - Retrying connect to server: localhost/127.0.0.1:15146. Already tried 6 time(s); retry policy is RetryUpToMaximumCountWithFixedSleep(maxRetries=15, sleepTime=1000 MILLISECONDS)
2024-03-31 12:44:18,185 [7a853b9e-58fa-41fd-b4c2-0c50e2c3b3eb-EndpointStateMachineTaskThread-/127.0.0.1:15146-0 ] INFO  ipc.Client (Client.java:handleConnectionFailure(950)) - Retrying connect to server: localhost/127.0.0.1:15146. Already tried 7 time(s); retry policy is RetryUpToMaximumCountWithFixedSleep(maxRetries=15, sleepTime=1000 MILLISECONDS)
2024-03-31 12:44:19,185 [7a853b9e-58fa-41fd-b4c2-0c50e2c3b3eb-EndpointStateMachineTaskThread-/127.0.0.1:15146-0 ] INFO  ipc.Client (Client.java:handleConnectionFailure(950)) - Retrying connect to server: localhost/127.0.0.1:15146. Already tried 8 time(s); retry policy is RetryUpToMaximumCountWithFixedSleep(maxRetries=15, sleepTime=1000 MILLISECONDS)
2024-03-31 12:44:20,185 [7a853b9e-58fa-41fd-b4c2-0c50e2c3b3eb-EndpointStateMachineTaskThread-/127.0.0.1:15146-0 ] INFO  ipc.Client (Client.java:handleConnectionFailure(950)) - Retrying connect to server: localhost/127.0.0.1:15146. Already tried 9 time(s); retry policy is RetryUpToMaximumCountWithFixedSleep(maxRetries=15, sleepTime=1000 MILLISECONDS)
2024-03-31 12:44:21,186 [7a853b9e-58fa-41fd-b4c2-0c50e2c3b3eb-EndpointStateMachineTaskThread-/127.0.0.1:15146-0 ] INFO  ipc.Client (Client.java:handleConnectionFailure(950)) - Retrying connect to server: localhost/127.0.0.1:15146. Already tried 10 time(s); retry policy is RetryUpToMaximumCountWithFixedSleep(maxRetries=15, sleepTime=1000 MILLISECONDS)
2024-03-31 12:44:22,186 [7a853b9e-58fa-41fd-b4c2-0c50e2c3b3eb-EndpointStateMachineTaskThread-/127.0.0.1:15146-0 ] INFO  ipc.Client (Client.java:handleConnectionFailure(950)) - Retrying connect to server: localhost/127.0.0.1:15146. Already tried 11 time(s); retry policy is RetryUpToMaximumCountWithFixedSleep(maxRetries=15, sleepTime=1000 MILLISECONDS)
2024-03-31 12:44:23,186 [7a853b9e-58fa-41fd-b4c2-0c50e2c3b3eb-EndpointStateMachineTaskThread-/127.0.0.1:15146-0 ] INFO  ipc.Client (Client.java:handleConnectionFailure(950)) - Retrying connect to server: localhost/127.0.0.1:15146. Already tried 12 time(s); retry policy is RetryUpToMaximumCountWithFixedSleep(maxRetries=15, sleepTime=1000 MILLISECONDS)
2024-03-31 12:44:24,187 [7a853b9e-58fa-41fd-b4c2-0c50e2c3b3eb-EndpointStateMachineTaskThread-/127.0.0.1:15146-0 ] INFO  ipc.Client (Client.java:handleConnectionFailure(950)) - Retrying connect to server: localhost/127.0.0.1:15146. Already tried 13 time(s); retry policy is RetryUpToMaximumCountWithFixedSleep(maxRetries=15, sleepTime=1000 MILLISECONDS)
2024-03-31 12:44:25,187 [7a853b9e-58fa-41fd-b4c2-0c50e2c3b3eb-EndpointStateMachineTaskThread-/127.0.0.1:15146-0 ] INFO  ipc.Client (Client.java:handleConnectionFailure(950)) - Retrying connect to server: localhost/127.0.0.1:15146. Already tried 14 time(s); retry policy is RetryUpToMaximumCountWithFixedSleep(maxRetries=15, sleepTime=1000 MILLISECONDS)
2024-03-31 12:44:26,189 [aeddea9d-93be-4014-8fe2-23c9c4bc7e3d-EndpointStateMachineTaskThread-/127.0.0.1:15146-0 ] INFO  ipc.Client (Client.java:handleConnectionFailure(950)) - Retrying connect to server: localhost/127.0.0.1:15146. Already tried 0 time(s); retry policy is RetryUpToMaximumCountWithFixedSleep(maxRetries=15, sleepTime=1000 MILLISECONDS)
2024-03-31 12:44:27,190 [aeddea9d-93be-4014-8fe2-23c9c4bc7e3d-EndpointStateMachineTaskThread-/127.0.0.1:15146-0 ] INFO  ipc.Client (Client.java:handleConnectionFailure(950)) - Retrying connect to server: localhost/127.0.0.1:15146. Already tried 1 time(s); retry policy is RetryUpToMaximumCountWithFixedSleep(maxRetries=15, sleepTime=1000 MILLISECONDS)
2024-03-31 12:44:28,190 [aeddea9d-93be-4014-8fe2-23c9c4bc7e3d-EndpointStateMachineTaskThread-/127.0.0.1:15146-0 ] INFO  ipc.Client (Client.java:handleConnectionFailure(950)) - Retrying connect to server: localhost/127.0.0.1:15146. Already tried 2 time(s); retry policy is RetryUpToMaximumCountWithFixedSleep(maxRetries=15, sleepTime=1000 MILLISECONDS)
2024-03-31 12:44:29,191 [aeddea9d-93be-4014-8fe2-23c9c4bc7e3d-EndpointStateMachineTaskThread-/127.0.0.1:15146-0 ] INFO  ipc.Client (Client.java:handleConnectionFailure(950)) - Retrying connect to server: localhost/127.0.0.1:15146. Already tried 3 time(s); retry policy is RetryUpToMaximumCountWithFixedSleep(maxRetries=15, sleepTime=1000 MILLISECONDS)
2024-03-31 12:44:30,191 [aeddea9d-93be-4014-8fe2-23c9c4bc7e3d-EndpointStateMachineTaskThread-/127.0.0.1:15146-0 ] INFO  ipc.Client (Client.java:handleConnectionFailure(950)) - Retrying connect to server: localhost/127.0.0.1:15146. Already tried 4 time(s); retry policy is RetryUpToMaximumCountWithFixedSleep(maxRetries=15, sleepTime=1000 MILLISECONDS)
2024-03-31 12:44:31,192 [aeddea9d-93be-4014-8fe2-23c9c4bc7e3d-EndpointStateMachineTaskThread-/127.0.0.1:15146-0 ] INFO  ipc.Client (Client.java:handleConnectionFailure(950)) - Retrying connect to server: localhost/127.0.0.1:15146. Already tried 5 time(s); retry policy is RetryUpToMaximumCountWithFixedSleep(maxRetries=15, sleepTime=1000 MILLISECONDS)
2024-03-31 12:44:32,192 [aeddea9d-93be-4014-8fe2-23c9c4bc7e3d-EndpointStateMachineTaskThread-/127.0.0.1:15146-0 ] INFO  ipc.Client (Client.java:handleConnectionFailure(950)) - Retrying connect to server: localhost/127.0.0.1:15146. Already tried 6 time(s); retry policy is RetryUpToMaximumCountWithFixedSleep(maxRetries=15, sleepTime=1000 MILLISECONDS)
2024-03-31 12:44:33,193 [aeddea9d-93be-4014-8fe2-23c9c4bc7e3d-EndpointStateMachineTaskThread-/127.0.0.1:15146-0 ] INFO  ipc.Client (Client.java:handleConnectionFailure(950)) - Retrying connect to server: localhost/127.0.0.1:15146. Already tried 7 time(s); retry policy is RetryUpToMaximumCountWithFixedSleep(maxRetries=15, sleepTime=1000 MILLISECONDS)
2024-03-31 12:44:34,193 [aeddea9d-93be-4014-8fe2-23c9c4bc7e3d-EndpointStateMachineTaskThread-/127.0.0.1:15146-0 ] INFO  ipc.Client (Client.java:handleConnectionFailure(950)) - Retrying connect to server: localhost/127.0.0.1:15146. Already tried 8 time(s); retry policy is RetryUpToMaximumCountWithFixedSleep(maxRetries=15, sleepTime=1000 MILLISECONDS)
2024-03-31 12:44:35,194 [aeddea9d-93be-4014-8fe2-23c9c4bc7e3d-EndpointStateMachineTaskThread-/127.0.0.1:15146-0 ] INFO  ipc.Client (Client.java:handleConnectionFailure(950)) - Retrying connect to server: localhost/127.0.0.1:15146. Already tried 9 time(s); retry policy is RetryUpToMaximumCountWithFixedSleep(maxRetries=15, sleepTime=1000 MILLISECONDS)
2024-03-31 12:44:36,194 [aeddea9d-93be-4014-8fe2-23c9c4bc7e3d-EndpointStateMachineTaskThread-/127.0.0.1:15146-0 ] INFO  ipc.Client (Client.java:handleConnectionFailure(950)) - Retrying connect to server: localhost/127.0.0.1:15146. Already tried 10 time(s); retry policy is RetryUpToMaximumCountWithFixedSleep(maxRetries=15, sleepTime=1000 MILLISECONDS)
2024-03-31 12:44:37,195 [aeddea9d-93be-4014-8fe2-23c9c4bc7e3d-EndpointStateMachineTaskThread-/127.0.0.1:15146-0 ] INFO  ipc.Client (Client.java:handleConnectionFailure(950)) - Retrying connect to server: localhost/127.0.0.1:15146. Already tried 11 time(s); retry policy is RetryUpToMaximumCountWithFixedSleep(maxRetries=15, sleepTime=1000 MILLISECONDS)
2024-03-31 12:44:38,195 [aeddea9d-93be-4014-8fe2-23c9c4bc7e3d-EndpointStateMachineTaskThread-/127.0.0.1:15146-0 ] INFO  ipc.Client (Client.java:handleConnectionFailure(950)) - Retrying connect to server: localhost/127.0.0.1:15146. Already tried 12 time(s); retry policy is RetryUpToMaximumCountWithFixedSleep(maxRetries=15, sleepTime=1000 MILLISECONDS)
2024-03-31 12:44:39,196 [aeddea9d-93be-4014-8fe2-23c9c4bc7e3d-EndpointStateMachineTaskThread-/127.0.0.1:15146-0 ] INFO  ipc.Client (Client.java:handleConnectionFailure(950)) - Retrying connect to server: localhost/127.0.0.1:15146. Already tried 13 time(s); retry policy is RetryUpToMaximumCountWithFixedSleep(maxRetries=15, sleepTime=1000 MILLISECONDS)
2024-03-31 12:44:40,196 [aeddea9d-93be-4014-8fe2-23c9c4bc7e3d-EndpointStateMachineTaskThread-/127.0.0.1:15146-0 ] INFO  ipc.Client (Client.java:handleConnectionFailure(950)) - Retrying connect to server: localhost/127.0.0.1:15146. Already tried 14 time(s); retry policy is RetryUpToMaximumCountWithFixedSleep(maxRetries=15, sleepTime=1000 MILLISECONDS)
2024-03-31 12:44:41,200 [7a853b9e-58fa-41fd-b4c2-0c50e2c3b3eb-EndpointStateMachineTaskThread-/127.0.0.1:15146-0 ] INFO  ipc.Client (Client.java:handleConnectionFailure(950)) - Retrying connect to server: localhost/127.0.0.1:15146. Already tried 0 time(s); retry policy is RetryUpToMaximumCountWithFixedSleep(maxRetries=15, sleepTime=1000 MILLISECONDS)
2024-03-31 12:44:42,200 [7a853b9e-58fa-41fd-b4c2-0c50e2c3b3eb-EndpointStateMachineTaskThread-/127.0.0.1:15146-0 ] INFO  ipc.Client (Client.java:handleConnectionFailure(950)) - Retrying connect to server: localhost/127.0.0.1:15146. Already tried 1 time(s); retry policy is RetryUpToMaximumCountWithFixedSleep(maxRetries=15, sleepTime=1000 MILLISECONDS)
2024-03-31 12:44:43,200 [7a853b9e-58fa-41fd-b4c2-0c50e2c3b3eb-EndpointStateMachineTaskThread-/127.0.0.1:15146-0 ] INFO  ipc.Client (Client.java:handleConnectionFailure(950)) - Retrying connect to server: localhost/127.0.0.1:15146. Already tried 2 time(s); retry policy is RetryUpToMaximumCountWithFixedSleep(maxRetries=15, sleepTime=1000 MILLISECONDS)
2024-03-31 12:44:44,201 [7a853b9e-58fa-41fd-b4c2-0c50e2c3b3eb-EndpointStateMachineTaskThread-/127.0.0.1:15146-0 ] INFO  ipc.Client (Client.java:handleConnectionFailure(950)) - Retrying connect to server: localhost/127.0.0.1:15146. Already tried 3 time(s); retry policy is RetryUpToMaximumCountWithFixedSleep(maxRetries=15, sleepTime=1000 MILLISECONDS)
2024-03-31 12:44:45,201 [7a853b9e-58fa-41fd-b4c2-0c50e2c3b3eb-EndpointStateMachineTaskThread-/127.0.0.1:15146-0 ] INFO  ipc.Client (Client.java:handleConnectionFailure(950)) - Retrying connect to server: localhost/127.0.0.1:15146. Already tried 4 time(s); retry policy is RetryUpToMaximumCountWithFixedSleep(maxRetries=15, sleepTime=1000 MILLISECONDS)
2024-03-31 12:44:46,202 [7a853b9e-58fa-41fd-b4c2-0c50e2c3b3eb-EndpointStateMachineTaskThread-/127.0.0.1:15146-0 ] INFO  ipc.Client (Client.java:handleConnectionFailure(950)) - Retrying connect to server: localhost/127.0.0.1:15146. Already tried 5 time(s); retry policy is RetryUpToMaximumCountWithFixedSleep(maxRetries=15, sleepTime=1000 MILLISECONDS)
2024-03-31 12:44:47,202 [7a853b9e-58fa-41fd-b4c2-0c50e2c3b3eb-EndpointStateMachineTaskThread-/127.0.0.1:15146-0 ] INFO  ipc.Client (Client.java:handleConnectionFailure(950)) - Retrying connect to server: localhost/127.0.0.1:15146. Already tried 6 time(s); retry policy is RetryUpToMaximumCountWithFixedSleep(maxRetries=15, sleepTime=1000 MILLISECONDS)
2024-03-31 12:44:48,203 [7a853b9e-58fa-41fd-b4c2-0c50e2c3b3eb-EndpointStateMachineTaskThread-/127.0.0.1:15146-0 ] INFO  ipc.Client (Client.java:handleConnectionFailure(950)) - Retrying connect to server: localhost/127.0.0.1:15146. Already tried 7 time(s); retry policy is RetryUpToMaximumCountWithFixedSleep(maxRetries=15, sleepTime=1000 MILLISECONDS)
2024-03-31 12:44:49,203 [7a853b9e-58fa-41fd-b4c2-0c50e2c3b3eb-EndpointStateMachineTaskThread-/127.0.0.1:15146-0 ] INFO  ipc.Client (Client.java:handleConnectionFailure(950)) - Retrying connect to server: localhost/127.0.0.1:15146. Already tried 8 time(s); retry policy is RetryUpToMaximumCountWithFixedSleep(maxRetries=15, sleepTime=1000 MILLISECONDS)
2024-03-31 12:44:50,204 [7a853b9e-58fa-41fd-b4c2-0c50e2c3b3eb-EndpointStateMachineTaskThread-/127.0.0.1:15146-0 ] INFO  ipc.Client (Client.java:handleConnectionFailure(950)) - Retrying connect to server: localhost/127.0.0.1:15146. Already tried 9 time(s); retry policy is RetryUpToMaximumCountWithFixedSleep(maxRetries=15, sleepTime=1000 MILLISECONDS)
2024-03-31 12:44:51,204 [7a853b9e-58fa-41fd-b4c2-0c50e2c3b3eb-EndpointStateMachineTaskThread-/127.0.0.1:15146-0 ] INFO  ipc.Client (Client.java:handleConnectionFailure(950)) - Retrying connect to server: localhost/127.0.0.1:15146. Already tried 10 time(s); retry policy is RetryUpToMaximumCountWithFixedSleep(maxRetries=15, sleepTime=1000 MILLISECONDS)
2024-03-31 12:44:52,205 [7a853b9e-58fa-41fd-b4c2-0c50e2c3b3eb-EndpointStateMachineTaskThread-/127.0.0.1:15146-0 ] INFO  ipc.Client (Client.java:handleConnectionFailure(950)) - Retrying connect to server: localhost/127.0.0.1:15146. Already tried 11 time(s); retry policy is RetryUpToMaximumCountWithFixedSleep(maxRetries=15, sleepTime=1000 MILLISECONDS)
2024-03-31 12:44:53,205 [7a853b9e-58fa-41fd-b4c2-0c50e2c3b3eb-EndpointStateMachineTaskThread-/127.0.0.1:15146-0 ] INFO  ipc.Client (Client.java:handleConnectionFailure(950)) - Retrying connect to server: localhost/127.0.0.1:15146. Already tried 12 time(s); retry policy is RetryUpToMaximumCountWithFixedSleep(maxRetries=15, sleepTime=1000 MILLISECONDS)
2024-03-31 12:44:54,206 [7a853b9e-58fa-41fd-b4c2-0c50e2c3b3eb-EndpointStateMachineTaskThread-/127.0.0.1:15146-0 ] INFO  ipc.Client (Client.java:handleConnectionFailure(950)) - Retrying connect to server: localhost/127.0.0.1:15146. Already tried 13 time(s); retry policy is RetryUpToMaximumCountWithFixedSleep(maxRetries=15, sleepTime=1000 MILLISECONDS)
2024-03-31 12:44:55,206 [7a853b9e-58fa-41fd-b4c2-0c50e2c3b3eb-EndpointStateMachineTaskThread-/127.0.0.1:15146-0 ] INFO  ipc.Client (Client.java:handleConnectionFailure(950)) - Retrying connect to server: localhost/127.0.0.1:15146. Already tried 14 time(s); retry policy is RetryUpToMaximumCountWithFixedSleep(maxRetries=15, sleepTime=1000 MILLISECONDS)
2024-03-31 12:44:56,208 [69e7f737-26fc-47e9-9c79-5eef8750a02b-EndpointStateMachineTaskThread-/127.0.0.1:15146-0 ] INFO  ipc.Client (Client.java:handleConnectionFailure(950)) - Retrying connect to server: localhost/127.0.0.1:15146. Already tried 0 time(s); retry policy is RetryUpToMaximumCountWithFixedSleep(maxRetries=15, sleepTime=1000 MILLISECONDS)
2024-03-31 12:44:57,209 [69e7f737-26fc-47e9-9c79-5eef8750a02b-EndpointStateMachineTaskThread-/127.0.0.1:15146-0 ] INFO  ipc.Client (Client.java:handleConnectionFailure(950)) - Retrying connect to server: localhost/127.0.0.1:15146. Already tried 1 time(s); retry policy is RetryUpToMaximumCountWithFixedSleep(maxRetries=15, sleepTime=1000 MILLISECONDS)
2024-03-31 12:44:58,209 [69e7f737-26fc-47e9-9c79-5eef8750a02b-EndpointStateMachineTaskThread-/127.0.0.1:15146-0 ] INFO  ipc.Client (Client.java:handleConnectionFailure(950)) - Retrying connect to server: localhost/127.0.0.1:15146. Already tried 2 time(s); retry policy is RetryUpToMaximumCountWithFixedSleep(maxRetries=15, sleepTime=1000 MILLISECONDS)
2024-03-31 12:44:59,210 [69e7f737-26fc-47e9-9c79-5eef8750a02b-EndpointStateMachineTaskThread-/127.0.0.1:15146-0 ] INFO  ipc.Client (Client.java:handleConnectionFailure(950)) - Retrying connect to server: localhost/127.0.0.1:15146. Already tried 3 time(s); retry policy is RetryUpToMaximumCountWithFixedSleep(maxRetries=15, sleepTime=1000 MILLISECONDS)
2024-03-31 12:45:00,210 [69e7f737-26fc-47e9-9c79-5eef8750a02b-EndpointStateMachineTaskThread-/127.0.0.1:15146-0 ] INFO  ipc.Client (Client.java:handleConnectionFailure(950)) - Retrying connect to server: localhost/127.0.0.1:15146. Already tried 4 time(s); retry policy is RetryUpToMaximumCountWithFixedSleep(maxRetries=15, sleepTime=1000 MILLISECONDS)
2024-03-31 12:45:01,210 [69e7f737-26fc-47e9-9c79-5eef8750a02b-EndpointStateMachineTaskThread-/127.0.0.1:15146-0 ] INFO  ipc.Client (Client.java:handleConnectionFailure(950)) - Retrying connect to server: localhost/127.0.0.1:15146. Already tried 5 time(s); retry policy is RetryUpToMaximumCountWithFixedSleep(maxRetries=15, sleepTime=1000 MILLISECONDS)
2024-03-31 12:45:02,211 [69e7f737-26fc-47e9-9c79-5eef8750a02b-EndpointStateMachineTaskThread-/127.0.0.1:15146-0 ] INFO  ipc.Client (Client.java:handleConnectionFailure(950)) - Retrying connect to server: localhost/127.0.0.1:15146. Already tried 6 time(s); retry policy is RetryUpToMaximumCountWithFixedSleep(maxRetries=15, sleepTime=1000 MILLISECONDS)
2024-03-31 12:45:03,211 [69e7f737-26fc-47e9-9c79-5eef8750a02b-EndpointStateMachineTaskThread-/127.0.0.1:15146-0 ] INFO  ipc.Client (Client.java:handleConnectionFailure(950)) - Retrying connect to server: localhost/127.0.0.1:15146. Already tried 7 time(s); retry policy is RetryUpToMaximumCountWithFixedSleep(maxRetries=15, sleepTime=1000 MILLISECONDS)
2024-03-31 12:45:04,212 [69e7f737-26fc-47e9-9c79-5eef8750a02b-EndpointStateMachineTaskThread-/127.0.0.1:15146-0 ] INFO  ipc.Client (Client.java:handleConnectionFailure(950)) - Retrying connect to server: localhost/127.0.0.1:15146. Already tried 8 time(s); retry policy is RetryUpToMaximumCountWithFixedSleep(maxRetries=15, sleepTime=1000 MILLISECONDS)
2024-03-31 12:45:05,212 [69e7f737-26fc-47e9-9c79-5eef8750a02b-EndpointStateMachineTaskThread-/127.0.0.1:15146-0 ] INFO  ipc.Client (Client.java:handleConnectionFailure(950)) - Retrying connect to server: localhost/127.0.0.1:15146. Already tried 9 time(s); retry policy is RetryUpToMaximumCountWithFixedSleep(maxRetries=15, sleepTime=1000 MILLISECONDS)
2024-03-31 12:45:06,213 [69e7f737-26fc-47e9-9c79-5eef8750a02b-EndpointStateMachineTaskThread-/127.0.0.1:15146-0 ] INFO  ipc.Client (Client.java:handleConnectionFailure(950)) - Retrying connect to server: localhost/127.0.0.1:15146. Already tried 10 time(s); retry policy is RetryUpToMaximumCountWithFixedSleep(maxRetries=15, sleepTime=1000 MILLISECONDS)
2024-03-31 12:45:07,213 [69e7f737-26fc-47e9-9c79-5eef8750a02b-EndpointStateMachineTaskThread-/127.0.0.1:15146-0 ] INFO  ipc.Client (Client.java:handleConnectionFailure(950)) - Retrying connect to server: localhost/127.0.0.1:15146. Already tried 11 time(s); retry policy is RetryUpToMaximumCountWithFixedSleep(maxRetries=15, sleepTime=1000 MILLISECONDS)
2024-03-31 12:45:08,214 [69e7f737-26fc-47e9-9c79-5eef8750a02b-EndpointStateMachineTaskThread-/127.0.0.1:15146-0 ] INFO  ipc.Client (Client.java:handleConnectionFailure(950)) - Retrying connect to server: localhost/127.0.0.1:15146. Already tried 12 time(s); retry policy is RetryUpToMaximumCountWithFixedSleep(maxRetries=15, sleepTime=1000 MILLISECONDS)
2024-03-31 12:45:09,214 [69e7f737-26fc-47e9-9c79-5eef8750a02b-EndpointStateMachineTaskThread-/127.0.0.1:15146-0 ] INFO  ipc.Client (Client.java:handleConnectionFailure(950)) - Retrying connect to server: localhost/127.0.0.1:15146. Already tried 13 time(s); retry policy is RetryUpToMaximumCountWithFixedSleep(maxRetries=15, sleepTime=1000 MILLISECONDS)
2024-03-31 12:45:10,215 [69e7f737-26fc-47e9-9c79-5eef8750a02b-EndpointStateMachineTaskThread-/127.0.0.1:15146-0 ] INFO  ipc.Client (Client.java:handleConnectionFailure(950)) - Retrying connect to server: localhost/127.0.0.1:15146. Already tried 14 time(s); retry policy is RetryUpToMaximumCountWithFixedSleep(maxRetries=15, sleepTime=1000 MILLISECONDS)
2024-03-31 12:45:11,216 [7a853b9e-58fa-41fd-b4c2-0c50e2c3b3eb-EndpointStateMachineTaskThread-/127.0.0.1:15146-0 ] INFO  ipc.Client (Client.java:handleConnectionFailure(950)) - Retrying connect to server: localhost/127.0.0.1:15146. Already tried 0 time(s); retry policy is RetryUpToMaximumCountWithFixedSleep(maxRetries=15, sleepTime=1000 MILLISECONDS)
2024-03-31 12:45:12,216 [7a853b9e-58fa-41fd-b4c2-0c50e2c3b3eb-EndpointStateMachineTaskThread-/127.0.0.1:15146-0 ] INFO  ipc.Client (Client.java:handleConnectionFailure(950)) - Retrying connect to server: localhost/127.0.0.1:15146. Already tried 1 time(s); retry policy is RetryUpToMaximumCountWithFixedSleep(maxRetries=15, sleepTime=1000 MILLISECONDS)
2024-03-31 12:45:13,217 [7a853b9e-58fa-41fd-b4c2-0c50e2c3b3eb-EndpointStateMachineTaskThread-/127.0.0.1:15146-0 ] INFO  ipc.Client (Client.java:handleConnectionFailure(950)) - Retrying connect to server: localhost/127.0.0.1:15146. Already tried 2 time(s); retry policy is RetryUpToMaximumCountWithFixedSleep(maxRetries=15, sleepTime=1000 MILLISECONDS)
2024-03-31 12:45:14,217 [7a853b9e-58fa-41fd-b4c2-0c50e2c3b3eb-EndpointStateMachineTaskThread-/127.0.0.1:15146-0 ] INFO  ipc.Client (Client.java:handleConnectionFailure(950)) - Retrying connect to server: localhost/127.0.0.1:15146. Already tried 3 time(s); retry policy is RetryUpToMaximumCountWithFixedSleep(maxRetries=15, sleepTime=1000 MILLISECONDS)
2024-03-31 12:45:15,218 [7a853b9e-58fa-41fd-b4c2-0c50e2c3b3eb-EndpointStateMachineTaskThread-/127.0.0.1:15146-0 ] INFO  ipc.Client (Client.java:handleConnectionFailure(950)) - Retrying connect to server: localhost/127.0.0.1:15146. Already tried 4 time(s); retry policy is RetryUpToMaximumCountWithFixedSleep(maxRetries=15, sleepTime=1000 MILLISECONDS)
2024-03-31 12:45:16,218 [7a853b9e-58fa-41fd-b4c2-0c50e2c3b3eb-EndpointStateMachineTaskThread-/127.0.0.1:15146-0 ] INFO  ipc.Client (Client.java:handleConnectionFailure(950)) - Retrying connect to server: localhost/127.0.0.1:15146. Already tried 5 time(s); retry policy is RetryUpToMaximumCountWithFixedSleep(maxRetries=15, sleepTime=1000 MILLISECONDS)
2024-03-31 12:45:17,218 [7a853b9e-58fa-41fd-b4c2-0c50e2c3b3eb-EndpointStateMachineTaskThread-/127.0.0.1:15146-0 ] INFO  ipc.Client (Client.java:handleConnectionFailure(950)) - Retrying connect to server: localhost/127.0.0.1:15146. Already tried 6 time(s); retry policy is RetryUpToMaximumCountWithFixedSleep(maxRetries=15, sleepTime=1000 MILLISECONDS)
2024-03-31 12:45:18,219 [7a853b9e-58fa-41fd-b4c2-0c50e2c3b3eb-EndpointStateMachineTaskThread-/127.0.0.1:15146-0 ] INFO  ipc.Client (Client.java:handleConnectionFailure(950)) - Retrying connect to server: localhost/127.0.0.1:15146. Already tried 7 time(s); retry policy is RetryUpToMaximumCountWithFixedSleep(maxRetries=15, sleepTime=1000 MILLISECONDS)
2024-03-31 12:45:19,219 [7a853b9e-58fa-41fd-b4c2-0c50e2c3b3eb-EndpointStateMachineTaskThread-/127.0.0.1:15146-0 ] INFO  ipc.Client (Client.java:handleConnectionFailure(950)) - Retrying connect to server: localhost/127.0.0.1:15146. Already tried 8 time(s); retry policy is RetryUpToMaximumCountWithFixedSleep(maxRetries=15, sleepTime=1000 MILLISECONDS)
2024-03-31 12:45:20,220 [7a853b9e-58fa-41fd-b4c2-0c50e2c3b3eb-EndpointStateMachineTaskThread-/127.0.0.1:15146-0 ] INFO  ipc.Client (Client.java:handleConnectionFailure(950)) - Retrying connect to server: localhost/127.0.0.1:15146. Already tried 9 time(s); retry policy is RetryUpToMaximumCountWithFixedSleep(maxRetries=15, sleepTime=1000 MILLISECONDS)
2024-03-31 12:45:21,220 [7a853b9e-58fa-41fd-b4c2-0c50e2c3b3eb-EndpointStateMachineTaskThread-/127.0.0.1:15146-0 ] INFO  ipc.Client (Client.java:handleConnectionFailure(950)) - Retrying connect to server: localhost/127.0.0.1:15146. Already tried 10 time(s); retry policy is RetryUpToMaximumCountWithFixedSleep(maxRetries=15, sleepTime=1000 MILLISECONDS)
2024-03-31 12:45:22,221 [7a853b9e-58fa-41fd-b4c2-0c50e2c3b3eb-EndpointStateMachineTaskThread-/127.0.0.1:15146-0 ] INFO  ipc.Client (Client.java:handleConnectionFailure(950)) - Retrying connect to server: localhost/127.0.0.1:15146. Already tried 11 time(s); retry policy is RetryUpToMaximumCountWithFixedSleep(maxRetries=15, sleepTime=1000 MILLISECONDS)
2024-03-31 12:45:23,221 [7a853b9e-58fa-41fd-b4c2-0c50e2c3b3eb-EndpointStateMachineTaskThread-/127.0.0.1:15146-0 ] INFO  ipc.Client (Client.java:handleConnectionFailure(950)) - Retrying connect to server: localhost/127.0.0.1:15146. Already tried 12 time(s); retry policy is RetryUpToMaximumCountWithFixedSleep(maxRetries=15, sleepTime=1000 MILLISECONDS)
2024-03-31 12:45:24,221 [7a853b9e-58fa-41fd-b4c2-0c50e2c3b3eb-EndpointStateMachineTaskThread-/127.0.0.1:15146-0 ] INFO  ipc.Client (Client.java:handleConnectionFailure(950)) - Retrying connect to server: localhost/127.0.0.1:15146. Already tried 13 time(s); retry policy is RetryUpToMaximumCountWithFixedSleep(maxRetries=15, sleepTime=1000 MILLISECONDS)
2024-03-31 12:45:25,222 [7a853b9e-58fa-41fd-b4c2-0c50e2c3b3eb-EndpointStateMachineTaskThread-/127.0.0.1:15146-0 ] INFO  ipc.Client (Client.java:handleConnectionFailure(950)) - Retrying connect to server: localhost/127.0.0.1:15146. Already tried 14 time(s); retry policy is RetryUpToMaximumCountWithFixedSleep(maxRetries=15, sleepTime=1000 MILLISECONDS)
2024-03-31 12:45:26,223 [69e7f737-26fc-47e9-9c79-5eef8750a02b-EndpointStateMachineTaskThread-/127.0.0.1:15146-0 ] INFO  ipc.Client (Client.java:handleConnectionFailure(950)) - Retrying connect to server: localhost/127.0.0.1:15146. Already tried 0 time(s); retry policy is RetryUpToMaximumCountWithFixedSleep(maxRetries=15, sleepTime=1000 MILLISECONDS)
2024-03-31 12:45:27,223 [69e7f737-26fc-47e9-9c79-5eef8750a02b-EndpointStateMachineTaskThread-/127.0.0.1:15146-0 ] INFO  ipc.Client (Client.java:handleConnectionFailure(950)) - Retrying connect to server: localhost/127.0.0.1:15146. Already tried 1 time(s); retry policy is RetryUpToMaximumCountWithFixedSleep(maxRetries=15, sleepTime=1000 MILLISECONDS)
2024-03-31 12:45:28,223 [69e7f737-26fc-47e9-9c79-5eef8750a02b-EndpointStateMachineTaskThread-/127.0.0.1:15146-0 ] INFO  ipc.Client (Client.java:handleConnectionFailure(950)) - Retrying connect to server: localhost/127.0.0.1:15146. Already tried 2 time(s); retry policy is RetryUpToMaximumCountWithFixedSleep(maxRetries=15, sleepTime=1000 MILLISECONDS)
2024-03-31 12:45:29,224 [69e7f737-26fc-47e9-9c79-5eef8750a02b-EndpointStateMachineTaskThread-/127.0.0.1:15146-0 ] INFO  ipc.Client (Client.java:handleConnectionFailure(950)) - Retrying connect to server: localhost/127.0.0.1:15146. Already tried 3 time(s); retry policy is RetryUpToMaximumCountWithFixedSleep(maxRetries=15, sleepTime=1000 MILLISECONDS)
2024-03-31 12:45:30,224 [69e7f737-26fc-47e9-9c79-5eef8750a02b-EndpointStateMachineTaskThread-/127.0.0.1:15146-0 ] INFO  ipc.Client (Client.java:handleConnectionFailure(950)) - Retrying connect to server: localhost/127.0.0.1:15146. Already tried 4 time(s); retry policy is RetryUpToMaximumCountWithFixedSleep(maxRetries=15, sleepTime=1000 MILLISECONDS)
2024-03-31 12:45:31,225 [69e7f737-26fc-47e9-9c79-5eef8750a02b-EndpointStateMachineTaskThread-/127.0.0.1:15146-0 ] INFO  ipc.Client (Client.java:handleConnectionFailure(950)) - Retrying connect to server: localhost/127.0.0.1:15146. Already tried 5 time(s); retry policy is RetryUpToMaximumCountWithFixedSleep(maxRetries=15, sleepTime=1000 MILLISECONDS)
2024-03-31 12:45:32,225 [69e7f737-26fc-47e9-9c79-5eef8750a02b-EndpointStateMachineTaskThread-/127.0.0.1:15146-0 ] INFO  ipc.Client (Client.java:handleConnectionFailure(950)) - Retrying connect to server: localhost/127.0.0.1:15146. Already tried 6 time(s); retry policy is RetryUpToMaximumCountWithFixedSleep(maxRetries=15, sleepTime=1000 MILLISECONDS)
2024-03-31 12:45:33,226 [69e7f737-26fc-47e9-9c79-5eef8750a02b-EndpointStateMachineTaskThread-/127.0.0.1:15146-0 ] INFO  ipc.Client (Client.java:handleConnectionFailure(950)) - Retrying connect to server: localhost/127.0.0.1:15146. Already tried 7 time(s); retry policy is RetryUpToMaximumCountWithFixedSleep(maxRetries=15, sleepTime=1000 MILLISECONDS)
2024-03-31 12:45:34,226 [69e7f737-26fc-47e9-9c79-5eef8750a02b-EndpointStateMachineTaskThread-/127.0.0.1:15146-0 ] INFO  ipc.Client (Client.java:handleConnectionFailure(950)) - Retrying connect to server: localhost/127.0.0.1:15146. Already tried 8 time(s); retry policy is RetryUpToMaximumCountWithFixedSleep(maxRetries=15, sleepTime=1000 MILLISECONDS)
2024-03-31 12:45:35,227 [69e7f737-26fc-47e9-9c79-5eef8750a02b-EndpointStateMachineTaskThread-/127.0.0.1:15146-0 ] INFO  ipc.Client (Client.java:handleConnectionFailure(950)) - Retrying connect to server: localhost/127.0.0.1:15146. Already tried 9 time(s); retry policy is RetryUpToMaximumCountWithFixedSleep(maxRetries=15, sleepTime=1000 MILLISECONDS)
2024-03-31 12:45:36,227 [69e7f737-26fc-47e9-9c79-5eef8750a02b-EndpointStateMachineTaskThread-/127.0.0.1:15146-0 ] INFO  ipc.Client (Client.java:handleConnectionFailure(950)) - Retrying connect to server: localhost/127.0.0.1:15146. Already tried 10 time(s); retry policy is RetryUpToMaximumCountWithFixedSleep(maxRetries=15, sleepTime=1000 MILLISECONDS)
2024-03-31 12:45:37,227 [69e7f737-26fc-47e9-9c79-5eef8750a02b-EndpointStateMachineTaskThread-/127.0.0.1:15146-0 ] INFO  ipc.Client (Client.java:handleConnectionFailure(950)) - Retrying connect to server: localhost/127.0.0.1:15146. Already tried 11 time(s); retry policy is RetryUpToMaximumCountWithFixedSleep(maxRetries=15, sleepTime=1000 MILLISECONDS)
2024-03-31 12:45:38,228 [69e7f737-26fc-47e9-9c79-5eef8750a02b-EndpointStateMachineTaskThread-/127.0.0.1:15146-0 ] INFO  ipc.Client (Client.java:handleConnectionFailure(950)) - Retrying connect to server: localhost/127.0.0.1:15146. Already tried 12 time(s); retry policy is RetryUpToMaximumCountWithFixedSleep(maxRetries=15, sleepTime=1000 MILLISECONDS)
2024-03-31 12:45:39,228 [69e7f737-26fc-47e9-9c79-5eef8750a02b-EndpointStateMachineTaskThread-/127.0.0.1:15146-0 ] INFO  ipc.Client (Client.java:handleConnectionFailure(950)) - Retrying connect to server: localhost/127.0.0.1:15146. Already tried 13 time(s); retry policy is RetryUpToMaximumCountWithFixedSleep(maxRetries=15, sleepTime=1000 MILLISECONDS)
2024-03-31 12:45:40,229 [69e7f737-26fc-47e9-9c79-5eef8750a02b-EndpointStateMachineTaskThread-/127.0.0.1:15146-0 ] INFO  ipc.Client (Client.java:handleConnectionFailure(950)) - Retrying connect to server: localhost/127.0.0.1:15146. Already tried 14 time(s); retry policy is RetryUpToMaximumCountWithFixedSleep(maxRetries=15, sleepTime=1000 MILLISECONDS)
2024-03-31 12:48:38,587 [scmNode-1-ReplicationMonitor] INFO  replication.ReplicationManager (ReplicationManager.java:processAll(371)) - Replication Manager is not ready to run until 300000ms after safemode exit
2024-03-31 12:48:46,809 [scmNode-2-ReplicationMonitor] INFO  replication.ReplicationManager (ReplicationManager.java:processAll(371)) - Replication Manager is not ready to run until 3000ms after safemode exit
2024-03-31 12:53:38,587 [scmNode-1-ReplicationMonitor] INFO  replication.ReplicationManager (ReplicationManager.java:processAll(371)) - Replication Manager is not ready to run until 300000ms after safemode exit
2024-03-31 12:53:46,810 [scmNode-2-ReplicationMonitor] INFO  replication.ReplicationManager (ReplicationManager.java:processAll(371)) - Replication Manager is not ready to run until 3000ms after safemode exit
2024-03-31 12:58:38,587 [scmNode-1-ReplicationMonitor] INFO  replication.ReplicationManager (ReplicationManager.java:processAll(371)) - Replication Manager is not ready to run until 300000ms after safemode exit
2024-03-31 12:58:46,810 [scmNode-2-ReplicationMonitor] INFO  replication.ReplicationManager (ReplicationManager.java:processAll(371)) - Replication Manager is not ready to run until 3000ms after safemode exit
2024-03-31 12:58:51,620 [IPC Server handler 38 on default port 15208] INFO  ha.SCMRatisServerImpl (SCMRatisServerImpl.java:addSCM(319)) - eb332bf5-0069-4d4b-8e41-ccd6e8cc684e: Submitting SetConfiguration request to Ratis server with new SCM peers list: [18588cf9-7ad3-4805-910e-ac9333d0abf7|localhost:15212, eb332bf5-0069-4d4b-8e41-ccd6e8cc684e|localhost:15204, 18588cf9-7ad3-4805-910e-ac9333d0abf7|localhost:15212]
12:58:51.622 [IPC Server handler 38 on default port 15208] ERROR SCMAudit - user=runner | ip=127.0.0.1 | op=ADD_SCM {cluster=d5b24aea-bde8-4662-982e-e0ba8d88520f, scmId=18588cf9-7ad3-4805-910e-ac9333d0abf7, addr=localhost:15212} | ret=FAILURE
java.lang.IllegalStateException: Found duplicated element 18588cf9-7ad3-4805-910e-ac9333d0abf7|localhost:15212 in [18588cf9-7ad3-4805-910e-ac9333d0abf7|localhost:15212, eb332bf5-0069-4d4b-8e41-ccd6e8cc684e|localhost:15204, 18588cf9-7ad3-4805-910e-ac9333d0abf7|localhost:15212]
	at org.apache.ratis.util.Preconditions.assertTrue(Preconditions.java:76) ~[ratis-common-3.0.1.jar:3.0.1]
	at org.apache.ratis.util.Preconditions.assertUnique(Preconditions.java:131) ~[ratis-common-3.0.1.jar:3.0.1]
	at org.apache.ratis.util.Preconditions.assertUnique(Preconditions.java:125) ~[ratis-common-3.0.1.jar:3.0.1]
	at org.apache.ratis.protocol.SetConfigurationRequest$Arguments.<init>(SetConfigurationRequest.java:59) ~[ratis-common-3.0.1.jar:3.0.1]
	at org.apache.ratis.protocol.SetConfigurationRequest$Arguments.<init>(SetConfigurationRequest.java:36) ~[ratis-common-3.0.1.jar:3.0.1]
	at org.apache.ratis.protocol.SetConfigurationRequest$Arguments$Builder.build(SetConfigurationRequest.java:144) ~[ratis-common-3.0.1.jar:3.0.1]
	at org.apache.ratis.protocol.SetConfigurationRequest.<init>(SetConfigurationRequest.java:156) ~[ratis-common-3.0.1.jar:3.0.1]
	at org.apache.hadoop.hdds.scm.ha.SCMRatisServerImpl.addSCM(SCMRatisServerImpl.java:324) ~[classes/:?]
	at org.apache.hadoop.hdds.scm.ha.SCMHAManagerImpl.addSCM(SCMHAManagerImpl.java:420) ~[classes/:?]
	at org.apache.hadoop.hdds.scm.server.SCMBlockProtocolServer.addSCM(SCMBlockProtocolServer.java:343) ~[classes/:?]
	at org.apache.hadoop.hdds.scm.protocol.ScmBlockLocationProtocolServerSideTranslatorPB.getAddSCMResponse(ScmBlockLocationProtocolServerSideTranslatorPB.java:260) ~[classes/:?]
	at org.apache.hadoop.hdds.scm.protocol.ScmBlockLocationProtocolServerSideTranslatorPB.processMessage(ScmBlockLocationProtocolServerSideTranslatorPB.java:157) ~[classes/:?]
	at org.apache.hadoop.hdds.server.OzoneProtocolMessageDispatcher.processRequest(OzoneProtocolMessageDispatcher.java:89) [classes/:?]
	at org.apache.hadoop.hdds.scm.protocol.ScmBlockLocationProtocolServerSideTranslatorPB.send(ScmBlockLocationProtocolServerSideTranslatorPB.java:115) [classes/:?]
	at org.apache.hadoop.hdds.protocol.proto.ScmBlockLocationProtocolProtos$ScmBlockLocationProtocolService$2.callBlockingMethod(ScmBlockLocationProtocolProtos.java:15752) [classes/:?]
	at org.apache.hadoop.ipc.ProtobufRpcEngine$Server.processCall(ProtobufRpcEngine.java:484) [hadoop-common-3.3.6.jar:?]
	at org.apache.hadoop.ipc.ProtobufRpcEngine2$Server$ProtoBufRpcInvoker.call(ProtobufRpcEngine2.java:595) [hadoop-common-3.3.6.jar:?]
	at org.apache.hadoop.ipc.ProtobufRpcEngine2$Server$ProtoBufRpcInvoker.call(ProtobufRpcEngine2.java:573) [hadoop-common-3.3.6.jar:?]
	at org.apache.hadoop.ipc.RPC$Server.call(RPC.java:1227) [hadoop-common-3.3.6.jar:?]
	at org.apache.hadoop.ipc.Server$RpcCall.run(Server.java:1094) [hadoop-common-3.3.6.jar:?]
	at org.apache.hadoop.ipc.Server$RpcCall.run(Server.java:1017) [hadoop-common-3.3.6.jar:?]
	at java.security.AccessController.doPrivileged(Native Method) ~[?:1.8.0_402]
	at javax.security.auth.Subject.doAs(Subject.java:422) [?:1.8.0_402]
	at org.apache.hadoop.security.UserGroupInformation.doAs(UserGroupInformation.java:1899) [hadoop-common-3.3.6.jar:?]
	at org.apache.hadoop.ipc.Server$Handler.run(Server.java:3048) [hadoop-common-3.3.6.jar:?]
2024-03-31 12:58:51,632 [IPC Server handler 38 on default port 15208] WARN  ipc.Server (Server.java:logException(3107)) - IPC Server handler 38 on default port 15208, call Call#1251 Retry#2 org.apache.hadoop.hdds.scm.protocol.ScmBlockLocationProtocol.send from localhost:37834 / 127.0.0.1:37834
java.lang.IllegalStateException: Found duplicated element 18588cf9-7ad3-4805-910e-ac9333d0abf7|localhost:15212 in [18588cf9-7ad3-4805-910e-ac9333d0abf7|localhost:15212, eb332bf5-0069-4d4b-8e41-ccd6e8cc684e|localhost:15204, 18588cf9-7ad3-4805-910e-ac9333d0abf7|localhost:15212]
	at org.apache.ratis.util.Preconditions.assertTrue(Preconditions.java:76)
	at org.apache.ratis.util.Preconditions.assertUnique(Preconditions.java:131)
	at org.apache.ratis.util.Preconditions.assertUnique(Preconditions.java:125)
	at org.apache.ratis.protocol.SetConfigurationRequest$Arguments.<init>(SetConfigurationRequest.java:59)
	at org.apache.ratis.protocol.SetConfigurationRequest$Arguments.<init>(SetConfigurationRequest.java:36)
	at org.apache.ratis.protocol.SetConfigurationRequest$Arguments$Builder.build(SetConfigurationRequest.java:144)
	at org.apache.ratis.protocol.SetConfigurationRequest.<init>(SetConfigurationRequest.java:156)
	at org.apache.hadoop.hdds.scm.ha.SCMRatisServerImpl.addSCM(SCMRatisServerImpl.java:324)
	at org.apache.hadoop.hdds.scm.ha.SCMHAManagerImpl.addSCM(SCMHAManagerImpl.java:420)
	at org.apache.hadoop.hdds.scm.server.SCMBlockProtocolServer.addSCM(SCMBlockProtocolServer.java:343)
	at org.apache.hadoop.hdds.scm.protocol.ScmBlockLocationProtocolServerSideTranslatorPB.getAddSCMResponse(ScmBlockLocationProtocolServerSideTranslatorPB.java:260)
	at org.apache.hadoop.hdds.scm.protocol.ScmBlockLocationProtocolServerSideTranslatorPB.processMessage(ScmBlockLocationProtocolServerSideTranslatorPB.java:157)
	at org.apache.hadoop.hdds.server.OzoneProtocolMessageDispatcher.processRequest(OzoneProtocolMessageDispatcher.java:89)
	at org.apache.hadoop.hdds.scm.protocol.ScmBlockLocationProtocolServerSideTranslatorPB.send(ScmBlockLocationProtocolServerSideTranslatorPB.java:115)
	at org.apache.hadoop.hdds.protocol.proto.ScmBlockLocationProtocolProtos$ScmBlockLocationProtocolService$2.callBlockingMethod(ScmBlockLocationProtocolProtos.java:15752)
	at org.apache.hadoop.ipc.ProtobufRpcEngine$Server.processCall(ProtobufRpcEngine.java:484)
	at org.apache.hadoop.ipc.ProtobufRpcEngine2$Server$ProtoBufRpcInvoker.call(ProtobufRpcEngine2.java:595)
	at org.apache.hadoop.ipc.ProtobufRpcEngine2$Server$ProtoBufRpcInvoker.call(ProtobufRpcEngine2.java:573)
	at org.apache.hadoop.ipc.RPC$Server.call(RPC.java:1227)
	at org.apache.hadoop.ipc.Server$RpcCall.run(Server.java:1094)
	at org.apache.hadoop.ipc.Server$RpcCall.run(Server.java:1017)
	at java.security.AccessController.doPrivileged(Native Method)
	at javax.security.auth.Subject.doAs(Subject.java:422)
	at org.apache.hadoop.security.UserGroupInformation.doAs(UserGroupInformation.java:1899)
	at org.apache.hadoop.ipc.Server$Handler.run(Server.java:3048)
2024-03-31 12:58:51,633 [main] INFO  retry.RetryInvocationHandler (RetryInvocationHandler.java:log(422)) - com.google.protobuf.ServiceException: org.apache.hadoop.ipc.RemoteException(java.lang.IllegalStateException): Found duplicated element 18588cf9-7ad3-4805-910e-ac9333d0abf7|localhost:15212 in [18588cf9-7ad3-4805-910e-ac9333d0abf7|localhost:15212, eb332bf5-0069-4d4b-8e41-ccd6e8cc684e|localhost:15204, 18588cf9-7ad3-4805-910e-ac9333d0abf7|localhost:15212]
	at org.apache.ratis.util.Preconditions.assertTrue(Preconditions.java:76)
	at org.apache.ratis.util.Preconditions.assertUnique(Preconditions.java:131)
	at org.apache.ratis.util.Preconditions.assertUnique(Preconditions.java:125)
	at org.apache.ratis.protocol.SetConfigurationRequest$Arguments.<init>(SetConfigurationRequest.java:59)
	at org.apache.ratis.protocol.SetConfigurationRequest$Arguments.<init>(SetConfigurationRequest.java:36)
	at org.apache.ratis.protocol.SetConfigurationRequest$Arguments$Builder.build(SetConfigurationRequest.java:144)
	at org.apache.ratis.protocol.SetConfigurationRequest.<init>(SetConfigurationRequest.java:156)
	at org.apache.hadoop.hdds.scm.ha.SCMRatisServerImpl.addSCM(SCMRatisServerImpl.java:324)
	at org.apache.hadoop.hdds.scm.ha.SCMHAManagerImpl.addSCM(SCMHAManagerImpl.java:420)
	at org.apache.hadoop.hdds.scm.server.SCMBlockProtocolServer.addSCM(SCMBlockProtocolServer.java:343)
	at org.apache.hadoop.hdds.scm.protocol.ScmBlockLocationProtocolServerSideTranslatorPB.getAddSCMResponse(ScmBlockLocationProtocolServerSideTranslatorPB.java:260)
	at org.apache.hadoop.hdds.scm.protocol.ScmBlockLocationProtocolServerSideTranslatorPB.processMessage(ScmBlockLocationProtocolServerSideTranslatorPB.java:157)
	at org.apache.hadoop.hdds.server.OzoneProtocolMessageDispatcher.processRequest(OzoneProtocolMessageDispatcher.java:89)
	at org.apache.hadoop.hdds.scm.protocol.ScmBlockLocationProtocolServerSideTranslatorPB.send(ScmBlockLocationProtocolServerSideTranslatorPB.java:115)
	at org.apache.hadoop.hdds.protocol.proto.ScmBlockLocationProtocolProtos$ScmBlockLocationProtocolService$2.callBlockingMethod(ScmBlockLocationProtocolProtos.java:15752)
	at org.apache.hadoop.ipc.ProtobufRpcEngine$Server.processCall(ProtobufRpcEngine.java:484)
	at org.apache.hadoop.ipc.ProtobufRpcEngine2$Server$ProtoBufRpcInvoker.call(ProtobufRpcEngine2.java:595)
	at org.apache.hadoop.ipc.ProtobufRpcEngine2$Server$ProtoBufRpcInvoker.call(ProtobufRpcEngine2.java:573)
	at org.apache.hadoop.ipc.RPC$Server.call(RPC.java:1227)
	at org.apache.hadoop.ipc.Server$RpcCall.run(Server.java:1094)
	at org.apache.hadoop.ipc.Server$RpcCall.run(Server.java:1017)
	at java.security.AccessController.doPrivileged(Native Method)
	at javax.security.auth.Subject.doAs(Subject.java:422)
	at org.apache.hadoop.security.UserGroupInformation.doAs(UserGroupInformation.java:1899)
	at org.apache.hadoop.ipc.Server$Handler.run(Server.java:3048)
, while invoking $Proxy51.send over nodeId=scmNode-1,nodeAddress=/127.0.0.1:15208 after 2 failover attempts. Trying to failover after sleeping for 2000ms. Current retry count: 2.
2024-03-31 12:58:53,634 [main] INFO  retry.RetryInvocationHandler (RetryInvocationHandler.java:log(422)) - com.google.protobuf.ServiceException: java.net.ConnectException: Call From fv-az1209-424/10.1.0.6 to localhost:15224 failed on connection exception: java.net.ConnectException: Connection refused; For more details see:  http://wiki.apache.org/hadoop/ConnectionRefused, while invoking $Proxy51.send over nodeId=scmNode-3,nodeAddress=/127.0.0.1:15224 after 3 failover attempts. Trying to failover after sleeping for 2000ms. Current retry count: 3.
2024-03-31 12:58:55,635 [IPC Server handler 85 on default port 15208] INFO  ha.SCMRatisServerImpl (SCMRatisServerImpl.java:addSCM(319)) - eb332bf5-0069-4d4b-8e41-ccd6e8cc684e: Submitting SetConfiguration request to Ratis server with new SCM peers list: [18588cf9-7ad3-4805-910e-ac9333d0abf7|localhost:15212, eb332bf5-0069-4d4b-8e41-ccd6e8cc684e|localhost:15204, 18588cf9-7ad3-4805-910e-ac9333d0abf7|localhost:15212]
12:58:55.636 [IPC Server handler 85 on default port 15208] ERROR SCMAudit - user=runner | ip=127.0.0.1 | op=ADD_SCM {cluster=d5b24aea-bde8-4662-982e-e0ba8d88520f, scmId=18588cf9-7ad3-4805-910e-ac9333d0abf7, addr=localhost:15212} | ret=FAILURE
java.lang.IllegalStateException: Found duplicated element 18588cf9-7ad3-4805-910e-ac9333d0abf7|localhost:15212 in [18588cf9-7ad3-4805-910e-ac9333d0abf7|localhost:15212, eb332bf5-0069-4d4b-8e41-ccd6e8cc684e|localhost:15204, 18588cf9-7ad3-4805-910e-ac9333d0abf7|localhost:15212]
	at org.apache.ratis.util.Preconditions.assertTrue(Preconditions.java:76) ~[ratis-common-3.0.1.jar:3.0.1]
	at org.apache.ratis.util.Preconditions.assertUnique(Preconditions.java:131) ~[ratis-common-3.0.1.jar:3.0.1]
	at org.apache.ratis.util.Preconditions.assertUnique(Preconditions.java:125) ~[ratis-common-3.0.1.jar:3.0.1]
	at org.apache.ratis.protocol.SetConfigurationRequest$Arguments.<init>(SetConfigurationRequest.java:59) ~[ratis-common-3.0.1.jar:3.0.1]
	at org.apache.ratis.protocol.SetConfigurationRequest$Arguments.<init>(SetConfigurationRequest.java:36) ~[ratis-common-3.0.1.jar:3.0.1]
	at org.apache.ratis.protocol.SetConfigurationRequest$Arguments$Builder.build(SetConfigurationRequest.java:144) ~[ratis-common-3.0.1.jar:3.0.1]
	at org.apache.ratis.protocol.SetConfigurationRequest.<init>(SetConfigurationRequest.java:156) ~[ratis-common-3.0.1.jar:3.0.1]
	at org.apache.hadoop.hdds.scm.ha.SCMRatisServerImpl.addSCM(SCMRatisServerImpl.java:324) ~[classes/:?]
	at org.apache.hadoop.hdds.scm.ha.SCMHAManagerImpl.addSCM(SCMHAManagerImpl.java:420) ~[classes/:?]
	at org.apache.hadoop.hdds.scm.server.SCMBlockProtocolServer.addSCM(SCMBlockProtocolServer.java:343) ~[classes/:?]
	at org.apache.hadoop.hdds.scm.protocol.ScmBlockLocationProtocolServerSideTranslatorPB.getAddSCMResponse(ScmBlockLocationProtocolServerSideTranslatorPB.java:260) ~[classes/:?]
	at org.apache.hadoop.hdds.scm.protocol.ScmBlockLocationProtocolServerSideTranslatorPB.processMessage(ScmBlockLocationProtocolServerSideTranslatorPB.java:157) ~[classes/:?]
	at org.apache.hadoop.hdds.server.OzoneProtocolMessageDispatcher.processRequest(OzoneProtocolMessageDispatcher.java:89) [classes/:?]
	at org.apache.hadoop.hdds.scm.protocol.ScmBlockLocationProtocolServerSideTranslatorPB.send(ScmBlockLocationProtocolServerSideTranslatorPB.java:115) [classes/:?]
	at org.apache.hadoop.hdds.protocol.proto.ScmBlockLocationProtocolProtos$ScmBlockLocationProtocolService$2.callBlockingMethod(ScmBlockLocationProtocolProtos.java:15752) [classes/:?]
	at org.apache.hadoop.ipc.ProtobufRpcEngine$Server.processCall(ProtobufRpcEngine.java:484) [hadoop-common-3.3.6.jar:?]
	at org.apache.hadoop.ipc.ProtobufRpcEngine2$Server$ProtoBufRpcInvoker.call(ProtobufRpcEngine2.java:595) [hadoop-common-3.3.6.jar:?]
	at org.apache.hadoop.ipc.ProtobufRpcEngine2$Server$ProtoBufRpcInvoker.call(ProtobufRpcEngine2.java:573) [hadoop-common-3.3.6.jar:?]
	at org.apache.hadoop.ipc.RPC$Server.call(RPC.java:1227) [hadoop-common-3.3.6.jar:?]
	at org.apache.hadoop.ipc.Server$RpcCall.run(Server.java:1094) [hadoop-common-3.3.6.jar:?]
	at org.apache.hadoop.ipc.Server$RpcCall.run(Server.java:1017) [hadoop-common-3.3.6.jar:?]
	at java.security.AccessController.doPrivileged(Native Method) ~[?:1.8.0_402]
	at javax.security.auth.Subject.doAs(Subject.java:422) [?:1.8.0_402]
	at org.apache.hadoop.security.UserGroupInformation.doAs(UserGroupInformation.java:1899) [hadoop-common-3.3.6.jar:?]
	at org.apache.hadoop.ipc.Server$Handler.run(Server.java:3048) [hadoop-common-3.3.6.jar:?]
2024-03-31 12:58:55,636 [IPC Server handler 85 on default port 15208] WARN  ipc.Server (Server.java:logException(3107)) - IPC Server handler 85 on default port 15208, call Call#1251 Retry#4 org.apache.hadoop.hdds.scm.protocol.ScmBlockLocationProtocol.send from localhost:37834 / 127.0.0.1:37834
java.lang.IllegalStateException: Found duplicated element 18588cf9-7ad3-4805-910e-ac9333d0abf7|localhost:15212 in [18588cf9-7ad3-4805-910e-ac9333d0abf7|localhost:15212, eb332bf5-0069-4d4b-8e41-ccd6e8cc684e|localhost:15204, 18588cf9-7ad3-4805-910e-ac9333d0abf7|localhost:15212]
	at org.apache.ratis.util.Preconditions.assertTrue(Preconditions.java:76)
	at org.apache.ratis.util.Preconditions.assertUnique(Preconditions.java:131)
	at org.apache.ratis.util.Preconditions.assertUnique(Preconditions.java:125)
	at org.apache.ratis.protocol.SetConfigurationRequest$Arguments.<init>(SetConfigurationRequest.java:59)
	at org.apache.ratis.protocol.SetConfigurationRequest$Arguments.<init>(SetConfigurationRequest.java:36)
	at org.apache.ratis.protocol.SetConfigurationRequest$Arguments$Builder.build(SetConfigurationRequest.java:144)
	at org.apache.ratis.protocol.SetConfigurationRequest.<init>(SetConfigurationRequest.java:156)
	at org.apache.hadoop.hdds.scm.ha.SCMRatisServerImpl.addSCM(SCMRatisServerImpl.java:324)
	at org.apache.hadoop.hdds.scm.ha.SCMHAManagerImpl.addSCM(SCMHAManagerImpl.java:420)
	at org.apache.hadoop.hdds.scm.server.SCMBlockProtocolServer.addSCM(SCMBlockProtocolServer.java:343)
	at org.apache.hadoop.hdds.scm.protocol.ScmBlockLocationProtocolServerSideTranslatorPB.getAddSCMResponse(ScmBlockLocationProtocolServerSideTranslatorPB.java:260)
	at org.apache.hadoop.hdds.scm.protocol.ScmBlockLocationProtocolServerSideTranslatorPB.processMessage(ScmBlockLocationProtocolServerSideTranslatorPB.java:157)
	at org.apache.hadoop.hdds.server.OzoneProtocolMessageDispatcher.processRequest(OzoneProtocolMessageDispatcher.java:89)
	at org.apache.hadoop.hdds.scm.protocol.ScmBlockLocationProtocolServerSideTranslatorPB.send(ScmBlockLocationProtocolServerSideTranslatorPB.java:115)
	at org.apache.hadoop.hdds.protocol.proto.ScmBlockLocationProtocolProtos$ScmBlockLocationProtocolService$2.callBlockingMethod(ScmBlockLocationProtocolProtos.java:15752)
	at org.apache.hadoop.ipc.ProtobufRpcEngine$Server.processCall(ProtobufRpcEngine.java:484)
	at org.apache.hadoop.ipc.ProtobufRpcEngine2$Server$ProtoBufRpcInvoker.call(ProtobufRpcEngine2.java:595)
	at org.apache.hadoop.ipc.ProtobufRpcEngine2$Server$ProtoBufRpcInvoker.call(ProtobufRpcEngine2.java:573)
	at org.apache.hadoop.ipc.RPC$Server.call(RPC.java:1227)
	at org.apache.hadoop.ipc.Server$RpcCall.run(Server.java:1094)
	at org.apache.hadoop.ipc.Server$RpcCall.run(Server.java:1017)
	at java.security.AccessController.doPrivileged(Native Method)
	at javax.security.auth.Subject.doAs(Subject.java:422)
	at org.apache.hadoop.security.UserGroupInformation.doAs(UserGroupInformation.java:1899)
	at org.apache.hadoop.ipc.Server$Handler.run(Server.java:3048)
2024-03-31 12:58:55,638 [main] INFO  retry.RetryInvocationHandler (RetryInvocationHandler.java:log(422)) - com.google.protobuf.ServiceException: org.apache.hadoop.ipc.RemoteException(java.lang.IllegalStateException): Found duplicated element 18588cf9-7ad3-4805-910e-ac9333d0abf7|localhost:15212 in [18588cf9-7ad3-4805-910e-ac9333d0abf7|localhost:15212, eb332bf5-0069-4d4b-8e41-ccd6e8cc684e|localhost:15204, 18588cf9-7ad3-4805-910e-ac9333d0abf7|localhost:15212]
	at org.apache.ratis.util.Preconditions.assertTrue(Preconditions.java:76)
	at org.apache.ratis.util.Preconditions.assertUnique(Preconditions.java:131)
	at org.apache.ratis.util.Preconditions.assertUnique(Preconditions.java:125)
	at org.apache.ratis.protocol.SetConfigurationRequest$Arguments.<init>(SetConfigurationRequest.java:59)
	at org.apache.ratis.protocol.SetConfigurationRequest$Arguments.<init>(SetConfigurationRequest.java:36)
	at org.apache.ratis.protocol.SetConfigurationRequest$Arguments$Builder.build(SetConfigurationRequest.java:144)
	at org.apache.ratis.protocol.SetConfigurationRequest.<init>(SetConfigurationRequest.java:156)
	at org.apache.hadoop.hdds.scm.ha.SCMRatisServerImpl.addSCM(SCMRatisServerImpl.java:324)
	at org.apache.hadoop.hdds.scm.ha.SCMHAManagerImpl.addSCM(SCMHAManagerImpl.java:420)
	at org.apache.hadoop.hdds.scm.server.SCMBlockProtocolServer.addSCM(SCMBlockProtocolServer.java:343)
	at org.apache.hadoop.hdds.scm.protocol.ScmBlockLocationProtocolServerSideTranslatorPB.getAddSCMResponse(ScmBlockLocationProtocolServerSideTranslatorPB.java:260)
	at org.apache.hadoop.hdds.scm.protocol.ScmBlockLocationProtocolServerSideTranslatorPB.processMessage(ScmBlockLocationProtocolServerSideTranslatorPB.java:157)
	at org.apache.hadoop.hdds.server.OzoneProtocolMessageDispatcher.processRequest(OzoneProtocolMessageDispatcher.java:89)
	at org.apache.hadoop.hdds.scm.protocol.ScmBlockLocationProtocolServerSideTranslatorPB.send(ScmBlockLocationProtocolServerSideTranslatorPB.java:115)
	at org.apache.hadoop.hdds.protocol.proto.ScmBlockLocationProtocolProtos$ScmBlockLocationProtocolService$2.callBlockingMethod(ScmBlockLocationProtocolProtos.java:15752)
	at org.apache.hadoop.ipc.ProtobufRpcEngine$Server.processCall(ProtobufRpcEngine.java:484)
	at org.apache.hadoop.ipc.ProtobufRpcEngine2$Server$ProtoBufRpcInvoker.call(ProtobufRpcEngine2.java:595)
	at org.apache.hadoop.ipc.ProtobufRpcEngine2$Server$ProtoBufRpcInvoker.call(ProtobufRpcEngine2.java:573)
	at org.apache.hadoop.ipc.RPC$Server.call(RPC.java:1227)
	at org.apache.hadoop.ipc.Server$RpcCall.run(Server.java:1094)
	at org.apache.hadoop.ipc.Server$RpcCall.run(Server.java:1017)
	at java.security.AccessController.doPrivileged(Native Method)
	at javax.security.auth.Subject.doAs(Subject.java:422)
	at org.apache.hadoop.security.UserGroupInformation.doAs(UserGroupInformation.java:1899)
	at org.apache.hadoop.ipc.Server$Handler.run(Server.java:3048)
, while invoking $Proxy51.send over nodeId=scmNode-1,nodeAddress=/127.0.0.1:15208 after 4 failover attempts. Trying to failover after sleeping for 2000ms. Current retry count: 4.
2024-03-31 12:58:57,639 [main] INFO  retry.RetryInvocationHandler (RetryInvocationHandler.java:log(422)) - com.google.protobuf.ServiceException: java.net.ConnectException: Call From fv-az1209-424/10.1.0.6 to localhost:15224 failed on connection exception: java.net.ConnectException: Connection refused; For more details see:  http://wiki.apache.org/hadoop/ConnectionRefused, while invoking $Proxy51.send over nodeId=scmNode-3,nodeAddress=/127.0.0.1:15224 after 5 failover attempts. Trying to failover after sleeping for 2000ms. Current retry count: 5.
2024-03-31 12:58:59,640 [IPC Server handler 20 on default port 15208] INFO  ha.SCMRatisServerImpl (SCMRatisServerImpl.java:addSCM(319)) - eb332bf5-0069-4d4b-8e41-ccd6e8cc684e: Submitting SetConfiguration request to Ratis server with new SCM peers list: [18588cf9-7ad3-4805-910e-ac9333d0abf7|localhost:15212, eb332bf5-0069-4d4b-8e41-ccd6e8cc684e|localhost:15204, 18588cf9-7ad3-4805-910e-ac9333d0abf7|localhost:15212]
12:58:59.640 [IPC Server handler 20 on default port 15208] ERROR SCMAudit - user=runner | ip=127.0.0.1 | op=ADD_SCM {cluster=d5b24aea-bde8-4662-982e-e0ba8d88520f, scmId=18588cf9-7ad3-4805-910e-ac9333d0abf7, addr=localhost:15212} | ret=FAILURE
java.lang.IllegalStateException: Found duplicated element 18588cf9-7ad3-4805-910e-ac9333d0abf7|localhost:15212 in [18588cf9-7ad3-4805-910e-ac9333d0abf7|localhost:15212, eb332bf5-0069-4d4b-8e41-ccd6e8cc684e|localhost:15204, 18588cf9-7ad3-4805-910e-ac9333d0abf7|localhost:15212]
	at org.apache.ratis.util.Preconditions.assertTrue(Preconditions.java:76) ~[ratis-common-3.0.1.jar:3.0.1]
	at org.apache.ratis.util.Preconditions.assertUnique(Preconditions.java:131) ~[ratis-common-3.0.1.jar:3.0.1]
	at org.apache.ratis.util.Preconditions.assertUnique(Preconditions.java:125) ~[ratis-common-3.0.1.jar:3.0.1]
	at org.apache.ratis.protocol.SetConfigurationRequest$Arguments.<init>(SetConfigurationRequest.java:59) ~[ratis-common-3.0.1.jar:3.0.1]
	at org.apache.ratis.protocol.SetConfigurationRequest$Arguments.<init>(SetConfigurationRequest.java:36) ~[ratis-common-3.0.1.jar:3.0.1]
	at org.apache.ratis.protocol.SetConfigurationRequest$Arguments$Builder.build(SetConfigurationRequest.java:144) ~[ratis-common-3.0.1.jar:3.0.1]
	at org.apache.ratis.protocol.SetConfigurationRequest.<init>(SetConfigurationRequest.java:156) ~[ratis-common-3.0.1.jar:3.0.1]
	at org.apache.hadoop.hdds.scm.ha.SCMRatisServerImpl.addSCM(SCMRatisServerImpl.java:324) ~[classes/:?]
	at org.apache.hadoop.hdds.scm.ha.SCMHAManagerImpl.addSCM(SCMHAManagerImpl.java:420) ~[classes/:?]
	at org.apache.hadoop.hdds.scm.server.SCMBlockProtocolServer.addSCM(SCMBlockProtocolServer.java:343) ~[classes/:?]
	at org.apache.hadoop.hdds.scm.protocol.ScmBlockLocationProtocolServerSideTranslatorPB.getAddSCMResponse(ScmBlockLocationProtocolServerSideTranslatorPB.java:260) ~[classes/:?]
	at org.apache.hadoop.hdds.scm.protocol.ScmBlockLocationProtocolServerSideTranslatorPB.processMessage(ScmBlockLocationProtocolServerSideTranslatorPB.java:157) ~[classes/:?]
	at org.apache.hadoop.hdds.server.OzoneProtocolMessageDispatcher.processRequest(OzoneProtocolMessageDispatcher.java:89) [classes/:?]
	at org.apache.hadoop.hdds.scm.protocol.ScmBlockLocationProtocolServerSideTranslatorPB.send(ScmBlockLocationProtocolServerSideTranslatorPB.java:115) [classes/:?]
	at org.apache.hadoop.hdds.protocol.proto.ScmBlockLocationProtocolProtos$ScmBlockLocationProtocolService$2.callBlockingMethod(ScmBlockLocationProtocolProtos.java:15752) [classes/:?]
	at org.apache.hadoop.ipc.ProtobufRpcEngine$Server.processCall(ProtobufRpcEngine.java:484) [hadoop-common-3.3.6.jar:?]
	at org.apache.hadoop.ipc.ProtobufRpcEngine2$Server$ProtoBufRpcInvoker.call(ProtobufRpcEngine2.java:595) [hadoop-common-3.3.6.jar:?]
	at org.apache.hadoop.ipc.ProtobufRpcEngine2$Server$ProtoBufRpcInvoker.call(ProtobufRpcEngine2.java:573) [hadoop-common-3.3.6.jar:?]
	at org.apache.hadoop.ipc.RPC$Server.call(RPC.java:1227) [hadoop-common-3.3.6.jar:?]
	at org.apache.hadoop.ipc.Server$RpcCall.run(Server.java:1094) [hadoop-common-3.3.6.jar:?]
	at org.apache.hadoop.ipc.Server$RpcCall.run(Server.java:1017) [hadoop-common-3.3.6.jar:?]
	at java.security.AccessController.doPrivileged(Native Method) ~[?:1.8.0_402]
	at javax.security.auth.Subject.doAs(Subject.java:422) [?:1.8.0_402]
	at org.apache.hadoop.security.UserGroupInformation.doAs(UserGroupInformation.java:1899) [hadoop-common-3.3.6.jar:?]
	at org.apache.hadoop.ipc.Server$Handler.run(Server.java:3048) [hadoop-common-3.3.6.jar:?]
2024-03-31 12:58:59,641 [IPC Server handler 20 on default port 15208] WARN  ipc.Server (Server.java:logException(3107)) - IPC Server handler 20 on default port 15208, call Call#1251 Retry#6 org.apache.hadoop.hdds.scm.protocol.ScmBlockLocationProtocol.send from localhost:37834 / 127.0.0.1:37834
java.lang.IllegalStateException: Found duplicated element 18588cf9-7ad3-4805-910e-ac9333d0abf7|localhost:15212 in [18588cf9-7ad3-4805-910e-ac9333d0abf7|localhost:15212, eb332bf5-0069-4d4b-8e41-ccd6e8cc684e|localhost:15204, 18588cf9-7ad3-4805-910e-ac9333d0abf7|localhost:15212]
	at org.apache.ratis.util.Preconditions.assertTrue(Preconditions.java:76)
	at org.apache.ratis.util.Preconditions.assertUnique(Preconditions.java:131)
	at org.apache.ratis.util.Preconditions.assertUnique(Preconditions.java:125)
	at org.apache.ratis.protocol.SetConfigurationRequest$Arguments.<init>(SetConfigurationRequest.java:59)
	at org.apache.ratis.protocol.SetConfigurationRequest$Arguments.<init>(SetConfigurationRequest.java:36)
	at org.apache.ratis.protocol.SetConfigurationRequest$Arguments$Builder.build(SetConfigurationRequest.java:144)
	at org.apache.ratis.protocol.SetConfigurationRequest.<init>(SetConfigurationRequest.java:156)
	at org.apache.hadoop.hdds.scm.ha.SCMRatisServerImpl.addSCM(SCMRatisServerImpl.java:324)
	at org.apache.hadoop.hdds.scm.ha.SCMHAManagerImpl.addSCM(SCMHAManagerImpl.java:420)
	at org.apache.hadoop.hdds.scm.server.SCMBlockProtocolServer.addSCM(SCMBlockProtocolServer.java:343)
	at org.apache.hadoop.hdds.scm.protocol.ScmBlockLocationProtocolServerSideTranslatorPB.getAddSCMResponse(ScmBlockLocationProtocolServerSideTranslatorPB.java:260)
	at org.apache.hadoop.hdds.scm.protocol.ScmBlockLocationProtocolServerSideTranslatorPB.processMessage(ScmBlockLocationProtocolServerSideTranslatorPB.java:157)
	at org.apache.hadoop.hdds.server.OzoneProtocolMessageDispatcher.processRequest(OzoneProtocolMessageDispatcher.java:89)
	at org.apache.hadoop.hdds.scm.protocol.ScmBlockLocationProtocolServerSideTranslatorPB.send(ScmBlockLocationProtocolServerSideTranslatorPB.java:115)
	at org.apache.hadoop.hdds.protocol.proto.ScmBlockLocationProtocolProtos$ScmBlockLocationProtocolService$2.callBlockingMethod(ScmBlockLocationProtocolProtos.java:15752)
	at org.apache.hadoop.ipc.ProtobufRpcEngine$Server.processCall(ProtobufRpcEngine.java:484)
	at org.apache.hadoop.ipc.ProtobufRpcEngine2$Server$ProtoBufRpcInvoker.call(ProtobufRpcEngine2.java:595)
	at org.apache.hadoop.ipc.ProtobufRpcEngine2$Server$ProtoBufRpcInvoker.call(ProtobufRpcEngine2.java:573)
	at org.apache.hadoop.ipc.RPC$Server.call(RPC.java:1227)
	at org.apache.hadoop.ipc.Server$RpcCall.run(Server.java:1094)
	at org.apache.hadoop.ipc.Server$RpcCall.run(Server.java:1017)
	at java.security.AccessController.doPrivileged(Native Method)
	at javax.security.auth.Subject.doAs(Subject.java:422)
	at org.apache.hadoop.security.UserGroupInformation.doAs(UserGroupInformation.java:1899)
	at org.apache.hadoop.ipc.Server$Handler.run(Server.java:3048)
2024-03-31 12:58:59,644 [main] INFO  retry.RetryInvocationHandler (RetryInvocationHandler.java:log(422)) - com.google.protobuf.ServiceException: org.apache.hadoop.ipc.RemoteException(java.lang.IllegalStateException): Found duplicated element 18588cf9-7ad3-4805-910e-ac9333d0abf7|localhost:15212 in [18588cf9-7ad3-4805-910e-ac9333d0abf7|localhost:15212, eb332bf5-0069-4d4b-8e41-ccd6e8cc684e|localhost:15204, 18588cf9-7ad3-4805-910e-ac9333d0abf7|localhost:15212]
	at org.apache.ratis.util.Preconditions.assertTrue(Preconditions.java:76)
	at org.apache.ratis.util.Preconditions.assertUnique(Preconditions.java:131)
	at org.apache.ratis.util.Preconditions.assertUnique(Preconditions.java:125)
	at org.apache.ratis.protocol.SetConfigurationRequest$Arguments.<init>(SetConfigurationRequest.java:59)
	at org.apache.ratis.protocol.SetConfigurationRequest$Arguments.<init>(SetConfigurationRequest.java:36)
	at org.apache.ratis.protocol.SetConfigurationRequest$Arguments$Builder.build(SetConfigurationRequest.java:144)
	at org.apache.ratis.protocol.SetConfigurationRequest.<init>(SetConfigurationRequest.java:156)
	at org.apache.hadoop.hdds.scm.ha.SCMRatisServerImpl.addSCM(SCMRatisServerImpl.java:324)
	at org.apache.hadoop.hdds.scm.ha.SCMHAManagerImpl.addSCM(SCMHAManagerImpl.java:420)
	at org.apache.hadoop.hdds.scm.server.SCMBlockProtocolServer.addSCM(SCMBlockProtocolServer.java:343)
	at org.apache.hadoop.hdds.scm.protocol.ScmBlockLocationProtocolServerSideTranslatorPB.getAddSCMResponse(ScmBlockLocationProtocolServerSideTranslatorPB.java:260)
	at org.apache.hadoop.hdds.scm.protocol.ScmBlockLocationProtocolServerSideTranslatorPB.processMessage(ScmBlockLocationProtocolServerSideTranslatorPB.java:157)
	at org.apache.hadoop.hdds.server.OzoneProtocolMessageDispatcher.processRequest(OzoneProtocolMessageDispatcher.java:89)
	at org.apache.hadoop.hdds.scm.protocol.ScmBlockLocationProtocolServerSideTranslatorPB.send(ScmBlockLocationProtocolServerSideTranslatorPB.java:115)
	at org.apache.hadoop.hdds.protocol.proto.ScmBlockLocationProtocolProtos$ScmBlockLocationProtocolService$2.callBlockingMethod(ScmBlockLocationProtocolProtos.java:15752)
	at org.apache.hadoop.ipc.ProtobufRpcEngine$Server.processCall(ProtobufRpcEngine.java:484)
	at org.apache.hadoop.ipc.ProtobufRpcEngine2$Server$ProtoBufRpcInvoker.call(ProtobufRpcEngine2.java:595)
	at org.apache.hadoop.ipc.ProtobufRpcEngine2$Server$ProtoBufRpcInvoker.call(ProtobufRpcEngine2.java:573)
	at org.apache.hadoop.ipc.RPC$Server.call(RPC.java:1227)
	at org.apache.hadoop.ipc.Server$RpcCall.run(Server.java:1094)
	at org.apache.hadoop.ipc.Server$RpcCall.run(Server.java:1017)
	at java.security.AccessController.doPrivileged(Native Method)
	at javax.security.auth.Subject.doAs(Subject.java:422)
	at org.apache.hadoop.security.UserGroupInformation.doAs(UserGroupInformation.java:1899)
	at org.apache.hadoop.ipc.Server$Handler.run(Server.java:3048)
, while invoking $Proxy51.send over nodeId=scmNode-1,nodeAddress=/127.0.0.1:15208 after 6 failover attempts. Trying to failover after sleeping for 2000ms. Current retry count: 6.
2024-03-31 12:59:01,645 [main] INFO  retry.RetryInvocationHandler (RetryInvocationHandler.java:log(422)) - com.google.protobuf.ServiceException: java.net.ConnectException: Call From fv-az1209-424/10.1.0.6 to localhost:15224 failed on connection exception: java.net.ConnectException: Connection refused; For more details see:  http://wiki.apache.org/hadoop/ConnectionRefused, while invoking $Proxy51.send over nodeId=scmNode-3,nodeAddress=/127.0.0.1:15224 after 7 failover attempts. Trying to failover after sleeping for 2000ms. Current retry count: 7.
2024-03-31 12:59:03,646 [IPC Server handler 47 on default port 15208] INFO  ha.SCMRatisServerImpl (SCMRatisServerImpl.java:addSCM(319)) - eb332bf5-0069-4d4b-8e41-ccd6e8cc684e: Submitting SetConfiguration request to Ratis server with new SCM peers list: [18588cf9-7ad3-4805-910e-ac9333d0abf7|localhost:15212, eb332bf5-0069-4d4b-8e41-ccd6e8cc684e|localhost:15204, 18588cf9-7ad3-4805-910e-ac9333d0abf7|localhost:15212]
12:59:03.646 [IPC Server handler 47 on default port 15208] ERROR SCMAudit - user=runner | ip=127.0.0.1 | op=ADD_SCM {cluster=d5b24aea-bde8-4662-982e-e0ba8d88520f, scmId=18588cf9-7ad3-4805-910e-ac9333d0abf7, addr=localhost:15212} | ret=FAILURE
java.lang.IllegalStateException: Found duplicated element 18588cf9-7ad3-4805-910e-ac9333d0abf7|localhost:15212 in [18588cf9-7ad3-4805-910e-ac9333d0abf7|localhost:15212, eb332bf5-0069-4d4b-8e41-ccd6e8cc684e|localhost:15204, 18588cf9-7ad3-4805-910e-ac9333d0abf7|localhost:15212]
	at org.apache.ratis.util.Preconditions.assertTrue(Preconditions.java:76) ~[ratis-common-3.0.1.jar:3.0.1]
	at org.apache.ratis.util.Preconditions.assertUnique(Preconditions.java:131) ~[ratis-common-3.0.1.jar:3.0.1]
	at org.apache.ratis.util.Preconditions.assertUnique(Preconditions.java:125) ~[ratis-common-3.0.1.jar:3.0.1]
	at org.apache.ratis.protocol.SetConfigurationRequest$Arguments.<init>(SetConfigurationRequest.java:59) ~[ratis-common-3.0.1.jar:3.0.1]
	at org.apache.ratis.protocol.SetConfigurationRequest$Arguments.<init>(SetConfigurationRequest.java:36) ~[ratis-common-3.0.1.jar:3.0.1]
	at org.apache.ratis.protocol.SetConfigurationRequest$Arguments$Builder.build(SetConfigurationRequest.java:144) ~[ratis-common-3.0.1.jar:3.0.1]
	at org.apache.ratis.protocol.SetConfigurationRequest.<init>(SetConfigurationRequest.java:156) ~[ratis-common-3.0.1.jar:3.0.1]
	at org.apache.hadoop.hdds.scm.ha.SCMRatisServerImpl.addSCM(SCMRatisServerImpl.java:324) ~[classes/:?]
	at org.apache.hadoop.hdds.scm.ha.SCMHAManagerImpl.addSCM(SCMHAManagerImpl.java:420) ~[classes/:?]
	at org.apache.hadoop.hdds.scm.server.SCMBlockProtocolServer.addSCM(SCMBlockProtocolServer.java:343) ~[classes/:?]
	at org.apache.hadoop.hdds.scm.protocol.ScmBlockLocationProtocolServerSideTranslatorPB.getAddSCMResponse(ScmBlockLocationProtocolServerSideTranslatorPB.java:260) ~[classes/:?]
	at org.apache.hadoop.hdds.scm.protocol.ScmBlockLocationProtocolServerSideTranslatorPB.processMessage(ScmBlockLocationProtocolServerSideTranslatorPB.java:157) ~[classes/:?]
	at org.apache.hadoop.hdds.server.OzoneProtocolMessageDispatcher.processRequest(OzoneProtocolMessageDispatcher.java:89) [classes/:?]
	at org.apache.hadoop.hdds.scm.protocol.ScmBlockLocationProtocolServerSideTranslatorPB.send(ScmBlockLocationProtocolServerSideTranslatorPB.java:115) [classes/:?]
	at org.apache.hadoop.hdds.protocol.proto.ScmBlockLocationProtocolProtos$ScmBlockLocationProtocolService$2.callBlockingMethod(ScmBlockLocationProtocolProtos.java:15752) [classes/:?]
	at org.apache.hadoop.ipc.ProtobufRpcEngine$Server.processCall(ProtobufRpcEngine.java:484) [hadoop-common-3.3.6.jar:?]
	at org.apache.hadoop.ipc.ProtobufRpcEngine2$Server$ProtoBufRpcInvoker.call(ProtobufRpcEngine2.java:595) [hadoop-common-3.3.6.jar:?]
	at org.apache.hadoop.ipc.ProtobufRpcEngine2$Server$ProtoBufRpcInvoker.call(ProtobufRpcEngine2.java:573) [hadoop-common-3.3.6.jar:?]
	at org.apache.hadoop.ipc.RPC$Server.call(RPC.java:1227) [hadoop-common-3.3.6.jar:?]
	at org.apache.hadoop.ipc.Server$RpcCall.run(Server.java:1094) [hadoop-common-3.3.6.jar:?]
	at org.apache.hadoop.ipc.Server$RpcCall.run(Server.java:1017) [hadoop-common-3.3.6.jar:?]
	at java.security.AccessController.doPrivileged(Native Method) ~[?:1.8.0_402]
	at javax.security.auth.Subject.doAs(Subject.java:422) [?:1.8.0_402]
	at org.apache.hadoop.security.UserGroupInformation.doAs(UserGroupInformation.java:1899) [hadoop-common-3.3.6.jar:?]
	at org.apache.hadoop.ipc.Server$Handler.run(Server.java:3048) [hadoop-common-3.3.6.jar:?]
2024-03-31 12:59:03,646 [IPC Server handler 47 on default port 15208] WARN  ipc.Server (Server.java:logException(3107)) - IPC Server handler 47 on default port 15208, call Call#1251 Retry#8 org.apache.hadoop.hdds.scm.protocol.ScmBlockLocationProtocol.send from localhost:37834 / 127.0.0.1:37834
java.lang.IllegalStateException: Found duplicated element 18588cf9-7ad3-4805-910e-ac9333d0abf7|localhost:15212 in [18588cf9-7ad3-4805-910e-ac9333d0abf7|localhost:15212, eb332bf5-0069-4d4b-8e41-ccd6e8cc684e|localhost:15204, 18588cf9-7ad3-4805-910e-ac9333d0abf7|localhost:15212]
	at org.apache.ratis.util.Preconditions.assertTrue(Preconditions.java:76)
	at org.apache.ratis.util.Preconditions.assertUnique(Preconditions.java:131)
	at org.apache.ratis.util.Preconditions.assertUnique(Preconditions.java:125)
	at org.apache.ratis.protocol.SetConfigurationRequest$Arguments.<init>(SetConfigurationRequest.java:59)
	at org.apache.ratis.protocol.SetConfigurationRequest$Arguments.<init>(SetConfigurationRequest.java:36)
	at org.apache.ratis.protocol.SetConfigurationRequest$Arguments$Builder.build(SetConfigurationRequest.java:144)
	at org.apache.ratis.protocol.SetConfigurationRequest.<init>(SetConfigurationRequest.java:156)
	at org.apache.hadoop.hdds.scm.ha.SCMRatisServerImpl.addSCM(SCMRatisServerImpl.java:324)
	at org.apache.hadoop.hdds.scm.ha.SCMHAManagerImpl.addSCM(SCMHAManagerImpl.java:420)
	at org.apache.hadoop.hdds.scm.server.SCMBlockProtocolServer.addSCM(SCMBlockProtocolServer.java:343)
	at org.apache.hadoop.hdds.scm.protocol.ScmBlockLocationProtocolServerSideTranslatorPB.getAddSCMResponse(ScmBlockLocationProtocolServerSideTranslatorPB.java:260)
	at org.apache.hadoop.hdds.scm.protocol.ScmBlockLocationProtocolServerSideTranslatorPB.processMessage(ScmBlockLocationProtocolServerSideTranslatorPB.java:157)
	at org.apache.hadoop.hdds.server.OzoneProtocolMessageDispatcher.processRequest(OzoneProtocolMessageDispatcher.java:89)
	at org.apache.hadoop.hdds.scm.protocol.ScmBlockLocationProtocolServerSideTranslatorPB.send(ScmBlockLocationProtocolServerSideTranslatorPB.java:115)
	at org.apache.hadoop.hdds.protocol.proto.ScmBlockLocationProtocolProtos$ScmBlockLocationProtocolService$2.callBlockingMethod(ScmBlockLocationProtocolProtos.java:15752)
	at org.apache.hadoop.ipc.ProtobufRpcEngine$Server.processCall(ProtobufRpcEngine.java:484)
	at org.apache.hadoop.ipc.ProtobufRpcEngine2$Server$ProtoBufRpcInvoker.call(ProtobufRpcEngine2.java:595)
	at org.apache.hadoop.ipc.ProtobufRpcEngine2$Server$ProtoBufRpcInvoker.call(ProtobufRpcEngine2.java:573)
	at org.apache.hadoop.ipc.RPC$Server.call(RPC.java:1227)
	at org.apache.hadoop.ipc.Server$RpcCall.run(Server.java:1094)
	at org.apache.hadoop.ipc.Server$RpcCall.run(Server.java:1017)
	at java.security.AccessController.doPrivileged(Native Method)
	at javax.security.auth.Subject.doAs(Subject.java:422)
	at org.apache.hadoop.security.UserGroupInformation.doAs(UserGroupInformation.java:1899)
	at org.apache.hadoop.ipc.Server$Handler.run(Server.java:3048)
2024-03-31 12:59:03,648 [main] INFO  retry.RetryInvocationHandler (RetryInvocationHandler.java:log(422)) - com.google.protobuf.ServiceException: org.apache.hadoop.ipc.RemoteException(java.lang.IllegalStateException): Found duplicated element 18588cf9-7ad3-4805-910e-ac9333d0abf7|localhost:15212 in [18588cf9-7ad3-4805-910e-ac9333d0abf7|localhost:15212, eb332bf5-0069-4d4b-8e41-ccd6e8cc684e|localhost:15204, 18588cf9-7ad3-4805-910e-ac9333d0abf7|localhost:15212]
	at org.apache.ratis.util.Preconditions.assertTrue(Preconditions.java:76)
	at org.apache.ratis.util.Preconditions.assertUnique(Preconditions.java:131)
	at org.apache.ratis.util.Preconditions.assertUnique(Preconditions.java:125)
	at org.apache.ratis.protocol.SetConfigurationRequest$Arguments.<init>(SetConfigurationRequest.java:59)
	at org.apache.ratis.protocol.SetConfigurationRequest$Arguments.<init>(SetConfigurationRequest.java:36)
	at org.apache.ratis.protocol.SetConfigurationRequest$Arguments$Builder.build(SetConfigurationRequest.java:144)
	at org.apache.ratis.protocol.SetConfigurationRequest.<init>(SetConfigurationRequest.java:156)
	at org.apache.hadoop.hdds.scm.ha.SCMRatisServerImpl.addSCM(SCMRatisServerImpl.java:324)
	at org.apache.hadoop.hdds.scm.ha.SCMHAManagerImpl.addSCM(SCMHAManagerImpl.java:420)
	at org.apache.hadoop.hdds.scm.server.SCMBlockProtocolServer.addSCM(SCMBlockProtocolServer.java:343)
	at org.apache.hadoop.hdds.scm.protocol.ScmBlockLocationProtocolServerSideTranslatorPB.getAddSCMResponse(ScmBlockLocationProtocolServerSideTranslatorPB.java:260)
	at org.apache.hadoop.hdds.scm.protocol.ScmBlockLocationProtocolServerSideTranslatorPB.processMessage(ScmBlockLocationProtocolServerSideTranslatorPB.java:157)
	at org.apache.hadoop.hdds.server.OzoneProtocolMessageDispatcher.processRequest(OzoneProtocolMessageDispatcher.java:89)
	at org.apache.hadoop.hdds.scm.protocol.ScmBlockLocationProtocolServerSideTranslatorPB.send(ScmBlockLocationProtocolServerSideTranslatorPB.java:115)
	at org.apache.hadoop.hdds.protocol.proto.ScmBlockLocationProtocolProtos$ScmBlockLocationProtocolService$2.callBlockingMethod(ScmBlockLocationProtocolProtos.java:15752)
	at org.apache.hadoop.ipc.ProtobufRpcEngine$Server.processCall(ProtobufRpcEngine.java:484)
	at org.apache.hadoop.ipc.ProtobufRpcEngine2$Server$ProtoBufRpcInvoker.call(ProtobufRpcEngine2.java:595)
	at org.apache.hadoop.ipc.ProtobufRpcEngine2$Server$ProtoBufRpcInvoker.call(ProtobufRpcEngine2.java:573)
	at org.apache.hadoop.ipc.RPC$Server.call(RPC.java:1227)
	at org.apache.hadoop.ipc.Server$RpcCall.run(Server.java:1094)
	at org.apache.hadoop.ipc.Server$RpcCall.run(Server.java:1017)
	at java.security.AccessController.doPrivileged(Native Method)
	at javax.security.auth.Subject.doAs(Subject.java:422)
	at org.apache.hadoop.security.UserGroupInformation.doAs(UserGroupInformation.java:1899)
	at org.apache.hadoop.ipc.Server$Handler.run(Server.java:3048)
, while invoking $Proxy51.send over nodeId=scmNode-1,nodeAddress=/127.0.0.1:15208 after 8 failover attempts. Trying to failover after sleeping for 2000ms. Current retry count: 8.
2024-03-31 12:59:05,649 [main] INFO  retry.RetryInvocationHandler (RetryInvocationHandler.java:log(422)) - com.google.protobuf.ServiceException: java.net.ConnectException: Call From fv-az1209-424/10.1.0.6 to localhost:15224 failed on connection exception: java.net.ConnectException: Connection refused; For more details see:  http://wiki.apache.org/hadoop/ConnectionRefused, while invoking $Proxy51.send over nodeId=scmNode-3,nodeAddress=/127.0.0.1:15224 after 9 failover attempts. Trying to failover after sleeping for 2000ms. Current retry count: 9.
2024-03-31 12:59:07,650 [IPC Server handler 78 on default port 15208] INFO  ha.SCMRatisServerImpl (SCMRatisServerImpl.java:addSCM(319)) - eb332bf5-0069-4d4b-8e41-ccd6e8cc684e: Submitting SetConfiguration request to Ratis server with new SCM peers list: [18588cf9-7ad3-4805-910e-ac9333d0abf7|localhost:15212, eb332bf5-0069-4d4b-8e41-ccd6e8cc684e|localhost:15204, 18588cf9-7ad3-4805-910e-ac9333d0abf7|localhost:15212]
12:59:07.650 [IPC Server handler 78 on default port 15208] ERROR SCMAudit - user=runner | ip=127.0.0.1 | op=ADD_SCM {cluster=d5b24aea-bde8-4662-982e-e0ba8d88520f, scmId=18588cf9-7ad3-4805-910e-ac9333d0abf7, addr=localhost:15212} | ret=FAILURE
java.lang.IllegalStateException: Found duplicated element 18588cf9-7ad3-4805-910e-ac9333d0abf7|localhost:15212 in [18588cf9-7ad3-4805-910e-ac9333d0abf7|localhost:15212, eb332bf5-0069-4d4b-8e41-ccd6e8cc684e|localhost:15204, 18588cf9-7ad3-4805-910e-ac9333d0abf7|localhost:15212]
	at org.apache.ratis.util.Preconditions.assertTrue(Preconditions.java:76) ~[ratis-common-3.0.1.jar:3.0.1]
	at org.apache.ratis.util.Preconditions.assertUnique(Preconditions.java:131) ~[ratis-common-3.0.1.jar:3.0.1]
	at org.apache.ratis.util.Preconditions.assertUnique(Preconditions.java:125) ~[ratis-common-3.0.1.jar:3.0.1]
	at org.apache.ratis.protocol.SetConfigurationRequest$Arguments.<init>(SetConfigurationRequest.java:59) ~[ratis-common-3.0.1.jar:3.0.1]
	at org.apache.ratis.protocol.SetConfigurationRequest$Arguments.<init>(SetConfigurationRequest.java:36) ~[ratis-common-3.0.1.jar:3.0.1]
	at org.apache.ratis.protocol.SetConfigurationRequest$Arguments$Builder.build(SetConfigurationRequest.java:144) ~[ratis-common-3.0.1.jar:3.0.1]
	at org.apache.ratis.protocol.SetConfigurationRequest.<init>(SetConfigurationRequest.java:156) ~[ratis-common-3.0.1.jar:3.0.1]
	at org.apache.hadoop.hdds.scm.ha.SCMRatisServerImpl.addSCM(SCMRatisServerImpl.java:324) ~[classes/:?]
	at org.apache.hadoop.hdds.scm.ha.SCMHAManagerImpl.addSCM(SCMHAManagerImpl.java:420) ~[classes/:?]
	at org.apache.hadoop.hdds.scm.server.SCMBlockProtocolServer.addSCM(SCMBlockProtocolServer.java:343) ~[classes/:?]
	at org.apache.hadoop.hdds.scm.protocol.ScmBlockLocationProtocolServerSideTranslatorPB.getAddSCMResponse(ScmBlockLocationProtocolServerSideTranslatorPB.java:260) ~[classes/:?]
	at org.apache.hadoop.hdds.scm.protocol.ScmBlockLocationProtocolServerSideTranslatorPB.processMessage(ScmBlockLocationProtocolServerSideTranslatorPB.java:157) ~[classes/:?]
	at org.apache.hadoop.hdds.server.OzoneProtocolMessageDispatcher.processRequest(OzoneProtocolMessageDispatcher.java:89) [classes/:?]
	at org.apache.hadoop.hdds.scm.protocol.ScmBlockLocationProtocolServerSideTranslatorPB.send(ScmBlockLocationProtocolServerSideTranslatorPB.java:115) [classes/:?]
	at org.apache.hadoop.hdds.protocol.proto.ScmBlockLocationProtocolProtos$ScmBlockLocationProtocolService$2.callBlockingMethod(ScmBlockLocationProtocolProtos.java:15752) [classes/:?]
	at org.apache.hadoop.ipc.ProtobufRpcEngine$Server.processCall(ProtobufRpcEngine.java:484) [hadoop-common-3.3.6.jar:?]
	at org.apache.hadoop.ipc.ProtobufRpcEngine2$Server$ProtoBufRpcInvoker.call(ProtobufRpcEngine2.java:595) [hadoop-common-3.3.6.jar:?]
	at org.apache.hadoop.ipc.ProtobufRpcEngine2$Server$ProtoBufRpcInvoker.call(ProtobufRpcEngine2.java:573) [hadoop-common-3.3.6.jar:?]
	at org.apache.hadoop.ipc.RPC$Server.call(RPC.java:1227) [hadoop-common-3.3.6.jar:?]
	at org.apache.hadoop.ipc.Server$RpcCall.run(Server.java:1094) [hadoop-common-3.3.6.jar:?]
	at org.apache.hadoop.ipc.Server$RpcCall.run(Server.java:1017) [hadoop-common-3.3.6.jar:?]
	at java.security.AccessController.doPrivileged(Native Method) ~[?:1.8.0_402]
	at javax.security.auth.Subject.doAs(Subject.java:422) [?:1.8.0_402]
	at org.apache.hadoop.security.UserGroupInformation.doAs(UserGroupInformation.java:1899) [hadoop-common-3.3.6.jar:?]
	at org.apache.hadoop.ipc.Server$Handler.run(Server.java:3048) [hadoop-common-3.3.6.jar:?]
2024-03-31 12:59:07,651 [IPC Server handler 78 on default port 15208] WARN  ipc.Server (Server.java:logException(3107)) - IPC Server handler 78 on default port 15208, call Call#1251 Retry#10 org.apache.hadoop.hdds.scm.protocol.ScmBlockLocationProtocol.send from localhost:37834 / 127.0.0.1:37834
java.lang.IllegalStateException: Found duplicated element 18588cf9-7ad3-4805-910e-ac9333d0abf7|localhost:15212 in [18588cf9-7ad3-4805-910e-ac9333d0abf7|localhost:15212, eb332bf5-0069-4d4b-8e41-ccd6e8cc684e|localhost:15204, 18588cf9-7ad3-4805-910e-ac9333d0abf7|localhost:15212]
	at org.apache.ratis.util.Preconditions.assertTrue(Preconditions.java:76)
	at org.apache.ratis.util.Preconditions.assertUnique(Preconditions.java:131)
	at org.apache.ratis.util.Preconditions.assertUnique(Preconditions.java:125)
	at org.apache.ratis.protocol.SetConfigurationRequest$Arguments.<init>(SetConfigurationRequest.java:59)
	at org.apache.ratis.protocol.SetConfigurationRequest$Arguments.<init>(SetConfigurationRequest.java:36)
	at org.apache.ratis.protocol.SetConfigurationRequest$Arguments$Builder.build(SetConfigurationRequest.java:144)
	at org.apache.ratis.protocol.SetConfigurationRequest.<init>(SetConfigurationRequest.java:156)
	at org.apache.hadoop.hdds.scm.ha.SCMRatisServerImpl.addSCM(SCMRatisServerImpl.java:324)
	at org.apache.hadoop.hdds.scm.ha.SCMHAManagerImpl.addSCM(SCMHAManagerImpl.java:420)
	at org.apache.hadoop.hdds.scm.server.SCMBlockProtocolServer.addSCM(SCMBlockProtocolServer.java:343)
	at org.apache.hadoop.hdds.scm.protocol.ScmBlockLocationProtocolServerSideTranslatorPB.getAddSCMResponse(ScmBlockLocationProtocolServerSideTranslatorPB.java:260)
	at org.apache.hadoop.hdds.scm.protocol.ScmBlockLocationProtocolServerSideTranslatorPB.processMessage(ScmBlockLocationProtocolServerSideTranslatorPB.java:157)
	at org.apache.hadoop.hdds.server.OzoneProtocolMessageDispatcher.processRequest(OzoneProtocolMessageDispatcher.java:89)
	at org.apache.hadoop.hdds.scm.protocol.ScmBlockLocationProtocolServerSideTranslatorPB.send(ScmBlockLocationProtocolServerSideTranslatorPB.java:115)
	at org.apache.hadoop.hdds.protocol.proto.ScmBlockLocationProtocolProtos$ScmBlockLocationProtocolService$2.callBlockingMethod(ScmBlockLocationProtocolProtos.java:15752)
	at org.apache.hadoop.ipc.ProtobufRpcEngine$Server.processCall(ProtobufRpcEngine.java:484)
	at org.apache.hadoop.ipc.ProtobufRpcEngine2$Server$ProtoBufRpcInvoker.call(ProtobufRpcEngine2.java:595)
	at org.apache.hadoop.ipc.ProtobufRpcEngine2$Server$ProtoBufRpcInvoker.call(ProtobufRpcEngine2.java:573)
	at org.apache.hadoop.ipc.RPC$Server.call(RPC.java:1227)
	at org.apache.hadoop.ipc.Server$RpcCall.run(Server.java:1094)
	at org.apache.hadoop.ipc.Server$RpcCall.run(Server.java:1017)
	at java.security.AccessController.doPrivileged(Native Method)
	at javax.security.auth.Subject.doAs(Subject.java:422)
	at org.apache.hadoop.security.UserGroupInformation.doAs(UserGroupInformation.java:1899)
	at org.apache.hadoop.ipc.Server$Handler.run(Server.java:3048)
2024-03-31 12:59:07,652 [main] INFO  retry.RetryInvocationHandler (RetryInvocationHandler.java:log(422)) - com.google.protobuf.ServiceException: org.apache.hadoop.ipc.RemoteException(java.lang.IllegalStateException): Found duplicated element 18588cf9-7ad3-4805-910e-ac9333d0abf7|localhost:15212 in [18588cf9-7ad3-4805-910e-ac9333d0abf7|localhost:15212, eb332bf5-0069-4d4b-8e41-ccd6e8cc684e|localhost:15204, 18588cf9-7ad3-4805-910e-ac9333d0abf7|localhost:15212]
	at org.apache.ratis.util.Preconditions.assertTrue(Preconditions.java:76)
	at org.apache.ratis.util.Preconditions.assertUnique(Preconditions.java:131)
	at org.apache.ratis.util.Preconditions.assertUnique(Preconditions.java:125)
	at org.apache.ratis.protocol.SetConfigurationRequest$Arguments.<init>(SetConfigurationRequest.java:59)
	at org.apache.ratis.protocol.SetConfigurationRequest$Arguments.<init>(SetConfigurationRequest.java:36)
	at org.apache.ratis.protocol.SetConfigurationRequest$Arguments$Builder.build(SetConfigurationRequest.java:144)
	at org.apache.ratis.protocol.SetConfigurationRequest.<init>(SetConfigurationRequest.java:156)
	at org.apache.hadoop.hdds.scm.ha.SCMRatisServerImpl.addSCM(SCMRatisServerImpl.java:324)
	at org.apache.hadoop.hdds.scm.ha.SCMHAManagerImpl.addSCM(SCMHAManagerImpl.java:420)
	at org.apache.hadoop.hdds.scm.server.SCMBlockProtocolServer.addSCM(SCMBlockProtocolServer.java:343)
	at org.apache.hadoop.hdds.scm.protocol.ScmBlockLocationProtocolServerSideTranslatorPB.getAddSCMResponse(ScmBlockLocationProtocolServerSideTranslatorPB.java:260)
	at org.apache.hadoop.hdds.scm.protocol.ScmBlockLocationProtocolServerSideTranslatorPB.processMessage(ScmBlockLocationProtocolServerSideTranslatorPB.java:157)
	at org.apache.hadoop.hdds.server.OzoneProtocolMessageDispatcher.processRequest(OzoneProtocolMessageDispatcher.java:89)
	at org.apache.hadoop.hdds.scm.protocol.ScmBlockLocationProtocolServerSideTranslatorPB.send(ScmBlockLocationProtocolServerSideTranslatorPB.java:115)
	at org.apache.hadoop.hdds.protocol.proto.ScmBlockLocationProtocolProtos$ScmBlockLocationProtocolService$2.callBlockingMethod(ScmBlockLocationProtocolProtos.java:15752)
	at org.apache.hadoop.ipc.ProtobufRpcEngine$Server.processCall(ProtobufRpcEngine.java:484)
	at org.apache.hadoop.ipc.ProtobufRpcEngine2$Server$ProtoBufRpcInvoker.call(ProtobufRpcEngine2.java:595)
	at org.apache.hadoop.ipc.ProtobufRpcEngine2$Server$ProtoBufRpcInvoker.call(ProtobufRpcEngine2.java:573)
	at org.apache.hadoop.ipc.RPC$Server.call(RPC.java:1227)
	at org.apache.hadoop.ipc.Server$RpcCall.run(Server.java:1094)
	at org.apache.hadoop.ipc.Server$RpcCall.run(Server.java:1017)
	at java.security.AccessController.doPrivileged(Native Method)
	at javax.security.auth.Subject.doAs(Subject.java:422)
	at org.apache.hadoop.security.UserGroupInformation.doAs(UserGroupInformation.java:1899)
	at org.apache.hadoop.ipc.Server$Handler.run(Server.java:3048)
, while invoking $Proxy51.send over nodeId=scmNode-1,nodeAddress=/127.0.0.1:15208 after 10 failover attempts. Trying to failover after sleeping for 2000ms. Current retry count: 10.
2024-03-31 12:59:09,653 [main] INFO  retry.RetryInvocationHandler (RetryInvocationHandler.java:log(422)) - com.google.protobuf.ServiceException: java.net.ConnectException: Call From fv-az1209-424/10.1.0.6 to localhost:15224 failed on connection exception: java.net.ConnectException: Connection refused; For more details see:  http://wiki.apache.org/hadoop/ConnectionRefused, while invoking $Proxy51.send over nodeId=scmNode-3,nodeAddress=/127.0.0.1:15224 after 11 failover attempts. Trying to failover after sleeping for 2000ms. Current retry count: 11.
2024-03-31 12:59:11,654 [IPC Server handler 64 on default port 15208] INFO  ha.SCMRatisServerImpl (SCMRatisServerImpl.java:addSCM(319)) - eb332bf5-0069-4d4b-8e41-ccd6e8cc684e: Submitting SetConfiguration request to Ratis server with new SCM peers list: [18588cf9-7ad3-4805-910e-ac9333d0abf7|localhost:15212, eb332bf5-0069-4d4b-8e41-ccd6e8cc684e|localhost:15204, 18588cf9-7ad3-4805-910e-ac9333d0abf7|localhost:15212]
12:59:11.654 [IPC Server handler 64 on default port 15208] ERROR SCMAudit - user=runner | ip=127.0.0.1 | op=ADD_SCM {cluster=d5b24aea-bde8-4662-982e-e0ba8d88520f, scmId=18588cf9-7ad3-4805-910e-ac9333d0abf7, addr=localhost:15212} | ret=FAILURE
java.lang.IllegalStateException: Found duplicated element 18588cf9-7ad3-4805-910e-ac9333d0abf7|localhost:15212 in [18588cf9-7ad3-4805-910e-ac9333d0abf7|localhost:15212, eb332bf5-0069-4d4b-8e41-ccd6e8cc684e|localhost:15204, 18588cf9-7ad3-4805-910e-ac9333d0abf7|localhost:15212]
	at org.apache.ratis.util.Preconditions.assertTrue(Preconditions.java:76) ~[ratis-common-3.0.1.jar:3.0.1]
	at org.apache.ratis.util.Preconditions.assertUnique(Preconditions.java:131) ~[ratis-common-3.0.1.jar:3.0.1]
	at org.apache.ratis.util.Preconditions.assertUnique(Preconditions.java:125) ~[ratis-common-3.0.1.jar:3.0.1]
	at org.apache.ratis.protocol.SetConfigurationRequest$Arguments.<init>(SetConfigurationRequest.java:59) ~[ratis-common-3.0.1.jar:3.0.1]
	at org.apache.ratis.protocol.SetConfigurationRequest$Arguments.<init>(SetConfigurationRequest.java:36) ~[ratis-common-3.0.1.jar:3.0.1]
	at org.apache.ratis.protocol.SetConfigurationRequest$Arguments$Builder.build(SetConfigurationRequest.java:144) ~[ratis-common-3.0.1.jar:3.0.1]
	at org.apache.ratis.protocol.SetConfigurationRequest.<init>(SetConfigurationRequest.java:156) ~[ratis-common-3.0.1.jar:3.0.1]
	at org.apache.hadoop.hdds.scm.ha.SCMRatisServerImpl.addSCM(SCMRatisServerImpl.java:324) ~[classes/:?]
	at org.apache.hadoop.hdds.scm.ha.SCMHAManagerImpl.addSCM(SCMHAManagerImpl.java:420) ~[classes/:?]
	at org.apache.hadoop.hdds.scm.server.SCMBlockProtocolServer.addSCM(SCMBlockProtocolServer.java:343) ~[classes/:?]
	at org.apache.hadoop.hdds.scm.protocol.ScmBlockLocationProtocolServerSideTranslatorPB.getAddSCMResponse(ScmBlockLocationProtocolServerSideTranslatorPB.java:260) ~[classes/:?]
	at org.apache.hadoop.hdds.scm.protocol.ScmBlockLocationProtocolServerSideTranslatorPB.processMessage(ScmBlockLocationProtocolServerSideTranslatorPB.java:157) ~[classes/:?]
	at org.apache.hadoop.hdds.server.OzoneProtocolMessageDispatcher.processRequest(OzoneProtocolMessageDispatcher.java:89) [classes/:?]
	at org.apache.hadoop.hdds.scm.protocol.ScmBlockLocationProtocolServerSideTranslatorPB.send(ScmBlockLocationProtocolServerSideTranslatorPB.java:115) [classes/:?]
	at org.apache.hadoop.hdds.protocol.proto.ScmBlockLocationProtocolProtos$ScmBlockLocationProtocolService$2.callBlockingMethod(ScmBlockLocationProtocolProtos.java:15752) [classes/:?]
	at org.apache.hadoop.ipc.ProtobufRpcEngine$Server.processCall(ProtobufRpcEngine.java:484) [hadoop-common-3.3.6.jar:?]
	at org.apache.hadoop.ipc.ProtobufRpcEngine2$Server$ProtoBufRpcInvoker.call(ProtobufRpcEngine2.java:595) [hadoop-common-3.3.6.jar:?]
	at org.apache.hadoop.ipc.ProtobufRpcEngine2$Server$ProtoBufRpcInvoker.call(ProtobufRpcEngine2.java:573) [hadoop-common-3.3.6.jar:?]
	at org.apache.hadoop.ipc.RPC$Server.call(RPC.java:1227) [hadoop-common-3.3.6.jar:?]
	at org.apache.hadoop.ipc.Server$RpcCall.run(Server.java:1094) [hadoop-common-3.3.6.jar:?]
	at org.apache.hadoop.ipc.Server$RpcCall.run(Server.java:1017) [hadoop-common-3.3.6.jar:?]
	at java.security.AccessController.doPrivileged(Native Method) ~[?:1.8.0_402]
	at javax.security.auth.Subject.doAs(Subject.java:422) [?:1.8.0_402]
	at org.apache.hadoop.security.UserGroupInformation.doAs(UserGroupInformation.java:1899) [hadoop-common-3.3.6.jar:?]
	at org.apache.hadoop.ipc.Server$Handler.run(Server.java:3048) [hadoop-common-3.3.6.jar:?]
2024-03-31 12:59:11,655 [IPC Server handler 64 on default port 15208] WARN  ipc.Server (Server.java:logException(3107)) - IPC Server handler 64 on default port 15208, call Call#1251 Retry#12 org.apache.hadoop.hdds.scm.protocol.ScmBlockLocationProtocol.send from localhost:37834 / 127.0.0.1:37834
java.lang.IllegalStateException: Found duplicated element 18588cf9-7ad3-4805-910e-ac9333d0abf7|localhost:15212 in [18588cf9-7ad3-4805-910e-ac9333d0abf7|localhost:15212, eb332bf5-0069-4d4b-8e41-ccd6e8cc684e|localhost:15204, 18588cf9-7ad3-4805-910e-ac9333d0abf7|localhost:15212]
	at org.apache.ratis.util.Preconditions.assertTrue(Preconditions.java:76)
	at org.apache.ratis.util.Preconditions.assertUnique(Preconditions.java:131)
	at org.apache.ratis.util.Preconditions.assertUnique(Preconditions.java:125)
	at org.apache.ratis.protocol.SetConfigurationRequest$Arguments.<init>(SetConfigurationRequest.java:59)
	at org.apache.ratis.protocol.SetConfigurationRequest$Arguments.<init>(SetConfigurationRequest.java:36)
	at org.apache.ratis.protocol.SetConfigurationRequest$Arguments$Builder.build(SetConfigurationRequest.java:144)
	at org.apache.ratis.protocol.SetConfigurationRequest.<init>(SetConfigurationRequest.java:156)
	at org.apache.hadoop.hdds.scm.ha.SCMRatisServerImpl.addSCM(SCMRatisServerImpl.java:324)
	at org.apache.hadoop.hdds.scm.ha.SCMHAManagerImpl.addSCM(SCMHAManagerImpl.java:420)
	at org.apache.hadoop.hdds.scm.server.SCMBlockProtocolServer.addSCM(SCMBlockProtocolServer.java:343)
	at org.apache.hadoop.hdds.scm.protocol.ScmBlockLocationProtocolServerSideTranslatorPB.getAddSCMResponse(ScmBlockLocationProtocolServerSideTranslatorPB.java:260)
	at org.apache.hadoop.hdds.scm.protocol.ScmBlockLocationProtocolServerSideTranslatorPB.processMessage(ScmBlockLocationProtocolServerSideTranslatorPB.java:157)
	at org.apache.hadoop.hdds.server.OzoneProtocolMessageDispatcher.processRequest(OzoneProtocolMessageDispatcher.java:89)
	at org.apache.hadoop.hdds.scm.protocol.ScmBlockLocationProtocolServerSideTranslatorPB.send(ScmBlockLocationProtocolServerSideTranslatorPB.java:115)
	at org.apache.hadoop.hdds.protocol.proto.ScmBlockLocationProtocolProtos$ScmBlockLocationProtocolService$2.callBlockingMethod(ScmBlockLocationProtocolProtos.java:15752)
	at org.apache.hadoop.ipc.ProtobufRpcEngine$Server.processCall(ProtobufRpcEngine.java:484)
	at org.apache.hadoop.ipc.ProtobufRpcEngine2$Server$ProtoBufRpcInvoker.call(ProtobufRpcEngine2.java:595)
	at org.apache.hadoop.ipc.ProtobufRpcEngine2$Server$ProtoBufRpcInvoker.call(ProtobufRpcEngine2.java:573)
	at org.apache.hadoop.ipc.RPC$Server.call(RPC.java:1227)
	at org.apache.hadoop.ipc.Server$RpcCall.run(Server.java:1094)
	at org.apache.hadoop.ipc.Server$RpcCall.run(Server.java:1017)
	at java.security.AccessController.doPrivileged(Native Method)
	at javax.security.auth.Subject.doAs(Subject.java:422)
	at org.apache.hadoop.security.UserGroupInformation.doAs(UserGroupInformation.java:1899)
	at org.apache.hadoop.ipc.Server$Handler.run(Server.java:3048)
2024-03-31 12:59:11,656 [main] INFO  retry.RetryInvocationHandler (RetryInvocationHandler.java:log(422)) - com.google.protobuf.ServiceException: org.apache.hadoop.ipc.RemoteException(java.lang.IllegalStateException): Found duplicated element 18588cf9-7ad3-4805-910e-ac9333d0abf7|localhost:15212 in [18588cf9-7ad3-4805-910e-ac9333d0abf7|localhost:15212, eb332bf5-0069-4d4b-8e41-ccd6e8cc684e|localhost:15204, 18588cf9-7ad3-4805-910e-ac9333d0abf7|localhost:15212]
	at org.apache.ratis.util.Preconditions.assertTrue(Preconditions.java:76)
	at org.apache.ratis.util.Preconditions.assertUnique(Preconditions.java:131)
	at org.apache.ratis.util.Preconditions.assertUnique(Preconditions.java:125)
	at org.apache.ratis.protocol.SetConfigurationRequest$Arguments.<init>(SetConfigurationRequest.java:59)
	at org.apache.ratis.protocol.SetConfigurationRequest$Arguments.<init>(SetConfigurationRequest.java:36)
	at org.apache.ratis.protocol.SetConfigurationRequest$Arguments$Builder.build(SetConfigurationRequest.java:144)
	at org.apache.ratis.protocol.SetConfigurationRequest.<init>(SetConfigurationRequest.java:156)
	at org.apache.hadoop.hdds.scm.ha.SCMRatisServerImpl.addSCM(SCMRatisServerImpl.java:324)
	at org.apache.hadoop.hdds.scm.ha.SCMHAManagerImpl.addSCM(SCMHAManagerImpl.java:420)
	at org.apache.hadoop.hdds.scm.server.SCMBlockProtocolServer.addSCM(SCMBlockProtocolServer.java:343)
	at org.apache.hadoop.hdds.scm.protocol.ScmBlockLocationProtocolServerSideTranslatorPB.getAddSCMResponse(ScmBlockLocationProtocolServerSideTranslatorPB.java:260)
	at org.apache.hadoop.hdds.scm.protocol.ScmBlockLocationProtocolServerSideTranslatorPB.processMessage(ScmBlockLocationProtocolServerSideTranslatorPB.java:157)
	at org.apache.hadoop.hdds.server.OzoneProtocolMessageDispatcher.processRequest(OzoneProtocolMessageDispatcher.java:89)
	at org.apache.hadoop.hdds.scm.protocol.ScmBlockLocationProtocolServerSideTranslatorPB.send(ScmBlockLocationProtocolServerSideTranslatorPB.java:115)
	at org.apache.hadoop.hdds.protocol.proto.ScmBlockLocationProtocolProtos$ScmBlockLocationProtocolService$2.callBlockingMethod(ScmBlockLocationProtocolProtos.java:15752)
	at org.apache.hadoop.ipc.ProtobufRpcEngine$Server.processCall(ProtobufRpcEngine.java:484)
	at org.apache.hadoop.ipc.ProtobufRpcEngine2$Server$ProtoBufRpcInvoker.call(ProtobufRpcEngine2.java:595)
	at org.apache.hadoop.ipc.ProtobufRpcEngine2$Server$ProtoBufRpcInvoker.call(ProtobufRpcEngine2.java:573)
	at org.apache.hadoop.ipc.RPC$Server.call(RPC.java:1227)
	at org.apache.hadoop.ipc.Server$RpcCall.run(Server.java:1094)
	at org.apache.hadoop.ipc.Server$RpcCall.run(Server.java:1017)
	at java.security.AccessController.doPrivileged(Native Method)
	at javax.security.auth.Subject.doAs(Subject.java:422)
	at org.apache.hadoop.security.UserGroupInformation.doAs(UserGroupInformation.java:1899)
	at org.apache.hadoop.ipc.Server$Handler.run(Server.java:3048)
, while invoking $Proxy51.send over nodeId=scmNode-1,nodeAddress=/127.0.0.1:15208 after 12 failover attempts. Trying to failover after sleeping for 2000ms. Current retry count: 12.
2024-03-31 12:59:13,657 [main] INFO  retry.RetryInvocationHandler (RetryInvocationHandler.java:log(422)) - com.google.protobuf.ServiceException: java.net.ConnectException: Call From fv-az1209-424/10.1.0.6 to localhost:15224 failed on connection exception: java.net.ConnectException: Connection refused; For more details see:  http://wiki.apache.org/hadoop/ConnectionRefused, while invoking $Proxy51.send over nodeId=scmNode-3,nodeAddress=/127.0.0.1:15224 after 13 failover attempts. Trying to failover after sleeping for 2000ms. Current retry count: 13.
2024-03-31 12:59:15,658 [IPC Server handler 81 on default port 15208] INFO  ha.SCMRatisServerImpl (SCMRatisServerImpl.java:addSCM(319)) - eb332bf5-0069-4d4b-8e41-ccd6e8cc684e: Submitting SetConfiguration request to Ratis server with new SCM peers list: [18588cf9-7ad3-4805-910e-ac9333d0abf7|localhost:15212, eb332bf5-0069-4d4b-8e41-ccd6e8cc684e|localhost:15204, 18588cf9-7ad3-4805-910e-ac9333d0abf7|localhost:15212]
12:59:15.658 [IPC Server handler 81 on default port 15208] ERROR SCMAudit - user=runner | ip=127.0.0.1 | op=ADD_SCM {cluster=d5b24aea-bde8-4662-982e-e0ba8d88520f, scmId=18588cf9-7ad3-4805-910e-ac9333d0abf7, addr=localhost:15212} | ret=FAILURE
java.lang.IllegalStateException: Found duplicated element 18588cf9-7ad3-4805-910e-ac9333d0abf7|localhost:15212 in [18588cf9-7ad3-4805-910e-ac9333d0abf7|localhost:15212, eb332bf5-0069-4d4b-8e41-ccd6e8cc684e|localhost:15204, 18588cf9-7ad3-4805-910e-ac9333d0abf7|localhost:15212]
	at org.apache.ratis.util.Preconditions.assertTrue(Preconditions.java:76) ~[ratis-common-3.0.1.jar:3.0.1]
	at org.apache.ratis.util.Preconditions.assertUnique(Preconditions.java:131) ~[ratis-common-3.0.1.jar:3.0.1]
	at org.apache.ratis.util.Preconditions.assertUnique(Preconditions.java:125) ~[ratis-common-3.0.1.jar:3.0.1]
	at org.apache.ratis.protocol.SetConfigurationRequest$Arguments.<init>(SetConfigurationRequest.java:59) ~[ratis-common-3.0.1.jar:3.0.1]
	at org.apache.ratis.protocol.SetConfigurationRequest$Arguments.<init>(SetConfigurationRequest.java:36) ~[ratis-common-3.0.1.jar:3.0.1]
	at org.apache.ratis.protocol.SetConfigurationRequest$Arguments$Builder.build(SetConfigurationRequest.java:144) ~[ratis-common-3.0.1.jar:3.0.1]
	at org.apache.ratis.protocol.SetConfigurationRequest.<init>(SetConfigurationRequest.java:156) ~[ratis-common-3.0.1.jar:3.0.1]
	at org.apache.hadoop.hdds.scm.ha.SCMRatisServerImpl.addSCM(SCMRatisServerImpl.java:324) ~[classes/:?]
	at org.apache.hadoop.hdds.scm.ha.SCMHAManagerImpl.addSCM(SCMHAManagerImpl.java:420) ~[classes/:?]
	at org.apache.hadoop.hdds.scm.server.SCMBlockProtocolServer.addSCM(SCMBlockProtocolServer.java:343) ~[classes/:?]
	at org.apache.hadoop.hdds.scm.protocol.ScmBlockLocationProtocolServerSideTranslatorPB.getAddSCMResponse(ScmBlockLocationProtocolServerSideTranslatorPB.java:260) ~[classes/:?]
	at org.apache.hadoop.hdds.scm.protocol.ScmBlockLocationProtocolServerSideTranslatorPB.processMessage(ScmBlockLocationProtocolServerSideTranslatorPB.java:157) ~[classes/:?]
	at org.apache.hadoop.hdds.server.OzoneProtocolMessageDispatcher.processRequest(OzoneProtocolMessageDispatcher.java:89) [classes/:?]
	at org.apache.hadoop.hdds.scm.protocol.ScmBlockLocationProtocolServerSideTranslatorPB.send(ScmBlockLocationProtocolServerSideTranslatorPB.java:115) [classes/:?]
	at org.apache.hadoop.hdds.protocol.proto.ScmBlockLocationProtocolProtos$ScmBlockLocationProtocolService$2.callBlockingMethod(ScmBlockLocationProtocolProtos.java:15752) [classes/:?]
	at org.apache.hadoop.ipc.ProtobufRpcEngine$Server.processCall(ProtobufRpcEngine.java:484) [hadoop-common-3.3.6.jar:?]
	at org.apache.hadoop.ipc.ProtobufRpcEngine2$Server$ProtoBufRpcInvoker.call(ProtobufRpcEngine2.java:595) [hadoop-common-3.3.6.jar:?]
	at org.apache.hadoop.ipc.ProtobufRpcEngine2$Server$ProtoBufRpcInvoker.call(ProtobufRpcEngine2.java:573) [hadoop-common-3.3.6.jar:?]
	at org.apache.hadoop.ipc.RPC$Server.call(RPC.java:1227) [hadoop-common-3.3.6.jar:?]
	at org.apache.hadoop.ipc.Server$RpcCall.run(Server.java:1094) [hadoop-common-3.3.6.jar:?]
	at org.apache.hadoop.ipc.Server$RpcCall.run(Server.java:1017) [hadoop-common-3.3.6.jar:?]
	at java.security.AccessController.doPrivileged(Native Method) ~[?:1.8.0_402]
	at javax.security.auth.Subject.doAs(Subject.java:422) [?:1.8.0_402]
	at org.apache.hadoop.security.UserGroupInformation.doAs(UserGroupInformation.java:1899) [hadoop-common-3.3.6.jar:?]
	at org.apache.hadoop.ipc.Server$Handler.run(Server.java:3048) [hadoop-common-3.3.6.jar:?]
2024-03-31 12:59:15,658 [IPC Server handler 81 on default port 15208] WARN  ipc.Server (Server.java:logException(3107)) - IPC Server handler 81 on default port 15208, call Call#1251 Retry#14 org.apache.hadoop.hdds.scm.protocol.ScmBlockLocationProtocol.send from localhost:37834 / 127.0.0.1:37834
java.lang.IllegalStateException: Found duplicated element 18588cf9-7ad3-4805-910e-ac9333d0abf7|localhost:15212 in [18588cf9-7ad3-4805-910e-ac9333d0abf7|localhost:15212, eb332bf5-0069-4d4b-8e41-ccd6e8cc684e|localhost:15204, 18588cf9-7ad3-4805-910e-ac9333d0abf7|localhost:15212]
	at org.apache.ratis.util.Preconditions.assertTrue(Preconditions.java:76)
	at org.apache.ratis.util.Preconditions.assertUnique(Preconditions.java:131)
	at org.apache.ratis.util.Preconditions.assertUnique(Preconditions.java:125)
	at org.apache.ratis.protocol.SetConfigurationRequest$Arguments.<init>(SetConfigurationRequest.java:59)
	at org.apache.ratis.protocol.SetConfigurationRequest$Arguments.<init>(SetConfigurationRequest.java:36)
	at org.apache.ratis.protocol.SetConfigurationRequest$Arguments$Builder.build(SetConfigurationRequest.java:144)
	at org.apache.ratis.protocol.SetConfigurationRequest.<init>(SetConfigurationRequest.java:156)
	at org.apache.hadoop.hdds.scm.ha.SCMRatisServerImpl.addSCM(SCMRatisServerImpl.java:324)
	at org.apache.hadoop.hdds.scm.ha.SCMHAManagerImpl.addSCM(SCMHAManagerImpl.java:420)
	at org.apache.hadoop.hdds.scm.server.SCMBlockProtocolServer.addSCM(SCMBlockProtocolServer.java:343)
	at org.apache.hadoop.hdds.scm.protocol.ScmBlockLocationProtocolServerSideTranslatorPB.getAddSCMResponse(ScmBlockLocationProtocolServerSideTranslatorPB.java:260)
	at org.apache.hadoop.hdds.scm.protocol.ScmBlockLocationProtocolServerSideTranslatorPB.processMessage(ScmBlockLocationProtocolServerSideTranslatorPB.java:157)
	at org.apache.hadoop.hdds.server.OzoneProtocolMessageDispatcher.processRequest(OzoneProtocolMessageDispatcher.java:89)
	at org.apache.hadoop.hdds.scm.protocol.ScmBlockLocationProtocolServerSideTranslatorPB.send(ScmBlockLocationProtocolServerSideTranslatorPB.java:115)
	at org.apache.hadoop.hdds.protocol.proto.ScmBlockLocationProtocolProtos$ScmBlockLocationProtocolService$2.callBlockingMethod(ScmBlockLocationProtocolProtos.java:15752)
	at org.apache.hadoop.ipc.ProtobufRpcEngine$Server.processCall(ProtobufRpcEngine.java:484)
	at org.apache.hadoop.ipc.ProtobufRpcEngine2$Server$ProtoBufRpcInvoker.call(ProtobufRpcEngine2.java:595)
	at org.apache.hadoop.ipc.ProtobufRpcEngine2$Server$ProtoBufRpcInvoker.call(ProtobufRpcEngine2.java:573)
	at org.apache.hadoop.ipc.RPC$Server.call(RPC.java:1227)
	at org.apache.hadoop.ipc.Server$RpcCall.run(Server.java:1094)
	at org.apache.hadoop.ipc.Server$RpcCall.run(Server.java:1017)
	at java.security.AccessController.doPrivileged(Native Method)
	at javax.security.auth.Subject.doAs(Subject.java:422)
	at org.apache.hadoop.security.UserGroupInformation.doAs(UserGroupInformation.java:1899)
	at org.apache.hadoop.ipc.Server$Handler.run(Server.java:3048)
2024-03-31 12:59:15,660 [main] INFO  retry.RetryInvocationHandler (RetryInvocationHandler.java:log(422)) - com.google.protobuf.ServiceException: org.apache.hadoop.ipc.RemoteException(java.lang.IllegalStateException): Found duplicated element 18588cf9-7ad3-4805-910e-ac9333d0abf7|localhost:15212 in [18588cf9-7ad3-4805-910e-ac9333d0abf7|localhost:15212, eb332bf5-0069-4d4b-8e41-ccd6e8cc684e|localhost:15204, 18588cf9-7ad3-4805-910e-ac9333d0abf7|localhost:15212]
	at org.apache.ratis.util.Preconditions.assertTrue(Preconditions.java:76)
	at org.apache.ratis.util.Preconditions.assertUnique(Preconditions.java:131)
	at org.apache.ratis.util.Preconditions.assertUnique(Preconditions.java:125)
	at org.apache.ratis.protocol.SetConfigurationRequest$Arguments.<init>(SetConfigurationRequest.java:59)
	at org.apache.ratis.protocol.SetConfigurationRequest$Arguments.<init>(SetConfigurationRequest.java:36)
	at org.apache.ratis.protocol.SetConfigurationRequest$Arguments$Builder.build(SetConfigurationRequest.java:144)
	at org.apache.ratis.protocol.SetConfigurationRequest.<init>(SetConfigurationRequest.java:156)
	at org.apache.hadoop.hdds.scm.ha.SCMRatisServerImpl.addSCM(SCMRatisServerImpl.java:324)
	at org.apache.hadoop.hdds.scm.ha.SCMHAManagerImpl.addSCM(SCMHAManagerImpl.java:420)
	at org.apache.hadoop.hdds.scm.server.SCMBlockProtocolServer.addSCM(SCMBlockProtocolServer.java:343)
	at org.apache.hadoop.hdds.scm.protocol.ScmBlockLocationProtocolServerSideTranslatorPB.getAddSCMResponse(ScmBlockLocationProtocolServerSideTranslatorPB.java:260)
	at org.apache.hadoop.hdds.scm.protocol.ScmBlockLocationProtocolServerSideTranslatorPB.processMessage(ScmBlockLocationProtocolServerSideTranslatorPB.java:157)
	at org.apache.hadoop.hdds.server.OzoneProtocolMessageDispatcher.processRequest(OzoneProtocolMessageDispatcher.java:89)
	at org.apache.hadoop.hdds.scm.protocol.ScmBlockLocationProtocolServerSideTranslatorPB.send(ScmBlockLocationProtocolServerSideTranslatorPB.java:115)
	at org.apache.hadoop.hdds.protocol.proto.ScmBlockLocationProtocolProtos$ScmBlockLocationProtocolService$2.callBlockingMethod(ScmBlockLocationProtocolProtos.java:15752)
	at org.apache.hadoop.ipc.ProtobufRpcEngine$Server.processCall(ProtobufRpcEngine.java:484)
	at org.apache.hadoop.ipc.ProtobufRpcEngine2$Server$ProtoBufRpcInvoker.call(ProtobufRpcEngine2.java:595)
	at org.apache.hadoop.ipc.ProtobufRpcEngine2$Server$ProtoBufRpcInvoker.call(ProtobufRpcEngine2.java:573)
	at org.apache.hadoop.ipc.RPC$Server.call(RPC.java:1227)
	at org.apache.hadoop.ipc.Server$RpcCall.run(Server.java:1094)
	at org.apache.hadoop.ipc.Server$RpcCall.run(Server.java:1017)
	at java.security.AccessController.doPrivileged(Native Method)
	at javax.security.auth.Subject.doAs(Subject.java:422)
	at org.apache.hadoop.security.UserGroupInformation.doAs(UserGroupInformation.java:1899)
	at org.apache.hadoop.ipc.Server$Handler.run(Server.java:3048)
, while invoking $Proxy51.send over nodeId=scmNode-1,nodeAddress=/127.0.0.1:15208 after 14 failover attempts. Trying to failover after sleeping for 2000ms. Current retry count: 14.
]]></system-out>
  </testcase>
</testsuite>