<?xml version="1.0" encoding="UTF-8"?>
<testsuite xmlns:xsi="http://www.w3.org/2001/XMLSchema-instance" xsi:noNamespaceSchemaLocation="https://maven.apache.org/surefire/maven-surefire-plugin/xsd/surefire-test-report-3.0.xsd" version="3.0" name="org.apache.hadoop.ozone.client.rpc.TestBlockOutputStreamWithFailures" time="566.044" tests="12" errors="0" skipped="0" failures="2">
  <properties>
    <property name="java.specification.version" value="17"/>
    <property name="sun.jnu.encoding" value="UTF-8"/>
    <property name="java.class.path" value="/home/runner/work/ozone/ozone/hadoop-ozone/integration-test/target/test-classes:/home/runner/work/ozone/ozone/hadoop-ozone/integration-test/target/classes:/home/runner/work/ozone/ozone/hadoop-ozone/common/target/ozone-common-1.5.0-SNAPSHOT.jar:/home/runner/.m2/repository/io/grpc/grpc-netty/1.58.0/grpc-netty-1.58.0.jar:/home/runner/.m2/repository/io/grpc/grpc-core/1.58.0/grpc-core-1.58.0.jar:/home/runner/.m2/repository/com/google/android/annotations/4.1.1.4/annotations-4.1.1.4.jar:/home/runner/.m2/repository/org/codehaus/mojo/animal-sniffer-annotations/1.23/animal-sniffer-annotations-1.23.jar:/home/runner/.m2/repository/io/grpc/grpc-context/1.58.0/grpc-context-1.58.0.jar:/home/runner/.m2/repository/io/grpc/grpc-util/1.58.0/grpc-util-1.58.0.jar:/home/runner/.m2/repository/com/google/errorprone/error_prone_annotations/2.28.0/error_prone_annotations-2.28.0.jar:/home/runner/.m2/repository/io/perfmark/perfmark-api/0.26.0/perfmark-api-0.26.0.jar:/home/runner/.m2/repository/io/netty/netty-codec-http2/4.1.109.Final/netty-codec-http2-4.1.109.Final.jar:/home/runner/.m2/repository/io/netty/netty-common/4.1.109.Final/netty-common-4.1.109.Final.jar:/home/runner/.m2/repository/io/netty/netty-buffer/4.1.109.Final/netty-buffer-4.1.109.Final.jar:/home/runner/.m2/repository/io/netty/netty-codec-http/4.1.109.Final/netty-codec-http-4.1.109.Final.jar:/home/runner/.m2/repository/io/netty/netty-handler-proxy/4.1.109.Final/netty-handler-proxy-4.1.109.Final.jar:/home/runner/.m2/repository/io/netty/netty-codec-socks/4.1.109.Final/netty-codec-socks-4.1.109.Final.jar:/home/runner/.m2/repository/io/netty/netty-tcnative-boringssl-static/2.0.65.Final/netty-tcnative-boringssl-static-2.0.65.Final.jar:/home/runner/.m2/repository/io/netty/netty-tcnative-classes/2.0.65.Final/netty-tcnative-classes-2.0.65.Final.jar:/home/runner/.m2/repository/io/netty/netty-tcnative-boringssl-static/2.0.65.Final/netty-tcnative-boringssl-static-2.0.65.Final-linux-x86_64.jar:/home/runner/.m2/repository/io/netty/netty-tcnative-boringssl-static/2.0.65.Final/netty-tcnative-boringssl-static-2.0.65.Final-linux-aarch_64.jar:/home/runner/.m2/repository/io/netty/netty-tcnative-boringssl-static/2.0.65.Final/netty-tcnative-boringssl-static-2.0.65.Final-osx-x86_64.jar:/home/runner/.m2/repository/io/netty/netty-tcnative-boringssl-static/2.0.65.Final/netty-tcnative-boringssl-static-2.0.65.Final-osx-aarch_64.jar:/home/runner/.m2/repository/io/netty/netty-tcnative-boringssl-static/2.0.65.Final/netty-tcnative-boringssl-static-2.0.65.Final-windows-x86_64.jar:/home/runner/.m2/repository/org/apache/commons/commons-compress/1.26.2/commons-compress-1.26.2.jar:/home/runner/work/ozone/ozone/hadoop-hdds/common/target/hdds-common-1.5.0-SNAPSHOT.jar:/home/runner/work/ozone/ozone/hadoop-hdds/client/target/hdds-client-1.5.0-SNAPSHOT.jar:/home/runner/work/ozone/ozone/hadoop-ozone/interface-client/target/ozone-interface-client-1.5.0-SNAPSHOT.jar:/home/runner/.m2/repository/org/apache/hadoop/hadoop-hdfs-client/3.3.6/hadoop-hdfs-client-3.3.6.jar:/home/runner/.m2/repository/com/squareup/okhttp3/okhttp/4.12.0/okhttp-4.12.0.jar:/home/runner/.m2/repository/com/squareup/okio/okio/3.6.0/okio-3.6.0.jar:/home/runner/.m2/repository/com/squareup/okio/okio-jvm/3.6.0/okio-jvm-3.6.0.jar:/home/runner/.m2/repository/org/jetbrains/kotlin/kotlin-stdlib-jdk8/1.9.25/kotlin-stdlib-jdk8-1.9.25.jar:/home/runner/.m2/repository/org/jetbrains/kotlin/kotlin-stdlib-jdk7/1.9.25/kotlin-stdlib-jdk7-1.9.25.jar:/home/runner/.m2/repository/org/jetbrains/kotlin/kotlin-stdlib-common/1.9.25/kotlin-stdlib-common-1.9.25.jar:/home/runner/.m2/repository/com/github/stephenc/jcip/jcip-annotations/1.0-1/jcip-annotations-1.0-1.jar:/home/runner/work/ozone/ozone/hadoop-hdds/test-utils/target/hdds-test-utils-1.5.0-SNAPSHOT.jar:/home/runner/.m2/repository/org/assertj/assertj-core/3.26.3/assertj-core-3.26.3.jar:/home/runner/.m2/repository/net/bytebuddy/byte-buddy/1.14.18/byte-buddy-1.14.18.jar:/home/runner/.m2/repository/com/google/guava/guava/32.1.3-jre/guava-32.1.3-jre.jar:/home/runner/.m2/repository/com/google/guava/failureaccess/1.0.1/failureaccess-1.0.1.jar:/home/runner/.m2/repository/com/google/guava/listenablefuture/9999.0-empty-to-avoid-conflict-with-guava/listenablefuture-9999.0-empty-to-avoid-conflict-with-guava.jar:/home/runner/.m2/repository/org/checkerframework/checker-qual/3.37.0/checker-qual-3.37.0.jar:/home/runner/.m2/repository/com/google/j2objc/j2objc-annotations/2.8/j2objc-annotations-2.8.jar:/home/runner/.m2/repository/commons-io/commons-io/2.16.1/commons-io-2.16.1.jar:/home/runner/.m2/repository/commons-logging/commons-logging/1.2/commons-logging-1.2.jar:/home/runner/.m2/repository/org/junit/jupiter/junit-jupiter-api/5.10.3/junit-jupiter-api-5.10.3.jar:/home/runner/.m2/repository/org/opentest4j/opentest4j/1.3.0/opentest4j-1.3.0.jar:/home/runner/.m2/repository/org/junit/platform/junit-platform-commons/1.10.3/junit-platform-commons-1.10.3.jar:/home/runner/.m2/repository/ch/qos/reload4j/reload4j/1.2.25/reload4j-1.2.25.jar:/home/runner/.m2/repository/jakarta/annotation/jakarta.annotation-api/2.1.1/jakarta.annotation-api-2.1.1.jar:/home/runner/.m2/repository/org/slf4j/slf4j-api/2.0.13/slf4j-api-2.0.13.jar:/home/runner/.m2/repository/org/apache/logging/log4j/log4j-api/2.23.1/log4j-api-2.23.1.jar:/home/runner/work/ozone/ozone/hadoop-hdds/server-scm/target/hdds-server-scm-1.5.0-SNAPSHOT.jar:/home/runner/.m2/repository/com/google/protobuf/protobuf-java/2.5.0/protobuf-java-2.5.0.jar:/home/runner/work/ozone/ozone/hadoop-hdds/container-service/target/hdds-container-service-1.5.0-SNAPSHOT.jar:/home/runner/work/ozone/ozone/hadoop-hdds/hadoop-dependency-server/target/hdds-hadoop-dependency-server-1.5.0-SNAPSHOT.jar:/home/runner/.m2/repository/com/nimbusds/nimbus-jose-jwt/9.40/nimbus-jose-jwt-9.40.jar:/home/runner/.m2/repository/org/apache/hadoop/hadoop-hdfs/3.3.6/hadoop-hdfs-3.3.6.jar:/home/runner/.m2/repository/commons-daemon/commons-daemon/1.4.0/commons-daemon-1.4.0.jar:/home/runner/.m2/repository/org/apache/kerby/kerb-core/1.0.1/kerb-core-1.0.1.jar:/home/runner/.m2/repository/org/apache/kerby/kerby-pkix/1.0.1/kerby-pkix-1.0.1.jar:/home/runner/.m2/repository/org/apache/kerby/kerby-asn1/1.0.1/kerby-asn1-1.0.1.jar:/home/runner/.m2/repository/org/apache/kerby/kerby-util/1.0.1/kerby-util-1.0.1.jar:/home/runner/.m2/repository/org/apache/kerby/kerb-util/1.0.1/kerb-util-1.0.1.jar:/home/runner/.m2/repository/org/apache/kerby/kerby-config/1.0.1/kerby-config-1.0.1.jar:/home/runner/.m2/repository/org/apache/kerby/kerb-crypto/1.0.1/kerb-crypto-1.0.1.jar:/home/runner/.m2/repository/org/xerial/snappy/snappy-java/1.1.10.5/snappy-java-1.1.10.5.jar:/home/runner/work/ozone/ozone/hadoop-hdds/framework/target/hdds-server-framework-1.5.0-SNAPSHOT.jar:/home/runner/.m2/repository/org/bouncycastle/bcprov-jdk18on/1.78.1/bcprov-jdk18on-1.78.1.jar:/home/runner/.m2/repository/io/dropwizard/metrics/metrics-core/3.2.6/metrics-core-3.2.6.jar:/home/runner/.m2/repository/org/apache/commons/commons-text/1.12.0/commons-text-1.12.0.jar:/home/runner/work/ozone/ozone/hadoop-hdds/framework/target/hdds-server-framework-1.5.0-SNAPSHOT-tests.jar:/home/runner/work/ozone/ozone/hadoop-hdds/interface-server/target/hdds-interface-server-1.5.0-SNAPSHOT.jar:/home/runner/work/ozone/ozone/hadoop-hdds/interface-admin/target/hdds-interface-admin-1.5.0-SNAPSHOT.jar:/home/runner/work/ozone/ozone/hadoop-hdds/managed-rocksdb/target/hdds-managed-rocksdb-1.5.0-SNAPSHOT.jar:/home/runner/.m2/repository/org/rocksdb/rocksdbjni/7.7.3/rocksdbjni-7.7.3.jar:/home/runner/.m2/repository/org/slf4j/slf4j-reload4j/2.0.13/slf4j-reload4j-2.0.13.jar:/home/runner/.m2/repository/org/apache/commons/commons-configuration2/2.10.1/commons-configuration2-2.10.1.jar:/home/runner/.m2/repository/commons-fileupload/commons-fileupload/1.5/commons-fileupload-1.5.jar:/home/runner/.m2/repository/org/apache/logging/log4j/log4j-core/2.23.1/log4j-core-2.23.1.jar:/home/runner/.m2/repository/com/lmax/disruptor/3.4.4/disruptor-3.4.4.jar:/home/runner/.m2/repository/org/eclipse/jetty/jetty-util/9.4.55.v20240627/jetty-util-9.4.55.v20240627.jar:/home/runner/.m2/repository/org/eclipse/jetty/jetty-server/9.4.55.v20240627/jetty-server-9.4.55.v20240627.jar:/home/runner/.m2/repository/org/eclipse/jetty/jetty-http/9.4.55.v20240627/jetty-http-9.4.55.v20240627.jar:/home/runner/.m2/repository/org/eclipse/jetty/jetty-io/9.4.55.v20240627/jetty-io-9.4.55.v20240627.jar:/home/runner/.m2/repository/org/eclipse/jetty/jetty-servlet/9.4.55.v20240627/jetty-servlet-9.4.55.v20240627.jar:/home/runner/.m2/repository/org/eclipse/jetty/jetty-security/9.4.55.v20240627/jetty-security-9.4.55.v20240627.jar:/home/runner/.m2/repository/org/eclipse/jetty/jetty-util-ajax/9.4.55.v20240627/jetty-util-ajax-9.4.55.v20240627.jar:/home/runner/.m2/repository/org/eclipse/jetty/jetty-webapp/9.4.55.v20240627/jetty-webapp-9.4.55.v20240627.jar:/home/runner/.m2/repository/org/eclipse/jetty/jetty-xml/9.4.55.v20240627/jetty-xml-9.4.55.v20240627.jar:/home/runner/.m2/repository/org/glassfish/jersey/containers/jersey-container-servlet-core/2.43/jersey-container-servlet-core-2.43.jar:/home/runner/.m2/repository/org/glassfish/hk2/external/jakarta.inject/2.6.1/jakarta.inject-2.6.1.jar:/home/runner/.m2/repository/org/glassfish/jersey/core/jersey-common/2.43/jersey-common-2.43.jar:/home/runner/.m2/repository/jakarta/ws/rs/jakarta.ws.rs-api/2.1.6/jakarta.ws.rs-api-2.1.6.jar:/home/runner/.m2/repository/org/apache/ratis/ratis-server/3.1.0/ratis-server-3.1.0.jar:/home/runner/.m2/repository/org/apache/ratis/ratis-thirdparty-misc/1.0.6/ratis-thirdparty-misc-1.0.6.jar:/home/runner/.m2/repository/org/apache/ratis/ratis-proto/3.1.0/ratis-proto-3.1.0.jar:/home/runner/.m2/repository/org/apache/ratis/ratis-common/3.1.0/ratis-common-3.1.0.jar:/home/runner/.m2/repository/org/apache/ratis/ratis-client/3.1.0/ratis-client-3.1.0.jar:/home/runner/.m2/repository/org/apache/ratis/ratis-metrics-api/3.1.0/ratis-metrics-api-3.1.0.jar:/home/runner/.m2/repository/org/apache/ratis/ratis-metrics-dropwizard3/3.1.0/ratis-metrics-dropwizard3-3.1.0.jar:/home/runner/.m2/repository/io/prometheus/simpleclient_dropwizard/0.16.0/simpleclient_dropwizard-0.16.0.jar:/home/runner/.m2/repository/io/prometheus/simpleclient/0.16.0/simpleclient-0.16.0.jar:/home/runner/.m2/repository/io/prometheus/simpleclient_common/0.16.0/simpleclient_common-0.16.0.jar:/home/runner/.m2/repository/com/fasterxml/jackson/datatype/jackson-datatype-jsr310/2.16.2/jackson-datatype-jsr310-2.16.2.jar:/home/runner/.m2/repository/com/fasterxml/jackson/core/jackson-core/2.16.2/jackson-core-2.16.2.jar:/home/runner/.m2/repository/com/github/jnr/jnr-posix/3.1.19/jnr-posix-3.1.19.jar:/home/runner/.m2/repository/com/github/jnr/jnr-ffi/2.2.16/jnr-ffi-2.2.16.jar:/home/runner/.m2/repository/com/github/jnr/jffi/1.3.13/jffi-1.3.13.jar:/home/runner/.m2/repository/com/github/jnr/jffi/1.3.13/jffi-1.3.13-native.jar:/home/runner/.m2/repository/org/ow2/asm/asm/9.2/asm-9.2.jar:/home/runner/.m2/repository/org/ow2/asm/asm-commons/9.2/asm-commons-9.2.jar:/home/runner/.m2/repository/org/ow2/asm/asm-analysis/9.2/asm-analysis-9.2.jar:/home/runner/.m2/repository/org/ow2/asm/asm-tree/9.2/asm-tree-9.2.jar:/home/runner/.m2/repository/org/ow2/asm/asm-util/9.2/asm-util-9.2.jar:/home/runner/.m2/repository/com/github/jnr/jnr-a64asm/1.0.0/jnr-a64asm-1.0.0.jar:/home/runner/.m2/repository/com/github/jnr/jnr-x86asm/1.0.2/jnr-x86asm-1.0.2.jar:/home/runner/.m2/repository/com/github/jnr/jnr-constants/0.10.4/jnr-constants-0.10.4.jar:/home/runner/work/ozone/ozone/hadoop-hdds/rocksdb-checkpoint-differ/target/rocksdb-checkpoint-differ-1.5.0-SNAPSHOT.jar:/home/runner/.m2/repository/org/jgrapht/jgrapht-core/1.4.0/jgrapht-core-1.4.0.jar:/home/runner/.m2/repository/org/jheaps/jheaps/0.11/jheaps-0.11.jar:/home/runner/.m2/repository/org/jgrapht/jgrapht-ext/1.4.0/jgrapht-ext-1.4.0.jar:/home/runner/.m2/repository/com/github/vlsi/mxgraph/jgraphx/3.9.8.1/jgraphx-3.9.8.1.jar:/home/runner/work/ozone/ozone/hadoop-ozone/ozone-manager/target/ozone-manager-1.5.0-SNAPSHOT.jar:/home/runner/.m2/repository/org/aspectj/aspectjrt/1.9.7/aspectjrt-1.9.7.jar:/home/runner/.m2/repository/org/aspectj/aspectjweaver/1.9.7/aspectjweaver-1.9.7.jar:/home/runner/work/ozone/ozone/hadoop-hdds/interface-client/target/hdds-interface-client-1.5.0-SNAPSHOT.jar:/home/runner/.m2/repository/org/apache/hadoop/thirdparty/hadoop-shaded-protobuf_3_7/1.1.1/hadoop-shaded-protobuf_3_7-1.1.1.jar:/home/runner/work/ozone/ozone/hadoop-ozone/interface-storage/target/ozone-interface-storage-1.5.0-SNAPSHOT.jar:/home/runner/.m2/repository/org/reflections/reflections/0.10.2/reflections-0.10.2.jar:/home/runner/.m2/repository/com/sun/jersey/jersey-client/1.19.4/jersey-client-1.19.4.jar:/home/runner/.m2/repository/org/codehaus/jackson/jackson-core-asl/1.9.13/jackson-core-asl-1.9.13.jar:/home/runner/.m2/repository/org/codehaus/jackson/jackson-mapper-asl/1.9.13/jackson-mapper-asl-1.9.13.jar:/home/runner/.m2/repository/org/codehaus/jackson/jackson-jaxrs/1.9.13/jackson-jaxrs-1.9.13.jar:/home/runner/.m2/repository/org/apache/ranger/ranger-intg/2.3.0/ranger-intg-2.3.0.jar:/home/runner/.m2/repository/org/apache/ranger/ranger-plugins-common/2.3.0/ranger-plugins-common-2.3.0.jar:/home/runner/.m2/repository/commons-lang/commons-lang/2.6/commons-lang-2.6.jar:/home/runner/.m2/repository/org/apache/ranger/ranger-plugins-cred/2.3.0/ranger-plugins-cred-2.3.0.jar:/home/runner/.m2/repository/org/apache/ranger/ranger-plugins-audit/2.3.0/ranger-plugins-audit-2.3.0.jar:/home/runner/.m2/repository/org/eclipse/jetty/jetty-client/9.4.55.v20240627/jetty-client-9.4.55.v20240627.jar:/home/runner/.m2/repository/org/apache/httpcomponents/httpmime/4.5.6/httpmime-4.5.6.jar:/home/runner/.m2/repository/org/apache/httpcomponents/httpcore-nio/4.4.16/httpcore-nio-4.4.16.jar:/home/runner/.m2/repository/org/apache/httpcomponents/httpasyncclient/4.1.3/httpasyncclient-4.1.3.jar:/home/runner/.m2/repository/com/carrotsearch/hppc/0.8.0/hppc-0.8.0.jar:/home/runner/.m2/repository/org/apache/orc/orc-core/1.5.8/orc-core-1.5.8.jar:/home/runner/.m2/repository/net/java/dev/jna/jna/5.2.0/jna-5.2.0.jar:/home/runner/.m2/repository/net/java/dev/jna/jna-platform/5.2.0/jna-platform-5.2.0.jar:/home/runner/.m2/repository/com/kstruct/gethostname4j/0.0.2/gethostname4j-0.0.2.jar:/home/runner/.m2/repository/org/apache/ranger/ranger-plugin-classloader/2.3.0/ranger-plugin-classloader-2.3.0.jar:/home/runner/work/ozone/ozone/hadoop-hdds/rocks-native/target/hdds-rocks-native-1.5.0-SNAPSHOT.jar:/home/runner/.m2/repository/org/apache/hadoop/hadoop-minikdc/3.3.6/hadoop-minikdc-3.3.6.jar:/home/runner/.m2/repository/org/apache/kerby/kerb-simplekdc/1.0.1/kerb-simplekdc-1.0.1.jar:/home/runner/.m2/repository/org/apache/kerby/kerb-client/1.0.1/kerb-client-1.0.1.jar:/home/runner/.m2/repository/org/apache/kerby/kerb-common/1.0.1/kerb-common-1.0.1.jar:/home/runner/.m2/repository/org/apache/kerby/token-provider/1.0.1/token-provider-1.0.1.jar:/home/runner/.m2/repository/org/apache/kerby/kerb-admin/1.0.1/kerb-admin-1.0.1.jar:/home/runner/.m2/repository/org/apache/kerby/kerb-server/1.0.1/kerb-server-1.0.1.jar:/home/runner/.m2/repository/org/apache/kerby/kerb-identity/1.0.1/kerb-identity-1.0.1.jar:/home/runner/.m2/repository/org/apache/kerby/kerby-xdr/1.0.1/kerby-xdr-1.0.1.jar:/home/runner/.m2/repository/junit/junit/4.13.2/junit-4.13.2.jar:/home/runner/.m2/repository/org/hamcrest/hamcrest-core/1.3/hamcrest-core-1.3.jar:/home/runner/work/ozone/ozone/hadoop-ozone/s3gateway/target/ozone-s3gateway-1.5.0-SNAPSHOT.jar:/home/runner/.m2/repository/org/javassist/javassist/3.30.2-GA/javassist-3.30.2-GA.jar:/home/runner/.m2/repository/org/jboss/weld/servlet/weld-servlet-shaded/3.1.9.Final/weld-servlet-shaded-3.1.9.Final.jar:/home/runner/.m2/repository/org/glassfish/jersey/ext/cdi/jersey-cdi1x/2.43/jersey-cdi1x-2.43.jar:/home/runner/.m2/repository/org/glassfish/jersey/inject/jersey-hk2/2.43/jersey-hk2-2.43.jar:/home/runner/.m2/repository/org/glassfish/hk2/hk2-locator/2.6.1/hk2-locator-2.6.1.jar:/home/runner/.m2/repository/org/glassfish/jersey/media/jersey-media-jaxb/2.43/jersey-media-jaxb-2.43.jar:/home/runner/.m2/repository/org/glassfish/hk2/osgi-resource-locator/1.0.3/osgi-resource-locator-1.0.3.jar:/home/runner/.m2/repository/org/glassfish/hk2/hk2-api/2.6.1/hk2-api-2.6.1.jar:/home/runner/.m2/repository/org/glassfish/hk2/hk2-utils/2.6.1/hk2-utils-2.6.1.jar:/home/runner/.m2/repository/org/glassfish/hk2/external/aopalliance-repackaged/2.6.1/aopalliance-repackaged-2.6.1.jar:/home/runner/.m2/repository/com/fasterxml/jackson/dataformat/jackson-dataformat-xml/2.16.2/jackson-dataformat-xml-2.16.2.jar:/home/runner/.m2/repository/org/codehaus/woodstox/stax2-api/4.2.2/stax2-api-4.2.2.jar:/home/runner/.m2/repository/com/fasterxml/woodstox/woodstox-core/5.4.0/woodstox-core-5.4.0.jar:/home/runner/.m2/repository/com/fasterxml/jackson/module/jackson-module-jaxb-annotations/2.16.2/jackson-module-jaxb-annotations-2.16.2.jar:/home/runner/.m2/repository/javax/enterprise/cdi-api/2.0/cdi-api-2.0.jar:/home/runner/.m2/repository/javax/el/javax.el-api/3.0.0/javax.el-api-3.0.0.jar:/home/runner/.m2/repository/javax/interceptor/javax.interceptor-api/1.2/javax.interceptor-api-1.2.jar:/home/runner/.m2/repository/javax/inject/javax.inject/1/javax.inject-1.jar:/home/runner/.m2/repository/jakarta/xml/bind/jakarta.xml.bind-api/2.3.3/jakarta.xml.bind-api-2.3.3.jar:/home/runner/.m2/repository/org/glassfish/jaxb/jaxb-runtime/2.3.9/jaxb-runtime-2.3.9.jar:/home/runner/.m2/repository/org/glassfish/jaxb/txw2/2.3.9/txw2-2.3.9.jar:/home/runner/.m2/repository/com/sun/istack/istack-commons-runtime/3.0.12/istack-commons-runtime-3.0.12.jar:/home/runner/.m2/repository/com/sun/activation/jakarta.activation/1.2.2/jakarta.activation-1.2.2.jar:/home/runner/.m2/repository/jakarta/activation/jakarta.activation-api/1.2.2/jakarta.activation-api-1.2.2.jar:/home/runner/.m2/repository/io/grpc/grpc-protobuf/1.58.0/grpc-protobuf-1.58.0.jar:/home/runner/.m2/repository/com/google/api/grpc/proto-google-common-protos/2.22.0/proto-google-common-protos-2.22.0.jar:/home/runner/.m2/repository/io/grpc/grpc-protobuf-lite/1.58.0/grpc-protobuf-lite-1.58.0.jar:/home/runner/.m2/repository/io/grpc/grpc-stub/1.58.0/grpc-stub-1.58.0.jar:/home/runner/.m2/repository/io/netty/netty-transport/4.1.109.Final/netty-transport-4.1.109.Final.jar:/home/runner/.m2/repository/io/netty/netty-resolver/4.1.109.Final/netty-resolver-4.1.109.Final.jar:/home/runner/work/ozone/ozone/hadoop-ozone/csi/target/ozone-csi-1.5.0-SNAPSHOT.jar:/home/runner/.m2/repository/com/google/protobuf/protobuf-java-util/3.19.6/protobuf-java-util-3.19.6.jar:/home/runner/.m2/repository/com/google/code/gson/gson/2.10.1/gson-2.10.1.jar:/home/runner/work/ozone/ozone/hadoop-hdds/config/target/hdds-config-1.5.0-SNAPSHOT.jar:/home/runner/.m2/repository/io/netty/netty-transport-native-epoll/4.1.109.Final/netty-transport-native-epoll-4.1.109.Final-linux-x86_64.jar:/home/runner/.m2/repository/io/netty/netty-transport-classes-epoll/4.1.109.Final/netty-transport-classes-epoll-4.1.109.Final.jar:/home/runner/.m2/repository/io/netty/netty-transport-native-unix-common/4.1.109.Final/netty-transport-native-unix-common-4.1.109.Final.jar:/home/runner/work/ozone/ozone/hadoop-ozone/recon/target/ozone-recon-1.5.0-SNAPSHOT.jar:/home/runner/work/ozone/ozone/hadoop-ozone/recon-codegen/target/ozone-reconcodegen-1.5.0-SNAPSHOT.jar:/home/runner/.m2/repository/com/google/inject/guice/6.0.0/guice-6.0.0.jar:/home/runner/.m2/repository/jakarta/inject/jakarta.inject-api/2.0.1/jakarta.inject-api-2.0.1.jar:/home/runner/.m2/repository/aopalliance/aopalliance/1.0/aopalliance-1.0.jar:/home/runner/.m2/repository/com/google/inject/extensions/guice-assistedinject/6.0.0/guice-assistedinject-6.0.0.jar:/home/runner/.m2/repository/com/google/inject/extensions/guice-servlet/6.0.0/guice-servlet-6.0.0.jar:/home/runner/.m2/repository/org/glassfish/jersey/containers/jersey-container-servlet/2.43/jersey-container-servlet-2.43.jar:/home/runner/.m2/repository/org/glassfish/hk2/guice-bridge/2.6.1/guice-bridge-2.6.1.jar:/home/runner/.m2/repository/org/glassfish/jersey/core/jersey-server/2.43/jersey-server-2.43.jar:/home/runner/.m2/repository/org/glassfish/jersey/core/jersey-client/2.43/jersey-client-2.43.jar:/home/runner/.m2/repository/jakarta/validation/jakarta.validation-api/2.0.2/jakarta.validation-api-2.0.2.jar:/home/runner/.m2/repository/org/glassfish/jersey/media/jersey-media-json-jackson/2.43/jersey-media-json-jackson-2.43.jar:/home/runner/.m2/repository/org/glassfish/jersey/ext/jersey-entity-filtering/2.43/jersey-entity-filtering-2.43.jar:/home/runner/.m2/repository/org/jooq/jooq/3.11.10/jooq-3.11.10.jar:/home/runner/.m2/repository/org/jooq/jooq-meta/3.11.10/jooq-meta-3.11.10.jar:/home/runner/.m2/repository/org/jooq/jooq-codegen/3.11.10/jooq-codegen-3.11.10.jar:/home/runner/.m2/repository/com/jolbox/bonecp/0.8.0.RELEASE/bonecp-0.8.0.RELEASE.jar:/home/runner/.m2/repository/org/apache/derby/derby/10.14.2.0/derby-10.14.2.0.jar:/home/runner/.m2/repository/org/xerial/sqlite-jdbc/3.46.0.0/sqlite-jdbc-3.46.0.0.jar:/home/runner/.m2/repository/org/springframework/spring-jdbc/5.3.37/spring-jdbc-5.3.37.jar:/home/runner/.m2/repository/org/springframework/spring-beans/5.3.37/spring-beans-5.3.37.jar:/home/runner/.m2/repository/org/springframework/spring-core/5.3.37/spring-core-5.3.37.jar:/home/runner/.m2/repository/org/springframework/spring-tx/5.3.37/spring-tx-5.3.37.jar:/home/runner/work/ozone/ozone/hadoop-ozone/client/target/ozone-client-1.5.0-SNAPSHOT.jar:/home/runner/work/ozone/ozone/hadoop-hdds/erasurecode/target/hdds-erasurecode-1.5.0-SNAPSHOT.jar:/home/runner/work/ozone/ozone/hadoop-ozone/ozonefs/target/ozone-filesystem-1.5.0-SNAPSHOT.jar:/home/runner/work/ozone/ozone/hadoop-ozone/ozonefs-common/target/ozone-filesystem-common-1.5.0-SNAPSHOT.jar:/home/runner/work/ozone/ozone/hadoop-ozone/tools/target/ozone-tools-1.5.0-SNAPSHOT.jar:/home/runner/.m2/repository/com/amazonaws/aws-java-sdk-core/1.12.661/aws-java-sdk-core-1.12.661.jar:/home/runner/.m2/repository/org/apache/httpcomponents/httpclient/4.5.14/httpclient-4.5.14.jar:/home/runner/.m2/repository/org/apache/httpcomponents/httpcore/4.4.16/httpcore-4.4.16.jar:/home/runner/.m2/repository/com/fasterxml/jackson/dataformat/jackson-dataformat-cbor/2.16.2/jackson-dataformat-cbor-2.16.2.jar:/home/runner/.m2/repository/joda-time/joda-time/2.12.7/joda-time-2.12.7.jar:/home/runner/.m2/repository/com/amazonaws/aws-java-sdk-s3/1.12.661/aws-java-sdk-s3-1.12.661.jar:/home/runner/.m2/repository/com/amazonaws/aws-java-sdk-kms/1.12.661/aws-java-sdk-kms-1.12.661.jar:/home/runner/.m2/repository/com/amazonaws/jmespath-java/1.12.661/jmespath-java-1.12.661.jar:/home/runner/.m2/repository/org/kohsuke/metainf-services/metainf-services/1.11/metainf-services-1.11.jar:/home/runner/work/ozone/ozone/hadoop-hdds/tools/target/hdds-tools-1.5.0-SNAPSHOT.jar:/home/runner/.m2/repository/org/apache/ratis/ratis-tools/3.1.0/ratis-tools-3.1.0.jar:/home/runner/.m2/repository/commons-cli/commons-cli/1.8.0/commons-cli-1.8.0.jar:/home/runner/.m2/repository/org/apache/commons/commons-lang3/3.14.0/commons-lang3-3.14.0.jar:/home/runner/work/ozone/ozone/hadoop-ozone/ozone-manager/target/ozone-manager-1.5.0-SNAPSHOT-tests.jar:/home/runner/work/ozone/ozone/hadoop-hdds/common/target/hdds-common-1.5.0-SNAPSHOT-tests.jar:/home/runner/work/ozone/ozone/hadoop-hdds/hadoop-dependency-client/target/hdds-hadoop-dependency-client-1.5.0-SNAPSHOT.jar:/home/runner/.m2/repository/info/picocli/picocli/4.7.6/picocli-4.7.6.jar:/home/runner/.m2/repository/com/fasterxml/jackson/core/jackson-annotations/2.16.2/jackson-annotations-2.16.2.jar:/home/runner/work/ozone/ozone/hadoop-hdds/annotations/target/hdds-annotation-processing-1.5.0-SNAPSHOT.jar:/home/runner/.m2/repository/javax/annotation/javax.annotation-api/1.3.2/javax.annotation-api-1.3.2.jar:/home/runner/.m2/repository/org/apache/ratis/ratis-server-api/3.1.0/ratis-server-api-3.1.0.jar:/home/runner/.m2/repository/org/apache/ratis/ratis-netty/3.1.0/ratis-netty-3.1.0.jar:/home/runner/.m2/repository/org/apache/ratis/ratis-grpc/3.1.0/ratis-grpc-3.1.0.jar:/home/runner/.m2/repository/org/bouncycastle/bcpkix-jdk18on/1.78.1/bcpkix-jdk18on-1.78.1.jar:/home/runner/.m2/repository/org/bouncycastle/bcutil-jdk18on/1.78.1/bcutil-jdk18on-1.78.1.jar:/home/runner/.m2/repository/commons-validator/commons-validator/1.6/commons-validator-1.6.jar:/home/runner/.m2/repository/commons-beanutils/commons-beanutils/1.9.4/commons-beanutils-1.9.4.jar:/home/runner/.m2/repository/commons-digester/commons-digester/1.8.1/commons-digester-1.8.1.jar:/home/runner/.m2/repository/commons-collections/commons-collections/3.2.2/commons-collections-3.2.2.jar:/home/runner/.m2/repository/io/jaegertracing/jaeger-client/1.8.1/jaeger-client-1.8.1.jar:/home/runner/.m2/repository/io/jaegertracing/jaeger-thrift/1.8.1/jaeger-thrift-1.8.1.jar:/home/runner/.m2/repository/org/apache/thrift/libthrift/0.15.0/libthrift-0.15.0.jar:/home/runner/.m2/repository/io/jaegertracing/jaeger-core/1.8.1/jaeger-core-1.8.1.jar:/home/runner/.m2/repository/io/jaegertracing/jaeger-tracerresolver/1.8.1/jaeger-tracerresolver-1.8.1.jar:/home/runner/.m2/repository/io/opentracing/contrib/opentracing-tracerresolver/0.1.8/opentracing-tracerresolver-0.1.8.jar:/home/runner/.m2/repository/org/jetbrains/kotlin/kotlin-stdlib/1.9.25/kotlin-stdlib-1.9.25.jar:/home/runner/.m2/repository/org/jetbrains/annotations/13.0/annotations-13.0.jar:/home/runner/.m2/repository/io/opentracing/opentracing-util/0.33.0/opentracing-util-0.33.0.jar:/home/runner/.m2/repository/io/opentracing/opentracing-api/0.33.0/opentracing-api-0.33.0.jar:/home/runner/.m2/repository/io/opentracing/opentracing-noop/0.33.0/opentracing-noop-0.33.0.jar:/home/runner/.m2/repository/org/yaml/snakeyaml/2.0/snakeyaml-2.0.jar:/home/runner/.m2/repository/io/grpc/grpc-api/1.58.0/grpc-api-1.58.0.jar:/home/runner/.m2/repository/org/junit/platform/junit-platform-launcher/1.10.3/junit-platform-launcher-1.10.3.jar:/home/runner/.m2/repository/org/junit/platform/junit-platform-engine/1.10.3/junit-platform-engine-1.10.3.jar:/home/runner/.m2/repository/org/apiguardian/apiguardian-api/1.1.2/apiguardian-api-1.1.2.jar:/home/runner/.m2/repository/org/apache/hadoop/hadoop-kms/3.3.6/hadoop-kms-3.3.6.jar:/home/runner/.m2/repository/org/apache/hadoop/hadoop-auth/3.3.6/hadoop-auth-3.3.6.jar:/home/runner/.m2/repository/org/apache/zookeeper/zookeeper/3.8.4/zookeeper-3.8.4.jar:/home/runner/.m2/repository/org/apache/zookeeper/zookeeper-jute/3.8.4/zookeeper-jute-3.8.4.jar:/home/runner/.m2/repository/org/apache/yetus/audience-annotations/0.12.0/audience-annotations-0.12.0.jar:/home/runner/.m2/repository/org/apache/curator/curator-framework/4.2.0/curator-framework-4.2.0.jar:/home/runner/.m2/repository/org/apache/hadoop/thirdparty/hadoop-shaded-guava/1.2.0/hadoop-shaded-guava-1.2.0.jar:/home/runner/.m2/repository/com/sun/jersey/jersey-core/1.19.4/jersey-core-1.19.4.jar:/home/runner/.m2/repository/javax/ws/rs/jsr311-api/1.1.1/jsr311-api-1.1.1.jar:/home/runner/.m2/repository/com/sun/jersey/jersey-server/1.19.4/jersey-server-1.19.4.jar:/home/runner/.m2/repository/javax/servlet/javax.servlet-api/3.1.0/javax.servlet-api-3.1.0.jar:/home/runner/.m2/repository/org/apache/hadoop/hadoop-common/3.3.6/hadoop-common-3.3.6.jar:/home/runner/.m2/repository/org/apache/commons/commons-math3/3.6.1/commons-math3-3.6.1.jar:/home/runner/.m2/repository/commons-net/commons-net/3.11.1/commons-net-3.11.1.jar:/home/runner/.m2/repository/com/sun/jersey/jersey-servlet/1.19.4/jersey-servlet-1.19.4.jar:/home/runner/.m2/repository/com/github/pjfanning/jersey-json/1.20/jersey-json-1.20.jar:/home/runner/.m2/repository/org/codehaus/jettison/jettison/1.1/jettison-1.1.jar:/home/runner/.m2/repository/com/sun/xml/bind/jaxb-impl/2.2.3-1/jaxb-impl-2.2.3-1.jar:/home/runner/.m2/repository/com/google/re2j/re2j/1.7/re2j-1.7.jar:/home/runner/.m2/repository/com/jcraft/jsch/0.1.55/jsch-0.1.55.jar:/home/runner/.m2/repository/org/apache/curator/curator-client/4.2.0/curator-client-4.2.0.jar:/home/runner/.m2/repository/org/apache/curator/curator-recipes/5.2.0/curator-recipes-5.2.0.jar:/home/runner/.m2/repository/com/google/code/findbugs/jsr305/3.0.2/jsr305-3.0.2.jar:/home/runner/.m2/repository/dnsjava/dnsjava/2.1.9/dnsjava-2.1.9.jar:/home/runner/.m2/repository/com/fasterxml/jackson/core/jackson-databind/2.16.2/jackson-databind-2.16.2.jar:/home/runner/.m2/repository/org/apache/hadoop/hadoop-kms/3.3.6/hadoop-kms-3.3.6-tests.jar:/home/runner/work/ozone/ozone/hadoop-hdds/server-scm/target/hdds-server-scm-1.5.0-SNAPSHOT-tests.jar:/home/runner/work/ozone/ozone/hadoop-hdds/container-service/target/hdds-container-service-1.5.0-SNAPSHOT-tests.jar:/home/runner/.m2/repository/com/github/luben/zstd-jni/1.5.6-3/zstd-jni-1.5.6-3.jar:/home/runner/.m2/repository/commons-codec/commons-codec/1.17.0/commons-codec-1.17.0.jar:/home/runner/.m2/repository/io/netty/netty-codec/4.1.109.Final/netty-codec-4.1.109.Final.jar:/home/runner/.m2/repository/io/netty/netty-handler/4.1.109.Final/netty-handler-4.1.109.Final.jar:/home/runner/work/ozone/ozone/hadoop-hdds/hadoop-dependency-test/target/hdds-hadoop-dependency-test-1.5.0-SNAPSHOT.jar:/home/runner/.m2/repository/org/apache/hadoop/hadoop-common/3.3.6/hadoop-common-3.3.6-tests.jar:/home/runner/.m2/repository/org/apache/hadoop/hadoop-hdfs/3.3.6/hadoop-hdfs-3.3.6-tests.jar:/home/runner/.m2/repository/org/junit/jupiter/junit-jupiter-engine/5.10.3/junit-jupiter-engine-5.10.3.jar:/home/runner/.m2/repository/org/junit/jupiter/junit-jupiter-params/5.10.3/junit-jupiter-params-5.10.3.jar:/home/runner/.m2/repository/org/mockito/mockito-core/4.11.0/mockito-core-4.11.0.jar:/home/runner/.m2/repository/net/bytebuddy/byte-buddy-agent/1.12.19/byte-buddy-agent-1.12.19.jar:/home/runner/.m2/repository/org/objenesis/objenesis/3.3/objenesis-3.3.jar:/home/runner/.m2/repository/org/mockito/mockito-inline/4.11.0/mockito-inline-4.11.0.jar:/home/runner/.m2/repository/org/mockito/mockito-junit-jupiter/4.11.0/mockito-junit-jupiter-4.11.0.jar:/home/runner/.m2/repository/org/apache/hadoop/hadoop-distcp/3.3.6/hadoop-distcp-3.3.6.jar:/home/runner/.m2/repository/org/apache/hadoop/hadoop-mapreduce-client-jobclient/3.3.6/hadoop-mapreduce-client-jobclient-3.3.6.jar:/home/runner/.m2/repository/org/apache/hadoop/hadoop-mapreduce-client-common/3.3.6/hadoop-mapreduce-client-common-3.3.6.jar:/home/runner/.m2/repository/org/apache/hadoop/hadoop-yarn-common/3.3.6/hadoop-yarn-common-3.3.6.jar:/home/runner/.m2/repository/org/apache/hadoop/hadoop-yarn-api/3.3.6/hadoop-yarn-api-3.3.6.jar:/home/runner/.m2/repository/javax/xml/bind/jaxb-api/2.2.11/jaxb-api-2.2.11.jar:/home/runner/.m2/repository/com/sun/jersey/contribs/jersey-guice/1.19.4/jersey-guice-1.19.4.jar:/home/runner/.m2/repository/com/fasterxml/jackson/jaxrs/jackson-jaxrs-json-provider/2.16.2/jackson-jaxrs-json-provider-2.16.2.jar:/home/runner/.m2/repository/com/fasterxml/jackson/jaxrs/jackson-jaxrs-base/2.16.2/jackson-jaxrs-base-2.16.2.jar:/home/runner/.m2/repository/org/apache/hadoop/hadoop-yarn-client/3.3.6/hadoop-yarn-client-3.3.6.jar:/home/runner/.m2/repository/org/eclipse/jetty/websocket/websocket-client/9.4.51.v20230217/websocket-client-9.4.51.v20230217.jar:/home/runner/.m2/repository/org/eclipse/jetty/websocket/websocket-common/9.4.51.v20230217/websocket-common-9.4.51.v20230217.jar:/home/runner/.m2/repository/org/eclipse/jetty/websocket/websocket-api/9.4.51.v20230217/websocket-api-9.4.51.v20230217.jar:/home/runner/.m2/repository/org/jline/jline/3.9.0/jline-3.9.0.jar:/home/runner/.m2/repository/org/apache/hadoop/hadoop-mapreduce-client-core/3.3.6/hadoop-mapreduce-client-core-3.3.6.jar:/home/runner/.m2/repository/org/apache/avro/avro/1.7.7/avro-1.7.7.jar:/home/runner/.m2/repository/com/thoughtworks/paranamer/paranamer/2.3/paranamer-2.3.jar:/home/runner/.m2/repository/org/apache/hadoop/hadoop-annotations/3.3.6/hadoop-annotations-3.3.6.jar:/home/runner/.m2/repository/io/netty/netty/3.10.6.Final/netty-3.10.6.Final.jar:/home/runner/.m2/repository/org/apache/hadoop/hadoop-distcp/3.3.6/hadoop-distcp-3.3.6-tests.jar:/home/runner/.m2/repository/org/hamcrest/hamcrest/2.2/hamcrest-2.2.jar:/home/runner/.m2/repository/org/slf4j/jul-to-slf4j/2.0.13/jul-to-slf4j-2.0.13.jar:/home/runner/work/ozone/ozone/hadoop-ozone/integration-test/target/gradle-enterprise/test-listeners.jar:"/>
    <property name="java.vm.vendor" value="Eclipse Adoptium"/>
    <property name="sun.arch.data.model" value="64"/>
    <property name="test.build.dir" value="/home/runner/work/ozone/ozone/hadoop-ozone/integration-test/target/test-dir"/>
    <property name="test.cache.data" value=""/>
    <property name="java.vendor.url" value="https://adoptium.net/"/>
    <property name="user.timezone" value="Etc/UTC"/>
    <property name="maven-surefire-plugin.argLineAccessArgs" value=" --add-opens java.management/com.sun.jmx.mbeanserver=ALL-UNNAMED --add-exports java.management/com.sun.jmx.mbeanserver=ALL-UNNAMED --add-opens java.base/java.nio=ALL-UNNAMED --add-opens java.base/java.lang=ALL-UNNAMED --add-opens java.base/java.lang.reflect=ALL-UNNAMED"/>
    <property name="os.name" value="Linux"/>
    <property name="java.vm.specification.version" value="17"/>
    <property name="test.build.data" value="/home/runner/work/ozone/ozone/hadoop-ozone/integration-test/target/test-dir"/>
    <property name="sun.java.launcher" value="SUN_STANDARD"/>
    <property name="sun.boot.library.path" value="/usr/lib/jvm/temurin-17-jdk-amd64/lib"/>
    <property name="sun.java.command" value="/home/runner/work/ozone/ozone/hadoop-ozone/integration-test/target/surefire/surefirebooter11143286146289190203.jar /home/runner/work/ozone/ozone/hadoop-ozone/integration-test/target/surefire 2024-08-10T09-20-28_360-jvmRun1 surefire956085155375393424tmp surefire_267612756403415068751tmp"/>
    <property name="jdk.debug" value="release"/>
    <property name="native.lib.tmp.dir" value="/tmp"/>
    <property name="surefire.test.class.path" value="/home/runner/work/ozone/ozone/hadoop-ozone/integration-test/target/test-classes:/home/runner/work/ozone/ozone/hadoop-ozone/integration-test/target/classes:/home/runner/work/ozone/ozone/hadoop-ozone/common/target/ozone-common-1.5.0-SNAPSHOT.jar:/home/runner/.m2/repository/io/grpc/grpc-netty/1.58.0/grpc-netty-1.58.0.jar:/home/runner/.m2/repository/io/grpc/grpc-core/1.58.0/grpc-core-1.58.0.jar:/home/runner/.m2/repository/com/google/android/annotations/4.1.1.4/annotations-4.1.1.4.jar:/home/runner/.m2/repository/org/codehaus/mojo/animal-sniffer-annotations/1.23/animal-sniffer-annotations-1.23.jar:/home/runner/.m2/repository/io/grpc/grpc-context/1.58.0/grpc-context-1.58.0.jar:/home/runner/.m2/repository/io/grpc/grpc-util/1.58.0/grpc-util-1.58.0.jar:/home/runner/.m2/repository/com/google/errorprone/error_prone_annotations/2.28.0/error_prone_annotations-2.28.0.jar:/home/runner/.m2/repository/io/perfmark/perfmark-api/0.26.0/perfmark-api-0.26.0.jar:/home/runner/.m2/repository/io/netty/netty-codec-http2/4.1.109.Final/netty-codec-http2-4.1.109.Final.jar:/home/runner/.m2/repository/io/netty/netty-common/4.1.109.Final/netty-common-4.1.109.Final.jar:/home/runner/.m2/repository/io/netty/netty-buffer/4.1.109.Final/netty-buffer-4.1.109.Final.jar:/home/runner/.m2/repository/io/netty/netty-codec-http/4.1.109.Final/netty-codec-http-4.1.109.Final.jar:/home/runner/.m2/repository/io/netty/netty-handler-proxy/4.1.109.Final/netty-handler-proxy-4.1.109.Final.jar:/home/runner/.m2/repository/io/netty/netty-codec-socks/4.1.109.Final/netty-codec-socks-4.1.109.Final.jar:/home/runner/.m2/repository/io/netty/netty-tcnative-boringssl-static/2.0.65.Final/netty-tcnative-boringssl-static-2.0.65.Final.jar:/home/runner/.m2/repository/io/netty/netty-tcnative-classes/2.0.65.Final/netty-tcnative-classes-2.0.65.Final.jar:/home/runner/.m2/repository/io/netty/netty-tcnative-boringssl-static/2.0.65.Final/netty-tcnative-boringssl-static-2.0.65.Final-linux-x86_64.jar:/home/runner/.m2/repository/io/netty/netty-tcnative-boringssl-static/2.0.65.Final/netty-tcnative-boringssl-static-2.0.65.Final-linux-aarch_64.jar:/home/runner/.m2/repository/io/netty/netty-tcnative-boringssl-static/2.0.65.Final/netty-tcnative-boringssl-static-2.0.65.Final-osx-x86_64.jar:/home/runner/.m2/repository/io/netty/netty-tcnative-boringssl-static/2.0.65.Final/netty-tcnative-boringssl-static-2.0.65.Final-osx-aarch_64.jar:/home/runner/.m2/repository/io/netty/netty-tcnative-boringssl-static/2.0.65.Final/netty-tcnative-boringssl-static-2.0.65.Final-windows-x86_64.jar:/home/runner/.m2/repository/org/apache/commons/commons-compress/1.26.2/commons-compress-1.26.2.jar:/home/runner/work/ozone/ozone/hadoop-hdds/common/target/hdds-common-1.5.0-SNAPSHOT.jar:/home/runner/work/ozone/ozone/hadoop-hdds/client/target/hdds-client-1.5.0-SNAPSHOT.jar:/home/runner/work/ozone/ozone/hadoop-ozone/interface-client/target/ozone-interface-client-1.5.0-SNAPSHOT.jar:/home/runner/.m2/repository/org/apache/hadoop/hadoop-hdfs-client/3.3.6/hadoop-hdfs-client-3.3.6.jar:/home/runner/.m2/repository/com/squareup/okhttp3/okhttp/4.12.0/okhttp-4.12.0.jar:/home/runner/.m2/repository/com/squareup/okio/okio/3.6.0/okio-3.6.0.jar:/home/runner/.m2/repository/com/squareup/okio/okio-jvm/3.6.0/okio-jvm-3.6.0.jar:/home/runner/.m2/repository/org/jetbrains/kotlin/kotlin-stdlib-jdk8/1.9.25/kotlin-stdlib-jdk8-1.9.25.jar:/home/runner/.m2/repository/org/jetbrains/kotlin/kotlin-stdlib-jdk7/1.9.25/kotlin-stdlib-jdk7-1.9.25.jar:/home/runner/.m2/repository/org/jetbrains/kotlin/kotlin-stdlib-common/1.9.25/kotlin-stdlib-common-1.9.25.jar:/home/runner/.m2/repository/com/github/stephenc/jcip/jcip-annotations/1.0-1/jcip-annotations-1.0-1.jar:/home/runner/work/ozone/ozone/hadoop-hdds/test-utils/target/hdds-test-utils-1.5.0-SNAPSHOT.jar:/home/runner/.m2/repository/org/assertj/assertj-core/3.26.3/assertj-core-3.26.3.jar:/home/runner/.m2/repository/net/bytebuddy/byte-buddy/1.14.18/byte-buddy-1.14.18.jar:/home/runner/.m2/repository/com/google/guava/guava/32.1.3-jre/guava-32.1.3-jre.jar:/home/runner/.m2/repository/com/google/guava/failureaccess/1.0.1/failureaccess-1.0.1.jar:/home/runner/.m2/repository/com/google/guava/listenablefuture/9999.0-empty-to-avoid-conflict-with-guava/listenablefuture-9999.0-empty-to-avoid-conflict-with-guava.jar:/home/runner/.m2/repository/org/checkerframework/checker-qual/3.37.0/checker-qual-3.37.0.jar:/home/runner/.m2/repository/com/google/j2objc/j2objc-annotations/2.8/j2objc-annotations-2.8.jar:/home/runner/.m2/repository/commons-io/commons-io/2.16.1/commons-io-2.16.1.jar:/home/runner/.m2/repository/commons-logging/commons-logging/1.2/commons-logging-1.2.jar:/home/runner/.m2/repository/org/junit/jupiter/junit-jupiter-api/5.10.3/junit-jupiter-api-5.10.3.jar:/home/runner/.m2/repository/org/opentest4j/opentest4j/1.3.0/opentest4j-1.3.0.jar:/home/runner/.m2/repository/org/junit/platform/junit-platform-commons/1.10.3/junit-platform-commons-1.10.3.jar:/home/runner/.m2/repository/ch/qos/reload4j/reload4j/1.2.25/reload4j-1.2.25.jar:/home/runner/.m2/repository/jakarta/annotation/jakarta.annotation-api/2.1.1/jakarta.annotation-api-2.1.1.jar:/home/runner/.m2/repository/org/slf4j/slf4j-api/2.0.13/slf4j-api-2.0.13.jar:/home/runner/.m2/repository/org/apache/logging/log4j/log4j-api/2.23.1/log4j-api-2.23.1.jar:/home/runner/work/ozone/ozone/hadoop-hdds/server-scm/target/hdds-server-scm-1.5.0-SNAPSHOT.jar:/home/runner/.m2/repository/com/google/protobuf/protobuf-java/2.5.0/protobuf-java-2.5.0.jar:/home/runner/work/ozone/ozone/hadoop-hdds/container-service/target/hdds-container-service-1.5.0-SNAPSHOT.jar:/home/runner/work/ozone/ozone/hadoop-hdds/hadoop-dependency-server/target/hdds-hadoop-dependency-server-1.5.0-SNAPSHOT.jar:/home/runner/.m2/repository/com/nimbusds/nimbus-jose-jwt/9.40/nimbus-jose-jwt-9.40.jar:/home/runner/.m2/repository/org/apache/hadoop/hadoop-hdfs/3.3.6/hadoop-hdfs-3.3.6.jar:/home/runner/.m2/repository/commons-daemon/commons-daemon/1.4.0/commons-daemon-1.4.0.jar:/home/runner/.m2/repository/org/apache/kerby/kerb-core/1.0.1/kerb-core-1.0.1.jar:/home/runner/.m2/repository/org/apache/kerby/kerby-pkix/1.0.1/kerby-pkix-1.0.1.jar:/home/runner/.m2/repository/org/apache/kerby/kerby-asn1/1.0.1/kerby-asn1-1.0.1.jar:/home/runner/.m2/repository/org/apache/kerby/kerby-util/1.0.1/kerby-util-1.0.1.jar:/home/runner/.m2/repository/org/apache/kerby/kerb-util/1.0.1/kerb-util-1.0.1.jar:/home/runner/.m2/repository/org/apache/kerby/kerby-config/1.0.1/kerby-config-1.0.1.jar:/home/runner/.m2/repository/org/apache/kerby/kerb-crypto/1.0.1/kerb-crypto-1.0.1.jar:/home/runner/.m2/repository/org/xerial/snappy/snappy-java/1.1.10.5/snappy-java-1.1.10.5.jar:/home/runner/work/ozone/ozone/hadoop-hdds/framework/target/hdds-server-framework-1.5.0-SNAPSHOT.jar:/home/runner/.m2/repository/org/bouncycastle/bcprov-jdk18on/1.78.1/bcprov-jdk18on-1.78.1.jar:/home/runner/.m2/repository/io/dropwizard/metrics/metrics-core/3.2.6/metrics-core-3.2.6.jar:/home/runner/.m2/repository/org/apache/commons/commons-text/1.12.0/commons-text-1.12.0.jar:/home/runner/work/ozone/ozone/hadoop-hdds/framework/target/hdds-server-framework-1.5.0-SNAPSHOT-tests.jar:/home/runner/work/ozone/ozone/hadoop-hdds/interface-server/target/hdds-interface-server-1.5.0-SNAPSHOT.jar:/home/runner/work/ozone/ozone/hadoop-hdds/interface-admin/target/hdds-interface-admin-1.5.0-SNAPSHOT.jar:/home/runner/work/ozone/ozone/hadoop-hdds/managed-rocksdb/target/hdds-managed-rocksdb-1.5.0-SNAPSHOT.jar:/home/runner/.m2/repository/org/rocksdb/rocksdbjni/7.7.3/rocksdbjni-7.7.3.jar:/home/runner/.m2/repository/org/slf4j/slf4j-reload4j/2.0.13/slf4j-reload4j-2.0.13.jar:/home/runner/.m2/repository/org/apache/commons/commons-configuration2/2.10.1/commons-configuration2-2.10.1.jar:/home/runner/.m2/repository/commons-fileupload/commons-fileupload/1.5/commons-fileupload-1.5.jar:/home/runner/.m2/repository/org/apache/logging/log4j/log4j-core/2.23.1/log4j-core-2.23.1.jar:/home/runner/.m2/repository/com/lmax/disruptor/3.4.4/disruptor-3.4.4.jar:/home/runner/.m2/repository/org/eclipse/jetty/jetty-util/9.4.55.v20240627/jetty-util-9.4.55.v20240627.jar:/home/runner/.m2/repository/org/eclipse/jetty/jetty-server/9.4.55.v20240627/jetty-server-9.4.55.v20240627.jar:/home/runner/.m2/repository/org/eclipse/jetty/jetty-http/9.4.55.v20240627/jetty-http-9.4.55.v20240627.jar:/home/runner/.m2/repository/org/eclipse/jetty/jetty-io/9.4.55.v20240627/jetty-io-9.4.55.v20240627.jar:/home/runner/.m2/repository/org/eclipse/jetty/jetty-servlet/9.4.55.v20240627/jetty-servlet-9.4.55.v20240627.jar:/home/runner/.m2/repository/org/eclipse/jetty/jetty-security/9.4.55.v20240627/jetty-security-9.4.55.v20240627.jar:/home/runner/.m2/repository/org/eclipse/jetty/jetty-util-ajax/9.4.55.v20240627/jetty-util-ajax-9.4.55.v20240627.jar:/home/runner/.m2/repository/org/eclipse/jetty/jetty-webapp/9.4.55.v20240627/jetty-webapp-9.4.55.v20240627.jar:/home/runner/.m2/repository/org/eclipse/jetty/jetty-xml/9.4.55.v20240627/jetty-xml-9.4.55.v20240627.jar:/home/runner/.m2/repository/org/glassfish/jersey/containers/jersey-container-servlet-core/2.43/jersey-container-servlet-core-2.43.jar:/home/runner/.m2/repository/org/glassfish/hk2/external/jakarta.inject/2.6.1/jakarta.inject-2.6.1.jar:/home/runner/.m2/repository/org/glassfish/jersey/core/jersey-common/2.43/jersey-common-2.43.jar:/home/runner/.m2/repository/jakarta/ws/rs/jakarta.ws.rs-api/2.1.6/jakarta.ws.rs-api-2.1.6.jar:/home/runner/.m2/repository/org/apache/ratis/ratis-server/3.1.0/ratis-server-3.1.0.jar:/home/runner/.m2/repository/org/apache/ratis/ratis-thirdparty-misc/1.0.6/ratis-thirdparty-misc-1.0.6.jar:/home/runner/.m2/repository/org/apache/ratis/ratis-proto/3.1.0/ratis-proto-3.1.0.jar:/home/runner/.m2/repository/org/apache/ratis/ratis-common/3.1.0/ratis-common-3.1.0.jar:/home/runner/.m2/repository/org/apache/ratis/ratis-client/3.1.0/ratis-client-3.1.0.jar:/home/runner/.m2/repository/org/apache/ratis/ratis-metrics-api/3.1.0/ratis-metrics-api-3.1.0.jar:/home/runner/.m2/repository/org/apache/ratis/ratis-metrics-dropwizard3/3.1.0/ratis-metrics-dropwizard3-3.1.0.jar:/home/runner/.m2/repository/io/prometheus/simpleclient_dropwizard/0.16.0/simpleclient_dropwizard-0.16.0.jar:/home/runner/.m2/repository/io/prometheus/simpleclient/0.16.0/simpleclient-0.16.0.jar:/home/runner/.m2/repository/io/prometheus/simpleclient_common/0.16.0/simpleclient_common-0.16.0.jar:/home/runner/.m2/repository/com/fasterxml/jackson/datatype/jackson-datatype-jsr310/2.16.2/jackson-datatype-jsr310-2.16.2.jar:/home/runner/.m2/repository/com/fasterxml/jackson/core/jackson-core/2.16.2/jackson-core-2.16.2.jar:/home/runner/.m2/repository/com/github/jnr/jnr-posix/3.1.19/jnr-posix-3.1.19.jar:/home/runner/.m2/repository/com/github/jnr/jnr-ffi/2.2.16/jnr-ffi-2.2.16.jar:/home/runner/.m2/repository/com/github/jnr/jffi/1.3.13/jffi-1.3.13.jar:/home/runner/.m2/repository/com/github/jnr/jffi/1.3.13/jffi-1.3.13-native.jar:/home/runner/.m2/repository/org/ow2/asm/asm/9.2/asm-9.2.jar:/home/runner/.m2/repository/org/ow2/asm/asm-commons/9.2/asm-commons-9.2.jar:/home/runner/.m2/repository/org/ow2/asm/asm-analysis/9.2/asm-analysis-9.2.jar:/home/runner/.m2/repository/org/ow2/asm/asm-tree/9.2/asm-tree-9.2.jar:/home/runner/.m2/repository/org/ow2/asm/asm-util/9.2/asm-util-9.2.jar:/home/runner/.m2/repository/com/github/jnr/jnr-a64asm/1.0.0/jnr-a64asm-1.0.0.jar:/home/runner/.m2/repository/com/github/jnr/jnr-x86asm/1.0.2/jnr-x86asm-1.0.2.jar:/home/runner/.m2/repository/com/github/jnr/jnr-constants/0.10.4/jnr-constants-0.10.4.jar:/home/runner/work/ozone/ozone/hadoop-hdds/rocksdb-checkpoint-differ/target/rocksdb-checkpoint-differ-1.5.0-SNAPSHOT.jar:/home/runner/.m2/repository/org/jgrapht/jgrapht-core/1.4.0/jgrapht-core-1.4.0.jar:/home/runner/.m2/repository/org/jheaps/jheaps/0.11/jheaps-0.11.jar:/home/runner/.m2/repository/org/jgrapht/jgrapht-ext/1.4.0/jgrapht-ext-1.4.0.jar:/home/runner/.m2/repository/com/github/vlsi/mxgraph/jgraphx/3.9.8.1/jgraphx-3.9.8.1.jar:/home/runner/work/ozone/ozone/hadoop-ozone/ozone-manager/target/ozone-manager-1.5.0-SNAPSHOT.jar:/home/runner/.m2/repository/org/aspectj/aspectjrt/1.9.7/aspectjrt-1.9.7.jar:/home/runner/.m2/repository/org/aspectj/aspectjweaver/1.9.7/aspectjweaver-1.9.7.jar:/home/runner/work/ozone/ozone/hadoop-hdds/interface-client/target/hdds-interface-client-1.5.0-SNAPSHOT.jar:/home/runner/.m2/repository/org/apache/hadoop/thirdparty/hadoop-shaded-protobuf_3_7/1.1.1/hadoop-shaded-protobuf_3_7-1.1.1.jar:/home/runner/work/ozone/ozone/hadoop-ozone/interface-storage/target/ozone-interface-storage-1.5.0-SNAPSHOT.jar:/home/runner/.m2/repository/org/reflections/reflections/0.10.2/reflections-0.10.2.jar:/home/runner/.m2/repository/com/sun/jersey/jersey-client/1.19.4/jersey-client-1.19.4.jar:/home/runner/.m2/repository/org/codehaus/jackson/jackson-core-asl/1.9.13/jackson-core-asl-1.9.13.jar:/home/runner/.m2/repository/org/codehaus/jackson/jackson-mapper-asl/1.9.13/jackson-mapper-asl-1.9.13.jar:/home/runner/.m2/repository/org/codehaus/jackson/jackson-jaxrs/1.9.13/jackson-jaxrs-1.9.13.jar:/home/runner/.m2/repository/org/apache/ranger/ranger-intg/2.3.0/ranger-intg-2.3.0.jar:/home/runner/.m2/repository/org/apache/ranger/ranger-plugins-common/2.3.0/ranger-plugins-common-2.3.0.jar:/home/runner/.m2/repository/commons-lang/commons-lang/2.6/commons-lang-2.6.jar:/home/runner/.m2/repository/org/apache/ranger/ranger-plugins-cred/2.3.0/ranger-plugins-cred-2.3.0.jar:/home/runner/.m2/repository/org/apache/ranger/ranger-plugins-audit/2.3.0/ranger-plugins-audit-2.3.0.jar:/home/runner/.m2/repository/org/eclipse/jetty/jetty-client/9.4.55.v20240627/jetty-client-9.4.55.v20240627.jar:/home/runner/.m2/repository/org/apache/httpcomponents/httpmime/4.5.6/httpmime-4.5.6.jar:/home/runner/.m2/repository/org/apache/httpcomponents/httpcore-nio/4.4.16/httpcore-nio-4.4.16.jar:/home/runner/.m2/repository/org/apache/httpcomponents/httpasyncclient/4.1.3/httpasyncclient-4.1.3.jar:/home/runner/.m2/repository/com/carrotsearch/hppc/0.8.0/hppc-0.8.0.jar:/home/runner/.m2/repository/org/apache/orc/orc-core/1.5.8/orc-core-1.5.8.jar:/home/runner/.m2/repository/net/java/dev/jna/jna/5.2.0/jna-5.2.0.jar:/home/runner/.m2/repository/net/java/dev/jna/jna-platform/5.2.0/jna-platform-5.2.0.jar:/home/runner/.m2/repository/com/kstruct/gethostname4j/0.0.2/gethostname4j-0.0.2.jar:/home/runner/.m2/repository/org/apache/ranger/ranger-plugin-classloader/2.3.0/ranger-plugin-classloader-2.3.0.jar:/home/runner/work/ozone/ozone/hadoop-hdds/rocks-native/target/hdds-rocks-native-1.5.0-SNAPSHOT.jar:/home/runner/.m2/repository/org/apache/hadoop/hadoop-minikdc/3.3.6/hadoop-minikdc-3.3.6.jar:/home/runner/.m2/repository/org/apache/kerby/kerb-simplekdc/1.0.1/kerb-simplekdc-1.0.1.jar:/home/runner/.m2/repository/org/apache/kerby/kerb-client/1.0.1/kerb-client-1.0.1.jar:/home/runner/.m2/repository/org/apache/kerby/kerb-common/1.0.1/kerb-common-1.0.1.jar:/home/runner/.m2/repository/org/apache/kerby/token-provider/1.0.1/token-provider-1.0.1.jar:/home/runner/.m2/repository/org/apache/kerby/kerb-admin/1.0.1/kerb-admin-1.0.1.jar:/home/runner/.m2/repository/org/apache/kerby/kerb-server/1.0.1/kerb-server-1.0.1.jar:/home/runner/.m2/repository/org/apache/kerby/kerb-identity/1.0.1/kerb-identity-1.0.1.jar:/home/runner/.m2/repository/org/apache/kerby/kerby-xdr/1.0.1/kerby-xdr-1.0.1.jar:/home/runner/.m2/repository/junit/junit/4.13.2/junit-4.13.2.jar:/home/runner/.m2/repository/org/hamcrest/hamcrest-core/1.3/hamcrest-core-1.3.jar:/home/runner/work/ozone/ozone/hadoop-ozone/s3gateway/target/ozone-s3gateway-1.5.0-SNAPSHOT.jar:/home/runner/.m2/repository/org/javassist/javassist/3.30.2-GA/javassist-3.30.2-GA.jar:/home/runner/.m2/repository/org/jboss/weld/servlet/weld-servlet-shaded/3.1.9.Final/weld-servlet-shaded-3.1.9.Final.jar:/home/runner/.m2/repository/org/glassfish/jersey/ext/cdi/jersey-cdi1x/2.43/jersey-cdi1x-2.43.jar:/home/runner/.m2/repository/org/glassfish/jersey/inject/jersey-hk2/2.43/jersey-hk2-2.43.jar:/home/runner/.m2/repository/org/glassfish/hk2/hk2-locator/2.6.1/hk2-locator-2.6.1.jar:/home/runner/.m2/repository/org/glassfish/jersey/media/jersey-media-jaxb/2.43/jersey-media-jaxb-2.43.jar:/home/runner/.m2/repository/org/glassfish/hk2/osgi-resource-locator/1.0.3/osgi-resource-locator-1.0.3.jar:/home/runner/.m2/repository/org/glassfish/hk2/hk2-api/2.6.1/hk2-api-2.6.1.jar:/home/runner/.m2/repository/org/glassfish/hk2/hk2-utils/2.6.1/hk2-utils-2.6.1.jar:/home/runner/.m2/repository/org/glassfish/hk2/external/aopalliance-repackaged/2.6.1/aopalliance-repackaged-2.6.1.jar:/home/runner/.m2/repository/com/fasterxml/jackson/dataformat/jackson-dataformat-xml/2.16.2/jackson-dataformat-xml-2.16.2.jar:/home/runner/.m2/repository/org/codehaus/woodstox/stax2-api/4.2.2/stax2-api-4.2.2.jar:/home/runner/.m2/repository/com/fasterxml/woodstox/woodstox-core/5.4.0/woodstox-core-5.4.0.jar:/home/runner/.m2/repository/com/fasterxml/jackson/module/jackson-module-jaxb-annotations/2.16.2/jackson-module-jaxb-annotations-2.16.2.jar:/home/runner/.m2/repository/javax/enterprise/cdi-api/2.0/cdi-api-2.0.jar:/home/runner/.m2/repository/javax/el/javax.el-api/3.0.0/javax.el-api-3.0.0.jar:/home/runner/.m2/repository/javax/interceptor/javax.interceptor-api/1.2/javax.interceptor-api-1.2.jar:/home/runner/.m2/repository/javax/inject/javax.inject/1/javax.inject-1.jar:/home/runner/.m2/repository/jakarta/xml/bind/jakarta.xml.bind-api/2.3.3/jakarta.xml.bind-api-2.3.3.jar:/home/runner/.m2/repository/org/glassfish/jaxb/jaxb-runtime/2.3.9/jaxb-runtime-2.3.9.jar:/home/runner/.m2/repository/org/glassfish/jaxb/txw2/2.3.9/txw2-2.3.9.jar:/home/runner/.m2/repository/com/sun/istack/istack-commons-runtime/3.0.12/istack-commons-runtime-3.0.12.jar:/home/runner/.m2/repository/com/sun/activation/jakarta.activation/1.2.2/jakarta.activation-1.2.2.jar:/home/runner/.m2/repository/jakarta/activation/jakarta.activation-api/1.2.2/jakarta.activation-api-1.2.2.jar:/home/runner/.m2/repository/io/grpc/grpc-protobuf/1.58.0/grpc-protobuf-1.58.0.jar:/home/runner/.m2/repository/com/google/api/grpc/proto-google-common-protos/2.22.0/proto-google-common-protos-2.22.0.jar:/home/runner/.m2/repository/io/grpc/grpc-protobuf-lite/1.58.0/grpc-protobuf-lite-1.58.0.jar:/home/runner/.m2/repository/io/grpc/grpc-stub/1.58.0/grpc-stub-1.58.0.jar:/home/runner/.m2/repository/io/netty/netty-transport/4.1.109.Final/netty-transport-4.1.109.Final.jar:/home/runner/.m2/repository/io/netty/netty-resolver/4.1.109.Final/netty-resolver-4.1.109.Final.jar:/home/runner/work/ozone/ozone/hadoop-ozone/csi/target/ozone-csi-1.5.0-SNAPSHOT.jar:/home/runner/.m2/repository/com/google/protobuf/protobuf-java-util/3.19.6/protobuf-java-util-3.19.6.jar:/home/runner/.m2/repository/com/google/code/gson/gson/2.10.1/gson-2.10.1.jar:/home/runner/work/ozone/ozone/hadoop-hdds/config/target/hdds-config-1.5.0-SNAPSHOT.jar:/home/runner/.m2/repository/io/netty/netty-transport-native-epoll/4.1.109.Final/netty-transport-native-epoll-4.1.109.Final-linux-x86_64.jar:/home/runner/.m2/repository/io/netty/netty-transport-classes-epoll/4.1.109.Final/netty-transport-classes-epoll-4.1.109.Final.jar:/home/runner/.m2/repository/io/netty/netty-transport-native-unix-common/4.1.109.Final/netty-transport-native-unix-common-4.1.109.Final.jar:/home/runner/work/ozone/ozone/hadoop-ozone/recon/target/ozone-recon-1.5.0-SNAPSHOT.jar:/home/runner/work/ozone/ozone/hadoop-ozone/recon-codegen/target/ozone-reconcodegen-1.5.0-SNAPSHOT.jar:/home/runner/.m2/repository/com/google/inject/guice/6.0.0/guice-6.0.0.jar:/home/runner/.m2/repository/jakarta/inject/jakarta.inject-api/2.0.1/jakarta.inject-api-2.0.1.jar:/home/runner/.m2/repository/aopalliance/aopalliance/1.0/aopalliance-1.0.jar:/home/runner/.m2/repository/com/google/inject/extensions/guice-assistedinject/6.0.0/guice-assistedinject-6.0.0.jar:/home/runner/.m2/repository/com/google/inject/extensions/guice-servlet/6.0.0/guice-servlet-6.0.0.jar:/home/runner/.m2/repository/org/glassfish/jersey/containers/jersey-container-servlet/2.43/jersey-container-servlet-2.43.jar:/home/runner/.m2/repository/org/glassfish/hk2/guice-bridge/2.6.1/guice-bridge-2.6.1.jar:/home/runner/.m2/repository/org/glassfish/jersey/core/jersey-server/2.43/jersey-server-2.43.jar:/home/runner/.m2/repository/org/glassfish/jersey/core/jersey-client/2.43/jersey-client-2.43.jar:/home/runner/.m2/repository/jakarta/validation/jakarta.validation-api/2.0.2/jakarta.validation-api-2.0.2.jar:/home/runner/.m2/repository/org/glassfish/jersey/media/jersey-media-json-jackson/2.43/jersey-media-json-jackson-2.43.jar:/home/runner/.m2/repository/org/glassfish/jersey/ext/jersey-entity-filtering/2.43/jersey-entity-filtering-2.43.jar:/home/runner/.m2/repository/org/jooq/jooq/3.11.10/jooq-3.11.10.jar:/home/runner/.m2/repository/org/jooq/jooq-meta/3.11.10/jooq-meta-3.11.10.jar:/home/runner/.m2/repository/org/jooq/jooq-codegen/3.11.10/jooq-codegen-3.11.10.jar:/home/runner/.m2/repository/com/jolbox/bonecp/0.8.0.RELEASE/bonecp-0.8.0.RELEASE.jar:/home/runner/.m2/repository/org/apache/derby/derby/10.14.2.0/derby-10.14.2.0.jar:/home/runner/.m2/repository/org/xerial/sqlite-jdbc/3.46.0.0/sqlite-jdbc-3.46.0.0.jar:/home/runner/.m2/repository/org/springframework/spring-jdbc/5.3.37/spring-jdbc-5.3.37.jar:/home/runner/.m2/repository/org/springframework/spring-beans/5.3.37/spring-beans-5.3.37.jar:/home/runner/.m2/repository/org/springframework/spring-core/5.3.37/spring-core-5.3.37.jar:/home/runner/.m2/repository/org/springframework/spring-tx/5.3.37/spring-tx-5.3.37.jar:/home/runner/work/ozone/ozone/hadoop-ozone/client/target/ozone-client-1.5.0-SNAPSHOT.jar:/home/runner/work/ozone/ozone/hadoop-hdds/erasurecode/target/hdds-erasurecode-1.5.0-SNAPSHOT.jar:/home/runner/work/ozone/ozone/hadoop-ozone/ozonefs/target/ozone-filesystem-1.5.0-SNAPSHOT.jar:/home/runner/work/ozone/ozone/hadoop-ozone/ozonefs-common/target/ozone-filesystem-common-1.5.0-SNAPSHOT.jar:/home/runner/work/ozone/ozone/hadoop-ozone/tools/target/ozone-tools-1.5.0-SNAPSHOT.jar:/home/runner/.m2/repository/com/amazonaws/aws-java-sdk-core/1.12.661/aws-java-sdk-core-1.12.661.jar:/home/runner/.m2/repository/org/apache/httpcomponents/httpclient/4.5.14/httpclient-4.5.14.jar:/home/runner/.m2/repository/org/apache/httpcomponents/httpcore/4.4.16/httpcore-4.4.16.jar:/home/runner/.m2/repository/com/fasterxml/jackson/dataformat/jackson-dataformat-cbor/2.16.2/jackson-dataformat-cbor-2.16.2.jar:/home/runner/.m2/repository/joda-time/joda-time/2.12.7/joda-time-2.12.7.jar:/home/runner/.m2/repository/com/amazonaws/aws-java-sdk-s3/1.12.661/aws-java-sdk-s3-1.12.661.jar:/home/runner/.m2/repository/com/amazonaws/aws-java-sdk-kms/1.12.661/aws-java-sdk-kms-1.12.661.jar:/home/runner/.m2/repository/com/amazonaws/jmespath-java/1.12.661/jmespath-java-1.12.661.jar:/home/runner/.m2/repository/org/kohsuke/metainf-services/metainf-services/1.11/metainf-services-1.11.jar:/home/runner/work/ozone/ozone/hadoop-hdds/tools/target/hdds-tools-1.5.0-SNAPSHOT.jar:/home/runner/.m2/repository/org/apache/ratis/ratis-tools/3.1.0/ratis-tools-3.1.0.jar:/home/runner/.m2/repository/commons-cli/commons-cli/1.8.0/commons-cli-1.8.0.jar:/home/runner/.m2/repository/org/apache/commons/commons-lang3/3.14.0/commons-lang3-3.14.0.jar:/home/runner/work/ozone/ozone/hadoop-ozone/ozone-manager/target/ozone-manager-1.5.0-SNAPSHOT-tests.jar:/home/runner/work/ozone/ozone/hadoop-hdds/common/target/hdds-common-1.5.0-SNAPSHOT-tests.jar:/home/runner/work/ozone/ozone/hadoop-hdds/hadoop-dependency-client/target/hdds-hadoop-dependency-client-1.5.0-SNAPSHOT.jar:/home/runner/.m2/repository/info/picocli/picocli/4.7.6/picocli-4.7.6.jar:/home/runner/.m2/repository/com/fasterxml/jackson/core/jackson-annotations/2.16.2/jackson-annotations-2.16.2.jar:/home/runner/work/ozone/ozone/hadoop-hdds/annotations/target/hdds-annotation-processing-1.5.0-SNAPSHOT.jar:/home/runner/.m2/repository/javax/annotation/javax.annotation-api/1.3.2/javax.annotation-api-1.3.2.jar:/home/runner/.m2/repository/org/apache/ratis/ratis-server-api/3.1.0/ratis-server-api-3.1.0.jar:/home/runner/.m2/repository/org/apache/ratis/ratis-netty/3.1.0/ratis-netty-3.1.0.jar:/home/runner/.m2/repository/org/apache/ratis/ratis-grpc/3.1.0/ratis-grpc-3.1.0.jar:/home/runner/.m2/repository/org/bouncycastle/bcpkix-jdk18on/1.78.1/bcpkix-jdk18on-1.78.1.jar:/home/runner/.m2/repository/org/bouncycastle/bcutil-jdk18on/1.78.1/bcutil-jdk18on-1.78.1.jar:/home/runner/.m2/repository/commons-validator/commons-validator/1.6/commons-validator-1.6.jar:/home/runner/.m2/repository/commons-beanutils/commons-beanutils/1.9.4/commons-beanutils-1.9.4.jar:/home/runner/.m2/repository/commons-digester/commons-digester/1.8.1/commons-digester-1.8.1.jar:/home/runner/.m2/repository/commons-collections/commons-collections/3.2.2/commons-collections-3.2.2.jar:/home/runner/.m2/repository/io/jaegertracing/jaeger-client/1.8.1/jaeger-client-1.8.1.jar:/home/runner/.m2/repository/io/jaegertracing/jaeger-thrift/1.8.1/jaeger-thrift-1.8.1.jar:/home/runner/.m2/repository/org/apache/thrift/libthrift/0.15.0/libthrift-0.15.0.jar:/home/runner/.m2/repository/io/jaegertracing/jaeger-core/1.8.1/jaeger-core-1.8.1.jar:/home/runner/.m2/repository/io/jaegertracing/jaeger-tracerresolver/1.8.1/jaeger-tracerresolver-1.8.1.jar:/home/runner/.m2/repository/io/opentracing/contrib/opentracing-tracerresolver/0.1.8/opentracing-tracerresolver-0.1.8.jar:/home/runner/.m2/repository/org/jetbrains/kotlin/kotlin-stdlib/1.9.25/kotlin-stdlib-1.9.25.jar:/home/runner/.m2/repository/org/jetbrains/annotations/13.0/annotations-13.0.jar:/home/runner/.m2/repository/io/opentracing/opentracing-util/0.33.0/opentracing-util-0.33.0.jar:/home/runner/.m2/repository/io/opentracing/opentracing-api/0.33.0/opentracing-api-0.33.0.jar:/home/runner/.m2/repository/io/opentracing/opentracing-noop/0.33.0/opentracing-noop-0.33.0.jar:/home/runner/.m2/repository/org/yaml/snakeyaml/2.0/snakeyaml-2.0.jar:/home/runner/.m2/repository/io/grpc/grpc-api/1.58.0/grpc-api-1.58.0.jar:/home/runner/.m2/repository/org/junit/platform/junit-platform-launcher/1.10.3/junit-platform-launcher-1.10.3.jar:/home/runner/.m2/repository/org/junit/platform/junit-platform-engine/1.10.3/junit-platform-engine-1.10.3.jar:/home/runner/.m2/repository/org/apiguardian/apiguardian-api/1.1.2/apiguardian-api-1.1.2.jar:/home/runner/.m2/repository/org/apache/hadoop/hadoop-kms/3.3.6/hadoop-kms-3.3.6.jar:/home/runner/.m2/repository/org/apache/hadoop/hadoop-auth/3.3.6/hadoop-auth-3.3.6.jar:/home/runner/.m2/repository/org/apache/zookeeper/zookeeper/3.8.4/zookeeper-3.8.4.jar:/home/runner/.m2/repository/org/apache/zookeeper/zookeeper-jute/3.8.4/zookeeper-jute-3.8.4.jar:/home/runner/.m2/repository/org/apache/yetus/audience-annotations/0.12.0/audience-annotations-0.12.0.jar:/home/runner/.m2/repository/org/apache/curator/curator-framework/4.2.0/curator-framework-4.2.0.jar:/home/runner/.m2/repository/org/apache/hadoop/thirdparty/hadoop-shaded-guava/1.2.0/hadoop-shaded-guava-1.2.0.jar:/home/runner/.m2/repository/com/sun/jersey/jersey-core/1.19.4/jersey-core-1.19.4.jar:/home/runner/.m2/repository/javax/ws/rs/jsr311-api/1.1.1/jsr311-api-1.1.1.jar:/home/runner/.m2/repository/com/sun/jersey/jersey-server/1.19.4/jersey-server-1.19.4.jar:/home/runner/.m2/repository/javax/servlet/javax.servlet-api/3.1.0/javax.servlet-api-3.1.0.jar:/home/runner/.m2/repository/org/apache/hadoop/hadoop-common/3.3.6/hadoop-common-3.3.6.jar:/home/runner/.m2/repository/org/apache/commons/commons-math3/3.6.1/commons-math3-3.6.1.jar:/home/runner/.m2/repository/commons-net/commons-net/3.11.1/commons-net-3.11.1.jar:/home/runner/.m2/repository/com/sun/jersey/jersey-servlet/1.19.4/jersey-servlet-1.19.4.jar:/home/runner/.m2/repository/com/github/pjfanning/jersey-json/1.20/jersey-json-1.20.jar:/home/runner/.m2/repository/org/codehaus/jettison/jettison/1.1/jettison-1.1.jar:/home/runner/.m2/repository/com/sun/xml/bind/jaxb-impl/2.2.3-1/jaxb-impl-2.2.3-1.jar:/home/runner/.m2/repository/com/google/re2j/re2j/1.7/re2j-1.7.jar:/home/runner/.m2/repository/com/jcraft/jsch/0.1.55/jsch-0.1.55.jar:/home/runner/.m2/repository/org/apache/curator/curator-client/4.2.0/curator-client-4.2.0.jar:/home/runner/.m2/repository/org/apache/curator/curator-recipes/5.2.0/curator-recipes-5.2.0.jar:/home/runner/.m2/repository/com/google/code/findbugs/jsr305/3.0.2/jsr305-3.0.2.jar:/home/runner/.m2/repository/dnsjava/dnsjava/2.1.9/dnsjava-2.1.9.jar:/home/runner/.m2/repository/com/fasterxml/jackson/core/jackson-databind/2.16.2/jackson-databind-2.16.2.jar:/home/runner/.m2/repository/org/apache/hadoop/hadoop-kms/3.3.6/hadoop-kms-3.3.6-tests.jar:/home/runner/work/ozone/ozone/hadoop-hdds/server-scm/target/hdds-server-scm-1.5.0-SNAPSHOT-tests.jar:/home/runner/work/ozone/ozone/hadoop-hdds/container-service/target/hdds-container-service-1.5.0-SNAPSHOT-tests.jar:/home/runner/.m2/repository/com/github/luben/zstd-jni/1.5.6-3/zstd-jni-1.5.6-3.jar:/home/runner/.m2/repository/commons-codec/commons-codec/1.17.0/commons-codec-1.17.0.jar:/home/runner/.m2/repository/io/netty/netty-codec/4.1.109.Final/netty-codec-4.1.109.Final.jar:/home/runner/.m2/repository/io/netty/netty-handler/4.1.109.Final/netty-handler-4.1.109.Final.jar:/home/runner/work/ozone/ozone/hadoop-hdds/hadoop-dependency-test/target/hdds-hadoop-dependency-test-1.5.0-SNAPSHOT.jar:/home/runner/.m2/repository/org/apache/hadoop/hadoop-common/3.3.6/hadoop-common-3.3.6-tests.jar:/home/runner/.m2/repository/org/apache/hadoop/hadoop-hdfs/3.3.6/hadoop-hdfs-3.3.6-tests.jar:/home/runner/.m2/repository/org/junit/jupiter/junit-jupiter-engine/5.10.3/junit-jupiter-engine-5.10.3.jar:/home/runner/.m2/repository/org/junit/jupiter/junit-jupiter-params/5.10.3/junit-jupiter-params-5.10.3.jar:/home/runner/.m2/repository/org/mockito/mockito-core/4.11.0/mockito-core-4.11.0.jar:/home/runner/.m2/repository/net/bytebuddy/byte-buddy-agent/1.12.19/byte-buddy-agent-1.12.19.jar:/home/runner/.m2/repository/org/objenesis/objenesis/3.3/objenesis-3.3.jar:/home/runner/.m2/repository/org/mockito/mockito-inline/4.11.0/mockito-inline-4.11.0.jar:/home/runner/.m2/repository/org/mockito/mockito-junit-jupiter/4.11.0/mockito-junit-jupiter-4.11.0.jar:/home/runner/.m2/repository/org/apache/hadoop/hadoop-distcp/3.3.6/hadoop-distcp-3.3.6.jar:/home/runner/.m2/repository/org/apache/hadoop/hadoop-mapreduce-client-jobclient/3.3.6/hadoop-mapreduce-client-jobclient-3.3.6.jar:/home/runner/.m2/repository/org/apache/hadoop/hadoop-mapreduce-client-common/3.3.6/hadoop-mapreduce-client-common-3.3.6.jar:/home/runner/.m2/repository/org/apache/hadoop/hadoop-yarn-common/3.3.6/hadoop-yarn-common-3.3.6.jar:/home/runner/.m2/repository/org/apache/hadoop/hadoop-yarn-api/3.3.6/hadoop-yarn-api-3.3.6.jar:/home/runner/.m2/repository/javax/xml/bind/jaxb-api/2.2.11/jaxb-api-2.2.11.jar:/home/runner/.m2/repository/com/sun/jersey/contribs/jersey-guice/1.19.4/jersey-guice-1.19.4.jar:/home/runner/.m2/repository/com/fasterxml/jackson/jaxrs/jackson-jaxrs-json-provider/2.16.2/jackson-jaxrs-json-provider-2.16.2.jar:/home/runner/.m2/repository/com/fasterxml/jackson/jaxrs/jackson-jaxrs-base/2.16.2/jackson-jaxrs-base-2.16.2.jar:/home/runner/.m2/repository/org/apache/hadoop/hadoop-yarn-client/3.3.6/hadoop-yarn-client-3.3.6.jar:/home/runner/.m2/repository/org/eclipse/jetty/websocket/websocket-client/9.4.51.v20230217/websocket-client-9.4.51.v20230217.jar:/home/runner/.m2/repository/org/eclipse/jetty/websocket/websocket-common/9.4.51.v20230217/websocket-common-9.4.51.v20230217.jar:/home/runner/.m2/repository/org/eclipse/jetty/websocket/websocket-api/9.4.51.v20230217/websocket-api-9.4.51.v20230217.jar:/home/runner/.m2/repository/org/jline/jline/3.9.0/jline-3.9.0.jar:/home/runner/.m2/repository/org/apache/hadoop/hadoop-mapreduce-client-core/3.3.6/hadoop-mapreduce-client-core-3.3.6.jar:/home/runner/.m2/repository/org/apache/avro/avro/1.7.7/avro-1.7.7.jar:/home/runner/.m2/repository/com/thoughtworks/paranamer/paranamer/2.3/paranamer-2.3.jar:/home/runner/.m2/repository/org/apache/hadoop/hadoop-annotations/3.3.6/hadoop-annotations-3.3.6.jar:/home/runner/.m2/repository/io/netty/netty/3.10.6.Final/netty-3.10.6.Final.jar:/home/runner/.m2/repository/org/apache/hadoop/hadoop-distcp/3.3.6/hadoop-distcp-3.3.6-tests.jar:/home/runner/.m2/repository/org/hamcrest/hamcrest/2.2/hamcrest-2.2.jar:/home/runner/.m2/repository/org/slf4j/jul-to-slf4j/2.0.13/jul-to-slf4j-2.0.13.jar:/home/runner/work/ozone/ozone/hadoop-ozone/integration-test/target/gradle-enterprise/test-listeners.jar:"/>
    <property name="sun.cpu.endian" value="little"/>
    <property name="user.home" value="/home/runner"/>
    <property name="user.language" value="en"/>
    <property name="java.specification.vendor" value="Oracle Corporation"/>
    <property name="java.version.date" value="2024-07-16"/>
    <property name="java.home" value="/usr/lib/jvm/temurin-17-jdk-amd64"/>
    <property name="java.security.krb5.conf" value="/home/runner/work/ozone/ozone/hadoop-ozone/integration-test/target/test-classes/krb5.conf"/>
    <property name="file.separator" value="/"/>
    <property name="basedir" value="/home/runner/work/ozone/ozone/hadoop-ozone/integration-test"/>
    <property name="java.vm.compressedOopsMode" value="Zero based"/>
    <property name="line.separator" value="&#10;"/>
    <property name="java.vm.specification.vendor" value="Oracle Corporation"/>
    <property name="java.specification.name" value="Java Platform API Specification"/>
    <property name="skip.installnpx" value="true"/>
    <property name="surefire.real.class.path" value="/home/runner/work/ozone/ozone/hadoop-ozone/integration-test/target/surefire/surefirebooter11143286146289190203.jar"/>
    <property name="hadoop.log.dir" value="/home/runner/work/ozone/ozone/hadoop-ozone/integration-test/target/log"/>
    <property name="sun.management.compiler" value="HotSpot 64-Bit Tiered Compilers"/>
    <property name="java.runtime.version" value="17.0.12+7"/>
    <property name="skip.npx" value="true"/>
    <property name="user.name" value="runner"/>
    <property name="java.net.preferIPv4Stack" value="true"/>
    <property name="path.separator" value=":"/>
    <property name="java.security.egd" value="file:///dev/urandom"/>
    <property name="os.version" value="5.15.0-1068-azure"/>
    <property name="java.runtime.name" value="OpenJDK Runtime Environment"/>
    <property name="com.gradle.maven.scan.extension.test.listener.junitplatform.NestedExecutionSafeDelegatingTestExecutionListener" value="7a419da4"/>
    <property name="file.encoding" value="UTF-8"/>
    <property name="java.vm.name" value="OpenJDK 64-Bit Server VM"/>
    <property name="java.vendor.version" value="Temurin-17.0.12+7"/>
    <property name="test.build.webapps" value=""/>
    <property name="develocity.listener.surefire.forkId" value="1"/>
    <property name="localRepository" value="/home/runner/.m2/repository"/>
    <property name="java.vendor.url.bug" value="https://github.com/adoptium/adoptium-support/issues"/>
    <property name="jetty.git.hash" value="70015831e5195ba74da6383c4ab7c90c56bb08af"/>
    <property name="java.io.tmpdir" value="/tmp"/>
    <property name="require.test.libhadoop" value=""/>
    <property name="java.version" value="17.0.12"/>
    <property name="user.dir" value="/home/runner/work/ozone/ozone/hadoop-ozone/integration-test"/>
    <property name="os.arch" value="amd64"/>
    <property name="java.vm.specification.name" value="Java Virtual Machine Specification"/>
    <property name="test.build.classes" value="/home/runner/work/ozone/ozone/hadoop-ozone/integration-test/target/test-classes"/>
    <property name="org.apache.ratis.thirdparty.io.netty.allocator.useCacheForAllThreads" value="false"/>
    <property name="native.encoding" value="UTF-8"/>
    <property name="hadoop.tmp.dir" value="/home/runner/work/ozone/ozone/hadoop-ozone/integration-test/target/tmp"/>
    <property name="java.library.path" value="/usr/java/packages/lib:/usr/lib64:/lib64:/lib:/usr/lib"/>
    <property name="java.vm.info" value="mixed mode, sharing"/>
    <property name="java.vendor" value="Eclipse Adoptium"/>
    <property name="java.vm.version" value="17.0.12+7"/>
    <property name="sun.io.unicode.encoding" value="UnicodeLittle"/>
    <property name="develocity.listener.port" value="42443"/>
    <property name="java.class.version" value="61.0"/>
  </properties>
  <testcase name="test2DatanodesFailure(boolean, boolean)[1]" classname="org.apache.hadoop.ozone.client.rpc.TestBlockOutputStreamWithFailures" time="52.142"/>
  <testcase name="test2DatanodesFailure(boolean, boolean)[2]" classname="org.apache.hadoop.ozone.client.rpc.TestBlockOutputStreamWithFailures" time="49.595"/>
  <testcase name="test2DatanodesFailure(boolean, boolean)[3]" classname="org.apache.hadoop.ozone.client.rpc.TestBlockOutputStreamWithFailures" time="37.591"/>
  <testcase name="test2DatanodesFailure(boolean, boolean)[4]" classname="org.apache.hadoop.ozone.client.rpc.TestBlockOutputStreamWithFailures" time="34.43"/>
  <testcase name="testDatanodeFailureWithPreAllocation(boolean, boolean)[1]" classname="org.apache.hadoop.ozone.client.rpc.TestBlockOutputStreamWithFailures" time="70.878"/>
  <testcase name="testDatanodeFailureWithPreAllocation(boolean, boolean)[2]" classname="org.apache.hadoop.ozone.client.rpc.TestBlockOutputStreamWithFailures" time="69.247"/>
  <testcase name="testDatanodeFailureWithPreAllocation(boolean, boolean)[3]" classname="org.apache.hadoop.ozone.client.rpc.TestBlockOutputStreamWithFailures" time="65.655"/>
  <testcase name="testDatanodeFailureWithPreAllocation(boolean, boolean)[4]" classname="org.apache.hadoop.ozone.client.rpc.TestBlockOutputStreamWithFailures" time="62.698"/>
  <testcase name="testContainerClose(boolean, boolean)[1]" classname="org.apache.hadoop.ozone.client.rpc.TestBlockOutputStreamWithFailures" time="36.401"/>
  <testcase name="testContainerClose(boolean, boolean)[2]" classname="org.apache.hadoop.ozone.client.rpc.TestBlockOutputStreamWithFailures" time="37.14"/>
  <testcase name="testContainerClose(boolean, boolean)[3]" classname="org.apache.hadoop.ozone.client.rpc.TestBlockOutputStreamWithFailures" time="20.506">
    <failure type="org.opentest4j.AssertionFailedError"><![CDATA[org.opentest4j.AssertionFailedError: expected: <4> but was: <3>
	at org.junit.jupiter.api.AssertionFailureBuilder.build(AssertionFailureBuilder.java:151)
	at org.junit.jupiter.api.AssertionFailureBuilder.buildAndThrow(AssertionFailureBuilder.java:132)
	at org.junit.jupiter.api.AssertEquals.failNotEqual(AssertEquals.java:197)
	at org.junit.jupiter.api.AssertEquals.assertEquals(AssertEquals.java:150)
	at org.junit.jupiter.api.AssertEquals.assertEquals(AssertEquals.java:145)
	at org.junit.jupiter.api.Assertions.assertEquals(Assertions.java:531)
	at org.apache.hadoop.ozone.client.rpc.TestBlockOutputStreamWithFailures.testWriteMoreThanMaxFlushSize(TestBlockOutputStreamWithFailures.java:388)
	at org.apache.hadoop.ozone.client.rpc.TestBlockOutputStreamWithFailures.testContainerClose(TestBlockOutputStreamWithFailures.java:101)
	at java.base/java.lang.reflect.Method.invoke(Method.java:569)
	at java.base/java.util.stream.ForEachOps$ForEachOp$OfRef.accept(ForEachOps.java:183)
	at java.base/java.util.stream.ReferencePipeline$3$1.accept(ReferencePipeline.java:197)
	at java.base/java.util.stream.ReferencePipeline$2$1.accept(ReferencePipeline.java:179)
	at java.base/java.util.stream.ReferencePipeline$3$1.accept(ReferencePipeline.java:197)
	at java.base/java.util.stream.ForEachOps$ForEachOp$OfRef.accept(ForEachOps.java:183)
	at java.base/java.util.stream.ReferencePipeline$3$1.accept(ReferencePipeline.java:197)
	at java.base/java.util.stream.ReferencePipeline$3$1.accept(ReferencePipeline.java:197)
	at java.base/java.util.stream.ReferencePipeline$3$1.accept(ReferencePipeline.java:197)
	at java.base/java.util.stream.ForEachOps$ForEachOp$OfRef.accept(ForEachOps.java:183)
	at java.base/java.util.stream.ReferencePipeline$3$1.accept(ReferencePipeline.java:197)
	at java.base/java.util.Spliterators$ArraySpliterator.forEachRemaining(Spliterators.java:992)
	at java.base/java.util.stream.ReferencePipeline$Head.forEach(ReferencePipeline.java:762)
	at java.base/java.util.stream.ReferencePipeline$7$1.accept(ReferencePipeline.java:276)
	at java.base/java.util.stream.ReferencePipeline$3$1.accept(ReferencePipeline.java:197)
	at java.base/java.util.stream.ReferencePipeline$3$1.accept(ReferencePipeline.java:197)
	at java.base/java.util.stream.ReferencePipeline$3$1.accept(ReferencePipeline.java:197)
	at java.base/java.util.Spliterators$ArraySpliterator.forEachRemaining(Spliterators.java:992)
	at java.base/java.util.stream.AbstractPipeline.copyInto(AbstractPipeline.java:509)
	at java.base/java.util.stream.AbstractPipeline.wrapAndCopyInto(AbstractPipeline.java:499)
	at java.base/java.util.stream.ForEachOps$ForEachOp.evaluateSequential(ForEachOps.java:150)
	at java.base/java.util.stream.ForEachOps$ForEachOp$OfRef.evaluateSequential(ForEachOps.java:173)
	at java.base/java.util.stream.AbstractPipeline.evaluate(AbstractPipeline.java:234)
	at java.base/java.util.stream.ReferencePipeline.forEach(ReferencePipeline.java:596)
	at java.base/java.util.stream.ReferencePipeline$7$1.accept(ReferencePipeline.java:276)
	at java.base/java.util.stream.ReferencePipeline$3$1.accept(ReferencePipeline.java:197)
	at java.base/java.util.stream.ReferencePipeline$3$1.accept(ReferencePipeline.java:197)
	at java.base/java.util.stream.ReferencePipeline$3$1.accept(ReferencePipeline.java:197)
	at java.base/java.util.ArrayList$ArrayListSpliterator.forEachRemaining(ArrayList.java:1625)
	at java.base/java.util.stream.AbstractPipeline.copyInto(AbstractPipeline.java:509)
	at java.base/java.util.stream.AbstractPipeline.wrapAndCopyInto(AbstractPipeline.java:499)
	at java.base/java.util.stream.ForEachOps$ForEachOp.evaluateSequential(ForEachOps.java:150)
	at java.base/java.util.stream.ForEachOps$ForEachOp$OfRef.evaluateSequential(ForEachOps.java:173)
	at java.base/java.util.stream.AbstractPipeline.evaluate(AbstractPipeline.java:234)
	at java.base/java.util.stream.ReferencePipeline.forEach(ReferencePipeline.java:596)
	at java.base/java.util.stream.ReferencePipeline$7$1.accept(ReferencePipeline.java:276)
	at java.base/java.util.ArrayList$ArrayListSpliterator.forEachRemaining(ArrayList.java:1625)
	at java.base/java.util.stream.AbstractPipeline.copyInto(AbstractPipeline.java:509)
	at java.base/java.util.stream.AbstractPipeline.wrapAndCopyInto(AbstractPipeline.java:499)
	at java.base/java.util.stream.ForEachOps$ForEachOp.evaluateSequential(ForEachOps.java:150)
	at java.base/java.util.stream.ForEachOps$ForEachOp$OfRef.evaluateSequential(ForEachOps.java:173)
	at java.base/java.util.stream.AbstractPipeline.evaluate(AbstractPipeline.java:234)
	at java.base/java.util.stream.ReferencePipeline.forEach(ReferencePipeline.java:596)
	at java.base/java.util.ArrayList.forEach(ArrayList.java:1511)
	at java.base/java.util.ArrayList.forEach(ArrayList.java:1511)
	Suppressed: java.lang.AssertionError: Found 3 leaked objects, check logs
		at org.apache.hadoop.hdds.utils.db.CodecBuffer.assertNoLeaks(CodecBuffer.java:232)
		at org.apache.hadoop.hdds.utils.db.CodecTestUtil.gc(CodecTestUtil.java:54)
		at org.apache.hadoop.ozone.MiniOzoneClusterImpl.shutdown(MiniOzoneClusterImpl.java:411)
		at org.apache.hadoop.ozone.client.rpc.TestBlockOutputStreamWithFailures.shutdown(TestBlockOutputStreamWithFailures.java:81)
		... 45 more
]]></failure>
    <system-out><![CDATA[2024-08-10 09:46:22,484 [main] WARN  server.ServerUtils (ServerUtils.java:getScmDbDir(143)) - ozone.scm.db.dirs is not configured. We recommend adding this setting. Falling back to ozone.metadata.dirs instead.
2024-08-10 09:46:22,488 [main] WARN  server.ServerUtils (ServerUtils.java:getScmDbDir(143)) - ozone.scm.db.dirs is not configured. We recommend adding this setting. Falling back to ozone.metadata.dirs instead.
2024-08-10 09:46:22,489 [main] INFO  ha.SCMHANodeDetails (SCMHANodeDetails.java:loadSCMHAConfig(207)) - ServiceID for StorageContainerManager is null
2024-08-10 09:46:22,489 [main] INFO  ha.SCMHANodeDetails (SCMHANodeDetails.java:loadSCMHAConfig(212)) - ozone.scm.default.service.id is not defined, falling back to ozone.scm.service.ids to find serviceID for StorageContainerManager if it is HA enabled cluster
2024-08-10 09:46:22,489 [main] WARN  utils.HAUtils (HAUtils.java:getMetaDir(339)) - ozone.scm.db.dirs is not configured. We recommend adding this setting. Falling back to ozone.metadata.dirs instead.
2024-08-10 09:46:22,489 [main] WARN  db.DBStoreBuilder (DBStoreBuilder.java:applyDBDefinition(171)) - ozone.scm.db.dirs is not configured. We recommend adding this setting. Falling back to ozone.metadata.dirs instead.
2024-08-10 09:46:22,545 [main] INFO  net.NodeSchemaLoader (NodeSchemaLoader.java:loadSchemaFromFile(129)) - Loading schema from [jar:file:/home/runner/work/ozone/ozone/hadoop-hdds/common/target/hdds-common-1.5.0-SNAPSHOT.jar!/network-topology-default.xml]
2024-08-10 09:46:22,545 [main] INFO  net.NodeSchemaLoader (NodeSchemaLoader.java:loadSchema(176)) - Loading network topology layer schema file
2024-08-10 09:46:22,546 [main] INFO  upgrade.AbstractLayoutVersionManager (AbstractLayoutVersionManager.java:init(83)) - Initializing Layout version manager with metadata layout = HBASE_SUPPORT (version = 8), software layout = HBASE_SUPPORT (version = 8)
2024-08-10 09:46:22,547 [main] INFO  ha.SequenceIdGenerator (SequenceIdGenerator.java:upgradeToSequenceId(369)) - upgrade localId to 113750153625600000
2024-08-10 09:46:22,548 [main] INFO  ha.SequenceIdGenerator (SequenceIdGenerator.java:upgradeToSequenceId(379)) - upgrade delTxnId to 0
2024-08-10 09:46:22,549 [main] INFO  ha.SequenceIdGenerator (SequenceIdGenerator.java:upgradeToSequenceId(396)) - upgrade containerId to 0
2024-08-10 09:46:22,550 [main] INFO  ha.SequenceIdGenerator (SequenceIdGenerator.java:upgradeToCertificateSequenceId(433)) - upgrade CertificateId to 2
2024-08-10 09:46:22,550 [main] INFO  ha.SequenceIdGenerator (SequenceIdGenerator.java:<init>(240)) - Init the HA SequenceIdGenerator.
2024-08-10 09:46:22,550 [main] INFO  node.SCMNodeManager (SCMNodeManager.java:<init>(178)) - Entering startup safe mode.
2024-08-10 09:46:22,551 [main] INFO  algorithms.ContainerPlacementPolicyFactory (ContainerPlacementPolicyFactory.java:getPolicyInternal(86)) - Create container placement policy of type org.apache.hadoop.hdds.scm.container.placement.algorithms.SCMContainerPlacementRackAware
2024-08-10 09:46:22,551 [main] INFO  algorithms.ContainerPlacementPolicyFactory (ContainerPlacementPolicyFactory.java:getPolicyInternal(86)) - Create container placement policy of type org.apache.hadoop.hdds.scm.container.placement.algorithms.SCMContainerPlacementRackScatter
2024-08-10 09:46:22,551 [main] INFO  pipeline.PipelineStateManagerImpl (PipelineStateManagerImpl.java:initialize(78)) - No pipeline exists in current db
2024-08-10 09:46:22,551 [main] INFO  algorithms.LeaderChoosePolicyFactory (LeaderChoosePolicyFactory.java:getPolicy(57)) - Create leader choose policy of type org.apache.hadoop.hdds.scm.pipeline.leader.choose.algorithms.MinLeaderCountChoosePolicy
2024-08-10 09:46:22,551 [main] INFO  algorithms.ContainerPlacementPolicyFactory (ContainerPlacementPolicyFactory.java:getPolicyInternal(86)) - Create container placement policy of type org.apache.hadoop.hdds.scm.container.placement.algorithms.SCMContainerPlacementRackScatter
2024-08-10 09:46:22,551 [main] INFO  ha.SCMServiceManager (SCMServiceManager.java:register(42)) - Registering service BackgroundPipelineCreator.
2024-08-10 09:46:22,552 [main] INFO  pipeline.BackgroundPipelineCreator (BackgroundPipelineCreator.java:start(127)) - Starting RatisPipelineUtilsThread.
2024-08-10 09:46:22,552 [main] INFO  BackgroundPipelineScrubber (BackgroundSCMService.java:start(65)) - Starting BackgroundPipelineScrubber Service.
2024-08-10 09:46:22,552 [main] INFO  ha.SCMServiceManager (SCMServiceManager.java:register(42)) - Registering service BackgroundPipelineScrubber.
2024-08-10 09:46:22,552 [main] INFO  ExpiredContainerReplicaOpScrubber (BackgroundSCMService.java:start(65)) - Starting ExpiredContainerReplicaOpScrubber Service.
2024-08-10 09:46:22,552 [main] INFO  ha.SCMServiceManager (SCMServiceManager.java:register(42)) - Registering service ExpiredContainerReplicaOpScrubber.
2024-08-10 09:46:22,553 [main] INFO  algorithms.PipelineChoosePolicyFactory (PipelineChoosePolicyFactory.java:createPipelineChoosePolicyFromClass(80)) - Create pipeline choose policy of type org.apache.hadoop.hdds.scm.pipeline.choose.algorithms.RandomPipelineChoosePolicy
2024-08-10 09:46:22,553 [main] INFO  algorithms.PipelineChoosePolicyFactory (PipelineChoosePolicyFactory.java:createPipelineChoosePolicyFromClass(80)) - Create pipeline choose policy of type org.apache.hadoop.hdds.scm.pipeline.choose.algorithms.RandomPipelineChoosePolicy
2024-08-10 09:46:22,553 [main] INFO  ha.SCMServiceManager (SCMServiceManager.java:register(42)) - Registering service SCMBlockDeletingService.
2024-08-10 09:46:22,554 [main] INFO  replication.ReplicationManager (ReplicationManager.java:start(296)) - Starting Replication Monitor Thread.
2024-08-10 09:46:22,556 [ReplicationMonitor] INFO  replication.ReplicationManager (ReplicationManager.java:processAll(373)) - Replication Manager is not ready to run until 3000ms after safemode exit
2024-08-10 09:46:22,556 [main] INFO  ha.SCMServiceManager (SCMServiceManager.java:register(42)) - Registering service ReplicationManager.
2024-08-10 09:46:22,556 [main] INFO  safemode.ContainerSafeModeRule (ContainerSafeModeRule.java:<init>(91)) - containers with one replica threshold count 0
2024-08-10 09:46:22,556 [main] INFO  safemode.HealthyPipelineSafeModeRule (HealthyPipelineSafeModeRule.java:initializeRule(176)) - Total pipeline count is 0, healthy pipeline threshold count is 1
2024-08-10 09:46:22,556 [main] INFO  safemode.OneReplicaPipelineSafeModeRule (OneReplicaPipelineSafeModeRule.java:initializeRule(193)) - Total pipeline count is 0, pipeline's with at least one datanode reported threshold count is 0
2024-08-10 09:46:22,557 [main] INFO  server.StorageContainerManager (StorageContainerManager.java:<init>(442)) - SCM start with adminUsers: [runner]
2024-08-10 09:46:22,557 [main] INFO  ipc.CallQueueManager (CallQueueManager.java:<init>(90)) - Using callQueue: class java.util.concurrent.LinkedBlockingQueue, queueCapacity: 10000, scheduler: class org.apache.hadoop.ipc.DefaultRpcScheduler, ipcBackoff: false.
2024-08-10 09:46:22,557 [main] INFO  ipc.Server (Server.java:<init>(1287)) - Listener at 0.0.0.0:15532
2024-08-10 09:46:22,557 [Socket Reader #1 for port 15532] INFO  ipc.Server (Server.java:run(1323)) - Starting Socket Reader #1 for port 15532
2024-08-10 09:46:22,558 [main] INFO  ipc.CallQueueManager (CallQueueManager.java:<init>(90)) - Using callQueue: class java.util.concurrent.LinkedBlockingQueue, queueCapacity: 10000, scheduler: class org.apache.hadoop.ipc.DefaultRpcScheduler, ipcBackoff: false.
2024-08-10 09:46:22,558 [main] INFO  ipc.Server (Server.java:<init>(1287)) - Listener at 0.0.0.0:15531
2024-08-10 09:46:22,558 [Socket Reader #1 for port 15531] INFO  ipc.Server (Server.java:run(1323)) - Starting Socket Reader #1 for port 15531
2024-08-10 09:46:22,559 [main] INFO  ipc.CallQueueManager (CallQueueManager.java:<init>(90)) - Using callQueue: class java.util.concurrent.LinkedBlockingQueue, queueCapacity: 10000, scheduler: class org.apache.hadoop.ipc.DefaultRpcScheduler, ipcBackoff: false.
2024-08-10 09:46:22,559 [main] INFO  ipc.Server (Server.java:<init>(1287)) - Listener at 0.0.0.0:15530
2024-08-10 09:46:22,559 [Socket Reader #1 for port 15530] INFO  ipc.Server (Server.java:run(1323)) - Starting Socket Reader #1 for port 15530
2024-08-10 09:46:22,561 [main] INFO  ha.SCMServiceManager (SCMServiceManager.java:register(42)) - Registering service ContainerBalancer.
2024-08-10 09:46:22,562 [main] INFO  ha.SCMContext (SCMContext.java:updateSafeModeStatus(225)) - Update SafeModeStatus from SafeModeStatus{safeModeStatus=true, preCheckPassed=false} to SafeModeStatus{safeModeStatus=true, preCheckPassed=false}.
2024-08-10 09:46:22,562 [main] INFO  server.StorageContainerManager (StorageContainerManager.java:start(1541)) - StorageContainerLocationProtocol RPC server is listening at /0.0.0.0:15530
2024-08-10 09:46:22,563 [main] WARN  impl.MetricsConfig (MetricsConfig.java:loadFirst(136)) - Cannot locate configuration: tried hadoop-metrics2-storagecontainermanager.properties,hadoop-metrics2.properties
2024-08-10 09:46:22,563 [main] INFO  impl.MetricsSystemImpl (MetricsSystemImpl.java:startTimer(378)) - Scheduled Metric snapshot period at 10 second(s).
2024-08-10 09:46:22,563 [main] INFO  impl.MetricsSystemImpl (MetricsSystemImpl.java:start(191)) - StorageContainerManager metrics system started
2024-08-10 09:46:22,575 [main] INFO  impl.MetricsSinkAdapter (MetricsSinkAdapter.java:start(204)) - Sink prometheus started
2024-08-10 09:46:22,575 [main] INFO  impl.MetricsSystemImpl (MetricsSystemImpl.java:registerSink(305)) - Registered sink prometheus
2024-08-10 09:46:22,585 [main] INFO  server.SCMClientProtocolServer (SCMClientProtocolServer.java:start(208)) - RPC server for Client  is listening at /0.0.0.0:15530
2024-08-10 09:46:22,586 [IPC Server Responder] INFO  ipc.Server (Server.java:run(1562)) - IPC Server Responder: starting
2024-08-10 09:46:22,586 [IPC Server listener on 15530] INFO  ipc.Server (Server.java:run(1402)) - IPC Server listener on 15530: starting
2024-08-10 09:46:22,607 [main] INFO  server.StorageContainerManager (StorageContainerManager.java:start(1554)) - ScmBlockLocationProtocol RPC server is listening at /0.0.0.0:15531
2024-08-10 09:46:22,608 [main] INFO  server.SCMBlockProtocolServer (SCMBlockProtocolServer.java:start(167)) - RPC server for Block Protocol is listening at /0.0.0.0:15531
2024-08-10 09:46:22,608 [IPC Server Responder] INFO  ipc.Server (Server.java:run(1562)) - IPC Server Responder: starting
2024-08-10 09:46:22,608 [IPC Server listener on 15531] INFO  ipc.Server (Server.java:run(1402)) - IPC Server listener on 15531: starting
2024-08-10 09:46:22,628 [main] INFO  server.SCMDatanodeProtocolServer (SCMDatanodeProtocolServer.java:start(194)) - ScmDatanodeProtocol RPC server for DataNodes is listening at /0.0.0.0:15532
2024-08-10 09:46:22,628 [IPC Server Responder] INFO  ipc.Server (Server.java:run(1562)) - IPC Server Responder: starting
2024-08-10 09:46:22,630 [IPC Server listener on 15532] INFO  ipc.Server (Server.java:run(1402)) - IPC Server listener on 15532: starting
2024-08-10 09:46:22,654 [JvmPauseMonitor74] INFO  util.JvmPauseMonitor (JvmPauseMonitor.java:run(146)) - JvmPauseMonitor-42c4d0cb-a912-4036-ba50-029792323add: Started
2024-08-10 09:46:22,655 [main] INFO  http.BaseHttpServer (BaseHttpServer.java:newHttpServer2BuilderForOzone(223)) - Starting Web-server for scm at: http://0.0.0.0:15533
2024-08-10 09:46:22,655 [main] INFO  http.BaseHttpServer (BaseHttpServer.java:<init>(110)) - Hadoop Security Enabled: false Ozone Security Enabled: false Ozone HTTP Security Enabled: false 
2024-08-10 09:46:22,657 [main] WARN  server.AuthenticationFilter (AuthenticationFilter.java:constructSecretProvider(240)) - Unable to initialize FileSignerSecretProvider, falling back to use random secrets. Reason: Could not read signature secret file: /home/runner/hadoop-http-auth-signature-secret
2024-08-10 09:46:22,657 [main] INFO  http.HttpRequestLog (HttpRequestLog.java:getRequestLog(86)) - Http request log for http.requests.scm is not defined
2024-08-10 09:46:22,658 [main] INFO  http.HttpServer2 (HttpServer2.java:addGlobalFilter(1035)) - Added global filter 'safety' (class=org.apache.hadoop.hdds.server.http.HttpServer2$QuotingInputFilter)
2024-08-10 09:46:22,659 [main] INFO  http.HttpServer2 (HttpServer2.java:addFilter(1011)) - Added filter static_user_filter (class=org.apache.hadoop.http.lib.StaticUserWebFilter$StaticUserFilter) to context scm
2024-08-10 09:46:22,659 [main] INFO  http.HttpServer2 (HttpServer2.java:addFilter(1019)) - Added filter static_user_filter (class=org.apache.hadoop.http.lib.StaticUserWebFilter$StaticUserFilter) to context static
2024-08-10 09:46:22,659 [main] INFO  http.HttpServer2 (HttpServer2.java:addFilter(1019)) - Added filter static_user_filter (class=org.apache.hadoop.http.lib.StaticUserWebFilter$StaticUserFilter) to context logs
2024-08-10 09:46:22,659 [main] INFO  http.BaseHttpServer (BaseHttpServer.java:<init>(189)) - HTTP server of scm uses base directory /home/runner/work/ozone/ozone/hadoop-ozone/integration-test/target/test-dir/MiniOzoneClusterImpl-76eaf92f-9dff-4d21-993f-c9a35837815b/ozone-meta/webserver
2024-08-10 09:46:22,660 [main] INFO  http.HttpServer2 (HttpServer2.java:bindListener(1235)) - Jetty bound to port 15533
2024-08-10 09:46:22,660 [main] INFO  server.Server (Server.java:doStart(375)) - jetty-9.4.55.v20240627; built: 2024-06-27T15:05:37.765Z; git: 70015831e5195ba74da6383c4ab7c90c56bb08af; jvm 17.0.12+7
2024-08-10 09:46:22,666 [main] INFO  server.session (DefaultSessionIdManager.java:doStart(334)) - DefaultSessionIdManager workerName=node0
2024-08-10 09:46:22,666 [main] INFO  server.session (DefaultSessionIdManager.java:doStart(339)) - No SessionScavenger set, using defaults
2024-08-10 09:46:22,667 [main] INFO  server.session (HouseKeeper.java:startScavenging(132)) - node0 Scavenging every 600000ms
2024-08-10 09:46:22,670 [main] INFO  handler.ContextHandler (ContextHandler.java:doStart(921)) - Started o.e.j.s.ServletContextHandler@4f68beae{logs,/logs,file:///home/runner/work/ozone/ozone/hadoop-ozone/integration-test/target/log,AVAILABLE}
2024-08-10 09:46:22,671 [main] INFO  handler.ContextHandler (ContextHandler.java:doStart(921)) - Started o.e.j.s.ServletContextHandler@18208373{static,/static,file:///home/runner/work/ozone/ozone/hadoop-ozone/integration-test/target/test-classes/webapps/static,AVAILABLE}
2024-08-10 09:46:22,675 [main] INFO  handler.ContextHandler (ContextHandler.java:doStart(921)) - Started o.e.j.w.WebAppContext@4f017ca1{scm,/,file:///home/runner/work/ozone/ozone/hadoop-ozone/integration-test/target/test-classes/webapps/scm/,AVAILABLE}{file:/home/runner/work/ozone/ozone/hadoop-ozone/integration-test/target/test-classes/webapps/scm}
2024-08-10 09:46:22,675 [main] INFO  server.AbstractConnector (AbstractConnector.java:doStart(333)) - Started ServerConnector@4de3e8b1{HTTP/1.1, (http/1.1)}{0.0.0.0:15533}
2024-08-10 09:46:22,675 [main] INFO  server.Server (Server.java:doStart(415)) - Started @516803ms
2024-08-10 09:46:22,675 [main] WARN  impl.MetricsSystemImpl (MetricsSystemImpl.java:register(279)) - Sink prometheus already exists!
2024-08-10 09:46:22,676 [main] INFO  http.BaseHttpServer (BaseHttpServer.java:updateConnectorAddress(354)) - HTTP server of scm listening at http://0.0.0.0:15533
2024-08-10 09:46:22,676 [main] WARN  server.ServerUtils (ServerUtils.java:getDBPath(299)) - ozone.om.db.dirs is not configured. We recommend adding this setting. Falling back to ozone.metadata.dirs instead.
2024-08-10 09:46:22,678 [main] INFO  ha.OMHANodeDetails (OMHANodeDetails.java:loadOMHAConfig(115)) - ozone.om.internal.service.id is not defined, falling back to ozone.om.service.ids to find serviceID for OzoneManager if it is HA enabled cluster
2024-08-10 09:46:22,678 [main] INFO  ha.OMHANodeDetails (OMHANodeDetails.java:loadOMHAConfig(226)) - Configuration does not have ozone.om.address set. Falling back to the default OM address /127.0.0.1:15534
2024-08-10 09:46:22,678 [main] INFO  ha.OMHANodeDetails (OMHANodeDetails.java:getOMNodeDetailsForNonHA(254)) - OM Service ID is not set. Setting it to the default ID: omServiceIdDefault
2024-08-10 09:46:22,678 [main] INFO  ha.OMHANodeDetails (OMHANodeDetails.java:getOMNodeDetailsForNonHA(261)) - OM Node ID is not set. Setting it to the default ID: om1
2024-08-10 09:46:22,678 [main] WARN  server.ServerUtils (ServerUtils.java:getDBPath(299)) - ozone.om.db.dirs is not configured. We recommend adding this setting. Falling back to ozone.metadata.dirs instead.
2024-08-10 09:46:22,679 [main] INFO  upgrade.AbstractLayoutVersionManager (AbstractLayoutVersionManager.java:init(83)) - Initializing Layout version manager with metadata layout = HBASE_SUPPORT (version = 7), software layout = HBASE_SUPPORT (version = 7)
2024-08-10 09:46:22,712 [main] INFO  reflections.Reflections (Reflections.java:scan(219)) - Reflections took 32 ms to scan 2 urls, producing 188 keys and 547 values
2024-08-10 09:46:22,713 [main] INFO  upgrade.OMLayoutVersionManager (OMLayoutVersionManager.java:lambda$0(113)) - Skipping Upgrade Action QuotaRepairUpgradeAction since it has been finalized.
2024-08-10 09:46:22,713 [main] INFO  upgrade.OMLayoutVersionManager (OMLayoutVersionManager.java:lambda$0(113)) - Skipping Upgrade Action MockOmUpgradeAction since it has been finalized.
2024-08-10 09:46:22,713 [main] WARN  server.ServerUtils (ServerUtils.java:getDBPath(299)) - ozone.om.db.dirs is not configured. We recommend adding this setting. Falling back to ozone.metadata.dirs instead.
2024-08-10 09:46:22,714 [main] INFO  proxy.SCMBlockLocationFailoverProxyProvider (SCMBlockLocationFailoverProxyProvider.java:<init>(115)) - Created block location fail-over proxy with 1 nodes: [nodeId=scmNodeId,nodeAddress=/0.0.0.0:15531]
2024-08-10 09:46:22,716 [main] INFO  proxy.SCMBlockLocationFailoverProxyProvider (SCMBlockLocationFailoverProxyProvider.java:<init>(115)) - Created block location fail-over proxy with 1 nodes: [nodeId=scmNodeId,nodeAddress=/0.0.0.0:15531]
2024-08-10 09:46:22,719 [main] INFO  om.OzoneManager (OzoneManager.java:<init>(686)) - OM start with adminUsers: [runner]
2024-08-10 09:46:22,720 [main] WARN  server.ServerUtils (ServerUtils.java:getDBPath(299)) - ozone.om.db.dirs is not configured. We recommend adding this setting. Falling back to ozone.metadata.dirs instead.
2024-08-10 09:46:22,720 [main] INFO  helpers.OmKeyInfo (OmKeyInfo.java:getCodec(72)) - OmKeyInfo.getCodec ignorePipeline = true
2024-08-10 09:46:22,907 [main] INFO  om.OzoneManager (OzoneManager.java:instantiateServices(820)) - S3 Multi-Tenancy is disabled
2024-08-10 09:46:22,907 [main] INFO  om.OmSnapshotManager (OmSnapshotManager.java:<init>(180)) - Ozone filesystem snapshot feature is enabled.
2024-08-10 09:46:22,908 [main] WARN  server.ServerUtils (ServerUtils.java:getDBPath(299)) - ozone.om.snapshot.diff.db.dir is not configured. We recommend adding this setting. Falling back to ozone.metadata.dirs instead.
2024-08-10 09:46:22,924 [main] INFO  utils.NativeLibraryLoader (NativeLibraryLoader.java:loadLibrary(111)) - Loading Library: ozone_rocksdb_tools
2024-08-10 09:46:22,925 [main] ERROR snapshot.SnapshotDiffManager (SnapshotDiffManager.java:initNativeLibraryForEfficientDiff(287)) - Native Library for raw sst file reading loading failed.
org.apache.hadoop.hdds.utils.NativeLibraryNotLoadedException: Unable to load library ozone_rocksdb_tools from both java.library.path & resource file libozone_rocksdb_tools.so from jar.
	at org.apache.hadoop.hdds.utils.db.managed.ManagedRawSSTFileReader.loadLibrary(ManagedRawSSTFileReader.java:40)
	at org.apache.hadoop.ozone.om.snapshot.SnapshotDiffManager.initNativeLibraryForEfficientDiff(SnapshotDiffManager.java:285)
	at org.apache.hadoop.ozone.om.snapshot.SnapshotDiffManager.<init>(SnapshotDiffManager.java:259)
	at org.apache.hadoop.ozone.om.OmSnapshotManager.<init>(OmSnapshotManager.java:287)
	at org.apache.hadoop.ozone.om.OzoneManager.instantiateServices(OzoneManager.java:872)
	at org.apache.hadoop.ozone.om.OzoneManager.<init>(OzoneManager.java:696)
	at org.apache.hadoop.ozone.om.OzoneManager.createOm(OzoneManager.java:783)
	at org.apache.hadoop.ozone.MiniOzoneClusterImpl$Builder.createOM(MiniOzoneClusterImpl.java:703)
	at org.apache.hadoop.ozone.MiniOzoneClusterImpl$Builder.createAndStartSingleOM(MiniOzoneClusterImpl.java:687)
	at org.apache.hadoop.ozone.MiniOzoneClusterImpl$Builder.build(MiniOzoneClusterImpl.java:549)
	at org.apache.hadoop.ozone.client.rpc.TestBlockOutputStream.createCluster(TestBlockOutputStream.java:125)
	at org.apache.hadoop.ozone.client.rpc.TestBlockOutputStreamWithFailures.init(TestBlockOutputStreamWithFailures.java:75)
	at java.base/jdk.internal.reflect.NativeMethodAccessorImpl.invoke0(Native Method)
	at java.base/jdk.internal.reflect.NativeMethodAccessorImpl.invoke(NativeMethodAccessorImpl.java:77)
	at java.base/jdk.internal.reflect.DelegatingMethodAccessorImpl.invoke(DelegatingMethodAccessorImpl.java:43)
	at java.base/java.lang.reflect.Method.invoke(Method.java:569)
	at org.junit.platform.commons.util.ReflectionUtils.invokeMethod(ReflectionUtils.java:728)
	at org.junit.jupiter.engine.execution.MethodInvocation.proceed(MethodInvocation.java:60)
	at org.junit.jupiter.engine.execution.InvocationInterceptorChain$ValidatingInvocation.proceed(InvocationInterceptorChain.java:131)
	at org.junit.jupiter.engine.extension.TimeoutExtension.intercept(TimeoutExtension.java:156)
	at org.junit.jupiter.engine.extension.TimeoutExtension.interceptLifecycleMethod(TimeoutExtension.java:128)
	at org.junit.jupiter.engine.extension.TimeoutExtension.interceptBeforeEachMethod(TimeoutExtension.java:78)
	at org.junit.jupiter.engine.execution.InterceptingExecutableInvoker$ReflectiveInterceptorCall.lambda$ofVoidMethod$0(InterceptingExecutableInvoker.java:103)
	at org.junit.jupiter.engine.execution.InterceptingExecutableInvoker.lambda$invoke$0(InterceptingExecutableInvoker.java:93)
	at org.junit.jupiter.engine.execution.InvocationInterceptorChain$InterceptedInvocation.proceed(InvocationInterceptorChain.java:106)
	at org.junit.jupiter.engine.execution.InvocationInterceptorChain.proceed(InvocationInterceptorChain.java:64)
	at org.junit.jupiter.engine.execution.InvocationInterceptorChain.chainAndInvoke(InvocationInterceptorChain.java:45)
	at org.junit.jupiter.engine.execution.InvocationInterceptorChain.invoke(InvocationInterceptorChain.java:37)
	at org.junit.jupiter.engine.execution.InterceptingExecutableInvoker.invoke(InterceptingExecutableInvoker.java:92)
	at org.junit.jupiter.engine.execution.InterceptingExecutableInvoker.invoke(InterceptingExecutableInvoker.java:86)
	at org.junit.jupiter.engine.descriptor.ClassBasedTestDescriptor.invokeMethodInExtensionContext(ClassBasedTestDescriptor.java:521)
	at org.junit.jupiter.engine.descriptor.ClassBasedTestDescriptor.lambda$synthesizeBeforeEachMethodAdapter$23(ClassBasedTestDescriptor.java:506)
	at org.junit.jupiter.engine.descriptor.TestMethodTestDescriptor.lambda$invokeBeforeEachMethods$3(TestMethodTestDescriptor.java:175)
	at org.junit.jupiter.engine.descriptor.TestMethodTestDescriptor.lambda$invokeBeforeMethodsOrCallbacksUntilExceptionOccurs$6(TestMethodTestDescriptor.java:203)
	at org.junit.platform.engine.support.hierarchical.ThrowableCollector.execute(ThrowableCollector.java:73)
	at org.junit.jupiter.engine.descriptor.TestMethodTestDescriptor.invokeBeforeMethodsOrCallbacksUntilExceptionOccurs(TestMethodTestDescriptor.java:203)
	at org.junit.jupiter.engine.descriptor.TestMethodTestDescriptor.invokeBeforeEachMethods(TestMethodTestDescriptor.java:172)
	at org.junit.jupiter.engine.descriptor.TestMethodTestDescriptor.execute(TestMethodTestDescriptor.java:135)
	at org.junit.jupiter.engine.descriptor.TestMethodTestDescriptor.execute(TestMethodTestDescriptor.java:69)
	at org.junit.platform.engine.support.hierarchical.NodeTestTask.lambda$executeRecursively$6(NodeTestTask.java:151)
	at org.junit.platform.engine.support.hierarchical.ThrowableCollector.execute(ThrowableCollector.java:73)
	at org.junit.platform.engine.support.hierarchical.NodeTestTask.lambda$executeRecursively$8(NodeTestTask.java:141)
	at org.junit.platform.engine.support.hierarchical.Node.around(Node.java:137)
	at org.junit.platform.engine.support.hierarchical.NodeTestTask.lambda$executeRecursively$9(NodeTestTask.java:139)
	at org.junit.platform.engine.support.hierarchical.ThrowableCollector.execute(ThrowableCollector.java:73)
	at org.junit.platform.engine.support.hierarchical.NodeTestTask.executeRecursively(NodeTestTask.java:138)
	at org.junit.platform.engine.support.hierarchical.NodeTestTask.execute(NodeTestTask.java:95)
	at org.junit.platform.engine.support.hierarchical.SameThreadHierarchicalTestExecutorService.submit(SameThreadHierarchicalTestExecutorService.java:35)
	at org.junit.platform.engine.support.hierarchical.NodeTestTask$DefaultDynamicTestExecutor.execute(NodeTestTask.java:226)
	at org.junit.platform.engine.support.hierarchical.NodeTestTask$DefaultDynamicTestExecutor.execute(NodeTestTask.java:204)
	at org.junit.jupiter.engine.descriptor.TestTemplateTestDescriptor.execute(TestTemplateTestDescriptor.java:142)
	at org.junit.jupiter.engine.descriptor.TestTemplateTestDescriptor.lambda$execute$2(TestTemplateTestDescriptor.java:110)
	at java.base/java.util.stream.ForEachOps$ForEachOp$OfRef.accept(ForEachOps.java:183)
	at java.base/java.util.stream.ReferencePipeline$3$1.accept(ReferencePipeline.java:197)
	at java.base/java.util.stream.ReferencePipeline$2$1.accept(ReferencePipeline.java:179)
	at java.base/java.util.stream.ReferencePipeline$3$1.accept(ReferencePipeline.java:197)
	at java.base/java.util.stream.ForEachOps$ForEachOp$OfRef.accept(ForEachOps.java:183)
	at java.base/java.util.stream.ReferencePipeline$3$1.accept(ReferencePipeline.java:197)
	at java.base/java.util.stream.ReferencePipeline$3$1.accept(ReferencePipeline.java:197)
	at java.base/java.util.stream.ReferencePipeline$3$1.accept(ReferencePipeline.java:197)
	at java.base/java.util.stream.ForEachOps$ForEachOp$OfRef.accept(ForEachOps.java:183)
	at java.base/java.util.stream.ReferencePipeline$3$1.accept(ReferencePipeline.java:197)
	at java.base/java.util.Spliterators$ArraySpliterator.forEachRemaining(Spliterators.java:992)
	at java.base/java.util.stream.ReferencePipeline$Head.forEach(ReferencePipeline.java:762)
	at java.base/java.util.stream.ReferencePipeline$7$1.accept(ReferencePipeline.java:276)
	at java.base/java.util.stream.ReferencePipeline$3$1.accept(ReferencePipeline.java:197)
	at java.base/java.util.stream.ReferencePipeline$3$1.accept(ReferencePipeline.java:197)
	at java.base/java.util.stream.ReferencePipeline$3$1.accept(ReferencePipeline.java:197)
	at java.base/java.util.Spliterators$ArraySpliterator.forEachRemaining(Spliterators.java:992)
	at java.base/java.util.stream.AbstractPipeline.copyInto(AbstractPipeline.java:509)
	at java.base/java.util.stream.AbstractPipeline.wrapAndCopyInto(AbstractPipeline.java:499)
	at java.base/java.util.stream.ForEachOps$ForEachOp.evaluateSequential(ForEachOps.java:150)
	at java.base/java.util.stream.ForEachOps$ForEachOp$OfRef.evaluateSequential(ForEachOps.java:173)
	at java.base/java.util.stream.AbstractPipeline.evaluate(AbstractPipeline.java:234)
	at java.base/java.util.stream.ReferencePipeline.forEach(ReferencePipeline.java:596)
	at java.base/java.util.stream.ReferencePipeline$7$1.accept(ReferencePipeline.java:276)
	at java.base/java.util.stream.ReferencePipeline$3$1.accept(ReferencePipeline.java:197)
	at java.base/java.util.stream.ReferencePipeline$3$1.accept(ReferencePipeline.java:197)
	at java.base/java.util.stream.ReferencePipeline$3$1.accept(ReferencePipeline.java:197)
	at java.base/java.util.ArrayList$ArrayListSpliterator.forEachRemaining(ArrayList.java:1625)
	at java.base/java.util.stream.AbstractPipeline.copyInto(AbstractPipeline.java:509)
	at java.base/java.util.stream.AbstractPipeline.wrapAndCopyInto(AbstractPipeline.java:499)
	at java.base/java.util.stream.ForEachOps$ForEachOp.evaluateSequential(ForEachOps.java:150)
	at java.base/java.util.stream.ForEachOps$ForEachOp$OfRef.evaluateSequential(ForEachOps.java:173)
	at java.base/java.util.stream.AbstractPipeline.evaluate(AbstractPipeline.java:234)
	at java.base/java.util.stream.ReferencePipeline.forEach(ReferencePipeline.java:596)
	at java.base/java.util.stream.ReferencePipeline$7$1.accept(ReferencePipeline.java:276)
	at java.base/java.util.ArrayList$ArrayListSpliterator.forEachRemaining(ArrayList.java:1625)
	at java.base/java.util.stream.AbstractPipeline.copyInto(AbstractPipeline.java:509)
	at java.base/java.util.stream.AbstractPipeline.wrapAndCopyInto(AbstractPipeline.java:499)
	at java.base/java.util.stream.ForEachOps$ForEachOp.evaluateSequential(ForEachOps.java:150)
	at java.base/java.util.stream.ForEachOps$ForEachOp$OfRef.evaluateSequential(ForEachOps.java:173)
	at java.base/java.util.stream.AbstractPipeline.evaluate(AbstractPipeline.java:234)
	at java.base/java.util.stream.ReferencePipeline.forEach(ReferencePipeline.java:596)
	at org.junit.jupiter.engine.descriptor.TestTemplateTestDescriptor.execute(TestTemplateTestDescriptor.java:110)
	at org.junit.jupiter.engine.descriptor.TestTemplateTestDescriptor.execute(TestTemplateTestDescriptor.java:44)
	at org.junit.platform.engine.support.hierarchical.NodeTestTask.lambda$executeRecursively$6(NodeTestTask.java:151)
	at org.junit.platform.engine.support.hierarchical.ThrowableCollector.execute(ThrowableCollector.java:73)
	at org.junit.platform.engine.support.hierarchical.NodeTestTask.lambda$executeRecursively$8(NodeTestTask.java:141)
	at org.junit.platform.engine.support.hierarchical.Node.around(Node.java:137)
	at org.junit.platform.engine.support.hierarchical.NodeTestTask.lambda$executeRecursively$9(NodeTestTask.java:139)
	at org.junit.platform.engine.support.hierarchical.ThrowableCollector.execute(ThrowableCollector.java:73)
	at org.junit.platform.engine.support.hierarchical.NodeTestTask.executeRecursively(NodeTestTask.java:138)
	at org.junit.platform.engine.support.hierarchical.NodeTestTask.execute(NodeTestTask.java:95)
	at java.base/java.util.ArrayList.forEach(ArrayList.java:1511)
	at org.junit.platform.engine.support.hierarchical.SameThreadHierarchicalTestExecutorService.invokeAll(SameThreadHierarchicalTestExecutorService.java:41)
	at org.junit.platform.engine.support.hierarchical.NodeTestTask.lambda$executeRecursively$6(NodeTestTask.java:155)
	at org.junit.platform.engine.support.hierarchical.ThrowableCollector.execute(ThrowableCollector.java:73)
	at org.junit.platform.engine.support.hierarchical.NodeTestTask.lambda$executeRecursively$8(NodeTestTask.java:141)
	at org.junit.platform.engine.support.hierarchical.Node.around(Node.java:137)
	at org.junit.platform.engine.support.hierarchical.NodeTestTask.lambda$executeRecursively$9(NodeTestTask.java:139)
	at org.junit.platform.engine.support.hierarchical.ThrowableCollector.execute(ThrowableCollector.java:73)
	at org.junit.platform.engine.support.hierarchical.NodeTestTask.executeRecursively(NodeTestTask.java:138)
	at org.junit.platform.engine.support.hierarchical.NodeTestTask.execute(NodeTestTask.java:95)
	at java.base/java.util.ArrayList.forEach(ArrayList.java:1511)
	at org.junit.platform.engine.support.hierarchical.SameThreadHierarchicalTestExecutorService.invokeAll(SameThreadHierarchicalTestExecutorService.java:41)
	at org.junit.platform.engine.support.hierarchical.NodeTestTask.lambda$executeRecursively$6(NodeTestTask.java:155)
	at org.junit.platform.engine.support.hierarchical.ThrowableCollector.execute(ThrowableCollector.java:73)
	at org.junit.platform.engine.support.hierarchical.NodeTestTask.lambda$executeRecursively$8(NodeTestTask.java:141)
	at org.junit.platform.engine.support.hierarchical.Node.around(Node.java:137)
	at org.junit.platform.engine.support.hierarchical.NodeTestTask.lambda$executeRecursively$9(NodeTestTask.java:139)
	at org.junit.platform.engine.support.hierarchical.ThrowableCollector.execute(ThrowableCollector.java:73)
	at org.junit.platform.engine.support.hierarchical.NodeTestTask.executeRecursively(NodeTestTask.java:138)
	at org.junit.platform.engine.support.hierarchical.NodeTestTask.execute(NodeTestTask.java:95)
	at org.junit.platform.engine.support.hierarchical.SameThreadHierarchicalTestExecutorService.submit(SameThreadHierarchicalTestExecutorService.java:35)
	at org.junit.platform.engine.support.hierarchical.HierarchicalTestExecutor.execute(HierarchicalTestExecutor.java:57)
	at org.junit.platform.engine.support.hierarchical.HierarchicalTestEngine.execute(HierarchicalTestEngine.java:54)
	at org.junit.platform.launcher.core.EngineExecutionOrchestrator.execute(EngineExecutionOrchestrator.java:198)
	at org.junit.platform.launcher.core.EngineExecutionOrchestrator.execute(EngineExecutionOrchestrator.java:169)
	at org.junit.platform.launcher.core.EngineExecutionOrchestrator.execute(EngineExecutionOrchestrator.java:93)
	at org.junit.platform.launcher.core.EngineExecutionOrchestrator.lambda$execute$0(EngineExecutionOrchestrator.java:58)
	at org.junit.platform.launcher.core.EngineExecutionOrchestrator.withInterceptedStreams(EngineExecutionOrchestrator.java:141)
	at org.junit.platform.launcher.core.EngineExecutionOrchestrator.execute(EngineExecutionOrchestrator.java:57)
	at org.junit.platform.launcher.core.DefaultLauncher.execute(DefaultLauncher.java:103)
	at org.junit.platform.launcher.core.DefaultLauncher.execute(DefaultLauncher.java:85)
	at org.junit.platform.launcher.core.DelegatingLauncher.execute(DelegatingLauncher.java:47)
	at org.junit.platform.launcher.core.SessionPerRequestLauncher.execute(SessionPerRequestLauncher.java:63)
	at org.apache.maven.surefire.junitplatform.JUnitPlatformProvider.invokeAllTests(JUnitPlatformProvider.java:154)
	at org.apache.maven.surefire.junitplatform.JUnitPlatformProvider.invoke(JUnitPlatformProvider.java:123)
	at org.apache.maven.surefire.booter.ForkedBooter.runSuitesInProcess(ForkedBooter.java:377)
	at org.apache.maven.surefire.booter.ForkedBooter.execute(ForkedBooter.java:138)
	at org.apache.maven.surefire.booter.ForkedBooter.run(ForkedBooter.java:465)
	at org.apache.maven.surefire.booter.ForkedBooter.main(ForkedBooter.java:451)
2024-08-10 09:46:22,927 [main] INFO  om.OzoneManager (OzoneManager.java:addS3GVolumeToDB(4558)) - Created Volume s3v With Owner runner required for S3Gateway operations.
2024-08-10 09:46:22,927 [main] WARN  server.ServerUtils (ServerUtils.java:getDefaultRatisDirectory(311)) - Storage directory for Ratis is not configured. It is a good idea to map this to an SSD disk. Falling back to ozone.metadata.dirs
2024-08-10 09:46:22,927 [main] WARN  utils.OzoneManagerRatisUtils (OzoneManagerRatisUtils.java:getOMRatisSnapshotDirectory(475)) - ozone.om.ratis.snapshot.dir is not configured. Falling back to ozone.metadata.dirs config
2024-08-10 09:46:22,927 [main] WARN  server.ServerUtils (ServerUtils.java:getDefaultRatisDirectory(311)) - Storage directory for Ratis is not configured. It is a good idea to map this to an SSD disk. Falling back to ozone.metadata.dirs
2024-08-10 09:46:22,928 [main] INFO  ratis.OzoneManagerRatisServer (OzoneManagerRatisServer.java:<init>(168)) - Instantiating OM Ratis server with groupID: omServiceIdDefault and peers: localhost:15537
2024-08-10 09:46:22,928 [main] INFO  ratis.OzoneManagerStateMachine (OzoneManagerStateMachine.java:loadSnapshotInfoFromDB(593)) - TransactionInfo not found in OM DB.
2024-08-10 09:46:22,929 [main] INFO  server.RaftServer (ConfUtils.java:logGet(46)) - raft.rpc.type = GRPC (default)
2024-08-10 09:46:22,929 [main] INFO  grpc.GrpcConfigKeys (ConfUtils.java:logFallback(53)) - raft.grpc.admin.host = null (fallback to raft.grpc.server.host)
2024-08-10 09:46:22,929 [main] INFO  grpc.GrpcConfigKeys (ConfUtils.java:logFallback(53)) - raft.grpc.admin.port = 15537 (fallback to raft.grpc.server.port)
2024-08-10 09:46:22,929 [main] INFO  grpc.GrpcConfigKeys (ConfUtils.java:logFallback(53)) - raft.grpc.client.host = null (fallback to raft.grpc.server.host)
2024-08-10 09:46:22,929 [main] INFO  grpc.GrpcConfigKeys (ConfUtils.java:logFallback(53)) - raft.grpc.client.port = 15537 (fallback to raft.grpc.server.port)
2024-08-10 09:46:22,929 [main] INFO  grpc.GrpcConfigKeys (ConfUtils.java:logGet(46)) - raft.grpc.server.host = null (default)
2024-08-10 09:46:22,930 [main] INFO  grpc.GrpcConfigKeys (ConfUtils.java:logGet(46)) - raft.grpc.server.port = 15537 (custom)
2024-08-10 09:46:22,930 [main] INFO  server.GrpcService (ConfUtils.java:logGet(46)) - raft.grpc.message.size.max = 4194304 (custom)
2024-08-10 09:46:22,930 [main] INFO  server.RaftServerConfigKeys (ConfUtils.java:logGet(46)) - raft.server.log.appender.buffer.byte-limit = 4194304 (custom)
2024-08-10 09:46:22,930 [main] INFO  server.GrpcService (ConfUtils.java:logGet(46)) - raft.grpc.flow.control.window = 1MB (=1048576) (default)
2024-08-10 09:46:22,930 [main] INFO  server.RaftServerConfigKeys (ConfUtils.java:logGet(46)) - raft.server.rpc.request.timeout = 3000ms (default)
2024-08-10 09:46:22,930 [main] INFO  grpc.GrpcConfigKeys (ConfUtils.java:logGet(46)) - raft.grpc.server.heartbeat.channel = true (default)
2024-08-10 09:46:22,930 [main] INFO  grpc.GrpcConfigKeys (ConfUtils.java:logGet(46)) - raft.grpc.server.async.request.thread.pool.cached = true (default)
2024-08-10 09:46:22,930 [main] INFO  grpc.GrpcConfigKeys (ConfUtils.java:logGet(46)) - raft.grpc.server.async.request.thread.pool.size = 32 (default)
2024-08-10 09:46:22,931 [main] INFO  impl.DataStreamServerImpl (ConfUtils.java:logGet(46)) - raft.datastream.type = DISABLED (default)
2024-08-10 09:46:22,931 [main] INFO  server.RaftServerConfigKeys (ConfUtils.java:logGet(46)) - raft.server.sleep.deviation.threshold = 300ms (default)
2024-08-10 09:46:22,931 [main] INFO  server.RaftServerConfigKeys (ConfUtils.java:logGet(46)) - raft.server.close.threshold = 60s (default)
2024-08-10 09:46:22,931 [main] INFO  server.RaftServerConfigKeys (ConfUtils.java:logGet(46)) - raft.server.leaderelection.leader.step-down.wait-time = 10s (default)
2024-08-10 09:46:22,932 [main] INFO  server.RaftServerConfigKeys (ConfUtils.java:logGet(46)) - raft.server.storage.dir = [/home/runner/work/ozone/ozone/hadoop-ozone/integration-test/target/test-dir/MiniOzoneClusterImpl-76eaf92f-9dff-4d21-993f-c9a35837815b/ozone-meta/ratis] (custom)
2024-08-10 09:46:22,932 [main] INFO  server.RaftServerConfigKeys (ConfUtils.java:logGet(46)) - raft.server.threadpool.proxy.cached = true (default)
2024-08-10 09:46:22,932 [main] INFO  server.RaftServerConfigKeys (ConfUtils.java:logGet(46)) - raft.server.threadpool.proxy.size = 0 (default)
2024-08-10 09:46:22,932 [main] INFO  server.RaftServer (RaftServerProxy.java:addNew(101)) - om1: addNew group-C5BA1605619E:[om1|localhost:15537] returns group-C5BA1605619E:java.util.concurrent.CompletableFuture@3fb3e4c0[Not completed]
2024-08-10 09:46:22,932 [main] INFO  om.OzoneManager (OzoneManager.java:initializeRatisServer(2177)) - OzoneManager Ratis server initialized at port 15537
2024-08-10 09:46:22,932 [om1-groupManagement] INFO  server.RaftServer$Division (RaftServerImpl.java:<init>(253)) - om1: new RaftServerImpl for group-C5BA1605619E:[om1|localhost:15537] with OzoneManagerStateMachine:uninitialized
2024-08-10 09:46:22,933 [main] INFO  om.OzoneManager (OzoneManager.java:getRpcServer(1236)) - Creating RPC Server
2024-08-10 09:46:22,933 [om1-groupManagement] INFO  server.RaftServerConfigKeys (ConfUtils.java:logGet(46)) - raft.server.rpc.timeout.min = 1s (custom)
2024-08-10 09:46:22,933 [om1-groupManagement] INFO  server.RaftServerConfigKeys (ConfUtils.java:logGet(46)) - raft.server.rpc.timeout.max = 1200ms (custom)
2024-08-10 09:46:22,933 [om1-groupManagement] INFO  server.RaftServerConfigKeys (ConfUtils.java:logGet(46)) - raft.server.rpc.sleep.time = 25ms (default)
2024-08-10 09:46:22,933 [om1-groupManagement] INFO  server.RaftServerConfigKeys (ConfUtils.java:logGet(46)) - raft.server.rpc.slowness.timeout = 120s (custom)
2024-08-10 09:46:22,933 [om1-groupManagement] INFO  server.RaftServerConfigKeys (ConfUtils.java:logGet(46)) - raft.server.leaderelection.leader.step-down.wait-time = 10s (default)
2024-08-10 09:46:22,933 [om1-groupManagement] INFO  server.RaftServerConfigKeys (ConfUtils.java:logGet(46)) - raft.server.leaderelection.member.majority-add = false (default)
2024-08-10 09:46:22,933 [om1-groupManagement] INFO  server.RaftServerConfigKeys (ConfUtils.java:logGet(46)) - raft.server.sleep.deviation.threshold = 300ms (default)
2024-08-10 09:46:22,933 [om1-groupManagement] INFO  server.RaftServer$Division (ServerState.java:<init>(114)) - om1@group-C5BA1605619E: ConfigurationManager, init=conf: {index: -1, cur=peers:[om1|localhost:15537]|listeners:[], old=null}, confs=<EMPTY_MAP>
2024-08-10 09:46:22,933 [om1-groupManagement] INFO  server.RaftServerConfigKeys (ConfUtils.java:logGet(46)) - raft.server.notification.no-leader.timeout = 120s (custom)
2024-08-10 09:46:22,933 [om1-groupManagement] INFO  server.RaftServerConfigKeys (ConfUtils.java:logGet(46)) - raft.server.read.timeout = 10s (default)
2024-08-10 09:46:22,933 [om1-groupManagement] INFO  server.RaftServerConfigKeys (ConfUtils.java:logGet(46)) - raft.server.retrycache.expirytime = 300s (custom)
2024-08-10 09:46:22,933 [om1-groupManagement] INFO  server.RaftServerConfigKeys (ConfUtils.java:logGet(46)) - raft.server.retrycache.statistics.expirytime = 100ms (default)
2024-08-10 09:46:22,933 [om1-groupManagement] INFO  server.RaftServerConfigKeys (ConfUtils.java:logGet(46)) - raft.server.read.option = DEFAULT (default)
2024-08-10 09:46:22,934 [om1-groupManagement] INFO  server.RaftServerConfigKeys (ConfUtils.java:logGet(46)) - raft.server.read.read-after-write-consistent.write-index-cache.expiry-time = 60s (default)
2024-08-10 09:46:22,934 [om1-groupManagement] INFO  server.RaftServerConfigKeys (ConfUtils.java:logGet(46)) - raft.server.rpc.request.timeout = 3000ms (default)
2024-08-10 09:46:22,934 [om1-groupManagement] INFO  server.RaftServerConfigKeys (ConfUtils.java:logGet(46)) - raft.server.log.appender.install.snapshot.enabled = false (custom)
2024-08-10 09:46:22,934 [om1-groupManagement] INFO  server.RaftServerConfigKeys (ConfUtils.java:logGet(46)) - raft.server.threadpool.server.cached = true (default)
2024-08-10 09:46:22,934 [om1-groupManagement] INFO  server.RaftServerConfigKeys (ConfUtils.java:logGet(46)) - raft.server.threadpool.server.size = 0 (default)
2024-08-10 09:46:22,935 [om1-groupManagement] INFO  server.RaftServerConfigKeys (ConfUtils.java:logGet(46)) - raft.server.threadpool.client.cached = true (default)
2024-08-10 09:46:22,935 [om1-groupManagement] INFO  server.RaftServerConfigKeys (ConfUtils.java:logGet(46)) - raft.server.threadpool.client.size = 0 (default)
2024-08-10 09:46:23,213 [main] INFO  reflections.Reflections (Reflections.java:scan(219)) - Reflections took 280 ms to scan 20 urls, producing 59 keys and 6773 values
2024-08-10 09:46:23,214 [main] INFO  ipc.CallQueueManager (CallQueueManager.java:<init>(90)) - Using callQueue: class java.util.concurrent.LinkedBlockingQueue, queueCapacity: 2000, scheduler: class org.apache.hadoop.ipc.DefaultRpcScheduler, ipcBackoff: false.
2024-08-10 09:46:23,214 [main] INFO  ipc.Server (Server.java:<init>(1287)) - Listener at 127.0.0.1:15534
2024-08-10 09:46:23,215 [Socket Reader #1 for port 15534] INFO  ipc.Server (Server.java:run(1323)) - Starting Socket Reader #1 for port 15534
2024-08-10 09:46:23,215 [Socket Reader #2 for port 15534] INFO  ipc.Server (Server.java:run(1323)) - Starting Socket Reader #2 for port 15534
2024-08-10 09:46:23,215 [Socket Reader #3 for port 15534] INFO  ipc.Server (Server.java:run(1323)) - Starting Socket Reader #3 for port 15534
2024-08-10 09:46:23,215 [Socket Reader #4 for port 15534] INFO  ipc.Server (Server.java:run(1323)) - Starting Socket Reader #4 for port 15534
2024-08-10 09:46:23,215 [Socket Reader #5 for port 15534] INFO  ipc.Server (Server.java:run(1323)) - Starting Socket Reader #5 for port 15534
2024-08-10 09:46:23,215 [Socket Reader #6 for port 15534] INFO  ipc.Server (Server.java:run(1323)) - Starting Socket Reader #6 for port 15534
2024-08-10 09:46:23,215 [Socket Reader #7 for port 15534] INFO  ipc.Server (Server.java:run(1323)) - Starting Socket Reader #7 for port 15534
2024-08-10 09:46:23,216 [Socket Reader #8 for port 15534] INFO  ipc.Server (Server.java:run(1323)) - Starting Socket Reader #8 for port 15534
2024-08-10 09:46:23,216 [Socket Reader #9 for port 15534] INFO  ipc.Server (Server.java:run(1323)) - Starting Socket Reader #9 for port 15534
2024-08-10 09:46:23,216 [Socket Reader #10 for port 15534] INFO  ipc.Server (Server.java:run(1323)) - Starting Socket Reader #10 for port 15534
2024-08-10 09:46:23,230 [main] INFO  impl.MetricsSystemImpl (MetricsSystemImpl.java:init(158)) - OzoneManager metrics system started (again)
2024-08-10 09:46:23,238 [main] INFO  om.OzoneManager (OzoneManager.java:start(1660)) - OzoneManager RPC server is listening at localhost/127.0.0.1:15534
2024-08-10 09:46:23,238 [main] INFO  ratis.OzoneManagerRatisServer (OzoneManagerRatisServer.java:start(594)) - Starting OzoneManagerRatisServer om1 at port 15537
2024-08-10 09:46:23,239 [om1-impl-thread1] INFO  server.RaftServerConfigKeys (ConfUtils.java:logGet(46)) - raft.server.storage.free-space.min = 0MB (=0) (default)
2024-08-10 09:46:23,239 [om1-impl-thread1] INFO  server.RaftServerConfigKeys (ConfUtils.java:logGet(46)) - raft.server.log.corruption.policy = EXCEPTION (default)
2024-08-10 09:46:23,239 [om1-impl-thread1] INFO  server.RaftServerConfigKeys (ConfUtils.java:logGet(46)) - raft.server.storage.dir = [/home/runner/work/ozone/ozone/hadoop-ozone/integration-test/target/test-dir/MiniOzoneClusterImpl-76eaf92f-9dff-4d21-993f-c9a35837815b/ozone-meta/ratis] (custom)
2024-08-10 09:46:23,239 [om1-impl-thread1] INFO  storage.RaftStorageDirectory (RaftStorageDirectoryImpl.java:analyzeStorage(138)) - The storage directory /home/runner/work/ozone/ozone/hadoop-ozone/integration-test/target/test-dir/MiniOzoneClusterImpl-76eaf92f-9dff-4d21-993f-c9a35837815b/ozone-meta/ratis/bf265839-605b-3f16-9796-c5ba1605619e does not exist. Creating ...
2024-08-10 09:46:23,240 [om1-impl-thread1] INFO  storage.RaftStorageDirectory (RaftStorageDirectoryImpl.java:tryLock(229)) - Lock on /home/runner/work/ozone/ozone/hadoop-ozone/integration-test/target/test-dir/MiniOzoneClusterImpl-76eaf92f-9dff-4d21-993f-c9a35837815b/ozone-meta/ratis/bf265839-605b-3f16-9796-c5ba1605619e/in_use.lock acquired by nodename 50124@fv-az701-157
2024-08-10 09:46:23,241 [om1-impl-thread1] INFO  storage.RaftStorage (RaftStorageImpl.java:format(98)) - Storage directory /home/runner/work/ozone/ozone/hadoop-ozone/integration-test/target/test-dir/MiniOzoneClusterImpl-76eaf92f-9dff-4d21-993f-c9a35837815b/ozone-meta/ratis/bf265839-605b-3f16-9796-c5ba1605619e has been successfully formatted.
2024-08-10 09:46:23,241 [om1-impl-thread1] INFO  server.RaftServerConfigKeys (ConfUtils.java:logGet(46)) - raft.server.log.use.memory = false (default)
2024-08-10 09:46:23,241 [om1-impl-thread1] INFO  server.RaftServerConfigKeys (ConfUtils.java:logGet(46)) - raft.server.log.purge.gap = 1000000 (custom)
2024-08-10 09:46:23,242 [om1-impl-thread1] INFO  server.RaftServerConfigKeys (ConfUtils.java:logGet(46)) - raft.server.log.appender.buffer.byte-limit = 4194304 (custom)
2024-08-10 09:46:23,242 [om1-impl-thread1] INFO  server.RaftServerConfigKeys (ConfUtils.java:logGet(46)) - raft.server.log.statemachine.data.read.timeout = 1000ms (default)
2024-08-10 09:46:23,242 [om1-impl-thread1] INFO  server.RaftServerConfigKeys (ConfUtils.java:logGet(46)) - raft.server.log.purge.preservation.log.num = 0 (default)
2024-08-10 09:46:23,242 [om1-impl-thread1] INFO  server.RaftServerConfigKeys (ConfUtils.java:logGet(46)) - raft.server.log.segment.size.max = 4194304 (custom)
2024-08-10 09:46:23,242 [om1-impl-thread1] INFO  server.RaftServerConfigKeys (ConfUtils.java:logGet(46)) - raft.server.log.segment.cache.num.max = 2 (custom)
2024-08-10 09:46:23,242 [om1-impl-thread1] INFO  server.RaftServerConfigKeys (ConfUtils.java:logGet(46)) - raft.server.log.segment.cache.size.max = 200MB (=209715200) (default)
2024-08-10 09:46:23,242 [om1-impl-thread1] INFO  server.RaftServerConfigKeys (ConfUtils.java:logGet(46)) - raft.server.log.appender.buffer.byte-limit = 4194304 (custom)
2024-08-10 09:46:23,242 [om1-impl-thread1] INFO  util.AwaitToRun (AwaitToRun.java:start(81)) - Thread[om1@group-C5BA1605619E-cacheEviction-AwaitToRun,5,main] started
2024-08-10 09:46:23,242 [om1-impl-thread1] INFO  segmented.SegmentedRaftLogWorker (SegmentedRaftLogWorker.java:<init>(184)) - new om1@group-C5BA1605619E-SegmentedRaftLogWorker for RaftStorageImpl:Storage Directory /home/runner/work/ozone/ozone/hadoop-ozone/integration-test/target/test-dir/MiniOzoneClusterImpl-76eaf92f-9dff-4d21-993f-c9a35837815b/ozone-meta/ratis/bf265839-605b-3f16-9796-c5ba1605619e
2024-08-10 09:46:23,242 [om1-impl-thread1] INFO  server.RaftServerConfigKeys (ConfUtils.java:logGet(46)) - raft.server.log.queue.byte-limit = 64MB (=67108864) (default)
2024-08-10 09:46:23,242 [om1-impl-thread1] INFO  server.RaftServerConfigKeys (ConfUtils.java:logGet(46)) - raft.server.log.queue.element-limit = 4096 (default)
2024-08-10 09:46:23,243 [om1-impl-thread1] INFO  server.RaftServerConfigKeys (ConfUtils.java:logGet(46)) - raft.server.log.segment.size.max = 4194304 (custom)
2024-08-10 09:46:23,243 [om1-impl-thread1] INFO  server.RaftServerConfigKeys (ConfUtils.java:logGet(46)) - raft.server.log.preallocated.size = 4194304 (custom)
2024-08-10 09:46:23,243 [om1-impl-thread1] INFO  server.RaftServerConfigKeys (ConfUtils.java:logGet(46)) - raft.server.log.force.sync.num = 128 (default)
2024-08-10 09:46:23,243 [om1-impl-thread1] INFO  server.RaftServerConfigKeys (ConfUtils.java:logGet(46)) - raft.server.log.statemachine.data.sync = true (default)
2024-08-10 09:46:23,243 [om1-impl-thread1] INFO  server.RaftServerConfigKeys (ConfUtils.java:logGet(46)) - raft.server.log.statemachine.data.sync.timeout = 10s (default)
2024-08-10 09:46:23,243 [om1-impl-thread1] INFO  server.RaftServerConfigKeys (ConfUtils.java:logGet(46)) - raft.server.log.statemachine.data.sync.timeout.retry = -1 (default)
2024-08-10 09:46:23,243 [om1-impl-thread1] INFO  server.RaftServerConfigKeys (ConfUtils.java:logGet(46)) - raft.server.log.write.buffer.size = 4194312 (custom)
2024-08-10 09:46:23,243 [om1-impl-thread1] INFO  server.RaftServerConfigKeys (ConfUtils.java:logGet(46)) - raft.server.log.appender.buffer.byte-limit = 4194304 (custom)
2024-08-10 09:46:23,243 [om1-impl-thread1] INFO  server.RaftServerConfigKeys (ConfUtils.java:logGet(46)) - raft.server.log.unsafe-flush.enabled = false (default)
2024-08-10 09:46:23,243 [om1-impl-thread1] INFO  server.RaftServerConfigKeys (ConfUtils.java:logGet(46)) - raft.server.log.async-flush.enabled = false (default)
2024-08-10 09:46:23,243 [om1-impl-thread1] INFO  server.RaftServerConfigKeys (ConfUtils.java:logGet(46)) - raft.server.log.statemachine.data.caching.enabled = false (default)
2024-08-10 09:46:23,243 [om1-impl-thread1] INFO  segmented.SegmentedRaftLogWorker (SegmentedRaftLogWorker.java:lambda$new$0(135)) - om1@group-C5BA1605619E-SegmentedRaftLogWorker: flushIndex: setUnconditionally 0 -> -1
2024-08-10 09:46:23,243 [om1-impl-thread1] INFO  segmented.SegmentedRaftLogWorker (SegmentedRaftLogWorker.java:lambda$new$0(135)) - om1@group-C5BA1605619E-SegmentedRaftLogWorker: safeCacheEvictIndex: setUnconditionally 0 -> -1
2024-08-10 09:46:23,244 [om1-impl-thread1] INFO  server.RaftServer$Division (RaftServerImpl.java:start(389)) - om1@group-C5BA1605619E: start as a follower, conf=conf: {index: -1, cur=peers:[om1|localhost:15537]|listeners:[], old=null}
2024-08-10 09:46:23,244 [om1-impl-thread1] INFO  server.RaftServer$Division (RaftServerImpl.java:setRole(376)) - om1@group-C5BA1605619E: changes role from      null to FOLLOWER at term 0 for startAsFollower
2024-08-10 09:46:23,244 [om1-impl-thread1] INFO  impl.RoleInfo (RoleInfo.java:updateAndGet(148)) - om1: start om1@group-C5BA1605619E-FollowerState
2024-08-10 09:46:23,244 [om1@group-C5BA1605619E-FollowerState] INFO  server.RaftServerConfigKeys (ConfUtils.java:logFallback(53)) - raft.server.rpc.first-election.timeout.min = 1s (fallback to raft.server.rpc.timeout.min)
2024-08-10 09:46:23,244 [om1@group-C5BA1605619E-FollowerState] INFO  server.RaftServerConfigKeys (ConfUtils.java:logFallback(53)) - raft.server.rpc.first-election.timeout.max = 1200ms (fallback to raft.server.rpc.timeout.max)
2024-08-10 09:46:23,244 [om1-impl-thread1] INFO  util.JmxRegister (JmxRegister.java:tryRegister(44)) - Successfully registered JMX Bean with object name Ratis:service=RaftServer,group=group-C5BA1605619E,id=om1
2024-08-10 09:46:23,244 [om1-impl-thread1] INFO  util.JmxRegister (JmxRegister.java:register(58)) - register mxBean class org.apache.ratis.server.impl.RaftServerJmxAdapter as Ratis:service=RaftServer,group=group-C5BA1605619E,id=om1
2024-08-10 09:46:23,244 [om1-impl-thread1] INFO  server.RaftServerConfigKeys (ConfUtils.java:logGet(46)) - raft.server.snapshot.trigger-when-stop.enabled = true (default)
2024-08-10 09:46:23,244 [om1-impl-thread1] INFO  server.RaftServerConfigKeys (ConfUtils.java:logGet(46)) - raft.server.snapshot.trigger-when-remove.enabled = true (default)
2024-08-10 09:46:23,244 [om1-impl-thread1] INFO  server.RaftServerConfigKeys (ConfUtils.java:logGet(46)) - raft.server.snapshot.auto.trigger.enabled = true (custom)
2024-08-10 09:46:23,244 [om1-impl-thread1] INFO  server.RaftServerConfigKeys (ConfUtils.java:logGet(46)) - raft.server.snapshot.auto.trigger.threshold = 400000 (default)
2024-08-10 09:46:23,244 [om1-impl-thread1] INFO  server.RaftServerConfigKeys (ConfUtils.java:logGet(46)) - raft.server.snapshot.retention.file.num = -1 (default)
2024-08-10 09:46:23,244 [om1-impl-thread1] INFO  server.RaftServerConfigKeys (ConfUtils.java:logGet(46)) - raft.server.log.purge.upto.snapshot.index = true (custom)
2024-08-10 09:46:23,245 [main] INFO  server.RaftServer (RaftServerProxy.java:startImpl(408)) - om1: start RPC server
2024-08-10 09:46:23,245 [main] INFO  server.GrpcService (GrpcService.java:startImpl(302)) - om1: GrpcService started, listening on 15537
2024-08-10 09:46:23,246 [JvmPauseMonitor75] INFO  util.JvmPauseMonitor (JvmPauseMonitor.java:run(146)) - JvmPauseMonitor-om1: Started
2024-08-10 09:46:23,246 [main] INFO  om.OzoneManager (OzoneManager.java:start(1675)) - Version File has different layout version (7) than OM DB (null). That is expected if this OM has never been finalized to a newer layout version.
2024-08-10 09:46:23,248 [main] INFO  client.ScmTopologyClient (ScmTopologyClient.java:start(72)) - Initial network topology fetched from SCM: /.
2024-08-10 09:46:23,248 [main] INFO  net.NodeSchemaLoader (NodeSchemaLoader.java:loadSchemaFromFile(129)) - Loading schema from [jar:file:/home/runner/work/ozone/ozone/hadoop-hdds/common/target/hdds-common-1.5.0-SNAPSHOT.jar!/network-topology-default.xml]
2024-08-10 09:46:23,249 [main] INFO  net.NodeSchemaLoader (NodeSchemaLoader.java:loadSchema(176)) - Loading network topology layer schema file
2024-08-10 09:46:23,252 [main] INFO  http.BaseHttpServer (BaseHttpServer.java:newHttpServer2BuilderForOzone(223)) - Starting Web-server for ozoneManager at: http://0.0.0.0:15535
2024-08-10 09:46:23,252 [main] INFO  http.BaseHttpServer (BaseHttpServer.java:<init>(110)) - Hadoop Security Enabled: false Ozone Security Enabled: false Ozone HTTP Security Enabled: false 
2024-08-10 09:46:23,253 [main] WARN  server.AuthenticationFilter (AuthenticationFilter.java:constructSecretProvider(240)) - Unable to initialize FileSignerSecretProvider, falling back to use random secrets. Reason: Could not read signature secret file: /home/runner/hadoop-http-auth-signature-secret
2024-08-10 09:46:23,253 [main] INFO  http.HttpRequestLog (HttpRequestLog.java:getRequestLog(86)) - Http request log for http.requests.ozoneManager is not defined
2024-08-10 09:46:23,254 [main] INFO  http.HttpServer2 (HttpServer2.java:addGlobalFilter(1035)) - Added global filter 'safety' (class=org.apache.hadoop.hdds.server.http.HttpServer2$QuotingInputFilter)
2024-08-10 09:46:23,254 [main] INFO  http.HttpServer2 (HttpServer2.java:addFilter(1011)) - Added filter static_user_filter (class=org.apache.hadoop.http.lib.StaticUserWebFilter$StaticUserFilter) to context ozoneManager
2024-08-10 09:46:23,254 [main] INFO  http.HttpServer2 (HttpServer2.java:addFilter(1019)) - Added filter static_user_filter (class=org.apache.hadoop.http.lib.StaticUserWebFilter$StaticUserFilter) to context static
2024-08-10 09:46:23,255 [main] INFO  http.HttpServer2 (HttpServer2.java:addFilter(1019)) - Added filter static_user_filter (class=org.apache.hadoop.http.lib.StaticUserWebFilter$StaticUserFilter) to context logs
2024-08-10 09:46:23,255 [main] INFO  http.BaseHttpServer (BaseHttpServer.java:<init>(189)) - HTTP server of ozoneManager uses base directory /home/runner/work/ozone/ozone/hadoop-ozone/integration-test/target/test-dir/MiniOzoneClusterImpl-76eaf92f-9dff-4d21-993f-c9a35837815b/ozone-meta/webserver
2024-08-10 09:46:23,255 [main] INFO  http.HttpServer2 (HttpServer2.java:bindListener(1235)) - Jetty bound to port 15535
2024-08-10 09:46:23,255 [main] INFO  server.Server (Server.java:doStart(375)) - jetty-9.4.55.v20240627; built: 2024-06-27T15:05:37.765Z; git: 70015831e5195ba74da6383c4ab7c90c56bb08af; jvm 17.0.12+7
2024-08-10 09:46:23,257 [main] INFO  server.session (DefaultSessionIdManager.java:doStart(334)) - DefaultSessionIdManager workerName=node0
2024-08-10 09:46:23,257 [main] INFO  server.session (DefaultSessionIdManager.java:doStart(339)) - No SessionScavenger set, using defaults
2024-08-10 09:46:23,257 [main] INFO  server.session (HouseKeeper.java:startScavenging(132)) - node0 Scavenging every 600000ms
2024-08-10 09:46:23,257 [main] INFO  handler.ContextHandler (ContextHandler.java:doStart(921)) - Started o.e.j.s.ServletContextHandler@305b3a50{logs,/logs,file:///home/runner/work/ozone/ozone/hadoop-ozone/integration-test/target/log,AVAILABLE}
2024-08-10 09:46:23,258 [main] INFO  handler.ContextHandler (ContextHandler.java:doStart(921)) - Started o.e.j.s.ServletContextHandler@185e0148{static,/static,file:///home/runner/work/ozone/ozone/hadoop-ozone/integration-test/target/test-classes/webapps/static,AVAILABLE}
2024-08-10 09:46:23,261 [main] INFO  handler.ContextHandler (ContextHandler.java:doStart(921)) - Started o.e.j.w.WebAppContext@3606d463{ozoneManager,/,file:///home/runner/work/ozone/ozone/hadoop-ozone/integration-test/target/test-classes/webapps/ozoneManager/,AVAILABLE}{file:/home/runner/work/ozone/ozone/hadoop-ozone/integration-test/target/test-classes/webapps/ozoneManager}
2024-08-10 09:46:23,261 [main] INFO  server.AbstractConnector (AbstractConnector.java:doStart(333)) - Started ServerConnector@588cbec6{HTTP/1.1, (http/1.1)}{0.0.0.0:15535}
2024-08-10 09:46:23,261 [main] INFO  server.Server (Server.java:doStart(415)) - Started @517388ms
2024-08-10 09:46:23,261 [main] WARN  impl.MetricsSystemImpl (MetricsSystemImpl.java:register(279)) - Sink prometheus already exists!
2024-08-10 09:46:23,262 [main] INFO  http.BaseHttpServer (BaseHttpServer.java:updateConnectorAddress(354)) - HTTP server of ozoneManager listening at http://0.0.0.0:15535
2024-08-10 09:46:23,262 [IPC Server Responder] INFO  ipc.Server (Server.java:run(1562)) - IPC Server Responder: starting
2024-08-10 09:46:23,262 [IPC Server listener on 15534] INFO  ipc.Server (Server.java:run(1402)) - IPC Server listener on 15534: starting
2024-08-10 09:46:23,264 [main] INFO  om.OzoneManager (OzoneManager.java:startTrashEmptier(2130)) - Trash Interval set to 0. Files deleted won't move to trash
2024-08-10 09:46:23,271 [main] WARN  dropwizard3.Dm3MetricRegistriesImpl (Dm3MetricRegistriesImpl.java:addReporterRegistration(114)) - New reporters are added after registries were created. Some metrics will be missing from the reporter. Please add reporter before adding any new registry.
2024-08-10 09:46:23,271 [main] WARN  dropwizard3.Dm3MetricRegistriesImpl (Dm3MetricRegistriesImpl.java:addReporterRegistration(114)) - New reporters are added after registries were created. Some metrics will be missing from the reporter. Please add reporter before adding any new registry.
2024-08-10 09:46:23,271 [main] INFO  impl.MetricsSystemImpl (MetricsSystemImpl.java:init(158)) - HddsDatanode metrics system started (again)
2024-08-10 09:46:23,279 [main] INFO  ozone.HddsDatanodeService (HddsDatanodeService.java:start(235)) - HddsDatanodeService host:fv-az701-157.f3fyigry0suu1otrijw4un2zmf.cx.internal.cloudapp.net ip:10.1.0.23
2024-08-10 09:46:23,281 [main] INFO  upgrade.AbstractLayoutVersionManager (AbstractLayoutVersionManager.java:init(83)) - Initializing Layout version manager with metadata layout = HBASE_SUPPORT (version = 8), software layout = HBASE_SUPPORT (version = 8)
2024-08-10 09:46:23,281 [main] INFO  statemachine.DatanodeStateMachine (DatanodeStateMachine.java:getEndPointTaskThreadPoolSize(292)) - Datanode State Machine Task Thread Pool size 2
2024-08-10 09:46:23,282 [main] INFO  volume.HddsVolume (HddsVolume.java:<init>(126)) - Creating HddsVolume: /home/runner/work/ozone/ozone/hadoop-ozone/integration-test/target/test-dir/MiniOzoneClusterImpl-76eaf92f-9dff-4d21-993f-c9a35837815b/ozone-meta/datanode-1/data-0/hdds of storage type : DISK capacity : 9222449699674390527
2024-08-10 09:46:23,282 [main] INFO  volume.MutableVolumeSet (MutableVolumeSet.java:initializeVolumeSet(173)) - Added Volume : /home/runner/work/ozone/ozone/hadoop-ozone/integration-test/target/test-dir/MiniOzoneClusterImpl-76eaf92f-9dff-4d21-993f-c9a35837815b/ozone-meta/datanode-1/data-0/hdds to VolumeSet
2024-08-10 09:46:23,283 [main] INFO  volume.MutableVolumeSet (MutableVolumeSet.java:initializeVolumeSet(173)) - Added Volume : /home/runner/work/ozone/ozone/hadoop-ozone/integration-test/target/test-dir/MiniOzoneClusterImpl-76eaf92f-9dff-4d21-993f-c9a35837815b/ozone-meta/datanode-1/ratis to VolumeSet
2024-08-10 09:46:23,283 [main] INFO  ozoneimpl.OzoneContainer (HddsVolumeUtil.java:loadAllHddsVolumeDbStore(103)) - Load 1 volumes DbStore cost: 0ms
2024-08-10 09:46:23,284 [main] INFO  server.RaftServer (ConfUtils.java:logGet(46)) - raft.rpc.type = GRPC (default)
2024-08-10 09:46:23,284 [main] INFO  grpc.GrpcConfigKeys (ConfUtils.java:logFallback(53)) - raft.grpc.admin.host = null (fallback to raft.grpc.server.host)
2024-08-10 09:46:23,284 [main] INFO  grpc.GrpcConfigKeys (ConfUtils.java:logGet(46)) - raft.grpc.admin.port = 15542 (custom)
2024-08-10 09:46:23,285 [main] INFO  grpc.GrpcConfigKeys (ConfUtils.java:logFallback(53)) - raft.grpc.client.host = null (fallback to raft.grpc.server.host)
2024-08-10 09:46:23,285 [main] INFO  grpc.GrpcConfigKeys (ConfUtils.java:logGet(46)) - raft.grpc.client.port = 15542 (custom)
2024-08-10 09:46:23,285 [main] INFO  grpc.GrpcConfigKeys (ConfUtils.java:logGet(46)) - raft.grpc.server.host = null (default)
2024-08-10 09:46:23,285 [main] INFO  grpc.GrpcConfigKeys (ConfUtils.java:logGet(46)) - raft.grpc.server.port = 15542 (custom)
2024-08-10 09:46:23,285 [main] INFO  server.GrpcService (ConfUtils.java:logGet(46)) - raft.grpc.message.size.max = 32MB (=33554432) (custom)
2024-08-10 09:46:23,285 [main] INFO  server.RaftServerConfigKeys (ConfUtils.java:logGet(46)) - raft.server.log.appender.buffer.byte-limit = 8388608 (custom)
2024-08-10 09:46:23,285 [main] INFO  server.GrpcService (ConfUtils.java:logGet(46)) - raft.grpc.flow.control.window = 5MB (=5242880) (custom)
2024-08-10 09:46:23,285 [main] INFO  server.RaftServerConfigKeys (ConfUtils.java:logGet(46)) - raft.server.rpc.request.timeout = 3000ms (default)
2024-08-10 09:46:23,286 [main] INFO  grpc.GrpcConfigKeys (ConfUtils.java:logGet(46)) - raft.grpc.server.heartbeat.channel = true (default)
2024-08-10 09:46:23,286 [main] INFO  grpc.GrpcConfigKeys (ConfUtils.java:logGet(46)) - raft.grpc.server.async.request.thread.pool.cached = true (default)
2024-08-10 09:46:23,286 [main] INFO  grpc.GrpcConfigKeys (ConfUtils.java:logGet(46)) - raft.grpc.server.async.request.thread.pool.size = 32 (default)
2024-08-10 09:46:23,286 [main] INFO  impl.DataStreamServerImpl (ConfUtils.java:logGet(46)) - raft.datastream.type = NETTY (custom)
2024-08-10 09:46:23,287 [main] INFO  server.RaftServerConfigKeys (ConfUtils.java:logGet(46)) - raft.server.data-stream.async.request.thread.pool.cached = false (default)
2024-08-10 09:46:23,287 [main] INFO  server.RaftServerConfigKeys (ConfUtils.java:logGet(46)) - raft.server.data-stream.async.request.thread.pool.size = 20 (custom)
2024-08-10 09:46:23,287 [main] INFO  server.RaftServerConfigKeys (ConfUtils.java:logGet(46)) - raft.server.data-stream.async.write.thread.pool.size = 16 (default)
2024-08-10 09:46:23,287 [main] INFO  netty.NettyConfigKeys$DataStream (ConfUtils.java:logGet(46)) - raft.netty.dataStream.server.channel.inactive.grace-period = 10min (default)
2024-08-10 09:46:23,287 [main] INFO  server.RaftServerConfigKeys (ConfUtils.java:logGet(46)) - raft.server.data-stream.client.pool.size = 10 (default)
2024-08-10 09:46:23,287 [main] INFO  netty.NettyConfigKeys$DataStream (ConfUtils.java:logGet(46)) - raft.netty.dataStream.server.use-epoll = true (default)
2024-08-10 09:46:23,287 [main] INFO  netty.NettyConfigKeys$DataStream (ConfUtils.java:logGet(46)) - raft.netty.dataStream.server.boss-group.size = 0 (default)
2024-08-10 09:46:23,288 [main] INFO  netty.NettyUtils (NettyUtils.java:newEventLoopGroup(74)) - Create EpollEventLoopGroup for 2de4195a-f779-4305-af6f-892378b3f55f-NettyServerStreamRpc-bossGroup; Thread size is 0.
2024-08-10 09:46:23,288 [main] INFO  netty.NettyConfigKeys$DataStream (ConfUtils.java:logGet(46)) - raft.netty.dataStream.server.worker-group.size = 0 (default)
2024-08-10 09:46:23,288 [main] INFO  netty.NettyUtils (NettyUtils.java:newEventLoopGroup(74)) - Create EpollEventLoopGroup for 2de4195a-f779-4305-af6f-892378b3f55f-NettyServerStreamRpc-workerGroup; Thread size is 0.
2024-08-10 09:46:23,288 [main] INFO  netty.NettyConfigKeys$DataStream (ConfUtils.java:logGet(46)) - raft.netty.dataStream.server.tls.conf = null (default)
2024-08-10 09:46:23,289 [main] INFO  netty.NettyConfigKeys$DataStream (ConfUtils.java:logGet(46)) - raft.netty.dataStream.host = null (default)
2024-08-10 09:46:23,289 [main] INFO  netty.NettyConfigKeys$DataStream (ConfUtils.java:logGet(46)) - raft.netty.dataStream.port = 15545 (custom)
2024-08-10 09:46:23,289 [main] INFO  server.RaftServerConfigKeys (ConfUtils.java:logGet(46)) - raft.server.sleep.deviation.threshold = 300ms (default)
2024-08-10 09:46:23,289 [main] INFO  server.RaftServerConfigKeys (ConfUtils.java:logGet(46)) - raft.server.close.threshold = 60s (default)
2024-08-10 09:46:23,289 [main] INFO  server.RaftServerConfigKeys (ConfUtils.java:logGet(46)) - raft.server.leaderelection.leader.step-down.wait-time = 10s (default)
2024-08-10 09:46:23,289 [2de4195a-f779-4305-af6f-892378b3f55f-NettyServerStreamRpc-bossGroup--thread1] INFO  logging.LoggingHandler (AbstractInternalLogger.java:log(148)) - [id: 0xeb7d3160] REGISTERED
2024-08-10 09:46:23,290 [main] INFO  server.RaftServerConfigKeys (ConfUtils.java:logGet(46)) - raft.server.storage.dir = [/home/runner/work/ozone/ozone/hadoop-ozone/integration-test/target/test-dir/MiniOzoneClusterImpl-76eaf92f-9dff-4d21-993f-c9a35837815b/ozone-meta/datanode-1/ratis] (custom)
2024-08-10 09:46:23,290 [main] INFO  server.RaftServerConfigKeys (ConfUtils.java:logGet(46)) - raft.server.threadpool.proxy.cached = true (default)
2024-08-10 09:46:23,290 [main] INFO  server.RaftServerConfigKeys (ConfUtils.java:logGet(46)) - raft.server.threadpool.proxy.size = 0 (default)
2024-08-10 09:46:23,290 [2de4195a-f779-4305-af6f-892378b3f55f-NettyServerStreamRpc-bossGroup--thread1] INFO  logging.LoggingHandler (AbstractInternalLogger.java:log(148)) - [id: 0xeb7d3160] BIND: 0.0.0.0/0.0.0.0:15545
2024-08-10 09:46:23,290 [2de4195a-f779-4305-af6f-892378b3f55f-NettyServerStreamRpc-bossGroup--thread1] INFO  logging.LoggingHandler (AbstractInternalLogger.java:log(148)) - [id: 0xeb7d3160, L:/0.0.0.0:15545] ACTIVE
2024-08-10 09:46:23,292 [2de4195a-f779-4305-af6f-892378b3f55f-impl-thread1] INFO  server.RaftServer (RaftServerProxy.java:initGroupDir(266)) - 2de4195a-f779-4305-af6f-892378b3f55f: found a subdirectory /home/runner/work/ozone/ozone/hadoop-ozone/integration-test/target/test-dir/MiniOzoneClusterImpl-76eaf92f-9dff-4d21-993f-c9a35837815b/ozone-meta/datanode-1/ratis/tmp
2024-08-10 09:46:23,293 [2de4195a-f779-4305-af6f-892378b3f55f-impl-thread1] INFO  server.RaftServer (RaftServerProxy.java:initGroupDir(271)) - 2de4195a-f779-4305-af6f-892378b3f55f: The directory /home/runner/work/ozone/ozone/hadoop-ozone/integration-test/target/test-dir/MiniOzoneClusterImpl-76eaf92f-9dff-4d21-993f-c9a35837815b/ozone-meta/datanode-1/ratis/tmp is not a group directory; ignoring it. 
2024-08-10 09:46:23,293 [main] INFO  replication.ReplicationServer (ReplicationServer.java:<init>(86)) - Initializing replication server with thread count = 10 queue length = 4096
2024-08-10 09:46:23,294 [main] INFO  server.XceiverServerGrpc (XceiverServerGrpc.java:<init>(141)) - GrpcServer channel type EpollServerSocketChannel
2024-08-10 09:46:23,294 [main] INFO  replication.ReplicationSupervisor (ReplicationSupervisor.java:build(157)) - Initializing replication supervisor with thread count = 10
2024-08-10 09:46:23,294 [main] INFO  replication.ReplicationSupervisor (ReplicationSupervisor.java:nodeStateUpdated(312)) - Node state updated to IN_SERVICE, scaling executor pool size to 10
2024-08-10 09:46:23,296 [main] INFO  http.BaseHttpServer (BaseHttpServer.java:newHttpServer2BuilderForOzone(223)) - Starting Web-server for hddsDatanode at: http://0.0.0.0:15539
2024-08-10 09:46:23,296 [main] INFO  http.BaseHttpServer (BaseHttpServer.java:<init>(110)) - Hadoop Security Enabled: false Ozone Security Enabled: false Ozone HTTP Security Enabled: false 
2024-08-10 09:46:23,297 [main] WARN  server.AuthenticationFilter (AuthenticationFilter.java:constructSecretProvider(240)) - Unable to initialize FileSignerSecretProvider, falling back to use random secrets. Reason: Could not read signature secret file: /home/runner/hadoop-http-auth-signature-secret
2024-08-10 09:46:23,297 [main] INFO  http.HttpRequestLog (HttpRequestLog.java:getRequestLog(86)) - Http request log for http.requests.hddsDatanode is not defined
2024-08-10 09:46:23,298 [main] INFO  http.HttpServer2 (HttpServer2.java:addGlobalFilter(1035)) - Added global filter 'safety' (class=org.apache.hadoop.hdds.server.http.HttpServer2$QuotingInputFilter)
2024-08-10 09:46:23,298 [main] INFO  http.HttpServer2 (HttpServer2.java:addFilter(1011)) - Added filter static_user_filter (class=org.apache.hadoop.http.lib.StaticUserWebFilter$StaticUserFilter) to context hddsDatanode
2024-08-10 09:46:23,298 [main] INFO  http.HttpServer2 (HttpServer2.java:addFilter(1019)) - Added filter static_user_filter (class=org.apache.hadoop.http.lib.StaticUserWebFilter$StaticUserFilter) to context static
2024-08-10 09:46:23,299 [main] INFO  http.HttpServer2 (HttpServer2.java:addFilter(1019)) - Added filter static_user_filter (class=org.apache.hadoop.http.lib.StaticUserWebFilter$StaticUserFilter) to context logs
2024-08-10 09:46:23,299 [main] INFO  http.BaseHttpServer (BaseHttpServer.java:<init>(189)) - HTTP server of hddsDatanode uses base directory /home/runner/work/ozone/ozone/hadoop-ozone/integration-test/target/test-dir/MiniOzoneClusterImpl-76eaf92f-9dff-4d21-993f-c9a35837815b/ozone-meta/datanode-1/meta/webserver
2024-08-10 09:46:23,299 [main] INFO  http.HttpServer2 (HttpServer2.java:bindListener(1235)) - Jetty bound to port 15539
2024-08-10 09:46:23,299 [main] INFO  server.Server (Server.java:doStart(375)) - jetty-9.4.55.v20240627; built: 2024-06-27T15:05:37.765Z; git: 70015831e5195ba74da6383c4ab7c90c56bb08af; jvm 17.0.12+7
2024-08-10 09:46:23,300 [main] INFO  server.session (DefaultSessionIdManager.java:doStart(334)) - DefaultSessionIdManager workerName=node0
2024-08-10 09:46:23,300 [main] INFO  server.session (DefaultSessionIdManager.java:doStart(339)) - No SessionScavenger set, using defaults
2024-08-10 09:46:23,301 [main] INFO  server.session (HouseKeeper.java:startScavenging(132)) - node0 Scavenging every 600000ms
2024-08-10 09:46:23,301 [main] INFO  handler.ContextHandler (ContextHandler.java:doStart(921)) - Started o.e.j.s.ServletContextHandler@178792cf{logs,/logs,file:///home/runner/work/ozone/ozone/hadoop-ozone/integration-test/target/log,AVAILABLE}
2024-08-10 09:46:23,301 [main] INFO  handler.ContextHandler (ContextHandler.java:doStart(921)) - Started o.e.j.s.ServletContextHandler@4739033b{static,/static,jar:file:/home/runner/work/ozone/ozone/hadoop-hdds/container-service/target/hdds-container-service-1.5.0-SNAPSHOT.jar!/webapps/static,AVAILABLE}
2024-08-10 09:46:23,496 [main] INFO  handler.ContextHandler (ContextHandler.java:doStart(921)) - Started o.e.j.w.WebAppContext@4d38bb66{hddsDatanode,/,file:///home/runner/work/ozone/ozone/hadoop-ozone/integration-test/target/test-dir/MiniOzoneClusterImpl-76eaf92f-9dff-4d21-993f-c9a35837815b/ozone-meta/datanode-1/meta/webserver/jetty-0_0_0_0-15539-hdds-container-service-1_5_0-SNAPSHOT_jar-_-any-11345542612937759151/webapp/,AVAILABLE}{jar:file:/home/runner/work/ozone/ozone/hadoop-hdds/container-service/target/hdds-container-service-1.5.0-SNAPSHOT.jar!/webapps/hddsDatanode}
2024-08-10 09:46:23,496 [main] INFO  server.AbstractConnector (AbstractConnector.java:doStart(333)) - Started ServerConnector@38ae445c{HTTP/1.1, (http/1.1)}{0.0.0.0:15539}
2024-08-10 09:46:23,496 [main] INFO  server.Server (Server.java:doStart(415)) - Started @517624ms
2024-08-10 09:46:23,496 [main] WARN  impl.MetricsSystemImpl (MetricsSystemImpl.java:register(279)) - Sink prometheus already exists!
2024-08-10 09:46:23,497 [main] INFO  http.BaseHttpServer (BaseHttpServer.java:updateConnectorAddress(354)) - HTTP server of hddsDatanode listening at http://0.0.0.0:15539
2024-08-10 09:46:23,497 [main] INFO  ipc.CallQueueManager (CallQueueManager.java:<init>(90)) - Using callQueue: class java.util.concurrent.LinkedBlockingQueue, queueCapacity: 1000, scheduler: class org.apache.hadoop.ipc.DefaultRpcScheduler, ipcBackoff: false.
2024-08-10 09:46:23,498 [main] INFO  ipc.Server (Server.java:<init>(1287)) - Listener at 0.0.0.0:15540
2024-08-10 09:46:23,498 [Socket Reader #1 for port 15540] INFO  ipc.Server (Server.java:run(1323)) - Starting Socket Reader #1 for port 15540
2024-08-10 09:46:23,499 [main] INFO  ozone.HddsDatanodeService (HddsDatanodeService.java:start(319)) - Datanode start with admins: [runner]
2024-08-10 09:46:23,499 [main] INFO  ozone.HddsDatanodeClientProtocolServer (HddsDatanodeClientProtocolServer.java:start(77)) - RPC server for Client /0.0.0.0:15540
2024-08-10 09:46:23,499 [IPC Server Responder] INFO  ipc.Server (Server.java:run(1562)) - IPC Server Responder: starting
2024-08-10 09:46:23,499 [IPC Server listener on 15540] INFO  ipc.Server (Server.java:run(1402)) - IPC Server listener on 15540: starting
2024-08-10 09:46:23,500 [main] WARN  dropwizard3.Dm3MetricRegistriesImpl (Dm3MetricRegistriesImpl.java:addReporterRegistration(114)) - New reporters are added after registries were created. Some metrics will be missing from the reporter. Please add reporter before adding any new registry.
2024-08-10 09:46:23,501 [main] WARN  dropwizard3.Dm3MetricRegistriesImpl (Dm3MetricRegistriesImpl.java:addReporterRegistration(114)) - New reporters are added after registries were created. Some metrics will be missing from the reporter. Please add reporter before adding any new registry.
2024-08-10 09:46:23,501 [main] INFO  impl.MetricsSystemImpl (MetricsSystemImpl.java:init(158)) - HddsDatanode metrics system started (again)
2024-08-10 09:46:23,501 [2de4195a-f779-4305-af6f-892378b3f55f-DatanodeStateMachineDaemonThread] INFO  statemachine.DatanodeStateMachine (DatanodeStateMachine.java:startStateMachineThread(335)) - Ozone container server started.
2024-08-10 09:46:23,503 [2de4195a-f779-4305-af6f-892378b3f55f-DatanodeStateMachineTaskThread-0] INFO  datanode.InitDatanodeState (InitDatanodeState.java:persistContainerDatanodeDetails(139)) - DatanodeDetails is persisted to /home/runner/work/ozone/ozone/hadoop-ozone/integration-test/target/test-dir/MiniOzoneClusterImpl-76eaf92f-9dff-4d21-993f-c9a35837815b/ozone-meta/datanode-1/meta/datanode.id
2024-08-10 09:46:23,510 [main] INFO  ozone.HddsDatanodeService (HddsDatanodeService.java:start(235)) - HddsDatanodeService host:fv-az701-157.f3fyigry0suu1otrijw4un2zmf.cx.internal.cloudapp.net ip:10.1.0.23
2024-08-10 09:46:23,512 [main] INFO  upgrade.AbstractLayoutVersionManager (AbstractLayoutVersionManager.java:init(83)) - Initializing Layout version manager with metadata layout = HBASE_SUPPORT (version = 8), software layout = HBASE_SUPPORT (version = 8)
2024-08-10 09:46:23,512 [main] INFO  statemachine.DatanodeStateMachine (DatanodeStateMachine.java:getEndPointTaskThreadPoolSize(292)) - Datanode State Machine Task Thread Pool size 2
2024-08-10 09:46:23,513 [main] INFO  volume.HddsVolume (HddsVolume.java:<init>(126)) - Creating HddsVolume: /home/runner/work/ozone/ozone/hadoop-ozone/integration-test/target/test-dir/MiniOzoneClusterImpl-76eaf92f-9dff-4d21-993f-c9a35837815b/ozone-meta/datanode-2/data-0/hdds of storage type : DISK capacity : 9222449699674390527
2024-08-10 09:46:23,513 [main] INFO  volume.MutableVolumeSet (MutableVolumeSet.java:initializeVolumeSet(173)) - Added Volume : /home/runner/work/ozone/ozone/hadoop-ozone/integration-test/target/test-dir/MiniOzoneClusterImpl-76eaf92f-9dff-4d21-993f-c9a35837815b/ozone-meta/datanode-2/data-0/hdds to VolumeSet
2024-08-10 09:46:23,514 [main] INFO  volume.MutableVolumeSet (MutableVolumeSet.java:initializeVolumeSet(173)) - Added Volume : /home/runner/work/ozone/ozone/hadoop-ozone/integration-test/target/test-dir/MiniOzoneClusterImpl-76eaf92f-9dff-4d21-993f-c9a35837815b/ozone-meta/datanode-2/ratis to VolumeSet
2024-08-10 09:46:23,514 [main] INFO  ozoneimpl.OzoneContainer (HddsVolumeUtil.java:loadAllHddsVolumeDbStore(103)) - Load 1 volumes DbStore cost: 0ms
2024-08-10 09:46:23,515 [main] INFO  server.RaftServer (ConfUtils.java:logGet(46)) - raft.rpc.type = GRPC (default)
2024-08-10 09:46:23,515 [main] INFO  grpc.GrpcConfigKeys (ConfUtils.java:logFallback(53)) - raft.grpc.admin.host = null (fallback to raft.grpc.server.host)
2024-08-10 09:46:23,515 [main] INFO  grpc.GrpcConfigKeys (ConfUtils.java:logGet(46)) - raft.grpc.admin.port = 15551 (custom)
2024-08-10 09:46:23,515 [main] INFO  grpc.GrpcConfigKeys (ConfUtils.java:logFallback(53)) - raft.grpc.client.host = null (fallback to raft.grpc.server.host)
2024-08-10 09:46:23,516 [main] INFO  grpc.GrpcConfigKeys (ConfUtils.java:logGet(46)) - raft.grpc.client.port = 15551 (custom)
2024-08-10 09:46:23,516 [main] INFO  grpc.GrpcConfigKeys (ConfUtils.java:logGet(46)) - raft.grpc.server.host = null (default)
2024-08-10 09:46:23,516 [main] INFO  grpc.GrpcConfigKeys (ConfUtils.java:logGet(46)) - raft.grpc.server.port = 15551 (custom)
2024-08-10 09:46:23,516 [main] INFO  server.GrpcService (ConfUtils.java:logGet(46)) - raft.grpc.message.size.max = 32MB (=33554432) (custom)
2024-08-10 09:46:23,516 [main] INFO  server.RaftServerConfigKeys (ConfUtils.java:logGet(46)) - raft.server.log.appender.buffer.byte-limit = 8388608 (custom)
2024-08-10 09:46:23,516 [main] INFO  server.GrpcService (ConfUtils.java:logGet(46)) - raft.grpc.flow.control.window = 5MB (=5242880) (custom)
2024-08-10 09:46:23,516 [main] INFO  server.RaftServerConfigKeys (ConfUtils.java:logGet(46)) - raft.server.rpc.request.timeout = 3000ms (default)
2024-08-10 09:46:23,516 [main] INFO  grpc.GrpcConfigKeys (ConfUtils.java:logGet(46)) - raft.grpc.server.heartbeat.channel = true (default)
2024-08-10 09:46:23,517 [main] INFO  grpc.GrpcConfigKeys (ConfUtils.java:logGet(46)) - raft.grpc.server.async.request.thread.pool.cached = true (default)
2024-08-10 09:46:23,517 [main] INFO  grpc.GrpcConfigKeys (ConfUtils.java:logGet(46)) - raft.grpc.server.async.request.thread.pool.size = 32 (default)
2024-08-10 09:46:23,517 [main] INFO  impl.DataStreamServerImpl (ConfUtils.java:logGet(46)) - raft.datastream.type = NETTY (custom)
2024-08-10 09:46:23,518 [main] INFO  server.RaftServerConfigKeys (ConfUtils.java:logGet(46)) - raft.server.data-stream.async.request.thread.pool.cached = false (default)
2024-08-10 09:46:23,518 [main] INFO  server.RaftServerConfigKeys (ConfUtils.java:logGet(46)) - raft.server.data-stream.async.request.thread.pool.size = 20 (custom)
2024-08-10 09:46:23,518 [main] INFO  server.RaftServerConfigKeys (ConfUtils.java:logGet(46)) - raft.server.data-stream.async.write.thread.pool.size = 16 (default)
2024-08-10 09:46:23,518 [main] INFO  netty.NettyConfigKeys$DataStream (ConfUtils.java:logGet(46)) - raft.netty.dataStream.server.channel.inactive.grace-period = 10min (default)
2024-08-10 09:46:23,518 [main] INFO  server.RaftServerConfigKeys (ConfUtils.java:logGet(46)) - raft.server.data-stream.client.pool.size = 10 (default)
2024-08-10 09:46:23,518 [main] INFO  netty.NettyConfigKeys$DataStream (ConfUtils.java:logGet(46)) - raft.netty.dataStream.server.use-epoll = true (default)
2024-08-10 09:46:23,518 [main] INFO  netty.NettyConfigKeys$DataStream (ConfUtils.java:logGet(46)) - raft.netty.dataStream.server.boss-group.size = 0 (default)
2024-08-10 09:46:23,519 [main] INFO  netty.NettyUtils (NettyUtils.java:newEventLoopGroup(74)) - Create EpollEventLoopGroup for bc9bd5ba-19eb-4eb9-bb97-9549088a2cda-NettyServerStreamRpc-bossGroup; Thread size is 0.
2024-08-10 09:46:23,519 [main] INFO  netty.NettyConfigKeys$DataStream (ConfUtils.java:logGet(46)) - raft.netty.dataStream.server.worker-group.size = 0 (default)
2024-08-10 09:46:23,519 [main] INFO  netty.NettyUtils (NettyUtils.java:newEventLoopGroup(74)) - Create EpollEventLoopGroup for bc9bd5ba-19eb-4eb9-bb97-9549088a2cda-NettyServerStreamRpc-workerGroup; Thread size is 0.
2024-08-10 09:46:23,519 [main] INFO  netty.NettyConfigKeys$DataStream (ConfUtils.java:logGet(46)) - raft.netty.dataStream.server.tls.conf = null (default)
2024-08-10 09:46:23,520 [main] INFO  netty.NettyConfigKeys$DataStream (ConfUtils.java:logGet(46)) - raft.netty.dataStream.host = null (default)
2024-08-10 09:46:23,520 [main] INFO  netty.NettyConfigKeys$DataStream (ConfUtils.java:logGet(46)) - raft.netty.dataStream.port = 15554 (custom)
2024-08-10 09:46:23,520 [main] INFO  server.RaftServerConfigKeys (ConfUtils.java:logGet(46)) - raft.server.sleep.deviation.threshold = 300ms (default)
2024-08-10 09:46:23,520 [main] INFO  server.RaftServerConfigKeys (ConfUtils.java:logGet(46)) - raft.server.close.threshold = 60s (default)
2024-08-10 09:46:23,520 [main] INFO  server.RaftServerConfigKeys (ConfUtils.java:logGet(46)) - raft.server.leaderelection.leader.step-down.wait-time = 10s (default)
2024-08-10 09:46:23,520 [bc9bd5ba-19eb-4eb9-bb97-9549088a2cda-NettyServerStreamRpc-bossGroup--thread1] INFO  logging.LoggingHandler (AbstractInternalLogger.java:log(148)) - [id: 0x42305bdf] REGISTERED
2024-08-10 09:46:23,521 [main] INFO  server.RaftServerConfigKeys (ConfUtils.java:logGet(46)) - raft.server.storage.dir = [/home/runner/work/ozone/ozone/hadoop-ozone/integration-test/target/test-dir/MiniOzoneClusterImpl-76eaf92f-9dff-4d21-993f-c9a35837815b/ozone-meta/datanode-2/ratis] (custom)
2024-08-10 09:46:23,521 [main] INFO  server.RaftServerConfigKeys (ConfUtils.java:logGet(46)) - raft.server.threadpool.proxy.cached = true (default)
2024-08-10 09:46:23,521 [main] INFO  server.RaftServerConfigKeys (ConfUtils.java:logGet(46)) - raft.server.threadpool.proxy.size = 0 (default)
2024-08-10 09:46:23,521 [bc9bd5ba-19eb-4eb9-bb97-9549088a2cda-NettyServerStreamRpc-bossGroup--thread1] INFO  logging.LoggingHandler (AbstractInternalLogger.java:log(148)) - [id: 0x42305bdf] BIND: 0.0.0.0/0.0.0.0:15554
2024-08-10 09:46:23,521 [bc9bd5ba-19eb-4eb9-bb97-9549088a2cda-NettyServerStreamRpc-bossGroup--thread1] INFO  logging.LoggingHandler (AbstractInternalLogger.java:log(148)) - [id: 0x42305bdf, L:/0.0.0.0:15554] ACTIVE
2024-08-10 09:46:23,522 [bc9bd5ba-19eb-4eb9-bb97-9549088a2cda-impl-thread1] INFO  server.RaftServer (RaftServerProxy.java:initGroupDir(266)) - bc9bd5ba-19eb-4eb9-bb97-9549088a2cda: found a subdirectory /home/runner/work/ozone/ozone/hadoop-ozone/integration-test/target/test-dir/MiniOzoneClusterImpl-76eaf92f-9dff-4d21-993f-c9a35837815b/ozone-meta/datanode-2/ratis/tmp
2024-08-10 09:46:23,522 [bc9bd5ba-19eb-4eb9-bb97-9549088a2cda-impl-thread1] INFO  server.RaftServer (RaftServerProxy.java:initGroupDir(271)) - bc9bd5ba-19eb-4eb9-bb97-9549088a2cda: The directory /home/runner/work/ozone/ozone/hadoop-ozone/integration-test/target/test-dir/MiniOzoneClusterImpl-76eaf92f-9dff-4d21-993f-c9a35837815b/ozone-meta/datanode-2/ratis/tmp is not a group directory; ignoring it. 
2024-08-10 09:46:23,522 [main] INFO  replication.ReplicationServer (ReplicationServer.java:<init>(86)) - Initializing replication server with thread count = 10 queue length = 4096
2024-08-10 09:46:23,522 [main] INFO  server.XceiverServerGrpc (XceiverServerGrpc.java:<init>(141)) - GrpcServer channel type EpollServerSocketChannel
2024-08-10 09:46:23,523 [main] INFO  replication.ReplicationSupervisor (ReplicationSupervisor.java:build(157)) - Initializing replication supervisor with thread count = 10
2024-08-10 09:46:23,523 [main] INFO  replication.ReplicationSupervisor (ReplicationSupervisor.java:nodeStateUpdated(312)) - Node state updated to IN_SERVICE, scaling executor pool size to 10
2024-08-10 09:46:23,525 [main] INFO  http.BaseHttpServer (BaseHttpServer.java:newHttpServer2BuilderForOzone(223)) - Starting Web-server for hddsDatanode at: http://0.0.0.0:15548
2024-08-10 09:46:23,525 [main] INFO  http.BaseHttpServer (BaseHttpServer.java:<init>(110)) - Hadoop Security Enabled: false Ozone Security Enabled: false Ozone HTTP Security Enabled: false 
2024-08-10 09:46:23,526 [main] WARN  server.AuthenticationFilter (AuthenticationFilter.java:constructSecretProvider(240)) - Unable to initialize FileSignerSecretProvider, falling back to use random secrets. Reason: Could not read signature secret file: /home/runner/hadoop-http-auth-signature-secret
2024-08-10 09:46:23,526 [main] INFO  http.HttpRequestLog (HttpRequestLog.java:getRequestLog(86)) - Http request log for http.requests.hddsDatanode is not defined
2024-08-10 09:46:23,527 [main] INFO  http.HttpServer2 (HttpServer2.java:addGlobalFilter(1035)) - Added global filter 'safety' (class=org.apache.hadoop.hdds.server.http.HttpServer2$QuotingInputFilter)
2024-08-10 09:46:23,527 [main] INFO  http.HttpServer2 (HttpServer2.java:addFilter(1011)) - Added filter static_user_filter (class=org.apache.hadoop.http.lib.StaticUserWebFilter$StaticUserFilter) to context hddsDatanode
2024-08-10 09:46:23,528 [main] INFO  http.HttpServer2 (HttpServer2.java:addFilter(1019)) - Added filter static_user_filter (class=org.apache.hadoop.http.lib.StaticUserWebFilter$StaticUserFilter) to context static
2024-08-10 09:46:23,528 [main] INFO  http.HttpServer2 (HttpServer2.java:addFilter(1019)) - Added filter static_user_filter (class=org.apache.hadoop.http.lib.StaticUserWebFilter$StaticUserFilter) to context logs
2024-08-10 09:46:23,528 [main] INFO  http.BaseHttpServer (BaseHttpServer.java:<init>(189)) - HTTP server of hddsDatanode uses base directory /home/runner/work/ozone/ozone/hadoop-ozone/integration-test/target/test-dir/MiniOzoneClusterImpl-76eaf92f-9dff-4d21-993f-c9a35837815b/ozone-meta/datanode-2/meta/webserver
2024-08-10 09:46:23,528 [main] INFO  http.HttpServer2 (HttpServer2.java:bindListener(1235)) - Jetty bound to port 15548
2024-08-10 09:46:23,528 [main] INFO  server.Server (Server.java:doStart(375)) - jetty-9.4.55.v20240627; built: 2024-06-27T15:05:37.765Z; git: 70015831e5195ba74da6383c4ab7c90c56bb08af; jvm 17.0.12+7
2024-08-10 09:46:23,530 [main] INFO  server.session (DefaultSessionIdManager.java:doStart(334)) - DefaultSessionIdManager workerName=node0
2024-08-10 09:46:23,530 [main] INFO  server.session (DefaultSessionIdManager.java:doStart(339)) - No SessionScavenger set, using defaults
2024-08-10 09:46:23,530 [main] INFO  server.session (HouseKeeper.java:startScavenging(132)) - node0 Scavenging every 660000ms
2024-08-10 09:46:23,531 [main] INFO  handler.ContextHandler (ContextHandler.java:doStart(921)) - Started o.e.j.s.ServletContextHandler@8e2824d{logs,/logs,file:///home/runner/work/ozone/ozone/hadoop-ozone/integration-test/target/log,AVAILABLE}
2024-08-10 09:46:23,531 [main] INFO  handler.ContextHandler (ContextHandler.java:doStart(921)) - Started o.e.j.s.ServletContextHandler@68d272c7{static,/static,jar:file:/home/runner/work/ozone/ozone/hadoop-hdds/container-service/target/hdds-container-service-1.5.0-SNAPSHOT.jar!/webapps/static,AVAILABLE}
2024-08-10 09:46:23,723 [main] INFO  handler.ContextHandler (ContextHandler.java:doStart(921)) - Started o.e.j.w.WebAppContext@78959b46{hddsDatanode,/,file:///home/runner/work/ozone/ozone/hadoop-ozone/integration-test/target/test-dir/MiniOzoneClusterImpl-76eaf92f-9dff-4d21-993f-c9a35837815b/ozone-meta/datanode-2/meta/webserver/jetty-0_0_0_0-15548-hdds-container-service-1_5_0-SNAPSHOT_jar-_-any-332070565562690657/webapp/,AVAILABLE}{jar:file:/home/runner/work/ozone/ozone/hadoop-hdds/container-service/target/hdds-container-service-1.5.0-SNAPSHOT.jar!/webapps/hddsDatanode}
2024-08-10 09:46:23,724 [main] INFO  server.AbstractConnector (AbstractConnector.java:doStart(333)) - Started ServerConnector@5f30a0cf{HTTP/1.1, (http/1.1)}{0.0.0.0:15548}
2024-08-10 09:46:23,724 [main] INFO  server.Server (Server.java:doStart(415)) - Started @517851ms
2024-08-10 09:46:23,724 [main] WARN  impl.MetricsSystemImpl (MetricsSystemImpl.java:register(279)) - Sink prometheus already exists!
2024-08-10 09:46:23,725 [main] INFO  http.BaseHttpServer (BaseHttpServer.java:updateConnectorAddress(354)) - HTTP server of hddsDatanode listening at http://0.0.0.0:15548
2024-08-10 09:46:23,725 [main] INFO  ipc.CallQueueManager (CallQueueManager.java:<init>(90)) - Using callQueue: class java.util.concurrent.LinkedBlockingQueue, queueCapacity: 1000, scheduler: class org.apache.hadoop.ipc.DefaultRpcScheduler, ipcBackoff: false.
2024-08-10 09:46:23,725 [main] INFO  ipc.Server (Server.java:<init>(1287)) - Listener at 0.0.0.0:15549
2024-08-10 09:46:23,726 [Socket Reader #1 for port 15549] INFO  ipc.Server (Server.java:run(1323)) - Starting Socket Reader #1 for port 15549
2024-08-10 09:46:23,728 [main] INFO  ozone.HddsDatanodeService (HddsDatanodeService.java:start(319)) - Datanode start with admins: [runner]
2024-08-10 09:46:23,728 [main] INFO  ozone.HddsDatanodeClientProtocolServer (HddsDatanodeClientProtocolServer.java:start(77)) - RPC server for Client /0.0.0.0:15549
2024-08-10 09:46:23,728 [IPC Server Responder] INFO  ipc.Server (Server.java:run(1562)) - IPC Server Responder: starting
2024-08-10 09:46:23,729 [IPC Server listener on 15549] INFO  ipc.Server (Server.java:run(1402)) - IPC Server listener on 15549: starting
2024-08-10 09:46:23,730 [main] WARN  dropwizard3.Dm3MetricRegistriesImpl (Dm3MetricRegistriesImpl.java:addReporterRegistration(114)) - New reporters are added after registries were created. Some metrics will be missing from the reporter. Please add reporter before adding any new registry.
2024-08-10 09:46:23,730 [main] WARN  dropwizard3.Dm3MetricRegistriesImpl (Dm3MetricRegistriesImpl.java:addReporterRegistration(114)) - New reporters are added after registries were created. Some metrics will be missing from the reporter. Please add reporter before adding any new registry.
2024-08-10 09:46:23,730 [main] INFO  impl.MetricsSystemImpl (MetricsSystemImpl.java:init(158)) - HddsDatanode metrics system started (again)
2024-08-10 09:46:23,731 [bc9bd5ba-19eb-4eb9-bb97-9549088a2cda-DatanodeStateMachineDaemonThread] INFO  statemachine.DatanodeStateMachine (DatanodeStateMachine.java:startStateMachineThread(335)) - Ozone container server started.
2024-08-10 09:46:23,732 [bc9bd5ba-19eb-4eb9-bb97-9549088a2cda-DatanodeStateMachineTaskThread-0] INFO  datanode.InitDatanodeState (InitDatanodeState.java:persistContainerDatanodeDetails(139)) - DatanodeDetails is persisted to /home/runner/work/ozone/ozone/hadoop-ozone/integration-test/target/test-dir/MiniOzoneClusterImpl-76eaf92f-9dff-4d21-993f-c9a35837815b/ozone-meta/datanode-2/meta/datanode.id
2024-08-10 09:46:23,740 [main] INFO  ozone.HddsDatanodeService (HddsDatanodeService.java:start(235)) - HddsDatanodeService host:fv-az701-157.f3fyigry0suu1otrijw4un2zmf.cx.internal.cloudapp.net ip:10.1.0.23
2024-08-10 09:46:23,742 [main] INFO  upgrade.AbstractLayoutVersionManager (AbstractLayoutVersionManager.java:init(83)) - Initializing Layout version manager with metadata layout = HBASE_SUPPORT (version = 8), software layout = HBASE_SUPPORT (version = 8)
2024-08-10 09:46:23,742 [main] INFO  statemachine.DatanodeStateMachine (DatanodeStateMachine.java:getEndPointTaskThreadPoolSize(292)) - Datanode State Machine Task Thread Pool size 2
2024-08-10 09:46:23,743 [main] INFO  volume.HddsVolume (HddsVolume.java:<init>(126)) - Creating HddsVolume: /home/runner/work/ozone/ozone/hadoop-ozone/integration-test/target/test-dir/MiniOzoneClusterImpl-76eaf92f-9dff-4d21-993f-c9a35837815b/ozone-meta/datanode-3/data-0/hdds of storage type : DISK capacity : 9222449699674390527
2024-08-10 09:46:23,743 [main] INFO  volume.MutableVolumeSet (MutableVolumeSet.java:initializeVolumeSet(173)) - Added Volume : /home/runner/work/ozone/ozone/hadoop-ozone/integration-test/target/test-dir/MiniOzoneClusterImpl-76eaf92f-9dff-4d21-993f-c9a35837815b/ozone-meta/datanode-3/data-0/hdds to VolumeSet
2024-08-10 09:46:23,743 [main] INFO  volume.MutableVolumeSet (MutableVolumeSet.java:initializeVolumeSet(173)) - Added Volume : /home/runner/work/ozone/ozone/hadoop-ozone/integration-test/target/test-dir/MiniOzoneClusterImpl-76eaf92f-9dff-4d21-993f-c9a35837815b/ozone-meta/datanode-3/ratis to VolumeSet
2024-08-10 09:46:23,744 [main] INFO  ozoneimpl.OzoneContainer (HddsVolumeUtil.java:loadAllHddsVolumeDbStore(103)) - Load 1 volumes DbStore cost: 0ms
2024-08-10 09:46:23,745 [main] INFO  server.RaftServer (ConfUtils.java:logGet(46)) - raft.rpc.type = GRPC (default)
2024-08-10 09:46:23,745 [main] INFO  grpc.GrpcConfigKeys (ConfUtils.java:logFallback(53)) - raft.grpc.admin.host = null (fallback to raft.grpc.server.host)
2024-08-10 09:46:23,745 [main] INFO  grpc.GrpcConfigKeys (ConfUtils.java:logGet(46)) - raft.grpc.admin.port = 15560 (custom)
2024-08-10 09:46:23,745 [main] INFO  grpc.GrpcConfigKeys (ConfUtils.java:logFallback(53)) - raft.grpc.client.host = null (fallback to raft.grpc.server.host)
2024-08-10 09:46:23,745 [main] INFO  grpc.GrpcConfigKeys (ConfUtils.java:logGet(46)) - raft.grpc.client.port = 15560 (custom)
2024-08-10 09:46:23,745 [main] INFO  grpc.GrpcConfigKeys (ConfUtils.java:logGet(46)) - raft.grpc.server.host = null (default)
2024-08-10 09:46:23,746 [main] INFO  grpc.GrpcConfigKeys (ConfUtils.java:logGet(46)) - raft.grpc.server.port = 15560 (custom)
2024-08-10 09:46:23,746 [main] INFO  server.GrpcService (ConfUtils.java:logGet(46)) - raft.grpc.message.size.max = 32MB (=33554432) (custom)
2024-08-10 09:46:23,746 [main] INFO  server.RaftServerConfigKeys (ConfUtils.java:logGet(46)) - raft.server.log.appender.buffer.byte-limit = 8388608 (custom)
2024-08-10 09:46:23,746 [main] INFO  server.GrpcService (ConfUtils.java:logGet(46)) - raft.grpc.flow.control.window = 5MB (=5242880) (custom)
2024-08-10 09:46:23,746 [main] INFO  server.RaftServerConfigKeys (ConfUtils.java:logGet(46)) - raft.server.rpc.request.timeout = 3000ms (default)
2024-08-10 09:46:23,746 [main] INFO  grpc.GrpcConfigKeys (ConfUtils.java:logGet(46)) - raft.grpc.server.heartbeat.channel = true (default)
2024-08-10 09:46:23,746 [main] INFO  grpc.GrpcConfigKeys (ConfUtils.java:logGet(46)) - raft.grpc.server.async.request.thread.pool.cached = true (default)
2024-08-10 09:46:23,746 [main] INFO  grpc.GrpcConfigKeys (ConfUtils.java:logGet(46)) - raft.grpc.server.async.request.thread.pool.size = 32 (default)
2024-08-10 09:46:23,747 [main] INFO  impl.DataStreamServerImpl (ConfUtils.java:logGet(46)) - raft.datastream.type = NETTY (custom)
2024-08-10 09:46:23,747 [main] INFO  server.RaftServerConfigKeys (ConfUtils.java:logGet(46)) - raft.server.data-stream.async.request.thread.pool.cached = false (default)
2024-08-10 09:46:23,747 [main] INFO  server.RaftServerConfigKeys (ConfUtils.java:logGet(46)) - raft.server.data-stream.async.request.thread.pool.size = 20 (custom)
2024-08-10 09:46:23,747 [main] INFO  server.RaftServerConfigKeys (ConfUtils.java:logGet(46)) - raft.server.data-stream.async.write.thread.pool.size = 16 (default)
2024-08-10 09:46:23,747 [main] INFO  netty.NettyConfigKeys$DataStream (ConfUtils.java:logGet(46)) - raft.netty.dataStream.server.channel.inactive.grace-period = 10min (default)
2024-08-10 09:46:23,747 [main] INFO  server.RaftServerConfigKeys (ConfUtils.java:logGet(46)) - raft.server.data-stream.client.pool.size = 10 (default)
2024-08-10 09:46:23,748 [main] INFO  netty.NettyConfigKeys$DataStream (ConfUtils.java:logGet(46)) - raft.netty.dataStream.server.use-epoll = true (default)
2024-08-10 09:46:23,748 [main] INFO  netty.NettyConfigKeys$DataStream (ConfUtils.java:logGet(46)) - raft.netty.dataStream.server.boss-group.size = 0 (default)
2024-08-10 09:46:23,748 [main] INFO  netty.NettyUtils (NettyUtils.java:newEventLoopGroup(74)) - Create EpollEventLoopGroup for 0d551621-3a78-470c-abdb-c40a133c0b47-NettyServerStreamRpc-bossGroup; Thread size is 0.
2024-08-10 09:46:23,748 [main] INFO  netty.NettyConfigKeys$DataStream (ConfUtils.java:logGet(46)) - raft.netty.dataStream.server.worker-group.size = 0 (default)
2024-08-10 09:46:23,748 [main] INFO  netty.NettyUtils (NettyUtils.java:newEventLoopGroup(74)) - Create EpollEventLoopGroup for 0d551621-3a78-470c-abdb-c40a133c0b47-NettyServerStreamRpc-workerGroup; Thread size is 0.
2024-08-10 09:46:23,748 [main] INFO  netty.NettyConfigKeys$DataStream (ConfUtils.java:logGet(46)) - raft.netty.dataStream.server.tls.conf = null (default)
2024-08-10 09:46:23,748 [main] INFO  netty.NettyConfigKeys$DataStream (ConfUtils.java:logGet(46)) - raft.netty.dataStream.host = null (default)
2024-08-10 09:46:23,749 [main] INFO  netty.NettyConfigKeys$DataStream (ConfUtils.java:logGet(46)) - raft.netty.dataStream.port = 15563 (custom)
2024-08-10 09:46:23,749 [main] INFO  server.RaftServerConfigKeys (ConfUtils.java:logGet(46)) - raft.server.sleep.deviation.threshold = 300ms (default)
2024-08-10 09:46:23,749 [main] INFO  server.RaftServerConfigKeys (ConfUtils.java:logGet(46)) - raft.server.close.threshold = 60s (default)
2024-08-10 09:46:23,749 [main] INFO  server.RaftServerConfigKeys (ConfUtils.java:logGet(46)) - raft.server.leaderelection.leader.step-down.wait-time = 10s (default)
2024-08-10 09:46:23,749 [0d551621-3a78-470c-abdb-c40a133c0b47-NettyServerStreamRpc-bossGroup--thread1] INFO  logging.LoggingHandler (AbstractInternalLogger.java:log(148)) - [id: 0xd2f1f941] REGISTERED
2024-08-10 09:46:23,749 [main] INFO  server.RaftServerConfigKeys (ConfUtils.java:logGet(46)) - raft.server.storage.dir = [/home/runner/work/ozone/ozone/hadoop-ozone/integration-test/target/test-dir/MiniOzoneClusterImpl-76eaf92f-9dff-4d21-993f-c9a35837815b/ozone-meta/datanode-3/ratis] (custom)
2024-08-10 09:46:23,749 [main] INFO  server.RaftServerConfigKeys (ConfUtils.java:logGet(46)) - raft.server.threadpool.proxy.cached = true (default)
2024-08-10 09:46:23,750 [main] INFO  server.RaftServerConfigKeys (ConfUtils.java:logGet(46)) - raft.server.threadpool.proxy.size = 0 (default)
2024-08-10 09:46:23,750 [0d551621-3a78-470c-abdb-c40a133c0b47-NettyServerStreamRpc-bossGroup--thread1] INFO  logging.LoggingHandler (AbstractInternalLogger.java:log(148)) - [id: 0xd2f1f941] BIND: 0.0.0.0/0.0.0.0:15563
2024-08-10 09:46:23,750 [0d551621-3a78-470c-abdb-c40a133c0b47-NettyServerStreamRpc-bossGroup--thread1] INFO  logging.LoggingHandler (AbstractInternalLogger.java:log(148)) - [id: 0xd2f1f941, L:/0.0.0.0:15563] ACTIVE
2024-08-10 09:46:23,750 [0d551621-3a78-470c-abdb-c40a133c0b47-impl-thread1] INFO  server.RaftServer (RaftServerProxy.java:initGroupDir(266)) - 0d551621-3a78-470c-abdb-c40a133c0b47: found a subdirectory /home/runner/work/ozone/ozone/hadoop-ozone/integration-test/target/test-dir/MiniOzoneClusterImpl-76eaf92f-9dff-4d21-993f-c9a35837815b/ozone-meta/datanode-3/ratis/tmp
2024-08-10 09:46:23,750 [0d551621-3a78-470c-abdb-c40a133c0b47-impl-thread1] INFO  server.RaftServer (RaftServerProxy.java:initGroupDir(271)) - 0d551621-3a78-470c-abdb-c40a133c0b47: The directory /home/runner/work/ozone/ozone/hadoop-ozone/integration-test/target/test-dir/MiniOzoneClusterImpl-76eaf92f-9dff-4d21-993f-c9a35837815b/ozone-meta/datanode-3/ratis/tmp is not a group directory; ignoring it. 
2024-08-10 09:46:23,750 [main] INFO  replication.ReplicationServer (ReplicationServer.java:<init>(86)) - Initializing replication server with thread count = 10 queue length = 4096
2024-08-10 09:46:23,751 [main] INFO  server.XceiverServerGrpc (XceiverServerGrpc.java:<init>(141)) - GrpcServer channel type EpollServerSocketChannel
2024-08-10 09:46:23,752 [main] INFO  replication.ReplicationSupervisor (ReplicationSupervisor.java:build(157)) - Initializing replication supervisor with thread count = 10
2024-08-10 09:46:23,752 [main] INFO  replication.ReplicationSupervisor (ReplicationSupervisor.java:nodeStateUpdated(312)) - Node state updated to IN_SERVICE, scaling executor pool size to 10
2024-08-10 09:46:23,753 [main] INFO  http.BaseHttpServer (BaseHttpServer.java:newHttpServer2BuilderForOzone(223)) - Starting Web-server for hddsDatanode at: http://0.0.0.0:15557
2024-08-10 09:46:23,753 [main] INFO  http.BaseHttpServer (BaseHttpServer.java:<init>(110)) - Hadoop Security Enabled: false Ozone Security Enabled: false Ozone HTTP Security Enabled: false 
2024-08-10 09:46:23,754 [main] WARN  server.AuthenticationFilter (AuthenticationFilter.java:constructSecretProvider(240)) - Unable to initialize FileSignerSecretProvider, falling back to use random secrets. Reason: Could not read signature secret file: /home/runner/hadoop-http-auth-signature-secret
2024-08-10 09:46:23,755 [main] INFO  http.HttpRequestLog (HttpRequestLog.java:getRequestLog(86)) - Http request log for http.requests.hddsDatanode is not defined
2024-08-10 09:46:23,755 [main] INFO  http.HttpServer2 (HttpServer2.java:addGlobalFilter(1035)) - Added global filter 'safety' (class=org.apache.hadoop.hdds.server.http.HttpServer2$QuotingInputFilter)
2024-08-10 09:46:23,756 [main] INFO  http.HttpServer2 (HttpServer2.java:addFilter(1011)) - Added filter static_user_filter (class=org.apache.hadoop.http.lib.StaticUserWebFilter$StaticUserFilter) to context hddsDatanode
2024-08-10 09:46:23,756 [main] INFO  http.HttpServer2 (HttpServer2.java:addFilter(1019)) - Added filter static_user_filter (class=org.apache.hadoop.http.lib.StaticUserWebFilter$StaticUserFilter) to context static
2024-08-10 09:46:23,756 [main] INFO  http.HttpServer2 (HttpServer2.java:addFilter(1019)) - Added filter static_user_filter (class=org.apache.hadoop.http.lib.StaticUserWebFilter$StaticUserFilter) to context logs
2024-08-10 09:46:23,756 [main] INFO  http.BaseHttpServer (BaseHttpServer.java:<init>(189)) - HTTP server of hddsDatanode uses base directory /home/runner/work/ozone/ozone/hadoop-ozone/integration-test/target/test-dir/MiniOzoneClusterImpl-76eaf92f-9dff-4d21-993f-c9a35837815b/ozone-meta/datanode-3/meta/webserver
2024-08-10 09:46:23,756 [main] INFO  http.HttpServer2 (HttpServer2.java:bindListener(1235)) - Jetty bound to port 15557
2024-08-10 09:46:23,757 [main] INFO  server.Server (Server.java:doStart(375)) - jetty-9.4.55.v20240627; built: 2024-06-27T15:05:37.765Z; git: 70015831e5195ba74da6383c4ab7c90c56bb08af; jvm 17.0.12+7
2024-08-10 09:46:23,758 [main] INFO  server.session (DefaultSessionIdManager.java:doStart(334)) - DefaultSessionIdManager workerName=node0
2024-08-10 09:46:23,759 [main] INFO  server.session (DefaultSessionIdManager.java:doStart(339)) - No SessionScavenger set, using defaults
2024-08-10 09:46:23,759 [main] INFO  server.session (HouseKeeper.java:startScavenging(132)) - node0 Scavenging every 600000ms
2024-08-10 09:46:23,759 [main] INFO  handler.ContextHandler (ContextHandler.java:doStart(921)) - Started o.e.j.s.ServletContextHandler@5d90efd4{logs,/logs,file:///home/runner/work/ozone/ozone/hadoop-ozone/integration-test/target/log,AVAILABLE}
2024-08-10 09:46:23,760 [main] INFO  handler.ContextHandler (ContextHandler.java:doStart(921)) - Started o.e.j.s.ServletContextHandler@643a3a79{static,/static,jar:file:/home/runner/work/ozone/ozone/hadoop-hdds/container-service/target/hdds-container-service-1.5.0-SNAPSHOT.jar!/webapps/static,AVAILABLE}
2024-08-10 09:46:23,947 [main] INFO  handler.ContextHandler (ContextHandler.java:doStart(921)) - Started o.e.j.w.WebAppContext@294d961a{hddsDatanode,/,file:///home/runner/work/ozone/ozone/hadoop-ozone/integration-test/target/test-dir/MiniOzoneClusterImpl-76eaf92f-9dff-4d21-993f-c9a35837815b/ozone-meta/datanode-3/meta/webserver/jetty-0_0_0_0-15557-hdds-container-service-1_5_0-SNAPSHOT_jar-_-any-9535195503152203300/webapp/,AVAILABLE}{jar:file:/home/runner/work/ozone/ozone/hadoop-hdds/container-service/target/hdds-container-service-1.5.0-SNAPSHOT.jar!/webapps/hddsDatanode}
2024-08-10 09:46:23,948 [main] INFO  server.AbstractConnector (AbstractConnector.java:doStart(333)) - Started ServerConnector@2cce19a2{HTTP/1.1, (http/1.1)}{0.0.0.0:15557}
2024-08-10 09:46:23,948 [main] INFO  server.Server (Server.java:doStart(415)) - Started @518076ms
2024-08-10 09:46:23,948 [main] WARN  impl.MetricsSystemImpl (MetricsSystemImpl.java:register(279)) - Sink prometheus already exists!
2024-08-10 09:46:23,949 [main] INFO  http.BaseHttpServer (BaseHttpServer.java:updateConnectorAddress(354)) - HTTP server of hddsDatanode listening at http://0.0.0.0:15557
2024-08-10 09:46:23,949 [main] INFO  ipc.CallQueueManager (CallQueueManager.java:<init>(90)) - Using callQueue: class java.util.concurrent.LinkedBlockingQueue, queueCapacity: 1000, scheduler: class org.apache.hadoop.ipc.DefaultRpcScheduler, ipcBackoff: false.
2024-08-10 09:46:23,949 [main] INFO  ipc.Server (Server.java:<init>(1287)) - Listener at 0.0.0.0:15558
2024-08-10 09:46:23,950 [Socket Reader #1 for port 15558] INFO  ipc.Server (Server.java:run(1323)) - Starting Socket Reader #1 for port 15558
2024-08-10 09:46:23,951 [main] INFO  ozone.HddsDatanodeService (HddsDatanodeService.java:start(319)) - Datanode start with admins: [runner]
2024-08-10 09:46:23,951 [main] INFO  ozone.HddsDatanodeClientProtocolServer (HddsDatanodeClientProtocolServer.java:start(77)) - RPC server for Client /0.0.0.0:15558
2024-08-10 09:46:23,951 [IPC Server Responder] INFO  ipc.Server (Server.java:run(1562)) - IPC Server Responder: starting
2024-08-10 09:46:23,952 [IPC Server listener on 15558] INFO  ipc.Server (Server.java:run(1402)) - IPC Server listener on 15558: starting
2024-08-10 09:46:23,953 [main] WARN  dropwizard3.Dm3MetricRegistriesImpl (Dm3MetricRegistriesImpl.java:addReporterRegistration(114)) - New reporters are added after registries were created. Some metrics will be missing from the reporter. Please add reporter before adding any new registry.
2024-08-10 09:46:23,953 [main] WARN  dropwizard3.Dm3MetricRegistriesImpl (Dm3MetricRegistriesImpl.java:addReporterRegistration(114)) - New reporters are added after registries were created. Some metrics will be missing from the reporter. Please add reporter before adding any new registry.
2024-08-10 09:46:23,953 [main] INFO  impl.MetricsSystemImpl (MetricsSystemImpl.java:init(158)) - HddsDatanode metrics system started (again)
2024-08-10 09:46:23,958 [0d551621-3a78-470c-abdb-c40a133c0b47-DatanodeStateMachineDaemonThread] INFO  statemachine.DatanodeStateMachine (DatanodeStateMachine.java:startStateMachineThread(335)) - Ozone container server started.
2024-08-10 09:46:23,959 [0d551621-3a78-470c-abdb-c40a133c0b47-DatanodeStateMachineTaskThread-0] INFO  datanode.InitDatanodeState (InitDatanodeState.java:persistContainerDatanodeDetails(139)) - DatanodeDetails is persisted to /home/runner/work/ozone/ozone/hadoop-ozone/integration-test/target/test-dir/MiniOzoneClusterImpl-76eaf92f-9dff-4d21-993f-c9a35837815b/ozone-meta/datanode-3/meta/datanode.id
2024-08-10 09:46:23,965 [main] INFO  ozone.HddsDatanodeService (HddsDatanodeService.java:start(235)) - HddsDatanodeService host:fv-az701-157.f3fyigry0suu1otrijw4un2zmf.cx.internal.cloudapp.net ip:10.1.0.23
2024-08-10 09:46:23,967 [main] INFO  upgrade.AbstractLayoutVersionManager (AbstractLayoutVersionManager.java:init(83)) - Initializing Layout version manager with metadata layout = HBASE_SUPPORT (version = 8), software layout = HBASE_SUPPORT (version = 8)
2024-08-10 09:46:23,967 [main] INFO  statemachine.DatanodeStateMachine (DatanodeStateMachine.java:getEndPointTaskThreadPoolSize(292)) - Datanode State Machine Task Thread Pool size 2
2024-08-10 09:46:23,968 [main] INFO  volume.HddsVolume (HddsVolume.java:<init>(126)) - Creating HddsVolume: /home/runner/work/ozone/ozone/hadoop-ozone/integration-test/target/test-dir/MiniOzoneClusterImpl-76eaf92f-9dff-4d21-993f-c9a35837815b/ozone-meta/datanode-4/data-0/hdds of storage type : DISK capacity : 9222449699674390527
2024-08-10 09:46:23,968 [main] INFO  volume.MutableVolumeSet (MutableVolumeSet.java:initializeVolumeSet(173)) - Added Volume : /home/runner/work/ozone/ozone/hadoop-ozone/integration-test/target/test-dir/MiniOzoneClusterImpl-76eaf92f-9dff-4d21-993f-c9a35837815b/ozone-meta/datanode-4/data-0/hdds to VolumeSet
2024-08-10 09:46:23,969 [main] INFO  volume.MutableVolumeSet (MutableVolumeSet.java:initializeVolumeSet(173)) - Added Volume : /home/runner/work/ozone/ozone/hadoop-ozone/integration-test/target/test-dir/MiniOzoneClusterImpl-76eaf92f-9dff-4d21-993f-c9a35837815b/ozone-meta/datanode-4/ratis to VolumeSet
2024-08-10 09:46:23,969 [main] INFO  ozoneimpl.OzoneContainer (HddsVolumeUtil.java:loadAllHddsVolumeDbStore(103)) - Load 1 volumes DbStore cost: 0ms
2024-08-10 09:46:23,970 [main] INFO  server.RaftServer (ConfUtils.java:logGet(46)) - raft.rpc.type = GRPC (default)
2024-08-10 09:46:23,970 [main] INFO  grpc.GrpcConfigKeys (ConfUtils.java:logFallback(53)) - raft.grpc.admin.host = null (fallback to raft.grpc.server.host)
2024-08-10 09:46:23,971 [main] INFO  grpc.GrpcConfigKeys (ConfUtils.java:logGet(46)) - raft.grpc.admin.port = 15569 (custom)
2024-08-10 09:46:23,971 [main] INFO  grpc.GrpcConfigKeys (ConfUtils.java:logFallback(53)) - raft.grpc.client.host = null (fallback to raft.grpc.server.host)
2024-08-10 09:46:23,971 [main] INFO  grpc.GrpcConfigKeys (ConfUtils.java:logGet(46)) - raft.grpc.client.port = 15569 (custom)
2024-08-10 09:46:23,971 [main] INFO  grpc.GrpcConfigKeys (ConfUtils.java:logGet(46)) - raft.grpc.server.host = null (default)
2024-08-10 09:46:23,971 [main] INFO  grpc.GrpcConfigKeys (ConfUtils.java:logGet(46)) - raft.grpc.server.port = 15569 (custom)
2024-08-10 09:46:23,971 [main] INFO  server.GrpcService (ConfUtils.java:logGet(46)) - raft.grpc.message.size.max = 32MB (=33554432) (custom)
2024-08-10 09:46:23,971 [main] INFO  server.RaftServerConfigKeys (ConfUtils.java:logGet(46)) - raft.server.log.appender.buffer.byte-limit = 8388608 (custom)
2024-08-10 09:46:23,971 [main] INFO  server.GrpcService (ConfUtils.java:logGet(46)) - raft.grpc.flow.control.window = 5MB (=5242880) (custom)
2024-08-10 09:46:23,972 [main] INFO  server.RaftServerConfigKeys (ConfUtils.java:logGet(46)) - raft.server.rpc.request.timeout = 3000ms (default)
2024-08-10 09:46:23,972 [main] INFO  grpc.GrpcConfigKeys (ConfUtils.java:logGet(46)) - raft.grpc.server.heartbeat.channel = true (default)
2024-08-10 09:46:23,972 [main] INFO  grpc.GrpcConfigKeys (ConfUtils.java:logGet(46)) - raft.grpc.server.async.request.thread.pool.cached = true (default)
2024-08-10 09:46:23,972 [main] INFO  grpc.GrpcConfigKeys (ConfUtils.java:logGet(46)) - raft.grpc.server.async.request.thread.pool.size = 32 (default)
2024-08-10 09:46:23,973 [main] INFO  impl.DataStreamServerImpl (ConfUtils.java:logGet(46)) - raft.datastream.type = NETTY (custom)
2024-08-10 09:46:23,973 [main] INFO  server.RaftServerConfigKeys (ConfUtils.java:logGet(46)) - raft.server.data-stream.async.request.thread.pool.cached = false (default)
2024-08-10 09:46:23,973 [main] INFO  server.RaftServerConfigKeys (ConfUtils.java:logGet(46)) - raft.server.data-stream.async.request.thread.pool.size = 20 (custom)
2024-08-10 09:46:23,973 [main] INFO  server.RaftServerConfigKeys (ConfUtils.java:logGet(46)) - raft.server.data-stream.async.write.thread.pool.size = 16 (default)
2024-08-10 09:46:23,973 [main] INFO  netty.NettyConfigKeys$DataStream (ConfUtils.java:logGet(46)) - raft.netty.dataStream.server.channel.inactive.grace-period = 10min (default)
2024-08-10 09:46:23,973 [main] INFO  server.RaftServerConfigKeys (ConfUtils.java:logGet(46)) - raft.server.data-stream.client.pool.size = 10 (default)
2024-08-10 09:46:23,974 [main] INFO  netty.NettyConfigKeys$DataStream (ConfUtils.java:logGet(46)) - raft.netty.dataStream.server.use-epoll = true (default)
2024-08-10 09:46:23,974 [main] INFO  netty.NettyConfigKeys$DataStream (ConfUtils.java:logGet(46)) - raft.netty.dataStream.server.boss-group.size = 0 (default)
2024-08-10 09:46:23,974 [main] INFO  netty.NettyUtils (NettyUtils.java:newEventLoopGroup(74)) - Create EpollEventLoopGroup for ded8f376-93b7-4f19-a98d-0130ebbb5559-NettyServerStreamRpc-bossGroup; Thread size is 0.
2024-08-10 09:46:23,974 [main] INFO  netty.NettyConfigKeys$DataStream (ConfUtils.java:logGet(46)) - raft.netty.dataStream.server.worker-group.size = 0 (default)
2024-08-10 09:46:23,974 [main] INFO  netty.NettyUtils (NettyUtils.java:newEventLoopGroup(74)) - Create EpollEventLoopGroup for ded8f376-93b7-4f19-a98d-0130ebbb5559-NettyServerStreamRpc-workerGroup; Thread size is 0.
2024-08-10 09:46:23,975 [main] INFO  netty.NettyConfigKeys$DataStream (ConfUtils.java:logGet(46)) - raft.netty.dataStream.server.tls.conf = null (default)
2024-08-10 09:46:23,975 [main] INFO  netty.NettyConfigKeys$DataStream (ConfUtils.java:logGet(46)) - raft.netty.dataStream.host = null (default)
2024-08-10 09:46:23,975 [main] INFO  netty.NettyConfigKeys$DataStream (ConfUtils.java:logGet(46)) - raft.netty.dataStream.port = 15572 (custom)
2024-08-10 09:46:23,975 [main] INFO  server.RaftServerConfigKeys (ConfUtils.java:logGet(46)) - raft.server.sleep.deviation.threshold = 300ms (default)
2024-08-10 09:46:23,975 [main] INFO  server.RaftServerConfigKeys (ConfUtils.java:logGet(46)) - raft.server.close.threshold = 60s (default)
2024-08-10 09:46:23,975 [main] INFO  server.RaftServerConfigKeys (ConfUtils.java:logGet(46)) - raft.server.leaderelection.leader.step-down.wait-time = 10s (default)
2024-08-10 09:46:23,976 [main] INFO  server.RaftServerConfigKeys (ConfUtils.java:logGet(46)) - raft.server.storage.dir = [/home/runner/work/ozone/ozone/hadoop-ozone/integration-test/target/test-dir/MiniOzoneClusterImpl-76eaf92f-9dff-4d21-993f-c9a35837815b/ozone-meta/datanode-4/ratis] (custom)
2024-08-10 09:46:23,976 [main] INFO  server.RaftServerConfigKeys (ConfUtils.java:logGet(46)) - raft.server.threadpool.proxy.cached = true (default)
2024-08-10 09:46:23,976 [main] INFO  server.RaftServerConfigKeys (ConfUtils.java:logGet(46)) - raft.server.threadpool.proxy.size = 0 (default)
2024-08-10 09:46:23,975 [ded8f376-93b7-4f19-a98d-0130ebbb5559-NettyServerStreamRpc-bossGroup--thread1] INFO  logging.LoggingHandler (AbstractInternalLogger.java:log(148)) - [id: 0x4f5077e9] REGISTERED
2024-08-10 09:46:23,976 [ded8f376-93b7-4f19-a98d-0130ebbb5559-NettyServerStreamRpc-bossGroup--thread1] INFO  logging.LoggingHandler (AbstractInternalLogger.java:log(148)) - [id: 0x4f5077e9] BIND: 0.0.0.0/0.0.0.0:15572
2024-08-10 09:46:23,976 [ded8f376-93b7-4f19-a98d-0130ebbb5559-NettyServerStreamRpc-bossGroup--thread1] INFO  logging.LoggingHandler (AbstractInternalLogger.java:log(148)) - [id: 0x4f5077e9, L:/0.0.0.0:15572] ACTIVE
2024-08-10 09:46:23,977 [ded8f376-93b7-4f19-a98d-0130ebbb5559-impl-thread1] INFO  server.RaftServer (RaftServerProxy.java:initGroupDir(266)) - ded8f376-93b7-4f19-a98d-0130ebbb5559: found a subdirectory /home/runner/work/ozone/ozone/hadoop-ozone/integration-test/target/test-dir/MiniOzoneClusterImpl-76eaf92f-9dff-4d21-993f-c9a35837815b/ozone-meta/datanode-4/ratis/tmp
2024-08-10 09:46:23,977 [ded8f376-93b7-4f19-a98d-0130ebbb5559-impl-thread1] INFO  server.RaftServer (RaftServerProxy.java:initGroupDir(271)) - ded8f376-93b7-4f19-a98d-0130ebbb5559: The directory /home/runner/work/ozone/ozone/hadoop-ozone/integration-test/target/test-dir/MiniOzoneClusterImpl-76eaf92f-9dff-4d21-993f-c9a35837815b/ozone-meta/datanode-4/ratis/tmp is not a group directory; ignoring it. 
2024-08-10 09:46:23,977 [main] INFO  replication.ReplicationServer (ReplicationServer.java:<init>(86)) - Initializing replication server with thread count = 10 queue length = 4096
2024-08-10 09:46:23,977 [main] INFO  server.XceiverServerGrpc (XceiverServerGrpc.java:<init>(141)) - GrpcServer channel type EpollServerSocketChannel
2024-08-10 09:46:23,978 [main] INFO  replication.ReplicationSupervisor (ReplicationSupervisor.java:build(157)) - Initializing replication supervisor with thread count = 10
2024-08-10 09:46:23,978 [main] INFO  replication.ReplicationSupervisor (ReplicationSupervisor.java:nodeStateUpdated(312)) - Node state updated to IN_SERVICE, scaling executor pool size to 10
2024-08-10 09:46:23,980 [main] INFO  http.BaseHttpServer (BaseHttpServer.java:newHttpServer2BuilderForOzone(223)) - Starting Web-server for hddsDatanode at: http://0.0.0.0:15566
2024-08-10 09:46:23,980 [main] INFO  http.BaseHttpServer (BaseHttpServer.java:<init>(110)) - Hadoop Security Enabled: false Ozone Security Enabled: false Ozone HTTP Security Enabled: false 
2024-08-10 09:46:23,981 [main] WARN  server.AuthenticationFilter (AuthenticationFilter.java:constructSecretProvider(240)) - Unable to initialize FileSignerSecretProvider, falling back to use random secrets. Reason: Could not read signature secret file: /home/runner/hadoop-http-auth-signature-secret
2024-08-10 09:46:23,981 [main] INFO  http.HttpRequestLog (HttpRequestLog.java:getRequestLog(86)) - Http request log for http.requests.hddsDatanode is not defined
2024-08-10 09:46:23,982 [main] INFO  http.HttpServer2 (HttpServer2.java:addGlobalFilter(1035)) - Added global filter 'safety' (class=org.apache.hadoop.hdds.server.http.HttpServer2$QuotingInputFilter)
2024-08-10 09:46:23,982 [main] INFO  http.HttpServer2 (HttpServer2.java:addFilter(1011)) - Added filter static_user_filter (class=org.apache.hadoop.http.lib.StaticUserWebFilter$StaticUserFilter) to context hddsDatanode
2024-08-10 09:46:23,982 [main] INFO  http.HttpServer2 (HttpServer2.java:addFilter(1019)) - Added filter static_user_filter (class=org.apache.hadoop.http.lib.StaticUserWebFilter$StaticUserFilter) to context logs
2024-08-10 09:46:23,982 [main] INFO  http.HttpServer2 (HttpServer2.java:addFilter(1019)) - Added filter static_user_filter (class=org.apache.hadoop.http.lib.StaticUserWebFilter$StaticUserFilter) to context static
2024-08-10 09:46:23,983 [main] INFO  http.BaseHttpServer (BaseHttpServer.java:<init>(189)) - HTTP server of hddsDatanode uses base directory /home/runner/work/ozone/ozone/hadoop-ozone/integration-test/target/test-dir/MiniOzoneClusterImpl-76eaf92f-9dff-4d21-993f-c9a35837815b/ozone-meta/datanode-4/meta/webserver
2024-08-10 09:46:23,983 [main] INFO  http.HttpServer2 (HttpServer2.java:bindListener(1235)) - Jetty bound to port 15566
2024-08-10 09:46:23,983 [main] INFO  server.Server (Server.java:doStart(375)) - jetty-9.4.55.v20240627; built: 2024-06-27T15:05:37.765Z; git: 70015831e5195ba74da6383c4ab7c90c56bb08af; jvm 17.0.12+7
2024-08-10 09:46:23,984 [main] INFO  server.session (DefaultSessionIdManager.java:doStart(334)) - DefaultSessionIdManager workerName=node0
2024-08-10 09:46:23,984 [main] INFO  server.session (DefaultSessionIdManager.java:doStart(339)) - No SessionScavenger set, using defaults
2024-08-10 09:46:23,985 [main] INFO  server.session (HouseKeeper.java:startScavenging(132)) - node0 Scavenging every 600000ms
2024-08-10 09:46:23,985 [main] INFO  handler.ContextHandler (ContextHandler.java:doStart(921)) - Started o.e.j.s.ServletContextHandler@52c8b41f{logs,/logs,file:///home/runner/work/ozone/ozone/hadoop-ozone/integration-test/target/log,AVAILABLE}
2024-08-10 09:46:23,985 [main] INFO  handler.ContextHandler (ContextHandler.java:doStart(921)) - Started o.e.j.s.ServletContextHandler@13e0c36b{static,/static,jar:file:/home/runner/work/ozone/ozone/hadoop-hdds/container-service/target/hdds-container-service-1.5.0-SNAPSHOT.jar!/webapps/static,AVAILABLE}
2024-08-10 09:46:24,178 [main] INFO  handler.ContextHandler (ContextHandler.java:doStart(921)) - Started o.e.j.w.WebAppContext@9b7ec4a{hddsDatanode,/,file:///home/runner/work/ozone/ozone/hadoop-ozone/integration-test/target/test-dir/MiniOzoneClusterImpl-76eaf92f-9dff-4d21-993f-c9a35837815b/ozone-meta/datanode-4/meta/webserver/jetty-0_0_0_0-15566-hdds-container-service-1_5_0-SNAPSHOT_jar-_-any-9213358348390237931/webapp/,AVAILABLE}{jar:file:/home/runner/work/ozone/ozone/hadoop-hdds/container-service/target/hdds-container-service-1.5.0-SNAPSHOT.jar!/webapps/hddsDatanode}
2024-08-10 09:46:24,178 [main] INFO  server.AbstractConnector (AbstractConnector.java:doStart(333)) - Started ServerConnector@59b751bf{HTTP/1.1, (http/1.1)}{0.0.0.0:15566}
2024-08-10 09:46:24,178 [main] INFO  server.Server (Server.java:doStart(415)) - Started @518306ms
2024-08-10 09:46:24,179 [main] WARN  impl.MetricsSystemImpl (MetricsSystemImpl.java:register(279)) - Sink prometheus already exists!
2024-08-10 09:46:24,179 [main] INFO  http.BaseHttpServer (BaseHttpServer.java:updateConnectorAddress(354)) - HTTP server of hddsDatanode listening at http://0.0.0.0:15566
2024-08-10 09:46:24,179 [main] INFO  ipc.CallQueueManager (CallQueueManager.java:<init>(90)) - Using callQueue: class java.util.concurrent.LinkedBlockingQueue, queueCapacity: 1000, scheduler: class org.apache.hadoop.ipc.DefaultRpcScheduler, ipcBackoff: false.
2024-08-10 09:46:24,180 [main] INFO  ipc.Server (Server.java:<init>(1287)) - Listener at 0.0.0.0:15567
2024-08-10 09:46:24,180 [Socket Reader #1 for port 15567] INFO  ipc.Server (Server.java:run(1323)) - Starting Socket Reader #1 for port 15567
2024-08-10 09:46:24,181 [main] INFO  ozone.HddsDatanodeService (HddsDatanodeService.java:start(319)) - Datanode start with admins: [runner]
2024-08-10 09:46:24,181 [main] INFO  ozone.HddsDatanodeClientProtocolServer (HddsDatanodeClientProtocolServer.java:start(77)) - RPC server for Client /0.0.0.0:15567
2024-08-10 09:46:24,181 [IPC Server Responder] INFO  ipc.Server (Server.java:run(1562)) - IPC Server Responder: starting
2024-08-10 09:46:24,181 [IPC Server listener on 15567] INFO  ipc.Server (Server.java:run(1402)) - IPC Server listener on 15567: starting
2024-08-10 09:46:24,183 [main] WARN  dropwizard3.Dm3MetricRegistriesImpl (Dm3MetricRegistriesImpl.java:addReporterRegistration(114)) - New reporters are added after registries were created. Some metrics will be missing from the reporter. Please add reporter before adding any new registry.
2024-08-10 09:46:24,183 [main] WARN  dropwizard3.Dm3MetricRegistriesImpl (Dm3MetricRegistriesImpl.java:addReporterRegistration(114)) - New reporters are added after registries were created. Some metrics will be missing from the reporter. Please add reporter before adding any new registry.
2024-08-10 09:46:24,183 [main] INFO  impl.MetricsSystemImpl (MetricsSystemImpl.java:init(158)) - HddsDatanode metrics system started (again)
2024-08-10 09:46:24,184 [ded8f376-93b7-4f19-a98d-0130ebbb5559-DatanodeStateMachineDaemonThread] INFO  statemachine.DatanodeStateMachine (DatanodeStateMachine.java:startStateMachineThread(335)) - Ozone container server started.
2024-08-10 09:46:24,187 [ded8f376-93b7-4f19-a98d-0130ebbb5559-DatanodeStateMachineTaskThread-0] INFO  datanode.InitDatanodeState (InitDatanodeState.java:persistContainerDatanodeDetails(139)) - DatanodeDetails is persisted to /home/runner/work/ozone/ozone/hadoop-ozone/integration-test/target/test-dir/MiniOzoneClusterImpl-76eaf92f-9dff-4d21-993f-c9a35837815b/ozone-meta/datanode-4/meta/datanode.id
2024-08-10 09:46:24,192 [main] INFO  ozone.HddsDatanodeService (HddsDatanodeService.java:start(235)) - HddsDatanodeService host:fv-az701-157.f3fyigry0suu1otrijw4un2zmf.cx.internal.cloudapp.net ip:10.1.0.23
2024-08-10 09:46:24,194 [main] INFO  upgrade.AbstractLayoutVersionManager (AbstractLayoutVersionManager.java:init(83)) - Initializing Layout version manager with metadata layout = HBASE_SUPPORT (version = 8), software layout = HBASE_SUPPORT (version = 8)
2024-08-10 09:46:24,194 [main] INFO  statemachine.DatanodeStateMachine (DatanodeStateMachine.java:getEndPointTaskThreadPoolSize(292)) - Datanode State Machine Task Thread Pool size 2
2024-08-10 09:46:24,195 [main] INFO  volume.HddsVolume (HddsVolume.java:<init>(126)) - Creating HddsVolume: /home/runner/work/ozone/ozone/hadoop-ozone/integration-test/target/test-dir/MiniOzoneClusterImpl-76eaf92f-9dff-4d21-993f-c9a35837815b/ozone-meta/datanode-5/data-0/hdds of storage type : DISK capacity : 9222449699674390527
2024-08-10 09:46:24,195 [main] INFO  volume.MutableVolumeSet (MutableVolumeSet.java:initializeVolumeSet(173)) - Added Volume : /home/runner/work/ozone/ozone/hadoop-ozone/integration-test/target/test-dir/MiniOzoneClusterImpl-76eaf92f-9dff-4d21-993f-c9a35837815b/ozone-meta/datanode-5/data-0/hdds to VolumeSet
2024-08-10 09:46:24,195 [main] INFO  volume.MutableVolumeSet (MutableVolumeSet.java:initializeVolumeSet(173)) - Added Volume : /home/runner/work/ozone/ozone/hadoop-ozone/integration-test/target/test-dir/MiniOzoneClusterImpl-76eaf92f-9dff-4d21-993f-c9a35837815b/ozone-meta/datanode-5/ratis to VolumeSet
2024-08-10 09:46:24,196 [main] INFO  ozoneimpl.OzoneContainer (HddsVolumeUtil.java:loadAllHddsVolumeDbStore(103)) - Load 1 volumes DbStore cost: 0ms
2024-08-10 09:46:24,197 [main] INFO  server.RaftServer (ConfUtils.java:logGet(46)) - raft.rpc.type = GRPC (default)
2024-08-10 09:46:24,197 [main] INFO  grpc.GrpcConfigKeys (ConfUtils.java:logFallback(53)) - raft.grpc.admin.host = null (fallback to raft.grpc.server.host)
2024-08-10 09:46:24,197 [main] INFO  grpc.GrpcConfigKeys (ConfUtils.java:logGet(46)) - raft.grpc.admin.port = 15578 (custom)
2024-08-10 09:46:24,197 [main] INFO  grpc.GrpcConfigKeys (ConfUtils.java:logFallback(53)) - raft.grpc.client.host = null (fallback to raft.grpc.server.host)
2024-08-10 09:46:24,197 [main] INFO  grpc.GrpcConfigKeys (ConfUtils.java:logGet(46)) - raft.grpc.client.port = 15578 (custom)
2024-08-10 09:46:24,197 [main] INFO  grpc.GrpcConfigKeys (ConfUtils.java:logGet(46)) - raft.grpc.server.host = null (default)
2024-08-10 09:46:24,198 [main] INFO  grpc.GrpcConfigKeys (ConfUtils.java:logGet(46)) - raft.grpc.server.port = 15578 (custom)
2024-08-10 09:46:24,198 [main] INFO  server.GrpcService (ConfUtils.java:logGet(46)) - raft.grpc.message.size.max = 32MB (=33554432) (custom)
2024-08-10 09:46:24,198 [main] INFO  server.RaftServerConfigKeys (ConfUtils.java:logGet(46)) - raft.server.log.appender.buffer.byte-limit = 8388608 (custom)
2024-08-10 09:46:24,198 [main] INFO  server.GrpcService (ConfUtils.java:logGet(46)) - raft.grpc.flow.control.window = 5MB (=5242880) (custom)
2024-08-10 09:46:24,198 [main] INFO  server.RaftServerConfigKeys (ConfUtils.java:logGet(46)) - raft.server.rpc.request.timeout = 3000ms (default)
2024-08-10 09:46:24,198 [main] INFO  grpc.GrpcConfigKeys (ConfUtils.java:logGet(46)) - raft.grpc.server.heartbeat.channel = true (default)
2024-08-10 09:46:24,198 [main] INFO  grpc.GrpcConfigKeys (ConfUtils.java:logGet(46)) - raft.grpc.server.async.request.thread.pool.cached = true (default)
2024-08-10 09:46:24,198 [main] INFO  grpc.GrpcConfigKeys (ConfUtils.java:logGet(46)) - raft.grpc.server.async.request.thread.pool.size = 32 (default)
2024-08-10 09:46:24,199 [main] INFO  impl.DataStreamServerImpl (ConfUtils.java:logGet(46)) - raft.datastream.type = NETTY (custom)
2024-08-10 09:46:24,199 [main] INFO  server.RaftServerConfigKeys (ConfUtils.java:logGet(46)) - raft.server.data-stream.async.request.thread.pool.cached = false (default)
2024-08-10 09:46:24,199 [main] INFO  server.RaftServerConfigKeys (ConfUtils.java:logGet(46)) - raft.server.data-stream.async.request.thread.pool.size = 20 (custom)
2024-08-10 09:46:24,199 [main] INFO  server.RaftServerConfigKeys (ConfUtils.java:logGet(46)) - raft.server.data-stream.async.write.thread.pool.size = 16 (default)
2024-08-10 09:46:24,199 [main] INFO  netty.NettyConfigKeys$DataStream (ConfUtils.java:logGet(46)) - raft.netty.dataStream.server.channel.inactive.grace-period = 10min (default)
2024-08-10 09:46:24,200 [main] INFO  server.RaftServerConfigKeys (ConfUtils.java:logGet(46)) - raft.server.data-stream.client.pool.size = 10 (default)
2024-08-10 09:46:24,200 [main] INFO  netty.NettyConfigKeys$DataStream (ConfUtils.java:logGet(46)) - raft.netty.dataStream.server.use-epoll = true (default)
2024-08-10 09:46:24,200 [main] INFO  netty.NettyConfigKeys$DataStream (ConfUtils.java:logGet(46)) - raft.netty.dataStream.server.boss-group.size = 0 (default)
2024-08-10 09:46:24,200 [main] INFO  netty.NettyUtils (NettyUtils.java:newEventLoopGroup(74)) - Create EpollEventLoopGroup for b854613b-8f09-4112-b6f5-dfe1ac09e405-NettyServerStreamRpc-bossGroup; Thread size is 0.
2024-08-10 09:46:24,200 [main] INFO  netty.NettyConfigKeys$DataStream (ConfUtils.java:logGet(46)) - raft.netty.dataStream.server.worker-group.size = 0 (default)
2024-08-10 09:46:24,200 [main] INFO  netty.NettyUtils (NettyUtils.java:newEventLoopGroup(74)) - Create EpollEventLoopGroup for b854613b-8f09-4112-b6f5-dfe1ac09e405-NettyServerStreamRpc-workerGroup; Thread size is 0.
2024-08-10 09:46:24,200 [main] INFO  netty.NettyConfigKeys$DataStream (ConfUtils.java:logGet(46)) - raft.netty.dataStream.server.tls.conf = null (default)
2024-08-10 09:46:24,201 [main] INFO  netty.NettyConfigKeys$DataStream (ConfUtils.java:logGet(46)) - raft.netty.dataStream.host = null (default)
2024-08-10 09:46:24,201 [main] INFO  netty.NettyConfigKeys$DataStream (ConfUtils.java:logGet(46)) - raft.netty.dataStream.port = 15581 (custom)
2024-08-10 09:46:24,201 [main] INFO  server.RaftServerConfigKeys (ConfUtils.java:logGet(46)) - raft.server.sleep.deviation.threshold = 300ms (default)
2024-08-10 09:46:24,201 [main] INFO  server.RaftServerConfigKeys (ConfUtils.java:logGet(46)) - raft.server.close.threshold = 60s (default)
2024-08-10 09:46:24,201 [main] INFO  server.RaftServerConfigKeys (ConfUtils.java:logGet(46)) - raft.server.leaderelection.leader.step-down.wait-time = 10s (default)
2024-08-10 09:46:24,201 [b854613b-8f09-4112-b6f5-dfe1ac09e405-NettyServerStreamRpc-bossGroup--thread1] INFO  logging.LoggingHandler (AbstractInternalLogger.java:log(148)) - [id: 0xc9222a00] REGISTERED
2024-08-10 09:46:24,202 [b854613b-8f09-4112-b6f5-dfe1ac09e405-NettyServerStreamRpc-bossGroup--thread1] INFO  logging.LoggingHandler (AbstractInternalLogger.java:log(148)) - [id: 0xc9222a00] BIND: 0.0.0.0/0.0.0.0:15581
2024-08-10 09:46:24,202 [b854613b-8f09-4112-b6f5-dfe1ac09e405-NettyServerStreamRpc-bossGroup--thread1] INFO  logging.LoggingHandler (AbstractInternalLogger.java:log(148)) - [id: 0xc9222a00, L:/0.0.0.0:15581] ACTIVE
2024-08-10 09:46:24,201 [main] INFO  server.RaftServerConfigKeys (ConfUtils.java:logGet(46)) - raft.server.storage.dir = [/home/runner/work/ozone/ozone/hadoop-ozone/integration-test/target/test-dir/MiniOzoneClusterImpl-76eaf92f-9dff-4d21-993f-c9a35837815b/ozone-meta/datanode-5/ratis] (custom)
2024-08-10 09:46:24,202 [main] INFO  server.RaftServerConfigKeys (ConfUtils.java:logGet(46)) - raft.server.threadpool.proxy.cached = true (default)
2024-08-10 09:46:24,202 [main] INFO  server.RaftServerConfigKeys (ConfUtils.java:logGet(46)) - raft.server.threadpool.proxy.size = 0 (default)
2024-08-10 09:46:24,202 [b854613b-8f09-4112-b6f5-dfe1ac09e405-impl-thread1] INFO  server.RaftServer (RaftServerProxy.java:initGroupDir(266)) - b854613b-8f09-4112-b6f5-dfe1ac09e405: found a subdirectory /home/runner/work/ozone/ozone/hadoop-ozone/integration-test/target/test-dir/MiniOzoneClusterImpl-76eaf92f-9dff-4d21-993f-c9a35837815b/ozone-meta/datanode-5/ratis/tmp
2024-08-10 09:46:24,202 [b854613b-8f09-4112-b6f5-dfe1ac09e405-impl-thread1] INFO  server.RaftServer (RaftServerProxy.java:initGroupDir(271)) - b854613b-8f09-4112-b6f5-dfe1ac09e405: The directory /home/runner/work/ozone/ozone/hadoop-ozone/integration-test/target/test-dir/MiniOzoneClusterImpl-76eaf92f-9dff-4d21-993f-c9a35837815b/ozone-meta/datanode-5/ratis/tmp is not a group directory; ignoring it. 
2024-08-10 09:46:24,202 [main] INFO  replication.ReplicationServer (ReplicationServer.java:<init>(86)) - Initializing replication server with thread count = 10 queue length = 4096
2024-08-10 09:46:24,203 [main] INFO  server.XceiverServerGrpc (XceiverServerGrpc.java:<init>(141)) - GrpcServer channel type EpollServerSocketChannel
2024-08-10 09:46:24,204 [main] INFO  replication.ReplicationSupervisor (ReplicationSupervisor.java:build(157)) - Initializing replication supervisor with thread count = 10
2024-08-10 09:46:24,204 [main] INFO  replication.ReplicationSupervisor (ReplicationSupervisor.java:nodeStateUpdated(312)) - Node state updated to IN_SERVICE, scaling executor pool size to 10
2024-08-10 09:46:24,205 [main] INFO  http.BaseHttpServer (BaseHttpServer.java:newHttpServer2BuilderForOzone(223)) - Starting Web-server for hddsDatanode at: http://0.0.0.0:15575
2024-08-10 09:46:24,205 [main] INFO  http.BaseHttpServer (BaseHttpServer.java:<init>(110)) - Hadoop Security Enabled: false Ozone Security Enabled: false Ozone HTTP Security Enabled: false 
2024-08-10 09:46:24,206 [main] WARN  server.AuthenticationFilter (AuthenticationFilter.java:constructSecretProvider(240)) - Unable to initialize FileSignerSecretProvider, falling back to use random secrets. Reason: Could not read signature secret file: /home/runner/hadoop-http-auth-signature-secret
2024-08-10 09:46:24,206 [main] INFO  http.HttpRequestLog (HttpRequestLog.java:getRequestLog(86)) - Http request log for http.requests.hddsDatanode is not defined
2024-08-10 09:46:24,207 [main] INFO  http.HttpServer2 (HttpServer2.java:addGlobalFilter(1035)) - Added global filter 'safety' (class=org.apache.hadoop.hdds.server.http.HttpServer2$QuotingInputFilter)
2024-08-10 09:46:24,207 [main] INFO  http.HttpServer2 (HttpServer2.java:addFilter(1011)) - Added filter static_user_filter (class=org.apache.hadoop.http.lib.StaticUserWebFilter$StaticUserFilter) to context hddsDatanode
2024-08-10 09:46:24,207 [main] INFO  http.HttpServer2 (HttpServer2.java:addFilter(1019)) - Added filter static_user_filter (class=org.apache.hadoop.http.lib.StaticUserWebFilter$StaticUserFilter) to context logs
2024-08-10 09:46:24,207 [main] INFO  http.HttpServer2 (HttpServer2.java:addFilter(1019)) - Added filter static_user_filter (class=org.apache.hadoop.http.lib.StaticUserWebFilter$StaticUserFilter) to context static
2024-08-10 09:46:24,208 [main] INFO  http.BaseHttpServer (BaseHttpServer.java:<init>(189)) - HTTP server of hddsDatanode uses base directory /home/runner/work/ozone/ozone/hadoop-ozone/integration-test/target/test-dir/MiniOzoneClusterImpl-76eaf92f-9dff-4d21-993f-c9a35837815b/ozone-meta/datanode-5/meta/webserver
2024-08-10 09:46:24,208 [main] INFO  http.HttpServer2 (HttpServer2.java:bindListener(1235)) - Jetty bound to port 15575
2024-08-10 09:46:24,208 [main] INFO  server.Server (Server.java:doStart(375)) - jetty-9.4.55.v20240627; built: 2024-06-27T15:05:37.765Z; git: 70015831e5195ba74da6383c4ab7c90c56bb08af; jvm 17.0.12+7
2024-08-10 09:46:24,209 [main] INFO  server.session (DefaultSessionIdManager.java:doStart(334)) - DefaultSessionIdManager workerName=node0
2024-08-10 09:46:24,209 [main] INFO  server.session (DefaultSessionIdManager.java:doStart(339)) - No SessionScavenger set, using defaults
2024-08-10 09:46:24,209 [main] INFO  server.session (HouseKeeper.java:startScavenging(132)) - node0 Scavenging every 600000ms
2024-08-10 09:46:24,209 [main] INFO  handler.ContextHandler (ContextHandler.java:doStart(921)) - Started o.e.j.s.ServletContextHandler@562c67e6{logs,/logs,file:///home/runner/work/ozone/ozone/hadoop-ozone/integration-test/target/log,AVAILABLE}
2024-08-10 09:46:24,210 [main] INFO  handler.ContextHandler (ContextHandler.java:doStart(921)) - Started o.e.j.s.ServletContextHandler@ebbe156{static,/static,jar:file:/home/runner/work/ozone/ozone/hadoop-hdds/container-service/target/hdds-container-service-1.5.0-SNAPSHOT.jar!/webapps/static,AVAILABLE}
2024-08-10 09:46:24,293 [om1@group-C5BA1605619E-FollowerState] INFO  impl.FollowerState (FollowerState.java:run(144)) - om1@group-C5BA1605619E-FollowerState: change to CANDIDATE, lastRpcElapsedTime:1049468071ns, electionTimeout:1049ms
2024-08-10 09:46:24,293 [om1@group-C5BA1605619E-FollowerState] INFO  impl.RoleInfo (RoleInfo.java:shutdownFollowerState(119)) - om1: shutdown om1@group-C5BA1605619E-FollowerState
2024-08-10 09:46:24,293 [om1@group-C5BA1605619E-FollowerState] INFO  server.RaftServer$Division (RaftServerImpl.java:setRole(376)) - om1@group-C5BA1605619E: changes role from  FOLLOWER to CANDIDATE at term 0 for changeToCandidate
2024-08-10 09:46:24,293 [om1@group-C5BA1605619E-FollowerState] INFO  server.RaftServerConfigKeys (ConfUtils.java:logGet(46)) - raft.server.leaderelection.pre-vote = true (default)
2024-08-10 09:46:24,293 [om1@group-C5BA1605619E-FollowerState] INFO  impl.RoleInfo (RoleInfo.java:updateAndGet(148)) - om1: start om1@group-C5BA1605619E-LeaderElection140
2024-08-10 09:46:24,294 [om1@group-C5BA1605619E-LeaderElection140] INFO  impl.LeaderElection (LeaderElection.java:askForVotes(321)) - om1@group-C5BA1605619E-LeaderElection140 PRE_VOTE round 0: submit vote requests at term 0 for conf: {index: -1, cur=peers:[om1|localhost:15537]|listeners:[], old=null}
2024-08-10 09:46:24,294 [om1@group-C5BA1605619E-LeaderElection140] INFO  impl.LeaderElection (LeaderElection.java:askForVotes(323)) - om1@group-C5BA1605619E-LeaderElection140 PRE_VOTE round 0: result PASSED (term=0)
2024-08-10 09:46:24,295 [om1@group-C5BA1605619E-LeaderElection140] INFO  impl.LeaderElection (LeaderElection.java:askForVotes(321)) - om1@group-C5BA1605619E-LeaderElection140 ELECTION round 0: submit vote requests at term 1 for conf: {index: -1, cur=peers:[om1|localhost:15537]|listeners:[], old=null}
2024-08-10 09:46:24,296 [om1@group-C5BA1605619E-LeaderElection140] INFO  impl.LeaderElection (LeaderElection.java:askForVotes(323)) - om1@group-C5BA1605619E-LeaderElection140 ELECTION round 0: result PASSED (term=1)
2024-08-10 09:46:24,296 [om1@group-C5BA1605619E-LeaderElection140] INFO  impl.RoleInfo (RoleInfo.java:shutdownLeaderElection(139)) - om1: shutdown om1@group-C5BA1605619E-LeaderElection140
2024-08-10 09:46:24,296 [om1@group-C5BA1605619E-LeaderElection140] INFO  server.RaftServer$Division (RaftServerImpl.java:setRole(376)) - om1@group-C5BA1605619E: changes role from CANDIDATE to LEADER at term 1 for changeToLeader
2024-08-10 09:46:24,296 [om1@group-C5BA1605619E-LeaderElection140] INFO  server.RaftServerConfigKeys (ConfUtils.java:logGet(46)) - raft.server.staging.catchup.gap = 1000 (default)
2024-08-10 09:46:24,296 [om1@group-C5BA1605619E-LeaderElection140] INFO  server.RaftServerConfigKeys (ConfUtils.java:logGet(46)) - raft.server.write.element-limit = 4096 (default)
2024-08-10 09:46:24,296 [om1@group-C5BA1605619E-LeaderElection140] INFO  server.RaftServerConfigKeys (ConfUtils.java:logGet(46)) - raft.server.write.byte-limit = 64MB (=67108864) (default)
2024-08-10 09:46:24,296 [om1@group-C5BA1605619E-LeaderElection140] INFO  server.RaftServerConfigKeys (ConfUtils.java:logGet(46)) - raft.server.watch.timeout = 10s (default)
2024-08-10 09:46:24,296 [om1@group-C5BA1605619E-LeaderElection140] INFO  server.RaftServerConfigKeys (ConfUtils.java:logGet(46)) - raft.server.watch.timeout.denomination = 1s (default)
2024-08-10 09:46:24,296 [om1@group-C5BA1605619E-LeaderElection140] INFO  server.RaftServerConfigKeys (ConfUtils.java:logGet(46)) - raft.server.watch.element-limit = 65536 (default)
2024-08-10 09:46:24,296 [om1@group-C5BA1605619E-LeaderElection140] INFO  server.RaftServerConfigKeys (ConfUtils.java:logGet(46)) - raft.server.read.leader.lease.enabled = false (default)
2024-08-10 09:46:24,296 [om1@group-C5BA1605619E-LeaderElection140] INFO  server.RaftServerConfigKeys (ConfUtils.java:logGet(46)) - raft.server.read.leader.lease.timeout.ratio = 0.9 (default)
2024-08-10 09:46:24,296 [om1@group-C5BA1605619E-LeaderElection140] INFO  server.RaftServerConfigKeys (ConfUtils.java:logGet(46)) - raft.server.rpc.timeout.min = 1s (custom)
2024-08-10 09:46:24,296 [om1@group-C5BA1605619E-LeaderElection140] INFO  server.RaftServerConfigKeys (ConfUtils.java:logGet(46)) - raft.server.log.log-metadata.enabled = true (default)
2024-08-10 09:46:24,296 [om1@group-C5BA1605619E-LeaderElection140] INFO  server.RaftServerConfigKeys (ConfUtils.java:logGet(46)) - raft.server.write.element-limit = 4096 (default)
2024-08-10 09:46:24,296 [om1@group-C5BA1605619E-LeaderElection140] INFO  server.RaftServerConfigKeys (ConfUtils.java:logGet(46)) - raft.server.write.follower.gap.ratio.max = -1.0 (default)
2024-08-10 09:46:24,296 [om1@group-C5BA1605619E-LeaderElection140] INFO  impl.RoleInfo (RoleInfo.java:updateAndGet(148)) - om1: start om1@group-C5BA1605619E-LeaderStateImpl
2024-08-10 09:46:24,297 [om1@group-C5BA1605619E-LeaderElection140] INFO  server.RaftServer$Division (RaftServerImpl.java:setFirstElection(549)) - om1@group-C5BA1605619E: set firstElectionSinceStartup to false for becomeLeader
2024-08-10 09:46:24,297 [om1@group-C5BA1605619E-LeaderElection140] INFO  server.RaftServer$Division (ServerState.java:setLeader(272)) - om1@group-C5BA1605619E: change Leader from null to om1 at term 1 for becomeLeader, leader elected after 1363ms
2024-08-10 09:46:24,297 [om1@group-C5BA1605619E-LeaderElection140] INFO  segmented.SegmentedRaftLogWorker (SegmentedRaftLogWorker.java:startLogSegment(433)) - om1@group-C5BA1605619E-SegmentedRaftLogWorker: Starting segment from index:0
2024-08-10 09:46:24,297 [om1@group-C5BA1605619E-SegmentedRaftLogWorker] INFO  segmented.BufferedWriteChannel (BufferedWriteChannel.java:open(61)) - open log_inprogress_0 at position 0
2024-08-10 09:46:24,302 [om1@group-C5BA1605619E-LeaderElection140] INFO  server.RaftServer$Division (ServerState.java:setRaftConf(386)) - om1@group-C5BA1605619E: set configuration conf: {index: 0, cur=peers:[om1|localhost:15537]|listeners:[], old=null}
2024-08-10 09:46:24,308 [om1@group-C5BA1605619E-SegmentedRaftLogWorker] INFO  segmented.SegmentedRaftLogWorker (SegmentedRaftLogWorker.java:execute(637)) - om1@group-C5BA1605619E-SegmentedRaftLogWorker: created new log segment /home/runner/work/ozone/ozone/hadoop-ozone/integration-test/target/test-dir/MiniOzoneClusterImpl-76eaf92f-9dff-4d21-993f-c9a35837815b/ozone-meta/ratis/bf265839-605b-3f16-9796-c5ba1605619e/current/log_inprogress_0
2024-08-10 09:46:24,309 [om1@group-C5BA1605619E-StateMachineUpdater] INFO  ratis.OzoneManagerStateMachine (OzoneManagerStateMachine.java:notifyConfigurationChanged(216)) - Received Configuration change notification from Ratis. New Peer list:
[id: "om1"
address: "localhost:15537"
startupRole: FOLLOWER
]
2024-08-10 09:46:24,309 [om1@group-C5BA1605619E-StateMachineUpdater] INFO  server.RaftServer$Division (LeaderStateImpl.java:checkStartIndex(316)) - Leader om1@group-C5BA1605619E-LeaderStateImpl is ready since appliedIndex == startIndex == 0
2024-08-10 09:46:24,402 [main] INFO  handler.ContextHandler (ContextHandler.java:doStart(921)) - Started o.e.j.w.WebAppContext@d08b73b{hddsDatanode,/,file:///home/runner/work/ozone/ozone/hadoop-ozone/integration-test/target/test-dir/MiniOzoneClusterImpl-76eaf92f-9dff-4d21-993f-c9a35837815b/ozone-meta/datanode-5/meta/webserver/jetty-0_0_0_0-15575-hdds-container-service-1_5_0-SNAPSHOT_jar-_-any-3937851918479764278/webapp/,AVAILABLE}{jar:file:/home/runner/work/ozone/ozone/hadoop-hdds/container-service/target/hdds-container-service-1.5.0-SNAPSHOT.jar!/webapps/hddsDatanode}
2024-08-10 09:46:24,403 [main] INFO  server.AbstractConnector (AbstractConnector.java:doStart(333)) - Started ServerConnector@6b297d6f{HTTP/1.1, (http/1.1)}{0.0.0.0:15575}
2024-08-10 09:46:24,403 [main] INFO  server.Server (Server.java:doStart(415)) - Started @518530ms
2024-08-10 09:46:24,403 [main] WARN  impl.MetricsSystemImpl (MetricsSystemImpl.java:register(279)) - Sink prometheus already exists!
2024-08-10 09:46:24,404 [main] INFO  http.BaseHttpServer (BaseHttpServer.java:updateConnectorAddress(354)) - HTTP server of hddsDatanode listening at http://0.0.0.0:15575
2024-08-10 09:46:24,404 [main] INFO  ipc.CallQueueManager (CallQueueManager.java:<init>(90)) - Using callQueue: class java.util.concurrent.LinkedBlockingQueue, queueCapacity: 1000, scheduler: class org.apache.hadoop.ipc.DefaultRpcScheduler, ipcBackoff: false.
2024-08-10 09:46:24,404 [main] INFO  ipc.Server (Server.java:<init>(1287)) - Listener at 0.0.0.0:15576
2024-08-10 09:46:24,405 [Socket Reader #1 for port 15576] INFO  ipc.Server (Server.java:run(1323)) - Starting Socket Reader #1 for port 15576
2024-08-10 09:46:24,406 [main] INFO  ozone.HddsDatanodeService (HddsDatanodeService.java:start(319)) - Datanode start with admins: [runner]
2024-08-10 09:46:24,406 [main] INFO  ozone.HddsDatanodeClientProtocolServer (HddsDatanodeClientProtocolServer.java:start(77)) - RPC server for Client /0.0.0.0:15576
2024-08-10 09:46:24,406 [IPC Server Responder] INFO  ipc.Server (Server.java:run(1562)) - IPC Server Responder: starting
2024-08-10 09:46:24,406 [IPC Server listener on 15576] INFO  ipc.Server (Server.java:run(1402)) - IPC Server listener on 15576: starting
2024-08-10 09:46:24,408 [main] INFO  ozone.MiniOzoneClusterImpl (MiniOzoneClusterImpl.java:lambda$waitForClusterToBeReady$0(198)) - Waiting for nodes to be ready. Got 0 of 5 DN Heartbeats.
2024-08-10 09:46:24,408 [main] INFO  ozone.MiniOzoneClusterImpl (MiniOzoneClusterImpl.java:lambda$waitForClusterToBeReady$0(201)) - Waiting for cluster to exit safe mode
2024-08-10 09:46:24,408 [main] INFO  ozone.MiniOzoneClusterImpl (MiniOzoneClusterImpl.java:lambda$waitForClusterToBeReady$0(203)) - SCM became leader
2024-08-10 09:46:24,408 [b854613b-8f09-4112-b6f5-dfe1ac09e405-DatanodeStateMachineDaemonThread] INFO  statemachine.DatanodeStateMachine (DatanodeStateMachine.java:startStateMachineThread(335)) - Ozone container server started.
2024-08-10 09:46:24,409 [b854613b-8f09-4112-b6f5-dfe1ac09e405-DatanodeStateMachineTaskThread-0] INFO  datanode.InitDatanodeState (InitDatanodeState.java:persistContainerDatanodeDetails(139)) - DatanodeDetails is persisted to /home/runner/work/ozone/ozone/hadoop-ozone/integration-test/target/test-dir/MiniOzoneClusterImpl-76eaf92f-9dff-4d21-993f-c9a35837815b/ozone-meta/datanode-5/meta/datanode.id
2024-08-10 09:46:25,409 [main] INFO  ozone.MiniOzoneClusterImpl (MiniOzoneClusterImpl.java:lambda$waitForClusterToBeReady$0(198)) - Waiting for nodes to be ready. Got 0 of 5 DN Heartbeats.
2024-08-10 09:46:25,409 [main] INFO  ozone.MiniOzoneClusterImpl (MiniOzoneClusterImpl.java:lambda$waitForClusterToBeReady$0(201)) - Waiting for cluster to exit safe mode
2024-08-10 09:46:25,409 [main] INFO  ozone.MiniOzoneClusterImpl (MiniOzoneClusterImpl.java:lambda$waitForClusterToBeReady$0(203)) - SCM became leader
2024-08-10 09:46:25,532 [2de4195a-f779-4305-af6f-892378b3f55f-EndpointStateMachineTaskThread-/0.0.0.0:15532-0 ] INFO  utils.DatanodeStoreCache (DatanodeStoreCache.java:addDB(72)) - Added db /home/runner/work/ozone/ozone/hadoop-ozone/integration-test/target/test-dir/MiniOzoneClusterImpl-76eaf92f-9dff-4d21-993f-c9a35837815b/ozone-meta/datanode-1/data-0/hdds/76eaf92f-9dff-4d21-993f-c9a35837815b/DS-cda2e610-8ce9-4c0a-ad06-9f627a43396b/container.db to cache
2024-08-10 09:46:25,532 [2de4195a-f779-4305-af6f-892378b3f55f-EndpointStateMachineTaskThread-/0.0.0.0:15532-0 ] INFO  volume.HddsVolume (HddsVolume.java:createDbStore(437)) - SchemaV3 db is created and loaded at /home/runner/work/ozone/ozone/hadoop-ozone/integration-test/target/test-dir/MiniOzoneClusterImpl-76eaf92f-9dff-4d21-993f-c9a35837815b/ozone-meta/datanode-1/data-0/hdds/76eaf92f-9dff-4d21-993f-c9a35837815b/DS-cda2e610-8ce9-4c0a-ad06-9f627a43396b/container.db for volume DS-cda2e610-8ce9-4c0a-ad06-9f627a43396b
2024-08-10 09:46:25,534 [2de4195a-f779-4305-af6f-892378b3f55f-ContainerReader-0] INFO  ozoneimpl.ContainerReader (ContainerReader.java:readVolume(148)) - Start to verify containers on volume /home/runner/work/ozone/ozone/hadoop-ozone/integration-test/target/test-dir/MiniOzoneClusterImpl-76eaf92f-9dff-4d21-993f-c9a35837815b/ozone-meta/datanode-1/data-0/hdds
2024-08-10 09:46:25,534 [2de4195a-f779-4305-af6f-892378b3f55f-ContainerReader-0] INFO  ozoneimpl.ContainerReader (ContainerReader.java:readVolume(178)) - Finish verifying containers on volume /home/runner/work/ozone/ozone/hadoop-ozone/integration-test/target/test-dir/MiniOzoneClusterImpl-76eaf92f-9dff-4d21-993f-c9a35837815b/ozone-meta/datanode-1/data-0/hdds
2024-08-10 09:46:25,534 [2de4195a-f779-4305-af6f-892378b3f55f-EndpointStateMachineTaskThread-/0.0.0.0:15532-0 ] INFO  ozoneimpl.OzoneContainer (OzoneContainer.java:buildContainerSet(328)) - Build ContainerSet costs 0s
2024-08-10 09:46:25,534 [2de4195a-f779-4305-af6f-892378b3f55f-EndpointStateMachineTaskThread-/0.0.0.0:15532-0 ] INFO  volume.ThrottledAsyncChecker (ThrottledAsyncChecker.java:schedule(141)) - Scheduling a check for /home/runner/work/ozone/ozone/hadoop-ozone/integration-test/target/test-dir/MiniOzoneClusterImpl-76eaf92f-9dff-4d21-993f-c9a35837815b/ozone-meta/datanode-1/data-0/hdds
2024-08-10 09:46:25,534 [2de4195a-f779-4305-af6f-892378b3f55f-EndpointStateMachineTaskThread-/0.0.0.0:15532-0 ] INFO  volume.StorageVolumeChecker (StorageVolumeChecker.java:checkAllVolumes(218)) - Scheduled health check for volume /home/runner/work/ozone/ozone/hadoop-ozone/integration-test/target/test-dir/MiniOzoneClusterImpl-76eaf92f-9dff-4d21-993f-c9a35837815b/ozone-meta/datanode-1/data-0/hdds
2024-08-10 09:46:25,535 [2de4195a-f779-4305-af6f-892378b3f55f-EndpointStateMachineTaskThread-/0.0.0.0:15532-0 ] INFO  volume.ThrottledAsyncChecker (ThrottledAsyncChecker.java:schedule(141)) - Scheduling a check for /home/runner/work/ozone/ozone/hadoop-ozone/integration-test/target/test-dir/MiniOzoneClusterImpl-76eaf92f-9dff-4d21-993f-c9a35837815b/ozone-meta/datanode-1/ratis
2024-08-10 09:46:25,535 [2de4195a-f779-4305-af6f-892378b3f55f-EndpointStateMachineTaskThread-/0.0.0.0:15532-0 ] INFO  volume.StorageVolumeChecker (StorageVolumeChecker.java:checkAllVolumes(218)) - Scheduled health check for volume /home/runner/work/ozone/ozone/hadoop-ozone/integration-test/target/test-dir/MiniOzoneClusterImpl-76eaf92f-9dff-4d21-993f-c9a35837815b/ozone-meta/datanode-1/ratis
2024-08-10 09:46:25,536 [2de4195a-f779-4305-af6f-892378b3f55f-EndpointStateMachineTaskThread-/0.0.0.0:15532-0 ] INFO  ozoneimpl.OzoneContainer (OzoneContainer.java:start(459)) - Attempting to start container services.
2024-08-10 09:46:25,536 [ContainerMetadataScanner] INFO  ozoneimpl.AbstractBackgroundContainerScanner (AbstractBackgroundContainerScanner.java:runIteration(87)) - Completed an iteration in 0 minutes. Number of iterations (since the data-node restart) : 1, Number of containers scanned in this iteration : 0, Number of unhealthy containers found in this iteration : 0
2024-08-10 09:46:25,537 [ContainerDataScanner(/home/runner/work/ozone/ozone/hadoop-ozone/integration-test/target/test-dir/MiniOzoneClusterImpl-76eaf92f-9dff-4d21-993f-c9a35837815b/ozone-meta/datanode-1/data-0/hdds)] INFO  ozoneimpl.AbstractBackgroundContainerScanner (AbstractBackgroundContainerScanner.java:runIteration(87)) - Completed an iteration in 0 minutes. Number of iterations (since the data-node restart) : 1, Number of containers scanned in this iteration : 0, Number of unhealthy containers found in this iteration : 0
2024-08-10 09:46:25,537 [2de4195a-f779-4305-af6f-892378b3f55f-EndpointStateMachineTaskThread-/0.0.0.0:15532-0 ] INFO  replication.ReplicationServer (ReplicationServer.java:start(140)) - ReplicationServer is started using port 15546
2024-08-10 09:46:25,537 [2de4195a-f779-4305-af6f-892378b3f55f-EndpointStateMachineTaskThread-/0.0.0.0:15532-0 ] INFO  ratis.XceiverServerRatis (XceiverServerRatis.java:start(559)) - Starting XceiverServerRatis 2de4195a-f779-4305-af6f-892378b3f55f
2024-08-10 09:46:25,537 [2de4195a-f779-4305-af6f-892378b3f55f-EndpointStateMachineTaskThread-/0.0.0.0:15532-0 ] INFO  server.RaftServer (RaftServerProxy.java:startImpl(408)) - 2de4195a-f779-4305-af6f-892378b3f55f: start RPC server
2024-08-10 09:46:25,538 [2de4195a-f779-4305-af6f-892378b3f55f-EndpointStateMachineTaskThread-/0.0.0.0:15532-0 ] INFO  server.GrpcService (GrpcService.java:startImpl(302)) - 2de4195a-f779-4305-af6f-892378b3f55f: GrpcService started, listening on 15542
2024-08-10 09:46:25,538 [2de4195a-f779-4305-af6f-892378b3f55f-EndpointStateMachineTaskThread-/0.0.0.0:15532-0 ] INFO  ratis.XceiverServerRatis (XceiverServerRatis.java:getRealPort(585)) - XceiverServerRatis 2de4195a-f779-4305-af6f-892378b3f55f is started using port 15542 for RATIS
2024-08-10 09:46:25,538 [2de4195a-f779-4305-af6f-892378b3f55f-EndpointStateMachineTaskThread-/0.0.0.0:15532-0 ] INFO  ratis.XceiverServerRatis (XceiverServerRatis.java:getRealPort(585)) - XceiverServerRatis 2de4195a-f779-4305-af6f-892378b3f55f is started using port 15542 for RATIS_ADMIN
2024-08-10 09:46:25,538 [2de4195a-f779-4305-af6f-892378b3f55f-EndpointStateMachineTaskThread-/0.0.0.0:15532-0 ] INFO  ratis.XceiverServerRatis (XceiverServerRatis.java:getRealPort(585)) - XceiverServerRatis 2de4195a-f779-4305-af6f-892378b3f55f is started using port 15542 for RATIS_SERVER
2024-08-10 09:46:25,538 [2de4195a-f779-4305-af6f-892378b3f55f-EndpointStateMachineTaskThread-/0.0.0.0:15532-0 ] INFO  ratis.XceiverServerRatis (XceiverServerRatis.java:getRealPort(585)) - XceiverServerRatis 2de4195a-f779-4305-af6f-892378b3f55f is started using port 15545 for RATIS_DATASTREAM
2024-08-10 09:46:25,538 [JvmPauseMonitor76] INFO  util.JvmPauseMonitor (JvmPauseMonitor.java:run(146)) - JvmPauseMonitor-2de4195a-f779-4305-af6f-892378b3f55f: Started
2024-08-10 09:46:25,539 [2de4195a-f779-4305-af6f-892378b3f55f-BlockDeletingService#0] INFO  interfaces.ContainerDeletionChoosingPolicyTemplate (ContainerDeletionChoosingPolicyTemplate.java:chooseContainerForBlockDeletion(85)) - Chosen 0/5000 blocks from 0 candidate containers.
2024-08-10 09:46:25,757 [bc9bd5ba-19eb-4eb9-bb97-9549088a2cda-EndpointStateMachineTaskThread-/0.0.0.0:15532-0 ] INFO  utils.DatanodeStoreCache (DatanodeStoreCache.java:addDB(72)) - Added db /home/runner/work/ozone/ozone/hadoop-ozone/integration-test/target/test-dir/MiniOzoneClusterImpl-76eaf92f-9dff-4d21-993f-c9a35837815b/ozone-meta/datanode-2/data-0/hdds/76eaf92f-9dff-4d21-993f-c9a35837815b/DS-671dab6e-4759-4484-8973-3edd65b8dc57/container.db to cache
2024-08-10 09:46:25,757 [bc9bd5ba-19eb-4eb9-bb97-9549088a2cda-EndpointStateMachineTaskThread-/0.0.0.0:15532-0 ] INFO  volume.HddsVolume (HddsVolume.java:createDbStore(437)) - SchemaV3 db is created and loaded at /home/runner/work/ozone/ozone/hadoop-ozone/integration-test/target/test-dir/MiniOzoneClusterImpl-76eaf92f-9dff-4d21-993f-c9a35837815b/ozone-meta/datanode-2/data-0/hdds/76eaf92f-9dff-4d21-993f-c9a35837815b/DS-671dab6e-4759-4484-8973-3edd65b8dc57/container.db for volume DS-671dab6e-4759-4484-8973-3edd65b8dc57
2024-08-10 09:46:25,758 [bc9bd5ba-19eb-4eb9-bb97-9549088a2cda-ContainerReader-0] INFO  ozoneimpl.ContainerReader (ContainerReader.java:readVolume(148)) - Start to verify containers on volume /home/runner/work/ozone/ozone/hadoop-ozone/integration-test/target/test-dir/MiniOzoneClusterImpl-76eaf92f-9dff-4d21-993f-c9a35837815b/ozone-meta/datanode-2/data-0/hdds
2024-08-10 09:46:25,758 [bc9bd5ba-19eb-4eb9-bb97-9549088a2cda-ContainerReader-0] INFO  ozoneimpl.ContainerReader (ContainerReader.java:readVolume(178)) - Finish verifying containers on volume /home/runner/work/ozone/ozone/hadoop-ozone/integration-test/target/test-dir/MiniOzoneClusterImpl-76eaf92f-9dff-4d21-993f-c9a35837815b/ozone-meta/datanode-2/data-0/hdds
2024-08-10 09:46:25,758 [bc9bd5ba-19eb-4eb9-bb97-9549088a2cda-EndpointStateMachineTaskThread-/0.0.0.0:15532-0 ] INFO  ozoneimpl.OzoneContainer (OzoneContainer.java:buildContainerSet(328)) - Build ContainerSet costs 0s
2024-08-10 09:46:25,758 [bc9bd5ba-19eb-4eb9-bb97-9549088a2cda-EndpointStateMachineTaskThread-/0.0.0.0:15532-0 ] INFO  volume.ThrottledAsyncChecker (ThrottledAsyncChecker.java:schedule(141)) - Scheduling a check for /home/runner/work/ozone/ozone/hadoop-ozone/integration-test/target/test-dir/MiniOzoneClusterImpl-76eaf92f-9dff-4d21-993f-c9a35837815b/ozone-meta/datanode-2/data-0/hdds
2024-08-10 09:46:25,759 [bc9bd5ba-19eb-4eb9-bb97-9549088a2cda-EndpointStateMachineTaskThread-/0.0.0.0:15532-0 ] INFO  volume.StorageVolumeChecker (StorageVolumeChecker.java:checkAllVolumes(218)) - Scheduled health check for volume /home/runner/work/ozone/ozone/hadoop-ozone/integration-test/target/test-dir/MiniOzoneClusterImpl-76eaf92f-9dff-4d21-993f-c9a35837815b/ozone-meta/datanode-2/data-0/hdds
2024-08-10 09:46:25,760 [bc9bd5ba-19eb-4eb9-bb97-9549088a2cda-EndpointStateMachineTaskThread-/0.0.0.0:15532-0 ] INFO  volume.ThrottledAsyncChecker (ThrottledAsyncChecker.java:schedule(141)) - Scheduling a check for /home/runner/work/ozone/ozone/hadoop-ozone/integration-test/target/test-dir/MiniOzoneClusterImpl-76eaf92f-9dff-4d21-993f-c9a35837815b/ozone-meta/datanode-2/ratis
2024-08-10 09:46:25,760 [bc9bd5ba-19eb-4eb9-bb97-9549088a2cda-EndpointStateMachineTaskThread-/0.0.0.0:15532-0 ] INFO  volume.StorageVolumeChecker (StorageVolumeChecker.java:checkAllVolumes(218)) - Scheduled health check for volume /home/runner/work/ozone/ozone/hadoop-ozone/integration-test/target/test-dir/MiniOzoneClusterImpl-76eaf92f-9dff-4d21-993f-c9a35837815b/ozone-meta/datanode-2/ratis
2024-08-10 09:46:25,760 [bc9bd5ba-19eb-4eb9-bb97-9549088a2cda-EndpointStateMachineTaskThread-/0.0.0.0:15532-0 ] INFO  ozoneimpl.OzoneContainer (OzoneContainer.java:start(459)) - Attempting to start container services.
2024-08-10 09:46:25,761 [bc9bd5ba-19eb-4eb9-bb97-9549088a2cda-EndpointStateMachineTaskThread-/0.0.0.0:15532-0 ] WARN  ozoneimpl.OnDemandContainerDataScanner (OnDemandContainerDataScanner.java:init(75)) - Trying to initialize on demand scanner a second time on a datanode.
2024-08-10 09:46:25,761 [ContainerMetadataScanner] INFO  ozoneimpl.AbstractBackgroundContainerScanner (AbstractBackgroundContainerScanner.java:runIteration(87)) - Completed an iteration in 0 minutes. Number of iterations (since the data-node restart) : 1, Number of containers scanned in this iteration : 0, Number of unhealthy containers found in this iteration : 0
2024-08-10 09:46:25,761 [ContainerDataScanner(/home/runner/work/ozone/ozone/hadoop-ozone/integration-test/target/test-dir/MiniOzoneClusterImpl-76eaf92f-9dff-4d21-993f-c9a35837815b/ozone-meta/datanode-2/data-0/hdds)] INFO  ozoneimpl.AbstractBackgroundContainerScanner (AbstractBackgroundContainerScanner.java:runIteration(87)) - Completed an iteration in 0 minutes. Number of iterations (since the data-node restart) : 1, Number of containers scanned in this iteration : 0, Number of unhealthy containers found in this iteration : 0
2024-08-10 09:46:25,761 [bc9bd5ba-19eb-4eb9-bb97-9549088a2cda-EndpointStateMachineTaskThread-/0.0.0.0:15532-0 ] INFO  replication.ReplicationServer (ReplicationServer.java:start(140)) - ReplicationServer is started using port 15555
2024-08-10 09:46:25,761 [bc9bd5ba-19eb-4eb9-bb97-9549088a2cda-EndpointStateMachineTaskThread-/0.0.0.0:15532-0 ] INFO  ratis.XceiverServerRatis (XceiverServerRatis.java:start(559)) - Starting XceiverServerRatis bc9bd5ba-19eb-4eb9-bb97-9549088a2cda
2024-08-10 09:46:25,762 [bc9bd5ba-19eb-4eb9-bb97-9549088a2cda-EndpointStateMachineTaskThread-/0.0.0.0:15532-0 ] INFO  server.RaftServer (RaftServerProxy.java:startImpl(408)) - bc9bd5ba-19eb-4eb9-bb97-9549088a2cda: start RPC server
2024-08-10 09:46:25,762 [bc9bd5ba-19eb-4eb9-bb97-9549088a2cda-EndpointStateMachineTaskThread-/0.0.0.0:15532-0 ] INFO  server.GrpcService (GrpcService.java:startImpl(302)) - bc9bd5ba-19eb-4eb9-bb97-9549088a2cda: GrpcService started, listening on 15551
2024-08-10 09:46:25,762 [bc9bd5ba-19eb-4eb9-bb97-9549088a2cda-EndpointStateMachineTaskThread-/0.0.0.0:15532-0 ] INFO  ratis.XceiverServerRatis (XceiverServerRatis.java:getRealPort(585)) - XceiverServerRatis bc9bd5ba-19eb-4eb9-bb97-9549088a2cda is started using port 15551 for RATIS
2024-08-10 09:46:25,762 [bc9bd5ba-19eb-4eb9-bb97-9549088a2cda-EndpointStateMachineTaskThread-/0.0.0.0:15532-0 ] INFO  ratis.XceiverServerRatis (XceiverServerRatis.java:getRealPort(585)) - XceiverServerRatis bc9bd5ba-19eb-4eb9-bb97-9549088a2cda is started using port 15551 for RATIS_ADMIN
2024-08-10 09:46:25,762 [bc9bd5ba-19eb-4eb9-bb97-9549088a2cda-EndpointStateMachineTaskThread-/0.0.0.0:15532-0 ] INFO  ratis.XceiverServerRatis (XceiverServerRatis.java:getRealPort(585)) - XceiverServerRatis bc9bd5ba-19eb-4eb9-bb97-9549088a2cda is started using port 15551 for RATIS_SERVER
2024-08-10 09:46:25,762 [bc9bd5ba-19eb-4eb9-bb97-9549088a2cda-EndpointStateMachineTaskThread-/0.0.0.0:15532-0 ] INFO  ratis.XceiverServerRatis (XceiverServerRatis.java:getRealPort(585)) - XceiverServerRatis bc9bd5ba-19eb-4eb9-bb97-9549088a2cda is started using port 15554 for RATIS_DATASTREAM
2024-08-10 09:46:25,763 [JvmPauseMonitor77] INFO  util.JvmPauseMonitor (JvmPauseMonitor.java:run(146)) - JvmPauseMonitor-bc9bd5ba-19eb-4eb9-bb97-9549088a2cda: Started
2024-08-10 09:46:25,763 [bc9bd5ba-19eb-4eb9-bb97-9549088a2cda-BlockDeletingService#0] INFO  interfaces.ContainerDeletionChoosingPolicyTemplate (ContainerDeletionChoosingPolicyTemplate.java:chooseContainerForBlockDeletion(85)) - Chosen 0/5000 blocks from 0 candidate containers.
2024-08-10 09:46:25,989 [0d551621-3a78-470c-abdb-c40a133c0b47-EndpointStateMachineTaskThread-/0.0.0.0:15532-0 ] INFO  utils.DatanodeStoreCache (DatanodeStoreCache.java:addDB(72)) - Added db /home/runner/work/ozone/ozone/hadoop-ozone/integration-test/target/test-dir/MiniOzoneClusterImpl-76eaf92f-9dff-4d21-993f-c9a35837815b/ozone-meta/datanode-3/data-0/hdds/76eaf92f-9dff-4d21-993f-c9a35837815b/DS-d5385a16-b4f8-454f-82eb-7483599dce74/container.db to cache
2024-08-10 09:46:25,989 [0d551621-3a78-470c-abdb-c40a133c0b47-EndpointStateMachineTaskThread-/0.0.0.0:15532-0 ] INFO  volume.HddsVolume (HddsVolume.java:createDbStore(437)) - SchemaV3 db is created and loaded at /home/runner/work/ozone/ozone/hadoop-ozone/integration-test/target/test-dir/MiniOzoneClusterImpl-76eaf92f-9dff-4d21-993f-c9a35837815b/ozone-meta/datanode-3/data-0/hdds/76eaf92f-9dff-4d21-993f-c9a35837815b/DS-d5385a16-b4f8-454f-82eb-7483599dce74/container.db for volume DS-d5385a16-b4f8-454f-82eb-7483599dce74
2024-08-10 09:46:25,991 [0d551621-3a78-470c-abdb-c40a133c0b47-ContainerReader-0] INFO  ozoneimpl.ContainerReader (ContainerReader.java:readVolume(148)) - Start to verify containers on volume /home/runner/work/ozone/ozone/hadoop-ozone/integration-test/target/test-dir/MiniOzoneClusterImpl-76eaf92f-9dff-4d21-993f-c9a35837815b/ozone-meta/datanode-3/data-0/hdds
2024-08-10 09:46:25,991 [0d551621-3a78-470c-abdb-c40a133c0b47-ContainerReader-0] INFO  ozoneimpl.ContainerReader (ContainerReader.java:readVolume(178)) - Finish verifying containers on volume /home/runner/work/ozone/ozone/hadoop-ozone/integration-test/target/test-dir/MiniOzoneClusterImpl-76eaf92f-9dff-4d21-993f-c9a35837815b/ozone-meta/datanode-3/data-0/hdds
2024-08-10 09:46:25,991 [0d551621-3a78-470c-abdb-c40a133c0b47-EndpointStateMachineTaskThread-/0.0.0.0:15532-0 ] INFO  ozoneimpl.OzoneContainer (OzoneContainer.java:buildContainerSet(328)) - Build ContainerSet costs 0s
2024-08-10 09:46:25,991 [0d551621-3a78-470c-abdb-c40a133c0b47-EndpointStateMachineTaskThread-/0.0.0.0:15532-0 ] INFO  volume.ThrottledAsyncChecker (ThrottledAsyncChecker.java:schedule(141)) - Scheduling a check for /home/runner/work/ozone/ozone/hadoop-ozone/integration-test/target/test-dir/MiniOzoneClusterImpl-76eaf92f-9dff-4d21-993f-c9a35837815b/ozone-meta/datanode-3/data-0/hdds
2024-08-10 09:46:25,991 [0d551621-3a78-470c-abdb-c40a133c0b47-EndpointStateMachineTaskThread-/0.0.0.0:15532-0 ] INFO  volume.StorageVolumeChecker (StorageVolumeChecker.java:checkAllVolumes(218)) - Scheduled health check for volume /home/runner/work/ozone/ozone/hadoop-ozone/integration-test/target/test-dir/MiniOzoneClusterImpl-76eaf92f-9dff-4d21-993f-c9a35837815b/ozone-meta/datanode-3/data-0/hdds
2024-08-10 09:46:25,992 [0d551621-3a78-470c-abdb-c40a133c0b47-EndpointStateMachineTaskThread-/0.0.0.0:15532-0 ] INFO  volume.ThrottledAsyncChecker (ThrottledAsyncChecker.java:schedule(141)) - Scheduling a check for /home/runner/work/ozone/ozone/hadoop-ozone/integration-test/target/test-dir/MiniOzoneClusterImpl-76eaf92f-9dff-4d21-993f-c9a35837815b/ozone-meta/datanode-3/ratis
2024-08-10 09:46:25,992 [0d551621-3a78-470c-abdb-c40a133c0b47-EndpointStateMachineTaskThread-/0.0.0.0:15532-0 ] INFO  volume.StorageVolumeChecker (StorageVolumeChecker.java:checkAllVolumes(218)) - Scheduled health check for volume /home/runner/work/ozone/ozone/hadoop-ozone/integration-test/target/test-dir/MiniOzoneClusterImpl-76eaf92f-9dff-4d21-993f-c9a35837815b/ozone-meta/datanode-3/ratis
2024-08-10 09:46:25,993 [0d551621-3a78-470c-abdb-c40a133c0b47-EndpointStateMachineTaskThread-/0.0.0.0:15532-0 ] INFO  ozoneimpl.OzoneContainer (OzoneContainer.java:start(459)) - Attempting to start container services.
2024-08-10 09:46:25,993 [0d551621-3a78-470c-abdb-c40a133c0b47-EndpointStateMachineTaskThread-/0.0.0.0:15532-0 ] WARN  ozoneimpl.OnDemandContainerDataScanner (OnDemandContainerDataScanner.java:init(75)) - Trying to initialize on demand scanner a second time on a datanode.
2024-08-10 09:46:25,993 [ContainerMetadataScanner] INFO  ozoneimpl.AbstractBackgroundContainerScanner (AbstractBackgroundContainerScanner.java:runIteration(87)) - Completed an iteration in 0 minutes. Number of iterations (since the data-node restart) : 1, Number of containers scanned in this iteration : 0, Number of unhealthy containers found in this iteration : 0
2024-08-10 09:46:25,994 [ContainerDataScanner(/home/runner/work/ozone/ozone/hadoop-ozone/integration-test/target/test-dir/MiniOzoneClusterImpl-76eaf92f-9dff-4d21-993f-c9a35837815b/ozone-meta/datanode-3/data-0/hdds)] INFO  ozoneimpl.AbstractBackgroundContainerScanner (AbstractBackgroundContainerScanner.java:runIteration(87)) - Completed an iteration in 0 minutes. Number of iterations (since the data-node restart) : 1, Number of containers scanned in this iteration : 0, Number of unhealthy containers found in this iteration : 0
2024-08-10 09:46:25,994 [0d551621-3a78-470c-abdb-c40a133c0b47-EndpointStateMachineTaskThread-/0.0.0.0:15532-0 ] INFO  replication.ReplicationServer (ReplicationServer.java:start(140)) - ReplicationServer is started using port 15564
2024-08-10 09:46:25,994 [0d551621-3a78-470c-abdb-c40a133c0b47-EndpointStateMachineTaskThread-/0.0.0.0:15532-0 ] INFO  ratis.XceiverServerRatis (XceiverServerRatis.java:start(559)) - Starting XceiverServerRatis 0d551621-3a78-470c-abdb-c40a133c0b47
2024-08-10 09:46:25,994 [0d551621-3a78-470c-abdb-c40a133c0b47-EndpointStateMachineTaskThread-/0.0.0.0:15532-0 ] INFO  server.RaftServer (RaftServerProxy.java:startImpl(408)) - 0d551621-3a78-470c-abdb-c40a133c0b47: start RPC server
2024-08-10 09:46:25,995 [0d551621-3a78-470c-abdb-c40a133c0b47-EndpointStateMachineTaskThread-/0.0.0.0:15532-0 ] INFO  server.GrpcService (GrpcService.java:startImpl(302)) - 0d551621-3a78-470c-abdb-c40a133c0b47: GrpcService started, listening on 15560
2024-08-10 09:46:25,995 [0d551621-3a78-470c-abdb-c40a133c0b47-EndpointStateMachineTaskThread-/0.0.0.0:15532-0 ] INFO  ratis.XceiverServerRatis (XceiverServerRatis.java:getRealPort(585)) - XceiverServerRatis 0d551621-3a78-470c-abdb-c40a133c0b47 is started using port 15560 for RATIS
2024-08-10 09:46:25,995 [0d551621-3a78-470c-abdb-c40a133c0b47-EndpointStateMachineTaskThread-/0.0.0.0:15532-0 ] INFO  ratis.XceiverServerRatis (XceiverServerRatis.java:getRealPort(585)) - XceiverServerRatis 0d551621-3a78-470c-abdb-c40a133c0b47 is started using port 15560 for RATIS_ADMIN
2024-08-10 09:46:25,995 [0d551621-3a78-470c-abdb-c40a133c0b47-EndpointStateMachineTaskThread-/0.0.0.0:15532-0 ] INFO  ratis.XceiverServerRatis (XceiverServerRatis.java:getRealPort(585)) - XceiverServerRatis 0d551621-3a78-470c-abdb-c40a133c0b47 is started using port 15560 for RATIS_SERVER
2024-08-10 09:46:25,995 [0d551621-3a78-470c-abdb-c40a133c0b47-EndpointStateMachineTaskThread-/0.0.0.0:15532-0 ] INFO  ratis.XceiverServerRatis (XceiverServerRatis.java:getRealPort(585)) - XceiverServerRatis 0d551621-3a78-470c-abdb-c40a133c0b47 is started using port 15563 for RATIS_DATASTREAM
2024-08-10 09:46:25,995 [JvmPauseMonitor78] INFO  util.JvmPauseMonitor (JvmPauseMonitor.java:run(146)) - JvmPauseMonitor-0d551621-3a78-470c-abdb-c40a133c0b47: Started
2024-08-10 09:46:25,996 [0d551621-3a78-470c-abdb-c40a133c0b47-BlockDeletingService#0] INFO  interfaces.ContainerDeletionChoosingPolicyTemplate (ContainerDeletionChoosingPolicyTemplate.java:chooseContainerForBlockDeletion(85)) - Chosen 0/5000 blocks from 0 candidate containers.
2024-08-10 09:46:26,213 [ded8f376-93b7-4f19-a98d-0130ebbb5559-EndpointStateMachineTaskThread-/0.0.0.0:15532-0 ] INFO  utils.DatanodeStoreCache (DatanodeStoreCache.java:addDB(72)) - Added db /home/runner/work/ozone/ozone/hadoop-ozone/integration-test/target/test-dir/MiniOzoneClusterImpl-76eaf92f-9dff-4d21-993f-c9a35837815b/ozone-meta/datanode-4/data-0/hdds/76eaf92f-9dff-4d21-993f-c9a35837815b/DS-97fd5e08-3647-450c-b9c5-a4778736ae53/container.db to cache
2024-08-10 09:46:26,213 [ded8f376-93b7-4f19-a98d-0130ebbb5559-EndpointStateMachineTaskThread-/0.0.0.0:15532-0 ] INFO  volume.HddsVolume (HddsVolume.java:createDbStore(437)) - SchemaV3 db is created and loaded at /home/runner/work/ozone/ozone/hadoop-ozone/integration-test/target/test-dir/MiniOzoneClusterImpl-76eaf92f-9dff-4d21-993f-c9a35837815b/ozone-meta/datanode-4/data-0/hdds/76eaf92f-9dff-4d21-993f-c9a35837815b/DS-97fd5e08-3647-450c-b9c5-a4778736ae53/container.db for volume DS-97fd5e08-3647-450c-b9c5-a4778736ae53
2024-08-10 09:46:26,215 [ded8f376-93b7-4f19-a98d-0130ebbb5559-ContainerReader-0] INFO  ozoneimpl.ContainerReader (ContainerReader.java:readVolume(148)) - Start to verify containers on volume /home/runner/work/ozone/ozone/hadoop-ozone/integration-test/target/test-dir/MiniOzoneClusterImpl-76eaf92f-9dff-4d21-993f-c9a35837815b/ozone-meta/datanode-4/data-0/hdds
2024-08-10 09:46:26,215 [ded8f376-93b7-4f19-a98d-0130ebbb5559-ContainerReader-0] INFO  ozoneimpl.ContainerReader (ContainerReader.java:readVolume(178)) - Finish verifying containers on volume /home/runner/work/ozone/ozone/hadoop-ozone/integration-test/target/test-dir/MiniOzoneClusterImpl-76eaf92f-9dff-4d21-993f-c9a35837815b/ozone-meta/datanode-4/data-0/hdds
2024-08-10 09:46:26,215 [ded8f376-93b7-4f19-a98d-0130ebbb5559-EndpointStateMachineTaskThread-/0.0.0.0:15532-0 ] INFO  ozoneimpl.OzoneContainer (OzoneContainer.java:buildContainerSet(328)) - Build ContainerSet costs 0s
2024-08-10 09:46:26,215 [ded8f376-93b7-4f19-a98d-0130ebbb5559-EndpointStateMachineTaskThread-/0.0.0.0:15532-0 ] INFO  volume.ThrottledAsyncChecker (ThrottledAsyncChecker.java:schedule(141)) - Scheduling a check for /home/runner/work/ozone/ozone/hadoop-ozone/integration-test/target/test-dir/MiniOzoneClusterImpl-76eaf92f-9dff-4d21-993f-c9a35837815b/ozone-meta/datanode-4/data-0/hdds
2024-08-10 09:46:26,215 [ded8f376-93b7-4f19-a98d-0130ebbb5559-EndpointStateMachineTaskThread-/0.0.0.0:15532-0 ] INFO  volume.StorageVolumeChecker (StorageVolumeChecker.java:checkAllVolumes(218)) - Scheduled health check for volume /home/runner/work/ozone/ozone/hadoop-ozone/integration-test/target/test-dir/MiniOzoneClusterImpl-76eaf92f-9dff-4d21-993f-c9a35837815b/ozone-meta/datanode-4/data-0/hdds
2024-08-10 09:46:26,216 [ded8f376-93b7-4f19-a98d-0130ebbb5559-EndpointStateMachineTaskThread-/0.0.0.0:15532-0 ] INFO  volume.ThrottledAsyncChecker (ThrottledAsyncChecker.java:schedule(141)) - Scheduling a check for /home/runner/work/ozone/ozone/hadoop-ozone/integration-test/target/test-dir/MiniOzoneClusterImpl-76eaf92f-9dff-4d21-993f-c9a35837815b/ozone-meta/datanode-4/ratis
2024-08-10 09:46:26,216 [ded8f376-93b7-4f19-a98d-0130ebbb5559-EndpointStateMachineTaskThread-/0.0.0.0:15532-0 ] INFO  volume.StorageVolumeChecker (StorageVolumeChecker.java:checkAllVolumes(218)) - Scheduled health check for volume /home/runner/work/ozone/ozone/hadoop-ozone/integration-test/target/test-dir/MiniOzoneClusterImpl-76eaf92f-9dff-4d21-993f-c9a35837815b/ozone-meta/datanode-4/ratis
2024-08-10 09:46:26,217 [ded8f376-93b7-4f19-a98d-0130ebbb5559-EndpointStateMachineTaskThread-/0.0.0.0:15532-0 ] INFO  ozoneimpl.OzoneContainer (OzoneContainer.java:start(459)) - Attempting to start container services.
2024-08-10 09:46:26,217 [ded8f376-93b7-4f19-a98d-0130ebbb5559-EndpointStateMachineTaskThread-/0.0.0.0:15532-0 ] WARN  ozoneimpl.OnDemandContainerDataScanner (OnDemandContainerDataScanner.java:init(75)) - Trying to initialize on demand scanner a second time on a datanode.
2024-08-10 09:46:26,217 [ContainerMetadataScanner] INFO  ozoneimpl.AbstractBackgroundContainerScanner (AbstractBackgroundContainerScanner.java:runIteration(87)) - Completed an iteration in 0 minutes. Number of iterations (since the data-node restart) : 1, Number of containers scanned in this iteration : 0, Number of unhealthy containers found in this iteration : 0
2024-08-10 09:46:26,218 [ContainerDataScanner(/home/runner/work/ozone/ozone/hadoop-ozone/integration-test/target/test-dir/MiniOzoneClusterImpl-76eaf92f-9dff-4d21-993f-c9a35837815b/ozone-meta/datanode-4/data-0/hdds)] INFO  ozoneimpl.AbstractBackgroundContainerScanner (AbstractBackgroundContainerScanner.java:runIteration(87)) - Completed an iteration in 0 minutes. Number of iterations (since the data-node restart) : 1, Number of containers scanned in this iteration : 0, Number of unhealthy containers found in this iteration : 0
2024-08-10 09:46:26,218 [ded8f376-93b7-4f19-a98d-0130ebbb5559-EndpointStateMachineTaskThread-/0.0.0.0:15532-0 ] INFO  replication.ReplicationServer (ReplicationServer.java:start(140)) - ReplicationServer is started using port 15573
2024-08-10 09:46:26,218 [ded8f376-93b7-4f19-a98d-0130ebbb5559-EndpointStateMachineTaskThread-/0.0.0.0:15532-0 ] INFO  ratis.XceiverServerRatis (XceiverServerRatis.java:start(559)) - Starting XceiverServerRatis ded8f376-93b7-4f19-a98d-0130ebbb5559
2024-08-10 09:46:26,218 [ded8f376-93b7-4f19-a98d-0130ebbb5559-EndpointStateMachineTaskThread-/0.0.0.0:15532-0 ] INFO  server.RaftServer (RaftServerProxy.java:startImpl(408)) - ded8f376-93b7-4f19-a98d-0130ebbb5559: start RPC server
2024-08-10 09:46:26,219 [ded8f376-93b7-4f19-a98d-0130ebbb5559-EndpointStateMachineTaskThread-/0.0.0.0:15532-0 ] INFO  server.GrpcService (GrpcService.java:startImpl(302)) - ded8f376-93b7-4f19-a98d-0130ebbb5559: GrpcService started, listening on 15569
2024-08-10 09:46:26,219 [ded8f376-93b7-4f19-a98d-0130ebbb5559-EndpointStateMachineTaskThread-/0.0.0.0:15532-0 ] INFO  ratis.XceiverServerRatis (XceiverServerRatis.java:getRealPort(585)) - XceiverServerRatis ded8f376-93b7-4f19-a98d-0130ebbb5559 is started using port 15569 for RATIS
2024-08-10 09:46:26,219 [ded8f376-93b7-4f19-a98d-0130ebbb5559-EndpointStateMachineTaskThread-/0.0.0.0:15532-0 ] INFO  ratis.XceiverServerRatis (XceiverServerRatis.java:getRealPort(585)) - XceiverServerRatis ded8f376-93b7-4f19-a98d-0130ebbb5559 is started using port 15569 for RATIS_ADMIN
2024-08-10 09:46:26,219 [JvmPauseMonitor79] INFO  util.JvmPauseMonitor (JvmPauseMonitor.java:run(146)) - JvmPauseMonitor-ded8f376-93b7-4f19-a98d-0130ebbb5559: Started
2024-08-10 09:46:26,219 [ded8f376-93b7-4f19-a98d-0130ebbb5559-EndpointStateMachineTaskThread-/0.0.0.0:15532-0 ] INFO  ratis.XceiverServerRatis (XceiverServerRatis.java:getRealPort(585)) - XceiverServerRatis ded8f376-93b7-4f19-a98d-0130ebbb5559 is started using port 15569 for RATIS_SERVER
2024-08-10 09:46:26,219 [ded8f376-93b7-4f19-a98d-0130ebbb5559-EndpointStateMachineTaskThread-/0.0.0.0:15532-0 ] INFO  ratis.XceiverServerRatis (XceiverServerRatis.java:getRealPort(585)) - XceiverServerRatis ded8f376-93b7-4f19-a98d-0130ebbb5559 is started using port 15572 for RATIS_DATASTREAM
2024-08-10 09:46:26,220 [ded8f376-93b7-4f19-a98d-0130ebbb5559-BlockDeletingService#0] INFO  interfaces.ContainerDeletionChoosingPolicyTemplate (ContainerDeletionChoosingPolicyTemplate.java:chooseContainerForBlockDeletion(85)) - Chosen 0/5000 blocks from 0 candidate containers.
2024-08-10 09:46:26,409 [main] INFO  ozone.MiniOzoneClusterImpl (MiniOzoneClusterImpl.java:lambda$waitForClusterToBeReady$0(198)) - Waiting for nodes to be ready. Got 0 of 5 DN Heartbeats.
2024-08-10 09:46:26,409 [main] INFO  ozone.MiniOzoneClusterImpl (MiniOzoneClusterImpl.java:lambda$waitForClusterToBeReady$0(201)) - Waiting for cluster to exit safe mode
2024-08-10 09:46:26,409 [main] INFO  ozone.MiniOzoneClusterImpl (MiniOzoneClusterImpl.java:lambda$waitForClusterToBeReady$0(203)) - SCM became leader
2024-08-10 09:46:26,437 [b854613b-8f09-4112-b6f5-dfe1ac09e405-EndpointStateMachineTaskThread-/0.0.0.0:15532-0 ] INFO  utils.DatanodeStoreCache (DatanodeStoreCache.java:addDB(72)) - Added db /home/runner/work/ozone/ozone/hadoop-ozone/integration-test/target/test-dir/MiniOzoneClusterImpl-76eaf92f-9dff-4d21-993f-c9a35837815b/ozone-meta/datanode-5/data-0/hdds/76eaf92f-9dff-4d21-993f-c9a35837815b/DS-15768def-deed-4ffc-9ab0-1086ffd10657/container.db to cache
2024-08-10 09:46:26,437 [b854613b-8f09-4112-b6f5-dfe1ac09e405-EndpointStateMachineTaskThread-/0.0.0.0:15532-0 ] INFO  volume.HddsVolume (HddsVolume.java:createDbStore(437)) - SchemaV3 db is created and loaded at /home/runner/work/ozone/ozone/hadoop-ozone/integration-test/target/test-dir/MiniOzoneClusterImpl-76eaf92f-9dff-4d21-993f-c9a35837815b/ozone-meta/datanode-5/data-0/hdds/76eaf92f-9dff-4d21-993f-c9a35837815b/DS-15768def-deed-4ffc-9ab0-1086ffd10657/container.db for volume DS-15768def-deed-4ffc-9ab0-1086ffd10657
2024-08-10 09:46:26,439 [b854613b-8f09-4112-b6f5-dfe1ac09e405-ContainerReader-0] INFO  ozoneimpl.ContainerReader (ContainerReader.java:readVolume(148)) - Start to verify containers on volume /home/runner/work/ozone/ozone/hadoop-ozone/integration-test/target/test-dir/MiniOzoneClusterImpl-76eaf92f-9dff-4d21-993f-c9a35837815b/ozone-meta/datanode-5/data-0/hdds
2024-08-10 09:46:26,439 [b854613b-8f09-4112-b6f5-dfe1ac09e405-ContainerReader-0] INFO  ozoneimpl.ContainerReader (ContainerReader.java:readVolume(178)) - Finish verifying containers on volume /home/runner/work/ozone/ozone/hadoop-ozone/integration-test/target/test-dir/MiniOzoneClusterImpl-76eaf92f-9dff-4d21-993f-c9a35837815b/ozone-meta/datanode-5/data-0/hdds
2024-08-10 09:46:26,440 [b854613b-8f09-4112-b6f5-dfe1ac09e405-EndpointStateMachineTaskThread-/0.0.0.0:15532-0 ] INFO  ozoneimpl.OzoneContainer (OzoneContainer.java:buildContainerSet(328)) - Build ContainerSet costs 0s
2024-08-10 09:46:26,440 [b854613b-8f09-4112-b6f5-dfe1ac09e405-EndpointStateMachineTaskThread-/0.0.0.0:15532-0 ] INFO  volume.ThrottledAsyncChecker (ThrottledAsyncChecker.java:schedule(141)) - Scheduling a check for /home/runner/work/ozone/ozone/hadoop-ozone/integration-test/target/test-dir/MiniOzoneClusterImpl-76eaf92f-9dff-4d21-993f-c9a35837815b/ozone-meta/datanode-5/data-0/hdds
2024-08-10 09:46:26,440 [b854613b-8f09-4112-b6f5-dfe1ac09e405-EndpointStateMachineTaskThread-/0.0.0.0:15532-0 ] INFO  volume.StorageVolumeChecker (StorageVolumeChecker.java:checkAllVolumes(218)) - Scheduled health check for volume /home/runner/work/ozone/ozone/hadoop-ozone/integration-test/target/test-dir/MiniOzoneClusterImpl-76eaf92f-9dff-4d21-993f-c9a35837815b/ozone-meta/datanode-5/data-0/hdds
2024-08-10 09:46:26,441 [b854613b-8f09-4112-b6f5-dfe1ac09e405-EndpointStateMachineTaskThread-/0.0.0.0:15532-0 ] INFO  volume.ThrottledAsyncChecker (ThrottledAsyncChecker.java:schedule(141)) - Scheduling a check for /home/runner/work/ozone/ozone/hadoop-ozone/integration-test/target/test-dir/MiniOzoneClusterImpl-76eaf92f-9dff-4d21-993f-c9a35837815b/ozone-meta/datanode-5/ratis
2024-08-10 09:46:26,442 [b854613b-8f09-4112-b6f5-dfe1ac09e405-EndpointStateMachineTaskThread-/0.0.0.0:15532-0 ] INFO  volume.StorageVolumeChecker (StorageVolumeChecker.java:checkAllVolumes(218)) - Scheduled health check for volume /home/runner/work/ozone/ozone/hadoop-ozone/integration-test/target/test-dir/MiniOzoneClusterImpl-76eaf92f-9dff-4d21-993f-c9a35837815b/ozone-meta/datanode-5/ratis
2024-08-10 09:46:26,442 [b854613b-8f09-4112-b6f5-dfe1ac09e405-EndpointStateMachineTaskThread-/0.0.0.0:15532-0 ] INFO  ozoneimpl.OzoneContainer (OzoneContainer.java:start(459)) - Attempting to start container services.
2024-08-10 09:46:26,443 [b854613b-8f09-4112-b6f5-dfe1ac09e405-EndpointStateMachineTaskThread-/0.0.0.0:15532-0 ] WARN  ozoneimpl.OnDemandContainerDataScanner (OnDemandContainerDataScanner.java:init(75)) - Trying to initialize on demand scanner a second time on a datanode.
2024-08-10 09:46:26,443 [ContainerMetadataScanner] INFO  ozoneimpl.AbstractBackgroundContainerScanner (AbstractBackgroundContainerScanner.java:runIteration(87)) - Completed an iteration in 0 minutes. Number of iterations (since the data-node restart) : 1, Number of containers scanned in this iteration : 0, Number of unhealthy containers found in this iteration : 0
2024-08-10 09:46:26,443 [ContainerDataScanner(/home/runner/work/ozone/ozone/hadoop-ozone/integration-test/target/test-dir/MiniOzoneClusterImpl-76eaf92f-9dff-4d21-993f-c9a35837815b/ozone-meta/datanode-5/data-0/hdds)] INFO  ozoneimpl.AbstractBackgroundContainerScanner (AbstractBackgroundContainerScanner.java:runIteration(87)) - Completed an iteration in 0 minutes. Number of iterations (since the data-node restart) : 1, Number of containers scanned in this iteration : 0, Number of unhealthy containers found in this iteration : 0
2024-08-10 09:46:26,443 [b854613b-8f09-4112-b6f5-dfe1ac09e405-EndpointStateMachineTaskThread-/0.0.0.0:15532-0 ] INFO  replication.ReplicationServer (ReplicationServer.java:start(140)) - ReplicationServer is started using port 15582
2024-08-10 09:46:26,443 [b854613b-8f09-4112-b6f5-dfe1ac09e405-EndpointStateMachineTaskThread-/0.0.0.0:15532-0 ] INFO  ratis.XceiverServerRatis (XceiverServerRatis.java:start(559)) - Starting XceiverServerRatis b854613b-8f09-4112-b6f5-dfe1ac09e405
2024-08-10 09:46:26,444 [b854613b-8f09-4112-b6f5-dfe1ac09e405-EndpointStateMachineTaskThread-/0.0.0.0:15532-0 ] INFO  server.RaftServer (RaftServerProxy.java:startImpl(408)) - b854613b-8f09-4112-b6f5-dfe1ac09e405: start RPC server
2024-08-10 09:46:26,444 [b854613b-8f09-4112-b6f5-dfe1ac09e405-EndpointStateMachineTaskThread-/0.0.0.0:15532-0 ] INFO  server.GrpcService (GrpcService.java:startImpl(302)) - b854613b-8f09-4112-b6f5-dfe1ac09e405: GrpcService started, listening on 15578
2024-08-10 09:46:26,444 [b854613b-8f09-4112-b6f5-dfe1ac09e405-EndpointStateMachineTaskThread-/0.0.0.0:15532-0 ] INFO  ratis.XceiverServerRatis (XceiverServerRatis.java:getRealPort(585)) - XceiverServerRatis b854613b-8f09-4112-b6f5-dfe1ac09e405 is started using port 15578 for RATIS
2024-08-10 09:46:26,444 [JvmPauseMonitor80] INFO  util.JvmPauseMonitor (JvmPauseMonitor.java:run(146)) - JvmPauseMonitor-b854613b-8f09-4112-b6f5-dfe1ac09e405: Started
2024-08-10 09:46:26,444 [b854613b-8f09-4112-b6f5-dfe1ac09e405-EndpointStateMachineTaskThread-/0.0.0.0:15532-0 ] INFO  ratis.XceiverServerRatis (XceiverServerRatis.java:getRealPort(585)) - XceiverServerRatis b854613b-8f09-4112-b6f5-dfe1ac09e405 is started using port 15578 for RATIS_ADMIN
2024-08-10 09:46:26,444 [b854613b-8f09-4112-b6f5-dfe1ac09e405-EndpointStateMachineTaskThread-/0.0.0.0:15532-0 ] INFO  ratis.XceiverServerRatis (XceiverServerRatis.java:getRealPort(585)) - XceiverServerRatis b854613b-8f09-4112-b6f5-dfe1ac09e405 is started using port 15578 for RATIS_SERVER
2024-08-10 09:46:26,444 [b854613b-8f09-4112-b6f5-dfe1ac09e405-EndpointStateMachineTaskThread-/0.0.0.0:15532-0 ] INFO  ratis.XceiverServerRatis (XceiverServerRatis.java:getRealPort(585)) - XceiverServerRatis b854613b-8f09-4112-b6f5-dfe1ac09e405 is started using port 15581 for RATIS_DATASTREAM
2024-08-10 09:46:26,445 [b854613b-8f09-4112-b6f5-dfe1ac09e405-BlockDeletingService#0] INFO  interfaces.ContainerDeletionChoosingPolicyTemplate (ContainerDeletionChoosingPolicyTemplate.java:chooseContainerForBlockDeletion(85)) - Chosen 0/5000 blocks from 0 candidate containers.
2024-08-10 09:46:27,410 [main] INFO  ozone.MiniOzoneClusterImpl (MiniOzoneClusterImpl.java:lambda$waitForClusterToBeReady$0(198)) - Waiting for nodes to be ready. Got 0 of 5 DN Heartbeats.
2024-08-10 09:46:27,410 [main] INFO  ozone.MiniOzoneClusterImpl (MiniOzoneClusterImpl.java:lambda$waitForClusterToBeReady$0(201)) - Waiting for cluster to exit safe mode
2024-08-10 09:46:27,410 [main] INFO  ozone.MiniOzoneClusterImpl (MiniOzoneClusterImpl.java:lambda$waitForClusterToBeReady$0(203)) - SCM became leader
2024-08-10 09:46:27,503 [IPC Server handler 4 on default port 15532] INFO  net.NetworkTopologyImpl (NetworkTopologyImpl.java:add(134)) - Added a new node: /default-rack/2de4195a-f779-4305-af6f-892378b3f55f
2024-08-10 09:46:27,503 [IPC Server handler 4 on default port 15532] INFO  node.SCMNodeManager (SCMNodeManager.java:register(422)) - Registered datanode: 2de4195a-f779-4305-af6f-892378b3f55f{ip: 127.0.0.1, host: localhost, ports: [HTTP=15539, CLIENT_RPC=15540, REPLICATION=15546, RATIS=15542, RATIS_ADMIN=15542, RATIS_SERVER=15542, RATIS_DATASTREAM=15545, STANDALONE=15541], networkLocation: /default-rack, certSerialId: null, persistedOpState: null, persistedOpStateExpiryEpochSec: 0}
2024-08-10 09:46:27,503 [EventQueue-NewNodeForNewNodeHandler] INFO  pipeline.BackgroundPipelineCreator (BackgroundPipelineCreator.java:notifyEventTriggered(280)) - trigger a one-shot run on RatisPipelineUtilsThread.
2024-08-10 09:46:27,504 [RatisPipelineUtilsThread-0] INFO  pipeline.RatisPipelineProvider (RatisPipelineProvider.java:lambda$create$0(205)) - Sending CreatePipelineCommand for pipeline:PipelineID=3819fe9b-8b09-4e2a-8c31-01bc844751b2 to datanode:2de4195a-f779-4305-af6f-892378b3f55f
2024-08-10 09:46:27,504 [EventQueue-PipelineReportForOneReplicaPipelineSafeModeRule] INFO  safemode.SCMSafeModeManager (SCMSafeModeManager.java:validateSafeModeExitRules(203)) - AtleastOneDatanodeReportedRule rule is successfully validated
2024-08-10 09:46:27,504 [EventQueue-NodeRegistrationContainerReportForDataNodeSafeModeRule] INFO  safemode.SCMSafeModeManager (DataNodeSafeModeRule.java:process(71)) - SCM in safe mode. 1 DataNodes registered, 3 required.
2024-08-10 09:46:27,504 [EventQueue-NodeRegistrationContainerReportForContainerSafeModeRule] INFO  safemode.SCMSafeModeManager (SCMSafeModeManager.java:validateSafeModeExitRules(203)) - ContainerSafeModeRule rule is successfully validated
2024-08-10 09:46:27,505 [RatisPipelineUtilsThread-0] INFO  pipeline.BackgroundPipelineCreator (BackgroundPipelineCreator.java:createPipelines(236)) - Created new pipeline Pipeline[ Id: 3819fe9b-8b09-4e2a-8c31-01bc844751b2, Nodes: 2de4195a-f779-4305-af6f-892378b3f55f(localhost/127.0.0.1) ReplicaIndex: 0, ReplicationConfig: RATIS/ONE, State:ALLOCATED, leaderId:, CreationTimestamp2024-08-10T09:46:27.504272168Z[Etc/UTC]]
2024-08-10 09:46:27,731 [IPC Server handler 0 on default port 15532] INFO  net.NetworkTopologyImpl (NetworkTopologyImpl.java:add(134)) - Added a new node: /default-rack/bc9bd5ba-19eb-4eb9-bb97-9549088a2cda
2024-08-10 09:46:27,731 [IPC Server handler 0 on default port 15532] INFO  node.SCMNodeManager (SCMNodeManager.java:register(422)) - Registered datanode: bc9bd5ba-19eb-4eb9-bb97-9549088a2cda{ip: 127.0.0.1, host: localhost, ports: [HTTP=15548, CLIENT_RPC=15549, REPLICATION=15555, RATIS=15551, RATIS_ADMIN=15551, RATIS_SERVER=15551, RATIS_DATASTREAM=15554, STANDALONE=15550], networkLocation: /default-rack, certSerialId: null, persistedOpState: null, persistedOpStateExpiryEpochSec: 0}
2024-08-10 09:46:27,731 [EventQueue-NodeRegistrationContainerReportForDataNodeSafeModeRule] INFO  safemode.SCMSafeModeManager (DataNodeSafeModeRule.java:process(71)) - SCM in safe mode. 2 DataNodes registered, 3 required.
2024-08-10 09:46:27,732 [EventQueue-NewNodeForNewNodeHandler] INFO  pipeline.BackgroundPipelineCreator (BackgroundPipelineCreator.java:notifyEventTriggered(280)) - trigger a one-shot run on RatisPipelineUtilsThread.
2024-08-10 09:46:27,732 [RatisPipelineUtilsThread-0] INFO  pipeline.RatisPipelineProvider (RatisPipelineProvider.java:lambda$create$0(205)) - Sending CreatePipelineCommand for pipeline:PipelineID=90393f32-55d7-4999-b748-93fe19252a7e to datanode:bc9bd5ba-19eb-4eb9-bb97-9549088a2cda
2024-08-10 09:46:27,732 [RatisPipelineUtilsThread-0] INFO  pipeline.BackgroundPipelineCreator (BackgroundPipelineCreator.java:createPipelines(236)) - Created new pipeline Pipeline[ Id: 90393f32-55d7-4999-b748-93fe19252a7e, Nodes: bc9bd5ba-19eb-4eb9-bb97-9549088a2cda(localhost/127.0.0.1) ReplicaIndex: 0, ReplicationConfig: RATIS/ONE, State:ALLOCATED, leaderId:, CreationTimestamp2024-08-10T09:46:27.732649615Z[Etc/UTC]]
2024-08-10 09:46:27,959 [IPC Server handler 1 on default port 15532] INFO  net.NetworkTopologyImpl (NetworkTopologyImpl.java:add(134)) - Added a new node: /default-rack/0d551621-3a78-470c-abdb-c40a133c0b47
2024-08-10 09:46:27,959 [IPC Server handler 1 on default port 15532] INFO  node.SCMNodeManager (SCMNodeManager.java:register(422)) - Registered datanode: 0d551621-3a78-470c-abdb-c40a133c0b47{ip: 127.0.0.1, host: localhost, ports: [HTTP=15557, CLIENT_RPC=15558, REPLICATION=15564, RATIS=15560, RATIS_ADMIN=15560, RATIS_SERVER=15560, RATIS_DATASTREAM=15563, STANDALONE=15559], networkLocation: /default-rack, certSerialId: null, persistedOpState: null, persistedOpStateExpiryEpochSec: 0}
2024-08-10 09:46:27,959 [EventQueue-NodeRegistrationContainerReportForDataNodeSafeModeRule] INFO  safemode.SCMSafeModeManager (DataNodeSafeModeRule.java:process(71)) - SCM in safe mode. 3 DataNodes registered, 3 required.
2024-08-10 09:46:27,959 [EventQueue-NodeRegistrationContainerReportForDataNodeSafeModeRule] INFO  safemode.SCMSafeModeManager (SCMSafeModeManager.java:validateSafeModeExitRules(203)) - DataNodeSafeModeRule rule is successfully validated
2024-08-10 09:46:27,959 [EventQueue-NewNodeForNewNodeHandler] INFO  pipeline.BackgroundPipelineCreator (BackgroundPipelineCreator.java:notifyEventTriggered(280)) - trigger a one-shot run on RatisPipelineUtilsThread.
2024-08-10 09:46:27,959 [EventQueue-NodeRegistrationContainerReportForDataNodeSafeModeRule] INFO  safemode.SCMSafeModeManager (SCMSafeModeManager.java:completePreCheck(232)) - All SCM safe mode pre check rules have passed
2024-08-10 09:46:27,959 [EventQueue-NodeRegistrationContainerReportForDataNodeSafeModeRule] INFO  ha.SCMContext (SCMContext.java:updateSafeModeStatus(225)) - Update SafeModeStatus from SafeModeStatus{safeModeStatus=true, preCheckPassed=false} to SafeModeStatus{safeModeStatus=true, preCheckPassed=true}.
2024-08-10 09:46:27,959 [EventQueue-NodeRegistrationContainerReportForDataNodeSafeModeRule] INFO  pipeline.BackgroundPipelineCreator (BackgroundPipelineCreator.java:notifyEventTriggered(280)) - trigger a one-shot run on RatisPipelineUtilsThread.
2024-08-10 09:46:27,960 [RatisPipelineUtilsThread-0] INFO  pipeline.RatisPipelineProvider (RatisPipelineProvider.java:lambda$create$0(205)) - Sending CreatePipelineCommand for pipeline:PipelineID=dac01b93-57b3-46b8-aa60-9d311f7289e9 to datanode:0d551621-3a78-470c-abdb-c40a133c0b47
2024-08-10 09:46:27,960 [RatisPipelineUtilsThread-0] INFO  pipeline.BackgroundPipelineCreator (BackgroundPipelineCreator.java:createPipelines(236)) - Created new pipeline Pipeline[ Id: dac01b93-57b3-46b8-aa60-9d311f7289e9, Nodes: 0d551621-3a78-470c-abdb-c40a133c0b47(localhost/127.0.0.1) ReplicaIndex: 0, ReplicationConfig: RATIS/ONE, State:ALLOCATED, leaderId:, CreationTimestamp2024-08-10T09:46:27.960009626Z[Etc/UTC]]
2024-08-10 09:46:27,960 [RatisPipelineUtilsThread-0] INFO  pipeline.RatisPipelineProvider (RatisPipelineProvider.java:lambda$create$0(205)) - Sending CreatePipelineCommand for pipeline:PipelineID=6d48bf66-bbcb-454f-be82-f5900b241937 to datanode:2de4195a-f779-4305-af6f-892378b3f55f
2024-08-10 09:46:27,960 [RatisPipelineUtilsThread-0] INFO  pipeline.RatisPipelineProvider (RatisPipelineProvider.java:lambda$create$0(205)) - Sending CreatePipelineCommand for pipeline:PipelineID=6d48bf66-bbcb-454f-be82-f5900b241937 to datanode:bc9bd5ba-19eb-4eb9-bb97-9549088a2cda
2024-08-10 09:46:27,960 [RatisPipelineUtilsThread-0] INFO  pipeline.RatisPipelineProvider (RatisPipelineProvider.java:lambda$create$0(205)) - Sending CreatePipelineCommand for pipeline:PipelineID=6d48bf66-bbcb-454f-be82-f5900b241937 to datanode:0d551621-3a78-470c-abdb-c40a133c0b47
2024-08-10 09:46:27,960 [RatisPipelineUtilsThread-0] INFO  pipeline.BackgroundPipelineCreator (BackgroundPipelineCreator.java:createPipelines(236)) - Created new pipeline Pipeline[ Id: 6d48bf66-bbcb-454f-be82-f5900b241937, Nodes: 2de4195a-f779-4305-af6f-892378b3f55f(localhost/127.0.0.1) ReplicaIndex: 0bc9bd5ba-19eb-4eb9-bb97-9549088a2cda(localhost/127.0.0.1) ReplicaIndex: 00d551621-3a78-470c-abdb-c40a133c0b47(localhost/127.0.0.1) ReplicaIndex: 0, ReplicationConfig: RATIS/THREE, State:ALLOCATED, leaderId:, CreationTimestamp2024-08-10T09:46:27.960607221Z[Etc/UTC]]
2024-08-10 09:46:27,961 [RatisPipelineUtilsThread-0] INFO  pipeline.RatisPipelineProvider (RatisPipelineProvider.java:lambda$create$0(205)) - Sending CreatePipelineCommand for pipeline:PipelineID=860780ba-ebaa-4f50-9042-9e8cb2d7ecce to datanode:0d551621-3a78-470c-abdb-c40a133c0b47
2024-08-10 09:46:27,961 [RatisPipelineUtilsThread-0] INFO  pipeline.RatisPipelineProvider (RatisPipelineProvider.java:lambda$create$0(205)) - Sending CreatePipelineCommand for pipeline:PipelineID=860780ba-ebaa-4f50-9042-9e8cb2d7ecce to datanode:2de4195a-f779-4305-af6f-892378b3f55f
2024-08-10 09:46:27,961 [RatisPipelineUtilsThread-0] INFO  pipeline.RatisPipelineProvider (RatisPipelineProvider.java:lambda$create$0(205)) - Sending CreatePipelineCommand for pipeline:PipelineID=860780ba-ebaa-4f50-9042-9e8cb2d7ecce to datanode:bc9bd5ba-19eb-4eb9-bb97-9549088a2cda
2024-08-10 09:46:27,961 [RatisPipelineUtilsThread-0] INFO  pipeline.PipelineManagerImpl (PipelineManagerImpl.java:recordMetricsForPipeline(916)) - Pipeline: PipelineID=860780ba-ebaa-4f50-9042-9e8cb2d7ecce contains same datanodes as previous pipelines: PipelineID=6d48bf66-bbcb-454f-be82-f5900b241937 nodeIds: 0d551621-3a78-470c-abdb-c40a133c0b47, 2de4195a-f779-4305-af6f-892378b3f55f, bc9bd5ba-19eb-4eb9-bb97-9549088a2cda
2024-08-10 09:46:27,961 [RatisPipelineUtilsThread-0] INFO  pipeline.BackgroundPipelineCreator (BackgroundPipelineCreator.java:createPipelines(236)) - Created new pipeline Pipeline[ Id: 860780ba-ebaa-4f50-9042-9e8cb2d7ecce, Nodes: 0d551621-3a78-470c-abdb-c40a133c0b47(localhost/127.0.0.1) ReplicaIndex: 02de4195a-f779-4305-af6f-892378b3f55f(localhost/127.0.0.1) ReplicaIndex: 0bc9bd5ba-19eb-4eb9-bb97-9549088a2cda(localhost/127.0.0.1) ReplicaIndex: 0, ReplicationConfig: RATIS/THREE, State:ALLOCATED, leaderId:, CreationTimestamp2024-08-10T09:46:27.961229803Z[Etc/UTC]]
2024-08-10 09:46:27,961 [RatisPipelineUtilsThread-0] INFO  pipeline.RatisPipelineProvider (RatisPipelineProvider.java:lambda$create$0(205)) - Sending CreatePipelineCommand for pipeline:PipelineID=d8b6da3e-4ef5-4f79-9fc3-a2590a4ce48a to datanode:bc9bd5ba-19eb-4eb9-bb97-9549088a2cda
2024-08-10 09:46:27,962 [RatisPipelineUtilsThread-0] INFO  pipeline.RatisPipelineProvider (RatisPipelineProvider.java:lambda$create$0(205)) - Sending CreatePipelineCommand for pipeline:PipelineID=d8b6da3e-4ef5-4f79-9fc3-a2590a4ce48a to datanode:2de4195a-f779-4305-af6f-892378b3f55f
2024-08-10 09:46:27,962 [RatisPipelineUtilsThread-0] INFO  pipeline.RatisPipelineProvider (RatisPipelineProvider.java:lambda$create$0(205)) - Sending CreatePipelineCommand for pipeline:PipelineID=d8b6da3e-4ef5-4f79-9fc3-a2590a4ce48a to datanode:0d551621-3a78-470c-abdb-c40a133c0b47
2024-08-10 09:46:27,962 [RatisPipelineUtilsThread-0] INFO  pipeline.PipelineManagerImpl (PipelineManagerImpl.java:recordMetricsForPipeline(916)) - Pipeline: PipelineID=d8b6da3e-4ef5-4f79-9fc3-a2590a4ce48a contains same datanodes as previous pipelines: PipelineID=860780ba-ebaa-4f50-9042-9e8cb2d7ecce nodeIds: bc9bd5ba-19eb-4eb9-bb97-9549088a2cda, 2de4195a-f779-4305-af6f-892378b3f55f, 0d551621-3a78-470c-abdb-c40a133c0b47
2024-08-10 09:46:27,962 [RatisPipelineUtilsThread-0] INFO  pipeline.PipelineManagerImpl (PipelineManagerImpl.java:recordMetricsForPipeline(916)) - Pipeline: PipelineID=d8b6da3e-4ef5-4f79-9fc3-a2590a4ce48a contains same datanodes as previous pipelines: PipelineID=6d48bf66-bbcb-454f-be82-f5900b241937 nodeIds: bc9bd5ba-19eb-4eb9-bb97-9549088a2cda, 2de4195a-f779-4305-af6f-892378b3f55f, 0d551621-3a78-470c-abdb-c40a133c0b47
2024-08-10 09:46:27,962 [RatisPipelineUtilsThread-0] INFO  pipeline.BackgroundPipelineCreator (BackgroundPipelineCreator.java:createPipelines(236)) - Created new pipeline Pipeline[ Id: d8b6da3e-4ef5-4f79-9fc3-a2590a4ce48a, Nodes: bc9bd5ba-19eb-4eb9-bb97-9549088a2cda(localhost/127.0.0.1) ReplicaIndex: 02de4195a-f779-4305-af6f-892378b3f55f(localhost/127.0.0.1) ReplicaIndex: 00d551621-3a78-470c-abdb-c40a133c0b47(localhost/127.0.0.1) ReplicaIndex: 0, ReplicationConfig: RATIS/THREE, State:ALLOCATED, leaderId:, CreationTimestamp2024-08-10T09:46:27.961976612Z[Etc/UTC]]
2024-08-10 09:46:28,185 [IPC Server handler 2 on default port 15532] INFO  net.NetworkTopologyImpl (NetworkTopologyImpl.java:add(134)) - Added a new node: /default-rack/ded8f376-93b7-4f19-a98d-0130ebbb5559
2024-08-10 09:46:28,185 [IPC Server handler 2 on default port 15532] INFO  node.SCMNodeManager (SCMNodeManager.java:register(422)) - Registered datanode: ded8f376-93b7-4f19-a98d-0130ebbb5559{ip: 127.0.0.1, host: localhost, ports: [HTTP=15566, CLIENT_RPC=15567, REPLICATION=15573, RATIS=15569, RATIS_ADMIN=15569, RATIS_SERVER=15569, RATIS_DATASTREAM=15572, STANDALONE=15568], networkLocation: /default-rack, certSerialId: null, persistedOpState: null, persistedOpStateExpiryEpochSec: 0}
2024-08-10 09:46:28,186 [EventQueue-NewNodeForNewNodeHandler] INFO  pipeline.BackgroundPipelineCreator (BackgroundPipelineCreator.java:notifyEventTriggered(280)) - trigger a one-shot run on RatisPipelineUtilsThread.
2024-08-10 09:46:28,186 [RatisPipelineUtilsThread-0] INFO  pipeline.RatisPipelineProvider (RatisPipelineProvider.java:lambda$create$0(205)) - Sending CreatePipelineCommand for pipeline:PipelineID=94e2a7b4-60dc-4caa-b146-e83312727724 to datanode:ded8f376-93b7-4f19-a98d-0130ebbb5559
2024-08-10 09:46:28,186 [RatisPipelineUtilsThread-0] INFO  pipeline.BackgroundPipelineCreator (BackgroundPipelineCreator.java:createPipelines(236)) - Created new pipeline Pipeline[ Id: 94e2a7b4-60dc-4caa-b146-e83312727724, Nodes: ded8f376-93b7-4f19-a98d-0130ebbb5559(localhost/127.0.0.1) ReplicaIndex: 0, ReplicationConfig: RATIS/ONE, State:ALLOCATED, leaderId:, CreationTimestamp2024-08-10T09:46:28.186410892Z[Etc/UTC]]
2024-08-10 09:46:28,409 [IPC Server handler 3 on default port 15532] INFO  net.NetworkTopologyImpl (NetworkTopologyImpl.java:add(134)) - Added a new node: /default-rack/b854613b-8f09-4112-b6f5-dfe1ac09e405
2024-08-10 09:46:28,409 [IPC Server handler 3 on default port 15532] INFO  node.SCMNodeManager (SCMNodeManager.java:register(422)) - Registered datanode: b854613b-8f09-4112-b6f5-dfe1ac09e405{ip: 127.0.0.1, host: localhost, ports: [HTTP=15575, CLIENT_RPC=15576, REPLICATION=15582, RATIS=15578, RATIS_ADMIN=15578, RATIS_SERVER=15578, RATIS_DATASTREAM=15581, STANDALONE=15577], networkLocation: /default-rack, certSerialId: null, persistedOpState: null, persistedOpStateExpiryEpochSec: 0}
2024-08-10 09:46:28,409 [EventQueue-NewNodeForNewNodeHandler] INFO  pipeline.BackgroundPipelineCreator (BackgroundPipelineCreator.java:notifyEventTriggered(280)) - trigger a one-shot run on RatisPipelineUtilsThread.
2024-08-10 09:46:28,409 [RatisPipelineUtilsThread-0] INFO  pipeline.RatisPipelineProvider (RatisPipelineProvider.java:lambda$create$0(205)) - Sending CreatePipelineCommand for pipeline:PipelineID=21fc0e6a-cba8-4d59-89b1-5dab2127802c to datanode:b854613b-8f09-4112-b6f5-dfe1ac09e405
2024-08-10 09:46:28,410 [RatisPipelineUtilsThread-0] INFO  pipeline.BackgroundPipelineCreator (BackgroundPipelineCreator.java:createPipelines(236)) - Created new pipeline Pipeline[ Id: 21fc0e6a-cba8-4d59-89b1-5dab2127802c, Nodes: b854613b-8f09-4112-b6f5-dfe1ac09e405(localhost/127.0.0.1) ReplicaIndex: 0, ReplicationConfig: RATIS/ONE, State:ALLOCATED, leaderId:, CreationTimestamp2024-08-10T09:46:28.409966670Z[Etc/UTC]]
2024-08-10 09:46:28,414 [main] INFO  ozone.MiniOzoneClusterImpl (MiniOzoneClusterImpl.java:lambda$waitForClusterToBeReady$0(198)) - Nodes are ready. Got 5 of 5 DN Heartbeats.
2024-08-10 09:46:28,414 [main] INFO  ozone.MiniOzoneClusterImpl (MiniOzoneClusterImpl.java:lambda$waitForClusterToBeReady$0(201)) - Waiting for cluster to exit safe mode
2024-08-10 09:46:28,414 [main] INFO  ozone.MiniOzoneClusterImpl (MiniOzoneClusterImpl.java:lambda$waitForClusterToBeReady$0(203)) - SCM became leader
2024-08-10 09:46:29,415 [main] INFO  ozone.MiniOzoneClusterImpl (MiniOzoneClusterImpl.java:lambda$waitForClusterToBeReady$0(198)) - Nodes are ready. Got 5 of 5 DN Heartbeats.
2024-08-10 09:46:29,415 [main] INFO  ozone.MiniOzoneClusterImpl (MiniOzoneClusterImpl.java:lambda$waitForClusterToBeReady$0(201)) - Waiting for cluster to exit safe mode
2024-08-10 09:46:29,415 [main] INFO  ozone.MiniOzoneClusterImpl (MiniOzoneClusterImpl.java:lambda$waitForClusterToBeReady$0(203)) - SCM became leader
2024-08-10 09:46:30,415 [main] INFO  ozone.MiniOzoneClusterImpl (MiniOzoneClusterImpl.java:lambda$waitForClusterToBeReady$0(198)) - Nodes are ready. Got 5 of 5 DN Heartbeats.
2024-08-10 09:46:30,415 [main] INFO  ozone.MiniOzoneClusterImpl (MiniOzoneClusterImpl.java:lambda$waitForClusterToBeReady$0(201)) - Waiting for cluster to exit safe mode
2024-08-10 09:46:30,415 [main] INFO  ozone.MiniOzoneClusterImpl (MiniOzoneClusterImpl.java:lambda$waitForClusterToBeReady$0(203)) - SCM became leader
2024-08-10 09:46:30,503 [2de4195a-f779-4305-af6f-892378b3f55f-PipelineCommandHandlerThread-0] INFO  server.RaftServer (RaftServerProxy.java:addNew(101)) - 2de4195a-f779-4305-af6f-892378b3f55f: addNew group-01BC844751B2:[2de4195a-f779-4305-af6f-892378b3f55f|127.0.0.1:15542] returns group-01BC844751B2:java.util.concurrent.CompletableFuture@13e2d351[Not completed]
2024-08-10 09:46:30,504 [2de4195a-f779-4305-af6f-892378b3f55f-groupManagement] INFO  server.RaftServer$Division (RaftServerImpl.java:<init>(253)) - 2de4195a-f779-4305-af6f-892378b3f55f: new RaftServerImpl for group-01BC844751B2:[2de4195a-f779-4305-af6f-892378b3f55f|127.0.0.1:15542] with ContainerStateMachine:uninitialized
2024-08-10 09:46:30,504 [2de4195a-f779-4305-af6f-892378b3f55f-groupManagement] INFO  server.RaftServerConfigKeys (ConfUtils.java:logGet(46)) - raft.server.rpc.timeout.min = 5s (custom)
2024-08-10 09:46:30,504 [2de4195a-f779-4305-af6f-892378b3f55f-groupManagement] INFO  server.RaftServerConfigKeys (ConfUtils.java:logGet(46)) - raft.server.rpc.timeout.max = 5200ms (custom)
2024-08-10 09:46:30,504 [2de4195a-f779-4305-af6f-892378b3f55f-groupManagement] INFO  server.RaftServerConfigKeys (ConfUtils.java:logGet(46)) - raft.server.rpc.sleep.time = 25ms (default)
2024-08-10 09:46:30,504 [2de4195a-f779-4305-af6f-892378b3f55f-groupManagement] INFO  server.RaftServerConfigKeys (ConfUtils.java:logGet(46)) - raft.server.rpc.slowness.timeout = 300000ms (custom)
2024-08-10 09:46:30,504 [2de4195a-f779-4305-af6f-892378b3f55f-groupManagement] INFO  server.RaftServerConfigKeys (ConfUtils.java:logGet(46)) - raft.server.leaderelection.leader.step-down.wait-time = 10s (default)
2024-08-10 09:46:30,504 [2de4195a-f779-4305-af6f-892378b3f55f-groupManagement] INFO  server.RaftServerConfigKeys (ConfUtils.java:logGet(46)) - raft.server.leaderelection.member.majority-add = false (default)
2024-08-10 09:46:30,504 [2de4195a-f779-4305-af6f-892378b3f55f-groupManagement] INFO  server.RaftServerConfigKeys (ConfUtils.java:logGet(46)) - raft.server.sleep.deviation.threshold = 300ms (default)
2024-08-10 09:46:30,504 [2de4195a-f779-4305-af6f-892378b3f55f-groupManagement] INFO  server.RaftServer$Division (ServerState.java:<init>(114)) - 2de4195a-f779-4305-af6f-892378b3f55f@group-01BC844751B2: ConfigurationManager, init=conf: {index: -1, cur=peers:[2de4195a-f779-4305-af6f-892378b3f55f|127.0.0.1:15542]|listeners:[], old=null}, confs=<EMPTY_MAP>
2024-08-10 09:46:30,504 [2de4195a-f779-4305-af6f-892378b3f55f-groupManagement] INFO  server.RaftServerConfigKeys (ConfUtils.java:logGet(46)) - raft.server.notification.no-leader.timeout = 300000ms (custom)
2024-08-10 09:46:30,504 [2de4195a-f779-4305-af6f-892378b3f55f-groupManagement] INFO  server.RaftServerConfigKeys (ConfUtils.java:logGet(46)) - raft.server.read.timeout = 10s (default)
2024-08-10 09:46:30,504 [2de4195a-f779-4305-af6f-892378b3f55f-groupManagement] INFO  server.RaftServerConfigKeys (ConfUtils.java:logGet(46)) - raft.server.retrycache.expirytime = 600000ms (custom)
2024-08-10 09:46:30,504 [2de4195a-f779-4305-af6f-892378b3f55f-groupManagement] INFO  server.RaftServerConfigKeys (ConfUtils.java:logGet(46)) - raft.server.retrycache.statistics.expirytime = 100ms (default)
2024-08-10 09:46:30,505 [2de4195a-f779-4305-af6f-892378b3f55f-groupManagement] INFO  server.RaftServerConfigKeys (ConfUtils.java:logGet(46)) - raft.server.read.option = DEFAULT (default)
2024-08-10 09:46:30,505 [2de4195a-f779-4305-af6f-892378b3f55f-groupManagement] INFO  server.RaftServerConfigKeys (ConfUtils.java:logGet(46)) - raft.server.read.read-after-write-consistent.write-index-cache.expiry-time = 60s (default)
2024-08-10 09:46:30,506 [2de4195a-f779-4305-af6f-892378b3f55f-groupManagement] INFO  server.RaftServerConfigKeys (ConfUtils.java:logGet(46)) - raft.server.rpc.request.timeout = 3000ms (default)
2024-08-10 09:46:30,506 [2de4195a-f779-4305-af6f-892378b3f55f-groupManagement] INFO  server.RaftServerConfigKeys (ConfUtils.java:logGet(46)) - raft.server.log.appender.install.snapshot.enabled = false (custom)
2024-08-10 09:46:30,506 [2de4195a-f779-4305-af6f-892378b3f55f-groupManagement] INFO  server.RaftServerConfigKeys (ConfUtils.java:logGet(46)) - raft.server.threadpool.server.cached = true (default)
2024-08-10 09:46:30,506 [2de4195a-f779-4305-af6f-892378b3f55f-groupManagement] INFO  server.RaftServerConfigKeys (ConfUtils.java:logGet(46)) - raft.server.threadpool.server.size = 0 (default)
2024-08-10 09:46:30,506 [2de4195a-f779-4305-af6f-892378b3f55f-groupManagement] INFO  server.RaftServerConfigKeys (ConfUtils.java:logGet(46)) - raft.server.threadpool.client.cached = true (default)
2024-08-10 09:46:30,506 [2de4195a-f779-4305-af6f-892378b3f55f-groupManagement] INFO  server.RaftServerConfigKeys (ConfUtils.java:logGet(46)) - raft.server.threadpool.client.size = 0 (default)
2024-08-10 09:46:30,506 [2de4195a-f779-4305-af6f-892378b3f55f-groupManagement] INFO  server.RaftServerConfigKeys (ConfUtils.java:logGet(46)) - raft.server.storage.free-space.min = 0MB (=0) (default)
2024-08-10 09:46:30,506 [2de4195a-f779-4305-af6f-892378b3f55f-groupManagement] INFO  server.RaftServerConfigKeys (ConfUtils.java:logGet(46)) - raft.server.log.corruption.policy = EXCEPTION (default)
2024-08-10 09:46:30,506 [2de4195a-f779-4305-af6f-892378b3f55f-groupManagement] INFO  server.RaftServerConfigKeys (ConfUtils.java:logGet(46)) - raft.server.storage.dir = [/home/runner/work/ozone/ozone/hadoop-ozone/integration-test/target/test-dir/MiniOzoneClusterImpl-76eaf92f-9dff-4d21-993f-c9a35837815b/ozone-meta/datanode-1/ratis] (custom)
2024-08-10 09:46:30,507 [2de4195a-f779-4305-af6f-892378b3f55f-groupManagement] INFO  storage.RaftStorageDirectory (RaftStorageDirectoryImpl.java:analyzeStorage(138)) - The storage directory /home/runner/work/ozone/ozone/hadoop-ozone/integration-test/target/test-dir/MiniOzoneClusterImpl-76eaf92f-9dff-4d21-993f-c9a35837815b/ozone-meta/datanode-1/ratis/3819fe9b-8b09-4e2a-8c31-01bc844751b2 does not exist. Creating ...
2024-08-10 09:46:30,508 [2de4195a-f779-4305-af6f-892378b3f55f-groupManagement] INFO  storage.RaftStorageDirectory (RaftStorageDirectoryImpl.java:tryLock(229)) - Lock on /home/runner/work/ozone/ozone/hadoop-ozone/integration-test/target/test-dir/MiniOzoneClusterImpl-76eaf92f-9dff-4d21-993f-c9a35837815b/ozone-meta/datanode-1/ratis/3819fe9b-8b09-4e2a-8c31-01bc844751b2/in_use.lock acquired by nodename 50124@fv-az701-157
2024-08-10 09:46:30,509 [2de4195a-f779-4305-af6f-892378b3f55f-groupManagement] INFO  storage.RaftStorage (RaftStorageImpl.java:format(98)) - Storage directory /home/runner/work/ozone/ozone/hadoop-ozone/integration-test/target/test-dir/MiniOzoneClusterImpl-76eaf92f-9dff-4d21-993f-c9a35837815b/ozone-meta/datanode-1/ratis/3819fe9b-8b09-4e2a-8c31-01bc844751b2 has been successfully formatted.
2024-08-10 09:46:30,509 [2de4195a-f779-4305-af6f-892378b3f55f-groupManagement] INFO  ratis.ContainerStateMachine (ContainerStateMachine.java:loadSnapshot(287)) - group-01BC844751B2: The snapshot info is null. Setting the last applied index to:(t:0, i:~)
2024-08-10 09:46:30,509 [2de4195a-f779-4305-af6f-892378b3f55f-groupManagement] INFO  server.RaftServerConfigKeys (ConfUtils.java:logGet(46)) - raft.server.log.use.memory = false (default)
2024-08-10 09:46:30,509 [2de4195a-f779-4305-af6f-892378b3f55f-groupManagement] INFO  server.RaftServerConfigKeys (ConfUtils.java:logGet(46)) - raft.server.log.purge.gap = 1000000 (custom)
2024-08-10 09:46:30,509 [2de4195a-f779-4305-af6f-892378b3f55f-groupManagement] INFO  server.RaftServerConfigKeys (ConfUtils.java:logGet(46)) - raft.server.log.appender.buffer.byte-limit = 8388608 (custom)
2024-08-10 09:46:30,510 [2de4195a-f779-4305-af6f-892378b3f55f-groupManagement] INFO  server.RaftServerConfigKeys (ConfUtils.java:logGet(46)) - raft.server.log.statemachine.data.read.timeout = 1000ms (default)
2024-08-10 09:46:30,510 [2de4195a-f779-4305-af6f-892378b3f55f-groupManagement] INFO  server.RaftServerConfigKeys (ConfUtils.java:logGet(46)) - raft.server.log.purge.preservation.log.num = 0 (default)
2024-08-10 09:46:30,510 [EventQueue-PipelineReportForPipelineReportHandler] INFO  pipeline.PipelineReportHandler (PipelineReportHandler.java:processPipelineReport(136)) - Opened pipeline PipelineID=3819fe9b-8b09-4e2a-8c31-01bc844751b2
2024-08-10 09:46:30,510 [EventQueue-OpenPipelineForHealthyPipelineSafeModeRule] INFO  safemode.SCMSafeModeManager (HealthyPipelineSafeModeRule.java:process(140)) - SCM in safe mode. Healthy pipelines reported count is 0, required healthy pipeline reported count is 1
2024-08-10 09:46:30,511 [2de4195a-f779-4305-af6f-892378b3f55f-groupManagement] INFO  server.RaftServerConfigKeys (ConfUtils.java:logGet(46)) - raft.server.log.segment.size.max = 67108864 (custom)
2024-08-10 09:46:30,511 [2de4195a-f779-4305-af6f-892378b3f55f-groupManagement] INFO  server.RaftServerConfigKeys (ConfUtils.java:logGet(46)) - raft.server.log.segment.cache.num.max = 2 (custom)
2024-08-10 09:46:30,511 [2de4195a-f779-4305-af6f-892378b3f55f-groupManagement] INFO  server.RaftServerConfigKeys (ConfUtils.java:logGet(46)) - raft.server.log.segment.cache.size.max = 200MB (=209715200) (default)
2024-08-10 09:46:30,511 [2de4195a-f779-4305-af6f-892378b3f55f-groupManagement] INFO  server.RaftServerConfigKeys (ConfUtils.java:logGet(46)) - raft.server.log.appender.buffer.byte-limit = 8388608 (custom)
2024-08-10 09:46:30,511 [2de4195a-f779-4305-af6f-892378b3f55f-groupManagement] INFO  util.AwaitToRun (AwaitToRun.java:start(81)) - Thread[2de4195a-f779-4305-af6f-892378b3f55f@group-01BC844751B2-cacheEviction-AwaitToRun,5,main] started
2024-08-10 09:46:30,511 [2de4195a-f779-4305-af6f-892378b3f55f-groupManagement] INFO  segmented.SegmentedRaftLogWorker (SegmentedRaftLogWorker.java:<init>(184)) - new 2de4195a-f779-4305-af6f-892378b3f55f@group-01BC844751B2-SegmentedRaftLogWorker for RaftStorageImpl:Storage Directory /home/runner/work/ozone/ozone/hadoop-ozone/integration-test/target/test-dir/MiniOzoneClusterImpl-76eaf92f-9dff-4d21-993f-c9a35837815b/ozone-meta/datanode-1/ratis/3819fe9b-8b09-4e2a-8c31-01bc844751b2
2024-08-10 09:46:30,511 [2de4195a-f779-4305-af6f-892378b3f55f-groupManagement] INFO  server.RaftServerConfigKeys (ConfUtils.java:logGet(46)) - raft.server.log.queue.byte-limit = 4294967296 (custom)
2024-08-10 09:46:30,511 [2de4195a-f779-4305-af6f-892378b3f55f-groupManagement] INFO  server.RaftServerConfigKeys (ConfUtils.java:logGet(46)) - raft.server.log.queue.element-limit = 1024 (custom)
2024-08-10 09:46:30,511 [2de4195a-f779-4305-af6f-892378b3f55f-groupManagement] INFO  server.RaftServerConfigKeys (ConfUtils.java:logGet(46)) - raft.server.log.segment.size.max = 67108864 (custom)
2024-08-10 09:46:30,511 [2de4195a-f779-4305-af6f-892378b3f55f-groupManagement] INFO  server.RaftServerConfigKeys (ConfUtils.java:logGet(46)) - raft.server.log.preallocated.size = 4194304 (custom)
2024-08-10 09:46:30,512 [2de4195a-f779-4305-af6f-892378b3f55f-groupManagement] INFO  server.RaftServerConfigKeys (ConfUtils.java:logGet(46)) - raft.server.log.force.sync.num = 128 (default)
2024-08-10 09:46:30,512 [2de4195a-f779-4305-af6f-892378b3f55f-groupManagement] INFO  server.RaftServerConfigKeys (ConfUtils.java:logGet(46)) - raft.server.log.statemachine.data.sync = true (default)
2024-08-10 09:46:30,512 [2de4195a-f779-4305-af6f-892378b3f55f-groupManagement] INFO  server.RaftServerConfigKeys (ConfUtils.java:logGet(46)) - raft.server.log.statemachine.data.sync.timeout = 10s (default)
2024-08-10 09:46:30,512 [2de4195a-f779-4305-af6f-892378b3f55f-groupManagement] INFO  server.RaftServerConfigKeys (ConfUtils.java:logGet(46)) - raft.server.log.statemachine.data.sync.timeout.retry = 30 (custom)
2024-08-10 09:46:30,512 [2de4195a-f779-4305-af6f-892378b3f55f-groupManagement] INFO  server.RaftServerConfigKeys (ConfUtils.java:logGet(46)) - raft.server.log.write.buffer.size = 8388616 (custom)
2024-08-10 09:46:30,514 [2de4195a-f779-4305-af6f-892378b3f55f-groupManagement] INFO  server.RaftServerConfigKeys (ConfUtils.java:logGet(46)) - raft.server.log.appender.buffer.byte-limit = 8388608 (custom)
2024-08-10 09:46:30,514 [2de4195a-f779-4305-af6f-892378b3f55f-groupManagement] INFO  server.RaftServerConfigKeys (ConfUtils.java:logGet(46)) - raft.server.log.unsafe-flush.enabled = false (default)
2024-08-10 09:46:30,514 [2de4195a-f779-4305-af6f-892378b3f55f-groupManagement] INFO  server.RaftServerConfigKeys (ConfUtils.java:logGet(46)) - raft.server.log.async-flush.enabled = false (default)
2024-08-10 09:46:30,514 [2de4195a-f779-4305-af6f-892378b3f55f-groupManagement] INFO  server.RaftServerConfigKeys (ConfUtils.java:logGet(46)) - raft.server.log.statemachine.data.caching.enabled = true (custom)
2024-08-10 09:46:30,514 [2de4195a-f779-4305-af6f-892378b3f55f-groupManagement] INFO  segmented.SegmentedRaftLogWorker (SegmentedRaftLogWorker.java:lambda$new$0(135)) - 2de4195a-f779-4305-af6f-892378b3f55f@group-01BC844751B2-SegmentedRaftLogWorker: flushIndex: setUnconditionally 0 -> -1
2024-08-10 09:46:30,514 [2de4195a-f779-4305-af6f-892378b3f55f-groupManagement] INFO  segmented.SegmentedRaftLogWorker (SegmentedRaftLogWorker.java:lambda$new$0(135)) - 2de4195a-f779-4305-af6f-892378b3f55f@group-01BC844751B2-SegmentedRaftLogWorker: safeCacheEvictIndex: setUnconditionally 0 -> -1
2024-08-10 09:46:30,514 [2de4195a-f779-4305-af6f-892378b3f55f-groupManagement] INFO  server.RaftServer$Division (RaftServerImpl.java:start(389)) - 2de4195a-f779-4305-af6f-892378b3f55f@group-01BC844751B2: start as a follower, conf=conf: {index: -1, cur=peers:[2de4195a-f779-4305-af6f-892378b3f55f|127.0.0.1:15542]|listeners:[], old=null}
2024-08-10 09:46:30,514 [2de4195a-f779-4305-af6f-892378b3f55f-groupManagement] INFO  server.RaftServer$Division (RaftServerImpl.java:setRole(376)) - 2de4195a-f779-4305-af6f-892378b3f55f@group-01BC844751B2: changes role from      null to FOLLOWER at term 0 for startAsFollower
2024-08-10 09:46:30,514 [2de4195a-f779-4305-af6f-892378b3f55f-groupManagement] INFO  impl.RoleInfo (RoleInfo.java:updateAndGet(148)) - 2de4195a-f779-4305-af6f-892378b3f55f: start 2de4195a-f779-4305-af6f-892378b3f55f@group-01BC844751B2-FollowerState
2024-08-10 09:46:30,515 [2de4195a-f779-4305-af6f-892378b3f55f@group-01BC844751B2-FollowerState] INFO  server.RaftServerConfigKeys (ConfUtils.java:logFallback(53)) - raft.server.rpc.first-election.timeout.min = 5s (fallback to raft.server.rpc.timeout.min)
2024-08-10 09:46:30,515 [2de4195a-f779-4305-af6f-892378b3f55f@group-01BC844751B2-FollowerState] INFO  server.RaftServerConfigKeys (ConfUtils.java:logFallback(53)) - raft.server.rpc.first-election.timeout.max = 5200ms (fallback to raft.server.rpc.timeout.max)
2024-08-10 09:46:30,515 [2de4195a-f779-4305-af6f-892378b3f55f-groupManagement] INFO  util.JmxRegister (JmxRegister.java:tryRegister(44)) - Successfully registered JMX Bean with object name Ratis:service=RaftServer,group=group-01BC844751B2,id=2de4195a-f779-4305-af6f-892378b3f55f
2024-08-10 09:46:30,515 [2de4195a-f779-4305-af6f-892378b3f55f-groupManagement] INFO  util.JmxRegister (JmxRegister.java:register(58)) - register mxBean class org.apache.ratis.server.impl.RaftServerJmxAdapter as Ratis:service=RaftServer,group=group-01BC844751B2,id=2de4195a-f779-4305-af6f-892378b3f55f
2024-08-10 09:46:30,515 [2de4195a-f779-4305-af6f-892378b3f55f-groupManagement] INFO  server.RaftServerConfigKeys (ConfUtils.java:logGet(46)) - raft.server.snapshot.trigger-when-stop.enabled = true (default)
2024-08-10 09:46:30,515 [2de4195a-f779-4305-af6f-892378b3f55f-groupManagement] INFO  server.RaftServerConfigKeys (ConfUtils.java:logGet(46)) - raft.server.snapshot.trigger-when-remove.enabled = true (default)
2024-08-10 09:46:30,515 [2de4195a-f779-4305-af6f-892378b3f55f-groupManagement] INFO  server.RaftServerConfigKeys (ConfUtils.java:logGet(46)) - raft.server.snapshot.auto.trigger.enabled = true (custom)
2024-08-10 09:46:30,515 [2de4195a-f779-4305-af6f-892378b3f55f-groupManagement] INFO  server.RaftServerConfigKeys (ConfUtils.java:logGet(46)) - raft.server.snapshot.auto.trigger.threshold = 10000 (custom)
2024-08-10 09:46:30,515 [2de4195a-f779-4305-af6f-892378b3f55f-groupManagement] INFO  server.RaftServerConfigKeys (ConfUtils.java:logGet(46)) - raft.server.snapshot.retention.file.num = 5 (custom)
2024-08-10 09:46:30,515 [2de4195a-f779-4305-af6f-892378b3f55f-groupManagement] INFO  server.RaftServerConfigKeys (ConfUtils.java:logGet(46)) - raft.server.log.purge.upto.snapshot.index = false (default)
2024-08-10 09:46:30,516 [2de4195a-f779-4305-af6f-892378b3f55f-PipelineCommandHandlerThread-0] INFO  ratis.XceiverServerRatis (XceiverServerRatis.java:addGroup(846)) - Created group PipelineID=3819fe9b-8b09-4e2a-8c31-01bc844751b2
2024-08-10 09:46:30,516 [2de4195a-f779-4305-af6f-892378b3f55f-PipelineCommandHandlerThread-0] INFO  commandhandler.CreatePipelineCommandHandler (CreatePipelineCommandHandler.java:lambda$handle$2(124)) - Created Pipeline RATIS ONE PipelineID=3819fe9b-8b09-4e2a-8c31-01bc844751b2.
2024-08-10 09:46:30,516 [2de4195a-f779-4305-af6f-892378b3f55f-PipelineCommandHandlerThread-0] INFO  server.RaftServer (RaftServerProxy.java:addNew(101)) - 2de4195a-f779-4305-af6f-892378b3f55f: addNew group-F5900B241937:[0d551621-3a78-470c-abdb-c40a133c0b47|127.0.0.1:15560, bc9bd5ba-19eb-4eb9-bb97-9549088a2cda|127.0.0.1:15551, 2de4195a-f779-4305-af6f-892378b3f55f|127.0.0.1:15542] returns group-F5900B241937:java.util.concurrent.CompletableFuture@17dd55f5[Not completed]
2024-08-10 09:46:30,516 [2de4195a-f779-4305-af6f-892378b3f55f-groupManagement] INFO  server.RaftServer$Division (RaftServerImpl.java:<init>(253)) - 2de4195a-f779-4305-af6f-892378b3f55f: new RaftServerImpl for group-F5900B241937:[0d551621-3a78-470c-abdb-c40a133c0b47|127.0.0.1:15560, bc9bd5ba-19eb-4eb9-bb97-9549088a2cda|127.0.0.1:15551, 2de4195a-f779-4305-af6f-892378b3f55f|127.0.0.1:15542] with ContainerStateMachine:uninitialized
2024-08-10 09:46:30,516 [2de4195a-f779-4305-af6f-892378b3f55f-groupManagement] INFO  server.RaftServerConfigKeys (ConfUtils.java:logGet(46)) - raft.server.rpc.timeout.min = 5s (custom)
2024-08-10 09:46:30,516 [2de4195a-f779-4305-af6f-892378b3f55f-groupManagement] INFO  server.RaftServerConfigKeys (ConfUtils.java:logGet(46)) - raft.server.rpc.timeout.max = 5200ms (custom)
2024-08-10 09:46:30,516 [2de4195a-f779-4305-af6f-892378b3f55f-groupManagement] INFO  server.RaftServerConfigKeys (ConfUtils.java:logGet(46)) - raft.server.rpc.sleep.time = 25ms (default)
2024-08-10 09:46:30,516 [2de4195a-f779-4305-af6f-892378b3f55f-groupManagement] INFO  server.RaftServerConfigKeys (ConfUtils.java:logGet(46)) - raft.server.rpc.slowness.timeout = 300000ms (custom)
2024-08-10 09:46:30,516 [2de4195a-f779-4305-af6f-892378b3f55f-groupManagement] INFO  server.RaftServerConfigKeys (ConfUtils.java:logGet(46)) - raft.server.leaderelection.leader.step-down.wait-time = 10s (default)
2024-08-10 09:46:30,517 [2de4195a-f779-4305-af6f-892378b3f55f-groupManagement] INFO  server.RaftServerConfigKeys (ConfUtils.java:logGet(46)) - raft.server.leaderelection.member.majority-add = false (default)
2024-08-10 09:46:30,517 [2de4195a-f779-4305-af6f-892378b3f55f-groupManagement] INFO  server.RaftServerConfigKeys (ConfUtils.java:logGet(46)) - raft.server.sleep.deviation.threshold = 300ms (default)
2024-08-10 09:46:30,517 [2de4195a-f779-4305-af6f-892378b3f55f-groupManagement] INFO  server.RaftServer$Division (ServerState.java:<init>(114)) - 2de4195a-f779-4305-af6f-892378b3f55f@group-F5900B241937: ConfigurationManager, init=conf: {index: -1, cur=peers:[0d551621-3a78-470c-abdb-c40a133c0b47|127.0.0.1:15560, bc9bd5ba-19eb-4eb9-bb97-9549088a2cda|127.0.0.1:15551, 2de4195a-f779-4305-af6f-892378b3f55f|127.0.0.1:15542]|listeners:[], old=null}, confs=<EMPTY_MAP>
2024-08-10 09:46:30,517 [2de4195a-f779-4305-af6f-892378b3f55f-groupManagement] INFO  server.RaftServerConfigKeys (ConfUtils.java:logGet(46)) - raft.server.notification.no-leader.timeout = 300000ms (custom)
2024-08-10 09:46:30,517 [2de4195a-f779-4305-af6f-892378b3f55f-groupManagement] INFO  server.RaftServerConfigKeys (ConfUtils.java:logGet(46)) - raft.server.read.timeout = 10s (default)
2024-08-10 09:46:30,517 [2de4195a-f779-4305-af6f-892378b3f55f-groupManagement] INFO  server.RaftServerConfigKeys (ConfUtils.java:logGet(46)) - raft.server.retrycache.expirytime = 600000ms (custom)
2024-08-10 09:46:30,517 [2de4195a-f779-4305-af6f-892378b3f55f-groupManagement] INFO  server.RaftServerConfigKeys (ConfUtils.java:logGet(46)) - raft.server.retrycache.statistics.expirytime = 100ms (default)
2024-08-10 09:46:30,517 [2de4195a-f779-4305-af6f-892378b3f55f-groupManagement] INFO  server.RaftServerConfigKeys (ConfUtils.java:logGet(46)) - raft.server.read.option = DEFAULT (default)
2024-08-10 09:46:30,517 [2de4195a-f779-4305-af6f-892378b3f55f-groupManagement] INFO  server.RaftServerConfigKeys (ConfUtils.java:logGet(46)) - raft.server.read.read-after-write-consistent.write-index-cache.expiry-time = 60s (default)
2024-08-10 09:46:30,518 [2de4195a-f779-4305-af6f-892378b3f55f-groupManagement] INFO  server.RaftServerConfigKeys (ConfUtils.java:logGet(46)) - raft.server.rpc.request.timeout = 3000ms (default)
2024-08-10 09:46:30,518 [2de4195a-f779-4305-af6f-892378b3f55f-groupManagement] INFO  server.RaftServerConfigKeys (ConfUtils.java:logGet(46)) - raft.server.log.appender.install.snapshot.enabled = false (custom)
2024-08-10 09:46:30,518 [2de4195a-f779-4305-af6f-892378b3f55f-groupManagement] INFO  server.RaftServerConfigKeys (ConfUtils.java:logGet(46)) - raft.server.threadpool.server.cached = true (default)
2024-08-10 09:46:30,518 [2de4195a-f779-4305-af6f-892378b3f55f-groupManagement] INFO  server.RaftServerConfigKeys (ConfUtils.java:logGet(46)) - raft.server.threadpool.server.size = 0 (default)
2024-08-10 09:46:30,518 [2de4195a-f779-4305-af6f-892378b3f55f-groupManagement] INFO  server.RaftServerConfigKeys (ConfUtils.java:logGet(46)) - raft.server.threadpool.client.cached = true (default)
2024-08-10 09:46:30,518 [2de4195a-f779-4305-af6f-892378b3f55f-groupManagement] INFO  server.RaftServerConfigKeys (ConfUtils.java:logGet(46)) - raft.server.threadpool.client.size = 0 (default)
2024-08-10 09:46:30,518 [2de4195a-f779-4305-af6f-892378b3f55f-groupManagement] INFO  server.RaftServerConfigKeys (ConfUtils.java:logGet(46)) - raft.server.storage.free-space.min = 0MB (=0) (default)
2024-08-10 09:46:30,518 [2de4195a-f779-4305-af6f-892378b3f55f-groupManagement] INFO  server.RaftServerConfigKeys (ConfUtils.java:logGet(46)) - raft.server.log.corruption.policy = EXCEPTION (default)
2024-08-10 09:46:30,519 [2de4195a-f779-4305-af6f-892378b3f55f-groupManagement] INFO  server.RaftServerConfigKeys (ConfUtils.java:logGet(46)) - raft.server.storage.dir = [/home/runner/work/ozone/ozone/hadoop-ozone/integration-test/target/test-dir/MiniOzoneClusterImpl-76eaf92f-9dff-4d21-993f-c9a35837815b/ozone-meta/datanode-1/ratis] (custom)
2024-08-10 09:46:30,519 [2de4195a-f779-4305-af6f-892378b3f55f-groupManagement] INFO  storage.RaftStorageDirectory (RaftStorageDirectoryImpl.java:analyzeStorage(138)) - The storage directory /home/runner/work/ozone/ozone/hadoop-ozone/integration-test/target/test-dir/MiniOzoneClusterImpl-76eaf92f-9dff-4d21-993f-c9a35837815b/ozone-meta/datanode-1/ratis/6d48bf66-bbcb-454f-be82-f5900b241937 does not exist. Creating ...
2024-08-10 09:46:30,520 [2de4195a-f779-4305-af6f-892378b3f55f-groupManagement] INFO  storage.RaftStorageDirectory (RaftStorageDirectoryImpl.java:tryLock(229)) - Lock on /home/runner/work/ozone/ozone/hadoop-ozone/integration-test/target/test-dir/MiniOzoneClusterImpl-76eaf92f-9dff-4d21-993f-c9a35837815b/ozone-meta/datanode-1/ratis/6d48bf66-bbcb-454f-be82-f5900b241937/in_use.lock acquired by nodename 50124@fv-az701-157
2024-08-10 09:46:30,521 [2de4195a-f779-4305-af6f-892378b3f55f-groupManagement] INFO  storage.RaftStorage (RaftStorageImpl.java:format(98)) - Storage directory /home/runner/work/ozone/ozone/hadoop-ozone/integration-test/target/test-dir/MiniOzoneClusterImpl-76eaf92f-9dff-4d21-993f-c9a35837815b/ozone-meta/datanode-1/ratis/6d48bf66-bbcb-454f-be82-f5900b241937 has been successfully formatted.
2024-08-10 09:46:30,521 [2de4195a-f779-4305-af6f-892378b3f55f-groupManagement] INFO  ratis.ContainerStateMachine (ContainerStateMachine.java:loadSnapshot(287)) - group-F5900B241937: The snapshot info is null. Setting the last applied index to:(t:0, i:~)
2024-08-10 09:46:30,521 [2de4195a-f779-4305-af6f-892378b3f55f-groupManagement] INFO  server.RaftServerConfigKeys (ConfUtils.java:logGet(46)) - raft.server.log.use.memory = false (default)
2024-08-10 09:46:30,521 [2de4195a-f779-4305-af6f-892378b3f55f-groupManagement] INFO  server.RaftServerConfigKeys (ConfUtils.java:logGet(46)) - raft.server.log.purge.gap = 1000000 (custom)
2024-08-10 09:46:30,521 [2de4195a-f779-4305-af6f-892378b3f55f-groupManagement] INFO  server.RaftServerConfigKeys (ConfUtils.java:logGet(46)) - raft.server.log.appender.buffer.byte-limit = 8388608 (custom)
2024-08-10 09:46:30,521 [2de4195a-f779-4305-af6f-892378b3f55f-groupManagement] INFO  server.RaftServerConfigKeys (ConfUtils.java:logGet(46)) - raft.server.log.statemachine.data.read.timeout = 1000ms (default)
2024-08-10 09:46:30,521 [2de4195a-f779-4305-af6f-892378b3f55f-groupManagement] INFO  server.RaftServerConfigKeys (ConfUtils.java:logGet(46)) - raft.server.log.purge.preservation.log.num = 0 (default)
2024-08-10 09:46:30,521 [EventQueue-OpenPipelineForHealthyPipelineSafeModeRule] INFO  safemode.SCMSafeModeManager (HealthyPipelineSafeModeRule.java:process(140)) - SCM in safe mode. Healthy pipelines reported count is 0, required healthy pipeline reported count is 1
2024-08-10 09:46:30,522 [2de4195a-f779-4305-af6f-892378b3f55f-groupManagement] INFO  server.RaftServerConfigKeys (ConfUtils.java:logGet(46)) - raft.server.log.segment.size.max = 67108864 (custom)
2024-08-10 09:46:30,522 [2de4195a-f779-4305-af6f-892378b3f55f-groupManagement] INFO  server.RaftServerConfigKeys (ConfUtils.java:logGet(46)) - raft.server.log.segment.cache.num.max = 2 (custom)
2024-08-10 09:46:30,522 [2de4195a-f779-4305-af6f-892378b3f55f-groupManagement] INFO  server.RaftServerConfigKeys (ConfUtils.java:logGet(46)) - raft.server.log.segment.cache.size.max = 200MB (=209715200) (default)
2024-08-10 09:46:30,522 [2de4195a-f779-4305-af6f-892378b3f55f-groupManagement] INFO  server.RaftServerConfigKeys (ConfUtils.java:logGet(46)) - raft.server.log.appender.buffer.byte-limit = 8388608 (custom)
2024-08-10 09:46:30,522 [2de4195a-f779-4305-af6f-892378b3f55f-groupManagement] INFO  util.AwaitToRun (AwaitToRun.java:start(81)) - Thread[2de4195a-f779-4305-af6f-892378b3f55f@group-F5900B241937-cacheEviction-AwaitToRun,5,main] started
2024-08-10 09:46:30,523 [2de4195a-f779-4305-af6f-892378b3f55f-groupManagement] INFO  segmented.SegmentedRaftLogWorker (SegmentedRaftLogWorker.java:<init>(184)) - new 2de4195a-f779-4305-af6f-892378b3f55f@group-F5900B241937-SegmentedRaftLogWorker for RaftStorageImpl:Storage Directory /home/runner/work/ozone/ozone/hadoop-ozone/integration-test/target/test-dir/MiniOzoneClusterImpl-76eaf92f-9dff-4d21-993f-c9a35837815b/ozone-meta/datanode-1/ratis/6d48bf66-bbcb-454f-be82-f5900b241937
2024-08-10 09:46:30,523 [2de4195a-f779-4305-af6f-892378b3f55f-groupManagement] INFO  server.RaftServerConfigKeys (ConfUtils.java:logGet(46)) - raft.server.log.queue.byte-limit = 4294967296 (custom)
2024-08-10 09:46:30,523 [2de4195a-f779-4305-af6f-892378b3f55f-groupManagement] INFO  server.RaftServerConfigKeys (ConfUtils.java:logGet(46)) - raft.server.log.queue.element-limit = 1024 (custom)
2024-08-10 09:46:30,523 [2de4195a-f779-4305-af6f-892378b3f55f-groupManagement] INFO  server.RaftServerConfigKeys (ConfUtils.java:logGet(46)) - raft.server.log.segment.size.max = 67108864 (custom)
2024-08-10 09:46:30,523 [2de4195a-f779-4305-af6f-892378b3f55f-groupManagement] INFO  server.RaftServerConfigKeys (ConfUtils.java:logGet(46)) - raft.server.log.preallocated.size = 4194304 (custom)
2024-08-10 09:46:30,523 [2de4195a-f779-4305-af6f-892378b3f55f-groupManagement] INFO  server.RaftServerConfigKeys (ConfUtils.java:logGet(46)) - raft.server.log.force.sync.num = 128 (default)
2024-08-10 09:46:30,523 [2de4195a-f779-4305-af6f-892378b3f55f-groupManagement] INFO  server.RaftServerConfigKeys (ConfUtils.java:logGet(46)) - raft.server.log.statemachine.data.sync = true (default)
2024-08-10 09:46:30,523 [2de4195a-f779-4305-af6f-892378b3f55f-groupManagement] INFO  server.RaftServerConfigKeys (ConfUtils.java:logGet(46)) - raft.server.log.statemachine.data.sync.timeout = 10s (default)
2024-08-10 09:46:30,523 [2de4195a-f779-4305-af6f-892378b3f55f-groupManagement] INFO  server.RaftServerConfigKeys (ConfUtils.java:logGet(46)) - raft.server.log.statemachine.data.sync.timeout.retry = 30 (custom)
2024-08-10 09:46:30,523 [2de4195a-f779-4305-af6f-892378b3f55f-groupManagement] INFO  server.RaftServerConfigKeys (ConfUtils.java:logGet(46)) - raft.server.log.write.buffer.size = 8388616 (custom)
2024-08-10 09:46:30,525 [2de4195a-f779-4305-af6f-892378b3f55f-groupManagement] INFO  server.RaftServerConfigKeys (ConfUtils.java:logGet(46)) - raft.server.log.appender.buffer.byte-limit = 8388608 (custom)
2024-08-10 09:46:30,525 [2de4195a-f779-4305-af6f-892378b3f55f-groupManagement] INFO  server.RaftServerConfigKeys (ConfUtils.java:logGet(46)) - raft.server.log.unsafe-flush.enabled = false (default)
2024-08-10 09:46:30,525 [2de4195a-f779-4305-af6f-892378b3f55f-groupManagement] INFO  server.RaftServerConfigKeys (ConfUtils.java:logGet(46)) - raft.server.log.async-flush.enabled = false (default)
2024-08-10 09:46:30,525 [2de4195a-f779-4305-af6f-892378b3f55f-groupManagement] INFO  server.RaftServerConfigKeys (ConfUtils.java:logGet(46)) - raft.server.log.statemachine.data.caching.enabled = true (custom)
2024-08-10 09:46:30,525 [2de4195a-f779-4305-af6f-892378b3f55f-groupManagement] INFO  segmented.SegmentedRaftLogWorker (SegmentedRaftLogWorker.java:lambda$new$0(135)) - 2de4195a-f779-4305-af6f-892378b3f55f@group-F5900B241937-SegmentedRaftLogWorker: flushIndex: setUnconditionally 0 -> -1
2024-08-10 09:46:30,525 [2de4195a-f779-4305-af6f-892378b3f55f-groupManagement] INFO  segmented.SegmentedRaftLogWorker (SegmentedRaftLogWorker.java:lambda$new$0(135)) - 2de4195a-f779-4305-af6f-892378b3f55f@group-F5900B241937-SegmentedRaftLogWorker: safeCacheEvictIndex: setUnconditionally 0 -> -1
2024-08-10 09:46:30,525 [2de4195a-f779-4305-af6f-892378b3f55f-groupManagement] INFO  server.RaftServer$Division (RaftServerImpl.java:start(389)) - 2de4195a-f779-4305-af6f-892378b3f55f@group-F5900B241937: start as a follower, conf=conf: {index: -1, cur=peers:[0d551621-3a78-470c-abdb-c40a133c0b47|127.0.0.1:15560, bc9bd5ba-19eb-4eb9-bb97-9549088a2cda|127.0.0.1:15551, 2de4195a-f779-4305-af6f-892378b3f55f|127.0.0.1:15542]|listeners:[], old=null}
2024-08-10 09:46:30,525 [2de4195a-f779-4305-af6f-892378b3f55f-groupManagement] INFO  server.RaftServer$Division (RaftServerImpl.java:setRole(376)) - 2de4195a-f779-4305-af6f-892378b3f55f@group-F5900B241937: changes role from      null to FOLLOWER at term 0 for startAsFollower
2024-08-10 09:46:30,525 [2de4195a-f779-4305-af6f-892378b3f55f-groupManagement] INFO  impl.RoleInfo (RoleInfo.java:updateAndGet(148)) - 2de4195a-f779-4305-af6f-892378b3f55f: start 2de4195a-f779-4305-af6f-892378b3f55f@group-F5900B241937-FollowerState
2024-08-10 09:46:30,525 [2de4195a-f779-4305-af6f-892378b3f55f@group-F5900B241937-FollowerState] INFO  server.RaftServerConfigKeys (ConfUtils.java:logFallback(53)) - raft.server.rpc.first-election.timeout.min = 5s (fallback to raft.server.rpc.timeout.min)
2024-08-10 09:46:30,525 [2de4195a-f779-4305-af6f-892378b3f55f@group-F5900B241937-FollowerState] INFO  server.RaftServerConfigKeys (ConfUtils.java:logFallback(53)) - raft.server.rpc.first-election.timeout.max = 5200ms (fallback to raft.server.rpc.timeout.max)
2024-08-10 09:46:30,525 [2de4195a-f779-4305-af6f-892378b3f55f-groupManagement] INFO  util.JmxRegister (JmxRegister.java:tryRegister(44)) - Successfully registered JMX Bean with object name Ratis:service=RaftServer,group=group-F5900B241937,id=2de4195a-f779-4305-af6f-892378b3f55f
2024-08-10 09:46:30,526 [2de4195a-f779-4305-af6f-892378b3f55f-groupManagement] INFO  util.JmxRegister (JmxRegister.java:register(58)) - register mxBean class org.apache.ratis.server.impl.RaftServerJmxAdapter as Ratis:service=RaftServer,group=group-F5900B241937,id=2de4195a-f779-4305-af6f-892378b3f55f
2024-08-10 09:46:30,526 [2de4195a-f779-4305-af6f-892378b3f55f-groupManagement] INFO  server.RaftServerConfigKeys (ConfUtils.java:logGet(46)) - raft.server.snapshot.trigger-when-stop.enabled = true (default)
2024-08-10 09:46:30,526 [2de4195a-f779-4305-af6f-892378b3f55f-groupManagement] INFO  server.RaftServerConfigKeys (ConfUtils.java:logGet(46)) - raft.server.snapshot.trigger-when-remove.enabled = true (default)
2024-08-10 09:46:30,526 [2de4195a-f779-4305-af6f-892378b3f55f-groupManagement] INFO  server.RaftServerConfigKeys (ConfUtils.java:logGet(46)) - raft.server.snapshot.auto.trigger.enabled = true (custom)
2024-08-10 09:46:30,526 [2de4195a-f779-4305-af6f-892378b3f55f-groupManagement] INFO  server.RaftServerConfigKeys (ConfUtils.java:logGet(46)) - raft.server.snapshot.auto.trigger.threshold = 10000 (custom)
2024-08-10 09:46:30,526 [2de4195a-f779-4305-af6f-892378b3f55f-groupManagement] INFO  server.RaftServerConfigKeys (ConfUtils.java:logGet(46)) - raft.server.snapshot.retention.file.num = 5 (custom)
2024-08-10 09:46:30,526 [2de4195a-f779-4305-af6f-892378b3f55f-groupManagement] INFO  server.RaftServerConfigKeys (ConfUtils.java:logGet(46)) - raft.server.log.purge.upto.snapshot.index = false (default)
2024-08-10 09:46:30,526 [2de4195a-f779-4305-af6f-892378b3f55f-PipelineCommandHandlerThread-0] INFO  ratis.XceiverServerRatis (XceiverServerRatis.java:addGroup(846)) - Created group PipelineID=6d48bf66-bbcb-454f-be82-f5900b241937
2024-08-10 09:46:30,531 [grpc-default-executor-0] INFO  server.RaftServer (RaftServerProxy.java:addNew(101)) - bc9bd5ba-19eb-4eb9-bb97-9549088a2cda: addNew group-F5900B241937:[0d551621-3a78-470c-abdb-c40a133c0b47|127.0.0.1:15560, bc9bd5ba-19eb-4eb9-bb97-9549088a2cda|127.0.0.1:15551, 2de4195a-f779-4305-af6f-892378b3f55f|127.0.0.1:15542] returns group-F5900B241937:java.util.concurrent.CompletableFuture@6d6ff0ad[Not completed]
2024-08-10 09:46:30,531 [bc9bd5ba-19eb-4eb9-bb97-9549088a2cda-groupManagement] INFO  server.RaftServer$Division (RaftServerImpl.java:<init>(253)) - bc9bd5ba-19eb-4eb9-bb97-9549088a2cda: new RaftServerImpl for group-F5900B241937:[0d551621-3a78-470c-abdb-c40a133c0b47|127.0.0.1:15560, bc9bd5ba-19eb-4eb9-bb97-9549088a2cda|127.0.0.1:15551, 2de4195a-f779-4305-af6f-892378b3f55f|127.0.0.1:15542] with ContainerStateMachine:uninitialized
2024-08-10 09:46:30,531 [bc9bd5ba-19eb-4eb9-bb97-9549088a2cda-groupManagement] INFO  server.RaftServerConfigKeys (ConfUtils.java:logGet(46)) - raft.server.rpc.timeout.min = 5s (custom)
2024-08-10 09:46:30,531 [bc9bd5ba-19eb-4eb9-bb97-9549088a2cda-groupManagement] INFO  server.RaftServerConfigKeys (ConfUtils.java:logGet(46)) - raft.server.rpc.timeout.max = 5200ms (custom)
2024-08-10 09:46:30,532 [bc9bd5ba-19eb-4eb9-bb97-9549088a2cda-groupManagement] INFO  server.RaftServerConfigKeys (ConfUtils.java:logGet(46)) - raft.server.rpc.sleep.time = 25ms (default)
2024-08-10 09:46:30,532 [bc9bd5ba-19eb-4eb9-bb97-9549088a2cda-groupManagement] INFO  server.RaftServerConfigKeys (ConfUtils.java:logGet(46)) - raft.server.rpc.slowness.timeout = 300000ms (custom)
2024-08-10 09:46:30,532 [bc9bd5ba-19eb-4eb9-bb97-9549088a2cda-groupManagement] INFO  server.RaftServerConfigKeys (ConfUtils.java:logGet(46)) - raft.server.leaderelection.leader.step-down.wait-time = 10s (default)
2024-08-10 09:46:30,532 [bc9bd5ba-19eb-4eb9-bb97-9549088a2cda-groupManagement] INFO  server.RaftServerConfigKeys (ConfUtils.java:logGet(46)) - raft.server.leaderelection.member.majority-add = false (default)
2024-08-10 09:46:30,532 [bc9bd5ba-19eb-4eb9-bb97-9549088a2cda-groupManagement] INFO  server.RaftServerConfigKeys (ConfUtils.java:logGet(46)) - raft.server.sleep.deviation.threshold = 300ms (default)
2024-08-10 09:46:30,532 [bc9bd5ba-19eb-4eb9-bb97-9549088a2cda-groupManagement] INFO  server.RaftServer$Division (ServerState.java:<init>(114)) - bc9bd5ba-19eb-4eb9-bb97-9549088a2cda@group-F5900B241937: ConfigurationManager, init=conf: {index: -1, cur=peers:[0d551621-3a78-470c-abdb-c40a133c0b47|127.0.0.1:15560, bc9bd5ba-19eb-4eb9-bb97-9549088a2cda|127.0.0.1:15551, 2de4195a-f779-4305-af6f-892378b3f55f|127.0.0.1:15542]|listeners:[], old=null}, confs=<EMPTY_MAP>
2024-08-10 09:46:30,532 [bc9bd5ba-19eb-4eb9-bb97-9549088a2cda-groupManagement] INFO  server.RaftServerConfigKeys (ConfUtils.java:logGet(46)) - raft.server.notification.no-leader.timeout = 300000ms (custom)
2024-08-10 09:46:30,532 [bc9bd5ba-19eb-4eb9-bb97-9549088a2cda-groupManagement] INFO  server.RaftServerConfigKeys (ConfUtils.java:logGet(46)) - raft.server.read.timeout = 10s (default)
2024-08-10 09:46:30,532 [bc9bd5ba-19eb-4eb9-bb97-9549088a2cda-groupManagement] INFO  server.RaftServerConfigKeys (ConfUtils.java:logGet(46)) - raft.server.retrycache.expirytime = 600000ms (custom)
2024-08-10 09:46:30,532 [bc9bd5ba-19eb-4eb9-bb97-9549088a2cda-groupManagement] INFO  server.RaftServerConfigKeys (ConfUtils.java:logGet(46)) - raft.server.retrycache.statistics.expirytime = 100ms (default)
2024-08-10 09:46:30,532 [bc9bd5ba-19eb-4eb9-bb97-9549088a2cda-groupManagement] INFO  server.RaftServerConfigKeys (ConfUtils.java:logGet(46)) - raft.server.read.option = DEFAULT (default)
2024-08-10 09:46:30,532 [bc9bd5ba-19eb-4eb9-bb97-9549088a2cda-groupManagement] INFO  server.RaftServerConfigKeys (ConfUtils.java:logGet(46)) - raft.server.read.read-after-write-consistent.write-index-cache.expiry-time = 60s (default)
2024-08-10 09:46:30,533 [bc9bd5ba-19eb-4eb9-bb97-9549088a2cda-groupManagement] INFO  server.RaftServerConfigKeys (ConfUtils.java:logGet(46)) - raft.server.rpc.request.timeout = 3000ms (default)
2024-08-10 09:46:30,533 [bc9bd5ba-19eb-4eb9-bb97-9549088a2cda-groupManagement] INFO  server.RaftServerConfigKeys (ConfUtils.java:logGet(46)) - raft.server.log.appender.install.snapshot.enabled = false (custom)
2024-08-10 09:46:30,533 [bc9bd5ba-19eb-4eb9-bb97-9549088a2cda-groupManagement] INFO  server.RaftServerConfigKeys (ConfUtils.java:logGet(46)) - raft.server.threadpool.server.cached = true (default)
2024-08-10 09:46:30,533 [bc9bd5ba-19eb-4eb9-bb97-9549088a2cda-groupManagement] INFO  server.RaftServerConfigKeys (ConfUtils.java:logGet(46)) - raft.server.threadpool.server.size = 0 (default)
2024-08-10 09:46:30,533 [bc9bd5ba-19eb-4eb9-bb97-9549088a2cda-groupManagement] INFO  server.RaftServerConfigKeys (ConfUtils.java:logGet(46)) - raft.server.threadpool.client.cached = true (default)
2024-08-10 09:46:30,533 [bc9bd5ba-19eb-4eb9-bb97-9549088a2cda-groupManagement] INFO  server.RaftServerConfigKeys (ConfUtils.java:logGet(46)) - raft.server.threadpool.client.size = 0 (default)
2024-08-10 09:46:30,534 [bc9bd5ba-19eb-4eb9-bb97-9549088a2cda-groupManagement] INFO  server.RaftServerConfigKeys (ConfUtils.java:logGet(46)) - raft.server.storage.free-space.min = 0MB (=0) (default)
2024-08-10 09:46:30,534 [bc9bd5ba-19eb-4eb9-bb97-9549088a2cda-groupManagement] INFO  server.RaftServerConfigKeys (ConfUtils.java:logGet(46)) - raft.server.log.corruption.policy = EXCEPTION (default)
2024-08-10 09:46:30,534 [bc9bd5ba-19eb-4eb9-bb97-9549088a2cda-groupManagement] INFO  server.RaftServerConfigKeys (ConfUtils.java:logGet(46)) - raft.server.storage.dir = [/home/runner/work/ozone/ozone/hadoop-ozone/integration-test/target/test-dir/MiniOzoneClusterImpl-76eaf92f-9dff-4d21-993f-c9a35837815b/ozone-meta/datanode-2/ratis] (custom)
2024-08-10 09:46:30,534 [bc9bd5ba-19eb-4eb9-bb97-9549088a2cda-groupManagement] INFO  storage.RaftStorageDirectory (RaftStorageDirectoryImpl.java:analyzeStorage(138)) - The storage directory /home/runner/work/ozone/ozone/hadoop-ozone/integration-test/target/test-dir/MiniOzoneClusterImpl-76eaf92f-9dff-4d21-993f-c9a35837815b/ozone-meta/datanode-2/ratis/6d48bf66-bbcb-454f-be82-f5900b241937 does not exist. Creating ...
2024-08-10 09:46:30,535 [bc9bd5ba-19eb-4eb9-bb97-9549088a2cda-groupManagement] INFO  storage.RaftStorageDirectory (RaftStorageDirectoryImpl.java:tryLock(229)) - Lock on /home/runner/work/ozone/ozone/hadoop-ozone/integration-test/target/test-dir/MiniOzoneClusterImpl-76eaf92f-9dff-4d21-993f-c9a35837815b/ozone-meta/datanode-2/ratis/6d48bf66-bbcb-454f-be82-f5900b241937/in_use.lock acquired by nodename 50124@fv-az701-157
2024-08-10 09:46:30,536 [bc9bd5ba-19eb-4eb9-bb97-9549088a2cda-groupManagement] INFO  storage.RaftStorage (RaftStorageImpl.java:format(98)) - Storage directory /home/runner/work/ozone/ozone/hadoop-ozone/integration-test/target/test-dir/MiniOzoneClusterImpl-76eaf92f-9dff-4d21-993f-c9a35837815b/ozone-meta/datanode-2/ratis/6d48bf66-bbcb-454f-be82-f5900b241937 has been successfully formatted.
2024-08-10 09:46:30,537 [bc9bd5ba-19eb-4eb9-bb97-9549088a2cda-groupManagement] INFO  ratis.ContainerStateMachine (ContainerStateMachine.java:loadSnapshot(287)) - group-F5900B241937: The snapshot info is null. Setting the last applied index to:(t:0, i:~)
2024-08-10 09:46:30,537 [bc9bd5ba-19eb-4eb9-bb97-9549088a2cda-groupManagement] INFO  server.RaftServerConfigKeys (ConfUtils.java:logGet(46)) - raft.server.log.use.memory = false (default)
2024-08-10 09:46:30,537 [bc9bd5ba-19eb-4eb9-bb97-9549088a2cda-groupManagement] INFO  server.RaftServerConfigKeys (ConfUtils.java:logGet(46)) - raft.server.log.purge.gap = 1000000 (custom)
2024-08-10 09:46:30,537 [bc9bd5ba-19eb-4eb9-bb97-9549088a2cda-groupManagement] INFO  server.RaftServerConfigKeys (ConfUtils.java:logGet(46)) - raft.server.log.appender.buffer.byte-limit = 8388608 (custom)
2024-08-10 09:46:30,537 [bc9bd5ba-19eb-4eb9-bb97-9549088a2cda-groupManagement] INFO  server.RaftServerConfigKeys (ConfUtils.java:logGet(46)) - raft.server.log.statemachine.data.read.timeout = 1000ms (default)
2024-08-10 09:46:30,537 [bc9bd5ba-19eb-4eb9-bb97-9549088a2cda-groupManagement] INFO  server.RaftServerConfigKeys (ConfUtils.java:logGet(46)) - raft.server.log.purge.preservation.log.num = 0 (default)
2024-08-10 09:46:30,538 [bc9bd5ba-19eb-4eb9-bb97-9549088a2cda-groupManagement] INFO  server.RaftServerConfigKeys (ConfUtils.java:logGet(46)) - raft.server.log.segment.size.max = 67108864 (custom)
2024-08-10 09:46:30,538 [bc9bd5ba-19eb-4eb9-bb97-9549088a2cda-groupManagement] INFO  server.RaftServerConfigKeys (ConfUtils.java:logGet(46)) - raft.server.log.segment.cache.num.max = 2 (custom)
2024-08-10 09:46:30,538 [bc9bd5ba-19eb-4eb9-bb97-9549088a2cda-groupManagement] INFO  server.RaftServerConfigKeys (ConfUtils.java:logGet(46)) - raft.server.log.segment.cache.size.max = 200MB (=209715200) (default)
2024-08-10 09:46:30,538 [bc9bd5ba-19eb-4eb9-bb97-9549088a2cda-groupManagement] INFO  server.RaftServerConfigKeys (ConfUtils.java:logGet(46)) - raft.server.log.appender.buffer.byte-limit = 8388608 (custom)
2024-08-10 09:46:30,538 [bc9bd5ba-19eb-4eb9-bb97-9549088a2cda-groupManagement] INFO  util.AwaitToRun (AwaitToRun.java:start(81)) - Thread[bc9bd5ba-19eb-4eb9-bb97-9549088a2cda@group-F5900B241937-cacheEviction-AwaitToRun,5,main] started
2024-08-10 09:46:30,538 [bc9bd5ba-19eb-4eb9-bb97-9549088a2cda-groupManagement] INFO  segmented.SegmentedRaftLogWorker (SegmentedRaftLogWorker.java:<init>(184)) - new bc9bd5ba-19eb-4eb9-bb97-9549088a2cda@group-F5900B241937-SegmentedRaftLogWorker for RaftStorageImpl:Storage Directory /home/runner/work/ozone/ozone/hadoop-ozone/integration-test/target/test-dir/MiniOzoneClusterImpl-76eaf92f-9dff-4d21-993f-c9a35837815b/ozone-meta/datanode-2/ratis/6d48bf66-bbcb-454f-be82-f5900b241937
2024-08-10 09:46:30,538 [bc9bd5ba-19eb-4eb9-bb97-9549088a2cda-groupManagement] INFO  server.RaftServerConfigKeys (ConfUtils.java:logGet(46)) - raft.server.log.queue.byte-limit = 4294967296 (custom)
2024-08-10 09:46:30,538 [bc9bd5ba-19eb-4eb9-bb97-9549088a2cda-groupManagement] INFO  server.RaftServerConfigKeys (ConfUtils.java:logGet(46)) - raft.server.log.queue.element-limit = 1024 (custom)
2024-08-10 09:46:30,538 [bc9bd5ba-19eb-4eb9-bb97-9549088a2cda-groupManagement] INFO  server.RaftServerConfigKeys (ConfUtils.java:logGet(46)) - raft.server.log.segment.size.max = 67108864 (custom)
2024-08-10 09:46:30,538 [bc9bd5ba-19eb-4eb9-bb97-9549088a2cda-groupManagement] INFO  server.RaftServerConfigKeys (ConfUtils.java:logGet(46)) - raft.server.log.preallocated.size = 4194304 (custom)
2024-08-10 09:46:30,538 [bc9bd5ba-19eb-4eb9-bb97-9549088a2cda-groupManagement] INFO  server.RaftServerConfigKeys (ConfUtils.java:logGet(46)) - raft.server.log.force.sync.num = 128 (default)
2024-08-10 09:46:30,538 [bc9bd5ba-19eb-4eb9-bb97-9549088a2cda-groupManagement] INFO  server.RaftServerConfigKeys (ConfUtils.java:logGet(46)) - raft.server.log.statemachine.data.sync = true (default)
2024-08-10 09:46:30,538 [bc9bd5ba-19eb-4eb9-bb97-9549088a2cda-groupManagement] INFO  server.RaftServerConfigKeys (ConfUtils.java:logGet(46)) - raft.server.log.statemachine.data.sync.timeout = 10s (default)
2024-08-10 09:46:30,538 [bc9bd5ba-19eb-4eb9-bb97-9549088a2cda-groupManagement] INFO  server.RaftServerConfigKeys (ConfUtils.java:logGet(46)) - raft.server.log.statemachine.data.sync.timeout.retry = 30 (custom)
2024-08-10 09:46:30,539 [bc9bd5ba-19eb-4eb9-bb97-9549088a2cda-groupManagement] INFO  server.RaftServerConfigKeys (ConfUtils.java:logGet(46)) - raft.server.log.write.buffer.size = 8388616 (custom)
2024-08-10 09:46:30,539 [bc9bd5ba-19eb-4eb9-bb97-9549088a2cda-groupManagement] INFO  server.RaftServerConfigKeys (ConfUtils.java:logGet(46)) - raft.server.log.appender.buffer.byte-limit = 8388608 (custom)
2024-08-10 09:46:30,539 [bc9bd5ba-19eb-4eb9-bb97-9549088a2cda-groupManagement] INFO  server.RaftServerConfigKeys (ConfUtils.java:logGet(46)) - raft.server.log.unsafe-flush.enabled = false (default)
2024-08-10 09:46:30,539 [bc9bd5ba-19eb-4eb9-bb97-9549088a2cda-groupManagement] INFO  server.RaftServerConfigKeys (ConfUtils.java:logGet(46)) - raft.server.log.async-flush.enabled = false (default)
2024-08-10 09:46:30,539 [bc9bd5ba-19eb-4eb9-bb97-9549088a2cda-groupManagement] INFO  server.RaftServerConfigKeys (ConfUtils.java:logGet(46)) - raft.server.log.statemachine.data.caching.enabled = true (custom)
2024-08-10 09:46:30,539 [bc9bd5ba-19eb-4eb9-bb97-9549088a2cda-groupManagement] INFO  segmented.SegmentedRaftLogWorker (SegmentedRaftLogWorker.java:lambda$new$0(135)) - bc9bd5ba-19eb-4eb9-bb97-9549088a2cda@group-F5900B241937-SegmentedRaftLogWorker: flushIndex: setUnconditionally 0 -> -1
2024-08-10 09:46:30,539 [bc9bd5ba-19eb-4eb9-bb97-9549088a2cda-groupManagement] INFO  segmented.SegmentedRaftLogWorker (SegmentedRaftLogWorker.java:lambda$new$0(135)) - bc9bd5ba-19eb-4eb9-bb97-9549088a2cda@group-F5900B241937-SegmentedRaftLogWorker: safeCacheEvictIndex: setUnconditionally 0 -> -1
2024-08-10 09:46:30,539 [bc9bd5ba-19eb-4eb9-bb97-9549088a2cda-groupManagement] INFO  server.RaftServer$Division (RaftServerImpl.java:start(389)) - bc9bd5ba-19eb-4eb9-bb97-9549088a2cda@group-F5900B241937: start as a follower, conf=conf: {index: -1, cur=peers:[0d551621-3a78-470c-abdb-c40a133c0b47|127.0.0.1:15560, bc9bd5ba-19eb-4eb9-bb97-9549088a2cda|127.0.0.1:15551, 2de4195a-f779-4305-af6f-892378b3f55f|127.0.0.1:15542]|listeners:[], old=null}
2024-08-10 09:46:30,540 [bc9bd5ba-19eb-4eb9-bb97-9549088a2cda-groupManagement] INFO  server.RaftServer$Division (RaftServerImpl.java:setRole(376)) - bc9bd5ba-19eb-4eb9-bb97-9549088a2cda@group-F5900B241937: changes role from      null to FOLLOWER at term 0 for startAsFollower
2024-08-10 09:46:30,540 [bc9bd5ba-19eb-4eb9-bb97-9549088a2cda-groupManagement] INFO  impl.RoleInfo (RoleInfo.java:updateAndGet(148)) - bc9bd5ba-19eb-4eb9-bb97-9549088a2cda: start bc9bd5ba-19eb-4eb9-bb97-9549088a2cda@group-F5900B241937-FollowerState
2024-08-10 09:46:30,540 [bc9bd5ba-19eb-4eb9-bb97-9549088a2cda@group-F5900B241937-FollowerState] INFO  server.RaftServerConfigKeys (ConfUtils.java:logFallback(53)) - raft.server.rpc.first-election.timeout.min = 5s (fallback to raft.server.rpc.timeout.min)
2024-08-10 09:46:30,540 [bc9bd5ba-19eb-4eb9-bb97-9549088a2cda@group-F5900B241937-FollowerState] INFO  server.RaftServerConfigKeys (ConfUtils.java:logFallback(53)) - raft.server.rpc.first-election.timeout.max = 5200ms (fallback to raft.server.rpc.timeout.max)
2024-08-10 09:46:30,540 [bc9bd5ba-19eb-4eb9-bb97-9549088a2cda-groupManagement] INFO  util.JmxRegister (JmxRegister.java:tryRegister(44)) - Successfully registered JMX Bean with object name Ratis:service=RaftServer,group=group-F5900B241937,id=bc9bd5ba-19eb-4eb9-bb97-9549088a2cda
2024-08-10 09:46:30,540 [bc9bd5ba-19eb-4eb9-bb97-9549088a2cda-groupManagement] INFO  util.JmxRegister (JmxRegister.java:register(58)) - register mxBean class org.apache.ratis.server.impl.RaftServerJmxAdapter as Ratis:service=RaftServer,group=group-F5900B241937,id=bc9bd5ba-19eb-4eb9-bb97-9549088a2cda
2024-08-10 09:46:30,540 [bc9bd5ba-19eb-4eb9-bb97-9549088a2cda-groupManagement] INFO  server.RaftServerConfigKeys (ConfUtils.java:logGet(46)) - raft.server.snapshot.trigger-when-stop.enabled = true (default)
2024-08-10 09:46:30,540 [bc9bd5ba-19eb-4eb9-bb97-9549088a2cda-groupManagement] INFO  server.RaftServerConfigKeys (ConfUtils.java:logGet(46)) - raft.server.snapshot.trigger-when-remove.enabled = true (default)
2024-08-10 09:46:30,540 [bc9bd5ba-19eb-4eb9-bb97-9549088a2cda-groupManagement] INFO  server.RaftServerConfigKeys (ConfUtils.java:logGet(46)) - raft.server.snapshot.auto.trigger.enabled = true (custom)
2024-08-10 09:46:30,540 [bc9bd5ba-19eb-4eb9-bb97-9549088a2cda-groupManagement] INFO  server.RaftServerConfigKeys (ConfUtils.java:logGet(46)) - raft.server.snapshot.auto.trigger.threshold = 10000 (custom)
2024-08-10 09:46:30,540 [bc9bd5ba-19eb-4eb9-bb97-9549088a2cda-groupManagement] INFO  server.RaftServerConfigKeys (ConfUtils.java:logGet(46)) - raft.server.snapshot.retention.file.num = 5 (custom)
2024-08-10 09:46:30,540 [bc9bd5ba-19eb-4eb9-bb97-9549088a2cda-groupManagement] INFO  server.RaftServerConfigKeys (ConfUtils.java:logGet(46)) - raft.server.log.purge.upto.snapshot.index = false (default)
2024-08-10 09:46:30,546 [grpc-default-executor-1] INFO  server.RaftServer (RaftServerProxy.java:addNew(101)) - 0d551621-3a78-470c-abdb-c40a133c0b47: addNew group-F5900B241937:[0d551621-3a78-470c-abdb-c40a133c0b47|127.0.0.1:15560, bc9bd5ba-19eb-4eb9-bb97-9549088a2cda|127.0.0.1:15551, 2de4195a-f779-4305-af6f-892378b3f55f|127.0.0.1:15542] returns group-F5900B241937:java.util.concurrent.CompletableFuture@7e7d3fce[Not completed]
2024-08-10 09:46:30,547 [0d551621-3a78-470c-abdb-c40a133c0b47-groupManagement] INFO  server.RaftServer$Division (RaftServerImpl.java:<init>(253)) - 0d551621-3a78-470c-abdb-c40a133c0b47: new RaftServerImpl for group-F5900B241937:[0d551621-3a78-470c-abdb-c40a133c0b47|127.0.0.1:15560, bc9bd5ba-19eb-4eb9-bb97-9549088a2cda|127.0.0.1:15551, 2de4195a-f779-4305-af6f-892378b3f55f|127.0.0.1:15542] with ContainerStateMachine:uninitialized
2024-08-10 09:46:30,547 [0d551621-3a78-470c-abdb-c40a133c0b47-groupManagement] INFO  server.RaftServerConfigKeys (ConfUtils.java:logGet(46)) - raft.server.rpc.timeout.min = 5s (custom)
2024-08-10 09:46:30,547 [0d551621-3a78-470c-abdb-c40a133c0b47-groupManagement] INFO  server.RaftServerConfigKeys (ConfUtils.java:logGet(46)) - raft.server.rpc.timeout.max = 5200ms (custom)
2024-08-10 09:46:30,547 [0d551621-3a78-470c-abdb-c40a133c0b47-groupManagement] INFO  server.RaftServerConfigKeys (ConfUtils.java:logGet(46)) - raft.server.rpc.sleep.time = 25ms (default)
2024-08-10 09:46:30,547 [0d551621-3a78-470c-abdb-c40a133c0b47-groupManagement] INFO  server.RaftServerConfigKeys (ConfUtils.java:logGet(46)) - raft.server.rpc.slowness.timeout = 300000ms (custom)
2024-08-10 09:46:30,547 [0d551621-3a78-470c-abdb-c40a133c0b47-groupManagement] INFO  server.RaftServerConfigKeys (ConfUtils.java:logGet(46)) - raft.server.leaderelection.leader.step-down.wait-time = 10s (default)
2024-08-10 09:46:30,547 [0d551621-3a78-470c-abdb-c40a133c0b47-groupManagement] INFO  server.RaftServerConfigKeys (ConfUtils.java:logGet(46)) - raft.server.leaderelection.member.majority-add = false (default)
2024-08-10 09:46:30,547 [0d551621-3a78-470c-abdb-c40a133c0b47-groupManagement] INFO  server.RaftServerConfigKeys (ConfUtils.java:logGet(46)) - raft.server.sleep.deviation.threshold = 300ms (default)
2024-08-10 09:46:30,547 [0d551621-3a78-470c-abdb-c40a133c0b47-groupManagement] INFO  server.RaftServer$Division (ServerState.java:<init>(114)) - 0d551621-3a78-470c-abdb-c40a133c0b47@group-F5900B241937: ConfigurationManager, init=conf: {index: -1, cur=peers:[0d551621-3a78-470c-abdb-c40a133c0b47|127.0.0.1:15560, bc9bd5ba-19eb-4eb9-bb97-9549088a2cda|127.0.0.1:15551, 2de4195a-f779-4305-af6f-892378b3f55f|127.0.0.1:15542]|listeners:[], old=null}, confs=<EMPTY_MAP>
2024-08-10 09:46:30,547 [0d551621-3a78-470c-abdb-c40a133c0b47-groupManagement] INFO  server.RaftServerConfigKeys (ConfUtils.java:logGet(46)) - raft.server.notification.no-leader.timeout = 300000ms (custom)
2024-08-10 09:46:30,547 [0d551621-3a78-470c-abdb-c40a133c0b47-groupManagement] INFO  server.RaftServerConfigKeys (ConfUtils.java:logGet(46)) - raft.server.read.timeout = 10s (default)
2024-08-10 09:46:30,547 [0d551621-3a78-470c-abdb-c40a133c0b47-groupManagement] INFO  server.RaftServerConfigKeys (ConfUtils.java:logGet(46)) - raft.server.retrycache.expirytime = 600000ms (custom)
2024-08-10 09:46:30,547 [0d551621-3a78-470c-abdb-c40a133c0b47-groupManagement] INFO  server.RaftServerConfigKeys (ConfUtils.java:logGet(46)) - raft.server.retrycache.statistics.expirytime = 100ms (default)
2024-08-10 09:46:30,547 [0d551621-3a78-470c-abdb-c40a133c0b47-groupManagement] INFO  server.RaftServerConfigKeys (ConfUtils.java:logGet(46)) - raft.server.read.option = DEFAULT (default)
2024-08-10 09:46:30,547 [0d551621-3a78-470c-abdb-c40a133c0b47-groupManagement] INFO  server.RaftServerConfigKeys (ConfUtils.java:logGet(46)) - raft.server.read.read-after-write-consistent.write-index-cache.expiry-time = 60s (default)
2024-08-10 09:46:30,549 [0d551621-3a78-470c-abdb-c40a133c0b47-groupManagement] INFO  server.RaftServerConfigKeys (ConfUtils.java:logGet(46)) - raft.server.rpc.request.timeout = 3000ms (default)
2024-08-10 09:46:30,549 [0d551621-3a78-470c-abdb-c40a133c0b47-groupManagement] INFO  server.RaftServerConfigKeys (ConfUtils.java:logGet(46)) - raft.server.log.appender.install.snapshot.enabled = false (custom)
2024-08-10 09:46:30,549 [0d551621-3a78-470c-abdb-c40a133c0b47-groupManagement] INFO  server.RaftServerConfigKeys (ConfUtils.java:logGet(46)) - raft.server.threadpool.server.cached = true (default)
2024-08-10 09:46:30,549 [0d551621-3a78-470c-abdb-c40a133c0b47-groupManagement] INFO  server.RaftServerConfigKeys (ConfUtils.java:logGet(46)) - raft.server.threadpool.server.size = 0 (default)
2024-08-10 09:46:30,549 [0d551621-3a78-470c-abdb-c40a133c0b47-groupManagement] INFO  server.RaftServerConfigKeys (ConfUtils.java:logGet(46)) - raft.server.threadpool.client.cached = true (default)
2024-08-10 09:46:30,549 [0d551621-3a78-470c-abdb-c40a133c0b47-groupManagement] INFO  server.RaftServerConfigKeys (ConfUtils.java:logGet(46)) - raft.server.threadpool.client.size = 0 (default)
2024-08-10 09:46:30,549 [0d551621-3a78-470c-abdb-c40a133c0b47-groupManagement] INFO  server.RaftServerConfigKeys (ConfUtils.java:logGet(46)) - raft.server.storage.free-space.min = 0MB (=0) (default)
2024-08-10 09:46:30,549 [0d551621-3a78-470c-abdb-c40a133c0b47-groupManagement] INFO  server.RaftServerConfigKeys (ConfUtils.java:logGet(46)) - raft.server.log.corruption.policy = EXCEPTION (default)
2024-08-10 09:46:30,549 [0d551621-3a78-470c-abdb-c40a133c0b47-groupManagement] INFO  server.RaftServerConfigKeys (ConfUtils.java:logGet(46)) - raft.server.storage.dir = [/home/runner/work/ozone/ozone/hadoop-ozone/integration-test/target/test-dir/MiniOzoneClusterImpl-76eaf92f-9dff-4d21-993f-c9a35837815b/ozone-meta/datanode-3/ratis] (custom)
2024-08-10 09:46:30,549 [0d551621-3a78-470c-abdb-c40a133c0b47-groupManagement] INFO  storage.RaftStorageDirectory (RaftStorageDirectoryImpl.java:analyzeStorage(138)) - The storage directory /home/runner/work/ozone/ozone/hadoop-ozone/integration-test/target/test-dir/MiniOzoneClusterImpl-76eaf92f-9dff-4d21-993f-c9a35837815b/ozone-meta/datanode-3/ratis/6d48bf66-bbcb-454f-be82-f5900b241937 does not exist. Creating ...
2024-08-10 09:46:30,550 [0d551621-3a78-470c-abdb-c40a133c0b47-groupManagement] INFO  storage.RaftStorageDirectory (RaftStorageDirectoryImpl.java:tryLock(229)) - Lock on /home/runner/work/ozone/ozone/hadoop-ozone/integration-test/target/test-dir/MiniOzoneClusterImpl-76eaf92f-9dff-4d21-993f-c9a35837815b/ozone-meta/datanode-3/ratis/6d48bf66-bbcb-454f-be82-f5900b241937/in_use.lock acquired by nodename 50124@fv-az701-157
2024-08-10 09:46:30,552 [0d551621-3a78-470c-abdb-c40a133c0b47-groupManagement] INFO  storage.RaftStorage (RaftStorageImpl.java:format(98)) - Storage directory /home/runner/work/ozone/ozone/hadoop-ozone/integration-test/target/test-dir/MiniOzoneClusterImpl-76eaf92f-9dff-4d21-993f-c9a35837815b/ozone-meta/datanode-3/ratis/6d48bf66-bbcb-454f-be82-f5900b241937 has been successfully formatted.
2024-08-10 09:46:30,552 [0d551621-3a78-470c-abdb-c40a133c0b47-groupManagement] INFO  ratis.ContainerStateMachine (ContainerStateMachine.java:loadSnapshot(287)) - group-F5900B241937: The snapshot info is null. Setting the last applied index to:(t:0, i:~)
2024-08-10 09:46:30,552 [0d551621-3a78-470c-abdb-c40a133c0b47-groupManagement] INFO  server.RaftServerConfigKeys (ConfUtils.java:logGet(46)) - raft.server.log.use.memory = false (default)
2024-08-10 09:46:30,552 [0d551621-3a78-470c-abdb-c40a133c0b47-groupManagement] INFO  server.RaftServerConfigKeys (ConfUtils.java:logGet(46)) - raft.server.log.purge.gap = 1000000 (custom)
2024-08-10 09:46:30,552 [0d551621-3a78-470c-abdb-c40a133c0b47-groupManagement] INFO  server.RaftServerConfigKeys (ConfUtils.java:logGet(46)) - raft.server.log.appender.buffer.byte-limit = 8388608 (custom)
2024-08-10 09:46:30,552 [0d551621-3a78-470c-abdb-c40a133c0b47-groupManagement] INFO  server.RaftServerConfigKeys (ConfUtils.java:logGet(46)) - raft.server.log.statemachine.data.read.timeout = 1000ms (default)
2024-08-10 09:46:30,552 [0d551621-3a78-470c-abdb-c40a133c0b47-groupManagement] INFO  server.RaftServerConfigKeys (ConfUtils.java:logGet(46)) - raft.server.log.purge.preservation.log.num = 0 (default)
2024-08-10 09:46:30,553 [0d551621-3a78-470c-abdb-c40a133c0b47-groupManagement] INFO  server.RaftServerConfigKeys (ConfUtils.java:logGet(46)) - raft.server.log.segment.size.max = 67108864 (custom)
2024-08-10 09:46:30,553 [0d551621-3a78-470c-abdb-c40a133c0b47-groupManagement] INFO  server.RaftServerConfigKeys (ConfUtils.java:logGet(46)) - raft.server.log.segment.cache.num.max = 2 (custom)
2024-08-10 09:46:30,553 [0d551621-3a78-470c-abdb-c40a133c0b47-groupManagement] INFO  server.RaftServerConfigKeys (ConfUtils.java:logGet(46)) - raft.server.log.segment.cache.size.max = 200MB (=209715200) (default)
2024-08-10 09:46:30,553 [0d551621-3a78-470c-abdb-c40a133c0b47-groupManagement] INFO  server.RaftServerConfigKeys (ConfUtils.java:logGet(46)) - raft.server.log.appender.buffer.byte-limit = 8388608 (custom)
2024-08-10 09:46:30,553 [0d551621-3a78-470c-abdb-c40a133c0b47-groupManagement] INFO  util.AwaitToRun (AwaitToRun.java:start(81)) - Thread[0d551621-3a78-470c-abdb-c40a133c0b47@group-F5900B241937-cacheEviction-AwaitToRun,5,main] started
2024-08-10 09:46:30,553 [0d551621-3a78-470c-abdb-c40a133c0b47-groupManagement] INFO  segmented.SegmentedRaftLogWorker (SegmentedRaftLogWorker.java:<init>(184)) - new 0d551621-3a78-470c-abdb-c40a133c0b47@group-F5900B241937-SegmentedRaftLogWorker for RaftStorageImpl:Storage Directory /home/runner/work/ozone/ozone/hadoop-ozone/integration-test/target/test-dir/MiniOzoneClusterImpl-76eaf92f-9dff-4d21-993f-c9a35837815b/ozone-meta/datanode-3/ratis/6d48bf66-bbcb-454f-be82-f5900b241937
2024-08-10 09:46:30,553 [0d551621-3a78-470c-abdb-c40a133c0b47-groupManagement] INFO  server.RaftServerConfigKeys (ConfUtils.java:logGet(46)) - raft.server.log.queue.byte-limit = 4294967296 (custom)
2024-08-10 09:46:30,554 [0d551621-3a78-470c-abdb-c40a133c0b47-groupManagement] INFO  server.RaftServerConfigKeys (ConfUtils.java:logGet(46)) - raft.server.log.queue.element-limit = 1024 (custom)
2024-08-10 09:46:30,554 [0d551621-3a78-470c-abdb-c40a133c0b47-groupManagement] INFO  server.RaftServerConfigKeys (ConfUtils.java:logGet(46)) - raft.server.log.segment.size.max = 67108864 (custom)
2024-08-10 09:46:30,554 [0d551621-3a78-470c-abdb-c40a133c0b47-groupManagement] INFO  server.RaftServerConfigKeys (ConfUtils.java:logGet(46)) - raft.server.log.preallocated.size = 4194304 (custom)
2024-08-10 09:46:30,554 [0d551621-3a78-470c-abdb-c40a133c0b47-groupManagement] INFO  server.RaftServerConfigKeys (ConfUtils.java:logGet(46)) - raft.server.log.force.sync.num = 128 (default)
2024-08-10 09:46:30,554 [0d551621-3a78-470c-abdb-c40a133c0b47-groupManagement] INFO  server.RaftServerConfigKeys (ConfUtils.java:logGet(46)) - raft.server.log.statemachine.data.sync = true (default)
2024-08-10 09:46:30,554 [0d551621-3a78-470c-abdb-c40a133c0b47-groupManagement] INFO  server.RaftServerConfigKeys (ConfUtils.java:logGet(46)) - raft.server.log.statemachine.data.sync.timeout = 10s (default)
2024-08-10 09:46:30,554 [0d551621-3a78-470c-abdb-c40a133c0b47-groupManagement] INFO  server.RaftServerConfigKeys (ConfUtils.java:logGet(46)) - raft.server.log.statemachine.data.sync.timeout.retry = 30 (custom)
2024-08-10 09:46:30,554 [0d551621-3a78-470c-abdb-c40a133c0b47-groupManagement] INFO  server.RaftServerConfigKeys (ConfUtils.java:logGet(46)) - raft.server.log.write.buffer.size = 8388616 (custom)
2024-08-10 09:46:30,555 [0d551621-3a78-470c-abdb-c40a133c0b47-groupManagement] INFO  server.RaftServerConfigKeys (ConfUtils.java:logGet(46)) - raft.server.log.appender.buffer.byte-limit = 8388608 (custom)
2024-08-10 09:46:30,556 [0d551621-3a78-470c-abdb-c40a133c0b47-groupManagement] INFO  server.RaftServerConfigKeys (ConfUtils.java:logGet(46)) - raft.server.log.unsafe-flush.enabled = false (default)
2024-08-10 09:46:30,556 [0d551621-3a78-470c-abdb-c40a133c0b47-groupManagement] INFO  server.RaftServerConfigKeys (ConfUtils.java:logGet(46)) - raft.server.log.async-flush.enabled = false (default)
2024-08-10 09:46:30,556 [0d551621-3a78-470c-abdb-c40a133c0b47-groupManagement] INFO  server.RaftServerConfigKeys (ConfUtils.java:logGet(46)) - raft.server.log.statemachine.data.caching.enabled = true (custom)
2024-08-10 09:46:30,556 [0d551621-3a78-470c-abdb-c40a133c0b47-groupManagement] INFO  segmented.SegmentedRaftLogWorker (SegmentedRaftLogWorker.java:lambda$new$0(135)) - 0d551621-3a78-470c-abdb-c40a133c0b47@group-F5900B241937-SegmentedRaftLogWorker: flushIndex: setUnconditionally 0 -> -1
2024-08-10 09:46:30,556 [0d551621-3a78-470c-abdb-c40a133c0b47-groupManagement] INFO  segmented.SegmentedRaftLogWorker (SegmentedRaftLogWorker.java:lambda$new$0(135)) - 0d551621-3a78-470c-abdb-c40a133c0b47@group-F5900B241937-SegmentedRaftLogWorker: safeCacheEvictIndex: setUnconditionally 0 -> -1
2024-08-10 09:46:30,556 [0d551621-3a78-470c-abdb-c40a133c0b47-groupManagement] INFO  server.RaftServer$Division (RaftServerImpl.java:start(389)) - 0d551621-3a78-470c-abdb-c40a133c0b47@group-F5900B241937: start as a follower, conf=conf: {index: -1, cur=peers:[0d551621-3a78-470c-abdb-c40a133c0b47|127.0.0.1:15560, bc9bd5ba-19eb-4eb9-bb97-9549088a2cda|127.0.0.1:15551, 2de4195a-f779-4305-af6f-892378b3f55f|127.0.0.1:15542]|listeners:[], old=null}
2024-08-10 09:46:30,556 [0d551621-3a78-470c-abdb-c40a133c0b47-groupManagement] INFO  server.RaftServer$Division (RaftServerImpl.java:setRole(376)) - 0d551621-3a78-470c-abdb-c40a133c0b47@group-F5900B241937: changes role from      null to FOLLOWER at term 0 for startAsFollower
2024-08-10 09:46:30,556 [0d551621-3a78-470c-abdb-c40a133c0b47-groupManagement] INFO  impl.RoleInfo (RoleInfo.java:updateAndGet(148)) - 0d551621-3a78-470c-abdb-c40a133c0b47: start 0d551621-3a78-470c-abdb-c40a133c0b47@group-F5900B241937-FollowerState
2024-08-10 09:46:30,556 [0d551621-3a78-470c-abdb-c40a133c0b47@group-F5900B241937-FollowerState] INFO  server.RaftServerConfigKeys (ConfUtils.java:logFallback(53)) - raft.server.rpc.first-election.timeout.min = 5s (fallback to raft.server.rpc.timeout.min)
2024-08-10 09:46:30,556 [0d551621-3a78-470c-abdb-c40a133c0b47@group-F5900B241937-FollowerState] INFO  server.RaftServerConfigKeys (ConfUtils.java:logFallback(53)) - raft.server.rpc.first-election.timeout.max = 5200ms (fallback to raft.server.rpc.timeout.max)
2024-08-10 09:46:30,556 [0d551621-3a78-470c-abdb-c40a133c0b47-groupManagement] INFO  util.JmxRegister (JmxRegister.java:tryRegister(44)) - Successfully registered JMX Bean with object name Ratis:service=RaftServer,group=group-F5900B241937,id=0d551621-3a78-470c-abdb-c40a133c0b47
2024-08-10 09:46:30,557 [0d551621-3a78-470c-abdb-c40a133c0b47-groupManagement] INFO  util.JmxRegister (JmxRegister.java:register(58)) - register mxBean class org.apache.ratis.server.impl.RaftServerJmxAdapter as Ratis:service=RaftServer,group=group-F5900B241937,id=0d551621-3a78-470c-abdb-c40a133c0b47
2024-08-10 09:46:30,557 [0d551621-3a78-470c-abdb-c40a133c0b47-groupManagement] INFO  server.RaftServerConfigKeys (ConfUtils.java:logGet(46)) - raft.server.snapshot.trigger-when-stop.enabled = true (default)
2024-08-10 09:46:30,557 [0d551621-3a78-470c-abdb-c40a133c0b47-groupManagement] INFO  server.RaftServerConfigKeys (ConfUtils.java:logGet(46)) - raft.server.snapshot.trigger-when-remove.enabled = true (default)
2024-08-10 09:46:30,557 [0d551621-3a78-470c-abdb-c40a133c0b47-groupManagement] INFO  server.RaftServerConfigKeys (ConfUtils.java:logGet(46)) - raft.server.snapshot.auto.trigger.enabled = true (custom)
2024-08-10 09:46:30,557 [0d551621-3a78-470c-abdb-c40a133c0b47-groupManagement] INFO  server.RaftServerConfigKeys (ConfUtils.java:logGet(46)) - raft.server.snapshot.auto.trigger.threshold = 10000 (custom)
2024-08-10 09:46:30,557 [0d551621-3a78-470c-abdb-c40a133c0b47-groupManagement] INFO  server.RaftServerConfigKeys (ConfUtils.java:logGet(46)) - raft.server.snapshot.retention.file.num = 5 (custom)
2024-08-10 09:46:30,557 [0d551621-3a78-470c-abdb-c40a133c0b47-groupManagement] INFO  server.RaftServerConfigKeys (ConfUtils.java:logGet(46)) - raft.server.log.purge.upto.snapshot.index = false (default)
2024-08-10 09:46:30,558 [2de4195a-f779-4305-af6f-892378b3f55f-PipelineCommandHandlerThread-0] INFO  commandhandler.CreatePipelineCommandHandler (CreatePipelineCommandHandler.java:lambda$handle$2(124)) - Created Pipeline RATIS THREE PipelineID=6d48bf66-bbcb-454f-be82-f5900b241937.
2024-08-10 09:46:30,559 [2de4195a-f779-4305-af6f-892378b3f55f-PipelineCommandHandlerThread-0] INFO  server.RaftServer (RaftServerProxy.java:addNew(101)) - 2de4195a-f779-4305-af6f-892378b3f55f: addNew group-9E8CB2D7ECCE:[0d551621-3a78-470c-abdb-c40a133c0b47|127.0.0.1:15560, bc9bd5ba-19eb-4eb9-bb97-9549088a2cda|127.0.0.1:15551, 2de4195a-f779-4305-af6f-892378b3f55f|127.0.0.1:15542] returns group-9E8CB2D7ECCE:java.util.concurrent.CompletableFuture@5ad1384[Not completed]
2024-08-10 09:46:30,559 [2de4195a-f779-4305-af6f-892378b3f55f-groupManagement] INFO  server.RaftServer$Division (RaftServerImpl.java:<init>(253)) - 2de4195a-f779-4305-af6f-892378b3f55f: new RaftServerImpl for group-9E8CB2D7ECCE:[0d551621-3a78-470c-abdb-c40a133c0b47|127.0.0.1:15560, bc9bd5ba-19eb-4eb9-bb97-9549088a2cda|127.0.0.1:15551, 2de4195a-f779-4305-af6f-892378b3f55f|127.0.0.1:15542] with ContainerStateMachine:uninitialized
2024-08-10 09:46:30,559 [2de4195a-f779-4305-af6f-892378b3f55f-groupManagement] INFO  server.RaftServerConfigKeys (ConfUtils.java:logGet(46)) - raft.server.rpc.timeout.min = 5s (custom)
2024-08-10 09:46:30,559 [2de4195a-f779-4305-af6f-892378b3f55f-groupManagement] INFO  server.RaftServerConfigKeys (ConfUtils.java:logGet(46)) - raft.server.rpc.timeout.max = 5200ms (custom)
2024-08-10 09:46:30,559 [2de4195a-f779-4305-af6f-892378b3f55f-groupManagement] INFO  server.RaftServerConfigKeys (ConfUtils.java:logGet(46)) - raft.server.rpc.sleep.time = 25ms (default)
2024-08-10 09:46:30,559 [2de4195a-f779-4305-af6f-892378b3f55f-groupManagement] INFO  server.RaftServerConfigKeys (ConfUtils.java:logGet(46)) - raft.server.rpc.slowness.timeout = 300000ms (custom)
2024-08-10 09:46:30,559 [2de4195a-f779-4305-af6f-892378b3f55f-groupManagement] INFO  server.RaftServerConfigKeys (ConfUtils.java:logGet(46)) - raft.server.leaderelection.leader.step-down.wait-time = 10s (default)
2024-08-10 09:46:30,559 [2de4195a-f779-4305-af6f-892378b3f55f-groupManagement] INFO  server.RaftServerConfigKeys (ConfUtils.java:logGet(46)) - raft.server.leaderelection.member.majority-add = false (default)
2024-08-10 09:46:30,559 [2de4195a-f779-4305-af6f-892378b3f55f-groupManagement] INFO  server.RaftServerConfigKeys (ConfUtils.java:logGet(46)) - raft.server.sleep.deviation.threshold = 300ms (default)
2024-08-10 09:46:30,560 [2de4195a-f779-4305-af6f-892378b3f55f-groupManagement] INFO  server.RaftServer$Division (ServerState.java:<init>(114)) - 2de4195a-f779-4305-af6f-892378b3f55f@group-9E8CB2D7ECCE: ConfigurationManager, init=conf: {index: -1, cur=peers:[0d551621-3a78-470c-abdb-c40a133c0b47|127.0.0.1:15560, bc9bd5ba-19eb-4eb9-bb97-9549088a2cda|127.0.0.1:15551, 2de4195a-f779-4305-af6f-892378b3f55f|127.0.0.1:15542]|listeners:[], old=null}, confs=<EMPTY_MAP>
2024-08-10 09:46:30,560 [2de4195a-f779-4305-af6f-892378b3f55f-groupManagement] INFO  server.RaftServerConfigKeys (ConfUtils.java:logGet(46)) - raft.server.notification.no-leader.timeout = 300000ms (custom)
2024-08-10 09:46:30,560 [2de4195a-f779-4305-af6f-892378b3f55f-groupManagement] INFO  server.RaftServerConfigKeys (ConfUtils.java:logGet(46)) - raft.server.read.timeout = 10s (default)
2024-08-10 09:46:30,560 [2de4195a-f779-4305-af6f-892378b3f55f-groupManagement] INFO  server.RaftServerConfigKeys (ConfUtils.java:logGet(46)) - raft.server.retrycache.expirytime = 600000ms (custom)
2024-08-10 09:46:30,560 [2de4195a-f779-4305-af6f-892378b3f55f-groupManagement] INFO  server.RaftServerConfigKeys (ConfUtils.java:logGet(46)) - raft.server.retrycache.statistics.expirytime = 100ms (default)
2024-08-10 09:46:30,560 [2de4195a-f779-4305-af6f-892378b3f55f-groupManagement] INFO  server.RaftServerConfigKeys (ConfUtils.java:logGet(46)) - raft.server.read.option = DEFAULT (default)
2024-08-10 09:46:30,560 [2de4195a-f779-4305-af6f-892378b3f55f-groupManagement] INFO  server.RaftServerConfigKeys (ConfUtils.java:logGet(46)) - raft.server.read.read-after-write-consistent.write-index-cache.expiry-time = 60s (default)
2024-08-10 09:46:30,562 [2de4195a-f779-4305-af6f-892378b3f55f-groupManagement] INFO  server.RaftServerConfigKeys (ConfUtils.java:logGet(46)) - raft.server.rpc.request.timeout = 3000ms (default)
2024-08-10 09:46:30,562 [2de4195a-f779-4305-af6f-892378b3f55f-groupManagement] INFO  server.RaftServerConfigKeys (ConfUtils.java:logGet(46)) - raft.server.log.appender.install.snapshot.enabled = false (custom)
2024-08-10 09:46:30,562 [2de4195a-f779-4305-af6f-892378b3f55f-groupManagement] INFO  server.RaftServerConfigKeys (ConfUtils.java:logGet(46)) - raft.server.threadpool.server.cached = true (default)
2024-08-10 09:46:30,562 [2de4195a-f779-4305-af6f-892378b3f55f-groupManagement] INFO  server.RaftServerConfigKeys (ConfUtils.java:logGet(46)) - raft.server.threadpool.server.size = 0 (default)
2024-08-10 09:46:30,562 [2de4195a-f779-4305-af6f-892378b3f55f-groupManagement] INFO  server.RaftServerConfigKeys (ConfUtils.java:logGet(46)) - raft.server.threadpool.client.cached = true (default)
2024-08-10 09:46:30,562 [2de4195a-f779-4305-af6f-892378b3f55f-groupManagement] INFO  server.RaftServerConfigKeys (ConfUtils.java:logGet(46)) - raft.server.threadpool.client.size = 0 (default)
2024-08-10 09:46:30,562 [2de4195a-f779-4305-af6f-892378b3f55f-groupManagement] INFO  server.RaftServerConfigKeys (ConfUtils.java:logGet(46)) - raft.server.storage.free-space.min = 0MB (=0) (default)
2024-08-10 09:46:30,562 [2de4195a-f779-4305-af6f-892378b3f55f-groupManagement] INFO  server.RaftServerConfigKeys (ConfUtils.java:logGet(46)) - raft.server.log.corruption.policy = EXCEPTION (default)
2024-08-10 09:46:30,562 [2de4195a-f779-4305-af6f-892378b3f55f-groupManagement] INFO  server.RaftServerConfigKeys (ConfUtils.java:logGet(46)) - raft.server.storage.dir = [/home/runner/work/ozone/ozone/hadoop-ozone/integration-test/target/test-dir/MiniOzoneClusterImpl-76eaf92f-9dff-4d21-993f-c9a35837815b/ozone-meta/datanode-1/ratis] (custom)
2024-08-10 09:46:30,562 [2de4195a-f779-4305-af6f-892378b3f55f-groupManagement] INFO  storage.RaftStorageDirectory (RaftStorageDirectoryImpl.java:analyzeStorage(138)) - The storage directory /home/runner/work/ozone/ozone/hadoop-ozone/integration-test/target/test-dir/MiniOzoneClusterImpl-76eaf92f-9dff-4d21-993f-c9a35837815b/ozone-meta/datanode-1/ratis/860780ba-ebaa-4f50-9042-9e8cb2d7ecce does not exist. Creating ...
2024-08-10 09:46:30,563 [2de4195a-f779-4305-af6f-892378b3f55f-groupManagement] INFO  storage.RaftStorageDirectory (RaftStorageDirectoryImpl.java:tryLock(229)) - Lock on /home/runner/work/ozone/ozone/hadoop-ozone/integration-test/target/test-dir/MiniOzoneClusterImpl-76eaf92f-9dff-4d21-993f-c9a35837815b/ozone-meta/datanode-1/ratis/860780ba-ebaa-4f50-9042-9e8cb2d7ecce/in_use.lock acquired by nodename 50124@fv-az701-157
2024-08-10 09:46:30,564 [2de4195a-f779-4305-af6f-892378b3f55f-groupManagement] INFO  storage.RaftStorage (RaftStorageImpl.java:format(98)) - Storage directory /home/runner/work/ozone/ozone/hadoop-ozone/integration-test/target/test-dir/MiniOzoneClusterImpl-76eaf92f-9dff-4d21-993f-c9a35837815b/ozone-meta/datanode-1/ratis/860780ba-ebaa-4f50-9042-9e8cb2d7ecce has been successfully formatted.
2024-08-10 09:46:30,565 [2de4195a-f779-4305-af6f-892378b3f55f-groupManagement] INFO  ratis.ContainerStateMachine (ContainerStateMachine.java:loadSnapshot(287)) - group-9E8CB2D7ECCE: The snapshot info is null. Setting the last applied index to:(t:0, i:~)
2024-08-10 09:46:30,566 [2de4195a-f779-4305-af6f-892378b3f55f-groupManagement] INFO  server.RaftServerConfigKeys (ConfUtils.java:logGet(46)) - raft.server.log.use.memory = false (default)
2024-08-10 09:46:30,566 [2de4195a-f779-4305-af6f-892378b3f55f-groupManagement] INFO  server.RaftServerConfigKeys (ConfUtils.java:logGet(46)) - raft.server.log.purge.gap = 1000000 (custom)
2024-08-10 09:46:30,566 [2de4195a-f779-4305-af6f-892378b3f55f-groupManagement] INFO  server.RaftServerConfigKeys (ConfUtils.java:logGet(46)) - raft.server.log.appender.buffer.byte-limit = 8388608 (custom)
2024-08-10 09:46:30,566 [2de4195a-f779-4305-af6f-892378b3f55f-groupManagement] INFO  server.RaftServerConfigKeys (ConfUtils.java:logGet(46)) - raft.server.log.statemachine.data.read.timeout = 1000ms (default)
2024-08-10 09:46:30,566 [2de4195a-f779-4305-af6f-892378b3f55f-groupManagement] INFO  server.RaftServerConfigKeys (ConfUtils.java:logGet(46)) - raft.server.log.purge.preservation.log.num = 0 (default)
2024-08-10 09:46:30,566 [EventQueue-OpenPipelineForHealthyPipelineSafeModeRule] INFO  safemode.SCMSafeModeManager (HealthyPipelineSafeModeRule.java:process(140)) - SCM in safe mode. Healthy pipelines reported count is 0, required healthy pipeline reported count is 1
2024-08-10 09:46:30,566 [2de4195a-f779-4305-af6f-892378b3f55f-groupManagement] INFO  server.RaftServerConfigKeys (ConfUtils.java:logGet(46)) - raft.server.log.segment.size.max = 67108864 (custom)
2024-08-10 09:46:30,567 [2de4195a-f779-4305-af6f-892378b3f55f-groupManagement] INFO  server.RaftServerConfigKeys (ConfUtils.java:logGet(46)) - raft.server.log.segment.cache.num.max = 2 (custom)
2024-08-10 09:46:30,567 [2de4195a-f779-4305-af6f-892378b3f55f-groupManagement] INFO  server.RaftServerConfigKeys (ConfUtils.java:logGet(46)) - raft.server.log.segment.cache.size.max = 200MB (=209715200) (default)
2024-08-10 09:46:30,567 [2de4195a-f779-4305-af6f-892378b3f55f-groupManagement] INFO  server.RaftServerConfigKeys (ConfUtils.java:logGet(46)) - raft.server.log.appender.buffer.byte-limit = 8388608 (custom)
2024-08-10 09:46:30,567 [2de4195a-f779-4305-af6f-892378b3f55f-groupManagement] INFO  util.AwaitToRun (AwaitToRun.java:start(81)) - Thread[2de4195a-f779-4305-af6f-892378b3f55f@group-9E8CB2D7ECCE-cacheEviction-AwaitToRun,5,main] started
2024-08-10 09:46:30,567 [2de4195a-f779-4305-af6f-892378b3f55f-groupManagement] INFO  segmented.SegmentedRaftLogWorker (SegmentedRaftLogWorker.java:<init>(184)) - new 2de4195a-f779-4305-af6f-892378b3f55f@group-9E8CB2D7ECCE-SegmentedRaftLogWorker for RaftStorageImpl:Storage Directory /home/runner/work/ozone/ozone/hadoop-ozone/integration-test/target/test-dir/MiniOzoneClusterImpl-76eaf92f-9dff-4d21-993f-c9a35837815b/ozone-meta/datanode-1/ratis/860780ba-ebaa-4f50-9042-9e8cb2d7ecce
2024-08-10 09:46:30,567 [2de4195a-f779-4305-af6f-892378b3f55f-groupManagement] INFO  server.RaftServerConfigKeys (ConfUtils.java:logGet(46)) - raft.server.log.queue.byte-limit = 4294967296 (custom)
2024-08-10 09:46:30,567 [2de4195a-f779-4305-af6f-892378b3f55f-groupManagement] INFO  server.RaftServerConfigKeys (ConfUtils.java:logGet(46)) - raft.server.log.queue.element-limit = 1024 (custom)
2024-08-10 09:46:30,567 [2de4195a-f779-4305-af6f-892378b3f55f-groupManagement] INFO  server.RaftServerConfigKeys (ConfUtils.java:logGet(46)) - raft.server.log.segment.size.max = 67108864 (custom)
2024-08-10 09:46:30,567 [2de4195a-f779-4305-af6f-892378b3f55f-groupManagement] INFO  server.RaftServerConfigKeys (ConfUtils.java:logGet(46)) - raft.server.log.preallocated.size = 4194304 (custom)
2024-08-10 09:46:30,567 [2de4195a-f779-4305-af6f-892378b3f55f-groupManagement] INFO  server.RaftServerConfigKeys (ConfUtils.java:logGet(46)) - raft.server.log.force.sync.num = 128 (default)
2024-08-10 09:46:30,567 [2de4195a-f779-4305-af6f-892378b3f55f-groupManagement] INFO  server.RaftServerConfigKeys (ConfUtils.java:logGet(46)) - raft.server.log.statemachine.data.sync = true (default)
2024-08-10 09:46:30,567 [2de4195a-f779-4305-af6f-892378b3f55f-groupManagement] INFO  server.RaftServerConfigKeys (ConfUtils.java:logGet(46)) - raft.server.log.statemachine.data.sync.timeout = 10s (default)
2024-08-10 09:46:30,567 [2de4195a-f779-4305-af6f-892378b3f55f-groupManagement] INFO  server.RaftServerConfigKeys (ConfUtils.java:logGet(46)) - raft.server.log.statemachine.data.sync.timeout.retry = 30 (custom)
2024-08-10 09:46:30,567 [2de4195a-f779-4305-af6f-892378b3f55f-groupManagement] INFO  server.RaftServerConfigKeys (ConfUtils.java:logGet(46)) - raft.server.log.write.buffer.size = 8388616 (custom)
2024-08-10 09:46:30,569 [2de4195a-f779-4305-af6f-892378b3f55f-groupManagement] INFO  server.RaftServerConfigKeys (ConfUtils.java:logGet(46)) - raft.server.log.appender.buffer.byte-limit = 8388608 (custom)
2024-08-10 09:46:30,569 [2de4195a-f779-4305-af6f-892378b3f55f-groupManagement] INFO  server.RaftServerConfigKeys (ConfUtils.java:logGet(46)) - raft.server.log.unsafe-flush.enabled = false (default)
2024-08-10 09:46:30,569 [2de4195a-f779-4305-af6f-892378b3f55f-groupManagement] INFO  server.RaftServerConfigKeys (ConfUtils.java:logGet(46)) - raft.server.log.async-flush.enabled = false (default)
2024-08-10 09:46:30,569 [2de4195a-f779-4305-af6f-892378b3f55f-groupManagement] INFO  server.RaftServerConfigKeys (ConfUtils.java:logGet(46)) - raft.server.log.statemachine.data.caching.enabled = true (custom)
2024-08-10 09:46:30,569 [2de4195a-f779-4305-af6f-892378b3f55f-groupManagement] INFO  segmented.SegmentedRaftLogWorker (SegmentedRaftLogWorker.java:lambda$new$0(135)) - 2de4195a-f779-4305-af6f-892378b3f55f@group-9E8CB2D7ECCE-SegmentedRaftLogWorker: flushIndex: setUnconditionally 0 -> -1
2024-08-10 09:46:30,569 [2de4195a-f779-4305-af6f-892378b3f55f-groupManagement] INFO  segmented.SegmentedRaftLogWorker (SegmentedRaftLogWorker.java:lambda$new$0(135)) - 2de4195a-f779-4305-af6f-892378b3f55f@group-9E8CB2D7ECCE-SegmentedRaftLogWorker: safeCacheEvictIndex: setUnconditionally 0 -> -1
2024-08-10 09:46:30,569 [2de4195a-f779-4305-af6f-892378b3f55f-groupManagement] INFO  server.RaftServer$Division (RaftServerImpl.java:start(389)) - 2de4195a-f779-4305-af6f-892378b3f55f@group-9E8CB2D7ECCE: start as a follower, conf=conf: {index: -1, cur=peers:[0d551621-3a78-470c-abdb-c40a133c0b47|127.0.0.1:15560, bc9bd5ba-19eb-4eb9-bb97-9549088a2cda|127.0.0.1:15551, 2de4195a-f779-4305-af6f-892378b3f55f|127.0.0.1:15542]|listeners:[], old=null}
2024-08-10 09:46:30,569 [2de4195a-f779-4305-af6f-892378b3f55f-groupManagement] INFO  server.RaftServer$Division (RaftServerImpl.java:setRole(376)) - 2de4195a-f779-4305-af6f-892378b3f55f@group-9E8CB2D7ECCE: changes role from      null to FOLLOWER at term 0 for startAsFollower
2024-08-10 09:46:30,570 [2de4195a-f779-4305-af6f-892378b3f55f-groupManagement] INFO  impl.RoleInfo (RoleInfo.java:updateAndGet(148)) - 2de4195a-f779-4305-af6f-892378b3f55f: start 2de4195a-f779-4305-af6f-892378b3f55f@group-9E8CB2D7ECCE-FollowerState
2024-08-10 09:46:30,570 [2de4195a-f779-4305-af6f-892378b3f55f@group-9E8CB2D7ECCE-FollowerState] INFO  server.RaftServerConfigKeys (ConfUtils.java:logFallback(53)) - raft.server.rpc.first-election.timeout.min = 5s (fallback to raft.server.rpc.timeout.min)
2024-08-10 09:46:30,570 [2de4195a-f779-4305-af6f-892378b3f55f@group-9E8CB2D7ECCE-FollowerState] INFO  server.RaftServerConfigKeys (ConfUtils.java:logFallback(53)) - raft.server.rpc.first-election.timeout.max = 5200ms (fallback to raft.server.rpc.timeout.max)
2024-08-10 09:46:30,570 [2de4195a-f779-4305-af6f-892378b3f55f-groupManagement] INFO  util.JmxRegister (JmxRegister.java:tryRegister(44)) - Successfully registered JMX Bean with object name Ratis:service=RaftServer,group=group-9E8CB2D7ECCE,id=2de4195a-f779-4305-af6f-892378b3f55f
2024-08-10 09:46:30,570 [2de4195a-f779-4305-af6f-892378b3f55f-groupManagement] INFO  util.JmxRegister (JmxRegister.java:register(58)) - register mxBean class org.apache.ratis.server.impl.RaftServerJmxAdapter as Ratis:service=RaftServer,group=group-9E8CB2D7ECCE,id=2de4195a-f779-4305-af6f-892378b3f55f
2024-08-10 09:46:30,570 [2de4195a-f779-4305-af6f-892378b3f55f-groupManagement] INFO  server.RaftServerConfigKeys (ConfUtils.java:logGet(46)) - raft.server.snapshot.trigger-when-stop.enabled = true (default)
2024-08-10 09:46:30,570 [2de4195a-f779-4305-af6f-892378b3f55f-groupManagement] INFO  server.RaftServerConfigKeys (ConfUtils.java:logGet(46)) - raft.server.snapshot.trigger-when-remove.enabled = true (default)
2024-08-10 09:46:30,570 [2de4195a-f779-4305-af6f-892378b3f55f-groupManagement] INFO  server.RaftServerConfigKeys (ConfUtils.java:logGet(46)) - raft.server.snapshot.auto.trigger.enabled = true (custom)
2024-08-10 09:46:30,570 [2de4195a-f779-4305-af6f-892378b3f55f-groupManagement] INFO  server.RaftServerConfigKeys (ConfUtils.java:logGet(46)) - raft.server.snapshot.auto.trigger.threshold = 10000 (custom)
2024-08-10 09:46:30,570 [2de4195a-f779-4305-af6f-892378b3f55f-groupManagement] INFO  server.RaftServerConfigKeys (ConfUtils.java:logGet(46)) - raft.server.snapshot.retention.file.num = 5 (custom)
2024-08-10 09:46:30,570 [2de4195a-f779-4305-af6f-892378b3f55f-groupManagement] INFO  server.RaftServerConfigKeys (ConfUtils.java:logGet(46)) - raft.server.log.purge.upto.snapshot.index = false (default)
2024-08-10 09:46:30,571 [2de4195a-f779-4305-af6f-892378b3f55f-PipelineCommandHandlerThread-0] INFO  ratis.XceiverServerRatis (XceiverServerRatis.java:addGroup(846)) - Created group PipelineID=860780ba-ebaa-4f50-9042-9e8cb2d7ecce
2024-08-10 09:46:30,573 [grpc-default-executor-1] INFO  server.RaftServer (RaftServerProxy.java:addNew(101)) - 0d551621-3a78-470c-abdb-c40a133c0b47: addNew group-9E8CB2D7ECCE:[0d551621-3a78-470c-abdb-c40a133c0b47|127.0.0.1:15560, bc9bd5ba-19eb-4eb9-bb97-9549088a2cda|127.0.0.1:15551, 2de4195a-f779-4305-af6f-892378b3f55f|127.0.0.1:15542] returns group-9E8CB2D7ECCE:java.util.concurrent.CompletableFuture@e352d86[Not completed]
2024-08-10 09:46:30,574 [0d551621-3a78-470c-abdb-c40a133c0b47-groupManagement] INFO  server.RaftServer$Division (RaftServerImpl.java:<init>(253)) - 0d551621-3a78-470c-abdb-c40a133c0b47: new RaftServerImpl for group-9E8CB2D7ECCE:[0d551621-3a78-470c-abdb-c40a133c0b47|127.0.0.1:15560, bc9bd5ba-19eb-4eb9-bb97-9549088a2cda|127.0.0.1:15551, 2de4195a-f779-4305-af6f-892378b3f55f|127.0.0.1:15542] with ContainerStateMachine:uninitialized
2024-08-10 09:46:30,574 [0d551621-3a78-470c-abdb-c40a133c0b47-groupManagement] INFO  server.RaftServerConfigKeys (ConfUtils.java:logGet(46)) - raft.server.rpc.timeout.min = 5s (custom)
2024-08-10 09:46:30,574 [0d551621-3a78-470c-abdb-c40a133c0b47-groupManagement] INFO  server.RaftServerConfigKeys (ConfUtils.java:logGet(46)) - raft.server.rpc.timeout.max = 5200ms (custom)
2024-08-10 09:46:30,574 [0d551621-3a78-470c-abdb-c40a133c0b47-groupManagement] INFO  server.RaftServerConfigKeys (ConfUtils.java:logGet(46)) - raft.server.rpc.sleep.time = 25ms (default)
2024-08-10 09:46:30,574 [0d551621-3a78-470c-abdb-c40a133c0b47-groupManagement] INFO  server.RaftServerConfigKeys (ConfUtils.java:logGet(46)) - raft.server.rpc.slowness.timeout = 300000ms (custom)
2024-08-10 09:46:30,574 [0d551621-3a78-470c-abdb-c40a133c0b47-groupManagement] INFO  server.RaftServerConfigKeys (ConfUtils.java:logGet(46)) - raft.server.leaderelection.leader.step-down.wait-time = 10s (default)
2024-08-10 09:46:30,574 [0d551621-3a78-470c-abdb-c40a133c0b47-groupManagement] INFO  server.RaftServerConfigKeys (ConfUtils.java:logGet(46)) - raft.server.leaderelection.member.majority-add = false (default)
2024-08-10 09:46:30,574 [0d551621-3a78-470c-abdb-c40a133c0b47-groupManagement] INFO  server.RaftServerConfigKeys (ConfUtils.java:logGet(46)) - raft.server.sleep.deviation.threshold = 300ms (default)
2024-08-10 09:46:30,574 [0d551621-3a78-470c-abdb-c40a133c0b47-groupManagement] INFO  server.RaftServer$Division (ServerState.java:<init>(114)) - 0d551621-3a78-470c-abdb-c40a133c0b47@group-9E8CB2D7ECCE: ConfigurationManager, init=conf: {index: -1, cur=peers:[0d551621-3a78-470c-abdb-c40a133c0b47|127.0.0.1:15560, bc9bd5ba-19eb-4eb9-bb97-9549088a2cda|127.0.0.1:15551, 2de4195a-f779-4305-af6f-892378b3f55f|127.0.0.1:15542]|listeners:[], old=null}, confs=<EMPTY_MAP>
2024-08-10 09:46:30,574 [0d551621-3a78-470c-abdb-c40a133c0b47-groupManagement] INFO  server.RaftServerConfigKeys (ConfUtils.java:logGet(46)) - raft.server.notification.no-leader.timeout = 300000ms (custom)
2024-08-10 09:46:30,574 [0d551621-3a78-470c-abdb-c40a133c0b47-groupManagement] INFO  server.RaftServerConfigKeys (ConfUtils.java:logGet(46)) - raft.server.read.timeout = 10s (default)
2024-08-10 09:46:30,574 [0d551621-3a78-470c-abdb-c40a133c0b47-groupManagement] INFO  server.RaftServerConfigKeys (ConfUtils.java:logGet(46)) - raft.server.retrycache.expirytime = 600000ms (custom)
2024-08-10 09:46:30,574 [0d551621-3a78-470c-abdb-c40a133c0b47-groupManagement] INFO  server.RaftServerConfigKeys (ConfUtils.java:logGet(46)) - raft.server.retrycache.statistics.expirytime = 100ms (default)
2024-08-10 09:46:30,574 [0d551621-3a78-470c-abdb-c40a133c0b47-groupManagement] INFO  server.RaftServerConfigKeys (ConfUtils.java:logGet(46)) - raft.server.read.option = DEFAULT (default)
2024-08-10 09:46:30,575 [0d551621-3a78-470c-abdb-c40a133c0b47-groupManagement] INFO  server.RaftServerConfigKeys (ConfUtils.java:logGet(46)) - raft.server.read.read-after-write-consistent.write-index-cache.expiry-time = 60s (default)
2024-08-10 09:46:30,576 [0d551621-3a78-470c-abdb-c40a133c0b47-groupManagement] INFO  server.RaftServerConfigKeys (ConfUtils.java:logGet(46)) - raft.server.rpc.request.timeout = 3000ms (default)
2024-08-10 09:46:30,576 [0d551621-3a78-470c-abdb-c40a133c0b47-groupManagement] INFO  server.RaftServerConfigKeys (ConfUtils.java:logGet(46)) - raft.server.log.appender.install.snapshot.enabled = false (custom)
2024-08-10 09:46:30,576 [0d551621-3a78-470c-abdb-c40a133c0b47-groupManagement] INFO  server.RaftServerConfigKeys (ConfUtils.java:logGet(46)) - raft.server.threadpool.server.cached = true (default)
2024-08-10 09:46:30,576 [0d551621-3a78-470c-abdb-c40a133c0b47-groupManagement] INFO  server.RaftServerConfigKeys (ConfUtils.java:logGet(46)) - raft.server.threadpool.server.size = 0 (default)
2024-08-10 09:46:30,576 [0d551621-3a78-470c-abdb-c40a133c0b47-groupManagement] INFO  server.RaftServerConfigKeys (ConfUtils.java:logGet(46)) - raft.server.threadpool.client.cached = true (default)
2024-08-10 09:46:30,576 [0d551621-3a78-470c-abdb-c40a133c0b47-groupManagement] INFO  server.RaftServerConfigKeys (ConfUtils.java:logGet(46)) - raft.server.threadpool.client.size = 0 (default)
2024-08-10 09:46:30,576 [0d551621-3a78-470c-abdb-c40a133c0b47-groupManagement] INFO  server.RaftServerConfigKeys (ConfUtils.java:logGet(46)) - raft.server.storage.free-space.min = 0MB (=0) (default)
2024-08-10 09:46:30,576 [0d551621-3a78-470c-abdb-c40a133c0b47-groupManagement] INFO  server.RaftServerConfigKeys (ConfUtils.java:logGet(46)) - raft.server.log.corruption.policy = EXCEPTION (default)
2024-08-10 09:46:30,576 [0d551621-3a78-470c-abdb-c40a133c0b47-groupManagement] INFO  server.RaftServerConfigKeys (ConfUtils.java:logGet(46)) - raft.server.storage.dir = [/home/runner/work/ozone/ozone/hadoop-ozone/integration-test/target/test-dir/MiniOzoneClusterImpl-76eaf92f-9dff-4d21-993f-c9a35837815b/ozone-meta/datanode-3/ratis] (custom)
2024-08-10 09:46:30,576 [0d551621-3a78-470c-abdb-c40a133c0b47-groupManagement] INFO  storage.RaftStorageDirectory (RaftStorageDirectoryImpl.java:analyzeStorage(138)) - The storage directory /home/runner/work/ozone/ozone/hadoop-ozone/integration-test/target/test-dir/MiniOzoneClusterImpl-76eaf92f-9dff-4d21-993f-c9a35837815b/ozone-meta/datanode-3/ratis/860780ba-ebaa-4f50-9042-9e8cb2d7ecce does not exist. Creating ...
2024-08-10 09:46:30,579 [0d551621-3a78-470c-abdb-c40a133c0b47-groupManagement] INFO  storage.RaftStorageDirectory (RaftStorageDirectoryImpl.java:tryLock(229)) - Lock on /home/runner/work/ozone/ozone/hadoop-ozone/integration-test/target/test-dir/MiniOzoneClusterImpl-76eaf92f-9dff-4d21-993f-c9a35837815b/ozone-meta/datanode-3/ratis/860780ba-ebaa-4f50-9042-9e8cb2d7ecce/in_use.lock acquired by nodename 50124@fv-az701-157
2024-08-10 09:46:30,580 [0d551621-3a78-470c-abdb-c40a133c0b47-groupManagement] INFO  storage.RaftStorage (RaftStorageImpl.java:format(98)) - Storage directory /home/runner/work/ozone/ozone/hadoop-ozone/integration-test/target/test-dir/MiniOzoneClusterImpl-76eaf92f-9dff-4d21-993f-c9a35837815b/ozone-meta/datanode-3/ratis/860780ba-ebaa-4f50-9042-9e8cb2d7ecce has been successfully formatted.
2024-08-10 09:46:30,580 [0d551621-3a78-470c-abdb-c40a133c0b47-groupManagement] INFO  ratis.ContainerStateMachine (ContainerStateMachine.java:loadSnapshot(287)) - group-9E8CB2D7ECCE: The snapshot info is null. Setting the last applied index to:(t:0, i:~)
2024-08-10 09:46:30,580 [0d551621-3a78-470c-abdb-c40a133c0b47-groupManagement] INFO  server.RaftServerConfigKeys (ConfUtils.java:logGet(46)) - raft.server.log.use.memory = false (default)
2024-08-10 09:46:30,580 [0d551621-3a78-470c-abdb-c40a133c0b47-groupManagement] INFO  server.RaftServerConfigKeys (ConfUtils.java:logGet(46)) - raft.server.log.purge.gap = 1000000 (custom)
2024-08-10 09:46:30,580 [0d551621-3a78-470c-abdb-c40a133c0b47-groupManagement] INFO  server.RaftServerConfigKeys (ConfUtils.java:logGet(46)) - raft.server.log.appender.buffer.byte-limit = 8388608 (custom)
2024-08-10 09:46:30,580 [0d551621-3a78-470c-abdb-c40a133c0b47-groupManagement] INFO  server.RaftServerConfigKeys (ConfUtils.java:logGet(46)) - raft.server.log.statemachine.data.read.timeout = 1000ms (default)
2024-08-10 09:46:30,580 [0d551621-3a78-470c-abdb-c40a133c0b47-groupManagement] INFO  server.RaftServerConfigKeys (ConfUtils.java:logGet(46)) - raft.server.log.purge.preservation.log.num = 0 (default)
2024-08-10 09:46:30,581 [0d551621-3a78-470c-abdb-c40a133c0b47-groupManagement] INFO  server.RaftServerConfigKeys (ConfUtils.java:logGet(46)) - raft.server.log.segment.size.max = 67108864 (custom)
2024-08-10 09:46:30,581 [0d551621-3a78-470c-abdb-c40a133c0b47-groupManagement] INFO  server.RaftServerConfigKeys (ConfUtils.java:logGet(46)) - raft.server.log.segment.cache.num.max = 2 (custom)
2024-08-10 09:46:30,581 [0d551621-3a78-470c-abdb-c40a133c0b47-groupManagement] INFO  server.RaftServerConfigKeys (ConfUtils.java:logGet(46)) - raft.server.log.segment.cache.size.max = 200MB (=209715200) (default)
2024-08-10 09:46:30,581 [0d551621-3a78-470c-abdb-c40a133c0b47-groupManagement] INFO  server.RaftServerConfigKeys (ConfUtils.java:logGet(46)) - raft.server.log.appender.buffer.byte-limit = 8388608 (custom)
2024-08-10 09:46:30,581 [0d551621-3a78-470c-abdb-c40a133c0b47-groupManagement] INFO  util.AwaitToRun (AwaitToRun.java:start(81)) - Thread[0d551621-3a78-470c-abdb-c40a133c0b47@group-9E8CB2D7ECCE-cacheEviction-AwaitToRun,5,main] started
2024-08-10 09:46:30,581 [0d551621-3a78-470c-abdb-c40a133c0b47-groupManagement] INFO  segmented.SegmentedRaftLogWorker (SegmentedRaftLogWorker.java:<init>(184)) - new 0d551621-3a78-470c-abdb-c40a133c0b47@group-9E8CB2D7ECCE-SegmentedRaftLogWorker for RaftStorageImpl:Storage Directory /home/runner/work/ozone/ozone/hadoop-ozone/integration-test/target/test-dir/MiniOzoneClusterImpl-76eaf92f-9dff-4d21-993f-c9a35837815b/ozone-meta/datanode-3/ratis/860780ba-ebaa-4f50-9042-9e8cb2d7ecce
2024-08-10 09:46:30,581 [0d551621-3a78-470c-abdb-c40a133c0b47-groupManagement] INFO  server.RaftServerConfigKeys (ConfUtils.java:logGet(46)) - raft.server.log.queue.byte-limit = 4294967296 (custom)
2024-08-10 09:46:30,581 [0d551621-3a78-470c-abdb-c40a133c0b47-groupManagement] INFO  server.RaftServerConfigKeys (ConfUtils.java:logGet(46)) - raft.server.log.queue.element-limit = 1024 (custom)
2024-08-10 09:46:30,581 [0d551621-3a78-470c-abdb-c40a133c0b47-groupManagement] INFO  server.RaftServerConfigKeys (ConfUtils.java:logGet(46)) - raft.server.log.segment.size.max = 67108864 (custom)
2024-08-10 09:46:30,581 [0d551621-3a78-470c-abdb-c40a133c0b47-groupManagement] INFO  server.RaftServerConfigKeys (ConfUtils.java:logGet(46)) - raft.server.log.preallocated.size = 4194304 (custom)
2024-08-10 09:46:30,582 [0d551621-3a78-470c-abdb-c40a133c0b47-groupManagement] INFO  server.RaftServerConfigKeys (ConfUtils.java:logGet(46)) - raft.server.log.force.sync.num = 128 (default)
2024-08-10 09:46:30,582 [0d551621-3a78-470c-abdb-c40a133c0b47-groupManagement] INFO  server.RaftServerConfigKeys (ConfUtils.java:logGet(46)) - raft.server.log.statemachine.data.sync = true (default)
2024-08-10 09:46:30,582 [0d551621-3a78-470c-abdb-c40a133c0b47-groupManagement] INFO  server.RaftServerConfigKeys (ConfUtils.java:logGet(46)) - raft.server.log.statemachine.data.sync.timeout = 10s (default)
2024-08-10 09:46:30,582 [0d551621-3a78-470c-abdb-c40a133c0b47-groupManagement] INFO  server.RaftServerConfigKeys (ConfUtils.java:logGet(46)) - raft.server.log.statemachine.data.sync.timeout.retry = 30 (custom)
2024-08-10 09:46:30,582 [0d551621-3a78-470c-abdb-c40a133c0b47-groupManagement] INFO  server.RaftServerConfigKeys (ConfUtils.java:logGet(46)) - raft.server.log.write.buffer.size = 8388616 (custom)
2024-08-10 09:46:30,583 [0d551621-3a78-470c-abdb-c40a133c0b47-groupManagement] INFO  server.RaftServerConfigKeys (ConfUtils.java:logGet(46)) - raft.server.log.appender.buffer.byte-limit = 8388608 (custom)
2024-08-10 09:46:30,583 [0d551621-3a78-470c-abdb-c40a133c0b47-groupManagement] INFO  server.RaftServerConfigKeys (ConfUtils.java:logGet(46)) - raft.server.log.unsafe-flush.enabled = false (default)
2024-08-10 09:46:30,583 [0d551621-3a78-470c-abdb-c40a133c0b47-groupManagement] INFO  server.RaftServerConfigKeys (ConfUtils.java:logGet(46)) - raft.server.log.async-flush.enabled = false (default)
2024-08-10 09:46:30,584 [0d551621-3a78-470c-abdb-c40a133c0b47-groupManagement] INFO  server.RaftServerConfigKeys (ConfUtils.java:logGet(46)) - raft.server.log.statemachine.data.caching.enabled = true (custom)
2024-08-10 09:46:30,584 [0d551621-3a78-470c-abdb-c40a133c0b47-groupManagement] INFO  segmented.SegmentedRaftLogWorker (SegmentedRaftLogWorker.java:lambda$new$0(135)) - 0d551621-3a78-470c-abdb-c40a133c0b47@group-9E8CB2D7ECCE-SegmentedRaftLogWorker: flushIndex: setUnconditionally 0 -> -1
2024-08-10 09:46:30,584 [0d551621-3a78-470c-abdb-c40a133c0b47-groupManagement] INFO  segmented.SegmentedRaftLogWorker (SegmentedRaftLogWorker.java:lambda$new$0(135)) - 0d551621-3a78-470c-abdb-c40a133c0b47@group-9E8CB2D7ECCE-SegmentedRaftLogWorker: safeCacheEvictIndex: setUnconditionally 0 -> -1
2024-08-10 09:46:30,584 [0d551621-3a78-470c-abdb-c40a133c0b47-groupManagement] INFO  server.RaftServer$Division (RaftServerImpl.java:start(389)) - 0d551621-3a78-470c-abdb-c40a133c0b47@group-9E8CB2D7ECCE: start as a follower, conf=conf: {index: -1, cur=peers:[0d551621-3a78-470c-abdb-c40a133c0b47|127.0.0.1:15560, bc9bd5ba-19eb-4eb9-bb97-9549088a2cda|127.0.0.1:15551, 2de4195a-f779-4305-af6f-892378b3f55f|127.0.0.1:15542]|listeners:[], old=null}
2024-08-10 09:46:30,584 [0d551621-3a78-470c-abdb-c40a133c0b47-groupManagement] INFO  server.RaftServer$Division (RaftServerImpl.java:setRole(376)) - 0d551621-3a78-470c-abdb-c40a133c0b47@group-9E8CB2D7ECCE: changes role from      null to FOLLOWER at term 0 for startAsFollower
2024-08-10 09:46:30,584 [0d551621-3a78-470c-abdb-c40a133c0b47-groupManagement] INFO  impl.RoleInfo (RoleInfo.java:updateAndGet(148)) - 0d551621-3a78-470c-abdb-c40a133c0b47: start 0d551621-3a78-470c-abdb-c40a133c0b47@group-9E8CB2D7ECCE-FollowerState
2024-08-10 09:46:30,584 [0d551621-3a78-470c-abdb-c40a133c0b47@group-9E8CB2D7ECCE-FollowerState] INFO  server.RaftServerConfigKeys (ConfUtils.java:logFallback(53)) - raft.server.rpc.first-election.timeout.min = 5s (fallback to raft.server.rpc.timeout.min)
2024-08-10 09:46:30,584 [0d551621-3a78-470c-abdb-c40a133c0b47@group-9E8CB2D7ECCE-FollowerState] INFO  server.RaftServerConfigKeys (ConfUtils.java:logFallback(53)) - raft.server.rpc.first-election.timeout.max = 5200ms (fallback to raft.server.rpc.timeout.max)
2024-08-10 09:46:30,584 [0d551621-3a78-470c-abdb-c40a133c0b47-groupManagement] INFO  util.JmxRegister (JmxRegister.java:tryRegister(44)) - Successfully registered JMX Bean with object name Ratis:service=RaftServer,group=group-9E8CB2D7ECCE,id=0d551621-3a78-470c-abdb-c40a133c0b47
2024-08-10 09:46:30,584 [0d551621-3a78-470c-abdb-c40a133c0b47-groupManagement] INFO  util.JmxRegister (JmxRegister.java:register(58)) - register mxBean class org.apache.ratis.server.impl.RaftServerJmxAdapter as Ratis:service=RaftServer,group=group-9E8CB2D7ECCE,id=0d551621-3a78-470c-abdb-c40a133c0b47
2024-08-10 09:46:30,584 [0d551621-3a78-470c-abdb-c40a133c0b47-groupManagement] INFO  server.RaftServerConfigKeys (ConfUtils.java:logGet(46)) - raft.server.snapshot.trigger-when-stop.enabled = true (default)
2024-08-10 09:46:30,585 [0d551621-3a78-470c-abdb-c40a133c0b47-groupManagement] INFO  server.RaftServerConfigKeys (ConfUtils.java:logGet(46)) - raft.server.snapshot.trigger-when-remove.enabled = true (default)
2024-08-10 09:46:30,585 [0d551621-3a78-470c-abdb-c40a133c0b47-groupManagement] INFO  server.RaftServerConfigKeys (ConfUtils.java:logGet(46)) - raft.server.snapshot.auto.trigger.enabled = true (custom)
2024-08-10 09:46:30,585 [0d551621-3a78-470c-abdb-c40a133c0b47-groupManagement] INFO  server.RaftServerConfigKeys (ConfUtils.java:logGet(46)) - raft.server.snapshot.auto.trigger.threshold = 10000 (custom)
2024-08-10 09:46:30,585 [0d551621-3a78-470c-abdb-c40a133c0b47-groupManagement] INFO  server.RaftServerConfigKeys (ConfUtils.java:logGet(46)) - raft.server.snapshot.retention.file.num = 5 (custom)
2024-08-10 09:46:30,585 [0d551621-3a78-470c-abdb-c40a133c0b47-groupManagement] INFO  server.RaftServerConfigKeys (ConfUtils.java:logGet(46)) - raft.server.log.purge.upto.snapshot.index = false (default)
2024-08-10 09:46:30,595 [grpc-default-executor-1] INFO  server.RaftServer (RaftServerProxy.java:addNew(101)) - bc9bd5ba-19eb-4eb9-bb97-9549088a2cda: addNew group-9E8CB2D7ECCE:[0d551621-3a78-470c-abdb-c40a133c0b47|127.0.0.1:15560, bc9bd5ba-19eb-4eb9-bb97-9549088a2cda|127.0.0.1:15551, 2de4195a-f779-4305-af6f-892378b3f55f|127.0.0.1:15542] returns group-9E8CB2D7ECCE:java.util.concurrent.CompletableFuture@6e37463c[Not completed]
2024-08-10 09:46:30,596 [bc9bd5ba-19eb-4eb9-bb97-9549088a2cda-groupManagement] INFO  server.RaftServer$Division (RaftServerImpl.java:<init>(253)) - bc9bd5ba-19eb-4eb9-bb97-9549088a2cda: new RaftServerImpl for group-9E8CB2D7ECCE:[0d551621-3a78-470c-abdb-c40a133c0b47|127.0.0.1:15560, bc9bd5ba-19eb-4eb9-bb97-9549088a2cda|127.0.0.1:15551, 2de4195a-f779-4305-af6f-892378b3f55f|127.0.0.1:15542] with ContainerStateMachine:uninitialized
2024-08-10 09:46:30,596 [bc9bd5ba-19eb-4eb9-bb97-9549088a2cda-groupManagement] INFO  server.RaftServerConfigKeys (ConfUtils.java:logGet(46)) - raft.server.rpc.timeout.min = 5s (custom)
2024-08-10 09:46:30,596 [bc9bd5ba-19eb-4eb9-bb97-9549088a2cda-groupManagement] INFO  server.RaftServerConfigKeys (ConfUtils.java:logGet(46)) - raft.server.rpc.timeout.max = 5200ms (custom)
2024-08-10 09:46:30,596 [bc9bd5ba-19eb-4eb9-bb97-9549088a2cda-groupManagement] INFO  server.RaftServerConfigKeys (ConfUtils.java:logGet(46)) - raft.server.rpc.sleep.time = 25ms (default)
2024-08-10 09:46:30,596 [bc9bd5ba-19eb-4eb9-bb97-9549088a2cda-groupManagement] INFO  server.RaftServerConfigKeys (ConfUtils.java:logGet(46)) - raft.server.rpc.slowness.timeout = 300000ms (custom)
2024-08-10 09:46:30,596 [bc9bd5ba-19eb-4eb9-bb97-9549088a2cda-groupManagement] INFO  server.RaftServerConfigKeys (ConfUtils.java:logGet(46)) - raft.server.leaderelection.leader.step-down.wait-time = 10s (default)
2024-08-10 09:46:30,596 [bc9bd5ba-19eb-4eb9-bb97-9549088a2cda-groupManagement] INFO  server.RaftServerConfigKeys (ConfUtils.java:logGet(46)) - raft.server.leaderelection.member.majority-add = false (default)
2024-08-10 09:46:30,596 [bc9bd5ba-19eb-4eb9-bb97-9549088a2cda-groupManagement] INFO  server.RaftServerConfigKeys (ConfUtils.java:logGet(46)) - raft.server.sleep.deviation.threshold = 300ms (default)
2024-08-10 09:46:30,596 [bc9bd5ba-19eb-4eb9-bb97-9549088a2cda-groupManagement] INFO  server.RaftServer$Division (ServerState.java:<init>(114)) - bc9bd5ba-19eb-4eb9-bb97-9549088a2cda@group-9E8CB2D7ECCE: ConfigurationManager, init=conf: {index: -1, cur=peers:[0d551621-3a78-470c-abdb-c40a133c0b47|127.0.0.1:15560, bc9bd5ba-19eb-4eb9-bb97-9549088a2cda|127.0.0.1:15551, 2de4195a-f779-4305-af6f-892378b3f55f|127.0.0.1:15542]|listeners:[], old=null}, confs=<EMPTY_MAP>
2024-08-10 09:46:30,596 [bc9bd5ba-19eb-4eb9-bb97-9549088a2cda-groupManagement] INFO  server.RaftServerConfigKeys (ConfUtils.java:logGet(46)) - raft.server.notification.no-leader.timeout = 300000ms (custom)
2024-08-10 09:46:30,596 [bc9bd5ba-19eb-4eb9-bb97-9549088a2cda-groupManagement] INFO  server.RaftServerConfigKeys (ConfUtils.java:logGet(46)) - raft.server.read.timeout = 10s (default)
2024-08-10 09:46:30,596 [bc9bd5ba-19eb-4eb9-bb97-9549088a2cda-groupManagement] INFO  server.RaftServerConfigKeys (ConfUtils.java:logGet(46)) - raft.server.retrycache.expirytime = 600000ms (custom)
2024-08-10 09:46:30,596 [bc9bd5ba-19eb-4eb9-bb97-9549088a2cda-groupManagement] INFO  server.RaftServerConfigKeys (ConfUtils.java:logGet(46)) - raft.server.retrycache.statistics.expirytime = 100ms (default)
2024-08-10 09:46:30,596 [bc9bd5ba-19eb-4eb9-bb97-9549088a2cda-groupManagement] INFO  server.RaftServerConfigKeys (ConfUtils.java:logGet(46)) - raft.server.read.option = DEFAULT (default)
2024-08-10 09:46:30,596 [bc9bd5ba-19eb-4eb9-bb97-9549088a2cda-groupManagement] INFO  server.RaftServerConfigKeys (ConfUtils.java:logGet(46)) - raft.server.read.read-after-write-consistent.write-index-cache.expiry-time = 60s (default)
2024-08-10 09:46:30,598 [bc9bd5ba-19eb-4eb9-bb97-9549088a2cda-groupManagement] INFO  server.RaftServerConfigKeys (ConfUtils.java:logGet(46)) - raft.server.rpc.request.timeout = 3000ms (default)
2024-08-10 09:46:30,598 [bc9bd5ba-19eb-4eb9-bb97-9549088a2cda-groupManagement] INFO  server.RaftServerConfigKeys (ConfUtils.java:logGet(46)) - raft.server.log.appender.install.snapshot.enabled = false (custom)
2024-08-10 09:46:30,598 [bc9bd5ba-19eb-4eb9-bb97-9549088a2cda-groupManagement] INFO  server.RaftServerConfigKeys (ConfUtils.java:logGet(46)) - raft.server.threadpool.server.cached = true (default)
2024-08-10 09:46:30,598 [bc9bd5ba-19eb-4eb9-bb97-9549088a2cda-groupManagement] INFO  server.RaftServerConfigKeys (ConfUtils.java:logGet(46)) - raft.server.threadpool.server.size = 0 (default)
2024-08-10 09:46:30,598 [bc9bd5ba-19eb-4eb9-bb97-9549088a2cda-groupManagement] INFO  server.RaftServerConfigKeys (ConfUtils.java:logGet(46)) - raft.server.threadpool.client.cached = true (default)
2024-08-10 09:46:30,598 [bc9bd5ba-19eb-4eb9-bb97-9549088a2cda-groupManagement] INFO  server.RaftServerConfigKeys (ConfUtils.java:logGet(46)) - raft.server.threadpool.client.size = 0 (default)
2024-08-10 09:46:30,598 [bc9bd5ba-19eb-4eb9-bb97-9549088a2cda-groupManagement] INFO  server.RaftServerConfigKeys (ConfUtils.java:logGet(46)) - raft.server.storage.free-space.min = 0MB (=0) (default)
2024-08-10 09:46:30,598 [bc9bd5ba-19eb-4eb9-bb97-9549088a2cda-groupManagement] INFO  server.RaftServerConfigKeys (ConfUtils.java:logGet(46)) - raft.server.log.corruption.policy = EXCEPTION (default)
2024-08-10 09:46:30,598 [bc9bd5ba-19eb-4eb9-bb97-9549088a2cda-groupManagement] INFO  server.RaftServerConfigKeys (ConfUtils.java:logGet(46)) - raft.server.storage.dir = [/home/runner/work/ozone/ozone/hadoop-ozone/integration-test/target/test-dir/MiniOzoneClusterImpl-76eaf92f-9dff-4d21-993f-c9a35837815b/ozone-meta/datanode-2/ratis] (custom)
2024-08-10 09:46:30,598 [bc9bd5ba-19eb-4eb9-bb97-9549088a2cda-groupManagement] INFO  storage.RaftStorageDirectory (RaftStorageDirectoryImpl.java:analyzeStorage(138)) - The storage directory /home/runner/work/ozone/ozone/hadoop-ozone/integration-test/target/test-dir/MiniOzoneClusterImpl-76eaf92f-9dff-4d21-993f-c9a35837815b/ozone-meta/datanode-2/ratis/860780ba-ebaa-4f50-9042-9e8cb2d7ecce does not exist. Creating ...
2024-08-10 09:46:30,599 [bc9bd5ba-19eb-4eb9-bb97-9549088a2cda-groupManagement] INFO  storage.RaftStorageDirectory (RaftStorageDirectoryImpl.java:tryLock(229)) - Lock on /home/runner/work/ozone/ozone/hadoop-ozone/integration-test/target/test-dir/MiniOzoneClusterImpl-76eaf92f-9dff-4d21-993f-c9a35837815b/ozone-meta/datanode-2/ratis/860780ba-ebaa-4f50-9042-9e8cb2d7ecce/in_use.lock acquired by nodename 50124@fv-az701-157
2024-08-10 09:46:30,600 [bc9bd5ba-19eb-4eb9-bb97-9549088a2cda-groupManagement] INFO  storage.RaftStorage (RaftStorageImpl.java:format(98)) - Storage directory /home/runner/work/ozone/ozone/hadoop-ozone/integration-test/target/test-dir/MiniOzoneClusterImpl-76eaf92f-9dff-4d21-993f-c9a35837815b/ozone-meta/datanode-2/ratis/860780ba-ebaa-4f50-9042-9e8cb2d7ecce has been successfully formatted.
2024-08-10 09:46:30,600 [bc9bd5ba-19eb-4eb9-bb97-9549088a2cda-groupManagement] INFO  ratis.ContainerStateMachine (ContainerStateMachine.java:loadSnapshot(287)) - group-9E8CB2D7ECCE: The snapshot info is null. Setting the last applied index to:(t:0, i:~)
2024-08-10 09:46:30,600 [bc9bd5ba-19eb-4eb9-bb97-9549088a2cda-groupManagement] INFO  server.RaftServerConfigKeys (ConfUtils.java:logGet(46)) - raft.server.log.use.memory = false (default)
2024-08-10 09:46:30,600 [bc9bd5ba-19eb-4eb9-bb97-9549088a2cda-groupManagement] INFO  server.RaftServerConfigKeys (ConfUtils.java:logGet(46)) - raft.server.log.purge.gap = 1000000 (custom)
2024-08-10 09:46:30,600 [bc9bd5ba-19eb-4eb9-bb97-9549088a2cda-groupManagement] INFO  server.RaftServerConfigKeys (ConfUtils.java:logGet(46)) - raft.server.log.appender.buffer.byte-limit = 8388608 (custom)
2024-08-10 09:46:30,600 [bc9bd5ba-19eb-4eb9-bb97-9549088a2cda-groupManagement] INFO  server.RaftServerConfigKeys (ConfUtils.java:logGet(46)) - raft.server.log.statemachine.data.read.timeout = 1000ms (default)
2024-08-10 09:46:30,601 [bc9bd5ba-19eb-4eb9-bb97-9549088a2cda-groupManagement] INFO  server.RaftServerConfigKeys (ConfUtils.java:logGet(46)) - raft.server.log.purge.preservation.log.num = 0 (default)
2024-08-10 09:46:30,601 [bc9bd5ba-19eb-4eb9-bb97-9549088a2cda-groupManagement] INFO  server.RaftServerConfigKeys (ConfUtils.java:logGet(46)) - raft.server.log.segment.size.max = 67108864 (custom)
2024-08-10 09:46:30,601 [bc9bd5ba-19eb-4eb9-bb97-9549088a2cda-groupManagement] INFO  server.RaftServerConfigKeys (ConfUtils.java:logGet(46)) - raft.server.log.segment.cache.num.max = 2 (custom)
2024-08-10 09:46:30,601 [bc9bd5ba-19eb-4eb9-bb97-9549088a2cda-groupManagement] INFO  server.RaftServerConfigKeys (ConfUtils.java:logGet(46)) - raft.server.log.segment.cache.size.max = 200MB (=209715200) (default)
2024-08-10 09:46:30,601 [bc9bd5ba-19eb-4eb9-bb97-9549088a2cda-groupManagement] INFO  server.RaftServerConfigKeys (ConfUtils.java:logGet(46)) - raft.server.log.appender.buffer.byte-limit = 8388608 (custom)
2024-08-10 09:46:30,602 [bc9bd5ba-19eb-4eb9-bb97-9549088a2cda-groupManagement] INFO  util.AwaitToRun (AwaitToRun.java:start(81)) - Thread[bc9bd5ba-19eb-4eb9-bb97-9549088a2cda@group-9E8CB2D7ECCE-cacheEviction-AwaitToRun,5,main] started
2024-08-10 09:46:30,602 [bc9bd5ba-19eb-4eb9-bb97-9549088a2cda-groupManagement] INFO  segmented.SegmentedRaftLogWorker (SegmentedRaftLogWorker.java:<init>(184)) - new bc9bd5ba-19eb-4eb9-bb97-9549088a2cda@group-9E8CB2D7ECCE-SegmentedRaftLogWorker for RaftStorageImpl:Storage Directory /home/runner/work/ozone/ozone/hadoop-ozone/integration-test/target/test-dir/MiniOzoneClusterImpl-76eaf92f-9dff-4d21-993f-c9a35837815b/ozone-meta/datanode-2/ratis/860780ba-ebaa-4f50-9042-9e8cb2d7ecce
2024-08-10 09:46:30,602 [bc9bd5ba-19eb-4eb9-bb97-9549088a2cda-groupManagement] INFO  server.RaftServerConfigKeys (ConfUtils.java:logGet(46)) - raft.server.log.queue.byte-limit = 4294967296 (custom)
2024-08-10 09:46:30,602 [bc9bd5ba-19eb-4eb9-bb97-9549088a2cda-groupManagement] INFO  server.RaftServerConfigKeys (ConfUtils.java:logGet(46)) - raft.server.log.queue.element-limit = 1024 (custom)
2024-08-10 09:46:30,602 [bc9bd5ba-19eb-4eb9-bb97-9549088a2cda-groupManagement] INFO  server.RaftServerConfigKeys (ConfUtils.java:logGet(46)) - raft.server.log.segment.size.max = 67108864 (custom)
2024-08-10 09:46:30,602 [bc9bd5ba-19eb-4eb9-bb97-9549088a2cda-groupManagement] INFO  server.RaftServerConfigKeys (ConfUtils.java:logGet(46)) - raft.server.log.preallocated.size = 4194304 (custom)
2024-08-10 09:46:30,602 [bc9bd5ba-19eb-4eb9-bb97-9549088a2cda-groupManagement] INFO  server.RaftServerConfigKeys (ConfUtils.java:logGet(46)) - raft.server.log.force.sync.num = 128 (default)
2024-08-10 09:46:30,602 [bc9bd5ba-19eb-4eb9-bb97-9549088a2cda-groupManagement] INFO  server.RaftServerConfigKeys (ConfUtils.java:logGet(46)) - raft.server.log.statemachine.data.sync = true (default)
2024-08-10 09:46:30,602 [bc9bd5ba-19eb-4eb9-bb97-9549088a2cda-groupManagement] INFO  server.RaftServerConfigKeys (ConfUtils.java:logGet(46)) - raft.server.log.statemachine.data.sync.timeout = 10s (default)
2024-08-10 09:46:30,602 [bc9bd5ba-19eb-4eb9-bb97-9549088a2cda-groupManagement] INFO  server.RaftServerConfigKeys (ConfUtils.java:logGet(46)) - raft.server.log.statemachine.data.sync.timeout.retry = 30 (custom)
2024-08-10 09:46:30,602 [bc9bd5ba-19eb-4eb9-bb97-9549088a2cda-groupManagement] INFO  server.RaftServerConfigKeys (ConfUtils.java:logGet(46)) - raft.server.log.write.buffer.size = 8388616 (custom)
2024-08-10 09:46:30,603 [bc9bd5ba-19eb-4eb9-bb97-9549088a2cda-groupManagement] INFO  server.RaftServerConfigKeys (ConfUtils.java:logGet(46)) - raft.server.log.appender.buffer.byte-limit = 8388608 (custom)
2024-08-10 09:46:30,603 [bc9bd5ba-19eb-4eb9-bb97-9549088a2cda-groupManagement] INFO  server.RaftServerConfigKeys (ConfUtils.java:logGet(46)) - raft.server.log.unsafe-flush.enabled = false (default)
2024-08-10 09:46:30,603 [bc9bd5ba-19eb-4eb9-bb97-9549088a2cda-groupManagement] INFO  server.RaftServerConfigKeys (ConfUtils.java:logGet(46)) - raft.server.log.async-flush.enabled = false (default)
2024-08-10 09:46:30,603 [bc9bd5ba-19eb-4eb9-bb97-9549088a2cda-groupManagement] INFO  server.RaftServerConfigKeys (ConfUtils.java:logGet(46)) - raft.server.log.statemachine.data.caching.enabled = true (custom)
2024-08-10 09:46:30,603 [bc9bd5ba-19eb-4eb9-bb97-9549088a2cda-groupManagement] INFO  segmented.SegmentedRaftLogWorker (SegmentedRaftLogWorker.java:lambda$new$0(135)) - bc9bd5ba-19eb-4eb9-bb97-9549088a2cda@group-9E8CB2D7ECCE-SegmentedRaftLogWorker: flushIndex: setUnconditionally 0 -> -1
2024-08-10 09:46:30,603 [bc9bd5ba-19eb-4eb9-bb97-9549088a2cda-groupManagement] INFO  segmented.SegmentedRaftLogWorker (SegmentedRaftLogWorker.java:lambda$new$0(135)) - bc9bd5ba-19eb-4eb9-bb97-9549088a2cda@group-9E8CB2D7ECCE-SegmentedRaftLogWorker: safeCacheEvictIndex: setUnconditionally 0 -> -1
2024-08-10 09:46:30,603 [bc9bd5ba-19eb-4eb9-bb97-9549088a2cda-groupManagement] INFO  server.RaftServer$Division (RaftServerImpl.java:start(389)) - bc9bd5ba-19eb-4eb9-bb97-9549088a2cda@group-9E8CB2D7ECCE: start as a follower, conf=conf: {index: -1, cur=peers:[0d551621-3a78-470c-abdb-c40a133c0b47|127.0.0.1:15560, bc9bd5ba-19eb-4eb9-bb97-9549088a2cda|127.0.0.1:15551, 2de4195a-f779-4305-af6f-892378b3f55f|127.0.0.1:15542]|listeners:[], old=null}
2024-08-10 09:46:30,603 [bc9bd5ba-19eb-4eb9-bb97-9549088a2cda-groupManagement] INFO  server.RaftServer$Division (RaftServerImpl.java:setRole(376)) - bc9bd5ba-19eb-4eb9-bb97-9549088a2cda@group-9E8CB2D7ECCE: changes role from      null to FOLLOWER at term 0 for startAsFollower
2024-08-10 09:46:30,603 [bc9bd5ba-19eb-4eb9-bb97-9549088a2cda-groupManagement] INFO  impl.RoleInfo (RoleInfo.java:updateAndGet(148)) - bc9bd5ba-19eb-4eb9-bb97-9549088a2cda: start bc9bd5ba-19eb-4eb9-bb97-9549088a2cda@group-9E8CB2D7ECCE-FollowerState
2024-08-10 09:46:30,603 [bc9bd5ba-19eb-4eb9-bb97-9549088a2cda@group-9E8CB2D7ECCE-FollowerState] INFO  server.RaftServerConfigKeys (ConfUtils.java:logFallback(53)) - raft.server.rpc.first-election.timeout.min = 5s (fallback to raft.server.rpc.timeout.min)
2024-08-10 09:46:30,604 [bc9bd5ba-19eb-4eb9-bb97-9549088a2cda@group-9E8CB2D7ECCE-FollowerState] INFO  server.RaftServerConfigKeys (ConfUtils.java:logFallback(53)) - raft.server.rpc.first-election.timeout.max = 5200ms (fallback to raft.server.rpc.timeout.max)
2024-08-10 09:46:30,603 [bc9bd5ba-19eb-4eb9-bb97-9549088a2cda-groupManagement] INFO  util.JmxRegister (JmxRegister.java:tryRegister(44)) - Successfully registered JMX Bean with object name Ratis:service=RaftServer,group=group-9E8CB2D7ECCE,id=bc9bd5ba-19eb-4eb9-bb97-9549088a2cda
2024-08-10 09:46:30,604 [bc9bd5ba-19eb-4eb9-bb97-9549088a2cda-groupManagement] INFO  util.JmxRegister (JmxRegister.java:register(58)) - register mxBean class org.apache.ratis.server.impl.RaftServerJmxAdapter as Ratis:service=RaftServer,group=group-9E8CB2D7ECCE,id=bc9bd5ba-19eb-4eb9-bb97-9549088a2cda
2024-08-10 09:46:30,604 [bc9bd5ba-19eb-4eb9-bb97-9549088a2cda-groupManagement] INFO  server.RaftServerConfigKeys (ConfUtils.java:logGet(46)) - raft.server.snapshot.trigger-when-stop.enabled = true (default)
2024-08-10 09:46:30,604 [bc9bd5ba-19eb-4eb9-bb97-9549088a2cda-groupManagement] INFO  server.RaftServerConfigKeys (ConfUtils.java:logGet(46)) - raft.server.snapshot.trigger-when-remove.enabled = true (default)
2024-08-10 09:46:30,604 [bc9bd5ba-19eb-4eb9-bb97-9549088a2cda-groupManagement] INFO  server.RaftServerConfigKeys (ConfUtils.java:logGet(46)) - raft.server.snapshot.auto.trigger.enabled = true (custom)
2024-08-10 09:46:30,604 [bc9bd5ba-19eb-4eb9-bb97-9549088a2cda-groupManagement] INFO  server.RaftServerConfigKeys (ConfUtils.java:logGet(46)) - raft.server.snapshot.auto.trigger.threshold = 10000 (custom)
2024-08-10 09:46:30,604 [bc9bd5ba-19eb-4eb9-bb97-9549088a2cda-groupManagement] INFO  server.RaftServerConfigKeys (ConfUtils.java:logGet(46)) - raft.server.snapshot.retention.file.num = 5 (custom)
2024-08-10 09:46:30,604 [bc9bd5ba-19eb-4eb9-bb97-9549088a2cda-groupManagement] INFO  server.RaftServerConfigKeys (ConfUtils.java:logGet(46)) - raft.server.log.purge.upto.snapshot.index = false (default)
2024-08-10 09:46:30,605 [2de4195a-f779-4305-af6f-892378b3f55f-PipelineCommandHandlerThread-0] INFO  commandhandler.CreatePipelineCommandHandler (CreatePipelineCommandHandler.java:lambda$handle$2(124)) - Created Pipeline RATIS THREE PipelineID=860780ba-ebaa-4f50-9042-9e8cb2d7ecce.
2024-08-10 09:46:30,605 [2de4195a-f779-4305-af6f-892378b3f55f-PipelineCommandHandlerThread-0] INFO  server.RaftServer (RaftServerProxy.java:addNew(101)) - 2de4195a-f779-4305-af6f-892378b3f55f: addNew group-A2590A4CE48A:[0d551621-3a78-470c-abdb-c40a133c0b47|127.0.0.1:15560, bc9bd5ba-19eb-4eb9-bb97-9549088a2cda|127.0.0.1:15551, 2de4195a-f779-4305-af6f-892378b3f55f|127.0.0.1:15542] returns group-A2590A4CE48A:java.util.concurrent.CompletableFuture@6bc4e053[Not completed]
2024-08-10 09:46:30,606 [2de4195a-f779-4305-af6f-892378b3f55f-groupManagement] INFO  server.RaftServer$Division (RaftServerImpl.java:<init>(253)) - 2de4195a-f779-4305-af6f-892378b3f55f: new RaftServerImpl for group-A2590A4CE48A:[0d551621-3a78-470c-abdb-c40a133c0b47|127.0.0.1:15560, bc9bd5ba-19eb-4eb9-bb97-9549088a2cda|127.0.0.1:15551, 2de4195a-f779-4305-af6f-892378b3f55f|127.0.0.1:15542] with ContainerStateMachine:uninitialized
2024-08-10 09:46:30,606 [2de4195a-f779-4305-af6f-892378b3f55f-groupManagement] INFO  server.RaftServerConfigKeys (ConfUtils.java:logGet(46)) - raft.server.rpc.timeout.min = 5s (custom)
2024-08-10 09:46:30,606 [2de4195a-f779-4305-af6f-892378b3f55f-groupManagement] INFO  server.RaftServerConfigKeys (ConfUtils.java:logGet(46)) - raft.server.rpc.timeout.max = 5200ms (custom)
2024-08-10 09:46:30,606 [2de4195a-f779-4305-af6f-892378b3f55f-groupManagement] INFO  server.RaftServerConfigKeys (ConfUtils.java:logGet(46)) - raft.server.rpc.sleep.time = 25ms (default)
2024-08-10 09:46:30,606 [2de4195a-f779-4305-af6f-892378b3f55f-groupManagement] INFO  server.RaftServerConfigKeys (ConfUtils.java:logGet(46)) - raft.server.rpc.slowness.timeout = 300000ms (custom)
2024-08-10 09:46:30,606 [2de4195a-f779-4305-af6f-892378b3f55f-groupManagement] INFO  server.RaftServerConfigKeys (ConfUtils.java:logGet(46)) - raft.server.leaderelection.leader.step-down.wait-time = 10s (default)
2024-08-10 09:46:30,606 [2de4195a-f779-4305-af6f-892378b3f55f-groupManagement] INFO  server.RaftServerConfigKeys (ConfUtils.java:logGet(46)) - raft.server.leaderelection.member.majority-add = false (default)
2024-08-10 09:46:30,606 [2de4195a-f779-4305-af6f-892378b3f55f-groupManagement] INFO  server.RaftServerConfigKeys (ConfUtils.java:logGet(46)) - raft.server.sleep.deviation.threshold = 300ms (default)
2024-08-10 09:46:30,606 [2de4195a-f779-4305-af6f-892378b3f55f-groupManagement] INFO  server.RaftServer$Division (ServerState.java:<init>(114)) - 2de4195a-f779-4305-af6f-892378b3f55f@group-A2590A4CE48A: ConfigurationManager, init=conf: {index: -1, cur=peers:[0d551621-3a78-470c-abdb-c40a133c0b47|127.0.0.1:15560, bc9bd5ba-19eb-4eb9-bb97-9549088a2cda|127.0.0.1:15551, 2de4195a-f779-4305-af6f-892378b3f55f|127.0.0.1:15542]|listeners:[], old=null}, confs=<EMPTY_MAP>
2024-08-10 09:46:30,606 [2de4195a-f779-4305-af6f-892378b3f55f-groupManagement] INFO  server.RaftServerConfigKeys (ConfUtils.java:logGet(46)) - raft.server.notification.no-leader.timeout = 300000ms (custom)
2024-08-10 09:46:30,606 [2de4195a-f779-4305-af6f-892378b3f55f-groupManagement] INFO  server.RaftServerConfigKeys (ConfUtils.java:logGet(46)) - raft.server.read.timeout = 10s (default)
2024-08-10 09:46:30,607 [2de4195a-f779-4305-af6f-892378b3f55f-groupManagement] INFO  server.RaftServerConfigKeys (ConfUtils.java:logGet(46)) - raft.server.retrycache.expirytime = 600000ms (custom)
2024-08-10 09:46:30,607 [2de4195a-f779-4305-af6f-892378b3f55f-groupManagement] INFO  server.RaftServerConfigKeys (ConfUtils.java:logGet(46)) - raft.server.retrycache.statistics.expirytime = 100ms (default)
2024-08-10 09:46:30,607 [2de4195a-f779-4305-af6f-892378b3f55f-groupManagement] INFO  server.RaftServerConfigKeys (ConfUtils.java:logGet(46)) - raft.server.read.option = DEFAULT (default)
2024-08-10 09:46:30,607 [2de4195a-f779-4305-af6f-892378b3f55f-groupManagement] INFO  server.RaftServerConfigKeys (ConfUtils.java:logGet(46)) - raft.server.read.read-after-write-consistent.write-index-cache.expiry-time = 60s (default)
2024-08-10 09:46:30,609 [2de4195a-f779-4305-af6f-892378b3f55f-groupManagement] INFO  server.RaftServerConfigKeys (ConfUtils.java:logGet(46)) - raft.server.rpc.request.timeout = 3000ms (default)
2024-08-10 09:46:30,609 [2de4195a-f779-4305-af6f-892378b3f55f-groupManagement] INFO  server.RaftServerConfigKeys (ConfUtils.java:logGet(46)) - raft.server.log.appender.install.snapshot.enabled = false (custom)
2024-08-10 09:46:30,609 [2de4195a-f779-4305-af6f-892378b3f55f-groupManagement] INFO  server.RaftServerConfigKeys (ConfUtils.java:logGet(46)) - raft.server.threadpool.server.cached = true (default)
2024-08-10 09:46:30,609 [2de4195a-f779-4305-af6f-892378b3f55f-groupManagement] INFO  server.RaftServerConfigKeys (ConfUtils.java:logGet(46)) - raft.server.threadpool.server.size = 0 (default)
2024-08-10 09:46:30,609 [2de4195a-f779-4305-af6f-892378b3f55f-groupManagement] INFO  server.RaftServerConfigKeys (ConfUtils.java:logGet(46)) - raft.server.threadpool.client.cached = true (default)
2024-08-10 09:46:30,609 [2de4195a-f779-4305-af6f-892378b3f55f-groupManagement] INFO  server.RaftServerConfigKeys (ConfUtils.java:logGet(46)) - raft.server.threadpool.client.size = 0 (default)
2024-08-10 09:46:30,609 [2de4195a-f779-4305-af6f-892378b3f55f-groupManagement] INFO  server.RaftServerConfigKeys (ConfUtils.java:logGet(46)) - raft.server.storage.free-space.min = 0MB (=0) (default)
2024-08-10 09:46:30,609 [2de4195a-f779-4305-af6f-892378b3f55f-groupManagement] INFO  server.RaftServerConfigKeys (ConfUtils.java:logGet(46)) - raft.server.log.corruption.policy = EXCEPTION (default)
2024-08-10 09:46:30,609 [2de4195a-f779-4305-af6f-892378b3f55f-groupManagement] INFO  server.RaftServerConfigKeys (ConfUtils.java:logGet(46)) - raft.server.storage.dir = [/home/runner/work/ozone/ozone/hadoop-ozone/integration-test/target/test-dir/MiniOzoneClusterImpl-76eaf92f-9dff-4d21-993f-c9a35837815b/ozone-meta/datanode-1/ratis] (custom)
2024-08-10 09:46:30,609 [2de4195a-f779-4305-af6f-892378b3f55f-groupManagement] INFO  storage.RaftStorageDirectory (RaftStorageDirectoryImpl.java:analyzeStorage(138)) - The storage directory /home/runner/work/ozone/ozone/hadoop-ozone/integration-test/target/test-dir/MiniOzoneClusterImpl-76eaf92f-9dff-4d21-993f-c9a35837815b/ozone-meta/datanode-1/ratis/d8b6da3e-4ef5-4f79-9fc3-a2590a4ce48a does not exist. Creating ...
2024-08-10 09:46:30,610 [2de4195a-f779-4305-af6f-892378b3f55f-groupManagement] INFO  storage.RaftStorageDirectory (RaftStorageDirectoryImpl.java:tryLock(229)) - Lock on /home/runner/work/ozone/ozone/hadoop-ozone/integration-test/target/test-dir/MiniOzoneClusterImpl-76eaf92f-9dff-4d21-993f-c9a35837815b/ozone-meta/datanode-1/ratis/d8b6da3e-4ef5-4f79-9fc3-a2590a4ce48a/in_use.lock acquired by nodename 50124@fv-az701-157
2024-08-10 09:46:30,611 [2de4195a-f779-4305-af6f-892378b3f55f-groupManagement] INFO  storage.RaftStorage (RaftStorageImpl.java:format(98)) - Storage directory /home/runner/work/ozone/ozone/hadoop-ozone/integration-test/target/test-dir/MiniOzoneClusterImpl-76eaf92f-9dff-4d21-993f-c9a35837815b/ozone-meta/datanode-1/ratis/d8b6da3e-4ef5-4f79-9fc3-a2590a4ce48a has been successfully formatted.
2024-08-10 09:46:30,611 [2de4195a-f779-4305-af6f-892378b3f55f-groupManagement] INFO  ratis.ContainerStateMachine (ContainerStateMachine.java:loadSnapshot(287)) - group-A2590A4CE48A: The snapshot info is null. Setting the last applied index to:(t:0, i:~)
2024-08-10 09:46:30,611 [2de4195a-f779-4305-af6f-892378b3f55f-groupManagement] INFO  server.RaftServerConfigKeys (ConfUtils.java:logGet(46)) - raft.server.log.use.memory = false (default)
2024-08-10 09:46:30,611 [2de4195a-f779-4305-af6f-892378b3f55f-groupManagement] INFO  server.RaftServerConfigKeys (ConfUtils.java:logGet(46)) - raft.server.log.purge.gap = 1000000 (custom)
2024-08-10 09:46:30,611 [2de4195a-f779-4305-af6f-892378b3f55f-groupManagement] INFO  server.RaftServerConfigKeys (ConfUtils.java:logGet(46)) - raft.server.log.appender.buffer.byte-limit = 8388608 (custom)
2024-08-10 09:46:30,611 [2de4195a-f779-4305-af6f-892378b3f55f-groupManagement] INFO  server.RaftServerConfigKeys (ConfUtils.java:logGet(46)) - raft.server.log.statemachine.data.read.timeout = 1000ms (default)
2024-08-10 09:46:30,611 [2de4195a-f779-4305-af6f-892378b3f55f-groupManagement] INFO  server.RaftServerConfigKeys (ConfUtils.java:logGet(46)) - raft.server.log.purge.preservation.log.num = 0 (default)
2024-08-10 09:46:30,612 [2de4195a-f779-4305-af6f-892378b3f55f-groupManagement] INFO  server.RaftServerConfigKeys (ConfUtils.java:logGet(46)) - raft.server.log.segment.size.max = 67108864 (custom)
2024-08-10 09:46:30,612 [EventQueue-OpenPipelineForHealthyPipelineSafeModeRule] INFO  safemode.SCMSafeModeManager (HealthyPipelineSafeModeRule.java:process(140)) - SCM in safe mode. Healthy pipelines reported count is 0, required healthy pipeline reported count is 1
2024-08-10 09:46:30,612 [2de4195a-f779-4305-af6f-892378b3f55f-groupManagement] INFO  server.RaftServerConfigKeys (ConfUtils.java:logGet(46)) - raft.server.log.segment.cache.num.max = 2 (custom)
2024-08-10 09:46:30,612 [2de4195a-f779-4305-af6f-892378b3f55f-groupManagement] INFO  server.RaftServerConfigKeys (ConfUtils.java:logGet(46)) - raft.server.log.segment.cache.size.max = 200MB (=209715200) (default)
2024-08-10 09:46:30,612 [2de4195a-f779-4305-af6f-892378b3f55f-groupManagement] INFO  server.RaftServerConfigKeys (ConfUtils.java:logGet(46)) - raft.server.log.appender.buffer.byte-limit = 8388608 (custom)
2024-08-10 09:46:30,612 [2de4195a-f779-4305-af6f-892378b3f55f-groupManagement] INFO  util.AwaitToRun (AwaitToRun.java:start(81)) - Thread[2de4195a-f779-4305-af6f-892378b3f55f@group-A2590A4CE48A-cacheEviction-AwaitToRun,5,main] started
2024-08-10 09:46:30,613 [2de4195a-f779-4305-af6f-892378b3f55f-groupManagement] INFO  segmented.SegmentedRaftLogWorker (SegmentedRaftLogWorker.java:<init>(184)) - new 2de4195a-f779-4305-af6f-892378b3f55f@group-A2590A4CE48A-SegmentedRaftLogWorker for RaftStorageImpl:Storage Directory /home/runner/work/ozone/ozone/hadoop-ozone/integration-test/target/test-dir/MiniOzoneClusterImpl-76eaf92f-9dff-4d21-993f-c9a35837815b/ozone-meta/datanode-1/ratis/d8b6da3e-4ef5-4f79-9fc3-a2590a4ce48a
2024-08-10 09:46:30,613 [2de4195a-f779-4305-af6f-892378b3f55f-groupManagement] INFO  server.RaftServerConfigKeys (ConfUtils.java:logGet(46)) - raft.server.log.queue.byte-limit = 4294967296 (custom)
2024-08-10 09:46:30,613 [2de4195a-f779-4305-af6f-892378b3f55f-groupManagement] INFO  server.RaftServerConfigKeys (ConfUtils.java:logGet(46)) - raft.server.log.queue.element-limit = 1024 (custom)
2024-08-10 09:46:30,613 [2de4195a-f779-4305-af6f-892378b3f55f-groupManagement] INFO  server.RaftServerConfigKeys (ConfUtils.java:logGet(46)) - raft.server.log.segment.size.max = 67108864 (custom)
2024-08-10 09:46:30,613 [2de4195a-f779-4305-af6f-892378b3f55f-groupManagement] INFO  server.RaftServerConfigKeys (ConfUtils.java:logGet(46)) - raft.server.log.preallocated.size = 4194304 (custom)
2024-08-10 09:46:30,613 [2de4195a-f779-4305-af6f-892378b3f55f-groupManagement] INFO  server.RaftServerConfigKeys (ConfUtils.java:logGet(46)) - raft.server.log.force.sync.num = 128 (default)
2024-08-10 09:46:30,613 [2de4195a-f779-4305-af6f-892378b3f55f-groupManagement] INFO  server.RaftServerConfigKeys (ConfUtils.java:logGet(46)) - raft.server.log.statemachine.data.sync = true (default)
2024-08-10 09:46:30,613 [2de4195a-f779-4305-af6f-892378b3f55f-groupManagement] INFO  server.RaftServerConfigKeys (ConfUtils.java:logGet(46)) - raft.server.log.statemachine.data.sync.timeout = 10s (default)
2024-08-10 09:46:30,613 [2de4195a-f779-4305-af6f-892378b3f55f-groupManagement] INFO  server.RaftServerConfigKeys (ConfUtils.java:logGet(46)) - raft.server.log.statemachine.data.sync.timeout.retry = 30 (custom)
2024-08-10 09:46:30,613 [2de4195a-f779-4305-af6f-892378b3f55f-groupManagement] INFO  server.RaftServerConfigKeys (ConfUtils.java:logGet(46)) - raft.server.log.write.buffer.size = 8388616 (custom)
2024-08-10 09:46:30,615 [2de4195a-f779-4305-af6f-892378b3f55f-groupManagement] INFO  server.RaftServerConfigKeys (ConfUtils.java:logGet(46)) - raft.server.log.appender.buffer.byte-limit = 8388608 (custom)
2024-08-10 09:46:30,615 [2de4195a-f779-4305-af6f-892378b3f55f-groupManagement] INFO  server.RaftServerConfigKeys (ConfUtils.java:logGet(46)) - raft.server.log.unsafe-flush.enabled = false (default)
2024-08-10 09:46:30,615 [2de4195a-f779-4305-af6f-892378b3f55f-groupManagement] INFO  server.RaftServerConfigKeys (ConfUtils.java:logGet(46)) - raft.server.log.async-flush.enabled = false (default)
2024-08-10 09:46:30,615 [2de4195a-f779-4305-af6f-892378b3f55f-groupManagement] INFO  server.RaftServerConfigKeys (ConfUtils.java:logGet(46)) - raft.server.log.statemachine.data.caching.enabled = true (custom)
2024-08-10 09:46:30,615 [2de4195a-f779-4305-af6f-892378b3f55f-groupManagement] INFO  segmented.SegmentedRaftLogWorker (SegmentedRaftLogWorker.java:lambda$new$0(135)) - 2de4195a-f779-4305-af6f-892378b3f55f@group-A2590A4CE48A-SegmentedRaftLogWorker: flushIndex: setUnconditionally 0 -> -1
2024-08-10 09:46:30,615 [2de4195a-f779-4305-af6f-892378b3f55f-groupManagement] INFO  segmented.SegmentedRaftLogWorker (SegmentedRaftLogWorker.java:lambda$new$0(135)) - 2de4195a-f779-4305-af6f-892378b3f55f@group-A2590A4CE48A-SegmentedRaftLogWorker: safeCacheEvictIndex: setUnconditionally 0 -> -1
2024-08-10 09:46:30,615 [2de4195a-f779-4305-af6f-892378b3f55f-groupManagement] INFO  server.RaftServer$Division (RaftServerImpl.java:start(389)) - 2de4195a-f779-4305-af6f-892378b3f55f@group-A2590A4CE48A: start as a follower, conf=conf: {index: -1, cur=peers:[0d551621-3a78-470c-abdb-c40a133c0b47|127.0.0.1:15560, bc9bd5ba-19eb-4eb9-bb97-9549088a2cda|127.0.0.1:15551, 2de4195a-f779-4305-af6f-892378b3f55f|127.0.0.1:15542]|listeners:[], old=null}
2024-08-10 09:46:30,615 [2de4195a-f779-4305-af6f-892378b3f55f-groupManagement] INFO  server.RaftServer$Division (RaftServerImpl.java:setRole(376)) - 2de4195a-f779-4305-af6f-892378b3f55f@group-A2590A4CE48A: changes role from      null to FOLLOWER at term 0 for startAsFollower
2024-08-10 09:46:30,615 [2de4195a-f779-4305-af6f-892378b3f55f-groupManagement] INFO  impl.RoleInfo (RoleInfo.java:updateAndGet(148)) - 2de4195a-f779-4305-af6f-892378b3f55f: start 2de4195a-f779-4305-af6f-892378b3f55f@group-A2590A4CE48A-FollowerState
2024-08-10 09:46:30,615 [2de4195a-f779-4305-af6f-892378b3f55f@group-A2590A4CE48A-FollowerState] INFO  server.RaftServerConfigKeys (ConfUtils.java:logFallback(53)) - raft.server.rpc.first-election.timeout.min = 5s (fallback to raft.server.rpc.timeout.min)
2024-08-10 09:46:30,615 [2de4195a-f779-4305-af6f-892378b3f55f@group-A2590A4CE48A-FollowerState] INFO  server.RaftServerConfigKeys (ConfUtils.java:logFallback(53)) - raft.server.rpc.first-election.timeout.max = 5200ms (fallback to raft.server.rpc.timeout.max)
2024-08-10 09:46:30,615 [2de4195a-f779-4305-af6f-892378b3f55f-groupManagement] INFO  util.JmxRegister (JmxRegister.java:tryRegister(44)) - Successfully registered JMX Bean with object name Ratis:service=RaftServer,group=group-A2590A4CE48A,id=2de4195a-f779-4305-af6f-892378b3f55f
2024-08-10 09:46:30,616 [2de4195a-f779-4305-af6f-892378b3f55f-groupManagement] INFO  util.JmxRegister (JmxRegister.java:register(58)) - register mxBean class org.apache.ratis.server.impl.RaftServerJmxAdapter as Ratis:service=RaftServer,group=group-A2590A4CE48A,id=2de4195a-f779-4305-af6f-892378b3f55f
2024-08-10 09:46:30,616 [2de4195a-f779-4305-af6f-892378b3f55f-groupManagement] INFO  server.RaftServerConfigKeys (ConfUtils.java:logGet(46)) - raft.server.snapshot.trigger-when-stop.enabled = true (default)
2024-08-10 09:46:30,616 [2de4195a-f779-4305-af6f-892378b3f55f-groupManagement] INFO  server.RaftServerConfigKeys (ConfUtils.java:logGet(46)) - raft.server.snapshot.trigger-when-remove.enabled = true (default)
2024-08-10 09:46:30,616 [2de4195a-f779-4305-af6f-892378b3f55f-groupManagement] INFO  server.RaftServerConfigKeys (ConfUtils.java:logGet(46)) - raft.server.snapshot.auto.trigger.enabled = true (custom)
2024-08-10 09:46:30,616 [2de4195a-f779-4305-af6f-892378b3f55f-groupManagement] INFO  server.RaftServerConfigKeys (ConfUtils.java:logGet(46)) - raft.server.snapshot.auto.trigger.threshold = 10000 (custom)
2024-08-10 09:46:30,616 [2de4195a-f779-4305-af6f-892378b3f55f-groupManagement] INFO  server.RaftServerConfigKeys (ConfUtils.java:logGet(46)) - raft.server.snapshot.retention.file.num = 5 (custom)
2024-08-10 09:46:30,616 [2de4195a-f779-4305-af6f-892378b3f55f-groupManagement] INFO  server.RaftServerConfigKeys (ConfUtils.java:logGet(46)) - raft.server.log.purge.upto.snapshot.index = false (default)
2024-08-10 09:46:30,616 [2de4195a-f779-4305-af6f-892378b3f55f-PipelineCommandHandlerThread-0] INFO  ratis.XceiverServerRatis (XceiverServerRatis.java:addGroup(846)) - Created group PipelineID=d8b6da3e-4ef5-4f79-9fc3-a2590a4ce48a
2024-08-10 09:46:30,619 [grpc-default-executor-1] INFO  server.RaftServer (RaftServerProxy.java:addNew(101)) - bc9bd5ba-19eb-4eb9-bb97-9549088a2cda: addNew group-A2590A4CE48A:[0d551621-3a78-470c-abdb-c40a133c0b47|127.0.0.1:15560, bc9bd5ba-19eb-4eb9-bb97-9549088a2cda|127.0.0.1:15551, 2de4195a-f779-4305-af6f-892378b3f55f|127.0.0.1:15542] returns group-A2590A4CE48A:java.util.concurrent.CompletableFuture@5a3584e5[Not completed]
2024-08-10 09:46:30,620 [bc9bd5ba-19eb-4eb9-bb97-9549088a2cda-groupManagement] INFO  server.RaftServer$Division (RaftServerImpl.java:<init>(253)) - bc9bd5ba-19eb-4eb9-bb97-9549088a2cda: new RaftServerImpl for group-A2590A4CE48A:[0d551621-3a78-470c-abdb-c40a133c0b47|127.0.0.1:15560, bc9bd5ba-19eb-4eb9-bb97-9549088a2cda|127.0.0.1:15551, 2de4195a-f779-4305-af6f-892378b3f55f|127.0.0.1:15542] with ContainerStateMachine:uninitialized
2024-08-10 09:46:30,620 [bc9bd5ba-19eb-4eb9-bb97-9549088a2cda-groupManagement] INFO  server.RaftServerConfigKeys (ConfUtils.java:logGet(46)) - raft.server.rpc.timeout.min = 5s (custom)
2024-08-10 09:46:30,620 [bc9bd5ba-19eb-4eb9-bb97-9549088a2cda-groupManagement] INFO  server.RaftServerConfigKeys (ConfUtils.java:logGet(46)) - raft.server.rpc.timeout.max = 5200ms (custom)
2024-08-10 09:46:30,620 [bc9bd5ba-19eb-4eb9-bb97-9549088a2cda-groupManagement] INFO  server.RaftServerConfigKeys (ConfUtils.java:logGet(46)) - raft.server.rpc.sleep.time = 25ms (default)
2024-08-10 09:46:30,620 [bc9bd5ba-19eb-4eb9-bb97-9549088a2cda-groupManagement] INFO  server.RaftServerConfigKeys (ConfUtils.java:logGet(46)) - raft.server.rpc.slowness.timeout = 300000ms (custom)
2024-08-10 09:46:30,620 [bc9bd5ba-19eb-4eb9-bb97-9549088a2cda-groupManagement] INFO  server.RaftServerConfigKeys (ConfUtils.java:logGet(46)) - raft.server.leaderelection.leader.step-down.wait-time = 10s (default)
2024-08-10 09:46:30,620 [bc9bd5ba-19eb-4eb9-bb97-9549088a2cda-groupManagement] INFO  server.RaftServerConfigKeys (ConfUtils.java:logGet(46)) - raft.server.leaderelection.member.majority-add = false (default)
2024-08-10 09:46:30,620 [bc9bd5ba-19eb-4eb9-bb97-9549088a2cda-groupManagement] INFO  server.RaftServerConfigKeys (ConfUtils.java:logGet(46)) - raft.server.sleep.deviation.threshold = 300ms (default)
2024-08-10 09:46:30,620 [bc9bd5ba-19eb-4eb9-bb97-9549088a2cda-groupManagement] INFO  server.RaftServer$Division (ServerState.java:<init>(114)) - bc9bd5ba-19eb-4eb9-bb97-9549088a2cda@group-A2590A4CE48A: ConfigurationManager, init=conf: {index: -1, cur=peers:[0d551621-3a78-470c-abdb-c40a133c0b47|127.0.0.1:15560, bc9bd5ba-19eb-4eb9-bb97-9549088a2cda|127.0.0.1:15551, 2de4195a-f779-4305-af6f-892378b3f55f|127.0.0.1:15542]|listeners:[], old=null}, confs=<EMPTY_MAP>
2024-08-10 09:46:30,620 [bc9bd5ba-19eb-4eb9-bb97-9549088a2cda-groupManagement] INFO  server.RaftServerConfigKeys (ConfUtils.java:logGet(46)) - raft.server.notification.no-leader.timeout = 300000ms (custom)
2024-08-10 09:46:30,620 [bc9bd5ba-19eb-4eb9-bb97-9549088a2cda-groupManagement] INFO  server.RaftServerConfigKeys (ConfUtils.java:logGet(46)) - raft.server.read.timeout = 10s (default)
2024-08-10 09:46:30,620 [bc9bd5ba-19eb-4eb9-bb97-9549088a2cda-groupManagement] INFO  server.RaftServerConfigKeys (ConfUtils.java:logGet(46)) - raft.server.retrycache.expirytime = 600000ms (custom)
2024-08-10 09:46:30,620 [bc9bd5ba-19eb-4eb9-bb97-9549088a2cda-groupManagement] INFO  server.RaftServerConfigKeys (ConfUtils.java:logGet(46)) - raft.server.retrycache.statistics.expirytime = 100ms (default)
2024-08-10 09:46:30,620 [bc9bd5ba-19eb-4eb9-bb97-9549088a2cda-groupManagement] INFO  server.RaftServerConfigKeys (ConfUtils.java:logGet(46)) - raft.server.read.option = DEFAULT (default)
2024-08-10 09:46:30,620 [bc9bd5ba-19eb-4eb9-bb97-9549088a2cda-groupManagement] INFO  server.RaftServerConfigKeys (ConfUtils.java:logGet(46)) - raft.server.read.read-after-write-consistent.write-index-cache.expiry-time = 60s (default)
2024-08-10 09:46:30,622 [bc9bd5ba-19eb-4eb9-bb97-9549088a2cda-groupManagement] INFO  server.RaftServerConfigKeys (ConfUtils.java:logGet(46)) - raft.server.rpc.request.timeout = 3000ms (default)
2024-08-10 09:46:30,622 [bc9bd5ba-19eb-4eb9-bb97-9549088a2cda-groupManagement] INFO  server.RaftServerConfigKeys (ConfUtils.java:logGet(46)) - raft.server.log.appender.install.snapshot.enabled = false (custom)
2024-08-10 09:46:30,622 [bc9bd5ba-19eb-4eb9-bb97-9549088a2cda-groupManagement] INFO  server.RaftServerConfigKeys (ConfUtils.java:logGet(46)) - raft.server.threadpool.server.cached = true (default)
2024-08-10 09:46:30,622 [bc9bd5ba-19eb-4eb9-bb97-9549088a2cda-groupManagement] INFO  server.RaftServerConfigKeys (ConfUtils.java:logGet(46)) - raft.server.threadpool.server.size = 0 (default)
2024-08-10 09:46:30,622 [bc9bd5ba-19eb-4eb9-bb97-9549088a2cda-groupManagement] INFO  server.RaftServerConfigKeys (ConfUtils.java:logGet(46)) - raft.server.threadpool.client.cached = true (default)
2024-08-10 09:46:30,622 [bc9bd5ba-19eb-4eb9-bb97-9549088a2cda-groupManagement] INFO  server.RaftServerConfigKeys (ConfUtils.java:logGet(46)) - raft.server.threadpool.client.size = 0 (default)
2024-08-10 09:46:30,622 [bc9bd5ba-19eb-4eb9-bb97-9549088a2cda-groupManagement] INFO  server.RaftServerConfigKeys (ConfUtils.java:logGet(46)) - raft.server.storage.free-space.min = 0MB (=0) (default)
2024-08-10 09:46:30,622 [bc9bd5ba-19eb-4eb9-bb97-9549088a2cda-groupManagement] INFO  server.RaftServerConfigKeys (ConfUtils.java:logGet(46)) - raft.server.log.corruption.policy = EXCEPTION (default)
2024-08-10 09:46:30,622 [bc9bd5ba-19eb-4eb9-bb97-9549088a2cda-groupManagement] INFO  server.RaftServerConfigKeys (ConfUtils.java:logGet(46)) - raft.server.storage.dir = [/home/runner/work/ozone/ozone/hadoop-ozone/integration-test/target/test-dir/MiniOzoneClusterImpl-76eaf92f-9dff-4d21-993f-c9a35837815b/ozone-meta/datanode-2/ratis] (custom)
2024-08-10 09:46:30,622 [bc9bd5ba-19eb-4eb9-bb97-9549088a2cda-groupManagement] INFO  storage.RaftStorageDirectory (RaftStorageDirectoryImpl.java:analyzeStorage(138)) - The storage directory /home/runner/work/ozone/ozone/hadoop-ozone/integration-test/target/test-dir/MiniOzoneClusterImpl-76eaf92f-9dff-4d21-993f-c9a35837815b/ozone-meta/datanode-2/ratis/d8b6da3e-4ef5-4f79-9fc3-a2590a4ce48a does not exist. Creating ...
2024-08-10 09:46:30,623 [bc9bd5ba-19eb-4eb9-bb97-9549088a2cda-groupManagement] INFO  storage.RaftStorageDirectory (RaftStorageDirectoryImpl.java:tryLock(229)) - Lock on /home/runner/work/ozone/ozone/hadoop-ozone/integration-test/target/test-dir/MiniOzoneClusterImpl-76eaf92f-9dff-4d21-993f-c9a35837815b/ozone-meta/datanode-2/ratis/d8b6da3e-4ef5-4f79-9fc3-a2590a4ce48a/in_use.lock acquired by nodename 50124@fv-az701-157
2024-08-10 09:46:30,624 [bc9bd5ba-19eb-4eb9-bb97-9549088a2cda-groupManagement] INFO  storage.RaftStorage (RaftStorageImpl.java:format(98)) - Storage directory /home/runner/work/ozone/ozone/hadoop-ozone/integration-test/target/test-dir/MiniOzoneClusterImpl-76eaf92f-9dff-4d21-993f-c9a35837815b/ozone-meta/datanode-2/ratis/d8b6da3e-4ef5-4f79-9fc3-a2590a4ce48a has been successfully formatted.
2024-08-10 09:46:30,624 [bc9bd5ba-19eb-4eb9-bb97-9549088a2cda-groupManagement] INFO  ratis.ContainerStateMachine (ContainerStateMachine.java:loadSnapshot(287)) - group-A2590A4CE48A: The snapshot info is null. Setting the last applied index to:(t:0, i:~)
2024-08-10 09:46:30,624 [bc9bd5ba-19eb-4eb9-bb97-9549088a2cda-groupManagement] INFO  server.RaftServerConfigKeys (ConfUtils.java:logGet(46)) - raft.server.log.use.memory = false (default)
2024-08-10 09:46:30,624 [bc9bd5ba-19eb-4eb9-bb97-9549088a2cda-groupManagement] INFO  server.RaftServerConfigKeys (ConfUtils.java:logGet(46)) - raft.server.log.purge.gap = 1000000 (custom)
2024-08-10 09:46:30,624 [bc9bd5ba-19eb-4eb9-bb97-9549088a2cda-groupManagement] INFO  server.RaftServerConfigKeys (ConfUtils.java:logGet(46)) - raft.server.log.appender.buffer.byte-limit = 8388608 (custom)
2024-08-10 09:46:30,624 [bc9bd5ba-19eb-4eb9-bb97-9549088a2cda-groupManagement] INFO  server.RaftServerConfigKeys (ConfUtils.java:logGet(46)) - raft.server.log.statemachine.data.read.timeout = 1000ms (default)
2024-08-10 09:46:30,625 [bc9bd5ba-19eb-4eb9-bb97-9549088a2cda-groupManagement] INFO  server.RaftServerConfigKeys (ConfUtils.java:logGet(46)) - raft.server.log.purge.preservation.log.num = 0 (default)
2024-08-10 09:46:30,625 [bc9bd5ba-19eb-4eb9-bb97-9549088a2cda-groupManagement] INFO  server.RaftServerConfigKeys (ConfUtils.java:logGet(46)) - raft.server.log.segment.size.max = 67108864 (custom)
2024-08-10 09:46:30,625 [bc9bd5ba-19eb-4eb9-bb97-9549088a2cda-groupManagement] INFO  server.RaftServerConfigKeys (ConfUtils.java:logGet(46)) - raft.server.log.segment.cache.num.max = 2 (custom)
2024-08-10 09:46:30,625 [bc9bd5ba-19eb-4eb9-bb97-9549088a2cda-groupManagement] INFO  server.RaftServerConfigKeys (ConfUtils.java:logGet(46)) - raft.server.log.segment.cache.size.max = 200MB (=209715200) (default)
2024-08-10 09:46:30,625 [bc9bd5ba-19eb-4eb9-bb97-9549088a2cda-groupManagement] INFO  server.RaftServerConfigKeys (ConfUtils.java:logGet(46)) - raft.server.log.appender.buffer.byte-limit = 8388608 (custom)
2024-08-10 09:46:30,626 [bc9bd5ba-19eb-4eb9-bb97-9549088a2cda-groupManagement] INFO  util.AwaitToRun (AwaitToRun.java:start(81)) - Thread[bc9bd5ba-19eb-4eb9-bb97-9549088a2cda@group-A2590A4CE48A-cacheEviction-AwaitToRun,5,main] started
2024-08-10 09:46:30,626 [bc9bd5ba-19eb-4eb9-bb97-9549088a2cda-groupManagement] INFO  segmented.SegmentedRaftLogWorker (SegmentedRaftLogWorker.java:<init>(184)) - new bc9bd5ba-19eb-4eb9-bb97-9549088a2cda@group-A2590A4CE48A-SegmentedRaftLogWorker for RaftStorageImpl:Storage Directory /home/runner/work/ozone/ozone/hadoop-ozone/integration-test/target/test-dir/MiniOzoneClusterImpl-76eaf92f-9dff-4d21-993f-c9a35837815b/ozone-meta/datanode-2/ratis/d8b6da3e-4ef5-4f79-9fc3-a2590a4ce48a
2024-08-10 09:46:30,626 [bc9bd5ba-19eb-4eb9-bb97-9549088a2cda-groupManagement] INFO  server.RaftServerConfigKeys (ConfUtils.java:logGet(46)) - raft.server.log.queue.byte-limit = 4294967296 (custom)
2024-08-10 09:46:30,626 [bc9bd5ba-19eb-4eb9-bb97-9549088a2cda-groupManagement] INFO  server.RaftServerConfigKeys (ConfUtils.java:logGet(46)) - raft.server.log.queue.element-limit = 1024 (custom)
2024-08-10 09:46:30,626 [bc9bd5ba-19eb-4eb9-bb97-9549088a2cda-groupManagement] INFO  server.RaftServerConfigKeys (ConfUtils.java:logGet(46)) - raft.server.log.segment.size.max = 67108864 (custom)
2024-08-10 09:46:30,626 [bc9bd5ba-19eb-4eb9-bb97-9549088a2cda-groupManagement] INFO  server.RaftServerConfigKeys (ConfUtils.java:logGet(46)) - raft.server.log.preallocated.size = 4194304 (custom)
2024-08-10 09:46:30,626 [bc9bd5ba-19eb-4eb9-bb97-9549088a2cda-groupManagement] INFO  server.RaftServerConfigKeys (ConfUtils.java:logGet(46)) - raft.server.log.force.sync.num = 128 (default)
2024-08-10 09:46:30,626 [bc9bd5ba-19eb-4eb9-bb97-9549088a2cda-groupManagement] INFO  server.RaftServerConfigKeys (ConfUtils.java:logGet(46)) - raft.server.log.statemachine.data.sync = true (default)
2024-08-10 09:46:30,626 [bc9bd5ba-19eb-4eb9-bb97-9549088a2cda-groupManagement] INFO  server.RaftServerConfigKeys (ConfUtils.java:logGet(46)) - raft.server.log.statemachine.data.sync.timeout = 10s (default)
2024-08-10 09:46:30,626 [bc9bd5ba-19eb-4eb9-bb97-9549088a2cda-groupManagement] INFO  server.RaftServerConfigKeys (ConfUtils.java:logGet(46)) - raft.server.log.statemachine.data.sync.timeout.retry = 30 (custom)
2024-08-10 09:46:30,626 [bc9bd5ba-19eb-4eb9-bb97-9549088a2cda-groupManagement] INFO  server.RaftServerConfigKeys (ConfUtils.java:logGet(46)) - raft.server.log.write.buffer.size = 8388616 (custom)
2024-08-10 09:46:30,627 [bc9bd5ba-19eb-4eb9-bb97-9549088a2cda-groupManagement] INFO  server.RaftServerConfigKeys (ConfUtils.java:logGet(46)) - raft.server.log.appender.buffer.byte-limit = 8388608 (custom)
2024-08-10 09:46:30,627 [bc9bd5ba-19eb-4eb9-bb97-9549088a2cda-groupManagement] INFO  server.RaftServerConfigKeys (ConfUtils.java:logGet(46)) - raft.server.log.unsafe-flush.enabled = false (default)
2024-08-10 09:46:30,627 [bc9bd5ba-19eb-4eb9-bb97-9549088a2cda-groupManagement] INFO  server.RaftServerConfigKeys (ConfUtils.java:logGet(46)) - raft.server.log.async-flush.enabled = false (default)
2024-08-10 09:46:30,627 [bc9bd5ba-19eb-4eb9-bb97-9549088a2cda-groupManagement] INFO  server.RaftServerConfigKeys (ConfUtils.java:logGet(46)) - raft.server.log.statemachine.data.caching.enabled = true (custom)
2024-08-10 09:46:30,627 [bc9bd5ba-19eb-4eb9-bb97-9549088a2cda-groupManagement] INFO  segmented.SegmentedRaftLogWorker (SegmentedRaftLogWorker.java:lambda$new$0(135)) - bc9bd5ba-19eb-4eb9-bb97-9549088a2cda@group-A2590A4CE48A-SegmentedRaftLogWorker: flushIndex: setUnconditionally 0 -> -1
2024-08-10 09:46:30,627 [bc9bd5ba-19eb-4eb9-bb97-9549088a2cda-groupManagement] INFO  segmented.SegmentedRaftLogWorker (SegmentedRaftLogWorker.java:lambda$new$0(135)) - bc9bd5ba-19eb-4eb9-bb97-9549088a2cda@group-A2590A4CE48A-SegmentedRaftLogWorker: safeCacheEvictIndex: setUnconditionally 0 -> -1
2024-08-10 09:46:30,627 [bc9bd5ba-19eb-4eb9-bb97-9549088a2cda-groupManagement] INFO  server.RaftServer$Division (RaftServerImpl.java:start(389)) - bc9bd5ba-19eb-4eb9-bb97-9549088a2cda@group-A2590A4CE48A: start as a follower, conf=conf: {index: -1, cur=peers:[0d551621-3a78-470c-abdb-c40a133c0b47|127.0.0.1:15560, bc9bd5ba-19eb-4eb9-bb97-9549088a2cda|127.0.0.1:15551, 2de4195a-f779-4305-af6f-892378b3f55f|127.0.0.1:15542]|listeners:[], old=null}
2024-08-10 09:46:30,627 [bc9bd5ba-19eb-4eb9-bb97-9549088a2cda-groupManagement] INFO  server.RaftServer$Division (RaftServerImpl.java:setRole(376)) - bc9bd5ba-19eb-4eb9-bb97-9549088a2cda@group-A2590A4CE48A: changes role from      null to FOLLOWER at term 0 for startAsFollower
2024-08-10 09:46:30,627 [bc9bd5ba-19eb-4eb9-bb97-9549088a2cda-groupManagement] INFO  impl.RoleInfo (RoleInfo.java:updateAndGet(148)) - bc9bd5ba-19eb-4eb9-bb97-9549088a2cda: start bc9bd5ba-19eb-4eb9-bb97-9549088a2cda@group-A2590A4CE48A-FollowerState
2024-08-10 09:46:30,627 [bc9bd5ba-19eb-4eb9-bb97-9549088a2cda@group-A2590A4CE48A-FollowerState] INFO  server.RaftServerConfigKeys (ConfUtils.java:logFallback(53)) - raft.server.rpc.first-election.timeout.min = 5s (fallback to raft.server.rpc.timeout.min)
2024-08-10 09:46:30,627 [bc9bd5ba-19eb-4eb9-bb97-9549088a2cda@group-A2590A4CE48A-FollowerState] INFO  server.RaftServerConfigKeys (ConfUtils.java:logFallback(53)) - raft.server.rpc.first-election.timeout.max = 5200ms (fallback to raft.server.rpc.timeout.max)
2024-08-10 09:46:30,627 [bc9bd5ba-19eb-4eb9-bb97-9549088a2cda-groupManagement] INFO  util.JmxRegister (JmxRegister.java:tryRegister(44)) - Successfully registered JMX Bean with object name Ratis:service=RaftServer,group=group-A2590A4CE48A,id=bc9bd5ba-19eb-4eb9-bb97-9549088a2cda
2024-08-10 09:46:30,628 [bc9bd5ba-19eb-4eb9-bb97-9549088a2cda-groupManagement] INFO  util.JmxRegister (JmxRegister.java:register(58)) - register mxBean class org.apache.ratis.server.impl.RaftServerJmxAdapter as Ratis:service=RaftServer,group=group-A2590A4CE48A,id=bc9bd5ba-19eb-4eb9-bb97-9549088a2cda
2024-08-10 09:46:30,628 [bc9bd5ba-19eb-4eb9-bb97-9549088a2cda-groupManagement] INFO  server.RaftServerConfigKeys (ConfUtils.java:logGet(46)) - raft.server.snapshot.trigger-when-stop.enabled = true (default)
2024-08-10 09:46:30,628 [bc9bd5ba-19eb-4eb9-bb97-9549088a2cda-groupManagement] INFO  server.RaftServerConfigKeys (ConfUtils.java:logGet(46)) - raft.server.snapshot.trigger-when-remove.enabled = true (default)
2024-08-10 09:46:30,628 [bc9bd5ba-19eb-4eb9-bb97-9549088a2cda-groupManagement] INFO  server.RaftServerConfigKeys (ConfUtils.java:logGet(46)) - raft.server.snapshot.auto.trigger.enabled = true (custom)
2024-08-10 09:46:30,628 [bc9bd5ba-19eb-4eb9-bb97-9549088a2cda-groupManagement] INFO  server.RaftServerConfigKeys (ConfUtils.java:logGet(46)) - raft.server.snapshot.auto.trigger.threshold = 10000 (custom)
2024-08-10 09:46:30,628 [bc9bd5ba-19eb-4eb9-bb97-9549088a2cda-groupManagement] INFO  server.RaftServerConfigKeys (ConfUtils.java:logGet(46)) - raft.server.snapshot.retention.file.num = 5 (custom)
2024-08-10 09:46:30,628 [bc9bd5ba-19eb-4eb9-bb97-9549088a2cda-groupManagement] INFO  server.RaftServerConfigKeys (ConfUtils.java:logGet(46)) - raft.server.log.purge.upto.snapshot.index = false (default)
2024-08-10 09:46:30,632 [grpc-default-executor-1] INFO  server.RaftServer (RaftServerProxy.java:addNew(101)) - 0d551621-3a78-470c-abdb-c40a133c0b47: addNew group-A2590A4CE48A:[0d551621-3a78-470c-abdb-c40a133c0b47|127.0.0.1:15560, bc9bd5ba-19eb-4eb9-bb97-9549088a2cda|127.0.0.1:15551, 2de4195a-f779-4305-af6f-892378b3f55f|127.0.0.1:15542] returns group-A2590A4CE48A:java.util.concurrent.CompletableFuture@1f79d3[Not completed]
2024-08-10 09:46:30,632 [0d551621-3a78-470c-abdb-c40a133c0b47-groupManagement] INFO  server.RaftServer$Division (RaftServerImpl.java:<init>(253)) - 0d551621-3a78-470c-abdb-c40a133c0b47: new RaftServerImpl for group-A2590A4CE48A:[0d551621-3a78-470c-abdb-c40a133c0b47|127.0.0.1:15560, bc9bd5ba-19eb-4eb9-bb97-9549088a2cda|127.0.0.1:15551, 2de4195a-f779-4305-af6f-892378b3f55f|127.0.0.1:15542] with ContainerStateMachine:uninitialized
2024-08-10 09:46:30,632 [0d551621-3a78-470c-abdb-c40a133c0b47-groupManagement] INFO  server.RaftServerConfigKeys (ConfUtils.java:logGet(46)) - raft.server.rpc.timeout.min = 5s (custom)
2024-08-10 09:46:30,632 [0d551621-3a78-470c-abdb-c40a133c0b47-groupManagement] INFO  server.RaftServerConfigKeys (ConfUtils.java:logGet(46)) - raft.server.rpc.timeout.max = 5200ms (custom)
2024-08-10 09:46:30,632 [0d551621-3a78-470c-abdb-c40a133c0b47-groupManagement] INFO  server.RaftServerConfigKeys (ConfUtils.java:logGet(46)) - raft.server.rpc.sleep.time = 25ms (default)
2024-08-10 09:46:30,632 [0d551621-3a78-470c-abdb-c40a133c0b47-groupManagement] INFO  server.RaftServerConfigKeys (ConfUtils.java:logGet(46)) - raft.server.rpc.slowness.timeout = 300000ms (custom)
2024-08-10 09:46:30,632 [0d551621-3a78-470c-abdb-c40a133c0b47-groupManagement] INFO  server.RaftServerConfigKeys (ConfUtils.java:logGet(46)) - raft.server.leaderelection.leader.step-down.wait-time = 10s (default)
2024-08-10 09:46:30,632 [0d551621-3a78-470c-abdb-c40a133c0b47-groupManagement] INFO  server.RaftServerConfigKeys (ConfUtils.java:logGet(46)) - raft.server.leaderelection.member.majority-add = false (default)
2024-08-10 09:46:30,633 [0d551621-3a78-470c-abdb-c40a133c0b47-groupManagement] INFO  server.RaftServerConfigKeys (ConfUtils.java:logGet(46)) - raft.server.sleep.deviation.threshold = 300ms (default)
2024-08-10 09:46:30,633 [0d551621-3a78-470c-abdb-c40a133c0b47-groupManagement] INFO  server.RaftServer$Division (ServerState.java:<init>(114)) - 0d551621-3a78-470c-abdb-c40a133c0b47@group-A2590A4CE48A: ConfigurationManager, init=conf: {index: -1, cur=peers:[0d551621-3a78-470c-abdb-c40a133c0b47|127.0.0.1:15560, bc9bd5ba-19eb-4eb9-bb97-9549088a2cda|127.0.0.1:15551, 2de4195a-f779-4305-af6f-892378b3f55f|127.0.0.1:15542]|listeners:[], old=null}, confs=<EMPTY_MAP>
2024-08-10 09:46:30,633 [0d551621-3a78-470c-abdb-c40a133c0b47-groupManagement] INFO  server.RaftServerConfigKeys (ConfUtils.java:logGet(46)) - raft.server.notification.no-leader.timeout = 300000ms (custom)
2024-08-10 09:46:30,633 [0d551621-3a78-470c-abdb-c40a133c0b47-groupManagement] INFO  server.RaftServerConfigKeys (ConfUtils.java:logGet(46)) - raft.server.read.timeout = 10s (default)
2024-08-10 09:46:30,633 [0d551621-3a78-470c-abdb-c40a133c0b47-groupManagement] INFO  server.RaftServerConfigKeys (ConfUtils.java:logGet(46)) - raft.server.retrycache.expirytime = 600000ms (custom)
2024-08-10 09:46:30,633 [0d551621-3a78-470c-abdb-c40a133c0b47-groupManagement] INFO  server.RaftServerConfigKeys (ConfUtils.java:logGet(46)) - raft.server.retrycache.statistics.expirytime = 100ms (default)
2024-08-10 09:46:30,633 [0d551621-3a78-470c-abdb-c40a133c0b47-groupManagement] INFO  server.RaftServerConfigKeys (ConfUtils.java:logGet(46)) - raft.server.read.option = DEFAULT (default)
2024-08-10 09:46:30,633 [0d551621-3a78-470c-abdb-c40a133c0b47-groupManagement] INFO  server.RaftServerConfigKeys (ConfUtils.java:logGet(46)) - raft.server.read.read-after-write-consistent.write-index-cache.expiry-time = 60s (default)
2024-08-10 09:46:30,634 [0d551621-3a78-470c-abdb-c40a133c0b47-groupManagement] INFO  server.RaftServerConfigKeys (ConfUtils.java:logGet(46)) - raft.server.rpc.request.timeout = 3000ms (default)
2024-08-10 09:46:30,634 [0d551621-3a78-470c-abdb-c40a133c0b47-groupManagement] INFO  server.RaftServerConfigKeys (ConfUtils.java:logGet(46)) - raft.server.log.appender.install.snapshot.enabled = false (custom)
2024-08-10 09:46:30,634 [0d551621-3a78-470c-abdb-c40a133c0b47-groupManagement] INFO  server.RaftServerConfigKeys (ConfUtils.java:logGet(46)) - raft.server.threadpool.server.cached = true (default)
2024-08-10 09:46:30,634 [0d551621-3a78-470c-abdb-c40a133c0b47-groupManagement] INFO  server.RaftServerConfigKeys (ConfUtils.java:logGet(46)) - raft.server.threadpool.server.size = 0 (default)
2024-08-10 09:46:30,634 [0d551621-3a78-470c-abdb-c40a133c0b47-groupManagement] INFO  server.RaftServerConfigKeys (ConfUtils.java:logGet(46)) - raft.server.threadpool.client.cached = true (default)
2024-08-10 09:46:30,634 [0d551621-3a78-470c-abdb-c40a133c0b47-groupManagement] INFO  server.RaftServerConfigKeys (ConfUtils.java:logGet(46)) - raft.server.threadpool.client.size = 0 (default)
2024-08-10 09:46:30,634 [0d551621-3a78-470c-abdb-c40a133c0b47-groupManagement] INFO  server.RaftServerConfigKeys (ConfUtils.java:logGet(46)) - raft.server.storage.free-space.min = 0MB (=0) (default)
2024-08-10 09:46:30,634 [0d551621-3a78-470c-abdb-c40a133c0b47-groupManagement] INFO  server.RaftServerConfigKeys (ConfUtils.java:logGet(46)) - raft.server.log.corruption.policy = EXCEPTION (default)
2024-08-10 09:46:30,634 [0d551621-3a78-470c-abdb-c40a133c0b47-groupManagement] INFO  server.RaftServerConfigKeys (ConfUtils.java:logGet(46)) - raft.server.storage.dir = [/home/runner/work/ozone/ozone/hadoop-ozone/integration-test/target/test-dir/MiniOzoneClusterImpl-76eaf92f-9dff-4d21-993f-c9a35837815b/ozone-meta/datanode-3/ratis] (custom)
2024-08-10 09:46:30,635 [0d551621-3a78-470c-abdb-c40a133c0b47-groupManagement] INFO  storage.RaftStorageDirectory (RaftStorageDirectoryImpl.java:analyzeStorage(138)) - The storage directory /home/runner/work/ozone/ozone/hadoop-ozone/integration-test/target/test-dir/MiniOzoneClusterImpl-76eaf92f-9dff-4d21-993f-c9a35837815b/ozone-meta/datanode-3/ratis/d8b6da3e-4ef5-4f79-9fc3-a2590a4ce48a does not exist. Creating ...
2024-08-10 09:46:30,635 [0d551621-3a78-470c-abdb-c40a133c0b47-groupManagement] INFO  storage.RaftStorageDirectory (RaftStorageDirectoryImpl.java:tryLock(229)) - Lock on /home/runner/work/ozone/ozone/hadoop-ozone/integration-test/target/test-dir/MiniOzoneClusterImpl-76eaf92f-9dff-4d21-993f-c9a35837815b/ozone-meta/datanode-3/ratis/d8b6da3e-4ef5-4f79-9fc3-a2590a4ce48a/in_use.lock acquired by nodename 50124@fv-az701-157
2024-08-10 09:46:30,637 [0d551621-3a78-470c-abdb-c40a133c0b47-groupManagement] INFO  storage.RaftStorage (RaftStorageImpl.java:format(98)) - Storage directory /home/runner/work/ozone/ozone/hadoop-ozone/integration-test/target/test-dir/MiniOzoneClusterImpl-76eaf92f-9dff-4d21-993f-c9a35837815b/ozone-meta/datanode-3/ratis/d8b6da3e-4ef5-4f79-9fc3-a2590a4ce48a has been successfully formatted.
2024-08-10 09:46:30,637 [0d551621-3a78-470c-abdb-c40a133c0b47-groupManagement] INFO  ratis.ContainerStateMachine (ContainerStateMachine.java:loadSnapshot(287)) - group-A2590A4CE48A: The snapshot info is null. Setting the last applied index to:(t:0, i:~)
2024-08-10 09:46:30,637 [0d551621-3a78-470c-abdb-c40a133c0b47-groupManagement] INFO  server.RaftServerConfigKeys (ConfUtils.java:logGet(46)) - raft.server.log.use.memory = false (default)
2024-08-10 09:46:30,637 [0d551621-3a78-470c-abdb-c40a133c0b47-groupManagement] INFO  server.RaftServerConfigKeys (ConfUtils.java:logGet(46)) - raft.server.log.purge.gap = 1000000 (custom)
2024-08-10 09:46:30,637 [0d551621-3a78-470c-abdb-c40a133c0b47-groupManagement] INFO  server.RaftServerConfigKeys (ConfUtils.java:logGet(46)) - raft.server.log.appender.buffer.byte-limit = 8388608 (custom)
2024-08-10 09:46:30,637 [0d551621-3a78-470c-abdb-c40a133c0b47-groupManagement] INFO  server.RaftServerConfigKeys (ConfUtils.java:logGet(46)) - raft.server.log.statemachine.data.read.timeout = 1000ms (default)
2024-08-10 09:46:30,637 [0d551621-3a78-470c-abdb-c40a133c0b47-groupManagement] INFO  server.RaftServerConfigKeys (ConfUtils.java:logGet(46)) - raft.server.log.purge.preservation.log.num = 0 (default)
2024-08-10 09:46:30,638 [0d551621-3a78-470c-abdb-c40a133c0b47-groupManagement] INFO  server.RaftServerConfigKeys (ConfUtils.java:logGet(46)) - raft.server.log.segment.size.max = 67108864 (custom)
2024-08-10 09:46:30,638 [0d551621-3a78-470c-abdb-c40a133c0b47-groupManagement] INFO  server.RaftServerConfigKeys (ConfUtils.java:logGet(46)) - raft.server.log.segment.cache.num.max = 2 (custom)
2024-08-10 09:46:30,638 [0d551621-3a78-470c-abdb-c40a133c0b47-groupManagement] INFO  server.RaftServerConfigKeys (ConfUtils.java:logGet(46)) - raft.server.log.segment.cache.size.max = 200MB (=209715200) (default)
2024-08-10 09:46:30,638 [0d551621-3a78-470c-abdb-c40a133c0b47-groupManagement] INFO  server.RaftServerConfigKeys (ConfUtils.java:logGet(46)) - raft.server.log.appender.buffer.byte-limit = 8388608 (custom)
2024-08-10 09:46:30,638 [0d551621-3a78-470c-abdb-c40a133c0b47-groupManagement] INFO  util.AwaitToRun (AwaitToRun.java:start(81)) - Thread[0d551621-3a78-470c-abdb-c40a133c0b47@group-A2590A4CE48A-cacheEviction-AwaitToRun,5,main] started
2024-08-10 09:46:30,638 [0d551621-3a78-470c-abdb-c40a133c0b47-groupManagement] INFO  segmented.SegmentedRaftLogWorker (SegmentedRaftLogWorker.java:<init>(184)) - new 0d551621-3a78-470c-abdb-c40a133c0b47@group-A2590A4CE48A-SegmentedRaftLogWorker for RaftStorageImpl:Storage Directory /home/runner/work/ozone/ozone/hadoop-ozone/integration-test/target/test-dir/MiniOzoneClusterImpl-76eaf92f-9dff-4d21-993f-c9a35837815b/ozone-meta/datanode-3/ratis/d8b6da3e-4ef5-4f79-9fc3-a2590a4ce48a
2024-08-10 09:46:30,638 [0d551621-3a78-470c-abdb-c40a133c0b47-groupManagement] INFO  server.RaftServerConfigKeys (ConfUtils.java:logGet(46)) - raft.server.log.queue.byte-limit = 4294967296 (custom)
2024-08-10 09:46:30,638 [0d551621-3a78-470c-abdb-c40a133c0b47-groupManagement] INFO  server.RaftServerConfigKeys (ConfUtils.java:logGet(46)) - raft.server.log.queue.element-limit = 1024 (custom)
2024-08-10 09:46:30,639 [0d551621-3a78-470c-abdb-c40a133c0b47-groupManagement] INFO  server.RaftServerConfigKeys (ConfUtils.java:logGet(46)) - raft.server.log.segment.size.max = 67108864 (custom)
2024-08-10 09:46:30,639 [0d551621-3a78-470c-abdb-c40a133c0b47-groupManagement] INFO  server.RaftServerConfigKeys (ConfUtils.java:logGet(46)) - raft.server.log.preallocated.size = 4194304 (custom)
2024-08-10 09:46:30,639 [0d551621-3a78-470c-abdb-c40a133c0b47-groupManagement] INFO  server.RaftServerConfigKeys (ConfUtils.java:logGet(46)) - raft.server.log.force.sync.num = 128 (default)
2024-08-10 09:46:30,639 [0d551621-3a78-470c-abdb-c40a133c0b47-groupManagement] INFO  server.RaftServerConfigKeys (ConfUtils.java:logGet(46)) - raft.server.log.statemachine.data.sync = true (default)
2024-08-10 09:46:30,639 [0d551621-3a78-470c-abdb-c40a133c0b47-groupManagement] INFO  server.RaftServerConfigKeys (ConfUtils.java:logGet(46)) - raft.server.log.statemachine.data.sync.timeout = 10s (default)
2024-08-10 09:46:30,639 [0d551621-3a78-470c-abdb-c40a133c0b47-groupManagement] INFO  server.RaftServerConfigKeys (ConfUtils.java:logGet(46)) - raft.server.log.statemachine.data.sync.timeout.retry = 30 (custom)
2024-08-10 09:46:30,639 [0d551621-3a78-470c-abdb-c40a133c0b47-groupManagement] INFO  server.RaftServerConfigKeys (ConfUtils.java:logGet(46)) - raft.server.log.write.buffer.size = 8388616 (custom)
2024-08-10 09:46:30,640 [0d551621-3a78-470c-abdb-c40a133c0b47-groupManagement] INFO  server.RaftServerConfigKeys (ConfUtils.java:logGet(46)) - raft.server.log.appender.buffer.byte-limit = 8388608 (custom)
2024-08-10 09:46:30,640 [0d551621-3a78-470c-abdb-c40a133c0b47-groupManagement] INFO  server.RaftServerConfigKeys (ConfUtils.java:logGet(46)) - raft.server.log.unsafe-flush.enabled = false (default)
2024-08-10 09:46:30,641 [0d551621-3a78-470c-abdb-c40a133c0b47-groupManagement] INFO  server.RaftServerConfigKeys (ConfUtils.java:logGet(46)) - raft.server.log.async-flush.enabled = false (default)
2024-08-10 09:46:30,641 [0d551621-3a78-470c-abdb-c40a133c0b47-groupManagement] INFO  server.RaftServerConfigKeys (ConfUtils.java:logGet(46)) - raft.server.log.statemachine.data.caching.enabled = true (custom)
2024-08-10 09:46:30,641 [0d551621-3a78-470c-abdb-c40a133c0b47-groupManagement] INFO  segmented.SegmentedRaftLogWorker (SegmentedRaftLogWorker.java:lambda$new$0(135)) - 0d551621-3a78-470c-abdb-c40a133c0b47@group-A2590A4CE48A-SegmentedRaftLogWorker: flushIndex: setUnconditionally 0 -> -1
2024-08-10 09:46:30,641 [0d551621-3a78-470c-abdb-c40a133c0b47-groupManagement] INFO  segmented.SegmentedRaftLogWorker (SegmentedRaftLogWorker.java:lambda$new$0(135)) - 0d551621-3a78-470c-abdb-c40a133c0b47@group-A2590A4CE48A-SegmentedRaftLogWorker: safeCacheEvictIndex: setUnconditionally 0 -> -1
2024-08-10 09:46:30,641 [0d551621-3a78-470c-abdb-c40a133c0b47-groupManagement] INFO  server.RaftServer$Division (RaftServerImpl.java:start(389)) - 0d551621-3a78-470c-abdb-c40a133c0b47@group-A2590A4CE48A: start as a follower, conf=conf: {index: -1, cur=peers:[0d551621-3a78-470c-abdb-c40a133c0b47|127.0.0.1:15560, bc9bd5ba-19eb-4eb9-bb97-9549088a2cda|127.0.0.1:15551, 2de4195a-f779-4305-af6f-892378b3f55f|127.0.0.1:15542]|listeners:[], old=null}
2024-08-10 09:46:30,641 [0d551621-3a78-470c-abdb-c40a133c0b47-groupManagement] INFO  server.RaftServer$Division (RaftServerImpl.java:setRole(376)) - 0d551621-3a78-470c-abdb-c40a133c0b47@group-A2590A4CE48A: changes role from      null to FOLLOWER at term 0 for startAsFollower
2024-08-10 09:46:30,641 [0d551621-3a78-470c-abdb-c40a133c0b47-groupManagement] INFO  impl.RoleInfo (RoleInfo.java:updateAndGet(148)) - 0d551621-3a78-470c-abdb-c40a133c0b47: start 0d551621-3a78-470c-abdb-c40a133c0b47@group-A2590A4CE48A-FollowerState
2024-08-10 09:46:30,641 [0d551621-3a78-470c-abdb-c40a133c0b47-groupManagement] INFO  util.JmxRegister (JmxRegister.java:tryRegister(44)) - Successfully registered JMX Bean with object name Ratis:service=RaftServer,group=group-A2590A4CE48A,id=0d551621-3a78-470c-abdb-c40a133c0b47
2024-08-10 09:46:30,641 [0d551621-3a78-470c-abdb-c40a133c0b47-groupManagement] INFO  util.JmxRegister (JmxRegister.java:register(58)) - register mxBean class org.apache.ratis.server.impl.RaftServerJmxAdapter as Ratis:service=RaftServer,group=group-A2590A4CE48A,id=0d551621-3a78-470c-abdb-c40a133c0b47
2024-08-10 09:46:30,641 [0d551621-3a78-470c-abdb-c40a133c0b47-groupManagement] INFO  server.RaftServerConfigKeys (ConfUtils.java:logGet(46)) - raft.server.snapshot.trigger-when-stop.enabled = true (default)
2024-08-10 09:46:30,641 [0d551621-3a78-470c-abdb-c40a133c0b47-groupManagement] INFO  server.RaftServerConfigKeys (ConfUtils.java:logGet(46)) - raft.server.snapshot.trigger-when-remove.enabled = true (default)
2024-08-10 09:46:30,641 [0d551621-3a78-470c-abdb-c40a133c0b47-groupManagement] INFO  server.RaftServerConfigKeys (ConfUtils.java:logGet(46)) - raft.server.snapshot.auto.trigger.enabled = true (custom)
2024-08-10 09:46:30,641 [0d551621-3a78-470c-abdb-c40a133c0b47-groupManagement] INFO  server.RaftServerConfigKeys (ConfUtils.java:logGet(46)) - raft.server.snapshot.auto.trigger.threshold = 10000 (custom)
2024-08-10 09:46:30,641 [0d551621-3a78-470c-abdb-c40a133c0b47-groupManagement] INFO  server.RaftServerConfigKeys (ConfUtils.java:logGet(46)) - raft.server.snapshot.retention.file.num = 5 (custom)
2024-08-10 09:46:30,641 [0d551621-3a78-470c-abdb-c40a133c0b47-groupManagement] INFO  server.RaftServerConfigKeys (ConfUtils.java:logGet(46)) - raft.server.log.purge.upto.snapshot.index = false (default)
2024-08-10 09:46:30,642 [0d551621-3a78-470c-abdb-c40a133c0b47@group-A2590A4CE48A-FollowerState] INFO  server.RaftServerConfigKeys (ConfUtils.java:logFallback(53)) - raft.server.rpc.first-election.timeout.min = 5s (fallback to raft.server.rpc.timeout.min)
2024-08-10 09:46:30,642 [0d551621-3a78-470c-abdb-c40a133c0b47@group-A2590A4CE48A-FollowerState] INFO  server.RaftServerConfigKeys (ConfUtils.java:logFallback(53)) - raft.server.rpc.first-election.timeout.max = 5200ms (fallback to raft.server.rpc.timeout.max)
2024-08-10 09:46:30,649 [2de4195a-f779-4305-af6f-892378b3f55f-PipelineCommandHandlerThread-0] INFO  commandhandler.CreatePipelineCommandHandler (CreatePipelineCommandHandler.java:lambda$handle$2(124)) - Created Pipeline RATIS THREE PipelineID=d8b6da3e-4ef5-4f79-9fc3-a2590a4ce48a.
2024-08-10 09:46:30,730 [bc9bd5ba-19eb-4eb9-bb97-9549088a2cda-PipelineCommandHandlerThread-0] INFO  server.RaftServer (RaftServerProxy.java:addNew(101)) - bc9bd5ba-19eb-4eb9-bb97-9549088a2cda: addNew group-93FE19252A7E:[bc9bd5ba-19eb-4eb9-bb97-9549088a2cda|127.0.0.1:15551] returns group-93FE19252A7E:java.util.concurrent.CompletableFuture@5b6325c2[Not completed]
2024-08-10 09:46:30,731 [bc9bd5ba-19eb-4eb9-bb97-9549088a2cda-groupManagement] INFO  server.RaftServer$Division (RaftServerImpl.java:<init>(253)) - bc9bd5ba-19eb-4eb9-bb97-9549088a2cda: new RaftServerImpl for group-93FE19252A7E:[bc9bd5ba-19eb-4eb9-bb97-9549088a2cda|127.0.0.1:15551] with ContainerStateMachine:uninitialized
2024-08-10 09:46:30,731 [bc9bd5ba-19eb-4eb9-bb97-9549088a2cda-groupManagement] INFO  server.RaftServerConfigKeys (ConfUtils.java:logGet(46)) - raft.server.rpc.timeout.min = 5s (custom)
2024-08-10 09:46:30,731 [bc9bd5ba-19eb-4eb9-bb97-9549088a2cda-groupManagement] INFO  server.RaftServerConfigKeys (ConfUtils.java:logGet(46)) - raft.server.rpc.timeout.max = 5200ms (custom)
2024-08-10 09:46:30,731 [bc9bd5ba-19eb-4eb9-bb97-9549088a2cda-groupManagement] INFO  server.RaftServerConfigKeys (ConfUtils.java:logGet(46)) - raft.server.rpc.sleep.time = 25ms (default)
2024-08-10 09:46:30,731 [bc9bd5ba-19eb-4eb9-bb97-9549088a2cda-groupManagement] INFO  server.RaftServerConfigKeys (ConfUtils.java:logGet(46)) - raft.server.rpc.slowness.timeout = 300000ms (custom)
2024-08-10 09:46:30,731 [bc9bd5ba-19eb-4eb9-bb97-9549088a2cda-groupManagement] INFO  server.RaftServerConfigKeys (ConfUtils.java:logGet(46)) - raft.server.leaderelection.leader.step-down.wait-time = 10s (default)
2024-08-10 09:46:30,731 [bc9bd5ba-19eb-4eb9-bb97-9549088a2cda-groupManagement] INFO  server.RaftServerConfigKeys (ConfUtils.java:logGet(46)) - raft.server.leaderelection.member.majority-add = false (default)
2024-08-10 09:46:30,731 [bc9bd5ba-19eb-4eb9-bb97-9549088a2cda-groupManagement] INFO  server.RaftServerConfigKeys (ConfUtils.java:logGet(46)) - raft.server.sleep.deviation.threshold = 300ms (default)
2024-08-10 09:46:30,731 [bc9bd5ba-19eb-4eb9-bb97-9549088a2cda-groupManagement] INFO  server.RaftServer$Division (ServerState.java:<init>(114)) - bc9bd5ba-19eb-4eb9-bb97-9549088a2cda@group-93FE19252A7E: ConfigurationManager, init=conf: {index: -1, cur=peers:[bc9bd5ba-19eb-4eb9-bb97-9549088a2cda|127.0.0.1:15551]|listeners:[], old=null}, confs=<EMPTY_MAP>
2024-08-10 09:46:30,731 [bc9bd5ba-19eb-4eb9-bb97-9549088a2cda-groupManagement] INFO  server.RaftServerConfigKeys (ConfUtils.java:logGet(46)) - raft.server.notification.no-leader.timeout = 300000ms (custom)
2024-08-10 09:46:30,731 [bc9bd5ba-19eb-4eb9-bb97-9549088a2cda-groupManagement] INFO  server.RaftServerConfigKeys (ConfUtils.java:logGet(46)) - raft.server.read.timeout = 10s (default)
2024-08-10 09:46:30,731 [bc9bd5ba-19eb-4eb9-bb97-9549088a2cda-groupManagement] INFO  server.RaftServerConfigKeys (ConfUtils.java:logGet(46)) - raft.server.retrycache.expirytime = 600000ms (custom)
2024-08-10 09:46:30,731 [bc9bd5ba-19eb-4eb9-bb97-9549088a2cda-groupManagement] INFO  server.RaftServerConfigKeys (ConfUtils.java:logGet(46)) - raft.server.retrycache.statistics.expirytime = 100ms (default)
2024-08-10 09:46:30,732 [bc9bd5ba-19eb-4eb9-bb97-9549088a2cda-groupManagement] INFO  server.RaftServerConfigKeys (ConfUtils.java:logGet(46)) - raft.server.read.option = DEFAULT (default)
2024-08-10 09:46:30,732 [bc9bd5ba-19eb-4eb9-bb97-9549088a2cda-groupManagement] INFO  server.RaftServerConfigKeys (ConfUtils.java:logGet(46)) - raft.server.read.read-after-write-consistent.write-index-cache.expiry-time = 60s (default)
2024-08-10 09:46:30,733 [bc9bd5ba-19eb-4eb9-bb97-9549088a2cda-groupManagement] INFO  server.RaftServerConfigKeys (ConfUtils.java:logGet(46)) - raft.server.rpc.request.timeout = 3000ms (default)
2024-08-10 09:46:30,733 [bc9bd5ba-19eb-4eb9-bb97-9549088a2cda-groupManagement] INFO  server.RaftServerConfigKeys (ConfUtils.java:logGet(46)) - raft.server.log.appender.install.snapshot.enabled = false (custom)
2024-08-10 09:46:30,733 [bc9bd5ba-19eb-4eb9-bb97-9549088a2cda-groupManagement] INFO  server.RaftServerConfigKeys (ConfUtils.java:logGet(46)) - raft.server.threadpool.server.cached = true (default)
2024-08-10 09:46:30,733 [bc9bd5ba-19eb-4eb9-bb97-9549088a2cda-groupManagement] INFO  server.RaftServerConfigKeys (ConfUtils.java:logGet(46)) - raft.server.threadpool.server.size = 0 (default)
2024-08-10 09:46:30,733 [bc9bd5ba-19eb-4eb9-bb97-9549088a2cda-groupManagement] INFO  server.RaftServerConfigKeys (ConfUtils.java:logGet(46)) - raft.server.threadpool.client.cached = true (default)
2024-08-10 09:46:30,733 [bc9bd5ba-19eb-4eb9-bb97-9549088a2cda-groupManagement] INFO  server.RaftServerConfigKeys (ConfUtils.java:logGet(46)) - raft.server.threadpool.client.size = 0 (default)
2024-08-10 09:46:30,733 [bc9bd5ba-19eb-4eb9-bb97-9549088a2cda-groupManagement] INFO  server.RaftServerConfigKeys (ConfUtils.java:logGet(46)) - raft.server.storage.free-space.min = 0MB (=0) (default)
2024-08-10 09:46:30,733 [bc9bd5ba-19eb-4eb9-bb97-9549088a2cda-groupManagement] INFO  server.RaftServerConfigKeys (ConfUtils.java:logGet(46)) - raft.server.log.corruption.policy = EXCEPTION (default)
2024-08-10 09:46:30,733 [bc9bd5ba-19eb-4eb9-bb97-9549088a2cda-groupManagement] INFO  server.RaftServerConfigKeys (ConfUtils.java:logGet(46)) - raft.server.storage.dir = [/home/runner/work/ozone/ozone/hadoop-ozone/integration-test/target/test-dir/MiniOzoneClusterImpl-76eaf92f-9dff-4d21-993f-c9a35837815b/ozone-meta/datanode-2/ratis] (custom)
2024-08-10 09:46:30,733 [bc9bd5ba-19eb-4eb9-bb97-9549088a2cda-groupManagement] INFO  storage.RaftStorageDirectory (RaftStorageDirectoryImpl.java:analyzeStorage(138)) - The storage directory /home/runner/work/ozone/ozone/hadoop-ozone/integration-test/target/test-dir/MiniOzoneClusterImpl-76eaf92f-9dff-4d21-993f-c9a35837815b/ozone-meta/datanode-2/ratis/90393f32-55d7-4999-b748-93fe19252a7e does not exist. Creating ...
2024-08-10 09:46:30,734 [bc9bd5ba-19eb-4eb9-bb97-9549088a2cda-groupManagement] INFO  storage.RaftStorageDirectory (RaftStorageDirectoryImpl.java:tryLock(229)) - Lock on /home/runner/work/ozone/ozone/hadoop-ozone/integration-test/target/test-dir/MiniOzoneClusterImpl-76eaf92f-9dff-4d21-993f-c9a35837815b/ozone-meta/datanode-2/ratis/90393f32-55d7-4999-b748-93fe19252a7e/in_use.lock acquired by nodename 50124@fv-az701-157
2024-08-10 09:46:30,736 [bc9bd5ba-19eb-4eb9-bb97-9549088a2cda-groupManagement] INFO  storage.RaftStorage (RaftStorageImpl.java:format(98)) - Storage directory /home/runner/work/ozone/ozone/hadoop-ozone/integration-test/target/test-dir/MiniOzoneClusterImpl-76eaf92f-9dff-4d21-993f-c9a35837815b/ozone-meta/datanode-2/ratis/90393f32-55d7-4999-b748-93fe19252a7e has been successfully formatted.
2024-08-10 09:46:30,736 [bc9bd5ba-19eb-4eb9-bb97-9549088a2cda-groupManagement] INFO  ratis.ContainerStateMachine (ContainerStateMachine.java:loadSnapshot(287)) - group-93FE19252A7E: The snapshot info is null. Setting the last applied index to:(t:0, i:~)
2024-08-10 09:46:30,736 [bc9bd5ba-19eb-4eb9-bb97-9549088a2cda-groupManagement] INFO  server.RaftServerConfigKeys (ConfUtils.java:logGet(46)) - raft.server.log.use.memory = false (default)
2024-08-10 09:46:30,736 [bc9bd5ba-19eb-4eb9-bb97-9549088a2cda-groupManagement] INFO  server.RaftServerConfigKeys (ConfUtils.java:logGet(46)) - raft.server.log.purge.gap = 1000000 (custom)
2024-08-10 09:46:30,736 [bc9bd5ba-19eb-4eb9-bb97-9549088a2cda-groupManagement] INFO  server.RaftServerConfigKeys (ConfUtils.java:logGet(46)) - raft.server.log.appender.buffer.byte-limit = 8388608 (custom)
2024-08-10 09:46:30,736 [bc9bd5ba-19eb-4eb9-bb97-9549088a2cda-groupManagement] INFO  server.RaftServerConfigKeys (ConfUtils.java:logGet(46)) - raft.server.log.statemachine.data.read.timeout = 1000ms (default)
2024-08-10 09:46:30,736 [bc9bd5ba-19eb-4eb9-bb97-9549088a2cda-groupManagement] INFO  server.RaftServerConfigKeys (ConfUtils.java:logGet(46)) - raft.server.log.purge.preservation.log.num = 0 (default)
2024-08-10 09:46:30,737 [EventQueue-PipelineReportForPipelineReportHandler] INFO  pipeline.PipelineReportHandler (PipelineReportHandler.java:processPipelineReport(136)) - Opened pipeline PipelineID=90393f32-55d7-4999-b748-93fe19252a7e
2024-08-10 09:46:30,737 [EventQueue-OpenPipelineForHealthyPipelineSafeModeRule] INFO  safemode.SCMSafeModeManager (HealthyPipelineSafeModeRule.java:process(140)) - SCM in safe mode. Healthy pipelines reported count is 0, required healthy pipeline reported count is 1
2024-08-10 09:46:30,737 [bc9bd5ba-19eb-4eb9-bb97-9549088a2cda-groupManagement] INFO  server.RaftServerConfigKeys (ConfUtils.java:logGet(46)) - raft.server.log.segment.size.max = 67108864 (custom)
2024-08-10 09:46:30,737 [bc9bd5ba-19eb-4eb9-bb97-9549088a2cda-groupManagement] INFO  server.RaftServerConfigKeys (ConfUtils.java:logGet(46)) - raft.server.log.segment.cache.num.max = 2 (custom)
2024-08-10 09:46:30,737 [bc9bd5ba-19eb-4eb9-bb97-9549088a2cda-groupManagement] INFO  server.RaftServerConfigKeys (ConfUtils.java:logGet(46)) - raft.server.log.segment.cache.size.max = 200MB (=209715200) (default)
2024-08-10 09:46:30,737 [bc9bd5ba-19eb-4eb9-bb97-9549088a2cda-groupManagement] INFO  server.RaftServerConfigKeys (ConfUtils.java:logGet(46)) - raft.server.log.appender.buffer.byte-limit = 8388608 (custom)
2024-08-10 09:46:30,737 [bc9bd5ba-19eb-4eb9-bb97-9549088a2cda-groupManagement] INFO  util.AwaitToRun (AwaitToRun.java:start(81)) - Thread[bc9bd5ba-19eb-4eb9-bb97-9549088a2cda@group-93FE19252A7E-cacheEviction-AwaitToRun,5,main] started
2024-08-10 09:46:30,738 [bc9bd5ba-19eb-4eb9-bb97-9549088a2cda-groupManagement] INFO  segmented.SegmentedRaftLogWorker (SegmentedRaftLogWorker.java:<init>(184)) - new bc9bd5ba-19eb-4eb9-bb97-9549088a2cda@group-93FE19252A7E-SegmentedRaftLogWorker for RaftStorageImpl:Storage Directory /home/runner/work/ozone/ozone/hadoop-ozone/integration-test/target/test-dir/MiniOzoneClusterImpl-76eaf92f-9dff-4d21-993f-c9a35837815b/ozone-meta/datanode-2/ratis/90393f32-55d7-4999-b748-93fe19252a7e
2024-08-10 09:46:30,738 [bc9bd5ba-19eb-4eb9-bb97-9549088a2cda-groupManagement] INFO  server.RaftServerConfigKeys (ConfUtils.java:logGet(46)) - raft.server.log.queue.byte-limit = 4294967296 (custom)
2024-08-10 09:46:30,738 [bc9bd5ba-19eb-4eb9-bb97-9549088a2cda-groupManagement] INFO  server.RaftServerConfigKeys (ConfUtils.java:logGet(46)) - raft.server.log.queue.element-limit = 1024 (custom)
2024-08-10 09:46:30,738 [bc9bd5ba-19eb-4eb9-bb97-9549088a2cda-groupManagement] INFO  server.RaftServerConfigKeys (ConfUtils.java:logGet(46)) - raft.server.log.segment.size.max = 67108864 (custom)
2024-08-10 09:46:30,738 [bc9bd5ba-19eb-4eb9-bb97-9549088a2cda-groupManagement] INFO  server.RaftServerConfigKeys (ConfUtils.java:logGet(46)) - raft.server.log.preallocated.size = 4194304 (custom)
2024-08-10 09:46:30,738 [bc9bd5ba-19eb-4eb9-bb97-9549088a2cda-groupManagement] INFO  server.RaftServerConfigKeys (ConfUtils.java:logGet(46)) - raft.server.log.force.sync.num = 128 (default)
2024-08-10 09:46:30,738 [bc9bd5ba-19eb-4eb9-bb97-9549088a2cda-groupManagement] INFO  server.RaftServerConfigKeys (ConfUtils.java:logGet(46)) - raft.server.log.statemachine.data.sync = true (default)
2024-08-10 09:46:30,738 [bc9bd5ba-19eb-4eb9-bb97-9549088a2cda-groupManagement] INFO  server.RaftServerConfigKeys (ConfUtils.java:logGet(46)) - raft.server.log.statemachine.data.sync.timeout = 10s (default)
2024-08-10 09:46:30,738 [bc9bd5ba-19eb-4eb9-bb97-9549088a2cda-groupManagement] INFO  server.RaftServerConfigKeys (ConfUtils.java:logGet(46)) - raft.server.log.statemachine.data.sync.timeout.retry = 30 (custom)
2024-08-10 09:46:30,738 [bc9bd5ba-19eb-4eb9-bb97-9549088a2cda-groupManagement] INFO  server.RaftServerConfigKeys (ConfUtils.java:logGet(46)) - raft.server.log.write.buffer.size = 8388616 (custom)
2024-08-10 09:46:30,739 [bc9bd5ba-19eb-4eb9-bb97-9549088a2cda-groupManagement] INFO  server.RaftServerConfigKeys (ConfUtils.java:logGet(46)) - raft.server.log.appender.buffer.byte-limit = 8388608 (custom)
2024-08-10 09:46:30,739 [bc9bd5ba-19eb-4eb9-bb97-9549088a2cda-groupManagement] INFO  server.RaftServerConfigKeys (ConfUtils.java:logGet(46)) - raft.server.log.unsafe-flush.enabled = false (default)
2024-08-10 09:46:30,739 [bc9bd5ba-19eb-4eb9-bb97-9549088a2cda-groupManagement] INFO  server.RaftServerConfigKeys (ConfUtils.java:logGet(46)) - raft.server.log.async-flush.enabled = false (default)
2024-08-10 09:46:30,739 [bc9bd5ba-19eb-4eb9-bb97-9549088a2cda-groupManagement] INFO  server.RaftServerConfigKeys (ConfUtils.java:logGet(46)) - raft.server.log.statemachine.data.caching.enabled = true (custom)
2024-08-10 09:46:30,739 [bc9bd5ba-19eb-4eb9-bb97-9549088a2cda-groupManagement] INFO  segmented.SegmentedRaftLogWorker (SegmentedRaftLogWorker.java:lambda$new$0(135)) - bc9bd5ba-19eb-4eb9-bb97-9549088a2cda@group-93FE19252A7E-SegmentedRaftLogWorker: flushIndex: setUnconditionally 0 -> -1
2024-08-10 09:46:30,739 [bc9bd5ba-19eb-4eb9-bb97-9549088a2cda-groupManagement] INFO  segmented.SegmentedRaftLogWorker (SegmentedRaftLogWorker.java:lambda$new$0(135)) - bc9bd5ba-19eb-4eb9-bb97-9549088a2cda@group-93FE19252A7E-SegmentedRaftLogWorker: safeCacheEvictIndex: setUnconditionally 0 -> -1
2024-08-10 09:46:30,739 [bc9bd5ba-19eb-4eb9-bb97-9549088a2cda-groupManagement] INFO  server.RaftServer$Division (RaftServerImpl.java:start(389)) - bc9bd5ba-19eb-4eb9-bb97-9549088a2cda@group-93FE19252A7E: start as a follower, conf=conf: {index: -1, cur=peers:[bc9bd5ba-19eb-4eb9-bb97-9549088a2cda|127.0.0.1:15551]|listeners:[], old=null}
2024-08-10 09:46:30,739 [bc9bd5ba-19eb-4eb9-bb97-9549088a2cda-groupManagement] INFO  server.RaftServer$Division (RaftServerImpl.java:setRole(376)) - bc9bd5ba-19eb-4eb9-bb97-9549088a2cda@group-93FE19252A7E: changes role from      null to FOLLOWER at term 0 for startAsFollower
2024-08-10 09:46:30,739 [bc9bd5ba-19eb-4eb9-bb97-9549088a2cda-groupManagement] INFO  impl.RoleInfo (RoleInfo.java:updateAndGet(148)) - bc9bd5ba-19eb-4eb9-bb97-9549088a2cda: start bc9bd5ba-19eb-4eb9-bb97-9549088a2cda@group-93FE19252A7E-FollowerState
2024-08-10 09:46:30,739 [bc9bd5ba-19eb-4eb9-bb97-9549088a2cda@group-93FE19252A7E-FollowerState] INFO  server.RaftServerConfigKeys (ConfUtils.java:logFallback(53)) - raft.server.rpc.first-election.timeout.min = 5s (fallback to raft.server.rpc.timeout.min)
2024-08-10 09:46:30,740 [bc9bd5ba-19eb-4eb9-bb97-9549088a2cda@group-93FE19252A7E-FollowerState] INFO  server.RaftServerConfigKeys (ConfUtils.java:logFallback(53)) - raft.server.rpc.first-election.timeout.max = 5200ms (fallback to raft.server.rpc.timeout.max)
2024-08-10 09:46:30,739 [bc9bd5ba-19eb-4eb9-bb97-9549088a2cda-groupManagement] INFO  util.JmxRegister (JmxRegister.java:tryRegister(44)) - Successfully registered JMX Bean with object name Ratis:service=RaftServer,group=group-93FE19252A7E,id=bc9bd5ba-19eb-4eb9-bb97-9549088a2cda
2024-08-10 09:46:30,740 [bc9bd5ba-19eb-4eb9-bb97-9549088a2cda-groupManagement] INFO  util.JmxRegister (JmxRegister.java:register(58)) - register mxBean class org.apache.ratis.server.impl.RaftServerJmxAdapter as Ratis:service=RaftServer,group=group-93FE19252A7E,id=bc9bd5ba-19eb-4eb9-bb97-9549088a2cda
2024-08-10 09:46:30,740 [bc9bd5ba-19eb-4eb9-bb97-9549088a2cda-groupManagement] INFO  server.RaftServerConfigKeys (ConfUtils.java:logGet(46)) - raft.server.snapshot.trigger-when-stop.enabled = true (default)
2024-08-10 09:46:30,740 [bc9bd5ba-19eb-4eb9-bb97-9549088a2cda-groupManagement] INFO  server.RaftServerConfigKeys (ConfUtils.java:logGet(46)) - raft.server.snapshot.trigger-when-remove.enabled = true (default)
2024-08-10 09:46:30,740 [bc9bd5ba-19eb-4eb9-bb97-9549088a2cda-groupManagement] INFO  server.RaftServerConfigKeys (ConfUtils.java:logGet(46)) - raft.server.snapshot.auto.trigger.enabled = true (custom)
2024-08-10 09:46:30,740 [bc9bd5ba-19eb-4eb9-bb97-9549088a2cda-groupManagement] INFO  server.RaftServerConfigKeys (ConfUtils.java:logGet(46)) - raft.server.snapshot.auto.trigger.threshold = 10000 (custom)
2024-08-10 09:46:30,740 [bc9bd5ba-19eb-4eb9-bb97-9549088a2cda-groupManagement] INFO  server.RaftServerConfigKeys (ConfUtils.java:logGet(46)) - raft.server.snapshot.retention.file.num = 5 (custom)
2024-08-10 09:46:30,740 [bc9bd5ba-19eb-4eb9-bb97-9549088a2cda-groupManagement] INFO  server.RaftServerConfigKeys (ConfUtils.java:logGet(46)) - raft.server.log.purge.upto.snapshot.index = false (default)
2024-08-10 09:46:30,740 [bc9bd5ba-19eb-4eb9-bb97-9549088a2cda-PipelineCommandHandlerThread-0] INFO  ratis.XceiverServerRatis (XceiverServerRatis.java:addGroup(846)) - Created group PipelineID=90393f32-55d7-4999-b748-93fe19252a7e
2024-08-10 09:46:30,740 [bc9bd5ba-19eb-4eb9-bb97-9549088a2cda-PipelineCommandHandlerThread-0] INFO  commandhandler.CreatePipelineCommandHandler (CreatePipelineCommandHandler.java:lambda$handle$2(124)) - Created Pipeline RATIS ONE PipelineID=90393f32-55d7-4999-b748-93fe19252a7e.
2024-08-10 09:46:30,959 [0d551621-3a78-470c-abdb-c40a133c0b47-PipelineCommandHandlerThread-0] INFO  server.RaftServer (RaftServerProxy.java:addNew(101)) - 0d551621-3a78-470c-abdb-c40a133c0b47: addNew group-9D311F7289E9:[0d551621-3a78-470c-abdb-c40a133c0b47|127.0.0.1:15560] returns group-9D311F7289E9:java.util.concurrent.CompletableFuture@572779a2[Not completed]
2024-08-10 09:46:30,959 [0d551621-3a78-470c-abdb-c40a133c0b47-groupManagement] INFO  server.RaftServer$Division (RaftServerImpl.java:<init>(253)) - 0d551621-3a78-470c-abdb-c40a133c0b47: new RaftServerImpl for group-9D311F7289E9:[0d551621-3a78-470c-abdb-c40a133c0b47|127.0.0.1:15560] with ContainerStateMachine:uninitialized
2024-08-10 09:46:30,959 [0d551621-3a78-470c-abdb-c40a133c0b47-groupManagement] INFO  server.RaftServerConfigKeys (ConfUtils.java:logGet(46)) - raft.server.rpc.timeout.min = 5s (custom)
2024-08-10 09:46:30,960 [0d551621-3a78-470c-abdb-c40a133c0b47-groupManagement] INFO  server.RaftServerConfigKeys (ConfUtils.java:logGet(46)) - raft.server.rpc.timeout.max = 5200ms (custom)
2024-08-10 09:46:30,960 [0d551621-3a78-470c-abdb-c40a133c0b47-groupManagement] INFO  server.RaftServerConfigKeys (ConfUtils.java:logGet(46)) - raft.server.rpc.sleep.time = 25ms (default)
2024-08-10 09:46:30,960 [0d551621-3a78-470c-abdb-c40a133c0b47-groupManagement] INFO  server.RaftServerConfigKeys (ConfUtils.java:logGet(46)) - raft.server.rpc.slowness.timeout = 300000ms (custom)
2024-08-10 09:46:30,960 [0d551621-3a78-470c-abdb-c40a133c0b47-groupManagement] INFO  server.RaftServerConfigKeys (ConfUtils.java:logGet(46)) - raft.server.leaderelection.leader.step-down.wait-time = 10s (default)
2024-08-10 09:46:30,960 [0d551621-3a78-470c-abdb-c40a133c0b47-groupManagement] INFO  server.RaftServerConfigKeys (ConfUtils.java:logGet(46)) - raft.server.leaderelection.member.majority-add = false (default)
2024-08-10 09:46:30,960 [0d551621-3a78-470c-abdb-c40a133c0b47-groupManagement] INFO  server.RaftServerConfigKeys (ConfUtils.java:logGet(46)) - raft.server.sleep.deviation.threshold = 300ms (default)
2024-08-10 09:46:30,960 [0d551621-3a78-470c-abdb-c40a133c0b47-groupManagement] INFO  server.RaftServer$Division (ServerState.java:<init>(114)) - 0d551621-3a78-470c-abdb-c40a133c0b47@group-9D311F7289E9: ConfigurationManager, init=conf: {index: -1, cur=peers:[0d551621-3a78-470c-abdb-c40a133c0b47|127.0.0.1:15560]|listeners:[], old=null}, confs=<EMPTY_MAP>
2024-08-10 09:46:30,960 [0d551621-3a78-470c-abdb-c40a133c0b47-groupManagement] INFO  server.RaftServerConfigKeys (ConfUtils.java:logGet(46)) - raft.server.notification.no-leader.timeout = 300000ms (custom)
2024-08-10 09:46:30,960 [0d551621-3a78-470c-abdb-c40a133c0b47-groupManagement] INFO  server.RaftServerConfigKeys (ConfUtils.java:logGet(46)) - raft.server.read.timeout = 10s (default)
2024-08-10 09:46:30,960 [0d551621-3a78-470c-abdb-c40a133c0b47-groupManagement] INFO  server.RaftServerConfigKeys (ConfUtils.java:logGet(46)) - raft.server.retrycache.expirytime = 600000ms (custom)
2024-08-10 09:46:30,960 [0d551621-3a78-470c-abdb-c40a133c0b47-groupManagement] INFO  server.RaftServerConfigKeys (ConfUtils.java:logGet(46)) - raft.server.retrycache.statistics.expirytime = 100ms (default)
2024-08-10 09:46:30,960 [0d551621-3a78-470c-abdb-c40a133c0b47-groupManagement] INFO  server.RaftServerConfigKeys (ConfUtils.java:logGet(46)) - raft.server.read.option = DEFAULT (default)
2024-08-10 09:46:30,960 [0d551621-3a78-470c-abdb-c40a133c0b47-groupManagement] INFO  server.RaftServerConfigKeys (ConfUtils.java:logGet(46)) - raft.server.read.read-after-write-consistent.write-index-cache.expiry-time = 60s (default)
2024-08-10 09:46:30,961 [0d551621-3a78-470c-abdb-c40a133c0b47-groupManagement] INFO  server.RaftServerConfigKeys (ConfUtils.java:logGet(46)) - raft.server.rpc.request.timeout = 3000ms (default)
2024-08-10 09:46:30,961 [0d551621-3a78-470c-abdb-c40a133c0b47-groupManagement] INFO  server.RaftServerConfigKeys (ConfUtils.java:logGet(46)) - raft.server.log.appender.install.snapshot.enabled = false (custom)
2024-08-10 09:46:30,961 [0d551621-3a78-470c-abdb-c40a133c0b47-groupManagement] INFO  server.RaftServerConfigKeys (ConfUtils.java:logGet(46)) - raft.server.threadpool.server.cached = true (default)
2024-08-10 09:46:30,961 [0d551621-3a78-470c-abdb-c40a133c0b47-groupManagement] INFO  server.RaftServerConfigKeys (ConfUtils.java:logGet(46)) - raft.server.threadpool.server.size = 0 (default)
2024-08-10 09:46:30,962 [0d551621-3a78-470c-abdb-c40a133c0b47-groupManagement] INFO  server.RaftServerConfigKeys (ConfUtils.java:logGet(46)) - raft.server.threadpool.client.cached = true (default)
2024-08-10 09:46:30,962 [0d551621-3a78-470c-abdb-c40a133c0b47-groupManagement] INFO  server.RaftServerConfigKeys (ConfUtils.java:logGet(46)) - raft.server.threadpool.client.size = 0 (default)
2024-08-10 09:46:30,962 [0d551621-3a78-470c-abdb-c40a133c0b47-groupManagement] INFO  server.RaftServerConfigKeys (ConfUtils.java:logGet(46)) - raft.server.storage.free-space.min = 0MB (=0) (default)
2024-08-10 09:46:30,962 [0d551621-3a78-470c-abdb-c40a133c0b47-groupManagement] INFO  server.RaftServerConfigKeys (ConfUtils.java:logGet(46)) - raft.server.log.corruption.policy = EXCEPTION (default)
2024-08-10 09:46:30,962 [0d551621-3a78-470c-abdb-c40a133c0b47-groupManagement] INFO  server.RaftServerConfigKeys (ConfUtils.java:logGet(46)) - raft.server.storage.dir = [/home/runner/work/ozone/ozone/hadoop-ozone/integration-test/target/test-dir/MiniOzoneClusterImpl-76eaf92f-9dff-4d21-993f-c9a35837815b/ozone-meta/datanode-3/ratis] (custom)
2024-08-10 09:46:30,962 [0d551621-3a78-470c-abdb-c40a133c0b47-groupManagement] INFO  storage.RaftStorageDirectory (RaftStorageDirectoryImpl.java:analyzeStorage(138)) - The storage directory /home/runner/work/ozone/ozone/hadoop-ozone/integration-test/target/test-dir/MiniOzoneClusterImpl-76eaf92f-9dff-4d21-993f-c9a35837815b/ozone-meta/datanode-3/ratis/dac01b93-57b3-46b8-aa60-9d311f7289e9 does not exist. Creating ...
2024-08-10 09:46:30,963 [0d551621-3a78-470c-abdb-c40a133c0b47-groupManagement] INFO  storage.RaftStorageDirectory (RaftStorageDirectoryImpl.java:tryLock(229)) - Lock on /home/runner/work/ozone/ozone/hadoop-ozone/integration-test/target/test-dir/MiniOzoneClusterImpl-76eaf92f-9dff-4d21-993f-c9a35837815b/ozone-meta/datanode-3/ratis/dac01b93-57b3-46b8-aa60-9d311f7289e9/in_use.lock acquired by nodename 50124@fv-az701-157
2024-08-10 09:46:30,964 [0d551621-3a78-470c-abdb-c40a133c0b47-groupManagement] INFO  storage.RaftStorage (RaftStorageImpl.java:format(98)) - Storage directory /home/runner/work/ozone/ozone/hadoop-ozone/integration-test/target/test-dir/MiniOzoneClusterImpl-76eaf92f-9dff-4d21-993f-c9a35837815b/ozone-meta/datanode-3/ratis/dac01b93-57b3-46b8-aa60-9d311f7289e9 has been successfully formatted.
2024-08-10 09:46:30,964 [0d551621-3a78-470c-abdb-c40a133c0b47-groupManagement] INFO  ratis.ContainerStateMachine (ContainerStateMachine.java:loadSnapshot(287)) - group-9D311F7289E9: The snapshot info is null. Setting the last applied index to:(t:0, i:~)
2024-08-10 09:46:30,964 [0d551621-3a78-470c-abdb-c40a133c0b47-groupManagement] INFO  server.RaftServerConfigKeys (ConfUtils.java:logGet(46)) - raft.server.log.use.memory = false (default)
2024-08-10 09:46:30,964 [0d551621-3a78-470c-abdb-c40a133c0b47-groupManagement] INFO  server.RaftServerConfigKeys (ConfUtils.java:logGet(46)) - raft.server.log.purge.gap = 1000000 (custom)
2024-08-10 09:46:30,964 [0d551621-3a78-470c-abdb-c40a133c0b47-groupManagement] INFO  server.RaftServerConfigKeys (ConfUtils.java:logGet(46)) - raft.server.log.appender.buffer.byte-limit = 8388608 (custom)
2024-08-10 09:46:30,964 [0d551621-3a78-470c-abdb-c40a133c0b47-groupManagement] INFO  server.RaftServerConfigKeys (ConfUtils.java:logGet(46)) - raft.server.log.statemachine.data.read.timeout = 1000ms (default)
2024-08-10 09:46:30,964 [0d551621-3a78-470c-abdb-c40a133c0b47-groupManagement] INFO  server.RaftServerConfigKeys (ConfUtils.java:logGet(46)) - raft.server.log.purge.preservation.log.num = 0 (default)
2024-08-10 09:46:30,965 [EventQueue-PipelineReportForPipelineReportHandler] INFO  pipeline.PipelineReportHandler (PipelineReportHandler.java:processPipelineReport(136)) - Opened pipeline PipelineID=dac01b93-57b3-46b8-aa60-9d311f7289e9
2024-08-10 09:46:30,965 [0d551621-3a78-470c-abdb-c40a133c0b47-groupManagement] INFO  server.RaftServerConfigKeys (ConfUtils.java:logGet(46)) - raft.server.log.segment.size.max = 67108864 (custom)
2024-08-10 09:46:30,965 [EventQueue-OpenPipelineForHealthyPipelineSafeModeRule] INFO  safemode.SCMSafeModeManager (HealthyPipelineSafeModeRule.java:process(140)) - SCM in safe mode. Healthy pipelines reported count is 0, required healthy pipeline reported count is 1
2024-08-10 09:46:30,965 [0d551621-3a78-470c-abdb-c40a133c0b47-groupManagement] INFO  server.RaftServerConfigKeys (ConfUtils.java:logGet(46)) - raft.server.log.segment.cache.num.max = 2 (custom)
2024-08-10 09:46:30,965 [0d551621-3a78-470c-abdb-c40a133c0b47-groupManagement] INFO  server.RaftServerConfigKeys (ConfUtils.java:logGet(46)) - raft.server.log.segment.cache.size.max = 200MB (=209715200) (default)
2024-08-10 09:46:30,965 [0d551621-3a78-470c-abdb-c40a133c0b47-groupManagement] INFO  server.RaftServerConfigKeys (ConfUtils.java:logGet(46)) - raft.server.log.appender.buffer.byte-limit = 8388608 (custom)
2024-08-10 09:46:30,966 [0d551621-3a78-470c-abdb-c40a133c0b47-groupManagement] INFO  util.AwaitToRun (AwaitToRun.java:start(81)) - Thread[0d551621-3a78-470c-abdb-c40a133c0b47@group-9D311F7289E9-cacheEviction-AwaitToRun,5,main] started
2024-08-10 09:46:30,966 [0d551621-3a78-470c-abdb-c40a133c0b47-groupManagement] INFO  segmented.SegmentedRaftLogWorker (SegmentedRaftLogWorker.java:<init>(184)) - new 0d551621-3a78-470c-abdb-c40a133c0b47@group-9D311F7289E9-SegmentedRaftLogWorker for RaftStorageImpl:Storage Directory /home/runner/work/ozone/ozone/hadoop-ozone/integration-test/target/test-dir/MiniOzoneClusterImpl-76eaf92f-9dff-4d21-993f-c9a35837815b/ozone-meta/datanode-3/ratis/dac01b93-57b3-46b8-aa60-9d311f7289e9
2024-08-10 09:46:30,966 [0d551621-3a78-470c-abdb-c40a133c0b47-groupManagement] INFO  server.RaftServerConfigKeys (ConfUtils.java:logGet(46)) - raft.server.log.queue.byte-limit = 4294967296 (custom)
2024-08-10 09:46:30,966 [0d551621-3a78-470c-abdb-c40a133c0b47-groupManagement] INFO  server.RaftServerConfigKeys (ConfUtils.java:logGet(46)) - raft.server.log.queue.element-limit = 1024 (custom)
2024-08-10 09:46:30,966 [0d551621-3a78-470c-abdb-c40a133c0b47-groupManagement] INFO  server.RaftServerConfigKeys (ConfUtils.java:logGet(46)) - raft.server.log.segment.size.max = 67108864 (custom)
2024-08-10 09:46:30,966 [0d551621-3a78-470c-abdb-c40a133c0b47-groupManagement] INFO  server.RaftServerConfigKeys (ConfUtils.java:logGet(46)) - raft.server.log.preallocated.size = 4194304 (custom)
2024-08-10 09:46:30,966 [0d551621-3a78-470c-abdb-c40a133c0b47-groupManagement] INFO  server.RaftServerConfigKeys (ConfUtils.java:logGet(46)) - raft.server.log.force.sync.num = 128 (default)
2024-08-10 09:46:30,966 [0d551621-3a78-470c-abdb-c40a133c0b47-groupManagement] INFO  server.RaftServerConfigKeys (ConfUtils.java:logGet(46)) - raft.server.log.statemachine.data.sync = true (default)
2024-08-10 09:46:30,966 [0d551621-3a78-470c-abdb-c40a133c0b47-groupManagement] INFO  server.RaftServerConfigKeys (ConfUtils.java:logGet(46)) - raft.server.log.statemachine.data.sync.timeout = 10s (default)
2024-08-10 09:46:30,966 [0d551621-3a78-470c-abdb-c40a133c0b47-groupManagement] INFO  server.RaftServerConfigKeys (ConfUtils.java:logGet(46)) - raft.server.log.statemachine.data.sync.timeout.retry = 30 (custom)
2024-08-10 09:46:30,966 [0d551621-3a78-470c-abdb-c40a133c0b47-groupManagement] INFO  server.RaftServerConfigKeys (ConfUtils.java:logGet(46)) - raft.server.log.write.buffer.size = 8388616 (custom)
2024-08-10 09:46:30,968 [0d551621-3a78-470c-abdb-c40a133c0b47-groupManagement] INFO  server.RaftServerConfigKeys (ConfUtils.java:logGet(46)) - raft.server.log.appender.buffer.byte-limit = 8388608 (custom)
2024-08-10 09:46:30,968 [0d551621-3a78-470c-abdb-c40a133c0b47-groupManagement] INFO  server.RaftServerConfigKeys (ConfUtils.java:logGet(46)) - raft.server.log.unsafe-flush.enabled = false (default)
2024-08-10 09:46:30,968 [0d551621-3a78-470c-abdb-c40a133c0b47-groupManagement] INFO  server.RaftServerConfigKeys (ConfUtils.java:logGet(46)) - raft.server.log.async-flush.enabled = false (default)
2024-08-10 09:46:30,968 [0d551621-3a78-470c-abdb-c40a133c0b47-groupManagement] INFO  server.RaftServerConfigKeys (ConfUtils.java:logGet(46)) - raft.server.log.statemachine.data.caching.enabled = true (custom)
2024-08-10 09:46:30,968 [0d551621-3a78-470c-abdb-c40a133c0b47-groupManagement] INFO  segmented.SegmentedRaftLogWorker (SegmentedRaftLogWorker.java:lambda$new$0(135)) - 0d551621-3a78-470c-abdb-c40a133c0b47@group-9D311F7289E9-SegmentedRaftLogWorker: flushIndex: setUnconditionally 0 -> -1
2024-08-10 09:46:30,968 [0d551621-3a78-470c-abdb-c40a133c0b47-groupManagement] INFO  segmented.SegmentedRaftLogWorker (SegmentedRaftLogWorker.java:lambda$new$0(135)) - 0d551621-3a78-470c-abdb-c40a133c0b47@group-9D311F7289E9-SegmentedRaftLogWorker: safeCacheEvictIndex: setUnconditionally 0 -> -1
2024-08-10 09:46:30,969 [0d551621-3a78-470c-abdb-c40a133c0b47-groupManagement] INFO  server.RaftServer$Division (RaftServerImpl.java:start(389)) - 0d551621-3a78-470c-abdb-c40a133c0b47@group-9D311F7289E9: start as a follower, conf=conf: {index: -1, cur=peers:[0d551621-3a78-470c-abdb-c40a133c0b47|127.0.0.1:15560]|listeners:[], old=null}
2024-08-10 09:46:30,969 [0d551621-3a78-470c-abdb-c40a133c0b47-groupManagement] INFO  server.RaftServer$Division (RaftServerImpl.java:setRole(376)) - 0d551621-3a78-470c-abdb-c40a133c0b47@group-9D311F7289E9: changes role from      null to FOLLOWER at term 0 for startAsFollower
2024-08-10 09:46:30,969 [0d551621-3a78-470c-abdb-c40a133c0b47-groupManagement] INFO  impl.RoleInfo (RoleInfo.java:updateAndGet(148)) - 0d551621-3a78-470c-abdb-c40a133c0b47: start 0d551621-3a78-470c-abdb-c40a133c0b47@group-9D311F7289E9-FollowerState
2024-08-10 09:46:30,969 [0d551621-3a78-470c-abdb-c40a133c0b47@group-9D311F7289E9-FollowerState] INFO  server.RaftServerConfigKeys (ConfUtils.java:logFallback(53)) - raft.server.rpc.first-election.timeout.min = 5s (fallback to raft.server.rpc.timeout.min)
2024-08-10 09:46:30,969 [0d551621-3a78-470c-abdb-c40a133c0b47@group-9D311F7289E9-FollowerState] INFO  server.RaftServerConfigKeys (ConfUtils.java:logFallback(53)) - raft.server.rpc.first-election.timeout.max = 5200ms (fallback to raft.server.rpc.timeout.max)
2024-08-10 09:46:30,969 [0d551621-3a78-470c-abdb-c40a133c0b47-groupManagement] INFO  util.JmxRegister (JmxRegister.java:tryRegister(44)) - Successfully registered JMX Bean with object name Ratis:service=RaftServer,group=group-9D311F7289E9,id=0d551621-3a78-470c-abdb-c40a133c0b47
2024-08-10 09:46:30,969 [0d551621-3a78-470c-abdb-c40a133c0b47-groupManagement] INFO  util.JmxRegister (JmxRegister.java:register(58)) - register mxBean class org.apache.ratis.server.impl.RaftServerJmxAdapter as Ratis:service=RaftServer,group=group-9D311F7289E9,id=0d551621-3a78-470c-abdb-c40a133c0b47
2024-08-10 09:46:30,969 [0d551621-3a78-470c-abdb-c40a133c0b47-groupManagement] INFO  server.RaftServerConfigKeys (ConfUtils.java:logGet(46)) - raft.server.snapshot.trigger-when-stop.enabled = true (default)
2024-08-10 09:46:30,969 [0d551621-3a78-470c-abdb-c40a133c0b47-groupManagement] INFO  server.RaftServerConfigKeys (ConfUtils.java:logGet(46)) - raft.server.snapshot.trigger-when-remove.enabled = true (default)
2024-08-10 09:46:30,969 [0d551621-3a78-470c-abdb-c40a133c0b47-groupManagement] INFO  server.RaftServerConfigKeys (ConfUtils.java:logGet(46)) - raft.server.snapshot.auto.trigger.enabled = true (custom)
2024-08-10 09:46:30,969 [0d551621-3a78-470c-abdb-c40a133c0b47-groupManagement] INFO  server.RaftServerConfigKeys (ConfUtils.java:logGet(46)) - raft.server.snapshot.auto.trigger.threshold = 10000 (custom)
2024-08-10 09:46:30,969 [0d551621-3a78-470c-abdb-c40a133c0b47-groupManagement] INFO  server.RaftServerConfigKeys (ConfUtils.java:logGet(46)) - raft.server.snapshot.retention.file.num = 5 (custom)
2024-08-10 09:46:30,969 [0d551621-3a78-470c-abdb-c40a133c0b47-groupManagement] INFO  server.RaftServerConfigKeys (ConfUtils.java:logGet(46)) - raft.server.log.purge.upto.snapshot.index = false (default)
2024-08-10 09:46:30,970 [0d551621-3a78-470c-abdb-c40a133c0b47-PipelineCommandHandlerThread-0] INFO  ratis.XceiverServerRatis (XceiverServerRatis.java:addGroup(846)) - Created group PipelineID=dac01b93-57b3-46b8-aa60-9d311f7289e9
2024-08-10 09:46:30,970 [0d551621-3a78-470c-abdb-c40a133c0b47-PipelineCommandHandlerThread-0] INFO  commandhandler.CreatePipelineCommandHandler (CreatePipelineCommandHandler.java:lambda$handle$2(124)) - Created Pipeline RATIS ONE PipelineID=dac01b93-57b3-46b8-aa60-9d311f7289e9.
2024-08-10 09:46:31,185 [ded8f376-93b7-4f19-a98d-0130ebbb5559-PipelineCommandHandlerThread-0] INFO  server.RaftServer (RaftServerProxy.java:addNew(101)) - ded8f376-93b7-4f19-a98d-0130ebbb5559: addNew group-E83312727724:[ded8f376-93b7-4f19-a98d-0130ebbb5559|127.0.0.1:15569] returns group-E83312727724:java.util.concurrent.CompletableFuture@24c9eb4e[Not completed]
2024-08-10 09:46:31,186 [ded8f376-93b7-4f19-a98d-0130ebbb5559-groupManagement] INFO  server.RaftServer$Division (RaftServerImpl.java:<init>(253)) - ded8f376-93b7-4f19-a98d-0130ebbb5559: new RaftServerImpl for group-E83312727724:[ded8f376-93b7-4f19-a98d-0130ebbb5559|127.0.0.1:15569] with ContainerStateMachine:uninitialized
2024-08-10 09:46:31,186 [ded8f376-93b7-4f19-a98d-0130ebbb5559-groupManagement] INFO  server.RaftServerConfigKeys (ConfUtils.java:logGet(46)) - raft.server.rpc.timeout.min = 5s (custom)
2024-08-10 09:46:31,186 [ded8f376-93b7-4f19-a98d-0130ebbb5559-groupManagement] INFO  server.RaftServerConfigKeys (ConfUtils.java:logGet(46)) - raft.server.rpc.timeout.max = 5200ms (custom)
2024-08-10 09:46:31,186 [ded8f376-93b7-4f19-a98d-0130ebbb5559-groupManagement] INFO  server.RaftServerConfigKeys (ConfUtils.java:logGet(46)) - raft.server.rpc.sleep.time = 25ms (default)
2024-08-10 09:46:31,186 [ded8f376-93b7-4f19-a98d-0130ebbb5559-groupManagement] INFO  server.RaftServerConfigKeys (ConfUtils.java:logGet(46)) - raft.server.rpc.slowness.timeout = 300000ms (custom)
2024-08-10 09:46:31,186 [ded8f376-93b7-4f19-a98d-0130ebbb5559-groupManagement] INFO  server.RaftServerConfigKeys (ConfUtils.java:logGet(46)) - raft.server.leaderelection.leader.step-down.wait-time = 10s (default)
2024-08-10 09:46:31,186 [ded8f376-93b7-4f19-a98d-0130ebbb5559-groupManagement] INFO  server.RaftServerConfigKeys (ConfUtils.java:logGet(46)) - raft.server.leaderelection.member.majority-add = false (default)
2024-08-10 09:46:31,186 [ded8f376-93b7-4f19-a98d-0130ebbb5559-groupManagement] INFO  server.RaftServerConfigKeys (ConfUtils.java:logGet(46)) - raft.server.sleep.deviation.threshold = 300ms (default)
2024-08-10 09:46:31,186 [ded8f376-93b7-4f19-a98d-0130ebbb5559-groupManagement] INFO  server.RaftServer$Division (ServerState.java:<init>(114)) - ded8f376-93b7-4f19-a98d-0130ebbb5559@group-E83312727724: ConfigurationManager, init=conf: {index: -1, cur=peers:[ded8f376-93b7-4f19-a98d-0130ebbb5559|127.0.0.1:15569]|listeners:[], old=null}, confs=<EMPTY_MAP>
2024-08-10 09:46:31,186 [ded8f376-93b7-4f19-a98d-0130ebbb5559-groupManagement] INFO  server.RaftServerConfigKeys (ConfUtils.java:logGet(46)) - raft.server.notification.no-leader.timeout = 300000ms (custom)
2024-08-10 09:46:31,186 [ded8f376-93b7-4f19-a98d-0130ebbb5559-groupManagement] INFO  server.RaftServerConfigKeys (ConfUtils.java:logGet(46)) - raft.server.read.timeout = 10s (default)
2024-08-10 09:46:31,186 [ded8f376-93b7-4f19-a98d-0130ebbb5559-groupManagement] INFO  server.RaftServerConfigKeys (ConfUtils.java:logGet(46)) - raft.server.retrycache.expirytime = 600000ms (custom)
2024-08-10 09:46:31,186 [ded8f376-93b7-4f19-a98d-0130ebbb5559-groupManagement] INFO  server.RaftServerConfigKeys (ConfUtils.java:logGet(46)) - raft.server.retrycache.statistics.expirytime = 100ms (default)
2024-08-10 09:46:31,186 [ded8f376-93b7-4f19-a98d-0130ebbb5559-groupManagement] INFO  server.RaftServerConfigKeys (ConfUtils.java:logGet(46)) - raft.server.read.option = DEFAULT (default)
2024-08-10 09:46:31,187 [ded8f376-93b7-4f19-a98d-0130ebbb5559-groupManagement] INFO  server.RaftServerConfigKeys (ConfUtils.java:logGet(46)) - raft.server.read.read-after-write-consistent.write-index-cache.expiry-time = 60s (default)
2024-08-10 09:46:31,189 [ded8f376-93b7-4f19-a98d-0130ebbb5559-groupManagement] INFO  server.RaftServerConfigKeys (ConfUtils.java:logGet(46)) - raft.server.rpc.request.timeout = 3000ms (default)
2024-08-10 09:46:31,189 [ded8f376-93b7-4f19-a98d-0130ebbb5559-groupManagement] INFO  server.RaftServerConfigKeys (ConfUtils.java:logGet(46)) - raft.server.log.appender.install.snapshot.enabled = false (custom)
2024-08-10 09:46:31,189 [ded8f376-93b7-4f19-a98d-0130ebbb5559-groupManagement] INFO  server.RaftServerConfigKeys (ConfUtils.java:logGet(46)) - raft.server.threadpool.server.cached = true (default)
2024-08-10 09:46:31,189 [ded8f376-93b7-4f19-a98d-0130ebbb5559-groupManagement] INFO  server.RaftServerConfigKeys (ConfUtils.java:logGet(46)) - raft.server.threadpool.server.size = 0 (default)
2024-08-10 09:46:31,189 [ded8f376-93b7-4f19-a98d-0130ebbb5559-groupManagement] INFO  server.RaftServerConfigKeys (ConfUtils.java:logGet(46)) - raft.server.threadpool.client.cached = true (default)
2024-08-10 09:46:31,189 [ded8f376-93b7-4f19-a98d-0130ebbb5559-groupManagement] INFO  server.RaftServerConfigKeys (ConfUtils.java:logGet(46)) - raft.server.threadpool.client.size = 0 (default)
2024-08-10 09:46:31,189 [ded8f376-93b7-4f19-a98d-0130ebbb5559-groupManagement] INFO  server.RaftServerConfigKeys (ConfUtils.java:logGet(46)) - raft.server.storage.free-space.min = 0MB (=0) (default)
2024-08-10 09:46:31,189 [ded8f376-93b7-4f19-a98d-0130ebbb5559-groupManagement] INFO  server.RaftServerConfigKeys (ConfUtils.java:logGet(46)) - raft.server.log.corruption.policy = EXCEPTION (default)
2024-08-10 09:46:31,189 [ded8f376-93b7-4f19-a98d-0130ebbb5559-groupManagement] INFO  server.RaftServerConfigKeys (ConfUtils.java:logGet(46)) - raft.server.storage.dir = [/home/runner/work/ozone/ozone/hadoop-ozone/integration-test/target/test-dir/MiniOzoneClusterImpl-76eaf92f-9dff-4d21-993f-c9a35837815b/ozone-meta/datanode-4/ratis] (custom)
2024-08-10 09:46:31,189 [ded8f376-93b7-4f19-a98d-0130ebbb5559-groupManagement] INFO  storage.RaftStorageDirectory (RaftStorageDirectoryImpl.java:analyzeStorage(138)) - The storage directory /home/runner/work/ozone/ozone/hadoop-ozone/integration-test/target/test-dir/MiniOzoneClusterImpl-76eaf92f-9dff-4d21-993f-c9a35837815b/ozone-meta/datanode-4/ratis/94e2a7b4-60dc-4caa-b146-e83312727724 does not exist. Creating ...
2024-08-10 09:46:31,190 [ded8f376-93b7-4f19-a98d-0130ebbb5559-groupManagement] INFO  storage.RaftStorageDirectory (RaftStorageDirectoryImpl.java:tryLock(229)) - Lock on /home/runner/work/ozone/ozone/hadoop-ozone/integration-test/target/test-dir/MiniOzoneClusterImpl-76eaf92f-9dff-4d21-993f-c9a35837815b/ozone-meta/datanode-4/ratis/94e2a7b4-60dc-4caa-b146-e83312727724/in_use.lock acquired by nodename 50124@fv-az701-157
2024-08-10 09:46:31,191 [ded8f376-93b7-4f19-a98d-0130ebbb5559-groupManagement] INFO  storage.RaftStorage (RaftStorageImpl.java:format(98)) - Storage directory /home/runner/work/ozone/ozone/hadoop-ozone/integration-test/target/test-dir/MiniOzoneClusterImpl-76eaf92f-9dff-4d21-993f-c9a35837815b/ozone-meta/datanode-4/ratis/94e2a7b4-60dc-4caa-b146-e83312727724 has been successfully formatted.
2024-08-10 09:46:31,191 [ded8f376-93b7-4f19-a98d-0130ebbb5559-groupManagement] INFO  ratis.ContainerStateMachine (ContainerStateMachine.java:loadSnapshot(287)) - group-E83312727724: The snapshot info is null. Setting the last applied index to:(t:0, i:~)
2024-08-10 09:46:31,191 [ded8f376-93b7-4f19-a98d-0130ebbb5559-groupManagement] INFO  server.RaftServerConfigKeys (ConfUtils.java:logGet(46)) - raft.server.log.use.memory = false (default)
2024-08-10 09:46:31,192 [ded8f376-93b7-4f19-a98d-0130ebbb5559-groupManagement] INFO  server.RaftServerConfigKeys (ConfUtils.java:logGet(46)) - raft.server.log.purge.gap = 1000000 (custom)
2024-08-10 09:46:31,192 [ded8f376-93b7-4f19-a98d-0130ebbb5559-groupManagement] INFO  server.RaftServerConfigKeys (ConfUtils.java:logGet(46)) - raft.server.log.appender.buffer.byte-limit = 8388608 (custom)
2024-08-10 09:46:31,192 [ded8f376-93b7-4f19-a98d-0130ebbb5559-groupManagement] INFO  server.RaftServerConfigKeys (ConfUtils.java:logGet(46)) - raft.server.log.statemachine.data.read.timeout = 1000ms (default)
2024-08-10 09:46:31,192 [ded8f376-93b7-4f19-a98d-0130ebbb5559-groupManagement] INFO  server.RaftServerConfigKeys (ConfUtils.java:logGet(46)) - raft.server.log.purge.preservation.log.num = 0 (default)
2024-08-10 09:46:31,192 [EventQueue-PipelineReportForPipelineReportHandler] INFO  pipeline.PipelineReportHandler (PipelineReportHandler.java:processPipelineReport(136)) - Opened pipeline PipelineID=94e2a7b4-60dc-4caa-b146-e83312727724
2024-08-10 09:46:31,192 [EventQueue-OpenPipelineForHealthyPipelineSafeModeRule] INFO  safemode.SCMSafeModeManager (HealthyPipelineSafeModeRule.java:process(140)) - SCM in safe mode. Healthy pipelines reported count is 0, required healthy pipeline reported count is 1
2024-08-10 09:46:31,192 [ded8f376-93b7-4f19-a98d-0130ebbb5559-groupManagement] INFO  server.RaftServerConfigKeys (ConfUtils.java:logGet(46)) - raft.server.log.segment.size.max = 67108864 (custom)
2024-08-10 09:46:31,193 [ded8f376-93b7-4f19-a98d-0130ebbb5559-groupManagement] INFO  server.RaftServerConfigKeys (ConfUtils.java:logGet(46)) - raft.server.log.segment.cache.num.max = 2 (custom)
2024-08-10 09:46:31,193 [ded8f376-93b7-4f19-a98d-0130ebbb5559-groupManagement] INFO  server.RaftServerConfigKeys (ConfUtils.java:logGet(46)) - raft.server.log.segment.cache.size.max = 200MB (=209715200) (default)
2024-08-10 09:46:31,193 [ded8f376-93b7-4f19-a98d-0130ebbb5559-groupManagement] INFO  server.RaftServerConfigKeys (ConfUtils.java:logGet(46)) - raft.server.log.appender.buffer.byte-limit = 8388608 (custom)
2024-08-10 09:46:31,193 [ded8f376-93b7-4f19-a98d-0130ebbb5559-groupManagement] INFO  util.AwaitToRun (AwaitToRun.java:start(81)) - Thread[ded8f376-93b7-4f19-a98d-0130ebbb5559@group-E83312727724-cacheEviction-AwaitToRun,5,main] started
2024-08-10 09:46:31,193 [ded8f376-93b7-4f19-a98d-0130ebbb5559-groupManagement] INFO  segmented.SegmentedRaftLogWorker (SegmentedRaftLogWorker.java:<init>(184)) - new ded8f376-93b7-4f19-a98d-0130ebbb5559@group-E83312727724-SegmentedRaftLogWorker for RaftStorageImpl:Storage Directory /home/runner/work/ozone/ozone/hadoop-ozone/integration-test/target/test-dir/MiniOzoneClusterImpl-76eaf92f-9dff-4d21-993f-c9a35837815b/ozone-meta/datanode-4/ratis/94e2a7b4-60dc-4caa-b146-e83312727724
2024-08-10 09:46:31,193 [ded8f376-93b7-4f19-a98d-0130ebbb5559-groupManagement] INFO  server.RaftServerConfigKeys (ConfUtils.java:logGet(46)) - raft.server.log.queue.byte-limit = 4294967296 (custom)
2024-08-10 09:46:31,193 [ded8f376-93b7-4f19-a98d-0130ebbb5559-groupManagement] INFO  server.RaftServerConfigKeys (ConfUtils.java:logGet(46)) - raft.server.log.queue.element-limit = 1024 (custom)
2024-08-10 09:46:31,193 [ded8f376-93b7-4f19-a98d-0130ebbb5559-groupManagement] INFO  server.RaftServerConfigKeys (ConfUtils.java:logGet(46)) - raft.server.log.segment.size.max = 67108864 (custom)
2024-08-10 09:46:31,193 [ded8f376-93b7-4f19-a98d-0130ebbb5559-groupManagement] INFO  server.RaftServerConfigKeys (ConfUtils.java:logGet(46)) - raft.server.log.preallocated.size = 4194304 (custom)
2024-08-10 09:46:31,193 [ded8f376-93b7-4f19-a98d-0130ebbb5559-groupManagement] INFO  server.RaftServerConfigKeys (ConfUtils.java:logGet(46)) - raft.server.log.force.sync.num = 128 (default)
2024-08-10 09:46:31,193 [ded8f376-93b7-4f19-a98d-0130ebbb5559-groupManagement] INFO  server.RaftServerConfigKeys (ConfUtils.java:logGet(46)) - raft.server.log.statemachine.data.sync = true (default)
2024-08-10 09:46:31,193 [ded8f376-93b7-4f19-a98d-0130ebbb5559-groupManagement] INFO  server.RaftServerConfigKeys (ConfUtils.java:logGet(46)) - raft.server.log.statemachine.data.sync.timeout = 10s (default)
2024-08-10 09:46:31,193 [ded8f376-93b7-4f19-a98d-0130ebbb5559-groupManagement] INFO  server.RaftServerConfigKeys (ConfUtils.java:logGet(46)) - raft.server.log.statemachine.data.sync.timeout.retry = 30 (custom)
2024-08-10 09:46:31,194 [ded8f376-93b7-4f19-a98d-0130ebbb5559-groupManagement] INFO  server.RaftServerConfigKeys (ConfUtils.java:logGet(46)) - raft.server.log.write.buffer.size = 8388616 (custom)
2024-08-10 09:46:31,194 [ded8f376-93b7-4f19-a98d-0130ebbb5559-groupManagement] INFO  server.RaftServerConfigKeys (ConfUtils.java:logGet(46)) - raft.server.log.appender.buffer.byte-limit = 8388608 (custom)
2024-08-10 09:46:31,194 [ded8f376-93b7-4f19-a98d-0130ebbb5559-groupManagement] INFO  server.RaftServerConfigKeys (ConfUtils.java:logGet(46)) - raft.server.log.unsafe-flush.enabled = false (default)
2024-08-10 09:46:31,194 [ded8f376-93b7-4f19-a98d-0130ebbb5559-groupManagement] INFO  server.RaftServerConfigKeys (ConfUtils.java:logGet(46)) - raft.server.log.async-flush.enabled = false (default)
2024-08-10 09:46:31,194 [ded8f376-93b7-4f19-a98d-0130ebbb5559-groupManagement] INFO  server.RaftServerConfigKeys (ConfUtils.java:logGet(46)) - raft.server.log.statemachine.data.caching.enabled = true (custom)
2024-08-10 09:46:31,194 [ded8f376-93b7-4f19-a98d-0130ebbb5559-groupManagement] INFO  segmented.SegmentedRaftLogWorker (SegmentedRaftLogWorker.java:lambda$new$0(135)) - ded8f376-93b7-4f19-a98d-0130ebbb5559@group-E83312727724-SegmentedRaftLogWorker: flushIndex: setUnconditionally 0 -> -1
2024-08-10 09:46:31,194 [ded8f376-93b7-4f19-a98d-0130ebbb5559-groupManagement] INFO  segmented.SegmentedRaftLogWorker (SegmentedRaftLogWorker.java:lambda$new$0(135)) - ded8f376-93b7-4f19-a98d-0130ebbb5559@group-E83312727724-SegmentedRaftLogWorker: safeCacheEvictIndex: setUnconditionally 0 -> -1
2024-08-10 09:46:31,194 [ded8f376-93b7-4f19-a98d-0130ebbb5559-groupManagement] INFO  server.RaftServer$Division (RaftServerImpl.java:start(389)) - ded8f376-93b7-4f19-a98d-0130ebbb5559@group-E83312727724: start as a follower, conf=conf: {index: -1, cur=peers:[ded8f376-93b7-4f19-a98d-0130ebbb5559|127.0.0.1:15569]|listeners:[], old=null}
2024-08-10 09:46:31,195 [ded8f376-93b7-4f19-a98d-0130ebbb5559-groupManagement] INFO  server.RaftServer$Division (RaftServerImpl.java:setRole(376)) - ded8f376-93b7-4f19-a98d-0130ebbb5559@group-E83312727724: changes role from      null to FOLLOWER at term 0 for startAsFollower
2024-08-10 09:46:31,195 [ded8f376-93b7-4f19-a98d-0130ebbb5559-groupManagement] INFO  impl.RoleInfo (RoleInfo.java:updateAndGet(148)) - ded8f376-93b7-4f19-a98d-0130ebbb5559: start ded8f376-93b7-4f19-a98d-0130ebbb5559@group-E83312727724-FollowerState
2024-08-10 09:46:31,195 [ded8f376-93b7-4f19-a98d-0130ebbb5559@group-E83312727724-FollowerState] INFO  server.RaftServerConfigKeys (ConfUtils.java:logFallback(53)) - raft.server.rpc.first-election.timeout.min = 5s (fallback to raft.server.rpc.timeout.min)
2024-08-10 09:46:31,195 [ded8f376-93b7-4f19-a98d-0130ebbb5559@group-E83312727724-FollowerState] INFO  server.RaftServerConfigKeys (ConfUtils.java:logFallback(53)) - raft.server.rpc.first-election.timeout.max = 5200ms (fallback to raft.server.rpc.timeout.max)
2024-08-10 09:46:31,195 [ded8f376-93b7-4f19-a98d-0130ebbb5559-groupManagement] INFO  util.JmxRegister (JmxRegister.java:tryRegister(44)) - Successfully registered JMX Bean with object name Ratis:service=RaftServer,group=group-E83312727724,id=ded8f376-93b7-4f19-a98d-0130ebbb5559
2024-08-10 09:46:31,195 [ded8f376-93b7-4f19-a98d-0130ebbb5559-groupManagement] INFO  util.JmxRegister (JmxRegister.java:register(58)) - register mxBean class org.apache.ratis.server.impl.RaftServerJmxAdapter as Ratis:service=RaftServer,group=group-E83312727724,id=ded8f376-93b7-4f19-a98d-0130ebbb5559
2024-08-10 09:46:31,195 [ded8f376-93b7-4f19-a98d-0130ebbb5559-groupManagement] INFO  server.RaftServerConfigKeys (ConfUtils.java:logGet(46)) - raft.server.snapshot.trigger-when-stop.enabled = true (default)
2024-08-10 09:46:31,195 [ded8f376-93b7-4f19-a98d-0130ebbb5559-groupManagement] INFO  server.RaftServerConfigKeys (ConfUtils.java:logGet(46)) - raft.server.snapshot.trigger-when-remove.enabled = true (default)
2024-08-10 09:46:31,195 [ded8f376-93b7-4f19-a98d-0130ebbb5559-groupManagement] INFO  server.RaftServerConfigKeys (ConfUtils.java:logGet(46)) - raft.server.snapshot.auto.trigger.enabled = true (custom)
2024-08-10 09:46:31,195 [ded8f376-93b7-4f19-a98d-0130ebbb5559-groupManagement] INFO  server.RaftServerConfigKeys (ConfUtils.java:logGet(46)) - raft.server.snapshot.auto.trigger.threshold = 10000 (custom)
2024-08-10 09:46:31,195 [ded8f376-93b7-4f19-a98d-0130ebbb5559-groupManagement] INFO  server.RaftServerConfigKeys (ConfUtils.java:logGet(46)) - raft.server.snapshot.retention.file.num = 5 (custom)
2024-08-10 09:46:31,195 [ded8f376-93b7-4f19-a98d-0130ebbb5559-groupManagement] INFO  server.RaftServerConfigKeys (ConfUtils.java:logGet(46)) - raft.server.log.purge.upto.snapshot.index = false (default)
2024-08-10 09:46:31,196 [ded8f376-93b7-4f19-a98d-0130ebbb5559-PipelineCommandHandlerThread-0] INFO  ratis.XceiverServerRatis (XceiverServerRatis.java:addGroup(846)) - Created group PipelineID=94e2a7b4-60dc-4caa-b146-e83312727724
2024-08-10 09:46:31,196 [ded8f376-93b7-4f19-a98d-0130ebbb5559-PipelineCommandHandlerThread-0] INFO  commandhandler.CreatePipelineCommandHandler (CreatePipelineCommandHandler.java:lambda$handle$2(124)) - Created Pipeline RATIS ONE PipelineID=94e2a7b4-60dc-4caa-b146-e83312727724.
2024-08-10 09:46:31,409 [b854613b-8f09-4112-b6f5-dfe1ac09e405-PipelineCommandHandlerThread-0] INFO  server.RaftServer (RaftServerProxy.java:addNew(101)) - b854613b-8f09-4112-b6f5-dfe1ac09e405: addNew group-5DAB2127802C:[b854613b-8f09-4112-b6f5-dfe1ac09e405|127.0.0.1:15578] returns group-5DAB2127802C:java.util.concurrent.CompletableFuture@4c4ca87b[Not completed]
2024-08-10 09:46:31,410 [b854613b-8f09-4112-b6f5-dfe1ac09e405-groupManagement] INFO  server.RaftServer$Division (RaftServerImpl.java:<init>(253)) - b854613b-8f09-4112-b6f5-dfe1ac09e405: new RaftServerImpl for group-5DAB2127802C:[b854613b-8f09-4112-b6f5-dfe1ac09e405|127.0.0.1:15578] with ContainerStateMachine:uninitialized
2024-08-10 09:46:31,410 [b854613b-8f09-4112-b6f5-dfe1ac09e405-groupManagement] INFO  server.RaftServerConfigKeys (ConfUtils.java:logGet(46)) - raft.server.rpc.timeout.min = 5s (custom)
2024-08-10 09:46:31,410 [b854613b-8f09-4112-b6f5-dfe1ac09e405-groupManagement] INFO  server.RaftServerConfigKeys (ConfUtils.java:logGet(46)) - raft.server.rpc.timeout.max = 5200ms (custom)
2024-08-10 09:46:31,410 [b854613b-8f09-4112-b6f5-dfe1ac09e405-groupManagement] INFO  server.RaftServerConfigKeys (ConfUtils.java:logGet(46)) - raft.server.rpc.sleep.time = 25ms (default)
2024-08-10 09:46:31,410 [b854613b-8f09-4112-b6f5-dfe1ac09e405-groupManagement] INFO  server.RaftServerConfigKeys (ConfUtils.java:logGet(46)) - raft.server.rpc.slowness.timeout = 300000ms (custom)
2024-08-10 09:46:31,410 [b854613b-8f09-4112-b6f5-dfe1ac09e405-groupManagement] INFO  server.RaftServerConfigKeys (ConfUtils.java:logGet(46)) - raft.server.leaderelection.leader.step-down.wait-time = 10s (default)
2024-08-10 09:46:31,410 [b854613b-8f09-4112-b6f5-dfe1ac09e405-groupManagement] INFO  server.RaftServerConfigKeys (ConfUtils.java:logGet(46)) - raft.server.leaderelection.member.majority-add = false (default)
2024-08-10 09:46:31,410 [b854613b-8f09-4112-b6f5-dfe1ac09e405-groupManagement] INFO  server.RaftServerConfigKeys (ConfUtils.java:logGet(46)) - raft.server.sleep.deviation.threshold = 300ms (default)
2024-08-10 09:46:31,410 [b854613b-8f09-4112-b6f5-dfe1ac09e405-groupManagement] INFO  server.RaftServer$Division (ServerState.java:<init>(114)) - b854613b-8f09-4112-b6f5-dfe1ac09e405@group-5DAB2127802C: ConfigurationManager, init=conf: {index: -1, cur=peers:[b854613b-8f09-4112-b6f5-dfe1ac09e405|127.0.0.1:15578]|listeners:[], old=null}, confs=<EMPTY_MAP>
2024-08-10 09:46:31,410 [b854613b-8f09-4112-b6f5-dfe1ac09e405-groupManagement] INFO  server.RaftServerConfigKeys (ConfUtils.java:logGet(46)) - raft.server.notification.no-leader.timeout = 300000ms (custom)
2024-08-10 09:46:31,410 [b854613b-8f09-4112-b6f5-dfe1ac09e405-groupManagement] INFO  server.RaftServerConfigKeys (ConfUtils.java:logGet(46)) - raft.server.read.timeout = 10s (default)
2024-08-10 09:46:31,410 [b854613b-8f09-4112-b6f5-dfe1ac09e405-groupManagement] INFO  server.RaftServerConfigKeys (ConfUtils.java:logGet(46)) - raft.server.retrycache.expirytime = 600000ms (custom)
2024-08-10 09:46:31,410 [b854613b-8f09-4112-b6f5-dfe1ac09e405-groupManagement] INFO  server.RaftServerConfigKeys (ConfUtils.java:logGet(46)) - raft.server.retrycache.statistics.expirytime = 100ms (default)
2024-08-10 09:46:31,411 [b854613b-8f09-4112-b6f5-dfe1ac09e405-groupManagement] INFO  server.RaftServerConfigKeys (ConfUtils.java:logGet(46)) - raft.server.read.option = DEFAULT (default)
2024-08-10 09:46:31,411 [b854613b-8f09-4112-b6f5-dfe1ac09e405-groupManagement] INFO  server.RaftServerConfigKeys (ConfUtils.java:logGet(46)) - raft.server.read.read-after-write-consistent.write-index-cache.expiry-time = 60s (default)
2024-08-10 09:46:31,412 [b854613b-8f09-4112-b6f5-dfe1ac09e405-groupManagement] INFO  server.RaftServerConfigKeys (ConfUtils.java:logGet(46)) - raft.server.rpc.request.timeout = 3000ms (default)
2024-08-10 09:46:31,412 [b854613b-8f09-4112-b6f5-dfe1ac09e405-groupManagement] INFO  server.RaftServerConfigKeys (ConfUtils.java:logGet(46)) - raft.server.log.appender.install.snapshot.enabled = false (custom)
2024-08-10 09:46:31,412 [b854613b-8f09-4112-b6f5-dfe1ac09e405-groupManagement] INFO  server.RaftServerConfigKeys (ConfUtils.java:logGet(46)) - raft.server.threadpool.server.cached = true (default)
2024-08-10 09:46:31,412 [b854613b-8f09-4112-b6f5-dfe1ac09e405-groupManagement] INFO  server.RaftServerConfigKeys (ConfUtils.java:logGet(46)) - raft.server.threadpool.server.size = 0 (default)
2024-08-10 09:46:31,412 [b854613b-8f09-4112-b6f5-dfe1ac09e405-groupManagement] INFO  server.RaftServerConfigKeys (ConfUtils.java:logGet(46)) - raft.server.threadpool.client.cached = true (default)
2024-08-10 09:46:31,412 [b854613b-8f09-4112-b6f5-dfe1ac09e405-groupManagement] INFO  server.RaftServerConfigKeys (ConfUtils.java:logGet(46)) - raft.server.threadpool.client.size = 0 (default)
2024-08-10 09:46:31,412 [b854613b-8f09-4112-b6f5-dfe1ac09e405-groupManagement] INFO  server.RaftServerConfigKeys (ConfUtils.java:logGet(46)) - raft.server.storage.free-space.min = 0MB (=0) (default)
2024-08-10 09:46:31,412 [b854613b-8f09-4112-b6f5-dfe1ac09e405-groupManagement] INFO  server.RaftServerConfigKeys (ConfUtils.java:logGet(46)) - raft.server.log.corruption.policy = EXCEPTION (default)
2024-08-10 09:46:31,412 [b854613b-8f09-4112-b6f5-dfe1ac09e405-groupManagement] INFO  server.RaftServerConfigKeys (ConfUtils.java:logGet(46)) - raft.server.storage.dir = [/home/runner/work/ozone/ozone/hadoop-ozone/integration-test/target/test-dir/MiniOzoneClusterImpl-76eaf92f-9dff-4d21-993f-c9a35837815b/ozone-meta/datanode-5/ratis] (custom)
2024-08-10 09:46:31,412 [b854613b-8f09-4112-b6f5-dfe1ac09e405-groupManagement] INFO  storage.RaftStorageDirectory (RaftStorageDirectoryImpl.java:analyzeStorage(138)) - The storage directory /home/runner/work/ozone/ozone/hadoop-ozone/integration-test/target/test-dir/MiniOzoneClusterImpl-76eaf92f-9dff-4d21-993f-c9a35837815b/ozone-meta/datanode-5/ratis/21fc0e6a-cba8-4d59-89b1-5dab2127802c does not exist. Creating ...
2024-08-10 09:46:31,413 [b854613b-8f09-4112-b6f5-dfe1ac09e405-groupManagement] INFO  storage.RaftStorageDirectory (RaftStorageDirectoryImpl.java:tryLock(229)) - Lock on /home/runner/work/ozone/ozone/hadoop-ozone/integration-test/target/test-dir/MiniOzoneClusterImpl-76eaf92f-9dff-4d21-993f-c9a35837815b/ozone-meta/datanode-5/ratis/21fc0e6a-cba8-4d59-89b1-5dab2127802c/in_use.lock acquired by nodename 50124@fv-az701-157
2024-08-10 09:46:31,414 [b854613b-8f09-4112-b6f5-dfe1ac09e405-groupManagement] INFO  storage.RaftStorage (RaftStorageImpl.java:format(98)) - Storage directory /home/runner/work/ozone/ozone/hadoop-ozone/integration-test/target/test-dir/MiniOzoneClusterImpl-76eaf92f-9dff-4d21-993f-c9a35837815b/ozone-meta/datanode-5/ratis/21fc0e6a-cba8-4d59-89b1-5dab2127802c has been successfully formatted.
2024-08-10 09:46:31,415 [b854613b-8f09-4112-b6f5-dfe1ac09e405-groupManagement] INFO  ratis.ContainerStateMachine (ContainerStateMachine.java:loadSnapshot(287)) - group-5DAB2127802C: The snapshot info is null. Setting the last applied index to:(t:0, i:~)
2024-08-10 09:46:31,415 [b854613b-8f09-4112-b6f5-dfe1ac09e405-groupManagement] INFO  server.RaftServerConfigKeys (ConfUtils.java:logGet(46)) - raft.server.log.use.memory = false (default)
2024-08-10 09:46:31,415 [b854613b-8f09-4112-b6f5-dfe1ac09e405-groupManagement] INFO  server.RaftServerConfigKeys (ConfUtils.java:logGet(46)) - raft.server.log.purge.gap = 1000000 (custom)
2024-08-10 09:46:31,415 [b854613b-8f09-4112-b6f5-dfe1ac09e405-groupManagement] INFO  server.RaftServerConfigKeys (ConfUtils.java:logGet(46)) - raft.server.log.appender.buffer.byte-limit = 8388608 (custom)
2024-08-10 09:46:31,415 [b854613b-8f09-4112-b6f5-dfe1ac09e405-groupManagement] INFO  server.RaftServerConfigKeys (ConfUtils.java:logGet(46)) - raft.server.log.statemachine.data.read.timeout = 1000ms (default)
2024-08-10 09:46:31,415 [b854613b-8f09-4112-b6f5-dfe1ac09e405-groupManagement] INFO  server.RaftServerConfigKeys (ConfUtils.java:logGet(46)) - raft.server.log.purge.preservation.log.num = 0 (default)
2024-08-10 09:46:31,415 [EventQueue-PipelineReportForPipelineReportHandler] INFO  pipeline.PipelineReportHandler (PipelineReportHandler.java:processPipelineReport(136)) - Opened pipeline PipelineID=21fc0e6a-cba8-4d59-89b1-5dab2127802c
2024-08-10 09:46:31,415 [EventQueue-OpenPipelineForHealthyPipelineSafeModeRule] INFO  safemode.SCMSafeModeManager (HealthyPipelineSafeModeRule.java:process(140)) - SCM in safe mode. Healthy pipelines reported count is 0, required healthy pipeline reported count is 1
2024-08-10 09:46:31,416 [b854613b-8f09-4112-b6f5-dfe1ac09e405-groupManagement] INFO  server.RaftServerConfigKeys (ConfUtils.java:logGet(46)) - raft.server.log.segment.size.max = 67108864 (custom)
2024-08-10 09:46:31,416 [main] INFO  ozone.MiniOzoneClusterImpl (MiniOzoneClusterImpl.java:lambda$waitForClusterToBeReady$0(198)) - Nodes are ready. Got 5 of 5 DN Heartbeats.
2024-08-10 09:46:31,416 [main] INFO  ozone.MiniOzoneClusterImpl (MiniOzoneClusterImpl.java:lambda$waitForClusterToBeReady$0(201)) - Waiting for cluster to exit safe mode
2024-08-10 09:46:31,416 [main] INFO  ozone.MiniOzoneClusterImpl (MiniOzoneClusterImpl.java:lambda$waitForClusterToBeReady$0(203)) - SCM became leader
2024-08-10 09:46:31,416 [b854613b-8f09-4112-b6f5-dfe1ac09e405-groupManagement] INFO  server.RaftServerConfigKeys (ConfUtils.java:logGet(46)) - raft.server.log.segment.cache.num.max = 2 (custom)
2024-08-10 09:46:31,416 [b854613b-8f09-4112-b6f5-dfe1ac09e405-groupManagement] INFO  server.RaftServerConfigKeys (ConfUtils.java:logGet(46)) - raft.server.log.segment.cache.size.max = 200MB (=209715200) (default)
2024-08-10 09:46:31,416 [b854613b-8f09-4112-b6f5-dfe1ac09e405-groupManagement] INFO  server.RaftServerConfigKeys (ConfUtils.java:logGet(46)) - raft.server.log.appender.buffer.byte-limit = 8388608 (custom)
2024-08-10 09:46:31,416 [b854613b-8f09-4112-b6f5-dfe1ac09e405-groupManagement] INFO  util.AwaitToRun (AwaitToRun.java:start(81)) - Thread[b854613b-8f09-4112-b6f5-dfe1ac09e405@group-5DAB2127802C-cacheEviction-AwaitToRun,5,main] started
2024-08-10 09:46:31,417 [b854613b-8f09-4112-b6f5-dfe1ac09e405-groupManagement] INFO  segmented.SegmentedRaftLogWorker (SegmentedRaftLogWorker.java:<init>(184)) - new b854613b-8f09-4112-b6f5-dfe1ac09e405@group-5DAB2127802C-SegmentedRaftLogWorker for RaftStorageImpl:Storage Directory /home/runner/work/ozone/ozone/hadoop-ozone/integration-test/target/test-dir/MiniOzoneClusterImpl-76eaf92f-9dff-4d21-993f-c9a35837815b/ozone-meta/datanode-5/ratis/21fc0e6a-cba8-4d59-89b1-5dab2127802c
2024-08-10 09:46:31,417 [b854613b-8f09-4112-b6f5-dfe1ac09e405-groupManagement] INFO  server.RaftServerConfigKeys (ConfUtils.java:logGet(46)) - raft.server.log.queue.byte-limit = 4294967296 (custom)
2024-08-10 09:46:31,417 [b854613b-8f09-4112-b6f5-dfe1ac09e405-groupManagement] INFO  server.RaftServerConfigKeys (ConfUtils.java:logGet(46)) - raft.server.log.queue.element-limit = 1024 (custom)
2024-08-10 09:46:31,417 [b854613b-8f09-4112-b6f5-dfe1ac09e405-groupManagement] INFO  server.RaftServerConfigKeys (ConfUtils.java:logGet(46)) - raft.server.log.segment.size.max = 67108864 (custom)
2024-08-10 09:46:31,417 [b854613b-8f09-4112-b6f5-dfe1ac09e405-groupManagement] INFO  server.RaftServerConfigKeys (ConfUtils.java:logGet(46)) - raft.server.log.preallocated.size = 4194304 (custom)
2024-08-10 09:46:31,417 [b854613b-8f09-4112-b6f5-dfe1ac09e405-groupManagement] INFO  server.RaftServerConfigKeys (ConfUtils.java:logGet(46)) - raft.server.log.force.sync.num = 128 (default)
2024-08-10 09:46:31,417 [b854613b-8f09-4112-b6f5-dfe1ac09e405-groupManagement] INFO  server.RaftServerConfigKeys (ConfUtils.java:logGet(46)) - raft.server.log.statemachine.data.sync = true (default)
2024-08-10 09:46:31,417 [b854613b-8f09-4112-b6f5-dfe1ac09e405-groupManagement] INFO  server.RaftServerConfigKeys (ConfUtils.java:logGet(46)) - raft.server.log.statemachine.data.sync.timeout = 10s (default)
2024-08-10 09:46:31,417 [b854613b-8f09-4112-b6f5-dfe1ac09e405-groupManagement] INFO  server.RaftServerConfigKeys (ConfUtils.java:logGet(46)) - raft.server.log.statemachine.data.sync.timeout.retry = 30 (custom)
2024-08-10 09:46:31,417 [b854613b-8f09-4112-b6f5-dfe1ac09e405-groupManagement] INFO  server.RaftServerConfigKeys (ConfUtils.java:logGet(46)) - raft.server.log.write.buffer.size = 8388616 (custom)
2024-08-10 09:46:31,418 [b854613b-8f09-4112-b6f5-dfe1ac09e405-groupManagement] INFO  server.RaftServerConfigKeys (ConfUtils.java:logGet(46)) - raft.server.log.appender.buffer.byte-limit = 8388608 (custom)
2024-08-10 09:46:31,418 [b854613b-8f09-4112-b6f5-dfe1ac09e405-groupManagement] INFO  server.RaftServerConfigKeys (ConfUtils.java:logGet(46)) - raft.server.log.unsafe-flush.enabled = false (default)
2024-08-10 09:46:31,418 [b854613b-8f09-4112-b6f5-dfe1ac09e405-groupManagement] INFO  server.RaftServerConfigKeys (ConfUtils.java:logGet(46)) - raft.server.log.async-flush.enabled = false (default)
2024-08-10 09:46:31,418 [b854613b-8f09-4112-b6f5-dfe1ac09e405-groupManagement] INFO  server.RaftServerConfigKeys (ConfUtils.java:logGet(46)) - raft.server.log.statemachine.data.caching.enabled = true (custom)
2024-08-10 09:46:31,418 [b854613b-8f09-4112-b6f5-dfe1ac09e405-groupManagement] INFO  segmented.SegmentedRaftLogWorker (SegmentedRaftLogWorker.java:lambda$new$0(135)) - b854613b-8f09-4112-b6f5-dfe1ac09e405@group-5DAB2127802C-SegmentedRaftLogWorker: flushIndex: setUnconditionally 0 -> -1
2024-08-10 09:46:31,418 [b854613b-8f09-4112-b6f5-dfe1ac09e405-groupManagement] INFO  segmented.SegmentedRaftLogWorker (SegmentedRaftLogWorker.java:lambda$new$0(135)) - b854613b-8f09-4112-b6f5-dfe1ac09e405@group-5DAB2127802C-SegmentedRaftLogWorker: safeCacheEvictIndex: setUnconditionally 0 -> -1
2024-08-10 09:46:31,418 [b854613b-8f09-4112-b6f5-dfe1ac09e405-groupManagement] INFO  server.RaftServer$Division (RaftServerImpl.java:start(389)) - b854613b-8f09-4112-b6f5-dfe1ac09e405@group-5DAB2127802C: start as a follower, conf=conf: {index: -1, cur=peers:[b854613b-8f09-4112-b6f5-dfe1ac09e405|127.0.0.1:15578]|listeners:[], old=null}
2024-08-10 09:46:31,418 [b854613b-8f09-4112-b6f5-dfe1ac09e405-groupManagement] INFO  server.RaftServer$Division (RaftServerImpl.java:setRole(376)) - b854613b-8f09-4112-b6f5-dfe1ac09e405@group-5DAB2127802C: changes role from      null to FOLLOWER at term 0 for startAsFollower
2024-08-10 09:46:31,418 [b854613b-8f09-4112-b6f5-dfe1ac09e405-groupManagement] INFO  impl.RoleInfo (RoleInfo.java:updateAndGet(148)) - b854613b-8f09-4112-b6f5-dfe1ac09e405: start b854613b-8f09-4112-b6f5-dfe1ac09e405@group-5DAB2127802C-FollowerState
2024-08-10 09:46:31,419 [b854613b-8f09-4112-b6f5-dfe1ac09e405@group-5DAB2127802C-FollowerState] INFO  server.RaftServerConfigKeys (ConfUtils.java:logFallback(53)) - raft.server.rpc.first-election.timeout.min = 5s (fallback to raft.server.rpc.timeout.min)
2024-08-10 09:46:31,419 [b854613b-8f09-4112-b6f5-dfe1ac09e405@group-5DAB2127802C-FollowerState] INFO  server.RaftServerConfigKeys (ConfUtils.java:logFallback(53)) - raft.server.rpc.first-election.timeout.max = 5200ms (fallback to raft.server.rpc.timeout.max)
2024-08-10 09:46:31,419 [b854613b-8f09-4112-b6f5-dfe1ac09e405-groupManagement] INFO  util.JmxRegister (JmxRegister.java:tryRegister(44)) - Successfully registered JMX Bean with object name Ratis:service=RaftServer,group=group-5DAB2127802C,id=b854613b-8f09-4112-b6f5-dfe1ac09e405
2024-08-10 09:46:31,419 [b854613b-8f09-4112-b6f5-dfe1ac09e405-groupManagement] INFO  util.JmxRegister (JmxRegister.java:register(58)) - register mxBean class org.apache.ratis.server.impl.RaftServerJmxAdapter as Ratis:service=RaftServer,group=group-5DAB2127802C,id=b854613b-8f09-4112-b6f5-dfe1ac09e405
2024-08-10 09:46:31,419 [b854613b-8f09-4112-b6f5-dfe1ac09e405-groupManagement] INFO  server.RaftServerConfigKeys (ConfUtils.java:logGet(46)) - raft.server.snapshot.trigger-when-stop.enabled = true (default)
2024-08-10 09:46:31,419 [b854613b-8f09-4112-b6f5-dfe1ac09e405-groupManagement] INFO  server.RaftServerConfigKeys (ConfUtils.java:logGet(46)) - raft.server.snapshot.trigger-when-remove.enabled = true (default)
2024-08-10 09:46:31,419 [b854613b-8f09-4112-b6f5-dfe1ac09e405-groupManagement] INFO  server.RaftServerConfigKeys (ConfUtils.java:logGet(46)) - raft.server.snapshot.auto.trigger.enabled = true (custom)
2024-08-10 09:46:31,419 [b854613b-8f09-4112-b6f5-dfe1ac09e405-groupManagement] INFO  server.RaftServerConfigKeys (ConfUtils.java:logGet(46)) - raft.server.snapshot.auto.trigger.threshold = 10000 (custom)
2024-08-10 09:46:31,419 [b854613b-8f09-4112-b6f5-dfe1ac09e405-groupManagement] INFO  server.RaftServerConfigKeys (ConfUtils.java:logGet(46)) - raft.server.snapshot.retention.file.num = 5 (custom)
2024-08-10 09:46:31,419 [b854613b-8f09-4112-b6f5-dfe1ac09e405-groupManagement] INFO  server.RaftServerConfigKeys (ConfUtils.java:logGet(46)) - raft.server.log.purge.upto.snapshot.index = false (default)
2024-08-10 09:46:31,420 [b854613b-8f09-4112-b6f5-dfe1ac09e405-PipelineCommandHandlerThread-0] INFO  ratis.XceiverServerRatis (XceiverServerRatis.java:addGroup(846)) - Created group PipelineID=21fc0e6a-cba8-4d59-89b1-5dab2127802c
2024-08-10 09:46:31,420 [b854613b-8f09-4112-b6f5-dfe1ac09e405-PipelineCommandHandlerThread-0] INFO  commandhandler.CreatePipelineCommandHandler (CreatePipelineCommandHandler.java:lambda$handle$2(124)) - Created Pipeline RATIS ONE PipelineID=21fc0e6a-cba8-4d59-89b1-5dab2127802c.
2024-08-10 09:46:32,416 [main] INFO  ozone.MiniOzoneClusterImpl (MiniOzoneClusterImpl.java:lambda$waitForClusterToBeReady$0(198)) - Nodes are ready. Got 5 of 5 DN Heartbeats.
2024-08-10 09:46:32,416 [main] INFO  ozone.MiniOzoneClusterImpl (MiniOzoneClusterImpl.java:lambda$waitForClusterToBeReady$0(201)) - Waiting for cluster to exit safe mode
2024-08-10 09:46:32,417 [main] INFO  ozone.MiniOzoneClusterImpl (MiniOzoneClusterImpl.java:lambda$waitForClusterToBeReady$0(203)) - SCM became leader
2024-08-10 09:46:33,417 [main] INFO  ozone.MiniOzoneClusterImpl (MiniOzoneClusterImpl.java:lambda$waitForClusterToBeReady$0(198)) - Nodes are ready. Got 5 of 5 DN Heartbeats.
2024-08-10 09:46:33,417 [main] INFO  ozone.MiniOzoneClusterImpl (MiniOzoneClusterImpl.java:lambda$waitForClusterToBeReady$0(201)) - Waiting for cluster to exit safe mode
2024-08-10 09:46:33,417 [main] INFO  ozone.MiniOzoneClusterImpl (MiniOzoneClusterImpl.java:lambda$waitForClusterToBeReady$0(203)) - SCM became leader
2024-08-10 09:46:34,417 [main] INFO  ozone.MiniOzoneClusterImpl (MiniOzoneClusterImpl.java:lambda$waitForClusterToBeReady$0(198)) - Nodes are ready. Got 5 of 5 DN Heartbeats.
2024-08-10 09:46:34,418 [main] INFO  ozone.MiniOzoneClusterImpl (MiniOzoneClusterImpl.java:lambda$waitForClusterToBeReady$0(201)) - Waiting for cluster to exit safe mode
2024-08-10 09:46:34,418 [main] INFO  ozone.MiniOzoneClusterImpl (MiniOzoneClusterImpl.java:lambda$waitForClusterToBeReady$0(203)) - SCM became leader
2024-08-10 09:46:35,418 [main] INFO  ozone.MiniOzoneClusterImpl (MiniOzoneClusterImpl.java:lambda$waitForClusterToBeReady$0(198)) - Nodes are ready. Got 5 of 5 DN Heartbeats.
2024-08-10 09:46:35,418 [main] INFO  ozone.MiniOzoneClusterImpl (MiniOzoneClusterImpl.java:lambda$waitForClusterToBeReady$0(201)) - Waiting for cluster to exit safe mode
2024-08-10 09:46:35,418 [main] INFO  ozone.MiniOzoneClusterImpl (MiniOzoneClusterImpl.java:lambda$waitForClusterToBeReady$0(203)) - SCM became leader
2024-08-10 09:46:35,625 [0d551621-3a78-470c-abdb-c40a133c0b47@group-F5900B241937-FollowerState] INFO  impl.FollowerState (FollowerState.java:run(144)) - 0d551621-3a78-470c-abdb-c40a133c0b47@group-F5900B241937-FollowerState: change to CANDIDATE, lastRpcElapsedTime:5068416319ns, electionTimeout:5068ms
2024-08-10 09:46:35,625 [0d551621-3a78-470c-abdb-c40a133c0b47@group-F5900B241937-FollowerState] INFO  impl.RoleInfo (RoleInfo.java:shutdownFollowerState(119)) - 0d551621-3a78-470c-abdb-c40a133c0b47: shutdown 0d551621-3a78-470c-abdb-c40a133c0b47@group-F5900B241937-FollowerState
2024-08-10 09:46:35,625 [0d551621-3a78-470c-abdb-c40a133c0b47@group-F5900B241937-FollowerState] INFO  server.RaftServer$Division (RaftServerImpl.java:setRole(376)) - 0d551621-3a78-470c-abdb-c40a133c0b47@group-F5900B241937: changes role from  FOLLOWER to CANDIDATE at term 0 for changeToCandidate
2024-08-10 09:46:35,625 [0d551621-3a78-470c-abdb-c40a133c0b47@group-F5900B241937-FollowerState] INFO  server.RaftServerConfigKeys (ConfUtils.java:logGet(46)) - raft.server.leaderelection.pre-vote = true (default)
2024-08-10 09:46:35,625 [0d551621-3a78-470c-abdb-c40a133c0b47@group-F5900B241937-FollowerState] INFO  impl.RoleInfo (RoleInfo.java:updateAndGet(148)) - 0d551621-3a78-470c-abdb-c40a133c0b47: start 0d551621-3a78-470c-abdb-c40a133c0b47@group-F5900B241937-LeaderElection141
2024-08-10 09:46:35,625 [0d551621-3a78-470c-abdb-c40a133c0b47@group-F5900B241937-LeaderElection141] INFO  impl.LeaderElection (LeaderElection.java:askForVotes(321)) - 0d551621-3a78-470c-abdb-c40a133c0b47@group-F5900B241937-LeaderElection141 PRE_VOTE round 0: submit vote requests at term 0 for conf: {index: -1, cur=peers:[0d551621-3a78-470c-abdb-c40a133c0b47|127.0.0.1:15560, bc9bd5ba-19eb-4eb9-bb97-9549088a2cda|127.0.0.1:15551, 2de4195a-f779-4305-af6f-892378b3f55f|127.0.0.1:15542]|listeners:[], old=null}
2024-08-10 09:46:35,626 [0d551621-3a78-470c-abdb-c40a133c0b47@group-F5900B241937-LeaderElection141-1] INFO  server.GrpcServerProtocolClient (GrpcServerProtocolClient.java:<init>(65)) - Build channel for bc9bd5ba-19eb-4eb9-bb97-9549088a2cda|127.0.0.1:15551
2024-08-10 09:46:35,626 [0d551621-3a78-470c-abdb-c40a133c0b47@group-F5900B241937-LeaderElection141-2] INFO  server.GrpcServerProtocolClient (GrpcServerProtocolClient.java:<init>(65)) - Build channel for 2de4195a-f779-4305-af6f-892378b3f55f|127.0.0.1:15542
2024-08-10 09:46:35,626 [0d551621-3a78-470c-abdb-c40a133c0b47@group-F5900B241937-LeaderElection141] INFO  server.RaftServerConfigKeys (ConfUtils.java:logFallback(53)) - raft.server.rpc.first-election.timeout.min = 5s (fallback to raft.server.rpc.timeout.min)
2024-08-10 09:46:35,626 [0d551621-3a78-470c-abdb-c40a133c0b47@group-F5900B241937-LeaderElection141] INFO  server.RaftServerConfigKeys (ConfUtils.java:logFallback(53)) - raft.server.rpc.first-election.timeout.max = 5200ms (fallback to raft.server.rpc.timeout.max)
2024-08-10 09:46:35,628 [grpc-default-executor-1] INFO  server.RaftServer$Division (RaftServerImpl.java:requestVote(1416)) - bc9bd5ba-19eb-4eb9-bb97-9549088a2cda@group-F5900B241937: receive requestVote(PRE_VOTE, 0d551621-3a78-470c-abdb-c40a133c0b47, group-F5900B241937, 0, (t:0, i:0))
2024-08-10 09:46:35,628 [grpc-default-executor-1] INFO  impl.VoteContext (VoteContext.java:log(49)) - bc9bd5ba-19eb-4eb9-bb97-9549088a2cda@group-F5900B241937-FOLLOWER: accept PRE_VOTE from 0d551621-3a78-470c-abdb-c40a133c0b47: our priority 0 <= candidate's priority 0
2024-08-10 09:46:35,628 [grpc-default-executor-1] INFO  server.RaftServer$Division (RaftServerImpl.java:requestVote(1449)) - bc9bd5ba-19eb-4eb9-bb97-9549088a2cda@group-F5900B241937 replies to PRE_VOTE vote request: 0d551621-3a78-470c-abdb-c40a133c0b47<-bc9bd5ba-19eb-4eb9-bb97-9549088a2cda#0:OK-t0. Peer's state: bc9bd5ba-19eb-4eb9-bb97-9549088a2cda@group-F5900B241937:t0, leader=null, voted=, raftlog=Memoized:bc9bd5ba-19eb-4eb9-bb97-9549088a2cda@group-F5900B241937-SegmentedRaftLog:OPENED:c-1:lastnull, conf=conf: {index: -1, cur=peers:[0d551621-3a78-470c-abdb-c40a133c0b47|127.0.0.1:15560, bc9bd5ba-19eb-4eb9-bb97-9549088a2cda|127.0.0.1:15551, 2de4195a-f779-4305-af6f-892378b3f55f|127.0.0.1:15542]|listeners:[], old=null}
2024-08-10 09:46:35,631 [bc9bd5ba-19eb-4eb9-bb97-9549088a2cda@group-F5900B241937-FollowerState] INFO  server.RaftServerConfigKeys (ConfUtils.java:logFallback(53)) - raft.server.rpc.first-election.timeout.min = 5s (fallback to raft.server.rpc.timeout.min)
2024-08-10 09:46:35,631 [bc9bd5ba-19eb-4eb9-bb97-9549088a2cda@group-F5900B241937-FollowerState] INFO  server.RaftServerConfigKeys (ConfUtils.java:logFallback(53)) - raft.server.rpc.first-election.timeout.max = 5200ms (fallback to raft.server.rpc.timeout.max)
2024-08-10 09:46:35,631 [grpc-default-executor-1] INFO  server.RaftServer$Division (RaftServerImpl.java:requestVote(1416)) - 2de4195a-f779-4305-af6f-892378b3f55f@group-F5900B241937: receive requestVote(PRE_VOTE, 0d551621-3a78-470c-abdb-c40a133c0b47, group-F5900B241937, 0, (t:0, i:0))
2024-08-10 09:46:35,632 [grpc-default-executor-1] INFO  impl.VoteContext (VoteContext.java:log(49)) - 2de4195a-f779-4305-af6f-892378b3f55f@group-F5900B241937-FOLLOWER: reject PRE_VOTE from 0d551621-3a78-470c-abdb-c40a133c0b47: our priority 1 > candidate's priority 0
2024-08-10 09:46:35,632 [grpc-default-executor-1] INFO  server.RaftServer$Division (RaftServerImpl.java:requestVote(1449)) - 2de4195a-f779-4305-af6f-892378b3f55f@group-F5900B241937 replies to PRE_VOTE vote request: 0d551621-3a78-470c-abdb-c40a133c0b47<-2de4195a-f779-4305-af6f-892378b3f55f#0:FAIL-t0. Peer's state: 2de4195a-f779-4305-af6f-892378b3f55f@group-F5900B241937:t0, leader=null, voted=, raftlog=Memoized:2de4195a-f779-4305-af6f-892378b3f55f@group-F5900B241937-SegmentedRaftLog:OPENED:c-1:lastnull, conf=conf: {index: -1, cur=peers:[0d551621-3a78-470c-abdb-c40a133c0b47|127.0.0.1:15560, bc9bd5ba-19eb-4eb9-bb97-9549088a2cda|127.0.0.1:15551, 2de4195a-f779-4305-af6f-892378b3f55f|127.0.0.1:15542]|listeners:[], old=null}
2024-08-10 09:46:35,632 [0d551621-3a78-470c-abdb-c40a133c0b47@group-F5900B241937-LeaderElection141] INFO  impl.LeaderElection (LeaderElection.java:logAndReturn(89)) - 0d551621-3a78-470c-abdb-c40a133c0b47@group-F5900B241937-LeaderElection141: PRE_VOTE REJECTED received 2 response(s) and 0 exception(s):
2024-08-10 09:46:35,632 [0d551621-3a78-470c-abdb-c40a133c0b47@group-F5900B241937-LeaderElection141] INFO  impl.LeaderElection (LeaderElection.java:logAndReturn(93)) -   Response 0: 0d551621-3a78-470c-abdb-c40a133c0b47<-bc9bd5ba-19eb-4eb9-bb97-9549088a2cda#0:OK-t0
2024-08-10 09:46:35,632 [0d551621-3a78-470c-abdb-c40a133c0b47@group-F5900B241937-LeaderElection141] INFO  impl.LeaderElection (LeaderElection.java:logAndReturn(93)) -   Response 1: 0d551621-3a78-470c-abdb-c40a133c0b47<-2de4195a-f779-4305-af6f-892378b3f55f#0:FAIL-t0
2024-08-10 09:46:35,632 [0d551621-3a78-470c-abdb-c40a133c0b47@group-F5900B241937-LeaderElection141] INFO  impl.LeaderElection (LeaderElection.java:askForVotes(323)) - 0d551621-3a78-470c-abdb-c40a133c0b47@group-F5900B241937-LeaderElection141 PRE_VOTE round 0: result REJECTED
2024-08-10 09:46:35,632 [0d551621-3a78-470c-abdb-c40a133c0b47@group-F5900B241937-LeaderElection141] INFO  server.RaftServer$Division (RaftServerImpl.java:setRole(376)) - 0d551621-3a78-470c-abdb-c40a133c0b47@group-F5900B241937: changes role from CANDIDATE to FOLLOWER at term 0 for REJECTED
2024-08-10 09:46:35,632 [0d551621-3a78-470c-abdb-c40a133c0b47@group-F5900B241937-LeaderElection141] INFO  impl.RoleInfo (RoleInfo.java:shutdownLeaderElection(139)) - 0d551621-3a78-470c-abdb-c40a133c0b47: shutdown 0d551621-3a78-470c-abdb-c40a133c0b47@group-F5900B241937-LeaderElection141
2024-08-10 09:46:35,632 [0d551621-3a78-470c-abdb-c40a133c0b47@group-F5900B241937-LeaderElection141] INFO  impl.RoleInfo (RoleInfo.java:updateAndGet(148)) - 0d551621-3a78-470c-abdb-c40a133c0b47: start 0d551621-3a78-470c-abdb-c40a133c0b47@group-F5900B241937-FollowerState
2024-08-10 09:46:35,634 [0d551621-3a78-470c-abdb-c40a133c0b47@group-F5900B241937-LeaderElection141] INFO  server.RaftServer$Division (RaftServerImpl.java:setFirstElection(549)) - 0d551621-3a78-470c-abdb-c40a133c0b47@group-F5900B241937: set firstElectionSinceStartup to false for REJECTED
2024-08-10 09:46:35,639 [bc9bd5ba-19eb-4eb9-bb97-9549088a2cda@group-A2590A4CE48A-FollowerState] INFO  impl.FollowerState (FollowerState.java:run(144)) - bc9bd5ba-19eb-4eb9-bb97-9549088a2cda@group-A2590A4CE48A-FollowerState: change to CANDIDATE, lastRpcElapsedTime:5011456945ns, electionTimeout:5011ms
2024-08-10 09:46:35,639 [bc9bd5ba-19eb-4eb9-bb97-9549088a2cda@group-A2590A4CE48A-FollowerState] INFO  impl.RoleInfo (RoleInfo.java:shutdownFollowerState(119)) - bc9bd5ba-19eb-4eb9-bb97-9549088a2cda: shutdown bc9bd5ba-19eb-4eb9-bb97-9549088a2cda@group-A2590A4CE48A-FollowerState
2024-08-10 09:46:35,639 [bc9bd5ba-19eb-4eb9-bb97-9549088a2cda@group-A2590A4CE48A-FollowerState] INFO  server.RaftServer$Division (RaftServerImpl.java:setRole(376)) - bc9bd5ba-19eb-4eb9-bb97-9549088a2cda@group-A2590A4CE48A: changes role from  FOLLOWER to CANDIDATE at term 0 for changeToCandidate
2024-08-10 09:46:35,639 [bc9bd5ba-19eb-4eb9-bb97-9549088a2cda@group-A2590A4CE48A-FollowerState] INFO  server.RaftServerConfigKeys (ConfUtils.java:logGet(46)) - raft.server.leaderelection.pre-vote = true (default)
2024-08-10 09:46:35,639 [bc9bd5ba-19eb-4eb9-bb97-9549088a2cda@group-A2590A4CE48A-FollowerState] INFO  impl.RoleInfo (RoleInfo.java:updateAndGet(148)) - bc9bd5ba-19eb-4eb9-bb97-9549088a2cda: start bc9bd5ba-19eb-4eb9-bb97-9549088a2cda@group-A2590A4CE48A-LeaderElection142
2024-08-10 09:46:35,639 [bc9bd5ba-19eb-4eb9-bb97-9549088a2cda@group-A2590A4CE48A-LeaderElection142] INFO  impl.LeaderElection (LeaderElection.java:askForVotes(321)) - bc9bd5ba-19eb-4eb9-bb97-9549088a2cda@group-A2590A4CE48A-LeaderElection142 PRE_VOTE round 0: submit vote requests at term 0 for conf: {index: -1, cur=peers:[0d551621-3a78-470c-abdb-c40a133c0b47|127.0.0.1:15560, bc9bd5ba-19eb-4eb9-bb97-9549088a2cda|127.0.0.1:15551, 2de4195a-f779-4305-af6f-892378b3f55f|127.0.0.1:15542]|listeners:[], old=null}
2024-08-10 09:46:35,639 [bc9bd5ba-19eb-4eb9-bb97-9549088a2cda@group-A2590A4CE48A-LeaderElection142] INFO  server.RaftServerConfigKeys (ConfUtils.java:logFallback(53)) - raft.server.rpc.first-election.timeout.min = 5s (fallback to raft.server.rpc.timeout.min)
2024-08-10 09:46:35,639 [bc9bd5ba-19eb-4eb9-bb97-9549088a2cda@group-A2590A4CE48A-LeaderElection142] INFO  server.RaftServerConfigKeys (ConfUtils.java:logFallback(53)) - raft.server.rpc.first-election.timeout.max = 5200ms (fallback to raft.server.rpc.timeout.max)
2024-08-10 09:46:35,639 [bc9bd5ba-19eb-4eb9-bb97-9549088a2cda@group-A2590A4CE48A-LeaderElection142-1] INFO  server.GrpcServerProtocolClient (GrpcServerProtocolClient.java:<init>(65)) - Build channel for 0d551621-3a78-470c-abdb-c40a133c0b47|127.0.0.1:15560
2024-08-10 09:46:35,640 [bc9bd5ba-19eb-4eb9-bb97-9549088a2cda@group-A2590A4CE48A-LeaderElection142-2] INFO  server.GrpcServerProtocolClient (GrpcServerProtocolClient.java:<init>(65)) - Build channel for 2de4195a-f779-4305-af6f-892378b3f55f|127.0.0.1:15542
2024-08-10 09:46:35,641 [grpc-default-executor-1] INFO  server.RaftServer$Division (RaftServerImpl.java:requestVote(1416)) - 0d551621-3a78-470c-abdb-c40a133c0b47@group-A2590A4CE48A: receive requestVote(PRE_VOTE, bc9bd5ba-19eb-4eb9-bb97-9549088a2cda, group-A2590A4CE48A, 0, (t:0, i:0))
2024-08-10 09:46:35,642 [grpc-default-executor-1] INFO  impl.VoteContext (VoteContext.java:log(49)) - 0d551621-3a78-470c-abdb-c40a133c0b47@group-A2590A4CE48A-FOLLOWER: accept PRE_VOTE from bc9bd5ba-19eb-4eb9-bb97-9549088a2cda: our priority 0 <= candidate's priority 1
2024-08-10 09:46:35,642 [grpc-default-executor-1] INFO  server.RaftServer$Division (RaftServerImpl.java:requestVote(1449)) - 0d551621-3a78-470c-abdb-c40a133c0b47@group-A2590A4CE48A replies to PRE_VOTE vote request: bc9bd5ba-19eb-4eb9-bb97-9549088a2cda<-0d551621-3a78-470c-abdb-c40a133c0b47#0:OK-t0. Peer's state: 0d551621-3a78-470c-abdb-c40a133c0b47@group-A2590A4CE48A:t0, leader=null, voted=, raftlog=Memoized:0d551621-3a78-470c-abdb-c40a133c0b47@group-A2590A4CE48A-SegmentedRaftLog:OPENED:c-1:lastnull, conf=conf: {index: -1, cur=peers:[0d551621-3a78-470c-abdb-c40a133c0b47|127.0.0.1:15560, bc9bd5ba-19eb-4eb9-bb97-9549088a2cda|127.0.0.1:15551, 2de4195a-f779-4305-af6f-892378b3f55f|127.0.0.1:15542]|listeners:[], old=null}
2024-08-10 09:46:35,643 [bc9bd5ba-19eb-4eb9-bb97-9549088a2cda@group-A2590A4CE48A-LeaderElection142] INFO  impl.LeaderElection (LeaderElection.java:logAndReturn(89)) - bc9bd5ba-19eb-4eb9-bb97-9549088a2cda@group-A2590A4CE48A-LeaderElection142: PRE_VOTE PASSED received 1 response(s) and 0 exception(s):
2024-08-10 09:46:35,643 [bc9bd5ba-19eb-4eb9-bb97-9549088a2cda@group-A2590A4CE48A-LeaderElection142] INFO  impl.LeaderElection (LeaderElection.java:logAndReturn(93)) -   Response 0: bc9bd5ba-19eb-4eb9-bb97-9549088a2cda<-0d551621-3a78-470c-abdb-c40a133c0b47#0:OK-t0
2024-08-10 09:46:35,643 [bc9bd5ba-19eb-4eb9-bb97-9549088a2cda@group-A2590A4CE48A-LeaderElection142] INFO  impl.LeaderElection (LeaderElection.java:askForVotes(323)) - bc9bd5ba-19eb-4eb9-bb97-9549088a2cda@group-A2590A4CE48A-LeaderElection142 PRE_VOTE round 0: result PASSED
2024-08-10 09:46:35,644 [bc9bd5ba-19eb-4eb9-bb97-9549088a2cda@group-A2590A4CE48A-LeaderElection142] INFO  impl.LeaderElection (LeaderElection.java:askForVotes(321)) - bc9bd5ba-19eb-4eb9-bb97-9549088a2cda@group-A2590A4CE48A-LeaderElection142 ELECTION round 0: submit vote requests at term 1 for conf: {index: -1, cur=peers:[0d551621-3a78-470c-abdb-c40a133c0b47|127.0.0.1:15560, bc9bd5ba-19eb-4eb9-bb97-9549088a2cda|127.0.0.1:15551, 2de4195a-f779-4305-af6f-892378b3f55f|127.0.0.1:15542]|listeners:[], old=null}
2024-08-10 09:46:35,645 [bc9bd5ba-19eb-4eb9-bb97-9549088a2cda@group-9E8CB2D7ECCE-FollowerState] INFO  impl.FollowerState (FollowerState.java:run(144)) - bc9bd5ba-19eb-4eb9-bb97-9549088a2cda@group-9E8CB2D7ECCE-FollowerState: change to CANDIDATE, lastRpcElapsedTime:5041420970ns, electionTimeout:5041ms
2024-08-10 09:46:35,645 [bc9bd5ba-19eb-4eb9-bb97-9549088a2cda@group-9E8CB2D7ECCE-FollowerState] INFO  impl.RoleInfo (RoleInfo.java:shutdownFollowerState(119)) - bc9bd5ba-19eb-4eb9-bb97-9549088a2cda: shutdown bc9bd5ba-19eb-4eb9-bb97-9549088a2cda@group-9E8CB2D7ECCE-FollowerState
2024-08-10 09:46:35,645 [bc9bd5ba-19eb-4eb9-bb97-9549088a2cda@group-9E8CB2D7ECCE-FollowerState] INFO  server.RaftServer$Division (RaftServerImpl.java:setRole(376)) - bc9bd5ba-19eb-4eb9-bb97-9549088a2cda@group-9E8CB2D7ECCE: changes role from  FOLLOWER to CANDIDATE at term 0 for changeToCandidate
2024-08-10 09:46:35,645 [bc9bd5ba-19eb-4eb9-bb97-9549088a2cda@group-A2590A4CE48A-LeaderElection142] INFO  server.RaftServerConfigKeys (ConfUtils.java:logFallback(53)) - raft.server.rpc.first-election.timeout.min = 5s (fallback to raft.server.rpc.timeout.min)
2024-08-10 09:46:35,645 [bc9bd5ba-19eb-4eb9-bb97-9549088a2cda@group-A2590A4CE48A-LeaderElection142] INFO  server.RaftServerConfigKeys (ConfUtils.java:logFallback(53)) - raft.server.rpc.first-election.timeout.max = 5200ms (fallback to raft.server.rpc.timeout.max)
2024-08-10 09:46:35,645 [bc9bd5ba-19eb-4eb9-bb97-9549088a2cda@group-9E8CB2D7ECCE-FollowerState] INFO  server.RaftServerConfigKeys (ConfUtils.java:logGet(46)) - raft.server.leaderelection.pre-vote = true (default)
2024-08-10 09:46:35,645 [bc9bd5ba-19eb-4eb9-bb97-9549088a2cda@group-9E8CB2D7ECCE-FollowerState] INFO  impl.RoleInfo (RoleInfo.java:updateAndGet(148)) - bc9bd5ba-19eb-4eb9-bb97-9549088a2cda: start bc9bd5ba-19eb-4eb9-bb97-9549088a2cda@group-9E8CB2D7ECCE-LeaderElection143
2024-08-10 09:46:35,645 [2de4195a-f779-4305-af6f-892378b3f55f@group-01BC844751B2-FollowerState] INFO  impl.FollowerState (FollowerState.java:run(144)) - 2de4195a-f779-4305-af6f-892378b3f55f@group-01BC844751B2-FollowerState: change to CANDIDATE, lastRpcElapsedTime:5130412643ns, electionTimeout:5129ms
2024-08-10 09:46:35,645 [2de4195a-f779-4305-af6f-892378b3f55f@group-01BC844751B2-FollowerState] INFO  impl.RoleInfo (RoleInfo.java:shutdownFollowerState(119)) - 2de4195a-f779-4305-af6f-892378b3f55f: shutdown 2de4195a-f779-4305-af6f-892378b3f55f@group-01BC844751B2-FollowerState
2024-08-10 09:46:35,645 [2de4195a-f779-4305-af6f-892378b3f55f@group-01BC844751B2-FollowerState] INFO  server.RaftServer$Division (RaftServerImpl.java:setRole(376)) - 2de4195a-f779-4305-af6f-892378b3f55f@group-01BC844751B2: changes role from  FOLLOWER to CANDIDATE at term 0 for changeToCandidate
2024-08-10 09:46:35,645 [2de4195a-f779-4305-af6f-892378b3f55f@group-01BC844751B2-FollowerState] INFO  server.RaftServerConfigKeys (ConfUtils.java:logGet(46)) - raft.server.leaderelection.pre-vote = true (default)
2024-08-10 09:46:35,645 [2de4195a-f779-4305-af6f-892378b3f55f@group-01BC844751B2-FollowerState] INFO  impl.RoleInfo (RoleInfo.java:updateAndGet(148)) - 2de4195a-f779-4305-af6f-892378b3f55f: start 2de4195a-f779-4305-af6f-892378b3f55f@group-01BC844751B2-LeaderElection144
2024-08-10 09:46:35,646 [bc9bd5ba-19eb-4eb9-bb97-9549088a2cda@group-9E8CB2D7ECCE-LeaderElection143] INFO  impl.LeaderElection (LeaderElection.java:askForVotes(321)) - bc9bd5ba-19eb-4eb9-bb97-9549088a2cda@group-9E8CB2D7ECCE-LeaderElection143 PRE_VOTE round 0: submit vote requests at term 0 for conf: {index: -1, cur=peers:[0d551621-3a78-470c-abdb-c40a133c0b47|127.0.0.1:15560, bc9bd5ba-19eb-4eb9-bb97-9549088a2cda|127.0.0.1:15551, 2de4195a-f779-4305-af6f-892378b3f55f|127.0.0.1:15542]|listeners:[], old=null}
2024-08-10 09:46:35,646 [2de4195a-f779-4305-af6f-892378b3f55f@group-01BC844751B2-LeaderElection144] INFO  impl.LeaderElection (LeaderElection.java:askForVotes(321)) - 2de4195a-f779-4305-af6f-892378b3f55f@group-01BC844751B2-LeaderElection144 PRE_VOTE round 0: submit vote requests at term 0 for conf: {index: -1, cur=peers:[2de4195a-f779-4305-af6f-892378b3f55f|127.0.0.1:15542]|listeners:[], old=null}
2024-08-10 09:46:35,646 [2de4195a-f779-4305-af6f-892378b3f55f@group-01BC844751B2-LeaderElection144] INFO  impl.LeaderElection (LeaderElection.java:askForVotes(323)) - 2de4195a-f779-4305-af6f-892378b3f55f@group-01BC844751B2-LeaderElection144 PRE_VOTE round 0: result PASSED (term=0)
2024-08-10 09:46:35,646 [grpc-default-executor-0] INFO  server.RaftServer$Division (RaftServerImpl.java:requestVote(1416)) - 0d551621-3a78-470c-abdb-c40a133c0b47@group-A2590A4CE48A: receive requestVote(ELECTION, bc9bd5ba-19eb-4eb9-bb97-9549088a2cda, group-A2590A4CE48A, 1, (t:0, i:0))
2024-08-10 09:46:35,646 [grpc-default-executor-0] INFO  impl.VoteContext (VoteContext.java:log(49)) - 0d551621-3a78-470c-abdb-c40a133c0b47@group-A2590A4CE48A-FOLLOWER: accept ELECTION from bc9bd5ba-19eb-4eb9-bb97-9549088a2cda: our priority 0 <= candidate's priority 1
2024-08-10 09:46:35,647 [grpc-default-executor-0] INFO  server.RaftServer$Division (RaftServerImpl.java:setRole(376)) - 0d551621-3a78-470c-abdb-c40a133c0b47@group-A2590A4CE48A: changes role from  FOLLOWER to FOLLOWER at term 1 for candidate:bc9bd5ba-19eb-4eb9-bb97-9549088a2cda
2024-08-10 09:46:35,647 [grpc-default-executor-0] INFO  impl.RoleInfo (RoleInfo.java:shutdownFollowerState(119)) - 0d551621-3a78-470c-abdb-c40a133c0b47: shutdown 0d551621-3a78-470c-abdb-c40a133c0b47@group-A2590A4CE48A-FollowerState
2024-08-10 09:46:35,647 [grpc-default-executor-0] INFO  impl.RoleInfo (RoleInfo.java:updateAndGet(148)) - 0d551621-3a78-470c-abdb-c40a133c0b47: start 0d551621-3a78-470c-abdb-c40a133c0b47@group-A2590A4CE48A-FollowerState
2024-08-10 09:46:35,647 [0d551621-3a78-470c-abdb-c40a133c0b47@group-A2590A4CE48A-FollowerState] INFO  impl.FollowerState (FollowerState.java:run(153)) - 0d551621-3a78-470c-abdb-c40a133c0b47@group-A2590A4CE48A-FollowerState was interrupted
2024-08-10 09:46:35,647 [grpc-default-executor-1] INFO  server.RaftServer$Division (RaftServerImpl.java:requestVote(1416)) - 2de4195a-f779-4305-af6f-892378b3f55f@group-A2590A4CE48A: receive requestVote(ELECTION, bc9bd5ba-19eb-4eb9-bb97-9549088a2cda, group-A2590A4CE48A, 1, (t:0, i:0))
2024-08-10 09:46:35,647 [grpc-default-executor-1] INFO  impl.VoteContext (VoteContext.java:log(49)) - 2de4195a-f779-4305-af6f-892378b3f55f@group-A2590A4CE48A-FOLLOWER: accept ELECTION from bc9bd5ba-19eb-4eb9-bb97-9549088a2cda: our priority 0 <= candidate's priority 1
2024-08-10 09:46:35,647 [grpc-default-executor-1] INFO  server.RaftServer$Division (RaftServerImpl.java:setRole(376)) - 2de4195a-f779-4305-af6f-892378b3f55f@group-A2590A4CE48A: changes role from  FOLLOWER to FOLLOWER at term 1 for candidate:bc9bd5ba-19eb-4eb9-bb97-9549088a2cda
2024-08-10 09:46:35,647 [grpc-default-executor-1] INFO  impl.RoleInfo (RoleInfo.java:shutdownFollowerState(119)) - 2de4195a-f779-4305-af6f-892378b3f55f: shutdown 2de4195a-f779-4305-af6f-892378b3f55f@group-A2590A4CE48A-FollowerState
2024-08-10 09:46:35,647 [grpc-default-executor-1] INFO  impl.RoleInfo (RoleInfo.java:updateAndGet(148)) - 2de4195a-f779-4305-af6f-892378b3f55f: start 2de4195a-f779-4305-af6f-892378b3f55f@group-A2590A4CE48A-FollowerState
2024-08-10 09:46:35,648 [2de4195a-f779-4305-af6f-892378b3f55f@group-A2590A4CE48A-FollowerState] INFO  impl.FollowerState (FollowerState.java:run(153)) - 2de4195a-f779-4305-af6f-892378b3f55f@group-A2590A4CE48A-FollowerState was interrupted
2024-08-10 09:46:35,648 [2de4195a-f779-4305-af6f-892378b3f55f@group-01BC844751B2-LeaderElection144] INFO  impl.LeaderElection (LeaderElection.java:askForVotes(321)) - 2de4195a-f779-4305-af6f-892378b3f55f@group-01BC844751B2-LeaderElection144 ELECTION round 0: submit vote requests at term 1 for conf: {index: -1, cur=peers:[2de4195a-f779-4305-af6f-892378b3f55f|127.0.0.1:15542]|listeners:[], old=null}
2024-08-10 09:46:35,648 [2de4195a-f779-4305-af6f-892378b3f55f@group-01BC844751B2-LeaderElection144] INFO  impl.LeaderElection (LeaderElection.java:askForVotes(323)) - 2de4195a-f779-4305-af6f-892378b3f55f@group-01BC844751B2-LeaderElection144 ELECTION round 0: result PASSED (term=1)
2024-08-10 09:46:35,648 [2de4195a-f779-4305-af6f-892378b3f55f@group-01BC844751B2-LeaderElection144] INFO  impl.RoleInfo (RoleInfo.java:shutdownLeaderElection(139)) - 2de4195a-f779-4305-af6f-892378b3f55f: shutdown 2de4195a-f779-4305-af6f-892378b3f55f@group-01BC844751B2-LeaderElection144
2024-08-10 09:46:35,648 [2de4195a-f779-4305-af6f-892378b3f55f@group-01BC844751B2-LeaderElection144] INFO  server.RaftServer$Division (RaftServerImpl.java:setRole(376)) - 2de4195a-f779-4305-af6f-892378b3f55f@group-01BC844751B2: changes role from CANDIDATE to LEADER at term 1 for changeToLeader
2024-08-10 09:46:35,648 [2de4195a-f779-4305-af6f-892378b3f55f@group-01BC844751B2-LeaderElection144] INFO  server.RaftServerConfigKeys (ConfUtils.java:logGet(46)) - raft.server.staging.catchup.gap = 1000 (default)
2024-08-10 09:46:35,648 [2de4195a-f779-4305-af6f-892378b3f55f@group-01BC844751B2-LeaderElection144] INFO  server.RaftServerConfigKeys (ConfUtils.java:logGet(46)) - raft.server.write.element-limit = 1024 (custom)
2024-08-10 09:46:35,648 [2de4195a-f779-4305-af6f-892378b3f55f@group-01BC844751B2-LeaderElection144] INFO  server.RaftServerConfigKeys (ConfUtils.java:logGet(46)) - raft.server.write.byte-limit = 1024 M (=1073741824) (custom)
2024-08-10 09:46:35,648 [2de4195a-f779-4305-af6f-892378b3f55f@group-01BC844751B2-LeaderElection144] INFO  server.RaftServerConfigKeys (ConfUtils.java:logGet(46)) - raft.server.watch.timeout = 3000ms (custom)
2024-08-10 09:46:35,648 [2de4195a-f779-4305-af6f-892378b3f55f@group-01BC844751B2-LeaderElection144] INFO  server.RaftServerConfigKeys (ConfUtils.java:logGet(46)) - raft.server.watch.timeout.denomination = 1s (default)
2024-08-10 09:46:35,648 [2de4195a-f779-4305-af6f-892378b3f55f@group-01BC844751B2-LeaderElection144] INFO  server.RaftServerConfigKeys (ConfUtils.java:logGet(46)) - raft.server.watch.element-limit = 65536 (default)
2024-08-10 09:46:35,649 [2de4195a-f779-4305-af6f-892378b3f55f@group-01BC844751B2-LeaderElection144] INFO  server.RaftServerConfigKeys (ConfUtils.java:logGet(46)) - raft.server.read.leader.lease.enabled = false (default)
2024-08-10 09:46:35,649 [2de4195a-f779-4305-af6f-892378b3f55f@group-01BC844751B2-LeaderElection144] INFO  server.RaftServerConfigKeys (ConfUtils.java:logGet(46)) - raft.server.read.leader.lease.timeout.ratio = 0.9 (default)
2024-08-10 09:46:35,649 [2de4195a-f779-4305-af6f-892378b3f55f@group-01BC844751B2-LeaderElection144] INFO  server.RaftServerConfigKeys (ConfUtils.java:logGet(46)) - raft.server.rpc.timeout.min = 5s (custom)
2024-08-10 09:46:35,649 [2de4195a-f779-4305-af6f-892378b3f55f@group-01BC844751B2-LeaderElection144] INFO  server.RaftServerConfigKeys (ConfUtils.java:logGet(46)) - raft.server.log.log-metadata.enabled = true (default)
2024-08-10 09:46:35,649 [2de4195a-f779-4305-af6f-892378b3f55f@group-01BC844751B2-LeaderElection144] INFO  server.RaftServerConfigKeys (ConfUtils.java:logGet(46)) - raft.server.write.element-limit = 1024 (custom)
2024-08-10 09:46:35,649 [2de4195a-f779-4305-af6f-892378b3f55f@group-01BC844751B2-LeaderElection144] INFO  server.RaftServerConfigKeys (ConfUtils.java:logGet(46)) - raft.server.write.follower.gap.ratio.max = -1.0 (default)
2024-08-10 09:46:35,649 [2de4195a-f779-4305-af6f-892378b3f55f@group-01BC844751B2-LeaderElection144] INFO  impl.RoleInfo (RoleInfo.java:updateAndGet(148)) - 2de4195a-f779-4305-af6f-892378b3f55f: start 2de4195a-f779-4305-af6f-892378b3f55f@group-01BC844751B2-LeaderStateImpl
2024-08-10 09:46:35,649 [2de4195a-f779-4305-af6f-892378b3f55f@group-01BC844751B2-LeaderElection144] INFO  server.RaftServer$Division (RaftServerImpl.java:setFirstElection(549)) - 2de4195a-f779-4305-af6f-892378b3f55f@group-01BC844751B2: set firstElectionSinceStartup to false for becomeLeader
2024-08-10 09:46:35,649 [2de4195a-f779-4305-af6f-892378b3f55f@group-01BC844751B2-LeaderElection144] INFO  ratis.XceiverServerRatis (XceiverServerRatis.java:handleLeaderChangedNotification(947)) - Leader change notification received for group: group-01BC844751B2 with new leaderId: 2de4195a-f779-4305-af6f-892378b3f55f
2024-08-10 09:46:35,649 [2de4195a-f779-4305-af6f-892378b3f55f@group-01BC844751B2-LeaderElection144] INFO  server.RaftServer$Division (ServerState.java:setLeader(272)) - 2de4195a-f779-4305-af6f-892378b3f55f@group-01BC844751B2: change Leader from null to 2de4195a-f779-4305-af6f-892378b3f55f at term 1 for becomeLeader, leader elected after 5144ms
2024-08-10 09:46:35,649 [2de4195a-f779-4305-af6f-892378b3f55f@group-01BC844751B2-LeaderElection144] INFO  segmented.SegmentedRaftLogWorker (SegmentedRaftLogWorker.java:startLogSegment(433)) - 2de4195a-f779-4305-af6f-892378b3f55f@group-01BC844751B2-SegmentedRaftLogWorker: Starting segment from index:0
2024-08-10 09:46:35,650 [2de4195a-f779-4305-af6f-892378b3f55f@group-01BC844751B2-SegmentedRaftLogWorker] INFO  segmented.BufferedWriteChannel (BufferedWriteChannel.java:open(61)) - open log_inprogress_0 at position 0
2024-08-10 09:46:35,650 [EventQueue-OpenPipelineForHealthyPipelineSafeModeRule] INFO  safemode.SCMSafeModeManager (HealthyPipelineSafeModeRule.java:process(140)) - SCM in safe mode. Healthy pipelines reported count is 0, required healthy pipeline reported count is 1
2024-08-10 09:46:35,654 [bc9bd5ba-19eb-4eb9-bb97-9549088a2cda@group-9E8CB2D7ECCE-LeaderElection143] INFO  server.RaftServerConfigKeys (ConfUtils.java:logFallback(53)) - raft.server.rpc.first-election.timeout.min = 5s (fallback to raft.server.rpc.timeout.min)
2024-08-10 09:46:35,654 [bc9bd5ba-19eb-4eb9-bb97-9549088a2cda@group-9E8CB2D7ECCE-LeaderElection143] INFO  server.RaftServerConfigKeys (ConfUtils.java:logFallback(53)) - raft.server.rpc.first-election.timeout.max = 5200ms (fallback to raft.server.rpc.timeout.max)
2024-08-10 09:46:35,654 [2de4195a-f779-4305-af6f-892378b3f55f@group-01BC844751B2-LeaderElection144] INFO  server.RaftServer$Division (ServerState.java:setRaftConf(386)) - 2de4195a-f779-4305-af6f-892378b3f55f@group-01BC844751B2: set configuration conf: {index: 0, cur=peers:[2de4195a-f779-4305-af6f-892378b3f55f|127.0.0.1:15542]|listeners:[], old=null}
2024-08-10 09:46:35,655 [grpc-default-executor-0] INFO  server.RaftServer$Division (RaftServerImpl.java:setFirstElection(549)) - 0d551621-3a78-470c-abdb-c40a133c0b47@group-A2590A4CE48A: set firstElectionSinceStartup to false for candidate:bc9bd5ba-19eb-4eb9-bb97-9549088a2cda
2024-08-10 09:46:35,660 [grpc-default-executor-0] INFO  server.RaftServer$Division (RaftServerImpl.java:requestVote(1449)) - 0d551621-3a78-470c-abdb-c40a133c0b47@group-A2590A4CE48A replies to ELECTION vote request: bc9bd5ba-19eb-4eb9-bb97-9549088a2cda<-0d551621-3a78-470c-abdb-c40a133c0b47#0:OK-t1. Peer's state: 0d551621-3a78-470c-abdb-c40a133c0b47@group-A2590A4CE48A:t1, leader=null, voted=bc9bd5ba-19eb-4eb9-bb97-9549088a2cda, raftlog=Memoized:0d551621-3a78-470c-abdb-c40a133c0b47@group-A2590A4CE48A-SegmentedRaftLog:OPENED:c-1:lastnull, conf=conf: {index: -1, cur=peers:[0d551621-3a78-470c-abdb-c40a133c0b47|127.0.0.1:15560, bc9bd5ba-19eb-4eb9-bb97-9549088a2cda|127.0.0.1:15551, 2de4195a-f779-4305-af6f-892378b3f55f|127.0.0.1:15542]|listeners:[], old=null}
2024-08-10 09:46:35,660 [2de4195a-f779-4305-af6f-892378b3f55f@group-01BC844751B2-SegmentedRaftLogWorker] INFO  segmented.SegmentedRaftLogWorker (SegmentedRaftLogWorker.java:execute(637)) - 2de4195a-f779-4305-af6f-892378b3f55f@group-01BC844751B2-SegmentedRaftLogWorker: created new log segment /home/runner/work/ozone/ozone/hadoop-ozone/integration-test/target/test-dir/MiniOzoneClusterImpl-76eaf92f-9dff-4d21-993f-c9a35837815b/ozone-meta/datanode-1/ratis/3819fe9b-8b09-4e2a-8c31-01bc844751b2/current/log_inprogress_0
2024-08-10 09:46:35,662 [grpc-default-executor-2] INFO  server.RaftServer$Division (RaftServerImpl.java:requestVote(1416)) - 0d551621-3a78-470c-abdb-c40a133c0b47@group-9E8CB2D7ECCE: receive requestVote(PRE_VOTE, bc9bd5ba-19eb-4eb9-bb97-9549088a2cda, group-9E8CB2D7ECCE, 0, (t:0, i:0))
2024-08-10 09:46:35,662 [bc9bd5ba-19eb-4eb9-bb97-9549088a2cda@group-A2590A4CE48A-LeaderElection142] INFO  impl.LeaderElection (LeaderElection.java:logAndReturn(89)) - bc9bd5ba-19eb-4eb9-bb97-9549088a2cda@group-A2590A4CE48A-LeaderElection142: ELECTION PASSED received 1 response(s) and 0 exception(s):
2024-08-10 09:46:35,663 [bc9bd5ba-19eb-4eb9-bb97-9549088a2cda@group-A2590A4CE48A-LeaderElection142] INFO  impl.LeaderElection (LeaderElection.java:logAndReturn(93)) -   Response 0: bc9bd5ba-19eb-4eb9-bb97-9549088a2cda<-0d551621-3a78-470c-abdb-c40a133c0b47#0:OK-t1
2024-08-10 09:46:35,662 [grpc-default-executor-3] INFO  server.RaftServer$Division (RaftServerImpl.java:requestVote(1416)) - 2de4195a-f779-4305-af6f-892378b3f55f@group-9E8CB2D7ECCE: receive requestVote(PRE_VOTE, bc9bd5ba-19eb-4eb9-bb97-9549088a2cda, group-9E8CB2D7ECCE, 0, (t:0, i:0))
2024-08-10 09:46:35,663 [bc9bd5ba-19eb-4eb9-bb97-9549088a2cda@group-A2590A4CE48A-LeaderElection142] INFO  impl.LeaderElection (LeaderElection.java:askForVotes(323)) - bc9bd5ba-19eb-4eb9-bb97-9549088a2cda@group-A2590A4CE48A-LeaderElection142 ELECTION round 0: result PASSED
2024-08-10 09:46:35,663 [bc9bd5ba-19eb-4eb9-bb97-9549088a2cda@group-A2590A4CE48A-LeaderElection142] INFO  impl.RoleInfo (RoleInfo.java:shutdownLeaderElection(139)) - bc9bd5ba-19eb-4eb9-bb97-9549088a2cda: shutdown bc9bd5ba-19eb-4eb9-bb97-9549088a2cda@group-A2590A4CE48A-LeaderElection142
2024-08-10 09:46:35,663 [bc9bd5ba-19eb-4eb9-bb97-9549088a2cda@group-A2590A4CE48A-LeaderElection142] INFO  server.RaftServer$Division (RaftServerImpl.java:setRole(376)) - bc9bd5ba-19eb-4eb9-bb97-9549088a2cda@group-A2590A4CE48A: changes role from CANDIDATE to LEADER at term 1 for changeToLeader
2024-08-10 09:46:35,663 [bc9bd5ba-19eb-4eb9-bb97-9549088a2cda@group-A2590A4CE48A-LeaderElection142] INFO  server.RaftServerConfigKeys (ConfUtils.java:logGet(46)) - raft.server.staging.catchup.gap = 1000 (default)
2024-08-10 09:46:35,663 [bc9bd5ba-19eb-4eb9-bb97-9549088a2cda@group-A2590A4CE48A-LeaderElection142] INFO  server.RaftServerConfigKeys (ConfUtils.java:logGet(46)) - raft.server.write.element-limit = 1024 (custom)
2024-08-10 09:46:35,663 [bc9bd5ba-19eb-4eb9-bb97-9549088a2cda@group-A2590A4CE48A-LeaderElection142] INFO  server.RaftServerConfigKeys (ConfUtils.java:logGet(46)) - raft.server.write.byte-limit = 1024 M (=1073741824) (custom)
2024-08-10 09:46:35,663 [bc9bd5ba-19eb-4eb9-bb97-9549088a2cda@group-A2590A4CE48A-LeaderElection142] INFO  server.RaftServerConfigKeys (ConfUtils.java:logGet(46)) - raft.server.watch.timeout = 3000ms (custom)
2024-08-10 09:46:35,663 [bc9bd5ba-19eb-4eb9-bb97-9549088a2cda@group-A2590A4CE48A-LeaderElection142] INFO  server.RaftServerConfigKeys (ConfUtils.java:logGet(46)) - raft.server.watch.timeout.denomination = 1s (default)
2024-08-10 09:46:35,663 [bc9bd5ba-19eb-4eb9-bb97-9549088a2cda@group-A2590A4CE48A-LeaderElection142] INFO  server.RaftServerConfigKeys (ConfUtils.java:logGet(46)) - raft.server.watch.element-limit = 65536 (default)
2024-08-10 09:46:35,664 [bc9bd5ba-19eb-4eb9-bb97-9549088a2cda@group-A2590A4CE48A-LeaderElection142] INFO  server.RaftServerConfigKeys (ConfUtils.java:logGet(46)) - raft.server.read.leader.lease.enabled = false (default)
2024-08-10 09:46:35,664 [bc9bd5ba-19eb-4eb9-bb97-9549088a2cda@group-A2590A4CE48A-LeaderElection142] INFO  server.RaftServerConfigKeys (ConfUtils.java:logGet(46)) - raft.server.read.leader.lease.timeout.ratio = 0.9 (default)
2024-08-10 09:46:35,664 [bc9bd5ba-19eb-4eb9-bb97-9549088a2cda@group-A2590A4CE48A-LeaderElection142] INFO  server.RaftServerConfigKeys (ConfUtils.java:logGet(46)) - raft.server.rpc.timeout.min = 5s (custom)
2024-08-10 09:46:35,664 [bc9bd5ba-19eb-4eb9-bb97-9549088a2cda@group-A2590A4CE48A-LeaderElection142] INFO  server.RaftServerConfigKeys (ConfUtils.java:logGet(46)) - raft.server.log.log-metadata.enabled = true (default)
2024-08-10 09:46:35,664 [bc9bd5ba-19eb-4eb9-bb97-9549088a2cda@group-A2590A4CE48A-LeaderElection142] INFO  server.RaftServerConfigKeys (ConfUtils.java:logGet(46)) - raft.server.write.element-limit = 1024 (custom)
2024-08-10 09:46:35,664 [bc9bd5ba-19eb-4eb9-bb97-9549088a2cda@group-A2590A4CE48A-LeaderElection142] INFO  server.RaftServerConfigKeys (ConfUtils.java:logGet(46)) - raft.server.write.follower.gap.ratio.max = -1.0 (default)
2024-08-10 09:46:35,664 [bc9bd5ba-19eb-4eb9-bb97-9549088a2cda@group-A2590A4CE48A-LeaderElection142] INFO  server.RaftServerConfigKeys (ConfUtils.java:logGet(46)) - raft.server.log.appender.snapshot.chunk.size.max = 16MB (=16777216) (default)
2024-08-10 09:46:35,664 [bc9bd5ba-19eb-4eb9-bb97-9549088a2cda@group-A2590A4CE48A-LeaderElection142] INFO  server.RaftServerConfigKeys (ConfUtils.java:logGet(46)) - raft.server.log.appender.buffer.byte-limit = 8388608 (custom)
2024-08-10 09:46:35,664 [bc9bd5ba-19eb-4eb9-bb97-9549088a2cda@group-A2590A4CE48A-LeaderElection142] INFO  server.RaftServerConfigKeys (ConfUtils.java:logGet(46)) - raft.server.log.appender.buffer.element-limit = 1024 (custom)
2024-08-10 09:46:35,664 [bc9bd5ba-19eb-4eb9-bb97-9549088a2cda@group-A2590A4CE48A-LeaderElection142] INFO  server.RaftServerConfigKeys (ConfUtils.java:logGet(46)) - raft.server.log.appender.wait-time.min = 0ms (custom)
2024-08-10 09:46:35,664 [bc9bd5ba-19eb-4eb9-bb97-9549088a2cda@group-A2590A4CE48A-LeaderElection142] INFO  grpc.GrpcConfigKeys (ConfUtils.java:logGet(46)) - raft.grpc.server.leader.outstanding.appends.max = 8 (default)
2024-08-10 09:46:35,664 [bc9bd5ba-19eb-4eb9-bb97-9549088a2cda@group-A2590A4CE48A-LeaderElection142] INFO  server.RaftServerConfigKeys (ConfUtils.java:logGet(46)) - raft.server.rpc.request.timeout = 3000ms (default)
2024-08-10 09:46:35,665 [bc9bd5ba-19eb-4eb9-bb97-9549088a2cda@group-A2590A4CE48A-LeaderElection142] INFO  grpc.GrpcConfigKeys (ConfUtils.java:logGet(46)) - raft.grpc.server.install_snapshot.request.element-limit = 8 (default)
2024-08-10 09:46:35,665 [bc9bd5ba-19eb-4eb9-bb97-9549088a2cda@group-A2590A4CE48A-LeaderElection142] INFO  grpc.GrpcConfigKeys (ConfUtils.java:logGet(46)) - raft.grpc.server.install_snapshot.request.timeout = 3000ms (default)
2024-08-10 09:46:35,665 [bc9bd5ba-19eb-4eb9-bb97-9549088a2cda@group-A2590A4CE48A-LeaderElection142] INFO  grpc.GrpcConfigKeys (ConfUtils.java:logGet(46)) - raft.grpc.server.log-message.batch.duration = 5s (default)
2024-08-10 09:46:35,665 [bc9bd5ba-19eb-4eb9-bb97-9549088a2cda@group-A2590A4CE48A-LeaderElection142] INFO  server.RaftServerConfigKeys (ConfUtils.java:logGet(46)) - raft.server.log.appender.install.snapshot.enabled = false (custom)
2024-08-10 09:46:35,665 [bc9bd5ba-19eb-4eb9-bb97-9549088a2cda@group-A2590A4CE48A-LeaderElection142] INFO  grpc.GrpcConfigKeys (ConfUtils.java:logGet(46)) - raft.grpc.server.heartbeat.channel = true (default)
2024-08-10 09:46:35,665 [bc9bd5ba-19eb-4eb9-bb97-9549088a2cda@group-A2590A4CE48A-LeaderElection142] INFO  server.RaftServerConfigKeys (ConfUtils.java:logGet(46)) - raft.server.log.appender.snapshot.chunk.size.max = 16MB (=16777216) (default)
2024-08-10 09:46:35,665 [bc9bd5ba-19eb-4eb9-bb97-9549088a2cda@group-A2590A4CE48A-LeaderElection142] INFO  server.RaftServerConfigKeys (ConfUtils.java:logGet(46)) - raft.server.log.appender.buffer.byte-limit = 8388608 (custom)
2024-08-10 09:46:35,665 [bc9bd5ba-19eb-4eb9-bb97-9549088a2cda@group-A2590A4CE48A-LeaderElection142] INFO  server.RaftServerConfigKeys (ConfUtils.java:logGet(46)) - raft.server.log.appender.buffer.element-limit = 1024 (custom)
2024-08-10 09:46:35,666 [bc9bd5ba-19eb-4eb9-bb97-9549088a2cda@group-A2590A4CE48A-LeaderElection142] INFO  server.RaftServerConfigKeys (ConfUtils.java:logGet(46)) - raft.server.log.appender.wait-time.min = 0ms (custom)
2024-08-10 09:46:35,666 [bc9bd5ba-19eb-4eb9-bb97-9549088a2cda@group-A2590A4CE48A-LeaderElection142] INFO  grpc.GrpcConfigKeys (ConfUtils.java:logGet(46)) - raft.grpc.server.leader.outstanding.appends.max = 8 (default)
2024-08-10 09:46:35,666 [bc9bd5ba-19eb-4eb9-bb97-9549088a2cda@group-A2590A4CE48A-LeaderElection142] INFO  server.RaftServerConfigKeys (ConfUtils.java:logGet(46)) - raft.server.rpc.request.timeout = 3000ms (default)
2024-08-10 09:46:35,666 [bc9bd5ba-19eb-4eb9-bb97-9549088a2cda@group-A2590A4CE48A-LeaderElection142] INFO  grpc.GrpcConfigKeys (ConfUtils.java:logGet(46)) - raft.grpc.server.install_snapshot.request.element-limit = 8 (default)
2024-08-10 09:46:35,666 [bc9bd5ba-19eb-4eb9-bb97-9549088a2cda@group-A2590A4CE48A-LeaderElection142] INFO  grpc.GrpcConfigKeys (ConfUtils.java:logGet(46)) - raft.grpc.server.install_snapshot.request.timeout = 3000ms (default)
2024-08-10 09:46:35,666 [bc9bd5ba-19eb-4eb9-bb97-9549088a2cda@group-A2590A4CE48A-LeaderElection142] INFO  grpc.GrpcConfigKeys (ConfUtils.java:logGet(46)) - raft.grpc.server.log-message.batch.duration = 5s (default)
2024-08-10 09:46:35,666 [bc9bd5ba-19eb-4eb9-bb97-9549088a2cda@group-A2590A4CE48A-LeaderElection142] INFO  server.RaftServerConfigKeys (ConfUtils.java:logGet(46)) - raft.server.log.appender.install.snapshot.enabled = false (custom)
2024-08-10 09:46:35,666 [bc9bd5ba-19eb-4eb9-bb97-9549088a2cda@group-A2590A4CE48A-LeaderElection142] INFO  grpc.GrpcConfigKeys (ConfUtils.java:logGet(46)) - raft.grpc.server.heartbeat.channel = true (default)
2024-08-10 09:46:35,666 [bc9bd5ba-19eb-4eb9-bb97-9549088a2cda@group-A2590A4CE48A-LeaderElection142] INFO  impl.RoleInfo (RoleInfo.java:updateAndGet(148)) - bc9bd5ba-19eb-4eb9-bb97-9549088a2cda: start bc9bd5ba-19eb-4eb9-bb97-9549088a2cda@group-A2590A4CE48A-LeaderStateImpl
2024-08-10 09:46:35,666 [bc9bd5ba-19eb-4eb9-bb97-9549088a2cda@group-A2590A4CE48A-LeaderElection142] INFO  server.RaftServer$Division (RaftServerImpl.java:setFirstElection(549)) - bc9bd5ba-19eb-4eb9-bb97-9549088a2cda@group-A2590A4CE48A: set firstElectionSinceStartup to false for becomeLeader
2024-08-10 09:46:35,666 [bc9bd5ba-19eb-4eb9-bb97-9549088a2cda@group-A2590A4CE48A-LeaderElection142] INFO  ratis.XceiverServerRatis (XceiverServerRatis.java:handleLeaderChangedNotification(947)) - Leader change notification received for group: group-A2590A4CE48A with new leaderId: bc9bd5ba-19eb-4eb9-bb97-9549088a2cda
2024-08-10 09:46:35,666 [bc9bd5ba-19eb-4eb9-bb97-9549088a2cda@group-A2590A4CE48A-LeaderElection142] INFO  server.RaftServer$Division (ServerState.java:setLeader(272)) - bc9bd5ba-19eb-4eb9-bb97-9549088a2cda@group-A2590A4CE48A: change Leader from null to bc9bd5ba-19eb-4eb9-bb97-9549088a2cda at term 1 for becomeLeader, leader elected after 5045ms
2024-08-10 09:46:35,666 [bc9bd5ba-19eb-4eb9-bb97-9549088a2cda@group-A2590A4CE48A-LeaderElection142] INFO  segmented.SegmentedRaftLogWorker (SegmentedRaftLogWorker.java:startLogSegment(433)) - bc9bd5ba-19eb-4eb9-bb97-9549088a2cda@group-A2590A4CE48A-SegmentedRaftLogWorker: Starting segment from index:0
2024-08-10 09:46:35,667 [bc9bd5ba-19eb-4eb9-bb97-9549088a2cda@group-A2590A4CE48A-LeaderElection142] INFO  server.RaftServer$Division (ServerState.java:setRaftConf(386)) - bc9bd5ba-19eb-4eb9-bb97-9549088a2cda@group-A2590A4CE48A: set configuration conf: {index: 0, cur=peers:[0d551621-3a78-470c-abdb-c40a133c0b47|127.0.0.1:15560, bc9bd5ba-19eb-4eb9-bb97-9549088a2cda|127.0.0.1:15551, 2de4195a-f779-4305-af6f-892378b3f55f|127.0.0.1:15542]|listeners:[], old=null}
2024-08-10 09:46:35,663 [grpc-default-executor-2] INFO  impl.VoteContext (VoteContext.java:log(49)) - 0d551621-3a78-470c-abdb-c40a133c0b47@group-9E8CB2D7ECCE-FOLLOWER: reject PRE_VOTE from bc9bd5ba-19eb-4eb9-bb97-9549088a2cda: our priority 1 > candidate's priority 0
2024-08-10 09:46:35,667 [EventQueue-PipelineReportForPipelineReportHandler] INFO  pipeline.PipelineReportHandler (PipelineReportHandler.java:processPipelineReport(136)) - Opened pipeline PipelineID=d8b6da3e-4ef5-4f79-9fc3-a2590a4ce48a
2024-08-10 09:46:35,667 [bc9bd5ba-19eb-4eb9-bb97-9549088a2cda@group-A2590A4CE48A-SegmentedRaftLogWorker] INFO  segmented.BufferedWriteChannel (BufferedWriteChannel.java:open(61)) - open log_inprogress_0 at position 0
2024-08-10 09:46:35,667 [grpc-default-executor-2] INFO  server.RaftServer$Division (RaftServerImpl.java:requestVote(1449)) - 0d551621-3a78-470c-abdb-c40a133c0b47@group-9E8CB2D7ECCE replies to PRE_VOTE vote request: bc9bd5ba-19eb-4eb9-bb97-9549088a2cda<-0d551621-3a78-470c-abdb-c40a133c0b47#0:FAIL-t0. Peer's state: 0d551621-3a78-470c-abdb-c40a133c0b47@group-9E8CB2D7ECCE:t0, leader=null, voted=, raftlog=Memoized:0d551621-3a78-470c-abdb-c40a133c0b47@group-9E8CB2D7ECCE-SegmentedRaftLog:OPENED:c-1:lastnull, conf=conf: {index: -1, cur=peers:[0d551621-3a78-470c-abdb-c40a133c0b47|127.0.0.1:15560, bc9bd5ba-19eb-4eb9-bb97-9549088a2cda|127.0.0.1:15551, 2de4195a-f779-4305-af6f-892378b3f55f|127.0.0.1:15542]|listeners:[], old=null}
2024-08-10 09:46:35,668 [bc9bd5ba-19eb-4eb9-bb97-9549088a2cda@group-9E8CB2D7ECCE-LeaderElection143] INFO  impl.LeaderElection (LeaderElection.java:logAndReturn(89)) - bc9bd5ba-19eb-4eb9-bb97-9549088a2cda@group-9E8CB2D7ECCE-LeaderElection143: PRE_VOTE REJECTED received 1 response(s) and 0 exception(s):
2024-08-10 09:46:35,668 [bc9bd5ba-19eb-4eb9-bb97-9549088a2cda@group-9E8CB2D7ECCE-LeaderElection143] INFO  impl.LeaderElection (LeaderElection.java:logAndReturn(93)) -   Response 0: bc9bd5ba-19eb-4eb9-bb97-9549088a2cda<-0d551621-3a78-470c-abdb-c40a133c0b47#0:FAIL-t0
2024-08-10 09:46:35,668 [bc9bd5ba-19eb-4eb9-bb97-9549088a2cda@group-9E8CB2D7ECCE-LeaderElection143] INFO  impl.LeaderElection (LeaderElection.java:askForVotes(323)) - bc9bd5ba-19eb-4eb9-bb97-9549088a2cda@group-9E8CB2D7ECCE-LeaderElection143 PRE_VOTE round 0: result REJECTED
2024-08-10 09:46:35,668 [bc9bd5ba-19eb-4eb9-bb97-9549088a2cda@group-9E8CB2D7ECCE-LeaderElection143] INFO  server.RaftServer$Division (RaftServerImpl.java:setRole(376)) - bc9bd5ba-19eb-4eb9-bb97-9549088a2cda@group-9E8CB2D7ECCE: changes role from CANDIDATE to FOLLOWER at term 0 for REJECTED
2024-08-10 09:46:35,668 [bc9bd5ba-19eb-4eb9-bb97-9549088a2cda@group-9E8CB2D7ECCE-LeaderElection143] INFO  impl.RoleInfo (RoleInfo.java:shutdownLeaderElection(139)) - bc9bd5ba-19eb-4eb9-bb97-9549088a2cda: shutdown bc9bd5ba-19eb-4eb9-bb97-9549088a2cda@group-9E8CB2D7ECCE-LeaderElection143
2024-08-10 09:46:35,668 [bc9bd5ba-19eb-4eb9-bb97-9549088a2cda@group-9E8CB2D7ECCE-LeaderElection143] INFO  impl.RoleInfo (RoleInfo.java:updateAndGet(148)) - bc9bd5ba-19eb-4eb9-bb97-9549088a2cda: start bc9bd5ba-19eb-4eb9-bb97-9549088a2cda@group-9E8CB2D7ECCE-FollowerState
2024-08-10 09:46:35,666 [grpc-default-executor-3] INFO  impl.VoteContext (VoteContext.java:log(49)) - 2de4195a-f779-4305-af6f-892378b3f55f@group-9E8CB2D7ECCE-FOLLOWER: accept PRE_VOTE from bc9bd5ba-19eb-4eb9-bb97-9549088a2cda: our priority 0 <= candidate's priority 0
2024-08-10 09:46:35,667 [EventQueue-OpenPipelineForHealthyPipelineSafeModeRule] INFO  safemode.SCMSafeModeManager (HealthyPipelineSafeModeRule.java:process(140)) - SCM in safe mode. Healthy pipelines reported count is 1, required healthy pipeline reported count is 1
2024-08-10 09:46:35,673 [EventQueue-OpenPipelineForHealthyPipelineSafeModeRule] INFO  safemode.SCMSafeModeManager (SCMSafeModeManager.java:validateSafeModeExitRules(203)) - HealthyPipelineSafeModeRule rule is successfully validated
2024-08-10 09:46:35,673 [EventQueue-OpenPipelineForHealthyPipelineSafeModeRule] INFO  safemode.SCMSafeModeManager (SCMSafeModeManager.java:validateSafeModeExitRules(218)) - ScmSafeModeManager, all rules are successfully validated
2024-08-10 09:46:35,673 [EventQueue-OpenPipelineForHealthyPipelineSafeModeRule] INFO  safemode.SCMSafeModeManager (SCMSafeModeManager.java:exitSafeMode(248)) - SCM exiting safe mode.
2024-08-10 09:46:35,673 [EventQueue-OpenPipelineForHealthyPipelineSafeModeRule] INFO  ha.SCMContext (SCMContext.java:updateSafeModeStatus(225)) - Update SafeModeStatus from SafeModeStatus{safeModeStatus=true, preCheckPassed=true} to SafeModeStatus{safeModeStatus=false, preCheckPassed=true}.
2024-08-10 09:46:35,673 [EventQueue-OpenPipelineForHealthyPipelineSafeModeRule] INFO  pipeline.BackgroundPipelineCreator (BackgroundPipelineCreator.java:notifyStatusChanged(258)) - Service BackgroundPipelineCreator transitions to RUNNING.
2024-08-10 09:46:35,673 [EventQueue-OpenPipelineForHealthyPipelineSafeModeRule] INFO  BackgroundPipelineScrubber (BackgroundSCMService.java:notifyStatusChanged(79)) - Service BackgroundPipelineScrubber transitions to RUNNING.
2024-08-10 09:46:35,673 [EventQueue-OpenPipelineForHealthyPipelineSafeModeRule] INFO  ExpiredContainerReplicaOpScrubber (BackgroundSCMService.java:notifyStatusChanged(79)) - Service ExpiredContainerReplicaOpScrubber transitions to RUNNING.
2024-08-10 09:46:35,673 [EventQueue-OpenPipelineForHealthyPipelineSafeModeRule] INFO  block.SCMBlockDeletingService (SCMBlockDeletingService.java:notifyStatusChanged(247)) - notifyStatusChanged:RUNNING
2024-08-10 09:46:35,673 [EventQueue-OpenPipelineForHealthyPipelineSafeModeRule] INFO  replication.ReplicationManager (ReplicationManager.java:notifyStatusChanged(1406)) - Service ReplicationManager transitions to RUNNING.
2024-08-10 09:46:35,673 [EventQueue-OpenPipelineForHealthyPipelineSafeModeRule] WARN  balancer.ContainerBalancer (ContainerBalancer.java:shouldRun(136)) - Could not find persisted configuration for ContainerBalancer when checking if ContainerBalancer should run. ContainerBalancer should not run now.
2024-08-10 09:46:35,673 [grpc-default-executor-3] INFO  server.RaftServer$Division (RaftServerImpl.java:requestVote(1449)) - 2de4195a-f779-4305-af6f-892378b3f55f@group-9E8CB2D7ECCE replies to PRE_VOTE vote request: bc9bd5ba-19eb-4eb9-bb97-9549088a2cda<-2de4195a-f779-4305-af6f-892378b3f55f#0:OK-t0. Peer's state: 2de4195a-f779-4305-af6f-892378b3f55f@group-9E8CB2D7ECCE:t0, leader=null, voted=, raftlog=Memoized:2de4195a-f779-4305-af6f-892378b3f55f@group-9E8CB2D7ECCE-SegmentedRaftLog:OPENED:c-1:lastnull, conf=conf: {index: -1, cur=peers:[0d551621-3a78-470c-abdb-c40a133c0b47|127.0.0.1:15560, bc9bd5ba-19eb-4eb9-bb97-9549088a2cda|127.0.0.1:15551, 2de4195a-f779-4305-af6f-892378b3f55f|127.0.0.1:15542]|listeners:[], old=null}
2024-08-10 09:46:35,673 [grpc-default-executor-1] INFO  server.RaftServer$Division (RaftServerImpl.java:setFirstElection(549)) - 2de4195a-f779-4305-af6f-892378b3f55f@group-A2590A4CE48A: set firstElectionSinceStartup to false for candidate:bc9bd5ba-19eb-4eb9-bb97-9549088a2cda
2024-08-10 09:46:35,675 [bc9bd5ba-19eb-4eb9-bb97-9549088a2cda@group-9E8CB2D7ECCE-LeaderElection143] INFO  server.RaftServer$Division (RaftServerImpl.java:setFirstElection(549)) - bc9bd5ba-19eb-4eb9-bb97-9549088a2cda@group-9E8CB2D7ECCE: set firstElectionSinceStartup to false for REJECTED
2024-08-10 09:46:35,676 [0d551621-3a78-470c-abdb-c40a133c0b47@group-9E8CB2D7ECCE-FollowerState] INFO  impl.FollowerState (FollowerState.java:run(144)) - 0d551621-3a78-470c-abdb-c40a133c0b47@group-9E8CB2D7ECCE-FollowerState: change to CANDIDATE, lastRpcElapsedTime:5092465674ns, electionTimeout:5092ms
2024-08-10 09:46:35,677 [0d551621-3a78-470c-abdb-c40a133c0b47@group-9E8CB2D7ECCE-FollowerState] INFO  impl.RoleInfo (RoleInfo.java:shutdownFollowerState(119)) - 0d551621-3a78-470c-abdb-c40a133c0b47: shutdown 0d551621-3a78-470c-abdb-c40a133c0b47@group-9E8CB2D7ECCE-FollowerState
2024-08-10 09:46:35,677 [0d551621-3a78-470c-abdb-c40a133c0b47@group-9E8CB2D7ECCE-FollowerState] INFO  server.RaftServer$Division (RaftServerImpl.java:setRole(376)) - 0d551621-3a78-470c-abdb-c40a133c0b47@group-9E8CB2D7ECCE: changes role from  FOLLOWER to CANDIDATE at term 0 for changeToCandidate
2024-08-10 09:46:35,677 [0d551621-3a78-470c-abdb-c40a133c0b47@group-9E8CB2D7ECCE-FollowerState] INFO  server.RaftServerConfigKeys (ConfUtils.java:logGet(46)) - raft.server.leaderelection.pre-vote = true (default)
2024-08-10 09:46:35,677 [0d551621-3a78-470c-abdb-c40a133c0b47@group-9E8CB2D7ECCE-FollowerState] INFO  impl.RoleInfo (RoleInfo.java:updateAndGet(148)) - 0d551621-3a78-470c-abdb-c40a133c0b47: start 0d551621-3a78-470c-abdb-c40a133c0b47@group-9E8CB2D7ECCE-LeaderElection145
2024-08-10 09:46:35,678 [0d551621-3a78-470c-abdb-c40a133c0b47@group-9E8CB2D7ECCE-LeaderElection145] INFO  impl.LeaderElection (LeaderElection.java:askForVotes(321)) - 0d551621-3a78-470c-abdb-c40a133c0b47@group-9E8CB2D7ECCE-LeaderElection145 PRE_VOTE round 0: submit vote requests at term 0 for conf: {index: -1, cur=peers:[0d551621-3a78-470c-abdb-c40a133c0b47|127.0.0.1:15560, bc9bd5ba-19eb-4eb9-bb97-9549088a2cda|127.0.0.1:15551, 2de4195a-f779-4305-af6f-892378b3f55f|127.0.0.1:15542]|listeners:[], old=null}
2024-08-10 09:46:35,678 [grpc-default-executor-1] INFO  server.RaftServer$Division (RaftServerImpl.java:requestVote(1449)) - 2de4195a-f779-4305-af6f-892378b3f55f@group-A2590A4CE48A replies to ELECTION vote request: bc9bd5ba-19eb-4eb9-bb97-9549088a2cda<-2de4195a-f779-4305-af6f-892378b3f55f#0:OK-t1. Peer's state: 2de4195a-f779-4305-af6f-892378b3f55f@group-A2590A4CE48A:t1, leader=null, voted=bc9bd5ba-19eb-4eb9-bb97-9549088a2cda, raftlog=Memoized:2de4195a-f779-4305-af6f-892378b3f55f@group-A2590A4CE48A-SegmentedRaftLog:OPENED:c-1:lastnull, conf=conf: {index: -1, cur=peers:[0d551621-3a78-470c-abdb-c40a133c0b47|127.0.0.1:15560, bc9bd5ba-19eb-4eb9-bb97-9549088a2cda|127.0.0.1:15551, 2de4195a-f779-4305-af6f-892378b3f55f|127.0.0.1:15542]|listeners:[], old=null}
2024-08-10 09:46:35,678 [bc9bd5ba-19eb-4eb9-bb97-9549088a2cda@group-A2590A4CE48A-SegmentedRaftLogWorker] INFO  segmented.SegmentedRaftLogWorker (SegmentedRaftLogWorker.java:execute(637)) - bc9bd5ba-19eb-4eb9-bb97-9549088a2cda@group-A2590A4CE48A-SegmentedRaftLogWorker: created new log segment /home/runner/work/ozone/ozone/hadoop-ozone/integration-test/target/test-dir/MiniOzoneClusterImpl-76eaf92f-9dff-4d21-993f-c9a35837815b/ozone-meta/datanode-2/ratis/d8b6da3e-4ef5-4f79-9fc3-a2590a4ce48a/current/log_inprogress_0
2024-08-10 09:46:35,678 [2de4195a-f779-4305-af6f-892378b3f55f@group-01BC844751B2-StateMachineUpdater] INFO  server.RaftServer$Division (LeaderStateImpl.java:checkStartIndex(316)) - Leader 2de4195a-f779-4305-af6f-892378b3f55f@group-01BC844751B2-LeaderStateImpl is ready since appliedIndex == startIndex == 0
2024-08-10 09:46:35,679 [grpc-default-executor-1] INFO  server.RaftServer$Division (RaftServerImpl.java:requestVote(1416)) - bc9bd5ba-19eb-4eb9-bb97-9549088a2cda@group-9E8CB2D7ECCE: receive requestVote(PRE_VOTE, 0d551621-3a78-470c-abdb-c40a133c0b47, group-9E8CB2D7ECCE, 0, (t:0, i:0))
2024-08-10 09:46:35,679 [grpc-default-executor-1] INFO  impl.VoteContext (VoteContext.java:log(49)) - bc9bd5ba-19eb-4eb9-bb97-9549088a2cda@group-9E8CB2D7ECCE-FOLLOWER: accept PRE_VOTE from 0d551621-3a78-470c-abdb-c40a133c0b47: our priority 0 <= candidate's priority 1
2024-08-10 09:46:35,679 [grpc-default-executor-1] INFO  server.RaftServer$Division (RaftServerImpl.java:requestVote(1449)) - bc9bd5ba-19eb-4eb9-bb97-9549088a2cda@group-9E8CB2D7ECCE replies to PRE_VOTE vote request: 0d551621-3a78-470c-abdb-c40a133c0b47<-bc9bd5ba-19eb-4eb9-bb97-9549088a2cda#0:OK-t0. Peer's state: bc9bd5ba-19eb-4eb9-bb97-9549088a2cda@group-9E8CB2D7ECCE:t0, leader=null, voted=, raftlog=Memoized:bc9bd5ba-19eb-4eb9-bb97-9549088a2cda@group-9E8CB2D7ECCE-SegmentedRaftLog:OPENED:c-1:lastnull, conf=conf: {index: -1, cur=peers:[0d551621-3a78-470c-abdb-c40a133c0b47|127.0.0.1:15560, bc9bd5ba-19eb-4eb9-bb97-9549088a2cda|127.0.0.1:15551, 2de4195a-f779-4305-af6f-892378b3f55f|127.0.0.1:15542]|listeners:[], old=null}
2024-08-10 09:46:35,681 [0d551621-3a78-470c-abdb-c40a133c0b47@group-9E8CB2D7ECCE-LeaderElection145] INFO  server.RaftServerConfigKeys (ConfUtils.java:logFallback(53)) - raft.server.rpc.first-election.timeout.min = 5s (fallback to raft.server.rpc.timeout.min)
2024-08-10 09:46:35,681 [0d551621-3a78-470c-abdb-c40a133c0b47@group-9E8CB2D7ECCE-LeaderElection145] INFO  server.RaftServerConfigKeys (ConfUtils.java:logFallback(53)) - raft.server.rpc.first-election.timeout.max = 5200ms (fallback to raft.server.rpc.timeout.max)
2024-08-10 09:46:35,681 [grpc-default-executor-1] INFO  server.RaftServer$Division (RaftServerImpl.java:requestVote(1416)) - 2de4195a-f779-4305-af6f-892378b3f55f@group-9E8CB2D7ECCE: receive requestVote(PRE_VOTE, 0d551621-3a78-470c-abdb-c40a133c0b47, group-9E8CB2D7ECCE, 0, (t:0, i:0))
2024-08-10 09:46:35,682 [grpc-default-executor-1] INFO  impl.VoteContext (VoteContext.java:log(49)) - 2de4195a-f779-4305-af6f-892378b3f55f@group-9E8CB2D7ECCE-FOLLOWER: accept PRE_VOTE from 0d551621-3a78-470c-abdb-c40a133c0b47: our priority 0 <= candidate's priority 1
2024-08-10 09:46:35,682 [grpc-default-executor-1] INFO  server.RaftServer$Division (RaftServerImpl.java:requestVote(1449)) - 2de4195a-f779-4305-af6f-892378b3f55f@group-9E8CB2D7ECCE replies to PRE_VOTE vote request: 0d551621-3a78-470c-abdb-c40a133c0b47<-2de4195a-f779-4305-af6f-892378b3f55f#0:OK-t0. Peer's state: 2de4195a-f779-4305-af6f-892378b3f55f@group-9E8CB2D7ECCE:t0, leader=null, voted=, raftlog=Memoized:2de4195a-f779-4305-af6f-892378b3f55f@group-9E8CB2D7ECCE-SegmentedRaftLog:OPENED:c-1:lastnull, conf=conf: {index: -1, cur=peers:[0d551621-3a78-470c-abdb-c40a133c0b47|127.0.0.1:15560, bc9bd5ba-19eb-4eb9-bb97-9549088a2cda|127.0.0.1:15551, 2de4195a-f779-4305-af6f-892378b3f55f|127.0.0.1:15542]|listeners:[], old=null}
2024-08-10 09:46:35,682 [2de4195a-f779-4305-af6f-892378b3f55f@group-9E8CB2D7ECCE-FollowerState] INFO  server.RaftServerConfigKeys (ConfUtils.java:logFallback(53)) - raft.server.rpc.first-election.timeout.min = 5s (fallback to raft.server.rpc.timeout.min)
2024-08-10 09:46:35,682 [2de4195a-f779-4305-af6f-892378b3f55f@group-9E8CB2D7ECCE-FollowerState] INFO  server.RaftServerConfigKeys (ConfUtils.java:logFallback(53)) - raft.server.rpc.first-election.timeout.max = 5200ms (fallback to raft.server.rpc.timeout.max)
2024-08-10 09:46:35,682 [0d551621-3a78-470c-abdb-c40a133c0b47@group-9E8CB2D7ECCE-LeaderElection145] INFO  impl.LeaderElection (LeaderElection.java:logAndReturn(89)) - 0d551621-3a78-470c-abdb-c40a133c0b47@group-9E8CB2D7ECCE-LeaderElection145: PRE_VOTE PASSED received 1 response(s) and 0 exception(s):
2024-08-10 09:46:35,682 [0d551621-3a78-470c-abdb-c40a133c0b47@group-9E8CB2D7ECCE-LeaderElection145] INFO  impl.LeaderElection (LeaderElection.java:logAndReturn(93)) -   Response 0: 0d551621-3a78-470c-abdb-c40a133c0b47<-bc9bd5ba-19eb-4eb9-bb97-9549088a2cda#0:OK-t0
2024-08-10 09:46:35,682 [0d551621-3a78-470c-abdb-c40a133c0b47@group-9E8CB2D7ECCE-LeaderElection145] INFO  impl.LeaderElection (LeaderElection.java:askForVotes(323)) - 0d551621-3a78-470c-abdb-c40a133c0b47@group-9E8CB2D7ECCE-LeaderElection145 PRE_VOTE round 0: result PASSED
2024-08-10 09:46:35,683 [2de4195a-f779-4305-af6f-892378b3f55f-server-thread1] INFO  ratis.XceiverServerRatis (XceiverServerRatis.java:handleLeaderChangedNotification(947)) - Leader change notification received for group: group-A2590A4CE48A with new leaderId: bc9bd5ba-19eb-4eb9-bb97-9549088a2cda
2024-08-10 09:46:35,683 [2de4195a-f779-4305-af6f-892378b3f55f-server-thread1] INFO  server.RaftServer$Division (ServerState.java:setLeader(272)) - 2de4195a-f779-4305-af6f-892378b3f55f@group-A2590A4CE48A: change Leader from null to bc9bd5ba-19eb-4eb9-bb97-9549088a2cda at term 1 for appendEntries, leader elected after 5075ms
2024-08-10 09:46:35,683 [2de4195a-f779-4305-af6f-892378b3f55f-server-thread1] INFO  server.RaftServer$Division (ServerState.java:setRaftConf(386)) - 2de4195a-f779-4305-af6f-892378b3f55f@group-A2590A4CE48A: set configuration conf: {index: 0, cur=peers:[0d551621-3a78-470c-abdb-c40a133c0b47|127.0.0.1:15560, bc9bd5ba-19eb-4eb9-bb97-9549088a2cda|127.0.0.1:15551, 2de4195a-f779-4305-af6f-892378b3f55f|127.0.0.1:15542]|listeners:[], old=null}
2024-08-10 09:46:35,683 [2de4195a-f779-4305-af6f-892378b3f55f-server-thread1] INFO  segmented.SegmentedRaftLogWorker (SegmentedRaftLogWorker.java:startLogSegment(433)) - 2de4195a-f779-4305-af6f-892378b3f55f@group-A2590A4CE48A-SegmentedRaftLogWorker: Starting segment from index:0
2024-08-10 09:46:35,683 [2de4195a-f779-4305-af6f-892378b3f55f@group-A2590A4CE48A-SegmentedRaftLogWorker] INFO  segmented.BufferedWriteChannel (BufferedWriteChannel.java:open(61)) - open log_inprogress_0 at position 0
2024-08-10 09:46:35,685 [0d551621-3a78-470c-abdb-c40a133c0b47@group-9E8CB2D7ECCE-LeaderElection145] INFO  impl.LeaderElection (LeaderElection.java:askForVotes(321)) - 0d551621-3a78-470c-abdb-c40a133c0b47@group-9E8CB2D7ECCE-LeaderElection145 ELECTION round 0: submit vote requests at term 1 for conf: {index: -1, cur=peers:[0d551621-3a78-470c-abdb-c40a133c0b47|127.0.0.1:15560, bc9bd5ba-19eb-4eb9-bb97-9549088a2cda|127.0.0.1:15551, 2de4195a-f779-4305-af6f-892378b3f55f|127.0.0.1:15542]|listeners:[], old=null}
2024-08-10 09:46:35,690 [0d551621-3a78-470c-abdb-c40a133c0b47-server-thread1] INFO  ratis.XceiverServerRatis (XceiverServerRatis.java:handleLeaderChangedNotification(947)) - Leader change notification received for group: group-A2590A4CE48A with new leaderId: bc9bd5ba-19eb-4eb9-bb97-9549088a2cda
2024-08-10 09:46:35,690 [grpc-default-executor-3] INFO  server.RaftServer$Division (RaftServerImpl.java:requestVote(1416)) - bc9bd5ba-19eb-4eb9-bb97-9549088a2cda@group-9E8CB2D7ECCE: receive requestVote(ELECTION, 0d551621-3a78-470c-abdb-c40a133c0b47, group-9E8CB2D7ECCE, 1, (t:0, i:0))
2024-08-10 09:46:35,690 [grpc-default-executor-3] INFO  impl.VoteContext (VoteContext.java:log(49)) - bc9bd5ba-19eb-4eb9-bb97-9549088a2cda@group-9E8CB2D7ECCE-FOLLOWER: accept ELECTION from 0d551621-3a78-470c-abdb-c40a133c0b47: our priority 0 <= candidate's priority 1
2024-08-10 09:46:35,690 [grpc-default-executor-3] INFO  server.RaftServer$Division (RaftServerImpl.java:setRole(376)) - bc9bd5ba-19eb-4eb9-bb97-9549088a2cda@group-9E8CB2D7ECCE: changes role from  FOLLOWER to FOLLOWER at term 1 for candidate:0d551621-3a78-470c-abdb-c40a133c0b47
2024-08-10 09:46:35,690 [grpc-default-executor-3] INFO  impl.RoleInfo (RoleInfo.java:shutdownFollowerState(119)) - bc9bd5ba-19eb-4eb9-bb97-9549088a2cda: shutdown bc9bd5ba-19eb-4eb9-bb97-9549088a2cda@group-9E8CB2D7ECCE-FollowerState
2024-08-10 09:46:35,690 [grpc-default-executor-3] INFO  impl.RoleInfo (RoleInfo.java:updateAndGet(148)) - bc9bd5ba-19eb-4eb9-bb97-9549088a2cda: start bc9bd5ba-19eb-4eb9-bb97-9549088a2cda@group-9E8CB2D7ECCE-FollowerState
2024-08-10 09:46:35,690 [bc9bd5ba-19eb-4eb9-bb97-9549088a2cda@group-9E8CB2D7ECCE-FollowerState] INFO  impl.FollowerState (FollowerState.java:run(153)) - bc9bd5ba-19eb-4eb9-bb97-9549088a2cda@group-9E8CB2D7ECCE-FollowerState was interrupted
2024-08-10 09:46:35,691 [0d551621-3a78-470c-abdb-c40a133c0b47@group-9E8CB2D7ECCE-LeaderElection145] INFO  server.RaftServerConfigKeys (ConfUtils.java:logFallback(53)) - raft.server.rpc.first-election.timeout.min = 5s (fallback to raft.server.rpc.timeout.min)
2024-08-10 09:46:35,691 [0d551621-3a78-470c-abdb-c40a133c0b47@group-9E8CB2D7ECCE-LeaderElection145] INFO  server.RaftServerConfigKeys (ConfUtils.java:logFallback(53)) - raft.server.rpc.first-election.timeout.max = 5200ms (fallback to raft.server.rpc.timeout.max)
2024-08-10 09:46:35,692 [grpc-default-executor-2] INFO  server.RaftServer$Division (RaftServerImpl.java:requestVote(1416)) - 2de4195a-f779-4305-af6f-892378b3f55f@group-9E8CB2D7ECCE: receive requestVote(ELECTION, 0d551621-3a78-470c-abdb-c40a133c0b47, group-9E8CB2D7ECCE, 1, (t:0, i:0))
2024-08-10 09:46:35,692 [grpc-default-executor-2] INFO  impl.VoteContext (VoteContext.java:log(49)) - 2de4195a-f779-4305-af6f-892378b3f55f@group-9E8CB2D7ECCE-FOLLOWER: accept ELECTION from 0d551621-3a78-470c-abdb-c40a133c0b47: our priority 0 <= candidate's priority 1
2024-08-10 09:46:35,692 [grpc-default-executor-2] INFO  server.RaftServer$Division (RaftServerImpl.java:setRole(376)) - 2de4195a-f779-4305-af6f-892378b3f55f@group-9E8CB2D7ECCE: changes role from  FOLLOWER to FOLLOWER at term 1 for candidate:0d551621-3a78-470c-abdb-c40a133c0b47
2024-08-10 09:46:35,692 [grpc-default-executor-2] INFO  impl.RoleInfo (RoleInfo.java:shutdownFollowerState(119)) - 2de4195a-f779-4305-af6f-892378b3f55f: shutdown 2de4195a-f779-4305-af6f-892378b3f55f@group-9E8CB2D7ECCE-FollowerState
2024-08-10 09:46:35,692 [grpc-default-executor-2] INFO  impl.RoleInfo (RoleInfo.java:updateAndGet(148)) - 2de4195a-f779-4305-af6f-892378b3f55f: start 2de4195a-f779-4305-af6f-892378b3f55f@group-9E8CB2D7ECCE-FollowerState
2024-08-10 09:46:35,692 [2de4195a-f779-4305-af6f-892378b3f55f@group-9E8CB2D7ECCE-FollowerState] INFO  impl.FollowerState (FollowerState.java:run(153)) - 2de4195a-f779-4305-af6f-892378b3f55f@group-9E8CB2D7ECCE-FollowerState was interrupted
2024-08-10 09:46:35,693 [0d551621-3a78-470c-abdb-c40a133c0b47-server-thread1] INFO  server.RaftServer$Division (ServerState.java:setLeader(272)) - 0d551621-3a78-470c-abdb-c40a133c0b47@group-A2590A4CE48A: change Leader from null to bc9bd5ba-19eb-4eb9-bb97-9549088a2cda at term 1 for appendEntries, leader elected after 5057ms
2024-08-10 09:46:35,693 [grpc-default-executor-3] INFO  server.RaftServer$Division (RaftServerImpl.java:requestVote(1449)) - bc9bd5ba-19eb-4eb9-bb97-9549088a2cda@group-9E8CB2D7ECCE replies to ELECTION vote request: 0d551621-3a78-470c-abdb-c40a133c0b47<-bc9bd5ba-19eb-4eb9-bb97-9549088a2cda#0:OK-t1. Peer's state: bc9bd5ba-19eb-4eb9-bb97-9549088a2cda@group-9E8CB2D7ECCE:t1, leader=null, voted=0d551621-3a78-470c-abdb-c40a133c0b47, raftlog=Memoized:bc9bd5ba-19eb-4eb9-bb97-9549088a2cda@group-9E8CB2D7ECCE-SegmentedRaftLog:OPENED:c-1:lastnull, conf=conf: {index: -1, cur=peers:[0d551621-3a78-470c-abdb-c40a133c0b47|127.0.0.1:15560, bc9bd5ba-19eb-4eb9-bb97-9549088a2cda|127.0.0.1:15551, 2de4195a-f779-4305-af6f-892378b3f55f|127.0.0.1:15542]|listeners:[], old=null}
2024-08-10 09:46:35,693 [2de4195a-f779-4305-af6f-892378b3f55f@group-A2590A4CE48A-SegmentedRaftLogWorker] INFO  segmented.SegmentedRaftLogWorker (SegmentedRaftLogWorker.java:execute(637)) - 2de4195a-f779-4305-af6f-892378b3f55f@group-A2590A4CE48A-SegmentedRaftLogWorker: created new log segment /home/runner/work/ozone/ozone/hadoop-ozone/integration-test/target/test-dir/MiniOzoneClusterImpl-76eaf92f-9dff-4d21-993f-c9a35837815b/ozone-meta/datanode-1/ratis/d8b6da3e-4ef5-4f79-9fc3-a2590a4ce48a/current/log_inprogress_0
2024-08-10 09:46:35,693 [0d551621-3a78-470c-abdb-c40a133c0b47-server-thread2] INFO  server.RaftServer$Division (ServerState.java:setRaftConf(386)) - 0d551621-3a78-470c-abdb-c40a133c0b47@group-A2590A4CE48A: set configuration conf: {index: 0, cur=peers:[0d551621-3a78-470c-abdb-c40a133c0b47|127.0.0.1:15560, bc9bd5ba-19eb-4eb9-bb97-9549088a2cda|127.0.0.1:15551, 2de4195a-f779-4305-af6f-892378b3f55f|127.0.0.1:15542]|listeners:[], old=null}
2024-08-10 09:46:35,693 [0d551621-3a78-470c-abdb-c40a133c0b47-server-thread2] INFO  segmented.SegmentedRaftLogWorker (SegmentedRaftLogWorker.java:startLogSegment(433)) - 0d551621-3a78-470c-abdb-c40a133c0b47@group-A2590A4CE48A-SegmentedRaftLogWorker: Starting segment from index:0
2024-08-10 09:46:35,694 [0d551621-3a78-470c-abdb-c40a133c0b47@group-A2590A4CE48A-SegmentedRaftLogWorker] INFO  segmented.BufferedWriteChannel (BufferedWriteChannel.java:open(61)) - open log_inprogress_0 at position 0
2024-08-10 09:46:35,697 [0d551621-3a78-470c-abdb-c40a133c0b47@group-9E8CB2D7ECCE-LeaderElection145] INFO  impl.LeaderElection (LeaderElection.java:logAndReturn(89)) - 0d551621-3a78-470c-abdb-c40a133c0b47@group-9E8CB2D7ECCE-LeaderElection145: ELECTION PASSED received 1 response(s) and 0 exception(s):
2024-08-10 09:46:35,697 [0d551621-3a78-470c-abdb-c40a133c0b47@group-9E8CB2D7ECCE-LeaderElection145] INFO  impl.LeaderElection (LeaderElection.java:logAndReturn(93)) -   Response 0: 0d551621-3a78-470c-abdb-c40a133c0b47<-bc9bd5ba-19eb-4eb9-bb97-9549088a2cda#0:OK-t1
2024-08-10 09:46:35,697 [0d551621-3a78-470c-abdb-c40a133c0b47@group-9E8CB2D7ECCE-LeaderElection145] INFO  impl.LeaderElection (LeaderElection.java:askForVotes(323)) - 0d551621-3a78-470c-abdb-c40a133c0b47@group-9E8CB2D7ECCE-LeaderElection145 ELECTION round 0: result PASSED
2024-08-10 09:46:35,697 [0d551621-3a78-470c-abdb-c40a133c0b47@group-9E8CB2D7ECCE-LeaderElection145] INFO  impl.RoleInfo (RoleInfo.java:shutdownLeaderElection(139)) - 0d551621-3a78-470c-abdb-c40a133c0b47: shutdown 0d551621-3a78-470c-abdb-c40a133c0b47@group-9E8CB2D7ECCE-LeaderElection145
2024-08-10 09:46:35,697 [0d551621-3a78-470c-abdb-c40a133c0b47@group-9E8CB2D7ECCE-LeaderElection145] INFO  server.RaftServer$Division (RaftServerImpl.java:setRole(376)) - 0d551621-3a78-470c-abdb-c40a133c0b47@group-9E8CB2D7ECCE: changes role from CANDIDATE to LEADER at term 1 for changeToLeader
2024-08-10 09:46:35,697 [0d551621-3a78-470c-abdb-c40a133c0b47@group-9E8CB2D7ECCE-LeaderElection145] INFO  server.RaftServerConfigKeys (ConfUtils.java:logGet(46)) - raft.server.staging.catchup.gap = 1000 (default)
2024-08-10 09:46:35,697 [0d551621-3a78-470c-abdb-c40a133c0b47@group-9E8CB2D7ECCE-LeaderElection145] INFO  server.RaftServerConfigKeys (ConfUtils.java:logGet(46)) - raft.server.write.element-limit = 1024 (custom)
2024-08-10 09:46:35,697 [0d551621-3a78-470c-abdb-c40a133c0b47@group-9E8CB2D7ECCE-LeaderElection145] INFO  server.RaftServerConfigKeys (ConfUtils.java:logGet(46)) - raft.server.write.byte-limit = 1024 M (=1073741824) (custom)
2024-08-10 09:46:35,697 [0d551621-3a78-470c-abdb-c40a133c0b47@group-9E8CB2D7ECCE-LeaderElection145] INFO  server.RaftServerConfigKeys (ConfUtils.java:logGet(46)) - raft.server.watch.timeout = 3000ms (custom)
2024-08-10 09:46:35,697 [0d551621-3a78-470c-abdb-c40a133c0b47@group-9E8CB2D7ECCE-LeaderElection145] INFO  server.RaftServerConfigKeys (ConfUtils.java:logGet(46)) - raft.server.watch.timeout.denomination = 1s (default)
2024-08-10 09:46:35,697 [0d551621-3a78-470c-abdb-c40a133c0b47@group-9E8CB2D7ECCE-LeaderElection145] INFO  server.RaftServerConfigKeys (ConfUtils.java:logGet(46)) - raft.server.watch.element-limit = 65536 (default)
2024-08-10 09:46:35,698 [0d551621-3a78-470c-abdb-c40a133c0b47@group-9E8CB2D7ECCE-LeaderElection145] INFO  server.RaftServerConfigKeys (ConfUtils.java:logGet(46)) - raft.server.read.leader.lease.enabled = false (default)
2024-08-10 09:46:35,698 [0d551621-3a78-470c-abdb-c40a133c0b47@group-9E8CB2D7ECCE-LeaderElection145] INFO  server.RaftServerConfigKeys (ConfUtils.java:logGet(46)) - raft.server.read.leader.lease.timeout.ratio = 0.9 (default)
2024-08-10 09:46:35,698 [0d551621-3a78-470c-abdb-c40a133c0b47@group-9E8CB2D7ECCE-LeaderElection145] INFO  server.RaftServerConfigKeys (ConfUtils.java:logGet(46)) - raft.server.rpc.timeout.min = 5s (custom)
2024-08-10 09:46:35,698 [0d551621-3a78-470c-abdb-c40a133c0b47@group-9E8CB2D7ECCE-LeaderElection145] INFO  server.RaftServerConfigKeys (ConfUtils.java:logGet(46)) - raft.server.log.log-metadata.enabled = true (default)
2024-08-10 09:46:35,698 [0d551621-3a78-470c-abdb-c40a133c0b47@group-9E8CB2D7ECCE-LeaderElection145] INFO  server.RaftServerConfigKeys (ConfUtils.java:logGet(46)) - raft.server.write.element-limit = 1024 (custom)
2024-08-10 09:46:35,698 [0d551621-3a78-470c-abdb-c40a133c0b47@group-9E8CB2D7ECCE-LeaderElection145] INFO  server.RaftServerConfigKeys (ConfUtils.java:logGet(46)) - raft.server.write.follower.gap.ratio.max = -1.0 (default)
2024-08-10 09:46:35,698 [grpc-default-executor-2] INFO  server.RaftServer$Division (RaftServerImpl.java:setFirstElection(549)) - 2de4195a-f779-4305-af6f-892378b3f55f@group-9E8CB2D7ECCE: set firstElectionSinceStartup to false for candidate:0d551621-3a78-470c-abdb-c40a133c0b47
2024-08-10 09:46:35,698 [0d551621-3a78-470c-abdb-c40a133c0b47@group-9E8CB2D7ECCE-LeaderElection145] INFO  server.RaftServerConfigKeys (ConfUtils.java:logGet(46)) - raft.server.log.appender.snapshot.chunk.size.max = 16MB (=16777216) (default)
2024-08-10 09:46:35,698 [0d551621-3a78-470c-abdb-c40a133c0b47@group-9E8CB2D7ECCE-LeaderElection145] INFO  server.RaftServerConfigKeys (ConfUtils.java:logGet(46)) - raft.server.log.appender.buffer.byte-limit = 8388608 (custom)
2024-08-10 09:46:35,698 [0d551621-3a78-470c-abdb-c40a133c0b47@group-9E8CB2D7ECCE-LeaderElection145] INFO  server.RaftServerConfigKeys (ConfUtils.java:logGet(46)) - raft.server.log.appender.buffer.element-limit = 1024 (custom)
2024-08-10 09:46:35,698 [0d551621-3a78-470c-abdb-c40a133c0b47@group-9E8CB2D7ECCE-LeaderElection145] INFO  server.RaftServerConfigKeys (ConfUtils.java:logGet(46)) - raft.server.log.appender.wait-time.min = 0ms (custom)
2024-08-10 09:46:35,698 [0d551621-3a78-470c-abdb-c40a133c0b47@group-9E8CB2D7ECCE-LeaderElection145] INFO  grpc.GrpcConfigKeys (ConfUtils.java:logGet(46)) - raft.grpc.server.leader.outstanding.appends.max = 8 (default)
2024-08-10 09:46:35,698 [0d551621-3a78-470c-abdb-c40a133c0b47@group-9E8CB2D7ECCE-LeaderElection145] INFO  server.RaftServerConfigKeys (ConfUtils.java:logGet(46)) - raft.server.rpc.request.timeout = 3000ms (default)
2024-08-10 09:46:35,699 [0d551621-3a78-470c-abdb-c40a133c0b47@group-9E8CB2D7ECCE-LeaderElection145] INFO  grpc.GrpcConfigKeys (ConfUtils.java:logGet(46)) - raft.grpc.server.install_snapshot.request.element-limit = 8 (default)
2024-08-10 09:46:35,699 [0d551621-3a78-470c-abdb-c40a133c0b47@group-9E8CB2D7ECCE-LeaderElection145] INFO  grpc.GrpcConfigKeys (ConfUtils.java:logGet(46)) - raft.grpc.server.install_snapshot.request.timeout = 3000ms (default)
2024-08-10 09:46:35,699 [0d551621-3a78-470c-abdb-c40a133c0b47@group-9E8CB2D7ECCE-LeaderElection145] INFO  grpc.GrpcConfigKeys (ConfUtils.java:logGet(46)) - raft.grpc.server.log-message.batch.duration = 5s (default)
2024-08-10 09:46:35,699 [0d551621-3a78-470c-abdb-c40a133c0b47@group-9E8CB2D7ECCE-LeaderElection145] INFO  server.RaftServerConfigKeys (ConfUtils.java:logGet(46)) - raft.server.log.appender.install.snapshot.enabled = false (custom)
2024-08-10 09:46:35,699 [0d551621-3a78-470c-abdb-c40a133c0b47@group-9E8CB2D7ECCE-LeaderElection145] INFO  grpc.GrpcConfigKeys (ConfUtils.java:logGet(46)) - raft.grpc.server.heartbeat.channel = true (default)
2024-08-10 09:46:35,700 [bc9bd5ba-19eb-4eb9-bb97-9549088a2cda@group-A2590A4CE48A-StateMachineUpdater] INFO  server.RaftServer$Division (LeaderStateImpl.java:checkStartIndex(316)) - Leader bc9bd5ba-19eb-4eb9-bb97-9549088a2cda@group-A2590A4CE48A-LeaderStateImpl is ready since appliedIndex == startIndex == 0
2024-08-10 09:46:35,700 [0d551621-3a78-470c-abdb-c40a133c0b47@group-9E8CB2D7ECCE-LeaderElection145] INFO  server.RaftServerConfigKeys (ConfUtils.java:logGet(46)) - raft.server.log.appender.snapshot.chunk.size.max = 16MB (=16777216) (default)
2024-08-10 09:46:35,700 [0d551621-3a78-470c-abdb-c40a133c0b47@group-9E8CB2D7ECCE-LeaderElection145] INFO  server.RaftServerConfigKeys (ConfUtils.java:logGet(46)) - raft.server.log.appender.buffer.byte-limit = 8388608 (custom)
2024-08-10 09:46:35,700 [0d551621-3a78-470c-abdb-c40a133c0b47@group-9E8CB2D7ECCE-LeaderElection145] INFO  server.RaftServerConfigKeys (ConfUtils.java:logGet(46)) - raft.server.log.appender.buffer.element-limit = 1024 (custom)
2024-08-10 09:46:35,700 [0d551621-3a78-470c-abdb-c40a133c0b47@group-9E8CB2D7ECCE-LeaderElection145] INFO  server.RaftServerConfigKeys (ConfUtils.java:logGet(46)) - raft.server.log.appender.wait-time.min = 0ms (custom)
2024-08-10 09:46:35,700 [0d551621-3a78-470c-abdb-c40a133c0b47@group-9E8CB2D7ECCE-LeaderElection145] INFO  grpc.GrpcConfigKeys (ConfUtils.java:logGet(46)) - raft.grpc.server.leader.outstanding.appends.max = 8 (default)
2024-08-10 09:46:35,700 [0d551621-3a78-470c-abdb-c40a133c0b47@group-9E8CB2D7ECCE-LeaderElection145] INFO  server.RaftServerConfigKeys (ConfUtils.java:logGet(46)) - raft.server.rpc.request.timeout = 3000ms (default)
2024-08-10 09:46:35,700 [0d551621-3a78-470c-abdb-c40a133c0b47@group-9E8CB2D7ECCE-LeaderElection145] INFO  grpc.GrpcConfigKeys (ConfUtils.java:logGet(46)) - raft.grpc.server.install_snapshot.request.element-limit = 8 (default)
2024-08-10 09:46:35,700 [0d551621-3a78-470c-abdb-c40a133c0b47@group-9E8CB2D7ECCE-LeaderElection145] INFO  grpc.GrpcConfigKeys (ConfUtils.java:logGet(46)) - raft.grpc.server.install_snapshot.request.timeout = 3000ms (default)
2024-08-10 09:46:35,700 [0d551621-3a78-470c-abdb-c40a133c0b47@group-9E8CB2D7ECCE-LeaderElection145] INFO  grpc.GrpcConfigKeys (ConfUtils.java:logGet(46)) - raft.grpc.server.log-message.batch.duration = 5s (default)
2024-08-10 09:46:35,700 [0d551621-3a78-470c-abdb-c40a133c0b47@group-9E8CB2D7ECCE-LeaderElection145] INFO  server.RaftServerConfigKeys (ConfUtils.java:logGet(46)) - raft.server.log.appender.install.snapshot.enabled = false (custom)
2024-08-10 09:46:35,700 [0d551621-3a78-470c-abdb-c40a133c0b47@group-9E8CB2D7ECCE-LeaderElection145] INFO  grpc.GrpcConfigKeys (ConfUtils.java:logGet(46)) - raft.grpc.server.heartbeat.channel = true (default)
2024-08-10 09:46:35,701 [0d551621-3a78-470c-abdb-c40a133c0b47@group-9E8CB2D7ECCE-LeaderElection145] INFO  impl.RoleInfo (RoleInfo.java:updateAndGet(148)) - 0d551621-3a78-470c-abdb-c40a133c0b47: start 0d551621-3a78-470c-abdb-c40a133c0b47@group-9E8CB2D7ECCE-LeaderStateImpl
2024-08-10 09:46:35,701 [0d551621-3a78-470c-abdb-c40a133c0b47@group-9E8CB2D7ECCE-LeaderElection145] INFO  server.RaftServer$Division (RaftServerImpl.java:setFirstElection(549)) - 0d551621-3a78-470c-abdb-c40a133c0b47@group-9E8CB2D7ECCE: set firstElectionSinceStartup to false for becomeLeader
2024-08-10 09:46:35,701 [0d551621-3a78-470c-abdb-c40a133c0b47@group-9E8CB2D7ECCE-LeaderElection145] INFO  ratis.XceiverServerRatis (XceiverServerRatis.java:handleLeaderChangedNotification(947)) - Leader change notification received for group: group-9E8CB2D7ECCE with new leaderId: 0d551621-3a78-470c-abdb-c40a133c0b47
2024-08-10 09:46:35,701 [0d551621-3a78-470c-abdb-c40a133c0b47@group-9E8CB2D7ECCE-LeaderElection145] INFO  server.RaftServer$Division (ServerState.java:setLeader(272)) - 0d551621-3a78-470c-abdb-c40a133c0b47@group-9E8CB2D7ECCE: change Leader from null to 0d551621-3a78-470c-abdb-c40a133c0b47 at term 1 for becomeLeader, leader elected after 5126ms
2024-08-10 09:46:35,700 [grpc-default-executor-2] INFO  server.RaftServer$Division (RaftServerImpl.java:requestVote(1449)) - 2de4195a-f779-4305-af6f-892378b3f55f@group-9E8CB2D7ECCE replies to ELECTION vote request: 0d551621-3a78-470c-abdb-c40a133c0b47<-2de4195a-f779-4305-af6f-892378b3f55f#0:OK-t1. Peer's state: 2de4195a-f779-4305-af6f-892378b3f55f@group-9E8CB2D7ECCE:t1, leader=null, voted=0d551621-3a78-470c-abdb-c40a133c0b47, raftlog=Memoized:2de4195a-f779-4305-af6f-892378b3f55f@group-9E8CB2D7ECCE-SegmentedRaftLog:OPENED:c-1:lastnull, conf=conf: {index: -1, cur=peers:[0d551621-3a78-470c-abdb-c40a133c0b47|127.0.0.1:15560, bc9bd5ba-19eb-4eb9-bb97-9549088a2cda|127.0.0.1:15551, 2de4195a-f779-4305-af6f-892378b3f55f|127.0.0.1:15542]|listeners:[], old=null}
2024-08-10 09:46:35,701 [0d551621-3a78-470c-abdb-c40a133c0b47@group-9E8CB2D7ECCE-LeaderElection145] INFO  segmented.SegmentedRaftLogWorker (SegmentedRaftLogWorker.java:startLogSegment(433)) - 0d551621-3a78-470c-abdb-c40a133c0b47@group-9E8CB2D7ECCE-SegmentedRaftLogWorker: Starting segment from index:0
2024-08-10 09:46:35,701 [0d551621-3a78-470c-abdb-c40a133c0b47@group-9E8CB2D7ECCE-SegmentedRaftLogWorker] INFO  segmented.BufferedWriteChannel (BufferedWriteChannel.java:open(61)) - open log_inprogress_0 at position 0
2024-08-10 09:46:35,702 [2de4195a-f779-4305-af6f-892378b3f55f@group-F5900B241937-FollowerState] INFO  impl.FollowerState (FollowerState.java:run(144)) - 2de4195a-f779-4305-af6f-892378b3f55f@group-F5900B241937-FollowerState: change to CANDIDATE, lastRpcElapsedTime:5176362088ns, electionTimeout:5176ms
2024-08-10 09:46:35,702 [2de4195a-f779-4305-af6f-892378b3f55f@group-F5900B241937-FollowerState] INFO  impl.RoleInfo (RoleInfo.java:shutdownFollowerState(119)) - 2de4195a-f779-4305-af6f-892378b3f55f: shutdown 2de4195a-f779-4305-af6f-892378b3f55f@group-F5900B241937-FollowerState
2024-08-10 09:46:35,702 [2de4195a-f779-4305-af6f-892378b3f55f@group-F5900B241937-FollowerState] INFO  server.RaftServer$Division (RaftServerImpl.java:setRole(376)) - 2de4195a-f779-4305-af6f-892378b3f55f@group-F5900B241937: changes role from  FOLLOWER to CANDIDATE at term 0 for changeToCandidate
2024-08-10 09:46:35,702 [2de4195a-f779-4305-af6f-892378b3f55f@group-F5900B241937-FollowerState] INFO  server.RaftServerConfigKeys (ConfUtils.java:logGet(46)) - raft.server.leaderelection.pre-vote = true (default)
2024-08-10 09:46:35,702 [2de4195a-f779-4305-af6f-892378b3f55f@group-F5900B241937-FollowerState] INFO  impl.RoleInfo (RoleInfo.java:updateAndGet(148)) - 2de4195a-f779-4305-af6f-892378b3f55f: start 2de4195a-f779-4305-af6f-892378b3f55f@group-F5900B241937-LeaderElection146
2024-08-10 09:46:35,702 [EventQueue-PipelineReportForPipelineReportHandler] INFO  pipeline.PipelineReportHandler (PipelineReportHandler.java:processPipelineReport(136)) - Opened pipeline PipelineID=860780ba-ebaa-4f50-9042-9e8cb2d7ecce
2024-08-10 09:46:35,702 [2de4195a-f779-4305-af6f-892378b3f55f@group-F5900B241937-LeaderElection146] INFO  impl.LeaderElection (LeaderElection.java:askForVotes(321)) - 2de4195a-f779-4305-af6f-892378b3f55f@group-F5900B241937-LeaderElection146 PRE_VOTE round 0: submit vote requests at term 0 for conf: {index: -1, cur=peers:[0d551621-3a78-470c-abdb-c40a133c0b47|127.0.0.1:15560, bc9bd5ba-19eb-4eb9-bb97-9549088a2cda|127.0.0.1:15551, 2de4195a-f779-4305-af6f-892378b3f55f|127.0.0.1:15542]|listeners:[], old=null}
2024-08-10 09:46:35,703 [2de4195a-f779-4305-af6f-892378b3f55f@group-F5900B241937-LeaderElection146-1] INFO  server.GrpcServerProtocolClient (GrpcServerProtocolClient.java:<init>(65)) - Build channel for 0d551621-3a78-470c-abdb-c40a133c0b47|127.0.0.1:15560
2024-08-10 09:46:35,703 [2de4195a-f779-4305-af6f-892378b3f55f@group-F5900B241937-LeaderElection146-2] INFO  server.GrpcServerProtocolClient (GrpcServerProtocolClient.java:<init>(65)) - Build channel for bc9bd5ba-19eb-4eb9-bb97-9549088a2cda|127.0.0.1:15551
2024-08-10 09:46:35,703 [2de4195a-f779-4305-af6f-892378b3f55f@group-F5900B241937-LeaderElection146] INFO  server.RaftServerConfigKeys (ConfUtils.java:logFallback(53)) - raft.server.rpc.first-election.timeout.min = 5s (fallback to raft.server.rpc.timeout.min)
2024-08-10 09:46:35,703 [2de4195a-f779-4305-af6f-892378b3f55f@group-F5900B241937-LeaderElection146] INFO  server.RaftServerConfigKeys (ConfUtils.java:logFallback(53)) - raft.server.rpc.first-election.timeout.max = 5200ms (fallback to raft.server.rpc.timeout.max)
2024-08-10 09:46:35,705 [0d551621-3a78-470c-abdb-c40a133c0b47@group-A2590A4CE48A-SegmentedRaftLogWorker] INFO  segmented.SegmentedRaftLogWorker (SegmentedRaftLogWorker.java:execute(637)) - 0d551621-3a78-470c-abdb-c40a133c0b47@group-A2590A4CE48A-SegmentedRaftLogWorker: created new log segment /home/runner/work/ozone/ozone/hadoop-ozone/integration-test/target/test-dir/MiniOzoneClusterImpl-76eaf92f-9dff-4d21-993f-c9a35837815b/ozone-meta/datanode-3/ratis/d8b6da3e-4ef5-4f79-9fc3-a2590a4ce48a/current/log_inprogress_0
2024-08-10 09:46:35,707 [grpc-default-executor-2] INFO  server.RaftServer$Division (RaftServerImpl.java:requestVote(1416)) - bc9bd5ba-19eb-4eb9-bb97-9549088a2cda@group-F5900B241937: receive requestVote(PRE_VOTE, 2de4195a-f779-4305-af6f-892378b3f55f, group-F5900B241937, 0, (t:0, i:0))
2024-08-10 09:46:35,707 [grpc-default-executor-2] INFO  impl.VoteContext (VoteContext.java:log(49)) - bc9bd5ba-19eb-4eb9-bb97-9549088a2cda@group-F5900B241937-FOLLOWER: accept PRE_VOTE from 2de4195a-f779-4305-af6f-892378b3f55f: our priority 0 <= candidate's priority 1
2024-08-10 09:46:35,707 [grpc-default-executor-2] INFO  server.RaftServer$Division (RaftServerImpl.java:requestVote(1449)) - bc9bd5ba-19eb-4eb9-bb97-9549088a2cda@group-F5900B241937 replies to PRE_VOTE vote request: 2de4195a-f779-4305-af6f-892378b3f55f<-bc9bd5ba-19eb-4eb9-bb97-9549088a2cda#0:OK-t0. Peer's state: bc9bd5ba-19eb-4eb9-bb97-9549088a2cda@group-F5900B241937:t0, leader=null, voted=, raftlog=Memoized:bc9bd5ba-19eb-4eb9-bb97-9549088a2cda@group-F5900B241937-SegmentedRaftLog:OPENED:c-1:lastnull, conf=conf: {index: -1, cur=peers:[0d551621-3a78-470c-abdb-c40a133c0b47|127.0.0.1:15560, bc9bd5ba-19eb-4eb9-bb97-9549088a2cda|127.0.0.1:15551, 2de4195a-f779-4305-af6f-892378b3f55f|127.0.0.1:15542]|listeners:[], old=null}
2024-08-10 09:46:35,708 [grpc-default-executor-5] INFO  server.RaftServer$Division (RaftServerImpl.java:requestVote(1416)) - 0d551621-3a78-470c-abdb-c40a133c0b47@group-F5900B241937: receive requestVote(PRE_VOTE, 2de4195a-f779-4305-af6f-892378b3f55f, group-F5900B241937, 0, (t:0, i:0))
2024-08-10 09:46:35,708 [0d551621-3a78-470c-abdb-c40a133c0b47@group-9E8CB2D7ECCE-LeaderElection145] INFO  server.RaftServer$Division (ServerState.java:setRaftConf(386)) - 0d551621-3a78-470c-abdb-c40a133c0b47@group-9E8CB2D7ECCE: set configuration conf: {index: 0, cur=peers:[0d551621-3a78-470c-abdb-c40a133c0b47|127.0.0.1:15560, bc9bd5ba-19eb-4eb9-bb97-9549088a2cda|127.0.0.1:15551, 2de4195a-f779-4305-af6f-892378b3f55f|127.0.0.1:15542]|listeners:[], old=null}
2024-08-10 09:46:35,708 [grpc-default-executor-5] INFO  impl.VoteContext (VoteContext.java:log(49)) - 0d551621-3a78-470c-abdb-c40a133c0b47@group-F5900B241937-FOLLOWER: accept PRE_VOTE from 2de4195a-f779-4305-af6f-892378b3f55f: our priority 0 <= candidate's priority 1
2024-08-10 09:46:35,708 [grpc-default-executor-5] INFO  server.RaftServer$Division (RaftServerImpl.java:requestVote(1449)) - 0d551621-3a78-470c-abdb-c40a133c0b47@group-F5900B241937 replies to PRE_VOTE vote request: 2de4195a-f779-4305-af6f-892378b3f55f<-0d551621-3a78-470c-abdb-c40a133c0b47#0:OK-t0. Peer's state: 0d551621-3a78-470c-abdb-c40a133c0b47@group-F5900B241937:t0, leader=null, voted=, raftlog=Memoized:0d551621-3a78-470c-abdb-c40a133c0b47@group-F5900B241937-SegmentedRaftLog:OPENED:c-1:lastnull, conf=conf: {index: -1, cur=peers:[0d551621-3a78-470c-abdb-c40a133c0b47|127.0.0.1:15560, bc9bd5ba-19eb-4eb9-bb97-9549088a2cda|127.0.0.1:15551, 2de4195a-f779-4305-af6f-892378b3f55f|127.0.0.1:15542]|listeners:[], old=null}
2024-08-10 09:46:35,708 [2de4195a-f779-4305-af6f-892378b3f55f@group-F5900B241937-LeaderElection146] INFO  impl.LeaderElection (LeaderElection.java:logAndReturn(89)) - 2de4195a-f779-4305-af6f-892378b3f55f@group-F5900B241937-LeaderElection146: PRE_VOTE PASSED received 1 response(s) and 0 exception(s):
2024-08-10 09:46:35,708 [2de4195a-f779-4305-af6f-892378b3f55f@group-F5900B241937-LeaderElection146] INFO  impl.LeaderElection (LeaderElection.java:logAndReturn(93)) -   Response 0: 2de4195a-f779-4305-af6f-892378b3f55f<-0d551621-3a78-470c-abdb-c40a133c0b47#0:OK-t0
2024-08-10 09:46:35,708 [2de4195a-f779-4305-af6f-892378b3f55f@group-F5900B241937-LeaderElection146] INFO  impl.LeaderElection (LeaderElection.java:askForVotes(323)) - 2de4195a-f779-4305-af6f-892378b3f55f@group-F5900B241937-LeaderElection146 PRE_VOTE round 0: result PASSED
2024-08-10 09:46:35,710 [2de4195a-f779-4305-af6f-892378b3f55f@group-F5900B241937-LeaderElection146] INFO  impl.LeaderElection (LeaderElection.java:askForVotes(321)) - 2de4195a-f779-4305-af6f-892378b3f55f@group-F5900B241937-LeaderElection146 ELECTION round 0: submit vote requests at term 1 for conf: {index: -1, cur=peers:[0d551621-3a78-470c-abdb-c40a133c0b47|127.0.0.1:15560, bc9bd5ba-19eb-4eb9-bb97-9549088a2cda|127.0.0.1:15551, 2de4195a-f779-4305-af6f-892378b3f55f|127.0.0.1:15542]|listeners:[], old=null}
2024-08-10 09:46:35,712 [grpc-default-executor-3] INFO  server.RaftServer$Division (RaftServerImpl.java:requestVote(1416)) - 0d551621-3a78-470c-abdb-c40a133c0b47@group-F5900B241937: receive requestVote(ELECTION, 2de4195a-f779-4305-af6f-892378b3f55f, group-F5900B241937, 1, (t:0, i:0))
2024-08-10 09:46:35,712 [grpc-default-executor-3] INFO  impl.VoteContext (VoteContext.java:log(49)) - 0d551621-3a78-470c-abdb-c40a133c0b47@group-F5900B241937-FOLLOWER: accept ELECTION from 2de4195a-f779-4305-af6f-892378b3f55f: our priority 0 <= candidate's priority 1
2024-08-10 09:46:35,712 [grpc-default-executor-3] INFO  server.RaftServer$Division (RaftServerImpl.java:setRole(376)) - 0d551621-3a78-470c-abdb-c40a133c0b47@group-F5900B241937: changes role from  FOLLOWER to FOLLOWER at term 1 for candidate:2de4195a-f779-4305-af6f-892378b3f55f
2024-08-10 09:46:35,712 [grpc-default-executor-3] INFO  impl.RoleInfo (RoleInfo.java:shutdownFollowerState(119)) - 0d551621-3a78-470c-abdb-c40a133c0b47: shutdown 0d551621-3a78-470c-abdb-c40a133c0b47@group-F5900B241937-FollowerState
2024-08-10 09:46:35,712 [grpc-default-executor-3] INFO  impl.RoleInfo (RoleInfo.java:updateAndGet(148)) - 0d551621-3a78-470c-abdb-c40a133c0b47: start 0d551621-3a78-470c-abdb-c40a133c0b47@group-F5900B241937-FollowerState
2024-08-10 09:46:35,712 [0d551621-3a78-470c-abdb-c40a133c0b47@group-F5900B241937-FollowerState] INFO  impl.FollowerState (FollowerState.java:run(153)) - 0d551621-3a78-470c-abdb-c40a133c0b47@group-F5900B241937-FollowerState was interrupted
2024-08-10 09:46:35,715 [2de4195a-f779-4305-af6f-892378b3f55f@group-F5900B241937-LeaderElection146] INFO  server.RaftServerConfigKeys (ConfUtils.java:logFallback(53)) - raft.server.rpc.first-election.timeout.min = 5s (fallback to raft.server.rpc.timeout.min)
2024-08-10 09:46:35,715 [2de4195a-f779-4305-af6f-892378b3f55f@group-F5900B241937-LeaderElection146] INFO  server.RaftServerConfigKeys (ConfUtils.java:logFallback(53)) - raft.server.rpc.first-election.timeout.max = 5200ms (fallback to raft.server.rpc.timeout.max)
2024-08-10 09:46:35,716 [grpc-default-executor-6] INFO  server.RaftServer$Division (RaftServerImpl.java:requestVote(1416)) - bc9bd5ba-19eb-4eb9-bb97-9549088a2cda@group-F5900B241937: receive requestVote(ELECTION, 2de4195a-f779-4305-af6f-892378b3f55f, group-F5900B241937, 1, (t:0, i:0))
2024-08-10 09:46:35,716 [grpc-default-executor-3] INFO  server.RaftServer$Division (RaftServerImpl.java:requestVote(1449)) - 0d551621-3a78-470c-abdb-c40a133c0b47@group-F5900B241937 replies to ELECTION vote request: 2de4195a-f779-4305-af6f-892378b3f55f<-0d551621-3a78-470c-abdb-c40a133c0b47#0:OK-t1. Peer's state: 0d551621-3a78-470c-abdb-c40a133c0b47@group-F5900B241937:t1, leader=null, voted=2de4195a-f779-4305-af6f-892378b3f55f, raftlog=Memoized:0d551621-3a78-470c-abdb-c40a133c0b47@group-F5900B241937-SegmentedRaftLog:OPENED:c-1:lastnull, conf=conf: {index: -1, cur=peers:[0d551621-3a78-470c-abdb-c40a133c0b47|127.0.0.1:15560, bc9bd5ba-19eb-4eb9-bb97-9549088a2cda|127.0.0.1:15551, 2de4195a-f779-4305-af6f-892378b3f55f|127.0.0.1:15542]|listeners:[], old=null}
2024-08-10 09:46:35,716 [0d551621-3a78-470c-abdb-c40a133c0b47@group-9E8CB2D7ECCE-SegmentedRaftLogWorker] INFO  segmented.SegmentedRaftLogWorker (SegmentedRaftLogWorker.java:execute(637)) - 0d551621-3a78-470c-abdb-c40a133c0b47@group-9E8CB2D7ECCE-SegmentedRaftLogWorker: created new log segment /home/runner/work/ozone/ozone/hadoop-ozone/integration-test/target/test-dir/MiniOzoneClusterImpl-76eaf92f-9dff-4d21-993f-c9a35837815b/ozone-meta/datanode-3/ratis/860780ba-ebaa-4f50-9042-9e8cb2d7ecce/current/log_inprogress_0
2024-08-10 09:46:35,716 [2de4195a-f779-4305-af6f-892378b3f55f@group-F5900B241937-LeaderElection146] INFO  impl.LeaderElection (LeaderElection.java:logAndReturn(89)) - 2de4195a-f779-4305-af6f-892378b3f55f@group-F5900B241937-LeaderElection146: ELECTION PASSED received 1 response(s) and 0 exception(s):
2024-08-10 09:46:35,717 [2de4195a-f779-4305-af6f-892378b3f55f@group-F5900B241937-LeaderElection146] INFO  impl.LeaderElection (LeaderElection.java:logAndReturn(93)) -   Response 0: 2de4195a-f779-4305-af6f-892378b3f55f<-0d551621-3a78-470c-abdb-c40a133c0b47#0:OK-t1
2024-08-10 09:46:35,717 [2de4195a-f779-4305-af6f-892378b3f55f@group-F5900B241937-LeaderElection146] INFO  impl.LeaderElection (LeaderElection.java:askForVotes(323)) - 2de4195a-f779-4305-af6f-892378b3f55f@group-F5900B241937-LeaderElection146 ELECTION round 0: result PASSED
2024-08-10 09:46:35,717 [2de4195a-f779-4305-af6f-892378b3f55f@group-F5900B241937-LeaderElection146] INFO  impl.RoleInfo (RoleInfo.java:shutdownLeaderElection(139)) - 2de4195a-f779-4305-af6f-892378b3f55f: shutdown 2de4195a-f779-4305-af6f-892378b3f55f@group-F5900B241937-LeaderElection146
2024-08-10 09:46:35,717 [2de4195a-f779-4305-af6f-892378b3f55f@group-F5900B241937-LeaderElection146] INFO  server.RaftServer$Division (RaftServerImpl.java:setRole(376)) - 2de4195a-f779-4305-af6f-892378b3f55f@group-F5900B241937: changes role from CANDIDATE to LEADER at term 1 for changeToLeader
2024-08-10 09:46:35,717 [2de4195a-f779-4305-af6f-892378b3f55f@group-F5900B241937-LeaderElection146] INFO  server.RaftServerConfigKeys (ConfUtils.java:logGet(46)) - raft.server.staging.catchup.gap = 1000 (default)
2024-08-10 09:46:35,717 [2de4195a-f779-4305-af6f-892378b3f55f@group-F5900B241937-LeaderElection146] INFO  server.RaftServerConfigKeys (ConfUtils.java:logGet(46)) - raft.server.write.element-limit = 1024 (custom)
2024-08-10 09:46:35,717 [2de4195a-f779-4305-af6f-892378b3f55f@group-F5900B241937-LeaderElection146] INFO  server.RaftServerConfigKeys (ConfUtils.java:logGet(46)) - raft.server.write.byte-limit = 1024 M (=1073741824) (custom)
2024-08-10 09:46:35,717 [2de4195a-f779-4305-af6f-892378b3f55f@group-F5900B241937-LeaderElection146] INFO  server.RaftServerConfigKeys (ConfUtils.java:logGet(46)) - raft.server.watch.timeout = 3000ms (custom)
2024-08-10 09:46:35,717 [2de4195a-f779-4305-af6f-892378b3f55f@group-F5900B241937-LeaderElection146] INFO  server.RaftServerConfigKeys (ConfUtils.java:logGet(46)) - raft.server.watch.timeout.denomination = 1s (default)
2024-08-10 09:46:35,717 [2de4195a-f779-4305-af6f-892378b3f55f@group-F5900B241937-LeaderElection146] INFO  server.RaftServerConfigKeys (ConfUtils.java:logGet(46)) - raft.server.watch.element-limit = 65536 (default)
2024-08-10 09:46:35,717 [2de4195a-f779-4305-af6f-892378b3f55f@group-F5900B241937-LeaderElection146] INFO  server.RaftServerConfigKeys (ConfUtils.java:logGet(46)) - raft.server.read.leader.lease.enabled = false (default)
2024-08-10 09:46:35,718 [2de4195a-f779-4305-af6f-892378b3f55f@group-F5900B241937-LeaderElection146] INFO  server.RaftServerConfigKeys (ConfUtils.java:logGet(46)) - raft.server.read.leader.lease.timeout.ratio = 0.9 (default)
2024-08-10 09:46:35,718 [2de4195a-f779-4305-af6f-892378b3f55f@group-F5900B241937-LeaderElection146] INFO  server.RaftServerConfigKeys (ConfUtils.java:logGet(46)) - raft.server.rpc.timeout.min = 5s (custom)
2024-08-10 09:46:35,718 [2de4195a-f779-4305-af6f-892378b3f55f@group-F5900B241937-LeaderElection146] INFO  server.RaftServerConfigKeys (ConfUtils.java:logGet(46)) - raft.server.log.log-metadata.enabled = true (default)
2024-08-10 09:46:35,718 [2de4195a-f779-4305-af6f-892378b3f55f@group-F5900B241937-LeaderElection146] INFO  server.RaftServerConfigKeys (ConfUtils.java:logGet(46)) - raft.server.write.element-limit = 1024 (custom)
2024-08-10 09:46:35,718 [2de4195a-f779-4305-af6f-892378b3f55f@group-F5900B241937-LeaderElection146] INFO  server.RaftServerConfigKeys (ConfUtils.java:logGet(46)) - raft.server.write.follower.gap.ratio.max = -1.0 (default)
2024-08-10 09:46:35,718 [2de4195a-f779-4305-af6f-892378b3f55f@group-F5900B241937-LeaderElection146] INFO  server.RaftServerConfigKeys (ConfUtils.java:logGet(46)) - raft.server.log.appender.snapshot.chunk.size.max = 16MB (=16777216) (default)
2024-08-10 09:46:35,718 [2de4195a-f779-4305-af6f-892378b3f55f@group-F5900B241937-LeaderElection146] INFO  server.RaftServerConfigKeys (ConfUtils.java:logGet(46)) - raft.server.log.appender.buffer.byte-limit = 8388608 (custom)
2024-08-10 09:46:35,718 [2de4195a-f779-4305-af6f-892378b3f55f@group-F5900B241937-LeaderElection146] INFO  server.RaftServerConfigKeys (ConfUtils.java:logGet(46)) - raft.server.log.appender.buffer.element-limit = 1024 (custom)
2024-08-10 09:46:35,718 [2de4195a-f779-4305-af6f-892378b3f55f@group-F5900B241937-LeaderElection146] INFO  server.RaftServerConfigKeys (ConfUtils.java:logGet(46)) - raft.server.log.appender.wait-time.min = 0ms (custom)
2024-08-10 09:46:35,718 [2de4195a-f779-4305-af6f-892378b3f55f@group-F5900B241937-LeaderElection146] INFO  grpc.GrpcConfigKeys (ConfUtils.java:logGet(46)) - raft.grpc.server.leader.outstanding.appends.max = 8 (default)
2024-08-10 09:46:35,718 [2de4195a-f779-4305-af6f-892378b3f55f@group-F5900B241937-LeaderElection146] INFO  server.RaftServerConfigKeys (ConfUtils.java:logGet(46)) - raft.server.rpc.request.timeout = 3000ms (default)
2024-08-10 09:46:35,718 [2de4195a-f779-4305-af6f-892378b3f55f@group-F5900B241937-LeaderElection146] INFO  grpc.GrpcConfigKeys (ConfUtils.java:logGet(46)) - raft.grpc.server.install_snapshot.request.element-limit = 8 (default)
2024-08-10 09:46:35,718 [2de4195a-f779-4305-af6f-892378b3f55f@group-F5900B241937-LeaderElection146] INFO  grpc.GrpcConfigKeys (ConfUtils.java:logGet(46)) - raft.grpc.server.install_snapshot.request.timeout = 3000ms (default)
2024-08-10 09:46:35,719 [2de4195a-f779-4305-af6f-892378b3f55f@group-F5900B241937-LeaderElection146] INFO  grpc.GrpcConfigKeys (ConfUtils.java:logGet(46)) - raft.grpc.server.log-message.batch.duration = 5s (default)
2024-08-10 09:46:35,719 [2de4195a-f779-4305-af6f-892378b3f55f@group-F5900B241937-LeaderElection146] INFO  server.RaftServerConfigKeys (ConfUtils.java:logGet(46)) - raft.server.log.appender.install.snapshot.enabled = false (custom)
2024-08-10 09:46:35,719 [2de4195a-f779-4305-af6f-892378b3f55f@group-F5900B241937-LeaderElection146] INFO  grpc.GrpcConfigKeys (ConfUtils.java:logGet(46)) - raft.grpc.server.heartbeat.channel = true (default)
2024-08-10 09:46:35,719 [2de4195a-f779-4305-af6f-892378b3f55f@group-F5900B241937-LeaderElection146] INFO  server.RaftServerConfigKeys (ConfUtils.java:logGet(46)) - raft.server.log.appender.snapshot.chunk.size.max = 16MB (=16777216) (default)
2024-08-10 09:46:35,719 [2de4195a-f779-4305-af6f-892378b3f55f@group-F5900B241937-LeaderElection146] INFO  server.RaftServerConfigKeys (ConfUtils.java:logGet(46)) - raft.server.log.appender.buffer.byte-limit = 8388608 (custom)
2024-08-10 09:46:35,719 [2de4195a-f779-4305-af6f-892378b3f55f@group-F5900B241937-LeaderElection146] INFO  server.RaftServerConfigKeys (ConfUtils.java:logGet(46)) - raft.server.log.appender.buffer.element-limit = 1024 (custom)
2024-08-10 09:46:35,720 [2de4195a-f779-4305-af6f-892378b3f55f@group-F5900B241937-LeaderElection146] INFO  server.RaftServerConfigKeys (ConfUtils.java:logGet(46)) - raft.server.log.appender.wait-time.min = 0ms (custom)
2024-08-10 09:46:35,720 [2de4195a-f779-4305-af6f-892378b3f55f@group-F5900B241937-LeaderElection146] INFO  grpc.GrpcConfigKeys (ConfUtils.java:logGet(46)) - raft.grpc.server.leader.outstanding.appends.max = 8 (default)
2024-08-10 09:46:35,720 [2de4195a-f779-4305-af6f-892378b3f55f@group-F5900B241937-LeaderElection146] INFO  server.RaftServerConfigKeys (ConfUtils.java:logGet(46)) - raft.server.rpc.request.timeout = 3000ms (default)
2024-08-10 09:46:35,720 [2de4195a-f779-4305-af6f-892378b3f55f@group-F5900B241937-LeaderElection146] INFO  grpc.GrpcConfigKeys (ConfUtils.java:logGet(46)) - raft.grpc.server.install_snapshot.request.element-limit = 8 (default)
2024-08-10 09:46:35,720 [2de4195a-f779-4305-af6f-892378b3f55f@group-F5900B241937-LeaderElection146] INFO  grpc.GrpcConfigKeys (ConfUtils.java:logGet(46)) - raft.grpc.server.install_snapshot.request.timeout = 3000ms (default)
2024-08-10 09:46:35,720 [2de4195a-f779-4305-af6f-892378b3f55f@group-F5900B241937-LeaderElection146] INFO  grpc.GrpcConfigKeys (ConfUtils.java:logGet(46)) - raft.grpc.server.log-message.batch.duration = 5s (default)
2024-08-10 09:46:35,720 [2de4195a-f779-4305-af6f-892378b3f55f@group-F5900B241937-LeaderElection146] INFO  server.RaftServerConfigKeys (ConfUtils.java:logGet(46)) - raft.server.log.appender.install.snapshot.enabled = false (custom)
2024-08-10 09:46:35,720 [2de4195a-f779-4305-af6f-892378b3f55f@group-F5900B241937-LeaderElection146] INFO  grpc.GrpcConfigKeys (ConfUtils.java:logGet(46)) - raft.grpc.server.heartbeat.channel = true (default)
2024-08-10 09:46:35,720 [2de4195a-f779-4305-af6f-892378b3f55f@group-F5900B241937-LeaderElection146] INFO  impl.RoleInfo (RoleInfo.java:updateAndGet(148)) - 2de4195a-f779-4305-af6f-892378b3f55f: start 2de4195a-f779-4305-af6f-892378b3f55f@group-F5900B241937-LeaderStateImpl
2024-08-10 09:46:35,720 [2de4195a-f779-4305-af6f-892378b3f55f@group-F5900B241937-LeaderElection146] INFO  server.RaftServer$Division (RaftServerImpl.java:setFirstElection(549)) - 2de4195a-f779-4305-af6f-892378b3f55f@group-F5900B241937: set firstElectionSinceStartup to false for becomeLeader
2024-08-10 09:46:35,720 [2de4195a-f779-4305-af6f-892378b3f55f@group-F5900B241937-LeaderElection146] INFO  ratis.XceiverServerRatis (XceiverServerRatis.java:handleLeaderChangedNotification(947)) - Leader change notification received for group: group-F5900B241937 with new leaderId: 2de4195a-f779-4305-af6f-892378b3f55f
2024-08-10 09:46:35,720 [2de4195a-f779-4305-af6f-892378b3f55f@group-F5900B241937-LeaderElection146] INFO  server.RaftServer$Division (ServerState.java:setLeader(272)) - 2de4195a-f779-4305-af6f-892378b3f55f@group-F5900B241937: change Leader from null to 2de4195a-f779-4305-af6f-892378b3f55f at term 1 for becomeLeader, leader elected after 5203ms
2024-08-10 09:46:35,721 [2de4195a-f779-4305-af6f-892378b3f55f@group-F5900B241937-LeaderElection146] INFO  segmented.SegmentedRaftLogWorker (SegmentedRaftLogWorker.java:startLogSegment(433)) - 2de4195a-f779-4305-af6f-892378b3f55f@group-F5900B241937-SegmentedRaftLogWorker: Starting segment from index:0
2024-08-10 09:46:35,721 [2de4195a-f779-4305-af6f-892378b3f55f@group-F5900B241937-SegmentedRaftLogWorker] INFO  segmented.BufferedWriteChannel (BufferedWriteChannel.java:open(61)) - open log_inprogress_0 at position 0
2024-08-10 09:46:35,721 [EventQueue-PipelineReportForPipelineReportHandler] INFO  pipeline.PipelineReportHandler (PipelineReportHandler.java:processPipelineReport(136)) - Opened pipeline PipelineID=6d48bf66-bbcb-454f-be82-f5900b241937
2024-08-10 09:46:35,716 [2de4195a-f779-4305-af6f-892378b3f55f-server-thread1] INFO  ratis.XceiverServerRatis (XceiverServerRatis.java:handleLeaderChangedNotification(947)) - Leader change notification received for group: group-9E8CB2D7ECCE with new leaderId: 0d551621-3a78-470c-abdb-c40a133c0b47
2024-08-10 09:46:35,717 [grpc-default-executor-6] INFO  impl.VoteContext (VoteContext.java:log(49)) - bc9bd5ba-19eb-4eb9-bb97-9549088a2cda@group-F5900B241937-FOLLOWER: accept ELECTION from 2de4195a-f779-4305-af6f-892378b3f55f: our priority 0 <= candidate's priority 1
2024-08-10 09:46:35,721 [grpc-default-executor-6] INFO  server.RaftServer$Division (RaftServerImpl.java:setRole(376)) - bc9bd5ba-19eb-4eb9-bb97-9549088a2cda@group-F5900B241937: changes role from  FOLLOWER to FOLLOWER at term 1 for candidate:2de4195a-f779-4305-af6f-892378b3f55f
2024-08-10 09:46:35,721 [grpc-default-executor-6] INFO  impl.RoleInfo (RoleInfo.java:shutdownFollowerState(119)) - bc9bd5ba-19eb-4eb9-bb97-9549088a2cda: shutdown bc9bd5ba-19eb-4eb9-bb97-9549088a2cda@group-F5900B241937-FollowerState
2024-08-10 09:46:35,722 [grpc-default-executor-6] INFO  impl.RoleInfo (RoleInfo.java:updateAndGet(148)) - bc9bd5ba-19eb-4eb9-bb97-9549088a2cda: start bc9bd5ba-19eb-4eb9-bb97-9549088a2cda@group-F5900B241937-FollowerState
2024-08-10 09:46:35,716 [bc9bd5ba-19eb-4eb9-bb97-9549088a2cda-server-thread1] INFO  ratis.XceiverServerRatis (XceiverServerRatis.java:handleLeaderChangedNotification(947)) - Leader change notification received for group: group-9E8CB2D7ECCE with new leaderId: 0d551621-3a78-470c-abdb-c40a133c0b47
2024-08-10 09:46:35,722 [bc9bd5ba-19eb-4eb9-bb97-9549088a2cda@group-F5900B241937-FollowerState] INFO  impl.FollowerState (FollowerState.java:run(153)) - bc9bd5ba-19eb-4eb9-bb97-9549088a2cda@group-F5900B241937-FollowerState was interrupted
2024-08-10 09:46:35,722 [bc9bd5ba-19eb-4eb9-bb97-9549088a2cda-server-thread1] INFO  server.RaftServer$Division (ServerState.java:setLeader(272)) - bc9bd5ba-19eb-4eb9-bb97-9549088a2cda@group-9E8CB2D7ECCE: change Leader from null to 0d551621-3a78-470c-abdb-c40a133c0b47 at term 1 for appendEntries, leader elected after 5120ms
2024-08-10 09:46:35,722 [2de4195a-f779-4305-af6f-892378b3f55f-server-thread1] INFO  server.RaftServer$Division (ServerState.java:setLeader(272)) - 2de4195a-f779-4305-af6f-892378b3f55f@group-9E8CB2D7ECCE: change Leader from null to 0d551621-3a78-470c-abdb-c40a133c0b47 at term 1 for appendEntries, leader elected after 5156ms
2024-08-10 09:46:35,722 [bc9bd5ba-19eb-4eb9-bb97-9549088a2cda-server-thread2] INFO  server.RaftServer$Division (ServerState.java:setRaftConf(386)) - bc9bd5ba-19eb-4eb9-bb97-9549088a2cda@group-9E8CB2D7ECCE: set configuration conf: {index: 0, cur=peers:[0d551621-3a78-470c-abdb-c40a133c0b47|127.0.0.1:15560, bc9bd5ba-19eb-4eb9-bb97-9549088a2cda|127.0.0.1:15551, 2de4195a-f779-4305-af6f-892378b3f55f|127.0.0.1:15542]|listeners:[], old=null}
2024-08-10 09:46:35,722 [bc9bd5ba-19eb-4eb9-bb97-9549088a2cda-server-thread2] INFO  segmented.SegmentedRaftLogWorker (SegmentedRaftLogWorker.java:startLogSegment(433)) - bc9bd5ba-19eb-4eb9-bb97-9549088a2cda@group-9E8CB2D7ECCE-SegmentedRaftLogWorker: Starting segment from index:0
2024-08-10 09:46:35,722 [bc9bd5ba-19eb-4eb9-bb97-9549088a2cda@group-9E8CB2D7ECCE-SegmentedRaftLogWorker] INFO  segmented.BufferedWriteChannel (BufferedWriteChannel.java:open(61)) - open log_inprogress_0 at position 0
2024-08-10 09:46:35,725 [grpc-default-executor-6] INFO  server.RaftServer$Division (RaftServerImpl.java:setFirstElection(549)) - bc9bd5ba-19eb-4eb9-bb97-9549088a2cda@group-F5900B241937: set firstElectionSinceStartup to false for candidate:2de4195a-f779-4305-af6f-892378b3f55f
2024-08-10 09:46:35,726 [2de4195a-f779-4305-af6f-892378b3f55f@group-F5900B241937-LeaderElection146] INFO  server.RaftServer$Division (ServerState.java:setRaftConf(386)) - 2de4195a-f779-4305-af6f-892378b3f55f@group-F5900B241937: set configuration conf: {index: 0, cur=peers:[0d551621-3a78-470c-abdb-c40a133c0b47|127.0.0.1:15560, bc9bd5ba-19eb-4eb9-bb97-9549088a2cda|127.0.0.1:15551, 2de4195a-f779-4305-af6f-892378b3f55f|127.0.0.1:15542]|listeners:[], old=null}
2024-08-10 09:46:35,727 [grpc-default-executor-6] INFO  server.RaftServer$Division (RaftServerImpl.java:requestVote(1449)) - bc9bd5ba-19eb-4eb9-bb97-9549088a2cda@group-F5900B241937 replies to ELECTION vote request: 2de4195a-f779-4305-af6f-892378b3f55f<-bc9bd5ba-19eb-4eb9-bb97-9549088a2cda#0:OK-t1. Peer's state: bc9bd5ba-19eb-4eb9-bb97-9549088a2cda@group-F5900B241937:t1, leader=null, voted=2de4195a-f779-4305-af6f-892378b3f55f, raftlog=Memoized:bc9bd5ba-19eb-4eb9-bb97-9549088a2cda@group-F5900B241937-SegmentedRaftLog:OPENED:c-1:lastnull, conf=conf: {index: -1, cur=peers:[0d551621-3a78-470c-abdb-c40a133c0b47|127.0.0.1:15560, bc9bd5ba-19eb-4eb9-bb97-9549088a2cda|127.0.0.1:15551, 2de4195a-f779-4305-af6f-892378b3f55f|127.0.0.1:15542]|listeners:[], old=null}
2024-08-10 09:46:35,727 [2de4195a-f779-4305-af6f-892378b3f55f-server-thread2] INFO  server.RaftServer$Division (ServerState.java:setRaftConf(386)) - 2de4195a-f779-4305-af6f-892378b3f55f@group-9E8CB2D7ECCE: set configuration conf: {index: 0, cur=peers:[0d551621-3a78-470c-abdb-c40a133c0b47|127.0.0.1:15560, bc9bd5ba-19eb-4eb9-bb97-9549088a2cda|127.0.0.1:15551, 2de4195a-f779-4305-af6f-892378b3f55f|127.0.0.1:15542]|listeners:[], old=null}
2024-08-10 09:46:35,727 [2de4195a-f779-4305-af6f-892378b3f55f-server-thread2] INFO  segmented.SegmentedRaftLogWorker (SegmentedRaftLogWorker.java:startLogSegment(433)) - 2de4195a-f779-4305-af6f-892378b3f55f@group-9E8CB2D7ECCE-SegmentedRaftLogWorker: Starting segment from index:0
2024-08-10 09:46:35,727 [2de4195a-f779-4305-af6f-892378b3f55f@group-9E8CB2D7ECCE-SegmentedRaftLogWorker] INFO  segmented.BufferedWriteChannel (BufferedWriteChannel.java:open(61)) - open log_inprogress_0 at position 0
2024-08-10 09:46:35,734 [0d551621-3a78-470c-abdb-c40a133c0b47-server-thread1] INFO  ratis.XceiverServerRatis (XceiverServerRatis.java:handleLeaderChangedNotification(947)) - Leader change notification received for group: group-F5900B241937 with new leaderId: 2de4195a-f779-4305-af6f-892378b3f55f
2024-08-10 09:46:35,734 [0d551621-3a78-470c-abdb-c40a133c0b47-server-thread1] INFO  server.RaftServer$Division (ServerState.java:setLeader(272)) - 0d551621-3a78-470c-abdb-c40a133c0b47@group-F5900B241937: change Leader from null to 2de4195a-f779-4305-af6f-892378b3f55f at term 1 for appendEntries, leader elected after 5187ms
2024-08-10 09:46:35,736 [0d551621-3a78-470c-abdb-c40a133c0b47-server-thread2] INFO  server.RaftServer$Division (ServerState.java:setRaftConf(386)) - 0d551621-3a78-470c-abdb-c40a133c0b47@group-F5900B241937: set configuration conf: {index: 0, cur=peers:[0d551621-3a78-470c-abdb-c40a133c0b47|127.0.0.1:15560, bc9bd5ba-19eb-4eb9-bb97-9549088a2cda|127.0.0.1:15551, 2de4195a-f779-4305-af6f-892378b3f55f|127.0.0.1:15542]|listeners:[], old=null}
2024-08-10 09:46:35,736 [0d551621-3a78-470c-abdb-c40a133c0b47-server-thread2] INFO  segmented.SegmentedRaftLogWorker (SegmentedRaftLogWorker.java:startLogSegment(433)) - 0d551621-3a78-470c-abdb-c40a133c0b47@group-F5900B241937-SegmentedRaftLogWorker: Starting segment from index:0
2024-08-10 09:46:35,736 [0d551621-3a78-470c-abdb-c40a133c0b47@group-F5900B241937-SegmentedRaftLogWorker] INFO  segmented.BufferedWriteChannel (BufferedWriteChannel.java:open(61)) - open log_inprogress_0 at position 0
2024-08-10 09:46:35,737 [bc9bd5ba-19eb-4eb9-bb97-9549088a2cda-server-thread1] INFO  ratis.XceiverServerRatis (XceiverServerRatis.java:handleLeaderChangedNotification(947)) - Leader change notification received for group: group-F5900B241937 with new leaderId: 2de4195a-f779-4305-af6f-892378b3f55f
2024-08-10 09:46:35,737 [bc9bd5ba-19eb-4eb9-bb97-9549088a2cda-server-thread1] INFO  server.RaftServer$Division (ServerState.java:setLeader(272)) - bc9bd5ba-19eb-4eb9-bb97-9549088a2cda@group-F5900B241937: change Leader from null to 2de4195a-f779-4305-af6f-892378b3f55f at term 1 for appendEntries, leader elected after 5205ms
2024-08-10 09:46:35,738 [bc9bd5ba-19eb-4eb9-bb97-9549088a2cda-server-thread2] INFO  server.RaftServer$Division (ServerState.java:setRaftConf(386)) - bc9bd5ba-19eb-4eb9-bb97-9549088a2cda@group-F5900B241937: set configuration conf: {index: 0, cur=peers:[0d551621-3a78-470c-abdb-c40a133c0b47|127.0.0.1:15560, bc9bd5ba-19eb-4eb9-bb97-9549088a2cda|127.0.0.1:15551, 2de4195a-f779-4305-af6f-892378b3f55f|127.0.0.1:15542]|listeners:[], old=null}
2024-08-10 09:46:35,738 [bc9bd5ba-19eb-4eb9-bb97-9549088a2cda-server-thread2] INFO  segmented.SegmentedRaftLogWorker (SegmentedRaftLogWorker.java:startLogSegment(433)) - bc9bd5ba-19eb-4eb9-bb97-9549088a2cda@group-F5900B241937-SegmentedRaftLogWorker: Starting segment from index:0
2024-08-10 09:46:35,739 [bc9bd5ba-19eb-4eb9-bb97-9549088a2cda@group-F5900B241937-SegmentedRaftLogWorker] INFO  segmented.BufferedWriteChannel (BufferedWriteChannel.java:open(61)) - open log_inprogress_0 at position 0
2024-08-10 09:46:35,742 [2de4195a-f779-4305-af6f-892378b3f55f@group-F5900B241937-SegmentedRaftLogWorker] INFO  segmented.SegmentedRaftLogWorker (SegmentedRaftLogWorker.java:execute(637)) - 2de4195a-f779-4305-af6f-892378b3f55f@group-F5900B241937-SegmentedRaftLogWorker: created new log segment /home/runner/work/ozone/ozone/hadoop-ozone/integration-test/target/test-dir/MiniOzoneClusterImpl-76eaf92f-9dff-4d21-993f-c9a35837815b/ozone-meta/datanode-1/ratis/6d48bf66-bbcb-454f-be82-f5900b241937/current/log_inprogress_0
2024-08-10 09:46:35,742 [2de4195a-f779-4305-af6f-892378b3f55f@group-9E8CB2D7ECCE-SegmentedRaftLogWorker] INFO  segmented.SegmentedRaftLogWorker (SegmentedRaftLogWorker.java:execute(637)) - 2de4195a-f779-4305-af6f-892378b3f55f@group-9E8CB2D7ECCE-SegmentedRaftLogWorker: created new log segment /home/runner/work/ozone/ozone/hadoop-ozone/integration-test/target/test-dir/MiniOzoneClusterImpl-76eaf92f-9dff-4d21-993f-c9a35837815b/ozone-meta/datanode-1/ratis/860780ba-ebaa-4f50-9042-9e8cb2d7ecce/current/log_inprogress_0
2024-08-10 09:46:35,747 [bc9bd5ba-19eb-4eb9-bb97-9549088a2cda@group-9E8CB2D7ECCE-SegmentedRaftLogWorker] INFO  segmented.SegmentedRaftLogWorker (SegmentedRaftLogWorker.java:execute(637)) - bc9bd5ba-19eb-4eb9-bb97-9549088a2cda@group-9E8CB2D7ECCE-SegmentedRaftLogWorker: created new log segment /home/runner/work/ozone/ozone/hadoop-ozone/integration-test/target/test-dir/MiniOzoneClusterImpl-76eaf92f-9dff-4d21-993f-c9a35837815b/ozone-meta/datanode-2/ratis/860780ba-ebaa-4f50-9042-9e8cb2d7ecce/current/log_inprogress_0
2024-08-10 09:46:35,752 [0d551621-3a78-470c-abdb-c40a133c0b47@group-F5900B241937-SegmentedRaftLogWorker] INFO  segmented.SegmentedRaftLogWorker (SegmentedRaftLogWorker.java:execute(637)) - 0d551621-3a78-470c-abdb-c40a133c0b47@group-F5900B241937-SegmentedRaftLogWorker: created new log segment /home/runner/work/ozone/ozone/hadoop-ozone/integration-test/target/test-dir/MiniOzoneClusterImpl-76eaf92f-9dff-4d21-993f-c9a35837815b/ozone-meta/datanode-3/ratis/6d48bf66-bbcb-454f-be82-f5900b241937/current/log_inprogress_0
2024-08-10 09:46:35,753 [0d551621-3a78-470c-abdb-c40a133c0b47@group-9E8CB2D7ECCE-StateMachineUpdater] INFO  server.RaftServer$Division (LeaderStateImpl.java:checkStartIndex(316)) - Leader 0d551621-3a78-470c-abdb-c40a133c0b47@group-9E8CB2D7ECCE-LeaderStateImpl is ready since appliedIndex == startIndex == 0
2024-08-10 09:46:35,753 [bc9bd5ba-19eb-4eb9-bb97-9549088a2cda@group-F5900B241937-SegmentedRaftLogWorker] INFO  segmented.SegmentedRaftLogWorker (SegmentedRaftLogWorker.java:execute(637)) - bc9bd5ba-19eb-4eb9-bb97-9549088a2cda@group-F5900B241937-SegmentedRaftLogWorker: created new log segment /home/runner/work/ozone/ozone/hadoop-ozone/integration-test/target/test-dir/MiniOzoneClusterImpl-76eaf92f-9dff-4d21-993f-c9a35837815b/ozone-meta/datanode-2/ratis/6d48bf66-bbcb-454f-be82-f5900b241937/current/log_inprogress_0
2024-08-10 09:46:35,755 [2de4195a-f779-4305-af6f-892378b3f55f@group-F5900B241937-StateMachineUpdater] INFO  server.RaftServer$Division (LeaderStateImpl.java:checkStartIndex(316)) - Leader 2de4195a-f779-4305-af6f-892378b3f55f@group-F5900B241937-LeaderStateImpl is ready since appliedIndex == startIndex == 0
2024-08-10 09:46:35,844 [bc9bd5ba-19eb-4eb9-bb97-9549088a2cda@group-93FE19252A7E-FollowerState] INFO  impl.FollowerState (FollowerState.java:run(144)) - bc9bd5ba-19eb-4eb9-bb97-9549088a2cda@group-93FE19252A7E-FollowerState: change to CANDIDATE, lastRpcElapsedTime:5104402602ns, electionTimeout:5104ms
2024-08-10 09:46:35,844 [bc9bd5ba-19eb-4eb9-bb97-9549088a2cda@group-93FE19252A7E-FollowerState] INFO  impl.RoleInfo (RoleInfo.java:shutdownFollowerState(119)) - bc9bd5ba-19eb-4eb9-bb97-9549088a2cda: shutdown bc9bd5ba-19eb-4eb9-bb97-9549088a2cda@group-93FE19252A7E-FollowerState
2024-08-10 09:46:35,844 [bc9bd5ba-19eb-4eb9-bb97-9549088a2cda@group-93FE19252A7E-FollowerState] INFO  server.RaftServer$Division (RaftServerImpl.java:setRole(376)) - bc9bd5ba-19eb-4eb9-bb97-9549088a2cda@group-93FE19252A7E: changes role from  FOLLOWER to CANDIDATE at term 0 for changeToCandidate
2024-08-10 09:46:35,844 [bc9bd5ba-19eb-4eb9-bb97-9549088a2cda@group-93FE19252A7E-FollowerState] INFO  server.RaftServerConfigKeys (ConfUtils.java:logGet(46)) - raft.server.leaderelection.pre-vote = true (default)
2024-08-10 09:46:35,844 [bc9bd5ba-19eb-4eb9-bb97-9549088a2cda@group-93FE19252A7E-FollowerState] INFO  impl.RoleInfo (RoleInfo.java:updateAndGet(148)) - bc9bd5ba-19eb-4eb9-bb97-9549088a2cda: start bc9bd5ba-19eb-4eb9-bb97-9549088a2cda@group-93FE19252A7E-LeaderElection147
2024-08-10 09:46:35,844 [bc9bd5ba-19eb-4eb9-bb97-9549088a2cda@group-93FE19252A7E-LeaderElection147] INFO  impl.LeaderElection (LeaderElection.java:askForVotes(321)) - bc9bd5ba-19eb-4eb9-bb97-9549088a2cda@group-93FE19252A7E-LeaderElection147 PRE_VOTE round 0: submit vote requests at term 0 for conf: {index: -1, cur=peers:[bc9bd5ba-19eb-4eb9-bb97-9549088a2cda|127.0.0.1:15551]|listeners:[], old=null}
2024-08-10 09:46:35,844 [bc9bd5ba-19eb-4eb9-bb97-9549088a2cda@group-93FE19252A7E-LeaderElection147] INFO  impl.LeaderElection (LeaderElection.java:askForVotes(323)) - bc9bd5ba-19eb-4eb9-bb97-9549088a2cda@group-93FE19252A7E-LeaderElection147 PRE_VOTE round 0: result PASSED (term=0)
2024-08-10 09:46:35,846 [bc9bd5ba-19eb-4eb9-bb97-9549088a2cda@group-93FE19252A7E-LeaderElection147] INFO  impl.LeaderElection (LeaderElection.java:askForVotes(321)) - bc9bd5ba-19eb-4eb9-bb97-9549088a2cda@group-93FE19252A7E-LeaderElection147 ELECTION round 0: submit vote requests at term 1 for conf: {index: -1, cur=peers:[bc9bd5ba-19eb-4eb9-bb97-9549088a2cda|127.0.0.1:15551]|listeners:[], old=null}
2024-08-10 09:46:35,846 [bc9bd5ba-19eb-4eb9-bb97-9549088a2cda@group-93FE19252A7E-LeaderElection147] INFO  impl.LeaderElection (LeaderElection.java:askForVotes(323)) - bc9bd5ba-19eb-4eb9-bb97-9549088a2cda@group-93FE19252A7E-LeaderElection147 ELECTION round 0: result PASSED (term=1)
2024-08-10 09:46:35,846 [bc9bd5ba-19eb-4eb9-bb97-9549088a2cda@group-93FE19252A7E-LeaderElection147] INFO  impl.RoleInfo (RoleInfo.java:shutdownLeaderElection(139)) - bc9bd5ba-19eb-4eb9-bb97-9549088a2cda: shutdown bc9bd5ba-19eb-4eb9-bb97-9549088a2cda@group-93FE19252A7E-LeaderElection147
2024-08-10 09:46:35,846 [bc9bd5ba-19eb-4eb9-bb97-9549088a2cda@group-93FE19252A7E-LeaderElection147] INFO  server.RaftServer$Division (RaftServerImpl.java:setRole(376)) - bc9bd5ba-19eb-4eb9-bb97-9549088a2cda@group-93FE19252A7E: changes role from CANDIDATE to LEADER at term 1 for changeToLeader
2024-08-10 09:46:35,846 [bc9bd5ba-19eb-4eb9-bb97-9549088a2cda@group-93FE19252A7E-LeaderElection147] INFO  server.RaftServerConfigKeys (ConfUtils.java:logGet(46)) - raft.server.staging.catchup.gap = 1000 (default)
2024-08-10 09:46:35,846 [bc9bd5ba-19eb-4eb9-bb97-9549088a2cda@group-93FE19252A7E-LeaderElection147] INFO  server.RaftServerConfigKeys (ConfUtils.java:logGet(46)) - raft.server.write.element-limit = 1024 (custom)
2024-08-10 09:46:35,846 [bc9bd5ba-19eb-4eb9-bb97-9549088a2cda@group-93FE19252A7E-LeaderElection147] INFO  server.RaftServerConfigKeys (ConfUtils.java:logGet(46)) - raft.server.write.byte-limit = 1024 M (=1073741824) (custom)
2024-08-10 09:46:35,846 [bc9bd5ba-19eb-4eb9-bb97-9549088a2cda@group-93FE19252A7E-LeaderElection147] INFO  server.RaftServerConfigKeys (ConfUtils.java:logGet(46)) - raft.server.watch.timeout = 3000ms (custom)
2024-08-10 09:46:35,846 [bc9bd5ba-19eb-4eb9-bb97-9549088a2cda@group-93FE19252A7E-LeaderElection147] INFO  server.RaftServerConfigKeys (ConfUtils.java:logGet(46)) - raft.server.watch.timeout.denomination = 1s (default)
2024-08-10 09:46:35,846 [bc9bd5ba-19eb-4eb9-bb97-9549088a2cda@group-93FE19252A7E-LeaderElection147] INFO  server.RaftServerConfigKeys (ConfUtils.java:logGet(46)) - raft.server.watch.element-limit = 65536 (default)
2024-08-10 09:46:35,847 [bc9bd5ba-19eb-4eb9-bb97-9549088a2cda@group-93FE19252A7E-LeaderElection147] INFO  server.RaftServerConfigKeys (ConfUtils.java:logGet(46)) - raft.server.read.leader.lease.enabled = false (default)
2024-08-10 09:46:35,847 [bc9bd5ba-19eb-4eb9-bb97-9549088a2cda@group-93FE19252A7E-LeaderElection147] INFO  server.RaftServerConfigKeys (ConfUtils.java:logGet(46)) - raft.server.read.leader.lease.timeout.ratio = 0.9 (default)
2024-08-10 09:46:35,847 [bc9bd5ba-19eb-4eb9-bb97-9549088a2cda@group-93FE19252A7E-LeaderElection147] INFO  server.RaftServerConfigKeys (ConfUtils.java:logGet(46)) - raft.server.rpc.timeout.min = 5s (custom)
2024-08-10 09:46:35,847 [bc9bd5ba-19eb-4eb9-bb97-9549088a2cda@group-93FE19252A7E-LeaderElection147] INFO  server.RaftServerConfigKeys (ConfUtils.java:logGet(46)) - raft.server.log.log-metadata.enabled = true (default)
2024-08-10 09:46:35,847 [bc9bd5ba-19eb-4eb9-bb97-9549088a2cda@group-93FE19252A7E-LeaderElection147] INFO  server.RaftServerConfigKeys (ConfUtils.java:logGet(46)) - raft.server.write.element-limit = 1024 (custom)
2024-08-10 09:46:35,847 [bc9bd5ba-19eb-4eb9-bb97-9549088a2cda@group-93FE19252A7E-LeaderElection147] INFO  server.RaftServerConfigKeys (ConfUtils.java:logGet(46)) - raft.server.write.follower.gap.ratio.max = -1.0 (default)
2024-08-10 09:46:35,847 [bc9bd5ba-19eb-4eb9-bb97-9549088a2cda@group-93FE19252A7E-LeaderElection147] INFO  impl.RoleInfo (RoleInfo.java:updateAndGet(148)) - bc9bd5ba-19eb-4eb9-bb97-9549088a2cda: start bc9bd5ba-19eb-4eb9-bb97-9549088a2cda@group-93FE19252A7E-LeaderStateImpl
2024-08-10 09:46:35,847 [bc9bd5ba-19eb-4eb9-bb97-9549088a2cda@group-93FE19252A7E-LeaderElection147] INFO  server.RaftServer$Division (RaftServerImpl.java:setFirstElection(549)) - bc9bd5ba-19eb-4eb9-bb97-9549088a2cda@group-93FE19252A7E: set firstElectionSinceStartup to false for becomeLeader
2024-08-10 09:46:35,847 [bc9bd5ba-19eb-4eb9-bb97-9549088a2cda@group-93FE19252A7E-LeaderElection147] INFO  ratis.XceiverServerRatis (XceiverServerRatis.java:handleLeaderChangedNotification(947)) - Leader change notification received for group: group-93FE19252A7E with new leaderId: bc9bd5ba-19eb-4eb9-bb97-9549088a2cda
2024-08-10 09:46:35,847 [bc9bd5ba-19eb-4eb9-bb97-9549088a2cda@group-93FE19252A7E-LeaderElection147] INFO  server.RaftServer$Division (ServerState.java:setLeader(272)) - bc9bd5ba-19eb-4eb9-bb97-9549088a2cda@group-93FE19252A7E: change Leader from null to bc9bd5ba-19eb-4eb9-bb97-9549088a2cda at term 1 for becomeLeader, leader elected after 5115ms
2024-08-10 09:46:35,847 [bc9bd5ba-19eb-4eb9-bb97-9549088a2cda@group-93FE19252A7E-LeaderElection147] INFO  segmented.SegmentedRaftLogWorker (SegmentedRaftLogWorker.java:startLogSegment(433)) - bc9bd5ba-19eb-4eb9-bb97-9549088a2cda@group-93FE19252A7E-SegmentedRaftLogWorker: Starting segment from index:0
2024-08-10 09:46:35,847 [bc9bd5ba-19eb-4eb9-bb97-9549088a2cda@group-93FE19252A7E-SegmentedRaftLogWorker] INFO  segmented.BufferedWriteChannel (BufferedWriteChannel.java:open(61)) - open log_inprogress_0 at position 0
2024-08-10 09:46:35,850 [bc9bd5ba-19eb-4eb9-bb97-9549088a2cda@group-93FE19252A7E-LeaderElection147] INFO  server.RaftServer$Division (ServerState.java:setRaftConf(386)) - bc9bd5ba-19eb-4eb9-bb97-9549088a2cda@group-93FE19252A7E: set configuration conf: {index: 0, cur=peers:[bc9bd5ba-19eb-4eb9-bb97-9549088a2cda|127.0.0.1:15551]|listeners:[], old=null}
2024-08-10 09:46:35,860 [bc9bd5ba-19eb-4eb9-bb97-9549088a2cda@group-93FE19252A7E-SegmentedRaftLogWorker] INFO  segmented.SegmentedRaftLogWorker (SegmentedRaftLogWorker.java:execute(637)) - bc9bd5ba-19eb-4eb9-bb97-9549088a2cda@group-93FE19252A7E-SegmentedRaftLogWorker: created new log segment /home/runner/work/ozone/ozone/hadoop-ozone/integration-test/target/test-dir/MiniOzoneClusterImpl-76eaf92f-9dff-4d21-993f-c9a35837815b/ozone-meta/datanode-2/ratis/90393f32-55d7-4999-b748-93fe19252a7e/current/log_inprogress_0
2024-08-10 09:46:35,862 [bc9bd5ba-19eb-4eb9-bb97-9549088a2cda@group-93FE19252A7E-StateMachineUpdater] INFO  server.RaftServer$Division (LeaderStateImpl.java:checkStartIndex(316)) - Leader bc9bd5ba-19eb-4eb9-bb97-9549088a2cda@group-93FE19252A7E-LeaderStateImpl is ready since appliedIndex == startIndex == 0
2024-08-10 09:46:36,019 [0d551621-3a78-470c-abdb-c40a133c0b47@group-9D311F7289E9-FollowerState] INFO  impl.FollowerState (FollowerState.java:run(144)) - 0d551621-3a78-470c-abdb-c40a133c0b47@group-9D311F7289E9-FollowerState: change to CANDIDATE, lastRpcElapsedTime:5050415228ns, electionTimeout:5050ms
2024-08-10 09:46:36,019 [0d551621-3a78-470c-abdb-c40a133c0b47@group-9D311F7289E9-FollowerState] INFO  impl.RoleInfo (RoleInfo.java:shutdownFollowerState(119)) - 0d551621-3a78-470c-abdb-c40a133c0b47: shutdown 0d551621-3a78-470c-abdb-c40a133c0b47@group-9D311F7289E9-FollowerState
2024-08-10 09:46:36,019 [0d551621-3a78-470c-abdb-c40a133c0b47@group-9D311F7289E9-FollowerState] INFO  server.RaftServer$Division (RaftServerImpl.java:setRole(376)) - 0d551621-3a78-470c-abdb-c40a133c0b47@group-9D311F7289E9: changes role from  FOLLOWER to CANDIDATE at term 0 for changeToCandidate
2024-08-10 09:46:36,019 [0d551621-3a78-470c-abdb-c40a133c0b47@group-9D311F7289E9-FollowerState] INFO  server.RaftServerConfigKeys (ConfUtils.java:logGet(46)) - raft.server.leaderelection.pre-vote = true (default)
2024-08-10 09:46:36,020 [0d551621-3a78-470c-abdb-c40a133c0b47@group-9D311F7289E9-FollowerState] INFO  impl.RoleInfo (RoleInfo.java:updateAndGet(148)) - 0d551621-3a78-470c-abdb-c40a133c0b47: start 0d551621-3a78-470c-abdb-c40a133c0b47@group-9D311F7289E9-LeaderElection148
2024-08-10 09:46:36,020 [0d551621-3a78-470c-abdb-c40a133c0b47@group-9D311F7289E9-LeaderElection148] INFO  impl.LeaderElection (LeaderElection.java:askForVotes(321)) - 0d551621-3a78-470c-abdb-c40a133c0b47@group-9D311F7289E9-LeaderElection148 PRE_VOTE round 0: submit vote requests at term 0 for conf: {index: -1, cur=peers:[0d551621-3a78-470c-abdb-c40a133c0b47|127.0.0.1:15560]|listeners:[], old=null}
2024-08-10 09:46:36,020 [0d551621-3a78-470c-abdb-c40a133c0b47@group-9D311F7289E9-LeaderElection148] INFO  impl.LeaderElection (LeaderElection.java:askForVotes(323)) - 0d551621-3a78-470c-abdb-c40a133c0b47@group-9D311F7289E9-LeaderElection148 PRE_VOTE round 0: result PASSED (term=0)
2024-08-10 09:46:36,021 [0d551621-3a78-470c-abdb-c40a133c0b47@group-9D311F7289E9-LeaderElection148] INFO  impl.LeaderElection (LeaderElection.java:askForVotes(321)) - 0d551621-3a78-470c-abdb-c40a133c0b47@group-9D311F7289E9-LeaderElection148 ELECTION round 0: submit vote requests at term 1 for conf: {index: -1, cur=peers:[0d551621-3a78-470c-abdb-c40a133c0b47|127.0.0.1:15560]|listeners:[], old=null}
2024-08-10 09:46:36,021 [0d551621-3a78-470c-abdb-c40a133c0b47@group-9D311F7289E9-LeaderElection148] INFO  impl.LeaderElection (LeaderElection.java:askForVotes(323)) - 0d551621-3a78-470c-abdb-c40a133c0b47@group-9D311F7289E9-LeaderElection148 ELECTION round 0: result PASSED (term=1)
2024-08-10 09:46:36,021 [0d551621-3a78-470c-abdb-c40a133c0b47@group-9D311F7289E9-LeaderElection148] INFO  impl.RoleInfo (RoleInfo.java:shutdownLeaderElection(139)) - 0d551621-3a78-470c-abdb-c40a133c0b47: shutdown 0d551621-3a78-470c-abdb-c40a133c0b47@group-9D311F7289E9-LeaderElection148
2024-08-10 09:46:36,021 [0d551621-3a78-470c-abdb-c40a133c0b47@group-9D311F7289E9-LeaderElection148] INFO  server.RaftServer$Division (RaftServerImpl.java:setRole(376)) - 0d551621-3a78-470c-abdb-c40a133c0b47@group-9D311F7289E9: changes role from CANDIDATE to LEADER at term 1 for changeToLeader
2024-08-10 09:46:36,021 [0d551621-3a78-470c-abdb-c40a133c0b47@group-9D311F7289E9-LeaderElection148] INFO  server.RaftServerConfigKeys (ConfUtils.java:logGet(46)) - raft.server.staging.catchup.gap = 1000 (default)
2024-08-10 09:46:36,021 [0d551621-3a78-470c-abdb-c40a133c0b47@group-9D311F7289E9-LeaderElection148] INFO  server.RaftServerConfigKeys (ConfUtils.java:logGet(46)) - raft.server.write.element-limit = 1024 (custom)
2024-08-10 09:46:36,021 [0d551621-3a78-470c-abdb-c40a133c0b47@group-9D311F7289E9-LeaderElection148] INFO  server.RaftServerConfigKeys (ConfUtils.java:logGet(46)) - raft.server.write.byte-limit = 1024 M (=1073741824) (custom)
2024-08-10 09:46:36,022 [0d551621-3a78-470c-abdb-c40a133c0b47@group-9D311F7289E9-LeaderElection148] INFO  server.RaftServerConfigKeys (ConfUtils.java:logGet(46)) - raft.server.watch.timeout = 3000ms (custom)
2024-08-10 09:46:36,022 [0d551621-3a78-470c-abdb-c40a133c0b47@group-9D311F7289E9-LeaderElection148] INFO  server.RaftServerConfigKeys (ConfUtils.java:logGet(46)) - raft.server.watch.timeout.denomination = 1s (default)
2024-08-10 09:46:36,022 [0d551621-3a78-470c-abdb-c40a133c0b47@group-9D311F7289E9-LeaderElection148] INFO  server.RaftServerConfigKeys (ConfUtils.java:logGet(46)) - raft.server.watch.element-limit = 65536 (default)
2024-08-10 09:46:36,022 [0d551621-3a78-470c-abdb-c40a133c0b47@group-9D311F7289E9-LeaderElection148] INFO  server.RaftServerConfigKeys (ConfUtils.java:logGet(46)) - raft.server.read.leader.lease.enabled = false (default)
2024-08-10 09:46:36,022 [0d551621-3a78-470c-abdb-c40a133c0b47@group-9D311F7289E9-LeaderElection148] INFO  server.RaftServerConfigKeys (ConfUtils.java:logGet(46)) - raft.server.read.leader.lease.timeout.ratio = 0.9 (default)
2024-08-10 09:46:36,022 [0d551621-3a78-470c-abdb-c40a133c0b47@group-9D311F7289E9-LeaderElection148] INFO  server.RaftServerConfigKeys (ConfUtils.java:logGet(46)) - raft.server.rpc.timeout.min = 5s (custom)
2024-08-10 09:46:36,022 [0d551621-3a78-470c-abdb-c40a133c0b47@group-9D311F7289E9-LeaderElection148] INFO  server.RaftServerConfigKeys (ConfUtils.java:logGet(46)) - raft.server.log.log-metadata.enabled = true (default)
2024-08-10 09:46:36,022 [0d551621-3a78-470c-abdb-c40a133c0b47@group-9D311F7289E9-LeaderElection148] INFO  server.RaftServerConfigKeys (ConfUtils.java:logGet(46)) - raft.server.write.element-limit = 1024 (custom)
2024-08-10 09:46:36,022 [0d551621-3a78-470c-abdb-c40a133c0b47@group-9D311F7289E9-LeaderElection148] INFO  server.RaftServerConfigKeys (ConfUtils.java:logGet(46)) - raft.server.write.follower.gap.ratio.max = -1.0 (default)
2024-08-10 09:46:36,022 [0d551621-3a78-470c-abdb-c40a133c0b47@group-9D311F7289E9-LeaderElection148] INFO  impl.RoleInfo (RoleInfo.java:updateAndGet(148)) - 0d551621-3a78-470c-abdb-c40a133c0b47: start 0d551621-3a78-470c-abdb-c40a133c0b47@group-9D311F7289E9-LeaderStateImpl
2024-08-10 09:46:36,022 [0d551621-3a78-470c-abdb-c40a133c0b47@group-9D311F7289E9-LeaderElection148] INFO  server.RaftServer$Division (RaftServerImpl.java:setFirstElection(549)) - 0d551621-3a78-470c-abdb-c40a133c0b47@group-9D311F7289E9: set firstElectionSinceStartup to false for becomeLeader
2024-08-10 09:46:36,022 [0d551621-3a78-470c-abdb-c40a133c0b47@group-9D311F7289E9-LeaderElection148] INFO  ratis.XceiverServerRatis (XceiverServerRatis.java:handleLeaderChangedNotification(947)) - Leader change notification received for group: group-9D311F7289E9 with new leaderId: 0d551621-3a78-470c-abdb-c40a133c0b47
2024-08-10 09:46:36,022 [0d551621-3a78-470c-abdb-c40a133c0b47@group-9D311F7289E9-LeaderElection148] INFO  server.RaftServer$Division (ServerState.java:setLeader(272)) - 0d551621-3a78-470c-abdb-c40a133c0b47@group-9D311F7289E9: change Leader from null to 0d551621-3a78-470c-abdb-c40a133c0b47 at term 1 for becomeLeader, leader elected after 5062ms
2024-08-10 09:46:36,023 [0d551621-3a78-470c-abdb-c40a133c0b47@group-9D311F7289E9-LeaderElection148] INFO  segmented.SegmentedRaftLogWorker (SegmentedRaftLogWorker.java:startLogSegment(433)) - 0d551621-3a78-470c-abdb-c40a133c0b47@group-9D311F7289E9-SegmentedRaftLogWorker: Starting segment from index:0
2024-08-10 09:46:36,023 [0d551621-3a78-470c-abdb-c40a133c0b47@group-9D311F7289E9-LeaderElection148] INFO  server.RaftServer$Division (ServerState.java:setRaftConf(386)) - 0d551621-3a78-470c-abdb-c40a133c0b47@group-9D311F7289E9: set configuration conf: {index: 0, cur=peers:[0d551621-3a78-470c-abdb-c40a133c0b47|127.0.0.1:15560]|listeners:[], old=null}
2024-08-10 09:46:36,023 [0d551621-3a78-470c-abdb-c40a133c0b47@group-9D311F7289E9-SegmentedRaftLogWorker] INFO  segmented.BufferedWriteChannel (BufferedWriteChannel.java:open(61)) - open log_inprogress_0 at position 0
2024-08-10 09:46:36,032 [0d551621-3a78-470c-abdb-c40a133c0b47@group-9D311F7289E9-SegmentedRaftLogWorker] INFO  segmented.SegmentedRaftLogWorker (SegmentedRaftLogWorker.java:execute(637)) - 0d551621-3a78-470c-abdb-c40a133c0b47@group-9D311F7289E9-SegmentedRaftLogWorker: created new log segment /home/runner/work/ozone/ozone/hadoop-ozone/integration-test/target/test-dir/MiniOzoneClusterImpl-76eaf92f-9dff-4d21-993f-c9a35837815b/ozone-meta/datanode-3/ratis/dac01b93-57b3-46b8-aa60-9d311f7289e9/current/log_inprogress_0
2024-08-10 09:46:36,033 [0d551621-3a78-470c-abdb-c40a133c0b47@group-9D311F7289E9-StateMachineUpdater] INFO  server.RaftServer$Division (LeaderStateImpl.java:checkStartIndex(316)) - Leader 0d551621-3a78-470c-abdb-c40a133c0b47@group-9D311F7289E9-LeaderStateImpl is ready since appliedIndex == startIndex == 0
2024-08-10 09:46:36,323 [ded8f376-93b7-4f19-a98d-0130ebbb5559@group-E83312727724-FollowerState] INFO  impl.FollowerState (FollowerState.java:run(144)) - ded8f376-93b7-4f19-a98d-0130ebbb5559@group-E83312727724-FollowerState: change to CANDIDATE, lastRpcElapsedTime:5128403110ns, electionTimeout:5128ms
2024-08-10 09:46:36,323 [ded8f376-93b7-4f19-a98d-0130ebbb5559@group-E83312727724-FollowerState] INFO  impl.RoleInfo (RoleInfo.java:shutdownFollowerState(119)) - ded8f376-93b7-4f19-a98d-0130ebbb5559: shutdown ded8f376-93b7-4f19-a98d-0130ebbb5559@group-E83312727724-FollowerState
2024-08-10 09:46:36,323 [ded8f376-93b7-4f19-a98d-0130ebbb5559@group-E83312727724-FollowerState] INFO  server.RaftServer$Division (RaftServerImpl.java:setRole(376)) - ded8f376-93b7-4f19-a98d-0130ebbb5559@group-E83312727724: changes role from  FOLLOWER to CANDIDATE at term 0 for changeToCandidate
2024-08-10 09:46:36,323 [ded8f376-93b7-4f19-a98d-0130ebbb5559@group-E83312727724-FollowerState] INFO  server.RaftServerConfigKeys (ConfUtils.java:logGet(46)) - raft.server.leaderelection.pre-vote = true (default)
2024-08-10 09:46:36,323 [ded8f376-93b7-4f19-a98d-0130ebbb5559@group-E83312727724-FollowerState] INFO  impl.RoleInfo (RoleInfo.java:updateAndGet(148)) - ded8f376-93b7-4f19-a98d-0130ebbb5559: start ded8f376-93b7-4f19-a98d-0130ebbb5559@group-E83312727724-LeaderElection149
2024-08-10 09:46:36,324 [ded8f376-93b7-4f19-a98d-0130ebbb5559@group-E83312727724-LeaderElection149] INFO  impl.LeaderElection (LeaderElection.java:askForVotes(321)) - ded8f376-93b7-4f19-a98d-0130ebbb5559@group-E83312727724-LeaderElection149 PRE_VOTE round 0: submit vote requests at term 0 for conf: {index: -1, cur=peers:[ded8f376-93b7-4f19-a98d-0130ebbb5559|127.0.0.1:15569]|listeners:[], old=null}
2024-08-10 09:46:36,324 [ded8f376-93b7-4f19-a98d-0130ebbb5559@group-E83312727724-LeaderElection149] INFO  impl.LeaderElection (LeaderElection.java:askForVotes(323)) - ded8f376-93b7-4f19-a98d-0130ebbb5559@group-E83312727724-LeaderElection149 PRE_VOTE round 0: result PASSED (term=0)
2024-08-10 09:46:36,325 [ded8f376-93b7-4f19-a98d-0130ebbb5559@group-E83312727724-LeaderElection149] INFO  impl.LeaderElection (LeaderElection.java:askForVotes(321)) - ded8f376-93b7-4f19-a98d-0130ebbb5559@group-E83312727724-LeaderElection149 ELECTION round 0: submit vote requests at term 1 for conf: {index: -1, cur=peers:[ded8f376-93b7-4f19-a98d-0130ebbb5559|127.0.0.1:15569]|listeners:[], old=null}
2024-08-10 09:46:36,325 [ded8f376-93b7-4f19-a98d-0130ebbb5559@group-E83312727724-LeaderElection149] INFO  impl.LeaderElection (LeaderElection.java:askForVotes(323)) - ded8f376-93b7-4f19-a98d-0130ebbb5559@group-E83312727724-LeaderElection149 ELECTION round 0: result PASSED (term=1)
2024-08-10 09:46:36,325 [ded8f376-93b7-4f19-a98d-0130ebbb5559@group-E83312727724-LeaderElection149] INFO  impl.RoleInfo (RoleInfo.java:shutdownLeaderElection(139)) - ded8f376-93b7-4f19-a98d-0130ebbb5559: shutdown ded8f376-93b7-4f19-a98d-0130ebbb5559@group-E83312727724-LeaderElection149
2024-08-10 09:46:36,325 [ded8f376-93b7-4f19-a98d-0130ebbb5559@group-E83312727724-LeaderElection149] INFO  server.RaftServer$Division (RaftServerImpl.java:setRole(376)) - ded8f376-93b7-4f19-a98d-0130ebbb5559@group-E83312727724: changes role from CANDIDATE to LEADER at term 1 for changeToLeader
2024-08-10 09:46:36,325 [ded8f376-93b7-4f19-a98d-0130ebbb5559@group-E83312727724-LeaderElection149] INFO  server.RaftServerConfigKeys (ConfUtils.java:logGet(46)) - raft.server.staging.catchup.gap = 1000 (default)
2024-08-10 09:46:36,325 [ded8f376-93b7-4f19-a98d-0130ebbb5559@group-E83312727724-LeaderElection149] INFO  server.RaftServerConfigKeys (ConfUtils.java:logGet(46)) - raft.server.write.element-limit = 1024 (custom)
2024-08-10 09:46:36,325 [ded8f376-93b7-4f19-a98d-0130ebbb5559@group-E83312727724-LeaderElection149] INFO  server.RaftServerConfigKeys (ConfUtils.java:logGet(46)) - raft.server.write.byte-limit = 1024 M (=1073741824) (custom)
2024-08-10 09:46:36,325 [ded8f376-93b7-4f19-a98d-0130ebbb5559@group-E83312727724-LeaderElection149] INFO  server.RaftServerConfigKeys (ConfUtils.java:logGet(46)) - raft.server.watch.timeout = 3000ms (custom)
2024-08-10 09:46:36,325 [ded8f376-93b7-4f19-a98d-0130ebbb5559@group-E83312727724-LeaderElection149] INFO  server.RaftServerConfigKeys (ConfUtils.java:logGet(46)) - raft.server.watch.timeout.denomination = 1s (default)
2024-08-10 09:46:36,325 [ded8f376-93b7-4f19-a98d-0130ebbb5559@group-E83312727724-LeaderElection149] INFO  server.RaftServerConfigKeys (ConfUtils.java:logGet(46)) - raft.server.watch.element-limit = 65536 (default)
2024-08-10 09:46:36,326 [ded8f376-93b7-4f19-a98d-0130ebbb5559@group-E83312727724-LeaderElection149] INFO  server.RaftServerConfigKeys (ConfUtils.java:logGet(46)) - raft.server.read.leader.lease.enabled = false (default)
2024-08-10 09:46:36,326 [ded8f376-93b7-4f19-a98d-0130ebbb5559@group-E83312727724-LeaderElection149] INFO  server.RaftServerConfigKeys (ConfUtils.java:logGet(46)) - raft.server.read.leader.lease.timeout.ratio = 0.9 (default)
2024-08-10 09:46:36,326 [ded8f376-93b7-4f19-a98d-0130ebbb5559@group-E83312727724-LeaderElection149] INFO  server.RaftServerConfigKeys (ConfUtils.java:logGet(46)) - raft.server.rpc.timeout.min = 5s (custom)
2024-08-10 09:46:36,326 [ded8f376-93b7-4f19-a98d-0130ebbb5559@group-E83312727724-LeaderElection149] INFO  server.RaftServerConfigKeys (ConfUtils.java:logGet(46)) - raft.server.log.log-metadata.enabled = true (default)
2024-08-10 09:46:36,326 [ded8f376-93b7-4f19-a98d-0130ebbb5559@group-E83312727724-LeaderElection149] INFO  server.RaftServerConfigKeys (ConfUtils.java:logGet(46)) - raft.server.write.element-limit = 1024 (custom)
2024-08-10 09:46:36,326 [ded8f376-93b7-4f19-a98d-0130ebbb5559@group-E83312727724-LeaderElection149] INFO  server.RaftServerConfigKeys (ConfUtils.java:logGet(46)) - raft.server.write.follower.gap.ratio.max = -1.0 (default)
2024-08-10 09:46:36,326 [ded8f376-93b7-4f19-a98d-0130ebbb5559@group-E83312727724-LeaderElection149] INFO  impl.RoleInfo (RoleInfo.java:updateAndGet(148)) - ded8f376-93b7-4f19-a98d-0130ebbb5559: start ded8f376-93b7-4f19-a98d-0130ebbb5559@group-E83312727724-LeaderStateImpl
2024-08-10 09:46:36,326 [ded8f376-93b7-4f19-a98d-0130ebbb5559@group-E83312727724-LeaderElection149] INFO  server.RaftServer$Division (RaftServerImpl.java:setFirstElection(549)) - ded8f376-93b7-4f19-a98d-0130ebbb5559@group-E83312727724: set firstElectionSinceStartup to false for becomeLeader
2024-08-10 09:46:36,326 [ded8f376-93b7-4f19-a98d-0130ebbb5559@group-E83312727724-LeaderElection149] INFO  ratis.XceiverServerRatis (XceiverServerRatis.java:handleLeaderChangedNotification(947)) - Leader change notification received for group: group-E83312727724 with new leaderId: ded8f376-93b7-4f19-a98d-0130ebbb5559
2024-08-10 09:46:36,326 [ded8f376-93b7-4f19-a98d-0130ebbb5559@group-E83312727724-LeaderElection149] INFO  server.RaftServer$Division (ServerState.java:setLeader(272)) - ded8f376-93b7-4f19-a98d-0130ebbb5559@group-E83312727724: change Leader from null to ded8f376-93b7-4f19-a98d-0130ebbb5559 at term 1 for becomeLeader, leader elected after 5139ms
2024-08-10 09:46:36,326 [ded8f376-93b7-4f19-a98d-0130ebbb5559@group-E83312727724-LeaderElection149] INFO  segmented.SegmentedRaftLogWorker (SegmentedRaftLogWorker.java:startLogSegment(433)) - ded8f376-93b7-4f19-a98d-0130ebbb5559@group-E83312727724-SegmentedRaftLogWorker: Starting segment from index:0
2024-08-10 09:46:36,327 [ded8f376-93b7-4f19-a98d-0130ebbb5559@group-E83312727724-LeaderElection149] INFO  server.RaftServer$Division (ServerState.java:setRaftConf(386)) - ded8f376-93b7-4f19-a98d-0130ebbb5559@group-E83312727724: set configuration conf: {index: 0, cur=peers:[ded8f376-93b7-4f19-a98d-0130ebbb5559|127.0.0.1:15569]|listeners:[], old=null}
2024-08-10 09:46:36,327 [ded8f376-93b7-4f19-a98d-0130ebbb5559@group-E83312727724-SegmentedRaftLogWorker] INFO  segmented.BufferedWriteChannel (BufferedWriteChannel.java:open(61)) - open log_inprogress_0 at position 0
2024-08-10 09:46:36,336 [ded8f376-93b7-4f19-a98d-0130ebbb5559@group-E83312727724-SegmentedRaftLogWorker] INFO  segmented.SegmentedRaftLogWorker (SegmentedRaftLogWorker.java:execute(637)) - ded8f376-93b7-4f19-a98d-0130ebbb5559@group-E83312727724-SegmentedRaftLogWorker: created new log segment /home/runner/work/ozone/ozone/hadoop-ozone/integration-test/target/test-dir/MiniOzoneClusterImpl-76eaf92f-9dff-4d21-993f-c9a35837815b/ozone-meta/datanode-4/ratis/94e2a7b4-60dc-4caa-b146-e83312727724/current/log_inprogress_0
2024-08-10 09:46:36,338 [ded8f376-93b7-4f19-a98d-0130ebbb5559@group-E83312727724-StateMachineUpdater] INFO  server.RaftServer$Division (LeaderStateImpl.java:checkStartIndex(316)) - Leader ded8f376-93b7-4f19-a98d-0130ebbb5559@group-E83312727724-LeaderStateImpl is ready since appliedIndex == startIndex == 0
2024-08-10 09:46:36,418 [main] INFO  ozone.MiniOzoneClusterImpl (MiniOzoneClusterImpl.java:lambda$waitForClusterToBeReady$0(198)) - Nodes are ready. Got 5 of 5 DN Heartbeats.
2024-08-10 09:46:36,419 [main] INFO  ozone.MiniOzoneClusterImpl (MiniOzoneClusterImpl.java:lambda$waitForClusterToBeReady$0(201)) - Cluster exits safe mode
2024-08-10 09:46:36,419 [main] INFO  ozone.MiniOzoneClusterImpl (MiniOzoneClusterImpl.java:lambda$waitForClusterToBeReady$0(203)) - SCM became leader
2024-08-10 09:46:36,422 [main] INFO  rpc.RpcClient (RpcClient.java:createVolume(474)) - Creating Volume: testblockoutputstream, with runner as owner and space quota set to -1 bytes, counts quota set to -1
2024-08-10 09:46:36,425 [om1-OMStateMachineApplyTransactionThread - 0] INFO  volume.OMVolumeCreateRequest (OMVolumeCreateRequest.java:validateAndUpdateCache(198)) - created volume:testblockoutputstream for user:runner
2024-08-10 09:46:36,426 [main] INFO  rpc.RpcClient (RpcClient.java:createBucket(700)) - Creating Bucket: testblockoutputstream/testblockoutputstream, with server-side default bucket layout, runner as owner, Versioning false, Storage Type set to DISK and Encryption set to false, Replication Type set to server-side default replication type, Namespace Quota set to -1, Space Quota set to -1 
2024-08-10 09:46:36,428 [om1-OMStateMachineApplyTransactionThread - 0] INFO  bucket.OMBucketCreateRequest (OMBucketCreateRequest.java:validateAndUpdateCache(293)) - created bucket: testblockoutputstream of layout FILE_SYSTEM_OPTIMIZED in volume: testblockoutputstream
2024-08-10 09:46:36,437 [IPC Server handler 2 on default port 15531] INFO  ha.SequenceIdGenerator (SequenceIdGenerator.java:getNextId(144)) - Allocate a batch for containerId, change lastId from 0 to 1000.
2024-08-10 09:46:36,437 [IPC Server handler 2 on default port 15531] WARN  ha.SequenceIdGenerator (SequenceIdGenerator.java:allocateBatch(257)) - Failed to allocate a batch for localId, expected lastId is 0, actual lastId is 113750153625600000.
2024-08-10 09:46:36,437 [IPC Server handler 2 on default port 15531] INFO  ha.SequenceIdGenerator (SequenceIdGenerator.java:getNextId(144)) - Allocate a batch for localId, change lastId from 113750153625600000 to 113750153625601000.
2024-08-10 09:46:36,441 [main] INFO  scm.XceiverClientRatis (XceiverClientRatis.java:<init>(140)) - WatchType ALL_COMMITTED. Majority 2, 
2024-08-10 09:46:36,472 [EventQueue-CloseContainerForCloseContainerEventHandler] INFO  container.CloseContainerEventHandler (CloseContainerEventHandler.java:onMessage(88)) - Close container Event triggered for container : #1, current state: OPEN
2024-08-10 09:46:36,473 [EventQueue-CloseContainerForCloseContainerEventHandler] INFO  container.CloseContainerEventHandler (CloseContainerEventHandler.java:onMessage(88)) - Close container Event triggered for container : #1, current state: CLOSING
2024-08-10 09:46:36,473 [EventQueue-CloseContainerForCloseContainerEventHandler] INFO  container.CloseContainerEventHandler (CloseContainerEventHandler.java:onMessage(88)) - Close container Event triggered for container : #1, current state: CLOSING
2024-08-10 09:46:36,521 [b854613b-8f09-4112-b6f5-dfe1ac09e405@group-5DAB2127802C-FollowerState] INFO  impl.FollowerState (FollowerState.java:run(144)) - b854613b-8f09-4112-b6f5-dfe1ac09e405@group-5DAB2127802C-FollowerState: change to CANDIDATE, lastRpcElapsedTime:5102373248ns, electionTimeout:5102ms
2024-08-10 09:46:36,521 [b854613b-8f09-4112-b6f5-dfe1ac09e405@group-5DAB2127802C-FollowerState] INFO  impl.RoleInfo (RoleInfo.java:shutdownFollowerState(119)) - b854613b-8f09-4112-b6f5-dfe1ac09e405: shutdown b854613b-8f09-4112-b6f5-dfe1ac09e405@group-5DAB2127802C-FollowerState
2024-08-10 09:46:36,521 [b854613b-8f09-4112-b6f5-dfe1ac09e405@group-5DAB2127802C-FollowerState] INFO  server.RaftServer$Division (RaftServerImpl.java:setRole(376)) - b854613b-8f09-4112-b6f5-dfe1ac09e405@group-5DAB2127802C: changes role from  FOLLOWER to CANDIDATE at term 0 for changeToCandidate
2024-08-10 09:46:36,521 [b854613b-8f09-4112-b6f5-dfe1ac09e405@group-5DAB2127802C-FollowerState] INFO  server.RaftServerConfigKeys (ConfUtils.java:logGet(46)) - raft.server.leaderelection.pre-vote = true (default)
2024-08-10 09:46:36,521 [b854613b-8f09-4112-b6f5-dfe1ac09e405@group-5DAB2127802C-FollowerState] INFO  impl.RoleInfo (RoleInfo.java:updateAndGet(148)) - b854613b-8f09-4112-b6f5-dfe1ac09e405: start b854613b-8f09-4112-b6f5-dfe1ac09e405@group-5DAB2127802C-LeaderElection150
2024-08-10 09:46:36,521 [b854613b-8f09-4112-b6f5-dfe1ac09e405@group-5DAB2127802C-LeaderElection150] INFO  impl.LeaderElection (LeaderElection.java:askForVotes(321)) - b854613b-8f09-4112-b6f5-dfe1ac09e405@group-5DAB2127802C-LeaderElection150 PRE_VOTE round 0: submit vote requests at term 0 for conf: {index: -1, cur=peers:[b854613b-8f09-4112-b6f5-dfe1ac09e405|127.0.0.1:15578]|listeners:[], old=null}
2024-08-10 09:46:36,521 [b854613b-8f09-4112-b6f5-dfe1ac09e405@group-5DAB2127802C-LeaderElection150] INFO  impl.LeaderElection (LeaderElection.java:askForVotes(323)) - b854613b-8f09-4112-b6f5-dfe1ac09e405@group-5DAB2127802C-LeaderElection150 PRE_VOTE round 0: result PASSED (term=0)
2024-08-10 09:46:36,523 [b854613b-8f09-4112-b6f5-dfe1ac09e405@group-5DAB2127802C-LeaderElection150] INFO  impl.LeaderElection (LeaderElection.java:askForVotes(321)) - b854613b-8f09-4112-b6f5-dfe1ac09e405@group-5DAB2127802C-LeaderElection150 ELECTION round 0: submit vote requests at term 1 for conf: {index: -1, cur=peers:[b854613b-8f09-4112-b6f5-dfe1ac09e405|127.0.0.1:15578]|listeners:[], old=null}
2024-08-10 09:46:36,523 [b854613b-8f09-4112-b6f5-dfe1ac09e405@group-5DAB2127802C-LeaderElection150] INFO  impl.LeaderElection (LeaderElection.java:askForVotes(323)) - b854613b-8f09-4112-b6f5-dfe1ac09e405@group-5DAB2127802C-LeaderElection150 ELECTION round 0: result PASSED (term=1)
2024-08-10 09:46:36,523 [b854613b-8f09-4112-b6f5-dfe1ac09e405@group-5DAB2127802C-LeaderElection150] INFO  impl.RoleInfo (RoleInfo.java:shutdownLeaderElection(139)) - b854613b-8f09-4112-b6f5-dfe1ac09e405: shutdown b854613b-8f09-4112-b6f5-dfe1ac09e405@group-5DAB2127802C-LeaderElection150
2024-08-10 09:46:36,523 [b854613b-8f09-4112-b6f5-dfe1ac09e405@group-5DAB2127802C-LeaderElection150] INFO  server.RaftServer$Division (RaftServerImpl.java:setRole(376)) - b854613b-8f09-4112-b6f5-dfe1ac09e405@group-5DAB2127802C: changes role from CANDIDATE to LEADER at term 1 for changeToLeader
2024-08-10 09:46:36,523 [b854613b-8f09-4112-b6f5-dfe1ac09e405@group-5DAB2127802C-LeaderElection150] INFO  server.RaftServerConfigKeys (ConfUtils.java:logGet(46)) - raft.server.staging.catchup.gap = 1000 (default)
2024-08-10 09:46:36,523 [b854613b-8f09-4112-b6f5-dfe1ac09e405@group-5DAB2127802C-LeaderElection150] INFO  server.RaftServerConfigKeys (ConfUtils.java:logGet(46)) - raft.server.write.element-limit = 1024 (custom)
2024-08-10 09:46:36,523 [b854613b-8f09-4112-b6f5-dfe1ac09e405@group-5DAB2127802C-LeaderElection150] INFO  server.RaftServerConfigKeys (ConfUtils.java:logGet(46)) - raft.server.write.byte-limit = 1024 M (=1073741824) (custom)
2024-08-10 09:46:36,523 [b854613b-8f09-4112-b6f5-dfe1ac09e405@group-5DAB2127802C-LeaderElection150] INFO  server.RaftServerConfigKeys (ConfUtils.java:logGet(46)) - raft.server.watch.timeout = 3000ms (custom)
2024-08-10 09:46:36,523 [b854613b-8f09-4112-b6f5-dfe1ac09e405@group-5DAB2127802C-LeaderElection150] INFO  server.RaftServerConfigKeys (ConfUtils.java:logGet(46)) - raft.server.watch.timeout.denomination = 1s (default)
2024-08-10 09:46:36,523 [b854613b-8f09-4112-b6f5-dfe1ac09e405@group-5DAB2127802C-LeaderElection150] INFO  server.RaftServerConfigKeys (ConfUtils.java:logGet(46)) - raft.server.watch.element-limit = 65536 (default)
2024-08-10 09:46:36,523 [b854613b-8f09-4112-b6f5-dfe1ac09e405@group-5DAB2127802C-LeaderElection150] INFO  server.RaftServerConfigKeys (ConfUtils.java:logGet(46)) - raft.server.read.leader.lease.enabled = false (default)
2024-08-10 09:46:36,524 [b854613b-8f09-4112-b6f5-dfe1ac09e405@group-5DAB2127802C-LeaderElection150] INFO  server.RaftServerConfigKeys (ConfUtils.java:logGet(46)) - raft.server.read.leader.lease.timeout.ratio = 0.9 (default)
2024-08-10 09:46:36,524 [b854613b-8f09-4112-b6f5-dfe1ac09e405@group-5DAB2127802C-LeaderElection150] INFO  server.RaftServerConfigKeys (ConfUtils.java:logGet(46)) - raft.server.rpc.timeout.min = 5s (custom)
2024-08-10 09:46:36,524 [b854613b-8f09-4112-b6f5-dfe1ac09e405@group-5DAB2127802C-LeaderElection150] INFO  server.RaftServerConfigKeys (ConfUtils.java:logGet(46)) - raft.server.log.log-metadata.enabled = true (default)
2024-08-10 09:46:36,524 [b854613b-8f09-4112-b6f5-dfe1ac09e405@group-5DAB2127802C-LeaderElection150] INFO  server.RaftServerConfigKeys (ConfUtils.java:logGet(46)) - raft.server.write.element-limit = 1024 (custom)
2024-08-10 09:46:36,524 [b854613b-8f09-4112-b6f5-dfe1ac09e405@group-5DAB2127802C-LeaderElection150] INFO  server.RaftServerConfigKeys (ConfUtils.java:logGet(46)) - raft.server.write.follower.gap.ratio.max = -1.0 (default)
2024-08-10 09:46:36,524 [b854613b-8f09-4112-b6f5-dfe1ac09e405@group-5DAB2127802C-LeaderElection150] INFO  impl.RoleInfo (RoleInfo.java:updateAndGet(148)) - b854613b-8f09-4112-b6f5-dfe1ac09e405: start b854613b-8f09-4112-b6f5-dfe1ac09e405@group-5DAB2127802C-LeaderStateImpl
2024-08-10 09:46:36,524 [b854613b-8f09-4112-b6f5-dfe1ac09e405@group-5DAB2127802C-LeaderElection150] INFO  server.RaftServer$Division (RaftServerImpl.java:setFirstElection(549)) - b854613b-8f09-4112-b6f5-dfe1ac09e405@group-5DAB2127802C: set firstElectionSinceStartup to false for becomeLeader
2024-08-10 09:46:36,524 [b854613b-8f09-4112-b6f5-dfe1ac09e405@group-5DAB2127802C-LeaderElection150] INFO  ratis.XceiverServerRatis (XceiverServerRatis.java:handleLeaderChangedNotification(947)) - Leader change notification received for group: group-5DAB2127802C with new leaderId: b854613b-8f09-4112-b6f5-dfe1ac09e405
2024-08-10 09:46:36,524 [b854613b-8f09-4112-b6f5-dfe1ac09e405@group-5DAB2127802C-LeaderElection150] INFO  server.RaftServer$Division (ServerState.java:setLeader(272)) - b854613b-8f09-4112-b6f5-dfe1ac09e405@group-5DAB2127802C: change Leader from null to b854613b-8f09-4112-b6f5-dfe1ac09e405 at term 1 for becomeLeader, leader elected after 5113ms
2024-08-10 09:46:36,524 [b854613b-8f09-4112-b6f5-dfe1ac09e405@group-5DAB2127802C-LeaderElection150] INFO  segmented.SegmentedRaftLogWorker (SegmentedRaftLogWorker.java:startLogSegment(433)) - b854613b-8f09-4112-b6f5-dfe1ac09e405@group-5DAB2127802C-SegmentedRaftLogWorker: Starting segment from index:0
2024-08-10 09:46:36,524 [b854613b-8f09-4112-b6f5-dfe1ac09e405@group-5DAB2127802C-LeaderElection150] INFO  server.RaftServer$Division (ServerState.java:setRaftConf(386)) - b854613b-8f09-4112-b6f5-dfe1ac09e405@group-5DAB2127802C: set configuration conf: {index: 0, cur=peers:[b854613b-8f09-4112-b6f5-dfe1ac09e405|127.0.0.1:15578]|listeners:[], old=null}
2024-08-10 09:46:36,524 [b854613b-8f09-4112-b6f5-dfe1ac09e405@group-5DAB2127802C-SegmentedRaftLogWorker] INFO  segmented.BufferedWriteChannel (BufferedWriteChannel.java:open(61)) - open log_inprogress_0 at position 0
2024-08-10 09:46:36,535 [b854613b-8f09-4112-b6f5-dfe1ac09e405@group-5DAB2127802C-SegmentedRaftLogWorker] INFO  segmented.SegmentedRaftLogWorker (SegmentedRaftLogWorker.java:execute(637)) - b854613b-8f09-4112-b6f5-dfe1ac09e405@group-5DAB2127802C-SegmentedRaftLogWorker: created new log segment /home/runner/work/ozone/ozone/hadoop-ozone/integration-test/target/test-dir/MiniOzoneClusterImpl-76eaf92f-9dff-4d21-993f-c9a35837815b/ozone-meta/datanode-5/ratis/21fc0e6a-cba8-4d59-89b1-5dab2127802c/current/log_inprogress_0
2024-08-10 09:46:36,536 [b854613b-8f09-4112-b6f5-dfe1ac09e405@group-5DAB2127802C-StateMachineUpdater] INFO  server.RaftServer$Division (LeaderStateImpl.java:checkStartIndex(316)) - Leader b854613b-8f09-4112-b6f5-dfe1ac09e405@group-5DAB2127802C-LeaderStateImpl is ready since appliedIndex == startIndex == 0
2024-08-10 09:46:39,457 [bc9bd5ba-19eb-4eb9-bb97-9549088a2cda-CloseContainerThread-0] INFO  commandhandler.CloseContainerCommandHandler (CloseContainerCommandHandler.java:lambda$handle$0(154)) - Follower cannot close container #1.
2024-08-10 09:46:39,462 [0d551621-3a78-470c-abdb-c40a133c0b47-CloseContainerThread-0] INFO  commandhandler.CloseContainerCommandHandler (CloseContainerCommandHandler.java:lambda$handle$0(154)) - Follower cannot close container #1.
2024-08-10 09:46:39,463 [bc9bd5ba-19eb-4eb9-bb97-9549088a2cda-ContainerOp-6d48bf66-bbcb-454f-be82-f5900b241937-8] INFO  keyvalue.KeyValueContainer (KeyValueContainer.java:flushAndSyncDB(529)) - Container 1 is synced with bcsId 11.
2024-08-10 09:46:39,463 [bc9bd5ba-19eb-4eb9-bb97-9549088a2cda-ContainerOp-6d48bf66-bbcb-454f-be82-f5900b241937-8] INFO  keyvalue.KeyValueContainer (KeyValueContainer.java:flushAndSyncDB(529)) - Container 1 is synced with bcsId 11.
2024-08-10 09:46:39,463 [2de4195a-f779-4305-af6f-892378b3f55f-ContainerOp-6d48bf66-bbcb-454f-be82-f5900b241937-8] INFO  keyvalue.KeyValueContainer (KeyValueContainer.java:flushAndSyncDB(529)) - Container 1 is synced with bcsId 11.
2024-08-10 09:46:39,463 [2de4195a-f779-4305-af6f-892378b3f55f-ContainerOp-6d48bf66-bbcb-454f-be82-f5900b241937-8] INFO  keyvalue.KeyValueContainer (KeyValueContainer.java:flushAndSyncDB(529)) - Container 1 is synced with bcsId 11.
2024-08-10 09:46:39,464 [0d551621-3a78-470c-abdb-c40a133c0b47-ContainerOp-6d48bf66-bbcb-454f-be82-f5900b241937-8] INFO  keyvalue.KeyValueContainer (KeyValueContainer.java:flushAndSyncDB(529)) - Container 1 is synced with bcsId 11.
2024-08-10 09:46:39,464 [0d551621-3a78-470c-abdb-c40a133c0b47-ContainerOp-6d48bf66-bbcb-454f-be82-f5900b241937-8] INFO  keyvalue.KeyValueContainer (KeyValueContainer.java:flushAndSyncDB(529)) - Container 1 is synced with bcsId 11.
2024-08-10 09:46:39,465 [bc9bd5ba-19eb-4eb9-bb97-9549088a2cda-ContainerOp-6d48bf66-bbcb-454f-be82-f5900b241937-8] INFO  keyvalue.KeyValueContainer (KeyValueContainer.java:close(444)) - Container 1 is closed with bcsId 11.
2024-08-10 09:46:39,465 [2de4195a-f779-4305-af6f-892378b3f55f-ContainerOp-6d48bf66-bbcb-454f-be82-f5900b241937-8] INFO  keyvalue.KeyValueContainer (KeyValueContainer.java:close(444)) - Container 1 is closed with bcsId 11.
2024-08-10 09:46:39,466 [0d551621-3a78-470c-abdb-c40a133c0b47-ContainerOp-6d48bf66-bbcb-454f-be82-f5900b241937-8] INFO  keyvalue.KeyValueContainer (KeyValueContainer.java:close(444)) - Container 1 is closed with bcsId 11.
2024-08-10 09:46:39,467 [FixedThreadPoolWithAffinityExecutor-0-0] INFO  container.IncrementalContainerReportHandler (AbstractContainerReportHandler.java:updateContainerState(312)) - Moving container #1 to CLOSED state, datanode 0d551621-3a78-470c-abdb-c40a133c0b47(localhost/127.0.0.1) reported CLOSED replica with index 0.
09:46:39.474 [2de4195a-f779-4305-af6f-892378b3f55f-client-thread2] ERROR DNAudit - user=null | ip=null | op=WRITE_CHUNK {blockData=conID: 1 locID: 113750153625600001 bcsId: 11 replicaIndex: 0, blockDataSize=100} | ret=FAILURE
org.apache.hadoop.hdds.scm.container.common.helpers.ContainerNotOpenException: Container 1 in CLOSED state
	at org.apache.hadoop.ozone.container.common.impl.HddsDispatcher.validateContainerCommand(HddsDispatcher.java:569) ~[hdds-container-service-1.5.0-SNAPSHOT.jar:?]
	at org.apache.hadoop.ozone.container.common.transport.server.ratis.ContainerStateMachine.startTransaction(ContainerStateMachine.java:418) ~[hdds-container-service-1.5.0-SNAPSHOT.jar:?]
	at org.apache.ratis.server.impl.RaftServerImpl.writeAsyncImpl(RaftServerImpl.java:975) ~[ratis-server-3.1.0.jar:3.1.0]
	at org.apache.ratis.server.impl.RaftServerImpl.writeAsync(RaftServerImpl.java:945) ~[ratis-server-3.1.0.jar:3.1.0]
	at org.apache.ratis.server.impl.RaftServerImpl.replyFuture(RaftServerImpl.java:937) ~[ratis-server-3.1.0.jar:3.1.0]
	at org.apache.ratis.server.impl.RaftServerImpl.submitClientRequestAsync(RaftServerImpl.java:912) ~[ratis-server-3.1.0.jar:3.1.0]
	at org.apache.ratis.server.impl.RaftServerImpl.lambda$executeSubmitClientRequestAsync$11(RaftServerImpl.java:893) ~[ratis-server-3.1.0.jar:3.1.0]
	at java.base/java.util.concurrent.CompletableFuture$AsyncSupply.run(CompletableFuture.java:1768) [?:?]
	at java.base/java.util.concurrent.ThreadPoolExecutor.runWorker(ThreadPoolExecutor.java:1136) [?:?]
	at java.base/java.util.concurrent.ThreadPoolExecutor$Worker.run(ThreadPoolExecutor.java:635) [?:?]
	at java.base/java.lang.Thread.run(Thread.java:840) [?:?]
09:46:39.476 [2de4195a-f779-4305-af6f-892378b3f55f-client-thread2] ERROR DNAudit - user=null | ip=null | op=WRITE_CHUNK {blockData=conID: 1 locID: 113750153625600001 bcsId: 11 replicaIndex: 0, blockDataSize=100} | ret=FAILURE
org.apache.hadoop.hdds.scm.container.common.helpers.ContainerNotOpenException: Container 1 in CLOSED state
	at org.apache.hadoop.ozone.container.common.impl.HddsDispatcher.validateContainerCommand(HddsDispatcher.java:569) ~[hdds-container-service-1.5.0-SNAPSHOT.jar:?]
	at org.apache.hadoop.ozone.container.common.transport.server.ratis.ContainerStateMachine.startTransaction(ContainerStateMachine.java:418) ~[hdds-container-service-1.5.0-SNAPSHOT.jar:?]
	at org.apache.ratis.server.impl.RaftServerImpl.writeAsyncImpl(RaftServerImpl.java:975) ~[ratis-server-3.1.0.jar:3.1.0]
	at org.apache.ratis.server.impl.RaftServerImpl.writeAsync(RaftServerImpl.java:945) ~[ratis-server-3.1.0.jar:3.1.0]
	at org.apache.ratis.server.impl.RaftServerImpl.replyFuture(RaftServerImpl.java:937) ~[ratis-server-3.1.0.jar:3.1.0]
	at org.apache.ratis.server.impl.RaftServerImpl.submitClientRequestAsync(RaftServerImpl.java:912) ~[ratis-server-3.1.0.jar:3.1.0]
	at org.apache.ratis.server.impl.RaftServerImpl.lambda$executeSubmitClientRequestAsync$11(RaftServerImpl.java:893) ~[ratis-server-3.1.0.jar:3.1.0]
	at java.base/java.util.concurrent.CompletableFuture$AsyncSupply.run(CompletableFuture.java:1768) [?:?]
	at java.base/java.util.concurrent.ThreadPoolExecutor.runWorker(ThreadPoolExecutor.java:1136) [?:?]
	at java.base/java.util.concurrent.ThreadPoolExecutor$Worker.run(ThreadPoolExecutor.java:635) [?:?]
	at java.base/java.lang.Thread.run(Thread.java:840) [?:?]
2024-08-10 09:46:39,476 [grpc-default-executor-4] ERROR impl.OrderedAsync (OrderedAsync.java:lambda$send$4(181)) - Failed to send request, message=cmdType: WriteChunk
traceID: ""
containerID: 1
datanodeUuid: "2de4195a-f779-4305-af6f-892378b3f55f"
writeChunk {
  blockID {
    containerID: 1
    localID: 113750153625600001
    blockCommitSequenceId: 11
    replicaIndex: 0
  }
  chunkData {
    chunkName: "113750153625600001_chunk_6"
    offset: 500
    len: 100
    checksumData {
      type: NONE
      bytesPerChecksum: 16384
    }
  }
}
version: 4
, data.size=100
java.util.concurrent.CompletionException: org.apache.ratis.protocol.exceptions.StateMachineException: org.apache.hadoop.hdds.scm.container.common.helpers.ContainerNotOpenException from Server 2de4195a-f779-4305-af6f-892378b3f55f@group-F5900B241937: Container 1 in CLOSED state
	at org.apache.ratis.client.impl.RaftClientImpl.handleRaftException(RaftClientImpl.java:373)
	at org.apache.ratis.client.impl.OrderedAsync.lambda$send$3(OrderedAsync.java:175)
	at java.base/java.util.concurrent.CompletableFuture$UniApply.tryFire(CompletableFuture.java:646)
	at java.base/java.util.concurrent.CompletableFuture.postComplete(CompletableFuture.java:510)
	at java.base/java.util.concurrent.CompletableFuture.complete(CompletableFuture.java:2147)
	at org.apache.ratis.client.impl.OrderedAsync$PendingOrderedRequest.setReply(OrderedAsync.java:105)
	at org.apache.ratis.client.impl.OrderedAsync$PendingOrderedRequest.setReply(OrderedAsync.java:66)
	at org.apache.ratis.util.SlidingWindow$RequestMap.setReply(SlidingWindow.java:147)
	at org.apache.ratis.util.SlidingWindow$Client.receiveReply(SlidingWindow.java:351)
	at org.apache.ratis.client.impl.OrderedAsync.lambda$sendRequestWithRetry$5(OrderedAsync.java:210)
	at java.base/java.util.concurrent.CompletableFuture$UniAccept.tryFire(CompletableFuture.java:718)
	at java.base/java.util.concurrent.CompletableFuture.postComplete(CompletableFuture.java:510)
	at java.base/java.util.concurrent.CompletableFuture.complete(CompletableFuture.java:2147)
	at org.apache.ratis.grpc.client.GrpcClientProtocolClient$AsyncStreamObservers$1.lambda$onNext$0(GrpcClientProtocolClient.java:322)
	at java.base/java.util.Optional.ifPresent(Optional.java:178)
	at org.apache.ratis.grpc.client.GrpcClientProtocolClient$AsyncStreamObservers.handleReplyFuture(GrpcClientProtocolClient.java:378)
	at org.apache.ratis.grpc.client.GrpcClientProtocolClient$AsyncStreamObservers.access$100(GrpcClientProtocolClient.java:300)
	at org.apache.ratis.grpc.client.GrpcClientProtocolClient$AsyncStreamObservers$1.onNext(GrpcClientProtocolClient.java:322)
	at org.apache.ratis.grpc.client.GrpcClientProtocolClient$AsyncStreamObservers$1.onNext(GrpcClientProtocolClient.java:305)
	at org.apache.ratis.thirdparty.io.grpc.stub.ClientCalls$StreamObserverToCallListenerAdapter.onMessage(ClientCalls.java:468)
	at org.apache.ratis.thirdparty.io.grpc.ForwardingClientCallListener.onMessage(ForwardingClientCallListener.java:33)
	at org.apache.ratis.thirdparty.io.grpc.internal.ClientCallImpl$ClientStreamListenerImpl$1MessagesAvailable.runInternal(ClientCallImpl.java:660)
	at org.apache.ratis.thirdparty.io.grpc.internal.ClientCallImpl$ClientStreamListenerImpl$1MessagesAvailable.runInContext(ClientCallImpl.java:647)
	at org.apache.ratis.thirdparty.io.grpc.internal.ContextRunnable.run(ContextRunnable.java:37)
	at org.apache.ratis.thirdparty.io.grpc.internal.SerializingExecutor.run(SerializingExecutor.java:133)
	at java.base/java.util.concurrent.ThreadPoolExecutor.runWorker(ThreadPoolExecutor.java:1136)
	at java.base/java.util.concurrent.ThreadPoolExecutor$Worker.run(ThreadPoolExecutor.java:635)
	at java.base/java.lang.Thread.run(Thread.java:840)
Caused by: org.apache.ratis.protocol.exceptions.StateMachineException: org.apache.hadoop.hdds.scm.container.common.helpers.ContainerNotOpenException from Server 2de4195a-f779-4305-af6f-892378b3f55f@group-F5900B241937: Container 1 in CLOSED state
	at org.apache.hadoop.ozone.container.common.impl.HddsDispatcher.validateContainerCommand(HddsDispatcher.java:569)
	at org.apache.hadoop.ozone.container.common.transport.server.ratis.ContainerStateMachine.startTransaction(ContainerStateMachine.java:418)
	at org.apache.ratis.server.impl.RaftServerImpl.writeAsyncImpl(RaftServerImpl.java:975)
	at org.apache.ratis.server.impl.RaftServerImpl.writeAsync(RaftServerImpl.java:945)
	at org.apache.ratis.server.impl.RaftServerImpl.replyFuture(RaftServerImpl.java:937)
	at org.apache.ratis.server.impl.RaftServerImpl.submitClientRequestAsync(RaftServerImpl.java:912)
	at org.apache.ratis.server.impl.RaftServerImpl.lambda$executeSubmitClientRequestAsync$11(RaftServerImpl.java:893)
	at java.base/java.util.concurrent.CompletableFuture$AsyncSupply.run(CompletableFuture.java:1768)
	... 3 more
Caused by: org.apache.hadoop.hdds.scm.container.common.helpers.ContainerNotOpenException: Container 1 in CLOSED state
	at jdk.internal.reflect.GeneratedConstructorAccessor90.newInstance(Unknown Source)
	at java.base/jdk.internal.reflect.DelegatingConstructorAccessorImpl.newInstance(DelegatingConstructorAccessorImpl.java:45)
	at java.base/java.lang.reflect.Constructor.newInstanceWithCaller(Constructor.java:500)
	at java.base/java.lang.reflect.Constructor.newInstance(Constructor.java:481)
	at org.apache.ratis.util.ReflectionUtils.instantiateException(ReflectionUtils.java:259)
	at org.apache.ratis.client.impl.ClientProtoUtils.toStateMachineException(ClientProtoUtils.java:451)
	at org.apache.ratis.client.impl.ClientProtoUtils.toStateMachineException(ClientProtoUtils.java:437)
	at org.apache.ratis.client.impl.ClientProtoUtils.toRaftClientReply(ClientProtoUtils.java:404)
	at org.apache.ratis.grpc.client.GrpcClientProtocolClient$AsyncStreamObservers$1.onNext(GrpcClientProtocolClient.java:310)
	at org.apache.ratis.grpc.client.GrpcClientProtocolClient$AsyncStreamObservers$1.onNext(GrpcClientProtocolClient.java:305)
	at org.apache.ratis.thirdparty.io.grpc.stub.ClientCalls$StreamObserverToCallListenerAdapter.onMessage(ClientCalls.java:468)
	at org.apache.ratis.thirdparty.io.grpc.ForwardingClientCallListener.onMessage(ForwardingClientCallListener.java:33)
	at org.apache.ratis.thirdparty.io.grpc.internal.ClientCallImpl$ClientStreamListenerImpl$1MessagesAvailable.runInternal(ClientCallImpl.java:660)
	at org.apache.ratis.thirdparty.io.grpc.internal.ClientCallImpl$ClientStreamListenerImpl$1MessagesAvailable.runInContext(ClientCallImpl.java:647)
	at org.apache.ratis.thirdparty.io.grpc.internal.ContextRunnable.run(ContextRunnable.java:37)
	at org.apache.ratis.thirdparty.io.grpc.internal.SerializingExecutor.run(SerializingExecutor.java:133)
	... 3 more
2024-08-10 09:46:39,477 [grpc-default-executor-6] ERROR impl.OrderedAsync (OrderedAsync.java:lambda$send$4(181)) - Failed to send request, message=cmdType: WriteChunk
traceID: ""
containerID: 1
datanodeUuid: "2de4195a-f779-4305-af6f-892378b3f55f"
writeChunk {
  blockID {
    containerID: 1
    localID: 113750153625600001
    blockCommitSequenceId: 11
    replicaIndex: 0
  }
  chunkData {
    chunkName: "113750153625600001_chunk_7"
    offset: 600
    len: 100
    checksumData {
      type: NONE
      bytesPerChecksum: 16384
    }
  }
}
version: 4
, data.size=100
java.util.concurrent.CompletionException: org.apache.ratis.protocol.exceptions.StateMachineException: org.apache.hadoop.hdds.scm.container.common.helpers.ContainerNotOpenException from Server 2de4195a-f779-4305-af6f-892378b3f55f@group-F5900B241937: Container 1 in CLOSED state
	at org.apache.ratis.client.impl.RaftClientImpl.handleRaftException(RaftClientImpl.java:373)
	at org.apache.ratis.client.impl.OrderedAsync.lambda$send$3(OrderedAsync.java:175)
	at java.base/java.util.concurrent.CompletableFuture$UniApply.tryFire(CompletableFuture.java:646)
	at java.base/java.util.concurrent.CompletableFuture.postComplete(CompletableFuture.java:510)
	at java.base/java.util.concurrent.CompletableFuture.complete(CompletableFuture.java:2147)
	at org.apache.ratis.client.impl.OrderedAsync$PendingOrderedRequest.setReply(OrderedAsync.java:105)
	at org.apache.ratis.client.impl.OrderedAsync$PendingOrderedRequest.setReply(OrderedAsync.java:66)
	at org.apache.ratis.util.SlidingWindow$RequestMap.setReply(SlidingWindow.java:147)
	at org.apache.ratis.util.SlidingWindow$Client.receiveReply(SlidingWindow.java:351)
	at org.apache.ratis.client.impl.OrderedAsync.lambda$sendRequestWithRetry$5(OrderedAsync.java:210)
	at java.base/java.util.concurrent.CompletableFuture$UniAccept.tryFire(CompletableFuture.java:718)
	at java.base/java.util.concurrent.CompletableFuture.postComplete(CompletableFuture.java:510)
	at java.base/java.util.concurrent.CompletableFuture.complete(CompletableFuture.java:2147)
	at org.apache.ratis.grpc.client.GrpcClientProtocolClient$AsyncStreamObservers$1.lambda$onNext$0(GrpcClientProtocolClient.java:322)
	at java.base/java.util.Optional.ifPresent(Optional.java:178)
	at org.apache.ratis.grpc.client.GrpcClientProtocolClient$AsyncStreamObservers.handleReplyFuture(GrpcClientProtocolClient.java:378)
	at org.apache.ratis.grpc.client.GrpcClientProtocolClient$AsyncStreamObservers.access$100(GrpcClientProtocolClient.java:300)
	at org.apache.ratis.grpc.client.GrpcClientProtocolClient$AsyncStreamObservers$1.onNext(GrpcClientProtocolClient.java:322)
	at org.apache.ratis.grpc.client.GrpcClientProtocolClient$AsyncStreamObservers$1.onNext(GrpcClientProtocolClient.java:305)
	at org.apache.ratis.thirdparty.io.grpc.stub.ClientCalls$StreamObserverToCallListenerAdapter.onMessage(ClientCalls.java:468)
	at org.apache.ratis.thirdparty.io.grpc.ForwardingClientCallListener.onMessage(ForwardingClientCallListener.java:33)
	at org.apache.ratis.thirdparty.io.grpc.internal.ClientCallImpl$ClientStreamListenerImpl$1MessagesAvailable.runInternal(ClientCallImpl.java:660)
	at org.apache.ratis.thirdparty.io.grpc.internal.ClientCallImpl$ClientStreamListenerImpl$1MessagesAvailable.runInContext(ClientCallImpl.java:647)
	at org.apache.ratis.thirdparty.io.grpc.internal.ContextRunnable.run(ContextRunnable.java:37)
	at org.apache.ratis.thirdparty.io.grpc.internal.SerializingExecutor.run(SerializingExecutor.java:133)
	at java.base/java.util.concurrent.ThreadPoolExecutor.runWorker(ThreadPoolExecutor.java:1136)
	at java.base/java.util.concurrent.ThreadPoolExecutor$Worker.run(ThreadPoolExecutor.java:635)
	at java.base/java.lang.Thread.run(Thread.java:840)
Caused by: org.apache.ratis.protocol.exceptions.StateMachineException: org.apache.hadoop.hdds.scm.container.common.helpers.ContainerNotOpenException from Server 2de4195a-f779-4305-af6f-892378b3f55f@group-F5900B241937: Container 1 in CLOSED state
	at org.apache.hadoop.ozone.container.common.impl.HddsDispatcher.validateContainerCommand(HddsDispatcher.java:569)
	at org.apache.hadoop.ozone.container.common.transport.server.ratis.ContainerStateMachine.startTransaction(ContainerStateMachine.java:418)
	at org.apache.ratis.server.impl.RaftServerImpl.writeAsyncImpl(RaftServerImpl.java:975)
	at org.apache.ratis.server.impl.RaftServerImpl.writeAsync(RaftServerImpl.java:945)
	at org.apache.ratis.server.impl.RaftServerImpl.replyFuture(RaftServerImpl.java:937)
	at org.apache.ratis.server.impl.RaftServerImpl.submitClientRequestAsync(RaftServerImpl.java:912)
	at org.apache.ratis.server.impl.RaftServerImpl.lambda$executeSubmitClientRequestAsync$11(RaftServerImpl.java:893)
	at java.base/java.util.concurrent.CompletableFuture$AsyncSupply.run(CompletableFuture.java:1768)
	... 3 more
Caused by: org.apache.hadoop.hdds.scm.container.common.helpers.ContainerNotOpenException: Container 1 in CLOSED state
	at jdk.internal.reflect.GeneratedConstructorAccessor90.newInstance(Unknown Source)
	at java.base/jdk.internal.reflect.DelegatingConstructorAccessorImpl.newInstance(DelegatingConstructorAccessorImpl.java:45)
	at java.base/java.lang.reflect.Constructor.newInstanceWithCaller(Constructor.java:500)
	at java.base/java.lang.reflect.Constructor.newInstance(Constructor.java:481)
	at org.apache.ratis.util.ReflectionUtils.instantiateException(ReflectionUtils.java:259)
	at org.apache.ratis.client.impl.ClientProtoUtils.toStateMachineException(ClientProtoUtils.java:451)
	at org.apache.ratis.client.impl.ClientProtoUtils.toStateMachineException(ClientProtoUtils.java:437)
	at org.apache.ratis.client.impl.ClientProtoUtils.toRaftClientReply(ClientProtoUtils.java:404)
	at org.apache.ratis.grpc.client.GrpcClientProtocolClient$AsyncStreamObservers$1.onNext(GrpcClientProtocolClient.java:310)
	at org.apache.ratis.grpc.client.GrpcClientProtocolClient$AsyncStreamObservers$1.onNext(GrpcClientProtocolClient.java:305)
	at org.apache.ratis.thirdparty.io.grpc.stub.ClientCalls$StreamObserverToCallListenerAdapter.onMessage(ClientCalls.java:468)
	at org.apache.ratis.thirdparty.io.grpc.ForwardingClientCallListener.onMessage(ForwardingClientCallListener.java:33)
	at org.apache.ratis.thirdparty.io.grpc.internal.ClientCallImpl$ClientStreamListenerImpl$1MessagesAvailable.runInternal(ClientCallImpl.java:660)
	at org.apache.ratis.thirdparty.io.grpc.internal.ClientCallImpl$ClientStreamListenerImpl$1MessagesAvailable.runInContext(ClientCallImpl.java:647)
	at org.apache.ratis.thirdparty.io.grpc.internal.ContextRunnable.run(ContextRunnable.java:37)
	at org.apache.ratis.thirdparty.io.grpc.internal.SerializingExecutor.run(SerializingExecutor.java:133)
	... 3 more
09:46:39.478 [2de4195a-f779-4305-af6f-892378b3f55f-client-thread2] ERROR DNAudit - user=null | ip=null | op=PUT_BLOCK {blockData=[blockId=conID: 1 locID: 113750153625600001 bcsId: 0 replicaIndex: null, size=700]} | ret=FAILURE
org.apache.hadoop.hdds.scm.container.common.helpers.ContainerNotOpenException: Container 1 in CLOSED state
	at org.apache.hadoop.ozone.container.common.impl.HddsDispatcher.validateContainerCommand(HddsDispatcher.java:569) ~[hdds-container-service-1.5.0-SNAPSHOT.jar:?]
	at org.apache.hadoop.ozone.container.common.transport.server.ratis.ContainerStateMachine.startTransaction(ContainerStateMachine.java:418) ~[hdds-container-service-1.5.0-SNAPSHOT.jar:?]
	at org.apache.ratis.server.impl.RaftServerImpl.writeAsyncImpl(RaftServerImpl.java:975) ~[ratis-server-3.1.0.jar:3.1.0]
	at org.apache.ratis.server.impl.RaftServerImpl.writeAsync(RaftServerImpl.java:945) ~[ratis-server-3.1.0.jar:3.1.0]
	at org.apache.ratis.server.impl.RaftServerImpl.replyFuture(RaftServerImpl.java:937) ~[ratis-server-3.1.0.jar:3.1.0]
	at org.apache.ratis.server.impl.RaftServerImpl.submitClientRequestAsync(RaftServerImpl.java:912) ~[ratis-server-3.1.0.jar:3.1.0]
	at org.apache.ratis.server.impl.RaftServerImpl.lambda$executeSubmitClientRequestAsync$11(RaftServerImpl.java:893) ~[ratis-server-3.1.0.jar:3.1.0]
	at java.base/java.util.concurrent.CompletableFuture$AsyncSupply.run(CompletableFuture.java:1768) [?:?]
	at java.base/java.util.concurrent.ThreadPoolExecutor.runWorker(ThreadPoolExecutor.java:1136) [?:?]
	at java.base/java.util.concurrent.ThreadPoolExecutor$Worker.run(ThreadPoolExecutor.java:635) [?:?]
	at java.base/java.lang.Thread.run(Thread.java:840) [?:?]
09:46:39.479 [2de4195a-f779-4305-af6f-892378b3f55f-client-thread2] ERROR DNAudit - user=null | ip=null | op=WRITE_CHUNK {blockData=conID: 1 locID: 113750153625600001 bcsId: 11 replicaIndex: 0, blockDataSize=100} | ret=FAILURE
org.apache.hadoop.hdds.scm.container.common.helpers.ContainerNotOpenException: Container 1 in CLOSED state
	at org.apache.hadoop.ozone.container.common.impl.HddsDispatcher.validateContainerCommand(HddsDispatcher.java:569) ~[hdds-container-service-1.5.0-SNAPSHOT.jar:?]
	at org.apache.hadoop.ozone.container.common.transport.server.ratis.ContainerStateMachine.startTransaction(ContainerStateMachine.java:418) ~[hdds-container-service-1.5.0-SNAPSHOT.jar:?]
	at org.apache.ratis.server.impl.RaftServerImpl.writeAsyncImpl(RaftServerImpl.java:975) ~[ratis-server-3.1.0.jar:3.1.0]
	at org.apache.ratis.server.impl.RaftServerImpl.writeAsync(RaftServerImpl.java:945) ~[ratis-server-3.1.0.jar:3.1.0]
	at org.apache.ratis.server.impl.RaftServerImpl.replyFuture(RaftServerImpl.java:937) ~[ratis-server-3.1.0.jar:3.1.0]
	at org.apache.ratis.server.impl.RaftServerImpl.submitClientRequestAsync(RaftServerImpl.java:912) ~[ratis-server-3.1.0.jar:3.1.0]
	at org.apache.ratis.server.impl.RaftServerImpl.lambda$executeSubmitClientRequestAsync$11(RaftServerImpl.java:893) ~[ratis-server-3.1.0.jar:3.1.0]
	at java.base/java.util.concurrent.CompletableFuture$AsyncSupply.run(CompletableFuture.java:1768) [?:?]
	at java.base/java.util.concurrent.ThreadPoolExecutor.runWorker(ThreadPoolExecutor.java:1136) [?:?]
	at java.base/java.util.concurrent.ThreadPoolExecutor$Worker.run(ThreadPoolExecutor.java:635) [?:?]
	at java.base/java.lang.Thread.run(Thread.java:840) [?:?]
2024-08-10 09:46:39,479 [grpc-default-executor-6] ERROR impl.OrderedAsync (OrderedAsync.java:lambda$send$4(181)) - Failed to send request, message=cmdType: PutBlock
traceID: ""
containerID: 1
datanodeUuid: "2de4195a-f779-4305-af6f-892378b3f55f"
putBlock {
  blockData {
    blockID {
      containerID: 1
      localID: 113750153625600001
      blockCommitSequenceId: 0
    }
    metadata {
      key: "TYPE"
      value: "KEY"
    }
    chunks {
      chunkName: "113750153625600001_chunk_1"
      offset: 0
      len: 100
      checksumData {
        type: NONE
        bytesPerChecksum: 16384
      }
    }
    chunks {
      chunkName: "113750153625600001_chunk_2"
      offset: 100
      len: 100
      checksumData {
        type: NONE
        bytesPerChecksum: 16384
      }
    }
    chunks {
      chunkName: "113750153625600001_chunk_3"
      offset: 200
      len: 100
      checksumData {
        type: NONE
        bytesPerChecksum: 16384
      }
    }
    chunks {
      chunkName: "113750153625600001_chunk_4"
      offset: 300
      len: 100
      checksumData {
        type: NONE
        bytesPerChecksum: 16384
      }
    }
    chunks {
      chunkName: "113750153625600001_chunk_5"
      offset: 400
      len: 100
      checksumData {
        type: NONE
        bytesPerChecksum: 16384
      }
    }
    chunks {
      chunkName: "113750153625600001_chunk_6"
      offset: 500
      len: 100
      checksumData {
        type: NONE
        bytesPerChecksum: 16384
      }
    }
    chunks {
      chunkName: "113750153625600001_chunk_7"
      offset: 600
      len: 100
      checksumData {
        type: NONE
        bytesPerChecksum: 16384
      }
    }
  }
  eof: false
}
version: 4
, data.size=0
java.util.concurrent.CompletionException: org.apache.ratis.protocol.exceptions.StateMachineException: org.apache.hadoop.hdds.scm.container.common.helpers.ContainerNotOpenException from Server 2de4195a-f779-4305-af6f-892378b3f55f@group-F5900B241937: Container 1 in CLOSED state
	at org.apache.ratis.client.impl.RaftClientImpl.handleRaftException(RaftClientImpl.java:373)
	at org.apache.ratis.client.impl.OrderedAsync.lambda$send$3(OrderedAsync.java:175)
	at java.base/java.util.concurrent.CompletableFuture$UniApply.tryFire(CompletableFuture.java:646)
	at java.base/java.util.concurrent.CompletableFuture.postComplete(CompletableFuture.java:510)
	at java.base/java.util.concurrent.CompletableFuture.complete(CompletableFuture.java:2147)
	at org.apache.ratis.client.impl.OrderedAsync$PendingOrderedRequest.setReply(OrderedAsync.java:105)
	at org.apache.ratis.client.impl.OrderedAsync$PendingOrderedRequest.setReply(OrderedAsync.java:66)
	at org.apache.ratis.util.SlidingWindow$RequestMap.setReply(SlidingWindow.java:147)
	at org.apache.ratis.util.SlidingWindow$Client.receiveReply(SlidingWindow.java:351)
	at org.apache.ratis.client.impl.OrderedAsync.lambda$sendRequestWithRetry$5(OrderedAsync.java:210)
	at java.base/java.util.concurrent.CompletableFuture$UniAccept.tryFire(CompletableFuture.java:718)
	at java.base/java.util.concurrent.CompletableFuture.postComplete(CompletableFuture.java:510)
	at java.base/java.util.concurrent.CompletableFuture.complete(CompletableFuture.java:2147)
	at org.apache.ratis.grpc.client.GrpcClientProtocolClient$AsyncStreamObservers$1.lambda$onNext$0(GrpcClientProtocolClient.java:322)
	at java.base/java.util.Optional.ifPresent(Optional.java:178)
	at org.apache.ratis.grpc.client.GrpcClientProtocolClient$AsyncStreamObservers.handleReplyFuture(GrpcClientProtocolClient.java:378)
	at org.apache.ratis.grpc.client.GrpcClientProtocolClient$AsyncStreamObservers.access$100(GrpcClientProtocolClient.java:300)
	at org.apache.ratis.grpc.client.GrpcClientProtocolClient$AsyncStreamObservers$1.onNext(GrpcClientProtocolClient.java:322)
	at org.apache.ratis.grpc.client.GrpcClientProtocolClient$AsyncStreamObservers$1.onNext(GrpcClientProtocolClient.java:305)
	at org.apache.ratis.thirdparty.io.grpc.stub.ClientCalls$StreamObserverToCallListenerAdapter.onMessage(ClientCalls.java:468)
	at org.apache.ratis.thirdparty.io.grpc.ForwardingClientCallListener.onMessage(ForwardingClientCallListener.java:33)
	at org.apache.ratis.thirdparty.io.grpc.internal.ClientCallImpl$ClientStreamListenerImpl$1MessagesAvailable.runInternal(ClientCallImpl.java:660)
	at org.apache.ratis.thirdparty.io.grpc.internal.ClientCallImpl$ClientStreamListenerImpl$1MessagesAvailable.runInContext(ClientCallImpl.java:647)
	at org.apache.ratis.thirdparty.io.grpc.internal.ContextRunnable.run(ContextRunnable.java:37)
	at org.apache.ratis.thirdparty.io.grpc.internal.SerializingExecutor.run(SerializingExecutor.java:133)
	at java.base/java.util.concurrent.ThreadPoolExecutor.runWorker(ThreadPoolExecutor.java:1136)
	at java.base/java.util.concurrent.ThreadPoolExecutor$Worker.run(ThreadPoolExecutor.java:635)
	at java.base/java.lang.Thread.run(Thread.java:840)
Caused by: org.apache.ratis.protocol.exceptions.StateMachineException: org.apache.hadoop.hdds.scm.container.common.helpers.ContainerNotOpenException from Server 2de4195a-f779-4305-af6f-892378b3f55f@group-F5900B241937: Container 1 in CLOSED state
	at org.apache.hadoop.ozone.container.common.impl.HddsDispatcher.validateContainerCommand(HddsDispatcher.java:569)
	at org.apache.hadoop.ozone.container.common.transport.server.ratis.ContainerStateMachine.startTransaction(ContainerStateMachine.java:418)
	at org.apache.ratis.server.impl.RaftServerImpl.writeAsyncImpl(RaftServerImpl.java:975)
	at org.apache.ratis.server.impl.RaftServerImpl.writeAsync(RaftServerImpl.java:945)
	at org.apache.ratis.server.impl.RaftServerImpl.replyFuture(RaftServerImpl.java:937)
	at org.apache.ratis.server.impl.RaftServerImpl.submitClientRequestAsync(RaftServerImpl.java:912)
	at org.apache.ratis.server.impl.RaftServerImpl.lambda$executeSubmitClientRequestAsync$11(RaftServerImpl.java:893)
	at java.base/java.util.concurrent.CompletableFuture$AsyncSupply.run(CompletableFuture.java:1768)
	... 3 more
Caused by: org.apache.hadoop.hdds.scm.container.common.helpers.ContainerNotOpenException: Container 1 in CLOSED state
	at jdk.internal.reflect.GeneratedConstructorAccessor90.newInstance(Unknown Source)
	at java.base/jdk.internal.reflect.DelegatingConstructorAccessorImpl.newInstance(DelegatingConstructorAccessorImpl.java:45)
	at java.base/java.lang.reflect.Constructor.newInstanceWithCaller(Constructor.java:500)
	at java.base/java.lang.reflect.Constructor.newInstance(Constructor.java:481)
	at org.apache.ratis.util.ReflectionUtils.instantiateException(ReflectionUtils.java:259)
	at org.apache.ratis.client.impl.ClientProtoUtils.toStateMachineException(ClientProtoUtils.java:451)
	at org.apache.ratis.client.impl.ClientProtoUtils.toStateMachineException(ClientProtoUtils.java:437)
	at org.apache.ratis.client.impl.ClientProtoUtils.toRaftClientReply(ClientProtoUtils.java:404)
	at org.apache.ratis.grpc.client.GrpcClientProtocolClient$AsyncStreamObservers$1.onNext(GrpcClientProtocolClient.java:310)
	at org.apache.ratis.grpc.client.GrpcClientProtocolClient$AsyncStreamObservers$1.onNext(GrpcClientProtocolClient.java:305)
	at org.apache.ratis.thirdparty.io.grpc.stub.ClientCalls$StreamObserverToCallListenerAdapter.onMessage(ClientCalls.java:468)
	at org.apache.ratis.thirdparty.io.grpc.ForwardingClientCallListener.onMessage(ForwardingClientCallListener.java:33)
	at org.apache.ratis.thirdparty.io.grpc.internal.ClientCallImpl$ClientStreamListenerImpl$1MessagesAvailable.runInternal(ClientCallImpl.java:660)
	at org.apache.ratis.thirdparty.io.grpc.internal.ClientCallImpl$ClientStreamListenerImpl$1MessagesAvailable.runInContext(ClientCallImpl.java:647)
	at org.apache.ratis.thirdparty.io.grpc.internal.ContextRunnable.run(ContextRunnable.java:37)
	at org.apache.ratis.thirdparty.io.grpc.internal.SerializingExecutor.run(SerializingExecutor.java:133)
	... 3 more
2024-08-10 09:46:39,480 [grpc-default-executor-6] ERROR impl.OrderedAsync (OrderedAsync.java:lambda$send$4(181)) - Failed to send request, message=cmdType: WriteChunk
traceID: ""
containerID: 1
datanodeUuid: "2de4195a-f779-4305-af6f-892378b3f55f"
writeChunk {
  blockID {
    containerID: 1
    localID: 113750153625600001
    blockCommitSequenceId: 11
    replicaIndex: 0
  }
  chunkData {
    chunkName: "113750153625600001_chunk_8"
    offset: 700
    len: 100
    checksumData {
      type: NONE
      bytesPerChecksum: 16384
    }
  }
}
version: 4
, data.size=100
java.util.concurrent.CompletionException: org.apache.ratis.protocol.exceptions.StateMachineException: org.apache.hadoop.hdds.scm.container.common.helpers.ContainerNotOpenException from Server 2de4195a-f779-4305-af6f-892378b3f55f@group-F5900B241937: Container 1 in CLOSED state
	at org.apache.ratis.client.impl.RaftClientImpl.handleRaftException(RaftClientImpl.java:373)
	at org.apache.ratis.client.impl.OrderedAsync.lambda$send$3(OrderedAsync.java:175)
	at java.base/java.util.concurrent.CompletableFuture$UniApply.tryFire(CompletableFuture.java:646)
	at java.base/java.util.concurrent.CompletableFuture.postComplete(CompletableFuture.java:510)
	at java.base/java.util.concurrent.CompletableFuture.complete(CompletableFuture.java:2147)
	at org.apache.ratis.client.impl.OrderedAsync$PendingOrderedRequest.setReply(OrderedAsync.java:105)
	at org.apache.ratis.client.impl.OrderedAsync$PendingOrderedRequest.setReply(OrderedAsync.java:66)
	at org.apache.ratis.util.SlidingWindow$RequestMap.setReply(SlidingWindow.java:147)
	at org.apache.ratis.util.SlidingWindow$Client.receiveReply(SlidingWindow.java:351)
	at org.apache.ratis.client.impl.OrderedAsync.lambda$sendRequestWithRetry$5(OrderedAsync.java:210)
	at java.base/java.util.concurrent.CompletableFuture$UniAccept.tryFire(CompletableFuture.java:718)
	at java.base/java.util.concurrent.CompletableFuture.postComplete(CompletableFuture.java:510)
	at java.base/java.util.concurrent.CompletableFuture.complete(CompletableFuture.java:2147)
	at org.apache.ratis.grpc.client.GrpcClientProtocolClient$AsyncStreamObservers$1.lambda$onNext$0(GrpcClientProtocolClient.java:322)
	at java.base/java.util.Optional.ifPresent(Optional.java:178)
	at org.apache.ratis.grpc.client.GrpcClientProtocolClient$AsyncStreamObservers.handleReplyFuture(GrpcClientProtocolClient.java:378)
	at org.apache.ratis.grpc.client.GrpcClientProtocolClient$AsyncStreamObservers.access$100(GrpcClientProtocolClient.java:300)
	at org.apache.ratis.grpc.client.GrpcClientProtocolClient$AsyncStreamObservers$1.onNext(GrpcClientProtocolClient.java:322)
	at org.apache.ratis.grpc.client.GrpcClientProtocolClient$AsyncStreamObservers$1.onNext(GrpcClientProtocolClient.java:305)
	at org.apache.ratis.thirdparty.io.grpc.stub.ClientCalls$StreamObserverToCallListenerAdapter.onMessage(ClientCalls.java:468)
	at org.apache.ratis.thirdparty.io.grpc.ForwardingClientCallListener.onMessage(ForwardingClientCallListener.java:33)
	at org.apache.ratis.thirdparty.io.grpc.internal.ClientCallImpl$ClientStreamListenerImpl$1MessagesAvailable.runInternal(ClientCallImpl.java:660)
	at org.apache.ratis.thirdparty.io.grpc.internal.ClientCallImpl$ClientStreamListenerImpl$1MessagesAvailable.runInContext(ClientCallImpl.java:647)
	at org.apache.ratis.thirdparty.io.grpc.internal.ContextRunnable.run(ContextRunnable.java:37)
	at org.apache.ratis.thirdparty.io.grpc.internal.SerializingExecutor.run(SerializingExecutor.java:133)
	at java.base/java.util.concurrent.ThreadPoolExecutor.runWorker(ThreadPoolExecutor.java:1136)
	at java.base/java.util.concurrent.ThreadPoolExecutor$Worker.run(ThreadPoolExecutor.java:635)
	at java.base/java.lang.Thread.run(Thread.java:840)
Caused by: org.apache.ratis.protocol.exceptions.StateMachineException: org.apache.hadoop.hdds.scm.container.common.helpers.ContainerNotOpenException from Server 2de4195a-f779-4305-af6f-892378b3f55f@group-F5900B241937: Container 1 in CLOSED state
	at org.apache.hadoop.ozone.container.common.impl.HddsDispatcher.validateContainerCommand(HddsDispatcher.java:569)
	at org.apache.hadoop.ozone.container.common.transport.server.ratis.ContainerStateMachine.startTransaction(ContainerStateMachine.java:418)
	at org.apache.ratis.server.impl.RaftServerImpl.writeAsyncImpl(RaftServerImpl.java:975)
	at org.apache.ratis.server.impl.RaftServerImpl.writeAsync(RaftServerImpl.java:945)
	at org.apache.ratis.server.impl.RaftServerImpl.replyFuture(RaftServerImpl.java:937)
	at org.apache.ratis.server.impl.RaftServerImpl.submitClientRequestAsync(RaftServerImpl.java:912)
	at org.apache.ratis.server.impl.RaftServerImpl.lambda$executeSubmitClientRequestAsync$11(RaftServerImpl.java:893)
	at java.base/java.util.concurrent.CompletableFuture$AsyncSupply.run(CompletableFuture.java:1768)
	... 3 more
Caused by: org.apache.hadoop.hdds.scm.container.common.helpers.ContainerNotOpenException: Container 1 in CLOSED state
	at jdk.internal.reflect.GeneratedConstructorAccessor90.newInstance(Unknown Source)
	at java.base/jdk.internal.reflect.DelegatingConstructorAccessorImpl.newInstance(DelegatingConstructorAccessorImpl.java:45)
	at java.base/java.lang.reflect.Constructor.newInstanceWithCaller(Constructor.java:500)
	at java.base/java.lang.reflect.Constructor.newInstance(Constructor.java:481)
	at org.apache.ratis.util.ReflectionUtils.instantiateException(ReflectionUtils.java:259)
	at org.apache.ratis.client.impl.ClientProtoUtils.toStateMachineException(ClientProtoUtils.java:451)
	at org.apache.ratis.client.impl.ClientProtoUtils.toStateMachineException(ClientProtoUtils.java:437)
	at org.apache.ratis.client.impl.ClientProtoUtils.toRaftClientReply(ClientProtoUtils.java:404)
	at org.apache.ratis.grpc.client.GrpcClientProtocolClient$AsyncStreamObservers$1.onNext(GrpcClientProtocolClient.java:310)
	at org.apache.ratis.grpc.client.GrpcClientProtocolClient$AsyncStreamObservers$1.onNext(GrpcClientProtocolClient.java:305)
	at org.apache.ratis.thirdparty.io.grpc.stub.ClientCalls$StreamObserverToCallListenerAdapter.onMessage(ClientCalls.java:468)
	at org.apache.ratis.thirdparty.io.grpc.ForwardingClientCallListener.onMessage(ForwardingClientCallListener.java:33)
	at org.apache.ratis.thirdparty.io.grpc.internal.ClientCallImpl$ClientStreamListenerImpl$1MessagesAvailable.runInternal(ClientCallImpl.java:660)
	at org.apache.ratis.thirdparty.io.grpc.internal.ClientCallImpl$ClientStreamListenerImpl$1MessagesAvailable.runInContext(ClientCallImpl.java:647)
	at org.apache.ratis.thirdparty.io.grpc.internal.ContextRunnable.run(ContextRunnable.java:37)
	at org.apache.ratis.thirdparty.io.grpc.internal.SerializingExecutor.run(SerializingExecutor.java:133)
	... 3 more
09:46:39.480 [2de4195a-f779-4305-af6f-892378b3f55f-client-thread2] ERROR DNAudit - user=null | ip=null | op=PUT_BLOCK {blockData=[blockId=conID: 1 locID: 113750153625600001 bcsId: 0 replicaIndex: null, size=800]} | ret=FAILURE
org.apache.hadoop.hdds.scm.container.common.helpers.ContainerNotOpenException: Container 1 in CLOSED state
	at org.apache.hadoop.ozone.container.common.impl.HddsDispatcher.validateContainerCommand(HddsDispatcher.java:569) ~[hdds-container-service-1.5.0-SNAPSHOT.jar:?]
	at org.apache.hadoop.ozone.container.common.transport.server.ratis.ContainerStateMachine.startTransaction(ContainerStateMachine.java:418) ~[hdds-container-service-1.5.0-SNAPSHOT.jar:?]
	at org.apache.ratis.server.impl.RaftServerImpl.writeAsyncImpl(RaftServerImpl.java:975) ~[ratis-server-3.1.0.jar:3.1.0]
	at org.apache.ratis.server.impl.RaftServerImpl.writeAsync(RaftServerImpl.java:945) ~[ratis-server-3.1.0.jar:3.1.0]
	at org.apache.ratis.server.impl.RaftServerImpl.replyFuture(RaftServerImpl.java:937) ~[ratis-server-3.1.0.jar:3.1.0]
	at org.apache.ratis.server.impl.RaftServerImpl.submitClientRequestAsync(RaftServerImpl.java:912) ~[ratis-server-3.1.0.jar:3.1.0]
	at org.apache.ratis.server.impl.RaftServerImpl.lambda$executeSubmitClientRequestAsync$11(RaftServerImpl.java:893) ~[ratis-server-3.1.0.jar:3.1.0]
	at java.base/java.util.concurrent.CompletableFuture$AsyncSupply.run(CompletableFuture.java:1768) [?:?]
	at java.base/java.util.concurrent.ThreadPoolExecutor.runWorker(ThreadPoolExecutor.java:1136) [?:?]
	at java.base/java.util.concurrent.ThreadPoolExecutor$Worker.run(ThreadPoolExecutor.java:635) [?:?]
	at java.base/java.lang.Thread.run(Thread.java:840) [?:?]
2024-08-10 09:46:39,481 [grpc-default-executor-4] ERROR impl.OrderedAsync (OrderedAsync.java:lambda$send$4(181)) - Failed to send request, message=cmdType: PutBlock
traceID: ""
containerID: 1
datanodeUuid: "2de4195a-f779-4305-af6f-892378b3f55f"
putBlock {
  blockData {
    blockID {
      containerID: 1
      localID: 113750153625600001
      blockCommitSequenceId: 0
    }
    metadata {
      key: "TYPE"
      value: "KEY"
    }
    chunks {
      chunkName: "113750153625600001_chunk_1"
      offset: 0
      len: 100
      checksumData {
        type: NONE
        bytesPerChecksum: 16384
      }
    }
    chunks {
      chunkName: "113750153625600001_chunk_2"
      offset: 100
      len: 100
      checksumData {
        type: NONE
        bytesPerChecksum: 16384
      }
    }
    chunks {
      chunkName: "113750153625600001_chunk_3"
      offset: 200
      len: 100
      checksumData {
        type: NONE
        bytesPerChecksum: 16384
      }
    }
    chunks {
      chunkName: "113750153625600001_chunk_4"
      offset: 300
      len: 100
      checksumData {
        type: NONE
        bytesPerChecksum: 16384
      }
    }
    chunks {
      chunkName: "113750153625600001_chunk_5"
      offset: 400
      len: 100
      checksumData {
        type: NONE
        bytesPerChecksum: 16384
      }
    }
    chunks {
      chunkName: "113750153625600001_chunk_6"
      offset: 500
      len: 100
      checksumData {
        type: NONE
        bytesPerChecksum: 16384
      }
    }
    chunks {
      chunkName: "113750153625600001_chunk_7"
      offset: 600
      len: 100
      checksumData {
        type: NONE
        bytesPerChecksum: 16384
      }
    }
    chunks {
      chunkName: "113750153625600001_chunk_8"
      offset: 700
      len: 100
      checksumData {
        type: NONE
        bytesPerChecksum: 16384
      }
    }
  }
  eof: true
}
version: 4
, data.size=0
java.util.concurrent.CompletionException: org.apache.ratis.protocol.exceptions.StateMachineException: org.apache.hadoop.hdds.scm.container.common.helpers.ContainerNotOpenException from Server 2de4195a-f779-4305-af6f-892378b3f55f@group-F5900B241937: Container 1 in CLOSED state
	at org.apache.ratis.client.impl.RaftClientImpl.handleRaftException(RaftClientImpl.java:373)
	at org.apache.ratis.client.impl.OrderedAsync.lambda$send$3(OrderedAsync.java:175)
	at java.base/java.util.concurrent.CompletableFuture$UniApply.tryFire(CompletableFuture.java:646)
	at java.base/java.util.concurrent.CompletableFuture.postComplete(CompletableFuture.java:510)
	at java.base/java.util.concurrent.CompletableFuture.complete(CompletableFuture.java:2147)
	at org.apache.ratis.client.impl.OrderedAsync$PendingOrderedRequest.setReply(OrderedAsync.java:105)
	at org.apache.ratis.client.impl.OrderedAsync$PendingOrderedRequest.setReply(OrderedAsync.java:66)
	at org.apache.ratis.util.SlidingWindow$RequestMap.setReply(SlidingWindow.java:147)
	at org.apache.ratis.util.SlidingWindow$Client.receiveReply(SlidingWindow.java:351)
	at org.apache.ratis.client.impl.OrderedAsync.lambda$sendRequestWithRetry$5(OrderedAsync.java:210)
	at java.base/java.util.concurrent.CompletableFuture$UniAccept.tryFire(CompletableFuture.java:718)
	at java.base/java.util.concurrent.CompletableFuture.postComplete(CompletableFuture.java:510)
	at java.base/java.util.concurrent.CompletableFuture.complete(CompletableFuture.java:2147)
	at org.apache.ratis.grpc.client.GrpcClientProtocolClient$AsyncStreamObservers$1.lambda$onNext$0(GrpcClientProtocolClient.java:322)
	at java.base/java.util.Optional.ifPresent(Optional.java:178)
	at org.apache.ratis.grpc.client.GrpcClientProtocolClient$AsyncStreamObservers.handleReplyFuture(GrpcClientProtocolClient.java:378)
	at org.apache.ratis.grpc.client.GrpcClientProtocolClient$AsyncStreamObservers.access$100(GrpcClientProtocolClient.java:300)
	at org.apache.ratis.grpc.client.GrpcClientProtocolClient$AsyncStreamObservers$1.onNext(GrpcClientProtocolClient.java:322)
	at org.apache.ratis.grpc.client.GrpcClientProtocolClient$AsyncStreamObservers$1.onNext(GrpcClientProtocolClient.java:305)
	at org.apache.ratis.thirdparty.io.grpc.stub.ClientCalls$StreamObserverToCallListenerAdapter.onMessage(ClientCalls.java:468)
	at org.apache.ratis.thirdparty.io.grpc.ForwardingClientCallListener.onMessage(ForwardingClientCallListener.java:33)
	at org.apache.ratis.thirdparty.io.grpc.internal.ClientCallImpl$ClientStreamListenerImpl$1MessagesAvailable.runInternal(ClientCallImpl.java:660)
	at org.apache.ratis.thirdparty.io.grpc.internal.ClientCallImpl$ClientStreamListenerImpl$1MessagesAvailable.runInContext(ClientCallImpl.java:647)
	at org.apache.ratis.thirdparty.io.grpc.internal.ContextRunnable.run(ContextRunnable.java:37)
	at org.apache.ratis.thirdparty.io.grpc.internal.SerializingExecutor.run(SerializingExecutor.java:133)
	at java.base/java.util.concurrent.ThreadPoolExecutor.runWorker(ThreadPoolExecutor.java:1136)
	at java.base/java.util.concurrent.ThreadPoolExecutor$Worker.run(ThreadPoolExecutor.java:635)
	at java.base/java.lang.Thread.run(Thread.java:840)
Caused by: org.apache.ratis.protocol.exceptions.StateMachineException: org.apache.hadoop.hdds.scm.container.common.helpers.ContainerNotOpenException from Server 2de4195a-f779-4305-af6f-892378b3f55f@group-F5900B241937: Container 1 in CLOSED state
	at org.apache.hadoop.ozone.container.common.impl.HddsDispatcher.validateContainerCommand(HddsDispatcher.java:569)
	at org.apache.hadoop.ozone.container.common.transport.server.ratis.ContainerStateMachine.startTransaction(ContainerStateMachine.java:418)
	at org.apache.ratis.server.impl.RaftServerImpl.writeAsyncImpl(RaftServerImpl.java:975)
	at org.apache.ratis.server.impl.RaftServerImpl.writeAsync(RaftServerImpl.java:945)
	at org.apache.ratis.server.impl.RaftServerImpl.replyFuture(RaftServerImpl.java:937)
	at org.apache.ratis.server.impl.RaftServerImpl.submitClientRequestAsync(RaftServerImpl.java:912)
	at org.apache.ratis.server.impl.RaftServerImpl.lambda$executeSubmitClientRequestAsync$11(RaftServerImpl.java:893)
	at java.base/java.util.concurrent.CompletableFuture$AsyncSupply.run(CompletableFuture.java:1768)
	... 3 more
Caused by: org.apache.hadoop.hdds.scm.container.common.helpers.ContainerNotOpenException: Container 1 in CLOSED state
	at jdk.internal.reflect.GeneratedConstructorAccessor90.newInstance(Unknown Source)
	at java.base/jdk.internal.reflect.DelegatingConstructorAccessorImpl.newInstance(DelegatingConstructorAccessorImpl.java:45)
	at java.base/java.lang.reflect.Constructor.newInstanceWithCaller(Constructor.java:500)
	at java.base/java.lang.reflect.Constructor.newInstance(Constructor.java:481)
	at org.apache.ratis.util.ReflectionUtils.instantiateException(ReflectionUtils.java:259)
	at org.apache.ratis.client.impl.ClientProtoUtils.toStateMachineException(ClientProtoUtils.java:451)
	at org.apache.ratis.client.impl.ClientProtoUtils.toStateMachineException(ClientProtoUtils.java:437)
	at org.apache.ratis.client.impl.ClientProtoUtils.toRaftClientReply(ClientProtoUtils.java:404)
	at org.apache.ratis.grpc.client.GrpcClientProtocolClient$AsyncStreamObservers$1.onNext(GrpcClientProtocolClient.java:310)
	at org.apache.ratis.grpc.client.GrpcClientProtocolClient$AsyncStreamObservers$1.onNext(GrpcClientProtocolClient.java:305)
	at org.apache.ratis.thirdparty.io.grpc.stub.ClientCalls$StreamObserverToCallListenerAdapter.onMessage(ClientCalls.java:468)
	at org.apache.ratis.thirdparty.io.grpc.ForwardingClientCallListener.onMessage(ForwardingClientCallListener.java:33)
	at org.apache.ratis.thirdparty.io.grpc.internal.ClientCallImpl$ClientStreamListenerImpl$1MessagesAvailable.runInternal(ClientCallImpl.java:660)
	at org.apache.ratis.thirdparty.io.grpc.internal.ClientCallImpl$ClientStreamListenerImpl$1MessagesAvailable.runInContext(ClientCallImpl.java:647)
	at org.apache.ratis.thirdparty.io.grpc.internal.ContextRunnable.run(ContextRunnable.java:37)
	at org.apache.ratis.thirdparty.io.grpc.internal.SerializingExecutor.run(SerializingExecutor.java:133)
	... 3 more
2024-08-10 09:46:39,487 [main] INFO  scm.XceiverClientRatis (XceiverClientRatis.java:<init>(140)) - WatchType ALL_COMMITTED. Majority 2, 
2024-08-10 09:46:39,568 [main] INFO  scm.XceiverClientRatis (XceiverClientRatis.java:<init>(140)) - WatchType ALL_COMMITTED. Majority 1, 
2024-08-10 09:46:39,588 [EventQueue-CloseContainerForCloseContainerEventHandler] INFO  container.CloseContainerEventHandler (CloseContainerEventHandler.java:onMessage(88)) - Close container Event triggered for container : #3, current state: OPEN
2024-08-10 09:46:42,583 [0d551621-3a78-470c-abdb-c40a133c0b47-ContainerOp-dac01b93-57b3-46b8-aa60-9d311f7289e9-8] INFO  keyvalue.KeyValueContainer (KeyValueContainer.java:flushAndSyncDB(529)) - Container 3 is synced with bcsId 13.
2024-08-10 09:46:42,583 [0d551621-3a78-470c-abdb-c40a133c0b47-ContainerOp-dac01b93-57b3-46b8-aa60-9d311f7289e9-8] INFO  keyvalue.KeyValueContainer (KeyValueContainer.java:flushAndSyncDB(529)) - Container 3 is synced with bcsId 13.
2024-08-10 09:46:42,584 [0d551621-3a78-470c-abdb-c40a133c0b47-ContainerOp-dac01b93-57b3-46b8-aa60-9d311f7289e9-8] INFO  keyvalue.KeyValueContainer (KeyValueContainer.java:close(444)) - Container 3 is closed with bcsId 13.
2024-08-10 09:46:42,585 [FixedThreadPoolWithAffinityExecutor-0-0] INFO  container.IncrementalContainerReportHandler (AbstractContainerReportHandler.java:updateContainerState(312)) - Moving container #3 to CLOSED state, datanode 0d551621-3a78-470c-abdb-c40a133c0b47(localhost/127.0.0.1) reported CLOSED replica with index 0.
09:46:42.601 [0d551621-3a78-470c-abdb-c40a133c0b47-client-thread2] ERROR DNAudit - user=null | ip=null | op=WRITE_CHUNK {blockData=conID: 3 locID: 113750153625600003 bcsId: 13 replicaIndex: 0, blockDataSize=100} | ret=FAILURE
org.apache.hadoop.hdds.scm.container.common.helpers.ContainerNotOpenException: Container 3 in CLOSED state
	at org.apache.hadoop.ozone.container.common.impl.HddsDispatcher.validateContainerCommand(HddsDispatcher.java:569) ~[hdds-container-service-1.5.0-SNAPSHOT.jar:?]
	at org.apache.hadoop.ozone.container.common.transport.server.ratis.ContainerStateMachine.startTransaction(ContainerStateMachine.java:418) ~[hdds-container-service-1.5.0-SNAPSHOT.jar:?]
	at org.apache.ratis.server.impl.RaftServerImpl.writeAsyncImpl(RaftServerImpl.java:975) ~[ratis-server-3.1.0.jar:3.1.0]
	at org.apache.ratis.server.impl.RaftServerImpl.writeAsync(RaftServerImpl.java:945) ~[ratis-server-3.1.0.jar:3.1.0]
	at org.apache.ratis.server.impl.RaftServerImpl.replyFuture(RaftServerImpl.java:937) ~[ratis-server-3.1.0.jar:3.1.0]
	at org.apache.ratis.server.impl.RaftServerImpl.submitClientRequestAsync(RaftServerImpl.java:912) ~[ratis-server-3.1.0.jar:3.1.0]
	at org.apache.ratis.server.impl.RaftServerImpl.lambda$executeSubmitClientRequestAsync$11(RaftServerImpl.java:893) ~[ratis-server-3.1.0.jar:3.1.0]
	at java.base/java.util.concurrent.CompletableFuture$AsyncSupply.run(CompletableFuture.java:1768) [?:?]
	at java.base/java.util.concurrent.ThreadPoolExecutor.runWorker(ThreadPoolExecutor.java:1136) [?:?]
	at java.base/java.util.concurrent.ThreadPoolExecutor$Worker.run(ThreadPoolExecutor.java:635) [?:?]
	at java.base/java.lang.Thread.run(Thread.java:840) [?:?]
09:46:42.603 [0d551621-3a78-470c-abdb-c40a133c0b47-client-thread2] ERROR DNAudit - user=null | ip=null | op=WRITE_CHUNK {blockData=conID: 3 locID: 113750153625600003 bcsId: 13 replicaIndex: 0, blockDataSize=100} | ret=FAILURE
org.apache.hadoop.hdds.scm.container.common.helpers.ContainerNotOpenException: Container 3 in CLOSED state
	at org.apache.hadoop.ozone.container.common.impl.HddsDispatcher.validateContainerCommand(HddsDispatcher.java:569) ~[hdds-container-service-1.5.0-SNAPSHOT.jar:?]
	at org.apache.hadoop.ozone.container.common.transport.server.ratis.ContainerStateMachine.startTransaction(ContainerStateMachine.java:418) ~[hdds-container-service-1.5.0-SNAPSHOT.jar:?]
	at org.apache.ratis.server.impl.RaftServerImpl.writeAsyncImpl(RaftServerImpl.java:975) ~[ratis-server-3.1.0.jar:3.1.0]
	at org.apache.ratis.server.impl.RaftServerImpl.writeAsync(RaftServerImpl.java:945) ~[ratis-server-3.1.0.jar:3.1.0]
	at org.apache.ratis.server.impl.RaftServerImpl.replyFuture(RaftServerImpl.java:937) ~[ratis-server-3.1.0.jar:3.1.0]
	at org.apache.ratis.server.impl.RaftServerImpl.submitClientRequestAsync(RaftServerImpl.java:912) ~[ratis-server-3.1.0.jar:3.1.0]
	at org.apache.ratis.server.impl.RaftServerImpl.lambda$executeSubmitClientRequestAsync$11(RaftServerImpl.java:893) ~[ratis-server-3.1.0.jar:3.1.0]
	at java.base/java.util.concurrent.CompletableFuture$AsyncSupply.run(CompletableFuture.java:1768) [?:?]
	at java.base/java.util.concurrent.ThreadPoolExecutor.runWorker(ThreadPoolExecutor.java:1136) [?:?]
	at java.base/java.util.concurrent.ThreadPoolExecutor$Worker.run(ThreadPoolExecutor.java:635) [?:?]
	at java.base/java.lang.Thread.run(Thread.java:840) [?:?]
09:46:42.604 [0d551621-3a78-470c-abdb-c40a133c0b47-client-thread2] ERROR DNAudit - user=null | ip=null | op=PUT_BLOCK {blockData=[blockId=conID: 3 locID: 113750153625600003 bcsId: 0 replicaIndex: null, size=700]} | ret=FAILURE
org.apache.hadoop.hdds.scm.container.common.helpers.ContainerNotOpenException: Container 3 in CLOSED state
	at org.apache.hadoop.ozone.container.common.impl.HddsDispatcher.validateContainerCommand(HddsDispatcher.java:569) ~[hdds-container-service-1.5.0-SNAPSHOT.jar:?]
	at org.apache.hadoop.ozone.container.common.transport.server.ratis.ContainerStateMachine.startTransaction(ContainerStateMachine.java:418) ~[hdds-container-service-1.5.0-SNAPSHOT.jar:?]
	at org.apache.ratis.server.impl.RaftServerImpl.writeAsyncImpl(RaftServerImpl.java:975) ~[ratis-server-3.1.0.jar:3.1.0]
	at org.apache.ratis.server.impl.RaftServerImpl.writeAsync(RaftServerImpl.java:945) ~[ratis-server-3.1.0.jar:3.1.0]
	at org.apache.ratis.server.impl.RaftServerImpl.replyFuture(RaftServerImpl.java:937) ~[ratis-server-3.1.0.jar:3.1.0]
	at org.apache.ratis.server.impl.RaftServerImpl.submitClientRequestAsync(RaftServerImpl.java:912) ~[ratis-server-3.1.0.jar:3.1.0]
	at org.apache.ratis.server.impl.RaftServerImpl.lambda$executeSubmitClientRequestAsync$11(RaftServerImpl.java:893) ~[ratis-server-3.1.0.jar:3.1.0]
	at java.base/java.util.concurrent.CompletableFuture$AsyncSupply.run(CompletableFuture.java:1768) [?:?]
	at java.base/java.util.concurrent.ThreadPoolExecutor.runWorker(ThreadPoolExecutor.java:1136) [?:?]
	at java.base/java.util.concurrent.ThreadPoolExecutor$Worker.run(ThreadPoolExecutor.java:635) [?:?]
	at java.base/java.lang.Thread.run(Thread.java:840) [?:?]
09:46:42.604 [0d551621-3a78-470c-abdb-c40a133c0b47-client-thread2] ERROR DNAudit - user=null | ip=null | op=WRITE_CHUNK {blockData=conID: 3 locID: 113750153625600003 bcsId: 13 replicaIndex: 0, blockDataSize=100} | ret=FAILURE
org.apache.hadoop.hdds.scm.container.common.helpers.ContainerNotOpenException: Container 3 in CLOSED state
	at org.apache.hadoop.ozone.container.common.impl.HddsDispatcher.validateContainerCommand(HddsDispatcher.java:569) ~[hdds-container-service-1.5.0-SNAPSHOT.jar:?]
	at org.apache.hadoop.ozone.container.common.transport.server.ratis.ContainerStateMachine.startTransaction(ContainerStateMachine.java:418) ~[hdds-container-service-1.5.0-SNAPSHOT.jar:?]
	at org.apache.ratis.server.impl.RaftServerImpl.writeAsyncImpl(RaftServerImpl.java:975) ~[ratis-server-3.1.0.jar:3.1.0]
	at org.apache.ratis.server.impl.RaftServerImpl.writeAsync(RaftServerImpl.java:945) ~[ratis-server-3.1.0.jar:3.1.0]
	at org.apache.ratis.server.impl.RaftServerImpl.replyFuture(RaftServerImpl.java:937) ~[ratis-server-3.1.0.jar:3.1.0]
	at org.apache.ratis.server.impl.RaftServerImpl.submitClientRequestAsync(RaftServerImpl.java:912) ~[ratis-server-3.1.0.jar:3.1.0]
	at org.apache.ratis.server.impl.RaftServerImpl.lambda$executeSubmitClientRequestAsync$11(RaftServerImpl.java:893) ~[ratis-server-3.1.0.jar:3.1.0]
	at java.base/java.util.concurrent.CompletableFuture$AsyncSupply.run(CompletableFuture.java:1768) [?:?]
	at java.base/java.util.concurrent.ThreadPoolExecutor.runWorker(ThreadPoolExecutor.java:1136) [?:?]
	at java.base/java.util.concurrent.ThreadPoolExecutor$Worker.run(ThreadPoolExecutor.java:635) [?:?]
	at java.base/java.lang.Thread.run(Thread.java:840) [?:?]
09:46:42.605 [0d551621-3a78-470c-abdb-c40a133c0b47-client-thread2] ERROR DNAudit - user=null | ip=null | op=PUT_BLOCK {blockData=[blockId=conID: 3 locID: 113750153625600003 bcsId: 0 replicaIndex: null, size=800]} | ret=FAILURE
org.apache.hadoop.hdds.scm.container.common.helpers.ContainerNotOpenException: Container 3 in CLOSED state
	at org.apache.hadoop.ozone.container.common.impl.HddsDispatcher.validateContainerCommand(HddsDispatcher.java:569) ~[hdds-container-service-1.5.0-SNAPSHOT.jar:?]
	at org.apache.hadoop.ozone.container.common.transport.server.ratis.ContainerStateMachine.startTransaction(ContainerStateMachine.java:418) ~[hdds-container-service-1.5.0-SNAPSHOT.jar:?]
	at org.apache.ratis.server.impl.RaftServerImpl.writeAsyncImpl(RaftServerImpl.java:975) ~[ratis-server-3.1.0.jar:3.1.0]
	at org.apache.ratis.server.impl.RaftServerImpl.writeAsync(RaftServerImpl.java:945) ~[ratis-server-3.1.0.jar:3.1.0]
	at org.apache.ratis.server.impl.RaftServerImpl.replyFuture(RaftServerImpl.java:937) ~[ratis-server-3.1.0.jar:3.1.0]
	at org.apache.ratis.server.impl.RaftServerImpl.submitClientRequestAsync(RaftServerImpl.java:912) ~[ratis-server-3.1.0.jar:3.1.0]
	at org.apache.ratis.server.impl.RaftServerImpl.lambda$executeSubmitClientRequestAsync$11(RaftServerImpl.java:893) ~[ratis-server-3.1.0.jar:3.1.0]
	at java.base/java.util.concurrent.CompletableFuture$AsyncSupply.run(CompletableFuture.java:1768) [?:?]
	at java.base/java.util.concurrent.ThreadPoolExecutor.runWorker(ThreadPoolExecutor.java:1136) [?:?]
	at java.base/java.util.concurrent.ThreadPoolExecutor$Worker.run(ThreadPoolExecutor.java:635) [?:?]
	at java.base/java.lang.Thread.run(Thread.java:840) [?:?]
2024-08-10 09:46:42,606 [grpc-default-executor-4] ERROR impl.OrderedAsync (OrderedAsync.java:lambda$send$4(181)) - Failed to send request, message=cmdType: WriteChunk
traceID: ""
containerID: 3
datanodeUuid: "0d551621-3a78-470c-abdb-c40a133c0b47"
writeChunk {
  blockID {
    containerID: 3
    localID: 113750153625600003
    blockCommitSequenceId: 13
    replicaIndex: 0
  }
  chunkData {
    chunkName: "113750153625600003_chunk_6"
    offset: 500
    len: 100
    checksumData {
      type: NONE
      bytesPerChecksum: 16384
    }
  }
}
version: 4
, data.size=100
java.util.concurrent.CompletionException: org.apache.ratis.protocol.exceptions.StateMachineException: org.apache.hadoop.hdds.scm.container.common.helpers.ContainerNotOpenException from Server 0d551621-3a78-470c-abdb-c40a133c0b47@group-9D311F7289E9: Container 3 in CLOSED state
	at org.apache.ratis.client.impl.RaftClientImpl.handleRaftException(RaftClientImpl.java:373)
	at org.apache.ratis.client.impl.OrderedAsync.lambda$send$3(OrderedAsync.java:175)
	at java.base/java.util.concurrent.CompletableFuture$UniApply.tryFire(CompletableFuture.java:646)
	at java.base/java.util.concurrent.CompletableFuture.postComplete(CompletableFuture.java:510)
	at java.base/java.util.concurrent.CompletableFuture.complete(CompletableFuture.java:2147)
	at org.apache.ratis.client.impl.OrderedAsync$PendingOrderedRequest.setReply(OrderedAsync.java:105)
	at org.apache.ratis.client.impl.OrderedAsync$PendingOrderedRequest.setReply(OrderedAsync.java:66)
	at org.apache.ratis.util.SlidingWindow$RequestMap.setReply(SlidingWindow.java:147)
	at org.apache.ratis.util.SlidingWindow$Client.receiveReply(SlidingWindow.java:351)
	at org.apache.ratis.client.impl.OrderedAsync.lambda$sendRequestWithRetry$5(OrderedAsync.java:210)
	at java.base/java.util.concurrent.CompletableFuture$UniAccept.tryFire(CompletableFuture.java:718)
	at java.base/java.util.concurrent.CompletableFuture.postComplete(CompletableFuture.java:510)
	at java.base/java.util.concurrent.CompletableFuture.complete(CompletableFuture.java:2147)
	at org.apache.ratis.grpc.client.GrpcClientProtocolClient$AsyncStreamObservers$1.lambda$onNext$0(GrpcClientProtocolClient.java:322)
	at java.base/java.util.Optional.ifPresent(Optional.java:178)
	at org.apache.ratis.grpc.client.GrpcClientProtocolClient$AsyncStreamObservers.handleReplyFuture(GrpcClientProtocolClient.java:378)
	at org.apache.ratis.grpc.client.GrpcClientProtocolClient$AsyncStreamObservers.access$100(GrpcClientProtocolClient.java:300)
	at org.apache.ratis.grpc.client.GrpcClientProtocolClient$AsyncStreamObservers$1.onNext(GrpcClientProtocolClient.java:322)
	at org.apache.ratis.grpc.client.GrpcClientProtocolClient$AsyncStreamObservers$1.onNext(GrpcClientProtocolClient.java:305)
	at org.apache.ratis.thirdparty.io.grpc.stub.ClientCalls$StreamObserverToCallListenerAdapter.onMessage(ClientCalls.java:468)
	at org.apache.ratis.thirdparty.io.grpc.ForwardingClientCallListener.onMessage(ForwardingClientCallListener.java:33)
	at org.apache.ratis.thirdparty.io.grpc.internal.ClientCallImpl$ClientStreamListenerImpl$1MessagesAvailable.runInternal(ClientCallImpl.java:660)
	at org.apache.ratis.thirdparty.io.grpc.internal.ClientCallImpl$ClientStreamListenerImpl$1MessagesAvailable.runInContext(ClientCallImpl.java:647)
	at org.apache.ratis.thirdparty.io.grpc.internal.ContextRunnable.run(ContextRunnable.java:37)
	at org.apache.ratis.thirdparty.io.grpc.internal.SerializingExecutor.run(SerializingExecutor.java:133)
	at java.base/java.util.concurrent.ThreadPoolExecutor.runWorker(ThreadPoolExecutor.java:1136)
	at java.base/java.util.concurrent.ThreadPoolExecutor$Worker.run(ThreadPoolExecutor.java:635)
	at java.base/java.lang.Thread.run(Thread.java:840)
Caused by: org.apache.ratis.protocol.exceptions.StateMachineException: org.apache.hadoop.hdds.scm.container.common.helpers.ContainerNotOpenException from Server 0d551621-3a78-470c-abdb-c40a133c0b47@group-9D311F7289E9: Container 3 in CLOSED state
	at org.apache.hadoop.ozone.container.common.impl.HddsDispatcher.validateContainerCommand(HddsDispatcher.java:569)
	at org.apache.hadoop.ozone.container.common.transport.server.ratis.ContainerStateMachine.startTransaction(ContainerStateMachine.java:418)
	at org.apache.ratis.server.impl.RaftServerImpl.writeAsyncImpl(RaftServerImpl.java:975)
	at org.apache.ratis.server.impl.RaftServerImpl.writeAsync(RaftServerImpl.java:945)
	at org.apache.ratis.server.impl.RaftServerImpl.replyFuture(RaftServerImpl.java:937)
	at org.apache.ratis.server.impl.RaftServerImpl.submitClientRequestAsync(RaftServerImpl.java:912)
	at org.apache.ratis.server.impl.RaftServerImpl.lambda$executeSubmitClientRequestAsync$11(RaftServerImpl.java:893)
	at java.base/java.util.concurrent.CompletableFuture$AsyncSupply.run(CompletableFuture.java:1768)
	... 3 more
Caused by: org.apache.hadoop.hdds.scm.container.common.helpers.ContainerNotOpenException: Container 3 in CLOSED state
	at jdk.internal.reflect.GeneratedConstructorAccessor90.newInstance(Unknown Source)
	at java.base/jdk.internal.reflect.DelegatingConstructorAccessorImpl.newInstance(DelegatingConstructorAccessorImpl.java:45)
	at java.base/java.lang.reflect.Constructor.newInstanceWithCaller(Constructor.java:500)
	at java.base/java.lang.reflect.Constructor.newInstance(Constructor.java:481)
	at org.apache.ratis.util.ReflectionUtils.instantiateException(ReflectionUtils.java:259)
	at org.apache.ratis.client.impl.ClientProtoUtils.toStateMachineException(ClientProtoUtils.java:451)
	at org.apache.ratis.client.impl.ClientProtoUtils.toStateMachineException(ClientProtoUtils.java:437)
	at org.apache.ratis.client.impl.ClientProtoUtils.toRaftClientReply(ClientProtoUtils.java:404)
	at org.apache.ratis.grpc.client.GrpcClientProtocolClient$AsyncStreamObservers$1.onNext(GrpcClientProtocolClient.java:310)
	at org.apache.ratis.grpc.client.GrpcClientProtocolClient$AsyncStreamObservers$1.onNext(GrpcClientProtocolClient.java:305)
	at org.apache.ratis.thirdparty.io.grpc.stub.ClientCalls$StreamObserverToCallListenerAdapter.onMessage(ClientCalls.java:468)
	at org.apache.ratis.thirdparty.io.grpc.ForwardingClientCallListener.onMessage(ForwardingClientCallListener.java:33)
	at org.apache.ratis.thirdparty.io.grpc.internal.ClientCallImpl$ClientStreamListenerImpl$1MessagesAvailable.runInternal(ClientCallImpl.java:660)
	at org.apache.ratis.thirdparty.io.grpc.internal.ClientCallImpl$ClientStreamListenerImpl$1MessagesAvailable.runInContext(ClientCallImpl.java:647)
	at org.apache.ratis.thirdparty.io.grpc.internal.ContextRunnable.run(ContextRunnable.java:37)
	at org.apache.ratis.thirdparty.io.grpc.internal.SerializingExecutor.run(SerializingExecutor.java:133)
	... 3 more
2024-08-10 09:46:42,608 [grpc-default-executor-4] ERROR impl.OrderedAsync (OrderedAsync.java:lambda$send$4(181)) - Failed to send request, message=cmdType: WriteChunk
traceID: ""
containerID: 3
datanodeUuid: "0d551621-3a78-470c-abdb-c40a133c0b47"
writeChunk {
  blockID {
    containerID: 3
    localID: 113750153625600003
    blockCommitSequenceId: 13
    replicaIndex: 0
  }
  chunkData {
    chunkName: "113750153625600003_chunk_7"
    offset: 600
    len: 100
    checksumData {
      type: NONE
      bytesPerChecksum: 16384
    }
  }
}
version: 4
, data.size=100
java.util.concurrent.CompletionException: org.apache.ratis.protocol.exceptions.StateMachineException: org.apache.hadoop.hdds.scm.container.common.helpers.ContainerNotOpenException from Server 0d551621-3a78-470c-abdb-c40a133c0b47@group-9D311F7289E9: Container 3 in CLOSED state
	at org.apache.ratis.client.impl.RaftClientImpl.handleRaftException(RaftClientImpl.java:373)
	at org.apache.ratis.client.impl.OrderedAsync.lambda$send$3(OrderedAsync.java:175)
	at java.base/java.util.concurrent.CompletableFuture$UniApply.tryFire(CompletableFuture.java:646)
	at java.base/java.util.concurrent.CompletableFuture.postComplete(CompletableFuture.java:510)
	at java.base/java.util.concurrent.CompletableFuture.complete(CompletableFuture.java:2147)
	at org.apache.ratis.client.impl.OrderedAsync$PendingOrderedRequest.setReply(OrderedAsync.java:105)
	at org.apache.ratis.client.impl.OrderedAsync$PendingOrderedRequest.setReply(OrderedAsync.java:66)
	at org.apache.ratis.util.SlidingWindow$RequestMap.setReply(SlidingWindow.java:147)
	at org.apache.ratis.util.SlidingWindow$Client.receiveReply(SlidingWindow.java:351)
	at org.apache.ratis.client.impl.OrderedAsync.lambda$sendRequestWithRetry$5(OrderedAsync.java:210)
	at java.base/java.util.concurrent.CompletableFuture$UniAccept.tryFire(CompletableFuture.java:718)
	at java.base/java.util.concurrent.CompletableFuture.postComplete(CompletableFuture.java:510)
	at java.base/java.util.concurrent.CompletableFuture.complete(CompletableFuture.java:2147)
	at org.apache.ratis.grpc.client.GrpcClientProtocolClient$AsyncStreamObservers$1.lambda$onNext$0(GrpcClientProtocolClient.java:322)
	at java.base/java.util.Optional.ifPresent(Optional.java:178)
	at org.apache.ratis.grpc.client.GrpcClientProtocolClient$AsyncStreamObservers.handleReplyFuture(GrpcClientProtocolClient.java:378)
	at org.apache.ratis.grpc.client.GrpcClientProtocolClient$AsyncStreamObservers.access$100(GrpcClientProtocolClient.java:300)
	at org.apache.ratis.grpc.client.GrpcClientProtocolClient$AsyncStreamObservers$1.onNext(GrpcClientProtocolClient.java:322)
	at org.apache.ratis.grpc.client.GrpcClientProtocolClient$AsyncStreamObservers$1.onNext(GrpcClientProtocolClient.java:305)
	at org.apache.ratis.thirdparty.io.grpc.stub.ClientCalls$StreamObserverToCallListenerAdapter.onMessage(ClientCalls.java:468)
	at org.apache.ratis.thirdparty.io.grpc.ForwardingClientCallListener.onMessage(ForwardingClientCallListener.java:33)
	at org.apache.ratis.thirdparty.io.grpc.internal.ClientCallImpl$ClientStreamListenerImpl$1MessagesAvailable.runInternal(ClientCallImpl.java:660)
	at org.apache.ratis.thirdparty.io.grpc.internal.ClientCallImpl$ClientStreamListenerImpl$1MessagesAvailable.runInContext(ClientCallImpl.java:647)
	at org.apache.ratis.thirdparty.io.grpc.internal.ContextRunnable.run(ContextRunnable.java:37)
	at org.apache.ratis.thirdparty.io.grpc.internal.SerializingExecutor.run(SerializingExecutor.java:133)
	at java.base/java.util.concurrent.ThreadPoolExecutor.runWorker(ThreadPoolExecutor.java:1136)
	at java.base/java.util.concurrent.ThreadPoolExecutor$Worker.run(ThreadPoolExecutor.java:635)
	at java.base/java.lang.Thread.run(Thread.java:840)
Caused by: org.apache.ratis.protocol.exceptions.StateMachineException: org.apache.hadoop.hdds.scm.container.common.helpers.ContainerNotOpenException from Server 0d551621-3a78-470c-abdb-c40a133c0b47@group-9D311F7289E9: Container 3 in CLOSED state
	at org.apache.hadoop.ozone.container.common.impl.HddsDispatcher.validateContainerCommand(HddsDispatcher.java:569)
	at org.apache.hadoop.ozone.container.common.transport.server.ratis.ContainerStateMachine.startTransaction(ContainerStateMachine.java:418)
	at org.apache.ratis.server.impl.RaftServerImpl.writeAsyncImpl(RaftServerImpl.java:975)
	at org.apache.ratis.server.impl.RaftServerImpl.writeAsync(RaftServerImpl.java:945)
	at org.apache.ratis.server.impl.RaftServerImpl.replyFuture(RaftServerImpl.java:937)
	at org.apache.ratis.server.impl.RaftServerImpl.submitClientRequestAsync(RaftServerImpl.java:912)
	at org.apache.ratis.server.impl.RaftServerImpl.lambda$executeSubmitClientRequestAsync$11(RaftServerImpl.java:893)
	at java.base/java.util.concurrent.CompletableFuture$AsyncSupply.run(CompletableFuture.java:1768)
	... 3 more
Caused by: org.apache.hadoop.hdds.scm.container.common.helpers.ContainerNotOpenException: Container 3 in CLOSED state
	at jdk.internal.reflect.GeneratedConstructorAccessor90.newInstance(Unknown Source)
	at java.base/jdk.internal.reflect.DelegatingConstructorAccessorImpl.newInstance(DelegatingConstructorAccessorImpl.java:45)
	at java.base/java.lang.reflect.Constructor.newInstanceWithCaller(Constructor.java:500)
	at java.base/java.lang.reflect.Constructor.newInstance(Constructor.java:481)
	at org.apache.ratis.util.ReflectionUtils.instantiateException(ReflectionUtils.java:259)
	at org.apache.ratis.client.impl.ClientProtoUtils.toStateMachineException(ClientProtoUtils.java:451)
	at org.apache.ratis.client.impl.ClientProtoUtils.toStateMachineException(ClientProtoUtils.java:437)
	at org.apache.ratis.client.impl.ClientProtoUtils.toRaftClientReply(ClientProtoUtils.java:404)
	at org.apache.ratis.grpc.client.GrpcClientProtocolClient$AsyncStreamObservers$1.onNext(GrpcClientProtocolClient.java:310)
	at org.apache.ratis.grpc.client.GrpcClientProtocolClient$AsyncStreamObservers$1.onNext(GrpcClientProtocolClient.java:305)
	at org.apache.ratis.thirdparty.io.grpc.stub.ClientCalls$StreamObserverToCallListenerAdapter.onMessage(ClientCalls.java:468)
	at org.apache.ratis.thirdparty.io.grpc.ForwardingClientCallListener.onMessage(ForwardingClientCallListener.java:33)
	at org.apache.ratis.thirdparty.io.grpc.internal.ClientCallImpl$ClientStreamListenerImpl$1MessagesAvailable.runInternal(ClientCallImpl.java:660)
	at org.apache.ratis.thirdparty.io.grpc.internal.ClientCallImpl$ClientStreamListenerImpl$1MessagesAvailable.runInContext(ClientCallImpl.java:647)
	at org.apache.ratis.thirdparty.io.grpc.internal.ContextRunnable.run(ContextRunnable.java:37)
	at org.apache.ratis.thirdparty.io.grpc.internal.SerializingExecutor.run(SerializingExecutor.java:133)
	... 3 more
2024-08-10 09:46:42,609 [grpc-default-executor-4] ERROR impl.OrderedAsync (OrderedAsync.java:lambda$send$4(181)) - Failed to send request, message=cmdType: PutBlock
traceID: ""
containerID: 3
datanodeUuid: "0d551621-3a78-470c-abdb-c40a133c0b47"
putBlock {
  blockData {
    blockID {
      containerID: 3
      localID: 113750153625600003
      blockCommitSequenceId: 0
    }
    metadata {
      key: "TYPE"
      value: "KEY"
    }
    chunks {
      chunkName: "113750153625600003_chunk_1"
      offset: 0
      len: 100
      checksumData {
        type: NONE
        bytesPerChecksum: 16384
      }
    }
    chunks {
      chunkName: "113750153625600003_chunk_2"
      offset: 100
      len: 100
      checksumData {
        type: NONE
        bytesPerChecksum: 16384
      }
    }
    chunks {
      chunkName: "113750153625600003_chunk_3"
      offset: 200
      len: 100
      checksumData {
        type: NONE
        bytesPerChecksum: 16384
      }
    }
    chunks {
      chunkName: "113750153625600003_chunk_4"
      offset: 300
      len: 100
      checksumData {
        type: NONE
        bytesPerChecksum: 16384
      }
    }
    chunks {
      chunkName: "113750153625600003_chunk_5"
      offset: 400
      len: 100
      checksumData {
        type: NONE
        bytesPerChecksum: 16384
      }
    }
    chunks {
      chunkName: "113750153625600003_chunk_6"
      offset: 500
      len: 100
      checksumData {
        type: NONE
        bytesPerChecksum: 16384
      }
    }
    chunks {
      chunkName: "113750153625600003_chunk_7"
      offset: 600
      len: 100
      checksumData {
        type: NONE
        bytesPerChecksum: 16384
      }
    }
  }
  eof: false
}
version: 4
, data.size=0
java.util.concurrent.CompletionException: org.apache.ratis.protocol.exceptions.StateMachineException: org.apache.hadoop.hdds.scm.container.common.helpers.ContainerNotOpenException from Server 0d551621-3a78-470c-abdb-c40a133c0b47@group-9D311F7289E9: Container 3 in CLOSED state
	at org.apache.ratis.client.impl.RaftClientImpl.handleRaftException(RaftClientImpl.java:373)
	at org.apache.ratis.client.impl.OrderedAsync.lambda$send$3(OrderedAsync.java:175)
	at java.base/java.util.concurrent.CompletableFuture$UniApply.tryFire(CompletableFuture.java:646)
	at java.base/java.util.concurrent.CompletableFuture.postComplete(CompletableFuture.java:510)
	at java.base/java.util.concurrent.CompletableFuture.complete(CompletableFuture.java:2147)
	at org.apache.ratis.client.impl.OrderedAsync$PendingOrderedRequest.setReply(OrderedAsync.java:105)
	at org.apache.ratis.client.impl.OrderedAsync$PendingOrderedRequest.setReply(OrderedAsync.java:66)
	at org.apache.ratis.util.SlidingWindow$RequestMap.setReply(SlidingWindow.java:147)
	at org.apache.ratis.util.SlidingWindow$Client.receiveReply(SlidingWindow.java:351)
	at org.apache.ratis.client.impl.OrderedAsync.lambda$sendRequestWithRetry$5(OrderedAsync.java:210)
	at java.base/java.util.concurrent.CompletableFuture$UniAccept.tryFire(CompletableFuture.java:718)
	at java.base/java.util.concurrent.CompletableFuture.postComplete(CompletableFuture.java:510)
	at java.base/java.util.concurrent.CompletableFuture.complete(CompletableFuture.java:2147)
	at org.apache.ratis.grpc.client.GrpcClientProtocolClient$AsyncStreamObservers$1.lambda$onNext$0(GrpcClientProtocolClient.java:322)
	at java.base/java.util.Optional.ifPresent(Optional.java:178)
	at org.apache.ratis.grpc.client.GrpcClientProtocolClient$AsyncStreamObservers.handleReplyFuture(GrpcClientProtocolClient.java:378)
	at org.apache.ratis.grpc.client.GrpcClientProtocolClient$AsyncStreamObservers.access$100(GrpcClientProtocolClient.java:300)
	at org.apache.ratis.grpc.client.GrpcClientProtocolClient$AsyncStreamObservers$1.onNext(GrpcClientProtocolClient.java:322)
	at org.apache.ratis.grpc.client.GrpcClientProtocolClient$AsyncStreamObservers$1.onNext(GrpcClientProtocolClient.java:305)
	at org.apache.ratis.thirdparty.io.grpc.stub.ClientCalls$StreamObserverToCallListenerAdapter.onMessage(ClientCalls.java:468)
	at org.apache.ratis.thirdparty.io.grpc.ForwardingClientCallListener.onMessage(ForwardingClientCallListener.java:33)
	at org.apache.ratis.thirdparty.io.grpc.internal.ClientCallImpl$ClientStreamListenerImpl$1MessagesAvailable.runInternal(ClientCallImpl.java:660)
	at org.apache.ratis.thirdparty.io.grpc.internal.ClientCallImpl$ClientStreamListenerImpl$1MessagesAvailable.runInContext(ClientCallImpl.java:647)
	at org.apache.ratis.thirdparty.io.grpc.internal.ContextRunnable.run(ContextRunnable.java:37)
	at org.apache.ratis.thirdparty.io.grpc.internal.SerializingExecutor.run(SerializingExecutor.java:133)
	at java.base/java.util.concurrent.ThreadPoolExecutor.runWorker(ThreadPoolExecutor.java:1136)
	at java.base/java.util.concurrent.ThreadPoolExecutor$Worker.run(ThreadPoolExecutor.java:635)
	at java.base/java.lang.Thread.run(Thread.java:840)
Caused by: org.apache.ratis.protocol.exceptions.StateMachineException: org.apache.hadoop.hdds.scm.container.common.helpers.ContainerNotOpenException from Server 0d551621-3a78-470c-abdb-c40a133c0b47@group-9D311F7289E9: Container 3 in CLOSED state
	at org.apache.hadoop.ozone.container.common.impl.HddsDispatcher.validateContainerCommand(HddsDispatcher.java:569)
	at org.apache.hadoop.ozone.container.common.transport.server.ratis.ContainerStateMachine.startTransaction(ContainerStateMachine.java:418)
	at org.apache.ratis.server.impl.RaftServerImpl.writeAsyncImpl(RaftServerImpl.java:975)
	at org.apache.ratis.server.impl.RaftServerImpl.writeAsync(RaftServerImpl.java:945)
	at org.apache.ratis.server.impl.RaftServerImpl.replyFuture(RaftServerImpl.java:937)
	at org.apache.ratis.server.impl.RaftServerImpl.submitClientRequestAsync(RaftServerImpl.java:912)
	at org.apache.ratis.server.impl.RaftServerImpl.lambda$executeSubmitClientRequestAsync$11(RaftServerImpl.java:893)
	at java.base/java.util.concurrent.CompletableFuture$AsyncSupply.run(CompletableFuture.java:1768)
	... 3 more
Caused by: org.apache.hadoop.hdds.scm.container.common.helpers.ContainerNotOpenException: Container 3 in CLOSED state
	at jdk.internal.reflect.GeneratedConstructorAccessor90.newInstance(Unknown Source)
	at java.base/jdk.internal.reflect.DelegatingConstructorAccessorImpl.newInstance(DelegatingConstructorAccessorImpl.java:45)
	at java.base/java.lang.reflect.Constructor.newInstanceWithCaller(Constructor.java:500)
	at java.base/java.lang.reflect.Constructor.newInstance(Constructor.java:481)
	at org.apache.ratis.util.ReflectionUtils.instantiateException(ReflectionUtils.java:259)
	at org.apache.ratis.client.impl.ClientProtoUtils.toStateMachineException(ClientProtoUtils.java:451)
	at org.apache.ratis.client.impl.ClientProtoUtils.toStateMachineException(ClientProtoUtils.java:437)
	at org.apache.ratis.client.impl.ClientProtoUtils.toRaftClientReply(ClientProtoUtils.java:404)
	at org.apache.ratis.grpc.client.GrpcClientProtocolClient$AsyncStreamObservers$1.onNext(GrpcClientProtocolClient.java:310)
	at org.apache.ratis.grpc.client.GrpcClientProtocolClient$AsyncStreamObservers$1.onNext(GrpcClientProtocolClient.java:305)
	at org.apache.ratis.thirdparty.io.grpc.stub.ClientCalls$StreamObserverToCallListenerAdapter.onMessage(ClientCalls.java:468)
	at org.apache.ratis.thirdparty.io.grpc.ForwardingClientCallListener.onMessage(ForwardingClientCallListener.java:33)
	at org.apache.ratis.thirdparty.io.grpc.internal.ClientCallImpl$ClientStreamListenerImpl$1MessagesAvailable.runInternal(ClientCallImpl.java:660)
	at org.apache.ratis.thirdparty.io.grpc.internal.ClientCallImpl$ClientStreamListenerImpl$1MessagesAvailable.runInContext(ClientCallImpl.java:647)
	at org.apache.ratis.thirdparty.io.grpc.internal.ContextRunnable.run(ContextRunnable.java:37)
	at org.apache.ratis.thirdparty.io.grpc.internal.SerializingExecutor.run(SerializingExecutor.java:133)
	... 3 more
2024-08-10 09:46:42,610 [grpc-default-executor-4] ERROR impl.OrderedAsync (OrderedAsync.java:lambda$send$4(181)) - Failed to send request, message=cmdType: WriteChunk
traceID: ""
containerID: 3
datanodeUuid: "0d551621-3a78-470c-abdb-c40a133c0b47"
writeChunk {
  blockID {
    containerID: 3
    localID: 113750153625600003
    blockCommitSequenceId: 13
    replicaIndex: 0
  }
  chunkData {
    chunkName: "113750153625600003_chunk_8"
    offset: 700
    len: 100
    checksumData {
      type: NONE
      bytesPerChecksum: 16384
    }
  }
}
version: 4
, data.size=100
java.util.concurrent.CompletionException: org.apache.ratis.protocol.exceptions.StateMachineException: org.apache.hadoop.hdds.scm.container.common.helpers.ContainerNotOpenException from Server 0d551621-3a78-470c-abdb-c40a133c0b47@group-9D311F7289E9: Container 3 in CLOSED state
	at org.apache.ratis.client.impl.RaftClientImpl.handleRaftException(RaftClientImpl.java:373)
	at org.apache.ratis.client.impl.OrderedAsync.lambda$send$3(OrderedAsync.java:175)
	at java.base/java.util.concurrent.CompletableFuture$UniApply.tryFire(CompletableFuture.java:646)
	at java.base/java.util.concurrent.CompletableFuture.postComplete(CompletableFuture.java:510)
	at java.base/java.util.concurrent.CompletableFuture.complete(CompletableFuture.java:2147)
	at org.apache.ratis.client.impl.OrderedAsync$PendingOrderedRequest.setReply(OrderedAsync.java:105)
	at org.apache.ratis.client.impl.OrderedAsync$PendingOrderedRequest.setReply(OrderedAsync.java:66)
	at org.apache.ratis.util.SlidingWindow$RequestMap.setReply(SlidingWindow.java:147)
	at org.apache.ratis.util.SlidingWindow$Client.receiveReply(SlidingWindow.java:351)
	at org.apache.ratis.client.impl.OrderedAsync.lambda$sendRequestWithRetry$5(OrderedAsync.java:210)
	at java.base/java.util.concurrent.CompletableFuture$UniAccept.tryFire(CompletableFuture.java:718)
	at java.base/java.util.concurrent.CompletableFuture.postComplete(CompletableFuture.java:510)
	at java.base/java.util.concurrent.CompletableFuture.complete(CompletableFuture.java:2147)
	at org.apache.ratis.grpc.client.GrpcClientProtocolClient$AsyncStreamObservers$1.lambda$onNext$0(GrpcClientProtocolClient.java:322)
	at java.base/java.util.Optional.ifPresent(Optional.java:178)
	at org.apache.ratis.grpc.client.GrpcClientProtocolClient$AsyncStreamObservers.handleReplyFuture(GrpcClientProtocolClient.java:378)
	at org.apache.ratis.grpc.client.GrpcClientProtocolClient$AsyncStreamObservers.access$100(GrpcClientProtocolClient.java:300)
	at org.apache.ratis.grpc.client.GrpcClientProtocolClient$AsyncStreamObservers$1.onNext(GrpcClientProtocolClient.java:322)
	at org.apache.ratis.grpc.client.GrpcClientProtocolClient$AsyncStreamObservers$1.onNext(GrpcClientProtocolClient.java:305)
	at org.apache.ratis.thirdparty.io.grpc.stub.ClientCalls$StreamObserverToCallListenerAdapter.onMessage(ClientCalls.java:468)
	at org.apache.ratis.thirdparty.io.grpc.ForwardingClientCallListener.onMessage(ForwardingClientCallListener.java:33)
	at org.apache.ratis.thirdparty.io.grpc.internal.ClientCallImpl$ClientStreamListenerImpl$1MessagesAvailable.runInternal(ClientCallImpl.java:660)
	at org.apache.ratis.thirdparty.io.grpc.internal.ClientCallImpl$ClientStreamListenerImpl$1MessagesAvailable.runInContext(ClientCallImpl.java:647)
	at org.apache.ratis.thirdparty.io.grpc.internal.ContextRunnable.run(ContextRunnable.java:37)
	at org.apache.ratis.thirdparty.io.grpc.internal.SerializingExecutor.run(SerializingExecutor.java:133)
	at java.base/java.util.concurrent.ThreadPoolExecutor.runWorker(ThreadPoolExecutor.java:1136)
	at java.base/java.util.concurrent.ThreadPoolExecutor$Worker.run(ThreadPoolExecutor.java:635)
	at java.base/java.lang.Thread.run(Thread.java:840)
Caused by: org.apache.ratis.protocol.exceptions.StateMachineException: org.apache.hadoop.hdds.scm.container.common.helpers.ContainerNotOpenException from Server 0d551621-3a78-470c-abdb-c40a133c0b47@group-9D311F7289E9: Container 3 in CLOSED state
	at org.apache.hadoop.ozone.container.common.impl.HddsDispatcher.validateContainerCommand(HddsDispatcher.java:569)
	at org.apache.hadoop.ozone.container.common.transport.server.ratis.ContainerStateMachine.startTransaction(ContainerStateMachine.java:418)
	at org.apache.ratis.server.impl.RaftServerImpl.writeAsyncImpl(RaftServerImpl.java:975)
	at org.apache.ratis.server.impl.RaftServerImpl.writeAsync(RaftServerImpl.java:945)
	at org.apache.ratis.server.impl.RaftServerImpl.replyFuture(RaftServerImpl.java:937)
	at org.apache.ratis.server.impl.RaftServerImpl.submitClientRequestAsync(RaftServerImpl.java:912)
	at org.apache.ratis.server.impl.RaftServerImpl.lambda$executeSubmitClientRequestAsync$11(RaftServerImpl.java:893)
	at java.base/java.util.concurrent.CompletableFuture$AsyncSupply.run(CompletableFuture.java:1768)
	... 3 more
Caused by: org.apache.hadoop.hdds.scm.container.common.helpers.ContainerNotOpenException: Container 3 in CLOSED state
	at jdk.internal.reflect.GeneratedConstructorAccessor90.newInstance(Unknown Source)
	at java.base/jdk.internal.reflect.DelegatingConstructorAccessorImpl.newInstance(DelegatingConstructorAccessorImpl.java:45)
	at java.base/java.lang.reflect.Constructor.newInstanceWithCaller(Constructor.java:500)
	at java.base/java.lang.reflect.Constructor.newInstance(Constructor.java:481)
	at org.apache.ratis.util.ReflectionUtils.instantiateException(ReflectionUtils.java:259)
	at org.apache.ratis.client.impl.ClientProtoUtils.toStateMachineException(ClientProtoUtils.java:451)
	at org.apache.ratis.client.impl.ClientProtoUtils.toStateMachineException(ClientProtoUtils.java:437)
	at org.apache.ratis.client.impl.ClientProtoUtils.toRaftClientReply(ClientProtoUtils.java:404)
	at org.apache.ratis.grpc.client.GrpcClientProtocolClient$AsyncStreamObservers$1.onNext(GrpcClientProtocolClient.java:310)
	at org.apache.ratis.grpc.client.GrpcClientProtocolClient$AsyncStreamObservers$1.onNext(GrpcClientProtocolClient.java:305)
	at org.apache.ratis.thirdparty.io.grpc.stub.ClientCalls$StreamObserverToCallListenerAdapter.onMessage(ClientCalls.java:468)
	at org.apache.ratis.thirdparty.io.grpc.ForwardingClientCallListener.onMessage(ForwardingClientCallListener.java:33)
	at org.apache.ratis.thirdparty.io.grpc.internal.ClientCallImpl$ClientStreamListenerImpl$1MessagesAvailable.runInternal(ClientCallImpl.java:660)
	at org.apache.ratis.thirdparty.io.grpc.internal.ClientCallImpl$ClientStreamListenerImpl$1MessagesAvailable.runInContext(ClientCallImpl.java:647)
	at org.apache.ratis.thirdparty.io.grpc.internal.ContextRunnable.run(ContextRunnable.java:37)
	at org.apache.ratis.thirdparty.io.grpc.internal.SerializingExecutor.run(SerializingExecutor.java:133)
	... 3 more
2024-08-10 09:46:42,611 [grpc-default-executor-4] ERROR impl.OrderedAsync (OrderedAsync.java:lambda$send$4(181)) - Failed to send request, message=cmdType: PutBlock
traceID: ""
containerID: 3
datanodeUuid: "0d551621-3a78-470c-abdb-c40a133c0b47"
putBlock {
  blockData {
    blockID {
      containerID: 3
      localID: 113750153625600003
      blockCommitSequenceId: 0
    }
    metadata {
      key: "TYPE"
      value: "KEY"
    }
    chunks {
      chunkName: "113750153625600003_chunk_1"
      offset: 0
      len: 100
      checksumData {
        type: NONE
        bytesPerChecksum: 16384
      }
    }
    chunks {
      chunkName: "113750153625600003_chunk_2"
      offset: 100
      len: 100
      checksumData {
        type: NONE
        bytesPerChecksum: 16384
      }
    }
    chunks {
      chunkName: "113750153625600003_chunk_3"
      offset: 200
      len: 100
      checksumData {
        type: NONE
        bytesPerChecksum: 16384
      }
    }
    chunks {
      chunkName: "113750153625600003_chunk_4"
      offset: 300
      len: 100
      checksumData {
        type: NONE
        bytesPerChecksum: 16384
      }
    }
    chunks {
      chunkName: "113750153625600003_chunk_5"
      offset: 400
      len: 100
      checksumData {
        type: NONE
        bytesPerChecksum: 16384
      }
    }
    chunks {
      chunkName: "113750153625600003_chunk_6"
      offset: 500
      len: 100
      checksumData {
        type: NONE
        bytesPerChecksum: 16384
      }
    }
    chunks {
      chunkName: "113750153625600003_chunk_7"
      offset: 600
      len: 100
      checksumData {
        type: NONE
        bytesPerChecksum: 16384
      }
    }
    chunks {
      chunkName: "113750153625600003_chunk_8"
      offset: 700
      len: 100
      checksumData {
        type: NONE
        bytesPerChecksum: 16384
      }
    }
  }
  eof: true
}
version: 4
, data.size=0
java.util.concurrent.CompletionException: org.apache.ratis.protocol.exceptions.StateMachineException: org.apache.hadoop.hdds.scm.container.common.helpers.ContainerNotOpenException from Server 0d551621-3a78-470c-abdb-c40a133c0b47@group-9D311F7289E9: Container 3 in CLOSED state
	at org.apache.ratis.client.impl.RaftClientImpl.handleRaftException(RaftClientImpl.java:373)
	at org.apache.ratis.client.impl.OrderedAsync.lambda$send$3(OrderedAsync.java:175)
	at java.base/java.util.concurrent.CompletableFuture$UniApply.tryFire(CompletableFuture.java:646)
	at java.base/java.util.concurrent.CompletableFuture.postComplete(CompletableFuture.java:510)
	at java.base/java.util.concurrent.CompletableFuture.complete(CompletableFuture.java:2147)
	at org.apache.ratis.client.impl.OrderedAsync$PendingOrderedRequest.setReply(OrderedAsync.java:105)
	at org.apache.ratis.client.impl.OrderedAsync$PendingOrderedRequest.setReply(OrderedAsync.java:66)
	at org.apache.ratis.util.SlidingWindow$RequestMap.setReply(SlidingWindow.java:147)
	at org.apache.ratis.util.SlidingWindow$Client.receiveReply(SlidingWindow.java:351)
	at org.apache.ratis.client.impl.OrderedAsync.lambda$sendRequestWithRetry$5(OrderedAsync.java:210)
	at java.base/java.util.concurrent.CompletableFuture$UniAccept.tryFire(CompletableFuture.java:718)
	at java.base/java.util.concurrent.CompletableFuture.postComplete(CompletableFuture.java:510)
	at java.base/java.util.concurrent.CompletableFuture.complete(CompletableFuture.java:2147)
	at org.apache.ratis.grpc.client.GrpcClientProtocolClient$AsyncStreamObservers$1.lambda$onNext$0(GrpcClientProtocolClient.java:322)
	at java.base/java.util.Optional.ifPresent(Optional.java:178)
	at org.apache.ratis.grpc.client.GrpcClientProtocolClient$AsyncStreamObservers.handleReplyFuture(GrpcClientProtocolClient.java:378)
	at org.apache.ratis.grpc.client.GrpcClientProtocolClient$AsyncStreamObservers.access$100(GrpcClientProtocolClient.java:300)
	at org.apache.ratis.grpc.client.GrpcClientProtocolClient$AsyncStreamObservers$1.onNext(GrpcClientProtocolClient.java:322)
	at org.apache.ratis.grpc.client.GrpcClientProtocolClient$AsyncStreamObservers$1.onNext(GrpcClientProtocolClient.java:305)
	at org.apache.ratis.thirdparty.io.grpc.stub.ClientCalls$StreamObserverToCallListenerAdapter.onMessage(ClientCalls.java:468)
	at org.apache.ratis.thirdparty.io.grpc.ForwardingClientCallListener.onMessage(ForwardingClientCallListener.java:33)
	at org.apache.ratis.thirdparty.io.grpc.internal.ClientCallImpl$ClientStreamListenerImpl$1MessagesAvailable.runInternal(ClientCallImpl.java:660)
	at org.apache.ratis.thirdparty.io.grpc.internal.ClientCallImpl$ClientStreamListenerImpl$1MessagesAvailable.runInContext(ClientCallImpl.java:647)
	at org.apache.ratis.thirdparty.io.grpc.internal.ContextRunnable.run(ContextRunnable.java:37)
	at org.apache.ratis.thirdparty.io.grpc.internal.SerializingExecutor.run(SerializingExecutor.java:133)
	at java.base/java.util.concurrent.ThreadPoolExecutor.runWorker(ThreadPoolExecutor.java:1136)
	at java.base/java.util.concurrent.ThreadPoolExecutor$Worker.run(ThreadPoolExecutor.java:635)
	at java.base/java.lang.Thread.run(Thread.java:840)
Caused by: org.apache.ratis.protocol.exceptions.StateMachineException: org.apache.hadoop.hdds.scm.container.common.helpers.ContainerNotOpenException from Server 0d551621-3a78-470c-abdb-c40a133c0b47@group-9D311F7289E9: Container 3 in CLOSED state
	at org.apache.hadoop.ozone.container.common.impl.HddsDispatcher.validateContainerCommand(HddsDispatcher.java:569)
	at org.apache.hadoop.ozone.container.common.transport.server.ratis.ContainerStateMachine.startTransaction(ContainerStateMachine.java:418)
	at org.apache.ratis.server.impl.RaftServerImpl.writeAsyncImpl(RaftServerImpl.java:975)
	at org.apache.ratis.server.impl.RaftServerImpl.writeAsync(RaftServerImpl.java:945)
	at org.apache.ratis.server.impl.RaftServerImpl.replyFuture(RaftServerImpl.java:937)
	at org.apache.ratis.server.impl.RaftServerImpl.submitClientRequestAsync(RaftServerImpl.java:912)
	at org.apache.ratis.server.impl.RaftServerImpl.lambda$executeSubmitClientRequestAsync$11(RaftServerImpl.java:893)
	at java.base/java.util.concurrent.CompletableFuture$AsyncSupply.run(CompletableFuture.java:1768)
	... 3 more
Caused by: org.apache.hadoop.hdds.scm.container.common.helpers.ContainerNotOpenException: Container 3 in CLOSED state
	at jdk.internal.reflect.GeneratedConstructorAccessor90.newInstance(Unknown Source)
	at java.base/jdk.internal.reflect.DelegatingConstructorAccessorImpl.newInstance(DelegatingConstructorAccessorImpl.java:45)
	at java.base/java.lang.reflect.Constructor.newInstanceWithCaller(Constructor.java:500)
	at java.base/java.lang.reflect.Constructor.newInstance(Constructor.java:481)
	at org.apache.ratis.util.ReflectionUtils.instantiateException(ReflectionUtils.java:259)
	at org.apache.ratis.client.impl.ClientProtoUtils.toStateMachineException(ClientProtoUtils.java:451)
	at org.apache.ratis.client.impl.ClientProtoUtils.toStateMachineException(ClientProtoUtils.java:437)
	at org.apache.ratis.client.impl.ClientProtoUtils.toRaftClientReply(ClientProtoUtils.java:404)
	at org.apache.ratis.grpc.client.GrpcClientProtocolClient$AsyncStreamObservers$1.onNext(GrpcClientProtocolClient.java:310)
	at org.apache.ratis.grpc.client.GrpcClientProtocolClient$AsyncStreamObservers$1.onNext(GrpcClientProtocolClient.java:305)
	at org.apache.ratis.thirdparty.io.grpc.stub.ClientCalls$StreamObserverToCallListenerAdapter.onMessage(ClientCalls.java:468)
	at org.apache.ratis.thirdparty.io.grpc.ForwardingClientCallListener.onMessage(ForwardingClientCallListener.java:33)
	at org.apache.ratis.thirdparty.io.grpc.internal.ClientCallImpl$ClientStreamListenerImpl$1MessagesAvailable.runInternal(ClientCallImpl.java:660)
	at org.apache.ratis.thirdparty.io.grpc.internal.ClientCallImpl$ClientStreamListenerImpl$1MessagesAvailable.runInContext(ClientCallImpl.java:647)
	at org.apache.ratis.thirdparty.io.grpc.internal.ContextRunnable.run(ContextRunnable.java:37)
	at org.apache.ratis.thirdparty.io.grpc.internal.SerializingExecutor.run(SerializingExecutor.java:133)
	... 3 more
2024-08-10 09:46:42,617 [main] INFO  scm.XceiverClientRatis (XceiverClientRatis.java:<init>(140)) - WatchType ALL_COMMITTED. Majority 1, 
2024-08-10 09:46:42,741 [client-write-TID-1] WARN  storage.AbstractCommitWatcher (AbstractCommitWatcher.java:getIOExceptionForWatchForCommit(182)) - watchForCommit failed for index 26
java.lang.InterruptedException
	at java.base/java.util.concurrent.CompletableFuture.reportGet(CompletableFuture.java:386)
	at java.base/java.util.concurrent.CompletableFuture.get(CompletableFuture.java:2073)
	at org.apache.hadoop.hdds.scm.storage.AbstractCommitWatcher.watchForCommit(AbstractCommitWatcher.java:152)
	at org.apache.hadoop.hdds.scm.storage.RatisBlockOutputStream.sendWatchForCommit(RatisBlockOutputStream.java:105)
	at org.apache.hadoop.hdds.scm.storage.BlockOutputStream.watchForCommit(BlockOutputStream.java:489)
	at org.apache.hadoop.hdds.scm.storage.BlockOutputStream.lambda$watchForCommitAsync$4(BlockOutputStream.java:710)
	at java.base/java.util.concurrent.CompletableFuture$UniAccept.tryFire(CompletableFuture.java:718)
	at java.base/java.util.concurrent.CompletableFuture.postComplete(CompletableFuture.java:510)
	at java.base/java.util.concurrent.CompletableFuture.postFire(CompletableFuture.java:614)
	at java.base/java.util.concurrent.CompletableFuture$UniApply.tryFire(CompletableFuture.java:653)
	at java.base/java.util.concurrent.CompletableFuture$Completion.run(CompletableFuture.java:482)
	at java.base/java.util.concurrent.ThreadPoolExecutor.runWorker(ThreadPoolExecutor.java:1136)
	at java.base/java.util.concurrent.ThreadPoolExecutor$Worker.run(ThreadPoolExecutor.java:635)
	at java.base/java.lang.Thread.run(Thread.java:840)
2024-08-10 09:46:42,754 [main] INFO  ozone.MiniOzoneClusterImpl (MiniOzoneClusterImpl.java:shutdown(410)) - Shutting down the Mini Ozone Cluster
2024-08-10 09:46:42,755 [main] INFO  db.CodecTestUtil (CodecTestUtil.java:gc(50)) - gc 0
2024-08-10 09:46:42,875 [Finalizer] WARN  db.CodecBuffer (CodecBuffer.java:detectLeaks(279)) - LEAK 1: [0<=0<=100: ], refCnt=1, capacity=100 allocation:
org.apache.hadoop.hdds.utils.db.CodecBuffer.<init>(CodecBuffer.java:54)
org.apache.hadoop.hdds.utils.db.CodecBuffer$LeakDetector$1.<init>(CodecBuffer.java:78)
org.apache.hadoop.hdds.utils.db.CodecBuffer$LeakDetector.newCodecBuffer(CodecBuffer.java:78)
org.apache.hadoop.hdds.utils.db.CodecBuffer$Factory.newCodecBuffer(CodecBuffer.java:71)
org.apache.hadoop.hdds.utils.db.CodecBuffer$Factory.newCodecBuffer(CodecBuffer.java:67)
org.apache.hadoop.hdds.utils.db.CodecBuffer.allocate(CodecBuffer.java:196)
org.apache.hadoop.hdds.utils.db.CodecBuffer.allocateDirect(CodecBuffer.java:204)
org.apache.hadoop.ozone.common.ChunkBuffer.allocate(ChunkBuffer.java:54)
org.apache.hadoop.hdds.scm.storage.BufferPool.allocateBuffer(BufferPool.java:102)
org.apache.hadoop.hdds.scm.storage.BlockOutputStream.allocateNewBufferIfNeeded(BlockOutputStream.java:382)
org.apache.hadoop.hdds.scm.storage.BlockOutputStream.write(BlockOutputStream.java:338)
org.apache.hadoop.ozone.client.io.BlockOutputStreamEntry.write(BlockOutputStreamEntry.java:138)
org.apache.hadoop.ozone.client.io.KeyOutputStream.writeToOutputStream(KeyOutputStream.java:258)
org.apache.hadoop.ozone.client.io.KeyOutputStream.handleWrite(KeyOutputStream.java:236)
org.apache.hadoop.ozone.client.io.KeyOutputStream.write(KeyOutputStream.java:215)
org.apache.hadoop.ozone.client.io.OzoneOutputStream.write(OzoneOutputStream.java:94)
java.base/java.io.OutputStream.write(OutputStream.java:127)
org.apache.hadoop.ozone.client.rpc.TestBlockOutputStreamWithFailures.testWriteMoreThanMaxFlushSize(TestBlockOutputStreamWithFailures.java:378)
org.apache.hadoop.ozone.client.rpc.TestBlockOutputStreamWithFailures.testContainerClose(TestBlockOutputStreamWithFailures.java:101)
java.base/jdk.internal.reflect.NativeMethodAccessorImpl.invoke0(Native Method)
java.base/jdk.internal.reflect.NativeMethodAccessorImpl.invoke(NativeMethodAccessorImpl.java:77)
java.base/jdk.internal.reflect.DelegatingMethodAccessorImpl.invoke(DelegatingMethodAccessorImpl.java:43)
java.base/java.lang.reflect.Method.invoke(Method.java:569)
org.junit.platform.commons.util.ReflectionUtils.invokeMethod(ReflectionUtils.java:728)
org.junit.jupiter.engine.execution.MethodInvocation.proceed(MethodInvocation.java:60)
org.junit.jupiter.engine.execution.InvocationInterceptorChain$ValidatingInvocation.proceed(InvocationInterceptorChain.java:131)
org.junit.jupiter.engine.extension.SameThreadTimeoutInvocation.proceed(SameThreadTimeoutInvocation.java:45)
org.junit.jupiter.engine.extension.TimeoutExtension.intercept(TimeoutExtension.java:156)
org.junit.jupiter.engine.extension.TimeoutExtension.interceptTestableMethod(TimeoutExtension.java:147)
org.junit.jupiter.engine.extension.TimeoutExtension.interceptTestTemplateMethod(TimeoutExtension.java:94)
org.junit.jupiter.engine.execution.InterceptingExecutableInvoker$ReflectiveInterceptorCall.lambda$ofVoidMethod$0(InterceptingExecutableInvoker.java:103)
org.junit.jupiter.engine.execution.InterceptingExecutableInvoker.lambda$invoke$0(InterceptingExecutableInvoker.java:93)
org.junit.jupiter.engine.execution.InvocationInterceptorChain$InterceptedInvocation.proceed(InvocationInterceptorChain.java:106)
org.junit.jupiter.engine.execution.InvocationInterceptorChain.proceed(InvocationInterceptorChain.java:64)
org.junit.jupiter.engine.execution.InvocationInterceptorChain.chainAndInvoke(InvocationInterceptorChain.java:45)
org.junit.jupiter.engine.execution.InvocationInterceptorChain.invoke(InvocationInterceptorChain.java:37)
org.junit.jupiter.engine.execution.InterceptingExecutableInvoker.invoke(InterceptingExecutableInvoker.java:92)
org.junit.jupiter.engine.execution.InterceptingExecutableInvoker.invoke(InterceptingExecutableInvoker.java:86)
org.junit.jupiter.engine.descriptor.TestMethodTestDescriptor.lambda$invokeTestMethod$7(TestMethodTestDescriptor.java:218)
org.junit.platform.engine.support.hierarchical.ThrowableCollector.execute(ThrowableCollector.java:73)
org.junit.jupiter.engine.descriptor.TestMethodTestDescriptor.invokeTestMethod(TestMethodTestDescriptor.java:214)
org.junit.jupiter.engine.descriptor.TestMethodTestDescriptor.execute(TestMethodTestDescriptor.java:139)
org.junit.jupiter.engine.descriptor.TestMethodTestDescriptor.execute(TestMethodTestDescriptor.java:69)
org.junit.platform.engine.support.hierarchical.NodeTestTask.lambda$executeRecursively$6(NodeTestTask.java:151)
org.junit.platform.engine.support.hierarchical.ThrowableCollector.execute(ThrowableCollector.java:73)
org.junit.platform.engine.support.hierarchical.NodeTestTask.lambda$executeRecursively$8(NodeTestTask.java:141)
org.junit.platform.engine.support.hierarchical.Node.around(Node.java:137)
org.junit.platform.engine.support.hierarchical.NodeTestTask.lambda$executeRecursively$9(NodeTestTask.java:139)
org.junit.platform.engine.support.hierarchical.ThrowableCollector.execute(ThrowableCollector.java:73)
org.junit.platform.engine.support.hierarchical.NodeTestTask.executeRecursively(NodeTestTask.java:138)
org.junit.platform.engine.support.hierarchical.NodeTestTask.execute(NodeTestTask.java:95)
org.junit.platform.engine.support.hierarchical.SameThreadHierarchicalTestExecutorService.submit(SameThreadHierarchicalTestExecutorService.java:35)
org.junit.platform.engine.support.hierarchical.NodeTestTask$DefaultDynamicTestExecutor.execute(NodeTestTask.java:226)
org.junit.platform.engine.support.hierarchical.NodeTestTask$DefaultDynamicTestExecutor.execute(NodeTestTask.java:204)
org.junit.jupiter.engine.descriptor.TestTemplateTestDescriptor.execute(TestTemplateTestDescriptor.java:142)
org.junit.jupiter.engine.descriptor.TestTemplateTestDescriptor.lambda$execute$2(TestTemplateTestDescriptor.java:110)
java.base/java.util.stream.ForEachOps$ForEachOp$OfRef.accept(ForEachOps.java:183)
java.base/java.util.stream.ReferencePipeline$3$1.accept(ReferencePipeline.java:197)
java.base/java.util.stream.ReferencePipeline$2$1.accept(ReferencePipeline.java:179)
java.base/java.util.stream.ReferencePipeline$3$1.accept(ReferencePipeline.java:197)
java.base/java.util.stream.ForEachOps$ForEachOp$OfRef.accept(ForEachOps.java:183)
java.base/java.util.stream.ReferencePipeline$3$1.accept(ReferencePipeline.java:197)
java.base/java.util.stream.ReferencePipeline$3$1.accept(ReferencePipeline.java:197)
java.base/java.util.stream.ReferencePipeline$3$1.accept(ReferencePipeline.java:197)
java.base/java.util.stream.ForEachOps$ForEachOp$OfRef.accept(ForEachOps.java:183)
java.base/java.util.stream.ReferencePipeline$3$1.accept(ReferencePipeline.java:197)
java.base/java.util.Spliterators$ArraySpliterator.forEachRemaining(Spliterators.java:992)
java.base/java.util.stream.ReferencePipeline$Head.forEach(ReferencePipeline.java:762)
java.base/java.util.stream.ReferencePipeline$7$1.accept(ReferencePipeline.java:276)
java.base/java.util.stream.ReferencePipeline$3$1.accept(ReferencePipeline.java:197)
java.base/java.util.stream.ReferencePipeline$3$1.accept(ReferencePipeline.java:197)
java.base/java.util.stream.ReferencePipeline$3$1.accept(ReferencePipeline.java:197)
java.base/java.util.Spliterators$ArraySpliterator.forEachRemaining(Spliterators.java:992)
java.base/java.util.stream.AbstractPipeline.copyInto(AbstractPipeline.java:509)
java.base/java.util.stream.AbstractPipeline.wrapAndCopyInto(AbstractPipeline.java:499)
java.base/java.util.stream.ForEachOps$ForEachOp.evaluateSequential(ForEachOps.java:150)
java.base/java.util.stream.ForEachOps$ForEachOp$OfRef.evaluateSequential(ForEachOps.java:173)
java.base/java.util.stream.AbstractPipeline.evaluate(AbstractPipeline.java:234)
java.base/java.util.stream.ReferencePipeline.forEach(ReferencePipeline.java:596)
java.base/java.util.stream.ReferencePipeline$7$1.accept(ReferencePipeline.java:276)
java.base/java.util.stream.ReferencePipeline$3$1.accept(ReferencePipeline.java:197)
java.base/java.util.stream.ReferencePipeline$3$1.accept(ReferencePipeline.java:197)
java.base/java.util.stream.ReferencePipeline$3$1.accept(ReferencePipeline.java:197)
java.base/java.util.ArrayList$ArrayListSpliterator.forEachRemaining(ArrayList.java:1625)
java.base/java.util.stream.AbstractPipeline.copyInto(AbstractPipeline.java:509)
java.base/java.util.stream.AbstractPipeline.wrapAndCopyInto(AbstractPipeline.java:499)
java.base/java.util.stream.ForEachOps$ForEachOp.evaluateSequential(ForEachOps.java:150)
java.base/java.util.stream.ForEachOps$ForEachOp$OfRef.evaluateSequential(ForEachOps.java:173)
java.base/java.util.stream.AbstractPipeline.evaluate(AbstractPipeline.java:234)
java.base/java.util.stream.ReferencePipeline.forEach(ReferencePipeline.java:596)
java.base/java.util.stream.ReferencePipeline$7$1.accept(ReferencePipeline.java:276)
java.base/java.util.ArrayList$ArrayListSpliterator.forEachRemaining(ArrayList.java:1625)
java.base/java.util.stream.AbstractPipeline.copyInto(AbstractPipeline.java:509)
java.base/java.util.stream.AbstractPipeline.wrapAndCopyInto(AbstractPipeline.java:499)
java.base/java.util.stream.ForEachOps$ForEachOp.evaluateSequential(ForEachOps.java:150)
java.base/java.util.stream.ForEachOps$ForEachOp$OfRef.evaluateSequential(ForEachOps.java:173)
java.base/java.util.stream.AbstractPipeline.evaluate(AbstractPipeline.java:234)
java.base/java.util.stream.ReferencePipeline.forEach(ReferencePipeline.java:596)
org.junit.jupiter.engine.descriptor.TestTemplateTestDescriptor.execute(TestTemplateTestDescriptor.java:110)
org.junit.jupiter.engine.descriptor.TestTemplateTestDescriptor.execute(TestTemplateTestDescriptor.java:44)
org.junit.platform.engine.support.hierarchical.NodeTestTask.lambda$executeRecursively$6(NodeTestTask.java:151)
org.junit.platform.engine.support.hierarchical.ThrowableCollector.execute(ThrowableCollector.java:73)
org.junit.platform.engine.support.hierarchical.NodeTestTask.lambda$executeRecursively$8(NodeTestTask.java:141)
org.junit.platform.engine.support.hierarchical.Node.around(Node.java:137)
org.junit.platform.engine.support.hierarchical.NodeTestTask.lambda$executeRecursively$9(NodeTestTask.java:139)
org.junit.platform.engine.support.hierarchical.ThrowableCollector.execute(ThrowableCollector.java:73)
org.junit.platform.engine.support.hierarchical.NodeTestTask.executeRecursively(NodeTestTask.java:138)
org.junit.platform.engine.support.hierarchical.NodeTestTask.execute(NodeTestTask.java:95)
java.base/java.util.ArrayList.forEach(ArrayList.java:1511)
org.junit.platform.engine.support.hierarchical.SameThreadHierarchicalTestExecutorService.invokeAll(SameThreadHierarchicalTestExecutorService.java:41)
org.junit.platform.engine.support.hierarchical.NodeTestTask.lambda$executeRecursively$6(NodeTestTask.java:155)
org.junit.platform.engine.support.hierarchical.ThrowableCollector.execute(ThrowableCollector.java:73)
org.junit.platform.engine.support.hierarchical.NodeTestTask.lambda$executeRecursively$8(NodeTestTask.java:141)
org.junit.platform.engine.support.hierarchical.Node.around(Node.java:137)
org.junit.platform.engine.support.hierarchical.NodeTestTask.lambda$executeRecursively$9(NodeTestTask.java:139)
org.junit.platform.engine.support.hierarchical.ThrowableCollector.execute(ThrowableCollector.java:73)
org.junit.platform.engine.support.hierarchical.NodeTestTask.executeRecursively(NodeTestTask.java:138)
org.junit.platform.engine.support.hierarchical.NodeTestTask.execute(NodeTestTask.java:95)
java.base/java.util.ArrayList.forEach(ArrayList.java:1511)
org.junit.platform.engine.support.hierarchical.SameThreadHierarchicalTestExecutorService.invokeAll(SameThreadHierarchicalTestExecutorService.java:41)
org.junit.platform.engine.support.hierarchical.NodeTestTask.lambda$executeRecursively$6(NodeTestTask.java:155)
org.junit.platform.engine.support.hierarchical.ThrowableCollector.execute(ThrowableCollector.java:73)
org.junit.platform.engine.support.hierarchical.NodeTestTask.lambda$executeRecursively$8(NodeTestTask.java:141)
org.junit.platform.engine.support.hierarchical.Node.around(Node.java:137)
org.junit.platform.engine.support.hierarchical.NodeTestTask.lambda$executeRecursively$9(NodeTestTask.java:139)
org.junit.platform.engine.support.hierarchical.ThrowableCollector.execute(ThrowableCollector.java:73)
org.junit.platform.engine.support.hierarchical.NodeTestTask.executeRecursively(NodeTestTask.java:138)
org.junit.platform.engine.support.hierarchical.NodeTestTask.execute(NodeTestTask.java:95)
org.junit.platform.engine.support.hierarchical.SameThreadHierarchicalTestExecutorService.submit(SameThreadHierarchicalTestExecutorService.java:35)
org.junit.platform.engine.support.hierarchical.HierarchicalTestExecutor.execute(HierarchicalTestExecutor.java:57)
org.junit.platform.engine.support.hierarchical.HierarchicalTestEngine.execute(HierarchicalTestEngine.java:54)
org.junit.platform.launcher.core.EngineExecutionOrchestrator.execute(EngineExecutionOrchestrator.java:198)
org.junit.platform.launcher.core.EngineExecutionOrchestrator.execute(EngineExecutionOrchestrator.java:169)
org.junit.platform.launcher.core.EngineExecutionOrchestrator.execute(EngineExecutionOrchestrator.java:93)
org.junit.platform.launcher.core.EngineExecutionOrchestrator.lambda$execute$0(EngineExecutionOrchestrator.java:58)
org.junit.platform.launcher.core.EngineExecutionOrchestrator.withInterceptedStreams(EngineExecutionOrchestrator.java:141)
org.junit.platform.launcher.core.EngineExecutionOrchestrator.execute(EngineExecutionOrchestrator.java:57)
org.junit.platform.launcher.core.DefaultLauncher.execute(DefaultLauncher.java:103)
org.junit.platform.launcher.core.DefaultLauncher.execute(DefaultLauncher.java:85)
org.junit.platform.launcher.core.DelegatingLauncher.execute(DelegatingLauncher.java:47)
org.junit.platform.launcher.core.SessionPerRequestLauncher.execute(SessionPerRequestLauncher.java:63)
org.apache.maven.surefire.junitplatform.JUnitPlatformProvider.invokeAllTests(JUnitPlatformProvider.java:154)
org.apache.maven.surefire.junitplatform.JUnitPlatformProvider.invoke(JUnitPlatformProvider.java:123)
org.apache.maven.surefire.booter.ForkedBooter.runSuitesInProcess(ForkedBooter.java:377)
org.apache.maven.surefire.booter.ForkedBooter.execute(ForkedBooter.java:138)
org.apache.maven.surefire.booter.ForkedBooter.run(ForkedBooter.java:465)
org.apache.maven.surefire.booter.ForkedBooter.main(ForkedBooter.java:451)

2024-08-10 09:46:42,875 [Finalizer] WARN  db.CodecBuffer (CodecBuffer.java:detectLeaks(279)) - LEAK 2: [0<=0<=100: ], refCnt=1, capacity=100 allocation:
org.apache.hadoop.hdds.utils.db.CodecBuffer.<init>(CodecBuffer.java:54)
org.apache.hadoop.hdds.utils.db.CodecBuffer$LeakDetector$1.<init>(CodecBuffer.java:78)
org.apache.hadoop.hdds.utils.db.CodecBuffer$LeakDetector.newCodecBuffer(CodecBuffer.java:78)
org.apache.hadoop.hdds.utils.db.CodecBuffer$Factory.newCodecBuffer(CodecBuffer.java:71)
org.apache.hadoop.hdds.utils.db.CodecBuffer$Factory.newCodecBuffer(CodecBuffer.java:67)
org.apache.hadoop.hdds.utils.db.CodecBuffer.allocate(CodecBuffer.java:196)
org.apache.hadoop.hdds.utils.db.CodecBuffer.allocateDirect(CodecBuffer.java:204)
org.apache.hadoop.ozone.common.ChunkBuffer.allocate(ChunkBuffer.java:54)
org.apache.hadoop.hdds.scm.storage.BufferPool.allocateBuffer(BufferPool.java:102)
org.apache.hadoop.hdds.scm.storage.BlockOutputStream.allocateNewBufferIfNeeded(BlockOutputStream.java:382)
org.apache.hadoop.hdds.scm.storage.BlockOutputStream.write(BlockOutputStream.java:338)
org.apache.hadoop.ozone.client.io.BlockOutputStreamEntry.write(BlockOutputStreamEntry.java:138)
org.apache.hadoop.ozone.client.io.KeyOutputStream.writeToOutputStream(KeyOutputStream.java:258)
org.apache.hadoop.ozone.client.io.KeyOutputStream.handleWrite(KeyOutputStream.java:236)
org.apache.hadoop.ozone.client.io.KeyOutputStream.write(KeyOutputStream.java:215)
org.apache.hadoop.ozone.client.io.OzoneOutputStream.write(OzoneOutputStream.java:94)
java.base/java.io.OutputStream.write(OutputStream.java:127)
org.apache.hadoop.ozone.client.rpc.TestBlockOutputStreamWithFailures.testWriteMoreThanMaxFlushSize(TestBlockOutputStreamWithFailures.java:378)
org.apache.hadoop.ozone.client.rpc.TestBlockOutputStreamWithFailures.testContainerClose(TestBlockOutputStreamWithFailures.java:101)
java.base/jdk.internal.reflect.NativeMethodAccessorImpl.invoke0(Native Method)
java.base/jdk.internal.reflect.NativeMethodAccessorImpl.invoke(NativeMethodAccessorImpl.java:77)
java.base/jdk.internal.reflect.DelegatingMethodAccessorImpl.invoke(DelegatingMethodAccessorImpl.java:43)
java.base/java.lang.reflect.Method.invoke(Method.java:569)
org.junit.platform.commons.util.ReflectionUtils.invokeMethod(ReflectionUtils.java:728)
org.junit.jupiter.engine.execution.MethodInvocation.proceed(MethodInvocation.java:60)
org.junit.jupiter.engine.execution.InvocationInterceptorChain$ValidatingInvocation.proceed(InvocationInterceptorChain.java:131)
org.junit.jupiter.engine.extension.SameThreadTimeoutInvocation.proceed(SameThreadTimeoutInvocation.java:45)
org.junit.jupiter.engine.extension.TimeoutExtension.intercept(TimeoutExtension.java:156)
org.junit.jupiter.engine.extension.TimeoutExtension.interceptTestableMethod(TimeoutExtension.java:147)
org.junit.jupiter.engine.extension.TimeoutExtension.interceptTestTemplateMethod(TimeoutExtension.java:94)
org.junit.jupiter.engine.execution.InterceptingExecutableInvoker$ReflectiveInterceptorCall.lambda$ofVoidMethod$0(InterceptingExecutableInvoker.java:103)
org.junit.jupiter.engine.execution.InterceptingExecutableInvoker.lambda$invoke$0(InterceptingExecutableInvoker.java:93)
org.junit.jupiter.engine.execution.InvocationInterceptorChain$InterceptedInvocation.proceed(InvocationInterceptorChain.java:106)
org.junit.jupiter.engine.execution.InvocationInterceptorChain.proceed(InvocationInterceptorChain.java:64)
org.junit.jupiter.engine.execution.InvocationInterceptorChain.chainAndInvoke(InvocationInterceptorChain.java:45)
org.junit.jupiter.engine.execution.InvocationInterceptorChain.invoke(InvocationInterceptorChain.java:37)
org.junit.jupiter.engine.execution.InterceptingExecutableInvoker.invoke(InterceptingExecutableInvoker.java:92)
org.junit.jupiter.engine.execution.InterceptingExecutableInvoker.invoke(InterceptingExecutableInvoker.java:86)
org.junit.jupiter.engine.descriptor.TestMethodTestDescriptor.lambda$invokeTestMethod$7(TestMethodTestDescriptor.java:218)
org.junit.platform.engine.support.hierarchical.ThrowableCollector.execute(ThrowableCollector.java:73)
org.junit.jupiter.engine.descriptor.TestMethodTestDescriptor.invokeTestMethod(TestMethodTestDescriptor.java:214)
org.junit.jupiter.engine.descriptor.TestMethodTestDescriptor.execute(TestMethodTestDescriptor.java:139)
org.junit.jupiter.engine.descriptor.TestMethodTestDescriptor.execute(TestMethodTestDescriptor.java:69)
org.junit.platform.engine.support.hierarchical.NodeTestTask.lambda$executeRecursively$6(NodeTestTask.java:151)
org.junit.platform.engine.support.hierarchical.ThrowableCollector.execute(ThrowableCollector.java:73)
org.junit.platform.engine.support.hierarchical.NodeTestTask.lambda$executeRecursively$8(NodeTestTask.java:141)
org.junit.platform.engine.support.hierarchical.Node.around(Node.java:137)
org.junit.platform.engine.support.hierarchical.NodeTestTask.lambda$executeRecursively$9(NodeTestTask.java:139)
org.junit.platform.engine.support.hierarchical.ThrowableCollector.execute(ThrowableCollector.java:73)
org.junit.platform.engine.support.hierarchical.NodeTestTask.executeRecursively(NodeTestTask.java:138)
org.junit.platform.engine.support.hierarchical.NodeTestTask.execute(NodeTestTask.java:95)
org.junit.platform.engine.support.hierarchical.SameThreadHierarchicalTestExecutorService.submit(SameThreadHierarchicalTestExecutorService.java:35)
org.junit.platform.engine.support.hierarchical.NodeTestTask$DefaultDynamicTestExecutor.execute(NodeTestTask.java:226)
org.junit.platform.engine.support.hierarchical.NodeTestTask$DefaultDynamicTestExecutor.execute(NodeTestTask.java:204)
org.junit.jupiter.engine.descriptor.TestTemplateTestDescriptor.execute(TestTemplateTestDescriptor.java:142)
org.junit.jupiter.engine.descriptor.TestTemplateTestDescriptor.lambda$execute$2(TestTemplateTestDescriptor.java:110)
java.base/java.util.stream.ForEachOps$ForEachOp$OfRef.accept(ForEachOps.java:183)
java.base/java.util.stream.ReferencePipeline$3$1.accept(ReferencePipeline.java:197)
java.base/java.util.stream.ReferencePipeline$2$1.accept(ReferencePipeline.java:179)
java.base/java.util.stream.ReferencePipeline$3$1.accept(ReferencePipeline.java:197)
java.base/java.util.stream.ForEachOps$ForEachOp$OfRef.accept(ForEachOps.java:183)
java.base/java.util.stream.ReferencePipeline$3$1.accept(ReferencePipeline.java:197)
java.base/java.util.stream.ReferencePipeline$3$1.accept(ReferencePipeline.java:197)
java.base/java.util.stream.ReferencePipeline$3$1.accept(ReferencePipeline.java:197)
java.base/java.util.stream.ForEachOps$ForEachOp$OfRef.accept(ForEachOps.java:183)
java.base/java.util.stream.ReferencePipeline$3$1.accept(ReferencePipeline.java:197)
java.base/java.util.Spliterators$ArraySpliterator.forEachRemaining(Spliterators.java:992)
java.base/java.util.stream.ReferencePipeline$Head.forEach(ReferencePipeline.java:762)
java.base/java.util.stream.ReferencePipeline$7$1.accept(ReferencePipeline.java:276)
java.base/java.util.stream.ReferencePipeline$3$1.accept(ReferencePipeline.java:197)
java.base/java.util.stream.ReferencePipeline$3$1.accept(ReferencePipeline.java:197)
java.base/java.util.stream.ReferencePipeline$3$1.accept(ReferencePipeline.java:197)
java.base/java.util.Spliterators$ArraySpliterator.forEachRemaining(Spliterators.java:992)
java.base/java.util.stream.AbstractPipeline.copyInto(AbstractPipeline.java:509)
java.base/java.util.stream.AbstractPipeline.wrapAndCopyInto(AbstractPipeline.java:499)
java.base/java.util.stream.ForEachOps$ForEachOp.evaluateSequential(ForEachOps.java:150)
java.base/java.util.stream.ForEachOps$ForEachOp$OfRef.evaluateSequential(ForEachOps.java:173)
java.base/java.util.stream.AbstractPipeline.evaluate(AbstractPipeline.java:234)
java.base/java.util.stream.ReferencePipeline.forEach(ReferencePipeline.java:596)
java.base/java.util.stream.ReferencePipeline$7$1.accept(ReferencePipeline.java:276)
java.base/java.util.stream.ReferencePipeline$3$1.accept(ReferencePipeline.java:197)
java.base/java.util.stream.ReferencePipeline$3$1.accept(ReferencePipeline.java:197)
java.base/java.util.stream.ReferencePipeline$3$1.accept(ReferencePipeline.java:197)
java.base/java.util.ArrayList$ArrayListSpliterator.forEachRemaining(ArrayList.java:1625)
java.base/java.util.stream.AbstractPipeline.copyInto(AbstractPipeline.java:509)
java.base/java.util.stream.AbstractPipeline.wrapAndCopyInto(AbstractPipeline.java:499)
java.base/java.util.stream.ForEachOps$ForEachOp.evaluateSequential(ForEachOps.java:150)
java.base/java.util.stream.ForEachOps$ForEachOp$OfRef.evaluateSequential(ForEachOps.java:173)
java.base/java.util.stream.AbstractPipeline.evaluate(AbstractPipeline.java:234)
java.base/java.util.stream.ReferencePipeline.forEach(ReferencePipeline.java:596)
java.base/java.util.stream.ReferencePipeline$7$1.accept(ReferencePipeline.java:276)
java.base/java.util.ArrayList$ArrayListSpliterator.forEachRemaining(ArrayList.java:1625)
java.base/java.util.stream.AbstractPipeline.copyInto(AbstractPipeline.java:509)
java.base/java.util.stream.AbstractPipeline.wrapAndCopyInto(AbstractPipeline.java:499)
java.base/java.util.stream.ForEachOps$ForEachOp.evaluateSequential(ForEachOps.java:150)
java.base/java.util.stream.ForEachOps$ForEachOp$OfRef.evaluateSequential(ForEachOps.java:173)
java.base/java.util.stream.AbstractPipeline.evaluate(AbstractPipeline.java:234)
java.base/java.util.stream.ReferencePipeline.forEach(ReferencePipeline.java:596)
org.junit.jupiter.engine.descriptor.TestTemplateTestDescriptor.execute(TestTemplateTestDescriptor.java:110)
org.junit.jupiter.engine.descriptor.TestTemplateTestDescriptor.execute(TestTemplateTestDescriptor.java:44)
org.junit.platform.engine.support.hierarchical.NodeTestTask.lambda$executeRecursively$6(NodeTestTask.java:151)
org.junit.platform.engine.support.hierarchical.ThrowableCollector.execute(ThrowableCollector.java:73)
org.junit.platform.engine.support.hierarchical.NodeTestTask.lambda$executeRecursively$8(NodeTestTask.java:141)
org.junit.platform.engine.support.hierarchical.Node.around(Node.java:137)
org.junit.platform.engine.support.hierarchical.NodeTestTask.lambda$executeRecursively$9(NodeTestTask.java:139)
org.junit.platform.engine.support.hierarchical.ThrowableCollector.execute(ThrowableCollector.java:73)
org.junit.platform.engine.support.hierarchical.NodeTestTask.executeRecursively(NodeTestTask.java:138)
org.junit.platform.engine.support.hierarchical.NodeTestTask.execute(NodeTestTask.java:95)
java.base/java.util.ArrayList.forEach(ArrayList.java:1511)
org.junit.platform.engine.support.hierarchical.SameThreadHierarchicalTestExecutorService.invokeAll(SameThreadHierarchicalTestExecutorService.java:41)
org.junit.platform.engine.support.hierarchical.NodeTestTask.lambda$executeRecursively$6(NodeTestTask.java:155)
org.junit.platform.engine.support.hierarchical.ThrowableCollector.execute(ThrowableCollector.java:73)
org.junit.platform.engine.support.hierarchical.NodeTestTask.lambda$executeRecursively$8(NodeTestTask.java:141)
org.junit.platform.engine.support.hierarchical.Node.around(Node.java:137)
org.junit.platform.engine.support.hierarchical.NodeTestTask.lambda$executeRecursively$9(NodeTestTask.java:139)
org.junit.platform.engine.support.hierarchical.ThrowableCollector.execute(ThrowableCollector.java:73)
org.junit.platform.engine.support.hierarchical.NodeTestTask.executeRecursively(NodeTestTask.java:138)
org.junit.platform.engine.support.hierarchical.NodeTestTask.execute(NodeTestTask.java:95)
java.base/java.util.ArrayList.forEach(ArrayList.java:1511)
org.junit.platform.engine.support.hierarchical.SameThreadHierarchicalTestExecutorService.invokeAll(SameThreadHierarchicalTestExecutorService.java:41)
org.junit.platform.engine.support.hierarchical.NodeTestTask.lambda$executeRecursively$6(NodeTestTask.java:155)
org.junit.platform.engine.support.hierarchical.ThrowableCollector.execute(ThrowableCollector.java:73)
org.junit.platform.engine.support.hierarchical.NodeTestTask.lambda$executeRecursively$8(NodeTestTask.java:141)
org.junit.platform.engine.support.hierarchical.Node.around(Node.java:137)
org.junit.platform.engine.support.hierarchical.NodeTestTask.lambda$executeRecursively$9(NodeTestTask.java:139)
org.junit.platform.engine.support.hierarchical.ThrowableCollector.execute(ThrowableCollector.java:73)
org.junit.platform.engine.support.hierarchical.NodeTestTask.executeRecursively(NodeTestTask.java:138)
org.junit.platform.engine.support.hierarchical.NodeTestTask.execute(NodeTestTask.java:95)
org.junit.platform.engine.support.hierarchical.SameThreadHierarchicalTestExecutorService.submit(SameThreadHierarchicalTestExecutorService.java:35)
org.junit.platform.engine.support.hierarchical.HierarchicalTestExecutor.execute(HierarchicalTestExecutor.java:57)
org.junit.platform.engine.support.hierarchical.HierarchicalTestEngine.execute(HierarchicalTestEngine.java:54)
org.junit.platform.launcher.core.EngineExecutionOrchestrator.execute(EngineExecutionOrchestrator.java:198)
org.junit.platform.launcher.core.EngineExecutionOrchestrator.execute(EngineExecutionOrchestrator.java:169)
org.junit.platform.launcher.core.EngineExecutionOrchestrator.execute(EngineExecutionOrchestrator.java:93)
org.junit.platform.launcher.core.EngineExecutionOrchestrator.lambda$execute$0(EngineExecutionOrchestrator.java:58)
org.junit.platform.launcher.core.EngineExecutionOrchestrator.withInterceptedStreams(EngineExecutionOrchestrator.java:141)
org.junit.platform.launcher.core.EngineExecutionOrchestrator.execute(EngineExecutionOrchestrator.java:57)
org.junit.platform.launcher.core.DefaultLauncher.execute(DefaultLauncher.java:103)
org.junit.platform.launcher.core.DefaultLauncher.execute(DefaultLauncher.java:85)
org.junit.platform.launcher.core.DelegatingLauncher.execute(DelegatingLauncher.java:47)
org.junit.platform.launcher.core.SessionPerRequestLauncher.execute(SessionPerRequestLauncher.java:63)
org.apache.maven.surefire.junitplatform.JUnitPlatformProvider.invokeAllTests(JUnitPlatformProvider.java:154)
org.apache.maven.surefire.junitplatform.JUnitPlatformProvider.invoke(JUnitPlatformProvider.java:123)
org.apache.maven.surefire.booter.ForkedBooter.runSuitesInProcess(ForkedBooter.java:377)
org.apache.maven.surefire.booter.ForkedBooter.execute(ForkedBooter.java:138)
org.apache.maven.surefire.booter.ForkedBooter.run(ForkedBooter.java:465)
org.apache.maven.surefire.booter.ForkedBooter.main(ForkedBooter.java:451)

2024-08-10 09:46:42,876 [Finalizer] WARN  db.CodecBuffer (CodecBuffer.java:detectLeaks(279)) - LEAK 3: [0<=0<=100: ], refCnt=1, capacity=100 allocation:
org.apache.hadoop.hdds.utils.db.CodecBuffer.<init>(CodecBuffer.java:54)
org.apache.hadoop.hdds.utils.db.CodecBuffer$LeakDetector$1.<init>(CodecBuffer.java:78)
org.apache.hadoop.hdds.utils.db.CodecBuffer$LeakDetector.newCodecBuffer(CodecBuffer.java:78)
org.apache.hadoop.hdds.utils.db.CodecBuffer$Factory.newCodecBuffer(CodecBuffer.java:71)
org.apache.hadoop.hdds.utils.db.CodecBuffer$Factory.newCodecBuffer(CodecBuffer.java:67)
org.apache.hadoop.hdds.utils.db.CodecBuffer.allocate(CodecBuffer.java:196)
org.apache.hadoop.hdds.utils.db.CodecBuffer.allocateDirect(CodecBuffer.java:204)
org.apache.hadoop.ozone.common.ChunkBuffer.allocate(ChunkBuffer.java:54)
org.apache.hadoop.hdds.scm.storage.BufferPool.allocateBuffer(BufferPool.java:102)
org.apache.hadoop.hdds.scm.storage.BlockOutputStream.allocateNewBufferIfNeeded(BlockOutputStream.java:382)
org.apache.hadoop.hdds.scm.storage.BlockOutputStream.write(BlockOutputStream.java:338)
org.apache.hadoop.ozone.client.io.BlockOutputStreamEntry.write(BlockOutputStreamEntry.java:138)
org.apache.hadoop.ozone.client.io.KeyOutputStream.writeToOutputStream(KeyOutputStream.java:258)
org.apache.hadoop.ozone.client.io.KeyOutputStream.handleWrite(KeyOutputStream.java:236)
org.apache.hadoop.ozone.client.io.KeyOutputStream.write(KeyOutputStream.java:215)
org.apache.hadoop.ozone.client.io.OzoneOutputStream.write(OzoneOutputStream.java:94)
java.base/java.io.OutputStream.write(OutputStream.java:127)
org.apache.hadoop.ozone.client.rpc.TestBlockOutputStreamWithFailures.testWriteMoreThanMaxFlushSize(TestBlockOutputStreamWithFailures.java:378)
org.apache.hadoop.ozone.client.rpc.TestBlockOutputStreamWithFailures.testContainerClose(TestBlockOutputStreamWithFailures.java:101)
java.base/jdk.internal.reflect.NativeMethodAccessorImpl.invoke0(Native Method)
java.base/jdk.internal.reflect.NativeMethodAccessorImpl.invoke(NativeMethodAccessorImpl.java:77)
java.base/jdk.internal.reflect.DelegatingMethodAccessorImpl.invoke(DelegatingMethodAccessorImpl.java:43)
java.base/java.lang.reflect.Method.invoke(Method.java:569)
org.junit.platform.commons.util.ReflectionUtils.invokeMethod(ReflectionUtils.java:728)
org.junit.jupiter.engine.execution.MethodInvocation.proceed(MethodInvocation.java:60)
org.junit.jupiter.engine.execution.InvocationInterceptorChain$ValidatingInvocation.proceed(InvocationInterceptorChain.java:131)
org.junit.jupiter.engine.extension.SameThreadTimeoutInvocation.proceed(SameThreadTimeoutInvocation.java:45)
org.junit.jupiter.engine.extension.TimeoutExtension.intercept(TimeoutExtension.java:156)
org.junit.jupiter.engine.extension.TimeoutExtension.interceptTestableMethod(TimeoutExtension.java:147)
org.junit.jupiter.engine.extension.TimeoutExtension.interceptTestTemplateMethod(TimeoutExtension.java:94)
org.junit.jupiter.engine.execution.InterceptingExecutableInvoker$ReflectiveInterceptorCall.lambda$ofVoidMethod$0(InterceptingExecutableInvoker.java:103)
org.junit.jupiter.engine.execution.InterceptingExecutableInvoker.lambda$invoke$0(InterceptingExecutableInvoker.java:93)
org.junit.jupiter.engine.execution.InvocationInterceptorChain$InterceptedInvocation.proceed(InvocationInterceptorChain.java:106)
org.junit.jupiter.engine.execution.InvocationInterceptorChain.proceed(InvocationInterceptorChain.java:64)
org.junit.jupiter.engine.execution.InvocationInterceptorChain.chainAndInvoke(InvocationInterceptorChain.java:45)
org.junit.jupiter.engine.execution.InvocationInterceptorChain.invoke(InvocationInterceptorChain.java:37)
org.junit.jupiter.engine.execution.InterceptingExecutableInvoker.invoke(InterceptingExecutableInvoker.java:92)
org.junit.jupiter.engine.execution.InterceptingExecutableInvoker.invoke(InterceptingExecutableInvoker.java:86)
org.junit.jupiter.engine.descriptor.TestMethodTestDescriptor.lambda$invokeTestMethod$7(TestMethodTestDescriptor.java:218)
org.junit.platform.engine.support.hierarchical.ThrowableCollector.execute(ThrowableCollector.java:73)
org.junit.jupiter.engine.descriptor.TestMethodTestDescriptor.invokeTestMethod(TestMethodTestDescriptor.java:214)
org.junit.jupiter.engine.descriptor.TestMethodTestDescriptor.execute(TestMethodTestDescriptor.java:139)
org.junit.jupiter.engine.descriptor.TestMethodTestDescriptor.execute(TestMethodTestDescriptor.java:69)
org.junit.platform.engine.support.hierarchical.NodeTestTask.lambda$executeRecursively$6(NodeTestTask.java:151)
org.junit.platform.engine.support.hierarchical.ThrowableCollector.execute(ThrowableCollector.java:73)
org.junit.platform.engine.support.hierarchical.NodeTestTask.lambda$executeRecursively$8(NodeTestTask.java:141)
org.junit.platform.engine.support.hierarchical.Node.around(Node.java:137)
org.junit.platform.engine.support.hierarchical.NodeTestTask.lambda$executeRecursively$9(NodeTestTask.java:139)
org.junit.platform.engine.support.hierarchical.ThrowableCollector.execute(ThrowableCollector.java:73)
org.junit.platform.engine.support.hierarchical.NodeTestTask.executeRecursively(NodeTestTask.java:138)
org.junit.platform.engine.support.hierarchical.NodeTestTask.execute(NodeTestTask.java:95)
org.junit.platform.engine.support.hierarchical.SameThreadHierarchicalTestExecutorService.submit(SameThreadHierarchicalTestExecutorService.java:35)
org.junit.platform.engine.support.hierarchical.NodeTestTask$DefaultDynamicTestExecutor.execute(NodeTestTask.java:226)
org.junit.platform.engine.support.hierarchical.NodeTestTask$DefaultDynamicTestExecutor.execute(NodeTestTask.java:204)
org.junit.jupiter.engine.descriptor.TestTemplateTestDescriptor.execute(TestTemplateTestDescriptor.java:142)
org.junit.jupiter.engine.descriptor.TestTemplateTestDescriptor.lambda$execute$2(TestTemplateTestDescriptor.java:110)
java.base/java.util.stream.ForEachOps$ForEachOp$OfRef.accept(ForEachOps.java:183)
java.base/java.util.stream.ReferencePipeline$3$1.accept(ReferencePipeline.java:197)
java.base/java.util.stream.ReferencePipeline$2$1.accept(ReferencePipeline.java:179)
java.base/java.util.stream.ReferencePipeline$3$1.accept(ReferencePipeline.java:197)
java.base/java.util.stream.ForEachOps$ForEachOp$OfRef.accept(ForEachOps.java:183)
java.base/java.util.stream.ReferencePipeline$3$1.accept(ReferencePipeline.java:197)
java.base/java.util.stream.ReferencePipeline$3$1.accept(ReferencePipeline.java:197)
java.base/java.util.stream.ReferencePipeline$3$1.accept(ReferencePipeline.java:197)
java.base/java.util.stream.ForEachOps$ForEachOp$OfRef.accept(ForEachOps.java:183)
java.base/java.util.stream.ReferencePipeline$3$1.accept(ReferencePipeline.java:197)
java.base/java.util.Spliterators$ArraySpliterator.forEachRemaining(Spliterators.java:992)
java.base/java.util.stream.ReferencePipeline$Head.forEach(ReferencePipeline.java:762)
java.base/java.util.stream.ReferencePipeline$7$1.accept(ReferencePipeline.java:276)
java.base/java.util.stream.ReferencePipeline$3$1.accept(ReferencePipeline.java:197)
java.base/java.util.stream.ReferencePipeline$3$1.accept(ReferencePipeline.java:197)
java.base/java.util.stream.ReferencePipeline$3$1.accept(ReferencePipeline.java:197)
java.base/java.util.Spliterators$ArraySpliterator.forEachRemaining(Spliterators.java:992)
java.base/java.util.stream.AbstractPipeline.copyInto(AbstractPipeline.java:509)
java.base/java.util.stream.AbstractPipeline.wrapAndCopyInto(AbstractPipeline.java:499)
java.base/java.util.stream.ForEachOps$ForEachOp.evaluateSequential(ForEachOps.java:150)
java.base/java.util.stream.ForEachOps$ForEachOp$OfRef.evaluateSequential(ForEachOps.java:173)
java.base/java.util.stream.AbstractPipeline.evaluate(AbstractPipeline.java:234)
java.base/java.util.stream.ReferencePipeline.forEach(ReferencePipeline.java:596)
java.base/java.util.stream.ReferencePipeline$7$1.accept(ReferencePipeline.java:276)
java.base/java.util.stream.ReferencePipeline$3$1.accept(ReferencePipeline.java:197)
java.base/java.util.stream.ReferencePipeline$3$1.accept(ReferencePipeline.java:197)
java.base/java.util.stream.ReferencePipeline$3$1.accept(ReferencePipeline.java:197)
java.base/java.util.ArrayList$ArrayListSpliterator.forEachRemaining(ArrayList.java:1625)
java.base/java.util.stream.AbstractPipeline.copyInto(AbstractPipeline.java:509)
java.base/java.util.stream.AbstractPipeline.wrapAndCopyInto(AbstractPipeline.java:499)
java.base/java.util.stream.ForEachOps$ForEachOp.evaluateSequential(ForEachOps.java:150)
java.base/java.util.stream.ForEachOps$ForEachOp$OfRef.evaluateSequential(ForEachOps.java:173)
java.base/java.util.stream.AbstractPipeline.evaluate(AbstractPipeline.java:234)
java.base/java.util.stream.ReferencePipeline.forEach(ReferencePipeline.java:596)
java.base/java.util.stream.ReferencePipeline$7$1.accept(ReferencePipeline.java:276)
java.base/java.util.ArrayList$ArrayListSpliterator.forEachRemaining(ArrayList.java:1625)
java.base/java.util.stream.AbstractPipeline.copyInto(AbstractPipeline.java:509)
java.base/java.util.stream.AbstractPipeline.wrapAndCopyInto(AbstractPipeline.java:499)
java.base/java.util.stream.ForEachOps$ForEachOp.evaluateSequential(ForEachOps.java:150)
java.base/java.util.stream.ForEachOps$ForEachOp$OfRef.evaluateSequential(ForEachOps.java:173)
java.base/java.util.stream.AbstractPipeline.evaluate(AbstractPipeline.java:234)
java.base/java.util.stream.ReferencePipeline.forEach(ReferencePipeline.java:596)
org.junit.jupiter.engine.descriptor.TestTemplateTestDescriptor.execute(TestTemplateTestDescriptor.java:110)
org.junit.jupiter.engine.descriptor.TestTemplateTestDescriptor.execute(TestTemplateTestDescriptor.java:44)
org.junit.platform.engine.support.hierarchical.NodeTestTask.lambda$executeRecursively$6(NodeTestTask.java:151)
org.junit.platform.engine.support.hierarchical.ThrowableCollector.execute(ThrowableCollector.java:73)
org.junit.platform.engine.support.hierarchical.NodeTestTask.lambda$executeRecursively$8(NodeTestTask.java:141)
org.junit.platform.engine.support.hierarchical.Node.around(Node.java:137)
org.junit.platform.engine.support.hierarchical.NodeTestTask.lambda$executeRecursively$9(NodeTestTask.java:139)
org.junit.platform.engine.support.hierarchical.ThrowableCollector.execute(ThrowableCollector.java:73)
org.junit.platform.engine.support.hierarchical.NodeTestTask.executeRecursively(NodeTestTask.java:138)
org.junit.platform.engine.support.hierarchical.NodeTestTask.execute(NodeTestTask.java:95)
java.base/java.util.ArrayList.forEach(ArrayList.java:1511)
org.junit.platform.engine.support.hierarchical.SameThreadHierarchicalTestExecutorService.invokeAll(SameThreadHierarchicalTestExecutorService.java:41)
org.junit.platform.engine.support.hierarchical.NodeTestTask.lambda$executeRecursively$6(NodeTestTask.java:155)
org.junit.platform.engine.support.hierarchical.ThrowableCollector.execute(ThrowableCollector.java:73)
org.junit.platform.engine.support.hierarchical.NodeTestTask.lambda$executeRecursively$8(NodeTestTask.java:141)
org.junit.platform.engine.support.hierarchical.Node.around(Node.java:137)
org.junit.platform.engine.support.hierarchical.NodeTestTask.lambda$executeRecursively$9(NodeTestTask.java:139)
org.junit.platform.engine.support.hierarchical.ThrowableCollector.execute(ThrowableCollector.java:73)
org.junit.platform.engine.support.hierarchical.NodeTestTask.executeRecursively(NodeTestTask.java:138)
org.junit.platform.engine.support.hierarchical.NodeTestTask.execute(NodeTestTask.java:95)
java.base/java.util.ArrayList.forEach(ArrayList.java:1511)
org.junit.platform.engine.support.hierarchical.SameThreadHierarchicalTestExecutorService.invokeAll(SameThreadHierarchicalTestExecutorService.java:41)
org.junit.platform.engine.support.hierarchical.NodeTestTask.lambda$executeRecursively$6(NodeTestTask.java:155)
org.junit.platform.engine.support.hierarchical.ThrowableCollector.execute(ThrowableCollector.java:73)
org.junit.platform.engine.support.hierarchical.NodeTestTask.lambda$executeRecursively$8(NodeTestTask.java:141)
org.junit.platform.engine.support.hierarchical.Node.around(Node.java:137)
org.junit.platform.engine.support.hierarchical.NodeTestTask.lambda$executeRecursively$9(NodeTestTask.java:139)
org.junit.platform.engine.support.hierarchical.ThrowableCollector.execute(ThrowableCollector.java:73)
org.junit.platform.engine.support.hierarchical.NodeTestTask.executeRecursively(NodeTestTask.java:138)
org.junit.platform.engine.support.hierarchical.NodeTestTask.execute(NodeTestTask.java:95)
org.junit.platform.engine.support.hierarchical.SameThreadHierarchicalTestExecutorService.submit(SameThreadHierarchicalTestExecutorService.java:35)
org.junit.platform.engine.support.hierarchical.HierarchicalTestExecutor.execute(HierarchicalTestExecutor.java:57)
org.junit.platform.engine.support.hierarchical.HierarchicalTestEngine.execute(HierarchicalTestEngine.java:54)
org.junit.platform.launcher.core.EngineExecutionOrchestrator.execute(EngineExecutionOrchestrator.java:198)
org.junit.platform.launcher.core.EngineExecutionOrchestrator.execute(EngineExecutionOrchestrator.java:169)
org.junit.platform.launcher.core.EngineExecutionOrchestrator.execute(EngineExecutionOrchestrator.java:93)
org.junit.platform.launcher.core.EngineExecutionOrchestrator.lambda$execute$0(EngineExecutionOrchestrator.java:58)
org.junit.platform.launcher.core.EngineExecutionOrchestrator.withInterceptedStreams(EngineExecutionOrchestrator.java:141)
org.junit.platform.launcher.core.EngineExecutionOrchestrator.execute(EngineExecutionOrchestrator.java:57)
org.junit.platform.launcher.core.DefaultLauncher.execute(DefaultLauncher.java:103)
org.junit.platform.launcher.core.DefaultLauncher.execute(DefaultLauncher.java:85)
org.junit.platform.launcher.core.DelegatingLauncher.execute(DelegatingLauncher.java:47)
org.junit.platform.launcher.core.SessionPerRequestLauncher.execute(SessionPerRequestLauncher.java:63)
org.apache.maven.surefire.junitplatform.JUnitPlatformProvider.invokeAllTests(JUnitPlatformProvider.java:154)
org.apache.maven.surefire.junitplatform.JUnitPlatformProvider.invoke(JUnitPlatformProvider.java:123)
org.apache.maven.surefire.booter.ForkedBooter.runSuitesInProcess(ForkedBooter.java:377)
org.apache.maven.surefire.booter.ForkedBooter.execute(ForkedBooter.java:138)
org.apache.maven.surefire.booter.ForkedBooter.run(ForkedBooter.java:465)
org.apache.maven.surefire.booter.ForkedBooter.main(ForkedBooter.java:451)

]]></system-out>
  </testcase>
  <testcase name="testContainerClose(boolean, boolean)[4]" classname="org.apache.hadoop.ozone.client.rpc.TestBlockOutputStreamWithFailures" time="29.7">
    <failure type="java.lang.AssertionError"><![CDATA[java.lang.AssertionError: Found 3 leaked objects, check logs
	at org.apache.hadoop.hdds.utils.db.CodecBuffer.assertNoLeaks(CodecBuffer.java:232)
	at org.apache.hadoop.hdds.utils.db.CodecTestUtil.gc(CodecTestUtil.java:54)
	at org.apache.hadoop.ozone.MiniOzoneClusterImpl.shutdown(MiniOzoneClusterImpl.java:411)
	at org.apache.hadoop.ozone.client.rpc.TestBlockOutputStreamWithFailures.shutdown(TestBlockOutputStreamWithFailures.java:81)
	at java.base/java.lang.reflect.Method.invoke(Method.java:569)
	at java.base/java.util.stream.ForEachOps$ForEachOp$OfRef.accept(ForEachOps.java:183)
	at java.base/java.util.stream.ReferencePipeline$3$1.accept(ReferencePipeline.java:197)
	at java.base/java.util.stream.ReferencePipeline$2$1.accept(ReferencePipeline.java:179)
	at java.base/java.util.stream.ReferencePipeline$3$1.accept(ReferencePipeline.java:197)
	at java.base/java.util.stream.ForEachOps$ForEachOp$OfRef.accept(ForEachOps.java:183)
	at java.base/java.util.stream.ReferencePipeline$3$1.accept(ReferencePipeline.java:197)
	at java.base/java.util.stream.ReferencePipeline$3$1.accept(ReferencePipeline.java:197)
	at java.base/java.util.stream.ReferencePipeline$3$1.accept(ReferencePipeline.java:197)
	at java.base/java.util.stream.ForEachOps$ForEachOp$OfRef.accept(ForEachOps.java:183)
	at java.base/java.util.stream.ReferencePipeline$3$1.accept(ReferencePipeline.java:197)
	at java.base/java.util.Spliterators$ArraySpliterator.forEachRemaining(Spliterators.java:992)
	at java.base/java.util.stream.ReferencePipeline$Head.forEach(ReferencePipeline.java:762)
	at java.base/java.util.stream.ReferencePipeline$7$1.accept(ReferencePipeline.java:276)
	at java.base/java.util.stream.ReferencePipeline$3$1.accept(ReferencePipeline.java:197)
	at java.base/java.util.stream.ReferencePipeline$3$1.accept(ReferencePipeline.java:197)
	at java.base/java.util.stream.ReferencePipeline$3$1.accept(ReferencePipeline.java:197)
	at java.base/java.util.Spliterators$ArraySpliterator.forEachRemaining(Spliterators.java:992)
	at java.base/java.util.stream.AbstractPipeline.copyInto(AbstractPipeline.java:509)
	at java.base/java.util.stream.AbstractPipeline.wrapAndCopyInto(AbstractPipeline.java:499)
	at java.base/java.util.stream.ForEachOps$ForEachOp.evaluateSequential(ForEachOps.java:150)
	at java.base/java.util.stream.ForEachOps$ForEachOp$OfRef.evaluateSequential(ForEachOps.java:173)
	at java.base/java.util.stream.AbstractPipeline.evaluate(AbstractPipeline.java:234)
	at java.base/java.util.stream.ReferencePipeline.forEach(ReferencePipeline.java:596)
	at java.base/java.util.stream.ReferencePipeline$7$1.accept(ReferencePipeline.java:276)
	at java.base/java.util.stream.ReferencePipeline$3$1.accept(ReferencePipeline.java:197)
	at java.base/java.util.stream.ReferencePipeline$3$1.accept(ReferencePipeline.java:197)
	at java.base/java.util.stream.ReferencePipeline$3$1.accept(ReferencePipeline.java:197)
	at java.base/java.util.ArrayList$ArrayListSpliterator.forEachRemaining(ArrayList.java:1625)
	at java.base/java.util.stream.AbstractPipeline.copyInto(AbstractPipeline.java:509)
	at java.base/java.util.stream.AbstractPipeline.wrapAndCopyInto(AbstractPipeline.java:499)
	at java.base/java.util.stream.ForEachOps$ForEachOp.evaluateSequential(ForEachOps.java:150)
	at java.base/java.util.stream.ForEachOps$ForEachOp$OfRef.evaluateSequential(ForEachOps.java:173)
	at java.base/java.util.stream.AbstractPipeline.evaluate(AbstractPipeline.java:234)
	at java.base/java.util.stream.ReferencePipeline.forEach(ReferencePipeline.java:596)
	at java.base/java.util.stream.ReferencePipeline$7$1.accept(ReferencePipeline.java:276)
	at java.base/java.util.ArrayList$ArrayListSpliterator.forEachRemaining(ArrayList.java:1625)
	at java.base/java.util.stream.AbstractPipeline.copyInto(AbstractPipeline.java:509)
	at java.base/java.util.stream.AbstractPipeline.wrapAndCopyInto(AbstractPipeline.java:499)
	at java.base/java.util.stream.ForEachOps$ForEachOp.evaluateSequential(ForEachOps.java:150)
	at java.base/java.util.stream.ForEachOps$ForEachOp$OfRef.evaluateSequential(ForEachOps.java:173)
	at java.base/java.util.stream.AbstractPipeline.evaluate(AbstractPipeline.java:234)
	at java.base/java.util.stream.ReferencePipeline.forEach(ReferencePipeline.java:596)
	at java.base/java.util.ArrayList.forEach(ArrayList.java:1511)
	at java.base/java.util.ArrayList.forEach(ArrayList.java:1511)
]]></failure>
    <system-out><![CDATA[2024-08-10 09:46:43,004 [main] WARN  server.ServerUtils (ServerUtils.java:getScmDbDir(143)) - ozone.scm.db.dirs is not configured. We recommend adding this setting. Falling back to ozone.metadata.dirs instead.
2024-08-10 09:46:43,006 [main] WARN  server.ServerUtils (ServerUtils.java:getScmDbDir(143)) - ozone.scm.db.dirs is not configured. We recommend adding this setting. Falling back to ozone.metadata.dirs instead.
2024-08-10 09:46:43,006 [main] INFO  ha.SCMHANodeDetails (SCMHANodeDetails.java:loadSCMHAConfig(207)) - ServiceID for StorageContainerManager is null
2024-08-10 09:46:43,006 [main] INFO  ha.SCMHANodeDetails (SCMHANodeDetails.java:loadSCMHAConfig(212)) - ozone.scm.default.service.id is not defined, falling back to ozone.scm.service.ids to find serviceID for StorageContainerManager if it is HA enabled cluster
2024-08-10 09:46:43,007 [main] WARN  utils.HAUtils (HAUtils.java:getMetaDir(339)) - ozone.scm.db.dirs is not configured. We recommend adding this setting. Falling back to ozone.metadata.dirs instead.
2024-08-10 09:46:43,007 [main] WARN  db.DBStoreBuilder (DBStoreBuilder.java:applyDBDefinition(171)) - ozone.scm.db.dirs is not configured. We recommend adding this setting. Falling back to ozone.metadata.dirs instead.
2024-08-10 09:46:43,067 [main] INFO  net.NodeSchemaLoader (NodeSchemaLoader.java:loadSchemaFromFile(129)) - Loading schema from [jar:file:/home/runner/work/ozone/ozone/hadoop-hdds/common/target/hdds-common-1.5.0-SNAPSHOT.jar!/network-topology-default.xml]
2024-08-10 09:46:43,068 [main] INFO  net.NodeSchemaLoader (NodeSchemaLoader.java:loadSchema(176)) - Loading network topology layer schema file
2024-08-10 09:46:43,069 [main] WARN  dropwizard3.Dm3MetricRegistriesImpl (Dm3MetricRegistriesImpl.java:addReporterRegistration(114)) - New reporters are added after registries were created. Some metrics will be missing from the reporter. Please add reporter before adding any new registry.
2024-08-10 09:46:43,069 [main] WARN  dropwizard3.Dm3MetricRegistriesImpl (Dm3MetricRegistriesImpl.java:addReporterRegistration(114)) - New reporters are added after registries were created. Some metrics will be missing from the reporter. Please add reporter before adding any new registry.
2024-08-10 09:46:43,069 [main] INFO  upgrade.AbstractLayoutVersionManager (AbstractLayoutVersionManager.java:init(83)) - Initializing Layout version manager with metadata layout = HBASE_SUPPORT (version = 8), software layout = HBASE_SUPPORT (version = 8)
2024-08-10 09:46:43,071 [main] INFO  ha.SequenceIdGenerator (SequenceIdGenerator.java:upgradeToSequenceId(369)) - upgrade localId to 113750153625600000
2024-08-10 09:46:43,071 [main] INFO  ha.SequenceIdGenerator (SequenceIdGenerator.java:upgradeToSequenceId(379)) - upgrade delTxnId to 0
2024-08-10 09:46:43,072 [main] INFO  ha.SequenceIdGenerator (SequenceIdGenerator.java:upgradeToSequenceId(396)) - upgrade containerId to 0
2024-08-10 09:46:43,073 [main] INFO  ha.SequenceIdGenerator (SequenceIdGenerator.java:upgradeToCertificateSequenceId(433)) - upgrade CertificateId to 2
2024-08-10 09:46:43,073 [main] INFO  ha.SequenceIdGenerator (SequenceIdGenerator.java:<init>(240)) - Init the HA SequenceIdGenerator.
2024-08-10 09:46:43,073 [main] INFO  node.SCMNodeManager (SCMNodeManager.java:<init>(178)) - Entering startup safe mode.
2024-08-10 09:46:43,074 [main] INFO  algorithms.ContainerPlacementPolicyFactory (ContainerPlacementPolicyFactory.java:getPolicyInternal(86)) - Create container placement policy of type org.apache.hadoop.hdds.scm.container.placement.algorithms.SCMContainerPlacementRackAware
2024-08-10 09:46:43,074 [main] INFO  algorithms.ContainerPlacementPolicyFactory (ContainerPlacementPolicyFactory.java:getPolicyInternal(86)) - Create container placement policy of type org.apache.hadoop.hdds.scm.container.placement.algorithms.SCMContainerPlacementRackScatter
2024-08-10 09:46:43,074 [main] INFO  pipeline.PipelineStateManagerImpl (PipelineStateManagerImpl.java:initialize(78)) - No pipeline exists in current db
2024-08-10 09:46:43,075 [main] INFO  algorithms.LeaderChoosePolicyFactory (LeaderChoosePolicyFactory.java:getPolicy(57)) - Create leader choose policy of type org.apache.hadoop.hdds.scm.pipeline.leader.choose.algorithms.MinLeaderCountChoosePolicy
2024-08-10 09:46:43,075 [main] INFO  algorithms.ContainerPlacementPolicyFactory (ContainerPlacementPolicyFactory.java:getPolicyInternal(86)) - Create container placement policy of type org.apache.hadoop.hdds.scm.container.placement.algorithms.SCMContainerPlacementRackScatter
2024-08-10 09:46:43,075 [main] INFO  ha.SCMServiceManager (SCMServiceManager.java:register(42)) - Registering service BackgroundPipelineCreator.
2024-08-10 09:46:43,075 [main] INFO  pipeline.BackgroundPipelineCreator (BackgroundPipelineCreator.java:start(127)) - Starting RatisPipelineUtilsThread.
2024-08-10 09:46:43,075 [main] INFO  BackgroundPipelineScrubber (BackgroundSCMService.java:start(65)) - Starting BackgroundPipelineScrubber Service.
2024-08-10 09:46:43,076 [main] INFO  ha.SCMServiceManager (SCMServiceManager.java:register(42)) - Registering service BackgroundPipelineScrubber.
2024-08-10 09:46:43,076 [main] INFO  ExpiredContainerReplicaOpScrubber (BackgroundSCMService.java:start(65)) - Starting ExpiredContainerReplicaOpScrubber Service.
2024-08-10 09:46:43,076 [main] INFO  ha.SCMServiceManager (SCMServiceManager.java:register(42)) - Registering service ExpiredContainerReplicaOpScrubber.
2024-08-10 09:46:43,077 [main] INFO  algorithms.PipelineChoosePolicyFactory (PipelineChoosePolicyFactory.java:createPipelineChoosePolicyFromClass(80)) - Create pipeline choose policy of type org.apache.hadoop.hdds.scm.pipeline.choose.algorithms.RandomPipelineChoosePolicy
2024-08-10 09:46:43,077 [main] INFO  algorithms.PipelineChoosePolicyFactory (PipelineChoosePolicyFactory.java:createPipelineChoosePolicyFromClass(80)) - Create pipeline choose policy of type org.apache.hadoop.hdds.scm.pipeline.choose.algorithms.RandomPipelineChoosePolicy
2024-08-10 09:46:43,078 [main] INFO  ha.SCMServiceManager (SCMServiceManager.java:register(42)) - Registering service SCMBlockDeletingService.
2024-08-10 09:46:43,078 [main] INFO  replication.ReplicationManager (ReplicationManager.java:start(296)) - Starting Replication Monitor Thread.
2024-08-10 09:46:43,079 [ReplicationMonitor] INFO  replication.ReplicationManager (ReplicationManager.java:processAll(373)) - Replication Manager is not ready to run until 3000ms after safemode exit
2024-08-10 09:46:43,079 [main] INFO  ha.SCMServiceManager (SCMServiceManager.java:register(42)) - Registering service ReplicationManager.
2024-08-10 09:46:43,079 [main] INFO  safemode.ContainerSafeModeRule (ContainerSafeModeRule.java:<init>(91)) - containers with one replica threshold count 0
2024-08-10 09:46:43,080 [main] INFO  safemode.HealthyPipelineSafeModeRule (HealthyPipelineSafeModeRule.java:initializeRule(176)) - Total pipeline count is 0, healthy pipeline threshold count is 1
2024-08-10 09:46:43,080 [main] INFO  safemode.OneReplicaPipelineSafeModeRule (OneReplicaPipelineSafeModeRule.java:initializeRule(193)) - Total pipeline count is 0, pipeline's with at least one datanode reported threshold count is 0
2024-08-10 09:46:43,080 [main] INFO  server.StorageContainerManager (StorageContainerManager.java:<init>(442)) - SCM start with adminUsers: [runner]
2024-08-10 09:46:43,081 [main] INFO  ipc.CallQueueManager (CallQueueManager.java:<init>(90)) - Using callQueue: class java.util.concurrent.LinkedBlockingQueue, queueCapacity: 10000, scheduler: class org.apache.hadoop.ipc.DefaultRpcScheduler, ipcBackoff: false.
2024-08-10 09:46:43,081 [main] INFO  ipc.Server (Server.java:<init>(1287)) - Listener at 0.0.0.0:15585
2024-08-10 09:46:43,081 [Socket Reader #1 for port 15585] INFO  ipc.Server (Server.java:run(1323)) - Starting Socket Reader #1 for port 15585
2024-08-10 09:46:43,082 [main] INFO  ipc.CallQueueManager (CallQueueManager.java:<init>(90)) - Using callQueue: class java.util.concurrent.LinkedBlockingQueue, queueCapacity: 10000, scheduler: class org.apache.hadoop.ipc.DefaultRpcScheduler, ipcBackoff: false.
2024-08-10 09:46:43,082 [main] INFO  ipc.Server (Server.java:<init>(1287)) - Listener at 0.0.0.0:15584
2024-08-10 09:46:43,083 [Socket Reader #1 for port 15584] INFO  ipc.Server (Server.java:run(1323)) - Starting Socket Reader #1 for port 15584
2024-08-10 09:46:43,084 [main] INFO  ipc.CallQueueManager (CallQueueManager.java:<init>(90)) - Using callQueue: class java.util.concurrent.LinkedBlockingQueue, queueCapacity: 10000, scheduler: class org.apache.hadoop.ipc.DefaultRpcScheduler, ipcBackoff: false.
2024-08-10 09:46:43,084 [main] INFO  ipc.Server (Server.java:<init>(1287)) - Listener at 0.0.0.0:15583
2024-08-10 09:46:43,114 [Socket Reader #1 for port 15583] INFO  ipc.Server (Server.java:run(1323)) - Starting Socket Reader #1 for port 15583
2024-08-10 09:46:43,117 [main] INFO  ha.SCMServiceManager (SCMServiceManager.java:register(42)) - Registering service ContainerBalancer.
2024-08-10 09:46:43,117 [main] INFO  ha.SCMContext (SCMContext.java:updateSafeModeStatus(225)) - Update SafeModeStatus from SafeModeStatus{safeModeStatus=true, preCheckPassed=false} to SafeModeStatus{safeModeStatus=true, preCheckPassed=false}.
2024-08-10 09:46:43,118 [main] INFO  server.StorageContainerManager (StorageContainerManager.java:start(1541)) - StorageContainerLocationProtocol RPC server is listening at /0.0.0.0:15583
2024-08-10 09:46:43,118 [main] INFO  impl.MetricsSystemImpl (MetricsSystemImpl.java:init(158)) - StorageContainerManager metrics system started (again)
2024-08-10 09:46:43,126 [main] INFO  server.SCMClientProtocolServer (SCMClientProtocolServer.java:start(208)) - RPC server for Client  is listening at /0.0.0.0:15583
2024-08-10 09:46:43,126 [IPC Server Responder] INFO  ipc.Server (Server.java:run(1562)) - IPC Server Responder: starting
2024-08-10 09:46:43,127 [IPC Server listener on 15583] INFO  ipc.Server (Server.java:run(1402)) - IPC Server listener on 15583: starting
2024-08-10 09:46:43,135 [main] INFO  server.StorageContainerManager (StorageContainerManager.java:start(1554)) - ScmBlockLocationProtocol RPC server is listening at /0.0.0.0:15584
2024-08-10 09:46:43,135 [main] INFO  server.SCMBlockProtocolServer (SCMBlockProtocolServer.java:start(167)) - RPC server for Block Protocol is listening at /0.0.0.0:15584
2024-08-10 09:46:43,135 [IPC Server Responder] INFO  ipc.Server (Server.java:run(1562)) - IPC Server Responder: starting
2024-08-10 09:46:43,135 [IPC Server listener on 15584] INFO  ipc.Server (Server.java:run(1402)) - IPC Server listener on 15584: starting
2024-08-10 09:46:43,144 [main] INFO  server.SCMDatanodeProtocolServer (SCMDatanodeProtocolServer.java:start(194)) - ScmDatanodeProtocol RPC server for DataNodes is listening at /0.0.0.0:15585
2024-08-10 09:46:43,144 [IPC Server Responder] INFO  ipc.Server (Server.java:run(1562)) - IPC Server Responder: starting
2024-08-10 09:46:43,144 [IPC Server listener on 15585] INFO  ipc.Server (Server.java:run(1402)) - IPC Server listener on 15585: starting
2024-08-10 09:46:43,154 [JvmPauseMonitor81] INFO  util.JvmPauseMonitor (JvmPauseMonitor.java:run(146)) - JvmPauseMonitor-633c1669-26a3-414a-a8cd-ec791b32a6fb: Started
2024-08-10 09:46:43,154 [main] INFO  http.BaseHttpServer (BaseHttpServer.java:newHttpServer2BuilderForOzone(223)) - Starting Web-server for scm at: http://0.0.0.0:15586
2024-08-10 09:46:43,154 [main] INFO  http.BaseHttpServer (BaseHttpServer.java:<init>(110)) - Hadoop Security Enabled: false Ozone Security Enabled: false Ozone HTTP Security Enabled: false 
2024-08-10 09:46:43,155 [main] WARN  server.AuthenticationFilter (AuthenticationFilter.java:constructSecretProvider(240)) - Unable to initialize FileSignerSecretProvider, falling back to use random secrets. Reason: Could not read signature secret file: /home/runner/hadoop-http-auth-signature-secret
2024-08-10 09:46:43,156 [main] INFO  http.HttpRequestLog (HttpRequestLog.java:getRequestLog(86)) - Http request log for http.requests.scm is not defined
2024-08-10 09:46:43,157 [main] INFO  http.HttpServer2 (HttpServer2.java:addGlobalFilter(1035)) - Added global filter 'safety' (class=org.apache.hadoop.hdds.server.http.HttpServer2$QuotingInputFilter)
2024-08-10 09:46:43,157 [main] INFO  http.HttpServer2 (HttpServer2.java:addFilter(1011)) - Added filter static_user_filter (class=org.apache.hadoop.http.lib.StaticUserWebFilter$StaticUserFilter) to context scm
2024-08-10 09:46:43,157 [main] INFO  http.HttpServer2 (HttpServer2.java:addFilter(1019)) - Added filter static_user_filter (class=org.apache.hadoop.http.lib.StaticUserWebFilter$StaticUserFilter) to context static
2024-08-10 09:46:43,157 [main] INFO  http.HttpServer2 (HttpServer2.java:addFilter(1019)) - Added filter static_user_filter (class=org.apache.hadoop.http.lib.StaticUserWebFilter$StaticUserFilter) to context logs
2024-08-10 09:46:43,158 [main] INFO  http.BaseHttpServer (BaseHttpServer.java:<init>(189)) - HTTP server of scm uses base directory /home/runner/work/ozone/ozone/hadoop-ozone/integration-test/target/test-dir/MiniOzoneClusterImpl-25487c27-6224-40aa-b0ad-008c83bbb5f2/ozone-meta/webserver
2024-08-10 09:46:43,158 [main] INFO  http.HttpServer2 (HttpServer2.java:bindListener(1235)) - Jetty bound to port 15586
2024-08-10 09:46:43,158 [main] INFO  server.Server (Server.java:doStart(375)) - jetty-9.4.55.v20240627; built: 2024-06-27T15:05:37.765Z; git: 70015831e5195ba74da6383c4ab7c90c56bb08af; jvm 17.0.12+7
2024-08-10 09:46:43,159 [main] INFO  server.session (DefaultSessionIdManager.java:doStart(334)) - DefaultSessionIdManager workerName=node0
2024-08-10 09:46:43,160 [main] INFO  server.session (DefaultSessionIdManager.java:doStart(339)) - No SessionScavenger set, using defaults
2024-08-10 09:46:43,160 [main] INFO  server.session (HouseKeeper.java:startScavenging(132)) - node0 Scavenging every 660000ms
2024-08-10 09:46:43,160 [main] INFO  handler.ContextHandler (ContextHandler.java:doStart(921)) - Started o.e.j.s.ServletContextHandler@53f7843b{logs,/logs,file:///home/runner/work/ozone/ozone/hadoop-ozone/integration-test/target/log,AVAILABLE}
2024-08-10 09:46:43,161 [main] INFO  handler.ContextHandler (ContextHandler.java:doStart(921)) - Started o.e.j.s.ServletContextHandler@385007d3{static,/static,file:///home/runner/work/ozone/ozone/hadoop-ozone/integration-test/target/test-classes/webapps/static,AVAILABLE}
2024-08-10 09:46:43,164 [main] INFO  handler.ContextHandler (ContextHandler.java:doStart(921)) - Started o.e.j.w.WebAppContext@7ce72f0e{scm,/,file:///home/runner/work/ozone/ozone/hadoop-ozone/integration-test/target/test-classes/webapps/scm/,AVAILABLE}{file:/home/runner/work/ozone/ozone/hadoop-ozone/integration-test/target/test-classes/webapps/scm}
2024-08-10 09:46:43,164 [main] INFO  server.AbstractConnector (AbstractConnector.java:doStart(333)) - Started ServerConnector@28bf1203{HTTP/1.1, (http/1.1)}{0.0.0.0:15586}
2024-08-10 09:46:43,164 [main] INFO  server.Server (Server.java:doStart(415)) - Started @537292ms
2024-08-10 09:46:43,165 [main] WARN  impl.MetricsSystemImpl (MetricsSystemImpl.java:register(279)) - Sink prometheus already exists!
2024-08-10 09:46:43,165 [main] INFO  http.BaseHttpServer (BaseHttpServer.java:updateConnectorAddress(354)) - HTTP server of scm listening at http://0.0.0.0:15586
2024-08-10 09:46:43,165 [main] WARN  server.ServerUtils (ServerUtils.java:getDBPath(299)) - ozone.om.db.dirs is not configured. We recommend adding this setting. Falling back to ozone.metadata.dirs instead.
2024-08-10 09:46:43,167 [main] INFO  ha.OMHANodeDetails (OMHANodeDetails.java:loadOMHAConfig(115)) - ozone.om.internal.service.id is not defined, falling back to ozone.om.service.ids to find serviceID for OzoneManager if it is HA enabled cluster
2024-08-10 09:46:43,167 [main] INFO  ha.OMHANodeDetails (OMHANodeDetails.java:loadOMHAConfig(226)) - Configuration does not have ozone.om.address set. Falling back to the default OM address /127.0.0.1:15587
2024-08-10 09:46:43,168 [main] INFO  ha.OMHANodeDetails (OMHANodeDetails.java:getOMNodeDetailsForNonHA(254)) - OM Service ID is not set. Setting it to the default ID: omServiceIdDefault
2024-08-10 09:46:43,168 [main] INFO  ha.OMHANodeDetails (OMHANodeDetails.java:getOMNodeDetailsForNonHA(261)) - OM Node ID is not set. Setting it to the default ID: om1
2024-08-10 09:46:43,168 [main] WARN  server.ServerUtils (ServerUtils.java:getDBPath(299)) - ozone.om.db.dirs is not configured. We recommend adding this setting. Falling back to ozone.metadata.dirs instead.
2024-08-10 09:46:43,169 [main] INFO  upgrade.AbstractLayoutVersionManager (AbstractLayoutVersionManager.java:init(83)) - Initializing Layout version manager with metadata layout = HBASE_SUPPORT (version = 7), software layout = HBASE_SUPPORT (version = 7)
2024-08-10 09:46:43,203 [main] INFO  reflections.Reflections (Reflections.java:scan(219)) - Reflections took 33 ms to scan 2 urls, producing 188 keys and 547 values
2024-08-10 09:46:43,204 [main] INFO  upgrade.OMLayoutVersionManager (OMLayoutVersionManager.java:lambda$0(113)) - Skipping Upgrade Action QuotaRepairUpgradeAction since it has been finalized.
2024-08-10 09:46:43,204 [main] INFO  upgrade.OMLayoutVersionManager (OMLayoutVersionManager.java:lambda$0(113)) - Skipping Upgrade Action MockOmUpgradeAction since it has been finalized.
2024-08-10 09:46:43,204 [main] WARN  server.ServerUtils (ServerUtils.java:getDBPath(299)) - ozone.om.db.dirs is not configured. We recommend adding this setting. Falling back to ozone.metadata.dirs instead.
2024-08-10 09:46:43,205 [main] INFO  proxy.SCMBlockLocationFailoverProxyProvider (SCMBlockLocationFailoverProxyProvider.java:<init>(115)) - Created block location fail-over proxy with 1 nodes: [nodeId=scmNodeId,nodeAddress=/0.0.0.0:15584]
2024-08-10 09:46:43,206 [main] INFO  proxy.SCMBlockLocationFailoverProxyProvider (SCMBlockLocationFailoverProxyProvider.java:<init>(115)) - Created block location fail-over proxy with 1 nodes: [nodeId=scmNodeId,nodeAddress=/0.0.0.0:15584]
2024-08-10 09:46:43,211 [main] INFO  om.OzoneManager (OzoneManager.java:<init>(686)) - OM start with adminUsers: [runner]
2024-08-10 09:46:43,212 [main] WARN  server.ServerUtils (ServerUtils.java:getDBPath(299)) - ozone.om.db.dirs is not configured. We recommend adding this setting. Falling back to ozone.metadata.dirs instead.
2024-08-10 09:46:43,212 [main] INFO  helpers.OmKeyInfo (OmKeyInfo.java:getCodec(72)) - OmKeyInfo.getCodec ignorePipeline = true
2024-08-10 09:46:43,363 [main] INFO  om.OzoneManager (OzoneManager.java:instantiateServices(820)) - S3 Multi-Tenancy is disabled
2024-08-10 09:46:43,364 [main] INFO  om.OmSnapshotManager (OmSnapshotManager.java:<init>(180)) - Ozone filesystem snapshot feature is enabled.
2024-08-10 09:46:43,364 [main] WARN  server.ServerUtils (ServerUtils.java:getDBPath(299)) - ozone.om.snapshot.diff.db.dir is not configured. We recommend adding this setting. Falling back to ozone.metadata.dirs instead.
2024-08-10 09:46:43,384 [main] INFO  utils.NativeLibraryLoader (NativeLibraryLoader.java:loadLibrary(111)) - Loading Library: ozone_rocksdb_tools
2024-08-10 09:46:43,384 [main] ERROR snapshot.SnapshotDiffManager (SnapshotDiffManager.java:initNativeLibraryForEfficientDiff(287)) - Native Library for raw sst file reading loading failed.
org.apache.hadoop.hdds.utils.NativeLibraryNotLoadedException: Unable to load library ozone_rocksdb_tools from both java.library.path & resource file libozone_rocksdb_tools.so from jar.
	at org.apache.hadoop.hdds.utils.db.managed.ManagedRawSSTFileReader.loadLibrary(ManagedRawSSTFileReader.java:40)
	at org.apache.hadoop.ozone.om.snapshot.SnapshotDiffManager.initNativeLibraryForEfficientDiff(SnapshotDiffManager.java:285)
	at org.apache.hadoop.ozone.om.snapshot.SnapshotDiffManager.<init>(SnapshotDiffManager.java:259)
	at org.apache.hadoop.ozone.om.OmSnapshotManager.<init>(OmSnapshotManager.java:287)
	at org.apache.hadoop.ozone.om.OzoneManager.instantiateServices(OzoneManager.java:872)
	at org.apache.hadoop.ozone.om.OzoneManager.<init>(OzoneManager.java:696)
	at org.apache.hadoop.ozone.om.OzoneManager.createOm(OzoneManager.java:783)
	at org.apache.hadoop.ozone.MiniOzoneClusterImpl$Builder.createOM(MiniOzoneClusterImpl.java:703)
	at org.apache.hadoop.ozone.MiniOzoneClusterImpl$Builder.createAndStartSingleOM(MiniOzoneClusterImpl.java:687)
	at org.apache.hadoop.ozone.MiniOzoneClusterImpl$Builder.build(MiniOzoneClusterImpl.java:549)
	at org.apache.hadoop.ozone.client.rpc.TestBlockOutputStream.createCluster(TestBlockOutputStream.java:125)
	at org.apache.hadoop.ozone.client.rpc.TestBlockOutputStreamWithFailures.init(TestBlockOutputStreamWithFailures.java:75)
	at java.base/jdk.internal.reflect.NativeMethodAccessorImpl.invoke0(Native Method)
	at java.base/jdk.internal.reflect.NativeMethodAccessorImpl.invoke(NativeMethodAccessorImpl.java:77)
	at java.base/jdk.internal.reflect.DelegatingMethodAccessorImpl.invoke(DelegatingMethodAccessorImpl.java:43)
	at java.base/java.lang.reflect.Method.invoke(Method.java:569)
	at org.junit.platform.commons.util.ReflectionUtils.invokeMethod(ReflectionUtils.java:728)
	at org.junit.jupiter.engine.execution.MethodInvocation.proceed(MethodInvocation.java:60)
	at org.junit.jupiter.engine.execution.InvocationInterceptorChain$ValidatingInvocation.proceed(InvocationInterceptorChain.java:131)
	at org.junit.jupiter.engine.extension.TimeoutExtension.intercept(TimeoutExtension.java:156)
	at org.junit.jupiter.engine.extension.TimeoutExtension.interceptLifecycleMethod(TimeoutExtension.java:128)
	at org.junit.jupiter.engine.extension.TimeoutExtension.interceptBeforeEachMethod(TimeoutExtension.java:78)
	at org.junit.jupiter.engine.execution.InterceptingExecutableInvoker$ReflectiveInterceptorCall.lambda$ofVoidMethod$0(InterceptingExecutableInvoker.java:103)
	at org.junit.jupiter.engine.execution.InterceptingExecutableInvoker.lambda$invoke$0(InterceptingExecutableInvoker.java:93)
	at org.junit.jupiter.engine.execution.InvocationInterceptorChain$InterceptedInvocation.proceed(InvocationInterceptorChain.java:106)
	at org.junit.jupiter.engine.execution.InvocationInterceptorChain.proceed(InvocationInterceptorChain.java:64)
	at org.junit.jupiter.engine.execution.InvocationInterceptorChain.chainAndInvoke(InvocationInterceptorChain.java:45)
	at org.junit.jupiter.engine.execution.InvocationInterceptorChain.invoke(InvocationInterceptorChain.java:37)
	at org.junit.jupiter.engine.execution.InterceptingExecutableInvoker.invoke(InterceptingExecutableInvoker.java:92)
	at org.junit.jupiter.engine.execution.InterceptingExecutableInvoker.invoke(InterceptingExecutableInvoker.java:86)
	at org.junit.jupiter.engine.descriptor.ClassBasedTestDescriptor.invokeMethodInExtensionContext(ClassBasedTestDescriptor.java:521)
	at org.junit.jupiter.engine.descriptor.ClassBasedTestDescriptor.lambda$synthesizeBeforeEachMethodAdapter$23(ClassBasedTestDescriptor.java:506)
	at org.junit.jupiter.engine.descriptor.TestMethodTestDescriptor.lambda$invokeBeforeEachMethods$3(TestMethodTestDescriptor.java:175)
	at org.junit.jupiter.engine.descriptor.TestMethodTestDescriptor.lambda$invokeBeforeMethodsOrCallbacksUntilExceptionOccurs$6(TestMethodTestDescriptor.java:203)
	at org.junit.platform.engine.support.hierarchical.ThrowableCollector.execute(ThrowableCollector.java:73)
	at org.junit.jupiter.engine.descriptor.TestMethodTestDescriptor.invokeBeforeMethodsOrCallbacksUntilExceptionOccurs(TestMethodTestDescriptor.java:203)
	at org.junit.jupiter.engine.descriptor.TestMethodTestDescriptor.invokeBeforeEachMethods(TestMethodTestDescriptor.java:172)
	at org.junit.jupiter.engine.descriptor.TestMethodTestDescriptor.execute(TestMethodTestDescriptor.java:135)
	at org.junit.jupiter.engine.descriptor.TestMethodTestDescriptor.execute(TestMethodTestDescriptor.java:69)
	at org.junit.platform.engine.support.hierarchical.NodeTestTask.lambda$executeRecursively$6(NodeTestTask.java:151)
	at org.junit.platform.engine.support.hierarchical.ThrowableCollector.execute(ThrowableCollector.java:73)
	at org.junit.platform.engine.support.hierarchical.NodeTestTask.lambda$executeRecursively$8(NodeTestTask.java:141)
	at org.junit.platform.engine.support.hierarchical.Node.around(Node.java:137)
	at org.junit.platform.engine.support.hierarchical.NodeTestTask.lambda$executeRecursively$9(NodeTestTask.java:139)
	at org.junit.platform.engine.support.hierarchical.ThrowableCollector.execute(ThrowableCollector.java:73)
	at org.junit.platform.engine.support.hierarchical.NodeTestTask.executeRecursively(NodeTestTask.java:138)
	at org.junit.platform.engine.support.hierarchical.NodeTestTask.execute(NodeTestTask.java:95)
	at org.junit.platform.engine.support.hierarchical.SameThreadHierarchicalTestExecutorService.submit(SameThreadHierarchicalTestExecutorService.java:35)
	at org.junit.platform.engine.support.hierarchical.NodeTestTask$DefaultDynamicTestExecutor.execute(NodeTestTask.java:226)
	at org.junit.platform.engine.support.hierarchical.NodeTestTask$DefaultDynamicTestExecutor.execute(NodeTestTask.java:204)
	at org.junit.jupiter.engine.descriptor.TestTemplateTestDescriptor.execute(TestTemplateTestDescriptor.java:142)
	at org.junit.jupiter.engine.descriptor.TestTemplateTestDescriptor.lambda$execute$2(TestTemplateTestDescriptor.java:110)
	at java.base/java.util.stream.ForEachOps$ForEachOp$OfRef.accept(ForEachOps.java:183)
	at java.base/java.util.stream.ReferencePipeline$3$1.accept(ReferencePipeline.java:197)
	at java.base/java.util.stream.ReferencePipeline$2$1.accept(ReferencePipeline.java:179)
	at java.base/java.util.stream.ReferencePipeline$3$1.accept(ReferencePipeline.java:197)
	at java.base/java.util.stream.ForEachOps$ForEachOp$OfRef.accept(ForEachOps.java:183)
	at java.base/java.util.stream.ReferencePipeline$3$1.accept(ReferencePipeline.java:197)
	at java.base/java.util.stream.ReferencePipeline$3$1.accept(ReferencePipeline.java:197)
	at java.base/java.util.stream.ReferencePipeline$3$1.accept(ReferencePipeline.java:197)
	at java.base/java.util.stream.ForEachOps$ForEachOp$OfRef.accept(ForEachOps.java:183)
	at java.base/java.util.stream.ReferencePipeline$3$1.accept(ReferencePipeline.java:197)
	at java.base/java.util.Spliterators$ArraySpliterator.forEachRemaining(Spliterators.java:992)
	at java.base/java.util.stream.ReferencePipeline$Head.forEach(ReferencePipeline.java:762)
	at java.base/java.util.stream.ReferencePipeline$7$1.accept(ReferencePipeline.java:276)
	at java.base/java.util.stream.ReferencePipeline$3$1.accept(ReferencePipeline.java:197)
	at java.base/java.util.stream.ReferencePipeline$3$1.accept(ReferencePipeline.java:197)
	at java.base/java.util.stream.ReferencePipeline$3$1.accept(ReferencePipeline.java:197)
	at java.base/java.util.Spliterators$ArraySpliterator.forEachRemaining(Spliterators.java:992)
	at java.base/java.util.stream.AbstractPipeline.copyInto(AbstractPipeline.java:509)
	at java.base/java.util.stream.AbstractPipeline.wrapAndCopyInto(AbstractPipeline.java:499)
	at java.base/java.util.stream.ForEachOps$ForEachOp.evaluateSequential(ForEachOps.java:150)
	at java.base/java.util.stream.ForEachOps$ForEachOp$OfRef.evaluateSequential(ForEachOps.java:173)
	at java.base/java.util.stream.AbstractPipeline.evaluate(AbstractPipeline.java:234)
	at java.base/java.util.stream.ReferencePipeline.forEach(ReferencePipeline.java:596)
	at java.base/java.util.stream.ReferencePipeline$7$1.accept(ReferencePipeline.java:276)
	at java.base/java.util.stream.ReferencePipeline$3$1.accept(ReferencePipeline.java:197)
	at java.base/java.util.stream.ReferencePipeline$3$1.accept(ReferencePipeline.java:197)
	at java.base/java.util.stream.ReferencePipeline$3$1.accept(ReferencePipeline.java:197)
	at java.base/java.util.ArrayList$ArrayListSpliterator.forEachRemaining(ArrayList.java:1625)
	at java.base/java.util.stream.AbstractPipeline.copyInto(AbstractPipeline.java:509)
	at java.base/java.util.stream.AbstractPipeline.wrapAndCopyInto(AbstractPipeline.java:499)
	at java.base/java.util.stream.ForEachOps$ForEachOp.evaluateSequential(ForEachOps.java:150)
	at java.base/java.util.stream.ForEachOps$ForEachOp$OfRef.evaluateSequential(ForEachOps.java:173)
	at java.base/java.util.stream.AbstractPipeline.evaluate(AbstractPipeline.java:234)
	at java.base/java.util.stream.ReferencePipeline.forEach(ReferencePipeline.java:596)
	at java.base/java.util.stream.ReferencePipeline$7$1.accept(ReferencePipeline.java:276)
	at java.base/java.util.ArrayList$ArrayListSpliterator.forEachRemaining(ArrayList.java:1625)
	at java.base/java.util.stream.AbstractPipeline.copyInto(AbstractPipeline.java:509)
	at java.base/java.util.stream.AbstractPipeline.wrapAndCopyInto(AbstractPipeline.java:499)
	at java.base/java.util.stream.ForEachOps$ForEachOp.evaluateSequential(ForEachOps.java:150)
	at java.base/java.util.stream.ForEachOps$ForEachOp$OfRef.evaluateSequential(ForEachOps.java:173)
	at java.base/java.util.stream.AbstractPipeline.evaluate(AbstractPipeline.java:234)
	at java.base/java.util.stream.ReferencePipeline.forEach(ReferencePipeline.java:596)
	at org.junit.jupiter.engine.descriptor.TestTemplateTestDescriptor.execute(TestTemplateTestDescriptor.java:110)
	at org.junit.jupiter.engine.descriptor.TestTemplateTestDescriptor.execute(TestTemplateTestDescriptor.java:44)
	at org.junit.platform.engine.support.hierarchical.NodeTestTask.lambda$executeRecursively$6(NodeTestTask.java:151)
	at org.junit.platform.engine.support.hierarchical.ThrowableCollector.execute(ThrowableCollector.java:73)
	at org.junit.platform.engine.support.hierarchical.NodeTestTask.lambda$executeRecursively$8(NodeTestTask.java:141)
	at org.junit.platform.engine.support.hierarchical.Node.around(Node.java:137)
	at org.junit.platform.engine.support.hierarchical.NodeTestTask.lambda$executeRecursively$9(NodeTestTask.java:139)
	at org.junit.platform.engine.support.hierarchical.ThrowableCollector.execute(ThrowableCollector.java:73)
	at org.junit.platform.engine.support.hierarchical.NodeTestTask.executeRecursively(NodeTestTask.java:138)
	at org.junit.platform.engine.support.hierarchical.NodeTestTask.execute(NodeTestTask.java:95)
	at java.base/java.util.ArrayList.forEach(ArrayList.java:1511)
	at org.junit.platform.engine.support.hierarchical.SameThreadHierarchicalTestExecutorService.invokeAll(SameThreadHierarchicalTestExecutorService.java:41)
	at org.junit.platform.engine.support.hierarchical.NodeTestTask.lambda$executeRecursively$6(NodeTestTask.java:155)
	at org.junit.platform.engine.support.hierarchical.ThrowableCollector.execute(ThrowableCollector.java:73)
	at org.junit.platform.engine.support.hierarchical.NodeTestTask.lambda$executeRecursively$8(NodeTestTask.java:141)
	at org.junit.platform.engine.support.hierarchical.Node.around(Node.java:137)
	at org.junit.platform.engine.support.hierarchical.NodeTestTask.lambda$executeRecursively$9(NodeTestTask.java:139)
	at org.junit.platform.engine.support.hierarchical.ThrowableCollector.execute(ThrowableCollector.java:73)
	at org.junit.platform.engine.support.hierarchical.NodeTestTask.executeRecursively(NodeTestTask.java:138)
	at org.junit.platform.engine.support.hierarchical.NodeTestTask.execute(NodeTestTask.java:95)
	at java.base/java.util.ArrayList.forEach(ArrayList.java:1511)
	at org.junit.platform.engine.support.hierarchical.SameThreadHierarchicalTestExecutorService.invokeAll(SameThreadHierarchicalTestExecutorService.java:41)
	at org.junit.platform.engine.support.hierarchical.NodeTestTask.lambda$executeRecursively$6(NodeTestTask.java:155)
	at org.junit.platform.engine.support.hierarchical.ThrowableCollector.execute(ThrowableCollector.java:73)
	at org.junit.platform.engine.support.hierarchical.NodeTestTask.lambda$executeRecursively$8(NodeTestTask.java:141)
	at org.junit.platform.engine.support.hierarchical.Node.around(Node.java:137)
	at org.junit.platform.engine.support.hierarchical.NodeTestTask.lambda$executeRecursively$9(NodeTestTask.java:139)
	at org.junit.platform.engine.support.hierarchical.ThrowableCollector.execute(ThrowableCollector.java:73)
	at org.junit.platform.engine.support.hierarchical.NodeTestTask.executeRecursively(NodeTestTask.java:138)
	at org.junit.platform.engine.support.hierarchical.NodeTestTask.execute(NodeTestTask.java:95)
	at org.junit.platform.engine.support.hierarchical.SameThreadHierarchicalTestExecutorService.submit(SameThreadHierarchicalTestExecutorService.java:35)
	at org.junit.platform.engine.support.hierarchical.HierarchicalTestExecutor.execute(HierarchicalTestExecutor.java:57)
	at org.junit.platform.engine.support.hierarchical.HierarchicalTestEngine.execute(HierarchicalTestEngine.java:54)
	at org.junit.platform.launcher.core.EngineExecutionOrchestrator.execute(EngineExecutionOrchestrator.java:198)
	at org.junit.platform.launcher.core.EngineExecutionOrchestrator.execute(EngineExecutionOrchestrator.java:169)
	at org.junit.platform.launcher.core.EngineExecutionOrchestrator.execute(EngineExecutionOrchestrator.java:93)
	at org.junit.platform.launcher.core.EngineExecutionOrchestrator.lambda$execute$0(EngineExecutionOrchestrator.java:58)
	at org.junit.platform.launcher.core.EngineExecutionOrchestrator.withInterceptedStreams(EngineExecutionOrchestrator.java:141)
	at org.junit.platform.launcher.core.EngineExecutionOrchestrator.execute(EngineExecutionOrchestrator.java:57)
	at org.junit.platform.launcher.core.DefaultLauncher.execute(DefaultLauncher.java:103)
	at org.junit.platform.launcher.core.DefaultLauncher.execute(DefaultLauncher.java:85)
	at org.junit.platform.launcher.core.DelegatingLauncher.execute(DelegatingLauncher.java:47)
	at org.junit.platform.launcher.core.SessionPerRequestLauncher.execute(SessionPerRequestLauncher.java:63)
	at org.apache.maven.surefire.junitplatform.JUnitPlatformProvider.invokeAllTests(JUnitPlatformProvider.java:154)
	at org.apache.maven.surefire.junitplatform.JUnitPlatformProvider.invoke(JUnitPlatformProvider.java:123)
	at org.apache.maven.surefire.booter.ForkedBooter.runSuitesInProcess(ForkedBooter.java:377)
	at org.apache.maven.surefire.booter.ForkedBooter.execute(ForkedBooter.java:138)
	at org.apache.maven.surefire.booter.ForkedBooter.run(ForkedBooter.java:465)
	at org.apache.maven.surefire.booter.ForkedBooter.main(ForkedBooter.java:451)
2024-08-10 09:46:43,386 [main] INFO  om.OzoneManager (OzoneManager.java:addS3GVolumeToDB(4558)) - Created Volume s3v With Owner runner required for S3Gateway operations.
2024-08-10 09:46:43,386 [main] WARN  server.ServerUtils (ServerUtils.java:getDefaultRatisDirectory(311)) - Storage directory for Ratis is not configured. It is a good idea to map this to an SSD disk. Falling back to ozone.metadata.dirs
2024-08-10 09:46:43,387 [main] WARN  utils.OzoneManagerRatisUtils (OzoneManagerRatisUtils.java:getOMRatisSnapshotDirectory(475)) - ozone.om.ratis.snapshot.dir is not configured. Falling back to ozone.metadata.dirs config
2024-08-10 09:46:43,387 [main] WARN  dropwizard3.Dm3MetricRegistriesImpl (Dm3MetricRegistriesImpl.java:addReporterRegistration(114)) - New reporters are added after registries were created. Some metrics will be missing from the reporter. Please add reporter before adding any new registry.
2024-08-10 09:46:43,387 [main] WARN  dropwizard3.Dm3MetricRegistriesImpl (Dm3MetricRegistriesImpl.java:addReporterRegistration(114)) - New reporters are added after registries were created. Some metrics will be missing from the reporter. Please add reporter before adding any new registry.
2024-08-10 09:46:43,387 [main] WARN  server.ServerUtils (ServerUtils.java:getDefaultRatisDirectory(311)) - Storage directory for Ratis is not configured. It is a good idea to map this to an SSD disk. Falling back to ozone.metadata.dirs
2024-08-10 09:46:43,388 [main] INFO  ratis.OzoneManagerRatisServer (OzoneManagerRatisServer.java:<init>(168)) - Instantiating OM Ratis server with groupID: omServiceIdDefault and peers: localhost:15590
2024-08-10 09:46:43,389 [main] INFO  ratis.OzoneManagerStateMachine (OzoneManagerStateMachine.java:loadSnapshotInfoFromDB(593)) - TransactionInfo not found in OM DB.
2024-08-10 09:46:43,389 [main] INFO  server.RaftServer (ConfUtils.java:logGet(46)) - raft.rpc.type = GRPC (default)
2024-08-10 09:46:43,389 [main] INFO  grpc.GrpcConfigKeys (ConfUtils.java:logFallback(53)) - raft.grpc.admin.host = null (fallback to raft.grpc.server.host)
2024-08-10 09:46:43,389 [main] INFO  grpc.GrpcConfigKeys (ConfUtils.java:logFallback(53)) - raft.grpc.admin.port = 15590 (fallback to raft.grpc.server.port)
2024-08-10 09:46:43,389 [main] INFO  grpc.GrpcConfigKeys (ConfUtils.java:logFallback(53)) - raft.grpc.client.host = null (fallback to raft.grpc.server.host)
2024-08-10 09:46:43,390 [main] INFO  grpc.GrpcConfigKeys (ConfUtils.java:logFallback(53)) - raft.grpc.client.port = 15590 (fallback to raft.grpc.server.port)
2024-08-10 09:46:43,390 [main] INFO  grpc.GrpcConfigKeys (ConfUtils.java:logGet(46)) - raft.grpc.server.host = null (default)
2024-08-10 09:46:43,390 [main] INFO  grpc.GrpcConfigKeys (ConfUtils.java:logGet(46)) - raft.grpc.server.port = 15590 (custom)
2024-08-10 09:46:43,390 [main] INFO  server.GrpcService (ConfUtils.java:logGet(46)) - raft.grpc.message.size.max = 4194304 (custom)
2024-08-10 09:46:43,390 [main] INFO  server.RaftServerConfigKeys (ConfUtils.java:logGet(46)) - raft.server.log.appender.buffer.byte-limit = 4194304 (custom)
2024-08-10 09:46:43,390 [main] INFO  server.GrpcService (ConfUtils.java:logGet(46)) - raft.grpc.flow.control.window = 1MB (=1048576) (default)
2024-08-10 09:46:43,391 [main] INFO  server.RaftServerConfigKeys (ConfUtils.java:logGet(46)) - raft.server.rpc.request.timeout = 3000ms (default)
2024-08-10 09:46:43,391 [main] INFO  grpc.GrpcConfigKeys (ConfUtils.java:logGet(46)) - raft.grpc.server.heartbeat.channel = true (default)
2024-08-10 09:46:43,391 [main] INFO  grpc.GrpcConfigKeys (ConfUtils.java:logGet(46)) - raft.grpc.server.async.request.thread.pool.cached = true (default)
2024-08-10 09:46:43,391 [main] INFO  grpc.GrpcConfigKeys (ConfUtils.java:logGet(46)) - raft.grpc.server.async.request.thread.pool.size = 32 (default)
2024-08-10 09:46:43,392 [main] INFO  impl.DataStreamServerImpl (ConfUtils.java:logGet(46)) - raft.datastream.type = DISABLED (default)
2024-08-10 09:46:43,392 [main] INFO  server.RaftServerConfigKeys (ConfUtils.java:logGet(46)) - raft.server.sleep.deviation.threshold = 300ms (default)
2024-08-10 09:46:43,392 [main] INFO  server.RaftServerConfigKeys (ConfUtils.java:logGet(46)) - raft.server.close.threshold = 60s (default)
2024-08-10 09:46:43,392 [main] INFO  server.RaftServerConfigKeys (ConfUtils.java:logGet(46)) - raft.server.leaderelection.leader.step-down.wait-time = 10s (default)
2024-08-10 09:46:43,392 [main] INFO  server.RaftServerConfigKeys (ConfUtils.java:logGet(46)) - raft.server.storage.dir = [/home/runner/work/ozone/ozone/hadoop-ozone/integration-test/target/test-dir/MiniOzoneClusterImpl-25487c27-6224-40aa-b0ad-008c83bbb5f2/ozone-meta/ratis] (custom)
2024-08-10 09:46:43,393 [main] INFO  server.RaftServerConfigKeys (ConfUtils.java:logGet(46)) - raft.server.threadpool.proxy.cached = true (default)
2024-08-10 09:46:43,393 [main] INFO  server.RaftServerConfigKeys (ConfUtils.java:logGet(46)) - raft.server.threadpool.proxy.size = 0 (default)
2024-08-10 09:46:43,394 [main] INFO  server.RaftServer (RaftServerProxy.java:addNew(101)) - om1: addNew group-C5BA1605619E:[om1|localhost:15590] returns group-C5BA1605619E:java.util.concurrent.CompletableFuture@58fdc418[Not completed]
2024-08-10 09:46:43,394 [main] INFO  om.OzoneManager (OzoneManager.java:initializeRatisServer(2177)) - OzoneManager Ratis server initialized at port 15590
2024-08-10 09:46:43,394 [main] INFO  om.OzoneManager (OzoneManager.java:getRpcServer(1236)) - Creating RPC Server
2024-08-10 09:46:43,410 [om1-groupManagement] INFO  server.RaftServer$Division (RaftServerImpl.java:<init>(253)) - om1: new RaftServerImpl for group-C5BA1605619E:[om1|localhost:15590] with OzoneManagerStateMachine:uninitialized
2024-08-10 09:46:43,410 [om1-groupManagement] INFO  server.RaftServerConfigKeys (ConfUtils.java:logGet(46)) - raft.server.rpc.timeout.min = 1s (custom)
2024-08-10 09:46:43,410 [om1-groupManagement] INFO  server.RaftServerConfigKeys (ConfUtils.java:logGet(46)) - raft.server.rpc.timeout.max = 1200ms (custom)
2024-08-10 09:46:43,410 [om1-groupManagement] INFO  server.RaftServerConfigKeys (ConfUtils.java:logGet(46)) - raft.server.rpc.sleep.time = 25ms (default)
2024-08-10 09:46:43,411 [om1-groupManagement] INFO  server.RaftServerConfigKeys (ConfUtils.java:logGet(46)) - raft.server.rpc.slowness.timeout = 120s (custom)
2024-08-10 09:46:43,411 [om1-groupManagement] INFO  server.RaftServerConfigKeys (ConfUtils.java:logGet(46)) - raft.server.leaderelection.leader.step-down.wait-time = 10s (default)
2024-08-10 09:46:43,411 [om1-groupManagement] INFO  server.RaftServerConfigKeys (ConfUtils.java:logGet(46)) - raft.server.leaderelection.member.majority-add = false (default)
2024-08-10 09:46:43,411 [om1-groupManagement] INFO  server.RaftServerConfigKeys (ConfUtils.java:logGet(46)) - raft.server.sleep.deviation.threshold = 300ms (default)
2024-08-10 09:46:43,411 [om1-groupManagement] INFO  server.RaftServer$Division (ServerState.java:<init>(114)) - om1@group-C5BA1605619E: ConfigurationManager, init=conf: {index: -1, cur=peers:[om1|localhost:15590]|listeners:[], old=null}, confs=<EMPTY_MAP>
2024-08-10 09:46:43,411 [om1-groupManagement] INFO  server.RaftServerConfigKeys (ConfUtils.java:logGet(46)) - raft.server.notification.no-leader.timeout = 120s (custom)
2024-08-10 09:46:43,411 [om1-groupManagement] INFO  server.RaftServerConfigKeys (ConfUtils.java:logGet(46)) - raft.server.read.timeout = 10s (default)
2024-08-10 09:46:43,411 [om1-groupManagement] INFO  server.RaftServerConfigKeys (ConfUtils.java:logGet(46)) - raft.server.retrycache.expirytime = 300s (custom)
2024-08-10 09:46:43,411 [om1-groupManagement] INFO  server.RaftServerConfigKeys (ConfUtils.java:logGet(46)) - raft.server.retrycache.statistics.expirytime = 100ms (default)
2024-08-10 09:46:43,411 [om1-groupManagement] INFO  server.RaftServerConfigKeys (ConfUtils.java:logGet(46)) - raft.server.read.option = DEFAULT (default)
2024-08-10 09:46:43,411 [om1-groupManagement] INFO  server.RaftServerConfigKeys (ConfUtils.java:logGet(46)) - raft.server.read.read-after-write-consistent.write-index-cache.expiry-time = 60s (default)
2024-08-10 09:46:43,412 [om1-groupManagement] INFO  server.RaftServerConfigKeys (ConfUtils.java:logGet(46)) - raft.server.rpc.request.timeout = 3000ms (default)
2024-08-10 09:46:43,412 [om1-groupManagement] INFO  server.RaftServerConfigKeys (ConfUtils.java:logGet(46)) - raft.server.log.appender.install.snapshot.enabled = false (custom)
2024-08-10 09:46:43,412 [om1-groupManagement] INFO  server.RaftServerConfigKeys (ConfUtils.java:logGet(46)) - raft.server.threadpool.server.cached = true (default)
2024-08-10 09:46:43,412 [om1-groupManagement] INFO  server.RaftServerConfigKeys (ConfUtils.java:logGet(46)) - raft.server.threadpool.server.size = 0 (default)
2024-08-10 09:46:43,412 [om1-groupManagement] INFO  server.RaftServerConfigKeys (ConfUtils.java:logGet(46)) - raft.server.threadpool.client.cached = true (default)
2024-08-10 09:46:43,412 [om1-groupManagement] INFO  server.RaftServerConfigKeys (ConfUtils.java:logGet(46)) - raft.server.threadpool.client.size = 0 (default)
2024-08-10 09:46:43,681 [main] INFO  reflections.Reflections (Reflections.java:scan(219)) - Reflections took 286 ms to scan 20 urls, producing 59 keys and 6773 values
2024-08-10 09:46:43,682 [main] INFO  ipc.CallQueueManager (CallQueueManager.java:<init>(90)) - Using callQueue: class java.util.concurrent.LinkedBlockingQueue, queueCapacity: 2000, scheduler: class org.apache.hadoop.ipc.DefaultRpcScheduler, ipcBackoff: false.
2024-08-10 09:46:43,683 [main] INFO  ipc.Server (Server.java:<init>(1287)) - Listener at 127.0.0.1:15587
2024-08-10 09:46:43,683 [Socket Reader #1 for port 15587] INFO  ipc.Server (Server.java:run(1323)) - Starting Socket Reader #1 for port 15587
2024-08-10 09:46:43,683 [Socket Reader #2 for port 15587] INFO  ipc.Server (Server.java:run(1323)) - Starting Socket Reader #2 for port 15587
2024-08-10 09:46:43,684 [Socket Reader #3 for port 15587] INFO  ipc.Server (Server.java:run(1323)) - Starting Socket Reader #3 for port 15587
2024-08-10 09:46:43,684 [Socket Reader #4 for port 15587] INFO  ipc.Server (Server.java:run(1323)) - Starting Socket Reader #4 for port 15587
2024-08-10 09:46:43,684 [Socket Reader #5 for port 15587] INFO  ipc.Server (Server.java:run(1323)) - Starting Socket Reader #5 for port 15587
2024-08-10 09:46:43,684 [Socket Reader #6 for port 15587] INFO  ipc.Server (Server.java:run(1323)) - Starting Socket Reader #6 for port 15587
2024-08-10 09:46:43,684 [Socket Reader #7 for port 15587] INFO  ipc.Server (Server.java:run(1323)) - Starting Socket Reader #7 for port 15587
2024-08-10 09:46:43,685 [Socket Reader #8 for port 15587] INFO  ipc.Server (Server.java:run(1323)) - Starting Socket Reader #8 for port 15587
2024-08-10 09:46:43,685 [Socket Reader #9 for port 15587] INFO  ipc.Server (Server.java:run(1323)) - Starting Socket Reader #9 for port 15587
2024-08-10 09:46:43,686 [Socket Reader #10 for port 15587] INFO  ipc.Server (Server.java:run(1323)) - Starting Socket Reader #10 for port 15587
2024-08-10 09:46:43,702 [main] INFO  impl.MetricsSystemImpl (MetricsSystemImpl.java:init(158)) - OzoneManager metrics system started (again)
2024-08-10 09:46:43,710 [main] INFO  om.OzoneManager (OzoneManager.java:start(1660)) - OzoneManager RPC server is listening at localhost/127.0.0.1:15587
2024-08-10 09:46:43,711 [main] INFO  ratis.OzoneManagerRatisServer (OzoneManagerRatisServer.java:start(594)) - Starting OzoneManagerRatisServer om1 at port 15590
2024-08-10 09:46:43,711 [om1-impl-thread1] INFO  server.RaftServerConfigKeys (ConfUtils.java:logGet(46)) - raft.server.storage.free-space.min = 0MB (=0) (default)
2024-08-10 09:46:43,711 [om1-impl-thread1] INFO  server.RaftServerConfigKeys (ConfUtils.java:logGet(46)) - raft.server.log.corruption.policy = EXCEPTION (default)
2024-08-10 09:46:43,711 [om1-impl-thread1] INFO  server.RaftServerConfigKeys (ConfUtils.java:logGet(46)) - raft.server.storage.dir = [/home/runner/work/ozone/ozone/hadoop-ozone/integration-test/target/test-dir/MiniOzoneClusterImpl-25487c27-6224-40aa-b0ad-008c83bbb5f2/ozone-meta/ratis] (custom)
2024-08-10 09:46:43,712 [om1-impl-thread1] INFO  storage.RaftStorageDirectory (RaftStorageDirectoryImpl.java:analyzeStorage(138)) - The storage directory /home/runner/work/ozone/ozone/hadoop-ozone/integration-test/target/test-dir/MiniOzoneClusterImpl-25487c27-6224-40aa-b0ad-008c83bbb5f2/ozone-meta/ratis/bf265839-605b-3f16-9796-c5ba1605619e does not exist. Creating ...
2024-08-10 09:46:43,713 [om1-impl-thread1] INFO  storage.RaftStorageDirectory (RaftStorageDirectoryImpl.java:tryLock(229)) - Lock on /home/runner/work/ozone/ozone/hadoop-ozone/integration-test/target/test-dir/MiniOzoneClusterImpl-25487c27-6224-40aa-b0ad-008c83bbb5f2/ozone-meta/ratis/bf265839-605b-3f16-9796-c5ba1605619e/in_use.lock acquired by nodename 50124@fv-az701-157
2024-08-10 09:46:43,714 [om1-impl-thread1] INFO  storage.RaftStorage (RaftStorageImpl.java:format(98)) - Storage directory /home/runner/work/ozone/ozone/hadoop-ozone/integration-test/target/test-dir/MiniOzoneClusterImpl-25487c27-6224-40aa-b0ad-008c83bbb5f2/ozone-meta/ratis/bf265839-605b-3f16-9796-c5ba1605619e has been successfully formatted.
2024-08-10 09:46:43,714 [om1-impl-thread1] INFO  server.RaftServerConfigKeys (ConfUtils.java:logGet(46)) - raft.server.log.use.memory = false (default)
2024-08-10 09:46:43,714 [om1-impl-thread1] INFO  server.RaftServerConfigKeys (ConfUtils.java:logGet(46)) - raft.server.log.purge.gap = 1000000 (custom)
2024-08-10 09:46:43,714 [om1-impl-thread1] INFO  server.RaftServerConfigKeys (ConfUtils.java:logGet(46)) - raft.server.log.appender.buffer.byte-limit = 4194304 (custom)
2024-08-10 09:46:43,714 [om1-impl-thread1] INFO  server.RaftServerConfigKeys (ConfUtils.java:logGet(46)) - raft.server.log.statemachine.data.read.timeout = 1000ms (default)
2024-08-10 09:46:43,714 [om1-impl-thread1] INFO  server.RaftServerConfigKeys (ConfUtils.java:logGet(46)) - raft.server.log.purge.preservation.log.num = 0 (default)
2024-08-10 09:46:43,715 [om1-impl-thread1] INFO  server.RaftServerConfigKeys (ConfUtils.java:logGet(46)) - raft.server.log.segment.size.max = 4194304 (custom)
2024-08-10 09:46:43,715 [om1-impl-thread1] INFO  server.RaftServerConfigKeys (ConfUtils.java:logGet(46)) - raft.server.log.segment.cache.num.max = 2 (custom)
2024-08-10 09:46:43,715 [om1-impl-thread1] INFO  server.RaftServerConfigKeys (ConfUtils.java:logGet(46)) - raft.server.log.segment.cache.size.max = 200MB (=209715200) (default)
2024-08-10 09:46:43,715 [om1-impl-thread1] INFO  server.RaftServerConfigKeys (ConfUtils.java:logGet(46)) - raft.server.log.appender.buffer.byte-limit = 4194304 (custom)
2024-08-10 09:46:43,715 [om1-impl-thread1] INFO  util.AwaitToRun (AwaitToRun.java:start(81)) - Thread[om1@group-C5BA1605619E-cacheEviction-AwaitToRun,5,main] started
2024-08-10 09:46:43,715 [om1-impl-thread1] INFO  segmented.SegmentedRaftLogWorker (SegmentedRaftLogWorker.java:<init>(184)) - new om1@group-C5BA1605619E-SegmentedRaftLogWorker for RaftStorageImpl:Storage Directory /home/runner/work/ozone/ozone/hadoop-ozone/integration-test/target/test-dir/MiniOzoneClusterImpl-25487c27-6224-40aa-b0ad-008c83bbb5f2/ozone-meta/ratis/bf265839-605b-3f16-9796-c5ba1605619e
2024-08-10 09:46:43,715 [om1-impl-thread1] INFO  server.RaftServerConfigKeys (ConfUtils.java:logGet(46)) - raft.server.log.queue.byte-limit = 64MB (=67108864) (default)
2024-08-10 09:46:43,715 [om1-impl-thread1] INFO  server.RaftServerConfigKeys (ConfUtils.java:logGet(46)) - raft.server.log.queue.element-limit = 4096 (default)
2024-08-10 09:46:43,715 [om1-impl-thread1] INFO  server.RaftServerConfigKeys (ConfUtils.java:logGet(46)) - raft.server.log.segment.size.max = 4194304 (custom)
2024-08-10 09:46:43,715 [om1-impl-thread1] INFO  server.RaftServerConfigKeys (ConfUtils.java:logGet(46)) - raft.server.log.preallocated.size = 4194304 (custom)
2024-08-10 09:46:43,715 [om1-impl-thread1] INFO  server.RaftServerConfigKeys (ConfUtils.java:logGet(46)) - raft.server.log.force.sync.num = 128 (default)
2024-08-10 09:46:43,715 [om1-impl-thread1] INFO  server.RaftServerConfigKeys (ConfUtils.java:logGet(46)) - raft.server.log.statemachine.data.sync = true (default)
2024-08-10 09:46:43,716 [om1-impl-thread1] INFO  server.RaftServerConfigKeys (ConfUtils.java:logGet(46)) - raft.server.log.statemachine.data.sync.timeout = 10s (default)
2024-08-10 09:46:43,716 [om1-impl-thread1] INFO  server.RaftServerConfigKeys (ConfUtils.java:logGet(46)) - raft.server.log.statemachine.data.sync.timeout.retry = -1 (default)
2024-08-10 09:46:43,716 [om1-impl-thread1] INFO  server.RaftServerConfigKeys (ConfUtils.java:logGet(46)) - raft.server.log.write.buffer.size = 4194312 (custom)
2024-08-10 09:46:43,716 [om1-impl-thread1] INFO  server.RaftServerConfigKeys (ConfUtils.java:logGet(46)) - raft.server.log.appender.buffer.byte-limit = 4194304 (custom)
2024-08-10 09:46:43,716 [om1-impl-thread1] INFO  server.RaftServerConfigKeys (ConfUtils.java:logGet(46)) - raft.server.log.unsafe-flush.enabled = false (default)
2024-08-10 09:46:43,716 [om1-impl-thread1] INFO  server.RaftServerConfigKeys (ConfUtils.java:logGet(46)) - raft.server.log.async-flush.enabled = false (default)
2024-08-10 09:46:43,716 [om1-impl-thread1] INFO  server.RaftServerConfigKeys (ConfUtils.java:logGet(46)) - raft.server.log.statemachine.data.caching.enabled = false (default)
2024-08-10 09:46:43,717 [om1-impl-thread1] INFO  segmented.SegmentedRaftLogWorker (SegmentedRaftLogWorker.java:lambda$new$0(135)) - om1@group-C5BA1605619E-SegmentedRaftLogWorker: flushIndex: setUnconditionally 0 -> -1
2024-08-10 09:46:43,717 [om1-impl-thread1] INFO  segmented.SegmentedRaftLogWorker (SegmentedRaftLogWorker.java:lambda$new$0(135)) - om1@group-C5BA1605619E-SegmentedRaftLogWorker: safeCacheEvictIndex: setUnconditionally 0 -> -1
2024-08-10 09:46:43,717 [om1-impl-thread1] INFO  server.RaftServer$Division (RaftServerImpl.java:start(389)) - om1@group-C5BA1605619E: start as a follower, conf=conf: {index: -1, cur=peers:[om1|localhost:15590]|listeners:[], old=null}
2024-08-10 09:46:43,717 [om1-impl-thread1] INFO  server.RaftServer$Division (RaftServerImpl.java:setRole(376)) - om1@group-C5BA1605619E: changes role from      null to FOLLOWER at term 0 for startAsFollower
2024-08-10 09:46:43,717 [om1-impl-thread1] INFO  impl.RoleInfo (RoleInfo.java:updateAndGet(148)) - om1: start om1@group-C5BA1605619E-FollowerState
2024-08-10 09:46:43,722 [om1@group-C5BA1605619E-FollowerState] INFO  server.RaftServerConfigKeys (ConfUtils.java:logFallback(53)) - raft.server.rpc.first-election.timeout.min = 1s (fallback to raft.server.rpc.timeout.min)
2024-08-10 09:46:43,722 [om1@group-C5BA1605619E-FollowerState] INFO  server.RaftServerConfigKeys (ConfUtils.java:logFallback(53)) - raft.server.rpc.first-election.timeout.max = 1200ms (fallback to raft.server.rpc.timeout.max)
2024-08-10 09:46:43,722 [om1-impl-thread1] ERROR util.JmxRegister (JmxRegister.java:tryRegister(40)) - Failed to register JMX Bean with name Ratis:service=RaftServer,group=group-C5BA1605619E,id=om1
javax.management.InstanceAlreadyExistsException: Ratis:service=RaftServer,group=group-C5BA1605619E,id=om1
	at java.management/com.sun.jmx.mbeanserver.Repository.addMBean(Repository.java:436)
	at java.management/com.sun.jmx.interceptor.DefaultMBeanServerInterceptor.registerWithRepository(DefaultMBeanServerInterceptor.java:1865)
	at java.management/com.sun.jmx.interceptor.DefaultMBeanServerInterceptor.registerDynamicMBean(DefaultMBeanServerInterceptor.java:960)
	at java.management/com.sun.jmx.interceptor.DefaultMBeanServerInterceptor.registerObject(DefaultMBeanServerInterceptor.java:895)
	at java.management/com.sun.jmx.interceptor.DefaultMBeanServerInterceptor.registerMBean(DefaultMBeanServerInterceptor.java:320)
	at java.management/com.sun.jmx.mbeanserver.JmxMBeanServer.registerMBean(JmxMBeanServer.java:523)
	at org.apache.ratis.util.JmxRegister.tryRegister(JmxRegister.java:38)
	at org.apache.ratis.util.JmxRegister.register(JmxRegister.java:56)
	at org.apache.ratis.server.impl.RaftServerJmxAdapter.registerMBean(RaftServerJmxAdapter.java:36)
	at org.apache.ratis.server.impl.RaftServerJmxAdapter.registerMBean(RaftServerJmxAdapter.java:49)
	at org.apache.ratis.server.impl.RaftServerImpl.start(RaftServerImpl.java:399)
	at org.apache.ratis.util.ConcurrentUtils.accept(ConcurrentUtils.java:203)
	at org.apache.ratis.util.ConcurrentUtils.lambda$null$4(ConcurrentUtils.java:182)
	at java.base/java.util.concurrent.ThreadPoolExecutor.runWorker(ThreadPoolExecutor.java:1136)
	at java.base/java.util.concurrent.ThreadPoolExecutor$Worker.run(ThreadPoolExecutor.java:635)
	at java.base/java.lang.Thread.run(Thread.java:840)
2024-08-10 09:46:43,723 [om1-impl-thread1] INFO  util.JmxRegister (JmxRegister.java:tryRegister(44)) - Successfully registered JMX Bean with object name Ratis:service=RaftServer,group=group-C5BA1605619E,id="om1"
2024-08-10 09:46:43,723 [om1-impl-thread1] INFO  util.JmxRegister (JmxRegister.java:register(58)) - register mxBean class org.apache.ratis.server.impl.RaftServerJmxAdapter as Ratis:service=RaftServer,group=group-C5BA1605619E,id="om1"
2024-08-10 09:46:43,723 [om1-impl-thread1] INFO  server.RaftServerConfigKeys (ConfUtils.java:logGet(46)) - raft.server.snapshot.trigger-when-stop.enabled = true (default)
2024-08-10 09:46:43,723 [om1-impl-thread1] INFO  server.RaftServerConfigKeys (ConfUtils.java:logGet(46)) - raft.server.snapshot.trigger-when-remove.enabled = true (default)
2024-08-10 09:46:43,723 [om1-impl-thread1] INFO  server.RaftServerConfigKeys (ConfUtils.java:logGet(46)) - raft.server.snapshot.auto.trigger.enabled = true (custom)
2024-08-10 09:46:43,723 [om1-impl-thread1] INFO  server.RaftServerConfigKeys (ConfUtils.java:logGet(46)) - raft.server.snapshot.auto.trigger.threshold = 400000 (default)
2024-08-10 09:46:43,724 [om1-impl-thread1] INFO  server.RaftServerConfigKeys (ConfUtils.java:logGet(46)) - raft.server.snapshot.retention.file.num = -1 (default)
2024-08-10 09:46:43,724 [om1-impl-thread1] INFO  server.RaftServerConfigKeys (ConfUtils.java:logGet(46)) - raft.server.log.purge.upto.snapshot.index = true (custom)
2024-08-10 09:46:43,724 [main] INFO  server.RaftServer (RaftServerProxy.java:startImpl(408)) - om1: start RPC server
2024-08-10 09:46:43,725 [main] INFO  server.GrpcService (GrpcService.java:startImpl(302)) - om1: GrpcService started, listening on 15590
2024-08-10 09:46:43,725 [JvmPauseMonitor82] INFO  util.JvmPauseMonitor (JvmPauseMonitor.java:run(146)) - JvmPauseMonitor-om1: Started
2024-08-10 09:46:43,725 [main] INFO  om.OzoneManager (OzoneManager.java:start(1675)) - Version File has different layout version (7) than OM DB (null). That is expected if this OM has never been finalized to a newer layout version.
2024-08-10 09:46:43,727 [main] INFO  client.ScmTopologyClient (ScmTopologyClient.java:start(72)) - Initial network topology fetched from SCM: /.
2024-08-10 09:46:43,728 [main] INFO  net.NodeSchemaLoader (NodeSchemaLoader.java:loadSchemaFromFile(129)) - Loading schema from [jar:file:/home/runner/work/ozone/ozone/hadoop-hdds/common/target/hdds-common-1.5.0-SNAPSHOT.jar!/network-topology-default.xml]
2024-08-10 09:46:43,728 [main] INFO  net.NodeSchemaLoader (NodeSchemaLoader.java:loadSchema(176)) - Loading network topology layer schema file
2024-08-10 09:46:43,731 [main] INFO  http.BaseHttpServer (BaseHttpServer.java:newHttpServer2BuilderForOzone(223)) - Starting Web-server for ozoneManager at: http://0.0.0.0:15588
2024-08-10 09:46:43,731 [main] INFO  http.BaseHttpServer (BaseHttpServer.java:<init>(110)) - Hadoop Security Enabled: false Ozone Security Enabled: false Ozone HTTP Security Enabled: false 
2024-08-10 09:46:43,732 [main] WARN  server.AuthenticationFilter (AuthenticationFilter.java:constructSecretProvider(240)) - Unable to initialize FileSignerSecretProvider, falling back to use random secrets. Reason: Could not read signature secret file: /home/runner/hadoop-http-auth-signature-secret
2024-08-10 09:46:43,733 [main] INFO  http.HttpRequestLog (HttpRequestLog.java:getRequestLog(86)) - Http request log for http.requests.ozoneManager is not defined
2024-08-10 09:46:43,733 [main] INFO  http.HttpServer2 (HttpServer2.java:addGlobalFilter(1035)) - Added global filter 'safety' (class=org.apache.hadoop.hdds.server.http.HttpServer2$QuotingInputFilter)
2024-08-10 09:46:43,734 [main] INFO  http.HttpServer2 (HttpServer2.java:addFilter(1011)) - Added filter static_user_filter (class=org.apache.hadoop.http.lib.StaticUserWebFilter$StaticUserFilter) to context ozoneManager
2024-08-10 09:46:43,734 [main] INFO  http.HttpServer2 (HttpServer2.java:addFilter(1019)) - Added filter static_user_filter (class=org.apache.hadoop.http.lib.StaticUserWebFilter$StaticUserFilter) to context static
2024-08-10 09:46:43,734 [main] INFO  http.HttpServer2 (HttpServer2.java:addFilter(1019)) - Added filter static_user_filter (class=org.apache.hadoop.http.lib.StaticUserWebFilter$StaticUserFilter) to context logs
2024-08-10 09:46:43,734 [main] INFO  http.BaseHttpServer (BaseHttpServer.java:<init>(189)) - HTTP server of ozoneManager uses base directory /home/runner/work/ozone/ozone/hadoop-ozone/integration-test/target/test-dir/MiniOzoneClusterImpl-25487c27-6224-40aa-b0ad-008c83bbb5f2/ozone-meta/webserver
2024-08-10 09:46:43,734 [main] INFO  http.HttpServer2 (HttpServer2.java:bindListener(1235)) - Jetty bound to port 15588
2024-08-10 09:46:43,734 [main] INFO  server.Server (Server.java:doStart(375)) - jetty-9.4.55.v20240627; built: 2024-06-27T15:05:37.765Z; git: 70015831e5195ba74da6383c4ab7c90c56bb08af; jvm 17.0.12+7
2024-08-10 09:46:43,739 [main] INFO  server.session (DefaultSessionIdManager.java:doStart(334)) - DefaultSessionIdManager workerName=node0
2024-08-10 09:46:43,739 [main] INFO  server.session (DefaultSessionIdManager.java:doStart(339)) - No SessionScavenger set, using defaults
2024-08-10 09:46:43,739 [main] INFO  server.session (HouseKeeper.java:startScavenging(132)) - node0 Scavenging every 600000ms
2024-08-10 09:46:43,740 [main] INFO  handler.ContextHandler (ContextHandler.java:doStart(921)) - Started o.e.j.s.ServletContextHandler@5e994f44{logs,/logs,file:///home/runner/work/ozone/ozone/hadoop-ozone/integration-test/target/log,AVAILABLE}
2024-08-10 09:46:43,741 [main] INFO  handler.ContextHandler (ContextHandler.java:doStart(921)) - Started o.e.j.s.ServletContextHandler@50b61fe0{static,/static,file:///home/runner/work/ozone/ozone/hadoop-ozone/integration-test/target/test-classes/webapps/static,AVAILABLE}
2024-08-10 09:46:43,744 [main] INFO  handler.ContextHandler (ContextHandler.java:doStart(921)) - Started o.e.j.w.WebAppContext@4015deca{ozoneManager,/,file:///home/runner/work/ozone/ozone/hadoop-ozone/integration-test/target/test-classes/webapps/ozoneManager/,AVAILABLE}{file:/home/runner/work/ozone/ozone/hadoop-ozone/integration-test/target/test-classes/webapps/ozoneManager}
2024-08-10 09:46:43,744 [main] INFO  server.AbstractConnector (AbstractConnector.java:doStart(333)) - Started ServerConnector@16e9c09f{HTTP/1.1, (http/1.1)}{0.0.0.0:15588}
2024-08-10 09:46:43,744 [main] INFO  server.Server (Server.java:doStart(415)) - Started @537872ms
2024-08-10 09:46:43,744 [main] WARN  impl.MetricsSystemImpl (MetricsSystemImpl.java:register(279)) - Sink prometheus already exists!
2024-08-10 09:46:43,745 [main] INFO  http.BaseHttpServer (BaseHttpServer.java:updateConnectorAddress(354)) - HTTP server of ozoneManager listening at http://0.0.0.0:15588
2024-08-10 09:46:43,745 [IPC Server Responder] INFO  ipc.Server (Server.java:run(1562)) - IPC Server Responder: starting
2024-08-10 09:46:43,745 [IPC Server listener on 15587] INFO  ipc.Server (Server.java:run(1402)) - IPC Server listener on 15587: starting
2024-08-10 09:46:43,747 [main] INFO  om.OzoneManager (OzoneManager.java:startTrashEmptier(2130)) - Trash Interval set to 0. Files deleted won't move to trash
2024-08-10 09:46:43,755 [main] WARN  dropwizard3.Dm3MetricRegistriesImpl (Dm3MetricRegistriesImpl.java:addReporterRegistration(114)) - New reporters are added after registries were created. Some metrics will be missing from the reporter. Please add reporter before adding any new registry.
2024-08-10 09:46:43,755 [main] WARN  dropwizard3.Dm3MetricRegistriesImpl (Dm3MetricRegistriesImpl.java:addReporterRegistration(114)) - New reporters are added after registries were created. Some metrics will be missing from the reporter. Please add reporter before adding any new registry.
2024-08-10 09:46:43,755 [main] INFO  impl.MetricsSystemImpl (MetricsSystemImpl.java:init(158)) - HddsDatanode metrics system started (again)
2024-08-10 09:46:43,764 [main] INFO  ozone.HddsDatanodeService (HddsDatanodeService.java:start(235)) - HddsDatanodeService host:fv-az701-157.f3fyigry0suu1otrijw4un2zmf.cx.internal.cloudapp.net ip:10.1.0.23
2024-08-10 09:46:43,766 [main] INFO  upgrade.AbstractLayoutVersionManager (AbstractLayoutVersionManager.java:init(83)) - Initializing Layout version manager with metadata layout = HBASE_SUPPORT (version = 8), software layout = HBASE_SUPPORT (version = 8)
2024-08-10 09:46:43,766 [main] INFO  statemachine.DatanodeStateMachine (DatanodeStateMachine.java:getEndPointTaskThreadPoolSize(292)) - Datanode State Machine Task Thread Pool size 2
2024-08-10 09:46:43,767 [main] INFO  volume.HddsVolume (HddsVolume.java:<init>(126)) - Creating HddsVolume: /home/runner/work/ozone/ozone/hadoop-ozone/integration-test/target/test-dir/MiniOzoneClusterImpl-25487c27-6224-40aa-b0ad-008c83bbb5f2/ozone-meta/datanode-1/data-0/hdds of storage type : DISK capacity : 9222449699674390527
2024-08-10 09:46:43,767 [main] INFO  volume.MutableVolumeSet (MutableVolumeSet.java:initializeVolumeSet(173)) - Added Volume : /home/runner/work/ozone/ozone/hadoop-ozone/integration-test/target/test-dir/MiniOzoneClusterImpl-25487c27-6224-40aa-b0ad-008c83bbb5f2/ozone-meta/datanode-1/data-0/hdds to VolumeSet
2024-08-10 09:46:43,767 [main] INFO  volume.MutableVolumeSet (MutableVolumeSet.java:initializeVolumeSet(173)) - Added Volume : /home/runner/work/ozone/ozone/hadoop-ozone/integration-test/target/test-dir/MiniOzoneClusterImpl-25487c27-6224-40aa-b0ad-008c83bbb5f2/ozone-meta/datanode-1/ratis to VolumeSet
2024-08-10 09:46:43,768 [main] INFO  ozoneimpl.OzoneContainer (HddsVolumeUtil.java:loadAllHddsVolumeDbStore(103)) - Load 1 volumes DbStore cost: 0ms
2024-08-10 09:46:43,769 [main] INFO  server.RaftServer (ConfUtils.java:logGet(46)) - raft.rpc.type = GRPC (default)
2024-08-10 09:46:43,769 [main] INFO  grpc.GrpcConfigKeys (ConfUtils.java:logFallback(53)) - raft.grpc.admin.host = null (fallback to raft.grpc.server.host)
2024-08-10 09:46:43,769 [main] INFO  grpc.GrpcConfigKeys (ConfUtils.java:logGet(46)) - raft.grpc.admin.port = 15595 (custom)
2024-08-10 09:46:43,769 [main] INFO  grpc.GrpcConfigKeys (ConfUtils.java:logFallback(53)) - raft.grpc.client.host = null (fallback to raft.grpc.server.host)
2024-08-10 09:46:43,769 [main] INFO  grpc.GrpcConfigKeys (ConfUtils.java:logGet(46)) - raft.grpc.client.port = 15595 (custom)
2024-08-10 09:46:43,769 [main] INFO  grpc.GrpcConfigKeys (ConfUtils.java:logGet(46)) - raft.grpc.server.host = null (default)
2024-08-10 09:46:43,769 [main] INFO  grpc.GrpcConfigKeys (ConfUtils.java:logGet(46)) - raft.grpc.server.port = 15595 (custom)
2024-08-10 09:46:43,770 [main] INFO  server.GrpcService (ConfUtils.java:logGet(46)) - raft.grpc.message.size.max = 32MB (=33554432) (custom)
2024-08-10 09:46:43,770 [main] INFO  server.RaftServerConfigKeys (ConfUtils.java:logGet(46)) - raft.server.log.appender.buffer.byte-limit = 8388608 (custom)
2024-08-10 09:46:43,770 [main] INFO  server.GrpcService (ConfUtils.java:logGet(46)) - raft.grpc.flow.control.window = 5MB (=5242880) (custom)
2024-08-10 09:46:43,777 [main] INFO  server.RaftServerConfigKeys (ConfUtils.java:logGet(46)) - raft.server.rpc.request.timeout = 3000ms (default)
2024-08-10 09:46:43,777 [main] INFO  grpc.GrpcConfigKeys (ConfUtils.java:logGet(46)) - raft.grpc.server.heartbeat.channel = true (default)
2024-08-10 09:46:43,778 [main] INFO  grpc.GrpcConfigKeys (ConfUtils.java:logGet(46)) - raft.grpc.server.async.request.thread.pool.cached = true (default)
2024-08-10 09:46:43,778 [main] INFO  grpc.GrpcConfigKeys (ConfUtils.java:logGet(46)) - raft.grpc.server.async.request.thread.pool.size = 32 (default)
2024-08-10 09:46:43,778 [main] INFO  impl.DataStreamServerImpl (ConfUtils.java:logGet(46)) - raft.datastream.type = NETTY (custom)
2024-08-10 09:46:43,779 [main] INFO  server.RaftServerConfigKeys (ConfUtils.java:logGet(46)) - raft.server.data-stream.async.request.thread.pool.cached = false (default)
2024-08-10 09:46:43,779 [main] INFO  server.RaftServerConfigKeys (ConfUtils.java:logGet(46)) - raft.server.data-stream.async.request.thread.pool.size = 20 (custom)
2024-08-10 09:46:43,779 [main] INFO  server.RaftServerConfigKeys (ConfUtils.java:logGet(46)) - raft.server.data-stream.async.write.thread.pool.size = 16 (default)
2024-08-10 09:46:43,779 [main] INFO  netty.NettyConfigKeys$DataStream (ConfUtils.java:logGet(46)) - raft.netty.dataStream.server.channel.inactive.grace-period = 10min (default)
2024-08-10 09:46:43,779 [main] INFO  server.RaftServerConfigKeys (ConfUtils.java:logGet(46)) - raft.server.data-stream.client.pool.size = 10 (default)
2024-08-10 09:46:43,780 [main] INFO  netty.NettyConfigKeys$DataStream (ConfUtils.java:logGet(46)) - raft.netty.dataStream.server.use-epoll = true (default)
2024-08-10 09:46:43,780 [main] INFO  netty.NettyConfigKeys$DataStream (ConfUtils.java:logGet(46)) - raft.netty.dataStream.server.boss-group.size = 0 (default)
2024-08-10 09:46:43,780 [main] INFO  netty.NettyUtils (NettyUtils.java:newEventLoopGroup(74)) - Create EpollEventLoopGroup for d75f2dba-195c-437b-b62a-ed875b85e515-NettyServerStreamRpc-bossGroup; Thread size is 0.
2024-08-10 09:46:43,780 [main] INFO  netty.NettyConfigKeys$DataStream (ConfUtils.java:logGet(46)) - raft.netty.dataStream.server.worker-group.size = 0 (default)
2024-08-10 09:46:43,781 [main] INFO  netty.NettyUtils (NettyUtils.java:newEventLoopGroup(74)) - Create EpollEventLoopGroup for d75f2dba-195c-437b-b62a-ed875b85e515-NettyServerStreamRpc-workerGroup; Thread size is 0.
2024-08-10 09:46:43,781 [main] INFO  netty.NettyConfigKeys$DataStream (ConfUtils.java:logGet(46)) - raft.netty.dataStream.server.tls.conf = null (default)
2024-08-10 09:46:43,781 [main] INFO  netty.NettyConfigKeys$DataStream (ConfUtils.java:logGet(46)) - raft.netty.dataStream.host = null (default)
2024-08-10 09:46:43,781 [main] INFO  netty.NettyConfigKeys$DataStream (ConfUtils.java:logGet(46)) - raft.netty.dataStream.port = 15598 (custom)
2024-08-10 09:46:43,782 [main] INFO  server.RaftServerConfigKeys (ConfUtils.java:logGet(46)) - raft.server.sleep.deviation.threshold = 300ms (default)
2024-08-10 09:46:43,782 [main] INFO  server.RaftServerConfigKeys (ConfUtils.java:logGet(46)) - raft.server.close.threshold = 60s (default)
2024-08-10 09:46:43,782 [main] INFO  server.RaftServerConfigKeys (ConfUtils.java:logGet(46)) - raft.server.leaderelection.leader.step-down.wait-time = 10s (default)
2024-08-10 09:46:43,782 [main] INFO  server.RaftServerConfigKeys (ConfUtils.java:logGet(46)) - raft.server.storage.dir = [/home/runner/work/ozone/ozone/hadoop-ozone/integration-test/target/test-dir/MiniOzoneClusterImpl-25487c27-6224-40aa-b0ad-008c83bbb5f2/ozone-meta/datanode-1/ratis] (custom)
2024-08-10 09:46:43,783 [main] INFO  server.RaftServerConfigKeys (ConfUtils.java:logGet(46)) - raft.server.threadpool.proxy.cached = true (default)
2024-08-10 09:46:43,783 [main] INFO  server.RaftServerConfigKeys (ConfUtils.java:logGet(46)) - raft.server.threadpool.proxy.size = 0 (default)
2024-08-10 09:46:43,782 [d75f2dba-195c-437b-b62a-ed875b85e515-NettyServerStreamRpc-bossGroup--thread1] INFO  logging.LoggingHandler (AbstractInternalLogger.java:log(148)) - [id: 0x36af2ddb] REGISTERED
2024-08-10 09:46:43,783 [d75f2dba-195c-437b-b62a-ed875b85e515-NettyServerStreamRpc-bossGroup--thread1] INFO  logging.LoggingHandler (AbstractInternalLogger.java:log(148)) - [id: 0x36af2ddb] BIND: 0.0.0.0/0.0.0.0:15598
2024-08-10 09:46:43,783 [d75f2dba-195c-437b-b62a-ed875b85e515-NettyServerStreamRpc-bossGroup--thread1] INFO  logging.LoggingHandler (AbstractInternalLogger.java:log(148)) - [id: 0x36af2ddb, L:/0.0.0.0:15598] ACTIVE
2024-08-10 09:46:43,784 [d75f2dba-195c-437b-b62a-ed875b85e515-impl-thread1] INFO  server.RaftServer (RaftServerProxy.java:initGroupDir(266)) - d75f2dba-195c-437b-b62a-ed875b85e515: found a subdirectory /home/runner/work/ozone/ozone/hadoop-ozone/integration-test/target/test-dir/MiniOzoneClusterImpl-25487c27-6224-40aa-b0ad-008c83bbb5f2/ozone-meta/datanode-1/ratis/tmp
2024-08-10 09:46:43,784 [d75f2dba-195c-437b-b62a-ed875b85e515-impl-thread1] INFO  server.RaftServer (RaftServerProxy.java:initGroupDir(271)) - d75f2dba-195c-437b-b62a-ed875b85e515: The directory /home/runner/work/ozone/ozone/hadoop-ozone/integration-test/target/test-dir/MiniOzoneClusterImpl-25487c27-6224-40aa-b0ad-008c83bbb5f2/ozone-meta/datanode-1/ratis/tmp is not a group directory; ignoring it. 
2024-08-10 09:46:43,784 [main] INFO  replication.ReplicationServer (ReplicationServer.java:<init>(86)) - Initializing replication server with thread count = 10 queue length = 4096
2024-08-10 09:46:43,785 [main] INFO  server.XceiverServerGrpc (XceiverServerGrpc.java:<init>(141)) - GrpcServer channel type EpollServerSocketChannel
2024-08-10 09:46:43,786 [main] INFO  replication.ReplicationSupervisor (ReplicationSupervisor.java:build(157)) - Initializing replication supervisor with thread count = 10
2024-08-10 09:46:43,786 [main] INFO  replication.ReplicationSupervisor (ReplicationSupervisor.java:nodeStateUpdated(312)) - Node state updated to IN_SERVICE, scaling executor pool size to 10
2024-08-10 09:46:43,788 [main] INFO  http.BaseHttpServer (BaseHttpServer.java:newHttpServer2BuilderForOzone(223)) - Starting Web-server for hddsDatanode at: http://0.0.0.0:15592
2024-08-10 09:46:43,788 [main] INFO  http.BaseHttpServer (BaseHttpServer.java:<init>(110)) - Hadoop Security Enabled: false Ozone Security Enabled: false Ozone HTTP Security Enabled: false 
2024-08-10 09:46:43,789 [main] WARN  server.AuthenticationFilter (AuthenticationFilter.java:constructSecretProvider(240)) - Unable to initialize FileSignerSecretProvider, falling back to use random secrets. Reason: Could not read signature secret file: /home/runner/hadoop-http-auth-signature-secret
2024-08-10 09:46:43,790 [main] INFO  http.HttpRequestLog (HttpRequestLog.java:getRequestLog(86)) - Http request log for http.requests.hddsDatanode is not defined
2024-08-10 09:46:43,791 [main] INFO  http.HttpServer2 (HttpServer2.java:addGlobalFilter(1035)) - Added global filter 'safety' (class=org.apache.hadoop.hdds.server.http.HttpServer2$QuotingInputFilter)
2024-08-10 09:46:43,791 [main] INFO  http.HttpServer2 (HttpServer2.java:addFilter(1011)) - Added filter static_user_filter (class=org.apache.hadoop.http.lib.StaticUserWebFilter$StaticUserFilter) to context hddsDatanode
2024-08-10 09:46:43,791 [main] INFO  http.HttpServer2 (HttpServer2.java:addFilter(1019)) - Added filter static_user_filter (class=org.apache.hadoop.http.lib.StaticUserWebFilter$StaticUserFilter) to context logs
2024-08-10 09:46:43,791 [main] INFO  http.HttpServer2 (HttpServer2.java:addFilter(1019)) - Added filter static_user_filter (class=org.apache.hadoop.http.lib.StaticUserWebFilter$StaticUserFilter) to context static
2024-08-10 09:46:43,792 [main] INFO  http.BaseHttpServer (BaseHttpServer.java:<init>(189)) - HTTP server of hddsDatanode uses base directory /home/runner/work/ozone/ozone/hadoop-ozone/integration-test/target/test-dir/MiniOzoneClusterImpl-25487c27-6224-40aa-b0ad-008c83bbb5f2/ozone-meta/datanode-1/meta/webserver
2024-08-10 09:46:43,792 [main] INFO  http.HttpServer2 (HttpServer2.java:bindListener(1235)) - Jetty bound to port 15592
2024-08-10 09:46:43,792 [main] INFO  server.Server (Server.java:doStart(375)) - jetty-9.4.55.v20240627; built: 2024-06-27T15:05:37.765Z; git: 70015831e5195ba74da6383c4ab7c90c56bb08af; jvm 17.0.12+7
2024-08-10 09:46:43,793 [main] INFO  server.session (DefaultSessionIdManager.java:doStart(334)) - DefaultSessionIdManager workerName=node0
2024-08-10 09:46:43,794 [main] INFO  server.session (DefaultSessionIdManager.java:doStart(339)) - No SessionScavenger set, using defaults
2024-08-10 09:46:43,794 [main] INFO  server.session (HouseKeeper.java:startScavenging(132)) - node0 Scavenging every 660000ms
2024-08-10 09:46:43,794 [main] INFO  handler.ContextHandler (ContextHandler.java:doStart(921)) - Started o.e.j.s.ServletContextHandler@5cd08a92{logs,/logs,file:///home/runner/work/ozone/ozone/hadoop-ozone/integration-test/target/log,AVAILABLE}
2024-08-10 09:46:43,794 [main] INFO  handler.ContextHandler (ContextHandler.java:doStart(921)) - Started o.e.j.s.ServletContextHandler@33ca5297{static,/static,jar:file:/home/runner/work/ozone/ozone/hadoop-hdds/container-service/target/hdds-container-service-1.5.0-SNAPSHOT.jar!/webapps/static,AVAILABLE}
2024-08-10 09:46:44,012 [main] INFO  handler.ContextHandler (ContextHandler.java:doStart(921)) - Started o.e.j.w.WebAppContext@5a747013{hddsDatanode,/,file:///home/runner/work/ozone/ozone/hadoop-ozone/integration-test/target/test-dir/MiniOzoneClusterImpl-25487c27-6224-40aa-b0ad-008c83bbb5f2/ozone-meta/datanode-1/meta/webserver/jetty-0_0_0_0-15592-hdds-container-service-1_5_0-SNAPSHOT_jar-_-any-3632048724339831740/webapp/,AVAILABLE}{jar:file:/home/runner/work/ozone/ozone/hadoop-hdds/container-service/target/hdds-container-service-1.5.0-SNAPSHOT.jar!/webapps/hddsDatanode}
2024-08-10 09:46:44,012 [main] INFO  server.AbstractConnector (AbstractConnector.java:doStart(333)) - Started ServerConnector@5b8f29ed{HTTP/1.1, (http/1.1)}{0.0.0.0:15592}
2024-08-10 09:46:44,013 [main] INFO  server.Server (Server.java:doStart(415)) - Started @538140ms
2024-08-10 09:46:44,013 [main] WARN  impl.MetricsSystemImpl (MetricsSystemImpl.java:register(279)) - Sink prometheus already exists!
2024-08-10 09:46:44,013 [main] INFO  http.BaseHttpServer (BaseHttpServer.java:updateConnectorAddress(354)) - HTTP server of hddsDatanode listening at http://0.0.0.0:15592
2024-08-10 09:46:44,014 [main] INFO  ipc.CallQueueManager (CallQueueManager.java:<init>(90)) - Using callQueue: class java.util.concurrent.LinkedBlockingQueue, queueCapacity: 1000, scheduler: class org.apache.hadoop.ipc.DefaultRpcScheduler, ipcBackoff: false.
2024-08-10 09:46:44,014 [main] INFO  ipc.Server (Server.java:<init>(1287)) - Listener at 0.0.0.0:15593
2024-08-10 09:46:44,014 [Socket Reader #1 for port 15593] INFO  ipc.Server (Server.java:run(1323)) - Starting Socket Reader #1 for port 15593
2024-08-10 09:46:44,015 [main] INFO  ozone.HddsDatanodeService (HddsDatanodeService.java:start(319)) - Datanode start with admins: [runner]
2024-08-10 09:46:44,015 [main] INFO  ozone.HddsDatanodeClientProtocolServer (HddsDatanodeClientProtocolServer.java:start(77)) - RPC server for Client /0.0.0.0:15593
2024-08-10 09:46:44,015 [IPC Server Responder] INFO  ipc.Server (Server.java:run(1562)) - IPC Server Responder: starting
2024-08-10 09:46:44,016 [IPC Server listener on 15593] INFO  ipc.Server (Server.java:run(1402)) - IPC Server listener on 15593: starting
2024-08-10 09:46:44,017 [main] WARN  dropwizard3.Dm3MetricRegistriesImpl (Dm3MetricRegistriesImpl.java:addReporterRegistration(114)) - New reporters are added after registries were created. Some metrics will be missing from the reporter. Please add reporter before adding any new registry.
2024-08-10 09:46:44,017 [main] WARN  dropwizard3.Dm3MetricRegistriesImpl (Dm3MetricRegistriesImpl.java:addReporterRegistration(114)) - New reporters are added after registries were created. Some metrics will be missing from the reporter. Please add reporter before adding any new registry.
2024-08-10 09:46:44,017 [main] INFO  impl.MetricsSystemImpl (MetricsSystemImpl.java:init(158)) - HddsDatanode metrics system started (again)
2024-08-10 09:46:44,018 [d75f2dba-195c-437b-b62a-ed875b85e515-DatanodeStateMachineDaemonThread] INFO  statemachine.DatanodeStateMachine (DatanodeStateMachine.java:startStateMachineThread(335)) - Ozone container server started.
2024-08-10 09:46:44,027 [d75f2dba-195c-437b-b62a-ed875b85e515-DatanodeStateMachineTaskThread-0] INFO  datanode.InitDatanodeState (InitDatanodeState.java:persistContainerDatanodeDetails(139)) - DatanodeDetails is persisted to /home/runner/work/ozone/ozone/hadoop-ozone/integration-test/target/test-dir/MiniOzoneClusterImpl-25487c27-6224-40aa-b0ad-008c83bbb5f2/ozone-meta/datanode-1/meta/datanode.id
2024-08-10 09:46:44,029 [main] INFO  ozone.HddsDatanodeService (HddsDatanodeService.java:start(235)) - HddsDatanodeService host:fv-az701-157.f3fyigry0suu1otrijw4un2zmf.cx.internal.cloudapp.net ip:10.1.0.23
2024-08-10 09:46:44,031 [main] INFO  upgrade.AbstractLayoutVersionManager (AbstractLayoutVersionManager.java:init(83)) - Initializing Layout version manager with metadata layout = HBASE_SUPPORT (version = 8), software layout = HBASE_SUPPORT (version = 8)
2024-08-10 09:46:44,031 [main] INFO  statemachine.DatanodeStateMachine (DatanodeStateMachine.java:getEndPointTaskThreadPoolSize(292)) - Datanode State Machine Task Thread Pool size 2
2024-08-10 09:46:44,032 [main] INFO  volume.HddsVolume (HddsVolume.java:<init>(126)) - Creating HddsVolume: /home/runner/work/ozone/ozone/hadoop-ozone/integration-test/target/test-dir/MiniOzoneClusterImpl-25487c27-6224-40aa-b0ad-008c83bbb5f2/ozone-meta/datanode-2/data-0/hdds of storage type : DISK capacity : 9222449699674390527
2024-08-10 09:46:44,032 [main] INFO  volume.MutableVolumeSet (MutableVolumeSet.java:initializeVolumeSet(173)) - Added Volume : /home/runner/work/ozone/ozone/hadoop-ozone/integration-test/target/test-dir/MiniOzoneClusterImpl-25487c27-6224-40aa-b0ad-008c83bbb5f2/ozone-meta/datanode-2/data-0/hdds to VolumeSet
2024-08-10 09:46:44,032 [main] INFO  volume.MutableVolumeSet (MutableVolumeSet.java:initializeVolumeSet(173)) - Added Volume : /home/runner/work/ozone/ozone/hadoop-ozone/integration-test/target/test-dir/MiniOzoneClusterImpl-25487c27-6224-40aa-b0ad-008c83bbb5f2/ozone-meta/datanode-2/ratis to VolumeSet
2024-08-10 09:46:44,033 [main] INFO  ozoneimpl.OzoneContainer (HddsVolumeUtil.java:loadAllHddsVolumeDbStore(103)) - Load 1 volumes DbStore cost: 0ms
2024-08-10 09:46:44,034 [main] INFO  server.RaftServer (ConfUtils.java:logGet(46)) - raft.rpc.type = GRPC (default)
2024-08-10 09:46:44,034 [main] INFO  grpc.GrpcConfigKeys (ConfUtils.java:logFallback(53)) - raft.grpc.admin.host = null (fallback to raft.grpc.server.host)
2024-08-10 09:46:44,034 [main] INFO  grpc.GrpcConfigKeys (ConfUtils.java:logGet(46)) - raft.grpc.admin.port = 15604 (custom)
2024-08-10 09:46:44,034 [main] INFO  grpc.GrpcConfigKeys (ConfUtils.java:logFallback(53)) - raft.grpc.client.host = null (fallback to raft.grpc.server.host)
2024-08-10 09:46:44,035 [main] INFO  grpc.GrpcConfigKeys (ConfUtils.java:logGet(46)) - raft.grpc.client.port = 15604 (custom)
2024-08-10 09:46:44,035 [main] INFO  grpc.GrpcConfigKeys (ConfUtils.java:logGet(46)) - raft.grpc.server.host = null (default)
2024-08-10 09:46:44,035 [main] INFO  grpc.GrpcConfigKeys (ConfUtils.java:logGet(46)) - raft.grpc.server.port = 15604 (custom)
2024-08-10 09:46:44,035 [main] INFO  server.GrpcService (ConfUtils.java:logGet(46)) - raft.grpc.message.size.max = 32MB (=33554432) (custom)
2024-08-10 09:46:44,035 [main] INFO  server.RaftServerConfigKeys (ConfUtils.java:logGet(46)) - raft.server.log.appender.buffer.byte-limit = 8388608 (custom)
2024-08-10 09:46:44,035 [main] INFO  server.GrpcService (ConfUtils.java:logGet(46)) - raft.grpc.flow.control.window = 5MB (=5242880) (custom)
2024-08-10 09:46:44,035 [main] INFO  server.RaftServerConfigKeys (ConfUtils.java:logGet(46)) - raft.server.rpc.request.timeout = 3000ms (default)
2024-08-10 09:46:44,036 [main] INFO  grpc.GrpcConfigKeys (ConfUtils.java:logGet(46)) - raft.grpc.server.heartbeat.channel = true (default)
2024-08-10 09:46:44,036 [main] INFO  grpc.GrpcConfigKeys (ConfUtils.java:logGet(46)) - raft.grpc.server.async.request.thread.pool.cached = true (default)
2024-08-10 09:46:44,036 [main] INFO  grpc.GrpcConfigKeys (ConfUtils.java:logGet(46)) - raft.grpc.server.async.request.thread.pool.size = 32 (default)
2024-08-10 09:46:44,037 [main] INFO  impl.DataStreamServerImpl (ConfUtils.java:logGet(46)) - raft.datastream.type = NETTY (custom)
2024-08-10 09:46:44,037 [main] INFO  server.RaftServerConfigKeys (ConfUtils.java:logGet(46)) - raft.server.data-stream.async.request.thread.pool.cached = false (default)
2024-08-10 09:46:44,037 [main] INFO  server.RaftServerConfigKeys (ConfUtils.java:logGet(46)) - raft.server.data-stream.async.request.thread.pool.size = 20 (custom)
2024-08-10 09:46:44,037 [main] INFO  server.RaftServerConfigKeys (ConfUtils.java:logGet(46)) - raft.server.data-stream.async.write.thread.pool.size = 16 (default)
2024-08-10 09:46:44,037 [main] INFO  netty.NettyConfigKeys$DataStream (ConfUtils.java:logGet(46)) - raft.netty.dataStream.server.channel.inactive.grace-period = 10min (default)
2024-08-10 09:46:44,038 [main] INFO  server.RaftServerConfigKeys (ConfUtils.java:logGet(46)) - raft.server.data-stream.client.pool.size = 10 (default)
2024-08-10 09:46:44,038 [main] INFO  netty.NettyConfigKeys$DataStream (ConfUtils.java:logGet(46)) - raft.netty.dataStream.server.use-epoll = true (default)
2024-08-10 09:46:44,038 [main] INFO  netty.NettyConfigKeys$DataStream (ConfUtils.java:logGet(46)) - raft.netty.dataStream.server.boss-group.size = 0 (default)
2024-08-10 09:46:44,038 [main] INFO  netty.NettyUtils (NettyUtils.java:newEventLoopGroup(74)) - Create EpollEventLoopGroup for 280ba735-fec6-4a50-aa81-34035c985b11-NettyServerStreamRpc-bossGroup; Thread size is 0.
2024-08-10 09:46:44,038 [main] INFO  netty.NettyConfigKeys$DataStream (ConfUtils.java:logGet(46)) - raft.netty.dataStream.server.worker-group.size = 0 (default)
2024-08-10 09:46:44,039 [main] INFO  netty.NettyUtils (NettyUtils.java:newEventLoopGroup(74)) - Create EpollEventLoopGroup for 280ba735-fec6-4a50-aa81-34035c985b11-NettyServerStreamRpc-workerGroup; Thread size is 0.
2024-08-10 09:46:44,039 [main] INFO  netty.NettyConfigKeys$DataStream (ConfUtils.java:logGet(46)) - raft.netty.dataStream.server.tls.conf = null (default)
2024-08-10 09:46:44,039 [main] INFO  netty.NettyConfigKeys$DataStream (ConfUtils.java:logGet(46)) - raft.netty.dataStream.host = null (default)
2024-08-10 09:46:44,039 [main] INFO  netty.NettyConfigKeys$DataStream (ConfUtils.java:logGet(46)) - raft.netty.dataStream.port = 15607 (custom)
2024-08-10 09:46:44,040 [main] INFO  server.RaftServerConfigKeys (ConfUtils.java:logGet(46)) - raft.server.sleep.deviation.threshold = 300ms (default)
2024-08-10 09:46:44,040 [main] INFO  server.RaftServerConfigKeys (ConfUtils.java:logGet(46)) - raft.server.close.threshold = 60s (default)
2024-08-10 09:46:44,040 [main] INFO  server.RaftServerConfigKeys (ConfUtils.java:logGet(46)) - raft.server.leaderelection.leader.step-down.wait-time = 10s (default)
2024-08-10 09:46:44,040 [main] INFO  server.RaftServerConfigKeys (ConfUtils.java:logGet(46)) - raft.server.storage.dir = [/home/runner/work/ozone/ozone/hadoop-ozone/integration-test/target/test-dir/MiniOzoneClusterImpl-25487c27-6224-40aa-b0ad-008c83bbb5f2/ozone-meta/datanode-2/ratis] (custom)
2024-08-10 09:46:44,040 [main] INFO  server.RaftServerConfigKeys (ConfUtils.java:logGet(46)) - raft.server.threadpool.proxy.cached = true (default)
2024-08-10 09:46:44,041 [main] INFO  server.RaftServerConfigKeys (ConfUtils.java:logGet(46)) - raft.server.threadpool.proxy.size = 0 (default)
2024-08-10 09:46:44,040 [280ba735-fec6-4a50-aa81-34035c985b11-NettyServerStreamRpc-bossGroup--thread1] INFO  logging.LoggingHandler (AbstractInternalLogger.java:log(148)) - [id: 0xdf5dfb6c] REGISTERED
2024-08-10 09:46:44,041 [280ba735-fec6-4a50-aa81-34035c985b11-NettyServerStreamRpc-bossGroup--thread1] INFO  logging.LoggingHandler (AbstractInternalLogger.java:log(148)) - [id: 0xdf5dfb6c] BIND: 0.0.0.0/0.0.0.0:15607
2024-08-10 09:46:44,041 [280ba735-fec6-4a50-aa81-34035c985b11-NettyServerStreamRpc-bossGroup--thread1] INFO  logging.LoggingHandler (AbstractInternalLogger.java:log(148)) - [id: 0xdf5dfb6c, L:/0.0.0.0:15607] ACTIVE
2024-08-10 09:46:44,041 [280ba735-fec6-4a50-aa81-34035c985b11-impl-thread1] INFO  server.RaftServer (RaftServerProxy.java:initGroupDir(266)) - 280ba735-fec6-4a50-aa81-34035c985b11: found a subdirectory /home/runner/work/ozone/ozone/hadoop-ozone/integration-test/target/test-dir/MiniOzoneClusterImpl-25487c27-6224-40aa-b0ad-008c83bbb5f2/ozone-meta/datanode-2/ratis/tmp
2024-08-10 09:46:44,041 [280ba735-fec6-4a50-aa81-34035c985b11-impl-thread1] INFO  server.RaftServer (RaftServerProxy.java:initGroupDir(271)) - 280ba735-fec6-4a50-aa81-34035c985b11: The directory /home/runner/work/ozone/ozone/hadoop-ozone/integration-test/target/test-dir/MiniOzoneClusterImpl-25487c27-6224-40aa-b0ad-008c83bbb5f2/ozone-meta/datanode-2/ratis/tmp is not a group directory; ignoring it. 
2024-08-10 09:46:44,042 [main] INFO  replication.ReplicationServer (ReplicationServer.java:<init>(86)) - Initializing replication server with thread count = 10 queue length = 4096
2024-08-10 09:46:44,042 [main] INFO  server.XceiverServerGrpc (XceiverServerGrpc.java:<init>(141)) - GrpcServer channel type EpollServerSocketChannel
2024-08-10 09:46:44,043 [main] INFO  replication.ReplicationSupervisor (ReplicationSupervisor.java:build(157)) - Initializing replication supervisor with thread count = 10
2024-08-10 09:46:44,044 [main] INFO  replication.ReplicationSupervisor (ReplicationSupervisor.java:nodeStateUpdated(312)) - Node state updated to IN_SERVICE, scaling executor pool size to 10
2024-08-10 09:46:44,045 [main] INFO  http.BaseHttpServer (BaseHttpServer.java:newHttpServer2BuilderForOzone(223)) - Starting Web-server for hddsDatanode at: http://0.0.0.0:15601
2024-08-10 09:46:44,045 [main] INFO  http.BaseHttpServer (BaseHttpServer.java:<init>(110)) - Hadoop Security Enabled: false Ozone Security Enabled: false Ozone HTTP Security Enabled: false 
2024-08-10 09:46:44,046 [main] WARN  server.AuthenticationFilter (AuthenticationFilter.java:constructSecretProvider(240)) - Unable to initialize FileSignerSecretProvider, falling back to use random secrets. Reason: Could not read signature secret file: /home/runner/hadoop-http-auth-signature-secret
2024-08-10 09:46:44,046 [main] INFO  http.HttpRequestLog (HttpRequestLog.java:getRequestLog(86)) - Http request log for http.requests.hddsDatanode is not defined
2024-08-10 09:46:44,047 [main] INFO  http.HttpServer2 (HttpServer2.java:addGlobalFilter(1035)) - Added global filter 'safety' (class=org.apache.hadoop.hdds.server.http.HttpServer2$QuotingInputFilter)
2024-08-10 09:46:44,047 [main] INFO  http.HttpServer2 (HttpServer2.java:addFilter(1011)) - Added filter static_user_filter (class=org.apache.hadoop.http.lib.StaticUserWebFilter$StaticUserFilter) to context hddsDatanode
2024-08-10 09:46:44,047 [main] INFO  http.HttpServer2 (HttpServer2.java:addFilter(1019)) - Added filter static_user_filter (class=org.apache.hadoop.http.lib.StaticUserWebFilter$StaticUserFilter) to context static
2024-08-10 09:46:44,048 [main] INFO  http.HttpServer2 (HttpServer2.java:addFilter(1019)) - Added filter static_user_filter (class=org.apache.hadoop.http.lib.StaticUserWebFilter$StaticUserFilter) to context logs
2024-08-10 09:46:44,048 [main] INFO  http.BaseHttpServer (BaseHttpServer.java:<init>(189)) - HTTP server of hddsDatanode uses base directory /home/runner/work/ozone/ozone/hadoop-ozone/integration-test/target/test-dir/MiniOzoneClusterImpl-25487c27-6224-40aa-b0ad-008c83bbb5f2/ozone-meta/datanode-2/meta/webserver
2024-08-10 09:46:44,048 [main] INFO  http.HttpServer2 (HttpServer2.java:bindListener(1235)) - Jetty bound to port 15601
2024-08-10 09:46:44,048 [main] INFO  server.Server (Server.java:doStart(375)) - jetty-9.4.55.v20240627; built: 2024-06-27T15:05:37.765Z; git: 70015831e5195ba74da6383c4ab7c90c56bb08af; jvm 17.0.12+7
2024-08-10 09:46:44,050 [main] INFO  server.session (DefaultSessionIdManager.java:doStart(334)) - DefaultSessionIdManager workerName=node0
2024-08-10 09:46:44,050 [main] INFO  server.session (DefaultSessionIdManager.java:doStart(339)) - No SessionScavenger set, using defaults
2024-08-10 09:46:44,050 [main] INFO  server.session (HouseKeeper.java:startScavenging(132)) - node0 Scavenging every 660000ms
2024-08-10 09:46:44,050 [main] INFO  handler.ContextHandler (ContextHandler.java:doStart(921)) - Started o.e.j.s.ServletContextHandler@1d6932{logs,/logs,file:///home/runner/work/ozone/ozone/hadoop-ozone/integration-test/target/log,AVAILABLE}
2024-08-10 09:46:44,051 [main] INFO  handler.ContextHandler (ContextHandler.java:doStart(921)) - Started o.e.j.s.ServletContextHandler@2c2e4e2a{static,/static,jar:file:/home/runner/work/ozone/ozone/hadoop-hdds/container-service/target/hdds-container-service-1.5.0-SNAPSHOT.jar!/webapps/static,AVAILABLE}
2024-08-10 09:46:44,242 [main] INFO  handler.ContextHandler (ContextHandler.java:doStart(921)) - Started o.e.j.w.WebAppContext@e361d62{hddsDatanode,/,file:///home/runner/work/ozone/ozone/hadoop-ozone/integration-test/target/test-dir/MiniOzoneClusterImpl-25487c27-6224-40aa-b0ad-008c83bbb5f2/ozone-meta/datanode-2/meta/webserver/jetty-0_0_0_0-15601-hdds-container-service-1_5_0-SNAPSHOT_jar-_-any-2105934385205822472/webapp/,AVAILABLE}{jar:file:/home/runner/work/ozone/ozone/hadoop-hdds/container-service/target/hdds-container-service-1.5.0-SNAPSHOT.jar!/webapps/hddsDatanode}
2024-08-10 09:46:44,243 [main] INFO  server.AbstractConnector (AbstractConnector.java:doStart(333)) - Started ServerConnector@5756dc17{HTTP/1.1, (http/1.1)}{0.0.0.0:15601}
2024-08-10 09:46:44,243 [main] INFO  server.Server (Server.java:doStart(415)) - Started @538370ms
2024-08-10 09:46:44,243 [main] WARN  impl.MetricsSystemImpl (MetricsSystemImpl.java:register(279)) - Sink prometheus already exists!
2024-08-10 09:46:44,244 [main] INFO  http.BaseHttpServer (BaseHttpServer.java:updateConnectorAddress(354)) - HTTP server of hddsDatanode listening at http://0.0.0.0:15601
2024-08-10 09:46:44,244 [main] INFO  ipc.CallQueueManager (CallQueueManager.java:<init>(90)) - Using callQueue: class java.util.concurrent.LinkedBlockingQueue, queueCapacity: 1000, scheduler: class org.apache.hadoop.ipc.DefaultRpcScheduler, ipcBackoff: false.
2024-08-10 09:46:44,244 [main] INFO  ipc.Server (Server.java:<init>(1287)) - Listener at 0.0.0.0:15602
2024-08-10 09:46:44,244 [Socket Reader #1 for port 15602] INFO  ipc.Server (Server.java:run(1323)) - Starting Socket Reader #1 for port 15602
2024-08-10 09:46:44,245 [main] INFO  ozone.HddsDatanodeService (HddsDatanodeService.java:start(319)) - Datanode start with admins: [runner]
2024-08-10 09:46:44,246 [main] INFO  ozone.HddsDatanodeClientProtocolServer (HddsDatanodeClientProtocolServer.java:start(77)) - RPC server for Client /0.0.0.0:15602
2024-08-10 09:46:44,246 [IPC Server Responder] INFO  ipc.Server (Server.java:run(1562)) - IPC Server Responder: starting
2024-08-10 09:46:44,247 [IPC Server listener on 15602] INFO  ipc.Server (Server.java:run(1402)) - IPC Server listener on 15602: starting
2024-08-10 09:46:44,249 [main] WARN  dropwizard3.Dm3MetricRegistriesImpl (Dm3MetricRegistriesImpl.java:addReporterRegistration(114)) - New reporters are added after registries were created. Some metrics will be missing from the reporter. Please add reporter before adding any new registry.
2024-08-10 09:46:44,249 [main] WARN  dropwizard3.Dm3MetricRegistriesImpl (Dm3MetricRegistriesImpl.java:addReporterRegistration(114)) - New reporters are added after registries were created. Some metrics will be missing from the reporter. Please add reporter before adding any new registry.
2024-08-10 09:46:44,249 [main] INFO  impl.MetricsSystemImpl (MetricsSystemImpl.java:init(158)) - HddsDatanode metrics system started (again)
2024-08-10 09:46:44,250 [280ba735-fec6-4a50-aa81-34035c985b11-DatanodeStateMachineDaemonThread] INFO  statemachine.DatanodeStateMachine (DatanodeStateMachine.java:startStateMachineThread(335)) - Ozone container server started.
2024-08-10 09:46:44,251 [280ba735-fec6-4a50-aa81-34035c985b11-DatanodeStateMachineTaskThread-0] INFO  datanode.InitDatanodeState (InitDatanodeState.java:persistContainerDatanodeDetails(139)) - DatanodeDetails is persisted to /home/runner/work/ozone/ozone/hadoop-ozone/integration-test/target/test-dir/MiniOzoneClusterImpl-25487c27-6224-40aa-b0ad-008c83bbb5f2/ozone-meta/datanode-2/meta/datanode.id
2024-08-10 09:46:44,258 [main] INFO  ozone.HddsDatanodeService (HddsDatanodeService.java:start(235)) - HddsDatanodeService host:fv-az701-157.f3fyigry0suu1otrijw4un2zmf.cx.internal.cloudapp.net ip:10.1.0.23
2024-08-10 09:46:44,260 [main] INFO  upgrade.AbstractLayoutVersionManager (AbstractLayoutVersionManager.java:init(83)) - Initializing Layout version manager with metadata layout = HBASE_SUPPORT (version = 8), software layout = HBASE_SUPPORT (version = 8)
2024-08-10 09:46:44,260 [main] INFO  statemachine.DatanodeStateMachine (DatanodeStateMachine.java:getEndPointTaskThreadPoolSize(292)) - Datanode State Machine Task Thread Pool size 2
2024-08-10 09:46:44,261 [main] INFO  volume.HddsVolume (HddsVolume.java:<init>(126)) - Creating HddsVolume: /home/runner/work/ozone/ozone/hadoop-ozone/integration-test/target/test-dir/MiniOzoneClusterImpl-25487c27-6224-40aa-b0ad-008c83bbb5f2/ozone-meta/datanode-3/data-0/hdds of storage type : DISK capacity : 9222449699674390527
2024-08-10 09:46:44,261 [main] INFO  volume.MutableVolumeSet (MutableVolumeSet.java:initializeVolumeSet(173)) - Added Volume : /home/runner/work/ozone/ozone/hadoop-ozone/integration-test/target/test-dir/MiniOzoneClusterImpl-25487c27-6224-40aa-b0ad-008c83bbb5f2/ozone-meta/datanode-3/data-0/hdds to VolumeSet
2024-08-10 09:46:44,261 [main] INFO  volume.MutableVolumeSet (MutableVolumeSet.java:initializeVolumeSet(173)) - Added Volume : /home/runner/work/ozone/ozone/hadoop-ozone/integration-test/target/test-dir/MiniOzoneClusterImpl-25487c27-6224-40aa-b0ad-008c83bbb5f2/ozone-meta/datanode-3/ratis to VolumeSet
2024-08-10 09:46:44,261 [main] INFO  ozoneimpl.OzoneContainer (HddsVolumeUtil.java:loadAllHddsVolumeDbStore(103)) - Load 1 volumes DbStore cost: 0ms
2024-08-10 09:46:44,262 [main] INFO  server.RaftServer (ConfUtils.java:logGet(46)) - raft.rpc.type = GRPC (default)
2024-08-10 09:46:44,263 [main] INFO  grpc.GrpcConfigKeys (ConfUtils.java:logFallback(53)) - raft.grpc.admin.host = null (fallback to raft.grpc.server.host)
2024-08-10 09:46:44,263 [main] INFO  grpc.GrpcConfigKeys (ConfUtils.java:logGet(46)) - raft.grpc.admin.port = 15613 (custom)
2024-08-10 09:46:44,263 [main] INFO  grpc.GrpcConfigKeys (ConfUtils.java:logFallback(53)) - raft.grpc.client.host = null (fallback to raft.grpc.server.host)
2024-08-10 09:46:44,263 [main] INFO  grpc.GrpcConfigKeys (ConfUtils.java:logGet(46)) - raft.grpc.client.port = 15613 (custom)
2024-08-10 09:46:44,263 [main] INFO  grpc.GrpcConfigKeys (ConfUtils.java:logGet(46)) - raft.grpc.server.host = null (default)
2024-08-10 09:46:44,263 [main] INFO  grpc.GrpcConfigKeys (ConfUtils.java:logGet(46)) - raft.grpc.server.port = 15613 (custom)
2024-08-10 09:46:44,263 [main] INFO  server.GrpcService (ConfUtils.java:logGet(46)) - raft.grpc.message.size.max = 32MB (=33554432) (custom)
2024-08-10 09:46:44,263 [main] INFO  server.RaftServerConfigKeys (ConfUtils.java:logGet(46)) - raft.server.log.appender.buffer.byte-limit = 8388608 (custom)
2024-08-10 09:46:44,263 [main] INFO  server.GrpcService (ConfUtils.java:logGet(46)) - raft.grpc.flow.control.window = 5MB (=5242880) (custom)
2024-08-10 09:46:44,263 [main] INFO  server.RaftServerConfigKeys (ConfUtils.java:logGet(46)) - raft.server.rpc.request.timeout = 3000ms (default)
2024-08-10 09:46:44,263 [main] INFO  grpc.GrpcConfigKeys (ConfUtils.java:logGet(46)) - raft.grpc.server.heartbeat.channel = true (default)
2024-08-10 09:46:44,263 [main] INFO  grpc.GrpcConfigKeys (ConfUtils.java:logGet(46)) - raft.grpc.server.async.request.thread.pool.cached = true (default)
2024-08-10 09:46:44,264 [main] INFO  grpc.GrpcConfigKeys (ConfUtils.java:logGet(46)) - raft.grpc.server.async.request.thread.pool.size = 32 (default)
2024-08-10 09:46:44,264 [main] INFO  impl.DataStreamServerImpl (ConfUtils.java:logGet(46)) - raft.datastream.type = NETTY (custom)
2024-08-10 09:46:44,264 [main] INFO  server.RaftServerConfigKeys (ConfUtils.java:logGet(46)) - raft.server.data-stream.async.request.thread.pool.cached = false (default)
2024-08-10 09:46:44,264 [main] INFO  server.RaftServerConfigKeys (ConfUtils.java:logGet(46)) - raft.server.data-stream.async.request.thread.pool.size = 20 (custom)
2024-08-10 09:46:44,265 [main] INFO  server.RaftServerConfigKeys (ConfUtils.java:logGet(46)) - raft.server.data-stream.async.write.thread.pool.size = 16 (default)
2024-08-10 09:46:44,265 [main] INFO  netty.NettyConfigKeys$DataStream (ConfUtils.java:logGet(46)) - raft.netty.dataStream.server.channel.inactive.grace-period = 10min (default)
2024-08-10 09:46:44,265 [main] INFO  server.RaftServerConfigKeys (ConfUtils.java:logGet(46)) - raft.server.data-stream.client.pool.size = 10 (default)
2024-08-10 09:46:44,265 [main] INFO  netty.NettyConfigKeys$DataStream (ConfUtils.java:logGet(46)) - raft.netty.dataStream.server.use-epoll = true (default)
2024-08-10 09:46:44,265 [main] INFO  netty.NettyConfigKeys$DataStream (ConfUtils.java:logGet(46)) - raft.netty.dataStream.server.boss-group.size = 0 (default)
2024-08-10 09:46:44,265 [main] INFO  netty.NettyUtils (NettyUtils.java:newEventLoopGroup(74)) - Create EpollEventLoopGroup for c1014618-c100-4e2c-97d7-038e29b3cb29-NettyServerStreamRpc-bossGroup; Thread size is 0.
2024-08-10 09:46:44,265 [main] INFO  netty.NettyConfigKeys$DataStream (ConfUtils.java:logGet(46)) - raft.netty.dataStream.server.worker-group.size = 0 (default)
2024-08-10 09:46:44,265 [main] INFO  netty.NettyUtils (NettyUtils.java:newEventLoopGroup(74)) - Create EpollEventLoopGroup for c1014618-c100-4e2c-97d7-038e29b3cb29-NettyServerStreamRpc-workerGroup; Thread size is 0.
2024-08-10 09:46:44,266 [main] INFO  netty.NettyConfigKeys$DataStream (ConfUtils.java:logGet(46)) - raft.netty.dataStream.server.tls.conf = null (default)
2024-08-10 09:46:44,266 [main] INFO  netty.NettyConfigKeys$DataStream (ConfUtils.java:logGet(46)) - raft.netty.dataStream.host = null (default)
2024-08-10 09:46:44,266 [main] INFO  netty.NettyConfigKeys$DataStream (ConfUtils.java:logGet(46)) - raft.netty.dataStream.port = 15616 (custom)
2024-08-10 09:46:44,266 [main] INFO  server.RaftServerConfigKeys (ConfUtils.java:logGet(46)) - raft.server.sleep.deviation.threshold = 300ms (default)
2024-08-10 09:46:44,266 [main] INFO  server.RaftServerConfigKeys (ConfUtils.java:logGet(46)) - raft.server.close.threshold = 60s (default)
2024-08-10 09:46:44,266 [main] INFO  server.RaftServerConfigKeys (ConfUtils.java:logGet(46)) - raft.server.leaderelection.leader.step-down.wait-time = 10s (default)
2024-08-10 09:46:44,266 [c1014618-c100-4e2c-97d7-038e29b3cb29-NettyServerStreamRpc-bossGroup--thread1] INFO  logging.LoggingHandler (AbstractInternalLogger.java:log(148)) - [id: 0x83dedbae] REGISTERED
2024-08-10 09:46:44,267 [main] INFO  server.RaftServerConfigKeys (ConfUtils.java:logGet(46)) - raft.server.storage.dir = [/home/runner/work/ozone/ozone/hadoop-ozone/integration-test/target/test-dir/MiniOzoneClusterImpl-25487c27-6224-40aa-b0ad-008c83bbb5f2/ozone-meta/datanode-3/ratis] (custom)
2024-08-10 09:46:44,267 [c1014618-c100-4e2c-97d7-038e29b3cb29-NettyServerStreamRpc-bossGroup--thread1] INFO  logging.LoggingHandler (AbstractInternalLogger.java:log(148)) - [id: 0x83dedbae] BIND: 0.0.0.0/0.0.0.0:15616
2024-08-10 09:46:44,267 [main] INFO  server.RaftServerConfigKeys (ConfUtils.java:logGet(46)) - raft.server.threadpool.proxy.cached = true (default)
2024-08-10 09:46:44,267 [main] INFO  server.RaftServerConfigKeys (ConfUtils.java:logGet(46)) - raft.server.threadpool.proxy.size = 0 (default)
2024-08-10 09:46:44,267 [c1014618-c100-4e2c-97d7-038e29b3cb29-NettyServerStreamRpc-bossGroup--thread1] INFO  logging.LoggingHandler (AbstractInternalLogger.java:log(148)) - [id: 0x83dedbae, L:/0.0.0.0:15616] ACTIVE
2024-08-10 09:46:44,267 [c1014618-c100-4e2c-97d7-038e29b3cb29-impl-thread1] INFO  server.RaftServer (RaftServerProxy.java:initGroupDir(266)) - c1014618-c100-4e2c-97d7-038e29b3cb29: found a subdirectory /home/runner/work/ozone/ozone/hadoop-ozone/integration-test/target/test-dir/MiniOzoneClusterImpl-25487c27-6224-40aa-b0ad-008c83bbb5f2/ozone-meta/datanode-3/ratis/tmp
2024-08-10 09:46:44,267 [c1014618-c100-4e2c-97d7-038e29b3cb29-impl-thread1] INFO  server.RaftServer (RaftServerProxy.java:initGroupDir(271)) - c1014618-c100-4e2c-97d7-038e29b3cb29: The directory /home/runner/work/ozone/ozone/hadoop-ozone/integration-test/target/test-dir/MiniOzoneClusterImpl-25487c27-6224-40aa-b0ad-008c83bbb5f2/ozone-meta/datanode-3/ratis/tmp is not a group directory; ignoring it. 
2024-08-10 09:46:44,267 [main] INFO  replication.ReplicationServer (ReplicationServer.java:<init>(86)) - Initializing replication server with thread count = 10 queue length = 4096
2024-08-10 09:46:44,268 [main] INFO  server.XceiverServerGrpc (XceiverServerGrpc.java:<init>(141)) - GrpcServer channel type EpollServerSocketChannel
2024-08-10 09:46:44,269 [main] INFO  replication.ReplicationSupervisor (ReplicationSupervisor.java:build(157)) - Initializing replication supervisor with thread count = 10
2024-08-10 09:46:44,269 [main] INFO  replication.ReplicationSupervisor (ReplicationSupervisor.java:nodeStateUpdated(312)) - Node state updated to IN_SERVICE, scaling executor pool size to 10
2024-08-10 09:46:44,270 [main] INFO  http.BaseHttpServer (BaseHttpServer.java:newHttpServer2BuilderForOzone(223)) - Starting Web-server for hddsDatanode at: http://0.0.0.0:15610
2024-08-10 09:46:44,270 [main] INFO  http.BaseHttpServer (BaseHttpServer.java:<init>(110)) - Hadoop Security Enabled: false Ozone Security Enabled: false Ozone HTTP Security Enabled: false 
2024-08-10 09:46:44,271 [main] WARN  server.AuthenticationFilter (AuthenticationFilter.java:constructSecretProvider(240)) - Unable to initialize FileSignerSecretProvider, falling back to use random secrets. Reason: Could not read signature secret file: /home/runner/hadoop-http-auth-signature-secret
2024-08-10 09:46:44,271 [main] INFO  http.HttpRequestLog (HttpRequestLog.java:getRequestLog(86)) - Http request log for http.requests.hddsDatanode is not defined
2024-08-10 09:46:44,272 [main] INFO  http.HttpServer2 (HttpServer2.java:addGlobalFilter(1035)) - Added global filter 'safety' (class=org.apache.hadoop.hdds.server.http.HttpServer2$QuotingInputFilter)
2024-08-10 09:46:44,272 [main] INFO  http.HttpServer2 (HttpServer2.java:addFilter(1011)) - Added filter static_user_filter (class=org.apache.hadoop.http.lib.StaticUserWebFilter$StaticUserFilter) to context hddsDatanode
2024-08-10 09:46:44,273 [main] INFO  http.HttpServer2 (HttpServer2.java:addFilter(1019)) - Added filter static_user_filter (class=org.apache.hadoop.http.lib.StaticUserWebFilter$StaticUserFilter) to context static
2024-08-10 09:46:44,273 [main] INFO  http.HttpServer2 (HttpServer2.java:addFilter(1019)) - Added filter static_user_filter (class=org.apache.hadoop.http.lib.StaticUserWebFilter$StaticUserFilter) to context logs
2024-08-10 09:46:44,273 [main] INFO  http.BaseHttpServer (BaseHttpServer.java:<init>(189)) - HTTP server of hddsDatanode uses base directory /home/runner/work/ozone/ozone/hadoop-ozone/integration-test/target/test-dir/MiniOzoneClusterImpl-25487c27-6224-40aa-b0ad-008c83bbb5f2/ozone-meta/datanode-3/meta/webserver
2024-08-10 09:46:44,273 [main] INFO  http.HttpServer2 (HttpServer2.java:bindListener(1235)) - Jetty bound to port 15610
2024-08-10 09:46:44,273 [main] INFO  server.Server (Server.java:doStart(375)) - jetty-9.4.55.v20240627; built: 2024-06-27T15:05:37.765Z; git: 70015831e5195ba74da6383c4ab7c90c56bb08af; jvm 17.0.12+7
2024-08-10 09:46:44,275 [main] INFO  server.session (DefaultSessionIdManager.java:doStart(334)) - DefaultSessionIdManager workerName=node0
2024-08-10 09:46:44,275 [main] INFO  server.session (DefaultSessionIdManager.java:doStart(339)) - No SessionScavenger set, using defaults
2024-08-10 09:46:44,275 [main] INFO  server.session (HouseKeeper.java:startScavenging(132)) - node0 Scavenging every 600000ms
2024-08-10 09:46:44,278 [main] INFO  handler.ContextHandler (ContextHandler.java:doStart(921)) - Started o.e.j.s.ServletContextHandler@40d6564b{logs,/logs,file:///home/runner/work/ozone/ozone/hadoop-ozone/integration-test/target/log,AVAILABLE}
2024-08-10 09:46:44,279 [main] INFO  handler.ContextHandler (ContextHandler.java:doStart(921)) - Started o.e.j.s.ServletContextHandler@4f46e9d3{static,/static,jar:file:/home/runner/work/ozone/ozone/hadoop-hdds/container-service/target/hdds-container-service-1.5.0-SNAPSHOT.jar!/webapps/static,AVAILABLE}
2024-08-10 09:46:44,477 [main] INFO  handler.ContextHandler (ContextHandler.java:doStart(921)) - Started o.e.j.w.WebAppContext@75945b89{hddsDatanode,/,file:///home/runner/work/ozone/ozone/hadoop-ozone/integration-test/target/test-dir/MiniOzoneClusterImpl-25487c27-6224-40aa-b0ad-008c83bbb5f2/ozone-meta/datanode-3/meta/webserver/jetty-0_0_0_0-15610-hdds-container-service-1_5_0-SNAPSHOT_jar-_-any-13646644794886438031/webapp/,AVAILABLE}{jar:file:/home/runner/work/ozone/ozone/hadoop-hdds/container-service/target/hdds-container-service-1.5.0-SNAPSHOT.jar!/webapps/hddsDatanode}
2024-08-10 09:46:44,478 [main] INFO  server.AbstractConnector (AbstractConnector.java:doStart(333)) - Started ServerConnector@1e60d345{HTTP/1.1, (http/1.1)}{0.0.0.0:15610}
2024-08-10 09:46:44,478 [main] INFO  server.Server (Server.java:doStart(415)) - Started @538606ms
2024-08-10 09:46:44,478 [main] WARN  impl.MetricsSystemImpl (MetricsSystemImpl.java:register(279)) - Sink prometheus already exists!
2024-08-10 09:46:44,479 [main] INFO  http.BaseHttpServer (BaseHttpServer.java:updateConnectorAddress(354)) - HTTP server of hddsDatanode listening at http://0.0.0.0:15610
2024-08-10 09:46:44,479 [main] INFO  ipc.CallQueueManager (CallQueueManager.java:<init>(90)) - Using callQueue: class java.util.concurrent.LinkedBlockingQueue, queueCapacity: 1000, scheduler: class org.apache.hadoop.ipc.DefaultRpcScheduler, ipcBackoff: false.
2024-08-10 09:46:44,479 [main] INFO  ipc.Server (Server.java:<init>(1287)) - Listener at 0.0.0.0:15611
2024-08-10 09:46:44,480 [Socket Reader #1 for port 15611] INFO  ipc.Server (Server.java:run(1323)) - Starting Socket Reader #1 for port 15611
2024-08-10 09:46:44,481 [main] INFO  ozone.HddsDatanodeService (HddsDatanodeService.java:start(319)) - Datanode start with admins: [runner]
2024-08-10 09:46:44,481 [main] INFO  ozone.HddsDatanodeClientProtocolServer (HddsDatanodeClientProtocolServer.java:start(77)) - RPC server for Client /0.0.0.0:15611
2024-08-10 09:46:44,481 [IPC Server Responder] INFO  ipc.Server (Server.java:run(1562)) - IPC Server Responder: starting
2024-08-10 09:46:44,481 [IPC Server listener on 15611] INFO  ipc.Server (Server.java:run(1402)) - IPC Server listener on 15611: starting
2024-08-10 09:46:44,483 [main] WARN  dropwizard3.Dm3MetricRegistriesImpl (Dm3MetricRegistriesImpl.java:addReporterRegistration(114)) - New reporters are added after registries were created. Some metrics will be missing from the reporter. Please add reporter before adding any new registry.
2024-08-10 09:46:44,483 [main] WARN  dropwizard3.Dm3MetricRegistriesImpl (Dm3MetricRegistriesImpl.java:addReporterRegistration(114)) - New reporters are added after registries were created. Some metrics will be missing from the reporter. Please add reporter before adding any new registry.
2024-08-10 09:46:44,483 [main] INFO  impl.MetricsSystemImpl (MetricsSystemImpl.java:init(158)) - HddsDatanode metrics system started (again)
2024-08-10 09:46:44,492 [main] INFO  ozone.HddsDatanodeService (HddsDatanodeService.java:start(235)) - HddsDatanodeService host:fv-az701-157.f3fyigry0suu1otrijw4un2zmf.cx.internal.cloudapp.net ip:10.1.0.23
2024-08-10 09:46:44,494 [main] INFO  upgrade.AbstractLayoutVersionManager (AbstractLayoutVersionManager.java:init(83)) - Initializing Layout version manager with metadata layout = HBASE_SUPPORT (version = 8), software layout = HBASE_SUPPORT (version = 8)
2024-08-10 09:46:44,495 [main] INFO  statemachine.DatanodeStateMachine (DatanodeStateMachine.java:getEndPointTaskThreadPoolSize(292)) - Datanode State Machine Task Thread Pool size 2
2024-08-10 09:46:44,496 [main] INFO  volume.HddsVolume (HddsVolume.java:<init>(126)) - Creating HddsVolume: /home/runner/work/ozone/ozone/hadoop-ozone/integration-test/target/test-dir/MiniOzoneClusterImpl-25487c27-6224-40aa-b0ad-008c83bbb5f2/ozone-meta/datanode-4/data-0/hdds of storage type : DISK capacity : 9222449699674390527
2024-08-10 09:46:44,496 [main] INFO  volume.MutableVolumeSet (MutableVolumeSet.java:initializeVolumeSet(173)) - Added Volume : /home/runner/work/ozone/ozone/hadoop-ozone/integration-test/target/test-dir/MiniOzoneClusterImpl-25487c27-6224-40aa-b0ad-008c83bbb5f2/ozone-meta/datanode-4/data-0/hdds to VolumeSet
2024-08-10 09:46:44,497 [main] INFO  volume.MutableVolumeSet (MutableVolumeSet.java:initializeVolumeSet(173)) - Added Volume : /home/runner/work/ozone/ozone/hadoop-ozone/integration-test/target/test-dir/MiniOzoneClusterImpl-25487c27-6224-40aa-b0ad-008c83bbb5f2/ozone-meta/datanode-4/ratis to VolumeSet
2024-08-10 09:46:44,497 [main] INFO  ozoneimpl.OzoneContainer (HddsVolumeUtil.java:loadAllHddsVolumeDbStore(103)) - Load 1 volumes DbStore cost: 0ms
2024-08-10 09:46:44,498 [main] INFO  server.RaftServer (ConfUtils.java:logGet(46)) - raft.rpc.type = GRPC (default)
2024-08-10 09:46:44,499 [main] INFO  grpc.GrpcConfigKeys (ConfUtils.java:logFallback(53)) - raft.grpc.admin.host = null (fallback to raft.grpc.server.host)
2024-08-10 09:46:44,499 [main] INFO  grpc.GrpcConfigKeys (ConfUtils.java:logGet(46)) - raft.grpc.admin.port = 15622 (custom)
2024-08-10 09:46:44,499 [main] INFO  grpc.GrpcConfigKeys (ConfUtils.java:logFallback(53)) - raft.grpc.client.host = null (fallback to raft.grpc.server.host)
2024-08-10 09:46:44,499 [main] INFO  grpc.GrpcConfigKeys (ConfUtils.java:logGet(46)) - raft.grpc.client.port = 15622 (custom)
2024-08-10 09:46:44,499 [main] INFO  grpc.GrpcConfigKeys (ConfUtils.java:logGet(46)) - raft.grpc.server.host = null (default)
2024-08-10 09:46:44,499 [main] INFO  grpc.GrpcConfigKeys (ConfUtils.java:logGet(46)) - raft.grpc.server.port = 15622 (custom)
2024-08-10 09:46:44,499 [main] INFO  server.GrpcService (ConfUtils.java:logGet(46)) - raft.grpc.message.size.max = 32MB (=33554432) (custom)
2024-08-10 09:46:44,500 [main] INFO  server.RaftServerConfigKeys (ConfUtils.java:logGet(46)) - raft.server.log.appender.buffer.byte-limit = 8388608 (custom)
2024-08-10 09:46:44,500 [main] INFO  server.GrpcService (ConfUtils.java:logGet(46)) - raft.grpc.flow.control.window = 5MB (=5242880) (custom)
2024-08-10 09:46:44,500 [main] INFO  server.RaftServerConfigKeys (ConfUtils.java:logGet(46)) - raft.server.rpc.request.timeout = 3000ms (default)
2024-08-10 09:46:44,500 [main] INFO  grpc.GrpcConfigKeys (ConfUtils.java:logGet(46)) - raft.grpc.server.heartbeat.channel = true (default)
2024-08-10 09:46:44,500 [main] INFO  grpc.GrpcConfigKeys (ConfUtils.java:logGet(46)) - raft.grpc.server.async.request.thread.pool.cached = true (default)
2024-08-10 09:46:44,500 [main] INFO  grpc.GrpcConfigKeys (ConfUtils.java:logGet(46)) - raft.grpc.server.async.request.thread.pool.size = 32 (default)
2024-08-10 09:46:44,500 [c1014618-c100-4e2c-97d7-038e29b3cb29-DatanodeStateMachineDaemonThread] INFO  statemachine.DatanodeStateMachine (DatanodeStateMachine.java:startStateMachineThread(335)) - Ozone container server started.
2024-08-10 09:46:44,502 [c1014618-c100-4e2c-97d7-038e29b3cb29-DatanodeStateMachineTaskThread-0] INFO  datanode.InitDatanodeState (InitDatanodeState.java:persistContainerDatanodeDetails(139)) - DatanodeDetails is persisted to /home/runner/work/ozone/ozone/hadoop-ozone/integration-test/target/test-dir/MiniOzoneClusterImpl-25487c27-6224-40aa-b0ad-008c83bbb5f2/ozone-meta/datanode-3/meta/datanode.id
2024-08-10 09:46:44,502 [main] INFO  impl.DataStreamServerImpl (ConfUtils.java:logGet(46)) - raft.datastream.type = NETTY (custom)
2024-08-10 09:46:44,502 [main] INFO  server.RaftServerConfigKeys (ConfUtils.java:logGet(46)) - raft.server.data-stream.async.request.thread.pool.cached = false (default)
2024-08-10 09:46:44,503 [main] INFO  server.RaftServerConfigKeys (ConfUtils.java:logGet(46)) - raft.server.data-stream.async.request.thread.pool.size = 20 (custom)
2024-08-10 09:46:44,503 [main] INFO  server.RaftServerConfigKeys (ConfUtils.java:logGet(46)) - raft.server.data-stream.async.write.thread.pool.size = 16 (default)
2024-08-10 09:46:44,503 [main] INFO  netty.NettyConfigKeys$DataStream (ConfUtils.java:logGet(46)) - raft.netty.dataStream.server.channel.inactive.grace-period = 10min (default)
2024-08-10 09:46:44,503 [main] INFO  server.RaftServerConfigKeys (ConfUtils.java:logGet(46)) - raft.server.data-stream.client.pool.size = 10 (default)
2024-08-10 09:46:44,503 [main] INFO  netty.NettyConfigKeys$DataStream (ConfUtils.java:logGet(46)) - raft.netty.dataStream.server.use-epoll = true (default)
2024-08-10 09:46:44,504 [main] INFO  netty.NettyConfigKeys$DataStream (ConfUtils.java:logGet(46)) - raft.netty.dataStream.server.boss-group.size = 0 (default)
2024-08-10 09:46:44,504 [main] INFO  netty.NettyUtils (NettyUtils.java:newEventLoopGroup(74)) - Create EpollEventLoopGroup for 283db307-1259-4af7-a854-e925d39aa7b7-NettyServerStreamRpc-bossGroup; Thread size is 0.
2024-08-10 09:46:44,504 [main] INFO  netty.NettyConfigKeys$DataStream (ConfUtils.java:logGet(46)) - raft.netty.dataStream.server.worker-group.size = 0 (default)
2024-08-10 09:46:44,505 [main] INFO  netty.NettyUtils (NettyUtils.java:newEventLoopGroup(74)) - Create EpollEventLoopGroup for 283db307-1259-4af7-a854-e925d39aa7b7-NettyServerStreamRpc-workerGroup; Thread size is 0.
2024-08-10 09:46:44,505 [main] INFO  netty.NettyConfigKeys$DataStream (ConfUtils.java:logGet(46)) - raft.netty.dataStream.server.tls.conf = null (default)
2024-08-10 09:46:44,506 [main] INFO  netty.NettyConfigKeys$DataStream (ConfUtils.java:logGet(46)) - raft.netty.dataStream.host = null (default)
2024-08-10 09:46:44,506 [main] INFO  netty.NettyConfigKeys$DataStream (ConfUtils.java:logGet(46)) - raft.netty.dataStream.port = 15625 (custom)
2024-08-10 09:46:44,506 [main] INFO  server.RaftServerConfigKeys (ConfUtils.java:logGet(46)) - raft.server.sleep.deviation.threshold = 300ms (default)
2024-08-10 09:46:44,507 [main] INFO  server.RaftServerConfigKeys (ConfUtils.java:logGet(46)) - raft.server.close.threshold = 60s (default)
2024-08-10 09:46:44,507 [main] INFO  server.RaftServerConfigKeys (ConfUtils.java:logGet(46)) - raft.server.leaderelection.leader.step-down.wait-time = 10s (default)
2024-08-10 09:46:44,506 [283db307-1259-4af7-a854-e925d39aa7b7-NettyServerStreamRpc-bossGroup--thread1] INFO  logging.LoggingHandler (AbstractInternalLogger.java:log(148)) - [id: 0xd536dd09] REGISTERED
2024-08-10 09:46:44,507 [283db307-1259-4af7-a854-e925d39aa7b7-NettyServerStreamRpc-bossGroup--thread1] INFO  logging.LoggingHandler (AbstractInternalLogger.java:log(148)) - [id: 0xd536dd09] BIND: 0.0.0.0/0.0.0.0:15625
2024-08-10 09:46:44,507 [283db307-1259-4af7-a854-e925d39aa7b7-NettyServerStreamRpc-bossGroup--thread1] INFO  logging.LoggingHandler (AbstractInternalLogger.java:log(148)) - [id: 0xd536dd09, L:/0.0.0.0:15625] ACTIVE
2024-08-10 09:46:44,507 [main] INFO  server.RaftServerConfigKeys (ConfUtils.java:logGet(46)) - raft.server.storage.dir = [/home/runner/work/ozone/ozone/hadoop-ozone/integration-test/target/test-dir/MiniOzoneClusterImpl-25487c27-6224-40aa-b0ad-008c83bbb5f2/ozone-meta/datanode-4/ratis] (custom)
2024-08-10 09:46:44,508 [main] INFO  server.RaftServerConfigKeys (ConfUtils.java:logGet(46)) - raft.server.threadpool.proxy.cached = true (default)
2024-08-10 09:46:44,508 [main] INFO  server.RaftServerConfigKeys (ConfUtils.java:logGet(46)) - raft.server.threadpool.proxy.size = 0 (default)
2024-08-10 09:46:44,508 [283db307-1259-4af7-a854-e925d39aa7b7-impl-thread1] INFO  server.RaftServer (RaftServerProxy.java:initGroupDir(266)) - 283db307-1259-4af7-a854-e925d39aa7b7: found a subdirectory /home/runner/work/ozone/ozone/hadoop-ozone/integration-test/target/test-dir/MiniOzoneClusterImpl-25487c27-6224-40aa-b0ad-008c83bbb5f2/ozone-meta/datanode-4/ratis/tmp
2024-08-10 09:46:44,509 [283db307-1259-4af7-a854-e925d39aa7b7-impl-thread1] INFO  server.RaftServer (RaftServerProxy.java:initGroupDir(271)) - 283db307-1259-4af7-a854-e925d39aa7b7: The directory /home/runner/work/ozone/ozone/hadoop-ozone/integration-test/target/test-dir/MiniOzoneClusterImpl-25487c27-6224-40aa-b0ad-008c83bbb5f2/ozone-meta/datanode-4/ratis/tmp is not a group directory; ignoring it. 
2024-08-10 09:46:44,509 [main] INFO  replication.ReplicationServer (ReplicationServer.java:<init>(86)) - Initializing replication server with thread count = 10 queue length = 4096
2024-08-10 09:46:44,510 [main] INFO  server.XceiverServerGrpc (XceiverServerGrpc.java:<init>(141)) - GrpcServer channel type EpollServerSocketChannel
2024-08-10 09:46:44,511 [main] INFO  replication.ReplicationSupervisor (ReplicationSupervisor.java:build(157)) - Initializing replication supervisor with thread count = 10
2024-08-10 09:46:44,511 [main] INFO  replication.ReplicationSupervisor (ReplicationSupervisor.java:nodeStateUpdated(312)) - Node state updated to IN_SERVICE, scaling executor pool size to 10
2024-08-10 09:46:44,512 [main] INFO  http.BaseHttpServer (BaseHttpServer.java:newHttpServer2BuilderForOzone(223)) - Starting Web-server for hddsDatanode at: http://0.0.0.0:15619
2024-08-10 09:46:44,513 [main] INFO  http.BaseHttpServer (BaseHttpServer.java:<init>(110)) - Hadoop Security Enabled: false Ozone Security Enabled: false Ozone HTTP Security Enabled: false 
2024-08-10 09:46:44,514 [main] WARN  server.AuthenticationFilter (AuthenticationFilter.java:constructSecretProvider(240)) - Unable to initialize FileSignerSecretProvider, falling back to use random secrets. Reason: Could not read signature secret file: /home/runner/hadoop-http-auth-signature-secret
2024-08-10 09:46:44,514 [main] INFO  http.HttpRequestLog (HttpRequestLog.java:getRequestLog(86)) - Http request log for http.requests.hddsDatanode is not defined
2024-08-10 09:46:44,515 [main] INFO  http.HttpServer2 (HttpServer2.java:addGlobalFilter(1035)) - Added global filter 'safety' (class=org.apache.hadoop.hdds.server.http.HttpServer2$QuotingInputFilter)
2024-08-10 09:46:44,516 [main] INFO  http.HttpServer2 (HttpServer2.java:addFilter(1011)) - Added filter static_user_filter (class=org.apache.hadoop.http.lib.StaticUserWebFilter$StaticUserFilter) to context hddsDatanode
2024-08-10 09:46:44,516 [main] INFO  http.HttpServer2 (HttpServer2.java:addFilter(1019)) - Added filter static_user_filter (class=org.apache.hadoop.http.lib.StaticUserWebFilter$StaticUserFilter) to context logs
2024-08-10 09:46:44,516 [main] INFO  http.HttpServer2 (HttpServer2.java:addFilter(1019)) - Added filter static_user_filter (class=org.apache.hadoop.http.lib.StaticUserWebFilter$StaticUserFilter) to context static
2024-08-10 09:46:44,516 [main] INFO  http.BaseHttpServer (BaseHttpServer.java:<init>(189)) - HTTP server of hddsDatanode uses base directory /home/runner/work/ozone/ozone/hadoop-ozone/integration-test/target/test-dir/MiniOzoneClusterImpl-25487c27-6224-40aa-b0ad-008c83bbb5f2/ozone-meta/datanode-4/meta/webserver
2024-08-10 09:46:44,517 [main] INFO  http.HttpServer2 (HttpServer2.java:bindListener(1235)) - Jetty bound to port 15619
2024-08-10 09:46:44,517 [main] INFO  server.Server (Server.java:doStart(375)) - jetty-9.4.55.v20240627; built: 2024-06-27T15:05:37.765Z; git: 70015831e5195ba74da6383c4ab7c90c56bb08af; jvm 17.0.12+7
2024-08-10 09:46:44,518 [main] INFO  server.session (DefaultSessionIdManager.java:doStart(334)) - DefaultSessionIdManager workerName=node0
2024-08-10 09:46:44,519 [main] INFO  server.session (DefaultSessionIdManager.java:doStart(339)) - No SessionScavenger set, using defaults
2024-08-10 09:46:44,519 [main] INFO  server.session (HouseKeeper.java:startScavenging(132)) - node0 Scavenging every 600000ms
2024-08-10 09:46:44,519 [main] INFO  handler.ContextHandler (ContextHandler.java:doStart(921)) - Started o.e.j.s.ServletContextHandler@658aa56{logs,/logs,file:///home/runner/work/ozone/ozone/hadoop-ozone/integration-test/target/log,AVAILABLE}
2024-08-10 09:46:44,520 [main] INFO  handler.ContextHandler (ContextHandler.java:doStart(921)) - Started o.e.j.s.ServletContextHandler@1fcc2d02{static,/static,jar:file:/home/runner/work/ozone/ozone/hadoop-hdds/container-service/target/hdds-container-service-1.5.0-SNAPSHOT.jar!/webapps/static,AVAILABLE}
2024-08-10 09:46:44,717 [main] INFO  handler.ContextHandler (ContextHandler.java:doStart(921)) - Started o.e.j.w.WebAppContext@6f1a398{hddsDatanode,/,file:///home/runner/work/ozone/ozone/hadoop-ozone/integration-test/target/test-dir/MiniOzoneClusterImpl-25487c27-6224-40aa-b0ad-008c83bbb5f2/ozone-meta/datanode-4/meta/webserver/jetty-0_0_0_0-15619-hdds-container-service-1_5_0-SNAPSHOT_jar-_-any-4079739156417182785/webapp/,AVAILABLE}{jar:file:/home/runner/work/ozone/ozone/hadoop-hdds/container-service/target/hdds-container-service-1.5.0-SNAPSHOT.jar!/webapps/hddsDatanode}
2024-08-10 09:46:44,718 [main] INFO  server.AbstractConnector (AbstractConnector.java:doStart(333)) - Started ServerConnector@503af304{HTTP/1.1, (http/1.1)}{0.0.0.0:15619}
2024-08-10 09:46:44,718 [main] INFO  server.Server (Server.java:doStart(415)) - Started @538845ms
2024-08-10 09:46:44,718 [main] WARN  impl.MetricsSystemImpl (MetricsSystemImpl.java:register(279)) - Sink prometheus already exists!
2024-08-10 09:46:44,718 [main] INFO  http.BaseHttpServer (BaseHttpServer.java:updateConnectorAddress(354)) - HTTP server of hddsDatanode listening at http://0.0.0.0:15619
2024-08-10 09:46:44,719 [main] INFO  ipc.CallQueueManager (CallQueueManager.java:<init>(90)) - Using callQueue: class java.util.concurrent.LinkedBlockingQueue, queueCapacity: 1000, scheduler: class org.apache.hadoop.ipc.DefaultRpcScheduler, ipcBackoff: false.
2024-08-10 09:46:44,719 [main] INFO  ipc.Server (Server.java:<init>(1287)) - Listener at 0.0.0.0:15620
2024-08-10 09:46:44,719 [Socket Reader #1 for port 15620] INFO  ipc.Server (Server.java:run(1323)) - Starting Socket Reader #1 for port 15620
2024-08-10 09:46:44,720 [main] INFO  ozone.HddsDatanodeService (HddsDatanodeService.java:start(319)) - Datanode start with admins: [runner]
2024-08-10 09:46:44,720 [main] INFO  ozone.HddsDatanodeClientProtocolServer (HddsDatanodeClientProtocolServer.java:start(77)) - RPC server for Client /0.0.0.0:15620
2024-08-10 09:46:44,721 [IPC Server Responder] INFO  ipc.Server (Server.java:run(1562)) - IPC Server Responder: starting
2024-08-10 09:46:44,721 [IPC Server listener on 15620] INFO  ipc.Server (Server.java:run(1402)) - IPC Server listener on 15620: starting
2024-08-10 09:46:44,723 [main] WARN  dropwizard3.Dm3MetricRegistriesImpl (Dm3MetricRegistriesImpl.java:addReporterRegistration(114)) - New reporters are added after registries were created. Some metrics will be missing from the reporter. Please add reporter before adding any new registry.
2024-08-10 09:46:44,723 [main] WARN  dropwizard3.Dm3MetricRegistriesImpl (Dm3MetricRegistriesImpl.java:addReporterRegistration(114)) - New reporters are added after registries were created. Some metrics will be missing from the reporter. Please add reporter before adding any new registry.
2024-08-10 09:46:44,723 [main] INFO  impl.MetricsSystemImpl (MetricsSystemImpl.java:init(158)) - HddsDatanode metrics system started (again)
2024-08-10 09:46:44,726 [283db307-1259-4af7-a854-e925d39aa7b7-DatanodeStateMachineDaemonThread] INFO  statemachine.DatanodeStateMachine (DatanodeStateMachine.java:startStateMachineThread(335)) - Ozone container server started.
2024-08-10 09:46:44,727 [283db307-1259-4af7-a854-e925d39aa7b7-DatanodeStateMachineTaskThread-0] INFO  datanode.InitDatanodeState (InitDatanodeState.java:persistContainerDatanodeDetails(139)) - DatanodeDetails is persisted to /home/runner/work/ozone/ozone/hadoop-ozone/integration-test/target/test-dir/MiniOzoneClusterImpl-25487c27-6224-40aa-b0ad-008c83bbb5f2/ozone-meta/datanode-4/meta/datanode.id
2024-08-10 09:46:44,732 [main] INFO  ozone.HddsDatanodeService (HddsDatanodeService.java:start(235)) - HddsDatanodeService host:fv-az701-157.f3fyigry0suu1otrijw4un2zmf.cx.internal.cloudapp.net ip:10.1.0.23
2024-08-10 09:46:44,734 [main] INFO  upgrade.AbstractLayoutVersionManager (AbstractLayoutVersionManager.java:init(83)) - Initializing Layout version manager with metadata layout = HBASE_SUPPORT (version = 8), software layout = HBASE_SUPPORT (version = 8)
2024-08-10 09:46:44,734 [main] INFO  statemachine.DatanodeStateMachine (DatanodeStateMachine.java:getEndPointTaskThreadPoolSize(292)) - Datanode State Machine Task Thread Pool size 2
2024-08-10 09:46:44,735 [main] INFO  volume.HddsVolume (HddsVolume.java:<init>(126)) - Creating HddsVolume: /home/runner/work/ozone/ozone/hadoop-ozone/integration-test/target/test-dir/MiniOzoneClusterImpl-25487c27-6224-40aa-b0ad-008c83bbb5f2/ozone-meta/datanode-5/data-0/hdds of storage type : DISK capacity : 9222449699674390527
2024-08-10 09:46:44,736 [main] INFO  volume.MutableVolumeSet (MutableVolumeSet.java:initializeVolumeSet(173)) - Added Volume : /home/runner/work/ozone/ozone/hadoop-ozone/integration-test/target/test-dir/MiniOzoneClusterImpl-25487c27-6224-40aa-b0ad-008c83bbb5f2/ozone-meta/datanode-5/data-0/hdds to VolumeSet
2024-08-10 09:46:44,740 [main] INFO  volume.MutableVolumeSet (MutableVolumeSet.java:initializeVolumeSet(173)) - Added Volume : /home/runner/work/ozone/ozone/hadoop-ozone/integration-test/target/test-dir/MiniOzoneClusterImpl-25487c27-6224-40aa-b0ad-008c83bbb5f2/ozone-meta/datanode-5/ratis to VolumeSet
2024-08-10 09:46:44,740 [main] INFO  ozoneimpl.OzoneContainer (HddsVolumeUtil.java:loadAllHddsVolumeDbStore(103)) - Load 1 volumes DbStore cost: 0ms
2024-08-10 09:46:44,741 [main] INFO  server.RaftServer (ConfUtils.java:logGet(46)) - raft.rpc.type = GRPC (default)
2024-08-10 09:46:44,742 [main] INFO  grpc.GrpcConfigKeys (ConfUtils.java:logFallback(53)) - raft.grpc.admin.host = null (fallback to raft.grpc.server.host)
2024-08-10 09:46:44,742 [main] INFO  grpc.GrpcConfigKeys (ConfUtils.java:logGet(46)) - raft.grpc.admin.port = 15631 (custom)
2024-08-10 09:46:44,742 [main] INFO  grpc.GrpcConfigKeys (ConfUtils.java:logFallback(53)) - raft.grpc.client.host = null (fallback to raft.grpc.server.host)
2024-08-10 09:46:44,742 [main] INFO  grpc.GrpcConfigKeys (ConfUtils.java:logGet(46)) - raft.grpc.client.port = 15631 (custom)
2024-08-10 09:46:44,742 [main] INFO  grpc.GrpcConfigKeys (ConfUtils.java:logGet(46)) - raft.grpc.server.host = null (default)
2024-08-10 09:46:44,742 [main] INFO  grpc.GrpcConfigKeys (ConfUtils.java:logGet(46)) - raft.grpc.server.port = 15631 (custom)
2024-08-10 09:46:44,742 [main] INFO  server.GrpcService (ConfUtils.java:logGet(46)) - raft.grpc.message.size.max = 32MB (=33554432) (custom)
2024-08-10 09:46:44,742 [main] INFO  server.RaftServerConfigKeys (ConfUtils.java:logGet(46)) - raft.server.log.appender.buffer.byte-limit = 8388608 (custom)
2024-08-10 09:46:44,742 [main] INFO  server.GrpcService (ConfUtils.java:logGet(46)) - raft.grpc.flow.control.window = 5MB (=5242880) (custom)
2024-08-10 09:46:44,742 [main] INFO  server.RaftServerConfigKeys (ConfUtils.java:logGet(46)) - raft.server.rpc.request.timeout = 3000ms (default)
2024-08-10 09:46:44,743 [main] INFO  grpc.GrpcConfigKeys (ConfUtils.java:logGet(46)) - raft.grpc.server.heartbeat.channel = true (default)
2024-08-10 09:46:44,743 [main] INFO  grpc.GrpcConfigKeys (ConfUtils.java:logGet(46)) - raft.grpc.server.async.request.thread.pool.cached = true (default)
2024-08-10 09:46:44,743 [main] INFO  grpc.GrpcConfigKeys (ConfUtils.java:logGet(46)) - raft.grpc.server.async.request.thread.pool.size = 32 (default)
2024-08-10 09:46:44,743 [main] INFO  impl.DataStreamServerImpl (ConfUtils.java:logGet(46)) - raft.datastream.type = NETTY (custom)
2024-08-10 09:46:44,743 [main] INFO  server.RaftServerConfigKeys (ConfUtils.java:logGet(46)) - raft.server.data-stream.async.request.thread.pool.cached = false (default)
2024-08-10 09:46:44,744 [main] INFO  server.RaftServerConfigKeys (ConfUtils.java:logGet(46)) - raft.server.data-stream.async.request.thread.pool.size = 20 (custom)
2024-08-10 09:46:44,744 [main] INFO  server.RaftServerConfigKeys (ConfUtils.java:logGet(46)) - raft.server.data-stream.async.write.thread.pool.size = 16 (default)
2024-08-10 09:46:44,744 [main] INFO  netty.NettyConfigKeys$DataStream (ConfUtils.java:logGet(46)) - raft.netty.dataStream.server.channel.inactive.grace-period = 10min (default)
2024-08-10 09:46:44,744 [main] INFO  server.RaftServerConfigKeys (ConfUtils.java:logGet(46)) - raft.server.data-stream.client.pool.size = 10 (default)
2024-08-10 09:46:44,744 [main] INFO  netty.NettyConfigKeys$DataStream (ConfUtils.java:logGet(46)) - raft.netty.dataStream.server.use-epoll = true (default)
2024-08-10 09:46:44,744 [main] INFO  netty.NettyConfigKeys$DataStream (ConfUtils.java:logGet(46)) - raft.netty.dataStream.server.boss-group.size = 0 (default)
2024-08-10 09:46:44,744 [main] INFO  netty.NettyUtils (NettyUtils.java:newEventLoopGroup(74)) - Create EpollEventLoopGroup for 1eeb2d2d-0439-49d0-a133-80b3ae5cf383-NettyServerStreamRpc-bossGroup; Thread size is 0.
2024-08-10 09:46:44,744 [main] INFO  netty.NettyConfigKeys$DataStream (ConfUtils.java:logGet(46)) - raft.netty.dataStream.server.worker-group.size = 0 (default)
2024-08-10 09:46:44,745 [main] INFO  netty.NettyUtils (NettyUtils.java:newEventLoopGroup(74)) - Create EpollEventLoopGroup for 1eeb2d2d-0439-49d0-a133-80b3ae5cf383-NettyServerStreamRpc-workerGroup; Thread size is 0.
2024-08-10 09:46:44,745 [main] INFO  netty.NettyConfigKeys$DataStream (ConfUtils.java:logGet(46)) - raft.netty.dataStream.server.tls.conf = null (default)
2024-08-10 09:46:44,745 [main] INFO  netty.NettyConfigKeys$DataStream (ConfUtils.java:logGet(46)) - raft.netty.dataStream.host = null (default)
2024-08-10 09:46:44,745 [main] INFO  netty.NettyConfigKeys$DataStream (ConfUtils.java:logGet(46)) - raft.netty.dataStream.port = 15634 (custom)
2024-08-10 09:46:44,745 [main] INFO  server.RaftServerConfigKeys (ConfUtils.java:logGet(46)) - raft.server.sleep.deviation.threshold = 300ms (default)
2024-08-10 09:46:44,746 [main] INFO  server.RaftServerConfigKeys (ConfUtils.java:logGet(46)) - raft.server.close.threshold = 60s (default)
2024-08-10 09:46:44,746 [main] INFO  server.RaftServerConfigKeys (ConfUtils.java:logGet(46)) - raft.server.leaderelection.leader.step-down.wait-time = 10s (default)
2024-08-10 09:46:44,746 [main] INFO  server.RaftServerConfigKeys (ConfUtils.java:logGet(46)) - raft.server.storage.dir = [/home/runner/work/ozone/ozone/hadoop-ozone/integration-test/target/test-dir/MiniOzoneClusterImpl-25487c27-6224-40aa-b0ad-008c83bbb5f2/ozone-meta/datanode-5/ratis] (custom)
2024-08-10 09:46:44,746 [main] INFO  server.RaftServerConfigKeys (ConfUtils.java:logGet(46)) - raft.server.threadpool.proxy.cached = true (default)
2024-08-10 09:46:44,746 [main] INFO  server.RaftServerConfigKeys (ConfUtils.java:logGet(46)) - raft.server.threadpool.proxy.size = 0 (default)
2024-08-10 09:46:44,747 [1eeb2d2d-0439-49d0-a133-80b3ae5cf383-NettyServerStreamRpc-bossGroup--thread1] INFO  logging.LoggingHandler (AbstractInternalLogger.java:log(148)) - [id: 0xc3115a2c] REGISTERED
2024-08-10 09:46:44,747 [1eeb2d2d-0439-49d0-a133-80b3ae5cf383-NettyServerStreamRpc-bossGroup--thread1] INFO  logging.LoggingHandler (AbstractInternalLogger.java:log(148)) - [id: 0xc3115a2c] BIND: 0.0.0.0/0.0.0.0:15634
2024-08-10 09:46:44,747 [1eeb2d2d-0439-49d0-a133-80b3ae5cf383-NettyServerStreamRpc-bossGroup--thread1] INFO  logging.LoggingHandler (AbstractInternalLogger.java:log(148)) - [id: 0xc3115a2c, L:/0.0.0.0:15634] ACTIVE
2024-08-10 09:46:44,750 [1eeb2d2d-0439-49d0-a133-80b3ae5cf383-impl-thread1] INFO  server.RaftServer (RaftServerProxy.java:initGroupDir(266)) - 1eeb2d2d-0439-49d0-a133-80b3ae5cf383: found a subdirectory /home/runner/work/ozone/ozone/hadoop-ozone/integration-test/target/test-dir/MiniOzoneClusterImpl-25487c27-6224-40aa-b0ad-008c83bbb5f2/ozone-meta/datanode-5/ratis/tmp
2024-08-10 09:46:44,750 [1eeb2d2d-0439-49d0-a133-80b3ae5cf383-impl-thread1] INFO  server.RaftServer (RaftServerProxy.java:initGroupDir(271)) - 1eeb2d2d-0439-49d0-a133-80b3ae5cf383: The directory /home/runner/work/ozone/ozone/hadoop-ozone/integration-test/target/test-dir/MiniOzoneClusterImpl-25487c27-6224-40aa-b0ad-008c83bbb5f2/ozone-meta/datanode-5/ratis/tmp is not a group directory; ignoring it. 
2024-08-10 09:46:44,750 [main] INFO  replication.ReplicationServer (ReplicationServer.java:<init>(86)) - Initializing replication server with thread count = 10 queue length = 4096
2024-08-10 09:46:44,751 [main] INFO  server.XceiverServerGrpc (XceiverServerGrpc.java:<init>(141)) - GrpcServer channel type EpollServerSocketChannel
2024-08-10 09:46:44,752 [main] INFO  replication.ReplicationSupervisor (ReplicationSupervisor.java:build(157)) - Initializing replication supervisor with thread count = 10
2024-08-10 09:46:44,752 [main] INFO  replication.ReplicationSupervisor (ReplicationSupervisor.java:nodeStateUpdated(312)) - Node state updated to IN_SERVICE, scaling executor pool size to 10
2024-08-10 09:46:44,754 [main] INFO  http.BaseHttpServer (BaseHttpServer.java:newHttpServer2BuilderForOzone(223)) - Starting Web-server for hddsDatanode at: http://0.0.0.0:15628
2024-08-10 09:46:44,754 [main] INFO  http.BaseHttpServer (BaseHttpServer.java:<init>(110)) - Hadoop Security Enabled: false Ozone Security Enabled: false Ozone HTTP Security Enabled: false 
2024-08-10 09:46:44,755 [main] WARN  server.AuthenticationFilter (AuthenticationFilter.java:constructSecretProvider(240)) - Unable to initialize FileSignerSecretProvider, falling back to use random secrets. Reason: Could not read signature secret file: /home/runner/hadoop-http-auth-signature-secret
2024-08-10 09:46:44,755 [main] INFO  http.HttpRequestLog (HttpRequestLog.java:getRequestLog(86)) - Http request log for http.requests.hddsDatanode is not defined
2024-08-10 09:46:44,756 [main] INFO  http.HttpServer2 (HttpServer2.java:addGlobalFilter(1035)) - Added global filter 'safety' (class=org.apache.hadoop.hdds.server.http.HttpServer2$QuotingInputFilter)
2024-08-10 09:46:44,756 [main] INFO  http.HttpServer2 (HttpServer2.java:addFilter(1011)) - Added filter static_user_filter (class=org.apache.hadoop.http.lib.StaticUserWebFilter$StaticUserFilter) to context hddsDatanode
2024-08-10 09:46:44,756 [main] INFO  http.HttpServer2 (HttpServer2.java:addFilter(1019)) - Added filter static_user_filter (class=org.apache.hadoop.http.lib.StaticUserWebFilter$StaticUserFilter) to context logs
2024-08-10 09:46:44,757 [main] INFO  http.HttpServer2 (HttpServer2.java:addFilter(1019)) - Added filter static_user_filter (class=org.apache.hadoop.http.lib.StaticUserWebFilter$StaticUserFilter) to context static
2024-08-10 09:46:44,757 [main] INFO  http.BaseHttpServer (BaseHttpServer.java:<init>(189)) - HTTP server of hddsDatanode uses base directory /home/runner/work/ozone/ozone/hadoop-ozone/integration-test/target/test-dir/MiniOzoneClusterImpl-25487c27-6224-40aa-b0ad-008c83bbb5f2/ozone-meta/datanode-5/meta/webserver
2024-08-10 09:46:44,757 [main] INFO  http.HttpServer2 (HttpServer2.java:bindListener(1235)) - Jetty bound to port 15628
2024-08-10 09:46:44,757 [main] INFO  server.Server (Server.java:doStart(375)) - jetty-9.4.55.v20240627; built: 2024-06-27T15:05:37.765Z; git: 70015831e5195ba74da6383c4ab7c90c56bb08af; jvm 17.0.12+7
2024-08-10 09:46:44,759 [main] INFO  server.session (DefaultSessionIdManager.java:doStart(334)) - DefaultSessionIdManager workerName=node0
2024-08-10 09:46:44,759 [main] INFO  server.session (DefaultSessionIdManager.java:doStart(339)) - No SessionScavenger set, using defaults
2024-08-10 09:46:44,759 [main] INFO  server.session (HouseKeeper.java:startScavenging(132)) - node0 Scavenging every 600000ms
2024-08-10 09:46:44,760 [main] INFO  handler.ContextHandler (ContextHandler.java:doStart(921)) - Started o.e.j.s.ServletContextHandler@4f7a0368{logs,/logs,file:///home/runner/work/ozone/ozone/hadoop-ozone/integration-test/target/log,AVAILABLE}
2024-08-10 09:46:44,760 [main] INFO  handler.ContextHandler (ContextHandler.java:doStart(921)) - Started o.e.j.s.ServletContextHandler@73076bce{static,/static,jar:file:/home/runner/work/ozone/ozone/hadoop-hdds/container-service/target/hdds-container-service-1.5.0-SNAPSHOT.jar!/webapps/static,AVAILABLE}
2024-08-10 09:46:44,841 [om1@group-C5BA1605619E-FollowerState] INFO  impl.FollowerState (FollowerState.java:run(144)) - om1@group-C5BA1605619E-FollowerState: change to CANDIDATE, lastRpcElapsedTime:1124103737ns, electionTimeout:1119ms
2024-08-10 09:46:44,842 [om1@group-C5BA1605619E-FollowerState] INFO  impl.RoleInfo (RoleInfo.java:shutdownFollowerState(119)) - om1: shutdown om1@group-C5BA1605619E-FollowerState
2024-08-10 09:46:44,842 [om1@group-C5BA1605619E-FollowerState] INFO  server.RaftServer$Division (RaftServerImpl.java:setRole(376)) - om1@group-C5BA1605619E: changes role from  FOLLOWER to CANDIDATE at term 0 for changeToCandidate
2024-08-10 09:46:44,842 [om1@group-C5BA1605619E-FollowerState] INFO  server.RaftServerConfigKeys (ConfUtils.java:logGet(46)) - raft.server.leaderelection.pre-vote = true (default)
2024-08-10 09:46:44,842 [om1@group-C5BA1605619E-FollowerState] INFO  impl.RoleInfo (RoleInfo.java:updateAndGet(148)) - om1: start om1@group-C5BA1605619E-LeaderElection151
2024-08-10 09:46:44,842 [om1@group-C5BA1605619E-LeaderElection151] INFO  impl.LeaderElection (LeaderElection.java:askForVotes(321)) - om1@group-C5BA1605619E-LeaderElection151 PRE_VOTE round 0: submit vote requests at term 0 for conf: {index: -1, cur=peers:[om1|localhost:15590]|listeners:[], old=null}
2024-08-10 09:46:44,843 [om1@group-C5BA1605619E-LeaderElection151] INFO  impl.LeaderElection (LeaderElection.java:askForVotes(323)) - om1@group-C5BA1605619E-LeaderElection151 PRE_VOTE round 0: result PASSED (term=0)
2024-08-10 09:46:44,844 [om1@group-C5BA1605619E-LeaderElection151] INFO  impl.LeaderElection (LeaderElection.java:askForVotes(321)) - om1@group-C5BA1605619E-LeaderElection151 ELECTION round 0: submit vote requests at term 1 for conf: {index: -1, cur=peers:[om1|localhost:15590]|listeners:[], old=null}
2024-08-10 09:46:44,844 [om1@group-C5BA1605619E-LeaderElection151] INFO  impl.LeaderElection (LeaderElection.java:askForVotes(323)) - om1@group-C5BA1605619E-LeaderElection151 ELECTION round 0: result PASSED (term=1)
2024-08-10 09:46:44,844 [om1@group-C5BA1605619E-LeaderElection151] INFO  impl.RoleInfo (RoleInfo.java:shutdownLeaderElection(139)) - om1: shutdown om1@group-C5BA1605619E-LeaderElection151
2024-08-10 09:46:44,845 [om1@group-C5BA1605619E-LeaderElection151] INFO  server.RaftServer$Division (RaftServerImpl.java:setRole(376)) - om1@group-C5BA1605619E: changes role from CANDIDATE to LEADER at term 1 for changeToLeader
2024-08-10 09:46:44,845 [om1@group-C5BA1605619E-LeaderElection151] INFO  server.RaftServerConfigKeys (ConfUtils.java:logGet(46)) - raft.server.staging.catchup.gap = 1000 (default)
2024-08-10 09:46:44,845 [om1@group-C5BA1605619E-LeaderElection151] INFO  server.RaftServerConfigKeys (ConfUtils.java:logGet(46)) - raft.server.write.element-limit = 4096 (default)
2024-08-10 09:46:44,845 [om1@group-C5BA1605619E-LeaderElection151] INFO  server.RaftServerConfigKeys (ConfUtils.java:logGet(46)) - raft.server.write.byte-limit = 64MB (=67108864) (default)
2024-08-10 09:46:44,845 [om1@group-C5BA1605619E-LeaderElection151] INFO  server.RaftServerConfigKeys (ConfUtils.java:logGet(46)) - raft.server.watch.timeout = 10s (default)
2024-08-10 09:46:44,845 [om1@group-C5BA1605619E-LeaderElection151] INFO  server.RaftServerConfigKeys (ConfUtils.java:logGet(46)) - raft.server.watch.timeout.denomination = 1s (default)
2024-08-10 09:46:44,845 [om1@group-C5BA1605619E-LeaderElection151] INFO  server.RaftServerConfigKeys (ConfUtils.java:logGet(46)) - raft.server.watch.element-limit = 65536 (default)
2024-08-10 09:46:44,846 [om1@group-C5BA1605619E-LeaderElection151] INFO  server.RaftServerConfigKeys (ConfUtils.java:logGet(46)) - raft.server.read.leader.lease.enabled = false (default)
2024-08-10 09:46:44,846 [om1@group-C5BA1605619E-LeaderElection151] INFO  server.RaftServerConfigKeys (ConfUtils.java:logGet(46)) - raft.server.read.leader.lease.timeout.ratio = 0.9 (default)
2024-08-10 09:46:44,846 [om1@group-C5BA1605619E-LeaderElection151] INFO  server.RaftServerConfigKeys (ConfUtils.java:logGet(46)) - raft.server.rpc.timeout.min = 1s (custom)
2024-08-10 09:46:44,846 [om1@group-C5BA1605619E-LeaderElection151] INFO  server.RaftServerConfigKeys (ConfUtils.java:logGet(46)) - raft.server.log.log-metadata.enabled = true (default)
2024-08-10 09:46:44,846 [om1@group-C5BA1605619E-LeaderElection151] INFO  server.RaftServerConfigKeys (ConfUtils.java:logGet(46)) - raft.server.write.element-limit = 4096 (default)
2024-08-10 09:46:44,846 [om1@group-C5BA1605619E-LeaderElection151] INFO  server.RaftServerConfigKeys (ConfUtils.java:logGet(46)) - raft.server.write.follower.gap.ratio.max = -1.0 (default)
2024-08-10 09:46:44,846 [om1@group-C5BA1605619E-LeaderElection151] INFO  impl.RoleInfo (RoleInfo.java:updateAndGet(148)) - om1: start om1@group-C5BA1605619E-LeaderStateImpl
2024-08-10 09:46:44,846 [om1@group-C5BA1605619E-LeaderElection151] INFO  server.RaftServer$Division (RaftServerImpl.java:setFirstElection(549)) - om1@group-C5BA1605619E: set firstElectionSinceStartup to false for becomeLeader
2024-08-10 09:46:44,846 [om1@group-C5BA1605619E-LeaderElection151] INFO  server.RaftServer$Division (ServerState.java:setLeader(272)) - om1@group-C5BA1605619E: change Leader from null to om1 at term 1 for becomeLeader, leader elected after 1434ms
2024-08-10 09:46:44,846 [om1@group-C5BA1605619E-LeaderElection151] INFO  segmented.SegmentedRaftLogWorker (SegmentedRaftLogWorker.java:startLogSegment(433)) - om1@group-C5BA1605619E-SegmentedRaftLogWorker: Starting segment from index:0
2024-08-10 09:46:44,847 [om1@group-C5BA1605619E-SegmentedRaftLogWorker] INFO  segmented.BufferedWriteChannel (BufferedWriteChannel.java:open(61)) - open log_inprogress_0 at position 0
2024-08-10 09:46:44,850 [om1@group-C5BA1605619E-LeaderElection151] INFO  server.RaftServer$Division (ServerState.java:setRaftConf(386)) - om1@group-C5BA1605619E: set configuration conf: {index: 0, cur=peers:[om1|localhost:15590]|listeners:[], old=null}
2024-08-10 09:46:44,857 [om1@group-C5BA1605619E-SegmentedRaftLogWorker] INFO  segmented.SegmentedRaftLogWorker (SegmentedRaftLogWorker.java:execute(637)) - om1@group-C5BA1605619E-SegmentedRaftLogWorker: created new log segment /home/runner/work/ozone/ozone/hadoop-ozone/integration-test/target/test-dir/MiniOzoneClusterImpl-25487c27-6224-40aa-b0ad-008c83bbb5f2/ozone-meta/ratis/bf265839-605b-3f16-9796-c5ba1605619e/current/log_inprogress_0
2024-08-10 09:46:44,858 [om1@group-C5BA1605619E-StateMachineUpdater] INFO  ratis.OzoneManagerStateMachine (OzoneManagerStateMachine.java:notifyConfigurationChanged(216)) - Received Configuration change notification from Ratis. New Peer list:
[id: "om1"
address: "localhost:15590"
startupRole: FOLLOWER
]
2024-08-10 09:46:44,858 [om1@group-C5BA1605619E-StateMachineUpdater] INFO  server.RaftServer$Division (LeaderStateImpl.java:checkStartIndex(316)) - Leader om1@group-C5BA1605619E-LeaderStateImpl is ready since appliedIndex == startIndex == 0
2024-08-10 09:46:44,963 [main] INFO  handler.ContextHandler (ContextHandler.java:doStart(921)) - Started o.e.j.w.WebAppContext@16280a24{hddsDatanode,/,file:///home/runner/work/ozone/ozone/hadoop-ozone/integration-test/target/test-dir/MiniOzoneClusterImpl-25487c27-6224-40aa-b0ad-008c83bbb5f2/ozone-meta/datanode-5/meta/webserver/jetty-0_0_0_0-15628-hdds-container-service-1_5_0-SNAPSHOT_jar-_-any-12796096672139415095/webapp/,AVAILABLE}{jar:file:/home/runner/work/ozone/ozone/hadoop-hdds/container-service/target/hdds-container-service-1.5.0-SNAPSHOT.jar!/webapps/hddsDatanode}
2024-08-10 09:46:44,964 [main] INFO  server.AbstractConnector (AbstractConnector.java:doStart(333)) - Started ServerConnector@a56c35a{HTTP/1.1, (http/1.1)}{0.0.0.0:15628}
2024-08-10 09:46:44,964 [main] INFO  server.Server (Server.java:doStart(415)) - Started @539091ms
2024-08-10 09:46:44,964 [main] WARN  impl.MetricsSystemImpl (MetricsSystemImpl.java:register(279)) - Sink prometheus already exists!
2024-08-10 09:46:44,964 [main] INFO  http.BaseHttpServer (BaseHttpServer.java:updateConnectorAddress(354)) - HTTP server of hddsDatanode listening at http://0.0.0.0:15628
2024-08-10 09:46:44,965 [main] INFO  ipc.CallQueueManager (CallQueueManager.java:<init>(90)) - Using callQueue: class java.util.concurrent.LinkedBlockingQueue, queueCapacity: 1000, scheduler: class org.apache.hadoop.ipc.DefaultRpcScheduler, ipcBackoff: false.
2024-08-10 09:46:44,965 [main] INFO  ipc.Server (Server.java:<init>(1287)) - Listener at 0.0.0.0:15629
2024-08-10 09:46:44,965 [Socket Reader #1 for port 15629] INFO  ipc.Server (Server.java:run(1323)) - Starting Socket Reader #1 for port 15629
2024-08-10 09:46:44,966 [main] INFO  ozone.HddsDatanodeService (HddsDatanodeService.java:start(319)) - Datanode start with admins: [runner]
2024-08-10 09:46:44,966 [main] INFO  ozone.HddsDatanodeClientProtocolServer (HddsDatanodeClientProtocolServer.java:start(77)) - RPC server for Client /0.0.0.0:15629
2024-08-10 09:46:44,967 [IPC Server Responder] INFO  ipc.Server (Server.java:run(1562)) - IPC Server Responder: starting
2024-08-10 09:46:44,967 [IPC Server listener on 15629] INFO  ipc.Server (Server.java:run(1402)) - IPC Server listener on 15629: starting
2024-08-10 09:46:44,969 [main] INFO  ozone.MiniOzoneClusterImpl (MiniOzoneClusterImpl.java:lambda$waitForClusterToBeReady$0(198)) - Waiting for nodes to be ready. Got 0 of 5 DN Heartbeats.
2024-08-10 09:46:44,969 [main] INFO  ozone.MiniOzoneClusterImpl (MiniOzoneClusterImpl.java:lambda$waitForClusterToBeReady$0(201)) - Waiting for cluster to exit safe mode
2024-08-10 09:46:44,969 [main] INFO  ozone.MiniOzoneClusterImpl (MiniOzoneClusterImpl.java:lambda$waitForClusterToBeReady$0(203)) - SCM became leader
2024-08-10 09:46:44,969 [1eeb2d2d-0439-49d0-a133-80b3ae5cf383-DatanodeStateMachineDaemonThread] INFO  statemachine.DatanodeStateMachine (DatanodeStateMachine.java:startStateMachineThread(335)) - Ozone container server started.
2024-08-10 09:46:44,971 [1eeb2d2d-0439-49d0-a133-80b3ae5cf383-DatanodeStateMachineTaskThread-0] INFO  datanode.InitDatanodeState (InitDatanodeState.java:persistContainerDatanodeDetails(139)) - DatanodeDetails is persisted to /home/runner/work/ozone/ozone/hadoop-ozone/integration-test/target/test-dir/MiniOzoneClusterImpl-25487c27-6224-40aa-b0ad-008c83bbb5f2/ozone-meta/datanode-5/meta/datanode.id
2024-08-10 09:46:45,970 [main] INFO  ozone.MiniOzoneClusterImpl (MiniOzoneClusterImpl.java:lambda$waitForClusterToBeReady$0(198)) - Waiting for nodes to be ready. Got 0 of 5 DN Heartbeats.
2024-08-10 09:46:45,970 [main] INFO  ozone.MiniOzoneClusterImpl (MiniOzoneClusterImpl.java:lambda$waitForClusterToBeReady$0(201)) - Waiting for cluster to exit safe mode
2024-08-10 09:46:45,970 [main] INFO  ozone.MiniOzoneClusterImpl (MiniOzoneClusterImpl.java:lambda$waitForClusterToBeReady$0(203)) - SCM became leader
2024-08-10 09:46:46,048 [d75f2dba-195c-437b-b62a-ed875b85e515-EndpointStateMachineTaskThread-/0.0.0.0:15585-0 ] INFO  utils.DatanodeStoreCache (DatanodeStoreCache.java:addDB(72)) - Added db /home/runner/work/ozone/ozone/hadoop-ozone/integration-test/target/test-dir/MiniOzoneClusterImpl-25487c27-6224-40aa-b0ad-008c83bbb5f2/ozone-meta/datanode-1/data-0/hdds/25487c27-6224-40aa-b0ad-008c83bbb5f2/DS-ffea7eae-16d1-4d28-9834-8e255d6289c8/container.db to cache
2024-08-10 09:46:46,048 [d75f2dba-195c-437b-b62a-ed875b85e515-EndpointStateMachineTaskThread-/0.0.0.0:15585-0 ] INFO  volume.HddsVolume (HddsVolume.java:createDbStore(437)) - SchemaV3 db is created and loaded at /home/runner/work/ozone/ozone/hadoop-ozone/integration-test/target/test-dir/MiniOzoneClusterImpl-25487c27-6224-40aa-b0ad-008c83bbb5f2/ozone-meta/datanode-1/data-0/hdds/25487c27-6224-40aa-b0ad-008c83bbb5f2/DS-ffea7eae-16d1-4d28-9834-8e255d6289c8/container.db for volume DS-ffea7eae-16d1-4d28-9834-8e255d6289c8
2024-08-10 09:46:46,050 [d75f2dba-195c-437b-b62a-ed875b85e515-ContainerReader-0] INFO  ozoneimpl.ContainerReader (ContainerReader.java:readVolume(148)) - Start to verify containers on volume /home/runner/work/ozone/ozone/hadoop-ozone/integration-test/target/test-dir/MiniOzoneClusterImpl-25487c27-6224-40aa-b0ad-008c83bbb5f2/ozone-meta/datanode-1/data-0/hdds
2024-08-10 09:46:46,050 [d75f2dba-195c-437b-b62a-ed875b85e515-ContainerReader-0] INFO  ozoneimpl.ContainerReader (ContainerReader.java:readVolume(178)) - Finish verifying containers on volume /home/runner/work/ozone/ozone/hadoop-ozone/integration-test/target/test-dir/MiniOzoneClusterImpl-25487c27-6224-40aa-b0ad-008c83bbb5f2/ozone-meta/datanode-1/data-0/hdds
2024-08-10 09:46:46,050 [d75f2dba-195c-437b-b62a-ed875b85e515-EndpointStateMachineTaskThread-/0.0.0.0:15585-0 ] INFO  ozoneimpl.OzoneContainer (OzoneContainer.java:buildContainerSet(328)) - Build ContainerSet costs 0s
2024-08-10 09:46:46,050 [d75f2dba-195c-437b-b62a-ed875b85e515-EndpointStateMachineTaskThread-/0.0.0.0:15585-0 ] INFO  volume.ThrottledAsyncChecker (ThrottledAsyncChecker.java:schedule(141)) - Scheduling a check for /home/runner/work/ozone/ozone/hadoop-ozone/integration-test/target/test-dir/MiniOzoneClusterImpl-25487c27-6224-40aa-b0ad-008c83bbb5f2/ozone-meta/datanode-1/data-0/hdds
2024-08-10 09:46:46,050 [d75f2dba-195c-437b-b62a-ed875b85e515-EndpointStateMachineTaskThread-/0.0.0.0:15585-0 ] INFO  volume.StorageVolumeChecker (StorageVolumeChecker.java:checkAllVolumes(218)) - Scheduled health check for volume /home/runner/work/ozone/ozone/hadoop-ozone/integration-test/target/test-dir/MiniOzoneClusterImpl-25487c27-6224-40aa-b0ad-008c83bbb5f2/ozone-meta/datanode-1/data-0/hdds
2024-08-10 09:46:46,051 [d75f2dba-195c-437b-b62a-ed875b85e515-EndpointStateMachineTaskThread-/0.0.0.0:15585-0 ] INFO  volume.ThrottledAsyncChecker (ThrottledAsyncChecker.java:schedule(141)) - Scheduling a check for /home/runner/work/ozone/ozone/hadoop-ozone/integration-test/target/test-dir/MiniOzoneClusterImpl-25487c27-6224-40aa-b0ad-008c83bbb5f2/ozone-meta/datanode-1/ratis
2024-08-10 09:46:46,052 [d75f2dba-195c-437b-b62a-ed875b85e515-EndpointStateMachineTaskThread-/0.0.0.0:15585-0 ] INFO  volume.StorageVolumeChecker (StorageVolumeChecker.java:checkAllVolumes(218)) - Scheduled health check for volume /home/runner/work/ozone/ozone/hadoop-ozone/integration-test/target/test-dir/MiniOzoneClusterImpl-25487c27-6224-40aa-b0ad-008c83bbb5f2/ozone-meta/datanode-1/ratis
2024-08-10 09:46:46,052 [d75f2dba-195c-437b-b62a-ed875b85e515-EndpointStateMachineTaskThread-/0.0.0.0:15585-0 ] INFO  ozoneimpl.OzoneContainer (OzoneContainer.java:start(459)) - Attempting to start container services.
2024-08-10 09:46:46,052 [d75f2dba-195c-437b-b62a-ed875b85e515-EndpointStateMachineTaskThread-/0.0.0.0:15585-0 ] WARN  ozoneimpl.OnDemandContainerDataScanner (OnDemandContainerDataScanner.java:init(75)) - Trying to initialize on demand scanner a second time on a datanode.
2024-08-10 09:46:46,053 [ContainerMetadataScanner] INFO  ozoneimpl.AbstractBackgroundContainerScanner (AbstractBackgroundContainerScanner.java:runIteration(87)) - Completed an iteration in 0 minutes. Number of iterations (since the data-node restart) : 1, Number of containers scanned in this iteration : 0, Number of unhealthy containers found in this iteration : 0
2024-08-10 09:46:46,053 [ContainerDataScanner(/home/runner/work/ozone/ozone/hadoop-ozone/integration-test/target/test-dir/MiniOzoneClusterImpl-25487c27-6224-40aa-b0ad-008c83bbb5f2/ozone-meta/datanode-1/data-0/hdds)] INFO  ozoneimpl.AbstractBackgroundContainerScanner (AbstractBackgroundContainerScanner.java:runIteration(87)) - Completed an iteration in 0 minutes. Number of iterations (since the data-node restart) : 1, Number of containers scanned in this iteration : 0, Number of unhealthy containers found in this iteration : 0
2024-08-10 09:46:46,053 [d75f2dba-195c-437b-b62a-ed875b85e515-EndpointStateMachineTaskThread-/0.0.0.0:15585-0 ] INFO  replication.ReplicationServer (ReplicationServer.java:start(140)) - ReplicationServer is started using port 15599
2024-08-10 09:46:46,053 [d75f2dba-195c-437b-b62a-ed875b85e515-EndpointStateMachineTaskThread-/0.0.0.0:15585-0 ] INFO  ratis.XceiverServerRatis (XceiverServerRatis.java:start(559)) - Starting XceiverServerRatis d75f2dba-195c-437b-b62a-ed875b85e515
2024-08-10 09:46:46,054 [d75f2dba-195c-437b-b62a-ed875b85e515-EndpointStateMachineTaskThread-/0.0.0.0:15585-0 ] INFO  server.RaftServer (RaftServerProxy.java:startImpl(408)) - d75f2dba-195c-437b-b62a-ed875b85e515: start RPC server
2024-08-10 09:46:46,054 [d75f2dba-195c-437b-b62a-ed875b85e515-EndpointStateMachineTaskThread-/0.0.0.0:15585-0 ] INFO  server.GrpcService (GrpcService.java:startImpl(302)) - d75f2dba-195c-437b-b62a-ed875b85e515: GrpcService started, listening on 15595
2024-08-10 09:46:46,055 [d75f2dba-195c-437b-b62a-ed875b85e515-EndpointStateMachineTaskThread-/0.0.0.0:15585-0 ] INFO  ratis.XceiverServerRatis (XceiverServerRatis.java:getRealPort(585)) - XceiverServerRatis d75f2dba-195c-437b-b62a-ed875b85e515 is started using port 15595 for RATIS
2024-08-10 09:46:46,055 [d75f2dba-195c-437b-b62a-ed875b85e515-EndpointStateMachineTaskThread-/0.0.0.0:15585-0 ] INFO  ratis.XceiverServerRatis (XceiverServerRatis.java:getRealPort(585)) - XceiverServerRatis d75f2dba-195c-437b-b62a-ed875b85e515 is started using port 15595 for RATIS_ADMIN
2024-08-10 09:46:46,055 [d75f2dba-195c-437b-b62a-ed875b85e515-EndpointStateMachineTaskThread-/0.0.0.0:15585-0 ] INFO  ratis.XceiverServerRatis (XceiverServerRatis.java:getRealPort(585)) - XceiverServerRatis d75f2dba-195c-437b-b62a-ed875b85e515 is started using port 15595 for RATIS_SERVER
2024-08-10 09:46:46,055 [d75f2dba-195c-437b-b62a-ed875b85e515-EndpointStateMachineTaskThread-/0.0.0.0:15585-0 ] INFO  ratis.XceiverServerRatis (XceiverServerRatis.java:getRealPort(585)) - XceiverServerRatis d75f2dba-195c-437b-b62a-ed875b85e515 is started using port 15598 for RATIS_DATASTREAM
2024-08-10 09:46:46,056 [d75f2dba-195c-437b-b62a-ed875b85e515-BlockDeletingService#0] INFO  interfaces.ContainerDeletionChoosingPolicyTemplate (ContainerDeletionChoosingPolicyTemplate.java:chooseContainerForBlockDeletion(85)) - Chosen 0/5000 blocks from 0 candidate containers.
2024-08-10 09:46:46,055 [JvmPauseMonitor83] INFO  util.JvmPauseMonitor (JvmPauseMonitor.java:run(146)) - JvmPauseMonitor-d75f2dba-195c-437b-b62a-ed875b85e515: Started
2024-08-10 09:46:46,280 [280ba735-fec6-4a50-aa81-34035c985b11-EndpointStateMachineTaskThread-/0.0.0.0:15585-0 ] INFO  utils.DatanodeStoreCache (DatanodeStoreCache.java:addDB(72)) - Added db /home/runner/work/ozone/ozone/hadoop-ozone/integration-test/target/test-dir/MiniOzoneClusterImpl-25487c27-6224-40aa-b0ad-008c83bbb5f2/ozone-meta/datanode-2/data-0/hdds/25487c27-6224-40aa-b0ad-008c83bbb5f2/DS-9c5d8b91-57ce-4071-b255-28964b2beaf9/container.db to cache
2024-08-10 09:46:46,280 [280ba735-fec6-4a50-aa81-34035c985b11-EndpointStateMachineTaskThread-/0.0.0.0:15585-0 ] INFO  volume.HddsVolume (HddsVolume.java:createDbStore(437)) - SchemaV3 db is created and loaded at /home/runner/work/ozone/ozone/hadoop-ozone/integration-test/target/test-dir/MiniOzoneClusterImpl-25487c27-6224-40aa-b0ad-008c83bbb5f2/ozone-meta/datanode-2/data-0/hdds/25487c27-6224-40aa-b0ad-008c83bbb5f2/DS-9c5d8b91-57ce-4071-b255-28964b2beaf9/container.db for volume DS-9c5d8b91-57ce-4071-b255-28964b2beaf9
2024-08-10 09:46:46,282 [280ba735-fec6-4a50-aa81-34035c985b11-ContainerReader-0] INFO  ozoneimpl.ContainerReader (ContainerReader.java:readVolume(148)) - Start to verify containers on volume /home/runner/work/ozone/ozone/hadoop-ozone/integration-test/target/test-dir/MiniOzoneClusterImpl-25487c27-6224-40aa-b0ad-008c83bbb5f2/ozone-meta/datanode-2/data-0/hdds
2024-08-10 09:46:46,282 [280ba735-fec6-4a50-aa81-34035c985b11-ContainerReader-0] INFO  ozoneimpl.ContainerReader (ContainerReader.java:readVolume(178)) - Finish verifying containers on volume /home/runner/work/ozone/ozone/hadoop-ozone/integration-test/target/test-dir/MiniOzoneClusterImpl-25487c27-6224-40aa-b0ad-008c83bbb5f2/ozone-meta/datanode-2/data-0/hdds
2024-08-10 09:46:46,282 [280ba735-fec6-4a50-aa81-34035c985b11-EndpointStateMachineTaskThread-/0.0.0.0:15585-0 ] INFO  ozoneimpl.OzoneContainer (OzoneContainer.java:buildContainerSet(328)) - Build ContainerSet costs 0s
2024-08-10 09:46:46,282 [280ba735-fec6-4a50-aa81-34035c985b11-EndpointStateMachineTaskThread-/0.0.0.0:15585-0 ] INFO  volume.ThrottledAsyncChecker (ThrottledAsyncChecker.java:schedule(141)) - Scheduling a check for /home/runner/work/ozone/ozone/hadoop-ozone/integration-test/target/test-dir/MiniOzoneClusterImpl-25487c27-6224-40aa-b0ad-008c83bbb5f2/ozone-meta/datanode-2/data-0/hdds
2024-08-10 09:46:46,282 [280ba735-fec6-4a50-aa81-34035c985b11-EndpointStateMachineTaskThread-/0.0.0.0:15585-0 ] INFO  volume.StorageVolumeChecker (StorageVolumeChecker.java:checkAllVolumes(218)) - Scheduled health check for volume /home/runner/work/ozone/ozone/hadoop-ozone/integration-test/target/test-dir/MiniOzoneClusterImpl-25487c27-6224-40aa-b0ad-008c83bbb5f2/ozone-meta/datanode-2/data-0/hdds
2024-08-10 09:46:46,283 [280ba735-fec6-4a50-aa81-34035c985b11-EndpointStateMachineTaskThread-/0.0.0.0:15585-0 ] INFO  volume.ThrottledAsyncChecker (ThrottledAsyncChecker.java:schedule(141)) - Scheduling a check for /home/runner/work/ozone/ozone/hadoop-ozone/integration-test/target/test-dir/MiniOzoneClusterImpl-25487c27-6224-40aa-b0ad-008c83bbb5f2/ozone-meta/datanode-2/ratis
2024-08-10 09:46:46,283 [280ba735-fec6-4a50-aa81-34035c985b11-EndpointStateMachineTaskThread-/0.0.0.0:15585-0 ] INFO  volume.StorageVolumeChecker (StorageVolumeChecker.java:checkAllVolumes(218)) - Scheduled health check for volume /home/runner/work/ozone/ozone/hadoop-ozone/integration-test/target/test-dir/MiniOzoneClusterImpl-25487c27-6224-40aa-b0ad-008c83bbb5f2/ozone-meta/datanode-2/ratis
2024-08-10 09:46:46,284 [280ba735-fec6-4a50-aa81-34035c985b11-EndpointStateMachineTaskThread-/0.0.0.0:15585-0 ] INFO  ozoneimpl.OzoneContainer (OzoneContainer.java:start(459)) - Attempting to start container services.
2024-08-10 09:46:46,284 [280ba735-fec6-4a50-aa81-34035c985b11-EndpointStateMachineTaskThread-/0.0.0.0:15585-0 ] WARN  ozoneimpl.OnDemandContainerDataScanner (OnDemandContainerDataScanner.java:init(75)) - Trying to initialize on demand scanner a second time on a datanode.
2024-08-10 09:46:46,285 [ContainerMetadataScanner] INFO  ozoneimpl.AbstractBackgroundContainerScanner (AbstractBackgroundContainerScanner.java:runIteration(87)) - Completed an iteration in 0 minutes. Number of iterations (since the data-node restart) : 1, Number of containers scanned in this iteration : 0, Number of unhealthy containers found in this iteration : 0
2024-08-10 09:46:46,285 [ContainerDataScanner(/home/runner/work/ozone/ozone/hadoop-ozone/integration-test/target/test-dir/MiniOzoneClusterImpl-25487c27-6224-40aa-b0ad-008c83bbb5f2/ozone-meta/datanode-2/data-0/hdds)] INFO  ozoneimpl.AbstractBackgroundContainerScanner (AbstractBackgroundContainerScanner.java:runIteration(87)) - Completed an iteration in 0 minutes. Number of iterations (since the data-node restart) : 1, Number of containers scanned in this iteration : 0, Number of unhealthy containers found in this iteration : 0
2024-08-10 09:46:46,285 [280ba735-fec6-4a50-aa81-34035c985b11-EndpointStateMachineTaskThread-/0.0.0.0:15585-0 ] INFO  replication.ReplicationServer (ReplicationServer.java:start(140)) - ReplicationServer is started using port 15608
2024-08-10 09:46:46,285 [280ba735-fec6-4a50-aa81-34035c985b11-EndpointStateMachineTaskThread-/0.0.0.0:15585-0 ] INFO  ratis.XceiverServerRatis (XceiverServerRatis.java:start(559)) - Starting XceiverServerRatis 280ba735-fec6-4a50-aa81-34035c985b11
2024-08-10 09:46:46,286 [280ba735-fec6-4a50-aa81-34035c985b11-EndpointStateMachineTaskThread-/0.0.0.0:15585-0 ] INFO  server.RaftServer (RaftServerProxy.java:startImpl(408)) - 280ba735-fec6-4a50-aa81-34035c985b11: start RPC server
2024-08-10 09:46:46,286 [280ba735-fec6-4a50-aa81-34035c985b11-EndpointStateMachineTaskThread-/0.0.0.0:15585-0 ] INFO  server.GrpcService (GrpcService.java:startImpl(302)) - 280ba735-fec6-4a50-aa81-34035c985b11: GrpcService started, listening on 15604
2024-08-10 09:46:46,286 [280ba735-fec6-4a50-aa81-34035c985b11-EndpointStateMachineTaskThread-/0.0.0.0:15585-0 ] INFO  ratis.XceiverServerRatis (XceiverServerRatis.java:getRealPort(585)) - XceiverServerRatis 280ba735-fec6-4a50-aa81-34035c985b11 is started using port 15604 for RATIS
2024-08-10 09:46:46,286 [280ba735-fec6-4a50-aa81-34035c985b11-EndpointStateMachineTaskThread-/0.0.0.0:15585-0 ] INFO  ratis.XceiverServerRatis (XceiverServerRatis.java:getRealPort(585)) - XceiverServerRatis 280ba735-fec6-4a50-aa81-34035c985b11 is started using port 15604 for RATIS_ADMIN
2024-08-10 09:46:46,287 [280ba735-fec6-4a50-aa81-34035c985b11-EndpointStateMachineTaskThread-/0.0.0.0:15585-0 ] INFO  ratis.XceiverServerRatis (XceiverServerRatis.java:getRealPort(585)) - XceiverServerRatis 280ba735-fec6-4a50-aa81-34035c985b11 is started using port 15604 for RATIS_SERVER
2024-08-10 09:46:46,286 [JvmPauseMonitor84] INFO  util.JvmPauseMonitor (JvmPauseMonitor.java:run(146)) - JvmPauseMonitor-280ba735-fec6-4a50-aa81-34035c985b11: Started
2024-08-10 09:46:46,287 [280ba735-fec6-4a50-aa81-34035c985b11-EndpointStateMachineTaskThread-/0.0.0.0:15585-0 ] INFO  ratis.XceiverServerRatis (XceiverServerRatis.java:getRealPort(585)) - XceiverServerRatis 280ba735-fec6-4a50-aa81-34035c985b11 is started using port 15607 for RATIS_DATASTREAM
2024-08-10 09:46:46,288 [280ba735-fec6-4a50-aa81-34035c985b11-BlockDeletingService#0] INFO  interfaces.ContainerDeletionChoosingPolicyTemplate (ContainerDeletionChoosingPolicyTemplate.java:chooseContainerForBlockDeletion(85)) - Chosen 0/5000 blocks from 0 candidate containers.
2024-08-10 09:46:46,533 [c1014618-c100-4e2c-97d7-038e29b3cb29-EndpointStateMachineTaskThread-/0.0.0.0:15585-0 ] INFO  utils.DatanodeStoreCache (DatanodeStoreCache.java:addDB(72)) - Added db /home/runner/work/ozone/ozone/hadoop-ozone/integration-test/target/test-dir/MiniOzoneClusterImpl-25487c27-6224-40aa-b0ad-008c83bbb5f2/ozone-meta/datanode-3/data-0/hdds/25487c27-6224-40aa-b0ad-008c83bbb5f2/DS-dd0f65b7-1c7e-4d3f-a8b2-cf17d27c346e/container.db to cache
2024-08-10 09:46:46,533 [c1014618-c100-4e2c-97d7-038e29b3cb29-EndpointStateMachineTaskThread-/0.0.0.0:15585-0 ] INFO  volume.HddsVolume (HddsVolume.java:createDbStore(437)) - SchemaV3 db is created and loaded at /home/runner/work/ozone/ozone/hadoop-ozone/integration-test/target/test-dir/MiniOzoneClusterImpl-25487c27-6224-40aa-b0ad-008c83bbb5f2/ozone-meta/datanode-3/data-0/hdds/25487c27-6224-40aa-b0ad-008c83bbb5f2/DS-dd0f65b7-1c7e-4d3f-a8b2-cf17d27c346e/container.db for volume DS-dd0f65b7-1c7e-4d3f-a8b2-cf17d27c346e
2024-08-10 09:46:46,535 [c1014618-c100-4e2c-97d7-038e29b3cb29-ContainerReader-0] INFO  ozoneimpl.ContainerReader (ContainerReader.java:readVolume(148)) - Start to verify containers on volume /home/runner/work/ozone/ozone/hadoop-ozone/integration-test/target/test-dir/MiniOzoneClusterImpl-25487c27-6224-40aa-b0ad-008c83bbb5f2/ozone-meta/datanode-3/data-0/hdds
2024-08-10 09:46:46,535 [c1014618-c100-4e2c-97d7-038e29b3cb29-ContainerReader-0] INFO  ozoneimpl.ContainerReader (ContainerReader.java:readVolume(178)) - Finish verifying containers on volume /home/runner/work/ozone/ozone/hadoop-ozone/integration-test/target/test-dir/MiniOzoneClusterImpl-25487c27-6224-40aa-b0ad-008c83bbb5f2/ozone-meta/datanode-3/data-0/hdds
2024-08-10 09:46:46,535 [c1014618-c100-4e2c-97d7-038e29b3cb29-EndpointStateMachineTaskThread-/0.0.0.0:15585-0 ] INFO  ozoneimpl.OzoneContainer (OzoneContainer.java:buildContainerSet(328)) - Build ContainerSet costs 0s
2024-08-10 09:46:46,535 [c1014618-c100-4e2c-97d7-038e29b3cb29-EndpointStateMachineTaskThread-/0.0.0.0:15585-0 ] INFO  volume.ThrottledAsyncChecker (ThrottledAsyncChecker.java:schedule(141)) - Scheduling a check for /home/runner/work/ozone/ozone/hadoop-ozone/integration-test/target/test-dir/MiniOzoneClusterImpl-25487c27-6224-40aa-b0ad-008c83bbb5f2/ozone-meta/datanode-3/data-0/hdds
2024-08-10 09:46:46,536 [c1014618-c100-4e2c-97d7-038e29b3cb29-EndpointStateMachineTaskThread-/0.0.0.0:15585-0 ] INFO  volume.StorageVolumeChecker (StorageVolumeChecker.java:checkAllVolumes(218)) - Scheduled health check for volume /home/runner/work/ozone/ozone/hadoop-ozone/integration-test/target/test-dir/MiniOzoneClusterImpl-25487c27-6224-40aa-b0ad-008c83bbb5f2/ozone-meta/datanode-3/data-0/hdds
2024-08-10 09:46:46,537 [c1014618-c100-4e2c-97d7-038e29b3cb29-EndpointStateMachineTaskThread-/0.0.0.0:15585-0 ] INFO  volume.ThrottledAsyncChecker (ThrottledAsyncChecker.java:schedule(141)) - Scheduling a check for /home/runner/work/ozone/ozone/hadoop-ozone/integration-test/target/test-dir/MiniOzoneClusterImpl-25487c27-6224-40aa-b0ad-008c83bbb5f2/ozone-meta/datanode-3/ratis
2024-08-10 09:46:46,537 [c1014618-c100-4e2c-97d7-038e29b3cb29-EndpointStateMachineTaskThread-/0.0.0.0:15585-0 ] INFO  volume.StorageVolumeChecker (StorageVolumeChecker.java:checkAllVolumes(218)) - Scheduled health check for volume /home/runner/work/ozone/ozone/hadoop-ozone/integration-test/target/test-dir/MiniOzoneClusterImpl-25487c27-6224-40aa-b0ad-008c83bbb5f2/ozone-meta/datanode-3/ratis
2024-08-10 09:46:46,537 [c1014618-c100-4e2c-97d7-038e29b3cb29-EndpointStateMachineTaskThread-/0.0.0.0:15585-0 ] INFO  ozoneimpl.OzoneContainer (OzoneContainer.java:start(459)) - Attempting to start container services.
2024-08-10 09:46:46,537 [c1014618-c100-4e2c-97d7-038e29b3cb29-EndpointStateMachineTaskThread-/0.0.0.0:15585-0 ] WARN  ozoneimpl.OnDemandContainerDataScanner (OnDemandContainerDataScanner.java:init(75)) - Trying to initialize on demand scanner a second time on a datanode.
2024-08-10 09:46:46,538 [ContainerMetadataScanner] INFO  ozoneimpl.AbstractBackgroundContainerScanner (AbstractBackgroundContainerScanner.java:runIteration(87)) - Completed an iteration in 0 minutes. Number of iterations (since the data-node restart) : 1, Number of containers scanned in this iteration : 0, Number of unhealthy containers found in this iteration : 0
2024-08-10 09:46:46,538 [ContainerDataScanner(/home/runner/work/ozone/ozone/hadoop-ozone/integration-test/target/test-dir/MiniOzoneClusterImpl-25487c27-6224-40aa-b0ad-008c83bbb5f2/ozone-meta/datanode-3/data-0/hdds)] INFO  ozoneimpl.AbstractBackgroundContainerScanner (AbstractBackgroundContainerScanner.java:runIteration(87)) - Completed an iteration in 0 minutes. Number of iterations (since the data-node restart) : 1, Number of containers scanned in this iteration : 0, Number of unhealthy containers found in this iteration : 0
2024-08-10 09:46:46,538 [c1014618-c100-4e2c-97d7-038e29b3cb29-EndpointStateMachineTaskThread-/0.0.0.0:15585-0 ] INFO  replication.ReplicationServer (ReplicationServer.java:start(140)) - ReplicationServer is started using port 15617
2024-08-10 09:46:46,538 [c1014618-c100-4e2c-97d7-038e29b3cb29-EndpointStateMachineTaskThread-/0.0.0.0:15585-0 ] INFO  ratis.XceiverServerRatis (XceiverServerRatis.java:start(559)) - Starting XceiverServerRatis c1014618-c100-4e2c-97d7-038e29b3cb29
2024-08-10 09:46:46,539 [c1014618-c100-4e2c-97d7-038e29b3cb29-EndpointStateMachineTaskThread-/0.0.0.0:15585-0 ] INFO  server.RaftServer (RaftServerProxy.java:startImpl(408)) - c1014618-c100-4e2c-97d7-038e29b3cb29: start RPC server
2024-08-10 09:46:46,539 [c1014618-c100-4e2c-97d7-038e29b3cb29-EndpointStateMachineTaskThread-/0.0.0.0:15585-0 ] INFO  server.GrpcService (GrpcService.java:startImpl(302)) - c1014618-c100-4e2c-97d7-038e29b3cb29: GrpcService started, listening on 15613
2024-08-10 09:46:46,539 [c1014618-c100-4e2c-97d7-038e29b3cb29-EndpointStateMachineTaskThread-/0.0.0.0:15585-0 ] INFO  ratis.XceiverServerRatis (XceiverServerRatis.java:getRealPort(585)) - XceiverServerRatis c1014618-c100-4e2c-97d7-038e29b3cb29 is started using port 15613 for RATIS
2024-08-10 09:46:46,539 [JvmPauseMonitor85] INFO  util.JvmPauseMonitor (JvmPauseMonitor.java:run(146)) - JvmPauseMonitor-c1014618-c100-4e2c-97d7-038e29b3cb29: Started
2024-08-10 09:46:46,539 [c1014618-c100-4e2c-97d7-038e29b3cb29-EndpointStateMachineTaskThread-/0.0.0.0:15585-0 ] INFO  ratis.XceiverServerRatis (XceiverServerRatis.java:getRealPort(585)) - XceiverServerRatis c1014618-c100-4e2c-97d7-038e29b3cb29 is started using port 15613 for RATIS_ADMIN
2024-08-10 09:46:46,540 [c1014618-c100-4e2c-97d7-038e29b3cb29-EndpointStateMachineTaskThread-/0.0.0.0:15585-0 ] INFO  ratis.XceiverServerRatis (XceiverServerRatis.java:getRealPort(585)) - XceiverServerRatis c1014618-c100-4e2c-97d7-038e29b3cb29 is started using port 15613 for RATIS_SERVER
2024-08-10 09:46:46,540 [c1014618-c100-4e2c-97d7-038e29b3cb29-EndpointStateMachineTaskThread-/0.0.0.0:15585-0 ] INFO  ratis.XceiverServerRatis (XceiverServerRatis.java:getRealPort(585)) - XceiverServerRatis c1014618-c100-4e2c-97d7-038e29b3cb29 is started using port 15616 for RATIS_DATASTREAM
2024-08-10 09:46:46,540 [c1014618-c100-4e2c-97d7-038e29b3cb29-BlockDeletingService#0] INFO  interfaces.ContainerDeletionChoosingPolicyTemplate (ContainerDeletionChoosingPolicyTemplate.java:chooseContainerForBlockDeletion(85)) - Chosen 0/5000 blocks from 0 candidate containers.
2024-08-10 09:46:46,755 [283db307-1259-4af7-a854-e925d39aa7b7-EndpointStateMachineTaskThread-/0.0.0.0:15585-0 ] INFO  utils.DatanodeStoreCache (DatanodeStoreCache.java:addDB(72)) - Added db /home/runner/work/ozone/ozone/hadoop-ozone/integration-test/target/test-dir/MiniOzoneClusterImpl-25487c27-6224-40aa-b0ad-008c83bbb5f2/ozone-meta/datanode-4/data-0/hdds/25487c27-6224-40aa-b0ad-008c83bbb5f2/DS-229d9af7-9a3f-4366-949e-aa56cc7a0d92/container.db to cache
2024-08-10 09:46:46,756 [283db307-1259-4af7-a854-e925d39aa7b7-EndpointStateMachineTaskThread-/0.0.0.0:15585-0 ] INFO  volume.HddsVolume (HddsVolume.java:createDbStore(437)) - SchemaV3 db is created and loaded at /home/runner/work/ozone/ozone/hadoop-ozone/integration-test/target/test-dir/MiniOzoneClusterImpl-25487c27-6224-40aa-b0ad-008c83bbb5f2/ozone-meta/datanode-4/data-0/hdds/25487c27-6224-40aa-b0ad-008c83bbb5f2/DS-229d9af7-9a3f-4366-949e-aa56cc7a0d92/container.db for volume DS-229d9af7-9a3f-4366-949e-aa56cc7a0d92
2024-08-10 09:46:46,757 [283db307-1259-4af7-a854-e925d39aa7b7-ContainerReader-0] INFO  ozoneimpl.ContainerReader (ContainerReader.java:readVolume(148)) - Start to verify containers on volume /home/runner/work/ozone/ozone/hadoop-ozone/integration-test/target/test-dir/MiniOzoneClusterImpl-25487c27-6224-40aa-b0ad-008c83bbb5f2/ozone-meta/datanode-4/data-0/hdds
2024-08-10 09:46:46,757 [283db307-1259-4af7-a854-e925d39aa7b7-ContainerReader-0] INFO  ozoneimpl.ContainerReader (ContainerReader.java:readVolume(178)) - Finish verifying containers on volume /home/runner/work/ozone/ozone/hadoop-ozone/integration-test/target/test-dir/MiniOzoneClusterImpl-25487c27-6224-40aa-b0ad-008c83bbb5f2/ozone-meta/datanode-4/data-0/hdds
2024-08-10 09:46:46,758 [283db307-1259-4af7-a854-e925d39aa7b7-EndpointStateMachineTaskThread-/0.0.0.0:15585-0 ] INFO  ozoneimpl.OzoneContainer (OzoneContainer.java:buildContainerSet(328)) - Build ContainerSet costs 0s
2024-08-10 09:46:46,758 [283db307-1259-4af7-a854-e925d39aa7b7-EndpointStateMachineTaskThread-/0.0.0.0:15585-0 ] INFO  volume.ThrottledAsyncChecker (ThrottledAsyncChecker.java:schedule(141)) - Scheduling a check for /home/runner/work/ozone/ozone/hadoop-ozone/integration-test/target/test-dir/MiniOzoneClusterImpl-25487c27-6224-40aa-b0ad-008c83bbb5f2/ozone-meta/datanode-4/data-0/hdds
2024-08-10 09:46:46,758 [283db307-1259-4af7-a854-e925d39aa7b7-EndpointStateMachineTaskThread-/0.0.0.0:15585-0 ] INFO  volume.StorageVolumeChecker (StorageVolumeChecker.java:checkAllVolumes(218)) - Scheduled health check for volume /home/runner/work/ozone/ozone/hadoop-ozone/integration-test/target/test-dir/MiniOzoneClusterImpl-25487c27-6224-40aa-b0ad-008c83bbb5f2/ozone-meta/datanode-4/data-0/hdds
2024-08-10 09:46:46,759 [283db307-1259-4af7-a854-e925d39aa7b7-EndpointStateMachineTaskThread-/0.0.0.0:15585-0 ] INFO  volume.ThrottledAsyncChecker (ThrottledAsyncChecker.java:schedule(141)) - Scheduling a check for /home/runner/work/ozone/ozone/hadoop-ozone/integration-test/target/test-dir/MiniOzoneClusterImpl-25487c27-6224-40aa-b0ad-008c83bbb5f2/ozone-meta/datanode-4/ratis
2024-08-10 09:46:46,759 [283db307-1259-4af7-a854-e925d39aa7b7-EndpointStateMachineTaskThread-/0.0.0.0:15585-0 ] INFO  volume.StorageVolumeChecker (StorageVolumeChecker.java:checkAllVolumes(218)) - Scheduled health check for volume /home/runner/work/ozone/ozone/hadoop-ozone/integration-test/target/test-dir/MiniOzoneClusterImpl-25487c27-6224-40aa-b0ad-008c83bbb5f2/ozone-meta/datanode-4/ratis
2024-08-10 09:46:46,760 [283db307-1259-4af7-a854-e925d39aa7b7-EndpointStateMachineTaskThread-/0.0.0.0:15585-0 ] INFO  ozoneimpl.OzoneContainer (OzoneContainer.java:start(459)) - Attempting to start container services.
2024-08-10 09:46:46,760 [283db307-1259-4af7-a854-e925d39aa7b7-EndpointStateMachineTaskThread-/0.0.0.0:15585-0 ] WARN  ozoneimpl.OnDemandContainerDataScanner (OnDemandContainerDataScanner.java:init(75)) - Trying to initialize on demand scanner a second time on a datanode.
2024-08-10 09:46:46,760 [ContainerMetadataScanner] INFO  ozoneimpl.AbstractBackgroundContainerScanner (AbstractBackgroundContainerScanner.java:runIteration(87)) - Completed an iteration in 0 minutes. Number of iterations (since the data-node restart) : 1, Number of containers scanned in this iteration : 0, Number of unhealthy containers found in this iteration : 0
2024-08-10 09:46:46,760 [ContainerDataScanner(/home/runner/work/ozone/ozone/hadoop-ozone/integration-test/target/test-dir/MiniOzoneClusterImpl-25487c27-6224-40aa-b0ad-008c83bbb5f2/ozone-meta/datanode-4/data-0/hdds)] INFO  ozoneimpl.AbstractBackgroundContainerScanner (AbstractBackgroundContainerScanner.java:runIteration(87)) - Completed an iteration in 0 minutes. Number of iterations (since the data-node restart) : 1, Number of containers scanned in this iteration : 0, Number of unhealthy containers found in this iteration : 0
2024-08-10 09:46:46,761 [283db307-1259-4af7-a854-e925d39aa7b7-EndpointStateMachineTaskThread-/0.0.0.0:15585-0 ] INFO  replication.ReplicationServer (ReplicationServer.java:start(140)) - ReplicationServer is started using port 15626
2024-08-10 09:46:46,761 [283db307-1259-4af7-a854-e925d39aa7b7-EndpointStateMachineTaskThread-/0.0.0.0:15585-0 ] INFO  ratis.XceiverServerRatis (XceiverServerRatis.java:start(559)) - Starting XceiverServerRatis 283db307-1259-4af7-a854-e925d39aa7b7
2024-08-10 09:46:46,762 [283db307-1259-4af7-a854-e925d39aa7b7-EndpointStateMachineTaskThread-/0.0.0.0:15585-0 ] INFO  server.RaftServer (RaftServerProxy.java:startImpl(408)) - 283db307-1259-4af7-a854-e925d39aa7b7: start RPC server
2024-08-10 09:46:46,762 [283db307-1259-4af7-a854-e925d39aa7b7-EndpointStateMachineTaskThread-/0.0.0.0:15585-0 ] INFO  server.GrpcService (GrpcService.java:startImpl(302)) - 283db307-1259-4af7-a854-e925d39aa7b7: GrpcService started, listening on 15622
2024-08-10 09:46:46,766 [283db307-1259-4af7-a854-e925d39aa7b7-EndpointStateMachineTaskThread-/0.0.0.0:15585-0 ] INFO  ratis.XceiverServerRatis (XceiverServerRatis.java:getRealPort(585)) - XceiverServerRatis 283db307-1259-4af7-a854-e925d39aa7b7 is started using port 15622 for RATIS
2024-08-10 09:46:46,766 [283db307-1259-4af7-a854-e925d39aa7b7-EndpointStateMachineTaskThread-/0.0.0.0:15585-0 ] INFO  ratis.XceiverServerRatis (XceiverServerRatis.java:getRealPort(585)) - XceiverServerRatis 283db307-1259-4af7-a854-e925d39aa7b7 is started using port 15622 for RATIS_ADMIN
2024-08-10 09:46:46,766 [283db307-1259-4af7-a854-e925d39aa7b7-EndpointStateMachineTaskThread-/0.0.0.0:15585-0 ] INFO  ratis.XceiverServerRatis (XceiverServerRatis.java:getRealPort(585)) - XceiverServerRatis 283db307-1259-4af7-a854-e925d39aa7b7 is started using port 15622 for RATIS_SERVER
2024-08-10 09:46:46,766 [JvmPauseMonitor86] INFO  util.JvmPauseMonitor (JvmPauseMonitor.java:run(146)) - JvmPauseMonitor-283db307-1259-4af7-a854-e925d39aa7b7: Started
2024-08-10 09:46:46,766 [283db307-1259-4af7-a854-e925d39aa7b7-EndpointStateMachineTaskThread-/0.0.0.0:15585-0 ] INFO  ratis.XceiverServerRatis (XceiverServerRatis.java:getRealPort(585)) - XceiverServerRatis 283db307-1259-4af7-a854-e925d39aa7b7 is started using port 15625 for RATIS_DATASTREAM
2024-08-10 09:46:46,767 [283db307-1259-4af7-a854-e925d39aa7b7-BlockDeletingService#0] INFO  interfaces.ContainerDeletionChoosingPolicyTemplate (ContainerDeletionChoosingPolicyTemplate.java:chooseContainerForBlockDeletion(85)) - Chosen 0/5000 blocks from 0 candidate containers.
2024-08-10 09:46:46,970 [main] INFO  ozone.MiniOzoneClusterImpl (MiniOzoneClusterImpl.java:lambda$waitForClusterToBeReady$0(198)) - Waiting for nodes to be ready. Got 0 of 5 DN Heartbeats.
2024-08-10 09:46:46,970 [main] INFO  ozone.MiniOzoneClusterImpl (MiniOzoneClusterImpl.java:lambda$waitForClusterToBeReady$0(201)) - Waiting for cluster to exit safe mode
2024-08-10 09:46:46,971 [main] INFO  ozone.MiniOzoneClusterImpl (MiniOzoneClusterImpl.java:lambda$waitForClusterToBeReady$0(203)) - SCM became leader
2024-08-10 09:46:46,998 [1eeb2d2d-0439-49d0-a133-80b3ae5cf383-EndpointStateMachineTaskThread-/0.0.0.0:15585-0 ] INFO  utils.DatanodeStoreCache (DatanodeStoreCache.java:addDB(72)) - Added db /home/runner/work/ozone/ozone/hadoop-ozone/integration-test/target/test-dir/MiniOzoneClusterImpl-25487c27-6224-40aa-b0ad-008c83bbb5f2/ozone-meta/datanode-5/data-0/hdds/25487c27-6224-40aa-b0ad-008c83bbb5f2/DS-3ba2a85a-5f69-4533-be1b-f10c1f763b99/container.db to cache
2024-08-10 09:46:46,998 [1eeb2d2d-0439-49d0-a133-80b3ae5cf383-EndpointStateMachineTaskThread-/0.0.0.0:15585-0 ] INFO  volume.HddsVolume (HddsVolume.java:createDbStore(437)) - SchemaV3 db is created and loaded at /home/runner/work/ozone/ozone/hadoop-ozone/integration-test/target/test-dir/MiniOzoneClusterImpl-25487c27-6224-40aa-b0ad-008c83bbb5f2/ozone-meta/datanode-5/data-0/hdds/25487c27-6224-40aa-b0ad-008c83bbb5f2/DS-3ba2a85a-5f69-4533-be1b-f10c1f763b99/container.db for volume DS-3ba2a85a-5f69-4533-be1b-f10c1f763b99
2024-08-10 09:46:46,999 [1eeb2d2d-0439-49d0-a133-80b3ae5cf383-ContainerReader-0] INFO  ozoneimpl.ContainerReader (ContainerReader.java:readVolume(148)) - Start to verify containers on volume /home/runner/work/ozone/ozone/hadoop-ozone/integration-test/target/test-dir/MiniOzoneClusterImpl-25487c27-6224-40aa-b0ad-008c83bbb5f2/ozone-meta/datanode-5/data-0/hdds
2024-08-10 09:46:46,999 [1eeb2d2d-0439-49d0-a133-80b3ae5cf383-ContainerReader-0] INFO  ozoneimpl.ContainerReader (ContainerReader.java:readVolume(178)) - Finish verifying containers on volume /home/runner/work/ozone/ozone/hadoop-ozone/integration-test/target/test-dir/MiniOzoneClusterImpl-25487c27-6224-40aa-b0ad-008c83bbb5f2/ozone-meta/datanode-5/data-0/hdds
2024-08-10 09:46:46,999 [1eeb2d2d-0439-49d0-a133-80b3ae5cf383-EndpointStateMachineTaskThread-/0.0.0.0:15585-0 ] INFO  ozoneimpl.OzoneContainer (OzoneContainer.java:buildContainerSet(328)) - Build ContainerSet costs 0s
2024-08-10 09:46:47,000 [1eeb2d2d-0439-49d0-a133-80b3ae5cf383-EndpointStateMachineTaskThread-/0.0.0.0:15585-0 ] INFO  volume.ThrottledAsyncChecker (ThrottledAsyncChecker.java:schedule(141)) - Scheduling a check for /home/runner/work/ozone/ozone/hadoop-ozone/integration-test/target/test-dir/MiniOzoneClusterImpl-25487c27-6224-40aa-b0ad-008c83bbb5f2/ozone-meta/datanode-5/data-0/hdds
2024-08-10 09:46:47,000 [1eeb2d2d-0439-49d0-a133-80b3ae5cf383-EndpointStateMachineTaskThread-/0.0.0.0:15585-0 ] INFO  volume.StorageVolumeChecker (StorageVolumeChecker.java:checkAllVolumes(218)) - Scheduled health check for volume /home/runner/work/ozone/ozone/hadoop-ozone/integration-test/target/test-dir/MiniOzoneClusterImpl-25487c27-6224-40aa-b0ad-008c83bbb5f2/ozone-meta/datanode-5/data-0/hdds
2024-08-10 09:46:47,001 [1eeb2d2d-0439-49d0-a133-80b3ae5cf383-EndpointStateMachineTaskThread-/0.0.0.0:15585-0 ] INFO  volume.ThrottledAsyncChecker (ThrottledAsyncChecker.java:schedule(141)) - Scheduling a check for /home/runner/work/ozone/ozone/hadoop-ozone/integration-test/target/test-dir/MiniOzoneClusterImpl-25487c27-6224-40aa-b0ad-008c83bbb5f2/ozone-meta/datanode-5/ratis
2024-08-10 09:46:47,001 [1eeb2d2d-0439-49d0-a133-80b3ae5cf383-EndpointStateMachineTaskThread-/0.0.0.0:15585-0 ] INFO  volume.StorageVolumeChecker (StorageVolumeChecker.java:checkAllVolumes(218)) - Scheduled health check for volume /home/runner/work/ozone/ozone/hadoop-ozone/integration-test/target/test-dir/MiniOzoneClusterImpl-25487c27-6224-40aa-b0ad-008c83bbb5f2/ozone-meta/datanode-5/ratis
2024-08-10 09:46:47,002 [1eeb2d2d-0439-49d0-a133-80b3ae5cf383-EndpointStateMachineTaskThread-/0.0.0.0:15585-0 ] INFO  ozoneimpl.OzoneContainer (OzoneContainer.java:start(459)) - Attempting to start container services.
2024-08-10 09:46:47,002 [1eeb2d2d-0439-49d0-a133-80b3ae5cf383-EndpointStateMachineTaskThread-/0.0.0.0:15585-0 ] WARN  ozoneimpl.OnDemandContainerDataScanner (OnDemandContainerDataScanner.java:init(75)) - Trying to initialize on demand scanner a second time on a datanode.
2024-08-10 09:46:47,002 [ContainerMetadataScanner] INFO  ozoneimpl.AbstractBackgroundContainerScanner (AbstractBackgroundContainerScanner.java:runIteration(87)) - Completed an iteration in 0 minutes. Number of iterations (since the data-node restart) : 1, Number of containers scanned in this iteration : 0, Number of unhealthy containers found in this iteration : 0
2024-08-10 09:46:47,003 [ContainerDataScanner(/home/runner/work/ozone/ozone/hadoop-ozone/integration-test/target/test-dir/MiniOzoneClusterImpl-25487c27-6224-40aa-b0ad-008c83bbb5f2/ozone-meta/datanode-5/data-0/hdds)] INFO  ozoneimpl.AbstractBackgroundContainerScanner (AbstractBackgroundContainerScanner.java:runIteration(87)) - Completed an iteration in 0 minutes. Number of iterations (since the data-node restart) : 1, Number of containers scanned in this iteration : 0, Number of unhealthy containers found in this iteration : 0
2024-08-10 09:46:47,003 [1eeb2d2d-0439-49d0-a133-80b3ae5cf383-EndpointStateMachineTaskThread-/0.0.0.0:15585-0 ] INFO  replication.ReplicationServer (ReplicationServer.java:start(140)) - ReplicationServer is started using port 15635
2024-08-10 09:46:47,003 [1eeb2d2d-0439-49d0-a133-80b3ae5cf383-EndpointStateMachineTaskThread-/0.0.0.0:15585-0 ] INFO  ratis.XceiverServerRatis (XceiverServerRatis.java:start(559)) - Starting XceiverServerRatis 1eeb2d2d-0439-49d0-a133-80b3ae5cf383
2024-08-10 09:46:47,003 [1eeb2d2d-0439-49d0-a133-80b3ae5cf383-EndpointStateMachineTaskThread-/0.0.0.0:15585-0 ] INFO  server.RaftServer (RaftServerProxy.java:startImpl(408)) - 1eeb2d2d-0439-49d0-a133-80b3ae5cf383: start RPC server
2024-08-10 09:46:47,004 [1eeb2d2d-0439-49d0-a133-80b3ae5cf383-EndpointStateMachineTaskThread-/0.0.0.0:15585-0 ] INFO  server.GrpcService (GrpcService.java:startImpl(302)) - 1eeb2d2d-0439-49d0-a133-80b3ae5cf383: GrpcService started, listening on 15631
2024-08-10 09:46:47,004 [1eeb2d2d-0439-49d0-a133-80b3ae5cf383-EndpointStateMachineTaskThread-/0.0.0.0:15585-0 ] INFO  ratis.XceiverServerRatis (XceiverServerRatis.java:getRealPort(585)) - XceiverServerRatis 1eeb2d2d-0439-49d0-a133-80b3ae5cf383 is started using port 15631 for RATIS
2024-08-10 09:46:47,004 [JvmPauseMonitor87] INFO  util.JvmPauseMonitor (JvmPauseMonitor.java:run(146)) - JvmPauseMonitor-1eeb2d2d-0439-49d0-a133-80b3ae5cf383: Started
2024-08-10 09:46:47,004 [1eeb2d2d-0439-49d0-a133-80b3ae5cf383-EndpointStateMachineTaskThread-/0.0.0.0:15585-0 ] INFO  ratis.XceiverServerRatis (XceiverServerRatis.java:getRealPort(585)) - XceiverServerRatis 1eeb2d2d-0439-49d0-a133-80b3ae5cf383 is started using port 15631 for RATIS_ADMIN
2024-08-10 09:46:47,004 [1eeb2d2d-0439-49d0-a133-80b3ae5cf383-EndpointStateMachineTaskThread-/0.0.0.0:15585-0 ] INFO  ratis.XceiverServerRatis (XceiverServerRatis.java:getRealPort(585)) - XceiverServerRatis 1eeb2d2d-0439-49d0-a133-80b3ae5cf383 is started using port 15631 for RATIS_SERVER
2024-08-10 09:46:47,005 [1eeb2d2d-0439-49d0-a133-80b3ae5cf383-EndpointStateMachineTaskThread-/0.0.0.0:15585-0 ] INFO  ratis.XceiverServerRatis (XceiverServerRatis.java:getRealPort(585)) - XceiverServerRatis 1eeb2d2d-0439-49d0-a133-80b3ae5cf383 is started using port 15634 for RATIS_DATASTREAM
2024-08-10 09:46:47,006 [1eeb2d2d-0439-49d0-a133-80b3ae5cf383-BlockDeletingService#0] INFO  interfaces.ContainerDeletionChoosingPolicyTemplate (ContainerDeletionChoosingPolicyTemplate.java:chooseContainerForBlockDeletion(85)) - Chosen 0/5000 blocks from 0 candidate containers.
2024-08-10 09:46:47,971 [main] INFO  ozone.MiniOzoneClusterImpl (MiniOzoneClusterImpl.java:lambda$waitForClusterToBeReady$0(198)) - Waiting for nodes to be ready. Got 0 of 5 DN Heartbeats.
2024-08-10 09:46:47,971 [main] INFO  ozone.MiniOzoneClusterImpl (MiniOzoneClusterImpl.java:lambda$waitForClusterToBeReady$0(201)) - Waiting for cluster to exit safe mode
2024-08-10 09:46:47,971 [main] INFO  ozone.MiniOzoneClusterImpl (MiniOzoneClusterImpl.java:lambda$waitForClusterToBeReady$0(203)) - SCM became leader
2024-08-10 09:46:48,019 [IPC Server handler 4 on default port 15585] INFO  net.NetworkTopologyImpl (NetworkTopologyImpl.java:add(134)) - Added a new node: /default-rack/d75f2dba-195c-437b-b62a-ed875b85e515
2024-08-10 09:46:48,019 [IPC Server handler 4 on default port 15585] INFO  node.SCMNodeManager (SCMNodeManager.java:register(422)) - Registered datanode: d75f2dba-195c-437b-b62a-ed875b85e515{ip: 127.0.0.1, host: localhost, ports: [HTTP=15592, CLIENT_RPC=15593, REPLICATION=15599, RATIS=15595, RATIS_ADMIN=15595, RATIS_SERVER=15595, RATIS_DATASTREAM=15598, STANDALONE=15594], networkLocation: /default-rack, certSerialId: null, persistedOpState: null, persistedOpStateExpiryEpochSec: 0}
2024-08-10 09:46:48,020 [EventQueue-NewNodeForNewNodeHandler] INFO  pipeline.BackgroundPipelineCreator (BackgroundPipelineCreator.java:notifyEventTriggered(280)) - trigger a one-shot run on RatisPipelineUtilsThread.
2024-08-10 09:46:48,020 [EventQueue-NodeRegistrationContainerReportForContainerSafeModeRule] INFO  safemode.SCMSafeModeManager (SCMSafeModeManager.java:validateSafeModeExitRules(203)) - ContainerSafeModeRule rule is successfully validated
2024-08-10 09:46:48,020 [EventQueue-NodeRegistrationContainerReportForDataNodeSafeModeRule] INFO  safemode.SCMSafeModeManager (DataNodeSafeModeRule.java:process(71)) - SCM in safe mode. 1 DataNodes registered, 3 required.
2024-08-10 09:46:48,020 [EventQueue-PipelineReportForOneReplicaPipelineSafeModeRule] INFO  safemode.SCMSafeModeManager (SCMSafeModeManager.java:validateSafeModeExitRules(203)) - AtleastOneDatanodeReportedRule rule is successfully validated
2024-08-10 09:46:48,021 [RatisPipelineUtilsThread-0] INFO  pipeline.RatisPipelineProvider (RatisPipelineProvider.java:lambda$create$0(205)) - Sending CreatePipelineCommand for pipeline:PipelineID=f8cd987d-9e0d-41c0-9d68-f5acc09160e5 to datanode:d75f2dba-195c-437b-b62a-ed875b85e515
2024-08-10 09:46:48,022 [RatisPipelineUtilsThread-0] INFO  pipeline.BackgroundPipelineCreator (BackgroundPipelineCreator.java:createPipelines(236)) - Created new pipeline Pipeline[ Id: f8cd987d-9e0d-41c0-9d68-f5acc09160e5, Nodes: d75f2dba-195c-437b-b62a-ed875b85e515(localhost/127.0.0.1) ReplicaIndex: 0, ReplicationConfig: RATIS/ONE, State:ALLOCATED, leaderId:, CreationTimestamp2024-08-10T09:46:48.021239171Z[Etc/UTC]]
2024-08-10 09:46:48,251 [IPC Server handler 0 on default port 15585] INFO  net.NetworkTopologyImpl (NetworkTopologyImpl.java:add(134)) - Added a new node: /default-rack/280ba735-fec6-4a50-aa81-34035c985b11
2024-08-10 09:46:48,251 [IPC Server handler 0 on default port 15585] INFO  node.SCMNodeManager (SCMNodeManager.java:register(422)) - Registered datanode: 280ba735-fec6-4a50-aa81-34035c985b11{ip: 127.0.0.1, host: localhost, ports: [HTTP=15601, CLIENT_RPC=15602, REPLICATION=15608, RATIS=15604, RATIS_ADMIN=15604, RATIS_SERVER=15604, RATIS_DATASTREAM=15607, STANDALONE=15603], networkLocation: /default-rack, certSerialId: null, persistedOpState: null, persistedOpStateExpiryEpochSec: 0}
2024-08-10 09:46:48,252 [EventQueue-NodeRegistrationContainerReportForDataNodeSafeModeRule] INFO  safemode.SCMSafeModeManager (DataNodeSafeModeRule.java:process(71)) - SCM in safe mode. 2 DataNodes registered, 3 required.
2024-08-10 09:46:48,252 [EventQueue-NewNodeForNewNodeHandler] INFO  pipeline.BackgroundPipelineCreator (BackgroundPipelineCreator.java:notifyEventTriggered(280)) - trigger a one-shot run on RatisPipelineUtilsThread.
2024-08-10 09:46:48,252 [RatisPipelineUtilsThread-0] INFO  pipeline.RatisPipelineProvider (RatisPipelineProvider.java:lambda$create$0(205)) - Sending CreatePipelineCommand for pipeline:PipelineID=6b6fa171-5370-4504-9fa6-e04dce71fb33 to datanode:280ba735-fec6-4a50-aa81-34035c985b11
2024-08-10 09:46:48,252 [RatisPipelineUtilsThread-0] INFO  pipeline.BackgroundPipelineCreator (BackgroundPipelineCreator.java:createPipelines(236)) - Created new pipeline Pipeline[ Id: 6b6fa171-5370-4504-9fa6-e04dce71fb33, Nodes: 280ba735-fec6-4a50-aa81-34035c985b11(localhost/127.0.0.1) ReplicaIndex: 0, ReplicationConfig: RATIS/ONE, State:ALLOCATED, leaderId:, CreationTimestamp2024-08-10T09:46:48.252536865Z[Etc/UTC]]
2024-08-10 09:46:48,501 [IPC Server handler 1 on default port 15585] INFO  net.NetworkTopologyImpl (NetworkTopologyImpl.java:add(134)) - Added a new node: /default-rack/c1014618-c100-4e2c-97d7-038e29b3cb29
2024-08-10 09:46:48,501 [IPC Server handler 1 on default port 15585] INFO  node.SCMNodeManager (SCMNodeManager.java:register(422)) - Registered datanode: c1014618-c100-4e2c-97d7-038e29b3cb29{ip: 127.0.0.1, host: localhost, ports: [HTTP=15610, CLIENT_RPC=15611, REPLICATION=15617, RATIS=15613, RATIS_ADMIN=15613, RATIS_SERVER=15613, RATIS_DATASTREAM=15616, STANDALONE=15612], networkLocation: /default-rack, certSerialId: null, persistedOpState: null, persistedOpStateExpiryEpochSec: 0}
2024-08-10 09:46:48,501 [EventQueue-NodeRegistrationContainerReportForDataNodeSafeModeRule] INFO  safemode.SCMSafeModeManager (DataNodeSafeModeRule.java:process(71)) - SCM in safe mode. 3 DataNodes registered, 3 required.
2024-08-10 09:46:48,501 [EventQueue-NewNodeForNewNodeHandler] INFO  pipeline.BackgroundPipelineCreator (BackgroundPipelineCreator.java:notifyEventTriggered(280)) - trigger a one-shot run on RatisPipelineUtilsThread.
2024-08-10 09:46:48,502 [RatisPipelineUtilsThread-0] INFO  pipeline.RatisPipelineProvider (RatisPipelineProvider.java:lambda$create$0(205)) - Sending CreatePipelineCommand for pipeline:PipelineID=7d93cbef-a4b5-4c7a-9a4f-6a5c3cd0fcc4 to datanode:c1014618-c100-4e2c-97d7-038e29b3cb29
2024-08-10 09:46:48,502 [RatisPipelineUtilsThread-0] INFO  pipeline.BackgroundPipelineCreator (BackgroundPipelineCreator.java:createPipelines(236)) - Created new pipeline Pipeline[ Id: 7d93cbef-a4b5-4c7a-9a4f-6a5c3cd0fcc4, Nodes: c1014618-c100-4e2c-97d7-038e29b3cb29(localhost/127.0.0.1) ReplicaIndex: 0, ReplicationConfig: RATIS/ONE, State:ALLOCATED, leaderId:, CreationTimestamp2024-08-10T09:46:48.502081680Z[Etc/UTC]]
2024-08-10 09:46:48,502 [EventQueue-NodeRegistrationContainerReportForDataNodeSafeModeRule] INFO  safemode.SCMSafeModeManager (SCMSafeModeManager.java:validateSafeModeExitRules(203)) - DataNodeSafeModeRule rule is successfully validated
2024-08-10 09:46:48,502 [EventQueue-NodeRegistrationContainerReportForDataNodeSafeModeRule] INFO  safemode.SCMSafeModeManager (SCMSafeModeManager.java:completePreCheck(232)) - All SCM safe mode pre check rules have passed
2024-08-10 09:46:48,502 [EventQueue-NodeRegistrationContainerReportForDataNodeSafeModeRule] INFO  ha.SCMContext (SCMContext.java:updateSafeModeStatus(225)) - Update SafeModeStatus from SafeModeStatus{safeModeStatus=true, preCheckPassed=false} to SafeModeStatus{safeModeStatus=true, preCheckPassed=true}.
2024-08-10 09:46:48,502 [EventQueue-NodeRegistrationContainerReportForDataNodeSafeModeRule] INFO  pipeline.BackgroundPipelineCreator (BackgroundPipelineCreator.java:notifyEventTriggered(280)) - trigger a one-shot run on RatisPipelineUtilsThread.
2024-08-10 09:46:48,503 [RatisPipelineUtilsThread-0] INFO  pipeline.RatisPipelineProvider (RatisPipelineProvider.java:lambda$create$0(205)) - Sending CreatePipelineCommand for pipeline:PipelineID=029aa26b-425a-4e1d-a775-14f753a10906 to datanode:d75f2dba-195c-437b-b62a-ed875b85e515
2024-08-10 09:46:48,503 [RatisPipelineUtilsThread-0] INFO  pipeline.RatisPipelineProvider (RatisPipelineProvider.java:lambda$create$0(205)) - Sending CreatePipelineCommand for pipeline:PipelineID=029aa26b-425a-4e1d-a775-14f753a10906 to datanode:c1014618-c100-4e2c-97d7-038e29b3cb29
2024-08-10 09:46:48,503 [RatisPipelineUtilsThread-0] INFO  pipeline.RatisPipelineProvider (RatisPipelineProvider.java:lambda$create$0(205)) - Sending CreatePipelineCommand for pipeline:PipelineID=029aa26b-425a-4e1d-a775-14f753a10906 to datanode:280ba735-fec6-4a50-aa81-34035c985b11
2024-08-10 09:46:48,503 [RatisPipelineUtilsThread-0] INFO  pipeline.BackgroundPipelineCreator (BackgroundPipelineCreator.java:createPipelines(236)) - Created new pipeline Pipeline[ Id: 029aa26b-425a-4e1d-a775-14f753a10906, Nodes: d75f2dba-195c-437b-b62a-ed875b85e515(localhost/127.0.0.1) ReplicaIndex: 0c1014618-c100-4e2c-97d7-038e29b3cb29(localhost/127.0.0.1) ReplicaIndex: 0280ba735-fec6-4a50-aa81-34035c985b11(localhost/127.0.0.1) ReplicaIndex: 0, ReplicationConfig: RATIS/THREE, State:ALLOCATED, leaderId:, CreationTimestamp2024-08-10T09:46:48.503258997Z[Etc/UTC]]
2024-08-10 09:46:48,503 [RatisPipelineUtilsThread-0] INFO  pipeline.RatisPipelineProvider (RatisPipelineProvider.java:lambda$create$0(205)) - Sending CreatePipelineCommand for pipeline:PipelineID=14471663-4755-4fb3-87a6-ca08de37798b to datanode:d75f2dba-195c-437b-b62a-ed875b85e515
2024-08-10 09:46:48,504 [RatisPipelineUtilsThread-0] INFO  pipeline.RatisPipelineProvider (RatisPipelineProvider.java:lambda$create$0(205)) - Sending CreatePipelineCommand for pipeline:PipelineID=14471663-4755-4fb3-87a6-ca08de37798b to datanode:280ba735-fec6-4a50-aa81-34035c985b11
2024-08-10 09:46:48,504 [RatisPipelineUtilsThread-0] INFO  pipeline.RatisPipelineProvider (RatisPipelineProvider.java:lambda$create$0(205)) - Sending CreatePipelineCommand for pipeline:PipelineID=14471663-4755-4fb3-87a6-ca08de37798b to datanode:c1014618-c100-4e2c-97d7-038e29b3cb29
2024-08-10 09:46:48,504 [RatisPipelineUtilsThread-0] INFO  pipeline.PipelineManagerImpl (PipelineManagerImpl.java:recordMetricsForPipeline(916)) - Pipeline: PipelineID=14471663-4755-4fb3-87a6-ca08de37798b contains same datanodes as previous pipelines: PipelineID=029aa26b-425a-4e1d-a775-14f753a10906 nodeIds: d75f2dba-195c-437b-b62a-ed875b85e515, 280ba735-fec6-4a50-aa81-34035c985b11, c1014618-c100-4e2c-97d7-038e29b3cb29
2024-08-10 09:46:48,504 [RatisPipelineUtilsThread-0] INFO  pipeline.BackgroundPipelineCreator (BackgroundPipelineCreator.java:createPipelines(236)) - Created new pipeline Pipeline[ Id: 14471663-4755-4fb3-87a6-ca08de37798b, Nodes: d75f2dba-195c-437b-b62a-ed875b85e515(localhost/127.0.0.1) ReplicaIndex: 0280ba735-fec6-4a50-aa81-34035c985b11(localhost/127.0.0.1) ReplicaIndex: 0c1014618-c100-4e2c-97d7-038e29b3cb29(localhost/127.0.0.1) ReplicaIndex: 0, ReplicationConfig: RATIS/THREE, State:ALLOCATED, leaderId:, CreationTimestamp2024-08-10T09:46:48.503938595Z[Etc/UTC]]
2024-08-10 09:46:48,504 [RatisPipelineUtilsThread-0] INFO  pipeline.RatisPipelineProvider (RatisPipelineProvider.java:lambda$create$0(205)) - Sending CreatePipelineCommand for pipeline:PipelineID=4628381d-a692-444d-9810-b1a6f749b1c3 to datanode:d75f2dba-195c-437b-b62a-ed875b85e515
2024-08-10 09:46:48,504 [RatisPipelineUtilsThread-0] INFO  pipeline.RatisPipelineProvider (RatisPipelineProvider.java:lambda$create$0(205)) - Sending CreatePipelineCommand for pipeline:PipelineID=4628381d-a692-444d-9810-b1a6f749b1c3 to datanode:c1014618-c100-4e2c-97d7-038e29b3cb29
2024-08-10 09:46:48,504 [RatisPipelineUtilsThread-0] INFO  pipeline.RatisPipelineProvider (RatisPipelineProvider.java:lambda$create$0(205)) - Sending CreatePipelineCommand for pipeline:PipelineID=4628381d-a692-444d-9810-b1a6f749b1c3 to datanode:280ba735-fec6-4a50-aa81-34035c985b11
2024-08-10 09:46:48,504 [RatisPipelineUtilsThread-0] INFO  pipeline.PipelineManagerImpl (PipelineManagerImpl.java:recordMetricsForPipeline(916)) - Pipeline: PipelineID=4628381d-a692-444d-9810-b1a6f749b1c3 contains same datanodes as previous pipelines: PipelineID=14471663-4755-4fb3-87a6-ca08de37798b nodeIds: d75f2dba-195c-437b-b62a-ed875b85e515, c1014618-c100-4e2c-97d7-038e29b3cb29, 280ba735-fec6-4a50-aa81-34035c985b11
2024-08-10 09:46:48,505 [RatisPipelineUtilsThread-0] INFO  pipeline.PipelineManagerImpl (PipelineManagerImpl.java:recordMetricsForPipeline(916)) - Pipeline: PipelineID=4628381d-a692-444d-9810-b1a6f749b1c3 contains same datanodes as previous pipelines: PipelineID=029aa26b-425a-4e1d-a775-14f753a10906 nodeIds: d75f2dba-195c-437b-b62a-ed875b85e515, c1014618-c100-4e2c-97d7-038e29b3cb29, 280ba735-fec6-4a50-aa81-34035c985b11
2024-08-10 09:46:48,505 [RatisPipelineUtilsThread-0] INFO  pipeline.BackgroundPipelineCreator (BackgroundPipelineCreator.java:createPipelines(236)) - Created new pipeline Pipeline[ Id: 4628381d-a692-444d-9810-b1a6f749b1c3, Nodes: d75f2dba-195c-437b-b62a-ed875b85e515(localhost/127.0.0.1) ReplicaIndex: 0c1014618-c100-4e2c-97d7-038e29b3cb29(localhost/127.0.0.1) ReplicaIndex: 0280ba735-fec6-4a50-aa81-34035c985b11(localhost/127.0.0.1) ReplicaIndex: 0, ReplicationConfig: RATIS/THREE, State:ALLOCATED, leaderId:, CreationTimestamp2024-08-10T09:46:48.504595732Z[Etc/UTC]]
2024-08-10 09:46:48,727 [IPC Server handler 2 on default port 15585] INFO  net.NetworkTopologyImpl (NetworkTopologyImpl.java:add(134)) - Added a new node: /default-rack/283db307-1259-4af7-a854-e925d39aa7b7
2024-08-10 09:46:48,727 [IPC Server handler 2 on default port 15585] INFO  node.SCMNodeManager (SCMNodeManager.java:register(422)) - Registered datanode: 283db307-1259-4af7-a854-e925d39aa7b7{ip: 127.0.0.1, host: localhost, ports: [HTTP=15619, CLIENT_RPC=15620, REPLICATION=15626, RATIS=15622, RATIS_ADMIN=15622, RATIS_SERVER=15622, RATIS_DATASTREAM=15625, STANDALONE=15621], networkLocation: /default-rack, certSerialId: null, persistedOpState: null, persistedOpStateExpiryEpochSec: 0}
2024-08-10 09:46:48,728 [EventQueue-NewNodeForNewNodeHandler] INFO  pipeline.BackgroundPipelineCreator (BackgroundPipelineCreator.java:notifyEventTriggered(280)) - trigger a one-shot run on RatisPipelineUtilsThread.
2024-08-10 09:46:48,728 [RatisPipelineUtilsThread-0] INFO  pipeline.RatisPipelineProvider (RatisPipelineProvider.java:lambda$create$0(205)) - Sending CreatePipelineCommand for pipeline:PipelineID=51395f91-f202-479d-987a-bec0b074b073 to datanode:283db307-1259-4af7-a854-e925d39aa7b7
2024-08-10 09:46:48,729 [RatisPipelineUtilsThread-0] INFO  pipeline.BackgroundPipelineCreator (BackgroundPipelineCreator.java:createPipelines(236)) - Created new pipeline Pipeline[ Id: 51395f91-f202-479d-987a-bec0b074b073, Nodes: 283db307-1259-4af7-a854-e925d39aa7b7(localhost/127.0.0.1) ReplicaIndex: 0, ReplicationConfig: RATIS/ONE, State:ALLOCATED, leaderId:, CreationTimestamp2024-08-10T09:46:48.728480529Z[Etc/UTC]]
2024-08-10 09:46:48,970 [IPC Server handler 3 on default port 15585] INFO  net.NetworkTopologyImpl (NetworkTopologyImpl.java:add(134)) - Added a new node: /default-rack/1eeb2d2d-0439-49d0-a133-80b3ae5cf383
2024-08-10 09:46:48,971 [IPC Server handler 3 on default port 15585] INFO  node.SCMNodeManager (SCMNodeManager.java:register(422)) - Registered datanode: 1eeb2d2d-0439-49d0-a133-80b3ae5cf383{ip: 127.0.0.1, host: localhost, ports: [HTTP=15628, CLIENT_RPC=15629, REPLICATION=15635, RATIS=15631, RATIS_ADMIN=15631, RATIS_SERVER=15631, RATIS_DATASTREAM=15634, STANDALONE=15630], networkLocation: /default-rack, certSerialId: null, persistedOpState: null, persistedOpStateExpiryEpochSec: 0}
2024-08-10 09:46:48,971 [EventQueue-NewNodeForNewNodeHandler] INFO  pipeline.BackgroundPipelineCreator (BackgroundPipelineCreator.java:notifyEventTriggered(280)) - trigger a one-shot run on RatisPipelineUtilsThread.
2024-08-10 09:46:48,971 [main] INFO  ozone.MiniOzoneClusterImpl (MiniOzoneClusterImpl.java:lambda$waitForClusterToBeReady$0(198)) - Nodes are ready. Got 5 of 5 DN Heartbeats.
2024-08-10 09:46:48,972 [main] INFO  ozone.MiniOzoneClusterImpl (MiniOzoneClusterImpl.java:lambda$waitForClusterToBeReady$0(201)) - Waiting for cluster to exit safe mode
2024-08-10 09:46:48,972 [main] INFO  ozone.MiniOzoneClusterImpl (MiniOzoneClusterImpl.java:lambda$waitForClusterToBeReady$0(203)) - SCM became leader
2024-08-10 09:46:48,972 [RatisPipelineUtilsThread-0] INFO  pipeline.RatisPipelineProvider (RatisPipelineProvider.java:lambda$create$0(205)) - Sending CreatePipelineCommand for pipeline:PipelineID=a42a1d7f-9952-428b-a89e-54b30a8787ba to datanode:1eeb2d2d-0439-49d0-a133-80b3ae5cf383
2024-08-10 09:46:48,972 [RatisPipelineUtilsThread-0] INFO  pipeline.BackgroundPipelineCreator (BackgroundPipelineCreator.java:createPipelines(236)) - Created new pipeline Pipeline[ Id: a42a1d7f-9952-428b-a89e-54b30a8787ba, Nodes: 1eeb2d2d-0439-49d0-a133-80b3ae5cf383(localhost/127.0.0.1) ReplicaIndex: 0, ReplicationConfig: RATIS/ONE, State:ALLOCATED, leaderId:, CreationTimestamp2024-08-10T09:46:48.972421623Z[Etc/UTC]]
2024-08-10 09:46:49,972 [main] INFO  ozone.MiniOzoneClusterImpl (MiniOzoneClusterImpl.java:lambda$waitForClusterToBeReady$0(198)) - Nodes are ready. Got 5 of 5 DN Heartbeats.
2024-08-10 09:46:49,972 [main] INFO  ozone.MiniOzoneClusterImpl (MiniOzoneClusterImpl.java:lambda$waitForClusterToBeReady$0(201)) - Waiting for cluster to exit safe mode
2024-08-10 09:46:49,972 [main] INFO  ozone.MiniOzoneClusterImpl (MiniOzoneClusterImpl.java:lambda$waitForClusterToBeReady$0(203)) - SCM became leader
2024-08-10 09:46:50,972 [main] INFO  ozone.MiniOzoneClusterImpl (MiniOzoneClusterImpl.java:lambda$waitForClusterToBeReady$0(198)) - Nodes are ready. Got 5 of 5 DN Heartbeats.
2024-08-10 09:46:50,973 [main] INFO  ozone.MiniOzoneClusterImpl (MiniOzoneClusterImpl.java:lambda$waitForClusterToBeReady$0(201)) - Waiting for cluster to exit safe mode
2024-08-10 09:46:50,973 [main] INFO  ozone.MiniOzoneClusterImpl (MiniOzoneClusterImpl.java:lambda$waitForClusterToBeReady$0(203)) - SCM became leader
2024-08-10 09:46:51,019 [d75f2dba-195c-437b-b62a-ed875b85e515-PipelineCommandHandlerThread-0] INFO  server.RaftServer (RaftServerProxy.java:addNew(101)) - d75f2dba-195c-437b-b62a-ed875b85e515: addNew group-F5ACC09160E5:[d75f2dba-195c-437b-b62a-ed875b85e515|127.0.0.1:15595] returns group-F5ACC09160E5:java.util.concurrent.CompletableFuture@bcf8f04[Not completed]
2024-08-10 09:46:51,020 [d75f2dba-195c-437b-b62a-ed875b85e515-groupManagement] INFO  server.RaftServer$Division (RaftServerImpl.java:<init>(253)) - d75f2dba-195c-437b-b62a-ed875b85e515: new RaftServerImpl for group-F5ACC09160E5:[d75f2dba-195c-437b-b62a-ed875b85e515|127.0.0.1:15595] with ContainerStateMachine:uninitialized
2024-08-10 09:46:51,020 [d75f2dba-195c-437b-b62a-ed875b85e515-groupManagement] INFO  server.RaftServerConfigKeys (ConfUtils.java:logGet(46)) - raft.server.rpc.timeout.min = 5s (custom)
2024-08-10 09:46:51,020 [d75f2dba-195c-437b-b62a-ed875b85e515-groupManagement] INFO  server.RaftServerConfigKeys (ConfUtils.java:logGet(46)) - raft.server.rpc.timeout.max = 5200ms (custom)
2024-08-10 09:46:51,020 [d75f2dba-195c-437b-b62a-ed875b85e515-groupManagement] INFO  server.RaftServerConfigKeys (ConfUtils.java:logGet(46)) - raft.server.rpc.sleep.time = 25ms (default)
2024-08-10 09:46:51,020 [d75f2dba-195c-437b-b62a-ed875b85e515-groupManagement] INFO  server.RaftServerConfigKeys (ConfUtils.java:logGet(46)) - raft.server.rpc.slowness.timeout = 300000ms (custom)
2024-08-10 09:46:51,020 [d75f2dba-195c-437b-b62a-ed875b85e515-groupManagement] INFO  server.RaftServerConfigKeys (ConfUtils.java:logGet(46)) - raft.server.leaderelection.leader.step-down.wait-time = 10s (default)
2024-08-10 09:46:51,020 [d75f2dba-195c-437b-b62a-ed875b85e515-groupManagement] INFO  server.RaftServerConfigKeys (ConfUtils.java:logGet(46)) - raft.server.leaderelection.member.majority-add = false (default)
2024-08-10 09:46:51,020 [d75f2dba-195c-437b-b62a-ed875b85e515-groupManagement] INFO  server.RaftServerConfigKeys (ConfUtils.java:logGet(46)) - raft.server.sleep.deviation.threshold = 300ms (default)
2024-08-10 09:46:51,020 [d75f2dba-195c-437b-b62a-ed875b85e515-groupManagement] INFO  server.RaftServer$Division (ServerState.java:<init>(114)) - d75f2dba-195c-437b-b62a-ed875b85e515@group-F5ACC09160E5: ConfigurationManager, init=conf: {index: -1, cur=peers:[d75f2dba-195c-437b-b62a-ed875b85e515|127.0.0.1:15595]|listeners:[], old=null}, confs=<EMPTY_MAP>
2024-08-10 09:46:51,020 [d75f2dba-195c-437b-b62a-ed875b85e515-groupManagement] INFO  server.RaftServerConfigKeys (ConfUtils.java:logGet(46)) - raft.server.notification.no-leader.timeout = 300000ms (custom)
2024-08-10 09:46:51,020 [d75f2dba-195c-437b-b62a-ed875b85e515-groupManagement] INFO  server.RaftServerConfigKeys (ConfUtils.java:logGet(46)) - raft.server.read.timeout = 10s (default)
2024-08-10 09:46:51,020 [d75f2dba-195c-437b-b62a-ed875b85e515-groupManagement] INFO  server.RaftServerConfigKeys (ConfUtils.java:logGet(46)) - raft.server.retrycache.expirytime = 600000ms (custom)
2024-08-10 09:46:51,020 [d75f2dba-195c-437b-b62a-ed875b85e515-groupManagement] INFO  server.RaftServerConfigKeys (ConfUtils.java:logGet(46)) - raft.server.retrycache.statistics.expirytime = 100ms (default)
2024-08-10 09:46:51,021 [d75f2dba-195c-437b-b62a-ed875b85e515-groupManagement] INFO  server.RaftServerConfigKeys (ConfUtils.java:logGet(46)) - raft.server.read.option = DEFAULT (default)
2024-08-10 09:46:51,021 [d75f2dba-195c-437b-b62a-ed875b85e515-groupManagement] INFO  server.RaftServerConfigKeys (ConfUtils.java:logGet(46)) - raft.server.read.read-after-write-consistent.write-index-cache.expiry-time = 60s (default)
2024-08-10 09:46:51,025 [d75f2dba-195c-437b-b62a-ed875b85e515-groupManagement] INFO  server.RaftServerConfigKeys (ConfUtils.java:logGet(46)) - raft.server.rpc.request.timeout = 3000ms (default)
2024-08-10 09:46:51,025 [d75f2dba-195c-437b-b62a-ed875b85e515-groupManagement] INFO  server.RaftServerConfigKeys (ConfUtils.java:logGet(46)) - raft.server.log.appender.install.snapshot.enabled = false (custom)
2024-08-10 09:46:51,025 [d75f2dba-195c-437b-b62a-ed875b85e515-groupManagement] INFO  server.RaftServerConfigKeys (ConfUtils.java:logGet(46)) - raft.server.threadpool.server.cached = true (default)
2024-08-10 09:46:51,025 [d75f2dba-195c-437b-b62a-ed875b85e515-groupManagement] INFO  server.RaftServerConfigKeys (ConfUtils.java:logGet(46)) - raft.server.threadpool.server.size = 0 (default)
2024-08-10 09:46:51,025 [d75f2dba-195c-437b-b62a-ed875b85e515-groupManagement] INFO  server.RaftServerConfigKeys (ConfUtils.java:logGet(46)) - raft.server.threadpool.client.cached = true (default)
2024-08-10 09:46:51,025 [d75f2dba-195c-437b-b62a-ed875b85e515-groupManagement] INFO  server.RaftServerConfigKeys (ConfUtils.java:logGet(46)) - raft.server.threadpool.client.size = 0 (default)
2024-08-10 09:46:51,025 [d75f2dba-195c-437b-b62a-ed875b85e515-groupManagement] INFO  server.RaftServerConfigKeys (ConfUtils.java:logGet(46)) - raft.server.storage.free-space.min = 0MB (=0) (default)
2024-08-10 09:46:51,025 [d75f2dba-195c-437b-b62a-ed875b85e515-groupManagement] INFO  server.RaftServerConfigKeys (ConfUtils.java:logGet(46)) - raft.server.log.corruption.policy = EXCEPTION (default)
2024-08-10 09:46:51,025 [d75f2dba-195c-437b-b62a-ed875b85e515-groupManagement] INFO  server.RaftServerConfigKeys (ConfUtils.java:logGet(46)) - raft.server.storage.dir = [/home/runner/work/ozone/ozone/hadoop-ozone/integration-test/target/test-dir/MiniOzoneClusterImpl-25487c27-6224-40aa-b0ad-008c83bbb5f2/ozone-meta/datanode-1/ratis] (custom)
2024-08-10 09:46:51,025 [d75f2dba-195c-437b-b62a-ed875b85e515-groupManagement] INFO  storage.RaftStorageDirectory (RaftStorageDirectoryImpl.java:analyzeStorage(138)) - The storage directory /home/runner/work/ozone/ozone/hadoop-ozone/integration-test/target/test-dir/MiniOzoneClusterImpl-25487c27-6224-40aa-b0ad-008c83bbb5f2/ozone-meta/datanode-1/ratis/f8cd987d-9e0d-41c0-9d68-f5acc09160e5 does not exist. Creating ...
2024-08-10 09:46:51,026 [d75f2dba-195c-437b-b62a-ed875b85e515-groupManagement] INFO  storage.RaftStorageDirectory (RaftStorageDirectoryImpl.java:tryLock(229)) - Lock on /home/runner/work/ozone/ozone/hadoop-ozone/integration-test/target/test-dir/MiniOzoneClusterImpl-25487c27-6224-40aa-b0ad-008c83bbb5f2/ozone-meta/datanode-1/ratis/f8cd987d-9e0d-41c0-9d68-f5acc09160e5/in_use.lock acquired by nodename 50124@fv-az701-157
2024-08-10 09:46:51,028 [d75f2dba-195c-437b-b62a-ed875b85e515-groupManagement] INFO  storage.RaftStorage (RaftStorageImpl.java:format(98)) - Storage directory /home/runner/work/ozone/ozone/hadoop-ozone/integration-test/target/test-dir/MiniOzoneClusterImpl-25487c27-6224-40aa-b0ad-008c83bbb5f2/ozone-meta/datanode-1/ratis/f8cd987d-9e0d-41c0-9d68-f5acc09160e5 has been successfully formatted.
2024-08-10 09:46:51,028 [d75f2dba-195c-437b-b62a-ed875b85e515-groupManagement] INFO  ratis.ContainerStateMachine (ContainerStateMachine.java:loadSnapshot(287)) - group-F5ACC09160E5: The snapshot info is null. Setting the last applied index to:(t:0, i:~)
2024-08-10 09:46:51,028 [d75f2dba-195c-437b-b62a-ed875b85e515-groupManagement] INFO  server.RaftServerConfigKeys (ConfUtils.java:logGet(46)) - raft.server.log.use.memory = false (default)
2024-08-10 09:46:51,028 [d75f2dba-195c-437b-b62a-ed875b85e515-groupManagement] INFO  server.RaftServerConfigKeys (ConfUtils.java:logGet(46)) - raft.server.log.purge.gap = 1000000 (custom)
2024-08-10 09:46:51,028 [d75f2dba-195c-437b-b62a-ed875b85e515-groupManagement] INFO  server.RaftServerConfigKeys (ConfUtils.java:logGet(46)) - raft.server.log.appender.buffer.byte-limit = 8388608 (custom)
2024-08-10 09:46:51,029 [d75f2dba-195c-437b-b62a-ed875b85e515-groupManagement] INFO  server.RaftServerConfigKeys (ConfUtils.java:logGet(46)) - raft.server.log.statemachine.data.read.timeout = 1000ms (default)
2024-08-10 09:46:51,029 [d75f2dba-195c-437b-b62a-ed875b85e515-groupManagement] INFO  server.RaftServerConfigKeys (ConfUtils.java:logGet(46)) - raft.server.log.purge.preservation.log.num = 0 (default)
2024-08-10 09:46:51,029 [EventQueue-PipelineReportForPipelineReportHandler] INFO  pipeline.PipelineReportHandler (PipelineReportHandler.java:processPipelineReport(136)) - Opened pipeline PipelineID=f8cd987d-9e0d-41c0-9d68-f5acc09160e5
2024-08-10 09:46:51,029 [EventQueue-OpenPipelineForHealthyPipelineSafeModeRule] INFO  safemode.SCMSafeModeManager (HealthyPipelineSafeModeRule.java:process(140)) - SCM in safe mode. Healthy pipelines reported count is 0, required healthy pipeline reported count is 1
2024-08-10 09:46:51,031 [d75f2dba-195c-437b-b62a-ed875b85e515-groupManagement] INFO  server.RaftServerConfigKeys (ConfUtils.java:logGet(46)) - raft.server.log.segment.size.max = 67108864 (custom)
2024-08-10 09:46:51,031 [d75f2dba-195c-437b-b62a-ed875b85e515-groupManagement] INFO  server.RaftServerConfigKeys (ConfUtils.java:logGet(46)) - raft.server.log.segment.cache.num.max = 2 (custom)
2024-08-10 09:46:51,031 [d75f2dba-195c-437b-b62a-ed875b85e515-groupManagement] INFO  server.RaftServerConfigKeys (ConfUtils.java:logGet(46)) - raft.server.log.segment.cache.size.max = 200MB (=209715200) (default)
2024-08-10 09:46:51,031 [d75f2dba-195c-437b-b62a-ed875b85e515-groupManagement] INFO  server.RaftServerConfigKeys (ConfUtils.java:logGet(46)) - raft.server.log.appender.buffer.byte-limit = 8388608 (custom)
2024-08-10 09:46:51,031 [d75f2dba-195c-437b-b62a-ed875b85e515-groupManagement] INFO  util.AwaitToRun (AwaitToRun.java:start(81)) - Thread[d75f2dba-195c-437b-b62a-ed875b85e515@group-F5ACC09160E5-cacheEviction-AwaitToRun,5,main] started
2024-08-10 09:46:51,031 [d75f2dba-195c-437b-b62a-ed875b85e515-groupManagement] INFO  segmented.SegmentedRaftLogWorker (SegmentedRaftLogWorker.java:<init>(184)) - new d75f2dba-195c-437b-b62a-ed875b85e515@group-F5ACC09160E5-SegmentedRaftLogWorker for RaftStorageImpl:Storage Directory /home/runner/work/ozone/ozone/hadoop-ozone/integration-test/target/test-dir/MiniOzoneClusterImpl-25487c27-6224-40aa-b0ad-008c83bbb5f2/ozone-meta/datanode-1/ratis/f8cd987d-9e0d-41c0-9d68-f5acc09160e5
2024-08-10 09:46:51,032 [d75f2dba-195c-437b-b62a-ed875b85e515-groupManagement] INFO  server.RaftServerConfigKeys (ConfUtils.java:logGet(46)) - raft.server.log.queue.byte-limit = 4294967296 (custom)
2024-08-10 09:46:51,032 [d75f2dba-195c-437b-b62a-ed875b85e515-groupManagement] INFO  server.RaftServerConfigKeys (ConfUtils.java:logGet(46)) - raft.server.log.queue.element-limit = 1024 (custom)
2024-08-10 09:46:51,032 [d75f2dba-195c-437b-b62a-ed875b85e515-groupManagement] INFO  server.RaftServerConfigKeys (ConfUtils.java:logGet(46)) - raft.server.log.segment.size.max = 67108864 (custom)
2024-08-10 09:46:51,032 [d75f2dba-195c-437b-b62a-ed875b85e515-groupManagement] INFO  server.RaftServerConfigKeys (ConfUtils.java:logGet(46)) - raft.server.log.preallocated.size = 4194304 (custom)
2024-08-10 09:46:51,032 [d75f2dba-195c-437b-b62a-ed875b85e515-groupManagement] INFO  server.RaftServerConfigKeys (ConfUtils.java:logGet(46)) - raft.server.log.force.sync.num = 128 (default)
2024-08-10 09:46:51,032 [d75f2dba-195c-437b-b62a-ed875b85e515-groupManagement] INFO  server.RaftServerConfigKeys (ConfUtils.java:logGet(46)) - raft.server.log.statemachine.data.sync = true (default)
2024-08-10 09:46:51,032 [d75f2dba-195c-437b-b62a-ed875b85e515-groupManagement] INFO  server.RaftServerConfigKeys (ConfUtils.java:logGet(46)) - raft.server.log.statemachine.data.sync.timeout = 10s (default)
2024-08-10 09:46:51,032 [d75f2dba-195c-437b-b62a-ed875b85e515-groupManagement] INFO  server.RaftServerConfigKeys (ConfUtils.java:logGet(46)) - raft.server.log.statemachine.data.sync.timeout.retry = 30 (custom)
2024-08-10 09:46:51,032 [d75f2dba-195c-437b-b62a-ed875b85e515-groupManagement] INFO  server.RaftServerConfigKeys (ConfUtils.java:logGet(46)) - raft.server.log.write.buffer.size = 8388616 (custom)
2024-08-10 09:46:51,033 [d75f2dba-195c-437b-b62a-ed875b85e515-groupManagement] INFO  server.RaftServerConfigKeys (ConfUtils.java:logGet(46)) - raft.server.log.appender.buffer.byte-limit = 8388608 (custom)
2024-08-10 09:46:51,033 [d75f2dba-195c-437b-b62a-ed875b85e515-groupManagement] INFO  server.RaftServerConfigKeys (ConfUtils.java:logGet(46)) - raft.server.log.unsafe-flush.enabled = false (default)
2024-08-10 09:46:51,033 [d75f2dba-195c-437b-b62a-ed875b85e515-groupManagement] INFO  server.RaftServerConfigKeys (ConfUtils.java:logGet(46)) - raft.server.log.async-flush.enabled = false (default)
2024-08-10 09:46:51,033 [d75f2dba-195c-437b-b62a-ed875b85e515-groupManagement] INFO  server.RaftServerConfigKeys (ConfUtils.java:logGet(46)) - raft.server.log.statemachine.data.caching.enabled = true (custom)
2024-08-10 09:46:51,033 [d75f2dba-195c-437b-b62a-ed875b85e515-groupManagement] INFO  segmented.SegmentedRaftLogWorker (SegmentedRaftLogWorker.java:lambda$new$0(135)) - d75f2dba-195c-437b-b62a-ed875b85e515@group-F5ACC09160E5-SegmentedRaftLogWorker: flushIndex: setUnconditionally 0 -> -1
2024-08-10 09:46:51,033 [d75f2dba-195c-437b-b62a-ed875b85e515-groupManagement] INFO  segmented.SegmentedRaftLogWorker (SegmentedRaftLogWorker.java:lambda$new$0(135)) - d75f2dba-195c-437b-b62a-ed875b85e515@group-F5ACC09160E5-SegmentedRaftLogWorker: safeCacheEvictIndex: setUnconditionally 0 -> -1
2024-08-10 09:46:51,033 [d75f2dba-195c-437b-b62a-ed875b85e515-groupManagement] INFO  server.RaftServer$Division (RaftServerImpl.java:start(389)) - d75f2dba-195c-437b-b62a-ed875b85e515@group-F5ACC09160E5: start as a follower, conf=conf: {index: -1, cur=peers:[d75f2dba-195c-437b-b62a-ed875b85e515|127.0.0.1:15595]|listeners:[], old=null}
2024-08-10 09:46:51,033 [d75f2dba-195c-437b-b62a-ed875b85e515-groupManagement] INFO  server.RaftServer$Division (RaftServerImpl.java:setRole(376)) - d75f2dba-195c-437b-b62a-ed875b85e515@group-F5ACC09160E5: changes role from      null to FOLLOWER at term 0 for startAsFollower
2024-08-10 09:46:51,033 [d75f2dba-195c-437b-b62a-ed875b85e515-groupManagement] INFO  impl.RoleInfo (RoleInfo.java:updateAndGet(148)) - d75f2dba-195c-437b-b62a-ed875b85e515: start d75f2dba-195c-437b-b62a-ed875b85e515@group-F5ACC09160E5-FollowerState
2024-08-10 09:46:51,033 [d75f2dba-195c-437b-b62a-ed875b85e515-groupManagement] INFO  util.JmxRegister (JmxRegister.java:tryRegister(44)) - Successfully registered JMX Bean with object name Ratis:service=RaftServer,group=group-F5ACC09160E5,id=d75f2dba-195c-437b-b62a-ed875b85e515
2024-08-10 09:46:51,034 [d75f2dba-195c-437b-b62a-ed875b85e515-groupManagement] INFO  util.JmxRegister (JmxRegister.java:register(58)) - register mxBean class org.apache.ratis.server.impl.RaftServerJmxAdapter as Ratis:service=RaftServer,group=group-F5ACC09160E5,id=d75f2dba-195c-437b-b62a-ed875b85e515
2024-08-10 09:46:51,034 [d75f2dba-195c-437b-b62a-ed875b85e515-groupManagement] INFO  server.RaftServerConfigKeys (ConfUtils.java:logGet(46)) - raft.server.snapshot.trigger-when-stop.enabled = true (default)
2024-08-10 09:46:51,034 [d75f2dba-195c-437b-b62a-ed875b85e515-groupManagement] INFO  server.RaftServerConfigKeys (ConfUtils.java:logGet(46)) - raft.server.snapshot.trigger-when-remove.enabled = true (default)
2024-08-10 09:46:51,034 [d75f2dba-195c-437b-b62a-ed875b85e515-groupManagement] INFO  server.RaftServerConfigKeys (ConfUtils.java:logGet(46)) - raft.server.snapshot.auto.trigger.enabled = true (custom)
2024-08-10 09:46:51,034 [d75f2dba-195c-437b-b62a-ed875b85e515-groupManagement] INFO  server.RaftServerConfigKeys (ConfUtils.java:logGet(46)) - raft.server.snapshot.auto.trigger.threshold = 10000 (custom)
2024-08-10 09:46:51,034 [d75f2dba-195c-437b-b62a-ed875b85e515-groupManagement] INFO  server.RaftServerConfigKeys (ConfUtils.java:logGet(46)) - raft.server.snapshot.retention.file.num = 5 (custom)
2024-08-10 09:46:51,034 [d75f2dba-195c-437b-b62a-ed875b85e515-groupManagement] INFO  server.RaftServerConfigKeys (ConfUtils.java:logGet(46)) - raft.server.log.purge.upto.snapshot.index = false (default)
2024-08-10 09:46:51,035 [d75f2dba-195c-437b-b62a-ed875b85e515-PipelineCommandHandlerThread-0] INFO  ratis.XceiverServerRatis (XceiverServerRatis.java:addGroup(846)) - Created group PipelineID=f8cd987d-9e0d-41c0-9d68-f5acc09160e5
2024-08-10 09:46:51,035 [d75f2dba-195c-437b-b62a-ed875b85e515-PipelineCommandHandlerThread-0] INFO  commandhandler.CreatePipelineCommandHandler (CreatePipelineCommandHandler.java:lambda$handle$2(124)) - Created Pipeline RATIS ONE PipelineID=f8cd987d-9e0d-41c0-9d68-f5acc09160e5.
2024-08-10 09:46:51,035 [d75f2dba-195c-437b-b62a-ed875b85e515@group-F5ACC09160E5-FollowerState] INFO  server.RaftServerConfigKeys (ConfUtils.java:logFallback(53)) - raft.server.rpc.first-election.timeout.min = 5s (fallback to raft.server.rpc.timeout.min)
2024-08-10 09:46:51,035 [d75f2dba-195c-437b-b62a-ed875b85e515@group-F5ACC09160E5-FollowerState] INFO  server.RaftServerConfigKeys (ConfUtils.java:logFallback(53)) - raft.server.rpc.first-election.timeout.max = 5200ms (fallback to raft.server.rpc.timeout.max)
2024-08-10 09:46:51,035 [d75f2dba-195c-437b-b62a-ed875b85e515-PipelineCommandHandlerThread-0] INFO  server.RaftServer (RaftServerProxy.java:addNew(101)) - d75f2dba-195c-437b-b62a-ed875b85e515: addNew group-14F753A10906:[c1014618-c100-4e2c-97d7-038e29b3cb29|127.0.0.1:15613, 280ba735-fec6-4a50-aa81-34035c985b11|127.0.0.1:15604, d75f2dba-195c-437b-b62a-ed875b85e515|127.0.0.1:15595] returns group-14F753A10906:java.util.concurrent.CompletableFuture@ff00aa5[Not completed]
2024-08-10 09:46:51,035 [d75f2dba-195c-437b-b62a-ed875b85e515-groupManagement] INFO  server.RaftServer$Division (RaftServerImpl.java:<init>(253)) - d75f2dba-195c-437b-b62a-ed875b85e515: new RaftServerImpl for group-14F753A10906:[c1014618-c100-4e2c-97d7-038e29b3cb29|127.0.0.1:15613, 280ba735-fec6-4a50-aa81-34035c985b11|127.0.0.1:15604, d75f2dba-195c-437b-b62a-ed875b85e515|127.0.0.1:15595] with ContainerStateMachine:uninitialized
2024-08-10 09:46:51,035 [d75f2dba-195c-437b-b62a-ed875b85e515-groupManagement] INFO  server.RaftServerConfigKeys (ConfUtils.java:logGet(46)) - raft.server.rpc.timeout.min = 5s (custom)
2024-08-10 09:46:51,036 [d75f2dba-195c-437b-b62a-ed875b85e515-groupManagement] INFO  server.RaftServerConfigKeys (ConfUtils.java:logGet(46)) - raft.server.rpc.timeout.max = 5200ms (custom)
2024-08-10 09:46:51,036 [d75f2dba-195c-437b-b62a-ed875b85e515-groupManagement] INFO  server.RaftServerConfigKeys (ConfUtils.java:logGet(46)) - raft.server.rpc.sleep.time = 25ms (default)
2024-08-10 09:46:51,036 [d75f2dba-195c-437b-b62a-ed875b85e515-groupManagement] INFO  server.RaftServerConfigKeys (ConfUtils.java:logGet(46)) - raft.server.rpc.slowness.timeout = 300000ms (custom)
2024-08-10 09:46:51,036 [d75f2dba-195c-437b-b62a-ed875b85e515-groupManagement] INFO  server.RaftServerConfigKeys (ConfUtils.java:logGet(46)) - raft.server.leaderelection.leader.step-down.wait-time = 10s (default)
2024-08-10 09:46:51,036 [d75f2dba-195c-437b-b62a-ed875b85e515-groupManagement] INFO  server.RaftServerConfigKeys (ConfUtils.java:logGet(46)) - raft.server.leaderelection.member.majority-add = false (default)
2024-08-10 09:46:51,036 [d75f2dba-195c-437b-b62a-ed875b85e515-groupManagement] INFO  server.RaftServerConfigKeys (ConfUtils.java:logGet(46)) - raft.server.sleep.deviation.threshold = 300ms (default)
2024-08-10 09:46:51,036 [d75f2dba-195c-437b-b62a-ed875b85e515-groupManagement] INFO  server.RaftServer$Division (ServerState.java:<init>(114)) - d75f2dba-195c-437b-b62a-ed875b85e515@group-14F753A10906: ConfigurationManager, init=conf: {index: -1, cur=peers:[c1014618-c100-4e2c-97d7-038e29b3cb29|127.0.0.1:15613, 280ba735-fec6-4a50-aa81-34035c985b11|127.0.0.1:15604, d75f2dba-195c-437b-b62a-ed875b85e515|127.0.0.1:15595]|listeners:[], old=null}, confs=<EMPTY_MAP>
2024-08-10 09:46:51,036 [d75f2dba-195c-437b-b62a-ed875b85e515-groupManagement] INFO  server.RaftServerConfigKeys (ConfUtils.java:logGet(46)) - raft.server.notification.no-leader.timeout = 300000ms (custom)
2024-08-10 09:46:51,036 [d75f2dba-195c-437b-b62a-ed875b85e515-groupManagement] INFO  server.RaftServerConfigKeys (ConfUtils.java:logGet(46)) - raft.server.read.timeout = 10s (default)
2024-08-10 09:46:51,036 [d75f2dba-195c-437b-b62a-ed875b85e515-groupManagement] INFO  server.RaftServerConfigKeys (ConfUtils.java:logGet(46)) - raft.server.retrycache.expirytime = 600000ms (custom)
2024-08-10 09:46:51,036 [d75f2dba-195c-437b-b62a-ed875b85e515-groupManagement] INFO  server.RaftServerConfigKeys (ConfUtils.java:logGet(46)) - raft.server.retrycache.statistics.expirytime = 100ms (default)
2024-08-10 09:46:51,036 [d75f2dba-195c-437b-b62a-ed875b85e515-groupManagement] INFO  server.RaftServerConfigKeys (ConfUtils.java:logGet(46)) - raft.server.read.option = DEFAULT (default)
2024-08-10 09:46:51,036 [d75f2dba-195c-437b-b62a-ed875b85e515-groupManagement] INFO  server.RaftServerConfigKeys (ConfUtils.java:logGet(46)) - raft.server.read.read-after-write-consistent.write-index-cache.expiry-time = 60s (default)
2024-08-10 09:46:51,040 [d75f2dba-195c-437b-b62a-ed875b85e515-groupManagement] INFO  server.RaftServerConfigKeys (ConfUtils.java:logGet(46)) - raft.server.rpc.request.timeout = 3000ms (default)
2024-08-10 09:46:51,040 [d75f2dba-195c-437b-b62a-ed875b85e515-groupManagement] INFO  server.RaftServerConfigKeys (ConfUtils.java:logGet(46)) - raft.server.log.appender.install.snapshot.enabled = false (custom)
2024-08-10 09:46:51,040 [d75f2dba-195c-437b-b62a-ed875b85e515-groupManagement] INFO  server.RaftServerConfigKeys (ConfUtils.java:logGet(46)) - raft.server.threadpool.server.cached = true (default)
2024-08-10 09:46:51,040 [d75f2dba-195c-437b-b62a-ed875b85e515-groupManagement] INFO  server.RaftServerConfigKeys (ConfUtils.java:logGet(46)) - raft.server.threadpool.server.size = 0 (default)
2024-08-10 09:46:51,040 [d75f2dba-195c-437b-b62a-ed875b85e515-groupManagement] INFO  server.RaftServerConfigKeys (ConfUtils.java:logGet(46)) - raft.server.threadpool.client.cached = true (default)
2024-08-10 09:46:51,040 [d75f2dba-195c-437b-b62a-ed875b85e515-groupManagement] INFO  server.RaftServerConfigKeys (ConfUtils.java:logGet(46)) - raft.server.threadpool.client.size = 0 (default)
2024-08-10 09:46:51,040 [d75f2dba-195c-437b-b62a-ed875b85e515-groupManagement] INFO  server.RaftServerConfigKeys (ConfUtils.java:logGet(46)) - raft.server.storage.free-space.min = 0MB (=0) (default)
2024-08-10 09:46:51,040 [d75f2dba-195c-437b-b62a-ed875b85e515-groupManagement] INFO  server.RaftServerConfigKeys (ConfUtils.java:logGet(46)) - raft.server.log.corruption.policy = EXCEPTION (default)
2024-08-10 09:46:51,040 [d75f2dba-195c-437b-b62a-ed875b85e515-groupManagement] INFO  server.RaftServerConfigKeys (ConfUtils.java:logGet(46)) - raft.server.storage.dir = [/home/runner/work/ozone/ozone/hadoop-ozone/integration-test/target/test-dir/MiniOzoneClusterImpl-25487c27-6224-40aa-b0ad-008c83bbb5f2/ozone-meta/datanode-1/ratis] (custom)
2024-08-10 09:46:51,040 [d75f2dba-195c-437b-b62a-ed875b85e515-groupManagement] INFO  storage.RaftStorageDirectory (RaftStorageDirectoryImpl.java:analyzeStorage(138)) - The storage directory /home/runner/work/ozone/ozone/hadoop-ozone/integration-test/target/test-dir/MiniOzoneClusterImpl-25487c27-6224-40aa-b0ad-008c83bbb5f2/ozone-meta/datanode-1/ratis/029aa26b-425a-4e1d-a775-14f753a10906 does not exist. Creating ...
2024-08-10 09:46:51,041 [d75f2dba-195c-437b-b62a-ed875b85e515-groupManagement] INFO  storage.RaftStorageDirectory (RaftStorageDirectoryImpl.java:tryLock(229)) - Lock on /home/runner/work/ozone/ozone/hadoop-ozone/integration-test/target/test-dir/MiniOzoneClusterImpl-25487c27-6224-40aa-b0ad-008c83bbb5f2/ozone-meta/datanode-1/ratis/029aa26b-425a-4e1d-a775-14f753a10906/in_use.lock acquired by nodename 50124@fv-az701-157
2024-08-10 09:46:51,042 [d75f2dba-195c-437b-b62a-ed875b85e515-groupManagement] INFO  storage.RaftStorage (RaftStorageImpl.java:format(98)) - Storage directory /home/runner/work/ozone/ozone/hadoop-ozone/integration-test/target/test-dir/MiniOzoneClusterImpl-25487c27-6224-40aa-b0ad-008c83bbb5f2/ozone-meta/datanode-1/ratis/029aa26b-425a-4e1d-a775-14f753a10906 has been successfully formatted.
2024-08-10 09:46:51,043 [d75f2dba-195c-437b-b62a-ed875b85e515-groupManagement] INFO  ratis.ContainerStateMachine (ContainerStateMachine.java:loadSnapshot(287)) - group-14F753A10906: The snapshot info is null. Setting the last applied index to:(t:0, i:~)
2024-08-10 09:46:51,043 [d75f2dba-195c-437b-b62a-ed875b85e515-groupManagement] INFO  server.RaftServerConfigKeys (ConfUtils.java:logGet(46)) - raft.server.log.use.memory = false (default)
2024-08-10 09:46:51,043 [EventQueue-OpenPipelineForHealthyPipelineSafeModeRule] INFO  safemode.SCMSafeModeManager (HealthyPipelineSafeModeRule.java:process(140)) - SCM in safe mode. Healthy pipelines reported count is 0, required healthy pipeline reported count is 1
2024-08-10 09:46:51,044 [d75f2dba-195c-437b-b62a-ed875b85e515-groupManagement] INFO  server.RaftServerConfigKeys (ConfUtils.java:logGet(46)) - raft.server.log.purge.gap = 1000000 (custom)
2024-08-10 09:46:51,044 [d75f2dba-195c-437b-b62a-ed875b85e515-groupManagement] INFO  server.RaftServerConfigKeys (ConfUtils.java:logGet(46)) - raft.server.log.appender.buffer.byte-limit = 8388608 (custom)
2024-08-10 09:46:51,044 [d75f2dba-195c-437b-b62a-ed875b85e515-groupManagement] INFO  server.RaftServerConfigKeys (ConfUtils.java:logGet(46)) - raft.server.log.statemachine.data.read.timeout = 1000ms (default)
2024-08-10 09:46:51,044 [d75f2dba-195c-437b-b62a-ed875b85e515-groupManagement] INFO  server.RaftServerConfigKeys (ConfUtils.java:logGet(46)) - raft.server.log.purge.preservation.log.num = 0 (default)
2024-08-10 09:46:51,046 [d75f2dba-195c-437b-b62a-ed875b85e515-groupManagement] INFO  server.RaftServerConfigKeys (ConfUtils.java:logGet(46)) - raft.server.log.segment.size.max = 67108864 (custom)
2024-08-10 09:46:51,046 [d75f2dba-195c-437b-b62a-ed875b85e515-groupManagement] INFO  server.RaftServerConfigKeys (ConfUtils.java:logGet(46)) - raft.server.log.segment.cache.num.max = 2 (custom)
2024-08-10 09:46:51,046 [d75f2dba-195c-437b-b62a-ed875b85e515-groupManagement] INFO  server.RaftServerConfigKeys (ConfUtils.java:logGet(46)) - raft.server.log.segment.cache.size.max = 200MB (=209715200) (default)
2024-08-10 09:46:51,046 [d75f2dba-195c-437b-b62a-ed875b85e515-groupManagement] INFO  server.RaftServerConfigKeys (ConfUtils.java:logGet(46)) - raft.server.log.appender.buffer.byte-limit = 8388608 (custom)
2024-08-10 09:46:51,046 [d75f2dba-195c-437b-b62a-ed875b85e515-groupManagement] INFO  util.AwaitToRun (AwaitToRun.java:start(81)) - Thread[d75f2dba-195c-437b-b62a-ed875b85e515@group-14F753A10906-cacheEviction-AwaitToRun,5,main] started
2024-08-10 09:46:51,047 [d75f2dba-195c-437b-b62a-ed875b85e515-groupManagement] INFO  segmented.SegmentedRaftLogWorker (SegmentedRaftLogWorker.java:<init>(184)) - new d75f2dba-195c-437b-b62a-ed875b85e515@group-14F753A10906-SegmentedRaftLogWorker for RaftStorageImpl:Storage Directory /home/runner/work/ozone/ozone/hadoop-ozone/integration-test/target/test-dir/MiniOzoneClusterImpl-25487c27-6224-40aa-b0ad-008c83bbb5f2/ozone-meta/datanode-1/ratis/029aa26b-425a-4e1d-a775-14f753a10906
2024-08-10 09:46:51,047 [d75f2dba-195c-437b-b62a-ed875b85e515-groupManagement] INFO  server.RaftServerConfigKeys (ConfUtils.java:logGet(46)) - raft.server.log.queue.byte-limit = 4294967296 (custom)
2024-08-10 09:46:51,047 [d75f2dba-195c-437b-b62a-ed875b85e515-groupManagement] INFO  server.RaftServerConfigKeys (ConfUtils.java:logGet(46)) - raft.server.log.queue.element-limit = 1024 (custom)
2024-08-10 09:46:51,047 [d75f2dba-195c-437b-b62a-ed875b85e515-groupManagement] INFO  server.RaftServerConfigKeys (ConfUtils.java:logGet(46)) - raft.server.log.segment.size.max = 67108864 (custom)
2024-08-10 09:46:51,047 [d75f2dba-195c-437b-b62a-ed875b85e515-groupManagement] INFO  server.RaftServerConfigKeys (ConfUtils.java:logGet(46)) - raft.server.log.preallocated.size = 4194304 (custom)
2024-08-10 09:46:51,047 [d75f2dba-195c-437b-b62a-ed875b85e515-groupManagement] INFO  server.RaftServerConfigKeys (ConfUtils.java:logGet(46)) - raft.server.log.force.sync.num = 128 (default)
2024-08-10 09:46:51,047 [d75f2dba-195c-437b-b62a-ed875b85e515-groupManagement] INFO  server.RaftServerConfigKeys (ConfUtils.java:logGet(46)) - raft.server.log.statemachine.data.sync = true (default)
2024-08-10 09:46:51,047 [d75f2dba-195c-437b-b62a-ed875b85e515-groupManagement] INFO  server.RaftServerConfigKeys (ConfUtils.java:logGet(46)) - raft.server.log.statemachine.data.sync.timeout = 10s (default)
2024-08-10 09:46:51,047 [d75f2dba-195c-437b-b62a-ed875b85e515-groupManagement] INFO  server.RaftServerConfigKeys (ConfUtils.java:logGet(46)) - raft.server.log.statemachine.data.sync.timeout.retry = 30 (custom)
2024-08-10 09:46:51,048 [d75f2dba-195c-437b-b62a-ed875b85e515-groupManagement] INFO  server.RaftServerConfigKeys (ConfUtils.java:logGet(46)) - raft.server.log.write.buffer.size = 8388616 (custom)
2024-08-10 09:46:51,048 [d75f2dba-195c-437b-b62a-ed875b85e515-groupManagement] INFO  server.RaftServerConfigKeys (ConfUtils.java:logGet(46)) - raft.server.log.appender.buffer.byte-limit = 8388608 (custom)
2024-08-10 09:46:51,048 [d75f2dba-195c-437b-b62a-ed875b85e515-groupManagement] INFO  server.RaftServerConfigKeys (ConfUtils.java:logGet(46)) - raft.server.log.unsafe-flush.enabled = false (default)
2024-08-10 09:46:51,049 [d75f2dba-195c-437b-b62a-ed875b85e515-groupManagement] INFO  server.RaftServerConfigKeys (ConfUtils.java:logGet(46)) - raft.server.log.async-flush.enabled = false (default)
2024-08-10 09:46:51,049 [d75f2dba-195c-437b-b62a-ed875b85e515-groupManagement] INFO  server.RaftServerConfigKeys (ConfUtils.java:logGet(46)) - raft.server.log.statemachine.data.caching.enabled = true (custom)
2024-08-10 09:46:51,049 [d75f2dba-195c-437b-b62a-ed875b85e515-groupManagement] INFO  segmented.SegmentedRaftLogWorker (SegmentedRaftLogWorker.java:lambda$new$0(135)) - d75f2dba-195c-437b-b62a-ed875b85e515@group-14F753A10906-SegmentedRaftLogWorker: flushIndex: setUnconditionally 0 -> -1
2024-08-10 09:46:51,049 [d75f2dba-195c-437b-b62a-ed875b85e515-groupManagement] INFO  segmented.SegmentedRaftLogWorker (SegmentedRaftLogWorker.java:lambda$new$0(135)) - d75f2dba-195c-437b-b62a-ed875b85e515@group-14F753A10906-SegmentedRaftLogWorker: safeCacheEvictIndex: setUnconditionally 0 -> -1
2024-08-10 09:46:51,049 [d75f2dba-195c-437b-b62a-ed875b85e515-groupManagement] INFO  server.RaftServer$Division (RaftServerImpl.java:start(389)) - d75f2dba-195c-437b-b62a-ed875b85e515@group-14F753A10906: start as a follower, conf=conf: {index: -1, cur=peers:[c1014618-c100-4e2c-97d7-038e29b3cb29|127.0.0.1:15613, 280ba735-fec6-4a50-aa81-34035c985b11|127.0.0.1:15604, d75f2dba-195c-437b-b62a-ed875b85e515|127.0.0.1:15595]|listeners:[], old=null}
2024-08-10 09:46:51,049 [d75f2dba-195c-437b-b62a-ed875b85e515-groupManagement] INFO  server.RaftServer$Division (RaftServerImpl.java:setRole(376)) - d75f2dba-195c-437b-b62a-ed875b85e515@group-14F753A10906: changes role from      null to FOLLOWER at term 0 for startAsFollower
2024-08-10 09:46:51,049 [d75f2dba-195c-437b-b62a-ed875b85e515-groupManagement] INFO  impl.RoleInfo (RoleInfo.java:updateAndGet(148)) - d75f2dba-195c-437b-b62a-ed875b85e515: start d75f2dba-195c-437b-b62a-ed875b85e515@group-14F753A10906-FollowerState
2024-08-10 09:46:51,050 [d75f2dba-195c-437b-b62a-ed875b85e515@group-14F753A10906-FollowerState] INFO  server.RaftServerConfigKeys (ConfUtils.java:logFallback(53)) - raft.server.rpc.first-election.timeout.min = 5s (fallback to raft.server.rpc.timeout.min)
2024-08-10 09:46:51,051 [d75f2dba-195c-437b-b62a-ed875b85e515@group-14F753A10906-FollowerState] INFO  server.RaftServerConfigKeys (ConfUtils.java:logFallback(53)) - raft.server.rpc.first-election.timeout.max = 5200ms (fallback to raft.server.rpc.timeout.max)
2024-08-10 09:46:51,051 [d75f2dba-195c-437b-b62a-ed875b85e515-groupManagement] INFO  util.JmxRegister (JmxRegister.java:tryRegister(44)) - Successfully registered JMX Bean with object name Ratis:service=RaftServer,group=group-14F753A10906,id=d75f2dba-195c-437b-b62a-ed875b85e515
2024-08-10 09:46:51,051 [d75f2dba-195c-437b-b62a-ed875b85e515-groupManagement] INFO  util.JmxRegister (JmxRegister.java:register(58)) - register mxBean class org.apache.ratis.server.impl.RaftServerJmxAdapter as Ratis:service=RaftServer,group=group-14F753A10906,id=d75f2dba-195c-437b-b62a-ed875b85e515
2024-08-10 09:46:51,051 [d75f2dba-195c-437b-b62a-ed875b85e515-groupManagement] INFO  server.RaftServerConfigKeys (ConfUtils.java:logGet(46)) - raft.server.snapshot.trigger-when-stop.enabled = true (default)
2024-08-10 09:46:51,051 [d75f2dba-195c-437b-b62a-ed875b85e515-groupManagement] INFO  server.RaftServerConfigKeys (ConfUtils.java:logGet(46)) - raft.server.snapshot.trigger-when-remove.enabled = true (default)
2024-08-10 09:46:51,051 [d75f2dba-195c-437b-b62a-ed875b85e515-groupManagement] INFO  server.RaftServerConfigKeys (ConfUtils.java:logGet(46)) - raft.server.snapshot.auto.trigger.enabled = true (custom)
2024-08-10 09:46:51,051 [d75f2dba-195c-437b-b62a-ed875b85e515-groupManagement] INFO  server.RaftServerConfigKeys (ConfUtils.java:logGet(46)) - raft.server.snapshot.auto.trigger.threshold = 10000 (custom)
2024-08-10 09:46:51,051 [d75f2dba-195c-437b-b62a-ed875b85e515-groupManagement] INFO  server.RaftServerConfigKeys (ConfUtils.java:logGet(46)) - raft.server.snapshot.retention.file.num = 5 (custom)
2024-08-10 09:46:51,051 [d75f2dba-195c-437b-b62a-ed875b85e515-groupManagement] INFO  server.RaftServerConfigKeys (ConfUtils.java:logGet(46)) - raft.server.log.purge.upto.snapshot.index = false (default)
2024-08-10 09:46:51,054 [d75f2dba-195c-437b-b62a-ed875b85e515-PipelineCommandHandlerThread-0] INFO  ratis.XceiverServerRatis (XceiverServerRatis.java:addGroup(846)) - Created group PipelineID=029aa26b-425a-4e1d-a775-14f753a10906
2024-08-10 09:46:51,057 [grpc-default-executor-5] INFO  server.RaftServer (RaftServerProxy.java:addNew(101)) - c1014618-c100-4e2c-97d7-038e29b3cb29: addNew group-14F753A10906:[c1014618-c100-4e2c-97d7-038e29b3cb29|127.0.0.1:15613, 280ba735-fec6-4a50-aa81-34035c985b11|127.0.0.1:15604, d75f2dba-195c-437b-b62a-ed875b85e515|127.0.0.1:15595] returns group-14F753A10906:java.util.concurrent.CompletableFuture@6a93b0dc[Not completed]
2024-08-10 09:46:51,058 [c1014618-c100-4e2c-97d7-038e29b3cb29-groupManagement] INFO  server.RaftServer$Division (RaftServerImpl.java:<init>(253)) - c1014618-c100-4e2c-97d7-038e29b3cb29: new RaftServerImpl for group-14F753A10906:[c1014618-c100-4e2c-97d7-038e29b3cb29|127.0.0.1:15613, 280ba735-fec6-4a50-aa81-34035c985b11|127.0.0.1:15604, d75f2dba-195c-437b-b62a-ed875b85e515|127.0.0.1:15595] with ContainerStateMachine:uninitialized
2024-08-10 09:46:51,058 [c1014618-c100-4e2c-97d7-038e29b3cb29-groupManagement] INFO  server.RaftServerConfigKeys (ConfUtils.java:logGet(46)) - raft.server.rpc.timeout.min = 5s (custom)
2024-08-10 09:46:51,058 [c1014618-c100-4e2c-97d7-038e29b3cb29-groupManagement] INFO  server.RaftServerConfigKeys (ConfUtils.java:logGet(46)) - raft.server.rpc.timeout.max = 5200ms (custom)
2024-08-10 09:46:51,058 [c1014618-c100-4e2c-97d7-038e29b3cb29-groupManagement] INFO  server.RaftServerConfigKeys (ConfUtils.java:logGet(46)) - raft.server.rpc.sleep.time = 25ms (default)
2024-08-10 09:46:51,058 [c1014618-c100-4e2c-97d7-038e29b3cb29-groupManagement] INFO  server.RaftServerConfigKeys (ConfUtils.java:logGet(46)) - raft.server.rpc.slowness.timeout = 300000ms (custom)
2024-08-10 09:46:51,058 [c1014618-c100-4e2c-97d7-038e29b3cb29-groupManagement] INFO  server.RaftServerConfigKeys (ConfUtils.java:logGet(46)) - raft.server.leaderelection.leader.step-down.wait-time = 10s (default)
2024-08-10 09:46:51,058 [c1014618-c100-4e2c-97d7-038e29b3cb29-groupManagement] INFO  server.RaftServerConfigKeys (ConfUtils.java:logGet(46)) - raft.server.leaderelection.member.majority-add = false (default)
2024-08-10 09:46:51,058 [c1014618-c100-4e2c-97d7-038e29b3cb29-groupManagement] INFO  server.RaftServerConfigKeys (ConfUtils.java:logGet(46)) - raft.server.sleep.deviation.threshold = 300ms (default)
2024-08-10 09:46:51,059 [c1014618-c100-4e2c-97d7-038e29b3cb29-groupManagement] INFO  server.RaftServer$Division (ServerState.java:<init>(114)) - c1014618-c100-4e2c-97d7-038e29b3cb29@group-14F753A10906: ConfigurationManager, init=conf: {index: -1, cur=peers:[c1014618-c100-4e2c-97d7-038e29b3cb29|127.0.0.1:15613, 280ba735-fec6-4a50-aa81-34035c985b11|127.0.0.1:15604, d75f2dba-195c-437b-b62a-ed875b85e515|127.0.0.1:15595]|listeners:[], old=null}, confs=<EMPTY_MAP>
2024-08-10 09:46:51,059 [c1014618-c100-4e2c-97d7-038e29b3cb29-groupManagement] INFO  server.RaftServerConfigKeys (ConfUtils.java:logGet(46)) - raft.server.notification.no-leader.timeout = 300000ms (custom)
2024-08-10 09:46:51,059 [c1014618-c100-4e2c-97d7-038e29b3cb29-groupManagement] INFO  server.RaftServerConfigKeys (ConfUtils.java:logGet(46)) - raft.server.read.timeout = 10s (default)
2024-08-10 09:46:51,059 [c1014618-c100-4e2c-97d7-038e29b3cb29-groupManagement] INFO  server.RaftServerConfigKeys (ConfUtils.java:logGet(46)) - raft.server.retrycache.expirytime = 600000ms (custom)
2024-08-10 09:46:51,059 [c1014618-c100-4e2c-97d7-038e29b3cb29-groupManagement] INFO  server.RaftServerConfigKeys (ConfUtils.java:logGet(46)) - raft.server.retrycache.statistics.expirytime = 100ms (default)
2024-08-10 09:46:51,059 [c1014618-c100-4e2c-97d7-038e29b3cb29-groupManagement] INFO  server.RaftServerConfigKeys (ConfUtils.java:logGet(46)) - raft.server.read.option = DEFAULT (default)
2024-08-10 09:46:51,059 [c1014618-c100-4e2c-97d7-038e29b3cb29-groupManagement] INFO  server.RaftServerConfigKeys (ConfUtils.java:logGet(46)) - raft.server.read.read-after-write-consistent.write-index-cache.expiry-time = 60s (default)
2024-08-10 09:46:51,063 [c1014618-c100-4e2c-97d7-038e29b3cb29-groupManagement] INFO  server.RaftServerConfigKeys (ConfUtils.java:logGet(46)) - raft.server.rpc.request.timeout = 3000ms (default)
2024-08-10 09:46:51,063 [c1014618-c100-4e2c-97d7-038e29b3cb29-groupManagement] INFO  server.RaftServerConfigKeys (ConfUtils.java:logGet(46)) - raft.server.log.appender.install.snapshot.enabled = false (custom)
2024-08-10 09:46:51,063 [c1014618-c100-4e2c-97d7-038e29b3cb29-groupManagement] INFO  server.RaftServerConfigKeys (ConfUtils.java:logGet(46)) - raft.server.threadpool.server.cached = true (default)
2024-08-10 09:46:51,063 [c1014618-c100-4e2c-97d7-038e29b3cb29-groupManagement] INFO  server.RaftServerConfigKeys (ConfUtils.java:logGet(46)) - raft.server.threadpool.server.size = 0 (default)
2024-08-10 09:46:51,063 [c1014618-c100-4e2c-97d7-038e29b3cb29-groupManagement] INFO  server.RaftServerConfigKeys (ConfUtils.java:logGet(46)) - raft.server.threadpool.client.cached = true (default)
2024-08-10 09:46:51,063 [c1014618-c100-4e2c-97d7-038e29b3cb29-groupManagement] INFO  server.RaftServerConfigKeys (ConfUtils.java:logGet(46)) - raft.server.threadpool.client.size = 0 (default)
2024-08-10 09:46:51,063 [c1014618-c100-4e2c-97d7-038e29b3cb29-groupManagement] INFO  server.RaftServerConfigKeys (ConfUtils.java:logGet(46)) - raft.server.storage.free-space.min = 0MB (=0) (default)
2024-08-10 09:46:51,063 [c1014618-c100-4e2c-97d7-038e29b3cb29-groupManagement] INFO  server.RaftServerConfigKeys (ConfUtils.java:logGet(46)) - raft.server.log.corruption.policy = EXCEPTION (default)
2024-08-10 09:46:51,064 [c1014618-c100-4e2c-97d7-038e29b3cb29-groupManagement] INFO  server.RaftServerConfigKeys (ConfUtils.java:logGet(46)) - raft.server.storage.dir = [/home/runner/work/ozone/ozone/hadoop-ozone/integration-test/target/test-dir/MiniOzoneClusterImpl-25487c27-6224-40aa-b0ad-008c83bbb5f2/ozone-meta/datanode-3/ratis] (custom)
2024-08-10 09:46:51,064 [c1014618-c100-4e2c-97d7-038e29b3cb29-groupManagement] INFO  storage.RaftStorageDirectory (RaftStorageDirectoryImpl.java:analyzeStorage(138)) - The storage directory /home/runner/work/ozone/ozone/hadoop-ozone/integration-test/target/test-dir/MiniOzoneClusterImpl-25487c27-6224-40aa-b0ad-008c83bbb5f2/ozone-meta/datanode-3/ratis/029aa26b-425a-4e1d-a775-14f753a10906 does not exist. Creating ...
2024-08-10 09:46:51,065 [c1014618-c100-4e2c-97d7-038e29b3cb29-groupManagement] INFO  storage.RaftStorageDirectory (RaftStorageDirectoryImpl.java:tryLock(229)) - Lock on /home/runner/work/ozone/ozone/hadoop-ozone/integration-test/target/test-dir/MiniOzoneClusterImpl-25487c27-6224-40aa-b0ad-008c83bbb5f2/ozone-meta/datanode-3/ratis/029aa26b-425a-4e1d-a775-14f753a10906/in_use.lock acquired by nodename 50124@fv-az701-157
2024-08-10 09:46:51,066 [c1014618-c100-4e2c-97d7-038e29b3cb29-groupManagement] INFO  storage.RaftStorage (RaftStorageImpl.java:format(98)) - Storage directory /home/runner/work/ozone/ozone/hadoop-ozone/integration-test/target/test-dir/MiniOzoneClusterImpl-25487c27-6224-40aa-b0ad-008c83bbb5f2/ozone-meta/datanode-3/ratis/029aa26b-425a-4e1d-a775-14f753a10906 has been successfully formatted.
2024-08-10 09:46:51,067 [c1014618-c100-4e2c-97d7-038e29b3cb29-groupManagement] INFO  ratis.ContainerStateMachine (ContainerStateMachine.java:loadSnapshot(287)) - group-14F753A10906: The snapshot info is null. Setting the last applied index to:(t:0, i:~)
2024-08-10 09:46:51,067 [c1014618-c100-4e2c-97d7-038e29b3cb29-groupManagement] INFO  server.RaftServerConfigKeys (ConfUtils.java:logGet(46)) - raft.server.log.use.memory = false (default)
2024-08-10 09:46:51,067 [c1014618-c100-4e2c-97d7-038e29b3cb29-groupManagement] INFO  server.RaftServerConfigKeys (ConfUtils.java:logGet(46)) - raft.server.log.purge.gap = 1000000 (custom)
2024-08-10 09:46:51,067 [c1014618-c100-4e2c-97d7-038e29b3cb29-groupManagement] INFO  server.RaftServerConfigKeys (ConfUtils.java:logGet(46)) - raft.server.log.appender.buffer.byte-limit = 8388608 (custom)
2024-08-10 09:46:51,067 [c1014618-c100-4e2c-97d7-038e29b3cb29-groupManagement] INFO  server.RaftServerConfigKeys (ConfUtils.java:logGet(46)) - raft.server.log.statemachine.data.read.timeout = 1000ms (default)
2024-08-10 09:46:51,067 [c1014618-c100-4e2c-97d7-038e29b3cb29-groupManagement] INFO  server.RaftServerConfigKeys (ConfUtils.java:logGet(46)) - raft.server.log.purge.preservation.log.num = 0 (default)
2024-08-10 09:46:51,069 [c1014618-c100-4e2c-97d7-038e29b3cb29-groupManagement] INFO  server.RaftServerConfigKeys (ConfUtils.java:logGet(46)) - raft.server.log.segment.size.max = 67108864 (custom)
2024-08-10 09:46:51,069 [c1014618-c100-4e2c-97d7-038e29b3cb29-groupManagement] INFO  server.RaftServerConfigKeys (ConfUtils.java:logGet(46)) - raft.server.log.segment.cache.num.max = 2 (custom)
2024-08-10 09:46:51,069 [c1014618-c100-4e2c-97d7-038e29b3cb29-groupManagement] INFO  server.RaftServerConfigKeys (ConfUtils.java:logGet(46)) - raft.server.log.segment.cache.size.max = 200MB (=209715200) (default)
2024-08-10 09:46:51,069 [c1014618-c100-4e2c-97d7-038e29b3cb29-groupManagement] INFO  server.RaftServerConfigKeys (ConfUtils.java:logGet(46)) - raft.server.log.appender.buffer.byte-limit = 8388608 (custom)
2024-08-10 09:46:51,070 [c1014618-c100-4e2c-97d7-038e29b3cb29-groupManagement] INFO  util.AwaitToRun (AwaitToRun.java:start(81)) - Thread[c1014618-c100-4e2c-97d7-038e29b3cb29@group-14F753A10906-cacheEviction-AwaitToRun,5,main] started
2024-08-10 09:46:51,070 [c1014618-c100-4e2c-97d7-038e29b3cb29-groupManagement] INFO  segmented.SegmentedRaftLogWorker (SegmentedRaftLogWorker.java:<init>(184)) - new c1014618-c100-4e2c-97d7-038e29b3cb29@group-14F753A10906-SegmentedRaftLogWorker for RaftStorageImpl:Storage Directory /home/runner/work/ozone/ozone/hadoop-ozone/integration-test/target/test-dir/MiniOzoneClusterImpl-25487c27-6224-40aa-b0ad-008c83bbb5f2/ozone-meta/datanode-3/ratis/029aa26b-425a-4e1d-a775-14f753a10906
2024-08-10 09:46:51,070 [c1014618-c100-4e2c-97d7-038e29b3cb29-groupManagement] INFO  server.RaftServerConfigKeys (ConfUtils.java:logGet(46)) - raft.server.log.queue.byte-limit = 4294967296 (custom)
2024-08-10 09:46:51,070 [c1014618-c100-4e2c-97d7-038e29b3cb29-groupManagement] INFO  server.RaftServerConfigKeys (ConfUtils.java:logGet(46)) - raft.server.log.queue.element-limit = 1024 (custom)
2024-08-10 09:46:51,070 [c1014618-c100-4e2c-97d7-038e29b3cb29-groupManagement] INFO  server.RaftServerConfigKeys (ConfUtils.java:logGet(46)) - raft.server.log.segment.size.max = 67108864 (custom)
2024-08-10 09:46:51,070 [c1014618-c100-4e2c-97d7-038e29b3cb29-groupManagement] INFO  server.RaftServerConfigKeys (ConfUtils.java:logGet(46)) - raft.server.log.preallocated.size = 4194304 (custom)
2024-08-10 09:46:51,070 [c1014618-c100-4e2c-97d7-038e29b3cb29-groupManagement] INFO  server.RaftServerConfigKeys (ConfUtils.java:logGet(46)) - raft.server.log.force.sync.num = 128 (default)
2024-08-10 09:46:51,070 [c1014618-c100-4e2c-97d7-038e29b3cb29-groupManagement] INFO  server.RaftServerConfigKeys (ConfUtils.java:logGet(46)) - raft.server.log.statemachine.data.sync = true (default)
2024-08-10 09:46:51,071 [c1014618-c100-4e2c-97d7-038e29b3cb29-groupManagement] INFO  server.RaftServerConfigKeys (ConfUtils.java:logGet(46)) - raft.server.log.statemachine.data.sync.timeout = 10s (default)
2024-08-10 09:46:51,071 [c1014618-c100-4e2c-97d7-038e29b3cb29-groupManagement] INFO  server.RaftServerConfigKeys (ConfUtils.java:logGet(46)) - raft.server.log.statemachine.data.sync.timeout.retry = 30 (custom)
2024-08-10 09:46:51,071 [c1014618-c100-4e2c-97d7-038e29b3cb29-groupManagement] INFO  server.RaftServerConfigKeys (ConfUtils.java:logGet(46)) - raft.server.log.write.buffer.size = 8388616 (custom)
2024-08-10 09:46:51,073 [c1014618-c100-4e2c-97d7-038e29b3cb29-groupManagement] INFO  server.RaftServerConfigKeys (ConfUtils.java:logGet(46)) - raft.server.log.appender.buffer.byte-limit = 8388608 (custom)
2024-08-10 09:46:51,073 [c1014618-c100-4e2c-97d7-038e29b3cb29-groupManagement] INFO  server.RaftServerConfigKeys (ConfUtils.java:logGet(46)) - raft.server.log.unsafe-flush.enabled = false (default)
2024-08-10 09:46:51,073 [c1014618-c100-4e2c-97d7-038e29b3cb29-groupManagement] INFO  server.RaftServerConfigKeys (ConfUtils.java:logGet(46)) - raft.server.log.async-flush.enabled = false (default)
2024-08-10 09:46:51,073 [c1014618-c100-4e2c-97d7-038e29b3cb29-groupManagement] INFO  server.RaftServerConfigKeys (ConfUtils.java:logGet(46)) - raft.server.log.statemachine.data.caching.enabled = true (custom)
2024-08-10 09:46:51,074 [c1014618-c100-4e2c-97d7-038e29b3cb29-groupManagement] INFO  segmented.SegmentedRaftLogWorker (SegmentedRaftLogWorker.java:lambda$new$0(135)) - c1014618-c100-4e2c-97d7-038e29b3cb29@group-14F753A10906-SegmentedRaftLogWorker: flushIndex: setUnconditionally 0 -> -1
2024-08-10 09:46:51,074 [c1014618-c100-4e2c-97d7-038e29b3cb29-groupManagement] INFO  segmented.SegmentedRaftLogWorker (SegmentedRaftLogWorker.java:lambda$new$0(135)) - c1014618-c100-4e2c-97d7-038e29b3cb29@group-14F753A10906-SegmentedRaftLogWorker: safeCacheEvictIndex: setUnconditionally 0 -> -1
2024-08-10 09:46:51,074 [c1014618-c100-4e2c-97d7-038e29b3cb29-groupManagement] INFO  server.RaftServer$Division (RaftServerImpl.java:start(389)) - c1014618-c100-4e2c-97d7-038e29b3cb29@group-14F753A10906: start as a follower, conf=conf: {index: -1, cur=peers:[c1014618-c100-4e2c-97d7-038e29b3cb29|127.0.0.1:15613, 280ba735-fec6-4a50-aa81-34035c985b11|127.0.0.1:15604, d75f2dba-195c-437b-b62a-ed875b85e515|127.0.0.1:15595]|listeners:[], old=null}
2024-08-10 09:46:51,074 [c1014618-c100-4e2c-97d7-038e29b3cb29-groupManagement] INFO  server.RaftServer$Division (RaftServerImpl.java:setRole(376)) - c1014618-c100-4e2c-97d7-038e29b3cb29@group-14F753A10906: changes role from      null to FOLLOWER at term 0 for startAsFollower
2024-08-10 09:46:51,074 [c1014618-c100-4e2c-97d7-038e29b3cb29-groupManagement] INFO  impl.RoleInfo (RoleInfo.java:updateAndGet(148)) - c1014618-c100-4e2c-97d7-038e29b3cb29: start c1014618-c100-4e2c-97d7-038e29b3cb29@group-14F753A10906-FollowerState
2024-08-10 09:46:51,075 [c1014618-c100-4e2c-97d7-038e29b3cb29-groupManagement] INFO  util.JmxRegister (JmxRegister.java:tryRegister(44)) - Successfully registered JMX Bean with object name Ratis:service=RaftServer,group=group-14F753A10906,id=c1014618-c100-4e2c-97d7-038e29b3cb29
2024-08-10 09:46:51,075 [c1014618-c100-4e2c-97d7-038e29b3cb29-groupManagement] INFO  util.JmxRegister (JmxRegister.java:register(58)) - register mxBean class org.apache.ratis.server.impl.RaftServerJmxAdapter as Ratis:service=RaftServer,group=group-14F753A10906,id=c1014618-c100-4e2c-97d7-038e29b3cb29
2024-08-10 09:46:51,075 [c1014618-c100-4e2c-97d7-038e29b3cb29-groupManagement] INFO  server.RaftServerConfigKeys (ConfUtils.java:logGet(46)) - raft.server.snapshot.trigger-when-stop.enabled = true (default)
2024-08-10 09:46:51,075 [c1014618-c100-4e2c-97d7-038e29b3cb29-groupManagement] INFO  server.RaftServerConfigKeys (ConfUtils.java:logGet(46)) - raft.server.snapshot.trigger-when-remove.enabled = true (default)
2024-08-10 09:46:51,075 [c1014618-c100-4e2c-97d7-038e29b3cb29-groupManagement] INFO  server.RaftServerConfigKeys (ConfUtils.java:logGet(46)) - raft.server.snapshot.auto.trigger.enabled = true (custom)
2024-08-10 09:46:51,075 [c1014618-c100-4e2c-97d7-038e29b3cb29-groupManagement] INFO  server.RaftServerConfigKeys (ConfUtils.java:logGet(46)) - raft.server.snapshot.auto.trigger.threshold = 10000 (custom)
2024-08-10 09:46:51,075 [c1014618-c100-4e2c-97d7-038e29b3cb29-groupManagement] INFO  server.RaftServerConfigKeys (ConfUtils.java:logGet(46)) - raft.server.snapshot.retention.file.num = 5 (custom)
2024-08-10 09:46:51,075 [c1014618-c100-4e2c-97d7-038e29b3cb29-groupManagement] INFO  server.RaftServerConfigKeys (ConfUtils.java:logGet(46)) - raft.server.log.purge.upto.snapshot.index = false (default)
2024-08-10 09:46:51,076 [c1014618-c100-4e2c-97d7-038e29b3cb29@group-14F753A10906-FollowerState] INFO  server.RaftServerConfigKeys (ConfUtils.java:logFallback(53)) - raft.server.rpc.first-election.timeout.min = 5s (fallback to raft.server.rpc.timeout.min)
2024-08-10 09:46:51,076 [c1014618-c100-4e2c-97d7-038e29b3cb29@group-14F753A10906-FollowerState] INFO  server.RaftServerConfigKeys (ConfUtils.java:logFallback(53)) - raft.server.rpc.first-election.timeout.max = 5200ms (fallback to raft.server.rpc.timeout.max)
2024-08-10 09:46:51,081 [grpc-default-executor-5] INFO  server.RaftServer (RaftServerProxy.java:addNew(101)) - 280ba735-fec6-4a50-aa81-34035c985b11: addNew group-14F753A10906:[c1014618-c100-4e2c-97d7-038e29b3cb29|127.0.0.1:15613, 280ba735-fec6-4a50-aa81-34035c985b11|127.0.0.1:15604, d75f2dba-195c-437b-b62a-ed875b85e515|127.0.0.1:15595] returns group-14F753A10906:java.util.concurrent.CompletableFuture@2ad50889[Not completed]
2024-08-10 09:46:51,081 [280ba735-fec6-4a50-aa81-34035c985b11-groupManagement] INFO  server.RaftServer$Division (RaftServerImpl.java:<init>(253)) - 280ba735-fec6-4a50-aa81-34035c985b11: new RaftServerImpl for group-14F753A10906:[c1014618-c100-4e2c-97d7-038e29b3cb29|127.0.0.1:15613, 280ba735-fec6-4a50-aa81-34035c985b11|127.0.0.1:15604, d75f2dba-195c-437b-b62a-ed875b85e515|127.0.0.1:15595] with ContainerStateMachine:uninitialized
2024-08-10 09:46:51,082 [280ba735-fec6-4a50-aa81-34035c985b11-groupManagement] INFO  server.RaftServerConfigKeys (ConfUtils.java:logGet(46)) - raft.server.rpc.timeout.min = 5s (custom)
2024-08-10 09:46:51,082 [280ba735-fec6-4a50-aa81-34035c985b11-groupManagement] INFO  server.RaftServerConfigKeys (ConfUtils.java:logGet(46)) - raft.server.rpc.timeout.max = 5200ms (custom)
2024-08-10 09:46:51,082 [280ba735-fec6-4a50-aa81-34035c985b11-groupManagement] INFO  server.RaftServerConfigKeys (ConfUtils.java:logGet(46)) - raft.server.rpc.sleep.time = 25ms (default)
2024-08-10 09:46:51,082 [280ba735-fec6-4a50-aa81-34035c985b11-groupManagement] INFO  server.RaftServerConfigKeys (ConfUtils.java:logGet(46)) - raft.server.rpc.slowness.timeout = 300000ms (custom)
2024-08-10 09:46:51,082 [280ba735-fec6-4a50-aa81-34035c985b11-groupManagement] INFO  server.RaftServerConfigKeys (ConfUtils.java:logGet(46)) - raft.server.leaderelection.leader.step-down.wait-time = 10s (default)
2024-08-10 09:46:51,082 [280ba735-fec6-4a50-aa81-34035c985b11-groupManagement] INFO  server.RaftServerConfigKeys (ConfUtils.java:logGet(46)) - raft.server.leaderelection.member.majority-add = false (default)
2024-08-10 09:46:51,082 [280ba735-fec6-4a50-aa81-34035c985b11-groupManagement] INFO  server.RaftServerConfigKeys (ConfUtils.java:logGet(46)) - raft.server.sleep.deviation.threshold = 300ms (default)
2024-08-10 09:46:51,082 [280ba735-fec6-4a50-aa81-34035c985b11-groupManagement] INFO  server.RaftServer$Division (ServerState.java:<init>(114)) - 280ba735-fec6-4a50-aa81-34035c985b11@group-14F753A10906: ConfigurationManager, init=conf: {index: -1, cur=peers:[c1014618-c100-4e2c-97d7-038e29b3cb29|127.0.0.1:15613, 280ba735-fec6-4a50-aa81-34035c985b11|127.0.0.1:15604, d75f2dba-195c-437b-b62a-ed875b85e515|127.0.0.1:15595]|listeners:[], old=null}, confs=<EMPTY_MAP>
2024-08-10 09:46:51,083 [280ba735-fec6-4a50-aa81-34035c985b11-groupManagement] INFO  server.RaftServerConfigKeys (ConfUtils.java:logGet(46)) - raft.server.notification.no-leader.timeout = 300000ms (custom)
2024-08-10 09:46:51,083 [280ba735-fec6-4a50-aa81-34035c985b11-groupManagement] INFO  server.RaftServerConfigKeys (ConfUtils.java:logGet(46)) - raft.server.read.timeout = 10s (default)
2024-08-10 09:46:51,083 [280ba735-fec6-4a50-aa81-34035c985b11-groupManagement] INFO  server.RaftServerConfigKeys (ConfUtils.java:logGet(46)) - raft.server.retrycache.expirytime = 600000ms (custom)
2024-08-10 09:46:51,083 [280ba735-fec6-4a50-aa81-34035c985b11-groupManagement] INFO  server.RaftServerConfigKeys (ConfUtils.java:logGet(46)) - raft.server.retrycache.statistics.expirytime = 100ms (default)
2024-08-10 09:46:51,083 [280ba735-fec6-4a50-aa81-34035c985b11-groupManagement] INFO  server.RaftServerConfigKeys (ConfUtils.java:logGet(46)) - raft.server.read.option = DEFAULT (default)
2024-08-10 09:46:51,083 [280ba735-fec6-4a50-aa81-34035c985b11-groupManagement] INFO  server.RaftServerConfigKeys (ConfUtils.java:logGet(46)) - raft.server.read.read-after-write-consistent.write-index-cache.expiry-time = 60s (default)
2024-08-10 09:46:51,087 [280ba735-fec6-4a50-aa81-34035c985b11-groupManagement] INFO  server.RaftServerConfigKeys (ConfUtils.java:logGet(46)) - raft.server.rpc.request.timeout = 3000ms (default)
2024-08-10 09:46:51,087 [280ba735-fec6-4a50-aa81-34035c985b11-groupManagement] INFO  server.RaftServerConfigKeys (ConfUtils.java:logGet(46)) - raft.server.log.appender.install.snapshot.enabled = false (custom)
2024-08-10 09:46:51,087 [280ba735-fec6-4a50-aa81-34035c985b11-groupManagement] INFO  server.RaftServerConfigKeys (ConfUtils.java:logGet(46)) - raft.server.threadpool.server.cached = true (default)
2024-08-10 09:46:51,087 [280ba735-fec6-4a50-aa81-34035c985b11-groupManagement] INFO  server.RaftServerConfigKeys (ConfUtils.java:logGet(46)) - raft.server.threadpool.server.size = 0 (default)
2024-08-10 09:46:51,087 [280ba735-fec6-4a50-aa81-34035c985b11-groupManagement] INFO  server.RaftServerConfigKeys (ConfUtils.java:logGet(46)) - raft.server.threadpool.client.cached = true (default)
2024-08-10 09:46:51,087 [280ba735-fec6-4a50-aa81-34035c985b11-groupManagement] INFO  server.RaftServerConfigKeys (ConfUtils.java:logGet(46)) - raft.server.threadpool.client.size = 0 (default)
2024-08-10 09:46:51,087 [280ba735-fec6-4a50-aa81-34035c985b11-groupManagement] INFO  server.RaftServerConfigKeys (ConfUtils.java:logGet(46)) - raft.server.storage.free-space.min = 0MB (=0) (default)
2024-08-10 09:46:51,088 [280ba735-fec6-4a50-aa81-34035c985b11-groupManagement] INFO  server.RaftServerConfigKeys (ConfUtils.java:logGet(46)) - raft.server.log.corruption.policy = EXCEPTION (default)
2024-08-10 09:46:51,088 [280ba735-fec6-4a50-aa81-34035c985b11-groupManagement] INFO  server.RaftServerConfigKeys (ConfUtils.java:logGet(46)) - raft.server.storage.dir = [/home/runner/work/ozone/ozone/hadoop-ozone/integration-test/target/test-dir/MiniOzoneClusterImpl-25487c27-6224-40aa-b0ad-008c83bbb5f2/ozone-meta/datanode-2/ratis] (custom)
2024-08-10 09:46:51,088 [280ba735-fec6-4a50-aa81-34035c985b11-groupManagement] INFO  storage.RaftStorageDirectory (RaftStorageDirectoryImpl.java:analyzeStorage(138)) - The storage directory /home/runner/work/ozone/ozone/hadoop-ozone/integration-test/target/test-dir/MiniOzoneClusterImpl-25487c27-6224-40aa-b0ad-008c83bbb5f2/ozone-meta/datanode-2/ratis/029aa26b-425a-4e1d-a775-14f753a10906 does not exist. Creating ...
2024-08-10 09:46:51,089 [280ba735-fec6-4a50-aa81-34035c985b11-groupManagement] INFO  storage.RaftStorageDirectory (RaftStorageDirectoryImpl.java:tryLock(229)) - Lock on /home/runner/work/ozone/ozone/hadoop-ozone/integration-test/target/test-dir/MiniOzoneClusterImpl-25487c27-6224-40aa-b0ad-008c83bbb5f2/ozone-meta/datanode-2/ratis/029aa26b-425a-4e1d-a775-14f753a10906/in_use.lock acquired by nodename 50124@fv-az701-157
2024-08-10 09:46:51,090 [280ba735-fec6-4a50-aa81-34035c985b11-groupManagement] INFO  storage.RaftStorage (RaftStorageImpl.java:format(98)) - Storage directory /home/runner/work/ozone/ozone/hadoop-ozone/integration-test/target/test-dir/MiniOzoneClusterImpl-25487c27-6224-40aa-b0ad-008c83bbb5f2/ozone-meta/datanode-2/ratis/029aa26b-425a-4e1d-a775-14f753a10906 has been successfully formatted.
2024-08-10 09:46:51,091 [280ba735-fec6-4a50-aa81-34035c985b11-groupManagement] INFO  ratis.ContainerStateMachine (ContainerStateMachine.java:loadSnapshot(287)) - group-14F753A10906: The snapshot info is null. Setting the last applied index to:(t:0, i:~)
2024-08-10 09:46:51,091 [280ba735-fec6-4a50-aa81-34035c985b11-groupManagement] INFO  server.RaftServerConfigKeys (ConfUtils.java:logGet(46)) - raft.server.log.use.memory = false (default)
2024-08-10 09:46:51,091 [280ba735-fec6-4a50-aa81-34035c985b11-groupManagement] INFO  server.RaftServerConfigKeys (ConfUtils.java:logGet(46)) - raft.server.log.purge.gap = 1000000 (custom)
2024-08-10 09:46:51,091 [280ba735-fec6-4a50-aa81-34035c985b11-groupManagement] INFO  server.RaftServerConfigKeys (ConfUtils.java:logGet(46)) - raft.server.log.appender.buffer.byte-limit = 8388608 (custom)
2024-08-10 09:46:51,091 [280ba735-fec6-4a50-aa81-34035c985b11-groupManagement] INFO  server.RaftServerConfigKeys (ConfUtils.java:logGet(46)) - raft.server.log.statemachine.data.read.timeout = 1000ms (default)
2024-08-10 09:46:51,091 [280ba735-fec6-4a50-aa81-34035c985b11-groupManagement] INFO  server.RaftServerConfigKeys (ConfUtils.java:logGet(46)) - raft.server.log.purge.preservation.log.num = 0 (default)
2024-08-10 09:46:51,093 [280ba735-fec6-4a50-aa81-34035c985b11-groupManagement] INFO  server.RaftServerConfigKeys (ConfUtils.java:logGet(46)) - raft.server.log.segment.size.max = 67108864 (custom)
2024-08-10 09:46:51,093 [280ba735-fec6-4a50-aa81-34035c985b11-groupManagement] INFO  server.RaftServerConfigKeys (ConfUtils.java:logGet(46)) - raft.server.log.segment.cache.num.max = 2 (custom)
2024-08-10 09:46:51,093 [280ba735-fec6-4a50-aa81-34035c985b11-groupManagement] INFO  server.RaftServerConfigKeys (ConfUtils.java:logGet(46)) - raft.server.log.segment.cache.size.max = 200MB (=209715200) (default)
2024-08-10 09:46:51,094 [280ba735-fec6-4a50-aa81-34035c985b11-groupManagement] INFO  server.RaftServerConfigKeys (ConfUtils.java:logGet(46)) - raft.server.log.appender.buffer.byte-limit = 8388608 (custom)
2024-08-10 09:46:51,094 [280ba735-fec6-4a50-aa81-34035c985b11-groupManagement] INFO  util.AwaitToRun (AwaitToRun.java:start(81)) - Thread[280ba735-fec6-4a50-aa81-34035c985b11@group-14F753A10906-cacheEviction-AwaitToRun,5,main] started
2024-08-10 09:46:51,094 [280ba735-fec6-4a50-aa81-34035c985b11-groupManagement] INFO  segmented.SegmentedRaftLogWorker (SegmentedRaftLogWorker.java:<init>(184)) - new 280ba735-fec6-4a50-aa81-34035c985b11@group-14F753A10906-SegmentedRaftLogWorker for RaftStorageImpl:Storage Directory /home/runner/work/ozone/ozone/hadoop-ozone/integration-test/target/test-dir/MiniOzoneClusterImpl-25487c27-6224-40aa-b0ad-008c83bbb5f2/ozone-meta/datanode-2/ratis/029aa26b-425a-4e1d-a775-14f753a10906
2024-08-10 09:46:51,094 [280ba735-fec6-4a50-aa81-34035c985b11-groupManagement] INFO  server.RaftServerConfigKeys (ConfUtils.java:logGet(46)) - raft.server.log.queue.byte-limit = 4294967296 (custom)
2024-08-10 09:46:51,094 [280ba735-fec6-4a50-aa81-34035c985b11-groupManagement] INFO  server.RaftServerConfigKeys (ConfUtils.java:logGet(46)) - raft.server.log.queue.element-limit = 1024 (custom)
2024-08-10 09:46:51,094 [280ba735-fec6-4a50-aa81-34035c985b11-groupManagement] INFO  server.RaftServerConfigKeys (ConfUtils.java:logGet(46)) - raft.server.log.segment.size.max = 67108864 (custom)
2024-08-10 09:46:51,094 [280ba735-fec6-4a50-aa81-34035c985b11-groupManagement] INFO  server.RaftServerConfigKeys (ConfUtils.java:logGet(46)) - raft.server.log.preallocated.size = 4194304 (custom)
2024-08-10 09:46:51,095 [280ba735-fec6-4a50-aa81-34035c985b11-groupManagement] INFO  server.RaftServerConfigKeys (ConfUtils.java:logGet(46)) - raft.server.log.force.sync.num = 128 (default)
2024-08-10 09:46:51,095 [280ba735-fec6-4a50-aa81-34035c985b11-groupManagement] INFO  server.RaftServerConfigKeys (ConfUtils.java:logGet(46)) - raft.server.log.statemachine.data.sync = true (default)
2024-08-10 09:46:51,095 [280ba735-fec6-4a50-aa81-34035c985b11-groupManagement] INFO  server.RaftServerConfigKeys (ConfUtils.java:logGet(46)) - raft.server.log.statemachine.data.sync.timeout = 10s (default)
2024-08-10 09:46:51,095 [280ba735-fec6-4a50-aa81-34035c985b11-groupManagement] INFO  server.RaftServerConfigKeys (ConfUtils.java:logGet(46)) - raft.server.log.statemachine.data.sync.timeout.retry = 30 (custom)
2024-08-10 09:46:51,095 [280ba735-fec6-4a50-aa81-34035c985b11-groupManagement] INFO  server.RaftServerConfigKeys (ConfUtils.java:logGet(46)) - raft.server.log.write.buffer.size = 8388616 (custom)
2024-08-10 09:46:51,097 [280ba735-fec6-4a50-aa81-34035c985b11-groupManagement] INFO  server.RaftServerConfigKeys (ConfUtils.java:logGet(46)) - raft.server.log.appender.buffer.byte-limit = 8388608 (custom)
2024-08-10 09:46:51,097 [280ba735-fec6-4a50-aa81-34035c985b11-groupManagement] INFO  server.RaftServerConfigKeys (ConfUtils.java:logGet(46)) - raft.server.log.unsafe-flush.enabled = false (default)
2024-08-10 09:46:51,097 [280ba735-fec6-4a50-aa81-34035c985b11-groupManagement] INFO  server.RaftServerConfigKeys (ConfUtils.java:logGet(46)) - raft.server.log.async-flush.enabled = false (default)
2024-08-10 09:46:51,098 [280ba735-fec6-4a50-aa81-34035c985b11-groupManagement] INFO  server.RaftServerConfigKeys (ConfUtils.java:logGet(46)) - raft.server.log.statemachine.data.caching.enabled = true (custom)
2024-08-10 09:46:51,098 [280ba735-fec6-4a50-aa81-34035c985b11-groupManagement] INFO  segmented.SegmentedRaftLogWorker (SegmentedRaftLogWorker.java:lambda$new$0(135)) - 280ba735-fec6-4a50-aa81-34035c985b11@group-14F753A10906-SegmentedRaftLogWorker: flushIndex: setUnconditionally 0 -> -1
2024-08-10 09:46:51,098 [280ba735-fec6-4a50-aa81-34035c985b11-groupManagement] INFO  segmented.SegmentedRaftLogWorker (SegmentedRaftLogWorker.java:lambda$new$0(135)) - 280ba735-fec6-4a50-aa81-34035c985b11@group-14F753A10906-SegmentedRaftLogWorker: safeCacheEvictIndex: setUnconditionally 0 -> -1
2024-08-10 09:46:51,098 [280ba735-fec6-4a50-aa81-34035c985b11-groupManagement] INFO  server.RaftServer$Division (RaftServerImpl.java:start(389)) - 280ba735-fec6-4a50-aa81-34035c985b11@group-14F753A10906: start as a follower, conf=conf: {index: -1, cur=peers:[c1014618-c100-4e2c-97d7-038e29b3cb29|127.0.0.1:15613, 280ba735-fec6-4a50-aa81-34035c985b11|127.0.0.1:15604, d75f2dba-195c-437b-b62a-ed875b85e515|127.0.0.1:15595]|listeners:[], old=null}
2024-08-10 09:46:51,098 [280ba735-fec6-4a50-aa81-34035c985b11-groupManagement] INFO  server.RaftServer$Division (RaftServerImpl.java:setRole(376)) - 280ba735-fec6-4a50-aa81-34035c985b11@group-14F753A10906: changes role from      null to FOLLOWER at term 0 for startAsFollower
2024-08-10 09:46:51,098 [280ba735-fec6-4a50-aa81-34035c985b11-groupManagement] INFO  impl.RoleInfo (RoleInfo.java:updateAndGet(148)) - 280ba735-fec6-4a50-aa81-34035c985b11: start 280ba735-fec6-4a50-aa81-34035c985b11@group-14F753A10906-FollowerState
2024-08-10 09:46:51,099 [280ba735-fec6-4a50-aa81-34035c985b11@group-14F753A10906-FollowerState] INFO  server.RaftServerConfigKeys (ConfUtils.java:logFallback(53)) - raft.server.rpc.first-election.timeout.min = 5s (fallback to raft.server.rpc.timeout.min)
2024-08-10 09:46:51,099 [280ba735-fec6-4a50-aa81-34035c985b11@group-14F753A10906-FollowerState] INFO  server.RaftServerConfigKeys (ConfUtils.java:logFallback(53)) - raft.server.rpc.first-election.timeout.max = 5200ms (fallback to raft.server.rpc.timeout.max)
2024-08-10 09:46:51,099 [280ba735-fec6-4a50-aa81-34035c985b11-groupManagement] INFO  util.JmxRegister (JmxRegister.java:tryRegister(44)) - Successfully registered JMX Bean with object name Ratis:service=RaftServer,group=group-14F753A10906,id=280ba735-fec6-4a50-aa81-34035c985b11
2024-08-10 09:46:51,099 [280ba735-fec6-4a50-aa81-34035c985b11-groupManagement] INFO  util.JmxRegister (JmxRegister.java:register(58)) - register mxBean class org.apache.ratis.server.impl.RaftServerJmxAdapter as Ratis:service=RaftServer,group=group-14F753A10906,id=280ba735-fec6-4a50-aa81-34035c985b11
2024-08-10 09:46:51,099 [280ba735-fec6-4a50-aa81-34035c985b11-groupManagement] INFO  server.RaftServerConfigKeys (ConfUtils.java:logGet(46)) - raft.server.snapshot.trigger-when-stop.enabled = true (default)
2024-08-10 09:46:51,099 [280ba735-fec6-4a50-aa81-34035c985b11-groupManagement] INFO  server.RaftServerConfigKeys (ConfUtils.java:logGet(46)) - raft.server.snapshot.trigger-when-remove.enabled = true (default)
2024-08-10 09:46:51,099 [280ba735-fec6-4a50-aa81-34035c985b11-groupManagement] INFO  server.RaftServerConfigKeys (ConfUtils.java:logGet(46)) - raft.server.snapshot.auto.trigger.enabled = true (custom)
2024-08-10 09:46:51,099 [280ba735-fec6-4a50-aa81-34035c985b11-groupManagement] INFO  server.RaftServerConfigKeys (ConfUtils.java:logGet(46)) - raft.server.snapshot.auto.trigger.threshold = 10000 (custom)
2024-08-10 09:46:51,100 [280ba735-fec6-4a50-aa81-34035c985b11-groupManagement] INFO  server.RaftServerConfigKeys (ConfUtils.java:logGet(46)) - raft.server.snapshot.retention.file.num = 5 (custom)
2024-08-10 09:46:51,100 [280ba735-fec6-4a50-aa81-34035c985b11-groupManagement] INFO  server.RaftServerConfigKeys (ConfUtils.java:logGet(46)) - raft.server.log.purge.upto.snapshot.index = false (default)
2024-08-10 09:46:51,102 [d75f2dba-195c-437b-b62a-ed875b85e515-PipelineCommandHandlerThread-0] INFO  commandhandler.CreatePipelineCommandHandler (CreatePipelineCommandHandler.java:lambda$handle$2(124)) - Created Pipeline RATIS THREE PipelineID=029aa26b-425a-4e1d-a775-14f753a10906.
2024-08-10 09:46:51,102 [d75f2dba-195c-437b-b62a-ed875b85e515-PipelineCommandHandlerThread-0] INFO  server.RaftServer (RaftServerProxy.java:addNew(101)) - d75f2dba-195c-437b-b62a-ed875b85e515: addNew group-CA08DE37798B:[280ba735-fec6-4a50-aa81-34035c985b11|127.0.0.1:15604, c1014618-c100-4e2c-97d7-038e29b3cb29|127.0.0.1:15613, d75f2dba-195c-437b-b62a-ed875b85e515|127.0.0.1:15595] returns group-CA08DE37798B:java.util.concurrent.CompletableFuture@47346bc5[Not completed]
2024-08-10 09:46:51,103 [d75f2dba-195c-437b-b62a-ed875b85e515-groupManagement] INFO  server.RaftServer$Division (RaftServerImpl.java:<init>(253)) - d75f2dba-195c-437b-b62a-ed875b85e515: new RaftServerImpl for group-CA08DE37798B:[280ba735-fec6-4a50-aa81-34035c985b11|127.0.0.1:15604, c1014618-c100-4e2c-97d7-038e29b3cb29|127.0.0.1:15613, d75f2dba-195c-437b-b62a-ed875b85e515|127.0.0.1:15595] with ContainerStateMachine:uninitialized
2024-08-10 09:46:51,103 [d75f2dba-195c-437b-b62a-ed875b85e515-groupManagement] INFO  server.RaftServerConfigKeys (ConfUtils.java:logGet(46)) - raft.server.rpc.timeout.min = 5s (custom)
2024-08-10 09:46:51,103 [d75f2dba-195c-437b-b62a-ed875b85e515-groupManagement] INFO  server.RaftServerConfigKeys (ConfUtils.java:logGet(46)) - raft.server.rpc.timeout.max = 5200ms (custom)
2024-08-10 09:46:51,103 [d75f2dba-195c-437b-b62a-ed875b85e515-groupManagement] INFO  server.RaftServerConfigKeys (ConfUtils.java:logGet(46)) - raft.server.rpc.sleep.time = 25ms (default)
2024-08-10 09:46:51,103 [d75f2dba-195c-437b-b62a-ed875b85e515-groupManagement] INFO  server.RaftServerConfigKeys (ConfUtils.java:logGet(46)) - raft.server.rpc.slowness.timeout = 300000ms (custom)
2024-08-10 09:46:51,103 [d75f2dba-195c-437b-b62a-ed875b85e515-groupManagement] INFO  server.RaftServerConfigKeys (ConfUtils.java:logGet(46)) - raft.server.leaderelection.leader.step-down.wait-time = 10s (default)
2024-08-10 09:46:51,103 [d75f2dba-195c-437b-b62a-ed875b85e515-groupManagement] INFO  server.RaftServerConfigKeys (ConfUtils.java:logGet(46)) - raft.server.leaderelection.member.majority-add = false (default)
2024-08-10 09:46:51,103 [d75f2dba-195c-437b-b62a-ed875b85e515-groupManagement] INFO  server.RaftServerConfigKeys (ConfUtils.java:logGet(46)) - raft.server.sleep.deviation.threshold = 300ms (default)
2024-08-10 09:46:51,103 [d75f2dba-195c-437b-b62a-ed875b85e515-groupManagement] INFO  server.RaftServer$Division (ServerState.java:<init>(114)) - d75f2dba-195c-437b-b62a-ed875b85e515@group-CA08DE37798B: ConfigurationManager, init=conf: {index: -1, cur=peers:[280ba735-fec6-4a50-aa81-34035c985b11|127.0.0.1:15604, c1014618-c100-4e2c-97d7-038e29b3cb29|127.0.0.1:15613, d75f2dba-195c-437b-b62a-ed875b85e515|127.0.0.1:15595]|listeners:[], old=null}, confs=<EMPTY_MAP>
2024-08-10 09:46:51,103 [d75f2dba-195c-437b-b62a-ed875b85e515-groupManagement] INFO  server.RaftServerConfigKeys (ConfUtils.java:logGet(46)) - raft.server.notification.no-leader.timeout = 300000ms (custom)
2024-08-10 09:46:51,103 [d75f2dba-195c-437b-b62a-ed875b85e515-groupManagement] INFO  server.RaftServerConfigKeys (ConfUtils.java:logGet(46)) - raft.server.read.timeout = 10s (default)
2024-08-10 09:46:51,104 [d75f2dba-195c-437b-b62a-ed875b85e515-groupManagement] INFO  server.RaftServerConfigKeys (ConfUtils.java:logGet(46)) - raft.server.retrycache.expirytime = 600000ms (custom)
2024-08-10 09:46:51,104 [d75f2dba-195c-437b-b62a-ed875b85e515-groupManagement] INFO  server.RaftServerConfigKeys (ConfUtils.java:logGet(46)) - raft.server.retrycache.statistics.expirytime = 100ms (default)
2024-08-10 09:46:51,104 [d75f2dba-195c-437b-b62a-ed875b85e515-groupManagement] INFO  server.RaftServerConfigKeys (ConfUtils.java:logGet(46)) - raft.server.read.option = DEFAULT (default)
2024-08-10 09:46:51,104 [d75f2dba-195c-437b-b62a-ed875b85e515-groupManagement] INFO  server.RaftServerConfigKeys (ConfUtils.java:logGet(46)) - raft.server.read.read-after-write-consistent.write-index-cache.expiry-time = 60s (default)
2024-08-10 09:46:51,107 [d75f2dba-195c-437b-b62a-ed875b85e515-groupManagement] INFO  server.RaftServerConfigKeys (ConfUtils.java:logGet(46)) - raft.server.rpc.request.timeout = 3000ms (default)
2024-08-10 09:46:51,108 [d75f2dba-195c-437b-b62a-ed875b85e515-groupManagement] INFO  server.RaftServerConfigKeys (ConfUtils.java:logGet(46)) - raft.server.log.appender.install.snapshot.enabled = false (custom)
2024-08-10 09:46:51,108 [d75f2dba-195c-437b-b62a-ed875b85e515-groupManagement] INFO  server.RaftServerConfigKeys (ConfUtils.java:logGet(46)) - raft.server.threadpool.server.cached = true (default)
2024-08-10 09:46:51,108 [d75f2dba-195c-437b-b62a-ed875b85e515-groupManagement] INFO  server.RaftServerConfigKeys (ConfUtils.java:logGet(46)) - raft.server.threadpool.server.size = 0 (default)
2024-08-10 09:46:51,108 [d75f2dba-195c-437b-b62a-ed875b85e515-groupManagement] INFO  server.RaftServerConfigKeys (ConfUtils.java:logGet(46)) - raft.server.threadpool.client.cached = true (default)
2024-08-10 09:46:51,108 [d75f2dba-195c-437b-b62a-ed875b85e515-groupManagement] INFO  server.RaftServerConfigKeys (ConfUtils.java:logGet(46)) - raft.server.threadpool.client.size = 0 (default)
2024-08-10 09:46:51,108 [d75f2dba-195c-437b-b62a-ed875b85e515-groupManagement] INFO  server.RaftServerConfigKeys (ConfUtils.java:logGet(46)) - raft.server.storage.free-space.min = 0MB (=0) (default)
2024-08-10 09:46:51,108 [d75f2dba-195c-437b-b62a-ed875b85e515-groupManagement] INFO  server.RaftServerConfigKeys (ConfUtils.java:logGet(46)) - raft.server.log.corruption.policy = EXCEPTION (default)
2024-08-10 09:46:51,108 [d75f2dba-195c-437b-b62a-ed875b85e515-groupManagement] INFO  server.RaftServerConfigKeys (ConfUtils.java:logGet(46)) - raft.server.storage.dir = [/home/runner/work/ozone/ozone/hadoop-ozone/integration-test/target/test-dir/MiniOzoneClusterImpl-25487c27-6224-40aa-b0ad-008c83bbb5f2/ozone-meta/datanode-1/ratis] (custom)
2024-08-10 09:46:51,108 [d75f2dba-195c-437b-b62a-ed875b85e515-groupManagement] INFO  storage.RaftStorageDirectory (RaftStorageDirectoryImpl.java:analyzeStorage(138)) - The storage directory /home/runner/work/ozone/ozone/hadoop-ozone/integration-test/target/test-dir/MiniOzoneClusterImpl-25487c27-6224-40aa-b0ad-008c83bbb5f2/ozone-meta/datanode-1/ratis/14471663-4755-4fb3-87a6-ca08de37798b does not exist. Creating ...
2024-08-10 09:46:51,109 [d75f2dba-195c-437b-b62a-ed875b85e515-groupManagement] INFO  storage.RaftStorageDirectory (RaftStorageDirectoryImpl.java:tryLock(229)) - Lock on /home/runner/work/ozone/ozone/hadoop-ozone/integration-test/target/test-dir/MiniOzoneClusterImpl-25487c27-6224-40aa-b0ad-008c83bbb5f2/ozone-meta/datanode-1/ratis/14471663-4755-4fb3-87a6-ca08de37798b/in_use.lock acquired by nodename 50124@fv-az701-157
2024-08-10 09:46:51,110 [d75f2dba-195c-437b-b62a-ed875b85e515-groupManagement] INFO  storage.RaftStorage (RaftStorageImpl.java:format(98)) - Storage directory /home/runner/work/ozone/ozone/hadoop-ozone/integration-test/target/test-dir/MiniOzoneClusterImpl-25487c27-6224-40aa-b0ad-008c83bbb5f2/ozone-meta/datanode-1/ratis/14471663-4755-4fb3-87a6-ca08de37798b has been successfully formatted.
2024-08-10 09:46:51,111 [d75f2dba-195c-437b-b62a-ed875b85e515-groupManagement] INFO  ratis.ContainerStateMachine (ContainerStateMachine.java:loadSnapshot(287)) - group-CA08DE37798B: The snapshot info is null. Setting the last applied index to:(t:0, i:~)
2024-08-10 09:46:51,111 [d75f2dba-195c-437b-b62a-ed875b85e515-groupManagement] INFO  server.RaftServerConfigKeys (ConfUtils.java:logGet(46)) - raft.server.log.use.memory = false (default)
2024-08-10 09:46:51,111 [d75f2dba-195c-437b-b62a-ed875b85e515-groupManagement] INFO  server.RaftServerConfigKeys (ConfUtils.java:logGet(46)) - raft.server.log.purge.gap = 1000000 (custom)
2024-08-10 09:46:51,111 [d75f2dba-195c-437b-b62a-ed875b85e515-groupManagement] INFO  server.RaftServerConfigKeys (ConfUtils.java:logGet(46)) - raft.server.log.appender.buffer.byte-limit = 8388608 (custom)
2024-08-10 09:46:51,111 [d75f2dba-195c-437b-b62a-ed875b85e515-groupManagement] INFO  server.RaftServerConfigKeys (ConfUtils.java:logGet(46)) - raft.server.log.statemachine.data.read.timeout = 1000ms (default)
2024-08-10 09:46:51,111 [d75f2dba-195c-437b-b62a-ed875b85e515-groupManagement] INFO  server.RaftServerConfigKeys (ConfUtils.java:logGet(46)) - raft.server.log.purge.preservation.log.num = 0 (default)
2024-08-10 09:46:51,111 [EventQueue-OpenPipelineForHealthyPipelineSafeModeRule] INFO  safemode.SCMSafeModeManager (HealthyPipelineSafeModeRule.java:process(140)) - SCM in safe mode. Healthy pipelines reported count is 0, required healthy pipeline reported count is 1
2024-08-10 09:46:51,113 [d75f2dba-195c-437b-b62a-ed875b85e515-groupManagement] INFO  server.RaftServerConfigKeys (ConfUtils.java:logGet(46)) - raft.server.log.segment.size.max = 67108864 (custom)
2024-08-10 09:46:51,113 [d75f2dba-195c-437b-b62a-ed875b85e515-groupManagement] INFO  server.RaftServerConfigKeys (ConfUtils.java:logGet(46)) - raft.server.log.segment.cache.num.max = 2 (custom)
2024-08-10 09:46:51,113 [d75f2dba-195c-437b-b62a-ed875b85e515-groupManagement] INFO  server.RaftServerConfigKeys (ConfUtils.java:logGet(46)) - raft.server.log.segment.cache.size.max = 200MB (=209715200) (default)
2024-08-10 09:46:51,113 [d75f2dba-195c-437b-b62a-ed875b85e515-groupManagement] INFO  server.RaftServerConfigKeys (ConfUtils.java:logGet(46)) - raft.server.log.appender.buffer.byte-limit = 8388608 (custom)
2024-08-10 09:46:51,115 [d75f2dba-195c-437b-b62a-ed875b85e515-groupManagement] INFO  util.AwaitToRun (AwaitToRun.java:start(81)) - Thread[d75f2dba-195c-437b-b62a-ed875b85e515@group-CA08DE37798B-cacheEviction-AwaitToRun,5,main] started
2024-08-10 09:46:51,115 [d75f2dba-195c-437b-b62a-ed875b85e515-groupManagement] INFO  segmented.SegmentedRaftLogWorker (SegmentedRaftLogWorker.java:<init>(184)) - new d75f2dba-195c-437b-b62a-ed875b85e515@group-CA08DE37798B-SegmentedRaftLogWorker for RaftStorageImpl:Storage Directory /home/runner/work/ozone/ozone/hadoop-ozone/integration-test/target/test-dir/MiniOzoneClusterImpl-25487c27-6224-40aa-b0ad-008c83bbb5f2/ozone-meta/datanode-1/ratis/14471663-4755-4fb3-87a6-ca08de37798b
2024-08-10 09:46:51,115 [d75f2dba-195c-437b-b62a-ed875b85e515-groupManagement] INFO  server.RaftServerConfigKeys (ConfUtils.java:logGet(46)) - raft.server.log.queue.byte-limit = 4294967296 (custom)
2024-08-10 09:46:51,115 [d75f2dba-195c-437b-b62a-ed875b85e515-groupManagement] INFO  server.RaftServerConfigKeys (ConfUtils.java:logGet(46)) - raft.server.log.queue.element-limit = 1024 (custom)
2024-08-10 09:46:51,115 [d75f2dba-195c-437b-b62a-ed875b85e515-groupManagement] INFO  server.RaftServerConfigKeys (ConfUtils.java:logGet(46)) - raft.server.log.segment.size.max = 67108864 (custom)
2024-08-10 09:46:51,115 [d75f2dba-195c-437b-b62a-ed875b85e515-groupManagement] INFO  server.RaftServerConfigKeys (ConfUtils.java:logGet(46)) - raft.server.log.preallocated.size = 4194304 (custom)
2024-08-10 09:46:51,115 [d75f2dba-195c-437b-b62a-ed875b85e515-groupManagement] INFO  server.RaftServerConfigKeys (ConfUtils.java:logGet(46)) - raft.server.log.force.sync.num = 128 (default)
2024-08-10 09:46:51,115 [d75f2dba-195c-437b-b62a-ed875b85e515-groupManagement] INFO  server.RaftServerConfigKeys (ConfUtils.java:logGet(46)) - raft.server.log.statemachine.data.sync = true (default)
2024-08-10 09:46:51,116 [d75f2dba-195c-437b-b62a-ed875b85e515-groupManagement] INFO  server.RaftServerConfigKeys (ConfUtils.java:logGet(46)) - raft.server.log.statemachine.data.sync.timeout = 10s (default)
2024-08-10 09:46:51,116 [d75f2dba-195c-437b-b62a-ed875b85e515-groupManagement] INFO  server.RaftServerConfigKeys (ConfUtils.java:logGet(46)) - raft.server.log.statemachine.data.sync.timeout.retry = 30 (custom)
2024-08-10 09:46:51,116 [d75f2dba-195c-437b-b62a-ed875b85e515-groupManagement] INFO  server.RaftServerConfigKeys (ConfUtils.java:logGet(46)) - raft.server.log.write.buffer.size = 8388616 (custom)
2024-08-10 09:46:51,116 [d75f2dba-195c-437b-b62a-ed875b85e515-groupManagement] INFO  server.RaftServerConfigKeys (ConfUtils.java:logGet(46)) - raft.server.log.appender.buffer.byte-limit = 8388608 (custom)
2024-08-10 09:46:51,116 [d75f2dba-195c-437b-b62a-ed875b85e515-groupManagement] INFO  server.RaftServerConfigKeys (ConfUtils.java:logGet(46)) - raft.server.log.unsafe-flush.enabled = false (default)
2024-08-10 09:46:51,116 [d75f2dba-195c-437b-b62a-ed875b85e515-groupManagement] INFO  server.RaftServerConfigKeys (ConfUtils.java:logGet(46)) - raft.server.log.async-flush.enabled = false (default)
2024-08-10 09:46:51,116 [d75f2dba-195c-437b-b62a-ed875b85e515-groupManagement] INFO  server.RaftServerConfigKeys (ConfUtils.java:logGet(46)) - raft.server.log.statemachine.data.caching.enabled = true (custom)
2024-08-10 09:46:51,116 [d75f2dba-195c-437b-b62a-ed875b85e515-groupManagement] INFO  segmented.SegmentedRaftLogWorker (SegmentedRaftLogWorker.java:lambda$new$0(135)) - d75f2dba-195c-437b-b62a-ed875b85e515@group-CA08DE37798B-SegmentedRaftLogWorker: flushIndex: setUnconditionally 0 -> -1
2024-08-10 09:46:51,116 [d75f2dba-195c-437b-b62a-ed875b85e515-groupManagement] INFO  segmented.SegmentedRaftLogWorker (SegmentedRaftLogWorker.java:lambda$new$0(135)) - d75f2dba-195c-437b-b62a-ed875b85e515@group-CA08DE37798B-SegmentedRaftLogWorker: safeCacheEvictIndex: setUnconditionally 0 -> -1
2024-08-10 09:46:51,117 [d75f2dba-195c-437b-b62a-ed875b85e515-groupManagement] INFO  server.RaftServer$Division (RaftServerImpl.java:start(389)) - d75f2dba-195c-437b-b62a-ed875b85e515@group-CA08DE37798B: start as a follower, conf=conf: {index: -1, cur=peers:[280ba735-fec6-4a50-aa81-34035c985b11|127.0.0.1:15604, c1014618-c100-4e2c-97d7-038e29b3cb29|127.0.0.1:15613, d75f2dba-195c-437b-b62a-ed875b85e515|127.0.0.1:15595]|listeners:[], old=null}
2024-08-10 09:46:51,117 [d75f2dba-195c-437b-b62a-ed875b85e515-groupManagement] INFO  server.RaftServer$Division (RaftServerImpl.java:setRole(376)) - d75f2dba-195c-437b-b62a-ed875b85e515@group-CA08DE37798B: changes role from      null to FOLLOWER at term 0 for startAsFollower
2024-08-10 09:46:51,117 [d75f2dba-195c-437b-b62a-ed875b85e515-groupManagement] INFO  impl.RoleInfo (RoleInfo.java:updateAndGet(148)) - d75f2dba-195c-437b-b62a-ed875b85e515: start d75f2dba-195c-437b-b62a-ed875b85e515@group-CA08DE37798B-FollowerState
2024-08-10 09:46:51,117 [d75f2dba-195c-437b-b62a-ed875b85e515@group-CA08DE37798B-FollowerState] INFO  server.RaftServerConfigKeys (ConfUtils.java:logFallback(53)) - raft.server.rpc.first-election.timeout.min = 5s (fallback to raft.server.rpc.timeout.min)
2024-08-10 09:46:51,117 [d75f2dba-195c-437b-b62a-ed875b85e515@group-CA08DE37798B-FollowerState] INFO  server.RaftServerConfigKeys (ConfUtils.java:logFallback(53)) - raft.server.rpc.first-election.timeout.max = 5200ms (fallback to raft.server.rpc.timeout.max)
2024-08-10 09:46:51,117 [d75f2dba-195c-437b-b62a-ed875b85e515-groupManagement] INFO  util.JmxRegister (JmxRegister.java:tryRegister(44)) - Successfully registered JMX Bean with object name Ratis:service=RaftServer,group=group-CA08DE37798B,id=d75f2dba-195c-437b-b62a-ed875b85e515
2024-08-10 09:46:51,117 [d75f2dba-195c-437b-b62a-ed875b85e515-groupManagement] INFO  util.JmxRegister (JmxRegister.java:register(58)) - register mxBean class org.apache.ratis.server.impl.RaftServerJmxAdapter as Ratis:service=RaftServer,group=group-CA08DE37798B,id=d75f2dba-195c-437b-b62a-ed875b85e515
2024-08-10 09:46:51,117 [d75f2dba-195c-437b-b62a-ed875b85e515-groupManagement] INFO  server.RaftServerConfigKeys (ConfUtils.java:logGet(46)) - raft.server.snapshot.trigger-when-stop.enabled = true (default)
2024-08-10 09:46:51,117 [d75f2dba-195c-437b-b62a-ed875b85e515-groupManagement] INFO  server.RaftServerConfigKeys (ConfUtils.java:logGet(46)) - raft.server.snapshot.trigger-when-remove.enabled = true (default)
2024-08-10 09:46:51,117 [d75f2dba-195c-437b-b62a-ed875b85e515-groupManagement] INFO  server.RaftServerConfigKeys (ConfUtils.java:logGet(46)) - raft.server.snapshot.auto.trigger.enabled = true (custom)
2024-08-10 09:46:51,117 [d75f2dba-195c-437b-b62a-ed875b85e515-groupManagement] INFO  server.RaftServerConfigKeys (ConfUtils.java:logGet(46)) - raft.server.snapshot.auto.trigger.threshold = 10000 (custom)
2024-08-10 09:46:51,117 [d75f2dba-195c-437b-b62a-ed875b85e515-groupManagement] INFO  server.RaftServerConfigKeys (ConfUtils.java:logGet(46)) - raft.server.snapshot.retention.file.num = 5 (custom)
2024-08-10 09:46:51,117 [d75f2dba-195c-437b-b62a-ed875b85e515-groupManagement] INFO  server.RaftServerConfigKeys (ConfUtils.java:logGet(46)) - raft.server.log.purge.upto.snapshot.index = false (default)
2024-08-10 09:46:51,118 [d75f2dba-195c-437b-b62a-ed875b85e515-PipelineCommandHandlerThread-0] INFO  ratis.XceiverServerRatis (XceiverServerRatis.java:addGroup(846)) - Created group PipelineID=14471663-4755-4fb3-87a6-ca08de37798b
2024-08-10 09:46:51,123 [grpc-default-executor-5] INFO  server.RaftServer (RaftServerProxy.java:addNew(101)) - 280ba735-fec6-4a50-aa81-34035c985b11: addNew group-CA08DE37798B:[280ba735-fec6-4a50-aa81-34035c985b11|127.0.0.1:15604, c1014618-c100-4e2c-97d7-038e29b3cb29|127.0.0.1:15613, d75f2dba-195c-437b-b62a-ed875b85e515|127.0.0.1:15595] returns group-CA08DE37798B:java.util.concurrent.CompletableFuture@759ed8e3[Not completed]
2024-08-10 09:46:51,123 [280ba735-fec6-4a50-aa81-34035c985b11-groupManagement] INFO  server.RaftServer$Division (RaftServerImpl.java:<init>(253)) - 280ba735-fec6-4a50-aa81-34035c985b11: new RaftServerImpl for group-CA08DE37798B:[280ba735-fec6-4a50-aa81-34035c985b11|127.0.0.1:15604, c1014618-c100-4e2c-97d7-038e29b3cb29|127.0.0.1:15613, d75f2dba-195c-437b-b62a-ed875b85e515|127.0.0.1:15595] with ContainerStateMachine:uninitialized
2024-08-10 09:46:51,124 [280ba735-fec6-4a50-aa81-34035c985b11-groupManagement] INFO  server.RaftServerConfigKeys (ConfUtils.java:logGet(46)) - raft.server.rpc.timeout.min = 5s (custom)
2024-08-10 09:46:51,124 [280ba735-fec6-4a50-aa81-34035c985b11-groupManagement] INFO  server.RaftServerConfigKeys (ConfUtils.java:logGet(46)) - raft.server.rpc.timeout.max = 5200ms (custom)
2024-08-10 09:46:51,124 [280ba735-fec6-4a50-aa81-34035c985b11-groupManagement] INFO  server.RaftServerConfigKeys (ConfUtils.java:logGet(46)) - raft.server.rpc.sleep.time = 25ms (default)
2024-08-10 09:46:51,124 [280ba735-fec6-4a50-aa81-34035c985b11-groupManagement] INFO  server.RaftServerConfigKeys (ConfUtils.java:logGet(46)) - raft.server.rpc.slowness.timeout = 300000ms (custom)
2024-08-10 09:46:51,124 [280ba735-fec6-4a50-aa81-34035c985b11-groupManagement] INFO  server.RaftServerConfigKeys (ConfUtils.java:logGet(46)) - raft.server.leaderelection.leader.step-down.wait-time = 10s (default)
2024-08-10 09:46:51,124 [280ba735-fec6-4a50-aa81-34035c985b11-groupManagement] INFO  server.RaftServerConfigKeys (ConfUtils.java:logGet(46)) - raft.server.leaderelection.member.majority-add = false (default)
2024-08-10 09:46:51,124 [280ba735-fec6-4a50-aa81-34035c985b11-groupManagement] INFO  server.RaftServerConfigKeys (ConfUtils.java:logGet(46)) - raft.server.sleep.deviation.threshold = 300ms (default)
2024-08-10 09:46:51,124 [280ba735-fec6-4a50-aa81-34035c985b11-groupManagement] INFO  server.RaftServer$Division (ServerState.java:<init>(114)) - 280ba735-fec6-4a50-aa81-34035c985b11@group-CA08DE37798B: ConfigurationManager, init=conf: {index: -1, cur=peers:[280ba735-fec6-4a50-aa81-34035c985b11|127.0.0.1:15604, c1014618-c100-4e2c-97d7-038e29b3cb29|127.0.0.1:15613, d75f2dba-195c-437b-b62a-ed875b85e515|127.0.0.1:15595]|listeners:[], old=null}, confs=<EMPTY_MAP>
2024-08-10 09:46:51,124 [280ba735-fec6-4a50-aa81-34035c985b11-groupManagement] INFO  server.RaftServerConfigKeys (ConfUtils.java:logGet(46)) - raft.server.notification.no-leader.timeout = 300000ms (custom)
2024-08-10 09:46:51,124 [280ba735-fec6-4a50-aa81-34035c985b11-groupManagement] INFO  server.RaftServerConfigKeys (ConfUtils.java:logGet(46)) - raft.server.read.timeout = 10s (default)
2024-08-10 09:46:51,124 [280ba735-fec6-4a50-aa81-34035c985b11-groupManagement] INFO  server.RaftServerConfigKeys (ConfUtils.java:logGet(46)) - raft.server.retrycache.expirytime = 600000ms (custom)
2024-08-10 09:46:51,124 [280ba735-fec6-4a50-aa81-34035c985b11-groupManagement] INFO  server.RaftServerConfigKeys (ConfUtils.java:logGet(46)) - raft.server.retrycache.statistics.expirytime = 100ms (default)
2024-08-10 09:46:51,124 [280ba735-fec6-4a50-aa81-34035c985b11-groupManagement] INFO  server.RaftServerConfigKeys (ConfUtils.java:logGet(46)) - raft.server.read.option = DEFAULT (default)
2024-08-10 09:46:51,124 [280ba735-fec6-4a50-aa81-34035c985b11-groupManagement] INFO  server.RaftServerConfigKeys (ConfUtils.java:logGet(46)) - raft.server.read.read-after-write-consistent.write-index-cache.expiry-time = 60s (default)
2024-08-10 09:46:51,126 [280ba735-fec6-4a50-aa81-34035c985b11-groupManagement] INFO  server.RaftServerConfigKeys (ConfUtils.java:logGet(46)) - raft.server.rpc.request.timeout = 3000ms (default)
2024-08-10 09:46:51,127 [280ba735-fec6-4a50-aa81-34035c985b11-groupManagement] INFO  server.RaftServerConfigKeys (ConfUtils.java:logGet(46)) - raft.server.log.appender.install.snapshot.enabled = false (custom)
2024-08-10 09:46:51,127 [280ba735-fec6-4a50-aa81-34035c985b11-groupManagement] INFO  server.RaftServerConfigKeys (ConfUtils.java:logGet(46)) - raft.server.threadpool.server.cached = true (default)
2024-08-10 09:46:51,127 [280ba735-fec6-4a50-aa81-34035c985b11-groupManagement] INFO  server.RaftServerConfigKeys (ConfUtils.java:logGet(46)) - raft.server.threadpool.server.size = 0 (default)
2024-08-10 09:46:51,127 [280ba735-fec6-4a50-aa81-34035c985b11-groupManagement] INFO  server.RaftServerConfigKeys (ConfUtils.java:logGet(46)) - raft.server.threadpool.client.cached = true (default)
2024-08-10 09:46:51,127 [280ba735-fec6-4a50-aa81-34035c985b11-groupManagement] INFO  server.RaftServerConfigKeys (ConfUtils.java:logGet(46)) - raft.server.threadpool.client.size = 0 (default)
2024-08-10 09:46:51,127 [280ba735-fec6-4a50-aa81-34035c985b11-groupManagement] INFO  server.RaftServerConfigKeys (ConfUtils.java:logGet(46)) - raft.server.storage.free-space.min = 0MB (=0) (default)
2024-08-10 09:46:51,127 [280ba735-fec6-4a50-aa81-34035c985b11-groupManagement] INFO  server.RaftServerConfigKeys (ConfUtils.java:logGet(46)) - raft.server.log.corruption.policy = EXCEPTION (default)
2024-08-10 09:46:51,127 [280ba735-fec6-4a50-aa81-34035c985b11-groupManagement] INFO  server.RaftServerConfigKeys (ConfUtils.java:logGet(46)) - raft.server.storage.dir = [/home/runner/work/ozone/ozone/hadoop-ozone/integration-test/target/test-dir/MiniOzoneClusterImpl-25487c27-6224-40aa-b0ad-008c83bbb5f2/ozone-meta/datanode-2/ratis] (custom)
2024-08-10 09:46:51,127 [280ba735-fec6-4a50-aa81-34035c985b11-groupManagement] INFO  storage.RaftStorageDirectory (RaftStorageDirectoryImpl.java:analyzeStorage(138)) - The storage directory /home/runner/work/ozone/ozone/hadoop-ozone/integration-test/target/test-dir/MiniOzoneClusterImpl-25487c27-6224-40aa-b0ad-008c83bbb5f2/ozone-meta/datanode-2/ratis/14471663-4755-4fb3-87a6-ca08de37798b does not exist. Creating ...
2024-08-10 09:46:51,128 [280ba735-fec6-4a50-aa81-34035c985b11-groupManagement] INFO  storage.RaftStorageDirectory (RaftStorageDirectoryImpl.java:tryLock(229)) - Lock on /home/runner/work/ozone/ozone/hadoop-ozone/integration-test/target/test-dir/MiniOzoneClusterImpl-25487c27-6224-40aa-b0ad-008c83bbb5f2/ozone-meta/datanode-2/ratis/14471663-4755-4fb3-87a6-ca08de37798b/in_use.lock acquired by nodename 50124@fv-az701-157
2024-08-10 09:46:51,129 [280ba735-fec6-4a50-aa81-34035c985b11-groupManagement] INFO  storage.RaftStorage (RaftStorageImpl.java:format(98)) - Storage directory /home/runner/work/ozone/ozone/hadoop-ozone/integration-test/target/test-dir/MiniOzoneClusterImpl-25487c27-6224-40aa-b0ad-008c83bbb5f2/ozone-meta/datanode-2/ratis/14471663-4755-4fb3-87a6-ca08de37798b has been successfully formatted.
2024-08-10 09:46:51,129 [280ba735-fec6-4a50-aa81-34035c985b11-groupManagement] INFO  ratis.ContainerStateMachine (ContainerStateMachine.java:loadSnapshot(287)) - group-CA08DE37798B: The snapshot info is null. Setting the last applied index to:(t:0, i:~)
2024-08-10 09:46:51,129 [280ba735-fec6-4a50-aa81-34035c985b11-groupManagement] INFO  server.RaftServerConfigKeys (ConfUtils.java:logGet(46)) - raft.server.log.use.memory = false (default)
2024-08-10 09:46:51,129 [280ba735-fec6-4a50-aa81-34035c985b11-groupManagement] INFO  server.RaftServerConfigKeys (ConfUtils.java:logGet(46)) - raft.server.log.purge.gap = 1000000 (custom)
2024-08-10 09:46:51,130 [280ba735-fec6-4a50-aa81-34035c985b11-groupManagement] INFO  server.RaftServerConfigKeys (ConfUtils.java:logGet(46)) - raft.server.log.appender.buffer.byte-limit = 8388608 (custom)
2024-08-10 09:46:51,130 [280ba735-fec6-4a50-aa81-34035c985b11-groupManagement] INFO  server.RaftServerConfigKeys (ConfUtils.java:logGet(46)) - raft.server.log.statemachine.data.read.timeout = 1000ms (default)
2024-08-10 09:46:51,130 [280ba735-fec6-4a50-aa81-34035c985b11-groupManagement] INFO  server.RaftServerConfigKeys (ConfUtils.java:logGet(46)) - raft.server.log.purge.preservation.log.num = 0 (default)
2024-08-10 09:46:51,131 [280ba735-fec6-4a50-aa81-34035c985b11-groupManagement] INFO  server.RaftServerConfigKeys (ConfUtils.java:logGet(46)) - raft.server.log.segment.size.max = 67108864 (custom)
2024-08-10 09:46:51,132 [280ba735-fec6-4a50-aa81-34035c985b11-groupManagement] INFO  server.RaftServerConfigKeys (ConfUtils.java:logGet(46)) - raft.server.log.segment.cache.num.max = 2 (custom)
2024-08-10 09:46:51,132 [280ba735-fec6-4a50-aa81-34035c985b11-groupManagement] INFO  server.RaftServerConfigKeys (ConfUtils.java:logGet(46)) - raft.server.log.segment.cache.size.max = 200MB (=209715200) (default)
2024-08-10 09:46:51,132 [280ba735-fec6-4a50-aa81-34035c985b11-groupManagement] INFO  server.RaftServerConfigKeys (ConfUtils.java:logGet(46)) - raft.server.log.appender.buffer.byte-limit = 8388608 (custom)
2024-08-10 09:46:51,142 [280ba735-fec6-4a50-aa81-34035c985b11-groupManagement] INFO  util.AwaitToRun (AwaitToRun.java:start(81)) - Thread[280ba735-fec6-4a50-aa81-34035c985b11@group-CA08DE37798B-cacheEviction-AwaitToRun,5,main] started
2024-08-10 09:46:51,142 [280ba735-fec6-4a50-aa81-34035c985b11-groupManagement] INFO  segmented.SegmentedRaftLogWorker (SegmentedRaftLogWorker.java:<init>(184)) - new 280ba735-fec6-4a50-aa81-34035c985b11@group-CA08DE37798B-SegmentedRaftLogWorker for RaftStorageImpl:Storage Directory /home/runner/work/ozone/ozone/hadoop-ozone/integration-test/target/test-dir/MiniOzoneClusterImpl-25487c27-6224-40aa-b0ad-008c83bbb5f2/ozone-meta/datanode-2/ratis/14471663-4755-4fb3-87a6-ca08de37798b
2024-08-10 09:46:51,142 [280ba735-fec6-4a50-aa81-34035c985b11-groupManagement] INFO  server.RaftServerConfigKeys (ConfUtils.java:logGet(46)) - raft.server.log.queue.byte-limit = 4294967296 (custom)
2024-08-10 09:46:51,142 [280ba735-fec6-4a50-aa81-34035c985b11-groupManagement] INFO  server.RaftServerConfigKeys (ConfUtils.java:logGet(46)) - raft.server.log.queue.element-limit = 1024 (custom)
2024-08-10 09:46:51,143 [280ba735-fec6-4a50-aa81-34035c985b11-groupManagement] INFO  server.RaftServerConfigKeys (ConfUtils.java:logGet(46)) - raft.server.log.segment.size.max = 67108864 (custom)
2024-08-10 09:46:51,143 [280ba735-fec6-4a50-aa81-34035c985b11-groupManagement] INFO  server.RaftServerConfigKeys (ConfUtils.java:logGet(46)) - raft.server.log.preallocated.size = 4194304 (custom)
2024-08-10 09:46:51,143 [280ba735-fec6-4a50-aa81-34035c985b11-groupManagement] INFO  server.RaftServerConfigKeys (ConfUtils.java:logGet(46)) - raft.server.log.force.sync.num = 128 (default)
2024-08-10 09:46:51,143 [280ba735-fec6-4a50-aa81-34035c985b11-groupManagement] INFO  server.RaftServerConfigKeys (ConfUtils.java:logGet(46)) - raft.server.log.statemachine.data.sync = true (default)
2024-08-10 09:46:51,143 [280ba735-fec6-4a50-aa81-34035c985b11-groupManagement] INFO  server.RaftServerConfigKeys (ConfUtils.java:logGet(46)) - raft.server.log.statemachine.data.sync.timeout = 10s (default)
2024-08-10 09:46:51,143 [280ba735-fec6-4a50-aa81-34035c985b11-groupManagement] INFO  server.RaftServerConfigKeys (ConfUtils.java:logGet(46)) - raft.server.log.statemachine.data.sync.timeout.retry = 30 (custom)
2024-08-10 09:46:51,143 [280ba735-fec6-4a50-aa81-34035c985b11-groupManagement] INFO  server.RaftServerConfigKeys (ConfUtils.java:logGet(46)) - raft.server.log.write.buffer.size = 8388616 (custom)
2024-08-10 09:46:51,145 [280ba735-fec6-4a50-aa81-34035c985b11-groupManagement] INFO  server.RaftServerConfigKeys (ConfUtils.java:logGet(46)) - raft.server.log.appender.buffer.byte-limit = 8388608 (custom)
2024-08-10 09:46:51,145 [280ba735-fec6-4a50-aa81-34035c985b11-groupManagement] INFO  server.RaftServerConfigKeys (ConfUtils.java:logGet(46)) - raft.server.log.unsafe-flush.enabled = false (default)
2024-08-10 09:46:51,145 [280ba735-fec6-4a50-aa81-34035c985b11-groupManagement] INFO  server.RaftServerConfigKeys (ConfUtils.java:logGet(46)) - raft.server.log.async-flush.enabled = false (default)
2024-08-10 09:46:51,145 [280ba735-fec6-4a50-aa81-34035c985b11-groupManagement] INFO  server.RaftServerConfigKeys (ConfUtils.java:logGet(46)) - raft.server.log.statemachine.data.caching.enabled = true (custom)
2024-08-10 09:46:51,146 [280ba735-fec6-4a50-aa81-34035c985b11-groupManagement] INFO  segmented.SegmentedRaftLogWorker (SegmentedRaftLogWorker.java:lambda$new$0(135)) - 280ba735-fec6-4a50-aa81-34035c985b11@group-CA08DE37798B-SegmentedRaftLogWorker: flushIndex: setUnconditionally 0 -> -1
2024-08-10 09:46:51,146 [280ba735-fec6-4a50-aa81-34035c985b11-groupManagement] INFO  segmented.SegmentedRaftLogWorker (SegmentedRaftLogWorker.java:lambda$new$0(135)) - 280ba735-fec6-4a50-aa81-34035c985b11@group-CA08DE37798B-SegmentedRaftLogWorker: safeCacheEvictIndex: setUnconditionally 0 -> -1
2024-08-10 09:46:51,146 [280ba735-fec6-4a50-aa81-34035c985b11-groupManagement] INFO  server.RaftServer$Division (RaftServerImpl.java:start(389)) - 280ba735-fec6-4a50-aa81-34035c985b11@group-CA08DE37798B: start as a follower, conf=conf: {index: -1, cur=peers:[280ba735-fec6-4a50-aa81-34035c985b11|127.0.0.1:15604, c1014618-c100-4e2c-97d7-038e29b3cb29|127.0.0.1:15613, d75f2dba-195c-437b-b62a-ed875b85e515|127.0.0.1:15595]|listeners:[], old=null}
2024-08-10 09:46:51,146 [280ba735-fec6-4a50-aa81-34035c985b11-groupManagement] INFO  server.RaftServer$Division (RaftServerImpl.java:setRole(376)) - 280ba735-fec6-4a50-aa81-34035c985b11@group-CA08DE37798B: changes role from      null to FOLLOWER at term 0 for startAsFollower
2024-08-10 09:46:51,146 [280ba735-fec6-4a50-aa81-34035c985b11-groupManagement] INFO  impl.RoleInfo (RoleInfo.java:updateAndGet(148)) - 280ba735-fec6-4a50-aa81-34035c985b11: start 280ba735-fec6-4a50-aa81-34035c985b11@group-CA08DE37798B-FollowerState
2024-08-10 09:46:51,148 [280ba735-fec6-4a50-aa81-34035c985b11-groupManagement] INFO  util.JmxRegister (JmxRegister.java:tryRegister(44)) - Successfully registered JMX Bean with object name Ratis:service=RaftServer,group=group-CA08DE37798B,id=280ba735-fec6-4a50-aa81-34035c985b11
2024-08-10 09:46:51,148 [280ba735-fec6-4a50-aa81-34035c985b11-groupManagement] INFO  util.JmxRegister (JmxRegister.java:register(58)) - register mxBean class org.apache.ratis.server.impl.RaftServerJmxAdapter as Ratis:service=RaftServer,group=group-CA08DE37798B,id=280ba735-fec6-4a50-aa81-34035c985b11
2024-08-10 09:46:51,148 [280ba735-fec6-4a50-aa81-34035c985b11-groupManagement] INFO  server.RaftServerConfigKeys (ConfUtils.java:logGet(46)) - raft.server.snapshot.trigger-when-stop.enabled = true (default)
2024-08-10 09:46:51,148 [280ba735-fec6-4a50-aa81-34035c985b11-groupManagement] INFO  server.RaftServerConfigKeys (ConfUtils.java:logGet(46)) - raft.server.snapshot.trigger-when-remove.enabled = true (default)
2024-08-10 09:46:51,148 [280ba735-fec6-4a50-aa81-34035c985b11-groupManagement] INFO  server.RaftServerConfigKeys (ConfUtils.java:logGet(46)) - raft.server.snapshot.auto.trigger.enabled = true (custom)
2024-08-10 09:46:51,148 [280ba735-fec6-4a50-aa81-34035c985b11-groupManagement] INFO  server.RaftServerConfigKeys (ConfUtils.java:logGet(46)) - raft.server.snapshot.auto.trigger.threshold = 10000 (custom)
2024-08-10 09:46:51,148 [280ba735-fec6-4a50-aa81-34035c985b11-groupManagement] INFO  server.RaftServerConfigKeys (ConfUtils.java:logGet(46)) - raft.server.snapshot.retention.file.num = 5 (custom)
2024-08-10 09:46:51,148 [280ba735-fec6-4a50-aa81-34035c985b11-groupManagement] INFO  server.RaftServerConfigKeys (ConfUtils.java:logGet(46)) - raft.server.log.purge.upto.snapshot.index = false (default)
2024-08-10 09:46:51,148 [280ba735-fec6-4a50-aa81-34035c985b11@group-CA08DE37798B-FollowerState] INFO  server.RaftServerConfigKeys (ConfUtils.java:logFallback(53)) - raft.server.rpc.first-election.timeout.min = 5s (fallback to raft.server.rpc.timeout.min)
2024-08-10 09:46:51,150 [280ba735-fec6-4a50-aa81-34035c985b11@group-CA08DE37798B-FollowerState] INFO  server.RaftServerConfigKeys (ConfUtils.java:logFallback(53)) - raft.server.rpc.first-election.timeout.max = 5200ms (fallback to raft.server.rpc.timeout.max)
2024-08-10 09:46:51,161 [grpc-default-executor-5] INFO  server.RaftServer (RaftServerProxy.java:addNew(101)) - c1014618-c100-4e2c-97d7-038e29b3cb29: addNew group-CA08DE37798B:[280ba735-fec6-4a50-aa81-34035c985b11|127.0.0.1:15604, c1014618-c100-4e2c-97d7-038e29b3cb29|127.0.0.1:15613, d75f2dba-195c-437b-b62a-ed875b85e515|127.0.0.1:15595] returns group-CA08DE37798B:java.util.concurrent.CompletableFuture@8468155[Not completed]
2024-08-10 09:46:51,162 [c1014618-c100-4e2c-97d7-038e29b3cb29-groupManagement] INFO  server.RaftServer$Division (RaftServerImpl.java:<init>(253)) - c1014618-c100-4e2c-97d7-038e29b3cb29: new RaftServerImpl for group-CA08DE37798B:[280ba735-fec6-4a50-aa81-34035c985b11|127.0.0.1:15604, c1014618-c100-4e2c-97d7-038e29b3cb29|127.0.0.1:15613, d75f2dba-195c-437b-b62a-ed875b85e515|127.0.0.1:15595] with ContainerStateMachine:uninitialized
2024-08-10 09:46:51,162 [c1014618-c100-4e2c-97d7-038e29b3cb29-groupManagement] INFO  server.RaftServerConfigKeys (ConfUtils.java:logGet(46)) - raft.server.rpc.timeout.min = 5s (custom)
2024-08-10 09:46:51,162 [c1014618-c100-4e2c-97d7-038e29b3cb29-groupManagement] INFO  server.RaftServerConfigKeys (ConfUtils.java:logGet(46)) - raft.server.rpc.timeout.max = 5200ms (custom)
2024-08-10 09:46:51,162 [c1014618-c100-4e2c-97d7-038e29b3cb29-groupManagement] INFO  server.RaftServerConfigKeys (ConfUtils.java:logGet(46)) - raft.server.rpc.sleep.time = 25ms (default)
2024-08-10 09:46:51,162 [c1014618-c100-4e2c-97d7-038e29b3cb29-groupManagement] INFO  server.RaftServerConfigKeys (ConfUtils.java:logGet(46)) - raft.server.rpc.slowness.timeout = 300000ms (custom)
2024-08-10 09:46:51,162 [c1014618-c100-4e2c-97d7-038e29b3cb29-groupManagement] INFO  server.RaftServerConfigKeys (ConfUtils.java:logGet(46)) - raft.server.leaderelection.leader.step-down.wait-time = 10s (default)
2024-08-10 09:46:51,162 [c1014618-c100-4e2c-97d7-038e29b3cb29-groupManagement] INFO  server.RaftServerConfigKeys (ConfUtils.java:logGet(46)) - raft.server.leaderelection.member.majority-add = false (default)
2024-08-10 09:46:51,162 [c1014618-c100-4e2c-97d7-038e29b3cb29-groupManagement] INFO  server.RaftServerConfigKeys (ConfUtils.java:logGet(46)) - raft.server.sleep.deviation.threshold = 300ms (default)
2024-08-10 09:46:51,162 [c1014618-c100-4e2c-97d7-038e29b3cb29-groupManagement] INFO  server.RaftServer$Division (ServerState.java:<init>(114)) - c1014618-c100-4e2c-97d7-038e29b3cb29@group-CA08DE37798B: ConfigurationManager, init=conf: {index: -1, cur=peers:[280ba735-fec6-4a50-aa81-34035c985b11|127.0.0.1:15604, c1014618-c100-4e2c-97d7-038e29b3cb29|127.0.0.1:15613, d75f2dba-195c-437b-b62a-ed875b85e515|127.0.0.1:15595]|listeners:[], old=null}, confs=<EMPTY_MAP>
2024-08-10 09:46:51,162 [c1014618-c100-4e2c-97d7-038e29b3cb29-groupManagement] INFO  server.RaftServerConfigKeys (ConfUtils.java:logGet(46)) - raft.server.notification.no-leader.timeout = 300000ms (custom)
2024-08-10 09:46:51,162 [c1014618-c100-4e2c-97d7-038e29b3cb29-groupManagement] INFO  server.RaftServerConfigKeys (ConfUtils.java:logGet(46)) - raft.server.read.timeout = 10s (default)
2024-08-10 09:46:51,162 [c1014618-c100-4e2c-97d7-038e29b3cb29-groupManagement] INFO  server.RaftServerConfigKeys (ConfUtils.java:logGet(46)) - raft.server.retrycache.expirytime = 600000ms (custom)
2024-08-10 09:46:51,163 [c1014618-c100-4e2c-97d7-038e29b3cb29-groupManagement] INFO  server.RaftServerConfigKeys (ConfUtils.java:logGet(46)) - raft.server.retrycache.statistics.expirytime = 100ms (default)
2024-08-10 09:46:51,163 [c1014618-c100-4e2c-97d7-038e29b3cb29-groupManagement] INFO  server.RaftServerConfigKeys (ConfUtils.java:logGet(46)) - raft.server.read.option = DEFAULT (default)
2024-08-10 09:46:51,163 [c1014618-c100-4e2c-97d7-038e29b3cb29-groupManagement] INFO  server.RaftServerConfigKeys (ConfUtils.java:logGet(46)) - raft.server.read.read-after-write-consistent.write-index-cache.expiry-time = 60s (default)
2024-08-10 09:46:51,166 [c1014618-c100-4e2c-97d7-038e29b3cb29-groupManagement] INFO  server.RaftServerConfigKeys (ConfUtils.java:logGet(46)) - raft.server.rpc.request.timeout = 3000ms (default)
2024-08-10 09:46:51,166 [c1014618-c100-4e2c-97d7-038e29b3cb29-groupManagement] INFO  server.RaftServerConfigKeys (ConfUtils.java:logGet(46)) - raft.server.log.appender.install.snapshot.enabled = false (custom)
2024-08-10 09:46:51,166 [c1014618-c100-4e2c-97d7-038e29b3cb29-groupManagement] INFO  server.RaftServerConfigKeys (ConfUtils.java:logGet(46)) - raft.server.threadpool.server.cached = true (default)
2024-08-10 09:46:51,166 [c1014618-c100-4e2c-97d7-038e29b3cb29-groupManagement] INFO  server.RaftServerConfigKeys (ConfUtils.java:logGet(46)) - raft.server.threadpool.server.size = 0 (default)
2024-08-10 09:46:51,167 [c1014618-c100-4e2c-97d7-038e29b3cb29-groupManagement] INFO  server.RaftServerConfigKeys (ConfUtils.java:logGet(46)) - raft.server.threadpool.client.cached = true (default)
2024-08-10 09:46:51,167 [c1014618-c100-4e2c-97d7-038e29b3cb29-groupManagement] INFO  server.RaftServerConfigKeys (ConfUtils.java:logGet(46)) - raft.server.threadpool.client.size = 0 (default)
2024-08-10 09:46:51,167 [c1014618-c100-4e2c-97d7-038e29b3cb29-groupManagement] INFO  server.RaftServerConfigKeys (ConfUtils.java:logGet(46)) - raft.server.storage.free-space.min = 0MB (=0) (default)
2024-08-10 09:46:51,167 [c1014618-c100-4e2c-97d7-038e29b3cb29-groupManagement] INFO  server.RaftServerConfigKeys (ConfUtils.java:logGet(46)) - raft.server.log.corruption.policy = EXCEPTION (default)
2024-08-10 09:46:51,167 [c1014618-c100-4e2c-97d7-038e29b3cb29-groupManagement] INFO  server.RaftServerConfigKeys (ConfUtils.java:logGet(46)) - raft.server.storage.dir = [/home/runner/work/ozone/ozone/hadoop-ozone/integration-test/target/test-dir/MiniOzoneClusterImpl-25487c27-6224-40aa-b0ad-008c83bbb5f2/ozone-meta/datanode-3/ratis] (custom)
2024-08-10 09:46:51,167 [c1014618-c100-4e2c-97d7-038e29b3cb29-groupManagement] INFO  storage.RaftStorageDirectory (RaftStorageDirectoryImpl.java:analyzeStorage(138)) - The storage directory /home/runner/work/ozone/ozone/hadoop-ozone/integration-test/target/test-dir/MiniOzoneClusterImpl-25487c27-6224-40aa-b0ad-008c83bbb5f2/ozone-meta/datanode-3/ratis/14471663-4755-4fb3-87a6-ca08de37798b does not exist. Creating ...
2024-08-10 09:46:51,168 [c1014618-c100-4e2c-97d7-038e29b3cb29-groupManagement] INFO  storage.RaftStorageDirectory (RaftStorageDirectoryImpl.java:tryLock(229)) - Lock on /home/runner/work/ozone/ozone/hadoop-ozone/integration-test/target/test-dir/MiniOzoneClusterImpl-25487c27-6224-40aa-b0ad-008c83bbb5f2/ozone-meta/datanode-3/ratis/14471663-4755-4fb3-87a6-ca08de37798b/in_use.lock acquired by nodename 50124@fv-az701-157
2024-08-10 09:46:51,169 [c1014618-c100-4e2c-97d7-038e29b3cb29-groupManagement] INFO  storage.RaftStorage (RaftStorageImpl.java:format(98)) - Storage directory /home/runner/work/ozone/ozone/hadoop-ozone/integration-test/target/test-dir/MiniOzoneClusterImpl-25487c27-6224-40aa-b0ad-008c83bbb5f2/ozone-meta/datanode-3/ratis/14471663-4755-4fb3-87a6-ca08de37798b has been successfully formatted.
2024-08-10 09:46:51,169 [c1014618-c100-4e2c-97d7-038e29b3cb29-groupManagement] INFO  ratis.ContainerStateMachine (ContainerStateMachine.java:loadSnapshot(287)) - group-CA08DE37798B: The snapshot info is null. Setting the last applied index to:(t:0, i:~)
2024-08-10 09:46:51,169 [c1014618-c100-4e2c-97d7-038e29b3cb29-groupManagement] INFO  server.RaftServerConfigKeys (ConfUtils.java:logGet(46)) - raft.server.log.use.memory = false (default)
2024-08-10 09:46:51,169 [c1014618-c100-4e2c-97d7-038e29b3cb29-groupManagement] INFO  server.RaftServerConfigKeys (ConfUtils.java:logGet(46)) - raft.server.log.purge.gap = 1000000 (custom)
2024-08-10 09:46:51,170 [c1014618-c100-4e2c-97d7-038e29b3cb29-groupManagement] INFO  server.RaftServerConfigKeys (ConfUtils.java:logGet(46)) - raft.server.log.appender.buffer.byte-limit = 8388608 (custom)
2024-08-10 09:46:51,170 [c1014618-c100-4e2c-97d7-038e29b3cb29-groupManagement] INFO  server.RaftServerConfigKeys (ConfUtils.java:logGet(46)) - raft.server.log.statemachine.data.read.timeout = 1000ms (default)
2024-08-10 09:46:51,170 [c1014618-c100-4e2c-97d7-038e29b3cb29-groupManagement] INFO  server.RaftServerConfigKeys (ConfUtils.java:logGet(46)) - raft.server.log.purge.preservation.log.num = 0 (default)
2024-08-10 09:46:51,171 [c1014618-c100-4e2c-97d7-038e29b3cb29-groupManagement] INFO  server.RaftServerConfigKeys (ConfUtils.java:logGet(46)) - raft.server.log.segment.size.max = 67108864 (custom)
2024-08-10 09:46:51,171 [c1014618-c100-4e2c-97d7-038e29b3cb29-groupManagement] INFO  server.RaftServerConfigKeys (ConfUtils.java:logGet(46)) - raft.server.log.segment.cache.num.max = 2 (custom)
2024-08-10 09:46:51,171 [c1014618-c100-4e2c-97d7-038e29b3cb29-groupManagement] INFO  server.RaftServerConfigKeys (ConfUtils.java:logGet(46)) - raft.server.log.segment.cache.size.max = 200MB (=209715200) (default)
2024-08-10 09:46:51,171 [c1014618-c100-4e2c-97d7-038e29b3cb29-groupManagement] INFO  server.RaftServerConfigKeys (ConfUtils.java:logGet(46)) - raft.server.log.appender.buffer.byte-limit = 8388608 (custom)
2024-08-10 09:46:51,172 [c1014618-c100-4e2c-97d7-038e29b3cb29-groupManagement] INFO  util.AwaitToRun (AwaitToRun.java:start(81)) - Thread[c1014618-c100-4e2c-97d7-038e29b3cb29@group-CA08DE37798B-cacheEviction-AwaitToRun,5,main] started
2024-08-10 09:46:51,172 [c1014618-c100-4e2c-97d7-038e29b3cb29-groupManagement] INFO  segmented.SegmentedRaftLogWorker (SegmentedRaftLogWorker.java:<init>(184)) - new c1014618-c100-4e2c-97d7-038e29b3cb29@group-CA08DE37798B-SegmentedRaftLogWorker for RaftStorageImpl:Storage Directory /home/runner/work/ozone/ozone/hadoop-ozone/integration-test/target/test-dir/MiniOzoneClusterImpl-25487c27-6224-40aa-b0ad-008c83bbb5f2/ozone-meta/datanode-3/ratis/14471663-4755-4fb3-87a6-ca08de37798b
2024-08-10 09:46:51,172 [c1014618-c100-4e2c-97d7-038e29b3cb29-groupManagement] INFO  server.RaftServerConfigKeys (ConfUtils.java:logGet(46)) - raft.server.log.queue.byte-limit = 4294967296 (custom)
2024-08-10 09:46:51,172 [c1014618-c100-4e2c-97d7-038e29b3cb29-groupManagement] INFO  server.RaftServerConfigKeys (ConfUtils.java:logGet(46)) - raft.server.log.queue.element-limit = 1024 (custom)
2024-08-10 09:46:51,172 [c1014618-c100-4e2c-97d7-038e29b3cb29-groupManagement] INFO  server.RaftServerConfigKeys (ConfUtils.java:logGet(46)) - raft.server.log.segment.size.max = 67108864 (custom)
2024-08-10 09:46:51,172 [c1014618-c100-4e2c-97d7-038e29b3cb29-groupManagement] INFO  server.RaftServerConfigKeys (ConfUtils.java:logGet(46)) - raft.server.log.preallocated.size = 4194304 (custom)
2024-08-10 09:46:51,172 [c1014618-c100-4e2c-97d7-038e29b3cb29-groupManagement] INFO  server.RaftServerConfigKeys (ConfUtils.java:logGet(46)) - raft.server.log.force.sync.num = 128 (default)
2024-08-10 09:46:51,172 [c1014618-c100-4e2c-97d7-038e29b3cb29-groupManagement] INFO  server.RaftServerConfigKeys (ConfUtils.java:logGet(46)) - raft.server.log.statemachine.data.sync = true (default)
2024-08-10 09:46:51,172 [c1014618-c100-4e2c-97d7-038e29b3cb29-groupManagement] INFO  server.RaftServerConfigKeys (ConfUtils.java:logGet(46)) - raft.server.log.statemachine.data.sync.timeout = 10s (default)
2024-08-10 09:46:51,172 [c1014618-c100-4e2c-97d7-038e29b3cb29-groupManagement] INFO  server.RaftServerConfigKeys (ConfUtils.java:logGet(46)) - raft.server.log.statemachine.data.sync.timeout.retry = 30 (custom)
2024-08-10 09:46:51,173 [c1014618-c100-4e2c-97d7-038e29b3cb29-groupManagement] INFO  server.RaftServerConfigKeys (ConfUtils.java:logGet(46)) - raft.server.log.write.buffer.size = 8388616 (custom)
2024-08-10 09:46:51,174 [c1014618-c100-4e2c-97d7-038e29b3cb29-groupManagement] INFO  server.RaftServerConfigKeys (ConfUtils.java:logGet(46)) - raft.server.log.appender.buffer.byte-limit = 8388608 (custom)
2024-08-10 09:46:51,174 [c1014618-c100-4e2c-97d7-038e29b3cb29-groupManagement] INFO  server.RaftServerConfigKeys (ConfUtils.java:logGet(46)) - raft.server.log.unsafe-flush.enabled = false (default)
2024-08-10 09:46:51,174 [c1014618-c100-4e2c-97d7-038e29b3cb29-groupManagement] INFO  server.RaftServerConfigKeys (ConfUtils.java:logGet(46)) - raft.server.log.async-flush.enabled = false (default)
2024-08-10 09:46:51,174 [c1014618-c100-4e2c-97d7-038e29b3cb29-groupManagement] INFO  server.RaftServerConfigKeys (ConfUtils.java:logGet(46)) - raft.server.log.statemachine.data.caching.enabled = true (custom)
2024-08-10 09:46:51,175 [c1014618-c100-4e2c-97d7-038e29b3cb29-groupManagement] INFO  segmented.SegmentedRaftLogWorker (SegmentedRaftLogWorker.java:lambda$new$0(135)) - c1014618-c100-4e2c-97d7-038e29b3cb29@group-CA08DE37798B-SegmentedRaftLogWorker: flushIndex: setUnconditionally 0 -> -1
2024-08-10 09:46:51,175 [c1014618-c100-4e2c-97d7-038e29b3cb29-groupManagement] INFO  segmented.SegmentedRaftLogWorker (SegmentedRaftLogWorker.java:lambda$new$0(135)) - c1014618-c100-4e2c-97d7-038e29b3cb29@group-CA08DE37798B-SegmentedRaftLogWorker: safeCacheEvictIndex: setUnconditionally 0 -> -1
2024-08-10 09:46:51,176 [c1014618-c100-4e2c-97d7-038e29b3cb29-groupManagement] INFO  server.RaftServer$Division (RaftServerImpl.java:start(389)) - c1014618-c100-4e2c-97d7-038e29b3cb29@group-CA08DE37798B: start as a follower, conf=conf: {index: -1, cur=peers:[280ba735-fec6-4a50-aa81-34035c985b11|127.0.0.1:15604, c1014618-c100-4e2c-97d7-038e29b3cb29|127.0.0.1:15613, d75f2dba-195c-437b-b62a-ed875b85e515|127.0.0.1:15595]|listeners:[], old=null}
2024-08-10 09:46:51,176 [c1014618-c100-4e2c-97d7-038e29b3cb29-groupManagement] INFO  server.RaftServer$Division (RaftServerImpl.java:setRole(376)) - c1014618-c100-4e2c-97d7-038e29b3cb29@group-CA08DE37798B: changes role from      null to FOLLOWER at term 0 for startAsFollower
2024-08-10 09:46:51,176 [c1014618-c100-4e2c-97d7-038e29b3cb29-groupManagement] INFO  impl.RoleInfo (RoleInfo.java:updateAndGet(148)) - c1014618-c100-4e2c-97d7-038e29b3cb29: start c1014618-c100-4e2c-97d7-038e29b3cb29@group-CA08DE37798B-FollowerState
2024-08-10 09:46:51,178 [c1014618-c100-4e2c-97d7-038e29b3cb29@group-CA08DE37798B-FollowerState] INFO  server.RaftServerConfigKeys (ConfUtils.java:logFallback(53)) - raft.server.rpc.first-election.timeout.min = 5s (fallback to raft.server.rpc.timeout.min)
2024-08-10 09:46:51,178 [c1014618-c100-4e2c-97d7-038e29b3cb29@group-CA08DE37798B-FollowerState] INFO  server.RaftServerConfigKeys (ConfUtils.java:logFallback(53)) - raft.server.rpc.first-election.timeout.max = 5200ms (fallback to raft.server.rpc.timeout.max)
2024-08-10 09:46:51,178 [c1014618-c100-4e2c-97d7-038e29b3cb29-groupManagement] INFO  util.JmxRegister (JmxRegister.java:tryRegister(44)) - Successfully registered JMX Bean with object name Ratis:service=RaftServer,group=group-CA08DE37798B,id=c1014618-c100-4e2c-97d7-038e29b3cb29
2024-08-10 09:46:51,178 [c1014618-c100-4e2c-97d7-038e29b3cb29-groupManagement] INFO  util.JmxRegister (JmxRegister.java:register(58)) - register mxBean class org.apache.ratis.server.impl.RaftServerJmxAdapter as Ratis:service=RaftServer,group=group-CA08DE37798B,id=c1014618-c100-4e2c-97d7-038e29b3cb29
2024-08-10 09:46:51,178 [c1014618-c100-4e2c-97d7-038e29b3cb29-groupManagement] INFO  server.RaftServerConfigKeys (ConfUtils.java:logGet(46)) - raft.server.snapshot.trigger-when-stop.enabled = true (default)
2024-08-10 09:46:51,178 [c1014618-c100-4e2c-97d7-038e29b3cb29-groupManagement] INFO  server.RaftServerConfigKeys (ConfUtils.java:logGet(46)) - raft.server.snapshot.trigger-when-remove.enabled = true (default)
2024-08-10 09:46:51,178 [c1014618-c100-4e2c-97d7-038e29b3cb29-groupManagement] INFO  server.RaftServerConfigKeys (ConfUtils.java:logGet(46)) - raft.server.snapshot.auto.trigger.enabled = true (custom)
2024-08-10 09:46:51,178 [c1014618-c100-4e2c-97d7-038e29b3cb29-groupManagement] INFO  server.RaftServerConfigKeys (ConfUtils.java:logGet(46)) - raft.server.snapshot.auto.trigger.threshold = 10000 (custom)
2024-08-10 09:46:51,178 [c1014618-c100-4e2c-97d7-038e29b3cb29-groupManagement] INFO  server.RaftServerConfigKeys (ConfUtils.java:logGet(46)) - raft.server.snapshot.retention.file.num = 5 (custom)
2024-08-10 09:46:51,178 [c1014618-c100-4e2c-97d7-038e29b3cb29-groupManagement] INFO  server.RaftServerConfigKeys (ConfUtils.java:logGet(46)) - raft.server.log.purge.upto.snapshot.index = false (default)
2024-08-10 09:46:51,182 [d75f2dba-195c-437b-b62a-ed875b85e515-PipelineCommandHandlerThread-0] INFO  commandhandler.CreatePipelineCommandHandler (CreatePipelineCommandHandler.java:lambda$handle$2(124)) - Created Pipeline RATIS THREE PipelineID=14471663-4755-4fb3-87a6-ca08de37798b.
2024-08-10 09:46:51,182 [d75f2dba-195c-437b-b62a-ed875b85e515-PipelineCommandHandlerThread-0] INFO  server.RaftServer (RaftServerProxy.java:addNew(101)) - d75f2dba-195c-437b-b62a-ed875b85e515: addNew group-B1A6F749B1C3:[c1014618-c100-4e2c-97d7-038e29b3cb29|127.0.0.1:15613, 280ba735-fec6-4a50-aa81-34035c985b11|127.0.0.1:15604, d75f2dba-195c-437b-b62a-ed875b85e515|127.0.0.1:15595] returns group-B1A6F749B1C3:java.util.concurrent.CompletableFuture@5f9d9e3b[Not completed]
2024-08-10 09:46:51,182 [d75f2dba-195c-437b-b62a-ed875b85e515-groupManagement] INFO  server.RaftServer$Division (RaftServerImpl.java:<init>(253)) - d75f2dba-195c-437b-b62a-ed875b85e515: new RaftServerImpl for group-B1A6F749B1C3:[c1014618-c100-4e2c-97d7-038e29b3cb29|127.0.0.1:15613, 280ba735-fec6-4a50-aa81-34035c985b11|127.0.0.1:15604, d75f2dba-195c-437b-b62a-ed875b85e515|127.0.0.1:15595] with ContainerStateMachine:uninitialized
2024-08-10 09:46:51,182 [d75f2dba-195c-437b-b62a-ed875b85e515-groupManagement] INFO  server.RaftServerConfigKeys (ConfUtils.java:logGet(46)) - raft.server.rpc.timeout.min = 5s (custom)
2024-08-10 09:46:51,182 [d75f2dba-195c-437b-b62a-ed875b85e515-groupManagement] INFO  server.RaftServerConfigKeys (ConfUtils.java:logGet(46)) - raft.server.rpc.timeout.max = 5200ms (custom)
2024-08-10 09:46:51,183 [d75f2dba-195c-437b-b62a-ed875b85e515-groupManagement] INFO  server.RaftServerConfigKeys (ConfUtils.java:logGet(46)) - raft.server.rpc.sleep.time = 25ms (default)
2024-08-10 09:46:51,183 [d75f2dba-195c-437b-b62a-ed875b85e515-groupManagement] INFO  server.RaftServerConfigKeys (ConfUtils.java:logGet(46)) - raft.server.rpc.slowness.timeout = 300000ms (custom)
2024-08-10 09:46:51,183 [d75f2dba-195c-437b-b62a-ed875b85e515-groupManagement] INFO  server.RaftServerConfigKeys (ConfUtils.java:logGet(46)) - raft.server.leaderelection.leader.step-down.wait-time = 10s (default)
2024-08-10 09:46:51,183 [d75f2dba-195c-437b-b62a-ed875b85e515-groupManagement] INFO  server.RaftServerConfigKeys (ConfUtils.java:logGet(46)) - raft.server.leaderelection.member.majority-add = false (default)
2024-08-10 09:46:51,183 [d75f2dba-195c-437b-b62a-ed875b85e515-groupManagement] INFO  server.RaftServerConfigKeys (ConfUtils.java:logGet(46)) - raft.server.sleep.deviation.threshold = 300ms (default)
2024-08-10 09:46:51,183 [d75f2dba-195c-437b-b62a-ed875b85e515-groupManagement] INFO  server.RaftServer$Division (ServerState.java:<init>(114)) - d75f2dba-195c-437b-b62a-ed875b85e515@group-B1A6F749B1C3: ConfigurationManager, init=conf: {index: -1, cur=peers:[c1014618-c100-4e2c-97d7-038e29b3cb29|127.0.0.1:15613, 280ba735-fec6-4a50-aa81-34035c985b11|127.0.0.1:15604, d75f2dba-195c-437b-b62a-ed875b85e515|127.0.0.1:15595]|listeners:[], old=null}, confs=<EMPTY_MAP>
2024-08-10 09:46:51,183 [d75f2dba-195c-437b-b62a-ed875b85e515-groupManagement] INFO  server.RaftServerConfigKeys (ConfUtils.java:logGet(46)) - raft.server.notification.no-leader.timeout = 300000ms (custom)
2024-08-10 09:46:51,183 [d75f2dba-195c-437b-b62a-ed875b85e515-groupManagement] INFO  server.RaftServerConfigKeys (ConfUtils.java:logGet(46)) - raft.server.read.timeout = 10s (default)
2024-08-10 09:46:51,183 [d75f2dba-195c-437b-b62a-ed875b85e515-groupManagement] INFO  server.RaftServerConfigKeys (ConfUtils.java:logGet(46)) - raft.server.retrycache.expirytime = 600000ms (custom)
2024-08-10 09:46:51,183 [d75f2dba-195c-437b-b62a-ed875b85e515-groupManagement] INFO  server.RaftServerConfigKeys (ConfUtils.java:logGet(46)) - raft.server.retrycache.statistics.expirytime = 100ms (default)
2024-08-10 09:46:51,183 [d75f2dba-195c-437b-b62a-ed875b85e515-groupManagement] INFO  server.RaftServerConfigKeys (ConfUtils.java:logGet(46)) - raft.server.read.option = DEFAULT (default)
2024-08-10 09:46:51,183 [d75f2dba-195c-437b-b62a-ed875b85e515-groupManagement] INFO  server.RaftServerConfigKeys (ConfUtils.java:logGet(46)) - raft.server.read.read-after-write-consistent.write-index-cache.expiry-time = 60s (default)
2024-08-10 09:46:51,185 [d75f2dba-195c-437b-b62a-ed875b85e515-groupManagement] INFO  server.RaftServerConfigKeys (ConfUtils.java:logGet(46)) - raft.server.rpc.request.timeout = 3000ms (default)
2024-08-10 09:46:51,185 [d75f2dba-195c-437b-b62a-ed875b85e515-groupManagement] INFO  server.RaftServerConfigKeys (ConfUtils.java:logGet(46)) - raft.server.log.appender.install.snapshot.enabled = false (custom)
2024-08-10 09:46:51,185 [d75f2dba-195c-437b-b62a-ed875b85e515-groupManagement] INFO  server.RaftServerConfigKeys (ConfUtils.java:logGet(46)) - raft.server.threadpool.server.cached = true (default)
2024-08-10 09:46:51,185 [d75f2dba-195c-437b-b62a-ed875b85e515-groupManagement] INFO  server.RaftServerConfigKeys (ConfUtils.java:logGet(46)) - raft.server.threadpool.server.size = 0 (default)
2024-08-10 09:46:51,185 [d75f2dba-195c-437b-b62a-ed875b85e515-groupManagement] INFO  server.RaftServerConfigKeys (ConfUtils.java:logGet(46)) - raft.server.threadpool.client.cached = true (default)
2024-08-10 09:46:51,186 [d75f2dba-195c-437b-b62a-ed875b85e515-groupManagement] INFO  server.RaftServerConfigKeys (ConfUtils.java:logGet(46)) - raft.server.threadpool.client.size = 0 (default)
2024-08-10 09:46:51,186 [d75f2dba-195c-437b-b62a-ed875b85e515-groupManagement] INFO  server.RaftServerConfigKeys (ConfUtils.java:logGet(46)) - raft.server.storage.free-space.min = 0MB (=0) (default)
2024-08-10 09:46:51,186 [d75f2dba-195c-437b-b62a-ed875b85e515-groupManagement] INFO  server.RaftServerConfigKeys (ConfUtils.java:logGet(46)) - raft.server.log.corruption.policy = EXCEPTION (default)
2024-08-10 09:46:51,186 [d75f2dba-195c-437b-b62a-ed875b85e515-groupManagement] INFO  server.RaftServerConfigKeys (ConfUtils.java:logGet(46)) - raft.server.storage.dir = [/home/runner/work/ozone/ozone/hadoop-ozone/integration-test/target/test-dir/MiniOzoneClusterImpl-25487c27-6224-40aa-b0ad-008c83bbb5f2/ozone-meta/datanode-1/ratis] (custom)
2024-08-10 09:46:51,186 [d75f2dba-195c-437b-b62a-ed875b85e515-groupManagement] INFO  storage.RaftStorageDirectory (RaftStorageDirectoryImpl.java:analyzeStorage(138)) - The storage directory /home/runner/work/ozone/ozone/hadoop-ozone/integration-test/target/test-dir/MiniOzoneClusterImpl-25487c27-6224-40aa-b0ad-008c83bbb5f2/ozone-meta/datanode-1/ratis/4628381d-a692-444d-9810-b1a6f749b1c3 does not exist. Creating ...
2024-08-10 09:46:51,187 [d75f2dba-195c-437b-b62a-ed875b85e515-groupManagement] INFO  storage.RaftStorageDirectory (RaftStorageDirectoryImpl.java:tryLock(229)) - Lock on /home/runner/work/ozone/ozone/hadoop-ozone/integration-test/target/test-dir/MiniOzoneClusterImpl-25487c27-6224-40aa-b0ad-008c83bbb5f2/ozone-meta/datanode-1/ratis/4628381d-a692-444d-9810-b1a6f749b1c3/in_use.lock acquired by nodename 50124@fv-az701-157
2024-08-10 09:46:51,188 [d75f2dba-195c-437b-b62a-ed875b85e515-groupManagement] INFO  storage.RaftStorage (RaftStorageImpl.java:format(98)) - Storage directory /home/runner/work/ozone/ozone/hadoop-ozone/integration-test/target/test-dir/MiniOzoneClusterImpl-25487c27-6224-40aa-b0ad-008c83bbb5f2/ozone-meta/datanode-1/ratis/4628381d-a692-444d-9810-b1a6f749b1c3 has been successfully formatted.
2024-08-10 09:46:51,188 [d75f2dba-195c-437b-b62a-ed875b85e515-groupManagement] INFO  ratis.ContainerStateMachine (ContainerStateMachine.java:loadSnapshot(287)) - group-B1A6F749B1C3: The snapshot info is null. Setting the last applied index to:(t:0, i:~)
2024-08-10 09:46:51,188 [d75f2dba-195c-437b-b62a-ed875b85e515-groupManagement] INFO  server.RaftServerConfigKeys (ConfUtils.java:logGet(46)) - raft.server.log.use.memory = false (default)
2024-08-10 09:46:51,188 [d75f2dba-195c-437b-b62a-ed875b85e515-groupManagement] INFO  server.RaftServerConfigKeys (ConfUtils.java:logGet(46)) - raft.server.log.purge.gap = 1000000 (custom)
2024-08-10 09:46:51,189 [d75f2dba-195c-437b-b62a-ed875b85e515-groupManagement] INFO  server.RaftServerConfigKeys (ConfUtils.java:logGet(46)) - raft.server.log.appender.buffer.byte-limit = 8388608 (custom)
2024-08-10 09:46:51,189 [d75f2dba-195c-437b-b62a-ed875b85e515-groupManagement] INFO  server.RaftServerConfigKeys (ConfUtils.java:logGet(46)) - raft.server.log.statemachine.data.read.timeout = 1000ms (default)
2024-08-10 09:46:51,189 [d75f2dba-195c-437b-b62a-ed875b85e515-groupManagement] INFO  server.RaftServerConfigKeys (ConfUtils.java:logGet(46)) - raft.server.log.purge.preservation.log.num = 0 (default)
2024-08-10 09:46:51,189 [EventQueue-OpenPipelineForHealthyPipelineSafeModeRule] INFO  safemode.SCMSafeModeManager (HealthyPipelineSafeModeRule.java:process(140)) - SCM in safe mode. Healthy pipelines reported count is 0, required healthy pipeline reported count is 1
2024-08-10 09:46:51,190 [d75f2dba-195c-437b-b62a-ed875b85e515-groupManagement] INFO  server.RaftServerConfigKeys (ConfUtils.java:logGet(46)) - raft.server.log.segment.size.max = 67108864 (custom)
2024-08-10 09:46:51,190 [d75f2dba-195c-437b-b62a-ed875b85e515-groupManagement] INFO  server.RaftServerConfigKeys (ConfUtils.java:logGet(46)) - raft.server.log.segment.cache.num.max = 2 (custom)
2024-08-10 09:46:51,190 [d75f2dba-195c-437b-b62a-ed875b85e515-groupManagement] INFO  server.RaftServerConfigKeys (ConfUtils.java:logGet(46)) - raft.server.log.segment.cache.size.max = 200MB (=209715200) (default)
2024-08-10 09:46:51,190 [d75f2dba-195c-437b-b62a-ed875b85e515-groupManagement] INFO  server.RaftServerConfigKeys (ConfUtils.java:logGet(46)) - raft.server.log.appender.buffer.byte-limit = 8388608 (custom)
2024-08-10 09:46:51,194 [d75f2dba-195c-437b-b62a-ed875b85e515-groupManagement] INFO  util.AwaitToRun (AwaitToRun.java:start(81)) - Thread[d75f2dba-195c-437b-b62a-ed875b85e515@group-B1A6F749B1C3-cacheEviction-AwaitToRun,5,main] started
2024-08-10 09:46:51,194 [d75f2dba-195c-437b-b62a-ed875b85e515-groupManagement] INFO  segmented.SegmentedRaftLogWorker (SegmentedRaftLogWorker.java:<init>(184)) - new d75f2dba-195c-437b-b62a-ed875b85e515@group-B1A6F749B1C3-SegmentedRaftLogWorker for RaftStorageImpl:Storage Directory /home/runner/work/ozone/ozone/hadoop-ozone/integration-test/target/test-dir/MiniOzoneClusterImpl-25487c27-6224-40aa-b0ad-008c83bbb5f2/ozone-meta/datanode-1/ratis/4628381d-a692-444d-9810-b1a6f749b1c3
2024-08-10 09:46:51,194 [d75f2dba-195c-437b-b62a-ed875b85e515-groupManagement] INFO  server.RaftServerConfigKeys (ConfUtils.java:logGet(46)) - raft.server.log.queue.byte-limit = 4294967296 (custom)
2024-08-10 09:46:51,194 [d75f2dba-195c-437b-b62a-ed875b85e515-groupManagement] INFO  server.RaftServerConfigKeys (ConfUtils.java:logGet(46)) - raft.server.log.queue.element-limit = 1024 (custom)
2024-08-10 09:46:51,194 [d75f2dba-195c-437b-b62a-ed875b85e515-groupManagement] INFO  server.RaftServerConfigKeys (ConfUtils.java:logGet(46)) - raft.server.log.segment.size.max = 67108864 (custom)
2024-08-10 09:46:51,194 [d75f2dba-195c-437b-b62a-ed875b85e515-groupManagement] INFO  server.RaftServerConfigKeys (ConfUtils.java:logGet(46)) - raft.server.log.preallocated.size = 4194304 (custom)
2024-08-10 09:46:51,194 [d75f2dba-195c-437b-b62a-ed875b85e515-groupManagement] INFO  server.RaftServerConfigKeys (ConfUtils.java:logGet(46)) - raft.server.log.force.sync.num = 128 (default)
2024-08-10 09:46:51,194 [d75f2dba-195c-437b-b62a-ed875b85e515-groupManagement] INFO  server.RaftServerConfigKeys (ConfUtils.java:logGet(46)) - raft.server.log.statemachine.data.sync = true (default)
2024-08-10 09:46:51,194 [d75f2dba-195c-437b-b62a-ed875b85e515-groupManagement] INFO  server.RaftServerConfigKeys (ConfUtils.java:logGet(46)) - raft.server.log.statemachine.data.sync.timeout = 10s (default)
2024-08-10 09:46:51,194 [d75f2dba-195c-437b-b62a-ed875b85e515-groupManagement] INFO  server.RaftServerConfigKeys (ConfUtils.java:logGet(46)) - raft.server.log.statemachine.data.sync.timeout.retry = 30 (custom)
2024-08-10 09:46:51,195 [d75f2dba-195c-437b-b62a-ed875b85e515-groupManagement] INFO  server.RaftServerConfigKeys (ConfUtils.java:logGet(46)) - raft.server.log.write.buffer.size = 8388616 (custom)
2024-08-10 09:46:51,195 [d75f2dba-195c-437b-b62a-ed875b85e515-groupManagement] INFO  server.RaftServerConfigKeys (ConfUtils.java:logGet(46)) - raft.server.log.appender.buffer.byte-limit = 8388608 (custom)
2024-08-10 09:46:51,195 [d75f2dba-195c-437b-b62a-ed875b85e515-groupManagement] INFO  server.RaftServerConfigKeys (ConfUtils.java:logGet(46)) - raft.server.log.unsafe-flush.enabled = false (default)
2024-08-10 09:46:51,195 [d75f2dba-195c-437b-b62a-ed875b85e515-groupManagement] INFO  server.RaftServerConfigKeys (ConfUtils.java:logGet(46)) - raft.server.log.async-flush.enabled = false (default)
2024-08-10 09:46:51,195 [d75f2dba-195c-437b-b62a-ed875b85e515-groupManagement] INFO  server.RaftServerConfigKeys (ConfUtils.java:logGet(46)) - raft.server.log.statemachine.data.caching.enabled = true (custom)
2024-08-10 09:46:51,195 [d75f2dba-195c-437b-b62a-ed875b85e515-groupManagement] INFO  segmented.SegmentedRaftLogWorker (SegmentedRaftLogWorker.java:lambda$new$0(135)) - d75f2dba-195c-437b-b62a-ed875b85e515@group-B1A6F749B1C3-SegmentedRaftLogWorker: flushIndex: setUnconditionally 0 -> -1
2024-08-10 09:46:51,195 [d75f2dba-195c-437b-b62a-ed875b85e515-groupManagement] INFO  segmented.SegmentedRaftLogWorker (SegmentedRaftLogWorker.java:lambda$new$0(135)) - d75f2dba-195c-437b-b62a-ed875b85e515@group-B1A6F749B1C3-SegmentedRaftLogWorker: safeCacheEvictIndex: setUnconditionally 0 -> -1
2024-08-10 09:46:51,196 [d75f2dba-195c-437b-b62a-ed875b85e515-groupManagement] INFO  server.RaftServer$Division (RaftServerImpl.java:start(389)) - d75f2dba-195c-437b-b62a-ed875b85e515@group-B1A6F749B1C3: start as a follower, conf=conf: {index: -1, cur=peers:[c1014618-c100-4e2c-97d7-038e29b3cb29|127.0.0.1:15613, 280ba735-fec6-4a50-aa81-34035c985b11|127.0.0.1:15604, d75f2dba-195c-437b-b62a-ed875b85e515|127.0.0.1:15595]|listeners:[], old=null}
2024-08-10 09:46:51,196 [d75f2dba-195c-437b-b62a-ed875b85e515-groupManagement] INFO  server.RaftServer$Division (RaftServerImpl.java:setRole(376)) - d75f2dba-195c-437b-b62a-ed875b85e515@group-B1A6F749B1C3: changes role from      null to FOLLOWER at term 0 for startAsFollower
2024-08-10 09:46:51,196 [d75f2dba-195c-437b-b62a-ed875b85e515-groupManagement] INFO  impl.RoleInfo (RoleInfo.java:updateAndGet(148)) - d75f2dba-195c-437b-b62a-ed875b85e515: start d75f2dba-195c-437b-b62a-ed875b85e515@group-B1A6F749B1C3-FollowerState
2024-08-10 09:46:51,196 [d75f2dba-195c-437b-b62a-ed875b85e515@group-B1A6F749B1C3-FollowerState] INFO  server.RaftServerConfigKeys (ConfUtils.java:logFallback(53)) - raft.server.rpc.first-election.timeout.min = 5s (fallback to raft.server.rpc.timeout.min)
2024-08-10 09:46:51,196 [d75f2dba-195c-437b-b62a-ed875b85e515@group-B1A6F749B1C3-FollowerState] INFO  server.RaftServerConfigKeys (ConfUtils.java:logFallback(53)) - raft.server.rpc.first-election.timeout.max = 5200ms (fallback to raft.server.rpc.timeout.max)
2024-08-10 09:46:51,196 [d75f2dba-195c-437b-b62a-ed875b85e515-groupManagement] INFO  util.JmxRegister (JmxRegister.java:tryRegister(44)) - Successfully registered JMX Bean with object name Ratis:service=RaftServer,group=group-B1A6F749B1C3,id=d75f2dba-195c-437b-b62a-ed875b85e515
2024-08-10 09:46:51,196 [d75f2dba-195c-437b-b62a-ed875b85e515-groupManagement] INFO  util.JmxRegister (JmxRegister.java:register(58)) - register mxBean class org.apache.ratis.server.impl.RaftServerJmxAdapter as Ratis:service=RaftServer,group=group-B1A6F749B1C3,id=d75f2dba-195c-437b-b62a-ed875b85e515
2024-08-10 09:46:51,196 [d75f2dba-195c-437b-b62a-ed875b85e515-groupManagement] INFO  server.RaftServerConfigKeys (ConfUtils.java:logGet(46)) - raft.server.snapshot.trigger-when-stop.enabled = true (default)
2024-08-10 09:46:51,196 [d75f2dba-195c-437b-b62a-ed875b85e515-groupManagement] INFO  server.RaftServerConfigKeys (ConfUtils.java:logGet(46)) - raft.server.snapshot.trigger-when-remove.enabled = true (default)
2024-08-10 09:46:51,196 [d75f2dba-195c-437b-b62a-ed875b85e515-groupManagement] INFO  server.RaftServerConfigKeys (ConfUtils.java:logGet(46)) - raft.server.snapshot.auto.trigger.enabled = true (custom)
2024-08-10 09:46:51,196 [d75f2dba-195c-437b-b62a-ed875b85e515-groupManagement] INFO  server.RaftServerConfigKeys (ConfUtils.java:logGet(46)) - raft.server.snapshot.auto.trigger.threshold = 10000 (custom)
2024-08-10 09:46:51,196 [d75f2dba-195c-437b-b62a-ed875b85e515-groupManagement] INFO  server.RaftServerConfigKeys (ConfUtils.java:logGet(46)) - raft.server.snapshot.retention.file.num = 5 (custom)
2024-08-10 09:46:51,196 [d75f2dba-195c-437b-b62a-ed875b85e515-groupManagement] INFO  server.RaftServerConfigKeys (ConfUtils.java:logGet(46)) - raft.server.log.purge.upto.snapshot.index = false (default)
2024-08-10 09:46:51,197 [d75f2dba-195c-437b-b62a-ed875b85e515-PipelineCommandHandlerThread-0] INFO  ratis.XceiverServerRatis (XceiverServerRatis.java:addGroup(846)) - Created group PipelineID=4628381d-a692-444d-9810-b1a6f749b1c3
2024-08-10 09:46:51,200 [grpc-default-executor-5] INFO  server.RaftServer (RaftServerProxy.java:addNew(101)) - c1014618-c100-4e2c-97d7-038e29b3cb29: addNew group-B1A6F749B1C3:[c1014618-c100-4e2c-97d7-038e29b3cb29|127.0.0.1:15613, 280ba735-fec6-4a50-aa81-34035c985b11|127.0.0.1:15604, d75f2dba-195c-437b-b62a-ed875b85e515|127.0.0.1:15595] returns group-B1A6F749B1C3:java.util.concurrent.CompletableFuture@75bdbc7f[Not completed]
2024-08-10 09:46:51,201 [c1014618-c100-4e2c-97d7-038e29b3cb29-groupManagement] INFO  server.RaftServer$Division (RaftServerImpl.java:<init>(253)) - c1014618-c100-4e2c-97d7-038e29b3cb29: new RaftServerImpl for group-B1A6F749B1C3:[c1014618-c100-4e2c-97d7-038e29b3cb29|127.0.0.1:15613, 280ba735-fec6-4a50-aa81-34035c985b11|127.0.0.1:15604, d75f2dba-195c-437b-b62a-ed875b85e515|127.0.0.1:15595] with ContainerStateMachine:uninitialized
2024-08-10 09:46:51,201 [c1014618-c100-4e2c-97d7-038e29b3cb29-groupManagement] INFO  server.RaftServerConfigKeys (ConfUtils.java:logGet(46)) - raft.server.rpc.timeout.min = 5s (custom)
2024-08-10 09:46:51,201 [c1014618-c100-4e2c-97d7-038e29b3cb29-groupManagement] INFO  server.RaftServerConfigKeys (ConfUtils.java:logGet(46)) - raft.server.rpc.timeout.max = 5200ms (custom)
2024-08-10 09:46:51,201 [c1014618-c100-4e2c-97d7-038e29b3cb29-groupManagement] INFO  server.RaftServerConfigKeys (ConfUtils.java:logGet(46)) - raft.server.rpc.sleep.time = 25ms (default)
2024-08-10 09:46:51,201 [c1014618-c100-4e2c-97d7-038e29b3cb29-groupManagement] INFO  server.RaftServerConfigKeys (ConfUtils.java:logGet(46)) - raft.server.rpc.slowness.timeout = 300000ms (custom)
2024-08-10 09:46:51,201 [c1014618-c100-4e2c-97d7-038e29b3cb29-groupManagement] INFO  server.RaftServerConfigKeys (ConfUtils.java:logGet(46)) - raft.server.leaderelection.leader.step-down.wait-time = 10s (default)
2024-08-10 09:46:51,201 [c1014618-c100-4e2c-97d7-038e29b3cb29-groupManagement] INFO  server.RaftServerConfigKeys (ConfUtils.java:logGet(46)) - raft.server.leaderelection.member.majority-add = false (default)
2024-08-10 09:46:51,201 [c1014618-c100-4e2c-97d7-038e29b3cb29-groupManagement] INFO  server.RaftServerConfigKeys (ConfUtils.java:logGet(46)) - raft.server.sleep.deviation.threshold = 300ms (default)
2024-08-10 09:46:51,201 [c1014618-c100-4e2c-97d7-038e29b3cb29-groupManagement] INFO  server.RaftServer$Division (ServerState.java:<init>(114)) - c1014618-c100-4e2c-97d7-038e29b3cb29@group-B1A6F749B1C3: ConfigurationManager, init=conf: {index: -1, cur=peers:[c1014618-c100-4e2c-97d7-038e29b3cb29|127.0.0.1:15613, 280ba735-fec6-4a50-aa81-34035c985b11|127.0.0.1:15604, d75f2dba-195c-437b-b62a-ed875b85e515|127.0.0.1:15595]|listeners:[], old=null}, confs=<EMPTY_MAP>
2024-08-10 09:46:51,201 [c1014618-c100-4e2c-97d7-038e29b3cb29-groupManagement] INFO  server.RaftServerConfigKeys (ConfUtils.java:logGet(46)) - raft.server.notification.no-leader.timeout = 300000ms (custom)
2024-08-10 09:46:51,201 [c1014618-c100-4e2c-97d7-038e29b3cb29-groupManagement] INFO  server.RaftServerConfigKeys (ConfUtils.java:logGet(46)) - raft.server.read.timeout = 10s (default)
2024-08-10 09:46:51,201 [c1014618-c100-4e2c-97d7-038e29b3cb29-groupManagement] INFO  server.RaftServerConfigKeys (ConfUtils.java:logGet(46)) - raft.server.retrycache.expirytime = 600000ms (custom)
2024-08-10 09:46:51,201 [c1014618-c100-4e2c-97d7-038e29b3cb29-groupManagement] INFO  server.RaftServerConfigKeys (ConfUtils.java:logGet(46)) - raft.server.retrycache.statistics.expirytime = 100ms (default)
2024-08-10 09:46:51,201 [c1014618-c100-4e2c-97d7-038e29b3cb29-groupManagement] INFO  server.RaftServerConfigKeys (ConfUtils.java:logGet(46)) - raft.server.read.option = DEFAULT (default)
2024-08-10 09:46:51,201 [c1014618-c100-4e2c-97d7-038e29b3cb29-groupManagement] INFO  server.RaftServerConfigKeys (ConfUtils.java:logGet(46)) - raft.server.read.read-after-write-consistent.write-index-cache.expiry-time = 60s (default)
2024-08-10 09:46:51,205 [c1014618-c100-4e2c-97d7-038e29b3cb29-groupManagement] INFO  server.RaftServerConfigKeys (ConfUtils.java:logGet(46)) - raft.server.rpc.request.timeout = 3000ms (default)
2024-08-10 09:46:51,205 [c1014618-c100-4e2c-97d7-038e29b3cb29-groupManagement] INFO  server.RaftServerConfigKeys (ConfUtils.java:logGet(46)) - raft.server.log.appender.install.snapshot.enabled = false (custom)
2024-08-10 09:46:51,205 [c1014618-c100-4e2c-97d7-038e29b3cb29-groupManagement] INFO  server.RaftServerConfigKeys (ConfUtils.java:logGet(46)) - raft.server.threadpool.server.cached = true (default)
2024-08-10 09:46:51,205 [c1014618-c100-4e2c-97d7-038e29b3cb29-groupManagement] INFO  server.RaftServerConfigKeys (ConfUtils.java:logGet(46)) - raft.server.threadpool.server.size = 0 (default)
2024-08-10 09:46:51,205 [c1014618-c100-4e2c-97d7-038e29b3cb29-groupManagement] INFO  server.RaftServerConfigKeys (ConfUtils.java:logGet(46)) - raft.server.threadpool.client.cached = true (default)
2024-08-10 09:46:51,205 [c1014618-c100-4e2c-97d7-038e29b3cb29-groupManagement] INFO  server.RaftServerConfigKeys (ConfUtils.java:logGet(46)) - raft.server.threadpool.client.size = 0 (default)
2024-08-10 09:46:51,205 [c1014618-c100-4e2c-97d7-038e29b3cb29-groupManagement] INFO  server.RaftServerConfigKeys (ConfUtils.java:logGet(46)) - raft.server.storage.free-space.min = 0MB (=0) (default)
2024-08-10 09:46:51,205 [c1014618-c100-4e2c-97d7-038e29b3cb29-groupManagement] INFO  server.RaftServerConfigKeys (ConfUtils.java:logGet(46)) - raft.server.log.corruption.policy = EXCEPTION (default)
2024-08-10 09:46:51,205 [c1014618-c100-4e2c-97d7-038e29b3cb29-groupManagement] INFO  server.RaftServerConfigKeys (ConfUtils.java:logGet(46)) - raft.server.storage.dir = [/home/runner/work/ozone/ozone/hadoop-ozone/integration-test/target/test-dir/MiniOzoneClusterImpl-25487c27-6224-40aa-b0ad-008c83bbb5f2/ozone-meta/datanode-3/ratis] (custom)
2024-08-10 09:46:51,205 [c1014618-c100-4e2c-97d7-038e29b3cb29-groupManagement] INFO  storage.RaftStorageDirectory (RaftStorageDirectoryImpl.java:analyzeStorage(138)) - The storage directory /home/runner/work/ozone/ozone/hadoop-ozone/integration-test/target/test-dir/MiniOzoneClusterImpl-25487c27-6224-40aa-b0ad-008c83bbb5f2/ozone-meta/datanode-3/ratis/4628381d-a692-444d-9810-b1a6f749b1c3 does not exist. Creating ...
2024-08-10 09:46:51,209 [c1014618-c100-4e2c-97d7-038e29b3cb29-groupManagement] INFO  storage.RaftStorageDirectory (RaftStorageDirectoryImpl.java:tryLock(229)) - Lock on /home/runner/work/ozone/ozone/hadoop-ozone/integration-test/target/test-dir/MiniOzoneClusterImpl-25487c27-6224-40aa-b0ad-008c83bbb5f2/ozone-meta/datanode-3/ratis/4628381d-a692-444d-9810-b1a6f749b1c3/in_use.lock acquired by nodename 50124@fv-az701-157
2024-08-10 09:46:51,210 [c1014618-c100-4e2c-97d7-038e29b3cb29-groupManagement] INFO  storage.RaftStorage (RaftStorageImpl.java:format(98)) - Storage directory /home/runner/work/ozone/ozone/hadoop-ozone/integration-test/target/test-dir/MiniOzoneClusterImpl-25487c27-6224-40aa-b0ad-008c83bbb5f2/ozone-meta/datanode-3/ratis/4628381d-a692-444d-9810-b1a6f749b1c3 has been successfully formatted.
2024-08-10 09:46:51,210 [c1014618-c100-4e2c-97d7-038e29b3cb29-groupManagement] INFO  ratis.ContainerStateMachine (ContainerStateMachine.java:loadSnapshot(287)) - group-B1A6F749B1C3: The snapshot info is null. Setting the last applied index to:(t:0, i:~)
2024-08-10 09:46:51,211 [c1014618-c100-4e2c-97d7-038e29b3cb29-groupManagement] INFO  server.RaftServerConfigKeys (ConfUtils.java:logGet(46)) - raft.server.log.use.memory = false (default)
2024-08-10 09:46:51,211 [c1014618-c100-4e2c-97d7-038e29b3cb29-groupManagement] INFO  server.RaftServerConfigKeys (ConfUtils.java:logGet(46)) - raft.server.log.purge.gap = 1000000 (custom)
2024-08-10 09:46:51,211 [c1014618-c100-4e2c-97d7-038e29b3cb29-groupManagement] INFO  server.RaftServerConfigKeys (ConfUtils.java:logGet(46)) - raft.server.log.appender.buffer.byte-limit = 8388608 (custom)
2024-08-10 09:46:51,211 [c1014618-c100-4e2c-97d7-038e29b3cb29-groupManagement] INFO  server.RaftServerConfigKeys (ConfUtils.java:logGet(46)) - raft.server.log.statemachine.data.read.timeout = 1000ms (default)
2024-08-10 09:46:51,211 [c1014618-c100-4e2c-97d7-038e29b3cb29-groupManagement] INFO  server.RaftServerConfigKeys (ConfUtils.java:logGet(46)) - raft.server.log.purge.preservation.log.num = 0 (default)
2024-08-10 09:46:51,213 [c1014618-c100-4e2c-97d7-038e29b3cb29-groupManagement] INFO  server.RaftServerConfigKeys (ConfUtils.java:logGet(46)) - raft.server.log.segment.size.max = 67108864 (custom)
2024-08-10 09:46:51,213 [c1014618-c100-4e2c-97d7-038e29b3cb29-groupManagement] INFO  server.RaftServerConfigKeys (ConfUtils.java:logGet(46)) - raft.server.log.segment.cache.num.max = 2 (custom)
2024-08-10 09:46:51,213 [c1014618-c100-4e2c-97d7-038e29b3cb29-groupManagement] INFO  server.RaftServerConfigKeys (ConfUtils.java:logGet(46)) - raft.server.log.segment.cache.size.max = 200MB (=209715200) (default)
2024-08-10 09:46:51,214 [c1014618-c100-4e2c-97d7-038e29b3cb29-groupManagement] INFO  server.RaftServerConfigKeys (ConfUtils.java:logGet(46)) - raft.server.log.appender.buffer.byte-limit = 8388608 (custom)
2024-08-10 09:46:51,214 [c1014618-c100-4e2c-97d7-038e29b3cb29-groupManagement] INFO  util.AwaitToRun (AwaitToRun.java:start(81)) - Thread[c1014618-c100-4e2c-97d7-038e29b3cb29@group-B1A6F749B1C3-cacheEviction-AwaitToRun,5,main] started
2024-08-10 09:46:51,214 [c1014618-c100-4e2c-97d7-038e29b3cb29-groupManagement] INFO  segmented.SegmentedRaftLogWorker (SegmentedRaftLogWorker.java:<init>(184)) - new c1014618-c100-4e2c-97d7-038e29b3cb29@group-B1A6F749B1C3-SegmentedRaftLogWorker for RaftStorageImpl:Storage Directory /home/runner/work/ozone/ozone/hadoop-ozone/integration-test/target/test-dir/MiniOzoneClusterImpl-25487c27-6224-40aa-b0ad-008c83bbb5f2/ozone-meta/datanode-3/ratis/4628381d-a692-444d-9810-b1a6f749b1c3
2024-08-10 09:46:51,214 [c1014618-c100-4e2c-97d7-038e29b3cb29-groupManagement] INFO  server.RaftServerConfigKeys (ConfUtils.java:logGet(46)) - raft.server.log.queue.byte-limit = 4294967296 (custom)
2024-08-10 09:46:51,214 [c1014618-c100-4e2c-97d7-038e29b3cb29-groupManagement] INFO  server.RaftServerConfigKeys (ConfUtils.java:logGet(46)) - raft.server.log.queue.element-limit = 1024 (custom)
2024-08-10 09:46:51,214 [c1014618-c100-4e2c-97d7-038e29b3cb29-groupManagement] INFO  server.RaftServerConfigKeys (ConfUtils.java:logGet(46)) - raft.server.log.segment.size.max = 67108864 (custom)
2024-08-10 09:46:51,214 [c1014618-c100-4e2c-97d7-038e29b3cb29-groupManagement] INFO  server.RaftServerConfigKeys (ConfUtils.java:logGet(46)) - raft.server.log.preallocated.size = 4194304 (custom)
2024-08-10 09:46:51,214 [c1014618-c100-4e2c-97d7-038e29b3cb29-groupManagement] INFO  server.RaftServerConfigKeys (ConfUtils.java:logGet(46)) - raft.server.log.force.sync.num = 128 (default)
2024-08-10 09:46:51,215 [c1014618-c100-4e2c-97d7-038e29b3cb29-groupManagement] INFO  server.RaftServerConfigKeys (ConfUtils.java:logGet(46)) - raft.server.log.statemachine.data.sync = true (default)
2024-08-10 09:46:51,215 [c1014618-c100-4e2c-97d7-038e29b3cb29-groupManagement] INFO  server.RaftServerConfigKeys (ConfUtils.java:logGet(46)) - raft.server.log.statemachine.data.sync.timeout = 10s (default)
2024-08-10 09:46:51,215 [c1014618-c100-4e2c-97d7-038e29b3cb29-groupManagement] INFO  server.RaftServerConfigKeys (ConfUtils.java:logGet(46)) - raft.server.log.statemachine.data.sync.timeout.retry = 30 (custom)
2024-08-10 09:46:51,215 [c1014618-c100-4e2c-97d7-038e29b3cb29-groupManagement] INFO  server.RaftServerConfigKeys (ConfUtils.java:logGet(46)) - raft.server.log.write.buffer.size = 8388616 (custom)
2024-08-10 09:46:51,217 [c1014618-c100-4e2c-97d7-038e29b3cb29-groupManagement] INFO  server.RaftServerConfigKeys (ConfUtils.java:logGet(46)) - raft.server.log.appender.buffer.byte-limit = 8388608 (custom)
2024-08-10 09:46:51,218 [c1014618-c100-4e2c-97d7-038e29b3cb29-groupManagement] INFO  server.RaftServerConfigKeys (ConfUtils.java:logGet(46)) - raft.server.log.unsafe-flush.enabled = false (default)
2024-08-10 09:46:51,218 [c1014618-c100-4e2c-97d7-038e29b3cb29-groupManagement] INFO  server.RaftServerConfigKeys (ConfUtils.java:logGet(46)) - raft.server.log.async-flush.enabled = false (default)
2024-08-10 09:46:51,218 [c1014618-c100-4e2c-97d7-038e29b3cb29-groupManagement] INFO  server.RaftServerConfigKeys (ConfUtils.java:logGet(46)) - raft.server.log.statemachine.data.caching.enabled = true (custom)
2024-08-10 09:46:51,218 [c1014618-c100-4e2c-97d7-038e29b3cb29-groupManagement] INFO  segmented.SegmentedRaftLogWorker (SegmentedRaftLogWorker.java:lambda$new$0(135)) - c1014618-c100-4e2c-97d7-038e29b3cb29@group-B1A6F749B1C3-SegmentedRaftLogWorker: flushIndex: setUnconditionally 0 -> -1
2024-08-10 09:46:51,218 [c1014618-c100-4e2c-97d7-038e29b3cb29-groupManagement] INFO  segmented.SegmentedRaftLogWorker (SegmentedRaftLogWorker.java:lambda$new$0(135)) - c1014618-c100-4e2c-97d7-038e29b3cb29@group-B1A6F749B1C3-SegmentedRaftLogWorker: safeCacheEvictIndex: setUnconditionally 0 -> -1
2024-08-10 09:46:51,218 [c1014618-c100-4e2c-97d7-038e29b3cb29-groupManagement] INFO  server.RaftServer$Division (RaftServerImpl.java:start(389)) - c1014618-c100-4e2c-97d7-038e29b3cb29@group-B1A6F749B1C3: start as a follower, conf=conf: {index: -1, cur=peers:[c1014618-c100-4e2c-97d7-038e29b3cb29|127.0.0.1:15613, 280ba735-fec6-4a50-aa81-34035c985b11|127.0.0.1:15604, d75f2dba-195c-437b-b62a-ed875b85e515|127.0.0.1:15595]|listeners:[], old=null}
2024-08-10 09:46:51,218 [c1014618-c100-4e2c-97d7-038e29b3cb29-groupManagement] INFO  server.RaftServer$Division (RaftServerImpl.java:setRole(376)) - c1014618-c100-4e2c-97d7-038e29b3cb29@group-B1A6F749B1C3: changes role from      null to FOLLOWER at term 0 for startAsFollower
2024-08-10 09:46:51,219 [c1014618-c100-4e2c-97d7-038e29b3cb29-groupManagement] INFO  impl.RoleInfo (RoleInfo.java:updateAndGet(148)) - c1014618-c100-4e2c-97d7-038e29b3cb29: start c1014618-c100-4e2c-97d7-038e29b3cb29@group-B1A6F749B1C3-FollowerState
2024-08-10 09:46:51,219 [c1014618-c100-4e2c-97d7-038e29b3cb29@group-B1A6F749B1C3-FollowerState] INFO  server.RaftServerConfigKeys (ConfUtils.java:logFallback(53)) - raft.server.rpc.first-election.timeout.min = 5s (fallback to raft.server.rpc.timeout.min)
2024-08-10 09:46:51,219 [c1014618-c100-4e2c-97d7-038e29b3cb29@group-B1A6F749B1C3-FollowerState] INFO  server.RaftServerConfigKeys (ConfUtils.java:logFallback(53)) - raft.server.rpc.first-election.timeout.max = 5200ms (fallback to raft.server.rpc.timeout.max)
2024-08-10 09:46:51,219 [c1014618-c100-4e2c-97d7-038e29b3cb29-groupManagement] INFO  util.JmxRegister (JmxRegister.java:tryRegister(44)) - Successfully registered JMX Bean with object name Ratis:service=RaftServer,group=group-B1A6F749B1C3,id=c1014618-c100-4e2c-97d7-038e29b3cb29
2024-08-10 09:46:51,219 [c1014618-c100-4e2c-97d7-038e29b3cb29-groupManagement] INFO  util.JmxRegister (JmxRegister.java:register(58)) - register mxBean class org.apache.ratis.server.impl.RaftServerJmxAdapter as Ratis:service=RaftServer,group=group-B1A6F749B1C3,id=c1014618-c100-4e2c-97d7-038e29b3cb29
2024-08-10 09:46:51,219 [c1014618-c100-4e2c-97d7-038e29b3cb29-groupManagement] INFO  server.RaftServerConfigKeys (ConfUtils.java:logGet(46)) - raft.server.snapshot.trigger-when-stop.enabled = true (default)
2024-08-10 09:46:51,219 [c1014618-c100-4e2c-97d7-038e29b3cb29-groupManagement] INFO  server.RaftServerConfigKeys (ConfUtils.java:logGet(46)) - raft.server.snapshot.trigger-when-remove.enabled = true (default)
2024-08-10 09:46:51,219 [c1014618-c100-4e2c-97d7-038e29b3cb29-groupManagement] INFO  server.RaftServerConfigKeys (ConfUtils.java:logGet(46)) - raft.server.snapshot.auto.trigger.enabled = true (custom)
2024-08-10 09:46:51,219 [c1014618-c100-4e2c-97d7-038e29b3cb29-groupManagement] INFO  server.RaftServerConfigKeys (ConfUtils.java:logGet(46)) - raft.server.snapshot.auto.trigger.threshold = 10000 (custom)
2024-08-10 09:46:51,220 [c1014618-c100-4e2c-97d7-038e29b3cb29-groupManagement] INFO  server.RaftServerConfigKeys (ConfUtils.java:logGet(46)) - raft.server.snapshot.retention.file.num = 5 (custom)
2024-08-10 09:46:51,220 [c1014618-c100-4e2c-97d7-038e29b3cb29-groupManagement] INFO  server.RaftServerConfigKeys (ConfUtils.java:logGet(46)) - raft.server.log.purge.upto.snapshot.index = false (default)
2024-08-10 09:46:51,225 [grpc-default-executor-5] INFO  server.RaftServer (RaftServerProxy.java:addNew(101)) - 280ba735-fec6-4a50-aa81-34035c985b11: addNew group-B1A6F749B1C3:[c1014618-c100-4e2c-97d7-038e29b3cb29|127.0.0.1:15613, 280ba735-fec6-4a50-aa81-34035c985b11|127.0.0.1:15604, d75f2dba-195c-437b-b62a-ed875b85e515|127.0.0.1:15595] returns group-B1A6F749B1C3:java.util.concurrent.CompletableFuture@27ed9cd9[Not completed]
2024-08-10 09:46:51,226 [280ba735-fec6-4a50-aa81-34035c985b11-groupManagement] INFO  server.RaftServer$Division (RaftServerImpl.java:<init>(253)) - 280ba735-fec6-4a50-aa81-34035c985b11: new RaftServerImpl for group-B1A6F749B1C3:[c1014618-c100-4e2c-97d7-038e29b3cb29|127.0.0.1:15613, 280ba735-fec6-4a50-aa81-34035c985b11|127.0.0.1:15604, d75f2dba-195c-437b-b62a-ed875b85e515|127.0.0.1:15595] with ContainerStateMachine:uninitialized
2024-08-10 09:46:51,226 [280ba735-fec6-4a50-aa81-34035c985b11-groupManagement] INFO  server.RaftServerConfigKeys (ConfUtils.java:logGet(46)) - raft.server.rpc.timeout.min = 5s (custom)
2024-08-10 09:46:51,226 [280ba735-fec6-4a50-aa81-34035c985b11-groupManagement] INFO  server.RaftServerConfigKeys (ConfUtils.java:logGet(46)) - raft.server.rpc.timeout.max = 5200ms (custom)
2024-08-10 09:46:51,226 [280ba735-fec6-4a50-aa81-34035c985b11-groupManagement] INFO  server.RaftServerConfigKeys (ConfUtils.java:logGet(46)) - raft.server.rpc.sleep.time = 25ms (default)
2024-08-10 09:46:51,226 [280ba735-fec6-4a50-aa81-34035c985b11-groupManagement] INFO  server.RaftServerConfigKeys (ConfUtils.java:logGet(46)) - raft.server.rpc.slowness.timeout = 300000ms (custom)
2024-08-10 09:46:51,226 [280ba735-fec6-4a50-aa81-34035c985b11-groupManagement] INFO  server.RaftServerConfigKeys (ConfUtils.java:logGet(46)) - raft.server.leaderelection.leader.step-down.wait-time = 10s (default)
2024-08-10 09:46:51,226 [280ba735-fec6-4a50-aa81-34035c985b11-groupManagement] INFO  server.RaftServerConfigKeys (ConfUtils.java:logGet(46)) - raft.server.leaderelection.member.majority-add = false (default)
2024-08-10 09:46:51,226 [280ba735-fec6-4a50-aa81-34035c985b11-groupManagement] INFO  server.RaftServerConfigKeys (ConfUtils.java:logGet(46)) - raft.server.sleep.deviation.threshold = 300ms (default)
2024-08-10 09:46:51,226 [280ba735-fec6-4a50-aa81-34035c985b11-groupManagement] INFO  server.RaftServer$Division (ServerState.java:<init>(114)) - 280ba735-fec6-4a50-aa81-34035c985b11@group-B1A6F749B1C3: ConfigurationManager, init=conf: {index: -1, cur=peers:[c1014618-c100-4e2c-97d7-038e29b3cb29|127.0.0.1:15613, 280ba735-fec6-4a50-aa81-34035c985b11|127.0.0.1:15604, d75f2dba-195c-437b-b62a-ed875b85e515|127.0.0.1:15595]|listeners:[], old=null}, confs=<EMPTY_MAP>
2024-08-10 09:46:51,226 [280ba735-fec6-4a50-aa81-34035c985b11-groupManagement] INFO  server.RaftServerConfigKeys (ConfUtils.java:logGet(46)) - raft.server.notification.no-leader.timeout = 300000ms (custom)
2024-08-10 09:46:51,226 [280ba735-fec6-4a50-aa81-34035c985b11-groupManagement] INFO  server.RaftServerConfigKeys (ConfUtils.java:logGet(46)) - raft.server.read.timeout = 10s (default)
2024-08-10 09:46:51,226 [280ba735-fec6-4a50-aa81-34035c985b11-groupManagement] INFO  server.RaftServerConfigKeys (ConfUtils.java:logGet(46)) - raft.server.retrycache.expirytime = 600000ms (custom)
2024-08-10 09:46:51,226 [280ba735-fec6-4a50-aa81-34035c985b11-groupManagement] INFO  server.RaftServerConfigKeys (ConfUtils.java:logGet(46)) - raft.server.retrycache.statistics.expirytime = 100ms (default)
2024-08-10 09:46:51,227 [280ba735-fec6-4a50-aa81-34035c985b11-groupManagement] INFO  server.RaftServerConfigKeys (ConfUtils.java:logGet(46)) - raft.server.read.option = DEFAULT (default)
2024-08-10 09:46:51,227 [280ba735-fec6-4a50-aa81-34035c985b11-groupManagement] INFO  server.RaftServerConfigKeys (ConfUtils.java:logGet(46)) - raft.server.read.read-after-write-consistent.write-index-cache.expiry-time = 60s (default)
2024-08-10 09:46:51,229 [280ba735-fec6-4a50-aa81-34035c985b11-groupManagement] INFO  server.RaftServerConfigKeys (ConfUtils.java:logGet(46)) - raft.server.rpc.request.timeout = 3000ms (default)
2024-08-10 09:46:51,229 [280ba735-fec6-4a50-aa81-34035c985b11-groupManagement] INFO  server.RaftServerConfigKeys (ConfUtils.java:logGet(46)) - raft.server.log.appender.install.snapshot.enabled = false (custom)
2024-08-10 09:46:51,229 [280ba735-fec6-4a50-aa81-34035c985b11-groupManagement] INFO  server.RaftServerConfigKeys (ConfUtils.java:logGet(46)) - raft.server.threadpool.server.cached = true (default)
2024-08-10 09:46:51,229 [280ba735-fec6-4a50-aa81-34035c985b11-groupManagement] INFO  server.RaftServerConfigKeys (ConfUtils.java:logGet(46)) - raft.server.threadpool.server.size = 0 (default)
2024-08-10 09:46:51,229 [280ba735-fec6-4a50-aa81-34035c985b11-groupManagement] INFO  server.RaftServerConfigKeys (ConfUtils.java:logGet(46)) - raft.server.threadpool.client.cached = true (default)
2024-08-10 09:46:51,229 [280ba735-fec6-4a50-aa81-34035c985b11-groupManagement] INFO  server.RaftServerConfigKeys (ConfUtils.java:logGet(46)) - raft.server.threadpool.client.size = 0 (default)
2024-08-10 09:46:51,229 [280ba735-fec6-4a50-aa81-34035c985b11-groupManagement] INFO  server.RaftServerConfigKeys (ConfUtils.java:logGet(46)) - raft.server.storage.free-space.min = 0MB (=0) (default)
2024-08-10 09:46:51,229 [280ba735-fec6-4a50-aa81-34035c985b11-groupManagement] INFO  server.RaftServerConfigKeys (ConfUtils.java:logGet(46)) - raft.server.log.corruption.policy = EXCEPTION (default)
2024-08-10 09:46:51,229 [280ba735-fec6-4a50-aa81-34035c985b11-groupManagement] INFO  server.RaftServerConfigKeys (ConfUtils.java:logGet(46)) - raft.server.storage.dir = [/home/runner/work/ozone/ozone/hadoop-ozone/integration-test/target/test-dir/MiniOzoneClusterImpl-25487c27-6224-40aa-b0ad-008c83bbb5f2/ozone-meta/datanode-2/ratis] (custom)
2024-08-10 09:46:51,229 [280ba735-fec6-4a50-aa81-34035c985b11-groupManagement] INFO  storage.RaftStorageDirectory (RaftStorageDirectoryImpl.java:analyzeStorage(138)) - The storage directory /home/runner/work/ozone/ozone/hadoop-ozone/integration-test/target/test-dir/MiniOzoneClusterImpl-25487c27-6224-40aa-b0ad-008c83bbb5f2/ozone-meta/datanode-2/ratis/4628381d-a692-444d-9810-b1a6f749b1c3 does not exist. Creating ...
2024-08-10 09:46:51,230 [280ba735-fec6-4a50-aa81-34035c985b11-groupManagement] INFO  storage.RaftStorageDirectory (RaftStorageDirectoryImpl.java:tryLock(229)) - Lock on /home/runner/work/ozone/ozone/hadoop-ozone/integration-test/target/test-dir/MiniOzoneClusterImpl-25487c27-6224-40aa-b0ad-008c83bbb5f2/ozone-meta/datanode-2/ratis/4628381d-a692-444d-9810-b1a6f749b1c3/in_use.lock acquired by nodename 50124@fv-az701-157
2024-08-10 09:46:51,232 [280ba735-fec6-4a50-aa81-34035c985b11-groupManagement] INFO  storage.RaftStorage (RaftStorageImpl.java:format(98)) - Storage directory /home/runner/work/ozone/ozone/hadoop-ozone/integration-test/target/test-dir/MiniOzoneClusterImpl-25487c27-6224-40aa-b0ad-008c83bbb5f2/ozone-meta/datanode-2/ratis/4628381d-a692-444d-9810-b1a6f749b1c3 has been successfully formatted.
2024-08-10 09:46:51,232 [280ba735-fec6-4a50-aa81-34035c985b11-groupManagement] INFO  ratis.ContainerStateMachine (ContainerStateMachine.java:loadSnapshot(287)) - group-B1A6F749B1C3: The snapshot info is null. Setting the last applied index to:(t:0, i:~)
2024-08-10 09:46:51,232 [280ba735-fec6-4a50-aa81-34035c985b11-groupManagement] INFO  server.RaftServerConfigKeys (ConfUtils.java:logGet(46)) - raft.server.log.use.memory = false (default)
2024-08-10 09:46:51,232 [280ba735-fec6-4a50-aa81-34035c985b11-groupManagement] INFO  server.RaftServerConfigKeys (ConfUtils.java:logGet(46)) - raft.server.log.purge.gap = 1000000 (custom)
2024-08-10 09:46:51,233 [280ba735-fec6-4a50-aa81-34035c985b11-groupManagement] INFO  server.RaftServerConfigKeys (ConfUtils.java:logGet(46)) - raft.server.log.appender.buffer.byte-limit = 8388608 (custom)
2024-08-10 09:46:51,233 [280ba735-fec6-4a50-aa81-34035c985b11-groupManagement] INFO  server.RaftServerConfigKeys (ConfUtils.java:logGet(46)) - raft.server.log.statemachine.data.read.timeout = 1000ms (default)
2024-08-10 09:46:51,233 [280ba735-fec6-4a50-aa81-34035c985b11-groupManagement] INFO  server.RaftServerConfigKeys (ConfUtils.java:logGet(46)) - raft.server.log.purge.preservation.log.num = 0 (default)
2024-08-10 09:46:51,234 [280ba735-fec6-4a50-aa81-34035c985b11-groupManagement] INFO  server.RaftServerConfigKeys (ConfUtils.java:logGet(46)) - raft.server.log.segment.size.max = 67108864 (custom)
2024-08-10 09:46:51,234 [280ba735-fec6-4a50-aa81-34035c985b11-groupManagement] INFO  server.RaftServerConfigKeys (ConfUtils.java:logGet(46)) - raft.server.log.segment.cache.num.max = 2 (custom)
2024-08-10 09:46:51,234 [280ba735-fec6-4a50-aa81-34035c985b11-groupManagement] INFO  server.RaftServerConfigKeys (ConfUtils.java:logGet(46)) - raft.server.log.segment.cache.size.max = 200MB (=209715200) (default)
2024-08-10 09:46:51,234 [280ba735-fec6-4a50-aa81-34035c985b11-groupManagement] INFO  server.RaftServerConfigKeys (ConfUtils.java:logGet(46)) - raft.server.log.appender.buffer.byte-limit = 8388608 (custom)
2024-08-10 09:46:51,235 [280ba735-fec6-4a50-aa81-34035c985b11-groupManagement] INFO  util.AwaitToRun (AwaitToRun.java:start(81)) - Thread[280ba735-fec6-4a50-aa81-34035c985b11@group-B1A6F749B1C3-cacheEviction-AwaitToRun,5,main] started
2024-08-10 09:46:51,235 [280ba735-fec6-4a50-aa81-34035c985b11-groupManagement] INFO  segmented.SegmentedRaftLogWorker (SegmentedRaftLogWorker.java:<init>(184)) - new 280ba735-fec6-4a50-aa81-34035c985b11@group-B1A6F749B1C3-SegmentedRaftLogWorker for RaftStorageImpl:Storage Directory /home/runner/work/ozone/ozone/hadoop-ozone/integration-test/target/test-dir/MiniOzoneClusterImpl-25487c27-6224-40aa-b0ad-008c83bbb5f2/ozone-meta/datanode-2/ratis/4628381d-a692-444d-9810-b1a6f749b1c3
2024-08-10 09:46:51,235 [280ba735-fec6-4a50-aa81-34035c985b11-groupManagement] INFO  server.RaftServerConfigKeys (ConfUtils.java:logGet(46)) - raft.server.log.queue.byte-limit = 4294967296 (custom)
2024-08-10 09:46:51,235 [280ba735-fec6-4a50-aa81-34035c985b11-groupManagement] INFO  server.RaftServerConfigKeys (ConfUtils.java:logGet(46)) - raft.server.log.queue.element-limit = 1024 (custom)
2024-08-10 09:46:51,235 [280ba735-fec6-4a50-aa81-34035c985b11-groupManagement] INFO  server.RaftServerConfigKeys (ConfUtils.java:logGet(46)) - raft.server.log.segment.size.max = 67108864 (custom)
2024-08-10 09:46:51,235 [280ba735-fec6-4a50-aa81-34035c985b11-groupManagement] INFO  server.RaftServerConfigKeys (ConfUtils.java:logGet(46)) - raft.server.log.preallocated.size = 4194304 (custom)
2024-08-10 09:46:51,235 [280ba735-fec6-4a50-aa81-34035c985b11-groupManagement] INFO  server.RaftServerConfigKeys (ConfUtils.java:logGet(46)) - raft.server.log.force.sync.num = 128 (default)
2024-08-10 09:46:51,235 [280ba735-fec6-4a50-aa81-34035c985b11-groupManagement] INFO  server.RaftServerConfigKeys (ConfUtils.java:logGet(46)) - raft.server.log.statemachine.data.sync = true (default)
2024-08-10 09:46:51,235 [280ba735-fec6-4a50-aa81-34035c985b11-groupManagement] INFO  server.RaftServerConfigKeys (ConfUtils.java:logGet(46)) - raft.server.log.statemachine.data.sync.timeout = 10s (default)
2024-08-10 09:46:51,235 [280ba735-fec6-4a50-aa81-34035c985b11-groupManagement] INFO  server.RaftServerConfigKeys (ConfUtils.java:logGet(46)) - raft.server.log.statemachine.data.sync.timeout.retry = 30 (custom)
2024-08-10 09:46:51,235 [280ba735-fec6-4a50-aa81-34035c985b11-groupManagement] INFO  server.RaftServerConfigKeys (ConfUtils.java:logGet(46)) - raft.server.log.write.buffer.size = 8388616 (custom)
2024-08-10 09:46:51,237 [280ba735-fec6-4a50-aa81-34035c985b11-groupManagement] INFO  server.RaftServerConfigKeys (ConfUtils.java:logGet(46)) - raft.server.log.appender.buffer.byte-limit = 8388608 (custom)
2024-08-10 09:46:51,237 [280ba735-fec6-4a50-aa81-34035c985b11-groupManagement] INFO  server.RaftServerConfigKeys (ConfUtils.java:logGet(46)) - raft.server.log.unsafe-flush.enabled = false (default)
2024-08-10 09:46:51,237 [280ba735-fec6-4a50-aa81-34035c985b11-groupManagement] INFO  server.RaftServerConfigKeys (ConfUtils.java:logGet(46)) - raft.server.log.async-flush.enabled = false (default)
2024-08-10 09:46:51,237 [280ba735-fec6-4a50-aa81-34035c985b11-groupManagement] INFO  server.RaftServerConfigKeys (ConfUtils.java:logGet(46)) - raft.server.log.statemachine.data.caching.enabled = true (custom)
2024-08-10 09:46:51,237 [280ba735-fec6-4a50-aa81-34035c985b11-groupManagement] INFO  segmented.SegmentedRaftLogWorker (SegmentedRaftLogWorker.java:lambda$new$0(135)) - 280ba735-fec6-4a50-aa81-34035c985b11@group-B1A6F749B1C3-SegmentedRaftLogWorker: flushIndex: setUnconditionally 0 -> -1
2024-08-10 09:46:51,237 [280ba735-fec6-4a50-aa81-34035c985b11-groupManagement] INFO  segmented.SegmentedRaftLogWorker (SegmentedRaftLogWorker.java:lambda$new$0(135)) - 280ba735-fec6-4a50-aa81-34035c985b11@group-B1A6F749B1C3-SegmentedRaftLogWorker: safeCacheEvictIndex: setUnconditionally 0 -> -1
2024-08-10 09:46:51,238 [280ba735-fec6-4a50-aa81-34035c985b11-groupManagement] INFO  server.RaftServer$Division (RaftServerImpl.java:start(389)) - 280ba735-fec6-4a50-aa81-34035c985b11@group-B1A6F749B1C3: start as a follower, conf=conf: {index: -1, cur=peers:[c1014618-c100-4e2c-97d7-038e29b3cb29|127.0.0.1:15613, 280ba735-fec6-4a50-aa81-34035c985b11|127.0.0.1:15604, d75f2dba-195c-437b-b62a-ed875b85e515|127.0.0.1:15595]|listeners:[], old=null}
2024-08-10 09:46:51,238 [280ba735-fec6-4a50-aa81-34035c985b11-groupManagement] INFO  server.RaftServer$Division (RaftServerImpl.java:setRole(376)) - 280ba735-fec6-4a50-aa81-34035c985b11@group-B1A6F749B1C3: changes role from      null to FOLLOWER at term 0 for startAsFollower
2024-08-10 09:46:51,238 [280ba735-fec6-4a50-aa81-34035c985b11-groupManagement] INFO  impl.RoleInfo (RoleInfo.java:updateAndGet(148)) - 280ba735-fec6-4a50-aa81-34035c985b11: start 280ba735-fec6-4a50-aa81-34035c985b11@group-B1A6F749B1C3-FollowerState
2024-08-10 09:46:51,238 [280ba735-fec6-4a50-aa81-34035c985b11@group-B1A6F749B1C3-FollowerState] INFO  server.RaftServerConfigKeys (ConfUtils.java:logFallback(53)) - raft.server.rpc.first-election.timeout.min = 5s (fallback to raft.server.rpc.timeout.min)
2024-08-10 09:46:51,238 [280ba735-fec6-4a50-aa81-34035c985b11@group-B1A6F749B1C3-FollowerState] INFO  server.RaftServerConfigKeys (ConfUtils.java:logFallback(53)) - raft.server.rpc.first-election.timeout.max = 5200ms (fallback to raft.server.rpc.timeout.max)
2024-08-10 09:46:51,238 [280ba735-fec6-4a50-aa81-34035c985b11-groupManagement] INFO  util.JmxRegister (JmxRegister.java:tryRegister(44)) - Successfully registered JMX Bean with object name Ratis:service=RaftServer,group=group-B1A6F749B1C3,id=280ba735-fec6-4a50-aa81-34035c985b11
2024-08-10 09:46:51,238 [280ba735-fec6-4a50-aa81-34035c985b11-groupManagement] INFO  util.JmxRegister (JmxRegister.java:register(58)) - register mxBean class org.apache.ratis.server.impl.RaftServerJmxAdapter as Ratis:service=RaftServer,group=group-B1A6F749B1C3,id=280ba735-fec6-4a50-aa81-34035c985b11
2024-08-10 09:46:51,238 [280ba735-fec6-4a50-aa81-34035c985b11-groupManagement] INFO  server.RaftServerConfigKeys (ConfUtils.java:logGet(46)) - raft.server.snapshot.trigger-when-stop.enabled = true (default)
2024-08-10 09:46:51,239 [280ba735-fec6-4a50-aa81-34035c985b11-groupManagement] INFO  server.RaftServerConfigKeys (ConfUtils.java:logGet(46)) - raft.server.snapshot.trigger-when-remove.enabled = true (default)
2024-08-10 09:46:51,239 [280ba735-fec6-4a50-aa81-34035c985b11-groupManagement] INFO  server.RaftServerConfigKeys (ConfUtils.java:logGet(46)) - raft.server.snapshot.auto.trigger.enabled = true (custom)
2024-08-10 09:46:51,239 [280ba735-fec6-4a50-aa81-34035c985b11-groupManagement] INFO  server.RaftServerConfigKeys (ConfUtils.java:logGet(46)) - raft.server.snapshot.auto.trigger.threshold = 10000 (custom)
2024-08-10 09:46:51,239 [280ba735-fec6-4a50-aa81-34035c985b11-groupManagement] INFO  server.RaftServerConfigKeys (ConfUtils.java:logGet(46)) - raft.server.snapshot.retention.file.num = 5 (custom)
2024-08-10 09:46:51,239 [280ba735-fec6-4a50-aa81-34035c985b11-groupManagement] INFO  server.RaftServerConfigKeys (ConfUtils.java:logGet(46)) - raft.server.log.purge.upto.snapshot.index = false (default)
2024-08-10 09:46:51,246 [d75f2dba-195c-437b-b62a-ed875b85e515-PipelineCommandHandlerThread-0] INFO  commandhandler.CreatePipelineCommandHandler (CreatePipelineCommandHandler.java:lambda$handle$2(124)) - Created Pipeline RATIS THREE PipelineID=4628381d-a692-444d-9810-b1a6f749b1c3.
2024-08-10 09:46:51,251 [280ba735-fec6-4a50-aa81-34035c985b11-groupManagement] INFO  server.RaftServer$Division (RaftServerImpl.java:<init>(253)) - 280ba735-fec6-4a50-aa81-34035c985b11: new RaftServerImpl for group-E04DCE71FB33:[280ba735-fec6-4a50-aa81-34035c985b11|127.0.0.1:15604] with ContainerStateMachine:uninitialized
2024-08-10 09:46:51,251 [280ba735-fec6-4a50-aa81-34035c985b11-groupManagement] INFO  server.RaftServerConfigKeys (ConfUtils.java:logGet(46)) - raft.server.rpc.timeout.min = 5s (custom)
2024-08-10 09:46:51,251 [280ba735-fec6-4a50-aa81-34035c985b11-groupManagement] INFO  server.RaftServerConfigKeys (ConfUtils.java:logGet(46)) - raft.server.rpc.timeout.max = 5200ms (custom)
2024-08-10 09:46:51,251 [280ba735-fec6-4a50-aa81-34035c985b11-groupManagement] INFO  server.RaftServerConfigKeys (ConfUtils.java:logGet(46)) - raft.server.rpc.sleep.time = 25ms (default)
2024-08-10 09:46:51,251 [280ba735-fec6-4a50-aa81-34035c985b11-groupManagement] INFO  server.RaftServerConfigKeys (ConfUtils.java:logGet(46)) - raft.server.rpc.slowness.timeout = 300000ms (custom)
2024-08-10 09:46:51,251 [280ba735-fec6-4a50-aa81-34035c985b11-groupManagement] INFO  server.RaftServerConfigKeys (ConfUtils.java:logGet(46)) - raft.server.leaderelection.leader.step-down.wait-time = 10s (default)
2024-08-10 09:46:51,251 [280ba735-fec6-4a50-aa81-34035c985b11-groupManagement] INFO  server.RaftServerConfigKeys (ConfUtils.java:logGet(46)) - raft.server.leaderelection.member.majority-add = false (default)
2024-08-10 09:46:51,251 [280ba735-fec6-4a50-aa81-34035c985b11-groupManagement] INFO  server.RaftServerConfigKeys (ConfUtils.java:logGet(46)) - raft.server.sleep.deviation.threshold = 300ms (default)
2024-08-10 09:46:51,251 [280ba735-fec6-4a50-aa81-34035c985b11-groupManagement] INFO  server.RaftServer$Division (ServerState.java:<init>(114)) - 280ba735-fec6-4a50-aa81-34035c985b11@group-E04DCE71FB33: ConfigurationManager, init=conf: {index: -1, cur=peers:[280ba735-fec6-4a50-aa81-34035c985b11|127.0.0.1:15604]|listeners:[], old=null}, confs=<EMPTY_MAP>
2024-08-10 09:46:51,251 [280ba735-fec6-4a50-aa81-34035c985b11-groupManagement] INFO  server.RaftServerConfigKeys (ConfUtils.java:logGet(46)) - raft.server.notification.no-leader.timeout = 300000ms (custom)
2024-08-10 09:46:51,251 [280ba735-fec6-4a50-aa81-34035c985b11-groupManagement] INFO  server.RaftServerConfigKeys (ConfUtils.java:logGet(46)) - raft.server.read.timeout = 10s (default)
2024-08-10 09:46:51,251 [280ba735-fec6-4a50-aa81-34035c985b11-groupManagement] INFO  server.RaftServerConfigKeys (ConfUtils.java:logGet(46)) - raft.server.retrycache.expirytime = 600000ms (custom)
2024-08-10 09:46:51,251 [280ba735-fec6-4a50-aa81-34035c985b11-groupManagement] INFO  server.RaftServerConfigKeys (ConfUtils.java:logGet(46)) - raft.server.retrycache.statistics.expirytime = 100ms (default)
2024-08-10 09:46:51,252 [280ba735-fec6-4a50-aa81-34035c985b11-groupManagement] INFO  server.RaftServerConfigKeys (ConfUtils.java:logGet(46)) - raft.server.read.option = DEFAULT (default)
2024-08-10 09:46:51,252 [280ba735-fec6-4a50-aa81-34035c985b11-groupManagement] INFO  server.RaftServerConfigKeys (ConfUtils.java:logGet(46)) - raft.server.read.read-after-write-consistent.write-index-cache.expiry-time = 60s (default)
2024-08-10 09:46:51,254 [280ba735-fec6-4a50-aa81-34035c985b11-groupManagement] INFO  server.RaftServerConfigKeys (ConfUtils.java:logGet(46)) - raft.server.rpc.request.timeout = 3000ms (default)
2024-08-10 09:46:51,254 [280ba735-fec6-4a50-aa81-34035c985b11-groupManagement] INFO  server.RaftServerConfigKeys (ConfUtils.java:logGet(46)) - raft.server.log.appender.install.snapshot.enabled = false (custom)
2024-08-10 09:46:51,254 [280ba735-fec6-4a50-aa81-34035c985b11-groupManagement] INFO  server.RaftServerConfigKeys (ConfUtils.java:logGet(46)) - raft.server.threadpool.server.cached = true (default)
2024-08-10 09:46:51,254 [280ba735-fec6-4a50-aa81-34035c985b11-groupManagement] INFO  server.RaftServerConfigKeys (ConfUtils.java:logGet(46)) - raft.server.threadpool.server.size = 0 (default)
2024-08-10 09:46:51,254 [280ba735-fec6-4a50-aa81-34035c985b11-groupManagement] INFO  server.RaftServerConfigKeys (ConfUtils.java:logGet(46)) - raft.server.threadpool.client.cached = true (default)
2024-08-10 09:46:51,254 [280ba735-fec6-4a50-aa81-34035c985b11-groupManagement] INFO  server.RaftServerConfigKeys (ConfUtils.java:logGet(46)) - raft.server.threadpool.client.size = 0 (default)
2024-08-10 09:46:51,254 [280ba735-fec6-4a50-aa81-34035c985b11-PipelineCommandHandlerThread-0] INFO  server.RaftServer (RaftServerProxy.java:addNew(101)) - 280ba735-fec6-4a50-aa81-34035c985b11: addNew group-E04DCE71FB33:[280ba735-fec6-4a50-aa81-34035c985b11|127.0.0.1:15604] returns      null 280ba735-fec6-4a50-aa81-34035c985b11@group-E04DCE71FB33:t0, leader=null, voted=null, raftlog=UNINITIALIZED, conf=conf: {index: -1, cur=peers:[280ba735-fec6-4a50-aa81-34035c985b11|127.0.0.1:15604]|listeners:[], old=null} NEW
2024-08-10 09:46:51,254 [280ba735-fec6-4a50-aa81-34035c985b11-groupManagement] INFO  server.RaftServerConfigKeys (ConfUtils.java:logGet(46)) - raft.server.storage.free-space.min = 0MB (=0) (default)
2024-08-10 09:46:51,255 [280ba735-fec6-4a50-aa81-34035c985b11-groupManagement] INFO  server.RaftServerConfigKeys (ConfUtils.java:logGet(46)) - raft.server.log.corruption.policy = EXCEPTION (default)
2024-08-10 09:46:51,255 [280ba735-fec6-4a50-aa81-34035c985b11-groupManagement] INFO  server.RaftServerConfigKeys (ConfUtils.java:logGet(46)) - raft.server.storage.dir = [/home/runner/work/ozone/ozone/hadoop-ozone/integration-test/target/test-dir/MiniOzoneClusterImpl-25487c27-6224-40aa-b0ad-008c83bbb5f2/ozone-meta/datanode-2/ratis] (custom)
2024-08-10 09:46:51,255 [280ba735-fec6-4a50-aa81-34035c985b11-groupManagement] INFO  storage.RaftStorageDirectory (RaftStorageDirectoryImpl.java:analyzeStorage(138)) - The storage directory /home/runner/work/ozone/ozone/hadoop-ozone/integration-test/target/test-dir/MiniOzoneClusterImpl-25487c27-6224-40aa-b0ad-008c83bbb5f2/ozone-meta/datanode-2/ratis/6b6fa171-5370-4504-9fa6-e04dce71fb33 does not exist. Creating ...
2024-08-10 09:46:51,256 [280ba735-fec6-4a50-aa81-34035c985b11-groupManagement] INFO  storage.RaftStorageDirectory (RaftStorageDirectoryImpl.java:tryLock(229)) - Lock on /home/runner/work/ozone/ozone/hadoop-ozone/integration-test/target/test-dir/MiniOzoneClusterImpl-25487c27-6224-40aa-b0ad-008c83bbb5f2/ozone-meta/datanode-2/ratis/6b6fa171-5370-4504-9fa6-e04dce71fb33/in_use.lock acquired by nodename 50124@fv-az701-157
2024-08-10 09:46:51,257 [280ba735-fec6-4a50-aa81-34035c985b11-groupManagement] INFO  storage.RaftStorage (RaftStorageImpl.java:format(98)) - Storage directory /home/runner/work/ozone/ozone/hadoop-ozone/integration-test/target/test-dir/MiniOzoneClusterImpl-25487c27-6224-40aa-b0ad-008c83bbb5f2/ozone-meta/datanode-2/ratis/6b6fa171-5370-4504-9fa6-e04dce71fb33 has been successfully formatted.
2024-08-10 09:46:51,257 [280ba735-fec6-4a50-aa81-34035c985b11-groupManagement] INFO  ratis.ContainerStateMachine (ContainerStateMachine.java:loadSnapshot(287)) - group-E04DCE71FB33: The snapshot info is null. Setting the last applied index to:(t:0, i:~)
2024-08-10 09:46:51,257 [280ba735-fec6-4a50-aa81-34035c985b11-groupManagement] INFO  server.RaftServerConfigKeys (ConfUtils.java:logGet(46)) - raft.server.log.use.memory = false (default)
2024-08-10 09:46:51,257 [280ba735-fec6-4a50-aa81-34035c985b11-groupManagement] INFO  server.RaftServerConfigKeys (ConfUtils.java:logGet(46)) - raft.server.log.purge.gap = 1000000 (custom)
2024-08-10 09:46:51,257 [280ba735-fec6-4a50-aa81-34035c985b11-groupManagement] INFO  server.RaftServerConfigKeys (ConfUtils.java:logGet(46)) - raft.server.log.appender.buffer.byte-limit = 8388608 (custom)
2024-08-10 09:46:51,257 [280ba735-fec6-4a50-aa81-34035c985b11-groupManagement] INFO  server.RaftServerConfigKeys (ConfUtils.java:logGet(46)) - raft.server.log.statemachine.data.read.timeout = 1000ms (default)
2024-08-10 09:46:51,258 [280ba735-fec6-4a50-aa81-34035c985b11-groupManagement] INFO  server.RaftServerConfigKeys (ConfUtils.java:logGet(46)) - raft.server.log.purge.preservation.log.num = 0 (default)
2024-08-10 09:46:51,258 [EventQueue-PipelineReportForPipelineReportHandler] INFO  pipeline.PipelineReportHandler (PipelineReportHandler.java:processPipelineReport(136)) - Opened pipeline PipelineID=6b6fa171-5370-4504-9fa6-e04dce71fb33
2024-08-10 09:46:51,258 [EventQueue-OpenPipelineForHealthyPipelineSafeModeRule] INFO  safemode.SCMSafeModeManager (HealthyPipelineSafeModeRule.java:process(140)) - SCM in safe mode. Healthy pipelines reported count is 0, required healthy pipeline reported count is 1
2024-08-10 09:46:51,259 [280ba735-fec6-4a50-aa81-34035c985b11-groupManagement] INFO  server.RaftServerConfigKeys (ConfUtils.java:logGet(46)) - raft.server.log.segment.size.max = 67108864 (custom)
2024-08-10 09:46:51,259 [280ba735-fec6-4a50-aa81-34035c985b11-groupManagement] INFO  server.RaftServerConfigKeys (ConfUtils.java:logGet(46)) - raft.server.log.segment.cache.num.max = 2 (custom)
2024-08-10 09:46:51,259 [280ba735-fec6-4a50-aa81-34035c985b11-groupManagement] INFO  server.RaftServerConfigKeys (ConfUtils.java:logGet(46)) - raft.server.log.segment.cache.size.max = 200MB (=209715200) (default)
2024-08-10 09:46:51,259 [280ba735-fec6-4a50-aa81-34035c985b11-groupManagement] INFO  server.RaftServerConfigKeys (ConfUtils.java:logGet(46)) - raft.server.log.appender.buffer.byte-limit = 8388608 (custom)
2024-08-10 09:46:51,260 [280ba735-fec6-4a50-aa81-34035c985b11-groupManagement] INFO  util.AwaitToRun (AwaitToRun.java:start(81)) - Thread[280ba735-fec6-4a50-aa81-34035c985b11@group-E04DCE71FB33-cacheEviction-AwaitToRun,5,main] started
2024-08-10 09:46:51,260 [280ba735-fec6-4a50-aa81-34035c985b11-groupManagement] INFO  segmented.SegmentedRaftLogWorker (SegmentedRaftLogWorker.java:<init>(184)) - new 280ba735-fec6-4a50-aa81-34035c985b11@group-E04DCE71FB33-SegmentedRaftLogWorker for RaftStorageImpl:Storage Directory /home/runner/work/ozone/ozone/hadoop-ozone/integration-test/target/test-dir/MiniOzoneClusterImpl-25487c27-6224-40aa-b0ad-008c83bbb5f2/ozone-meta/datanode-2/ratis/6b6fa171-5370-4504-9fa6-e04dce71fb33
2024-08-10 09:46:51,260 [280ba735-fec6-4a50-aa81-34035c985b11-groupManagement] INFO  server.RaftServerConfigKeys (ConfUtils.java:logGet(46)) - raft.server.log.queue.byte-limit = 4294967296 (custom)
2024-08-10 09:46:51,260 [280ba735-fec6-4a50-aa81-34035c985b11-groupManagement] INFO  server.RaftServerConfigKeys (ConfUtils.java:logGet(46)) - raft.server.log.queue.element-limit = 1024 (custom)
2024-08-10 09:46:51,260 [280ba735-fec6-4a50-aa81-34035c985b11-groupManagement] INFO  server.RaftServerConfigKeys (ConfUtils.java:logGet(46)) - raft.server.log.segment.size.max = 67108864 (custom)
2024-08-10 09:46:51,260 [280ba735-fec6-4a50-aa81-34035c985b11-groupManagement] INFO  server.RaftServerConfigKeys (ConfUtils.java:logGet(46)) - raft.server.log.preallocated.size = 4194304 (custom)
2024-08-10 09:46:51,260 [280ba735-fec6-4a50-aa81-34035c985b11-groupManagement] INFO  server.RaftServerConfigKeys (ConfUtils.java:logGet(46)) - raft.server.log.force.sync.num = 128 (default)
2024-08-10 09:46:51,260 [280ba735-fec6-4a50-aa81-34035c985b11-groupManagement] INFO  server.RaftServerConfigKeys (ConfUtils.java:logGet(46)) - raft.server.log.statemachine.data.sync = true (default)
2024-08-10 09:46:51,260 [280ba735-fec6-4a50-aa81-34035c985b11-groupManagement] INFO  server.RaftServerConfigKeys (ConfUtils.java:logGet(46)) - raft.server.log.statemachine.data.sync.timeout = 10s (default)
2024-08-10 09:46:51,260 [280ba735-fec6-4a50-aa81-34035c985b11-groupManagement] INFO  server.RaftServerConfigKeys (ConfUtils.java:logGet(46)) - raft.server.log.statemachine.data.sync.timeout.retry = 30 (custom)
2024-08-10 09:46:51,260 [280ba735-fec6-4a50-aa81-34035c985b11-groupManagement] INFO  server.RaftServerConfigKeys (ConfUtils.java:logGet(46)) - raft.server.log.write.buffer.size = 8388616 (custom)
2024-08-10 09:46:51,262 [280ba735-fec6-4a50-aa81-34035c985b11-groupManagement] INFO  server.RaftServerConfigKeys (ConfUtils.java:logGet(46)) - raft.server.log.appender.buffer.byte-limit = 8388608 (custom)
2024-08-10 09:46:51,262 [280ba735-fec6-4a50-aa81-34035c985b11-groupManagement] INFO  server.RaftServerConfigKeys (ConfUtils.java:logGet(46)) - raft.server.log.unsafe-flush.enabled = false (default)
2024-08-10 09:46:51,262 [280ba735-fec6-4a50-aa81-34035c985b11-groupManagement] INFO  server.RaftServerConfigKeys (ConfUtils.java:logGet(46)) - raft.server.log.async-flush.enabled = false (default)
2024-08-10 09:46:51,262 [280ba735-fec6-4a50-aa81-34035c985b11-groupManagement] INFO  server.RaftServerConfigKeys (ConfUtils.java:logGet(46)) - raft.server.log.statemachine.data.caching.enabled = true (custom)
2024-08-10 09:46:51,263 [280ba735-fec6-4a50-aa81-34035c985b11-groupManagement] INFO  segmented.SegmentedRaftLogWorker (SegmentedRaftLogWorker.java:lambda$new$0(135)) - 280ba735-fec6-4a50-aa81-34035c985b11@group-E04DCE71FB33-SegmentedRaftLogWorker: flushIndex: setUnconditionally 0 -> -1
2024-08-10 09:46:51,263 [280ba735-fec6-4a50-aa81-34035c985b11-groupManagement] INFO  segmented.SegmentedRaftLogWorker (SegmentedRaftLogWorker.java:lambda$new$0(135)) - 280ba735-fec6-4a50-aa81-34035c985b11@group-E04DCE71FB33-SegmentedRaftLogWorker: safeCacheEvictIndex: setUnconditionally 0 -> -1
2024-08-10 09:46:51,263 [280ba735-fec6-4a50-aa81-34035c985b11-groupManagement] INFO  server.RaftServer$Division (RaftServerImpl.java:start(389)) - 280ba735-fec6-4a50-aa81-34035c985b11@group-E04DCE71FB33: start as a follower, conf=conf: {index: -1, cur=peers:[280ba735-fec6-4a50-aa81-34035c985b11|127.0.0.1:15604]|listeners:[], old=null}
2024-08-10 09:46:51,263 [280ba735-fec6-4a50-aa81-34035c985b11-groupManagement] INFO  server.RaftServer$Division (RaftServerImpl.java:setRole(376)) - 280ba735-fec6-4a50-aa81-34035c985b11@group-E04DCE71FB33: changes role from      null to FOLLOWER at term 0 for startAsFollower
2024-08-10 09:46:51,263 [280ba735-fec6-4a50-aa81-34035c985b11-groupManagement] INFO  impl.RoleInfo (RoleInfo.java:updateAndGet(148)) - 280ba735-fec6-4a50-aa81-34035c985b11: start 280ba735-fec6-4a50-aa81-34035c985b11@group-E04DCE71FB33-FollowerState
2024-08-10 09:46:51,263 [280ba735-fec6-4a50-aa81-34035c985b11@group-E04DCE71FB33-FollowerState] INFO  server.RaftServerConfigKeys (ConfUtils.java:logFallback(53)) - raft.server.rpc.first-election.timeout.min = 5s (fallback to raft.server.rpc.timeout.min)
2024-08-10 09:46:51,263 [280ba735-fec6-4a50-aa81-34035c985b11@group-E04DCE71FB33-FollowerState] INFO  server.RaftServerConfigKeys (ConfUtils.java:logFallback(53)) - raft.server.rpc.first-election.timeout.max = 5200ms (fallback to raft.server.rpc.timeout.max)
2024-08-10 09:46:51,263 [280ba735-fec6-4a50-aa81-34035c985b11-groupManagement] INFO  util.JmxRegister (JmxRegister.java:tryRegister(44)) - Successfully registered JMX Bean with object name Ratis:service=RaftServer,group=group-E04DCE71FB33,id=280ba735-fec6-4a50-aa81-34035c985b11
2024-08-10 09:46:51,263 [280ba735-fec6-4a50-aa81-34035c985b11-groupManagement] INFO  util.JmxRegister (JmxRegister.java:register(58)) - register mxBean class org.apache.ratis.server.impl.RaftServerJmxAdapter as Ratis:service=RaftServer,group=group-E04DCE71FB33,id=280ba735-fec6-4a50-aa81-34035c985b11
2024-08-10 09:46:51,263 [280ba735-fec6-4a50-aa81-34035c985b11-groupManagement] INFO  server.RaftServerConfigKeys (ConfUtils.java:logGet(46)) - raft.server.snapshot.trigger-when-stop.enabled = true (default)
2024-08-10 09:46:51,263 [280ba735-fec6-4a50-aa81-34035c985b11-groupManagement] INFO  server.RaftServerConfigKeys (ConfUtils.java:logGet(46)) - raft.server.snapshot.trigger-when-remove.enabled = true (default)
2024-08-10 09:46:51,263 [280ba735-fec6-4a50-aa81-34035c985b11-groupManagement] INFO  server.RaftServerConfigKeys (ConfUtils.java:logGet(46)) - raft.server.snapshot.auto.trigger.enabled = true (custom)
2024-08-10 09:46:51,264 [280ba735-fec6-4a50-aa81-34035c985b11-groupManagement] INFO  server.RaftServerConfigKeys (ConfUtils.java:logGet(46)) - raft.server.snapshot.auto.trigger.threshold = 10000 (custom)
2024-08-10 09:46:51,264 [280ba735-fec6-4a50-aa81-34035c985b11-groupManagement] INFO  server.RaftServerConfigKeys (ConfUtils.java:logGet(46)) - raft.server.snapshot.retention.file.num = 5 (custom)
2024-08-10 09:46:51,264 [280ba735-fec6-4a50-aa81-34035c985b11-groupManagement] INFO  server.RaftServerConfigKeys (ConfUtils.java:logGet(46)) - raft.server.log.purge.upto.snapshot.index = false (default)
2024-08-10 09:46:51,264 [280ba735-fec6-4a50-aa81-34035c985b11-PipelineCommandHandlerThread-0] INFO  ratis.XceiverServerRatis (XceiverServerRatis.java:addGroup(846)) - Created group PipelineID=6b6fa171-5370-4504-9fa6-e04dce71fb33
2024-08-10 09:46:51,264 [280ba735-fec6-4a50-aa81-34035c985b11-PipelineCommandHandlerThread-0] INFO  commandhandler.CreatePipelineCommandHandler (CreatePipelineCommandHandler.java:lambda$handle$2(124)) - Created Pipeline RATIS ONE PipelineID=6b6fa171-5370-4504-9fa6-e04dce71fb33.
2024-08-10 09:46:51,501 [c1014618-c100-4e2c-97d7-038e29b3cb29-PipelineCommandHandlerThread-0] INFO  server.RaftServer (RaftServerProxy.java:addNew(101)) - c1014618-c100-4e2c-97d7-038e29b3cb29: addNew group-6A5C3CD0FCC4:[c1014618-c100-4e2c-97d7-038e29b3cb29|127.0.0.1:15613] returns group-6A5C3CD0FCC4:java.util.concurrent.CompletableFuture@2de88f88[Not completed]
2024-08-10 09:46:51,502 [c1014618-c100-4e2c-97d7-038e29b3cb29-groupManagement] INFO  server.RaftServer$Division (RaftServerImpl.java:<init>(253)) - c1014618-c100-4e2c-97d7-038e29b3cb29: new RaftServerImpl for group-6A5C3CD0FCC4:[c1014618-c100-4e2c-97d7-038e29b3cb29|127.0.0.1:15613] with ContainerStateMachine:uninitialized
2024-08-10 09:46:51,502 [c1014618-c100-4e2c-97d7-038e29b3cb29-groupManagement] INFO  server.RaftServerConfigKeys (ConfUtils.java:logGet(46)) - raft.server.rpc.timeout.min = 5s (custom)
2024-08-10 09:46:51,502 [c1014618-c100-4e2c-97d7-038e29b3cb29-groupManagement] INFO  server.RaftServerConfigKeys (ConfUtils.java:logGet(46)) - raft.server.rpc.timeout.max = 5200ms (custom)
2024-08-10 09:46:51,502 [c1014618-c100-4e2c-97d7-038e29b3cb29-groupManagement] INFO  server.RaftServerConfigKeys (ConfUtils.java:logGet(46)) - raft.server.rpc.sleep.time = 25ms (default)
2024-08-10 09:46:51,502 [c1014618-c100-4e2c-97d7-038e29b3cb29-groupManagement] INFO  server.RaftServerConfigKeys (ConfUtils.java:logGet(46)) - raft.server.rpc.slowness.timeout = 300000ms (custom)
2024-08-10 09:46:51,502 [c1014618-c100-4e2c-97d7-038e29b3cb29-groupManagement] INFO  server.RaftServerConfigKeys (ConfUtils.java:logGet(46)) - raft.server.leaderelection.leader.step-down.wait-time = 10s (default)
2024-08-10 09:46:51,502 [c1014618-c100-4e2c-97d7-038e29b3cb29-groupManagement] INFO  server.RaftServerConfigKeys (ConfUtils.java:logGet(46)) - raft.server.leaderelection.member.majority-add = false (default)
2024-08-10 09:46:51,502 [c1014618-c100-4e2c-97d7-038e29b3cb29-groupManagement] INFO  server.RaftServerConfigKeys (ConfUtils.java:logGet(46)) - raft.server.sleep.deviation.threshold = 300ms (default)
2024-08-10 09:46:51,502 [c1014618-c100-4e2c-97d7-038e29b3cb29-groupManagement] INFO  server.RaftServer$Division (ServerState.java:<init>(114)) - c1014618-c100-4e2c-97d7-038e29b3cb29@group-6A5C3CD0FCC4: ConfigurationManager, init=conf: {index: -1, cur=peers:[c1014618-c100-4e2c-97d7-038e29b3cb29|127.0.0.1:15613]|listeners:[], old=null}, confs=<EMPTY_MAP>
2024-08-10 09:46:51,502 [c1014618-c100-4e2c-97d7-038e29b3cb29-groupManagement] INFO  server.RaftServerConfigKeys (ConfUtils.java:logGet(46)) - raft.server.notification.no-leader.timeout = 300000ms (custom)
2024-08-10 09:46:51,502 [c1014618-c100-4e2c-97d7-038e29b3cb29-groupManagement] INFO  server.RaftServerConfigKeys (ConfUtils.java:logGet(46)) - raft.server.read.timeout = 10s (default)
2024-08-10 09:46:51,502 [c1014618-c100-4e2c-97d7-038e29b3cb29-groupManagement] INFO  server.RaftServerConfigKeys (ConfUtils.java:logGet(46)) - raft.server.retrycache.expirytime = 600000ms (custom)
2024-08-10 09:46:51,502 [c1014618-c100-4e2c-97d7-038e29b3cb29-groupManagement] INFO  server.RaftServerConfigKeys (ConfUtils.java:logGet(46)) - raft.server.retrycache.statistics.expirytime = 100ms (default)
2024-08-10 09:46:51,502 [c1014618-c100-4e2c-97d7-038e29b3cb29-groupManagement] INFO  server.RaftServerConfigKeys (ConfUtils.java:logGet(46)) - raft.server.read.option = DEFAULT (default)
2024-08-10 09:46:51,502 [c1014618-c100-4e2c-97d7-038e29b3cb29-groupManagement] INFO  server.RaftServerConfigKeys (ConfUtils.java:logGet(46)) - raft.server.read.read-after-write-consistent.write-index-cache.expiry-time = 60s (default)
2024-08-10 09:46:51,505 [c1014618-c100-4e2c-97d7-038e29b3cb29-groupManagement] INFO  server.RaftServerConfigKeys (ConfUtils.java:logGet(46)) - raft.server.rpc.request.timeout = 3000ms (default)
2024-08-10 09:46:51,505 [c1014618-c100-4e2c-97d7-038e29b3cb29-groupManagement] INFO  server.RaftServerConfigKeys (ConfUtils.java:logGet(46)) - raft.server.log.appender.install.snapshot.enabled = false (custom)
2024-08-10 09:46:51,505 [c1014618-c100-4e2c-97d7-038e29b3cb29-groupManagement] INFO  server.RaftServerConfigKeys (ConfUtils.java:logGet(46)) - raft.server.threadpool.server.cached = true (default)
2024-08-10 09:46:51,505 [c1014618-c100-4e2c-97d7-038e29b3cb29-groupManagement] INFO  server.RaftServerConfigKeys (ConfUtils.java:logGet(46)) - raft.server.threadpool.server.size = 0 (default)
2024-08-10 09:46:51,505 [c1014618-c100-4e2c-97d7-038e29b3cb29-groupManagement] INFO  server.RaftServerConfigKeys (ConfUtils.java:logGet(46)) - raft.server.threadpool.client.cached = true (default)
2024-08-10 09:46:51,505 [c1014618-c100-4e2c-97d7-038e29b3cb29-groupManagement] INFO  server.RaftServerConfigKeys (ConfUtils.java:logGet(46)) - raft.server.threadpool.client.size = 0 (default)
2024-08-10 09:46:51,505 [c1014618-c100-4e2c-97d7-038e29b3cb29-groupManagement] INFO  server.RaftServerConfigKeys (ConfUtils.java:logGet(46)) - raft.server.storage.free-space.min = 0MB (=0) (default)
2024-08-10 09:46:51,505 [c1014618-c100-4e2c-97d7-038e29b3cb29-groupManagement] INFO  server.RaftServerConfigKeys (ConfUtils.java:logGet(46)) - raft.server.log.corruption.policy = EXCEPTION (default)
2024-08-10 09:46:51,505 [c1014618-c100-4e2c-97d7-038e29b3cb29-groupManagement] INFO  server.RaftServerConfigKeys (ConfUtils.java:logGet(46)) - raft.server.storage.dir = [/home/runner/work/ozone/ozone/hadoop-ozone/integration-test/target/test-dir/MiniOzoneClusterImpl-25487c27-6224-40aa-b0ad-008c83bbb5f2/ozone-meta/datanode-3/ratis] (custom)
2024-08-10 09:46:51,505 [c1014618-c100-4e2c-97d7-038e29b3cb29-groupManagement] INFO  storage.RaftStorageDirectory (RaftStorageDirectoryImpl.java:analyzeStorage(138)) - The storage directory /home/runner/work/ozone/ozone/hadoop-ozone/integration-test/target/test-dir/MiniOzoneClusterImpl-25487c27-6224-40aa-b0ad-008c83bbb5f2/ozone-meta/datanode-3/ratis/7d93cbef-a4b5-4c7a-9a4f-6a5c3cd0fcc4 does not exist. Creating ...
2024-08-10 09:46:51,506 [c1014618-c100-4e2c-97d7-038e29b3cb29-groupManagement] INFO  storage.RaftStorageDirectory (RaftStorageDirectoryImpl.java:tryLock(229)) - Lock on /home/runner/work/ozone/ozone/hadoop-ozone/integration-test/target/test-dir/MiniOzoneClusterImpl-25487c27-6224-40aa-b0ad-008c83bbb5f2/ozone-meta/datanode-3/ratis/7d93cbef-a4b5-4c7a-9a4f-6a5c3cd0fcc4/in_use.lock acquired by nodename 50124@fv-az701-157
2024-08-10 09:46:51,507 [c1014618-c100-4e2c-97d7-038e29b3cb29-groupManagement] INFO  storage.RaftStorage (RaftStorageImpl.java:format(98)) - Storage directory /home/runner/work/ozone/ozone/hadoop-ozone/integration-test/target/test-dir/MiniOzoneClusterImpl-25487c27-6224-40aa-b0ad-008c83bbb5f2/ozone-meta/datanode-3/ratis/7d93cbef-a4b5-4c7a-9a4f-6a5c3cd0fcc4 has been successfully formatted.
2024-08-10 09:46:51,507 [c1014618-c100-4e2c-97d7-038e29b3cb29-groupManagement] INFO  ratis.ContainerStateMachine (ContainerStateMachine.java:loadSnapshot(287)) - group-6A5C3CD0FCC4: The snapshot info is null. Setting the last applied index to:(t:0, i:~)
2024-08-10 09:46:51,507 [c1014618-c100-4e2c-97d7-038e29b3cb29-groupManagement] INFO  server.RaftServerConfigKeys (ConfUtils.java:logGet(46)) - raft.server.log.use.memory = false (default)
2024-08-10 09:46:51,508 [c1014618-c100-4e2c-97d7-038e29b3cb29-groupManagement] INFO  server.RaftServerConfigKeys (ConfUtils.java:logGet(46)) - raft.server.log.purge.gap = 1000000 (custom)
2024-08-10 09:46:51,508 [c1014618-c100-4e2c-97d7-038e29b3cb29-groupManagement] INFO  server.RaftServerConfigKeys (ConfUtils.java:logGet(46)) - raft.server.log.appender.buffer.byte-limit = 8388608 (custom)
2024-08-10 09:46:51,508 [c1014618-c100-4e2c-97d7-038e29b3cb29-groupManagement] INFO  server.RaftServerConfigKeys (ConfUtils.java:logGet(46)) - raft.server.log.statemachine.data.read.timeout = 1000ms (default)
2024-08-10 09:46:51,508 [c1014618-c100-4e2c-97d7-038e29b3cb29-groupManagement] INFO  server.RaftServerConfigKeys (ConfUtils.java:logGet(46)) - raft.server.log.purge.preservation.log.num = 0 (default)
2024-08-10 09:46:51,508 [EventQueue-PipelineReportForPipelineReportHandler] INFO  pipeline.PipelineReportHandler (PipelineReportHandler.java:processPipelineReport(136)) - Opened pipeline PipelineID=7d93cbef-a4b5-4c7a-9a4f-6a5c3cd0fcc4
2024-08-10 09:46:51,508 [EventQueue-OpenPipelineForHealthyPipelineSafeModeRule] INFO  safemode.SCMSafeModeManager (HealthyPipelineSafeModeRule.java:process(140)) - SCM in safe mode. Healthy pipelines reported count is 0, required healthy pipeline reported count is 1
2024-08-10 09:46:51,509 [c1014618-c100-4e2c-97d7-038e29b3cb29-groupManagement] INFO  server.RaftServerConfigKeys (ConfUtils.java:logGet(46)) - raft.server.log.segment.size.max = 67108864 (custom)
2024-08-10 09:46:51,510 [c1014618-c100-4e2c-97d7-038e29b3cb29-groupManagement] INFO  server.RaftServerConfigKeys (ConfUtils.java:logGet(46)) - raft.server.log.segment.cache.num.max = 2 (custom)
2024-08-10 09:46:51,510 [c1014618-c100-4e2c-97d7-038e29b3cb29-groupManagement] INFO  server.RaftServerConfigKeys (ConfUtils.java:logGet(46)) - raft.server.log.segment.cache.size.max = 200MB (=209715200) (default)
2024-08-10 09:46:51,510 [c1014618-c100-4e2c-97d7-038e29b3cb29-groupManagement] INFO  server.RaftServerConfigKeys (ConfUtils.java:logGet(46)) - raft.server.log.appender.buffer.byte-limit = 8388608 (custom)
2024-08-10 09:46:51,510 [c1014618-c100-4e2c-97d7-038e29b3cb29-groupManagement] INFO  util.AwaitToRun (AwaitToRun.java:start(81)) - Thread[c1014618-c100-4e2c-97d7-038e29b3cb29@group-6A5C3CD0FCC4-cacheEviction-AwaitToRun,5,main] started
2024-08-10 09:46:51,510 [c1014618-c100-4e2c-97d7-038e29b3cb29-groupManagement] INFO  segmented.SegmentedRaftLogWorker (SegmentedRaftLogWorker.java:<init>(184)) - new c1014618-c100-4e2c-97d7-038e29b3cb29@group-6A5C3CD0FCC4-SegmentedRaftLogWorker for RaftStorageImpl:Storage Directory /home/runner/work/ozone/ozone/hadoop-ozone/integration-test/target/test-dir/MiniOzoneClusterImpl-25487c27-6224-40aa-b0ad-008c83bbb5f2/ozone-meta/datanode-3/ratis/7d93cbef-a4b5-4c7a-9a4f-6a5c3cd0fcc4
2024-08-10 09:46:51,510 [c1014618-c100-4e2c-97d7-038e29b3cb29-groupManagement] INFO  server.RaftServerConfigKeys (ConfUtils.java:logGet(46)) - raft.server.log.queue.byte-limit = 4294967296 (custom)
2024-08-10 09:46:51,510 [c1014618-c100-4e2c-97d7-038e29b3cb29-groupManagement] INFO  server.RaftServerConfigKeys (ConfUtils.java:logGet(46)) - raft.server.log.queue.element-limit = 1024 (custom)
2024-08-10 09:46:51,510 [c1014618-c100-4e2c-97d7-038e29b3cb29-groupManagement] INFO  server.RaftServerConfigKeys (ConfUtils.java:logGet(46)) - raft.server.log.segment.size.max = 67108864 (custom)
2024-08-10 09:46:51,510 [c1014618-c100-4e2c-97d7-038e29b3cb29-groupManagement] INFO  server.RaftServerConfigKeys (ConfUtils.java:logGet(46)) - raft.server.log.preallocated.size = 4194304 (custom)
2024-08-10 09:46:51,510 [c1014618-c100-4e2c-97d7-038e29b3cb29-groupManagement] INFO  server.RaftServerConfigKeys (ConfUtils.java:logGet(46)) - raft.server.log.force.sync.num = 128 (default)
2024-08-10 09:46:51,510 [c1014618-c100-4e2c-97d7-038e29b3cb29-groupManagement] INFO  server.RaftServerConfigKeys (ConfUtils.java:logGet(46)) - raft.server.log.statemachine.data.sync = true (default)
2024-08-10 09:46:51,510 [c1014618-c100-4e2c-97d7-038e29b3cb29-groupManagement] INFO  server.RaftServerConfigKeys (ConfUtils.java:logGet(46)) - raft.server.log.statemachine.data.sync.timeout = 10s (default)
2024-08-10 09:46:51,510 [c1014618-c100-4e2c-97d7-038e29b3cb29-groupManagement] INFO  server.RaftServerConfigKeys (ConfUtils.java:logGet(46)) - raft.server.log.statemachine.data.sync.timeout.retry = 30 (custom)
2024-08-10 09:46:51,511 [c1014618-c100-4e2c-97d7-038e29b3cb29-groupManagement] INFO  server.RaftServerConfigKeys (ConfUtils.java:logGet(46)) - raft.server.log.write.buffer.size = 8388616 (custom)
2024-08-10 09:46:51,512 [c1014618-c100-4e2c-97d7-038e29b3cb29-groupManagement] INFO  server.RaftServerConfigKeys (ConfUtils.java:logGet(46)) - raft.server.log.appender.buffer.byte-limit = 8388608 (custom)
2024-08-10 09:46:51,512 [c1014618-c100-4e2c-97d7-038e29b3cb29-groupManagement] INFO  server.RaftServerConfigKeys (ConfUtils.java:logGet(46)) - raft.server.log.unsafe-flush.enabled = false (default)
2024-08-10 09:46:51,512 [c1014618-c100-4e2c-97d7-038e29b3cb29-groupManagement] INFO  server.RaftServerConfigKeys (ConfUtils.java:logGet(46)) - raft.server.log.async-flush.enabled = false (default)
2024-08-10 09:46:51,512 [c1014618-c100-4e2c-97d7-038e29b3cb29-groupManagement] INFO  server.RaftServerConfigKeys (ConfUtils.java:logGet(46)) - raft.server.log.statemachine.data.caching.enabled = true (custom)
2024-08-10 09:46:51,512 [c1014618-c100-4e2c-97d7-038e29b3cb29-groupManagement] INFO  segmented.SegmentedRaftLogWorker (SegmentedRaftLogWorker.java:lambda$new$0(135)) - c1014618-c100-4e2c-97d7-038e29b3cb29@group-6A5C3CD0FCC4-SegmentedRaftLogWorker: flushIndex: setUnconditionally 0 -> -1
2024-08-10 09:46:51,512 [c1014618-c100-4e2c-97d7-038e29b3cb29-groupManagement] INFO  segmented.SegmentedRaftLogWorker (SegmentedRaftLogWorker.java:lambda$new$0(135)) - c1014618-c100-4e2c-97d7-038e29b3cb29@group-6A5C3CD0FCC4-SegmentedRaftLogWorker: safeCacheEvictIndex: setUnconditionally 0 -> -1
2024-08-10 09:46:51,513 [c1014618-c100-4e2c-97d7-038e29b3cb29-groupManagement] INFO  server.RaftServer$Division (RaftServerImpl.java:start(389)) - c1014618-c100-4e2c-97d7-038e29b3cb29@group-6A5C3CD0FCC4: start as a follower, conf=conf: {index: -1, cur=peers:[c1014618-c100-4e2c-97d7-038e29b3cb29|127.0.0.1:15613]|listeners:[], old=null}
2024-08-10 09:46:51,513 [c1014618-c100-4e2c-97d7-038e29b3cb29-groupManagement] INFO  server.RaftServer$Division (RaftServerImpl.java:setRole(376)) - c1014618-c100-4e2c-97d7-038e29b3cb29@group-6A5C3CD0FCC4: changes role from      null to FOLLOWER at term 0 for startAsFollower
2024-08-10 09:46:51,513 [c1014618-c100-4e2c-97d7-038e29b3cb29-groupManagement] INFO  impl.RoleInfo (RoleInfo.java:updateAndGet(148)) - c1014618-c100-4e2c-97d7-038e29b3cb29: start c1014618-c100-4e2c-97d7-038e29b3cb29@group-6A5C3CD0FCC4-FollowerState
2024-08-10 09:46:51,513 [c1014618-c100-4e2c-97d7-038e29b3cb29@group-6A5C3CD0FCC4-FollowerState] INFO  server.RaftServerConfigKeys (ConfUtils.java:logFallback(53)) - raft.server.rpc.first-election.timeout.min = 5s (fallback to raft.server.rpc.timeout.min)
2024-08-10 09:46:51,513 [c1014618-c100-4e2c-97d7-038e29b3cb29@group-6A5C3CD0FCC4-FollowerState] INFO  server.RaftServerConfigKeys (ConfUtils.java:logFallback(53)) - raft.server.rpc.first-election.timeout.max = 5200ms (fallback to raft.server.rpc.timeout.max)
2024-08-10 09:46:51,513 [c1014618-c100-4e2c-97d7-038e29b3cb29-groupManagement] INFO  util.JmxRegister (JmxRegister.java:tryRegister(44)) - Successfully registered JMX Bean with object name Ratis:service=RaftServer,group=group-6A5C3CD0FCC4,id=c1014618-c100-4e2c-97d7-038e29b3cb29
2024-08-10 09:46:51,513 [c1014618-c100-4e2c-97d7-038e29b3cb29-groupManagement] INFO  util.JmxRegister (JmxRegister.java:register(58)) - register mxBean class org.apache.ratis.server.impl.RaftServerJmxAdapter as Ratis:service=RaftServer,group=group-6A5C3CD0FCC4,id=c1014618-c100-4e2c-97d7-038e29b3cb29
2024-08-10 09:46:51,513 [c1014618-c100-4e2c-97d7-038e29b3cb29-groupManagement] INFO  server.RaftServerConfigKeys (ConfUtils.java:logGet(46)) - raft.server.snapshot.trigger-when-stop.enabled = true (default)
2024-08-10 09:46:51,513 [c1014618-c100-4e2c-97d7-038e29b3cb29-groupManagement] INFO  server.RaftServerConfigKeys (ConfUtils.java:logGet(46)) - raft.server.snapshot.trigger-when-remove.enabled = true (default)
2024-08-10 09:46:51,513 [c1014618-c100-4e2c-97d7-038e29b3cb29-groupManagement] INFO  server.RaftServerConfigKeys (ConfUtils.java:logGet(46)) - raft.server.snapshot.auto.trigger.enabled = true (custom)
2024-08-10 09:46:51,513 [c1014618-c100-4e2c-97d7-038e29b3cb29-groupManagement] INFO  server.RaftServerConfigKeys (ConfUtils.java:logGet(46)) - raft.server.snapshot.auto.trigger.threshold = 10000 (custom)
2024-08-10 09:46:51,514 [c1014618-c100-4e2c-97d7-038e29b3cb29-groupManagement] INFO  server.RaftServerConfigKeys (ConfUtils.java:logGet(46)) - raft.server.snapshot.retention.file.num = 5 (custom)
2024-08-10 09:46:51,514 [c1014618-c100-4e2c-97d7-038e29b3cb29-groupManagement] INFO  server.RaftServerConfigKeys (ConfUtils.java:logGet(46)) - raft.server.log.purge.upto.snapshot.index = false (default)
2024-08-10 09:46:51,514 [c1014618-c100-4e2c-97d7-038e29b3cb29-PipelineCommandHandlerThread-0] INFO  ratis.XceiverServerRatis (XceiverServerRatis.java:addGroup(846)) - Created group PipelineID=7d93cbef-a4b5-4c7a-9a4f-6a5c3cd0fcc4
2024-08-10 09:46:51,514 [c1014618-c100-4e2c-97d7-038e29b3cb29-PipelineCommandHandlerThread-0] INFO  commandhandler.CreatePipelineCommandHandler (CreatePipelineCommandHandler.java:lambda$handle$2(124)) - Created Pipeline RATIS ONE PipelineID=7d93cbef-a4b5-4c7a-9a4f-6a5c3cd0fcc4.
2024-08-10 09:46:51,727 [283db307-1259-4af7-a854-e925d39aa7b7-PipelineCommandHandlerThread-0] INFO  server.RaftServer (RaftServerProxy.java:addNew(101)) - 283db307-1259-4af7-a854-e925d39aa7b7: addNew group-BEC0B074B073:[283db307-1259-4af7-a854-e925d39aa7b7|127.0.0.1:15622] returns group-BEC0B074B073:java.util.concurrent.CompletableFuture@4285a9ca[Not completed]
2024-08-10 09:46:51,728 [283db307-1259-4af7-a854-e925d39aa7b7-groupManagement] INFO  server.RaftServer$Division (RaftServerImpl.java:<init>(253)) - 283db307-1259-4af7-a854-e925d39aa7b7: new RaftServerImpl for group-BEC0B074B073:[283db307-1259-4af7-a854-e925d39aa7b7|127.0.0.1:15622] with ContainerStateMachine:uninitialized
2024-08-10 09:46:51,728 [283db307-1259-4af7-a854-e925d39aa7b7-groupManagement] INFO  server.RaftServerConfigKeys (ConfUtils.java:logGet(46)) - raft.server.rpc.timeout.min = 5s (custom)
2024-08-10 09:46:51,728 [283db307-1259-4af7-a854-e925d39aa7b7-groupManagement] INFO  server.RaftServerConfigKeys (ConfUtils.java:logGet(46)) - raft.server.rpc.timeout.max = 5200ms (custom)
2024-08-10 09:46:51,728 [283db307-1259-4af7-a854-e925d39aa7b7-groupManagement] INFO  server.RaftServerConfigKeys (ConfUtils.java:logGet(46)) - raft.server.rpc.sleep.time = 25ms (default)
2024-08-10 09:46:51,728 [283db307-1259-4af7-a854-e925d39aa7b7-groupManagement] INFO  server.RaftServerConfigKeys (ConfUtils.java:logGet(46)) - raft.server.rpc.slowness.timeout = 300000ms (custom)
2024-08-10 09:46:51,728 [283db307-1259-4af7-a854-e925d39aa7b7-groupManagement] INFO  server.RaftServerConfigKeys (ConfUtils.java:logGet(46)) - raft.server.leaderelection.leader.step-down.wait-time = 10s (default)
2024-08-10 09:46:51,728 [283db307-1259-4af7-a854-e925d39aa7b7-groupManagement] INFO  server.RaftServerConfigKeys (ConfUtils.java:logGet(46)) - raft.server.leaderelection.member.majority-add = false (default)
2024-08-10 09:46:51,728 [283db307-1259-4af7-a854-e925d39aa7b7-groupManagement] INFO  server.RaftServerConfigKeys (ConfUtils.java:logGet(46)) - raft.server.sleep.deviation.threshold = 300ms (default)
2024-08-10 09:46:51,728 [283db307-1259-4af7-a854-e925d39aa7b7-groupManagement] INFO  server.RaftServer$Division (ServerState.java:<init>(114)) - 283db307-1259-4af7-a854-e925d39aa7b7@group-BEC0B074B073: ConfigurationManager, init=conf: {index: -1, cur=peers:[283db307-1259-4af7-a854-e925d39aa7b7|127.0.0.1:15622]|listeners:[], old=null}, confs=<EMPTY_MAP>
2024-08-10 09:46:51,728 [283db307-1259-4af7-a854-e925d39aa7b7-groupManagement] INFO  server.RaftServerConfigKeys (ConfUtils.java:logGet(46)) - raft.server.notification.no-leader.timeout = 300000ms (custom)
2024-08-10 09:46:51,728 [283db307-1259-4af7-a854-e925d39aa7b7-groupManagement] INFO  server.RaftServerConfigKeys (ConfUtils.java:logGet(46)) - raft.server.read.timeout = 10s (default)
2024-08-10 09:46:51,728 [283db307-1259-4af7-a854-e925d39aa7b7-groupManagement] INFO  server.RaftServerConfigKeys (ConfUtils.java:logGet(46)) - raft.server.retrycache.expirytime = 600000ms (custom)
2024-08-10 09:46:51,728 [283db307-1259-4af7-a854-e925d39aa7b7-groupManagement] INFO  server.RaftServerConfigKeys (ConfUtils.java:logGet(46)) - raft.server.retrycache.statistics.expirytime = 100ms (default)
2024-08-10 09:46:51,728 [283db307-1259-4af7-a854-e925d39aa7b7-groupManagement] INFO  server.RaftServerConfigKeys (ConfUtils.java:logGet(46)) - raft.server.read.option = DEFAULT (default)
2024-08-10 09:46:51,728 [283db307-1259-4af7-a854-e925d39aa7b7-groupManagement] INFO  server.RaftServerConfigKeys (ConfUtils.java:logGet(46)) - raft.server.read.read-after-write-consistent.write-index-cache.expiry-time = 60s (default)
2024-08-10 09:46:51,731 [283db307-1259-4af7-a854-e925d39aa7b7-groupManagement] INFO  server.RaftServerConfigKeys (ConfUtils.java:logGet(46)) - raft.server.rpc.request.timeout = 3000ms (default)
2024-08-10 09:46:51,731 [283db307-1259-4af7-a854-e925d39aa7b7-groupManagement] INFO  server.RaftServerConfigKeys (ConfUtils.java:logGet(46)) - raft.server.log.appender.install.snapshot.enabled = false (custom)
2024-08-10 09:46:51,731 [283db307-1259-4af7-a854-e925d39aa7b7-groupManagement] INFO  server.RaftServerConfigKeys (ConfUtils.java:logGet(46)) - raft.server.threadpool.server.cached = true (default)
2024-08-10 09:46:51,731 [283db307-1259-4af7-a854-e925d39aa7b7-groupManagement] INFO  server.RaftServerConfigKeys (ConfUtils.java:logGet(46)) - raft.server.threadpool.server.size = 0 (default)
2024-08-10 09:46:51,731 [283db307-1259-4af7-a854-e925d39aa7b7-groupManagement] INFO  server.RaftServerConfigKeys (ConfUtils.java:logGet(46)) - raft.server.threadpool.client.cached = true (default)
2024-08-10 09:46:51,731 [283db307-1259-4af7-a854-e925d39aa7b7-groupManagement] INFO  server.RaftServerConfigKeys (ConfUtils.java:logGet(46)) - raft.server.threadpool.client.size = 0 (default)
2024-08-10 09:46:51,731 [283db307-1259-4af7-a854-e925d39aa7b7-groupManagement] INFO  server.RaftServerConfigKeys (ConfUtils.java:logGet(46)) - raft.server.storage.free-space.min = 0MB (=0) (default)
2024-08-10 09:46:51,731 [283db307-1259-4af7-a854-e925d39aa7b7-groupManagement] INFO  server.RaftServerConfigKeys (ConfUtils.java:logGet(46)) - raft.server.log.corruption.policy = EXCEPTION (default)
2024-08-10 09:46:51,731 [283db307-1259-4af7-a854-e925d39aa7b7-groupManagement] INFO  server.RaftServerConfigKeys (ConfUtils.java:logGet(46)) - raft.server.storage.dir = [/home/runner/work/ozone/ozone/hadoop-ozone/integration-test/target/test-dir/MiniOzoneClusterImpl-25487c27-6224-40aa-b0ad-008c83bbb5f2/ozone-meta/datanode-4/ratis] (custom)
2024-08-10 09:46:51,731 [283db307-1259-4af7-a854-e925d39aa7b7-groupManagement] INFO  storage.RaftStorageDirectory (RaftStorageDirectoryImpl.java:analyzeStorage(138)) - The storage directory /home/runner/work/ozone/ozone/hadoop-ozone/integration-test/target/test-dir/MiniOzoneClusterImpl-25487c27-6224-40aa-b0ad-008c83bbb5f2/ozone-meta/datanode-4/ratis/51395f91-f202-479d-987a-bec0b074b073 does not exist. Creating ...
2024-08-10 09:46:51,733 [283db307-1259-4af7-a854-e925d39aa7b7-groupManagement] INFO  storage.RaftStorageDirectory (RaftStorageDirectoryImpl.java:tryLock(229)) - Lock on /home/runner/work/ozone/ozone/hadoop-ozone/integration-test/target/test-dir/MiniOzoneClusterImpl-25487c27-6224-40aa-b0ad-008c83bbb5f2/ozone-meta/datanode-4/ratis/51395f91-f202-479d-987a-bec0b074b073/in_use.lock acquired by nodename 50124@fv-az701-157
2024-08-10 09:46:51,733 [283db307-1259-4af7-a854-e925d39aa7b7-groupManagement] INFO  storage.RaftStorage (RaftStorageImpl.java:format(98)) - Storage directory /home/runner/work/ozone/ozone/hadoop-ozone/integration-test/target/test-dir/MiniOzoneClusterImpl-25487c27-6224-40aa-b0ad-008c83bbb5f2/ozone-meta/datanode-4/ratis/51395f91-f202-479d-987a-bec0b074b073 has been successfully formatted.
2024-08-10 09:46:51,734 [283db307-1259-4af7-a854-e925d39aa7b7-groupManagement] INFO  ratis.ContainerStateMachine (ContainerStateMachine.java:loadSnapshot(287)) - group-BEC0B074B073: The snapshot info is null. Setting the last applied index to:(t:0, i:~)
2024-08-10 09:46:51,734 [283db307-1259-4af7-a854-e925d39aa7b7-groupManagement] INFO  server.RaftServerConfigKeys (ConfUtils.java:logGet(46)) - raft.server.log.use.memory = false (default)
2024-08-10 09:46:51,734 [283db307-1259-4af7-a854-e925d39aa7b7-groupManagement] INFO  server.RaftServerConfigKeys (ConfUtils.java:logGet(46)) - raft.server.log.purge.gap = 1000000 (custom)
2024-08-10 09:46:51,734 [283db307-1259-4af7-a854-e925d39aa7b7-groupManagement] INFO  server.RaftServerConfigKeys (ConfUtils.java:logGet(46)) - raft.server.log.appender.buffer.byte-limit = 8388608 (custom)
2024-08-10 09:46:51,734 [283db307-1259-4af7-a854-e925d39aa7b7-groupManagement] INFO  server.RaftServerConfigKeys (ConfUtils.java:logGet(46)) - raft.server.log.statemachine.data.read.timeout = 1000ms (default)
2024-08-10 09:46:51,734 [283db307-1259-4af7-a854-e925d39aa7b7-groupManagement] INFO  server.RaftServerConfigKeys (ConfUtils.java:logGet(46)) - raft.server.log.purge.preservation.log.num = 0 (default)
2024-08-10 09:46:51,734 [EventQueue-PipelineReportForPipelineReportHandler] INFO  pipeline.PipelineReportHandler (PipelineReportHandler.java:processPipelineReport(136)) - Opened pipeline PipelineID=51395f91-f202-479d-987a-bec0b074b073
2024-08-10 09:46:51,735 [EventQueue-OpenPipelineForHealthyPipelineSafeModeRule] INFO  safemode.SCMSafeModeManager (HealthyPipelineSafeModeRule.java:process(140)) - SCM in safe mode. Healthy pipelines reported count is 0, required healthy pipeline reported count is 1
2024-08-10 09:46:51,735 [283db307-1259-4af7-a854-e925d39aa7b7-groupManagement] INFO  server.RaftServerConfigKeys (ConfUtils.java:logGet(46)) - raft.server.log.segment.size.max = 67108864 (custom)
2024-08-10 09:46:51,736 [283db307-1259-4af7-a854-e925d39aa7b7-groupManagement] INFO  server.RaftServerConfigKeys (ConfUtils.java:logGet(46)) - raft.server.log.segment.cache.num.max = 2 (custom)
2024-08-10 09:46:51,736 [283db307-1259-4af7-a854-e925d39aa7b7-groupManagement] INFO  server.RaftServerConfigKeys (ConfUtils.java:logGet(46)) - raft.server.log.segment.cache.size.max = 200MB (=209715200) (default)
2024-08-10 09:46:51,736 [283db307-1259-4af7-a854-e925d39aa7b7-groupManagement] INFO  server.RaftServerConfigKeys (ConfUtils.java:logGet(46)) - raft.server.log.appender.buffer.byte-limit = 8388608 (custom)
2024-08-10 09:46:51,736 [283db307-1259-4af7-a854-e925d39aa7b7-groupManagement] INFO  util.AwaitToRun (AwaitToRun.java:start(81)) - Thread[283db307-1259-4af7-a854-e925d39aa7b7@group-BEC0B074B073-cacheEviction-AwaitToRun,5,main] started
2024-08-10 09:46:51,736 [283db307-1259-4af7-a854-e925d39aa7b7-groupManagement] INFO  segmented.SegmentedRaftLogWorker (SegmentedRaftLogWorker.java:<init>(184)) - new 283db307-1259-4af7-a854-e925d39aa7b7@group-BEC0B074B073-SegmentedRaftLogWorker for RaftStorageImpl:Storage Directory /home/runner/work/ozone/ozone/hadoop-ozone/integration-test/target/test-dir/MiniOzoneClusterImpl-25487c27-6224-40aa-b0ad-008c83bbb5f2/ozone-meta/datanode-4/ratis/51395f91-f202-479d-987a-bec0b074b073
2024-08-10 09:46:51,736 [283db307-1259-4af7-a854-e925d39aa7b7-groupManagement] INFO  server.RaftServerConfigKeys (ConfUtils.java:logGet(46)) - raft.server.log.queue.byte-limit = 4294967296 (custom)
2024-08-10 09:46:51,736 [283db307-1259-4af7-a854-e925d39aa7b7-groupManagement] INFO  server.RaftServerConfigKeys (ConfUtils.java:logGet(46)) - raft.server.log.queue.element-limit = 1024 (custom)
2024-08-10 09:46:51,736 [283db307-1259-4af7-a854-e925d39aa7b7-groupManagement] INFO  server.RaftServerConfigKeys (ConfUtils.java:logGet(46)) - raft.server.log.segment.size.max = 67108864 (custom)
2024-08-10 09:46:51,736 [283db307-1259-4af7-a854-e925d39aa7b7-groupManagement] INFO  server.RaftServerConfigKeys (ConfUtils.java:logGet(46)) - raft.server.log.preallocated.size = 4194304 (custom)
2024-08-10 09:46:51,736 [283db307-1259-4af7-a854-e925d39aa7b7-groupManagement] INFO  server.RaftServerConfigKeys (ConfUtils.java:logGet(46)) - raft.server.log.force.sync.num = 128 (default)
2024-08-10 09:46:51,736 [283db307-1259-4af7-a854-e925d39aa7b7-groupManagement] INFO  server.RaftServerConfigKeys (ConfUtils.java:logGet(46)) - raft.server.log.statemachine.data.sync = true (default)
2024-08-10 09:46:51,736 [283db307-1259-4af7-a854-e925d39aa7b7-groupManagement] INFO  server.RaftServerConfigKeys (ConfUtils.java:logGet(46)) - raft.server.log.statemachine.data.sync.timeout = 10s (default)
2024-08-10 09:46:51,736 [283db307-1259-4af7-a854-e925d39aa7b7-groupManagement] INFO  server.RaftServerConfigKeys (ConfUtils.java:logGet(46)) - raft.server.log.statemachine.data.sync.timeout.retry = 30 (custom)
2024-08-10 09:46:51,737 [283db307-1259-4af7-a854-e925d39aa7b7-groupManagement] INFO  server.RaftServerConfigKeys (ConfUtils.java:logGet(46)) - raft.server.log.write.buffer.size = 8388616 (custom)
2024-08-10 09:46:51,738 [283db307-1259-4af7-a854-e925d39aa7b7-groupManagement] INFO  server.RaftServerConfigKeys (ConfUtils.java:logGet(46)) - raft.server.log.appender.buffer.byte-limit = 8388608 (custom)
2024-08-10 09:46:51,738 [283db307-1259-4af7-a854-e925d39aa7b7-groupManagement] INFO  server.RaftServerConfigKeys (ConfUtils.java:logGet(46)) - raft.server.log.unsafe-flush.enabled = false (default)
2024-08-10 09:46:51,738 [283db307-1259-4af7-a854-e925d39aa7b7-groupManagement] INFO  server.RaftServerConfigKeys (ConfUtils.java:logGet(46)) - raft.server.log.async-flush.enabled = false (default)
2024-08-10 09:46:51,738 [283db307-1259-4af7-a854-e925d39aa7b7-groupManagement] INFO  server.RaftServerConfigKeys (ConfUtils.java:logGet(46)) - raft.server.log.statemachine.data.caching.enabled = true (custom)
2024-08-10 09:46:51,738 [283db307-1259-4af7-a854-e925d39aa7b7-groupManagement] INFO  segmented.SegmentedRaftLogWorker (SegmentedRaftLogWorker.java:lambda$new$0(135)) - 283db307-1259-4af7-a854-e925d39aa7b7@group-BEC0B074B073-SegmentedRaftLogWorker: flushIndex: setUnconditionally 0 -> -1
2024-08-10 09:46:51,738 [283db307-1259-4af7-a854-e925d39aa7b7-groupManagement] INFO  segmented.SegmentedRaftLogWorker (SegmentedRaftLogWorker.java:lambda$new$0(135)) - 283db307-1259-4af7-a854-e925d39aa7b7@group-BEC0B074B073-SegmentedRaftLogWorker: safeCacheEvictIndex: setUnconditionally 0 -> -1
2024-08-10 09:46:51,739 [283db307-1259-4af7-a854-e925d39aa7b7-groupManagement] INFO  server.RaftServer$Division (RaftServerImpl.java:start(389)) - 283db307-1259-4af7-a854-e925d39aa7b7@group-BEC0B074B073: start as a follower, conf=conf: {index: -1, cur=peers:[283db307-1259-4af7-a854-e925d39aa7b7|127.0.0.1:15622]|listeners:[], old=null}
2024-08-10 09:46:51,739 [283db307-1259-4af7-a854-e925d39aa7b7-groupManagement] INFO  server.RaftServer$Division (RaftServerImpl.java:setRole(376)) - 283db307-1259-4af7-a854-e925d39aa7b7@group-BEC0B074B073: changes role from      null to FOLLOWER at term 0 for startAsFollower
2024-08-10 09:46:51,739 [283db307-1259-4af7-a854-e925d39aa7b7-groupManagement] INFO  impl.RoleInfo (RoleInfo.java:updateAndGet(148)) - 283db307-1259-4af7-a854-e925d39aa7b7: start 283db307-1259-4af7-a854-e925d39aa7b7@group-BEC0B074B073-FollowerState
2024-08-10 09:46:51,739 [283db307-1259-4af7-a854-e925d39aa7b7@group-BEC0B074B073-FollowerState] INFO  server.RaftServerConfigKeys (ConfUtils.java:logFallback(53)) - raft.server.rpc.first-election.timeout.min = 5s (fallback to raft.server.rpc.timeout.min)
2024-08-10 09:46:51,739 [283db307-1259-4af7-a854-e925d39aa7b7@group-BEC0B074B073-FollowerState] INFO  server.RaftServerConfigKeys (ConfUtils.java:logFallback(53)) - raft.server.rpc.first-election.timeout.max = 5200ms (fallback to raft.server.rpc.timeout.max)
2024-08-10 09:46:51,739 [283db307-1259-4af7-a854-e925d39aa7b7-groupManagement] INFO  util.JmxRegister (JmxRegister.java:tryRegister(44)) - Successfully registered JMX Bean with object name Ratis:service=RaftServer,group=group-BEC0B074B073,id=283db307-1259-4af7-a854-e925d39aa7b7
2024-08-10 09:46:51,739 [283db307-1259-4af7-a854-e925d39aa7b7-groupManagement] INFO  util.JmxRegister (JmxRegister.java:register(58)) - register mxBean class org.apache.ratis.server.impl.RaftServerJmxAdapter as Ratis:service=RaftServer,group=group-BEC0B074B073,id=283db307-1259-4af7-a854-e925d39aa7b7
2024-08-10 09:46:51,739 [283db307-1259-4af7-a854-e925d39aa7b7-groupManagement] INFO  server.RaftServerConfigKeys (ConfUtils.java:logGet(46)) - raft.server.snapshot.trigger-when-stop.enabled = true (default)
2024-08-10 09:46:51,739 [283db307-1259-4af7-a854-e925d39aa7b7-groupManagement] INFO  server.RaftServerConfigKeys (ConfUtils.java:logGet(46)) - raft.server.snapshot.trigger-when-remove.enabled = true (default)
2024-08-10 09:46:51,739 [283db307-1259-4af7-a854-e925d39aa7b7-groupManagement] INFO  server.RaftServerConfigKeys (ConfUtils.java:logGet(46)) - raft.server.snapshot.auto.trigger.enabled = true (custom)
2024-08-10 09:46:51,739 [283db307-1259-4af7-a854-e925d39aa7b7-groupManagement] INFO  server.RaftServerConfigKeys (ConfUtils.java:logGet(46)) - raft.server.snapshot.auto.trigger.threshold = 10000 (custom)
2024-08-10 09:46:51,739 [283db307-1259-4af7-a854-e925d39aa7b7-groupManagement] INFO  server.RaftServerConfigKeys (ConfUtils.java:logGet(46)) - raft.server.snapshot.retention.file.num = 5 (custom)
2024-08-10 09:46:51,739 [283db307-1259-4af7-a854-e925d39aa7b7-groupManagement] INFO  server.RaftServerConfigKeys (ConfUtils.java:logGet(46)) - raft.server.log.purge.upto.snapshot.index = false (default)
2024-08-10 09:46:51,740 [283db307-1259-4af7-a854-e925d39aa7b7-PipelineCommandHandlerThread-0] INFO  ratis.XceiverServerRatis (XceiverServerRatis.java:addGroup(846)) - Created group PipelineID=51395f91-f202-479d-987a-bec0b074b073
2024-08-10 09:46:51,740 [283db307-1259-4af7-a854-e925d39aa7b7-PipelineCommandHandlerThread-0] INFO  commandhandler.CreatePipelineCommandHandler (CreatePipelineCommandHandler.java:lambda$handle$2(124)) - Created Pipeline RATIS ONE PipelineID=51395f91-f202-479d-987a-bec0b074b073.
2024-08-10 09:46:51,970 [1eeb2d2d-0439-49d0-a133-80b3ae5cf383-PipelineCommandHandlerThread-0] INFO  server.RaftServer (RaftServerProxy.java:addNew(101)) - 1eeb2d2d-0439-49d0-a133-80b3ae5cf383: addNew group-54B30A8787BA:[1eeb2d2d-0439-49d0-a133-80b3ae5cf383|127.0.0.1:15631] returns group-54B30A8787BA:java.util.concurrent.CompletableFuture@38dca2ca[Not completed]
2024-08-10 09:46:51,971 [1eeb2d2d-0439-49d0-a133-80b3ae5cf383-groupManagement] INFO  server.RaftServer$Division (RaftServerImpl.java:<init>(253)) - 1eeb2d2d-0439-49d0-a133-80b3ae5cf383: new RaftServerImpl for group-54B30A8787BA:[1eeb2d2d-0439-49d0-a133-80b3ae5cf383|127.0.0.1:15631] with ContainerStateMachine:uninitialized
2024-08-10 09:46:51,971 [1eeb2d2d-0439-49d0-a133-80b3ae5cf383-groupManagement] INFO  server.RaftServerConfigKeys (ConfUtils.java:logGet(46)) - raft.server.rpc.timeout.min = 5s (custom)
2024-08-10 09:46:51,971 [1eeb2d2d-0439-49d0-a133-80b3ae5cf383-groupManagement] INFO  server.RaftServerConfigKeys (ConfUtils.java:logGet(46)) - raft.server.rpc.timeout.max = 5200ms (custom)
2024-08-10 09:46:51,971 [1eeb2d2d-0439-49d0-a133-80b3ae5cf383-groupManagement] INFO  server.RaftServerConfigKeys (ConfUtils.java:logGet(46)) - raft.server.rpc.sleep.time = 25ms (default)
2024-08-10 09:46:51,971 [1eeb2d2d-0439-49d0-a133-80b3ae5cf383-groupManagement] INFO  server.RaftServerConfigKeys (ConfUtils.java:logGet(46)) - raft.server.rpc.slowness.timeout = 300000ms (custom)
2024-08-10 09:46:51,971 [1eeb2d2d-0439-49d0-a133-80b3ae5cf383-groupManagement] INFO  server.RaftServerConfigKeys (ConfUtils.java:logGet(46)) - raft.server.leaderelection.leader.step-down.wait-time = 10s (default)
2024-08-10 09:46:51,971 [1eeb2d2d-0439-49d0-a133-80b3ae5cf383-groupManagement] INFO  server.RaftServerConfigKeys (ConfUtils.java:logGet(46)) - raft.server.leaderelection.member.majority-add = false (default)
2024-08-10 09:46:51,971 [1eeb2d2d-0439-49d0-a133-80b3ae5cf383-groupManagement] INFO  server.RaftServerConfigKeys (ConfUtils.java:logGet(46)) - raft.server.sleep.deviation.threshold = 300ms (default)
2024-08-10 09:46:51,971 [1eeb2d2d-0439-49d0-a133-80b3ae5cf383-groupManagement] INFO  server.RaftServer$Division (ServerState.java:<init>(114)) - 1eeb2d2d-0439-49d0-a133-80b3ae5cf383@group-54B30A8787BA: ConfigurationManager, init=conf: {index: -1, cur=peers:[1eeb2d2d-0439-49d0-a133-80b3ae5cf383|127.0.0.1:15631]|listeners:[], old=null}, confs=<EMPTY_MAP>
2024-08-10 09:46:51,971 [1eeb2d2d-0439-49d0-a133-80b3ae5cf383-groupManagement] INFO  server.RaftServerConfigKeys (ConfUtils.java:logGet(46)) - raft.server.notification.no-leader.timeout = 300000ms (custom)
2024-08-10 09:46:51,971 [1eeb2d2d-0439-49d0-a133-80b3ae5cf383-groupManagement] INFO  server.RaftServerConfigKeys (ConfUtils.java:logGet(46)) - raft.server.read.timeout = 10s (default)
2024-08-10 09:46:51,971 [1eeb2d2d-0439-49d0-a133-80b3ae5cf383-groupManagement] INFO  server.RaftServerConfigKeys (ConfUtils.java:logGet(46)) - raft.server.retrycache.expirytime = 600000ms (custom)
2024-08-10 09:46:51,971 [1eeb2d2d-0439-49d0-a133-80b3ae5cf383-groupManagement] INFO  server.RaftServerConfigKeys (ConfUtils.java:logGet(46)) - raft.server.retrycache.statistics.expirytime = 100ms (default)
2024-08-10 09:46:51,971 [1eeb2d2d-0439-49d0-a133-80b3ae5cf383-groupManagement] INFO  server.RaftServerConfigKeys (ConfUtils.java:logGet(46)) - raft.server.read.option = DEFAULT (default)
2024-08-10 09:46:51,971 [1eeb2d2d-0439-49d0-a133-80b3ae5cf383-groupManagement] INFO  server.RaftServerConfigKeys (ConfUtils.java:logGet(46)) - raft.server.read.read-after-write-consistent.write-index-cache.expiry-time = 60s (default)
2024-08-10 09:46:51,973 [main] INFO  ozone.MiniOzoneClusterImpl (MiniOzoneClusterImpl.java:lambda$waitForClusterToBeReady$0(198)) - Nodes are ready. Got 5 of 5 DN Heartbeats.
2024-08-10 09:46:51,973 [main] INFO  ozone.MiniOzoneClusterImpl (MiniOzoneClusterImpl.java:lambda$waitForClusterToBeReady$0(201)) - Waiting for cluster to exit safe mode
2024-08-10 09:46:51,973 [main] INFO  ozone.MiniOzoneClusterImpl (MiniOzoneClusterImpl.java:lambda$waitForClusterToBeReady$0(203)) - SCM became leader
2024-08-10 09:46:51,974 [1eeb2d2d-0439-49d0-a133-80b3ae5cf383-groupManagement] INFO  server.RaftServerConfigKeys (ConfUtils.java:logGet(46)) - raft.server.rpc.request.timeout = 3000ms (default)
2024-08-10 09:46:51,974 [1eeb2d2d-0439-49d0-a133-80b3ae5cf383-groupManagement] INFO  server.RaftServerConfigKeys (ConfUtils.java:logGet(46)) - raft.server.log.appender.install.snapshot.enabled = false (custom)
2024-08-10 09:46:51,974 [1eeb2d2d-0439-49d0-a133-80b3ae5cf383-groupManagement] INFO  server.RaftServerConfigKeys (ConfUtils.java:logGet(46)) - raft.server.threadpool.server.cached = true (default)
2024-08-10 09:46:51,974 [1eeb2d2d-0439-49d0-a133-80b3ae5cf383-groupManagement] INFO  server.RaftServerConfigKeys (ConfUtils.java:logGet(46)) - raft.server.threadpool.server.size = 0 (default)
2024-08-10 09:46:51,974 [1eeb2d2d-0439-49d0-a133-80b3ae5cf383-groupManagement] INFO  server.RaftServerConfigKeys (ConfUtils.java:logGet(46)) - raft.server.threadpool.client.cached = true (default)
2024-08-10 09:46:51,974 [1eeb2d2d-0439-49d0-a133-80b3ae5cf383-groupManagement] INFO  server.RaftServerConfigKeys (ConfUtils.java:logGet(46)) - raft.server.threadpool.client.size = 0 (default)
2024-08-10 09:46:51,974 [1eeb2d2d-0439-49d0-a133-80b3ae5cf383-groupManagement] INFO  server.RaftServerConfigKeys (ConfUtils.java:logGet(46)) - raft.server.storage.free-space.min = 0MB (=0) (default)
2024-08-10 09:46:51,974 [1eeb2d2d-0439-49d0-a133-80b3ae5cf383-groupManagement] INFO  server.RaftServerConfigKeys (ConfUtils.java:logGet(46)) - raft.server.log.corruption.policy = EXCEPTION (default)
2024-08-10 09:46:51,974 [1eeb2d2d-0439-49d0-a133-80b3ae5cf383-groupManagement] INFO  server.RaftServerConfigKeys (ConfUtils.java:logGet(46)) - raft.server.storage.dir = [/home/runner/work/ozone/ozone/hadoop-ozone/integration-test/target/test-dir/MiniOzoneClusterImpl-25487c27-6224-40aa-b0ad-008c83bbb5f2/ozone-meta/datanode-5/ratis] (custom)
2024-08-10 09:46:51,975 [1eeb2d2d-0439-49d0-a133-80b3ae5cf383-groupManagement] INFO  storage.RaftStorageDirectory (RaftStorageDirectoryImpl.java:analyzeStorage(138)) - The storage directory /home/runner/work/ozone/ozone/hadoop-ozone/integration-test/target/test-dir/MiniOzoneClusterImpl-25487c27-6224-40aa-b0ad-008c83bbb5f2/ozone-meta/datanode-5/ratis/a42a1d7f-9952-428b-a89e-54b30a8787ba does not exist. Creating ...
2024-08-10 09:46:51,976 [1eeb2d2d-0439-49d0-a133-80b3ae5cf383-groupManagement] INFO  storage.RaftStorageDirectory (RaftStorageDirectoryImpl.java:tryLock(229)) - Lock on /home/runner/work/ozone/ozone/hadoop-ozone/integration-test/target/test-dir/MiniOzoneClusterImpl-25487c27-6224-40aa-b0ad-008c83bbb5f2/ozone-meta/datanode-5/ratis/a42a1d7f-9952-428b-a89e-54b30a8787ba/in_use.lock acquired by nodename 50124@fv-az701-157
2024-08-10 09:46:51,977 [1eeb2d2d-0439-49d0-a133-80b3ae5cf383-groupManagement] INFO  storage.RaftStorage (RaftStorageImpl.java:format(98)) - Storage directory /home/runner/work/ozone/ozone/hadoop-ozone/integration-test/target/test-dir/MiniOzoneClusterImpl-25487c27-6224-40aa-b0ad-008c83bbb5f2/ozone-meta/datanode-5/ratis/a42a1d7f-9952-428b-a89e-54b30a8787ba has been successfully formatted.
2024-08-10 09:46:51,977 [1eeb2d2d-0439-49d0-a133-80b3ae5cf383-groupManagement] INFO  ratis.ContainerStateMachine (ContainerStateMachine.java:loadSnapshot(287)) - group-54B30A8787BA: The snapshot info is null. Setting the last applied index to:(t:0, i:~)
2024-08-10 09:46:51,977 [1eeb2d2d-0439-49d0-a133-80b3ae5cf383-groupManagement] INFO  server.RaftServerConfigKeys (ConfUtils.java:logGet(46)) - raft.server.log.use.memory = false (default)
2024-08-10 09:46:51,977 [1eeb2d2d-0439-49d0-a133-80b3ae5cf383-groupManagement] INFO  server.RaftServerConfigKeys (ConfUtils.java:logGet(46)) - raft.server.log.purge.gap = 1000000 (custom)
2024-08-10 09:46:51,977 [1eeb2d2d-0439-49d0-a133-80b3ae5cf383-groupManagement] INFO  server.RaftServerConfigKeys (ConfUtils.java:logGet(46)) - raft.server.log.appender.buffer.byte-limit = 8388608 (custom)
2024-08-10 09:46:51,978 [1eeb2d2d-0439-49d0-a133-80b3ae5cf383-groupManagement] INFO  server.RaftServerConfigKeys (ConfUtils.java:logGet(46)) - raft.server.log.statemachine.data.read.timeout = 1000ms (default)
2024-08-10 09:46:51,978 [1eeb2d2d-0439-49d0-a133-80b3ae5cf383-groupManagement] INFO  server.RaftServerConfigKeys (ConfUtils.java:logGet(46)) - raft.server.log.purge.preservation.log.num = 0 (default)
2024-08-10 09:46:51,978 [EventQueue-PipelineReportForPipelineReportHandler] INFO  pipeline.PipelineReportHandler (PipelineReportHandler.java:processPipelineReport(136)) - Opened pipeline PipelineID=a42a1d7f-9952-428b-a89e-54b30a8787ba
2024-08-10 09:46:51,978 [EventQueue-OpenPipelineForHealthyPipelineSafeModeRule] INFO  safemode.SCMSafeModeManager (HealthyPipelineSafeModeRule.java:process(140)) - SCM in safe mode. Healthy pipelines reported count is 0, required healthy pipeline reported count is 1
2024-08-10 09:46:51,979 [1eeb2d2d-0439-49d0-a133-80b3ae5cf383-groupManagement] INFO  server.RaftServerConfigKeys (ConfUtils.java:logGet(46)) - raft.server.log.segment.size.max = 67108864 (custom)
2024-08-10 09:46:51,979 [1eeb2d2d-0439-49d0-a133-80b3ae5cf383-groupManagement] INFO  server.RaftServerConfigKeys (ConfUtils.java:logGet(46)) - raft.server.log.segment.cache.num.max = 2 (custom)
2024-08-10 09:46:51,979 [1eeb2d2d-0439-49d0-a133-80b3ae5cf383-groupManagement] INFO  server.RaftServerConfigKeys (ConfUtils.java:logGet(46)) - raft.server.log.segment.cache.size.max = 200MB (=209715200) (default)
2024-08-10 09:46:51,979 [1eeb2d2d-0439-49d0-a133-80b3ae5cf383-groupManagement] INFO  server.RaftServerConfigKeys (ConfUtils.java:logGet(46)) - raft.server.log.appender.buffer.byte-limit = 8388608 (custom)
2024-08-10 09:46:51,979 [1eeb2d2d-0439-49d0-a133-80b3ae5cf383-groupManagement] INFO  util.AwaitToRun (AwaitToRun.java:start(81)) - Thread[1eeb2d2d-0439-49d0-a133-80b3ae5cf383@group-54B30A8787BA-cacheEviction-AwaitToRun,5,main] started
2024-08-10 09:46:51,979 [1eeb2d2d-0439-49d0-a133-80b3ae5cf383-groupManagement] INFO  segmented.SegmentedRaftLogWorker (SegmentedRaftLogWorker.java:<init>(184)) - new 1eeb2d2d-0439-49d0-a133-80b3ae5cf383@group-54B30A8787BA-SegmentedRaftLogWorker for RaftStorageImpl:Storage Directory /home/runner/work/ozone/ozone/hadoop-ozone/integration-test/target/test-dir/MiniOzoneClusterImpl-25487c27-6224-40aa-b0ad-008c83bbb5f2/ozone-meta/datanode-5/ratis/a42a1d7f-9952-428b-a89e-54b30a8787ba
2024-08-10 09:46:51,980 [1eeb2d2d-0439-49d0-a133-80b3ae5cf383-groupManagement] INFO  server.RaftServerConfigKeys (ConfUtils.java:logGet(46)) - raft.server.log.queue.byte-limit = 4294967296 (custom)
2024-08-10 09:46:51,980 [1eeb2d2d-0439-49d0-a133-80b3ae5cf383-groupManagement] INFO  server.RaftServerConfigKeys (ConfUtils.java:logGet(46)) - raft.server.log.queue.element-limit = 1024 (custom)
2024-08-10 09:46:51,980 [1eeb2d2d-0439-49d0-a133-80b3ae5cf383-groupManagement] INFO  server.RaftServerConfigKeys (ConfUtils.java:logGet(46)) - raft.server.log.segment.size.max = 67108864 (custom)
2024-08-10 09:46:51,980 [1eeb2d2d-0439-49d0-a133-80b3ae5cf383-groupManagement] INFO  server.RaftServerConfigKeys (ConfUtils.java:logGet(46)) - raft.server.log.preallocated.size = 4194304 (custom)
2024-08-10 09:46:51,980 [1eeb2d2d-0439-49d0-a133-80b3ae5cf383-groupManagement] INFO  server.RaftServerConfigKeys (ConfUtils.java:logGet(46)) - raft.server.log.force.sync.num = 128 (default)
2024-08-10 09:46:51,980 [1eeb2d2d-0439-49d0-a133-80b3ae5cf383-groupManagement] INFO  server.RaftServerConfigKeys (ConfUtils.java:logGet(46)) - raft.server.log.statemachine.data.sync = true (default)
2024-08-10 09:46:51,980 [1eeb2d2d-0439-49d0-a133-80b3ae5cf383-groupManagement] INFO  server.RaftServerConfigKeys (ConfUtils.java:logGet(46)) - raft.server.log.statemachine.data.sync.timeout = 10s (default)
2024-08-10 09:46:51,980 [1eeb2d2d-0439-49d0-a133-80b3ae5cf383-groupManagement] INFO  server.RaftServerConfigKeys (ConfUtils.java:logGet(46)) - raft.server.log.statemachine.data.sync.timeout.retry = 30 (custom)
2024-08-10 09:46:51,980 [1eeb2d2d-0439-49d0-a133-80b3ae5cf383-groupManagement] INFO  server.RaftServerConfigKeys (ConfUtils.java:logGet(46)) - raft.server.log.write.buffer.size = 8388616 (custom)
2024-08-10 09:46:51,981 [1eeb2d2d-0439-49d0-a133-80b3ae5cf383-groupManagement] INFO  server.RaftServerConfigKeys (ConfUtils.java:logGet(46)) - raft.server.log.appender.buffer.byte-limit = 8388608 (custom)
2024-08-10 09:46:51,981 [1eeb2d2d-0439-49d0-a133-80b3ae5cf383-groupManagement] INFO  server.RaftServerConfigKeys (ConfUtils.java:logGet(46)) - raft.server.log.unsafe-flush.enabled = false (default)
2024-08-10 09:46:51,981 [1eeb2d2d-0439-49d0-a133-80b3ae5cf383-groupManagement] INFO  server.RaftServerConfigKeys (ConfUtils.java:logGet(46)) - raft.server.log.async-flush.enabled = false (default)
2024-08-10 09:46:51,981 [1eeb2d2d-0439-49d0-a133-80b3ae5cf383-groupManagement] INFO  server.RaftServerConfigKeys (ConfUtils.java:logGet(46)) - raft.server.log.statemachine.data.caching.enabled = true (custom)
2024-08-10 09:46:51,981 [1eeb2d2d-0439-49d0-a133-80b3ae5cf383-groupManagement] INFO  segmented.SegmentedRaftLogWorker (SegmentedRaftLogWorker.java:lambda$new$0(135)) - 1eeb2d2d-0439-49d0-a133-80b3ae5cf383@group-54B30A8787BA-SegmentedRaftLogWorker: flushIndex: setUnconditionally 0 -> -1
2024-08-10 09:46:51,981 [1eeb2d2d-0439-49d0-a133-80b3ae5cf383-groupManagement] INFO  segmented.SegmentedRaftLogWorker (SegmentedRaftLogWorker.java:lambda$new$0(135)) - 1eeb2d2d-0439-49d0-a133-80b3ae5cf383@group-54B30A8787BA-SegmentedRaftLogWorker: safeCacheEvictIndex: setUnconditionally 0 -> -1
2024-08-10 09:46:51,981 [1eeb2d2d-0439-49d0-a133-80b3ae5cf383-groupManagement] INFO  server.RaftServer$Division (RaftServerImpl.java:start(389)) - 1eeb2d2d-0439-49d0-a133-80b3ae5cf383@group-54B30A8787BA: start as a follower, conf=conf: {index: -1, cur=peers:[1eeb2d2d-0439-49d0-a133-80b3ae5cf383|127.0.0.1:15631]|listeners:[], old=null}
2024-08-10 09:46:51,981 [1eeb2d2d-0439-49d0-a133-80b3ae5cf383-groupManagement] INFO  server.RaftServer$Division (RaftServerImpl.java:setRole(376)) - 1eeb2d2d-0439-49d0-a133-80b3ae5cf383@group-54B30A8787BA: changes role from      null to FOLLOWER at term 0 for startAsFollower
2024-08-10 09:46:51,981 [1eeb2d2d-0439-49d0-a133-80b3ae5cf383-groupManagement] INFO  impl.RoleInfo (RoleInfo.java:updateAndGet(148)) - 1eeb2d2d-0439-49d0-a133-80b3ae5cf383: start 1eeb2d2d-0439-49d0-a133-80b3ae5cf383@group-54B30A8787BA-FollowerState
2024-08-10 09:46:51,981 [1eeb2d2d-0439-49d0-a133-80b3ae5cf383@group-54B30A8787BA-FollowerState] INFO  server.RaftServerConfigKeys (ConfUtils.java:logFallback(53)) - raft.server.rpc.first-election.timeout.min = 5s (fallback to raft.server.rpc.timeout.min)
2024-08-10 09:46:51,981 [1eeb2d2d-0439-49d0-a133-80b3ae5cf383@group-54B30A8787BA-FollowerState] INFO  server.RaftServerConfigKeys (ConfUtils.java:logFallback(53)) - raft.server.rpc.first-election.timeout.max = 5200ms (fallback to raft.server.rpc.timeout.max)
2024-08-10 09:46:51,981 [1eeb2d2d-0439-49d0-a133-80b3ae5cf383-groupManagement] INFO  util.JmxRegister (JmxRegister.java:tryRegister(44)) - Successfully registered JMX Bean with object name Ratis:service=RaftServer,group=group-54B30A8787BA,id=1eeb2d2d-0439-49d0-a133-80b3ae5cf383
2024-08-10 09:46:51,982 [1eeb2d2d-0439-49d0-a133-80b3ae5cf383-groupManagement] INFO  util.JmxRegister (JmxRegister.java:register(58)) - register mxBean class org.apache.ratis.server.impl.RaftServerJmxAdapter as Ratis:service=RaftServer,group=group-54B30A8787BA,id=1eeb2d2d-0439-49d0-a133-80b3ae5cf383
2024-08-10 09:46:51,982 [1eeb2d2d-0439-49d0-a133-80b3ae5cf383-groupManagement] INFO  server.RaftServerConfigKeys (ConfUtils.java:logGet(46)) - raft.server.snapshot.trigger-when-stop.enabled = true (default)
2024-08-10 09:46:51,982 [1eeb2d2d-0439-49d0-a133-80b3ae5cf383-groupManagement] INFO  server.RaftServerConfigKeys (ConfUtils.java:logGet(46)) - raft.server.snapshot.trigger-when-remove.enabled = true (default)
2024-08-10 09:46:51,982 [1eeb2d2d-0439-49d0-a133-80b3ae5cf383-groupManagement] INFO  server.RaftServerConfigKeys (ConfUtils.java:logGet(46)) - raft.server.snapshot.auto.trigger.enabled = true (custom)
2024-08-10 09:46:51,982 [1eeb2d2d-0439-49d0-a133-80b3ae5cf383-groupManagement] INFO  server.RaftServerConfigKeys (ConfUtils.java:logGet(46)) - raft.server.snapshot.auto.trigger.threshold = 10000 (custom)
2024-08-10 09:46:51,982 [1eeb2d2d-0439-49d0-a133-80b3ae5cf383-groupManagement] INFO  server.RaftServerConfigKeys (ConfUtils.java:logGet(46)) - raft.server.snapshot.retention.file.num = 5 (custom)
2024-08-10 09:46:51,982 [1eeb2d2d-0439-49d0-a133-80b3ae5cf383-groupManagement] INFO  server.RaftServerConfigKeys (ConfUtils.java:logGet(46)) - raft.server.log.purge.upto.snapshot.index = false (default)
2024-08-10 09:46:51,982 [1eeb2d2d-0439-49d0-a133-80b3ae5cf383-PipelineCommandHandlerThread-0] INFO  ratis.XceiverServerRatis (XceiverServerRatis.java:addGroup(846)) - Created group PipelineID=a42a1d7f-9952-428b-a89e-54b30a8787ba
2024-08-10 09:46:51,982 [1eeb2d2d-0439-49d0-a133-80b3ae5cf383-PipelineCommandHandlerThread-0] INFO  commandhandler.CreatePipelineCommandHandler (CreatePipelineCommandHandler.java:lambda$handle$2(124)) - Created Pipeline RATIS ONE PipelineID=a42a1d7f-9952-428b-a89e-54b30a8787ba.
2024-08-10 09:46:52,974 [main] INFO  ozone.MiniOzoneClusterImpl (MiniOzoneClusterImpl.java:lambda$waitForClusterToBeReady$0(198)) - Nodes are ready. Got 5 of 5 DN Heartbeats.
2024-08-10 09:46:52,974 [main] INFO  ozone.MiniOzoneClusterImpl (MiniOzoneClusterImpl.java:lambda$waitForClusterToBeReady$0(201)) - Waiting for cluster to exit safe mode
2024-08-10 09:46:52,974 [main] INFO  ozone.MiniOzoneClusterImpl (MiniOzoneClusterImpl.java:lambda$waitForClusterToBeReady$0(203)) - SCM became leader
2024-08-10 09:46:53,974 [main] INFO  ozone.MiniOzoneClusterImpl (MiniOzoneClusterImpl.java:lambda$waitForClusterToBeReady$0(198)) - Nodes are ready. Got 5 of 5 DN Heartbeats.
2024-08-10 09:46:53,975 [main] INFO  ozone.MiniOzoneClusterImpl (MiniOzoneClusterImpl.java:lambda$waitForClusterToBeReady$0(201)) - Waiting for cluster to exit safe mode
2024-08-10 09:46:53,975 [main] INFO  ozone.MiniOzoneClusterImpl (MiniOzoneClusterImpl.java:lambda$waitForClusterToBeReady$0(203)) - SCM became leader
2024-08-10 09:46:54,975 [main] INFO  ozone.MiniOzoneClusterImpl (MiniOzoneClusterImpl.java:lambda$waitForClusterToBeReady$0(198)) - Nodes are ready. Got 5 of 5 DN Heartbeats.
2024-08-10 09:46:54,975 [main] INFO  ozone.MiniOzoneClusterImpl (MiniOzoneClusterImpl.java:lambda$waitForClusterToBeReady$0(201)) - Waiting for cluster to exit safe mode
2024-08-10 09:46:54,975 [main] INFO  ozone.MiniOzoneClusterImpl (MiniOzoneClusterImpl.java:lambda$waitForClusterToBeReady$0(203)) - SCM became leader
2024-08-10 09:46:55,975 [main] INFO  ozone.MiniOzoneClusterImpl (MiniOzoneClusterImpl.java:lambda$waitForClusterToBeReady$0(198)) - Nodes are ready. Got 5 of 5 DN Heartbeats.
2024-08-10 09:46:55,976 [main] INFO  ozone.MiniOzoneClusterImpl (MiniOzoneClusterImpl.java:lambda$waitForClusterToBeReady$0(201)) - Waiting for cluster to exit safe mode
2024-08-10 09:46:55,976 [main] INFO  ozone.MiniOzoneClusterImpl (MiniOzoneClusterImpl.java:lambda$waitForClusterToBeReady$0(203)) - SCM became leader
2024-08-10 09:46:56,066 [d75f2dba-195c-437b-b62a-ed875b85e515@group-F5ACC09160E5-FollowerState] INFO  impl.FollowerState (FollowerState.java:run(144)) - d75f2dba-195c-437b-b62a-ed875b85e515@group-F5ACC09160E5-FollowerState: change to CANDIDATE, lastRpcElapsedTime:5032915219ns, electionTimeout:5031ms
2024-08-10 09:46:56,066 [d75f2dba-195c-437b-b62a-ed875b85e515@group-F5ACC09160E5-FollowerState] INFO  impl.RoleInfo (RoleInfo.java:shutdownFollowerState(119)) - d75f2dba-195c-437b-b62a-ed875b85e515: shutdown d75f2dba-195c-437b-b62a-ed875b85e515@group-F5ACC09160E5-FollowerState
2024-08-10 09:46:56,066 [d75f2dba-195c-437b-b62a-ed875b85e515@group-F5ACC09160E5-FollowerState] INFO  server.RaftServer$Division (RaftServerImpl.java:setRole(376)) - d75f2dba-195c-437b-b62a-ed875b85e515@group-F5ACC09160E5: changes role from  FOLLOWER to CANDIDATE at term 0 for changeToCandidate
2024-08-10 09:46:56,066 [d75f2dba-195c-437b-b62a-ed875b85e515@group-F5ACC09160E5-FollowerState] INFO  server.RaftServerConfigKeys (ConfUtils.java:logGet(46)) - raft.server.leaderelection.pre-vote = true (default)
2024-08-10 09:46:56,067 [d75f2dba-195c-437b-b62a-ed875b85e515@group-F5ACC09160E5-FollowerState] INFO  impl.RoleInfo (RoleInfo.java:updateAndGet(148)) - d75f2dba-195c-437b-b62a-ed875b85e515: start d75f2dba-195c-437b-b62a-ed875b85e515@group-F5ACC09160E5-LeaderElection152
2024-08-10 09:46:56,067 [d75f2dba-195c-437b-b62a-ed875b85e515@group-F5ACC09160E5-LeaderElection152] INFO  impl.LeaderElection (LeaderElection.java:askForVotes(321)) - d75f2dba-195c-437b-b62a-ed875b85e515@group-F5ACC09160E5-LeaderElection152 PRE_VOTE round 0: submit vote requests at term 0 for conf: {index: -1, cur=peers:[d75f2dba-195c-437b-b62a-ed875b85e515|127.0.0.1:15595]|listeners:[], old=null}
2024-08-10 09:46:56,067 [d75f2dba-195c-437b-b62a-ed875b85e515@group-F5ACC09160E5-LeaderElection152] INFO  impl.LeaderElection (LeaderElection.java:askForVotes(323)) - d75f2dba-195c-437b-b62a-ed875b85e515@group-F5ACC09160E5-LeaderElection152 PRE_VOTE round 0: result PASSED (term=0)
2024-08-10 09:46:56,068 [d75f2dba-195c-437b-b62a-ed875b85e515@group-F5ACC09160E5-LeaderElection152] INFO  impl.LeaderElection (LeaderElection.java:askForVotes(321)) - d75f2dba-195c-437b-b62a-ed875b85e515@group-F5ACC09160E5-LeaderElection152 ELECTION round 0: submit vote requests at term 1 for conf: {index: -1, cur=peers:[d75f2dba-195c-437b-b62a-ed875b85e515|127.0.0.1:15595]|listeners:[], old=null}
2024-08-10 09:46:56,068 [d75f2dba-195c-437b-b62a-ed875b85e515@group-F5ACC09160E5-LeaderElection152] INFO  impl.LeaderElection (LeaderElection.java:askForVotes(323)) - d75f2dba-195c-437b-b62a-ed875b85e515@group-F5ACC09160E5-LeaderElection152 ELECTION round 0: result PASSED (term=1)
2024-08-10 09:46:56,068 [d75f2dba-195c-437b-b62a-ed875b85e515@group-F5ACC09160E5-LeaderElection152] INFO  impl.RoleInfo (RoleInfo.java:shutdownLeaderElection(139)) - d75f2dba-195c-437b-b62a-ed875b85e515: shutdown d75f2dba-195c-437b-b62a-ed875b85e515@group-F5ACC09160E5-LeaderElection152
2024-08-10 09:46:56,068 [d75f2dba-195c-437b-b62a-ed875b85e515@group-F5ACC09160E5-LeaderElection152] INFO  server.RaftServer$Division (RaftServerImpl.java:setRole(376)) - d75f2dba-195c-437b-b62a-ed875b85e515@group-F5ACC09160E5: changes role from CANDIDATE to LEADER at term 1 for changeToLeader
2024-08-10 09:46:56,068 [d75f2dba-195c-437b-b62a-ed875b85e515@group-F5ACC09160E5-LeaderElection152] INFO  server.RaftServerConfigKeys (ConfUtils.java:logGet(46)) - raft.server.staging.catchup.gap = 1000 (default)
2024-08-10 09:46:56,068 [d75f2dba-195c-437b-b62a-ed875b85e515@group-F5ACC09160E5-LeaderElection152] INFO  server.RaftServerConfigKeys (ConfUtils.java:logGet(46)) - raft.server.write.element-limit = 1024 (custom)
2024-08-10 09:46:56,069 [d75f2dba-195c-437b-b62a-ed875b85e515@group-F5ACC09160E5-LeaderElection152] INFO  server.RaftServerConfigKeys (ConfUtils.java:logGet(46)) - raft.server.write.byte-limit = 1024 M (=1073741824) (custom)
2024-08-10 09:46:56,069 [d75f2dba-195c-437b-b62a-ed875b85e515@group-F5ACC09160E5-LeaderElection152] INFO  server.RaftServerConfigKeys (ConfUtils.java:logGet(46)) - raft.server.watch.timeout = 3000ms (custom)
2024-08-10 09:46:56,069 [d75f2dba-195c-437b-b62a-ed875b85e515@group-F5ACC09160E5-LeaderElection152] INFO  server.RaftServerConfigKeys (ConfUtils.java:logGet(46)) - raft.server.watch.timeout.denomination = 1s (default)
2024-08-10 09:46:56,069 [d75f2dba-195c-437b-b62a-ed875b85e515@group-F5ACC09160E5-LeaderElection152] INFO  server.RaftServerConfigKeys (ConfUtils.java:logGet(46)) - raft.server.watch.element-limit = 65536 (default)
2024-08-10 09:46:56,070 [d75f2dba-195c-437b-b62a-ed875b85e515@group-F5ACC09160E5-LeaderElection152] INFO  server.RaftServerConfigKeys (ConfUtils.java:logGet(46)) - raft.server.read.leader.lease.enabled = false (default)
2024-08-10 09:46:56,070 [d75f2dba-195c-437b-b62a-ed875b85e515@group-F5ACC09160E5-LeaderElection152] INFO  server.RaftServerConfigKeys (ConfUtils.java:logGet(46)) - raft.server.read.leader.lease.timeout.ratio = 0.9 (default)
2024-08-10 09:46:56,070 [d75f2dba-195c-437b-b62a-ed875b85e515@group-F5ACC09160E5-LeaderElection152] INFO  server.RaftServerConfigKeys (ConfUtils.java:logGet(46)) - raft.server.rpc.timeout.min = 5s (custom)
2024-08-10 09:46:56,070 [d75f2dba-195c-437b-b62a-ed875b85e515@group-F5ACC09160E5-LeaderElection152] INFO  server.RaftServerConfigKeys (ConfUtils.java:logGet(46)) - raft.server.log.log-metadata.enabled = true (default)
2024-08-10 09:46:56,070 [d75f2dba-195c-437b-b62a-ed875b85e515@group-F5ACC09160E5-LeaderElection152] INFO  server.RaftServerConfigKeys (ConfUtils.java:logGet(46)) - raft.server.write.element-limit = 1024 (custom)
2024-08-10 09:46:56,070 [d75f2dba-195c-437b-b62a-ed875b85e515@group-F5ACC09160E5-LeaderElection152] INFO  server.RaftServerConfigKeys (ConfUtils.java:logGet(46)) - raft.server.write.follower.gap.ratio.max = -1.0 (default)
2024-08-10 09:46:56,070 [d75f2dba-195c-437b-b62a-ed875b85e515@group-F5ACC09160E5-LeaderElection152] INFO  impl.RoleInfo (RoleInfo.java:updateAndGet(148)) - d75f2dba-195c-437b-b62a-ed875b85e515: start d75f2dba-195c-437b-b62a-ed875b85e515@group-F5ACC09160E5-LeaderStateImpl
2024-08-10 09:46:56,070 [d75f2dba-195c-437b-b62a-ed875b85e515@group-F5ACC09160E5-LeaderElection152] INFO  server.RaftServer$Division (RaftServerImpl.java:setFirstElection(549)) - d75f2dba-195c-437b-b62a-ed875b85e515@group-F5ACC09160E5: set firstElectionSinceStartup to false for becomeLeader
2024-08-10 09:46:56,070 [d75f2dba-195c-437b-b62a-ed875b85e515@group-F5ACC09160E5-LeaderElection152] INFO  ratis.XceiverServerRatis (XceiverServerRatis.java:handleLeaderChangedNotification(947)) - Leader change notification received for group: group-F5ACC09160E5 with new leaderId: d75f2dba-195c-437b-b62a-ed875b85e515
2024-08-10 09:46:56,070 [d75f2dba-195c-437b-b62a-ed875b85e515@group-F5ACC09160E5-LeaderElection152] INFO  server.RaftServer$Division (ServerState.java:setLeader(272)) - d75f2dba-195c-437b-b62a-ed875b85e515@group-F5ACC09160E5: change Leader from null to d75f2dba-195c-437b-b62a-ed875b85e515 at term 1 for becomeLeader, leader elected after 5049ms
2024-08-10 09:46:56,071 [d75f2dba-195c-437b-b62a-ed875b85e515@group-F5ACC09160E5-LeaderElection152] INFO  segmented.SegmentedRaftLogWorker (SegmentedRaftLogWorker.java:startLogSegment(433)) - d75f2dba-195c-437b-b62a-ed875b85e515@group-F5ACC09160E5-SegmentedRaftLogWorker: Starting segment from index:0
2024-08-10 09:46:56,071 [d75f2dba-195c-437b-b62a-ed875b85e515@group-F5ACC09160E5-LeaderElection152] INFO  server.RaftServer$Division (ServerState.java:setRaftConf(386)) - d75f2dba-195c-437b-b62a-ed875b85e515@group-F5ACC09160E5: set configuration conf: {index: 0, cur=peers:[d75f2dba-195c-437b-b62a-ed875b85e515|127.0.0.1:15595]|listeners:[], old=null}
2024-08-10 09:46:56,071 [d75f2dba-195c-437b-b62a-ed875b85e515@group-F5ACC09160E5-SegmentedRaftLogWorker] INFO  segmented.BufferedWriteChannel (BufferedWriteChannel.java:open(61)) - open log_inprogress_0 at position 0
2024-08-10 09:46:56,074 [EventQueue-OpenPipelineForHealthyPipelineSafeModeRule] INFO  safemode.SCMSafeModeManager (HealthyPipelineSafeModeRule.java:process(140)) - SCM in safe mode. Healthy pipelines reported count is 0, required healthy pipeline reported count is 1
2024-08-10 09:46:56,081 [d75f2dba-195c-437b-b62a-ed875b85e515@group-F5ACC09160E5-SegmentedRaftLogWorker] INFO  segmented.SegmentedRaftLogWorker (SegmentedRaftLogWorker.java:execute(637)) - d75f2dba-195c-437b-b62a-ed875b85e515@group-F5ACC09160E5-SegmentedRaftLogWorker: created new log segment /home/runner/work/ozone/ozone/hadoop-ozone/integration-test/target/test-dir/MiniOzoneClusterImpl-25487c27-6224-40aa-b0ad-008c83bbb5f2/ozone-meta/datanode-1/ratis/f8cd987d-9e0d-41c0-9d68-f5acc09160e5/current/log_inprogress_0
2024-08-10 09:46:56,082 [d75f2dba-195c-437b-b62a-ed875b85e515@group-F5ACC09160E5-StateMachineUpdater] INFO  server.RaftServer$Division (LeaderStateImpl.java:checkStartIndex(316)) - Leader d75f2dba-195c-437b-b62a-ed875b85e515@group-F5ACC09160E5-LeaderStateImpl is ready since appliedIndex == startIndex == 0
2024-08-10 09:46:56,127 [280ba735-fec6-4a50-aa81-34035c985b11@group-14F753A10906-FollowerState] INFO  impl.FollowerState (FollowerState.java:run(144)) - 280ba735-fec6-4a50-aa81-34035c985b11@group-14F753A10906-FollowerState: change to CANDIDATE, lastRpcElapsedTime:5028479629ns, electionTimeout:5028ms
2024-08-10 09:46:56,127 [280ba735-fec6-4a50-aa81-34035c985b11@group-14F753A10906-FollowerState] INFO  impl.RoleInfo (RoleInfo.java:shutdownFollowerState(119)) - 280ba735-fec6-4a50-aa81-34035c985b11: shutdown 280ba735-fec6-4a50-aa81-34035c985b11@group-14F753A10906-FollowerState
2024-08-10 09:46:56,127 [280ba735-fec6-4a50-aa81-34035c985b11@group-14F753A10906-FollowerState] INFO  server.RaftServer$Division (RaftServerImpl.java:setRole(376)) - 280ba735-fec6-4a50-aa81-34035c985b11@group-14F753A10906: changes role from  FOLLOWER to CANDIDATE at term 0 for changeToCandidate
2024-08-10 09:46:56,127 [280ba735-fec6-4a50-aa81-34035c985b11@group-14F753A10906-FollowerState] INFO  server.RaftServerConfigKeys (ConfUtils.java:logGet(46)) - raft.server.leaderelection.pre-vote = true (default)
2024-08-10 09:46:56,127 [280ba735-fec6-4a50-aa81-34035c985b11@group-14F753A10906-FollowerState] INFO  impl.RoleInfo (RoleInfo.java:updateAndGet(148)) - 280ba735-fec6-4a50-aa81-34035c985b11: start 280ba735-fec6-4a50-aa81-34035c985b11@group-14F753A10906-LeaderElection153
2024-08-10 09:46:56,127 [280ba735-fec6-4a50-aa81-34035c985b11@group-14F753A10906-LeaderElection153] INFO  impl.LeaderElection (LeaderElection.java:askForVotes(321)) - 280ba735-fec6-4a50-aa81-34035c985b11@group-14F753A10906-LeaderElection153 PRE_VOTE round 0: submit vote requests at term 0 for conf: {index: -1, cur=peers:[c1014618-c100-4e2c-97d7-038e29b3cb29|127.0.0.1:15613, 280ba735-fec6-4a50-aa81-34035c985b11|127.0.0.1:15604, d75f2dba-195c-437b-b62a-ed875b85e515|127.0.0.1:15595]|listeners:[], old=null}
2024-08-10 09:46:56,128 [280ba735-fec6-4a50-aa81-34035c985b11@group-14F753A10906-LeaderElection153-1] INFO  server.GrpcServerProtocolClient (GrpcServerProtocolClient.java:<init>(65)) - Build channel for c1014618-c100-4e2c-97d7-038e29b3cb29|127.0.0.1:15613
2024-08-10 09:46:56,128 [280ba735-fec6-4a50-aa81-34035c985b11@group-14F753A10906-LeaderElection153-2] INFO  server.GrpcServerProtocolClient (GrpcServerProtocolClient.java:<init>(65)) - Build channel for d75f2dba-195c-437b-b62a-ed875b85e515|127.0.0.1:15595
2024-08-10 09:46:56,128 [280ba735-fec6-4a50-aa81-34035c985b11@group-14F753A10906-LeaderElection153] INFO  server.RaftServerConfigKeys (ConfUtils.java:logFallback(53)) - raft.server.rpc.first-election.timeout.min = 5s (fallback to raft.server.rpc.timeout.min)
2024-08-10 09:46:56,128 [280ba735-fec6-4a50-aa81-34035c985b11@group-14F753A10906-LeaderElection153] INFO  server.RaftServerConfigKeys (ConfUtils.java:logFallback(53)) - raft.server.rpc.first-election.timeout.max = 5200ms (fallback to raft.server.rpc.timeout.max)
2024-08-10 09:46:56,131 [grpc-default-executor-5] INFO  server.RaftServer$Division (RaftServerImpl.java:requestVote(1416)) - c1014618-c100-4e2c-97d7-038e29b3cb29@group-14F753A10906: receive requestVote(PRE_VOTE, 280ba735-fec6-4a50-aa81-34035c985b11, group-14F753A10906, 0, (t:0, i:0))
2024-08-10 09:46:56,131 [grpc-default-executor-5] INFO  impl.VoteContext (VoteContext.java:log(49)) - c1014618-c100-4e2c-97d7-038e29b3cb29@group-14F753A10906-FOLLOWER: accept PRE_VOTE from 280ba735-fec6-4a50-aa81-34035c985b11: our priority 0 <= candidate's priority 1
2024-08-10 09:46:56,131 [grpc-default-executor-5] INFO  server.RaftServer$Division (RaftServerImpl.java:requestVote(1449)) - c1014618-c100-4e2c-97d7-038e29b3cb29@group-14F753A10906 replies to PRE_VOTE vote request: 280ba735-fec6-4a50-aa81-34035c985b11<-c1014618-c100-4e2c-97d7-038e29b3cb29#0:OK-t0. Peer's state: c1014618-c100-4e2c-97d7-038e29b3cb29@group-14F753A10906:t0, leader=null, voted=, raftlog=Memoized:c1014618-c100-4e2c-97d7-038e29b3cb29@group-14F753A10906-SegmentedRaftLog:OPENED:c-1:lastnull, conf=conf: {index: -1, cur=peers:[c1014618-c100-4e2c-97d7-038e29b3cb29|127.0.0.1:15613, 280ba735-fec6-4a50-aa81-34035c985b11|127.0.0.1:15604, d75f2dba-195c-437b-b62a-ed875b85e515|127.0.0.1:15595]|listeners:[], old=null}
2024-08-10 09:46:56,131 [280ba735-fec6-4a50-aa81-34035c985b11@group-14F753A10906-LeaderElection153] INFO  impl.LeaderElection (LeaderElection.java:logAndReturn(89)) - 280ba735-fec6-4a50-aa81-34035c985b11@group-14F753A10906-LeaderElection153: PRE_VOTE PASSED received 1 response(s) and 0 exception(s):
2024-08-10 09:46:56,131 [280ba735-fec6-4a50-aa81-34035c985b11@group-14F753A10906-LeaderElection153] INFO  impl.LeaderElection (LeaderElection.java:logAndReturn(93)) -   Response 0: 280ba735-fec6-4a50-aa81-34035c985b11<-c1014618-c100-4e2c-97d7-038e29b3cb29#0:OK-t0
2024-08-10 09:46:56,132 [280ba735-fec6-4a50-aa81-34035c985b11@group-14F753A10906-LeaderElection153] INFO  impl.LeaderElection (LeaderElection.java:askForVotes(323)) - 280ba735-fec6-4a50-aa81-34035c985b11@group-14F753A10906-LeaderElection153 PRE_VOTE round 0: result PASSED
2024-08-10 09:46:56,133 [280ba735-fec6-4a50-aa81-34035c985b11@group-14F753A10906-LeaderElection153] INFO  impl.LeaderElection (LeaderElection.java:askForVotes(321)) - 280ba735-fec6-4a50-aa81-34035c985b11@group-14F753A10906-LeaderElection153 ELECTION round 0: submit vote requests at term 1 for conf: {index: -1, cur=peers:[c1014618-c100-4e2c-97d7-038e29b3cb29|127.0.0.1:15613, 280ba735-fec6-4a50-aa81-34035c985b11|127.0.0.1:15604, d75f2dba-195c-437b-b62a-ed875b85e515|127.0.0.1:15595]|listeners:[], old=null}
2024-08-10 09:46:56,133 [280ba735-fec6-4a50-aa81-34035c985b11@group-14F753A10906-LeaderElection153] INFO  server.RaftServerConfigKeys (ConfUtils.java:logFallback(53)) - raft.server.rpc.first-election.timeout.min = 5s (fallback to raft.server.rpc.timeout.min)
2024-08-10 09:46:56,133 [280ba735-fec6-4a50-aa81-34035c985b11@group-14F753A10906-LeaderElection153] INFO  server.RaftServerConfigKeys (ConfUtils.java:logFallback(53)) - raft.server.rpc.first-election.timeout.max = 5200ms (fallback to raft.server.rpc.timeout.max)
2024-08-10 09:46:56,133 [grpc-default-executor-5] INFO  server.RaftServer$Division (RaftServerImpl.java:requestVote(1416)) - c1014618-c100-4e2c-97d7-038e29b3cb29@group-14F753A10906: receive requestVote(ELECTION, 280ba735-fec6-4a50-aa81-34035c985b11, group-14F753A10906, 1, (t:0, i:0))
2024-08-10 09:46:56,134 [grpc-default-executor-5] INFO  impl.VoteContext (VoteContext.java:log(49)) - c1014618-c100-4e2c-97d7-038e29b3cb29@group-14F753A10906-FOLLOWER: accept ELECTION from 280ba735-fec6-4a50-aa81-34035c985b11: our priority 0 <= candidate's priority 1
2024-08-10 09:46:56,134 [grpc-default-executor-5] INFO  server.RaftServer$Division (RaftServerImpl.java:setRole(376)) - c1014618-c100-4e2c-97d7-038e29b3cb29@group-14F753A10906: changes role from  FOLLOWER to FOLLOWER at term 1 for candidate:280ba735-fec6-4a50-aa81-34035c985b11
2024-08-10 09:46:56,134 [grpc-default-executor-5] INFO  impl.RoleInfo (RoleInfo.java:shutdownFollowerState(119)) - c1014618-c100-4e2c-97d7-038e29b3cb29: shutdown c1014618-c100-4e2c-97d7-038e29b3cb29@group-14F753A10906-FollowerState
2024-08-10 09:46:56,134 [grpc-default-executor-5] INFO  impl.RoleInfo (RoleInfo.java:updateAndGet(148)) - c1014618-c100-4e2c-97d7-038e29b3cb29: start c1014618-c100-4e2c-97d7-038e29b3cb29@group-14F753A10906-FollowerState
2024-08-10 09:46:56,134 [c1014618-c100-4e2c-97d7-038e29b3cb29@group-14F753A10906-FollowerState] INFO  impl.FollowerState (FollowerState.java:run(153)) - c1014618-c100-4e2c-97d7-038e29b3cb29@group-14F753A10906-FollowerState was interrupted
2024-08-10 09:46:56,135 [grpc-default-executor-6] INFO  server.RaftServer$Division (RaftServerImpl.java:requestVote(1416)) - d75f2dba-195c-437b-b62a-ed875b85e515@group-14F753A10906: receive requestVote(ELECTION, 280ba735-fec6-4a50-aa81-34035c985b11, group-14F753A10906, 1, (t:0, i:0))
2024-08-10 09:46:56,135 [grpc-default-executor-6] INFO  impl.VoteContext (VoteContext.java:log(49)) - d75f2dba-195c-437b-b62a-ed875b85e515@group-14F753A10906-FOLLOWER: accept ELECTION from 280ba735-fec6-4a50-aa81-34035c985b11: our priority 0 <= candidate's priority 1
2024-08-10 09:46:56,135 [grpc-default-executor-6] INFO  server.RaftServer$Division (RaftServerImpl.java:setRole(376)) - d75f2dba-195c-437b-b62a-ed875b85e515@group-14F753A10906: changes role from  FOLLOWER to FOLLOWER at term 1 for candidate:280ba735-fec6-4a50-aa81-34035c985b11
2024-08-10 09:46:56,135 [grpc-default-executor-6] INFO  impl.RoleInfo (RoleInfo.java:shutdownFollowerState(119)) - d75f2dba-195c-437b-b62a-ed875b85e515: shutdown d75f2dba-195c-437b-b62a-ed875b85e515@group-14F753A10906-FollowerState
2024-08-10 09:46:56,135 [grpc-default-executor-1] INFO  server.RaftServer$Division (RaftServerImpl.java:requestVote(1416)) - d75f2dba-195c-437b-b62a-ed875b85e515@group-14F753A10906: receive requestVote(PRE_VOTE, 280ba735-fec6-4a50-aa81-34035c985b11, group-14F753A10906, 0, (t:0, i:0))
2024-08-10 09:46:56,135 [d75f2dba-195c-437b-b62a-ed875b85e515@group-14F753A10906-FollowerState] INFO  impl.FollowerState (FollowerState.java:run(153)) - d75f2dba-195c-437b-b62a-ed875b85e515@group-14F753A10906-FollowerState was interrupted
2024-08-10 09:46:56,135 [grpc-default-executor-6] INFO  impl.RoleInfo (RoleInfo.java:updateAndGet(148)) - d75f2dba-195c-437b-b62a-ed875b85e515: start d75f2dba-195c-437b-b62a-ed875b85e515@group-14F753A10906-FollowerState
2024-08-10 09:46:56,136 [grpc-default-executor-5] INFO  server.RaftServer$Division (RaftServerImpl.java:setFirstElection(549)) - c1014618-c100-4e2c-97d7-038e29b3cb29@group-14F753A10906: set firstElectionSinceStartup to false for candidate:280ba735-fec6-4a50-aa81-34035c985b11
2024-08-10 09:46:56,137 [grpc-default-executor-6] INFO  server.RaftServer$Division (RaftServerImpl.java:setFirstElection(549)) - d75f2dba-195c-437b-b62a-ed875b85e515@group-14F753A10906: set firstElectionSinceStartup to false for candidate:280ba735-fec6-4a50-aa81-34035c985b11
2024-08-10 09:46:56,138 [grpc-default-executor-5] INFO  server.RaftServer$Division (RaftServerImpl.java:requestVote(1449)) - c1014618-c100-4e2c-97d7-038e29b3cb29@group-14F753A10906 replies to ELECTION vote request: 280ba735-fec6-4a50-aa81-34035c985b11<-c1014618-c100-4e2c-97d7-038e29b3cb29#0:OK-t1. Peer's state: c1014618-c100-4e2c-97d7-038e29b3cb29@group-14F753A10906:t1, leader=null, voted=280ba735-fec6-4a50-aa81-34035c985b11, raftlog=Memoized:c1014618-c100-4e2c-97d7-038e29b3cb29@group-14F753A10906-SegmentedRaftLog:OPENED:c-1:lastnull, conf=conf: {index: -1, cur=peers:[c1014618-c100-4e2c-97d7-038e29b3cb29|127.0.0.1:15613, 280ba735-fec6-4a50-aa81-34035c985b11|127.0.0.1:15604, d75f2dba-195c-437b-b62a-ed875b85e515|127.0.0.1:15595]|listeners:[], old=null}
2024-08-10 09:46:56,138 [grpc-default-executor-6] INFO  server.RaftServer$Division (RaftServerImpl.java:requestVote(1449)) - d75f2dba-195c-437b-b62a-ed875b85e515@group-14F753A10906 replies to ELECTION vote request: 280ba735-fec6-4a50-aa81-34035c985b11<-d75f2dba-195c-437b-b62a-ed875b85e515#0:OK-t1. Peer's state: d75f2dba-195c-437b-b62a-ed875b85e515@group-14F753A10906:t1, leader=null, voted=280ba735-fec6-4a50-aa81-34035c985b11, raftlog=Memoized:d75f2dba-195c-437b-b62a-ed875b85e515@group-14F753A10906-SegmentedRaftLog:OPENED:c-1:lastnull, conf=conf: {index: -1, cur=peers:[c1014618-c100-4e2c-97d7-038e29b3cb29|127.0.0.1:15613, 280ba735-fec6-4a50-aa81-34035c985b11|127.0.0.1:15604, d75f2dba-195c-437b-b62a-ed875b85e515|127.0.0.1:15595]|listeners:[], old=null}
2024-08-10 09:46:56,138 [280ba735-fec6-4a50-aa81-34035c985b11@group-14F753A10906-LeaderElection153] INFO  impl.LeaderElection (LeaderElection.java:logAndReturn(89)) - 280ba735-fec6-4a50-aa81-34035c985b11@group-14F753A10906-LeaderElection153: ELECTION PASSED received 1 response(s) and 0 exception(s):
2024-08-10 09:46:56,138 [280ba735-fec6-4a50-aa81-34035c985b11@group-14F753A10906-LeaderElection153] INFO  impl.LeaderElection (LeaderElection.java:logAndReturn(93)) -   Response 0: 280ba735-fec6-4a50-aa81-34035c985b11<-c1014618-c100-4e2c-97d7-038e29b3cb29#0:OK-t1
2024-08-10 09:46:56,138 [280ba735-fec6-4a50-aa81-34035c985b11@group-14F753A10906-LeaderElection153] INFO  impl.LeaderElection (LeaderElection.java:askForVotes(323)) - 280ba735-fec6-4a50-aa81-34035c985b11@group-14F753A10906-LeaderElection153 ELECTION round 0: result PASSED
2024-08-10 09:46:56,138 [280ba735-fec6-4a50-aa81-34035c985b11@group-14F753A10906-LeaderElection153] INFO  impl.RoleInfo (RoleInfo.java:shutdownLeaderElection(139)) - 280ba735-fec6-4a50-aa81-34035c985b11: shutdown 280ba735-fec6-4a50-aa81-34035c985b11@group-14F753A10906-LeaderElection153
2024-08-10 09:46:56,138 [280ba735-fec6-4a50-aa81-34035c985b11@group-14F753A10906-LeaderElection153] INFO  server.RaftServer$Division (RaftServerImpl.java:setRole(376)) - 280ba735-fec6-4a50-aa81-34035c985b11@group-14F753A10906: changes role from CANDIDATE to LEADER at term 1 for changeToLeader
2024-08-10 09:46:56,138 [280ba735-fec6-4a50-aa81-34035c985b11@group-14F753A10906-LeaderElection153] INFO  server.RaftServerConfigKeys (ConfUtils.java:logGet(46)) - raft.server.staging.catchup.gap = 1000 (default)
2024-08-10 09:46:56,139 [280ba735-fec6-4a50-aa81-34035c985b11@group-14F753A10906-LeaderElection153] INFO  server.RaftServerConfigKeys (ConfUtils.java:logGet(46)) - raft.server.write.element-limit = 1024 (custom)
2024-08-10 09:46:56,139 [280ba735-fec6-4a50-aa81-34035c985b11@group-14F753A10906-LeaderElection153] INFO  server.RaftServerConfigKeys (ConfUtils.java:logGet(46)) - raft.server.write.byte-limit = 1024 M (=1073741824) (custom)
2024-08-10 09:46:56,139 [280ba735-fec6-4a50-aa81-34035c985b11@group-14F753A10906-LeaderElection153] INFO  server.RaftServerConfigKeys (ConfUtils.java:logGet(46)) - raft.server.watch.timeout = 3000ms (custom)
2024-08-10 09:46:56,139 [280ba735-fec6-4a50-aa81-34035c985b11@group-14F753A10906-LeaderElection153] INFO  server.RaftServerConfigKeys (ConfUtils.java:logGet(46)) - raft.server.watch.timeout.denomination = 1s (default)
2024-08-10 09:46:56,139 [280ba735-fec6-4a50-aa81-34035c985b11@group-14F753A10906-LeaderElection153] INFO  server.RaftServerConfigKeys (ConfUtils.java:logGet(46)) - raft.server.watch.element-limit = 65536 (default)
2024-08-10 09:46:56,139 [280ba735-fec6-4a50-aa81-34035c985b11@group-14F753A10906-LeaderElection153] INFO  server.RaftServerConfigKeys (ConfUtils.java:logGet(46)) - raft.server.read.leader.lease.enabled = false (default)
2024-08-10 09:46:56,139 [280ba735-fec6-4a50-aa81-34035c985b11@group-14F753A10906-LeaderElection153] INFO  server.RaftServerConfigKeys (ConfUtils.java:logGet(46)) - raft.server.read.leader.lease.timeout.ratio = 0.9 (default)
2024-08-10 09:46:56,139 [280ba735-fec6-4a50-aa81-34035c985b11@group-14F753A10906-LeaderElection153] INFO  server.RaftServerConfigKeys (ConfUtils.java:logGet(46)) - raft.server.rpc.timeout.min = 5s (custom)
2024-08-10 09:46:56,139 [280ba735-fec6-4a50-aa81-34035c985b11@group-14F753A10906-LeaderElection153] INFO  server.RaftServerConfigKeys (ConfUtils.java:logGet(46)) - raft.server.log.log-metadata.enabled = true (default)
2024-08-10 09:46:56,139 [280ba735-fec6-4a50-aa81-34035c985b11@group-14F753A10906-LeaderElection153] INFO  server.RaftServerConfigKeys (ConfUtils.java:logGet(46)) - raft.server.write.element-limit = 1024 (custom)
2024-08-10 09:46:56,139 [280ba735-fec6-4a50-aa81-34035c985b11@group-14F753A10906-LeaderElection153] INFO  server.RaftServerConfigKeys (ConfUtils.java:logGet(46)) - raft.server.write.follower.gap.ratio.max = -1.0 (default)
2024-08-10 09:46:56,140 [280ba735-fec6-4a50-aa81-34035c985b11@group-14F753A10906-LeaderElection153] INFO  server.RaftServerConfigKeys (ConfUtils.java:logGet(46)) - raft.server.log.appender.snapshot.chunk.size.max = 16MB (=16777216) (default)
2024-08-10 09:46:56,140 [280ba735-fec6-4a50-aa81-34035c985b11@group-14F753A10906-LeaderElection153] INFO  server.RaftServerConfigKeys (ConfUtils.java:logGet(46)) - raft.server.log.appender.buffer.byte-limit = 8388608 (custom)
2024-08-10 09:46:56,140 [280ba735-fec6-4a50-aa81-34035c985b11@group-14F753A10906-LeaderElection153] INFO  server.RaftServerConfigKeys (ConfUtils.java:logGet(46)) - raft.server.log.appender.buffer.element-limit = 1024 (custom)
2024-08-10 09:46:56,140 [d75f2dba-195c-437b-b62a-ed875b85e515@group-CA08DE37798B-FollowerState] INFO  impl.FollowerState (FollowerState.java:run(144)) - d75f2dba-195c-437b-b62a-ed875b85e515@group-CA08DE37798B-FollowerState: change to CANDIDATE, lastRpcElapsedTime:5023385694ns, electionTimeout:5023ms
2024-08-10 09:46:56,140 [d75f2dba-195c-437b-b62a-ed875b85e515@group-CA08DE37798B-FollowerState] INFO  impl.RoleInfo (RoleInfo.java:shutdownFollowerState(119)) - d75f2dba-195c-437b-b62a-ed875b85e515: shutdown d75f2dba-195c-437b-b62a-ed875b85e515@group-CA08DE37798B-FollowerState
2024-08-10 09:46:56,140 [280ba735-fec6-4a50-aa81-34035c985b11@group-14F753A10906-LeaderElection153] INFO  server.RaftServerConfigKeys (ConfUtils.java:logGet(46)) - raft.server.log.appender.wait-time.min = 0ms (custom)
2024-08-10 09:46:56,140 [280ba735-fec6-4a50-aa81-34035c985b11@group-14F753A10906-LeaderElection153] INFO  grpc.GrpcConfigKeys (ConfUtils.java:logGet(46)) - raft.grpc.server.leader.outstanding.appends.max = 8 (default)
2024-08-10 09:46:56,140 [280ba735-fec6-4a50-aa81-34035c985b11@group-14F753A10906-LeaderElection153] INFO  server.RaftServerConfigKeys (ConfUtils.java:logGet(46)) - raft.server.rpc.request.timeout = 3000ms (default)
2024-08-10 09:46:56,140 [280ba735-fec6-4a50-aa81-34035c985b11@group-14F753A10906-LeaderElection153] INFO  grpc.GrpcConfigKeys (ConfUtils.java:logGet(46)) - raft.grpc.server.install_snapshot.request.element-limit = 8 (default)
2024-08-10 09:46:56,141 [280ba735-fec6-4a50-aa81-34035c985b11@group-14F753A10906-LeaderElection153] INFO  grpc.GrpcConfigKeys (ConfUtils.java:logGet(46)) - raft.grpc.server.install_snapshot.request.timeout = 3000ms (default)
2024-08-10 09:46:56,141 [280ba735-fec6-4a50-aa81-34035c985b11@group-14F753A10906-LeaderElection153] INFO  grpc.GrpcConfigKeys (ConfUtils.java:logGet(46)) - raft.grpc.server.log-message.batch.duration = 5s (default)
2024-08-10 09:46:56,141 [280ba735-fec6-4a50-aa81-34035c985b11@group-14F753A10906-LeaderElection153] INFO  server.RaftServerConfigKeys (ConfUtils.java:logGet(46)) - raft.server.log.appender.install.snapshot.enabled = false (custom)
2024-08-10 09:46:56,141 [280ba735-fec6-4a50-aa81-34035c985b11@group-14F753A10906-LeaderElection153] INFO  grpc.GrpcConfigKeys (ConfUtils.java:logGet(46)) - raft.grpc.server.heartbeat.channel = true (default)
2024-08-10 09:46:56,140 [grpc-default-executor-1] INFO  impl.VoteContext (VoteContext.java:log(49)) - d75f2dba-195c-437b-b62a-ed875b85e515@group-14F753A10906-FOLLOWER: accept PRE_VOTE from 280ba735-fec6-4a50-aa81-34035c985b11: our priority 0 <= candidate's priority 1
2024-08-10 09:46:56,140 [d75f2dba-195c-437b-b62a-ed875b85e515@group-CA08DE37798B-FollowerState] INFO  server.RaftServer$Division (RaftServerImpl.java:setRole(376)) - d75f2dba-195c-437b-b62a-ed875b85e515@group-CA08DE37798B: changes role from  FOLLOWER to CANDIDATE at term 0 for changeToCandidate
2024-08-10 09:46:56,141 [grpc-default-executor-1] INFO  server.RaftServer$Division (RaftServerImpl.java:requestVote(1449)) - d75f2dba-195c-437b-b62a-ed875b85e515@group-14F753A10906 replies to PRE_VOTE vote request: 280ba735-fec6-4a50-aa81-34035c985b11<-d75f2dba-195c-437b-b62a-ed875b85e515#0:OK-t1. Peer's state: d75f2dba-195c-437b-b62a-ed875b85e515@group-14F753A10906:t1, leader=null, voted=280ba735-fec6-4a50-aa81-34035c985b11, raftlog=Memoized:d75f2dba-195c-437b-b62a-ed875b85e515@group-14F753A10906-SegmentedRaftLog:OPENED:c-1:lastnull, conf=conf: {index: -1, cur=peers:[c1014618-c100-4e2c-97d7-038e29b3cb29|127.0.0.1:15613, 280ba735-fec6-4a50-aa81-34035c985b11|127.0.0.1:15604, d75f2dba-195c-437b-b62a-ed875b85e515|127.0.0.1:15595]|listeners:[], old=null}
2024-08-10 09:46:56,141 [d75f2dba-195c-437b-b62a-ed875b85e515@group-CA08DE37798B-FollowerState] INFO  server.RaftServerConfigKeys (ConfUtils.java:logGet(46)) - raft.server.leaderelection.pre-vote = true (default)
2024-08-10 09:46:56,141 [d75f2dba-195c-437b-b62a-ed875b85e515@group-CA08DE37798B-FollowerState] INFO  impl.RoleInfo (RoleInfo.java:updateAndGet(148)) - d75f2dba-195c-437b-b62a-ed875b85e515: start d75f2dba-195c-437b-b62a-ed875b85e515@group-CA08DE37798B-LeaderElection154
2024-08-10 09:46:56,142 [280ba735-fec6-4a50-aa81-34035c985b11@group-14F753A10906-LeaderElection153] INFO  server.RaftServerConfigKeys (ConfUtils.java:logGet(46)) - raft.server.log.appender.snapshot.chunk.size.max = 16MB (=16777216) (default)
2024-08-10 09:46:56,142 [280ba735-fec6-4a50-aa81-34035c985b11@group-14F753A10906-LeaderElection153] INFO  server.RaftServerConfigKeys (ConfUtils.java:logGet(46)) - raft.server.log.appender.buffer.byte-limit = 8388608 (custom)
2024-08-10 09:46:56,142 [280ba735-fec6-4a50-aa81-34035c985b11@group-14F753A10906-LeaderElection153] INFO  server.RaftServerConfigKeys (ConfUtils.java:logGet(46)) - raft.server.log.appender.buffer.element-limit = 1024 (custom)
2024-08-10 09:46:56,142 [280ba735-fec6-4a50-aa81-34035c985b11@group-14F753A10906-LeaderElection153] INFO  server.RaftServerConfigKeys (ConfUtils.java:logGet(46)) - raft.server.log.appender.wait-time.min = 0ms (custom)
2024-08-10 09:46:56,142 [280ba735-fec6-4a50-aa81-34035c985b11@group-14F753A10906-LeaderElection153] INFO  grpc.GrpcConfigKeys (ConfUtils.java:logGet(46)) - raft.grpc.server.leader.outstanding.appends.max = 8 (default)
2024-08-10 09:46:56,142 [280ba735-fec6-4a50-aa81-34035c985b11@group-14F753A10906-LeaderElection153] INFO  server.RaftServerConfigKeys (ConfUtils.java:logGet(46)) - raft.server.rpc.request.timeout = 3000ms (default)
2024-08-10 09:46:56,142 [280ba735-fec6-4a50-aa81-34035c985b11@group-14F753A10906-LeaderElection153] INFO  grpc.GrpcConfigKeys (ConfUtils.java:logGet(46)) - raft.grpc.server.install_snapshot.request.element-limit = 8 (default)
2024-08-10 09:46:56,142 [280ba735-fec6-4a50-aa81-34035c985b11@group-14F753A10906-LeaderElection153] INFO  grpc.GrpcConfigKeys (ConfUtils.java:logGet(46)) - raft.grpc.server.install_snapshot.request.timeout = 3000ms (default)
2024-08-10 09:46:56,142 [280ba735-fec6-4a50-aa81-34035c985b11@group-14F753A10906-LeaderElection153] INFO  grpc.GrpcConfigKeys (ConfUtils.java:logGet(46)) - raft.grpc.server.log-message.batch.duration = 5s (default)
2024-08-10 09:46:56,142 [280ba735-fec6-4a50-aa81-34035c985b11@group-14F753A10906-LeaderElection153] INFO  server.RaftServerConfigKeys (ConfUtils.java:logGet(46)) - raft.server.log.appender.install.snapshot.enabled = false (custom)
2024-08-10 09:46:56,142 [280ba735-fec6-4a50-aa81-34035c985b11@group-14F753A10906-LeaderElection153] INFO  grpc.GrpcConfigKeys (ConfUtils.java:logGet(46)) - raft.grpc.server.heartbeat.channel = true (default)
2024-08-10 09:46:56,142 [280ba735-fec6-4a50-aa81-34035c985b11@group-14F753A10906-LeaderElection153] INFO  impl.RoleInfo (RoleInfo.java:updateAndGet(148)) - 280ba735-fec6-4a50-aa81-34035c985b11: start 280ba735-fec6-4a50-aa81-34035c985b11@group-14F753A10906-LeaderStateImpl
2024-08-10 09:46:56,142 [280ba735-fec6-4a50-aa81-34035c985b11@group-14F753A10906-LeaderElection153] INFO  server.RaftServer$Division (RaftServerImpl.java:setFirstElection(549)) - 280ba735-fec6-4a50-aa81-34035c985b11@group-14F753A10906: set firstElectionSinceStartup to false for becomeLeader
2024-08-10 09:46:56,142 [280ba735-fec6-4a50-aa81-34035c985b11@group-14F753A10906-LeaderElection153] INFO  ratis.XceiverServerRatis (XceiverServerRatis.java:handleLeaderChangedNotification(947)) - Leader change notification received for group: group-14F753A10906 with new leaderId: 280ba735-fec6-4a50-aa81-34035c985b11
2024-08-10 09:46:56,143 [280ba735-fec6-4a50-aa81-34035c985b11@group-14F753A10906-LeaderElection153] INFO  server.RaftServer$Division (ServerState.java:setLeader(272)) - 280ba735-fec6-4a50-aa81-34035c985b11@group-14F753A10906: change Leader from null to 280ba735-fec6-4a50-aa81-34035c985b11 at term 1 for becomeLeader, leader elected after 5059ms
2024-08-10 09:46:56,143 [280ba735-fec6-4a50-aa81-34035c985b11@group-14F753A10906-LeaderElection153] INFO  segmented.SegmentedRaftLogWorker (SegmentedRaftLogWorker.java:startLogSegment(433)) - 280ba735-fec6-4a50-aa81-34035c985b11@group-14F753A10906-SegmentedRaftLogWorker: Starting segment from index:0
2024-08-10 09:46:56,143 [280ba735-fec6-4a50-aa81-34035c985b11@group-14F753A10906-SegmentedRaftLogWorker] INFO  segmented.BufferedWriteChannel (BufferedWriteChannel.java:open(61)) - open log_inprogress_0 at position 0
2024-08-10 09:46:56,144 [EventQueue-PipelineReportForPipelineReportHandler] INFO  pipeline.PipelineReportHandler (PipelineReportHandler.java:processPipelineReport(136)) - Opened pipeline PipelineID=029aa26b-425a-4e1d-a775-14f753a10906
2024-08-10 09:46:56,144 [EventQueue-OpenPipelineForHealthyPipelineSafeModeRule] INFO  safemode.SCMSafeModeManager (HealthyPipelineSafeModeRule.java:process(140)) - SCM in safe mode. Healthy pipelines reported count is 1, required healthy pipeline reported count is 1
2024-08-10 09:46:56,144 [EventQueue-OpenPipelineForHealthyPipelineSafeModeRule] INFO  safemode.SCMSafeModeManager (SCMSafeModeManager.java:validateSafeModeExitRules(203)) - HealthyPipelineSafeModeRule rule is successfully validated
2024-08-10 09:46:56,144 [EventQueue-OpenPipelineForHealthyPipelineSafeModeRule] INFO  safemode.SCMSafeModeManager (SCMSafeModeManager.java:validateSafeModeExitRules(218)) - ScmSafeModeManager, all rules are successfully validated
2024-08-10 09:46:56,144 [EventQueue-OpenPipelineForHealthyPipelineSafeModeRule] INFO  safemode.SCMSafeModeManager (SCMSafeModeManager.java:exitSafeMode(248)) - SCM exiting safe mode.
2024-08-10 09:46:56,144 [EventQueue-OpenPipelineForHealthyPipelineSafeModeRule] INFO  ha.SCMContext (SCMContext.java:updateSafeModeStatus(225)) - Update SafeModeStatus from SafeModeStatus{safeModeStatus=true, preCheckPassed=true} to SafeModeStatus{safeModeStatus=false, preCheckPassed=true}.
2024-08-10 09:46:56,144 [EventQueue-OpenPipelineForHealthyPipelineSafeModeRule] INFO  pipeline.BackgroundPipelineCreator (BackgroundPipelineCreator.java:notifyStatusChanged(258)) - Service BackgroundPipelineCreator transitions to RUNNING.
2024-08-10 09:46:56,144 [EventQueue-OpenPipelineForHealthyPipelineSafeModeRule] INFO  BackgroundPipelineScrubber (BackgroundSCMService.java:notifyStatusChanged(79)) - Service BackgroundPipelineScrubber transitions to RUNNING.
2024-08-10 09:46:56,144 [EventQueue-OpenPipelineForHealthyPipelineSafeModeRule] INFO  ExpiredContainerReplicaOpScrubber (BackgroundSCMService.java:notifyStatusChanged(79)) - Service ExpiredContainerReplicaOpScrubber transitions to RUNNING.
2024-08-10 09:46:56,144 [EventQueue-OpenPipelineForHealthyPipelineSafeModeRule] INFO  block.SCMBlockDeletingService (SCMBlockDeletingService.java:notifyStatusChanged(247)) - notifyStatusChanged:RUNNING
2024-08-10 09:46:56,144 [EventQueue-OpenPipelineForHealthyPipelineSafeModeRule] INFO  replication.ReplicationManager (ReplicationManager.java:notifyStatusChanged(1406)) - Service ReplicationManager transitions to RUNNING.
2024-08-10 09:46:56,144 [EventQueue-OpenPipelineForHealthyPipelineSafeModeRule] WARN  balancer.ContainerBalancer (ContainerBalancer.java:shouldRun(136)) - Could not find persisted configuration for ContainerBalancer when checking if ContainerBalancer should run. ContainerBalancer should not run now.
2024-08-10 09:46:56,146 [d75f2dba-195c-437b-b62a-ed875b85e515@group-CA08DE37798B-LeaderElection154] INFO  impl.LeaderElection (LeaderElection.java:askForVotes(321)) - d75f2dba-195c-437b-b62a-ed875b85e515@group-CA08DE37798B-LeaderElection154 PRE_VOTE round 0: submit vote requests at term 0 for conf: {index: -1, cur=peers:[280ba735-fec6-4a50-aa81-34035c985b11|127.0.0.1:15604, c1014618-c100-4e2c-97d7-038e29b3cb29|127.0.0.1:15613, d75f2dba-195c-437b-b62a-ed875b85e515|127.0.0.1:15595]|listeners:[], old=null}
2024-08-10 09:46:56,146 [280ba735-fec6-4a50-aa81-34035c985b11@group-14F753A10906-LeaderElection153] INFO  server.RaftServer$Division (ServerState.java:setRaftConf(386)) - 280ba735-fec6-4a50-aa81-34035c985b11@group-14F753A10906: set configuration conf: {index: 0, cur=peers:[c1014618-c100-4e2c-97d7-038e29b3cb29|127.0.0.1:15613, 280ba735-fec6-4a50-aa81-34035c985b11|127.0.0.1:15604, d75f2dba-195c-437b-b62a-ed875b85e515|127.0.0.1:15595]|listeners:[], old=null}
2024-08-10 09:46:56,149 [d75f2dba-195c-437b-b62a-ed875b85e515@group-CA08DE37798B-LeaderElection154-1] INFO  server.GrpcServerProtocolClient (GrpcServerProtocolClient.java:<init>(65)) - Build channel for 280ba735-fec6-4a50-aa81-34035c985b11|127.0.0.1:15604
2024-08-10 09:46:56,150 [d75f2dba-195c-437b-b62a-ed875b85e515@group-CA08DE37798B-LeaderElection154] INFO  server.RaftServerConfigKeys (ConfUtils.java:logFallback(53)) - raft.server.rpc.first-election.timeout.min = 5s (fallback to raft.server.rpc.timeout.min)
2024-08-10 09:46:56,150 [d75f2dba-195c-437b-b62a-ed875b85e515@group-CA08DE37798B-LeaderElection154] INFO  server.RaftServerConfigKeys (ConfUtils.java:logFallback(53)) - raft.server.rpc.first-election.timeout.max = 5200ms (fallback to raft.server.rpc.timeout.max)
2024-08-10 09:46:56,150 [d75f2dba-195c-437b-b62a-ed875b85e515@group-CA08DE37798B-LeaderElection154-2] INFO  server.GrpcServerProtocolClient (GrpcServerProtocolClient.java:<init>(65)) - Build channel for c1014618-c100-4e2c-97d7-038e29b3cb29|127.0.0.1:15613
2024-08-10 09:46:56,152 [grpc-default-executor-1] INFO  server.RaftServer$Division (RaftServerImpl.java:requestVote(1416)) - 280ba735-fec6-4a50-aa81-34035c985b11@group-CA08DE37798B: receive requestVote(PRE_VOTE, d75f2dba-195c-437b-b62a-ed875b85e515, group-CA08DE37798B, 0, (t:0, i:0))
2024-08-10 09:46:56,152 [grpc-default-executor-1] INFO  impl.VoteContext (VoteContext.java:log(49)) - 280ba735-fec6-4a50-aa81-34035c985b11@group-CA08DE37798B-FOLLOWER: accept PRE_VOTE from d75f2dba-195c-437b-b62a-ed875b85e515: our priority 0 <= candidate's priority 0
2024-08-10 09:46:56,152 [grpc-default-executor-1] INFO  server.RaftServer$Division (RaftServerImpl.java:requestVote(1449)) - 280ba735-fec6-4a50-aa81-34035c985b11@group-CA08DE37798B replies to PRE_VOTE vote request: d75f2dba-195c-437b-b62a-ed875b85e515<-280ba735-fec6-4a50-aa81-34035c985b11#0:OK-t0. Peer's state: 280ba735-fec6-4a50-aa81-34035c985b11@group-CA08DE37798B:t0, leader=null, voted=, raftlog=Memoized:280ba735-fec6-4a50-aa81-34035c985b11@group-CA08DE37798B-SegmentedRaftLog:OPENED:c-1:lastnull, conf=conf: {index: -1, cur=peers:[280ba735-fec6-4a50-aa81-34035c985b11|127.0.0.1:15604, c1014618-c100-4e2c-97d7-038e29b3cb29|127.0.0.1:15613, d75f2dba-195c-437b-b62a-ed875b85e515|127.0.0.1:15595]|listeners:[], old=null}
2024-08-10 09:46:56,154 [grpc-default-executor-1] INFO  server.RaftServer$Division (RaftServerImpl.java:requestVote(1416)) - c1014618-c100-4e2c-97d7-038e29b3cb29@group-CA08DE37798B: receive requestVote(PRE_VOTE, d75f2dba-195c-437b-b62a-ed875b85e515, group-CA08DE37798B, 0, (t:0, i:0))
2024-08-10 09:46:56,154 [grpc-default-executor-1] INFO  impl.VoteContext (VoteContext.java:log(49)) - c1014618-c100-4e2c-97d7-038e29b3cb29@group-CA08DE37798B-FOLLOWER: reject PRE_VOTE from d75f2dba-195c-437b-b62a-ed875b85e515: our priority 1 > candidate's priority 0
2024-08-10 09:46:56,154 [grpc-default-executor-1] INFO  server.RaftServer$Division (RaftServerImpl.java:requestVote(1449)) - c1014618-c100-4e2c-97d7-038e29b3cb29@group-CA08DE37798B replies to PRE_VOTE vote request: d75f2dba-195c-437b-b62a-ed875b85e515<-c1014618-c100-4e2c-97d7-038e29b3cb29#0:FAIL-t0. Peer's state: c1014618-c100-4e2c-97d7-038e29b3cb29@group-CA08DE37798B:t0, leader=null, voted=, raftlog=Memoized:c1014618-c100-4e2c-97d7-038e29b3cb29@group-CA08DE37798B-SegmentedRaftLog:OPENED:c-1:lastnull, conf=conf: {index: -1, cur=peers:[280ba735-fec6-4a50-aa81-34035c985b11|127.0.0.1:15604, c1014618-c100-4e2c-97d7-038e29b3cb29|127.0.0.1:15613, d75f2dba-195c-437b-b62a-ed875b85e515|127.0.0.1:15595]|listeners:[], old=null}
2024-08-10 09:46:56,154 [280ba735-fec6-4a50-aa81-34035c985b11@group-14F753A10906-SegmentedRaftLogWorker] INFO  segmented.SegmentedRaftLogWorker (SegmentedRaftLogWorker.java:execute(637)) - 280ba735-fec6-4a50-aa81-34035c985b11@group-14F753A10906-SegmentedRaftLogWorker: created new log segment /home/runner/work/ozone/ozone/hadoop-ozone/integration-test/target/test-dir/MiniOzoneClusterImpl-25487c27-6224-40aa-b0ad-008c83bbb5f2/ozone-meta/datanode-2/ratis/029aa26b-425a-4e1d-a775-14f753a10906/current/log_inprogress_0
2024-08-10 09:46:56,155 [d75f2dba-195c-437b-b62a-ed875b85e515@group-CA08DE37798B-LeaderElection154] INFO  impl.LeaderElection (LeaderElection.java:logAndReturn(89)) - d75f2dba-195c-437b-b62a-ed875b85e515@group-CA08DE37798B-LeaderElection154: PRE_VOTE REJECTED received 2 response(s) and 0 exception(s):
2024-08-10 09:46:56,155 [d75f2dba-195c-437b-b62a-ed875b85e515@group-CA08DE37798B-LeaderElection154] INFO  impl.LeaderElection (LeaderElection.java:logAndReturn(93)) -   Response 0: d75f2dba-195c-437b-b62a-ed875b85e515<-280ba735-fec6-4a50-aa81-34035c985b11#0:OK-t0
2024-08-10 09:46:56,155 [d75f2dba-195c-437b-b62a-ed875b85e515@group-CA08DE37798B-LeaderElection154] INFO  impl.LeaderElection (LeaderElection.java:logAndReturn(93)) -   Response 1: d75f2dba-195c-437b-b62a-ed875b85e515<-c1014618-c100-4e2c-97d7-038e29b3cb29#0:FAIL-t0
2024-08-10 09:46:56,155 [d75f2dba-195c-437b-b62a-ed875b85e515@group-CA08DE37798B-LeaderElection154] INFO  impl.LeaderElection (LeaderElection.java:askForVotes(323)) - d75f2dba-195c-437b-b62a-ed875b85e515@group-CA08DE37798B-LeaderElection154 PRE_VOTE round 0: result REJECTED
2024-08-10 09:46:56,155 [d75f2dba-195c-437b-b62a-ed875b85e515@group-CA08DE37798B-LeaderElection154] INFO  server.RaftServer$Division (RaftServerImpl.java:setRole(376)) - d75f2dba-195c-437b-b62a-ed875b85e515@group-CA08DE37798B: changes role from CANDIDATE to FOLLOWER at term 0 for REJECTED
2024-08-10 09:46:56,155 [d75f2dba-195c-437b-b62a-ed875b85e515@group-CA08DE37798B-LeaderElection154] INFO  impl.RoleInfo (RoleInfo.java:shutdownLeaderElection(139)) - d75f2dba-195c-437b-b62a-ed875b85e515: shutdown d75f2dba-195c-437b-b62a-ed875b85e515@group-CA08DE37798B-LeaderElection154
2024-08-10 09:46:56,155 [d75f2dba-195c-437b-b62a-ed875b85e515@group-CA08DE37798B-LeaderElection154] INFO  impl.RoleInfo (RoleInfo.java:updateAndGet(148)) - d75f2dba-195c-437b-b62a-ed875b85e515: start d75f2dba-195c-437b-b62a-ed875b85e515@group-CA08DE37798B-FollowerState
2024-08-10 09:46:56,156 [c1014618-c100-4e2c-97d7-038e29b3cb29-server-thread1] INFO  ratis.XceiverServerRatis (XceiverServerRatis.java:handleLeaderChangedNotification(947)) - Leader change notification received for group: group-14F753A10906 with new leaderId: 280ba735-fec6-4a50-aa81-34035c985b11
2024-08-10 09:46:56,156 [c1014618-c100-4e2c-97d7-038e29b3cb29-server-thread1] INFO  server.RaftServer$Division (ServerState.java:setLeader(272)) - c1014618-c100-4e2c-97d7-038e29b3cb29@group-14F753A10906: change Leader from null to 280ba735-fec6-4a50-aa81-34035c985b11 at term 1 for appendEntries, leader elected after 5096ms
2024-08-10 09:46:56,156 [c1014618-c100-4e2c-97d7-038e29b3cb29-server-thread1] INFO  server.RaftServer$Division (ServerState.java:setRaftConf(386)) - c1014618-c100-4e2c-97d7-038e29b3cb29@group-14F753A10906: set configuration conf: {index: 0, cur=peers:[c1014618-c100-4e2c-97d7-038e29b3cb29|127.0.0.1:15613, 280ba735-fec6-4a50-aa81-34035c985b11|127.0.0.1:15604, d75f2dba-195c-437b-b62a-ed875b85e515|127.0.0.1:15595]|listeners:[], old=null}
2024-08-10 09:46:56,156 [c1014618-c100-4e2c-97d7-038e29b3cb29-server-thread1] INFO  segmented.SegmentedRaftLogWorker (SegmentedRaftLogWorker.java:startLogSegment(433)) - c1014618-c100-4e2c-97d7-038e29b3cb29@group-14F753A10906-SegmentedRaftLogWorker: Starting segment from index:0
2024-08-10 09:46:56,157 [280ba735-fec6-4a50-aa81-34035c985b11@group-CA08DE37798B-FollowerState] INFO  server.RaftServerConfigKeys (ConfUtils.java:logFallback(53)) - raft.server.rpc.first-election.timeout.min = 5s (fallback to raft.server.rpc.timeout.min)
2024-08-10 09:46:56,157 [280ba735-fec6-4a50-aa81-34035c985b11@group-CA08DE37798B-FollowerState] INFO  server.RaftServerConfigKeys (ConfUtils.java:logFallback(53)) - raft.server.rpc.first-election.timeout.max = 5200ms (fallback to raft.server.rpc.timeout.max)
2024-08-10 09:46:56,157 [c1014618-c100-4e2c-97d7-038e29b3cb29@group-14F753A10906-SegmentedRaftLogWorker] INFO  segmented.BufferedWriteChannel (BufferedWriteChannel.java:open(61)) - open log_inprogress_0 at position 0
2024-08-10 09:46:56,158 [d75f2dba-195c-437b-b62a-ed875b85e515@group-CA08DE37798B-LeaderElection154] INFO  server.RaftServer$Division (RaftServerImpl.java:setFirstElection(549)) - d75f2dba-195c-437b-b62a-ed875b85e515@group-CA08DE37798B: set firstElectionSinceStartup to false for REJECTED
2024-08-10 09:46:56,162 [d75f2dba-195c-437b-b62a-ed875b85e515-server-thread1] INFO  ratis.XceiverServerRatis (XceiverServerRatis.java:handleLeaderChangedNotification(947)) - Leader change notification received for group: group-14F753A10906 with new leaderId: 280ba735-fec6-4a50-aa81-34035c985b11
2024-08-10 09:46:56,162 [d75f2dba-195c-437b-b62a-ed875b85e515-server-thread1] INFO  server.RaftServer$Division (ServerState.java:setLeader(272)) - d75f2dba-195c-437b-b62a-ed875b85e515@group-14F753A10906: change Leader from null to 280ba735-fec6-4a50-aa81-34035c985b11 at term 1 for appendEntries, leader elected after 5126ms
2024-08-10 09:46:56,162 [d75f2dba-195c-437b-b62a-ed875b85e515-server-thread2] INFO  server.RaftServer$Division (ServerState.java:setRaftConf(386)) - d75f2dba-195c-437b-b62a-ed875b85e515@group-14F753A10906: set configuration conf: {index: 0, cur=peers:[c1014618-c100-4e2c-97d7-038e29b3cb29|127.0.0.1:15613, 280ba735-fec6-4a50-aa81-34035c985b11|127.0.0.1:15604, d75f2dba-195c-437b-b62a-ed875b85e515|127.0.0.1:15595]|listeners:[], old=null}
2024-08-10 09:46:56,163 [d75f2dba-195c-437b-b62a-ed875b85e515-server-thread2] INFO  segmented.SegmentedRaftLogWorker (SegmentedRaftLogWorker.java:startLogSegment(433)) - d75f2dba-195c-437b-b62a-ed875b85e515@group-14F753A10906-SegmentedRaftLogWorker: Starting segment from index:0
2024-08-10 09:46:56,163 [d75f2dba-195c-437b-b62a-ed875b85e515@group-14F753A10906-SegmentedRaftLogWorker] INFO  segmented.BufferedWriteChannel (BufferedWriteChannel.java:open(61)) - open log_inprogress_0 at position 0
2024-08-10 09:46:56,167 [c1014618-c100-4e2c-97d7-038e29b3cb29@group-14F753A10906-SegmentedRaftLogWorker] INFO  segmented.SegmentedRaftLogWorker (SegmentedRaftLogWorker.java:execute(637)) - c1014618-c100-4e2c-97d7-038e29b3cb29@group-14F753A10906-SegmentedRaftLogWorker: created new log segment /home/runner/work/ozone/ozone/hadoop-ozone/integration-test/target/test-dir/MiniOzoneClusterImpl-25487c27-6224-40aa-b0ad-008c83bbb5f2/ozone-meta/datanode-3/ratis/029aa26b-425a-4e1d-a775-14f753a10906/current/log_inprogress_0
2024-08-10 09:46:56,172 [280ba735-fec6-4a50-aa81-34035c985b11@group-14F753A10906-StateMachineUpdater] INFO  server.RaftServer$Division (LeaderStateImpl.java:checkStartIndex(316)) - Leader 280ba735-fec6-4a50-aa81-34035c985b11@group-14F753A10906-LeaderStateImpl is ready since appliedIndex == startIndex == 0
2024-08-10 09:46:56,172 [d75f2dba-195c-437b-b62a-ed875b85e515@group-14F753A10906-SegmentedRaftLogWorker] INFO  segmented.SegmentedRaftLogWorker (SegmentedRaftLogWorker.java:execute(637)) - d75f2dba-195c-437b-b62a-ed875b85e515@group-14F753A10906-SegmentedRaftLogWorker: created new log segment /home/runner/work/ozone/ozone/hadoop-ozone/integration-test/target/test-dir/MiniOzoneClusterImpl-25487c27-6224-40aa-b0ad-008c83bbb5f2/ozone-meta/datanode-1/ratis/029aa26b-425a-4e1d-a775-14f753a10906/current/log_inprogress_0
2024-08-10 09:46:56,181 [c1014618-c100-4e2c-97d7-038e29b3cb29@group-CA08DE37798B-FollowerState] INFO  impl.FollowerState (FollowerState.java:run(144)) - c1014618-c100-4e2c-97d7-038e29b3cb29@group-CA08DE37798B-FollowerState: change to CANDIDATE, lastRpcElapsedTime:5005324138ns, electionTimeout:5003ms
2024-08-10 09:46:56,181 [c1014618-c100-4e2c-97d7-038e29b3cb29@group-CA08DE37798B-FollowerState] INFO  impl.RoleInfo (RoleInfo.java:shutdownFollowerState(119)) - c1014618-c100-4e2c-97d7-038e29b3cb29: shutdown c1014618-c100-4e2c-97d7-038e29b3cb29@group-CA08DE37798B-FollowerState
2024-08-10 09:46:56,181 [c1014618-c100-4e2c-97d7-038e29b3cb29@group-CA08DE37798B-FollowerState] INFO  server.RaftServer$Division (RaftServerImpl.java:setRole(376)) - c1014618-c100-4e2c-97d7-038e29b3cb29@group-CA08DE37798B: changes role from  FOLLOWER to CANDIDATE at term 0 for changeToCandidate
2024-08-10 09:46:56,182 [c1014618-c100-4e2c-97d7-038e29b3cb29@group-CA08DE37798B-FollowerState] INFO  server.RaftServerConfigKeys (ConfUtils.java:logGet(46)) - raft.server.leaderelection.pre-vote = true (default)
2024-08-10 09:46:56,182 [c1014618-c100-4e2c-97d7-038e29b3cb29@group-CA08DE37798B-FollowerState] INFO  impl.RoleInfo (RoleInfo.java:updateAndGet(148)) - c1014618-c100-4e2c-97d7-038e29b3cb29: start c1014618-c100-4e2c-97d7-038e29b3cb29@group-CA08DE37798B-LeaderElection155
2024-08-10 09:46:56,182 [c1014618-c100-4e2c-97d7-038e29b3cb29@group-CA08DE37798B-LeaderElection155] INFO  impl.LeaderElection (LeaderElection.java:askForVotes(321)) - c1014618-c100-4e2c-97d7-038e29b3cb29@group-CA08DE37798B-LeaderElection155 PRE_VOTE round 0: submit vote requests at term 0 for conf: {index: -1, cur=peers:[280ba735-fec6-4a50-aa81-34035c985b11|127.0.0.1:15604, c1014618-c100-4e2c-97d7-038e29b3cb29|127.0.0.1:15613, d75f2dba-195c-437b-b62a-ed875b85e515|127.0.0.1:15595]|listeners:[], old=null}
2024-08-10 09:46:56,182 [c1014618-c100-4e2c-97d7-038e29b3cb29@group-CA08DE37798B-LeaderElection155-1] INFO  server.GrpcServerProtocolClient (GrpcServerProtocolClient.java:<init>(65)) - Build channel for 280ba735-fec6-4a50-aa81-34035c985b11|127.0.0.1:15604
2024-08-10 09:46:56,183 [c1014618-c100-4e2c-97d7-038e29b3cb29@group-CA08DE37798B-LeaderElection155] INFO  server.RaftServerConfigKeys (ConfUtils.java:logFallback(53)) - raft.server.rpc.first-election.timeout.min = 5s (fallback to raft.server.rpc.timeout.min)
2024-08-10 09:46:56,183 [c1014618-c100-4e2c-97d7-038e29b3cb29@group-CA08DE37798B-LeaderElection155] INFO  server.RaftServerConfigKeys (ConfUtils.java:logFallback(53)) - raft.server.rpc.first-election.timeout.max = 5200ms (fallback to raft.server.rpc.timeout.max)
2024-08-10 09:46:56,183 [c1014618-c100-4e2c-97d7-038e29b3cb29@group-CA08DE37798B-LeaderElection155-2] INFO  server.GrpcServerProtocolClient (GrpcServerProtocolClient.java:<init>(65)) - Build channel for d75f2dba-195c-437b-b62a-ed875b85e515|127.0.0.1:15595
2024-08-10 09:46:56,185 [grpc-default-executor-4] INFO  server.RaftServer$Division (RaftServerImpl.java:requestVote(1416)) - 280ba735-fec6-4a50-aa81-34035c985b11@group-CA08DE37798B: receive requestVote(PRE_VOTE, c1014618-c100-4e2c-97d7-038e29b3cb29, group-CA08DE37798B, 0, (t:0, i:0))
2024-08-10 09:46:56,185 [grpc-default-executor-4] INFO  impl.VoteContext (VoteContext.java:log(49)) - 280ba735-fec6-4a50-aa81-34035c985b11@group-CA08DE37798B-FOLLOWER: accept PRE_VOTE from c1014618-c100-4e2c-97d7-038e29b3cb29: our priority 0 <= candidate's priority 1
2024-08-10 09:46:56,185 [grpc-default-executor-4] INFO  server.RaftServer$Division (RaftServerImpl.java:requestVote(1449)) - 280ba735-fec6-4a50-aa81-34035c985b11@group-CA08DE37798B replies to PRE_VOTE vote request: c1014618-c100-4e2c-97d7-038e29b3cb29<-280ba735-fec6-4a50-aa81-34035c985b11#0:OK-t0. Peer's state: 280ba735-fec6-4a50-aa81-34035c985b11@group-CA08DE37798B:t0, leader=null, voted=, raftlog=Memoized:280ba735-fec6-4a50-aa81-34035c985b11@group-CA08DE37798B-SegmentedRaftLog:OPENED:c-1:lastnull, conf=conf: {index: -1, cur=peers:[280ba735-fec6-4a50-aa81-34035c985b11|127.0.0.1:15604, c1014618-c100-4e2c-97d7-038e29b3cb29|127.0.0.1:15613, d75f2dba-195c-437b-b62a-ed875b85e515|127.0.0.1:15595]|listeners:[], old=null}
2024-08-10 09:46:56,185 [c1014618-c100-4e2c-97d7-038e29b3cb29@group-CA08DE37798B-LeaderElection155] INFO  impl.LeaderElection (LeaderElection.java:logAndReturn(89)) - c1014618-c100-4e2c-97d7-038e29b3cb29@group-CA08DE37798B-LeaderElection155: PRE_VOTE PASSED received 1 response(s) and 0 exception(s):
2024-08-10 09:46:56,186 [c1014618-c100-4e2c-97d7-038e29b3cb29@group-CA08DE37798B-LeaderElection155] INFO  impl.LeaderElection (LeaderElection.java:logAndReturn(93)) -   Response 0: c1014618-c100-4e2c-97d7-038e29b3cb29<-280ba735-fec6-4a50-aa81-34035c985b11#0:OK-t0
2024-08-10 09:46:56,185 [grpc-default-executor-4] INFO  server.RaftServer$Division (RaftServerImpl.java:requestVote(1416)) - d75f2dba-195c-437b-b62a-ed875b85e515@group-CA08DE37798B: receive requestVote(PRE_VOTE, c1014618-c100-4e2c-97d7-038e29b3cb29, group-CA08DE37798B, 0, (t:0, i:0))
2024-08-10 09:46:56,186 [c1014618-c100-4e2c-97d7-038e29b3cb29@group-CA08DE37798B-LeaderElection155] INFO  impl.LeaderElection (LeaderElection.java:askForVotes(323)) - c1014618-c100-4e2c-97d7-038e29b3cb29@group-CA08DE37798B-LeaderElection155 PRE_VOTE round 0: result PASSED
2024-08-10 09:46:56,186 [grpc-default-executor-4] INFO  impl.VoteContext (VoteContext.java:log(49)) - d75f2dba-195c-437b-b62a-ed875b85e515@group-CA08DE37798B-FOLLOWER: accept PRE_VOTE from c1014618-c100-4e2c-97d7-038e29b3cb29: our priority 0 <= candidate's priority 1
2024-08-10 09:46:56,186 [grpc-default-executor-4] INFO  server.RaftServer$Division (RaftServerImpl.java:requestVote(1449)) - d75f2dba-195c-437b-b62a-ed875b85e515@group-CA08DE37798B replies to PRE_VOTE vote request: c1014618-c100-4e2c-97d7-038e29b3cb29<-d75f2dba-195c-437b-b62a-ed875b85e515#0:OK-t0. Peer's state: d75f2dba-195c-437b-b62a-ed875b85e515@group-CA08DE37798B:t0, leader=null, voted=, raftlog=Memoized:d75f2dba-195c-437b-b62a-ed875b85e515@group-CA08DE37798B-SegmentedRaftLog:OPENED:c-1:lastnull, conf=conf: {index: -1, cur=peers:[280ba735-fec6-4a50-aa81-34035c985b11|127.0.0.1:15604, c1014618-c100-4e2c-97d7-038e29b3cb29|127.0.0.1:15613, d75f2dba-195c-437b-b62a-ed875b85e515|127.0.0.1:15595]|listeners:[], old=null}
2024-08-10 09:46:56,187 [c1014618-c100-4e2c-97d7-038e29b3cb29@group-CA08DE37798B-LeaderElection155] INFO  impl.LeaderElection (LeaderElection.java:askForVotes(321)) - c1014618-c100-4e2c-97d7-038e29b3cb29@group-CA08DE37798B-LeaderElection155 ELECTION round 0: submit vote requests at term 1 for conf: {index: -1, cur=peers:[280ba735-fec6-4a50-aa81-34035c985b11|127.0.0.1:15604, c1014618-c100-4e2c-97d7-038e29b3cb29|127.0.0.1:15613, d75f2dba-195c-437b-b62a-ed875b85e515|127.0.0.1:15595]|listeners:[], old=null}
2024-08-10 09:46:56,187 [c1014618-c100-4e2c-97d7-038e29b3cb29@group-CA08DE37798B-LeaderElection155] INFO  server.RaftServerConfigKeys (ConfUtils.java:logFallback(53)) - raft.server.rpc.first-election.timeout.min = 5s (fallback to raft.server.rpc.timeout.min)
2024-08-10 09:46:56,187 [c1014618-c100-4e2c-97d7-038e29b3cb29@group-CA08DE37798B-LeaderElection155] INFO  server.RaftServerConfigKeys (ConfUtils.java:logFallback(53)) - raft.server.rpc.first-election.timeout.max = 5200ms (fallback to raft.server.rpc.timeout.max)
2024-08-10 09:46:56,188 [grpc-default-executor-6] INFO  server.RaftServer$Division (RaftServerImpl.java:requestVote(1416)) - 280ba735-fec6-4a50-aa81-34035c985b11@group-CA08DE37798B: receive requestVote(ELECTION, c1014618-c100-4e2c-97d7-038e29b3cb29, group-CA08DE37798B, 1, (t:0, i:0))
2024-08-10 09:46:56,188 [grpc-default-executor-6] INFO  impl.VoteContext (VoteContext.java:log(49)) - 280ba735-fec6-4a50-aa81-34035c985b11@group-CA08DE37798B-FOLLOWER: accept ELECTION from c1014618-c100-4e2c-97d7-038e29b3cb29: our priority 0 <= candidate's priority 1
2024-08-10 09:46:56,188 [grpc-default-executor-6] INFO  server.RaftServer$Division (RaftServerImpl.java:setRole(376)) - 280ba735-fec6-4a50-aa81-34035c985b11@group-CA08DE37798B: changes role from  FOLLOWER to FOLLOWER at term 1 for candidate:c1014618-c100-4e2c-97d7-038e29b3cb29
2024-08-10 09:46:56,188 [grpc-default-executor-6] INFO  impl.RoleInfo (RoleInfo.java:shutdownFollowerState(119)) - 280ba735-fec6-4a50-aa81-34035c985b11: shutdown 280ba735-fec6-4a50-aa81-34035c985b11@group-CA08DE37798B-FollowerState
2024-08-10 09:46:56,188 [grpc-default-executor-6] INFO  impl.RoleInfo (RoleInfo.java:updateAndGet(148)) - 280ba735-fec6-4a50-aa81-34035c985b11: start 280ba735-fec6-4a50-aa81-34035c985b11@group-CA08DE37798B-FollowerState
2024-08-10 09:46:56,188 [280ba735-fec6-4a50-aa81-34035c985b11@group-CA08DE37798B-FollowerState] INFO  impl.FollowerState (FollowerState.java:run(153)) - 280ba735-fec6-4a50-aa81-34035c985b11@group-CA08DE37798B-FollowerState was interrupted
2024-08-10 09:46:56,188 [grpc-default-executor-6] INFO  server.RaftServer$Division (RaftServerImpl.java:setFirstElection(549)) - 280ba735-fec6-4a50-aa81-34035c985b11@group-CA08DE37798B: set firstElectionSinceStartup to false for candidate:c1014618-c100-4e2c-97d7-038e29b3cb29
2024-08-10 09:46:56,189 [grpc-default-executor-4] INFO  server.RaftServer$Division (RaftServerImpl.java:requestVote(1416)) - d75f2dba-195c-437b-b62a-ed875b85e515@group-CA08DE37798B: receive requestVote(ELECTION, c1014618-c100-4e2c-97d7-038e29b3cb29, group-CA08DE37798B, 1, (t:0, i:0))
2024-08-10 09:46:56,189 [grpc-default-executor-4] INFO  impl.VoteContext (VoteContext.java:log(49)) - d75f2dba-195c-437b-b62a-ed875b85e515@group-CA08DE37798B-FOLLOWER: accept ELECTION from c1014618-c100-4e2c-97d7-038e29b3cb29: our priority 0 <= candidate's priority 1
2024-08-10 09:46:56,189 [grpc-default-executor-4] INFO  server.RaftServer$Division (RaftServerImpl.java:setRole(376)) - d75f2dba-195c-437b-b62a-ed875b85e515@group-CA08DE37798B: changes role from  FOLLOWER to FOLLOWER at term 1 for candidate:c1014618-c100-4e2c-97d7-038e29b3cb29
2024-08-10 09:46:56,189 [grpc-default-executor-4] INFO  impl.RoleInfo (RoleInfo.java:shutdownFollowerState(119)) - d75f2dba-195c-437b-b62a-ed875b85e515: shutdown d75f2dba-195c-437b-b62a-ed875b85e515@group-CA08DE37798B-FollowerState
2024-08-10 09:46:56,189 [grpc-default-executor-4] INFO  impl.RoleInfo (RoleInfo.java:updateAndGet(148)) - d75f2dba-195c-437b-b62a-ed875b85e515: start d75f2dba-195c-437b-b62a-ed875b85e515@group-CA08DE37798B-FollowerState
2024-08-10 09:46:56,189 [grpc-default-executor-6] INFO  server.RaftServer$Division (RaftServerImpl.java:requestVote(1449)) - 280ba735-fec6-4a50-aa81-34035c985b11@group-CA08DE37798B replies to ELECTION vote request: c1014618-c100-4e2c-97d7-038e29b3cb29<-280ba735-fec6-4a50-aa81-34035c985b11#0:OK-t1. Peer's state: 280ba735-fec6-4a50-aa81-34035c985b11@group-CA08DE37798B:t1, leader=null, voted=c1014618-c100-4e2c-97d7-038e29b3cb29, raftlog=Memoized:280ba735-fec6-4a50-aa81-34035c985b11@group-CA08DE37798B-SegmentedRaftLog:OPENED:c-1:lastnull, conf=conf: {index: -1, cur=peers:[280ba735-fec6-4a50-aa81-34035c985b11|127.0.0.1:15604, c1014618-c100-4e2c-97d7-038e29b3cb29|127.0.0.1:15613, d75f2dba-195c-437b-b62a-ed875b85e515|127.0.0.1:15595]|listeners:[], old=null}
2024-08-10 09:46:56,190 [d75f2dba-195c-437b-b62a-ed875b85e515@group-CA08DE37798B-FollowerState] INFO  impl.FollowerState (FollowerState.java:run(153)) - d75f2dba-195c-437b-b62a-ed875b85e515@group-CA08DE37798B-FollowerState was interrupted
2024-08-10 09:46:56,191 [c1014618-c100-4e2c-97d7-038e29b3cb29@group-CA08DE37798B-LeaderElection155] INFO  impl.LeaderElection (LeaderElection.java:logAndReturn(89)) - c1014618-c100-4e2c-97d7-038e29b3cb29@group-CA08DE37798B-LeaderElection155: ELECTION PASSED received 1 response(s) and 0 exception(s):
2024-08-10 09:46:56,191 [c1014618-c100-4e2c-97d7-038e29b3cb29@group-CA08DE37798B-LeaderElection155] INFO  impl.LeaderElection (LeaderElection.java:logAndReturn(93)) -   Response 0: c1014618-c100-4e2c-97d7-038e29b3cb29<-280ba735-fec6-4a50-aa81-34035c985b11#0:OK-t1
2024-08-10 09:46:56,191 [c1014618-c100-4e2c-97d7-038e29b3cb29@group-CA08DE37798B-LeaderElection155] INFO  impl.LeaderElection (LeaderElection.java:askForVotes(323)) - c1014618-c100-4e2c-97d7-038e29b3cb29@group-CA08DE37798B-LeaderElection155 ELECTION round 0: result PASSED
2024-08-10 09:46:56,191 [c1014618-c100-4e2c-97d7-038e29b3cb29@group-CA08DE37798B-LeaderElection155] INFO  impl.RoleInfo (RoleInfo.java:shutdownLeaderElection(139)) - c1014618-c100-4e2c-97d7-038e29b3cb29: shutdown c1014618-c100-4e2c-97d7-038e29b3cb29@group-CA08DE37798B-LeaderElection155
2024-08-10 09:46:56,192 [c1014618-c100-4e2c-97d7-038e29b3cb29@group-CA08DE37798B-LeaderElection155] INFO  server.RaftServer$Division (RaftServerImpl.java:setRole(376)) - c1014618-c100-4e2c-97d7-038e29b3cb29@group-CA08DE37798B: changes role from CANDIDATE to LEADER at term 1 for changeToLeader
2024-08-10 09:46:56,192 [grpc-default-executor-4] INFO  server.RaftServer$Division (RaftServerImpl.java:requestVote(1449)) - d75f2dba-195c-437b-b62a-ed875b85e515@group-CA08DE37798B replies to ELECTION vote request: c1014618-c100-4e2c-97d7-038e29b3cb29<-d75f2dba-195c-437b-b62a-ed875b85e515#0:OK-t1. Peer's state: d75f2dba-195c-437b-b62a-ed875b85e515@group-CA08DE37798B:t1, leader=null, voted=c1014618-c100-4e2c-97d7-038e29b3cb29, raftlog=Memoized:d75f2dba-195c-437b-b62a-ed875b85e515@group-CA08DE37798B-SegmentedRaftLog:OPENED:c-1:lastnull, conf=conf: {index: -1, cur=peers:[280ba735-fec6-4a50-aa81-34035c985b11|127.0.0.1:15604, c1014618-c100-4e2c-97d7-038e29b3cb29|127.0.0.1:15613, d75f2dba-195c-437b-b62a-ed875b85e515|127.0.0.1:15595]|listeners:[], old=null}
2024-08-10 09:46:56,192 [c1014618-c100-4e2c-97d7-038e29b3cb29@group-CA08DE37798B-LeaderElection155] INFO  server.RaftServerConfigKeys (ConfUtils.java:logGet(46)) - raft.server.staging.catchup.gap = 1000 (default)
2024-08-10 09:46:56,192 [c1014618-c100-4e2c-97d7-038e29b3cb29@group-CA08DE37798B-LeaderElection155] INFO  server.RaftServerConfigKeys (ConfUtils.java:logGet(46)) - raft.server.write.element-limit = 1024 (custom)
2024-08-10 09:46:56,192 [c1014618-c100-4e2c-97d7-038e29b3cb29@group-CA08DE37798B-LeaderElection155] INFO  server.RaftServerConfigKeys (ConfUtils.java:logGet(46)) - raft.server.write.byte-limit = 1024 M (=1073741824) (custom)
2024-08-10 09:46:56,193 [c1014618-c100-4e2c-97d7-038e29b3cb29@group-CA08DE37798B-LeaderElection155] INFO  server.RaftServerConfigKeys (ConfUtils.java:logGet(46)) - raft.server.watch.timeout = 3000ms (custom)
2024-08-10 09:46:56,193 [c1014618-c100-4e2c-97d7-038e29b3cb29@group-CA08DE37798B-LeaderElection155] INFO  server.RaftServerConfigKeys (ConfUtils.java:logGet(46)) - raft.server.watch.timeout.denomination = 1s (default)
2024-08-10 09:46:56,193 [c1014618-c100-4e2c-97d7-038e29b3cb29@group-CA08DE37798B-LeaderElection155] INFO  server.RaftServerConfigKeys (ConfUtils.java:logGet(46)) - raft.server.watch.element-limit = 65536 (default)
2024-08-10 09:46:56,194 [c1014618-c100-4e2c-97d7-038e29b3cb29@group-CA08DE37798B-LeaderElection155] INFO  server.RaftServerConfigKeys (ConfUtils.java:logGet(46)) - raft.server.read.leader.lease.enabled = false (default)
2024-08-10 09:46:56,194 [c1014618-c100-4e2c-97d7-038e29b3cb29@group-CA08DE37798B-LeaderElection155] INFO  server.RaftServerConfigKeys (ConfUtils.java:logGet(46)) - raft.server.read.leader.lease.timeout.ratio = 0.9 (default)
2024-08-10 09:46:56,194 [c1014618-c100-4e2c-97d7-038e29b3cb29@group-CA08DE37798B-LeaderElection155] INFO  server.RaftServerConfigKeys (ConfUtils.java:logGet(46)) - raft.server.rpc.timeout.min = 5s (custom)
2024-08-10 09:46:56,194 [c1014618-c100-4e2c-97d7-038e29b3cb29@group-CA08DE37798B-LeaderElection155] INFO  server.RaftServerConfigKeys (ConfUtils.java:logGet(46)) - raft.server.log.log-metadata.enabled = true (default)
2024-08-10 09:46:56,194 [c1014618-c100-4e2c-97d7-038e29b3cb29@group-CA08DE37798B-LeaderElection155] INFO  server.RaftServerConfigKeys (ConfUtils.java:logGet(46)) - raft.server.write.element-limit = 1024 (custom)
2024-08-10 09:46:56,194 [c1014618-c100-4e2c-97d7-038e29b3cb29@group-CA08DE37798B-LeaderElection155] INFO  server.RaftServerConfigKeys (ConfUtils.java:logGet(46)) - raft.server.write.follower.gap.ratio.max = -1.0 (default)
2024-08-10 09:46:56,195 [c1014618-c100-4e2c-97d7-038e29b3cb29@group-CA08DE37798B-LeaderElection155] INFO  server.RaftServerConfigKeys (ConfUtils.java:logGet(46)) - raft.server.log.appender.snapshot.chunk.size.max = 16MB (=16777216) (default)
2024-08-10 09:46:56,195 [c1014618-c100-4e2c-97d7-038e29b3cb29@group-CA08DE37798B-LeaderElection155] INFO  server.RaftServerConfigKeys (ConfUtils.java:logGet(46)) - raft.server.log.appender.buffer.byte-limit = 8388608 (custom)
2024-08-10 09:46:56,195 [c1014618-c100-4e2c-97d7-038e29b3cb29@group-CA08DE37798B-LeaderElection155] INFO  server.RaftServerConfigKeys (ConfUtils.java:logGet(46)) - raft.server.log.appender.buffer.element-limit = 1024 (custom)
2024-08-10 09:46:56,195 [c1014618-c100-4e2c-97d7-038e29b3cb29@group-CA08DE37798B-LeaderElection155] INFO  server.RaftServerConfigKeys (ConfUtils.java:logGet(46)) - raft.server.log.appender.wait-time.min = 0ms (custom)
2024-08-10 09:46:56,196 [c1014618-c100-4e2c-97d7-038e29b3cb29@group-CA08DE37798B-LeaderElection155] INFO  grpc.GrpcConfigKeys (ConfUtils.java:logGet(46)) - raft.grpc.server.leader.outstanding.appends.max = 8 (default)
2024-08-10 09:46:56,196 [c1014618-c100-4e2c-97d7-038e29b3cb29@group-CA08DE37798B-LeaderElection155] INFO  server.RaftServerConfigKeys (ConfUtils.java:logGet(46)) - raft.server.rpc.request.timeout = 3000ms (default)
2024-08-10 09:46:56,196 [c1014618-c100-4e2c-97d7-038e29b3cb29@group-CA08DE37798B-LeaderElection155] INFO  grpc.GrpcConfigKeys (ConfUtils.java:logGet(46)) - raft.grpc.server.install_snapshot.request.element-limit = 8 (default)
2024-08-10 09:46:56,196 [c1014618-c100-4e2c-97d7-038e29b3cb29@group-CA08DE37798B-LeaderElection155] INFO  grpc.GrpcConfigKeys (ConfUtils.java:logGet(46)) - raft.grpc.server.install_snapshot.request.timeout = 3000ms (default)
2024-08-10 09:46:56,196 [c1014618-c100-4e2c-97d7-038e29b3cb29@group-CA08DE37798B-LeaderElection155] INFO  grpc.GrpcConfigKeys (ConfUtils.java:logGet(46)) - raft.grpc.server.log-message.batch.duration = 5s (default)
2024-08-10 09:46:56,196 [c1014618-c100-4e2c-97d7-038e29b3cb29@group-CA08DE37798B-LeaderElection155] INFO  server.RaftServerConfigKeys (ConfUtils.java:logGet(46)) - raft.server.log.appender.install.snapshot.enabled = false (custom)
2024-08-10 09:46:56,196 [c1014618-c100-4e2c-97d7-038e29b3cb29@group-CA08DE37798B-LeaderElection155] INFO  grpc.GrpcConfigKeys (ConfUtils.java:logGet(46)) - raft.grpc.server.heartbeat.channel = true (default)
2024-08-10 09:46:56,198 [c1014618-c100-4e2c-97d7-038e29b3cb29@group-CA08DE37798B-LeaderElection155] INFO  server.RaftServerConfigKeys (ConfUtils.java:logGet(46)) - raft.server.log.appender.snapshot.chunk.size.max = 16MB (=16777216) (default)
2024-08-10 09:46:56,198 [c1014618-c100-4e2c-97d7-038e29b3cb29@group-CA08DE37798B-LeaderElection155] INFO  server.RaftServerConfigKeys (ConfUtils.java:logGet(46)) - raft.server.log.appender.buffer.byte-limit = 8388608 (custom)
2024-08-10 09:46:56,198 [c1014618-c100-4e2c-97d7-038e29b3cb29@group-CA08DE37798B-LeaderElection155] INFO  server.RaftServerConfigKeys (ConfUtils.java:logGet(46)) - raft.server.log.appender.buffer.element-limit = 1024 (custom)
2024-08-10 09:46:56,198 [c1014618-c100-4e2c-97d7-038e29b3cb29@group-CA08DE37798B-LeaderElection155] INFO  server.RaftServerConfigKeys (ConfUtils.java:logGet(46)) - raft.server.log.appender.wait-time.min = 0ms (custom)
2024-08-10 09:46:56,198 [c1014618-c100-4e2c-97d7-038e29b3cb29@group-CA08DE37798B-LeaderElection155] INFO  grpc.GrpcConfigKeys (ConfUtils.java:logGet(46)) - raft.grpc.server.leader.outstanding.appends.max = 8 (default)
2024-08-10 09:46:56,198 [c1014618-c100-4e2c-97d7-038e29b3cb29@group-CA08DE37798B-LeaderElection155] INFO  server.RaftServerConfigKeys (ConfUtils.java:logGet(46)) - raft.server.rpc.request.timeout = 3000ms (default)
2024-08-10 09:46:56,199 [c1014618-c100-4e2c-97d7-038e29b3cb29@group-CA08DE37798B-LeaderElection155] INFO  grpc.GrpcConfigKeys (ConfUtils.java:logGet(46)) - raft.grpc.server.install_snapshot.request.element-limit = 8 (default)
2024-08-10 09:46:56,199 [c1014618-c100-4e2c-97d7-038e29b3cb29@group-CA08DE37798B-LeaderElection155] INFO  grpc.GrpcConfigKeys (ConfUtils.java:logGet(46)) - raft.grpc.server.install_snapshot.request.timeout = 3000ms (default)
2024-08-10 09:46:56,199 [c1014618-c100-4e2c-97d7-038e29b3cb29@group-CA08DE37798B-LeaderElection155] INFO  grpc.GrpcConfigKeys (ConfUtils.java:logGet(46)) - raft.grpc.server.log-message.batch.duration = 5s (default)
2024-08-10 09:46:56,199 [c1014618-c100-4e2c-97d7-038e29b3cb29@group-CA08DE37798B-LeaderElection155] INFO  server.RaftServerConfigKeys (ConfUtils.java:logGet(46)) - raft.server.log.appender.install.snapshot.enabled = false (custom)
2024-08-10 09:46:56,199 [c1014618-c100-4e2c-97d7-038e29b3cb29@group-CA08DE37798B-LeaderElection155] INFO  grpc.GrpcConfigKeys (ConfUtils.java:logGet(46)) - raft.grpc.server.heartbeat.channel = true (default)
2024-08-10 09:46:56,199 [c1014618-c100-4e2c-97d7-038e29b3cb29@group-CA08DE37798B-LeaderElection155] INFO  impl.RoleInfo (RoleInfo.java:updateAndGet(148)) - c1014618-c100-4e2c-97d7-038e29b3cb29: start c1014618-c100-4e2c-97d7-038e29b3cb29@group-CA08DE37798B-LeaderStateImpl
2024-08-10 09:46:56,200 [c1014618-c100-4e2c-97d7-038e29b3cb29@group-CA08DE37798B-LeaderElection155] INFO  server.RaftServer$Division (RaftServerImpl.java:setFirstElection(549)) - c1014618-c100-4e2c-97d7-038e29b3cb29@group-CA08DE37798B: set firstElectionSinceStartup to false for becomeLeader
2024-08-10 09:46:56,200 [c1014618-c100-4e2c-97d7-038e29b3cb29@group-CA08DE37798B-LeaderElection155] INFO  ratis.XceiverServerRatis (XceiverServerRatis.java:handleLeaderChangedNotification(947)) - Leader change notification received for group: group-CA08DE37798B with new leaderId: c1014618-c100-4e2c-97d7-038e29b3cb29
2024-08-10 09:46:56,200 [c1014618-c100-4e2c-97d7-038e29b3cb29@group-CA08DE37798B-LeaderElection155] INFO  server.RaftServer$Division (ServerState.java:setLeader(272)) - c1014618-c100-4e2c-97d7-038e29b3cb29@group-CA08DE37798B: change Leader from null to c1014618-c100-4e2c-97d7-038e29b3cb29 at term 1 for becomeLeader, leader elected after 5037ms
2024-08-10 09:46:56,200 [c1014618-c100-4e2c-97d7-038e29b3cb29@group-CA08DE37798B-LeaderElection155] INFO  segmented.SegmentedRaftLogWorker (SegmentedRaftLogWorker.java:startLogSegment(433)) - c1014618-c100-4e2c-97d7-038e29b3cb29@group-CA08DE37798B-SegmentedRaftLogWorker: Starting segment from index:0
2024-08-10 09:46:56,200 [c1014618-c100-4e2c-97d7-038e29b3cb29@group-CA08DE37798B-LeaderElection155] INFO  server.RaftServer$Division (ServerState.java:setRaftConf(386)) - c1014618-c100-4e2c-97d7-038e29b3cb29@group-CA08DE37798B: set configuration conf: {index: 0, cur=peers:[280ba735-fec6-4a50-aa81-34035c985b11|127.0.0.1:15604, c1014618-c100-4e2c-97d7-038e29b3cb29|127.0.0.1:15613, d75f2dba-195c-437b-b62a-ed875b85e515|127.0.0.1:15595]|listeners:[], old=null}
2024-08-10 09:46:56,201 [c1014618-c100-4e2c-97d7-038e29b3cb29@group-CA08DE37798B-SegmentedRaftLogWorker] INFO  segmented.BufferedWriteChannel (BufferedWriteChannel.java:open(61)) - open log_inprogress_0 at position 0
2024-08-10 09:46:56,201 [EventQueue-PipelineReportForPipelineReportHandler] INFO  pipeline.PipelineReportHandler (PipelineReportHandler.java:processPipelineReport(136)) - Opened pipeline PipelineID=14471663-4755-4fb3-87a6-ca08de37798b
2024-08-10 09:46:56,206 [d75f2dba-195c-437b-b62a-ed875b85e515-server-thread1] INFO  ratis.XceiverServerRatis (XceiverServerRatis.java:handleLeaderChangedNotification(947)) - Leader change notification received for group: group-CA08DE37798B with new leaderId: c1014618-c100-4e2c-97d7-038e29b3cb29
2024-08-10 09:46:56,206 [d75f2dba-195c-437b-b62a-ed875b85e515-server-thread1] INFO  server.RaftServer$Division (ServerState.java:setLeader(272)) - d75f2dba-195c-437b-b62a-ed875b85e515@group-CA08DE37798B: change Leader from null to c1014618-c100-4e2c-97d7-038e29b3cb29 at term 1 for appendEntries, leader elected after 5102ms
2024-08-10 09:46:56,208 [d75f2dba-195c-437b-b62a-ed875b85e515-server-thread2] INFO  server.RaftServer$Division (ServerState.java:setRaftConf(386)) - d75f2dba-195c-437b-b62a-ed875b85e515@group-CA08DE37798B: set configuration conf: {index: 0, cur=peers:[280ba735-fec6-4a50-aa81-34035c985b11|127.0.0.1:15604, c1014618-c100-4e2c-97d7-038e29b3cb29|127.0.0.1:15613, d75f2dba-195c-437b-b62a-ed875b85e515|127.0.0.1:15595]|listeners:[], old=null}
2024-08-10 09:46:56,208 [d75f2dba-195c-437b-b62a-ed875b85e515-server-thread2] INFO  segmented.SegmentedRaftLogWorker (SegmentedRaftLogWorker.java:startLogSegment(433)) - d75f2dba-195c-437b-b62a-ed875b85e515@group-CA08DE37798B-SegmentedRaftLogWorker: Starting segment from index:0
2024-08-10 09:46:56,209 [d75f2dba-195c-437b-b62a-ed875b85e515@group-CA08DE37798B-SegmentedRaftLogWorker] INFO  segmented.BufferedWriteChannel (BufferedWriteChannel.java:open(61)) - open log_inprogress_0 at position 0
2024-08-10 09:46:56,217 [c1014618-c100-4e2c-97d7-038e29b3cb29@group-CA08DE37798B-SegmentedRaftLogWorker] INFO  segmented.SegmentedRaftLogWorker (SegmentedRaftLogWorker.java:execute(637)) - c1014618-c100-4e2c-97d7-038e29b3cb29@group-CA08DE37798B-SegmentedRaftLogWorker: created new log segment /home/runner/work/ozone/ozone/hadoop-ozone/integration-test/target/test-dir/MiniOzoneClusterImpl-25487c27-6224-40aa-b0ad-008c83bbb5f2/ozone-meta/datanode-3/ratis/14471663-4755-4fb3-87a6-ca08de37798b/current/log_inprogress_0
2024-08-10 09:46:56,218 [d75f2dba-195c-437b-b62a-ed875b85e515@group-CA08DE37798B-SegmentedRaftLogWorker] INFO  segmented.SegmentedRaftLogWorker (SegmentedRaftLogWorker.java:execute(637)) - d75f2dba-195c-437b-b62a-ed875b85e515@group-CA08DE37798B-SegmentedRaftLogWorker: created new log segment /home/runner/work/ozone/ozone/hadoop-ozone/integration-test/target/test-dir/MiniOzoneClusterImpl-25487c27-6224-40aa-b0ad-008c83bbb5f2/ozone-meta/datanode-1/ratis/14471663-4755-4fb3-87a6-ca08de37798b/current/log_inprogress_0
2024-08-10 09:46:56,218 [280ba735-fec6-4a50-aa81-34035c985b11-server-thread1] INFO  ratis.XceiverServerRatis (XceiverServerRatis.java:handleLeaderChangedNotification(947)) - Leader change notification received for group: group-CA08DE37798B with new leaderId: c1014618-c100-4e2c-97d7-038e29b3cb29
2024-08-10 09:46:56,218 [280ba735-fec6-4a50-aa81-34035c985b11-server-thread1] INFO  server.RaftServer$Division (ServerState.java:setLeader(272)) - 280ba735-fec6-4a50-aa81-34035c985b11@group-CA08DE37798B: change Leader from null to c1014618-c100-4e2c-97d7-038e29b3cb29 at term 1 for appendEntries, leader elected after 5094ms
2024-08-10 09:46:56,218 [280ba735-fec6-4a50-aa81-34035c985b11-server-thread2] INFO  server.RaftServer$Division (ServerState.java:setRaftConf(386)) - 280ba735-fec6-4a50-aa81-34035c985b11@group-CA08DE37798B: set configuration conf: {index: 0, cur=peers:[280ba735-fec6-4a50-aa81-34035c985b11|127.0.0.1:15604, c1014618-c100-4e2c-97d7-038e29b3cb29|127.0.0.1:15613, d75f2dba-195c-437b-b62a-ed875b85e515|127.0.0.1:15595]|listeners:[], old=null}
2024-08-10 09:46:56,219 [280ba735-fec6-4a50-aa81-34035c985b11-server-thread2] INFO  segmented.SegmentedRaftLogWorker (SegmentedRaftLogWorker.java:startLogSegment(433)) - 280ba735-fec6-4a50-aa81-34035c985b11@group-CA08DE37798B-SegmentedRaftLogWorker: Starting segment from index:0
2024-08-10 09:46:56,219 [280ba735-fec6-4a50-aa81-34035c985b11@group-CA08DE37798B-SegmentedRaftLogWorker] INFO  segmented.BufferedWriteChannel (BufferedWriteChannel.java:open(61)) - open log_inprogress_0 at position 0
2024-08-10 09:46:56,228 [c1014618-c100-4e2c-97d7-038e29b3cb29@group-CA08DE37798B-StateMachineUpdater] INFO  server.RaftServer$Division (LeaderStateImpl.java:checkStartIndex(316)) - Leader c1014618-c100-4e2c-97d7-038e29b3cb29@group-CA08DE37798B-LeaderStateImpl is ready since appliedIndex == startIndex == 0
2024-08-10 09:46:56,229 [280ba735-fec6-4a50-aa81-34035c985b11@group-CA08DE37798B-SegmentedRaftLogWorker] INFO  segmented.SegmentedRaftLogWorker (SegmentedRaftLogWorker.java:execute(637)) - 280ba735-fec6-4a50-aa81-34035c985b11@group-CA08DE37798B-SegmentedRaftLogWorker: created new log segment /home/runner/work/ozone/ozone/hadoop-ozone/integration-test/target/test-dir/MiniOzoneClusterImpl-25487c27-6224-40aa-b0ad-008c83bbb5f2/ozone-meta/datanode-2/ratis/14471663-4755-4fb3-87a6-ca08de37798b/current/log_inprogress_0
2024-08-10 09:46:56,272 [d75f2dba-195c-437b-b62a-ed875b85e515@group-B1A6F749B1C3-FollowerState] INFO  impl.FollowerState (FollowerState.java:run(144)) - d75f2dba-195c-437b-b62a-ed875b85e515@group-B1A6F749B1C3-FollowerState: change to CANDIDATE, lastRpcElapsedTime:5076347907ns, electionTimeout:5076ms
2024-08-10 09:46:56,272 [d75f2dba-195c-437b-b62a-ed875b85e515@group-B1A6F749B1C3-FollowerState] INFO  impl.RoleInfo (RoleInfo.java:shutdownFollowerState(119)) - d75f2dba-195c-437b-b62a-ed875b85e515: shutdown d75f2dba-195c-437b-b62a-ed875b85e515@group-B1A6F749B1C3-FollowerState
2024-08-10 09:46:56,272 [d75f2dba-195c-437b-b62a-ed875b85e515@group-B1A6F749B1C3-FollowerState] INFO  server.RaftServer$Division (RaftServerImpl.java:setRole(376)) - d75f2dba-195c-437b-b62a-ed875b85e515@group-B1A6F749B1C3: changes role from  FOLLOWER to CANDIDATE at term 0 for changeToCandidate
2024-08-10 09:46:56,272 [d75f2dba-195c-437b-b62a-ed875b85e515@group-B1A6F749B1C3-FollowerState] INFO  server.RaftServerConfigKeys (ConfUtils.java:logGet(46)) - raft.server.leaderelection.pre-vote = true (default)
2024-08-10 09:46:56,272 [d75f2dba-195c-437b-b62a-ed875b85e515@group-B1A6F749B1C3-FollowerState] INFO  impl.RoleInfo (RoleInfo.java:updateAndGet(148)) - d75f2dba-195c-437b-b62a-ed875b85e515: start d75f2dba-195c-437b-b62a-ed875b85e515@group-B1A6F749B1C3-LeaderElection156
2024-08-10 09:46:56,273 [d75f2dba-195c-437b-b62a-ed875b85e515@group-B1A6F749B1C3-LeaderElection156] INFO  impl.LeaderElection (LeaderElection.java:askForVotes(321)) - d75f2dba-195c-437b-b62a-ed875b85e515@group-B1A6F749B1C3-LeaderElection156 PRE_VOTE round 0: submit vote requests at term 0 for conf: {index: -1, cur=peers:[c1014618-c100-4e2c-97d7-038e29b3cb29|127.0.0.1:15613, 280ba735-fec6-4a50-aa81-34035c985b11|127.0.0.1:15604, d75f2dba-195c-437b-b62a-ed875b85e515|127.0.0.1:15595]|listeners:[], old=null}
2024-08-10 09:46:56,273 [d75f2dba-195c-437b-b62a-ed875b85e515@group-B1A6F749B1C3-LeaderElection156] INFO  server.RaftServerConfigKeys (ConfUtils.java:logFallback(53)) - raft.server.rpc.first-election.timeout.min = 5s (fallback to raft.server.rpc.timeout.min)
2024-08-10 09:46:56,273 [d75f2dba-195c-437b-b62a-ed875b85e515@group-B1A6F749B1C3-LeaderElection156] INFO  server.RaftServerConfigKeys (ConfUtils.java:logFallback(53)) - raft.server.rpc.first-election.timeout.max = 5200ms (fallback to raft.server.rpc.timeout.max)
2024-08-10 09:46:56,273 [grpc-default-executor-6] INFO  server.RaftServer$Division (RaftServerImpl.java:requestVote(1416)) - c1014618-c100-4e2c-97d7-038e29b3cb29@group-B1A6F749B1C3: receive requestVote(PRE_VOTE, d75f2dba-195c-437b-b62a-ed875b85e515, group-B1A6F749B1C3, 0, (t:0, i:0))
2024-08-10 09:46:56,273 [grpc-default-executor-5] INFO  server.RaftServer$Division (RaftServerImpl.java:requestVote(1416)) - 280ba735-fec6-4a50-aa81-34035c985b11@group-B1A6F749B1C3: receive requestVote(PRE_VOTE, d75f2dba-195c-437b-b62a-ed875b85e515, group-B1A6F749B1C3, 0, (t:0, i:0))
2024-08-10 09:46:56,274 [grpc-default-executor-6] INFO  impl.VoteContext (VoteContext.java:log(49)) - c1014618-c100-4e2c-97d7-038e29b3cb29@group-B1A6F749B1C3-FOLLOWER: accept PRE_VOTE from d75f2dba-195c-437b-b62a-ed875b85e515: our priority 0 <= candidate's priority 1
2024-08-10 09:46:56,274 [grpc-default-executor-5] INFO  impl.VoteContext (VoteContext.java:log(49)) - 280ba735-fec6-4a50-aa81-34035c985b11@group-B1A6F749B1C3-FOLLOWER: accept PRE_VOTE from d75f2dba-195c-437b-b62a-ed875b85e515: our priority 0 <= candidate's priority 1
2024-08-10 09:46:56,274 [grpc-default-executor-6] INFO  server.RaftServer$Division (RaftServerImpl.java:requestVote(1449)) - c1014618-c100-4e2c-97d7-038e29b3cb29@group-B1A6F749B1C3 replies to PRE_VOTE vote request: d75f2dba-195c-437b-b62a-ed875b85e515<-c1014618-c100-4e2c-97d7-038e29b3cb29#0:OK-t0. Peer's state: c1014618-c100-4e2c-97d7-038e29b3cb29@group-B1A6F749B1C3:t0, leader=null, voted=, raftlog=Memoized:c1014618-c100-4e2c-97d7-038e29b3cb29@group-B1A6F749B1C3-SegmentedRaftLog:OPENED:c-1:lastnull, conf=conf: {index: -1, cur=peers:[c1014618-c100-4e2c-97d7-038e29b3cb29|127.0.0.1:15613, 280ba735-fec6-4a50-aa81-34035c985b11|127.0.0.1:15604, d75f2dba-195c-437b-b62a-ed875b85e515|127.0.0.1:15595]|listeners:[], old=null}
2024-08-10 09:46:56,274 [grpc-default-executor-5] INFO  server.RaftServer$Division (RaftServerImpl.java:requestVote(1449)) - 280ba735-fec6-4a50-aa81-34035c985b11@group-B1A6F749B1C3 replies to PRE_VOTE vote request: d75f2dba-195c-437b-b62a-ed875b85e515<-280ba735-fec6-4a50-aa81-34035c985b11#0:OK-t0. Peer's state: 280ba735-fec6-4a50-aa81-34035c985b11@group-B1A6F749B1C3:t0, leader=null, voted=, raftlog=Memoized:280ba735-fec6-4a50-aa81-34035c985b11@group-B1A6F749B1C3-SegmentedRaftLog:OPENED:c-1:lastnull, conf=conf: {index: -1, cur=peers:[c1014618-c100-4e2c-97d7-038e29b3cb29|127.0.0.1:15613, 280ba735-fec6-4a50-aa81-34035c985b11|127.0.0.1:15604, d75f2dba-195c-437b-b62a-ed875b85e515|127.0.0.1:15595]|listeners:[], old=null}
2024-08-10 09:46:56,274 [d75f2dba-195c-437b-b62a-ed875b85e515@group-B1A6F749B1C3-LeaderElection156] INFO  impl.LeaderElection (LeaderElection.java:logAndReturn(89)) - d75f2dba-195c-437b-b62a-ed875b85e515@group-B1A6F749B1C3-LeaderElection156: PRE_VOTE PASSED received 1 response(s) and 0 exception(s):
2024-08-10 09:46:56,274 [d75f2dba-195c-437b-b62a-ed875b85e515@group-B1A6F749B1C3-LeaderElection156] INFO  impl.LeaderElection (LeaderElection.java:logAndReturn(93)) -   Response 0: d75f2dba-195c-437b-b62a-ed875b85e515<-280ba735-fec6-4a50-aa81-34035c985b11#0:OK-t0
2024-08-10 09:46:56,274 [d75f2dba-195c-437b-b62a-ed875b85e515@group-B1A6F749B1C3-LeaderElection156] INFO  impl.LeaderElection (LeaderElection.java:askForVotes(323)) - d75f2dba-195c-437b-b62a-ed875b85e515@group-B1A6F749B1C3-LeaderElection156 PRE_VOTE round 0: result PASSED
2024-08-10 09:46:56,276 [d75f2dba-195c-437b-b62a-ed875b85e515@group-B1A6F749B1C3-LeaderElection156] INFO  impl.LeaderElection (LeaderElection.java:askForVotes(321)) - d75f2dba-195c-437b-b62a-ed875b85e515@group-B1A6F749B1C3-LeaderElection156 ELECTION round 0: submit vote requests at term 1 for conf: {index: -1, cur=peers:[c1014618-c100-4e2c-97d7-038e29b3cb29|127.0.0.1:15613, 280ba735-fec6-4a50-aa81-34035c985b11|127.0.0.1:15604, d75f2dba-195c-437b-b62a-ed875b85e515|127.0.0.1:15595]|listeners:[], old=null}
2024-08-10 09:46:56,276 [d75f2dba-195c-437b-b62a-ed875b85e515@group-B1A6F749B1C3-LeaderElection156] INFO  server.RaftServerConfigKeys (ConfUtils.java:logFallback(53)) - raft.server.rpc.first-election.timeout.min = 5s (fallback to raft.server.rpc.timeout.min)
2024-08-10 09:46:56,276 [d75f2dba-195c-437b-b62a-ed875b85e515@group-B1A6F749B1C3-LeaderElection156] INFO  server.RaftServerConfigKeys (ConfUtils.java:logFallback(53)) - raft.server.rpc.first-election.timeout.max = 5200ms (fallback to raft.server.rpc.timeout.max)
2024-08-10 09:46:56,276 [grpc-default-executor-5] INFO  server.RaftServer$Division (RaftServerImpl.java:requestVote(1416)) - c1014618-c100-4e2c-97d7-038e29b3cb29@group-B1A6F749B1C3: receive requestVote(ELECTION, d75f2dba-195c-437b-b62a-ed875b85e515, group-B1A6F749B1C3, 1, (t:0, i:0))
2024-08-10 09:46:56,276 [grpc-default-executor-5] INFO  impl.VoteContext (VoteContext.java:log(49)) - c1014618-c100-4e2c-97d7-038e29b3cb29@group-B1A6F749B1C3-FOLLOWER: accept ELECTION from d75f2dba-195c-437b-b62a-ed875b85e515: our priority 0 <= candidate's priority 1
2024-08-10 09:46:56,276 [grpc-default-executor-5] INFO  server.RaftServer$Division (RaftServerImpl.java:setRole(376)) - c1014618-c100-4e2c-97d7-038e29b3cb29@group-B1A6F749B1C3: changes role from  FOLLOWER to FOLLOWER at term 1 for candidate:d75f2dba-195c-437b-b62a-ed875b85e515
2024-08-10 09:46:56,276 [grpc-default-executor-5] INFO  impl.RoleInfo (RoleInfo.java:shutdownFollowerState(119)) - c1014618-c100-4e2c-97d7-038e29b3cb29: shutdown c1014618-c100-4e2c-97d7-038e29b3cb29@group-B1A6F749B1C3-FollowerState
2024-08-10 09:46:56,277 [grpc-default-executor-5] INFO  impl.RoleInfo (RoleInfo.java:updateAndGet(148)) - c1014618-c100-4e2c-97d7-038e29b3cb29: start c1014618-c100-4e2c-97d7-038e29b3cb29@group-B1A6F749B1C3-FollowerState
2024-08-10 09:46:56,277 [c1014618-c100-4e2c-97d7-038e29b3cb29@group-B1A6F749B1C3-FollowerState] INFO  impl.FollowerState (FollowerState.java:run(153)) - c1014618-c100-4e2c-97d7-038e29b3cb29@group-B1A6F749B1C3-FollowerState was interrupted
2024-08-10 09:46:56,277 [grpc-default-executor-6] INFO  server.RaftServer$Division (RaftServerImpl.java:requestVote(1416)) - 280ba735-fec6-4a50-aa81-34035c985b11@group-B1A6F749B1C3: receive requestVote(ELECTION, d75f2dba-195c-437b-b62a-ed875b85e515, group-B1A6F749B1C3, 1, (t:0, i:0))
2024-08-10 09:46:56,277 [grpc-default-executor-6] INFO  impl.VoteContext (VoteContext.java:log(49)) - 280ba735-fec6-4a50-aa81-34035c985b11@group-B1A6F749B1C3-FOLLOWER: accept ELECTION from d75f2dba-195c-437b-b62a-ed875b85e515: our priority 0 <= candidate's priority 1
2024-08-10 09:46:56,277 [grpc-default-executor-6] INFO  server.RaftServer$Division (RaftServerImpl.java:setRole(376)) - 280ba735-fec6-4a50-aa81-34035c985b11@group-B1A6F749B1C3: changes role from  FOLLOWER to FOLLOWER at term 1 for candidate:d75f2dba-195c-437b-b62a-ed875b85e515
2024-08-10 09:46:56,277 [grpc-default-executor-6] INFO  impl.RoleInfo (RoleInfo.java:shutdownFollowerState(119)) - 280ba735-fec6-4a50-aa81-34035c985b11: shutdown 280ba735-fec6-4a50-aa81-34035c985b11@group-B1A6F749B1C3-FollowerState
2024-08-10 09:46:56,277 [grpc-default-executor-6] INFO  impl.RoleInfo (RoleInfo.java:updateAndGet(148)) - 280ba735-fec6-4a50-aa81-34035c985b11: start 280ba735-fec6-4a50-aa81-34035c985b11@group-B1A6F749B1C3-FollowerState
2024-08-10 09:46:56,277 [280ba735-fec6-4a50-aa81-34035c985b11@group-B1A6F749B1C3-FollowerState] INFO  impl.FollowerState (FollowerState.java:run(153)) - 280ba735-fec6-4a50-aa81-34035c985b11@group-B1A6F749B1C3-FollowerState was interrupted
2024-08-10 09:46:56,277 [grpc-default-executor-5] INFO  server.RaftServer$Division (RaftServerImpl.java:setFirstElection(549)) - c1014618-c100-4e2c-97d7-038e29b3cb29@group-B1A6F749B1C3: set firstElectionSinceStartup to false for candidate:d75f2dba-195c-437b-b62a-ed875b85e515
2024-08-10 09:46:56,277 [grpc-default-executor-6] INFO  server.RaftServer$Division (RaftServerImpl.java:setFirstElection(549)) - 280ba735-fec6-4a50-aa81-34035c985b11@group-B1A6F749B1C3: set firstElectionSinceStartup to false for candidate:d75f2dba-195c-437b-b62a-ed875b85e515
2024-08-10 09:46:56,278 [grpc-default-executor-5] INFO  server.RaftServer$Division (RaftServerImpl.java:requestVote(1449)) - c1014618-c100-4e2c-97d7-038e29b3cb29@group-B1A6F749B1C3 replies to ELECTION vote request: d75f2dba-195c-437b-b62a-ed875b85e515<-c1014618-c100-4e2c-97d7-038e29b3cb29#0:OK-t1. Peer's state: c1014618-c100-4e2c-97d7-038e29b3cb29@group-B1A6F749B1C3:t1, leader=null, voted=d75f2dba-195c-437b-b62a-ed875b85e515, raftlog=Memoized:c1014618-c100-4e2c-97d7-038e29b3cb29@group-B1A6F749B1C3-SegmentedRaftLog:OPENED:c-1:lastnull, conf=conf: {index: -1, cur=peers:[c1014618-c100-4e2c-97d7-038e29b3cb29|127.0.0.1:15613, 280ba735-fec6-4a50-aa81-34035c985b11|127.0.0.1:15604, d75f2dba-195c-437b-b62a-ed875b85e515|127.0.0.1:15595]|listeners:[], old=null}
2024-08-10 09:46:56,279 [d75f2dba-195c-437b-b62a-ed875b85e515@group-B1A6F749B1C3-LeaderElection156] INFO  impl.LeaderElection (LeaderElection.java:logAndReturn(89)) - d75f2dba-195c-437b-b62a-ed875b85e515@group-B1A6F749B1C3-LeaderElection156: ELECTION PASSED received 1 response(s) and 0 exception(s):
2024-08-10 09:46:56,279 [d75f2dba-195c-437b-b62a-ed875b85e515@group-B1A6F749B1C3-LeaderElection156] INFO  impl.LeaderElection (LeaderElection.java:logAndReturn(93)) -   Response 0: d75f2dba-195c-437b-b62a-ed875b85e515<-c1014618-c100-4e2c-97d7-038e29b3cb29#0:OK-t1
2024-08-10 09:46:56,279 [d75f2dba-195c-437b-b62a-ed875b85e515@group-B1A6F749B1C3-LeaderElection156] INFO  impl.LeaderElection (LeaderElection.java:askForVotes(323)) - d75f2dba-195c-437b-b62a-ed875b85e515@group-B1A6F749B1C3-LeaderElection156 ELECTION round 0: result PASSED
2024-08-10 09:46:56,279 [d75f2dba-195c-437b-b62a-ed875b85e515@group-B1A6F749B1C3-LeaderElection156] INFO  impl.RoleInfo (RoleInfo.java:shutdownLeaderElection(139)) - d75f2dba-195c-437b-b62a-ed875b85e515: shutdown d75f2dba-195c-437b-b62a-ed875b85e515@group-B1A6F749B1C3-LeaderElection156
2024-08-10 09:46:56,279 [d75f2dba-195c-437b-b62a-ed875b85e515@group-B1A6F749B1C3-LeaderElection156] INFO  server.RaftServer$Division (RaftServerImpl.java:setRole(376)) - d75f2dba-195c-437b-b62a-ed875b85e515@group-B1A6F749B1C3: changes role from CANDIDATE to LEADER at term 1 for changeToLeader
2024-08-10 09:46:56,279 [d75f2dba-195c-437b-b62a-ed875b85e515@group-B1A6F749B1C3-LeaderElection156] INFO  server.RaftServerConfigKeys (ConfUtils.java:logGet(46)) - raft.server.staging.catchup.gap = 1000 (default)
2024-08-10 09:46:56,279 [grpc-default-executor-6] INFO  server.RaftServer$Division (RaftServerImpl.java:requestVote(1449)) - 280ba735-fec6-4a50-aa81-34035c985b11@group-B1A6F749B1C3 replies to ELECTION vote request: d75f2dba-195c-437b-b62a-ed875b85e515<-280ba735-fec6-4a50-aa81-34035c985b11#0:OK-t1. Peer's state: 280ba735-fec6-4a50-aa81-34035c985b11@group-B1A6F749B1C3:t1, leader=null, voted=d75f2dba-195c-437b-b62a-ed875b85e515, raftlog=Memoized:280ba735-fec6-4a50-aa81-34035c985b11@group-B1A6F749B1C3-SegmentedRaftLog:OPENED:c-1:lastnull, conf=conf: {index: -1, cur=peers:[c1014618-c100-4e2c-97d7-038e29b3cb29|127.0.0.1:15613, 280ba735-fec6-4a50-aa81-34035c985b11|127.0.0.1:15604, d75f2dba-195c-437b-b62a-ed875b85e515|127.0.0.1:15595]|listeners:[], old=null}
2024-08-10 09:46:56,279 [d75f2dba-195c-437b-b62a-ed875b85e515@group-B1A6F749B1C3-LeaderElection156] INFO  server.RaftServerConfigKeys (ConfUtils.java:logGet(46)) - raft.server.write.element-limit = 1024 (custom)
2024-08-10 09:46:56,279 [d75f2dba-195c-437b-b62a-ed875b85e515@group-B1A6F749B1C3-LeaderElection156] INFO  server.RaftServerConfigKeys (ConfUtils.java:logGet(46)) - raft.server.write.byte-limit = 1024 M (=1073741824) (custom)
2024-08-10 09:46:56,279 [d75f2dba-195c-437b-b62a-ed875b85e515@group-B1A6F749B1C3-LeaderElection156] INFO  server.RaftServerConfigKeys (ConfUtils.java:logGet(46)) - raft.server.watch.timeout = 3000ms (custom)
2024-08-10 09:46:56,279 [d75f2dba-195c-437b-b62a-ed875b85e515@group-B1A6F749B1C3-LeaderElection156] INFO  server.RaftServerConfigKeys (ConfUtils.java:logGet(46)) - raft.server.watch.timeout.denomination = 1s (default)
2024-08-10 09:46:56,279 [d75f2dba-195c-437b-b62a-ed875b85e515@group-B1A6F749B1C3-LeaderElection156] INFO  server.RaftServerConfigKeys (ConfUtils.java:logGet(46)) - raft.server.watch.element-limit = 65536 (default)
2024-08-10 09:46:56,280 [d75f2dba-195c-437b-b62a-ed875b85e515@group-B1A6F749B1C3-LeaderElection156] INFO  server.RaftServerConfigKeys (ConfUtils.java:logGet(46)) - raft.server.read.leader.lease.enabled = false (default)
2024-08-10 09:46:56,280 [d75f2dba-195c-437b-b62a-ed875b85e515@group-B1A6F749B1C3-LeaderElection156] INFO  server.RaftServerConfigKeys (ConfUtils.java:logGet(46)) - raft.server.read.leader.lease.timeout.ratio = 0.9 (default)
2024-08-10 09:46:56,280 [d75f2dba-195c-437b-b62a-ed875b85e515@group-B1A6F749B1C3-LeaderElection156] INFO  server.RaftServerConfigKeys (ConfUtils.java:logGet(46)) - raft.server.rpc.timeout.min = 5s (custom)
2024-08-10 09:46:56,280 [d75f2dba-195c-437b-b62a-ed875b85e515@group-B1A6F749B1C3-LeaderElection156] INFO  server.RaftServerConfigKeys (ConfUtils.java:logGet(46)) - raft.server.log.log-metadata.enabled = true (default)
2024-08-10 09:46:56,280 [d75f2dba-195c-437b-b62a-ed875b85e515@group-B1A6F749B1C3-LeaderElection156] INFO  server.RaftServerConfigKeys (ConfUtils.java:logGet(46)) - raft.server.write.element-limit = 1024 (custom)
2024-08-10 09:46:56,280 [d75f2dba-195c-437b-b62a-ed875b85e515@group-B1A6F749B1C3-LeaderElection156] INFO  server.RaftServerConfigKeys (ConfUtils.java:logGet(46)) - raft.server.write.follower.gap.ratio.max = -1.0 (default)
2024-08-10 09:46:56,280 [d75f2dba-195c-437b-b62a-ed875b85e515@group-B1A6F749B1C3-LeaderElection156] INFO  server.RaftServerConfigKeys (ConfUtils.java:logGet(46)) - raft.server.log.appender.snapshot.chunk.size.max = 16MB (=16777216) (default)
2024-08-10 09:46:56,281 [d75f2dba-195c-437b-b62a-ed875b85e515@group-B1A6F749B1C3-LeaderElection156] INFO  server.RaftServerConfigKeys (ConfUtils.java:logGet(46)) - raft.server.log.appender.buffer.byte-limit = 8388608 (custom)
2024-08-10 09:46:56,281 [d75f2dba-195c-437b-b62a-ed875b85e515@group-B1A6F749B1C3-LeaderElection156] INFO  server.RaftServerConfigKeys (ConfUtils.java:logGet(46)) - raft.server.log.appender.buffer.element-limit = 1024 (custom)
2024-08-10 09:46:56,281 [d75f2dba-195c-437b-b62a-ed875b85e515@group-B1A6F749B1C3-LeaderElection156] INFO  server.RaftServerConfigKeys (ConfUtils.java:logGet(46)) - raft.server.log.appender.wait-time.min = 0ms (custom)
2024-08-10 09:46:56,281 [d75f2dba-195c-437b-b62a-ed875b85e515@group-B1A6F749B1C3-LeaderElection156] INFO  grpc.GrpcConfigKeys (ConfUtils.java:logGet(46)) - raft.grpc.server.leader.outstanding.appends.max = 8 (default)
2024-08-10 09:46:56,281 [d75f2dba-195c-437b-b62a-ed875b85e515@group-B1A6F749B1C3-LeaderElection156] INFO  server.RaftServerConfigKeys (ConfUtils.java:logGet(46)) - raft.server.rpc.request.timeout = 3000ms (default)
2024-08-10 09:46:56,281 [d75f2dba-195c-437b-b62a-ed875b85e515@group-B1A6F749B1C3-LeaderElection156] INFO  grpc.GrpcConfigKeys (ConfUtils.java:logGet(46)) - raft.grpc.server.install_snapshot.request.element-limit = 8 (default)
2024-08-10 09:46:56,281 [d75f2dba-195c-437b-b62a-ed875b85e515@group-B1A6F749B1C3-LeaderElection156] INFO  grpc.GrpcConfigKeys (ConfUtils.java:logGet(46)) - raft.grpc.server.install_snapshot.request.timeout = 3000ms (default)
2024-08-10 09:46:56,281 [d75f2dba-195c-437b-b62a-ed875b85e515@group-B1A6F749B1C3-LeaderElection156] INFO  grpc.GrpcConfigKeys (ConfUtils.java:logGet(46)) - raft.grpc.server.log-message.batch.duration = 5s (default)
2024-08-10 09:46:56,281 [d75f2dba-195c-437b-b62a-ed875b85e515@group-B1A6F749B1C3-LeaderElection156] INFO  server.RaftServerConfigKeys (ConfUtils.java:logGet(46)) - raft.server.log.appender.install.snapshot.enabled = false (custom)
2024-08-10 09:46:56,281 [d75f2dba-195c-437b-b62a-ed875b85e515@group-B1A6F749B1C3-LeaderElection156] INFO  grpc.GrpcConfigKeys (ConfUtils.java:logGet(46)) - raft.grpc.server.heartbeat.channel = true (default)
2024-08-10 09:46:56,282 [d75f2dba-195c-437b-b62a-ed875b85e515@group-B1A6F749B1C3-LeaderElection156] INFO  server.RaftServerConfigKeys (ConfUtils.java:logGet(46)) - raft.server.log.appender.snapshot.chunk.size.max = 16MB (=16777216) (default)
2024-08-10 09:46:56,282 [d75f2dba-195c-437b-b62a-ed875b85e515@group-B1A6F749B1C3-LeaderElection156] INFO  server.RaftServerConfigKeys (ConfUtils.java:logGet(46)) - raft.server.log.appender.buffer.byte-limit = 8388608 (custom)
2024-08-10 09:46:56,282 [d75f2dba-195c-437b-b62a-ed875b85e515@group-B1A6F749B1C3-LeaderElection156] INFO  server.RaftServerConfigKeys (ConfUtils.java:logGet(46)) - raft.server.log.appender.buffer.element-limit = 1024 (custom)
2024-08-10 09:46:56,282 [d75f2dba-195c-437b-b62a-ed875b85e515@group-B1A6F749B1C3-LeaderElection156] INFO  server.RaftServerConfigKeys (ConfUtils.java:logGet(46)) - raft.server.log.appender.wait-time.min = 0ms (custom)
2024-08-10 09:46:56,282 [d75f2dba-195c-437b-b62a-ed875b85e515@group-B1A6F749B1C3-LeaderElection156] INFO  grpc.GrpcConfigKeys (ConfUtils.java:logGet(46)) - raft.grpc.server.leader.outstanding.appends.max = 8 (default)
2024-08-10 09:46:56,282 [d75f2dba-195c-437b-b62a-ed875b85e515@group-B1A6F749B1C3-LeaderElection156] INFO  server.RaftServerConfigKeys (ConfUtils.java:logGet(46)) - raft.server.rpc.request.timeout = 3000ms (default)
2024-08-10 09:46:56,282 [d75f2dba-195c-437b-b62a-ed875b85e515@group-B1A6F749B1C3-LeaderElection156] INFO  grpc.GrpcConfigKeys (ConfUtils.java:logGet(46)) - raft.grpc.server.install_snapshot.request.element-limit = 8 (default)
2024-08-10 09:46:56,282 [d75f2dba-195c-437b-b62a-ed875b85e515@group-B1A6F749B1C3-LeaderElection156] INFO  grpc.GrpcConfigKeys (ConfUtils.java:logGet(46)) - raft.grpc.server.install_snapshot.request.timeout = 3000ms (default)
2024-08-10 09:46:56,282 [d75f2dba-195c-437b-b62a-ed875b85e515@group-B1A6F749B1C3-LeaderElection156] INFO  grpc.GrpcConfigKeys (ConfUtils.java:logGet(46)) - raft.grpc.server.log-message.batch.duration = 5s (default)
2024-08-10 09:46:56,282 [d75f2dba-195c-437b-b62a-ed875b85e515@group-B1A6F749B1C3-LeaderElection156] INFO  server.RaftServerConfigKeys (ConfUtils.java:logGet(46)) - raft.server.log.appender.install.snapshot.enabled = false (custom)
2024-08-10 09:46:56,282 [d75f2dba-195c-437b-b62a-ed875b85e515@group-B1A6F749B1C3-LeaderElection156] INFO  grpc.GrpcConfigKeys (ConfUtils.java:logGet(46)) - raft.grpc.server.heartbeat.channel = true (default)
2024-08-10 09:46:56,282 [d75f2dba-195c-437b-b62a-ed875b85e515@group-B1A6F749B1C3-LeaderElection156] INFO  impl.RoleInfo (RoleInfo.java:updateAndGet(148)) - d75f2dba-195c-437b-b62a-ed875b85e515: start d75f2dba-195c-437b-b62a-ed875b85e515@group-B1A6F749B1C3-LeaderStateImpl
2024-08-10 09:46:56,282 [d75f2dba-195c-437b-b62a-ed875b85e515@group-B1A6F749B1C3-LeaderElection156] INFO  server.RaftServer$Division (RaftServerImpl.java:setFirstElection(549)) - d75f2dba-195c-437b-b62a-ed875b85e515@group-B1A6F749B1C3: set firstElectionSinceStartup to false for becomeLeader
2024-08-10 09:46:56,282 [d75f2dba-195c-437b-b62a-ed875b85e515@group-B1A6F749B1C3-LeaderElection156] INFO  ratis.XceiverServerRatis (XceiverServerRatis.java:handleLeaderChangedNotification(947)) - Leader change notification received for group: group-B1A6F749B1C3 with new leaderId: d75f2dba-195c-437b-b62a-ed875b85e515
2024-08-10 09:46:56,282 [d75f2dba-195c-437b-b62a-ed875b85e515@group-B1A6F749B1C3-LeaderElection156] INFO  server.RaftServer$Division (ServerState.java:setLeader(272)) - d75f2dba-195c-437b-b62a-ed875b85e515@group-B1A6F749B1C3: change Leader from null to d75f2dba-195c-437b-b62a-ed875b85e515 at term 1 for becomeLeader, leader elected after 5099ms
2024-08-10 09:46:56,283 [d75f2dba-195c-437b-b62a-ed875b85e515@group-B1A6F749B1C3-LeaderElection156] INFO  segmented.SegmentedRaftLogWorker (SegmentedRaftLogWorker.java:startLogSegment(433)) - d75f2dba-195c-437b-b62a-ed875b85e515@group-B1A6F749B1C3-SegmentedRaftLogWorker: Starting segment from index:0
2024-08-10 09:46:56,283 [d75f2dba-195c-437b-b62a-ed875b85e515@group-B1A6F749B1C3-LeaderElection156] INFO  server.RaftServer$Division (ServerState.java:setRaftConf(386)) - d75f2dba-195c-437b-b62a-ed875b85e515@group-B1A6F749B1C3: set configuration conf: {index: 0, cur=peers:[c1014618-c100-4e2c-97d7-038e29b3cb29|127.0.0.1:15613, 280ba735-fec6-4a50-aa81-34035c985b11|127.0.0.1:15604, d75f2dba-195c-437b-b62a-ed875b85e515|127.0.0.1:15595]|listeners:[], old=null}
2024-08-10 09:46:56,283 [d75f2dba-195c-437b-b62a-ed875b85e515@group-B1A6F749B1C3-SegmentedRaftLogWorker] INFO  segmented.BufferedWriteChannel (BufferedWriteChannel.java:open(61)) - open log_inprogress_0 at position 0
2024-08-10 09:46:56,289 [EventQueue-PipelineReportForPipelineReportHandler] INFO  pipeline.PipelineReportHandler (PipelineReportHandler.java:processPipelineReport(136)) - Opened pipeline PipelineID=4628381d-a692-444d-9810-b1a6f749b1c3
2024-08-10 09:46:56,290 [c1014618-c100-4e2c-97d7-038e29b3cb29-server-thread1] INFO  ratis.XceiverServerRatis (XceiverServerRatis.java:handleLeaderChangedNotification(947)) - Leader change notification received for group: group-B1A6F749B1C3 with new leaderId: d75f2dba-195c-437b-b62a-ed875b85e515
2024-08-10 09:46:56,291 [c1014618-c100-4e2c-97d7-038e29b3cb29-server-thread1] INFO  server.RaftServer$Division (ServerState.java:setLeader(272)) - c1014618-c100-4e2c-97d7-038e29b3cb29@group-B1A6F749B1C3: change Leader from null to d75f2dba-195c-437b-b62a-ed875b85e515 at term 1 for appendEntries, leader elected after 5088ms
2024-08-10 09:46:56,295 [c1014618-c100-4e2c-97d7-038e29b3cb29-server-thread2] INFO  server.RaftServer$Division (ServerState.java:setRaftConf(386)) - c1014618-c100-4e2c-97d7-038e29b3cb29@group-B1A6F749B1C3: set configuration conf: {index: 0, cur=peers:[c1014618-c100-4e2c-97d7-038e29b3cb29|127.0.0.1:15613, 280ba735-fec6-4a50-aa81-34035c985b11|127.0.0.1:15604, d75f2dba-195c-437b-b62a-ed875b85e515|127.0.0.1:15595]|listeners:[], old=null}
2024-08-10 09:46:56,295 [d75f2dba-195c-437b-b62a-ed875b85e515@group-B1A6F749B1C3-SegmentedRaftLogWorker] INFO  segmented.SegmentedRaftLogWorker (SegmentedRaftLogWorker.java:execute(637)) - d75f2dba-195c-437b-b62a-ed875b85e515@group-B1A6F749B1C3-SegmentedRaftLogWorker: created new log segment /home/runner/work/ozone/ozone/hadoop-ozone/integration-test/target/test-dir/MiniOzoneClusterImpl-25487c27-6224-40aa-b0ad-008c83bbb5f2/ozone-meta/datanode-1/ratis/4628381d-a692-444d-9810-b1a6f749b1c3/current/log_inprogress_0
2024-08-10 09:46:56,295 [280ba735-fec6-4a50-aa81-34035c985b11-server-thread2] INFO  ratis.XceiverServerRatis (XceiverServerRatis.java:handleLeaderChangedNotification(947)) - Leader change notification received for group: group-B1A6F749B1C3 with new leaderId: d75f2dba-195c-437b-b62a-ed875b85e515
2024-08-10 09:46:56,295 [c1014618-c100-4e2c-97d7-038e29b3cb29-server-thread2] INFO  segmented.SegmentedRaftLogWorker (SegmentedRaftLogWorker.java:startLogSegment(433)) - c1014618-c100-4e2c-97d7-038e29b3cb29@group-B1A6F749B1C3-SegmentedRaftLogWorker: Starting segment from index:0
2024-08-10 09:46:56,295 [280ba735-fec6-4a50-aa81-34035c985b11-server-thread2] INFO  server.RaftServer$Division (ServerState.java:setLeader(272)) - 280ba735-fec6-4a50-aa81-34035c985b11@group-B1A6F749B1C3: change Leader from null to d75f2dba-195c-437b-b62a-ed875b85e515 at term 1 for appendEntries, leader elected after 5069ms
2024-08-10 09:46:56,296 [280ba735-fec6-4a50-aa81-34035c985b11-server-thread2] INFO  server.RaftServer$Division (ServerState.java:setRaftConf(386)) - 280ba735-fec6-4a50-aa81-34035c985b11@group-B1A6F749B1C3: set configuration conf: {index: 0, cur=peers:[c1014618-c100-4e2c-97d7-038e29b3cb29|127.0.0.1:15613, 280ba735-fec6-4a50-aa81-34035c985b11|127.0.0.1:15604, d75f2dba-195c-437b-b62a-ed875b85e515|127.0.0.1:15595]|listeners:[], old=null}
2024-08-10 09:46:56,296 [c1014618-c100-4e2c-97d7-038e29b3cb29@group-B1A6F749B1C3-SegmentedRaftLogWorker] INFO  segmented.BufferedWriteChannel (BufferedWriteChannel.java:open(61)) - open log_inprogress_0 at position 0
2024-08-10 09:46:56,302 [280ba735-fec6-4a50-aa81-34035c985b11-server-thread2] INFO  segmented.SegmentedRaftLogWorker (SegmentedRaftLogWorker.java:startLogSegment(433)) - 280ba735-fec6-4a50-aa81-34035c985b11@group-B1A6F749B1C3-SegmentedRaftLogWorker: Starting segment from index:0
2024-08-10 09:46:56,302 [280ba735-fec6-4a50-aa81-34035c985b11@group-B1A6F749B1C3-SegmentedRaftLogWorker] INFO  segmented.BufferedWriteChannel (BufferedWriteChannel.java:open(61)) - open log_inprogress_0 at position 0
2024-08-10 09:46:56,307 [c1014618-c100-4e2c-97d7-038e29b3cb29@group-B1A6F749B1C3-SegmentedRaftLogWorker] INFO  segmented.SegmentedRaftLogWorker (SegmentedRaftLogWorker.java:execute(637)) - c1014618-c100-4e2c-97d7-038e29b3cb29@group-B1A6F749B1C3-SegmentedRaftLogWorker: created new log segment /home/runner/work/ozone/ozone/hadoop-ozone/integration-test/target/test-dir/MiniOzoneClusterImpl-25487c27-6224-40aa-b0ad-008c83bbb5f2/ozone-meta/datanode-3/ratis/4628381d-a692-444d-9810-b1a6f749b1c3/current/log_inprogress_0
2024-08-10 09:46:56,312 [280ba735-fec6-4a50-aa81-34035c985b11@group-B1A6F749B1C3-SegmentedRaftLogWorker] INFO  segmented.SegmentedRaftLogWorker (SegmentedRaftLogWorker.java:execute(637)) - 280ba735-fec6-4a50-aa81-34035c985b11@group-B1A6F749B1C3-SegmentedRaftLogWorker: created new log segment /home/runner/work/ozone/ozone/hadoop-ozone/integration-test/target/test-dir/MiniOzoneClusterImpl-25487c27-6224-40aa-b0ad-008c83bbb5f2/ozone-meta/datanode-2/ratis/4628381d-a692-444d-9810-b1a6f749b1c3/current/log_inprogress_0
2024-08-10 09:46:56,312 [d75f2dba-195c-437b-b62a-ed875b85e515@group-B1A6F749B1C3-StateMachineUpdater] INFO  server.RaftServer$Division (LeaderStateImpl.java:checkStartIndex(316)) - Leader d75f2dba-195c-437b-b62a-ed875b85e515@group-B1A6F749B1C3-LeaderStateImpl is ready since appliedIndex == startIndex == 0
2024-08-10 09:46:56,418 [280ba735-fec6-4a50-aa81-34035c985b11@group-E04DCE71FB33-FollowerState] INFO  impl.FollowerState (FollowerState.java:run(144)) - 280ba735-fec6-4a50-aa81-34035c985b11@group-E04DCE71FB33-FollowerState: change to CANDIDATE, lastRpcElapsedTime:5155377391ns, electionTimeout:5155ms
2024-08-10 09:46:56,418 [280ba735-fec6-4a50-aa81-34035c985b11@group-E04DCE71FB33-FollowerState] INFO  impl.RoleInfo (RoleInfo.java:shutdownFollowerState(119)) - 280ba735-fec6-4a50-aa81-34035c985b11: shutdown 280ba735-fec6-4a50-aa81-34035c985b11@group-E04DCE71FB33-FollowerState
2024-08-10 09:46:56,418 [280ba735-fec6-4a50-aa81-34035c985b11@group-E04DCE71FB33-FollowerState] INFO  server.RaftServer$Division (RaftServerImpl.java:setRole(376)) - 280ba735-fec6-4a50-aa81-34035c985b11@group-E04DCE71FB33: changes role from  FOLLOWER to CANDIDATE at term 0 for changeToCandidate
2024-08-10 09:46:56,419 [280ba735-fec6-4a50-aa81-34035c985b11@group-E04DCE71FB33-FollowerState] INFO  server.RaftServerConfigKeys (ConfUtils.java:logGet(46)) - raft.server.leaderelection.pre-vote = true (default)
2024-08-10 09:46:56,419 [280ba735-fec6-4a50-aa81-34035c985b11@group-E04DCE71FB33-FollowerState] INFO  impl.RoleInfo (RoleInfo.java:updateAndGet(148)) - 280ba735-fec6-4a50-aa81-34035c985b11: start 280ba735-fec6-4a50-aa81-34035c985b11@group-E04DCE71FB33-LeaderElection157
2024-08-10 09:46:56,419 [280ba735-fec6-4a50-aa81-34035c985b11@group-E04DCE71FB33-LeaderElection157] INFO  impl.LeaderElection (LeaderElection.java:askForVotes(321)) - 280ba735-fec6-4a50-aa81-34035c985b11@group-E04DCE71FB33-LeaderElection157 PRE_VOTE round 0: submit vote requests at term 0 for conf: {index: -1, cur=peers:[280ba735-fec6-4a50-aa81-34035c985b11|127.0.0.1:15604]|listeners:[], old=null}
2024-08-10 09:46:56,419 [280ba735-fec6-4a50-aa81-34035c985b11@group-E04DCE71FB33-LeaderElection157] INFO  impl.LeaderElection (LeaderElection.java:askForVotes(323)) - 280ba735-fec6-4a50-aa81-34035c985b11@group-E04DCE71FB33-LeaderElection157 PRE_VOTE round 0: result PASSED (term=0)
2024-08-10 09:46:56,422 [280ba735-fec6-4a50-aa81-34035c985b11@group-E04DCE71FB33-LeaderElection157] INFO  impl.LeaderElection (LeaderElection.java:askForVotes(321)) - 280ba735-fec6-4a50-aa81-34035c985b11@group-E04DCE71FB33-LeaderElection157 ELECTION round 0: submit vote requests at term 1 for conf: {index: -1, cur=peers:[280ba735-fec6-4a50-aa81-34035c985b11|127.0.0.1:15604]|listeners:[], old=null}
2024-08-10 09:46:56,422 [280ba735-fec6-4a50-aa81-34035c985b11@group-E04DCE71FB33-LeaderElection157] INFO  impl.LeaderElection (LeaderElection.java:askForVotes(323)) - 280ba735-fec6-4a50-aa81-34035c985b11@group-E04DCE71FB33-LeaderElection157 ELECTION round 0: result PASSED (term=1)
2024-08-10 09:46:56,422 [280ba735-fec6-4a50-aa81-34035c985b11@group-E04DCE71FB33-LeaderElection157] INFO  impl.RoleInfo (RoleInfo.java:shutdownLeaderElection(139)) - 280ba735-fec6-4a50-aa81-34035c985b11: shutdown 280ba735-fec6-4a50-aa81-34035c985b11@group-E04DCE71FB33-LeaderElection157
2024-08-10 09:46:56,422 [280ba735-fec6-4a50-aa81-34035c985b11@group-E04DCE71FB33-LeaderElection157] INFO  server.RaftServer$Division (RaftServerImpl.java:setRole(376)) - 280ba735-fec6-4a50-aa81-34035c985b11@group-E04DCE71FB33: changes role from CANDIDATE to LEADER at term 1 for changeToLeader
2024-08-10 09:46:56,422 [280ba735-fec6-4a50-aa81-34035c985b11@group-E04DCE71FB33-LeaderElection157] INFO  server.RaftServerConfigKeys (ConfUtils.java:logGet(46)) - raft.server.staging.catchup.gap = 1000 (default)
2024-08-10 09:46:56,422 [280ba735-fec6-4a50-aa81-34035c985b11@group-E04DCE71FB33-LeaderElection157] INFO  server.RaftServerConfigKeys (ConfUtils.java:logGet(46)) - raft.server.write.element-limit = 1024 (custom)
2024-08-10 09:46:56,422 [280ba735-fec6-4a50-aa81-34035c985b11@group-E04DCE71FB33-LeaderElection157] INFO  server.RaftServerConfigKeys (ConfUtils.java:logGet(46)) - raft.server.write.byte-limit = 1024 M (=1073741824) (custom)
2024-08-10 09:46:56,423 [280ba735-fec6-4a50-aa81-34035c985b11@group-E04DCE71FB33-LeaderElection157] INFO  server.RaftServerConfigKeys (ConfUtils.java:logGet(46)) - raft.server.watch.timeout = 3000ms (custom)
2024-08-10 09:46:56,423 [280ba735-fec6-4a50-aa81-34035c985b11@group-E04DCE71FB33-LeaderElection157] INFO  server.RaftServerConfigKeys (ConfUtils.java:logGet(46)) - raft.server.watch.timeout.denomination = 1s (default)
2024-08-10 09:46:56,423 [280ba735-fec6-4a50-aa81-34035c985b11@group-E04DCE71FB33-LeaderElection157] INFO  server.RaftServerConfigKeys (ConfUtils.java:logGet(46)) - raft.server.watch.element-limit = 65536 (default)
2024-08-10 09:46:56,423 [280ba735-fec6-4a50-aa81-34035c985b11@group-E04DCE71FB33-LeaderElection157] INFO  server.RaftServerConfigKeys (ConfUtils.java:logGet(46)) - raft.server.read.leader.lease.enabled = false (default)
2024-08-10 09:46:56,423 [280ba735-fec6-4a50-aa81-34035c985b11@group-E04DCE71FB33-LeaderElection157] INFO  server.RaftServerConfigKeys (ConfUtils.java:logGet(46)) - raft.server.read.leader.lease.timeout.ratio = 0.9 (default)
2024-08-10 09:46:56,423 [280ba735-fec6-4a50-aa81-34035c985b11@group-E04DCE71FB33-LeaderElection157] INFO  server.RaftServerConfigKeys (ConfUtils.java:logGet(46)) - raft.server.rpc.timeout.min = 5s (custom)
2024-08-10 09:46:56,423 [280ba735-fec6-4a50-aa81-34035c985b11@group-E04DCE71FB33-LeaderElection157] INFO  server.RaftServerConfigKeys (ConfUtils.java:logGet(46)) - raft.server.log.log-metadata.enabled = true (default)
2024-08-10 09:46:56,423 [280ba735-fec6-4a50-aa81-34035c985b11@group-E04DCE71FB33-LeaderElection157] INFO  server.RaftServerConfigKeys (ConfUtils.java:logGet(46)) - raft.server.write.element-limit = 1024 (custom)
2024-08-10 09:46:56,423 [280ba735-fec6-4a50-aa81-34035c985b11@group-E04DCE71FB33-LeaderElection157] INFO  server.RaftServerConfigKeys (ConfUtils.java:logGet(46)) - raft.server.write.follower.gap.ratio.max = -1.0 (default)
2024-08-10 09:46:56,423 [280ba735-fec6-4a50-aa81-34035c985b11@group-E04DCE71FB33-LeaderElection157] INFO  impl.RoleInfo (RoleInfo.java:updateAndGet(148)) - 280ba735-fec6-4a50-aa81-34035c985b11: start 280ba735-fec6-4a50-aa81-34035c985b11@group-E04DCE71FB33-LeaderStateImpl
2024-08-10 09:46:56,423 [280ba735-fec6-4a50-aa81-34035c985b11@group-E04DCE71FB33-LeaderElection157] INFO  server.RaftServer$Division (RaftServerImpl.java:setFirstElection(549)) - 280ba735-fec6-4a50-aa81-34035c985b11@group-E04DCE71FB33: set firstElectionSinceStartup to false for becomeLeader
2024-08-10 09:46:56,423 [280ba735-fec6-4a50-aa81-34035c985b11@group-E04DCE71FB33-LeaderElection157] INFO  ratis.XceiverServerRatis (XceiverServerRatis.java:handleLeaderChangedNotification(947)) - Leader change notification received for group: group-E04DCE71FB33 with new leaderId: 280ba735-fec6-4a50-aa81-34035c985b11
2024-08-10 09:46:56,424 [280ba735-fec6-4a50-aa81-34035c985b11@group-E04DCE71FB33-LeaderElection157] INFO  server.RaftServer$Division (ServerState.java:setLeader(272)) - 280ba735-fec6-4a50-aa81-34035c985b11@group-E04DCE71FB33: change Leader from null to 280ba735-fec6-4a50-aa81-34035c985b11 at term 1 for becomeLeader, leader elected after 5172ms
2024-08-10 09:46:56,424 [280ba735-fec6-4a50-aa81-34035c985b11@group-E04DCE71FB33-LeaderElection157] INFO  segmented.SegmentedRaftLogWorker (SegmentedRaftLogWorker.java:startLogSegment(433)) - 280ba735-fec6-4a50-aa81-34035c985b11@group-E04DCE71FB33-SegmentedRaftLogWorker: Starting segment from index:0
2024-08-10 09:46:56,424 [280ba735-fec6-4a50-aa81-34035c985b11@group-E04DCE71FB33-LeaderElection157] INFO  server.RaftServer$Division (ServerState.java:setRaftConf(386)) - 280ba735-fec6-4a50-aa81-34035c985b11@group-E04DCE71FB33: set configuration conf: {index: 0, cur=peers:[280ba735-fec6-4a50-aa81-34035c985b11|127.0.0.1:15604]|listeners:[], old=null}
2024-08-10 09:46:56,424 [280ba735-fec6-4a50-aa81-34035c985b11@group-E04DCE71FB33-SegmentedRaftLogWorker] INFO  segmented.BufferedWriteChannel (BufferedWriteChannel.java:open(61)) - open log_inprogress_0 at position 0
2024-08-10 09:46:56,434 [280ba735-fec6-4a50-aa81-34035c985b11@group-E04DCE71FB33-SegmentedRaftLogWorker] INFO  segmented.SegmentedRaftLogWorker (SegmentedRaftLogWorker.java:execute(637)) - 280ba735-fec6-4a50-aa81-34035c985b11@group-E04DCE71FB33-SegmentedRaftLogWorker: created new log segment /home/runner/work/ozone/ozone/hadoop-ozone/integration-test/target/test-dir/MiniOzoneClusterImpl-25487c27-6224-40aa-b0ad-008c83bbb5f2/ozone-meta/datanode-2/ratis/6b6fa171-5370-4504-9fa6-e04dce71fb33/current/log_inprogress_0
2024-08-10 09:46:56,435 [280ba735-fec6-4a50-aa81-34035c985b11@group-E04DCE71FB33-StateMachineUpdater] INFO  server.RaftServer$Division (LeaderStateImpl.java:checkStartIndex(316)) - Leader 280ba735-fec6-4a50-aa81-34035c985b11@group-E04DCE71FB33-LeaderStateImpl is ready since appliedIndex == startIndex == 0
2024-08-10 09:46:56,644 [c1014618-c100-4e2c-97d7-038e29b3cb29@group-6A5C3CD0FCC4-FollowerState] INFO  impl.FollowerState (FollowerState.java:run(144)) - c1014618-c100-4e2c-97d7-038e29b3cb29@group-6A5C3CD0FCC4-FollowerState: change to CANDIDATE, lastRpcElapsedTime:5131493669ns, electionTimeout:5131ms
2024-08-10 09:46:56,644 [c1014618-c100-4e2c-97d7-038e29b3cb29@group-6A5C3CD0FCC4-FollowerState] INFO  impl.RoleInfo (RoleInfo.java:shutdownFollowerState(119)) - c1014618-c100-4e2c-97d7-038e29b3cb29: shutdown c1014618-c100-4e2c-97d7-038e29b3cb29@group-6A5C3CD0FCC4-FollowerState
2024-08-10 09:46:56,644 [c1014618-c100-4e2c-97d7-038e29b3cb29@group-6A5C3CD0FCC4-FollowerState] INFO  server.RaftServer$Division (RaftServerImpl.java:setRole(376)) - c1014618-c100-4e2c-97d7-038e29b3cb29@group-6A5C3CD0FCC4: changes role from  FOLLOWER to CANDIDATE at term 0 for changeToCandidate
2024-08-10 09:46:56,644 [c1014618-c100-4e2c-97d7-038e29b3cb29@group-6A5C3CD0FCC4-FollowerState] INFO  server.RaftServerConfigKeys (ConfUtils.java:logGet(46)) - raft.server.leaderelection.pre-vote = true (default)
2024-08-10 09:46:56,644 [c1014618-c100-4e2c-97d7-038e29b3cb29@group-6A5C3CD0FCC4-FollowerState] INFO  impl.RoleInfo (RoleInfo.java:updateAndGet(148)) - c1014618-c100-4e2c-97d7-038e29b3cb29: start c1014618-c100-4e2c-97d7-038e29b3cb29@group-6A5C3CD0FCC4-LeaderElection158
2024-08-10 09:46:56,645 [c1014618-c100-4e2c-97d7-038e29b3cb29@group-6A5C3CD0FCC4-LeaderElection158] INFO  impl.LeaderElection (LeaderElection.java:askForVotes(321)) - c1014618-c100-4e2c-97d7-038e29b3cb29@group-6A5C3CD0FCC4-LeaderElection158 PRE_VOTE round 0: submit vote requests at term 0 for conf: {index: -1, cur=peers:[c1014618-c100-4e2c-97d7-038e29b3cb29|127.0.0.1:15613]|listeners:[], old=null}
2024-08-10 09:46:56,645 [c1014618-c100-4e2c-97d7-038e29b3cb29@group-6A5C3CD0FCC4-LeaderElection158] INFO  impl.LeaderElection (LeaderElection.java:askForVotes(323)) - c1014618-c100-4e2c-97d7-038e29b3cb29@group-6A5C3CD0FCC4-LeaderElection158 PRE_VOTE round 0: result PASSED (term=0)
2024-08-10 09:46:56,646 [c1014618-c100-4e2c-97d7-038e29b3cb29@group-6A5C3CD0FCC4-LeaderElection158] INFO  impl.LeaderElection (LeaderElection.java:askForVotes(321)) - c1014618-c100-4e2c-97d7-038e29b3cb29@group-6A5C3CD0FCC4-LeaderElection158 ELECTION round 0: submit vote requests at term 1 for conf: {index: -1, cur=peers:[c1014618-c100-4e2c-97d7-038e29b3cb29|127.0.0.1:15613]|listeners:[], old=null}
2024-08-10 09:46:56,646 [c1014618-c100-4e2c-97d7-038e29b3cb29@group-6A5C3CD0FCC4-LeaderElection158] INFO  impl.LeaderElection (LeaderElection.java:askForVotes(323)) - c1014618-c100-4e2c-97d7-038e29b3cb29@group-6A5C3CD0FCC4-LeaderElection158 ELECTION round 0: result PASSED (term=1)
2024-08-10 09:46:56,646 [c1014618-c100-4e2c-97d7-038e29b3cb29@group-6A5C3CD0FCC4-LeaderElection158] INFO  impl.RoleInfo (RoleInfo.java:shutdownLeaderElection(139)) - c1014618-c100-4e2c-97d7-038e29b3cb29: shutdown c1014618-c100-4e2c-97d7-038e29b3cb29@group-6A5C3CD0FCC4-LeaderElection158
2024-08-10 09:46:56,646 [c1014618-c100-4e2c-97d7-038e29b3cb29@group-6A5C3CD0FCC4-LeaderElection158] INFO  server.RaftServer$Division (RaftServerImpl.java:setRole(376)) - c1014618-c100-4e2c-97d7-038e29b3cb29@group-6A5C3CD0FCC4: changes role from CANDIDATE to LEADER at term 1 for changeToLeader
2024-08-10 09:46:56,647 [c1014618-c100-4e2c-97d7-038e29b3cb29@group-6A5C3CD0FCC4-LeaderElection158] INFO  server.RaftServerConfigKeys (ConfUtils.java:logGet(46)) - raft.server.staging.catchup.gap = 1000 (default)
2024-08-10 09:46:56,647 [c1014618-c100-4e2c-97d7-038e29b3cb29@group-6A5C3CD0FCC4-LeaderElection158] INFO  server.RaftServerConfigKeys (ConfUtils.java:logGet(46)) - raft.server.write.element-limit = 1024 (custom)
2024-08-10 09:46:56,647 [c1014618-c100-4e2c-97d7-038e29b3cb29@group-6A5C3CD0FCC4-LeaderElection158] INFO  server.RaftServerConfigKeys (ConfUtils.java:logGet(46)) - raft.server.write.byte-limit = 1024 M (=1073741824) (custom)
2024-08-10 09:46:56,647 [c1014618-c100-4e2c-97d7-038e29b3cb29@group-6A5C3CD0FCC4-LeaderElection158] INFO  server.RaftServerConfigKeys (ConfUtils.java:logGet(46)) - raft.server.watch.timeout = 3000ms (custom)
2024-08-10 09:46:56,647 [c1014618-c100-4e2c-97d7-038e29b3cb29@group-6A5C3CD0FCC4-LeaderElection158] INFO  server.RaftServerConfigKeys (ConfUtils.java:logGet(46)) - raft.server.watch.timeout.denomination = 1s (default)
2024-08-10 09:46:56,647 [c1014618-c100-4e2c-97d7-038e29b3cb29@group-6A5C3CD0FCC4-LeaderElection158] INFO  server.RaftServerConfigKeys (ConfUtils.java:logGet(46)) - raft.server.watch.element-limit = 65536 (default)
2024-08-10 09:46:56,648 [c1014618-c100-4e2c-97d7-038e29b3cb29@group-6A5C3CD0FCC4-LeaderElection158] INFO  server.RaftServerConfigKeys (ConfUtils.java:logGet(46)) - raft.server.read.leader.lease.enabled = false (default)
2024-08-10 09:46:56,648 [c1014618-c100-4e2c-97d7-038e29b3cb29@group-6A5C3CD0FCC4-LeaderElection158] INFO  server.RaftServerConfigKeys (ConfUtils.java:logGet(46)) - raft.server.read.leader.lease.timeout.ratio = 0.9 (default)
2024-08-10 09:46:56,648 [c1014618-c100-4e2c-97d7-038e29b3cb29@group-6A5C3CD0FCC4-LeaderElection158] INFO  server.RaftServerConfigKeys (ConfUtils.java:logGet(46)) - raft.server.rpc.timeout.min = 5s (custom)
2024-08-10 09:46:56,648 [c1014618-c100-4e2c-97d7-038e29b3cb29@group-6A5C3CD0FCC4-LeaderElection158] INFO  server.RaftServerConfigKeys (ConfUtils.java:logGet(46)) - raft.server.log.log-metadata.enabled = true (default)
2024-08-10 09:46:56,648 [c1014618-c100-4e2c-97d7-038e29b3cb29@group-6A5C3CD0FCC4-LeaderElection158] INFO  server.RaftServerConfigKeys (ConfUtils.java:logGet(46)) - raft.server.write.element-limit = 1024 (custom)
2024-08-10 09:46:56,648 [c1014618-c100-4e2c-97d7-038e29b3cb29@group-6A5C3CD0FCC4-LeaderElection158] INFO  server.RaftServerConfigKeys (ConfUtils.java:logGet(46)) - raft.server.write.follower.gap.ratio.max = -1.0 (default)
2024-08-10 09:46:56,648 [c1014618-c100-4e2c-97d7-038e29b3cb29@group-6A5C3CD0FCC4-LeaderElection158] INFO  impl.RoleInfo (RoleInfo.java:updateAndGet(148)) - c1014618-c100-4e2c-97d7-038e29b3cb29: start c1014618-c100-4e2c-97d7-038e29b3cb29@group-6A5C3CD0FCC4-LeaderStateImpl
2024-08-10 09:46:56,648 [c1014618-c100-4e2c-97d7-038e29b3cb29@group-6A5C3CD0FCC4-LeaderElection158] INFO  server.RaftServer$Division (RaftServerImpl.java:setFirstElection(549)) - c1014618-c100-4e2c-97d7-038e29b3cb29@group-6A5C3CD0FCC4: set firstElectionSinceStartup to false for becomeLeader
2024-08-10 09:46:56,648 [c1014618-c100-4e2c-97d7-038e29b3cb29@group-6A5C3CD0FCC4-LeaderElection158] INFO  ratis.XceiverServerRatis (XceiverServerRatis.java:handleLeaderChangedNotification(947)) - Leader change notification received for group: group-6A5C3CD0FCC4 with new leaderId: c1014618-c100-4e2c-97d7-038e29b3cb29
2024-08-10 09:46:56,648 [c1014618-c100-4e2c-97d7-038e29b3cb29@group-6A5C3CD0FCC4-LeaderElection158] INFO  server.RaftServer$Division (ServerState.java:setLeader(272)) - c1014618-c100-4e2c-97d7-038e29b3cb29@group-6A5C3CD0FCC4: change Leader from null to c1014618-c100-4e2c-97d7-038e29b3cb29 at term 1 for becomeLeader, leader elected after 5146ms
2024-08-10 09:46:56,648 [c1014618-c100-4e2c-97d7-038e29b3cb29@group-6A5C3CD0FCC4-LeaderElection158] INFO  segmented.SegmentedRaftLogWorker (SegmentedRaftLogWorker.java:startLogSegment(433)) - c1014618-c100-4e2c-97d7-038e29b3cb29@group-6A5C3CD0FCC4-SegmentedRaftLogWorker: Starting segment from index:0
2024-08-10 09:46:56,649 [c1014618-c100-4e2c-97d7-038e29b3cb29@group-6A5C3CD0FCC4-LeaderElection158] INFO  server.RaftServer$Division (ServerState.java:setRaftConf(386)) - c1014618-c100-4e2c-97d7-038e29b3cb29@group-6A5C3CD0FCC4: set configuration conf: {index: 0, cur=peers:[c1014618-c100-4e2c-97d7-038e29b3cb29|127.0.0.1:15613]|listeners:[], old=null}
2024-08-10 09:46:56,649 [c1014618-c100-4e2c-97d7-038e29b3cb29@group-6A5C3CD0FCC4-SegmentedRaftLogWorker] INFO  segmented.BufferedWriteChannel (BufferedWriteChannel.java:open(61)) - open log_inprogress_0 at position 0
2024-08-10 09:46:56,658 [c1014618-c100-4e2c-97d7-038e29b3cb29@group-6A5C3CD0FCC4-SegmentedRaftLogWorker] INFO  segmented.SegmentedRaftLogWorker (SegmentedRaftLogWorker.java:execute(637)) - c1014618-c100-4e2c-97d7-038e29b3cb29@group-6A5C3CD0FCC4-SegmentedRaftLogWorker: created new log segment /home/runner/work/ozone/ozone/hadoop-ozone/integration-test/target/test-dir/MiniOzoneClusterImpl-25487c27-6224-40aa-b0ad-008c83bbb5f2/ozone-meta/datanode-3/ratis/7d93cbef-a4b5-4c7a-9a4f-6a5c3cd0fcc4/current/log_inprogress_0
2024-08-10 09:46:56,660 [c1014618-c100-4e2c-97d7-038e29b3cb29@group-6A5C3CD0FCC4-StateMachineUpdater] INFO  server.RaftServer$Division (LeaderStateImpl.java:checkStartIndex(316)) - Leader c1014618-c100-4e2c-97d7-038e29b3cb29@group-6A5C3CD0FCC4-LeaderStateImpl is ready since appliedIndex == startIndex == 0
2024-08-10 09:46:56,772 [283db307-1259-4af7-a854-e925d39aa7b7@group-BEC0B074B073-FollowerState] INFO  impl.FollowerState (FollowerState.java:run(144)) - 283db307-1259-4af7-a854-e925d39aa7b7@group-BEC0B074B073-FollowerState: change to CANDIDATE, lastRpcElapsedTime:5033433097ns, electionTimeout:5033ms
2024-08-10 09:46:56,772 [283db307-1259-4af7-a854-e925d39aa7b7@group-BEC0B074B073-FollowerState] INFO  impl.RoleInfo (RoleInfo.java:shutdownFollowerState(119)) - 283db307-1259-4af7-a854-e925d39aa7b7: shutdown 283db307-1259-4af7-a854-e925d39aa7b7@group-BEC0B074B073-FollowerState
2024-08-10 09:46:56,772 [283db307-1259-4af7-a854-e925d39aa7b7@group-BEC0B074B073-FollowerState] INFO  server.RaftServer$Division (RaftServerImpl.java:setRole(376)) - 283db307-1259-4af7-a854-e925d39aa7b7@group-BEC0B074B073: changes role from  FOLLOWER to CANDIDATE at term 0 for changeToCandidate
2024-08-10 09:46:56,772 [283db307-1259-4af7-a854-e925d39aa7b7@group-BEC0B074B073-FollowerState] INFO  server.RaftServerConfigKeys (ConfUtils.java:logGet(46)) - raft.server.leaderelection.pre-vote = true (default)
2024-08-10 09:46:56,772 [283db307-1259-4af7-a854-e925d39aa7b7@group-BEC0B074B073-FollowerState] INFO  impl.RoleInfo (RoleInfo.java:updateAndGet(148)) - 283db307-1259-4af7-a854-e925d39aa7b7: start 283db307-1259-4af7-a854-e925d39aa7b7@group-BEC0B074B073-LeaderElection159
2024-08-10 09:46:56,773 [283db307-1259-4af7-a854-e925d39aa7b7@group-BEC0B074B073-LeaderElection159] INFO  impl.LeaderElection (LeaderElection.java:askForVotes(321)) - 283db307-1259-4af7-a854-e925d39aa7b7@group-BEC0B074B073-LeaderElection159 PRE_VOTE round 0: submit vote requests at term 0 for conf: {index: -1, cur=peers:[283db307-1259-4af7-a854-e925d39aa7b7|127.0.0.1:15622]|listeners:[], old=null}
2024-08-10 09:46:56,773 [283db307-1259-4af7-a854-e925d39aa7b7@group-BEC0B074B073-LeaderElection159] INFO  impl.LeaderElection (LeaderElection.java:askForVotes(323)) - 283db307-1259-4af7-a854-e925d39aa7b7@group-BEC0B074B073-LeaderElection159 PRE_VOTE round 0: result PASSED (term=0)
2024-08-10 09:46:56,774 [283db307-1259-4af7-a854-e925d39aa7b7@group-BEC0B074B073-LeaderElection159] INFO  impl.LeaderElection (LeaderElection.java:askForVotes(321)) - 283db307-1259-4af7-a854-e925d39aa7b7@group-BEC0B074B073-LeaderElection159 ELECTION round 0: submit vote requests at term 1 for conf: {index: -1, cur=peers:[283db307-1259-4af7-a854-e925d39aa7b7|127.0.0.1:15622]|listeners:[], old=null}
2024-08-10 09:46:56,774 [283db307-1259-4af7-a854-e925d39aa7b7@group-BEC0B074B073-LeaderElection159] INFO  impl.LeaderElection (LeaderElection.java:askForVotes(323)) - 283db307-1259-4af7-a854-e925d39aa7b7@group-BEC0B074B073-LeaderElection159 ELECTION round 0: result PASSED (term=1)
2024-08-10 09:46:56,774 [283db307-1259-4af7-a854-e925d39aa7b7@group-BEC0B074B073-LeaderElection159] INFO  impl.RoleInfo (RoleInfo.java:shutdownLeaderElection(139)) - 283db307-1259-4af7-a854-e925d39aa7b7: shutdown 283db307-1259-4af7-a854-e925d39aa7b7@group-BEC0B074B073-LeaderElection159
2024-08-10 09:46:56,774 [283db307-1259-4af7-a854-e925d39aa7b7@group-BEC0B074B073-LeaderElection159] INFO  server.RaftServer$Division (RaftServerImpl.java:setRole(376)) - 283db307-1259-4af7-a854-e925d39aa7b7@group-BEC0B074B073: changes role from CANDIDATE to LEADER at term 1 for changeToLeader
2024-08-10 09:46:56,774 [283db307-1259-4af7-a854-e925d39aa7b7@group-BEC0B074B073-LeaderElection159] INFO  server.RaftServerConfigKeys (ConfUtils.java:logGet(46)) - raft.server.staging.catchup.gap = 1000 (default)
2024-08-10 09:46:56,774 [283db307-1259-4af7-a854-e925d39aa7b7@group-BEC0B074B073-LeaderElection159] INFO  server.RaftServerConfigKeys (ConfUtils.java:logGet(46)) - raft.server.write.element-limit = 1024 (custom)
2024-08-10 09:46:56,774 [283db307-1259-4af7-a854-e925d39aa7b7@group-BEC0B074B073-LeaderElection159] INFO  server.RaftServerConfigKeys (ConfUtils.java:logGet(46)) - raft.server.write.byte-limit = 1024 M (=1073741824) (custom)
2024-08-10 09:46:56,775 [283db307-1259-4af7-a854-e925d39aa7b7@group-BEC0B074B073-LeaderElection159] INFO  server.RaftServerConfigKeys (ConfUtils.java:logGet(46)) - raft.server.watch.timeout = 3000ms (custom)
2024-08-10 09:46:56,775 [283db307-1259-4af7-a854-e925d39aa7b7@group-BEC0B074B073-LeaderElection159] INFO  server.RaftServerConfigKeys (ConfUtils.java:logGet(46)) - raft.server.watch.timeout.denomination = 1s (default)
2024-08-10 09:46:56,775 [283db307-1259-4af7-a854-e925d39aa7b7@group-BEC0B074B073-LeaderElection159] INFO  server.RaftServerConfigKeys (ConfUtils.java:logGet(46)) - raft.server.watch.element-limit = 65536 (default)
2024-08-10 09:46:56,775 [283db307-1259-4af7-a854-e925d39aa7b7@group-BEC0B074B073-LeaderElection159] INFO  server.RaftServerConfigKeys (ConfUtils.java:logGet(46)) - raft.server.read.leader.lease.enabled = false (default)
2024-08-10 09:46:56,775 [283db307-1259-4af7-a854-e925d39aa7b7@group-BEC0B074B073-LeaderElection159] INFO  server.RaftServerConfigKeys (ConfUtils.java:logGet(46)) - raft.server.read.leader.lease.timeout.ratio = 0.9 (default)
2024-08-10 09:46:56,775 [283db307-1259-4af7-a854-e925d39aa7b7@group-BEC0B074B073-LeaderElection159] INFO  server.RaftServerConfigKeys (ConfUtils.java:logGet(46)) - raft.server.rpc.timeout.min = 5s (custom)
2024-08-10 09:46:56,775 [283db307-1259-4af7-a854-e925d39aa7b7@group-BEC0B074B073-LeaderElection159] INFO  server.RaftServerConfigKeys (ConfUtils.java:logGet(46)) - raft.server.log.log-metadata.enabled = true (default)
2024-08-10 09:46:56,775 [283db307-1259-4af7-a854-e925d39aa7b7@group-BEC0B074B073-LeaderElection159] INFO  server.RaftServerConfigKeys (ConfUtils.java:logGet(46)) - raft.server.write.element-limit = 1024 (custom)
2024-08-10 09:46:56,775 [283db307-1259-4af7-a854-e925d39aa7b7@group-BEC0B074B073-LeaderElection159] INFO  server.RaftServerConfigKeys (ConfUtils.java:logGet(46)) - raft.server.write.follower.gap.ratio.max = -1.0 (default)
2024-08-10 09:46:56,776 [283db307-1259-4af7-a854-e925d39aa7b7@group-BEC0B074B073-LeaderElection159] INFO  impl.RoleInfo (RoleInfo.java:updateAndGet(148)) - 283db307-1259-4af7-a854-e925d39aa7b7: start 283db307-1259-4af7-a854-e925d39aa7b7@group-BEC0B074B073-LeaderStateImpl
2024-08-10 09:46:56,776 [283db307-1259-4af7-a854-e925d39aa7b7@group-BEC0B074B073-LeaderElection159] INFO  server.RaftServer$Division (RaftServerImpl.java:setFirstElection(549)) - 283db307-1259-4af7-a854-e925d39aa7b7@group-BEC0B074B073: set firstElectionSinceStartup to false for becomeLeader
2024-08-10 09:46:56,776 [283db307-1259-4af7-a854-e925d39aa7b7@group-BEC0B074B073-LeaderElection159] INFO  ratis.XceiverServerRatis (XceiverServerRatis.java:handleLeaderChangedNotification(947)) - Leader change notification received for group: group-BEC0B074B073 with new leaderId: 283db307-1259-4af7-a854-e925d39aa7b7
2024-08-10 09:46:56,776 [283db307-1259-4af7-a854-e925d39aa7b7@group-BEC0B074B073-LeaderElection159] INFO  server.RaftServer$Division (ServerState.java:setLeader(272)) - 283db307-1259-4af7-a854-e925d39aa7b7@group-BEC0B074B073: change Leader from null to 283db307-1259-4af7-a854-e925d39aa7b7 at term 1 for becomeLeader, leader elected after 5047ms
2024-08-10 09:46:56,776 [283db307-1259-4af7-a854-e925d39aa7b7@group-BEC0B074B073-LeaderElection159] INFO  segmented.SegmentedRaftLogWorker (SegmentedRaftLogWorker.java:startLogSegment(433)) - 283db307-1259-4af7-a854-e925d39aa7b7@group-BEC0B074B073-SegmentedRaftLogWorker: Starting segment from index:0
2024-08-10 09:46:56,776 [283db307-1259-4af7-a854-e925d39aa7b7@group-BEC0B074B073-LeaderElection159] INFO  server.RaftServer$Division (ServerState.java:setRaftConf(386)) - 283db307-1259-4af7-a854-e925d39aa7b7@group-BEC0B074B073: set configuration conf: {index: 0, cur=peers:[283db307-1259-4af7-a854-e925d39aa7b7|127.0.0.1:15622]|listeners:[], old=null}
2024-08-10 09:46:56,776 [283db307-1259-4af7-a854-e925d39aa7b7@group-BEC0B074B073-SegmentedRaftLogWorker] INFO  segmented.BufferedWriteChannel (BufferedWriteChannel.java:open(61)) - open log_inprogress_0 at position 0
2024-08-10 09:46:56,785 [283db307-1259-4af7-a854-e925d39aa7b7@group-BEC0B074B073-SegmentedRaftLogWorker] INFO  segmented.SegmentedRaftLogWorker (SegmentedRaftLogWorker.java:execute(637)) - 283db307-1259-4af7-a854-e925d39aa7b7@group-BEC0B074B073-SegmentedRaftLogWorker: created new log segment /home/runner/work/ozone/ozone/hadoop-ozone/integration-test/target/test-dir/MiniOzoneClusterImpl-25487c27-6224-40aa-b0ad-008c83bbb5f2/ozone-meta/datanode-4/ratis/51395f91-f202-479d-987a-bec0b074b073/current/log_inprogress_0
2024-08-10 09:46:56,787 [283db307-1259-4af7-a854-e925d39aa7b7@group-BEC0B074B073-StateMachineUpdater] INFO  server.RaftServer$Division (LeaderStateImpl.java:checkStartIndex(316)) - Leader 283db307-1259-4af7-a854-e925d39aa7b7@group-BEC0B074B073-LeaderStateImpl is ready since appliedIndex == startIndex == 0
2024-08-10 09:46:56,976 [main] INFO  ozone.MiniOzoneClusterImpl (MiniOzoneClusterImpl.java:lambda$waitForClusterToBeReady$0(198)) - Nodes are ready. Got 5 of 5 DN Heartbeats.
2024-08-10 09:46:56,976 [main] INFO  ozone.MiniOzoneClusterImpl (MiniOzoneClusterImpl.java:lambda$waitForClusterToBeReady$0(201)) - Cluster exits safe mode
2024-08-10 09:46:56,976 [main] INFO  ozone.MiniOzoneClusterImpl (MiniOzoneClusterImpl.java:lambda$waitForClusterToBeReady$0(203)) - SCM became leader
2024-08-10 09:46:56,980 [main] INFO  rpc.RpcClient (RpcClient.java:createVolume(474)) - Creating Volume: testblockoutputstream, with runner as owner and space quota set to -1 bytes, counts quota set to -1
2024-08-10 09:46:56,982 [om1-OMStateMachineApplyTransactionThread - 0] INFO  volume.OMVolumeCreateRequest (OMVolumeCreateRequest.java:validateAndUpdateCache(198)) - created volume:testblockoutputstream for user:runner
2024-08-10 09:46:56,983 [main] INFO  rpc.RpcClient (RpcClient.java:createBucket(700)) - Creating Bucket: testblockoutputstream/testblockoutputstream, with server-side default bucket layout, runner as owner, Versioning false, Storage Type set to DISK and Encryption set to false, Replication Type set to server-side default replication type, Namespace Quota set to -1, Space Quota set to -1 
2024-08-10 09:46:56,985 [om1-OMStateMachineApplyTransactionThread - 0] INFO  bucket.OMBucketCreateRequest (OMBucketCreateRequest.java:validateAndUpdateCache(293)) - created bucket: testblockoutputstream of layout FILE_SYSTEM_OPTIMIZED in volume: testblockoutputstream
2024-08-10 09:46:56,993 [IPC Server handler 1 on default port 15584] INFO  ha.SequenceIdGenerator (SequenceIdGenerator.java:getNextId(144)) - Allocate a batch for containerId, change lastId from 0 to 1000.
2024-08-10 09:46:56,994 [IPC Server handler 1 on default port 15584] WARN  ha.SequenceIdGenerator (SequenceIdGenerator.java:allocateBatch(257)) - Failed to allocate a batch for localId, expected lastId is 0, actual lastId is 113750153625600000.
2024-08-10 09:46:56,994 [IPC Server handler 1 on default port 15584] INFO  ha.SequenceIdGenerator (SequenceIdGenerator.java:getNextId(144)) - Allocate a batch for localId, change lastId from 113750153625600000 to 113750153625601000.
2024-08-10 09:46:56,998 [main] INFO  scm.XceiverClientRatis (XceiverClientRatis.java:<init>(140)) - WatchType ALL_COMMITTED. Majority 2, 
2024-08-10 09:46:57,157 [1eeb2d2d-0439-49d0-a133-80b3ae5cf383@group-54B30A8787BA-FollowerState] INFO  impl.FollowerState (FollowerState.java:run(144)) - 1eeb2d2d-0439-49d0-a133-80b3ae5cf383@group-54B30A8787BA-FollowerState: change to CANDIDATE, lastRpcElapsedTime:5175409916ns, electionTimeout:5175ms
2024-08-10 09:46:57,157 [1eeb2d2d-0439-49d0-a133-80b3ae5cf383@group-54B30A8787BA-FollowerState] INFO  impl.RoleInfo (RoleInfo.java:shutdownFollowerState(119)) - 1eeb2d2d-0439-49d0-a133-80b3ae5cf383: shutdown 1eeb2d2d-0439-49d0-a133-80b3ae5cf383@group-54B30A8787BA-FollowerState
2024-08-10 09:46:57,157 [1eeb2d2d-0439-49d0-a133-80b3ae5cf383@group-54B30A8787BA-FollowerState] INFO  server.RaftServer$Division (RaftServerImpl.java:setRole(376)) - 1eeb2d2d-0439-49d0-a133-80b3ae5cf383@group-54B30A8787BA: changes role from  FOLLOWER to CANDIDATE at term 0 for changeToCandidate
2024-08-10 09:46:57,157 [1eeb2d2d-0439-49d0-a133-80b3ae5cf383@group-54B30A8787BA-FollowerState] INFO  server.RaftServerConfigKeys (ConfUtils.java:logGet(46)) - raft.server.leaderelection.pre-vote = true (default)
2024-08-10 09:46:57,157 [1eeb2d2d-0439-49d0-a133-80b3ae5cf383@group-54B30A8787BA-FollowerState] INFO  impl.RoleInfo (RoleInfo.java:updateAndGet(148)) - 1eeb2d2d-0439-49d0-a133-80b3ae5cf383: start 1eeb2d2d-0439-49d0-a133-80b3ae5cf383@group-54B30A8787BA-LeaderElection160
2024-08-10 09:46:57,157 [1eeb2d2d-0439-49d0-a133-80b3ae5cf383@group-54B30A8787BA-LeaderElection160] INFO  impl.LeaderElection (LeaderElection.java:askForVotes(321)) - 1eeb2d2d-0439-49d0-a133-80b3ae5cf383@group-54B30A8787BA-LeaderElection160 PRE_VOTE round 0: submit vote requests at term 0 for conf: {index: -1, cur=peers:[1eeb2d2d-0439-49d0-a133-80b3ae5cf383|127.0.0.1:15631]|listeners:[], old=null}
2024-08-10 09:46:57,157 [1eeb2d2d-0439-49d0-a133-80b3ae5cf383@group-54B30A8787BA-LeaderElection160] INFO  impl.LeaderElection (LeaderElection.java:askForVotes(323)) - 1eeb2d2d-0439-49d0-a133-80b3ae5cf383@group-54B30A8787BA-LeaderElection160 PRE_VOTE round 0: result PASSED (term=0)
2024-08-10 09:46:57,158 [1eeb2d2d-0439-49d0-a133-80b3ae5cf383@group-54B30A8787BA-LeaderElection160] INFO  impl.LeaderElection (LeaderElection.java:askForVotes(321)) - 1eeb2d2d-0439-49d0-a133-80b3ae5cf383@group-54B30A8787BA-LeaderElection160 ELECTION round 0: submit vote requests at term 1 for conf: {index: -1, cur=peers:[1eeb2d2d-0439-49d0-a133-80b3ae5cf383|127.0.0.1:15631]|listeners:[], old=null}
2024-08-10 09:46:57,159 [1eeb2d2d-0439-49d0-a133-80b3ae5cf383@group-54B30A8787BA-LeaderElection160] INFO  impl.LeaderElection (LeaderElection.java:askForVotes(323)) - 1eeb2d2d-0439-49d0-a133-80b3ae5cf383@group-54B30A8787BA-LeaderElection160 ELECTION round 0: result PASSED (term=1)
2024-08-10 09:46:57,159 [1eeb2d2d-0439-49d0-a133-80b3ae5cf383@group-54B30A8787BA-LeaderElection160] INFO  impl.RoleInfo (RoleInfo.java:shutdownLeaderElection(139)) - 1eeb2d2d-0439-49d0-a133-80b3ae5cf383: shutdown 1eeb2d2d-0439-49d0-a133-80b3ae5cf383@group-54B30A8787BA-LeaderElection160
2024-08-10 09:46:57,159 [1eeb2d2d-0439-49d0-a133-80b3ae5cf383@group-54B30A8787BA-LeaderElection160] INFO  server.RaftServer$Division (RaftServerImpl.java:setRole(376)) - 1eeb2d2d-0439-49d0-a133-80b3ae5cf383@group-54B30A8787BA: changes role from CANDIDATE to LEADER at term 1 for changeToLeader
2024-08-10 09:46:57,159 [1eeb2d2d-0439-49d0-a133-80b3ae5cf383@group-54B30A8787BA-LeaderElection160] INFO  server.RaftServerConfigKeys (ConfUtils.java:logGet(46)) - raft.server.staging.catchup.gap = 1000 (default)
2024-08-10 09:46:57,159 [1eeb2d2d-0439-49d0-a133-80b3ae5cf383@group-54B30A8787BA-LeaderElection160] INFO  server.RaftServerConfigKeys (ConfUtils.java:logGet(46)) - raft.server.write.element-limit = 1024 (custom)
2024-08-10 09:46:57,159 [1eeb2d2d-0439-49d0-a133-80b3ae5cf383@group-54B30A8787BA-LeaderElection160] INFO  server.RaftServerConfigKeys (ConfUtils.java:logGet(46)) - raft.server.write.byte-limit = 1024 M (=1073741824) (custom)
2024-08-10 09:46:57,159 [1eeb2d2d-0439-49d0-a133-80b3ae5cf383@group-54B30A8787BA-LeaderElection160] INFO  server.RaftServerConfigKeys (ConfUtils.java:logGet(46)) - raft.server.watch.timeout = 3000ms (custom)
2024-08-10 09:46:57,159 [1eeb2d2d-0439-49d0-a133-80b3ae5cf383@group-54B30A8787BA-LeaderElection160] INFO  server.RaftServerConfigKeys (ConfUtils.java:logGet(46)) - raft.server.watch.timeout.denomination = 1s (default)
2024-08-10 09:46:57,159 [1eeb2d2d-0439-49d0-a133-80b3ae5cf383@group-54B30A8787BA-LeaderElection160] INFO  server.RaftServerConfigKeys (ConfUtils.java:logGet(46)) - raft.server.watch.element-limit = 65536 (default)
2024-08-10 09:46:57,160 [1eeb2d2d-0439-49d0-a133-80b3ae5cf383@group-54B30A8787BA-LeaderElection160] INFO  server.RaftServerConfigKeys (ConfUtils.java:logGet(46)) - raft.server.read.leader.lease.enabled = false (default)
2024-08-10 09:46:57,160 [1eeb2d2d-0439-49d0-a133-80b3ae5cf383@group-54B30A8787BA-LeaderElection160] INFO  server.RaftServerConfigKeys (ConfUtils.java:logGet(46)) - raft.server.read.leader.lease.timeout.ratio = 0.9 (default)
2024-08-10 09:46:57,160 [1eeb2d2d-0439-49d0-a133-80b3ae5cf383@group-54B30A8787BA-LeaderElection160] INFO  server.RaftServerConfigKeys (ConfUtils.java:logGet(46)) - raft.server.rpc.timeout.min = 5s (custom)
2024-08-10 09:46:57,160 [1eeb2d2d-0439-49d0-a133-80b3ae5cf383@group-54B30A8787BA-LeaderElection160] INFO  server.RaftServerConfigKeys (ConfUtils.java:logGet(46)) - raft.server.log.log-metadata.enabled = true (default)
2024-08-10 09:46:57,160 [1eeb2d2d-0439-49d0-a133-80b3ae5cf383@group-54B30A8787BA-LeaderElection160] INFO  server.RaftServerConfigKeys (ConfUtils.java:logGet(46)) - raft.server.write.element-limit = 1024 (custom)
2024-08-10 09:46:57,160 [1eeb2d2d-0439-49d0-a133-80b3ae5cf383@group-54B30A8787BA-LeaderElection160] INFO  server.RaftServerConfigKeys (ConfUtils.java:logGet(46)) - raft.server.write.follower.gap.ratio.max = -1.0 (default)
2024-08-10 09:46:57,160 [1eeb2d2d-0439-49d0-a133-80b3ae5cf383@group-54B30A8787BA-LeaderElection160] INFO  impl.RoleInfo (RoleInfo.java:updateAndGet(148)) - 1eeb2d2d-0439-49d0-a133-80b3ae5cf383: start 1eeb2d2d-0439-49d0-a133-80b3ae5cf383@group-54B30A8787BA-LeaderStateImpl
2024-08-10 09:46:57,160 [1eeb2d2d-0439-49d0-a133-80b3ae5cf383@group-54B30A8787BA-LeaderElection160] INFO  server.RaftServer$Division (RaftServerImpl.java:setFirstElection(549)) - 1eeb2d2d-0439-49d0-a133-80b3ae5cf383@group-54B30A8787BA: set firstElectionSinceStartup to false for becomeLeader
2024-08-10 09:46:57,160 [1eeb2d2d-0439-49d0-a133-80b3ae5cf383@group-54B30A8787BA-LeaderElection160] INFO  ratis.XceiverServerRatis (XceiverServerRatis.java:handleLeaderChangedNotification(947)) - Leader change notification received for group: group-54B30A8787BA with new leaderId: 1eeb2d2d-0439-49d0-a133-80b3ae5cf383
2024-08-10 09:46:57,161 [1eeb2d2d-0439-49d0-a133-80b3ae5cf383@group-54B30A8787BA-LeaderElection160] INFO  server.RaftServer$Division (ServerState.java:setLeader(272)) - 1eeb2d2d-0439-49d0-a133-80b3ae5cf383@group-54B30A8787BA: change Leader from null to 1eeb2d2d-0439-49d0-a133-80b3ae5cf383 at term 1 for becomeLeader, leader elected after 5189ms
2024-08-10 09:46:57,161 [1eeb2d2d-0439-49d0-a133-80b3ae5cf383@group-54B30A8787BA-LeaderElection160] INFO  segmented.SegmentedRaftLogWorker (SegmentedRaftLogWorker.java:startLogSegment(433)) - 1eeb2d2d-0439-49d0-a133-80b3ae5cf383@group-54B30A8787BA-SegmentedRaftLogWorker: Starting segment from index:0
2024-08-10 09:46:57,161 [1eeb2d2d-0439-49d0-a133-80b3ae5cf383@group-54B30A8787BA-LeaderElection160] INFO  server.RaftServer$Division (ServerState.java:setRaftConf(386)) - 1eeb2d2d-0439-49d0-a133-80b3ae5cf383@group-54B30A8787BA: set configuration conf: {index: 0, cur=peers:[1eeb2d2d-0439-49d0-a133-80b3ae5cf383|127.0.0.1:15631]|listeners:[], old=null}
2024-08-10 09:46:57,161 [1eeb2d2d-0439-49d0-a133-80b3ae5cf383@group-54B30A8787BA-SegmentedRaftLogWorker] INFO  segmented.BufferedWriteChannel (BufferedWriteChannel.java:open(61)) - open log_inprogress_0 at position 0
2024-08-10 09:46:57,170 [1eeb2d2d-0439-49d0-a133-80b3ae5cf383@group-54B30A8787BA-SegmentedRaftLogWorker] INFO  segmented.SegmentedRaftLogWorker (SegmentedRaftLogWorker.java:execute(637)) - 1eeb2d2d-0439-49d0-a133-80b3ae5cf383@group-54B30A8787BA-SegmentedRaftLogWorker: created new log segment /home/runner/work/ozone/ozone/hadoop-ozone/integration-test/target/test-dir/MiniOzoneClusterImpl-25487c27-6224-40aa-b0ad-008c83bbb5f2/ozone-meta/datanode-5/ratis/a42a1d7f-9952-428b-a89e-54b30a8787ba/current/log_inprogress_0
2024-08-10 09:46:57,172 [1eeb2d2d-0439-49d0-a133-80b3ae5cf383@group-54B30A8787BA-StateMachineUpdater] INFO  server.RaftServer$Division (LeaderStateImpl.java:checkStartIndex(316)) - Leader 1eeb2d2d-0439-49d0-a133-80b3ae5cf383@group-54B30A8787BA-LeaderStateImpl is ready since appliedIndex == startIndex == 0
2024-08-10 09:46:59,526 [EventQueue-CloseContainerForCloseContainerEventHandler] INFO  container.CloseContainerEventHandler (CloseContainerEventHandler.java:onMessage(88)) - Close container Event triggered for container : #1, current state: OPEN
2024-08-10 09:46:59,527 [EventQueue-CloseContainerForCloseContainerEventHandler] INFO  container.CloseContainerEventHandler (CloseContainerEventHandler.java:onMessage(88)) - Close container Event triggered for container : #1, current state: CLOSING
2024-08-10 09:46:59,527 [EventQueue-CloseContainerForCloseContainerEventHandler] INFO  container.CloseContainerEventHandler (CloseContainerEventHandler.java:onMessage(88)) - Close container Event triggered for container : #1, current state: CLOSING
2024-08-10 09:47:02,012 [280ba735-fec6-4a50-aa81-34035c985b11-CloseContainerThread-0] INFO  commandhandler.CloseContainerCommandHandler (CloseContainerCommandHandler.java:lambda$handle$0(154)) - Follower cannot close container #1.
2024-08-10 09:47:02,016 [d75f2dba-195c-437b-b62a-ed875b85e515-ContainerOp-4628381d-a692-444d-9810-b1a6f749b1c3-8] INFO  keyvalue.KeyValueContainer (KeyValueContainer.java:flushAndSyncDB(529)) - Container 1 is synced with bcsId 10.
2024-08-10 09:47:02,017 [d75f2dba-195c-437b-b62a-ed875b85e515-ContainerOp-4628381d-a692-444d-9810-b1a6f749b1c3-8] INFO  keyvalue.KeyValueContainer (KeyValueContainer.java:flushAndSyncDB(529)) - Container 1 is synced with bcsId 10.
2024-08-10 09:47:02,018 [280ba735-fec6-4a50-aa81-34035c985b11-ContainerOp-4628381d-a692-444d-9810-b1a6f749b1c3-8] INFO  keyvalue.KeyValueContainer (KeyValueContainer.java:flushAndSyncDB(529)) - Container 1 is synced with bcsId 10.
2024-08-10 09:47:02,018 [280ba735-fec6-4a50-aa81-34035c985b11-ContainerOp-4628381d-a692-444d-9810-b1a6f749b1c3-8] INFO  keyvalue.KeyValueContainer (KeyValueContainer.java:flushAndSyncDB(529)) - Container 1 is synced with bcsId 10.
2024-08-10 09:47:02,019 [c1014618-c100-4e2c-97d7-038e29b3cb29-ContainerOp-4628381d-a692-444d-9810-b1a6f749b1c3-8] INFO  keyvalue.KeyValueContainer (KeyValueContainer.java:flushAndSyncDB(529)) - Container 1 is synced with bcsId 10.
2024-08-10 09:47:02,020 [d75f2dba-195c-437b-b62a-ed875b85e515-ContainerOp-4628381d-a692-444d-9810-b1a6f749b1c3-8] INFO  keyvalue.KeyValueContainer (KeyValueContainer.java:close(444)) - Container 1 is closed with bcsId 10.
2024-08-10 09:47:02,020 [280ba735-fec6-4a50-aa81-34035c985b11-ContainerOp-4628381d-a692-444d-9810-b1a6f749b1c3-8] INFO  keyvalue.KeyValueContainer (KeyValueContainer.java:close(444)) - Container 1 is closed with bcsId 10.
2024-08-10 09:47:02,020 [c1014618-c100-4e2c-97d7-038e29b3cb29-ContainerOp-4628381d-a692-444d-9810-b1a6f749b1c3-8] INFO  keyvalue.KeyValueContainer (KeyValueContainer.java:flushAndSyncDB(529)) - Container 1 is synced with bcsId 10.
2024-08-10 09:47:02,021 [FixedThreadPoolWithAffinityExecutor-1-0] INFO  container.IncrementalContainerReportHandler (AbstractContainerReportHandler.java:updateContainerState(312)) - Moving container #1 to CLOSED state, datanode d75f2dba-195c-437b-b62a-ed875b85e515(localhost/127.0.0.1) reported CLOSED replica with index 0.
2024-08-10 09:47:02,023 [c1014618-c100-4e2c-97d7-038e29b3cb29-ContainerOp-4628381d-a692-444d-9810-b1a6f749b1c3-8] INFO  keyvalue.KeyValueContainer (KeyValueContainer.java:close(444)) - Container 1 is closed with bcsId 10.
09:47:02.027 [d75f2dba-195c-437b-b62a-ed875b85e515-client-thread1] ERROR DNAudit - user=null | ip=null | op=WRITE_CHUNK {blockData=conID: 1 locID: 113750153625600001 bcsId: 10 replicaIndex: 0, blockDataSize=100} | ret=FAILURE
org.apache.hadoop.hdds.scm.container.common.helpers.ContainerNotOpenException: Container 1 in CLOSED state
	at org.apache.hadoop.ozone.container.common.impl.HddsDispatcher.validateContainerCommand(HddsDispatcher.java:569) ~[hdds-container-service-1.5.0-SNAPSHOT.jar:?]
	at org.apache.hadoop.ozone.container.common.transport.server.ratis.ContainerStateMachine.startTransaction(ContainerStateMachine.java:418) ~[hdds-container-service-1.5.0-SNAPSHOT.jar:?]
	at org.apache.ratis.server.impl.RaftServerImpl.writeAsyncImpl(RaftServerImpl.java:975) ~[ratis-server-3.1.0.jar:3.1.0]
	at org.apache.ratis.server.impl.RaftServerImpl.writeAsync(RaftServerImpl.java:945) ~[ratis-server-3.1.0.jar:3.1.0]
	at org.apache.ratis.server.impl.RaftServerImpl.replyFuture(RaftServerImpl.java:937) ~[ratis-server-3.1.0.jar:3.1.0]
	at org.apache.ratis.server.impl.RaftServerImpl.submitClientRequestAsync(RaftServerImpl.java:912) ~[ratis-server-3.1.0.jar:3.1.0]
	at org.apache.ratis.server.impl.RaftServerImpl.lambda$executeSubmitClientRequestAsync$11(RaftServerImpl.java:893) ~[ratis-server-3.1.0.jar:3.1.0]
	at java.base/java.util.concurrent.CompletableFuture$AsyncSupply.run(CompletableFuture.java:1768) [?:?]
	at java.base/java.util.concurrent.ThreadPoolExecutor.runWorker(ThreadPoolExecutor.java:1136) [?:?]
	at java.base/java.util.concurrent.ThreadPoolExecutor$Worker.run(ThreadPoolExecutor.java:635) [?:?]
	at java.base/java.lang.Thread.run(Thread.java:840) [?:?]
2024-08-10 09:47:02,029 [grpc-default-executor-5] ERROR impl.OrderedAsync (OrderedAsync.java:lambda$send$4(181)) - Failed to send request, message=cmdType: WriteChunk
traceID: ""
containerID: 1
datanodeUuid: "d75f2dba-195c-437b-b62a-ed875b85e515"
writeChunk {
  blockID {
    containerID: 1
    localID: 113750153625600001
    blockCommitSequenceId: 10
    replicaIndex: 0
  }
  chunkData {
    chunkName: "113750153625600001_chunk_6"
    offset: 500
    len: 100
    checksumData {
      type: NONE
      bytesPerChecksum: 16384
    }
  }
}
version: 4
, data.size=100
java.util.concurrent.CompletionException: org.apache.ratis.protocol.exceptions.StateMachineException: org.apache.hadoop.hdds.scm.container.common.helpers.ContainerNotOpenException from Server d75f2dba-195c-437b-b62a-ed875b85e515@group-B1A6F749B1C3: Container 1 in CLOSED state
	at org.apache.ratis.client.impl.RaftClientImpl.handleRaftException(RaftClientImpl.java:373)
	at org.apache.ratis.client.impl.OrderedAsync.lambda$send$3(OrderedAsync.java:175)
	at java.base/java.util.concurrent.CompletableFuture$UniApply.tryFire(CompletableFuture.java:646)
	at java.base/java.util.concurrent.CompletableFuture.postComplete(CompletableFuture.java:510)
	at java.base/java.util.concurrent.CompletableFuture.complete(CompletableFuture.java:2147)
	at org.apache.ratis.client.impl.OrderedAsync$PendingOrderedRequest.setReply(OrderedAsync.java:105)
	at org.apache.ratis.client.impl.OrderedAsync$PendingOrderedRequest.setReply(OrderedAsync.java:66)
	at org.apache.ratis.util.SlidingWindow$RequestMap.setReply(SlidingWindow.java:147)
	at org.apache.ratis.util.SlidingWindow$Client.receiveReply(SlidingWindow.java:351)
	at org.apache.ratis.client.impl.OrderedAsync.lambda$sendRequestWithRetry$5(OrderedAsync.java:210)
	at java.base/java.util.concurrent.CompletableFuture$UniAccept.tryFire(CompletableFuture.java:718)
	at java.base/java.util.concurrent.CompletableFuture.postComplete(CompletableFuture.java:510)
	at java.base/java.util.concurrent.CompletableFuture.complete(CompletableFuture.java:2147)
	at org.apache.ratis.grpc.client.GrpcClientProtocolClient$AsyncStreamObservers$1.lambda$onNext$0(GrpcClientProtocolClient.java:322)
	at java.base/java.util.Optional.ifPresent(Optional.java:178)
	at org.apache.ratis.grpc.client.GrpcClientProtocolClient$AsyncStreamObservers.handleReplyFuture(GrpcClientProtocolClient.java:378)
	at org.apache.ratis.grpc.client.GrpcClientProtocolClient$AsyncStreamObservers.access$100(GrpcClientProtocolClient.java:300)
	at org.apache.ratis.grpc.client.GrpcClientProtocolClient$AsyncStreamObservers$1.onNext(GrpcClientProtocolClient.java:322)
	at org.apache.ratis.grpc.client.GrpcClientProtocolClient$AsyncStreamObservers$1.onNext(GrpcClientProtocolClient.java:305)
	at org.apache.ratis.thirdparty.io.grpc.stub.ClientCalls$StreamObserverToCallListenerAdapter.onMessage(ClientCalls.java:468)
	at org.apache.ratis.thirdparty.io.grpc.ForwardingClientCallListener.onMessage(ForwardingClientCallListener.java:33)
	at org.apache.ratis.thirdparty.io.grpc.internal.ClientCallImpl$ClientStreamListenerImpl$1MessagesAvailable.runInternal(ClientCallImpl.java:660)
	at org.apache.ratis.thirdparty.io.grpc.internal.ClientCallImpl$ClientStreamListenerImpl$1MessagesAvailable.runInContext(ClientCallImpl.java:647)
	at org.apache.ratis.thirdparty.io.grpc.internal.ContextRunnable.run(ContextRunnable.java:37)
	at org.apache.ratis.thirdparty.io.grpc.internal.SerializingExecutor.run(SerializingExecutor.java:133)
	at java.base/java.util.concurrent.ThreadPoolExecutor.runWorker(ThreadPoolExecutor.java:1136)
	at java.base/java.util.concurrent.ThreadPoolExecutor$Worker.run(ThreadPoolExecutor.java:635)
	at java.base/java.lang.Thread.run(Thread.java:840)
Caused by: org.apache.ratis.protocol.exceptions.StateMachineException: org.apache.hadoop.hdds.scm.container.common.helpers.ContainerNotOpenException from Server d75f2dba-195c-437b-b62a-ed875b85e515@group-B1A6F749B1C3: Container 1 in CLOSED state
	at org.apache.hadoop.ozone.container.common.impl.HddsDispatcher.validateContainerCommand(HddsDispatcher.java:569)
	at org.apache.hadoop.ozone.container.common.transport.server.ratis.ContainerStateMachine.startTransaction(ContainerStateMachine.java:418)
	at org.apache.ratis.server.impl.RaftServerImpl.writeAsyncImpl(RaftServerImpl.java:975)
	at org.apache.ratis.server.impl.RaftServerImpl.writeAsync(RaftServerImpl.java:945)
	at org.apache.ratis.server.impl.RaftServerImpl.replyFuture(RaftServerImpl.java:937)
	at org.apache.ratis.server.impl.RaftServerImpl.submitClientRequestAsync(RaftServerImpl.java:912)
	at org.apache.ratis.server.impl.RaftServerImpl.lambda$executeSubmitClientRequestAsync$11(RaftServerImpl.java:893)
	at java.base/java.util.concurrent.CompletableFuture$AsyncSupply.run(CompletableFuture.java:1768)
	... 3 more
Caused by: org.apache.hadoop.hdds.scm.container.common.helpers.ContainerNotOpenException: Container 1 in CLOSED state
	at jdk.internal.reflect.GeneratedConstructorAccessor90.newInstance(Unknown Source)
	at java.base/jdk.internal.reflect.DelegatingConstructorAccessorImpl.newInstance(DelegatingConstructorAccessorImpl.java:45)
	at java.base/java.lang.reflect.Constructor.newInstanceWithCaller(Constructor.java:500)
	at java.base/java.lang.reflect.Constructor.newInstance(Constructor.java:481)
	at org.apache.ratis.util.ReflectionUtils.instantiateException(ReflectionUtils.java:259)
	at org.apache.ratis.client.impl.ClientProtoUtils.toStateMachineException(ClientProtoUtils.java:451)
	at org.apache.ratis.client.impl.ClientProtoUtils.toStateMachineException(ClientProtoUtils.java:437)
	at org.apache.ratis.client.impl.ClientProtoUtils.toRaftClientReply(ClientProtoUtils.java:404)
	at org.apache.ratis.grpc.client.GrpcClientProtocolClient$AsyncStreamObservers$1.onNext(GrpcClientProtocolClient.java:310)
	at org.apache.ratis.grpc.client.GrpcClientProtocolClient$AsyncStreamObservers$1.onNext(GrpcClientProtocolClient.java:305)
	at org.apache.ratis.thirdparty.io.grpc.stub.ClientCalls$StreamObserverToCallListenerAdapter.onMessage(ClientCalls.java:468)
	at org.apache.ratis.thirdparty.io.grpc.ForwardingClientCallListener.onMessage(ForwardingClientCallListener.java:33)
	at org.apache.ratis.thirdparty.io.grpc.internal.ClientCallImpl$ClientStreamListenerImpl$1MessagesAvailable.runInternal(ClientCallImpl.java:660)
	at org.apache.ratis.thirdparty.io.grpc.internal.ClientCallImpl$ClientStreamListenerImpl$1MessagesAvailable.runInContext(ClientCallImpl.java:647)
	at org.apache.ratis.thirdparty.io.grpc.internal.ContextRunnable.run(ContextRunnable.java:37)
	at org.apache.ratis.thirdparty.io.grpc.internal.SerializingExecutor.run(SerializingExecutor.java:133)
	... 3 more
09:47:02.030 [d75f2dba-195c-437b-b62a-ed875b85e515-client-thread1] ERROR DNAudit - user=null | ip=null | op=WRITE_CHUNK {blockData=conID: 1 locID: 113750153625600001 bcsId: 10 replicaIndex: 0, blockDataSize=100} | ret=FAILURE
org.apache.hadoop.hdds.scm.container.common.helpers.ContainerNotOpenException: Container 1 in CLOSED state
	at org.apache.hadoop.ozone.container.common.impl.HddsDispatcher.validateContainerCommand(HddsDispatcher.java:569) ~[hdds-container-service-1.5.0-SNAPSHOT.jar:?]
	at org.apache.hadoop.ozone.container.common.transport.server.ratis.ContainerStateMachine.startTransaction(ContainerStateMachine.java:418) ~[hdds-container-service-1.5.0-SNAPSHOT.jar:?]
	at org.apache.ratis.server.impl.RaftServerImpl.writeAsyncImpl(RaftServerImpl.java:975) ~[ratis-server-3.1.0.jar:3.1.0]
	at org.apache.ratis.server.impl.RaftServerImpl.writeAsync(RaftServerImpl.java:945) ~[ratis-server-3.1.0.jar:3.1.0]
	at org.apache.ratis.server.impl.RaftServerImpl.replyFuture(RaftServerImpl.java:937) ~[ratis-server-3.1.0.jar:3.1.0]
	at org.apache.ratis.server.impl.RaftServerImpl.submitClientRequestAsync(RaftServerImpl.java:912) ~[ratis-server-3.1.0.jar:3.1.0]
	at org.apache.ratis.server.impl.RaftServerImpl.lambda$executeSubmitClientRequestAsync$11(RaftServerImpl.java:893) ~[ratis-server-3.1.0.jar:3.1.0]
	at java.base/java.util.concurrent.CompletableFuture$AsyncSupply.run(CompletableFuture.java:1768) [?:?]
	at java.base/java.util.concurrent.ThreadPoolExecutor.runWorker(ThreadPoolExecutor.java:1136) [?:?]
	at java.base/java.util.concurrent.ThreadPoolExecutor$Worker.run(ThreadPoolExecutor.java:635) [?:?]
	at java.base/java.lang.Thread.run(Thread.java:840) [?:?]
09:47:02.030 [d75f2dba-195c-437b-b62a-ed875b85e515-client-thread1] ERROR DNAudit - user=null | ip=null | op=PUT_BLOCK {blockData=[blockId=conID: 1 locID: 113750153625600001 bcsId: 0 replicaIndex: null, size=700]} | ret=FAILURE
org.apache.hadoop.hdds.scm.container.common.helpers.ContainerNotOpenException: Container 1 in CLOSED state
	at org.apache.hadoop.ozone.container.common.impl.HddsDispatcher.validateContainerCommand(HddsDispatcher.java:569) ~[hdds-container-service-1.5.0-SNAPSHOT.jar:?]
	at org.apache.hadoop.ozone.container.common.transport.server.ratis.ContainerStateMachine.startTransaction(ContainerStateMachine.java:418) ~[hdds-container-service-1.5.0-SNAPSHOT.jar:?]
	at org.apache.ratis.server.impl.RaftServerImpl.writeAsyncImpl(RaftServerImpl.java:975) ~[ratis-server-3.1.0.jar:3.1.0]
	at org.apache.ratis.server.impl.RaftServerImpl.writeAsync(RaftServerImpl.java:945) ~[ratis-server-3.1.0.jar:3.1.0]
	at org.apache.ratis.server.impl.RaftServerImpl.replyFuture(RaftServerImpl.java:937) ~[ratis-server-3.1.0.jar:3.1.0]
	at org.apache.ratis.server.impl.RaftServerImpl.submitClientRequestAsync(RaftServerImpl.java:912) ~[ratis-server-3.1.0.jar:3.1.0]
	at org.apache.ratis.server.impl.RaftServerImpl.lambda$executeSubmitClientRequestAsync$11(RaftServerImpl.java:893) ~[ratis-server-3.1.0.jar:3.1.0]
	at java.base/java.util.concurrent.CompletableFuture$AsyncSupply.run(CompletableFuture.java:1768) [?:?]
	at java.base/java.util.concurrent.ThreadPoolExecutor.runWorker(ThreadPoolExecutor.java:1136) [?:?]
	at java.base/java.util.concurrent.ThreadPoolExecutor$Worker.run(ThreadPoolExecutor.java:635) [?:?]
	at java.base/java.lang.Thread.run(Thread.java:840) [?:?]
09:47:02.032 [d75f2dba-195c-437b-b62a-ed875b85e515-client-thread1] ERROR DNAudit - user=null | ip=null | op=WRITE_CHUNK {blockData=conID: 1 locID: 113750153625600001 bcsId: 10 replicaIndex: 0, blockDataSize=100} | ret=FAILURE
org.apache.hadoop.hdds.scm.container.common.helpers.ContainerNotOpenException: Container 1 in CLOSED state
	at org.apache.hadoop.ozone.container.common.impl.HddsDispatcher.validateContainerCommand(HddsDispatcher.java:569) ~[hdds-container-service-1.5.0-SNAPSHOT.jar:?]
	at org.apache.hadoop.ozone.container.common.transport.server.ratis.ContainerStateMachine.startTransaction(ContainerStateMachine.java:418) ~[hdds-container-service-1.5.0-SNAPSHOT.jar:?]
	at org.apache.ratis.server.impl.RaftServerImpl.writeAsyncImpl(RaftServerImpl.java:975) ~[ratis-server-3.1.0.jar:3.1.0]
	at org.apache.ratis.server.impl.RaftServerImpl.writeAsync(RaftServerImpl.java:945) ~[ratis-server-3.1.0.jar:3.1.0]
	at org.apache.ratis.server.impl.RaftServerImpl.replyFuture(RaftServerImpl.java:937) ~[ratis-server-3.1.0.jar:3.1.0]
	at org.apache.ratis.server.impl.RaftServerImpl.submitClientRequestAsync(RaftServerImpl.java:912) ~[ratis-server-3.1.0.jar:3.1.0]
	at org.apache.ratis.server.impl.RaftServerImpl.lambda$executeSubmitClientRequestAsync$11(RaftServerImpl.java:893) ~[ratis-server-3.1.0.jar:3.1.0]
	at java.base/java.util.concurrent.CompletableFuture$AsyncSupply.run(CompletableFuture.java:1768) [?:?]
	at java.base/java.util.concurrent.ThreadPoolExecutor.runWorker(ThreadPoolExecutor.java:1136) [?:?]
	at java.base/java.util.concurrent.ThreadPoolExecutor$Worker.run(ThreadPoolExecutor.java:635) [?:?]
	at java.base/java.lang.Thread.run(Thread.java:840) [?:?]
09:47:02.033 [d75f2dba-195c-437b-b62a-ed875b85e515-client-thread1] ERROR DNAudit - user=null | ip=null | op=PUT_BLOCK {blockData=[blockId=conID: 1 locID: 113750153625600001 bcsId: 0 replicaIndex: null, size=800]} | ret=FAILURE
org.apache.hadoop.hdds.scm.container.common.helpers.ContainerNotOpenException: Container 1 in CLOSED state
	at org.apache.hadoop.ozone.container.common.impl.HddsDispatcher.validateContainerCommand(HddsDispatcher.java:569) ~[hdds-container-service-1.5.0-SNAPSHOT.jar:?]
	at org.apache.hadoop.ozone.container.common.transport.server.ratis.ContainerStateMachine.startTransaction(ContainerStateMachine.java:418) ~[hdds-container-service-1.5.0-SNAPSHOT.jar:?]
	at org.apache.ratis.server.impl.RaftServerImpl.writeAsyncImpl(RaftServerImpl.java:975) ~[ratis-server-3.1.0.jar:3.1.0]
	at org.apache.ratis.server.impl.RaftServerImpl.writeAsync(RaftServerImpl.java:945) ~[ratis-server-3.1.0.jar:3.1.0]
	at org.apache.ratis.server.impl.RaftServerImpl.replyFuture(RaftServerImpl.java:937) ~[ratis-server-3.1.0.jar:3.1.0]
	at org.apache.ratis.server.impl.RaftServerImpl.submitClientRequestAsync(RaftServerImpl.java:912) ~[ratis-server-3.1.0.jar:3.1.0]
	at org.apache.ratis.server.impl.RaftServerImpl.lambda$executeSubmitClientRequestAsync$11(RaftServerImpl.java:893) ~[ratis-server-3.1.0.jar:3.1.0]
	at java.base/java.util.concurrent.CompletableFuture$AsyncSupply.run(CompletableFuture.java:1768) [?:?]
	at java.base/java.util.concurrent.ThreadPoolExecutor.runWorker(ThreadPoolExecutor.java:1136) [?:?]
	at java.base/java.util.concurrent.ThreadPoolExecutor$Worker.run(ThreadPoolExecutor.java:635) [?:?]
	at java.base/java.lang.Thread.run(Thread.java:840) [?:?]
2024-08-10 09:47:02,034 [grpc-default-executor-4] ERROR impl.OrderedAsync (OrderedAsync.java:lambda$send$4(181)) - Failed to send request, message=cmdType: WriteChunk
traceID: ""
containerID: 1
datanodeUuid: "d75f2dba-195c-437b-b62a-ed875b85e515"
writeChunk {
  blockID {
    containerID: 1
    localID: 113750153625600001
    blockCommitSequenceId: 10
    replicaIndex: 0
  }
  chunkData {
    chunkName: "113750153625600001_chunk_7"
    offset: 600
    len: 100
    checksumData {
      type: NONE
      bytesPerChecksum: 16384
    }
  }
}
version: 4
, data.size=100
java.util.concurrent.CompletionException: org.apache.ratis.protocol.exceptions.StateMachineException: org.apache.hadoop.hdds.scm.container.common.helpers.ContainerNotOpenException from Server d75f2dba-195c-437b-b62a-ed875b85e515@group-B1A6F749B1C3: Container 1 in CLOSED state
	at org.apache.ratis.client.impl.RaftClientImpl.handleRaftException(RaftClientImpl.java:373)
	at org.apache.ratis.client.impl.OrderedAsync.lambda$send$3(OrderedAsync.java:175)
	at java.base/java.util.concurrent.CompletableFuture$UniApply.tryFire(CompletableFuture.java:646)
	at java.base/java.util.concurrent.CompletableFuture.postComplete(CompletableFuture.java:510)
	at java.base/java.util.concurrent.CompletableFuture.complete(CompletableFuture.java:2147)
	at org.apache.ratis.client.impl.OrderedAsync$PendingOrderedRequest.setReply(OrderedAsync.java:105)
	at org.apache.ratis.client.impl.OrderedAsync$PendingOrderedRequest.setReply(OrderedAsync.java:66)
	at org.apache.ratis.util.SlidingWindow$RequestMap.setReply(SlidingWindow.java:147)
	at org.apache.ratis.util.SlidingWindow$Client.receiveReply(SlidingWindow.java:351)
	at org.apache.ratis.client.impl.OrderedAsync.lambda$sendRequestWithRetry$5(OrderedAsync.java:210)
	at java.base/java.util.concurrent.CompletableFuture$UniAccept.tryFire(CompletableFuture.java:718)
	at java.base/java.util.concurrent.CompletableFuture.postComplete(CompletableFuture.java:510)
	at java.base/java.util.concurrent.CompletableFuture.complete(CompletableFuture.java:2147)
	at org.apache.ratis.grpc.client.GrpcClientProtocolClient$AsyncStreamObservers$1.lambda$onNext$0(GrpcClientProtocolClient.java:322)
	at java.base/java.util.Optional.ifPresent(Optional.java:178)
	at org.apache.ratis.grpc.client.GrpcClientProtocolClient$AsyncStreamObservers.handleReplyFuture(GrpcClientProtocolClient.java:378)
	at org.apache.ratis.grpc.client.GrpcClientProtocolClient$AsyncStreamObservers.access$100(GrpcClientProtocolClient.java:300)
	at org.apache.ratis.grpc.client.GrpcClientProtocolClient$AsyncStreamObservers$1.onNext(GrpcClientProtocolClient.java:322)
	at org.apache.ratis.grpc.client.GrpcClientProtocolClient$AsyncStreamObservers$1.onNext(GrpcClientProtocolClient.java:305)
	at org.apache.ratis.thirdparty.io.grpc.stub.ClientCalls$StreamObserverToCallListenerAdapter.onMessage(ClientCalls.java:468)
	at org.apache.ratis.thirdparty.io.grpc.ForwardingClientCallListener.onMessage(ForwardingClientCallListener.java:33)
	at org.apache.ratis.thirdparty.io.grpc.internal.ClientCallImpl$ClientStreamListenerImpl$1MessagesAvailable.runInternal(ClientCallImpl.java:660)
	at org.apache.ratis.thirdparty.io.grpc.internal.ClientCallImpl$ClientStreamListenerImpl$1MessagesAvailable.runInContext(ClientCallImpl.java:647)
	at org.apache.ratis.thirdparty.io.grpc.internal.ContextRunnable.run(ContextRunnable.java:37)
	at org.apache.ratis.thirdparty.io.grpc.internal.SerializingExecutor.run(SerializingExecutor.java:133)
	at java.base/java.util.concurrent.ThreadPoolExecutor.runWorker(ThreadPoolExecutor.java:1136)
	at java.base/java.util.concurrent.ThreadPoolExecutor$Worker.run(ThreadPoolExecutor.java:635)
	at java.base/java.lang.Thread.run(Thread.java:840)
Caused by: org.apache.ratis.protocol.exceptions.StateMachineException: org.apache.hadoop.hdds.scm.container.common.helpers.ContainerNotOpenException from Server d75f2dba-195c-437b-b62a-ed875b85e515@group-B1A6F749B1C3: Container 1 in CLOSED state
	at org.apache.hadoop.ozone.container.common.impl.HddsDispatcher.validateContainerCommand(HddsDispatcher.java:569)
	at org.apache.hadoop.ozone.container.common.transport.server.ratis.ContainerStateMachine.startTransaction(ContainerStateMachine.java:418)
	at org.apache.ratis.server.impl.RaftServerImpl.writeAsyncImpl(RaftServerImpl.java:975)
	at org.apache.ratis.server.impl.RaftServerImpl.writeAsync(RaftServerImpl.java:945)
	at org.apache.ratis.server.impl.RaftServerImpl.replyFuture(RaftServerImpl.java:937)
	at org.apache.ratis.server.impl.RaftServerImpl.submitClientRequestAsync(RaftServerImpl.java:912)
	at org.apache.ratis.server.impl.RaftServerImpl.lambda$executeSubmitClientRequestAsync$11(RaftServerImpl.java:893)
	at java.base/java.util.concurrent.CompletableFuture$AsyncSupply.run(CompletableFuture.java:1768)
	... 3 more
Caused by: org.apache.hadoop.hdds.scm.container.common.helpers.ContainerNotOpenException: Container 1 in CLOSED state
	at jdk.internal.reflect.GeneratedConstructorAccessor90.newInstance(Unknown Source)
	at java.base/jdk.internal.reflect.DelegatingConstructorAccessorImpl.newInstance(DelegatingConstructorAccessorImpl.java:45)
	at java.base/java.lang.reflect.Constructor.newInstanceWithCaller(Constructor.java:500)
	at java.base/java.lang.reflect.Constructor.newInstance(Constructor.java:481)
	at org.apache.ratis.util.ReflectionUtils.instantiateException(ReflectionUtils.java:259)
	at org.apache.ratis.client.impl.ClientProtoUtils.toStateMachineException(ClientProtoUtils.java:451)
	at org.apache.ratis.client.impl.ClientProtoUtils.toStateMachineException(ClientProtoUtils.java:437)
	at org.apache.ratis.client.impl.ClientProtoUtils.toRaftClientReply(ClientProtoUtils.java:404)
	at org.apache.ratis.grpc.client.GrpcClientProtocolClient$AsyncStreamObservers$1.onNext(GrpcClientProtocolClient.java:310)
	at org.apache.ratis.grpc.client.GrpcClientProtocolClient$AsyncStreamObservers$1.onNext(GrpcClientProtocolClient.java:305)
	at org.apache.ratis.thirdparty.io.grpc.stub.ClientCalls$StreamObserverToCallListenerAdapter.onMessage(ClientCalls.java:468)
	at org.apache.ratis.thirdparty.io.grpc.ForwardingClientCallListener.onMessage(ForwardingClientCallListener.java:33)
	at org.apache.ratis.thirdparty.io.grpc.internal.ClientCallImpl$ClientStreamListenerImpl$1MessagesAvailable.runInternal(ClientCallImpl.java:660)
	at org.apache.ratis.thirdparty.io.grpc.internal.ClientCallImpl$ClientStreamListenerImpl$1MessagesAvailable.runInContext(ClientCallImpl.java:647)
	at org.apache.ratis.thirdparty.io.grpc.internal.ContextRunnable.run(ContextRunnable.java:37)
	at org.apache.ratis.thirdparty.io.grpc.internal.SerializingExecutor.run(SerializingExecutor.java:133)
	... 3 more
2024-08-10 09:47:02,034 [grpc-default-executor-4] ERROR impl.OrderedAsync (OrderedAsync.java:lambda$send$4(181)) - Failed to send request, message=cmdType: PutBlock
traceID: ""
containerID: 1
datanodeUuid: "d75f2dba-195c-437b-b62a-ed875b85e515"
putBlock {
  blockData {
    blockID {
      containerID: 1
      localID: 113750153625600001
      blockCommitSequenceId: 0
    }
    metadata {
      key: "TYPE"
      value: "KEY"
    }
    chunks {
      chunkName: "113750153625600001_chunk_1"
      offset: 0
      len: 100
      checksumData {
        type: NONE
        bytesPerChecksum: 16384
      }
    }
    chunks {
      chunkName: "113750153625600001_chunk_2"
      offset: 100
      len: 100
      checksumData {
        type: NONE
        bytesPerChecksum: 16384
      }
    }
    chunks {
      chunkName: "113750153625600001_chunk_3"
      offset: 200
      len: 100
      checksumData {
        type: NONE
        bytesPerChecksum: 16384
      }
    }
    chunks {
      chunkName: "113750153625600001_chunk_4"
      offset: 300
      len: 100
      checksumData {
        type: NONE
        bytesPerChecksum: 16384
      }
    }
    chunks {
      chunkName: "113750153625600001_chunk_5"
      offset: 400
      len: 100
      checksumData {
        type: NONE
        bytesPerChecksum: 16384
      }
    }
    chunks {
      chunkName: "113750153625600001_chunk_6"
      offset: 500
      len: 100
      checksumData {
        type: NONE
        bytesPerChecksum: 16384
      }
    }
    chunks {
      chunkName: "113750153625600001_chunk_7"
      offset: 600
      len: 100
      checksumData {
        type: NONE
        bytesPerChecksum: 16384
      }
    }
  }
  eof: false
}
version: 4
, data.size=0
java.util.concurrent.CompletionException: org.apache.ratis.protocol.exceptions.StateMachineException: org.apache.hadoop.hdds.scm.container.common.helpers.ContainerNotOpenException from Server d75f2dba-195c-437b-b62a-ed875b85e515@group-B1A6F749B1C3: Container 1 in CLOSED state
	at org.apache.ratis.client.impl.RaftClientImpl.handleRaftException(RaftClientImpl.java:373)
	at org.apache.ratis.client.impl.OrderedAsync.lambda$send$3(OrderedAsync.java:175)
	at java.base/java.util.concurrent.CompletableFuture$UniApply.tryFire(CompletableFuture.java:646)
	at java.base/java.util.concurrent.CompletableFuture.postComplete(CompletableFuture.java:510)
	at java.base/java.util.concurrent.CompletableFuture.complete(CompletableFuture.java:2147)
	at org.apache.ratis.client.impl.OrderedAsync$PendingOrderedRequest.setReply(OrderedAsync.java:105)
	at org.apache.ratis.client.impl.OrderedAsync$PendingOrderedRequest.setReply(OrderedAsync.java:66)
	at org.apache.ratis.util.SlidingWindow$RequestMap.setReply(SlidingWindow.java:147)
	at org.apache.ratis.util.SlidingWindow$Client.receiveReply(SlidingWindow.java:351)
	at org.apache.ratis.client.impl.OrderedAsync.lambda$sendRequestWithRetry$5(OrderedAsync.java:210)
	at java.base/java.util.concurrent.CompletableFuture$UniAccept.tryFire(CompletableFuture.java:718)
	at java.base/java.util.concurrent.CompletableFuture.postComplete(CompletableFuture.java:510)
	at java.base/java.util.concurrent.CompletableFuture.complete(CompletableFuture.java:2147)
	at org.apache.ratis.grpc.client.GrpcClientProtocolClient$AsyncStreamObservers$1.lambda$onNext$0(GrpcClientProtocolClient.java:322)
	at java.base/java.util.Optional.ifPresent(Optional.java:178)
	at org.apache.ratis.grpc.client.GrpcClientProtocolClient$AsyncStreamObservers.handleReplyFuture(GrpcClientProtocolClient.java:378)
	at org.apache.ratis.grpc.client.GrpcClientProtocolClient$AsyncStreamObservers.access$100(GrpcClientProtocolClient.java:300)
	at org.apache.ratis.grpc.client.GrpcClientProtocolClient$AsyncStreamObservers$1.onNext(GrpcClientProtocolClient.java:322)
	at org.apache.ratis.grpc.client.GrpcClientProtocolClient$AsyncStreamObservers$1.onNext(GrpcClientProtocolClient.java:305)
	at org.apache.ratis.thirdparty.io.grpc.stub.ClientCalls$StreamObserverToCallListenerAdapter.onMessage(ClientCalls.java:468)
	at org.apache.ratis.thirdparty.io.grpc.ForwardingClientCallListener.onMessage(ForwardingClientCallListener.java:33)
	at org.apache.ratis.thirdparty.io.grpc.internal.ClientCallImpl$ClientStreamListenerImpl$1MessagesAvailable.runInternal(ClientCallImpl.java:660)
	at org.apache.ratis.thirdparty.io.grpc.internal.ClientCallImpl$ClientStreamListenerImpl$1MessagesAvailable.runInContext(ClientCallImpl.java:647)
	at org.apache.ratis.thirdparty.io.grpc.internal.ContextRunnable.run(ContextRunnable.java:37)
	at org.apache.ratis.thirdparty.io.grpc.internal.SerializingExecutor.run(SerializingExecutor.java:133)
	at java.base/java.util.concurrent.ThreadPoolExecutor.runWorker(ThreadPoolExecutor.java:1136)
	at java.base/java.util.concurrent.ThreadPoolExecutor$Worker.run(ThreadPoolExecutor.java:635)
	at java.base/java.lang.Thread.run(Thread.java:840)
Caused by: org.apache.ratis.protocol.exceptions.StateMachineException: org.apache.hadoop.hdds.scm.container.common.helpers.ContainerNotOpenException from Server d75f2dba-195c-437b-b62a-ed875b85e515@group-B1A6F749B1C3: Container 1 in CLOSED state
	at org.apache.hadoop.ozone.container.common.impl.HddsDispatcher.validateContainerCommand(HddsDispatcher.java:569)
	at org.apache.hadoop.ozone.container.common.transport.server.ratis.ContainerStateMachine.startTransaction(ContainerStateMachine.java:418)
	at org.apache.ratis.server.impl.RaftServerImpl.writeAsyncImpl(RaftServerImpl.java:975)
	at org.apache.ratis.server.impl.RaftServerImpl.writeAsync(RaftServerImpl.java:945)
	at org.apache.ratis.server.impl.RaftServerImpl.replyFuture(RaftServerImpl.java:937)
	at org.apache.ratis.server.impl.RaftServerImpl.submitClientRequestAsync(RaftServerImpl.java:912)
	at org.apache.ratis.server.impl.RaftServerImpl.lambda$executeSubmitClientRequestAsync$11(RaftServerImpl.java:893)
	at java.base/java.util.concurrent.CompletableFuture$AsyncSupply.run(CompletableFuture.java:1768)
	... 3 more
Caused by: org.apache.hadoop.hdds.scm.container.common.helpers.ContainerNotOpenException: Container 1 in CLOSED state
	at jdk.internal.reflect.GeneratedConstructorAccessor90.newInstance(Unknown Source)
	at java.base/jdk.internal.reflect.DelegatingConstructorAccessorImpl.newInstance(DelegatingConstructorAccessorImpl.java:45)
	at java.base/java.lang.reflect.Constructor.newInstanceWithCaller(Constructor.java:500)
	at java.base/java.lang.reflect.Constructor.newInstance(Constructor.java:481)
	at org.apache.ratis.util.ReflectionUtils.instantiateException(ReflectionUtils.java:259)
	at org.apache.ratis.client.impl.ClientProtoUtils.toStateMachineException(ClientProtoUtils.java:451)
	at org.apache.ratis.client.impl.ClientProtoUtils.toStateMachineException(ClientProtoUtils.java:437)
	at org.apache.ratis.client.impl.ClientProtoUtils.toRaftClientReply(ClientProtoUtils.java:404)
	at org.apache.ratis.grpc.client.GrpcClientProtocolClient$AsyncStreamObservers$1.onNext(GrpcClientProtocolClient.java:310)
	at org.apache.ratis.grpc.client.GrpcClientProtocolClient$AsyncStreamObservers$1.onNext(GrpcClientProtocolClient.java:305)
	at org.apache.ratis.thirdparty.io.grpc.stub.ClientCalls$StreamObserverToCallListenerAdapter.onMessage(ClientCalls.java:468)
	at org.apache.ratis.thirdparty.io.grpc.ForwardingClientCallListener.onMessage(ForwardingClientCallListener.java:33)
	at org.apache.ratis.thirdparty.io.grpc.internal.ClientCallImpl$ClientStreamListenerImpl$1MessagesAvailable.runInternal(ClientCallImpl.java:660)
	at org.apache.ratis.thirdparty.io.grpc.internal.ClientCallImpl$ClientStreamListenerImpl$1MessagesAvailable.runInContext(ClientCallImpl.java:647)
	at org.apache.ratis.thirdparty.io.grpc.internal.ContextRunnable.run(ContextRunnable.java:37)
	at org.apache.ratis.thirdparty.io.grpc.internal.SerializingExecutor.run(SerializingExecutor.java:133)
	... 3 more
2024-08-10 09:47:02,035 [grpc-default-executor-4] ERROR impl.OrderedAsync (OrderedAsync.java:lambda$send$4(181)) - Failed to send request, message=cmdType: WriteChunk
traceID: ""
containerID: 1
datanodeUuid: "d75f2dba-195c-437b-b62a-ed875b85e515"
writeChunk {
  blockID {
    containerID: 1
    localID: 113750153625600001
    blockCommitSequenceId: 10
    replicaIndex: 0
  }
  chunkData {
    chunkName: "113750153625600001_chunk_8"
    offset: 700
    len: 100
    checksumData {
      type: NONE
      bytesPerChecksum: 16384
    }
  }
}
version: 4
, data.size=100
java.util.concurrent.CompletionException: org.apache.ratis.protocol.exceptions.StateMachineException: org.apache.hadoop.hdds.scm.container.common.helpers.ContainerNotOpenException from Server d75f2dba-195c-437b-b62a-ed875b85e515@group-B1A6F749B1C3: Container 1 in CLOSED state
	at org.apache.ratis.client.impl.RaftClientImpl.handleRaftException(RaftClientImpl.java:373)
	at org.apache.ratis.client.impl.OrderedAsync.lambda$send$3(OrderedAsync.java:175)
	at java.base/java.util.concurrent.CompletableFuture$UniApply.tryFire(CompletableFuture.java:646)
	at java.base/java.util.concurrent.CompletableFuture.postComplete(CompletableFuture.java:510)
	at java.base/java.util.concurrent.CompletableFuture.complete(CompletableFuture.java:2147)
	at org.apache.ratis.client.impl.OrderedAsync$PendingOrderedRequest.setReply(OrderedAsync.java:105)
	at org.apache.ratis.client.impl.OrderedAsync$PendingOrderedRequest.setReply(OrderedAsync.java:66)
	at org.apache.ratis.util.SlidingWindow$RequestMap.setReply(SlidingWindow.java:147)
	at org.apache.ratis.util.SlidingWindow$Client.receiveReply(SlidingWindow.java:351)
	at org.apache.ratis.client.impl.OrderedAsync.lambda$sendRequestWithRetry$5(OrderedAsync.java:210)
	at java.base/java.util.concurrent.CompletableFuture$UniAccept.tryFire(CompletableFuture.java:718)
	at java.base/java.util.concurrent.CompletableFuture.postComplete(CompletableFuture.java:510)
	at java.base/java.util.concurrent.CompletableFuture.complete(CompletableFuture.java:2147)
	at org.apache.ratis.grpc.client.GrpcClientProtocolClient$AsyncStreamObservers$1.lambda$onNext$0(GrpcClientProtocolClient.java:322)
	at java.base/java.util.Optional.ifPresent(Optional.java:178)
	at org.apache.ratis.grpc.client.GrpcClientProtocolClient$AsyncStreamObservers.handleReplyFuture(GrpcClientProtocolClient.java:378)
	at org.apache.ratis.grpc.client.GrpcClientProtocolClient$AsyncStreamObservers.access$100(GrpcClientProtocolClient.java:300)
	at org.apache.ratis.grpc.client.GrpcClientProtocolClient$AsyncStreamObservers$1.onNext(GrpcClientProtocolClient.java:322)
	at org.apache.ratis.grpc.client.GrpcClientProtocolClient$AsyncStreamObservers$1.onNext(GrpcClientProtocolClient.java:305)
	at org.apache.ratis.thirdparty.io.grpc.stub.ClientCalls$StreamObserverToCallListenerAdapter.onMessage(ClientCalls.java:468)
	at org.apache.ratis.thirdparty.io.grpc.ForwardingClientCallListener.onMessage(ForwardingClientCallListener.java:33)
	at org.apache.ratis.thirdparty.io.grpc.internal.ClientCallImpl$ClientStreamListenerImpl$1MessagesAvailable.runInternal(ClientCallImpl.java:660)
	at org.apache.ratis.thirdparty.io.grpc.internal.ClientCallImpl$ClientStreamListenerImpl$1MessagesAvailable.runInContext(ClientCallImpl.java:647)
	at org.apache.ratis.thirdparty.io.grpc.internal.ContextRunnable.run(ContextRunnable.java:37)
	at org.apache.ratis.thirdparty.io.grpc.internal.SerializingExecutor.run(SerializingExecutor.java:133)
	at java.base/java.util.concurrent.ThreadPoolExecutor.runWorker(ThreadPoolExecutor.java:1136)
	at java.base/java.util.concurrent.ThreadPoolExecutor$Worker.run(ThreadPoolExecutor.java:635)
	at java.base/java.lang.Thread.run(Thread.java:840)
Caused by: org.apache.ratis.protocol.exceptions.StateMachineException: org.apache.hadoop.hdds.scm.container.common.helpers.ContainerNotOpenException from Server d75f2dba-195c-437b-b62a-ed875b85e515@group-B1A6F749B1C3: Container 1 in CLOSED state
	at org.apache.hadoop.ozone.container.common.impl.HddsDispatcher.validateContainerCommand(HddsDispatcher.java:569)
	at org.apache.hadoop.ozone.container.common.transport.server.ratis.ContainerStateMachine.startTransaction(ContainerStateMachine.java:418)
	at org.apache.ratis.server.impl.RaftServerImpl.writeAsyncImpl(RaftServerImpl.java:975)
	at org.apache.ratis.server.impl.RaftServerImpl.writeAsync(RaftServerImpl.java:945)
	at org.apache.ratis.server.impl.RaftServerImpl.replyFuture(RaftServerImpl.java:937)
	at org.apache.ratis.server.impl.RaftServerImpl.submitClientRequestAsync(RaftServerImpl.java:912)
	at org.apache.ratis.server.impl.RaftServerImpl.lambda$executeSubmitClientRequestAsync$11(RaftServerImpl.java:893)
	at java.base/java.util.concurrent.CompletableFuture$AsyncSupply.run(CompletableFuture.java:1768)
	... 3 more
Caused by: org.apache.hadoop.hdds.scm.container.common.helpers.ContainerNotOpenException: Container 1 in CLOSED state
	at jdk.internal.reflect.GeneratedConstructorAccessor90.newInstance(Unknown Source)
	at java.base/jdk.internal.reflect.DelegatingConstructorAccessorImpl.newInstance(DelegatingConstructorAccessorImpl.java:45)
	at java.base/java.lang.reflect.Constructor.newInstanceWithCaller(Constructor.java:500)
	at java.base/java.lang.reflect.Constructor.newInstance(Constructor.java:481)
	at org.apache.ratis.util.ReflectionUtils.instantiateException(ReflectionUtils.java:259)
	at org.apache.ratis.client.impl.ClientProtoUtils.toStateMachineException(ClientProtoUtils.java:451)
	at org.apache.ratis.client.impl.ClientProtoUtils.toStateMachineException(ClientProtoUtils.java:437)
	at org.apache.ratis.client.impl.ClientProtoUtils.toRaftClientReply(ClientProtoUtils.java:404)
	at org.apache.ratis.grpc.client.GrpcClientProtocolClient$AsyncStreamObservers$1.onNext(GrpcClientProtocolClient.java:310)
	at org.apache.ratis.grpc.client.GrpcClientProtocolClient$AsyncStreamObservers$1.onNext(GrpcClientProtocolClient.java:305)
	at org.apache.ratis.thirdparty.io.grpc.stub.ClientCalls$StreamObserverToCallListenerAdapter.onMessage(ClientCalls.java:468)
	at org.apache.ratis.thirdparty.io.grpc.ForwardingClientCallListener.onMessage(ForwardingClientCallListener.java:33)
	at org.apache.ratis.thirdparty.io.grpc.internal.ClientCallImpl$ClientStreamListenerImpl$1MessagesAvailable.runInternal(ClientCallImpl.java:660)
	at org.apache.ratis.thirdparty.io.grpc.internal.ClientCallImpl$ClientStreamListenerImpl$1MessagesAvailable.runInContext(ClientCallImpl.java:647)
	at org.apache.ratis.thirdparty.io.grpc.internal.ContextRunnable.run(ContextRunnable.java:37)
	at org.apache.ratis.thirdparty.io.grpc.internal.SerializingExecutor.run(SerializingExecutor.java:133)
	... 3 more
2024-08-10 09:47:02,036 [grpc-default-executor-4] ERROR impl.OrderedAsync (OrderedAsync.java:lambda$send$4(181)) - Failed to send request, message=cmdType: PutBlock
traceID: ""
containerID: 1
datanodeUuid: "d75f2dba-195c-437b-b62a-ed875b85e515"
putBlock {
  blockData {
    blockID {
      containerID: 1
      localID: 113750153625600001
      blockCommitSequenceId: 0
    }
    metadata {
      key: "TYPE"
      value: "KEY"
    }
    chunks {
      chunkName: "113750153625600001_chunk_1"
      offset: 0
      len: 100
      checksumData {
        type: NONE
        bytesPerChecksum: 16384
      }
    }
    chunks {
      chunkName: "113750153625600001_chunk_2"
      offset: 100
      len: 100
      checksumData {
        type: NONE
        bytesPerChecksum: 16384
      }
    }
    chunks {
      chunkName: "113750153625600001_chunk_3"
      offset: 200
      len: 100
      checksumData {
        type: NONE
        bytesPerChecksum: 16384
      }
    }
    chunks {
      chunkName: "113750153625600001_chunk_4"
      offset: 300
      len: 100
      checksumData {
        type: NONE
        bytesPerChecksum: 16384
      }
    }
    chunks {
      chunkName: "113750153625600001_chunk_5"
      offset: 400
      len: 100
      checksumData {
        type: NONE
        bytesPerChecksum: 16384
      }
    }
    chunks {
      chunkName: "113750153625600001_chunk_6"
      offset: 500
      len: 100
      checksumData {
        type: NONE
        bytesPerChecksum: 16384
      }
    }
    chunks {
      chunkName: "113750153625600001_chunk_7"
      offset: 600
      len: 100
      checksumData {
        type: NONE
        bytesPerChecksum: 16384
      }
    }
    chunks {
      chunkName: "113750153625600001_chunk_8"
      offset: 700
      len: 100
      checksumData {
        type: NONE
        bytesPerChecksum: 16384
      }
    }
  }
  eof: true
}
version: 4
, data.size=0
java.util.concurrent.CompletionException: org.apache.ratis.protocol.exceptions.StateMachineException: org.apache.hadoop.hdds.scm.container.common.helpers.ContainerNotOpenException from Server d75f2dba-195c-437b-b62a-ed875b85e515@group-B1A6F749B1C3: Container 1 in CLOSED state
	at org.apache.ratis.client.impl.RaftClientImpl.handleRaftException(RaftClientImpl.java:373)
	at org.apache.ratis.client.impl.OrderedAsync.lambda$send$3(OrderedAsync.java:175)
	at java.base/java.util.concurrent.CompletableFuture$UniApply.tryFire(CompletableFuture.java:646)
	at java.base/java.util.concurrent.CompletableFuture.postComplete(CompletableFuture.java:510)
	at java.base/java.util.concurrent.CompletableFuture.complete(CompletableFuture.java:2147)
	at org.apache.ratis.client.impl.OrderedAsync$PendingOrderedRequest.setReply(OrderedAsync.java:105)
	at org.apache.ratis.client.impl.OrderedAsync$PendingOrderedRequest.setReply(OrderedAsync.java:66)
	at org.apache.ratis.util.SlidingWindow$RequestMap.setReply(SlidingWindow.java:147)
	at org.apache.ratis.util.SlidingWindow$Client.receiveReply(SlidingWindow.java:351)
	at org.apache.ratis.client.impl.OrderedAsync.lambda$sendRequestWithRetry$5(OrderedAsync.java:210)
	at java.base/java.util.concurrent.CompletableFuture$UniAccept.tryFire(CompletableFuture.java:718)
	at java.base/java.util.concurrent.CompletableFuture.postComplete(CompletableFuture.java:510)
	at java.base/java.util.concurrent.CompletableFuture.complete(CompletableFuture.java:2147)
	at org.apache.ratis.grpc.client.GrpcClientProtocolClient$AsyncStreamObservers$1.lambda$onNext$0(GrpcClientProtocolClient.java:322)
	at java.base/java.util.Optional.ifPresent(Optional.java:178)
	at org.apache.ratis.grpc.client.GrpcClientProtocolClient$AsyncStreamObservers.handleReplyFuture(GrpcClientProtocolClient.java:378)
	at org.apache.ratis.grpc.client.GrpcClientProtocolClient$AsyncStreamObservers.access$100(GrpcClientProtocolClient.java:300)
	at org.apache.ratis.grpc.client.GrpcClientProtocolClient$AsyncStreamObservers$1.onNext(GrpcClientProtocolClient.java:322)
	at org.apache.ratis.grpc.client.GrpcClientProtocolClient$AsyncStreamObservers$1.onNext(GrpcClientProtocolClient.java:305)
	at org.apache.ratis.thirdparty.io.grpc.stub.ClientCalls$StreamObserverToCallListenerAdapter.onMessage(ClientCalls.java:468)
	at org.apache.ratis.thirdparty.io.grpc.ForwardingClientCallListener.onMessage(ForwardingClientCallListener.java:33)
	at org.apache.ratis.thirdparty.io.grpc.internal.ClientCallImpl$ClientStreamListenerImpl$1MessagesAvailable.runInternal(ClientCallImpl.java:660)
	at org.apache.ratis.thirdparty.io.grpc.internal.ClientCallImpl$ClientStreamListenerImpl$1MessagesAvailable.runInContext(ClientCallImpl.java:647)
	at org.apache.ratis.thirdparty.io.grpc.internal.ContextRunnable.run(ContextRunnable.java:37)
	at org.apache.ratis.thirdparty.io.grpc.internal.SerializingExecutor.run(SerializingExecutor.java:133)
	at java.base/java.util.concurrent.ThreadPoolExecutor.runWorker(ThreadPoolExecutor.java:1136)
	at java.base/java.util.concurrent.ThreadPoolExecutor$Worker.run(ThreadPoolExecutor.java:635)
	at java.base/java.lang.Thread.run(Thread.java:840)
Caused by: org.apache.ratis.protocol.exceptions.StateMachineException: org.apache.hadoop.hdds.scm.container.common.helpers.ContainerNotOpenException from Server d75f2dba-195c-437b-b62a-ed875b85e515@group-B1A6F749B1C3: Container 1 in CLOSED state
	at org.apache.hadoop.ozone.container.common.impl.HddsDispatcher.validateContainerCommand(HddsDispatcher.java:569)
	at org.apache.hadoop.ozone.container.common.transport.server.ratis.ContainerStateMachine.startTransaction(ContainerStateMachine.java:418)
	at org.apache.ratis.server.impl.RaftServerImpl.writeAsyncImpl(RaftServerImpl.java:975)
	at org.apache.ratis.server.impl.RaftServerImpl.writeAsync(RaftServerImpl.java:945)
	at org.apache.ratis.server.impl.RaftServerImpl.replyFuture(RaftServerImpl.java:937)
	at org.apache.ratis.server.impl.RaftServerImpl.submitClientRequestAsync(RaftServerImpl.java:912)
	at org.apache.ratis.server.impl.RaftServerImpl.lambda$executeSubmitClientRequestAsync$11(RaftServerImpl.java:893)
	at java.base/java.util.concurrent.CompletableFuture$AsyncSupply.run(CompletableFuture.java:1768)
	... 3 more
Caused by: org.apache.hadoop.hdds.scm.container.common.helpers.ContainerNotOpenException: Container 1 in CLOSED state
	at jdk.internal.reflect.GeneratedConstructorAccessor90.newInstance(Unknown Source)
	at java.base/jdk.internal.reflect.DelegatingConstructorAccessorImpl.newInstance(DelegatingConstructorAccessorImpl.java:45)
	at java.base/java.lang.reflect.Constructor.newInstanceWithCaller(Constructor.java:500)
	at java.base/java.lang.reflect.Constructor.newInstance(Constructor.java:481)
	at org.apache.ratis.util.ReflectionUtils.instantiateException(ReflectionUtils.java:259)
	at org.apache.ratis.client.impl.ClientProtoUtils.toStateMachineException(ClientProtoUtils.java:451)
	at org.apache.ratis.client.impl.ClientProtoUtils.toStateMachineException(ClientProtoUtils.java:437)
	at org.apache.ratis.client.impl.ClientProtoUtils.toRaftClientReply(ClientProtoUtils.java:404)
	at org.apache.ratis.grpc.client.GrpcClientProtocolClient$AsyncStreamObservers$1.onNext(GrpcClientProtocolClient.java:310)
	at org.apache.ratis.grpc.client.GrpcClientProtocolClient$AsyncStreamObservers$1.onNext(GrpcClientProtocolClient.java:305)
	at org.apache.ratis.thirdparty.io.grpc.stub.ClientCalls$StreamObserverToCallListenerAdapter.onMessage(ClientCalls.java:468)
	at org.apache.ratis.thirdparty.io.grpc.ForwardingClientCallListener.onMessage(ForwardingClientCallListener.java:33)
	at org.apache.ratis.thirdparty.io.grpc.internal.ClientCallImpl$ClientStreamListenerImpl$1MessagesAvailable.runInternal(ClientCallImpl.java:660)
	at org.apache.ratis.thirdparty.io.grpc.internal.ClientCallImpl$ClientStreamListenerImpl$1MessagesAvailable.runInContext(ClientCallImpl.java:647)
	at org.apache.ratis.thirdparty.io.grpc.internal.ContextRunnable.run(ContextRunnable.java:37)
	at org.apache.ratis.thirdparty.io.grpc.internal.SerializingExecutor.run(SerializingExecutor.java:133)
	... 3 more
2024-08-10 09:47:02,042 [main] INFO  scm.XceiverClientRatis (XceiverClientRatis.java:<init>(140)) - WatchType ALL_COMMITTED. Majority 2, 
2024-08-10 09:47:02,176 [main] INFO  scm.XceiverClientRatis (XceiverClientRatis.java:<init>(140)) - WatchType ALL_COMMITTED. Majority 1, 
2024-08-10 09:47:02,210 [EventQueue-CloseContainerForCloseContainerEventHandler] INFO  container.CloseContainerEventHandler (CloseContainerEventHandler.java:onMessage(88)) - Close container Event triggered for container : #3, current state: OPEN
2024-08-10 09:47:05,193 [280ba735-fec6-4a50-aa81-34035c985b11-ContainerOp-6b6fa171-5370-4504-9fa6-e04dce71fb33-8] INFO  keyvalue.KeyValueContainer (KeyValueContainer.java:flushAndSyncDB(529)) - Container 3 is synced with bcsId 10.
2024-08-10 09:47:05,193 [280ba735-fec6-4a50-aa81-34035c985b11-ContainerOp-6b6fa171-5370-4504-9fa6-e04dce71fb33-8] INFO  keyvalue.KeyValueContainer (KeyValueContainer.java:flushAndSyncDB(529)) - Container 3 is synced with bcsId 10.
2024-08-10 09:47:05,194 [280ba735-fec6-4a50-aa81-34035c985b11-ContainerOp-6b6fa171-5370-4504-9fa6-e04dce71fb33-8] INFO  keyvalue.KeyValueContainer (KeyValueContainer.java:close(444)) - Container 3 is closed with bcsId 10.
2024-08-10 09:47:05,195 [FixedThreadPoolWithAffinityExecutor-1-0] INFO  container.IncrementalContainerReportHandler (AbstractContainerReportHandler.java:updateContainerState(312)) - Moving container #3 to CLOSED state, datanode 280ba735-fec6-4a50-aa81-34035c985b11(localhost/127.0.0.1) reported CLOSED replica with index 0.
09:47:05.211 [280ba735-fec6-4a50-aa81-34035c985b11-client-thread1] ERROR DNAudit - user=null | ip=null | op=WRITE_CHUNK {blockData=conID: 3 locID: 113750153625600003 bcsId: 10 replicaIndex: 0, blockDataSize=100} | ret=FAILURE
org.apache.hadoop.hdds.scm.container.common.helpers.ContainerNotOpenException: Container 3 in CLOSED state
	at org.apache.hadoop.ozone.container.common.impl.HddsDispatcher.validateContainerCommand(HddsDispatcher.java:569) ~[hdds-container-service-1.5.0-SNAPSHOT.jar:?]
	at org.apache.hadoop.ozone.container.common.transport.server.ratis.ContainerStateMachine.startTransaction(ContainerStateMachine.java:418) ~[hdds-container-service-1.5.0-SNAPSHOT.jar:?]
	at org.apache.ratis.server.impl.RaftServerImpl.writeAsyncImpl(RaftServerImpl.java:975) ~[ratis-server-3.1.0.jar:3.1.0]
	at org.apache.ratis.server.impl.RaftServerImpl.writeAsync(RaftServerImpl.java:945) ~[ratis-server-3.1.0.jar:3.1.0]
	at org.apache.ratis.server.impl.RaftServerImpl.replyFuture(RaftServerImpl.java:937) ~[ratis-server-3.1.0.jar:3.1.0]
	at org.apache.ratis.server.impl.RaftServerImpl.submitClientRequestAsync(RaftServerImpl.java:912) ~[ratis-server-3.1.0.jar:3.1.0]
	at org.apache.ratis.server.impl.RaftServerImpl.lambda$executeSubmitClientRequestAsync$11(RaftServerImpl.java:893) ~[ratis-server-3.1.0.jar:3.1.0]
	at java.base/java.util.concurrent.CompletableFuture$AsyncSupply.run(CompletableFuture.java:1768) [?:?]
	at java.base/java.util.concurrent.ThreadPoolExecutor.runWorker(ThreadPoolExecutor.java:1136) [?:?]
	at java.base/java.util.concurrent.ThreadPoolExecutor$Worker.run(ThreadPoolExecutor.java:635) [?:?]
	at java.base/java.lang.Thread.run(Thread.java:840) [?:?]
09:47:05.212 [280ba735-fec6-4a50-aa81-34035c985b11-client-thread1] ERROR DNAudit - user=null | ip=null | op=WRITE_CHUNK {blockData=conID: 3 locID: 113750153625600003 bcsId: 10 replicaIndex: 0, blockDataSize=100} | ret=FAILURE
org.apache.hadoop.hdds.scm.container.common.helpers.ContainerNotOpenException: Container 3 in CLOSED state
	at org.apache.hadoop.ozone.container.common.impl.HddsDispatcher.validateContainerCommand(HddsDispatcher.java:569) ~[hdds-container-service-1.5.0-SNAPSHOT.jar:?]
	at org.apache.hadoop.ozone.container.common.transport.server.ratis.ContainerStateMachine.startTransaction(ContainerStateMachine.java:418) ~[hdds-container-service-1.5.0-SNAPSHOT.jar:?]
	at org.apache.ratis.server.impl.RaftServerImpl.writeAsyncImpl(RaftServerImpl.java:975) ~[ratis-server-3.1.0.jar:3.1.0]
	at org.apache.ratis.server.impl.RaftServerImpl.writeAsync(RaftServerImpl.java:945) ~[ratis-server-3.1.0.jar:3.1.0]
	at org.apache.ratis.server.impl.RaftServerImpl.replyFuture(RaftServerImpl.java:937) ~[ratis-server-3.1.0.jar:3.1.0]
	at org.apache.ratis.server.impl.RaftServerImpl.submitClientRequestAsync(RaftServerImpl.java:912) ~[ratis-server-3.1.0.jar:3.1.0]
	at org.apache.ratis.server.impl.RaftServerImpl.lambda$executeSubmitClientRequestAsync$11(RaftServerImpl.java:893) ~[ratis-server-3.1.0.jar:3.1.0]
	at java.base/java.util.concurrent.CompletableFuture$AsyncSupply.run(CompletableFuture.java:1768) [?:?]
	at java.base/java.util.concurrent.ThreadPoolExecutor.runWorker(ThreadPoolExecutor.java:1136) [?:?]
	at java.base/java.util.concurrent.ThreadPoolExecutor$Worker.run(ThreadPoolExecutor.java:635) [?:?]
	at java.base/java.lang.Thread.run(Thread.java:840) [?:?]
2024-08-10 09:47:05,213 [grpc-default-executor-4] ERROR impl.OrderedAsync (OrderedAsync.java:lambda$send$4(181)) - Failed to send request, message=cmdType: WriteChunk
traceID: ""
containerID: 3
datanodeUuid: "280ba735-fec6-4a50-aa81-34035c985b11"
writeChunk {
  blockID {
    containerID: 3
    localID: 113750153625600003
    blockCommitSequenceId: 10
    replicaIndex: 0
  }
  chunkData {
    chunkName: "113750153625600003_chunk_6"
    offset: 500
    len: 100
    checksumData {
      type: NONE
      bytesPerChecksum: 16384
    }
  }
}
version: 4
, data.size=100
java.util.concurrent.CompletionException: org.apache.ratis.protocol.exceptions.StateMachineException: org.apache.hadoop.hdds.scm.container.common.helpers.ContainerNotOpenException from Server 280ba735-fec6-4a50-aa81-34035c985b11@group-E04DCE71FB33: Container 3 in CLOSED state
	at org.apache.ratis.client.impl.RaftClientImpl.handleRaftException(RaftClientImpl.java:373)
	at org.apache.ratis.client.impl.OrderedAsync.lambda$send$3(OrderedAsync.java:175)
	at java.base/java.util.concurrent.CompletableFuture$UniApply.tryFire(CompletableFuture.java:646)
	at java.base/java.util.concurrent.CompletableFuture.postComplete(CompletableFuture.java:510)
	at java.base/java.util.concurrent.CompletableFuture.complete(CompletableFuture.java:2147)
	at org.apache.ratis.client.impl.OrderedAsync$PendingOrderedRequest.setReply(OrderedAsync.java:105)
	at org.apache.ratis.client.impl.OrderedAsync$PendingOrderedRequest.setReply(OrderedAsync.java:66)
	at org.apache.ratis.util.SlidingWindow$RequestMap.setReply(SlidingWindow.java:147)
	at org.apache.ratis.util.SlidingWindow$Client.receiveReply(SlidingWindow.java:351)
	at org.apache.ratis.client.impl.OrderedAsync.lambda$sendRequestWithRetry$5(OrderedAsync.java:210)
	at java.base/java.util.concurrent.CompletableFuture$UniAccept.tryFire(CompletableFuture.java:718)
	at java.base/java.util.concurrent.CompletableFuture.postComplete(CompletableFuture.java:510)
	at java.base/java.util.concurrent.CompletableFuture.complete(CompletableFuture.java:2147)
	at org.apache.ratis.grpc.client.GrpcClientProtocolClient$AsyncStreamObservers$1.lambda$onNext$0(GrpcClientProtocolClient.java:322)
	at java.base/java.util.Optional.ifPresent(Optional.java:178)
	at org.apache.ratis.grpc.client.GrpcClientProtocolClient$AsyncStreamObservers.handleReplyFuture(GrpcClientProtocolClient.java:378)
	at org.apache.ratis.grpc.client.GrpcClientProtocolClient$AsyncStreamObservers.access$100(GrpcClientProtocolClient.java:300)
	at org.apache.ratis.grpc.client.GrpcClientProtocolClient$AsyncStreamObservers$1.onNext(GrpcClientProtocolClient.java:322)
	at org.apache.ratis.grpc.client.GrpcClientProtocolClient$AsyncStreamObservers$1.onNext(GrpcClientProtocolClient.java:305)
	at org.apache.ratis.thirdparty.io.grpc.stub.ClientCalls$StreamObserverToCallListenerAdapter.onMessage(ClientCalls.java:468)
	at org.apache.ratis.thirdparty.io.grpc.ForwardingClientCallListener.onMessage(ForwardingClientCallListener.java:33)
	at org.apache.ratis.thirdparty.io.grpc.internal.ClientCallImpl$ClientStreamListenerImpl$1MessagesAvailable.runInternal(ClientCallImpl.java:660)
	at org.apache.ratis.thirdparty.io.grpc.internal.ClientCallImpl$ClientStreamListenerImpl$1MessagesAvailable.runInContext(ClientCallImpl.java:647)
	at org.apache.ratis.thirdparty.io.grpc.internal.ContextRunnable.run(ContextRunnable.java:37)
	at org.apache.ratis.thirdparty.io.grpc.internal.SerializingExecutor.run(SerializingExecutor.java:133)
	at java.base/java.util.concurrent.ThreadPoolExecutor.runWorker(ThreadPoolExecutor.java:1136)
	at java.base/java.util.concurrent.ThreadPoolExecutor$Worker.run(ThreadPoolExecutor.java:635)
	at java.base/java.lang.Thread.run(Thread.java:840)
Caused by: org.apache.ratis.protocol.exceptions.StateMachineException: org.apache.hadoop.hdds.scm.container.common.helpers.ContainerNotOpenException from Server 280ba735-fec6-4a50-aa81-34035c985b11@group-E04DCE71FB33: Container 3 in CLOSED state
	at org.apache.hadoop.ozone.container.common.impl.HddsDispatcher.validateContainerCommand(HddsDispatcher.java:569)
	at org.apache.hadoop.ozone.container.common.transport.server.ratis.ContainerStateMachine.startTransaction(ContainerStateMachine.java:418)
	at org.apache.ratis.server.impl.RaftServerImpl.writeAsyncImpl(RaftServerImpl.java:975)
	at org.apache.ratis.server.impl.RaftServerImpl.writeAsync(RaftServerImpl.java:945)
	at org.apache.ratis.server.impl.RaftServerImpl.replyFuture(RaftServerImpl.java:937)
	at org.apache.ratis.server.impl.RaftServerImpl.submitClientRequestAsync(RaftServerImpl.java:912)
	at org.apache.ratis.server.impl.RaftServerImpl.lambda$executeSubmitClientRequestAsync$11(RaftServerImpl.java:893)
	at java.base/java.util.concurrent.CompletableFuture$AsyncSupply.run(CompletableFuture.java:1768)
	... 3 more
Caused by: org.apache.hadoop.hdds.scm.container.common.helpers.ContainerNotOpenException: Container 3 in CLOSED state
	at jdk.internal.reflect.GeneratedConstructorAccessor90.newInstance(Unknown Source)
	at java.base/jdk.internal.reflect.DelegatingConstructorAccessorImpl.newInstance(DelegatingConstructorAccessorImpl.java:45)
	at java.base/java.lang.reflect.Constructor.newInstanceWithCaller(Constructor.java:500)
	at java.base/java.lang.reflect.Constructor.newInstance(Constructor.java:481)
	at org.apache.ratis.util.ReflectionUtils.instantiateException(ReflectionUtils.java:259)
	at org.apache.ratis.client.impl.ClientProtoUtils.toStateMachineException(ClientProtoUtils.java:451)
	at org.apache.ratis.client.impl.ClientProtoUtils.toStateMachineException(ClientProtoUtils.java:437)
	at org.apache.ratis.client.impl.ClientProtoUtils.toRaftClientReply(ClientProtoUtils.java:404)
	at org.apache.ratis.grpc.client.GrpcClientProtocolClient$AsyncStreamObservers$1.onNext(GrpcClientProtocolClient.java:310)
	at org.apache.ratis.grpc.client.GrpcClientProtocolClient$AsyncStreamObservers$1.onNext(GrpcClientProtocolClient.java:305)
	at org.apache.ratis.thirdparty.io.grpc.stub.ClientCalls$StreamObserverToCallListenerAdapter.onMessage(ClientCalls.java:468)
	at org.apache.ratis.thirdparty.io.grpc.ForwardingClientCallListener.onMessage(ForwardingClientCallListener.java:33)
	at org.apache.ratis.thirdparty.io.grpc.internal.ClientCallImpl$ClientStreamListenerImpl$1MessagesAvailable.runInternal(ClientCallImpl.java:660)
	at org.apache.ratis.thirdparty.io.grpc.internal.ClientCallImpl$ClientStreamListenerImpl$1MessagesAvailable.runInContext(ClientCallImpl.java:647)
	at org.apache.ratis.thirdparty.io.grpc.internal.ContextRunnable.run(ContextRunnable.java:37)
	at org.apache.ratis.thirdparty.io.grpc.internal.SerializingExecutor.run(SerializingExecutor.java:133)
	... 3 more
09:47:05.213 [280ba735-fec6-4a50-aa81-34035c985b11-client-thread1] ERROR DNAudit - user=null | ip=null | op=PUT_BLOCK {blockData=[blockId=conID: 3 locID: 113750153625600003 bcsId: 0 replicaIndex: null, size=700]} | ret=FAILURE
org.apache.hadoop.hdds.scm.container.common.helpers.ContainerNotOpenException: Container 3 in CLOSED state
	at org.apache.hadoop.ozone.container.common.impl.HddsDispatcher.validateContainerCommand(HddsDispatcher.java:569) ~[hdds-container-service-1.5.0-SNAPSHOT.jar:?]
	at org.apache.hadoop.ozone.container.common.transport.server.ratis.ContainerStateMachine.startTransaction(ContainerStateMachine.java:418) ~[hdds-container-service-1.5.0-SNAPSHOT.jar:?]
	at org.apache.ratis.server.impl.RaftServerImpl.writeAsyncImpl(RaftServerImpl.java:975) ~[ratis-server-3.1.0.jar:3.1.0]
	at org.apache.ratis.server.impl.RaftServerImpl.writeAsync(RaftServerImpl.java:945) ~[ratis-server-3.1.0.jar:3.1.0]
	at org.apache.ratis.server.impl.RaftServerImpl.replyFuture(RaftServerImpl.java:937) ~[ratis-server-3.1.0.jar:3.1.0]
	at org.apache.ratis.server.impl.RaftServerImpl.submitClientRequestAsync(RaftServerImpl.java:912) ~[ratis-server-3.1.0.jar:3.1.0]
	at org.apache.ratis.server.impl.RaftServerImpl.lambda$executeSubmitClientRequestAsync$11(RaftServerImpl.java:893) ~[ratis-server-3.1.0.jar:3.1.0]
	at java.base/java.util.concurrent.CompletableFuture$AsyncSupply.run(CompletableFuture.java:1768) [?:?]
	at java.base/java.util.concurrent.ThreadPoolExecutor.runWorker(ThreadPoolExecutor.java:1136) [?:?]
	at java.base/java.util.concurrent.ThreadPoolExecutor$Worker.run(ThreadPoolExecutor.java:635) [?:?]
	at java.base/java.lang.Thread.run(Thread.java:840) [?:?]
2024-08-10 09:47:05,214 [grpc-default-executor-4] ERROR impl.OrderedAsync (OrderedAsync.java:lambda$send$4(181)) - Failed to send request, message=cmdType: WriteChunk
traceID: ""
containerID: 3
datanodeUuid: "280ba735-fec6-4a50-aa81-34035c985b11"
writeChunk {
  blockID {
    containerID: 3
    localID: 113750153625600003
    blockCommitSequenceId: 10
    replicaIndex: 0
  }
  chunkData {
    chunkName: "113750153625600003_chunk_7"
    offset: 600
    len: 100
    checksumData {
      type: NONE
      bytesPerChecksum: 16384
    }
  }
}
version: 4
, data.size=100
java.util.concurrent.CompletionException: org.apache.ratis.protocol.exceptions.StateMachineException: org.apache.hadoop.hdds.scm.container.common.helpers.ContainerNotOpenException from Server 280ba735-fec6-4a50-aa81-34035c985b11@group-E04DCE71FB33: Container 3 in CLOSED state
	at org.apache.ratis.client.impl.RaftClientImpl.handleRaftException(RaftClientImpl.java:373)
	at org.apache.ratis.client.impl.OrderedAsync.lambda$send$3(OrderedAsync.java:175)
	at java.base/java.util.concurrent.CompletableFuture$UniApply.tryFire(CompletableFuture.java:646)
	at java.base/java.util.concurrent.CompletableFuture.postComplete(CompletableFuture.java:510)
	at java.base/java.util.concurrent.CompletableFuture.complete(CompletableFuture.java:2147)
	at org.apache.ratis.client.impl.OrderedAsync$PendingOrderedRequest.setReply(OrderedAsync.java:105)
	at org.apache.ratis.client.impl.OrderedAsync$PendingOrderedRequest.setReply(OrderedAsync.java:66)
	at org.apache.ratis.util.SlidingWindow$RequestMap.setReply(SlidingWindow.java:147)
	at org.apache.ratis.util.SlidingWindow$Client.receiveReply(SlidingWindow.java:351)
	at org.apache.ratis.client.impl.OrderedAsync.lambda$sendRequestWithRetry$5(OrderedAsync.java:210)
	at java.base/java.util.concurrent.CompletableFuture$UniAccept.tryFire(CompletableFuture.java:718)
	at java.base/java.util.concurrent.CompletableFuture.postComplete(CompletableFuture.java:510)
	at java.base/java.util.concurrent.CompletableFuture.complete(CompletableFuture.java:2147)
	at org.apache.ratis.grpc.client.GrpcClientProtocolClient$AsyncStreamObservers$1.lambda$onNext$0(GrpcClientProtocolClient.java:322)
	at java.base/java.util.Optional.ifPresent(Optional.java:178)
	at org.apache.ratis.grpc.client.GrpcClientProtocolClient$AsyncStreamObservers.handleReplyFuture(GrpcClientProtocolClient.java:378)
	at org.apache.ratis.grpc.client.GrpcClientProtocolClient$AsyncStreamObservers.access$100(GrpcClientProtocolClient.java:300)
	at org.apache.ratis.grpc.client.GrpcClientProtocolClient$AsyncStreamObservers$1.onNext(GrpcClientProtocolClient.java:322)
	at org.apache.ratis.grpc.client.GrpcClientProtocolClient$AsyncStreamObservers$1.onNext(GrpcClientProtocolClient.java:305)
	at org.apache.ratis.thirdparty.io.grpc.stub.ClientCalls$StreamObserverToCallListenerAdapter.onMessage(ClientCalls.java:468)
	at org.apache.ratis.thirdparty.io.grpc.ForwardingClientCallListener.onMessage(ForwardingClientCallListener.java:33)
	at org.apache.ratis.thirdparty.io.grpc.internal.ClientCallImpl$ClientStreamListenerImpl$1MessagesAvailable.runInternal(ClientCallImpl.java:660)
	at org.apache.ratis.thirdparty.io.grpc.internal.ClientCallImpl$ClientStreamListenerImpl$1MessagesAvailable.runInContext(ClientCallImpl.java:647)
	at org.apache.ratis.thirdparty.io.grpc.internal.ContextRunnable.run(ContextRunnable.java:37)
	at org.apache.ratis.thirdparty.io.grpc.internal.SerializingExecutor.run(SerializingExecutor.java:133)
	at java.base/java.util.concurrent.ThreadPoolExecutor.runWorker(ThreadPoolExecutor.java:1136)
	at java.base/java.util.concurrent.ThreadPoolExecutor$Worker.run(ThreadPoolExecutor.java:635)
	at java.base/java.lang.Thread.run(Thread.java:840)
Caused by: org.apache.ratis.protocol.exceptions.StateMachineException: org.apache.hadoop.hdds.scm.container.common.helpers.ContainerNotOpenException from Server 280ba735-fec6-4a50-aa81-34035c985b11@group-E04DCE71FB33: Container 3 in CLOSED state
	at org.apache.hadoop.ozone.container.common.impl.HddsDispatcher.validateContainerCommand(HddsDispatcher.java:569)
	at org.apache.hadoop.ozone.container.common.transport.server.ratis.ContainerStateMachine.startTransaction(ContainerStateMachine.java:418)
	at org.apache.ratis.server.impl.RaftServerImpl.writeAsyncImpl(RaftServerImpl.java:975)
	at org.apache.ratis.server.impl.RaftServerImpl.writeAsync(RaftServerImpl.java:945)
	at org.apache.ratis.server.impl.RaftServerImpl.replyFuture(RaftServerImpl.java:937)
	at org.apache.ratis.server.impl.RaftServerImpl.submitClientRequestAsync(RaftServerImpl.java:912)
	at org.apache.ratis.server.impl.RaftServerImpl.lambda$executeSubmitClientRequestAsync$11(RaftServerImpl.java:893)
	at java.base/java.util.concurrent.CompletableFuture$AsyncSupply.run(CompletableFuture.java:1768)
	... 3 more
Caused by: org.apache.hadoop.hdds.scm.container.common.helpers.ContainerNotOpenException: Container 3 in CLOSED state
	at jdk.internal.reflect.GeneratedConstructorAccessor90.newInstance(Unknown Source)
	at java.base/jdk.internal.reflect.DelegatingConstructorAccessorImpl.newInstance(DelegatingConstructorAccessorImpl.java:45)
	at java.base/java.lang.reflect.Constructor.newInstanceWithCaller(Constructor.java:500)
	at java.base/java.lang.reflect.Constructor.newInstance(Constructor.java:481)
	at org.apache.ratis.util.ReflectionUtils.instantiateException(ReflectionUtils.java:259)
	at org.apache.ratis.client.impl.ClientProtoUtils.toStateMachineException(ClientProtoUtils.java:451)
	at org.apache.ratis.client.impl.ClientProtoUtils.toStateMachineException(ClientProtoUtils.java:437)
	at org.apache.ratis.client.impl.ClientProtoUtils.toRaftClientReply(ClientProtoUtils.java:404)
	at org.apache.ratis.grpc.client.GrpcClientProtocolClient$AsyncStreamObservers$1.onNext(GrpcClientProtocolClient.java:310)
	at org.apache.ratis.grpc.client.GrpcClientProtocolClient$AsyncStreamObservers$1.onNext(GrpcClientProtocolClient.java:305)
	at org.apache.ratis.thirdparty.io.grpc.stub.ClientCalls$StreamObserverToCallListenerAdapter.onMessage(ClientCalls.java:468)
	at org.apache.ratis.thirdparty.io.grpc.ForwardingClientCallListener.onMessage(ForwardingClientCallListener.java:33)
	at org.apache.ratis.thirdparty.io.grpc.internal.ClientCallImpl$ClientStreamListenerImpl$1MessagesAvailable.runInternal(ClientCallImpl.java:660)
	at org.apache.ratis.thirdparty.io.grpc.internal.ClientCallImpl$ClientStreamListenerImpl$1MessagesAvailable.runInContext(ClientCallImpl.java:647)
	at org.apache.ratis.thirdparty.io.grpc.internal.ContextRunnable.run(ContextRunnable.java:37)
	at org.apache.ratis.thirdparty.io.grpc.internal.SerializingExecutor.run(SerializingExecutor.java:133)
	... 3 more
09:47:05.214 [280ba735-fec6-4a50-aa81-34035c985b11-client-thread1] ERROR DNAudit - user=null | ip=null | op=WRITE_CHUNK {blockData=conID: 3 locID: 113750153625600003 bcsId: 10 replicaIndex: 0, blockDataSize=100} | ret=FAILURE
org.apache.hadoop.hdds.scm.container.common.helpers.ContainerNotOpenException: Container 3 in CLOSED state
	at org.apache.hadoop.ozone.container.common.impl.HddsDispatcher.validateContainerCommand(HddsDispatcher.java:569) ~[hdds-container-service-1.5.0-SNAPSHOT.jar:?]
	at org.apache.hadoop.ozone.container.common.transport.server.ratis.ContainerStateMachine.startTransaction(ContainerStateMachine.java:418) ~[hdds-container-service-1.5.0-SNAPSHOT.jar:?]
	at org.apache.ratis.server.impl.RaftServerImpl.writeAsyncImpl(RaftServerImpl.java:975) ~[ratis-server-3.1.0.jar:3.1.0]
	at org.apache.ratis.server.impl.RaftServerImpl.writeAsync(RaftServerImpl.java:945) ~[ratis-server-3.1.0.jar:3.1.0]
	at org.apache.ratis.server.impl.RaftServerImpl.replyFuture(RaftServerImpl.java:937) ~[ratis-server-3.1.0.jar:3.1.0]
	at org.apache.ratis.server.impl.RaftServerImpl.submitClientRequestAsync(RaftServerImpl.java:912) ~[ratis-server-3.1.0.jar:3.1.0]
	at org.apache.ratis.server.impl.RaftServerImpl.lambda$executeSubmitClientRequestAsync$11(RaftServerImpl.java:893) ~[ratis-server-3.1.0.jar:3.1.0]
	at java.base/java.util.concurrent.CompletableFuture$AsyncSupply.run(CompletableFuture.java:1768) [?:?]
	at java.base/java.util.concurrent.ThreadPoolExecutor.runWorker(ThreadPoolExecutor.java:1136) [?:?]
	at java.base/java.util.concurrent.ThreadPoolExecutor$Worker.run(ThreadPoolExecutor.java:635) [?:?]
	at java.base/java.lang.Thread.run(Thread.java:840) [?:?]
09:47:05.214 [280ba735-fec6-4a50-aa81-34035c985b11-client-thread1] ERROR DNAudit - user=null | ip=null | op=PUT_BLOCK {blockData=[blockId=conID: 3 locID: 113750153625600003 bcsId: 0 replicaIndex: null, size=800]} | ret=FAILURE
org.apache.hadoop.hdds.scm.container.common.helpers.ContainerNotOpenException: Container 3 in CLOSED state
	at org.apache.hadoop.ozone.container.common.impl.HddsDispatcher.validateContainerCommand(HddsDispatcher.java:569) ~[hdds-container-service-1.5.0-SNAPSHOT.jar:?]
	at org.apache.hadoop.ozone.container.common.transport.server.ratis.ContainerStateMachine.startTransaction(ContainerStateMachine.java:418) ~[hdds-container-service-1.5.0-SNAPSHOT.jar:?]
	at org.apache.ratis.server.impl.RaftServerImpl.writeAsyncImpl(RaftServerImpl.java:975) ~[ratis-server-3.1.0.jar:3.1.0]
	at org.apache.ratis.server.impl.RaftServerImpl.writeAsync(RaftServerImpl.java:945) ~[ratis-server-3.1.0.jar:3.1.0]
	at org.apache.ratis.server.impl.RaftServerImpl.replyFuture(RaftServerImpl.java:937) ~[ratis-server-3.1.0.jar:3.1.0]
	at org.apache.ratis.server.impl.RaftServerImpl.submitClientRequestAsync(RaftServerImpl.java:912) ~[ratis-server-3.1.0.jar:3.1.0]
	at org.apache.ratis.server.impl.RaftServerImpl.lambda$executeSubmitClientRequestAsync$11(RaftServerImpl.java:893) ~[ratis-server-3.1.0.jar:3.1.0]
	at java.base/java.util.concurrent.CompletableFuture$AsyncSupply.run(CompletableFuture.java:1768) [?:?]
	at java.base/java.util.concurrent.ThreadPoolExecutor.runWorker(ThreadPoolExecutor.java:1136) [?:?]
	at java.base/java.util.concurrent.ThreadPoolExecutor$Worker.run(ThreadPoolExecutor.java:635) [?:?]
	at java.base/java.lang.Thread.run(Thread.java:840) [?:?]
2024-08-10 09:47:05,216 [grpc-default-executor-5] ERROR impl.OrderedAsync (OrderedAsync.java:lambda$send$4(181)) - Failed to send request, message=cmdType: PutBlock
traceID: ""
containerID: 3
datanodeUuid: "280ba735-fec6-4a50-aa81-34035c985b11"
putBlock {
  blockData {
    blockID {
      containerID: 3
      localID: 113750153625600003
      blockCommitSequenceId: 0
    }
    metadata {
      key: "TYPE"
      value: "KEY"
    }
    chunks {
      chunkName: "113750153625600003_chunk_1"
      offset: 0
      len: 100
      checksumData {
        type: NONE
        bytesPerChecksum: 16384
      }
    }
    chunks {
      chunkName: "113750153625600003_chunk_2"
      offset: 100
      len: 100
      checksumData {
        type: NONE
        bytesPerChecksum: 16384
      }
    }
    chunks {
      chunkName: "113750153625600003_chunk_3"
      offset: 200
      len: 100
      checksumData {
        type: NONE
        bytesPerChecksum: 16384
      }
    }
    chunks {
      chunkName: "113750153625600003_chunk_4"
      offset: 300
      len: 100
      checksumData {
        type: NONE
        bytesPerChecksum: 16384
      }
    }
    chunks {
      chunkName: "113750153625600003_chunk_5"
      offset: 400
      len: 100
      checksumData {
        type: NONE
        bytesPerChecksum: 16384
      }
    }
    chunks {
      chunkName: "113750153625600003_chunk_6"
      offset: 500
      len: 100
      checksumData {
        type: NONE
        bytesPerChecksum: 16384
      }
    }
    chunks {
      chunkName: "113750153625600003_chunk_7"
      offset: 600
      len: 100
      checksumData {
        type: NONE
        bytesPerChecksum: 16384
      }
    }
  }
  eof: false
}
version: 4
, data.size=0
java.util.concurrent.CompletionException: org.apache.ratis.protocol.exceptions.StateMachineException: org.apache.hadoop.hdds.scm.container.common.helpers.ContainerNotOpenException from Server 280ba735-fec6-4a50-aa81-34035c985b11@group-E04DCE71FB33: Container 3 in CLOSED state
	at org.apache.ratis.client.impl.RaftClientImpl.handleRaftException(RaftClientImpl.java:373)
	at org.apache.ratis.client.impl.OrderedAsync.lambda$send$3(OrderedAsync.java:175)
	at java.base/java.util.concurrent.CompletableFuture$UniApply.tryFire(CompletableFuture.java:646)
	at java.base/java.util.concurrent.CompletableFuture.postComplete(CompletableFuture.java:510)
	at java.base/java.util.concurrent.CompletableFuture.complete(CompletableFuture.java:2147)
	at org.apache.ratis.client.impl.OrderedAsync$PendingOrderedRequest.setReply(OrderedAsync.java:105)
	at org.apache.ratis.client.impl.OrderedAsync$PendingOrderedRequest.setReply(OrderedAsync.java:66)
	at org.apache.ratis.util.SlidingWindow$RequestMap.setReply(SlidingWindow.java:147)
	at org.apache.ratis.util.SlidingWindow$Client.receiveReply(SlidingWindow.java:351)
	at org.apache.ratis.client.impl.OrderedAsync.lambda$sendRequestWithRetry$5(OrderedAsync.java:210)
	at java.base/java.util.concurrent.CompletableFuture$UniAccept.tryFire(CompletableFuture.java:718)
	at java.base/java.util.concurrent.CompletableFuture.postComplete(CompletableFuture.java:510)
	at java.base/java.util.concurrent.CompletableFuture.complete(CompletableFuture.java:2147)
	at org.apache.ratis.grpc.client.GrpcClientProtocolClient$AsyncStreamObservers$1.lambda$onNext$0(GrpcClientProtocolClient.java:322)
	at java.base/java.util.Optional.ifPresent(Optional.java:178)
	at org.apache.ratis.grpc.client.GrpcClientProtocolClient$AsyncStreamObservers.handleReplyFuture(GrpcClientProtocolClient.java:378)
	at org.apache.ratis.grpc.client.GrpcClientProtocolClient$AsyncStreamObservers.access$100(GrpcClientProtocolClient.java:300)
	at org.apache.ratis.grpc.client.GrpcClientProtocolClient$AsyncStreamObservers$1.onNext(GrpcClientProtocolClient.java:322)
	at org.apache.ratis.grpc.client.GrpcClientProtocolClient$AsyncStreamObservers$1.onNext(GrpcClientProtocolClient.java:305)
	at org.apache.ratis.thirdparty.io.grpc.stub.ClientCalls$StreamObserverToCallListenerAdapter.onMessage(ClientCalls.java:468)
	at org.apache.ratis.thirdparty.io.grpc.ForwardingClientCallListener.onMessage(ForwardingClientCallListener.java:33)
	at org.apache.ratis.thirdparty.io.grpc.internal.ClientCallImpl$ClientStreamListenerImpl$1MessagesAvailable.runInternal(ClientCallImpl.java:660)
	at org.apache.ratis.thirdparty.io.grpc.internal.ClientCallImpl$ClientStreamListenerImpl$1MessagesAvailable.runInContext(ClientCallImpl.java:647)
	at org.apache.ratis.thirdparty.io.grpc.internal.ContextRunnable.run(ContextRunnable.java:37)
	at org.apache.ratis.thirdparty.io.grpc.internal.SerializingExecutor.run(SerializingExecutor.java:133)
	at java.base/java.util.concurrent.ThreadPoolExecutor.runWorker(ThreadPoolExecutor.java:1136)
	at java.base/java.util.concurrent.ThreadPoolExecutor$Worker.run(ThreadPoolExecutor.java:635)
	at java.base/java.lang.Thread.run(Thread.java:840)
Caused by: org.apache.ratis.protocol.exceptions.StateMachineException: org.apache.hadoop.hdds.scm.container.common.helpers.ContainerNotOpenException from Server 280ba735-fec6-4a50-aa81-34035c985b11@group-E04DCE71FB33: Container 3 in CLOSED state
	at org.apache.hadoop.ozone.container.common.impl.HddsDispatcher.validateContainerCommand(HddsDispatcher.java:569)
	at org.apache.hadoop.ozone.container.common.transport.server.ratis.ContainerStateMachine.startTransaction(ContainerStateMachine.java:418)
	at org.apache.ratis.server.impl.RaftServerImpl.writeAsyncImpl(RaftServerImpl.java:975)
	at org.apache.ratis.server.impl.RaftServerImpl.writeAsync(RaftServerImpl.java:945)
	at org.apache.ratis.server.impl.RaftServerImpl.replyFuture(RaftServerImpl.java:937)
	at org.apache.ratis.server.impl.RaftServerImpl.submitClientRequestAsync(RaftServerImpl.java:912)
	at org.apache.ratis.server.impl.RaftServerImpl.lambda$executeSubmitClientRequestAsync$11(RaftServerImpl.java:893)
	at java.base/java.util.concurrent.CompletableFuture$AsyncSupply.run(CompletableFuture.java:1768)
	... 3 more
Caused by: org.apache.hadoop.hdds.scm.container.common.helpers.ContainerNotOpenException: Container 3 in CLOSED state
	at jdk.internal.reflect.GeneratedConstructorAccessor90.newInstance(Unknown Source)
	at java.base/jdk.internal.reflect.DelegatingConstructorAccessorImpl.newInstance(DelegatingConstructorAccessorImpl.java:45)
	at java.base/java.lang.reflect.Constructor.newInstanceWithCaller(Constructor.java:500)
	at java.base/java.lang.reflect.Constructor.newInstance(Constructor.java:481)
	at org.apache.ratis.util.ReflectionUtils.instantiateException(ReflectionUtils.java:259)
	at org.apache.ratis.client.impl.ClientProtoUtils.toStateMachineException(ClientProtoUtils.java:451)
	at org.apache.ratis.client.impl.ClientProtoUtils.toStateMachineException(ClientProtoUtils.java:437)
	at org.apache.ratis.client.impl.ClientProtoUtils.toRaftClientReply(ClientProtoUtils.java:404)
	at org.apache.ratis.grpc.client.GrpcClientProtocolClient$AsyncStreamObservers$1.onNext(GrpcClientProtocolClient.java:310)
	at org.apache.ratis.grpc.client.GrpcClientProtocolClient$AsyncStreamObservers$1.onNext(GrpcClientProtocolClient.java:305)
	at org.apache.ratis.thirdparty.io.grpc.stub.ClientCalls$StreamObserverToCallListenerAdapter.onMessage(ClientCalls.java:468)
	at org.apache.ratis.thirdparty.io.grpc.ForwardingClientCallListener.onMessage(ForwardingClientCallListener.java:33)
	at org.apache.ratis.thirdparty.io.grpc.internal.ClientCallImpl$ClientStreamListenerImpl$1MessagesAvailable.runInternal(ClientCallImpl.java:660)
	at org.apache.ratis.thirdparty.io.grpc.internal.ClientCallImpl$ClientStreamListenerImpl$1MessagesAvailable.runInContext(ClientCallImpl.java:647)
	at org.apache.ratis.thirdparty.io.grpc.internal.ContextRunnable.run(ContextRunnable.java:37)
	at org.apache.ratis.thirdparty.io.grpc.internal.SerializingExecutor.run(SerializingExecutor.java:133)
	... 3 more
2024-08-10 09:47:05,217 [grpc-default-executor-5] ERROR impl.OrderedAsync (OrderedAsync.java:lambda$send$4(181)) - Failed to send request, message=cmdType: WriteChunk
traceID: ""
containerID: 3
datanodeUuid: "280ba735-fec6-4a50-aa81-34035c985b11"
writeChunk {
  blockID {
    containerID: 3
    localID: 113750153625600003
    blockCommitSequenceId: 10
    replicaIndex: 0
  }
  chunkData {
    chunkName: "113750153625600003_chunk_8"
    offset: 700
    len: 100
    checksumData {
      type: NONE
      bytesPerChecksum: 16384
    }
  }
}
version: 4
, data.size=100
java.util.concurrent.CompletionException: org.apache.ratis.protocol.exceptions.StateMachineException: org.apache.hadoop.hdds.scm.container.common.helpers.ContainerNotOpenException from Server 280ba735-fec6-4a50-aa81-34035c985b11@group-E04DCE71FB33: Container 3 in CLOSED state
	at org.apache.ratis.client.impl.RaftClientImpl.handleRaftException(RaftClientImpl.java:373)
	at org.apache.ratis.client.impl.OrderedAsync.lambda$send$3(OrderedAsync.java:175)
	at java.base/java.util.concurrent.CompletableFuture$UniApply.tryFire(CompletableFuture.java:646)
	at java.base/java.util.concurrent.CompletableFuture.postComplete(CompletableFuture.java:510)
	at java.base/java.util.concurrent.CompletableFuture.complete(CompletableFuture.java:2147)
	at org.apache.ratis.client.impl.OrderedAsync$PendingOrderedRequest.setReply(OrderedAsync.java:105)
	at org.apache.ratis.client.impl.OrderedAsync$PendingOrderedRequest.setReply(OrderedAsync.java:66)
	at org.apache.ratis.util.SlidingWindow$RequestMap.setReply(SlidingWindow.java:147)
	at org.apache.ratis.util.SlidingWindow$Client.receiveReply(SlidingWindow.java:351)
	at org.apache.ratis.client.impl.OrderedAsync.lambda$sendRequestWithRetry$5(OrderedAsync.java:210)
	at java.base/java.util.concurrent.CompletableFuture$UniAccept.tryFire(CompletableFuture.java:718)
	at java.base/java.util.concurrent.CompletableFuture.postComplete(CompletableFuture.java:510)
	at java.base/java.util.concurrent.CompletableFuture.complete(CompletableFuture.java:2147)
	at org.apache.ratis.grpc.client.GrpcClientProtocolClient$AsyncStreamObservers$1.lambda$onNext$0(GrpcClientProtocolClient.java:322)
	at java.base/java.util.Optional.ifPresent(Optional.java:178)
	at org.apache.ratis.grpc.client.GrpcClientProtocolClient$AsyncStreamObservers.handleReplyFuture(GrpcClientProtocolClient.java:378)
	at org.apache.ratis.grpc.client.GrpcClientProtocolClient$AsyncStreamObservers.access$100(GrpcClientProtocolClient.java:300)
	at org.apache.ratis.grpc.client.GrpcClientProtocolClient$AsyncStreamObservers$1.onNext(GrpcClientProtocolClient.java:322)
	at org.apache.ratis.grpc.client.GrpcClientProtocolClient$AsyncStreamObservers$1.onNext(GrpcClientProtocolClient.java:305)
	at org.apache.ratis.thirdparty.io.grpc.stub.ClientCalls$StreamObserverToCallListenerAdapter.onMessage(ClientCalls.java:468)
	at org.apache.ratis.thirdparty.io.grpc.ForwardingClientCallListener.onMessage(ForwardingClientCallListener.java:33)
	at org.apache.ratis.thirdparty.io.grpc.internal.ClientCallImpl$ClientStreamListenerImpl$1MessagesAvailable.runInternal(ClientCallImpl.java:660)
	at org.apache.ratis.thirdparty.io.grpc.internal.ClientCallImpl$ClientStreamListenerImpl$1MessagesAvailable.runInContext(ClientCallImpl.java:647)
	at org.apache.ratis.thirdparty.io.grpc.internal.ContextRunnable.run(ContextRunnable.java:37)
	at org.apache.ratis.thirdparty.io.grpc.internal.SerializingExecutor.run(SerializingExecutor.java:133)
	at java.base/java.util.concurrent.ThreadPoolExecutor.runWorker(ThreadPoolExecutor.java:1136)
	at java.base/java.util.concurrent.ThreadPoolExecutor$Worker.run(ThreadPoolExecutor.java:635)
	at java.base/java.lang.Thread.run(Thread.java:840)
Caused by: org.apache.ratis.protocol.exceptions.StateMachineException: org.apache.hadoop.hdds.scm.container.common.helpers.ContainerNotOpenException from Server 280ba735-fec6-4a50-aa81-34035c985b11@group-E04DCE71FB33: Container 3 in CLOSED state
	at org.apache.hadoop.ozone.container.common.impl.HddsDispatcher.validateContainerCommand(HddsDispatcher.java:569)
	at org.apache.hadoop.ozone.container.common.transport.server.ratis.ContainerStateMachine.startTransaction(ContainerStateMachine.java:418)
	at org.apache.ratis.server.impl.RaftServerImpl.writeAsyncImpl(RaftServerImpl.java:975)
	at org.apache.ratis.server.impl.RaftServerImpl.writeAsync(RaftServerImpl.java:945)
	at org.apache.ratis.server.impl.RaftServerImpl.replyFuture(RaftServerImpl.java:937)
	at org.apache.ratis.server.impl.RaftServerImpl.submitClientRequestAsync(RaftServerImpl.java:912)
	at org.apache.ratis.server.impl.RaftServerImpl.lambda$executeSubmitClientRequestAsync$11(RaftServerImpl.java:893)
	at java.base/java.util.concurrent.CompletableFuture$AsyncSupply.run(CompletableFuture.java:1768)
	... 3 more
Caused by: org.apache.hadoop.hdds.scm.container.common.helpers.ContainerNotOpenException: Container 3 in CLOSED state
	at jdk.internal.reflect.GeneratedConstructorAccessor90.newInstance(Unknown Source)
	at java.base/jdk.internal.reflect.DelegatingConstructorAccessorImpl.newInstance(DelegatingConstructorAccessorImpl.java:45)
	at java.base/java.lang.reflect.Constructor.newInstanceWithCaller(Constructor.java:500)
	at java.base/java.lang.reflect.Constructor.newInstance(Constructor.java:481)
	at org.apache.ratis.util.ReflectionUtils.instantiateException(ReflectionUtils.java:259)
	at org.apache.ratis.client.impl.ClientProtoUtils.toStateMachineException(ClientProtoUtils.java:451)
	at org.apache.ratis.client.impl.ClientProtoUtils.toStateMachineException(ClientProtoUtils.java:437)
	at org.apache.ratis.client.impl.ClientProtoUtils.toRaftClientReply(ClientProtoUtils.java:404)
	at org.apache.ratis.grpc.client.GrpcClientProtocolClient$AsyncStreamObservers$1.onNext(GrpcClientProtocolClient.java:310)
	at org.apache.ratis.grpc.client.GrpcClientProtocolClient$AsyncStreamObservers$1.onNext(GrpcClientProtocolClient.java:305)
	at org.apache.ratis.thirdparty.io.grpc.stub.ClientCalls$StreamObserverToCallListenerAdapter.onMessage(ClientCalls.java:468)
	at org.apache.ratis.thirdparty.io.grpc.ForwardingClientCallListener.onMessage(ForwardingClientCallListener.java:33)
	at org.apache.ratis.thirdparty.io.grpc.internal.ClientCallImpl$ClientStreamListenerImpl$1MessagesAvailable.runInternal(ClientCallImpl.java:660)
	at org.apache.ratis.thirdparty.io.grpc.internal.ClientCallImpl$ClientStreamListenerImpl$1MessagesAvailable.runInContext(ClientCallImpl.java:647)
	at org.apache.ratis.thirdparty.io.grpc.internal.ContextRunnable.run(ContextRunnable.java:37)
	at org.apache.ratis.thirdparty.io.grpc.internal.SerializingExecutor.run(SerializingExecutor.java:133)
	... 3 more
2024-08-10 09:47:05,217 [grpc-default-executor-5] ERROR impl.OrderedAsync (OrderedAsync.java:lambda$send$4(181)) - Failed to send request, message=cmdType: PutBlock
traceID: ""
containerID: 3
datanodeUuid: "280ba735-fec6-4a50-aa81-34035c985b11"
putBlock {
  blockData {
    blockID {
      containerID: 3
      localID: 113750153625600003
      blockCommitSequenceId: 0
    }
    metadata {
      key: "TYPE"
      value: "KEY"
    }
    chunks {
      chunkName: "113750153625600003_chunk_1"
      offset: 0
      len: 100
      checksumData {
        type: NONE
        bytesPerChecksum: 16384
      }
    }
    chunks {
      chunkName: "113750153625600003_chunk_2"
      offset: 100
      len: 100
      checksumData {
        type: NONE
        bytesPerChecksum: 16384
      }
    }
    chunks {
      chunkName: "113750153625600003_chunk_3"
      offset: 200
      len: 100
      checksumData {
        type: NONE
        bytesPerChecksum: 16384
      }
    }
    chunks {
      chunkName: "113750153625600003_chunk_4"
      offset: 300
      len: 100
      checksumData {
        type: NONE
        bytesPerChecksum: 16384
      }
    }
    chunks {
      chunkName: "113750153625600003_chunk_5"
      offset: 400
      len: 100
      checksumData {
        type: NONE
        bytesPerChecksum: 16384
      }
    }
    chunks {
      chunkName: "113750153625600003_chunk_6"
      offset: 500
      len: 100
      checksumData {
        type: NONE
        bytesPerChecksum: 16384
      }
    }
    chunks {
      chunkName: "113750153625600003_chunk_7"
      offset: 600
      len: 100
      checksumData {
        type: NONE
        bytesPerChecksum: 16384
      }
    }
    chunks {
      chunkName: "113750153625600003_chunk_8"
      offset: 700
      len: 100
      checksumData {
        type: NONE
        bytesPerChecksum: 16384
      }
    }
  }
  eof: true
}
version: 4
, data.size=0
java.util.concurrent.CompletionException: org.apache.ratis.protocol.exceptions.StateMachineException: org.apache.hadoop.hdds.scm.container.common.helpers.ContainerNotOpenException from Server 280ba735-fec6-4a50-aa81-34035c985b11@group-E04DCE71FB33: Container 3 in CLOSED state
	at org.apache.ratis.client.impl.RaftClientImpl.handleRaftException(RaftClientImpl.java:373)
	at org.apache.ratis.client.impl.OrderedAsync.lambda$send$3(OrderedAsync.java:175)
	at java.base/java.util.concurrent.CompletableFuture$UniApply.tryFire(CompletableFuture.java:646)
	at java.base/java.util.concurrent.CompletableFuture.postComplete(CompletableFuture.java:510)
	at java.base/java.util.concurrent.CompletableFuture.complete(CompletableFuture.java:2147)
	at org.apache.ratis.client.impl.OrderedAsync$PendingOrderedRequest.setReply(OrderedAsync.java:105)
	at org.apache.ratis.client.impl.OrderedAsync$PendingOrderedRequest.setReply(OrderedAsync.java:66)
	at org.apache.ratis.util.SlidingWindow$RequestMap.setReply(SlidingWindow.java:147)
	at org.apache.ratis.util.SlidingWindow$Client.receiveReply(SlidingWindow.java:351)
	at org.apache.ratis.client.impl.OrderedAsync.lambda$sendRequestWithRetry$5(OrderedAsync.java:210)
	at java.base/java.util.concurrent.CompletableFuture$UniAccept.tryFire(CompletableFuture.java:718)
	at java.base/java.util.concurrent.CompletableFuture.postComplete(CompletableFuture.java:510)
	at java.base/java.util.concurrent.CompletableFuture.complete(CompletableFuture.java:2147)
	at org.apache.ratis.grpc.client.GrpcClientProtocolClient$AsyncStreamObservers$1.lambda$onNext$0(GrpcClientProtocolClient.java:322)
	at java.base/java.util.Optional.ifPresent(Optional.java:178)
	at org.apache.ratis.grpc.client.GrpcClientProtocolClient$AsyncStreamObservers.handleReplyFuture(GrpcClientProtocolClient.java:378)
	at org.apache.ratis.grpc.client.GrpcClientProtocolClient$AsyncStreamObservers.access$100(GrpcClientProtocolClient.java:300)
	at org.apache.ratis.grpc.client.GrpcClientProtocolClient$AsyncStreamObservers$1.onNext(GrpcClientProtocolClient.java:322)
	at org.apache.ratis.grpc.client.GrpcClientProtocolClient$AsyncStreamObservers$1.onNext(GrpcClientProtocolClient.java:305)
	at org.apache.ratis.thirdparty.io.grpc.stub.ClientCalls$StreamObserverToCallListenerAdapter.onMessage(ClientCalls.java:468)
	at org.apache.ratis.thirdparty.io.grpc.ForwardingClientCallListener.onMessage(ForwardingClientCallListener.java:33)
	at org.apache.ratis.thirdparty.io.grpc.internal.ClientCallImpl$ClientStreamListenerImpl$1MessagesAvailable.runInternal(ClientCallImpl.java:660)
	at org.apache.ratis.thirdparty.io.grpc.internal.ClientCallImpl$ClientStreamListenerImpl$1MessagesAvailable.runInContext(ClientCallImpl.java:647)
	at org.apache.ratis.thirdparty.io.grpc.internal.ContextRunnable.run(ContextRunnable.java:37)
	at org.apache.ratis.thirdparty.io.grpc.internal.SerializingExecutor.run(SerializingExecutor.java:133)
	at java.base/java.util.concurrent.ThreadPoolExecutor.runWorker(ThreadPoolExecutor.java:1136)
	at java.base/java.util.concurrent.ThreadPoolExecutor$Worker.run(ThreadPoolExecutor.java:635)
	at java.base/java.lang.Thread.run(Thread.java:840)
Caused by: org.apache.ratis.protocol.exceptions.StateMachineException: org.apache.hadoop.hdds.scm.container.common.helpers.ContainerNotOpenException from Server 280ba735-fec6-4a50-aa81-34035c985b11@group-E04DCE71FB33: Container 3 in CLOSED state
	at org.apache.hadoop.ozone.container.common.impl.HddsDispatcher.validateContainerCommand(HddsDispatcher.java:569)
	at org.apache.hadoop.ozone.container.common.transport.server.ratis.ContainerStateMachine.startTransaction(ContainerStateMachine.java:418)
	at org.apache.ratis.server.impl.RaftServerImpl.writeAsyncImpl(RaftServerImpl.java:975)
	at org.apache.ratis.server.impl.RaftServerImpl.writeAsync(RaftServerImpl.java:945)
	at org.apache.ratis.server.impl.RaftServerImpl.replyFuture(RaftServerImpl.java:937)
	at org.apache.ratis.server.impl.RaftServerImpl.submitClientRequestAsync(RaftServerImpl.java:912)
	at org.apache.ratis.server.impl.RaftServerImpl.lambda$executeSubmitClientRequestAsync$11(RaftServerImpl.java:893)
	at java.base/java.util.concurrent.CompletableFuture$AsyncSupply.run(CompletableFuture.java:1768)
	... 3 more
Caused by: org.apache.hadoop.hdds.scm.container.common.helpers.ContainerNotOpenException: Container 3 in CLOSED state
	at jdk.internal.reflect.GeneratedConstructorAccessor90.newInstance(Unknown Source)
	at java.base/jdk.internal.reflect.DelegatingConstructorAccessorImpl.newInstance(DelegatingConstructorAccessorImpl.java:45)
	at java.base/java.lang.reflect.Constructor.newInstanceWithCaller(Constructor.java:500)
	at java.base/java.lang.reflect.Constructor.newInstance(Constructor.java:481)
	at org.apache.ratis.util.ReflectionUtils.instantiateException(ReflectionUtils.java:259)
	at org.apache.ratis.client.impl.ClientProtoUtils.toStateMachineException(ClientProtoUtils.java:451)
	at org.apache.ratis.client.impl.ClientProtoUtils.toStateMachineException(ClientProtoUtils.java:437)
	at org.apache.ratis.client.impl.ClientProtoUtils.toRaftClientReply(ClientProtoUtils.java:404)
	at org.apache.ratis.grpc.client.GrpcClientProtocolClient$AsyncStreamObservers$1.onNext(GrpcClientProtocolClient.java:310)
	at org.apache.ratis.grpc.client.GrpcClientProtocolClient$AsyncStreamObservers$1.onNext(GrpcClientProtocolClient.java:305)
	at org.apache.ratis.thirdparty.io.grpc.stub.ClientCalls$StreamObserverToCallListenerAdapter.onMessage(ClientCalls.java:468)
	at org.apache.ratis.thirdparty.io.grpc.ForwardingClientCallListener.onMessage(ForwardingClientCallListener.java:33)
	at org.apache.ratis.thirdparty.io.grpc.internal.ClientCallImpl$ClientStreamListenerImpl$1MessagesAvailable.runInternal(ClientCallImpl.java:660)
	at org.apache.ratis.thirdparty.io.grpc.internal.ClientCallImpl$ClientStreamListenerImpl$1MessagesAvailable.runInContext(ClientCallImpl.java:647)
	at org.apache.ratis.thirdparty.io.grpc.internal.ContextRunnable.run(ContextRunnable.java:37)
	at org.apache.ratis.thirdparty.io.grpc.internal.SerializingExecutor.run(SerializingExecutor.java:133)
	... 3 more
2024-08-10 09:47:05,223 [main] INFO  scm.XceiverClientRatis (XceiverClientRatis.java:<init>(140)) - WatchType ALL_COMMITTED. Majority 1, 
2024-08-10 09:47:05,302 [EventQueue-CloseContainerForCloseContainerEventHandler] INFO  container.CloseContainerEventHandler (CloseContainerEventHandler.java:onMessage(88)) - Close container Event triggered for container : #2, current state: OPEN
2024-08-10 09:47:05,302 [EventQueue-CloseContainerForCloseContainerEventHandler] INFO  container.CloseContainerEventHandler (CloseContainerEventHandler.java:onMessage(88)) - Close container Event triggered for container : #2, current state: CLOSING
2024-08-10 09:47:05,302 [EventQueue-CloseContainerForCloseContainerEventHandler] INFO  container.CloseContainerEventHandler (CloseContainerEventHandler.java:onMessage(88)) - Close container Event triggered for container : #2, current state: CLOSING
2024-08-10 09:47:08,199 [280ba735-fec6-4a50-aa81-34035c985b11-ContainerOp-029aa26b-425a-4e1d-a775-14f753a10906-7] INFO  keyvalue.KeyValueContainer (KeyValueContainer.java:flushAndSyncDB(529)) - Container 2 is synced with bcsId 29.
2024-08-10 09:47:08,199 [280ba735-fec6-4a50-aa81-34035c985b11-ContainerOp-029aa26b-425a-4e1d-a775-14f753a10906-7] INFO  keyvalue.KeyValueContainer (KeyValueContainer.java:flushAndSyncDB(529)) - Container 2 is synced with bcsId 29.
2024-08-10 09:47:08,203 [d75f2dba-195c-437b-b62a-ed875b85e515-ContainerOp-029aa26b-425a-4e1d-a775-14f753a10906-7] INFO  keyvalue.KeyValueContainer (KeyValueContainer.java:flushAndSyncDB(529)) - Container 2 is synced with bcsId 29.
2024-08-10 09:47:08,203 [d75f2dba-195c-437b-b62a-ed875b85e515-ContainerOp-029aa26b-425a-4e1d-a775-14f753a10906-7] INFO  keyvalue.KeyValueContainer (KeyValueContainer.java:flushAndSyncDB(529)) - Container 2 is synced with bcsId 29.
2024-08-10 09:47:08,205 [c1014618-c100-4e2c-97d7-038e29b3cb29-ContainerOp-029aa26b-425a-4e1d-a775-14f753a10906-7] INFO  keyvalue.KeyValueContainer (KeyValueContainer.java:flushAndSyncDB(529)) - Container 2 is synced with bcsId 29.
2024-08-10 09:47:08,205 [c1014618-c100-4e2c-97d7-038e29b3cb29-ContainerOp-029aa26b-425a-4e1d-a775-14f753a10906-7] INFO  keyvalue.KeyValueContainer (KeyValueContainer.java:flushAndSyncDB(529)) - Container 2 is synced with bcsId 29.
2024-08-10 09:47:08,206 [280ba735-fec6-4a50-aa81-34035c985b11-ContainerOp-029aa26b-425a-4e1d-a775-14f753a10906-7] INFO  keyvalue.KeyValueContainer (KeyValueContainer.java:close(444)) - Container 2 is closed with bcsId 29.
2024-08-10 09:47:08,206 [d75f2dba-195c-437b-b62a-ed875b85e515-ContainerOp-029aa26b-425a-4e1d-a775-14f753a10906-7] INFO  keyvalue.KeyValueContainer (KeyValueContainer.java:close(444)) - Container 2 is closed with bcsId 29.
2024-08-10 09:47:08,207 [FixedThreadPoolWithAffinityExecutor-1-0] INFO  container.IncrementalContainerReportHandler (AbstractContainerReportHandler.java:updateContainerState(312)) - Moving container #2 to CLOSED state, datanode 280ba735-fec6-4a50-aa81-34035c985b11(localhost/127.0.0.1) reported CLOSED replica with index 0.
2024-08-10 09:47:08,207 [c1014618-c100-4e2c-97d7-038e29b3cb29-ContainerOp-029aa26b-425a-4e1d-a775-14f753a10906-7] INFO  keyvalue.KeyValueContainer (KeyValueContainer.java:close(444)) - Container 2 is closed with bcsId 29.
09:47:08.303 [280ba735-fec6-4a50-aa81-34035c985b11-client-thread1] ERROR DNAudit - user=null | ip=null | op=WRITE_CHUNK {blockData=conID: 2 locID: 113750153625600005 bcsId: 29 replicaIndex: 0, blockDataSize=100} | ret=FAILURE
org.apache.hadoop.hdds.scm.container.common.helpers.ContainerNotOpenException: Container 2 in CLOSED state
	at org.apache.hadoop.ozone.container.common.impl.HddsDispatcher.validateContainerCommand(HddsDispatcher.java:569) ~[hdds-container-service-1.5.0-SNAPSHOT.jar:?]
	at org.apache.hadoop.ozone.container.common.transport.server.ratis.ContainerStateMachine.startTransaction(ContainerStateMachine.java:418) ~[hdds-container-service-1.5.0-SNAPSHOT.jar:?]
	at org.apache.ratis.server.impl.RaftServerImpl.writeAsyncImpl(RaftServerImpl.java:975) ~[ratis-server-3.1.0.jar:3.1.0]
	at org.apache.ratis.server.impl.RaftServerImpl.writeAsync(RaftServerImpl.java:945) ~[ratis-server-3.1.0.jar:3.1.0]
	at org.apache.ratis.server.impl.RaftServerImpl.replyFuture(RaftServerImpl.java:937) ~[ratis-server-3.1.0.jar:3.1.0]
	at org.apache.ratis.server.impl.RaftServerImpl.submitClientRequestAsync(RaftServerImpl.java:912) ~[ratis-server-3.1.0.jar:3.1.0]
	at org.apache.ratis.server.impl.RaftServerImpl.lambda$executeSubmitClientRequestAsync$11(RaftServerImpl.java:893) ~[ratis-server-3.1.0.jar:3.1.0]
	at java.base/java.util.concurrent.CompletableFuture$AsyncSupply.run(CompletableFuture.java:1768) [?:?]
	at java.base/java.util.concurrent.ThreadPoolExecutor.runWorker(ThreadPoolExecutor.java:1136) [?:?]
	at java.base/java.util.concurrent.ThreadPoolExecutor$Worker.run(ThreadPoolExecutor.java:635) [?:?]
	at java.base/java.lang.Thread.run(Thread.java:840) [?:?]
09:47:08.304 [280ba735-fec6-4a50-aa81-34035c985b11-client-thread1] ERROR DNAudit - user=null | ip=null | op=WRITE_CHUNK {blockData=conID: 2 locID: 113750153625600005 bcsId: 29 replicaIndex: 0, blockDataSize=100} | ret=FAILURE
org.apache.hadoop.hdds.scm.container.common.helpers.ContainerNotOpenException: Container 2 in CLOSED state
	at org.apache.hadoop.ozone.container.common.impl.HddsDispatcher.validateContainerCommand(HddsDispatcher.java:569) ~[hdds-container-service-1.5.0-SNAPSHOT.jar:?]
	at org.apache.hadoop.ozone.container.common.transport.server.ratis.ContainerStateMachine.startTransaction(ContainerStateMachine.java:418) ~[hdds-container-service-1.5.0-SNAPSHOT.jar:?]
	at org.apache.ratis.server.impl.RaftServerImpl.writeAsyncImpl(RaftServerImpl.java:975) ~[ratis-server-3.1.0.jar:3.1.0]
	at org.apache.ratis.server.impl.RaftServerImpl.writeAsync(RaftServerImpl.java:945) ~[ratis-server-3.1.0.jar:3.1.0]
	at org.apache.ratis.server.impl.RaftServerImpl.replyFuture(RaftServerImpl.java:937) ~[ratis-server-3.1.0.jar:3.1.0]
	at org.apache.ratis.server.impl.RaftServerImpl.submitClientRequestAsync(RaftServerImpl.java:912) ~[ratis-server-3.1.0.jar:3.1.0]
	at org.apache.ratis.server.impl.RaftServerImpl.lambda$executeSubmitClientRequestAsync$11(RaftServerImpl.java:893) ~[ratis-server-3.1.0.jar:3.1.0]
	at java.base/java.util.concurrent.CompletableFuture$AsyncSupply.run(CompletableFuture.java:1768) [?:?]
	at java.base/java.util.concurrent.ThreadPoolExecutor.runWorker(ThreadPoolExecutor.java:1136) [?:?]
	at java.base/java.util.concurrent.ThreadPoolExecutor$Worker.run(ThreadPoolExecutor.java:635) [?:?]
	at java.base/java.lang.Thread.run(Thread.java:840) [?:?]
2024-08-10 09:47:08,304 [grpc-default-executor-2] ERROR impl.OrderedAsync (OrderedAsync.java:lambda$send$4(181)) - Failed to send request, message=cmdType: WriteChunk
traceID: ""
containerID: 2
datanodeUuid: "d75f2dba-195c-437b-b62a-ed875b85e515"
writeChunk {
  blockID {
    containerID: 2
    localID: 113750153625600005
    blockCommitSequenceId: 29
    replicaIndex: 0
  }
  chunkData {
    chunkName: "113750153625600005_chunk_6"
    offset: 500
    len: 100
    checksumData {
      type: NONE
      bytesPerChecksum: 16384
    }
  }
}
version: 4
, data.size=100
java.util.concurrent.CompletionException: org.apache.ratis.protocol.exceptions.StateMachineException: org.apache.hadoop.hdds.scm.container.common.helpers.ContainerNotOpenException from Server 280ba735-fec6-4a50-aa81-34035c985b11@group-14F753A10906: Container 2 in CLOSED state
	at org.apache.ratis.client.impl.RaftClientImpl.handleRaftException(RaftClientImpl.java:373)
	at org.apache.ratis.client.impl.OrderedAsync.lambda$send$3(OrderedAsync.java:175)
	at java.base/java.util.concurrent.CompletableFuture$UniApply.tryFire(CompletableFuture.java:646)
	at java.base/java.util.concurrent.CompletableFuture.postComplete(CompletableFuture.java:510)
	at java.base/java.util.concurrent.CompletableFuture.complete(CompletableFuture.java:2147)
	at org.apache.ratis.client.impl.OrderedAsync$PendingOrderedRequest.setReply(OrderedAsync.java:105)
	at org.apache.ratis.client.impl.OrderedAsync$PendingOrderedRequest.setReply(OrderedAsync.java:66)
	at org.apache.ratis.util.SlidingWindow$RequestMap.setReply(SlidingWindow.java:147)
	at org.apache.ratis.util.SlidingWindow$Client.receiveReply(SlidingWindow.java:351)
	at org.apache.ratis.client.impl.OrderedAsync.lambda$sendRequestWithRetry$5(OrderedAsync.java:210)
	at java.base/java.util.concurrent.CompletableFuture$UniAccept.tryFire(CompletableFuture.java:718)
	at java.base/java.util.concurrent.CompletableFuture.postComplete(CompletableFuture.java:510)
	at java.base/java.util.concurrent.CompletableFuture.complete(CompletableFuture.java:2147)
	at org.apache.ratis.grpc.client.GrpcClientProtocolClient$AsyncStreamObservers$1.lambda$onNext$0(GrpcClientProtocolClient.java:322)
	at java.base/java.util.Optional.ifPresent(Optional.java:178)
	at org.apache.ratis.grpc.client.GrpcClientProtocolClient$AsyncStreamObservers.handleReplyFuture(GrpcClientProtocolClient.java:378)
	at org.apache.ratis.grpc.client.GrpcClientProtocolClient$AsyncStreamObservers.access$100(GrpcClientProtocolClient.java:300)
	at org.apache.ratis.grpc.client.GrpcClientProtocolClient$AsyncStreamObservers$1.onNext(GrpcClientProtocolClient.java:322)
	at org.apache.ratis.grpc.client.GrpcClientProtocolClient$AsyncStreamObservers$1.onNext(GrpcClientProtocolClient.java:305)
	at org.apache.ratis.thirdparty.io.grpc.stub.ClientCalls$StreamObserverToCallListenerAdapter.onMessage(ClientCalls.java:468)
	at org.apache.ratis.thirdparty.io.grpc.ForwardingClientCallListener.onMessage(ForwardingClientCallListener.java:33)
	at org.apache.ratis.thirdparty.io.grpc.internal.ClientCallImpl$ClientStreamListenerImpl$1MessagesAvailable.runInternal(ClientCallImpl.java:660)
	at org.apache.ratis.thirdparty.io.grpc.internal.ClientCallImpl$ClientStreamListenerImpl$1MessagesAvailable.runInContext(ClientCallImpl.java:647)
	at org.apache.ratis.thirdparty.io.grpc.internal.ContextRunnable.run(ContextRunnable.java:37)
	at org.apache.ratis.thirdparty.io.grpc.internal.SerializingExecutor.run(SerializingExecutor.java:133)
	at java.base/java.util.concurrent.ThreadPoolExecutor.runWorker(ThreadPoolExecutor.java:1136)
	at java.base/java.util.concurrent.ThreadPoolExecutor$Worker.run(ThreadPoolExecutor.java:635)
	at java.base/java.lang.Thread.run(Thread.java:840)
Caused by: org.apache.ratis.protocol.exceptions.StateMachineException: org.apache.hadoop.hdds.scm.container.common.helpers.ContainerNotOpenException from Server 280ba735-fec6-4a50-aa81-34035c985b11@group-14F753A10906: Container 2 in CLOSED state
	at org.apache.hadoop.ozone.container.common.impl.HddsDispatcher.validateContainerCommand(HddsDispatcher.java:569)
	at org.apache.hadoop.ozone.container.common.transport.server.ratis.ContainerStateMachine.startTransaction(ContainerStateMachine.java:418)
	at org.apache.ratis.server.impl.RaftServerImpl.writeAsyncImpl(RaftServerImpl.java:975)
	at org.apache.ratis.server.impl.RaftServerImpl.writeAsync(RaftServerImpl.java:945)
	at org.apache.ratis.server.impl.RaftServerImpl.replyFuture(RaftServerImpl.java:937)
	at org.apache.ratis.server.impl.RaftServerImpl.submitClientRequestAsync(RaftServerImpl.java:912)
	at org.apache.ratis.server.impl.RaftServerImpl.lambda$executeSubmitClientRequestAsync$11(RaftServerImpl.java:893)
	at java.base/java.util.concurrent.CompletableFuture$AsyncSupply.run(CompletableFuture.java:1768)
	... 3 more
Caused by: org.apache.hadoop.hdds.scm.container.common.helpers.ContainerNotOpenException: Container 2 in CLOSED state
	at jdk.internal.reflect.GeneratedConstructorAccessor90.newInstance(Unknown Source)
	at java.base/jdk.internal.reflect.DelegatingConstructorAccessorImpl.newInstance(DelegatingConstructorAccessorImpl.java:45)
	at java.base/java.lang.reflect.Constructor.newInstanceWithCaller(Constructor.java:500)
	at java.base/java.lang.reflect.Constructor.newInstance(Constructor.java:481)
	at org.apache.ratis.util.ReflectionUtils.instantiateException(ReflectionUtils.java:259)
	at org.apache.ratis.client.impl.ClientProtoUtils.toStateMachineException(ClientProtoUtils.java:451)
	at org.apache.ratis.client.impl.ClientProtoUtils.toStateMachineException(ClientProtoUtils.java:437)
	at org.apache.ratis.client.impl.ClientProtoUtils.toRaftClientReply(ClientProtoUtils.java:404)
	at org.apache.ratis.grpc.client.GrpcClientProtocolClient$AsyncStreamObservers$1.onNext(GrpcClientProtocolClient.java:310)
	at org.apache.ratis.grpc.client.GrpcClientProtocolClient$AsyncStreamObservers$1.onNext(GrpcClientProtocolClient.java:305)
	at org.apache.ratis.thirdparty.io.grpc.stub.ClientCalls$StreamObserverToCallListenerAdapter.onMessage(ClientCalls.java:468)
	at org.apache.ratis.thirdparty.io.grpc.ForwardingClientCallListener.onMessage(ForwardingClientCallListener.java:33)
	at org.apache.ratis.thirdparty.io.grpc.internal.ClientCallImpl$ClientStreamListenerImpl$1MessagesAvailable.runInternal(ClientCallImpl.java:660)
	at org.apache.ratis.thirdparty.io.grpc.internal.ClientCallImpl$ClientStreamListenerImpl$1MessagesAvailable.runInContext(ClientCallImpl.java:647)
	at org.apache.ratis.thirdparty.io.grpc.internal.ContextRunnable.run(ContextRunnable.java:37)
	at org.apache.ratis.thirdparty.io.grpc.internal.SerializingExecutor.run(SerializingExecutor.java:133)
	... 3 more
09:47:08.305 [280ba735-fec6-4a50-aa81-34035c985b11-client-thread1] ERROR DNAudit - user=null | ip=null | op=PUT_BLOCK {blockData=[blockId=conID: 2 locID: 113750153625600005 bcsId: 0 replicaIndex: null, size=700]} | ret=FAILURE
org.apache.hadoop.hdds.scm.container.common.helpers.ContainerNotOpenException: Container 2 in CLOSED state
	at org.apache.hadoop.ozone.container.common.impl.HddsDispatcher.validateContainerCommand(HddsDispatcher.java:569) ~[hdds-container-service-1.5.0-SNAPSHOT.jar:?]
	at org.apache.hadoop.ozone.container.common.transport.server.ratis.ContainerStateMachine.startTransaction(ContainerStateMachine.java:418) ~[hdds-container-service-1.5.0-SNAPSHOT.jar:?]
	at org.apache.ratis.server.impl.RaftServerImpl.writeAsyncImpl(RaftServerImpl.java:975) ~[ratis-server-3.1.0.jar:3.1.0]
	at org.apache.ratis.server.impl.RaftServerImpl.writeAsync(RaftServerImpl.java:945) ~[ratis-server-3.1.0.jar:3.1.0]
	at org.apache.ratis.server.impl.RaftServerImpl.replyFuture(RaftServerImpl.java:937) ~[ratis-server-3.1.0.jar:3.1.0]
	at org.apache.ratis.server.impl.RaftServerImpl.submitClientRequestAsync(RaftServerImpl.java:912) ~[ratis-server-3.1.0.jar:3.1.0]
	at org.apache.ratis.server.impl.RaftServerImpl.lambda$executeSubmitClientRequestAsync$11(RaftServerImpl.java:893) ~[ratis-server-3.1.0.jar:3.1.0]
	at java.base/java.util.concurrent.CompletableFuture$AsyncSupply.run(CompletableFuture.java:1768) [?:?]
	at java.base/java.util.concurrent.ThreadPoolExecutor.runWorker(ThreadPoolExecutor.java:1136) [?:?]
	at java.base/java.util.concurrent.ThreadPoolExecutor$Worker.run(ThreadPoolExecutor.java:635) [?:?]
	at java.base/java.lang.Thread.run(Thread.java:840) [?:?]
2024-08-10 09:47:08,305 [grpc-default-executor-2] ERROR impl.OrderedAsync (OrderedAsync.java:lambda$send$4(181)) - Failed to send request, message=cmdType: WriteChunk
traceID: ""
containerID: 2
datanodeUuid: "d75f2dba-195c-437b-b62a-ed875b85e515"
writeChunk {
  blockID {
    containerID: 2
    localID: 113750153625600005
    blockCommitSequenceId: 29
    replicaIndex: 0
  }
  chunkData {
    chunkName: "113750153625600005_chunk_7"
    offset: 600
    len: 100
    checksumData {
      type: NONE
      bytesPerChecksum: 16384
    }
  }
}
version: 4
, data.size=100
java.util.concurrent.CompletionException: org.apache.ratis.protocol.exceptions.StateMachineException: org.apache.hadoop.hdds.scm.container.common.helpers.ContainerNotOpenException from Server 280ba735-fec6-4a50-aa81-34035c985b11@group-14F753A10906: Container 2 in CLOSED state
	at org.apache.ratis.client.impl.RaftClientImpl.handleRaftException(RaftClientImpl.java:373)
	at org.apache.ratis.client.impl.OrderedAsync.lambda$send$3(OrderedAsync.java:175)
	at java.base/java.util.concurrent.CompletableFuture$UniApply.tryFire(CompletableFuture.java:646)
	at java.base/java.util.concurrent.CompletableFuture.postComplete(CompletableFuture.java:510)
	at java.base/java.util.concurrent.CompletableFuture.complete(CompletableFuture.java:2147)
	at org.apache.ratis.client.impl.OrderedAsync$PendingOrderedRequest.setReply(OrderedAsync.java:105)
	at org.apache.ratis.client.impl.OrderedAsync$PendingOrderedRequest.setReply(OrderedAsync.java:66)
	at org.apache.ratis.util.SlidingWindow$RequestMap.setReply(SlidingWindow.java:147)
	at org.apache.ratis.util.SlidingWindow$Client.receiveReply(SlidingWindow.java:351)
	at org.apache.ratis.client.impl.OrderedAsync.lambda$sendRequestWithRetry$5(OrderedAsync.java:210)
	at java.base/java.util.concurrent.CompletableFuture$UniAccept.tryFire(CompletableFuture.java:718)
	at java.base/java.util.concurrent.CompletableFuture.postComplete(CompletableFuture.java:510)
	at java.base/java.util.concurrent.CompletableFuture.complete(CompletableFuture.java:2147)
	at org.apache.ratis.grpc.client.GrpcClientProtocolClient$AsyncStreamObservers$1.lambda$onNext$0(GrpcClientProtocolClient.java:322)
	at java.base/java.util.Optional.ifPresent(Optional.java:178)
	at org.apache.ratis.grpc.client.GrpcClientProtocolClient$AsyncStreamObservers.handleReplyFuture(GrpcClientProtocolClient.java:378)
	at org.apache.ratis.grpc.client.GrpcClientProtocolClient$AsyncStreamObservers.access$100(GrpcClientProtocolClient.java:300)
	at org.apache.ratis.grpc.client.GrpcClientProtocolClient$AsyncStreamObservers$1.onNext(GrpcClientProtocolClient.java:322)
	at org.apache.ratis.grpc.client.GrpcClientProtocolClient$AsyncStreamObservers$1.onNext(GrpcClientProtocolClient.java:305)
	at org.apache.ratis.thirdparty.io.grpc.stub.ClientCalls$StreamObserverToCallListenerAdapter.onMessage(ClientCalls.java:468)
	at org.apache.ratis.thirdparty.io.grpc.ForwardingClientCallListener.onMessage(ForwardingClientCallListener.java:33)
	at org.apache.ratis.thirdparty.io.grpc.internal.ClientCallImpl$ClientStreamListenerImpl$1MessagesAvailable.runInternal(ClientCallImpl.java:660)
	at org.apache.ratis.thirdparty.io.grpc.internal.ClientCallImpl$ClientStreamListenerImpl$1MessagesAvailable.runInContext(ClientCallImpl.java:647)
	at org.apache.ratis.thirdparty.io.grpc.internal.ContextRunnable.run(ContextRunnable.java:37)
	at org.apache.ratis.thirdparty.io.grpc.internal.SerializingExecutor.run(SerializingExecutor.java:133)
	at java.base/java.util.concurrent.ThreadPoolExecutor.runWorker(ThreadPoolExecutor.java:1136)
	at java.base/java.util.concurrent.ThreadPoolExecutor$Worker.run(ThreadPoolExecutor.java:635)
	at java.base/java.lang.Thread.run(Thread.java:840)
Caused by: org.apache.ratis.protocol.exceptions.StateMachineException: org.apache.hadoop.hdds.scm.container.common.helpers.ContainerNotOpenException from Server 280ba735-fec6-4a50-aa81-34035c985b11@group-14F753A10906: Container 2 in CLOSED state
	at org.apache.hadoop.ozone.container.common.impl.HddsDispatcher.validateContainerCommand(HddsDispatcher.java:569)
	at org.apache.hadoop.ozone.container.common.transport.server.ratis.ContainerStateMachine.startTransaction(ContainerStateMachine.java:418)
	at org.apache.ratis.server.impl.RaftServerImpl.writeAsyncImpl(RaftServerImpl.java:975)
	at org.apache.ratis.server.impl.RaftServerImpl.writeAsync(RaftServerImpl.java:945)
	at org.apache.ratis.server.impl.RaftServerImpl.replyFuture(RaftServerImpl.java:937)
	at org.apache.ratis.server.impl.RaftServerImpl.submitClientRequestAsync(RaftServerImpl.java:912)
	at org.apache.ratis.server.impl.RaftServerImpl.lambda$executeSubmitClientRequestAsync$11(RaftServerImpl.java:893)
	at java.base/java.util.concurrent.CompletableFuture$AsyncSupply.run(CompletableFuture.java:1768)
	... 3 more
Caused by: org.apache.hadoop.hdds.scm.container.common.helpers.ContainerNotOpenException: Container 2 in CLOSED state
	at jdk.internal.reflect.GeneratedConstructorAccessor90.newInstance(Unknown Source)
	at java.base/jdk.internal.reflect.DelegatingConstructorAccessorImpl.newInstance(DelegatingConstructorAccessorImpl.java:45)
	at java.base/java.lang.reflect.Constructor.newInstanceWithCaller(Constructor.java:500)
	at java.base/java.lang.reflect.Constructor.newInstance(Constructor.java:481)
	at org.apache.ratis.util.ReflectionUtils.instantiateException(ReflectionUtils.java:259)
	at org.apache.ratis.client.impl.ClientProtoUtils.toStateMachineException(ClientProtoUtils.java:451)
	at org.apache.ratis.client.impl.ClientProtoUtils.toStateMachineException(ClientProtoUtils.java:437)
	at org.apache.ratis.client.impl.ClientProtoUtils.toRaftClientReply(ClientProtoUtils.java:404)
	at org.apache.ratis.grpc.client.GrpcClientProtocolClient$AsyncStreamObservers$1.onNext(GrpcClientProtocolClient.java:310)
	at org.apache.ratis.grpc.client.GrpcClientProtocolClient$AsyncStreamObservers$1.onNext(GrpcClientProtocolClient.java:305)
	at org.apache.ratis.thirdparty.io.grpc.stub.ClientCalls$StreamObserverToCallListenerAdapter.onMessage(ClientCalls.java:468)
	at org.apache.ratis.thirdparty.io.grpc.ForwardingClientCallListener.onMessage(ForwardingClientCallListener.java:33)
	at org.apache.ratis.thirdparty.io.grpc.internal.ClientCallImpl$ClientStreamListenerImpl$1MessagesAvailable.runInternal(ClientCallImpl.java:660)
	at org.apache.ratis.thirdparty.io.grpc.internal.ClientCallImpl$ClientStreamListenerImpl$1MessagesAvailable.runInContext(ClientCallImpl.java:647)
	at org.apache.ratis.thirdparty.io.grpc.internal.ContextRunnable.run(ContextRunnable.java:37)
	at org.apache.ratis.thirdparty.io.grpc.internal.SerializingExecutor.run(SerializingExecutor.java:133)
	... 3 more
09:47:08.306 [280ba735-fec6-4a50-aa81-34035c985b11-client-thread1] ERROR DNAudit - user=null | ip=null | op=WRITE_CHUNK {blockData=conID: 2 locID: 113750153625600005 bcsId: 29 replicaIndex: 0, blockDataSize=100} | ret=FAILURE
org.apache.hadoop.hdds.scm.container.common.helpers.ContainerNotOpenException: Container 2 in CLOSED state
	at org.apache.hadoop.ozone.container.common.impl.HddsDispatcher.validateContainerCommand(HddsDispatcher.java:569) ~[hdds-container-service-1.5.0-SNAPSHOT.jar:?]
	at org.apache.hadoop.ozone.container.common.transport.server.ratis.ContainerStateMachine.startTransaction(ContainerStateMachine.java:418) ~[hdds-container-service-1.5.0-SNAPSHOT.jar:?]
	at org.apache.ratis.server.impl.RaftServerImpl.writeAsyncImpl(RaftServerImpl.java:975) ~[ratis-server-3.1.0.jar:3.1.0]
	at org.apache.ratis.server.impl.RaftServerImpl.writeAsync(RaftServerImpl.java:945) ~[ratis-server-3.1.0.jar:3.1.0]
	at org.apache.ratis.server.impl.RaftServerImpl.replyFuture(RaftServerImpl.java:937) ~[ratis-server-3.1.0.jar:3.1.0]
	at org.apache.ratis.server.impl.RaftServerImpl.submitClientRequestAsync(RaftServerImpl.java:912) ~[ratis-server-3.1.0.jar:3.1.0]
	at org.apache.ratis.server.impl.RaftServerImpl.lambda$executeSubmitClientRequestAsync$11(RaftServerImpl.java:893) ~[ratis-server-3.1.0.jar:3.1.0]
	at java.base/java.util.concurrent.CompletableFuture$AsyncSupply.run(CompletableFuture.java:1768) [?:?]
	at java.base/java.util.concurrent.ThreadPoolExecutor.runWorker(ThreadPoolExecutor.java:1136) [?:?]
	at java.base/java.util.concurrent.ThreadPoolExecutor$Worker.run(ThreadPoolExecutor.java:635) [?:?]
	at java.base/java.lang.Thread.run(Thread.java:840) [?:?]
2024-08-10 09:47:08,306 [grpc-default-executor-4] ERROR impl.OrderedAsync (OrderedAsync.java:lambda$send$4(181)) - Failed to send request, message=cmdType: PutBlock
traceID: ""
containerID: 2
datanodeUuid: "d75f2dba-195c-437b-b62a-ed875b85e515"
putBlock {
  blockData {
    blockID {
      containerID: 2
      localID: 113750153625600005
      blockCommitSequenceId: 0
    }
    metadata {
      key: "TYPE"
      value: "KEY"
    }
    chunks {
      chunkName: "113750153625600005_chunk_1"
      offset: 0
      len: 100
      checksumData {
        type: NONE
        bytesPerChecksum: 16384
      }
    }
    chunks {
      chunkName: "113750153625600005_chunk_2"
      offset: 100
      len: 100
      checksumData {
        type: NONE
        bytesPerChecksum: 16384
      }
    }
    chunks {
      chunkName: "113750153625600005_chunk_3"
      offset: 200
      len: 100
      checksumData {
        type: NONE
        bytesPerChecksum: 16384
      }
    }
    chunks {
      chunkName: "113750153625600005_chunk_4"
      offset: 300
      len: 100
      checksumData {
        type: NONE
        bytesPerChecksum: 16384
      }
    }
    chunks {
      chunkName: "113750153625600005_chunk_5"
      offset: 400
      len: 100
      checksumData {
        type: NONE
        bytesPerChecksum: 16384
      }
    }
    chunks {
      chunkName: "113750153625600005_chunk_6"
      offset: 500
      len: 100
      checksumData {
        type: NONE
        bytesPerChecksum: 16384
      }
    }
    chunks {
      chunkName: "113750153625600005_chunk_7"
      offset: 600
      len: 100
      checksumData {
        type: NONE
        bytesPerChecksum: 16384
      }
    }
  }
  eof: false
}
version: 4
, data.size=0
java.util.concurrent.CompletionException: org.apache.ratis.protocol.exceptions.StateMachineException: org.apache.hadoop.hdds.scm.container.common.helpers.ContainerNotOpenException from Server 280ba735-fec6-4a50-aa81-34035c985b11@group-14F753A10906: Container 2 in CLOSED state
	at org.apache.ratis.client.impl.RaftClientImpl.handleRaftException(RaftClientImpl.java:373)
	at org.apache.ratis.client.impl.OrderedAsync.lambda$send$3(OrderedAsync.java:175)
	at java.base/java.util.concurrent.CompletableFuture$UniApply.tryFire(CompletableFuture.java:646)
	at java.base/java.util.concurrent.CompletableFuture.postComplete(CompletableFuture.java:510)
	at java.base/java.util.concurrent.CompletableFuture.complete(CompletableFuture.java:2147)
	at org.apache.ratis.client.impl.OrderedAsync$PendingOrderedRequest.setReply(OrderedAsync.java:105)
	at org.apache.ratis.client.impl.OrderedAsync$PendingOrderedRequest.setReply(OrderedAsync.java:66)
	at org.apache.ratis.util.SlidingWindow$RequestMap.setReply(SlidingWindow.java:147)
	at org.apache.ratis.util.SlidingWindow$Client.receiveReply(SlidingWindow.java:351)
	at org.apache.ratis.client.impl.OrderedAsync.lambda$sendRequestWithRetry$5(OrderedAsync.java:210)
	at java.base/java.util.concurrent.CompletableFuture$UniAccept.tryFire(CompletableFuture.java:718)
	at java.base/java.util.concurrent.CompletableFuture.postComplete(CompletableFuture.java:510)
	at java.base/java.util.concurrent.CompletableFuture.complete(CompletableFuture.java:2147)
	at org.apache.ratis.grpc.client.GrpcClientProtocolClient$AsyncStreamObservers$1.lambda$onNext$0(GrpcClientProtocolClient.java:322)
	at java.base/java.util.Optional.ifPresent(Optional.java:178)
	at org.apache.ratis.grpc.client.GrpcClientProtocolClient$AsyncStreamObservers.handleReplyFuture(GrpcClientProtocolClient.java:378)
	at org.apache.ratis.grpc.client.GrpcClientProtocolClient$AsyncStreamObservers.access$100(GrpcClientProtocolClient.java:300)
	at org.apache.ratis.grpc.client.GrpcClientProtocolClient$AsyncStreamObservers$1.onNext(GrpcClientProtocolClient.java:322)
	at org.apache.ratis.grpc.client.GrpcClientProtocolClient$AsyncStreamObservers$1.onNext(GrpcClientProtocolClient.java:305)
	at org.apache.ratis.thirdparty.io.grpc.stub.ClientCalls$StreamObserverToCallListenerAdapter.onMessage(ClientCalls.java:468)
	at org.apache.ratis.thirdparty.io.grpc.ForwardingClientCallListener.onMessage(ForwardingClientCallListener.java:33)
	at org.apache.ratis.thirdparty.io.grpc.internal.ClientCallImpl$ClientStreamListenerImpl$1MessagesAvailable.runInternal(ClientCallImpl.java:660)
	at org.apache.ratis.thirdparty.io.grpc.internal.ClientCallImpl$ClientStreamListenerImpl$1MessagesAvailable.runInContext(ClientCallImpl.java:647)
	at org.apache.ratis.thirdparty.io.grpc.internal.ContextRunnable.run(ContextRunnable.java:37)
	at org.apache.ratis.thirdparty.io.grpc.internal.SerializingExecutor.run(SerializingExecutor.java:133)
	at java.base/java.util.concurrent.ThreadPoolExecutor.runWorker(ThreadPoolExecutor.java:1136)
	at java.base/java.util.concurrent.ThreadPoolExecutor$Worker.run(ThreadPoolExecutor.java:635)
	at java.base/java.lang.Thread.run(Thread.java:840)
Caused by: org.apache.ratis.protocol.exceptions.StateMachineException: org.apache.hadoop.hdds.scm.container.common.helpers.ContainerNotOpenException from Server 280ba735-fec6-4a50-aa81-34035c985b11@group-14F753A10906: Container 2 in CLOSED state
	at org.apache.hadoop.ozone.container.common.impl.HddsDispatcher.validateContainerCommand(HddsDispatcher.java:569)
	at org.apache.hadoop.ozone.container.common.transport.server.ratis.ContainerStateMachine.startTransaction(ContainerStateMachine.java:418)
	at org.apache.ratis.server.impl.RaftServerImpl.writeAsyncImpl(RaftServerImpl.java:975)
	at org.apache.ratis.server.impl.RaftServerImpl.writeAsync(RaftServerImpl.java:945)
	at org.apache.ratis.server.impl.RaftServerImpl.replyFuture(RaftServerImpl.java:937)
	at org.apache.ratis.server.impl.RaftServerImpl.submitClientRequestAsync(RaftServerImpl.java:912)
	at org.apache.ratis.server.impl.RaftServerImpl.lambda$executeSubmitClientRequestAsync$11(RaftServerImpl.java:893)
	at java.base/java.util.concurrent.CompletableFuture$AsyncSupply.run(CompletableFuture.java:1768)
	... 3 more
Caused by: org.apache.hadoop.hdds.scm.container.common.helpers.ContainerNotOpenException: Container 2 in CLOSED state
	at jdk.internal.reflect.GeneratedConstructorAccessor90.newInstance(Unknown Source)
	at java.base/jdk.internal.reflect.DelegatingConstructorAccessorImpl.newInstance(DelegatingConstructorAccessorImpl.java:45)
	at java.base/java.lang.reflect.Constructor.newInstanceWithCaller(Constructor.java:500)
	at java.base/java.lang.reflect.Constructor.newInstance(Constructor.java:481)
	at org.apache.ratis.util.ReflectionUtils.instantiateException(ReflectionUtils.java:259)
	at org.apache.ratis.client.impl.ClientProtoUtils.toStateMachineException(ClientProtoUtils.java:451)
	at org.apache.ratis.client.impl.ClientProtoUtils.toStateMachineException(ClientProtoUtils.java:437)
	at org.apache.ratis.client.impl.ClientProtoUtils.toRaftClientReply(ClientProtoUtils.java:404)
	at org.apache.ratis.grpc.client.GrpcClientProtocolClient$AsyncStreamObservers$1.onNext(GrpcClientProtocolClient.java:310)
	at org.apache.ratis.grpc.client.GrpcClientProtocolClient$AsyncStreamObservers$1.onNext(GrpcClientProtocolClient.java:305)
	at org.apache.ratis.thirdparty.io.grpc.stub.ClientCalls$StreamObserverToCallListenerAdapter.onMessage(ClientCalls.java:468)
	at org.apache.ratis.thirdparty.io.grpc.ForwardingClientCallListener.onMessage(ForwardingClientCallListener.java:33)
	at org.apache.ratis.thirdparty.io.grpc.internal.ClientCallImpl$ClientStreamListenerImpl$1MessagesAvailable.runInternal(ClientCallImpl.java:660)
	at org.apache.ratis.thirdparty.io.grpc.internal.ClientCallImpl$ClientStreamListenerImpl$1MessagesAvailable.runInContext(ClientCallImpl.java:647)
	at org.apache.ratis.thirdparty.io.grpc.internal.ContextRunnable.run(ContextRunnable.java:37)
	at org.apache.ratis.thirdparty.io.grpc.internal.SerializingExecutor.run(SerializingExecutor.java:133)
	... 3 more
09:47:08.308 [280ba735-fec6-4a50-aa81-34035c985b11-client-thread1] ERROR DNAudit - user=null | ip=null | op=PUT_BLOCK {blockData=[blockId=conID: 2 locID: 113750153625600005 bcsId: 0 replicaIndex: null, size=800]} | ret=FAILURE
org.apache.hadoop.hdds.scm.container.common.helpers.ContainerNotOpenException: Container 2 in CLOSED state
	at org.apache.hadoop.ozone.container.common.impl.HddsDispatcher.validateContainerCommand(HddsDispatcher.java:569) ~[hdds-container-service-1.5.0-SNAPSHOT.jar:?]
	at org.apache.hadoop.ozone.container.common.transport.server.ratis.ContainerStateMachine.startTransaction(ContainerStateMachine.java:418) ~[hdds-container-service-1.5.0-SNAPSHOT.jar:?]
	at org.apache.ratis.server.impl.RaftServerImpl.writeAsyncImpl(RaftServerImpl.java:975) ~[ratis-server-3.1.0.jar:3.1.0]
	at org.apache.ratis.server.impl.RaftServerImpl.writeAsync(RaftServerImpl.java:945) ~[ratis-server-3.1.0.jar:3.1.0]
	at org.apache.ratis.server.impl.RaftServerImpl.replyFuture(RaftServerImpl.java:937) ~[ratis-server-3.1.0.jar:3.1.0]
	at org.apache.ratis.server.impl.RaftServerImpl.submitClientRequestAsync(RaftServerImpl.java:912) ~[ratis-server-3.1.0.jar:3.1.0]
	at org.apache.ratis.server.impl.RaftServerImpl.lambda$executeSubmitClientRequestAsync$11(RaftServerImpl.java:893) ~[ratis-server-3.1.0.jar:3.1.0]
	at java.base/java.util.concurrent.CompletableFuture$AsyncSupply.run(CompletableFuture.java:1768) [?:?]
	at java.base/java.util.concurrent.ThreadPoolExecutor.runWorker(ThreadPoolExecutor.java:1136) [?:?]
	at java.base/java.util.concurrent.ThreadPoolExecutor$Worker.run(ThreadPoolExecutor.java:635) [?:?]
	at java.base/java.lang.Thread.run(Thread.java:840) [?:?]
2024-08-10 09:47:08,308 [grpc-default-executor-2] ERROR impl.OrderedAsync (OrderedAsync.java:lambda$send$4(181)) - Failed to send request, message=cmdType: WriteChunk
traceID: ""
containerID: 2
datanodeUuid: "d75f2dba-195c-437b-b62a-ed875b85e515"
writeChunk {
  blockID {
    containerID: 2
    localID: 113750153625600005
    blockCommitSequenceId: 29
    replicaIndex: 0
  }
  chunkData {
    chunkName: "113750153625600005_chunk_8"
    offset: 700
    len: 100
    checksumData {
      type: NONE
      bytesPerChecksum: 16384
    }
  }
}
version: 4
, data.size=100
java.util.concurrent.CompletionException: org.apache.ratis.protocol.exceptions.StateMachineException: org.apache.hadoop.hdds.scm.container.common.helpers.ContainerNotOpenException from Server 280ba735-fec6-4a50-aa81-34035c985b11@group-14F753A10906: Container 2 in CLOSED state
	at org.apache.ratis.client.impl.RaftClientImpl.handleRaftException(RaftClientImpl.java:373)
	at org.apache.ratis.client.impl.OrderedAsync.lambda$send$3(OrderedAsync.java:175)
	at java.base/java.util.concurrent.CompletableFuture$UniApply.tryFire(CompletableFuture.java:646)
	at java.base/java.util.concurrent.CompletableFuture.postComplete(CompletableFuture.java:510)
	at java.base/java.util.concurrent.CompletableFuture.complete(CompletableFuture.java:2147)
	at org.apache.ratis.client.impl.OrderedAsync$PendingOrderedRequest.setReply(OrderedAsync.java:105)
	at org.apache.ratis.client.impl.OrderedAsync$PendingOrderedRequest.setReply(OrderedAsync.java:66)
	at org.apache.ratis.util.SlidingWindow$RequestMap.setReply(SlidingWindow.java:147)
	at org.apache.ratis.util.SlidingWindow$Client.receiveReply(SlidingWindow.java:351)
	at org.apache.ratis.client.impl.OrderedAsync.lambda$sendRequestWithRetry$5(OrderedAsync.java:210)
	at java.base/java.util.concurrent.CompletableFuture$UniAccept.tryFire(CompletableFuture.java:718)
	at java.base/java.util.concurrent.CompletableFuture.postComplete(CompletableFuture.java:510)
	at java.base/java.util.concurrent.CompletableFuture.complete(CompletableFuture.java:2147)
	at org.apache.ratis.grpc.client.GrpcClientProtocolClient$AsyncStreamObservers$1.lambda$onNext$0(GrpcClientProtocolClient.java:322)
	at java.base/java.util.Optional.ifPresent(Optional.java:178)
	at org.apache.ratis.grpc.client.GrpcClientProtocolClient$AsyncStreamObservers.handleReplyFuture(GrpcClientProtocolClient.java:378)
	at org.apache.ratis.grpc.client.GrpcClientProtocolClient$AsyncStreamObservers.access$100(GrpcClientProtocolClient.java:300)
	at org.apache.ratis.grpc.client.GrpcClientProtocolClient$AsyncStreamObservers$1.onNext(GrpcClientProtocolClient.java:322)
	at org.apache.ratis.grpc.client.GrpcClientProtocolClient$AsyncStreamObservers$1.onNext(GrpcClientProtocolClient.java:305)
	at org.apache.ratis.thirdparty.io.grpc.stub.ClientCalls$StreamObserverToCallListenerAdapter.onMessage(ClientCalls.java:468)
	at org.apache.ratis.thirdparty.io.grpc.ForwardingClientCallListener.onMessage(ForwardingClientCallListener.java:33)
	at org.apache.ratis.thirdparty.io.grpc.internal.ClientCallImpl$ClientStreamListenerImpl$1MessagesAvailable.runInternal(ClientCallImpl.java:660)
	at org.apache.ratis.thirdparty.io.grpc.internal.ClientCallImpl$ClientStreamListenerImpl$1MessagesAvailable.runInContext(ClientCallImpl.java:647)
	at org.apache.ratis.thirdparty.io.grpc.internal.ContextRunnable.run(ContextRunnable.java:37)
	at org.apache.ratis.thirdparty.io.grpc.internal.SerializingExecutor.run(SerializingExecutor.java:133)
	at java.base/java.util.concurrent.ThreadPoolExecutor.runWorker(ThreadPoolExecutor.java:1136)
	at java.base/java.util.concurrent.ThreadPoolExecutor$Worker.run(ThreadPoolExecutor.java:635)
	at java.base/java.lang.Thread.run(Thread.java:840)
Caused by: org.apache.ratis.protocol.exceptions.StateMachineException: org.apache.hadoop.hdds.scm.container.common.helpers.ContainerNotOpenException from Server 280ba735-fec6-4a50-aa81-34035c985b11@group-14F753A10906: Container 2 in CLOSED state
	at org.apache.hadoop.ozone.container.common.impl.HddsDispatcher.validateContainerCommand(HddsDispatcher.java:569)
	at org.apache.hadoop.ozone.container.common.transport.server.ratis.ContainerStateMachine.startTransaction(ContainerStateMachine.java:418)
	at org.apache.ratis.server.impl.RaftServerImpl.writeAsyncImpl(RaftServerImpl.java:975)
	at org.apache.ratis.server.impl.RaftServerImpl.writeAsync(RaftServerImpl.java:945)
	at org.apache.ratis.server.impl.RaftServerImpl.replyFuture(RaftServerImpl.java:937)
	at org.apache.ratis.server.impl.RaftServerImpl.submitClientRequestAsync(RaftServerImpl.java:912)
	at org.apache.ratis.server.impl.RaftServerImpl.lambda$executeSubmitClientRequestAsync$11(RaftServerImpl.java:893)
	at java.base/java.util.concurrent.CompletableFuture$AsyncSupply.run(CompletableFuture.java:1768)
	... 3 more
Caused by: org.apache.hadoop.hdds.scm.container.common.helpers.ContainerNotOpenException: Container 2 in CLOSED state
	at jdk.internal.reflect.GeneratedConstructorAccessor90.newInstance(Unknown Source)
	at java.base/jdk.internal.reflect.DelegatingConstructorAccessorImpl.newInstance(DelegatingConstructorAccessorImpl.java:45)
	at java.base/java.lang.reflect.Constructor.newInstanceWithCaller(Constructor.java:500)
	at java.base/java.lang.reflect.Constructor.newInstance(Constructor.java:481)
	at org.apache.ratis.util.ReflectionUtils.instantiateException(ReflectionUtils.java:259)
	at org.apache.ratis.client.impl.ClientProtoUtils.toStateMachineException(ClientProtoUtils.java:451)
	at org.apache.ratis.client.impl.ClientProtoUtils.toStateMachineException(ClientProtoUtils.java:437)
	at org.apache.ratis.client.impl.ClientProtoUtils.toRaftClientReply(ClientProtoUtils.java:404)
	at org.apache.ratis.grpc.client.GrpcClientProtocolClient$AsyncStreamObservers$1.onNext(GrpcClientProtocolClient.java:310)
	at org.apache.ratis.grpc.client.GrpcClientProtocolClient$AsyncStreamObservers$1.onNext(GrpcClientProtocolClient.java:305)
	at org.apache.ratis.thirdparty.io.grpc.stub.ClientCalls$StreamObserverToCallListenerAdapter.onMessage(ClientCalls.java:468)
	at org.apache.ratis.thirdparty.io.grpc.ForwardingClientCallListener.onMessage(ForwardingClientCallListener.java:33)
	at org.apache.ratis.thirdparty.io.grpc.internal.ClientCallImpl$ClientStreamListenerImpl$1MessagesAvailable.runInternal(ClientCallImpl.java:660)
	at org.apache.ratis.thirdparty.io.grpc.internal.ClientCallImpl$ClientStreamListenerImpl$1MessagesAvailable.runInContext(ClientCallImpl.java:647)
	at org.apache.ratis.thirdparty.io.grpc.internal.ContextRunnable.run(ContextRunnable.java:37)
	at org.apache.ratis.thirdparty.io.grpc.internal.SerializingExecutor.run(SerializingExecutor.java:133)
	... 3 more
2024-08-10 09:47:08,309 [grpc-default-executor-2] ERROR impl.OrderedAsync (OrderedAsync.java:lambda$send$4(181)) - Failed to send request, message=cmdType: PutBlock
traceID: ""
containerID: 2
datanodeUuid: "d75f2dba-195c-437b-b62a-ed875b85e515"
putBlock {
  blockData {
    blockID {
      containerID: 2
      localID: 113750153625600005
      blockCommitSequenceId: 0
    }
    metadata {
      key: "TYPE"
      value: "KEY"
    }
    chunks {
      chunkName: "113750153625600005_chunk_1"
      offset: 0
      len: 100
      checksumData {
        type: NONE
        bytesPerChecksum: 16384
      }
    }
    chunks {
      chunkName: "113750153625600005_chunk_2"
      offset: 100
      len: 100
      checksumData {
        type: NONE
        bytesPerChecksum: 16384
      }
    }
    chunks {
      chunkName: "113750153625600005_chunk_3"
      offset: 200
      len: 100
      checksumData {
        type: NONE
        bytesPerChecksum: 16384
      }
    }
    chunks {
      chunkName: "113750153625600005_chunk_4"
      offset: 300
      len: 100
      checksumData {
        type: NONE
        bytesPerChecksum: 16384
      }
    }
    chunks {
      chunkName: "113750153625600005_chunk_5"
      offset: 400
      len: 100
      checksumData {
        type: NONE
        bytesPerChecksum: 16384
      }
    }
    chunks {
      chunkName: "113750153625600005_chunk_6"
      offset: 500
      len: 100
      checksumData {
        type: NONE
        bytesPerChecksum: 16384
      }
    }
    chunks {
      chunkName: "113750153625600005_chunk_7"
      offset: 600
      len: 100
      checksumData {
        type: NONE
        bytesPerChecksum: 16384
      }
    }
    chunks {
      chunkName: "113750153625600005_chunk_8"
      offset: 700
      len: 100
      checksumData {
        type: NONE
        bytesPerChecksum: 16384
      }
    }
  }
  eof: true
}
version: 4
, data.size=0
java.util.concurrent.CompletionException: org.apache.ratis.protocol.exceptions.StateMachineException: org.apache.hadoop.hdds.scm.container.common.helpers.ContainerNotOpenException from Server 280ba735-fec6-4a50-aa81-34035c985b11@group-14F753A10906: Container 2 in CLOSED state
	at org.apache.ratis.client.impl.RaftClientImpl.handleRaftException(RaftClientImpl.java:373)
	at org.apache.ratis.client.impl.OrderedAsync.lambda$send$3(OrderedAsync.java:175)
	at java.base/java.util.concurrent.CompletableFuture$UniApply.tryFire(CompletableFuture.java:646)
	at java.base/java.util.concurrent.CompletableFuture.postComplete(CompletableFuture.java:510)
	at java.base/java.util.concurrent.CompletableFuture.complete(CompletableFuture.java:2147)
	at org.apache.ratis.client.impl.OrderedAsync$PendingOrderedRequest.setReply(OrderedAsync.java:105)
	at org.apache.ratis.client.impl.OrderedAsync$PendingOrderedRequest.setReply(OrderedAsync.java:66)
	at org.apache.ratis.util.SlidingWindow$RequestMap.setReply(SlidingWindow.java:147)
	at org.apache.ratis.util.SlidingWindow$Client.receiveReply(SlidingWindow.java:351)
	at org.apache.ratis.client.impl.OrderedAsync.lambda$sendRequestWithRetry$5(OrderedAsync.java:210)
	at java.base/java.util.concurrent.CompletableFuture$UniAccept.tryFire(CompletableFuture.java:718)
	at java.base/java.util.concurrent.CompletableFuture.postComplete(CompletableFuture.java:510)
	at java.base/java.util.concurrent.CompletableFuture.complete(CompletableFuture.java:2147)
	at org.apache.ratis.grpc.client.GrpcClientProtocolClient$AsyncStreamObservers$1.lambda$onNext$0(GrpcClientProtocolClient.java:322)
	at java.base/java.util.Optional.ifPresent(Optional.java:178)
	at org.apache.ratis.grpc.client.GrpcClientProtocolClient$AsyncStreamObservers.handleReplyFuture(GrpcClientProtocolClient.java:378)
	at org.apache.ratis.grpc.client.GrpcClientProtocolClient$AsyncStreamObservers.access$100(GrpcClientProtocolClient.java:300)
	at org.apache.ratis.grpc.client.GrpcClientProtocolClient$AsyncStreamObservers$1.onNext(GrpcClientProtocolClient.java:322)
	at org.apache.ratis.grpc.client.GrpcClientProtocolClient$AsyncStreamObservers$1.onNext(GrpcClientProtocolClient.java:305)
	at org.apache.ratis.thirdparty.io.grpc.stub.ClientCalls$StreamObserverToCallListenerAdapter.onMessage(ClientCalls.java:468)
	at org.apache.ratis.thirdparty.io.grpc.ForwardingClientCallListener.onMessage(ForwardingClientCallListener.java:33)
	at org.apache.ratis.thirdparty.io.grpc.internal.ClientCallImpl$ClientStreamListenerImpl$1MessagesAvailable.runInternal(ClientCallImpl.java:660)
	at org.apache.ratis.thirdparty.io.grpc.internal.ClientCallImpl$ClientStreamListenerImpl$1MessagesAvailable.runInContext(ClientCallImpl.java:647)
	at org.apache.ratis.thirdparty.io.grpc.internal.ContextRunnable.run(ContextRunnable.java:37)
	at org.apache.ratis.thirdparty.io.grpc.internal.SerializingExecutor.run(SerializingExecutor.java:133)
	at java.base/java.util.concurrent.ThreadPoolExecutor.runWorker(ThreadPoolExecutor.java:1136)
	at java.base/java.util.concurrent.ThreadPoolExecutor$Worker.run(ThreadPoolExecutor.java:635)
	at java.base/java.lang.Thread.run(Thread.java:840)
Caused by: org.apache.ratis.protocol.exceptions.StateMachineException: org.apache.hadoop.hdds.scm.container.common.helpers.ContainerNotOpenException from Server 280ba735-fec6-4a50-aa81-34035c985b11@group-14F753A10906: Container 2 in CLOSED state
	at org.apache.hadoop.ozone.container.common.impl.HddsDispatcher.validateContainerCommand(HddsDispatcher.java:569)
	at org.apache.hadoop.ozone.container.common.transport.server.ratis.ContainerStateMachine.startTransaction(ContainerStateMachine.java:418)
	at org.apache.ratis.server.impl.RaftServerImpl.writeAsyncImpl(RaftServerImpl.java:975)
	at org.apache.ratis.server.impl.RaftServerImpl.writeAsync(RaftServerImpl.java:945)
	at org.apache.ratis.server.impl.RaftServerImpl.replyFuture(RaftServerImpl.java:937)
	at org.apache.ratis.server.impl.RaftServerImpl.submitClientRequestAsync(RaftServerImpl.java:912)
	at org.apache.ratis.server.impl.RaftServerImpl.lambda$executeSubmitClientRequestAsync$11(RaftServerImpl.java:893)
	at java.base/java.util.concurrent.CompletableFuture$AsyncSupply.run(CompletableFuture.java:1768)
	... 3 more
Caused by: org.apache.hadoop.hdds.scm.container.common.helpers.ContainerNotOpenException: Container 2 in CLOSED state
	at jdk.internal.reflect.GeneratedConstructorAccessor90.newInstance(Unknown Source)
	at java.base/jdk.internal.reflect.DelegatingConstructorAccessorImpl.newInstance(DelegatingConstructorAccessorImpl.java:45)
	at java.base/java.lang.reflect.Constructor.newInstanceWithCaller(Constructor.java:500)
	at java.base/java.lang.reflect.Constructor.newInstance(Constructor.java:481)
	at org.apache.ratis.util.ReflectionUtils.instantiateException(ReflectionUtils.java:259)
	at org.apache.ratis.client.impl.ClientProtoUtils.toStateMachineException(ClientProtoUtils.java:451)
	at org.apache.ratis.client.impl.ClientProtoUtils.toStateMachineException(ClientProtoUtils.java:437)
	at org.apache.ratis.client.impl.ClientProtoUtils.toRaftClientReply(ClientProtoUtils.java:404)
	at org.apache.ratis.grpc.client.GrpcClientProtocolClient$AsyncStreamObservers$1.onNext(GrpcClientProtocolClient.java:310)
	at org.apache.ratis.grpc.client.GrpcClientProtocolClient$AsyncStreamObservers$1.onNext(GrpcClientProtocolClient.java:305)
	at org.apache.ratis.thirdparty.io.grpc.stub.ClientCalls$StreamObserverToCallListenerAdapter.onMessage(ClientCalls.java:468)
	at org.apache.ratis.thirdparty.io.grpc.ForwardingClientCallListener.onMessage(ForwardingClientCallListener.java:33)
	at org.apache.ratis.thirdparty.io.grpc.internal.ClientCallImpl$ClientStreamListenerImpl$1MessagesAvailable.runInternal(ClientCallImpl.java:660)
	at org.apache.ratis.thirdparty.io.grpc.internal.ClientCallImpl$ClientStreamListenerImpl$1MessagesAvailable.runInContext(ClientCallImpl.java:647)
	at org.apache.ratis.thirdparty.io.grpc.internal.ContextRunnable.run(ContextRunnable.java:37)
	at org.apache.ratis.thirdparty.io.grpc.internal.SerializingExecutor.run(SerializingExecutor.java:133)
	... 3 more
2024-08-10 09:47:08,317 [main] INFO  scm.XceiverClientRatis (XceiverClientRatis.java:<init>(140)) - WatchType ALL_COMMITTED. Majority 2, 
2024-08-10 09:47:08,388 [EventQueue-CloseContainerForCloseContainerEventHandler] INFO  container.CloseContainerEventHandler (CloseContainerEventHandler.java:onMessage(88)) - Close container Event triggered for container : #6, current state: OPEN
2024-08-10 09:47:08,389 [EventQueue-CloseContainerForCloseContainerEventHandler] INFO  container.CloseContainerEventHandler (CloseContainerEventHandler.java:onMessage(88)) - Close container Event triggered for container : #6, current state: CLOSING
2024-08-10 09:47:08,389 [EventQueue-CloseContainerForCloseContainerEventHandler] INFO  container.CloseContainerEventHandler (CloseContainerEventHandler.java:onMessage(88)) - Close container Event triggered for container : #6, current state: CLOSING
2024-08-10 09:47:11,385 [c1014618-c100-4e2c-97d7-038e29b3cb29-CloseContainerThread-2] INFO  commandhandler.CloseContainerCommandHandler (CloseContainerCommandHandler.java:lambda$handle$0(154)) - Follower cannot close container #6.
2024-08-10 09:47:12,385 [280ba735-fec6-4a50-aa81-34035c985b11-ContainerOp-029aa26b-425a-4e1d-a775-14f753a10906-3] INFO  keyvalue.KeyValueContainer (KeyValueContainer.java:flushAndSyncDB(529)) - Container 6 is synced with bcsId 36.
2024-08-10 09:47:12,385 [280ba735-fec6-4a50-aa81-34035c985b11-ContainerOp-029aa26b-425a-4e1d-a775-14f753a10906-3] INFO  keyvalue.KeyValueContainer (KeyValueContainer.java:flushAndSyncDB(529)) - Container 6 is synced with bcsId 36.
2024-08-10 09:47:12,386 [c1014618-c100-4e2c-97d7-038e29b3cb29-ContainerOp-029aa26b-425a-4e1d-a775-14f753a10906-9] INFO  keyvalue.KeyValueContainer (KeyValueContainer.java:flushAndSyncDB(529)) - Container 6 is synced with bcsId 36.
2024-08-10 09:47:12,386 [c1014618-c100-4e2c-97d7-038e29b3cb29-ContainerOp-029aa26b-425a-4e1d-a775-14f753a10906-9] INFO  keyvalue.KeyValueContainer (KeyValueContainer.java:flushAndSyncDB(529)) - Container 6 is synced with bcsId 36.
2024-08-10 09:47:12,387 [d75f2dba-195c-437b-b62a-ed875b85e515-CloseContainerThread-2] INFO  commandhandler.CloseContainerCommandHandler (CloseContainerCommandHandler.java:lambda$handle$0(154)) - Follower cannot close container #6.
2024-08-10 09:47:12,389 [d75f2dba-195c-437b-b62a-ed875b85e515-ContainerOp-029aa26b-425a-4e1d-a775-14f753a10906-9] INFO  keyvalue.KeyValueContainer (KeyValueContainer.java:flushAndSyncDB(529)) - Container 6 is synced with bcsId 36.
2024-08-10 09:47:12,389 [d75f2dba-195c-437b-b62a-ed875b85e515-ContainerOp-029aa26b-425a-4e1d-a775-14f753a10906-9] INFO  keyvalue.KeyValueContainer (KeyValueContainer.java:flushAndSyncDB(529)) - Container 6 is synced with bcsId 36.
2024-08-10 09:47:12,389 [c1014618-c100-4e2c-97d7-038e29b3cb29-ContainerOp-029aa26b-425a-4e1d-a775-14f753a10906-9] INFO  keyvalue.KeyValueContainer (KeyValueContainer.java:close(444)) - Container 6 is closed with bcsId 36.
09:47:12.390 [280ba735-fec6-4a50-aa81-34035c985b11-client-thread1] ERROR DNAudit - user=null | ip=null | op=WRITE_CHUNK {blockData=conID: 6 locID: 113750153625600007 bcsId: 36 replicaIndex: 0, blockDataSize=100} | ret=FAILURE
org.apache.hadoop.hdds.scm.container.common.helpers.ContainerNotOpenException: Container 6 in CLOSED state
	at org.apache.hadoop.ozone.container.common.impl.HddsDispatcher.validateContainerCommand(HddsDispatcher.java:569) ~[hdds-container-service-1.5.0-SNAPSHOT.jar:?]
	at org.apache.hadoop.ozone.container.common.transport.server.ratis.ContainerStateMachine.startTransaction(ContainerStateMachine.java:418) ~[hdds-container-service-1.5.0-SNAPSHOT.jar:?]
	at org.apache.ratis.server.impl.RaftServerImpl.writeAsyncImpl(RaftServerImpl.java:975) ~[ratis-server-3.1.0.jar:3.1.0]
	at org.apache.ratis.server.impl.RaftServerImpl.writeAsync(RaftServerImpl.java:945) ~[ratis-server-3.1.0.jar:3.1.0]
	at org.apache.ratis.server.impl.RaftServerImpl.replyFuture(RaftServerImpl.java:937) ~[ratis-server-3.1.0.jar:3.1.0]
	at org.apache.ratis.server.impl.RaftServerImpl.submitClientRequestAsync(RaftServerImpl.java:912) ~[ratis-server-3.1.0.jar:3.1.0]
	at org.apache.ratis.server.impl.RaftServerImpl.lambda$executeSubmitClientRequestAsync$11(RaftServerImpl.java:893) ~[ratis-server-3.1.0.jar:3.1.0]
	at java.base/java.util.concurrent.CompletableFuture$AsyncSupply.run(CompletableFuture.java:1768) [?:?]
	at java.base/java.util.concurrent.ThreadPoolExecutor.runWorker(ThreadPoolExecutor.java:1136) [?:?]
	at java.base/java.util.concurrent.ThreadPoolExecutor$Worker.run(ThreadPoolExecutor.java:635) [?:?]
	at java.base/java.lang.Thread.run(Thread.java:840) [?:?]
2024-08-10 09:47:12,391 [FixedThreadPoolWithAffinityExecutor-1-0] INFO  container.IncrementalContainerReportHandler (AbstractContainerReportHandler.java:updateContainerState(312)) - Moving container #6 to CLOSED state, datanode c1014618-c100-4e2c-97d7-038e29b3cb29(localhost/127.0.0.1) reported CLOSED replica with index 0.
2024-08-10 09:47:12,391 [d75f2dba-195c-437b-b62a-ed875b85e515-ContainerOp-029aa26b-425a-4e1d-a775-14f753a10906-9] INFO  keyvalue.KeyValueContainer (KeyValueContainer.java:close(444)) - Container 6 is closed with bcsId 36.
2024-08-10 09:47:12,392 [grpc-default-executor-4] ERROR impl.OrderedAsync (OrderedAsync.java:lambda$send$4(181)) - Failed to send request, message=cmdType: WriteChunk
traceID: ""
containerID: 6
datanodeUuid: "d75f2dba-195c-437b-b62a-ed875b85e515"
writeChunk {
  blockID {
    containerID: 6
    localID: 113750153625600007
    blockCommitSequenceId: 36
    replicaIndex: 0
  }
  chunkData {
    chunkName: "113750153625600007_chunk_3"
    offset: 167
    len: 100
    checksumData {
      type: NONE
      bytesPerChecksum: 16384
    }
  }
}
version: 4
, data.size=100
java.util.concurrent.CompletionException: org.apache.ratis.protocol.exceptions.StateMachineException: org.apache.hadoop.hdds.scm.container.common.helpers.ContainerNotOpenException from Server 280ba735-fec6-4a50-aa81-34035c985b11@group-14F753A10906: Container 6 in CLOSED state
	at org.apache.ratis.client.impl.RaftClientImpl.handleRaftException(RaftClientImpl.java:373)
	at org.apache.ratis.client.impl.OrderedAsync.lambda$send$3(OrderedAsync.java:175)
	at java.base/java.util.concurrent.CompletableFuture$UniApply.tryFire(CompletableFuture.java:646)
	at java.base/java.util.concurrent.CompletableFuture.postComplete(CompletableFuture.java:510)
	at java.base/java.util.concurrent.CompletableFuture.complete(CompletableFuture.java:2147)
	at org.apache.ratis.client.impl.OrderedAsync$PendingOrderedRequest.setReply(OrderedAsync.java:105)
	at org.apache.ratis.client.impl.OrderedAsync$PendingOrderedRequest.setReply(OrderedAsync.java:66)
	at org.apache.ratis.util.SlidingWindow$RequestMap.setReply(SlidingWindow.java:147)
	at org.apache.ratis.util.SlidingWindow$Client.receiveReply(SlidingWindow.java:351)
	at org.apache.ratis.client.impl.OrderedAsync.lambda$sendRequestWithRetry$5(OrderedAsync.java:210)
	at java.base/java.util.concurrent.CompletableFuture$UniAccept.tryFire(CompletableFuture.java:718)
	at java.base/java.util.concurrent.CompletableFuture.postComplete(CompletableFuture.java:510)
	at java.base/java.util.concurrent.CompletableFuture.complete(CompletableFuture.java:2147)
	at org.apache.ratis.grpc.client.GrpcClientProtocolClient$AsyncStreamObservers$1.lambda$onNext$0(GrpcClientProtocolClient.java:322)
	at java.base/java.util.Optional.ifPresent(Optional.java:178)
	at org.apache.ratis.grpc.client.GrpcClientProtocolClient$AsyncStreamObservers.handleReplyFuture(GrpcClientProtocolClient.java:378)
	at org.apache.ratis.grpc.client.GrpcClientProtocolClient$AsyncStreamObservers.access$100(GrpcClientProtocolClient.java:300)
	at org.apache.ratis.grpc.client.GrpcClientProtocolClient$AsyncStreamObservers$1.onNext(GrpcClientProtocolClient.java:322)
	at org.apache.ratis.grpc.client.GrpcClientProtocolClient$AsyncStreamObservers$1.onNext(GrpcClientProtocolClient.java:305)
	at org.apache.ratis.thirdparty.io.grpc.stub.ClientCalls$StreamObserverToCallListenerAdapter.onMessage(ClientCalls.java:468)
	at org.apache.ratis.thirdparty.io.grpc.ForwardingClientCallListener.onMessage(ForwardingClientCallListener.java:33)
	at org.apache.ratis.thirdparty.io.grpc.internal.ClientCallImpl$ClientStreamListenerImpl$1MessagesAvailable.runInternal(ClientCallImpl.java:660)
	at org.apache.ratis.thirdparty.io.grpc.internal.ClientCallImpl$ClientStreamListenerImpl$1MessagesAvailable.runInContext(ClientCallImpl.java:647)
	at org.apache.ratis.thirdparty.io.grpc.internal.ContextRunnable.run(ContextRunnable.java:37)
	at org.apache.ratis.thirdparty.io.grpc.internal.SerializingExecutor.run(SerializingExecutor.java:133)
	at java.base/java.util.concurrent.ThreadPoolExecutor.runWorker(ThreadPoolExecutor.java:1136)
	at java.base/java.util.concurrent.ThreadPoolExecutor$Worker.run(ThreadPoolExecutor.java:635)
	at java.base/java.lang.Thread.run(Thread.java:840)
Caused by: org.apache.ratis.protocol.exceptions.StateMachineException: org.apache.hadoop.hdds.scm.container.common.helpers.ContainerNotOpenException from Server 280ba735-fec6-4a50-aa81-34035c985b11@group-14F753A10906: Container 6 in CLOSED state
	at org.apache.hadoop.ozone.container.common.impl.HddsDispatcher.validateContainerCommand(HddsDispatcher.java:569)
	at org.apache.hadoop.ozone.container.common.transport.server.ratis.ContainerStateMachine.startTransaction(ContainerStateMachine.java:418)
	at org.apache.ratis.server.impl.RaftServerImpl.writeAsyncImpl(RaftServerImpl.java:975)
	at org.apache.ratis.server.impl.RaftServerImpl.writeAsync(RaftServerImpl.java:945)
	at org.apache.ratis.server.impl.RaftServerImpl.replyFuture(RaftServerImpl.java:937)
	at org.apache.ratis.server.impl.RaftServerImpl.submitClientRequestAsync(RaftServerImpl.java:912)
	at org.apache.ratis.server.impl.RaftServerImpl.lambda$executeSubmitClientRequestAsync$11(RaftServerImpl.java:893)
	at java.base/java.util.concurrent.CompletableFuture$AsyncSupply.run(CompletableFuture.java:1768)
	... 3 more
Caused by: org.apache.hadoop.hdds.scm.container.common.helpers.ContainerNotOpenException: Container 6 in CLOSED state
	at jdk.internal.reflect.GeneratedConstructorAccessor90.newInstance(Unknown Source)
	at java.base/jdk.internal.reflect.DelegatingConstructorAccessorImpl.newInstance(DelegatingConstructorAccessorImpl.java:45)
	at java.base/java.lang.reflect.Constructor.newInstanceWithCaller(Constructor.java:500)
	at java.base/java.lang.reflect.Constructor.newInstance(Constructor.java:481)
	at org.apache.ratis.util.ReflectionUtils.instantiateException(ReflectionUtils.java:259)
	at org.apache.ratis.client.impl.ClientProtoUtils.toStateMachineException(ClientProtoUtils.java:451)
	at org.apache.ratis.client.impl.ClientProtoUtils.toStateMachineException(ClientProtoUtils.java:437)
	at org.apache.ratis.client.impl.ClientProtoUtils.toRaftClientReply(ClientProtoUtils.java:404)
	at org.apache.ratis.grpc.client.GrpcClientProtocolClient$AsyncStreamObservers$1.onNext(GrpcClientProtocolClient.java:310)
	at org.apache.ratis.grpc.client.GrpcClientProtocolClient$AsyncStreamObservers$1.onNext(GrpcClientProtocolClient.java:305)
	at org.apache.ratis.thirdparty.io.grpc.stub.ClientCalls$StreamObserverToCallListenerAdapter.onMessage(ClientCalls.java:468)
	at org.apache.ratis.thirdparty.io.grpc.ForwardingClientCallListener.onMessage(ForwardingClientCallListener.java:33)
	at org.apache.ratis.thirdparty.io.grpc.internal.ClientCallImpl$ClientStreamListenerImpl$1MessagesAvailable.runInternal(ClientCallImpl.java:660)
	at org.apache.ratis.thirdparty.io.grpc.internal.ClientCallImpl$ClientStreamListenerImpl$1MessagesAvailable.runInContext(ClientCallImpl.java:647)
	at org.apache.ratis.thirdparty.io.grpc.internal.ContextRunnable.run(ContextRunnable.java:37)
	at org.apache.ratis.thirdparty.io.grpc.internal.SerializingExecutor.run(SerializingExecutor.java:133)
	... 3 more
2024-08-10 09:47:12,391 [280ba735-fec6-4a50-aa81-34035c985b11-ContainerOp-029aa26b-425a-4e1d-a775-14f753a10906-3] INFO  keyvalue.KeyValueContainer (KeyValueContainer.java:close(444)) - Container 6 is closed with bcsId 36.
09:47:12.392 [280ba735-fec6-4a50-aa81-34035c985b11-client-thread1] ERROR DNAudit - user=null | ip=null | op=WRITE_CHUNK {blockData=conID: 6 locID: 113750153625600007 bcsId: 36 replicaIndex: 0, blockDataSize=67} | ret=FAILURE
org.apache.hadoop.hdds.scm.container.common.helpers.ContainerNotOpenException: Container 6 in CLOSED state
	at org.apache.hadoop.ozone.container.common.impl.HddsDispatcher.validateContainerCommand(HddsDispatcher.java:569) ~[hdds-container-service-1.5.0-SNAPSHOT.jar:?]
	at org.apache.hadoop.ozone.container.common.transport.server.ratis.ContainerStateMachine.startTransaction(ContainerStateMachine.java:418) ~[hdds-container-service-1.5.0-SNAPSHOT.jar:?]
	at org.apache.ratis.server.impl.RaftServerImpl.writeAsyncImpl(RaftServerImpl.java:975) ~[ratis-server-3.1.0.jar:3.1.0]
	at org.apache.ratis.server.impl.RaftServerImpl.writeAsync(RaftServerImpl.java:945) ~[ratis-server-3.1.0.jar:3.1.0]
	at org.apache.ratis.server.impl.RaftServerImpl.replyFuture(RaftServerImpl.java:937) ~[ratis-server-3.1.0.jar:3.1.0]
	at org.apache.ratis.server.impl.RaftServerImpl.submitClientRequestAsync(RaftServerImpl.java:912) ~[ratis-server-3.1.0.jar:3.1.0]
	at org.apache.ratis.server.impl.RaftServerImpl.lambda$executeSubmitClientRequestAsync$11(RaftServerImpl.java:893) ~[ratis-server-3.1.0.jar:3.1.0]
	at java.base/java.util.concurrent.CompletableFuture$AsyncSupply.run(CompletableFuture.java:1768) [?:?]
	at java.base/java.util.concurrent.ThreadPoolExecutor.runWorker(ThreadPoolExecutor.java:1136) [?:?]
	at java.base/java.util.concurrent.ThreadPoolExecutor$Worker.run(ThreadPoolExecutor.java:635) [?:?]
	at java.base/java.lang.Thread.run(Thread.java:840) [?:?]
09:47:12.393 [280ba735-fec6-4a50-aa81-34035c985b11-client-thread1] ERROR DNAudit - user=null | ip=null | op=PUT_BLOCK {blockData=[blockId=conID: 6 locID: 113750153625600007 bcsId: 0 replicaIndex: null, size=334]} | ret=FAILURE
org.apache.hadoop.hdds.scm.container.common.helpers.ContainerNotOpenException: Container 6 in CLOSED state
	at org.apache.hadoop.ozone.container.common.impl.HddsDispatcher.validateContainerCommand(HddsDispatcher.java:569) ~[hdds-container-service-1.5.0-SNAPSHOT.jar:?]
	at org.apache.hadoop.ozone.container.common.transport.server.ratis.ContainerStateMachine.startTransaction(ContainerStateMachine.java:418) ~[hdds-container-service-1.5.0-SNAPSHOT.jar:?]
	at org.apache.ratis.server.impl.RaftServerImpl.writeAsyncImpl(RaftServerImpl.java:975) ~[ratis-server-3.1.0.jar:3.1.0]
	at org.apache.ratis.server.impl.RaftServerImpl.writeAsync(RaftServerImpl.java:945) ~[ratis-server-3.1.0.jar:3.1.0]
	at org.apache.ratis.server.impl.RaftServerImpl.replyFuture(RaftServerImpl.java:937) ~[ratis-server-3.1.0.jar:3.1.0]
	at org.apache.ratis.server.impl.RaftServerImpl.submitClientRequestAsync(RaftServerImpl.java:912) ~[ratis-server-3.1.0.jar:3.1.0]
	at org.apache.ratis.server.impl.RaftServerImpl.lambda$executeSubmitClientRequestAsync$11(RaftServerImpl.java:893) ~[ratis-server-3.1.0.jar:3.1.0]
	at java.base/java.util.concurrent.CompletableFuture$AsyncSupply.run(CompletableFuture.java:1768) [?:?]
	at java.base/java.util.concurrent.ThreadPoolExecutor.runWorker(ThreadPoolExecutor.java:1136) [?:?]
	at java.base/java.util.concurrent.ThreadPoolExecutor$Worker.run(ThreadPoolExecutor.java:635) [?:?]
	at java.base/java.lang.Thread.run(Thread.java:840) [?:?]
2024-08-10 09:47:12,394 [grpc-default-executor-4] ERROR impl.OrderedAsync (OrderedAsync.java:lambda$send$4(181)) - Failed to send request, message=cmdType: WriteChunk
traceID: ""
containerID: 6
datanodeUuid: "d75f2dba-195c-437b-b62a-ed875b85e515"
writeChunk {
  blockID {
    containerID: 6
    localID: 113750153625600007
    blockCommitSequenceId: 36
    replicaIndex: 0
  }
  chunkData {
    chunkName: "113750153625600007_chunk_4"
    offset: 267
    len: 67
    checksumData {
      type: NONE
      bytesPerChecksum: 16384
    }
  }
}
version: 4
, data.size=67
java.util.concurrent.CompletionException: org.apache.ratis.protocol.exceptions.StateMachineException: org.apache.hadoop.hdds.scm.container.common.helpers.ContainerNotOpenException from Server 280ba735-fec6-4a50-aa81-34035c985b11@group-14F753A10906: Container 6 in CLOSED state
	at org.apache.ratis.client.impl.RaftClientImpl.handleRaftException(RaftClientImpl.java:373)
	at org.apache.ratis.client.impl.OrderedAsync.lambda$send$3(OrderedAsync.java:175)
	at java.base/java.util.concurrent.CompletableFuture$UniApply.tryFire(CompletableFuture.java:646)
	at java.base/java.util.concurrent.CompletableFuture.postComplete(CompletableFuture.java:510)
	at java.base/java.util.concurrent.CompletableFuture.complete(CompletableFuture.java:2147)
	at org.apache.ratis.client.impl.OrderedAsync$PendingOrderedRequest.setReply(OrderedAsync.java:105)
	at org.apache.ratis.client.impl.OrderedAsync$PendingOrderedRequest.setReply(OrderedAsync.java:66)
	at org.apache.ratis.util.SlidingWindow$RequestMap.setReply(SlidingWindow.java:147)
	at org.apache.ratis.util.SlidingWindow$Client.receiveReply(SlidingWindow.java:351)
	at org.apache.ratis.client.impl.OrderedAsync.lambda$sendRequestWithRetry$5(OrderedAsync.java:210)
	at java.base/java.util.concurrent.CompletableFuture$UniAccept.tryFire(CompletableFuture.java:718)
	at java.base/java.util.concurrent.CompletableFuture.postComplete(CompletableFuture.java:510)
	at java.base/java.util.concurrent.CompletableFuture.complete(CompletableFuture.java:2147)
	at org.apache.ratis.grpc.client.GrpcClientProtocolClient$AsyncStreamObservers$1.lambda$onNext$0(GrpcClientProtocolClient.java:322)
	at java.base/java.util.Optional.ifPresent(Optional.java:178)
	at org.apache.ratis.grpc.client.GrpcClientProtocolClient$AsyncStreamObservers.handleReplyFuture(GrpcClientProtocolClient.java:378)
	at org.apache.ratis.grpc.client.GrpcClientProtocolClient$AsyncStreamObservers.access$100(GrpcClientProtocolClient.java:300)
	at org.apache.ratis.grpc.client.GrpcClientProtocolClient$AsyncStreamObservers$1.onNext(GrpcClientProtocolClient.java:322)
	at org.apache.ratis.grpc.client.GrpcClientProtocolClient$AsyncStreamObservers$1.onNext(GrpcClientProtocolClient.java:305)
	at org.apache.ratis.thirdparty.io.grpc.stub.ClientCalls$StreamObserverToCallListenerAdapter.onMessage(ClientCalls.java:468)
	at org.apache.ratis.thirdparty.io.grpc.ForwardingClientCallListener.onMessage(ForwardingClientCallListener.java:33)
	at org.apache.ratis.thirdparty.io.grpc.internal.ClientCallImpl$ClientStreamListenerImpl$1MessagesAvailable.runInternal(ClientCallImpl.java:660)
	at org.apache.ratis.thirdparty.io.grpc.internal.ClientCallImpl$ClientStreamListenerImpl$1MessagesAvailable.runInContext(ClientCallImpl.java:647)
	at org.apache.ratis.thirdparty.io.grpc.internal.ContextRunnable.run(ContextRunnable.java:37)
	at org.apache.ratis.thirdparty.io.grpc.internal.SerializingExecutor.run(SerializingExecutor.java:133)
	at java.base/java.util.concurrent.ThreadPoolExecutor.runWorker(ThreadPoolExecutor.java:1136)
	at java.base/java.util.concurrent.ThreadPoolExecutor$Worker.run(ThreadPoolExecutor.java:635)
	at java.base/java.lang.Thread.run(Thread.java:840)
Caused by: org.apache.ratis.protocol.exceptions.StateMachineException: org.apache.hadoop.hdds.scm.container.common.helpers.ContainerNotOpenException from Server 280ba735-fec6-4a50-aa81-34035c985b11@group-14F753A10906: Container 6 in CLOSED state
	at org.apache.hadoop.ozone.container.common.impl.HddsDispatcher.validateContainerCommand(HddsDispatcher.java:569)
	at org.apache.hadoop.ozone.container.common.transport.server.ratis.ContainerStateMachine.startTransaction(ContainerStateMachine.java:418)
	at org.apache.ratis.server.impl.RaftServerImpl.writeAsyncImpl(RaftServerImpl.java:975)
	at org.apache.ratis.server.impl.RaftServerImpl.writeAsync(RaftServerImpl.java:945)
	at org.apache.ratis.server.impl.RaftServerImpl.replyFuture(RaftServerImpl.java:937)
	at org.apache.ratis.server.impl.RaftServerImpl.submitClientRequestAsync(RaftServerImpl.java:912)
	at org.apache.ratis.server.impl.RaftServerImpl.lambda$executeSubmitClientRequestAsync$11(RaftServerImpl.java:893)
	at java.base/java.util.concurrent.CompletableFuture$AsyncSupply.run(CompletableFuture.java:1768)
	... 3 more
Caused by: org.apache.hadoop.hdds.scm.container.common.helpers.ContainerNotOpenException: Container 6 in CLOSED state
	at jdk.internal.reflect.GeneratedConstructorAccessor90.newInstance(Unknown Source)
	at java.base/jdk.internal.reflect.DelegatingConstructorAccessorImpl.newInstance(DelegatingConstructorAccessorImpl.java:45)
	at java.base/java.lang.reflect.Constructor.newInstanceWithCaller(Constructor.java:500)
	at java.base/java.lang.reflect.Constructor.newInstance(Constructor.java:481)
	at org.apache.ratis.util.ReflectionUtils.instantiateException(ReflectionUtils.java:259)
	at org.apache.ratis.client.impl.ClientProtoUtils.toStateMachineException(ClientProtoUtils.java:451)
	at org.apache.ratis.client.impl.ClientProtoUtils.toStateMachineException(ClientProtoUtils.java:437)
	at org.apache.ratis.client.impl.ClientProtoUtils.toRaftClientReply(ClientProtoUtils.java:404)
	at org.apache.ratis.grpc.client.GrpcClientProtocolClient$AsyncStreamObservers$1.onNext(GrpcClientProtocolClient.java:310)
	at org.apache.ratis.grpc.client.GrpcClientProtocolClient$AsyncStreamObservers$1.onNext(GrpcClientProtocolClient.java:305)
	at org.apache.ratis.thirdparty.io.grpc.stub.ClientCalls$StreamObserverToCallListenerAdapter.onMessage(ClientCalls.java:468)
	at org.apache.ratis.thirdparty.io.grpc.ForwardingClientCallListener.onMessage(ForwardingClientCallListener.java:33)
	at org.apache.ratis.thirdparty.io.grpc.internal.ClientCallImpl$ClientStreamListenerImpl$1MessagesAvailable.runInternal(ClientCallImpl.java:660)
	at org.apache.ratis.thirdparty.io.grpc.internal.ClientCallImpl$ClientStreamListenerImpl$1MessagesAvailable.runInContext(ClientCallImpl.java:647)
	at org.apache.ratis.thirdparty.io.grpc.internal.ContextRunnable.run(ContextRunnable.java:37)
	at org.apache.ratis.thirdparty.io.grpc.internal.SerializingExecutor.run(SerializingExecutor.java:133)
	... 3 more
2024-08-10 09:47:12,395 [grpc-default-executor-4] ERROR impl.OrderedAsync (OrderedAsync.java:lambda$send$4(181)) - Failed to send request, message=cmdType: PutBlock
traceID: ""
containerID: 6
datanodeUuid: "d75f2dba-195c-437b-b62a-ed875b85e515"
putBlock {
  blockData {
    blockID {
      containerID: 6
      localID: 113750153625600007
      blockCommitSequenceId: 0
    }
    metadata {
      key: "TYPE"
      value: "KEY"
    }
    chunks {
      chunkName: "113750153625600007_chunk_1"
      offset: 0
      len: 100
      checksumData {
        type: NONE
        bytesPerChecksum: 16384
      }
    }
    chunks {
      chunkName: "113750153625600007_chunk_2"
      offset: 100
      len: 67
      checksumData {
        type: NONE
        bytesPerChecksum: 16384
      }
    }
    chunks {
      chunkName: "113750153625600007_chunk_3"
      offset: 167
      len: 100
      checksumData {
        type: NONE
        bytesPerChecksum: 16384
      }
    }
    chunks {
      chunkName: "113750153625600007_chunk_4"
      offset: 267
      len: 67
      checksumData {
        type: NONE
        bytesPerChecksum: 16384
      }
    }
  }
  eof: true
}
version: 4
, data.size=0
java.util.concurrent.CompletionException: org.apache.ratis.protocol.exceptions.StateMachineException: org.apache.hadoop.hdds.scm.container.common.helpers.ContainerNotOpenException from Server 280ba735-fec6-4a50-aa81-34035c985b11@group-14F753A10906: Container 6 in CLOSED state
	at org.apache.ratis.client.impl.RaftClientImpl.handleRaftException(RaftClientImpl.java:373)
	at org.apache.ratis.client.impl.OrderedAsync.lambda$send$3(OrderedAsync.java:175)
	at java.base/java.util.concurrent.CompletableFuture$UniApply.tryFire(CompletableFuture.java:646)
	at java.base/java.util.concurrent.CompletableFuture.postComplete(CompletableFuture.java:510)
	at java.base/java.util.concurrent.CompletableFuture.complete(CompletableFuture.java:2147)
	at org.apache.ratis.client.impl.OrderedAsync$PendingOrderedRequest.setReply(OrderedAsync.java:105)
	at org.apache.ratis.client.impl.OrderedAsync$PendingOrderedRequest.setReply(OrderedAsync.java:66)
	at org.apache.ratis.util.SlidingWindow$RequestMap.setReply(SlidingWindow.java:147)
	at org.apache.ratis.util.SlidingWindow$Client.receiveReply(SlidingWindow.java:351)
	at org.apache.ratis.client.impl.OrderedAsync.lambda$sendRequestWithRetry$5(OrderedAsync.java:210)
	at java.base/java.util.concurrent.CompletableFuture$UniAccept.tryFire(CompletableFuture.java:718)
	at java.base/java.util.concurrent.CompletableFuture.postComplete(CompletableFuture.java:510)
	at java.base/java.util.concurrent.CompletableFuture.complete(CompletableFuture.java:2147)
	at org.apache.ratis.grpc.client.GrpcClientProtocolClient$AsyncStreamObservers$1.lambda$onNext$0(GrpcClientProtocolClient.java:322)
	at java.base/java.util.Optional.ifPresent(Optional.java:178)
	at org.apache.ratis.grpc.client.GrpcClientProtocolClient$AsyncStreamObservers.handleReplyFuture(GrpcClientProtocolClient.java:378)
	at org.apache.ratis.grpc.client.GrpcClientProtocolClient$AsyncStreamObservers.access$100(GrpcClientProtocolClient.java:300)
	at org.apache.ratis.grpc.client.GrpcClientProtocolClient$AsyncStreamObservers$1.onNext(GrpcClientProtocolClient.java:322)
	at org.apache.ratis.grpc.client.GrpcClientProtocolClient$AsyncStreamObservers$1.onNext(GrpcClientProtocolClient.java:305)
	at org.apache.ratis.thirdparty.io.grpc.stub.ClientCalls$StreamObserverToCallListenerAdapter.onMessage(ClientCalls.java:468)
	at org.apache.ratis.thirdparty.io.grpc.ForwardingClientCallListener.onMessage(ForwardingClientCallListener.java:33)
	at org.apache.ratis.thirdparty.io.grpc.internal.ClientCallImpl$ClientStreamListenerImpl$1MessagesAvailable.runInternal(ClientCallImpl.java:660)
	at org.apache.ratis.thirdparty.io.grpc.internal.ClientCallImpl$ClientStreamListenerImpl$1MessagesAvailable.runInContext(ClientCallImpl.java:647)
	at org.apache.ratis.thirdparty.io.grpc.internal.ContextRunnable.run(ContextRunnable.java:37)
	at org.apache.ratis.thirdparty.io.grpc.internal.SerializingExecutor.run(SerializingExecutor.java:133)
	at java.base/java.util.concurrent.ThreadPoolExecutor.runWorker(ThreadPoolExecutor.java:1136)
	at java.base/java.util.concurrent.ThreadPoolExecutor$Worker.run(ThreadPoolExecutor.java:635)
	at java.base/java.lang.Thread.run(Thread.java:840)
Caused by: org.apache.ratis.protocol.exceptions.StateMachineException: org.apache.hadoop.hdds.scm.container.common.helpers.ContainerNotOpenException from Server 280ba735-fec6-4a50-aa81-34035c985b11@group-14F753A10906: Container 6 in CLOSED state
	at org.apache.hadoop.ozone.container.common.impl.HddsDispatcher.validateContainerCommand(HddsDispatcher.java:569)
	at org.apache.hadoop.ozone.container.common.transport.server.ratis.ContainerStateMachine.startTransaction(ContainerStateMachine.java:418)
	at org.apache.ratis.server.impl.RaftServerImpl.writeAsyncImpl(RaftServerImpl.java:975)
	at org.apache.ratis.server.impl.RaftServerImpl.writeAsync(RaftServerImpl.java:945)
	at org.apache.ratis.server.impl.RaftServerImpl.replyFuture(RaftServerImpl.java:937)
	at org.apache.ratis.server.impl.RaftServerImpl.submitClientRequestAsync(RaftServerImpl.java:912)
	at org.apache.ratis.server.impl.RaftServerImpl.lambda$executeSubmitClientRequestAsync$11(RaftServerImpl.java:893)
	at java.base/java.util.concurrent.CompletableFuture$AsyncSupply.run(CompletableFuture.java:1768)
	... 3 more
Caused by: org.apache.hadoop.hdds.scm.container.common.helpers.ContainerNotOpenException: Container 6 in CLOSED state
	at jdk.internal.reflect.GeneratedConstructorAccessor90.newInstance(Unknown Source)
	at java.base/jdk.internal.reflect.DelegatingConstructorAccessorImpl.newInstance(DelegatingConstructorAccessorImpl.java:45)
	at java.base/java.lang.reflect.Constructor.newInstanceWithCaller(Constructor.java:500)
	at java.base/java.lang.reflect.Constructor.newInstance(Constructor.java:481)
	at org.apache.ratis.util.ReflectionUtils.instantiateException(ReflectionUtils.java:259)
	at org.apache.ratis.client.impl.ClientProtoUtils.toStateMachineException(ClientProtoUtils.java:451)
	at org.apache.ratis.client.impl.ClientProtoUtils.toStateMachineException(ClientProtoUtils.java:437)
	at org.apache.ratis.client.impl.ClientProtoUtils.toRaftClientReply(ClientProtoUtils.java:404)
	at org.apache.ratis.grpc.client.GrpcClientProtocolClient$AsyncStreamObservers$1.onNext(GrpcClientProtocolClient.java:310)
	at org.apache.ratis.grpc.client.GrpcClientProtocolClient$AsyncStreamObservers$1.onNext(GrpcClientProtocolClient.java:305)
	at org.apache.ratis.thirdparty.io.grpc.stub.ClientCalls$StreamObserverToCallListenerAdapter.onMessage(ClientCalls.java:468)
	at org.apache.ratis.thirdparty.io.grpc.ForwardingClientCallListener.onMessage(ForwardingClientCallListener.java:33)
	at org.apache.ratis.thirdparty.io.grpc.internal.ClientCallImpl$ClientStreamListenerImpl$1MessagesAvailable.runInternal(ClientCallImpl.java:660)
	at org.apache.ratis.thirdparty.io.grpc.internal.ClientCallImpl$ClientStreamListenerImpl$1MessagesAvailable.runInContext(ClientCallImpl.java:647)
	at org.apache.ratis.thirdparty.io.grpc.internal.ContextRunnable.run(ContextRunnable.java:37)
	at org.apache.ratis.thirdparty.io.grpc.internal.SerializingExecutor.run(SerializingExecutor.java:133)
	... 3 more
2024-08-10 09:47:12,438 [main] INFO  ozone.MiniOzoneClusterImpl (MiniOzoneClusterImpl.java:shutdown(410)) - Shutting down the Mini Ozone Cluster
2024-08-10 09:47:12,439 [main] INFO  db.CodecTestUtil (CodecTestUtil.java:gc(50)) - gc 0
]]></system-out>
  </testcase>
</testsuite>