<?xml version="1.0" encoding="UTF-8"?>
<testsuite xmlns:xsi="http://www.w3.org/2001/XMLSchema-instance" xsi:noNamespaceSchemaLocation="https://maven.apache.org/surefire/maven-surefire-plugin/xsd/surefire-test-report.xsd" name="org.apache.hadoop.ozone.client.rpc.TestReadRetries" time="60.987" tests="1" errors="0" skipped="0" failures="1">
  <properties>
    <property name="awt.toolkit" value="sun.awt.X11.XToolkit"/>
    <property name="file.encoding.pkg" value="sun.io"/>
    <property name="java.specification.version" value="1.8"/>
    <property name="sun.cpu.isalist" value=""/>
    <property name="sun.jnu.encoding" value="ANSI_X3.4-1968"/>
    <property name="java.class.path" value="/github/workspace/mnt/ozone/hadoop-ozone/integration-test/target/test-classes:/github/workspace/mnt/ozone/hadoop-ozone/integration-test/target/classes:/home/user/.m2/repository/org/apache/hadoop/hadoop-ozone-common/0.6.0-SNAPSHOT/hadoop-ozone-common-0.6.0-SNAPSHOT.jar:/home/user/.m2/repository/org/apache/commons/commons-compress/1.4.1/commons-compress-1.4.1.jar:/home/user/.m2/repository/org/tukaani/xz/1.0/xz-1.0.jar:/home/user/.m2/repository/org/apache/hadoop/hadoop-hdds-common/0.6.0-SNAPSHOT/hadoop-hdds-common-0.6.0-SNAPSHOT.jar:/home/user/.m2/repository/info/picocli/picocli/3.9.6/picocli-3.9.6.jar:/home/user/.m2/repository/com/fasterxml/jackson/core/jackson-annotations/2.10.3/jackson-annotations-2.10.3.jar:/home/user/.m2/repository/javax/annotation/javax.annotation-api/1.2/javax.annotation-api-1.2.jar:/home/user/.m2/repository/org/apache/ratis/ratis-server/0.6.0-cac3336-SNAPSHOT/ratis-server-0.6.0-cac3336-SNAPSHOT.jar:/home/user/.m2/repository/org/apache/ratis/ratis-thirdparty-misc/0.4.0/ratis-thirdparty-misc-0.4.0.jar:/home/user/.m2/repository/org/apache/ratis/ratis-client/0.6.0-cac3336-SNAPSHOT/ratis-client-0.6.0-cac3336-SNAPSHOT.jar:/home/user/.m2/repository/org/apache/ratis/ratis-metrics/0.6.0-cac3336-SNAPSHOT/ratis-metrics-0.6.0-cac3336-SNAPSHOT.jar:/home/user/.m2/repository/org/apache/ratis/ratis-netty/0.6.0-cac3336-SNAPSHOT/ratis-netty-0.6.0-cac3336-SNAPSHOT.jar:/home/user/.m2/repository/org/apache/ratis/ratis-grpc/0.6.0-cac3336-SNAPSHOT/ratis-grpc-0.6.0-cac3336-SNAPSHOT.jar:/home/user/.m2/repository/org/apache/logging/log4j/log4j-api/2.11.0/log4j-api-2.11.0.jar:/home/user/.m2/repository/org/apache/logging/log4j/log4j-core/2.11.0/log4j-core-2.11.0.jar:/home/user/.m2/repository/com/lmax/disruptor/3.4.2/disruptor-3.4.2.jar:/home/user/.m2/repository/org/apache/commons/commons-pool2/2.6.0/commons-pool2-2.6.0.jar:/home/user/.m2/repository/org/bouncycastle/bcpkix-jdk15on/1.60/bcpkix-jdk15on-1.60.jar:/home/user/.m2/repository/commons-validator/commons-validator/1.6/commons-validator-1.6.jar:/home/user/.m2/repository/commons-digester/commons-digester/1.8.1/commons-digester-1.8.1.jar:/home/user/.m2/repository/io/jaegertracing/jaeger-client/1.2.0/jaeger-client-1.2.0.jar:/home/user/.m2/repository/io/jaegertracing/jaeger-thrift/1.2.0/jaeger-thrift-1.2.0.jar:/home/user/.m2/repository/org/apache/thrift/libthrift/0.13.0/libthrift-0.13.0.jar:/home/user/.m2/repository/com/squareup/okhttp3/okhttp/4.2.2/okhttp-4.2.2.jar:/home/user/.m2/repository/com/squareup/okio/okio/2.2.2/okio-2.2.2.jar:/home/user/.m2/repository/org/jetbrains/kotlin/kotlin-stdlib/1.3.50/kotlin-stdlib-1.3.50.jar:/home/user/.m2/repository/org/jetbrains/kotlin/kotlin-stdlib-common/1.3.50/kotlin-stdlib-common-1.3.50.jar:/home/user/.m2/repository/org/jetbrains/annotations/13.0/annotations-13.0.jar:/home/user/.m2/repository/io/jaegertracing/jaeger-core/1.2.0/jaeger-core-1.2.0.jar:/home/user/.m2/repository/io/jaegertracing/jaeger-tracerresolver/1.2.0/jaeger-tracerresolver-1.2.0.jar:/home/user/.m2/repository/io/opentracing/contrib/opentracing-tracerresolver/0.1.8/opentracing-tracerresolver-0.1.8.jar:/home/user/.m2/repository/io/opentracing/opentracing-util/0.33.0/opentracing-util-0.33.0.jar:/home/user/.m2/repository/io/opentracing/opentracing-api/0.33.0/opentracing-api-0.33.0.jar:/home/user/.m2/repository/io/opentracing/opentracing-noop/0.33.0/opentracing-noop-0.33.0.jar:/home/user/.m2/repository/org/apache/hadoop/hadoop-hdds-client/0.6.0-SNAPSHOT/hadoop-hdds-client-0.6.0-SNAPSHOT.jar:/home/user/.m2/repository/org/apache/hadoop/hadoop-hdds-test-utils/0.6.0-SNAPSHOT/hadoop-hdds-test-utils-0.6.0-SNAPSHOT.jar:/home/user/.m2/repository/com/google/guava/guava/28.2-jre/guava-28.2-jre.jar:/home/user/.m2/repository/com/google/guava/failureaccess/1.0.1/failureaccess-1.0.1.jar:/home/user/.m2/repository/com/google/guava/listenablefuture/9999.0-empty-to-avoid-conflict-with-guava/listenablefuture-9999.0-empty-to-avoid-conflict-with-guava.jar:/home/user/.m2/repository/com/google/code/findbugs/jsr305/3.0.0/jsr305-3.0.0.jar:/home/user/.m2/repository/org/checkerframework/checker-qual/2.10.0/checker-qual-2.10.0.jar:/home/user/.m2/repository/com/google/errorprone/error_prone_annotations/2.2.0/error_prone_annotations-2.2.0.jar:/home/user/.m2/repository/com/google/j2objc/j2objc-annotations/1.3/j2objc-annotations-1.3.jar:/home/user/.m2/repository/commons-io/commons-io/2.5/commons-io-2.5.jar:/home/user/.m2/repository/commons-logging/commons-logging/1.2/commons-logging-1.2.jar:/home/user/.m2/repository/log4j/log4j/1.2.17/log4j-1.2.17.jar:/home/user/.m2/repository/org/slf4j/slf4j-api/1.7.25/slf4j-api-1.7.25.jar:/home/user/.m2/repository/org/apache/hadoop/hadoop-hdds-server-scm/0.6.0-SNAPSHOT/hadoop-hdds-server-scm-0.6.0-SNAPSHOT.jar:/home/user/.m2/repository/org/apache/hadoop/hadoop-hdds-container-service/0.6.0-SNAPSHOT/hadoop-hdds-container-service-0.6.0-SNAPSHOT.jar:/home/user/.m2/repository/org/apache/hadoop/hadoop-hdds-hadoop-dependency-server/0.6.0-SNAPSHOT/hadoop-hdds-hadoop-dependency-server-0.6.0-SNAPSHOT.jar:/home/user/.m2/repository/org/apache/hadoop/hadoop-hdds-server-framework/0.6.0-SNAPSHOT/hadoop-hdds-server-framework-0.6.0-SNAPSHOT.jar:/home/user/.m2/repository/org/rocksdb/rocksdbjni/6.6.4/rocksdbjni-6.6.4.jar:/home/user/.m2/repository/io/prometheus/simpleclient_dropwizard/0.7.0/simpleclient_dropwizard-0.7.0.jar:/home/user/.m2/repository/io/prometheus/simpleclient/0.7.0/simpleclient-0.7.0.jar:/home/user/.m2/repository/io/prometheus/simpleclient_common/0.7.0/simpleclient_common-0.7.0.jar:/home/user/.m2/repository/com/fasterxml/jackson/datatype/jackson-datatype-jsr310/2.10.3/jackson-datatype-jsr310-2.10.3.jar:/home/user/.m2/repository/org/apache/hadoop/hadoop-hdds-docs/0.6.0-SNAPSHOT/hadoop-hdds-docs-0.6.0-SNAPSHOT.jar:/home/user/.m2/repository/io/dropwizard/metrics/metrics-core/3.2.4/metrics-core-3.2.4.jar:/home/user/.m2/repository/org/apache/hadoop/hadoop-hdfs-client/3.2.0/hadoop-hdfs-client-3.2.0.jar:/home/user/.m2/repository/org/bouncycastle/bcprov-jdk15on/1.60/bcprov-jdk15on-1.60.jar:/home/user/.m2/repository/org/apache/hadoop/hadoop-ozone-ozone-manager/0.6.0-SNAPSHOT/hadoop-ozone-ozone-manager-0.6.0-SNAPSHOT.jar:/home/user/.m2/repository/org/apache/hadoop/hadoop-minikdc/3.2.0/hadoop-minikdc-3.2.0.jar:/home/user/.m2/repository/org/apache/kerby/kerb-simplekdc/1.0.1/kerb-simplekdc-1.0.1.jar:/home/user/.m2/repository/org/apache/kerby/kerb-client/1.0.1/kerb-client-1.0.1.jar:/home/user/.m2/repository/org/apache/kerby/kerby-config/1.0.1/kerby-config-1.0.1.jar:/home/user/.m2/repository/org/apache/kerby/kerb-core/1.0.1/kerb-core-1.0.1.jar:/home/user/.m2/repository/org/apache/kerby/kerby-pkix/1.0.1/kerby-pkix-1.0.1.jar:/home/user/.m2/repository/org/apache/kerby/kerby-asn1/1.0.1/kerby-asn1-1.0.1.jar:/home/user/.m2/repository/org/apache/kerby/kerby-util/1.0.1/kerby-util-1.0.1.jar:/home/user/.m2/repository/org/apache/kerby/kerb-common/1.0.1/kerb-common-1.0.1.jar:/home/user/.m2/repository/org/apache/kerby/kerb-crypto/1.0.1/kerb-crypto-1.0.1.jar:/home/user/.m2/repository/org/apache/kerby/kerb-util/1.0.1/kerb-util-1.0.1.jar:/home/user/.m2/repository/org/apache/kerby/token-provider/1.0.1/token-provider-1.0.1.jar:/home/user/.m2/repository/org/apache/kerby/kerb-admin/1.0.1/kerb-admin-1.0.1.jar:/home/user/.m2/repository/org/apache/kerby/kerb-server/1.0.1/kerb-server-1.0.1.jar:/home/user/.m2/repository/org/apache/kerby/kerb-identity/1.0.1/kerb-identity-1.0.1.jar:/home/user/.m2/repository/org/apache/kerby/kerby-xdr/1.0.1/kerby-xdr-1.0.1.jar:/home/user/.m2/repository/org/slf4j/slf4j-log4j12/1.7.25/slf4j-log4j12-1.7.25.jar:/home/user/.m2/repository/org/apache/hadoop/hadoop-ozone-s3gateway/0.6.0-SNAPSHOT/hadoop-ozone-s3gateway-0.6.0-SNAPSHOT.jar:/home/user/.m2/repository/org/jboss/weld/servlet/weld-servlet/2.4.7.Final/weld-servlet-2.4.7.Final.jar:/home/user/.m2/repository/org/glassfish/jersey/containers/jersey-container-servlet-core/2.27/jersey-container-servlet-core-2.27.jar:/home/user/.m2/repository/org/glassfish/hk2/external/javax.inject/2.5.0-b42/javax.inject-2.5.0-b42.jar:/home/user/.m2/repository/org/glassfish/jersey/core/jersey-common/2.27/jersey-common-2.27.jar:/home/user/.m2/repository/org/glassfish/hk2/osgi-resource-locator/1.0.1/osgi-resource-locator-1.0.1.jar:/home/user/.m2/repository/javax/ws/rs/javax.ws.rs-api/2.1/javax.ws.rs-api-2.1.jar:/home/user/.m2/repository/org/glassfish/jersey/ext/cdi/jersey-cdi1x/2.27/jersey-cdi1x-2.27.jar:/home/user/.m2/repository/org/glassfish/jersey/inject/jersey-hk2/2.27/jersey-hk2-2.27.jar:/home/user/.m2/repository/org/glassfish/hk2/hk2-locator/2.5.0-b42/hk2-locator-2.5.0-b42.jar:/home/user/.m2/repository/org/javassist/javassist/3.22.0-CR2/javassist-3.22.0-CR2.jar:/home/user/.m2/repository/org/glassfish/hk2/hk2-api/2.5.0/hk2-api-2.5.0.jar:/home/user/.m2/repository/org/glassfish/hk2/external/jakarta.inject/2.5.0/jakarta.inject-2.5.0.jar:/home/user/.m2/repository/org/glassfish/hk2/hk2-utils/2.5.0/hk2-utils-2.5.0.jar:/home/user/.m2/repository/jakarta/annotation/jakarta.annotation-api/1.3.4/jakarta.annotation-api-1.3.4.jar:/home/user/.m2/repository/org/glassfish/hk2/external/aopalliance-repackaged/2.5.0/aopalliance-repackaged-2.5.0.jar:/home/user/.m2/repository/com/fasterxml/jackson/dataformat/jackson-dataformat-xml/2.10.3/jackson-dataformat-xml-2.10.3.jar:/home/user/.m2/repository/com/fasterxml/jackson/core/jackson-core/2.10.3/jackson-core-2.10.3.jar:/home/user/.m2/repository/com/fasterxml/jackson/module/jackson-module-jaxb-annotations/2.10.3/jackson-module-jaxb-annotations-2.10.3.jar:/home/user/.m2/repository/jakarta/xml/bind/jakarta.xml.bind-api/2.3.2/jakarta.xml.bind-api-2.3.2.jar:/home/user/.m2/repository/jakarta/activation/jakarta.activation-api/1.2.1/jakarta.activation-api-1.2.1.jar:/home/user/.m2/repository/org/codehaus/woodstox/stax2-api/3.1.4/stax2-api-3.1.4.jar:/home/user/.m2/repository/com/fasterxml/woodstox/woodstox-core/5.0.3/woodstox-core-5.0.3.jar:/home/user/.m2/repository/javax/enterprise/cdi-api/1.2/cdi-api-1.2.jar:/home/user/.m2/repository/javax/el/javax.el-api/3.0.0/javax.el-api-3.0.0.jar:/home/user/.m2/repository/javax/interceptor/javax.interceptor-api/1.2/javax.interceptor-api-1.2.jar:/home/user/.m2/repository/javax/inject/javax.inject/1/javax.inject-1.jar:/home/user/.m2/repository/com/sun/xml/bind/jaxb-impl/2.3.0.1/jaxb-impl-2.3.0.1.jar:/home/user/.m2/repository/com/sun/xml/bind/jaxb-core/2.3.0.1/jaxb-core-2.3.0.1.jar:/home/user/.m2/repository/javax/xml/bind/jaxb-api/2.3.0/jaxb-api-2.3.0.jar:/home/user/.m2/repository/javax/activation/activation/1.1.1/activation-1.1.1.jar:/home/user/.m2/repository/org/apache/hadoop/hadoop-ozone-csi/0.6.0-SNAPSHOT/hadoop-ozone-csi-0.6.0-SNAPSHOT.jar:/home/user/.m2/repository/com/google/protobuf/protobuf-java-util/3.11.0/protobuf-java-util-3.11.0.jar:/home/user/.m2/repository/com/google/code/gson/gson/2.2.4/gson-2.2.4.jar:/home/user/.m2/repository/org/apache/hadoop/hadoop-hdds-config/0.6.0-SNAPSHOT/hadoop-hdds-config-0.6.0-SNAPSHOT.jar:/home/user/.m2/repository/com/google/protobuf/protobuf-java/2.5.0/protobuf-java-2.5.0.jar:/home/user/.m2/repository/io/grpc/grpc-netty/1.28.1/grpc-netty-1.28.1.jar:/home/user/.m2/repository/io/grpc/grpc-core/1.28.1/grpc-core-1.28.1.jar:/home/user/.m2/repository/com/google/android/annotations/4.1.1.4/annotations-4.1.1.4.jar:/home/user/.m2/repository/io/perfmark/perfmark-api/0.19.0/perfmark-api-0.19.0.jar:/home/user/.m2/repository/io/netty/netty-codec-http2/4.1.45.Final/netty-codec-http2-4.1.45.Final.jar:/home/user/.m2/repository/io/netty/netty-codec/4.1.45.Final/netty-codec-4.1.45.Final.jar:/home/user/.m2/repository/io/netty/netty-handler/4.1.45.Final/netty-handler-4.1.45.Final.jar:/home/user/.m2/repository/io/netty/netty-codec-http/4.1.45.Final/netty-codec-http-4.1.45.Final.jar:/home/user/.m2/repository/io/netty/netty-handler-proxy/4.1.45.Final/netty-handler-proxy-4.1.45.Final.jar:/home/user/.m2/repository/io/netty/netty-codec-socks/4.1.45.Final/netty-codec-socks-4.1.45.Final.jar:/home/user/.m2/repository/io/netty/netty-transport-native-epoll/4.1.48.Final/netty-transport-native-epoll-4.1.48.Final.jar:/home/user/.m2/repository/io/netty/netty-common/4.1.48.Final/netty-common-4.1.48.Final.jar:/home/user/.m2/repository/io/netty/netty-buffer/4.1.48.Final/netty-buffer-4.1.48.Final.jar:/home/user/.m2/repository/io/netty/netty-transport/4.1.48.Final/netty-transport-4.1.48.Final.jar:/home/user/.m2/repository/io/netty/netty-resolver/4.1.48.Final/netty-resolver-4.1.48.Final.jar:/home/user/.m2/repository/io/netty/netty-transport-native-unix-common/4.1.48.Final/netty-transport-native-unix-common-4.1.48.Final.jar:/home/user/.m2/repository/io/grpc/grpc-protobuf/1.28.1/grpc-protobuf-1.28.1.jar:/home/user/.m2/repository/io/grpc/grpc-api/1.28.1/grpc-api-1.28.1.jar:/home/user/.m2/repository/io/grpc/grpc-context/1.28.1/grpc-context-1.28.1.jar:/home/user/.m2/repository/org/codehaus/mojo/animal-sniffer-annotations/1.18/animal-sniffer-annotations-1.18.jar:/home/user/.m2/repository/com/google/api/grpc/proto-google-common-protos/1.17.0/proto-google-common-protos-1.17.0.jar:/home/user/.m2/repository/io/grpc/grpc-protobuf-lite/1.28.1/grpc-protobuf-lite-1.28.1.jar:/home/user/.m2/repository/io/grpc/grpc-stub/1.28.1/grpc-stub-1.28.1.jar:/home/user/.m2/repository/org/apache/hadoop/hadoop-ozone-recon/0.6.0-SNAPSHOT/hadoop-ozone-recon-0.6.0-SNAPSHOT.jar:/home/user/.m2/repository/org/apache/hadoop/hadoop-ozone-reconcodegen/0.6.0-SNAPSHOT/hadoop-ozone-reconcodegen-0.6.0-SNAPSHOT.jar:/home/user/.m2/repository/com/google/inject/extensions/guice-multibindings/4.0/guice-multibindings-4.0.jar:/home/user/.m2/repository/com/google/inject/guice/4.0/guice-4.0.jar:/home/user/.m2/repository/aopalliance/aopalliance/1.0/aopalliance-1.0.jar:/home/user/.m2/repository/com/google/inject/extensions/guice-assistedinject/4.0/guice-assistedinject-4.0.jar:/home/user/.m2/repository/com/google/inject/extensions/guice-servlet/4.0/guice-servlet-4.0.jar:/home/user/.m2/repository/org/glassfish/jersey/containers/jersey-container-servlet/2.27/jersey-container-servlet-2.27.jar:/home/user/.m2/repository/org/glassfish/hk2/guice-bridge/2.5.0/guice-bridge-2.5.0.jar:/home/user/.m2/repository/org/glassfish/jersey/core/jersey-server/2.27/jersey-server-2.27.jar:/home/user/.m2/repository/org/glassfish/jersey/core/jersey-client/2.27/jersey-client-2.27.jar:/home/user/.m2/repository/org/glassfish/jersey/media/jersey-media-jaxb/2.27/jersey-media-jaxb-2.27.jar:/home/user/.m2/repository/javax/validation/validation-api/1.1.0.Final/validation-api-1.1.0.Final.jar:/home/user/.m2/repository/org/glassfish/jersey/media/jersey-media-json-jackson/2.27/jersey-media-json-jackson-2.27.jar:/home/user/.m2/repository/org/glassfish/jersey/ext/jersey-entity-filtering/2.27/jersey-entity-filtering-2.27.jar:/home/user/.m2/repository/org/jooq/jooq/3.11.10/jooq-3.11.10.jar:/home/user/.m2/repository/org/jooq/jooq-meta/3.11.10/jooq-meta-3.11.10.jar:/home/user/.m2/repository/org/jooq/jooq-codegen/3.11.10/jooq-codegen-3.11.10.jar:/home/user/.m2/repository/com/jolbox/bonecp/0.8.0.RELEASE/bonecp-0.8.0.RELEASE.jar:/home/user/.m2/repository/org/apache/derby/derby/10.14.2.0/derby-10.14.2.0.jar:/home/user/.m2/repository/org/xerial/sqlite-jdbc/3.25.2/sqlite-jdbc-3.25.2.jar:/home/user/.m2/repository/org/springframework/spring-jdbc/5.2.5.RELEASE/spring-jdbc-5.2.5.RELEASE.jar:/home/user/.m2/repository/org/springframework/spring-beans/5.2.5.RELEASE/spring-beans-5.2.5.RELEASE.jar:/home/user/.m2/repository/org/springframework/spring-core/5.2.5.RELEASE/spring-core-5.2.5.RELEASE.jar:/home/user/.m2/repository/org/springframework/spring-jcl/5.2.5.RELEASE/spring-jcl-5.2.5.RELEASE.jar:/home/user/.m2/repository/org/springframework/spring-tx/5.2.5.RELEASE/spring-tx-5.2.5.RELEASE.jar:/home/user/.m2/repository/org/apache/hadoop/hadoop-ozone-client/0.6.0-SNAPSHOT/hadoop-ozone-client-0.6.0-SNAPSHOT.jar:/home/user/.m2/repository/org/apache/hadoop/hadoop-ozone-filesystem/0.6.0-SNAPSHOT/hadoop-ozone-filesystem-0.6.0-SNAPSHOT.jar:/home/user/.m2/repository/org/apache/hadoop/hadoop-hdds-hadoop-dependency-client/0.6.0-SNAPSHOT/hadoop-hdds-hadoop-dependency-client-0.6.0-SNAPSHOT.jar:/home/user/.m2/repository/org/apache/hadoop/hadoop-ozone-tools/0.6.0-SNAPSHOT/hadoop-ozone-tools-0.6.0-SNAPSHOT.jar:/home/user/.m2/repository/org/apache/hadoop/hadoop-hdfs/3.2.0/hadoop-hdfs-3.2.0.jar:/home/user/.m2/repository/org/apache/ratis/ratis-tools/0.6.0-cac3336-SNAPSHOT/ratis-tools-0.6.0-cac3336-SNAPSHOT.jar:/home/user/.m2/repository/org/apache/ratis/ratis-proto/0.6.0-cac3336-SNAPSHOT/ratis-proto-0.6.0-cac3336-SNAPSHOT.jar:/home/user/.m2/repository/org/apache/ratis/ratis-common/0.6.0-cac3336-SNAPSHOT/ratis-common-0.6.0-cac3336-SNAPSHOT.jar:/home/user/.m2/repository/com/amazonaws/aws-java-sdk-core/1.11.615/aws-java-sdk-core-1.11.615.jar:/home/user/.m2/repository/org/apache/httpcomponents/httpclient/4.5.2/httpclient-4.5.2.jar:/home/user/.m2/repository/org/apache/httpcomponents/httpcore/4.4.4/httpcore-4.4.4.jar:/home/user/.m2/repository/software/amazon/ion/ion-java/1.0.2/ion-java-1.0.2.jar:/home/user/.m2/repository/com/fasterxml/jackson/dataformat/jackson-dataformat-cbor/2.10.3/jackson-dataformat-cbor-2.10.3.jar:/home/user/.m2/repository/joda-time/joda-time/2.9.9/joda-time-2.9.9.jar:/home/user/.m2/repository/com/amazonaws/aws-java-sdk-s3/1.11.615/aws-java-sdk-s3-1.11.615.jar:/home/user/.m2/repository/com/amazonaws/aws-java-sdk-kms/1.11.615/aws-java-sdk-kms-1.11.615.jar:/home/user/.m2/repository/com/amazonaws/jmespath-java/1.11.615/jmespath-java-1.11.615.jar:/home/user/.m2/repository/org/apache/hadoop/hadoop-hdds-tools/0.6.0-SNAPSHOT/hadoop-hdds-tools-0.6.0-SNAPSHOT.jar:/home/user/.m2/repository/commons-cli/commons-cli/1.2/commons-cli-1.2.jar:/home/user/.m2/repository/org/apache/commons/commons-lang3/3.7/commons-lang3-3.7.jar:/home/user/.m2/repository/org/apache/hadoop/hadoop-ozone-ozone-manager/0.6.0-SNAPSHOT/hadoop-ozone-ozone-manager-0.6.0-SNAPSHOT-tests.jar:/home/user/.m2/repository/junit/junit/4.11/junit-4.11.jar:/home/user/.m2/repository/org/hamcrest/hamcrest-core/1.3/hamcrest-core-1.3.jar:/home/user/.m2/repository/org/openjdk/jmh/jmh-core/1.19/jmh-core-1.19.jar:/home/user/.m2/repository/net/sf/jopt-simple/jopt-simple/4.6/jopt-simple-4.6.jar:/home/user/.m2/repository/org/apache/commons/commons-math3/3.1.1/commons-math3-3.1.1.jar:/home/user/.m2/repository/org/openjdk/jmh/jmh-generator-annprocess/1.19/jmh-generator-annprocess-1.19.jar:/home/user/.m2/repository/org/mockito/mockito-all/1.8.5/mockito-all-1.8.5.jar:/home/user/.m2/repository/org/apache/hadoop/hadoop-kms/3.2.0/hadoop-kms-3.2.0.jar:/home/user/.m2/repository/org/apache/hadoop/hadoop-auth/3.2.0/hadoop-auth-3.2.0.jar:/home/user/.m2/repository/com/nimbusds/nimbus-jose-jwt/7.9/nimbus-jose-jwt-7.9.jar:/home/user/.m2/repository/com/github/stephenc/jcip/jcip-annotations/1.0-1/jcip-annotations-1.0-1.jar:/home/user/.m2/repository/net/minidev/json-smart/2.3/json-smart-2.3.jar:/home/user/.m2/repository/net/minidev/accessors-smart/1.2/accessors-smart-1.2.jar:/home/user/.m2/repository/org/ow2/asm/asm/5.0.4/asm-5.0.4.jar:/home/user/.m2/repository/org/apache/zookeeper/zookeeper/3.4.13/zookeeper-3.4.13.jar:/home/user/.m2/repository/org/apache/yetus/audience-annotations/0.5.0/audience-annotations-0.5.0.jar:/home/user/.m2/repository/org/apache/curator/curator-framework/2.12.0/curator-framework-2.12.0.jar:/home/user/.m2/repository/com/sun/jersey/jersey-core/1.19/jersey-core-1.19.jar:/home/user/.m2/repository/javax/ws/rs/jsr311-api/1.1.1/jsr311-api-1.1.1.jar:/home/user/.m2/repository/com/sun/jersey/jersey-server/1.19/jersey-server-1.19.jar:/home/user/.m2/repository/javax/servlet/javax.servlet-api/3.1.0/javax.servlet-api-3.1.0.jar:/home/user/.m2/repository/org/eclipse/jetty/jetty-server/9.4.26.v20200117/jetty-server-9.4.26.v20200117.jar:/home/user/.m2/repository/org/eclipse/jetty/jetty-http/9.4.26.v20200117/jetty-http-9.4.26.v20200117.jar:/home/user/.m2/repository/org/eclipse/jetty/jetty-io/9.4.26.v20200117/jetty-io-9.4.26.v20200117.jar:/home/user/.m2/repository/org/eclipse/jetty/jetty-webapp/9.4.26.v20200117/jetty-webapp-9.4.26.v20200117.jar:/home/user/.m2/repository/org/eclipse/jetty/jetty-xml/9.4.26.v20200117/jetty-xml-9.4.26.v20200117.jar:/home/user/.m2/repository/org/eclipse/jetty/jetty-servlet/9.4.26.v20200117/jetty-servlet-9.4.26.v20200117.jar:/home/user/.m2/repository/org/eclipse/jetty/jetty-security/9.4.26.v20200117/jetty-security-9.4.26.v20200117.jar:/home/user/.m2/repository/org/apache/hadoop/hadoop-common/3.2.0/hadoop-common-3.2.0.jar:/home/user/.m2/repository/commons-net/commons-net/3.6/commons-net-3.6.jar:/home/user/.m2/repository/commons-collections/commons-collections/3.2.2/commons-collections-3.2.2.jar:/home/user/.m2/repository/com/sun/jersey/jersey-servlet/1.19/jersey-servlet-1.19.jar:/home/user/.m2/repository/com/sun/jersey/jersey-json/1.19/jersey-json-1.19.jar:/home/user/.m2/repository/org/codehaus/jettison/jettison/1.1/jettison-1.1.jar:/home/user/.m2/repository/org/codehaus/jackson/jackson-jaxrs/1.9.2/jackson-jaxrs-1.9.2.jar:/home/user/.m2/repository/org/codehaus/jackson/jackson-xc/1.9.2/jackson-xc-1.9.2.jar:/home/user/.m2/repository/commons-beanutils/commons-beanutils/1.9.4/commons-beanutils-1.9.4.jar:/home/user/.m2/repository/org/apache/commons/commons-configuration2/2.1.1/commons-configuration2-2.1.1.jar:/home/user/.m2/repository/org/apache/commons/commons-text/1.4/commons-text-1.4.jar:/home/user/.m2/repository/com/google/re2j/re2j/1.1/re2j-1.1.jar:/home/user/.m2/repository/com/jcraft/jsch/0.1.54/jsch-0.1.54.jar:/home/user/.m2/repository/org/apache/curator/curator-client/2.12.0/curator-client-2.12.0.jar:/home/user/.m2/repository/org/apache/curator/curator-recipes/2.12.0/curator-recipes-2.12.0.jar:/home/user/.m2/repository/dnsjava/dnsjava/2.1.7/dnsjava-2.1.7.jar:/home/user/.m2/repository/org/slf4j/jul-to-slf4j/1.7.25/jul-to-slf4j-1.7.25.jar:/home/user/.m2/repository/org/eclipse/jetty/jetty-util/9.4.26.v20200117/jetty-util-9.4.26.v20200117.jar:/home/user/.m2/repository/com/fasterxml/jackson/core/jackson-databind/2.10.3/jackson-databind-2.10.3.jar:/home/user/.m2/repository/org/apache/hadoop/hadoop-kms/3.2.0/hadoop-kms-3.2.0-tests.jar:/home/user/.m2/repository/org/apache/hadoop/hadoop-hdds-server-scm/0.6.0-SNAPSHOT/hadoop-hdds-server-scm-0.6.0-SNAPSHOT-tests.jar:/home/user/.m2/repository/org/apache/hadoop/hadoop-hdds-container-service/0.6.0-SNAPSHOT/hadoop-hdds-container-service-0.6.0-SNAPSHOT-tests.jar:/home/user/.m2/repository/org/apache/hadoop/hadoop-hdds-common/0.6.0-SNAPSHOT/hadoop-hdds-common-0.6.0-SNAPSHOT-tests.jar:/home/user/.m2/repository/org/yaml/snakeyaml/1.16/snakeyaml-1.16.jar:/home/user/.m2/repository/org/apache/hadoop/hadoop-hdds-hadoop-dependency-test/0.6.0-SNAPSHOT/hadoop-hdds-hadoop-dependency-test-0.6.0-SNAPSHOT.jar:/home/user/.m2/repository/org/apache/hadoop/hadoop-common/3.2.0/hadoop-common-3.2.0-tests.jar:/home/user/.m2/repository/javax/servlet/jsp/jsp-api/2.1/jsp-api-2.1.jar:/home/user/.m2/repository/org/apache/hadoop/hadoop-hdfs/3.2.0/hadoop-hdfs-3.2.0-tests.jar:/home/user/.m2/repository/org/eclipse/jetty/jetty-util-ajax/9.4.26.v20200117/jetty-util-ajax-9.4.26.v20200117.jar:/home/user/.m2/repository/commons-codec/commons-codec/1.11/commons-codec-1.11.jar:/home/user/.m2/repository/commons-daemon/commons-daemon/1.0.13/commons-daemon-1.0.13.jar:/home/user/.m2/repository/io/netty/netty/3.10.5.Final/netty-3.10.5.Final.jar:/home/user/.m2/repository/io/netty/netty-all/4.1.48.Final/netty-all-4.1.48.Final.jar:/home/user/.m2/repository/org/apache/htrace/htrace-core4/4.1.0-incubating/htrace-core4-4.1.0-incubating.jar:/home/user/.m2/repository/org/fusesource/leveldbjni/leveldbjni-all/1.8/leveldbjni-all-1.8.jar:/home/user/.m2/repository/org/apache/hadoop/hadoop-distcp/3.2.0/hadoop-distcp-3.2.0.jar:/home/user/.m2/repository/org/apache/hadoop/hadoop-mapreduce-client-jobclient/3.2.0/hadoop-mapreduce-client-jobclient-3.2.0.jar:/home/user/.m2/repository/org/apache/hadoop/hadoop-mapreduce-client-common/3.2.0/hadoop-mapreduce-client-common-3.2.0.jar:/home/user/.m2/repository/org/apache/hadoop/hadoop-yarn-common/3.2.0/hadoop-yarn-common-3.2.0.jar:/home/user/.m2/repository/org/apache/hadoop/hadoop-yarn-api/3.2.0/hadoop-yarn-api-3.2.0.jar:/home/user/.m2/repository/com/sun/jersey/jersey-client/1.19/jersey-client-1.19.jar:/home/user/.m2/repository/com/sun/jersey/contribs/jersey-guice/1.19/jersey-guice-1.19.jar:/home/user/.m2/repository/com/fasterxml/jackson/jaxrs/jackson-jaxrs-json-provider/2.10.3/jackson-jaxrs-json-provider-2.10.3.jar:/home/user/.m2/repository/com/fasterxml/jackson/jaxrs/jackson-jaxrs-base/2.10.3/jackson-jaxrs-base-2.10.3.jar:/home/user/.m2/repository/org/apache/hadoop/hadoop-yarn-client/3.2.0/hadoop-yarn-client-3.2.0.jar:/home/user/.m2/repository/org/apache/hadoop/hadoop-mapreduce-client-core/3.2.0/hadoop-mapreduce-client-core-3.2.0.jar:/home/user/.m2/repository/org/apache/avro/avro/1.7.7/avro-1.7.7.jar:/home/user/.m2/repository/org/codehaus/jackson/jackson-core-asl/1.9.13/jackson-core-asl-1.9.13.jar:/home/user/.m2/repository/org/codehaus/jackson/jackson-mapper-asl/1.9.13/jackson-mapper-asl-1.9.13.jar:/home/user/.m2/repository/com/thoughtworks/paranamer/paranamer/2.3/paranamer-2.3.jar:/home/user/.m2/repository/org/xerial/snappy/snappy-java/1.0.5/snappy-java-1.0.5.jar:/home/user/.m2/repository/org/apache/hadoop/hadoop-annotations/3.2.0/hadoop-annotations-3.2.0.jar:/usr/lib/jvm/java-1.8.0-openjdk-1.8.0.232.b09-0.el7_7.x86_64/jre/../lib/tools.jar:/home/user/.m2/repository/org/apache/hadoop/hadoop-distcp/3.2.0/hadoop-distcp-3.2.0-tests.jar:"/>
    <property name="java.vm.vendor" value="Oracle Corporation"/>
    <property name="sun.arch.data.model" value="64"/>
    <property name="test.build.dir" value="/github/workspace/mnt/ozone/hadoop-ozone/integration-test/target/test-dir"/>
    <property name="test.cache.data" value=""/>
    <property name="java.vendor.url" value="http://java.oracle.com/"/>
    <property name="user.timezone" value=""/>
    <property name="java.vm.specification.version" value="1.8"/>
    <property name="os.name" value="Linux"/>
    <property name="test.build.data" value="/github/workspace/mnt/ozone/hadoop-ozone/integration-test/target/test-dir"/>
    <property name="user.country" value="US"/>
    <property name="sun.java.launcher" value="SUN_STANDARD"/>
    <property name="sun.boot.library.path" value="/usr/lib/jvm/java-1.8.0-openjdk-1.8.0.232.b09-0.el7_7.x86_64/jre/lib/amd64"/>
    <property name="sun.java.command" value="/github/workspace/mnt/ozone/hadoop-ozone/integration-test/target/surefire/surefirebooter6903441718392472118.jar /github/workspace/mnt/ozone/hadoop-ozone/integration-test/target/surefire 2020-05-07T05-08-59_775-jvmRun1 surefire3711368857787286477tmp surefire_132677787773639007605tmp"/>
    <property name="surefire.test.class.path" value="/github/workspace/mnt/ozone/hadoop-ozone/integration-test/target/test-classes:/github/workspace/mnt/ozone/hadoop-ozone/integration-test/target/classes:/home/user/.m2/repository/org/apache/hadoop/hadoop-ozone-common/0.6.0-SNAPSHOT/hadoop-ozone-common-0.6.0-SNAPSHOT.jar:/home/user/.m2/repository/org/apache/commons/commons-compress/1.4.1/commons-compress-1.4.1.jar:/home/user/.m2/repository/org/tukaani/xz/1.0/xz-1.0.jar:/home/user/.m2/repository/org/apache/hadoop/hadoop-hdds-common/0.6.0-SNAPSHOT/hadoop-hdds-common-0.6.0-SNAPSHOT.jar:/home/user/.m2/repository/info/picocli/picocli/3.9.6/picocli-3.9.6.jar:/home/user/.m2/repository/com/fasterxml/jackson/core/jackson-annotations/2.10.3/jackson-annotations-2.10.3.jar:/home/user/.m2/repository/javax/annotation/javax.annotation-api/1.2/javax.annotation-api-1.2.jar:/home/user/.m2/repository/org/apache/ratis/ratis-server/0.6.0-cac3336-SNAPSHOT/ratis-server-0.6.0-cac3336-SNAPSHOT.jar:/home/user/.m2/repository/org/apache/ratis/ratis-thirdparty-misc/0.4.0/ratis-thirdparty-misc-0.4.0.jar:/home/user/.m2/repository/org/apache/ratis/ratis-client/0.6.0-cac3336-SNAPSHOT/ratis-client-0.6.0-cac3336-SNAPSHOT.jar:/home/user/.m2/repository/org/apache/ratis/ratis-metrics/0.6.0-cac3336-SNAPSHOT/ratis-metrics-0.6.0-cac3336-SNAPSHOT.jar:/home/user/.m2/repository/org/apache/ratis/ratis-netty/0.6.0-cac3336-SNAPSHOT/ratis-netty-0.6.0-cac3336-SNAPSHOT.jar:/home/user/.m2/repository/org/apache/ratis/ratis-grpc/0.6.0-cac3336-SNAPSHOT/ratis-grpc-0.6.0-cac3336-SNAPSHOT.jar:/home/user/.m2/repository/org/apache/logging/log4j/log4j-api/2.11.0/log4j-api-2.11.0.jar:/home/user/.m2/repository/org/apache/logging/log4j/log4j-core/2.11.0/log4j-core-2.11.0.jar:/home/user/.m2/repository/com/lmax/disruptor/3.4.2/disruptor-3.4.2.jar:/home/user/.m2/repository/org/apache/commons/commons-pool2/2.6.0/commons-pool2-2.6.0.jar:/home/user/.m2/repository/org/bouncycastle/bcpkix-jdk15on/1.60/bcpkix-jdk15on-1.60.jar:/home/user/.m2/repository/commons-validator/commons-validator/1.6/commons-validator-1.6.jar:/home/user/.m2/repository/commons-digester/commons-digester/1.8.1/commons-digester-1.8.1.jar:/home/user/.m2/repository/io/jaegertracing/jaeger-client/1.2.0/jaeger-client-1.2.0.jar:/home/user/.m2/repository/io/jaegertracing/jaeger-thrift/1.2.0/jaeger-thrift-1.2.0.jar:/home/user/.m2/repository/org/apache/thrift/libthrift/0.13.0/libthrift-0.13.0.jar:/home/user/.m2/repository/com/squareup/okhttp3/okhttp/4.2.2/okhttp-4.2.2.jar:/home/user/.m2/repository/com/squareup/okio/okio/2.2.2/okio-2.2.2.jar:/home/user/.m2/repository/org/jetbrains/kotlin/kotlin-stdlib/1.3.50/kotlin-stdlib-1.3.50.jar:/home/user/.m2/repository/org/jetbrains/kotlin/kotlin-stdlib-common/1.3.50/kotlin-stdlib-common-1.3.50.jar:/home/user/.m2/repository/org/jetbrains/annotations/13.0/annotations-13.0.jar:/home/user/.m2/repository/io/jaegertracing/jaeger-core/1.2.0/jaeger-core-1.2.0.jar:/home/user/.m2/repository/io/jaegertracing/jaeger-tracerresolver/1.2.0/jaeger-tracerresolver-1.2.0.jar:/home/user/.m2/repository/io/opentracing/contrib/opentracing-tracerresolver/0.1.8/opentracing-tracerresolver-0.1.8.jar:/home/user/.m2/repository/io/opentracing/opentracing-util/0.33.0/opentracing-util-0.33.0.jar:/home/user/.m2/repository/io/opentracing/opentracing-api/0.33.0/opentracing-api-0.33.0.jar:/home/user/.m2/repository/io/opentracing/opentracing-noop/0.33.0/opentracing-noop-0.33.0.jar:/home/user/.m2/repository/org/apache/hadoop/hadoop-hdds-client/0.6.0-SNAPSHOT/hadoop-hdds-client-0.6.0-SNAPSHOT.jar:/home/user/.m2/repository/org/apache/hadoop/hadoop-hdds-test-utils/0.6.0-SNAPSHOT/hadoop-hdds-test-utils-0.6.0-SNAPSHOT.jar:/home/user/.m2/repository/com/google/guava/guava/28.2-jre/guava-28.2-jre.jar:/home/user/.m2/repository/com/google/guava/failureaccess/1.0.1/failureaccess-1.0.1.jar:/home/user/.m2/repository/com/google/guava/listenablefuture/9999.0-empty-to-avoid-conflict-with-guava/listenablefuture-9999.0-empty-to-avoid-conflict-with-guava.jar:/home/user/.m2/repository/com/google/code/findbugs/jsr305/3.0.0/jsr305-3.0.0.jar:/home/user/.m2/repository/org/checkerframework/checker-qual/2.10.0/checker-qual-2.10.0.jar:/home/user/.m2/repository/com/google/errorprone/error_prone_annotations/2.2.0/error_prone_annotations-2.2.0.jar:/home/user/.m2/repository/com/google/j2objc/j2objc-annotations/1.3/j2objc-annotations-1.3.jar:/home/user/.m2/repository/commons-io/commons-io/2.5/commons-io-2.5.jar:/home/user/.m2/repository/commons-logging/commons-logging/1.2/commons-logging-1.2.jar:/home/user/.m2/repository/log4j/log4j/1.2.17/log4j-1.2.17.jar:/home/user/.m2/repository/org/slf4j/slf4j-api/1.7.25/slf4j-api-1.7.25.jar:/home/user/.m2/repository/org/apache/hadoop/hadoop-hdds-server-scm/0.6.0-SNAPSHOT/hadoop-hdds-server-scm-0.6.0-SNAPSHOT.jar:/home/user/.m2/repository/org/apache/hadoop/hadoop-hdds-container-service/0.6.0-SNAPSHOT/hadoop-hdds-container-service-0.6.0-SNAPSHOT.jar:/home/user/.m2/repository/org/apache/hadoop/hadoop-hdds-hadoop-dependency-server/0.6.0-SNAPSHOT/hadoop-hdds-hadoop-dependency-server-0.6.0-SNAPSHOT.jar:/home/user/.m2/repository/org/apache/hadoop/hadoop-hdds-server-framework/0.6.0-SNAPSHOT/hadoop-hdds-server-framework-0.6.0-SNAPSHOT.jar:/home/user/.m2/repository/org/rocksdb/rocksdbjni/6.6.4/rocksdbjni-6.6.4.jar:/home/user/.m2/repository/io/prometheus/simpleclient_dropwizard/0.7.0/simpleclient_dropwizard-0.7.0.jar:/home/user/.m2/repository/io/prometheus/simpleclient/0.7.0/simpleclient-0.7.0.jar:/home/user/.m2/repository/io/prometheus/simpleclient_common/0.7.0/simpleclient_common-0.7.0.jar:/home/user/.m2/repository/com/fasterxml/jackson/datatype/jackson-datatype-jsr310/2.10.3/jackson-datatype-jsr310-2.10.3.jar:/home/user/.m2/repository/org/apache/hadoop/hadoop-hdds-docs/0.6.0-SNAPSHOT/hadoop-hdds-docs-0.6.0-SNAPSHOT.jar:/home/user/.m2/repository/io/dropwizard/metrics/metrics-core/3.2.4/metrics-core-3.2.4.jar:/home/user/.m2/repository/org/apache/hadoop/hadoop-hdfs-client/3.2.0/hadoop-hdfs-client-3.2.0.jar:/home/user/.m2/repository/org/bouncycastle/bcprov-jdk15on/1.60/bcprov-jdk15on-1.60.jar:/home/user/.m2/repository/org/apache/hadoop/hadoop-ozone-ozone-manager/0.6.0-SNAPSHOT/hadoop-ozone-ozone-manager-0.6.0-SNAPSHOT.jar:/home/user/.m2/repository/org/apache/hadoop/hadoop-minikdc/3.2.0/hadoop-minikdc-3.2.0.jar:/home/user/.m2/repository/org/apache/kerby/kerb-simplekdc/1.0.1/kerb-simplekdc-1.0.1.jar:/home/user/.m2/repository/org/apache/kerby/kerb-client/1.0.1/kerb-client-1.0.1.jar:/home/user/.m2/repository/org/apache/kerby/kerby-config/1.0.1/kerby-config-1.0.1.jar:/home/user/.m2/repository/org/apache/kerby/kerb-core/1.0.1/kerb-core-1.0.1.jar:/home/user/.m2/repository/org/apache/kerby/kerby-pkix/1.0.1/kerby-pkix-1.0.1.jar:/home/user/.m2/repository/org/apache/kerby/kerby-asn1/1.0.1/kerby-asn1-1.0.1.jar:/home/user/.m2/repository/org/apache/kerby/kerby-util/1.0.1/kerby-util-1.0.1.jar:/home/user/.m2/repository/org/apache/kerby/kerb-common/1.0.1/kerb-common-1.0.1.jar:/home/user/.m2/repository/org/apache/kerby/kerb-crypto/1.0.1/kerb-crypto-1.0.1.jar:/home/user/.m2/repository/org/apache/kerby/kerb-util/1.0.1/kerb-util-1.0.1.jar:/home/user/.m2/repository/org/apache/kerby/token-provider/1.0.1/token-provider-1.0.1.jar:/home/user/.m2/repository/org/apache/kerby/kerb-admin/1.0.1/kerb-admin-1.0.1.jar:/home/user/.m2/repository/org/apache/kerby/kerb-server/1.0.1/kerb-server-1.0.1.jar:/home/user/.m2/repository/org/apache/kerby/kerb-identity/1.0.1/kerb-identity-1.0.1.jar:/home/user/.m2/repository/org/apache/kerby/kerby-xdr/1.0.1/kerby-xdr-1.0.1.jar:/home/user/.m2/repository/org/slf4j/slf4j-log4j12/1.7.25/slf4j-log4j12-1.7.25.jar:/home/user/.m2/repository/org/apache/hadoop/hadoop-ozone-s3gateway/0.6.0-SNAPSHOT/hadoop-ozone-s3gateway-0.6.0-SNAPSHOT.jar:/home/user/.m2/repository/org/jboss/weld/servlet/weld-servlet/2.4.7.Final/weld-servlet-2.4.7.Final.jar:/home/user/.m2/repository/org/glassfish/jersey/containers/jersey-container-servlet-core/2.27/jersey-container-servlet-core-2.27.jar:/home/user/.m2/repository/org/glassfish/hk2/external/javax.inject/2.5.0-b42/javax.inject-2.5.0-b42.jar:/home/user/.m2/repository/org/glassfish/jersey/core/jersey-common/2.27/jersey-common-2.27.jar:/home/user/.m2/repository/org/glassfish/hk2/osgi-resource-locator/1.0.1/osgi-resource-locator-1.0.1.jar:/home/user/.m2/repository/javax/ws/rs/javax.ws.rs-api/2.1/javax.ws.rs-api-2.1.jar:/home/user/.m2/repository/org/glassfish/jersey/ext/cdi/jersey-cdi1x/2.27/jersey-cdi1x-2.27.jar:/home/user/.m2/repository/org/glassfish/jersey/inject/jersey-hk2/2.27/jersey-hk2-2.27.jar:/home/user/.m2/repository/org/glassfish/hk2/hk2-locator/2.5.0-b42/hk2-locator-2.5.0-b42.jar:/home/user/.m2/repository/org/javassist/javassist/3.22.0-CR2/javassist-3.22.0-CR2.jar:/home/user/.m2/repository/org/glassfish/hk2/hk2-api/2.5.0/hk2-api-2.5.0.jar:/home/user/.m2/repository/org/glassfish/hk2/external/jakarta.inject/2.5.0/jakarta.inject-2.5.0.jar:/home/user/.m2/repository/org/glassfish/hk2/hk2-utils/2.5.0/hk2-utils-2.5.0.jar:/home/user/.m2/repository/jakarta/annotation/jakarta.annotation-api/1.3.4/jakarta.annotation-api-1.3.4.jar:/home/user/.m2/repository/org/glassfish/hk2/external/aopalliance-repackaged/2.5.0/aopalliance-repackaged-2.5.0.jar:/home/user/.m2/repository/com/fasterxml/jackson/dataformat/jackson-dataformat-xml/2.10.3/jackson-dataformat-xml-2.10.3.jar:/home/user/.m2/repository/com/fasterxml/jackson/core/jackson-core/2.10.3/jackson-core-2.10.3.jar:/home/user/.m2/repository/com/fasterxml/jackson/module/jackson-module-jaxb-annotations/2.10.3/jackson-module-jaxb-annotations-2.10.3.jar:/home/user/.m2/repository/jakarta/xml/bind/jakarta.xml.bind-api/2.3.2/jakarta.xml.bind-api-2.3.2.jar:/home/user/.m2/repository/jakarta/activation/jakarta.activation-api/1.2.1/jakarta.activation-api-1.2.1.jar:/home/user/.m2/repository/org/codehaus/woodstox/stax2-api/3.1.4/stax2-api-3.1.4.jar:/home/user/.m2/repository/com/fasterxml/woodstox/woodstox-core/5.0.3/woodstox-core-5.0.3.jar:/home/user/.m2/repository/javax/enterprise/cdi-api/1.2/cdi-api-1.2.jar:/home/user/.m2/repository/javax/el/javax.el-api/3.0.0/javax.el-api-3.0.0.jar:/home/user/.m2/repository/javax/interceptor/javax.interceptor-api/1.2/javax.interceptor-api-1.2.jar:/home/user/.m2/repository/javax/inject/javax.inject/1/javax.inject-1.jar:/home/user/.m2/repository/com/sun/xml/bind/jaxb-impl/2.3.0.1/jaxb-impl-2.3.0.1.jar:/home/user/.m2/repository/com/sun/xml/bind/jaxb-core/2.3.0.1/jaxb-core-2.3.0.1.jar:/home/user/.m2/repository/javax/xml/bind/jaxb-api/2.3.0/jaxb-api-2.3.0.jar:/home/user/.m2/repository/javax/activation/activation/1.1.1/activation-1.1.1.jar:/home/user/.m2/repository/org/apache/hadoop/hadoop-ozone-csi/0.6.0-SNAPSHOT/hadoop-ozone-csi-0.6.0-SNAPSHOT.jar:/home/user/.m2/repository/com/google/protobuf/protobuf-java-util/3.11.0/protobuf-java-util-3.11.0.jar:/home/user/.m2/repository/com/google/code/gson/gson/2.2.4/gson-2.2.4.jar:/home/user/.m2/repository/org/apache/hadoop/hadoop-hdds-config/0.6.0-SNAPSHOT/hadoop-hdds-config-0.6.0-SNAPSHOT.jar:/home/user/.m2/repository/com/google/protobuf/protobuf-java/2.5.0/protobuf-java-2.5.0.jar:/home/user/.m2/repository/io/grpc/grpc-netty/1.28.1/grpc-netty-1.28.1.jar:/home/user/.m2/repository/io/grpc/grpc-core/1.28.1/grpc-core-1.28.1.jar:/home/user/.m2/repository/com/google/android/annotations/4.1.1.4/annotations-4.1.1.4.jar:/home/user/.m2/repository/io/perfmark/perfmark-api/0.19.0/perfmark-api-0.19.0.jar:/home/user/.m2/repository/io/netty/netty-codec-http2/4.1.45.Final/netty-codec-http2-4.1.45.Final.jar:/home/user/.m2/repository/io/netty/netty-codec/4.1.45.Final/netty-codec-4.1.45.Final.jar:/home/user/.m2/repository/io/netty/netty-handler/4.1.45.Final/netty-handler-4.1.45.Final.jar:/home/user/.m2/repository/io/netty/netty-codec-http/4.1.45.Final/netty-codec-http-4.1.45.Final.jar:/home/user/.m2/repository/io/netty/netty-handler-proxy/4.1.45.Final/netty-handler-proxy-4.1.45.Final.jar:/home/user/.m2/repository/io/netty/netty-codec-socks/4.1.45.Final/netty-codec-socks-4.1.45.Final.jar:/home/user/.m2/repository/io/netty/netty-transport-native-epoll/4.1.48.Final/netty-transport-native-epoll-4.1.48.Final.jar:/home/user/.m2/repository/io/netty/netty-common/4.1.48.Final/netty-common-4.1.48.Final.jar:/home/user/.m2/repository/io/netty/netty-buffer/4.1.48.Final/netty-buffer-4.1.48.Final.jar:/home/user/.m2/repository/io/netty/netty-transport/4.1.48.Final/netty-transport-4.1.48.Final.jar:/home/user/.m2/repository/io/netty/netty-resolver/4.1.48.Final/netty-resolver-4.1.48.Final.jar:/home/user/.m2/repository/io/netty/netty-transport-native-unix-common/4.1.48.Final/netty-transport-native-unix-common-4.1.48.Final.jar:/home/user/.m2/repository/io/grpc/grpc-protobuf/1.28.1/grpc-protobuf-1.28.1.jar:/home/user/.m2/repository/io/grpc/grpc-api/1.28.1/grpc-api-1.28.1.jar:/home/user/.m2/repository/io/grpc/grpc-context/1.28.1/grpc-context-1.28.1.jar:/home/user/.m2/repository/org/codehaus/mojo/animal-sniffer-annotations/1.18/animal-sniffer-annotations-1.18.jar:/home/user/.m2/repository/com/google/api/grpc/proto-google-common-protos/1.17.0/proto-google-common-protos-1.17.0.jar:/home/user/.m2/repository/io/grpc/grpc-protobuf-lite/1.28.1/grpc-protobuf-lite-1.28.1.jar:/home/user/.m2/repository/io/grpc/grpc-stub/1.28.1/grpc-stub-1.28.1.jar:/home/user/.m2/repository/org/apache/hadoop/hadoop-ozone-recon/0.6.0-SNAPSHOT/hadoop-ozone-recon-0.6.0-SNAPSHOT.jar:/home/user/.m2/repository/org/apache/hadoop/hadoop-ozone-reconcodegen/0.6.0-SNAPSHOT/hadoop-ozone-reconcodegen-0.6.0-SNAPSHOT.jar:/home/user/.m2/repository/com/google/inject/extensions/guice-multibindings/4.0/guice-multibindings-4.0.jar:/home/user/.m2/repository/com/google/inject/guice/4.0/guice-4.0.jar:/home/user/.m2/repository/aopalliance/aopalliance/1.0/aopalliance-1.0.jar:/home/user/.m2/repository/com/google/inject/extensions/guice-assistedinject/4.0/guice-assistedinject-4.0.jar:/home/user/.m2/repository/com/google/inject/extensions/guice-servlet/4.0/guice-servlet-4.0.jar:/home/user/.m2/repository/org/glassfish/jersey/containers/jersey-container-servlet/2.27/jersey-container-servlet-2.27.jar:/home/user/.m2/repository/org/glassfish/hk2/guice-bridge/2.5.0/guice-bridge-2.5.0.jar:/home/user/.m2/repository/org/glassfish/jersey/core/jersey-server/2.27/jersey-server-2.27.jar:/home/user/.m2/repository/org/glassfish/jersey/core/jersey-client/2.27/jersey-client-2.27.jar:/home/user/.m2/repository/org/glassfish/jersey/media/jersey-media-jaxb/2.27/jersey-media-jaxb-2.27.jar:/home/user/.m2/repository/javax/validation/validation-api/1.1.0.Final/validation-api-1.1.0.Final.jar:/home/user/.m2/repository/org/glassfish/jersey/media/jersey-media-json-jackson/2.27/jersey-media-json-jackson-2.27.jar:/home/user/.m2/repository/org/glassfish/jersey/ext/jersey-entity-filtering/2.27/jersey-entity-filtering-2.27.jar:/home/user/.m2/repository/org/jooq/jooq/3.11.10/jooq-3.11.10.jar:/home/user/.m2/repository/org/jooq/jooq-meta/3.11.10/jooq-meta-3.11.10.jar:/home/user/.m2/repository/org/jooq/jooq-codegen/3.11.10/jooq-codegen-3.11.10.jar:/home/user/.m2/repository/com/jolbox/bonecp/0.8.0.RELEASE/bonecp-0.8.0.RELEASE.jar:/home/user/.m2/repository/org/apache/derby/derby/10.14.2.0/derby-10.14.2.0.jar:/home/user/.m2/repository/org/xerial/sqlite-jdbc/3.25.2/sqlite-jdbc-3.25.2.jar:/home/user/.m2/repository/org/springframework/spring-jdbc/5.2.5.RELEASE/spring-jdbc-5.2.5.RELEASE.jar:/home/user/.m2/repository/org/springframework/spring-beans/5.2.5.RELEASE/spring-beans-5.2.5.RELEASE.jar:/home/user/.m2/repository/org/springframework/spring-core/5.2.5.RELEASE/spring-core-5.2.5.RELEASE.jar:/home/user/.m2/repository/org/springframework/spring-jcl/5.2.5.RELEASE/spring-jcl-5.2.5.RELEASE.jar:/home/user/.m2/repository/org/springframework/spring-tx/5.2.5.RELEASE/spring-tx-5.2.5.RELEASE.jar:/home/user/.m2/repository/org/apache/hadoop/hadoop-ozone-client/0.6.0-SNAPSHOT/hadoop-ozone-client-0.6.0-SNAPSHOT.jar:/home/user/.m2/repository/org/apache/hadoop/hadoop-ozone-filesystem/0.6.0-SNAPSHOT/hadoop-ozone-filesystem-0.6.0-SNAPSHOT.jar:/home/user/.m2/repository/org/apache/hadoop/hadoop-hdds-hadoop-dependency-client/0.6.0-SNAPSHOT/hadoop-hdds-hadoop-dependency-client-0.6.0-SNAPSHOT.jar:/home/user/.m2/repository/org/apache/hadoop/hadoop-ozone-tools/0.6.0-SNAPSHOT/hadoop-ozone-tools-0.6.0-SNAPSHOT.jar:/home/user/.m2/repository/org/apache/hadoop/hadoop-hdfs/3.2.0/hadoop-hdfs-3.2.0.jar:/home/user/.m2/repository/org/apache/ratis/ratis-tools/0.6.0-cac3336-SNAPSHOT/ratis-tools-0.6.0-cac3336-SNAPSHOT.jar:/home/user/.m2/repository/org/apache/ratis/ratis-proto/0.6.0-cac3336-SNAPSHOT/ratis-proto-0.6.0-cac3336-SNAPSHOT.jar:/home/user/.m2/repository/org/apache/ratis/ratis-common/0.6.0-cac3336-SNAPSHOT/ratis-common-0.6.0-cac3336-SNAPSHOT.jar:/home/user/.m2/repository/com/amazonaws/aws-java-sdk-core/1.11.615/aws-java-sdk-core-1.11.615.jar:/home/user/.m2/repository/org/apache/httpcomponents/httpclient/4.5.2/httpclient-4.5.2.jar:/home/user/.m2/repository/org/apache/httpcomponents/httpcore/4.4.4/httpcore-4.4.4.jar:/home/user/.m2/repository/software/amazon/ion/ion-java/1.0.2/ion-java-1.0.2.jar:/home/user/.m2/repository/com/fasterxml/jackson/dataformat/jackson-dataformat-cbor/2.10.3/jackson-dataformat-cbor-2.10.3.jar:/home/user/.m2/repository/joda-time/joda-time/2.9.9/joda-time-2.9.9.jar:/home/user/.m2/repository/com/amazonaws/aws-java-sdk-s3/1.11.615/aws-java-sdk-s3-1.11.615.jar:/home/user/.m2/repository/com/amazonaws/aws-java-sdk-kms/1.11.615/aws-java-sdk-kms-1.11.615.jar:/home/user/.m2/repository/com/amazonaws/jmespath-java/1.11.615/jmespath-java-1.11.615.jar:/home/user/.m2/repository/org/apache/hadoop/hadoop-hdds-tools/0.6.0-SNAPSHOT/hadoop-hdds-tools-0.6.0-SNAPSHOT.jar:/home/user/.m2/repository/commons-cli/commons-cli/1.2/commons-cli-1.2.jar:/home/user/.m2/repository/org/apache/commons/commons-lang3/3.7/commons-lang3-3.7.jar:/home/user/.m2/repository/org/apache/hadoop/hadoop-ozone-ozone-manager/0.6.0-SNAPSHOT/hadoop-ozone-ozone-manager-0.6.0-SNAPSHOT-tests.jar:/home/user/.m2/repository/junit/junit/4.11/junit-4.11.jar:/home/user/.m2/repository/org/hamcrest/hamcrest-core/1.3/hamcrest-core-1.3.jar:/home/user/.m2/repository/org/openjdk/jmh/jmh-core/1.19/jmh-core-1.19.jar:/home/user/.m2/repository/net/sf/jopt-simple/jopt-simple/4.6/jopt-simple-4.6.jar:/home/user/.m2/repository/org/apache/commons/commons-math3/3.1.1/commons-math3-3.1.1.jar:/home/user/.m2/repository/org/openjdk/jmh/jmh-generator-annprocess/1.19/jmh-generator-annprocess-1.19.jar:/home/user/.m2/repository/org/mockito/mockito-all/1.8.5/mockito-all-1.8.5.jar:/home/user/.m2/repository/org/apache/hadoop/hadoop-kms/3.2.0/hadoop-kms-3.2.0.jar:/home/user/.m2/repository/org/apache/hadoop/hadoop-auth/3.2.0/hadoop-auth-3.2.0.jar:/home/user/.m2/repository/com/nimbusds/nimbus-jose-jwt/7.9/nimbus-jose-jwt-7.9.jar:/home/user/.m2/repository/com/github/stephenc/jcip/jcip-annotations/1.0-1/jcip-annotations-1.0-1.jar:/home/user/.m2/repository/net/minidev/json-smart/2.3/json-smart-2.3.jar:/home/user/.m2/repository/net/minidev/accessors-smart/1.2/accessors-smart-1.2.jar:/home/user/.m2/repository/org/ow2/asm/asm/5.0.4/asm-5.0.4.jar:/home/user/.m2/repository/org/apache/zookeeper/zookeeper/3.4.13/zookeeper-3.4.13.jar:/home/user/.m2/repository/org/apache/yetus/audience-annotations/0.5.0/audience-annotations-0.5.0.jar:/home/user/.m2/repository/org/apache/curator/curator-framework/2.12.0/curator-framework-2.12.0.jar:/home/user/.m2/repository/com/sun/jersey/jersey-core/1.19/jersey-core-1.19.jar:/home/user/.m2/repository/javax/ws/rs/jsr311-api/1.1.1/jsr311-api-1.1.1.jar:/home/user/.m2/repository/com/sun/jersey/jersey-server/1.19/jersey-server-1.19.jar:/home/user/.m2/repository/javax/servlet/javax.servlet-api/3.1.0/javax.servlet-api-3.1.0.jar:/home/user/.m2/repository/org/eclipse/jetty/jetty-server/9.4.26.v20200117/jetty-server-9.4.26.v20200117.jar:/home/user/.m2/repository/org/eclipse/jetty/jetty-http/9.4.26.v20200117/jetty-http-9.4.26.v20200117.jar:/home/user/.m2/repository/org/eclipse/jetty/jetty-io/9.4.26.v20200117/jetty-io-9.4.26.v20200117.jar:/home/user/.m2/repository/org/eclipse/jetty/jetty-webapp/9.4.26.v20200117/jetty-webapp-9.4.26.v20200117.jar:/home/user/.m2/repository/org/eclipse/jetty/jetty-xml/9.4.26.v20200117/jetty-xml-9.4.26.v20200117.jar:/home/user/.m2/repository/org/eclipse/jetty/jetty-servlet/9.4.26.v20200117/jetty-servlet-9.4.26.v20200117.jar:/home/user/.m2/repository/org/eclipse/jetty/jetty-security/9.4.26.v20200117/jetty-security-9.4.26.v20200117.jar:/home/user/.m2/repository/org/apache/hadoop/hadoop-common/3.2.0/hadoop-common-3.2.0.jar:/home/user/.m2/repository/commons-net/commons-net/3.6/commons-net-3.6.jar:/home/user/.m2/repository/commons-collections/commons-collections/3.2.2/commons-collections-3.2.2.jar:/home/user/.m2/repository/com/sun/jersey/jersey-servlet/1.19/jersey-servlet-1.19.jar:/home/user/.m2/repository/com/sun/jersey/jersey-json/1.19/jersey-json-1.19.jar:/home/user/.m2/repository/org/codehaus/jettison/jettison/1.1/jettison-1.1.jar:/home/user/.m2/repository/org/codehaus/jackson/jackson-jaxrs/1.9.2/jackson-jaxrs-1.9.2.jar:/home/user/.m2/repository/org/codehaus/jackson/jackson-xc/1.9.2/jackson-xc-1.9.2.jar:/home/user/.m2/repository/commons-beanutils/commons-beanutils/1.9.4/commons-beanutils-1.9.4.jar:/home/user/.m2/repository/org/apache/commons/commons-configuration2/2.1.1/commons-configuration2-2.1.1.jar:/home/user/.m2/repository/org/apache/commons/commons-text/1.4/commons-text-1.4.jar:/home/user/.m2/repository/com/google/re2j/re2j/1.1/re2j-1.1.jar:/home/user/.m2/repository/com/jcraft/jsch/0.1.54/jsch-0.1.54.jar:/home/user/.m2/repository/org/apache/curator/curator-client/2.12.0/curator-client-2.12.0.jar:/home/user/.m2/repository/org/apache/curator/curator-recipes/2.12.0/curator-recipes-2.12.0.jar:/home/user/.m2/repository/dnsjava/dnsjava/2.1.7/dnsjava-2.1.7.jar:/home/user/.m2/repository/org/slf4j/jul-to-slf4j/1.7.25/jul-to-slf4j-1.7.25.jar:/home/user/.m2/repository/org/eclipse/jetty/jetty-util/9.4.26.v20200117/jetty-util-9.4.26.v20200117.jar:/home/user/.m2/repository/com/fasterxml/jackson/core/jackson-databind/2.10.3/jackson-databind-2.10.3.jar:/home/user/.m2/repository/org/apache/hadoop/hadoop-kms/3.2.0/hadoop-kms-3.2.0-tests.jar:/home/user/.m2/repository/org/apache/hadoop/hadoop-hdds-server-scm/0.6.0-SNAPSHOT/hadoop-hdds-server-scm-0.6.0-SNAPSHOT-tests.jar:/home/user/.m2/repository/org/apache/hadoop/hadoop-hdds-container-service/0.6.0-SNAPSHOT/hadoop-hdds-container-service-0.6.0-SNAPSHOT-tests.jar:/home/user/.m2/repository/org/apache/hadoop/hadoop-hdds-common/0.6.0-SNAPSHOT/hadoop-hdds-common-0.6.0-SNAPSHOT-tests.jar:/home/user/.m2/repository/org/yaml/snakeyaml/1.16/snakeyaml-1.16.jar:/home/user/.m2/repository/org/apache/hadoop/hadoop-hdds-hadoop-dependency-test/0.6.0-SNAPSHOT/hadoop-hdds-hadoop-dependency-test-0.6.0-SNAPSHOT.jar:/home/user/.m2/repository/org/apache/hadoop/hadoop-common/3.2.0/hadoop-common-3.2.0-tests.jar:/home/user/.m2/repository/javax/servlet/jsp/jsp-api/2.1/jsp-api-2.1.jar:/home/user/.m2/repository/org/apache/hadoop/hadoop-hdfs/3.2.0/hadoop-hdfs-3.2.0-tests.jar:/home/user/.m2/repository/org/eclipse/jetty/jetty-util-ajax/9.4.26.v20200117/jetty-util-ajax-9.4.26.v20200117.jar:/home/user/.m2/repository/commons-codec/commons-codec/1.11/commons-codec-1.11.jar:/home/user/.m2/repository/commons-daemon/commons-daemon/1.0.13/commons-daemon-1.0.13.jar:/home/user/.m2/repository/io/netty/netty/3.10.5.Final/netty-3.10.5.Final.jar:/home/user/.m2/repository/io/netty/netty-all/4.1.48.Final/netty-all-4.1.48.Final.jar:/home/user/.m2/repository/org/apache/htrace/htrace-core4/4.1.0-incubating/htrace-core4-4.1.0-incubating.jar:/home/user/.m2/repository/org/fusesource/leveldbjni/leveldbjni-all/1.8/leveldbjni-all-1.8.jar:/home/user/.m2/repository/org/apache/hadoop/hadoop-distcp/3.2.0/hadoop-distcp-3.2.0.jar:/home/user/.m2/repository/org/apache/hadoop/hadoop-mapreduce-client-jobclient/3.2.0/hadoop-mapreduce-client-jobclient-3.2.0.jar:/home/user/.m2/repository/org/apache/hadoop/hadoop-mapreduce-client-common/3.2.0/hadoop-mapreduce-client-common-3.2.0.jar:/home/user/.m2/repository/org/apache/hadoop/hadoop-yarn-common/3.2.0/hadoop-yarn-common-3.2.0.jar:/home/user/.m2/repository/org/apache/hadoop/hadoop-yarn-api/3.2.0/hadoop-yarn-api-3.2.0.jar:/home/user/.m2/repository/com/sun/jersey/jersey-client/1.19/jersey-client-1.19.jar:/home/user/.m2/repository/com/sun/jersey/contribs/jersey-guice/1.19/jersey-guice-1.19.jar:/home/user/.m2/repository/com/fasterxml/jackson/jaxrs/jackson-jaxrs-json-provider/2.10.3/jackson-jaxrs-json-provider-2.10.3.jar:/home/user/.m2/repository/com/fasterxml/jackson/jaxrs/jackson-jaxrs-base/2.10.3/jackson-jaxrs-base-2.10.3.jar:/home/user/.m2/repository/org/apache/hadoop/hadoop-yarn-client/3.2.0/hadoop-yarn-client-3.2.0.jar:/home/user/.m2/repository/org/apache/hadoop/hadoop-mapreduce-client-core/3.2.0/hadoop-mapreduce-client-core-3.2.0.jar:/home/user/.m2/repository/org/apache/avro/avro/1.7.7/avro-1.7.7.jar:/home/user/.m2/repository/org/codehaus/jackson/jackson-core-asl/1.9.13/jackson-core-asl-1.9.13.jar:/home/user/.m2/repository/org/codehaus/jackson/jackson-mapper-asl/1.9.13/jackson-mapper-asl-1.9.13.jar:/home/user/.m2/repository/com/thoughtworks/paranamer/paranamer/2.3/paranamer-2.3.jar:/home/user/.m2/repository/org/xerial/snappy/snappy-java/1.0.5/snappy-java-1.0.5.jar:/home/user/.m2/repository/org/apache/hadoop/hadoop-annotations/3.2.0/hadoop-annotations-3.2.0.jar:/usr/lib/jvm/java-1.8.0-openjdk-1.8.0.232.b09-0.el7_7.x86_64/jre/../lib/tools.jar:/home/user/.m2/repository/org/apache/hadoop/hadoop-distcp/3.2.0/hadoop-distcp-3.2.0-tests.jar:"/>
    <property name="sun.cpu.endian" value="little"/>
    <property name="user.home" value="/home/user"/>
    <property name="user.language" value="en"/>
    <property name="java.specification.vendor" value="Oracle Corporation"/>
    <property name="java.home" value="/usr/lib/jvm/java-1.8.0-openjdk-1.8.0.232.b09-0.el7_7.x86_64/jre"/>
    <property name="java.security.krb5.conf" value="/github/workspace/mnt/ozone/hadoop-ozone/integration-test/target/test-classes/krb5.conf"/>
    <property name="basedir" value="/github/workspace/mnt/ozone/hadoop-ozone/integration-test"/>
    <property name="file.separator" value="/"/>
    <property name="line.separator" value="&#10;"/>
    <property name="java.vm.specification.vendor" value="Oracle Corporation"/>
    <property name="java.specification.name" value="Java Platform API Specification"/>
    <property name="java.awt.graphicsenv" value="sun.awt.X11GraphicsEnvironment"/>
    <property name="surefire.real.class.path" value="/github/workspace/mnt/ozone/hadoop-ozone/integration-test/target/surefire/surefirebooter6903441718392472118.jar:/home/user/.m2/repository/org/jacoco/org.jacoco.agent/0.8.3/org.jacoco.agent-0.8.3-runtime.jar"/>
    <property name="hadoop.log.dir" value="/github/workspace/mnt/ozone/hadoop-ozone/integration-test/target/log"/>
    <property name="sun.boot.class.path" value="/usr/lib/jvm/java-1.8.0-openjdk-1.8.0.232.b09-0.el7_7.x86_64/jre/lib/resources.jar:/usr/lib/jvm/java-1.8.0-openjdk-1.8.0.232.b09-0.el7_7.x86_64/jre/lib/rt.jar:/usr/lib/jvm/java-1.8.0-openjdk-1.8.0.232.b09-0.el7_7.x86_64/jre/lib/sunrsasign.jar:/usr/lib/jvm/java-1.8.0-openjdk-1.8.0.232.b09-0.el7_7.x86_64/jre/lib/jsse.jar:/usr/lib/jvm/java-1.8.0-openjdk-1.8.0.232.b09-0.el7_7.x86_64/jre/lib/jce.jar:/usr/lib/jvm/java-1.8.0-openjdk-1.8.0.232.b09-0.el7_7.x86_64/jre/lib/charsets.jar:/usr/lib/jvm/java-1.8.0-openjdk-1.8.0.232.b09-0.el7_7.x86_64/jre/lib/jfr.jar:/usr/lib/jvm/java-1.8.0-openjdk-1.8.0.232.b09-0.el7_7.x86_64/jre/classes"/>
    <property name="sun.management.compiler" value="HotSpot 64-Bit Tiered Compilers"/>
    <property name="java.runtime.version" value="1.8.0_232-b09"/>
    <property name="java.net.preferIPv4Stack" value="true"/>
    <property name="user.name" value="jenkins1001"/>
    <property name="path.separator" value=":"/>
    <property name="java.security.egd" value="file:///dev/urandom"/>
    <property name="os.version" value="5.0.0-1035-azure"/>
    <property name="java.endorsed.dirs" value="/usr/lib/jvm/java-1.8.0-openjdk-1.8.0.232.b09-0.el7_7.x86_64/jre/lib/endorsed"/>
    <property name="java.runtime.name" value="OpenJDK Runtime Environment"/>
    <property name="file.encoding" value="ANSI_X3.4-1968"/>
    <property name="java.vm.name" value="OpenJDK 64-Bit Server VM"/>
    <property name="test.build.webapps" value=""/>
    <property name="localRepository" value="/home/user/.m2/repository"/>
    <property name="java.vendor.url.bug" value="http://bugreport.sun.com/bugreport/"/>
    <property name="java.io.tmpdir" value="/tmp"/>
    <property name="require.test.libhadoop" value=""/>
    <property name="java.version" value="1.8.0_232"/>
    <property name="user.dir" value="/github/workspace/mnt/ozone/hadoop-ozone/integration-test"/>
    <property name="os.arch" value="amd64"/>
    <property name="java.vm.specification.name" value="Java Virtual Machine Specification"/>
    <property name="test.build.classes" value="/github/workspace/mnt/ozone/hadoop-ozone/integration-test/target/test-classes"/>
    <property name="java.awt.printerjob" value="sun.print.PSPrinterJob"/>
    <property name="sun.os.patch.level" value="unknown"/>
    <property name="hadoop.tmp.dir" value="/github/workspace/mnt/ozone/hadoop-ozone/integration-test/target/tmp"/>
    <property name="java.library.path" value="/usr/lib:/usr/java/packages/lib/amd64:/usr/lib64:/lib64:/lib:/usr/lib"/>
    <property name="java.vm.info" value="mixed mode"/>
    <property name="java.vendor" value="Oracle Corporation"/>
    <property name="java.vm.version" value="25.232-b09"/>
    <property name="java.ext.dirs" value="/usr/lib/jvm/java-1.8.0-openjdk-1.8.0.232.b09-0.el7_7.x86_64/jre/lib/ext:/usr/java/packages/lib/ext"/>
    <property name="sun.io.unicode.encoding" value="UnicodeLittle"/>
    <property name="java.class.version" value="52.0"/>
  </properties>
  <testcase name="testPutKeyAndGetKeyThreeNodes" classname="org.apache.hadoop.ozone.client.rpc.TestReadRetries" time="16.131">
    <failure type="java.lang.AssertionError">java.lang.AssertionError
	at org.junit.Assert.fail(Assert.java:86)
	at org.junit.Assert.assertTrue(Assert.java:41)
	at org.junit.Assert.assertTrue(Assert.java:52)
	at org.apache.hadoop.ozone.client.rpc.TestReadRetries.testPutKeyAndGetKeyThreeNodes(TestReadRetries.java:181)
	at sun.reflect.NativeMethodAccessorImpl.invoke0(Native Method)
	at sun.reflect.NativeMethodAccessorImpl.invoke(NativeMethodAccessorImpl.java:62)
	at sun.reflect.DelegatingMethodAccessorImpl.invoke(DelegatingMethodAccessorImpl.java:43)
	at java.lang.reflect.Method.invoke(Method.java:498)
	at org.junit.runners.model.FrameworkMethod$1.runReflectiveCall(FrameworkMethod.java:47)
	at org.junit.internal.runners.model.ReflectiveCallable.run(ReflectiveCallable.java:12)
	at org.junit.runners.model.FrameworkMethod.invokeExplosively(FrameworkMethod.java:44)
	at org.junit.internal.runners.statements.InvokeMethod.evaluate(InvokeMethod.java:17)
	at org.junit.rules.ExpectedException$ExpectedExceptionStatement.evaluate(ExpectedException.java:168)
	at org.junit.rules.RunRules.evaluate(RunRules.java:20)
	at org.junit.runners.ParentRunner.runLeaf(ParentRunner.java:271)
	at org.junit.runners.BlockJUnit4ClassRunner.runChild(BlockJUnit4ClassRunner.java:70)
	at org.junit.runners.BlockJUnit4ClassRunner.runChild(BlockJUnit4ClassRunner.java:50)
	at org.junit.runners.ParentRunner$3.run(ParentRunner.java:238)
	at org.junit.runners.ParentRunner$1.schedule(ParentRunner.java:63)
	at org.junit.runners.ParentRunner.runChildren(ParentRunner.java:236)
	at org.junit.runners.ParentRunner.access$000(ParentRunner.java:53)
	at org.junit.runners.ParentRunner$2.evaluate(ParentRunner.java:229)
	at org.junit.internal.runners.statements.RunBefores.evaluate(RunBefores.java:26)
	at org.junit.internal.runners.statements.RunAfters.evaluate(RunAfters.java:27)
	at org.junit.runners.ParentRunner.run(ParentRunner.java:309)
	at org.apache.maven.surefire.junit4.JUnit4Provider.execute(JUnit4Provider.java:365)
	at org.apache.maven.surefire.junit4.JUnit4Provider.executeWithRerun(JUnit4Provider.java:273)
	at org.apache.maven.surefire.junit4.JUnit4Provider.executeTestSet(JUnit4Provider.java:238)
	at org.apache.maven.surefire.junit4.JUnit4Provider.invoke(JUnit4Provider.java:159)
	at org.apache.maven.surefire.booter.ForkedBooter.invokeProviderInSameClassLoader(ForkedBooter.java:384)
	at org.apache.maven.surefire.booter.ForkedBooter.runSuitesInProcess(ForkedBooter.java:345)
	at org.apache.maven.surefire.booter.ForkedBooter.execute(ForkedBooter.java:126)
	at org.apache.maven.surefire.booter.ForkedBooter.main(ForkedBooter.java:418)
</failure>
    <system-out><![CDATA[2020-05-07 05:21:52,243 [main] WARN  server.ServerUtils (ServerUtils.java:getScmDbDir(148)) - ozone.scm.db.dirs is not configured. We recommend adding this setting. Falling back to ozone.metadata.dirs instead.
2020-05-07 05:21:52,360 [main] WARN  server.ServerUtils (ServerUtils.java:getScmDbDir(148)) - ozone.scm.db.dirs is not configured. We recommend adding this setting. Falling back to ozone.metadata.dirs instead.
2020-05-07 05:21:52,495 [main] WARN  db.DBStoreBuilder (DBStoreBuilder.java:createDBStoreBuilder(277)) - ozone.scm.db.dirs is not configured. We recommend adding this setting. Falling back to ozone.metadata.dirs instead.
2020-05-07 05:21:52,686 [main] INFO  net.NodeSchemaLoader (NodeSchemaLoader.java:loadSchemaFromFile(126)) - Loading file from sun.misc.CompoundEnumeration@2762253e
2020-05-07 05:21:52,689 [main] INFO  net.NodeSchemaLoader (NodeSchemaLoader.java:loadSchema(172)) - Loading network topology layer schema file
2020-05-07 05:21:52,785 [main] WARN  server.ServerUtils (ServerUtils.java:sanitizeUserArgs(73)) - ozone.scm.stale.node.interval value = 300000 is larger than max = 100000 based on the key value of ozone.scm.heartbeat.thread.interval, reset to the max value 100000.
2020-05-07 05:21:52,785 [main] WARN  server.ServerUtils (ServerUtils.java:sanitizeUserArgs(73)) - ozone.scm.stale.node.interval value = 300000 is larger than max = 100000 based on the key value of ozone.scm.heartbeat.thread.interval, reset to the max value 100000.
2020-05-07 05:21:52,789 [main] INFO  node.SCMNodeManager (SCMNodeManager.java:<init>(116)) - Entering startup safe mode.
2020-05-07 05:21:52,983 [main] INFO  algorithms.ContainerPlacementPolicyFactory (ContainerPlacementPolicyFactory.java:getPolicy(60)) - Create container placement policy of type org.apache.hadoop.hdds.scm.container.placement.algorithms.SCMContainerPlacementRandom
2020-05-07 05:21:53,014 [main] INFO  pipeline.SCMPipelineManager (SCMPipelineManager.java:initializePipelineState(158)) - No pipeline exists in current db
2020-05-07 05:21:53,099 [main] INFO  safemode.HealthyPipelineSafeModeRule (HealthyPipelineSafeModeRule.java:<init>(89)) - Total pipeline count is 0, healthy pipeline threshold count is 0
2020-05-07 05:21:53,107 [main] INFO  safemode.OneReplicaPipelineSafeModeRule (OneReplicaPipelineSafeModeRule.java:<init>(79)) - Total pipeline count is 0, pipeline's with at least one datanode reported threshold count is 0
2020-05-07 05:21:53,159 [RatisPipelineUtilsThread] ERROR pipeline.SCMPipelineManager (SCMPipelineManager.java:createPipeline(222)) - Failed to create pipeline of type RATIS and factor ONE. Exception: Cannot create pipeline of factor 1 using 0 nodes. Used 0 nodes. Healthy nodes 0
2020-05-07 05:21:53,704 [main] INFO  ipc.CallQueueManager (CallQueueManager.java:<init>(84)) - Using callQueue: class java.util.concurrent.LinkedBlockingQueue, queueCapacity: 2000, scheduler: class org.apache.hadoop.ipc.DefaultRpcScheduler, ipcBackoff: false.
2020-05-07 05:21:53,748 [Socket Reader #1 for port 45885] INFO  ipc.Server (Server.java:run(1074)) - Starting Socket Reader #1 for port 45885
2020-05-07 05:21:53,800 [main] INFO  ipc.CallQueueManager (CallQueueManager.java:<init>(84)) - Using callQueue: class java.util.concurrent.LinkedBlockingQueue, queueCapacity: 2000, scheduler: class org.apache.hadoop.ipc.DefaultRpcScheduler, ipcBackoff: false.
2020-05-07 05:21:53,802 [Socket Reader #1 for port 39047] INFO  ipc.Server (Server.java:run(1074)) - Starting Socket Reader #1 for port 39047
2020-05-07 05:21:53,818 [main] INFO  ipc.CallQueueManager (CallQueueManager.java:<init>(84)) - Using callQueue: class java.util.concurrent.LinkedBlockingQueue, queueCapacity: 2000, scheduler: class org.apache.hadoop.ipc.DefaultRpcScheduler, ipcBackoff: false.
2020-05-07 05:21:53,819 [Socket Reader #1 for port 41067] INFO  ipc.Server (Server.java:run(1074)) - Starting Socket Reader #1 for port 41067
2020-05-07 05:21:53,844 [main] INFO  http.BaseHttpServer (BaseHttpServer.java:newHttpServer2BuilderForOzone(205)) - Starting Web-server for scm at: http://0.0.0.0:0
2020-05-07 05:21:53,844 [main] INFO  http.BaseHttpServer (BaseHttpServer.java:<init>(106)) - Hadoop Security Enabled: false Ozone Security Enabled: false Ozone HTTP Security Enabled: false 
2020-05-07 05:21:53,892 [main] INFO  util.log (Log.java:initialized(169)) - Logging initialized @3128ms to org.eclipse.jetty.util.log.Slf4jLog
2020-05-07 05:21:54,076 [main] INFO  server.AuthenticationFilter (AuthenticationFilter.java:constructSecretProvider(240)) - Unable to initialize FileSignerSecretProvider, falling back to use random secrets.
2020-05-07 05:21:54,097 [main] WARN  http.HttpRequestLog (HttpRequestLog.java:getRequestLog(103)) - Jetty request log can only be enabled using Log4j
2020-05-07 05:21:54,103 [main] INFO  http.HttpServer2 (HttpServer2.java:addGlobalFilter(993)) - Added global filter 'safety' (class=org.apache.hadoop.hdds.server.http.HttpServer2$QuotingInputFilter)
2020-05-07 05:21:54,105 [main] INFO  http.HttpServer2 (HttpServer2.java:addFilter(969)) - Added filter authentication (class=org.apache.hadoop.security.authentication.server.AuthenticationFilter) to context scm
2020-05-07 05:21:54,105 [main] INFO  http.HttpServer2 (HttpServer2.java:addFilter(977)) - Added filter authentication (class=org.apache.hadoop.security.authentication.server.AuthenticationFilter) to context static
2020-05-07 05:21:54,105 [main] INFO  http.HttpServer2 (HttpServer2.java:addFilter(977)) - Added filter authentication (class=org.apache.hadoop.security.authentication.server.AuthenticationFilter) to context logs
2020-05-07 05:21:54,182 [main] INFO  server.StorageContainerManager (StorageContainerManager.java:start(781)) - StorageContainerLocationProtocol RPC server is listening at /0.0.0.0:41067
2020-05-07 05:21:54,262 [main] WARN  impl.MetricsConfig (MetricsConfig.java:loadFirst(134)) - Cannot locate configuration: tried hadoop-metrics2-storagecontainermanager.properties,hadoop-metrics2.properties
2020-05-07 05:21:54,278 [main] INFO  impl.MetricsSystemImpl (MetricsSystemImpl.java:startTimer(374)) - Scheduled Metric snapshot period at 10 second(s).
2020-05-07 05:21:54,278 [main] INFO  impl.MetricsSystemImpl (MetricsSystemImpl.java:start(191)) - StorageContainerManager metrics system started
2020-05-07 05:21:54,661 [main] INFO  server.SCMClientProtocolServer (SCMClientProtocolServer.java:start(157)) - RPC server for Client  is listening at /0.0.0.0:41067
2020-05-07 05:21:54,663 [IPC Server Responder] INFO  ipc.Server (Server.java:run(1314)) - IPC Server Responder: starting
2020-05-07 05:21:54,663 [IPC Server listener on 41067] INFO  ipc.Server (Server.java:run(1153)) - IPC Server listener on 41067: starting
2020-05-07 05:21:54,670 [main] INFO  server.StorageContainerManager (StorageContainerManager.java:start(793)) - ScmBlockLocationProtocol RPC server is listening at /0.0.0.0:39047
2020-05-07 05:21:54,671 [main] INFO  server.SCMBlockProtocolServer (SCMBlockProtocolServer.java:start(149)) - RPC server for Block Protocol is listening at /0.0.0.0:39047
2020-05-07 05:21:54,674 [IPC Server Responder] INFO  ipc.Server (Server.java:run(1314)) - IPC Server Responder: starting
2020-05-07 05:21:54,678 [IPC Server listener on 39047] INFO  ipc.Server (Server.java:run(1153)) - IPC Server listener on 39047: starting
2020-05-07 05:21:54,707 [main] INFO  server.StorageContainerManager (StorageContainerManager.java:start(799)) - ScmDatanodeProtocl RPC server is listening at /0.0.0.0:45885
2020-05-07 05:21:54,707 [main] INFO  server.SCMDatanodeProtocolServer (SCMDatanodeProtocolServer.java:start(172)) - RPC server for DataNodes is listening at /0.0.0.0:45885
2020-05-07 05:21:54,710 [IPC Server Responder] INFO  ipc.Server (Server.java:run(1314)) - IPC Server Responder: starting
2020-05-07 05:21:54,710 [IPC Server listener on 45885] INFO  ipc.Server (Server.java:run(1153)) - IPC Server listener on 45885: starting
2020-05-07 05:21:54,716 [main] INFO  http.HttpServer2 (HttpServer2.java:bindListener(1211)) - Jetty bound to port 41123
2020-05-07 05:21:54,719 [main] INFO  server.Server (Server.java:doStart(359)) - jetty-9.4.26.v20200117; built: 2020-01-17T12:35:33.676Z; git: 7b38981d25d14afb4a12ff1f2596756144edf695; jvm 1.8.0_232-b09
2020-05-07 05:21:54,772 [main] INFO  server.session (DefaultSessionIdManager.java:doStart(333)) - DefaultSessionIdManager workerName=node0
2020-05-07 05:21:54,772 [main] INFO  server.session (DefaultSessionIdManager.java:doStart(338)) - No SessionScavenger set, using defaults
2020-05-07 05:21:54,775 [main] INFO  server.session (HouseKeeper.java:startScavenging(140)) - node0 Scavenging every 660000ms
2020-05-07 05:21:54,793 [main] INFO  server.AuthenticationFilter (AuthenticationFilter.java:constructSecretProvider(240)) - Unable to initialize FileSignerSecretProvider, falling back to use random secrets.
2020-05-07 05:21:54,797 [main] INFO  handler.ContextHandler (ContextHandler.java:doStart(825)) - Started o.e.j.s.ServletContextHandler@6e886e25{logs,/logs,file:///github/workspace/mnt/ozone/hadoop-ozone/integration-test/target/log,AVAILABLE}
2020-05-07 05:21:54,799 [main] INFO  handler.ContextHandler (ContextHandler.java:doStart(825)) - Started o.e.j.s.ServletContextHandler@41019f9d{static,/static,file:///github/workspace/mnt/ozone/hadoop-ozone/integration-test/target/test-classes/webapps/static,AVAILABLE}
2020-05-07 05:21:54,868 [main] INFO  handler.ContextHandler (ContextHandler.java:doStart(825)) - Started o.e.j.w.WebAppContext@7c516b63{scm,/,file:///github/workspace/mnt/ozone/hadoop-ozone/integration-test/target/test-classes/webapps/scm/,AVAILABLE}{file:/github/workspace/mnt/ozone/hadoop-ozone/integration-test/target/test-classes/webapps/scm}
2020-05-07 05:21:54,882 [main] INFO  server.AbstractConnector (AbstractConnector.java:doStart(330)) - Started ServerConnector@6ebdbe96{HTTP/1.1,[http/1.1]}{0.0.0.0:41123}
2020-05-07 05:21:54,883 [main] INFO  server.Server (Server.java:doStart(399)) - Started @4119ms
2020-05-07 05:21:54,886 [main] INFO  impl.MetricsSinkAdapter (MetricsSinkAdapter.java:start(204)) - Sink prometheus started
2020-05-07 05:21:54,886 [main] INFO  impl.MetricsSystemImpl (MetricsSystemImpl.java:registerSink(301)) - Registered sink prometheus
2020-05-07 05:21:54,889 [main] INFO  http.BaseHttpServer (BaseHttpServer.java:updateConnectorAddress(325)) - HTTP server of scm listening at http://0.0.0.0:41123
2020-05-07 05:21:54,899 [main] WARN  server.ServerUtils (ServerUtils.java:getDBPath(225)) - ozone.om.db.dirs is not configured. We recommend adding this setting. Falling back to ozone.metadata.dirs instead.
2020-05-07 05:21:54,907 [org.apache.hadoop.util.JvmPauseMonitor$Monitor@6d01f471] INFO  util.JvmPauseMonitor (JvmPauseMonitor.java:run(188)) - Starting JVM pause monitor
2020-05-07 05:21:55,046 [main] INFO  ha.OMHANodeDetails (OMHANodeDetails.java:loadOMHAConfig(104)) - ozone.om.internal.service.id is not defined, falling back to ozone.om.service.ids to find serviceID for OzoneManager if it is HA enabled cluster
2020-05-07 05:21:55,053 [main] INFO  ha.OMHANodeDetails (OMHANodeDetails.java:loadOMHAConfig(207)) - Configuration either no ozone.om.address set. Falling back to the default OM address /127.0.0.1:0
2020-05-07 05:21:55,053 [main] INFO  ha.OMHANodeDetails (OMHANodeDetails.java:getOMNodeDetails(237)) - OM Service ID is not set. Setting it to the default ID: omServiceIdDefault
2020-05-07 05:21:55,056 [main] WARN  server.ServerUtils (ServerUtils.java:getDBPath(225)) - ozone.om.db.dirs is not configured. We recommend adding this setting. Falling back to ozone.metadata.dirs instead.
2020-05-07 05:21:55,058 [main] WARN  server.ServerUtils (ServerUtils.java:getDBPath(225)) - ozone.om.db.dirs is not configured. We recommend adding this setting. Falling back to ozone.metadata.dirs instead.
2020-05-07 05:21:55,921 [main] WARN  server.ServerUtils (ServerUtils.java:getDBPath(225)) - ozone.om.db.dirs is not configured. We recommend adding this setting. Falling back to ozone.metadata.dirs instead.
2020-05-07 05:21:56,034 [main] INFO  ipc.CallQueueManager (CallQueueManager.java:<init>(84)) - Using callQueue: class java.util.concurrent.LinkedBlockingQueue, queueCapacity: 2000, scheduler: class org.apache.hadoop.ipc.DefaultRpcScheduler, ipcBackoff: false.
2020-05-07 05:21:56,038 [Socket Reader #1 for port 44303] INFO  ipc.Server (Server.java:run(1074)) - Starting Socket Reader #1 for port 44303
2020-05-07 05:21:56,077 [main] INFO  impl.MetricsSystemImpl (MetricsSystemImpl.java:init(158)) - OzoneManager metrics system started (again)
2020-05-07 05:21:56,079 [main] INFO  om.OzoneManager (OzoneManager.java:start(1107)) - OzoneManager RPC server is listening at localhost/127.0.0.1:44303
2020-05-07 05:21:56,107 [IPC Server Responder] INFO  ipc.Server (Server.java:run(1314)) - IPC Server Responder: starting
2020-05-07 05:21:56,107 [IPC Server listener on 44303] INFO  ipc.Server (Server.java:run(1153)) - IPC Server listener on 44303: starting
2020-05-07 05:21:56,126 [main] INFO  http.BaseHttpServer (BaseHttpServer.java:newHttpServer2BuilderForOzone(205)) - Starting Web-server for ozoneManager at: http://0.0.0.0:0
2020-05-07 05:21:56,126 [main] INFO  http.BaseHttpServer (BaseHttpServer.java:<init>(106)) - Hadoop Security Enabled: false Ozone Security Enabled: false Ozone HTTP Security Enabled: false 
2020-05-07 05:21:56,128 [main] INFO  server.AuthenticationFilter (AuthenticationFilter.java:constructSecretProvider(240)) - Unable to initialize FileSignerSecretProvider, falling back to use random secrets.
2020-05-07 05:21:56,130 [main] WARN  http.HttpRequestLog (HttpRequestLog.java:getRequestLog(103)) - Jetty request log can only be enabled using Log4j
2020-05-07 05:21:56,132 [main] INFO  http.HttpServer2 (HttpServer2.java:addGlobalFilter(993)) - Added global filter 'safety' (class=org.apache.hadoop.hdds.server.http.HttpServer2$QuotingInputFilter)
2020-05-07 05:21:56,133 [main] INFO  http.HttpServer2 (HttpServer2.java:addFilter(969)) - Added filter authentication (class=org.apache.hadoop.security.authentication.server.AuthenticationFilter) to context ozoneManager
2020-05-07 05:21:56,133 [main] INFO  http.HttpServer2 (HttpServer2.java:addFilter(977)) - Added filter authentication (class=org.apache.hadoop.security.authentication.server.AuthenticationFilter) to context logs
2020-05-07 05:21:56,134 [main] INFO  http.HttpServer2 (HttpServer2.java:addFilter(977)) - Added filter authentication (class=org.apache.hadoop.security.authentication.server.AuthenticationFilter) to context static
2020-05-07 05:21:56,137 [main] INFO  http.HttpServer2 (HttpServer2.java:bindListener(1211)) - Jetty bound to port 34495
2020-05-07 05:21:56,137 [main] INFO  server.Server (Server.java:doStart(359)) - jetty-9.4.26.v20200117; built: 2020-01-17T12:35:33.676Z; git: 7b38981d25d14afb4a12ff1f2596756144edf695; jvm 1.8.0_232-b09
2020-05-07 05:21:56,144 [main] INFO  server.session (DefaultSessionIdManager.java:doStart(333)) - DefaultSessionIdManager workerName=node0
2020-05-07 05:21:56,144 [main] INFO  server.session (DefaultSessionIdManager.java:doStart(338)) - No SessionScavenger set, using defaults
2020-05-07 05:21:56,144 [main] INFO  server.session (HouseKeeper.java:startScavenging(140)) - node0 Scavenging every 660000ms
2020-05-07 05:21:56,145 [main] INFO  server.AuthenticationFilter (AuthenticationFilter.java:constructSecretProvider(240)) - Unable to initialize FileSignerSecretProvider, falling back to use random secrets.
2020-05-07 05:21:56,146 [main] INFO  handler.ContextHandler (ContextHandler.java:doStart(825)) - Started o.e.j.s.ServletContextHandler@63c6a639{logs,/logs,file:///github/workspace/mnt/ozone/hadoop-ozone/integration-test/target/log,AVAILABLE}
2020-05-07 05:21:56,147 [main] INFO  handler.ContextHandler (ContextHandler.java:doStart(825)) - Started o.e.j.s.ServletContextHandler@7722f86d{static,/static,file:///github/workspace/mnt/ozone/hadoop-ozone/integration-test/target/test-classes/webapps/static,AVAILABLE}
2020-05-07 05:21:56,154 [main] INFO  handler.ContextHandler (ContextHandler.java:doStart(825)) - Started o.e.j.w.WebAppContext@5cc1a0c3{ozoneManager,/,file:///github/workspace/mnt/ozone/hadoop-ozone/integration-test/target/test-classes/webapps/ozoneManager/,AVAILABLE}{file:/github/workspace/mnt/ozone/hadoop-ozone/integration-test/target/test-classes/webapps/ozoneManager}
2020-05-07 05:21:56,156 [main] INFO  server.AbstractConnector (AbstractConnector.java:doStart(330)) - Started ServerConnector@33117039{HTTP/1.1,[http/1.1]}{0.0.0.0:34495}
2020-05-07 05:21:56,156 [main] INFO  server.Server (Server.java:doStart(399)) - Started @5393ms
2020-05-07 05:21:56,157 [main] WARN  impl.MetricsSystemImpl (MetricsSystemImpl.java:register(276)) - Sink prometheus already exists!
2020-05-07 05:21:56,160 [main] INFO  http.BaseHttpServer (BaseHttpServer.java:updateConnectorAddress(325)) - HTTP server of ozoneManager listening at http://0.0.0.0:34495
2020-05-07 05:21:56,349 [main] INFO  metrics.MetricRegistries (MetricRegistriesLoader.java:load(64)) - Loaded MetricRegistries class org.apache.ratis.metrics.impl.MetricRegistriesImpl
2020-05-07 05:21:56,352 [main] INFO  impl.MetricsSystemImpl (MetricsSystemImpl.java:init(158)) - HddsDatanode metrics system started (again)
2020-05-07 05:21:56,360 [main] INFO  ozone.HddsDatanodeService (HddsDatanodeService.java:start(204)) - HddsDatanodeService host:b2266369218d ip:172.17.0.2
2020-05-07 05:21:56,413 [main] INFO  volume.HddsVolume (HddsVolume.java:<init>(176)) - Creating Volume: /github/workspace/mnt/ozone/hadoop-ozone/integration-test/target/test-dir/MiniOzoneClusterImpl-05740949-9c22-47e9-931e-531dd4a47486/datanode-0/data-0/containers/hdds of storage type : DISK and capacity : 9223372036854775807
2020-05-07 05:21:56,416 [main] INFO  volume.MutableVolumeSet (MutableVolumeSet.java:initializeVolumeSet(181)) - Added Volume : /github/workspace/mnt/ozone/hadoop-ozone/integration-test/target/test-dir/MiniOzoneClusterImpl-05740949-9c22-47e9-931e-531dd4a47486/datanode-0/data-0/containers/hdds to VolumeSet
2020-05-07 05:21:56,417 [main] INFO  volume.ThrottledAsyncChecker (ThrottledAsyncChecker.java:schedule(141)) - Scheduling a check for /github/workspace/mnt/ozone/hadoop-ozone/integration-test/target/test-dir/MiniOzoneClusterImpl-05740949-9c22-47e9-931e-531dd4a47486/datanode-0/data-0/containers/hdds
2020-05-07 05:21:56,439 [main] INFO  volume.HddsVolumeChecker (HddsVolumeChecker.java:checkAllVolumes(200)) - Scheduled health check for volume /github/workspace/mnt/ozone/hadoop-ozone/integration-test/target/test-dir/MiniOzoneClusterImpl-05740949-9c22-47e9-931e-531dd4a47486/datanode-0/data-0/containers/hdds
2020-05-07 05:21:56,639 [main] INFO  impl.RaftServerProxy (ConfUtils.java:logGet(44)) - raft.rpc.type = GRPC (default)
2020-05-07 05:21:56,795 [main] INFO  grpc.GrpcFactory (GrpcFactory.java:checkPooledByteBufAllocatorUseCacheForAllThreads(45)) - PERFORMANCE WARNING: useCacheForAllThreads is true that may cause Netty to create a lot garbage objects and, as a result, trigger GC.
	It is recommended to disable useCacheForAllThreads by setting -Dorg.apache.ratis.thirdparty.io.netty.allocator.useCacheForAllThreads=false in command line.
2020-05-07 05:21:56,801 [main] INFO  grpc.GrpcConfigKeys (ConfUtils.java:logGet(44)) - raft.grpc.server.port = 0 (default)
2020-05-07 05:21:56,802 [main] INFO  server.GrpcService (ConfUtils.java:logGet(44)) - raft.grpc.message.size.max = 32MB (=33554432) (custom)
2020-05-07 05:21:56,802 [main] INFO  server.RaftServerConfigKeys (ConfUtils.java:logGet(44)) - raft.server.log.appender.buffer.byte-limit = 33554432 (custom)
2020-05-07 05:21:56,803 [main] INFO  server.GrpcService (ConfUtils.java:logGet(44)) - raft.grpc.flow.control.window = 5MB (=5242880) (custom)
2020-05-07 05:21:56,804 [main] INFO  server.RaftServerConfigKeys (ConfUtils.java:logGet(44)) - raft.server.rpc.request.timeout = 60s (custom)
2020-05-07 05:21:57,074 [main] INFO  server.RaftServerConfigKeys (ConfUtils.java:logGet(44)) - raft.server.storage.dir = [/github/workspace/mnt/ozone/hadoop-ozone/integration-test/target/test-dir/MiniOzoneClusterImpl-05740949-9c22-47e9-931e-531dd4a47486/datanode-0/data/ratis] (custom)
2020-05-07 05:21:57,147 [main] INFO  http.BaseHttpServer (BaseHttpServer.java:newHttpServer2BuilderForOzone(205)) - Starting Web-server for hddsDatanode at: http://0.0.0.0:0
2020-05-07 05:21:57,148 [main] INFO  http.BaseHttpServer (BaseHttpServer.java:<init>(106)) - Hadoop Security Enabled: false Ozone Security Enabled: false Ozone HTTP Security Enabled: false 
2020-05-07 05:21:57,149 [main] INFO  server.AuthenticationFilter (AuthenticationFilter.java:constructSecretProvider(240)) - Unable to initialize FileSignerSecretProvider, falling back to use random secrets.
2020-05-07 05:21:57,150 [main] WARN  http.HttpRequestLog (HttpRequestLog.java:getRequestLog(103)) - Jetty request log can only be enabled using Log4j
2020-05-07 05:21:57,151 [main] INFO  http.HttpServer2 (HttpServer2.java:addGlobalFilter(993)) - Added global filter 'safety' (class=org.apache.hadoop.hdds.server.http.HttpServer2$QuotingInputFilter)
2020-05-07 05:21:57,152 [main] INFO  http.HttpServer2 (HttpServer2.java:addFilter(969)) - Added filter authentication (class=org.apache.hadoop.security.authentication.server.AuthenticationFilter) to context hddsDatanode
2020-05-07 05:21:57,152 [main] INFO  http.HttpServer2 (HttpServer2.java:addFilter(977)) - Added filter authentication (class=org.apache.hadoop.security.authentication.server.AuthenticationFilter) to context logs
2020-05-07 05:21:57,152 [main] INFO  http.HttpServer2 (HttpServer2.java:addFilter(977)) - Added filter authentication (class=org.apache.hadoop.security.authentication.server.AuthenticationFilter) to context static
2020-05-07 05:21:57,153 [main] INFO  http.HttpServer2 (HttpServer2.java:bindListener(1211)) - Jetty bound to port 45497
2020-05-07 05:21:57,153 [main] INFO  server.Server (Server.java:doStart(359)) - jetty-9.4.26.v20200117; built: 2020-01-17T12:35:33.676Z; git: 7b38981d25d14afb4a12ff1f2596756144edf695; jvm 1.8.0_232-b09
2020-05-07 05:21:57,156 [main] INFO  server.session (DefaultSessionIdManager.java:doStart(333)) - DefaultSessionIdManager workerName=node0
2020-05-07 05:21:57,156 [main] INFO  server.session (DefaultSessionIdManager.java:doStart(338)) - No SessionScavenger set, using defaults
2020-05-07 05:21:57,156 [main] INFO  server.session (HouseKeeper.java:startScavenging(140)) - node0 Scavenging every 660000ms
2020-05-07 05:21:57,159 [main] INFO  server.AuthenticationFilter (AuthenticationFilter.java:constructSecretProvider(240)) - Unable to initialize FileSignerSecretProvider, falling back to use random secrets.
2020-05-07 05:21:57,162 [main] INFO  handler.ContextHandler (ContextHandler.java:doStart(825)) - Started o.e.j.s.ServletContextHandler@4de841ae{logs,/logs,file:///github/workspace/mnt/ozone/hadoop-ozone/integration-test/target/log,AVAILABLE}
2020-05-07 05:21:57,164 [main] INFO  handler.ContextHandler (ContextHandler.java:doStart(825)) - Started o.e.j.s.ServletContextHandler@7fdd009a{static,/static,jar:file:/home/user/.m2/repository/org/apache/hadoop/hadoop-hdds-container-service/0.6.0-SNAPSHOT/hadoop-hdds-container-service-0.6.0-SNAPSHOT.jar!/webapps/static,AVAILABLE}
2020-05-07 05:21:57,207 [main] INFO  handler.ContextHandler (ContextHandler.java:doStart(825)) - Started o.e.j.w.WebAppContext@3fbe45ff{hddsDatanode,/,file:///tmp/jetty-0_0_0_0-45497-hadoop-hdds-container-service-0_6_0-SNAPSHOT_jar-_-any-7067558818389260484.dir/webapp/,AVAILABLE}{jar:file:/home/user/.m2/repository/org/apache/hadoop/hadoop-hdds-container-service/0.6.0-SNAPSHOT/hadoop-hdds-container-service-0.6.0-SNAPSHOT.jar!/webapps/hddsDatanode}
2020-05-07 05:21:57,209 [main] INFO  server.AbstractConnector (AbstractConnector.java:doStart(330)) - Started ServerConnector@4617f9a8{HTTP/1.1,[http/1.1]}{0.0.0.0:45497}
2020-05-07 05:21:57,210 [main] INFO  server.Server (Server.java:doStart(399)) - Started @6446ms
2020-05-07 05:21:57,211 [main] WARN  impl.MetricsSystemImpl (MetricsSystemImpl.java:register(276)) - Sink prometheus already exists!
2020-05-07 05:21:57,214 [main] INFO  http.BaseHttpServer (BaseHttpServer.java:updateConnectorAddress(325)) - HTTP server of hddsDatanode listening at http://0.0.0.0:45497
2020-05-07 05:21:57,216 [main] INFO  impl.MetricsSystemImpl (MetricsSystemImpl.java:init(158)) - HddsDatanode metrics system started (again)
2020-05-07 05:21:57,217 [main] INFO  ozone.HddsDatanodeService (HddsDatanodeService.java:start(204)) - HddsDatanodeService host:b2266369218d ip:172.17.0.2
2020-05-07 05:21:57,220 [main] INFO  volume.HddsVolume (HddsVolume.java:<init>(176)) - Creating Volume: /github/workspace/mnt/ozone/hadoop-ozone/integration-test/target/test-dir/MiniOzoneClusterImpl-05740949-9c22-47e9-931e-531dd4a47486/datanode-1/data-0/containers/hdds of storage type : DISK and capacity : 9223372036854775807
2020-05-07 05:21:57,227 [main] INFO  volume.MutableVolumeSet (MutableVolumeSet.java:initializeVolumeSet(181)) - Added Volume : /github/workspace/mnt/ozone/hadoop-ozone/integration-test/target/test-dir/MiniOzoneClusterImpl-05740949-9c22-47e9-931e-531dd4a47486/datanode-1/data-0/containers/hdds to VolumeSet
2020-05-07 05:21:57,227 [main] INFO  volume.ThrottledAsyncChecker (ThrottledAsyncChecker.java:schedule(141)) - Scheduling a check for /github/workspace/mnt/ozone/hadoop-ozone/integration-test/target/test-dir/MiniOzoneClusterImpl-05740949-9c22-47e9-931e-531dd4a47486/datanode-1/data-0/containers/hdds
2020-05-07 05:21:57,228 [main] INFO  volume.HddsVolumeChecker (HddsVolumeChecker.java:checkAllVolumes(200)) - Scheduled health check for volume /github/workspace/mnt/ozone/hadoop-ozone/integration-test/target/test-dir/MiniOzoneClusterImpl-05740949-9c22-47e9-931e-531dd4a47486/datanode-1/data-0/containers/hdds
2020-05-07 05:21:57,270 [org.apache.hadoop.util.JvmPauseMonitor$Monitor@12ff3c18] INFO  util.JvmPauseMonitor (JvmPauseMonitor.java:run(188)) - Starting JVM pause monitor
2020-05-07 05:21:57,283 [main] INFO  impl.RaftServerProxy (ConfUtils.java:logGet(44)) - raft.rpc.type = GRPC (default)
2020-05-07 05:21:57,284 [main] INFO  grpc.GrpcFactory (GrpcFactory.java:checkPooledByteBufAllocatorUseCacheForAllThreads(45)) - PERFORMANCE WARNING: useCacheForAllThreads is true that may cause Netty to create a lot garbage objects and, as a result, trigger GC.
	It is recommended to disable useCacheForAllThreads by setting -Dorg.apache.ratis.thirdparty.io.netty.allocator.useCacheForAllThreads=false in command line.
2020-05-07 05:21:57,284 [main] INFO  grpc.GrpcConfigKeys (ConfUtils.java:logGet(44)) - raft.grpc.server.port = 0 (default)
2020-05-07 05:21:57,284 [main] INFO  server.GrpcService (ConfUtils.java:logGet(44)) - raft.grpc.message.size.max = 32MB (=33554432) (custom)
2020-05-07 05:21:57,285 [main] INFO  server.RaftServerConfigKeys (ConfUtils.java:logGet(44)) - raft.server.log.appender.buffer.byte-limit = 33554432 (custom)
2020-05-07 05:21:57,286 [main] INFO  server.GrpcService (ConfUtils.java:logGet(44)) - raft.grpc.flow.control.window = 5MB (=5242880) (custom)
2020-05-07 05:21:57,286 [main] INFO  server.RaftServerConfigKeys (ConfUtils.java:logGet(44)) - raft.server.rpc.request.timeout = 60s (custom)
2020-05-07 05:21:57,287 [main] INFO  server.RaftServerConfigKeys (ConfUtils.java:logGet(44)) - raft.server.storage.dir = [/github/workspace/mnt/ozone/hadoop-ozone/integration-test/target/test-dir/MiniOzoneClusterImpl-05740949-9c22-47e9-931e-531dd4a47486/datanode-1/data/ratis] (custom)
2020-05-07 05:21:57,298 [main] INFO  http.BaseHttpServer (BaseHttpServer.java:newHttpServer2BuilderForOzone(205)) - Starting Web-server for hddsDatanode at: http://0.0.0.0:0
2020-05-07 05:21:57,298 [main] INFO  http.BaseHttpServer (BaseHttpServer.java:<init>(106)) - Hadoop Security Enabled: false Ozone Security Enabled: false Ozone HTTP Security Enabled: false 
2020-05-07 05:21:57,300 [main] INFO  server.AuthenticationFilter (AuthenticationFilter.java:constructSecretProvider(240)) - Unable to initialize FileSignerSecretProvider, falling back to use random secrets.
2020-05-07 05:21:57,310 [main] WARN  http.HttpRequestLog (HttpRequestLog.java:getRequestLog(103)) - Jetty request log can only be enabled using Log4j
2020-05-07 05:21:57,311 [main] INFO  http.HttpServer2 (HttpServer2.java:addGlobalFilter(993)) - Added global filter 'safety' (class=org.apache.hadoop.hdds.server.http.HttpServer2$QuotingInputFilter)
2020-05-07 05:21:57,312 [main] INFO  http.HttpServer2 (HttpServer2.java:addFilter(969)) - Added filter authentication (class=org.apache.hadoop.security.authentication.server.AuthenticationFilter) to context hddsDatanode
2020-05-07 05:21:57,312 [main] INFO  http.HttpServer2 (HttpServer2.java:addFilter(977)) - Added filter authentication (class=org.apache.hadoop.security.authentication.server.AuthenticationFilter) to context static
2020-05-07 05:21:57,312 [main] INFO  http.HttpServer2 (HttpServer2.java:addFilter(977)) - Added filter authentication (class=org.apache.hadoop.security.authentication.server.AuthenticationFilter) to context logs
2020-05-07 05:21:57,313 [main] INFO  http.HttpServer2 (HttpServer2.java:bindListener(1211)) - Jetty bound to port 43161
2020-05-07 05:21:57,313 [main] INFO  server.Server (Server.java:doStart(359)) - jetty-9.4.26.v20200117; built: 2020-01-17T12:35:33.676Z; git: 7b38981d25d14afb4a12ff1f2596756144edf695; jvm 1.8.0_232-b09
2020-05-07 05:21:57,324 [main] INFO  server.session (DefaultSessionIdManager.java:doStart(333)) - DefaultSessionIdManager workerName=node0
2020-05-07 05:21:57,324 [main] INFO  server.session (DefaultSessionIdManager.java:doStart(338)) - No SessionScavenger set, using defaults
2020-05-07 05:21:57,324 [main] INFO  server.session (HouseKeeper.java:startScavenging(140)) - node0 Scavenging every 660000ms
2020-05-07 05:21:57,325 [main] INFO  server.AuthenticationFilter (AuthenticationFilter.java:constructSecretProvider(240)) - Unable to initialize FileSignerSecretProvider, falling back to use random secrets.
2020-05-07 05:21:57,326 [main] INFO  handler.ContextHandler (ContextHandler.java:doStart(825)) - Started o.e.j.s.ServletContextHandler@62516919{logs,/logs,file:///github/workspace/mnt/ozone/hadoop-ozone/integration-test/target/log,AVAILABLE}
2020-05-07 05:21:57,327 [main] INFO  handler.ContextHandler (ContextHandler.java:doStart(825)) - Started o.e.j.s.ServletContextHandler@55a8e7ab{static,/static,jar:file:/home/user/.m2/repository/org/apache/hadoop/hadoop-hdds-container-service/0.6.0-SNAPSHOT/hadoop-hdds-container-service-0.6.0-SNAPSHOT.jar!/webapps/static,AVAILABLE}
2020-05-07 05:21:57,366 [main] INFO  handler.ContextHandler (ContextHandler.java:doStart(825)) - Started o.e.j.w.WebAppContext@33c04aed{hddsDatanode,/,file:///tmp/jetty-0_0_0_0-43161-hadoop-hdds-container-service-0_6_0-SNAPSHOT_jar-_-any-5426301455728519010.dir/webapp/,AVAILABLE}{jar:file:/home/user/.m2/repository/org/apache/hadoop/hadoop-hdds-container-service/0.6.0-SNAPSHOT/hadoop-hdds-container-service-0.6.0-SNAPSHOT.jar!/webapps/hddsDatanode}
2020-05-07 05:21:57,369 [main] INFO  server.AbstractConnector (AbstractConnector.java:doStart(330)) - Started ServerConnector@2f3e4bd5{HTTP/1.1,[http/1.1]}{0.0.0.0:43161}
2020-05-07 05:21:57,369 [main] INFO  server.Server (Server.java:doStart(399)) - Started @6606ms
2020-05-07 05:21:57,369 [main] WARN  impl.MetricsSystemImpl (MetricsSystemImpl.java:register(276)) - Sink prometheus already exists!
2020-05-07 05:21:57,379 [main] INFO  http.BaseHttpServer (BaseHttpServer.java:updateConnectorAddress(325)) - HTTP server of hddsDatanode listening at http://0.0.0.0:43161
2020-05-07 05:21:57,390 [main] INFO  impl.MetricsSystemImpl (MetricsSystemImpl.java:init(158)) - HddsDatanode metrics system started (again)
2020-05-07 05:21:57,392 [main] INFO  ozone.HddsDatanodeService (HddsDatanodeService.java:start(204)) - HddsDatanodeService host:b2266369218d ip:172.17.0.2
2020-05-07 05:21:57,406 [main] INFO  volume.HddsVolume (HddsVolume.java:<init>(176)) - Creating Volume: /github/workspace/mnt/ozone/hadoop-ozone/integration-test/target/test-dir/MiniOzoneClusterImpl-05740949-9c22-47e9-931e-531dd4a47486/datanode-2/data-0/containers/hdds of storage type : DISK and capacity : 9223372036854775807
2020-05-07 05:21:57,406 [main] INFO  volume.MutableVolumeSet (MutableVolumeSet.java:initializeVolumeSet(181)) - Added Volume : /github/workspace/mnt/ozone/hadoop-ozone/integration-test/target/test-dir/MiniOzoneClusterImpl-05740949-9c22-47e9-931e-531dd4a47486/datanode-2/data-0/containers/hdds to VolumeSet
2020-05-07 05:21:57,406 [main] INFO  volume.ThrottledAsyncChecker (ThrottledAsyncChecker.java:schedule(141)) - Scheduling a check for /github/workspace/mnt/ozone/hadoop-ozone/integration-test/target/test-dir/MiniOzoneClusterImpl-05740949-9c22-47e9-931e-531dd4a47486/datanode-2/data-0/containers/hdds
2020-05-07 05:21:57,426 [org.apache.hadoop.util.JvmPauseMonitor$Monitor@7ff15c32] INFO  util.JvmPauseMonitor (JvmPauseMonitor.java:run(188)) - Starting JVM pause monitor
2020-05-07 05:21:57,438 [main] INFO  volume.HddsVolumeChecker (HddsVolumeChecker.java:checkAllVolumes(200)) - Scheduled health check for volume /github/workspace/mnt/ozone/hadoop-ozone/integration-test/target/test-dir/MiniOzoneClusterImpl-05740949-9c22-47e9-931e-531dd4a47486/datanode-2/data-0/containers/hdds
2020-05-07 05:21:57,471 [main] INFO  impl.RaftServerProxy (ConfUtils.java:logGet(44)) - raft.rpc.type = GRPC (default)
2020-05-07 05:21:57,472 [main] INFO  grpc.GrpcFactory (GrpcFactory.java:checkPooledByteBufAllocatorUseCacheForAllThreads(45)) - PERFORMANCE WARNING: useCacheForAllThreads is true that may cause Netty to create a lot garbage objects and, as a result, trigger GC.
	It is recommended to disable useCacheForAllThreads by setting -Dorg.apache.ratis.thirdparty.io.netty.allocator.useCacheForAllThreads=false in command line.
2020-05-07 05:21:57,472 [main] INFO  grpc.GrpcConfigKeys (ConfUtils.java:logGet(44)) - raft.grpc.server.port = 0 (default)
2020-05-07 05:21:57,472 [main] INFO  server.GrpcService (ConfUtils.java:logGet(44)) - raft.grpc.message.size.max = 32MB (=33554432) (custom)
2020-05-07 05:21:57,472 [main] INFO  server.RaftServerConfigKeys (ConfUtils.java:logGet(44)) - raft.server.log.appender.buffer.byte-limit = 33554432 (custom)
2020-05-07 05:21:57,473 [main] INFO  server.GrpcService (ConfUtils.java:logGet(44)) - raft.grpc.flow.control.window = 5MB (=5242880) (custom)
2020-05-07 05:21:57,473 [main] INFO  server.RaftServerConfigKeys (ConfUtils.java:logGet(44)) - raft.server.rpc.request.timeout = 60s (custom)
2020-05-07 05:21:57,474 [main] INFO  server.RaftServerConfigKeys (ConfUtils.java:logGet(44)) - raft.server.storage.dir = [/github/workspace/mnt/ozone/hadoop-ozone/integration-test/target/test-dir/MiniOzoneClusterImpl-05740949-9c22-47e9-931e-531dd4a47486/datanode-2/data/ratis] (custom)
2020-05-07 05:21:57,480 [Datanode State Machine Thread - 0] INFO  datanode.InitDatanodeState (InitDatanodeState.java:persistContainerDatanodeDetails(145)) - DatanodeDetails is persisted to /github/workspace/mnt/ozone/hadoop-ozone/integration-test/target/test-dir/MiniOzoneClusterImpl-05740949-9c22-47e9-931e-531dd4a47486/datanode-0/meta/datanode.id
2020-05-07 05:21:57,484 [Datanode State Machine Thread - 0] INFO  datanode.InitDatanodeState (InitDatanodeState.java:persistContainerDatanodeDetails(145)) - DatanodeDetails is persisted to /github/workspace/mnt/ozone/hadoop-ozone/integration-test/target/test-dir/MiniOzoneClusterImpl-05740949-9c22-47e9-931e-531dd4a47486/datanode-1/meta/datanode.id
2020-05-07 05:21:57,486 [main] INFO  http.BaseHttpServer (BaseHttpServer.java:newHttpServer2BuilderForOzone(205)) - Starting Web-server for hddsDatanode at: http://0.0.0.0:0
2020-05-07 05:21:57,486 [main] INFO  http.BaseHttpServer (BaseHttpServer.java:<init>(106)) - Hadoop Security Enabled: false Ozone Security Enabled: false Ozone HTTP Security Enabled: false 
2020-05-07 05:21:57,487 [main] INFO  server.AuthenticationFilter (AuthenticationFilter.java:constructSecretProvider(240)) - Unable to initialize FileSignerSecretProvider, falling back to use random secrets.
2020-05-07 05:21:57,488 [main] WARN  http.HttpRequestLog (HttpRequestLog.java:getRequestLog(103)) - Jetty request log can only be enabled using Log4j
2020-05-07 05:21:57,489 [main] INFO  http.HttpServer2 (HttpServer2.java:addGlobalFilter(993)) - Added global filter 'safety' (class=org.apache.hadoop.hdds.server.http.HttpServer2$QuotingInputFilter)
2020-05-07 05:21:57,490 [main] INFO  http.HttpServer2 (HttpServer2.java:addFilter(969)) - Added filter authentication (class=org.apache.hadoop.security.authentication.server.AuthenticationFilter) to context hddsDatanode
2020-05-07 05:21:57,490 [main] INFO  http.HttpServer2 (HttpServer2.java:addFilter(977)) - Added filter authentication (class=org.apache.hadoop.security.authentication.server.AuthenticationFilter) to context logs
2020-05-07 05:21:57,490 [main] INFO  http.HttpServer2 (HttpServer2.java:addFilter(977)) - Added filter authentication (class=org.apache.hadoop.security.authentication.server.AuthenticationFilter) to context static
2020-05-07 05:21:57,491 [main] INFO  http.HttpServer2 (HttpServer2.java:bindListener(1211)) - Jetty bound to port 39217
2020-05-07 05:21:57,491 [main] INFO  server.Server (Server.java:doStart(359)) - jetty-9.4.26.v20200117; built: 2020-01-17T12:35:33.676Z; git: 7b38981d25d14afb4a12ff1f2596756144edf695; jvm 1.8.0_232-b09
2020-05-07 05:21:57,510 [main] INFO  server.session (DefaultSessionIdManager.java:doStart(333)) - DefaultSessionIdManager workerName=node0
2020-05-07 05:21:57,510 [main] INFO  server.session (DefaultSessionIdManager.java:doStart(338)) - No SessionScavenger set, using defaults
2020-05-07 05:21:57,511 [main] INFO  server.session (HouseKeeper.java:startScavenging(140)) - node0 Scavenging every 600000ms
2020-05-07 05:21:57,511 [main] INFO  server.AuthenticationFilter (AuthenticationFilter.java:constructSecretProvider(240)) - Unable to initialize FileSignerSecretProvider, falling back to use random secrets.
2020-05-07 05:21:57,512 [main] INFO  handler.ContextHandler (ContextHandler.java:doStart(825)) - Started o.e.j.s.ServletContextHandler@25e63940{logs,/logs,file:///github/workspace/mnt/ozone/hadoop-ozone/integration-test/target/log,AVAILABLE}
2020-05-07 05:21:57,512 [main] INFO  handler.ContextHandler (ContextHandler.java:doStart(825)) - Started o.e.j.s.ServletContextHandler@2d23b35c{static,/static,jar:file:/home/user/.m2/repository/org/apache/hadoop/hadoop-hdds-container-service/0.6.0-SNAPSHOT/hadoop-hdds-container-service-0.6.0-SNAPSHOT.jar!/webapps/static,AVAILABLE}
2020-05-07 05:21:57,541 [main] INFO  handler.ContextHandler (ContextHandler.java:doStart(825)) - Started o.e.j.w.WebAppContext@59b0968e{hddsDatanode,/,file:///tmp/jetty-0_0_0_0-39217-hadoop-hdds-container-service-0_6_0-SNAPSHOT_jar-_-any-710515072600855378.dir/webapp/,AVAILABLE}{jar:file:/home/user/.m2/repository/org/apache/hadoop/hadoop-hdds-container-service/0.6.0-SNAPSHOT/hadoop-hdds-container-service-0.6.0-SNAPSHOT.jar!/webapps/hddsDatanode}
2020-05-07 05:21:57,546 [main] INFO  server.AbstractConnector (AbstractConnector.java:doStart(330)) - Started ServerConnector@6ff347a9{HTTP/1.1,[http/1.1]}{0.0.0.0:39217}
2020-05-07 05:21:57,548 [main] INFO  server.Server (Server.java:doStart(399)) - Started @6784ms
2020-05-07 05:21:57,548 [main] WARN  impl.MetricsSystemImpl (MetricsSystemImpl.java:register(276)) - Sink prometheus already exists!
2020-05-07 05:21:57,550 [main] INFO  http.BaseHttpServer (BaseHttpServer.java:updateConnectorAddress(325)) - HTTP server of hddsDatanode listening at http://0.0.0.0:39217
2020-05-07 05:21:57,550 [main] INFO  impl.MetricsSystemImpl (MetricsSystemImpl.java:init(158)) - HddsDatanode metrics system started (again)
2020-05-07 05:21:57,553 [main] INFO  ozone.HddsDatanodeService (HddsDatanodeService.java:start(204)) - HddsDatanodeService host:b2266369218d ip:172.17.0.2
2020-05-07 05:21:57,554 [main] INFO  volume.HddsVolume (HddsVolume.java:<init>(176)) - Creating Volume: /github/workspace/mnt/ozone/hadoop-ozone/integration-test/target/test-dir/MiniOzoneClusterImpl-05740949-9c22-47e9-931e-531dd4a47486/datanode-3/data-0/containers/hdds of storage type : DISK and capacity : 9223372036854775807
2020-05-07 05:21:57,555 [main] INFO  volume.MutableVolumeSet (MutableVolumeSet.java:initializeVolumeSet(181)) - Added Volume : /github/workspace/mnt/ozone/hadoop-ozone/integration-test/target/test-dir/MiniOzoneClusterImpl-05740949-9c22-47e9-931e-531dd4a47486/datanode-3/data-0/containers/hdds to VolumeSet
2020-05-07 05:21:57,555 [main] INFO  volume.ThrottledAsyncChecker (ThrottledAsyncChecker.java:schedule(141)) - Scheduling a check for /github/workspace/mnt/ozone/hadoop-ozone/integration-test/target/test-dir/MiniOzoneClusterImpl-05740949-9c22-47e9-931e-531dd4a47486/datanode-3/data-0/containers/hdds
2020-05-07 05:21:57,561 [org.apache.hadoop.util.JvmPauseMonitor$Monitor@3e806725] INFO  util.JvmPauseMonitor (JvmPauseMonitor.java:run(188)) - Starting JVM pause monitor
2020-05-07 05:21:57,570 [Datanode State Machine Thread - 0] INFO  datanode.InitDatanodeState (InitDatanodeState.java:persistContainerDatanodeDetails(145)) - DatanodeDetails is persisted to /github/workspace/mnt/ozone/hadoop-ozone/integration-test/target/test-dir/MiniOzoneClusterImpl-05740949-9c22-47e9-931e-531dd4a47486/datanode-2/meta/datanode.id
2020-05-07 05:21:57,570 [main] INFO  volume.HddsVolumeChecker (HddsVolumeChecker.java:checkAllVolumes(200)) - Scheduled health check for volume /github/workspace/mnt/ozone/hadoop-ozone/integration-test/target/test-dir/MiniOzoneClusterImpl-05740949-9c22-47e9-931e-531dd4a47486/datanode-3/data-0/containers/hdds
2020-05-07 05:21:57,595 [main] INFO  impl.RaftServerProxy (ConfUtils.java:logGet(44)) - raft.rpc.type = GRPC (default)
2020-05-07 05:21:57,595 [main] INFO  grpc.GrpcFactory (GrpcFactory.java:checkPooledByteBufAllocatorUseCacheForAllThreads(45)) - PERFORMANCE WARNING: useCacheForAllThreads is true that may cause Netty to create a lot garbage objects and, as a result, trigger GC.
	It is recommended to disable useCacheForAllThreads by setting -Dorg.apache.ratis.thirdparty.io.netty.allocator.useCacheForAllThreads=false in command line.
2020-05-07 05:21:57,595 [main] INFO  grpc.GrpcConfigKeys (ConfUtils.java:logGet(44)) - raft.grpc.server.port = 0 (default)
2020-05-07 05:21:57,595 [main] INFO  server.GrpcService (ConfUtils.java:logGet(44)) - raft.grpc.message.size.max = 32MB (=33554432) (custom)
2020-05-07 05:21:57,595 [main] INFO  server.RaftServerConfigKeys (ConfUtils.java:logGet(44)) - raft.server.log.appender.buffer.byte-limit = 33554432 (custom)
2020-05-07 05:21:57,596 [main] INFO  server.GrpcService (ConfUtils.java:logGet(44)) - raft.grpc.flow.control.window = 5MB (=5242880) (custom)
2020-05-07 05:21:57,596 [main] INFO  server.RaftServerConfigKeys (ConfUtils.java:logGet(44)) - raft.server.rpc.request.timeout = 60s (custom)
2020-05-07 05:21:57,597 [main] INFO  server.RaftServerConfigKeys (ConfUtils.java:logGet(44)) - raft.server.storage.dir = [/github/workspace/mnt/ozone/hadoop-ozone/integration-test/target/test-dir/MiniOzoneClusterImpl-05740949-9c22-47e9-931e-531dd4a47486/datanode-3/data/ratis] (custom)
2020-05-07 05:21:57,603 [main] INFO  http.BaseHttpServer (BaseHttpServer.java:newHttpServer2BuilderForOzone(205)) - Starting Web-server for hddsDatanode at: http://0.0.0.0:0
2020-05-07 05:21:57,603 [main] INFO  http.BaseHttpServer (BaseHttpServer.java:<init>(106)) - Hadoop Security Enabled: false Ozone Security Enabled: false Ozone HTTP Security Enabled: false 
2020-05-07 05:21:57,604 [main] INFO  server.AuthenticationFilter (AuthenticationFilter.java:constructSecretProvider(240)) - Unable to initialize FileSignerSecretProvider, falling back to use random secrets.
2020-05-07 05:21:57,605 [main] WARN  http.HttpRequestLog (HttpRequestLog.java:getRequestLog(103)) - Jetty request log can only be enabled using Log4j
2020-05-07 05:21:57,606 [main] INFO  http.HttpServer2 (HttpServer2.java:addGlobalFilter(993)) - Added global filter 'safety' (class=org.apache.hadoop.hdds.server.http.HttpServer2$QuotingInputFilter)
2020-05-07 05:21:57,606 [main] INFO  http.HttpServer2 (HttpServer2.java:addFilter(969)) - Added filter authentication (class=org.apache.hadoop.security.authentication.server.AuthenticationFilter) to context hddsDatanode
2020-05-07 05:21:57,607 [main] INFO  http.HttpServer2 (HttpServer2.java:addFilter(977)) - Added filter authentication (class=org.apache.hadoop.security.authentication.server.AuthenticationFilter) to context logs
2020-05-07 05:21:57,607 [main] INFO  http.HttpServer2 (HttpServer2.java:addFilter(977)) - Added filter authentication (class=org.apache.hadoop.security.authentication.server.AuthenticationFilter) to context static
2020-05-07 05:21:57,607 [main] INFO  http.HttpServer2 (HttpServer2.java:bindListener(1211)) - Jetty bound to port 46457
2020-05-07 05:21:57,607 [main] INFO  server.Server (Server.java:doStart(359)) - jetty-9.4.26.v20200117; built: 2020-01-17T12:35:33.676Z; git: 7b38981d25d14afb4a12ff1f2596756144edf695; jvm 1.8.0_232-b09
2020-05-07 05:21:57,615 [main] INFO  server.session (DefaultSessionIdManager.java:doStart(333)) - DefaultSessionIdManager workerName=node0
2020-05-07 05:21:57,615 [main] INFO  server.session (DefaultSessionIdManager.java:doStart(338)) - No SessionScavenger set, using defaults
2020-05-07 05:21:57,615 [main] INFO  server.session (HouseKeeper.java:startScavenging(140)) - node0 Scavenging every 600000ms
2020-05-07 05:21:57,616 [main] INFO  server.AuthenticationFilter (AuthenticationFilter.java:constructSecretProvider(240)) - Unable to initialize FileSignerSecretProvider, falling back to use random secrets.
2020-05-07 05:21:57,617 [main] INFO  handler.ContextHandler (ContextHandler.java:doStart(825)) - Started o.e.j.s.ServletContextHandler@54a14e38{logs,/logs,file:///github/workspace/mnt/ozone/hadoop-ozone/integration-test/target/log,AVAILABLE}
2020-05-07 05:21:57,618 [main] INFO  handler.ContextHandler (ContextHandler.java:doStart(825)) - Started o.e.j.s.ServletContextHandler@238cb4b1{static,/static,jar:file:/home/user/.m2/repository/org/apache/hadoop/hadoop-hdds-container-service/0.6.0-SNAPSHOT/hadoop-hdds-container-service-0.6.0-SNAPSHOT.jar!/webapps/static,AVAILABLE}
2020-05-07 05:21:57,653 [main] INFO  handler.ContextHandler (ContextHandler.java:doStart(825)) - Started o.e.j.w.WebAppContext@7d70c19e{hddsDatanode,/,file:///tmp/jetty-0_0_0_0-46457-hadoop-hdds-container-service-0_6_0-SNAPSHOT_jar-_-any-7296152115510928797.dir/webapp/,AVAILABLE}{jar:file:/home/user/.m2/repository/org/apache/hadoop/hadoop-hdds-container-service/0.6.0-SNAPSHOT/hadoop-hdds-container-service-0.6.0-SNAPSHOT.jar!/webapps/hddsDatanode}
2020-05-07 05:21:57,654 [main] INFO  server.AbstractConnector (AbstractConnector.java:doStart(330)) - Started ServerConnector@41e537cb{HTTP/1.1,[http/1.1]}{0.0.0.0:46457}
2020-05-07 05:21:57,655 [main] INFO  server.Server (Server.java:doStart(399)) - Started @6892ms
2020-05-07 05:21:57,655 [main] WARN  impl.MetricsSystemImpl (MetricsSystemImpl.java:register(276)) - Sink prometheus already exists!
2020-05-07 05:21:57,658 [main] INFO  http.BaseHttpServer (BaseHttpServer.java:updateConnectorAddress(325)) - HTTP server of hddsDatanode listening at http://0.0.0.0:46457
2020-05-07 05:21:57,658 [main] INFO  impl.MetricsSystemImpl (MetricsSystemImpl.java:init(158)) - HddsDatanode metrics system started (again)
2020-05-07 05:21:57,660 [main] INFO  ozone.HddsDatanodeService (HddsDatanodeService.java:start(204)) - HddsDatanodeService host:b2266369218d ip:172.17.0.2
2020-05-07 05:21:57,662 [main] INFO  volume.HddsVolume (HddsVolume.java:<init>(176)) - Creating Volume: /github/workspace/mnt/ozone/hadoop-ozone/integration-test/target/test-dir/MiniOzoneClusterImpl-05740949-9c22-47e9-931e-531dd4a47486/datanode-4/data-0/containers/hdds of storage type : DISK and capacity : 9223372036854775807
2020-05-07 05:21:57,662 [main] INFO  volume.MutableVolumeSet (MutableVolumeSet.java:initializeVolumeSet(181)) - Added Volume : /github/workspace/mnt/ozone/hadoop-ozone/integration-test/target/test-dir/MiniOzoneClusterImpl-05740949-9c22-47e9-931e-531dd4a47486/datanode-4/data-0/containers/hdds to VolumeSet
2020-05-07 05:21:57,662 [main] INFO  volume.ThrottledAsyncChecker (ThrottledAsyncChecker.java:schedule(141)) - Scheduling a check for /github/workspace/mnt/ozone/hadoop-ozone/integration-test/target/test-dir/MiniOzoneClusterImpl-05740949-9c22-47e9-931e-531dd4a47486/datanode-4/data-0/containers/hdds
2020-05-07 05:21:57,664 [main] INFO  volume.HddsVolumeChecker (HddsVolumeChecker.java:checkAllVolumes(200)) - Scheduled health check for volume /github/workspace/mnt/ozone/hadoop-ozone/integration-test/target/test-dir/MiniOzoneClusterImpl-05740949-9c22-47e9-931e-531dd4a47486/datanode-4/data-0/containers/hdds
2020-05-07 05:21:57,667 [org.apache.hadoop.util.JvmPauseMonitor$Monitor@38fb93fa] INFO  util.JvmPauseMonitor (JvmPauseMonitor.java:run(188)) - Starting JVM pause monitor
2020-05-07 05:21:57,684 [Datanode State Machine Thread - 0] INFO  datanode.InitDatanodeState (InitDatanodeState.java:persistContainerDatanodeDetails(145)) - DatanodeDetails is persisted to /github/workspace/mnt/ozone/hadoop-ozone/integration-test/target/test-dir/MiniOzoneClusterImpl-05740949-9c22-47e9-931e-531dd4a47486/datanode-3/meta/datanode.id
2020-05-07 05:21:57,721 [main] INFO  impl.RaftServerProxy (ConfUtils.java:logGet(44)) - raft.rpc.type = GRPC (default)
2020-05-07 05:21:57,721 [main] INFO  grpc.GrpcFactory (GrpcFactory.java:checkPooledByteBufAllocatorUseCacheForAllThreads(45)) - PERFORMANCE WARNING: useCacheForAllThreads is true that may cause Netty to create a lot garbage objects and, as a result, trigger GC.
	It is recommended to disable useCacheForAllThreads by setting -Dorg.apache.ratis.thirdparty.io.netty.allocator.useCacheForAllThreads=false in command line.
2020-05-07 05:21:57,722 [main] INFO  grpc.GrpcConfigKeys (ConfUtils.java:logGet(44)) - raft.grpc.server.port = 0 (default)
2020-05-07 05:21:57,722 [main] INFO  server.GrpcService (ConfUtils.java:logGet(44)) - raft.grpc.message.size.max = 32MB (=33554432) (custom)
2020-05-07 05:21:57,723 [main] INFO  server.RaftServerConfigKeys (ConfUtils.java:logGet(44)) - raft.server.log.appender.buffer.byte-limit = 33554432 (custom)
2020-05-07 05:21:57,723 [main] INFO  server.GrpcService (ConfUtils.java:logGet(44)) - raft.grpc.flow.control.window = 5MB (=5242880) (custom)
2020-05-07 05:21:57,724 [main] INFO  server.RaftServerConfigKeys (ConfUtils.java:logGet(44)) - raft.server.rpc.request.timeout = 60s (custom)
2020-05-07 05:21:57,727 [main] INFO  server.RaftServerConfigKeys (ConfUtils.java:logGet(44)) - raft.server.storage.dir = [/github/workspace/mnt/ozone/hadoop-ozone/integration-test/target/test-dir/MiniOzoneClusterImpl-05740949-9c22-47e9-931e-531dd4a47486/datanode-4/data/ratis] (custom)
2020-05-07 05:21:57,732 [main] INFO  http.BaseHttpServer (BaseHttpServer.java:newHttpServer2BuilderForOzone(205)) - Starting Web-server for hddsDatanode at: http://0.0.0.0:0
2020-05-07 05:21:57,738 [main] INFO  http.BaseHttpServer (BaseHttpServer.java:<init>(106)) - Hadoop Security Enabled: false Ozone Security Enabled: false Ozone HTTP Security Enabled: false 
2020-05-07 05:21:57,740 [main] INFO  server.AuthenticationFilter (AuthenticationFilter.java:constructSecretProvider(240)) - Unable to initialize FileSignerSecretProvider, falling back to use random secrets.
2020-05-07 05:21:57,741 [main] WARN  http.HttpRequestLog (HttpRequestLog.java:getRequestLog(103)) - Jetty request log can only be enabled using Log4j
2020-05-07 05:21:57,742 [main] INFO  http.HttpServer2 (HttpServer2.java:addGlobalFilter(993)) - Added global filter 'safety' (class=org.apache.hadoop.hdds.server.http.HttpServer2$QuotingInputFilter)
2020-05-07 05:21:57,743 [main] INFO  http.HttpServer2 (HttpServer2.java:addFilter(969)) - Added filter authentication (class=org.apache.hadoop.security.authentication.server.AuthenticationFilter) to context hddsDatanode
2020-05-07 05:21:57,743 [main] INFO  http.HttpServer2 (HttpServer2.java:addFilter(977)) - Added filter authentication (class=org.apache.hadoop.security.authentication.server.AuthenticationFilter) to context logs
2020-05-07 05:21:57,743 [main] INFO  http.HttpServer2 (HttpServer2.java:addFilter(977)) - Added filter authentication (class=org.apache.hadoop.security.authentication.server.AuthenticationFilter) to context static
2020-05-07 05:21:57,744 [main] INFO  http.HttpServer2 (HttpServer2.java:bindListener(1211)) - Jetty bound to port 41533
2020-05-07 05:21:57,744 [main] INFO  server.Server (Server.java:doStart(359)) - jetty-9.4.26.v20200117; built: 2020-01-17T12:35:33.676Z; git: 7b38981d25d14afb4a12ff1f2596756144edf695; jvm 1.8.0_232-b09
2020-05-07 05:21:57,748 [main] INFO  server.session (DefaultSessionIdManager.java:doStart(333)) - DefaultSessionIdManager workerName=node0
2020-05-07 05:21:57,748 [main] INFO  server.session (DefaultSessionIdManager.java:doStart(338)) - No SessionScavenger set, using defaults
2020-05-07 05:21:57,748 [main] INFO  server.session (HouseKeeper.java:startScavenging(140)) - node0 Scavenging every 660000ms
2020-05-07 05:21:57,749 [main] INFO  server.AuthenticationFilter (AuthenticationFilter.java:constructSecretProvider(240)) - Unable to initialize FileSignerSecretProvider, falling back to use random secrets.
2020-05-07 05:21:57,750 [main] INFO  handler.ContextHandler (ContextHandler.java:doStart(825)) - Started o.e.j.s.ServletContextHandler@333ae2d7{logs,/logs,file:///github/workspace/mnt/ozone/hadoop-ozone/integration-test/target/log,AVAILABLE}
2020-05-07 05:21:57,751 [main] INFO  handler.ContextHandler (ContextHandler.java:doStart(825)) - Started o.e.j.s.ServletContextHandler@101adc14{static,/static,jar:file:/home/user/.m2/repository/org/apache/hadoop/hadoop-hdds-container-service/0.6.0-SNAPSHOT/hadoop-hdds-container-service-0.6.0-SNAPSHOT.jar!/webapps/static,AVAILABLE}
2020-05-07 05:21:57,781 [main] INFO  handler.ContextHandler (ContextHandler.java:doStart(825)) - Started o.e.j.w.WebAppContext@50e72b95{hddsDatanode,/,file:///tmp/jetty-0_0_0_0-41533-hadoop-hdds-container-service-0_6_0-SNAPSHOT_jar-_-any-8700997806779920804.dir/webapp/,AVAILABLE}{jar:file:/home/user/.m2/repository/org/apache/hadoop/hadoop-hdds-container-service/0.6.0-SNAPSHOT/hadoop-hdds-container-service-0.6.0-SNAPSHOT.jar!/webapps/hddsDatanode}
2020-05-07 05:21:57,782 [main] INFO  server.AbstractConnector (AbstractConnector.java:doStart(330)) - Started ServerConnector@2b3222b1{HTTP/1.1,[http/1.1]}{0.0.0.0:41533}
2020-05-07 05:21:57,783 [main] INFO  server.Server (Server.java:doStart(399)) - Started @7019ms
2020-05-07 05:21:57,783 [main] WARN  impl.MetricsSystemImpl (MetricsSystemImpl.java:register(276)) - Sink prometheus already exists!
2020-05-07 05:21:57,785 [main] INFO  http.BaseHttpServer (BaseHttpServer.java:updateConnectorAddress(325)) - HTTP server of hddsDatanode listening at http://0.0.0.0:41533
2020-05-07 05:21:57,786 [main] INFO  impl.MetricsSystemImpl (MetricsSystemImpl.java:init(158)) - HddsDatanode metrics system started (again)
2020-05-07 05:21:57,791 [main] INFO  ozone.HddsDatanodeService (HddsDatanodeService.java:start(204)) - HddsDatanodeService host:b2266369218d ip:172.17.0.2
2020-05-07 05:21:57,795 [main] INFO  volume.HddsVolume (HddsVolume.java:<init>(176)) - Creating Volume: /github/workspace/mnt/ozone/hadoop-ozone/integration-test/target/test-dir/MiniOzoneClusterImpl-05740949-9c22-47e9-931e-531dd4a47486/datanode-5/data-0/containers/hdds of storage type : DISK and capacity : 9223372036854775807
2020-05-07 05:21:57,795 [main] INFO  volume.MutableVolumeSet (MutableVolumeSet.java:initializeVolumeSet(181)) - Added Volume : /github/workspace/mnt/ozone/hadoop-ozone/integration-test/target/test-dir/MiniOzoneClusterImpl-05740949-9c22-47e9-931e-531dd4a47486/datanode-5/data-0/containers/hdds to VolumeSet
2020-05-07 05:21:57,795 [main] INFO  volume.ThrottledAsyncChecker (ThrottledAsyncChecker.java:schedule(141)) - Scheduling a check for /github/workspace/mnt/ozone/hadoop-ozone/integration-test/target/test-dir/MiniOzoneClusterImpl-05740949-9c22-47e9-931e-531dd4a47486/datanode-5/data-0/containers/hdds
2020-05-07 05:21:57,801 [org.apache.hadoop.util.JvmPauseMonitor$Monitor@1ef8b117] INFO  util.JvmPauseMonitor (JvmPauseMonitor.java:run(188)) - Starting JVM pause monitor
2020-05-07 05:21:57,802 [main] INFO  volume.HddsVolumeChecker (HddsVolumeChecker.java:checkAllVolumes(200)) - Scheduled health check for volume /github/workspace/mnt/ozone/hadoop-ozone/integration-test/target/test-dir/MiniOzoneClusterImpl-05740949-9c22-47e9-931e-531dd4a47486/datanode-5/data-0/containers/hdds
2020-05-07 05:21:57,818 [Datanode State Machine Thread - 0] INFO  datanode.InitDatanodeState (InitDatanodeState.java:persistContainerDatanodeDetails(145)) - DatanodeDetails is persisted to /github/workspace/mnt/ozone/hadoop-ozone/integration-test/target/test-dir/MiniOzoneClusterImpl-05740949-9c22-47e9-931e-531dd4a47486/datanode-4/meta/datanode.id
2020-05-07 05:21:57,832 [main] INFO  impl.RaftServerProxy (ConfUtils.java:logGet(44)) - raft.rpc.type = GRPC (default)
2020-05-07 05:21:57,832 [main] INFO  grpc.GrpcFactory (GrpcFactory.java:checkPooledByteBufAllocatorUseCacheForAllThreads(45)) - PERFORMANCE WARNING: useCacheForAllThreads is true that may cause Netty to create a lot garbage objects and, as a result, trigger GC.
	It is recommended to disable useCacheForAllThreads by setting -Dorg.apache.ratis.thirdparty.io.netty.allocator.useCacheForAllThreads=false in command line.
2020-05-07 05:21:57,832 [main] INFO  grpc.GrpcConfigKeys (ConfUtils.java:logGet(44)) - raft.grpc.server.port = 0 (default)
2020-05-07 05:21:57,833 [main] INFO  server.GrpcService (ConfUtils.java:logGet(44)) - raft.grpc.message.size.max = 32MB (=33554432) (custom)
2020-05-07 05:21:57,833 [main] INFO  server.RaftServerConfigKeys (ConfUtils.java:logGet(44)) - raft.server.log.appender.buffer.byte-limit = 33554432 (custom)
2020-05-07 05:21:57,833 [main] INFO  server.GrpcService (ConfUtils.java:logGet(44)) - raft.grpc.flow.control.window = 5MB (=5242880) (custom)
2020-05-07 05:21:57,833 [main] INFO  server.RaftServerConfigKeys (ConfUtils.java:logGet(44)) - raft.server.rpc.request.timeout = 60s (custom)
2020-05-07 05:21:57,836 [main] INFO  server.RaftServerConfigKeys (ConfUtils.java:logGet(44)) - raft.server.storage.dir = [/github/workspace/mnt/ozone/hadoop-ozone/integration-test/target/test-dir/MiniOzoneClusterImpl-05740949-9c22-47e9-931e-531dd4a47486/datanode-5/data/ratis] (custom)
2020-05-07 05:21:57,840 [main] INFO  http.BaseHttpServer (BaseHttpServer.java:newHttpServer2BuilderForOzone(205)) - Starting Web-server for hddsDatanode at: http://0.0.0.0:0
2020-05-07 05:21:57,840 [main] INFO  http.BaseHttpServer (BaseHttpServer.java:<init>(106)) - Hadoop Security Enabled: false Ozone Security Enabled: false Ozone HTTP Security Enabled: false 
2020-05-07 05:21:57,842 [main] INFO  server.AuthenticationFilter (AuthenticationFilter.java:constructSecretProvider(240)) - Unable to initialize FileSignerSecretProvider, falling back to use random secrets.
2020-05-07 05:21:57,843 [main] WARN  http.HttpRequestLog (HttpRequestLog.java:getRequestLog(103)) - Jetty request log can only be enabled using Log4j
2020-05-07 05:21:57,844 [main] INFO  http.HttpServer2 (HttpServer2.java:addGlobalFilter(993)) - Added global filter 'safety' (class=org.apache.hadoop.hdds.server.http.HttpServer2$QuotingInputFilter)
2020-05-07 05:21:57,845 [main] INFO  http.HttpServer2 (HttpServer2.java:addFilter(969)) - Added filter authentication (class=org.apache.hadoop.security.authentication.server.AuthenticationFilter) to context hddsDatanode
2020-05-07 05:21:57,845 [main] INFO  http.HttpServer2 (HttpServer2.java:addFilter(977)) - Added filter authentication (class=org.apache.hadoop.security.authentication.server.AuthenticationFilter) to context logs
2020-05-07 05:21:57,845 [main] INFO  http.HttpServer2 (HttpServer2.java:addFilter(977)) - Added filter authentication (class=org.apache.hadoop.security.authentication.server.AuthenticationFilter) to context static
2020-05-07 05:21:57,845 [main] INFO  http.HttpServer2 (HttpServer2.java:bindListener(1211)) - Jetty bound to port 45691
2020-05-07 05:21:57,846 [main] INFO  server.Server (Server.java:doStart(359)) - jetty-9.4.26.v20200117; built: 2020-01-17T12:35:33.676Z; git: 7b38981d25d14afb4a12ff1f2596756144edf695; jvm 1.8.0_232-b09
2020-05-07 05:21:57,852 [main] INFO  server.session (DefaultSessionIdManager.java:doStart(333)) - DefaultSessionIdManager workerName=node0
2020-05-07 05:21:57,852 [main] INFO  server.session (DefaultSessionIdManager.java:doStart(338)) - No SessionScavenger set, using defaults
2020-05-07 05:21:57,852 [main] INFO  server.session (HouseKeeper.java:startScavenging(140)) - node0 Scavenging every 660000ms
2020-05-07 05:21:57,853 [main] INFO  server.AuthenticationFilter (AuthenticationFilter.java:constructSecretProvider(240)) - Unable to initialize FileSignerSecretProvider, falling back to use random secrets.
2020-05-07 05:21:57,855 [main] INFO  handler.ContextHandler (ContextHandler.java:doStart(825)) - Started o.e.j.s.ServletContextHandler@5eb45ee4{logs,/logs,file:///github/workspace/mnt/ozone/hadoop-ozone/integration-test/target/log,AVAILABLE}
2020-05-07 05:21:57,856 [main] INFO  handler.ContextHandler (ContextHandler.java:doStart(825)) - Started o.e.j.s.ServletContextHandler@191803e0{static,/static,jar:file:/home/user/.m2/repository/org/apache/hadoop/hadoop-hdds-container-service/0.6.0-SNAPSHOT/hadoop-hdds-container-service-0.6.0-SNAPSHOT.jar!/webapps/static,AVAILABLE}
2020-05-07 05:21:57,888 [main] INFO  handler.ContextHandler (ContextHandler.java:doStart(825)) - Started o.e.j.w.WebAppContext@5637cbea{hddsDatanode,/,file:///tmp/jetty-0_0_0_0-45691-hadoop-hdds-container-service-0_6_0-SNAPSHOT_jar-_-any-3180479250799539800.dir/webapp/,AVAILABLE}{jar:file:/home/user/.m2/repository/org/apache/hadoop/hadoop-hdds-container-service/0.6.0-SNAPSHOT/hadoop-hdds-container-service-0.6.0-SNAPSHOT.jar!/webapps/hddsDatanode}
2020-05-07 05:21:57,891 [main] INFO  server.AbstractConnector (AbstractConnector.java:doStart(330)) - Started ServerConnector@445e4f1f{HTTP/1.1,[http/1.1]}{0.0.0.0:45691}
2020-05-07 05:21:57,891 [main] INFO  server.Server (Server.java:doStart(399)) - Started @7128ms
2020-05-07 05:21:57,891 [main] WARN  impl.MetricsSystemImpl (MetricsSystemImpl.java:register(276)) - Sink prometheus already exists!
2020-05-07 05:21:57,893 [main] INFO  http.BaseHttpServer (BaseHttpServer.java:updateConnectorAddress(325)) - HTTP server of hddsDatanode listening at http://0.0.0.0:45691
2020-05-07 05:21:57,894 [main] INFO  impl.MetricsSystemImpl (MetricsSystemImpl.java:init(158)) - HddsDatanode metrics system started (again)
2020-05-07 05:21:57,896 [main] INFO  ozone.HddsDatanodeService (HddsDatanodeService.java:start(204)) - HddsDatanodeService host:b2266369218d ip:172.17.0.2
2020-05-07 05:21:57,898 [main] INFO  volume.HddsVolume (HddsVolume.java:<init>(176)) - Creating Volume: /github/workspace/mnt/ozone/hadoop-ozone/integration-test/target/test-dir/MiniOzoneClusterImpl-05740949-9c22-47e9-931e-531dd4a47486/datanode-6/data-0/containers/hdds of storage type : DISK and capacity : 9223372036854775807
2020-05-07 05:21:57,899 [main] INFO  volume.MutableVolumeSet (MutableVolumeSet.java:initializeVolumeSet(181)) - Added Volume : /github/workspace/mnt/ozone/hadoop-ozone/integration-test/target/test-dir/MiniOzoneClusterImpl-05740949-9c22-47e9-931e-531dd4a47486/datanode-6/data-0/containers/hdds to VolumeSet
2020-05-07 05:21:57,899 [main] INFO  volume.ThrottledAsyncChecker (ThrottledAsyncChecker.java:schedule(141)) - Scheduling a check for /github/workspace/mnt/ozone/hadoop-ozone/integration-test/target/test-dir/MiniOzoneClusterImpl-05740949-9c22-47e9-931e-531dd4a47486/datanode-6/data-0/containers/hdds
2020-05-07 05:21:57,901 [main] INFO  volume.HddsVolumeChecker (HddsVolumeChecker.java:checkAllVolumes(200)) - Scheduled health check for volume /github/workspace/mnt/ozone/hadoop-ozone/integration-test/target/test-dir/MiniOzoneClusterImpl-05740949-9c22-47e9-931e-531dd4a47486/datanode-6/data-0/containers/hdds
2020-05-07 05:21:57,938 [org.apache.hadoop.util.JvmPauseMonitor$Monitor@8994555] INFO  util.JvmPauseMonitor (JvmPauseMonitor.java:run(188)) - Starting JVM pause monitor
2020-05-07 05:21:57,944 [Datanode State Machine Thread - 0] INFO  datanode.InitDatanodeState (InitDatanodeState.java:persistContainerDatanodeDetails(145)) - DatanodeDetails is persisted to /github/workspace/mnt/ozone/hadoop-ozone/integration-test/target/test-dir/MiniOzoneClusterImpl-05740949-9c22-47e9-931e-531dd4a47486/datanode-5/meta/datanode.id
2020-05-07 05:21:57,947 [main] INFO  impl.RaftServerProxy (ConfUtils.java:logGet(44)) - raft.rpc.type = GRPC (default)
2020-05-07 05:21:57,949 [main] INFO  grpc.GrpcFactory (GrpcFactory.java:checkPooledByteBufAllocatorUseCacheForAllThreads(45)) - PERFORMANCE WARNING: useCacheForAllThreads is true that may cause Netty to create a lot garbage objects and, as a result, trigger GC.
	It is recommended to disable useCacheForAllThreads by setting -Dorg.apache.ratis.thirdparty.io.netty.allocator.useCacheForAllThreads=false in command line.
2020-05-07 05:21:57,949 [main] INFO  grpc.GrpcConfigKeys (ConfUtils.java:logGet(44)) - raft.grpc.server.port = 0 (default)
2020-05-07 05:21:57,949 [main] INFO  server.GrpcService (ConfUtils.java:logGet(44)) - raft.grpc.message.size.max = 32MB (=33554432) (custom)
2020-05-07 05:21:57,949 [main] INFO  server.RaftServerConfigKeys (ConfUtils.java:logGet(44)) - raft.server.log.appender.buffer.byte-limit = 33554432 (custom)
2020-05-07 05:21:57,950 [main] INFO  server.GrpcService (ConfUtils.java:logGet(44)) - raft.grpc.flow.control.window = 5MB (=5242880) (custom)
2020-05-07 05:21:57,950 [main] INFO  server.RaftServerConfigKeys (ConfUtils.java:logGet(44)) - raft.server.rpc.request.timeout = 60s (custom)
2020-05-07 05:21:57,951 [main] INFO  server.RaftServerConfigKeys (ConfUtils.java:logGet(44)) - raft.server.storage.dir = [/github/workspace/mnt/ozone/hadoop-ozone/integration-test/target/test-dir/MiniOzoneClusterImpl-05740949-9c22-47e9-931e-531dd4a47486/datanode-6/data/ratis] (custom)
2020-05-07 05:21:57,956 [main] INFO  http.BaseHttpServer (BaseHttpServer.java:newHttpServer2BuilderForOzone(205)) - Starting Web-server for hddsDatanode at: http://0.0.0.0:0
2020-05-07 05:21:57,956 [main] INFO  http.BaseHttpServer (BaseHttpServer.java:<init>(106)) - Hadoop Security Enabled: false Ozone Security Enabled: false Ozone HTTP Security Enabled: false 
2020-05-07 05:21:57,957 [main] INFO  server.AuthenticationFilter (AuthenticationFilter.java:constructSecretProvider(240)) - Unable to initialize FileSignerSecretProvider, falling back to use random secrets.
2020-05-07 05:21:57,957 [main] WARN  http.HttpRequestLog (HttpRequestLog.java:getRequestLog(103)) - Jetty request log can only be enabled using Log4j
2020-05-07 05:21:57,959 [main] INFO  http.HttpServer2 (HttpServer2.java:addGlobalFilter(993)) - Added global filter 'safety' (class=org.apache.hadoop.hdds.server.http.HttpServer2$QuotingInputFilter)
2020-05-07 05:21:57,960 [main] INFO  http.HttpServer2 (HttpServer2.java:addFilter(969)) - Added filter authentication (class=org.apache.hadoop.security.authentication.server.AuthenticationFilter) to context hddsDatanode
2020-05-07 05:21:57,960 [main] INFO  http.HttpServer2 (HttpServer2.java:addFilter(977)) - Added filter authentication (class=org.apache.hadoop.security.authentication.server.AuthenticationFilter) to context static
2020-05-07 05:21:57,960 [main] INFO  http.HttpServer2 (HttpServer2.java:addFilter(977)) - Added filter authentication (class=org.apache.hadoop.security.authentication.server.AuthenticationFilter) to context logs
2020-05-07 05:21:57,961 [main] INFO  http.HttpServer2 (HttpServer2.java:bindListener(1211)) - Jetty bound to port 44013
2020-05-07 05:21:57,961 [main] INFO  server.Server (Server.java:doStart(359)) - jetty-9.4.26.v20200117; built: 2020-01-17T12:35:33.676Z; git: 7b38981d25d14afb4a12ff1f2596756144edf695; jvm 1.8.0_232-b09
2020-05-07 05:21:57,964 [main] INFO  server.session (DefaultSessionIdManager.java:doStart(333)) - DefaultSessionIdManager workerName=node0
2020-05-07 05:21:57,964 [main] INFO  server.session (DefaultSessionIdManager.java:doStart(338)) - No SessionScavenger set, using defaults
2020-05-07 05:21:57,965 [main] INFO  server.session (HouseKeeper.java:startScavenging(140)) - node0 Scavenging every 660000ms
2020-05-07 05:21:57,969 [main] INFO  server.AuthenticationFilter (AuthenticationFilter.java:constructSecretProvider(240)) - Unable to initialize FileSignerSecretProvider, falling back to use random secrets.
2020-05-07 05:21:57,971 [main] INFO  handler.ContextHandler (ContextHandler.java:doStart(825)) - Started o.e.j.s.ServletContextHandler@168dcfa2{logs,/logs,file:///github/workspace/mnt/ozone/hadoop-ozone/integration-test/target/log,AVAILABLE}
2020-05-07 05:21:57,972 [main] INFO  handler.ContextHandler (ContextHandler.java:doStart(825)) - Started o.e.j.s.ServletContextHandler@6d9c3e3a{static,/static,jar:file:/home/user/.m2/repository/org/apache/hadoop/hadoop-hdds-container-service/0.6.0-SNAPSHOT/hadoop-hdds-container-service-0.6.0-SNAPSHOT.jar!/webapps/static,AVAILABLE}
2020-05-07 05:21:58,002 [main] INFO  handler.ContextHandler (ContextHandler.java:doStart(825)) - Started o.e.j.w.WebAppContext@2b653f71{hddsDatanode,/,file:///tmp/jetty-0_0_0_0-44013-hadoop-hdds-container-service-0_6_0-SNAPSHOT_jar-_-any-4505105569400894647.dir/webapp/,AVAILABLE}{jar:file:/home/user/.m2/repository/org/apache/hadoop/hadoop-hdds-container-service/0.6.0-SNAPSHOT/hadoop-hdds-container-service-0.6.0-SNAPSHOT.jar!/webapps/hddsDatanode}
2020-05-07 05:21:58,004 [main] INFO  server.AbstractConnector (AbstractConnector.java:doStart(330)) - Started ServerConnector@4c3a20cb{HTTP/1.1,[http/1.1]}{0.0.0.0:44013}
2020-05-07 05:21:58,004 [main] INFO  server.Server (Server.java:doStart(399)) - Started @7240ms
2020-05-07 05:21:58,004 [main] WARN  impl.MetricsSystemImpl (MetricsSystemImpl.java:register(276)) - Sink prometheus already exists!
2020-05-07 05:21:58,006 [main] INFO  http.BaseHttpServer (BaseHttpServer.java:updateConnectorAddress(325)) - HTTP server of hddsDatanode listening at http://0.0.0.0:44013
2020-05-07 05:21:58,007 [main] INFO  impl.MetricsSystemImpl (MetricsSystemImpl.java:init(158)) - HddsDatanode metrics system started (again)
2020-05-07 05:21:58,013 [main] INFO  ozone.HddsDatanodeService (HddsDatanodeService.java:start(204)) - HddsDatanodeService host:b2266369218d ip:172.17.0.2
2020-05-07 05:21:58,014 [main] INFO  volume.HddsVolume (HddsVolume.java:<init>(176)) - Creating Volume: /github/workspace/mnt/ozone/hadoop-ozone/integration-test/target/test-dir/MiniOzoneClusterImpl-05740949-9c22-47e9-931e-531dd4a47486/datanode-7/data-0/containers/hdds of storage type : DISK and capacity : 9223372036854775807
2020-05-07 05:21:58,014 [main] INFO  volume.MutableVolumeSet (MutableVolumeSet.java:initializeVolumeSet(181)) - Added Volume : /github/workspace/mnt/ozone/hadoop-ozone/integration-test/target/test-dir/MiniOzoneClusterImpl-05740949-9c22-47e9-931e-531dd4a47486/datanode-7/data-0/containers/hdds to VolumeSet
2020-05-07 05:21:58,014 [main] INFO  volume.ThrottledAsyncChecker (ThrottledAsyncChecker.java:schedule(141)) - Scheduling a check for /github/workspace/mnt/ozone/hadoop-ozone/integration-test/target/test-dir/MiniOzoneClusterImpl-05740949-9c22-47e9-931e-531dd4a47486/datanode-7/data-0/containers/hdds
2020-05-07 05:21:58,015 [main] INFO  volume.HddsVolumeChecker (HddsVolumeChecker.java:checkAllVolumes(200)) - Scheduled health check for volume /github/workspace/mnt/ozone/hadoop-ozone/integration-test/target/test-dir/MiniOzoneClusterImpl-05740949-9c22-47e9-931e-531dd4a47486/datanode-7/data-0/containers/hdds
2020-05-07 05:21:58,034 [main] INFO  impl.RaftServerProxy (ConfUtils.java:logGet(44)) - raft.rpc.type = GRPC (default)
2020-05-07 05:21:58,034 [main] INFO  grpc.GrpcFactory (GrpcFactory.java:checkPooledByteBufAllocatorUseCacheForAllThreads(45)) - PERFORMANCE WARNING: useCacheForAllThreads is true that may cause Netty to create a lot garbage objects and, as a result, trigger GC.
	It is recommended to disable useCacheForAllThreads by setting -Dorg.apache.ratis.thirdparty.io.netty.allocator.useCacheForAllThreads=false in command line.
2020-05-07 05:21:58,035 [main] INFO  grpc.GrpcConfigKeys (ConfUtils.java:logGet(44)) - raft.grpc.server.port = 0 (default)
2020-05-07 05:21:58,035 [main] INFO  server.GrpcService (ConfUtils.java:logGet(44)) - raft.grpc.message.size.max = 32MB (=33554432) (custom)
2020-05-07 05:21:58,035 [main] INFO  server.RaftServerConfigKeys (ConfUtils.java:logGet(44)) - raft.server.log.appender.buffer.byte-limit = 33554432 (custom)
2020-05-07 05:21:58,035 [main] INFO  server.GrpcService (ConfUtils.java:logGet(44)) - raft.grpc.flow.control.window = 5MB (=5242880) (custom)
2020-05-07 05:21:58,035 [main] INFO  server.RaftServerConfigKeys (ConfUtils.java:logGet(44)) - raft.server.rpc.request.timeout = 60s (custom)
2020-05-07 05:21:58,037 [main] INFO  server.RaftServerConfigKeys (ConfUtils.java:logGet(44)) - raft.server.storage.dir = [/github/workspace/mnt/ozone/hadoop-ozone/integration-test/target/test-dir/MiniOzoneClusterImpl-05740949-9c22-47e9-931e-531dd4a47486/datanode-7/data/ratis] (custom)
2020-05-07 05:21:58,040 [main] INFO  http.BaseHttpServer (BaseHttpServer.java:newHttpServer2BuilderForOzone(205)) - Starting Web-server for hddsDatanode at: http://0.0.0.0:0
2020-05-07 05:21:58,041 [main] INFO  http.BaseHttpServer (BaseHttpServer.java:<init>(106)) - Hadoop Security Enabled: false Ozone Security Enabled: false Ozone HTTP Security Enabled: false 
2020-05-07 05:21:58,042 [main] INFO  server.AuthenticationFilter (AuthenticationFilter.java:constructSecretProvider(240)) - Unable to initialize FileSignerSecretProvider, falling back to use random secrets.
2020-05-07 05:21:58,050 [org.apache.hadoop.util.JvmPauseMonitor$Monitor@4937a9f3] INFO  util.JvmPauseMonitor (JvmPauseMonitor.java:run(188)) - Starting JVM pause monitor
2020-05-07 05:21:58,054 [main] WARN  http.HttpRequestLog (HttpRequestLog.java:getRequestLog(103)) - Jetty request log can only be enabled using Log4j
2020-05-07 05:21:58,055 [main] INFO  http.HttpServer2 (HttpServer2.java:addGlobalFilter(993)) - Added global filter 'safety' (class=org.apache.hadoop.hdds.server.http.HttpServer2$QuotingInputFilter)
2020-05-07 05:21:58,056 [main] INFO  http.HttpServer2 (HttpServer2.java:addFilter(969)) - Added filter authentication (class=org.apache.hadoop.security.authentication.server.AuthenticationFilter) to context hddsDatanode
2020-05-07 05:21:58,056 [main] INFO  http.HttpServer2 (HttpServer2.java:addFilter(977)) - Added filter authentication (class=org.apache.hadoop.security.authentication.server.AuthenticationFilter) to context logs
2020-05-07 05:21:58,056 [main] INFO  http.HttpServer2 (HttpServer2.java:addFilter(977)) - Added filter authentication (class=org.apache.hadoop.security.authentication.server.AuthenticationFilter) to context static
2020-05-07 05:21:58,057 [main] INFO  http.HttpServer2 (HttpServer2.java:bindListener(1211)) - Jetty bound to port 42585
2020-05-07 05:21:58,057 [main] INFO  server.Server (Server.java:doStart(359)) - jetty-9.4.26.v20200117; built: 2020-01-17T12:35:33.676Z; git: 7b38981d25d14afb4a12ff1f2596756144edf695; jvm 1.8.0_232-b09
2020-05-07 05:21:58,059 [main] INFO  server.session (DefaultSessionIdManager.java:doStart(333)) - DefaultSessionIdManager workerName=node0
2020-05-07 05:21:58,059 [main] INFO  server.session (DefaultSessionIdManager.java:doStart(338)) - No SessionScavenger set, using defaults
2020-05-07 05:21:58,060 [main] INFO  server.session (HouseKeeper.java:startScavenging(140)) - node0 Scavenging every 660000ms
2020-05-07 05:21:58,063 [main] INFO  server.AuthenticationFilter (AuthenticationFilter.java:constructSecretProvider(240)) - Unable to initialize FileSignerSecretProvider, falling back to use random secrets.
2020-05-07 05:21:58,063 [main] INFO  handler.ContextHandler (ContextHandler.java:doStart(825)) - Started o.e.j.s.ServletContextHandler@582f80ce{logs,/logs,file:///github/workspace/mnt/ozone/hadoop-ozone/integration-test/target/log,AVAILABLE}
2020-05-07 05:21:58,064 [main] INFO  handler.ContextHandler (ContextHandler.java:doStart(825)) - Started o.e.j.s.ServletContextHandler@510c1120{static,/static,jar:file:/home/user/.m2/repository/org/apache/hadoop/hadoop-hdds-container-service/0.6.0-SNAPSHOT/hadoop-hdds-container-service-0.6.0-SNAPSHOT.jar!/webapps/static,AVAILABLE}
2020-05-07 05:21:58,083 [Datanode State Machine Thread - 0] INFO  datanode.InitDatanodeState (InitDatanodeState.java:persistContainerDatanodeDetails(145)) - DatanodeDetails is persisted to /github/workspace/mnt/ozone/hadoop-ozone/integration-test/target/test-dir/MiniOzoneClusterImpl-05740949-9c22-47e9-931e-531dd4a47486/datanode-6/meta/datanode.id
2020-05-07 05:21:58,101 [main] INFO  handler.ContextHandler (ContextHandler.java:doStart(825)) - Started o.e.j.w.WebAppContext@c2c9bb8{hddsDatanode,/,file:///tmp/jetty-0_0_0_0-42585-hadoop-hdds-container-service-0_6_0-SNAPSHOT_jar-_-any-7854635834575846927.dir/webapp/,AVAILABLE}{jar:file:/home/user/.m2/repository/org/apache/hadoop/hadoop-hdds-container-service/0.6.0-SNAPSHOT/hadoop-hdds-container-service-0.6.0-SNAPSHOT.jar!/webapps/hddsDatanode}
2020-05-07 05:21:58,102 [main] INFO  server.AbstractConnector (AbstractConnector.java:doStart(330)) - Started ServerConnector@2d207b3a{HTTP/1.1,[http/1.1]}{0.0.0.0:42585}
2020-05-07 05:21:58,102 [main] INFO  server.Server (Server.java:doStart(399)) - Started @7339ms
2020-05-07 05:21:58,102 [main] WARN  impl.MetricsSystemImpl (MetricsSystemImpl.java:register(276)) - Sink prometheus already exists!
2020-05-07 05:21:58,104 [main] INFO  http.BaseHttpServer (BaseHttpServer.java:updateConnectorAddress(325)) - HTTP server of hddsDatanode listening at http://0.0.0.0:42585
2020-05-07 05:21:58,105 [main] INFO  impl.MetricsSystemImpl (MetricsSystemImpl.java:init(158)) - HddsDatanode metrics system started (again)
2020-05-07 05:21:58,108 [main] INFO  ozone.HddsDatanodeService (HddsDatanodeService.java:start(204)) - HddsDatanodeService host:b2266369218d ip:172.17.0.2
2020-05-07 05:21:58,109 [main] INFO  volume.HddsVolume (HddsVolume.java:<init>(176)) - Creating Volume: /github/workspace/mnt/ozone/hadoop-ozone/integration-test/target/test-dir/MiniOzoneClusterImpl-05740949-9c22-47e9-931e-531dd4a47486/datanode-8/data-0/containers/hdds of storage type : DISK and capacity : 9223372036854775807
2020-05-07 05:21:58,109 [main] INFO  volume.MutableVolumeSet (MutableVolumeSet.java:initializeVolumeSet(181)) - Added Volume : /github/workspace/mnt/ozone/hadoop-ozone/integration-test/target/test-dir/MiniOzoneClusterImpl-05740949-9c22-47e9-931e-531dd4a47486/datanode-8/data-0/containers/hdds to VolumeSet
2020-05-07 05:21:58,109 [main] INFO  volume.ThrottledAsyncChecker (ThrottledAsyncChecker.java:schedule(141)) - Scheduling a check for /github/workspace/mnt/ozone/hadoop-ozone/integration-test/target/test-dir/MiniOzoneClusterImpl-05740949-9c22-47e9-931e-531dd4a47486/datanode-8/data-0/containers/hdds
2020-05-07 05:21:58,110 [main] INFO  volume.HddsVolumeChecker (HddsVolumeChecker.java:checkAllVolumes(200)) - Scheduled health check for volume /github/workspace/mnt/ozone/hadoop-ozone/integration-test/target/test-dir/MiniOzoneClusterImpl-05740949-9c22-47e9-931e-531dd4a47486/datanode-8/data-0/containers/hdds
2020-05-07 05:21:58,139 [main] INFO  impl.RaftServerProxy (ConfUtils.java:logGet(44)) - raft.rpc.type = GRPC (default)
2020-05-07 05:21:58,139 [main] INFO  grpc.GrpcFactory (GrpcFactory.java:checkPooledByteBufAllocatorUseCacheForAllThreads(45)) - PERFORMANCE WARNING: useCacheForAllThreads is true that may cause Netty to create a lot garbage objects and, as a result, trigger GC.
	It is recommended to disable useCacheForAllThreads by setting -Dorg.apache.ratis.thirdparty.io.netty.allocator.useCacheForAllThreads=false in command line.
2020-05-07 05:21:58,140 [main] INFO  grpc.GrpcConfigKeys (ConfUtils.java:logGet(44)) - raft.grpc.server.port = 0 (default)
2020-05-07 05:21:58,140 [main] INFO  server.GrpcService (ConfUtils.java:logGet(44)) - raft.grpc.message.size.max = 32MB (=33554432) (custom)
2020-05-07 05:21:58,140 [main] INFO  server.RaftServerConfigKeys (ConfUtils.java:logGet(44)) - raft.server.log.appender.buffer.byte-limit = 33554432 (custom)
2020-05-07 05:21:58,140 [main] INFO  server.GrpcService (ConfUtils.java:logGet(44)) - raft.grpc.flow.control.window = 5MB (=5242880) (custom)
2020-05-07 05:21:58,140 [main] INFO  server.RaftServerConfigKeys (ConfUtils.java:logGet(44)) - raft.server.rpc.request.timeout = 60s (custom)
2020-05-07 05:21:58,141 [main] INFO  server.RaftServerConfigKeys (ConfUtils.java:logGet(44)) - raft.server.storage.dir = [/github/workspace/mnt/ozone/hadoop-ozone/integration-test/target/test-dir/MiniOzoneClusterImpl-05740949-9c22-47e9-931e-531dd4a47486/datanode-8/data/ratis] (custom)
2020-05-07 05:21:58,145 [org.apache.hadoop.util.JvmPauseMonitor$Monitor@65924dfe] INFO  util.JvmPauseMonitor (JvmPauseMonitor.java:run(188)) - Starting JVM pause monitor
2020-05-07 05:21:58,145 [main] INFO  http.BaseHttpServer (BaseHttpServer.java:newHttpServer2BuilderForOzone(205)) - Starting Web-server for hddsDatanode at: http://0.0.0.0:0
2020-05-07 05:21:58,145 [main] INFO  http.BaseHttpServer (BaseHttpServer.java:<init>(106)) - Hadoop Security Enabled: false Ozone Security Enabled: false Ozone HTTP Security Enabled: false 
2020-05-07 05:21:58,147 [main] INFO  server.AuthenticationFilter (AuthenticationFilter.java:constructSecretProvider(240)) - Unable to initialize FileSignerSecretProvider, falling back to use random secrets.
2020-05-07 05:21:58,155 [main] WARN  http.HttpRequestLog (HttpRequestLog.java:getRequestLog(103)) - Jetty request log can only be enabled using Log4j
2020-05-07 05:21:58,156 [main] INFO  http.HttpServer2 (HttpServer2.java:addGlobalFilter(993)) - Added global filter 'safety' (class=org.apache.hadoop.hdds.server.http.HttpServer2$QuotingInputFilter)
2020-05-07 05:21:58,157 [main] INFO  http.HttpServer2 (HttpServer2.java:addFilter(969)) - Added filter authentication (class=org.apache.hadoop.security.authentication.server.AuthenticationFilter) to context hddsDatanode
2020-05-07 05:21:58,157 [main] INFO  http.HttpServer2 (HttpServer2.java:addFilter(977)) - Added filter authentication (class=org.apache.hadoop.security.authentication.server.AuthenticationFilter) to context logs
2020-05-07 05:21:58,157 [main] INFO  http.HttpServer2 (HttpServer2.java:addFilter(977)) - Added filter authentication (class=org.apache.hadoop.security.authentication.server.AuthenticationFilter) to context static
2020-05-07 05:21:58,158 [main] INFO  http.HttpServer2 (HttpServer2.java:bindListener(1211)) - Jetty bound to port 39951
2020-05-07 05:21:58,158 [main] INFO  server.Server (Server.java:doStart(359)) - jetty-9.4.26.v20200117; built: 2020-01-17T12:35:33.676Z; git: 7b38981d25d14afb4a12ff1f2596756144edf695; jvm 1.8.0_232-b09
2020-05-07 05:21:58,160 [Datanode State Machine Thread - 0] INFO  datanode.InitDatanodeState (InitDatanodeState.java:persistContainerDatanodeDetails(145)) - DatanodeDetails is persisted to /github/workspace/mnt/ozone/hadoop-ozone/integration-test/target/test-dir/MiniOzoneClusterImpl-05740949-9c22-47e9-931e-531dd4a47486/datanode-7/meta/datanode.id
2020-05-07 05:21:58,162 [main] INFO  server.session (DefaultSessionIdManager.java:doStart(333)) - DefaultSessionIdManager workerName=node0
2020-05-07 05:21:58,162 [main] INFO  server.session (DefaultSessionIdManager.java:doStart(338)) - No SessionScavenger set, using defaults
2020-05-07 05:21:58,162 [main] INFO  server.session (HouseKeeper.java:startScavenging(140)) - node0 Scavenging every 660000ms
2020-05-07 05:21:58,163 [main] INFO  server.AuthenticationFilter (AuthenticationFilter.java:constructSecretProvider(240)) - Unable to initialize FileSignerSecretProvider, falling back to use random secrets.
2020-05-07 05:21:58,164 [main] INFO  handler.ContextHandler (ContextHandler.java:doStart(825)) - Started o.e.j.s.ServletContextHandler@3970777{logs,/logs,file:///github/workspace/mnt/ozone/hadoop-ozone/integration-test/target/log,AVAILABLE}
2020-05-07 05:21:58,164 [main] INFO  handler.ContextHandler (ContextHandler.java:doStart(825)) - Started o.e.j.s.ServletContextHandler@9f34b7d{static,/static,jar:file:/home/user/.m2/repository/org/apache/hadoop/hadoop-hdds-container-service/0.6.0-SNAPSHOT/hadoop-hdds-container-service-0.6.0-SNAPSHOT.jar!/webapps/static,AVAILABLE}
2020-05-07 05:21:58,192 [main] INFO  handler.ContextHandler (ContextHandler.java:doStart(825)) - Started o.e.j.w.WebAppContext@3991900e{hddsDatanode,/,file:///tmp/jetty-0_0_0_0-39951-hadoop-hdds-container-service-0_6_0-SNAPSHOT_jar-_-any-8779854930722288822.dir/webapp/,AVAILABLE}{jar:file:/home/user/.m2/repository/org/apache/hadoop/hadoop-hdds-container-service/0.6.0-SNAPSHOT/hadoop-hdds-container-service-0.6.0-SNAPSHOT.jar!/webapps/hddsDatanode}
2020-05-07 05:21:58,193 [main] INFO  server.AbstractConnector (AbstractConnector.java:doStart(330)) - Started ServerConnector@60381e22{HTTP/1.1,[http/1.1]}{0.0.0.0:39951}
2020-05-07 05:21:58,194 [main] INFO  server.Server (Server.java:doStart(399)) - Started @7430ms
2020-05-07 05:21:58,194 [main] WARN  impl.MetricsSystemImpl (MetricsSystemImpl.java:register(276)) - Sink prometheus already exists!
2020-05-07 05:21:58,197 [main] INFO  http.BaseHttpServer (BaseHttpServer.java:updateConnectorAddress(325)) - HTTP server of hddsDatanode listening at http://0.0.0.0:39951
2020-05-07 05:21:58,197 [main] INFO  impl.MetricsSystemImpl (MetricsSystemImpl.java:init(158)) - HddsDatanode metrics system started (again)
2020-05-07 05:21:58,202 [main] INFO  ozone.HddsDatanodeService (HddsDatanodeService.java:start(204)) - HddsDatanodeService host:b2266369218d ip:172.17.0.2
2020-05-07 05:21:58,205 [org.apache.hadoop.util.JvmPauseMonitor$Monitor@2973b23b] INFO  util.JvmPauseMonitor (JvmPauseMonitor.java:run(188)) - Starting JVM pause monitor
2020-05-07 05:21:58,205 [main] INFO  volume.HddsVolume (HddsVolume.java:<init>(176)) - Creating Volume: /github/workspace/mnt/ozone/hadoop-ozone/integration-test/target/test-dir/MiniOzoneClusterImpl-05740949-9c22-47e9-931e-531dd4a47486/datanode-9/data-0/containers/hdds of storage type : DISK and capacity : 9223372036854775807
2020-05-07 05:21:58,206 [main] INFO  volume.MutableVolumeSet (MutableVolumeSet.java:initializeVolumeSet(181)) - Added Volume : /github/workspace/mnt/ozone/hadoop-ozone/integration-test/target/test-dir/MiniOzoneClusterImpl-05740949-9c22-47e9-931e-531dd4a47486/datanode-9/data-0/containers/hdds to VolumeSet
2020-05-07 05:21:58,206 [main] INFO  volume.ThrottledAsyncChecker (ThrottledAsyncChecker.java:schedule(141)) - Scheduling a check for /github/workspace/mnt/ozone/hadoop-ozone/integration-test/target/test-dir/MiniOzoneClusterImpl-05740949-9c22-47e9-931e-531dd4a47486/datanode-9/data-0/containers/hdds
2020-05-07 05:21:58,210 [main] INFO  volume.HddsVolumeChecker (HddsVolumeChecker.java:checkAllVolumes(200)) - Scheduled health check for volume /github/workspace/mnt/ozone/hadoop-ozone/integration-test/target/test-dir/MiniOzoneClusterImpl-05740949-9c22-47e9-931e-531dd4a47486/datanode-9/data-0/containers/hdds
2020-05-07 05:21:58,211 [Datanode State Machine Thread - 0] INFO  datanode.InitDatanodeState (InitDatanodeState.java:persistContainerDatanodeDetails(145)) - DatanodeDetails is persisted to /github/workspace/mnt/ozone/hadoop-ozone/integration-test/target/test-dir/MiniOzoneClusterImpl-05740949-9c22-47e9-931e-531dd4a47486/datanode-8/meta/datanode.id
2020-05-07 05:21:58,229 [main] INFO  impl.RaftServerProxy (ConfUtils.java:logGet(44)) - raft.rpc.type = GRPC (default)
2020-05-07 05:21:58,229 [main] INFO  grpc.GrpcFactory (GrpcFactory.java:checkPooledByteBufAllocatorUseCacheForAllThreads(45)) - PERFORMANCE WARNING: useCacheForAllThreads is true that may cause Netty to create a lot garbage objects and, as a result, trigger GC.
	It is recommended to disable useCacheForAllThreads by setting -Dorg.apache.ratis.thirdparty.io.netty.allocator.useCacheForAllThreads=false in command line.
2020-05-07 05:21:58,229 [main] INFO  grpc.GrpcConfigKeys (ConfUtils.java:logGet(44)) - raft.grpc.server.port = 0 (default)
2020-05-07 05:21:58,229 [main] INFO  server.GrpcService (ConfUtils.java:logGet(44)) - raft.grpc.message.size.max = 32MB (=33554432) (custom)
2020-05-07 05:21:58,230 [main] INFO  server.RaftServerConfigKeys (ConfUtils.java:logGet(44)) - raft.server.log.appender.buffer.byte-limit = 33554432 (custom)
2020-05-07 05:21:58,230 [main] INFO  server.GrpcService (ConfUtils.java:logGet(44)) - raft.grpc.flow.control.window = 5MB (=5242880) (custom)
2020-05-07 05:21:58,230 [main] INFO  server.RaftServerConfigKeys (ConfUtils.java:logGet(44)) - raft.server.rpc.request.timeout = 60s (custom)
2020-05-07 05:21:58,231 [main] INFO  server.RaftServerConfigKeys (ConfUtils.java:logGet(44)) - raft.server.storage.dir = [/github/workspace/mnt/ozone/hadoop-ozone/integration-test/target/test-dir/MiniOzoneClusterImpl-05740949-9c22-47e9-931e-531dd4a47486/datanode-9/data/ratis] (custom)
2020-05-07 05:21:58,235 [main] INFO  http.BaseHttpServer (BaseHttpServer.java:newHttpServer2BuilderForOzone(205)) - Starting Web-server for hddsDatanode at: http://0.0.0.0:0
2020-05-07 05:21:58,235 [main] INFO  http.BaseHttpServer (BaseHttpServer.java:<init>(106)) - Hadoop Security Enabled: false Ozone Security Enabled: false Ozone HTTP Security Enabled: false 
2020-05-07 05:21:58,236 [main] INFO  server.AuthenticationFilter (AuthenticationFilter.java:constructSecretProvider(240)) - Unable to initialize FileSignerSecretProvider, falling back to use random secrets.
2020-05-07 05:21:58,236 [main] WARN  http.HttpRequestLog (HttpRequestLog.java:getRequestLog(103)) - Jetty request log can only be enabled using Log4j
2020-05-07 05:21:58,237 [main] INFO  http.HttpServer2 (HttpServer2.java:addGlobalFilter(993)) - Added global filter 'safety' (class=org.apache.hadoop.hdds.server.http.HttpServer2$QuotingInputFilter)
2020-05-07 05:21:58,239 [main] INFO  http.HttpServer2 (HttpServer2.java:addFilter(969)) - Added filter authentication (class=org.apache.hadoop.security.authentication.server.AuthenticationFilter) to context hddsDatanode
2020-05-07 05:21:58,239 [main] INFO  http.HttpServer2 (HttpServer2.java:addFilter(977)) - Added filter authentication (class=org.apache.hadoop.security.authentication.server.AuthenticationFilter) to context static
2020-05-07 05:21:58,239 [main] INFO  http.HttpServer2 (HttpServer2.java:addFilter(977)) - Added filter authentication (class=org.apache.hadoop.security.authentication.server.AuthenticationFilter) to context logs
2020-05-07 05:21:58,239 [main] INFO  http.HttpServer2 (HttpServer2.java:bindListener(1211)) - Jetty bound to port 40297
2020-05-07 05:21:58,239 [main] INFO  server.Server (Server.java:doStart(359)) - jetty-9.4.26.v20200117; built: 2020-01-17T12:35:33.676Z; git: 7b38981d25d14afb4a12ff1f2596756144edf695; jvm 1.8.0_232-b09
2020-05-07 05:21:58,242 [main] INFO  server.session (DefaultSessionIdManager.java:doStart(333)) - DefaultSessionIdManager workerName=node0
2020-05-07 05:21:58,242 [main] INFO  server.session (DefaultSessionIdManager.java:doStart(338)) - No SessionScavenger set, using defaults
2020-05-07 05:21:58,242 [main] INFO  server.session (HouseKeeper.java:startScavenging(140)) - node0 Scavenging every 660000ms
2020-05-07 05:21:58,243 [main] INFO  server.AuthenticationFilter (AuthenticationFilter.java:constructSecretProvider(240)) - Unable to initialize FileSignerSecretProvider, falling back to use random secrets.
2020-05-07 05:21:58,243 [main] INFO  handler.ContextHandler (ContextHandler.java:doStart(825)) - Started o.e.j.s.ServletContextHandler@53f164a9{logs,/logs,file:///github/workspace/mnt/ozone/hadoop-ozone/integration-test/target/log,AVAILABLE}
2020-05-07 05:21:58,244 [main] INFO  handler.ContextHandler (ContextHandler.java:doStart(825)) - Started o.e.j.s.ServletContextHandler@71d0e9a{static,/static,jar:file:/home/user/.m2/repository/org/apache/hadoop/hadoop-hdds-container-service/0.6.0-SNAPSHOT/hadoop-hdds-container-service-0.6.0-SNAPSHOT.jar!/webapps/static,AVAILABLE}
2020-05-07 05:21:58,279 [main] INFO  handler.ContextHandler (ContextHandler.java:doStart(825)) - Started o.e.j.w.WebAppContext@1c86b6c{hddsDatanode,/,file:///tmp/jetty-0_0_0_0-40297-hadoop-hdds-container-service-0_6_0-SNAPSHOT_jar-_-any-5282149176128187412.dir/webapp/,AVAILABLE}{jar:file:/home/user/.m2/repository/org/apache/hadoop/hadoop-hdds-container-service/0.6.0-SNAPSHOT/hadoop-hdds-container-service-0.6.0-SNAPSHOT.jar!/webapps/hddsDatanode}
2020-05-07 05:21:58,281 [main] INFO  server.AbstractConnector (AbstractConnector.java:doStart(330)) - Started ServerConnector@4785f49c{HTTP/1.1,[http/1.1]}{0.0.0.0:40297}
2020-05-07 05:21:58,281 [main] INFO  server.Server (Server.java:doStart(399)) - Started @7517ms
2020-05-07 05:21:58,281 [main] WARN  impl.MetricsSystemImpl (MetricsSystemImpl.java:register(276)) - Sink prometheus already exists!
2020-05-07 05:21:58,283 [main] INFO  http.BaseHttpServer (BaseHttpServer.java:updateConnectorAddress(325)) - HTTP server of hddsDatanode listening at http://0.0.0.0:40297
2020-05-07 05:21:58,288 [main] INFO  ozone.MiniOzoneClusterImpl (MiniOzoneClusterImpl.java:lambda$waitForClusterToBeReady$0(177)) - Waiting for nodes to be ready. Got 0 of 10 DN Heartbeats.
2020-05-07 05:21:58,288 [main] INFO  ozone.MiniOzoneClusterImpl (MiniOzoneClusterImpl.java:lambda$waitForClusterToBeReady$0(180)) - Waiting for cluster to exit safe mode
2020-05-07 05:21:58,294 [org.apache.hadoop.util.JvmPauseMonitor$Monitor@4b82e29d] INFO  util.JvmPauseMonitor (JvmPauseMonitor.java:run(188)) - Starting JVM pause monitor
2020-05-07 05:21:58,296 [Datanode State Machine Thread - 0] INFO  datanode.InitDatanodeState (InitDatanodeState.java:persistContainerDatanodeDetails(145)) - DatanodeDetails is persisted to /github/workspace/mnt/ozone/hadoop-ozone/integration-test/target/test-dir/MiniOzoneClusterImpl-05740949-9c22-47e9-931e-531dd4a47486/datanode-9/meta/datanode.id
2020-05-07 05:21:59,289 [main] INFO  ozone.MiniOzoneClusterImpl (MiniOzoneClusterImpl.java:lambda$waitForClusterToBeReady$0(177)) - Waiting for nodes to be ready. Got 0 of 10 DN Heartbeats.
2020-05-07 05:21:59,289 [main] INFO  ozone.MiniOzoneClusterImpl (MiniOzoneClusterImpl.java:lambda$waitForClusterToBeReady$0(180)) - Waiting for cluster to exit safe mode
2020-05-07 05:21:59,357 [Datanode State Machine Thread - 0] INFO  ozoneimpl.OzoneContainer (OzoneContainer.java:start(232)) - Attempting to start container services.
2020-05-07 05:21:59,358 [Datanode State Machine Thread - 0] INFO  ozoneimpl.OzoneContainer (OzoneContainer.java:startContainerScrub(196)) - Background container scanner has been disabled.
2020-05-07 05:21:59,358 [Datanode State Machine Thread - 0] INFO  ratis.XceiverServerRatis (XceiverServerRatis.java:start(425)) - Starting XceiverServerRatis 6f005c5b-3a07-4e39-8538-832f1c829f6a at port 0
2020-05-07 05:21:59,402 [Datanode State Machine Thread - 0] INFO  impl.RaftServerProxy (RaftServerProxy.java:lambda$start$3(299)) - 6f005c5b-3a07-4e39-8538-832f1c829f6a: start RPC server
2020-05-07 05:21:59,430 [Datanode State Machine Thread - 0] INFO  ozoneimpl.OzoneContainer (OzoneContainer.java:start(232)) - Attempting to start container services.
2020-05-07 05:21:59,450 [Datanode State Machine Thread - 0] INFO  ozoneimpl.OzoneContainer (OzoneContainer.java:startContainerScrub(196)) - Background container scanner has been disabled.
2020-05-07 05:21:59,451 [Datanode State Machine Thread - 0] INFO  ratis.XceiverServerRatis (XceiverServerRatis.java:start(425)) - Starting XceiverServerRatis ee980e6c-318d-434c-9f48-1477050d6493 at port 0
2020-05-07 05:21:59,455 [Datanode State Machine Thread - 0] INFO  impl.RaftServerProxy (RaftServerProxy.java:lambda$start$3(299)) - ee980e6c-318d-434c-9f48-1477050d6493: start RPC server
2020-05-07 05:21:59,543 [Datanode State Machine Thread - 0] INFO  server.GrpcService (GrpcService.java:startImpl(159)) - ee980e6c-318d-434c-9f48-1477050d6493: GrpcService started, listening on 0.0.0.0/0.0.0.0:43929
2020-05-07 05:21:59,544 [Datanode State Machine Thread - 0] INFO  ratis.XceiverServerRatis (XceiverServerRatis.java:start(437)) - XceiverServerRatis ee980e6c-318d-434c-9f48-1477050d6493 is started using port 43929
2020-05-07 05:21:59,547 [Datanode State Machine Thread - 0] INFO  server.GrpcService (GrpcService.java:startImpl(159)) - 6f005c5b-3a07-4e39-8538-832f1c829f6a: GrpcService started, listening on 0.0.0.0/0.0.0.0:46159
2020-05-07 05:21:59,547 [Datanode State Machine Thread - 0] INFO  ratis.XceiverServerRatis (XceiverServerRatis.java:start(437)) - XceiverServerRatis 6f005c5b-3a07-4e39-8538-832f1c829f6a is started using port 46159
2020-05-07 05:21:59,550 [Datanode State Machine Thread - 0] INFO  server.XceiverServerGrpc (XceiverServerGrpc.java:start(145)) - XceiverServerGrpc ee980e6c-318d-434c-9f48-1477050d6493 is started using port 35647
2020-05-07 05:21:59,553 [Datanode State Machine Thread - 0] INFO  server.XceiverServerGrpc (XceiverServerGrpc.java:start(145)) - XceiverServerGrpc 6f005c5b-3a07-4e39-8538-832f1c829f6a is started using port 34265
2020-05-07 05:21:59,587 [Datanode State Machine Thread - 0] INFO  ozoneimpl.OzoneContainer (OzoneContainer.java:start(232)) - Attempting to start container services.
2020-05-07 05:21:59,587 [Datanode State Machine Thread - 0] INFO  ozoneimpl.OzoneContainer (OzoneContainer.java:startContainerScrub(196)) - Background container scanner has been disabled.
2020-05-07 05:21:59,587 [Datanode State Machine Thread - 0] INFO  ratis.XceiverServerRatis (XceiverServerRatis.java:start(425)) - Starting XceiverServerRatis 8d9d9f22-1b04-45e7-8887-14f2efe85604 at port 0
2020-05-07 05:21:59,590 [Datanode State Machine Thread - 0] INFO  impl.RaftServerProxy (RaftServerProxy.java:lambda$start$3(299)) - 8d9d9f22-1b04-45e7-8887-14f2efe85604: start RPC server
2020-05-07 05:21:59,604 [Datanode State Machine Thread - 0] INFO  server.GrpcService (GrpcService.java:startImpl(159)) - 8d9d9f22-1b04-45e7-8887-14f2efe85604: GrpcService started, listening on 0.0.0.0/0.0.0.0:46631
2020-05-07 05:21:59,604 [Datanode State Machine Thread - 0] INFO  ratis.XceiverServerRatis (XceiverServerRatis.java:start(437)) - XceiverServerRatis 8d9d9f22-1b04-45e7-8887-14f2efe85604 is started using port 46631
2020-05-07 05:21:59,606 [Datanode State Machine Thread - 0] INFO  server.XceiverServerGrpc (XceiverServerGrpc.java:start(145)) - XceiverServerGrpc 8d9d9f22-1b04-45e7-8887-14f2efe85604 is started using port 45791
2020-05-07 05:21:59,669 [Datanode State Machine Thread - 0] INFO  ozoneimpl.OzoneContainer (OzoneContainer.java:start(232)) - Attempting to start container services.
2020-05-07 05:21:59,670 [Datanode State Machine Thread - 0] INFO  ozoneimpl.OzoneContainer (OzoneContainer.java:startContainerScrub(196)) - Background container scanner has been disabled.
2020-05-07 05:21:59,670 [Datanode State Machine Thread - 0] INFO  ratis.XceiverServerRatis (XceiverServerRatis.java:start(425)) - Starting XceiverServerRatis 356d7eb1-3ab0-4ec2-8f3b-50c5189d8c5c at port 0
2020-05-07 05:21:59,675 [Datanode State Machine Thread - 0] INFO  impl.RaftServerProxy (RaftServerProxy.java:lambda$start$3(299)) - 356d7eb1-3ab0-4ec2-8f3b-50c5189d8c5c: start RPC server
2020-05-07 05:21:59,683 [Datanode State Machine Thread - 0] INFO  server.GrpcService (GrpcService.java:startImpl(159)) - 356d7eb1-3ab0-4ec2-8f3b-50c5189d8c5c: GrpcService started, listening on 0.0.0.0/0.0.0.0:42933
2020-05-07 05:21:59,683 [Datanode State Machine Thread - 0] INFO  ratis.XceiverServerRatis (XceiverServerRatis.java:start(437)) - XceiverServerRatis 356d7eb1-3ab0-4ec2-8f3b-50c5189d8c5c is started using port 42933
2020-05-07 05:21:59,685 [Datanode State Machine Thread - 0] INFO  server.XceiverServerGrpc (XceiverServerGrpc.java:start(145)) - XceiverServerGrpc 356d7eb1-3ab0-4ec2-8f3b-50c5189d8c5c is started using port 33715
2020-05-07 05:21:59,804 [Datanode State Machine Thread - 0] INFO  ozoneimpl.OzoneContainer (OzoneContainer.java:start(232)) - Attempting to start container services.
2020-05-07 05:21:59,805 [Datanode State Machine Thread - 0] INFO  ozoneimpl.OzoneContainer (OzoneContainer.java:startContainerScrub(196)) - Background container scanner has been disabled.
2020-05-07 05:21:59,805 [Datanode State Machine Thread - 0] INFO  ratis.XceiverServerRatis (XceiverServerRatis.java:start(425)) - Starting XceiverServerRatis 434ad7a6-f62e-4a93-a110-3f74aeb448b2 at port 0
2020-05-07 05:21:59,806 [Datanode State Machine Thread - 0] INFO  impl.RaftServerProxy (RaftServerProxy.java:lambda$start$3(299)) - 434ad7a6-f62e-4a93-a110-3f74aeb448b2: start RPC server
2020-05-07 05:21:59,807 [Datanode State Machine Thread - 0] INFO  server.GrpcService (GrpcService.java:startImpl(159)) - 434ad7a6-f62e-4a93-a110-3f74aeb448b2: GrpcService started, listening on 0.0.0.0/0.0.0.0:45361
2020-05-07 05:21:59,808 [Datanode State Machine Thread - 0] INFO  ratis.XceiverServerRatis (XceiverServerRatis.java:start(437)) - XceiverServerRatis 434ad7a6-f62e-4a93-a110-3f74aeb448b2 is started using port 45361
2020-05-07 05:21:59,809 [Datanode State Machine Thread - 0] INFO  server.XceiverServerGrpc (XceiverServerGrpc.java:start(145)) - XceiverServerGrpc 434ad7a6-f62e-4a93-a110-3f74aeb448b2 is started using port 36613
2020-05-07 05:21:59,939 [Datanode State Machine Thread - 0] INFO  ozoneimpl.OzoneContainer (OzoneContainer.java:start(232)) - Attempting to start container services.
2020-05-07 05:21:59,940 [Datanode State Machine Thread - 0] INFO  ozoneimpl.OzoneContainer (OzoneContainer.java:startContainerScrub(196)) - Background container scanner has been disabled.
2020-05-07 05:21:59,940 [Datanode State Machine Thread - 0] INFO  ratis.XceiverServerRatis (XceiverServerRatis.java:start(425)) - Starting XceiverServerRatis 0e39abeb-e09f-4467-b548-2c183be5bccb at port 0
2020-05-07 05:21:59,940 [Datanode State Machine Thread - 0] INFO  impl.RaftServerProxy (RaftServerProxy.java:lambda$start$3(299)) - 0e39abeb-e09f-4467-b548-2c183be5bccb: start RPC server
2020-05-07 05:21:59,951 [Datanode State Machine Thread - 0] INFO  server.GrpcService (GrpcService.java:startImpl(159)) - 0e39abeb-e09f-4467-b548-2c183be5bccb: GrpcService started, listening on 0.0.0.0/0.0.0.0:38085
2020-05-07 05:21:59,951 [Datanode State Machine Thread - 0] INFO  ratis.XceiverServerRatis (XceiverServerRatis.java:start(437)) - XceiverServerRatis 0e39abeb-e09f-4467-b548-2c183be5bccb is started using port 38085
2020-05-07 05:21:59,952 [Datanode State Machine Thread - 0] INFO  server.XceiverServerGrpc (XceiverServerGrpc.java:start(145)) - XceiverServerGrpc 0e39abeb-e09f-4467-b548-2c183be5bccb is started using port 45195
2020-05-07 05:22:00,052 [Datanode State Machine Thread - 0] INFO  ozoneimpl.OzoneContainer (OzoneContainer.java:start(232)) - Attempting to start container services.
2020-05-07 05:22:00,053 [Datanode State Machine Thread - 0] INFO  ozoneimpl.OzoneContainer (OzoneContainer.java:startContainerScrub(196)) - Background container scanner has been disabled.
2020-05-07 05:22:00,053 [Datanode State Machine Thread - 0] INFO  ratis.XceiverServerRatis (XceiverServerRatis.java:start(425)) - Starting XceiverServerRatis 1d561850-96b7-413a-ba9b-809155ef9528 at port 0
2020-05-07 05:22:00,054 [Datanode State Machine Thread - 0] INFO  impl.RaftServerProxy (RaftServerProxy.java:lambda$start$3(299)) - 1d561850-96b7-413a-ba9b-809155ef9528: start RPC server
2020-05-07 05:22:00,055 [Datanode State Machine Thread - 0] INFO  server.GrpcService (GrpcService.java:startImpl(159)) - 1d561850-96b7-413a-ba9b-809155ef9528: GrpcService started, listening on 0.0.0.0/0.0.0.0:39163
2020-05-07 05:22:00,056 [Datanode State Machine Thread - 0] INFO  ratis.XceiverServerRatis (XceiverServerRatis.java:start(437)) - XceiverServerRatis 1d561850-96b7-413a-ba9b-809155ef9528 is started using port 39163
2020-05-07 05:22:00,058 [Datanode State Machine Thread - 0] INFO  server.XceiverServerGrpc (XceiverServerGrpc.java:start(145)) - XceiverServerGrpc 1d561850-96b7-413a-ba9b-809155ef9528 is started using port 46379
2020-05-07 05:22:00,147 [Datanode State Machine Thread - 0] INFO  ozoneimpl.OzoneContainer (OzoneContainer.java:start(232)) - Attempting to start container services.
2020-05-07 05:22:00,147 [Datanode State Machine Thread - 0] INFO  ozoneimpl.OzoneContainer (OzoneContainer.java:startContainerScrub(196)) - Background container scanner has been disabled.
2020-05-07 05:22:00,147 [Datanode State Machine Thread - 0] INFO  ratis.XceiverServerRatis (XceiverServerRatis.java:start(425)) - Starting XceiverServerRatis a7b22bd6-1548-4dd4-8319-108e82584299 at port 0
2020-05-07 05:22:00,149 [Datanode State Machine Thread - 0] INFO  impl.RaftServerProxy (RaftServerProxy.java:lambda$start$3(299)) - a7b22bd6-1548-4dd4-8319-108e82584299: start RPC server
2020-05-07 05:22:00,151 [Datanode State Machine Thread - 0] INFO  server.GrpcService (GrpcService.java:startImpl(159)) - a7b22bd6-1548-4dd4-8319-108e82584299: GrpcService started, listening on 0.0.0.0/0.0.0.0:41095
2020-05-07 05:22:00,151 [Datanode State Machine Thread - 0] INFO  ratis.XceiverServerRatis (XceiverServerRatis.java:start(437)) - XceiverServerRatis a7b22bd6-1548-4dd4-8319-108e82584299 is started using port 41095
2020-05-07 05:22:00,153 [Datanode State Machine Thread - 0] INFO  server.XceiverServerGrpc (XceiverServerGrpc.java:start(145)) - XceiverServerGrpc a7b22bd6-1548-4dd4-8319-108e82584299 is started using port 44937
2020-05-07 05:22:00,207 [Datanode State Machine Thread - 0] INFO  ozoneimpl.OzoneContainer (OzoneContainer.java:start(232)) - Attempting to start container services.
2020-05-07 05:22:00,207 [Datanode State Machine Thread - 0] INFO  ozoneimpl.OzoneContainer (OzoneContainer.java:startContainerScrub(196)) - Background container scanner has been disabled.
2020-05-07 05:22:00,207 [Datanode State Machine Thread - 0] INFO  ratis.XceiverServerRatis (XceiverServerRatis.java:start(425)) - Starting XceiverServerRatis d24c668a-8da2-49f7-9c88-63388abd62a3 at port 0
2020-05-07 05:22:00,208 [Datanode State Machine Thread - 0] INFO  impl.RaftServerProxy (RaftServerProxy.java:lambda$start$3(299)) - d24c668a-8da2-49f7-9c88-63388abd62a3: start RPC server
2020-05-07 05:22:00,210 [Datanode State Machine Thread - 0] INFO  server.GrpcService (GrpcService.java:startImpl(159)) - d24c668a-8da2-49f7-9c88-63388abd62a3: GrpcService started, listening on 0.0.0.0/0.0.0.0:41237
2020-05-07 05:22:00,210 [Datanode State Machine Thread - 0] INFO  ratis.XceiverServerRatis (XceiverServerRatis.java:start(437)) - XceiverServerRatis d24c668a-8da2-49f7-9c88-63388abd62a3 is started using port 41237
2020-05-07 05:22:00,214 [Datanode State Machine Thread - 0] INFO  server.XceiverServerGrpc (XceiverServerGrpc.java:start(145)) - XceiverServerGrpc d24c668a-8da2-49f7-9c88-63388abd62a3 is started using port 33975
2020-05-07 05:22:00,289 [main] INFO  ozone.MiniOzoneClusterImpl (MiniOzoneClusterImpl.java:lambda$waitForClusterToBeReady$0(177)) - Waiting for nodes to be ready. Got 0 of 10 DN Heartbeats.
2020-05-07 05:22:00,289 [main] INFO  ozone.MiniOzoneClusterImpl (MiniOzoneClusterImpl.java:lambda$waitForClusterToBeReady$0(180)) - Waiting for cluster to exit safe mode
2020-05-07 05:22:00,297 [Datanode State Machine Thread - 0] INFO  ozoneimpl.OzoneContainer (OzoneContainer.java:start(232)) - Attempting to start container services.
2020-05-07 05:22:00,297 [Datanode State Machine Thread - 0] INFO  ozoneimpl.OzoneContainer (OzoneContainer.java:startContainerScrub(196)) - Background container scanner has been disabled.
2020-05-07 05:22:00,297 [Datanode State Machine Thread - 0] INFO  ratis.XceiverServerRatis (XceiverServerRatis.java:start(425)) - Starting XceiverServerRatis 7e872ac2-4c12-4c1e-9a46-92908e0757bb at port 0
2020-05-07 05:22:00,298 [Datanode State Machine Thread - 0] INFO  impl.RaftServerProxy (RaftServerProxy.java:lambda$start$3(299)) - 7e872ac2-4c12-4c1e-9a46-92908e0757bb: start RPC server
2020-05-07 05:22:00,302 [Datanode State Machine Thread - 0] INFO  server.GrpcService (GrpcService.java:startImpl(159)) - 7e872ac2-4c12-4c1e-9a46-92908e0757bb: GrpcService started, listening on 0.0.0.0/0.0.0.0:37073
2020-05-07 05:22:00,303 [Datanode State Machine Thread - 0] INFO  ratis.XceiverServerRatis (XceiverServerRatis.java:start(437)) - XceiverServerRatis 7e872ac2-4c12-4c1e-9a46-92908e0757bb is started using port 37073
2020-05-07 05:22:00,307 [Datanode State Machine Thread - 0] INFO  server.XceiverServerGrpc (XceiverServerGrpc.java:start(145)) - XceiverServerGrpc 7e872ac2-4c12-4c1e-9a46-92908e0757bb is started using port 42371
2020-05-07 05:22:01,290 [main] INFO  ozone.MiniOzoneClusterImpl (MiniOzoneClusterImpl.java:lambda$waitForClusterToBeReady$0(177)) - Waiting for nodes to be ready. Got 0 of 10 DN Heartbeats.
2020-05-07 05:22:01,290 [main] INFO  ozone.MiniOzoneClusterImpl (MiniOzoneClusterImpl.java:lambda$waitForClusterToBeReady$0(180)) - Waiting for cluster to exit safe mode
2020-05-07 05:22:01,296 [IPC Server handler 7 on 45885] INFO  net.NetworkTopology (NetworkTopologyImpl.java:add(111)) - Added a new node: /default-rack/6f005c5b-3a07-4e39-8538-832f1c829f6a
2020-05-07 05:22:01,296 [IPC Server handler 7 on 45885] INFO  node.SCMNodeManager (SCMNodeManager.java:register(268)) - Registered Data node : 6f005c5b-3a07-4e39-8538-832f1c829f6a{ip: 172.17.0.2, host: b2266369218d, networkLocation: /default-rack, certSerialId: null}
2020-05-07 05:22:01,302 [EventQueue-NodeRegistrationContainerReportForContainerSafeModeRule] INFO  safemode.SCMSafeModeManager (SCMSafeModeManager.java:validateSafeModeExitRules(213)) - ContainerSafeModeRule rule is successfully validated
2020-05-07 05:22:01,304 [EventQueue-NodeRegistrationContainerReportForDataNodeSafeModeRule] INFO  safemode.SCMSafeModeManager (DataNodeSafeModeRule.java:process(71)) - SCM in safe mode. 1 DataNodes registered, 1 required.
2020-05-07 05:22:01,304 [EventQueue-NodeRegistrationContainerReportForDataNodeSafeModeRule] INFO  safemode.SCMSafeModeManager (SCMSafeModeManager.java:validateSafeModeExitRules(213)) - DataNodeSafeModeRule rule is successfully validated
2020-05-07 05:22:01,304 [EventQueue-NodeRegistrationContainerReportForDataNodeSafeModeRule] INFO  safemode.SCMSafeModeManager (SCMSafeModeManager.java:completePreCheck(241)) - All SCM safe mode pre check rules have passed
2020-05-07 05:22:01,311 [RatisPipelineUtilsThread] INFO  pipeline.RatisPipelineProvider (RatisPipelineProvider.java:lambda$create$0(138)) - Sending CreatePipelineCommand for pipeline:PipelineID=f1b646e8-5a05-4ebc-8759-1fd28950e6b0 to datanode:6f005c5b-3a07-4e39-8538-832f1c829f6a
2020-05-07 05:22:01,322 [RatisPipelineUtilsThread] INFO  pipeline.PipelineStateManager (PipelineStateManager.java:addPipeline(54)) - Created pipeline Pipeline[ Id: f1b646e8-5a05-4ebc-8759-1fd28950e6b0, Nodes: 6f005c5b-3a07-4e39-8538-832f1c829f6a{ip: 172.17.0.2, host: b2266369218d, networkLocation: /default-rack, certSerialId: null}, Type:RATIS, Factor:ONE, State:ALLOCATED, leaderId:null, CreationTimestamp2020-05-07T05:22:01.309Z]
2020-05-07 05:22:01,325 [RatisPipelineUtilsThread] ERROR pipeline.SCMPipelineManager (SCMPipelineManager.java:createPipeline(222)) - Failed to create pipeline of type RATIS and factor ONE. Exception: Cannot create pipeline of factor 1 using 0 nodes. Used 1 nodes. Healthy nodes 1
2020-05-07 05:22:01,326 [RatisPipelineUtilsThread] WARN  pipeline.PipelinePlacementPolicy (PipelinePlacementPolicy.java:filterViableNodes(132)) - Pipeline creation failed due to no sufficient healthy datanodes. Required 3. Found 1.
2020-05-07 05:22:01,326 [RatisPipelineUtilsThread] ERROR pipeline.SCMPipelineManager (SCMPipelineManager.java:createPipeline(222)) - Failed to create pipeline of type RATIS and factor THREE. Exception: Pipeline creation failed due to no sufficient healthy datanodes. Required 3. Found 1.
2020-05-07 05:22:01,428 [IPC Server handler 11 on 45885] INFO  net.NetworkTopology (NetworkTopologyImpl.java:add(111)) - Added a new node: /default-rack/ee980e6c-318d-434c-9f48-1477050d6493
2020-05-07 05:22:01,428 [IPC Server handler 11 on 45885] INFO  node.SCMNodeManager (SCMNodeManager.java:register(268)) - Registered Data node : ee980e6c-318d-434c-9f48-1477050d6493{ip: 172.17.0.2, host: b2266369218d, networkLocation: /default-rack, certSerialId: null}
2020-05-07 05:22:01,428 [EventQueue-NodeRegistrationContainerReportForContainerSafeModeRule] INFO  safemode.SCMSafeModeManager (SCMSafeModeManager.java:validateSafeModeExitRules(213)) - ContainerSafeModeRule rule is successfully validated
2020-05-07 05:22:01,429 [EventQueue-NodeRegistrationContainerReportForDataNodeSafeModeRule] INFO  safemode.SCMSafeModeManager (SCMSafeModeManager.java:validateSafeModeExitRules(213)) - DataNodeSafeModeRule rule is successfully validated
2020-05-07 05:22:01,430 [RatisPipelineUtilsThread] INFO  pipeline.RatisPipelineProvider (RatisPipelineProvider.java:lambda$create$0(138)) - Sending CreatePipelineCommand for pipeline:PipelineID=47104fb9-e890-4668-b41a-72b351ace7bc to datanode:ee980e6c-318d-434c-9f48-1477050d6493
2020-05-07 05:22:01,431 [RatisPipelineUtilsThread] INFO  pipeline.PipelineStateManager (PipelineStateManager.java:addPipeline(54)) - Created pipeline Pipeline[ Id: 47104fb9-e890-4668-b41a-72b351ace7bc, Nodes: ee980e6c-318d-434c-9f48-1477050d6493{ip: 172.17.0.2, host: b2266369218d, networkLocation: /default-rack, certSerialId: null}, Type:RATIS, Factor:ONE, State:ALLOCATED, leaderId:null, CreationTimestamp2020-05-07T05:22:01.430Z]
2020-05-07 05:22:01,431 [RatisPipelineUtilsThread] ERROR pipeline.SCMPipelineManager (SCMPipelineManager.java:createPipeline(222)) - Failed to create pipeline of type RATIS and factor ONE. Exception: Cannot create pipeline of factor 1 using 0 nodes. Used 2 nodes. Healthy nodes 2
2020-05-07 05:22:01,431 [RatisPipelineUtilsThread] WARN  pipeline.PipelinePlacementPolicy (PipelinePlacementPolicy.java:filterViableNodes(132)) - Pipeline creation failed due to no sufficient healthy datanodes. Required 3. Found 2.
2020-05-07 05:22:01,432 [RatisPipelineUtilsThread] ERROR pipeline.SCMPipelineManager (SCMPipelineManager.java:createPipeline(222)) - Failed to create pipeline of type RATIS and factor THREE. Exception: Pipeline creation failed due to no sufficient healthy datanodes. Required 3. Found 2.
2020-05-07 05:22:01,569 [IPC Server handler 12 on 45885] INFO  net.NetworkTopology (NetworkTopologyImpl.java:add(111)) - Added a new node: /default-rack/8d9d9f22-1b04-45e7-8887-14f2efe85604
2020-05-07 05:22:01,569 [IPC Server handler 12 on 45885] INFO  node.SCMNodeManager (SCMNodeManager.java:register(268)) - Registered Data node : 8d9d9f22-1b04-45e7-8887-14f2efe85604{ip: 172.17.0.2, host: b2266369218d, networkLocation: /default-rack, certSerialId: null}
2020-05-07 05:22:01,569 [EventQueue-NodeRegistrationContainerReportForDataNodeSafeModeRule] INFO  safemode.SCMSafeModeManager (SCMSafeModeManager.java:validateSafeModeExitRules(213)) - DataNodeSafeModeRule rule is successfully validated
2020-05-07 05:22:01,570 [RatisPipelineUtilsThread] INFO  pipeline.RatisPipelineProvider (RatisPipelineProvider.java:lambda$create$0(138)) - Sending CreatePipelineCommand for pipeline:PipelineID=d32e0148-1824-4b14-8130-b7a64901892c to datanode:8d9d9f22-1b04-45e7-8887-14f2efe85604
2020-05-07 05:22:01,570 [EventQueue-NodeRegistrationContainerReportForContainerSafeModeRule] INFO  safemode.SCMSafeModeManager (SCMSafeModeManager.java:validateSafeModeExitRules(213)) - ContainerSafeModeRule rule is successfully validated
2020-05-07 05:22:01,570 [RatisPipelineUtilsThread] INFO  pipeline.PipelineStateManager (PipelineStateManager.java:addPipeline(54)) - Created pipeline Pipeline[ Id: d32e0148-1824-4b14-8130-b7a64901892c, Nodes: 8d9d9f22-1b04-45e7-8887-14f2efe85604{ip: 172.17.0.2, host: b2266369218d, networkLocation: /default-rack, certSerialId: null}, Type:RATIS, Factor:ONE, State:ALLOCATED, leaderId:null, CreationTimestamp2020-05-07T05:22:01.570Z]
2020-05-07 05:22:01,571 [RatisPipelineUtilsThread] ERROR pipeline.SCMPipelineManager (SCMPipelineManager.java:createPipeline(222)) - Failed to create pipeline of type RATIS and factor ONE. Exception: Cannot create pipeline of factor 1 using 0 nodes. Used 3 nodes. Healthy nodes 3
2020-05-07 05:22:01,574 [RatisPipelineUtilsThread] INFO  pipeline.RatisPipelineProvider (RatisPipelineProvider.java:lambda$create$0(138)) - Sending CreatePipelineCommand for pipeline:PipelineID=e1731129-1291-4c31-b202-a78d897fdf61 to datanode:ee980e6c-318d-434c-9f48-1477050d6493
2020-05-07 05:22:01,575 [RatisPipelineUtilsThread] INFO  pipeline.RatisPipelineProvider (RatisPipelineProvider.java:lambda$create$0(138)) - Sending CreatePipelineCommand for pipeline:PipelineID=e1731129-1291-4c31-b202-a78d897fdf61 to datanode:8d9d9f22-1b04-45e7-8887-14f2efe85604
2020-05-07 05:22:01,575 [RatisPipelineUtilsThread] INFO  pipeline.RatisPipelineProvider (RatisPipelineProvider.java:lambda$create$0(138)) - Sending CreatePipelineCommand for pipeline:PipelineID=e1731129-1291-4c31-b202-a78d897fdf61 to datanode:6f005c5b-3a07-4e39-8538-832f1c829f6a
2020-05-07 05:22:01,578 [RatisPipelineUtilsThread] INFO  pipeline.PipelineStateManager (PipelineStateManager.java:addPipeline(54)) - Created pipeline Pipeline[ Id: e1731129-1291-4c31-b202-a78d897fdf61, Nodes: ee980e6c-318d-434c-9f48-1477050d6493{ip: 172.17.0.2, host: b2266369218d, networkLocation: /default-rack, certSerialId: null}8d9d9f22-1b04-45e7-8887-14f2efe85604{ip: 172.17.0.2, host: b2266369218d, networkLocation: /default-rack, certSerialId: null}6f005c5b-3a07-4e39-8538-832f1c829f6a{ip: 172.17.0.2, host: b2266369218d, networkLocation: /default-rack, certSerialId: null}, Type:RATIS, Factor:THREE, State:ALLOCATED, leaderId:null, CreationTimestamp2020-05-07T05:22:01.574Z]
2020-05-07 05:22:01,578 [RatisPipelineUtilsThread] ERROR pipeline.SCMPipelineManager (SCMPipelineManager.java:createPipeline(222)) - Failed to create pipeline of type RATIS and factor THREE. Exception: Pipeline creation failed because nodes are engaged in other pipelines and every node can only be engaged in max 2 pipelines. Required 3. Found 0
2020-05-07 05:22:01,668 [IPC Server handler 9 on 45885] INFO  net.NetworkTopology (NetworkTopologyImpl.java:add(111)) - Added a new node: /default-rack/356d7eb1-3ab0-4ec2-8f3b-50c5189d8c5c
2020-05-07 05:22:01,669 [IPC Server handler 9 on 45885] INFO  node.SCMNodeManager (SCMNodeManager.java:register(268)) - Registered Data node : 356d7eb1-3ab0-4ec2-8f3b-50c5189d8c5c{ip: 172.17.0.2, host: b2266369218d, networkLocation: /default-rack, certSerialId: null}
2020-05-07 05:22:01,670 [EventQueue-NodeRegistrationContainerReportForContainerSafeModeRule] INFO  safemode.SCMSafeModeManager (SCMSafeModeManager.java:validateSafeModeExitRules(213)) - ContainerSafeModeRule rule is successfully validated
2020-05-07 05:22:01,670 [EventQueue-NodeRegistrationContainerReportForDataNodeSafeModeRule] INFO  safemode.SCMSafeModeManager (SCMSafeModeManager.java:validateSafeModeExitRules(213)) - DataNodeSafeModeRule rule is successfully validated
2020-05-07 05:22:01,669 [RatisPipelineUtilsThread] INFO  pipeline.RatisPipelineProvider (RatisPipelineProvider.java:lambda$create$0(138)) - Sending CreatePipelineCommand for pipeline:PipelineID=1baedc78-9a00-455b-a657-977d63bb736b to datanode:356d7eb1-3ab0-4ec2-8f3b-50c5189d8c5c
2020-05-07 05:22:01,671 [RatisPipelineUtilsThread] INFO  pipeline.PipelineStateManager (PipelineStateManager.java:addPipeline(54)) - Created pipeline Pipeline[ Id: 1baedc78-9a00-455b-a657-977d63bb736b, Nodes: 356d7eb1-3ab0-4ec2-8f3b-50c5189d8c5c{ip: 172.17.0.2, host: b2266369218d, networkLocation: /default-rack, certSerialId: null}, Type:RATIS, Factor:ONE, State:ALLOCATED, leaderId:null, CreationTimestamp2020-05-07T05:22:01.669Z]
2020-05-07 05:22:01,671 [RatisPipelineUtilsThread] ERROR pipeline.SCMPipelineManager (SCMPipelineManager.java:createPipeline(222)) - Failed to create pipeline of type RATIS and factor ONE. Exception: Cannot create pipeline of factor 1 using 0 nodes. Used 4 nodes. Healthy nodes 4
2020-05-07 05:22:01,671 [RatisPipelineUtilsThread] ERROR pipeline.SCMPipelineManager (SCMPipelineManager.java:createPipeline(222)) - Failed to create pipeline of type RATIS and factor THREE. Exception: Pipeline creation failed because nodes are engaged in other pipelines and every node can only be engaged in max 2 pipelines. Required 3. Found 1
2020-05-07 05:22:01,805 [IPC Server handler 0 on 45885] INFO  net.NetworkTopology (NetworkTopologyImpl.java:add(111)) - Added a new node: /default-rack/434ad7a6-f62e-4a93-a110-3f74aeb448b2
2020-05-07 05:22:01,805 [IPC Server handler 0 on 45885] INFO  node.SCMNodeManager (SCMNodeManager.java:register(268)) - Registered Data node : 434ad7a6-f62e-4a93-a110-3f74aeb448b2{ip: 172.17.0.2, host: b2266369218d, networkLocation: /default-rack, certSerialId: null}
2020-05-07 05:22:01,805 [EventQueue-NodeRegistrationContainerReportForDataNodeSafeModeRule] INFO  safemode.SCMSafeModeManager (SCMSafeModeManager.java:validateSafeModeExitRules(213)) - DataNodeSafeModeRule rule is successfully validated
2020-05-07 05:22:01,806 [EventQueue-NodeRegistrationContainerReportForContainerSafeModeRule] INFO  safemode.SCMSafeModeManager (SCMSafeModeManager.java:validateSafeModeExitRules(213)) - ContainerSafeModeRule rule is successfully validated
2020-05-07 05:22:01,807 [RatisPipelineUtilsThread] INFO  pipeline.RatisPipelineProvider (RatisPipelineProvider.java:lambda$create$0(138)) - Sending CreatePipelineCommand for pipeline:PipelineID=b474ced5-b4fa-4e2a-8832-c24d3e6f2a72 to datanode:434ad7a6-f62e-4a93-a110-3f74aeb448b2
2020-05-07 05:22:01,807 [RatisPipelineUtilsThread] INFO  pipeline.PipelineStateManager (PipelineStateManager.java:addPipeline(54)) - Created pipeline Pipeline[ Id: b474ced5-b4fa-4e2a-8832-c24d3e6f2a72, Nodes: 434ad7a6-f62e-4a93-a110-3f74aeb448b2{ip: 172.17.0.2, host: b2266369218d, networkLocation: /default-rack, certSerialId: null}, Type:RATIS, Factor:ONE, State:ALLOCATED, leaderId:null, CreationTimestamp2020-05-07T05:22:01.807Z]
2020-05-07 05:22:01,808 [RatisPipelineUtilsThread] ERROR pipeline.SCMPipelineManager (SCMPipelineManager.java:createPipeline(222)) - Failed to create pipeline of type RATIS and factor ONE. Exception: Cannot create pipeline of factor 1 using 0 nodes. Used 5 nodes. Healthy nodes 5
2020-05-07 05:22:01,808 [RatisPipelineUtilsThread] ERROR pipeline.SCMPipelineManager (SCMPipelineManager.java:createPipeline(222)) - Failed to create pipeline of type RATIS and factor THREE. Exception: Pipeline creation failed because nodes are engaged in other pipelines and every node can only be engaged in max 2 pipelines. Required 3. Found 2
2020-05-07 05:22:01,939 [IPC Server handler 3 on 45885] INFO  net.NetworkTopology (NetworkTopologyImpl.java:add(111)) - Added a new node: /default-rack/0e39abeb-e09f-4467-b548-2c183be5bccb
2020-05-07 05:22:01,940 [IPC Server handler 3 on 45885] INFO  node.SCMNodeManager (SCMNodeManager.java:register(268)) - Registered Data node : 0e39abeb-e09f-4467-b548-2c183be5bccb{ip: 172.17.0.2, host: b2266369218d, networkLocation: /default-rack, certSerialId: null}
2020-05-07 05:22:01,940 [RatisPipelineUtilsThread] INFO  pipeline.RatisPipelineProvider (RatisPipelineProvider.java:lambda$create$0(138)) - Sending CreatePipelineCommand for pipeline:PipelineID=c9c505bd-a533-4db6-82f0-68409d80522e to datanode:0e39abeb-e09f-4467-b548-2c183be5bccb
2020-05-07 05:22:01,940 [EventQueue-NodeRegistrationContainerReportForDataNodeSafeModeRule] INFO  safemode.SCMSafeModeManager (SCMSafeModeManager.java:validateSafeModeExitRules(213)) - DataNodeSafeModeRule rule is successfully validated
2020-05-07 05:22:01,940 [RatisPipelineUtilsThread] INFO  pipeline.PipelineStateManager (PipelineStateManager.java:addPipeline(54)) - Created pipeline Pipeline[ Id: c9c505bd-a533-4db6-82f0-68409d80522e, Nodes: 0e39abeb-e09f-4467-b548-2c183be5bccb{ip: 172.17.0.2, host: b2266369218d, networkLocation: /default-rack, certSerialId: null}, Type:RATIS, Factor:ONE, State:ALLOCATED, leaderId:null, CreationTimestamp2020-05-07T05:22:01.940Z]
2020-05-07 05:22:01,941 [EventQueue-NodeRegistrationContainerReportForContainerSafeModeRule] INFO  safemode.SCMSafeModeManager (SCMSafeModeManager.java:validateSafeModeExitRules(213)) - ContainerSafeModeRule rule is successfully validated
2020-05-07 05:22:01,941 [RatisPipelineUtilsThread] ERROR pipeline.SCMPipelineManager (SCMPipelineManager.java:createPipeline(222)) - Failed to create pipeline of type RATIS and factor ONE. Exception: Cannot create pipeline of factor 1 using 0 nodes. Used 6 nodes. Healthy nodes 6
2020-05-07 05:22:01,941 [RatisPipelineUtilsThread] INFO  pipeline.RatisPipelineProvider (RatisPipelineProvider.java:lambda$create$0(138)) - Sending CreatePipelineCommand for pipeline:PipelineID=77a9c724-781f-44c6-80c6-766e59c4ac00 to datanode:356d7eb1-3ab0-4ec2-8f3b-50c5189d8c5c
2020-05-07 05:22:01,942 [RatisPipelineUtilsThread] INFO  pipeline.RatisPipelineProvider (RatisPipelineProvider.java:lambda$create$0(138)) - Sending CreatePipelineCommand for pipeline:PipelineID=77a9c724-781f-44c6-80c6-766e59c4ac00 to datanode:434ad7a6-f62e-4a93-a110-3f74aeb448b2
2020-05-07 05:22:01,942 [RatisPipelineUtilsThread] INFO  pipeline.RatisPipelineProvider (RatisPipelineProvider.java:lambda$create$0(138)) - Sending CreatePipelineCommand for pipeline:PipelineID=77a9c724-781f-44c6-80c6-766e59c4ac00 to datanode:0e39abeb-e09f-4467-b548-2c183be5bccb
2020-05-07 05:22:01,942 [RatisPipelineUtilsThread] INFO  pipeline.PipelineStateManager (PipelineStateManager.java:addPipeline(54)) - Created pipeline Pipeline[ Id: 77a9c724-781f-44c6-80c6-766e59c4ac00, Nodes: 356d7eb1-3ab0-4ec2-8f3b-50c5189d8c5c{ip: 172.17.0.2, host: b2266369218d, networkLocation: /default-rack, certSerialId: null}434ad7a6-f62e-4a93-a110-3f74aeb448b2{ip: 172.17.0.2, host: b2266369218d, networkLocation: /default-rack, certSerialId: null}0e39abeb-e09f-4467-b548-2c183be5bccb{ip: 172.17.0.2, host: b2266369218d, networkLocation: /default-rack, certSerialId: null}, Type:RATIS, Factor:THREE, State:ALLOCATED, leaderId:null, CreationTimestamp2020-05-07T05:22:01.941Z]
2020-05-07 05:22:01,943 [RatisPipelineUtilsThread] ERROR pipeline.SCMPipelineManager (SCMPipelineManager.java:createPipeline(222)) - Failed to create pipeline of type RATIS and factor THREE. Exception: Pipeline creation failed because nodes are engaged in other pipelines and every node can only be engaged in max 2 pipelines. Required 3. Found 0
2020-05-07 05:22:02,052 [IPC Server handler 4 on 45885] INFO  net.NetworkTopology (NetworkTopologyImpl.java:add(111)) - Added a new node: /default-rack/1d561850-96b7-413a-ba9b-809155ef9528
2020-05-07 05:22:02,052 [IPC Server handler 4 on 45885] INFO  node.SCMNodeManager (SCMNodeManager.java:register(268)) - Registered Data node : 1d561850-96b7-413a-ba9b-809155ef9528{ip: 172.17.0.2, host: b2266369218d, networkLocation: /default-rack, certSerialId: null}
2020-05-07 05:22:02,053 [EventQueue-NodeRegistrationContainerReportForDataNodeSafeModeRule] INFO  safemode.SCMSafeModeManager (SCMSafeModeManager.java:validateSafeModeExitRules(213)) - DataNodeSafeModeRule rule is successfully validated
2020-05-07 05:22:02,053 [EventQueue-NodeRegistrationContainerReportForContainerSafeModeRule] INFO  safemode.SCMSafeModeManager (SCMSafeModeManager.java:validateSafeModeExitRules(213)) - ContainerSafeModeRule rule is successfully validated
2020-05-07 05:22:02,054 [RatisPipelineUtilsThread] INFO  pipeline.RatisPipelineProvider (RatisPipelineProvider.java:lambda$create$0(138)) - Sending CreatePipelineCommand for pipeline:PipelineID=49c0b3e4-3521-4d24-9d81-5eeb00af1ffd to datanode:1d561850-96b7-413a-ba9b-809155ef9528
2020-05-07 05:22:02,056 [RatisPipelineUtilsThread] INFO  pipeline.PipelineStateManager (PipelineStateManager.java:addPipeline(54)) - Created pipeline Pipeline[ Id: 49c0b3e4-3521-4d24-9d81-5eeb00af1ffd, Nodes: 1d561850-96b7-413a-ba9b-809155ef9528{ip: 172.17.0.2, host: b2266369218d, networkLocation: /default-rack, certSerialId: null}, Type:RATIS, Factor:ONE, State:ALLOCATED, leaderId:null, CreationTimestamp2020-05-07T05:22:02.054Z]
2020-05-07 05:22:02,056 [RatisPipelineUtilsThread] ERROR pipeline.SCMPipelineManager (SCMPipelineManager.java:createPipeline(222)) - Failed to create pipeline of type RATIS and factor ONE. Exception: Cannot create pipeline of factor 1 using 0 nodes. Used 7 nodes. Healthy nodes 7
2020-05-07 05:22:02,056 [RatisPipelineUtilsThread] ERROR pipeline.SCMPipelineManager (SCMPipelineManager.java:createPipeline(222)) - Failed to create pipeline of type RATIS and factor THREE. Exception: Pipeline creation failed because nodes are engaged in other pipelines and every node can only be engaged in max 2 pipelines. Required 3. Found 1
2020-05-07 05:22:02,145 [IPC Server handler 5 on 45885] INFO  net.NetworkTopology (NetworkTopologyImpl.java:add(111)) - Added a new node: /default-rack/a7b22bd6-1548-4dd4-8319-108e82584299
2020-05-07 05:22:02,145 [IPC Server handler 5 on 45885] INFO  node.SCMNodeManager (SCMNodeManager.java:register(268)) - Registered Data node : a7b22bd6-1548-4dd4-8319-108e82584299{ip: 172.17.0.2, host: b2266369218d, networkLocation: /default-rack, certSerialId: null}
2020-05-07 05:22:02,146 [EventQueue-NodeRegistrationContainerReportForContainerSafeModeRule] INFO  safemode.SCMSafeModeManager (SCMSafeModeManager.java:validateSafeModeExitRules(213)) - ContainerSafeModeRule rule is successfully validated
2020-05-07 05:22:02,146 [EventQueue-NodeRegistrationContainerReportForDataNodeSafeModeRule] INFO  safemode.SCMSafeModeManager (SCMSafeModeManager.java:validateSafeModeExitRules(213)) - DataNodeSafeModeRule rule is successfully validated
2020-05-07 05:22:02,147 [RatisPipelineUtilsThread] INFO  pipeline.RatisPipelineProvider (RatisPipelineProvider.java:lambda$create$0(138)) - Sending CreatePipelineCommand for pipeline:PipelineID=1452de4f-40e2-4a9b-9e82-ce58bb32ffa0 to datanode:a7b22bd6-1548-4dd4-8319-108e82584299
2020-05-07 05:22:02,147 [RatisPipelineUtilsThread] INFO  pipeline.PipelineStateManager (PipelineStateManager.java:addPipeline(54)) - Created pipeline Pipeline[ Id: 1452de4f-40e2-4a9b-9e82-ce58bb32ffa0, Nodes: a7b22bd6-1548-4dd4-8319-108e82584299{ip: 172.17.0.2, host: b2266369218d, networkLocation: /default-rack, certSerialId: null}, Type:RATIS, Factor:ONE, State:ALLOCATED, leaderId:null, CreationTimestamp2020-05-07T05:22:02.147Z]
2020-05-07 05:22:02,148 [RatisPipelineUtilsThread] ERROR pipeline.SCMPipelineManager (SCMPipelineManager.java:createPipeline(222)) - Failed to create pipeline of type RATIS and factor ONE. Exception: Cannot create pipeline of factor 1 using 0 nodes. Used 8 nodes. Healthy nodes 8
2020-05-07 05:22:02,148 [RatisPipelineUtilsThread] ERROR pipeline.SCMPipelineManager (SCMPipelineManager.java:createPipeline(222)) - Failed to create pipeline of type RATIS and factor THREE. Exception: Pipeline creation failed because nodes are engaged in other pipelines and every node can only be engaged in max 2 pipelines. Required 3. Found 2
2020-05-07 05:22:02,209 [IPC Server handler 7 on 45885] INFO  net.NetworkTopology (NetworkTopologyImpl.java:add(111)) - Added a new node: /default-rack/d24c668a-8da2-49f7-9c88-63388abd62a3
2020-05-07 05:22:02,209 [IPC Server handler 7 on 45885] INFO  node.SCMNodeManager (SCMNodeManager.java:register(268)) - Registered Data node : d24c668a-8da2-49f7-9c88-63388abd62a3{ip: 172.17.0.2, host: b2266369218d, networkLocation: /default-rack, certSerialId: null}
2020-05-07 05:22:02,210 [EventQueue-NodeRegistrationContainerReportForContainerSafeModeRule] INFO  safemode.SCMSafeModeManager (SCMSafeModeManager.java:validateSafeModeExitRules(213)) - ContainerSafeModeRule rule is successfully validated
2020-05-07 05:22:02,210 [EventQueue-NodeRegistrationContainerReportForDataNodeSafeModeRule] INFO  safemode.SCMSafeModeManager (SCMSafeModeManager.java:validateSafeModeExitRules(213)) - DataNodeSafeModeRule rule is successfully validated
2020-05-07 05:22:02,210 [RatisPipelineUtilsThread] INFO  pipeline.RatisPipelineProvider (RatisPipelineProvider.java:lambda$create$0(138)) - Sending CreatePipelineCommand for pipeline:PipelineID=b93cfc43-321e-4b22-a57f-7e2c879f25e8 to datanode:d24c668a-8da2-49f7-9c88-63388abd62a3
2020-05-07 05:22:02,211 [RatisPipelineUtilsThread] INFO  pipeline.PipelineStateManager (PipelineStateManager.java:addPipeline(54)) - Created pipeline Pipeline[ Id: b93cfc43-321e-4b22-a57f-7e2c879f25e8, Nodes: d24c668a-8da2-49f7-9c88-63388abd62a3{ip: 172.17.0.2, host: b2266369218d, networkLocation: /default-rack, certSerialId: null}, Type:RATIS, Factor:ONE, State:ALLOCATED, leaderId:null, CreationTimestamp2020-05-07T05:22:02.210Z]
2020-05-07 05:22:02,212 [RatisPipelineUtilsThread] ERROR pipeline.SCMPipelineManager (SCMPipelineManager.java:createPipeline(222)) - Failed to create pipeline of type RATIS and factor ONE. Exception: Cannot create pipeline of factor 1 using 0 nodes. Used 9 nodes. Healthy nodes 9
2020-05-07 05:22:02,212 [RatisPipelineUtilsThread] INFO  pipeline.RatisPipelineProvider (RatisPipelineProvider.java:lambda$create$0(138)) - Sending CreatePipelineCommand for pipeline:PipelineID=e32e5c59-c9ec-4c85-9521-db17bf18cad5 to datanode:1d561850-96b7-413a-ba9b-809155ef9528
2020-05-07 05:22:02,212 [RatisPipelineUtilsThread] INFO  pipeline.RatisPipelineProvider (RatisPipelineProvider.java:lambda$create$0(138)) - Sending CreatePipelineCommand for pipeline:PipelineID=e32e5c59-c9ec-4c85-9521-db17bf18cad5 to datanode:d24c668a-8da2-49f7-9c88-63388abd62a3
2020-05-07 05:22:02,212 [RatisPipelineUtilsThread] INFO  pipeline.RatisPipelineProvider (RatisPipelineProvider.java:lambda$create$0(138)) - Sending CreatePipelineCommand for pipeline:PipelineID=e32e5c59-c9ec-4c85-9521-db17bf18cad5 to datanode:a7b22bd6-1548-4dd4-8319-108e82584299
2020-05-07 05:22:02,213 [RatisPipelineUtilsThread] INFO  pipeline.PipelineStateManager (PipelineStateManager.java:addPipeline(54)) - Created pipeline Pipeline[ Id: e32e5c59-c9ec-4c85-9521-db17bf18cad5, Nodes: 1d561850-96b7-413a-ba9b-809155ef9528{ip: 172.17.0.2, host: b2266369218d, networkLocation: /default-rack, certSerialId: null}d24c668a-8da2-49f7-9c88-63388abd62a3{ip: 172.17.0.2, host: b2266369218d, networkLocation: /default-rack, certSerialId: null}a7b22bd6-1548-4dd4-8319-108e82584299{ip: 172.17.0.2, host: b2266369218d, networkLocation: /default-rack, certSerialId: null}, Type:RATIS, Factor:THREE, State:ALLOCATED, leaderId:null, CreationTimestamp2020-05-07T05:22:02.212Z]
2020-05-07 05:22:02,213 [RatisPipelineUtilsThread] ERROR pipeline.SCMPipelineManager (SCMPipelineManager.java:createPipeline(222)) - Failed to create pipeline of type RATIS and factor THREE. Exception: Pipeline creation failed because nodes are engaged in other pipelines and every node can only be engaged in max 2 pipelines. Required 3. Found 0
2020-05-07 05:22:02,290 [main] INFO  ozone.MiniOzoneClusterImpl (MiniOzoneClusterImpl.java:lambda$waitForClusterToBeReady$0(177)) - Waiting for nodes to be ready. Got 9 of 10 DN Heartbeats.
2020-05-07 05:22:02,291 [main] INFO  ozone.MiniOzoneClusterImpl (MiniOzoneClusterImpl.java:lambda$waitForClusterToBeReady$0(180)) - Waiting for cluster to exit safe mode
2020-05-07 05:22:02,296 [IPC Server handler 11 on 45885] INFO  net.NetworkTopology (NetworkTopologyImpl.java:add(111)) - Added a new node: /default-rack/7e872ac2-4c12-4c1e-9a46-92908e0757bb
2020-05-07 05:22:02,296 [IPC Server handler 11 on 45885] INFO  node.SCMNodeManager (SCMNodeManager.java:register(268)) - Registered Data node : 7e872ac2-4c12-4c1e-9a46-92908e0757bb{ip: 172.17.0.2, host: b2266369218d, networkLocation: /default-rack, certSerialId: null}
2020-05-07 05:22:02,297 [EventQueue-NodeRegistrationContainerReportForContainerSafeModeRule] INFO  safemode.SCMSafeModeManager (SCMSafeModeManager.java:validateSafeModeExitRules(213)) - ContainerSafeModeRule rule is successfully validated
2020-05-07 05:22:02,297 [EventQueue-NodeRegistrationContainerReportForDataNodeSafeModeRule] INFO  safemode.SCMSafeModeManager (SCMSafeModeManager.java:validateSafeModeExitRules(213)) - DataNodeSafeModeRule rule is successfully validated
2020-05-07 05:22:02,298 [RatisPipelineUtilsThread] INFO  pipeline.RatisPipelineProvider (RatisPipelineProvider.java:lambda$create$0(138)) - Sending CreatePipelineCommand for pipeline:PipelineID=59142c13-146b-4b73-8708-a8068212ea6b to datanode:7e872ac2-4c12-4c1e-9a46-92908e0757bb
2020-05-07 05:22:02,298 [RatisPipelineUtilsThread] INFO  pipeline.PipelineStateManager (PipelineStateManager.java:addPipeline(54)) - Created pipeline Pipeline[ Id: 59142c13-146b-4b73-8708-a8068212ea6b, Nodes: 7e872ac2-4c12-4c1e-9a46-92908e0757bb{ip: 172.17.0.2, host: b2266369218d, networkLocation: /default-rack, certSerialId: null}, Type:RATIS, Factor:ONE, State:ALLOCATED, leaderId:null, CreationTimestamp2020-05-07T05:22:02.298Z]
2020-05-07 05:22:02,299 [RatisPipelineUtilsThread] ERROR pipeline.SCMPipelineManager (SCMPipelineManager.java:createPipeline(222)) - Failed to create pipeline of type RATIS and factor ONE. Exception: Cannot create pipeline of factor 1 using 0 nodes. Used 10 nodes. Healthy nodes 10
2020-05-07 05:22:02,299 [RatisPipelineUtilsThread] ERROR pipeline.SCMPipelineManager (SCMPipelineManager.java:createPipeline(222)) - Failed to create pipeline of type RATIS and factor THREE. Exception: Pipeline creation failed because nodes are engaged in other pipelines and every node can only be engaged in max 2 pipelines. Required 3. Found 1
2020-05-07 05:22:03,291 [main] INFO  ozone.MiniOzoneClusterImpl (MiniOzoneClusterImpl.java:lambda$waitForClusterToBeReady$0(177)) - Nodes are ready. Got 10 of 10 DN Heartbeats.
2020-05-07 05:22:03,291 [main] INFO  ozone.MiniOzoneClusterImpl (MiniOzoneClusterImpl.java:lambda$waitForClusterToBeReady$0(180)) - Waiting for cluster to exit safe mode
2020-05-07 05:22:04,294 [main] INFO  ozone.MiniOzoneClusterImpl (MiniOzoneClusterImpl.java:lambda$waitForClusterToBeReady$0(177)) - Nodes are ready. Got 10 of 10 DN Heartbeats.
2020-05-07 05:22:04,294 [main] INFO  ozone.MiniOzoneClusterImpl (MiniOzoneClusterImpl.java:lambda$waitForClusterToBeReady$0(180)) - Waiting for cluster to exit safe mode
2020-05-07 05:22:04,333 [Command processor thread] INFO  impl.RaftServerProxy (RaftServerProxy.java:addNew(89)) - 6f005c5b-3a07-4e39-8538-832f1c829f6a: addNew group-1FD28950E6B0:[6f005c5b-3a07-4e39-8538-832f1c829f6a:172.17.0.2:46159] returns group-1FD28950E6B0:java.util.concurrent.CompletableFuture@3365fbb5[Not completed]
2020-05-07 05:22:04,442 [Command processor thread] INFO  impl.RaftServerProxy (RaftServerProxy.java:addNew(89)) - ee980e6c-318d-434c-9f48-1477050d6493: addNew group-72B351ACE7BC:[ee980e6c-318d-434c-9f48-1477050d6493:172.17.0.2:43929] returns group-72B351ACE7BC:java.util.concurrent.CompletableFuture@6c493592[Not completed]
2020-05-07 05:22:04,466 [pool-35-thread-1] INFO  impl.RaftServerImpl (RaftServerImpl.java:<init>(98)) - 6f005c5b-3a07-4e39-8538-832f1c829f6a: new RaftServerImpl for group-1FD28950E6B0:[6f005c5b-3a07-4e39-8538-832f1c829f6a:172.17.0.2:46159] with ContainerStateMachine:uninitialized
2020-05-07 05:22:04,468 [pool-35-thread-1] INFO  server.RaftServerConfigKeys (ConfUtils.java:logGet(44)) - raft.server.rpc.timeout.min = 5s (custom)
2020-05-07 05:22:04,470 [pool-35-thread-1] INFO  server.RaftServerConfigKeys (ConfUtils.java:logGet(44)) - raft.server.rpc.timeout.max = 5200ms (custom)
2020-05-07 05:22:04,470 [pool-35-thread-1] INFO  server.RaftServerConfigKeys (ConfUtils.java:logGet(44)) - raft.server.rpcslowness.timeout = 300s (custom)
2020-05-07 05:22:04,475 [pool-35-thread-1] INFO  server.RaftServerConfigKeys (ConfUtils.java:logGet(44)) - raft.server.sleep.deviation.threshold = 300 (default)
2020-05-07 05:22:04,476 [pool-35-thread-1] INFO  server.RaftServerConfigKeys (ConfUtils.java:logGet(44)) - raft.server.log.appender.install.snapshot.enabled = false (custom)
2020-05-07 05:22:04,488 [pool-51-thread-1] INFO  impl.RaftServerImpl (RaftServerImpl.java:<init>(98)) - ee980e6c-318d-434c-9f48-1477050d6493: new RaftServerImpl for group-72B351ACE7BC:[ee980e6c-318d-434c-9f48-1477050d6493:172.17.0.2:43929] with ContainerStateMachine:uninitialized
2020-05-07 05:22:04,489 [pool-51-thread-1] INFO  server.RaftServerConfigKeys (ConfUtils.java:logGet(44)) - raft.server.rpc.timeout.min = 5s (custom)
2020-05-07 05:22:04,489 [pool-51-thread-1] INFO  server.RaftServerConfigKeys (ConfUtils.java:logGet(44)) - raft.server.rpc.timeout.max = 5200ms (custom)
2020-05-07 05:22:04,489 [pool-51-thread-1] INFO  server.RaftServerConfigKeys (ConfUtils.java:logGet(44)) - raft.server.rpcslowness.timeout = 300s (custom)
2020-05-07 05:22:04,489 [pool-51-thread-1] INFO  server.RaftServerConfigKeys (ConfUtils.java:logGet(44)) - raft.server.sleep.deviation.threshold = 300 (default)
2020-05-07 05:22:04,489 [pool-51-thread-1] INFO  server.RaftServerConfigKeys (ConfUtils.java:logGet(44)) - raft.server.log.appender.install.snapshot.enabled = false (custom)
2020-05-07 05:22:04,493 [pool-51-thread-1] INFO  impl.RaftServerImpl (ServerState.java:<init>(103)) - ee980e6c-318d-434c-9f48-1477050d6493@group-72B351ACE7BC: ConfigurationManager, init=-1: [ee980e6c-318d-434c-9f48-1477050d6493:172.17.0.2:43929], old=null, confs=<EMPTY_MAP>
2020-05-07 05:22:04,493 [pool-51-thread-1] INFO  server.RaftServerConfigKeys (ConfUtils.java:logGet(44)) - raft.server.storage.dir = [/github/workspace/mnt/ozone/hadoop-ozone/integration-test/target/test-dir/MiniOzoneClusterImpl-05740949-9c22-47e9-931e-531dd4a47486/datanode-1/data/ratis] (custom)
2020-05-07 05:22:04,498 [pool-35-thread-1] INFO  impl.RaftServerImpl (ServerState.java:<init>(103)) - 6f005c5b-3a07-4e39-8538-832f1c829f6a@group-1FD28950E6B0: ConfigurationManager, init=-1: [6f005c5b-3a07-4e39-8538-832f1c829f6a:172.17.0.2:46159], old=null, confs=<EMPTY_MAP>
2020-05-07 05:22:04,498 [pool-35-thread-1] INFO  server.RaftServerConfigKeys (ConfUtils.java:logGet(44)) - raft.server.storage.dir = [/github/workspace/mnt/ozone/hadoop-ozone/integration-test/target/test-dir/MiniOzoneClusterImpl-05740949-9c22-47e9-931e-531dd4a47486/datanode-0/data/ratis] (custom)
2020-05-07 05:22:04,499 [pool-35-thread-1] INFO  server.RaftServerConfigKeys (ConfUtils.java:logGet(44)) - raft.server.log.corruption.policy = EXCEPTION (default)
2020-05-07 05:22:04,501 [pool-51-thread-1] INFO  server.RaftServerConfigKeys (ConfUtils.java:logGet(44)) - raft.server.log.corruption.policy = EXCEPTION (default)
2020-05-07 05:22:04,502 [pool-35-thread-1] INFO  storage.RaftStorageDirectory (RaftStorageDirectory.java:analyzeStorage(261)) - The storage directory /github/workspace/mnt/ozone/hadoop-ozone/integration-test/target/test-dir/MiniOzoneClusterImpl-05740949-9c22-47e9-931e-531dd4a47486/datanode-0/data/ratis/f1b646e8-5a05-4ebc-8759-1fd28950e6b0 does not exist. Creating ...
2020-05-07 05:22:04,510 [pool-51-thread-1] INFO  storage.RaftStorageDirectory (RaftStorageDirectory.java:analyzeStorage(261)) - The storage directory /github/workspace/mnt/ozone/hadoop-ozone/integration-test/target/test-dir/MiniOzoneClusterImpl-05740949-9c22-47e9-931e-531dd4a47486/datanode-1/data/ratis/47104fb9-e890-4668-b41a-72b351ace7bc does not exist. Creating ...
2020-05-07 05:22:04,518 [pool-51-thread-1] INFO  storage.RaftStorageDirectory (RaftStorageDirectory.java:tryLock(343)) - Lock on /github/workspace/mnt/ozone/hadoop-ozone/integration-test/target/test-dir/MiniOzoneClusterImpl-05740949-9c22-47e9-931e-531dd4a47486/datanode-1/data/ratis/47104fb9-e890-4668-b41a-72b351ace7bc/in_use.lock acquired by nodename 15437@b2266369218d
2020-05-07 05:22:04,521 [pool-35-thread-1] INFO  storage.RaftStorageDirectory (RaftStorageDirectory.java:tryLock(343)) - Lock on /github/workspace/mnt/ozone/hadoop-ozone/integration-test/target/test-dir/MiniOzoneClusterImpl-05740949-9c22-47e9-931e-531dd4a47486/datanode-0/data/ratis/f1b646e8-5a05-4ebc-8759-1fd28950e6b0/in_use.lock acquired by nodename 15437@b2266369218d
2020-05-07 05:22:04,521 [pool-51-thread-1] INFO  storage.RaftStorage (RaftStorage.java:format(84)) - Storage directory /github/workspace/mnt/ozone/hadoop-ozone/integration-test/target/test-dir/MiniOzoneClusterImpl-05740949-9c22-47e9-931e-531dd4a47486/datanode-1/data/ratis/47104fb9-e890-4668-b41a-72b351ace7bc has been successfully formatted.
2020-05-07 05:22:04,522 [pool-35-thread-1] INFO  storage.RaftStorage (RaftStorage.java:format(84)) - Storage directory /github/workspace/mnt/ozone/hadoop-ozone/integration-test/target/test-dir/MiniOzoneClusterImpl-05740949-9c22-47e9-931e-531dd4a47486/datanode-0/data/ratis/f1b646e8-5a05-4ebc-8759-1fd28950e6b0 has been successfully formatted.
2020-05-07 05:22:04,528 [pool-35-thread-1] INFO  ratis.ContainerStateMachine (ContainerStateMachine.java:loadSnapshot(226)) - group-1FD28950E6B0: The snapshot info is null. Setting the last applied indexto:(t:0, i:~)
2020-05-07 05:22:04,528 [pool-35-thread-1] INFO  server.RaftServerConfigKeys (ConfUtils.java:logGet(44)) - raft.server.notification.no-leader.timeout = 60s (default)
2020-05-07 05:22:04,531 [pool-35-thread-1] INFO  server.RaftServerConfigKeys (ConfUtils.java:logGet(44)) - raft.server.log.use.memory = false (default)
2020-05-07 05:22:04,544 [pool-35-thread-1] INFO  server.RaftServerConfigKeys (ConfUtils.java:logGet(44)) - raft.server.log.purge.gap = 1000000 (custom)
2020-05-07 05:22:04,544 [pool-35-thread-1] INFO  server.RaftServerConfigKeys (ConfUtils.java:logGet(44)) - raft.server.log.appender.buffer.byte-limit = 33554432 (custom)
2020-05-07 05:22:04,545 [EventQueue-PipelineReportForPipelineReportHandler] INFO  pipeline.PipelineStateManager (PipelineStateManager.java:openPipeline(131)) - Pipeline Pipeline[ Id: f1b646e8-5a05-4ebc-8759-1fd28950e6b0, Nodes: 6f005c5b-3a07-4e39-8538-832f1c829f6a{ip: 172.17.0.2, host: b2266369218d, networkLocation: /default-rack, certSerialId: null}, Type:RATIS, Factor:ONE, State:ALLOCATED, leaderId:6f005c5b-3a07-4e39-8538-832f1c829f6a, CreationTimestamp2020-05-07T05:22:01.309Z] moved to OPEN state
2020-05-07 05:22:04,546 [pool-51-thread-1] INFO  ratis.ContainerStateMachine (ContainerStateMachine.java:loadSnapshot(226)) - group-72B351ACE7BC: The snapshot info is null. Setting the last applied indexto:(t:0, i:~)
2020-05-07 05:22:04,551 [pool-51-thread-1] INFO  server.RaftServerConfigKeys (ConfUtils.java:logGet(44)) - raft.server.notification.no-leader.timeout = 60s (default)
2020-05-07 05:22:04,551 [pool-51-thread-1] INFO  server.RaftServerConfigKeys (ConfUtils.java:logGet(44)) - raft.server.log.use.memory = false (default)
2020-05-07 05:22:04,551 [pool-51-thread-1] INFO  server.RaftServerConfigKeys (ConfUtils.java:logGet(44)) - raft.server.log.purge.gap = 1000000 (custom)
2020-05-07 05:22:04,551 [pool-51-thread-1] INFO  server.RaftServerConfigKeys (ConfUtils.java:logGet(44)) - raft.server.log.appender.buffer.byte-limit = 33554432 (custom)
2020-05-07 05:22:04,552 [EventQueue-PipelineReportForPipelineReportHandler] INFO  pipeline.PipelineStateManager (PipelineStateManager.java:openPipeline(131)) - Pipeline Pipeline[ Id: 47104fb9-e890-4668-b41a-72b351ace7bc, Nodes: ee980e6c-318d-434c-9f48-1477050d6493{ip: 172.17.0.2, host: b2266369218d, networkLocation: /default-rack, certSerialId: null}, Type:RATIS, Factor:ONE, State:ALLOCATED, leaderId:ee980e6c-318d-434c-9f48-1477050d6493, CreationTimestamp2020-05-07T05:22:01.430Z] moved to OPEN state
2020-05-07 05:22:04,553 [pool-51-thread-1] INFO  server.RaftServerConfigKeys (ConfUtils.java:logGet(44)) - raft.server.log.segment.size.max = 1048576 (custom)
2020-05-07 05:22:04,554 [pool-35-thread-1] INFO  server.RaftServerConfigKeys (ConfUtils.java:logGet(44)) - raft.server.log.segment.size.max = 1048576 (custom)
2020-05-07 05:22:04,554 [EventQueue-OpenPipelineForHealthyPipelineSafeModeRule] INFO  safemode.SCMSafeModeManager (HealthyPipelineSafeModeRule.java:process(132)) - SCM in safe mode. Healthy pipelines reported count is 0, required healthy pipeline reported count is 1
2020-05-07 05:22:04,555 [EventQueue-OpenPipelineForHealthyPipelineSafeModeRule] INFO  safemode.SCMSafeModeManager (HealthyPipelineSafeModeRule.java:process(132)) - SCM in safe mode. Healthy pipelines reported count is 0, required healthy pipeline reported count is 1
2020-05-07 05:22:04,558 [pool-51-thread-1] INFO  metrics.RatisMetrics (RatisMetrics.java:lambda$create$0(39)) - Creating Metrics Registry : ratis.log_worker.ee980e6c-318d-434c-9f48-1477050d6493
2020-05-07 05:22:04,561 [EventQueue-OpenPipelineForOneReplicaPipelineSafeModeRule] INFO  safemode.SCMSafeModeManager (SCMSafeModeManager.java:validateSafeModeExitRules(213)) - AtleastOneDatanodeReportedRule rule is successfully validated
2020-05-07 05:22:04,562 [EventQueue-OpenPipelineForOneReplicaPipelineSafeModeRule] INFO  safemode.SCMSafeModeManager (SCMSafeModeManager.java:validateSafeModeExitRules(213)) - AtleastOneDatanodeReportedRule rule is successfully validated
2020-05-07 05:22:04,558 [pool-35-thread-1] INFO  metrics.RatisMetrics (RatisMetrics.java:lambda$create$0(39)) - Creating Metrics Registry : ratis.log_worker.6f005c5b-3a07-4e39-8538-832f1c829f6a
2020-05-07 05:22:04,569 [Command processor thread] INFO  impl.RaftServerProxy (RaftServerProxy.java:addNew(89)) - 8d9d9f22-1b04-45e7-8887-14f2efe85604: addNew group-B7A64901892C:[8d9d9f22-1b04-45e7-8887-14f2efe85604:172.17.0.2:46631] returns group-B7A64901892C:java.util.concurrent.CompletableFuture@b58c9e[Not completed]
2020-05-07 05:22:04,605 [pool-51-thread-1] INFO  server.RaftServerConfigKeys (ConfUtils.java:logGet(44)) - raft.server.log.segment.cache.num.max = 2 (custom)
2020-05-07 05:22:04,605 [pool-35-thread-1] INFO  server.RaftServerConfigKeys (ConfUtils.java:logGet(44)) - raft.server.log.segment.cache.num.max = 2 (custom)
2020-05-07 05:22:04,614 [pool-67-thread-1] INFO  impl.RaftServerImpl (RaftServerImpl.java:<init>(98)) - 8d9d9f22-1b04-45e7-8887-14f2efe85604: new RaftServerImpl for group-B7A64901892C:[8d9d9f22-1b04-45e7-8887-14f2efe85604:172.17.0.2:46631] with ContainerStateMachine:uninitialized
2020-05-07 05:22:04,614 [pool-67-thread-1] INFO  server.RaftServerConfigKeys (ConfUtils.java:logGet(44)) - raft.server.rpc.timeout.min = 5s (custom)
2020-05-07 05:22:04,614 [pool-67-thread-1] INFO  server.RaftServerConfigKeys (ConfUtils.java:logGet(44)) - raft.server.rpc.timeout.max = 5200ms (custom)
2020-05-07 05:22:04,614 [pool-67-thread-1] INFO  server.RaftServerConfigKeys (ConfUtils.java:logGet(44)) - raft.server.rpcslowness.timeout = 300s (custom)
2020-05-07 05:22:04,615 [pool-67-thread-1] INFO  server.RaftServerConfigKeys (ConfUtils.java:logGet(44)) - raft.server.sleep.deviation.threshold = 300 (default)
2020-05-07 05:22:04,615 [pool-67-thread-1] INFO  server.RaftServerConfigKeys (ConfUtils.java:logGet(44)) - raft.server.log.appender.install.snapshot.enabled = false (custom)
2020-05-07 05:22:04,615 [pool-67-thread-1] INFO  impl.RaftServerImpl (ServerState.java:<init>(103)) - 8d9d9f22-1b04-45e7-8887-14f2efe85604@group-B7A64901892C: ConfigurationManager, init=-1: [8d9d9f22-1b04-45e7-8887-14f2efe85604:172.17.0.2:46631], old=null, confs=<EMPTY_MAP>
2020-05-07 05:22:04,615 [pool-67-thread-1] INFO  server.RaftServerConfigKeys (ConfUtils.java:logGet(44)) - raft.server.storage.dir = [/github/workspace/mnt/ozone/hadoop-ozone/integration-test/target/test-dir/MiniOzoneClusterImpl-05740949-9c22-47e9-931e-531dd4a47486/datanode-2/data/ratis] (custom)
2020-05-07 05:22:04,615 [pool-67-thread-1] INFO  server.RaftServerConfigKeys (ConfUtils.java:logGet(44)) - raft.server.log.corruption.policy = EXCEPTION (default)
2020-05-07 05:22:04,615 [pool-67-thread-1] INFO  storage.RaftStorageDirectory (RaftStorageDirectory.java:analyzeStorage(261)) - The storage directory /github/workspace/mnt/ozone/hadoop-ozone/integration-test/target/test-dir/MiniOzoneClusterImpl-05740949-9c22-47e9-931e-531dd4a47486/datanode-2/data/ratis/d32e0148-1824-4b14-8130-b7a64901892c does not exist. Creating ...
2020-05-07 05:22:04,618 [pool-67-thread-1] INFO  storage.RaftStorageDirectory (RaftStorageDirectory.java:tryLock(343)) - Lock on /github/workspace/mnt/ozone/hadoop-ozone/integration-test/target/test-dir/MiniOzoneClusterImpl-05740949-9c22-47e9-931e-531dd4a47486/datanode-2/data/ratis/d32e0148-1824-4b14-8130-b7a64901892c/in_use.lock acquired by nodename 15437@b2266369218d
2020-05-07 05:22:04,621 [pool-67-thread-1] INFO  storage.RaftStorage (RaftStorage.java:format(84)) - Storage directory /github/workspace/mnt/ozone/hadoop-ozone/integration-test/target/test-dir/MiniOzoneClusterImpl-05740949-9c22-47e9-931e-531dd4a47486/datanode-2/data/ratis/d32e0148-1824-4b14-8130-b7a64901892c has been successfully formatted.
2020-05-07 05:22:04,631 [pool-35-thread-1] INFO  segmented.SegmentedRaftLogWorker (SegmentedRaftLogWorker.java:<init>(176)) - new 6f005c5b-3a07-4e39-8538-832f1c829f6a@group-1FD28950E6B0-SegmentedRaftLogWorker for RaftStorage:Storage Directory /github/workspace/mnt/ozone/hadoop-ozone/integration-test/target/test-dir/MiniOzoneClusterImpl-05740949-9c22-47e9-931e-531dd4a47486/datanode-0/data/ratis/f1b646e8-5a05-4ebc-8759-1fd28950e6b0
2020-05-07 05:22:04,631 [pool-35-thread-1] INFO  server.RaftServerConfigKeys (ConfUtils.java:logGet(44)) - raft.server.log.queue.byte-limit = 2147483647 (custom)
2020-05-07 05:22:04,632 [pool-35-thread-1] INFO  server.RaftServerConfigKeys (ConfUtils.java:logGet(44)) - raft.server.log.queue.element-limit = 1024 (custom)
2020-05-07 05:22:04,633 [pool-35-thread-1] INFO  server.RaftServerConfigKeys (ConfUtils.java:logGet(44)) - raft.server.log.segment.size.max = 1048576 (custom)
2020-05-07 05:22:04,633 [pool-35-thread-1] INFO  server.RaftServerConfigKeys (ConfUtils.java:logGet(44)) - raft.server.log.preallocated.size = 16384 (custom)
2020-05-07 05:22:04,634 [pool-35-thread-1] INFO  server.RaftServerConfigKeys (ConfUtils.java:logGet(44)) - raft.server.log.write.buffer.size = 1048576 (custom)
2020-05-07 05:22:04,634 [pool-35-thread-1] INFO  server.RaftServerConfigKeys (ConfUtils.java:logGet(44)) - raft.server.log.force.sync.num = 128 (default)
2020-05-07 05:22:04,635 [pool-35-thread-1] INFO  server.RaftServerConfigKeys (ConfUtils.java:logGet(44)) - raft.server.log.statemachine.data.sync = true (default)
2020-05-07 05:22:04,636 [pool-35-thread-1] INFO  server.RaftServerConfigKeys (ConfUtils.java:logGet(44)) - raft.server.log.statemachine.data.sync.timeout = 10s (default)
2020-05-07 05:22:04,636 [pool-35-thread-1] INFO  server.RaftServerConfigKeys (ConfUtils.java:logGet(44)) - raft.server.log.statemachine.data.sync.timeout.retry = -1 (default)
2020-05-07 05:22:04,633 [pool-51-thread-1] INFO  segmented.SegmentedRaftLogWorker (SegmentedRaftLogWorker.java:<init>(176)) - new ee980e6c-318d-434c-9f48-1477050d6493@group-72B351ACE7BC-SegmentedRaftLogWorker for RaftStorage:Storage Directory /github/workspace/mnt/ozone/hadoop-ozone/integration-test/target/test-dir/MiniOzoneClusterImpl-05740949-9c22-47e9-931e-531dd4a47486/datanode-1/data/ratis/47104fb9-e890-4668-b41a-72b351ace7bc
2020-05-07 05:22:04,636 [pool-67-thread-1] INFO  ratis.ContainerStateMachine (ContainerStateMachine.java:loadSnapshot(226)) - group-B7A64901892C: The snapshot info is null. Setting the last applied indexto:(t:0, i:~)
2020-05-07 05:22:04,637 [pool-67-thread-1] INFO  server.RaftServerConfigKeys (ConfUtils.java:logGet(44)) - raft.server.notification.no-leader.timeout = 60s (default)
2020-05-07 05:22:04,637 [pool-67-thread-1] INFO  server.RaftServerConfigKeys (ConfUtils.java:logGet(44)) - raft.server.log.use.memory = false (default)
2020-05-07 05:22:04,637 [pool-67-thread-1] INFO  server.RaftServerConfigKeys (ConfUtils.java:logGet(44)) - raft.server.log.purge.gap = 1000000 (custom)
2020-05-07 05:22:04,637 [pool-67-thread-1] INFO  server.RaftServerConfigKeys (ConfUtils.java:logGet(44)) - raft.server.log.appender.buffer.byte-limit = 33554432 (custom)
2020-05-07 05:22:04,637 [pool-67-thread-1] INFO  server.RaftServerConfigKeys (ConfUtils.java:logGet(44)) - raft.server.log.segment.size.max = 1048576 (custom)
2020-05-07 05:22:04,637 [pool-67-thread-1] INFO  metrics.RatisMetrics (RatisMetrics.java:lambda$create$0(39)) - Creating Metrics Registry : ratis.log_worker.8d9d9f22-1b04-45e7-8887-14f2efe85604
2020-05-07 05:22:04,638 [pool-67-thread-1] INFO  server.RaftServerConfigKeys (ConfUtils.java:logGet(44)) - raft.server.log.segment.cache.num.max = 2 (custom)
2020-05-07 05:22:04,638 [pool-67-thread-1] INFO  segmented.SegmentedRaftLogWorker (SegmentedRaftLogWorker.java:<init>(176)) - new 8d9d9f22-1b04-45e7-8887-14f2efe85604@group-B7A64901892C-SegmentedRaftLogWorker for RaftStorage:Storage Directory /github/workspace/mnt/ozone/hadoop-ozone/integration-test/target/test-dir/MiniOzoneClusterImpl-05740949-9c22-47e9-931e-531dd4a47486/datanode-2/data/ratis/d32e0148-1824-4b14-8130-b7a64901892c
2020-05-07 05:22:04,638 [pool-67-thread-1] INFO  server.RaftServerConfigKeys (ConfUtils.java:logGet(44)) - raft.server.log.queue.byte-limit = 2147483647 (custom)
2020-05-07 05:22:04,638 [pool-67-thread-1] INFO  server.RaftServerConfigKeys (ConfUtils.java:logGet(44)) - raft.server.log.queue.element-limit = 1024 (custom)
2020-05-07 05:22:04,638 [pool-67-thread-1] INFO  server.RaftServerConfigKeys (ConfUtils.java:logGet(44)) - raft.server.log.segment.size.max = 1048576 (custom)
2020-05-07 05:22:04,638 [pool-67-thread-1] INFO  server.RaftServerConfigKeys (ConfUtils.java:logGet(44)) - raft.server.log.preallocated.size = 16384 (custom)
2020-05-07 05:22:04,638 [pool-67-thread-1] INFO  server.RaftServerConfigKeys (ConfUtils.java:logGet(44)) - raft.server.log.write.buffer.size = 1048576 (custom)
2020-05-07 05:22:04,638 [pool-67-thread-1] INFO  server.RaftServerConfigKeys (ConfUtils.java:logGet(44)) - raft.server.log.force.sync.num = 128 (default)
2020-05-07 05:22:04,638 [pool-67-thread-1] INFO  server.RaftServerConfigKeys (ConfUtils.java:logGet(44)) - raft.server.log.statemachine.data.sync = true (default)
2020-05-07 05:22:04,638 [pool-67-thread-1] INFO  server.RaftServerConfigKeys (ConfUtils.java:logGet(44)) - raft.server.log.statemachine.data.sync.timeout = 10s (default)
2020-05-07 05:22:04,639 [pool-67-thread-1] INFO  server.RaftServerConfigKeys (ConfUtils.java:logGet(44)) - raft.server.log.statemachine.data.sync.timeout.retry = -1 (default)
2020-05-07 05:22:04,642 [pool-51-thread-1] INFO  server.RaftServerConfigKeys (ConfUtils.java:logGet(44)) - raft.server.log.queue.byte-limit = 2147483647 (custom)
2020-05-07 05:22:04,642 [pool-51-thread-1] INFO  server.RaftServerConfigKeys (ConfUtils.java:logGet(44)) - raft.server.log.queue.element-limit = 1024 (custom)
2020-05-07 05:22:04,642 [pool-51-thread-1] INFO  server.RaftServerConfigKeys (ConfUtils.java:logGet(44)) - raft.server.log.segment.size.max = 1048576 (custom)
2020-05-07 05:22:04,643 [pool-51-thread-1] INFO  server.RaftServerConfigKeys (ConfUtils.java:logGet(44)) - raft.server.log.preallocated.size = 16384 (custom)
2020-05-07 05:22:04,643 [pool-51-thread-1] INFO  server.RaftServerConfigKeys (ConfUtils.java:logGet(44)) - raft.server.log.write.buffer.size = 1048576 (custom)
2020-05-07 05:22:04,643 [pool-51-thread-1] INFO  server.RaftServerConfigKeys (ConfUtils.java:logGet(44)) - raft.server.log.force.sync.num = 128 (default)
2020-05-07 05:22:04,643 [pool-51-thread-1] INFO  server.RaftServerConfigKeys (ConfUtils.java:logGet(44)) - raft.server.log.statemachine.data.sync = true (default)
2020-05-07 05:22:04,643 [pool-51-thread-1] INFO  server.RaftServerConfigKeys (ConfUtils.java:logGet(44)) - raft.server.log.statemachine.data.sync.timeout = 10s (default)
2020-05-07 05:22:04,643 [pool-51-thread-1] INFO  server.RaftServerConfigKeys (ConfUtils.java:logGet(44)) - raft.server.log.statemachine.data.sync.timeout.retry = -1 (default)
2020-05-07 05:22:04,655 [EventQueue-PipelineReportForPipelineReportHandler] INFO  pipeline.PipelineStateManager (PipelineStateManager.java:openPipeline(131)) - Pipeline Pipeline[ Id: d32e0148-1824-4b14-8130-b7a64901892c, Nodes: 8d9d9f22-1b04-45e7-8887-14f2efe85604{ip: 172.17.0.2, host: b2266369218d, networkLocation: /default-rack, certSerialId: null}, Type:RATIS, Factor:ONE, State:ALLOCATED, leaderId:8d9d9f22-1b04-45e7-8887-14f2efe85604, CreationTimestamp2020-05-07T05:22:01.570Z] moved to OPEN state
2020-05-07 05:22:04,656 [EventQueue-OpenPipelineForOneReplicaPipelineSafeModeRule] INFO  safemode.SCMSafeModeManager (SCMSafeModeManager.java:validateSafeModeExitRules(213)) - AtleastOneDatanodeReportedRule rule is successfully validated
2020-05-07 05:22:04,656 [EventQueue-OpenPipelineForHealthyPipelineSafeModeRule] INFO  safemode.SCMSafeModeManager (HealthyPipelineSafeModeRule.java:process(132)) - SCM in safe mode. Healthy pipelines reported count is 0, required healthy pipeline reported count is 1
2020-05-07 05:22:04,671 [Command processor thread] INFO  impl.RaftServerProxy (RaftServerProxy.java:addNew(89)) - 356d7eb1-3ab0-4ec2-8f3b-50c5189d8c5c: addNew group-977D63BB736B:[356d7eb1-3ab0-4ec2-8f3b-50c5189d8c5c:172.17.0.2:42933] returns group-977D63BB736B:java.util.concurrent.CompletableFuture@511bf2d4[Not completed]
2020-05-07 05:22:04,671 [pool-67-thread-1] INFO  server.RaftServerConfigKeys (ConfUtils.java:logGet(44)) - raft.server.log.statemachine.data.caching.enabled = true (custom)
2020-05-07 05:22:04,674 [pool-51-thread-1] INFO  server.RaftServerConfigKeys (ConfUtils.java:logGet(44)) - raft.server.log.statemachine.data.caching.enabled = true (custom)
2020-05-07 05:22:04,676 [pool-35-thread-1] INFO  server.RaftServerConfigKeys (ConfUtils.java:logGet(44)) - raft.server.log.statemachine.data.caching.enabled = true (custom)
2020-05-07 05:22:04,682 [pool-35-thread-1] INFO  segmented.SegmentedRaftLogWorker (SegmentedRaftLogWorker.java:lambda$new$0(129)) - 6f005c5b-3a07-4e39-8538-832f1c829f6a@group-1FD28950E6B0-SegmentedRaftLogWorker: flushIndex: setUnconditionally 0 -> -1
2020-05-07 05:22:04,679 [pool-83-thread-1] INFO  impl.RaftServerImpl (RaftServerImpl.java:<init>(98)) - 356d7eb1-3ab0-4ec2-8f3b-50c5189d8c5c: new RaftServerImpl for group-977D63BB736B:[356d7eb1-3ab0-4ec2-8f3b-50c5189d8c5c:172.17.0.2:42933] with ContainerStateMachine:uninitialized
2020-05-07 05:22:04,678 [pool-51-thread-1] INFO  segmented.SegmentedRaftLogWorker (SegmentedRaftLogWorker.java:lambda$new$0(129)) - ee980e6c-318d-434c-9f48-1477050d6493@group-72B351ACE7BC-SegmentedRaftLogWorker: flushIndex: setUnconditionally 0 -> -1
2020-05-07 05:22:04,678 [pool-67-thread-1] INFO  segmented.SegmentedRaftLogWorker (SegmentedRaftLogWorker.java:lambda$new$0(129)) - 8d9d9f22-1b04-45e7-8887-14f2efe85604@group-B7A64901892C-SegmentedRaftLogWorker: flushIndex: setUnconditionally 0 -> -1
2020-05-07 05:22:04,683 [pool-83-thread-1] INFO  server.RaftServerConfigKeys (ConfUtils.java:logGet(44)) - raft.server.rpc.timeout.min = 5s (custom)
2020-05-07 05:22:04,683 [pool-83-thread-1] INFO  server.RaftServerConfigKeys (ConfUtils.java:logGet(44)) - raft.server.rpc.timeout.max = 5200ms (custom)
2020-05-07 05:22:04,683 [pool-83-thread-1] INFO  server.RaftServerConfigKeys (ConfUtils.java:logGet(44)) - raft.server.rpcslowness.timeout = 300s (custom)
2020-05-07 05:22:04,683 [pool-83-thread-1] INFO  server.RaftServerConfigKeys (ConfUtils.java:logGet(44)) - raft.server.sleep.deviation.threshold = 300 (default)
2020-05-07 05:22:04,683 [pool-83-thread-1] INFO  server.RaftServerConfigKeys (ConfUtils.java:logGet(44)) - raft.server.log.appender.install.snapshot.enabled = false (custom)
2020-05-07 05:22:04,684 [pool-83-thread-1] INFO  impl.RaftServerImpl (ServerState.java:<init>(103)) - 356d7eb1-3ab0-4ec2-8f3b-50c5189d8c5c@group-977D63BB736B: ConfigurationManager, init=-1: [356d7eb1-3ab0-4ec2-8f3b-50c5189d8c5c:172.17.0.2:42933], old=null, confs=<EMPTY_MAP>
2020-05-07 05:22:04,684 [pool-83-thread-1] INFO  server.RaftServerConfigKeys (ConfUtils.java:logGet(44)) - raft.server.storage.dir = [/github/workspace/mnt/ozone/hadoop-ozone/integration-test/target/test-dir/MiniOzoneClusterImpl-05740949-9c22-47e9-931e-531dd4a47486/datanode-3/data/ratis] (custom)
2020-05-07 05:22:04,684 [pool-83-thread-1] INFO  server.RaftServerConfigKeys (ConfUtils.java:logGet(44)) - raft.server.log.corruption.policy = EXCEPTION (default)
2020-05-07 05:22:04,685 [pool-83-thread-1] INFO  storage.RaftStorageDirectory (RaftStorageDirectory.java:analyzeStorage(261)) - The storage directory /github/workspace/mnt/ozone/hadoop-ozone/integration-test/target/test-dir/MiniOzoneClusterImpl-05740949-9c22-47e9-931e-531dd4a47486/datanode-3/data/ratis/1baedc78-9a00-455b-a657-977d63bb736b does not exist. Creating ...
2020-05-07 05:22:04,686 [pool-83-thread-1] INFO  storage.RaftStorageDirectory (RaftStorageDirectory.java:tryLock(343)) - Lock on /github/workspace/mnt/ozone/hadoop-ozone/integration-test/target/test-dir/MiniOzoneClusterImpl-05740949-9c22-47e9-931e-531dd4a47486/datanode-3/data/ratis/1baedc78-9a00-455b-a657-977d63bb736b/in_use.lock acquired by nodename 15437@b2266369218d
2020-05-07 05:22:04,687 [pool-83-thread-1] INFO  storage.RaftStorage (RaftStorage.java:format(84)) - Storage directory /github/workspace/mnt/ozone/hadoop-ozone/integration-test/target/test-dir/MiniOzoneClusterImpl-05740949-9c22-47e9-931e-531dd4a47486/datanode-3/data/ratis/1baedc78-9a00-455b-a657-977d63bb736b has been successfully formatted.
2020-05-07 05:22:04,695 [pool-83-thread-1] INFO  ratis.ContainerStateMachine (ContainerStateMachine.java:loadSnapshot(226)) - group-977D63BB736B: The snapshot info is null. Setting the last applied indexto:(t:0, i:~)
2020-05-07 05:22:04,696 [pool-83-thread-1] INFO  server.RaftServerConfigKeys (ConfUtils.java:logGet(44)) - raft.server.notification.no-leader.timeout = 60s (default)
2020-05-07 05:22:04,696 [pool-83-thread-1] INFO  server.RaftServerConfigKeys (ConfUtils.java:logGet(44)) - raft.server.log.use.memory = false (default)
2020-05-07 05:22:04,696 [pool-83-thread-1] INFO  server.RaftServerConfigKeys (ConfUtils.java:logGet(44)) - raft.server.log.purge.gap = 1000000 (custom)
2020-05-07 05:22:04,696 [pool-83-thread-1] INFO  server.RaftServerConfigKeys (ConfUtils.java:logGet(44)) - raft.server.log.appender.buffer.byte-limit = 33554432 (custom)
2020-05-07 05:22:04,696 [pool-83-thread-1] INFO  server.RaftServerConfigKeys (ConfUtils.java:logGet(44)) - raft.server.log.segment.size.max = 1048576 (custom)
2020-05-07 05:22:04,696 [pool-83-thread-1] INFO  metrics.RatisMetrics (RatisMetrics.java:lambda$create$0(39)) - Creating Metrics Registry : ratis.log_worker.356d7eb1-3ab0-4ec2-8f3b-50c5189d8c5c
2020-05-07 05:22:04,696 [pool-83-thread-1] INFO  server.RaftServerConfigKeys (ConfUtils.java:logGet(44)) - raft.server.log.segment.cache.num.max = 2 (custom)
2020-05-07 05:22:04,696 [pool-83-thread-1] INFO  segmented.SegmentedRaftLogWorker (SegmentedRaftLogWorker.java:<init>(176)) - new 356d7eb1-3ab0-4ec2-8f3b-50c5189d8c5c@group-977D63BB736B-SegmentedRaftLogWorker for RaftStorage:Storage Directory /github/workspace/mnt/ozone/hadoop-ozone/integration-test/target/test-dir/MiniOzoneClusterImpl-05740949-9c22-47e9-931e-531dd4a47486/datanode-3/data/ratis/1baedc78-9a00-455b-a657-977d63bb736b
2020-05-07 05:22:04,696 [pool-83-thread-1] INFO  server.RaftServerConfigKeys (ConfUtils.java:logGet(44)) - raft.server.log.queue.byte-limit = 2147483647 (custom)
2020-05-07 05:22:04,697 [pool-83-thread-1] INFO  server.RaftServerConfigKeys (ConfUtils.java:logGet(44)) - raft.server.log.queue.element-limit = 1024 (custom)
2020-05-07 05:22:04,697 [pool-83-thread-1] INFO  server.RaftServerConfigKeys (ConfUtils.java:logGet(44)) - raft.server.log.segment.size.max = 1048576 (custom)
2020-05-07 05:22:04,697 [pool-83-thread-1] INFO  server.RaftServerConfigKeys (ConfUtils.java:logGet(44)) - raft.server.log.preallocated.size = 16384 (custom)
2020-05-07 05:22:04,697 [pool-83-thread-1] INFO  server.RaftServerConfigKeys (ConfUtils.java:logGet(44)) - raft.server.log.write.buffer.size = 1048576 (custom)
2020-05-07 05:22:04,697 [pool-83-thread-1] INFO  server.RaftServerConfigKeys (ConfUtils.java:logGet(44)) - raft.server.log.force.sync.num = 128 (default)
2020-05-07 05:22:04,697 [pool-83-thread-1] INFO  server.RaftServerConfigKeys (ConfUtils.java:logGet(44)) - raft.server.log.statemachine.data.sync = true (default)
2020-05-07 05:22:04,697 [pool-83-thread-1] INFO  server.RaftServerConfigKeys (ConfUtils.java:logGet(44)) - raft.server.log.statemachine.data.sync.timeout = 10s (default)
2020-05-07 05:22:04,697 [pool-83-thread-1] INFO  server.RaftServerConfigKeys (ConfUtils.java:logGet(44)) - raft.server.log.statemachine.data.sync.timeout.retry = -1 (default)
2020-05-07 05:22:04,700 [pool-67-thread-1] INFO  server.RaftServerConfigKeys (ConfUtils.java:logGet(44)) - raft.server.snapshot.auto.trigger.enabled = true (custom)
2020-05-07 05:22:04,700 [pool-35-thread-1] INFO  server.RaftServerConfigKeys (ConfUtils.java:logGet(44)) - raft.server.snapshot.auto.trigger.enabled = true (custom)
2020-05-07 05:22:04,703 [EventQueue-PipelineReportForPipelineReportHandler] INFO  pipeline.PipelineStateManager (PipelineStateManager.java:openPipeline(131)) - Pipeline Pipeline[ Id: 1baedc78-9a00-455b-a657-977d63bb736b, Nodes: 356d7eb1-3ab0-4ec2-8f3b-50c5189d8c5c{ip: 172.17.0.2, host: b2266369218d, networkLocation: /default-rack, certSerialId: null}, Type:RATIS, Factor:ONE, State:ALLOCATED, leaderId:356d7eb1-3ab0-4ec2-8f3b-50c5189d8c5c, CreationTimestamp2020-05-07T05:22:01.669Z] moved to OPEN state
2020-05-07 05:22:04,704 [EventQueue-OpenPipelineForOneReplicaPipelineSafeModeRule] INFO  safemode.SCMSafeModeManager (SCMSafeModeManager.java:validateSafeModeExitRules(213)) - AtleastOneDatanodeReportedRule rule is successfully validated
2020-05-07 05:22:04,704 [EventQueue-OpenPipelineForHealthyPipelineSafeModeRule] INFO  safemode.SCMSafeModeManager (HealthyPipelineSafeModeRule.java:process(132)) - SCM in safe mode. Healthy pipelines reported count is 0, required healthy pipeline reported count is 1
2020-05-07 05:22:04,705 [pool-35-thread-1] INFO  server.RaftServerConfigKeys (ConfUtils.java:logGet(44)) - raft.server.snapshot.auto.trigger.threshold = 10000 (custom)
2020-05-07 05:22:04,707 [pool-35-thread-1] INFO  server.RaftServerConfigKeys (ConfUtils.java:logGet(44)) - raft.server.snapshot.retention.file.num = 5 (custom)
2020-05-07 05:22:04,708 [pool-83-thread-1] INFO  server.RaftServerConfigKeys (ConfUtils.java:logGet(44)) - raft.server.log.statemachine.data.caching.enabled = true (custom)
2020-05-07 05:22:04,708 [pool-83-thread-1] INFO  segmented.SegmentedRaftLogWorker (SegmentedRaftLogWorker.java:lambda$new$0(129)) - 356d7eb1-3ab0-4ec2-8f3b-50c5189d8c5c@group-977D63BB736B-SegmentedRaftLogWorker: flushIndex: setUnconditionally 0 -> -1
2020-05-07 05:22:04,708 [pool-35-thread-1] INFO  server.RaftServerConfigKeys (ConfUtils.java:logGet(44)) - raft.server.log.purge.upto.snapshot.index = false (default)
2020-05-07 05:22:04,710 [pool-67-thread-1] INFO  server.RaftServerConfigKeys (ConfUtils.java:logGet(44)) - raft.server.snapshot.auto.trigger.threshold = 10000 (custom)
2020-05-07 05:22:04,710 [pool-67-thread-1] INFO  server.RaftServerConfigKeys (ConfUtils.java:logGet(44)) - raft.server.snapshot.retention.file.num = 5 (custom)
2020-05-07 05:22:04,710 [pool-67-thread-1] INFO  server.RaftServerConfigKeys (ConfUtils.java:logGet(44)) - raft.server.log.purge.upto.snapshot.index = false (default)
2020-05-07 05:22:04,710 [pool-83-thread-1] INFO  server.RaftServerConfigKeys (ConfUtils.java:logGet(44)) - raft.server.snapshot.auto.trigger.enabled = true (custom)
2020-05-07 05:22:04,711 [pool-83-thread-1] INFO  server.RaftServerConfigKeys (ConfUtils.java:logGet(44)) - raft.server.snapshot.auto.trigger.threshold = 10000 (custom)
2020-05-07 05:22:04,711 [pool-83-thread-1] INFO  server.RaftServerConfigKeys (ConfUtils.java:logGet(44)) - raft.server.snapshot.retention.file.num = 5 (custom)
2020-05-07 05:22:04,711 [pool-83-thread-1] INFO  server.RaftServerConfigKeys (ConfUtils.java:logGet(44)) - raft.server.log.purge.upto.snapshot.index = false (default)
2020-05-07 05:22:04,711 [pool-83-thread-1] INFO  server.RaftServerConfigKeys (ConfUtils.java:logGet(44)) - raft.server.retrycache.expirytime = 600000ms (custom)
2020-05-07 05:22:04,711 [pool-67-thread-1] INFO  server.RaftServerConfigKeys (ConfUtils.java:logGet(44)) - raft.server.retrycache.expirytime = 600000ms (custom)
2020-05-07 05:22:04,711 [pool-35-thread-1] INFO  server.RaftServerConfigKeys (ConfUtils.java:logGet(44)) - raft.server.retrycache.expirytime = 600000ms (custom)
2020-05-07 05:22:04,711 [pool-51-thread-1] INFO  server.RaftServerConfigKeys (ConfUtils.java:logGet(44)) - raft.server.snapshot.auto.trigger.enabled = true (custom)
2020-05-07 05:22:04,714 [pool-51-thread-1] INFO  server.RaftServerConfigKeys (ConfUtils.java:logGet(44)) - raft.server.snapshot.auto.trigger.threshold = 10000 (custom)
2020-05-07 05:22:04,714 [pool-51-thread-1] INFO  server.RaftServerConfigKeys (ConfUtils.java:logGet(44)) - raft.server.snapshot.retention.file.num = 5 (custom)
2020-05-07 05:22:04,715 [pool-51-thread-1] INFO  server.RaftServerConfigKeys (ConfUtils.java:logGet(44)) - raft.server.log.purge.upto.snapshot.index = false (default)
2020-05-07 05:22:04,715 [pool-51-thread-1] INFO  server.RaftServerConfigKeys (ConfUtils.java:logGet(44)) - raft.server.retrycache.expirytime = 600000ms (custom)
2020-05-07 05:22:04,744 [pool-51-thread-1] INFO  metrics.RatisMetrics (RatisMetrics.java:lambda$create$0(39)) - Creating Metrics Registry : ratis.leader_election.ee980e6c-318d-434c-9f48-1477050d6493@group-72B351ACE7BC
2020-05-07 05:22:04,746 [pool-35-thread-1] INFO  metrics.RatisMetrics (RatisMetrics.java:lambda$create$0(39)) - Creating Metrics Registry : ratis.leader_election.6f005c5b-3a07-4e39-8538-832f1c829f6a@group-1FD28950E6B0
2020-05-07 05:22:04,746 [pool-83-thread-1] INFO  metrics.RatisMetrics (RatisMetrics.java:lambda$create$0(39)) - Creating Metrics Registry : ratis.leader_election.356d7eb1-3ab0-4ec2-8f3b-50c5189d8c5c@group-977D63BB736B
2020-05-07 05:22:04,749 [pool-83-thread-1] INFO  metrics.RatisMetrics (RatisMetrics.java:lambda$create$0(39)) - Creating Metrics Registry : ratis.server.356d7eb1-3ab0-4ec2-8f3b-50c5189d8c5c@group-977D63BB736B
2020-05-07 05:22:04,751 [pool-51-thread-1] INFO  metrics.RatisMetrics (RatisMetrics.java:lambda$create$0(39)) - Creating Metrics Registry : ratis.server.ee980e6c-318d-434c-9f48-1477050d6493@group-72B351ACE7BC
2020-05-07 05:22:04,754 [pool-35-thread-1] INFO  metrics.RatisMetrics (RatisMetrics.java:lambda$create$0(39)) - Creating Metrics Registry : ratis.server.6f005c5b-3a07-4e39-8538-832f1c829f6a@group-1FD28950E6B0
2020-05-07 05:22:04,757 [pool-35-thread-1] INFO  impl.RaftServerImpl (RaftServerImpl.java:start(184)) - 6f005c5b-3a07-4e39-8538-832f1c829f6a@group-1FD28950E6B0: start as a follower, conf=-1: [6f005c5b-3a07-4e39-8538-832f1c829f6a:172.17.0.2:46159], old=null
2020-05-07 05:22:04,758 [pool-83-thread-1] INFO  impl.RaftServerImpl (RaftServerImpl.java:start(184)) - 356d7eb1-3ab0-4ec2-8f3b-50c5189d8c5c@group-977D63BB736B: start as a follower, conf=-1: [356d7eb1-3ab0-4ec2-8f3b-50c5189d8c5c:172.17.0.2:42933], old=null
2020-05-07 05:22:04,763 [pool-35-thread-1] INFO  impl.RaftServerImpl (RaftServerImpl.java:setRole(173)) - 6f005c5b-3a07-4e39-8538-832f1c829f6a@group-1FD28950E6B0: changes role from      null to FOLLOWER at term 0 for startAsFollower
2020-05-07 05:22:04,762 [pool-51-thread-1] INFO  impl.RaftServerImpl (RaftServerImpl.java:start(184)) - ee980e6c-318d-434c-9f48-1477050d6493@group-72B351ACE7BC: start as a follower, conf=-1: [ee980e6c-318d-434c-9f48-1477050d6493:172.17.0.2:43929], old=null
2020-05-07 05:22:04,762 [pool-67-thread-1] INFO  metrics.RatisMetrics (RatisMetrics.java:lambda$create$0(39)) - Creating Metrics Registry : ratis.leader_election.8d9d9f22-1b04-45e7-8887-14f2efe85604@group-B7A64901892C
2020-05-07 05:22:04,770 [pool-67-thread-1] INFO  metrics.RatisMetrics (RatisMetrics.java:lambda$create$0(39)) - Creating Metrics Registry : ratis.server.8d9d9f22-1b04-45e7-8887-14f2efe85604@group-B7A64901892C
2020-05-07 05:22:04,772 [pool-67-thread-1] INFO  impl.RaftServerImpl (RaftServerImpl.java:start(184)) - 8d9d9f22-1b04-45e7-8887-14f2efe85604@group-B7A64901892C: start as a follower, conf=-1: [8d9d9f22-1b04-45e7-8887-14f2efe85604:172.17.0.2:46631], old=null
2020-05-07 05:22:04,772 [pool-67-thread-1] INFO  impl.RaftServerImpl (RaftServerImpl.java:setRole(173)) - 8d9d9f22-1b04-45e7-8887-14f2efe85604@group-B7A64901892C: changes role from      null to FOLLOWER at term 0 for startAsFollower
2020-05-07 05:22:04,772 [pool-51-thread-1] INFO  impl.RaftServerImpl (RaftServerImpl.java:setRole(173)) - ee980e6c-318d-434c-9f48-1477050d6493@group-72B351ACE7BC: changes role from      null to FOLLOWER at term 0 for startAsFollower
2020-05-07 05:22:04,773 [pool-35-thread-1] INFO  impl.RoleInfo (RoleInfo.java:updateAndGet(143)) - 6f005c5b-3a07-4e39-8538-832f1c829f6a: start FollowerState
2020-05-07 05:22:04,773 [pool-83-thread-1] INFO  impl.RaftServerImpl (RaftServerImpl.java:setRole(173)) - 356d7eb1-3ab0-4ec2-8f3b-50c5189d8c5c@group-977D63BB736B: changes role from      null to FOLLOWER at term 0 for startAsFollower
2020-05-07 05:22:04,776 [pool-67-thread-1] INFO  impl.RoleInfo (RoleInfo.java:updateAndGet(143)) - 8d9d9f22-1b04-45e7-8887-14f2efe85604: start FollowerState
2020-05-07 05:22:04,779 [pool-67-thread-1] INFO  util.JmxRegister (JmxRegister.java:tryRegister(44)) - Successfully registered JMX Bean with object name Ratis:service=RaftServer,group=group-B7A64901892C,id=8d9d9f22-1b04-45e7-8887-14f2efe85604
2020-05-07 05:22:04,781 [pool-67-thread-1] INFO  metrics.RatisMetrics (RatisMetrics.java:lambda$create$0(39)) - Creating Metrics Registry : ratis.state_machine.8d9d9f22-1b04-45e7-8887-14f2efe85604@group-B7A64901892C
2020-05-07 05:22:04,782 [pool-51-thread-1] INFO  impl.RoleInfo (RoleInfo.java:updateAndGet(143)) - ee980e6c-318d-434c-9f48-1477050d6493: start FollowerState
2020-05-07 05:22:04,776 [pool-83-thread-1] INFO  impl.RoleInfo (RoleInfo.java:updateAndGet(143)) - 356d7eb1-3ab0-4ec2-8f3b-50c5189d8c5c: start FollowerState
2020-05-07 05:22:04,786 [pool-35-thread-1] INFO  util.JmxRegister (JmxRegister.java:tryRegister(44)) - Successfully registered JMX Bean with object name Ratis:service=RaftServer,group=group-1FD28950E6B0,id=6f005c5b-3a07-4e39-8538-832f1c829f6a
2020-05-07 05:22:04,786 [pool-51-thread-1] INFO  util.JmxRegister (JmxRegister.java:tryRegister(44)) - Successfully registered JMX Bean with object name Ratis:service=RaftServer,group=group-72B351ACE7BC,id=ee980e6c-318d-434c-9f48-1477050d6493
2020-05-07 05:22:04,787 [pool-35-thread-1] INFO  metrics.RatisMetrics (RatisMetrics.java:lambda$create$0(39)) - Creating Metrics Registry : ratis.state_machine.6f005c5b-3a07-4e39-8538-832f1c829f6a@group-1FD28950E6B0
2020-05-07 05:22:04,787 [pool-51-thread-1] INFO  metrics.RatisMetrics (RatisMetrics.java:lambda$create$0(39)) - Creating Metrics Registry : ratis.state_machine.ee980e6c-318d-434c-9f48-1477050d6493@group-72B351ACE7BC
2020-05-07 05:22:04,796 [pool-83-thread-1] INFO  util.JmxRegister (JmxRegister.java:tryRegister(44)) - Successfully registered JMX Bean with object name Ratis:service=RaftServer,group=group-977D63BB736B,id=356d7eb1-3ab0-4ec2-8f3b-50c5189d8c5c
2020-05-07 05:22:04,796 [pool-83-thread-1] INFO  metrics.RatisMetrics (RatisMetrics.java:lambda$create$0(39)) - Creating Metrics Registry : ratis.state_machine.356d7eb1-3ab0-4ec2-8f3b-50c5189d8c5c@group-977D63BB736B
2020-05-07 05:22:04,813 [Command processor thread] INFO  commandhandler.CreatePipelineCommandHandler (CreatePipelineCommandHandler.java:handle(109)) - Created Pipeline RATIS ONE #id: "f1b646e8-5a05-4ebc-8759-1fd28950e6b0"
.
2020-05-07 05:22:04,813 [Command processor thread] INFO  impl.RaftServerProxy (RaftServerProxy.java:addNew(89)) - 6f005c5b-3a07-4e39-8538-832f1c829f6a: addNew group-A78D897FDF61:[ee980e6c-318d-434c-9f48-1477050d6493:172.17.0.2:43929, 8d9d9f22-1b04-45e7-8887-14f2efe85604:172.17.0.2:46631, 6f005c5b-3a07-4e39-8538-832f1c829f6a:172.17.0.2:46159] returns group-A78D897FDF61:java.util.concurrent.CompletableFuture@3fed35c8[Not completed]
2020-05-07 05:22:04,815 [Command processor thread] INFO  impl.RaftServerProxy (RaftServerProxy.java:addNew(89)) - 434ad7a6-f62e-4a93-a110-3f74aeb448b2: addNew group-C24D3E6F2A72:[434ad7a6-f62e-4a93-a110-3f74aeb448b2:172.17.0.2:45361] returns group-C24D3E6F2A72:java.util.concurrent.CompletableFuture@54e41b31[Not completed]
2020-05-07 05:22:04,818 [Command processor thread] INFO  commandhandler.CreatePipelineCommandHandler (CreatePipelineCommandHandler.java:handle(109)) - Created Pipeline RATIS ONE #id: "1baedc78-9a00-455b-a657-977d63bb736b"
.
2020-05-07 05:22:04,819 [Command processor thread] INFO  impl.RaftServerProxy (RaftServerProxy.java:addNew(89)) - 356d7eb1-3ab0-4ec2-8f3b-50c5189d8c5c: addNew group-766E59C4AC00:[356d7eb1-3ab0-4ec2-8f3b-50c5189d8c5c:172.17.0.2:42933, 0e39abeb-e09f-4467-b548-2c183be5bccb:172.17.0.2:38085, 434ad7a6-f62e-4a93-a110-3f74aeb448b2:172.17.0.2:45361] returns group-766E59C4AC00:java.util.concurrent.CompletableFuture@2f7f735b[Not completed]
2020-05-07 05:22:04,819 [Command processor thread] INFO  commandhandler.CreatePipelineCommandHandler (CreatePipelineCommandHandler.java:handle(109)) - Created Pipeline RATIS ONE #id: "d32e0148-1824-4b14-8130-b7a64901892c"
.
2020-05-07 05:22:04,819 [Command processor thread] INFO  impl.RaftServerProxy (RaftServerProxy.java:addNew(89)) - 8d9d9f22-1b04-45e7-8887-14f2efe85604: addNew group-A78D897FDF61:[ee980e6c-318d-434c-9f48-1477050d6493:172.17.0.2:43929, 8d9d9f22-1b04-45e7-8887-14f2efe85604:172.17.0.2:46631, 6f005c5b-3a07-4e39-8538-832f1c829f6a:172.17.0.2:46159] returns group-A78D897FDF61:java.util.concurrent.CompletableFuture@418886a5[Not completed]
2020-05-07 05:22:04,823 [pool-35-thread-1] INFO  impl.RaftServerImpl (RaftServerImpl.java:<init>(98)) - 6f005c5b-3a07-4e39-8538-832f1c829f6a: new RaftServerImpl for group-A78D897FDF61:[ee980e6c-318d-434c-9f48-1477050d6493:172.17.0.2:43929, 8d9d9f22-1b04-45e7-8887-14f2efe85604:172.17.0.2:46631, 6f005c5b-3a07-4e39-8538-832f1c829f6a:172.17.0.2:46159] with ContainerStateMachine:uninitialized
2020-05-07 05:22:04,823 [pool-35-thread-1] INFO  server.RaftServerConfigKeys (ConfUtils.java:logGet(44)) - raft.server.rpc.timeout.min = 5s (custom)
2020-05-07 05:22:04,823 [pool-35-thread-1] INFO  server.RaftServerConfigKeys (ConfUtils.java:logGet(44)) - raft.server.rpc.timeout.max = 5200ms (custom)
2020-05-07 05:22:04,823 [pool-35-thread-1] INFO  server.RaftServerConfigKeys (ConfUtils.java:logGet(44)) - raft.server.rpcslowness.timeout = 300s (custom)
2020-05-07 05:22:04,823 [pool-35-thread-1] INFO  server.RaftServerConfigKeys (ConfUtils.java:logGet(44)) - raft.server.sleep.deviation.threshold = 300 (default)
2020-05-07 05:22:04,823 [pool-35-thread-1] INFO  server.RaftServerConfigKeys (ConfUtils.java:logGet(44)) - raft.server.log.appender.install.snapshot.enabled = false (custom)
2020-05-07 05:22:04,823 [pool-35-thread-1] INFO  impl.RaftServerImpl (ServerState.java:<init>(103)) - 6f005c5b-3a07-4e39-8538-832f1c829f6a@group-A78D897FDF61: ConfigurationManager, init=-1: [ee980e6c-318d-434c-9f48-1477050d6493:172.17.0.2:43929, 8d9d9f22-1b04-45e7-8887-14f2efe85604:172.17.0.2:46631, 6f005c5b-3a07-4e39-8538-832f1c829f6a:172.17.0.2:46159], old=null, confs=<EMPTY_MAP>
2020-05-07 05:22:04,824 [pool-35-thread-1] INFO  server.RaftServerConfigKeys (ConfUtils.java:logGet(44)) - raft.server.storage.dir = [/github/workspace/mnt/ozone/hadoop-ozone/integration-test/target/test-dir/MiniOzoneClusterImpl-05740949-9c22-47e9-931e-531dd4a47486/datanode-0/data/ratis] (custom)
2020-05-07 05:22:04,824 [pool-35-thread-1] INFO  server.RaftServerConfigKeys (ConfUtils.java:logGet(44)) - raft.server.log.corruption.policy = EXCEPTION (default)
2020-05-07 05:22:04,824 [pool-35-thread-1] INFO  storage.RaftStorageDirectory (RaftStorageDirectory.java:analyzeStorage(261)) - The storage directory /github/workspace/mnt/ozone/hadoop-ozone/integration-test/target/test-dir/MiniOzoneClusterImpl-05740949-9c22-47e9-931e-531dd4a47486/datanode-0/data/ratis/e1731129-1291-4c31-b202-a78d897fdf61 does not exist. Creating ...
2020-05-07 05:22:04,814 [Command processor thread] INFO  commandhandler.CreatePipelineCommandHandler (CreatePipelineCommandHandler.java:handle(109)) - Created Pipeline RATIS ONE #id: "47104fb9-e890-4668-b41a-72b351ace7bc"
.
2020-05-07 05:22:04,825 [Command processor thread] INFO  impl.RaftServerProxy (RaftServerProxy.java:addNew(89)) - ee980e6c-318d-434c-9f48-1477050d6493: addNew group-A78D897FDF61:[ee980e6c-318d-434c-9f48-1477050d6493:172.17.0.2:43929, 8d9d9f22-1b04-45e7-8887-14f2efe85604:172.17.0.2:46631, 6f005c5b-3a07-4e39-8538-832f1c829f6a:172.17.0.2:46159] returns group-A78D897FDF61:java.util.concurrent.CompletableFuture@6876acc3[Not completed]
2020-05-07 05:22:04,826 [pool-67-thread-1] INFO  impl.RaftServerImpl (RaftServerImpl.java:<init>(98)) - 8d9d9f22-1b04-45e7-8887-14f2efe85604: new RaftServerImpl for group-A78D897FDF61:[ee980e6c-318d-434c-9f48-1477050d6493:172.17.0.2:43929, 8d9d9f22-1b04-45e7-8887-14f2efe85604:172.17.0.2:46631, 6f005c5b-3a07-4e39-8538-832f1c829f6a:172.17.0.2:46159] with ContainerStateMachine:uninitialized
2020-05-07 05:22:04,826 [pool-67-thread-1] INFO  server.RaftServerConfigKeys (ConfUtils.java:logGet(44)) - raft.server.rpc.timeout.min = 5s (custom)
2020-05-07 05:22:04,826 [pool-51-thread-1] INFO  impl.RaftServerImpl (RaftServerImpl.java:<init>(98)) - ee980e6c-318d-434c-9f48-1477050d6493: new RaftServerImpl for group-A78D897FDF61:[ee980e6c-318d-434c-9f48-1477050d6493:172.17.0.2:43929, 8d9d9f22-1b04-45e7-8887-14f2efe85604:172.17.0.2:46631, 6f005c5b-3a07-4e39-8538-832f1c829f6a:172.17.0.2:46159] with ContainerStateMachine:uninitialized
2020-05-07 05:22:04,826 [pool-67-thread-1] INFO  server.RaftServerConfigKeys (ConfUtils.java:logGet(44)) - raft.server.rpc.timeout.max = 5200ms (custom)
2020-05-07 05:22:04,826 [pool-51-thread-1] INFO  server.RaftServerConfigKeys (ConfUtils.java:logGet(44)) - raft.server.rpc.timeout.min = 5s (custom)
2020-05-07 05:22:04,826 [pool-51-thread-1] INFO  server.RaftServerConfigKeys (ConfUtils.java:logGet(44)) - raft.server.rpc.timeout.max = 5200ms (custom)
2020-05-07 05:22:04,826 [pool-51-thread-1] INFO  server.RaftServerConfigKeys (ConfUtils.java:logGet(44)) - raft.server.rpcslowness.timeout = 300s (custom)
2020-05-07 05:22:04,826 [pool-51-thread-1] INFO  server.RaftServerConfigKeys (ConfUtils.java:logGet(44)) - raft.server.sleep.deviation.threshold = 300 (default)
2020-05-07 05:22:04,826 [pool-51-thread-1] INFO  server.RaftServerConfigKeys (ConfUtils.java:logGet(44)) - raft.server.log.appender.install.snapshot.enabled = false (custom)
2020-05-07 05:22:04,826 [pool-51-thread-1] INFO  impl.RaftServerImpl (ServerState.java:<init>(103)) - ee980e6c-318d-434c-9f48-1477050d6493@group-A78D897FDF61: ConfigurationManager, init=-1: [ee980e6c-318d-434c-9f48-1477050d6493:172.17.0.2:43929, 8d9d9f22-1b04-45e7-8887-14f2efe85604:172.17.0.2:46631, 6f005c5b-3a07-4e39-8538-832f1c829f6a:172.17.0.2:46159], old=null, confs=<EMPTY_MAP>
2020-05-07 05:22:04,827 [pool-51-thread-1] INFO  server.RaftServerConfigKeys (ConfUtils.java:logGet(44)) - raft.server.storage.dir = [/github/workspace/mnt/ozone/hadoop-ozone/integration-test/target/test-dir/MiniOzoneClusterImpl-05740949-9c22-47e9-931e-531dd4a47486/datanode-1/data/ratis] (custom)
2020-05-07 05:22:04,827 [pool-51-thread-1] INFO  server.RaftServerConfigKeys (ConfUtils.java:logGet(44)) - raft.server.log.corruption.policy = EXCEPTION (default)
2020-05-07 05:22:04,827 [pool-51-thread-1] INFO  storage.RaftStorageDirectory (RaftStorageDirectory.java:analyzeStorage(261)) - The storage directory /github/workspace/mnt/ozone/hadoop-ozone/integration-test/target/test-dir/MiniOzoneClusterImpl-05740949-9c22-47e9-931e-531dd4a47486/datanode-1/data/ratis/e1731129-1291-4c31-b202-a78d897fdf61 does not exist. Creating ...
2020-05-07 05:22:04,826 [pool-67-thread-1] INFO  server.RaftServerConfigKeys (ConfUtils.java:logGet(44)) - raft.server.rpcslowness.timeout = 300s (custom)
2020-05-07 05:22:04,827 [pool-67-thread-1] INFO  server.RaftServerConfigKeys (ConfUtils.java:logGet(44)) - raft.server.sleep.deviation.threshold = 300 (default)
2020-05-07 05:22:04,827 [pool-67-thread-1] INFO  server.RaftServerConfigKeys (ConfUtils.java:logGet(44)) - raft.server.log.appender.install.snapshot.enabled = false (custom)
2020-05-07 05:22:04,827 [pool-67-thread-1] INFO  impl.RaftServerImpl (ServerState.java:<init>(103)) - 8d9d9f22-1b04-45e7-8887-14f2efe85604@group-A78D897FDF61: ConfigurationManager, init=-1: [ee980e6c-318d-434c-9f48-1477050d6493:172.17.0.2:43929, 8d9d9f22-1b04-45e7-8887-14f2efe85604:172.17.0.2:46631, 6f005c5b-3a07-4e39-8538-832f1c829f6a:172.17.0.2:46159], old=null, confs=<EMPTY_MAP>
2020-05-07 05:22:04,827 [pool-67-thread-1] INFO  server.RaftServerConfigKeys (ConfUtils.java:logGet(44)) - raft.server.storage.dir = [/github/workspace/mnt/ozone/hadoop-ozone/integration-test/target/test-dir/MiniOzoneClusterImpl-05740949-9c22-47e9-931e-531dd4a47486/datanode-2/data/ratis] (custom)
2020-05-07 05:22:04,827 [pool-83-thread-1] INFO  impl.RaftServerImpl (RaftServerImpl.java:<init>(98)) - 356d7eb1-3ab0-4ec2-8f3b-50c5189d8c5c: new RaftServerImpl for group-766E59C4AC00:[356d7eb1-3ab0-4ec2-8f3b-50c5189d8c5c:172.17.0.2:42933, 0e39abeb-e09f-4467-b548-2c183be5bccb:172.17.0.2:38085, 434ad7a6-f62e-4a93-a110-3f74aeb448b2:172.17.0.2:45361] with ContainerStateMachine:uninitialized
2020-05-07 05:22:04,828 [pool-83-thread-1] INFO  server.RaftServerConfigKeys (ConfUtils.java:logGet(44)) - raft.server.rpc.timeout.min = 5s (custom)
2020-05-07 05:22:04,828 [pool-83-thread-1] INFO  server.RaftServerConfigKeys (ConfUtils.java:logGet(44)) - raft.server.rpc.timeout.max = 5200ms (custom)
2020-05-07 05:22:04,828 [pool-35-thread-1] INFO  storage.RaftStorageDirectory (RaftStorageDirectory.java:tryLock(343)) - Lock on /github/workspace/mnt/ozone/hadoop-ozone/integration-test/target/test-dir/MiniOzoneClusterImpl-05740949-9c22-47e9-931e-531dd4a47486/datanode-0/data/ratis/e1731129-1291-4c31-b202-a78d897fdf61/in_use.lock acquired by nodename 15437@b2266369218d
2020-05-07 05:22:04,828 [pool-67-thread-1] INFO  server.RaftServerConfigKeys (ConfUtils.java:logGet(44)) - raft.server.log.corruption.policy = EXCEPTION (default)
2020-05-07 05:22:04,828 [pool-67-thread-1] INFO  storage.RaftStorageDirectory (RaftStorageDirectory.java:analyzeStorage(261)) - The storage directory /github/workspace/mnt/ozone/hadoop-ozone/integration-test/target/test-dir/MiniOzoneClusterImpl-05740949-9c22-47e9-931e-531dd4a47486/datanode-2/data/ratis/e1731129-1291-4c31-b202-a78d897fdf61 does not exist. Creating ...
2020-05-07 05:22:04,828 [pool-51-thread-1] INFO  storage.RaftStorageDirectory (RaftStorageDirectory.java:tryLock(343)) - Lock on /github/workspace/mnt/ozone/hadoop-ozone/integration-test/target/test-dir/MiniOzoneClusterImpl-05740949-9c22-47e9-931e-531dd4a47486/datanode-1/data/ratis/e1731129-1291-4c31-b202-a78d897fdf61/in_use.lock acquired by nodename 15437@b2266369218d
2020-05-07 05:22:04,828 [pool-83-thread-1] INFO  server.RaftServerConfigKeys (ConfUtils.java:logGet(44)) - raft.server.rpcslowness.timeout = 300s (custom)
2020-05-07 05:22:04,829 [pool-83-thread-1] INFO  server.RaftServerConfigKeys (ConfUtils.java:logGet(44)) - raft.server.sleep.deviation.threshold = 300 (default)
2020-05-07 05:22:04,829 [pool-83-thread-1] INFO  server.RaftServerConfigKeys (ConfUtils.java:logGet(44)) - raft.server.log.appender.install.snapshot.enabled = false (custom)
2020-05-07 05:22:04,829 [pool-83-thread-1] INFO  impl.RaftServerImpl (ServerState.java:<init>(103)) - 356d7eb1-3ab0-4ec2-8f3b-50c5189d8c5c@group-766E59C4AC00: ConfigurationManager, init=-1: [356d7eb1-3ab0-4ec2-8f3b-50c5189d8c5c:172.17.0.2:42933, 0e39abeb-e09f-4467-b548-2c183be5bccb:172.17.0.2:38085, 434ad7a6-f62e-4a93-a110-3f74aeb448b2:172.17.0.2:45361], old=null, confs=<EMPTY_MAP>
2020-05-07 05:22:04,829 [pool-83-thread-1] INFO  server.RaftServerConfigKeys (ConfUtils.java:logGet(44)) - raft.server.storage.dir = [/github/workspace/mnt/ozone/hadoop-ozone/integration-test/target/test-dir/MiniOzoneClusterImpl-05740949-9c22-47e9-931e-531dd4a47486/datanode-3/data/ratis] (custom)
2020-05-07 05:22:04,829 [pool-83-thread-1] INFO  server.RaftServerConfigKeys (ConfUtils.java:logGet(44)) - raft.server.log.corruption.policy = EXCEPTION (default)
2020-05-07 05:22:04,830 [pool-83-thread-1] INFO  storage.RaftStorageDirectory (RaftStorageDirectory.java:analyzeStorage(261)) - The storage directory /github/workspace/mnt/ozone/hadoop-ozone/integration-test/target/test-dir/MiniOzoneClusterImpl-05740949-9c22-47e9-931e-531dd4a47486/datanode-3/data/ratis/77a9c724-781f-44c6-80c6-766e59c4ac00 does not exist. Creating ...
2020-05-07 05:22:04,830 [pool-67-thread-1] INFO  storage.RaftStorageDirectory (RaftStorageDirectory.java:tryLock(343)) - Lock on /github/workspace/mnt/ozone/hadoop-ozone/integration-test/target/test-dir/MiniOzoneClusterImpl-05740949-9c22-47e9-931e-531dd4a47486/datanode-2/data/ratis/e1731129-1291-4c31-b202-a78d897fdf61/in_use.lock acquired by nodename 15437@b2266369218d
2020-05-07 05:22:04,830 [pool-51-thread-1] INFO  storage.RaftStorage (RaftStorage.java:format(84)) - Storage directory /github/workspace/mnt/ozone/hadoop-ozone/integration-test/target/test-dir/MiniOzoneClusterImpl-05740949-9c22-47e9-931e-531dd4a47486/datanode-1/data/ratis/e1731129-1291-4c31-b202-a78d897fdf61 has been successfully formatted.
2020-05-07 05:22:04,831 [pool-83-thread-1] INFO  storage.RaftStorageDirectory (RaftStorageDirectory.java:tryLock(343)) - Lock on /github/workspace/mnt/ozone/hadoop-ozone/integration-test/target/test-dir/MiniOzoneClusterImpl-05740949-9c22-47e9-931e-531dd4a47486/datanode-3/data/ratis/77a9c724-781f-44c6-80c6-766e59c4ac00/in_use.lock acquired by nodename 15437@b2266369218d
2020-05-07 05:22:04,832 [pool-35-thread-1] INFO  storage.RaftStorage (RaftStorage.java:format(84)) - Storage directory /github/workspace/mnt/ozone/hadoop-ozone/integration-test/target/test-dir/MiniOzoneClusterImpl-05740949-9c22-47e9-931e-531dd4a47486/datanode-0/data/ratis/e1731129-1291-4c31-b202-a78d897fdf61 has been successfully formatted.
2020-05-07 05:22:04,832 [pool-51-thread-1] INFO  ratis.ContainerStateMachine (ContainerStateMachine.java:loadSnapshot(226)) - group-A78D897FDF61: The snapshot info is null. Setting the last applied indexto:(t:0, i:~)
2020-05-07 05:22:04,832 [pool-51-thread-1] INFO  server.RaftServerConfigKeys (ConfUtils.java:logGet(44)) - raft.server.notification.no-leader.timeout = 60s (default)
2020-05-07 05:22:04,832 [pool-51-thread-1] INFO  server.RaftServerConfigKeys (ConfUtils.java:logGet(44)) - raft.server.log.use.memory = false (default)
2020-05-07 05:22:04,831 [pool-67-thread-1] INFO  storage.RaftStorage (RaftStorage.java:format(84)) - Storage directory /github/workspace/mnt/ozone/hadoop-ozone/integration-test/target/test-dir/MiniOzoneClusterImpl-05740949-9c22-47e9-931e-531dd4a47486/datanode-2/data/ratis/e1731129-1291-4c31-b202-a78d897fdf61 has been successfully formatted.
2020-05-07 05:22:04,832 [pool-35-thread-1] INFO  ratis.ContainerStateMachine (ContainerStateMachine.java:loadSnapshot(226)) - group-A78D897FDF61: The snapshot info is null. Setting the last applied indexto:(t:0, i:~)
2020-05-07 05:22:04,832 [pool-35-thread-1] INFO  server.RaftServerConfigKeys (ConfUtils.java:logGet(44)) - raft.server.notification.no-leader.timeout = 60s (default)
2020-05-07 05:22:04,832 [pool-35-thread-1] INFO  server.RaftServerConfigKeys (ConfUtils.java:logGet(44)) - raft.server.log.use.memory = false (default)
2020-05-07 05:22:04,833 [pool-35-thread-1] INFO  server.RaftServerConfigKeys (ConfUtils.java:logGet(44)) - raft.server.log.purge.gap = 1000000 (custom)
2020-05-07 05:22:04,833 [pool-67-thread-1] INFO  ratis.ContainerStateMachine (ContainerStateMachine.java:loadSnapshot(226)) - group-A78D897FDF61: The snapshot info is null. Setting the last applied indexto:(t:0, i:~)
2020-05-07 05:22:04,833 [pool-67-thread-1] INFO  server.RaftServerConfigKeys (ConfUtils.java:logGet(44)) - raft.server.notification.no-leader.timeout = 60s (default)
2020-05-07 05:22:04,832 [pool-51-thread-1] INFO  server.RaftServerConfigKeys (ConfUtils.java:logGet(44)) - raft.server.log.purge.gap = 1000000 (custom)
2020-05-07 05:22:04,835 [pool-51-thread-1] INFO  server.RaftServerConfigKeys (ConfUtils.java:logGet(44)) - raft.server.log.appender.buffer.byte-limit = 33554432 (custom)
2020-05-07 05:22:04,835 [pool-51-thread-1] INFO  server.RaftServerConfigKeys (ConfUtils.java:logGet(44)) - raft.server.log.segment.size.max = 1048576 (custom)
2020-05-07 05:22:04,834 [pool-67-thread-1] INFO  server.RaftServerConfigKeys (ConfUtils.java:logGet(44)) - raft.server.log.use.memory = false (default)
2020-05-07 05:22:04,834 [pool-35-thread-1] INFO  server.RaftServerConfigKeys (ConfUtils.java:logGet(44)) - raft.server.log.appender.buffer.byte-limit = 33554432 (custom)
2020-05-07 05:22:04,838 [pool-35-thread-1] INFO  server.RaftServerConfigKeys (ConfUtils.java:logGet(44)) - raft.server.log.segment.size.max = 1048576 (custom)
2020-05-07 05:22:04,838 [pool-35-thread-1] INFO  server.RaftServerConfigKeys (ConfUtils.java:logGet(44)) - raft.server.log.segment.cache.num.max = 2 (custom)
2020-05-07 05:22:04,838 [pool-35-thread-1] INFO  segmented.SegmentedRaftLogWorker (SegmentedRaftLogWorker.java:<init>(176)) - new 6f005c5b-3a07-4e39-8538-832f1c829f6a@group-A78D897FDF61-SegmentedRaftLogWorker for RaftStorage:Storage Directory /github/workspace/mnt/ozone/hadoop-ozone/integration-test/target/test-dir/MiniOzoneClusterImpl-05740949-9c22-47e9-931e-531dd4a47486/datanode-0/data/ratis/e1731129-1291-4c31-b202-a78d897fdf61
2020-05-07 05:22:04,838 [pool-35-thread-1] INFO  server.RaftServerConfigKeys (ConfUtils.java:logGet(44)) - raft.server.log.queue.byte-limit = 2147483647 (custom)
2020-05-07 05:22:04,838 [pool-35-thread-1] INFO  server.RaftServerConfigKeys (ConfUtils.java:logGet(44)) - raft.server.log.queue.element-limit = 1024 (custom)
2020-05-07 05:22:04,838 [pool-35-thread-1] INFO  server.RaftServerConfigKeys (ConfUtils.java:logGet(44)) - raft.server.log.segment.size.max = 1048576 (custom)
2020-05-07 05:22:04,838 [pool-35-thread-1] INFO  server.RaftServerConfigKeys (ConfUtils.java:logGet(44)) - raft.server.log.preallocated.size = 16384 (custom)
2020-05-07 05:22:04,839 [pool-35-thread-1] INFO  server.RaftServerConfigKeys (ConfUtils.java:logGet(44)) - raft.server.log.write.buffer.size = 1048576 (custom)
2020-05-07 05:22:04,839 [pool-35-thread-1] INFO  server.RaftServerConfigKeys (ConfUtils.java:logGet(44)) - raft.server.log.force.sync.num = 128 (default)
2020-05-07 05:22:04,839 [pool-35-thread-1] INFO  server.RaftServerConfigKeys (ConfUtils.java:logGet(44)) - raft.server.log.statemachine.data.sync = true (default)
2020-05-07 05:22:04,839 [pool-35-thread-1] INFO  server.RaftServerConfigKeys (ConfUtils.java:logGet(44)) - raft.server.log.statemachine.data.sync.timeout = 10s (default)
2020-05-07 05:22:04,839 [pool-35-thread-1] INFO  server.RaftServerConfigKeys (ConfUtils.java:logGet(44)) - raft.server.log.statemachine.data.sync.timeout.retry = -1 (default)
2020-05-07 05:22:04,834 [pool-83-thread-1] INFO  storage.RaftStorage (RaftStorage.java:format(84)) - Storage directory /github/workspace/mnt/ozone/hadoop-ozone/integration-test/target/test-dir/MiniOzoneClusterImpl-05740949-9c22-47e9-931e-531dd4a47486/datanode-3/data/ratis/77a9c724-781f-44c6-80c6-766e59c4ac00 has been successfully formatted.
2020-05-07 05:22:04,839 [pool-99-thread-1] INFO  impl.RaftServerImpl (RaftServerImpl.java:<init>(98)) - 434ad7a6-f62e-4a93-a110-3f74aeb448b2: new RaftServerImpl for group-C24D3E6F2A72:[434ad7a6-f62e-4a93-a110-3f74aeb448b2:172.17.0.2:45361] with ContainerStateMachine:uninitialized
2020-05-07 05:22:04,838 [pool-67-thread-1] INFO  server.RaftServerConfigKeys (ConfUtils.java:logGet(44)) - raft.server.log.purge.gap = 1000000 (custom)
2020-05-07 05:22:04,840 [pool-67-thread-1] INFO  server.RaftServerConfigKeys (ConfUtils.java:logGet(44)) - raft.server.log.appender.buffer.byte-limit = 33554432 (custom)
2020-05-07 05:22:04,835 [pool-51-thread-1] INFO  server.RaftServerConfigKeys (ConfUtils.java:logGet(44)) - raft.server.log.segment.cache.num.max = 2 (custom)
2020-05-07 05:22:04,841 [pool-51-thread-1] INFO  segmented.SegmentedRaftLogWorker (SegmentedRaftLogWorker.java:<init>(176)) - new ee980e6c-318d-434c-9f48-1477050d6493@group-A78D897FDF61-SegmentedRaftLogWorker for RaftStorage:Storage Directory /github/workspace/mnt/ozone/hadoop-ozone/integration-test/target/test-dir/MiniOzoneClusterImpl-05740949-9c22-47e9-931e-531dd4a47486/datanode-1/data/ratis/e1731129-1291-4c31-b202-a78d897fdf61
2020-05-07 05:22:04,841 [pool-51-thread-1] INFO  server.RaftServerConfigKeys (ConfUtils.java:logGet(44)) - raft.server.log.queue.byte-limit = 2147483647 (custom)
2020-05-07 05:22:04,841 [pool-51-thread-1] INFO  server.RaftServerConfigKeys (ConfUtils.java:logGet(44)) - raft.server.log.queue.element-limit = 1024 (custom)
2020-05-07 05:22:04,841 [pool-51-thread-1] INFO  server.RaftServerConfigKeys (ConfUtils.java:logGet(44)) - raft.server.log.segment.size.max = 1048576 (custom)
2020-05-07 05:22:04,841 [pool-51-thread-1] INFO  server.RaftServerConfigKeys (ConfUtils.java:logGet(44)) - raft.server.log.preallocated.size = 16384 (custom)
2020-05-07 05:22:04,841 [pool-51-thread-1] INFO  server.RaftServerConfigKeys (ConfUtils.java:logGet(44)) - raft.server.log.write.buffer.size = 1048576 (custom)
2020-05-07 05:22:04,841 [pool-51-thread-1] INFO  server.RaftServerConfigKeys (ConfUtils.java:logGet(44)) - raft.server.log.force.sync.num = 128 (default)
2020-05-07 05:22:04,841 [pool-51-thread-1] INFO  server.RaftServerConfigKeys (ConfUtils.java:logGet(44)) - raft.server.log.statemachine.data.sync = true (default)
2020-05-07 05:22:04,841 [pool-51-thread-1] INFO  server.RaftServerConfigKeys (ConfUtils.java:logGet(44)) - raft.server.log.statemachine.data.sync.timeout = 10s (default)
2020-05-07 05:22:04,842 [pool-51-thread-1] INFO  server.RaftServerConfigKeys (ConfUtils.java:logGet(44)) - raft.server.log.statemachine.data.sync.timeout.retry = -1 (default)
2020-05-07 05:22:04,842 [pool-51-thread-1] INFO  server.RaftServerConfigKeys (ConfUtils.java:logGet(44)) - raft.server.log.statemachine.data.caching.enabled = true (custom)
2020-05-07 05:22:04,842 [pool-51-thread-1] INFO  segmented.SegmentedRaftLogWorker (SegmentedRaftLogWorker.java:lambda$new$0(129)) - ee980e6c-318d-434c-9f48-1477050d6493@group-A78D897FDF61-SegmentedRaftLogWorker: flushIndex: setUnconditionally 0 -> -1
2020-05-07 05:22:04,840 [pool-35-thread-1] INFO  server.RaftServerConfigKeys (ConfUtils.java:logGet(44)) - raft.server.log.statemachine.data.caching.enabled = true (custom)
2020-05-07 05:22:04,843 [pool-35-thread-1] INFO  segmented.SegmentedRaftLogWorker (SegmentedRaftLogWorker.java:lambda$new$0(129)) - 6f005c5b-3a07-4e39-8538-832f1c829f6a@group-A78D897FDF61-SegmentedRaftLogWorker: flushIndex: setUnconditionally 0 -> -1
2020-05-07 05:22:04,840 [pool-83-thread-1] INFO  ratis.ContainerStateMachine (ContainerStateMachine.java:loadSnapshot(226)) - group-766E59C4AC00: The snapshot info is null. Setting the last applied indexto:(t:0, i:~)
2020-05-07 05:22:04,841 [pool-99-thread-1] INFO  server.RaftServerConfigKeys (ConfUtils.java:logGet(44)) - raft.server.rpc.timeout.min = 5s (custom)
2020-05-07 05:22:04,841 [pool-67-thread-1] INFO  server.RaftServerConfigKeys (ConfUtils.java:logGet(44)) - raft.server.log.segment.size.max = 1048576 (custom)
2020-05-07 05:22:04,843 [pool-83-thread-1] INFO  server.RaftServerConfigKeys (ConfUtils.java:logGet(44)) - raft.server.notification.no-leader.timeout = 60s (default)
2020-05-07 05:22:04,843 [pool-67-thread-1] INFO  server.RaftServerConfigKeys (ConfUtils.java:logGet(44)) - raft.server.log.segment.cache.num.max = 2 (custom)
2020-05-07 05:22:04,843 [pool-83-thread-1] INFO  server.RaftServerConfigKeys (ConfUtils.java:logGet(44)) - raft.server.log.use.memory = false (default)
2020-05-07 05:22:04,843 [pool-83-thread-1] INFO  server.RaftServerConfigKeys (ConfUtils.java:logGet(44)) - raft.server.log.purge.gap = 1000000 (custom)
2020-05-07 05:22:04,844 [pool-83-thread-1] INFO  server.RaftServerConfigKeys (ConfUtils.java:logGet(44)) - raft.server.log.appender.buffer.byte-limit = 33554432 (custom)
2020-05-07 05:22:04,844 [pool-83-thread-1] INFO  server.RaftServerConfigKeys (ConfUtils.java:logGet(44)) - raft.server.log.segment.size.max = 1048576 (custom)
2020-05-07 05:22:04,844 [pool-83-thread-1] INFO  server.RaftServerConfigKeys (ConfUtils.java:logGet(44)) - raft.server.log.segment.cache.num.max = 2 (custom)
2020-05-07 05:22:04,844 [pool-83-thread-1] INFO  segmented.SegmentedRaftLogWorker (SegmentedRaftLogWorker.java:<init>(176)) - new 356d7eb1-3ab0-4ec2-8f3b-50c5189d8c5c@group-766E59C4AC00-SegmentedRaftLogWorker for RaftStorage:Storage Directory /github/workspace/mnt/ozone/hadoop-ozone/integration-test/target/test-dir/MiniOzoneClusterImpl-05740949-9c22-47e9-931e-531dd4a47486/datanode-3/data/ratis/77a9c724-781f-44c6-80c6-766e59c4ac00
2020-05-07 05:22:04,852 [pool-35-thread-1] INFO  server.RaftServerConfigKeys (ConfUtils.java:logGet(44)) - raft.server.snapshot.auto.trigger.enabled = true (custom)
2020-05-07 05:22:04,852 [pool-35-thread-1] INFO  server.RaftServerConfigKeys (ConfUtils.java:logGet(44)) - raft.server.snapshot.auto.trigger.threshold = 10000 (custom)
2020-05-07 05:22:04,852 [pool-35-thread-1] INFO  server.RaftServerConfigKeys (ConfUtils.java:logGet(44)) - raft.server.snapshot.retention.file.num = 5 (custom)
2020-05-07 05:22:04,852 [pool-35-thread-1] INFO  server.RaftServerConfigKeys (ConfUtils.java:logGet(44)) - raft.server.log.purge.upto.snapshot.index = false (default)
2020-05-07 05:22:04,852 [pool-35-thread-1] INFO  server.RaftServerConfigKeys (ConfUtils.java:logGet(44)) - raft.server.retrycache.expirytime = 600000ms (custom)
2020-05-07 05:22:04,852 [pool-35-thread-1] INFO  metrics.RatisMetrics (RatisMetrics.java:lambda$create$0(39)) - Creating Metrics Registry : ratis.leader_election.6f005c5b-3a07-4e39-8538-832f1c829f6a@group-A78D897FDF61
2020-05-07 05:22:04,853 [pool-35-thread-1] INFO  metrics.RatisMetrics (RatisMetrics.java:lambda$create$0(39)) - Creating Metrics Registry : ratis.server.6f005c5b-3a07-4e39-8538-832f1c829f6a@group-A78D897FDF61
2020-05-07 05:22:04,843 [pool-67-thread-1] INFO  segmented.SegmentedRaftLogWorker (SegmentedRaftLogWorker.java:<init>(176)) - new 8d9d9f22-1b04-45e7-8887-14f2efe85604@group-A78D897FDF61-SegmentedRaftLogWorker for RaftStorage:Storage Directory /github/workspace/mnt/ozone/hadoop-ozone/integration-test/target/test-dir/MiniOzoneClusterImpl-05740949-9c22-47e9-931e-531dd4a47486/datanode-2/data/ratis/e1731129-1291-4c31-b202-a78d897fdf61
2020-05-07 05:22:04,854 [pool-67-thread-1] INFO  server.RaftServerConfigKeys (ConfUtils.java:logGet(44)) - raft.server.log.queue.byte-limit = 2147483647 (custom)
2020-05-07 05:22:04,854 [pool-67-thread-1] INFO  server.RaftServerConfigKeys (ConfUtils.java:logGet(44)) - raft.server.log.queue.element-limit = 1024 (custom)
2020-05-07 05:22:04,854 [pool-67-thread-1] INFO  server.RaftServerConfigKeys (ConfUtils.java:logGet(44)) - raft.server.log.segment.size.max = 1048576 (custom)
2020-05-07 05:22:04,854 [pool-67-thread-1] INFO  server.RaftServerConfigKeys (ConfUtils.java:logGet(44)) - raft.server.log.preallocated.size = 16384 (custom)
2020-05-07 05:22:04,855 [pool-51-thread-1] INFO  server.RaftServerConfigKeys (ConfUtils.java:logGet(44)) - raft.server.snapshot.auto.trigger.enabled = true (custom)
2020-05-07 05:22:04,852 [pool-83-thread-1] INFO  server.RaftServerConfigKeys (ConfUtils.java:logGet(44)) - raft.server.log.queue.byte-limit = 2147483647 (custom)
2020-05-07 05:22:04,855 [pool-83-thread-1] INFO  server.RaftServerConfigKeys (ConfUtils.java:logGet(44)) - raft.server.log.queue.element-limit = 1024 (custom)
2020-05-07 05:22:04,855 [pool-83-thread-1] INFO  server.RaftServerConfigKeys (ConfUtils.java:logGet(44)) - raft.server.log.segment.size.max = 1048576 (custom)
2020-05-07 05:22:04,855 [pool-83-thread-1] INFO  server.RaftServerConfigKeys (ConfUtils.java:logGet(44)) - raft.server.log.preallocated.size = 16384 (custom)
2020-05-07 05:22:04,855 [pool-83-thread-1] INFO  server.RaftServerConfigKeys (ConfUtils.java:logGet(44)) - raft.server.log.write.buffer.size = 1048576 (custom)
2020-05-07 05:22:04,855 [pool-83-thread-1] INFO  server.RaftServerConfigKeys (ConfUtils.java:logGet(44)) - raft.server.log.force.sync.num = 128 (default)
2020-05-07 05:22:04,855 [pool-83-thread-1] INFO  server.RaftServerConfigKeys (ConfUtils.java:logGet(44)) - raft.server.log.statemachine.data.sync = true (default)
2020-05-07 05:22:04,855 [pool-83-thread-1] INFO  server.RaftServerConfigKeys (ConfUtils.java:logGet(44)) - raft.server.log.statemachine.data.sync.timeout = 10s (default)
2020-05-07 05:22:04,855 [pool-83-thread-1] INFO  server.RaftServerConfigKeys (ConfUtils.java:logGet(44)) - raft.server.log.statemachine.data.sync.timeout.retry = -1 (default)
2020-05-07 05:22:04,856 [pool-83-thread-1] INFO  server.RaftServerConfigKeys (ConfUtils.java:logGet(44)) - raft.server.log.statemachine.data.caching.enabled = true (custom)
2020-05-07 05:22:04,856 [pool-83-thread-1] INFO  segmented.SegmentedRaftLogWorker (SegmentedRaftLogWorker.java:lambda$new$0(129)) - 356d7eb1-3ab0-4ec2-8f3b-50c5189d8c5c@group-766E59C4AC00-SegmentedRaftLogWorker: flushIndex: setUnconditionally 0 -> -1
2020-05-07 05:22:04,857 [pool-83-thread-1] INFO  server.RaftServerConfigKeys (ConfUtils.java:logGet(44)) - raft.server.snapshot.auto.trigger.enabled = true (custom)
2020-05-07 05:22:04,857 [pool-83-thread-1] INFO  server.RaftServerConfigKeys (ConfUtils.java:logGet(44)) - raft.server.snapshot.auto.trigger.threshold = 10000 (custom)
2020-05-07 05:22:04,857 [pool-83-thread-1] INFO  server.RaftServerConfigKeys (ConfUtils.java:logGet(44)) - raft.server.snapshot.retention.file.num = 5 (custom)
2020-05-07 05:22:04,857 [pool-83-thread-1] INFO  server.RaftServerConfigKeys (ConfUtils.java:logGet(44)) - raft.server.log.purge.upto.snapshot.index = false (default)
2020-05-07 05:22:04,857 [pool-83-thread-1] INFO  server.RaftServerConfigKeys (ConfUtils.java:logGet(44)) - raft.server.retrycache.expirytime = 600000ms (custom)
2020-05-07 05:22:04,857 [pool-83-thread-1] INFO  metrics.RatisMetrics (RatisMetrics.java:lambda$create$0(39)) - Creating Metrics Registry : ratis.leader_election.356d7eb1-3ab0-4ec2-8f3b-50c5189d8c5c@group-766E59C4AC00
2020-05-07 05:22:04,858 [pool-83-thread-1] INFO  metrics.RatisMetrics (RatisMetrics.java:lambda$create$0(39)) - Creating Metrics Registry : ratis.server.356d7eb1-3ab0-4ec2-8f3b-50c5189d8c5c@group-766E59C4AC00
2020-05-07 05:22:04,859 [pool-83-thread-1] INFO  impl.RaftServerImpl (RaftServerImpl.java:start(184)) - 356d7eb1-3ab0-4ec2-8f3b-50c5189d8c5c@group-766E59C4AC00: start as a follower, conf=-1: [356d7eb1-3ab0-4ec2-8f3b-50c5189d8c5c:172.17.0.2:42933, 0e39abeb-e09f-4467-b548-2c183be5bccb:172.17.0.2:38085, 434ad7a6-f62e-4a93-a110-3f74aeb448b2:172.17.0.2:45361], old=null
2020-05-07 05:22:04,859 [pool-83-thread-1] INFO  impl.RaftServerImpl (RaftServerImpl.java:setRole(173)) - 356d7eb1-3ab0-4ec2-8f3b-50c5189d8c5c@group-766E59C4AC00: changes role from      null to FOLLOWER at term 0 for startAsFollower
2020-05-07 05:22:04,859 [pool-83-thread-1] INFO  impl.RoleInfo (RoleInfo.java:updateAndGet(143)) - 356d7eb1-3ab0-4ec2-8f3b-50c5189d8c5c: start FollowerState
2020-05-07 05:22:04,860 [pool-83-thread-1] INFO  util.JmxRegister (JmxRegister.java:tryRegister(44)) - Successfully registered JMX Bean with object name Ratis:service=RaftServer,group=group-766E59C4AC00,id=356d7eb1-3ab0-4ec2-8f3b-50c5189d8c5c
2020-05-07 05:22:04,860 [pool-83-thread-1] INFO  metrics.RatisMetrics (RatisMetrics.java:lambda$create$0(39)) - Creating Metrics Registry : ratis.state_machine.356d7eb1-3ab0-4ec2-8f3b-50c5189d8c5c@group-766E59C4AC00
2020-05-07 05:22:04,843 [pool-99-thread-1] INFO  server.RaftServerConfigKeys (ConfUtils.java:logGet(44)) - raft.server.rpc.timeout.max = 5200ms (custom)
2020-05-07 05:22:04,862 [pool-99-thread-1] INFO  server.RaftServerConfigKeys (ConfUtils.java:logGet(44)) - raft.server.rpcslowness.timeout = 300s (custom)
2020-05-07 05:22:04,862 [pool-99-thread-1] INFO  server.RaftServerConfigKeys (ConfUtils.java:logGet(44)) - raft.server.sleep.deviation.threshold = 300 (default)
2020-05-07 05:22:04,862 [pool-99-thread-1] INFO  server.RaftServerConfigKeys (ConfUtils.java:logGet(44)) - raft.server.log.appender.install.snapshot.enabled = false (custom)
2020-05-07 05:22:04,862 [pool-99-thread-1] INFO  impl.RaftServerImpl (ServerState.java:<init>(103)) - 434ad7a6-f62e-4a93-a110-3f74aeb448b2@group-C24D3E6F2A72: ConfigurationManager, init=-1: [434ad7a6-f62e-4a93-a110-3f74aeb448b2:172.17.0.2:45361], old=null, confs=<EMPTY_MAP>
2020-05-07 05:22:04,862 [pool-99-thread-1] INFO  server.RaftServerConfigKeys (ConfUtils.java:logGet(44)) - raft.server.storage.dir = [/github/workspace/mnt/ozone/hadoop-ozone/integration-test/target/test-dir/MiniOzoneClusterImpl-05740949-9c22-47e9-931e-531dd4a47486/datanode-4/data/ratis] (custom)
2020-05-07 05:22:04,862 [pool-99-thread-1] INFO  server.RaftServerConfigKeys (ConfUtils.java:logGet(44)) - raft.server.log.corruption.policy = EXCEPTION (default)
2020-05-07 05:22:04,863 [pool-99-thread-1] INFO  storage.RaftStorageDirectory (RaftStorageDirectory.java:analyzeStorage(261)) - The storage directory /github/workspace/mnt/ozone/hadoop-ozone/integration-test/target/test-dir/MiniOzoneClusterImpl-05740949-9c22-47e9-931e-531dd4a47486/datanode-4/data/ratis/b474ced5-b4fa-4e2a-8832-c24d3e6f2a72 does not exist. Creating ...
2020-05-07 05:22:04,855 [pool-51-thread-1] INFO  server.RaftServerConfigKeys (ConfUtils.java:logGet(44)) - raft.server.snapshot.auto.trigger.threshold = 10000 (custom)
2020-05-07 05:22:04,855 [pool-67-thread-1] INFO  server.RaftServerConfigKeys (ConfUtils.java:logGet(44)) - raft.server.log.write.buffer.size = 1048576 (custom)
2020-05-07 05:22:04,863 [pool-67-thread-1] INFO  server.RaftServerConfigKeys (ConfUtils.java:logGet(44)) - raft.server.log.force.sync.num = 128 (default)
2020-05-07 05:22:04,863 [pool-67-thread-1] INFO  server.RaftServerConfigKeys (ConfUtils.java:logGet(44)) - raft.server.log.statemachine.data.sync = true (default)
2020-05-07 05:22:04,863 [pool-67-thread-1] INFO  server.RaftServerConfigKeys (ConfUtils.java:logGet(44)) - raft.server.log.statemachine.data.sync.timeout = 10s (default)
2020-05-07 05:22:04,863 [pool-67-thread-1] INFO  server.RaftServerConfigKeys (ConfUtils.java:logGet(44)) - raft.server.log.statemachine.data.sync.timeout.retry = -1 (default)
2020-05-07 05:22:04,864 [pool-99-thread-1] INFO  storage.RaftStorageDirectory (RaftStorageDirectory.java:tryLock(343)) - Lock on /github/workspace/mnt/ozone/hadoop-ozone/integration-test/target/test-dir/MiniOzoneClusterImpl-05740949-9c22-47e9-931e-531dd4a47486/datanode-4/data/ratis/b474ced5-b4fa-4e2a-8832-c24d3e6f2a72/in_use.lock acquired by nodename 15437@b2266369218d
2020-05-07 05:22:04,864 [pool-67-thread-1] INFO  server.RaftServerConfigKeys (ConfUtils.java:logGet(44)) - raft.server.log.statemachine.data.caching.enabled = true (custom)
2020-05-07 05:22:04,864 [pool-67-thread-1] INFO  segmented.SegmentedRaftLogWorker (SegmentedRaftLogWorker.java:lambda$new$0(129)) - 8d9d9f22-1b04-45e7-8887-14f2efe85604@group-A78D897FDF61-SegmentedRaftLogWorker: flushIndex: setUnconditionally 0 -> -1
2020-05-07 05:22:04,854 [pool-35-thread-1] INFO  impl.RaftServerImpl (RaftServerImpl.java:start(184)) - 6f005c5b-3a07-4e39-8538-832f1c829f6a@group-A78D897FDF61: start as a follower, conf=-1: [ee980e6c-318d-434c-9f48-1477050d6493:172.17.0.2:43929, 8d9d9f22-1b04-45e7-8887-14f2efe85604:172.17.0.2:46631, 6f005c5b-3a07-4e39-8538-832f1c829f6a:172.17.0.2:46159], old=null
2020-05-07 05:22:04,863 [pool-51-thread-1] INFO  server.RaftServerConfigKeys (ConfUtils.java:logGet(44)) - raft.server.snapshot.retention.file.num = 5 (custom)
2020-05-07 05:22:04,865 [pool-35-thread-1] INFO  impl.RaftServerImpl (RaftServerImpl.java:setRole(173)) - 6f005c5b-3a07-4e39-8538-832f1c829f6a@group-A78D897FDF61: changes role from      null to FOLLOWER at term 0 for startAsFollower
2020-05-07 05:22:04,865 [pool-99-thread-1] INFO  storage.RaftStorage (RaftStorage.java:format(84)) - Storage directory /github/workspace/mnt/ozone/hadoop-ozone/integration-test/target/test-dir/MiniOzoneClusterImpl-05740949-9c22-47e9-931e-531dd4a47486/datanode-4/data/ratis/b474ced5-b4fa-4e2a-8832-c24d3e6f2a72 has been successfully formatted.
2020-05-07 05:22:04,865 [pool-51-thread-1] INFO  server.RaftServerConfigKeys (ConfUtils.java:logGet(44)) - raft.server.log.purge.upto.snapshot.index = false (default)
2020-05-07 05:22:04,871 [pool-67-thread-1] INFO  server.RaftServerConfigKeys (ConfUtils.java:logGet(44)) - raft.server.snapshot.auto.trigger.enabled = true (custom)
2020-05-07 05:22:04,871 [pool-67-thread-1] INFO  server.RaftServerConfigKeys (ConfUtils.java:logGet(44)) - raft.server.snapshot.auto.trigger.threshold = 10000 (custom)
2020-05-07 05:22:04,871 [pool-67-thread-1] INFO  server.RaftServerConfigKeys (ConfUtils.java:logGet(44)) - raft.server.snapshot.retention.file.num = 5 (custom)
2020-05-07 05:22:04,871 [pool-67-thread-1] INFO  server.RaftServerConfigKeys (ConfUtils.java:logGet(44)) - raft.server.log.purge.upto.snapshot.index = false (default)
2020-05-07 05:22:04,871 [pool-67-thread-1] INFO  server.RaftServerConfigKeys (ConfUtils.java:logGet(44)) - raft.server.retrycache.expirytime = 600000ms (custom)
2020-05-07 05:22:04,871 [pool-67-thread-1] INFO  metrics.RatisMetrics (RatisMetrics.java:lambda$create$0(39)) - Creating Metrics Registry : ratis.leader_election.8d9d9f22-1b04-45e7-8887-14f2efe85604@group-A78D897FDF61
2020-05-07 05:22:04,872 [pool-67-thread-1] INFO  metrics.RatisMetrics (RatisMetrics.java:lambda$create$0(39)) - Creating Metrics Registry : ratis.server.8d9d9f22-1b04-45e7-8887-14f2efe85604@group-A78D897FDF61
2020-05-07 05:22:04,873 [pool-67-thread-1] INFO  impl.RaftServerImpl (RaftServerImpl.java:start(184)) - 8d9d9f22-1b04-45e7-8887-14f2efe85604@group-A78D897FDF61: start as a follower, conf=-1: [ee980e6c-318d-434c-9f48-1477050d6493:172.17.0.2:43929, 8d9d9f22-1b04-45e7-8887-14f2efe85604:172.17.0.2:46631, 6f005c5b-3a07-4e39-8538-832f1c829f6a:172.17.0.2:46159], old=null
2020-05-07 05:22:04,873 [pool-67-thread-1] INFO  impl.RaftServerImpl (RaftServerImpl.java:setRole(173)) - 8d9d9f22-1b04-45e7-8887-14f2efe85604@group-A78D897FDF61: changes role from      null to FOLLOWER at term 0 for startAsFollower
2020-05-07 05:22:04,873 [pool-67-thread-1] INFO  impl.RoleInfo (RoleInfo.java:updateAndGet(143)) - 8d9d9f22-1b04-45e7-8887-14f2efe85604: start FollowerState
2020-05-07 05:22:04,878 [pool-67-thread-1] INFO  util.JmxRegister (JmxRegister.java:tryRegister(44)) - Successfully registered JMX Bean with object name Ratis:service=RaftServer,group=group-A78D897FDF61,id=8d9d9f22-1b04-45e7-8887-14f2efe85604
2020-05-07 05:22:04,878 [pool-67-thread-1] INFO  metrics.RatisMetrics (RatisMetrics.java:lambda$create$0(39)) - Creating Metrics Registry : ratis.state_machine.8d9d9f22-1b04-45e7-8887-14f2efe85604@group-A78D897FDF61
2020-05-07 05:22:04,879 [pool-51-thread-1] INFO  server.RaftServerConfigKeys (ConfUtils.java:logGet(44)) - raft.server.retrycache.expirytime = 600000ms (custom)
2020-05-07 05:22:04,879 [pool-51-thread-1] INFO  metrics.RatisMetrics (RatisMetrics.java:lambda$create$0(39)) - Creating Metrics Registry : ratis.leader_election.ee980e6c-318d-434c-9f48-1477050d6493@group-A78D897FDF61
2020-05-07 05:22:04,880 [pool-51-thread-1] INFO  metrics.RatisMetrics (RatisMetrics.java:lambda$create$0(39)) - Creating Metrics Registry : ratis.server.ee980e6c-318d-434c-9f48-1477050d6493@group-A78D897FDF61
2020-05-07 05:22:04,881 [pool-51-thread-1] INFO  impl.RaftServerImpl (RaftServerImpl.java:start(184)) - ee980e6c-318d-434c-9f48-1477050d6493@group-A78D897FDF61: start as a follower, conf=-1: [ee980e6c-318d-434c-9f48-1477050d6493:172.17.0.2:43929, 8d9d9f22-1b04-45e7-8887-14f2efe85604:172.17.0.2:46631, 6f005c5b-3a07-4e39-8538-832f1c829f6a:172.17.0.2:46159], old=null
2020-05-07 05:22:04,881 [pool-51-thread-1] INFO  impl.RaftServerImpl (RaftServerImpl.java:setRole(173)) - ee980e6c-318d-434c-9f48-1477050d6493@group-A78D897FDF61: changes role from      null to FOLLOWER at term 0 for startAsFollower
2020-05-07 05:22:04,881 [pool-51-thread-1] INFO  impl.RoleInfo (RoleInfo.java:updateAndGet(143)) - ee980e6c-318d-434c-9f48-1477050d6493: start FollowerState
2020-05-07 05:22:04,899 [pool-35-thread-1] INFO  impl.RoleInfo (RoleInfo.java:updateAndGet(143)) - 6f005c5b-3a07-4e39-8538-832f1c829f6a: start FollowerState
2020-05-07 05:22:04,899 [pool-35-thread-1] INFO  util.JmxRegister (JmxRegister.java:tryRegister(44)) - Successfully registered JMX Bean with object name Ratis:service=RaftServer,group=group-A78D897FDF61,id=6f005c5b-3a07-4e39-8538-832f1c829f6a
2020-05-07 05:22:04,899 [pool-35-thread-1] INFO  metrics.RatisMetrics (RatisMetrics.java:lambda$create$0(39)) - Creating Metrics Registry : ratis.state_machine.6f005c5b-3a07-4e39-8538-832f1c829f6a@group-A78D897FDF61
2020-05-07 05:22:04,906 [pool-51-thread-1] INFO  util.JmxRegister (JmxRegister.java:tryRegister(44)) - Successfully registered JMX Bean with object name Ratis:service=RaftServer,group=group-A78D897FDF61,id=ee980e6c-318d-434c-9f48-1477050d6493
2020-05-07 05:22:04,906 [pool-51-thread-1] INFO  metrics.RatisMetrics (RatisMetrics.java:lambda$create$0(39)) - Creating Metrics Registry : ratis.state_machine.ee980e6c-318d-434c-9f48-1477050d6493@group-A78D897FDF61
2020-05-07 05:22:04,912 [pool-99-thread-1] INFO  ratis.ContainerStateMachine (ContainerStateMachine.java:loadSnapshot(226)) - group-C24D3E6F2A72: The snapshot info is null. Setting the last applied indexto:(t:0, i:~)
2020-05-07 05:22:04,912 [pool-99-thread-1] INFO  server.RaftServerConfigKeys (ConfUtils.java:logGet(44)) - raft.server.notification.no-leader.timeout = 60s (default)
2020-05-07 05:22:04,912 [pool-99-thread-1] INFO  server.RaftServerConfigKeys (ConfUtils.java:logGet(44)) - raft.server.log.use.memory = false (default)
2020-05-07 05:22:04,912 [pool-99-thread-1] INFO  server.RaftServerConfigKeys (ConfUtils.java:logGet(44)) - raft.server.log.purge.gap = 1000000 (custom)
2020-05-07 05:22:04,912 [pool-99-thread-1] INFO  server.RaftServerConfigKeys (ConfUtils.java:logGet(44)) - raft.server.log.appender.buffer.byte-limit = 33554432 (custom)
2020-05-07 05:22:04,913 [pool-99-thread-1] INFO  server.RaftServerConfigKeys (ConfUtils.java:logGet(44)) - raft.server.log.segment.size.max = 1048576 (custom)
2020-05-07 05:22:04,913 [pool-99-thread-1] INFO  metrics.RatisMetrics (RatisMetrics.java:lambda$create$0(39)) - Creating Metrics Registry : ratis.log_worker.434ad7a6-f62e-4a93-a110-3f74aeb448b2
2020-05-07 05:22:04,913 [pool-99-thread-1] INFO  server.RaftServerConfigKeys (ConfUtils.java:logGet(44)) - raft.server.log.segment.cache.num.max = 2 (custom)
2020-05-07 05:22:04,913 [pool-99-thread-1] INFO  segmented.SegmentedRaftLogWorker (SegmentedRaftLogWorker.java:<init>(176)) - new 434ad7a6-f62e-4a93-a110-3f74aeb448b2@group-C24D3E6F2A72-SegmentedRaftLogWorker for RaftStorage:Storage Directory /github/workspace/mnt/ozone/hadoop-ozone/integration-test/target/test-dir/MiniOzoneClusterImpl-05740949-9c22-47e9-931e-531dd4a47486/datanode-4/data/ratis/b474ced5-b4fa-4e2a-8832-c24d3e6f2a72
2020-05-07 05:22:04,913 [pool-99-thread-1] INFO  server.RaftServerConfigKeys (ConfUtils.java:logGet(44)) - raft.server.log.queue.byte-limit = 2147483647 (custom)
2020-05-07 05:22:04,913 [pool-99-thread-1] INFO  server.RaftServerConfigKeys (ConfUtils.java:logGet(44)) - raft.server.log.queue.element-limit = 1024 (custom)
2020-05-07 05:22:04,913 [pool-99-thread-1] INFO  server.RaftServerConfigKeys (ConfUtils.java:logGet(44)) - raft.server.log.segment.size.max = 1048576 (custom)
2020-05-07 05:22:04,914 [pool-99-thread-1] INFO  server.RaftServerConfigKeys (ConfUtils.java:logGet(44)) - raft.server.log.preallocated.size = 16384 (custom)
2020-05-07 05:22:04,914 [pool-99-thread-1] INFO  server.RaftServerConfigKeys (ConfUtils.java:logGet(44)) - raft.server.log.write.buffer.size = 1048576 (custom)
2020-05-07 05:22:04,914 [pool-99-thread-1] INFO  server.RaftServerConfigKeys (ConfUtils.java:logGet(44)) - raft.server.log.force.sync.num = 128 (default)
2020-05-07 05:22:04,914 [pool-99-thread-1] INFO  server.RaftServerConfigKeys (ConfUtils.java:logGet(44)) - raft.server.log.statemachine.data.sync = true (default)
2020-05-07 05:22:04,914 [pool-99-thread-1] INFO  server.RaftServerConfigKeys (ConfUtils.java:logGet(44)) - raft.server.log.statemachine.data.sync.timeout = 10s (default)
2020-05-07 05:22:04,914 [pool-99-thread-1] INFO  server.RaftServerConfigKeys (ConfUtils.java:logGet(44)) - raft.server.log.statemachine.data.sync.timeout.retry = -1 (default)
2020-05-07 05:22:04,914 [EventQueue-PipelineReportForPipelineReportHandler] INFO  pipeline.PipelineStateManager (PipelineStateManager.java:openPipeline(131)) - Pipeline Pipeline[ Id: b474ced5-b4fa-4e2a-8832-c24d3e6f2a72, Nodes: 434ad7a6-f62e-4a93-a110-3f74aeb448b2{ip: 172.17.0.2, host: b2266369218d, networkLocation: /default-rack, certSerialId: null}, Type:RATIS, Factor:ONE, State:ALLOCATED, leaderId:434ad7a6-f62e-4a93-a110-3f74aeb448b2, CreationTimestamp2020-05-07T05:22:01.807Z] moved to OPEN state
2020-05-07 05:22:04,916 [EventQueue-OpenPipelineForOneReplicaPipelineSafeModeRule] INFO  safemode.SCMSafeModeManager (SCMSafeModeManager.java:validateSafeModeExitRules(213)) - AtleastOneDatanodeReportedRule rule is successfully validated
2020-05-07 05:22:04,916 [EventQueue-OpenPipelineForHealthyPipelineSafeModeRule] INFO  safemode.SCMSafeModeManager (HealthyPipelineSafeModeRule.java:process(132)) - SCM in safe mode. Healthy pipelines reported count is 0, required healthy pipeline reported count is 1
2020-05-07 05:22:04,916 [pool-99-thread-1] INFO  server.RaftServerConfigKeys (ConfUtils.java:logGet(44)) - raft.server.log.statemachine.data.caching.enabled = true (custom)
2020-05-07 05:22:04,917 [pool-99-thread-1] INFO  segmented.SegmentedRaftLogWorker (SegmentedRaftLogWorker.java:lambda$new$0(129)) - 434ad7a6-f62e-4a93-a110-3f74aeb448b2@group-C24D3E6F2A72-SegmentedRaftLogWorker: flushIndex: setUnconditionally 0 -> -1
2020-05-07 05:22:04,917 [pool-99-thread-1] INFO  server.RaftServerConfigKeys (ConfUtils.java:logGet(44)) - raft.server.snapshot.auto.trigger.enabled = true (custom)
2020-05-07 05:22:04,917 [pool-99-thread-1] INFO  server.RaftServerConfigKeys (ConfUtils.java:logGet(44)) - raft.server.snapshot.auto.trigger.threshold = 10000 (custom)
2020-05-07 05:22:04,917 [pool-99-thread-1] INFO  server.RaftServerConfigKeys (ConfUtils.java:logGet(44)) - raft.server.snapshot.retention.file.num = 5 (custom)
2020-05-07 05:22:04,917 [pool-99-thread-1] INFO  server.RaftServerConfigKeys (ConfUtils.java:logGet(44)) - raft.server.log.purge.upto.snapshot.index = false (default)
2020-05-07 05:22:04,917 [pool-99-thread-1] INFO  server.RaftServerConfigKeys (ConfUtils.java:logGet(44)) - raft.server.retrycache.expirytime = 600000ms (custom)
2020-05-07 05:22:04,917 [pool-99-thread-1] INFO  metrics.RatisMetrics (RatisMetrics.java:lambda$create$0(39)) - Creating Metrics Registry : ratis.leader_election.434ad7a6-f62e-4a93-a110-3f74aeb448b2@group-C24D3E6F2A72
2020-05-07 05:22:04,918 [pool-99-thread-1] INFO  metrics.RatisMetrics (RatisMetrics.java:lambda$create$0(39)) - Creating Metrics Registry : ratis.server.434ad7a6-f62e-4a93-a110-3f74aeb448b2@group-C24D3E6F2A72
2020-05-07 05:22:04,919 [pool-99-thread-1] INFO  impl.RaftServerImpl (RaftServerImpl.java:start(184)) - 434ad7a6-f62e-4a93-a110-3f74aeb448b2@group-C24D3E6F2A72: start as a follower, conf=-1: [434ad7a6-f62e-4a93-a110-3f74aeb448b2:172.17.0.2:45361], old=null
2020-05-07 05:22:04,919 [pool-99-thread-1] INFO  impl.RaftServerImpl (RaftServerImpl.java:setRole(173)) - 434ad7a6-f62e-4a93-a110-3f74aeb448b2@group-C24D3E6F2A72: changes role from      null to FOLLOWER at term 0 for startAsFollower
2020-05-07 05:22:04,922 [pool-99-thread-1] INFO  impl.RoleInfo (RoleInfo.java:updateAndGet(143)) - 434ad7a6-f62e-4a93-a110-3f74aeb448b2: start FollowerState
2020-05-07 05:22:04,923 [pool-99-thread-1] INFO  util.JmxRegister (JmxRegister.java:tryRegister(44)) - Successfully registered JMX Bean with object name Ratis:service=RaftServer,group=group-C24D3E6F2A72,id=434ad7a6-f62e-4a93-a110-3f74aeb448b2
2020-05-07 05:22:04,923 [pool-99-thread-1] INFO  metrics.RatisMetrics (RatisMetrics.java:lambda$create$0(39)) - Creating Metrics Registry : ratis.state_machine.434ad7a6-f62e-4a93-a110-3f74aeb448b2@group-C24D3E6F2A72
2020-05-07 05:22:04,942 [Command processor thread] INFO  commandhandler.CreatePipelineCommandHandler (CreatePipelineCommandHandler.java:handle(109)) - Created Pipeline RATIS ONE #id: "b474ced5-b4fa-4e2a-8832-c24d3e6f2a72"
.
2020-05-07 05:22:04,943 [Command processor thread] INFO  impl.RaftServerProxy (RaftServerProxy.java:addNew(89)) - 434ad7a6-f62e-4a93-a110-3f74aeb448b2: addNew group-766E59C4AC00:[356d7eb1-3ab0-4ec2-8f3b-50c5189d8c5c:172.17.0.2:42933, 0e39abeb-e09f-4467-b548-2c183be5bccb:172.17.0.2:38085, 434ad7a6-f62e-4a93-a110-3f74aeb448b2:172.17.0.2:45361] returns group-766E59C4AC00:java.util.concurrent.CompletableFuture@50db9575[Not completed]
2020-05-07 05:22:04,944 [pool-99-thread-1] INFO  impl.RaftServerImpl (RaftServerImpl.java:<init>(98)) - 434ad7a6-f62e-4a93-a110-3f74aeb448b2: new RaftServerImpl for group-766E59C4AC00:[356d7eb1-3ab0-4ec2-8f3b-50c5189d8c5c:172.17.0.2:42933, 0e39abeb-e09f-4467-b548-2c183be5bccb:172.17.0.2:38085, 434ad7a6-f62e-4a93-a110-3f74aeb448b2:172.17.0.2:45361] with ContainerStateMachine:uninitialized
2020-05-07 05:22:04,944 [pool-99-thread-1] INFO  server.RaftServerConfigKeys (ConfUtils.java:logGet(44)) - raft.server.rpc.timeout.min = 5s (custom)
2020-05-07 05:22:04,944 [pool-99-thread-1] INFO  server.RaftServerConfigKeys (ConfUtils.java:logGet(44)) - raft.server.rpc.timeout.max = 5200ms (custom)
2020-05-07 05:22:04,944 [pool-99-thread-1] INFO  server.RaftServerConfigKeys (ConfUtils.java:logGet(44)) - raft.server.rpcslowness.timeout = 300s (custom)
2020-05-07 05:22:04,944 [pool-99-thread-1] INFO  server.RaftServerConfigKeys (ConfUtils.java:logGet(44)) - raft.server.sleep.deviation.threshold = 300 (default)
2020-05-07 05:22:04,944 [pool-99-thread-1] INFO  server.RaftServerConfigKeys (ConfUtils.java:logGet(44)) - raft.server.log.appender.install.snapshot.enabled = false (custom)
2020-05-07 05:22:04,945 [pool-99-thread-1] INFO  impl.RaftServerImpl (ServerState.java:<init>(103)) - 434ad7a6-f62e-4a93-a110-3f74aeb448b2@group-766E59C4AC00: ConfigurationManager, init=-1: [356d7eb1-3ab0-4ec2-8f3b-50c5189d8c5c:172.17.0.2:42933, 0e39abeb-e09f-4467-b548-2c183be5bccb:172.17.0.2:38085, 434ad7a6-f62e-4a93-a110-3f74aeb448b2:172.17.0.2:45361], old=null, confs=<EMPTY_MAP>
2020-05-07 05:22:04,945 [pool-99-thread-1] INFO  server.RaftServerConfigKeys (ConfUtils.java:logGet(44)) - raft.server.storage.dir = [/github/workspace/mnt/ozone/hadoop-ozone/integration-test/target/test-dir/MiniOzoneClusterImpl-05740949-9c22-47e9-931e-531dd4a47486/datanode-4/data/ratis] (custom)
2020-05-07 05:22:04,945 [pool-99-thread-1] INFO  server.RaftServerConfigKeys (ConfUtils.java:logGet(44)) - raft.server.log.corruption.policy = EXCEPTION (default)
2020-05-07 05:22:04,945 [pool-99-thread-1] INFO  storage.RaftStorageDirectory (RaftStorageDirectory.java:analyzeStorage(261)) - The storage directory /github/workspace/mnt/ozone/hadoop-ozone/integration-test/target/test-dir/MiniOzoneClusterImpl-05740949-9c22-47e9-931e-531dd4a47486/datanode-4/data/ratis/77a9c724-781f-44c6-80c6-766e59c4ac00 does not exist. Creating ...
2020-05-07 05:22:04,947 [pool-99-thread-1] INFO  storage.RaftStorageDirectory (RaftStorageDirectory.java:tryLock(343)) - Lock on /github/workspace/mnt/ozone/hadoop-ozone/integration-test/target/test-dir/MiniOzoneClusterImpl-05740949-9c22-47e9-931e-531dd4a47486/datanode-4/data/ratis/77a9c724-781f-44c6-80c6-766e59c4ac00/in_use.lock acquired by nodename 15437@b2266369218d
2020-05-07 05:22:04,948 [pool-99-thread-1] INFO  storage.RaftStorage (RaftStorage.java:format(84)) - Storage directory /github/workspace/mnt/ozone/hadoop-ozone/integration-test/target/test-dir/MiniOzoneClusterImpl-05740949-9c22-47e9-931e-531dd4a47486/datanode-4/data/ratis/77a9c724-781f-44c6-80c6-766e59c4ac00 has been successfully formatted.
2020-05-07 05:22:04,950 [pool-99-thread-1] INFO  ratis.ContainerStateMachine (ContainerStateMachine.java:loadSnapshot(226)) - group-766E59C4AC00: The snapshot info is null. Setting the last applied indexto:(t:0, i:~)
2020-05-07 05:22:04,950 [pool-99-thread-1] INFO  server.RaftServerConfigKeys (ConfUtils.java:logGet(44)) - raft.server.notification.no-leader.timeout = 60s (default)
2020-05-07 05:22:04,950 [pool-99-thread-1] INFO  server.RaftServerConfigKeys (ConfUtils.java:logGet(44)) - raft.server.log.use.memory = false (default)
2020-05-07 05:22:04,950 [pool-99-thread-1] INFO  server.RaftServerConfigKeys (ConfUtils.java:logGet(44)) - raft.server.log.purge.gap = 1000000 (custom)
2020-05-07 05:22:04,950 [pool-99-thread-1] INFO  server.RaftServerConfigKeys (ConfUtils.java:logGet(44)) - raft.server.log.appender.buffer.byte-limit = 33554432 (custom)
2020-05-07 05:22:04,950 [pool-99-thread-1] INFO  server.RaftServerConfigKeys (ConfUtils.java:logGet(44)) - raft.server.log.segment.size.max = 1048576 (custom)
2020-05-07 05:22:04,951 [pool-99-thread-1] INFO  server.RaftServerConfigKeys (ConfUtils.java:logGet(44)) - raft.server.log.segment.cache.num.max = 2 (custom)
2020-05-07 05:22:04,951 [pool-99-thread-1] INFO  segmented.SegmentedRaftLogWorker (SegmentedRaftLogWorker.java:<init>(176)) - new 434ad7a6-f62e-4a93-a110-3f74aeb448b2@group-766E59C4AC00-SegmentedRaftLogWorker for RaftStorage:Storage Directory /github/workspace/mnt/ozone/hadoop-ozone/integration-test/target/test-dir/MiniOzoneClusterImpl-05740949-9c22-47e9-931e-531dd4a47486/datanode-4/data/ratis/77a9c724-781f-44c6-80c6-766e59c4ac00
2020-05-07 05:22:04,951 [pool-99-thread-1] INFO  server.RaftServerConfigKeys (ConfUtils.java:logGet(44)) - raft.server.log.queue.byte-limit = 2147483647 (custom)
2020-05-07 05:22:04,951 [pool-99-thread-1] INFO  server.RaftServerConfigKeys (ConfUtils.java:logGet(44)) - raft.server.log.queue.element-limit = 1024 (custom)
2020-05-07 05:22:04,951 [pool-99-thread-1] INFO  server.RaftServerConfigKeys (ConfUtils.java:logGet(44)) - raft.server.log.segment.size.max = 1048576 (custom)
2020-05-07 05:22:04,951 [pool-99-thread-1] INFO  server.RaftServerConfigKeys (ConfUtils.java:logGet(44)) - raft.server.log.preallocated.size = 16384 (custom)
2020-05-07 05:22:04,951 [pool-99-thread-1] INFO  server.RaftServerConfigKeys (ConfUtils.java:logGet(44)) - raft.server.log.write.buffer.size = 1048576 (custom)
2020-05-07 05:22:04,951 [pool-99-thread-1] INFO  server.RaftServerConfigKeys (ConfUtils.java:logGet(44)) - raft.server.log.force.sync.num = 128 (default)
2020-05-07 05:22:04,952 [pool-99-thread-1] INFO  server.RaftServerConfigKeys (ConfUtils.java:logGet(44)) - raft.server.log.statemachine.data.sync = true (default)
2020-05-07 05:22:04,952 [pool-99-thread-1] INFO  server.RaftServerConfigKeys (ConfUtils.java:logGet(44)) - raft.server.log.statemachine.data.sync.timeout = 10s (default)
2020-05-07 05:22:04,952 [pool-99-thread-1] INFO  server.RaftServerConfigKeys (ConfUtils.java:logGet(44)) - raft.server.log.statemachine.data.sync.timeout.retry = -1 (default)
2020-05-07 05:22:04,952 [pool-99-thread-1] INFO  server.RaftServerConfigKeys (ConfUtils.java:logGet(44)) - raft.server.log.statemachine.data.caching.enabled = true (custom)
2020-05-07 05:22:04,952 [pool-99-thread-1] INFO  segmented.SegmentedRaftLogWorker (SegmentedRaftLogWorker.java:lambda$new$0(129)) - 434ad7a6-f62e-4a93-a110-3f74aeb448b2@group-766E59C4AC00-SegmentedRaftLogWorker: flushIndex: setUnconditionally 0 -> -1
2020-05-07 05:22:04,956 [pool-99-thread-1] INFO  server.RaftServerConfigKeys (ConfUtils.java:logGet(44)) - raft.server.snapshot.auto.trigger.enabled = true (custom)
2020-05-07 05:22:04,956 [pool-99-thread-1] INFO  server.RaftServerConfigKeys (ConfUtils.java:logGet(44)) - raft.server.snapshot.auto.trigger.threshold = 10000 (custom)
2020-05-07 05:22:04,956 [pool-99-thread-1] INFO  server.RaftServerConfigKeys (ConfUtils.java:logGet(44)) - raft.server.snapshot.retention.file.num = 5 (custom)
2020-05-07 05:22:04,956 [pool-99-thread-1] INFO  server.RaftServerConfigKeys (ConfUtils.java:logGet(44)) - raft.server.log.purge.upto.snapshot.index = false (default)
2020-05-07 05:22:04,956 [pool-99-thread-1] INFO  server.RaftServerConfigKeys (ConfUtils.java:logGet(44)) - raft.server.retrycache.expirytime = 600000ms (custom)
2020-05-07 05:22:04,956 [pool-99-thread-1] INFO  metrics.RatisMetrics (RatisMetrics.java:lambda$create$0(39)) - Creating Metrics Registry : ratis.leader_election.434ad7a6-f62e-4a93-a110-3f74aeb448b2@group-766E59C4AC00
2020-05-07 05:22:04,957 [pool-99-thread-1] INFO  metrics.RatisMetrics (RatisMetrics.java:lambda$create$0(39)) - Creating Metrics Registry : ratis.server.434ad7a6-f62e-4a93-a110-3f74aeb448b2@group-766E59C4AC00
2020-05-07 05:22:04,958 [pool-99-thread-1] INFO  impl.RaftServerImpl (RaftServerImpl.java:start(184)) - 434ad7a6-f62e-4a93-a110-3f74aeb448b2@group-766E59C4AC00: start as a follower, conf=-1: [356d7eb1-3ab0-4ec2-8f3b-50c5189d8c5c:172.17.0.2:42933, 0e39abeb-e09f-4467-b548-2c183be5bccb:172.17.0.2:38085, 434ad7a6-f62e-4a93-a110-3f74aeb448b2:172.17.0.2:45361], old=null
2020-05-07 05:22:04,958 [pool-99-thread-1] INFO  impl.RaftServerImpl (RaftServerImpl.java:setRole(173)) - 434ad7a6-f62e-4a93-a110-3f74aeb448b2@group-766E59C4AC00: changes role from      null to FOLLOWER at term 0 for startAsFollower
2020-05-07 05:22:04,958 [pool-99-thread-1] INFO  impl.RoleInfo (RoleInfo.java:updateAndGet(143)) - 434ad7a6-f62e-4a93-a110-3f74aeb448b2: start FollowerState
2020-05-07 05:22:04,969 [pool-99-thread-1] INFO  util.JmxRegister (JmxRegister.java:tryRegister(44)) - Successfully registered JMX Bean with object name Ratis:service=RaftServer,group=group-766E59C4AC00,id=434ad7a6-f62e-4a93-a110-3f74aeb448b2
2020-05-07 05:22:04,969 [pool-99-thread-1] INFO  metrics.RatisMetrics (RatisMetrics.java:lambda$create$0(39)) - Creating Metrics Registry : ratis.state_machine.434ad7a6-f62e-4a93-a110-3f74aeb448b2@group-766E59C4AC00
2020-05-07 05:22:04,983 [Command processor thread] INFO  impl.RaftServerProxy (RaftServerProxy.java:addNew(89)) - 0e39abeb-e09f-4467-b548-2c183be5bccb: addNew group-68409D80522E:[0e39abeb-e09f-4467-b548-2c183be5bccb:172.17.0.2:38085] returns group-68409D80522E:java.util.concurrent.CompletableFuture@5cdd8176[Not completed]
2020-05-07 05:22:04,991 [pool-115-thread-1] INFO  impl.RaftServerImpl (RaftServerImpl.java:<init>(98)) - 0e39abeb-e09f-4467-b548-2c183be5bccb: new RaftServerImpl for group-68409D80522E:[0e39abeb-e09f-4467-b548-2c183be5bccb:172.17.0.2:38085] with ContainerStateMachine:uninitialized
2020-05-07 05:22:04,992 [pool-115-thread-1] INFO  server.RaftServerConfigKeys (ConfUtils.java:logGet(44)) - raft.server.rpc.timeout.min = 5s (custom)
2020-05-07 05:22:04,993 [pool-115-thread-1] INFO  server.RaftServerConfigKeys (ConfUtils.java:logGet(44)) - raft.server.rpc.timeout.max = 5200ms (custom)
2020-05-07 05:22:04,993 [pool-115-thread-1] INFO  server.RaftServerConfigKeys (ConfUtils.java:logGet(44)) - raft.server.rpcslowness.timeout = 300s (custom)
2020-05-07 05:22:05,007 [pool-115-thread-1] INFO  server.RaftServerConfigKeys (ConfUtils.java:logGet(44)) - raft.server.sleep.deviation.threshold = 300 (default)
2020-05-07 05:22:05,008 [pool-115-thread-1] INFO  server.RaftServerConfigKeys (ConfUtils.java:logGet(44)) - raft.server.log.appender.install.snapshot.enabled = false (custom)
2020-05-07 05:22:05,008 [pool-115-thread-1] INFO  impl.RaftServerImpl (ServerState.java:<init>(103)) - 0e39abeb-e09f-4467-b548-2c183be5bccb@group-68409D80522E: ConfigurationManager, init=-1: [0e39abeb-e09f-4467-b548-2c183be5bccb:172.17.0.2:38085], old=null, confs=<EMPTY_MAP>
2020-05-07 05:22:05,008 [pool-115-thread-1] INFO  server.RaftServerConfigKeys (ConfUtils.java:logGet(44)) - raft.server.storage.dir = [/github/workspace/mnt/ozone/hadoop-ozone/integration-test/target/test-dir/MiniOzoneClusterImpl-05740949-9c22-47e9-931e-531dd4a47486/datanode-5/data/ratis] (custom)
2020-05-07 05:22:05,008 [pool-115-thread-1] INFO  server.RaftServerConfigKeys (ConfUtils.java:logGet(44)) - raft.server.log.corruption.policy = EXCEPTION (default)
2020-05-07 05:22:05,008 [pool-115-thread-1] INFO  storage.RaftStorageDirectory (RaftStorageDirectory.java:analyzeStorage(261)) - The storage directory /github/workspace/mnt/ozone/hadoop-ozone/integration-test/target/test-dir/MiniOzoneClusterImpl-05740949-9c22-47e9-931e-531dd4a47486/datanode-5/data/ratis/c9c505bd-a533-4db6-82f0-68409d80522e does not exist. Creating ...
2020-05-07 05:22:05,010 [pool-115-thread-1] INFO  storage.RaftStorageDirectory (RaftStorageDirectory.java:tryLock(343)) - Lock on /github/workspace/mnt/ozone/hadoop-ozone/integration-test/target/test-dir/MiniOzoneClusterImpl-05740949-9c22-47e9-931e-531dd4a47486/datanode-5/data/ratis/c9c505bd-a533-4db6-82f0-68409d80522e/in_use.lock acquired by nodename 15437@b2266369218d
2020-05-07 05:22:05,020 [pool-115-thread-1] INFO  storage.RaftStorage (RaftStorage.java:format(84)) - Storage directory /github/workspace/mnt/ozone/hadoop-ozone/integration-test/target/test-dir/MiniOzoneClusterImpl-05740949-9c22-47e9-931e-531dd4a47486/datanode-5/data/ratis/c9c505bd-a533-4db6-82f0-68409d80522e has been successfully formatted.
2020-05-07 05:22:05,022 [pool-115-thread-1] INFO  ratis.ContainerStateMachine (ContainerStateMachine.java:loadSnapshot(226)) - group-68409D80522E: The snapshot info is null. Setting the last applied indexto:(t:0, i:~)
2020-05-07 05:22:05,022 [pool-115-thread-1] INFO  server.RaftServerConfigKeys (ConfUtils.java:logGet(44)) - raft.server.notification.no-leader.timeout = 60s (default)
2020-05-07 05:22:05,022 [pool-115-thread-1] INFO  server.RaftServerConfigKeys (ConfUtils.java:logGet(44)) - raft.server.log.use.memory = false (default)
2020-05-07 05:22:05,022 [pool-115-thread-1] INFO  server.RaftServerConfigKeys (ConfUtils.java:logGet(44)) - raft.server.log.purge.gap = 1000000 (custom)
2020-05-07 05:22:05,022 [pool-115-thread-1] INFO  server.RaftServerConfigKeys (ConfUtils.java:logGet(44)) - raft.server.log.appender.buffer.byte-limit = 33554432 (custom)
2020-05-07 05:22:05,023 [pool-115-thread-1] INFO  server.RaftServerConfigKeys (ConfUtils.java:logGet(44)) - raft.server.log.segment.size.max = 1048576 (custom)
2020-05-07 05:22:05,023 [pool-115-thread-1] INFO  metrics.RatisMetrics (RatisMetrics.java:lambda$create$0(39)) - Creating Metrics Registry : ratis.log_worker.0e39abeb-e09f-4467-b548-2c183be5bccb
2020-05-07 05:22:05,023 [pool-115-thread-1] INFO  server.RaftServerConfigKeys (ConfUtils.java:logGet(44)) - raft.server.log.segment.cache.num.max = 2 (custom)
2020-05-07 05:22:05,025 [pool-115-thread-1] INFO  segmented.SegmentedRaftLogWorker (SegmentedRaftLogWorker.java:<init>(176)) - new 0e39abeb-e09f-4467-b548-2c183be5bccb@group-68409D80522E-SegmentedRaftLogWorker for RaftStorage:Storage Directory /github/workspace/mnt/ozone/hadoop-ozone/integration-test/target/test-dir/MiniOzoneClusterImpl-05740949-9c22-47e9-931e-531dd4a47486/datanode-5/data/ratis/c9c505bd-a533-4db6-82f0-68409d80522e
2020-05-07 05:22:05,023 [EventQueue-PipelineReportForPipelineReportHandler] INFO  pipeline.PipelineStateManager (PipelineStateManager.java:openPipeline(131)) - Pipeline Pipeline[ Id: c9c505bd-a533-4db6-82f0-68409d80522e, Nodes: 0e39abeb-e09f-4467-b548-2c183be5bccb{ip: 172.17.0.2, host: b2266369218d, networkLocation: /default-rack, certSerialId: null}, Type:RATIS, Factor:ONE, State:ALLOCATED, leaderId:0e39abeb-e09f-4467-b548-2c183be5bccb, CreationTimestamp2020-05-07T05:22:01.940Z] moved to OPEN state
2020-05-07 05:22:05,026 [EventQueue-OpenPipelineForOneReplicaPipelineSafeModeRule] INFO  safemode.SCMSafeModeManager (SCMSafeModeManager.java:validateSafeModeExitRules(213)) - AtleastOneDatanodeReportedRule rule is successfully validated
2020-05-07 05:22:05,026 [EventQueue-OpenPipelineForHealthyPipelineSafeModeRule] INFO  safemode.SCMSafeModeManager (HealthyPipelineSafeModeRule.java:process(132)) - SCM in safe mode. Healthy pipelines reported count is 0, required healthy pipeline reported count is 1
2020-05-07 05:22:05,026 [pool-115-thread-1] INFO  server.RaftServerConfigKeys (ConfUtils.java:logGet(44)) - raft.server.log.queue.byte-limit = 2147483647 (custom)
2020-05-07 05:22:05,026 [pool-115-thread-1] INFO  server.RaftServerConfigKeys (ConfUtils.java:logGet(44)) - raft.server.log.queue.element-limit = 1024 (custom)
2020-05-07 05:22:05,027 [pool-115-thread-1] INFO  server.RaftServerConfigKeys (ConfUtils.java:logGet(44)) - raft.server.log.segment.size.max = 1048576 (custom)
2020-05-07 05:22:05,027 [pool-115-thread-1] INFO  server.RaftServerConfigKeys (ConfUtils.java:logGet(44)) - raft.server.log.preallocated.size = 16384 (custom)
2020-05-07 05:22:05,027 [pool-115-thread-1] INFO  server.RaftServerConfigKeys (ConfUtils.java:logGet(44)) - raft.server.log.write.buffer.size = 1048576 (custom)
2020-05-07 05:22:05,027 [pool-115-thread-1] INFO  server.RaftServerConfigKeys (ConfUtils.java:logGet(44)) - raft.server.log.force.sync.num = 128 (default)
2020-05-07 05:22:05,027 [pool-115-thread-1] INFO  server.RaftServerConfigKeys (ConfUtils.java:logGet(44)) - raft.server.log.statemachine.data.sync = true (default)
2020-05-07 05:22:05,028 [pool-115-thread-1] INFO  server.RaftServerConfigKeys (ConfUtils.java:logGet(44)) - raft.server.log.statemachine.data.sync.timeout = 10s (default)
2020-05-07 05:22:05,028 [pool-115-thread-1] INFO  server.RaftServerConfigKeys (ConfUtils.java:logGet(44)) - raft.server.log.statemachine.data.sync.timeout.retry = -1 (default)
2020-05-07 05:22:05,044 [pool-115-thread-1] INFO  server.RaftServerConfigKeys (ConfUtils.java:logGet(44)) - raft.server.log.statemachine.data.caching.enabled = true (custom)
2020-05-07 05:22:05,044 [pool-115-thread-1] INFO  segmented.SegmentedRaftLogWorker (SegmentedRaftLogWorker.java:lambda$new$0(129)) - 0e39abeb-e09f-4467-b548-2c183be5bccb@group-68409D80522E-SegmentedRaftLogWorker: flushIndex: setUnconditionally 0 -> -1
2020-05-07 05:22:05,048 [pool-115-thread-1] INFO  server.RaftServerConfigKeys (ConfUtils.java:logGet(44)) - raft.server.snapshot.auto.trigger.enabled = true (custom)
2020-05-07 05:22:05,048 [pool-115-thread-1] INFO  server.RaftServerConfigKeys (ConfUtils.java:logGet(44)) - raft.server.snapshot.auto.trigger.threshold = 10000 (custom)
2020-05-07 05:22:05,048 [pool-115-thread-1] INFO  server.RaftServerConfigKeys (ConfUtils.java:logGet(44)) - raft.server.snapshot.retention.file.num = 5 (custom)
2020-05-07 05:22:05,048 [pool-115-thread-1] INFO  server.RaftServerConfigKeys (ConfUtils.java:logGet(44)) - raft.server.log.purge.upto.snapshot.index = false (default)
2020-05-07 05:22:05,048 [pool-115-thread-1] INFO  server.RaftServerConfigKeys (ConfUtils.java:logGet(44)) - raft.server.retrycache.expirytime = 600000ms (custom)
2020-05-07 05:22:05,048 [pool-115-thread-1] INFO  metrics.RatisMetrics (RatisMetrics.java:lambda$create$0(39)) - Creating Metrics Registry : ratis.leader_election.0e39abeb-e09f-4467-b548-2c183be5bccb@group-68409D80522E
2020-05-07 05:22:05,049 [pool-115-thread-1] INFO  metrics.RatisMetrics (RatisMetrics.java:lambda$create$0(39)) - Creating Metrics Registry : ratis.server.0e39abeb-e09f-4467-b548-2c183be5bccb@group-68409D80522E
2020-05-07 05:22:05,050 [pool-115-thread-1] INFO  impl.RaftServerImpl (RaftServerImpl.java:start(184)) - 0e39abeb-e09f-4467-b548-2c183be5bccb@group-68409D80522E: start as a follower, conf=-1: [0e39abeb-e09f-4467-b548-2c183be5bccb:172.17.0.2:38085], old=null
2020-05-07 05:22:05,050 [pool-115-thread-1] INFO  impl.RaftServerImpl (RaftServerImpl.java:setRole(173)) - 0e39abeb-e09f-4467-b548-2c183be5bccb@group-68409D80522E: changes role from      null to FOLLOWER at term 0 for startAsFollower
2020-05-07 05:22:05,057 [pool-115-thread-1] INFO  impl.RoleInfo (RoleInfo.java:updateAndGet(143)) - 0e39abeb-e09f-4467-b548-2c183be5bccb: start FollowerState
2020-05-07 05:22:05,066 [Command processor thread] INFO  impl.RaftServerProxy (RaftServerProxy.java:addNew(89)) - 1d561850-96b7-413a-ba9b-809155ef9528: addNew group-5EEB00AF1FFD:[1d561850-96b7-413a-ba9b-809155ef9528:172.17.0.2:39163] returns group-5EEB00AF1FFD:java.util.concurrent.CompletableFuture@6c81c50c[Not completed]
2020-05-07 05:22:05,070 [pool-115-thread-1] INFO  util.JmxRegister (JmxRegister.java:tryRegister(44)) - Successfully registered JMX Bean with object name Ratis:service=RaftServer,group=group-68409D80522E,id=0e39abeb-e09f-4467-b548-2c183be5bccb
2020-05-07 05:22:05,070 [pool-115-thread-1] INFO  metrics.RatisMetrics (RatisMetrics.java:lambda$create$0(39)) - Creating Metrics Registry : ratis.state_machine.0e39abeb-e09f-4467-b548-2c183be5bccb@group-68409D80522E
2020-05-07 05:22:05,095 [pool-131-thread-1] INFO  impl.RaftServerImpl (RaftServerImpl.java:<init>(98)) - 1d561850-96b7-413a-ba9b-809155ef9528: new RaftServerImpl for group-5EEB00AF1FFD:[1d561850-96b7-413a-ba9b-809155ef9528:172.17.0.2:39163] with ContainerStateMachine:uninitialized
2020-05-07 05:22:05,095 [pool-131-thread-1] INFO  server.RaftServerConfigKeys (ConfUtils.java:logGet(44)) - raft.server.rpc.timeout.min = 5s (custom)
2020-05-07 05:22:05,095 [pool-131-thread-1] INFO  server.RaftServerConfigKeys (ConfUtils.java:logGet(44)) - raft.server.rpc.timeout.max = 5200ms (custom)
2020-05-07 05:22:05,095 [pool-131-thread-1] INFO  server.RaftServerConfigKeys (ConfUtils.java:logGet(44)) - raft.server.rpcslowness.timeout = 300s (custom)
2020-05-07 05:22:05,095 [pool-131-thread-1] INFO  server.RaftServerConfigKeys (ConfUtils.java:logGet(44)) - raft.server.sleep.deviation.threshold = 300 (default)
2020-05-07 05:22:05,095 [pool-131-thread-1] INFO  server.RaftServerConfigKeys (ConfUtils.java:logGet(44)) - raft.server.log.appender.install.snapshot.enabled = false (custom)
2020-05-07 05:22:05,095 [pool-131-thread-1] INFO  impl.RaftServerImpl (ServerState.java:<init>(103)) - 1d561850-96b7-413a-ba9b-809155ef9528@group-5EEB00AF1FFD: ConfigurationManager, init=-1: [1d561850-96b7-413a-ba9b-809155ef9528:172.17.0.2:39163], old=null, confs=<EMPTY_MAP>
2020-05-07 05:22:05,096 [pool-131-thread-1] INFO  server.RaftServerConfigKeys (ConfUtils.java:logGet(44)) - raft.server.storage.dir = [/github/workspace/mnt/ozone/hadoop-ozone/integration-test/target/test-dir/MiniOzoneClusterImpl-05740949-9c22-47e9-931e-531dd4a47486/datanode-6/data/ratis] (custom)
2020-05-07 05:22:05,096 [pool-131-thread-1] INFO  server.RaftServerConfigKeys (ConfUtils.java:logGet(44)) - raft.server.log.corruption.policy = EXCEPTION (default)
2020-05-07 05:22:05,096 [pool-131-thread-1] INFO  storage.RaftStorageDirectory (RaftStorageDirectory.java:analyzeStorage(261)) - The storage directory /github/workspace/mnt/ozone/hadoop-ozone/integration-test/target/test-dir/MiniOzoneClusterImpl-05740949-9c22-47e9-931e-531dd4a47486/datanode-6/data/ratis/49c0b3e4-3521-4d24-9d81-5eeb00af1ffd does not exist. Creating ...
2020-05-07 05:22:05,098 [Command processor thread] INFO  commandhandler.CreatePipelineCommandHandler (CreatePipelineCommandHandler.java:handle(109)) - Created Pipeline RATIS ONE #id: "c9c505bd-a533-4db6-82f0-68409d80522e"
.
2020-05-07 05:22:05,098 [Command processor thread] INFO  impl.RaftServerProxy (RaftServerProxy.java:addNew(89)) - 0e39abeb-e09f-4467-b548-2c183be5bccb: addNew group-766E59C4AC00:[356d7eb1-3ab0-4ec2-8f3b-50c5189d8c5c:172.17.0.2:42933, 0e39abeb-e09f-4467-b548-2c183be5bccb:172.17.0.2:38085, 434ad7a6-f62e-4a93-a110-3f74aeb448b2:172.17.0.2:45361] returns group-766E59C4AC00:java.util.concurrent.CompletableFuture@58e20e35[Not completed]
2020-05-07 05:22:05,100 [pool-115-thread-1] INFO  impl.RaftServerImpl (RaftServerImpl.java:<init>(98)) - 0e39abeb-e09f-4467-b548-2c183be5bccb: new RaftServerImpl for group-766E59C4AC00:[356d7eb1-3ab0-4ec2-8f3b-50c5189d8c5c:172.17.0.2:42933, 0e39abeb-e09f-4467-b548-2c183be5bccb:172.17.0.2:38085, 434ad7a6-f62e-4a93-a110-3f74aeb448b2:172.17.0.2:45361] with ContainerStateMachine:uninitialized
2020-05-07 05:22:05,100 [pool-115-thread-1] INFO  server.RaftServerConfigKeys (ConfUtils.java:logGet(44)) - raft.server.rpc.timeout.min = 5s (custom)
2020-05-07 05:22:05,100 [pool-115-thread-1] INFO  server.RaftServerConfigKeys (ConfUtils.java:logGet(44)) - raft.server.rpc.timeout.max = 5200ms (custom)
2020-05-07 05:22:05,100 [pool-115-thread-1] INFO  server.RaftServerConfigKeys (ConfUtils.java:logGet(44)) - raft.server.rpcslowness.timeout = 300s (custom)
2020-05-07 05:22:05,100 [pool-115-thread-1] INFO  server.RaftServerConfigKeys (ConfUtils.java:logGet(44)) - raft.server.sleep.deviation.threshold = 300 (default)
2020-05-07 05:22:05,100 [pool-115-thread-1] INFO  server.RaftServerConfigKeys (ConfUtils.java:logGet(44)) - raft.server.log.appender.install.snapshot.enabled = false (custom)
2020-05-07 05:22:05,100 [pool-115-thread-1] INFO  impl.RaftServerImpl (ServerState.java:<init>(103)) - 0e39abeb-e09f-4467-b548-2c183be5bccb@group-766E59C4AC00: ConfigurationManager, init=-1: [356d7eb1-3ab0-4ec2-8f3b-50c5189d8c5c:172.17.0.2:42933, 0e39abeb-e09f-4467-b548-2c183be5bccb:172.17.0.2:38085, 434ad7a6-f62e-4a93-a110-3f74aeb448b2:172.17.0.2:45361], old=null, confs=<EMPTY_MAP>
2020-05-07 05:22:05,101 [pool-115-thread-1] INFO  server.RaftServerConfigKeys (ConfUtils.java:logGet(44)) - raft.server.storage.dir = [/github/workspace/mnt/ozone/hadoop-ozone/integration-test/target/test-dir/MiniOzoneClusterImpl-05740949-9c22-47e9-931e-531dd4a47486/datanode-5/data/ratis] (custom)
2020-05-07 05:22:05,101 [pool-115-thread-1] INFO  server.RaftServerConfigKeys (ConfUtils.java:logGet(44)) - raft.server.log.corruption.policy = EXCEPTION (default)
2020-05-07 05:22:05,101 [pool-115-thread-1] INFO  storage.RaftStorageDirectory (RaftStorageDirectory.java:analyzeStorage(261)) - The storage directory /github/workspace/mnt/ozone/hadoop-ozone/integration-test/target/test-dir/MiniOzoneClusterImpl-05740949-9c22-47e9-931e-531dd4a47486/datanode-5/data/ratis/77a9c724-781f-44c6-80c6-766e59c4ac00 does not exist. Creating ...
2020-05-07 05:22:05,106 [pool-115-thread-1] INFO  storage.RaftStorageDirectory (RaftStorageDirectory.java:tryLock(343)) - Lock on /github/workspace/mnt/ozone/hadoop-ozone/integration-test/target/test-dir/MiniOzoneClusterImpl-05740949-9c22-47e9-931e-531dd4a47486/datanode-5/data/ratis/77a9c724-781f-44c6-80c6-766e59c4ac00/in_use.lock acquired by nodename 15437@b2266369218d
2020-05-07 05:22:05,107 [pool-131-thread-1] INFO  storage.RaftStorageDirectory (RaftStorageDirectory.java:tryLock(343)) - Lock on /github/workspace/mnt/ozone/hadoop-ozone/integration-test/target/test-dir/MiniOzoneClusterImpl-05740949-9c22-47e9-931e-531dd4a47486/datanode-6/data/ratis/49c0b3e4-3521-4d24-9d81-5eeb00af1ffd/in_use.lock acquired by nodename 15437@b2266369218d
2020-05-07 05:22:05,107 [pool-115-thread-1] INFO  storage.RaftStorage (RaftStorage.java:format(84)) - Storage directory /github/workspace/mnt/ozone/hadoop-ozone/integration-test/target/test-dir/MiniOzoneClusterImpl-05740949-9c22-47e9-931e-531dd4a47486/datanode-5/data/ratis/77a9c724-781f-44c6-80c6-766e59c4ac00 has been successfully formatted.
2020-05-07 05:22:05,110 [pool-115-thread-1] INFO  ratis.ContainerStateMachine (ContainerStateMachine.java:loadSnapshot(226)) - group-766E59C4AC00: The snapshot info is null. Setting the last applied indexto:(t:0, i:~)
2020-05-07 05:22:05,110 [pool-115-thread-1] INFO  server.RaftServerConfigKeys (ConfUtils.java:logGet(44)) - raft.server.notification.no-leader.timeout = 60s (default)
2020-05-07 05:22:05,110 [pool-115-thread-1] INFO  server.RaftServerConfigKeys (ConfUtils.java:logGet(44)) - raft.server.log.use.memory = false (default)
2020-05-07 05:22:05,110 [pool-115-thread-1] INFO  server.RaftServerConfigKeys (ConfUtils.java:logGet(44)) - raft.server.log.purge.gap = 1000000 (custom)
2020-05-07 05:22:05,110 [pool-115-thread-1] INFO  server.RaftServerConfigKeys (ConfUtils.java:logGet(44)) - raft.server.log.appender.buffer.byte-limit = 33554432 (custom)
2020-05-07 05:22:05,110 [pool-115-thread-1] INFO  server.RaftServerConfigKeys (ConfUtils.java:logGet(44)) - raft.server.log.segment.size.max = 1048576 (custom)
2020-05-07 05:22:05,110 [pool-115-thread-1] INFO  server.RaftServerConfigKeys (ConfUtils.java:logGet(44)) - raft.server.log.segment.cache.num.max = 2 (custom)
2020-05-07 05:22:05,111 [pool-115-thread-1] INFO  segmented.SegmentedRaftLogWorker (SegmentedRaftLogWorker.java:<init>(176)) - new 0e39abeb-e09f-4467-b548-2c183be5bccb@group-766E59C4AC00-SegmentedRaftLogWorker for RaftStorage:Storage Directory /github/workspace/mnt/ozone/hadoop-ozone/integration-test/target/test-dir/MiniOzoneClusterImpl-05740949-9c22-47e9-931e-531dd4a47486/datanode-5/data/ratis/77a9c724-781f-44c6-80c6-766e59c4ac00
2020-05-07 05:22:05,111 [pool-131-thread-1] INFO  storage.RaftStorage (RaftStorage.java:format(84)) - Storage directory /github/workspace/mnt/ozone/hadoop-ozone/integration-test/target/test-dir/MiniOzoneClusterImpl-05740949-9c22-47e9-931e-531dd4a47486/datanode-6/data/ratis/49c0b3e4-3521-4d24-9d81-5eeb00af1ffd has been successfully formatted.
2020-05-07 05:22:05,111 [pool-115-thread-1] INFO  server.RaftServerConfigKeys (ConfUtils.java:logGet(44)) - raft.server.log.queue.byte-limit = 2147483647 (custom)
2020-05-07 05:22:05,111 [pool-115-thread-1] INFO  server.RaftServerConfigKeys (ConfUtils.java:logGet(44)) - raft.server.log.queue.element-limit = 1024 (custom)
2020-05-07 05:22:05,114 [pool-131-thread-1] INFO  ratis.ContainerStateMachine (ContainerStateMachine.java:loadSnapshot(226)) - group-5EEB00AF1FFD: The snapshot info is null. Setting the last applied indexto:(t:0, i:~)
2020-05-07 05:22:05,114 [pool-131-thread-1] INFO  server.RaftServerConfigKeys (ConfUtils.java:logGet(44)) - raft.server.notification.no-leader.timeout = 60s (default)
2020-05-07 05:22:05,114 [pool-131-thread-1] INFO  server.RaftServerConfigKeys (ConfUtils.java:logGet(44)) - raft.server.log.use.memory = false (default)
2020-05-07 05:22:05,114 [pool-131-thread-1] INFO  server.RaftServerConfigKeys (ConfUtils.java:logGet(44)) - raft.server.log.purge.gap = 1000000 (custom)
2020-05-07 05:22:05,114 [pool-131-thread-1] INFO  server.RaftServerConfigKeys (ConfUtils.java:logGet(44)) - raft.server.log.appender.buffer.byte-limit = 33554432 (custom)
2020-05-07 05:22:05,114 [pool-131-thread-1] INFO  server.RaftServerConfigKeys (ConfUtils.java:logGet(44)) - raft.server.log.segment.size.max = 1048576 (custom)
2020-05-07 05:22:05,115 [pool-131-thread-1] INFO  metrics.RatisMetrics (RatisMetrics.java:lambda$create$0(39)) - Creating Metrics Registry : ratis.log_worker.1d561850-96b7-413a-ba9b-809155ef9528
2020-05-07 05:22:05,115 [pool-131-thread-1] INFO  server.RaftServerConfigKeys (ConfUtils.java:logGet(44)) - raft.server.log.segment.cache.num.max = 2 (custom)
2020-05-07 05:22:05,115 [pool-131-thread-1] INFO  segmented.SegmentedRaftLogWorker (SegmentedRaftLogWorker.java:<init>(176)) - new 1d561850-96b7-413a-ba9b-809155ef9528@group-5EEB00AF1FFD-SegmentedRaftLogWorker for RaftStorage:Storage Directory /github/workspace/mnt/ozone/hadoop-ozone/integration-test/target/test-dir/MiniOzoneClusterImpl-05740949-9c22-47e9-931e-531dd4a47486/datanode-6/data/ratis/49c0b3e4-3521-4d24-9d81-5eeb00af1ffd
2020-05-07 05:22:05,115 [pool-131-thread-1] INFO  server.RaftServerConfigKeys (ConfUtils.java:logGet(44)) - raft.server.log.queue.byte-limit = 2147483647 (custom)
2020-05-07 05:22:05,115 [pool-131-thread-1] INFO  server.RaftServerConfigKeys (ConfUtils.java:logGet(44)) - raft.server.log.queue.element-limit = 1024 (custom)
2020-05-07 05:22:05,115 [pool-131-thread-1] INFO  server.RaftServerConfigKeys (ConfUtils.java:logGet(44)) - raft.server.log.segment.size.max = 1048576 (custom)
2020-05-07 05:22:05,115 [pool-131-thread-1] INFO  server.RaftServerConfigKeys (ConfUtils.java:logGet(44)) - raft.server.log.preallocated.size = 16384 (custom)
2020-05-07 05:22:05,115 [pool-131-thread-1] INFO  server.RaftServerConfigKeys (ConfUtils.java:logGet(44)) - raft.server.log.write.buffer.size = 1048576 (custom)
2020-05-07 05:22:05,115 [pool-131-thread-1] INFO  server.RaftServerConfigKeys (ConfUtils.java:logGet(44)) - raft.server.log.force.sync.num = 128 (default)
2020-05-07 05:22:05,116 [pool-131-thread-1] INFO  server.RaftServerConfigKeys (ConfUtils.java:logGet(44)) - raft.server.log.statemachine.data.sync = true (default)
2020-05-07 05:22:05,116 [pool-131-thread-1] INFO  server.RaftServerConfigKeys (ConfUtils.java:logGet(44)) - raft.server.log.statemachine.data.sync.timeout = 10s (default)
2020-05-07 05:22:05,116 [pool-131-thread-1] INFO  server.RaftServerConfigKeys (ConfUtils.java:logGet(44)) - raft.server.log.statemachine.data.sync.timeout.retry = -1 (default)
2020-05-07 05:22:05,118 [EventQueue-PipelineReportForPipelineReportHandler] INFO  pipeline.PipelineStateManager (PipelineStateManager.java:openPipeline(131)) - Pipeline Pipeline[ Id: 49c0b3e4-3521-4d24-9d81-5eeb00af1ffd, Nodes: 1d561850-96b7-413a-ba9b-809155ef9528{ip: 172.17.0.2, host: b2266369218d, networkLocation: /default-rack, certSerialId: null}, Type:RATIS, Factor:ONE, State:ALLOCATED, leaderId:1d561850-96b7-413a-ba9b-809155ef9528, CreationTimestamp2020-05-07T05:22:02.054Z] moved to OPEN state
2020-05-07 05:22:05,118 [EventQueue-OpenPipelineForOneReplicaPipelineSafeModeRule] INFO  safemode.SCMSafeModeManager (SCMSafeModeManager.java:validateSafeModeExitRules(213)) - AtleastOneDatanodeReportedRule rule is successfully validated
2020-05-07 05:22:05,118 [EventQueue-OpenPipelineForHealthyPipelineSafeModeRule] INFO  safemode.SCMSafeModeManager (HealthyPipelineSafeModeRule.java:process(132)) - SCM in safe mode. Healthy pipelines reported count is 0, required healthy pipeline reported count is 1
2020-05-07 05:22:05,119 [pool-115-thread-1] INFO  server.RaftServerConfigKeys (ConfUtils.java:logGet(44)) - raft.server.log.segment.size.max = 1048576 (custom)
2020-05-07 05:22:05,119 [pool-115-thread-1] INFO  server.RaftServerConfigKeys (ConfUtils.java:logGet(44)) - raft.server.log.preallocated.size = 16384 (custom)
2020-05-07 05:22:05,119 [pool-115-thread-1] INFO  server.RaftServerConfigKeys (ConfUtils.java:logGet(44)) - raft.server.log.write.buffer.size = 1048576 (custom)
2020-05-07 05:22:05,120 [pool-115-thread-1] INFO  server.RaftServerConfigKeys (ConfUtils.java:logGet(44)) - raft.server.log.force.sync.num = 128 (default)
2020-05-07 05:22:05,120 [pool-115-thread-1] INFO  server.RaftServerConfigKeys (ConfUtils.java:logGet(44)) - raft.server.log.statemachine.data.sync = true (default)
2020-05-07 05:22:05,121 [pool-115-thread-1] INFO  server.RaftServerConfigKeys (ConfUtils.java:logGet(44)) - raft.server.log.statemachine.data.sync.timeout = 10s (default)
2020-05-07 05:22:05,121 [pool-115-thread-1] INFO  server.RaftServerConfigKeys (ConfUtils.java:logGet(44)) - raft.server.log.statemachine.data.sync.timeout.retry = -1 (default)
2020-05-07 05:22:05,122 [pool-115-thread-1] INFO  server.RaftServerConfigKeys (ConfUtils.java:logGet(44)) - raft.server.log.statemachine.data.caching.enabled = true (custom)
2020-05-07 05:22:05,122 [pool-115-thread-1] INFO  segmented.SegmentedRaftLogWorker (SegmentedRaftLogWorker.java:lambda$new$0(129)) - 0e39abeb-e09f-4467-b548-2c183be5bccb@group-766E59C4AC00-SegmentedRaftLogWorker: flushIndex: setUnconditionally 0 -> -1
2020-05-07 05:22:05,121 [pool-131-thread-1] INFO  server.RaftServerConfigKeys (ConfUtils.java:logGet(44)) - raft.server.log.statemachine.data.caching.enabled = true (custom)
2020-05-07 05:22:05,122 [pool-131-thread-1] INFO  segmented.SegmentedRaftLogWorker (SegmentedRaftLogWorker.java:lambda$new$0(129)) - 1d561850-96b7-413a-ba9b-809155ef9528@group-5EEB00AF1FFD-SegmentedRaftLogWorker: flushIndex: setUnconditionally 0 -> -1
2020-05-07 05:22:05,126 [pool-115-thread-1] INFO  server.RaftServerConfigKeys (ConfUtils.java:logGet(44)) - raft.server.snapshot.auto.trigger.enabled = true (custom)
2020-05-07 05:22:05,127 [pool-115-thread-1] INFO  server.RaftServerConfigKeys (ConfUtils.java:logGet(44)) - raft.server.snapshot.auto.trigger.threshold = 10000 (custom)
2020-05-07 05:22:05,127 [pool-115-thread-1] INFO  server.RaftServerConfigKeys (ConfUtils.java:logGet(44)) - raft.server.snapshot.retention.file.num = 5 (custom)
2020-05-07 05:22:05,127 [pool-115-thread-1] INFO  server.RaftServerConfigKeys (ConfUtils.java:logGet(44)) - raft.server.log.purge.upto.snapshot.index = false (default)
2020-05-07 05:22:05,131 [pool-131-thread-1] INFO  server.RaftServerConfigKeys (ConfUtils.java:logGet(44)) - raft.server.snapshot.auto.trigger.enabled = true (custom)
2020-05-07 05:22:05,131 [pool-131-thread-1] INFO  server.RaftServerConfigKeys (ConfUtils.java:logGet(44)) - raft.server.snapshot.auto.trigger.threshold = 10000 (custom)
2020-05-07 05:22:05,131 [pool-131-thread-1] INFO  server.RaftServerConfigKeys (ConfUtils.java:logGet(44)) - raft.server.snapshot.retention.file.num = 5 (custom)
2020-05-07 05:22:05,131 [pool-131-thread-1] INFO  server.RaftServerConfigKeys (ConfUtils.java:logGet(44)) - raft.server.log.purge.upto.snapshot.index = false (default)
2020-05-07 05:22:05,131 [pool-131-thread-1] INFO  server.RaftServerConfigKeys (ConfUtils.java:logGet(44)) - raft.server.retrycache.expirytime = 600000ms (custom)
2020-05-07 05:22:05,131 [pool-131-thread-1] INFO  metrics.RatisMetrics (RatisMetrics.java:lambda$create$0(39)) - Creating Metrics Registry : ratis.leader_election.1d561850-96b7-413a-ba9b-809155ef9528@group-5EEB00AF1FFD
2020-05-07 05:22:05,132 [pool-131-thread-1] INFO  metrics.RatisMetrics (RatisMetrics.java:lambda$create$0(39)) - Creating Metrics Registry : ratis.server.1d561850-96b7-413a-ba9b-809155ef9528@group-5EEB00AF1FFD
2020-05-07 05:22:05,133 [pool-131-thread-1] INFO  impl.RaftServerImpl (RaftServerImpl.java:start(184)) - 1d561850-96b7-413a-ba9b-809155ef9528@group-5EEB00AF1FFD: start as a follower, conf=-1: [1d561850-96b7-413a-ba9b-809155ef9528:172.17.0.2:39163], old=null
2020-05-07 05:22:05,133 [pool-131-thread-1] INFO  impl.RaftServerImpl (RaftServerImpl.java:setRole(173)) - 1d561850-96b7-413a-ba9b-809155ef9528@group-5EEB00AF1FFD: changes role from      null to FOLLOWER at term 0 for startAsFollower
2020-05-07 05:22:05,133 [pool-131-thread-1] INFO  impl.RoleInfo (RoleInfo.java:updateAndGet(143)) - 1d561850-96b7-413a-ba9b-809155ef9528: start FollowerState
2020-05-07 05:22:05,143 [pool-115-thread-1] INFO  server.RaftServerConfigKeys (ConfUtils.java:logGet(44)) - raft.server.retrycache.expirytime = 600000ms (custom)
2020-05-07 05:22:05,145 [pool-131-thread-1] INFO  util.JmxRegister (JmxRegister.java:tryRegister(44)) - Successfully registered JMX Bean with object name Ratis:service=RaftServer,group=group-5EEB00AF1FFD,id=1d561850-96b7-413a-ba9b-809155ef9528
2020-05-07 05:22:05,145 [pool-131-thread-1] INFO  metrics.RatisMetrics (RatisMetrics.java:lambda$create$0(39)) - Creating Metrics Registry : ratis.state_machine.1d561850-96b7-413a-ba9b-809155ef9528@group-5EEB00AF1FFD
2020-05-07 05:22:05,150 [Command processor thread] INFO  impl.RaftServerProxy (RaftServerProxy.java:addNew(89)) - a7b22bd6-1548-4dd4-8319-108e82584299: addNew group-CE58BB32FFA0:[a7b22bd6-1548-4dd4-8319-108e82584299:172.17.0.2:41095] returns group-CE58BB32FFA0:java.util.concurrent.CompletableFuture@6153d27c[Not completed]
2020-05-07 05:22:05,154 [pool-115-thread-1] INFO  metrics.RatisMetrics (RatisMetrics.java:lambda$create$0(39)) - Creating Metrics Registry : ratis.leader_election.0e39abeb-e09f-4467-b548-2c183be5bccb@group-766E59C4AC00
2020-05-07 05:22:05,155 [pool-115-thread-1] INFO  metrics.RatisMetrics (RatisMetrics.java:lambda$create$0(39)) - Creating Metrics Registry : ratis.server.0e39abeb-e09f-4467-b548-2c183be5bccb@group-766E59C4AC00
2020-05-07 05:22:05,156 [pool-115-thread-1] INFO  impl.RaftServerImpl (RaftServerImpl.java:start(184)) - 0e39abeb-e09f-4467-b548-2c183be5bccb@group-766E59C4AC00: start as a follower, conf=-1: [356d7eb1-3ab0-4ec2-8f3b-50c5189d8c5c:172.17.0.2:42933, 0e39abeb-e09f-4467-b548-2c183be5bccb:172.17.0.2:38085, 434ad7a6-f62e-4a93-a110-3f74aeb448b2:172.17.0.2:45361], old=null
2020-05-07 05:22:05,156 [pool-115-thread-1] INFO  impl.RaftServerImpl (RaftServerImpl.java:setRole(173)) - 0e39abeb-e09f-4467-b548-2c183be5bccb@group-766E59C4AC00: changes role from      null to FOLLOWER at term 0 for startAsFollower
2020-05-07 05:22:05,156 [pool-115-thread-1] INFO  impl.RoleInfo (RoleInfo.java:updateAndGet(143)) - 0e39abeb-e09f-4467-b548-2c183be5bccb: start FollowerState
2020-05-07 05:22:05,160 [pool-115-thread-1] INFO  util.JmxRegister (JmxRegister.java:tryRegister(44)) - Successfully registered JMX Bean with object name Ratis:service=RaftServer,group=group-766E59C4AC00,id=0e39abeb-e09f-4467-b548-2c183be5bccb
2020-05-07 05:22:05,160 [pool-115-thread-1] INFO  metrics.RatisMetrics (RatisMetrics.java:lambda$create$0(39)) - Creating Metrics Registry : ratis.state_machine.0e39abeb-e09f-4467-b548-2c183be5bccb@group-766E59C4AC00
2020-05-07 05:22:05,162 [pool-147-thread-1] INFO  impl.RaftServerImpl (RaftServerImpl.java:<init>(98)) - a7b22bd6-1548-4dd4-8319-108e82584299: new RaftServerImpl for group-CE58BB32FFA0:[a7b22bd6-1548-4dd4-8319-108e82584299:172.17.0.2:41095] with ContainerStateMachine:uninitialized
2020-05-07 05:22:05,162 [pool-147-thread-1] INFO  server.RaftServerConfigKeys (ConfUtils.java:logGet(44)) - raft.server.rpc.timeout.min = 5s (custom)
2020-05-07 05:22:05,162 [pool-147-thread-1] INFO  server.RaftServerConfigKeys (ConfUtils.java:logGet(44)) - raft.server.rpc.timeout.max = 5200ms (custom)
2020-05-07 05:22:05,163 [pool-147-thread-1] INFO  server.RaftServerConfigKeys (ConfUtils.java:logGet(44)) - raft.server.rpcslowness.timeout = 300s (custom)
2020-05-07 05:22:05,163 [pool-147-thread-1] INFO  server.RaftServerConfigKeys (ConfUtils.java:logGet(44)) - raft.server.sleep.deviation.threshold = 300 (default)
2020-05-07 05:22:05,163 [pool-147-thread-1] INFO  server.RaftServerConfigKeys (ConfUtils.java:logGet(44)) - raft.server.log.appender.install.snapshot.enabled = false (custom)
2020-05-07 05:22:05,163 [pool-147-thread-1] INFO  impl.RaftServerImpl (ServerState.java:<init>(103)) - a7b22bd6-1548-4dd4-8319-108e82584299@group-CE58BB32FFA0: ConfigurationManager, init=-1: [a7b22bd6-1548-4dd4-8319-108e82584299:172.17.0.2:41095], old=null, confs=<EMPTY_MAP>
2020-05-07 05:22:05,163 [pool-147-thread-1] INFO  server.RaftServerConfigKeys (ConfUtils.java:logGet(44)) - raft.server.storage.dir = [/github/workspace/mnt/ozone/hadoop-ozone/integration-test/target/test-dir/MiniOzoneClusterImpl-05740949-9c22-47e9-931e-531dd4a47486/datanode-7/data/ratis] (custom)
2020-05-07 05:22:05,163 [pool-147-thread-1] INFO  server.RaftServerConfigKeys (ConfUtils.java:logGet(44)) - raft.server.log.corruption.policy = EXCEPTION (default)
2020-05-07 05:22:05,163 [pool-147-thread-1] INFO  storage.RaftStorageDirectory (RaftStorageDirectory.java:analyzeStorage(261)) - The storage directory /github/workspace/mnt/ozone/hadoop-ozone/integration-test/target/test-dir/MiniOzoneClusterImpl-05740949-9c22-47e9-931e-531dd4a47486/datanode-7/data/ratis/1452de4f-40e2-4a9b-9e82-ce58bb32ffa0 does not exist. Creating ...
2020-05-07 05:22:05,176 [pool-147-thread-1] INFO  storage.RaftStorageDirectory (RaftStorageDirectory.java:tryLock(343)) - Lock on /github/workspace/mnt/ozone/hadoop-ozone/integration-test/target/test-dir/MiniOzoneClusterImpl-05740949-9c22-47e9-931e-531dd4a47486/datanode-7/data/ratis/1452de4f-40e2-4a9b-9e82-ce58bb32ffa0/in_use.lock acquired by nodename 15437@b2266369218d
2020-05-07 05:22:05,183 [pool-147-thread-1] INFO  storage.RaftStorage (RaftStorage.java:format(84)) - Storage directory /github/workspace/mnt/ozone/hadoop-ozone/integration-test/target/test-dir/MiniOzoneClusterImpl-05740949-9c22-47e9-931e-531dd4a47486/datanode-7/data/ratis/1452de4f-40e2-4a9b-9e82-ce58bb32ffa0 has been successfully formatted.
2020-05-07 05:22:05,183 [Command processor thread] INFO  commandhandler.CreatePipelineCommandHandler (CreatePipelineCommandHandler.java:handle(109)) - Created Pipeline RATIS ONE #id: "49c0b3e4-3521-4d24-9d81-5eeb00af1ffd"
.
2020-05-07 05:22:05,184 [Command processor thread] INFO  impl.RaftServerProxy (RaftServerProxy.java:addNew(89)) - 1d561850-96b7-413a-ba9b-809155ef9528: addNew group-DB17BF18CAD5:[a7b22bd6-1548-4dd4-8319-108e82584299:172.17.0.2:41095, 1d561850-96b7-413a-ba9b-809155ef9528:172.17.0.2:39163, d24c668a-8da2-49f7-9c88-63388abd62a3:172.17.0.2:41237] returns group-DB17BF18CAD5:java.util.concurrent.CompletableFuture@68be5c44[Not completed]
2020-05-07 05:22:05,185 [pool-131-thread-1] INFO  impl.RaftServerImpl (RaftServerImpl.java:<init>(98)) - 1d561850-96b7-413a-ba9b-809155ef9528: new RaftServerImpl for group-DB17BF18CAD5:[a7b22bd6-1548-4dd4-8319-108e82584299:172.17.0.2:41095, 1d561850-96b7-413a-ba9b-809155ef9528:172.17.0.2:39163, d24c668a-8da2-49f7-9c88-63388abd62a3:172.17.0.2:41237] with ContainerStateMachine:uninitialized
2020-05-07 05:22:05,185 [pool-131-thread-1] INFO  server.RaftServerConfigKeys (ConfUtils.java:logGet(44)) - raft.server.rpc.timeout.min = 5s (custom)
2020-05-07 05:22:05,185 [pool-131-thread-1] INFO  server.RaftServerConfigKeys (ConfUtils.java:logGet(44)) - raft.server.rpc.timeout.max = 5200ms (custom)
2020-05-07 05:22:05,185 [pool-131-thread-1] INFO  server.RaftServerConfigKeys (ConfUtils.java:logGet(44)) - raft.server.rpcslowness.timeout = 300s (custom)
2020-05-07 05:22:05,185 [pool-131-thread-1] INFO  server.RaftServerConfigKeys (ConfUtils.java:logGet(44)) - raft.server.sleep.deviation.threshold = 300 (default)
2020-05-07 05:22:05,185 [pool-131-thread-1] INFO  server.RaftServerConfigKeys (ConfUtils.java:logGet(44)) - raft.server.log.appender.install.snapshot.enabled = false (custom)
2020-05-07 05:22:05,185 [pool-131-thread-1] INFO  impl.RaftServerImpl (ServerState.java:<init>(103)) - 1d561850-96b7-413a-ba9b-809155ef9528@group-DB17BF18CAD5: ConfigurationManager, init=-1: [a7b22bd6-1548-4dd4-8319-108e82584299:172.17.0.2:41095, 1d561850-96b7-413a-ba9b-809155ef9528:172.17.0.2:39163, d24c668a-8da2-49f7-9c88-63388abd62a3:172.17.0.2:41237], old=null, confs=<EMPTY_MAP>
2020-05-07 05:22:05,185 [pool-131-thread-1] INFO  server.RaftServerConfigKeys (ConfUtils.java:logGet(44)) - raft.server.storage.dir = [/github/workspace/mnt/ozone/hadoop-ozone/integration-test/target/test-dir/MiniOzoneClusterImpl-05740949-9c22-47e9-931e-531dd4a47486/datanode-6/data/ratis] (custom)
2020-05-07 05:22:05,186 [pool-131-thread-1] INFO  server.RaftServerConfigKeys (ConfUtils.java:logGet(44)) - raft.server.log.corruption.policy = EXCEPTION (default)
2020-05-07 05:22:05,186 [pool-131-thread-1] INFO  storage.RaftStorageDirectory (RaftStorageDirectory.java:analyzeStorage(261)) - The storage directory /github/workspace/mnt/ozone/hadoop-ozone/integration-test/target/test-dir/MiniOzoneClusterImpl-05740949-9c22-47e9-931e-531dd4a47486/datanode-6/data/ratis/e32e5c59-c9ec-4c85-9521-db17bf18cad5 does not exist. Creating ...
2020-05-07 05:22:05,191 [pool-147-thread-1] INFO  ratis.ContainerStateMachine (ContainerStateMachine.java:loadSnapshot(226)) - group-CE58BB32FFA0: The snapshot info is null. Setting the last applied indexto:(t:0, i:~)
2020-05-07 05:22:05,191 [pool-147-thread-1] INFO  server.RaftServerConfigKeys (ConfUtils.java:logGet(44)) - raft.server.notification.no-leader.timeout = 60s (default)
2020-05-07 05:22:05,191 [pool-147-thread-1] INFO  server.RaftServerConfigKeys (ConfUtils.java:logGet(44)) - raft.server.log.use.memory = false (default)
2020-05-07 05:22:05,191 [pool-147-thread-1] INFO  server.RaftServerConfigKeys (ConfUtils.java:logGet(44)) - raft.server.log.purge.gap = 1000000 (custom)
2020-05-07 05:22:05,191 [pool-147-thread-1] INFO  server.RaftServerConfigKeys (ConfUtils.java:logGet(44)) - raft.server.log.appender.buffer.byte-limit = 33554432 (custom)
2020-05-07 05:22:05,191 [pool-147-thread-1] INFO  server.RaftServerConfigKeys (ConfUtils.java:logGet(44)) - raft.server.log.segment.size.max = 1048576 (custom)
2020-05-07 05:22:05,191 [pool-147-thread-1] INFO  metrics.RatisMetrics (RatisMetrics.java:lambda$create$0(39)) - Creating Metrics Registry : ratis.log_worker.a7b22bd6-1548-4dd4-8319-108e82584299
2020-05-07 05:22:05,191 [pool-147-thread-1] INFO  server.RaftServerConfigKeys (ConfUtils.java:logGet(44)) - raft.server.log.segment.cache.num.max = 2 (custom)
2020-05-07 05:22:05,191 [pool-147-thread-1] INFO  segmented.SegmentedRaftLogWorker (SegmentedRaftLogWorker.java:<init>(176)) - new a7b22bd6-1548-4dd4-8319-108e82584299@group-CE58BB32FFA0-SegmentedRaftLogWorker for RaftStorage:Storage Directory /github/workspace/mnt/ozone/hadoop-ozone/integration-test/target/test-dir/MiniOzoneClusterImpl-05740949-9c22-47e9-931e-531dd4a47486/datanode-7/data/ratis/1452de4f-40e2-4a9b-9e82-ce58bb32ffa0
2020-05-07 05:22:05,192 [pool-147-thread-1] INFO  server.RaftServerConfigKeys (ConfUtils.java:logGet(44)) - raft.server.log.queue.byte-limit = 2147483647 (custom)
2020-05-07 05:22:05,192 [pool-147-thread-1] INFO  server.RaftServerConfigKeys (ConfUtils.java:logGet(44)) - raft.server.log.queue.element-limit = 1024 (custom)
2020-05-07 05:22:05,192 [pool-147-thread-1] INFO  server.RaftServerConfigKeys (ConfUtils.java:logGet(44)) - raft.server.log.segment.size.max = 1048576 (custom)
2020-05-07 05:22:05,192 [pool-147-thread-1] INFO  server.RaftServerConfigKeys (ConfUtils.java:logGet(44)) - raft.server.log.preallocated.size = 16384 (custom)
2020-05-07 05:22:05,192 [pool-147-thread-1] INFO  server.RaftServerConfigKeys (ConfUtils.java:logGet(44)) - raft.server.log.write.buffer.size = 1048576 (custom)
2020-05-07 05:22:05,192 [pool-147-thread-1] INFO  server.RaftServerConfigKeys (ConfUtils.java:logGet(44)) - raft.server.log.force.sync.num = 128 (default)
2020-05-07 05:22:05,192 [pool-147-thread-1] INFO  server.RaftServerConfigKeys (ConfUtils.java:logGet(44)) - raft.server.log.statemachine.data.sync = true (default)
2020-05-07 05:22:05,192 [pool-147-thread-1] INFO  server.RaftServerConfigKeys (ConfUtils.java:logGet(44)) - raft.server.log.statemachine.data.sync.timeout = 10s (default)
2020-05-07 05:22:05,192 [pool-147-thread-1] INFO  server.RaftServerConfigKeys (ConfUtils.java:logGet(44)) - raft.server.log.statemachine.data.sync.timeout.retry = -1 (default)
2020-05-07 05:22:05,194 [pool-147-thread-1] INFO  server.RaftServerConfigKeys (ConfUtils.java:logGet(44)) - raft.server.log.statemachine.data.caching.enabled = true (custom)
2020-05-07 05:22:05,195 [EventQueue-PipelineReportForPipelineReportHandler] INFO  pipeline.PipelineStateManager (PipelineStateManager.java:openPipeline(131)) - Pipeline Pipeline[ Id: 1452de4f-40e2-4a9b-9e82-ce58bb32ffa0, Nodes: a7b22bd6-1548-4dd4-8319-108e82584299{ip: 172.17.0.2, host: b2266369218d, networkLocation: /default-rack, certSerialId: null}, Type:RATIS, Factor:ONE, State:ALLOCATED, leaderId:a7b22bd6-1548-4dd4-8319-108e82584299, CreationTimestamp2020-05-07T05:22:02.147Z] moved to OPEN state
2020-05-07 05:22:05,195 [EventQueue-OpenPipelineForOneReplicaPipelineSafeModeRule] INFO  safemode.SCMSafeModeManager (SCMSafeModeManager.java:validateSafeModeExitRules(213)) - AtleastOneDatanodeReportedRule rule is successfully validated
2020-05-07 05:22:05,195 [EventQueue-OpenPipelineForHealthyPipelineSafeModeRule] INFO  safemode.SCMSafeModeManager (HealthyPipelineSafeModeRule.java:process(132)) - SCM in safe mode. Healthy pipelines reported count is 0, required healthy pipeline reported count is 1
2020-05-07 05:22:05,195 [pool-147-thread-1] INFO  segmented.SegmentedRaftLogWorker (SegmentedRaftLogWorker.java:lambda$new$0(129)) - a7b22bd6-1548-4dd4-8319-108e82584299@group-CE58BB32FFA0-SegmentedRaftLogWorker: flushIndex: setUnconditionally 0 -> -1
2020-05-07 05:22:05,195 [pool-147-thread-1] INFO  server.RaftServerConfigKeys (ConfUtils.java:logGet(44)) - raft.server.snapshot.auto.trigger.enabled = true (custom)
2020-05-07 05:22:05,196 [pool-147-thread-1] INFO  server.RaftServerConfigKeys (ConfUtils.java:logGet(44)) - raft.server.snapshot.auto.trigger.threshold = 10000 (custom)
2020-05-07 05:22:05,196 [pool-147-thread-1] INFO  server.RaftServerConfigKeys (ConfUtils.java:logGet(44)) - raft.server.snapshot.retention.file.num = 5 (custom)
2020-05-07 05:22:05,196 [pool-147-thread-1] INFO  server.RaftServerConfigKeys (ConfUtils.java:logGet(44)) - raft.server.log.purge.upto.snapshot.index = false (default)
2020-05-07 05:22:05,196 [pool-147-thread-1] INFO  server.RaftServerConfigKeys (ConfUtils.java:logGet(44)) - raft.server.retrycache.expirytime = 600000ms (custom)
2020-05-07 05:22:05,196 [pool-147-thread-1] INFO  metrics.RatisMetrics (RatisMetrics.java:lambda$create$0(39)) - Creating Metrics Registry : ratis.leader_election.a7b22bd6-1548-4dd4-8319-108e82584299@group-CE58BB32FFA0
2020-05-07 05:22:05,196 [pool-147-thread-1] INFO  metrics.RatisMetrics (RatisMetrics.java:lambda$create$0(39)) - Creating Metrics Registry : ratis.server.a7b22bd6-1548-4dd4-8319-108e82584299@group-CE58BB32FFA0
2020-05-07 05:22:05,198 [pool-147-thread-1] INFO  impl.RaftServerImpl (RaftServerImpl.java:start(184)) - a7b22bd6-1548-4dd4-8319-108e82584299@group-CE58BB32FFA0: start as a follower, conf=-1: [a7b22bd6-1548-4dd4-8319-108e82584299:172.17.0.2:41095], old=null
2020-05-07 05:22:05,198 [pool-147-thread-1] INFO  impl.RaftServerImpl (RaftServerImpl.java:setRole(173)) - a7b22bd6-1548-4dd4-8319-108e82584299@group-CE58BB32FFA0: changes role from      null to FOLLOWER at term 0 for startAsFollower
2020-05-07 05:22:05,198 [pool-131-thread-1] INFO  storage.RaftStorageDirectory (RaftStorageDirectory.java:tryLock(343)) - Lock on /github/workspace/mnt/ozone/hadoop-ozone/integration-test/target/test-dir/MiniOzoneClusterImpl-05740949-9c22-47e9-931e-531dd4a47486/datanode-6/data/ratis/e32e5c59-c9ec-4c85-9521-db17bf18cad5/in_use.lock acquired by nodename 15437@b2266369218d
2020-05-07 05:22:05,202 [pool-147-thread-1] INFO  impl.RoleInfo (RoleInfo.java:updateAndGet(143)) - a7b22bd6-1548-4dd4-8319-108e82584299: start FollowerState
2020-05-07 05:22:05,203 [pool-131-thread-1] INFO  storage.RaftStorage (RaftStorage.java:format(84)) - Storage directory /github/workspace/mnt/ozone/hadoop-ozone/integration-test/target/test-dir/MiniOzoneClusterImpl-05740949-9c22-47e9-931e-531dd4a47486/datanode-6/data/ratis/e32e5c59-c9ec-4c85-9521-db17bf18cad5 has been successfully formatted.
2020-05-07 05:22:05,207 [pool-147-thread-1] INFO  util.JmxRegister (JmxRegister.java:tryRegister(44)) - Successfully registered JMX Bean with object name Ratis:service=RaftServer,group=group-CE58BB32FFA0,id=a7b22bd6-1548-4dd4-8319-108e82584299
2020-05-07 05:22:05,207 [pool-147-thread-1] INFO  metrics.RatisMetrics (RatisMetrics.java:lambda$create$0(39)) - Creating Metrics Registry : ratis.state_machine.a7b22bd6-1548-4dd4-8319-108e82584299@group-CE58BB32FFA0
2020-05-07 05:22:05,225 [pool-131-thread-1] INFO  ratis.ContainerStateMachine (ContainerStateMachine.java:loadSnapshot(226)) - group-DB17BF18CAD5: The snapshot info is null. Setting the last applied indexto:(t:0, i:~)
2020-05-07 05:22:05,225 [pool-131-thread-1] INFO  server.RaftServerConfigKeys (ConfUtils.java:logGet(44)) - raft.server.notification.no-leader.timeout = 60s (default)
2020-05-07 05:22:05,225 [pool-131-thread-1] INFO  server.RaftServerConfigKeys (ConfUtils.java:logGet(44)) - raft.server.log.use.memory = false (default)
2020-05-07 05:22:05,225 [pool-131-thread-1] INFO  server.RaftServerConfigKeys (ConfUtils.java:logGet(44)) - raft.server.log.purge.gap = 1000000 (custom)
2020-05-07 05:22:05,225 [pool-131-thread-1] INFO  server.RaftServerConfigKeys (ConfUtils.java:logGet(44)) - raft.server.log.appender.buffer.byte-limit = 33554432 (custom)
2020-05-07 05:22:05,225 [pool-131-thread-1] INFO  server.RaftServerConfigKeys (ConfUtils.java:logGet(44)) - raft.server.log.segment.size.max = 1048576 (custom)
2020-05-07 05:22:05,226 [pool-131-thread-1] INFO  server.RaftServerConfigKeys (ConfUtils.java:logGet(44)) - raft.server.log.segment.cache.num.max = 2 (custom)
2020-05-07 05:22:05,226 [pool-131-thread-1] INFO  segmented.SegmentedRaftLogWorker (SegmentedRaftLogWorker.java:<init>(176)) - new 1d561850-96b7-413a-ba9b-809155ef9528@group-DB17BF18CAD5-SegmentedRaftLogWorker for RaftStorage:Storage Directory /github/workspace/mnt/ozone/hadoop-ozone/integration-test/target/test-dir/MiniOzoneClusterImpl-05740949-9c22-47e9-931e-531dd4a47486/datanode-6/data/ratis/e32e5c59-c9ec-4c85-9521-db17bf18cad5
2020-05-07 05:22:05,226 [pool-131-thread-1] INFO  server.RaftServerConfigKeys (ConfUtils.java:logGet(44)) - raft.server.log.queue.byte-limit = 2147483647 (custom)
2020-05-07 05:22:05,226 [pool-131-thread-1] INFO  server.RaftServerConfigKeys (ConfUtils.java:logGet(44)) - raft.server.log.queue.element-limit = 1024 (custom)
2020-05-07 05:22:05,226 [pool-131-thread-1] INFO  server.RaftServerConfigKeys (ConfUtils.java:logGet(44)) - raft.server.log.segment.size.max = 1048576 (custom)
2020-05-07 05:22:05,226 [pool-131-thread-1] INFO  server.RaftServerConfigKeys (ConfUtils.java:logGet(44)) - raft.server.log.preallocated.size = 16384 (custom)
2020-05-07 05:22:05,226 [pool-131-thread-1] INFO  server.RaftServerConfigKeys (ConfUtils.java:logGet(44)) - raft.server.log.write.buffer.size = 1048576 (custom)
2020-05-07 05:22:05,226 [pool-131-thread-1] INFO  server.RaftServerConfigKeys (ConfUtils.java:logGet(44)) - raft.server.log.force.sync.num = 128 (default)
2020-05-07 05:22:05,226 [pool-131-thread-1] INFO  server.RaftServerConfigKeys (ConfUtils.java:logGet(44)) - raft.server.log.statemachine.data.sync = true (default)
2020-05-07 05:22:05,226 [pool-131-thread-1] INFO  server.RaftServerConfigKeys (ConfUtils.java:logGet(44)) - raft.server.log.statemachine.data.sync.timeout = 10s (default)
2020-05-07 05:22:05,226 [pool-131-thread-1] INFO  server.RaftServerConfigKeys (ConfUtils.java:logGet(44)) - raft.server.log.statemachine.data.sync.timeout.retry = -1 (default)
2020-05-07 05:22:05,226 [Command processor thread] INFO  impl.RaftServerProxy (RaftServerProxy.java:addNew(89)) - d24c668a-8da2-49f7-9c88-63388abd62a3: addNew group-7E2C879F25E8:[d24c668a-8da2-49f7-9c88-63388abd62a3:172.17.0.2:41237] returns group-7E2C879F25E8:java.util.concurrent.CompletableFuture@537ca80[Not completed]
2020-05-07 05:22:05,227 [Command processor thread] INFO  commandhandler.CreatePipelineCommandHandler (CreatePipelineCommandHandler.java:handle(109)) - Created Pipeline RATIS ONE #id: "1452de4f-40e2-4a9b-9e82-ce58bb32ffa0"
.
2020-05-07 05:22:05,228 [Command processor thread] INFO  impl.RaftServerProxy (RaftServerProxy.java:addNew(89)) - a7b22bd6-1548-4dd4-8319-108e82584299: addNew group-DB17BF18CAD5:[a7b22bd6-1548-4dd4-8319-108e82584299:172.17.0.2:41095, 1d561850-96b7-413a-ba9b-809155ef9528:172.17.0.2:39163, d24c668a-8da2-49f7-9c88-63388abd62a3:172.17.0.2:41237] returns group-DB17BF18CAD5:java.util.concurrent.CompletableFuture@656c5a8e[Not completed]
2020-05-07 05:22:05,229 [pool-147-thread-1] INFO  impl.RaftServerImpl (RaftServerImpl.java:<init>(98)) - a7b22bd6-1548-4dd4-8319-108e82584299: new RaftServerImpl for group-DB17BF18CAD5:[a7b22bd6-1548-4dd4-8319-108e82584299:172.17.0.2:41095, 1d561850-96b7-413a-ba9b-809155ef9528:172.17.0.2:39163, d24c668a-8da2-49f7-9c88-63388abd62a3:172.17.0.2:41237] with ContainerStateMachine:uninitialized
2020-05-07 05:22:05,229 [pool-147-thread-1] INFO  server.RaftServerConfigKeys (ConfUtils.java:logGet(44)) - raft.server.rpc.timeout.min = 5s (custom)
2020-05-07 05:22:05,229 [pool-147-thread-1] INFO  server.RaftServerConfigKeys (ConfUtils.java:logGet(44)) - raft.server.rpc.timeout.max = 5200ms (custom)
2020-05-07 05:22:05,229 [pool-147-thread-1] INFO  server.RaftServerConfigKeys (ConfUtils.java:logGet(44)) - raft.server.rpcslowness.timeout = 300s (custom)
2020-05-07 05:22:05,229 [pool-147-thread-1] INFO  server.RaftServerConfigKeys (ConfUtils.java:logGet(44)) - raft.server.sleep.deviation.threshold = 300 (default)
2020-05-07 05:22:05,229 [pool-147-thread-1] INFO  server.RaftServerConfigKeys (ConfUtils.java:logGet(44)) - raft.server.log.appender.install.snapshot.enabled = false (custom)
2020-05-07 05:22:05,229 [pool-147-thread-1] INFO  impl.RaftServerImpl (ServerState.java:<init>(103)) - a7b22bd6-1548-4dd4-8319-108e82584299@group-DB17BF18CAD5: ConfigurationManager, init=-1: [a7b22bd6-1548-4dd4-8319-108e82584299:172.17.0.2:41095, 1d561850-96b7-413a-ba9b-809155ef9528:172.17.0.2:39163, d24c668a-8da2-49f7-9c88-63388abd62a3:172.17.0.2:41237], old=null, confs=<EMPTY_MAP>
2020-05-07 05:22:05,229 [pool-147-thread-1] INFO  server.RaftServerConfigKeys (ConfUtils.java:logGet(44)) - raft.server.storage.dir = [/github/workspace/mnt/ozone/hadoop-ozone/integration-test/target/test-dir/MiniOzoneClusterImpl-05740949-9c22-47e9-931e-531dd4a47486/datanode-7/data/ratis] (custom)
2020-05-07 05:22:05,230 [pool-147-thread-1] INFO  server.RaftServerConfigKeys (ConfUtils.java:logGet(44)) - raft.server.log.corruption.policy = EXCEPTION (default)
2020-05-07 05:22:05,230 [pool-147-thread-1] INFO  storage.RaftStorageDirectory (RaftStorageDirectory.java:analyzeStorage(261)) - The storage directory /github/workspace/mnt/ozone/hadoop-ozone/integration-test/target/test-dir/MiniOzoneClusterImpl-05740949-9c22-47e9-931e-531dd4a47486/datanode-7/data/ratis/e32e5c59-c9ec-4c85-9521-db17bf18cad5 does not exist. Creating ...
2020-05-07 05:22:05,232 [pool-131-thread-1] INFO  server.RaftServerConfigKeys (ConfUtils.java:logGet(44)) - raft.server.log.statemachine.data.caching.enabled = true (custom)
2020-05-07 05:22:05,233 [pool-131-thread-1] INFO  segmented.SegmentedRaftLogWorker (SegmentedRaftLogWorker.java:lambda$new$0(129)) - 1d561850-96b7-413a-ba9b-809155ef9528@group-DB17BF18CAD5-SegmentedRaftLogWorker: flushIndex: setUnconditionally 0 -> -1
2020-05-07 05:22:05,234 [pool-147-thread-1] INFO  storage.RaftStorageDirectory (RaftStorageDirectory.java:tryLock(343)) - Lock on /github/workspace/mnt/ozone/hadoop-ozone/integration-test/target/test-dir/MiniOzoneClusterImpl-05740949-9c22-47e9-931e-531dd4a47486/datanode-7/data/ratis/e32e5c59-c9ec-4c85-9521-db17bf18cad5/in_use.lock acquired by nodename 15437@b2266369218d
2020-05-07 05:22:05,235 [pool-147-thread-1] INFO  storage.RaftStorage (RaftStorage.java:format(84)) - Storage directory /github/workspace/mnt/ozone/hadoop-ozone/integration-test/target/test-dir/MiniOzoneClusterImpl-05740949-9c22-47e9-931e-531dd4a47486/datanode-7/data/ratis/e32e5c59-c9ec-4c85-9521-db17bf18cad5 has been successfully formatted.
2020-05-07 05:22:05,238 [pool-131-thread-1] INFO  server.RaftServerConfigKeys (ConfUtils.java:logGet(44)) - raft.server.snapshot.auto.trigger.enabled = true (custom)
2020-05-07 05:22:05,238 [pool-131-thread-1] INFO  server.RaftServerConfigKeys (ConfUtils.java:logGet(44)) - raft.server.snapshot.auto.trigger.threshold = 10000 (custom)
2020-05-07 05:22:05,238 [pool-131-thread-1] INFO  server.RaftServerConfigKeys (ConfUtils.java:logGet(44)) - raft.server.snapshot.retention.file.num = 5 (custom)
2020-05-07 05:22:05,238 [pool-131-thread-1] INFO  server.RaftServerConfigKeys (ConfUtils.java:logGet(44)) - raft.server.log.purge.upto.snapshot.index = false (default)
2020-05-07 05:22:05,239 [pool-131-thread-1] INFO  server.RaftServerConfigKeys (ConfUtils.java:logGet(44)) - raft.server.retrycache.expirytime = 600000ms (custom)
2020-05-07 05:22:05,239 [pool-131-thread-1] INFO  metrics.RatisMetrics (RatisMetrics.java:lambda$create$0(39)) - Creating Metrics Registry : ratis.leader_election.1d561850-96b7-413a-ba9b-809155ef9528@group-DB17BF18CAD5
2020-05-07 05:22:05,239 [pool-131-thread-1] INFO  metrics.RatisMetrics (RatisMetrics.java:lambda$create$0(39)) - Creating Metrics Registry : ratis.server.1d561850-96b7-413a-ba9b-809155ef9528@group-DB17BF18CAD5
2020-05-07 05:22:05,240 [pool-147-thread-1] INFO  ratis.ContainerStateMachine (ContainerStateMachine.java:loadSnapshot(226)) - group-DB17BF18CAD5: The snapshot info is null. Setting the last applied indexto:(t:0, i:~)
2020-05-07 05:22:05,241 [pool-147-thread-1] INFO  server.RaftServerConfigKeys (ConfUtils.java:logGet(44)) - raft.server.notification.no-leader.timeout = 60s (default)
2020-05-07 05:22:05,241 [pool-147-thread-1] INFO  server.RaftServerConfigKeys (ConfUtils.java:logGet(44)) - raft.server.log.use.memory = false (default)
2020-05-07 05:22:05,241 [pool-147-thread-1] INFO  server.RaftServerConfigKeys (ConfUtils.java:logGet(44)) - raft.server.log.purge.gap = 1000000 (custom)
2020-05-07 05:22:05,241 [pool-147-thread-1] INFO  server.RaftServerConfigKeys (ConfUtils.java:logGet(44)) - raft.server.log.appender.buffer.byte-limit = 33554432 (custom)
2020-05-07 05:22:05,241 [pool-147-thread-1] INFO  server.RaftServerConfigKeys (ConfUtils.java:logGet(44)) - raft.server.log.segment.size.max = 1048576 (custom)
2020-05-07 05:22:05,241 [pool-147-thread-1] INFO  server.RaftServerConfigKeys (ConfUtils.java:logGet(44)) - raft.server.log.segment.cache.num.max = 2 (custom)
2020-05-07 05:22:05,241 [pool-147-thread-1] INFO  segmented.SegmentedRaftLogWorker (SegmentedRaftLogWorker.java:<init>(176)) - new a7b22bd6-1548-4dd4-8319-108e82584299@group-DB17BF18CAD5-SegmentedRaftLogWorker for RaftStorage:Storage Directory /github/workspace/mnt/ozone/hadoop-ozone/integration-test/target/test-dir/MiniOzoneClusterImpl-05740949-9c22-47e9-931e-531dd4a47486/datanode-7/data/ratis/e32e5c59-c9ec-4c85-9521-db17bf18cad5
2020-05-07 05:22:05,241 [pool-147-thread-1] INFO  server.RaftServerConfigKeys (ConfUtils.java:logGet(44)) - raft.server.log.queue.byte-limit = 2147483647 (custom)
2020-05-07 05:22:05,241 [pool-147-thread-1] INFO  server.RaftServerConfigKeys (ConfUtils.java:logGet(44)) - raft.server.log.queue.element-limit = 1024 (custom)
2020-05-07 05:22:05,241 [pool-147-thread-1] INFO  server.RaftServerConfigKeys (ConfUtils.java:logGet(44)) - raft.server.log.segment.size.max = 1048576 (custom)
2020-05-07 05:22:05,241 [pool-147-thread-1] INFO  server.RaftServerConfigKeys (ConfUtils.java:logGet(44)) - raft.server.log.preallocated.size = 16384 (custom)
2020-05-07 05:22:05,242 [pool-147-thread-1] INFO  server.RaftServerConfigKeys (ConfUtils.java:logGet(44)) - raft.server.log.write.buffer.size = 1048576 (custom)
2020-05-07 05:22:05,242 [pool-147-thread-1] INFO  server.RaftServerConfigKeys (ConfUtils.java:logGet(44)) - raft.server.log.force.sync.num = 128 (default)
2020-05-07 05:22:05,242 [pool-147-thread-1] INFO  server.RaftServerConfigKeys (ConfUtils.java:logGet(44)) - raft.server.log.statemachine.data.sync = true (default)
2020-05-07 05:22:05,242 [pool-147-thread-1] INFO  server.RaftServerConfigKeys (ConfUtils.java:logGet(44)) - raft.server.log.statemachine.data.sync.timeout = 10s (default)
2020-05-07 05:22:05,242 [pool-147-thread-1] INFO  server.RaftServerConfigKeys (ConfUtils.java:logGet(44)) - raft.server.log.statemachine.data.sync.timeout.retry = -1 (default)
2020-05-07 05:22:05,244 [pool-131-thread-1] INFO  impl.RaftServerImpl (RaftServerImpl.java:start(184)) - 1d561850-96b7-413a-ba9b-809155ef9528@group-DB17BF18CAD5: start as a follower, conf=-1: [a7b22bd6-1548-4dd4-8319-108e82584299:172.17.0.2:41095, 1d561850-96b7-413a-ba9b-809155ef9528:172.17.0.2:39163, d24c668a-8da2-49f7-9c88-63388abd62a3:172.17.0.2:41237], old=null
2020-05-07 05:22:05,244 [pool-131-thread-1] INFO  impl.RaftServerImpl (RaftServerImpl.java:setRole(173)) - 1d561850-96b7-413a-ba9b-809155ef9528@group-DB17BF18CAD5: changes role from      null to FOLLOWER at term 0 for startAsFollower
2020-05-07 05:22:05,244 [pool-131-thread-1] INFO  impl.RoleInfo (RoleInfo.java:updateAndGet(143)) - 1d561850-96b7-413a-ba9b-809155ef9528: start FollowerState
2020-05-07 05:22:05,244 [pool-147-thread-1] INFO  server.RaftServerConfigKeys (ConfUtils.java:logGet(44)) - raft.server.log.statemachine.data.caching.enabled = true (custom)
2020-05-07 05:22:05,246 [pool-163-thread-1] INFO  impl.RaftServerImpl (RaftServerImpl.java:<init>(98)) - d24c668a-8da2-49f7-9c88-63388abd62a3: new RaftServerImpl for group-7E2C879F25E8:[d24c668a-8da2-49f7-9c88-63388abd62a3:172.17.0.2:41237] with ContainerStateMachine:uninitialized
2020-05-07 05:22:05,247 [pool-163-thread-1] INFO  server.RaftServerConfigKeys (ConfUtils.java:logGet(44)) - raft.server.rpc.timeout.min = 5s (custom)
2020-05-07 05:22:05,247 [pool-163-thread-1] INFO  server.RaftServerConfigKeys (ConfUtils.java:logGet(44)) - raft.server.rpc.timeout.max = 5200ms (custom)
2020-05-07 05:22:05,247 [pool-163-thread-1] INFO  server.RaftServerConfigKeys (ConfUtils.java:logGet(44)) - raft.server.rpcslowness.timeout = 300s (custom)
2020-05-07 05:22:05,248 [pool-147-thread-1] INFO  segmented.SegmentedRaftLogWorker (SegmentedRaftLogWorker.java:lambda$new$0(129)) - a7b22bd6-1548-4dd4-8319-108e82584299@group-DB17BF18CAD5-SegmentedRaftLogWorker: flushIndex: setUnconditionally 0 -> -1
2020-05-07 05:22:05,251 [pool-163-thread-1] INFO  server.RaftServerConfigKeys (ConfUtils.java:logGet(44)) - raft.server.sleep.deviation.threshold = 300 (default)
2020-05-07 05:22:05,251 [pool-163-thread-1] INFO  server.RaftServerConfigKeys (ConfUtils.java:logGet(44)) - raft.server.log.appender.install.snapshot.enabled = false (custom)
2020-05-07 05:22:05,251 [pool-163-thread-1] INFO  impl.RaftServerImpl (ServerState.java:<init>(103)) - d24c668a-8da2-49f7-9c88-63388abd62a3@group-7E2C879F25E8: ConfigurationManager, init=-1: [d24c668a-8da2-49f7-9c88-63388abd62a3:172.17.0.2:41237], old=null, confs=<EMPTY_MAP>
2020-05-07 05:22:05,251 [pool-163-thread-1] INFO  server.RaftServerConfigKeys (ConfUtils.java:logGet(44)) - raft.server.storage.dir = [/github/workspace/mnt/ozone/hadoop-ozone/integration-test/target/test-dir/MiniOzoneClusterImpl-05740949-9c22-47e9-931e-531dd4a47486/datanode-8/data/ratis] (custom)
2020-05-07 05:22:05,252 [pool-163-thread-1] INFO  server.RaftServerConfigKeys (ConfUtils.java:logGet(44)) - raft.server.log.corruption.policy = EXCEPTION (default)
2020-05-07 05:22:05,252 [pool-163-thread-1] INFO  storage.RaftStorageDirectory (RaftStorageDirectory.java:analyzeStorage(261)) - The storage directory /github/workspace/mnt/ozone/hadoop-ozone/integration-test/target/test-dir/MiniOzoneClusterImpl-05740949-9c22-47e9-931e-531dd4a47486/datanode-8/data/ratis/b93cfc43-321e-4b22-a57f-7e2c879f25e8 does not exist. Creating ...
2020-05-07 05:22:05,259 [pool-163-thread-1] INFO  storage.RaftStorageDirectory (RaftStorageDirectory.java:tryLock(343)) - Lock on /github/workspace/mnt/ozone/hadoop-ozone/integration-test/target/test-dir/MiniOzoneClusterImpl-05740949-9c22-47e9-931e-531dd4a47486/datanode-8/data/ratis/b93cfc43-321e-4b22-a57f-7e2c879f25e8/in_use.lock acquired by nodename 15437@b2266369218d
2020-05-07 05:22:05,260 [pool-131-thread-1] INFO  util.JmxRegister (JmxRegister.java:tryRegister(44)) - Successfully registered JMX Bean with object name Ratis:service=RaftServer,group=group-DB17BF18CAD5,id=1d561850-96b7-413a-ba9b-809155ef9528
2020-05-07 05:22:05,260 [pool-131-thread-1] INFO  metrics.RatisMetrics (RatisMetrics.java:lambda$create$0(39)) - Creating Metrics Registry : ratis.state_machine.1d561850-96b7-413a-ba9b-809155ef9528@group-DB17BF18CAD5
2020-05-07 05:22:05,260 [pool-163-thread-1] INFO  storage.RaftStorage (RaftStorage.java:format(84)) - Storage directory /github/workspace/mnt/ozone/hadoop-ozone/integration-test/target/test-dir/MiniOzoneClusterImpl-05740949-9c22-47e9-931e-531dd4a47486/datanode-8/data/ratis/b93cfc43-321e-4b22-a57f-7e2c879f25e8 has been successfully formatted.
2020-05-07 05:22:05,266 [pool-147-thread-1] INFO  server.RaftServerConfigKeys (ConfUtils.java:logGet(44)) - raft.server.snapshot.auto.trigger.enabled = true (custom)
2020-05-07 05:22:05,266 [pool-147-thread-1] INFO  server.RaftServerConfigKeys (ConfUtils.java:logGet(44)) - raft.server.snapshot.auto.trigger.threshold = 10000 (custom)
2020-05-07 05:22:05,267 [pool-147-thread-1] INFO  server.RaftServerConfigKeys (ConfUtils.java:logGet(44)) - raft.server.snapshot.retention.file.num = 5 (custom)
2020-05-07 05:22:05,267 [pool-147-thread-1] INFO  server.RaftServerConfigKeys (ConfUtils.java:logGet(44)) - raft.server.log.purge.upto.snapshot.index = false (default)
2020-05-07 05:22:05,267 [pool-147-thread-1] INFO  server.RaftServerConfigKeys (ConfUtils.java:logGet(44)) - raft.server.retrycache.expirytime = 600000ms (custom)
2020-05-07 05:22:05,267 [pool-147-thread-1] INFO  metrics.RatisMetrics (RatisMetrics.java:lambda$create$0(39)) - Creating Metrics Registry : ratis.leader_election.a7b22bd6-1548-4dd4-8319-108e82584299@group-DB17BF18CAD5
2020-05-07 05:22:05,268 [pool-147-thread-1] INFO  metrics.RatisMetrics (RatisMetrics.java:lambda$create$0(39)) - Creating Metrics Registry : ratis.server.a7b22bd6-1548-4dd4-8319-108e82584299@group-DB17BF18CAD5
2020-05-07 05:22:05,269 [pool-147-thread-1] INFO  impl.RaftServerImpl (RaftServerImpl.java:start(184)) - a7b22bd6-1548-4dd4-8319-108e82584299@group-DB17BF18CAD5: start as a follower, conf=-1: [a7b22bd6-1548-4dd4-8319-108e82584299:172.17.0.2:41095, 1d561850-96b7-413a-ba9b-809155ef9528:172.17.0.2:39163, d24c668a-8da2-49f7-9c88-63388abd62a3:172.17.0.2:41237], old=null
2020-05-07 05:22:05,269 [pool-147-thread-1] INFO  impl.RaftServerImpl (RaftServerImpl.java:setRole(173)) - a7b22bd6-1548-4dd4-8319-108e82584299@group-DB17BF18CAD5: changes role from      null to FOLLOWER at term 0 for startAsFollower
2020-05-07 05:22:05,279 [pool-163-thread-1] INFO  ratis.ContainerStateMachine (ContainerStateMachine.java:loadSnapshot(226)) - group-7E2C879F25E8: The snapshot info is null. Setting the last applied indexto:(t:0, i:~)
2020-05-07 05:22:05,279 [pool-163-thread-1] INFO  server.RaftServerConfigKeys (ConfUtils.java:logGet(44)) - raft.server.notification.no-leader.timeout = 60s (default)
2020-05-07 05:22:05,279 [pool-163-thread-1] INFO  server.RaftServerConfigKeys (ConfUtils.java:logGet(44)) - raft.server.log.use.memory = false (default)
2020-05-07 05:22:05,279 [pool-163-thread-1] INFO  server.RaftServerConfigKeys (ConfUtils.java:logGet(44)) - raft.server.log.purge.gap = 1000000 (custom)
2020-05-07 05:22:05,280 [pool-163-thread-1] INFO  server.RaftServerConfigKeys (ConfUtils.java:logGet(44)) - raft.server.log.appender.buffer.byte-limit = 33554432 (custom)
2020-05-07 05:22:05,280 [pool-163-thread-1] INFO  server.RaftServerConfigKeys (ConfUtils.java:logGet(44)) - raft.server.log.segment.size.max = 1048576 (custom)
2020-05-07 05:22:05,280 [pool-163-thread-1] INFO  metrics.RatisMetrics (RatisMetrics.java:lambda$create$0(39)) - Creating Metrics Registry : ratis.log_worker.d24c668a-8da2-49f7-9c88-63388abd62a3
2020-05-07 05:22:05,280 [pool-163-thread-1] INFO  server.RaftServerConfigKeys (ConfUtils.java:logGet(44)) - raft.server.log.segment.cache.num.max = 2 (custom)
2020-05-07 05:22:05,280 [pool-163-thread-1] INFO  segmented.SegmentedRaftLogWorker (SegmentedRaftLogWorker.java:<init>(176)) - new d24c668a-8da2-49f7-9c88-63388abd62a3@group-7E2C879F25E8-SegmentedRaftLogWorker for RaftStorage:Storage Directory /github/workspace/mnt/ozone/hadoop-ozone/integration-test/target/test-dir/MiniOzoneClusterImpl-05740949-9c22-47e9-931e-531dd4a47486/datanode-8/data/ratis/b93cfc43-321e-4b22-a57f-7e2c879f25e8
2020-05-07 05:22:05,280 [pool-163-thread-1] INFO  server.RaftServerConfigKeys (ConfUtils.java:logGet(44)) - raft.server.log.queue.byte-limit = 2147483647 (custom)
2020-05-07 05:22:05,280 [pool-163-thread-1] INFO  server.RaftServerConfigKeys (ConfUtils.java:logGet(44)) - raft.server.log.queue.element-limit = 1024 (custom)
2020-05-07 05:22:05,280 [pool-163-thread-1] INFO  server.RaftServerConfigKeys (ConfUtils.java:logGet(44)) - raft.server.log.segment.size.max = 1048576 (custom)
2020-05-07 05:22:05,280 [pool-163-thread-1] INFO  server.RaftServerConfigKeys (ConfUtils.java:logGet(44)) - raft.server.log.preallocated.size = 16384 (custom)
2020-05-07 05:22:05,280 [pool-163-thread-1] INFO  server.RaftServerConfigKeys (ConfUtils.java:logGet(44)) - raft.server.log.write.buffer.size = 1048576 (custom)
2020-05-07 05:22:05,281 [pool-163-thread-1] INFO  server.RaftServerConfigKeys (ConfUtils.java:logGet(44)) - raft.server.log.force.sync.num = 128 (default)
2020-05-07 05:22:05,281 [pool-163-thread-1] INFO  server.RaftServerConfigKeys (ConfUtils.java:logGet(44)) - raft.server.log.statemachine.data.sync = true (default)
2020-05-07 05:22:05,281 [pool-163-thread-1] INFO  server.RaftServerConfigKeys (ConfUtils.java:logGet(44)) - raft.server.log.statemachine.data.sync.timeout = 10s (default)
2020-05-07 05:22:05,281 [pool-163-thread-1] INFO  server.RaftServerConfigKeys (ConfUtils.java:logGet(44)) - raft.server.log.statemachine.data.sync.timeout.retry = -1 (default)
2020-05-07 05:22:05,284 [pool-163-thread-1] INFO  server.RaftServerConfigKeys (ConfUtils.java:logGet(44)) - raft.server.log.statemachine.data.caching.enabled = true (custom)
2020-05-07 05:22:05,284 [pool-163-thread-1] INFO  segmented.SegmentedRaftLogWorker (SegmentedRaftLogWorker.java:lambda$new$0(129)) - d24c668a-8da2-49f7-9c88-63388abd62a3@group-7E2C879F25E8-SegmentedRaftLogWorker: flushIndex: setUnconditionally 0 -> -1
2020-05-07 05:22:05,295 [main] INFO  ozone.MiniOzoneClusterImpl (MiniOzoneClusterImpl.java:lambda$waitForClusterToBeReady$0(177)) - Nodes are ready. Got 10 of 10 DN Heartbeats.
2020-05-07 05:22:05,296 [main] INFO  ozone.MiniOzoneClusterImpl (MiniOzoneClusterImpl.java:lambda$waitForClusterToBeReady$0(180)) - Waiting for cluster to exit safe mode
2020-05-07 05:22:05,296 [pool-147-thread-1] INFO  impl.RoleInfo (RoleInfo.java:updateAndGet(143)) - a7b22bd6-1548-4dd4-8319-108e82584299: start FollowerState
2020-05-07 05:22:05,305 [pool-147-thread-1] INFO  util.JmxRegister (JmxRegister.java:tryRegister(44)) - Successfully registered JMX Bean with object name Ratis:service=RaftServer,group=group-DB17BF18CAD5,id=a7b22bd6-1548-4dd4-8319-108e82584299
2020-05-07 05:22:05,305 [pool-147-thread-1] INFO  metrics.RatisMetrics (RatisMetrics.java:lambda$create$0(39)) - Creating Metrics Registry : ratis.state_machine.a7b22bd6-1548-4dd4-8319-108e82584299@group-DB17BF18CAD5
2020-05-07 05:22:05,315 [pool-163-thread-1] INFO  server.RaftServerConfigKeys (ConfUtils.java:logGet(44)) - raft.server.snapshot.auto.trigger.enabled = true (custom)
2020-05-07 05:22:05,315 [pool-163-thread-1] INFO  server.RaftServerConfigKeys (ConfUtils.java:logGet(44)) - raft.server.snapshot.auto.trigger.threshold = 10000 (custom)
2020-05-07 05:22:05,315 [pool-163-thread-1] INFO  server.RaftServerConfigKeys (ConfUtils.java:logGet(44)) - raft.server.snapshot.retention.file.num = 5 (custom)
2020-05-07 05:22:05,315 [pool-163-thread-1] INFO  server.RaftServerConfigKeys (ConfUtils.java:logGet(44)) - raft.server.log.purge.upto.snapshot.index = false (default)
2020-05-07 05:22:05,315 [Command processor thread] INFO  impl.RaftServerProxy (RaftServerProxy.java:addNew(89)) - 7e872ac2-4c12-4c1e-9a46-92908e0757bb: addNew group-A8068212EA6B:[7e872ac2-4c12-4c1e-9a46-92908e0757bb:172.17.0.2:37073] returns group-A8068212EA6B:java.util.concurrent.CompletableFuture@423b09f2[Not completed]
2020-05-07 05:22:05,316 [EventQueue-PipelineReportForPipelineReportHandler] INFO  pipeline.PipelineStateManager (PipelineStateManager.java:openPipeline(131)) - Pipeline Pipeline[ Id: b93cfc43-321e-4b22-a57f-7e2c879f25e8, Nodes: d24c668a-8da2-49f7-9c88-63388abd62a3{ip: 172.17.0.2, host: b2266369218d, networkLocation: /default-rack, certSerialId: null}, Type:RATIS, Factor:ONE, State:ALLOCATED, leaderId:d24c668a-8da2-49f7-9c88-63388abd62a3, CreationTimestamp2020-05-07T05:22:02.210Z] moved to OPEN state
2020-05-07 05:22:05,316 [EventQueue-OpenPipelineForOneReplicaPipelineSafeModeRule] INFO  safemode.SCMSafeModeManager (SCMSafeModeManager.java:validateSafeModeExitRules(213)) - AtleastOneDatanodeReportedRule rule is successfully validated
2020-05-07 05:22:05,316 [EventQueue-OpenPipelineForHealthyPipelineSafeModeRule] INFO  safemode.SCMSafeModeManager (HealthyPipelineSafeModeRule.java:process(132)) - SCM in safe mode. Healthy pipelines reported count is 0, required healthy pipeline reported count is 1
2020-05-07 05:22:05,318 [pool-179-thread-1] INFO  impl.RaftServerImpl (RaftServerImpl.java:<init>(98)) - 7e872ac2-4c12-4c1e-9a46-92908e0757bb: new RaftServerImpl for group-A8068212EA6B:[7e872ac2-4c12-4c1e-9a46-92908e0757bb:172.17.0.2:37073] with ContainerStateMachine:uninitialized
2020-05-07 05:22:05,318 [pool-179-thread-1] INFO  server.RaftServerConfigKeys (ConfUtils.java:logGet(44)) - raft.server.rpc.timeout.min = 5s (custom)
2020-05-07 05:22:05,318 [pool-179-thread-1] INFO  server.RaftServerConfigKeys (ConfUtils.java:logGet(44)) - raft.server.rpc.timeout.max = 5200ms (custom)
2020-05-07 05:22:05,318 [pool-179-thread-1] INFO  server.RaftServerConfigKeys (ConfUtils.java:logGet(44)) - raft.server.rpcslowness.timeout = 300s (custom)
2020-05-07 05:22:05,318 [pool-179-thread-1] INFO  server.RaftServerConfigKeys (ConfUtils.java:logGet(44)) - raft.server.sleep.deviation.threshold = 300 (default)
2020-05-07 05:22:05,318 [pool-179-thread-1] INFO  server.RaftServerConfigKeys (ConfUtils.java:logGet(44)) - raft.server.log.appender.install.snapshot.enabled = false (custom)
2020-05-07 05:22:05,319 [pool-179-thread-1] INFO  impl.RaftServerImpl (ServerState.java:<init>(103)) - 7e872ac2-4c12-4c1e-9a46-92908e0757bb@group-A8068212EA6B: ConfigurationManager, init=-1: [7e872ac2-4c12-4c1e-9a46-92908e0757bb:172.17.0.2:37073], old=null, confs=<EMPTY_MAP>
2020-05-07 05:22:05,319 [pool-179-thread-1] INFO  server.RaftServerConfigKeys (ConfUtils.java:logGet(44)) - raft.server.storage.dir = [/github/workspace/mnt/ozone/hadoop-ozone/integration-test/target/test-dir/MiniOzoneClusterImpl-05740949-9c22-47e9-931e-531dd4a47486/datanode-9/data/ratis] (custom)
2020-05-07 05:22:05,319 [pool-179-thread-1] INFO  server.RaftServerConfigKeys (ConfUtils.java:logGet(44)) - raft.server.log.corruption.policy = EXCEPTION (default)
2020-05-07 05:22:05,319 [pool-179-thread-1] INFO  storage.RaftStorageDirectory (RaftStorageDirectory.java:analyzeStorage(261)) - The storage directory /github/workspace/mnt/ozone/hadoop-ozone/integration-test/target/test-dir/MiniOzoneClusterImpl-05740949-9c22-47e9-931e-531dd4a47486/datanode-9/data/ratis/59142c13-146b-4b73-8708-a8068212ea6b does not exist. Creating ...
2020-05-07 05:22:05,320 [pool-179-thread-1] INFO  storage.RaftStorageDirectory (RaftStorageDirectory.java:tryLock(343)) - Lock on /github/workspace/mnt/ozone/hadoop-ozone/integration-test/target/test-dir/MiniOzoneClusterImpl-05740949-9c22-47e9-931e-531dd4a47486/datanode-9/data/ratis/59142c13-146b-4b73-8708-a8068212ea6b/in_use.lock acquired by nodename 15437@b2266369218d
2020-05-07 05:22:05,321 [pool-179-thread-1] INFO  storage.RaftStorage (RaftStorage.java:format(84)) - Storage directory /github/workspace/mnt/ozone/hadoop-ozone/integration-test/target/test-dir/MiniOzoneClusterImpl-05740949-9c22-47e9-931e-531dd4a47486/datanode-9/data/ratis/59142c13-146b-4b73-8708-a8068212ea6b has been successfully formatted.
2020-05-07 05:22:05,325 [pool-179-thread-1] INFO  ratis.ContainerStateMachine (ContainerStateMachine.java:loadSnapshot(226)) - group-A8068212EA6B: The snapshot info is null. Setting the last applied indexto:(t:0, i:~)
2020-05-07 05:22:05,325 [pool-179-thread-1] INFO  server.RaftServerConfigKeys (ConfUtils.java:logGet(44)) - raft.server.notification.no-leader.timeout = 60s (default)
2020-05-07 05:22:05,325 [pool-179-thread-1] INFO  server.RaftServerConfigKeys (ConfUtils.java:logGet(44)) - raft.server.log.use.memory = false (default)
2020-05-07 05:22:05,325 [pool-179-thread-1] INFO  server.RaftServerConfigKeys (ConfUtils.java:logGet(44)) - raft.server.log.purge.gap = 1000000 (custom)
2020-05-07 05:22:05,326 [pool-179-thread-1] INFO  server.RaftServerConfigKeys (ConfUtils.java:logGet(44)) - raft.server.log.appender.buffer.byte-limit = 33554432 (custom)
2020-05-07 05:22:05,326 [pool-179-thread-1] INFO  server.RaftServerConfigKeys (ConfUtils.java:logGet(44)) - raft.server.log.segment.size.max = 1048576 (custom)
2020-05-07 05:22:05,326 [pool-179-thread-1] INFO  metrics.RatisMetrics (RatisMetrics.java:lambda$create$0(39)) - Creating Metrics Registry : ratis.log_worker.7e872ac2-4c12-4c1e-9a46-92908e0757bb
2020-05-07 05:22:05,326 [pool-179-thread-1] INFO  server.RaftServerConfigKeys (ConfUtils.java:logGet(44)) - raft.server.log.segment.cache.num.max = 2 (custom)
2020-05-07 05:22:05,326 [pool-179-thread-1] INFO  segmented.SegmentedRaftLogWorker (SegmentedRaftLogWorker.java:<init>(176)) - new 7e872ac2-4c12-4c1e-9a46-92908e0757bb@group-A8068212EA6B-SegmentedRaftLogWorker for RaftStorage:Storage Directory /github/workspace/mnt/ozone/hadoop-ozone/integration-test/target/test-dir/MiniOzoneClusterImpl-05740949-9c22-47e9-931e-531dd4a47486/datanode-9/data/ratis/59142c13-146b-4b73-8708-a8068212ea6b
2020-05-07 05:22:05,326 [pool-179-thread-1] INFO  server.RaftServerConfigKeys (ConfUtils.java:logGet(44)) - raft.server.log.queue.byte-limit = 2147483647 (custom)
2020-05-07 05:22:05,326 [EventQueue-PipelineReportForPipelineReportHandler] INFO  pipeline.PipelineStateManager (PipelineStateManager.java:openPipeline(131)) - Pipeline Pipeline[ Id: 59142c13-146b-4b73-8708-a8068212ea6b, Nodes: 7e872ac2-4c12-4c1e-9a46-92908e0757bb{ip: 172.17.0.2, host: b2266369218d, networkLocation: /default-rack, certSerialId: null}, Type:RATIS, Factor:ONE, State:ALLOCATED, leaderId:7e872ac2-4c12-4c1e-9a46-92908e0757bb, CreationTimestamp2020-05-07T05:22:02.298Z] moved to OPEN state
2020-05-07 05:22:05,326 [pool-179-thread-1] INFO  server.RaftServerConfigKeys (ConfUtils.java:logGet(44)) - raft.server.log.queue.element-limit = 1024 (custom)
2020-05-07 05:22:05,327 [EventQueue-OpenPipelineForOneReplicaPipelineSafeModeRule] INFO  safemode.SCMSafeModeManager (SCMSafeModeManager.java:validateSafeModeExitRules(213)) - AtleastOneDatanodeReportedRule rule is successfully validated
2020-05-07 05:22:05,327 [EventQueue-OpenPipelineForHealthyPipelineSafeModeRule] INFO  safemode.SCMSafeModeManager (HealthyPipelineSafeModeRule.java:process(132)) - SCM in safe mode. Healthy pipelines reported count is 0, required healthy pipeline reported count is 1
2020-05-07 05:22:05,327 [pool-179-thread-1] INFO  server.RaftServerConfigKeys (ConfUtils.java:logGet(44)) - raft.server.log.segment.size.max = 1048576 (custom)
2020-05-07 05:22:05,327 [pool-179-thread-1] INFO  server.RaftServerConfigKeys (ConfUtils.java:logGet(44)) - raft.server.log.preallocated.size = 16384 (custom)
2020-05-07 05:22:05,329 [pool-163-thread-1] INFO  server.RaftServerConfigKeys (ConfUtils.java:logGet(44)) - raft.server.retrycache.expirytime = 600000ms (custom)
2020-05-07 05:22:05,332 [pool-179-thread-1] INFO  server.RaftServerConfigKeys (ConfUtils.java:logGet(44)) - raft.server.log.write.buffer.size = 1048576 (custom)
2020-05-07 05:22:05,332 [pool-163-thread-1] INFO  metrics.RatisMetrics (RatisMetrics.java:lambda$create$0(39)) - Creating Metrics Registry : ratis.leader_election.d24c668a-8da2-49f7-9c88-63388abd62a3@group-7E2C879F25E8
2020-05-07 05:22:05,332 [pool-179-thread-1] INFO  server.RaftServerConfigKeys (ConfUtils.java:logGet(44)) - raft.server.log.force.sync.num = 128 (default)
2020-05-07 05:22:05,332 [pool-179-thread-1] INFO  server.RaftServerConfigKeys (ConfUtils.java:logGet(44)) - raft.server.log.statemachine.data.sync = true (default)
2020-05-07 05:22:05,332 [pool-179-thread-1] INFO  server.RaftServerConfigKeys (ConfUtils.java:logGet(44)) - raft.server.log.statemachine.data.sync.timeout = 10s (default)
2020-05-07 05:22:05,332 [pool-179-thread-1] INFO  server.RaftServerConfigKeys (ConfUtils.java:logGet(44)) - raft.server.log.statemachine.data.sync.timeout.retry = -1 (default)
2020-05-07 05:22:05,332 [pool-163-thread-1] INFO  metrics.RatisMetrics (RatisMetrics.java:lambda$create$0(39)) - Creating Metrics Registry : ratis.server.d24c668a-8da2-49f7-9c88-63388abd62a3@group-7E2C879F25E8
2020-05-07 05:22:05,333 [pool-163-thread-1] INFO  impl.RaftServerImpl (RaftServerImpl.java:start(184)) - d24c668a-8da2-49f7-9c88-63388abd62a3@group-7E2C879F25E8: start as a follower, conf=-1: [d24c668a-8da2-49f7-9c88-63388abd62a3:172.17.0.2:41237], old=null
2020-05-07 05:22:05,333 [pool-163-thread-1] INFO  impl.RaftServerImpl (RaftServerImpl.java:setRole(173)) - d24c668a-8da2-49f7-9c88-63388abd62a3@group-7E2C879F25E8: changes role from      null to FOLLOWER at term 0 for startAsFollower
2020-05-07 05:22:05,343 [pool-163-thread-1] INFO  impl.RoleInfo (RoleInfo.java:updateAndGet(143)) - d24c668a-8da2-49f7-9c88-63388abd62a3: start FollowerState
2020-05-07 05:22:05,344 [pool-163-thread-1] INFO  util.JmxRegister (JmxRegister.java:tryRegister(44)) - Successfully registered JMX Bean with object name Ratis:service=RaftServer,group=group-7E2C879F25E8,id=d24c668a-8da2-49f7-9c88-63388abd62a3
2020-05-07 05:22:05,344 [pool-163-thread-1] INFO  metrics.RatisMetrics (RatisMetrics.java:lambda$create$0(39)) - Creating Metrics Registry : ratis.state_machine.d24c668a-8da2-49f7-9c88-63388abd62a3@group-7E2C879F25E8
2020-05-07 05:22:05,345 [pool-179-thread-1] INFO  server.RaftServerConfigKeys (ConfUtils.java:logGet(44)) - raft.server.log.statemachine.data.caching.enabled = true (custom)
2020-05-07 05:22:05,345 [pool-179-thread-1] INFO  segmented.SegmentedRaftLogWorker (SegmentedRaftLogWorker.java:lambda$new$0(129)) - 7e872ac2-4c12-4c1e-9a46-92908e0757bb@group-A8068212EA6B-SegmentedRaftLogWorker: flushIndex: setUnconditionally 0 -> -1
2020-05-07 05:22:05,347 [Command processor thread] INFO  commandhandler.CreatePipelineCommandHandler (CreatePipelineCommandHandler.java:handle(109)) - Created Pipeline RATIS ONE #id: "b93cfc43-321e-4b22-a57f-7e2c879f25e8"
.
2020-05-07 05:22:05,347 [Command processor thread] INFO  impl.RaftServerProxy (RaftServerProxy.java:addNew(89)) - d24c668a-8da2-49f7-9c88-63388abd62a3: addNew group-DB17BF18CAD5:[a7b22bd6-1548-4dd4-8319-108e82584299:172.17.0.2:41095, 1d561850-96b7-413a-ba9b-809155ef9528:172.17.0.2:39163, d24c668a-8da2-49f7-9c88-63388abd62a3:172.17.0.2:41237] returns group-DB17BF18CAD5:java.util.concurrent.CompletableFuture@1084efe[Not completed]
2020-05-07 05:22:05,349 [pool-163-thread-1] INFO  impl.RaftServerImpl (RaftServerImpl.java:<init>(98)) - d24c668a-8da2-49f7-9c88-63388abd62a3: new RaftServerImpl for group-DB17BF18CAD5:[a7b22bd6-1548-4dd4-8319-108e82584299:172.17.0.2:41095, 1d561850-96b7-413a-ba9b-809155ef9528:172.17.0.2:39163, d24c668a-8da2-49f7-9c88-63388abd62a3:172.17.0.2:41237] with ContainerStateMachine:uninitialized
2020-05-07 05:22:05,349 [pool-163-thread-1] INFO  server.RaftServerConfigKeys (ConfUtils.java:logGet(44)) - raft.server.rpc.timeout.min = 5s (custom)
2020-05-07 05:22:05,349 [pool-163-thread-1] INFO  server.RaftServerConfigKeys (ConfUtils.java:logGet(44)) - raft.server.rpc.timeout.max = 5200ms (custom)
2020-05-07 05:22:05,349 [pool-163-thread-1] INFO  server.RaftServerConfigKeys (ConfUtils.java:logGet(44)) - raft.server.rpcslowness.timeout = 300s (custom)
2020-05-07 05:22:05,349 [pool-163-thread-1] INFO  server.RaftServerConfigKeys (ConfUtils.java:logGet(44)) - raft.server.sleep.deviation.threshold = 300 (default)
2020-05-07 05:22:05,349 [pool-163-thread-1] INFO  server.RaftServerConfigKeys (ConfUtils.java:logGet(44)) - raft.server.log.appender.install.snapshot.enabled = false (custom)
2020-05-07 05:22:05,349 [pool-163-thread-1] INFO  impl.RaftServerImpl (ServerState.java:<init>(103)) - d24c668a-8da2-49f7-9c88-63388abd62a3@group-DB17BF18CAD5: ConfigurationManager, init=-1: [a7b22bd6-1548-4dd4-8319-108e82584299:172.17.0.2:41095, 1d561850-96b7-413a-ba9b-809155ef9528:172.17.0.2:39163, d24c668a-8da2-49f7-9c88-63388abd62a3:172.17.0.2:41237], old=null, confs=<EMPTY_MAP>
2020-05-07 05:22:05,349 [pool-163-thread-1] INFO  server.RaftServerConfigKeys (ConfUtils.java:logGet(44)) - raft.server.storage.dir = [/github/workspace/mnt/ozone/hadoop-ozone/integration-test/target/test-dir/MiniOzoneClusterImpl-05740949-9c22-47e9-931e-531dd4a47486/datanode-8/data/ratis] (custom)
2020-05-07 05:22:05,350 [pool-163-thread-1] INFO  server.RaftServerConfigKeys (ConfUtils.java:logGet(44)) - raft.server.log.corruption.policy = EXCEPTION (default)
2020-05-07 05:22:05,350 [pool-163-thread-1] INFO  storage.RaftStorageDirectory (RaftStorageDirectory.java:analyzeStorage(261)) - The storage directory /github/workspace/mnt/ozone/hadoop-ozone/integration-test/target/test-dir/MiniOzoneClusterImpl-05740949-9c22-47e9-931e-531dd4a47486/datanode-8/data/ratis/e32e5c59-c9ec-4c85-9521-db17bf18cad5 does not exist. Creating ...
2020-05-07 05:22:05,530 [pool-179-thread-1] INFO  server.RaftServerConfigKeys (ConfUtils.java:logGet(44)) - raft.server.snapshot.auto.trigger.enabled = true (custom)
2020-05-07 05:22:05,531 [pool-179-thread-1] INFO  server.RaftServerConfigKeys (ConfUtils.java:logGet(44)) - raft.server.snapshot.auto.trigger.threshold = 10000 (custom)
2020-05-07 05:22:05,531 [pool-179-thread-1] INFO  server.RaftServerConfigKeys (ConfUtils.java:logGet(44)) - raft.server.snapshot.retention.file.num = 5 (custom)
2020-05-07 05:22:05,531 [pool-179-thread-1] INFO  server.RaftServerConfigKeys (ConfUtils.java:logGet(44)) - raft.server.log.purge.upto.snapshot.index = false (default)
2020-05-07 05:22:05,531 [pool-163-thread-1] INFO  storage.RaftStorageDirectory (RaftStorageDirectory.java:tryLock(343)) - Lock on /github/workspace/mnt/ozone/hadoop-ozone/integration-test/target/test-dir/MiniOzoneClusterImpl-05740949-9c22-47e9-931e-531dd4a47486/datanode-8/data/ratis/e32e5c59-c9ec-4c85-9521-db17bf18cad5/in_use.lock acquired by nodename 15437@b2266369218d
2020-05-07 05:22:05,531 [pool-179-thread-1] INFO  server.RaftServerConfigKeys (ConfUtils.java:logGet(44)) - raft.server.retrycache.expirytime = 600000ms (custom)
2020-05-07 05:22:05,531 [pool-179-thread-1] INFO  metrics.RatisMetrics (RatisMetrics.java:lambda$create$0(39)) - Creating Metrics Registry : ratis.leader_election.7e872ac2-4c12-4c1e-9a46-92908e0757bb@group-A8068212EA6B
2020-05-07 05:22:05,532 [pool-179-thread-1] INFO  metrics.RatisMetrics (RatisMetrics.java:lambda$create$0(39)) - Creating Metrics Registry : ratis.server.7e872ac2-4c12-4c1e-9a46-92908e0757bb@group-A8068212EA6B
2020-05-07 05:22:05,532 [pool-163-thread-1] INFO  storage.RaftStorage (RaftStorage.java:format(84)) - Storage directory /github/workspace/mnt/ozone/hadoop-ozone/integration-test/target/test-dir/MiniOzoneClusterImpl-05740949-9c22-47e9-931e-531dd4a47486/datanode-8/data/ratis/e32e5c59-c9ec-4c85-9521-db17bf18cad5 has been successfully formatted.
2020-05-07 05:22:05,533 [pool-163-thread-1] INFO  ratis.ContainerStateMachine (ContainerStateMachine.java:loadSnapshot(226)) - group-DB17BF18CAD5: The snapshot info is null. Setting the last applied indexto:(t:0, i:~)
2020-05-07 05:22:05,533 [pool-163-thread-1] INFO  server.RaftServerConfigKeys (ConfUtils.java:logGet(44)) - raft.server.notification.no-leader.timeout = 60s (default)
2020-05-07 05:22:05,533 [pool-163-thread-1] INFO  server.RaftServerConfigKeys (ConfUtils.java:logGet(44)) - raft.server.log.use.memory = false (default)
2020-05-07 05:22:05,533 [pool-163-thread-1] INFO  server.RaftServerConfigKeys (ConfUtils.java:logGet(44)) - raft.server.log.purge.gap = 1000000 (custom)
2020-05-07 05:22:05,533 [pool-163-thread-1] INFO  server.RaftServerConfigKeys (ConfUtils.java:logGet(44)) - raft.server.log.appender.buffer.byte-limit = 33554432 (custom)
2020-05-07 05:22:05,533 [pool-163-thread-1] INFO  server.RaftServerConfigKeys (ConfUtils.java:logGet(44)) - raft.server.log.segment.size.max = 1048576 (custom)
2020-05-07 05:22:05,533 [pool-163-thread-1] INFO  server.RaftServerConfigKeys (ConfUtils.java:logGet(44)) - raft.server.log.segment.cache.num.max = 2 (custom)
2020-05-07 05:22:05,533 [pool-163-thread-1] INFO  segmented.SegmentedRaftLogWorker (SegmentedRaftLogWorker.java:<init>(176)) - new d24c668a-8da2-49f7-9c88-63388abd62a3@group-DB17BF18CAD5-SegmentedRaftLogWorker for RaftStorage:Storage Directory /github/workspace/mnt/ozone/hadoop-ozone/integration-test/target/test-dir/MiniOzoneClusterImpl-05740949-9c22-47e9-931e-531dd4a47486/datanode-8/data/ratis/e32e5c59-c9ec-4c85-9521-db17bf18cad5
2020-05-07 05:22:05,533 [pool-163-thread-1] INFO  server.RaftServerConfigKeys (ConfUtils.java:logGet(44)) - raft.server.log.queue.byte-limit = 2147483647 (custom)
2020-05-07 05:22:05,534 [pool-163-thread-1] INFO  server.RaftServerConfigKeys (ConfUtils.java:logGet(44)) - raft.server.log.queue.element-limit = 1024 (custom)
2020-05-07 05:22:05,534 [pool-163-thread-1] INFO  server.RaftServerConfigKeys (ConfUtils.java:logGet(44)) - raft.server.log.segment.size.max = 1048576 (custom)
2020-05-07 05:22:05,534 [pool-163-thread-1] INFO  server.RaftServerConfigKeys (ConfUtils.java:logGet(44)) - raft.server.log.preallocated.size = 16384 (custom)
2020-05-07 05:22:05,534 [pool-163-thread-1] INFO  server.RaftServerConfigKeys (ConfUtils.java:logGet(44)) - raft.server.log.write.buffer.size = 1048576 (custom)
2020-05-07 05:22:05,534 [pool-163-thread-1] INFO  server.RaftServerConfigKeys (ConfUtils.java:logGet(44)) - raft.server.log.force.sync.num = 128 (default)
2020-05-07 05:22:05,534 [pool-163-thread-1] INFO  server.RaftServerConfigKeys (ConfUtils.java:logGet(44)) - raft.server.log.statemachine.data.sync = true (default)
2020-05-07 05:22:05,534 [pool-163-thread-1] INFO  server.RaftServerConfigKeys (ConfUtils.java:logGet(44)) - raft.server.log.statemachine.data.sync.timeout = 10s (default)
2020-05-07 05:22:05,534 [pool-163-thread-1] INFO  server.RaftServerConfigKeys (ConfUtils.java:logGet(44)) - raft.server.log.statemachine.data.sync.timeout.retry = -1 (default)
2020-05-07 05:22:05,535 [pool-179-thread-1] INFO  impl.RaftServerImpl (RaftServerImpl.java:start(184)) - 7e872ac2-4c12-4c1e-9a46-92908e0757bb@group-A8068212EA6B: start as a follower, conf=-1: [7e872ac2-4c12-4c1e-9a46-92908e0757bb:172.17.0.2:37073], old=null
2020-05-07 05:22:05,535 [pool-179-thread-1] INFO  impl.RaftServerImpl (RaftServerImpl.java:setRole(173)) - 7e872ac2-4c12-4c1e-9a46-92908e0757bb@group-A8068212EA6B: changes role from      null to FOLLOWER at term 0 for startAsFollower
2020-05-07 05:22:05,535 [pool-179-thread-1] INFO  impl.RoleInfo (RoleInfo.java:updateAndGet(143)) - 7e872ac2-4c12-4c1e-9a46-92908e0757bb: start FollowerState
2020-05-07 05:22:05,536 [pool-163-thread-1] INFO  server.RaftServerConfigKeys (ConfUtils.java:logGet(44)) - raft.server.log.statemachine.data.caching.enabled = true (custom)
2020-05-07 05:22:05,536 [pool-163-thread-1] INFO  segmented.SegmentedRaftLogWorker (SegmentedRaftLogWorker.java:lambda$new$0(129)) - d24c668a-8da2-49f7-9c88-63388abd62a3@group-DB17BF18CAD5-SegmentedRaftLogWorker: flushIndex: setUnconditionally 0 -> -1
2020-05-07 05:22:05,539 [pool-179-thread-1] INFO  util.JmxRegister (JmxRegister.java:tryRegister(44)) - Successfully registered JMX Bean with object name Ratis:service=RaftServer,group=group-A8068212EA6B,id=7e872ac2-4c12-4c1e-9a46-92908e0757bb
2020-05-07 05:22:05,539 [pool-179-thread-1] INFO  metrics.RatisMetrics (RatisMetrics.java:lambda$create$0(39)) - Creating Metrics Registry : ratis.state_machine.7e872ac2-4c12-4c1e-9a46-92908e0757bb@group-A8068212EA6B
2020-05-07 05:22:05,555 [Command processor thread] INFO  commandhandler.CreatePipelineCommandHandler (CreatePipelineCommandHandler.java:handle(109)) - Created Pipeline RATIS ONE #id: "59142c13-146b-4b73-8708-a8068212ea6b"
.
2020-05-07 05:22:05,555 [pool-163-thread-1] INFO  server.RaftServerConfigKeys (ConfUtils.java:logGet(44)) - raft.server.snapshot.auto.trigger.enabled = true (custom)
2020-05-07 05:22:05,555 [pool-163-thread-1] INFO  server.RaftServerConfigKeys (ConfUtils.java:logGet(44)) - raft.server.snapshot.auto.trigger.threshold = 10000 (custom)
2020-05-07 05:22:05,555 [pool-163-thread-1] INFO  server.RaftServerConfigKeys (ConfUtils.java:logGet(44)) - raft.server.snapshot.retention.file.num = 5 (custom)
2020-05-07 05:22:05,555 [pool-163-thread-1] INFO  server.RaftServerConfigKeys (ConfUtils.java:logGet(44)) - raft.server.log.purge.upto.snapshot.index = false (default)
2020-05-07 05:22:05,555 [pool-163-thread-1] INFO  server.RaftServerConfigKeys (ConfUtils.java:logGet(44)) - raft.server.retrycache.expirytime = 600000ms (custom)
2020-05-07 05:22:05,555 [pool-163-thread-1] INFO  metrics.RatisMetrics (RatisMetrics.java:lambda$create$0(39)) - Creating Metrics Registry : ratis.leader_election.d24c668a-8da2-49f7-9c88-63388abd62a3@group-DB17BF18CAD5
2020-05-07 05:22:05,556 [pool-163-thread-1] INFO  metrics.RatisMetrics (RatisMetrics.java:lambda$create$0(39)) - Creating Metrics Registry : ratis.server.d24c668a-8da2-49f7-9c88-63388abd62a3@group-DB17BF18CAD5
2020-05-07 05:22:05,557 [pool-163-thread-1] INFO  impl.RaftServerImpl (RaftServerImpl.java:start(184)) - d24c668a-8da2-49f7-9c88-63388abd62a3@group-DB17BF18CAD5: start as a follower, conf=-1: [a7b22bd6-1548-4dd4-8319-108e82584299:172.17.0.2:41095, 1d561850-96b7-413a-ba9b-809155ef9528:172.17.0.2:39163, d24c668a-8da2-49f7-9c88-63388abd62a3:172.17.0.2:41237], old=null
2020-05-07 05:22:05,557 [pool-163-thread-1] INFO  impl.RaftServerImpl (RaftServerImpl.java:setRole(173)) - d24c668a-8da2-49f7-9c88-63388abd62a3@group-DB17BF18CAD5: changes role from      null to FOLLOWER at term 0 for startAsFollower
2020-05-07 05:22:05,557 [pool-163-thread-1] INFO  impl.RoleInfo (RoleInfo.java:updateAndGet(143)) - d24c668a-8da2-49f7-9c88-63388abd62a3: start FollowerState
2020-05-07 05:22:05,566 [pool-163-thread-1] INFO  util.JmxRegister (JmxRegister.java:tryRegister(44)) - Successfully registered JMX Bean with object name Ratis:service=RaftServer,group=group-DB17BF18CAD5,id=d24c668a-8da2-49f7-9c88-63388abd62a3
2020-05-07 05:22:05,566 [pool-163-thread-1] INFO  metrics.RatisMetrics (RatisMetrics.java:lambda$create$0(39)) - Creating Metrics Registry : ratis.state_machine.d24c668a-8da2-49f7-9c88-63388abd62a3@group-DB17BF18CAD5
2020-05-07 05:22:06,167 [Command processor thread] INFO  commandhandler.CreatePipelineCommandHandler (CreatePipelineCommandHandler.java:handle(109)) - Created Pipeline RATIS THREE #id: "e32e5c59-c9ec-4c85-9521-db17bf18cad5"
.
2020-05-07 05:22:06,188 [Command processor thread] INFO  commandhandler.CreatePipelineCommandHandler (CreatePipelineCommandHandler.java:handle(109)) - Created Pipeline RATIS THREE #id: "e1731129-1291-4c31-b202-a78d897fdf61"
.
2020-05-07 05:22:06,204 [Command processor thread] INFO  commandhandler.CreatePipelineCommandHandler (CreatePipelineCommandHandler.java:handle(109)) - Created Pipeline RATIS THREE #id: "77a9c724-781f-44c6-80c6-766e59c4ac00"
.
2020-05-07 05:22:06,208 [Command processor thread] INFO  commandhandler.CreatePipelineCommandHandler (CreatePipelineCommandHandler.java:handle(109)) - Created Pipeline RATIS THREE #id: "e32e5c59-c9ec-4c85-9521-db17bf18cad5"
.
2020-05-07 05:22:06,221 [Command processor thread] INFO  commandhandler.CreatePipelineCommandHandler (CreatePipelineCommandHandler.java:handle(109)) - Created Pipeline RATIS THREE #id: "77a9c724-781f-44c6-80c6-766e59c4ac00"
.
2020-05-07 05:22:06,222 [Command processor thread] INFO  commandhandler.CreatePipelineCommandHandler (CreatePipelineCommandHandler.java:handle(109)) - Created Pipeline RATIS THREE #id: "e1731129-1291-4c31-b202-a78d897fdf61"
.
2020-05-07 05:22:06,222 [Command processor thread] INFO  commandhandler.CreatePipelineCommandHandler (CreatePipelineCommandHandler.java:handle(109)) - Created Pipeline RATIS THREE #id: "77a9c724-781f-44c6-80c6-766e59c4ac00"
.
2020-05-07 05:22:06,232 [Command processor thread] INFO  commandhandler.CreatePipelineCommandHandler (CreatePipelineCommandHandler.java:handle(109)) - Created Pipeline RATIS THREE #id: "e32e5c59-c9ec-4c85-9521-db17bf18cad5"
.
2020-05-07 05:22:06,232 [Command processor thread] INFO  commandhandler.CreatePipelineCommandHandler (CreatePipelineCommandHandler.java:handle(109)) - Created Pipeline RATIS THREE #id: "e1731129-1291-4c31-b202-a78d897fdf61"
.
2020-05-07 05:22:06,296 [main] INFO  ozone.MiniOzoneClusterImpl (MiniOzoneClusterImpl.java:lambda$waitForClusterToBeReady$0(177)) - Nodes are ready. Got 10 of 10 DN Heartbeats.
2020-05-07 05:22:06,296 [main] INFO  ozone.MiniOzoneClusterImpl (MiniOzoneClusterImpl.java:lambda$waitForClusterToBeReady$0(180)) - Waiting for cluster to exit safe mode
2020-05-07 05:22:07,296 [main] INFO  ozone.MiniOzoneClusterImpl (MiniOzoneClusterImpl.java:lambda$waitForClusterToBeReady$0(177)) - Nodes are ready. Got 10 of 10 DN Heartbeats.
2020-05-07 05:22:07,296 [main] INFO  ozone.MiniOzoneClusterImpl (MiniOzoneClusterImpl.java:lambda$waitForClusterToBeReady$0(180)) - Waiting for cluster to exit safe mode
2020-05-07 05:22:08,297 [main] INFO  ozone.MiniOzoneClusterImpl (MiniOzoneClusterImpl.java:lambda$waitForClusterToBeReady$0(177)) - Nodes are ready. Got 10 of 10 DN Heartbeats.
2020-05-07 05:22:08,297 [main] INFO  ozone.MiniOzoneClusterImpl (MiniOzoneClusterImpl.java:lambda$waitForClusterToBeReady$0(180)) - Waiting for cluster to exit safe mode
2020-05-07 05:22:09,297 [main] INFO  ozone.MiniOzoneClusterImpl (MiniOzoneClusterImpl.java:lambda$waitForClusterToBeReady$0(177)) - Nodes are ready. Got 10 of 10 DN Heartbeats.
2020-05-07 05:22:09,297 [main] INFO  ozone.MiniOzoneClusterImpl (MiniOzoneClusterImpl.java:lambda$waitForClusterToBeReady$0(180)) - Waiting for cluster to exit safe mode
2020-05-07 05:22:09,888 [Thread-272] INFO  impl.FollowerState (FollowerState.java:run(108)) - ee980e6c-318d-434c-9f48-1477050d6493@group-72B351ACE7BC-FollowerState: change to CANDIDATE, lastRpcTime:5105ms, electionTimeout:5095ms
2020-05-07 05:22:09,889 [Thread-272] INFO  impl.RoleInfo (RoleInfo.java:shutdownFollowerState(121)) - ee980e6c-318d-434c-9f48-1477050d6493: shutdown FollowerState
2020-05-07 05:22:09,889 [Thread-272] INFO  impl.RaftServerImpl (RaftServerImpl.java:setRole(173)) - ee980e6c-318d-434c-9f48-1477050d6493@group-72B351ACE7BC: changes role from  FOLLOWER to CANDIDATE at term 0 for changeToCandidate
2020-05-07 05:22:09,892 [Thread-272] INFO  impl.RoleInfo (RoleInfo.java:updateAndGet(143)) - ee980e6c-318d-434c-9f48-1477050d6493: start LeaderElection
2020-05-07 05:22:09,896 [ee980e6c-318d-434c-9f48-1477050d6493@group-72B351ACE7BC-LeaderElection1] INFO  impl.LeaderElection (LeaderElection.java:askForVotes(206)) - ee980e6c-318d-434c-9f48-1477050d6493@group-72B351ACE7BC-LeaderElection1: begin an election at term 1 for -1: [ee980e6c-318d-434c-9f48-1477050d6493:172.17.0.2:43929], old=null
2020-05-07 05:22:09,897 [ee980e6c-318d-434c-9f48-1477050d6493@group-72B351ACE7BC-LeaderElection1] INFO  impl.RoleInfo (RoleInfo.java:shutdownLeaderElection(134)) - ee980e6c-318d-434c-9f48-1477050d6493: shutdown LeaderElection
2020-05-07 05:22:09,898 [ee980e6c-318d-434c-9f48-1477050d6493@group-72B351ACE7BC-LeaderElection1] INFO  impl.RaftServerImpl (RaftServerImpl.java:setRole(173)) - ee980e6c-318d-434c-9f48-1477050d6493@group-72B351ACE7BC: changes role from CANDIDATE to LEADER at term 1 for changeToLeader
2020-05-07 05:22:09,898 [ee980e6c-318d-434c-9f48-1477050d6493@group-72B351ACE7BC-LeaderElection1] INFO  ratis.XceiverServerRatis (XceiverServerRatis.java:handleLeaderChangedNotification(762)) - Leader change notification received for group: group-72B351ACE7BC with new leaderId: ee980e6c-318d-434c-9f48-1477050d6493
2020-05-07 05:22:09,898 [ee980e6c-318d-434c-9f48-1477050d6493@group-72B351ACE7BC-LeaderElection1] INFO  impl.RaftServerImpl (ServerState.java:setLeader(255)) - ee980e6c-318d-434c-9f48-1477050d6493@group-72B351ACE7BC: change Leader from null to ee980e6c-318d-434c-9f48-1477050d6493 at term 1 for becomeLeader, leader elected after 5347ms
2020-05-07 05:22:09,903 [Thread-273] INFO  impl.FollowerState (FollowerState.java:run(108)) - 8d9d9f22-1b04-45e7-8887-14f2efe85604@group-B7A64901892C-FollowerState: change to CANDIDATE, lastRpcTime:5126ms, electionTimeout:5116ms
2020-05-07 05:22:09,904 [Thread-273] INFO  impl.RoleInfo (RoleInfo.java:shutdownFollowerState(121)) - 8d9d9f22-1b04-45e7-8887-14f2efe85604: shutdown FollowerState
2020-05-07 05:22:09,904 [Thread-273] INFO  impl.RaftServerImpl (RaftServerImpl.java:setRole(173)) - 8d9d9f22-1b04-45e7-8887-14f2efe85604@group-B7A64901892C: changes role from  FOLLOWER to CANDIDATE at term 0 for changeToCandidate
2020-05-07 05:22:09,904 [Thread-273] INFO  impl.RoleInfo (RoleInfo.java:updateAndGet(143)) - 8d9d9f22-1b04-45e7-8887-14f2efe85604: start LeaderElection
2020-05-07 05:22:09,907 [Thread-271] INFO  impl.FollowerState (FollowerState.java:run(108)) - 6f005c5b-3a07-4e39-8538-832f1c829f6a@group-1FD28950E6B0-FollowerState: change to CANDIDATE, lastRpcTime:5134ms, electionTimeout:5130ms
2020-05-07 05:22:09,907 [Thread-271] INFO  impl.RoleInfo (RoleInfo.java:shutdownFollowerState(121)) - 6f005c5b-3a07-4e39-8538-832f1c829f6a: shutdown FollowerState
2020-05-07 05:22:09,907 [Thread-271] INFO  impl.RaftServerImpl (RaftServerImpl.java:setRole(173)) - 6f005c5b-3a07-4e39-8538-832f1c829f6a@group-1FD28950E6B0: changes role from  FOLLOWER to CANDIDATE at term 0 for changeToCandidate
2020-05-07 05:22:09,907 [Thread-271] INFO  impl.RoleInfo (RoleInfo.java:updateAndGet(143)) - 6f005c5b-3a07-4e39-8538-832f1c829f6a: start LeaderElection
2020-05-07 05:22:09,920 [8d9d9f22-1b04-45e7-8887-14f2efe85604@group-B7A64901892C-LeaderElection2] INFO  impl.LeaderElection (LeaderElection.java:askForVotes(206)) - 8d9d9f22-1b04-45e7-8887-14f2efe85604@group-B7A64901892C-LeaderElection2: begin an election at term 1 for -1: [8d9d9f22-1b04-45e7-8887-14f2efe85604:172.17.0.2:46631], old=null
2020-05-07 05:22:09,920 [8d9d9f22-1b04-45e7-8887-14f2efe85604@group-B7A64901892C-LeaderElection2] INFO  impl.RoleInfo (RoleInfo.java:shutdownLeaderElection(134)) - 8d9d9f22-1b04-45e7-8887-14f2efe85604: shutdown LeaderElection
2020-05-07 05:22:09,920 [8d9d9f22-1b04-45e7-8887-14f2efe85604@group-B7A64901892C-LeaderElection2] INFO  impl.RaftServerImpl (RaftServerImpl.java:setRole(173)) - 8d9d9f22-1b04-45e7-8887-14f2efe85604@group-B7A64901892C: changes role from CANDIDATE to LEADER at term 1 for changeToLeader
2020-05-07 05:22:09,920 [8d9d9f22-1b04-45e7-8887-14f2efe85604@group-B7A64901892C-LeaderElection2] INFO  ratis.XceiverServerRatis (XceiverServerRatis.java:handleLeaderChangedNotification(762)) - Leader change notification received for group: group-B7A64901892C with new leaderId: 8d9d9f22-1b04-45e7-8887-14f2efe85604
2020-05-07 05:22:09,920 [8d9d9f22-1b04-45e7-8887-14f2efe85604@group-B7A64901892C-LeaderElection2] INFO  impl.RaftServerImpl (ServerState.java:setLeader(255)) - 8d9d9f22-1b04-45e7-8887-14f2efe85604@group-B7A64901892C: change Leader from null to 8d9d9f22-1b04-45e7-8887-14f2efe85604 at term 1 for becomeLeader, leader elected after 5283ms
2020-05-07 05:22:09,920 [ee980e6c-318d-434c-9f48-1477050d6493@group-72B351ACE7BC-LeaderElection1] INFO  server.RaftServerConfigKeys (ConfUtils.java:logGet(44)) - raft.server.staging.catchup.gap = 1000 (default)
2020-05-07 05:22:09,921 [ee980e6c-318d-434c-9f48-1477050d6493@group-72B351ACE7BC-LeaderElection1] INFO  server.RaftServerConfigKeys (ConfUtils.java:logGet(44)) - raft.server.rpc.sleep.time = 25ms (default)
2020-05-07 05:22:09,924 [ee980e6c-318d-434c-9f48-1477050d6493@group-72B351ACE7BC-LeaderElection1] INFO  metrics.RatisMetrics (RatisMetrics.java:lambda$create$0(39)) - Creating Metrics Registry : ratis.log_appender.ee980e6c-318d-434c-9f48-1477050d6493@group-72B351ACE7BC
2020-05-07 05:22:09,926 [ee980e6c-318d-434c-9f48-1477050d6493@group-72B351ACE7BC-LeaderElection1] INFO  server.RaftServerConfigKeys (ConfUtils.java:logGet(44)) - raft.server.write.element-limit = 1024 (custom)
2020-05-07 05:22:09,926 [ee980e6c-318d-434c-9f48-1477050d6493@group-72B351ACE7BC-LeaderElection1] INFO  server.RaftServerConfigKeys (ConfUtils.java:logGet(44)) - raft.server.write.byte-limit = 1073741824 (custom)
2020-05-07 05:22:09,920 [6f005c5b-3a07-4e39-8538-832f1c829f6a@group-1FD28950E6B0-LeaderElection3] INFO  impl.LeaderElection (LeaderElection.java:askForVotes(206)) - 6f005c5b-3a07-4e39-8538-832f1c829f6a@group-1FD28950E6B0-LeaderElection3: begin an election at term 1 for -1: [6f005c5b-3a07-4e39-8538-832f1c829f6a:172.17.0.2:46159], old=null
2020-05-07 05:22:09,926 [6f005c5b-3a07-4e39-8538-832f1c829f6a@group-1FD28950E6B0-LeaderElection3] INFO  impl.RoleInfo (RoleInfo.java:shutdownLeaderElection(134)) - 6f005c5b-3a07-4e39-8538-832f1c829f6a: shutdown LeaderElection
2020-05-07 05:22:09,926 [6f005c5b-3a07-4e39-8538-832f1c829f6a@group-1FD28950E6B0-LeaderElection3] INFO  impl.RaftServerImpl (RaftServerImpl.java:setRole(173)) - 6f005c5b-3a07-4e39-8538-832f1c829f6a@group-1FD28950E6B0: changes role from CANDIDATE to LEADER at term 1 for changeToLeader
2020-05-07 05:22:09,926 [6f005c5b-3a07-4e39-8538-832f1c829f6a@group-1FD28950E6B0-LeaderElection3] INFO  ratis.XceiverServerRatis (XceiverServerRatis.java:handleLeaderChangedNotification(762)) - Leader change notification received for group: group-1FD28950E6B0 with new leaderId: 6f005c5b-3a07-4e39-8538-832f1c829f6a
2020-05-07 05:22:09,927 [6f005c5b-3a07-4e39-8538-832f1c829f6a@group-1FD28950E6B0-LeaderElection3] INFO  impl.RaftServerImpl (ServerState.java:setLeader(255)) - 6f005c5b-3a07-4e39-8538-832f1c829f6a@group-1FD28950E6B0: change Leader from null to 6f005c5b-3a07-4e39-8538-832f1c829f6a at term 1 for becomeLeader, leader elected after 5398ms
2020-05-07 05:22:09,927 [8d9d9f22-1b04-45e7-8887-14f2efe85604@group-B7A64901892C-LeaderElection2] INFO  server.RaftServerConfigKeys (ConfUtils.java:logGet(44)) - raft.server.staging.catchup.gap = 1000 (default)
2020-05-07 05:22:09,928 [8d9d9f22-1b04-45e7-8887-14f2efe85604@group-B7A64901892C-LeaderElection2] INFO  server.RaftServerConfigKeys (ConfUtils.java:logGet(44)) - raft.server.rpc.sleep.time = 25ms (default)
2020-05-07 05:22:09,928 [8d9d9f22-1b04-45e7-8887-14f2efe85604@group-B7A64901892C-LeaderElection2] INFO  metrics.RatisMetrics (RatisMetrics.java:lambda$create$0(39)) - Creating Metrics Registry : ratis.log_appender.8d9d9f22-1b04-45e7-8887-14f2efe85604@group-B7A64901892C
2020-05-07 05:22:09,928 [8d9d9f22-1b04-45e7-8887-14f2efe85604@group-B7A64901892C-LeaderElection2] INFO  server.RaftServerConfigKeys (ConfUtils.java:logGet(44)) - raft.server.write.element-limit = 1024 (custom)
2020-05-07 05:22:09,928 [8d9d9f22-1b04-45e7-8887-14f2efe85604@group-B7A64901892C-LeaderElection2] INFO  server.RaftServerConfigKeys (ConfUtils.java:logGet(44)) - raft.server.write.byte-limit = 1073741824 (custom)
2020-05-07 05:22:09,928 [6f005c5b-3a07-4e39-8538-832f1c829f6a@group-1FD28950E6B0-LeaderElection3] INFO  server.RaftServerConfigKeys (ConfUtils.java:logGet(44)) - raft.server.staging.catchup.gap = 1000 (default)
2020-05-07 05:22:09,928 [6f005c5b-3a07-4e39-8538-832f1c829f6a@group-1FD28950E6B0-LeaderElection3] INFO  server.RaftServerConfigKeys (ConfUtils.java:logGet(44)) - raft.server.rpc.sleep.time = 25ms (default)
2020-05-07 05:22:09,928 [6f005c5b-3a07-4e39-8538-832f1c829f6a@group-1FD28950E6B0-LeaderElection3] INFO  metrics.RatisMetrics (RatisMetrics.java:lambda$create$0(39)) - Creating Metrics Registry : ratis.log_appender.6f005c5b-3a07-4e39-8538-832f1c829f6a@group-1FD28950E6B0
2020-05-07 05:22:09,929 [6f005c5b-3a07-4e39-8538-832f1c829f6a@group-1FD28950E6B0-LeaderElection3] INFO  server.RaftServerConfigKeys (ConfUtils.java:logGet(44)) - raft.server.write.element-limit = 1024 (custom)
2020-05-07 05:22:09,929 [6f005c5b-3a07-4e39-8538-832f1c829f6a@group-1FD28950E6B0-LeaderElection3] INFO  server.RaftServerConfigKeys (ConfUtils.java:logGet(44)) - raft.server.write.byte-limit = 1073741824 (custom)
2020-05-07 05:22:09,936 [Thread-284] INFO  impl.FollowerState (FollowerState.java:run(108)) - 434ad7a6-f62e-4a93-a110-3f74aeb448b2@group-C24D3E6F2A72-FollowerState: change to CANDIDATE, lastRpcTime:5014ms, electionTimeout:5007ms
2020-05-07 05:22:09,937 [Thread-284] INFO  impl.RoleInfo (RoleInfo.java:shutdownFollowerState(121)) - 434ad7a6-f62e-4a93-a110-3f74aeb448b2: shutdown FollowerState
2020-05-07 05:22:09,937 [Thread-284] INFO  impl.RaftServerImpl (RaftServerImpl.java:setRole(173)) - 434ad7a6-f62e-4a93-a110-3f74aeb448b2@group-C24D3E6F2A72: changes role from  FOLLOWER to CANDIDATE at term 0 for changeToCandidate
2020-05-07 05:22:09,937 [Thread-284] INFO  impl.RoleInfo (RoleInfo.java:updateAndGet(143)) - 434ad7a6-f62e-4a93-a110-3f74aeb448b2: start LeaderElection
2020-05-07 05:22:09,940 [8d9d9f22-1b04-45e7-8887-14f2efe85604@group-B7A64901892C-LeaderElection2] INFO  server.RaftServerConfigKeys (ConfUtils.java:logGet(44)) - raft.server.watch.timeout = 180s (custom)
2020-05-07 05:22:09,940 [8d9d9f22-1b04-45e7-8887-14f2efe85604@group-B7A64901892C-LeaderElection2] INFO  server.RaftServerConfigKeys (ConfUtils.java:logGet(44)) - raft.server.watch.timeout.denomination = 1s (default)
2020-05-07 05:22:09,940 [8d9d9f22-1b04-45e7-8887-14f2efe85604@group-B7A64901892C-LeaderElection2] INFO  server.RaftServerConfigKeys (ConfUtils.java:logGet(44)) - raft.server.watch.element-limit = 65536 (default)
2020-05-07 05:22:09,950 [6f005c5b-3a07-4e39-8538-832f1c829f6a@group-1FD28950E6B0-LeaderElection3] INFO  server.RaftServerConfigKeys (ConfUtils.java:logGet(44)) - raft.server.watch.timeout = 180s (custom)
2020-05-07 05:22:09,950 [6f005c5b-3a07-4e39-8538-832f1c829f6a@group-1FD28950E6B0-LeaderElection3] INFO  server.RaftServerConfigKeys (ConfUtils.java:logGet(44)) - raft.server.watch.timeout.denomination = 1s (default)
2020-05-07 05:22:09,950 [6f005c5b-3a07-4e39-8538-832f1c829f6a@group-1FD28950E6B0-LeaderElection3] INFO  server.RaftServerConfigKeys (ConfUtils.java:logGet(44)) - raft.server.watch.element-limit = 65536 (default)
2020-05-07 05:22:09,953 [ee980e6c-318d-434c-9f48-1477050d6493@group-72B351ACE7BC-LeaderElection1] INFO  server.RaftServerConfigKeys (ConfUtils.java:logGet(44)) - raft.server.watch.timeout = 180s (custom)
2020-05-07 05:22:09,953 [ee980e6c-318d-434c-9f48-1477050d6493@group-72B351ACE7BC-LeaderElection1] INFO  server.RaftServerConfigKeys (ConfUtils.java:logGet(44)) - raft.server.watch.timeout.denomination = 1s (default)
2020-05-07 05:22:09,953 [ee980e6c-318d-434c-9f48-1477050d6493@group-72B351ACE7BC-LeaderElection1] INFO  server.RaftServerConfigKeys (ConfUtils.java:logGet(44)) - raft.server.watch.element-limit = 65536 (default)
2020-05-07 05:22:09,954 [Thread-274] INFO  impl.FollowerState (FollowerState.java:run(108)) - 356d7eb1-3ab0-4ec2-8f3b-50c5189d8c5c@group-977D63BB736B-FollowerState: change to CANDIDATE, lastRpcTime:5178ms, electionTimeout:5161ms
2020-05-07 05:22:09,954 [Thread-274] INFO  impl.RoleInfo (RoleInfo.java:shutdownFollowerState(121)) - 356d7eb1-3ab0-4ec2-8f3b-50c5189d8c5c: shutdown FollowerState
2020-05-07 05:22:09,954 [Thread-274] INFO  impl.RaftServerImpl (RaftServerImpl.java:setRole(173)) - 356d7eb1-3ab0-4ec2-8f3b-50c5189d8c5c@group-977D63BB736B: changes role from  FOLLOWER to CANDIDATE at term 0 for changeToCandidate
2020-05-07 05:22:09,954 [Thread-274] INFO  impl.RoleInfo (RoleInfo.java:updateAndGet(143)) - 356d7eb1-3ab0-4ec2-8f3b-50c5189d8c5c: start LeaderElection
2020-05-07 05:22:09,959 [8d9d9f22-1b04-45e7-8887-14f2efe85604@group-B7A64901892C-LeaderElection2] INFO  impl.RoleInfo (RoleInfo.java:updateAndGet(143)) - 8d9d9f22-1b04-45e7-8887-14f2efe85604: start LeaderState
2020-05-07 05:22:09,962 [ee980e6c-318d-434c-9f48-1477050d6493@group-72B351ACE7BC-LeaderElection1] INFO  impl.RoleInfo (RoleInfo.java:updateAndGet(143)) - ee980e6c-318d-434c-9f48-1477050d6493: start LeaderState
2020-05-07 05:22:09,962 [Thread-278] INFO  impl.FollowerState (FollowerState.java:run(108)) - 6f005c5b-3a07-4e39-8538-832f1c829f6a@group-A78D897FDF61-FollowerState: change to CANDIDATE, lastRpcTime:5063ms, electionTimeout:5057ms
2020-05-07 05:22:09,962 [Thread-278] INFO  impl.RoleInfo (RoleInfo.java:shutdownFollowerState(121)) - 6f005c5b-3a07-4e39-8538-832f1c829f6a: shutdown FollowerState
2020-05-07 05:22:09,962 [Thread-278] INFO  impl.RaftServerImpl (RaftServerImpl.java:setRole(173)) - 6f005c5b-3a07-4e39-8538-832f1c829f6a@group-A78D897FDF61: changes role from  FOLLOWER to CANDIDATE at term 0 for changeToCandidate
2020-05-07 05:22:09,962 [Thread-278] INFO  impl.RoleInfo (RoleInfo.java:updateAndGet(143)) - 6f005c5b-3a07-4e39-8538-832f1c829f6a: start LeaderElection
2020-05-07 05:22:09,962 [6f005c5b-3a07-4e39-8538-832f1c829f6a@group-1FD28950E6B0-LeaderElection3] INFO  impl.RoleInfo (RoleInfo.java:updateAndGet(143)) - 6f005c5b-3a07-4e39-8538-832f1c829f6a: start LeaderState
2020-05-07 05:22:09,968 [356d7eb1-3ab0-4ec2-8f3b-50c5189d8c5c@group-977D63BB736B-LeaderElection5] INFO  impl.LeaderElection (LeaderElection.java:askForVotes(206)) - 356d7eb1-3ab0-4ec2-8f3b-50c5189d8c5c@group-977D63BB736B-LeaderElection5: begin an election at term 1 for -1: [356d7eb1-3ab0-4ec2-8f3b-50c5189d8c5c:172.17.0.2:42933], old=null
2020-05-07 05:22:09,969 [356d7eb1-3ab0-4ec2-8f3b-50c5189d8c5c@group-977D63BB736B-LeaderElection5] INFO  impl.RoleInfo (RoleInfo.java:shutdownLeaderElection(134)) - 356d7eb1-3ab0-4ec2-8f3b-50c5189d8c5c: shutdown LeaderElection
2020-05-07 05:22:09,969 [434ad7a6-f62e-4a93-a110-3f74aeb448b2@group-C24D3E6F2A72-LeaderElection4] INFO  impl.LeaderElection (LeaderElection.java:askForVotes(206)) - 434ad7a6-f62e-4a93-a110-3f74aeb448b2@group-C24D3E6F2A72-LeaderElection4: begin an election at term 1 for -1: [434ad7a6-f62e-4a93-a110-3f74aeb448b2:172.17.0.2:45361], old=null
2020-05-07 05:22:09,969 [434ad7a6-f62e-4a93-a110-3f74aeb448b2@group-C24D3E6F2A72-LeaderElection4] INFO  impl.RoleInfo (RoleInfo.java:shutdownLeaderElection(134)) - 434ad7a6-f62e-4a93-a110-3f74aeb448b2: shutdown LeaderElection
2020-05-07 05:22:09,969 [434ad7a6-f62e-4a93-a110-3f74aeb448b2@group-C24D3E6F2A72-LeaderElection4] INFO  impl.RaftServerImpl (RaftServerImpl.java:setRole(173)) - 434ad7a6-f62e-4a93-a110-3f74aeb448b2@group-C24D3E6F2A72: changes role from CANDIDATE to LEADER at term 1 for changeToLeader
2020-05-07 05:22:09,969 [434ad7a6-f62e-4a93-a110-3f74aeb448b2@group-C24D3E6F2A72-LeaderElection4] INFO  ratis.XceiverServerRatis (XceiverServerRatis.java:handleLeaderChangedNotification(762)) - Leader change notification received for group: group-C24D3E6F2A72 with new leaderId: 434ad7a6-f62e-4a93-a110-3f74aeb448b2
2020-05-07 05:22:09,969 [434ad7a6-f62e-4a93-a110-3f74aeb448b2@group-C24D3E6F2A72-LeaderElection4] INFO  impl.RaftServerImpl (ServerState.java:setLeader(255)) - 434ad7a6-f62e-4a93-a110-3f74aeb448b2@group-C24D3E6F2A72: change Leader from null to 434ad7a6-f62e-4a93-a110-3f74aeb448b2 at term 1 for becomeLeader, leader elected after 5056ms
2020-05-07 05:22:09,969 [356d7eb1-3ab0-4ec2-8f3b-50c5189d8c5c@group-977D63BB736B-LeaderElection5] INFO  impl.RaftServerImpl (RaftServerImpl.java:setRole(173)) - 356d7eb1-3ab0-4ec2-8f3b-50c5189d8c5c@group-977D63BB736B: changes role from CANDIDATE to LEADER at term 1 for changeToLeader
2020-05-07 05:22:09,970 [356d7eb1-3ab0-4ec2-8f3b-50c5189d8c5c@group-977D63BB736B-LeaderElection5] INFO  ratis.XceiverServerRatis (XceiverServerRatis.java:handleLeaderChangedNotification(762)) - Leader change notification received for group: group-977D63BB736B with new leaderId: 356d7eb1-3ab0-4ec2-8f3b-50c5189d8c5c
2020-05-07 05:22:09,970 [356d7eb1-3ab0-4ec2-8f3b-50c5189d8c5c@group-977D63BB736B-LeaderElection5] INFO  impl.RaftServerImpl (ServerState.java:setLeader(255)) - 356d7eb1-3ab0-4ec2-8f3b-50c5189d8c5c@group-977D63BB736B: change Leader from null to 356d7eb1-3ab0-4ec2-8f3b-50c5189d8c5c at term 1 for becomeLeader, leader elected after 5274ms
2020-05-07 05:22:09,971 [434ad7a6-f62e-4a93-a110-3f74aeb448b2@group-C24D3E6F2A72-LeaderElection4] INFO  server.RaftServerConfigKeys (ConfUtils.java:logGet(44)) - raft.server.staging.catchup.gap = 1000 (default)
2020-05-07 05:22:09,971 [434ad7a6-f62e-4a93-a110-3f74aeb448b2@group-C24D3E6F2A72-LeaderElection4] INFO  server.RaftServerConfigKeys (ConfUtils.java:logGet(44)) - raft.server.rpc.sleep.time = 25ms (default)
2020-05-07 05:22:09,971 [434ad7a6-f62e-4a93-a110-3f74aeb448b2@group-C24D3E6F2A72-LeaderElection4] INFO  metrics.RatisMetrics (RatisMetrics.java:lambda$create$0(39)) - Creating Metrics Registry : ratis.log_appender.434ad7a6-f62e-4a93-a110-3f74aeb448b2@group-C24D3E6F2A72
2020-05-07 05:22:09,971 [434ad7a6-f62e-4a93-a110-3f74aeb448b2@group-C24D3E6F2A72-LeaderElection4] INFO  server.RaftServerConfigKeys (ConfUtils.java:logGet(44)) - raft.server.write.element-limit = 1024 (custom)
2020-05-07 05:22:09,971 [434ad7a6-f62e-4a93-a110-3f74aeb448b2@group-C24D3E6F2A72-LeaderElection4] INFO  server.RaftServerConfigKeys (ConfUtils.java:logGet(44)) - raft.server.write.byte-limit = 1073741824 (custom)
2020-05-07 05:22:09,971 [434ad7a6-f62e-4a93-a110-3f74aeb448b2@group-C24D3E6F2A72-LeaderElection4] INFO  server.RaftServerConfigKeys (ConfUtils.java:logGet(44)) - raft.server.watch.timeout = 180s (custom)
2020-05-07 05:22:09,972 [434ad7a6-f62e-4a93-a110-3f74aeb448b2@group-C24D3E6F2A72-LeaderElection4] INFO  server.RaftServerConfigKeys (ConfUtils.java:logGet(44)) - raft.server.watch.timeout.denomination = 1s (default)
2020-05-07 05:22:09,972 [434ad7a6-f62e-4a93-a110-3f74aeb448b2@group-C24D3E6F2A72-LeaderElection4] INFO  server.RaftServerConfigKeys (ConfUtils.java:logGet(44)) - raft.server.watch.element-limit = 65536 (default)
2020-05-07 05:22:09,973 [356d7eb1-3ab0-4ec2-8f3b-50c5189d8c5c@group-977D63BB736B-LeaderElection5] INFO  server.RaftServerConfigKeys (ConfUtils.java:logGet(44)) - raft.server.staging.catchup.gap = 1000 (default)
2020-05-07 05:22:09,973 [356d7eb1-3ab0-4ec2-8f3b-50c5189d8c5c@group-977D63BB736B-LeaderElection5] INFO  server.RaftServerConfigKeys (ConfUtils.java:logGet(44)) - raft.server.rpc.sleep.time = 25ms (default)
2020-05-07 05:22:09,973 [434ad7a6-f62e-4a93-a110-3f74aeb448b2@group-C24D3E6F2A72-LeaderElection4] INFO  impl.RoleInfo (RoleInfo.java:updateAndGet(143)) - 434ad7a6-f62e-4a93-a110-3f74aeb448b2: start LeaderState
2020-05-07 05:22:09,974 [356d7eb1-3ab0-4ec2-8f3b-50c5189d8c5c@group-977D63BB736B-LeaderElection5] INFO  metrics.RatisMetrics (RatisMetrics.java:lambda$create$0(39)) - Creating Metrics Registry : ratis.log_appender.356d7eb1-3ab0-4ec2-8f3b-50c5189d8c5c@group-977D63BB736B
2020-05-07 05:22:09,974 [Thread-282] INFO  impl.FollowerState (FollowerState.java:run(108)) - ee980e6c-318d-434c-9f48-1477050d6493@group-A78D897FDF61-FollowerState: change to CANDIDATE, lastRpcTime:5092ms, electionTimeout:5066ms
2020-05-07 05:22:09,974 [Thread-282] INFO  impl.RoleInfo (RoleInfo.java:shutdownFollowerState(121)) - ee980e6c-318d-434c-9f48-1477050d6493: shutdown FollowerState
2020-05-07 05:22:09,974 [Thread-282] INFO  impl.RaftServerImpl (RaftServerImpl.java:setRole(173)) - ee980e6c-318d-434c-9f48-1477050d6493@group-A78D897FDF61: changes role from  FOLLOWER to CANDIDATE at term 0 for changeToCandidate
2020-05-07 05:22:09,974 [Thread-282] INFO  impl.RoleInfo (RoleInfo.java:updateAndGet(143)) - ee980e6c-318d-434c-9f48-1477050d6493: start LeaderElection
2020-05-07 05:22:09,975 [356d7eb1-3ab0-4ec2-8f3b-50c5189d8c5c@group-977D63BB736B-LeaderElection5] INFO  server.RaftServerConfigKeys (ConfUtils.java:logGet(44)) - raft.server.write.element-limit = 1024 (custom)
2020-05-07 05:22:09,975 [356d7eb1-3ab0-4ec2-8f3b-50c5189d8c5c@group-977D63BB736B-LeaderElection5] INFO  server.RaftServerConfigKeys (ConfUtils.java:logGet(44)) - raft.server.write.byte-limit = 1073741824 (custom)
2020-05-07 05:22:09,975 [356d7eb1-3ab0-4ec2-8f3b-50c5189d8c5c@group-977D63BB736B-LeaderElection5] INFO  server.RaftServerConfigKeys (ConfUtils.java:logGet(44)) - raft.server.watch.timeout = 180s (custom)
2020-05-07 05:22:09,976 [356d7eb1-3ab0-4ec2-8f3b-50c5189d8c5c@group-977D63BB736B-LeaderElection5] INFO  server.RaftServerConfigKeys (ConfUtils.java:logGet(44)) - raft.server.watch.timeout.denomination = 1s (default)
2020-05-07 05:22:09,976 [356d7eb1-3ab0-4ec2-8f3b-50c5189d8c5c@group-977D63BB736B-LeaderElection5] INFO  server.RaftServerConfigKeys (ConfUtils.java:logGet(44)) - raft.server.watch.element-limit = 65536 (default)
2020-05-07 05:22:09,976 [356d7eb1-3ab0-4ec2-8f3b-50c5189d8c5c@group-977D63BB736B-LeaderElection5] INFO  impl.RoleInfo (RoleInfo.java:updateAndGet(143)) - 356d7eb1-3ab0-4ec2-8f3b-50c5189d8c5c: start LeaderState
2020-05-07 05:22:09,975 [6f005c5b-3a07-4e39-8538-832f1c829f6a@group-A78D897FDF61-LeaderElection6] INFO  impl.LeaderElection (LeaderElection.java:askForVotes(206)) - 6f005c5b-3a07-4e39-8538-832f1c829f6a@group-A78D897FDF61-LeaderElection6: begin an election at term 1 for -1: [ee980e6c-318d-434c-9f48-1477050d6493:172.17.0.2:43929, 8d9d9f22-1b04-45e7-8887-14f2efe85604:172.17.0.2:46631, 6f005c5b-3a07-4e39-8538-832f1c829f6a:172.17.0.2:46159], old=null
2020-05-07 05:22:10,000 [356d7eb1-3ab0-4ec2-8f3b-50c5189d8c5c@group-977D63BB736B-LeaderElection5] INFO  segmented.SegmentedRaftLogWorker (SegmentedRaftLogWorker.java:startLogSegment(391)) - 356d7eb1-3ab0-4ec2-8f3b-50c5189d8c5c@group-977D63BB736B-SegmentedRaftLogWorker: Starting segment from index:0
2020-05-07 05:22:10,000 [6f005c5b-3a07-4e39-8538-832f1c829f6a@group-1FD28950E6B0-LeaderElection3] INFO  segmented.SegmentedRaftLogWorker (SegmentedRaftLogWorker.java:startLogSegment(391)) - 6f005c5b-3a07-4e39-8538-832f1c829f6a@group-1FD28950E6B0-SegmentedRaftLogWorker: Starting segment from index:0
2020-05-07 05:22:10,000 [8d9d9f22-1b04-45e7-8887-14f2efe85604@group-B7A64901892C-LeaderElection2] INFO  segmented.SegmentedRaftLogWorker (SegmentedRaftLogWorker.java:startLogSegment(391)) - 8d9d9f22-1b04-45e7-8887-14f2efe85604@group-B7A64901892C-SegmentedRaftLogWorker: Starting segment from index:0
2020-05-07 05:22:10,000 [434ad7a6-f62e-4a93-a110-3f74aeb448b2@group-C24D3E6F2A72-LeaderElection4] INFO  segmented.SegmentedRaftLogWorker (SegmentedRaftLogWorker.java:startLogSegment(391)) - 434ad7a6-f62e-4a93-a110-3f74aeb448b2@group-C24D3E6F2A72-SegmentedRaftLogWorker: Starting segment from index:0
2020-05-07 05:22:10,005 [ee980e6c-318d-434c-9f48-1477050d6493@group-72B351ACE7BC-LeaderElection1] INFO  segmented.SegmentedRaftLogWorker (SegmentedRaftLogWorker.java:startLogSegment(391)) - ee980e6c-318d-434c-9f48-1477050d6493@group-72B351ACE7BC-SegmentedRaftLogWorker: Starting segment from index:0
2020-05-07 05:22:10,011 [Thread-281] INFO  impl.FollowerState (FollowerState.java:run(108)) - 8d9d9f22-1b04-45e7-8887-14f2efe85604@group-A78D897FDF61-FollowerState: change to CANDIDATE, lastRpcTime:5137ms, electionTimeout:5132ms
2020-05-07 05:22:10,011 [Thread-281] INFO  impl.RoleInfo (RoleInfo.java:shutdownFollowerState(121)) - 8d9d9f22-1b04-45e7-8887-14f2efe85604: shutdown FollowerState
2020-05-07 05:22:10,011 [Thread-281] INFO  impl.RaftServerImpl (RaftServerImpl.java:setRole(173)) - 8d9d9f22-1b04-45e7-8887-14f2efe85604@group-A78D897FDF61: changes role from  FOLLOWER to CANDIDATE at term 0 for changeToCandidate
2020-05-07 05:22:10,011 [Thread-281] INFO  impl.RoleInfo (RoleInfo.java:updateAndGet(143)) - 8d9d9f22-1b04-45e7-8887-14f2efe85604: start LeaderElection
2020-05-07 05:22:10,011 [ee980e6c-318d-434c-9f48-1477050d6493@group-A78D897FDF61-LeaderElection7] INFO  impl.LeaderElection (LeaderElection.java:askForVotes(206)) - ee980e6c-318d-434c-9f48-1477050d6493@group-A78D897FDF61-LeaderElection7: begin an election at term 1 for -1: [ee980e6c-318d-434c-9f48-1477050d6493:172.17.0.2:43929, 8d9d9f22-1b04-45e7-8887-14f2efe85604:172.17.0.2:46631, 6f005c5b-3a07-4e39-8538-832f1c829f6a:172.17.0.2:46159], old=null
2020-05-07 05:22:10,013 [Thread-277] INFO  impl.FollowerState (FollowerState.java:run(108)) - 356d7eb1-3ab0-4ec2-8f3b-50c5189d8c5c@group-766E59C4AC00-FollowerState: change to CANDIDATE, lastRpcTime:5153ms, electionTimeout:5152ms
2020-05-07 05:22:10,013 [Thread-277] INFO  impl.RoleInfo (RoleInfo.java:shutdownFollowerState(121)) - 356d7eb1-3ab0-4ec2-8f3b-50c5189d8c5c: shutdown FollowerState
2020-05-07 05:22:10,013 [Thread-277] INFO  impl.RaftServerImpl (RaftServerImpl.java:setRole(173)) - 356d7eb1-3ab0-4ec2-8f3b-50c5189d8c5c@group-766E59C4AC00: changes role from  FOLLOWER to CANDIDATE at term 0 for changeToCandidate
2020-05-07 05:22:10,043 [ee980e6c-318d-434c-9f48-1477050d6493@group-72B351ACE7BC-LeaderElection1] INFO  impl.RaftServerImpl (ServerState.java:setRaftConf(356)) - ee980e6c-318d-434c-9f48-1477050d6493@group-72B351ACE7BC: set configuration 0: [ee980e6c-318d-434c-9f48-1477050d6493:172.17.0.2:43929], old=null at 0
2020-05-07 05:22:10,044 [8d9d9f22-1b04-45e7-8887-14f2efe85604@group-B7A64901892C-LeaderElection2] INFO  impl.RaftServerImpl (ServerState.java:setRaftConf(356)) - 8d9d9f22-1b04-45e7-8887-14f2efe85604@group-B7A64901892C: set configuration 0: [8d9d9f22-1b04-45e7-8887-14f2efe85604:172.17.0.2:46631], old=null at 0
2020-05-07 05:22:10,050 [356d7eb1-3ab0-4ec2-8f3b-50c5189d8c5c@group-977D63BB736B-LeaderElection5] INFO  impl.RaftServerImpl (ServerState.java:setRaftConf(356)) - 356d7eb1-3ab0-4ec2-8f3b-50c5189d8c5c@group-977D63BB736B: set configuration 0: [356d7eb1-3ab0-4ec2-8f3b-50c5189d8c5c:172.17.0.2:42933], old=null at 0
2020-05-07 05:22:10,050 [434ad7a6-f62e-4a93-a110-3f74aeb448b2@group-C24D3E6F2A72-LeaderElection4] INFO  impl.RaftServerImpl (ServerState.java:setRaftConf(356)) - 434ad7a6-f62e-4a93-a110-3f74aeb448b2@group-C24D3E6F2A72: set configuration 0: [434ad7a6-f62e-4a93-a110-3f74aeb448b2:172.17.0.2:45361], old=null at 0
2020-05-07 05:22:10,056 [Thread-277] INFO  impl.RoleInfo (RoleInfo.java:updateAndGet(143)) - 356d7eb1-3ab0-4ec2-8f3b-50c5189d8c5c: start LeaderElection
2020-05-07 05:22:10,056 [6f005c5b-3a07-4e39-8538-832f1c829f6a@group-1FD28950E6B0-LeaderElection3] INFO  impl.RaftServerImpl (ServerState.java:setRaftConf(356)) - 6f005c5b-3a07-4e39-8538-832f1c829f6a@group-1FD28950E6B0: set configuration 0: [6f005c5b-3a07-4e39-8538-832f1c829f6a:172.17.0.2:46159], old=null at 0
2020-05-07 05:22:10,082 [8d9d9f22-1b04-45e7-8887-14f2efe85604@group-A78D897FDF61-LeaderElection8] INFO  impl.LeaderElection (LeaderElection.java:askForVotes(206)) - 8d9d9f22-1b04-45e7-8887-14f2efe85604@group-A78D897FDF61-LeaderElection8: begin an election at term 1 for -1: [ee980e6c-318d-434c-9f48-1477050d6493:172.17.0.2:43929, 8d9d9f22-1b04-45e7-8887-14f2efe85604:172.17.0.2:46631, 6f005c5b-3a07-4e39-8538-832f1c829f6a:172.17.0.2:46159], old=null
2020-05-07 05:22:10,082 [356d7eb1-3ab0-4ec2-8f3b-50c5189d8c5c@group-766E59C4AC00-LeaderElection9] INFO  impl.LeaderElection (LeaderElection.java:askForVotes(206)) - 356d7eb1-3ab0-4ec2-8f3b-50c5189d8c5c@group-766E59C4AC00-LeaderElection9: begin an election at term 1 for -1: [356d7eb1-3ab0-4ec2-8f3b-50c5189d8c5c:172.17.0.2:42933, 0e39abeb-e09f-4467-b548-2c183be5bccb:172.17.0.2:38085, 434ad7a6-f62e-4a93-a110-3f74aeb448b2:172.17.0.2:45361], old=null
2020-05-07 05:22:10,103 [Thread-288] INFO  impl.FollowerState (FollowerState.java:run(108)) - 0e39abeb-e09f-4467-b548-2c183be5bccb@group-68409D80522E-FollowerState: change to CANDIDATE, lastRpcTime:5045ms, electionTimeout:5033ms
2020-05-07 05:22:10,103 [Thread-288] INFO  impl.RoleInfo (RoleInfo.java:shutdownFollowerState(121)) - 0e39abeb-e09f-4467-b548-2c183be5bccb: shutdown FollowerState
2020-05-07 05:22:10,103 [Thread-288] INFO  impl.RaftServerImpl (RaftServerImpl.java:setRole(173)) - 0e39abeb-e09f-4467-b548-2c183be5bccb@group-68409D80522E: changes role from  FOLLOWER to CANDIDATE at term 0 for changeToCandidate
2020-05-07 05:22:10,112 [Thread-286] INFO  impl.FollowerState (FollowerState.java:run(108)) - 434ad7a6-f62e-4a93-a110-3f74aeb448b2@group-766E59C4AC00-FollowerState: change to CANDIDATE, lastRpcTime:5154ms, electionTimeout:5142ms
2020-05-07 05:22:10,113 [Thread-286] INFO  impl.RoleInfo (RoleInfo.java:shutdownFollowerState(121)) - 434ad7a6-f62e-4a93-a110-3f74aeb448b2: shutdown FollowerState
2020-05-07 05:22:10,113 [Thread-286] INFO  impl.RaftServerImpl (RaftServerImpl.java:setRole(173)) - 434ad7a6-f62e-4a93-a110-3f74aeb448b2@group-766E59C4AC00: changes role from  FOLLOWER to CANDIDATE at term 0 for changeToCandidate
2020-05-07 05:22:10,113 [Thread-286] INFO  impl.RoleInfo (RoleInfo.java:updateAndGet(143)) - 434ad7a6-f62e-4a93-a110-3f74aeb448b2: start LeaderElection
2020-05-07 05:22:10,122 [Thread-288] INFO  impl.RoleInfo (RoleInfo.java:updateAndGet(143)) - 0e39abeb-e09f-4467-b548-2c183be5bccb: start LeaderElection
2020-05-07 05:22:10,151 [6f005c5b-3a07-4e39-8538-832f1c829f6a@group-A78D897FDF61-LeaderElection6] INFO  impl.LeaderElection (LeaderElection.java:logAndReturn(61)) - 6f005c5b-3a07-4e39-8538-832f1c829f6a@group-A78D897FDF61-LeaderElection6: Election REJECTED; received 2 response(s) [6f005c5b-3a07-4e39-8538-832f1c829f6a<-ee980e6c-318d-434c-9f48-1477050d6493#0:FAIL-t1, 6f005c5b-3a07-4e39-8538-832f1c829f6a<-8d9d9f22-1b04-45e7-8887-14f2efe85604#0:FAIL-t1] and 0 exception(s); 6f005c5b-3a07-4e39-8538-832f1c829f6a@group-A78D897FDF61:t1, leader=null, voted=6f005c5b-3a07-4e39-8538-832f1c829f6a, raftlog=6f005c5b-3a07-4e39-8538-832f1c829f6a@group-A78D897FDF61-SegmentedRaftLog:OPENED:c-1,f-1,i0, conf=-1: [ee980e6c-318d-434c-9f48-1477050d6493:172.17.0.2:43929, 8d9d9f22-1b04-45e7-8887-14f2efe85604:172.17.0.2:46631, 6f005c5b-3a07-4e39-8538-832f1c829f6a:172.17.0.2:46159], old=null
2020-05-07 05:22:10,152 [6f005c5b-3a07-4e39-8538-832f1c829f6a@group-A78D897FDF61-LeaderElection6] INFO  impl.RaftServerImpl (RaftServerImpl.java:setRole(173)) - 6f005c5b-3a07-4e39-8538-832f1c829f6a@group-A78D897FDF61: changes role from CANDIDATE to FOLLOWER at term 1 for DISCOVERED_A_NEW_TERM
2020-05-07 05:22:10,152 [6f005c5b-3a07-4e39-8538-832f1c829f6a@group-A78D897FDF61-LeaderElection6] INFO  impl.RoleInfo (RoleInfo.java:shutdownLeaderElection(134)) - 6f005c5b-3a07-4e39-8538-832f1c829f6a: shutdown LeaderElection
2020-05-07 05:22:10,152 [6f005c5b-3a07-4e39-8538-832f1c829f6a@group-A78D897FDF61-LeaderElection6] INFO  impl.RoleInfo (RoleInfo.java:updateAndGet(143)) - 6f005c5b-3a07-4e39-8538-832f1c829f6a: start FollowerState
2020-05-07 05:22:10,153 [ee980e6c-318d-434c-9f48-1477050d6493@group-A78D897FDF61-LeaderElection7] INFO  impl.LeaderElection (LeaderElection.java:logAndReturn(61)) - ee980e6c-318d-434c-9f48-1477050d6493@group-A78D897FDF61-LeaderElection7: Election REJECTED; received 2 response(s) [ee980e6c-318d-434c-9f48-1477050d6493<-8d9d9f22-1b04-45e7-8887-14f2efe85604#0:FAIL-t1, ee980e6c-318d-434c-9f48-1477050d6493<-6f005c5b-3a07-4e39-8538-832f1c829f6a#0:FAIL-t1] and 0 exception(s); ee980e6c-318d-434c-9f48-1477050d6493@group-A78D897FDF61:t1, leader=null, voted=ee980e6c-318d-434c-9f48-1477050d6493, raftlog=ee980e6c-318d-434c-9f48-1477050d6493@group-A78D897FDF61-SegmentedRaftLog:OPENED:c-1,f-1,i0, conf=-1: [ee980e6c-318d-434c-9f48-1477050d6493:172.17.0.2:43929, 8d9d9f22-1b04-45e7-8887-14f2efe85604:172.17.0.2:46631, 6f005c5b-3a07-4e39-8538-832f1c829f6a:172.17.0.2:46159], old=null
2020-05-07 05:22:10,156 [ee980e6c-318d-434c-9f48-1477050d6493@group-A78D897FDF61-LeaderElection7] INFO  impl.RaftServerImpl (RaftServerImpl.java:setRole(173)) - ee980e6c-318d-434c-9f48-1477050d6493@group-A78D897FDF61: changes role from CANDIDATE to FOLLOWER at term 1 for DISCOVERED_A_NEW_TERM
2020-05-07 05:22:10,156 [ee980e6c-318d-434c-9f48-1477050d6493@group-A78D897FDF61-LeaderElection7] INFO  impl.RoleInfo (RoleInfo.java:shutdownLeaderElection(134)) - ee980e6c-318d-434c-9f48-1477050d6493: shutdown LeaderElection
2020-05-07 05:22:10,156 [ee980e6c-318d-434c-9f48-1477050d6493@group-A78D897FDF61-LeaderElection7] INFO  impl.RoleInfo (RoleInfo.java:updateAndGet(143)) - ee980e6c-318d-434c-9f48-1477050d6493: start FollowerState
2020-05-07 05:22:10,157 [434ad7a6-f62e-4a93-a110-3f74aeb448b2@group-766E59C4AC00-LeaderElection11] INFO  impl.LeaderElection (LeaderElection.java:askForVotes(206)) - 434ad7a6-f62e-4a93-a110-3f74aeb448b2@group-766E59C4AC00-LeaderElection11: begin an election at term 1 for -1: [356d7eb1-3ab0-4ec2-8f3b-50c5189d8c5c:172.17.0.2:42933, 0e39abeb-e09f-4467-b548-2c183be5bccb:172.17.0.2:38085, 434ad7a6-f62e-4a93-a110-3f74aeb448b2:172.17.0.2:45361], old=null
2020-05-07 05:22:10,160 [0e39abeb-e09f-4467-b548-2c183be5bccb@group-68409D80522E-LeaderElection10] INFO  impl.LeaderElection (LeaderElection.java:askForVotes(206)) - 0e39abeb-e09f-4467-b548-2c183be5bccb@group-68409D80522E-LeaderElection10: begin an election at term 1 for -1: [0e39abeb-e09f-4467-b548-2c183be5bccb:172.17.0.2:38085], old=null
2020-05-07 05:22:10,162 [0e39abeb-e09f-4467-b548-2c183be5bccb@group-68409D80522E-LeaderElection10] INFO  impl.RoleInfo (RoleInfo.java:shutdownLeaderElection(134)) - 0e39abeb-e09f-4467-b548-2c183be5bccb: shutdown LeaderElection
2020-05-07 05:22:10,162 [0e39abeb-e09f-4467-b548-2c183be5bccb@group-68409D80522E-LeaderElection10] INFO  impl.RaftServerImpl (RaftServerImpl.java:setRole(173)) - 0e39abeb-e09f-4467-b548-2c183be5bccb@group-68409D80522E: changes role from CANDIDATE to LEADER at term 1 for changeToLeader
2020-05-07 05:22:10,162 [0e39abeb-e09f-4467-b548-2c183be5bccb@group-68409D80522E-LeaderElection10] INFO  ratis.XceiverServerRatis (XceiverServerRatis.java:handleLeaderChangedNotification(762)) - Leader change notification received for group: group-68409D80522E with new leaderId: 0e39abeb-e09f-4467-b548-2c183be5bccb
2020-05-07 05:22:10,171 [0e39abeb-e09f-4467-b548-2c183be5bccb@group-68409D80522E-LeaderElection10] INFO  impl.RaftServerImpl (ServerState.java:setLeader(255)) - 0e39abeb-e09f-4467-b548-2c183be5bccb@group-68409D80522E: change Leader from null to 0e39abeb-e09f-4467-b548-2c183be5bccb at term 1 for becomeLeader, leader elected after 5140ms
2020-05-07 05:22:10,171 [0e39abeb-e09f-4467-b548-2c183be5bccb@group-68409D80522E-LeaderElection10] INFO  server.RaftServerConfigKeys (ConfUtils.java:logGet(44)) - raft.server.staging.catchup.gap = 1000 (default)
2020-05-07 05:22:10,171 [0e39abeb-e09f-4467-b548-2c183be5bccb@group-68409D80522E-LeaderElection10] INFO  server.RaftServerConfigKeys (ConfUtils.java:logGet(44)) - raft.server.rpc.sleep.time = 25ms (default)
2020-05-07 05:22:10,171 [0e39abeb-e09f-4467-b548-2c183be5bccb@group-68409D80522E-LeaderElection10] INFO  metrics.RatisMetrics (RatisMetrics.java:lambda$create$0(39)) - Creating Metrics Registry : ratis.log_appender.0e39abeb-e09f-4467-b548-2c183be5bccb@group-68409D80522E
2020-05-07 05:22:10,172 [0e39abeb-e09f-4467-b548-2c183be5bccb@group-68409D80522E-LeaderElection10] INFO  server.RaftServerConfigKeys (ConfUtils.java:logGet(44)) - raft.server.write.element-limit = 1024 (custom)
2020-05-07 05:22:10,172 [0e39abeb-e09f-4467-b548-2c183be5bccb@group-68409D80522E-LeaderElection10] INFO  server.RaftServerConfigKeys (ConfUtils.java:logGet(44)) - raft.server.write.byte-limit = 1073741824 (custom)
2020-05-07 05:22:10,172 [0e39abeb-e09f-4467-b548-2c183be5bccb@group-68409D80522E-LeaderElection10] INFO  server.RaftServerConfigKeys (ConfUtils.java:logGet(44)) - raft.server.watch.timeout = 180s (custom)
2020-05-07 05:22:10,172 [0e39abeb-e09f-4467-b548-2c183be5bccb@group-68409D80522E-LeaderElection10] INFO  server.RaftServerConfigKeys (ConfUtils.java:logGet(44)) - raft.server.watch.timeout.denomination = 1s (default)
2020-05-07 05:22:10,172 [0e39abeb-e09f-4467-b548-2c183be5bccb@group-68409D80522E-LeaderElection10] INFO  server.RaftServerConfigKeys (ConfUtils.java:logGet(44)) - raft.server.watch.element-limit = 65536 (default)
2020-05-07 05:22:10,172 [0e39abeb-e09f-4467-b548-2c183be5bccb@group-68409D80522E-LeaderElection10] INFO  impl.RoleInfo (RoleInfo.java:updateAndGet(143)) - 0e39abeb-e09f-4467-b548-2c183be5bccb: start LeaderState
2020-05-07 05:22:10,173 [0e39abeb-e09f-4467-b548-2c183be5bccb@group-68409D80522E-LeaderElection10] INFO  segmented.SegmentedRaftLogWorker (SegmentedRaftLogWorker.java:startLogSegment(391)) - 0e39abeb-e09f-4467-b548-2c183be5bccb@group-68409D80522E-SegmentedRaftLogWorker: Starting segment from index:0
2020-05-07 05:22:10,174 [0e39abeb-e09f-4467-b548-2c183be5bccb@group-68409D80522E-LeaderElection10] INFO  impl.RaftServerImpl (ServerState.java:setRaftConf(356)) - 0e39abeb-e09f-4467-b548-2c183be5bccb@group-68409D80522E: set configuration 0: [0e39abeb-e09f-4467-b548-2c183be5bccb:172.17.0.2:38085], old=null at 0
2020-05-07 05:22:10,183 [grpc-default-executor-2] INFO  impl.RaftServerImpl (RaftServerImpl.java:setRole(173)) - 0e39abeb-e09f-4467-b548-2c183be5bccb@group-766E59C4AC00: changes role from  FOLLOWER to FOLLOWER at term 1 for recognizeCandidate:356d7eb1-3ab0-4ec2-8f3b-50c5189d8c5c
2020-05-07 05:22:10,184 [grpc-default-executor-2] INFO  impl.RoleInfo (RoleInfo.java:shutdownFollowerState(121)) - 0e39abeb-e09f-4467-b548-2c183be5bccb: shutdown FollowerState
2020-05-07 05:22:10,184 [grpc-default-executor-2] INFO  impl.RoleInfo (RoleInfo.java:updateAndGet(143)) - 0e39abeb-e09f-4467-b548-2c183be5bccb: start FollowerState
2020-05-07 05:22:10,185 [Thread-292] INFO  impl.FollowerState (FollowerState.java:run(117)) - 0e39abeb-e09f-4467-b548-2c183be5bccb@group-766E59C4AC00-FollowerState was interrupted: java.lang.InterruptedException: sleep interrupted
2020-05-07 05:22:10,205 [356d7eb1-3ab0-4ec2-8f3b-50c5189d8c5c@group-766E59C4AC00-LeaderElection9] INFO  impl.LeaderElection (LeaderElection.java:logAndReturn(61)) - 356d7eb1-3ab0-4ec2-8f3b-50c5189d8c5c@group-766E59C4AC00-LeaderElection9: Election PASSED; received 2 response(s) [356d7eb1-3ab0-4ec2-8f3b-50c5189d8c5c<-0e39abeb-e09f-4467-b548-2c183be5bccb#0:OK-t1, 356d7eb1-3ab0-4ec2-8f3b-50c5189d8c5c<-434ad7a6-f62e-4a93-a110-3f74aeb448b2#0:FAIL-t1] and 0 exception(s); 356d7eb1-3ab0-4ec2-8f3b-50c5189d8c5c@group-766E59C4AC00:t1, leader=null, voted=356d7eb1-3ab0-4ec2-8f3b-50c5189d8c5c, raftlog=356d7eb1-3ab0-4ec2-8f3b-50c5189d8c5c@group-766E59C4AC00-SegmentedRaftLog:OPENED:c-1,f-1,i0, conf=-1: [356d7eb1-3ab0-4ec2-8f3b-50c5189d8c5c:172.17.0.2:42933, 0e39abeb-e09f-4467-b548-2c183be5bccb:172.17.0.2:38085, 434ad7a6-f62e-4a93-a110-3f74aeb448b2:172.17.0.2:45361], old=null
2020-05-07 05:22:10,206 [356d7eb1-3ab0-4ec2-8f3b-50c5189d8c5c@group-766E59C4AC00-LeaderElection9] INFO  impl.RoleInfo (RoleInfo.java:shutdownLeaderElection(134)) - 356d7eb1-3ab0-4ec2-8f3b-50c5189d8c5c: shutdown LeaderElection
2020-05-07 05:22:10,206 [356d7eb1-3ab0-4ec2-8f3b-50c5189d8c5c@group-766E59C4AC00-LeaderElection9] INFO  impl.RaftServerImpl (RaftServerImpl.java:setRole(173)) - 356d7eb1-3ab0-4ec2-8f3b-50c5189d8c5c@group-766E59C4AC00: changes role from CANDIDATE to LEADER at term 1 for changeToLeader
2020-05-07 05:22:10,206 [356d7eb1-3ab0-4ec2-8f3b-50c5189d8c5c@group-766E59C4AC00-LeaderElection9] INFO  ratis.XceiverServerRatis (XceiverServerRatis.java:handleLeaderChangedNotification(762)) - Leader change notification received for group: group-766E59C4AC00 with new leaderId: 356d7eb1-3ab0-4ec2-8f3b-50c5189d8c5c
2020-05-07 05:22:10,206 [356d7eb1-3ab0-4ec2-8f3b-50c5189d8c5c@group-766E59C4AC00-LeaderElection9] INFO  impl.RaftServerImpl (ServerState.java:setLeader(255)) - 356d7eb1-3ab0-4ec2-8f3b-50c5189d8c5c@group-766E59C4AC00: change Leader from null to 356d7eb1-3ab0-4ec2-8f3b-50c5189d8c5c at term 1 for becomeLeader, leader elected after 5362ms
2020-05-07 05:22:10,206 [356d7eb1-3ab0-4ec2-8f3b-50c5189d8c5c@group-766E59C4AC00-LeaderElection9] INFO  server.RaftServerConfigKeys (ConfUtils.java:logGet(44)) - raft.server.staging.catchup.gap = 1000 (default)
2020-05-07 05:22:10,206 [356d7eb1-3ab0-4ec2-8f3b-50c5189d8c5c@group-766E59C4AC00-LeaderElection9] INFO  server.RaftServerConfigKeys (ConfUtils.java:logGet(44)) - raft.server.rpc.sleep.time = 25ms (default)
2020-05-07 05:22:10,206 [356d7eb1-3ab0-4ec2-8f3b-50c5189d8c5c@group-766E59C4AC00-LeaderElection9] INFO  metrics.RatisMetrics (RatisMetrics.java:lambda$create$0(39)) - Creating Metrics Registry : ratis.log_appender.356d7eb1-3ab0-4ec2-8f3b-50c5189d8c5c@group-766E59C4AC00
2020-05-07 05:22:10,206 [356d7eb1-3ab0-4ec2-8f3b-50c5189d8c5c@group-766E59C4AC00-LeaderElection9] INFO  server.RaftServerConfigKeys (ConfUtils.java:logGet(44)) - raft.server.write.element-limit = 1024 (custom)
2020-05-07 05:22:10,206 [356d7eb1-3ab0-4ec2-8f3b-50c5189d8c5c@group-766E59C4AC00-LeaderElection9] INFO  server.RaftServerConfigKeys (ConfUtils.java:logGet(44)) - raft.server.write.byte-limit = 1073741824 (custom)
2020-05-07 05:22:10,207 [356d7eb1-3ab0-4ec2-8f3b-50c5189d8c5c@group-766E59C4AC00-LeaderElection9] INFO  server.RaftServerConfigKeys (ConfUtils.java:logGet(44)) - raft.server.watch.timeout = 180s (custom)
2020-05-07 05:22:10,207 [356d7eb1-3ab0-4ec2-8f3b-50c5189d8c5c@group-766E59C4AC00-LeaderElection9] INFO  server.RaftServerConfigKeys (ConfUtils.java:logGet(44)) - raft.server.watch.timeout.denomination = 1s (default)
2020-05-07 05:22:10,207 [356d7eb1-3ab0-4ec2-8f3b-50c5189d8c5c@group-766E59C4AC00-LeaderElection9] INFO  server.RaftServerConfigKeys (ConfUtils.java:logGet(44)) - raft.server.watch.element-limit = 65536 (default)
2020-05-07 05:22:10,209 [EventQueue-PipelineReportForPipelineReportHandler] INFO  pipeline.PipelineStateManager (PipelineStateManager.java:openPipeline(131)) - Pipeline Pipeline[ Id: 77a9c724-781f-44c6-80c6-766e59c4ac00, Nodes: 356d7eb1-3ab0-4ec2-8f3b-50c5189d8c5c{ip: 172.17.0.2, host: b2266369218d, networkLocation: /default-rack, certSerialId: null}434ad7a6-f62e-4a93-a110-3f74aeb448b2{ip: 172.17.0.2, host: b2266369218d, networkLocation: /default-rack, certSerialId: null}0e39abeb-e09f-4467-b548-2c183be5bccb{ip: 172.17.0.2, host: b2266369218d, networkLocation: /default-rack, certSerialId: null}, Type:RATIS, Factor:THREE, State:ALLOCATED, leaderId:356d7eb1-3ab0-4ec2-8f3b-50c5189d8c5c, CreationTimestamp2020-05-07T05:22:01.941Z] moved to OPEN state
2020-05-07 05:22:10,219 [EventQueue-OpenPipelineForOneReplicaPipelineSafeModeRule] INFO  safemode.SCMSafeModeManager (SCMSafeModeManager.java:validateSafeModeExitRules(213)) - AtleastOneDatanodeReportedRule rule is successfully validated
2020-05-07 05:22:10,219 [EventQueue-OpenPipelineForHealthyPipelineSafeModeRule] INFO  safemode.SCMSafeModeManager (HealthyPipelineSafeModeRule.java:process(132)) - SCM in safe mode. Healthy pipelines reported count is 1, required healthy pipeline reported count is 1
2020-05-07 05:22:10,220 [EventQueue-OpenPipelineForHealthyPipelineSafeModeRule] INFO  safemode.SCMSafeModeManager (SCMSafeModeManager.java:validateSafeModeExitRules(213)) - HealthyPipelineSafeModeRule rule is successfully validated
2020-05-07 05:22:10,220 [EventQueue-OpenPipelineForHealthyPipelineSafeModeRule] INFO  safemode.SCMSafeModeManager (SCMSafeModeManager.java:validateSafeModeExitRules(227)) - ScmSafeModeManager, all rules are successfully validated
2020-05-07 05:22:10,220 [EventQueue-OpenPipelineForHealthyPipelineSafeModeRule] INFO  safemode.SCMSafeModeManager (SCMSafeModeManager.java:exitSafeMode(256)) - SCM exiting safe mode.
2020-05-07 05:22:10,219 [356d7eb1-3ab0-4ec2-8f3b-50c5189d8c5c@group-766E59C4AC00-LeaderElection9] INFO  server.RaftServerConfigKeys (ConfUtils.java:logGet(44)) - raft.server.log.appender.snapshot.chunk.size.max = 16MB (=16777216) (default)
2020-05-07 05:22:10,221 [356d7eb1-3ab0-4ec2-8f3b-50c5189d8c5c@group-766E59C4AC00-LeaderElection9] INFO  server.RaftServerConfigKeys (ConfUtils.java:logGet(44)) - raft.server.log.appender.buffer.byte-limit = 33554432 (custom)
2020-05-07 05:22:10,221 [356d7eb1-3ab0-4ec2-8f3b-50c5189d8c5c@group-766E59C4AC00-LeaderElection9] INFO  server.RaftServerConfigKeys (ConfUtils.java:logGet(44)) - raft.server.log.appender.buffer.element-limit = 1 (custom)
2020-05-07 05:22:10,233 [8d9d9f22-1b04-45e7-8887-14f2efe85604@group-A78D897FDF61-LeaderElection8] INFO  impl.LeaderElection (LeaderElection.java:logAndReturn(61)) - 8d9d9f22-1b04-45e7-8887-14f2efe85604@group-A78D897FDF61-LeaderElection8: Election REJECTED; received 2 response(s) [8d9d9f22-1b04-45e7-8887-14f2efe85604<-ee980e6c-318d-434c-9f48-1477050d6493#0:FAIL-t1, 8d9d9f22-1b04-45e7-8887-14f2efe85604<-6f005c5b-3a07-4e39-8538-832f1c829f6a#0:FAIL-t1] and 0 exception(s); 8d9d9f22-1b04-45e7-8887-14f2efe85604@group-A78D897FDF61:t1, leader=null, voted=8d9d9f22-1b04-45e7-8887-14f2efe85604, raftlog=8d9d9f22-1b04-45e7-8887-14f2efe85604@group-A78D897FDF61-SegmentedRaftLog:OPENED:c-1,f-1,i0, conf=-1: [ee980e6c-318d-434c-9f48-1477050d6493:172.17.0.2:43929, 8d9d9f22-1b04-45e7-8887-14f2efe85604:172.17.0.2:46631, 6f005c5b-3a07-4e39-8538-832f1c829f6a:172.17.0.2:46159], old=null
2020-05-07 05:22:10,233 [8d9d9f22-1b04-45e7-8887-14f2efe85604@group-A78D897FDF61-LeaderElection8] INFO  impl.RaftServerImpl (RaftServerImpl.java:setRole(173)) - 8d9d9f22-1b04-45e7-8887-14f2efe85604@group-A78D897FDF61: changes role from CANDIDATE to FOLLOWER at term 1 for DISCOVERED_A_NEW_TERM
2020-05-07 05:22:10,233 [8d9d9f22-1b04-45e7-8887-14f2efe85604@group-A78D897FDF61-LeaderElection8] INFO  impl.RoleInfo (RoleInfo.java:shutdownLeaderElection(134)) - 8d9d9f22-1b04-45e7-8887-14f2efe85604: shutdown LeaderElection
2020-05-07 05:22:10,233 [8d9d9f22-1b04-45e7-8887-14f2efe85604@group-A78D897FDF61-LeaderElection8] INFO  impl.RoleInfo (RoleInfo.java:updateAndGet(143)) - 8d9d9f22-1b04-45e7-8887-14f2efe85604: start FollowerState
2020-05-07 05:22:10,230 [356d7eb1-3ab0-4ec2-8f3b-50c5189d8c5c@group-766E59C4AC00-LeaderElection9] INFO  grpc.GrpcConfigKeys (ConfUtils.java:logGet(44)) - raft.grpc.server.leader.outstanding.appends.max = 128 (default)
2020-05-07 05:22:10,255 [356d7eb1-3ab0-4ec2-8f3b-50c5189d8c5c@group-766E59C4AC00-LeaderElection9] INFO  server.RaftServerConfigKeys (ConfUtils.java:logGet(44)) - raft.server.rpc.request.timeout = 60s (custom)
2020-05-07 05:22:10,255 [356d7eb1-3ab0-4ec2-8f3b-50c5189d8c5c@group-766E59C4AC00-LeaderElection9] INFO  server.RaftServerConfigKeys (ConfUtils.java:logGet(44)) - raft.server.log.appender.install.snapshot.enabled = false (custom)
2020-05-07 05:22:10,262 [356d7eb1-3ab0-4ec2-8f3b-50c5189d8c5c@group-766E59C4AC00-LeaderElection9] INFO  server.RaftServerConfigKeys (ConfUtils.java:logGet(44)) - raft.server.log.appender.snapshot.chunk.size.max = 16MB (=16777216) (default)
2020-05-07 05:22:10,262 [356d7eb1-3ab0-4ec2-8f3b-50c5189d8c5c@group-766E59C4AC00-LeaderElection9] INFO  server.RaftServerConfigKeys (ConfUtils.java:logGet(44)) - raft.server.log.appender.buffer.byte-limit = 33554432 (custom)
2020-05-07 05:22:10,262 [356d7eb1-3ab0-4ec2-8f3b-50c5189d8c5c@group-766E59C4AC00-LeaderElection9] INFO  server.RaftServerConfigKeys (ConfUtils.java:logGet(44)) - raft.server.log.appender.buffer.element-limit = 1 (custom)
2020-05-07 05:22:10,262 [356d7eb1-3ab0-4ec2-8f3b-50c5189d8c5c@group-766E59C4AC00-LeaderElection9] INFO  grpc.GrpcConfigKeys (ConfUtils.java:logGet(44)) - raft.grpc.server.leader.outstanding.appends.max = 128 (default)
2020-05-07 05:22:10,262 [356d7eb1-3ab0-4ec2-8f3b-50c5189d8c5c@group-766E59C4AC00-LeaderElection9] INFO  server.RaftServerConfigKeys (ConfUtils.java:logGet(44)) - raft.server.rpc.request.timeout = 60s (custom)
2020-05-07 05:22:10,267 [356d7eb1-3ab0-4ec2-8f3b-50c5189d8c5c@group-766E59C4AC00-LeaderElection9] INFO  server.RaftServerConfigKeys (ConfUtils.java:logGet(44)) - raft.server.log.appender.install.snapshot.enabled = false (custom)
2020-05-07 05:22:10,269 [356d7eb1-3ab0-4ec2-8f3b-50c5189d8c5c@group-766E59C4AC00-LeaderElection9] INFO  impl.RoleInfo (RoleInfo.java:updateAndGet(143)) - 356d7eb1-3ab0-4ec2-8f3b-50c5189d8c5c: start LeaderState
2020-05-07 05:22:10,269 [356d7eb1-3ab0-4ec2-8f3b-50c5189d8c5c@group-766E59C4AC00-LeaderElection9] INFO  segmented.SegmentedRaftLogWorker (SegmentedRaftLogWorker.java:startLogSegment(391)) - 356d7eb1-3ab0-4ec2-8f3b-50c5189d8c5c@group-766E59C4AC00-SegmentedRaftLogWorker: Starting segment from index:0
2020-05-07 05:22:10,287 [356d7eb1-3ab0-4ec2-8f3b-50c5189d8c5c@group-766E59C4AC00-LeaderElection9] INFO  impl.RaftServerImpl (ServerState.java:setRaftConf(356)) - 356d7eb1-3ab0-4ec2-8f3b-50c5189d8c5c@group-766E59C4AC00: set configuration 0: [356d7eb1-3ab0-4ec2-8f3b-50c5189d8c5c:172.17.0.2:42933, 0e39abeb-e09f-4467-b548-2c183be5bccb:172.17.0.2:38085, 434ad7a6-f62e-4a93-a110-3f74aeb448b2:172.17.0.2:45361], old=null at 0
2020-05-07 05:22:10,289 [grpc-default-executor-2] INFO  impl.RaftServerImpl (RaftServerImpl.java:requestVote(818)) - 356d7eb1-3ab0-4ec2-8f3b-50c5189d8c5c@group-766E59C4AC00-   LEADER: Withhold vote from candidate 434ad7a6-f62e-4a93-a110-3f74aeb448b2 with term 1. State: leader=356d7eb1-3ab0-4ec2-8f3b-50c5189d8c5c, term=1, lastRpcElapsed=null
2020-05-07 05:22:10,293 [356d7eb1-3ab0-4ec2-8f3b-50c5189d8c5c@group-766E59C4AC00-SegmentedRaftLogWorker] INFO  segmented.SegmentedRaftLogWorker (SegmentedRaftLogWorker.java:execute(583)) - 356d7eb1-3ab0-4ec2-8f3b-50c5189d8c5c@group-766E59C4AC00-SegmentedRaftLogWorker: created new log segment /github/workspace/mnt/ozone/hadoop-ozone/integration-test/target/test-dir/MiniOzoneClusterImpl-05740949-9c22-47e9-931e-531dd4a47486/datanode-3/data/ratis/77a9c724-781f-44c6-80c6-766e59c4ac00/current/log_inprogress_0
2020-05-07 05:22:10,293 [434ad7a6-f62e-4a93-a110-3f74aeb448b2@group-766E59C4AC00-LeaderElection11] INFO  impl.LeaderElection (LeaderElection.java:logAndReturn(61)) - 434ad7a6-f62e-4a93-a110-3f74aeb448b2@group-766E59C4AC00-LeaderElection11: Election REJECTED; received 2 response(s) [434ad7a6-f62e-4a93-a110-3f74aeb448b2<-356d7eb1-3ab0-4ec2-8f3b-50c5189d8c5c#0:FAIL-t1, 434ad7a6-f62e-4a93-a110-3f74aeb448b2<-0e39abeb-e09f-4467-b548-2c183be5bccb#0:FAIL-t1] and 0 exception(s); 434ad7a6-f62e-4a93-a110-3f74aeb448b2@group-766E59C4AC00:t1, leader=null, voted=434ad7a6-f62e-4a93-a110-3f74aeb448b2, raftlog=434ad7a6-f62e-4a93-a110-3f74aeb448b2@group-766E59C4AC00-SegmentedRaftLog:OPENED:c-1,f-1,i0, conf=-1: [356d7eb1-3ab0-4ec2-8f3b-50c5189d8c5c:172.17.0.2:42933, 0e39abeb-e09f-4467-b548-2c183be5bccb:172.17.0.2:38085, 434ad7a6-f62e-4a93-a110-3f74aeb448b2:172.17.0.2:45361], old=null
2020-05-07 05:22:10,294 [434ad7a6-f62e-4a93-a110-3f74aeb448b2@group-766E59C4AC00-LeaderElection11] INFO  impl.RaftServerImpl (RaftServerImpl.java:setRole(173)) - 434ad7a6-f62e-4a93-a110-3f74aeb448b2@group-766E59C4AC00: changes role from CANDIDATE to FOLLOWER at term 1 for DISCOVERED_A_NEW_TERM
2020-05-07 05:22:10,294 [434ad7a6-f62e-4a93-a110-3f74aeb448b2@group-766E59C4AC00-LeaderElection11] INFO  impl.RoleInfo (RoleInfo.java:shutdownLeaderElection(134)) - 434ad7a6-f62e-4a93-a110-3f74aeb448b2: shutdown LeaderElection
2020-05-07 05:22:10,294 [434ad7a6-f62e-4a93-a110-3f74aeb448b2@group-766E59C4AC00-LeaderElection11] INFO  impl.RoleInfo (RoleInfo.java:updateAndGet(143)) - 434ad7a6-f62e-4a93-a110-3f74aeb448b2: start FollowerState
2020-05-07 05:22:10,294 [356d7eb1-3ab0-4ec2-8f3b-50c5189d8c5c@group-977D63BB736B-SegmentedRaftLogWorker] INFO  segmented.SegmentedRaftLogWorker (SegmentedRaftLogWorker.java:execute(583)) - 356d7eb1-3ab0-4ec2-8f3b-50c5189d8c5c@group-977D63BB736B-SegmentedRaftLogWorker: created new log segment /github/workspace/mnt/ozone/hadoop-ozone/integration-test/target/test-dir/MiniOzoneClusterImpl-05740949-9c22-47e9-931e-531dd4a47486/datanode-3/data/ratis/1baedc78-9a00-455b-a657-977d63bb736b/current/log_inprogress_0
2020-05-07 05:22:10,302 [main] INFO  ozone.MiniOzoneClusterImpl (MiniOzoneClusterImpl.java:lambda$waitForClusterToBeReady$0(177)) - Nodes are ready. Got 10 of 10 DN Heartbeats.
2020-05-07 05:22:10,303 [main] INFO  ozone.MiniOzoneClusterImpl (MiniOzoneClusterImpl.java:lambda$waitForClusterToBeReady$0(180)) - Cluster exits safe mode
2020-05-07 05:22:10,296 [6f005c5b-3a07-4e39-8538-832f1c829f6a@group-1FD28950E6B0-SegmentedRaftLogWorker] INFO  segmented.SegmentedRaftLogWorker (SegmentedRaftLogWorker.java:execute(583)) - 6f005c5b-3a07-4e39-8538-832f1c829f6a@group-1FD28950E6B0-SegmentedRaftLogWorker: created new log segment /github/workspace/mnt/ozone/hadoop-ozone/integration-test/target/test-dir/MiniOzoneClusterImpl-05740949-9c22-47e9-931e-531dd4a47486/datanode-0/data/ratis/f1b646e8-5a05-4ebc-8759-1fd28950e6b0/current/log_inprogress_0
2020-05-07 05:22:10,296 [Thread-291] INFO  impl.FollowerState (FollowerState.java:run(108)) - 1d561850-96b7-413a-ba9b-809155ef9528@group-5EEB00AF1FFD-FollowerState: change to CANDIDATE, lastRpcTime:5162ms, electionTimeout:5135ms
2020-05-07 05:22:10,294 [ee980e6c-318d-434c-9f48-1477050d6493@group-72B351ACE7BC-SegmentedRaftLogWorker] INFO  segmented.SegmentedRaftLogWorker (SegmentedRaftLogWorker.java:execute(583)) - ee980e6c-318d-434c-9f48-1477050d6493@group-72B351ACE7BC-SegmentedRaftLogWorker: created new log segment /github/workspace/mnt/ozone/hadoop-ozone/integration-test/target/test-dir/MiniOzoneClusterImpl-05740949-9c22-47e9-931e-531dd4a47486/datanode-1/data/ratis/47104fb9-e890-4668-b41a-72b351ace7bc/current/log_inprogress_0
2020-05-07 05:22:10,294 [434ad7a6-f62e-4a93-a110-3f74aeb448b2@group-C24D3E6F2A72-SegmentedRaftLogWorker] INFO  segmented.SegmentedRaftLogWorker (SegmentedRaftLogWorker.java:execute(583)) - 434ad7a6-f62e-4a93-a110-3f74aeb448b2@group-C24D3E6F2A72-SegmentedRaftLogWorker: created new log segment /github/workspace/mnt/ozone/hadoop-ozone/integration-test/target/test-dir/MiniOzoneClusterImpl-05740949-9c22-47e9-931e-531dd4a47486/datanode-4/data/ratis/b474ced5-b4fa-4e2a-8832-c24d3e6f2a72/current/log_inprogress_0
2020-05-07 05:22:10,307 [8d9d9f22-1b04-45e7-8887-14f2efe85604@group-B7A64901892C-SegmentedRaftLogWorker] INFO  segmented.SegmentedRaftLogWorker (SegmentedRaftLogWorker.java:execute(583)) - 8d9d9f22-1b04-45e7-8887-14f2efe85604@group-B7A64901892C-SegmentedRaftLogWorker: created new log segment /github/workspace/mnt/ozone/hadoop-ozone/integration-test/target/test-dir/MiniOzoneClusterImpl-05740949-9c22-47e9-931e-531dd4a47486/datanode-2/data/ratis/d32e0148-1824-4b14-8130-b7a64901892c/current/log_inprogress_0
2020-05-07 05:22:10,307 [0e39abeb-e09f-4467-b548-2c183be5bccb@group-68409D80522E-SegmentedRaftLogWorker] INFO  segmented.SegmentedRaftLogWorker (SegmentedRaftLogWorker.java:execute(583)) - 0e39abeb-e09f-4467-b548-2c183be5bccb@group-68409D80522E-SegmentedRaftLogWorker: created new log segment /github/workspace/mnt/ozone/hadoop-ozone/integration-test/target/test-dir/MiniOzoneClusterImpl-05740949-9c22-47e9-931e-531dd4a47486/datanode-5/data/ratis/c9c505bd-a533-4db6-82f0-68409d80522e/current/log_inprogress_0
2020-05-07 05:22:10,315 [Thread-291] INFO  impl.RoleInfo (RoleInfo.java:shutdownFollowerState(121)) - 1d561850-96b7-413a-ba9b-809155ef9528: shutdown FollowerState
2020-05-07 05:22:10,315 [Thread-291] INFO  impl.RaftServerImpl (RaftServerImpl.java:setRole(173)) - 1d561850-96b7-413a-ba9b-809155ef9528@group-5EEB00AF1FFD: changes role from  FOLLOWER to CANDIDATE at term 0 for changeToCandidate
2020-05-07 05:22:10,315 [Thread-291] INFO  impl.RoleInfo (RoleInfo.java:updateAndGet(143)) - 1d561850-96b7-413a-ba9b-809155ef9528: start LeaderElection
2020-05-07 05:22:10,339 [grpc-default-executor-7] INFO  ratis.XceiverServerRatis (XceiverServerRatis.java:handleLeaderChangedNotification(762)) - Leader change notification received for group: group-766E59C4AC00 with new leaderId: 356d7eb1-3ab0-4ec2-8f3b-50c5189d8c5c
2020-05-07 05:22:10,339 [grpc-default-executor-7] INFO  impl.RaftServerImpl (ServerState.java:setLeader(255)) - 434ad7a6-f62e-4a93-a110-3f74aeb448b2@group-766E59C4AC00: change Leader from null to 356d7eb1-3ab0-4ec2-8f3b-50c5189d8c5c at term 1 for appendEntries, leader elected after 5389ms
2020-05-07 05:22:10,342 [grpc-default-executor-4] INFO  ratis.XceiverServerRatis (XceiverServerRatis.java:handleLeaderChangedNotification(762)) - Leader change notification received for group: group-766E59C4AC00 with new leaderId: 356d7eb1-3ab0-4ec2-8f3b-50c5189d8c5c
2020-05-07 05:22:10,342 [grpc-default-executor-4] INFO  impl.RaftServerImpl (ServerState.java:setLeader(255)) - 0e39abeb-e09f-4467-b548-2c183be5bccb@group-766E59C4AC00: change Leader from null to 356d7eb1-3ab0-4ec2-8f3b-50c5189d8c5c at term 1 for appendEntries, leader elected after 5231ms
2020-05-07 05:22:10,349 [Thread-296] INFO  impl.FollowerState (FollowerState.java:run(108)) - 1d561850-96b7-413a-ba9b-809155ef9528@group-DB17BF18CAD5-FollowerState: change to CANDIDATE, lastRpcTime:5105ms, electionTimeout:5088ms
2020-05-07 05:22:10,349 [Thread-296] INFO  impl.RoleInfo (RoleInfo.java:shutdownFollowerState(121)) - 1d561850-96b7-413a-ba9b-809155ef9528: shutdown FollowerState
2020-05-07 05:22:10,349 [Thread-296] INFO  impl.RaftServerImpl (RaftServerImpl.java:setRole(173)) - 1d561850-96b7-413a-ba9b-809155ef9528@group-DB17BF18CAD5: changes role from  FOLLOWER to CANDIDATE at term 0 for changeToCandidate
2020-05-07 05:22:10,349 [Thread-296] INFO  impl.RoleInfo (RoleInfo.java:updateAndGet(143)) - 1d561850-96b7-413a-ba9b-809155ef9528: start LeaderElection
2020-05-07 05:22:10,353 [1d561850-96b7-413a-ba9b-809155ef9528@group-5EEB00AF1FFD-LeaderElection12] INFO  impl.LeaderElection (LeaderElection.java:askForVotes(206)) - 1d561850-96b7-413a-ba9b-809155ef9528@group-5EEB00AF1FFD-LeaderElection12: begin an election at term 1 for -1: [1d561850-96b7-413a-ba9b-809155ef9528:172.17.0.2:39163], old=null
2020-05-07 05:22:10,353 [1d561850-96b7-413a-ba9b-809155ef9528@group-5EEB00AF1FFD-LeaderElection12] INFO  impl.RoleInfo (RoleInfo.java:shutdownLeaderElection(134)) - 1d561850-96b7-413a-ba9b-809155ef9528: shutdown LeaderElection
2020-05-07 05:22:10,353 [1d561850-96b7-413a-ba9b-809155ef9528@group-5EEB00AF1FFD-LeaderElection12] INFO  impl.RaftServerImpl (RaftServerImpl.java:setRole(173)) - 1d561850-96b7-413a-ba9b-809155ef9528@group-5EEB00AF1FFD: changes role from CANDIDATE to LEADER at term 1 for changeToLeader
2020-05-07 05:22:10,353 [1d561850-96b7-413a-ba9b-809155ef9528@group-5EEB00AF1FFD-LeaderElection12] INFO  ratis.XceiverServerRatis (XceiverServerRatis.java:handleLeaderChangedNotification(762)) - Leader change notification received for group: group-5EEB00AF1FFD with new leaderId: 1d561850-96b7-413a-ba9b-809155ef9528
2020-05-07 05:22:10,353 [1d561850-96b7-413a-ba9b-809155ef9528@group-5EEB00AF1FFD-LeaderElection12] INFO  impl.RaftServerImpl (ServerState.java:setLeader(255)) - 1d561850-96b7-413a-ba9b-809155ef9528@group-5EEB00AF1FFD: change Leader from null to 1d561850-96b7-413a-ba9b-809155ef9528 at term 1 for becomeLeader, leader elected after 5238ms
2020-05-07 05:22:10,354 [1d561850-96b7-413a-ba9b-809155ef9528@group-5EEB00AF1FFD-LeaderElection12] INFO  server.RaftServerConfigKeys (ConfUtils.java:logGet(44)) - raft.server.staging.catchup.gap = 1000 (default)
2020-05-07 05:22:10,354 [1d561850-96b7-413a-ba9b-809155ef9528@group-5EEB00AF1FFD-LeaderElection12] INFO  server.RaftServerConfigKeys (ConfUtils.java:logGet(44)) - raft.server.rpc.sleep.time = 25ms (default)
2020-05-07 05:22:10,354 [1d561850-96b7-413a-ba9b-809155ef9528@group-5EEB00AF1FFD-LeaderElection12] INFO  metrics.RatisMetrics (RatisMetrics.java:lambda$create$0(39)) - Creating Metrics Registry : ratis.log_appender.1d561850-96b7-413a-ba9b-809155ef9528@group-5EEB00AF1FFD
2020-05-07 05:22:10,354 [1d561850-96b7-413a-ba9b-809155ef9528@group-5EEB00AF1FFD-LeaderElection12] INFO  server.RaftServerConfigKeys (ConfUtils.java:logGet(44)) - raft.server.write.element-limit = 1024 (custom)
2020-05-07 05:22:10,355 [1d561850-96b7-413a-ba9b-809155ef9528@group-5EEB00AF1FFD-LeaderElection12] INFO  server.RaftServerConfigKeys (ConfUtils.java:logGet(44)) - raft.server.write.byte-limit = 1073741824 (custom)
2020-05-07 05:22:10,374 [1d561850-96b7-413a-ba9b-809155ef9528@group-DB17BF18CAD5-LeaderElection13] INFO  impl.LeaderElection (LeaderElection.java:askForVotes(206)) - 1d561850-96b7-413a-ba9b-809155ef9528@group-DB17BF18CAD5-LeaderElection13: begin an election at term 1 for -1: [a7b22bd6-1548-4dd4-8319-108e82584299:172.17.0.2:41095, 1d561850-96b7-413a-ba9b-809155ef9528:172.17.0.2:39163, d24c668a-8da2-49f7-9c88-63388abd62a3:172.17.0.2:41237], old=null
2020-05-07 05:22:10,376 [grpc-default-executor-4] INFO  impl.RaftServerImpl (ServerState.java:setRaftConf(356)) - 0e39abeb-e09f-4467-b548-2c183be5bccb@group-766E59C4AC00: set configuration 0: [356d7eb1-3ab0-4ec2-8f3b-50c5189d8c5c:172.17.0.2:42933, 0e39abeb-e09f-4467-b548-2c183be5bccb:172.17.0.2:38085, 434ad7a6-f62e-4a93-a110-3f74aeb448b2:172.17.0.2:45361], old=null at 0
2020-05-07 05:22:10,376 [grpc-default-executor-4] INFO  segmented.SegmentedRaftLogWorker (SegmentedRaftLogWorker.java:startLogSegment(391)) - 0e39abeb-e09f-4467-b548-2c183be5bccb@group-766E59C4AC00-SegmentedRaftLogWorker: Starting segment from index:0
2020-05-07 05:22:10,376 [1d561850-96b7-413a-ba9b-809155ef9528@group-5EEB00AF1FFD-LeaderElection12] INFO  server.RaftServerConfigKeys (ConfUtils.java:logGet(44)) - raft.server.watch.timeout = 180s (custom)
2020-05-07 05:22:10,377 [1d561850-96b7-413a-ba9b-809155ef9528@group-5EEB00AF1FFD-LeaderElection12] INFO  server.RaftServerConfigKeys (ConfUtils.java:logGet(44)) - raft.server.watch.timeout.denomination = 1s (default)
2020-05-07 05:22:10,377 [1d561850-96b7-413a-ba9b-809155ef9528@group-5EEB00AF1FFD-LeaderElection12] INFO  server.RaftServerConfigKeys (ConfUtils.java:logGet(44)) - raft.server.watch.element-limit = 65536 (default)
2020-05-07 05:22:10,377 [1d561850-96b7-413a-ba9b-809155ef9528@group-5EEB00AF1FFD-LeaderElection12] INFO  impl.RoleInfo (RoleInfo.java:updateAndGet(143)) - 1d561850-96b7-413a-ba9b-809155ef9528: start LeaderState
2020-05-07 05:22:10,377 [1d561850-96b7-413a-ba9b-809155ef9528@group-5EEB00AF1FFD-LeaderElection12] INFO  segmented.SegmentedRaftLogWorker (SegmentedRaftLogWorker.java:startLogSegment(391)) - 1d561850-96b7-413a-ba9b-809155ef9528@group-5EEB00AF1FFD-SegmentedRaftLogWorker: Starting segment from index:0
2020-05-07 05:22:10,380 [grpc-default-executor-5] INFO  impl.RaftServerImpl (ServerState.java:setRaftConf(356)) - 434ad7a6-f62e-4a93-a110-3f74aeb448b2@group-766E59C4AC00: set configuration 0: [356d7eb1-3ab0-4ec2-8f3b-50c5189d8c5c:172.17.0.2:42933, 0e39abeb-e09f-4467-b548-2c183be5bccb:172.17.0.2:38085, 434ad7a6-f62e-4a93-a110-3f74aeb448b2:172.17.0.2:45361], old=null at 0
2020-05-07 05:22:10,381 [grpc-default-executor-5] INFO  segmented.SegmentedRaftLogWorker (SegmentedRaftLogWorker.java:startLogSegment(391)) - 434ad7a6-f62e-4a93-a110-3f74aeb448b2@group-766E59C4AC00-SegmentedRaftLogWorker: Starting segment from index:0
2020-05-07 05:22:10,393 [1d561850-96b7-413a-ba9b-809155ef9528@group-5EEB00AF1FFD-LeaderElection12] INFO  impl.RaftServerImpl (ServerState.java:setRaftConf(356)) - 1d561850-96b7-413a-ba9b-809155ef9528@group-5EEB00AF1FFD: set configuration 0: [1d561850-96b7-413a-ba9b-809155ef9528:172.17.0.2:39163], old=null at 0
2020-05-07 05:22:10,395 [434ad7a6-f62e-4a93-a110-3f74aeb448b2@group-766E59C4AC00-SegmentedRaftLogWorker] INFO  segmented.SegmentedRaftLogWorker (SegmentedRaftLogWorker.java:execute(583)) - 434ad7a6-f62e-4a93-a110-3f74aeb448b2@group-766E59C4AC00-SegmentedRaftLogWorker: created new log segment /github/workspace/mnt/ozone/hadoop-ozone/integration-test/target/test-dir/MiniOzoneClusterImpl-05740949-9c22-47e9-931e-531dd4a47486/datanode-4/data/ratis/77a9c724-781f-44c6-80c6-766e59c4ac00/current/log_inprogress_0
2020-05-07 05:22:10,395 [1d561850-96b7-413a-ba9b-809155ef9528@group-5EEB00AF1FFD-SegmentedRaftLogWorker] INFO  segmented.SegmentedRaftLogWorker (SegmentedRaftLogWorker.java:execute(583)) - 1d561850-96b7-413a-ba9b-809155ef9528@group-5EEB00AF1FFD-SegmentedRaftLogWorker: created new log segment /github/workspace/mnt/ozone/hadoop-ozone/integration-test/target/test-dir/MiniOzoneClusterImpl-05740949-9c22-47e9-931e-531dd4a47486/datanode-6/data/ratis/49c0b3e4-3521-4d24-9d81-5eeb00af1ffd/current/log_inprogress_0
2020-05-07 05:22:10,395 [Thread-294] INFO  impl.FollowerState (FollowerState.java:run(108)) - a7b22bd6-1548-4dd4-8319-108e82584299@group-CE58BB32FFA0-FollowerState: change to CANDIDATE, lastRpcTime:5193ms, electionTimeout:5167ms
2020-05-07 05:22:10,397 [Thread-294] INFO  impl.RoleInfo (RoleInfo.java:shutdownFollowerState(121)) - a7b22bd6-1548-4dd4-8319-108e82584299: shutdown FollowerState
2020-05-07 05:22:10,397 [Thread-294] INFO  impl.RaftServerImpl (RaftServerImpl.java:setRole(173)) - a7b22bd6-1548-4dd4-8319-108e82584299@group-CE58BB32FFA0: changes role from  FOLLOWER to CANDIDATE at term 0 for changeToCandidate
2020-05-07 05:22:10,399 [0e39abeb-e09f-4467-b548-2c183be5bccb@group-766E59C4AC00-SegmentedRaftLogWorker] INFO  segmented.SegmentedRaftLogWorker (SegmentedRaftLogWorker.java:execute(583)) - 0e39abeb-e09f-4467-b548-2c183be5bccb@group-766E59C4AC00-SegmentedRaftLogWorker: created new log segment /github/workspace/mnt/ozone/hadoop-ozone/integration-test/target/test-dir/MiniOzoneClusterImpl-05740949-9c22-47e9-931e-531dd4a47486/datanode-5/data/ratis/77a9c724-781f-44c6-80c6-766e59c4ac00/current/log_inprogress_0
2020-05-07 05:22:10,414 [Thread-294] INFO  impl.RoleInfo (RoleInfo.java:updateAndGet(143)) - a7b22bd6-1548-4dd4-8319-108e82584299: start LeaderElection
2020-05-07 05:22:10,419 [Thread-298] INFO  impl.FollowerState (FollowerState.java:run(108)) - a7b22bd6-1548-4dd4-8319-108e82584299@group-DB17BF18CAD5-FollowerState: change to CANDIDATE, lastRpcTime:5122ms, electionTimeout:5113ms
2020-05-07 05:22:10,419 [Thread-298] INFO  impl.RoleInfo (RoleInfo.java:shutdownFollowerState(121)) - a7b22bd6-1548-4dd4-8319-108e82584299: shutdown FollowerState
2020-05-07 05:22:10,419 [Thread-298] INFO  impl.RaftServerImpl (RaftServerImpl.java:setRole(173)) - a7b22bd6-1548-4dd4-8319-108e82584299@group-DB17BF18CAD5: changes role from  FOLLOWER to CANDIDATE at term 0 for changeToCandidate
2020-05-07 05:22:10,428 [grpc-default-executor-4] INFO  impl.RaftServerImpl (RaftServerImpl.java:setRole(173)) - d24c668a-8da2-49f7-9c88-63388abd62a3@group-DB17BF18CAD5: changes role from  FOLLOWER to FOLLOWER at term 1 for recognizeCandidate:1d561850-96b7-413a-ba9b-809155ef9528
2020-05-07 05:22:10,428 [grpc-default-executor-4] INFO  impl.RoleInfo (RoleInfo.java:shutdownFollowerState(121)) - d24c668a-8da2-49f7-9c88-63388abd62a3: shutdown FollowerState
2020-05-07 05:22:10,428 [Thread-298] INFO  impl.RoleInfo (RoleInfo.java:updateAndGet(143)) - a7b22bd6-1548-4dd4-8319-108e82584299: start LeaderElection
2020-05-07 05:22:10,428 [grpc-default-executor-4] INFO  impl.RoleInfo (RoleInfo.java:updateAndGet(143)) - d24c668a-8da2-49f7-9c88-63388abd62a3: start FollowerState
2020-05-07 05:22:10,428 [Thread-304] INFO  impl.FollowerState (FollowerState.java:run(117)) - d24c668a-8da2-49f7-9c88-63388abd62a3@group-DB17BF18CAD5-FollowerState was interrupted: java.lang.InterruptedException: sleep interrupted
2020-05-07 05:22:10,436 [grpc-default-executor-5] INFO  impl.RaftServerImpl (RaftServerImpl.java:setRole(173)) - a7b22bd6-1548-4dd4-8319-108e82584299@group-DB17BF18CAD5: changes role from CANDIDATE to FOLLOWER at term 1 for recognizeCandidate:1d561850-96b7-413a-ba9b-809155ef9528
2020-05-07 05:22:10,437 [grpc-default-executor-5] INFO  impl.RoleInfo (RoleInfo.java:shutdownLeaderElection(134)) - a7b22bd6-1548-4dd4-8319-108e82584299: shutdown LeaderElection
2020-05-07 05:22:10,437 [grpc-default-executor-5] INFO  impl.RoleInfo (RoleInfo.java:updateAndGet(143)) - a7b22bd6-1548-4dd4-8319-108e82584299: start FollowerState
2020-05-07 05:22:10,440 [1d561850-96b7-413a-ba9b-809155ef9528@group-DB17BF18CAD5-LeaderElection13] INFO  impl.LeaderElection (LeaderElection.java:logAndReturn(61)) - 1d561850-96b7-413a-ba9b-809155ef9528@group-DB17BF18CAD5-LeaderElection13: Election PASSED; received 1 response(s) [1d561850-96b7-413a-ba9b-809155ef9528<-d24c668a-8da2-49f7-9c88-63388abd62a3#0:OK-t1] and 0 exception(s); 1d561850-96b7-413a-ba9b-809155ef9528@group-DB17BF18CAD5:t1, leader=null, voted=1d561850-96b7-413a-ba9b-809155ef9528, raftlog=1d561850-96b7-413a-ba9b-809155ef9528@group-DB17BF18CAD5-SegmentedRaftLog:OPENED:c-1,f-1,i0, conf=-1: [a7b22bd6-1548-4dd4-8319-108e82584299:172.17.0.2:41095, 1d561850-96b7-413a-ba9b-809155ef9528:172.17.0.2:39163, d24c668a-8da2-49f7-9c88-63388abd62a3:172.17.0.2:41237], old=null
2020-05-07 05:22:10,440 [1d561850-96b7-413a-ba9b-809155ef9528@group-DB17BF18CAD5-LeaderElection13] INFO  impl.RoleInfo (RoleInfo.java:shutdownLeaderElection(134)) - 1d561850-96b7-413a-ba9b-809155ef9528: shutdown LeaderElection
2020-05-07 05:22:10,440 [1d561850-96b7-413a-ba9b-809155ef9528@group-DB17BF18CAD5-LeaderElection13] INFO  impl.RaftServerImpl (RaftServerImpl.java:setRole(173)) - 1d561850-96b7-413a-ba9b-809155ef9528@group-DB17BF18CAD5: changes role from CANDIDATE to LEADER at term 1 for changeToLeader
2020-05-07 05:22:10,440 [1d561850-96b7-413a-ba9b-809155ef9528@group-DB17BF18CAD5-LeaderElection13] INFO  ratis.XceiverServerRatis (XceiverServerRatis.java:handleLeaderChangedNotification(762)) - Leader change notification received for group: group-DB17BF18CAD5 with new leaderId: 1d561850-96b7-413a-ba9b-809155ef9528
2020-05-07 05:22:10,440 [1d561850-96b7-413a-ba9b-809155ef9528@group-DB17BF18CAD5-LeaderElection13] INFO  impl.RaftServerImpl (ServerState.java:setLeader(255)) - 1d561850-96b7-413a-ba9b-809155ef9528@group-DB17BF18CAD5: change Leader from null to 1d561850-96b7-413a-ba9b-809155ef9528 at term 1 for becomeLeader, leader elected after 5214ms
2020-05-07 05:22:10,440 [1d561850-96b7-413a-ba9b-809155ef9528@group-DB17BF18CAD5-LeaderElection13] INFO  server.RaftServerConfigKeys (ConfUtils.java:logGet(44)) - raft.server.staging.catchup.gap = 1000 (default)
2020-05-07 05:22:10,442 [1d561850-96b7-413a-ba9b-809155ef9528@group-DB17BF18CAD5-LeaderElection13] INFO  server.RaftServerConfigKeys (ConfUtils.java:logGet(44)) - raft.server.rpc.sleep.time = 25ms (default)
2020-05-07 05:22:10,442 [1d561850-96b7-413a-ba9b-809155ef9528@group-DB17BF18CAD5-LeaderElection13] INFO  metrics.RatisMetrics (RatisMetrics.java:lambda$create$0(39)) - Creating Metrics Registry : ratis.log_appender.1d561850-96b7-413a-ba9b-809155ef9528@group-DB17BF18CAD5
2020-05-07 05:22:10,442 [1d561850-96b7-413a-ba9b-809155ef9528@group-DB17BF18CAD5-LeaderElection13] INFO  server.RaftServerConfigKeys (ConfUtils.java:logGet(44)) - raft.server.write.element-limit = 1024 (custom)
2020-05-07 05:22:10,442 [1d561850-96b7-413a-ba9b-809155ef9528@group-DB17BF18CAD5-LeaderElection13] INFO  server.RaftServerConfigKeys (ConfUtils.java:logGet(44)) - raft.server.write.byte-limit = 1073741824 (custom)
2020-05-07 05:22:10,443 [1d561850-96b7-413a-ba9b-809155ef9528@group-DB17BF18CAD5-LeaderElection13] INFO  server.RaftServerConfigKeys (ConfUtils.java:logGet(44)) - raft.server.watch.timeout = 180s (custom)
2020-05-07 05:22:10,441 [EventQueue-PipelineReportForPipelineReportHandler] INFO  pipeline.PipelineStateManager (PipelineStateManager.java:openPipeline(131)) - Pipeline Pipeline[ Id: e32e5c59-c9ec-4c85-9521-db17bf18cad5, Nodes: 1d561850-96b7-413a-ba9b-809155ef9528{ip: 172.17.0.2, host: b2266369218d, networkLocation: /default-rack, certSerialId: null}d24c668a-8da2-49f7-9c88-63388abd62a3{ip: 172.17.0.2, host: b2266369218d, networkLocation: /default-rack, certSerialId: null}a7b22bd6-1548-4dd4-8319-108e82584299{ip: 172.17.0.2, host: b2266369218d, networkLocation: /default-rack, certSerialId: null}, Type:RATIS, Factor:THREE, State:ALLOCATED, leaderId:1d561850-96b7-413a-ba9b-809155ef9528, CreationTimestamp2020-05-07T05:22:02.212Z] moved to OPEN state
2020-05-07 05:22:10,443 [1d561850-96b7-413a-ba9b-809155ef9528@group-DB17BF18CAD5-LeaderElection13] INFO  server.RaftServerConfigKeys (ConfUtils.java:logGet(44)) - raft.server.watch.timeout.denomination = 1s (default)
2020-05-07 05:22:10,444 [1d561850-96b7-413a-ba9b-809155ef9528@group-DB17BF18CAD5-LeaderElection13] INFO  server.RaftServerConfigKeys (ConfUtils.java:logGet(44)) - raft.server.watch.element-limit = 65536 (default)
2020-05-07 05:22:10,444 [1d561850-96b7-413a-ba9b-809155ef9528@group-DB17BF18CAD5-LeaderElection13] INFO  server.RaftServerConfigKeys (ConfUtils.java:logGet(44)) - raft.server.log.appender.snapshot.chunk.size.max = 16MB (=16777216) (default)
2020-05-07 05:22:10,444 [1d561850-96b7-413a-ba9b-809155ef9528@group-DB17BF18CAD5-LeaderElection13] INFO  server.RaftServerConfigKeys (ConfUtils.java:logGet(44)) - raft.server.log.appender.buffer.byte-limit = 33554432 (custom)
2020-05-07 05:22:10,444 [1d561850-96b7-413a-ba9b-809155ef9528@group-DB17BF18CAD5-LeaderElection13] INFO  server.RaftServerConfigKeys (ConfUtils.java:logGet(44)) - raft.server.log.appender.buffer.element-limit = 1 (custom)
2020-05-07 05:22:10,444 [1d561850-96b7-413a-ba9b-809155ef9528@group-DB17BF18CAD5-LeaderElection13] INFO  grpc.GrpcConfigKeys (ConfUtils.java:logGet(44)) - raft.grpc.server.leader.outstanding.appends.max = 128 (default)
2020-05-07 05:22:10,451 [1d561850-96b7-413a-ba9b-809155ef9528@group-DB17BF18CAD5-LeaderElection13] INFO  server.RaftServerConfigKeys (ConfUtils.java:logGet(44)) - raft.server.rpc.request.timeout = 60s (custom)
2020-05-07 05:22:10,451 [1d561850-96b7-413a-ba9b-809155ef9528@group-DB17BF18CAD5-LeaderElection13] INFO  server.RaftServerConfigKeys (ConfUtils.java:logGet(44)) - raft.server.log.appender.install.snapshot.enabled = false (custom)
2020-05-07 05:22:10,452 [1d561850-96b7-413a-ba9b-809155ef9528@group-DB17BF18CAD5-LeaderElection13] INFO  server.RaftServerConfigKeys (ConfUtils.java:logGet(44)) - raft.server.log.appender.snapshot.chunk.size.max = 16MB (=16777216) (default)
2020-05-07 05:22:10,452 [1d561850-96b7-413a-ba9b-809155ef9528@group-DB17BF18CAD5-LeaderElection13] INFO  server.RaftServerConfigKeys (ConfUtils.java:logGet(44)) - raft.server.log.appender.buffer.byte-limit = 33554432 (custom)
2020-05-07 05:22:10,453 [1d561850-96b7-413a-ba9b-809155ef9528@group-DB17BF18CAD5-LeaderElection13] INFO  server.RaftServerConfigKeys (ConfUtils.java:logGet(44)) - raft.server.log.appender.buffer.element-limit = 1 (custom)
2020-05-07 05:22:10,453 [1d561850-96b7-413a-ba9b-809155ef9528@group-DB17BF18CAD5-LeaderElection13] INFO  grpc.GrpcConfigKeys (ConfUtils.java:logGet(44)) - raft.grpc.server.leader.outstanding.appends.max = 128 (default)
2020-05-07 05:22:10,453 [1d561850-96b7-413a-ba9b-809155ef9528@group-DB17BF18CAD5-LeaderElection13] INFO  server.RaftServerConfigKeys (ConfUtils.java:logGet(44)) - raft.server.rpc.request.timeout = 60s (custom)
2020-05-07 05:22:10,453 [1d561850-96b7-413a-ba9b-809155ef9528@group-DB17BF18CAD5-LeaderElection13] INFO  server.RaftServerConfigKeys (ConfUtils.java:logGet(44)) - raft.server.log.appender.install.snapshot.enabled = false (custom)
2020-05-07 05:22:10,454 [1d561850-96b7-413a-ba9b-809155ef9528@group-DB17BF18CAD5-LeaderElection13] INFO  impl.RoleInfo (RoleInfo.java:updateAndGet(143)) - 1d561850-96b7-413a-ba9b-809155ef9528: start LeaderState
2020-05-07 05:22:10,454 [1d561850-96b7-413a-ba9b-809155ef9528@group-DB17BF18CAD5-LeaderElection13] INFO  segmented.SegmentedRaftLogWorker (SegmentedRaftLogWorker.java:startLogSegment(391)) - 1d561850-96b7-413a-ba9b-809155ef9528@group-DB17BF18CAD5-SegmentedRaftLogWorker: Starting segment from index:0
2020-05-07 05:22:10,455 [1d561850-96b7-413a-ba9b-809155ef9528@group-DB17BF18CAD5-SegmentedRaftLogWorker] INFO  segmented.SegmentedRaftLogWorker (SegmentedRaftLogWorker.java:execute(583)) - 1d561850-96b7-413a-ba9b-809155ef9528@group-DB17BF18CAD5-SegmentedRaftLogWorker: created new log segment /github/workspace/mnt/ozone/hadoop-ozone/integration-test/target/test-dir/MiniOzoneClusterImpl-05740949-9c22-47e9-931e-531dd4a47486/datanode-6/data/ratis/e32e5c59-c9ec-4c85-9521-db17bf18cad5/current/log_inprogress_0
2020-05-07 05:22:10,464 [a7b22bd6-1548-4dd4-8319-108e82584299@group-DB17BF18CAD5-LeaderElection15] INFO  impl.LeaderElection (LeaderElection.java:askForVotes(206)) - a7b22bd6-1548-4dd4-8319-108e82584299@group-DB17BF18CAD5-LeaderElection15: begin an election at term 2 for -1: [a7b22bd6-1548-4dd4-8319-108e82584299:172.17.0.2:41095, 1d561850-96b7-413a-ba9b-809155ef9528:172.17.0.2:39163, d24c668a-8da2-49f7-9c88-63388abd62a3:172.17.0.2:41237], old=null
2020-05-07 05:22:10,464 [a7b22bd6-1548-4dd4-8319-108e82584299@group-CE58BB32FFA0-LeaderElection14] INFO  impl.LeaderElection (LeaderElection.java:askForVotes(206)) - a7b22bd6-1548-4dd4-8319-108e82584299@group-CE58BB32FFA0-LeaderElection14: begin an election at term 1 for -1: [a7b22bd6-1548-4dd4-8319-108e82584299:172.17.0.2:41095], old=null
2020-05-07 05:22:10,467 [a7b22bd6-1548-4dd4-8319-108e82584299@group-CE58BB32FFA0-LeaderElection14] INFO  impl.RoleInfo (RoleInfo.java:shutdownLeaderElection(134)) - a7b22bd6-1548-4dd4-8319-108e82584299: shutdown LeaderElection
2020-05-07 05:22:10,467 [a7b22bd6-1548-4dd4-8319-108e82584299@group-CE58BB32FFA0-LeaderElection14] INFO  impl.RaftServerImpl (RaftServerImpl.java:setRole(173)) - a7b22bd6-1548-4dd4-8319-108e82584299@group-CE58BB32FFA0: changes role from CANDIDATE to LEADER at term 1 for changeToLeader
2020-05-07 05:22:10,467 [a7b22bd6-1548-4dd4-8319-108e82584299@group-CE58BB32FFA0-LeaderElection14] INFO  ratis.XceiverServerRatis (XceiverServerRatis.java:handleLeaderChangedNotification(762)) - Leader change notification received for group: group-CE58BB32FFA0 with new leaderId: a7b22bd6-1548-4dd4-8319-108e82584299
2020-05-07 05:22:10,463 [grpc-default-executor-4] INFO  ratis.XceiverServerRatis (XceiverServerRatis.java:handleLeaderChangedNotification(762)) - Leader change notification received for group: group-DB17BF18CAD5 with new leaderId: 1d561850-96b7-413a-ba9b-809155ef9528
2020-05-07 05:22:10,467 [grpc-default-executor-4] INFO  impl.RaftServerImpl (ServerState.java:setLeader(255)) - d24c668a-8da2-49f7-9c88-63388abd62a3@group-DB17BF18CAD5: change Leader from null to 1d561850-96b7-413a-ba9b-809155ef9528 at term 1 for appendEntries, leader elected after 4930ms
2020-05-07 05:22:10,460 [1d561850-96b7-413a-ba9b-809155ef9528@group-DB17BF18CAD5-LeaderElection13] INFO  impl.RaftServerImpl (ServerState.java:setRaftConf(356)) - 1d561850-96b7-413a-ba9b-809155ef9528@group-DB17BF18CAD5: set configuration 0: [a7b22bd6-1548-4dd4-8319-108e82584299:172.17.0.2:41095, 1d561850-96b7-413a-ba9b-809155ef9528:172.17.0.2:39163, d24c668a-8da2-49f7-9c88-63388abd62a3:172.17.0.2:41237], old=null at 0
2020-05-07 05:22:10,467 [a7b22bd6-1548-4dd4-8319-108e82584299@group-CE58BB32FFA0-LeaderElection14] INFO  impl.RaftServerImpl (ServerState.java:setLeader(255)) - a7b22bd6-1548-4dd4-8319-108e82584299@group-CE58BB32FFA0: change Leader from null to a7b22bd6-1548-4dd4-8319-108e82584299 at term 1 for becomeLeader, leader elected after 5276ms
2020-05-07 05:22:10,469 [grpc-default-executor-4] INFO  impl.RaftServerImpl (ServerState.java:setRaftConf(356)) - d24c668a-8da2-49f7-9c88-63388abd62a3@group-DB17BF18CAD5: set configuration 0: [a7b22bd6-1548-4dd4-8319-108e82584299:172.17.0.2:41095, 1d561850-96b7-413a-ba9b-809155ef9528:172.17.0.2:39163, d24c668a-8da2-49f7-9c88-63388abd62a3:172.17.0.2:41237], old=null at 0
2020-05-07 05:22:10,470 [grpc-default-executor-4] INFO  segmented.SegmentedRaftLogWorker (SegmentedRaftLogWorker.java:startLogSegment(391)) - d24c668a-8da2-49f7-9c88-63388abd62a3@group-DB17BF18CAD5-SegmentedRaftLogWorker: Starting segment from index:0
2020-05-07 05:22:10,472 [a7b22bd6-1548-4dd4-8319-108e82584299@group-CE58BB32FFA0-LeaderElection14] INFO  server.RaftServerConfigKeys (ConfUtils.java:logGet(44)) - raft.server.staging.catchup.gap = 1000 (default)
2020-05-07 05:22:10,472 [a7b22bd6-1548-4dd4-8319-108e82584299@group-CE58BB32FFA0-LeaderElection14] INFO  server.RaftServerConfigKeys (ConfUtils.java:logGet(44)) - raft.server.rpc.sleep.time = 25ms (default)
2020-05-07 05:22:10,472 [a7b22bd6-1548-4dd4-8319-108e82584299@group-CE58BB32FFA0-LeaderElection14] INFO  metrics.RatisMetrics (RatisMetrics.java:lambda$create$0(39)) - Creating Metrics Registry : ratis.log_appender.a7b22bd6-1548-4dd4-8319-108e82584299@group-CE58BB32FFA0
2020-05-07 05:22:10,472 [a7b22bd6-1548-4dd4-8319-108e82584299@group-CE58BB32FFA0-LeaderElection14] INFO  server.RaftServerConfigKeys (ConfUtils.java:logGet(44)) - raft.server.write.element-limit = 1024 (custom)
2020-05-07 05:22:10,472 [a7b22bd6-1548-4dd4-8319-108e82584299@group-CE58BB32FFA0-LeaderElection14] INFO  server.RaftServerConfigKeys (ConfUtils.java:logGet(44)) - raft.server.write.byte-limit = 1073741824 (custom)
2020-05-07 05:22:10,472 [a7b22bd6-1548-4dd4-8319-108e82584299@group-CE58BB32FFA0-LeaderElection14] INFO  server.RaftServerConfigKeys (ConfUtils.java:logGet(44)) - raft.server.watch.timeout = 180s (custom)
2020-05-07 05:22:10,472 [a7b22bd6-1548-4dd4-8319-108e82584299@group-CE58BB32FFA0-LeaderElection14] INFO  server.RaftServerConfigKeys (ConfUtils.java:logGet(44)) - raft.server.watch.timeout.denomination = 1s (default)
2020-05-07 05:22:10,473 [a7b22bd6-1548-4dd4-8319-108e82584299@group-CE58BB32FFA0-LeaderElection14] INFO  server.RaftServerConfigKeys (ConfUtils.java:logGet(44)) - raft.server.watch.element-limit = 65536 (default)
2020-05-07 05:22:10,473 [a7b22bd6-1548-4dd4-8319-108e82584299@group-CE58BB32FFA0-LeaderElection14] INFO  impl.RoleInfo (RoleInfo.java:updateAndGet(143)) - a7b22bd6-1548-4dd4-8319-108e82584299: start LeaderState
2020-05-07 05:22:10,473 [a7b22bd6-1548-4dd4-8319-108e82584299@group-CE58BB32FFA0-LeaderElection14] INFO  segmented.SegmentedRaftLogWorker (SegmentedRaftLogWorker.java:startLogSegment(391)) - a7b22bd6-1548-4dd4-8319-108e82584299@group-CE58BB32FFA0-SegmentedRaftLogWorker: Starting segment from index:0
2020-05-07 05:22:10,473 [a7b22bd6-1548-4dd4-8319-108e82584299@group-DB17BF18CAD5-LeaderElection15] INFO  impl.LeaderElection (LeaderElection.java:logAndReturn(61)) - a7b22bd6-1548-4dd4-8319-108e82584299@group-DB17BF18CAD5-LeaderElection15: Election REJECTED; received 0 response(s) [] and 0 exception(s); a7b22bd6-1548-4dd4-8319-108e82584299@group-DB17BF18CAD5:t2, leader=null, voted=a7b22bd6-1548-4dd4-8319-108e82584299, raftlog=a7b22bd6-1548-4dd4-8319-108e82584299@group-DB17BF18CAD5-SegmentedRaftLog:OPENED:c-1,f-1,i0, conf=-1: [a7b22bd6-1548-4dd4-8319-108e82584299:172.17.0.2:41095, 1d561850-96b7-413a-ba9b-809155ef9528:172.17.0.2:39163, d24c668a-8da2-49f7-9c88-63388abd62a3:172.17.0.2:41237], old=null
2020-05-07 05:22:10,475 [d24c668a-8da2-49f7-9c88-63388abd62a3@group-DB17BF18CAD5-SegmentedRaftLogWorker] INFO  segmented.SegmentedRaftLogWorker (SegmentedRaftLogWorker.java:execute(583)) - d24c668a-8da2-49f7-9c88-63388abd62a3@group-DB17BF18CAD5-SegmentedRaftLogWorker: created new log segment /github/workspace/mnt/ozone/hadoop-ozone/integration-test/target/test-dir/MiniOzoneClusterImpl-05740949-9c22-47e9-931e-531dd4a47486/datanode-8/data/ratis/e32e5c59-c9ec-4c85-9521-db17bf18cad5/current/log_inprogress_0
2020-05-07 05:22:10,477 [Thread-373] INFO  impl.RaftServerImpl (ServerState.java:setLeader(255)) - 1d561850-96b7-413a-ba9b-809155ef9528@group-DB17BF18CAD5: change Leader from 1d561850-96b7-413a-ba9b-809155ef9528 to null at term 2 for updateCurrentTerm
2020-05-07 05:22:10,478 [Thread-373] INFO  impl.RaftServerImpl (RaftServerImpl.java:setRole(173)) - 1d561850-96b7-413a-ba9b-809155ef9528@group-DB17BF18CAD5: changes role from    LEADER to FOLLOWER at term 2 for stepDown
2020-05-07 05:22:10,479 [Thread-373] INFO  impl.RoleInfo (RoleInfo.java:shutdownLeaderState(104)) - 1d561850-96b7-413a-ba9b-809155ef9528: shutdown LeaderState
2020-05-07 05:22:10,482 [org.apache.ratis.server.impl.LogAppender$AppenderDaemon$$Lambda$454/10340798@1ba0d7e6] WARN  server.GrpcLogAppender (GrpcLogAppender.java:mayWait(153)) - 1d561850-96b7-413a-ba9b-809155ef9528@group-DB17BF18CAD5->a7b22bd6-1548-4dd4-8319-108e82584299-GrpcLogAppender: Wait interrupted by java.lang.InterruptedException
2020-05-07 05:22:10,483 [a7b22bd6-1548-4dd4-8319-108e82584299@group-CE58BB32FFA0-LeaderElection14] INFO  impl.RaftServerImpl (ServerState.java:setRaftConf(356)) - a7b22bd6-1548-4dd4-8319-108e82584299@group-CE58BB32FFA0: set configuration 0: [a7b22bd6-1548-4dd4-8319-108e82584299:172.17.0.2:41095], old=null at 0
2020-05-07 05:22:10,486 [a7b22bd6-1548-4dd4-8319-108e82584299@group-CE58BB32FFA0-SegmentedRaftLogWorker] INFO  segmented.SegmentedRaftLogWorker (SegmentedRaftLogWorker.java:execute(583)) - a7b22bd6-1548-4dd4-8319-108e82584299@group-CE58BB32FFA0-SegmentedRaftLogWorker: created new log segment /github/workspace/mnt/ozone/hadoop-ozone/integration-test/target/test-dir/MiniOzoneClusterImpl-05740949-9c22-47e9-931e-531dd4a47486/datanode-7/data/ratis/1452de4f-40e2-4a9b-9e82-ce58bb32ffa0/current/log_inprogress_0
2020-05-07 05:22:10,487 [Thread-373] INFO  impl.PendingRequests (PendingRequests.java:sendNotLeaderResponses(242)) - 1d561850-96b7-413a-ba9b-809155ef9528@group-DB17BF18CAD5-PendingRequests: sendNotLeaderResponses
2020-05-07 05:22:10,488 [Thread-373] INFO  metrics.RatisMetrics (RatisMetrics.java:unregister(46)) - Unregistering Metrics Registry : ratis.log_appender.1d561850-96b7-413a-ba9b-809155ef9528@group-DB17BF18CAD5
2020-05-07 05:22:10,488 [Thread-373] INFO  impl.RoleInfo (RoleInfo.java:updateAndGet(143)) - 1d561850-96b7-413a-ba9b-809155ef9528: start FollowerState
2020-05-07 05:22:10,487 [org.apache.ratis.server.impl.LogAppender$AppenderDaemon$$Lambda$454/10340798@7f770d03] WARN  server.GrpcLogAppender (GrpcLogAppender.java:mayWait(153)) - 1d561850-96b7-413a-ba9b-809155ef9528@group-DB17BF18CAD5->d24c668a-8da2-49f7-9c88-63388abd62a3-GrpcLogAppender: Wait interrupted by java.lang.InterruptedException
2020-05-07 05:22:10,511 [grpc-default-executor-4] INFO  server.GrpcServerProtocolService (GrpcServerProtocolService.java:onCompleted(137)) - a7b22bd6-1548-4dd4-8319-108e82584299: Completed APPEND_ENTRIES, lastRequest: 1d561850-96b7-413a-ba9b-809155ef9528->a7b22bd6-1548-4dd4-8319-108e82584299#1-t1, previous=(t:0, i:0), leaderCommit=-1, initializing? false, entries: size=1, first=(t:1, i:0), CONFIGURATIONENTRY
2020-05-07 05:22:10,518 [grpc-default-executor-4] INFO  server.GrpcLogAppender (GrpcLogAppender.java:onCompleted(309)) - 1d561850-96b7-413a-ba9b-809155ef9528@group-DB17BF18CAD5->a7b22bd6-1548-4dd4-8319-108e82584299-AppendLogResponseHandler: follower responses appendEntries COMPLETED
2020-05-07 05:22:10,528 [grpc-default-executor-5] INFO  impl.RaftServerImpl (RaftServerImpl.java:setRole(173)) - 1d561850-96b7-413a-ba9b-809155ef9528@group-DB17BF18CAD5: changes role from  FOLLOWER to FOLLOWER at term 2 for recognizeCandidate:a7b22bd6-1548-4dd4-8319-108e82584299
2020-05-07 05:22:10,528 [grpc-default-executor-5] INFO  impl.RoleInfo (RoleInfo.java:shutdownFollowerState(121)) - 1d561850-96b7-413a-ba9b-809155ef9528: shutdown FollowerState
2020-05-07 05:22:10,528 [grpc-default-executor-5] INFO  impl.RoleInfo (RoleInfo.java:updateAndGet(143)) - 1d561850-96b7-413a-ba9b-809155ef9528: start FollowerState
2020-05-07 05:22:10,518 [grpc-default-executor-7] INFO  server.GrpcServerProtocolService (GrpcServerProtocolService.java:onCompleted(137)) - d24c668a-8da2-49f7-9c88-63388abd62a3: Completed APPEND_ENTRIES, lastRequest: 1d561850-96b7-413a-ba9b-809155ef9528->d24c668a-8da2-49f7-9c88-63388abd62a3#1-t1, previous=(t:0, i:0), leaderCommit=-1, initializing? false, entries: size=1, first=(t:1, i:0), CONFIGURATIONENTRY
2020-05-07 05:22:10,528 [grpc-default-executor-2] INFO  impl.RaftServerImpl (ServerState.java:setLeader(255)) - d24c668a-8da2-49f7-9c88-63388abd62a3@group-DB17BF18CAD5: change Leader from 1d561850-96b7-413a-ba9b-809155ef9528 to null at term 2 for updateCurrentTerm
2020-05-07 05:22:10,529 [grpc-default-executor-2] INFO  impl.RaftServerImpl (RaftServerImpl.java:setRole(173)) - d24c668a-8da2-49f7-9c88-63388abd62a3@group-DB17BF18CAD5: changes role from  FOLLOWER to FOLLOWER at term 2 for recognizeCandidate:a7b22bd6-1548-4dd4-8319-108e82584299
2020-05-07 05:22:10,529 [grpc-default-executor-2] INFO  impl.RoleInfo (RoleInfo.java:shutdownFollowerState(121)) - d24c668a-8da2-49f7-9c88-63388abd62a3: shutdown FollowerState
2020-05-07 05:22:10,528 [Thread-381] INFO  impl.FollowerState (FollowerState.java:run(117)) - 1d561850-96b7-413a-ba9b-809155ef9528@group-DB17BF18CAD5-FollowerState was interrupted: java.lang.InterruptedException: sleep interrupted
2020-05-07 05:22:10,530 [Thread-300] INFO  impl.FollowerState (FollowerState.java:run(108)) - d24c668a-8da2-49f7-9c88-63388abd62a3@group-7E2C879F25E8-FollowerState: change to CANDIDATE, lastRpcTime:5187ms, electionTimeout:5185ms
2020-05-07 05:22:10,530 [Thread-300] INFO  impl.RoleInfo (RoleInfo.java:shutdownFollowerState(121)) - d24c668a-8da2-49f7-9c88-63388abd62a3: shutdown FollowerState
2020-05-07 05:22:10,530 [Thread-300] INFO  impl.RaftServerImpl (RaftServerImpl.java:setRole(173)) - d24c668a-8da2-49f7-9c88-63388abd62a3@group-7E2C879F25E8: changes role from  FOLLOWER to CANDIDATE at term 0 for changeToCandidate
2020-05-07 05:22:10,530 [Thread-300] INFO  impl.RoleInfo (RoleInfo.java:updateAndGet(143)) - d24c668a-8da2-49f7-9c88-63388abd62a3: start LeaderElection
2020-05-07 05:22:10,531 [grpc-default-executor-2] INFO  impl.RoleInfo (RoleInfo.java:updateAndGet(143)) - d24c668a-8da2-49f7-9c88-63388abd62a3: start FollowerState
2020-05-07 05:22:10,531 [Thread-371] INFO  impl.FollowerState (FollowerState.java:run(117)) - d24c668a-8da2-49f7-9c88-63388abd62a3@group-DB17BF18CAD5-FollowerState was interrupted: java.lang.InterruptedException: sleep interrupted
2020-05-07 05:22:10,533 [grpc-default-executor-4] INFO  impl.FollowerInfo (FollowerInfo.java:lambda$new$0(50)) - 1d561850-96b7-413a-ba9b-809155ef9528@group-DB17BF18CAD5->a7b22bd6-1548-4dd4-8319-108e82584299: nextIndex: updateUnconditionally 1 -> 0
2020-05-07 05:22:10,538 [grpc-default-executor-5] INFO  server.GrpcLogAppender (GrpcLogAppender.java:onCompleted(309)) - 1d561850-96b7-413a-ba9b-809155ef9528@group-DB17BF18CAD5->d24c668a-8da2-49f7-9c88-63388abd62a3-AppendLogResponseHandler: follower responses appendEntries COMPLETED
2020-05-07 05:22:10,556 [d24c668a-8da2-49f7-9c88-63388abd62a3@group-7E2C879F25E8-LeaderElection16] INFO  impl.LeaderElection (LeaderElection.java:askForVotes(206)) - d24c668a-8da2-49f7-9c88-63388abd62a3@group-7E2C879F25E8-LeaderElection16: begin an election at term 1 for -1: [d24c668a-8da2-49f7-9c88-63388abd62a3:172.17.0.2:41237], old=null
2020-05-07 05:22:10,556 [d24c668a-8da2-49f7-9c88-63388abd62a3@group-7E2C879F25E8-LeaderElection16] INFO  impl.RoleInfo (RoleInfo.java:shutdownLeaderElection(134)) - d24c668a-8da2-49f7-9c88-63388abd62a3: shutdown LeaderElection
2020-05-07 05:22:10,556 [d24c668a-8da2-49f7-9c88-63388abd62a3@group-7E2C879F25E8-LeaderElection16] INFO  impl.RaftServerImpl (RaftServerImpl.java:setRole(173)) - d24c668a-8da2-49f7-9c88-63388abd62a3@group-7E2C879F25E8: changes role from CANDIDATE to LEADER at term 1 for changeToLeader
2020-05-07 05:22:10,556 [d24c668a-8da2-49f7-9c88-63388abd62a3@group-7E2C879F25E8-LeaderElection16] INFO  ratis.XceiverServerRatis (XceiverServerRatis.java:handleLeaderChangedNotification(762)) - Leader change notification received for group: group-7E2C879F25E8 with new leaderId: d24c668a-8da2-49f7-9c88-63388abd62a3
2020-05-07 05:22:10,557 [d24c668a-8da2-49f7-9c88-63388abd62a3@group-7E2C879F25E8-LeaderElection16] INFO  impl.RaftServerImpl (ServerState.java:setLeader(255)) - d24c668a-8da2-49f7-9c88-63388abd62a3@group-7E2C879F25E8: change Leader from null to d24c668a-8da2-49f7-9c88-63388abd62a3 at term 1 for becomeLeader, leader elected after 5277ms
2020-05-07 05:22:10,564 [d24c668a-8da2-49f7-9c88-63388abd62a3@group-7E2C879F25E8-LeaderElection16] INFO  server.RaftServerConfigKeys (ConfUtils.java:logGet(44)) - raft.server.staging.catchup.gap = 1000 (default)
2020-05-07 05:22:10,564 [d24c668a-8da2-49f7-9c88-63388abd62a3@group-7E2C879F25E8-LeaderElection16] INFO  server.RaftServerConfigKeys (ConfUtils.java:logGet(44)) - raft.server.rpc.sleep.time = 25ms (default)
2020-05-07 05:22:10,564 [d24c668a-8da2-49f7-9c88-63388abd62a3@group-7E2C879F25E8-LeaderElection16] INFO  metrics.RatisMetrics (RatisMetrics.java:lambda$create$0(39)) - Creating Metrics Registry : ratis.log_appender.d24c668a-8da2-49f7-9c88-63388abd62a3@group-7E2C879F25E8
2020-05-07 05:22:10,565 [d24c668a-8da2-49f7-9c88-63388abd62a3@group-7E2C879F25E8-LeaderElection16] INFO  server.RaftServerConfigKeys (ConfUtils.java:logGet(44)) - raft.server.write.element-limit = 1024 (custom)
2020-05-07 05:22:10,565 [d24c668a-8da2-49f7-9c88-63388abd62a3@group-7E2C879F25E8-LeaderElection16] INFO  server.RaftServerConfigKeys (ConfUtils.java:logGet(44)) - raft.server.write.byte-limit = 1073741824 (custom)
2020-05-07 05:22:10,565 [d24c668a-8da2-49f7-9c88-63388abd62a3@group-7E2C879F25E8-LeaderElection16] INFO  server.RaftServerConfigKeys (ConfUtils.java:logGet(44)) - raft.server.watch.timeout = 180s (custom)
2020-05-07 05:22:10,565 [d24c668a-8da2-49f7-9c88-63388abd62a3@group-7E2C879F25E8-LeaderElection16] INFO  server.RaftServerConfigKeys (ConfUtils.java:logGet(44)) - raft.server.watch.timeout.denomination = 1s (default)
2020-05-07 05:22:10,565 [d24c668a-8da2-49f7-9c88-63388abd62a3@group-7E2C879F25E8-LeaderElection16] INFO  server.RaftServerConfigKeys (ConfUtils.java:logGet(44)) - raft.server.watch.element-limit = 65536 (default)
2020-05-07 05:22:10,565 [d24c668a-8da2-49f7-9c88-63388abd62a3@group-7E2C879F25E8-LeaderElection16] INFO  impl.RoleInfo (RoleInfo.java:updateAndGet(143)) - d24c668a-8da2-49f7-9c88-63388abd62a3: start LeaderState
2020-05-07 05:22:10,566 [d24c668a-8da2-49f7-9c88-63388abd62a3@group-7E2C879F25E8-LeaderElection16] INFO  segmented.SegmentedRaftLogWorker (SegmentedRaftLogWorker.java:startLogSegment(391)) - d24c668a-8da2-49f7-9c88-63388abd62a3@group-7E2C879F25E8-SegmentedRaftLogWorker: Starting segment from index:0
2020-05-07 05:22:10,567 [d24c668a-8da2-49f7-9c88-63388abd62a3@group-7E2C879F25E8-SegmentedRaftLogWorker] INFO  segmented.SegmentedRaftLogWorker (SegmentedRaftLogWorker.java:execute(583)) - d24c668a-8da2-49f7-9c88-63388abd62a3@group-7E2C879F25E8-SegmentedRaftLogWorker: created new log segment /github/workspace/mnt/ozone/hadoop-ozone/integration-test/target/test-dir/MiniOzoneClusterImpl-05740949-9c22-47e9-931e-531dd4a47486/datanode-8/data/ratis/b93cfc43-321e-4b22-a57f-7e2c879f25e8/current/log_inprogress_0
2020-05-07 05:22:10,574 [d24c668a-8da2-49f7-9c88-63388abd62a3@group-7E2C879F25E8-LeaderElection16] INFO  impl.RaftServerImpl (ServerState.java:setRaftConf(356)) - d24c668a-8da2-49f7-9c88-63388abd62a3@group-7E2C879F25E8: set configuration 0: [d24c668a-8da2-49f7-9c88-63388abd62a3:172.17.0.2:41237], old=null at 0
2020-05-07 05:22:10,566 [grpc-default-executor-5] INFO  impl.FollowerInfo (FollowerInfo.java:lambda$new$0(50)) - 1d561850-96b7-413a-ba9b-809155ef9528@group-DB17BF18CAD5->d24c668a-8da2-49f7-9c88-63388abd62a3: nextIndex: updateUnconditionally 1 -> 0
2020-05-07 05:22:10,640 [Thread-302] INFO  impl.FollowerState (FollowerState.java:run(108)) - 7e872ac2-4c12-4c1e-9a46-92908e0757bb@group-A8068212EA6B-FollowerState: change to CANDIDATE, lastRpcTime:5105ms, electionTimeout:5098ms
2020-05-07 05:22:10,640 [Thread-302] INFO  impl.RoleInfo (RoleInfo.java:shutdownFollowerState(121)) - 7e872ac2-4c12-4c1e-9a46-92908e0757bb: shutdown FollowerState
2020-05-07 05:22:10,641 [Thread-302] INFO  impl.RaftServerImpl (RaftServerImpl.java:setRole(173)) - 7e872ac2-4c12-4c1e-9a46-92908e0757bb@group-A8068212EA6B: changes role from  FOLLOWER to CANDIDATE at term 0 for changeToCandidate
2020-05-07 05:22:10,641 [Thread-302] INFO  impl.RoleInfo (RoleInfo.java:updateAndGet(143)) - 7e872ac2-4c12-4c1e-9a46-92908e0757bb: start LeaderElection
2020-05-07 05:22:10,644 [7e872ac2-4c12-4c1e-9a46-92908e0757bb@group-A8068212EA6B-LeaderElection17] INFO  impl.LeaderElection (LeaderElection.java:askForVotes(206)) - 7e872ac2-4c12-4c1e-9a46-92908e0757bb@group-A8068212EA6B-LeaderElection17: begin an election at term 1 for -1: [7e872ac2-4c12-4c1e-9a46-92908e0757bb:172.17.0.2:37073], old=null
2020-05-07 05:22:10,644 [7e872ac2-4c12-4c1e-9a46-92908e0757bb@group-A8068212EA6B-LeaderElection17] INFO  impl.RoleInfo (RoleInfo.java:shutdownLeaderElection(134)) - 7e872ac2-4c12-4c1e-9a46-92908e0757bb: shutdown LeaderElection
2020-05-07 05:22:10,644 [7e872ac2-4c12-4c1e-9a46-92908e0757bb@group-A8068212EA6B-LeaderElection17] INFO  impl.RaftServerImpl (RaftServerImpl.java:setRole(173)) - 7e872ac2-4c12-4c1e-9a46-92908e0757bb@group-A8068212EA6B: changes role from CANDIDATE to LEADER at term 1 for changeToLeader
2020-05-07 05:22:10,645 [7e872ac2-4c12-4c1e-9a46-92908e0757bb@group-A8068212EA6B-LeaderElection17] INFO  ratis.XceiverServerRatis (XceiverServerRatis.java:handleLeaderChangedNotification(762)) - Leader change notification received for group: group-A8068212EA6B with new leaderId: 7e872ac2-4c12-4c1e-9a46-92908e0757bb
2020-05-07 05:22:10,645 [7e872ac2-4c12-4c1e-9a46-92908e0757bb@group-A8068212EA6B-LeaderElection17] INFO  impl.RaftServerImpl (ServerState.java:setLeader(255)) - 7e872ac2-4c12-4c1e-9a46-92908e0757bb@group-A8068212EA6B: change Leader from null to 7e872ac2-4c12-4c1e-9a46-92908e0757bb at term 1 for becomeLeader, leader elected after 5319ms
2020-05-07 05:22:10,646 [7e872ac2-4c12-4c1e-9a46-92908e0757bb@group-A8068212EA6B-LeaderElection17] INFO  server.RaftServerConfigKeys (ConfUtils.java:logGet(44)) - raft.server.staging.catchup.gap = 1000 (default)
2020-05-07 05:22:10,646 [7e872ac2-4c12-4c1e-9a46-92908e0757bb@group-A8068212EA6B-LeaderElection17] INFO  server.RaftServerConfigKeys (ConfUtils.java:logGet(44)) - raft.server.rpc.sleep.time = 25ms (default)
2020-05-07 05:22:10,647 [7e872ac2-4c12-4c1e-9a46-92908e0757bb@group-A8068212EA6B-LeaderElection17] INFO  metrics.RatisMetrics (RatisMetrics.java:lambda$create$0(39)) - Creating Metrics Registry : ratis.log_appender.7e872ac2-4c12-4c1e-9a46-92908e0757bb@group-A8068212EA6B
2020-05-07 05:22:10,647 [7e872ac2-4c12-4c1e-9a46-92908e0757bb@group-A8068212EA6B-LeaderElection17] INFO  server.RaftServerConfigKeys (ConfUtils.java:logGet(44)) - raft.server.write.element-limit = 1024 (custom)
2020-05-07 05:22:10,647 [7e872ac2-4c12-4c1e-9a46-92908e0757bb@group-A8068212EA6B-LeaderElection17] INFO  server.RaftServerConfigKeys (ConfUtils.java:logGet(44)) - raft.server.write.byte-limit = 1073741824 (custom)
2020-05-07 05:22:10,648 [7e872ac2-4c12-4c1e-9a46-92908e0757bb@group-A8068212EA6B-LeaderElection17] INFO  server.RaftServerConfigKeys (ConfUtils.java:logGet(44)) - raft.server.watch.timeout = 180s (custom)
2020-05-07 05:22:10,648 [7e872ac2-4c12-4c1e-9a46-92908e0757bb@group-A8068212EA6B-LeaderElection17] INFO  server.RaftServerConfigKeys (ConfUtils.java:logGet(44)) - raft.server.watch.timeout.denomination = 1s (default)
2020-05-07 05:22:10,648 [7e872ac2-4c12-4c1e-9a46-92908e0757bb@group-A8068212EA6B-LeaderElection17] INFO  server.RaftServerConfigKeys (ConfUtils.java:logGet(44)) - raft.server.watch.element-limit = 65536 (default)
2020-05-07 05:22:10,648 [7e872ac2-4c12-4c1e-9a46-92908e0757bb@group-A8068212EA6B-LeaderElection17] INFO  impl.RoleInfo (RoleInfo.java:updateAndGet(143)) - 7e872ac2-4c12-4c1e-9a46-92908e0757bb: start LeaderState
2020-05-07 05:22:10,650 [7e872ac2-4c12-4c1e-9a46-92908e0757bb@group-A8068212EA6B-LeaderElection17] INFO  segmented.SegmentedRaftLogWorker (SegmentedRaftLogWorker.java:startLogSegment(391)) - 7e872ac2-4c12-4c1e-9a46-92908e0757bb@group-A8068212EA6B-SegmentedRaftLogWorker: Starting segment from index:0
2020-05-07 05:22:10,651 [7e872ac2-4c12-4c1e-9a46-92908e0757bb@group-A8068212EA6B-SegmentedRaftLogWorker] INFO  segmented.SegmentedRaftLogWorker (SegmentedRaftLogWorker.java:execute(583)) - 7e872ac2-4c12-4c1e-9a46-92908e0757bb@group-A8068212EA6B-SegmentedRaftLogWorker: created new log segment /github/workspace/mnt/ozone/hadoop-ozone/integration-test/target/test-dir/MiniOzoneClusterImpl-05740949-9c22-47e9-931e-531dd4a47486/datanode-9/data/ratis/59142c13-146b-4b73-8708-a8068212ea6b/current/log_inprogress_0
2020-05-07 05:22:10,660 [7e872ac2-4c12-4c1e-9a46-92908e0757bb@group-A8068212EA6B-LeaderElection17] INFO  impl.RaftServerImpl (ServerState.java:setRaftConf(356)) - 7e872ac2-4c12-4c1e-9a46-92908e0757bb@group-A8068212EA6B: set configuration 0: [7e872ac2-4c12-4c1e-9a46-92908e0757bb:172.17.0.2:37073], old=null at 0
2020-05-07 05:22:10,985 [main] INFO  ozone.MiniOzoneClusterImpl (MiniOzoneClusterImpl.java:getStorageContainerLocationClient(289)) - Creating StorageContainerLocationProtocol RPC client with address /0.0.0.0:41067
2020-05-07 05:22:11,013 [main] INFO  rpc.RpcClient (RpcClient.java:createVolume(308)) - Creating Volume: c0ec88a1-5034-42fb-a2a7-a4c10ddc1f40, with jenkins1001 as owner.
2020-05-07 05:22:11,088 [IPC Server handler 17 on 44303] INFO  volume.OMVolumeCreateRequest (OMVolumeCreateRequest.java:validateAndUpdateCache(208)) - created volume:c0ec88a1-5034-42fb-a2a7-a4c10ddc1f40 for user:jenkins1001
2020-05-07 05:22:11,106 [main] INFO  rpc.RpcClient (RpcClient.java:createBucket(448)) - Creating Bucket: c0ec88a1-5034-42fb-a2a7-a4c10ddc1f40/aa12d3f5-54e5-496b-86e9-d5cd6e6cd52e, with Versioning false and Storage Type set to DISK and Encryption set to false 
2020-05-07 05:22:11,258 [main] INFO  impl.MetricsSystemImpl (MetricsSystemImpl.java:init(158)) - XceiverClientMetrics metrics system started (again)
2020-05-07 05:22:13,231 [EventQueue-Delayed safe mode statusForReplicationManager] INFO  container.ReplicationManager (ReplicationManager.java:start(165)) - Starting Replication Monitor Thread.
2020-05-07 05:22:13,234 [ReplicationMonitor] INFO  container.ReplicationManager (ReplicationManager.java:run(228)) - Replication Monitor Thread took 3 milliseconds for processing 1 containers.
2020-05-07 05:22:13,234 [EventQueue-CloseContainerForCloseContainerEventHandler] INFO  container.CloseContainerEventHandler (CloseContainerEventHandler.java:onMessage(61)) - Close container Event triggered for container : #1
2020-05-07 05:22:14,441 [Command processor thread] ERROR commandhandler.CloseContainerCommandHandler (CloseContainerCommandHandler.java:handle(85)) - Container #1 does not exist in datanode. Container close failed.
2020-05-07 05:22:14,467 [Command processor thread] ERROR commandhandler.CloseContainerCommandHandler (CloseContainerCommandHandler.java:handle(85)) - Container #1 does not exist in datanode. Container close failed.
2020-05-07 05:22:14,557 [Command processor thread] ERROR commandhandler.CloseContainerCommandHandler (CloseContainerCommandHandler.java:handle(85)) - Container #1 does not exist in datanode. Container close failed.
2020-05-07 05:22:15,266 [Thread-348] INFO  impl.FollowerState (FollowerState.java:run(108)) - ee980e6c-318d-434c-9f48-1477050d6493@group-A78D897FDF61-FollowerState: change to CANDIDATE, lastRpcTime:5109ms, electionTimeout:5085ms
2020-05-07 05:22:15,266 [Thread-348] INFO  impl.RoleInfo (RoleInfo.java:shutdownFollowerState(121)) - ee980e6c-318d-434c-9f48-1477050d6493: shutdown FollowerState
2020-05-07 05:22:15,266 [Thread-348] INFO  impl.RaftServerImpl (RaftServerImpl.java:setRole(173)) - ee980e6c-318d-434c-9f48-1477050d6493@group-A78D897FDF61: changes role from  FOLLOWER to CANDIDATE at term 1 for changeToCandidate
2020-05-07 05:22:15,266 [Thread-348] INFO  impl.RoleInfo (RoleInfo.java:updateAndGet(143)) - ee980e6c-318d-434c-9f48-1477050d6493: start LeaderElection
2020-05-07 05:22:15,268 [ee980e6c-318d-434c-9f48-1477050d6493@group-A78D897FDF61-LeaderElection18] INFO  impl.LeaderElection (LeaderElection.java:askForVotes(206)) - ee980e6c-318d-434c-9f48-1477050d6493@group-A78D897FDF61-LeaderElection18: begin an election at term 2 for -1: [ee980e6c-318d-434c-9f48-1477050d6493:172.17.0.2:43929, 8d9d9f22-1b04-45e7-8887-14f2efe85604:172.17.0.2:46631, 6f005c5b-3a07-4e39-8538-832f1c829f6a:172.17.0.2:46159], old=null
2020-05-07 05:22:15,268 [Thread-347] INFO  impl.FollowerState (FollowerState.java:run(108)) - 6f005c5b-3a07-4e39-8538-832f1c829f6a@group-A78D897FDF61-FollowerState: change to CANDIDATE, lastRpcTime:5116ms, electionTimeout:5098ms
2020-05-07 05:22:15,269 [Thread-347] INFO  impl.RoleInfo (RoleInfo.java:shutdownFollowerState(121)) - 6f005c5b-3a07-4e39-8538-832f1c829f6a: shutdown FollowerState
2020-05-07 05:22:15,269 [Thread-347] INFO  impl.RaftServerImpl (RaftServerImpl.java:setRole(173)) - 6f005c5b-3a07-4e39-8538-832f1c829f6a@group-A78D897FDF61: changes role from  FOLLOWER to CANDIDATE at term 1 for changeToCandidate
2020-05-07 05:22:15,269 [Thread-347] INFO  impl.RoleInfo (RoleInfo.java:updateAndGet(143)) - 6f005c5b-3a07-4e39-8538-832f1c829f6a: start LeaderElection
2020-05-07 05:22:15,270 [6f005c5b-3a07-4e39-8538-832f1c829f6a@group-A78D897FDF61-LeaderElection19] INFO  impl.LeaderElection (LeaderElection.java:askForVotes(206)) - 6f005c5b-3a07-4e39-8538-832f1c829f6a@group-A78D897FDF61-LeaderElection19: begin an election at term 2 for -1: [ee980e6c-318d-434c-9f48-1477050d6493:172.17.0.2:43929, 8d9d9f22-1b04-45e7-8887-14f2efe85604:172.17.0.2:46631, 6f005c5b-3a07-4e39-8538-832f1c829f6a:172.17.0.2:46159], old=null
2020-05-07 05:22:15,276 [grpc-default-executor-2] INFO  impl.RaftServerImpl (RaftServerImpl.java:setRole(173)) - 8d9d9f22-1b04-45e7-8887-14f2efe85604@group-A78D897FDF61: changes role from  FOLLOWER to FOLLOWER at term 2 for recognizeCandidate:ee980e6c-318d-434c-9f48-1477050d6493
2020-05-07 05:22:15,276 [grpc-default-executor-2] INFO  impl.RoleInfo (RoleInfo.java:shutdownFollowerState(121)) - 8d9d9f22-1b04-45e7-8887-14f2efe85604: shutdown FollowerState
2020-05-07 05:22:15,276 [grpc-default-executor-2] INFO  impl.RoleInfo (RoleInfo.java:updateAndGet(143)) - 8d9d9f22-1b04-45e7-8887-14f2efe85604: start FollowerState
2020-05-07 05:22:15,277 [Thread-356] INFO  impl.FollowerState (FollowerState.java:run(117)) - 8d9d9f22-1b04-45e7-8887-14f2efe85604@group-A78D897FDF61-FollowerState was interrupted: java.lang.InterruptedException: sleep interrupted
2020-05-07 05:22:15,289 [ee980e6c-318d-434c-9f48-1477050d6493@group-A78D897FDF61-LeaderElection18] INFO  impl.LeaderElection (LeaderElection.java:logAndReturn(61)) - ee980e6c-318d-434c-9f48-1477050d6493@group-A78D897FDF61-LeaderElection18: Election PASSED; received 1 response(s) [ee980e6c-318d-434c-9f48-1477050d6493<-8d9d9f22-1b04-45e7-8887-14f2efe85604#0:OK-t2] and 0 exception(s); ee980e6c-318d-434c-9f48-1477050d6493@group-A78D897FDF61:t2, leader=null, voted=ee980e6c-318d-434c-9f48-1477050d6493, raftlog=ee980e6c-318d-434c-9f48-1477050d6493@group-A78D897FDF61-SegmentedRaftLog:OPENED:c-1,f-1,i0, conf=-1: [ee980e6c-318d-434c-9f48-1477050d6493:172.17.0.2:43929, 8d9d9f22-1b04-45e7-8887-14f2efe85604:172.17.0.2:46631, 6f005c5b-3a07-4e39-8538-832f1c829f6a:172.17.0.2:46159], old=null
2020-05-07 05:22:15,289 [ee980e6c-318d-434c-9f48-1477050d6493@group-A78D897FDF61-LeaderElection18] INFO  impl.RoleInfo (RoleInfo.java:shutdownLeaderElection(134)) - ee980e6c-318d-434c-9f48-1477050d6493: shutdown LeaderElection
2020-05-07 05:22:15,291 [ee980e6c-318d-434c-9f48-1477050d6493@group-A78D897FDF61-LeaderElection18] INFO  impl.RaftServerImpl (RaftServerImpl.java:setRole(173)) - ee980e6c-318d-434c-9f48-1477050d6493@group-A78D897FDF61: changes role from CANDIDATE to LEADER at term 2 for changeToLeader
2020-05-07 05:22:15,291 [ee980e6c-318d-434c-9f48-1477050d6493@group-A78D897FDF61-LeaderElection18] INFO  ratis.XceiverServerRatis (XceiverServerRatis.java:handleLeaderChangedNotification(762)) - Leader change notification received for group: group-A78D897FDF61 with new leaderId: ee980e6c-318d-434c-9f48-1477050d6493
2020-05-07 05:22:15,291 [ee980e6c-318d-434c-9f48-1477050d6493@group-A78D897FDF61-LeaderElection18] INFO  impl.RaftServerImpl (ServerState.java:setLeader(255)) - ee980e6c-318d-434c-9f48-1477050d6493@group-A78D897FDF61: change Leader from null to ee980e6c-318d-434c-9f48-1477050d6493 at term 2 for becomeLeader, leader elected after 10458ms
2020-05-07 05:22:15,291 [ee980e6c-318d-434c-9f48-1477050d6493@group-A78D897FDF61-LeaderElection18] INFO  server.RaftServerConfigKeys (ConfUtils.java:logGet(44)) - raft.server.staging.catchup.gap = 1000 (default)
2020-05-07 05:22:15,291 [ee980e6c-318d-434c-9f48-1477050d6493@group-A78D897FDF61-LeaderElection18] INFO  server.RaftServerConfigKeys (ConfUtils.java:logGet(44)) - raft.server.rpc.sleep.time = 25ms (default)
2020-05-07 05:22:15,291 [ee980e6c-318d-434c-9f48-1477050d6493@group-A78D897FDF61-LeaderElection18] INFO  metrics.RatisMetrics (RatisMetrics.java:lambda$create$0(39)) - Creating Metrics Registry : ratis.log_appender.ee980e6c-318d-434c-9f48-1477050d6493@group-A78D897FDF61
2020-05-07 05:22:15,292 [ee980e6c-318d-434c-9f48-1477050d6493@group-A78D897FDF61-LeaderElection18] INFO  server.RaftServerConfigKeys (ConfUtils.java:logGet(44)) - raft.server.write.element-limit = 1024 (custom)
2020-05-07 05:22:15,292 [ee980e6c-318d-434c-9f48-1477050d6493@group-A78D897FDF61-LeaderElection18] INFO  server.RaftServerConfigKeys (ConfUtils.java:logGet(44)) - raft.server.write.byte-limit = 1073741824 (custom)
2020-05-07 05:22:15,292 [ee980e6c-318d-434c-9f48-1477050d6493@group-A78D897FDF61-LeaderElection18] INFO  server.RaftServerConfigKeys (ConfUtils.java:logGet(44)) - raft.server.watch.timeout = 180s (custom)
2020-05-07 05:22:15,292 [ee980e6c-318d-434c-9f48-1477050d6493@group-A78D897FDF61-LeaderElection18] INFO  server.RaftServerConfigKeys (ConfUtils.java:logGet(44)) - raft.server.watch.timeout.denomination = 1s (default)
2020-05-07 05:22:15,292 [ee980e6c-318d-434c-9f48-1477050d6493@group-A78D897FDF61-LeaderElection18] INFO  server.RaftServerConfigKeys (ConfUtils.java:logGet(44)) - raft.server.watch.element-limit = 65536 (default)
2020-05-07 05:22:15,292 [ee980e6c-318d-434c-9f48-1477050d6493@group-A78D897FDF61-LeaderElection18] INFO  server.RaftServerConfigKeys (ConfUtils.java:logGet(44)) - raft.server.log.appender.snapshot.chunk.size.max = 16MB (=16777216) (default)
2020-05-07 05:22:15,293 [ee980e6c-318d-434c-9f48-1477050d6493@group-A78D897FDF61-LeaderElection18] INFO  server.RaftServerConfigKeys (ConfUtils.java:logGet(44)) - raft.server.log.appender.buffer.byte-limit = 33554432 (custom)
2020-05-07 05:22:15,293 [ee980e6c-318d-434c-9f48-1477050d6493@group-A78D897FDF61-LeaderElection18] INFO  server.RaftServerConfigKeys (ConfUtils.java:logGet(44)) - raft.server.log.appender.buffer.element-limit = 1 (custom)
2020-05-07 05:22:15,293 [ee980e6c-318d-434c-9f48-1477050d6493@group-A78D897FDF61-LeaderElection18] INFO  grpc.GrpcConfigKeys (ConfUtils.java:logGet(44)) - raft.grpc.server.leader.outstanding.appends.max = 128 (default)
2020-05-07 05:22:15,293 [ee980e6c-318d-434c-9f48-1477050d6493@group-A78D897FDF61-LeaderElection18] INFO  server.RaftServerConfigKeys (ConfUtils.java:logGet(44)) - raft.server.rpc.request.timeout = 60s (custom)
2020-05-07 05:22:15,293 [ee980e6c-318d-434c-9f48-1477050d6493@group-A78D897FDF61-LeaderElection18] INFO  server.RaftServerConfigKeys (ConfUtils.java:logGet(44)) - raft.server.log.appender.install.snapshot.enabled = false (custom)
2020-05-07 05:22:15,294 [ee980e6c-318d-434c-9f48-1477050d6493@group-A78D897FDF61-LeaderElection18] INFO  server.RaftServerConfigKeys (ConfUtils.java:logGet(44)) - raft.server.log.appender.snapshot.chunk.size.max = 16MB (=16777216) (default)
2020-05-07 05:22:15,295 [EventQueue-PipelineReportForPipelineReportHandler] INFO  pipeline.PipelineStateManager (PipelineStateManager.java:openPipeline(131)) - Pipeline Pipeline[ Id: e1731129-1291-4c31-b202-a78d897fdf61, Nodes: ee980e6c-318d-434c-9f48-1477050d6493{ip: 172.17.0.2, host: b2266369218d, networkLocation: /default-rack, certSerialId: null}8d9d9f22-1b04-45e7-8887-14f2efe85604{ip: 172.17.0.2, host: b2266369218d, networkLocation: /default-rack, certSerialId: null}6f005c5b-3a07-4e39-8538-832f1c829f6a{ip: 172.17.0.2, host: b2266369218d, networkLocation: /default-rack, certSerialId: null}, Type:RATIS, Factor:THREE, State:ALLOCATED, leaderId:ee980e6c-318d-434c-9f48-1477050d6493, CreationTimestamp2020-05-07T05:22:01.574Z] moved to OPEN state
2020-05-07 05:22:15,296 [ee980e6c-318d-434c-9f48-1477050d6493@group-A78D897FDF61-LeaderElection18] INFO  server.RaftServerConfigKeys (ConfUtils.java:logGet(44)) - raft.server.log.appender.buffer.byte-limit = 33554432 (custom)
2020-05-07 05:22:15,297 [ee980e6c-318d-434c-9f48-1477050d6493@group-A78D897FDF61-LeaderElection18] INFO  server.RaftServerConfigKeys (ConfUtils.java:logGet(44)) - raft.server.log.appender.buffer.element-limit = 1 (custom)
2020-05-07 05:22:15,298 [ee980e6c-318d-434c-9f48-1477050d6493@group-A78D897FDF61-LeaderElection18] INFO  grpc.GrpcConfigKeys (ConfUtils.java:logGet(44)) - raft.grpc.server.leader.outstanding.appends.max = 128 (default)
2020-05-07 05:22:15,298 [ee980e6c-318d-434c-9f48-1477050d6493@group-A78D897FDF61-LeaderElection18] INFO  server.RaftServerConfigKeys (ConfUtils.java:logGet(44)) - raft.server.rpc.request.timeout = 60s (custom)
2020-05-07 05:22:15,298 [ee980e6c-318d-434c-9f48-1477050d6493@group-A78D897FDF61-LeaderElection18] INFO  server.RaftServerConfigKeys (ConfUtils.java:logGet(44)) - raft.server.log.appender.install.snapshot.enabled = false (custom)
2020-05-07 05:22:15,299 [ee980e6c-318d-434c-9f48-1477050d6493@group-A78D897FDF61-LeaderElection18] INFO  impl.RoleInfo (RoleInfo.java:updateAndGet(143)) - ee980e6c-318d-434c-9f48-1477050d6493: start LeaderState
2020-05-07 05:22:15,304 [ee980e6c-318d-434c-9f48-1477050d6493@group-A78D897FDF61-LeaderElection18] INFO  segmented.SegmentedRaftLogWorker (SegmentedRaftLogWorker.java:startLogSegment(391)) - ee980e6c-318d-434c-9f48-1477050d6493@group-A78D897FDF61-SegmentedRaftLogWorker: Starting segment from index:0
2020-05-07 05:22:15,306 [ee980e6c-318d-434c-9f48-1477050d6493@group-A78D897FDF61-SegmentedRaftLogWorker] INFO  segmented.SegmentedRaftLogWorker (SegmentedRaftLogWorker.java:execute(583)) - ee980e6c-318d-434c-9f48-1477050d6493@group-A78D897FDF61-SegmentedRaftLogWorker: created new log segment /github/workspace/mnt/ozone/hadoop-ozone/integration-test/target/test-dir/MiniOzoneClusterImpl-05740949-9c22-47e9-931e-531dd4a47486/datanode-1/data/ratis/e1731129-1291-4c31-b202-a78d897fdf61/current/log_inprogress_0
2020-05-07 05:22:15,311 [ee980e6c-318d-434c-9f48-1477050d6493@group-A78D897FDF61-LeaderElection18] INFO  impl.RaftServerImpl (ServerState.java:setRaftConf(356)) - ee980e6c-318d-434c-9f48-1477050d6493@group-A78D897FDF61: set configuration 0: [ee980e6c-318d-434c-9f48-1477050d6493:172.17.0.2:43929, 8d9d9f22-1b04-45e7-8887-14f2efe85604:172.17.0.2:46631, 6f005c5b-3a07-4e39-8538-832f1c829f6a:172.17.0.2:46159], old=null at 0
2020-05-07 05:22:15,318 [grpc-default-executor-5] INFO  ratis.XceiverServerRatis (XceiverServerRatis.java:handleLeaderChangedNotification(762)) - Leader change notification received for group: group-A78D897FDF61 with new leaderId: ee980e6c-318d-434c-9f48-1477050d6493
2020-05-07 05:22:15,318 [grpc-default-executor-5] INFO  impl.RaftServerImpl (ServerState.java:setLeader(255)) - 8d9d9f22-1b04-45e7-8887-14f2efe85604@group-A78D897FDF61: change Leader from null to ee980e6c-318d-434c-9f48-1477050d6493 at term 2 for appendEntries, leader elected after 10484ms
2020-05-07 05:22:15,320 [grpc-default-executor-5] INFO  impl.RaftServerImpl (ServerState.java:setRaftConf(356)) - 8d9d9f22-1b04-45e7-8887-14f2efe85604@group-A78D897FDF61: set configuration 0: [ee980e6c-318d-434c-9f48-1477050d6493:172.17.0.2:43929, 8d9d9f22-1b04-45e7-8887-14f2efe85604:172.17.0.2:46631, 6f005c5b-3a07-4e39-8538-832f1c829f6a:172.17.0.2:46159], old=null at 0
2020-05-07 05:22:15,320 [grpc-default-executor-5] INFO  segmented.SegmentedRaftLogWorker (SegmentedRaftLogWorker.java:startLogSegment(391)) - 8d9d9f22-1b04-45e7-8887-14f2efe85604@group-A78D897FDF61-SegmentedRaftLogWorker: Starting segment from index:0
2020-05-07 05:22:15,321 [8d9d9f22-1b04-45e7-8887-14f2efe85604@group-A78D897FDF61-SegmentedRaftLogWorker] INFO  segmented.SegmentedRaftLogWorker (SegmentedRaftLogWorker.java:execute(583)) - 8d9d9f22-1b04-45e7-8887-14f2efe85604@group-A78D897FDF61-SegmentedRaftLogWorker: created new log segment /github/workspace/mnt/ozone/hadoop-ozone/integration-test/target/test-dir/MiniOzoneClusterImpl-05740949-9c22-47e9-931e-531dd4a47486/datanode-2/data/ratis/e1731129-1291-4c31-b202-a78d897fdf61/current/log_inprogress_0
2020-05-07 05:22:15,324 [grpc-default-executor-2] INFO  impl.RaftServerImpl (RaftServerImpl.java:requestVote(818)) - ee980e6c-318d-434c-9f48-1477050d6493@group-A78D897FDF61-   LEADER: Withhold vote from candidate 6f005c5b-3a07-4e39-8538-832f1c829f6a with term 2. State: leader=ee980e6c-318d-434c-9f48-1477050d6493, term=2, lastRpcElapsed=null
2020-05-07 05:22:15,327 [6f005c5b-3a07-4e39-8538-832f1c829f6a@group-A78D897FDF61-LeaderElection19] INFO  impl.LeaderElection (LeaderElection.java:logAndReturn(61)) - 6f005c5b-3a07-4e39-8538-832f1c829f6a@group-A78D897FDF61-LeaderElection19: Election REJECTED; received 2 response(s) [6f005c5b-3a07-4e39-8538-832f1c829f6a<-ee980e6c-318d-434c-9f48-1477050d6493#0:FAIL-t2, 6f005c5b-3a07-4e39-8538-832f1c829f6a<-8d9d9f22-1b04-45e7-8887-14f2efe85604#0:FAIL-t2] and 0 exception(s); 6f005c5b-3a07-4e39-8538-832f1c829f6a@group-A78D897FDF61:t2, leader=null, voted=6f005c5b-3a07-4e39-8538-832f1c829f6a, raftlog=6f005c5b-3a07-4e39-8538-832f1c829f6a@group-A78D897FDF61-SegmentedRaftLog:OPENED:c-1,f-1,i0, conf=-1: [ee980e6c-318d-434c-9f48-1477050d6493:172.17.0.2:43929, 8d9d9f22-1b04-45e7-8887-14f2efe85604:172.17.0.2:46631, 6f005c5b-3a07-4e39-8538-832f1c829f6a:172.17.0.2:46159], old=null
2020-05-07 05:22:15,327 [6f005c5b-3a07-4e39-8538-832f1c829f6a@group-A78D897FDF61-LeaderElection19] INFO  impl.RaftServerImpl (RaftServerImpl.java:setRole(173)) - 6f005c5b-3a07-4e39-8538-832f1c829f6a@group-A78D897FDF61: changes role from CANDIDATE to FOLLOWER at term 2 for DISCOVERED_A_NEW_TERM
2020-05-07 05:22:15,328 [6f005c5b-3a07-4e39-8538-832f1c829f6a@group-A78D897FDF61-LeaderElection19] INFO  impl.RoleInfo (RoleInfo.java:shutdownLeaderElection(134)) - 6f005c5b-3a07-4e39-8538-832f1c829f6a: shutdown LeaderElection
2020-05-07 05:22:15,328 [6f005c5b-3a07-4e39-8538-832f1c829f6a@group-A78D897FDF61-LeaderElection19] INFO  impl.RoleInfo (RoleInfo.java:updateAndGet(143)) - 6f005c5b-3a07-4e39-8538-832f1c829f6a: start FollowerState
2020-05-07 05:22:15,332 [grpc-default-executor-5] INFO  ratis.XceiverServerRatis (XceiverServerRatis.java:handleLeaderChangedNotification(762)) - Leader change notification received for group: group-A78D897FDF61 with new leaderId: ee980e6c-318d-434c-9f48-1477050d6493
2020-05-07 05:22:15,334 [grpc-default-executor-5] INFO  impl.RaftServerImpl (ServerState.java:setLeader(255)) - 6f005c5b-3a07-4e39-8538-832f1c829f6a@group-A78D897FDF61: change Leader from null to ee980e6c-318d-434c-9f48-1477050d6493 at term 2 for appendEntries, leader elected after 10499ms
2020-05-07 05:22:15,335 [grpc-default-executor-5] INFO  impl.RaftServerImpl (ServerState.java:setRaftConf(356)) - 6f005c5b-3a07-4e39-8538-832f1c829f6a@group-A78D897FDF61: set configuration 0: [ee980e6c-318d-434c-9f48-1477050d6493:172.17.0.2:43929, 8d9d9f22-1b04-45e7-8887-14f2efe85604:172.17.0.2:46631, 6f005c5b-3a07-4e39-8538-832f1c829f6a:172.17.0.2:46159], old=null at 0
2020-05-07 05:22:15,336 [grpc-default-executor-5] INFO  segmented.SegmentedRaftLogWorker (SegmentedRaftLogWorker.java:startLogSegment(391)) - 6f005c5b-3a07-4e39-8538-832f1c829f6a@group-A78D897FDF61-SegmentedRaftLogWorker: Starting segment from index:0
2020-05-07 05:22:15,337 [6f005c5b-3a07-4e39-8538-832f1c829f6a@group-A78D897FDF61-SegmentedRaftLogWorker] INFO  segmented.SegmentedRaftLogWorker (SegmentedRaftLogWorker.java:execute(583)) - 6f005c5b-3a07-4e39-8538-832f1c829f6a@group-A78D897FDF61-SegmentedRaftLogWorker: created new log segment /github/workspace/mnt/ozone/hadoop-ozone/integration-test/target/test-dir/MiniOzoneClusterImpl-05740949-9c22-47e9-931e-531dd4a47486/datanode-0/data/ratis/e1731129-1291-4c31-b202-a78d897fdf61/current/log_inprogress_0
2020-05-07 05:22:15,556 [Thread-372] INFO  impl.FollowerState (FollowerState.java:run(108)) - a7b22bd6-1548-4dd4-8319-108e82584299@group-DB17BF18CAD5-FollowerState: change to CANDIDATE, lastRpcTime:5119ms, electionTimeout:5094ms
2020-05-07 05:22:15,556 [Thread-372] INFO  impl.RoleInfo (RoleInfo.java:shutdownFollowerState(121)) - a7b22bd6-1548-4dd4-8319-108e82584299: shutdown FollowerState
2020-05-07 05:22:15,556 [Thread-372] INFO  impl.RaftServerImpl (RaftServerImpl.java:setRole(173)) - a7b22bd6-1548-4dd4-8319-108e82584299@group-DB17BF18CAD5: changes role from  FOLLOWER to CANDIDATE at term 2 for changeToCandidate
2020-05-07 05:22:15,556 [Thread-372] INFO  impl.RoleInfo (RoleInfo.java:updateAndGet(143)) - a7b22bd6-1548-4dd4-8319-108e82584299: start LeaderElection
2020-05-07 05:22:15,558 [a7b22bd6-1548-4dd4-8319-108e82584299@group-DB17BF18CAD5-LeaderElection20] INFO  impl.LeaderElection (LeaderElection.java:askForVotes(206)) - a7b22bd6-1548-4dd4-8319-108e82584299@group-DB17BF18CAD5-LeaderElection20: begin an election at term 3 for -1: [a7b22bd6-1548-4dd4-8319-108e82584299:172.17.0.2:41095, 1d561850-96b7-413a-ba9b-809155ef9528:172.17.0.2:39163, d24c668a-8da2-49f7-9c88-63388abd62a3:172.17.0.2:41237], old=null
2020-05-07 05:22:15,564 [grpc-default-executor-5] INFO  impl.RaftServerImpl (RaftServerImpl.java:setRole(173)) - 1d561850-96b7-413a-ba9b-809155ef9528@group-DB17BF18CAD5: changes role from  FOLLOWER to FOLLOWER at term 3 for recognizeCandidate:a7b22bd6-1548-4dd4-8319-108e82584299
2020-05-07 05:22:15,564 [grpc-default-executor-5] INFO  impl.RoleInfo (RoleInfo.java:shutdownFollowerState(121)) - 1d561850-96b7-413a-ba9b-809155ef9528: shutdown FollowerState
2020-05-07 05:22:15,564 [grpc-default-executor-5] INFO  impl.RoleInfo (RoleInfo.java:updateAndGet(143)) - 1d561850-96b7-413a-ba9b-809155ef9528: start FollowerState
2020-05-07 05:22:15,565 [Thread-382] INFO  impl.FollowerState (FollowerState.java:run(117)) - 1d561850-96b7-413a-ba9b-809155ef9528@group-DB17BF18CAD5-FollowerState was interrupted: java.lang.InterruptedException: sleep interrupted
2020-05-07 05:22:15,571 [grpc-default-executor-5] INFO  impl.RaftServerImpl (RaftServerImpl.java:setRole(173)) - d24c668a-8da2-49f7-9c88-63388abd62a3@group-DB17BF18CAD5: changes role from  FOLLOWER to FOLLOWER at term 3 for recognizeCandidate:a7b22bd6-1548-4dd4-8319-108e82584299
2020-05-07 05:22:15,571 [grpc-default-executor-5] INFO  impl.RoleInfo (RoleInfo.java:shutdownFollowerState(121)) - d24c668a-8da2-49f7-9c88-63388abd62a3: shutdown FollowerState
2020-05-07 05:22:15,572 [grpc-default-executor-5] INFO  impl.RoleInfo (RoleInfo.java:updateAndGet(143)) - d24c668a-8da2-49f7-9c88-63388abd62a3: start FollowerState
2020-05-07 05:22:15,572 [Thread-384] INFO  impl.FollowerState (FollowerState.java:run(117)) - d24c668a-8da2-49f7-9c88-63388abd62a3@group-DB17BF18CAD5-FollowerState was interrupted: java.lang.InterruptedException: sleep interrupted
2020-05-07 05:22:15,578 [a7b22bd6-1548-4dd4-8319-108e82584299@group-DB17BF18CAD5-LeaderElection20] INFO  impl.LeaderElection (LeaderElection.java:logAndReturn(61)) - a7b22bd6-1548-4dd4-8319-108e82584299@group-DB17BF18CAD5-LeaderElection20: Election REJECTED; received 2 response(s) [a7b22bd6-1548-4dd4-8319-108e82584299<-1d561850-96b7-413a-ba9b-809155ef9528#0:FAIL-t3, a7b22bd6-1548-4dd4-8319-108e82584299<-d24c668a-8da2-49f7-9c88-63388abd62a3#0:FAIL-t3] and 0 exception(s); a7b22bd6-1548-4dd4-8319-108e82584299@group-DB17BF18CAD5:t3, leader=null, voted=a7b22bd6-1548-4dd4-8319-108e82584299, raftlog=a7b22bd6-1548-4dd4-8319-108e82584299@group-DB17BF18CAD5-SegmentedRaftLog:OPENED:c-1,f-1,i0, conf=-1: [a7b22bd6-1548-4dd4-8319-108e82584299:172.17.0.2:41095, 1d561850-96b7-413a-ba9b-809155ef9528:172.17.0.2:39163, d24c668a-8da2-49f7-9c88-63388abd62a3:172.17.0.2:41237], old=null
2020-05-07 05:22:15,578 [a7b22bd6-1548-4dd4-8319-108e82584299@group-DB17BF18CAD5-LeaderElection20] INFO  impl.RaftServerImpl (RaftServerImpl.java:setRole(173)) - a7b22bd6-1548-4dd4-8319-108e82584299@group-DB17BF18CAD5: changes role from CANDIDATE to FOLLOWER at term 3 for DISCOVERED_A_NEW_TERM
2020-05-07 05:22:15,578 [a7b22bd6-1548-4dd4-8319-108e82584299@group-DB17BF18CAD5-LeaderElection20] INFO  impl.RoleInfo (RoleInfo.java:shutdownLeaderElection(134)) - a7b22bd6-1548-4dd4-8319-108e82584299: shutdown LeaderElection
2020-05-07 05:22:15,581 [a7b22bd6-1548-4dd4-8319-108e82584299@group-DB17BF18CAD5-LeaderElection20] INFO  impl.RoleInfo (RoleInfo.java:updateAndGet(143)) - a7b22bd6-1548-4dd4-8319-108e82584299: start FollowerState
2020-05-07 05:22:20,579 [Thread-425] INFO  impl.FollowerState (FollowerState.java:run(108)) - 1d561850-96b7-413a-ba9b-809155ef9528@group-DB17BF18CAD5-FollowerState: change to CANDIDATE, lastRpcTime:5014ms, electionTimeout:5013ms
2020-05-07 05:22:20,580 [Thread-425] INFO  impl.RoleInfo (RoleInfo.java:shutdownFollowerState(121)) - 1d561850-96b7-413a-ba9b-809155ef9528: shutdown FollowerState
2020-05-07 05:22:20,580 [Thread-425] INFO  impl.RaftServerImpl (RaftServerImpl.java:setRole(173)) - 1d561850-96b7-413a-ba9b-809155ef9528@group-DB17BF18CAD5: changes role from  FOLLOWER to CANDIDATE at term 3 for changeToCandidate
2020-05-07 05:22:20,580 [Thread-425] INFO  impl.RoleInfo (RoleInfo.java:updateAndGet(143)) - 1d561850-96b7-413a-ba9b-809155ef9528: start LeaderElection
2020-05-07 05:22:20,585 [1d561850-96b7-413a-ba9b-809155ef9528@group-DB17BF18CAD5-LeaderElection21] INFO  impl.LeaderElection (LeaderElection.java:askForVotes(206)) - 1d561850-96b7-413a-ba9b-809155ef9528@group-DB17BF18CAD5-LeaderElection21: begin an election at term 4 for 0: [a7b22bd6-1548-4dd4-8319-108e82584299:172.17.0.2:41095, 1d561850-96b7-413a-ba9b-809155ef9528:172.17.0.2:39163, d24c668a-8da2-49f7-9c88-63388abd62a3:172.17.0.2:41237], old=null
2020-05-07 05:22:20,613 [grpc-default-executor-5] INFO  impl.RaftServerImpl (RaftServerImpl.java:setRole(173)) - a7b22bd6-1548-4dd4-8319-108e82584299@group-DB17BF18CAD5: changes role from  FOLLOWER to FOLLOWER at term 4 for recognizeCandidate:1d561850-96b7-413a-ba9b-809155ef9528
2020-05-07 05:22:20,613 [grpc-default-executor-5] INFO  impl.RoleInfo (RoleInfo.java:shutdownFollowerState(121)) - a7b22bd6-1548-4dd4-8319-108e82584299: shutdown FollowerState
2020-05-07 05:22:20,613 [grpc-default-executor-5] INFO  impl.RoleInfo (RoleInfo.java:updateAndGet(143)) - a7b22bd6-1548-4dd4-8319-108e82584299: start FollowerState
2020-05-07 05:22:20,613 [Thread-428] INFO  impl.FollowerState (FollowerState.java:run(117)) - a7b22bd6-1548-4dd4-8319-108e82584299@group-DB17BF18CAD5-FollowerState was interrupted: java.lang.InterruptedException: sleep interrupted
2020-05-07 05:22:20,630 [grpc-default-executor-2] INFO  impl.RaftServerImpl (RaftServerImpl.java:setRole(173)) - d24c668a-8da2-49f7-9c88-63388abd62a3@group-DB17BF18CAD5: changes role from  FOLLOWER to FOLLOWER at term 4 for recognizeCandidate:1d561850-96b7-413a-ba9b-809155ef9528
2020-05-07 05:22:20,630 [grpc-default-executor-2] INFO  impl.RoleInfo (RoleInfo.java:shutdownFollowerState(121)) - d24c668a-8da2-49f7-9c88-63388abd62a3: shutdown FollowerState
2020-05-07 05:22:20,630 [grpc-default-executor-2] INFO  impl.RoleInfo (RoleInfo.java:updateAndGet(143)) - d24c668a-8da2-49f7-9c88-63388abd62a3: start FollowerState
2020-05-07 05:22:20,630 [Thread-427] INFO  impl.FollowerState (FollowerState.java:run(117)) - d24c668a-8da2-49f7-9c88-63388abd62a3@group-DB17BF18CAD5-FollowerState was interrupted: java.lang.InterruptedException: sleep interrupted
2020-05-07 05:22:20,636 [1d561850-96b7-413a-ba9b-809155ef9528@group-DB17BF18CAD5-LeaderElection21] INFO  impl.LeaderElection (LeaderElection.java:logAndReturn(61)) - 1d561850-96b7-413a-ba9b-809155ef9528@group-DB17BF18CAD5-LeaderElection21: Election PASSED; received 1 response(s) [1d561850-96b7-413a-ba9b-809155ef9528<-a7b22bd6-1548-4dd4-8319-108e82584299#0:OK-t4] and 0 exception(s); 1d561850-96b7-413a-ba9b-809155ef9528@group-DB17BF18CAD5:t4, leader=null, voted=1d561850-96b7-413a-ba9b-809155ef9528, raftlog=1d561850-96b7-413a-ba9b-809155ef9528@group-DB17BF18CAD5-SegmentedRaftLog:OPENED:c0,f0,i0, conf=0: [a7b22bd6-1548-4dd4-8319-108e82584299:172.17.0.2:41095, 1d561850-96b7-413a-ba9b-809155ef9528:172.17.0.2:39163, d24c668a-8da2-49f7-9c88-63388abd62a3:172.17.0.2:41237], old=null
2020-05-07 05:22:20,636 [1d561850-96b7-413a-ba9b-809155ef9528@group-DB17BF18CAD5-LeaderElection21] INFO  impl.RoleInfo (RoleInfo.java:shutdownLeaderElection(134)) - 1d561850-96b7-413a-ba9b-809155ef9528: shutdown LeaderElection
2020-05-07 05:22:20,636 [1d561850-96b7-413a-ba9b-809155ef9528@group-DB17BF18CAD5-LeaderElection21] INFO  impl.RaftServerImpl (RaftServerImpl.java:setRole(173)) - 1d561850-96b7-413a-ba9b-809155ef9528@group-DB17BF18CAD5: changes role from CANDIDATE to LEADER at term 4 for changeToLeader
2020-05-07 05:22:20,637 [1d561850-96b7-413a-ba9b-809155ef9528@group-DB17BF18CAD5-LeaderElection21] INFO  ratis.XceiverServerRatis (XceiverServerRatis.java:handleLeaderChangedNotification(762)) - Leader change notification received for group: group-DB17BF18CAD5 with new leaderId: 1d561850-96b7-413a-ba9b-809155ef9528
2020-05-07 05:22:20,637 [1d561850-96b7-413a-ba9b-809155ef9528@group-DB17BF18CAD5-LeaderElection21] INFO  impl.RaftServerImpl (ServerState.java:setLeader(255)) - 1d561850-96b7-413a-ba9b-809155ef9528@group-DB17BF18CAD5: change Leader from null to 1d561850-96b7-413a-ba9b-809155ef9528 at term 4 for becomeLeader, leader elected after 10159ms
2020-05-07 05:22:20,637 [1d561850-96b7-413a-ba9b-809155ef9528@group-DB17BF18CAD5-LeaderElection21] INFO  server.RaftServerConfigKeys (ConfUtils.java:logGet(44)) - raft.server.staging.catchup.gap = 1000 (default)
2020-05-07 05:22:20,637 [1d561850-96b7-413a-ba9b-809155ef9528@group-DB17BF18CAD5-LeaderElection21] INFO  server.RaftServerConfigKeys (ConfUtils.java:logGet(44)) - raft.server.rpc.sleep.time = 25ms (default)
2020-05-07 05:22:20,637 [1d561850-96b7-413a-ba9b-809155ef9528@group-DB17BF18CAD5-LeaderElection21] INFO  metrics.RatisMetrics (RatisMetrics.java:lambda$create$0(39)) - Creating Metrics Registry : ratis.log_appender.1d561850-96b7-413a-ba9b-809155ef9528@group-DB17BF18CAD5
2020-05-07 05:22:20,637 [1d561850-96b7-413a-ba9b-809155ef9528@group-DB17BF18CAD5-LeaderElection21] INFO  server.RaftServerConfigKeys (ConfUtils.java:logGet(44)) - raft.server.write.element-limit = 1024 (custom)
2020-05-07 05:22:20,637 [1d561850-96b7-413a-ba9b-809155ef9528@group-DB17BF18CAD5-LeaderElection21] INFO  server.RaftServerConfigKeys (ConfUtils.java:logGet(44)) - raft.server.write.byte-limit = 1073741824 (custom)
2020-05-07 05:22:20,637 [1d561850-96b7-413a-ba9b-809155ef9528@group-DB17BF18CAD5-LeaderElection21] INFO  server.RaftServerConfigKeys (ConfUtils.java:logGet(44)) - raft.server.watch.timeout = 180s (custom)
2020-05-07 05:22:20,638 [1d561850-96b7-413a-ba9b-809155ef9528@group-DB17BF18CAD5-LeaderElection21] INFO  server.RaftServerConfigKeys (ConfUtils.java:logGet(44)) - raft.server.watch.timeout.denomination = 1s (default)
2020-05-07 05:22:20,638 [1d561850-96b7-413a-ba9b-809155ef9528@group-DB17BF18CAD5-LeaderElection21] INFO  server.RaftServerConfigKeys (ConfUtils.java:logGet(44)) - raft.server.watch.element-limit = 65536 (default)
2020-05-07 05:22:20,638 [1d561850-96b7-413a-ba9b-809155ef9528@group-DB17BF18CAD5-LeaderElection21] INFO  server.RaftServerConfigKeys (ConfUtils.java:logGet(44)) - raft.server.log.appender.snapshot.chunk.size.max = 16MB (=16777216) (default)
2020-05-07 05:22:20,638 [1d561850-96b7-413a-ba9b-809155ef9528@group-DB17BF18CAD5-LeaderElection21] INFO  server.RaftServerConfigKeys (ConfUtils.java:logGet(44)) - raft.server.log.appender.buffer.byte-limit = 33554432 (custom)
2020-05-07 05:22:20,638 [1d561850-96b7-413a-ba9b-809155ef9528@group-DB17BF18CAD5-LeaderElection21] INFO  server.RaftServerConfigKeys (ConfUtils.java:logGet(44)) - raft.server.log.appender.buffer.element-limit = 1 (custom)
2020-05-07 05:22:20,639 [1d561850-96b7-413a-ba9b-809155ef9528@group-DB17BF18CAD5-LeaderElection21] INFO  grpc.GrpcConfigKeys (ConfUtils.java:logGet(44)) - raft.grpc.server.leader.outstanding.appends.max = 128 (default)
2020-05-07 05:22:20,639 [1d561850-96b7-413a-ba9b-809155ef9528@group-DB17BF18CAD5-LeaderElection21] INFO  server.RaftServerConfigKeys (ConfUtils.java:logGet(44)) - raft.server.rpc.request.timeout = 60s (custom)
2020-05-07 05:22:20,641 [1d561850-96b7-413a-ba9b-809155ef9528@group-DB17BF18CAD5-LeaderElection21] INFO  server.RaftServerConfigKeys (ConfUtils.java:logGet(44)) - raft.server.log.appender.install.snapshot.enabled = false (custom)
2020-05-07 05:22:20,643 [1d561850-96b7-413a-ba9b-809155ef9528@group-DB17BF18CAD5-LeaderElection21] INFO  server.RaftServerConfigKeys (ConfUtils.java:logGet(44)) - raft.server.log.appender.snapshot.chunk.size.max = 16MB (=16777216) (default)
2020-05-07 05:22:20,643 [1d561850-96b7-413a-ba9b-809155ef9528@group-DB17BF18CAD5-LeaderElection21] INFO  server.RaftServerConfigKeys (ConfUtils.java:logGet(44)) - raft.server.log.appender.buffer.byte-limit = 33554432 (custom)
2020-05-07 05:22:20,643 [1d561850-96b7-413a-ba9b-809155ef9528@group-DB17BF18CAD5-LeaderElection21] INFO  server.RaftServerConfigKeys (ConfUtils.java:logGet(44)) - raft.server.log.appender.buffer.element-limit = 1 (custom)
2020-05-07 05:22:20,643 [1d561850-96b7-413a-ba9b-809155ef9528@group-DB17BF18CAD5-LeaderElection21] INFO  grpc.GrpcConfigKeys (ConfUtils.java:logGet(44)) - raft.grpc.server.leader.outstanding.appends.max = 128 (default)
2020-05-07 05:22:20,644 [1d561850-96b7-413a-ba9b-809155ef9528@group-DB17BF18CAD5-LeaderElection21] INFO  server.RaftServerConfigKeys (ConfUtils.java:logGet(44)) - raft.server.rpc.request.timeout = 60s (custom)
2020-05-07 05:22:20,644 [1d561850-96b7-413a-ba9b-809155ef9528@group-DB17BF18CAD5-LeaderElection21] INFO  server.RaftServerConfigKeys (ConfUtils.java:logGet(44)) - raft.server.log.appender.install.snapshot.enabled = false (custom)
2020-05-07 05:22:20,645 [1d561850-96b7-413a-ba9b-809155ef9528@group-DB17BF18CAD5-LeaderElection21] INFO  impl.RoleInfo (RoleInfo.java:updateAndGet(143)) - 1d561850-96b7-413a-ba9b-809155ef9528: start LeaderState
2020-05-07 05:22:20,647 [1d561850-96b7-413a-ba9b-809155ef9528@group-DB17BF18CAD5-LeaderElection21] INFO  segmented.SegmentedRaftLogWorker (SegmentedRaftLogWorker.java:rollLogSegment(396)) - 1d561850-96b7-413a-ba9b-809155ef9528@group-DB17BF18CAD5-SegmentedRaftLogWorker: Rolling segment log-0_0 to index:0
2020-05-07 05:22:20,656 [1d561850-96b7-413a-ba9b-809155ef9528@group-DB17BF18CAD5-SegmentedRaftLogWorker] INFO  segmented.SegmentedRaftLogWorker (SegmentedRaftLogWorker.java:execute(541)) - 1d561850-96b7-413a-ba9b-809155ef9528@group-DB17BF18CAD5-SegmentedRaftLogWorker: Rolled log segment from /github/workspace/mnt/ozone/hadoop-ozone/integration-test/target/test-dir/MiniOzoneClusterImpl-05740949-9c22-47e9-931e-531dd4a47486/datanode-6/data/ratis/e32e5c59-c9ec-4c85-9521-db17bf18cad5/current/log_inprogress_0 to /github/workspace/mnt/ozone/hadoop-ozone/integration-test/target/test-dir/MiniOzoneClusterImpl-05740949-9c22-47e9-931e-531dd4a47486/datanode-6/data/ratis/e32e5c59-c9ec-4c85-9521-db17bf18cad5/current/log_0-0
2020-05-07 05:22:20,660 [1d561850-96b7-413a-ba9b-809155ef9528@group-DB17BF18CAD5-SegmentedRaftLogWorker] INFO  segmented.SegmentedRaftLogWorker (SegmentedRaftLogWorker.java:execute(583)) - 1d561850-96b7-413a-ba9b-809155ef9528@group-DB17BF18CAD5-SegmentedRaftLogWorker: created new log segment /github/workspace/mnt/ozone/hadoop-ozone/integration-test/target/test-dir/MiniOzoneClusterImpl-05740949-9c22-47e9-931e-531dd4a47486/datanode-6/data/ratis/e32e5c59-c9ec-4c85-9521-db17bf18cad5/current/log_inprogress_1
2020-05-07 05:22:20,669 [grpc-default-executor-5] INFO  ratis.XceiverServerRatis (XceiverServerRatis.java:handleLeaderChangedNotification(762)) - Leader change notification received for group: group-DB17BF18CAD5 with new leaderId: 1d561850-96b7-413a-ba9b-809155ef9528
2020-05-07 05:22:20,683 [grpc-default-executor-5] INFO  impl.RaftServerImpl (ServerState.java:setLeader(255)) - a7b22bd6-1548-4dd4-8319-108e82584299@group-DB17BF18CAD5: change Leader from null to 1d561850-96b7-413a-ba9b-809155ef9528 at term 4 for appendEntries, leader elected after 15428ms
2020-05-07 05:22:20,683 [grpc-default-executor-5] INFO  impl.RaftServerImpl (RaftServerImpl.java:checkInconsistentAppendEntries(1078)) - a7b22bd6-1548-4dd4-8319-108e82584299@group-DB17BF18CAD5: Failed appendEntries as previous log entry ((t:1, i:0)) is not found
2020-05-07 05:22:20,683 [grpc-default-executor-5] INFO  impl.RaftServerImpl (RaftServerImpl.java:checkInconsistentAppendEntries(1044)) - a7b22bd6-1548-4dd4-8319-108e82584299@group-DB17BF18CAD5: inconsistency entries. Reply:1d561850-96b7-413a-ba9b-809155ef9528<-a7b22bd6-1548-4dd4-8319-108e82584299#0:FAIL,INCONSISTENCY,nextIndex:0,term:4,followerCommit:-1
2020-05-07 05:22:20,674 [1d561850-96b7-413a-ba9b-809155ef9528@group-DB17BF18CAD5-LeaderElection21] INFO  impl.RaftServerImpl (ServerState.java:setRaftConf(356)) - 1d561850-96b7-413a-ba9b-809155ef9528@group-DB17BF18CAD5: set configuration 1: [a7b22bd6-1548-4dd4-8319-108e82584299:172.17.0.2:41095, 1d561850-96b7-413a-ba9b-809155ef9528:172.17.0.2:39163, d24c668a-8da2-49f7-9c88-63388abd62a3:172.17.0.2:41237], old=null at 1
2020-05-07 05:22:20,685 [grpc-default-executor-2] INFO  impl.FollowerInfo (FollowerInfo.java:lambda$new$0(50)) - 1d561850-96b7-413a-ba9b-809155ef9528@group-DB17BF18CAD5->a7b22bd6-1548-4dd4-8319-108e82584299: nextIndex: updateUnconditionally 2 -> 0
2020-05-07 05:22:20,687 [grpc-default-executor-4] INFO  ratis.XceiverServerRatis (XceiverServerRatis.java:handleLeaderChangedNotification(762)) - Leader change notification received for group: group-DB17BF18CAD5 with new leaderId: 1d561850-96b7-413a-ba9b-809155ef9528
2020-05-07 05:22:20,687 [grpc-default-executor-4] INFO  impl.RaftServerImpl (ServerState.java:setLeader(255)) - d24c668a-8da2-49f7-9c88-63388abd62a3@group-DB17BF18CAD5: change Leader from null to 1d561850-96b7-413a-ba9b-809155ef9528 at term 4 for appendEntries, leader elected after 10158ms
2020-05-07 05:22:20,687 [grpc-default-executor-5] INFO  impl.RaftServerImpl (RaftServerImpl.java:checkInconsistentAppendEntries(1078)) - a7b22bd6-1548-4dd4-8319-108e82584299@group-DB17BF18CAD5: Failed appendEntries as previous log entry ((t:1, i:0)) is not found
2020-05-07 05:22:20,687 [grpc-default-executor-5] INFO  impl.RaftServerImpl (RaftServerImpl.java:checkInconsistentAppendEntries(1044)) - a7b22bd6-1548-4dd4-8319-108e82584299@group-DB17BF18CAD5: inconsistency entries. Reply:1d561850-96b7-413a-ba9b-809155ef9528<-a7b22bd6-1548-4dd4-8319-108e82584299#1:FAIL,INCONSISTENCY,nextIndex:0,term:4,followerCommit:-1
2020-05-07 05:22:20,689 [grpc-default-executor-2] INFO  impl.RaftServerImpl (ServerState.java:setRaftConf(356)) - a7b22bd6-1548-4dd4-8319-108e82584299@group-DB17BF18CAD5: set configuration 0: [a7b22bd6-1548-4dd4-8319-108e82584299:172.17.0.2:41095, 1d561850-96b7-413a-ba9b-809155ef9528:172.17.0.2:39163, d24c668a-8da2-49f7-9c88-63388abd62a3:172.17.0.2:41237], old=null at 0
2020-05-07 05:22:20,689 [grpc-default-executor-2] INFO  segmented.SegmentedRaftLogWorker (SegmentedRaftLogWorker.java:startLogSegment(391)) - a7b22bd6-1548-4dd4-8319-108e82584299@group-DB17BF18CAD5-SegmentedRaftLogWorker: Starting segment from index:0
2020-05-07 05:22:20,690 [grpc-default-executor-5] INFO  impl.FollowerInfo (FollowerInfo.java:lambda$new$0(50)) - 1d561850-96b7-413a-ba9b-809155ef9528@group-DB17BF18CAD5->a7b22bd6-1548-4dd4-8319-108e82584299: nextIndex: updateUnconditionally 2 -> 0
2020-05-07 05:22:20,697 [grpc-default-executor-2] INFO  impl.RaftServerImpl (ServerState.java:setRaftConf(356)) - d24c668a-8da2-49f7-9c88-63388abd62a3@group-DB17BF18CAD5: set configuration 1: [a7b22bd6-1548-4dd4-8319-108e82584299:172.17.0.2:41095, 1d561850-96b7-413a-ba9b-809155ef9528:172.17.0.2:39163, d24c668a-8da2-49f7-9c88-63388abd62a3:172.17.0.2:41237], old=null at 1
2020-05-07 05:22:20,697 [a7b22bd6-1548-4dd4-8319-108e82584299@group-DB17BF18CAD5-SegmentedRaftLogWorker] INFO  segmented.SegmentedRaftLogWorker (SegmentedRaftLogWorker.java:execute(583)) - a7b22bd6-1548-4dd4-8319-108e82584299@group-DB17BF18CAD5-SegmentedRaftLogWorker: created new log segment /github/workspace/mnt/ozone/hadoop-ozone/integration-test/target/test-dir/MiniOzoneClusterImpl-05740949-9c22-47e9-931e-531dd4a47486/datanode-7/data/ratis/e32e5c59-c9ec-4c85-9521-db17bf18cad5/current/log_inprogress_0
2020-05-07 05:22:20,698 [grpc-default-executor-2] INFO  segmented.SegmentedRaftLogWorker (SegmentedRaftLogWorker.java:rollLogSegment(396)) - d24c668a-8da2-49f7-9c88-63388abd62a3@group-DB17BF18CAD5-SegmentedRaftLogWorker: Rolling segment log-0_0 to index:0
2020-05-07 05:22:20,699 [grpc-default-executor-2] INFO  impl.RaftServerImpl (ServerState.java:setRaftConf(356)) - a7b22bd6-1548-4dd4-8319-108e82584299@group-DB17BF18CAD5: set configuration 1: [a7b22bd6-1548-4dd4-8319-108e82584299:172.17.0.2:41095, 1d561850-96b7-413a-ba9b-809155ef9528:172.17.0.2:39163, d24c668a-8da2-49f7-9c88-63388abd62a3:172.17.0.2:41237], old=null at 1
2020-05-07 05:22:20,699 [grpc-default-executor-2] INFO  segmented.SegmentedRaftLogWorker (SegmentedRaftLogWorker.java:rollLogSegment(396)) - a7b22bd6-1548-4dd4-8319-108e82584299@group-DB17BF18CAD5-SegmentedRaftLogWorker: Rolling segment log-0_0 to index:0
2020-05-07 05:22:20,700 [grpc-default-executor-2] INFO  impl.RaftServerImpl (ServerState.java:setRaftConf(356)) - a7b22bd6-1548-4dd4-8319-108e82584299@group-DB17BF18CAD5: set configuration 0: [a7b22bd6-1548-4dd4-8319-108e82584299:172.17.0.2:41095, 1d561850-96b7-413a-ba9b-809155ef9528:172.17.0.2:39163, d24c668a-8da2-49f7-9c88-63388abd62a3:172.17.0.2:41237], old=null at 0
2020-05-07 05:22:20,701 [grpc-default-executor-2] INFO  impl.RaftServerImpl (ServerState.java:setRaftConf(356)) - a7b22bd6-1548-4dd4-8319-108e82584299@group-DB17BF18CAD5: set configuration 1: [a7b22bd6-1548-4dd4-8319-108e82584299:172.17.0.2:41095, 1d561850-96b7-413a-ba9b-809155ef9528:172.17.0.2:39163, d24c668a-8da2-49f7-9c88-63388abd62a3:172.17.0.2:41237], old=null at 1
2020-05-07 05:22:20,703 [d24c668a-8da2-49f7-9c88-63388abd62a3@group-DB17BF18CAD5-SegmentedRaftLogWorker] INFO  segmented.SegmentedRaftLogWorker (SegmentedRaftLogWorker.java:execute(541)) - d24c668a-8da2-49f7-9c88-63388abd62a3@group-DB17BF18CAD5-SegmentedRaftLogWorker: Rolled log segment from /github/workspace/mnt/ozone/hadoop-ozone/integration-test/target/test-dir/MiniOzoneClusterImpl-05740949-9c22-47e9-931e-531dd4a47486/datanode-8/data/ratis/e32e5c59-c9ec-4c85-9521-db17bf18cad5/current/log_inprogress_0 to /github/workspace/mnt/ozone/hadoop-ozone/integration-test/target/test-dir/MiniOzoneClusterImpl-05740949-9c22-47e9-931e-531dd4a47486/datanode-8/data/ratis/e32e5c59-c9ec-4c85-9521-db17bf18cad5/current/log_0-0
2020-05-07 05:22:20,704 [d24c668a-8da2-49f7-9c88-63388abd62a3@group-DB17BF18CAD5-SegmentedRaftLogWorker] INFO  segmented.SegmentedRaftLogWorker (SegmentedRaftLogWorker.java:execute(583)) - d24c668a-8da2-49f7-9c88-63388abd62a3@group-DB17BF18CAD5-SegmentedRaftLogWorker: created new log segment /github/workspace/mnt/ozone/hadoop-ozone/integration-test/target/test-dir/MiniOzoneClusterImpl-05740949-9c22-47e9-931e-531dd4a47486/datanode-8/data/ratis/e32e5c59-c9ec-4c85-9521-db17bf18cad5/current/log_inprogress_1
2020-05-07 05:22:20,706 [a7b22bd6-1548-4dd4-8319-108e82584299@group-DB17BF18CAD5-SegmentedRaftLogWorker] INFO  segmented.SegmentedRaftLogWorker (SegmentedRaftLogWorker.java:execute(541)) - a7b22bd6-1548-4dd4-8319-108e82584299@group-DB17BF18CAD5-SegmentedRaftLogWorker: Rolled log segment from /github/workspace/mnt/ozone/hadoop-ozone/integration-test/target/test-dir/MiniOzoneClusterImpl-05740949-9c22-47e9-931e-531dd4a47486/datanode-7/data/ratis/e32e5c59-c9ec-4c85-9521-db17bf18cad5/current/log_inprogress_0 to /github/workspace/mnt/ozone/hadoop-ozone/integration-test/target/test-dir/MiniOzoneClusterImpl-05740949-9c22-47e9-931e-531dd4a47486/datanode-7/data/ratis/e32e5c59-c9ec-4c85-9521-db17bf18cad5/current/log_0-0
2020-05-07 05:22:20,712 [a7b22bd6-1548-4dd4-8319-108e82584299@group-DB17BF18CAD5-SegmentedRaftLogWorker] INFO  segmented.SegmentedRaftLogWorker (SegmentedRaftLogWorker.java:execute(583)) - a7b22bd6-1548-4dd4-8319-108e82584299@group-DB17BF18CAD5-SegmentedRaftLogWorker: created new log segment /github/workspace/mnt/ozone/hadoop-ozone/integration-test/target/test-dir/MiniOzoneClusterImpl-05740949-9c22-47e9-931e-531dd4a47486/datanode-7/data/ratis/e32e5c59-c9ec-4c85-9521-db17bf18cad5/current/log_inprogress_1
2020-05-07 05:22:22,824 [Datanode State Machine Thread - 0] INFO  statemachine.DatanodeStateMachine (DatanodeStateMachine.java:lambda$startDaemon$0(376)) - Ozone container server started.
2020-05-07 05:22:27,019 [main] INFO  ozoneimpl.OzoneContainer (OzoneContainer.java:stop(246)) - Attempting to stop container services.
2020-05-07 05:22:27,020 [main] INFO  impl.RaftServerProxy (RaftServerProxy.java:lambda$close$4(314)) - 1d561850-96b7-413a-ba9b-809155ef9528: close
2020-05-07 05:22:27,022 [main] INFO  impl.RaftServerImpl (RaftServerImpl.java:lambda$shutdown$3(250)) - 1d561850-96b7-413a-ba9b-809155ef9528@group-DB17BF18CAD5: shutdown
2020-05-07 05:22:27,022 [main] INFO  util.JmxRegister (JmxRegister.java:unregister(73)) - Successfully un-registered JMX Bean with object name Ratis:service=RaftServer,group=group-DB17BF18CAD5,id=1d561850-96b7-413a-ba9b-809155ef9528
2020-05-07 05:22:27,022 [main] INFO  impl.RoleInfo (RoleInfo.java:shutdownLeaderState(104)) - 1d561850-96b7-413a-ba9b-809155ef9528: shutdown LeaderState
2020-05-07 05:22:27,023 [org.apache.ratis.server.impl.LogAppender$AppenderDaemon$$Lambda$454/10340798@57b3e8c2] WARN  server.GrpcLogAppender (GrpcLogAppender.java:mayWait(153)) - 1d561850-96b7-413a-ba9b-809155ef9528@group-DB17BF18CAD5->a7b22bd6-1548-4dd4-8319-108e82584299-GrpcLogAppender: Wait interrupted by java.lang.InterruptedException
2020-05-07 05:22:27,024 [org.apache.ratis.server.impl.LogAppender$AppenderDaemon$$Lambda$454/10340798@2438f59a] WARN  server.GrpcLogAppender (GrpcLogAppender.java:mayWait(153)) - 1d561850-96b7-413a-ba9b-809155ef9528@group-DB17BF18CAD5->d24c668a-8da2-49f7-9c88-63388abd62a3-GrpcLogAppender: Wait interrupted by java.lang.InterruptedException
2020-05-07 05:22:27,025 [grpc-default-executor-2] INFO  server.GrpcServerProtocolService (GrpcServerProtocolService.java:onCompleted(137)) - d24c668a-8da2-49f7-9c88-63388abd62a3: Completed APPEND_ENTRIES, lastRequest: 1d561850-96b7-413a-ba9b-809155ef9528->d24c668a-8da2-49f7-9c88-63388abd62a3#6-t4, previous=(t:4, i:5), leaderCommit=4, initializing? false, entries: size=1, first=(t:4, i:6), METADATAENTRY(c:4)
2020-05-07 05:22:27,025 [grpc-default-executor-5] INFO  server.GrpcServerProtocolService (GrpcServerProtocolService.java:onCompleted(137)) - a7b22bd6-1548-4dd4-8319-108e82584299: Completed APPEND_ENTRIES, lastRequest: 1d561850-96b7-413a-ba9b-809155ef9528->a7b22bd6-1548-4dd4-8319-108e82584299#10-t4, previous=(t:4, i:5), leaderCommit=4, initializing? false, entries: size=1, first=(t:4, i:6), METADATAENTRY(c:4)
2020-05-07 05:22:27,024 [main] INFO  impl.PendingRequests (PendingRequests.java:sendNotLeaderResponses(242)) - 1d561850-96b7-413a-ba9b-809155ef9528@group-DB17BF18CAD5-PendingRequests: sendNotLeaderResponses
2020-05-07 05:22:27,026 [grpc-default-executor-4] INFO  server.GrpcLogAppender (GrpcLogAppender.java:onCompleted(309)) - 1d561850-96b7-413a-ba9b-809155ef9528@group-DB17BF18CAD5->d24c668a-8da2-49f7-9c88-63388abd62a3-AppendLogResponseHandler: follower responses appendEntries COMPLETED
2020-05-07 05:22:27,026 [grpc-default-executor-7] INFO  server.GrpcLogAppender (GrpcLogAppender.java:onCompleted(309)) - 1d561850-96b7-413a-ba9b-809155ef9528@group-DB17BF18CAD5->a7b22bd6-1548-4dd4-8319-108e82584299-AppendLogResponseHandler: follower responses appendEntries COMPLETED
2020-05-07 05:22:27,024 [ForkJoinPool.commonPool-worker-0] INFO  impl.RaftServerImpl (RaftServerImpl.java:lambda$shutdown$3(250)) - 1d561850-96b7-413a-ba9b-809155ef9528@group-5EEB00AF1FFD: shutdown
2020-05-07 05:22:27,035 [grpc-default-executor-4] INFO  impl.FollowerInfo (FollowerInfo.java:lambda$new$0(50)) - 1d561850-96b7-413a-ba9b-809155ef9528@group-DB17BF18CAD5->d24c668a-8da2-49f7-9c88-63388abd62a3: nextIndex: updateUnconditionally 7 -> 6
2020-05-07 05:22:27,035 [grpc-default-executor-7] INFO  impl.FollowerInfo (FollowerInfo.java:lambda$new$0(50)) - 1d561850-96b7-413a-ba9b-809155ef9528@group-DB17BF18CAD5->a7b22bd6-1548-4dd4-8319-108e82584299: nextIndex: updateUnconditionally 7 -> 6
2020-05-07 05:22:27,029 [main] INFO  metrics.RatisMetrics (RatisMetrics.java:unregister(46)) - Unregistering Metrics Registry : ratis.log_appender.1d561850-96b7-413a-ba9b-809155ef9528@group-DB17BF18CAD5
2020-05-07 05:22:27,037 [ForkJoinPool.commonPool-worker-0] INFO  util.JmxRegister (JmxRegister.java:unregister(73)) - Successfully un-registered JMX Bean with object name Ratis:service=RaftServer,group=group-5EEB00AF1FFD,id=1d561850-96b7-413a-ba9b-809155ef9528
2020-05-07 05:22:27,038 [ForkJoinPool.commonPool-worker-0] INFO  impl.RoleInfo (RoleInfo.java:shutdownLeaderState(104)) - 1d561850-96b7-413a-ba9b-809155ef9528: shutdown LeaderState
2020-05-07 05:22:27,038 [ForkJoinPool.commonPool-worker-0] INFO  impl.PendingRequests (PendingRequests.java:sendNotLeaderResponses(242)) - 1d561850-96b7-413a-ba9b-809155ef9528@group-5EEB00AF1FFD-PendingRequests: sendNotLeaderResponses
2020-05-07 05:22:27,038 [ForkJoinPool.commonPool-worker-0] INFO  metrics.RatisMetrics (RatisMetrics.java:unregister(46)) - Unregistering Metrics Registry : ratis.log_appender.1d561850-96b7-413a-ba9b-809155ef9528@group-5EEB00AF1FFD
2020-05-07 05:22:27,038 [1d561850-96b7-413a-ba9b-809155ef9528@group-DB17BF18CAD5-StateMachineUpdater] INFO  ratis.ContainerStateMachine (ContainerStateMachine.java:takeSnapshot(288)) - group-DB17BF18CAD5: Taking a snapshot at:(t:4, i:6) file /github/workspace/mnt/ozone/hadoop-ozone/integration-test/target/test-dir/MiniOzoneClusterImpl-05740949-9c22-47e9-931e-531dd4a47486/datanode-6/data/ratis/e32e5c59-c9ec-4c85-9521-db17bf18cad5/sm/snapshot.4_6
2020-05-07 05:22:27,038 [main] INFO  impl.StateMachineUpdater (StateMachineUpdater.java:stopAndJoin(142)) - 1d561850-96b7-413a-ba9b-809155ef9528@group-DB17BF18CAD5-StateMachineUpdater: set stopIndex = 6
2020-05-07 05:22:27,038 [ForkJoinPool.commonPool-worker-0] INFO  impl.StateMachineUpdater (StateMachineUpdater.java:stopAndJoin(142)) - 1d561850-96b7-413a-ba9b-809155ef9528@group-5EEB00AF1FFD-StateMachineUpdater: set stopIndex = 0
2020-05-07 05:22:27,043 [1d561850-96b7-413a-ba9b-809155ef9528@group-5EEB00AF1FFD-StateMachineUpdater] INFO  ratis.ContainerStateMachine (ContainerStateMachine.java:takeSnapshot(288)) - group-5EEB00AF1FFD: Taking a snapshot at:(t:1, i:0) file /github/workspace/mnt/ozone/hadoop-ozone/integration-test/target/test-dir/MiniOzoneClusterImpl-05740949-9c22-47e9-931e-531dd4a47486/datanode-6/data/ratis/49c0b3e4-3521-4d24-9d81-5eeb00af1ffd/sm/snapshot.1_0
2020-05-07 05:22:27,051 [1d561850-96b7-413a-ba9b-809155ef9528@group-5EEB00AF1FFD-StateMachineUpdater] INFO  ratis.ContainerStateMachine (ContainerStateMachine.java:takeSnapshot(299)) - group-5EEB00AF1FFD: Finished taking a snapshot at:(t:1, i:0) file:/github/workspace/mnt/ozone/hadoop-ozone/integration-test/target/test-dir/MiniOzoneClusterImpl-05740949-9c22-47e9-931e-531dd4a47486/datanode-6/data/ratis/49c0b3e4-3521-4d24-9d81-5eeb00af1ffd/sm/snapshot.1_0 time:8
2020-05-07 05:22:27,052 [1d561850-96b7-413a-ba9b-809155ef9528@group-5EEB00AF1FFD-StateMachineUpdater] INFO  impl.StateMachineUpdater (StateMachineUpdater.java:takeSnapshot(277)) - 1d561850-96b7-413a-ba9b-809155ef9528@group-5EEB00AF1FFD-StateMachineUpdater: Took a snapshot at index 0
2020-05-07 05:22:27,052 [1d561850-96b7-413a-ba9b-809155ef9528@group-5EEB00AF1FFD-StateMachineUpdater] INFO  impl.StateMachineUpdater (StateMachineUpdater.java:lambda$new$0(87)) - 1d561850-96b7-413a-ba9b-809155ef9528@group-5EEB00AF1FFD-StateMachineUpdater: snapshotIndex: updateIncreasingly -1 -> 0
2020-05-07 05:22:27,062 [1d561850-96b7-413a-ba9b-809155ef9528@group-5EEB00AF1FFD-StateMachineUpdater] INFO  metrics.RatisMetrics (RatisMetrics.java:unregister(46)) - Unregistering Metrics Registry : ratis.state_machine.1d561850-96b7-413a-ba9b-809155ef9528@group-5EEB00AF1FFD
2020-05-07 05:22:27,062 [ForkJoinPool.commonPool-worker-0] INFO  impl.RaftServerImpl (ServerState.java:close(387)) - 1d561850-96b7-413a-ba9b-809155ef9528@group-5EEB00AF1FFD: closes. applyIndex: 0
2020-05-07 05:22:27,062 [1d561850-96b7-413a-ba9b-809155ef9528@group-DB17BF18CAD5-StateMachineUpdater] INFO  ratis.ContainerStateMachine (ContainerStateMachine.java:takeSnapshot(299)) - group-DB17BF18CAD5: Finished taking a snapshot at:(t:4, i:6) file:/github/workspace/mnt/ozone/hadoop-ozone/integration-test/target/test-dir/MiniOzoneClusterImpl-05740949-9c22-47e9-931e-531dd4a47486/datanode-6/data/ratis/e32e5c59-c9ec-4c85-9521-db17bf18cad5/sm/snapshot.4_6 time:25
2020-05-07 05:22:27,063 [1d561850-96b7-413a-ba9b-809155ef9528@group-DB17BF18CAD5-StateMachineUpdater] INFO  impl.StateMachineUpdater (StateMachineUpdater.java:takeSnapshot(277)) - 1d561850-96b7-413a-ba9b-809155ef9528@group-DB17BF18CAD5-StateMachineUpdater: Took a snapshot at index 6
2020-05-07 05:22:27,063 [1d561850-96b7-413a-ba9b-809155ef9528@group-5EEB00AF1FFD-SegmentedRaftLogWorker] INFO  segmented.SegmentedRaftLogWorker (SegmentedRaftLogWorker.java:run(321)) - 1d561850-96b7-413a-ba9b-809155ef9528@group-5EEB00AF1FFD-SegmentedRaftLogWorker was interrupted, exiting. There are 0 tasks remaining in the queue.
2020-05-07 05:22:27,063 [1d561850-96b7-413a-ba9b-809155ef9528@group-DB17BF18CAD5-StateMachineUpdater] INFO  impl.StateMachineUpdater (StateMachineUpdater.java:lambda$new$0(87)) - 1d561850-96b7-413a-ba9b-809155ef9528@group-DB17BF18CAD5-StateMachineUpdater: snapshotIndex: updateIncreasingly -1 -> 6
2020-05-07 05:22:27,063 [1d561850-96b7-413a-ba9b-809155ef9528@group-DB17BF18CAD5-StateMachineUpdater] INFO  metrics.RatisMetrics (RatisMetrics.java:unregister(46)) - Unregistering Metrics Registry : ratis.state_machine.1d561850-96b7-413a-ba9b-809155ef9528@group-DB17BF18CAD5
2020-05-07 05:22:27,063 [main] INFO  impl.RaftServerImpl (ServerState.java:close(387)) - 1d561850-96b7-413a-ba9b-809155ef9528@group-DB17BF18CAD5: closes. applyIndex: 6
2020-05-07 05:22:27,064 [1d561850-96b7-413a-ba9b-809155ef9528@group-DB17BF18CAD5-SegmentedRaftLogWorker] INFO  segmented.SegmentedRaftLogWorker (SegmentedRaftLogWorker.java:run(321)) - 1d561850-96b7-413a-ba9b-809155ef9528@group-DB17BF18CAD5-SegmentedRaftLogWorker was interrupted, exiting. There are 0 tasks remaining in the queue.
2020-05-07 05:22:27,067 [ForkJoinPool.commonPool-worker-0] INFO  segmented.SegmentedRaftLogWorker (SegmentedRaftLogWorker.java:close(229)) - 1d561850-96b7-413a-ba9b-809155ef9528@group-5EEB00AF1FFD-SegmentedRaftLogWorker close()
2020-05-07 05:22:27,067 [main] INFO  segmented.SegmentedRaftLogWorker (SegmentedRaftLogWorker.java:close(229)) - 1d561850-96b7-413a-ba9b-809155ef9528@group-DB17BF18CAD5-SegmentedRaftLogWorker close()
2020-05-07 05:22:27,068 [main] INFO  metrics.RatisMetrics (RatisMetrics.java:unregister(46)) - Unregistering Metrics Registry : ratis.log_worker.1d561850-96b7-413a-ba9b-809155ef9528
2020-05-07 05:22:27,069 [ForkJoinPool.commonPool-worker-0] INFO  metrics.RatisMetrics (RatisMetrics.java:unregister(46)) - Unregistering Metrics Registry : ratis.log_worker.1d561850-96b7-413a-ba9b-809155ef9528
2020-05-07 05:22:27,069 [main] INFO  metrics.RatisMetrics (RatisMetrics.java:unregister(46)) - Unregistering Metrics Registry : ratis.leader_election.1d561850-96b7-413a-ba9b-809155ef9528@group-DB17BF18CAD5
2020-05-07 05:22:27,069 [ForkJoinPool.commonPool-worker-0] INFO  metrics.RatisMetrics (RatisMetrics.java:unregister(46)) - Unregistering Metrics Registry : ratis.leader_election.1d561850-96b7-413a-ba9b-809155ef9528@group-5EEB00AF1FFD
2020-05-07 05:22:27,069 [ForkJoinPool.commonPool-worker-0] INFO  metrics.RatisMetrics (RatisMetrics.java:unregister(46)) - Unregistering Metrics Registry : ratis.server.1d561850-96b7-413a-ba9b-809155ef9528@group-5EEB00AF1FFD
2020-05-07 05:22:27,069 [main] INFO  metrics.RatisMetrics (RatisMetrics.java:unregister(46)) - Unregistering Metrics Registry : ratis.server.1d561850-96b7-413a-ba9b-809155ef9528@group-DB17BF18CAD5
2020-05-07 05:22:27,070 [main] INFO  server.GrpcService (GrpcService.java:closeImpl(165)) - 1d561850-96b7-413a-ba9b-809155ef9528: shutdown server with port 39163 now
2020-05-07 05:22:27,078 [grpc-default-executor-7] WARN  client.GrpcClientProtocolService (LogUtils.java:warn(122)) - 6-UnorderedRequestStreamObserver6: onError: org.apache.ratis.thirdparty.io.grpc.StatusRuntimeException: CANCELLED: cancelled before receiving half close
2020-05-07 05:22:27,079 [main] INFO  server.GrpcService (GrpcService.java:closeImpl(173)) - 1d561850-96b7-413a-ba9b-809155ef9528: shutdown server with port 39163 successfully
2020-05-07 05:22:27,097 [main] INFO  utils.BackgroundService (BackgroundService.java:shutdown(157)) - Shutting down service BlockDeletingService
2020-05-07 05:22:27,100 [main] INFO  statemachine.DatanodeStateMachine (DatanodeStateMachine.java:stopDaemon(424)) - Ozone container server stopped.
2020-05-07 05:22:27,103 [main] INFO  handler.ContextHandler (ContextHandler.java:doStop(1016)) - Stopped o.e.j.w.WebAppContext@2b653f71{hddsDatanode,/,null,UNAVAILABLE}{jar:file:/home/user/.m2/repository/org/apache/hadoop/hadoop-hdds-container-service/0.6.0-SNAPSHOT/hadoop-hdds-container-service-0.6.0-SNAPSHOT.jar!/webapps/hddsDatanode}
2020-05-07 05:22:27,108 [main] INFO  server.AbstractConnector (AbstractConnector.java:doStop(380)) - Stopped ServerConnector@4c3a20cb{HTTP/1.1,[http/1.1]}{0.0.0.0:0}
2020-05-07 05:22:27,108 [main] INFO  server.session (HouseKeeper.java:stopScavenging(158)) - node0 Stopped scavenging
2020-05-07 05:22:27,108 [main] INFO  handler.ContextHandler (ContextHandler.java:doStop(1016)) - Stopped o.e.j.s.ServletContextHandler@6d9c3e3a{static,/static,jar:file:/home/user/.m2/repository/org/apache/hadoop/hadoop-hdds-container-service/0.6.0-SNAPSHOT/hadoop-hdds-container-service-0.6.0-SNAPSHOT.jar!/webapps/static,UNAVAILABLE}
2020-05-07 05:22:27,108 [main] INFO  handler.ContextHandler (ContextHandler.java:doStop(1016)) - Stopped o.e.j.s.ServletContextHandler@168dcfa2{logs,/logs,file:///github/workspace/mnt/ozone/hadoop-ozone/integration-test/target/log,UNAVAILABLE}
]]></system-out>
    <system-err><![CDATA[ERROR StatusLogger No Log4j 2 configuration file found. Using default configuration (logging only errors to the console), or user programmatically provided configurations. Set system property 'log4j2.debug' to show Log4j 2 internal initialization logging. See https://logging.apache.org/log4j/2.x/manual/configuration.html for instructions on how to configure Log4j 2
]]></system-err>
  </testcase>
</testsuite>