<?xml version="1.0" encoding="UTF-8"?>
<testsuite xmlns:xsi="http://www.w3.org/2001/XMLSchema-instance" xsi:noNamespaceSchemaLocation="https://maven.apache.org/surefire/maven-surefire-plugin/xsd/surefire-test-report.xsd" name="org.apache.hadoop.ozone.client.rpc.TestBlockOutputStreamWithFailuresFlushDelay" time="735.963" tests="8" errors="1" skipped="0" failures="0">
  <properties>
    <property name="awt.toolkit" value="sun.awt.X11.XToolkit"/>
    <property name="file.encoding.pkg" value="sun.io"/>
    <property name="java.specification.version" value="1.8"/>
    <property name="sun.cpu.isalist" value=""/>
    <property name="sun.jnu.encoding" value="ANSI_X3.4-1968"/>
    <property name="java.class.path" value="/github/workspace/mnt/ozone/hadoop-ozone/integration-test/target/test-classes:/github/workspace/mnt/ozone/hadoop-ozone/integration-test/target/classes:/home/user/.m2/repository/org/apache/hadoop/hadoop-ozone-common/1.2.0-SNAPSHOT/hadoop-ozone-common-1.2.0-SNAPSHOT.jar:/home/user/.m2/repository/org/apache/commons/commons-compress/1.20/commons-compress-1.20.jar:/home/user/.m2/repository/org/apache/hadoop/hadoop-hdds-common/1.2.0-SNAPSHOT/hadoop-hdds-common-1.2.0-SNAPSHOT.jar:/home/user/.m2/repository/org/apache/hadoop/hadoop-hdds-client/1.2.0-SNAPSHOT/hadoop-hdds-client-1.2.0-SNAPSHOT.jar:/home/user/.m2/repository/org/apache/hadoop/hadoop-ozone-interface-client/1.2.0-SNAPSHOT/hadoop-ozone-interface-client-1.2.0-SNAPSHOT.jar:/home/user/.m2/repository/org/apache/hadoop/hadoop-hdds-test-utils/1.2.0-SNAPSHOT/hadoop-hdds-test-utils-1.2.0-SNAPSHOT.jar:/home/user/.m2/repository/com/google/guava/guava/30.1.1-jre/guava-30.1.1-jre.jar:/home/user/.m2/repository/com/google/guava/failureaccess/1.0.1/failureaccess-1.0.1.jar:/home/user/.m2/repository/com/google/guava/listenablefuture/9999.0-empty-to-avoid-conflict-with-guava/listenablefuture-9999.0-empty-to-avoid-conflict-with-guava.jar:/home/user/.m2/repository/com/google/code/findbugs/jsr305/3.0.0/jsr305-3.0.0.jar:/home/user/.m2/repository/org/checkerframework/checker-qual/3.8.0/checker-qual-3.8.0.jar:/home/user/.m2/repository/com/google/errorprone/error_prone_annotations/2.2.0/error_prone_annotations-2.2.0.jar:/home/user/.m2/repository/com/google/j2objc/j2objc-annotations/1.3/j2objc-annotations-1.3.jar:/home/user/.m2/repository/commons-io/commons-io/2.8.0/commons-io-2.8.0.jar:/home/user/.m2/repository/commons-logging/commons-logging/1.2/commons-logging-1.2.jar:/home/user/.m2/repository/log4j/log4j/1.2.17/log4j-1.2.17.jar:/home/user/.m2/repository/org/slf4j/slf4j-api/1.7.30/slf4j-api-1.7.30.jar:/home/user/.m2/repository/org/apache/hadoop/hadoop-hdds-server-scm/1.2.0-SNAPSHOT/hadoop-hdds-server-scm-1.2.0-SNAPSHOT.jar:/home/user/.m2/repository/org/apache/hadoop/hadoop-hdds-container-service/1.2.0-SNAPSHOT/hadoop-hdds-container-service-1.2.0-SNAPSHOT.jar:/home/user/.m2/repository/org/apache/hadoop/hadoop-hdds-hadoop-dependency-server/1.2.0-SNAPSHOT/hadoop-hdds-hadoop-dependency-server-1.2.0-SNAPSHOT.jar:/home/user/.m2/repository/org/apache/hadoop/hadoop-hdfs/3.2.2/hadoop-hdfs-3.2.2.jar:/home/user/.m2/repository/org/apache/hadoop/hadoop-hdds-server-framework/1.2.0-SNAPSHOT/hadoop-hdds-server-framework-1.2.0-SNAPSHOT.jar:/home/user/.m2/repository/org/apache/hadoop/hadoop-hdds-interface-server/1.2.0-SNAPSHOT/hadoop-hdds-interface-server-1.2.0-SNAPSHOT.jar:/home/user/.m2/repository/org/eclipse/jetty/jetty-servlet/9.4.35.v20201120/jetty-servlet-9.4.35.v20201120.jar:/home/user/.m2/repository/org/eclipse/jetty/jetty-security/9.4.35.v20201120/jetty-security-9.4.35.v20201120.jar:/home/user/.m2/repository/org/rocksdb/rocksdbjni/6.20.3/rocksdbjni-6.20.3.jar:/home/user/.m2/repository/io/prometheus/simpleclient_dropwizard/0.7.0/simpleclient_dropwizard-0.7.0.jar:/home/user/.m2/repository/io/prometheus/simpleclient/0.7.0/simpleclient-0.7.0.jar:/home/user/.m2/repository/io/prometheus/simpleclient_common/0.7.0/simpleclient_common-0.7.0.jar:/home/user/.m2/repository/com/fasterxml/jackson/datatype/jackson-datatype-jsr310/2.12.1/jackson-datatype-jsr310-2.12.1.jar:/home/user/.m2/repository/io/dropwizard/metrics/metrics-core/3.2.4/metrics-core-3.2.4.jar:/home/user/.m2/repository/org/apache/hadoop/hadoop-hdfs-client/3.2.2/hadoop-hdfs-client-3.2.2.jar:/home/user/.m2/repository/org/bouncycastle/bcprov-jdk15on/1.67/bcprov-jdk15on-1.67.jar:/home/user/.m2/repository/com/google/protobuf/protobuf-java/2.5.0/protobuf-java-2.5.0.jar:/home/user/.m2/repository/org/apache/hadoop/hadoop-ozone-ozone-manager/1.2.0-SNAPSHOT/hadoop-ozone-ozone-manager-1.2.0-SNAPSHOT.jar:/home/user/.m2/repository/org/apache/hadoop/hadoop-hdds-interface-client/1.2.0-SNAPSHOT/hadoop-hdds-interface-client-1.2.0-SNAPSHOT.jar:/home/user/.m2/repository/org/apache/ratis/ratis-thirdparty-misc/0.7.0-a398b19-SNAPSHOT/ratis-thirdparty-misc-0.7.0-a398b19-SNAPSHOT.jar:/home/user/.m2/repository/org/apache/hadoop/hadoop-ozone-interface-storage/1.2.0-SNAPSHOT/hadoop-ozone-interface-storage-1.2.0-SNAPSHOT.jar:/home/user/.m2/repository/org/apache/hadoop/hadoop-minikdc/3.2.2/hadoop-minikdc-3.2.2.jar:/home/user/.m2/repository/org/apache/kerby/kerb-simplekdc/1.0.1/kerb-simplekdc-1.0.1.jar:/home/user/.m2/repository/org/apache/kerby/kerb-client/1.0.1/kerb-client-1.0.1.jar:/home/user/.m2/repository/org/apache/kerby/kerby-config/1.0.1/kerby-config-1.0.1.jar:/home/user/.m2/repository/org/apache/kerby/kerb-core/1.0.1/kerb-core-1.0.1.jar:/home/user/.m2/repository/org/apache/kerby/kerby-pkix/1.0.1/kerby-pkix-1.0.1.jar:/home/user/.m2/repository/org/apache/kerby/kerby-asn1/1.0.1/kerby-asn1-1.0.1.jar:/home/user/.m2/repository/org/apache/kerby/kerby-util/1.0.1/kerby-util-1.0.1.jar:/home/user/.m2/repository/org/apache/kerby/kerb-common/1.0.1/kerb-common-1.0.1.jar:/home/user/.m2/repository/org/apache/kerby/kerb-crypto/1.0.1/kerb-crypto-1.0.1.jar:/home/user/.m2/repository/org/apache/kerby/kerb-util/1.0.1/kerb-util-1.0.1.jar:/home/user/.m2/repository/org/apache/kerby/token-provider/1.0.1/token-provider-1.0.1.jar:/home/user/.m2/repository/org/apache/kerby/kerb-admin/1.0.1/kerb-admin-1.0.1.jar:/home/user/.m2/repository/org/apache/kerby/kerb-server/1.0.1/kerb-server-1.0.1.jar:/home/user/.m2/repository/org/apache/kerby/kerb-identity/1.0.1/kerb-identity-1.0.1.jar:/home/user/.m2/repository/org/apache/kerby/kerby-xdr/1.0.1/kerby-xdr-1.0.1.jar:/home/user/.m2/repository/org/slf4j/slf4j-log4j12/1.7.30/slf4j-log4j12-1.7.30.jar:/home/user/.m2/repository/org/apache/hadoop/hadoop-ozone-s3gateway/1.2.0-SNAPSHOT/hadoop-ozone-s3gateway-1.2.0-SNAPSHOT.jar:/home/user/.m2/repository/org/jboss/weld/servlet/weld-servlet/2.4.7.Final/weld-servlet-2.4.7.Final.jar:/home/user/.m2/repository/org/glassfish/jersey/containers/jersey-container-servlet-core/2.33/jersey-container-servlet-core-2.33.jar:/home/user/.m2/repository/org/glassfish/hk2/external/jakarta.inject/2.6.1/jakarta.inject-2.6.1.jar:/home/user/.m2/repository/org/glassfish/jersey/core/jersey-common/2.33/jersey-common-2.33.jar:/home/user/.m2/repository/jakarta/ws/rs/jakarta.ws.rs-api/2.1.6/jakarta.ws.rs-api-2.1.6.jar:/home/user/.m2/repository/org/glassfish/jersey/ext/cdi/jersey-cdi1x/2.33/jersey-cdi1x-2.33.jar:/home/user/.m2/repository/org/glassfish/jersey/inject/jersey-hk2/2.33/jersey-hk2-2.33.jar:/home/user/.m2/repository/org/glassfish/hk2/hk2-locator/2.6.1/hk2-locator-2.6.1.jar:/home/user/.m2/repository/org/javassist/javassist/3.25.0-GA/javassist-3.25.0-GA.jar:/home/user/.m2/repository/org/glassfish/jersey/media/jersey-media-jaxb/2.33/jersey-media-jaxb-2.33.jar:/home/user/.m2/repository/org/glassfish/hk2/osgi-resource-locator/1.0.3/osgi-resource-locator-1.0.3.jar:/home/user/.m2/repository/org/glassfish/hk2/hk2-api/2.5.0/hk2-api-2.5.0.jar:/home/user/.m2/repository/org/glassfish/hk2/hk2-utils/2.5.0/hk2-utils-2.5.0.jar:/home/user/.m2/repository/org/glassfish/hk2/external/aopalliance-repackaged/2.5.0/aopalliance-repackaged-2.5.0.jar:/home/user/.m2/repository/com/fasterxml/jackson/dataformat/jackson-dataformat-xml/2.12.1/jackson-dataformat-xml-2.12.1.jar:/home/user/.m2/repository/com/fasterxml/jackson/core/jackson-core/2.12.1/jackson-core-2.12.1.jar:/home/user/.m2/repository/com/fasterxml/jackson/module/jackson-module-jaxb-annotations/2.12.1/jackson-module-jaxb-annotations-2.12.1.jar:/home/user/.m2/repository/jakarta/xml/bind/jakarta.xml.bind-api/2.3.2/jakarta.xml.bind-api-2.3.2.jar:/home/user/.m2/repository/jakarta/activation/jakarta.activation-api/1.2.1/jakarta.activation-api-1.2.1.jar:/home/user/.m2/repository/org/codehaus/woodstox/stax2-api/3.1.4/stax2-api-3.1.4.jar:/home/user/.m2/repository/com/fasterxml/woodstox/woodstox-core/5.0.3/woodstox-core-5.0.3.jar:/home/user/.m2/repository/javax/enterprise/cdi-api/1.2/cdi-api-1.2.jar:/home/user/.m2/repository/javax/el/javax.el-api/3.0.0/javax.el-api-3.0.0.jar:/home/user/.m2/repository/javax/interceptor/javax.interceptor-api/1.2/javax.interceptor-api-1.2.jar:/home/user/.m2/repository/javax/inject/javax.inject/1/javax.inject-1.jar:/home/user/.m2/repository/javax/xml/bind/jaxb-api/2.3.0/jaxb-api-2.3.0.jar:/home/user/.m2/repository/org/glassfish/jaxb/jaxb-runtime/2.3.0.1/jaxb-runtime-2.3.0.1.jar:/home/user/.m2/repository/org/glassfish/jaxb/jaxb-core/2.3.0.1/jaxb-core-2.3.0.1.jar:/home/user/.m2/repository/org/glassfish/jaxb/txw2/2.3.0.1/txw2-2.3.0.1.jar:/home/user/.m2/repository/com/sun/istack/istack-commons-runtime/3.0.5/istack-commons-runtime-3.0.5.jar:/home/user/.m2/repository/org/jvnet/staxex/stax-ex/1.7.8/stax-ex-1.7.8.jar:/home/user/.m2/repository/com/sun/xml/fastinfoset/FastInfoset/1.2.13/FastInfoset-1.2.13.jar:/home/user/.m2/repository/javax/activation/activation/1.1.1/activation-1.1.1.jar:/home/user/.m2/repository/org/apache/hadoop/hadoop-ozone-csi/1.2.0-SNAPSHOT/hadoop-ozone-csi-1.2.0-SNAPSHOT.jar:/home/user/.m2/repository/com/google/protobuf/protobuf-java-util/3.12.0/protobuf-java-util-3.12.0.jar:/home/user/.m2/repository/com/google/code/gson/gson/2.2.4/gson-2.2.4.jar:/home/user/.m2/repository/org/apache/hadoop/hadoop-hdds-config/1.2.0-SNAPSHOT/hadoop-hdds-config-1.2.0-SNAPSHOT.jar:/home/user/.m2/repository/io/grpc/grpc-netty/1.33.0/grpc-netty-1.33.0.jar:/home/user/.m2/repository/io/grpc/grpc-core/1.33.0/grpc-core-1.33.0.jar:/home/user/.m2/repository/com/google/android/annotations/4.1.1.4/annotations-4.1.1.4.jar:/home/user/.m2/repository/io/netty/netty-codec-http2/4.1.51.Final/netty-codec-http2-4.1.51.Final.jar:/home/user/.m2/repository/io/netty/netty-codec/4.1.51.Final/netty-codec-4.1.51.Final.jar:/home/user/.m2/repository/io/netty/netty-handler/4.1.51.Final/netty-handler-4.1.51.Final.jar:/home/user/.m2/repository/io/netty/netty-codec-http/4.1.51.Final/netty-codec-http-4.1.51.Final.jar:/home/user/.m2/repository/io/netty/netty-handler-proxy/4.1.51.Final/netty-handler-proxy-4.1.51.Final.jar:/home/user/.m2/repository/io/netty/netty-codec-socks/4.1.51.Final/netty-codec-socks-4.1.51.Final.jar:/home/user/.m2/repository/io/perfmark/perfmark-api/0.19.0/perfmark-api-0.19.0.jar:/home/user/.m2/repository/org/codehaus/mojo/animal-sniffer-annotations/1.18/animal-sniffer-annotations-1.18.jar:/home/user/.m2/repository/io/netty/netty-transport-native-epoll/4.1.63.Final/netty-transport-native-epoll-4.1.63.Final.jar:/home/user/.m2/repository/io/netty/netty-common/4.1.63.Final/netty-common-4.1.63.Final.jar:/home/user/.m2/repository/io/netty/netty-buffer/4.1.63.Final/netty-buffer-4.1.63.Final.jar:/home/user/.m2/repository/io/netty/netty-transport/4.1.63.Final/netty-transport-4.1.63.Final.jar:/home/user/.m2/repository/io/netty/netty-resolver/4.1.63.Final/netty-resolver-4.1.63.Final.jar:/home/user/.m2/repository/io/netty/netty-transport-native-unix-common/4.1.63.Final/netty-transport-native-unix-common-4.1.63.Final.jar:/home/user/.m2/repository/io/grpc/grpc-protobuf/1.33.0/grpc-protobuf-1.33.0.jar:/home/user/.m2/repository/io/grpc/grpc-api/1.33.0/grpc-api-1.33.0.jar:/home/user/.m2/repository/io/grpc/grpc-context/1.33.0/grpc-context-1.33.0.jar:/home/user/.m2/repository/com/google/api/grpc/proto-google-common-protos/1.17.0/proto-google-common-protos-1.17.0.jar:/home/user/.m2/repository/io/grpc/grpc-protobuf-lite/1.33.0/grpc-protobuf-lite-1.33.0.jar:/home/user/.m2/repository/io/grpc/grpc-stub/1.33.0/grpc-stub-1.33.0.jar:/home/user/.m2/repository/org/apache/hadoop/hadoop-ozone-recon/1.2.0-SNAPSHOT/hadoop-ozone-recon-1.2.0-SNAPSHOT.jar:/home/user/.m2/repository/org/apache/hadoop/hadoop-ozone-reconcodegen/1.2.0-SNAPSHOT/hadoop-ozone-reconcodegen-1.2.0-SNAPSHOT.jar:/home/user/.m2/repository/com/google/inject/extensions/guice-multibindings/4.0/guice-multibindings-4.0.jar:/home/user/.m2/repository/com/google/inject/guice/4.0/guice-4.0.jar:/home/user/.m2/repository/aopalliance/aopalliance/1.0/aopalliance-1.0.jar:/home/user/.m2/repository/com/google/inject/extensions/guice-assistedinject/4.0/guice-assistedinject-4.0.jar:/home/user/.m2/repository/com/google/inject/extensions/guice-servlet/4.0/guice-servlet-4.0.jar:/home/user/.m2/repository/org/glassfish/jersey/containers/jersey-container-servlet/2.33/jersey-container-servlet-2.33.jar:/home/user/.m2/repository/org/glassfish/hk2/guice-bridge/2.5.0/guice-bridge-2.5.0.jar:/home/user/.m2/repository/org/glassfish/jersey/core/jersey-server/2.33/jersey-server-2.33.jar:/home/user/.m2/repository/org/glassfish/jersey/core/jersey-client/2.33/jersey-client-2.33.jar:/home/user/.m2/repository/jakarta/annotation/jakarta.annotation-api/1.3.5/jakarta.annotation-api-1.3.5.jar:/home/user/.m2/repository/jakarta/validation/jakarta.validation-api/2.0.2/jakarta.validation-api-2.0.2.jar:/home/user/.m2/repository/org/glassfish/jersey/media/jersey-media-json-jackson/2.33/jersey-media-json-jackson-2.33.jar:/home/user/.m2/repository/org/glassfish/jersey/ext/jersey-entity-filtering/2.33/jersey-entity-filtering-2.33.jar:/home/user/.m2/repository/org/jooq/jooq/3.11.10/jooq-3.11.10.jar:/home/user/.m2/repository/org/jooq/jooq-meta/3.11.10/jooq-meta-3.11.10.jar:/home/user/.m2/repository/org/jooq/jooq-codegen/3.11.10/jooq-codegen-3.11.10.jar:/home/user/.m2/repository/com/jolbox/bonecp/0.8.0.RELEASE/bonecp-0.8.0.RELEASE.jar:/home/user/.m2/repository/org/apache/derby/derby/10.14.2.0/derby-10.14.2.0.jar:/home/user/.m2/repository/org/xerial/sqlite-jdbc/3.25.2/sqlite-jdbc-3.25.2.jar:/home/user/.m2/repository/org/springframework/spring-jdbc/5.2.11.RELEASE/spring-jdbc-5.2.11.RELEASE.jar:/home/user/.m2/repository/org/springframework/spring-beans/5.2.11.RELEASE/spring-beans-5.2.11.RELEASE.jar:/home/user/.m2/repository/org/springframework/spring-core/5.2.11.RELEASE/spring-core-5.2.11.RELEASE.jar:/home/user/.m2/repository/org/springframework/spring-jcl/5.2.11.RELEASE/spring-jcl-5.2.11.RELEASE.jar:/home/user/.m2/repository/org/springframework/spring-tx/5.2.11.RELEASE/spring-tx-5.2.11.RELEASE.jar:/home/user/.m2/repository/org/apache/hadoop/hadoop-ozone-client/1.2.0-SNAPSHOT/hadoop-ozone-client-1.2.0-SNAPSHOT.jar:/home/user/.m2/repository/org/apache/hadoop/hadoop-ozone-filesystem/1.2.0-SNAPSHOT/hadoop-ozone-filesystem-1.2.0-SNAPSHOT.jar:/home/user/.m2/repository/org/apache/hadoop/hadoop-ozone-filesystem-common/1.2.0-SNAPSHOT/hadoop-ozone-filesystem-common-1.2.0-SNAPSHOT.jar:/home/user/.m2/repository/org/apache/hadoop/hadoop-ozone-tools/1.2.0-SNAPSHOT/hadoop-ozone-tools-1.2.0-SNAPSHOT.jar:/home/user/.m2/repository/org/apache/ratis/ratis-tools/2.1.0-ff8aa66-SNAPSHOT/ratis-tools-2.1.0-ff8aa66-SNAPSHOT.jar:/home/user/.m2/repository/org/apache/ratis/ratis-proto/2.1.0-ff8aa66-SNAPSHOT/ratis-proto-2.1.0-ff8aa66-SNAPSHOT.jar:/home/user/.m2/repository/org/apache/ratis/ratis-common/2.1.0-ff8aa66-SNAPSHOT/ratis-common-2.1.0-ff8aa66-SNAPSHOT.jar:/home/user/.m2/repository/com/amazonaws/aws-java-sdk-core/1.11.901/aws-java-sdk-core-1.11.901.jar:/home/user/.m2/repository/org/apache/httpcomponents/httpclient/4.5.13/httpclient-4.5.13.jar:/home/user/.m2/repository/org/apache/httpcomponents/httpcore/4.4.13/httpcore-4.4.13.jar:/home/user/.m2/repository/software/amazon/ion/ion-java/1.0.2/ion-java-1.0.2.jar:/home/user/.m2/repository/com/fasterxml/jackson/dataformat/jackson-dataformat-cbor/2.12.1/jackson-dataformat-cbor-2.12.1.jar:/home/user/.m2/repository/joda-time/joda-time/2.8.1/joda-time-2.8.1.jar:/home/user/.m2/repository/com/amazonaws/aws-java-sdk-s3/1.11.901/aws-java-sdk-s3-1.11.901.jar:/home/user/.m2/repository/com/amazonaws/aws-java-sdk-kms/1.11.901/aws-java-sdk-kms-1.11.901.jar:/home/user/.m2/repository/com/amazonaws/jmespath-java/1.11.901/jmespath-java-1.11.901.jar:/home/user/.m2/repository/org/kohsuke/metainf-services/metainf-services/1.8/metainf-services-1.8.jar:/home/user/.m2/repository/org/apache/hadoop/hadoop-hdds-tools/1.2.0-SNAPSHOT/hadoop-hdds-tools-1.2.0-SNAPSHOT.jar:/home/user/.m2/repository/commons-cli/commons-cli/1.2/commons-cli-1.2.jar:/home/user/.m2/repository/org/apache/commons/commons-lang3/3.7/commons-lang3-3.7.jar:/home/user/.m2/repository/org/apache/hadoop/hadoop-ozone-ozone-manager/1.2.0-SNAPSHOT/hadoop-ozone-ozone-manager-1.2.0-SNAPSHOT-tests.jar:/home/user/.m2/repository/org/apache/hadoop/hadoop-hdds-common/1.2.0-SNAPSHOT/hadoop-hdds-common-1.2.0-SNAPSHOT-tests.jar:/home/user/.m2/repository/org/apache/hadoop/hadoop-hdds-hadoop-dependency-client/1.2.0-SNAPSHOT/hadoop-hdds-hadoop-dependency-client-1.2.0-SNAPSHOT.jar:/home/user/.m2/repository/info/picocli/picocli/4.4.0/picocli-4.4.0.jar:/home/user/.m2/repository/com/fasterxml/jackson/core/jackson-annotations/2.12.1/jackson-annotations-2.12.1.jar:/home/user/.m2/repository/javax/annotation/javax.annotation-api/1.2/javax.annotation-api-1.2.jar:/home/user/.m2/repository/org/fusesource/leveldbjni/leveldbjni-all/1.8/leveldbjni-all-1.8.jar:/home/user/.m2/repository/org/apache/ratis/ratis-server/2.1.0-ff8aa66-SNAPSHOT/ratis-server-2.1.0-ff8aa66-SNAPSHOT.jar:/home/user/.m2/repository/org/apache/ratis/ratis-client/2.1.0-ff8aa66-SNAPSHOT/ratis-client-2.1.0-ff8aa66-SNAPSHOT.jar:/home/user/.m2/repository/org/apache/ratis/ratis-server-api/2.1.0-ff8aa66-SNAPSHOT/ratis-server-api-2.1.0-ff8aa66-SNAPSHOT.jar:/home/user/.m2/repository/org/apache/ratis/ratis-metrics/2.1.0-ff8aa66-SNAPSHOT/ratis-metrics-2.1.0-ff8aa66-SNAPSHOT.jar:/home/user/.m2/repository/org/apache/ratis/ratis-netty/2.1.0-ff8aa66-SNAPSHOT/ratis-netty-2.1.0-ff8aa66-SNAPSHOT.jar:/home/user/.m2/repository/org/apache/ratis/ratis-grpc/2.1.0-ff8aa66-SNAPSHOT/ratis-grpc-2.1.0-ff8aa66-SNAPSHOT.jar:/home/user/.m2/repository/org/apache/logging/log4j/log4j-api/2.13.3/log4j-api-2.13.3.jar:/home/user/.m2/repository/org/apache/logging/log4j/log4j-core/2.13.3/log4j-core-2.13.3.jar:/home/user/.m2/repository/com/lmax/disruptor/3.4.2/disruptor-3.4.2.jar:/home/user/.m2/repository/org/apache/commons/commons-pool2/2.6.0/commons-pool2-2.6.0.jar:/home/user/.m2/repository/org/bouncycastle/bcpkix-jdk15on/1.67/bcpkix-jdk15on-1.67.jar:/home/user/.m2/repository/commons-validator/commons-validator/1.6/commons-validator-1.6.jar:/home/user/.m2/repository/commons-beanutils/commons-beanutils/1.9.4/commons-beanutils-1.9.4.jar:/home/user/.m2/repository/commons-digester/commons-digester/1.8.1/commons-digester-1.8.1.jar:/home/user/.m2/repository/commons-collections/commons-collections/3.2.2/commons-collections-3.2.2.jar:/home/user/.m2/repository/io/jaegertracing/jaeger-client/1.6.0/jaeger-client-1.6.0.jar:/home/user/.m2/repository/io/jaegertracing/jaeger-thrift/1.6.0/jaeger-thrift-1.6.0.jar:/home/user/.m2/repository/org/apache/thrift/libthrift/0.14.1/libthrift-0.14.1.jar:/home/user/.m2/repository/com/squareup/okhttp3/okhttp/4.9.0/okhttp-4.9.0.jar:/home/user/.m2/repository/com/squareup/okio/okio/2.8.0/okio-2.8.0.jar:/home/user/.m2/repository/io/jaegertracing/jaeger-core/1.6.0/jaeger-core-1.6.0.jar:/home/user/.m2/repository/io/jaegertracing/jaeger-tracerresolver/1.6.0/jaeger-tracerresolver-1.6.0.jar:/home/user/.m2/repository/io/opentracing/contrib/opentracing-tracerresolver/0.1.8/opentracing-tracerresolver-0.1.8.jar:/home/user/.m2/repository/org/jetbrains/kotlin/kotlin-stdlib/1.4.31/kotlin-stdlib-1.4.31.jar:/home/user/.m2/repository/org/jetbrains/kotlin/kotlin-stdlib-common/1.4.31/kotlin-stdlib-common-1.4.31.jar:/home/user/.m2/repository/org/jetbrains/annotations/13.0/annotations-13.0.jar:/home/user/.m2/repository/io/opentracing/opentracing-util/0.33.0/opentracing-util-0.33.0.jar:/home/user/.m2/repository/io/opentracing/opentracing-api/0.33.0/opentracing-api-0.33.0.jar:/home/user/.m2/repository/io/opentracing/opentracing-noop/0.33.0/opentracing-noop-0.33.0.jar:/home/user/.m2/repository/org/yaml/snakeyaml/1.26/snakeyaml-1.26.jar:/home/user/.m2/repository/org/apache/hadoop/hadoop-hdds-interface-admin/1.2.0-SNAPSHOT/hadoop-hdds-interface-admin-1.2.0-SNAPSHOT.jar:/home/user/.m2/repository/junit/junit/4.13.1/junit-4.13.1.jar:/home/user/.m2/repository/org/hamcrest/hamcrest-core/1.3/hamcrest-core-1.3.jar:/home/user/.m2/repository/org/junit/jupiter/junit-jupiter-api/5.7.0/junit-jupiter-api-5.7.0.jar:/home/user/.m2/repository/org/apiguardian/apiguardian-api/1.1.0/apiguardian-api-1.1.0.jar:/home/user/.m2/repository/org/opentest4j/opentest4j/1.2.0/opentest4j-1.2.0.jar:/home/user/.m2/repository/org/junit/platform/junit-platform-commons/1.7.0/junit-platform-commons-1.7.0.jar:/home/user/.m2/repository/org/junit/jupiter/junit-jupiter-engine/5.7.0/junit-jupiter-engine-5.7.0.jar:/home/user/.m2/repository/org/junit/platform/junit-platform-engine/1.7.0/junit-platform-engine-1.7.0.jar:/home/user/.m2/repository/org/junit/vintage/junit-vintage-engine/5.7.0/junit-vintage-engine-5.7.0.jar:/home/user/.m2/repository/org/junit/platform/junit-platform-launcher/1.7.0/junit-platform-launcher-1.7.0.jar:/home/user/.m2/repository/org/openjdk/jmh/jmh-core/1.19/jmh-core-1.19.jar:/home/user/.m2/repository/net/sf/jopt-simple/jopt-simple/4.6/jopt-simple-4.6.jar:/home/user/.m2/repository/org/apache/commons/commons-math3/3.1.1/commons-math3-3.1.1.jar:/home/user/.m2/repository/org/openjdk/jmh/jmh-generator-annprocess/1.19/jmh-generator-annprocess-1.19.jar:/home/user/.m2/repository/org/mockito/mockito-all/1.8.5/mockito-all-1.8.5.jar:/home/user/.m2/repository/org/apache/hadoop/hadoop-kms/3.2.2/hadoop-kms-3.2.2.jar:/home/user/.m2/repository/org/apache/hadoop/hadoop-auth/3.2.2/hadoop-auth-3.2.2.jar:/home/user/.m2/repository/com/nimbusds/nimbus-jose-jwt/7.9/nimbus-jose-jwt-7.9.jar:/home/user/.m2/repository/com/github/stephenc/jcip/jcip-annotations/1.0-1/jcip-annotations-1.0-1.jar:/home/user/.m2/repository/net/minidev/json-smart/2.3/json-smart-2.3.jar:/home/user/.m2/repository/net/minidev/accessors-smart/1.2/accessors-smart-1.2.jar:/home/user/.m2/repository/org/ow2/asm/asm/5.0.4/asm-5.0.4.jar:/home/user/.m2/repository/org/apache/zookeeper/zookeeper/3.4.13/zookeeper-3.4.13.jar:/home/user/.m2/repository/org/apache/yetus/audience-annotations/0.5.0/audience-annotations-0.5.0.jar:/home/user/.m2/repository/org/apache/curator/curator-framework/2.13.0/curator-framework-2.13.0.jar:/home/user/.m2/repository/com/sun/jersey/jersey-core/1.19/jersey-core-1.19.jar:/home/user/.m2/repository/javax/ws/rs/jsr311-api/1.1.1/jsr311-api-1.1.1.jar:/home/user/.m2/repository/com/sun/jersey/jersey-server/1.19/jersey-server-1.19.jar:/home/user/.m2/repository/javax/servlet/javax.servlet-api/3.1.0/javax.servlet-api-3.1.0.jar:/home/user/.m2/repository/org/eclipse/jetty/jetty-server/9.4.35.v20201120/jetty-server-9.4.35.v20201120.jar:/home/user/.m2/repository/org/eclipse/jetty/jetty-http/9.4.35.v20201120/jetty-http-9.4.35.v20201120.jar:/home/user/.m2/repository/org/eclipse/jetty/jetty-io/9.4.35.v20201120/jetty-io-9.4.35.v20201120.jar:/home/user/.m2/repository/org/eclipse/jetty/jetty-webapp/9.4.35.v20201120/jetty-webapp-9.4.35.v20201120.jar:/home/user/.m2/repository/org/eclipse/jetty/jetty-xml/9.4.35.v20201120/jetty-xml-9.4.35.v20201120.jar:/home/user/.m2/repository/org/apache/hadoop/hadoop-common/3.2.2/hadoop-common-3.2.2.jar:/home/user/.m2/repository/commons-net/commons-net/3.6/commons-net-3.6.jar:/home/user/.m2/repository/javax/activation/javax.activation-api/1.2.0/javax.activation-api-1.2.0.jar:/home/user/.m2/repository/com/sun/jersey/jersey-servlet/1.19/jersey-servlet-1.19.jar:/home/user/.m2/repository/com/sun/jersey/jersey-json/1.19/jersey-json-1.19.jar:/home/user/.m2/repository/org/codehaus/jettison/jettison/1.1/jettison-1.1.jar:/home/user/.m2/repository/com/sun/xml/bind/jaxb-impl/2.2.3-1/jaxb-impl-2.2.3-1.jar:/home/user/.m2/repository/org/codehaus/jackson/jackson-jaxrs/1.9.2/jackson-jaxrs-1.9.2.jar:/home/user/.m2/repository/org/codehaus/jackson/jackson-xc/1.9.2/jackson-xc-1.9.2.jar:/home/user/.m2/repository/org/apache/commons/commons-configuration2/2.1.1/commons-configuration2-2.1.1.jar:/home/user/.m2/repository/org/apache/commons/commons-text/1.4/commons-text-1.4.jar:/home/user/.m2/repository/com/google/re2j/re2j/1.1/re2j-1.1.jar:/home/user/.m2/repository/com/jcraft/jsch/0.1.54/jsch-0.1.54.jar:/home/user/.m2/repository/org/apache/curator/curator-client/2.13.0/curator-client-2.13.0.jar:/home/user/.m2/repository/org/apache/curator/curator-recipes/2.13.0/curator-recipes-2.13.0.jar:/home/user/.m2/repository/dnsjava/dnsjava/2.1.7/dnsjava-2.1.7.jar:/home/user/.m2/repository/org/slf4j/jul-to-slf4j/1.7.30/jul-to-slf4j-1.7.30.jar:/home/user/.m2/repository/org/eclipse/jetty/jetty-util/9.4.35.v20201120/jetty-util-9.4.35.v20201120.jar:/home/user/.m2/repository/com/fasterxml/jackson/core/jackson-databind/2.12.1/jackson-databind-2.12.1.jar:/home/user/.m2/repository/org/apache/hadoop/hadoop-kms/3.2.2/hadoop-kms-3.2.2-tests.jar:/home/user/.m2/repository/org/apache/hadoop/hadoop-hdds-server-scm/1.2.0-SNAPSHOT/hadoop-hdds-server-scm-1.2.0-SNAPSHOT-tests.jar:/home/user/.m2/repository/org/apache/hadoop/hadoop-hdds-container-service/1.2.0-SNAPSHOT/hadoop-hdds-container-service-1.2.0-SNAPSHOT-tests.jar:/home/user/.m2/repository/commons-codec/commons-codec/1.11/commons-codec-1.11.jar:/home/user/.m2/repository/org/apache/hadoop/hadoop-hdds-hadoop-dependency-test/1.2.0-SNAPSHOT/hadoop-hdds-hadoop-dependency-test-1.2.0-SNAPSHOT.jar:/home/user/.m2/repository/org/apache/hadoop/hadoop-common/3.2.2/hadoop-common-3.2.2-tests.jar:/home/user/.m2/repository/org/apache/hadoop/hadoop-hdfs/3.2.2/hadoop-hdfs-3.2.2-tests.jar:/home/user/.m2/repository/org/eclipse/jetty/jetty-util-ajax/9.4.35.v20201120/jetty-util-ajax-9.4.35.v20201120.jar:/home/user/.m2/repository/commons-daemon/commons-daemon/1.0.13/commons-daemon-1.0.13.jar:/home/user/.m2/repository/io/netty/netty/3.10.6.Final/netty-3.10.6.Final.jar:/home/user/.m2/repository/io/netty/netty-all/4.1.63.Final/netty-all-4.1.63.Final.jar:/home/user/.m2/repository/org/apache/htrace/htrace-core4/4.1.0-incubating/htrace-core4-4.1.0-incubating.jar:/home/user/.m2/repository/org/apache/hadoop/hadoop-distcp/3.2.2/hadoop-distcp-3.2.2.jar:/home/user/.m2/repository/org/apache/hadoop/hadoop-mapreduce-client-jobclient/3.2.2/hadoop-mapreduce-client-jobclient-3.2.2.jar:/home/user/.m2/repository/org/apache/hadoop/hadoop-mapreduce-client-common/3.2.2/hadoop-mapreduce-client-common-3.2.2.jar:/home/user/.m2/repository/org/apache/hadoop/hadoop-yarn-common/3.2.2/hadoop-yarn-common-3.2.2.jar:/home/user/.m2/repository/org/apache/hadoop/hadoop-yarn-api/3.2.2/hadoop-yarn-api-3.2.2.jar:/home/user/.m2/repository/com/sun/jersey/jersey-client/1.19/jersey-client-1.19.jar:/home/user/.m2/repository/com/sun/jersey/contribs/jersey-guice/1.19/jersey-guice-1.19.jar:/home/user/.m2/repository/com/fasterxml/jackson/jaxrs/jackson-jaxrs-json-provider/2.12.1/jackson-jaxrs-json-provider-2.12.1.jar:/home/user/.m2/repository/com/fasterxml/jackson/jaxrs/jackson-jaxrs-base/2.12.1/jackson-jaxrs-base-2.12.1.jar:/home/user/.m2/repository/org/apache/hadoop/hadoop-yarn-client/3.2.2/hadoop-yarn-client-3.2.2.jar:/home/user/.m2/repository/org/apache/hadoop/hadoop-mapreduce-client-core/3.2.2/hadoop-mapreduce-client-core-3.2.2.jar:/home/user/.m2/repository/org/apache/avro/avro/1.7.7/avro-1.7.7.jar:/home/user/.m2/repository/org/codehaus/jackson/jackson-core-asl/1.9.13/jackson-core-asl-1.9.13.jar:/home/user/.m2/repository/org/codehaus/jackson/jackson-mapper-asl/1.9.13/jackson-mapper-asl-1.9.13.jar:/home/user/.m2/repository/com/thoughtworks/paranamer/paranamer/2.3/paranamer-2.3.jar:/home/user/.m2/repository/org/xerial/snappy/snappy-java/1.0.5/snappy-java-1.0.5.jar:/home/user/.m2/repository/org/apache/hadoop/hadoop-annotations/3.2.2/hadoop-annotations-3.2.2.jar:/usr/lib/jvm/java-1.8.0-openjdk-1.8.0.232.b09-0.el7_7.x86_64/jre/../lib/tools.jar:/home/user/.m2/repository/org/apache/hadoop/hadoop-distcp/3.2.2/hadoop-distcp-3.2.2-tests.jar:"/>
    <property name="java.vm.vendor" value="Oracle Corporation"/>
    <property name="sun.arch.data.model" value="64"/>
    <property name="test.build.dir" value="/github/workspace/mnt/ozone/hadoop-ozone/integration-test/target/test-dir"/>
    <property name="test.cache.data" value=""/>
    <property name="java.vendor.url" value="http://java.oracle.com/"/>
    <property name="user.timezone" value=""/>
    <property name="java.vm.specification.version" value="1.8"/>
    <property name="os.name" value="Linux"/>
    <property name="test.build.data" value="/github/workspace/mnt/ozone/hadoop-ozone/integration-test/target/test-dir"/>
    <property name="user.country" value="US"/>
    <property name="sun.java.launcher" value="SUN_STANDARD"/>
    <property name="sun.boot.library.path" value="/usr/lib/jvm/java-1.8.0-openjdk-1.8.0.232.b09-0.el7_7.x86_64/jre/lib/amd64"/>
    <property name="sun.java.command" value="/github/workspace/mnt/ozone/hadoop-ozone/integration-test/target/surefire/surefirebooter4570094974492451140.jar /github/workspace/mnt/ozone/hadoop-ozone/integration-test/target/surefire 2021-05-19T07-00-19_710-jvmRun1 surefire7401279290984122171tmp surefire_22321331298678925614tmp"/>
    <property name="surefire.test.class.path" value="/github/workspace/mnt/ozone/hadoop-ozone/integration-test/target/test-classes:/github/workspace/mnt/ozone/hadoop-ozone/integration-test/target/classes:/home/user/.m2/repository/org/apache/hadoop/hadoop-ozone-common/1.2.0-SNAPSHOT/hadoop-ozone-common-1.2.0-SNAPSHOT.jar:/home/user/.m2/repository/org/apache/commons/commons-compress/1.20/commons-compress-1.20.jar:/home/user/.m2/repository/org/apache/hadoop/hadoop-hdds-common/1.2.0-SNAPSHOT/hadoop-hdds-common-1.2.0-SNAPSHOT.jar:/home/user/.m2/repository/org/apache/hadoop/hadoop-hdds-client/1.2.0-SNAPSHOT/hadoop-hdds-client-1.2.0-SNAPSHOT.jar:/home/user/.m2/repository/org/apache/hadoop/hadoop-ozone-interface-client/1.2.0-SNAPSHOT/hadoop-ozone-interface-client-1.2.0-SNAPSHOT.jar:/home/user/.m2/repository/org/apache/hadoop/hadoop-hdds-test-utils/1.2.0-SNAPSHOT/hadoop-hdds-test-utils-1.2.0-SNAPSHOT.jar:/home/user/.m2/repository/com/google/guava/guava/30.1.1-jre/guava-30.1.1-jre.jar:/home/user/.m2/repository/com/google/guava/failureaccess/1.0.1/failureaccess-1.0.1.jar:/home/user/.m2/repository/com/google/guava/listenablefuture/9999.0-empty-to-avoid-conflict-with-guava/listenablefuture-9999.0-empty-to-avoid-conflict-with-guava.jar:/home/user/.m2/repository/com/google/code/findbugs/jsr305/3.0.0/jsr305-3.0.0.jar:/home/user/.m2/repository/org/checkerframework/checker-qual/3.8.0/checker-qual-3.8.0.jar:/home/user/.m2/repository/com/google/errorprone/error_prone_annotations/2.2.0/error_prone_annotations-2.2.0.jar:/home/user/.m2/repository/com/google/j2objc/j2objc-annotations/1.3/j2objc-annotations-1.3.jar:/home/user/.m2/repository/commons-io/commons-io/2.8.0/commons-io-2.8.0.jar:/home/user/.m2/repository/commons-logging/commons-logging/1.2/commons-logging-1.2.jar:/home/user/.m2/repository/log4j/log4j/1.2.17/log4j-1.2.17.jar:/home/user/.m2/repository/org/slf4j/slf4j-api/1.7.30/slf4j-api-1.7.30.jar:/home/user/.m2/repository/org/apache/hadoop/hadoop-hdds-server-scm/1.2.0-SNAPSHOT/hadoop-hdds-server-scm-1.2.0-SNAPSHOT.jar:/home/user/.m2/repository/org/apache/hadoop/hadoop-hdds-container-service/1.2.0-SNAPSHOT/hadoop-hdds-container-service-1.2.0-SNAPSHOT.jar:/home/user/.m2/repository/org/apache/hadoop/hadoop-hdds-hadoop-dependency-server/1.2.0-SNAPSHOT/hadoop-hdds-hadoop-dependency-server-1.2.0-SNAPSHOT.jar:/home/user/.m2/repository/org/apache/hadoop/hadoop-hdfs/3.2.2/hadoop-hdfs-3.2.2.jar:/home/user/.m2/repository/org/apache/hadoop/hadoop-hdds-server-framework/1.2.0-SNAPSHOT/hadoop-hdds-server-framework-1.2.0-SNAPSHOT.jar:/home/user/.m2/repository/org/apache/hadoop/hadoop-hdds-interface-server/1.2.0-SNAPSHOT/hadoop-hdds-interface-server-1.2.0-SNAPSHOT.jar:/home/user/.m2/repository/org/eclipse/jetty/jetty-servlet/9.4.35.v20201120/jetty-servlet-9.4.35.v20201120.jar:/home/user/.m2/repository/org/eclipse/jetty/jetty-security/9.4.35.v20201120/jetty-security-9.4.35.v20201120.jar:/home/user/.m2/repository/org/rocksdb/rocksdbjni/6.20.3/rocksdbjni-6.20.3.jar:/home/user/.m2/repository/io/prometheus/simpleclient_dropwizard/0.7.0/simpleclient_dropwizard-0.7.0.jar:/home/user/.m2/repository/io/prometheus/simpleclient/0.7.0/simpleclient-0.7.0.jar:/home/user/.m2/repository/io/prometheus/simpleclient_common/0.7.0/simpleclient_common-0.7.0.jar:/home/user/.m2/repository/com/fasterxml/jackson/datatype/jackson-datatype-jsr310/2.12.1/jackson-datatype-jsr310-2.12.1.jar:/home/user/.m2/repository/io/dropwizard/metrics/metrics-core/3.2.4/metrics-core-3.2.4.jar:/home/user/.m2/repository/org/apache/hadoop/hadoop-hdfs-client/3.2.2/hadoop-hdfs-client-3.2.2.jar:/home/user/.m2/repository/org/bouncycastle/bcprov-jdk15on/1.67/bcprov-jdk15on-1.67.jar:/home/user/.m2/repository/com/google/protobuf/protobuf-java/2.5.0/protobuf-java-2.5.0.jar:/home/user/.m2/repository/org/apache/hadoop/hadoop-ozone-ozone-manager/1.2.0-SNAPSHOT/hadoop-ozone-ozone-manager-1.2.0-SNAPSHOT.jar:/home/user/.m2/repository/org/apache/hadoop/hadoop-hdds-interface-client/1.2.0-SNAPSHOT/hadoop-hdds-interface-client-1.2.0-SNAPSHOT.jar:/home/user/.m2/repository/org/apache/ratis/ratis-thirdparty-misc/0.7.0-a398b19-SNAPSHOT/ratis-thirdparty-misc-0.7.0-a398b19-SNAPSHOT.jar:/home/user/.m2/repository/org/apache/hadoop/hadoop-ozone-interface-storage/1.2.0-SNAPSHOT/hadoop-ozone-interface-storage-1.2.0-SNAPSHOT.jar:/home/user/.m2/repository/org/apache/hadoop/hadoop-minikdc/3.2.2/hadoop-minikdc-3.2.2.jar:/home/user/.m2/repository/org/apache/kerby/kerb-simplekdc/1.0.1/kerb-simplekdc-1.0.1.jar:/home/user/.m2/repository/org/apache/kerby/kerb-client/1.0.1/kerb-client-1.0.1.jar:/home/user/.m2/repository/org/apache/kerby/kerby-config/1.0.1/kerby-config-1.0.1.jar:/home/user/.m2/repository/org/apache/kerby/kerb-core/1.0.1/kerb-core-1.0.1.jar:/home/user/.m2/repository/org/apache/kerby/kerby-pkix/1.0.1/kerby-pkix-1.0.1.jar:/home/user/.m2/repository/org/apache/kerby/kerby-asn1/1.0.1/kerby-asn1-1.0.1.jar:/home/user/.m2/repository/org/apache/kerby/kerby-util/1.0.1/kerby-util-1.0.1.jar:/home/user/.m2/repository/org/apache/kerby/kerb-common/1.0.1/kerb-common-1.0.1.jar:/home/user/.m2/repository/org/apache/kerby/kerb-crypto/1.0.1/kerb-crypto-1.0.1.jar:/home/user/.m2/repository/org/apache/kerby/kerb-util/1.0.1/kerb-util-1.0.1.jar:/home/user/.m2/repository/org/apache/kerby/token-provider/1.0.1/token-provider-1.0.1.jar:/home/user/.m2/repository/org/apache/kerby/kerb-admin/1.0.1/kerb-admin-1.0.1.jar:/home/user/.m2/repository/org/apache/kerby/kerb-server/1.0.1/kerb-server-1.0.1.jar:/home/user/.m2/repository/org/apache/kerby/kerb-identity/1.0.1/kerb-identity-1.0.1.jar:/home/user/.m2/repository/org/apache/kerby/kerby-xdr/1.0.1/kerby-xdr-1.0.1.jar:/home/user/.m2/repository/org/slf4j/slf4j-log4j12/1.7.30/slf4j-log4j12-1.7.30.jar:/home/user/.m2/repository/org/apache/hadoop/hadoop-ozone-s3gateway/1.2.0-SNAPSHOT/hadoop-ozone-s3gateway-1.2.0-SNAPSHOT.jar:/home/user/.m2/repository/org/jboss/weld/servlet/weld-servlet/2.4.7.Final/weld-servlet-2.4.7.Final.jar:/home/user/.m2/repository/org/glassfish/jersey/containers/jersey-container-servlet-core/2.33/jersey-container-servlet-core-2.33.jar:/home/user/.m2/repository/org/glassfish/hk2/external/jakarta.inject/2.6.1/jakarta.inject-2.6.1.jar:/home/user/.m2/repository/org/glassfish/jersey/core/jersey-common/2.33/jersey-common-2.33.jar:/home/user/.m2/repository/jakarta/ws/rs/jakarta.ws.rs-api/2.1.6/jakarta.ws.rs-api-2.1.6.jar:/home/user/.m2/repository/org/glassfish/jersey/ext/cdi/jersey-cdi1x/2.33/jersey-cdi1x-2.33.jar:/home/user/.m2/repository/org/glassfish/jersey/inject/jersey-hk2/2.33/jersey-hk2-2.33.jar:/home/user/.m2/repository/org/glassfish/hk2/hk2-locator/2.6.1/hk2-locator-2.6.1.jar:/home/user/.m2/repository/org/javassist/javassist/3.25.0-GA/javassist-3.25.0-GA.jar:/home/user/.m2/repository/org/glassfish/jersey/media/jersey-media-jaxb/2.33/jersey-media-jaxb-2.33.jar:/home/user/.m2/repository/org/glassfish/hk2/osgi-resource-locator/1.0.3/osgi-resource-locator-1.0.3.jar:/home/user/.m2/repository/org/glassfish/hk2/hk2-api/2.5.0/hk2-api-2.5.0.jar:/home/user/.m2/repository/org/glassfish/hk2/hk2-utils/2.5.0/hk2-utils-2.5.0.jar:/home/user/.m2/repository/org/glassfish/hk2/external/aopalliance-repackaged/2.5.0/aopalliance-repackaged-2.5.0.jar:/home/user/.m2/repository/com/fasterxml/jackson/dataformat/jackson-dataformat-xml/2.12.1/jackson-dataformat-xml-2.12.1.jar:/home/user/.m2/repository/com/fasterxml/jackson/core/jackson-core/2.12.1/jackson-core-2.12.1.jar:/home/user/.m2/repository/com/fasterxml/jackson/module/jackson-module-jaxb-annotations/2.12.1/jackson-module-jaxb-annotations-2.12.1.jar:/home/user/.m2/repository/jakarta/xml/bind/jakarta.xml.bind-api/2.3.2/jakarta.xml.bind-api-2.3.2.jar:/home/user/.m2/repository/jakarta/activation/jakarta.activation-api/1.2.1/jakarta.activation-api-1.2.1.jar:/home/user/.m2/repository/org/codehaus/woodstox/stax2-api/3.1.4/stax2-api-3.1.4.jar:/home/user/.m2/repository/com/fasterxml/woodstox/woodstox-core/5.0.3/woodstox-core-5.0.3.jar:/home/user/.m2/repository/javax/enterprise/cdi-api/1.2/cdi-api-1.2.jar:/home/user/.m2/repository/javax/el/javax.el-api/3.0.0/javax.el-api-3.0.0.jar:/home/user/.m2/repository/javax/interceptor/javax.interceptor-api/1.2/javax.interceptor-api-1.2.jar:/home/user/.m2/repository/javax/inject/javax.inject/1/javax.inject-1.jar:/home/user/.m2/repository/javax/xml/bind/jaxb-api/2.3.0/jaxb-api-2.3.0.jar:/home/user/.m2/repository/org/glassfish/jaxb/jaxb-runtime/2.3.0.1/jaxb-runtime-2.3.0.1.jar:/home/user/.m2/repository/org/glassfish/jaxb/jaxb-core/2.3.0.1/jaxb-core-2.3.0.1.jar:/home/user/.m2/repository/org/glassfish/jaxb/txw2/2.3.0.1/txw2-2.3.0.1.jar:/home/user/.m2/repository/com/sun/istack/istack-commons-runtime/3.0.5/istack-commons-runtime-3.0.5.jar:/home/user/.m2/repository/org/jvnet/staxex/stax-ex/1.7.8/stax-ex-1.7.8.jar:/home/user/.m2/repository/com/sun/xml/fastinfoset/FastInfoset/1.2.13/FastInfoset-1.2.13.jar:/home/user/.m2/repository/javax/activation/activation/1.1.1/activation-1.1.1.jar:/home/user/.m2/repository/org/apache/hadoop/hadoop-ozone-csi/1.2.0-SNAPSHOT/hadoop-ozone-csi-1.2.0-SNAPSHOT.jar:/home/user/.m2/repository/com/google/protobuf/protobuf-java-util/3.12.0/protobuf-java-util-3.12.0.jar:/home/user/.m2/repository/com/google/code/gson/gson/2.2.4/gson-2.2.4.jar:/home/user/.m2/repository/org/apache/hadoop/hadoop-hdds-config/1.2.0-SNAPSHOT/hadoop-hdds-config-1.2.0-SNAPSHOT.jar:/home/user/.m2/repository/io/grpc/grpc-netty/1.33.0/grpc-netty-1.33.0.jar:/home/user/.m2/repository/io/grpc/grpc-core/1.33.0/grpc-core-1.33.0.jar:/home/user/.m2/repository/com/google/android/annotations/4.1.1.4/annotations-4.1.1.4.jar:/home/user/.m2/repository/io/netty/netty-codec-http2/4.1.51.Final/netty-codec-http2-4.1.51.Final.jar:/home/user/.m2/repository/io/netty/netty-codec/4.1.51.Final/netty-codec-4.1.51.Final.jar:/home/user/.m2/repository/io/netty/netty-handler/4.1.51.Final/netty-handler-4.1.51.Final.jar:/home/user/.m2/repository/io/netty/netty-codec-http/4.1.51.Final/netty-codec-http-4.1.51.Final.jar:/home/user/.m2/repository/io/netty/netty-handler-proxy/4.1.51.Final/netty-handler-proxy-4.1.51.Final.jar:/home/user/.m2/repository/io/netty/netty-codec-socks/4.1.51.Final/netty-codec-socks-4.1.51.Final.jar:/home/user/.m2/repository/io/perfmark/perfmark-api/0.19.0/perfmark-api-0.19.0.jar:/home/user/.m2/repository/org/codehaus/mojo/animal-sniffer-annotations/1.18/animal-sniffer-annotations-1.18.jar:/home/user/.m2/repository/io/netty/netty-transport-native-epoll/4.1.63.Final/netty-transport-native-epoll-4.1.63.Final.jar:/home/user/.m2/repository/io/netty/netty-common/4.1.63.Final/netty-common-4.1.63.Final.jar:/home/user/.m2/repository/io/netty/netty-buffer/4.1.63.Final/netty-buffer-4.1.63.Final.jar:/home/user/.m2/repository/io/netty/netty-transport/4.1.63.Final/netty-transport-4.1.63.Final.jar:/home/user/.m2/repository/io/netty/netty-resolver/4.1.63.Final/netty-resolver-4.1.63.Final.jar:/home/user/.m2/repository/io/netty/netty-transport-native-unix-common/4.1.63.Final/netty-transport-native-unix-common-4.1.63.Final.jar:/home/user/.m2/repository/io/grpc/grpc-protobuf/1.33.0/grpc-protobuf-1.33.0.jar:/home/user/.m2/repository/io/grpc/grpc-api/1.33.0/grpc-api-1.33.0.jar:/home/user/.m2/repository/io/grpc/grpc-context/1.33.0/grpc-context-1.33.0.jar:/home/user/.m2/repository/com/google/api/grpc/proto-google-common-protos/1.17.0/proto-google-common-protos-1.17.0.jar:/home/user/.m2/repository/io/grpc/grpc-protobuf-lite/1.33.0/grpc-protobuf-lite-1.33.0.jar:/home/user/.m2/repository/io/grpc/grpc-stub/1.33.0/grpc-stub-1.33.0.jar:/home/user/.m2/repository/org/apache/hadoop/hadoop-ozone-recon/1.2.0-SNAPSHOT/hadoop-ozone-recon-1.2.0-SNAPSHOT.jar:/home/user/.m2/repository/org/apache/hadoop/hadoop-ozone-reconcodegen/1.2.0-SNAPSHOT/hadoop-ozone-reconcodegen-1.2.0-SNAPSHOT.jar:/home/user/.m2/repository/com/google/inject/extensions/guice-multibindings/4.0/guice-multibindings-4.0.jar:/home/user/.m2/repository/com/google/inject/guice/4.0/guice-4.0.jar:/home/user/.m2/repository/aopalliance/aopalliance/1.0/aopalliance-1.0.jar:/home/user/.m2/repository/com/google/inject/extensions/guice-assistedinject/4.0/guice-assistedinject-4.0.jar:/home/user/.m2/repository/com/google/inject/extensions/guice-servlet/4.0/guice-servlet-4.0.jar:/home/user/.m2/repository/org/glassfish/jersey/containers/jersey-container-servlet/2.33/jersey-container-servlet-2.33.jar:/home/user/.m2/repository/org/glassfish/hk2/guice-bridge/2.5.0/guice-bridge-2.5.0.jar:/home/user/.m2/repository/org/glassfish/jersey/core/jersey-server/2.33/jersey-server-2.33.jar:/home/user/.m2/repository/org/glassfish/jersey/core/jersey-client/2.33/jersey-client-2.33.jar:/home/user/.m2/repository/jakarta/annotation/jakarta.annotation-api/1.3.5/jakarta.annotation-api-1.3.5.jar:/home/user/.m2/repository/jakarta/validation/jakarta.validation-api/2.0.2/jakarta.validation-api-2.0.2.jar:/home/user/.m2/repository/org/glassfish/jersey/media/jersey-media-json-jackson/2.33/jersey-media-json-jackson-2.33.jar:/home/user/.m2/repository/org/glassfish/jersey/ext/jersey-entity-filtering/2.33/jersey-entity-filtering-2.33.jar:/home/user/.m2/repository/org/jooq/jooq/3.11.10/jooq-3.11.10.jar:/home/user/.m2/repository/org/jooq/jooq-meta/3.11.10/jooq-meta-3.11.10.jar:/home/user/.m2/repository/org/jooq/jooq-codegen/3.11.10/jooq-codegen-3.11.10.jar:/home/user/.m2/repository/com/jolbox/bonecp/0.8.0.RELEASE/bonecp-0.8.0.RELEASE.jar:/home/user/.m2/repository/org/apache/derby/derby/10.14.2.0/derby-10.14.2.0.jar:/home/user/.m2/repository/org/xerial/sqlite-jdbc/3.25.2/sqlite-jdbc-3.25.2.jar:/home/user/.m2/repository/org/springframework/spring-jdbc/5.2.11.RELEASE/spring-jdbc-5.2.11.RELEASE.jar:/home/user/.m2/repository/org/springframework/spring-beans/5.2.11.RELEASE/spring-beans-5.2.11.RELEASE.jar:/home/user/.m2/repository/org/springframework/spring-core/5.2.11.RELEASE/spring-core-5.2.11.RELEASE.jar:/home/user/.m2/repository/org/springframework/spring-jcl/5.2.11.RELEASE/spring-jcl-5.2.11.RELEASE.jar:/home/user/.m2/repository/org/springframework/spring-tx/5.2.11.RELEASE/spring-tx-5.2.11.RELEASE.jar:/home/user/.m2/repository/org/apache/hadoop/hadoop-ozone-client/1.2.0-SNAPSHOT/hadoop-ozone-client-1.2.0-SNAPSHOT.jar:/home/user/.m2/repository/org/apache/hadoop/hadoop-ozone-filesystem/1.2.0-SNAPSHOT/hadoop-ozone-filesystem-1.2.0-SNAPSHOT.jar:/home/user/.m2/repository/org/apache/hadoop/hadoop-ozone-filesystem-common/1.2.0-SNAPSHOT/hadoop-ozone-filesystem-common-1.2.0-SNAPSHOT.jar:/home/user/.m2/repository/org/apache/hadoop/hadoop-ozone-tools/1.2.0-SNAPSHOT/hadoop-ozone-tools-1.2.0-SNAPSHOT.jar:/home/user/.m2/repository/org/apache/ratis/ratis-tools/2.1.0-ff8aa66-SNAPSHOT/ratis-tools-2.1.0-ff8aa66-SNAPSHOT.jar:/home/user/.m2/repository/org/apache/ratis/ratis-proto/2.1.0-ff8aa66-SNAPSHOT/ratis-proto-2.1.0-ff8aa66-SNAPSHOT.jar:/home/user/.m2/repository/org/apache/ratis/ratis-common/2.1.0-ff8aa66-SNAPSHOT/ratis-common-2.1.0-ff8aa66-SNAPSHOT.jar:/home/user/.m2/repository/com/amazonaws/aws-java-sdk-core/1.11.901/aws-java-sdk-core-1.11.901.jar:/home/user/.m2/repository/org/apache/httpcomponents/httpclient/4.5.13/httpclient-4.5.13.jar:/home/user/.m2/repository/org/apache/httpcomponents/httpcore/4.4.13/httpcore-4.4.13.jar:/home/user/.m2/repository/software/amazon/ion/ion-java/1.0.2/ion-java-1.0.2.jar:/home/user/.m2/repository/com/fasterxml/jackson/dataformat/jackson-dataformat-cbor/2.12.1/jackson-dataformat-cbor-2.12.1.jar:/home/user/.m2/repository/joda-time/joda-time/2.8.1/joda-time-2.8.1.jar:/home/user/.m2/repository/com/amazonaws/aws-java-sdk-s3/1.11.901/aws-java-sdk-s3-1.11.901.jar:/home/user/.m2/repository/com/amazonaws/aws-java-sdk-kms/1.11.901/aws-java-sdk-kms-1.11.901.jar:/home/user/.m2/repository/com/amazonaws/jmespath-java/1.11.901/jmespath-java-1.11.901.jar:/home/user/.m2/repository/org/kohsuke/metainf-services/metainf-services/1.8/metainf-services-1.8.jar:/home/user/.m2/repository/org/apache/hadoop/hadoop-hdds-tools/1.2.0-SNAPSHOT/hadoop-hdds-tools-1.2.0-SNAPSHOT.jar:/home/user/.m2/repository/commons-cli/commons-cli/1.2/commons-cli-1.2.jar:/home/user/.m2/repository/org/apache/commons/commons-lang3/3.7/commons-lang3-3.7.jar:/home/user/.m2/repository/org/apache/hadoop/hadoop-ozone-ozone-manager/1.2.0-SNAPSHOT/hadoop-ozone-ozone-manager-1.2.0-SNAPSHOT-tests.jar:/home/user/.m2/repository/org/apache/hadoop/hadoop-hdds-common/1.2.0-SNAPSHOT/hadoop-hdds-common-1.2.0-SNAPSHOT-tests.jar:/home/user/.m2/repository/org/apache/hadoop/hadoop-hdds-hadoop-dependency-client/1.2.0-SNAPSHOT/hadoop-hdds-hadoop-dependency-client-1.2.0-SNAPSHOT.jar:/home/user/.m2/repository/info/picocli/picocli/4.4.0/picocli-4.4.0.jar:/home/user/.m2/repository/com/fasterxml/jackson/core/jackson-annotations/2.12.1/jackson-annotations-2.12.1.jar:/home/user/.m2/repository/javax/annotation/javax.annotation-api/1.2/javax.annotation-api-1.2.jar:/home/user/.m2/repository/org/fusesource/leveldbjni/leveldbjni-all/1.8/leveldbjni-all-1.8.jar:/home/user/.m2/repository/org/apache/ratis/ratis-server/2.1.0-ff8aa66-SNAPSHOT/ratis-server-2.1.0-ff8aa66-SNAPSHOT.jar:/home/user/.m2/repository/org/apache/ratis/ratis-client/2.1.0-ff8aa66-SNAPSHOT/ratis-client-2.1.0-ff8aa66-SNAPSHOT.jar:/home/user/.m2/repository/org/apache/ratis/ratis-server-api/2.1.0-ff8aa66-SNAPSHOT/ratis-server-api-2.1.0-ff8aa66-SNAPSHOT.jar:/home/user/.m2/repository/org/apache/ratis/ratis-metrics/2.1.0-ff8aa66-SNAPSHOT/ratis-metrics-2.1.0-ff8aa66-SNAPSHOT.jar:/home/user/.m2/repository/org/apache/ratis/ratis-netty/2.1.0-ff8aa66-SNAPSHOT/ratis-netty-2.1.0-ff8aa66-SNAPSHOT.jar:/home/user/.m2/repository/org/apache/ratis/ratis-grpc/2.1.0-ff8aa66-SNAPSHOT/ratis-grpc-2.1.0-ff8aa66-SNAPSHOT.jar:/home/user/.m2/repository/org/apache/logging/log4j/log4j-api/2.13.3/log4j-api-2.13.3.jar:/home/user/.m2/repository/org/apache/logging/log4j/log4j-core/2.13.3/log4j-core-2.13.3.jar:/home/user/.m2/repository/com/lmax/disruptor/3.4.2/disruptor-3.4.2.jar:/home/user/.m2/repository/org/apache/commons/commons-pool2/2.6.0/commons-pool2-2.6.0.jar:/home/user/.m2/repository/org/bouncycastle/bcpkix-jdk15on/1.67/bcpkix-jdk15on-1.67.jar:/home/user/.m2/repository/commons-validator/commons-validator/1.6/commons-validator-1.6.jar:/home/user/.m2/repository/commons-beanutils/commons-beanutils/1.9.4/commons-beanutils-1.9.4.jar:/home/user/.m2/repository/commons-digester/commons-digester/1.8.1/commons-digester-1.8.1.jar:/home/user/.m2/repository/commons-collections/commons-collections/3.2.2/commons-collections-3.2.2.jar:/home/user/.m2/repository/io/jaegertracing/jaeger-client/1.6.0/jaeger-client-1.6.0.jar:/home/user/.m2/repository/io/jaegertracing/jaeger-thrift/1.6.0/jaeger-thrift-1.6.0.jar:/home/user/.m2/repository/org/apache/thrift/libthrift/0.14.1/libthrift-0.14.1.jar:/home/user/.m2/repository/com/squareup/okhttp3/okhttp/4.9.0/okhttp-4.9.0.jar:/home/user/.m2/repository/com/squareup/okio/okio/2.8.0/okio-2.8.0.jar:/home/user/.m2/repository/io/jaegertracing/jaeger-core/1.6.0/jaeger-core-1.6.0.jar:/home/user/.m2/repository/io/jaegertracing/jaeger-tracerresolver/1.6.0/jaeger-tracerresolver-1.6.0.jar:/home/user/.m2/repository/io/opentracing/contrib/opentracing-tracerresolver/0.1.8/opentracing-tracerresolver-0.1.8.jar:/home/user/.m2/repository/org/jetbrains/kotlin/kotlin-stdlib/1.4.31/kotlin-stdlib-1.4.31.jar:/home/user/.m2/repository/org/jetbrains/kotlin/kotlin-stdlib-common/1.4.31/kotlin-stdlib-common-1.4.31.jar:/home/user/.m2/repository/org/jetbrains/annotations/13.0/annotations-13.0.jar:/home/user/.m2/repository/io/opentracing/opentracing-util/0.33.0/opentracing-util-0.33.0.jar:/home/user/.m2/repository/io/opentracing/opentracing-api/0.33.0/opentracing-api-0.33.0.jar:/home/user/.m2/repository/io/opentracing/opentracing-noop/0.33.0/opentracing-noop-0.33.0.jar:/home/user/.m2/repository/org/yaml/snakeyaml/1.26/snakeyaml-1.26.jar:/home/user/.m2/repository/org/apache/hadoop/hadoop-hdds-interface-admin/1.2.0-SNAPSHOT/hadoop-hdds-interface-admin-1.2.0-SNAPSHOT.jar:/home/user/.m2/repository/junit/junit/4.13.1/junit-4.13.1.jar:/home/user/.m2/repository/org/hamcrest/hamcrest-core/1.3/hamcrest-core-1.3.jar:/home/user/.m2/repository/org/junit/jupiter/junit-jupiter-api/5.7.0/junit-jupiter-api-5.7.0.jar:/home/user/.m2/repository/org/apiguardian/apiguardian-api/1.1.0/apiguardian-api-1.1.0.jar:/home/user/.m2/repository/org/opentest4j/opentest4j/1.2.0/opentest4j-1.2.0.jar:/home/user/.m2/repository/org/junit/platform/junit-platform-commons/1.7.0/junit-platform-commons-1.7.0.jar:/home/user/.m2/repository/org/junit/jupiter/junit-jupiter-engine/5.7.0/junit-jupiter-engine-5.7.0.jar:/home/user/.m2/repository/org/junit/platform/junit-platform-engine/1.7.0/junit-platform-engine-1.7.0.jar:/home/user/.m2/repository/org/junit/vintage/junit-vintage-engine/5.7.0/junit-vintage-engine-5.7.0.jar:/home/user/.m2/repository/org/junit/platform/junit-platform-launcher/1.7.0/junit-platform-launcher-1.7.0.jar:/home/user/.m2/repository/org/openjdk/jmh/jmh-core/1.19/jmh-core-1.19.jar:/home/user/.m2/repository/net/sf/jopt-simple/jopt-simple/4.6/jopt-simple-4.6.jar:/home/user/.m2/repository/org/apache/commons/commons-math3/3.1.1/commons-math3-3.1.1.jar:/home/user/.m2/repository/org/openjdk/jmh/jmh-generator-annprocess/1.19/jmh-generator-annprocess-1.19.jar:/home/user/.m2/repository/org/mockito/mockito-all/1.8.5/mockito-all-1.8.5.jar:/home/user/.m2/repository/org/apache/hadoop/hadoop-kms/3.2.2/hadoop-kms-3.2.2.jar:/home/user/.m2/repository/org/apache/hadoop/hadoop-auth/3.2.2/hadoop-auth-3.2.2.jar:/home/user/.m2/repository/com/nimbusds/nimbus-jose-jwt/7.9/nimbus-jose-jwt-7.9.jar:/home/user/.m2/repository/com/github/stephenc/jcip/jcip-annotations/1.0-1/jcip-annotations-1.0-1.jar:/home/user/.m2/repository/net/minidev/json-smart/2.3/json-smart-2.3.jar:/home/user/.m2/repository/net/minidev/accessors-smart/1.2/accessors-smart-1.2.jar:/home/user/.m2/repository/org/ow2/asm/asm/5.0.4/asm-5.0.4.jar:/home/user/.m2/repository/org/apache/zookeeper/zookeeper/3.4.13/zookeeper-3.4.13.jar:/home/user/.m2/repository/org/apache/yetus/audience-annotations/0.5.0/audience-annotations-0.5.0.jar:/home/user/.m2/repository/org/apache/curator/curator-framework/2.13.0/curator-framework-2.13.0.jar:/home/user/.m2/repository/com/sun/jersey/jersey-core/1.19/jersey-core-1.19.jar:/home/user/.m2/repository/javax/ws/rs/jsr311-api/1.1.1/jsr311-api-1.1.1.jar:/home/user/.m2/repository/com/sun/jersey/jersey-server/1.19/jersey-server-1.19.jar:/home/user/.m2/repository/javax/servlet/javax.servlet-api/3.1.0/javax.servlet-api-3.1.0.jar:/home/user/.m2/repository/org/eclipse/jetty/jetty-server/9.4.35.v20201120/jetty-server-9.4.35.v20201120.jar:/home/user/.m2/repository/org/eclipse/jetty/jetty-http/9.4.35.v20201120/jetty-http-9.4.35.v20201120.jar:/home/user/.m2/repository/org/eclipse/jetty/jetty-io/9.4.35.v20201120/jetty-io-9.4.35.v20201120.jar:/home/user/.m2/repository/org/eclipse/jetty/jetty-webapp/9.4.35.v20201120/jetty-webapp-9.4.35.v20201120.jar:/home/user/.m2/repository/org/eclipse/jetty/jetty-xml/9.4.35.v20201120/jetty-xml-9.4.35.v20201120.jar:/home/user/.m2/repository/org/apache/hadoop/hadoop-common/3.2.2/hadoop-common-3.2.2.jar:/home/user/.m2/repository/commons-net/commons-net/3.6/commons-net-3.6.jar:/home/user/.m2/repository/javax/activation/javax.activation-api/1.2.0/javax.activation-api-1.2.0.jar:/home/user/.m2/repository/com/sun/jersey/jersey-servlet/1.19/jersey-servlet-1.19.jar:/home/user/.m2/repository/com/sun/jersey/jersey-json/1.19/jersey-json-1.19.jar:/home/user/.m2/repository/org/codehaus/jettison/jettison/1.1/jettison-1.1.jar:/home/user/.m2/repository/com/sun/xml/bind/jaxb-impl/2.2.3-1/jaxb-impl-2.2.3-1.jar:/home/user/.m2/repository/org/codehaus/jackson/jackson-jaxrs/1.9.2/jackson-jaxrs-1.9.2.jar:/home/user/.m2/repository/org/codehaus/jackson/jackson-xc/1.9.2/jackson-xc-1.9.2.jar:/home/user/.m2/repository/org/apache/commons/commons-configuration2/2.1.1/commons-configuration2-2.1.1.jar:/home/user/.m2/repository/org/apache/commons/commons-text/1.4/commons-text-1.4.jar:/home/user/.m2/repository/com/google/re2j/re2j/1.1/re2j-1.1.jar:/home/user/.m2/repository/com/jcraft/jsch/0.1.54/jsch-0.1.54.jar:/home/user/.m2/repository/org/apache/curator/curator-client/2.13.0/curator-client-2.13.0.jar:/home/user/.m2/repository/org/apache/curator/curator-recipes/2.13.0/curator-recipes-2.13.0.jar:/home/user/.m2/repository/dnsjava/dnsjava/2.1.7/dnsjava-2.1.7.jar:/home/user/.m2/repository/org/slf4j/jul-to-slf4j/1.7.30/jul-to-slf4j-1.7.30.jar:/home/user/.m2/repository/org/eclipse/jetty/jetty-util/9.4.35.v20201120/jetty-util-9.4.35.v20201120.jar:/home/user/.m2/repository/com/fasterxml/jackson/core/jackson-databind/2.12.1/jackson-databind-2.12.1.jar:/home/user/.m2/repository/org/apache/hadoop/hadoop-kms/3.2.2/hadoop-kms-3.2.2-tests.jar:/home/user/.m2/repository/org/apache/hadoop/hadoop-hdds-server-scm/1.2.0-SNAPSHOT/hadoop-hdds-server-scm-1.2.0-SNAPSHOT-tests.jar:/home/user/.m2/repository/org/apache/hadoop/hadoop-hdds-container-service/1.2.0-SNAPSHOT/hadoop-hdds-container-service-1.2.0-SNAPSHOT-tests.jar:/home/user/.m2/repository/commons-codec/commons-codec/1.11/commons-codec-1.11.jar:/home/user/.m2/repository/org/apache/hadoop/hadoop-hdds-hadoop-dependency-test/1.2.0-SNAPSHOT/hadoop-hdds-hadoop-dependency-test-1.2.0-SNAPSHOT.jar:/home/user/.m2/repository/org/apache/hadoop/hadoop-common/3.2.2/hadoop-common-3.2.2-tests.jar:/home/user/.m2/repository/org/apache/hadoop/hadoop-hdfs/3.2.2/hadoop-hdfs-3.2.2-tests.jar:/home/user/.m2/repository/org/eclipse/jetty/jetty-util-ajax/9.4.35.v20201120/jetty-util-ajax-9.4.35.v20201120.jar:/home/user/.m2/repository/commons-daemon/commons-daemon/1.0.13/commons-daemon-1.0.13.jar:/home/user/.m2/repository/io/netty/netty/3.10.6.Final/netty-3.10.6.Final.jar:/home/user/.m2/repository/io/netty/netty-all/4.1.63.Final/netty-all-4.1.63.Final.jar:/home/user/.m2/repository/org/apache/htrace/htrace-core4/4.1.0-incubating/htrace-core4-4.1.0-incubating.jar:/home/user/.m2/repository/org/apache/hadoop/hadoop-distcp/3.2.2/hadoop-distcp-3.2.2.jar:/home/user/.m2/repository/org/apache/hadoop/hadoop-mapreduce-client-jobclient/3.2.2/hadoop-mapreduce-client-jobclient-3.2.2.jar:/home/user/.m2/repository/org/apache/hadoop/hadoop-mapreduce-client-common/3.2.2/hadoop-mapreduce-client-common-3.2.2.jar:/home/user/.m2/repository/org/apache/hadoop/hadoop-yarn-common/3.2.2/hadoop-yarn-common-3.2.2.jar:/home/user/.m2/repository/org/apache/hadoop/hadoop-yarn-api/3.2.2/hadoop-yarn-api-3.2.2.jar:/home/user/.m2/repository/com/sun/jersey/jersey-client/1.19/jersey-client-1.19.jar:/home/user/.m2/repository/com/sun/jersey/contribs/jersey-guice/1.19/jersey-guice-1.19.jar:/home/user/.m2/repository/com/fasterxml/jackson/jaxrs/jackson-jaxrs-json-provider/2.12.1/jackson-jaxrs-json-provider-2.12.1.jar:/home/user/.m2/repository/com/fasterxml/jackson/jaxrs/jackson-jaxrs-base/2.12.1/jackson-jaxrs-base-2.12.1.jar:/home/user/.m2/repository/org/apache/hadoop/hadoop-yarn-client/3.2.2/hadoop-yarn-client-3.2.2.jar:/home/user/.m2/repository/org/apache/hadoop/hadoop-mapreduce-client-core/3.2.2/hadoop-mapreduce-client-core-3.2.2.jar:/home/user/.m2/repository/org/apache/avro/avro/1.7.7/avro-1.7.7.jar:/home/user/.m2/repository/org/codehaus/jackson/jackson-core-asl/1.9.13/jackson-core-asl-1.9.13.jar:/home/user/.m2/repository/org/codehaus/jackson/jackson-mapper-asl/1.9.13/jackson-mapper-asl-1.9.13.jar:/home/user/.m2/repository/com/thoughtworks/paranamer/paranamer/2.3/paranamer-2.3.jar:/home/user/.m2/repository/org/xerial/snappy/snappy-java/1.0.5/snappy-java-1.0.5.jar:/home/user/.m2/repository/org/apache/hadoop/hadoop-annotations/3.2.2/hadoop-annotations-3.2.2.jar:/usr/lib/jvm/java-1.8.0-openjdk-1.8.0.232.b09-0.el7_7.x86_64/jre/../lib/tools.jar:/home/user/.m2/repository/org/apache/hadoop/hadoop-distcp/3.2.2/hadoop-distcp-3.2.2-tests.jar:"/>
    <property name="sun.cpu.endian" value="little"/>
    <property name="user.home" value="/home/user"/>
    <property name="user.language" value="en"/>
    <property name="java.specification.vendor" value="Oracle Corporation"/>
    <property name="java.home" value="/usr/lib/jvm/java-1.8.0-openjdk-1.8.0.232.b09-0.el7_7.x86_64/jre"/>
    <property name="java.security.krb5.conf" value="/github/workspace/mnt/ozone/hadoop-ozone/integration-test/target/test-classes/krb5.conf"/>
    <property name="basedir" value="/github/workspace/mnt/ozone/hadoop-ozone/integration-test"/>
    <property name="file.separator" value="/"/>
    <property name="line.separator" value="&#10;"/>
    <property name="java.vm.specification.vendor" value="Oracle Corporation"/>
    <property name="java.specification.name" value="Java Platform API Specification"/>
    <property name="java.awt.graphicsenv" value="sun.awt.X11GraphicsEnvironment"/>
    <property name="skip.installnpx" value="true"/>
    <property name="surefire.real.class.path" value="/github/workspace/mnt/ozone/hadoop-ozone/integration-test/target/surefire/surefirebooter4570094974492451140.jar:/home/user/.m2/repository/org/jacoco/org.jacoco.agent/0.8.5/org.jacoco.agent-0.8.5-runtime.jar"/>
    <property name="hadoop.log.dir" value="/github/workspace/mnt/ozone/hadoop-ozone/integration-test/target/log"/>
    <property name="sun.boot.class.path" value="/usr/lib/jvm/java-1.8.0-openjdk-1.8.0.232.b09-0.el7_7.x86_64/jre/lib/resources.jar:/usr/lib/jvm/java-1.8.0-openjdk-1.8.0.232.b09-0.el7_7.x86_64/jre/lib/rt.jar:/usr/lib/jvm/java-1.8.0-openjdk-1.8.0.232.b09-0.el7_7.x86_64/jre/lib/sunrsasign.jar:/usr/lib/jvm/java-1.8.0-openjdk-1.8.0.232.b09-0.el7_7.x86_64/jre/lib/jsse.jar:/usr/lib/jvm/java-1.8.0-openjdk-1.8.0.232.b09-0.el7_7.x86_64/jre/lib/jce.jar:/usr/lib/jvm/java-1.8.0-openjdk-1.8.0.232.b09-0.el7_7.x86_64/jre/lib/charsets.jar:/usr/lib/jvm/java-1.8.0-openjdk-1.8.0.232.b09-0.el7_7.x86_64/jre/lib/jfr.jar:/usr/lib/jvm/java-1.8.0-openjdk-1.8.0.232.b09-0.el7_7.x86_64/jre/classes"/>
    <property name="sun.management.compiler" value="HotSpot 64-Bit Tiered Compilers"/>
    <property name="skip.npx" value="true"/>
    <property name="java.runtime.version" value="1.8.0_232-b09"/>
    <property name="java.net.preferIPv4Stack" value="true"/>
    <property name="user.name" value="jenkins1001"/>
    <property name="path.separator" value=":"/>
    <property name="java.security.egd" value="file:///dev/urandom"/>
    <property name="os.version" value="5.4.0-1047-azure"/>
    <property name="java.endorsed.dirs" value="/usr/lib/jvm/java-1.8.0-openjdk-1.8.0.232.b09-0.el7_7.x86_64/jre/lib/endorsed"/>
    <property name="java.runtime.name" value="OpenJDK Runtime Environment"/>
    <property name="file.encoding" value="ANSI_X3.4-1968"/>
    <property name="java.vm.name" value="OpenJDK 64-Bit Server VM"/>
    <property name="test.build.webapps" value=""/>
    <property name="localRepository" value="/home/user/.m2/repository"/>
    <property name="java.vendor.url.bug" value="http://bugreport.sun.com/bugreport/"/>
    <property name="java.io.tmpdir" value="/tmp"/>
    <property name="require.test.libhadoop" value=""/>
    <property name="java.version" value="1.8.0_232"/>
    <property name="user.dir" value="/github/workspace/mnt/ozone/hadoop-ozone/integration-test"/>
    <property name="os.arch" value="amd64"/>
    <property name="java.vm.specification.name" value="Java Virtual Machine Specification"/>
    <property name="test.build.classes" value="/github/workspace/mnt/ozone/hadoop-ozone/integration-test/target/test-classes"/>
    <property name="java.awt.printerjob" value="sun.print.PSPrinterJob"/>
    <property name="sun.os.patch.level" value="unknown"/>
    <property name="hadoop.tmp.dir" value="/github/workspace/mnt/ozone/hadoop-ozone/integration-test/target/tmp"/>
    <property name="java.library.path" value="/usr/lib:/usr/java/packages/lib/amd64:/usr/lib64:/lib64:/lib:/usr/lib"/>
    <property name="java.vm.info" value="mixed mode"/>
    <property name="java.vendor" value="Oracle Corporation"/>
    <property name="java.vm.version" value="25.232-b09"/>
    <property name="java.ext.dirs" value="/usr/lib/jvm/java-1.8.0-openjdk-1.8.0.232.b09-0.el7_7.x86_64/jre/lib/ext:/usr/java/packages/lib/ext"/>
    <property name="sun.io.unicode.encoding" value="UnicodeLittle"/>
    <property name="java.class.version" value="52.0"/>
  </properties>
  <testcase name="test2DatanodesFailure" classname="org.apache.hadoop.ozone.client.rpc.TestBlockOutputStreamWithFailuresFlushDelay" time="68.7"/>
  <testcase name="testDatanodeFailureWithPreAllocation" classname="org.apache.hadoop.ozone.client.rpc.TestBlockOutputStreamWithFailuresFlushDelay" time="300.011">
    <error message="test timed out after 300 seconds" type="org.junit.runners.model.TestTimedOutException">org.junit.runners.model.TestTimedOutException: test timed out after 300 seconds
	at java.lang.Object.wait(Native Method)
	at java.util.concurrent.ForkJoinTask.externalAwaitDone(ForkJoinTask.java:334)
	at java.util.concurrent.ForkJoinTask.doInvoke(ForkJoinTask.java:405)
	at java.util.concurrent.ForkJoinTask.invoke(ForkJoinTask.java:734)
	at java.util.stream.ForEachOps$ForEachOp.evaluateParallel(ForEachOps.java:159)
	at java.util.stream.ForEachOps$ForEachOp$OfRef.evaluateParallel(ForEachOps.java:173)
	at java.util.stream.AbstractPipeline.evaluate(AbstractPipeline.java:233)
	at java.util.stream.ReferencePipeline.forEach(ReferencePipeline.java:485)
	at java.util.stream.ReferencePipeline$Head.forEach(ReferencePipeline.java:650)
	at org.apache.hadoop.ozone.MiniOzoneClusterImpl.stopDatanodes(MiniOzoneClusterImpl.java:519)
	at org.apache.hadoop.ozone.MiniOzoneClusterImpl.stop(MiniOzoneClusterImpl.java:460)
	at org.apache.hadoop.ozone.MiniOzoneClusterImpl.shutdown(MiniOzoneClusterImpl.java:447)
	at org.apache.hadoop.ozone.client.rpc.TestBlockOutputStreamWithFailuresFlushDelay.shutdown(TestBlockOutputStreamWithFailuresFlushDelay.java:159)
	at sun.reflect.NativeMethodAccessorImpl.invoke0(Native Method)
	at sun.reflect.NativeMethodAccessorImpl.invoke(NativeMethodAccessorImpl.java:62)
	at sun.reflect.DelegatingMethodAccessorImpl.invoke(DelegatingMethodAccessorImpl.java:43)
	at java.lang.reflect.Method.invoke(Method.java:498)
	at org.junit.runners.model.FrameworkMethod$1.runReflectiveCall(FrameworkMethod.java:59)
	at org.junit.internal.runners.model.ReflectiveCallable.run(ReflectiveCallable.java:12)
	at org.junit.runners.model.FrameworkMethod.invokeExplosively(FrameworkMethod.java:56)
	at org.junit.internal.runners.statements.RunAfters.invokeMethod(RunAfters.java:46)
	at org.junit.internal.runners.statements.RunAfters.evaluate(RunAfters.java:33)
	at org.junit.internal.runners.statements.FailOnTimeout$CallableStatement.call(FailOnTimeout.java:288)
	at org.junit.internal.runners.statements.FailOnTimeout$CallableStatement.call(FailOnTimeout.java:282)
	at java.util.concurrent.FutureTask.run(FutureTask.java:266)
	at java.lang.Thread.run(Thread.java:748)
</error>
    <system-out><![CDATA[2021-05-19 07:41:52,725 [Time-limited test] WARN  server.ServerUtils (ServerUtils.java:getScmDbDir(148)) - ozone.scm.db.dirs is not configured. We recommend adding this setting. Falling back to ozone.metadata.dirs instead.
2021-05-19 07:41:52,727 [Time-limited test] INFO  ha.SCMHANodeDetails (SCMHANodeDetails.java:loadSCMHAConfig(149)) - ServiceID for StorageContainerManager is null
2021-05-19 07:41:52,727 [Time-limited test] INFO  ha.SCMHANodeDetails (SCMHANodeDetails.java:loadSCMHAConfig(154)) - ozone.scm.default.service.id is not defined, falling back to ozone.scm.service.ids to find serviceID for StorageContainerManager if it is HA enabled cluster
2021-05-19 07:41:52,728 [Time-limited test] WARN  server.ServerUtils (ServerUtils.java:getScmDbDir(148)) - ozone.scm.db.dirs is not configured. We recommend adding this setting. Falling back to ozone.metadata.dirs instead.
2021-05-19 07:41:52,728 [Time-limited test] WARN  utils.HAUtils (HAUtils.java:getMetaDir(338)) - ozone.scm.db.dirs is not configured. We recommend adding this setting. Falling back to ozone.metadata.dirs instead.
2021-05-19 07:41:52,730 [Time-limited test] WARN  db.DBStoreBuilder (DBStoreBuilder.java:applyDBDefinition(145)) - ozone.scm.db.dirs is not configured. We recommend adding this setting. Falling back to ozone.metadata.dirs instead.
2021-05-19 07:41:52,799 [Time-limited test] INFO  net.NodeSchemaLoader (NodeSchemaLoader.java:loadSchemaFromFile(129)) - Loading schema from [jar:file:/home/user/.m2/repository/org/apache/hadoop/hadoop-hdds-common/1.2.0-SNAPSHOT/hadoop-hdds-common-1.2.0-SNAPSHOT.jar!/network-topology-default.xml, jar:file:/home/user/.m2/repository/org/apache/hadoop/hadoop-ozone-ozone-manager/1.2.0-SNAPSHOT/hadoop-ozone-ozone-manager-1.2.0-SNAPSHOT-tests.jar!/network-topology-default.xml, jar:file:/home/user/.m2/repository/org/apache/hadoop/hadoop-hdds-server-scm/1.2.0-SNAPSHOT/hadoop-hdds-server-scm-1.2.0-SNAPSHOT-tests.jar!/network-topology-default.xml]
2021-05-19 07:41:52,799 [Time-limited test] INFO  net.NodeSchemaLoader (NodeSchemaLoader.java:loadSchema(176)) - Loading network topology layer schema file
2021-05-19 07:41:52,802 [Time-limited test] INFO  ha.SequenceIdGenerator (SequenceIdGenerator.java:upgradeToSequenceId(300)) - upgrade localId to 107544261427200000
2021-05-19 07:41:52,802 [Time-limited test] INFO  ha.SequenceIdGenerator (SequenceIdGenerator.java:upgradeToSequenceId(310)) - upgrade delTxnId to 0
2021-05-19 07:41:52,802 [Time-limited test] INFO  ha.SequenceIdGenerator (SequenceIdGenerator.java:upgradeToSequenceId(324)) - upgrade containerId to 0
2021-05-19 07:41:52,802 [Time-limited test] INFO  ha.SequenceIdGenerator (SequenceIdGenerator.java:<init>(196)) - Init the HA SequenceIdGenerator.
2021-05-19 07:41:52,803 [Time-limited test] WARN  server.ServerUtils (ServerUtils.java:sanitizeUserArgs(67)) - ozone.scm.dead.node.interval value = 10000 is smaller than min = 20000 based on the key value of ozone.scm.stale.node.interval, reset to the min value 20000.
2021-05-19 07:41:52,803 [Time-limited test] INFO  node.SCMNodeManager (SCMNodeManager.java:<init>(125)) - Entering startup safe mode.
2021-05-19 07:41:52,804 [Time-limited test] INFO  algorithms.ContainerPlacementPolicyFactory (ContainerPlacementPolicyFactory.java:getPolicy(60)) - Create container placement policy of type org.apache.hadoop.hdds.scm.container.placement.algorithms.SCMContainerPlacementRandom
2021-05-19 07:41:52,804 [Time-limited test] INFO  pipeline.PipelineStateManager (PipelineStateManagerV2Impl.java:initialize(78)) - No pipeline exists in current db
2021-05-19 07:41:52,804 [Time-limited test] INFO  algorithms.LeaderChoosePolicyFactory (LeaderChoosePolicyFactory.java:getPolicy(57)) - Create leader choose policy of type org.apache.hadoop.hdds.scm.pipeline.leader.choose.algorithms.MinLeaderCountChoosePolicy
2021-05-19 07:41:52,804 [Time-limited test] INFO  ha.SCMServiceManager (SCMServiceManager.java:register(43)) - Registering service BackgroundPipelineCreator.
2021-05-19 07:41:52,804 [Time-limited test] INFO  pipeline.BackgroundPipelineCreator (BackgroundPipelineCreatorV2.java:start(130)) - Starting RatisPipelineUtilsThread.
2021-05-19 07:41:52,805 [Time-limited test] INFO  algorithms.PipelineChoosePolicyFactory (PipelineChoosePolicyFactory.java:createPipelineChoosePolicyFromClass(73)) - Create pipeline choose policy of type org.apache.hadoop.hdds.scm.pipeline.choose.algorithms.RandomPipelineChoosePolicy
2021-05-19 07:41:52,805 [Time-limited test] INFO  ha.SCMServiceManager (SCMServiceManager.java:register(43)) - Registering service SCMBlockDeletingService.
2021-05-19 07:41:52,806 [Time-limited test] INFO  ha.SCMServiceManager (SCMServiceManager.java:register(43)) - Registering service ReplicationManager.
2021-05-19 07:41:52,806 [Time-limited test] INFO  container.ReplicationManager (ReplicationManager.java:start(226)) - Starting Replication Monitor Thread.
2021-05-19 07:41:52,806 [Time-limited test] INFO  safemode.HealthyPipelineSafeModeRule (HealthyPipelineSafeModeRule.java:<init>(90)) - Total pipeline count is 0, healthy pipeline threshold count is 0
2021-05-19 07:41:52,807 [Time-limited test] INFO  safemode.OneReplicaPipelineSafeModeRule (OneReplicaPipelineSafeModeRule.java:<init>(86)) - Total pipeline count is 0, pipeline's with at least one datanode reported threshold count is 0
2021-05-19 07:41:52,807 [Time-limited test] INFO  ipc.CallQueueManager (CallQueueManager.java:<init>(85)) - Using callQueue: class java.util.concurrent.LinkedBlockingQueue, queueCapacity: 2000, scheduler: class org.apache.hadoop.ipc.DefaultRpcScheduler, ipcBackoff: false.
2021-05-19 07:41:52,808 [ReplicationMonitor] INFO  container.ReplicationManager (ReplicationManager.java:run(290)) - Replication Monitor Thread took 0 milliseconds for processing 0 containers.
2021-05-19 07:41:52,809 [Listener at 0.0.0.0/33831] INFO  ipc.CallQueueManager (CallQueueManager.java:<init>(85)) - Using callQueue: class java.util.concurrent.LinkedBlockingQueue, queueCapacity: 2000, scheduler: class org.apache.hadoop.ipc.DefaultRpcScheduler, ipcBackoff: false.
2021-05-19 07:41:52,809 [Socket Reader #1 for port 0] INFO  ipc.Server (Server.java:run(1255)) - Starting Socket Reader #1 for port 0
2021-05-19 07:41:52,810 [Listener at 0.0.0.0/38881] INFO  ipc.CallQueueManager (CallQueueManager.java:<init>(85)) - Using callQueue: class java.util.concurrent.LinkedBlockingQueue, queueCapacity: 2000, scheduler: class org.apache.hadoop.ipc.DefaultRpcScheduler, ipcBackoff: false.
2021-05-19 07:41:52,812 [Socket Reader #1 for port 0] INFO  ipc.Server (Server.java:run(1255)) - Starting Socket Reader #1 for port 0
2021-05-19 07:41:52,815 [Listener at 0.0.0.0/36437] INFO  server.StorageContainerManager (StorageContainerManager.java:<init>(416)) - Container Balancer status:
Key                            Value
Running                        false
Container Balancer Configuration values:
Key                            Value
Threshold                      0.100000
Max Datanodes to Balance       5
Max Size to Move               10737418240B

2021-05-19 07:41:52,815 [Listener at 0.0.0.0/36437] WARN  events.EventQueue (EventQueue.java:fireEvent(185)) - No event handler registered for event TypedEvent{payloadType=SafeModeStatus, name='Safe mode status'}
2021-05-19 07:41:52,815 [Listener at 0.0.0.0/36437] INFO  ha.SCMContext (SCMContext.java:updateSafeModeStatus(147)) - Update SafeModeStatus from SafeModeStatus{safeModeStatus=true, preCheckPassed=false} to SafeModeStatus{safeModeStatus=true, preCheckPassed=false}.
2021-05-19 07:41:52,816 [Listener at 0.0.0.0/36437] INFO  server.StorageContainerManager (StorageContainerManager.java:start(1169)) - StorageContainerLocationProtocol RPC server is listening at /0.0.0.0:36437
2021-05-19 07:41:52,817 [Listener at 0.0.0.0/36437] WARN  impl.MetricsConfig (MetricsConfig.java:loadFirst(136)) - Cannot locate configuration: tried hadoop-metrics2-storagecontainermanager.properties,hadoop-metrics2.properties
2021-05-19 07:41:52,819 [Socket Reader #1 for port 0] INFO  ipc.Server (Server.java:run(1255)) - Starting Socket Reader #1 for port 0
2021-05-19 07:41:52,823 [Listener at 0.0.0.0/36437] INFO  impl.MetricsSystemImpl (MetricsSystemImpl.java:startTimer(378)) - Scheduled Metric snapshot period at 10 second(s).
2021-05-19 07:41:52,824 [Listener at 0.0.0.0/36437] INFO  impl.MetricsSystemImpl (MetricsSystemImpl.java:start(191)) - StorageContainerManager metrics system started
2021-05-19 07:41:52,840 [Listener at 0.0.0.0/36437] INFO  impl.MetricsSinkAdapter (MetricsSinkAdapter.java:start(204)) - Sink prometheus started
2021-05-19 07:41:52,840 [Listener at 0.0.0.0/36437] INFO  impl.MetricsSystemImpl (MetricsSystemImpl.java:registerSink(305)) - Registered sink prometheus
2021-05-19 07:41:52,842 [Listener at 0.0.0.0/36437] INFO  server.SCMClientProtocolServer (SCMClientProtocolServer.java:start(163)) - RPC server for Client  is listening at /0.0.0.0:36437
2021-05-19 07:41:52,842 [IPC Server Responder] INFO  ipc.Server (Server.java:run(1497)) - IPC Server Responder: starting
2021-05-19 07:41:52,842 [IPC Server listener on 0] INFO  ipc.Server (Server.java:run(1334)) - IPC Server listener on 0: starting
2021-05-19 07:41:52,844 [Listener at 0.0.0.0/36437] INFO  server.StorageContainerManager (StorageContainerManager.java:start(1184)) - ScmBlockLocationProtocol RPC server is listening at /0.0.0.0:38881
2021-05-19 07:41:52,845 [Listener at 0.0.0.0/36437] INFO  server.SCMBlockProtocolServer (SCMBlockProtocolServer.java:start(149)) - RPC server for Block Protocol is listening at /0.0.0.0:38881
2021-05-19 07:41:52,845 [IPC Server Responder] INFO  ipc.Server (Server.java:run(1497)) - IPC Server Responder: starting
2021-05-19 07:41:52,845 [IPC Server listener on 0] INFO  ipc.Server (Server.java:run(1334)) - IPC Server listener on 0: starting
2021-05-19 07:41:52,851 [Listener at 0.0.0.0/36437] INFO  server.StorageContainerManager (StorageContainerManager.java:start(1190)) - ScmDatanodeProtocl RPC server is listening at /0.0.0.0:33831
2021-05-19 07:41:52,851 [Listener at 0.0.0.0/36437] INFO  server.SCMDatanodeProtocolServer (SCMDatanodeProtocolServer.java:start(174)) - RPC server for DataNodes is listening at /0.0.0.0:33831
2021-05-19 07:41:52,852 [IPC Server Responder] INFO  ipc.Server (Server.java:run(1497)) - IPC Server Responder: starting
2021-05-19 07:41:52,852 [IPC Server listener on 0] INFO  ipc.Server (Server.java:run(1334)) - IPC Server listener on 0: starting
2021-05-19 07:41:52,859 [org.apache.hadoop.util.JvmPauseMonitor$Monitor@569089a] INFO  util.JvmPauseMonitor (JvmPauseMonitor.java:run(188)) - Starting JVM pause monitor
2021-05-19 07:41:52,869 [Listener at 0.0.0.0/36437] INFO  http.BaseHttpServer (BaseHttpServer.java:newHttpServer2BuilderForOzone(209)) - Starting Web-server for scm at: http://0.0.0.0:0
2021-05-19 07:41:52,869 [Listener at 0.0.0.0/36437] INFO  http.BaseHttpServer (BaseHttpServer.java:<init>(107)) - Hadoop Security Enabled: false Ozone Security Enabled: false Ozone HTTP Security Enabled: false 
2021-05-19 07:41:52,870 [Listener at 0.0.0.0/36437] INFO  server.AuthenticationFilter (AuthenticationFilter.java:constructSecretProvider(240)) - Unable to initialize FileSignerSecretProvider, falling back to use random secrets.
2021-05-19 07:41:52,871 [Listener at 0.0.0.0/36437] WARN  http.HttpRequestLog (HttpRequestLog.java:getRequestLog(103)) - Jetty request log can only be enabled using Log4j
2021-05-19 07:41:52,872 [Listener at 0.0.0.0/36437] INFO  http.HttpServer2 (HttpServer2.java:addGlobalFilter(1020)) - Added global filter 'safety' (class=org.apache.hadoop.hdds.server.http.HttpServer2$QuotingInputFilter)
2021-05-19 07:41:52,872 [Listener at 0.0.0.0/36437] INFO  http.HttpServer2 (HttpServer2.java:addFilter(996)) - Added filter static_user_filter (class=org.apache.hadoop.http.lib.StaticUserWebFilter$StaticUserFilter) to context scm
2021-05-19 07:41:52,872 [Listener at 0.0.0.0/36437] INFO  http.HttpServer2 (HttpServer2.java:addFilter(1004)) - Added filter static_user_filter (class=org.apache.hadoop.http.lib.StaticUserWebFilter$StaticUserFilter) to context logs
2021-05-19 07:41:52,872 [Listener at 0.0.0.0/36437] INFO  http.HttpServer2 (HttpServer2.java:addFilter(1004)) - Added filter static_user_filter (class=org.apache.hadoop.http.lib.StaticUserWebFilter$StaticUserFilter) to context static
2021-05-19 07:41:52,873 [Listener at 0.0.0.0/36437] INFO  http.HttpServer2 (HttpServer2.java:bindListener(1238)) - Jetty bound to port 35965
2021-05-19 07:41:52,873 [Listener at 0.0.0.0/36437] INFO  server.Server (Server.java:doStart(375)) - jetty-9.4.35.v20201120; built: 2020-11-20T21:17:03.964Z; git: bdc54f03a5e0a7e280fab27f55c3c75ee8da89fb; jvm 1.8.0_232-b09
2021-05-19 07:41:52,874 [Listener at 0.0.0.0/36437] INFO  server.session (DefaultSessionIdManager.java:doStart(334)) - DefaultSessionIdManager workerName=node0
2021-05-19 07:41:52,874 [Listener at 0.0.0.0/36437] INFO  server.session (DefaultSessionIdManager.java:doStart(339)) - No SessionScavenger set, using defaults
2021-05-19 07:41:52,874 [Listener at 0.0.0.0/36437] INFO  server.session (HouseKeeper.java:startScavenging(132)) - node0 Scavenging every 660000ms
2021-05-19 07:41:52,875 [Listener at 0.0.0.0/36437] INFO  handler.ContextHandler (ContextHandler.java:doStart(916)) - Started o.e.j.s.ServletContextHandler@5f12e866{logs,/logs,file:///github/workspace/mnt/ozone/hadoop-ozone/integration-test/target/log,AVAILABLE}
2021-05-19 07:41:52,876 [Listener at 0.0.0.0/36437] INFO  handler.ContextHandler (ContextHandler.java:doStart(916)) - Started o.e.j.s.ServletContextHandler@2fddaaf2{static,/static,file:///github/workspace/mnt/ozone/hadoop-ozone/integration-test/target/test-classes/webapps/static,AVAILABLE}
2021-05-19 07:41:52,879 [Listener at 0.0.0.0/36437] INFO  handler.ContextHandler (ContextHandler.java:doStart(916)) - Started o.e.j.w.WebAppContext@1176964b{scm,/,file:///github/workspace/mnt/ozone/hadoop-ozone/integration-test/target/test-classes/webapps/scm/,AVAILABLE}{file:/github/workspace/mnt/ozone/hadoop-ozone/integration-test/target/test-classes/webapps/scm}
2021-05-19 07:41:52,880 [Listener at 0.0.0.0/36437] INFO  server.AbstractConnector (AbstractConnector.java:doStart(331)) - Started ServerConnector@76797ac9{HTTP/1.1, (http/1.1)}{0.0.0.0:35965}
2021-05-19 07:41:52,880 [Listener at 0.0.0.0/36437] INFO  server.Server (Server.java:doStart(415)) - Started @69781ms
2021-05-19 07:41:52,880 [Listener at 0.0.0.0/36437] WARN  impl.MetricsSystemImpl (MetricsSystemImpl.java:register(279)) - Sink prometheus already exists!
2021-05-19 07:41:52,883 [Listener at 0.0.0.0/36437] INFO  http.BaseHttpServer (BaseHttpServer.java:updateConnectorAddress(329)) - HTTP server of scm listening at http://0.0.0.0:35965
2021-05-19 07:41:52,883 [Listener at 0.0.0.0/36437] WARN  server.ServerUtils (ServerUtils.java:getDBPath(225)) - ozone.om.db.dirs is not configured. We recommend adding this setting. Falling back to ozone.metadata.dirs instead.
2021-05-19 07:41:52,885 [Listener at 0.0.0.0/36437] INFO  ha.OMHANodeDetails (OMHANodeDetails.java:loadOMHAConfig(105)) - ozone.om.internal.service.id is not defined, falling back to ozone.om.service.ids to find serviceID for OzoneManager if it is HA enabled cluster
2021-05-19 07:41:52,885 [Listener at 0.0.0.0/36437] INFO  ha.OMHANodeDetails (OMHANodeDetails.java:loadOMHAConfig(212)) - Configuration does not have ozone.om.address set. Falling back to the default OM address /127.0.0.1:0
2021-05-19 07:41:52,885 [Listener at 0.0.0.0/36437] INFO  ha.OMHANodeDetails (OMHANodeDetails.java:getOMNodeDetails(240)) - OM Service ID is not set. Setting it to the default ID: omServiceIdDefault
2021-05-19 07:41:52,885 [Listener at 0.0.0.0/36437] INFO  ha.OMHANodeDetails (OMHANodeDetails.java:getOMNodeDetails(247)) - OM Node ID is not set. Setting it to the default ID: om1
2021-05-19 07:41:52,885 [Listener at 0.0.0.0/36437] WARN  server.ServerUtils (ServerUtils.java:getDBPath(225)) - ozone.om.db.dirs is not configured. We recommend adding this setting. Falling back to ozone.metadata.dirs instead.
2021-05-19 07:41:52,885 [Listener at 0.0.0.0/36437] WARN  server.ServerUtils (ServerUtils.java:getDBPath(225)) - ozone.om.db.dirs is not configured. We recommend adding this setting. Falling back to ozone.metadata.dirs instead.
2021-05-19 07:41:52,891 [Listener at 0.0.0.0/36437] WARN  server.ServerUtils (ServerUtils.java:getDBPath(225)) - ozone.om.db.dirs is not configured. We recommend adding this setting. Falling back to ozone.metadata.dirs instead.
2021-05-19 07:41:52,892 [Listener at 0.0.0.0/36437] INFO  codec.OmKeyInfoCodec (OmKeyInfoCodec.java:<init>(43)) - OmKeyInfoCodec ignorePipeline = true
2021-05-19 07:41:52,892 [Listener at 0.0.0.0/36437] INFO  codec.RepeatedOmKeyInfoCodec (RepeatedOmKeyInfoCodec.java:<init>(42)) - RepeatedOmKeyInfoCodec ignorePipeline = true
2021-05-19 07:41:52,960 [Listener at 0.0.0.0/36437] INFO  om.OzoneManager (OzoneManager.java:addS3GVolumeToDB(3726)) - Created Volume s3v With Owner jenkins1001 required for S3Gateway operations.
2021-05-19 07:41:52,961 [Listener at 0.0.0.0/36437] WARN  server.ServerUtils (ServerUtils.java:getDefaultRatisDirectory(237)) - Storage directory for Ratis is not configured. It is a good idea to map this to an SSD disk. Falling back to ozone.metadata.dirs
2021-05-19 07:41:52,961 [Listener at 0.0.0.0/36437] WARN  ratis.OzoneManagerRatisServer (OzoneManagerRatisServer.java:getOMRatisSnapshotDirectory(634)) - ozone.om.ratis.snapshot.dir is not configured. Falling back to ozone.metadata.dirs config
2021-05-19 07:41:52,961 [Listener at 0.0.0.0/36437] WARN  server.ServerUtils (ServerUtils.java:getDefaultRatisDirectory(237)) - Storage directory for Ratis is not configured. It is a good idea to map this to an SSD disk. Falling back to ozone.metadata.dirs
2021-05-19 07:41:52,962 [Listener at 0.0.0.0/36437] INFO  ratis.OzoneManagerRatisServer (OzoneManagerRatisServer.java:<init>(288)) - Instantiating OM Ratis server with GroupID: omServiceIdDefault and Raft Peers: localhost:9872
2021-05-19 07:41:52,962 [Listener at 0.0.0.0/36437] INFO  ratis.OzoneManagerStateMachine (OzoneManagerStateMachine.java:loadSnapshotInfoFromDB(520)) - LastAppliedIndex is set from TransactionInfo from OM DB as (t:0, i:~)
2021-05-19 07:41:52,963 [Listener at 0.0.0.0/36437] INFO  server.RaftServer (ConfUtils.java:logGet(44)) - raft.rpc.type = GRPC (default)
2021-05-19 07:41:52,963 [Listener at 0.0.0.0/36437] INFO  grpc.GrpcFactory (GrpcFactory.java:checkPooledByteBufAllocatorUseCacheForAllThreads(48)) - PERFORMANCE WARNING: useCacheForAllThreads is true that may cause Netty to create a lot garbage objects and, as a result, trigger GC.
	It is recommended to disable useCacheForAllThreads by setting -Dorg.apache.ratis.thirdparty.io.netty.allocator.useCacheForAllThreads=false in command line.
2021-05-19 07:41:52,963 [Listener at 0.0.0.0/36437] INFO  grpc.GrpcConfigKeys (ConfUtils.java:logGet(44)) - raft.grpc.admin.port = -1 (default)
2021-05-19 07:41:52,963 [Listener at 0.0.0.0/36437] INFO  grpc.GrpcConfigKeys (ConfUtils.java:logGet(44)) - raft.grpc.server.port = 9872 (custom)
2021-05-19 07:41:52,963 [Listener at 0.0.0.0/36437] INFO  grpc.GrpcConfigKeys (ConfUtils.java:logGet(44)) - raft.grpc.client.port = -1 (default)
2021-05-19 07:41:52,963 [Listener at 0.0.0.0/36437] INFO  grpc.GrpcConfigKeys (ConfUtils.java:logGet(44)) - raft.grpc.server.port = 9872 (custom)
2021-05-19 07:41:52,963 [Listener at 0.0.0.0/36437] INFO  grpc.GrpcConfigKeys (ConfUtils.java:logGet(44)) - raft.grpc.server.port = 9872 (custom)
2021-05-19 07:41:52,963 [Listener at 0.0.0.0/36437] INFO  server.GrpcService (ConfUtils.java:logGet(44)) - raft.grpc.message.size.max = 33554432 (custom)
2021-05-19 07:41:52,964 [Listener at 0.0.0.0/36437] INFO  server.RaftServerConfigKeys (ConfUtils.java:logGet(44)) - raft.server.log.appender.buffer.byte-limit = 33554432 (custom)
2021-05-19 07:41:52,964 [Listener at 0.0.0.0/36437] INFO  server.GrpcService (ConfUtils.java:logGet(44)) - raft.grpc.flow.control.window = 1MB (=1048576) (default)
2021-05-19 07:41:52,964 [Listener at 0.0.0.0/36437] INFO  server.RaftServerConfigKeys (ConfUtils.java:logGet(44)) - raft.server.rpc.request.timeout = 3000ms (default)
2021-05-19 07:41:52,965 [Listener at 0.0.0.0/36437] INFO  impl.DataStreamServerImpl (ConfUtils.java:logGet(44)) - raft.datastream.type = DISABLED (default)
2021-05-19 07:41:52,965 [Listener at 0.0.0.0/36437] INFO  server.RaftServerConfigKeys (ConfUtils.java:logGet(44)) - raft.server.rpc.slowness.timeout = 120s (custom)
2021-05-19 07:41:52,965 [Listener at 0.0.0.0/36437] INFO  server.RaftServerConfigKeys (ConfUtils.java:logGet(44)) - raft.server.leaderelection.leader.step-down.wait-time = 10s (default)
2021-05-19 07:41:52,965 [Listener at 0.0.0.0/36437] INFO  server.RaftServerConfigKeys (ConfUtils.java:logGet(44)) - raft.server.storage.dir = [/github/workspace/mnt/ozone/hadoop-ozone/integration-test/target/test-dir/MiniOzoneClusterImpl-952c9dfc-8967-4523-b06f-60d3bd5de2bf/ozone-meta/ratis] (custom)
2021-05-19 07:41:52,966 [Listener at 0.0.0.0/36437] INFO  server.RaftServer (RaftServerProxy.java:addNew(95)) - om1: addNew group-C5BA1605619E:[om1|rpc:localhost:9872|priority:0] returns group-C5BA1605619E:java.util.concurrent.CompletableFuture@6a0c4fc3[Not completed]
2021-05-19 07:41:52,966 [Listener at 0.0.0.0/36437] INFO  om.OzoneManager (OzoneManager.java:initializeRatisServer(1285)) - OzoneManager Ratis server initialized at port 9872
2021-05-19 07:41:52,968 [pool-218-thread-1] INFO  server.RaftServer$Division (RaftServerImpl.java:<init>(180)) - om1: new RaftServerImpl for group-C5BA1605619E:[om1|rpc:localhost:9872|priority:0] with OzoneManagerStateMachine:uninitialized
2021-05-19 07:41:52,968 [Listener at 0.0.0.0/36437] INFO  ipc.CallQueueManager (CallQueueManager.java:<init>(85)) - Using callQueue: class java.util.concurrent.LinkedBlockingQueue, queueCapacity: 2000, scheduler: class org.apache.hadoop.ipc.DefaultRpcScheduler, ipcBackoff: false.
2021-05-19 07:41:52,969 [pool-218-thread-1] INFO  server.RaftServerConfigKeys (ConfUtils.java:logGet(44)) - raft.server.rpc.timeout.min = 1s (custom)
2021-05-19 07:41:52,969 [pool-218-thread-1] INFO  server.RaftServerConfigKeys (ConfUtils.java:logGet(44)) - raft.server.rpc.timeout.max = 1200ms (custom)
2021-05-19 07:41:52,969 [pool-218-thread-1] INFO  server.RaftServerConfigKeys (ConfUtils.java:logGet(44)) - raft.server.rpc.sleep.time = 25ms (default)
2021-05-19 07:41:52,969 [pool-218-thread-1] INFO  server.RaftServerConfigKeys (ConfUtils.java:logGet(44)) - raft.server.rpc.slowness.timeout = 120s (custom)
2021-05-19 07:41:52,970 [pool-218-thread-1] INFO  server.RaftServerConfigKeys (ConfUtils.java:logGet(44)) - raft.server.leaderelection.leader.step-down.wait-time = 10s (default)
2021-05-19 07:41:52,970 [pool-218-thread-1] INFO  server.RaftServerConfigKeys (ConfUtils.java:logGet(44)) - raft.server.sleep.deviation.threshold = 300ms (default)
2021-05-19 07:41:52,970 [pool-218-thread-1] INFO  server.RaftServerConfigKeys (ConfUtils.java:logGet(44)) - raft.server.log.appender.install.snapshot.enabled = false (custom)
2021-05-19 07:41:52,970 [pool-218-thread-1] INFO  server.RaftServer$Division (ServerState.java:<init>(105)) - om1@group-C5BA1605619E: ConfigurationManager, init=-1: [om1|rpc:localhost:9872|priority:0], old=null, confs=<EMPTY_MAP>
2021-05-19 07:41:52,970 [pool-218-thread-1] INFO  server.RaftServerConfigKeys (ConfUtils.java:logGet(44)) - raft.server.storage.dir = [/github/workspace/mnt/ozone/hadoop-ozone/integration-test/target/test-dir/MiniOzoneClusterImpl-952c9dfc-8967-4523-b06f-60d3bd5de2bf/ozone-meta/ratis] (custom)
2021-05-19 07:41:52,970 [pool-218-thread-1] INFO  server.RaftServerConfigKeys (ConfUtils.java:logGet(44)) - raft.server.log.corruption.policy = EXCEPTION (default)
2021-05-19 07:41:52,971 [pool-218-thread-1] INFO  storage.RaftStorageDirectory (RaftStorageDirectoryImpl.java:analyzeStorage(132)) - The storage directory /github/workspace/mnt/ozone/hadoop-ozone/integration-test/target/test-dir/MiniOzoneClusterImpl-952c9dfc-8967-4523-b06f-60d3bd5de2bf/ozone-meta/ratis/bf265839-605b-3f16-9796-c5ba1605619e does not exist. Creating ...
2021-05-19 07:41:52,971 [Socket Reader #1 for port 0] INFO  ipc.Server (Server.java:run(1255)) - Starting Socket Reader #1 for port 0
2021-05-19 07:41:52,978 [pool-218-thread-1] INFO  storage.RaftStorageDirectory (RaftStorageDirectoryImpl.java:tryLock(215)) - Lock on /github/workspace/mnt/ozone/hadoop-ozone/integration-test/target/test-dir/MiniOzoneClusterImpl-952c9dfc-8967-4523-b06f-60d3bd5de2bf/ozone-meta/ratis/bf265839-605b-3f16-9796-c5ba1605619e/in_use.lock acquired by nodename 16447@3974e5c036b4
2021-05-19 07:41:52,979 [pool-218-thread-1] INFO  storage.RaftStorage (RaftStorageImpl.java:format(87)) - Storage directory /github/workspace/mnt/ozone/hadoop-ozone/integration-test/target/test-dir/MiniOzoneClusterImpl-952c9dfc-8967-4523-b06f-60d3bd5de2bf/ozone-meta/ratis/bf265839-605b-3f16-9796-c5ba1605619e has been successfully formatted.
2021-05-19 07:41:52,980 [pool-218-thread-1] INFO  server.RaftServerConfigKeys (ConfUtils.java:logGet(44)) - raft.server.notification.no-leader.timeout = 120s (custom)
2021-05-19 07:41:52,980 [pool-218-thread-1] INFO  server.RaftServerConfigKeys (ConfUtils.java:logGet(44)) - raft.server.log.use.memory = false (default)
2021-05-19 07:41:52,980 [pool-218-thread-1] INFO  server.RaftServerConfigKeys (ConfUtils.java:logGet(44)) - raft.server.log.purge.gap = 1000000 (custom)
2021-05-19 07:41:52,980 [pool-218-thread-1] INFO  server.RaftServerConfigKeys (ConfUtils.java:logGet(44)) - raft.server.log.appender.buffer.byte-limit = 33554432 (custom)
2021-05-19 07:41:52,980 [pool-218-thread-1] INFO  metrics.RatisMetrics (RatisMetrics.java:lambda$create$0(36)) - Creating Metrics Registry : ratis.log_worker.om1@group-C5BA1605619E
2021-05-19 07:41:52,980 [pool-218-thread-1] INFO  server.RaftServerConfigKeys (ConfUtils.java:logGet(44)) - raft.server.log.segment.size.max = 4194304 (custom)
2021-05-19 07:41:52,980 [pool-218-thread-1] INFO  server.RaftServerConfigKeys (ConfUtils.java:logGet(44)) - raft.server.log.segment.cache.num.max = 2 (custom)
2021-05-19 07:41:52,980 [pool-218-thread-1] INFO  server.RaftServerConfigKeys (ConfUtils.java:logGet(44)) - raft.server.log.segment.cache.size.max = 200MB (=209715200) (default)
2021-05-19 07:41:52,980 [pool-218-thread-1] INFO  segmented.SegmentedRaftLogWorker (SegmentedRaftLogWorker.java:<init>(182)) - new om1@group-C5BA1605619E-SegmentedRaftLogWorker for RaftStorageImpl:Storage Directory /github/workspace/mnt/ozone/hadoop-ozone/integration-test/target/test-dir/MiniOzoneClusterImpl-952c9dfc-8967-4523-b06f-60d3bd5de2bf/ozone-meta/ratis/bf265839-605b-3f16-9796-c5ba1605619e
2021-05-19 07:41:52,981 [pool-218-thread-1] INFO  server.RaftServerConfigKeys (ConfUtils.java:logGet(44)) - raft.server.log.queue.byte-limit = 64MB (=67108864) (default)
2021-05-19 07:41:52,981 [pool-218-thread-1] INFO  server.RaftServerConfigKeys (ConfUtils.java:logGet(44)) - raft.server.log.queue.element-limit = 4096 (default)
2021-05-19 07:41:52,981 [pool-218-thread-1] INFO  server.RaftServerConfigKeys (ConfUtils.java:logGet(44)) - raft.server.log.segment.size.max = 4194304 (custom)
2021-05-19 07:41:52,981 [pool-218-thread-1] INFO  server.RaftServerConfigKeys (ConfUtils.java:logGet(44)) - raft.server.log.preallocated.size = 4194304 (custom)
2021-05-19 07:41:52,981 [pool-218-thread-1] INFO  server.RaftServerConfigKeys (ConfUtils.java:logGet(44)) - raft.server.log.force.sync.num = 128 (default)
2021-05-19 07:41:52,981 [pool-218-thread-1] INFO  server.RaftServerConfigKeys (ConfUtils.java:logGet(44)) - raft.server.log.statemachine.data.sync = true (default)
2021-05-19 07:41:52,981 [pool-218-thread-1] INFO  server.RaftServerConfigKeys (ConfUtils.java:logGet(44)) - raft.server.log.statemachine.data.sync.timeout = 10s (default)
2021-05-19 07:41:52,981 [pool-218-thread-1] INFO  server.RaftServerConfigKeys (ConfUtils.java:logGet(44)) - raft.server.log.statemachine.data.sync.timeout.retry = -1 (default)
2021-05-19 07:41:52,982 [pool-218-thread-1] INFO  server.RaftServerConfigKeys (ConfUtils.java:logGet(44)) - raft.server.log.write.buffer.size = 64KB (=65536) (default)
2021-05-19 07:41:52,982 [pool-218-thread-1] INFO  server.RaftServerConfigKeys (ConfUtils.java:logGet(44)) - raft.server.log.statemachine.data.caching.enabled = false (default)
2021-05-19 07:41:52,982 [pool-218-thread-1] INFO  segmented.SegmentedRaftLogWorker (SegmentedRaftLogWorker.java:lambda$new$0(133)) - om1@group-C5BA1605619E-SegmentedRaftLogWorker: flushIndex: setUnconditionally 0 -> -1
2021-05-19 07:41:52,982 [pool-218-thread-1] INFO  segmented.SegmentedRaftLogWorker (SegmentedRaftLogWorker.java:lambda$new$0(133)) - om1@group-C5BA1605619E-SegmentedRaftLogWorker: safeCacheEvictIndex: setUnconditionally 0 -> -1
2021-05-19 07:41:52,982 [pool-218-thread-1] INFO  server.RaftServerConfigKeys (ConfUtils.java:logGet(44)) - raft.server.snapshot.auto.trigger.enabled = true (custom)
2021-05-19 07:41:52,982 [pool-218-thread-1] INFO  server.RaftServerConfigKeys (ConfUtils.java:logGet(44)) - raft.server.snapshot.auto.trigger.threshold = 400000 (default)
2021-05-19 07:41:52,983 [pool-218-thread-1] INFO  server.RaftServerConfigKeys (ConfUtils.java:logGet(44)) - raft.server.snapshot.retention.file.num = -1 (default)
2021-05-19 07:41:52,983 [pool-218-thread-1] INFO  server.RaftServerConfigKeys (ConfUtils.java:logGet(44)) - raft.server.log.purge.upto.snapshot.index = true (custom)
2021-05-19 07:41:52,983 [pool-218-thread-1] INFO  server.RaftServerConfigKeys (ConfUtils.java:logGet(44)) - raft.server.retrycache.expirytime = 300s (custom)
2021-05-19 07:41:52,983 [pool-218-thread-1] INFO  server.RaftServerConfigKeys (ConfUtils.java:logGet(44)) - raft.server.retrycache.statistics.expirytime = 100?s (default)
2021-05-19 07:41:52,983 [pool-218-thread-1] INFO  metrics.RatisMetrics (RatisMetrics.java:lambda$create$0(36)) - Creating Metrics Registry : ratis.leader_election.om1@group-C5BA1605619E
2021-05-19 07:41:52,983 [pool-218-thread-1] INFO  metrics.RatisMetrics (RatisMetrics.java:lambda$create$0(36)) - Creating Metrics Registry : ratis.server.om1@group-C5BA1605619E
2021-05-19 07:41:52,995 [Listener at 127.0.0.1/41639] INFO  impl.MetricsSystemImpl (MetricsSystemImpl.java:init(158)) - OzoneManager metrics system started (again)
2021-05-19 07:41:53,001 [Listener at 127.0.0.1/41639] INFO  om.OzoneManager (OzoneManager.java:start(1095)) - OzoneManager RPC server is listening at localhost/127.0.0.1:41639
2021-05-19 07:41:53,001 [Listener at 127.0.0.1/41639] INFO  ratis.OzoneManagerRatisServer (OzoneManagerRatisServer.java:start(388)) - Starting OzoneManagerRatisServer om1 at port 9872
2021-05-19 07:41:53,001 [Listener at 127.0.0.1/41639] INFO  server.RaftServer$Division (RaftServerImpl.java:start(295)) - om1@group-C5BA1605619E: start as a follower, conf=-1: [om1|rpc:localhost:9872|priority:0], old=null
2021-05-19 07:41:53,002 [Listener at 127.0.0.1/41639] INFO  server.RaftServer$Division (RaftServerImpl.java:setRole(284)) - om1@group-C5BA1605619E: changes role from      null to FOLLOWER at term 0 for startAsFollower
2021-05-19 07:41:53,002 [Listener at 127.0.0.1/41639] INFO  impl.RoleInfo (RoleInfo.java:updateAndGet(130)) - om1: start om1@group-C5BA1605619E-FollowerState
2021-05-19 07:41:53,002 [Listener at 127.0.0.1/41639] INFO  util.JmxRegister (JmxRegister.java:tryRegister(44)) - Successfully registered JMX Bean with object name Ratis:service=RaftServer,group=group-C5BA1605619E,id=om1
2021-05-19 07:41:53,002 [Listener at 127.0.0.1/41639] INFO  metrics.RatisMetrics (RatisMetrics.java:lambda$create$0(36)) - Creating Metrics Registry : ratis.state_machine.om1@group-C5BA1605619E
2021-05-19 07:41:53,006 [Listener at 127.0.0.1/41639] INFO  server.RaftServer (RaftServerProxy.java:lambda$start$5(374)) - om1: start RPC server
2021-05-19 07:41:53,007 [Listener at 127.0.0.1/41639] INFO  server.GrpcService (GrpcService.java:startImpl(253)) - om1: GrpcService started, listening on 9872
2021-05-19 07:41:53,010 [org.apache.ratis.util.JvmPauseMonitor$$Lambda$504/2021733479@1d3f5b32] INFO  util.JvmPauseMonitor (JvmPauseMonitor.java:run(103)) - JvmPauseMonitor-om1: Started
2021-05-19 07:41:53,014 [Listener at 127.0.0.1/41639] INFO  http.BaseHttpServer (BaseHttpServer.java:newHttpServer2BuilderForOzone(209)) - Starting Web-server for ozoneManager at: http://0.0.0.0:0
2021-05-19 07:41:53,014 [Listener at 127.0.0.1/41639] INFO  http.BaseHttpServer (BaseHttpServer.java:<init>(107)) - Hadoop Security Enabled: false Ozone Security Enabled: false Ozone HTTP Security Enabled: false 
2021-05-19 07:41:53,016 [Listener at 127.0.0.1/41639] INFO  server.AuthenticationFilter (AuthenticationFilter.java:constructSecretProvider(240)) - Unable to initialize FileSignerSecretProvider, falling back to use random secrets.
2021-05-19 07:41:53,016 [Listener at 127.0.0.1/41639] WARN  http.HttpRequestLog (HttpRequestLog.java:getRequestLog(103)) - Jetty request log can only be enabled using Log4j
2021-05-19 07:41:53,017 [Listener at 127.0.0.1/41639] INFO  http.HttpServer2 (HttpServer2.java:addGlobalFilter(1020)) - Added global filter 'safety' (class=org.apache.hadoop.hdds.server.http.HttpServer2$QuotingInputFilter)
2021-05-19 07:41:53,017 [Listener at 127.0.0.1/41639] INFO  http.HttpServer2 (HttpServer2.java:addFilter(996)) - Added filter static_user_filter (class=org.apache.hadoop.http.lib.StaticUserWebFilter$StaticUserFilter) to context ozoneManager
2021-05-19 07:41:53,017 [Listener at 127.0.0.1/41639] INFO  http.HttpServer2 (HttpServer2.java:addFilter(1004)) - Added filter static_user_filter (class=org.apache.hadoop.http.lib.StaticUserWebFilter$StaticUserFilter) to context logs
2021-05-19 07:41:53,017 [Listener at 127.0.0.1/41639] INFO  http.HttpServer2 (HttpServer2.java:addFilter(1004)) - Added filter static_user_filter (class=org.apache.hadoop.http.lib.StaticUserWebFilter$StaticUserFilter) to context static
2021-05-19 07:41:53,018 [Listener at 127.0.0.1/41639] INFO  http.HttpServer2 (HttpServer2.java:bindListener(1238)) - Jetty bound to port 38533
2021-05-19 07:41:53,018 [Listener at 127.0.0.1/41639] INFO  server.Server (Server.java:doStart(375)) - jetty-9.4.35.v20201120; built: 2020-11-20T21:17:03.964Z; git: bdc54f03a5e0a7e280fab27f55c3c75ee8da89fb; jvm 1.8.0_232-b09
2021-05-19 07:41:53,020 [Listener at 127.0.0.1/41639] INFO  server.session (DefaultSessionIdManager.java:doStart(334)) - DefaultSessionIdManager workerName=node0
2021-05-19 07:41:53,020 [Listener at 127.0.0.1/41639] INFO  server.session (DefaultSessionIdManager.java:doStart(339)) - No SessionScavenger set, using defaults
2021-05-19 07:41:53,020 [Listener at 127.0.0.1/41639] INFO  server.session (HouseKeeper.java:startScavenging(132)) - node0 Scavenging every 660000ms
2021-05-19 07:41:53,021 [Listener at 127.0.0.1/41639] INFO  handler.ContextHandler (ContextHandler.java:doStart(916)) - Started o.e.j.s.ServletContextHandler@5e7f5cfd{logs,/logs,file:///github/workspace/mnt/ozone/hadoop-ozone/integration-test/target/log,AVAILABLE}
2021-05-19 07:41:53,021 [Listener at 127.0.0.1/41639] INFO  handler.ContextHandler (ContextHandler.java:doStart(916)) - Started o.e.j.s.ServletContextHandler@30ee0095{static,/static,file:///github/workspace/mnt/ozone/hadoop-ozone/integration-test/target/test-classes/webapps/static,AVAILABLE}
2021-05-19 07:41:53,025 [Listener at 127.0.0.1/41639] INFO  handler.ContextHandler (ContextHandler.java:doStart(916)) - Started o.e.j.w.WebAppContext@3e7b7123{ozoneManager,/,file:///github/workspace/mnt/ozone/hadoop-ozone/integration-test/target/test-classes/webapps/ozoneManager/,AVAILABLE}{file:/github/workspace/mnt/ozone/hadoop-ozone/integration-test/target/test-classes/webapps/ozoneManager}
2021-05-19 07:41:53,027 [Listener at 127.0.0.1/41639] INFO  server.AbstractConnector (AbstractConnector.java:doStart(331)) - Started ServerConnector@6a002d0d{HTTP/1.1, (http/1.1)}{0.0.0.0:38533}
2021-05-19 07:41:53,027 [Listener at 127.0.0.1/41639] INFO  server.Server (Server.java:doStart(415)) - Started @69927ms
2021-05-19 07:41:53,027 [Listener at 127.0.0.1/41639] WARN  impl.MetricsSystemImpl (MetricsSystemImpl.java:register(279)) - Sink prometheus already exists!
2021-05-19 07:41:53,029 [Listener at 127.0.0.1/41639] INFO  http.BaseHttpServer (BaseHttpServer.java:updateConnectorAddress(329)) - HTTP server of ozoneManager listening at http://0.0.0.0:38533
2021-05-19 07:41:53,030 [IPC Server Responder] INFO  ipc.Server (Server.java:run(1497)) - IPC Server Responder: starting
2021-05-19 07:41:53,030 [IPC Server listener on 0] INFO  ipc.Server (Server.java:run(1334)) - IPC Server listener on 0: starting
2021-05-19 07:41:53,035 [Listener at 127.0.0.1/41639] INFO  om.OzoneManager (OzoneManager.java:startTrashEmptier(1225)) - Trash Interval set to 0. Files deleted will not move to trash
2021-05-19 07:41:53,047 [org.apache.hadoop.util.JvmPauseMonitor$Monitor@d5f5d49] INFO  util.JvmPauseMonitor (JvmPauseMonitor.java:run(188)) - Starting JVM pause monitor
2021-05-19 07:41:53,071 [Listener at 127.0.0.1/41639] INFO  impl.MetricsSystemImpl (MetricsSystemImpl.java:init(158)) - HddsDatanode metrics system started (again)
2021-05-19 07:41:53,074 [Listener at 127.0.0.1/41639] INFO  ozone.HddsDatanodeService (HddsDatanodeService.java:start(220)) - HddsDatanodeService host:3974e5c036b4 ip:172.17.0.2
2021-05-19 07:41:53,090 [Listener at 127.0.0.1/41639] INFO  volume.HddsVolume (HddsVolume.java:<init>(184)) - Creating Volume: /github/workspace/mnt/ozone/hadoop-ozone/integration-test/target/test-dir/MiniOzoneClusterImpl-952c9dfc-8967-4523-b06f-60d3bd5de2bf/datanode-0/data-0/containers/hdds of storage type : DISK and capacity : 9223372036854775807
2021-05-19 07:41:53,090 [Listener at 127.0.0.1/41639] INFO  volume.MutableVolumeSet (MutableVolumeSet.java:initializeVolumeSet(195)) - Added Volume : /github/workspace/mnt/ozone/hadoop-ozone/integration-test/target/test-dir/MiniOzoneClusterImpl-952c9dfc-8967-4523-b06f-60d3bd5de2bf/datanode-0/data-0/containers/hdds to VolumeSet
2021-05-19 07:41:53,090 [Listener at 127.0.0.1/41639] INFO  volume.ThrottledAsyncChecker (ThrottledAsyncChecker.java:schedule(141)) - Scheduling a check for /github/workspace/mnt/ozone/hadoop-ozone/integration-test/target/test-dir/MiniOzoneClusterImpl-952c9dfc-8967-4523-b06f-60d3bd5de2bf/datanode-0/data-0/containers/hdds
2021-05-19 07:41:53,092 [Listener at 127.0.0.1/41639] INFO  volume.HddsVolumeChecker (HddsVolumeChecker.java:checkAllVolumes(200)) - Scheduled health check for volume /github/workspace/mnt/ozone/hadoop-ozone/integration-test/target/test-dir/MiniOzoneClusterImpl-952c9dfc-8967-4523-b06f-60d3bd5de2bf/datanode-0/data-0/containers/hdds
2021-05-19 07:41:53,104 [Listener at 127.0.0.1/41639] INFO  ozoneimpl.ContainerReader (ContainerReader.java:<init>(98)) - Running in upgrade mode:true
2021-05-19 07:41:53,106 [Thread-812] INFO  ozoneimpl.ContainerReader (ContainerReader.java:readVolume(142)) - Start to verify containers on volume /github/workspace/mnt/ozone/hadoop-ozone/integration-test/target/test-dir/MiniOzoneClusterImpl-952c9dfc-8967-4523-b06f-60d3bd5de2bf/datanode-0/data-0/containers/hdds
2021-05-19 07:41:53,106 [Thread-812] INFO  ozoneimpl.ContainerReader (ContainerReader.java:readVolume(174)) - Finish verifying containers on volume /github/workspace/mnt/ozone/hadoop-ozone/integration-test/target/test-dir/MiniOzoneClusterImpl-952c9dfc-8967-4523-b06f-60d3bd5de2bf/datanode-0/data-0/containers/hdds
2021-05-19 07:41:53,106 [Listener at 127.0.0.1/41639] INFO  ozoneimpl.OzoneContainer (OzoneContainer.java:buildContainerSet(224)) - Build ContainerSet costs 0s
2021-05-19 07:41:53,108 [Listener at 127.0.0.1/41639] INFO  server.RaftServer (ConfUtils.java:logGet(44)) - raft.rpc.type = GRPC (default)
2021-05-19 07:41:53,108 [Listener at 127.0.0.1/41639] INFO  grpc.GrpcFactory (GrpcFactory.java:checkPooledByteBufAllocatorUseCacheForAllThreads(48)) - PERFORMANCE WARNING: useCacheForAllThreads is true that may cause Netty to create a lot garbage objects and, as a result, trigger GC.
	It is recommended to disable useCacheForAllThreads by setting -Dorg.apache.ratis.thirdparty.io.netty.allocator.useCacheForAllThreads=false in command line.
2021-05-19 07:41:53,108 [Listener at 127.0.0.1/41639] INFO  grpc.GrpcConfigKeys (ConfUtils.java:logGet(44)) - raft.grpc.admin.port = 0 (custom)
2021-05-19 07:41:53,109 [Listener at 127.0.0.1/41639] INFO  grpc.GrpcConfigKeys (ConfUtils.java:logGet(44)) - raft.grpc.client.port = 0 (custom)
2021-05-19 07:41:53,109 [Listener at 127.0.0.1/41639] INFO  grpc.GrpcConfigKeys (ConfUtils.java:logGet(44)) - raft.grpc.server.port = 0 (default)
2021-05-19 07:41:53,109 [Listener at 127.0.0.1/41639] INFO  server.GrpcService (ConfUtils.java:logGet(44)) - raft.grpc.message.size.max = 32MB (=33554432) (custom)
2021-05-19 07:41:53,109 [Listener at 127.0.0.1/41639] INFO  server.RaftServerConfigKeys (ConfUtils.java:logGet(44)) - raft.server.log.appender.buffer.byte-limit = 33554432 (custom)
2021-05-19 07:41:53,109 [Listener at 127.0.0.1/41639] INFO  server.GrpcService (ConfUtils.java:logGet(44)) - raft.grpc.flow.control.window = 5MB (=5242880) (custom)
2021-05-19 07:41:53,109 [Listener at 127.0.0.1/41639] INFO  server.RaftServerConfigKeys (ConfUtils.java:logGet(44)) - raft.server.rpc.request.timeout = 3000ms (default)
2021-05-19 07:41:53,110 [Listener at 127.0.0.1/41639] INFO  impl.DataStreamServerImpl (ConfUtils.java:logGet(44)) - raft.datastream.type = DISABLED (default)
2021-05-19 07:41:53,110 [Listener at 127.0.0.1/41639] INFO  server.RaftServerConfigKeys (ConfUtils.java:logGet(44)) - raft.server.rpc.slowness.timeout = 300000ms (custom)
2021-05-19 07:41:53,110 [Listener at 127.0.0.1/41639] INFO  server.RaftServerConfigKeys (ConfUtils.java:logGet(44)) - raft.server.leaderelection.leader.step-down.wait-time = 10s (default)
2021-05-19 07:41:53,110 [Listener at 127.0.0.1/41639] INFO  server.RaftServerConfigKeys (ConfUtils.java:logGet(44)) - raft.server.storage.dir = [/github/workspace/mnt/ozone/hadoop-ozone/integration-test/target/test-dir/MiniOzoneClusterImpl-952c9dfc-8967-4523-b06f-60d3bd5de2bf/datanode-0/data/ratis] (custom)
2021-05-19 07:41:53,115 [Listener at 127.0.0.1/41639] INFO  http.BaseHttpServer (BaseHttpServer.java:newHttpServer2BuilderForOzone(209)) - Starting Web-server for hddsDatanode at: http://0.0.0.0:0
2021-05-19 07:41:53,115 [Listener at 127.0.0.1/41639] INFO  http.BaseHttpServer (BaseHttpServer.java:<init>(107)) - Hadoop Security Enabled: false Ozone Security Enabled: false Ozone HTTP Security Enabled: false 
2021-05-19 07:41:53,116 [Listener at 127.0.0.1/41639] INFO  server.AuthenticationFilter (AuthenticationFilter.java:constructSecretProvider(240)) - Unable to initialize FileSignerSecretProvider, falling back to use random secrets.
2021-05-19 07:41:53,117 [Listener at 127.0.0.1/41639] WARN  http.HttpRequestLog (HttpRequestLog.java:getRequestLog(103)) - Jetty request log can only be enabled using Log4j
2021-05-19 07:41:53,118 [Listener at 127.0.0.1/41639] INFO  http.HttpServer2 (HttpServer2.java:addGlobalFilter(1020)) - Added global filter 'safety' (class=org.apache.hadoop.hdds.server.http.HttpServer2$QuotingInputFilter)
2021-05-19 07:41:53,119 [Listener at 127.0.0.1/41639] INFO  http.HttpServer2 (HttpServer2.java:addFilter(996)) - Added filter static_user_filter (class=org.apache.hadoop.http.lib.StaticUserWebFilter$StaticUserFilter) to context hddsDatanode
2021-05-19 07:41:53,119 [Listener at 127.0.0.1/41639] INFO  http.HttpServer2 (HttpServer2.java:addFilter(1004)) - Added filter static_user_filter (class=org.apache.hadoop.http.lib.StaticUserWebFilter$StaticUserFilter) to context static
2021-05-19 07:41:53,119 [Listener at 127.0.0.1/41639] INFO  http.HttpServer2 (HttpServer2.java:addFilter(1004)) - Added filter static_user_filter (class=org.apache.hadoop.http.lib.StaticUserWebFilter$StaticUserFilter) to context logs
2021-05-19 07:41:53,119 [Listener at 127.0.0.1/41639] INFO  http.HttpServer2 (HttpServer2.java:bindListener(1238)) - Jetty bound to port 34747
2021-05-19 07:41:53,120 [Listener at 127.0.0.1/41639] INFO  server.Server (Server.java:doStart(375)) - jetty-9.4.35.v20201120; built: 2020-11-20T21:17:03.964Z; git: bdc54f03a5e0a7e280fab27f55c3c75ee8da89fb; jvm 1.8.0_232-b09
2021-05-19 07:41:53,122 [Listener at 127.0.0.1/41639] INFO  server.session (DefaultSessionIdManager.java:doStart(334)) - DefaultSessionIdManager workerName=node0
2021-05-19 07:41:53,122 [Listener at 127.0.0.1/41639] INFO  server.session (DefaultSessionIdManager.java:doStart(339)) - No SessionScavenger set, using defaults
2021-05-19 07:41:53,122 [Listener at 127.0.0.1/41639] INFO  server.session (HouseKeeper.java:startScavenging(132)) - node0 Scavenging every 660000ms
2021-05-19 07:41:53,123 [Listener at 127.0.0.1/41639] INFO  handler.ContextHandler (ContextHandler.java:doStart(916)) - Started o.e.j.s.ServletContextHandler@46ebe833{logs,/logs,file:///github/workspace/mnt/ozone/hadoop-ozone/integration-test/target/log,AVAILABLE}
2021-05-19 07:41:53,124 [Listener at 127.0.0.1/41639] INFO  handler.ContextHandler (ContextHandler.java:doStart(916)) - Started o.e.j.s.ServletContextHandler@350f148b{static,/static,jar:file:/home/user/.m2/repository/org/apache/hadoop/hadoop-hdds-container-service/1.2.0-SNAPSHOT/hadoop-hdds-container-service-1.2.0-SNAPSHOT.jar!/webapps/static,AVAILABLE}
2021-05-19 07:41:53,266 [Listener at 127.0.0.1/41639] INFO  handler.ContextHandler (ContextHandler.java:doStart(916)) - Started o.e.j.w.WebAppContext@3b96764a{hddsDatanode,/,file:///tmp/jetty-0_0_0_0-34747-hadoop-hdds-container-service-1_2_0-SNAPSHOT_jar-_-any-6903447980155247685/webapp/,AVAILABLE}{jar:file:/home/user/.m2/repository/org/apache/hadoop/hadoop-hdds-container-service/1.2.0-SNAPSHOT/hadoop-hdds-container-service-1.2.0-SNAPSHOT.jar!/webapps/hddsDatanode}
2021-05-19 07:41:53,267 [Listener at 127.0.0.1/41639] INFO  server.AbstractConnector (AbstractConnector.java:doStart(331)) - Started ServerConnector@62808bbb{HTTP/1.1, (http/1.1)}{0.0.0.0:34747}
2021-05-19 07:41:53,267 [Listener at 127.0.0.1/41639] INFO  server.Server (Server.java:doStart(415)) - Started @70168ms
2021-05-19 07:41:53,267 [Listener at 127.0.0.1/41639] WARN  impl.MetricsSystemImpl (MetricsSystemImpl.java:register(279)) - Sink prometheus already exists!
2021-05-19 07:41:53,271 [Listener at 127.0.0.1/41639] INFO  http.BaseHttpServer (BaseHttpServer.java:updateConnectorAddress(329)) - HTTP server of hddsDatanode listening at http://0.0.0.0:34747
2021-05-19 07:41:53,271 [Listener at 127.0.0.1/41639] INFO  impl.MetricsSystemImpl (MetricsSystemImpl.java:init(158)) - HddsDatanode metrics system started (again)
2021-05-19 07:41:53,272 [Listener at 127.0.0.1/41639] INFO  ozone.HddsDatanodeService (HddsDatanodeService.java:start(220)) - HddsDatanodeService host:3974e5c036b4 ip:172.17.0.2
2021-05-19 07:41:53,278 [org.apache.hadoop.util.JvmPauseMonitor$Monitor@4f3e296f] INFO  util.JvmPauseMonitor (JvmPauseMonitor.java:run(188)) - Starting JVM pause monitor
2021-05-19 07:41:53,286 [Datanode State Machine Task Thread - 0] INFO  datanode.InitDatanodeState (InitDatanodeState.java:persistContainerDatanodeDetails(145)) - DatanodeDetails is persisted to /github/workspace/mnt/ozone/hadoop-ozone/integration-test/target/test-dir/MiniOzoneClusterImpl-952c9dfc-8967-4523-b06f-60d3bd5de2bf/datanode-0/meta/datanode.id
2021-05-19 07:41:53,289 [Listener at 127.0.0.1/41639] INFO  volume.HddsVolume (HddsVolume.java:<init>(184)) - Creating Volume: /github/workspace/mnt/ozone/hadoop-ozone/integration-test/target/test-dir/MiniOzoneClusterImpl-952c9dfc-8967-4523-b06f-60d3bd5de2bf/datanode-1/data-0/containers/hdds of storage type : DISK and capacity : 9223372036854775807
2021-05-19 07:41:53,289 [Listener at 127.0.0.1/41639] INFO  volume.MutableVolumeSet (MutableVolumeSet.java:initializeVolumeSet(195)) - Added Volume : /github/workspace/mnt/ozone/hadoop-ozone/integration-test/target/test-dir/MiniOzoneClusterImpl-952c9dfc-8967-4523-b06f-60d3bd5de2bf/datanode-1/data-0/containers/hdds to VolumeSet
2021-05-19 07:41:53,289 [Listener at 127.0.0.1/41639] INFO  volume.ThrottledAsyncChecker (ThrottledAsyncChecker.java:schedule(141)) - Scheduling a check for /github/workspace/mnt/ozone/hadoop-ozone/integration-test/target/test-dir/MiniOzoneClusterImpl-952c9dfc-8967-4523-b06f-60d3bd5de2bf/datanode-1/data-0/containers/hdds
2021-05-19 07:41:53,290 [Listener at 127.0.0.1/41639] INFO  volume.HddsVolumeChecker (HddsVolumeChecker.java:checkAllVolumes(200)) - Scheduled health check for volume /github/workspace/mnt/ozone/hadoop-ozone/integration-test/target/test-dir/MiniOzoneClusterImpl-952c9dfc-8967-4523-b06f-60d3bd5de2bf/datanode-1/data-0/containers/hdds
2021-05-19 07:41:53,301 [Listener at 127.0.0.1/41639] INFO  ozoneimpl.ContainerReader (ContainerReader.java:<init>(98)) - Running in upgrade mode:true
2021-05-19 07:41:53,302 [Thread-823] INFO  ozoneimpl.ContainerReader (ContainerReader.java:readVolume(142)) - Start to verify containers on volume /github/workspace/mnt/ozone/hadoop-ozone/integration-test/target/test-dir/MiniOzoneClusterImpl-952c9dfc-8967-4523-b06f-60d3bd5de2bf/datanode-1/data-0/containers/hdds
2021-05-19 07:41:53,302 [Thread-823] INFO  ozoneimpl.ContainerReader (ContainerReader.java:readVolume(174)) - Finish verifying containers on volume /github/workspace/mnt/ozone/hadoop-ozone/integration-test/target/test-dir/MiniOzoneClusterImpl-952c9dfc-8967-4523-b06f-60d3bd5de2bf/datanode-1/data-0/containers/hdds
2021-05-19 07:41:53,302 [Listener at 127.0.0.1/41639] INFO  ozoneimpl.OzoneContainer (OzoneContainer.java:buildContainerSet(224)) - Build ContainerSet costs 0s
2021-05-19 07:41:53,304 [Listener at 127.0.0.1/41639] INFO  server.RaftServer (ConfUtils.java:logGet(44)) - raft.rpc.type = GRPC (default)
2021-05-19 07:41:53,304 [Listener at 127.0.0.1/41639] INFO  grpc.GrpcFactory (GrpcFactory.java:checkPooledByteBufAllocatorUseCacheForAllThreads(48)) - PERFORMANCE WARNING: useCacheForAllThreads is true that may cause Netty to create a lot garbage objects and, as a result, trigger GC.
	It is recommended to disable useCacheForAllThreads by setting -Dorg.apache.ratis.thirdparty.io.netty.allocator.useCacheForAllThreads=false in command line.
2021-05-19 07:41:53,304 [Listener at 127.0.0.1/41639] INFO  grpc.GrpcConfigKeys (ConfUtils.java:logGet(44)) - raft.grpc.admin.port = 0 (custom)
2021-05-19 07:41:53,304 [Listener at 127.0.0.1/41639] INFO  grpc.GrpcConfigKeys (ConfUtils.java:logGet(44)) - raft.grpc.client.port = 0 (custom)
2021-05-19 07:41:53,304 [Listener at 127.0.0.1/41639] INFO  grpc.GrpcConfigKeys (ConfUtils.java:logGet(44)) - raft.grpc.server.port = 0 (default)
2021-05-19 07:41:53,304 [Listener at 127.0.0.1/41639] INFO  server.GrpcService (ConfUtils.java:logGet(44)) - raft.grpc.message.size.max = 32MB (=33554432) (custom)
2021-05-19 07:41:53,304 [Listener at 127.0.0.1/41639] INFO  server.RaftServerConfigKeys (ConfUtils.java:logGet(44)) - raft.server.log.appender.buffer.byte-limit = 33554432 (custom)
2021-05-19 07:41:53,304 [Listener at 127.0.0.1/41639] INFO  server.GrpcService (ConfUtils.java:logGet(44)) - raft.grpc.flow.control.window = 5MB (=5242880) (custom)
2021-05-19 07:41:53,305 [Listener at 127.0.0.1/41639] INFO  server.RaftServerConfigKeys (ConfUtils.java:logGet(44)) - raft.server.rpc.request.timeout = 3000ms (default)
2021-05-19 07:41:53,305 [Listener at 127.0.0.1/41639] INFO  impl.DataStreamServerImpl (ConfUtils.java:logGet(44)) - raft.datastream.type = DISABLED (default)
2021-05-19 07:41:53,306 [Listener at 127.0.0.1/41639] INFO  server.RaftServerConfigKeys (ConfUtils.java:logGet(44)) - raft.server.rpc.slowness.timeout = 300000ms (custom)
2021-05-19 07:41:53,306 [Listener at 127.0.0.1/41639] INFO  server.RaftServerConfigKeys (ConfUtils.java:logGet(44)) - raft.server.leaderelection.leader.step-down.wait-time = 10s (default)
2021-05-19 07:41:53,306 [Listener at 127.0.0.1/41639] INFO  server.RaftServerConfigKeys (ConfUtils.java:logGet(44)) - raft.server.storage.dir = [/github/workspace/mnt/ozone/hadoop-ozone/integration-test/target/test-dir/MiniOzoneClusterImpl-952c9dfc-8967-4523-b06f-60d3bd5de2bf/datanode-1/data/ratis] (custom)
2021-05-19 07:41:53,310 [Listener at 127.0.0.1/41639] INFO  http.BaseHttpServer (BaseHttpServer.java:newHttpServer2BuilderForOzone(209)) - Starting Web-server for hddsDatanode at: http://0.0.0.0:0
2021-05-19 07:41:53,310 [Listener at 127.0.0.1/41639] INFO  http.BaseHttpServer (BaseHttpServer.java:<init>(107)) - Hadoop Security Enabled: false Ozone Security Enabled: false Ozone HTTP Security Enabled: false 
2021-05-19 07:41:53,311 [Listener at 127.0.0.1/41639] INFO  server.AuthenticationFilter (AuthenticationFilter.java:constructSecretProvider(240)) - Unable to initialize FileSignerSecretProvider, falling back to use random secrets.
2021-05-19 07:41:53,314 [Listener at 127.0.0.1/41639] WARN  http.HttpRequestLog (HttpRequestLog.java:getRequestLog(103)) - Jetty request log can only be enabled using Log4j
2021-05-19 07:41:53,315 [Listener at 127.0.0.1/41639] INFO  http.HttpServer2 (HttpServer2.java:addGlobalFilter(1020)) - Added global filter 'safety' (class=org.apache.hadoop.hdds.server.http.HttpServer2$QuotingInputFilter)
2021-05-19 07:41:53,315 [Listener at 127.0.0.1/41639] INFO  http.HttpServer2 (HttpServer2.java:addFilter(996)) - Added filter static_user_filter (class=org.apache.hadoop.http.lib.StaticUserWebFilter$StaticUserFilter) to context hddsDatanode
2021-05-19 07:41:53,316 [Listener at 127.0.0.1/41639] INFO  http.HttpServer2 (HttpServer2.java:addFilter(1004)) - Added filter static_user_filter (class=org.apache.hadoop.http.lib.StaticUserWebFilter$StaticUserFilter) to context static
2021-05-19 07:41:53,316 [Listener at 127.0.0.1/41639] INFO  http.HttpServer2 (HttpServer2.java:addFilter(1004)) - Added filter static_user_filter (class=org.apache.hadoop.http.lib.StaticUserWebFilter$StaticUserFilter) to context logs
2021-05-19 07:41:53,316 [Listener at 127.0.0.1/41639] INFO  http.HttpServer2 (HttpServer2.java:bindListener(1238)) - Jetty bound to port 37613
2021-05-19 07:41:53,316 [Listener at 127.0.0.1/41639] INFO  server.Server (Server.java:doStart(375)) - jetty-9.4.35.v20201120; built: 2020-11-20T21:17:03.964Z; git: bdc54f03a5e0a7e280fab27f55c3c75ee8da89fb; jvm 1.8.0_232-b09
2021-05-19 07:41:53,318 [Listener at 127.0.0.1/41639] INFO  server.session (DefaultSessionIdManager.java:doStart(334)) - DefaultSessionIdManager workerName=node0
2021-05-19 07:41:53,318 [Listener at 127.0.0.1/41639] INFO  server.session (DefaultSessionIdManager.java:doStart(339)) - No SessionScavenger set, using defaults
2021-05-19 07:41:53,318 [Listener at 127.0.0.1/41639] INFO  server.session (HouseKeeper.java:startScavenging(132)) - node0 Scavenging every 660000ms
2021-05-19 07:41:53,322 [Listener at 127.0.0.1/41639] INFO  handler.ContextHandler (ContextHandler.java:doStart(916)) - Started o.e.j.s.ServletContextHandler@427f4e38{logs,/logs,file:///github/workspace/mnt/ozone/hadoop-ozone/integration-test/target/log,AVAILABLE}
2021-05-19 07:41:53,323 [Listener at 127.0.0.1/41639] INFO  handler.ContextHandler (ContextHandler.java:doStart(916)) - Started o.e.j.s.ServletContextHandler@aa235e3{static,/static,jar:file:/home/user/.m2/repository/org/apache/hadoop/hadoop-hdds-container-service/1.2.0-SNAPSHOT/hadoop-hdds-container-service-1.2.0-SNAPSHOT.jar!/webapps/static,AVAILABLE}
2021-05-19 07:41:53,464 [Listener at 127.0.0.1/41639] INFO  handler.ContextHandler (ContextHandler.java:doStart(916)) - Started o.e.j.w.WebAppContext@6df15d5c{hddsDatanode,/,file:///tmp/jetty-0_0_0_0-37613-hadoop-hdds-container-service-1_2_0-SNAPSHOT_jar-_-any-6243940937680193404/webapp/,AVAILABLE}{jar:file:/home/user/.m2/repository/org/apache/hadoop/hadoop-hdds-container-service/1.2.0-SNAPSHOT/hadoop-hdds-container-service-1.2.0-SNAPSHOT.jar!/webapps/hddsDatanode}
2021-05-19 07:41:53,465 [Listener at 127.0.0.1/41639] INFO  server.AbstractConnector (AbstractConnector.java:doStart(331)) - Started ServerConnector@18366bc{HTTP/1.1, (http/1.1)}{0.0.0.0:37613}
2021-05-19 07:41:53,465 [Listener at 127.0.0.1/41639] INFO  server.Server (Server.java:doStart(415)) - Started @70366ms
2021-05-19 07:41:53,465 [Listener at 127.0.0.1/41639] WARN  impl.MetricsSystemImpl (MetricsSystemImpl.java:register(279)) - Sink prometheus already exists!
2021-05-19 07:41:53,469 [Listener at 127.0.0.1/41639] INFO  http.BaseHttpServer (BaseHttpServer.java:updateConnectorAddress(329)) - HTTP server of hddsDatanode listening at http://0.0.0.0:37613
2021-05-19 07:41:53,469 [Listener at 127.0.0.1/41639] INFO  impl.MetricsSystemImpl (MetricsSystemImpl.java:init(158)) - HddsDatanode metrics system started (again)
2021-05-19 07:41:53,470 [Listener at 127.0.0.1/41639] INFO  ozone.HddsDatanodeService (HddsDatanodeService.java:start(220)) - HddsDatanodeService host:3974e5c036b4 ip:172.17.0.2
2021-05-19 07:41:53,480 [org.apache.hadoop.util.JvmPauseMonitor$Monitor@27f4d696] INFO  util.JvmPauseMonitor (JvmPauseMonitor.java:run(188)) - Starting JVM pause monitor
2021-05-19 07:41:53,488 [Datanode State Machine Task Thread - 0] INFO  datanode.InitDatanodeState (InitDatanodeState.java:persistContainerDatanodeDetails(145)) - DatanodeDetails is persisted to /github/workspace/mnt/ozone/hadoop-ozone/integration-test/target/test-dir/MiniOzoneClusterImpl-952c9dfc-8967-4523-b06f-60d3bd5de2bf/datanode-1/meta/datanode.id
2021-05-19 07:41:53,498 [Listener at 127.0.0.1/41639] INFO  volume.HddsVolume (HddsVolume.java:<init>(184)) - Creating Volume: /github/workspace/mnt/ozone/hadoop-ozone/integration-test/target/test-dir/MiniOzoneClusterImpl-952c9dfc-8967-4523-b06f-60d3bd5de2bf/datanode-2/data-0/containers/hdds of storage type : DISK and capacity : 9223372036854775807
2021-05-19 07:41:53,499 [Listener at 127.0.0.1/41639] INFO  volume.MutableVolumeSet (MutableVolumeSet.java:initializeVolumeSet(195)) - Added Volume : /github/workspace/mnt/ozone/hadoop-ozone/integration-test/target/test-dir/MiniOzoneClusterImpl-952c9dfc-8967-4523-b06f-60d3bd5de2bf/datanode-2/data-0/containers/hdds to VolumeSet
2021-05-19 07:41:53,499 [Listener at 127.0.0.1/41639] INFO  volume.ThrottledAsyncChecker (ThrottledAsyncChecker.java:schedule(141)) - Scheduling a check for /github/workspace/mnt/ozone/hadoop-ozone/integration-test/target/test-dir/MiniOzoneClusterImpl-952c9dfc-8967-4523-b06f-60d3bd5de2bf/datanode-2/data-0/containers/hdds
2021-05-19 07:41:53,499 [Listener at 127.0.0.1/41639] INFO  volume.HddsVolumeChecker (HddsVolumeChecker.java:checkAllVolumes(200)) - Scheduled health check for volume /github/workspace/mnt/ozone/hadoop-ozone/integration-test/target/test-dir/MiniOzoneClusterImpl-952c9dfc-8967-4523-b06f-60d3bd5de2bf/datanode-2/data-0/containers/hdds
2021-05-19 07:41:53,512 [Listener at 127.0.0.1/41639] INFO  ozoneimpl.ContainerReader (ContainerReader.java:<init>(98)) - Running in upgrade mode:true
2021-05-19 07:41:53,512 [Thread-834] INFO  ozoneimpl.ContainerReader (ContainerReader.java:readVolume(142)) - Start to verify containers on volume /github/workspace/mnt/ozone/hadoop-ozone/integration-test/target/test-dir/MiniOzoneClusterImpl-952c9dfc-8967-4523-b06f-60d3bd5de2bf/datanode-2/data-0/containers/hdds
2021-05-19 07:41:53,512 [Thread-834] INFO  ozoneimpl.ContainerReader (ContainerReader.java:readVolume(174)) - Finish verifying containers on volume /github/workspace/mnt/ozone/hadoop-ozone/integration-test/target/test-dir/MiniOzoneClusterImpl-952c9dfc-8967-4523-b06f-60d3bd5de2bf/datanode-2/data-0/containers/hdds
2021-05-19 07:41:53,512 [Listener at 127.0.0.1/41639] INFO  ozoneimpl.OzoneContainer (OzoneContainer.java:buildContainerSet(224)) - Build ContainerSet costs 0s
2021-05-19 07:41:53,514 [Listener at 127.0.0.1/41639] INFO  server.RaftServer (ConfUtils.java:logGet(44)) - raft.rpc.type = GRPC (default)
2021-05-19 07:41:53,514 [Listener at 127.0.0.1/41639] INFO  grpc.GrpcFactory (GrpcFactory.java:checkPooledByteBufAllocatorUseCacheForAllThreads(48)) - PERFORMANCE WARNING: useCacheForAllThreads is true that may cause Netty to create a lot garbage objects and, as a result, trigger GC.
	It is recommended to disable useCacheForAllThreads by setting -Dorg.apache.ratis.thirdparty.io.netty.allocator.useCacheForAllThreads=false in command line.
2021-05-19 07:41:53,514 [Listener at 127.0.0.1/41639] INFO  grpc.GrpcConfigKeys (ConfUtils.java:logGet(44)) - raft.grpc.admin.port = 0 (custom)
2021-05-19 07:41:53,514 [Listener at 127.0.0.1/41639] INFO  grpc.GrpcConfigKeys (ConfUtils.java:logGet(44)) - raft.grpc.client.port = 0 (custom)
2021-05-19 07:41:53,514 [Listener at 127.0.0.1/41639] INFO  grpc.GrpcConfigKeys (ConfUtils.java:logGet(44)) - raft.grpc.server.port = 0 (default)
2021-05-19 07:41:53,514 [Listener at 127.0.0.1/41639] INFO  server.GrpcService (ConfUtils.java:logGet(44)) - raft.grpc.message.size.max = 32MB (=33554432) (custom)
2021-05-19 07:41:53,514 [Listener at 127.0.0.1/41639] INFO  server.RaftServerConfigKeys (ConfUtils.java:logGet(44)) - raft.server.log.appender.buffer.byte-limit = 33554432 (custom)
2021-05-19 07:41:53,514 [Listener at 127.0.0.1/41639] INFO  server.GrpcService (ConfUtils.java:logGet(44)) - raft.grpc.flow.control.window = 5MB (=5242880) (custom)
2021-05-19 07:41:53,514 [Listener at 127.0.0.1/41639] INFO  server.RaftServerConfigKeys (ConfUtils.java:logGet(44)) - raft.server.rpc.request.timeout = 3000ms (default)
2021-05-19 07:41:53,515 [Listener at 127.0.0.1/41639] INFO  impl.DataStreamServerImpl (ConfUtils.java:logGet(44)) - raft.datastream.type = DISABLED (default)
2021-05-19 07:41:53,515 [Listener at 127.0.0.1/41639] INFO  server.RaftServerConfigKeys (ConfUtils.java:logGet(44)) - raft.server.rpc.slowness.timeout = 300000ms (custom)
2021-05-19 07:41:53,516 [Listener at 127.0.0.1/41639] INFO  server.RaftServerConfigKeys (ConfUtils.java:logGet(44)) - raft.server.leaderelection.leader.step-down.wait-time = 10s (default)
2021-05-19 07:41:53,516 [Listener at 127.0.0.1/41639] INFO  server.RaftServerConfigKeys (ConfUtils.java:logGet(44)) - raft.server.storage.dir = [/github/workspace/mnt/ozone/hadoop-ozone/integration-test/target/test-dir/MiniOzoneClusterImpl-952c9dfc-8967-4523-b06f-60d3bd5de2bf/datanode-2/data/ratis] (custom)
2021-05-19 07:41:53,521 [Listener at 127.0.0.1/41639] INFO  http.BaseHttpServer (BaseHttpServer.java:newHttpServer2BuilderForOzone(209)) - Starting Web-server for hddsDatanode at: http://0.0.0.0:0
2021-05-19 07:41:53,521 [Listener at 127.0.0.1/41639] INFO  http.BaseHttpServer (BaseHttpServer.java:<init>(107)) - Hadoop Security Enabled: false Ozone Security Enabled: false Ozone HTTP Security Enabled: false 
2021-05-19 07:41:53,522 [Listener at 127.0.0.1/41639] INFO  server.AuthenticationFilter (AuthenticationFilter.java:constructSecretProvider(240)) - Unable to initialize FileSignerSecretProvider, falling back to use random secrets.
2021-05-19 07:41:53,522 [Listener at 127.0.0.1/41639] WARN  http.HttpRequestLog (HttpRequestLog.java:getRequestLog(103)) - Jetty request log can only be enabled using Log4j
2021-05-19 07:41:53,523 [Listener at 127.0.0.1/41639] INFO  http.HttpServer2 (HttpServer2.java:addGlobalFilter(1020)) - Added global filter 'safety' (class=org.apache.hadoop.hdds.server.http.HttpServer2$QuotingInputFilter)
2021-05-19 07:41:53,523 [Listener at 127.0.0.1/41639] INFO  http.HttpServer2 (HttpServer2.java:addFilter(996)) - Added filter static_user_filter (class=org.apache.hadoop.http.lib.StaticUserWebFilter$StaticUserFilter) to context hddsDatanode
2021-05-19 07:41:53,523 [Listener at 127.0.0.1/41639] INFO  http.HttpServer2 (HttpServer2.java:addFilter(1004)) - Added filter static_user_filter (class=org.apache.hadoop.http.lib.StaticUserWebFilter$StaticUserFilter) to context static
2021-05-19 07:41:53,523 [Listener at 127.0.0.1/41639] INFO  http.HttpServer2 (HttpServer2.java:addFilter(1004)) - Added filter static_user_filter (class=org.apache.hadoop.http.lib.StaticUserWebFilter$StaticUserFilter) to context logs
2021-05-19 07:41:53,524 [Listener at 127.0.0.1/41639] INFO  http.HttpServer2 (HttpServer2.java:bindListener(1238)) - Jetty bound to port 38627
2021-05-19 07:41:53,524 [Listener at 127.0.0.1/41639] INFO  server.Server (Server.java:doStart(375)) - jetty-9.4.35.v20201120; built: 2020-11-20T21:17:03.964Z; git: bdc54f03a5e0a7e280fab27f55c3c75ee8da89fb; jvm 1.8.0_232-b09
2021-05-19 07:41:53,525 [Listener at 127.0.0.1/41639] INFO  server.session (DefaultSessionIdManager.java:doStart(334)) - DefaultSessionIdManager workerName=node0
2021-05-19 07:41:53,525 [Listener at 127.0.0.1/41639] INFO  server.session (DefaultSessionIdManager.java:doStart(339)) - No SessionScavenger set, using defaults
2021-05-19 07:41:53,525 [Listener at 127.0.0.1/41639] INFO  server.session (HouseKeeper.java:startScavenging(132)) - node0 Scavenging every 600000ms
2021-05-19 07:41:53,526 [Listener at 127.0.0.1/41639] INFO  handler.ContextHandler (ContextHandler.java:doStart(916)) - Started o.e.j.s.ServletContextHandler@2a07eebe{logs,/logs,file:///github/workspace/mnt/ozone/hadoop-ozone/integration-test/target/log,AVAILABLE}
2021-05-19 07:41:53,527 [Listener at 127.0.0.1/41639] INFO  handler.ContextHandler (ContextHandler.java:doStart(916)) - Started o.e.j.s.ServletContextHandler@28143380{static,/static,jar:file:/home/user/.m2/repository/org/apache/hadoop/hadoop-hdds-container-service/1.2.0-SNAPSHOT/hadoop-hdds-container-service-1.2.0-SNAPSHOT.jar!/webapps/static,AVAILABLE}
2021-05-19 07:41:53,667 [Listener at 127.0.0.1/41639] INFO  handler.ContextHandler (ContextHandler.java:doStart(916)) - Started o.e.j.w.WebAppContext@3e7951d9{hddsDatanode,/,file:///tmp/jetty-0_0_0_0-38627-hadoop-hdds-container-service-1_2_0-SNAPSHOT_jar-_-any-2006760628878011911/webapp/,AVAILABLE}{jar:file:/home/user/.m2/repository/org/apache/hadoop/hadoop-hdds-container-service/1.2.0-SNAPSHOT/hadoop-hdds-container-service-1.2.0-SNAPSHOT.jar!/webapps/hddsDatanode}
2021-05-19 07:41:53,668 [Listener at 127.0.0.1/41639] INFO  server.AbstractConnector (AbstractConnector.java:doStart(331)) - Started ServerConnector@5eb380b3{HTTP/1.1, (http/1.1)}{0.0.0.0:38627}
2021-05-19 07:41:53,669 [Listener at 127.0.0.1/41639] INFO  server.Server (Server.java:doStart(415)) - Started @70569ms
2021-05-19 07:41:53,669 [Listener at 127.0.0.1/41639] WARN  impl.MetricsSystemImpl (MetricsSystemImpl.java:register(279)) - Sink prometheus already exists!
2021-05-19 07:41:53,672 [Listener at 127.0.0.1/41639] INFO  http.BaseHttpServer (BaseHttpServer.java:updateConnectorAddress(329)) - HTTP server of hddsDatanode listening at http://0.0.0.0:38627
2021-05-19 07:41:53,675 [Listener at 127.0.0.1/41639] INFO  impl.MetricsSystemImpl (MetricsSystemImpl.java:init(158)) - HddsDatanode metrics system started (again)
2021-05-19 07:41:53,676 [Listener at 127.0.0.1/41639] INFO  ozone.HddsDatanodeService (HddsDatanodeService.java:start(220)) - HddsDatanodeService host:3974e5c036b4 ip:172.17.0.2
2021-05-19 07:41:53,682 [org.apache.hadoop.util.JvmPauseMonitor$Monitor@3a810a5c] INFO  util.JvmPauseMonitor (JvmPauseMonitor.java:run(188)) - Starting JVM pause monitor
2021-05-19 07:41:53,685 [Datanode State Machine Task Thread - 0] INFO  datanode.InitDatanodeState (InitDatanodeState.java:persistContainerDatanodeDetails(145)) - DatanodeDetails is persisted to /github/workspace/mnt/ozone/hadoop-ozone/integration-test/target/test-dir/MiniOzoneClusterImpl-952c9dfc-8967-4523-b06f-60d3bd5de2bf/datanode-2/meta/datanode.id
2021-05-19 07:41:53,696 [Listener at 127.0.0.1/41639] INFO  volume.HddsVolume (HddsVolume.java:<init>(184)) - Creating Volume: /github/workspace/mnt/ozone/hadoop-ozone/integration-test/target/test-dir/MiniOzoneClusterImpl-952c9dfc-8967-4523-b06f-60d3bd5de2bf/datanode-3/data-0/containers/hdds of storage type : DISK and capacity : 9223372036854775807
2021-05-19 07:41:53,696 [Listener at 127.0.0.1/41639] INFO  volume.MutableVolumeSet (MutableVolumeSet.java:initializeVolumeSet(195)) - Added Volume : /github/workspace/mnt/ozone/hadoop-ozone/integration-test/target/test-dir/MiniOzoneClusterImpl-952c9dfc-8967-4523-b06f-60d3bd5de2bf/datanode-3/data-0/containers/hdds to VolumeSet
2021-05-19 07:41:53,696 [Listener at 127.0.0.1/41639] INFO  volume.ThrottledAsyncChecker (ThrottledAsyncChecker.java:schedule(141)) - Scheduling a check for /github/workspace/mnt/ozone/hadoop-ozone/integration-test/target/test-dir/MiniOzoneClusterImpl-952c9dfc-8967-4523-b06f-60d3bd5de2bf/datanode-3/data-0/containers/hdds
2021-05-19 07:41:53,696 [Listener at 127.0.0.1/41639] INFO  volume.HddsVolumeChecker (HddsVolumeChecker.java:checkAllVolumes(200)) - Scheduled health check for volume /github/workspace/mnt/ozone/hadoop-ozone/integration-test/target/test-dir/MiniOzoneClusterImpl-952c9dfc-8967-4523-b06f-60d3bd5de2bf/datanode-3/data-0/containers/hdds
2021-05-19 07:41:53,708 [Listener at 127.0.0.1/41639] INFO  ozoneimpl.ContainerReader (ContainerReader.java:<init>(98)) - Running in upgrade mode:true
2021-05-19 07:41:53,709 [Thread-845] INFO  ozoneimpl.ContainerReader (ContainerReader.java:readVolume(142)) - Start to verify containers on volume /github/workspace/mnt/ozone/hadoop-ozone/integration-test/target/test-dir/MiniOzoneClusterImpl-952c9dfc-8967-4523-b06f-60d3bd5de2bf/datanode-3/data-0/containers/hdds
2021-05-19 07:41:53,709 [Thread-845] INFO  ozoneimpl.ContainerReader (ContainerReader.java:readVolume(174)) - Finish verifying containers on volume /github/workspace/mnt/ozone/hadoop-ozone/integration-test/target/test-dir/MiniOzoneClusterImpl-952c9dfc-8967-4523-b06f-60d3bd5de2bf/datanode-3/data-0/containers/hdds
2021-05-19 07:41:53,709 [Listener at 127.0.0.1/41639] INFO  ozoneimpl.OzoneContainer (OzoneContainer.java:buildContainerSet(224)) - Build ContainerSet costs 0s
2021-05-19 07:41:53,711 [Listener at 127.0.0.1/41639] INFO  server.RaftServer (ConfUtils.java:logGet(44)) - raft.rpc.type = GRPC (default)
2021-05-19 07:41:53,711 [Listener at 127.0.0.1/41639] INFO  grpc.GrpcFactory (GrpcFactory.java:checkPooledByteBufAllocatorUseCacheForAllThreads(48)) - PERFORMANCE WARNING: useCacheForAllThreads is true that may cause Netty to create a lot garbage objects and, as a result, trigger GC.
	It is recommended to disable useCacheForAllThreads by setting -Dorg.apache.ratis.thirdparty.io.netty.allocator.useCacheForAllThreads=false in command line.
2021-05-19 07:41:53,711 [Listener at 127.0.0.1/41639] INFO  grpc.GrpcConfigKeys (ConfUtils.java:logGet(44)) - raft.grpc.admin.port = 0 (custom)
2021-05-19 07:41:53,712 [Listener at 127.0.0.1/41639] INFO  grpc.GrpcConfigKeys (ConfUtils.java:logGet(44)) - raft.grpc.client.port = 0 (custom)
2021-05-19 07:41:53,712 [Listener at 127.0.0.1/41639] INFO  grpc.GrpcConfigKeys (ConfUtils.java:logGet(44)) - raft.grpc.server.port = 0 (default)
2021-05-19 07:41:53,712 [Listener at 127.0.0.1/41639] INFO  server.GrpcService (ConfUtils.java:logGet(44)) - raft.grpc.message.size.max = 32MB (=33554432) (custom)
2021-05-19 07:41:53,712 [Listener at 127.0.0.1/41639] INFO  server.RaftServerConfigKeys (ConfUtils.java:logGet(44)) - raft.server.log.appender.buffer.byte-limit = 33554432 (custom)
2021-05-19 07:41:53,712 [Listener at 127.0.0.1/41639] INFO  server.GrpcService (ConfUtils.java:logGet(44)) - raft.grpc.flow.control.window = 5MB (=5242880) (custom)
2021-05-19 07:41:53,712 [Listener at 127.0.0.1/41639] INFO  server.RaftServerConfigKeys (ConfUtils.java:logGet(44)) - raft.server.rpc.request.timeout = 3000ms (default)
2021-05-19 07:41:53,713 [Listener at 127.0.0.1/41639] INFO  impl.DataStreamServerImpl (ConfUtils.java:logGet(44)) - raft.datastream.type = DISABLED (default)
2021-05-19 07:41:53,713 [Listener at 127.0.0.1/41639] INFO  server.RaftServerConfigKeys (ConfUtils.java:logGet(44)) - raft.server.rpc.slowness.timeout = 300000ms (custom)
2021-05-19 07:41:53,713 [Listener at 127.0.0.1/41639] INFO  server.RaftServerConfigKeys (ConfUtils.java:logGet(44)) - raft.server.leaderelection.leader.step-down.wait-time = 10s (default)
2021-05-19 07:41:53,713 [Listener at 127.0.0.1/41639] INFO  server.RaftServerConfigKeys (ConfUtils.java:logGet(44)) - raft.server.storage.dir = [/github/workspace/mnt/ozone/hadoop-ozone/integration-test/target/test-dir/MiniOzoneClusterImpl-952c9dfc-8967-4523-b06f-60d3bd5de2bf/datanode-3/data/ratis] (custom)
2021-05-19 07:41:53,719 [Listener at 127.0.0.1/41639] INFO  http.BaseHttpServer (BaseHttpServer.java:newHttpServer2BuilderForOzone(209)) - Starting Web-server for hddsDatanode at: http://0.0.0.0:0
2021-05-19 07:41:53,719 [Listener at 127.0.0.1/41639] INFO  http.BaseHttpServer (BaseHttpServer.java:<init>(107)) - Hadoop Security Enabled: false Ozone Security Enabled: false Ozone HTTP Security Enabled: false 
2021-05-19 07:41:53,720 [Listener at 127.0.0.1/41639] INFO  server.AuthenticationFilter (AuthenticationFilter.java:constructSecretProvider(240)) - Unable to initialize FileSignerSecretProvider, falling back to use random secrets.
2021-05-19 07:41:53,722 [Listener at 127.0.0.1/41639] WARN  http.HttpRequestLog (HttpRequestLog.java:getRequestLog(103)) - Jetty request log can only be enabled using Log4j
2021-05-19 07:41:53,723 [Listener at 127.0.0.1/41639] INFO  http.HttpServer2 (HttpServer2.java:addGlobalFilter(1020)) - Added global filter 'safety' (class=org.apache.hadoop.hdds.server.http.HttpServer2$QuotingInputFilter)
2021-05-19 07:41:53,723 [Listener at 127.0.0.1/41639] INFO  http.HttpServer2 (HttpServer2.java:addFilter(996)) - Added filter static_user_filter (class=org.apache.hadoop.http.lib.StaticUserWebFilter$StaticUserFilter) to context hddsDatanode
2021-05-19 07:41:53,724 [Listener at 127.0.0.1/41639] INFO  http.HttpServer2 (HttpServer2.java:addFilter(1004)) - Added filter static_user_filter (class=org.apache.hadoop.http.lib.StaticUserWebFilter$StaticUserFilter) to context logs
2021-05-19 07:41:53,724 [Listener at 127.0.0.1/41639] INFO  http.HttpServer2 (HttpServer2.java:addFilter(1004)) - Added filter static_user_filter (class=org.apache.hadoop.http.lib.StaticUserWebFilter$StaticUserFilter) to context static
2021-05-19 07:41:53,724 [Listener at 127.0.0.1/41639] INFO  http.HttpServer2 (HttpServer2.java:bindListener(1238)) - Jetty bound to port 46795
2021-05-19 07:41:53,724 [Listener at 127.0.0.1/41639] INFO  server.Server (Server.java:doStart(375)) - jetty-9.4.35.v20201120; built: 2020-11-20T21:17:03.964Z; git: bdc54f03a5e0a7e280fab27f55c3c75ee8da89fb; jvm 1.8.0_232-b09
2021-05-19 07:41:53,726 [Listener at 127.0.0.1/41639] INFO  server.session (DefaultSessionIdManager.java:doStart(334)) - DefaultSessionIdManager workerName=node0
2021-05-19 07:41:53,726 [Listener at 127.0.0.1/41639] INFO  server.session (DefaultSessionIdManager.java:doStart(339)) - No SessionScavenger set, using defaults
2021-05-19 07:41:53,726 [Listener at 127.0.0.1/41639] INFO  server.session (HouseKeeper.java:startScavenging(132)) - node0 Scavenging every 660000ms
2021-05-19 07:41:53,726 [Listener at 127.0.0.1/41639] INFO  handler.ContextHandler (ContextHandler.java:doStart(916)) - Started o.e.j.s.ServletContextHandler@679f63bf{logs,/logs,file:///github/workspace/mnt/ozone/hadoop-ozone/integration-test/target/log,AVAILABLE}
2021-05-19 07:41:53,727 [Listener at 127.0.0.1/41639] INFO  handler.ContextHandler (ContextHandler.java:doStart(916)) - Started o.e.j.s.ServletContextHandler@3a7b94c4{static,/static,jar:file:/home/user/.m2/repository/org/apache/hadoop/hadoop-hdds-container-service/1.2.0-SNAPSHOT/hadoop-hdds-container-service-1.2.0-SNAPSHOT.jar!/webapps/static,AVAILABLE}
2021-05-19 07:41:53,867 [Listener at 127.0.0.1/41639] INFO  handler.ContextHandler (ContextHandler.java:doStart(916)) - Started o.e.j.w.WebAppContext@3a2592c9{hddsDatanode,/,file:///tmp/jetty-0_0_0_0-46795-hadoop-hdds-container-service-1_2_0-SNAPSHOT_jar-_-any-4126717547361398019/webapp/,AVAILABLE}{jar:file:/home/user/.m2/repository/org/apache/hadoop/hadoop-hdds-container-service/1.2.0-SNAPSHOT/hadoop-hdds-container-service-1.2.0-SNAPSHOT.jar!/webapps/hddsDatanode}
2021-05-19 07:41:53,868 [Listener at 127.0.0.1/41639] INFO  server.AbstractConnector (AbstractConnector.java:doStart(331)) - Started ServerConnector@8bba3b8{HTTP/1.1, (http/1.1)}{0.0.0.0:46795}
2021-05-19 07:41:53,869 [Listener at 127.0.0.1/41639] INFO  server.Server (Server.java:doStart(415)) - Started @70769ms
2021-05-19 07:41:53,869 [Listener at 127.0.0.1/41639] WARN  impl.MetricsSystemImpl (MetricsSystemImpl.java:register(279)) - Sink prometheus already exists!
2021-05-19 07:41:53,923 [Listener at 127.0.0.1/41639] INFO  http.BaseHttpServer (BaseHttpServer.java:updateConnectorAddress(329)) - HTTP server of hddsDatanode listening at http://0.0.0.0:46795
2021-05-19 07:41:53,925 [Listener at 127.0.0.1/41639] INFO  impl.MetricsSystemImpl (MetricsSystemImpl.java:init(158)) - HddsDatanode metrics system started (again)
2021-05-19 07:41:53,927 [Listener at 127.0.0.1/41639] INFO  ozone.HddsDatanodeService (HddsDatanodeService.java:start(220)) - HddsDatanodeService host:3974e5c036b4 ip:172.17.0.2
2021-05-19 07:41:53,929 [org.apache.hadoop.util.JvmPauseMonitor$Monitor@7870bf9a] INFO  util.JvmPauseMonitor (JvmPauseMonitor.java:run(188)) - Starting JVM pause monitor
2021-05-19 07:41:53,930 [Datanode State Machine Task Thread - 0] INFO  datanode.InitDatanodeState (InitDatanodeState.java:persistContainerDatanodeDetails(145)) - DatanodeDetails is persisted to /github/workspace/mnt/ozone/hadoop-ozone/integration-test/target/test-dir/MiniOzoneClusterImpl-952c9dfc-8967-4523-b06f-60d3bd5de2bf/datanode-3/meta/datanode.id
2021-05-19 07:41:53,947 [Listener at 127.0.0.1/41639] INFO  volume.HddsVolume (HddsVolume.java:<init>(184)) - Creating Volume: /github/workspace/mnt/ozone/hadoop-ozone/integration-test/target/test-dir/MiniOzoneClusterImpl-952c9dfc-8967-4523-b06f-60d3bd5de2bf/datanode-4/data-0/containers/hdds of storage type : DISK and capacity : 9223372036854775807
2021-05-19 07:41:53,947 [Listener at 127.0.0.1/41639] INFO  volume.MutableVolumeSet (MutableVolumeSet.java:initializeVolumeSet(195)) - Added Volume : /github/workspace/mnt/ozone/hadoop-ozone/integration-test/target/test-dir/MiniOzoneClusterImpl-952c9dfc-8967-4523-b06f-60d3bd5de2bf/datanode-4/data-0/containers/hdds to VolumeSet
2021-05-19 07:41:53,947 [Listener at 127.0.0.1/41639] INFO  volume.ThrottledAsyncChecker (ThrottledAsyncChecker.java:schedule(141)) - Scheduling a check for /github/workspace/mnt/ozone/hadoop-ozone/integration-test/target/test-dir/MiniOzoneClusterImpl-952c9dfc-8967-4523-b06f-60d3bd5de2bf/datanode-4/data-0/containers/hdds
2021-05-19 07:41:53,949 [Listener at 127.0.0.1/41639] INFO  volume.HddsVolumeChecker (HddsVolumeChecker.java:checkAllVolumes(200)) - Scheduled health check for volume /github/workspace/mnt/ozone/hadoop-ozone/integration-test/target/test-dir/MiniOzoneClusterImpl-952c9dfc-8967-4523-b06f-60d3bd5de2bf/datanode-4/data-0/containers/hdds
2021-05-19 07:41:53,961 [Listener at 127.0.0.1/41639] INFO  ozoneimpl.ContainerReader (ContainerReader.java:<init>(98)) - Running in upgrade mode:true
2021-05-19 07:41:53,962 [Thread-856] INFO  ozoneimpl.ContainerReader (ContainerReader.java:readVolume(142)) - Start to verify containers on volume /github/workspace/mnt/ozone/hadoop-ozone/integration-test/target/test-dir/MiniOzoneClusterImpl-952c9dfc-8967-4523-b06f-60d3bd5de2bf/datanode-4/data-0/containers/hdds
2021-05-19 07:41:53,962 [Thread-856] INFO  ozoneimpl.ContainerReader (ContainerReader.java:readVolume(174)) - Finish verifying containers on volume /github/workspace/mnt/ozone/hadoop-ozone/integration-test/target/test-dir/MiniOzoneClusterImpl-952c9dfc-8967-4523-b06f-60d3bd5de2bf/datanode-4/data-0/containers/hdds
2021-05-19 07:41:53,962 [Listener at 127.0.0.1/41639] INFO  ozoneimpl.OzoneContainer (OzoneContainer.java:buildContainerSet(224)) - Build ContainerSet costs 0s
2021-05-19 07:41:53,963 [Listener at 127.0.0.1/41639] INFO  server.RaftServer (ConfUtils.java:logGet(44)) - raft.rpc.type = GRPC (default)
2021-05-19 07:41:53,963 [Listener at 127.0.0.1/41639] INFO  grpc.GrpcFactory (GrpcFactory.java:checkPooledByteBufAllocatorUseCacheForAllThreads(48)) - PERFORMANCE WARNING: useCacheForAllThreads is true that may cause Netty to create a lot garbage objects and, as a result, trigger GC.
	It is recommended to disable useCacheForAllThreads by setting -Dorg.apache.ratis.thirdparty.io.netty.allocator.useCacheForAllThreads=false in command line.
2021-05-19 07:41:53,964 [Listener at 127.0.0.1/41639] INFO  grpc.GrpcConfigKeys (ConfUtils.java:logGet(44)) - raft.grpc.admin.port = 0 (custom)
2021-05-19 07:41:53,964 [Listener at 127.0.0.1/41639] INFO  grpc.GrpcConfigKeys (ConfUtils.java:logGet(44)) - raft.grpc.client.port = 0 (custom)
2021-05-19 07:41:53,964 [Listener at 127.0.0.1/41639] INFO  grpc.GrpcConfigKeys (ConfUtils.java:logGet(44)) - raft.grpc.server.port = 0 (default)
2021-05-19 07:41:53,964 [Listener at 127.0.0.1/41639] INFO  server.GrpcService (ConfUtils.java:logGet(44)) - raft.grpc.message.size.max = 32MB (=33554432) (custom)
2021-05-19 07:41:53,964 [Listener at 127.0.0.1/41639] INFO  server.RaftServerConfigKeys (ConfUtils.java:logGet(44)) - raft.server.log.appender.buffer.byte-limit = 33554432 (custom)
2021-05-19 07:41:53,964 [Listener at 127.0.0.1/41639] INFO  server.GrpcService (ConfUtils.java:logGet(44)) - raft.grpc.flow.control.window = 5MB (=5242880) (custom)
2021-05-19 07:41:53,964 [Listener at 127.0.0.1/41639] INFO  server.RaftServerConfigKeys (ConfUtils.java:logGet(44)) - raft.server.rpc.request.timeout = 3000ms (default)
2021-05-19 07:41:53,965 [Listener at 127.0.0.1/41639] INFO  impl.DataStreamServerImpl (ConfUtils.java:logGet(44)) - raft.datastream.type = DISABLED (default)
2021-05-19 07:41:53,965 [Listener at 127.0.0.1/41639] INFO  server.RaftServerConfigKeys (ConfUtils.java:logGet(44)) - raft.server.rpc.slowness.timeout = 300000ms (custom)
2021-05-19 07:41:53,965 [Listener at 127.0.0.1/41639] INFO  server.RaftServerConfigKeys (ConfUtils.java:logGet(44)) - raft.server.leaderelection.leader.step-down.wait-time = 10s (default)
2021-05-19 07:41:53,965 [Listener at 127.0.0.1/41639] INFO  server.RaftServerConfigKeys (ConfUtils.java:logGet(44)) - raft.server.storage.dir = [/github/workspace/mnt/ozone/hadoop-ozone/integration-test/target/test-dir/MiniOzoneClusterImpl-952c9dfc-8967-4523-b06f-60d3bd5de2bf/datanode-4/data/ratis] (custom)
2021-05-19 07:41:53,970 [Listener at 127.0.0.1/41639] INFO  http.BaseHttpServer (BaseHttpServer.java:newHttpServer2BuilderForOzone(209)) - Starting Web-server for hddsDatanode at: http://0.0.0.0:0
2021-05-19 07:41:53,970 [Listener at 127.0.0.1/41639] INFO  http.BaseHttpServer (BaseHttpServer.java:<init>(107)) - Hadoop Security Enabled: false Ozone Security Enabled: false Ozone HTTP Security Enabled: false 
2021-05-19 07:41:53,971 [Listener at 127.0.0.1/41639] INFO  server.AuthenticationFilter (AuthenticationFilter.java:constructSecretProvider(240)) - Unable to initialize FileSignerSecretProvider, falling back to use random secrets.
2021-05-19 07:41:53,972 [Listener at 127.0.0.1/41639] WARN  http.HttpRequestLog (HttpRequestLog.java:getRequestLog(103)) - Jetty request log can only be enabled using Log4j
2021-05-19 07:41:53,972 [Listener at 127.0.0.1/41639] INFO  http.HttpServer2 (HttpServer2.java:addGlobalFilter(1020)) - Added global filter 'safety' (class=org.apache.hadoop.hdds.server.http.HttpServer2$QuotingInputFilter)
2021-05-19 07:41:53,973 [Listener at 127.0.0.1/41639] INFO  http.HttpServer2 (HttpServer2.java:addFilter(996)) - Added filter static_user_filter (class=org.apache.hadoop.http.lib.StaticUserWebFilter$StaticUserFilter) to context hddsDatanode
2021-05-19 07:41:53,973 [Listener at 127.0.0.1/41639] INFO  http.HttpServer2 (HttpServer2.java:addFilter(1004)) - Added filter static_user_filter (class=org.apache.hadoop.http.lib.StaticUserWebFilter$StaticUserFilter) to context logs
2021-05-19 07:41:53,973 [Listener at 127.0.0.1/41639] INFO  http.HttpServer2 (HttpServer2.java:addFilter(1004)) - Added filter static_user_filter (class=org.apache.hadoop.http.lib.StaticUserWebFilter$StaticUserFilter) to context static
2021-05-19 07:41:53,974 [Listener at 127.0.0.1/41639] INFO  http.HttpServer2 (HttpServer2.java:bindListener(1238)) - Jetty bound to port 37227
2021-05-19 07:41:53,974 [Listener at 127.0.0.1/41639] INFO  server.Server (Server.java:doStart(375)) - jetty-9.4.35.v20201120; built: 2020-11-20T21:17:03.964Z; git: bdc54f03a5e0a7e280fab27f55c3c75ee8da89fb; jvm 1.8.0_232-b09
2021-05-19 07:41:53,976 [Listener at 127.0.0.1/41639] INFO  server.session (DefaultSessionIdManager.java:doStart(334)) - DefaultSessionIdManager workerName=node0
2021-05-19 07:41:53,976 [Listener at 127.0.0.1/41639] INFO  server.session (DefaultSessionIdManager.java:doStart(339)) - No SessionScavenger set, using defaults
2021-05-19 07:41:53,976 [Listener at 127.0.0.1/41639] INFO  server.session (HouseKeeper.java:startScavenging(132)) - node0 Scavenging every 660000ms
2021-05-19 07:41:53,977 [Listener at 127.0.0.1/41639] INFO  handler.ContextHandler (ContextHandler.java:doStart(916)) - Started o.e.j.s.ServletContextHandler@6d870079{logs,/logs,file:///github/workspace/mnt/ozone/hadoop-ozone/integration-test/target/log,AVAILABLE}
2021-05-19 07:41:53,977 [Listener at 127.0.0.1/41639] INFO  handler.ContextHandler (ContextHandler.java:doStart(916)) - Started o.e.j.s.ServletContextHandler@38718d1e{static,/static,jar:file:/home/user/.m2/repository/org/apache/hadoop/hadoop-hdds-container-service/1.2.0-SNAPSHOT/hadoop-hdds-container-service-1.2.0-SNAPSHOT.jar!/webapps/static,AVAILABLE}
2021-05-19 07:41:54,119 [Listener at 127.0.0.1/41639] INFO  handler.ContextHandler (ContextHandler.java:doStart(916)) - Started o.e.j.w.WebAppContext@4f0cf917{hddsDatanode,/,file:///tmp/jetty-0_0_0_0-37227-hadoop-hdds-container-service-1_2_0-SNAPSHOT_jar-_-any-6777129871128813096/webapp/,AVAILABLE}{jar:file:/home/user/.m2/repository/org/apache/hadoop/hadoop-hdds-container-service/1.2.0-SNAPSHOT/hadoop-hdds-container-service-1.2.0-SNAPSHOT.jar!/webapps/hddsDatanode}
2021-05-19 07:41:54,121 [Listener at 127.0.0.1/41639] INFO  server.AbstractConnector (AbstractConnector.java:doStart(331)) - Started ServerConnector@46db50{HTTP/1.1, (http/1.1)}{0.0.0.0:37227}
2021-05-19 07:41:54,121 [Listener at 127.0.0.1/41639] INFO  server.Server (Server.java:doStart(415)) - Started @71022ms
2021-05-19 07:41:54,122 [Listener at 127.0.0.1/41639] WARN  impl.MetricsSystemImpl (MetricsSystemImpl.java:register(279)) - Sink prometheus already exists!
2021-05-19 07:41:54,124 [Listener at 127.0.0.1/41639] INFO  http.BaseHttpServer (BaseHttpServer.java:updateConnectorAddress(329)) - HTTP server of hddsDatanode listening at http://0.0.0.0:37227
2021-05-19 07:41:54,127 [Listener at 127.0.0.1/41639] INFO  impl.MetricsSystemImpl (MetricsSystemImpl.java:init(158)) - HddsDatanode metrics system started (again)
2021-05-19 07:41:54,128 [Listener at 127.0.0.1/41639] INFO  ozone.HddsDatanodeService (HddsDatanodeService.java:start(220)) - HddsDatanodeService host:3974e5c036b4 ip:172.17.0.2
2021-05-19 07:41:54,130 [om1@group-C5BA1605619E-FollowerState] INFO  impl.FollowerState (FollowerState.java:run(134)) - om1@group-C5BA1605619E-FollowerState: change to CANDIDATE, lastRpcElapsedTime:1127864859ns, electionTimeout:1125ms
2021-05-19 07:41:54,130 [om1@group-C5BA1605619E-FollowerState] INFO  impl.RoleInfo (RoleInfo.java:shutdownFollowerState(108)) - om1: shutdown om1@group-C5BA1605619E-FollowerState
2021-05-19 07:41:54,130 [om1@group-C5BA1605619E-FollowerState] INFO  server.RaftServer$Division (RaftServerImpl.java:setRole(284)) - om1@group-C5BA1605619E: changes role from  FOLLOWER to CANDIDATE at term 0 for changeToCandidate
2021-05-19 07:41:54,130 [om1@group-C5BA1605619E-FollowerState] INFO  server.RaftServerConfigKeys (ConfUtils.java:logGet(44)) - raft.server.leaderelection.pre-vote = false (custom)
2021-05-19 07:41:54,130 [om1@group-C5BA1605619E-FollowerState] INFO  impl.RoleInfo (RoleInfo.java:updateAndGet(130)) - om1: start om1@group-C5BA1605619E-LeaderElection35
2021-05-19 07:41:54,130 [org.apache.hadoop.util.JvmPauseMonitor$Monitor@208afd91] INFO  util.JvmPauseMonitor (JvmPauseMonitor.java:run(188)) - Starting JVM pause monitor
2021-05-19 07:41:54,132 [Datanode State Machine Task Thread - 0] INFO  datanode.InitDatanodeState (InitDatanodeState.java:persistContainerDatanodeDetails(145)) - DatanodeDetails is persisted to /github/workspace/mnt/ozone/hadoop-ozone/integration-test/target/test-dir/MiniOzoneClusterImpl-952c9dfc-8967-4523-b06f-60d3bd5de2bf/datanode-4/meta/datanode.id
2021-05-19 07:41:54,133 [om1@group-C5BA1605619E-LeaderElection35] INFO  impl.LeaderElection (LeaderElection.java:askForVotes(306)) - om1@group-C5BA1605619E-LeaderElection35 ELECTION round 0: submit vote requests at term 1 for -1: [om1|rpc:localhost:9872|priority:0], old=null
2021-05-19 07:41:54,133 [om1@group-C5BA1605619E-LeaderElection35] INFO  impl.LeaderElection (LeaderElection.java:askForVotes(308)) - om1@group-C5BA1605619E-LeaderElection35 ELECTION round 0: result PASSED (term=1)
2021-05-19 07:41:54,133 [om1@group-C5BA1605619E-LeaderElection35] INFO  impl.RoleInfo (RoleInfo.java:shutdownLeaderElection(121)) - om1: shutdown om1@group-C5BA1605619E-LeaderElection35
2021-05-19 07:41:54,133 [om1@group-C5BA1605619E-LeaderElection35] INFO  server.RaftServer$Division (RaftServerImpl.java:setRole(284)) - om1@group-C5BA1605619E: changes role from CANDIDATE to LEADER at term 1 for changeToLeader
2021-05-19 07:41:54,133 [om1@group-C5BA1605619E-LeaderElection35] INFO  server.RaftServer$Division (ServerState.java:setLeader(271)) - om1@group-C5BA1605619E: change Leader from null to om1 at term 1 for becomeLeader, leader elected after 1153ms
2021-05-19 07:41:54,133 [om1@group-C5BA1605619E-LeaderElection35] INFO  server.RaftServerConfigKeys (ConfUtils.java:logGet(44)) - raft.server.staging.catchup.gap = 1000 (default)
2021-05-19 07:41:54,133 [om1@group-C5BA1605619E-LeaderElection35] INFO  metrics.RatisMetrics (RatisMetrics.java:lambda$create$0(36)) - Creating Metrics Registry : ratis.log_appender.om1@group-C5BA1605619E
2021-05-19 07:41:54,134 [om1@group-C5BA1605619E-LeaderElection35] INFO  server.RaftServerConfigKeys (ConfUtils.java:logGet(44)) - raft.server.write.element-limit = 4096 (default)
2021-05-19 07:41:54,134 [om1@group-C5BA1605619E-LeaderElection35] INFO  server.RaftServerConfigKeys (ConfUtils.java:logGet(44)) - raft.server.write.byte-limit = 64MB (=67108864) (default)
2021-05-19 07:41:54,134 [om1@group-C5BA1605619E-LeaderElection35] INFO  server.RaftServerConfigKeys (ConfUtils.java:logGet(44)) - raft.server.watch.timeout = 10s (default)
2021-05-19 07:41:54,134 [om1@group-C5BA1605619E-LeaderElection35] INFO  server.RaftServerConfigKeys (ConfUtils.java:logGet(44)) - raft.server.watch.timeout.denomination = 1s (default)
2021-05-19 07:41:54,134 [om1@group-C5BA1605619E-LeaderElection35] INFO  server.RaftServerConfigKeys (ConfUtils.java:logGet(44)) - raft.server.watch.element-limit = 65536 (default)
2021-05-19 07:41:54,134 [om1@group-C5BA1605619E-LeaderElection35] INFO  impl.RoleInfo (RoleInfo.java:updateAndGet(130)) - om1: start om1@group-C5BA1605619E-LeaderStateImpl
2021-05-19 07:41:54,134 [om1@group-C5BA1605619E-LeaderElection35] INFO  segmented.SegmentedRaftLogWorker (SegmentedRaftLogWorker.java:startLogSegment(394)) - om1@group-C5BA1605619E-SegmentedRaftLogWorker: Starting segment from index:0
2021-05-19 07:41:54,140 [om1@group-C5BA1605619E-LeaderElection35] INFO  server.RaftServer$Division (ServerState.java:setRaftConf(373)) - om1@group-C5BA1605619E: set configuration 0: [om1|rpc:localhost:9872|admin:|client:|dataStream:|priority:0], old=null
2021-05-19 07:41:54,146 [om1@group-C5BA1605619E-SegmentedRaftLogWorker] INFO  segmented.SegmentedRaftLogWorker (SegmentedRaftLogWorker.java:execute(601)) - om1@group-C5BA1605619E-SegmentedRaftLogWorker: created new log segment /github/workspace/mnt/ozone/hadoop-ozone/integration-test/target/test-dir/MiniOzoneClusterImpl-952c9dfc-8967-4523-b06f-60d3bd5de2bf/ozone-meta/ratis/bf265839-605b-3f16-9796-c5ba1605619e/current/log_inprogress_0
2021-05-19 07:41:54,146 [Listener at 127.0.0.1/41639] INFO  volume.HddsVolume (HddsVolume.java:<init>(184)) - Creating Volume: /github/workspace/mnt/ozone/hadoop-ozone/integration-test/target/test-dir/MiniOzoneClusterImpl-952c9dfc-8967-4523-b06f-60d3bd5de2bf/datanode-5/data-0/containers/hdds of storage type : DISK and capacity : 9223372036854775807
2021-05-19 07:41:54,146 [Listener at 127.0.0.1/41639] INFO  volume.MutableVolumeSet (MutableVolumeSet.java:initializeVolumeSet(195)) - Added Volume : /github/workspace/mnt/ozone/hadoop-ozone/integration-test/target/test-dir/MiniOzoneClusterImpl-952c9dfc-8967-4523-b06f-60d3bd5de2bf/datanode-5/data-0/containers/hdds to VolumeSet
2021-05-19 07:41:54,146 [Listener at 127.0.0.1/41639] INFO  volume.ThrottledAsyncChecker (ThrottledAsyncChecker.java:schedule(141)) - Scheduling a check for /github/workspace/mnt/ozone/hadoop-ozone/integration-test/target/test-dir/MiniOzoneClusterImpl-952c9dfc-8967-4523-b06f-60d3bd5de2bf/datanode-5/data-0/containers/hdds
2021-05-19 07:41:54,148 [Listener at 127.0.0.1/41639] INFO  volume.HddsVolumeChecker (HddsVolumeChecker.java:checkAllVolumes(200)) - Scheduled health check for volume /github/workspace/mnt/ozone/hadoop-ozone/integration-test/target/test-dir/MiniOzoneClusterImpl-952c9dfc-8967-4523-b06f-60d3bd5de2bf/datanode-5/data-0/containers/hdds
2021-05-19 07:41:54,160 [Listener at 127.0.0.1/41639] INFO  ozoneimpl.ContainerReader (ContainerReader.java:<init>(98)) - Running in upgrade mode:true
2021-05-19 07:41:54,161 [Thread-869] INFO  ozoneimpl.ContainerReader (ContainerReader.java:readVolume(142)) - Start to verify containers on volume /github/workspace/mnt/ozone/hadoop-ozone/integration-test/target/test-dir/MiniOzoneClusterImpl-952c9dfc-8967-4523-b06f-60d3bd5de2bf/datanode-5/data-0/containers/hdds
2021-05-19 07:41:54,161 [Thread-869] INFO  ozoneimpl.ContainerReader (ContainerReader.java:readVolume(174)) - Finish verifying containers on volume /github/workspace/mnt/ozone/hadoop-ozone/integration-test/target/test-dir/MiniOzoneClusterImpl-952c9dfc-8967-4523-b06f-60d3bd5de2bf/datanode-5/data-0/containers/hdds
2021-05-19 07:41:54,161 [Listener at 127.0.0.1/41639] INFO  ozoneimpl.OzoneContainer (OzoneContainer.java:buildContainerSet(224)) - Build ContainerSet costs 0s
2021-05-19 07:41:54,162 [Listener at 127.0.0.1/41639] INFO  server.RaftServer (ConfUtils.java:logGet(44)) - raft.rpc.type = GRPC (default)
2021-05-19 07:41:54,162 [Listener at 127.0.0.1/41639] INFO  grpc.GrpcFactory (GrpcFactory.java:checkPooledByteBufAllocatorUseCacheForAllThreads(48)) - PERFORMANCE WARNING: useCacheForAllThreads is true that may cause Netty to create a lot garbage objects and, as a result, trigger GC.
	It is recommended to disable useCacheForAllThreads by setting -Dorg.apache.ratis.thirdparty.io.netty.allocator.useCacheForAllThreads=false in command line.
2021-05-19 07:41:54,163 [Listener at 127.0.0.1/41639] INFO  grpc.GrpcConfigKeys (ConfUtils.java:logGet(44)) - raft.grpc.admin.port = 0 (custom)
2021-05-19 07:41:54,163 [Listener at 127.0.0.1/41639] INFO  grpc.GrpcConfigKeys (ConfUtils.java:logGet(44)) - raft.grpc.client.port = 0 (custom)
2021-05-19 07:41:54,163 [Listener at 127.0.0.1/41639] INFO  grpc.GrpcConfigKeys (ConfUtils.java:logGet(44)) - raft.grpc.server.port = 0 (default)
2021-05-19 07:41:54,163 [Listener at 127.0.0.1/41639] INFO  server.GrpcService (ConfUtils.java:logGet(44)) - raft.grpc.message.size.max = 32MB (=33554432) (custom)
2021-05-19 07:41:54,163 [Listener at 127.0.0.1/41639] INFO  server.RaftServerConfigKeys (ConfUtils.java:logGet(44)) - raft.server.log.appender.buffer.byte-limit = 33554432 (custom)
2021-05-19 07:41:54,163 [Listener at 127.0.0.1/41639] INFO  server.GrpcService (ConfUtils.java:logGet(44)) - raft.grpc.flow.control.window = 5MB (=5242880) (custom)
2021-05-19 07:41:54,163 [Listener at 127.0.0.1/41639] INFO  server.RaftServerConfigKeys (ConfUtils.java:logGet(44)) - raft.server.rpc.request.timeout = 3000ms (default)
2021-05-19 07:41:54,164 [Listener at 127.0.0.1/41639] INFO  impl.DataStreamServerImpl (ConfUtils.java:logGet(44)) - raft.datastream.type = DISABLED (default)
2021-05-19 07:41:54,164 [Listener at 127.0.0.1/41639] INFO  server.RaftServerConfigKeys (ConfUtils.java:logGet(44)) - raft.server.rpc.slowness.timeout = 300000ms (custom)
2021-05-19 07:41:54,164 [Listener at 127.0.0.1/41639] INFO  server.RaftServerConfigKeys (ConfUtils.java:logGet(44)) - raft.server.leaderelection.leader.step-down.wait-time = 10s (default)
2021-05-19 07:41:54,164 [Listener at 127.0.0.1/41639] INFO  server.RaftServerConfigKeys (ConfUtils.java:logGet(44)) - raft.server.storage.dir = [/github/workspace/mnt/ozone/hadoop-ozone/integration-test/target/test-dir/MiniOzoneClusterImpl-952c9dfc-8967-4523-b06f-60d3bd5de2bf/datanode-5/data/ratis] (custom)
2021-05-19 07:41:54,170 [Listener at 127.0.0.1/41639] INFO  http.BaseHttpServer (BaseHttpServer.java:newHttpServer2BuilderForOzone(209)) - Starting Web-server for hddsDatanode at: http://0.0.0.0:0
2021-05-19 07:41:54,170 [Listener at 127.0.0.1/41639] INFO  http.BaseHttpServer (BaseHttpServer.java:<init>(107)) - Hadoop Security Enabled: false Ozone Security Enabled: false Ozone HTTP Security Enabled: false 
2021-05-19 07:41:54,171 [Listener at 127.0.0.1/41639] INFO  server.AuthenticationFilter (AuthenticationFilter.java:constructSecretProvider(240)) - Unable to initialize FileSignerSecretProvider, falling back to use random secrets.
2021-05-19 07:41:54,178 [Listener at 127.0.0.1/41639] WARN  http.HttpRequestLog (HttpRequestLog.java:getRequestLog(103)) - Jetty request log can only be enabled using Log4j
2021-05-19 07:41:54,179 [Listener at 127.0.0.1/41639] INFO  http.HttpServer2 (HttpServer2.java:addGlobalFilter(1020)) - Added global filter 'safety' (class=org.apache.hadoop.hdds.server.http.HttpServer2$QuotingInputFilter)
2021-05-19 07:41:54,179 [Listener at 127.0.0.1/41639] INFO  http.HttpServer2 (HttpServer2.java:addFilter(996)) - Added filter static_user_filter (class=org.apache.hadoop.http.lib.StaticUserWebFilter$StaticUserFilter) to context hddsDatanode
2021-05-19 07:41:54,179 [Listener at 127.0.0.1/41639] INFO  http.HttpServer2 (HttpServer2.java:addFilter(1004)) - Added filter static_user_filter (class=org.apache.hadoop.http.lib.StaticUserWebFilter$StaticUserFilter) to context logs
2021-05-19 07:41:54,180 [Listener at 127.0.0.1/41639] INFO  http.HttpServer2 (HttpServer2.java:addFilter(1004)) - Added filter static_user_filter (class=org.apache.hadoop.http.lib.StaticUserWebFilter$StaticUserFilter) to context static
2021-05-19 07:41:54,180 [Listener at 127.0.0.1/41639] INFO  http.HttpServer2 (HttpServer2.java:bindListener(1238)) - Jetty bound to port 42357
2021-05-19 07:41:54,180 [Listener at 127.0.0.1/41639] INFO  server.Server (Server.java:doStart(375)) - jetty-9.4.35.v20201120; built: 2020-11-20T21:17:03.964Z; git: bdc54f03a5e0a7e280fab27f55c3c75ee8da89fb; jvm 1.8.0_232-b09
2021-05-19 07:41:54,183 [Listener at 127.0.0.1/41639] INFO  server.session (DefaultSessionIdManager.java:doStart(334)) - DefaultSessionIdManager workerName=node0
2021-05-19 07:41:54,183 [Listener at 127.0.0.1/41639] INFO  server.session (DefaultSessionIdManager.java:doStart(339)) - No SessionScavenger set, using defaults
2021-05-19 07:41:54,183 [Listener at 127.0.0.1/41639] INFO  server.session (HouseKeeper.java:startScavenging(132)) - node0 Scavenging every 600000ms
2021-05-19 07:41:54,184 [Listener at 127.0.0.1/41639] INFO  handler.ContextHandler (ContextHandler.java:doStart(916)) - Started o.e.j.s.ServletContextHandler@cafad77{logs,/logs,file:///github/workspace/mnt/ozone/hadoop-ozone/integration-test/target/log,AVAILABLE}
2021-05-19 07:41:54,184 [Listener at 127.0.0.1/41639] INFO  handler.ContextHandler (ContextHandler.java:doStart(916)) - Started o.e.j.s.ServletContextHandler@7e326159{static,/static,jar:file:/home/user/.m2/repository/org/apache/hadoop/hadoop-hdds-container-service/1.2.0-SNAPSHOT/hadoop-hdds-container-service-1.2.0-SNAPSHOT.jar!/webapps/static,AVAILABLE}
2021-05-19 07:41:54,324 [Listener at 127.0.0.1/41639] INFO  handler.ContextHandler (ContextHandler.java:doStart(916)) - Started o.e.j.w.WebAppContext@3ff2ef78{hddsDatanode,/,file:///tmp/jetty-0_0_0_0-42357-hadoop-hdds-container-service-1_2_0-SNAPSHOT_jar-_-any-4486384508095265483/webapp/,AVAILABLE}{jar:file:/home/user/.m2/repository/org/apache/hadoop/hadoop-hdds-container-service/1.2.0-SNAPSHOT/hadoop-hdds-container-service-1.2.0-SNAPSHOT.jar!/webapps/hddsDatanode}
2021-05-19 07:41:54,325 [Listener at 127.0.0.1/41639] INFO  server.AbstractConnector (AbstractConnector.java:doStart(331)) - Started ServerConnector@7533398a{HTTP/1.1, (http/1.1)}{0.0.0.0:42357}
2021-05-19 07:41:54,326 [Listener at 127.0.0.1/41639] INFO  server.Server (Server.java:doStart(415)) - Started @71226ms
2021-05-19 07:41:54,326 [Listener at 127.0.0.1/41639] WARN  impl.MetricsSystemImpl (MetricsSystemImpl.java:register(279)) - Sink prometheus already exists!
2021-05-19 07:41:54,329 [Listener at 127.0.0.1/41639] INFO  http.BaseHttpServer (BaseHttpServer.java:updateConnectorAddress(329)) - HTTP server of hddsDatanode listening at http://0.0.0.0:42357
2021-05-19 07:41:54,329 [Listener at 127.0.0.1/41639] INFO  impl.MetricsSystemImpl (MetricsSystemImpl.java:init(158)) - HddsDatanode metrics system started (again)
2021-05-19 07:41:54,331 [Listener at 127.0.0.1/41639] INFO  ozone.HddsDatanodeService (HddsDatanodeService.java:start(220)) - HddsDatanodeService host:3974e5c036b4 ip:172.17.0.2
2021-05-19 07:41:54,339 [org.apache.hadoop.util.JvmPauseMonitor$Monitor@474b4ff9] INFO  util.JvmPauseMonitor (JvmPauseMonitor.java:run(188)) - Starting JVM pause monitor
2021-05-19 07:41:54,340 [Datanode State Machine Task Thread - 0] INFO  datanode.InitDatanodeState (InitDatanodeState.java:persistContainerDatanodeDetails(145)) - DatanodeDetails is persisted to /github/workspace/mnt/ozone/hadoop-ozone/integration-test/target/test-dir/MiniOzoneClusterImpl-952c9dfc-8967-4523-b06f-60d3bd5de2bf/datanode-5/meta/datanode.id
2021-05-19 07:41:54,350 [Listener at 127.0.0.1/41639] INFO  volume.HddsVolume (HddsVolume.java:<init>(184)) - Creating Volume: /github/workspace/mnt/ozone/hadoop-ozone/integration-test/target/test-dir/MiniOzoneClusterImpl-952c9dfc-8967-4523-b06f-60d3bd5de2bf/datanode-6/data-0/containers/hdds of storage type : DISK and capacity : 9223372036854775807
2021-05-19 07:41:54,350 [Listener at 127.0.0.1/41639] INFO  volume.MutableVolumeSet (MutableVolumeSet.java:initializeVolumeSet(195)) - Added Volume : /github/workspace/mnt/ozone/hadoop-ozone/integration-test/target/test-dir/MiniOzoneClusterImpl-952c9dfc-8967-4523-b06f-60d3bd5de2bf/datanode-6/data-0/containers/hdds to VolumeSet
2021-05-19 07:41:54,350 [Listener at 127.0.0.1/41639] INFO  volume.ThrottledAsyncChecker (ThrottledAsyncChecker.java:schedule(141)) - Scheduling a check for /github/workspace/mnt/ozone/hadoop-ozone/integration-test/target/test-dir/MiniOzoneClusterImpl-952c9dfc-8967-4523-b06f-60d3bd5de2bf/datanode-6/data-0/containers/hdds
2021-05-19 07:41:54,351 [Listener at 127.0.0.1/41639] INFO  volume.HddsVolumeChecker (HddsVolumeChecker.java:checkAllVolumes(200)) - Scheduled health check for volume /github/workspace/mnt/ozone/hadoop-ozone/integration-test/target/test-dir/MiniOzoneClusterImpl-952c9dfc-8967-4523-b06f-60d3bd5de2bf/datanode-6/data-0/containers/hdds
2021-05-19 07:41:54,363 [Listener at 127.0.0.1/41639] INFO  ozoneimpl.ContainerReader (ContainerReader.java:<init>(98)) - Running in upgrade mode:true
2021-05-19 07:41:54,363 [Thread-880] INFO  ozoneimpl.ContainerReader (ContainerReader.java:readVolume(142)) - Start to verify containers on volume /github/workspace/mnt/ozone/hadoop-ozone/integration-test/target/test-dir/MiniOzoneClusterImpl-952c9dfc-8967-4523-b06f-60d3bd5de2bf/datanode-6/data-0/containers/hdds
2021-05-19 07:41:54,363 [Thread-880] INFO  ozoneimpl.ContainerReader (ContainerReader.java:readVolume(174)) - Finish verifying containers on volume /github/workspace/mnt/ozone/hadoop-ozone/integration-test/target/test-dir/MiniOzoneClusterImpl-952c9dfc-8967-4523-b06f-60d3bd5de2bf/datanode-6/data-0/containers/hdds
2021-05-19 07:41:54,363 [Listener at 127.0.0.1/41639] INFO  ozoneimpl.OzoneContainer (OzoneContainer.java:buildContainerSet(224)) - Build ContainerSet costs 0s
2021-05-19 07:41:54,365 [Listener at 127.0.0.1/41639] INFO  server.RaftServer (ConfUtils.java:logGet(44)) - raft.rpc.type = GRPC (default)
2021-05-19 07:41:54,365 [Listener at 127.0.0.1/41639] INFO  grpc.GrpcFactory (GrpcFactory.java:checkPooledByteBufAllocatorUseCacheForAllThreads(48)) - PERFORMANCE WARNING: useCacheForAllThreads is true that may cause Netty to create a lot garbage objects and, as a result, trigger GC.
	It is recommended to disable useCacheForAllThreads by setting -Dorg.apache.ratis.thirdparty.io.netty.allocator.useCacheForAllThreads=false in command line.
2021-05-19 07:41:54,365 [Listener at 127.0.0.1/41639] INFO  grpc.GrpcConfigKeys (ConfUtils.java:logGet(44)) - raft.grpc.admin.port = 0 (custom)
2021-05-19 07:41:54,365 [Listener at 127.0.0.1/41639] INFO  grpc.GrpcConfigKeys (ConfUtils.java:logGet(44)) - raft.grpc.client.port = 0 (custom)
2021-05-19 07:41:54,365 [Listener at 127.0.0.1/41639] INFO  grpc.GrpcConfigKeys (ConfUtils.java:logGet(44)) - raft.grpc.server.port = 0 (default)
2021-05-19 07:41:54,365 [Listener at 127.0.0.1/41639] INFO  server.GrpcService (ConfUtils.java:logGet(44)) - raft.grpc.message.size.max = 32MB (=33554432) (custom)
2021-05-19 07:41:54,365 [Listener at 127.0.0.1/41639] INFO  server.RaftServerConfigKeys (ConfUtils.java:logGet(44)) - raft.server.log.appender.buffer.byte-limit = 33554432 (custom)
2021-05-19 07:41:54,366 [Listener at 127.0.0.1/41639] INFO  server.GrpcService (ConfUtils.java:logGet(44)) - raft.grpc.flow.control.window = 5MB (=5242880) (custom)
2021-05-19 07:41:54,366 [Listener at 127.0.0.1/41639] INFO  server.RaftServerConfigKeys (ConfUtils.java:logGet(44)) - raft.server.rpc.request.timeout = 3000ms (default)
2021-05-19 07:41:54,367 [Listener at 127.0.0.1/41639] INFO  impl.DataStreamServerImpl (ConfUtils.java:logGet(44)) - raft.datastream.type = DISABLED (default)
2021-05-19 07:41:54,367 [Listener at 127.0.0.1/41639] INFO  server.RaftServerConfigKeys (ConfUtils.java:logGet(44)) - raft.server.rpc.slowness.timeout = 300000ms (custom)
2021-05-19 07:41:54,367 [Listener at 127.0.0.1/41639] INFO  server.RaftServerConfigKeys (ConfUtils.java:logGet(44)) - raft.server.leaderelection.leader.step-down.wait-time = 10s (default)
2021-05-19 07:41:54,367 [Listener at 127.0.0.1/41639] INFO  server.RaftServerConfigKeys (ConfUtils.java:logGet(44)) - raft.server.storage.dir = [/github/workspace/mnt/ozone/hadoop-ozone/integration-test/target/test-dir/MiniOzoneClusterImpl-952c9dfc-8967-4523-b06f-60d3bd5de2bf/datanode-6/data/ratis] (custom)
2021-05-19 07:41:54,372 [Listener at 127.0.0.1/41639] INFO  http.BaseHttpServer (BaseHttpServer.java:newHttpServer2BuilderForOzone(209)) - Starting Web-server for hddsDatanode at: http://0.0.0.0:0
2021-05-19 07:41:54,372 [Listener at 127.0.0.1/41639] INFO  http.BaseHttpServer (BaseHttpServer.java:<init>(107)) - Hadoop Security Enabled: false Ozone Security Enabled: false Ozone HTTP Security Enabled: false 
2021-05-19 07:41:54,373 [Listener at 127.0.0.1/41639] INFO  server.AuthenticationFilter (AuthenticationFilter.java:constructSecretProvider(240)) - Unable to initialize FileSignerSecretProvider, falling back to use random secrets.
2021-05-19 07:41:54,373 [Listener at 127.0.0.1/41639] WARN  http.HttpRequestLog (HttpRequestLog.java:getRequestLog(103)) - Jetty request log can only be enabled using Log4j
2021-05-19 07:41:54,374 [Listener at 127.0.0.1/41639] INFO  http.HttpServer2 (HttpServer2.java:addGlobalFilter(1020)) - Added global filter 'safety' (class=org.apache.hadoop.hdds.server.http.HttpServer2$QuotingInputFilter)
2021-05-19 07:41:54,375 [Listener at 127.0.0.1/41639] INFO  http.HttpServer2 (HttpServer2.java:addFilter(996)) - Added filter static_user_filter (class=org.apache.hadoop.http.lib.StaticUserWebFilter$StaticUserFilter) to context hddsDatanode
2021-05-19 07:41:54,375 [Listener at 127.0.0.1/41639] INFO  http.HttpServer2 (HttpServer2.java:addFilter(1004)) - Added filter static_user_filter (class=org.apache.hadoop.http.lib.StaticUserWebFilter$StaticUserFilter) to context static
2021-05-19 07:41:54,375 [Listener at 127.0.0.1/41639] INFO  http.HttpServer2 (HttpServer2.java:addFilter(1004)) - Added filter static_user_filter (class=org.apache.hadoop.http.lib.StaticUserWebFilter$StaticUserFilter) to context logs
2021-05-19 07:41:54,376 [Listener at 127.0.0.1/41639] INFO  http.HttpServer2 (HttpServer2.java:bindListener(1238)) - Jetty bound to port 33043
2021-05-19 07:41:54,376 [Listener at 127.0.0.1/41639] INFO  server.Server (Server.java:doStart(375)) - jetty-9.4.35.v20201120; built: 2020-11-20T21:17:03.964Z; git: bdc54f03a5e0a7e280fab27f55c3c75ee8da89fb; jvm 1.8.0_232-b09
2021-05-19 07:41:54,382 [Listener at 127.0.0.1/41639] INFO  server.session (DefaultSessionIdManager.java:doStart(334)) - DefaultSessionIdManager workerName=node0
2021-05-19 07:41:54,383 [Listener at 127.0.0.1/41639] INFO  server.session (DefaultSessionIdManager.java:doStart(339)) - No SessionScavenger set, using defaults
2021-05-19 07:41:54,383 [Listener at 127.0.0.1/41639] INFO  server.session (HouseKeeper.java:startScavenging(132)) - node0 Scavenging every 600000ms
2021-05-19 07:41:54,384 [Listener at 127.0.0.1/41639] INFO  handler.ContextHandler (ContextHandler.java:doStart(916)) - Started o.e.j.s.ServletContextHandler@45534c22{logs,/logs,file:///github/workspace/mnt/ozone/hadoop-ozone/integration-test/target/log,AVAILABLE}
2021-05-19 07:41:54,384 [Listener at 127.0.0.1/41639] INFO  handler.ContextHandler (ContextHandler.java:doStart(916)) - Started o.e.j.s.ServletContextHandler@6afd77dd{static,/static,jar:file:/home/user/.m2/repository/org/apache/hadoop/hadoop-hdds-container-service/1.2.0-SNAPSHOT/hadoop-hdds-container-service-1.2.0-SNAPSHOT.jar!/webapps/static,AVAILABLE}
2021-05-19 07:41:54,524 [Listener at 127.0.0.1/41639] INFO  handler.ContextHandler (ContextHandler.java:doStart(916)) - Started o.e.j.w.WebAppContext@4fd4172a{hddsDatanode,/,file:///tmp/jetty-0_0_0_0-33043-hadoop-hdds-container-service-1_2_0-SNAPSHOT_jar-_-any-8680190177877445246/webapp/,AVAILABLE}{jar:file:/home/user/.m2/repository/org/apache/hadoop/hadoop-hdds-container-service/1.2.0-SNAPSHOT/hadoop-hdds-container-service-1.2.0-SNAPSHOT.jar!/webapps/hddsDatanode}
2021-05-19 07:41:54,526 [Listener at 127.0.0.1/41639] INFO  server.AbstractConnector (AbstractConnector.java:doStart(331)) - Started ServerConnector@6c9d61bd{HTTP/1.1, (http/1.1)}{0.0.0.0:33043}
2021-05-19 07:41:54,526 [Listener at 127.0.0.1/41639] INFO  server.Server (Server.java:doStart(415)) - Started @71426ms
2021-05-19 07:41:54,526 [Listener at 127.0.0.1/41639] WARN  impl.MetricsSystemImpl (MetricsSystemImpl.java:register(279)) - Sink prometheus already exists!
2021-05-19 07:41:54,529 [Listener at 127.0.0.1/41639] INFO  http.BaseHttpServer (BaseHttpServer.java:updateConnectorAddress(329)) - HTTP server of hddsDatanode listening at http://0.0.0.0:33043
2021-05-19 07:41:54,530 [Listener at 127.0.0.1/41639] INFO  ozone.MiniOzoneClusterImpl (MiniOzoneClusterImpl.java:lambda$waitForClusterToBeReady$0(224)) - Waiting for nodes to be ready. Got 0 of 7 DN Heartbeats.
2021-05-19 07:41:54,530 [Listener at 127.0.0.1/41639] INFO  ozone.MiniOzoneClusterImpl (MiniOzoneClusterImpl.java:lambda$waitForClusterToBeReady$0(227)) - Waiting for cluster to exit safe mode
2021-05-19 07:41:54,530 [Listener at 127.0.0.1/41639] INFO  ozone.MiniOzoneClusterImpl (MiniOzoneClusterImpl.java:lambda$waitForClusterToBeReady$0(230)) - SCM became leader
2021-05-19 07:41:54,534 [org.apache.hadoop.util.JvmPauseMonitor$Monitor@562c4a14] INFO  util.JvmPauseMonitor (JvmPauseMonitor.java:run(188)) - Starting JVM pause monitor
2021-05-19 07:41:54,535 [Datanode State Machine Task Thread - 0] INFO  datanode.InitDatanodeState (InitDatanodeState.java:persistContainerDatanodeDetails(145)) - DatanodeDetails is persisted to /github/workspace/mnt/ozone/hadoop-ozone/integration-test/target/test-dir/MiniOzoneClusterImpl-952c9dfc-8967-4523-b06f-60d3bd5de2bf/datanode-6/meta/datanode.id
2021-05-19 07:41:55,286 [EndpointStateMachine task thread for /0.0.0.0:33831 - 0 ] INFO  ozoneimpl.OzoneContainer (OzoneContainer.java:start(291)) - Attempting to start container services.
2021-05-19 07:41:55,286 [EndpointStateMachine task thread for /0.0.0.0:33831 - 0 ] INFO  ozoneimpl.OzoneContainer (OzoneContainer.java:startContainerScrub(237)) - Background container scanner has been disabled.
2021-05-19 07:41:55,286 [EndpointStateMachine task thread for /0.0.0.0:33831 - 0 ] INFO  replication.ReplicationServer (ReplicationServer.java:start(106)) - ReplicationServer is started using port 43949
2021-05-19 07:41:55,287 [EndpointStateMachine task thread for /0.0.0.0:33831 - 0 ] INFO  ratis.XceiverServerRatis (XceiverServerRatis.java:start(490)) - Starting XceiverServerRatis 68d4f79f-8ed5-4598-b947-57f9bc979c0e
2021-05-19 07:41:55,287 [EndpointStateMachine task thread for /0.0.0.0:33831 - 0 ] INFO  server.RaftServer (RaftServerProxy.java:lambda$start$5(374)) - 68d4f79f-8ed5-4598-b947-57f9bc979c0e: start RPC server
2021-05-19 07:41:55,288 [EndpointStateMachine task thread for /0.0.0.0:33831 - 0 ] INFO  server.GrpcService (GrpcService.java:startImpl(253)) - 68d4f79f-8ed5-4598-b947-57f9bc979c0e: GrpcService started, listening on 42729
2021-05-19 07:41:55,288 [EndpointStateMachine task thread for /0.0.0.0:33831 - 0 ] INFO  ratis.XceiverServerRatis (XceiverServerRatis.java:getRealPort(511)) - XceiverServerRatis 68d4f79f-8ed5-4598-b947-57f9bc979c0e is started using port 42729 for RATIS
2021-05-19 07:41:55,288 [org.apache.ratis.util.JvmPauseMonitor$$Lambda$504/2021733479@34e0fc74] INFO  util.JvmPauseMonitor (JvmPauseMonitor.java:run(103)) - JvmPauseMonitor-68d4f79f-8ed5-4598-b947-57f9bc979c0e: Started
2021-05-19 07:41:55,288 [EndpointStateMachine task thread for /0.0.0.0:33831 - 0 ] INFO  ratis.XceiverServerRatis (XceiverServerRatis.java:getRealPort(511)) - XceiverServerRatis 68d4f79f-8ed5-4598-b947-57f9bc979c0e is started using port 42729 for RATIS_ADMIN
2021-05-19 07:41:55,288 [EndpointStateMachine task thread for /0.0.0.0:33831 - 0 ] INFO  ratis.XceiverServerRatis (XceiverServerRatis.java:getRealPort(511)) - XceiverServerRatis 68d4f79f-8ed5-4598-b947-57f9bc979c0e is started using port 42729 for RATIS_SERVER
2021-05-19 07:41:55,289 [EndpointStateMachine task thread for /0.0.0.0:33831 - 0 ] INFO  server.XceiverServerGrpc (XceiverServerGrpc.java:start(135)) - XceiverServerGrpc 68d4f79f-8ed5-4598-b947-57f9bc979c0e is started using port 34701
2021-05-19 07:41:55,484 [EndpointStateMachine task thread for /0.0.0.0:33831 - 0 ] INFO  ozoneimpl.OzoneContainer (OzoneContainer.java:start(291)) - Attempting to start container services.
2021-05-19 07:41:55,485 [EndpointStateMachine task thread for /0.0.0.0:33831 - 0 ] INFO  ozoneimpl.OzoneContainer (OzoneContainer.java:startContainerScrub(237)) - Background container scanner has been disabled.
2021-05-19 07:41:55,485 [EndpointStateMachine task thread for /0.0.0.0:33831 - 0 ] INFO  replication.ReplicationServer (ReplicationServer.java:start(106)) - ReplicationServer is started using port 33707
2021-05-19 07:41:55,486 [EndpointStateMachine task thread for /0.0.0.0:33831 - 0 ] INFO  ratis.XceiverServerRatis (XceiverServerRatis.java:start(490)) - Starting XceiverServerRatis 8e81be81-8cf3-4cb2-af1f-2c1c9bc19b0e
2021-05-19 07:41:55,486 [EndpointStateMachine task thread for /0.0.0.0:33831 - 0 ] INFO  server.RaftServer (RaftServerProxy.java:lambda$start$5(374)) - 8e81be81-8cf3-4cb2-af1f-2c1c9bc19b0e: start RPC server
2021-05-19 07:41:55,487 [EndpointStateMachine task thread for /0.0.0.0:33831 - 0 ] INFO  server.GrpcService (GrpcService.java:startImpl(253)) - 8e81be81-8cf3-4cb2-af1f-2c1c9bc19b0e: GrpcService started, listening on 41855
2021-05-19 07:41:55,487 [EndpointStateMachine task thread for /0.0.0.0:33831 - 0 ] INFO  ratis.XceiverServerRatis (XceiverServerRatis.java:getRealPort(511)) - XceiverServerRatis 8e81be81-8cf3-4cb2-af1f-2c1c9bc19b0e is started using port 41855 for RATIS
2021-05-19 07:41:55,487 [org.apache.ratis.util.JvmPauseMonitor$$Lambda$504/2021733479@66be4a4e] INFO  util.JvmPauseMonitor (JvmPauseMonitor.java:run(103)) - JvmPauseMonitor-8e81be81-8cf3-4cb2-af1f-2c1c9bc19b0e: Started
2021-05-19 07:41:55,487 [EndpointStateMachine task thread for /0.0.0.0:33831 - 0 ] INFO  ratis.XceiverServerRatis (XceiverServerRatis.java:getRealPort(511)) - XceiverServerRatis 8e81be81-8cf3-4cb2-af1f-2c1c9bc19b0e is started using port 41855 for RATIS_ADMIN
2021-05-19 07:41:55,487 [EndpointStateMachine task thread for /0.0.0.0:33831 - 0 ] INFO  ratis.XceiverServerRatis (XceiverServerRatis.java:getRealPort(511)) - XceiverServerRatis 8e81be81-8cf3-4cb2-af1f-2c1c9bc19b0e is started using port 41855 for RATIS_SERVER
2021-05-19 07:41:55,488 [EndpointStateMachine task thread for /0.0.0.0:33831 - 0 ] INFO  server.XceiverServerGrpc (XceiverServerGrpc.java:start(135)) - XceiverServerGrpc 8e81be81-8cf3-4cb2-af1f-2c1c9bc19b0e is started using port 33695
2021-05-19 07:41:55,531 [Listener at 127.0.0.1/41639] INFO  ozone.MiniOzoneClusterImpl (MiniOzoneClusterImpl.java:lambda$waitForClusterToBeReady$0(224)) - Waiting for nodes to be ready. Got 0 of 7 DN Heartbeats.
2021-05-19 07:41:55,531 [Listener at 127.0.0.1/41639] INFO  ozone.MiniOzoneClusterImpl (MiniOzoneClusterImpl.java:lambda$waitForClusterToBeReady$0(227)) - Waiting for cluster to exit safe mode
2021-05-19 07:41:55,531 [Listener at 127.0.0.1/41639] INFO  ozone.MiniOzoneClusterImpl (MiniOzoneClusterImpl.java:lambda$waitForClusterToBeReady$0(230)) - SCM became leader
2021-05-19 07:41:55,685 [EndpointStateMachine task thread for /0.0.0.0:33831 - 0 ] INFO  ozoneimpl.OzoneContainer (OzoneContainer.java:start(291)) - Attempting to start container services.
2021-05-19 07:41:55,685 [EndpointStateMachine task thread for /0.0.0.0:33831 - 0 ] INFO  ozoneimpl.OzoneContainer (OzoneContainer.java:startContainerScrub(237)) - Background container scanner has been disabled.
2021-05-19 07:41:55,686 [EndpointStateMachine task thread for /0.0.0.0:33831 - 0 ] INFO  replication.ReplicationServer (ReplicationServer.java:start(106)) - ReplicationServer is started using port 40039
2021-05-19 07:41:55,689 [EndpointStateMachine task thread for /0.0.0.0:33831 - 0 ] INFO  ratis.XceiverServerRatis (XceiverServerRatis.java:start(490)) - Starting XceiverServerRatis a14714da-c87c-4361-b393-7e96cf422ed7
2021-05-19 07:41:55,689 [EndpointStateMachine task thread for /0.0.0.0:33831 - 0 ] INFO  server.RaftServer (RaftServerProxy.java:lambda$start$5(374)) - a14714da-c87c-4361-b393-7e96cf422ed7: start RPC server
2021-05-19 07:41:55,690 [EndpointStateMachine task thread for /0.0.0.0:33831 - 0 ] INFO  server.GrpcService (GrpcService.java:startImpl(253)) - a14714da-c87c-4361-b393-7e96cf422ed7: GrpcService started, listening on 45547
2021-05-19 07:41:55,690 [EndpointStateMachine task thread for /0.0.0.0:33831 - 0 ] INFO  ratis.XceiverServerRatis (XceiverServerRatis.java:getRealPort(511)) - XceiverServerRatis a14714da-c87c-4361-b393-7e96cf422ed7 is started using port 45547 for RATIS
2021-05-19 07:41:55,690 [org.apache.ratis.util.JvmPauseMonitor$$Lambda$504/2021733479@3917b7f0] INFO  util.JvmPauseMonitor (JvmPauseMonitor.java:run(103)) - JvmPauseMonitor-a14714da-c87c-4361-b393-7e96cf422ed7: Started
2021-05-19 07:41:55,690 [EndpointStateMachine task thread for /0.0.0.0:33831 - 0 ] INFO  ratis.XceiverServerRatis (XceiverServerRatis.java:getRealPort(511)) - XceiverServerRatis a14714da-c87c-4361-b393-7e96cf422ed7 is started using port 45547 for RATIS_ADMIN
2021-05-19 07:41:55,690 [EndpointStateMachine task thread for /0.0.0.0:33831 - 0 ] INFO  ratis.XceiverServerRatis (XceiverServerRatis.java:getRealPort(511)) - XceiverServerRatis a14714da-c87c-4361-b393-7e96cf422ed7 is started using port 45547 for RATIS_SERVER
2021-05-19 07:41:55,694 [EndpointStateMachine task thread for /0.0.0.0:33831 - 0 ] INFO  server.XceiverServerGrpc (XceiverServerGrpc.java:start(135)) - XceiverServerGrpc a14714da-c87c-4361-b393-7e96cf422ed7 is started using port 44867
2021-05-19 07:41:55,932 [EndpointStateMachine task thread for /0.0.0.0:33831 - 0 ] INFO  ozoneimpl.OzoneContainer (OzoneContainer.java:start(291)) - Attempting to start container services.
2021-05-19 07:41:55,933 [EndpointStateMachine task thread for /0.0.0.0:33831 - 0 ] INFO  ozoneimpl.OzoneContainer (OzoneContainer.java:startContainerScrub(237)) - Background container scanner has been disabled.
2021-05-19 07:41:55,933 [EndpointStateMachine task thread for /0.0.0.0:33831 - 0 ] INFO  replication.ReplicationServer (ReplicationServer.java:start(106)) - ReplicationServer is started using port 33365
2021-05-19 07:41:55,934 [EndpointStateMachine task thread for /0.0.0.0:33831 - 0 ] INFO  ratis.XceiverServerRatis (XceiverServerRatis.java:start(490)) - Starting XceiverServerRatis 37b2c1ee-956a-4dec-b232-912a6a25ff9b
2021-05-19 07:41:55,935 [EndpointStateMachine task thread for /0.0.0.0:33831 - 0 ] INFO  server.RaftServer (RaftServerProxy.java:lambda$start$5(374)) - 37b2c1ee-956a-4dec-b232-912a6a25ff9b: start RPC server
2021-05-19 07:41:55,938 [EndpointStateMachine task thread for /0.0.0.0:33831 - 0 ] INFO  server.GrpcService (GrpcService.java:startImpl(253)) - 37b2c1ee-956a-4dec-b232-912a6a25ff9b: GrpcService started, listening on 35677
2021-05-19 07:41:55,938 [EndpointStateMachine task thread for /0.0.0.0:33831 - 0 ] INFO  ratis.XceiverServerRatis (XceiverServerRatis.java:getRealPort(511)) - XceiverServerRatis 37b2c1ee-956a-4dec-b232-912a6a25ff9b is started using port 35677 for RATIS
2021-05-19 07:41:55,938 [EndpointStateMachine task thread for /0.0.0.0:33831 - 0 ] INFO  ratis.XceiverServerRatis (XceiverServerRatis.java:getRealPort(511)) - XceiverServerRatis 37b2c1ee-956a-4dec-b232-912a6a25ff9b is started using port 35677 for RATIS_ADMIN
2021-05-19 07:41:55,939 [EndpointStateMachine task thread for /0.0.0.0:33831 - 0 ] INFO  ratis.XceiverServerRatis (XceiverServerRatis.java:getRealPort(511)) - XceiverServerRatis 37b2c1ee-956a-4dec-b232-912a6a25ff9b is started using port 35677 for RATIS_SERVER
2021-05-19 07:41:55,939 [org.apache.ratis.util.JvmPauseMonitor$$Lambda$504/2021733479@7af9b144] INFO  util.JvmPauseMonitor (JvmPauseMonitor.java:run(103)) - JvmPauseMonitor-37b2c1ee-956a-4dec-b232-912a6a25ff9b: Started
2021-05-19 07:41:55,939 [EndpointStateMachine task thread for /0.0.0.0:33831 - 0 ] INFO  server.XceiverServerGrpc (XceiverServerGrpc.java:start(135)) - XceiverServerGrpc 37b2c1ee-956a-4dec-b232-912a6a25ff9b is started using port 37521
2021-05-19 07:41:56,132 [EndpointStateMachine task thread for /0.0.0.0:33831 - 0 ] INFO  ozoneimpl.OzoneContainer (OzoneContainer.java:start(291)) - Attempting to start container services.
2021-05-19 07:41:56,133 [EndpointStateMachine task thread for /0.0.0.0:33831 - 0 ] INFO  ozoneimpl.OzoneContainer (OzoneContainer.java:startContainerScrub(237)) - Background container scanner has been disabled.
2021-05-19 07:41:56,133 [EndpointStateMachine task thread for /0.0.0.0:33831 - 0 ] INFO  replication.ReplicationServer (ReplicationServer.java:start(106)) - ReplicationServer is started using port 43531
2021-05-19 07:41:56,136 [EndpointStateMachine task thread for /0.0.0.0:33831 - 0 ] INFO  ratis.XceiverServerRatis (XceiverServerRatis.java:start(490)) - Starting XceiverServerRatis a4ee1d3f-5505-4afe-8a03-746b4b90cef8
2021-05-19 07:41:56,136 [EndpointStateMachine task thread for /0.0.0.0:33831 - 0 ] INFO  server.RaftServer (RaftServerProxy.java:lambda$start$5(374)) - a4ee1d3f-5505-4afe-8a03-746b4b90cef8: start RPC server
2021-05-19 07:41:56,137 [EndpointStateMachine task thread for /0.0.0.0:33831 - 0 ] INFO  server.GrpcService (GrpcService.java:startImpl(253)) - a4ee1d3f-5505-4afe-8a03-746b4b90cef8: GrpcService started, listening on 46809
2021-05-19 07:41:56,138 [EndpointStateMachine task thread for /0.0.0.0:33831 - 0 ] INFO  ratis.XceiverServerRatis (XceiverServerRatis.java:getRealPort(511)) - XceiverServerRatis a4ee1d3f-5505-4afe-8a03-746b4b90cef8 is started using port 46809 for RATIS
2021-05-19 07:41:56,138 [org.apache.ratis.util.JvmPauseMonitor$$Lambda$504/2021733479@41197bfa] INFO  util.JvmPauseMonitor (JvmPauseMonitor.java:run(103)) - JvmPauseMonitor-a4ee1d3f-5505-4afe-8a03-746b4b90cef8: Started
2021-05-19 07:41:56,138 [EndpointStateMachine task thread for /0.0.0.0:33831 - 0 ] INFO  ratis.XceiverServerRatis (XceiverServerRatis.java:getRealPort(511)) - XceiverServerRatis a4ee1d3f-5505-4afe-8a03-746b4b90cef8 is started using port 46809 for RATIS_ADMIN
2021-05-19 07:41:56,138 [EndpointStateMachine task thread for /0.0.0.0:33831 - 0 ] INFO  ratis.XceiverServerRatis (XceiverServerRatis.java:getRealPort(511)) - XceiverServerRatis a4ee1d3f-5505-4afe-8a03-746b4b90cef8 is started using port 46809 for RATIS_SERVER
2021-05-19 07:41:56,138 [EndpointStateMachine task thread for /0.0.0.0:33831 - 0 ] INFO  server.XceiverServerGrpc (XceiverServerGrpc.java:start(135)) - XceiverServerGrpc a4ee1d3f-5505-4afe-8a03-746b4b90cef8 is started using port 36497
2021-05-19 07:41:56,341 [EndpointStateMachine task thread for /0.0.0.0:33831 - 0 ] INFO  ozoneimpl.OzoneContainer (OzoneContainer.java:start(291)) - Attempting to start container services.
2021-05-19 07:41:56,341 [EndpointStateMachine task thread for /0.0.0.0:33831 - 0 ] INFO  ozoneimpl.OzoneContainer (OzoneContainer.java:startContainerScrub(237)) - Background container scanner has been disabled.
2021-05-19 07:41:56,342 [EndpointStateMachine task thread for /0.0.0.0:33831 - 0 ] INFO  replication.ReplicationServer (ReplicationServer.java:start(106)) - ReplicationServer is started using port 38577
2021-05-19 07:41:56,343 [EndpointStateMachine task thread for /0.0.0.0:33831 - 0 ] INFO  ratis.XceiverServerRatis (XceiverServerRatis.java:start(490)) - Starting XceiverServerRatis 9d983546-4247-4c0f-83b0-40f69e4f4d28
2021-05-19 07:41:56,344 [EndpointStateMachine task thread for /0.0.0.0:33831 - 0 ] INFO  server.RaftServer (RaftServerProxy.java:lambda$start$5(374)) - 9d983546-4247-4c0f-83b0-40f69e4f4d28: start RPC server
2021-05-19 07:41:56,344 [EndpointStateMachine task thread for /0.0.0.0:33831 - 0 ] INFO  server.GrpcService (GrpcService.java:startImpl(253)) - 9d983546-4247-4c0f-83b0-40f69e4f4d28: GrpcService started, listening on 36963
2021-05-19 07:41:56,344 [EndpointStateMachine task thread for /0.0.0.0:33831 - 0 ] INFO  ratis.XceiverServerRatis (XceiverServerRatis.java:getRealPort(511)) - XceiverServerRatis 9d983546-4247-4c0f-83b0-40f69e4f4d28 is started using port 36963 for RATIS
2021-05-19 07:41:56,344 [EndpointStateMachine task thread for /0.0.0.0:33831 - 0 ] INFO  ratis.XceiverServerRatis (XceiverServerRatis.java:getRealPort(511)) - XceiverServerRatis 9d983546-4247-4c0f-83b0-40f69e4f4d28 is started using port 36963 for RATIS_ADMIN
2021-05-19 07:41:56,344 [org.apache.ratis.util.JvmPauseMonitor$$Lambda$504/2021733479@7bb81619] INFO  util.JvmPauseMonitor (JvmPauseMonitor.java:run(103)) - JvmPauseMonitor-9d983546-4247-4c0f-83b0-40f69e4f4d28: Started
2021-05-19 07:41:56,344 [EndpointStateMachine task thread for /0.0.0.0:33831 - 0 ] INFO  ratis.XceiverServerRatis (XceiverServerRatis.java:getRealPort(511)) - XceiverServerRatis 9d983546-4247-4c0f-83b0-40f69e4f4d28 is started using port 36963 for RATIS_SERVER
2021-05-19 07:41:56,345 [EndpointStateMachine task thread for /0.0.0.0:33831 - 0 ] INFO  server.XceiverServerGrpc (XceiverServerGrpc.java:start(135)) - XceiverServerGrpc 9d983546-4247-4c0f-83b0-40f69e4f4d28 is started using port 35805
2021-05-19 07:41:56,531 [Listener at 127.0.0.1/41639] INFO  ozone.MiniOzoneClusterImpl (MiniOzoneClusterImpl.java:lambda$waitForClusterToBeReady$0(224)) - Waiting for nodes to be ready. Got 0 of 7 DN Heartbeats.
2021-05-19 07:41:56,531 [Listener at 127.0.0.1/41639] INFO  ozone.MiniOzoneClusterImpl (MiniOzoneClusterImpl.java:lambda$waitForClusterToBeReady$0(227)) - Waiting for cluster to exit safe mode
2021-05-19 07:41:56,531 [Listener at 127.0.0.1/41639] INFO  ozone.MiniOzoneClusterImpl (MiniOzoneClusterImpl.java:lambda$waitForClusterToBeReady$0(230)) - SCM became leader
2021-05-19 07:41:56,538 [EndpointStateMachine task thread for /0.0.0.0:33831 - 0 ] INFO  ozoneimpl.OzoneContainer (OzoneContainer.java:start(291)) - Attempting to start container services.
2021-05-19 07:41:56,538 [EndpointStateMachine task thread for /0.0.0.0:33831 - 0 ] INFO  ozoneimpl.OzoneContainer (OzoneContainer.java:startContainerScrub(237)) - Background container scanner has been disabled.
2021-05-19 07:41:56,541 [EndpointStateMachine task thread for /0.0.0.0:33831 - 0 ] INFO  replication.ReplicationServer (ReplicationServer.java:start(106)) - ReplicationServer is started using port 42285
2021-05-19 07:41:56,541 [EndpointStateMachine task thread for /0.0.0.0:33831 - 0 ] INFO  ratis.XceiverServerRatis (XceiverServerRatis.java:start(490)) - Starting XceiverServerRatis b054e63b-a418-439f-9265-0225a71f074a
2021-05-19 07:41:56,543 [EndpointStateMachine task thread for /0.0.0.0:33831 - 0 ] INFO  server.RaftServer (RaftServerProxy.java:lambda$start$5(374)) - b054e63b-a418-439f-9265-0225a71f074a: start RPC server
2021-05-19 07:41:56,543 [EndpointStateMachine task thread for /0.0.0.0:33831 - 0 ] INFO  server.GrpcService (GrpcService.java:startImpl(253)) - b054e63b-a418-439f-9265-0225a71f074a: GrpcService started, listening on 34287
2021-05-19 07:41:56,543 [EndpointStateMachine task thread for /0.0.0.0:33831 - 0 ] INFO  ratis.XceiverServerRatis (XceiverServerRatis.java:getRealPort(511)) - XceiverServerRatis b054e63b-a418-439f-9265-0225a71f074a is started using port 34287 for RATIS
2021-05-19 07:41:56,543 [EndpointStateMachine task thread for /0.0.0.0:33831 - 0 ] INFO  ratis.XceiverServerRatis (XceiverServerRatis.java:getRealPort(511)) - XceiverServerRatis b054e63b-a418-439f-9265-0225a71f074a is started using port 34287 for RATIS_ADMIN
2021-05-19 07:41:56,543 [org.apache.ratis.util.JvmPauseMonitor$$Lambda$504/2021733479@7362d987] INFO  util.JvmPauseMonitor (JvmPauseMonitor.java:run(103)) - JvmPauseMonitor-b054e63b-a418-439f-9265-0225a71f074a: Started
2021-05-19 07:41:56,543 [EndpointStateMachine task thread for /0.0.0.0:33831 - 0 ] INFO  ratis.XceiverServerRatis (XceiverServerRatis.java:getRealPort(511)) - XceiverServerRatis b054e63b-a418-439f-9265-0225a71f074a is started using port 34287 for RATIS_SERVER
2021-05-19 07:41:56,544 [EndpointStateMachine task thread for /0.0.0.0:33831 - 0 ] INFO  server.XceiverServerGrpc (XceiverServerGrpc.java:start(135)) - XceiverServerGrpc b054e63b-a418-439f-9265-0225a71f074a is started using port 45519
2021-05-19 07:41:57,280 [IPC Server handler 2 on default port 33831] INFO  net.NetworkTopologyImpl (NetworkTopologyImpl.java:add(112)) - Added a new node: /default-rack/68d4f79f-8ed5-4598-b947-57f9bc979c0e
2021-05-19 07:41:57,281 [IPC Server handler 2 on default port 33831] INFO  node.SCMNodeManager (SCMNodeManager.java:register(348)) - Registered Data node : 68d4f79f-8ed5-4598-b947-57f9bc979c0e{ip: 172.17.0.2, host: 3974e5c036b4, ports: [REPLICATION=43949, RATIS=42729, RATIS_ADMIN=42729, RATIS_SERVER=42729, STANDALONE=34701], networkLocation: /default-rack, certSerialId: null, persistedOpState: null, persistedOpStateExpiryEpochSec: 0}
2021-05-19 07:41:57,282 [EventQueue-NodeRegistrationContainerReportForDataNodeSafeModeRule] INFO  safemode.SCMSafeModeManager (DataNodeSafeModeRule.java:process(71)) - SCM in safe mode. 1 DataNodes registered, 1 required.
2021-05-19 07:41:57,282 [EventQueue-NodeRegistrationContainerReportForDataNodeSafeModeRule] INFO  safemode.SCMSafeModeManager (SCMSafeModeManager.java:validateSafeModeExitRules(201)) - DataNodeSafeModeRule rule is successfully validated
2021-05-19 07:41:57,282 [EventQueue-NodeRegistrationContainerReportForDataNodeSafeModeRule] INFO  safemode.SCMSafeModeManager (SCMSafeModeManager.java:completePreCheck(229)) - All SCM safe mode pre check rules have passed
2021-05-19 07:41:57,283 [EventQueue-NewNodeForNewNodeHandler] INFO  pipeline.BackgroundPipelineCreator (BackgroundPipelineCreatorV2.java:notifyEventTriggered(282)) - trigger a one-shot run on RatisPipelineUtilsThread.
2021-05-19 07:41:57,283 [EventQueue-NodeRegistrationContainerReportForDataNodeSafeModeRule] WARN  events.EventQueue (EventQueue.java:fireEvent(185)) - No event handler registered for event TypedEvent{payloadType=SafeModeStatus, name='Safe mode status'}
2021-05-19 07:41:57,283 [EventQueue-NodeRegistrationContainerReportForDataNodeSafeModeRule] INFO  ha.SCMContext (SCMContext.java:updateSafeModeStatus(147)) - Update SafeModeStatus from SafeModeStatus{safeModeStatus=true, preCheckPassed=false} to SafeModeStatus{safeModeStatus=true, preCheckPassed=true}.
2021-05-19 07:41:57,284 [RatisPipelineUtilsThread - 0] INFO  pipeline.RatisPipelineProvider (RatisPipelineProvider.java:lambda$create$0(170)) - Sending CreatePipelineCommand for pipeline:PipelineID=83ce8431-c16c-455f-b32b-4d2247fa29fe to datanode:68d4f79f-8ed5-4598-b947-57f9bc979c0e
2021-05-19 07:41:57,287 [EventQueue-NodeRegistrationContainerReportForDataNodeSafeModeRule] INFO  pipeline.BackgroundPipelineCreator (BackgroundPipelineCreatorV2.java:notifyEventTriggered(282)) - trigger a one-shot run on RatisPipelineUtilsThread.
2021-05-19 07:41:57,287 [RatisPipelineUtilsThread - 0] INFO  pipeline.PipelineStateManager (PipelineStateManagerV2Impl.java:addPipeline(101)) - Created pipeline Pipeline[ Id: 83ce8431-c16c-455f-b32b-4d2247fa29fe, Nodes: 68d4f79f-8ed5-4598-b947-57f9bc979c0e{ip: 172.17.0.2, host: 3974e5c036b4, ports: [REPLICATION=43949, RATIS=42729, RATIS_ADMIN=42729, RATIS_SERVER=42729, STANDALONE=34701], networkLocation: /default-rack, certSerialId: null, persistedOpState: IN_SERVICE, persistedOpStateExpiryEpochSec: 0}, ReplicationConfig: RATIS/ONE, State:ALLOCATED, leaderId:, CreationTimestamp2021-05-19T07:41:57.283Z].
2021-05-19 07:41:57,288 [RatisPipelineUtilsThread - 0] WARN  pipeline.PipelinePlacementPolicy (PipelinePlacementPolicy.java:filterViableNodes(149)) - Pipeline creation failed due to no sufficient healthy datanodes. Required 3. Found 1.
2021-05-19 07:41:57,288 [EventQueue-PipelineReportForOneReplicaPipelineSafeModeRule] INFO  safemode.SCMSafeModeManager (SCMSafeModeManager.java:validateSafeModeExitRules(201)) - AtleastOneDatanodeReportedRule rule is successfully validated
2021-05-19 07:41:57,288 [EventQueue-NodeRegistrationContainerReportForContainerSafeModeRule] INFO  safemode.SCMSafeModeManager (SCMSafeModeManager.java:validateSafeModeExitRules(201)) - ContainerSafeModeRule rule is successfully validated
2021-05-19 07:41:57,483 [IPC Server handler 3 on default port 33831] INFO  net.NetworkTopologyImpl (NetworkTopologyImpl.java:add(112)) - Added a new node: /default-rack/8e81be81-8cf3-4cb2-af1f-2c1c9bc19b0e
2021-05-19 07:41:57,483 [IPC Server handler 3 on default port 33831] INFO  node.SCMNodeManager (SCMNodeManager.java:register(348)) - Registered Data node : 8e81be81-8cf3-4cb2-af1f-2c1c9bc19b0e{ip: 172.17.0.2, host: 3974e5c036b4, ports: [REPLICATION=33707, RATIS=41855, RATIS_ADMIN=41855, RATIS_SERVER=41855, STANDALONE=33695], networkLocation: /default-rack, certSerialId: null, persistedOpState: null, persistedOpStateExpiryEpochSec: 0}
2021-05-19 07:41:57,483 [EventQueue-NewNodeForNewNodeHandler] INFO  pipeline.BackgroundPipelineCreator (BackgroundPipelineCreatorV2.java:notifyEventTriggered(282)) - trigger a one-shot run on RatisPipelineUtilsThread.
2021-05-19 07:41:57,483 [EventQueue-NodeRegistrationContainerReportForContainerSafeModeRule] INFO  safemode.SCMSafeModeManager (SCMSafeModeManager.java:validateSafeModeExitRules(201)) - ContainerSafeModeRule rule is successfully validated
2021-05-19 07:41:57,483 [EventQueue-NodeRegistrationContainerReportForDataNodeSafeModeRule] INFO  safemode.SCMSafeModeManager (SCMSafeModeManager.java:validateSafeModeExitRules(201)) - DataNodeSafeModeRule rule is successfully validated
2021-05-19 07:41:57,483 [EventQueue-PipelineReportForOneReplicaPipelineSafeModeRule] INFO  safemode.SCMSafeModeManager (SCMSafeModeManager.java:validateSafeModeExitRules(201)) - AtleastOneDatanodeReportedRule rule is successfully validated
2021-05-19 07:41:57,484 [RatisPipelineUtilsThread - 0] INFO  pipeline.RatisPipelineProvider (RatisPipelineProvider.java:lambda$create$0(170)) - Sending CreatePipelineCommand for pipeline:PipelineID=b87480d2-548e-42a5-9717-0aba87d6a849 to datanode:8e81be81-8cf3-4cb2-af1f-2c1c9bc19b0e
2021-05-19 07:41:57,484 [RatisPipelineUtilsThread - 0] INFO  pipeline.PipelineStateManager (PipelineStateManagerV2Impl.java:addPipeline(101)) - Created pipeline Pipeline[ Id: b87480d2-548e-42a5-9717-0aba87d6a849, Nodes: 8e81be81-8cf3-4cb2-af1f-2c1c9bc19b0e{ip: 172.17.0.2, host: 3974e5c036b4, ports: [REPLICATION=33707, RATIS=41855, RATIS_ADMIN=41855, RATIS_SERVER=41855, STANDALONE=33695], networkLocation: /default-rack, certSerialId: null, persistedOpState: IN_SERVICE, persistedOpStateExpiryEpochSec: 0}, ReplicationConfig: RATIS/ONE, State:ALLOCATED, leaderId:, CreationTimestamp2021-05-19T07:41:57.484Z].
2021-05-19 07:41:57,484 [RatisPipelineUtilsThread - 0] WARN  pipeline.PipelinePlacementPolicy (PipelinePlacementPolicy.java:filterViableNodes(149)) - Pipeline creation failed due to no sufficient healthy datanodes. Required 3. Found 2.
2021-05-19 07:41:57,532 [Listener at 127.0.0.1/41639] INFO  ozone.MiniOzoneClusterImpl (MiniOzoneClusterImpl.java:lambda$waitForClusterToBeReady$0(224)) - Waiting for nodes to be ready. Got 2 of 7 DN Heartbeats.
2021-05-19 07:41:57,532 [Listener at 127.0.0.1/41639] INFO  ozone.MiniOzoneClusterImpl (MiniOzoneClusterImpl.java:lambda$waitForClusterToBeReady$0(227)) - Waiting for cluster to exit safe mode
2021-05-19 07:41:57,532 [Listener at 127.0.0.1/41639] INFO  ozone.MiniOzoneClusterImpl (MiniOzoneClusterImpl.java:lambda$waitForClusterToBeReady$0(230)) - SCM became leader
2021-05-19 07:41:57,683 [IPC Server handler 4 on default port 33831] INFO  net.NetworkTopologyImpl (NetworkTopologyImpl.java:add(112)) - Added a new node: /default-rack/a14714da-c87c-4361-b393-7e96cf422ed7
2021-05-19 07:41:57,683 [IPC Server handler 4 on default port 33831] INFO  node.SCMNodeManager (SCMNodeManager.java:register(348)) - Registered Data node : a14714da-c87c-4361-b393-7e96cf422ed7{ip: 172.17.0.2, host: 3974e5c036b4, ports: [REPLICATION=40039, RATIS=45547, RATIS_ADMIN=45547, RATIS_SERVER=45547, STANDALONE=44867], networkLocation: /default-rack, certSerialId: null, persistedOpState: null, persistedOpStateExpiryEpochSec: 0}
2021-05-19 07:41:57,683 [EventQueue-NewNodeForNewNodeHandler] INFO  pipeline.BackgroundPipelineCreator (BackgroundPipelineCreatorV2.java:notifyEventTriggered(282)) - trigger a one-shot run on RatisPipelineUtilsThread.
2021-05-19 07:41:57,684 [EventQueue-NodeRegistrationContainerReportForDataNodeSafeModeRule] INFO  safemode.SCMSafeModeManager (SCMSafeModeManager.java:validateSafeModeExitRules(201)) - DataNodeSafeModeRule rule is successfully validated
2021-05-19 07:41:57,684 [RatisPipelineUtilsThread - 0] INFO  pipeline.RatisPipelineProvider (RatisPipelineProvider.java:lambda$create$0(170)) - Sending CreatePipelineCommand for pipeline:PipelineID=8c84198b-96dd-4712-91c9-cd7ce254a7b8 to datanode:a14714da-c87c-4361-b393-7e96cf422ed7
2021-05-19 07:41:57,685 [RatisPipelineUtilsThread - 0] INFO  pipeline.PipelineStateManager (PipelineStateManagerV2Impl.java:addPipeline(101)) - Created pipeline Pipeline[ Id: 8c84198b-96dd-4712-91c9-cd7ce254a7b8, Nodes: a14714da-c87c-4361-b393-7e96cf422ed7{ip: 172.17.0.2, host: 3974e5c036b4, ports: [REPLICATION=40039, RATIS=45547, RATIS_ADMIN=45547, RATIS_SERVER=45547, STANDALONE=44867], networkLocation: /default-rack, certSerialId: null, persistedOpState: IN_SERVICE, persistedOpStateExpiryEpochSec: 0}, ReplicationConfig: RATIS/ONE, State:ALLOCATED, leaderId:, CreationTimestamp2021-05-19T07:41:57.684Z].
2021-05-19 07:41:57,685 [EventQueue-NodeRegistrationContainerReportForContainerSafeModeRule] INFO  safemode.SCMSafeModeManager (SCMSafeModeManager.java:validateSafeModeExitRules(201)) - ContainerSafeModeRule rule is successfully validated
2021-05-19 07:41:57,685 [EventQueue-PipelineReportForOneReplicaPipelineSafeModeRule] INFO  safemode.SCMSafeModeManager (SCMSafeModeManager.java:validateSafeModeExitRules(201)) - AtleastOneDatanodeReportedRule rule is successfully validated
2021-05-19 07:41:57,686 [RatisPipelineUtilsThread - 0] INFO  pipeline.RatisPipelineProvider (RatisPipelineProvider.java:lambda$create$0(170)) - Sending CreatePipelineCommand for pipeline:PipelineID=da74cb76-52a2-4b5c-bce9-dece5be019f2 to datanode:8e81be81-8cf3-4cb2-af1f-2c1c9bc19b0e
2021-05-19 07:41:57,686 [RatisPipelineUtilsThread - 0] INFO  pipeline.RatisPipelineProvider (RatisPipelineProvider.java:lambda$create$0(170)) - Sending CreatePipelineCommand for pipeline:PipelineID=da74cb76-52a2-4b5c-bce9-dece5be019f2 to datanode:68d4f79f-8ed5-4598-b947-57f9bc979c0e
2021-05-19 07:41:57,686 [RatisPipelineUtilsThread - 0] INFO  pipeline.RatisPipelineProvider (RatisPipelineProvider.java:lambda$create$0(170)) - Sending CreatePipelineCommand for pipeline:PipelineID=da74cb76-52a2-4b5c-bce9-dece5be019f2 to datanode:a14714da-c87c-4361-b393-7e96cf422ed7
2021-05-19 07:41:57,687 [RatisPipelineUtilsThread - 0] INFO  pipeline.PipelineStateManager (PipelineStateManagerV2Impl.java:addPipeline(101)) - Created pipeline Pipeline[ Id: da74cb76-52a2-4b5c-bce9-dece5be019f2, Nodes: 8e81be81-8cf3-4cb2-af1f-2c1c9bc19b0e{ip: 172.17.0.2, host: 3974e5c036b4, ports: [REPLICATION=33707, RATIS=41855, RATIS_ADMIN=41855, RATIS_SERVER=41855, STANDALONE=33695], networkLocation: /default-rack, certSerialId: null, persistedOpState: IN_SERVICE, persistedOpStateExpiryEpochSec: 0}68d4f79f-8ed5-4598-b947-57f9bc979c0e{ip: 172.17.0.2, host: 3974e5c036b4, ports: [REPLICATION=43949, RATIS=42729, RATIS_ADMIN=42729, RATIS_SERVER=42729, STANDALONE=34701], networkLocation: /default-rack, certSerialId: null, persistedOpState: IN_SERVICE, persistedOpStateExpiryEpochSec: 0}a14714da-c87c-4361-b393-7e96cf422ed7{ip: 172.17.0.2, host: 3974e5c036b4, ports: [REPLICATION=40039, RATIS=45547, RATIS_ADMIN=45547, RATIS_SERVER=45547, STANDALONE=44867], networkLocation: /default-rack, certSerialId: null, persistedOpState: IN_SERVICE, persistedOpStateExpiryEpochSec: 0}, ReplicationConfig: RATIS/THREE, State:ALLOCATED, leaderId:, CreationTimestamp2021-05-19T07:41:57.686Z].
2021-05-19 07:41:57,687 [RatisPipelineUtilsThread - 0] INFO  pipeline.RatisPipelineProvider (RatisPipelineProvider.java:lambda$create$0(170)) - Sending CreatePipelineCommand for pipeline:PipelineID=b2b3615b-70b0-4c95-a861-ac6a57830c75 to datanode:68d4f79f-8ed5-4598-b947-57f9bc979c0e
2021-05-19 07:41:57,687 [RatisPipelineUtilsThread - 0] INFO  pipeline.RatisPipelineProvider (RatisPipelineProvider.java:lambda$create$0(170)) - Sending CreatePipelineCommand for pipeline:PipelineID=b2b3615b-70b0-4c95-a861-ac6a57830c75 to datanode:a14714da-c87c-4361-b393-7e96cf422ed7
2021-05-19 07:41:57,688 [RatisPipelineUtilsThread - 0] INFO  pipeline.RatisPipelineProvider (RatisPipelineProvider.java:lambda$create$0(170)) - Sending CreatePipelineCommand for pipeline:PipelineID=b2b3615b-70b0-4c95-a861-ac6a57830c75 to datanode:8e81be81-8cf3-4cb2-af1f-2c1c9bc19b0e
2021-05-19 07:41:57,688 [RatisPipelineUtilsThread - 0] INFO  pipeline.PipelineStateManager (PipelineStateManagerV2Impl.java:addPipeline(101)) - Created pipeline Pipeline[ Id: b2b3615b-70b0-4c95-a861-ac6a57830c75, Nodes: 68d4f79f-8ed5-4598-b947-57f9bc979c0e{ip: 172.17.0.2, host: 3974e5c036b4, ports: [REPLICATION=43949, RATIS=42729, RATIS_ADMIN=42729, RATIS_SERVER=42729, STANDALONE=34701], networkLocation: /default-rack, certSerialId: null, persistedOpState: IN_SERVICE, persistedOpStateExpiryEpochSec: 0}a14714da-c87c-4361-b393-7e96cf422ed7{ip: 172.17.0.2, host: 3974e5c036b4, ports: [REPLICATION=40039, RATIS=45547, RATIS_ADMIN=45547, RATIS_SERVER=45547, STANDALONE=44867], networkLocation: /default-rack, certSerialId: null, persistedOpState: IN_SERVICE, persistedOpStateExpiryEpochSec: 0}8e81be81-8cf3-4cb2-af1f-2c1c9bc19b0e{ip: 172.17.0.2, host: 3974e5c036b4, ports: [REPLICATION=33707, RATIS=41855, RATIS_ADMIN=41855, RATIS_SERVER=41855, STANDALONE=33695], networkLocation: /default-rack, certSerialId: null, persistedOpState: IN_SERVICE, persistedOpStateExpiryEpochSec: 0}, ReplicationConfig: RATIS/THREE, State:ALLOCATED, leaderId:, CreationTimestamp2021-05-19T07:41:57.687Z].
2021-05-19 07:41:57,688 [RatisPipelineUtilsThread - 0] INFO  pipeline.PipelineManagerV2Impl (PipelineManagerV2Impl.java:recordMetricsForPipeline(589)) - Pipeline: PipelineID=b2b3615b-70b0-4c95-a861-ac6a57830c75 contains same datanodes as previous pipelines: PipelineID=da74cb76-52a2-4b5c-bce9-dece5be019f2 nodeIds: 68d4f79f-8ed5-4598-b947-57f9bc979c0e, a14714da-c87c-4361-b393-7e96cf422ed7, 8e81be81-8cf3-4cb2-af1f-2c1c9bc19b0e
2021-05-19 07:41:57,688 [RatisPipelineUtilsThread - 0] INFO  pipeline.RatisPipelineProvider (RatisPipelineProvider.java:lambda$create$0(170)) - Sending CreatePipelineCommand for pipeline:PipelineID=90d79207-282c-4ddc-b3c9-76e48770978d to datanode:68d4f79f-8ed5-4598-b947-57f9bc979c0e
2021-05-19 07:41:57,688 [RatisPipelineUtilsThread - 0] INFO  pipeline.RatisPipelineProvider (RatisPipelineProvider.java:lambda$create$0(170)) - Sending CreatePipelineCommand for pipeline:PipelineID=90d79207-282c-4ddc-b3c9-76e48770978d to datanode:8e81be81-8cf3-4cb2-af1f-2c1c9bc19b0e
2021-05-19 07:41:57,688 [RatisPipelineUtilsThread - 0] INFO  pipeline.RatisPipelineProvider (RatisPipelineProvider.java:lambda$create$0(170)) - Sending CreatePipelineCommand for pipeline:PipelineID=90d79207-282c-4ddc-b3c9-76e48770978d to datanode:a14714da-c87c-4361-b393-7e96cf422ed7
2021-05-19 07:41:57,689 [RatisPipelineUtilsThread - 0] INFO  pipeline.PipelineStateManager (PipelineStateManagerV2Impl.java:addPipeline(101)) - Created pipeline Pipeline[ Id: 90d79207-282c-4ddc-b3c9-76e48770978d, Nodes: 68d4f79f-8ed5-4598-b947-57f9bc979c0e{ip: 172.17.0.2, host: 3974e5c036b4, ports: [REPLICATION=43949, RATIS=42729, RATIS_ADMIN=42729, RATIS_SERVER=42729, STANDALONE=34701], networkLocation: /default-rack, certSerialId: null, persistedOpState: IN_SERVICE, persistedOpStateExpiryEpochSec: 0}8e81be81-8cf3-4cb2-af1f-2c1c9bc19b0e{ip: 172.17.0.2, host: 3974e5c036b4, ports: [REPLICATION=33707, RATIS=41855, RATIS_ADMIN=41855, RATIS_SERVER=41855, STANDALONE=33695], networkLocation: /default-rack, certSerialId: null, persistedOpState: IN_SERVICE, persistedOpStateExpiryEpochSec: 0}a14714da-c87c-4361-b393-7e96cf422ed7{ip: 172.17.0.2, host: 3974e5c036b4, ports: [REPLICATION=40039, RATIS=45547, RATIS_ADMIN=45547, RATIS_SERVER=45547, STANDALONE=44867], networkLocation: /default-rack, certSerialId: null, persistedOpState: IN_SERVICE, persistedOpStateExpiryEpochSec: 0}, ReplicationConfig: RATIS/THREE, State:ALLOCATED, leaderId:, CreationTimestamp2021-05-19T07:41:57.688Z].
2021-05-19 07:41:57,689 [RatisPipelineUtilsThread - 0] INFO  pipeline.PipelineManagerV2Impl (PipelineManagerV2Impl.java:recordMetricsForPipeline(589)) - Pipeline: PipelineID=90d79207-282c-4ddc-b3c9-76e48770978d contains same datanodes as previous pipelines: PipelineID=b2b3615b-70b0-4c95-a861-ac6a57830c75 nodeIds: 68d4f79f-8ed5-4598-b947-57f9bc979c0e, 8e81be81-8cf3-4cb2-af1f-2c1c9bc19b0e, a14714da-c87c-4361-b393-7e96cf422ed7
2021-05-19 07:41:57,689 [RatisPipelineUtilsThread - 0] INFO  pipeline.PipelineManagerV2Impl (PipelineManagerV2Impl.java:recordMetricsForPipeline(589)) - Pipeline: PipelineID=90d79207-282c-4ddc-b3c9-76e48770978d contains same datanodes as previous pipelines: PipelineID=da74cb76-52a2-4b5c-bce9-dece5be019f2 nodeIds: 68d4f79f-8ed5-4598-b947-57f9bc979c0e, 8e81be81-8cf3-4cb2-af1f-2c1c9bc19b0e, a14714da-c87c-4361-b393-7e96cf422ed7
2021-05-19 07:41:57,932 [IPC Server handler 0 on default port 33831] INFO  net.NetworkTopologyImpl (NetworkTopologyImpl.java:add(112)) - Added a new node: /default-rack/37b2c1ee-956a-4dec-b232-912a6a25ff9b
2021-05-19 07:41:57,932 [IPC Server handler 0 on default port 33831] INFO  node.SCMNodeManager (SCMNodeManager.java:register(348)) - Registered Data node : 37b2c1ee-956a-4dec-b232-912a6a25ff9b{ip: 172.17.0.2, host: 3974e5c036b4, ports: [REPLICATION=33365, RATIS=35677, RATIS_ADMIN=35677, RATIS_SERVER=35677, STANDALONE=37521], networkLocation: /default-rack, certSerialId: null, persistedOpState: null, persistedOpStateExpiryEpochSec: 0}
2021-05-19 07:41:57,932 [EventQueue-NewNodeForNewNodeHandler] INFO  pipeline.BackgroundPipelineCreator (BackgroundPipelineCreatorV2.java:notifyEventTriggered(282)) - trigger a one-shot run on RatisPipelineUtilsThread.
2021-05-19 07:41:57,932 [EventQueue-PipelineReportForOneReplicaPipelineSafeModeRule] INFO  safemode.SCMSafeModeManager (SCMSafeModeManager.java:validateSafeModeExitRules(201)) - AtleastOneDatanodeReportedRule rule is successfully validated
2021-05-19 07:41:57,933 [RatisPipelineUtilsThread - 0] INFO  pipeline.RatisPipelineProvider (RatisPipelineProvider.java:lambda$create$0(170)) - Sending CreatePipelineCommand for pipeline:PipelineID=114b3233-061f-4cf5-bbb7-e783b1ff2571 to datanode:37b2c1ee-956a-4dec-b232-912a6a25ff9b
2021-05-19 07:41:57,934 [RatisPipelineUtilsThread - 0] INFO  pipeline.PipelineStateManager (PipelineStateManagerV2Impl.java:addPipeline(101)) - Created pipeline Pipeline[ Id: 114b3233-061f-4cf5-bbb7-e783b1ff2571, Nodes: 37b2c1ee-956a-4dec-b232-912a6a25ff9b{ip: 172.17.0.2, host: 3974e5c036b4, ports: [REPLICATION=33365, RATIS=35677, RATIS_ADMIN=35677, RATIS_SERVER=35677, STANDALONE=37521], networkLocation: /default-rack, certSerialId: null, persistedOpState: IN_SERVICE, persistedOpStateExpiryEpochSec: 0}, ReplicationConfig: RATIS/ONE, State:ALLOCATED, leaderId:, CreationTimestamp2021-05-19T07:41:57.933Z].
2021-05-19 07:41:57,934 [EventQueue-NodeRegistrationContainerReportForContainerSafeModeRule] INFO  safemode.SCMSafeModeManager (SCMSafeModeManager.java:validateSafeModeExitRules(201)) - ContainerSafeModeRule rule is successfully validated
2021-05-19 07:41:57,934 [EventQueue-NodeRegistrationContainerReportForDataNodeSafeModeRule] INFO  safemode.SCMSafeModeManager (SCMSafeModeManager.java:validateSafeModeExitRules(201)) - DataNodeSafeModeRule rule is successfully validated
2021-05-19 07:41:58,131 [IPC Server handler 1 on default port 33831] INFO  net.NetworkTopologyImpl (NetworkTopologyImpl.java:add(112)) - Added a new node: /default-rack/a4ee1d3f-5505-4afe-8a03-746b4b90cef8
2021-05-19 07:41:58,131 [IPC Server handler 1 on default port 33831] INFO  node.SCMNodeManager (SCMNodeManager.java:register(348)) - Registered Data node : a4ee1d3f-5505-4afe-8a03-746b4b90cef8{ip: 172.17.0.2, host: 3974e5c036b4, ports: [REPLICATION=43531, RATIS=46809, RATIS_ADMIN=46809, RATIS_SERVER=46809, STANDALONE=36497], networkLocation: /default-rack, certSerialId: null, persistedOpState: null, persistedOpStateExpiryEpochSec: 0}
2021-05-19 07:41:58,132 [EventQueue-NewNodeForNewNodeHandler] INFO  pipeline.BackgroundPipelineCreator (BackgroundPipelineCreatorV2.java:notifyEventTriggered(282)) - trigger a one-shot run on RatisPipelineUtilsThread.
2021-05-19 07:41:58,132 [EventQueue-NodeRegistrationContainerReportForDataNodeSafeModeRule] INFO  safemode.SCMSafeModeManager (SCMSafeModeManager.java:validateSafeModeExitRules(201)) - DataNodeSafeModeRule rule is successfully validated
2021-05-19 07:41:58,132 [EventQueue-NodeRegistrationContainerReportForContainerSafeModeRule] INFO  safemode.SCMSafeModeManager (SCMSafeModeManager.java:validateSafeModeExitRules(201)) - ContainerSafeModeRule rule is successfully validated
2021-05-19 07:41:58,132 [EventQueue-PipelineReportForOneReplicaPipelineSafeModeRule] INFO  safemode.SCMSafeModeManager (SCMSafeModeManager.java:validateSafeModeExitRules(201)) - AtleastOneDatanodeReportedRule rule is successfully validated
2021-05-19 07:41:58,132 [RatisPipelineUtilsThread - 0] INFO  pipeline.RatisPipelineProvider (RatisPipelineProvider.java:lambda$create$0(170)) - Sending CreatePipelineCommand for pipeline:PipelineID=fb9e7414-52b6-4a06-bacf-5fecf58f6d49 to datanode:a4ee1d3f-5505-4afe-8a03-746b4b90cef8
2021-05-19 07:41:58,133 [RatisPipelineUtilsThread - 0] INFO  pipeline.PipelineStateManager (PipelineStateManagerV2Impl.java:addPipeline(101)) - Created pipeline Pipeline[ Id: fb9e7414-52b6-4a06-bacf-5fecf58f6d49, Nodes: a4ee1d3f-5505-4afe-8a03-746b4b90cef8{ip: 172.17.0.2, host: 3974e5c036b4, ports: [REPLICATION=43531, RATIS=46809, RATIS_ADMIN=46809, RATIS_SERVER=46809, STANDALONE=36497], networkLocation: /default-rack, certSerialId: null, persistedOpState: IN_SERVICE, persistedOpStateExpiryEpochSec: 0}, ReplicationConfig: RATIS/ONE, State:ALLOCATED, leaderId:, CreationTimestamp2021-05-19T07:41:58.132Z].
2021-05-19 07:41:58,339 [IPC Server handler 3 on default port 33831] INFO  net.NetworkTopologyImpl (NetworkTopologyImpl.java:add(112)) - Added a new node: /default-rack/9d983546-4247-4c0f-83b0-40f69e4f4d28
2021-05-19 07:41:58,339 [IPC Server handler 3 on default port 33831] INFO  node.SCMNodeManager (SCMNodeManager.java:register(348)) - Registered Data node : 9d983546-4247-4c0f-83b0-40f69e4f4d28{ip: 172.17.0.2, host: 3974e5c036b4, ports: [REPLICATION=38577, RATIS=36963, RATIS_ADMIN=36963, RATIS_SERVER=36963, STANDALONE=35805], networkLocation: /default-rack, certSerialId: null, persistedOpState: null, persistedOpStateExpiryEpochSec: 0}
2021-05-19 07:41:58,340 [EventQueue-NewNodeForNewNodeHandler] INFO  pipeline.BackgroundPipelineCreator (BackgroundPipelineCreatorV2.java:notifyEventTriggered(282)) - trigger a one-shot run on RatisPipelineUtilsThread.
2021-05-19 07:41:58,340 [EventQueue-PipelineReportForOneReplicaPipelineSafeModeRule] INFO  safemode.SCMSafeModeManager (SCMSafeModeManager.java:validateSafeModeExitRules(201)) - AtleastOneDatanodeReportedRule rule is successfully validated
2021-05-19 07:41:58,340 [EventQueue-NodeRegistrationContainerReportForDataNodeSafeModeRule] INFO  safemode.SCMSafeModeManager (SCMSafeModeManager.java:validateSafeModeExitRules(201)) - DataNodeSafeModeRule rule is successfully validated
2021-05-19 07:41:58,340 [EventQueue-NodeRegistrationContainerReportForContainerSafeModeRule] INFO  safemode.SCMSafeModeManager (SCMSafeModeManager.java:validateSafeModeExitRules(201)) - ContainerSafeModeRule rule is successfully validated
2021-05-19 07:41:58,342 [RatisPipelineUtilsThread - 0] INFO  pipeline.RatisPipelineProvider (RatisPipelineProvider.java:lambda$create$0(170)) - Sending CreatePipelineCommand for pipeline:PipelineID=98771a20-3df8-435b-9a50-90637293647b to datanode:9d983546-4247-4c0f-83b0-40f69e4f4d28
2021-05-19 07:41:58,342 [RatisPipelineUtilsThread - 0] INFO  pipeline.PipelineStateManager (PipelineStateManagerV2Impl.java:addPipeline(101)) - Created pipeline Pipeline[ Id: 98771a20-3df8-435b-9a50-90637293647b, Nodes: 9d983546-4247-4c0f-83b0-40f69e4f4d28{ip: 172.17.0.2, host: 3974e5c036b4, ports: [REPLICATION=38577, RATIS=36963, RATIS_ADMIN=36963, RATIS_SERVER=36963, STANDALONE=35805], networkLocation: /default-rack, certSerialId: null, persistedOpState: IN_SERVICE, persistedOpStateExpiryEpochSec: 0}, ReplicationConfig: RATIS/ONE, State:ALLOCATED, leaderId:, CreationTimestamp2021-05-19T07:41:58.342Z].
2021-05-19 07:41:58,343 [RatisPipelineUtilsThread - 0] INFO  pipeline.RatisPipelineProvider (RatisPipelineProvider.java:lambda$create$0(170)) - Sending CreatePipelineCommand for pipeline:PipelineID=5b0e428d-fccc-451c-957f-03e6ad90b47f to datanode:a4ee1d3f-5505-4afe-8a03-746b4b90cef8
2021-05-19 07:41:58,343 [RatisPipelineUtilsThread - 0] INFO  pipeline.RatisPipelineProvider (RatisPipelineProvider.java:lambda$create$0(170)) - Sending CreatePipelineCommand for pipeline:PipelineID=5b0e428d-fccc-451c-957f-03e6ad90b47f to datanode:37b2c1ee-956a-4dec-b232-912a6a25ff9b
2021-05-19 07:41:58,343 [RatisPipelineUtilsThread - 0] INFO  pipeline.RatisPipelineProvider (RatisPipelineProvider.java:lambda$create$0(170)) - Sending CreatePipelineCommand for pipeline:PipelineID=5b0e428d-fccc-451c-957f-03e6ad90b47f to datanode:9d983546-4247-4c0f-83b0-40f69e4f4d28
2021-05-19 07:41:58,343 [RatisPipelineUtilsThread - 0] INFO  pipeline.PipelineStateManager (PipelineStateManagerV2Impl.java:addPipeline(101)) - Created pipeline Pipeline[ Id: 5b0e428d-fccc-451c-957f-03e6ad90b47f, Nodes: a4ee1d3f-5505-4afe-8a03-746b4b90cef8{ip: 172.17.0.2, host: 3974e5c036b4, ports: [REPLICATION=43531, RATIS=46809, RATIS_ADMIN=46809, RATIS_SERVER=46809, STANDALONE=36497], networkLocation: /default-rack, certSerialId: null, persistedOpState: IN_SERVICE, persistedOpStateExpiryEpochSec: 0}37b2c1ee-956a-4dec-b232-912a6a25ff9b{ip: 172.17.0.2, host: 3974e5c036b4, ports: [REPLICATION=33365, RATIS=35677, RATIS_ADMIN=35677, RATIS_SERVER=35677, STANDALONE=37521], networkLocation: /default-rack, certSerialId: null, persistedOpState: IN_SERVICE, persistedOpStateExpiryEpochSec: 0}9d983546-4247-4c0f-83b0-40f69e4f4d28{ip: 172.17.0.2, host: 3974e5c036b4, ports: [REPLICATION=38577, RATIS=36963, RATIS_ADMIN=36963, RATIS_SERVER=36963, STANDALONE=35805], networkLocation: /default-rack, certSerialId: null, persistedOpState: IN_SERVICE, persistedOpStateExpiryEpochSec: 0}, ReplicationConfig: RATIS/THREE, State:ALLOCATED, leaderId:, CreationTimestamp2021-05-19T07:41:58.343Z].
2021-05-19 07:41:58,344 [RatisPipelineUtilsThread - 0] INFO  pipeline.RatisPipelineProvider (RatisPipelineProvider.java:lambda$create$0(170)) - Sending CreatePipelineCommand for pipeline:PipelineID=03b01f46-c381-4ba2-a991-b061d1cc775e to datanode:9d983546-4247-4c0f-83b0-40f69e4f4d28
2021-05-19 07:41:58,344 [RatisPipelineUtilsThread - 0] INFO  pipeline.RatisPipelineProvider (RatisPipelineProvider.java:lambda$create$0(170)) - Sending CreatePipelineCommand for pipeline:PipelineID=03b01f46-c381-4ba2-a991-b061d1cc775e to datanode:37b2c1ee-956a-4dec-b232-912a6a25ff9b
2021-05-19 07:41:58,344 [RatisPipelineUtilsThread - 0] INFO  pipeline.RatisPipelineProvider (RatisPipelineProvider.java:lambda$create$0(170)) - Sending CreatePipelineCommand for pipeline:PipelineID=03b01f46-c381-4ba2-a991-b061d1cc775e to datanode:a4ee1d3f-5505-4afe-8a03-746b4b90cef8
2021-05-19 07:41:58,344 [RatisPipelineUtilsThread - 0] INFO  pipeline.PipelineStateManager (PipelineStateManagerV2Impl.java:addPipeline(101)) - Created pipeline Pipeline[ Id: 03b01f46-c381-4ba2-a991-b061d1cc775e, Nodes: 9d983546-4247-4c0f-83b0-40f69e4f4d28{ip: 172.17.0.2, host: 3974e5c036b4, ports: [REPLICATION=38577, RATIS=36963, RATIS_ADMIN=36963, RATIS_SERVER=36963, STANDALONE=35805], networkLocation: /default-rack, certSerialId: null, persistedOpState: IN_SERVICE, persistedOpStateExpiryEpochSec: 0}37b2c1ee-956a-4dec-b232-912a6a25ff9b{ip: 172.17.0.2, host: 3974e5c036b4, ports: [REPLICATION=33365, RATIS=35677, RATIS_ADMIN=35677, RATIS_SERVER=35677, STANDALONE=37521], networkLocation: /default-rack, certSerialId: null, persistedOpState: IN_SERVICE, persistedOpStateExpiryEpochSec: 0}a4ee1d3f-5505-4afe-8a03-746b4b90cef8{ip: 172.17.0.2, host: 3974e5c036b4, ports: [REPLICATION=43531, RATIS=46809, RATIS_ADMIN=46809, RATIS_SERVER=46809, STANDALONE=36497], networkLocation: /default-rack, certSerialId: null, persistedOpState: IN_SERVICE, persistedOpStateExpiryEpochSec: 0}, ReplicationConfig: RATIS/THREE, State:ALLOCATED, leaderId:, CreationTimestamp2021-05-19T07:41:58.344Z].
2021-05-19 07:41:58,344 [RatisPipelineUtilsThread - 0] INFO  pipeline.PipelineManagerV2Impl (PipelineManagerV2Impl.java:recordMetricsForPipeline(589)) - Pipeline: PipelineID=03b01f46-c381-4ba2-a991-b061d1cc775e contains same datanodes as previous pipelines: PipelineID=5b0e428d-fccc-451c-957f-03e6ad90b47f nodeIds: 9d983546-4247-4c0f-83b0-40f69e4f4d28, 37b2c1ee-956a-4dec-b232-912a6a25ff9b, a4ee1d3f-5505-4afe-8a03-746b4b90cef8
2021-05-19 07:41:58,345 [RatisPipelineUtilsThread - 0] INFO  pipeline.RatisPipelineProvider (RatisPipelineProvider.java:lambda$create$0(170)) - Sending CreatePipelineCommand for pipeline:PipelineID=19596144-870e-41aa-8706-d5e61d3659ac to datanode:9d983546-4247-4c0f-83b0-40f69e4f4d28
2021-05-19 07:41:58,345 [RatisPipelineUtilsThread - 0] INFO  pipeline.RatisPipelineProvider (RatisPipelineProvider.java:lambda$create$0(170)) - Sending CreatePipelineCommand for pipeline:PipelineID=19596144-870e-41aa-8706-d5e61d3659ac to datanode:a4ee1d3f-5505-4afe-8a03-746b4b90cef8
2021-05-19 07:41:58,345 [RatisPipelineUtilsThread - 0] INFO  pipeline.RatisPipelineProvider (RatisPipelineProvider.java:lambda$create$0(170)) - Sending CreatePipelineCommand for pipeline:PipelineID=19596144-870e-41aa-8706-d5e61d3659ac to datanode:37b2c1ee-956a-4dec-b232-912a6a25ff9b
2021-05-19 07:41:58,345 [RatisPipelineUtilsThread - 0] INFO  pipeline.PipelineStateManager (PipelineStateManagerV2Impl.java:addPipeline(101)) - Created pipeline Pipeline[ Id: 19596144-870e-41aa-8706-d5e61d3659ac, Nodes: 9d983546-4247-4c0f-83b0-40f69e4f4d28{ip: 172.17.0.2, host: 3974e5c036b4, ports: [REPLICATION=38577, RATIS=36963, RATIS_ADMIN=36963, RATIS_SERVER=36963, STANDALONE=35805], networkLocation: /default-rack, certSerialId: null, persistedOpState: IN_SERVICE, persistedOpStateExpiryEpochSec: 0}a4ee1d3f-5505-4afe-8a03-746b4b90cef8{ip: 172.17.0.2, host: 3974e5c036b4, ports: [REPLICATION=43531, RATIS=46809, RATIS_ADMIN=46809, RATIS_SERVER=46809, STANDALONE=36497], networkLocation: /default-rack, certSerialId: null, persistedOpState: IN_SERVICE, persistedOpStateExpiryEpochSec: 0}37b2c1ee-956a-4dec-b232-912a6a25ff9b{ip: 172.17.0.2, host: 3974e5c036b4, ports: [REPLICATION=33365, RATIS=35677, RATIS_ADMIN=35677, RATIS_SERVER=35677, STANDALONE=37521], networkLocation: /default-rack, certSerialId: null, persistedOpState: IN_SERVICE, persistedOpStateExpiryEpochSec: 0}, ReplicationConfig: RATIS/THREE, State:ALLOCATED, leaderId:, CreationTimestamp2021-05-19T07:41:58.345Z].
2021-05-19 07:41:58,345 [RatisPipelineUtilsThread - 0] INFO  pipeline.PipelineManagerV2Impl (PipelineManagerV2Impl.java:recordMetricsForPipeline(589)) - Pipeline: PipelineID=19596144-870e-41aa-8706-d5e61d3659ac contains same datanodes as previous pipelines: PipelineID=5b0e428d-fccc-451c-957f-03e6ad90b47f nodeIds: 9d983546-4247-4c0f-83b0-40f69e4f4d28, a4ee1d3f-5505-4afe-8a03-746b4b90cef8, 37b2c1ee-956a-4dec-b232-912a6a25ff9b
2021-05-19 07:41:58,345 [RatisPipelineUtilsThread - 0] INFO  pipeline.PipelineManagerV2Impl (PipelineManagerV2Impl.java:recordMetricsForPipeline(589)) - Pipeline: PipelineID=19596144-870e-41aa-8706-d5e61d3659ac contains same datanodes as previous pipelines: PipelineID=03b01f46-c381-4ba2-a991-b061d1cc775e nodeIds: 9d983546-4247-4c0f-83b0-40f69e4f4d28, a4ee1d3f-5505-4afe-8a03-746b4b90cef8, 37b2c1ee-956a-4dec-b232-912a6a25ff9b
2021-05-19 07:41:58,532 [Listener at 127.0.0.1/41639] INFO  ozone.MiniOzoneClusterImpl (MiniOzoneClusterImpl.java:lambda$waitForClusterToBeReady$0(224)) - Waiting for nodes to be ready. Got 6 of 7 DN Heartbeats.
2021-05-19 07:41:58,532 [Listener at 127.0.0.1/41639] INFO  ozone.MiniOzoneClusterImpl (MiniOzoneClusterImpl.java:lambda$waitForClusterToBeReady$0(227)) - Waiting for cluster to exit safe mode
2021-05-19 07:41:58,532 [Listener at 127.0.0.1/41639] INFO  ozone.MiniOzoneClusterImpl (MiniOzoneClusterImpl.java:lambda$waitForClusterToBeReady$0(230)) - SCM became leader
2021-05-19 07:41:58,535 [IPC Server handler 4 on default port 33831] INFO  net.NetworkTopologyImpl (NetworkTopologyImpl.java:add(112)) - Added a new node: /default-rack/b054e63b-a418-439f-9265-0225a71f074a
2021-05-19 07:41:58,535 [IPC Server handler 4 on default port 33831] INFO  node.SCMNodeManager (SCMNodeManager.java:register(348)) - Registered Data node : b054e63b-a418-439f-9265-0225a71f074a{ip: 172.17.0.2, host: 3974e5c036b4, ports: [REPLICATION=42285, RATIS=34287, RATIS_ADMIN=34287, RATIS_SERVER=34287, STANDALONE=45519], networkLocation: /default-rack, certSerialId: null, persistedOpState: null, persistedOpStateExpiryEpochSec: 0}
2021-05-19 07:41:58,535 [EventQueue-NewNodeForNewNodeHandler] INFO  pipeline.BackgroundPipelineCreator (BackgroundPipelineCreatorV2.java:notifyEventTriggered(282)) - trigger a one-shot run on RatisPipelineUtilsThread.
2021-05-19 07:41:58,536 [EventQueue-PipelineReportForOneReplicaPipelineSafeModeRule] INFO  safemode.SCMSafeModeManager (SCMSafeModeManager.java:validateSafeModeExitRules(201)) - AtleastOneDatanodeReportedRule rule is successfully validated
2021-05-19 07:41:58,536 [EventQueue-NodeRegistrationContainerReportForDataNodeSafeModeRule] INFO  safemode.SCMSafeModeManager (SCMSafeModeManager.java:validateSafeModeExitRules(201)) - DataNodeSafeModeRule rule is successfully validated
2021-05-19 07:41:58,536 [EventQueue-NodeRegistrationContainerReportForContainerSafeModeRule] INFO  safemode.SCMSafeModeManager (SCMSafeModeManager.java:validateSafeModeExitRules(201)) - ContainerSafeModeRule rule is successfully validated
2021-05-19 07:41:58,536 [RatisPipelineUtilsThread - 0] INFO  pipeline.RatisPipelineProvider (RatisPipelineProvider.java:lambda$create$0(170)) - Sending CreatePipelineCommand for pipeline:PipelineID=ff5df469-b7be-437c-8272-c1b2006a74b3 to datanode:b054e63b-a418-439f-9265-0225a71f074a
2021-05-19 07:41:58,536 [RatisPipelineUtilsThread - 0] INFO  pipeline.PipelineStateManager (PipelineStateManagerV2Impl.java:addPipeline(101)) - Created pipeline Pipeline[ Id: ff5df469-b7be-437c-8272-c1b2006a74b3, Nodes: b054e63b-a418-439f-9265-0225a71f074a{ip: 172.17.0.2, host: 3974e5c036b4, ports: [REPLICATION=42285, RATIS=34287, RATIS_ADMIN=34287, RATIS_SERVER=34287, STANDALONE=45519], networkLocation: /default-rack, certSerialId: null, persistedOpState: IN_SERVICE, persistedOpStateExpiryEpochSec: 0}, ReplicationConfig: RATIS/ONE, State:ALLOCATED, leaderId:, CreationTimestamp2021-05-19T07:41:58.536Z].
2021-05-19 07:41:59,533 [Listener at 127.0.0.1/41639] INFO  ozone.MiniOzoneClusterImpl (MiniOzoneClusterImpl.java:lambda$waitForClusterToBeReady$0(224)) - Nodes are ready. Got 7 of 7 DN Heartbeats.
2021-05-19 07:41:59,533 [Listener at 127.0.0.1/41639] INFO  ozone.MiniOzoneClusterImpl (MiniOzoneClusterImpl.java:lambda$waitForClusterToBeReady$0(227)) - Waiting for cluster to exit safe mode
2021-05-19 07:41:59,533 [Listener at 127.0.0.1/41639] INFO  ozone.MiniOzoneClusterImpl (MiniOzoneClusterImpl.java:lambda$waitForClusterToBeReady$0(230)) - SCM became leader
2021-05-19 07:42:00,280 [Command processor thread] INFO  server.RaftServer (RaftServerProxy.java:addNew(95)) - 68d4f79f-8ed5-4598-b947-57f9bc979c0e: addNew group-4D2247FA29FE:[68d4f79f-8ed5-4598-b947-57f9bc979c0e|rpc:172.17.0.2:42729|priority:1] returns group-4D2247FA29FE:java.util.concurrent.CompletableFuture@6061379a[Not completed]
2021-05-19 07:42:00,281 [pool-231-thread-1] INFO  server.RaftServer$Division (RaftServerImpl.java:<init>(180)) - 68d4f79f-8ed5-4598-b947-57f9bc979c0e: new RaftServerImpl for group-4D2247FA29FE:[68d4f79f-8ed5-4598-b947-57f9bc979c0e|rpc:172.17.0.2:42729|priority:1] with ContainerStateMachine:uninitialized
2021-05-19 07:42:00,285 [pool-231-thread-1] INFO  server.RaftServerConfigKeys (ConfUtils.java:logGet(44)) - raft.server.rpc.timeout.min = 5s (custom)
2021-05-19 07:42:00,285 [pool-231-thread-1] INFO  server.RaftServerConfigKeys (ConfUtils.java:logGet(44)) - raft.server.rpc.timeout.max = 5200ms (custom)
2021-05-19 07:42:00,285 [pool-231-thread-1] INFO  server.RaftServerConfigKeys (ConfUtils.java:logGet(44)) - raft.server.rpc.sleep.time = 25ms (default)
2021-05-19 07:42:00,285 [pool-231-thread-1] INFO  server.RaftServerConfigKeys (ConfUtils.java:logGet(44)) - raft.server.rpc.slowness.timeout = 300000ms (custom)
2021-05-19 07:42:00,285 [pool-231-thread-1] INFO  server.RaftServerConfigKeys (ConfUtils.java:logGet(44)) - raft.server.leaderelection.leader.step-down.wait-time = 10s (default)
2021-05-19 07:42:00,285 [pool-231-thread-1] INFO  server.RaftServerConfigKeys (ConfUtils.java:logGet(44)) - raft.server.sleep.deviation.threshold = 300ms (default)
2021-05-19 07:42:00,285 [pool-231-thread-1] INFO  server.RaftServerConfigKeys (ConfUtils.java:logGet(44)) - raft.server.log.appender.install.snapshot.enabled = false (custom)
2021-05-19 07:42:00,285 [pool-231-thread-1] INFO  server.RaftServer$Division (ServerState.java:<init>(105)) - 68d4f79f-8ed5-4598-b947-57f9bc979c0e@group-4D2247FA29FE: ConfigurationManager, init=-1: [68d4f79f-8ed5-4598-b947-57f9bc979c0e|rpc:172.17.0.2:42729|priority:1], old=null, confs=<EMPTY_MAP>
2021-05-19 07:42:00,285 [pool-231-thread-1] INFO  server.RaftServerConfigKeys (ConfUtils.java:logGet(44)) - raft.server.storage.dir = [/github/workspace/mnt/ozone/hadoop-ozone/integration-test/target/test-dir/MiniOzoneClusterImpl-952c9dfc-8967-4523-b06f-60d3bd5de2bf/datanode-0/data/ratis] (custom)
2021-05-19 07:42:00,286 [pool-231-thread-1] INFO  server.RaftServerConfigKeys (ConfUtils.java:logGet(44)) - raft.server.log.corruption.policy = EXCEPTION (default)
2021-05-19 07:42:00,286 [pool-231-thread-1] INFO  storage.RaftStorageDirectory (RaftStorageDirectoryImpl.java:analyzeStorage(132)) - The storage directory /github/workspace/mnt/ozone/hadoop-ozone/integration-test/target/test-dir/MiniOzoneClusterImpl-952c9dfc-8967-4523-b06f-60d3bd5de2bf/datanode-0/data/ratis/83ce8431-c16c-455f-b32b-4d2247fa29fe does not exist. Creating ...
2021-05-19 07:42:00,287 [pool-231-thread-1] INFO  storage.RaftStorageDirectory (RaftStorageDirectoryImpl.java:tryLock(215)) - Lock on /github/workspace/mnt/ozone/hadoop-ozone/integration-test/target/test-dir/MiniOzoneClusterImpl-952c9dfc-8967-4523-b06f-60d3bd5de2bf/datanode-0/data/ratis/83ce8431-c16c-455f-b32b-4d2247fa29fe/in_use.lock acquired by nodename 16447@3974e5c036b4
2021-05-19 07:42:00,288 [pool-231-thread-1] INFO  storage.RaftStorage (RaftStorageImpl.java:format(87)) - Storage directory /github/workspace/mnt/ozone/hadoop-ozone/integration-test/target/test-dir/MiniOzoneClusterImpl-952c9dfc-8967-4523-b06f-60d3bd5de2bf/datanode-0/data/ratis/83ce8431-c16c-455f-b32b-4d2247fa29fe has been successfully formatted.
2021-05-19 07:42:00,288 [pool-231-thread-1] INFO  ratis.ContainerStateMachine (ContainerStateMachine.java:loadSnapshot(224)) - group-4D2247FA29FE: The snapshot info is null. Setting the last applied indexto:(t:0, i:~)
2021-05-19 07:42:00,288 [pool-231-thread-1] INFO  server.RaftServerConfigKeys (ConfUtils.java:logGet(44)) - raft.server.notification.no-leader.timeout = 300000ms (custom)
2021-05-19 07:42:00,288 [pool-231-thread-1] INFO  server.RaftServerConfigKeys (ConfUtils.java:logGet(44)) - raft.server.log.use.memory = false (default)
2021-05-19 07:42:00,289 [pool-231-thread-1] INFO  server.RaftServerConfigKeys (ConfUtils.java:logGet(44)) - raft.server.log.purge.gap = 1000000 (custom)
2021-05-19 07:42:00,289 [pool-231-thread-1] INFO  server.RaftServerConfigKeys (ConfUtils.java:logGet(44)) - raft.server.log.appender.buffer.byte-limit = 33554432 (custom)
2021-05-19 07:42:00,289 [pool-231-thread-1] INFO  metrics.RatisMetrics (RatisMetrics.java:lambda$create$0(36)) - Creating Metrics Registry : ratis.log_worker.68d4f79f-8ed5-4598-b947-57f9bc979c0e@group-4D2247FA29FE
2021-05-19 07:42:00,289 [pool-231-thread-1] INFO  server.RaftServerConfigKeys (ConfUtils.java:logGet(44)) - raft.server.log.segment.size.max = 1048576 (custom)
2021-05-19 07:42:00,289 [EventQueue-PipelineReportForPipelineReportHandler] INFO  pipeline.PipelineManagerV2Impl (PipelineManagerV2Impl.java:openPipeline(270)) - Pipeline Pipeline[ Id: 83ce8431-c16c-455f-b32b-4d2247fa29fe, Nodes: 68d4f79f-8ed5-4598-b947-57f9bc979c0e{ip: 172.17.0.2, host: 3974e5c036b4, ports: [REPLICATION=43949, RATIS=42729, RATIS_ADMIN=42729, RATIS_SERVER=42729, STANDALONE=34701], networkLocation: /default-rack, certSerialId: null, persistedOpState: IN_SERVICE, persistedOpStateExpiryEpochSec: 0}, ReplicationConfig: RATIS/ONE, State:ALLOCATED, leaderId:68d4f79f-8ed5-4598-b947-57f9bc979c0e, CreationTimestamp2021-05-19T07:41:57.283Z] moved to OPEN state
2021-05-19 07:42:00,289 [pool-231-thread-1] INFO  server.RaftServerConfigKeys (ConfUtils.java:logGet(44)) - raft.server.log.segment.cache.num.max = 2 (custom)
2021-05-19 07:42:00,289 [pool-231-thread-1] INFO  server.RaftServerConfigKeys (ConfUtils.java:logGet(44)) - raft.server.log.segment.cache.size.max = 200MB (=209715200) (default)
2021-05-19 07:42:00,290 [pool-231-thread-1] INFO  segmented.SegmentedRaftLogWorker (SegmentedRaftLogWorker.java:<init>(182)) - new 68d4f79f-8ed5-4598-b947-57f9bc979c0e@group-4D2247FA29FE-SegmentedRaftLogWorker for RaftStorageImpl:Storage Directory /github/workspace/mnt/ozone/hadoop-ozone/integration-test/target/test-dir/MiniOzoneClusterImpl-952c9dfc-8967-4523-b06f-60d3bd5de2bf/datanode-0/data/ratis/83ce8431-c16c-455f-b32b-4d2247fa29fe
2021-05-19 07:42:00,290 [pool-231-thread-1] INFO  server.RaftServerConfigKeys (ConfUtils.java:logGet(44)) - raft.server.log.queue.byte-limit = 2147483647 (custom)
2021-05-19 07:42:00,290 [EventQueue-PipelineReportForOneReplicaPipelineSafeModeRule] INFO  safemode.SCMSafeModeManager (SCMSafeModeManager.java:validateSafeModeExitRules(201)) - AtleastOneDatanodeReportedRule rule is successfully validated
2021-05-19 07:42:00,290 [pool-231-thread-1] INFO  server.RaftServerConfigKeys (ConfUtils.java:logGet(44)) - raft.server.log.queue.element-limit = 1024 (custom)
2021-05-19 07:42:00,290 [pool-231-thread-1] INFO  server.RaftServerConfigKeys (ConfUtils.java:logGet(44)) - raft.server.log.segment.size.max = 1048576 (custom)
2021-05-19 07:42:00,290 [pool-231-thread-1] INFO  server.RaftServerConfigKeys (ConfUtils.java:logGet(44)) - raft.server.log.preallocated.size = 16384 (custom)
2021-05-19 07:42:00,291 [pool-231-thread-1] INFO  server.RaftServerConfigKeys (ConfUtils.java:logGet(44)) - raft.server.log.force.sync.num = 128 (default)
2021-05-19 07:42:00,291 [pool-231-thread-1] INFO  server.RaftServerConfigKeys (ConfUtils.java:logGet(44)) - raft.server.log.statemachine.data.sync = true (default)
2021-05-19 07:42:00,291 [pool-231-thread-1] INFO  server.RaftServerConfigKeys (ConfUtils.java:logGet(44)) - raft.server.log.statemachine.data.sync.timeout = 10s (default)
2021-05-19 07:42:00,291 [pool-231-thread-1] INFO  server.RaftServerConfigKeys (ConfUtils.java:logGet(44)) - raft.server.log.statemachine.data.sync.timeout.retry = -1 (default)
2021-05-19 07:42:00,291 [EventQueue-OpenPipelineForHealthyPipelineSafeModeRule] INFO  safemode.SCMSafeModeManager (HealthyPipelineSafeModeRule.java:process(130)) - SCM in safe mode. Healthy pipelines reported count is 0, required healthy pipeline reported count is 1
2021-05-19 07:42:00,292 [pool-231-thread-1] INFO  server.RaftServerConfigKeys (ConfUtils.java:logGet(44)) - raft.server.log.write.buffer.size = 1048576 (custom)
2021-05-19 07:42:00,292 [pool-231-thread-1] INFO  server.RaftServerConfigKeys (ConfUtils.java:logGet(44)) - raft.server.log.statemachine.data.caching.enabled = true (custom)
2021-05-19 07:42:00,293 [pool-231-thread-1] INFO  segmented.SegmentedRaftLogWorker (SegmentedRaftLogWorker.java:lambda$new$0(133)) - 68d4f79f-8ed5-4598-b947-57f9bc979c0e@group-4D2247FA29FE-SegmentedRaftLogWorker: flushIndex: setUnconditionally 0 -> -1
2021-05-19 07:42:00,293 [pool-231-thread-1] INFO  segmented.SegmentedRaftLogWorker (SegmentedRaftLogWorker.java:lambda$new$0(133)) - 68d4f79f-8ed5-4598-b947-57f9bc979c0e@group-4D2247FA29FE-SegmentedRaftLogWorker: safeCacheEvictIndex: setUnconditionally 0 -> -1
2021-05-19 07:42:00,293 [pool-231-thread-1] INFO  server.RaftServerConfigKeys (ConfUtils.java:logGet(44)) - raft.server.snapshot.auto.trigger.enabled = true (custom)
2021-05-19 07:42:00,293 [pool-231-thread-1] INFO  server.RaftServerConfigKeys (ConfUtils.java:logGet(44)) - raft.server.snapshot.auto.trigger.threshold = 10000 (custom)
2021-05-19 07:42:00,293 [pool-231-thread-1] INFO  server.RaftServerConfigKeys (ConfUtils.java:logGet(44)) - raft.server.snapshot.retention.file.num = 5 (custom)
2021-05-19 07:42:00,293 [pool-231-thread-1] INFO  server.RaftServerConfigKeys (ConfUtils.java:logGet(44)) - raft.server.log.purge.upto.snapshot.index = false (default)
2021-05-19 07:42:00,293 [pool-231-thread-1] INFO  server.RaftServerConfigKeys (ConfUtils.java:logGet(44)) - raft.server.retrycache.expirytime = 600000ms (custom)
2021-05-19 07:42:00,293 [pool-231-thread-1] INFO  server.RaftServerConfigKeys (ConfUtils.java:logGet(44)) - raft.server.retrycache.statistics.expirytime = 100?s (default)
2021-05-19 07:42:00,293 [pool-231-thread-1] INFO  metrics.RatisMetrics (RatisMetrics.java:lambda$create$0(36)) - Creating Metrics Registry : ratis.leader_election.68d4f79f-8ed5-4598-b947-57f9bc979c0e@group-4D2247FA29FE
2021-05-19 07:42:00,293 [pool-231-thread-1] INFO  metrics.RatisMetrics (RatisMetrics.java:lambda$create$0(36)) - Creating Metrics Registry : ratis.server.68d4f79f-8ed5-4598-b947-57f9bc979c0e@group-4D2247FA29FE
2021-05-19 07:42:00,294 [pool-231-thread-1] INFO  server.RaftServer$Division (RaftServerImpl.java:start(295)) - 68d4f79f-8ed5-4598-b947-57f9bc979c0e@group-4D2247FA29FE: start as a follower, conf=-1: [68d4f79f-8ed5-4598-b947-57f9bc979c0e|rpc:172.17.0.2:42729|priority:1], old=null
2021-05-19 07:42:00,294 [pool-231-thread-1] INFO  server.RaftServer$Division (RaftServerImpl.java:setRole(284)) - 68d4f79f-8ed5-4598-b947-57f9bc979c0e@group-4D2247FA29FE: changes role from      null to FOLLOWER at term 0 for startAsFollower
2021-05-19 07:42:00,294 [pool-231-thread-1] INFO  impl.RoleInfo (RoleInfo.java:updateAndGet(130)) - 68d4f79f-8ed5-4598-b947-57f9bc979c0e: start 68d4f79f-8ed5-4598-b947-57f9bc979c0e@group-4D2247FA29FE-FollowerState
2021-05-19 07:42:00,300 [pool-231-thread-1] INFO  util.JmxRegister (JmxRegister.java:tryRegister(44)) - Successfully registered JMX Bean with object name Ratis:service=RaftServer,group=group-4D2247FA29FE,id=68d4f79f-8ed5-4598-b947-57f9bc979c0e
2021-05-19 07:42:00,300 [pool-231-thread-1] INFO  metrics.RatisMetrics (RatisMetrics.java:lambda$create$0(36)) - Creating Metrics Registry : ratis.state_machine.68d4f79f-8ed5-4598-b947-57f9bc979c0e@group-4D2247FA29FE
2021-05-19 07:42:00,301 [Command processor thread] INFO  ratis.XceiverServerRatis (XceiverServerRatis.java:addGroup(808)) - Created group PipelineID=83ce8431-c16c-455f-b32b-4d2247fa29fe
2021-05-19 07:42:00,302 [Command processor thread] INFO  commandhandler.CreatePipelineCommandHandler (CreatePipelineCommandHandler.java:handle(106)) - Created Pipeline RATIS ONE PipelineID=83ce8431-c16c-455f-b32b-4d2247fa29fe.
2021-05-19 07:42:00,302 [Command processor thread] INFO  server.RaftServer (RaftServerProxy.java:addNew(95)) - 68d4f79f-8ed5-4598-b947-57f9bc979c0e: addNew group-DECE5BE019F2:[a14714da-c87c-4361-b393-7e96cf422ed7|rpc:172.17.0.2:45547|priority:1, 8e81be81-8cf3-4cb2-af1f-2c1c9bc19b0e|rpc:172.17.0.2:41855|priority:0, 68d4f79f-8ed5-4598-b947-57f9bc979c0e|rpc:172.17.0.2:42729|priority:0] returns group-DECE5BE019F2:java.util.concurrent.CompletableFuture@645ebf4e[Not completed]
2021-05-19 07:42:00,302 [pool-231-thread-1] INFO  server.RaftServer$Division (RaftServerImpl.java:<init>(180)) - 68d4f79f-8ed5-4598-b947-57f9bc979c0e: new RaftServerImpl for group-DECE5BE019F2:[a14714da-c87c-4361-b393-7e96cf422ed7|rpc:172.17.0.2:45547|priority:1, 8e81be81-8cf3-4cb2-af1f-2c1c9bc19b0e|rpc:172.17.0.2:41855|priority:0, 68d4f79f-8ed5-4598-b947-57f9bc979c0e|rpc:172.17.0.2:42729|priority:0] with ContainerStateMachine:uninitialized
2021-05-19 07:42:00,302 [pool-231-thread-1] INFO  server.RaftServerConfigKeys (ConfUtils.java:logGet(44)) - raft.server.rpc.timeout.min = 5s (custom)
2021-05-19 07:42:00,303 [pool-231-thread-1] INFO  server.RaftServerConfigKeys (ConfUtils.java:logGet(44)) - raft.server.rpc.timeout.max = 5200ms (custom)
2021-05-19 07:42:00,303 [pool-231-thread-1] INFO  server.RaftServerConfigKeys (ConfUtils.java:logGet(44)) - raft.server.rpc.sleep.time = 25ms (default)
2021-05-19 07:42:00,303 [pool-231-thread-1] INFO  server.RaftServerConfigKeys (ConfUtils.java:logGet(44)) - raft.server.rpc.slowness.timeout = 300000ms (custom)
2021-05-19 07:42:00,303 [pool-231-thread-1] INFO  server.RaftServerConfigKeys (ConfUtils.java:logGet(44)) - raft.server.leaderelection.leader.step-down.wait-time = 10s (default)
2021-05-19 07:42:00,303 [pool-231-thread-1] INFO  server.RaftServerConfigKeys (ConfUtils.java:logGet(44)) - raft.server.sleep.deviation.threshold = 300ms (default)
2021-05-19 07:42:00,303 [pool-231-thread-1] INFO  server.RaftServerConfigKeys (ConfUtils.java:logGet(44)) - raft.server.log.appender.install.snapshot.enabled = false (custom)
2021-05-19 07:42:00,303 [pool-231-thread-1] INFO  server.RaftServer$Division (ServerState.java:<init>(105)) - 68d4f79f-8ed5-4598-b947-57f9bc979c0e@group-DECE5BE019F2: ConfigurationManager, init=-1: [a14714da-c87c-4361-b393-7e96cf422ed7|rpc:172.17.0.2:45547|priority:1, 8e81be81-8cf3-4cb2-af1f-2c1c9bc19b0e|rpc:172.17.0.2:41855|priority:0, 68d4f79f-8ed5-4598-b947-57f9bc979c0e|rpc:172.17.0.2:42729|priority:0], old=null, confs=<EMPTY_MAP>
2021-05-19 07:42:00,303 [pool-231-thread-1] INFO  server.RaftServerConfigKeys (ConfUtils.java:logGet(44)) - raft.server.storage.dir = [/github/workspace/mnt/ozone/hadoop-ozone/integration-test/target/test-dir/MiniOzoneClusterImpl-952c9dfc-8967-4523-b06f-60d3bd5de2bf/datanode-0/data/ratis] (custom)
2021-05-19 07:42:00,303 [pool-231-thread-1] INFO  server.RaftServerConfigKeys (ConfUtils.java:logGet(44)) - raft.server.log.corruption.policy = EXCEPTION (default)
2021-05-19 07:42:00,303 [pool-231-thread-1] INFO  storage.RaftStorageDirectory (RaftStorageDirectoryImpl.java:analyzeStorage(132)) - The storage directory /github/workspace/mnt/ozone/hadoop-ozone/integration-test/target/test-dir/MiniOzoneClusterImpl-952c9dfc-8967-4523-b06f-60d3bd5de2bf/datanode-0/data/ratis/da74cb76-52a2-4b5c-bce9-dece5be019f2 does not exist. Creating ...
2021-05-19 07:42:00,304 [pool-231-thread-1] INFO  storage.RaftStorageDirectory (RaftStorageDirectoryImpl.java:tryLock(215)) - Lock on /github/workspace/mnt/ozone/hadoop-ozone/integration-test/target/test-dir/MiniOzoneClusterImpl-952c9dfc-8967-4523-b06f-60d3bd5de2bf/datanode-0/data/ratis/da74cb76-52a2-4b5c-bce9-dece5be019f2/in_use.lock acquired by nodename 16447@3974e5c036b4
2021-05-19 07:42:00,305 [pool-231-thread-1] INFO  storage.RaftStorage (RaftStorageImpl.java:format(87)) - Storage directory /github/workspace/mnt/ozone/hadoop-ozone/integration-test/target/test-dir/MiniOzoneClusterImpl-952c9dfc-8967-4523-b06f-60d3bd5de2bf/datanode-0/data/ratis/da74cb76-52a2-4b5c-bce9-dece5be019f2 has been successfully formatted.
2021-05-19 07:42:00,305 [pool-231-thread-1] INFO  ratis.ContainerStateMachine (ContainerStateMachine.java:loadSnapshot(224)) - group-DECE5BE019F2: The snapshot info is null. Setting the last applied indexto:(t:0, i:~)
2021-05-19 07:42:00,305 [pool-231-thread-1] INFO  server.RaftServerConfigKeys (ConfUtils.java:logGet(44)) - raft.server.notification.no-leader.timeout = 300000ms (custom)
2021-05-19 07:42:00,305 [pool-231-thread-1] INFO  server.RaftServerConfigKeys (ConfUtils.java:logGet(44)) - raft.server.log.use.memory = false (default)
2021-05-19 07:42:00,306 [pool-231-thread-1] INFO  server.RaftServerConfigKeys (ConfUtils.java:logGet(44)) - raft.server.log.purge.gap = 1000000 (custom)
2021-05-19 07:42:00,306 [pool-231-thread-1] INFO  server.RaftServerConfigKeys (ConfUtils.java:logGet(44)) - raft.server.log.appender.buffer.byte-limit = 33554432 (custom)
2021-05-19 07:42:00,306 [pool-231-thread-1] INFO  metrics.RatisMetrics (RatisMetrics.java:lambda$create$0(36)) - Creating Metrics Registry : ratis.log_worker.68d4f79f-8ed5-4598-b947-57f9bc979c0e@group-DECE5BE019F2
2021-05-19 07:42:00,306 [pool-231-thread-1] INFO  server.RaftServerConfigKeys (ConfUtils.java:logGet(44)) - raft.server.log.segment.size.max = 1048576 (custom)
2021-05-19 07:42:00,306 [EventQueue-OpenPipelineForHealthyPipelineSafeModeRule] INFO  safemode.SCMSafeModeManager (HealthyPipelineSafeModeRule.java:process(130)) - SCM in safe mode. Healthy pipelines reported count is 0, required healthy pipeline reported count is 1
2021-05-19 07:42:00,306 [EventQueue-PipelineReportForOneReplicaPipelineSafeModeRule] INFO  safemode.SCMSafeModeManager (SCMSafeModeManager.java:validateSafeModeExitRules(201)) - AtleastOneDatanodeReportedRule rule is successfully validated
2021-05-19 07:42:00,306 [pool-231-thread-1] INFO  server.RaftServerConfigKeys (ConfUtils.java:logGet(44)) - raft.server.log.segment.cache.num.max = 2 (custom)
2021-05-19 07:42:00,306 [pool-231-thread-1] INFO  server.RaftServerConfigKeys (ConfUtils.java:logGet(44)) - raft.server.log.segment.cache.size.max = 200MB (=209715200) (default)
2021-05-19 07:42:00,307 [pool-231-thread-1] INFO  segmented.SegmentedRaftLogWorker (SegmentedRaftLogWorker.java:<init>(182)) - new 68d4f79f-8ed5-4598-b947-57f9bc979c0e@group-DECE5BE019F2-SegmentedRaftLogWorker for RaftStorageImpl:Storage Directory /github/workspace/mnt/ozone/hadoop-ozone/integration-test/target/test-dir/MiniOzoneClusterImpl-952c9dfc-8967-4523-b06f-60d3bd5de2bf/datanode-0/data/ratis/da74cb76-52a2-4b5c-bce9-dece5be019f2
2021-05-19 07:42:00,307 [pool-231-thread-1] INFO  server.RaftServerConfigKeys (ConfUtils.java:logGet(44)) - raft.server.log.queue.byte-limit = 2147483647 (custom)
2021-05-19 07:42:00,307 [pool-231-thread-1] INFO  server.RaftServerConfigKeys (ConfUtils.java:logGet(44)) - raft.server.log.queue.element-limit = 1024 (custom)
2021-05-19 07:42:00,307 [pool-231-thread-1] INFO  server.RaftServerConfigKeys (ConfUtils.java:logGet(44)) - raft.server.log.segment.size.max = 1048576 (custom)
2021-05-19 07:42:00,307 [pool-231-thread-1] INFO  server.RaftServerConfigKeys (ConfUtils.java:logGet(44)) - raft.server.log.preallocated.size = 16384 (custom)
2021-05-19 07:42:00,307 [pool-231-thread-1] INFO  server.RaftServerConfigKeys (ConfUtils.java:logGet(44)) - raft.server.log.force.sync.num = 128 (default)
2021-05-19 07:42:00,307 [pool-231-thread-1] INFO  server.RaftServerConfigKeys (ConfUtils.java:logGet(44)) - raft.server.log.statemachine.data.sync = true (default)
2021-05-19 07:42:00,307 [pool-231-thread-1] INFO  server.RaftServerConfigKeys (ConfUtils.java:logGet(44)) - raft.server.log.statemachine.data.sync.timeout = 10s (default)
2021-05-19 07:42:00,307 [pool-231-thread-1] INFO  server.RaftServerConfigKeys (ConfUtils.java:logGet(44)) - raft.server.log.statemachine.data.sync.timeout.retry = -1 (default)
2021-05-19 07:42:00,309 [pool-231-thread-1] INFO  server.RaftServerConfigKeys (ConfUtils.java:logGet(44)) - raft.server.log.write.buffer.size = 1048576 (custom)
2021-05-19 07:42:00,310 [pool-231-thread-1] INFO  server.RaftServerConfigKeys (ConfUtils.java:logGet(44)) - raft.server.log.statemachine.data.caching.enabled = true (custom)
2021-05-19 07:42:00,310 [pool-231-thread-1] INFO  segmented.SegmentedRaftLogWorker (SegmentedRaftLogWorker.java:lambda$new$0(133)) - 68d4f79f-8ed5-4598-b947-57f9bc979c0e@group-DECE5BE019F2-SegmentedRaftLogWorker: flushIndex: setUnconditionally 0 -> -1
2021-05-19 07:42:00,310 [pool-231-thread-1] INFO  segmented.SegmentedRaftLogWorker (SegmentedRaftLogWorker.java:lambda$new$0(133)) - 68d4f79f-8ed5-4598-b947-57f9bc979c0e@group-DECE5BE019F2-SegmentedRaftLogWorker: safeCacheEvictIndex: setUnconditionally 0 -> -1
2021-05-19 07:42:00,314 [pool-231-thread-1] INFO  server.RaftServerConfigKeys (ConfUtils.java:logGet(44)) - raft.server.snapshot.auto.trigger.enabled = true (custom)
2021-05-19 07:42:00,314 [pool-231-thread-1] INFO  server.RaftServerConfigKeys (ConfUtils.java:logGet(44)) - raft.server.snapshot.auto.trigger.threshold = 10000 (custom)
2021-05-19 07:42:00,314 [pool-231-thread-1] INFO  server.RaftServerConfigKeys (ConfUtils.java:logGet(44)) - raft.server.snapshot.retention.file.num = 5 (custom)
2021-05-19 07:42:00,314 [pool-231-thread-1] INFO  server.RaftServerConfigKeys (ConfUtils.java:logGet(44)) - raft.server.log.purge.upto.snapshot.index = false (default)
2021-05-19 07:42:00,315 [pool-231-thread-1] INFO  server.RaftServerConfigKeys (ConfUtils.java:logGet(44)) - raft.server.retrycache.expirytime = 600000ms (custom)
2021-05-19 07:42:00,315 [pool-231-thread-1] INFO  server.RaftServerConfigKeys (ConfUtils.java:logGet(44)) - raft.server.retrycache.statistics.expirytime = 100?s (default)
2021-05-19 07:42:00,315 [pool-231-thread-1] INFO  metrics.RatisMetrics (RatisMetrics.java:lambda$create$0(36)) - Creating Metrics Registry : ratis.leader_election.68d4f79f-8ed5-4598-b947-57f9bc979c0e@group-DECE5BE019F2
2021-05-19 07:42:00,315 [pool-231-thread-1] INFO  metrics.RatisMetrics (RatisMetrics.java:lambda$create$0(36)) - Creating Metrics Registry : ratis.server.68d4f79f-8ed5-4598-b947-57f9bc979c0e@group-DECE5BE019F2
2021-05-19 07:42:00,316 [pool-231-thread-1] INFO  server.RaftServer$Division (RaftServerImpl.java:start(295)) - 68d4f79f-8ed5-4598-b947-57f9bc979c0e@group-DECE5BE019F2: start as a follower, conf=-1: [a14714da-c87c-4361-b393-7e96cf422ed7|rpc:172.17.0.2:45547|priority:1, 8e81be81-8cf3-4cb2-af1f-2c1c9bc19b0e|rpc:172.17.0.2:41855|priority:0, 68d4f79f-8ed5-4598-b947-57f9bc979c0e|rpc:172.17.0.2:42729|priority:0], old=null
2021-05-19 07:42:00,316 [pool-231-thread-1] INFO  server.RaftServer$Division (RaftServerImpl.java:setRole(284)) - 68d4f79f-8ed5-4598-b947-57f9bc979c0e@group-DECE5BE019F2: changes role from      null to FOLLOWER at term 0 for startAsFollower
2021-05-19 07:42:00,316 [pool-231-thread-1] INFO  impl.RoleInfo (RoleInfo.java:updateAndGet(130)) - 68d4f79f-8ed5-4598-b947-57f9bc979c0e: start 68d4f79f-8ed5-4598-b947-57f9bc979c0e@group-DECE5BE019F2-FollowerState
2021-05-19 07:42:00,316 [pool-231-thread-1] INFO  util.JmxRegister (JmxRegister.java:tryRegister(44)) - Successfully registered JMX Bean with object name Ratis:service=RaftServer,group=group-DECE5BE019F2,id=68d4f79f-8ed5-4598-b947-57f9bc979c0e
2021-05-19 07:42:00,316 [pool-231-thread-1] INFO  metrics.RatisMetrics (RatisMetrics.java:lambda$create$0(36)) - Creating Metrics Registry : ratis.state_machine.68d4f79f-8ed5-4598-b947-57f9bc979c0e@group-DECE5BE019F2
2021-05-19 07:42:00,317 [Command processor thread] INFO  ratis.XceiverServerRatis (XceiverServerRatis.java:addGroup(808)) - Created group PipelineID=da74cb76-52a2-4b5c-bce9-dece5be019f2
2021-05-19 07:42:00,318 [Command processor thread] INFO  metrics.RatisMetrics (RatisMetrics.java:lambda$create$0(36)) - Creating Metrics Registry : ratis.client_message_metrics.client-F4525F87E1C7->8e81be81-8cf3-4cb2-af1f-2c1c9bc19b0e
2021-05-19 07:42:00,322 [grpc-default-executor-3] INFO  metrics.RatisMetrics (RatisMetrics.java:lambda$create$0(36)) - Creating Metrics Registry : ratis.server_message_metrics.8e81be81-8cf3-4cb2-af1f-2c1c9bc19b0e
2021-05-19 07:42:00,324 [grpc-default-executor-3] INFO  server.RaftServer (RaftServerProxy.java:addNew(95)) - 8e81be81-8cf3-4cb2-af1f-2c1c9bc19b0e: addNew group-DECE5BE019F2:[a14714da-c87c-4361-b393-7e96cf422ed7|rpc:172.17.0.2:45547|dataStream:|priority:1, 8e81be81-8cf3-4cb2-af1f-2c1c9bc19b0e|rpc:172.17.0.2:41855|dataStream:|priority:0, 68d4f79f-8ed5-4598-b947-57f9bc979c0e|rpc:172.17.0.2:42729|dataStream:|priority:0] returns group-DECE5BE019F2:java.util.concurrent.CompletableFuture@133606f9[Not completed]
2021-05-19 07:42:00,324 [pool-249-thread-1] INFO  server.RaftServer$Division (RaftServerImpl.java:<init>(180)) - 8e81be81-8cf3-4cb2-af1f-2c1c9bc19b0e: new RaftServerImpl for group-DECE5BE019F2:[a14714da-c87c-4361-b393-7e96cf422ed7|rpc:172.17.0.2:45547|dataStream:|priority:1, 8e81be81-8cf3-4cb2-af1f-2c1c9bc19b0e|rpc:172.17.0.2:41855|dataStream:|priority:0, 68d4f79f-8ed5-4598-b947-57f9bc979c0e|rpc:172.17.0.2:42729|dataStream:|priority:0] with ContainerStateMachine:uninitialized
2021-05-19 07:42:00,325 [pool-249-thread-1] INFO  server.RaftServerConfigKeys (ConfUtils.java:logGet(44)) - raft.server.rpc.timeout.min = 5s (custom)
2021-05-19 07:42:00,325 [pool-249-thread-1] INFO  server.RaftServerConfigKeys (ConfUtils.java:logGet(44)) - raft.server.rpc.timeout.max = 5200ms (custom)
2021-05-19 07:42:00,325 [pool-249-thread-1] INFO  server.RaftServerConfigKeys (ConfUtils.java:logGet(44)) - raft.server.rpc.sleep.time = 25ms (default)
2021-05-19 07:42:00,325 [pool-249-thread-1] INFO  server.RaftServerConfigKeys (ConfUtils.java:logGet(44)) - raft.server.rpc.slowness.timeout = 300000ms (custom)
2021-05-19 07:42:00,325 [pool-249-thread-1] INFO  server.RaftServerConfigKeys (ConfUtils.java:logGet(44)) - raft.server.leaderelection.leader.step-down.wait-time = 10s (default)
2021-05-19 07:42:00,325 [pool-249-thread-1] INFO  server.RaftServerConfigKeys (ConfUtils.java:logGet(44)) - raft.server.sleep.deviation.threshold = 300ms (default)
2021-05-19 07:42:00,325 [pool-249-thread-1] INFO  server.RaftServerConfigKeys (ConfUtils.java:logGet(44)) - raft.server.log.appender.install.snapshot.enabled = false (custom)
2021-05-19 07:42:00,325 [pool-249-thread-1] INFO  server.RaftServer$Division (ServerState.java:<init>(105)) - 8e81be81-8cf3-4cb2-af1f-2c1c9bc19b0e@group-DECE5BE019F2: ConfigurationManager, init=-1: [a14714da-c87c-4361-b393-7e96cf422ed7|rpc:172.17.0.2:45547|dataStream:|priority:1, 8e81be81-8cf3-4cb2-af1f-2c1c9bc19b0e|rpc:172.17.0.2:41855|dataStream:|priority:0, 68d4f79f-8ed5-4598-b947-57f9bc979c0e|rpc:172.17.0.2:42729|dataStream:|priority:0], old=null, confs=<EMPTY_MAP>
2021-05-19 07:42:00,325 [pool-249-thread-1] INFO  server.RaftServerConfigKeys (ConfUtils.java:logGet(44)) - raft.server.storage.dir = [/github/workspace/mnt/ozone/hadoop-ozone/integration-test/target/test-dir/MiniOzoneClusterImpl-952c9dfc-8967-4523-b06f-60d3bd5de2bf/datanode-1/data/ratis] (custom)
2021-05-19 07:42:00,325 [pool-249-thread-1] INFO  server.RaftServerConfigKeys (ConfUtils.java:logGet(44)) - raft.server.log.corruption.policy = EXCEPTION (default)
2021-05-19 07:42:00,325 [pool-249-thread-1] INFO  storage.RaftStorageDirectory (RaftStorageDirectoryImpl.java:analyzeStorage(132)) - The storage directory /github/workspace/mnt/ozone/hadoop-ozone/integration-test/target/test-dir/MiniOzoneClusterImpl-952c9dfc-8967-4523-b06f-60d3bd5de2bf/datanode-1/data/ratis/da74cb76-52a2-4b5c-bce9-dece5be019f2 does not exist. Creating ...
2021-05-19 07:42:00,326 [pool-249-thread-1] INFO  storage.RaftStorageDirectory (RaftStorageDirectoryImpl.java:tryLock(215)) - Lock on /github/workspace/mnt/ozone/hadoop-ozone/integration-test/target/test-dir/MiniOzoneClusterImpl-952c9dfc-8967-4523-b06f-60d3bd5de2bf/datanode-1/data/ratis/da74cb76-52a2-4b5c-bce9-dece5be019f2/in_use.lock acquired by nodename 16447@3974e5c036b4
2021-05-19 07:42:00,327 [pool-249-thread-1] INFO  storage.RaftStorage (RaftStorageImpl.java:format(87)) - Storage directory /github/workspace/mnt/ozone/hadoop-ozone/integration-test/target/test-dir/MiniOzoneClusterImpl-952c9dfc-8967-4523-b06f-60d3bd5de2bf/datanode-1/data/ratis/da74cb76-52a2-4b5c-bce9-dece5be019f2 has been successfully formatted.
2021-05-19 07:42:00,328 [pool-249-thread-1] INFO  ratis.ContainerStateMachine (ContainerStateMachine.java:loadSnapshot(224)) - group-DECE5BE019F2: The snapshot info is null. Setting the last applied indexto:(t:0, i:~)
2021-05-19 07:42:00,328 [pool-249-thread-1] INFO  server.RaftServerConfigKeys (ConfUtils.java:logGet(44)) - raft.server.notification.no-leader.timeout = 300000ms (custom)
2021-05-19 07:42:00,328 [pool-249-thread-1] INFO  server.RaftServerConfigKeys (ConfUtils.java:logGet(44)) - raft.server.log.use.memory = false (default)
2021-05-19 07:42:00,328 [pool-249-thread-1] INFO  server.RaftServerConfigKeys (ConfUtils.java:logGet(44)) - raft.server.log.purge.gap = 1000000 (custom)
2021-05-19 07:42:00,328 [pool-249-thread-1] INFO  server.RaftServerConfigKeys (ConfUtils.java:logGet(44)) - raft.server.log.appender.buffer.byte-limit = 33554432 (custom)
2021-05-19 07:42:00,328 [pool-249-thread-1] INFO  metrics.RatisMetrics (RatisMetrics.java:lambda$create$0(36)) - Creating Metrics Registry : ratis.log_worker.8e81be81-8cf3-4cb2-af1f-2c1c9bc19b0e@group-DECE5BE019F2
2021-05-19 07:42:00,328 [EventQueue-PipelineReportForOneReplicaPipelineSafeModeRule] INFO  safemode.SCMSafeModeManager (SCMSafeModeManager.java:validateSafeModeExitRules(201)) - AtleastOneDatanodeReportedRule rule is successfully validated
2021-05-19 07:42:00,329 [pool-249-thread-1] INFO  server.RaftServerConfigKeys (ConfUtils.java:logGet(44)) - raft.server.log.segment.size.max = 1048576 (custom)
2021-05-19 07:42:00,329 [pool-249-thread-1] INFO  server.RaftServerConfigKeys (ConfUtils.java:logGet(44)) - raft.server.log.segment.cache.num.max = 2 (custom)
2021-05-19 07:42:00,329 [pool-249-thread-1] INFO  server.RaftServerConfigKeys (ConfUtils.java:logGet(44)) - raft.server.log.segment.cache.size.max = 200MB (=209715200) (default)
2021-05-19 07:42:00,329 [pool-249-thread-1] INFO  segmented.SegmentedRaftLogWorker (SegmentedRaftLogWorker.java:<init>(182)) - new 8e81be81-8cf3-4cb2-af1f-2c1c9bc19b0e@group-DECE5BE019F2-SegmentedRaftLogWorker for RaftStorageImpl:Storage Directory /github/workspace/mnt/ozone/hadoop-ozone/integration-test/target/test-dir/MiniOzoneClusterImpl-952c9dfc-8967-4523-b06f-60d3bd5de2bf/datanode-1/data/ratis/da74cb76-52a2-4b5c-bce9-dece5be019f2
2021-05-19 07:42:00,329 [pool-249-thread-1] INFO  server.RaftServerConfigKeys (ConfUtils.java:logGet(44)) - raft.server.log.queue.byte-limit = 2147483647 (custom)
2021-05-19 07:42:00,329 [pool-249-thread-1] INFO  server.RaftServerConfigKeys (ConfUtils.java:logGet(44)) - raft.server.log.queue.element-limit = 1024 (custom)
2021-05-19 07:42:00,329 [pool-249-thread-1] INFO  server.RaftServerConfigKeys (ConfUtils.java:logGet(44)) - raft.server.log.segment.size.max = 1048576 (custom)
2021-05-19 07:42:00,329 [pool-249-thread-1] INFO  server.RaftServerConfigKeys (ConfUtils.java:logGet(44)) - raft.server.log.preallocated.size = 16384 (custom)
2021-05-19 07:42:00,329 [pool-249-thread-1] INFO  server.RaftServerConfigKeys (ConfUtils.java:logGet(44)) - raft.server.log.force.sync.num = 128 (default)
2021-05-19 07:42:00,329 [pool-249-thread-1] INFO  server.RaftServerConfigKeys (ConfUtils.java:logGet(44)) - raft.server.log.statemachine.data.sync = true (default)
2021-05-19 07:42:00,329 [pool-249-thread-1] INFO  server.RaftServerConfigKeys (ConfUtils.java:logGet(44)) - raft.server.log.statemachine.data.sync.timeout = 10s (default)
2021-05-19 07:42:00,329 [pool-249-thread-1] INFO  server.RaftServerConfigKeys (ConfUtils.java:logGet(44)) - raft.server.log.statemachine.data.sync.timeout.retry = -1 (default)
2021-05-19 07:42:00,330 [pool-249-thread-1] INFO  server.RaftServerConfigKeys (ConfUtils.java:logGet(44)) - raft.server.log.write.buffer.size = 1048576 (custom)
2021-05-19 07:42:00,331 [pool-249-thread-1] INFO  server.RaftServerConfigKeys (ConfUtils.java:logGet(44)) - raft.server.log.statemachine.data.caching.enabled = true (custom)
2021-05-19 07:42:00,331 [pool-249-thread-1] INFO  segmented.SegmentedRaftLogWorker (SegmentedRaftLogWorker.java:lambda$new$0(133)) - 8e81be81-8cf3-4cb2-af1f-2c1c9bc19b0e@group-DECE5BE019F2-SegmentedRaftLogWorker: flushIndex: setUnconditionally 0 -> -1
2021-05-19 07:42:00,331 [pool-249-thread-1] INFO  segmented.SegmentedRaftLogWorker (SegmentedRaftLogWorker.java:lambda$new$0(133)) - 8e81be81-8cf3-4cb2-af1f-2c1c9bc19b0e@group-DECE5BE019F2-SegmentedRaftLogWorker: safeCacheEvictIndex: setUnconditionally 0 -> -1
2021-05-19 07:42:00,331 [pool-249-thread-1] INFO  server.RaftServerConfigKeys (ConfUtils.java:logGet(44)) - raft.server.snapshot.auto.trigger.enabled = true (custom)
2021-05-19 07:42:00,331 [pool-249-thread-1] INFO  server.RaftServerConfigKeys (ConfUtils.java:logGet(44)) - raft.server.snapshot.auto.trigger.threshold = 10000 (custom)
2021-05-19 07:42:00,331 [pool-249-thread-1] INFO  server.RaftServerConfigKeys (ConfUtils.java:logGet(44)) - raft.server.snapshot.retention.file.num = 5 (custom)
2021-05-19 07:42:00,331 [pool-249-thread-1] INFO  server.RaftServerConfigKeys (ConfUtils.java:logGet(44)) - raft.server.log.purge.upto.snapshot.index = false (default)
2021-05-19 07:42:00,332 [pool-249-thread-1] INFO  server.RaftServerConfigKeys (ConfUtils.java:logGet(44)) - raft.server.retrycache.expirytime = 600000ms (custom)
2021-05-19 07:42:00,332 [pool-249-thread-1] INFO  server.RaftServerConfigKeys (ConfUtils.java:logGet(44)) - raft.server.retrycache.statistics.expirytime = 100?s (default)
2021-05-19 07:42:00,332 [pool-249-thread-1] INFO  metrics.RatisMetrics (RatisMetrics.java:lambda$create$0(36)) - Creating Metrics Registry : ratis.leader_election.8e81be81-8cf3-4cb2-af1f-2c1c9bc19b0e@group-DECE5BE019F2
2021-05-19 07:42:00,332 [pool-249-thread-1] INFO  metrics.RatisMetrics (RatisMetrics.java:lambda$create$0(36)) - Creating Metrics Registry : ratis.server.8e81be81-8cf3-4cb2-af1f-2c1c9bc19b0e@group-DECE5BE019F2
2021-05-19 07:42:00,333 [pool-249-thread-1] INFO  server.RaftServer$Division (RaftServerImpl.java:start(295)) - 8e81be81-8cf3-4cb2-af1f-2c1c9bc19b0e@group-DECE5BE019F2: start as a follower, conf=-1: [a14714da-c87c-4361-b393-7e96cf422ed7|rpc:172.17.0.2:45547|dataStream:|priority:1, 8e81be81-8cf3-4cb2-af1f-2c1c9bc19b0e|rpc:172.17.0.2:41855|dataStream:|priority:0, 68d4f79f-8ed5-4598-b947-57f9bc979c0e|rpc:172.17.0.2:42729|dataStream:|priority:0], old=null
2021-05-19 07:42:00,333 [pool-249-thread-1] INFO  server.RaftServer$Division (RaftServerImpl.java:setRole(284)) - 8e81be81-8cf3-4cb2-af1f-2c1c9bc19b0e@group-DECE5BE019F2: changes role from      null to FOLLOWER at term 0 for startAsFollower
2021-05-19 07:42:00,333 [pool-249-thread-1] INFO  impl.RoleInfo (RoleInfo.java:updateAndGet(130)) - 8e81be81-8cf3-4cb2-af1f-2c1c9bc19b0e: start 8e81be81-8cf3-4cb2-af1f-2c1c9bc19b0e@group-DECE5BE019F2-FollowerState
2021-05-19 07:42:00,333 [pool-249-thread-1] INFO  util.JmxRegister (JmxRegister.java:tryRegister(44)) - Successfully registered JMX Bean with object name Ratis:service=RaftServer,group=group-DECE5BE019F2,id=8e81be81-8cf3-4cb2-af1f-2c1c9bc19b0e
2021-05-19 07:42:00,333 [pool-249-thread-1] INFO  metrics.RatisMetrics (RatisMetrics.java:lambda$create$0(36)) - Creating Metrics Registry : ratis.state_machine.8e81be81-8cf3-4cb2-af1f-2c1c9bc19b0e@group-DECE5BE019F2
2021-05-19 07:42:00,338 [Command processor thread] INFO  metrics.RatisMetrics (RatisMetrics.java:lambda$create$0(36)) - Creating Metrics Registry : ratis.client_message_metrics.client-6A44F3C0BB28->a14714da-c87c-4361-b393-7e96cf422ed7
2021-05-19 07:42:00,341 [grpc-default-executor-3] INFO  metrics.RatisMetrics (RatisMetrics.java:lambda$create$0(36)) - Creating Metrics Registry : ratis.server_message_metrics.a14714da-c87c-4361-b393-7e96cf422ed7
2021-05-19 07:42:00,342 [grpc-default-executor-3] INFO  server.RaftServer (RaftServerProxy.java:addNew(95)) - a14714da-c87c-4361-b393-7e96cf422ed7: addNew group-DECE5BE019F2:[a14714da-c87c-4361-b393-7e96cf422ed7|rpc:172.17.0.2:45547|dataStream:|priority:1, 8e81be81-8cf3-4cb2-af1f-2c1c9bc19b0e|rpc:172.17.0.2:41855|dataStream:|priority:0, 68d4f79f-8ed5-4598-b947-57f9bc979c0e|rpc:172.17.0.2:42729|dataStream:|priority:0] returns group-DECE5BE019F2:java.util.concurrent.CompletableFuture@592b25c7[Not completed]
2021-05-19 07:42:00,348 [pool-267-thread-1] INFO  server.RaftServer$Division (RaftServerImpl.java:<init>(180)) - a14714da-c87c-4361-b393-7e96cf422ed7: new RaftServerImpl for group-DECE5BE019F2:[a14714da-c87c-4361-b393-7e96cf422ed7|rpc:172.17.0.2:45547|dataStream:|priority:1, 8e81be81-8cf3-4cb2-af1f-2c1c9bc19b0e|rpc:172.17.0.2:41855|dataStream:|priority:0, 68d4f79f-8ed5-4598-b947-57f9bc979c0e|rpc:172.17.0.2:42729|dataStream:|priority:0] with ContainerStateMachine:uninitialized
2021-05-19 07:42:00,348 [pool-267-thread-1] INFO  server.RaftServerConfigKeys (ConfUtils.java:logGet(44)) - raft.server.rpc.timeout.min = 5s (custom)
2021-05-19 07:42:00,350 [pool-267-thread-1] INFO  server.RaftServerConfigKeys (ConfUtils.java:logGet(44)) - raft.server.rpc.timeout.max = 5200ms (custom)
2021-05-19 07:42:00,350 [pool-267-thread-1] INFO  server.RaftServerConfigKeys (ConfUtils.java:logGet(44)) - raft.server.rpc.sleep.time = 25ms (default)
2021-05-19 07:42:00,350 [pool-267-thread-1] INFO  server.RaftServerConfigKeys (ConfUtils.java:logGet(44)) - raft.server.rpc.slowness.timeout = 300000ms (custom)
2021-05-19 07:42:00,350 [pool-267-thread-1] INFO  server.RaftServerConfigKeys (ConfUtils.java:logGet(44)) - raft.server.leaderelection.leader.step-down.wait-time = 10s (default)
2021-05-19 07:42:00,350 [pool-267-thread-1] INFO  server.RaftServerConfigKeys (ConfUtils.java:logGet(44)) - raft.server.sleep.deviation.threshold = 300ms (default)
2021-05-19 07:42:00,350 [pool-267-thread-1] INFO  server.RaftServerConfigKeys (ConfUtils.java:logGet(44)) - raft.server.log.appender.install.snapshot.enabled = false (custom)
2021-05-19 07:42:00,350 [pool-267-thread-1] INFO  server.RaftServer$Division (ServerState.java:<init>(105)) - a14714da-c87c-4361-b393-7e96cf422ed7@group-DECE5BE019F2: ConfigurationManager, init=-1: [a14714da-c87c-4361-b393-7e96cf422ed7|rpc:172.17.0.2:45547|dataStream:|priority:1, 8e81be81-8cf3-4cb2-af1f-2c1c9bc19b0e|rpc:172.17.0.2:41855|dataStream:|priority:0, 68d4f79f-8ed5-4598-b947-57f9bc979c0e|rpc:172.17.0.2:42729|dataStream:|priority:0], old=null, confs=<EMPTY_MAP>
2021-05-19 07:42:00,350 [pool-267-thread-1] INFO  server.RaftServerConfigKeys (ConfUtils.java:logGet(44)) - raft.server.storage.dir = [/github/workspace/mnt/ozone/hadoop-ozone/integration-test/target/test-dir/MiniOzoneClusterImpl-952c9dfc-8967-4523-b06f-60d3bd5de2bf/datanode-2/data/ratis] (custom)
2021-05-19 07:42:00,351 [pool-267-thread-1] INFO  server.RaftServerConfigKeys (ConfUtils.java:logGet(44)) - raft.server.log.corruption.policy = EXCEPTION (default)
2021-05-19 07:42:00,351 [pool-267-thread-1] INFO  storage.RaftStorageDirectory (RaftStorageDirectoryImpl.java:analyzeStorage(132)) - The storage directory /github/workspace/mnt/ozone/hadoop-ozone/integration-test/target/test-dir/MiniOzoneClusterImpl-952c9dfc-8967-4523-b06f-60d3bd5de2bf/datanode-2/data/ratis/da74cb76-52a2-4b5c-bce9-dece5be019f2 does not exist. Creating ...
2021-05-19 07:42:00,352 [pool-267-thread-1] INFO  storage.RaftStorageDirectory (RaftStorageDirectoryImpl.java:tryLock(215)) - Lock on /github/workspace/mnt/ozone/hadoop-ozone/integration-test/target/test-dir/MiniOzoneClusterImpl-952c9dfc-8967-4523-b06f-60d3bd5de2bf/datanode-2/data/ratis/da74cb76-52a2-4b5c-bce9-dece5be019f2/in_use.lock acquired by nodename 16447@3974e5c036b4
2021-05-19 07:42:00,353 [pool-267-thread-1] INFO  storage.RaftStorage (RaftStorageImpl.java:format(87)) - Storage directory /github/workspace/mnt/ozone/hadoop-ozone/integration-test/target/test-dir/MiniOzoneClusterImpl-952c9dfc-8967-4523-b06f-60d3bd5de2bf/datanode-2/data/ratis/da74cb76-52a2-4b5c-bce9-dece5be019f2 has been successfully formatted.
2021-05-19 07:42:00,353 [pool-267-thread-1] INFO  ratis.ContainerStateMachine (ContainerStateMachine.java:loadSnapshot(224)) - group-DECE5BE019F2: The snapshot info is null. Setting the last applied indexto:(t:0, i:~)
2021-05-19 07:42:00,353 [pool-267-thread-1] INFO  server.RaftServerConfigKeys (ConfUtils.java:logGet(44)) - raft.server.notification.no-leader.timeout = 300000ms (custom)
2021-05-19 07:42:00,353 [pool-267-thread-1] INFO  server.RaftServerConfigKeys (ConfUtils.java:logGet(44)) - raft.server.log.use.memory = false (default)
2021-05-19 07:42:00,353 [pool-267-thread-1] INFO  server.RaftServerConfigKeys (ConfUtils.java:logGet(44)) - raft.server.log.purge.gap = 1000000 (custom)
2021-05-19 07:42:00,353 [pool-267-thread-1] INFO  server.RaftServerConfigKeys (ConfUtils.java:logGet(44)) - raft.server.log.appender.buffer.byte-limit = 33554432 (custom)
2021-05-19 07:42:00,353 [EventQueue-PipelineReportForOneReplicaPipelineSafeModeRule] INFO  safemode.SCMSafeModeManager (SCMSafeModeManager.java:validateSafeModeExitRules(201)) - AtleastOneDatanodeReportedRule rule is successfully validated
2021-05-19 07:42:00,354 [pool-267-thread-1] INFO  metrics.RatisMetrics (RatisMetrics.java:lambda$create$0(36)) - Creating Metrics Registry : ratis.log_worker.a14714da-c87c-4361-b393-7e96cf422ed7@group-DECE5BE019F2
2021-05-19 07:42:00,354 [pool-267-thread-1] INFO  server.RaftServerConfigKeys (ConfUtils.java:logGet(44)) - raft.server.log.segment.size.max = 1048576 (custom)
2021-05-19 07:42:00,354 [pool-267-thread-1] INFO  server.RaftServerConfigKeys (ConfUtils.java:logGet(44)) - raft.server.log.segment.cache.num.max = 2 (custom)
2021-05-19 07:42:00,354 [pool-267-thread-1] INFO  server.RaftServerConfigKeys (ConfUtils.java:logGet(44)) - raft.server.log.segment.cache.size.max = 200MB (=209715200) (default)
2021-05-19 07:42:00,354 [pool-267-thread-1] INFO  segmented.SegmentedRaftLogWorker (SegmentedRaftLogWorker.java:<init>(182)) - new a14714da-c87c-4361-b393-7e96cf422ed7@group-DECE5BE019F2-SegmentedRaftLogWorker for RaftStorageImpl:Storage Directory /github/workspace/mnt/ozone/hadoop-ozone/integration-test/target/test-dir/MiniOzoneClusterImpl-952c9dfc-8967-4523-b06f-60d3bd5de2bf/datanode-2/data/ratis/da74cb76-52a2-4b5c-bce9-dece5be019f2
2021-05-19 07:42:00,355 [pool-267-thread-1] INFO  server.RaftServerConfigKeys (ConfUtils.java:logGet(44)) - raft.server.log.queue.byte-limit = 2147483647 (custom)
2021-05-19 07:42:00,355 [pool-267-thread-1] INFO  server.RaftServerConfigKeys (ConfUtils.java:logGet(44)) - raft.server.log.queue.element-limit = 1024 (custom)
2021-05-19 07:42:00,355 [pool-267-thread-1] INFO  server.RaftServerConfigKeys (ConfUtils.java:logGet(44)) - raft.server.log.segment.size.max = 1048576 (custom)
2021-05-19 07:42:00,355 [pool-267-thread-1] INFO  server.RaftServerConfigKeys (ConfUtils.java:logGet(44)) - raft.server.log.preallocated.size = 16384 (custom)
2021-05-19 07:42:00,355 [pool-267-thread-1] INFO  server.RaftServerConfigKeys (ConfUtils.java:logGet(44)) - raft.server.log.force.sync.num = 128 (default)
2021-05-19 07:42:00,355 [pool-267-thread-1] INFO  server.RaftServerConfigKeys (ConfUtils.java:logGet(44)) - raft.server.log.statemachine.data.sync = true (default)
2021-05-19 07:42:00,355 [pool-267-thread-1] INFO  server.RaftServerConfigKeys (ConfUtils.java:logGet(44)) - raft.server.log.statemachine.data.sync.timeout = 10s (default)
2021-05-19 07:42:00,355 [pool-267-thread-1] INFO  server.RaftServerConfigKeys (ConfUtils.java:logGet(44)) - raft.server.log.statemachine.data.sync.timeout.retry = -1 (default)
2021-05-19 07:42:00,357 [pool-267-thread-1] INFO  server.RaftServerConfigKeys (ConfUtils.java:logGet(44)) - raft.server.log.write.buffer.size = 1048576 (custom)
2021-05-19 07:42:00,357 [pool-267-thread-1] INFO  server.RaftServerConfigKeys (ConfUtils.java:logGet(44)) - raft.server.log.statemachine.data.caching.enabled = true (custom)
2021-05-19 07:42:00,358 [pool-267-thread-1] INFO  segmented.SegmentedRaftLogWorker (SegmentedRaftLogWorker.java:lambda$new$0(133)) - a14714da-c87c-4361-b393-7e96cf422ed7@group-DECE5BE019F2-SegmentedRaftLogWorker: flushIndex: setUnconditionally 0 -> -1
2021-05-19 07:42:00,358 [pool-267-thread-1] INFO  segmented.SegmentedRaftLogWorker (SegmentedRaftLogWorker.java:lambda$new$0(133)) - a14714da-c87c-4361-b393-7e96cf422ed7@group-DECE5BE019F2-SegmentedRaftLogWorker: safeCacheEvictIndex: setUnconditionally 0 -> -1
2021-05-19 07:42:00,358 [pool-267-thread-1] INFO  server.RaftServerConfigKeys (ConfUtils.java:logGet(44)) - raft.server.snapshot.auto.trigger.enabled = true (custom)
2021-05-19 07:42:00,358 [pool-267-thread-1] INFO  server.RaftServerConfigKeys (ConfUtils.java:logGet(44)) - raft.server.snapshot.auto.trigger.threshold = 10000 (custom)
2021-05-19 07:42:00,358 [pool-267-thread-1] INFO  server.RaftServerConfigKeys (ConfUtils.java:logGet(44)) - raft.server.snapshot.retention.file.num = 5 (custom)
2021-05-19 07:42:00,358 [pool-267-thread-1] INFO  server.RaftServerConfigKeys (ConfUtils.java:logGet(44)) - raft.server.log.purge.upto.snapshot.index = false (default)
2021-05-19 07:42:00,358 [pool-267-thread-1] INFO  server.RaftServerConfigKeys (ConfUtils.java:logGet(44)) - raft.server.retrycache.expirytime = 600000ms (custom)
2021-05-19 07:42:00,358 [pool-267-thread-1] INFO  server.RaftServerConfigKeys (ConfUtils.java:logGet(44)) - raft.server.retrycache.statistics.expirytime = 100?s (default)
2021-05-19 07:42:00,358 [pool-267-thread-1] INFO  metrics.RatisMetrics (RatisMetrics.java:lambda$create$0(36)) - Creating Metrics Registry : ratis.leader_election.a14714da-c87c-4361-b393-7e96cf422ed7@group-DECE5BE019F2
2021-05-19 07:42:00,359 [pool-267-thread-1] INFO  metrics.RatisMetrics (RatisMetrics.java:lambda$create$0(36)) - Creating Metrics Registry : ratis.server.a14714da-c87c-4361-b393-7e96cf422ed7@group-DECE5BE019F2
2021-05-19 07:42:00,359 [pool-267-thread-1] INFO  server.RaftServer$Division (RaftServerImpl.java:start(295)) - a14714da-c87c-4361-b393-7e96cf422ed7@group-DECE5BE019F2: start as a follower, conf=-1: [a14714da-c87c-4361-b393-7e96cf422ed7|rpc:172.17.0.2:45547|dataStream:|priority:1, 8e81be81-8cf3-4cb2-af1f-2c1c9bc19b0e|rpc:172.17.0.2:41855|dataStream:|priority:0, 68d4f79f-8ed5-4598-b947-57f9bc979c0e|rpc:172.17.0.2:42729|dataStream:|priority:0], old=null
2021-05-19 07:42:00,359 [pool-267-thread-1] INFO  server.RaftServer$Division (RaftServerImpl.java:setRole(284)) - a14714da-c87c-4361-b393-7e96cf422ed7@group-DECE5BE019F2: changes role from      null to FOLLOWER at term 0 for startAsFollower
2021-05-19 07:42:00,359 [pool-267-thread-1] INFO  impl.RoleInfo (RoleInfo.java:updateAndGet(130)) - a14714da-c87c-4361-b393-7e96cf422ed7: start a14714da-c87c-4361-b393-7e96cf422ed7@group-DECE5BE019F2-FollowerState
2021-05-19 07:42:00,360 [pool-267-thread-1] INFO  util.JmxRegister (JmxRegister.java:tryRegister(44)) - Successfully registered JMX Bean with object name Ratis:service=RaftServer,group=group-DECE5BE019F2,id=a14714da-c87c-4361-b393-7e96cf422ed7
2021-05-19 07:42:00,360 [pool-267-thread-1] INFO  metrics.RatisMetrics (RatisMetrics.java:lambda$create$0(36)) - Creating Metrics Registry : ratis.state_machine.a14714da-c87c-4361-b393-7e96cf422ed7@group-DECE5BE019F2
2021-05-19 07:42:00,365 [Command processor thread] INFO  commandhandler.CreatePipelineCommandHandler (CreatePipelineCommandHandler.java:handle(106)) - Created Pipeline RATIS THREE PipelineID=da74cb76-52a2-4b5c-bce9-dece5be019f2.
2021-05-19 07:42:00,365 [Command processor thread] INFO  server.RaftServer (RaftServerProxy.java:addNew(95)) - 68d4f79f-8ed5-4598-b947-57f9bc979c0e: addNew group-AC6A57830C75:[a14714da-c87c-4361-b393-7e96cf422ed7|rpc:172.17.0.2:45547|priority:0, 68d4f79f-8ed5-4598-b947-57f9bc979c0e|rpc:172.17.0.2:42729|priority:1, 8e81be81-8cf3-4cb2-af1f-2c1c9bc19b0e|rpc:172.17.0.2:41855|priority:0] returns group-AC6A57830C75:java.util.concurrent.CompletableFuture@157ef0c9[Not completed]
2021-05-19 07:42:00,366 [pool-231-thread-1] INFO  server.RaftServer$Division (RaftServerImpl.java:<init>(180)) - 68d4f79f-8ed5-4598-b947-57f9bc979c0e: new RaftServerImpl for group-AC6A57830C75:[a14714da-c87c-4361-b393-7e96cf422ed7|rpc:172.17.0.2:45547|priority:0, 68d4f79f-8ed5-4598-b947-57f9bc979c0e|rpc:172.17.0.2:42729|priority:1, 8e81be81-8cf3-4cb2-af1f-2c1c9bc19b0e|rpc:172.17.0.2:41855|priority:0] with ContainerStateMachine:uninitialized
2021-05-19 07:42:00,366 [pool-231-thread-1] INFO  server.RaftServerConfigKeys (ConfUtils.java:logGet(44)) - raft.server.rpc.timeout.min = 5s (custom)
2021-05-19 07:42:00,366 [pool-231-thread-1] INFO  server.RaftServerConfigKeys (ConfUtils.java:logGet(44)) - raft.server.rpc.timeout.max = 5200ms (custom)
2021-05-19 07:42:00,366 [pool-231-thread-1] INFO  server.RaftServerConfigKeys (ConfUtils.java:logGet(44)) - raft.server.rpc.sleep.time = 25ms (default)
2021-05-19 07:42:00,366 [pool-231-thread-1] INFO  server.RaftServerConfigKeys (ConfUtils.java:logGet(44)) - raft.server.rpc.slowness.timeout = 300000ms (custom)
2021-05-19 07:42:00,366 [pool-231-thread-1] INFO  server.RaftServerConfigKeys (ConfUtils.java:logGet(44)) - raft.server.leaderelection.leader.step-down.wait-time = 10s (default)
2021-05-19 07:42:00,366 [pool-231-thread-1] INFO  server.RaftServerConfigKeys (ConfUtils.java:logGet(44)) - raft.server.sleep.deviation.threshold = 300ms (default)
2021-05-19 07:42:00,366 [pool-231-thread-1] INFO  server.RaftServerConfigKeys (ConfUtils.java:logGet(44)) - raft.server.log.appender.install.snapshot.enabled = false (custom)
2021-05-19 07:42:00,366 [pool-231-thread-1] INFO  server.RaftServer$Division (ServerState.java:<init>(105)) - 68d4f79f-8ed5-4598-b947-57f9bc979c0e@group-AC6A57830C75: ConfigurationManager, init=-1: [a14714da-c87c-4361-b393-7e96cf422ed7|rpc:172.17.0.2:45547|priority:0, 68d4f79f-8ed5-4598-b947-57f9bc979c0e|rpc:172.17.0.2:42729|priority:1, 8e81be81-8cf3-4cb2-af1f-2c1c9bc19b0e|rpc:172.17.0.2:41855|priority:0], old=null, confs=<EMPTY_MAP>
2021-05-19 07:42:00,366 [pool-231-thread-1] INFO  server.RaftServerConfigKeys (ConfUtils.java:logGet(44)) - raft.server.storage.dir = [/github/workspace/mnt/ozone/hadoop-ozone/integration-test/target/test-dir/MiniOzoneClusterImpl-952c9dfc-8967-4523-b06f-60d3bd5de2bf/datanode-0/data/ratis] (custom)
2021-05-19 07:42:00,366 [pool-231-thread-1] INFO  server.RaftServerConfigKeys (ConfUtils.java:logGet(44)) - raft.server.log.corruption.policy = EXCEPTION (default)
2021-05-19 07:42:00,366 [pool-231-thread-1] INFO  storage.RaftStorageDirectory (RaftStorageDirectoryImpl.java:analyzeStorage(132)) - The storage directory /github/workspace/mnt/ozone/hadoop-ozone/integration-test/target/test-dir/MiniOzoneClusterImpl-952c9dfc-8967-4523-b06f-60d3bd5de2bf/datanode-0/data/ratis/b2b3615b-70b0-4c95-a861-ac6a57830c75 does not exist. Creating ...
2021-05-19 07:42:00,367 [pool-231-thread-1] INFO  storage.RaftStorageDirectory (RaftStorageDirectoryImpl.java:tryLock(215)) - Lock on /github/workspace/mnt/ozone/hadoop-ozone/integration-test/target/test-dir/MiniOzoneClusterImpl-952c9dfc-8967-4523-b06f-60d3bd5de2bf/datanode-0/data/ratis/b2b3615b-70b0-4c95-a861-ac6a57830c75/in_use.lock acquired by nodename 16447@3974e5c036b4
2021-05-19 07:42:00,368 [pool-231-thread-1] INFO  storage.RaftStorage (RaftStorageImpl.java:format(87)) - Storage directory /github/workspace/mnt/ozone/hadoop-ozone/integration-test/target/test-dir/MiniOzoneClusterImpl-952c9dfc-8967-4523-b06f-60d3bd5de2bf/datanode-0/data/ratis/b2b3615b-70b0-4c95-a861-ac6a57830c75 has been successfully formatted.
2021-05-19 07:42:00,368 [pool-231-thread-1] INFO  ratis.ContainerStateMachine (ContainerStateMachine.java:loadSnapshot(224)) - group-AC6A57830C75: The snapshot info is null. Setting the last applied indexto:(t:0, i:~)
2021-05-19 07:42:00,369 [pool-231-thread-1] INFO  server.RaftServerConfigKeys (ConfUtils.java:logGet(44)) - raft.server.notification.no-leader.timeout = 300000ms (custom)
2021-05-19 07:42:00,369 [pool-231-thread-1] INFO  server.RaftServerConfigKeys (ConfUtils.java:logGet(44)) - raft.server.log.use.memory = false (default)
2021-05-19 07:42:00,369 [EventQueue-PipelineReportForOneReplicaPipelineSafeModeRule] INFO  safemode.SCMSafeModeManager (SCMSafeModeManager.java:validateSafeModeExitRules(201)) - AtleastOneDatanodeReportedRule rule is successfully validated
2021-05-19 07:42:00,369 [pool-231-thread-1] INFO  server.RaftServerConfigKeys (ConfUtils.java:logGet(44)) - raft.server.log.purge.gap = 1000000 (custom)
2021-05-19 07:42:00,369 [EventQueue-OpenPipelineForHealthyPipelineSafeModeRule] INFO  safemode.SCMSafeModeManager (HealthyPipelineSafeModeRule.java:process(130)) - SCM in safe mode. Healthy pipelines reported count is 0, required healthy pipeline reported count is 1
2021-05-19 07:42:00,369 [pool-231-thread-1] INFO  server.RaftServerConfigKeys (ConfUtils.java:logGet(44)) - raft.server.log.appender.buffer.byte-limit = 33554432 (custom)
2021-05-19 07:42:00,369 [pool-231-thread-1] INFO  metrics.RatisMetrics (RatisMetrics.java:lambda$create$0(36)) - Creating Metrics Registry : ratis.log_worker.68d4f79f-8ed5-4598-b947-57f9bc979c0e@group-AC6A57830C75
2021-05-19 07:42:00,370 [pool-231-thread-1] INFO  server.RaftServerConfigKeys (ConfUtils.java:logGet(44)) - raft.server.log.segment.size.max = 1048576 (custom)
2021-05-19 07:42:00,370 [pool-231-thread-1] INFO  server.RaftServerConfigKeys (ConfUtils.java:logGet(44)) - raft.server.log.segment.cache.num.max = 2 (custom)
2021-05-19 07:42:00,370 [pool-231-thread-1] INFO  server.RaftServerConfigKeys (ConfUtils.java:logGet(44)) - raft.server.log.segment.cache.size.max = 200MB (=209715200) (default)
2021-05-19 07:42:00,370 [pool-231-thread-1] INFO  segmented.SegmentedRaftLogWorker (SegmentedRaftLogWorker.java:<init>(182)) - new 68d4f79f-8ed5-4598-b947-57f9bc979c0e@group-AC6A57830C75-SegmentedRaftLogWorker for RaftStorageImpl:Storage Directory /github/workspace/mnt/ozone/hadoop-ozone/integration-test/target/test-dir/MiniOzoneClusterImpl-952c9dfc-8967-4523-b06f-60d3bd5de2bf/datanode-0/data/ratis/b2b3615b-70b0-4c95-a861-ac6a57830c75
2021-05-19 07:42:00,370 [pool-231-thread-1] INFO  server.RaftServerConfigKeys (ConfUtils.java:logGet(44)) - raft.server.log.queue.byte-limit = 2147483647 (custom)
2021-05-19 07:42:00,370 [pool-231-thread-1] INFO  server.RaftServerConfigKeys (ConfUtils.java:logGet(44)) - raft.server.log.queue.element-limit = 1024 (custom)
2021-05-19 07:42:00,370 [pool-231-thread-1] INFO  server.RaftServerConfigKeys (ConfUtils.java:logGet(44)) - raft.server.log.segment.size.max = 1048576 (custom)
2021-05-19 07:42:00,370 [pool-231-thread-1] INFO  server.RaftServerConfigKeys (ConfUtils.java:logGet(44)) - raft.server.log.preallocated.size = 16384 (custom)
2021-05-19 07:42:00,370 [pool-231-thread-1] INFO  server.RaftServerConfigKeys (ConfUtils.java:logGet(44)) - raft.server.log.force.sync.num = 128 (default)
2021-05-19 07:42:00,370 [pool-231-thread-1] INFO  server.RaftServerConfigKeys (ConfUtils.java:logGet(44)) - raft.server.log.statemachine.data.sync = true (default)
2021-05-19 07:42:00,370 [pool-231-thread-1] INFO  server.RaftServerConfigKeys (ConfUtils.java:logGet(44)) - raft.server.log.statemachine.data.sync.timeout = 10s (default)
2021-05-19 07:42:00,371 [pool-231-thread-1] INFO  server.RaftServerConfigKeys (ConfUtils.java:logGet(44)) - raft.server.log.statemachine.data.sync.timeout.retry = -1 (default)
2021-05-19 07:42:00,371 [pool-231-thread-1] INFO  server.RaftServerConfigKeys (ConfUtils.java:logGet(44)) - raft.server.log.write.buffer.size = 1048576 (custom)
2021-05-19 07:42:00,372 [pool-231-thread-1] INFO  server.RaftServerConfigKeys (ConfUtils.java:logGet(44)) - raft.server.log.statemachine.data.caching.enabled = true (custom)
2021-05-19 07:42:00,372 [pool-231-thread-1] INFO  segmented.SegmentedRaftLogWorker (SegmentedRaftLogWorker.java:lambda$new$0(133)) - 68d4f79f-8ed5-4598-b947-57f9bc979c0e@group-AC6A57830C75-SegmentedRaftLogWorker: flushIndex: setUnconditionally 0 -> -1
2021-05-19 07:42:00,372 [pool-231-thread-1] INFO  segmented.SegmentedRaftLogWorker (SegmentedRaftLogWorker.java:lambda$new$0(133)) - 68d4f79f-8ed5-4598-b947-57f9bc979c0e@group-AC6A57830C75-SegmentedRaftLogWorker: safeCacheEvictIndex: setUnconditionally 0 -> -1
2021-05-19 07:42:00,372 [pool-231-thread-1] INFO  server.RaftServerConfigKeys (ConfUtils.java:logGet(44)) - raft.server.snapshot.auto.trigger.enabled = true (custom)
2021-05-19 07:42:00,372 [pool-231-thread-1] INFO  server.RaftServerConfigKeys (ConfUtils.java:logGet(44)) - raft.server.snapshot.auto.trigger.threshold = 10000 (custom)
2021-05-19 07:42:00,372 [pool-231-thread-1] INFO  server.RaftServerConfigKeys (ConfUtils.java:logGet(44)) - raft.server.snapshot.retention.file.num = 5 (custom)
2021-05-19 07:42:00,373 [pool-231-thread-1] INFO  server.RaftServerConfigKeys (ConfUtils.java:logGet(44)) - raft.server.log.purge.upto.snapshot.index = false (default)
2021-05-19 07:42:00,373 [pool-231-thread-1] INFO  server.RaftServerConfigKeys (ConfUtils.java:logGet(44)) - raft.server.retrycache.expirytime = 600000ms (custom)
2021-05-19 07:42:00,373 [pool-231-thread-1] INFO  server.RaftServerConfigKeys (ConfUtils.java:logGet(44)) - raft.server.retrycache.statistics.expirytime = 100?s (default)
2021-05-19 07:42:00,373 [pool-231-thread-1] INFO  metrics.RatisMetrics (RatisMetrics.java:lambda$create$0(36)) - Creating Metrics Registry : ratis.leader_election.68d4f79f-8ed5-4598-b947-57f9bc979c0e@group-AC6A57830C75
2021-05-19 07:42:00,373 [pool-231-thread-1] INFO  metrics.RatisMetrics (RatisMetrics.java:lambda$create$0(36)) - Creating Metrics Registry : ratis.server.68d4f79f-8ed5-4598-b947-57f9bc979c0e@group-AC6A57830C75
2021-05-19 07:42:00,374 [pool-231-thread-1] INFO  server.RaftServer$Division (RaftServerImpl.java:start(295)) - 68d4f79f-8ed5-4598-b947-57f9bc979c0e@group-AC6A57830C75: start as a follower, conf=-1: [a14714da-c87c-4361-b393-7e96cf422ed7|rpc:172.17.0.2:45547|priority:0, 68d4f79f-8ed5-4598-b947-57f9bc979c0e|rpc:172.17.0.2:42729|priority:1, 8e81be81-8cf3-4cb2-af1f-2c1c9bc19b0e|rpc:172.17.0.2:41855|priority:0], old=null
2021-05-19 07:42:00,374 [pool-231-thread-1] INFO  server.RaftServer$Division (RaftServerImpl.java:setRole(284)) - 68d4f79f-8ed5-4598-b947-57f9bc979c0e@group-AC6A57830C75: changes role from      null to FOLLOWER at term 0 for startAsFollower
2021-05-19 07:42:00,374 [pool-231-thread-1] INFO  impl.RoleInfo (RoleInfo.java:updateAndGet(130)) - 68d4f79f-8ed5-4598-b947-57f9bc979c0e: start 68d4f79f-8ed5-4598-b947-57f9bc979c0e@group-AC6A57830C75-FollowerState
2021-05-19 07:42:00,378 [pool-231-thread-1] INFO  util.JmxRegister (JmxRegister.java:tryRegister(44)) - Successfully registered JMX Bean with object name Ratis:service=RaftServer,group=group-AC6A57830C75,id=68d4f79f-8ed5-4598-b947-57f9bc979c0e
2021-05-19 07:42:00,378 [pool-231-thread-1] INFO  metrics.RatisMetrics (RatisMetrics.java:lambda$create$0(36)) - Creating Metrics Registry : ratis.state_machine.68d4f79f-8ed5-4598-b947-57f9bc979c0e@group-AC6A57830C75
2021-05-19 07:42:00,382 [Command processor thread] INFO  ratis.XceiverServerRatis (XceiverServerRatis.java:addGroup(808)) - Created group PipelineID=b2b3615b-70b0-4c95-a861-ac6a57830c75
2021-05-19 07:42:00,383 [Command processor thread] INFO  metrics.RatisMetrics (RatisMetrics.java:lambda$create$0(36)) - Creating Metrics Registry : ratis.client_message_metrics.client-5B4E8752622D->a14714da-c87c-4361-b393-7e96cf422ed7
2021-05-19 07:42:00,397 [grpc-default-executor-3] INFO  server.RaftServer (RaftServerProxy.java:addNew(95)) - a14714da-c87c-4361-b393-7e96cf422ed7: addNew group-AC6A57830C75:[a14714da-c87c-4361-b393-7e96cf422ed7|rpc:172.17.0.2:45547|dataStream:|priority:0, 68d4f79f-8ed5-4598-b947-57f9bc979c0e|rpc:172.17.0.2:42729|dataStream:|priority:1, 8e81be81-8cf3-4cb2-af1f-2c1c9bc19b0e|rpc:172.17.0.2:41855|dataStream:|priority:0] returns group-AC6A57830C75:java.util.concurrent.CompletableFuture@45a4c4a4[Not completed]
2021-05-19 07:42:00,398 [pool-267-thread-1] INFO  server.RaftServer$Division (RaftServerImpl.java:<init>(180)) - a14714da-c87c-4361-b393-7e96cf422ed7: new RaftServerImpl for group-AC6A57830C75:[a14714da-c87c-4361-b393-7e96cf422ed7|rpc:172.17.0.2:45547|dataStream:|priority:0, 68d4f79f-8ed5-4598-b947-57f9bc979c0e|rpc:172.17.0.2:42729|dataStream:|priority:1, 8e81be81-8cf3-4cb2-af1f-2c1c9bc19b0e|rpc:172.17.0.2:41855|dataStream:|priority:0] with ContainerStateMachine:uninitialized
2021-05-19 07:42:00,398 [pool-267-thread-1] INFO  server.RaftServerConfigKeys (ConfUtils.java:logGet(44)) - raft.server.rpc.timeout.min = 5s (custom)
2021-05-19 07:42:00,398 [pool-267-thread-1] INFO  server.RaftServerConfigKeys (ConfUtils.java:logGet(44)) - raft.server.rpc.timeout.max = 5200ms (custom)
2021-05-19 07:42:00,398 [pool-267-thread-1] INFO  server.RaftServerConfigKeys (ConfUtils.java:logGet(44)) - raft.server.rpc.sleep.time = 25ms (default)
2021-05-19 07:42:00,398 [pool-267-thread-1] INFO  server.RaftServerConfigKeys (ConfUtils.java:logGet(44)) - raft.server.rpc.slowness.timeout = 300000ms (custom)
2021-05-19 07:42:00,398 [pool-267-thread-1] INFO  server.RaftServerConfigKeys (ConfUtils.java:logGet(44)) - raft.server.leaderelection.leader.step-down.wait-time = 10s (default)
2021-05-19 07:42:00,398 [pool-267-thread-1] INFO  server.RaftServerConfigKeys (ConfUtils.java:logGet(44)) - raft.server.sleep.deviation.threshold = 300ms (default)
2021-05-19 07:42:00,398 [pool-267-thread-1] INFO  server.RaftServerConfigKeys (ConfUtils.java:logGet(44)) - raft.server.log.appender.install.snapshot.enabled = false (custom)
2021-05-19 07:42:00,398 [pool-267-thread-1] INFO  server.RaftServer$Division (ServerState.java:<init>(105)) - a14714da-c87c-4361-b393-7e96cf422ed7@group-AC6A57830C75: ConfigurationManager, init=-1: [a14714da-c87c-4361-b393-7e96cf422ed7|rpc:172.17.0.2:45547|dataStream:|priority:0, 68d4f79f-8ed5-4598-b947-57f9bc979c0e|rpc:172.17.0.2:42729|dataStream:|priority:1, 8e81be81-8cf3-4cb2-af1f-2c1c9bc19b0e|rpc:172.17.0.2:41855|dataStream:|priority:0], old=null, confs=<EMPTY_MAP>
2021-05-19 07:42:00,398 [pool-267-thread-1] INFO  server.RaftServerConfigKeys (ConfUtils.java:logGet(44)) - raft.server.storage.dir = [/github/workspace/mnt/ozone/hadoop-ozone/integration-test/target/test-dir/MiniOzoneClusterImpl-952c9dfc-8967-4523-b06f-60d3bd5de2bf/datanode-2/data/ratis] (custom)
2021-05-19 07:42:00,398 [pool-267-thread-1] INFO  server.RaftServerConfigKeys (ConfUtils.java:logGet(44)) - raft.server.log.corruption.policy = EXCEPTION (default)
2021-05-19 07:42:00,398 [pool-267-thread-1] INFO  storage.RaftStorageDirectory (RaftStorageDirectoryImpl.java:analyzeStorage(132)) - The storage directory /github/workspace/mnt/ozone/hadoop-ozone/integration-test/target/test-dir/MiniOzoneClusterImpl-952c9dfc-8967-4523-b06f-60d3bd5de2bf/datanode-2/data/ratis/b2b3615b-70b0-4c95-a861-ac6a57830c75 does not exist. Creating ...
2021-05-19 07:42:00,400 [pool-267-thread-1] INFO  storage.RaftStorageDirectory (RaftStorageDirectoryImpl.java:tryLock(215)) - Lock on /github/workspace/mnt/ozone/hadoop-ozone/integration-test/target/test-dir/MiniOzoneClusterImpl-952c9dfc-8967-4523-b06f-60d3bd5de2bf/datanode-2/data/ratis/b2b3615b-70b0-4c95-a861-ac6a57830c75/in_use.lock acquired by nodename 16447@3974e5c036b4
2021-05-19 07:42:00,401 [pool-267-thread-1] INFO  storage.RaftStorage (RaftStorageImpl.java:format(87)) - Storage directory /github/workspace/mnt/ozone/hadoop-ozone/integration-test/target/test-dir/MiniOzoneClusterImpl-952c9dfc-8967-4523-b06f-60d3bd5de2bf/datanode-2/data/ratis/b2b3615b-70b0-4c95-a861-ac6a57830c75 has been successfully formatted.
2021-05-19 07:42:00,401 [pool-267-thread-1] INFO  ratis.ContainerStateMachine (ContainerStateMachine.java:loadSnapshot(224)) - group-AC6A57830C75: The snapshot info is null. Setting the last applied indexto:(t:0, i:~)
2021-05-19 07:42:00,401 [EventQueue-PipelineReportForOneReplicaPipelineSafeModeRule] INFO  safemode.SCMSafeModeManager (SCMSafeModeManager.java:validateSafeModeExitRules(201)) - AtleastOneDatanodeReportedRule rule is successfully validated
2021-05-19 07:42:00,402 [pool-267-thread-1] INFO  server.RaftServerConfigKeys (ConfUtils.java:logGet(44)) - raft.server.notification.no-leader.timeout = 300000ms (custom)
2021-05-19 07:42:00,402 [pool-267-thread-1] INFO  server.RaftServerConfigKeys (ConfUtils.java:logGet(44)) - raft.server.log.use.memory = false (default)
2021-05-19 07:42:00,402 [pool-267-thread-1] INFO  server.RaftServerConfigKeys (ConfUtils.java:logGet(44)) - raft.server.log.purge.gap = 1000000 (custom)
2021-05-19 07:42:00,402 [pool-267-thread-1] INFO  server.RaftServerConfigKeys (ConfUtils.java:logGet(44)) - raft.server.log.appender.buffer.byte-limit = 33554432 (custom)
2021-05-19 07:42:00,402 [pool-267-thread-1] INFO  metrics.RatisMetrics (RatisMetrics.java:lambda$create$0(36)) - Creating Metrics Registry : ratis.log_worker.a14714da-c87c-4361-b393-7e96cf422ed7@group-AC6A57830C75
2021-05-19 07:42:00,402 [pool-267-thread-1] INFO  server.RaftServerConfigKeys (ConfUtils.java:logGet(44)) - raft.server.log.segment.size.max = 1048576 (custom)
2021-05-19 07:42:00,403 [pool-267-thread-1] INFO  server.RaftServerConfigKeys (ConfUtils.java:logGet(44)) - raft.server.log.segment.cache.num.max = 2 (custom)
2021-05-19 07:42:00,403 [pool-267-thread-1] INFO  server.RaftServerConfigKeys (ConfUtils.java:logGet(44)) - raft.server.log.segment.cache.size.max = 200MB (=209715200) (default)
2021-05-19 07:42:00,403 [pool-267-thread-1] INFO  segmented.SegmentedRaftLogWorker (SegmentedRaftLogWorker.java:<init>(182)) - new a14714da-c87c-4361-b393-7e96cf422ed7@group-AC6A57830C75-SegmentedRaftLogWorker for RaftStorageImpl:Storage Directory /github/workspace/mnt/ozone/hadoop-ozone/integration-test/target/test-dir/MiniOzoneClusterImpl-952c9dfc-8967-4523-b06f-60d3bd5de2bf/datanode-2/data/ratis/b2b3615b-70b0-4c95-a861-ac6a57830c75
2021-05-19 07:42:00,403 [pool-267-thread-1] INFO  server.RaftServerConfigKeys (ConfUtils.java:logGet(44)) - raft.server.log.queue.byte-limit = 2147483647 (custom)
2021-05-19 07:42:00,403 [pool-267-thread-1] INFO  server.RaftServerConfigKeys (ConfUtils.java:logGet(44)) - raft.server.log.queue.element-limit = 1024 (custom)
2021-05-19 07:42:00,403 [pool-267-thread-1] INFO  server.RaftServerConfigKeys (ConfUtils.java:logGet(44)) - raft.server.log.segment.size.max = 1048576 (custom)
2021-05-19 07:42:00,403 [pool-267-thread-1] INFO  server.RaftServerConfigKeys (ConfUtils.java:logGet(44)) - raft.server.log.preallocated.size = 16384 (custom)
2021-05-19 07:42:00,403 [pool-267-thread-1] INFO  server.RaftServerConfigKeys (ConfUtils.java:logGet(44)) - raft.server.log.force.sync.num = 128 (default)
2021-05-19 07:42:00,403 [pool-267-thread-1] INFO  server.RaftServerConfigKeys (ConfUtils.java:logGet(44)) - raft.server.log.statemachine.data.sync = true (default)
2021-05-19 07:42:00,403 [pool-267-thread-1] INFO  server.RaftServerConfigKeys (ConfUtils.java:logGet(44)) - raft.server.log.statemachine.data.sync.timeout = 10s (default)
2021-05-19 07:42:00,403 [pool-267-thread-1] INFO  server.RaftServerConfigKeys (ConfUtils.java:logGet(44)) - raft.server.log.statemachine.data.sync.timeout.retry = -1 (default)
2021-05-19 07:42:00,404 [pool-267-thread-1] INFO  server.RaftServerConfigKeys (ConfUtils.java:logGet(44)) - raft.server.log.write.buffer.size = 1048576 (custom)
2021-05-19 07:42:00,405 [pool-267-thread-1] INFO  server.RaftServerConfigKeys (ConfUtils.java:logGet(44)) - raft.server.log.statemachine.data.caching.enabled = true (custom)
2021-05-19 07:42:00,405 [pool-267-thread-1] INFO  segmented.SegmentedRaftLogWorker (SegmentedRaftLogWorker.java:lambda$new$0(133)) - a14714da-c87c-4361-b393-7e96cf422ed7@group-AC6A57830C75-SegmentedRaftLogWorker: flushIndex: setUnconditionally 0 -> -1
2021-05-19 07:42:00,405 [pool-267-thread-1] INFO  segmented.SegmentedRaftLogWorker (SegmentedRaftLogWorker.java:lambda$new$0(133)) - a14714da-c87c-4361-b393-7e96cf422ed7@group-AC6A57830C75-SegmentedRaftLogWorker: safeCacheEvictIndex: setUnconditionally 0 -> -1
2021-05-19 07:42:00,406 [pool-267-thread-1] INFO  server.RaftServerConfigKeys (ConfUtils.java:logGet(44)) - raft.server.snapshot.auto.trigger.enabled = true (custom)
2021-05-19 07:42:00,406 [pool-267-thread-1] INFO  server.RaftServerConfigKeys (ConfUtils.java:logGet(44)) - raft.server.snapshot.auto.trigger.threshold = 10000 (custom)
2021-05-19 07:42:00,406 [pool-267-thread-1] INFO  server.RaftServerConfigKeys (ConfUtils.java:logGet(44)) - raft.server.snapshot.retention.file.num = 5 (custom)
2021-05-19 07:42:00,406 [pool-267-thread-1] INFO  server.RaftServerConfigKeys (ConfUtils.java:logGet(44)) - raft.server.log.purge.upto.snapshot.index = false (default)
2021-05-19 07:42:00,406 [pool-267-thread-1] INFO  server.RaftServerConfigKeys (ConfUtils.java:logGet(44)) - raft.server.retrycache.expirytime = 600000ms (custom)
2021-05-19 07:42:00,406 [pool-267-thread-1] INFO  server.RaftServerConfigKeys (ConfUtils.java:logGet(44)) - raft.server.retrycache.statistics.expirytime = 100?s (default)
2021-05-19 07:42:00,406 [pool-267-thread-1] INFO  metrics.RatisMetrics (RatisMetrics.java:lambda$create$0(36)) - Creating Metrics Registry : ratis.leader_election.a14714da-c87c-4361-b393-7e96cf422ed7@group-AC6A57830C75
2021-05-19 07:42:00,407 [pool-267-thread-1] INFO  metrics.RatisMetrics (RatisMetrics.java:lambda$create$0(36)) - Creating Metrics Registry : ratis.server.a14714da-c87c-4361-b393-7e96cf422ed7@group-AC6A57830C75
2021-05-19 07:42:00,407 [pool-267-thread-1] INFO  server.RaftServer$Division (RaftServerImpl.java:start(295)) - a14714da-c87c-4361-b393-7e96cf422ed7@group-AC6A57830C75: start as a follower, conf=-1: [a14714da-c87c-4361-b393-7e96cf422ed7|rpc:172.17.0.2:45547|dataStream:|priority:0, 68d4f79f-8ed5-4598-b947-57f9bc979c0e|rpc:172.17.0.2:42729|dataStream:|priority:1, 8e81be81-8cf3-4cb2-af1f-2c1c9bc19b0e|rpc:172.17.0.2:41855|dataStream:|priority:0], old=null
2021-05-19 07:42:00,408 [pool-267-thread-1] INFO  server.RaftServer$Division (RaftServerImpl.java:setRole(284)) - a14714da-c87c-4361-b393-7e96cf422ed7@group-AC6A57830C75: changes role from      null to FOLLOWER at term 0 for startAsFollower
2021-05-19 07:42:00,408 [pool-267-thread-1] INFO  impl.RoleInfo (RoleInfo.java:updateAndGet(130)) - a14714da-c87c-4361-b393-7e96cf422ed7: start a14714da-c87c-4361-b393-7e96cf422ed7@group-AC6A57830C75-FollowerState
2021-05-19 07:42:00,408 [pool-267-thread-1] INFO  util.JmxRegister (JmxRegister.java:tryRegister(44)) - Successfully registered JMX Bean with object name Ratis:service=RaftServer,group=group-AC6A57830C75,id=a14714da-c87c-4361-b393-7e96cf422ed7
2021-05-19 07:42:00,408 [pool-267-thread-1] INFO  metrics.RatisMetrics (RatisMetrics.java:lambda$create$0(36)) - Creating Metrics Registry : ratis.state_machine.a14714da-c87c-4361-b393-7e96cf422ed7@group-AC6A57830C75
2021-05-19 07:42:00,414 [Command processor thread] INFO  metrics.RatisMetrics (RatisMetrics.java:lambda$create$0(36)) - Creating Metrics Registry : ratis.client_message_metrics.client-ACA06FCC65AF->8e81be81-8cf3-4cb2-af1f-2c1c9bc19b0e
2021-05-19 07:42:00,418 [grpc-default-executor-3] INFO  server.RaftServer (RaftServerProxy.java:addNew(95)) - 8e81be81-8cf3-4cb2-af1f-2c1c9bc19b0e: addNew group-AC6A57830C75:[a14714da-c87c-4361-b393-7e96cf422ed7|rpc:172.17.0.2:45547|dataStream:|priority:0, 68d4f79f-8ed5-4598-b947-57f9bc979c0e|rpc:172.17.0.2:42729|dataStream:|priority:1, 8e81be81-8cf3-4cb2-af1f-2c1c9bc19b0e|rpc:172.17.0.2:41855|dataStream:|priority:0] returns group-AC6A57830C75:java.util.concurrent.CompletableFuture@2b04aab4[Not completed]
2021-05-19 07:42:00,419 [pool-249-thread-1] INFO  server.RaftServer$Division (RaftServerImpl.java:<init>(180)) - 8e81be81-8cf3-4cb2-af1f-2c1c9bc19b0e: new RaftServerImpl for group-AC6A57830C75:[a14714da-c87c-4361-b393-7e96cf422ed7|rpc:172.17.0.2:45547|dataStream:|priority:0, 68d4f79f-8ed5-4598-b947-57f9bc979c0e|rpc:172.17.0.2:42729|dataStream:|priority:1, 8e81be81-8cf3-4cb2-af1f-2c1c9bc19b0e|rpc:172.17.0.2:41855|dataStream:|priority:0] with ContainerStateMachine:uninitialized
2021-05-19 07:42:00,419 [pool-249-thread-1] INFO  server.RaftServerConfigKeys (ConfUtils.java:logGet(44)) - raft.server.rpc.timeout.min = 5s (custom)
2021-05-19 07:42:00,419 [pool-249-thread-1] INFO  server.RaftServerConfigKeys (ConfUtils.java:logGet(44)) - raft.server.rpc.timeout.max = 5200ms (custom)
2021-05-19 07:42:00,419 [pool-249-thread-1] INFO  server.RaftServerConfigKeys (ConfUtils.java:logGet(44)) - raft.server.rpc.sleep.time = 25ms (default)
2021-05-19 07:42:00,419 [pool-249-thread-1] INFO  server.RaftServerConfigKeys (ConfUtils.java:logGet(44)) - raft.server.rpc.slowness.timeout = 300000ms (custom)
2021-05-19 07:42:00,419 [pool-249-thread-1] INFO  server.RaftServerConfigKeys (ConfUtils.java:logGet(44)) - raft.server.leaderelection.leader.step-down.wait-time = 10s (default)
2021-05-19 07:42:00,419 [pool-249-thread-1] INFO  server.RaftServerConfigKeys (ConfUtils.java:logGet(44)) - raft.server.sleep.deviation.threshold = 300ms (default)
2021-05-19 07:42:00,419 [pool-249-thread-1] INFO  server.RaftServerConfigKeys (ConfUtils.java:logGet(44)) - raft.server.log.appender.install.snapshot.enabled = false (custom)
2021-05-19 07:42:00,419 [pool-249-thread-1] INFO  server.RaftServer$Division (ServerState.java:<init>(105)) - 8e81be81-8cf3-4cb2-af1f-2c1c9bc19b0e@group-AC6A57830C75: ConfigurationManager, init=-1: [a14714da-c87c-4361-b393-7e96cf422ed7|rpc:172.17.0.2:45547|dataStream:|priority:0, 68d4f79f-8ed5-4598-b947-57f9bc979c0e|rpc:172.17.0.2:42729|dataStream:|priority:1, 8e81be81-8cf3-4cb2-af1f-2c1c9bc19b0e|rpc:172.17.0.2:41855|dataStream:|priority:0], old=null, confs=<EMPTY_MAP>
2021-05-19 07:42:00,419 [pool-249-thread-1] INFO  server.RaftServerConfigKeys (ConfUtils.java:logGet(44)) - raft.server.storage.dir = [/github/workspace/mnt/ozone/hadoop-ozone/integration-test/target/test-dir/MiniOzoneClusterImpl-952c9dfc-8967-4523-b06f-60d3bd5de2bf/datanode-1/data/ratis] (custom)
2021-05-19 07:42:00,419 [pool-249-thread-1] INFO  server.RaftServerConfigKeys (ConfUtils.java:logGet(44)) - raft.server.log.corruption.policy = EXCEPTION (default)
2021-05-19 07:42:00,419 [pool-249-thread-1] INFO  storage.RaftStorageDirectory (RaftStorageDirectoryImpl.java:analyzeStorage(132)) - The storage directory /github/workspace/mnt/ozone/hadoop-ozone/integration-test/target/test-dir/MiniOzoneClusterImpl-952c9dfc-8967-4523-b06f-60d3bd5de2bf/datanode-1/data/ratis/b2b3615b-70b0-4c95-a861-ac6a57830c75 does not exist. Creating ...
2021-05-19 07:42:00,420 [pool-249-thread-1] INFO  storage.RaftStorageDirectory (RaftStorageDirectoryImpl.java:tryLock(215)) - Lock on /github/workspace/mnt/ozone/hadoop-ozone/integration-test/target/test-dir/MiniOzoneClusterImpl-952c9dfc-8967-4523-b06f-60d3bd5de2bf/datanode-1/data/ratis/b2b3615b-70b0-4c95-a861-ac6a57830c75/in_use.lock acquired by nodename 16447@3974e5c036b4
2021-05-19 07:42:00,421 [pool-249-thread-1] INFO  storage.RaftStorage (RaftStorageImpl.java:format(87)) - Storage directory /github/workspace/mnt/ozone/hadoop-ozone/integration-test/target/test-dir/MiniOzoneClusterImpl-952c9dfc-8967-4523-b06f-60d3bd5de2bf/datanode-1/data/ratis/b2b3615b-70b0-4c95-a861-ac6a57830c75 has been successfully formatted.
2021-05-19 07:42:00,422 [EventQueue-PipelineReportForOneReplicaPipelineSafeModeRule] INFO  safemode.SCMSafeModeManager (SCMSafeModeManager.java:validateSafeModeExitRules(201)) - AtleastOneDatanodeReportedRule rule is successfully validated
2021-05-19 07:42:00,423 [pool-249-thread-1] INFO  ratis.ContainerStateMachine (ContainerStateMachine.java:loadSnapshot(224)) - group-AC6A57830C75: The snapshot info is null. Setting the last applied indexto:(t:0, i:~)
2021-05-19 07:42:00,423 [pool-249-thread-1] INFO  server.RaftServerConfigKeys (ConfUtils.java:logGet(44)) - raft.server.notification.no-leader.timeout = 300000ms (custom)
2021-05-19 07:42:00,423 [pool-249-thread-1] INFO  server.RaftServerConfigKeys (ConfUtils.java:logGet(44)) - raft.server.log.use.memory = false (default)
2021-05-19 07:42:00,423 [pool-249-thread-1] INFO  server.RaftServerConfigKeys (ConfUtils.java:logGet(44)) - raft.server.log.purge.gap = 1000000 (custom)
2021-05-19 07:42:00,423 [pool-249-thread-1] INFO  server.RaftServerConfigKeys (ConfUtils.java:logGet(44)) - raft.server.log.appender.buffer.byte-limit = 33554432 (custom)
2021-05-19 07:42:00,423 [pool-249-thread-1] INFO  metrics.RatisMetrics (RatisMetrics.java:lambda$create$0(36)) - Creating Metrics Registry : ratis.log_worker.8e81be81-8cf3-4cb2-af1f-2c1c9bc19b0e@group-AC6A57830C75
2021-05-19 07:42:00,423 [pool-249-thread-1] INFO  server.RaftServerConfigKeys (ConfUtils.java:logGet(44)) - raft.server.log.segment.size.max = 1048576 (custom)
2021-05-19 07:42:00,424 [pool-249-thread-1] INFO  server.RaftServerConfigKeys (ConfUtils.java:logGet(44)) - raft.server.log.segment.cache.num.max = 2 (custom)
2021-05-19 07:42:00,424 [pool-249-thread-1] INFO  server.RaftServerConfigKeys (ConfUtils.java:logGet(44)) - raft.server.log.segment.cache.size.max = 200MB (=209715200) (default)
2021-05-19 07:42:00,424 [pool-249-thread-1] INFO  segmented.SegmentedRaftLogWorker (SegmentedRaftLogWorker.java:<init>(182)) - new 8e81be81-8cf3-4cb2-af1f-2c1c9bc19b0e@group-AC6A57830C75-SegmentedRaftLogWorker for RaftStorageImpl:Storage Directory /github/workspace/mnt/ozone/hadoop-ozone/integration-test/target/test-dir/MiniOzoneClusterImpl-952c9dfc-8967-4523-b06f-60d3bd5de2bf/datanode-1/data/ratis/b2b3615b-70b0-4c95-a861-ac6a57830c75
2021-05-19 07:42:00,424 [pool-249-thread-1] INFO  server.RaftServerConfigKeys (ConfUtils.java:logGet(44)) - raft.server.log.queue.byte-limit = 2147483647 (custom)
2021-05-19 07:42:00,424 [pool-249-thread-1] INFO  server.RaftServerConfigKeys (ConfUtils.java:logGet(44)) - raft.server.log.queue.element-limit = 1024 (custom)
2021-05-19 07:42:00,424 [pool-249-thread-1] INFO  server.RaftServerConfigKeys (ConfUtils.java:logGet(44)) - raft.server.log.segment.size.max = 1048576 (custom)
2021-05-19 07:42:00,424 [pool-249-thread-1] INFO  server.RaftServerConfigKeys (ConfUtils.java:logGet(44)) - raft.server.log.preallocated.size = 16384 (custom)
2021-05-19 07:42:00,424 [pool-249-thread-1] INFO  server.RaftServerConfigKeys (ConfUtils.java:logGet(44)) - raft.server.log.force.sync.num = 128 (default)
2021-05-19 07:42:00,424 [pool-249-thread-1] INFO  server.RaftServerConfigKeys (ConfUtils.java:logGet(44)) - raft.server.log.statemachine.data.sync = true (default)
2021-05-19 07:42:00,424 [pool-249-thread-1] INFO  server.RaftServerConfigKeys (ConfUtils.java:logGet(44)) - raft.server.log.statemachine.data.sync.timeout = 10s (default)
2021-05-19 07:42:00,424 [pool-249-thread-1] INFO  server.RaftServerConfigKeys (ConfUtils.java:logGet(44)) - raft.server.log.statemachine.data.sync.timeout.retry = -1 (default)
2021-05-19 07:42:00,425 [pool-249-thread-1] INFO  server.RaftServerConfigKeys (ConfUtils.java:logGet(44)) - raft.server.log.write.buffer.size = 1048576 (custom)
2021-05-19 07:42:00,426 [pool-249-thread-1] INFO  server.RaftServerConfigKeys (ConfUtils.java:logGet(44)) - raft.server.log.statemachine.data.caching.enabled = true (custom)
2021-05-19 07:42:00,426 [pool-249-thread-1] INFO  segmented.SegmentedRaftLogWorker (SegmentedRaftLogWorker.java:lambda$new$0(133)) - 8e81be81-8cf3-4cb2-af1f-2c1c9bc19b0e@group-AC6A57830C75-SegmentedRaftLogWorker: flushIndex: setUnconditionally 0 -> -1
2021-05-19 07:42:00,426 [pool-249-thread-1] INFO  segmented.SegmentedRaftLogWorker (SegmentedRaftLogWorker.java:lambda$new$0(133)) - 8e81be81-8cf3-4cb2-af1f-2c1c9bc19b0e@group-AC6A57830C75-SegmentedRaftLogWorker: safeCacheEvictIndex: setUnconditionally 0 -> -1
2021-05-19 07:42:00,427 [pool-249-thread-1] INFO  server.RaftServerConfigKeys (ConfUtils.java:logGet(44)) - raft.server.snapshot.auto.trigger.enabled = true (custom)
2021-05-19 07:42:00,427 [pool-249-thread-1] INFO  server.RaftServerConfigKeys (ConfUtils.java:logGet(44)) - raft.server.snapshot.auto.trigger.threshold = 10000 (custom)
2021-05-19 07:42:00,427 [pool-249-thread-1] INFO  server.RaftServerConfigKeys (ConfUtils.java:logGet(44)) - raft.server.snapshot.retention.file.num = 5 (custom)
2021-05-19 07:42:00,427 [pool-249-thread-1] INFO  server.RaftServerConfigKeys (ConfUtils.java:logGet(44)) - raft.server.log.purge.upto.snapshot.index = false (default)
2021-05-19 07:42:00,427 [pool-249-thread-1] INFO  server.RaftServerConfigKeys (ConfUtils.java:logGet(44)) - raft.server.retrycache.expirytime = 600000ms (custom)
2021-05-19 07:42:00,427 [pool-249-thread-1] INFO  server.RaftServerConfigKeys (ConfUtils.java:logGet(44)) - raft.server.retrycache.statistics.expirytime = 100?s (default)
2021-05-19 07:42:00,427 [pool-249-thread-1] INFO  metrics.RatisMetrics (RatisMetrics.java:lambda$create$0(36)) - Creating Metrics Registry : ratis.leader_election.8e81be81-8cf3-4cb2-af1f-2c1c9bc19b0e@group-AC6A57830C75
2021-05-19 07:42:00,427 [pool-249-thread-1] INFO  metrics.RatisMetrics (RatisMetrics.java:lambda$create$0(36)) - Creating Metrics Registry : ratis.server.8e81be81-8cf3-4cb2-af1f-2c1c9bc19b0e@group-AC6A57830C75
2021-05-19 07:42:00,428 [pool-249-thread-1] INFO  server.RaftServer$Division (RaftServerImpl.java:start(295)) - 8e81be81-8cf3-4cb2-af1f-2c1c9bc19b0e@group-AC6A57830C75: start as a follower, conf=-1: [a14714da-c87c-4361-b393-7e96cf422ed7|rpc:172.17.0.2:45547|dataStream:|priority:0, 68d4f79f-8ed5-4598-b947-57f9bc979c0e|rpc:172.17.0.2:42729|dataStream:|priority:1, 8e81be81-8cf3-4cb2-af1f-2c1c9bc19b0e|rpc:172.17.0.2:41855|dataStream:|priority:0], old=null
2021-05-19 07:42:00,428 [pool-249-thread-1] INFO  server.RaftServer$Division (RaftServerImpl.java:setRole(284)) - 8e81be81-8cf3-4cb2-af1f-2c1c9bc19b0e@group-AC6A57830C75: changes role from      null to FOLLOWER at term 0 for startAsFollower
2021-05-19 07:42:00,428 [pool-249-thread-1] INFO  impl.RoleInfo (RoleInfo.java:updateAndGet(130)) - 8e81be81-8cf3-4cb2-af1f-2c1c9bc19b0e: start 8e81be81-8cf3-4cb2-af1f-2c1c9bc19b0e@group-AC6A57830C75-FollowerState
2021-05-19 07:42:00,428 [pool-249-thread-1] INFO  util.JmxRegister (JmxRegister.java:tryRegister(44)) - Successfully registered JMX Bean with object name Ratis:service=RaftServer,group=group-AC6A57830C75,id=8e81be81-8cf3-4cb2-af1f-2c1c9bc19b0e
2021-05-19 07:42:00,429 [pool-249-thread-1] INFO  metrics.RatisMetrics (RatisMetrics.java:lambda$create$0(36)) - Creating Metrics Registry : ratis.state_machine.8e81be81-8cf3-4cb2-af1f-2c1c9bc19b0e@group-AC6A57830C75
2021-05-19 07:42:00,436 [Command processor thread] INFO  commandhandler.CreatePipelineCommandHandler (CreatePipelineCommandHandler.java:handle(106)) - Created Pipeline RATIS THREE PipelineID=b2b3615b-70b0-4c95-a861-ac6a57830c75.
2021-05-19 07:42:00,436 [Command processor thread] INFO  server.RaftServer (RaftServerProxy.java:addNew(95)) - 68d4f79f-8ed5-4598-b947-57f9bc979c0e: addNew group-76E48770978D:[a14714da-c87c-4361-b393-7e96cf422ed7|rpc:172.17.0.2:45547|priority:0, 68d4f79f-8ed5-4598-b947-57f9bc979c0e|rpc:172.17.0.2:42729|priority:0, 8e81be81-8cf3-4cb2-af1f-2c1c9bc19b0e|rpc:172.17.0.2:41855|priority:1] returns group-76E48770978D:java.util.concurrent.CompletableFuture@3a68c03b[Not completed]
2021-05-19 07:42:00,437 [pool-231-thread-1] INFO  server.RaftServer$Division (RaftServerImpl.java:<init>(180)) - 68d4f79f-8ed5-4598-b947-57f9bc979c0e: new RaftServerImpl for group-76E48770978D:[a14714da-c87c-4361-b393-7e96cf422ed7|rpc:172.17.0.2:45547|priority:0, 68d4f79f-8ed5-4598-b947-57f9bc979c0e|rpc:172.17.0.2:42729|priority:0, 8e81be81-8cf3-4cb2-af1f-2c1c9bc19b0e|rpc:172.17.0.2:41855|priority:1] with ContainerStateMachine:uninitialized
2021-05-19 07:42:00,437 [pool-231-thread-1] INFO  server.RaftServerConfigKeys (ConfUtils.java:logGet(44)) - raft.server.rpc.timeout.min = 5s (custom)
2021-05-19 07:42:00,437 [pool-231-thread-1] INFO  server.RaftServerConfigKeys (ConfUtils.java:logGet(44)) - raft.server.rpc.timeout.max = 5200ms (custom)
2021-05-19 07:42:00,437 [pool-231-thread-1] INFO  server.RaftServerConfigKeys (ConfUtils.java:logGet(44)) - raft.server.rpc.sleep.time = 25ms (default)
2021-05-19 07:42:00,437 [pool-231-thread-1] INFO  server.RaftServerConfigKeys (ConfUtils.java:logGet(44)) - raft.server.rpc.slowness.timeout = 300000ms (custom)
2021-05-19 07:42:00,437 [pool-231-thread-1] INFO  server.RaftServerConfigKeys (ConfUtils.java:logGet(44)) - raft.server.leaderelection.leader.step-down.wait-time = 10s (default)
2021-05-19 07:42:00,437 [pool-231-thread-1] INFO  server.RaftServerConfigKeys (ConfUtils.java:logGet(44)) - raft.server.sleep.deviation.threshold = 300ms (default)
2021-05-19 07:42:00,437 [pool-231-thread-1] INFO  server.RaftServerConfigKeys (ConfUtils.java:logGet(44)) - raft.server.log.appender.install.snapshot.enabled = false (custom)
2021-05-19 07:42:00,437 [pool-231-thread-1] INFO  server.RaftServer$Division (ServerState.java:<init>(105)) - 68d4f79f-8ed5-4598-b947-57f9bc979c0e@group-76E48770978D: ConfigurationManager, init=-1: [a14714da-c87c-4361-b393-7e96cf422ed7|rpc:172.17.0.2:45547|priority:0, 68d4f79f-8ed5-4598-b947-57f9bc979c0e|rpc:172.17.0.2:42729|priority:0, 8e81be81-8cf3-4cb2-af1f-2c1c9bc19b0e|rpc:172.17.0.2:41855|priority:1], old=null, confs=<EMPTY_MAP>
2021-05-19 07:42:00,438 [pool-231-thread-1] INFO  server.RaftServerConfigKeys (ConfUtils.java:logGet(44)) - raft.server.storage.dir = [/github/workspace/mnt/ozone/hadoop-ozone/integration-test/target/test-dir/MiniOzoneClusterImpl-952c9dfc-8967-4523-b06f-60d3bd5de2bf/datanode-0/data/ratis] (custom)
2021-05-19 07:42:00,438 [pool-231-thread-1] INFO  server.RaftServerConfigKeys (ConfUtils.java:logGet(44)) - raft.server.log.corruption.policy = EXCEPTION (default)
2021-05-19 07:42:00,438 [pool-231-thread-1] INFO  storage.RaftStorageDirectory (RaftStorageDirectoryImpl.java:analyzeStorage(132)) - The storage directory /github/workspace/mnt/ozone/hadoop-ozone/integration-test/target/test-dir/MiniOzoneClusterImpl-952c9dfc-8967-4523-b06f-60d3bd5de2bf/datanode-0/data/ratis/90d79207-282c-4ddc-b3c9-76e48770978d does not exist. Creating ...
2021-05-19 07:42:00,439 [pool-231-thread-1] INFO  storage.RaftStorageDirectory (RaftStorageDirectoryImpl.java:tryLock(215)) - Lock on /github/workspace/mnt/ozone/hadoop-ozone/integration-test/target/test-dir/MiniOzoneClusterImpl-952c9dfc-8967-4523-b06f-60d3bd5de2bf/datanode-0/data/ratis/90d79207-282c-4ddc-b3c9-76e48770978d/in_use.lock acquired by nodename 16447@3974e5c036b4
2021-05-19 07:42:00,441 [pool-231-thread-1] INFO  storage.RaftStorage (RaftStorageImpl.java:format(87)) - Storage directory /github/workspace/mnt/ozone/hadoop-ozone/integration-test/target/test-dir/MiniOzoneClusterImpl-952c9dfc-8967-4523-b06f-60d3bd5de2bf/datanode-0/data/ratis/90d79207-282c-4ddc-b3c9-76e48770978d has been successfully formatted.
2021-05-19 07:42:00,441 [pool-231-thread-1] INFO  ratis.ContainerStateMachine (ContainerStateMachine.java:loadSnapshot(224)) - group-76E48770978D: The snapshot info is null. Setting the last applied indexto:(t:0, i:~)
2021-05-19 07:42:00,441 [pool-231-thread-1] INFO  server.RaftServerConfigKeys (ConfUtils.java:logGet(44)) - raft.server.notification.no-leader.timeout = 300000ms (custom)
2021-05-19 07:42:00,442 [EventQueue-PipelineReportForOneReplicaPipelineSafeModeRule] INFO  safemode.SCMSafeModeManager (SCMSafeModeManager.java:validateSafeModeExitRules(201)) - AtleastOneDatanodeReportedRule rule is successfully validated
2021-05-19 07:42:00,442 [pool-231-thread-1] INFO  server.RaftServerConfigKeys (ConfUtils.java:logGet(44)) - raft.server.log.use.memory = false (default)
2021-05-19 07:42:00,442 [EventQueue-OpenPipelineForHealthyPipelineSafeModeRule] INFO  safemode.SCMSafeModeManager (HealthyPipelineSafeModeRule.java:process(130)) - SCM in safe mode. Healthy pipelines reported count is 0, required healthy pipeline reported count is 1
2021-05-19 07:42:00,442 [pool-231-thread-1] INFO  server.RaftServerConfigKeys (ConfUtils.java:logGet(44)) - raft.server.log.purge.gap = 1000000 (custom)
2021-05-19 07:42:00,442 [pool-231-thread-1] INFO  server.RaftServerConfigKeys (ConfUtils.java:logGet(44)) - raft.server.log.appender.buffer.byte-limit = 33554432 (custom)
2021-05-19 07:42:00,442 [pool-231-thread-1] INFO  metrics.RatisMetrics (RatisMetrics.java:lambda$create$0(36)) - Creating Metrics Registry : ratis.log_worker.68d4f79f-8ed5-4598-b947-57f9bc979c0e@group-76E48770978D
2021-05-19 07:42:00,442 [pool-231-thread-1] INFO  server.RaftServerConfigKeys (ConfUtils.java:logGet(44)) - raft.server.log.segment.size.max = 1048576 (custom)
2021-05-19 07:42:00,443 [pool-231-thread-1] INFO  server.RaftServerConfigKeys (ConfUtils.java:logGet(44)) - raft.server.log.segment.cache.num.max = 2 (custom)
2021-05-19 07:42:00,443 [pool-231-thread-1] INFO  server.RaftServerConfigKeys (ConfUtils.java:logGet(44)) - raft.server.log.segment.cache.size.max = 200MB (=209715200) (default)
2021-05-19 07:42:00,443 [pool-231-thread-1] INFO  segmented.SegmentedRaftLogWorker (SegmentedRaftLogWorker.java:<init>(182)) - new 68d4f79f-8ed5-4598-b947-57f9bc979c0e@group-76E48770978D-SegmentedRaftLogWorker for RaftStorageImpl:Storage Directory /github/workspace/mnt/ozone/hadoop-ozone/integration-test/target/test-dir/MiniOzoneClusterImpl-952c9dfc-8967-4523-b06f-60d3bd5de2bf/datanode-0/data/ratis/90d79207-282c-4ddc-b3c9-76e48770978d
2021-05-19 07:42:00,443 [pool-231-thread-1] INFO  server.RaftServerConfigKeys (ConfUtils.java:logGet(44)) - raft.server.log.queue.byte-limit = 2147483647 (custom)
2021-05-19 07:42:00,443 [pool-231-thread-1] INFO  server.RaftServerConfigKeys (ConfUtils.java:logGet(44)) - raft.server.log.queue.element-limit = 1024 (custom)
2021-05-19 07:42:00,443 [pool-231-thread-1] INFO  server.RaftServerConfigKeys (ConfUtils.java:logGet(44)) - raft.server.log.segment.size.max = 1048576 (custom)
2021-05-19 07:42:00,443 [pool-231-thread-1] INFO  server.RaftServerConfigKeys (ConfUtils.java:logGet(44)) - raft.server.log.preallocated.size = 16384 (custom)
2021-05-19 07:42:00,444 [pool-231-thread-1] INFO  server.RaftServerConfigKeys (ConfUtils.java:logGet(44)) - raft.server.log.force.sync.num = 128 (default)
2021-05-19 07:42:00,444 [pool-231-thread-1] INFO  server.RaftServerConfigKeys (ConfUtils.java:logGet(44)) - raft.server.log.statemachine.data.sync = true (default)
2021-05-19 07:42:00,444 [pool-231-thread-1] INFO  server.RaftServerConfigKeys (ConfUtils.java:logGet(44)) - raft.server.log.statemachine.data.sync.timeout = 10s (default)
2021-05-19 07:42:00,444 [pool-231-thread-1] INFO  server.RaftServerConfigKeys (ConfUtils.java:logGet(44)) - raft.server.log.statemachine.data.sync.timeout.retry = -1 (default)
2021-05-19 07:42:00,445 [pool-231-thread-1] INFO  server.RaftServerConfigKeys (ConfUtils.java:logGet(44)) - raft.server.log.write.buffer.size = 1048576 (custom)
2021-05-19 07:42:00,446 [pool-231-thread-1] INFO  server.RaftServerConfigKeys (ConfUtils.java:logGet(44)) - raft.server.log.statemachine.data.caching.enabled = true (custom)
2021-05-19 07:42:00,447 [pool-231-thread-1] INFO  segmented.SegmentedRaftLogWorker (SegmentedRaftLogWorker.java:lambda$new$0(133)) - 68d4f79f-8ed5-4598-b947-57f9bc979c0e@group-76E48770978D-SegmentedRaftLogWorker: flushIndex: setUnconditionally 0 -> -1
2021-05-19 07:42:00,447 [pool-231-thread-1] INFO  segmented.SegmentedRaftLogWorker (SegmentedRaftLogWorker.java:lambda$new$0(133)) - 68d4f79f-8ed5-4598-b947-57f9bc979c0e@group-76E48770978D-SegmentedRaftLogWorker: safeCacheEvictIndex: setUnconditionally 0 -> -1
2021-05-19 07:42:00,447 [pool-231-thread-1] INFO  server.RaftServerConfigKeys (ConfUtils.java:logGet(44)) - raft.server.snapshot.auto.trigger.enabled = true (custom)
2021-05-19 07:42:00,447 [pool-231-thread-1] INFO  server.RaftServerConfigKeys (ConfUtils.java:logGet(44)) - raft.server.snapshot.auto.trigger.threshold = 10000 (custom)
2021-05-19 07:42:00,447 [pool-231-thread-1] INFO  server.RaftServerConfigKeys (ConfUtils.java:logGet(44)) - raft.server.snapshot.retention.file.num = 5 (custom)
2021-05-19 07:42:00,447 [pool-231-thread-1] INFO  server.RaftServerConfigKeys (ConfUtils.java:logGet(44)) - raft.server.log.purge.upto.snapshot.index = false (default)
2021-05-19 07:42:00,447 [pool-231-thread-1] INFO  server.RaftServerConfigKeys (ConfUtils.java:logGet(44)) - raft.server.retrycache.expirytime = 600000ms (custom)
2021-05-19 07:42:00,447 [pool-231-thread-1] INFO  server.RaftServerConfigKeys (ConfUtils.java:logGet(44)) - raft.server.retrycache.statistics.expirytime = 100?s (default)
2021-05-19 07:42:00,447 [pool-231-thread-1] INFO  metrics.RatisMetrics (RatisMetrics.java:lambda$create$0(36)) - Creating Metrics Registry : ratis.leader_election.68d4f79f-8ed5-4598-b947-57f9bc979c0e@group-76E48770978D
2021-05-19 07:42:00,448 [pool-231-thread-1] INFO  metrics.RatisMetrics (RatisMetrics.java:lambda$create$0(36)) - Creating Metrics Registry : ratis.server.68d4f79f-8ed5-4598-b947-57f9bc979c0e@group-76E48770978D
2021-05-19 07:42:00,448 [pool-231-thread-1] INFO  server.RaftServer$Division (RaftServerImpl.java:start(295)) - 68d4f79f-8ed5-4598-b947-57f9bc979c0e@group-76E48770978D: start as a follower, conf=-1: [a14714da-c87c-4361-b393-7e96cf422ed7|rpc:172.17.0.2:45547|priority:0, 68d4f79f-8ed5-4598-b947-57f9bc979c0e|rpc:172.17.0.2:42729|priority:0, 8e81be81-8cf3-4cb2-af1f-2c1c9bc19b0e|rpc:172.17.0.2:41855|priority:1], old=null
2021-05-19 07:42:00,448 [pool-231-thread-1] INFO  server.RaftServer$Division (RaftServerImpl.java:setRole(284)) - 68d4f79f-8ed5-4598-b947-57f9bc979c0e@group-76E48770978D: changes role from      null to FOLLOWER at term 0 for startAsFollower
2021-05-19 07:42:00,448 [pool-231-thread-1] INFO  impl.RoleInfo (RoleInfo.java:updateAndGet(130)) - 68d4f79f-8ed5-4598-b947-57f9bc979c0e: start 68d4f79f-8ed5-4598-b947-57f9bc979c0e@group-76E48770978D-FollowerState
2021-05-19 07:42:00,449 [pool-231-thread-1] INFO  util.JmxRegister (JmxRegister.java:tryRegister(44)) - Successfully registered JMX Bean with object name Ratis:service=RaftServer,group=group-76E48770978D,id=68d4f79f-8ed5-4598-b947-57f9bc979c0e
2021-05-19 07:42:00,449 [pool-231-thread-1] INFO  metrics.RatisMetrics (RatisMetrics.java:lambda$create$0(36)) - Creating Metrics Registry : ratis.state_machine.68d4f79f-8ed5-4598-b947-57f9bc979c0e@group-76E48770978D
2021-05-19 07:42:00,449 [Command processor thread] INFO  ratis.XceiverServerRatis (XceiverServerRatis.java:addGroup(808)) - Created group PipelineID=90d79207-282c-4ddc-b3c9-76e48770978d
2021-05-19 07:42:00,450 [Command processor thread] INFO  metrics.RatisMetrics (RatisMetrics.java:lambda$create$0(36)) - Creating Metrics Registry : ratis.client_message_metrics.client-03C21C3B0544->8e81be81-8cf3-4cb2-af1f-2c1c9bc19b0e
2021-05-19 07:42:00,457 [grpc-default-executor-3] INFO  server.RaftServer (RaftServerProxy.java:addNew(95)) - 8e81be81-8cf3-4cb2-af1f-2c1c9bc19b0e: addNew group-76E48770978D:[a14714da-c87c-4361-b393-7e96cf422ed7|rpc:172.17.0.2:45547|dataStream:|priority:0, 68d4f79f-8ed5-4598-b947-57f9bc979c0e|rpc:172.17.0.2:42729|dataStream:|priority:0, 8e81be81-8cf3-4cb2-af1f-2c1c9bc19b0e|rpc:172.17.0.2:41855|dataStream:|priority:1] returns group-76E48770978D:java.util.concurrent.CompletableFuture@88f97e7[Not completed]
2021-05-19 07:42:00,458 [pool-249-thread-1] INFO  server.RaftServer$Division (RaftServerImpl.java:<init>(180)) - 8e81be81-8cf3-4cb2-af1f-2c1c9bc19b0e: new RaftServerImpl for group-76E48770978D:[a14714da-c87c-4361-b393-7e96cf422ed7|rpc:172.17.0.2:45547|dataStream:|priority:0, 68d4f79f-8ed5-4598-b947-57f9bc979c0e|rpc:172.17.0.2:42729|dataStream:|priority:0, 8e81be81-8cf3-4cb2-af1f-2c1c9bc19b0e|rpc:172.17.0.2:41855|dataStream:|priority:1] with ContainerStateMachine:uninitialized
2021-05-19 07:42:00,458 [pool-249-thread-1] INFO  server.RaftServerConfigKeys (ConfUtils.java:logGet(44)) - raft.server.rpc.timeout.min = 5s (custom)
2021-05-19 07:42:00,458 [pool-249-thread-1] INFO  server.RaftServerConfigKeys (ConfUtils.java:logGet(44)) - raft.server.rpc.timeout.max = 5200ms (custom)
2021-05-19 07:42:00,458 [pool-249-thread-1] INFO  server.RaftServerConfigKeys (ConfUtils.java:logGet(44)) - raft.server.rpc.sleep.time = 25ms (default)
2021-05-19 07:42:00,458 [pool-249-thread-1] INFO  server.RaftServerConfigKeys (ConfUtils.java:logGet(44)) - raft.server.rpc.slowness.timeout = 300000ms (custom)
2021-05-19 07:42:00,458 [pool-249-thread-1] INFO  server.RaftServerConfigKeys (ConfUtils.java:logGet(44)) - raft.server.leaderelection.leader.step-down.wait-time = 10s (default)
2021-05-19 07:42:00,458 [pool-249-thread-1] INFO  server.RaftServerConfigKeys (ConfUtils.java:logGet(44)) - raft.server.sleep.deviation.threshold = 300ms (default)
2021-05-19 07:42:00,458 [pool-249-thread-1] INFO  server.RaftServerConfigKeys (ConfUtils.java:logGet(44)) - raft.server.log.appender.install.snapshot.enabled = false (custom)
2021-05-19 07:42:00,458 [pool-249-thread-1] INFO  server.RaftServer$Division (ServerState.java:<init>(105)) - 8e81be81-8cf3-4cb2-af1f-2c1c9bc19b0e@group-76E48770978D: ConfigurationManager, init=-1: [a14714da-c87c-4361-b393-7e96cf422ed7|rpc:172.17.0.2:45547|dataStream:|priority:0, 68d4f79f-8ed5-4598-b947-57f9bc979c0e|rpc:172.17.0.2:42729|dataStream:|priority:0, 8e81be81-8cf3-4cb2-af1f-2c1c9bc19b0e|rpc:172.17.0.2:41855|dataStream:|priority:1], old=null, confs=<EMPTY_MAP>
2021-05-19 07:42:00,458 [pool-249-thread-1] INFO  server.RaftServerConfigKeys (ConfUtils.java:logGet(44)) - raft.server.storage.dir = [/github/workspace/mnt/ozone/hadoop-ozone/integration-test/target/test-dir/MiniOzoneClusterImpl-952c9dfc-8967-4523-b06f-60d3bd5de2bf/datanode-1/data/ratis] (custom)
2021-05-19 07:42:00,458 [pool-249-thread-1] INFO  server.RaftServerConfigKeys (ConfUtils.java:logGet(44)) - raft.server.log.corruption.policy = EXCEPTION (default)
2021-05-19 07:42:00,458 [pool-249-thread-1] INFO  storage.RaftStorageDirectory (RaftStorageDirectoryImpl.java:analyzeStorage(132)) - The storage directory /github/workspace/mnt/ozone/hadoop-ozone/integration-test/target/test-dir/MiniOzoneClusterImpl-952c9dfc-8967-4523-b06f-60d3bd5de2bf/datanode-1/data/ratis/90d79207-282c-4ddc-b3c9-76e48770978d does not exist. Creating ...
2021-05-19 07:42:00,459 [pool-249-thread-1] INFO  storage.RaftStorageDirectory (RaftStorageDirectoryImpl.java:tryLock(215)) - Lock on /github/workspace/mnt/ozone/hadoop-ozone/integration-test/target/test-dir/MiniOzoneClusterImpl-952c9dfc-8967-4523-b06f-60d3bd5de2bf/datanode-1/data/ratis/90d79207-282c-4ddc-b3c9-76e48770978d/in_use.lock acquired by nodename 16447@3974e5c036b4
2021-05-19 07:42:00,460 [pool-249-thread-1] INFO  storage.RaftStorage (RaftStorageImpl.java:format(87)) - Storage directory /github/workspace/mnt/ozone/hadoop-ozone/integration-test/target/test-dir/MiniOzoneClusterImpl-952c9dfc-8967-4523-b06f-60d3bd5de2bf/datanode-1/data/ratis/90d79207-282c-4ddc-b3c9-76e48770978d has been successfully formatted.
2021-05-19 07:42:00,460 [pool-249-thread-1] INFO  ratis.ContainerStateMachine (ContainerStateMachine.java:loadSnapshot(224)) - group-76E48770978D: The snapshot info is null. Setting the last applied indexto:(t:0, i:~)
2021-05-19 07:42:00,461 [pool-249-thread-1] INFO  server.RaftServerConfigKeys (ConfUtils.java:logGet(44)) - raft.server.notification.no-leader.timeout = 300000ms (custom)
2021-05-19 07:42:00,461 [pool-249-thread-1] INFO  server.RaftServerConfigKeys (ConfUtils.java:logGet(44)) - raft.server.log.use.memory = false (default)
2021-05-19 07:42:00,461 [EventQueue-PipelineReportForOneReplicaPipelineSafeModeRule] INFO  safemode.SCMSafeModeManager (SCMSafeModeManager.java:validateSafeModeExitRules(201)) - AtleastOneDatanodeReportedRule rule is successfully validated
2021-05-19 07:42:00,461 [pool-249-thread-1] INFO  server.RaftServerConfigKeys (ConfUtils.java:logGet(44)) - raft.server.log.purge.gap = 1000000 (custom)
2021-05-19 07:42:00,462 [pool-249-thread-1] INFO  server.RaftServerConfigKeys (ConfUtils.java:logGet(44)) - raft.server.log.appender.buffer.byte-limit = 33554432 (custom)
2021-05-19 07:42:00,462 [pool-249-thread-1] INFO  metrics.RatisMetrics (RatisMetrics.java:lambda$create$0(36)) - Creating Metrics Registry : ratis.log_worker.8e81be81-8cf3-4cb2-af1f-2c1c9bc19b0e@group-76E48770978D
2021-05-19 07:42:00,462 [pool-249-thread-1] INFO  server.RaftServerConfigKeys (ConfUtils.java:logGet(44)) - raft.server.log.segment.size.max = 1048576 (custom)
2021-05-19 07:42:00,462 [pool-249-thread-1] INFO  server.RaftServerConfigKeys (ConfUtils.java:logGet(44)) - raft.server.log.segment.cache.num.max = 2 (custom)
2021-05-19 07:42:00,462 [pool-249-thread-1] INFO  server.RaftServerConfigKeys (ConfUtils.java:logGet(44)) - raft.server.log.segment.cache.size.max = 200MB (=209715200) (default)
2021-05-19 07:42:00,462 [pool-249-thread-1] INFO  segmented.SegmentedRaftLogWorker (SegmentedRaftLogWorker.java:<init>(182)) - new 8e81be81-8cf3-4cb2-af1f-2c1c9bc19b0e@group-76E48770978D-SegmentedRaftLogWorker for RaftStorageImpl:Storage Directory /github/workspace/mnt/ozone/hadoop-ozone/integration-test/target/test-dir/MiniOzoneClusterImpl-952c9dfc-8967-4523-b06f-60d3bd5de2bf/datanode-1/data/ratis/90d79207-282c-4ddc-b3c9-76e48770978d
2021-05-19 07:42:00,462 [pool-249-thread-1] INFO  server.RaftServerConfigKeys (ConfUtils.java:logGet(44)) - raft.server.log.queue.byte-limit = 2147483647 (custom)
2021-05-19 07:42:00,462 [pool-249-thread-1] INFO  server.RaftServerConfigKeys (ConfUtils.java:logGet(44)) - raft.server.log.queue.element-limit = 1024 (custom)
2021-05-19 07:42:00,462 [pool-249-thread-1] INFO  server.RaftServerConfigKeys (ConfUtils.java:logGet(44)) - raft.server.log.segment.size.max = 1048576 (custom)
2021-05-19 07:42:00,462 [pool-249-thread-1] INFO  server.RaftServerConfigKeys (ConfUtils.java:logGet(44)) - raft.server.log.preallocated.size = 16384 (custom)
2021-05-19 07:42:00,462 [pool-249-thread-1] INFO  server.RaftServerConfigKeys (ConfUtils.java:logGet(44)) - raft.server.log.force.sync.num = 128 (default)
2021-05-19 07:42:00,462 [pool-249-thread-1] INFO  server.RaftServerConfigKeys (ConfUtils.java:logGet(44)) - raft.server.log.statemachine.data.sync = true (default)
2021-05-19 07:42:00,463 [pool-249-thread-1] INFO  server.RaftServerConfigKeys (ConfUtils.java:logGet(44)) - raft.server.log.statemachine.data.sync.timeout = 10s (default)
2021-05-19 07:42:00,463 [pool-249-thread-1] INFO  server.RaftServerConfigKeys (ConfUtils.java:logGet(44)) - raft.server.log.statemachine.data.sync.timeout.retry = -1 (default)
2021-05-19 07:42:00,463 [pool-249-thread-1] INFO  server.RaftServerConfigKeys (ConfUtils.java:logGet(44)) - raft.server.log.write.buffer.size = 1048576 (custom)
2021-05-19 07:42:00,464 [pool-249-thread-1] INFO  server.RaftServerConfigKeys (ConfUtils.java:logGet(44)) - raft.server.log.statemachine.data.caching.enabled = true (custom)
2021-05-19 07:42:00,464 [pool-249-thread-1] INFO  segmented.SegmentedRaftLogWorker (SegmentedRaftLogWorker.java:lambda$new$0(133)) - 8e81be81-8cf3-4cb2-af1f-2c1c9bc19b0e@group-76E48770978D-SegmentedRaftLogWorker: flushIndex: setUnconditionally 0 -> -1
2021-05-19 07:42:00,464 [pool-249-thread-1] INFO  segmented.SegmentedRaftLogWorker (SegmentedRaftLogWorker.java:lambda$new$0(133)) - 8e81be81-8cf3-4cb2-af1f-2c1c9bc19b0e@group-76E48770978D-SegmentedRaftLogWorker: safeCacheEvictIndex: setUnconditionally 0 -> -1
2021-05-19 07:42:00,464 [pool-249-thread-1] INFO  server.RaftServerConfigKeys (ConfUtils.java:logGet(44)) - raft.server.snapshot.auto.trigger.enabled = true (custom)
2021-05-19 07:42:00,464 [pool-249-thread-1] INFO  server.RaftServerConfigKeys (ConfUtils.java:logGet(44)) - raft.server.snapshot.auto.trigger.threshold = 10000 (custom)
2021-05-19 07:42:00,464 [pool-249-thread-1] INFO  server.RaftServerConfigKeys (ConfUtils.java:logGet(44)) - raft.server.snapshot.retention.file.num = 5 (custom)
2021-05-19 07:42:00,464 [pool-249-thread-1] INFO  server.RaftServerConfigKeys (ConfUtils.java:logGet(44)) - raft.server.log.purge.upto.snapshot.index = false (default)
2021-05-19 07:42:00,465 [pool-249-thread-1] INFO  server.RaftServerConfigKeys (ConfUtils.java:logGet(44)) - raft.server.retrycache.expirytime = 600000ms (custom)
2021-05-19 07:42:00,465 [pool-249-thread-1] INFO  server.RaftServerConfigKeys (ConfUtils.java:logGet(44)) - raft.server.retrycache.statistics.expirytime = 100?s (default)
2021-05-19 07:42:00,465 [pool-249-thread-1] INFO  metrics.RatisMetrics (RatisMetrics.java:lambda$create$0(36)) - Creating Metrics Registry : ratis.leader_election.8e81be81-8cf3-4cb2-af1f-2c1c9bc19b0e@group-76E48770978D
2021-05-19 07:42:00,465 [pool-249-thread-1] INFO  metrics.RatisMetrics (RatisMetrics.java:lambda$create$0(36)) - Creating Metrics Registry : ratis.server.8e81be81-8cf3-4cb2-af1f-2c1c9bc19b0e@group-76E48770978D
2021-05-19 07:42:00,466 [pool-249-thread-1] INFO  server.RaftServer$Division (RaftServerImpl.java:start(295)) - 8e81be81-8cf3-4cb2-af1f-2c1c9bc19b0e@group-76E48770978D: start as a follower, conf=-1: [a14714da-c87c-4361-b393-7e96cf422ed7|rpc:172.17.0.2:45547|dataStream:|priority:0, 68d4f79f-8ed5-4598-b947-57f9bc979c0e|rpc:172.17.0.2:42729|dataStream:|priority:0, 8e81be81-8cf3-4cb2-af1f-2c1c9bc19b0e|rpc:172.17.0.2:41855|dataStream:|priority:1], old=null
2021-05-19 07:42:00,466 [pool-249-thread-1] INFO  server.RaftServer$Division (RaftServerImpl.java:setRole(284)) - 8e81be81-8cf3-4cb2-af1f-2c1c9bc19b0e@group-76E48770978D: changes role from      null to FOLLOWER at term 0 for startAsFollower
2021-05-19 07:42:00,466 [pool-249-thread-1] INFO  impl.RoleInfo (RoleInfo.java:updateAndGet(130)) - 8e81be81-8cf3-4cb2-af1f-2c1c9bc19b0e: start 8e81be81-8cf3-4cb2-af1f-2c1c9bc19b0e@group-76E48770978D-FollowerState
2021-05-19 07:42:00,466 [pool-249-thread-1] INFO  util.JmxRegister (JmxRegister.java:tryRegister(44)) - Successfully registered JMX Bean with object name Ratis:service=RaftServer,group=group-76E48770978D,id=8e81be81-8cf3-4cb2-af1f-2c1c9bc19b0e
2021-05-19 07:42:00,466 [pool-249-thread-1] INFO  metrics.RatisMetrics (RatisMetrics.java:lambda$create$0(36)) - Creating Metrics Registry : ratis.state_machine.8e81be81-8cf3-4cb2-af1f-2c1c9bc19b0e@group-76E48770978D
2021-05-19 07:42:00,471 [Command processor thread] INFO  metrics.RatisMetrics (RatisMetrics.java:lambda$create$0(36)) - Creating Metrics Registry : ratis.client_message_metrics.client-CC6360DB84E5->a14714da-c87c-4361-b393-7e96cf422ed7
2021-05-19 07:42:00,475 [grpc-default-executor-3] INFO  server.RaftServer (RaftServerProxy.java:addNew(95)) - a14714da-c87c-4361-b393-7e96cf422ed7: addNew group-76E48770978D:[a14714da-c87c-4361-b393-7e96cf422ed7|rpc:172.17.0.2:45547|dataStream:|priority:0, 68d4f79f-8ed5-4598-b947-57f9bc979c0e|rpc:172.17.0.2:42729|dataStream:|priority:0, 8e81be81-8cf3-4cb2-af1f-2c1c9bc19b0e|rpc:172.17.0.2:41855|dataStream:|priority:1] returns group-76E48770978D:java.util.concurrent.CompletableFuture@65b7bcbe[Not completed]
2021-05-19 07:42:00,476 [pool-267-thread-1] INFO  server.RaftServer$Division (RaftServerImpl.java:<init>(180)) - a14714da-c87c-4361-b393-7e96cf422ed7: new RaftServerImpl for group-76E48770978D:[a14714da-c87c-4361-b393-7e96cf422ed7|rpc:172.17.0.2:45547|dataStream:|priority:0, 68d4f79f-8ed5-4598-b947-57f9bc979c0e|rpc:172.17.0.2:42729|dataStream:|priority:0, 8e81be81-8cf3-4cb2-af1f-2c1c9bc19b0e|rpc:172.17.0.2:41855|dataStream:|priority:1] with ContainerStateMachine:uninitialized
2021-05-19 07:42:00,476 [pool-267-thread-1] INFO  server.RaftServerConfigKeys (ConfUtils.java:logGet(44)) - raft.server.rpc.timeout.min = 5s (custom)
2021-05-19 07:42:00,476 [pool-267-thread-1] INFO  server.RaftServerConfigKeys (ConfUtils.java:logGet(44)) - raft.server.rpc.timeout.max = 5200ms (custom)
2021-05-19 07:42:00,476 [pool-267-thread-1] INFO  server.RaftServerConfigKeys (ConfUtils.java:logGet(44)) - raft.server.rpc.sleep.time = 25ms (default)
2021-05-19 07:42:00,476 [pool-267-thread-1] INFO  server.RaftServerConfigKeys (ConfUtils.java:logGet(44)) - raft.server.rpc.slowness.timeout = 300000ms (custom)
2021-05-19 07:42:00,476 [pool-267-thread-1] INFO  server.RaftServerConfigKeys (ConfUtils.java:logGet(44)) - raft.server.leaderelection.leader.step-down.wait-time = 10s (default)
2021-05-19 07:42:00,476 [pool-267-thread-1] INFO  server.RaftServerConfigKeys (ConfUtils.java:logGet(44)) - raft.server.sleep.deviation.threshold = 300ms (default)
2021-05-19 07:42:00,476 [pool-267-thread-1] INFO  server.RaftServerConfigKeys (ConfUtils.java:logGet(44)) - raft.server.log.appender.install.snapshot.enabled = false (custom)
2021-05-19 07:42:00,476 [pool-267-thread-1] INFO  server.RaftServer$Division (ServerState.java:<init>(105)) - a14714da-c87c-4361-b393-7e96cf422ed7@group-76E48770978D: ConfigurationManager, init=-1: [a14714da-c87c-4361-b393-7e96cf422ed7|rpc:172.17.0.2:45547|dataStream:|priority:0, 68d4f79f-8ed5-4598-b947-57f9bc979c0e|rpc:172.17.0.2:42729|dataStream:|priority:0, 8e81be81-8cf3-4cb2-af1f-2c1c9bc19b0e|rpc:172.17.0.2:41855|dataStream:|priority:1], old=null, confs=<EMPTY_MAP>
2021-05-19 07:42:00,476 [pool-267-thread-1] INFO  server.RaftServerConfigKeys (ConfUtils.java:logGet(44)) - raft.server.storage.dir = [/github/workspace/mnt/ozone/hadoop-ozone/integration-test/target/test-dir/MiniOzoneClusterImpl-952c9dfc-8967-4523-b06f-60d3bd5de2bf/datanode-2/data/ratis] (custom)
2021-05-19 07:42:00,477 [pool-267-thread-1] INFO  server.RaftServerConfigKeys (ConfUtils.java:logGet(44)) - raft.server.log.corruption.policy = EXCEPTION (default)
2021-05-19 07:42:00,477 [pool-267-thread-1] INFO  storage.RaftStorageDirectory (RaftStorageDirectoryImpl.java:analyzeStorage(132)) - The storage directory /github/workspace/mnt/ozone/hadoop-ozone/integration-test/target/test-dir/MiniOzoneClusterImpl-952c9dfc-8967-4523-b06f-60d3bd5de2bf/datanode-2/data/ratis/90d79207-282c-4ddc-b3c9-76e48770978d does not exist. Creating ...
2021-05-19 07:42:00,478 [pool-267-thread-1] INFO  storage.RaftStorageDirectory (RaftStorageDirectoryImpl.java:tryLock(215)) - Lock on /github/workspace/mnt/ozone/hadoop-ozone/integration-test/target/test-dir/MiniOzoneClusterImpl-952c9dfc-8967-4523-b06f-60d3bd5de2bf/datanode-2/data/ratis/90d79207-282c-4ddc-b3c9-76e48770978d/in_use.lock acquired by nodename 16447@3974e5c036b4
2021-05-19 07:42:00,478 [pool-267-thread-1] INFO  storage.RaftStorage (RaftStorageImpl.java:format(87)) - Storage directory /github/workspace/mnt/ozone/hadoop-ozone/integration-test/target/test-dir/MiniOzoneClusterImpl-952c9dfc-8967-4523-b06f-60d3bd5de2bf/datanode-2/data/ratis/90d79207-282c-4ddc-b3c9-76e48770978d has been successfully formatted.
2021-05-19 07:42:00,479 [pool-267-thread-1] INFO  ratis.ContainerStateMachine (ContainerStateMachine.java:loadSnapshot(224)) - group-76E48770978D: The snapshot info is null. Setting the last applied indexto:(t:0, i:~)
2021-05-19 07:42:00,479 [pool-267-thread-1] INFO  server.RaftServerConfigKeys (ConfUtils.java:logGet(44)) - raft.server.notification.no-leader.timeout = 300000ms (custom)
2021-05-19 07:42:00,479 [pool-267-thread-1] INFO  server.RaftServerConfigKeys (ConfUtils.java:logGet(44)) - raft.server.log.use.memory = false (default)
2021-05-19 07:42:00,479 [pool-267-thread-1] INFO  server.RaftServerConfigKeys (ConfUtils.java:logGet(44)) - raft.server.log.purge.gap = 1000000 (custom)
2021-05-19 07:42:00,479 [pool-267-thread-1] INFO  server.RaftServerConfigKeys (ConfUtils.java:logGet(44)) - raft.server.log.appender.buffer.byte-limit = 33554432 (custom)
2021-05-19 07:42:00,479 [pool-267-thread-1] INFO  metrics.RatisMetrics (RatisMetrics.java:lambda$create$0(36)) - Creating Metrics Registry : ratis.log_worker.a14714da-c87c-4361-b393-7e96cf422ed7@group-76E48770978D
2021-05-19 07:42:00,479 [EventQueue-PipelineReportForOneReplicaPipelineSafeModeRule] INFO  safemode.SCMSafeModeManager (SCMSafeModeManager.java:validateSafeModeExitRules(201)) - AtleastOneDatanodeReportedRule rule is successfully validated
2021-05-19 07:42:00,480 [pool-267-thread-1] INFO  server.RaftServerConfigKeys (ConfUtils.java:logGet(44)) - raft.server.log.segment.size.max = 1048576 (custom)
2021-05-19 07:42:00,480 [pool-267-thread-1] INFO  server.RaftServerConfigKeys (ConfUtils.java:logGet(44)) - raft.server.log.segment.cache.num.max = 2 (custom)
2021-05-19 07:42:00,480 [pool-267-thread-1] INFO  server.RaftServerConfigKeys (ConfUtils.java:logGet(44)) - raft.server.log.segment.cache.size.max = 200MB (=209715200) (default)
2021-05-19 07:42:00,480 [pool-267-thread-1] INFO  segmented.SegmentedRaftLogWorker (SegmentedRaftLogWorker.java:<init>(182)) - new a14714da-c87c-4361-b393-7e96cf422ed7@group-76E48770978D-SegmentedRaftLogWorker for RaftStorageImpl:Storage Directory /github/workspace/mnt/ozone/hadoop-ozone/integration-test/target/test-dir/MiniOzoneClusterImpl-952c9dfc-8967-4523-b06f-60d3bd5de2bf/datanode-2/data/ratis/90d79207-282c-4ddc-b3c9-76e48770978d
2021-05-19 07:42:00,480 [pool-267-thread-1] INFO  server.RaftServerConfigKeys (ConfUtils.java:logGet(44)) - raft.server.log.queue.byte-limit = 2147483647 (custom)
2021-05-19 07:42:00,480 [pool-267-thread-1] INFO  server.RaftServerConfigKeys (ConfUtils.java:logGet(44)) - raft.server.log.queue.element-limit = 1024 (custom)
2021-05-19 07:42:00,480 [pool-267-thread-1] INFO  server.RaftServerConfigKeys (ConfUtils.java:logGet(44)) - raft.server.log.segment.size.max = 1048576 (custom)
2021-05-19 07:42:00,480 [pool-267-thread-1] INFO  server.RaftServerConfigKeys (ConfUtils.java:logGet(44)) - raft.server.log.preallocated.size = 16384 (custom)
2021-05-19 07:42:00,480 [pool-267-thread-1] INFO  server.RaftServerConfigKeys (ConfUtils.java:logGet(44)) - raft.server.log.force.sync.num = 128 (default)
2021-05-19 07:42:00,480 [pool-267-thread-1] INFO  server.RaftServerConfigKeys (ConfUtils.java:logGet(44)) - raft.server.log.statemachine.data.sync = true (default)
2021-05-19 07:42:00,480 [pool-267-thread-1] INFO  server.RaftServerConfigKeys (ConfUtils.java:logGet(44)) - raft.server.log.statemachine.data.sync.timeout = 10s (default)
2021-05-19 07:42:00,480 [pool-267-thread-1] INFO  server.RaftServerConfigKeys (ConfUtils.java:logGet(44)) - raft.server.log.statemachine.data.sync.timeout.retry = -1 (default)
2021-05-19 07:42:00,481 [pool-267-thread-1] INFO  server.RaftServerConfigKeys (ConfUtils.java:logGet(44)) - raft.server.log.write.buffer.size = 1048576 (custom)
2021-05-19 07:42:00,482 [Command processor thread] INFO  server.RaftServer (RaftServerProxy.java:addNew(95)) - 8e81be81-8cf3-4cb2-af1f-2c1c9bc19b0e: addNew group-0ABA87D6A849:[8e81be81-8cf3-4cb2-af1f-2c1c9bc19b0e|rpc:172.17.0.2:41855|priority:1] returns group-0ABA87D6A849:java.util.concurrent.CompletableFuture@18253aa9[Not completed]
2021-05-19 07:42:00,482 [pool-267-thread-1] INFO  server.RaftServerConfigKeys (ConfUtils.java:logGet(44)) - raft.server.log.statemachine.data.caching.enabled = true (custom)
2021-05-19 07:42:00,482 [pool-267-thread-1] INFO  segmented.SegmentedRaftLogWorker (SegmentedRaftLogWorker.java:lambda$new$0(133)) - a14714da-c87c-4361-b393-7e96cf422ed7@group-76E48770978D-SegmentedRaftLogWorker: flushIndex: setUnconditionally 0 -> -1
2021-05-19 07:42:00,482 [pool-267-thread-1] INFO  segmented.SegmentedRaftLogWorker (SegmentedRaftLogWorker.java:lambda$new$0(133)) - a14714da-c87c-4361-b393-7e96cf422ed7@group-76E48770978D-SegmentedRaftLogWorker: safeCacheEvictIndex: setUnconditionally 0 -> -1
2021-05-19 07:42:00,482 [pool-249-thread-1] INFO  server.RaftServer$Division (RaftServerImpl.java:<init>(180)) - 8e81be81-8cf3-4cb2-af1f-2c1c9bc19b0e: new RaftServerImpl for group-0ABA87D6A849:[8e81be81-8cf3-4cb2-af1f-2c1c9bc19b0e|rpc:172.17.0.2:41855|priority:1] with ContainerStateMachine:uninitialized
2021-05-19 07:42:00,483 [pool-249-thread-1] INFO  server.RaftServerConfigKeys (ConfUtils.java:logGet(44)) - raft.server.rpc.timeout.min = 5s (custom)
2021-05-19 07:42:00,483 [pool-249-thread-1] INFO  server.RaftServerConfigKeys (ConfUtils.java:logGet(44)) - raft.server.rpc.timeout.max = 5200ms (custom)
2021-05-19 07:42:00,483 [pool-249-thread-1] INFO  server.RaftServerConfigKeys (ConfUtils.java:logGet(44)) - raft.server.rpc.sleep.time = 25ms (default)
2021-05-19 07:42:00,483 [pool-249-thread-1] INFO  server.RaftServerConfigKeys (ConfUtils.java:logGet(44)) - raft.server.rpc.slowness.timeout = 300000ms (custom)
2021-05-19 07:42:00,483 [pool-249-thread-1] INFO  server.RaftServerConfigKeys (ConfUtils.java:logGet(44)) - raft.server.leaderelection.leader.step-down.wait-time = 10s (default)
2021-05-19 07:42:00,483 [pool-249-thread-1] INFO  server.RaftServerConfigKeys (ConfUtils.java:logGet(44)) - raft.server.sleep.deviation.threshold = 300ms (default)
2021-05-19 07:42:00,483 [pool-249-thread-1] INFO  server.RaftServerConfigKeys (ConfUtils.java:logGet(44)) - raft.server.log.appender.install.snapshot.enabled = false (custom)
2021-05-19 07:42:00,483 [pool-249-thread-1] INFO  server.RaftServer$Division (ServerState.java:<init>(105)) - 8e81be81-8cf3-4cb2-af1f-2c1c9bc19b0e@group-0ABA87D6A849: ConfigurationManager, init=-1: [8e81be81-8cf3-4cb2-af1f-2c1c9bc19b0e|rpc:172.17.0.2:41855|priority:1], old=null, confs=<EMPTY_MAP>
2021-05-19 07:42:00,483 [pool-249-thread-1] INFO  server.RaftServerConfigKeys (ConfUtils.java:logGet(44)) - raft.server.storage.dir = [/github/workspace/mnt/ozone/hadoop-ozone/integration-test/target/test-dir/MiniOzoneClusterImpl-952c9dfc-8967-4523-b06f-60d3bd5de2bf/datanode-1/data/ratis] (custom)
2021-05-19 07:42:00,483 [pool-249-thread-1] INFO  server.RaftServerConfigKeys (ConfUtils.java:logGet(44)) - raft.server.log.corruption.policy = EXCEPTION (default)
2021-05-19 07:42:00,483 [pool-249-thread-1] INFO  storage.RaftStorageDirectory (RaftStorageDirectoryImpl.java:analyzeStorage(132)) - The storage directory /github/workspace/mnt/ozone/hadoop-ozone/integration-test/target/test-dir/MiniOzoneClusterImpl-952c9dfc-8967-4523-b06f-60d3bd5de2bf/datanode-1/data/ratis/b87480d2-548e-42a5-9717-0aba87d6a849 does not exist. Creating ...
2021-05-19 07:42:00,484 [pool-249-thread-1] INFO  storage.RaftStorageDirectory (RaftStorageDirectoryImpl.java:tryLock(215)) - Lock on /github/workspace/mnt/ozone/hadoop-ozone/integration-test/target/test-dir/MiniOzoneClusterImpl-952c9dfc-8967-4523-b06f-60d3bd5de2bf/datanode-1/data/ratis/b87480d2-548e-42a5-9717-0aba87d6a849/in_use.lock acquired by nodename 16447@3974e5c036b4
2021-05-19 07:42:00,485 [pool-249-thread-1] INFO  storage.RaftStorage (RaftStorageImpl.java:format(87)) - Storage directory /github/workspace/mnt/ozone/hadoop-ozone/integration-test/target/test-dir/MiniOzoneClusterImpl-952c9dfc-8967-4523-b06f-60d3bd5de2bf/datanode-1/data/ratis/b87480d2-548e-42a5-9717-0aba87d6a849 has been successfully formatted.
2021-05-19 07:42:00,485 [pool-267-thread-1] INFO  server.RaftServerConfigKeys (ConfUtils.java:logGet(44)) - raft.server.snapshot.auto.trigger.enabled = true (custom)
2021-05-19 07:42:00,485 [pool-267-thread-1] INFO  server.RaftServerConfigKeys (ConfUtils.java:logGet(44)) - raft.server.snapshot.auto.trigger.threshold = 10000 (custom)
2021-05-19 07:42:00,485 [pool-267-thread-1] INFO  server.RaftServerConfigKeys (ConfUtils.java:logGet(44)) - raft.server.snapshot.retention.file.num = 5 (custom)
2021-05-19 07:42:00,485 [pool-267-thread-1] INFO  server.RaftServerConfigKeys (ConfUtils.java:logGet(44)) - raft.server.log.purge.upto.snapshot.index = false (default)
2021-05-19 07:42:00,486 [pool-267-thread-1] INFO  server.RaftServerConfigKeys (ConfUtils.java:logGet(44)) - raft.server.retrycache.expirytime = 600000ms (custom)
2021-05-19 07:42:00,486 [pool-267-thread-1] INFO  server.RaftServerConfigKeys (ConfUtils.java:logGet(44)) - raft.server.retrycache.statistics.expirytime = 100?s (default)
2021-05-19 07:42:00,485 [pool-249-thread-1] INFO  ratis.ContainerStateMachine (ContainerStateMachine.java:loadSnapshot(224)) - group-0ABA87D6A849: The snapshot info is null. Setting the last applied indexto:(t:0, i:~)
2021-05-19 07:42:00,486 [EventQueue-PipelineReportForOneReplicaPipelineSafeModeRule] INFO  safemode.SCMSafeModeManager (SCMSafeModeManager.java:validateSafeModeExitRules(201)) - AtleastOneDatanodeReportedRule rule is successfully validated
2021-05-19 07:42:00,486 [EventQueue-PipelineReportForPipelineReportHandler] INFO  pipeline.PipelineManagerV2Impl (PipelineManagerV2Impl.java:openPipeline(270)) - Pipeline Pipeline[ Id: b87480d2-548e-42a5-9717-0aba87d6a849, Nodes: 8e81be81-8cf3-4cb2-af1f-2c1c9bc19b0e{ip: 172.17.0.2, host: 3974e5c036b4, ports: [REPLICATION=33707, RATIS=41855, RATIS_ADMIN=41855, RATIS_SERVER=41855, STANDALONE=33695], networkLocation: /default-rack, certSerialId: null, persistedOpState: IN_SERVICE, persistedOpStateExpiryEpochSec: 0}, ReplicationConfig: RATIS/ONE, State:ALLOCATED, leaderId:8e81be81-8cf3-4cb2-af1f-2c1c9bc19b0e, CreationTimestamp2021-05-19T07:41:57.484Z] moved to OPEN state
2021-05-19 07:42:00,486 [pool-267-thread-1] INFO  metrics.RatisMetrics (RatisMetrics.java:lambda$create$0(36)) - Creating Metrics Registry : ratis.leader_election.a14714da-c87c-4361-b393-7e96cf422ed7@group-76E48770978D
2021-05-19 07:42:00,487 [EventQueue-OpenPipelineForHealthyPipelineSafeModeRule] INFO  safemode.SCMSafeModeManager (HealthyPipelineSafeModeRule.java:process(130)) - SCM in safe mode. Healthy pipelines reported count is 0, required healthy pipeline reported count is 1
2021-05-19 07:42:00,486 [pool-249-thread-1] INFO  server.RaftServerConfigKeys (ConfUtils.java:logGet(44)) - raft.server.notification.no-leader.timeout = 300000ms (custom)
2021-05-19 07:42:00,487 [pool-249-thread-1] INFO  server.RaftServerConfigKeys (ConfUtils.java:logGet(44)) - raft.server.log.use.memory = false (default)
2021-05-19 07:42:00,487 [pool-249-thread-1] INFO  server.RaftServerConfigKeys (ConfUtils.java:logGet(44)) - raft.server.log.purge.gap = 1000000 (custom)
2021-05-19 07:42:00,487 [pool-249-thread-1] INFO  server.RaftServerConfigKeys (ConfUtils.java:logGet(44)) - raft.server.log.appender.buffer.byte-limit = 33554432 (custom)
2021-05-19 07:42:00,487 [pool-249-thread-1] INFO  metrics.RatisMetrics (RatisMetrics.java:lambda$create$0(36)) - Creating Metrics Registry : ratis.log_worker.8e81be81-8cf3-4cb2-af1f-2c1c9bc19b0e@group-0ABA87D6A849
2021-05-19 07:42:00,487 [pool-249-thread-1] INFO  server.RaftServerConfigKeys (ConfUtils.java:logGet(44)) - raft.server.log.segment.size.max = 1048576 (custom)
2021-05-19 07:42:00,488 [pool-249-thread-1] INFO  server.RaftServerConfigKeys (ConfUtils.java:logGet(44)) - raft.server.log.segment.cache.num.max = 2 (custom)
2021-05-19 07:42:00,488 [pool-249-thread-1] INFO  server.RaftServerConfigKeys (ConfUtils.java:logGet(44)) - raft.server.log.segment.cache.size.max = 200MB (=209715200) (default)
2021-05-19 07:42:00,488 [pool-249-thread-1] INFO  segmented.SegmentedRaftLogWorker (SegmentedRaftLogWorker.java:<init>(182)) - new 8e81be81-8cf3-4cb2-af1f-2c1c9bc19b0e@group-0ABA87D6A849-SegmentedRaftLogWorker for RaftStorageImpl:Storage Directory /github/workspace/mnt/ozone/hadoop-ozone/integration-test/target/test-dir/MiniOzoneClusterImpl-952c9dfc-8967-4523-b06f-60d3bd5de2bf/datanode-1/data/ratis/b87480d2-548e-42a5-9717-0aba87d6a849
2021-05-19 07:42:00,488 [pool-249-thread-1] INFO  server.RaftServerConfigKeys (ConfUtils.java:logGet(44)) - raft.server.log.queue.byte-limit = 2147483647 (custom)
2021-05-19 07:42:00,488 [pool-249-thread-1] INFO  server.RaftServerConfigKeys (ConfUtils.java:logGet(44)) - raft.server.log.queue.element-limit = 1024 (custom)
2021-05-19 07:42:00,488 [pool-249-thread-1] INFO  server.RaftServerConfigKeys (ConfUtils.java:logGet(44)) - raft.server.log.segment.size.max = 1048576 (custom)
2021-05-19 07:42:00,488 [pool-249-thread-1] INFO  server.RaftServerConfigKeys (ConfUtils.java:logGet(44)) - raft.server.log.preallocated.size = 16384 (custom)
2021-05-19 07:42:00,488 [pool-249-thread-1] INFO  server.RaftServerConfigKeys (ConfUtils.java:logGet(44)) - raft.server.log.force.sync.num = 128 (default)
2021-05-19 07:42:00,488 [pool-249-thread-1] INFO  server.RaftServerConfigKeys (ConfUtils.java:logGet(44)) - raft.server.log.statemachine.data.sync = true (default)
2021-05-19 07:42:00,488 [pool-249-thread-1] INFO  server.RaftServerConfigKeys (ConfUtils.java:logGet(44)) - raft.server.log.statemachine.data.sync.timeout = 10s (default)
2021-05-19 07:42:00,488 [pool-249-thread-1] INFO  server.RaftServerConfigKeys (ConfUtils.java:logGet(44)) - raft.server.log.statemachine.data.sync.timeout.retry = -1 (default)
2021-05-19 07:42:00,489 [pool-249-thread-1] INFO  server.RaftServerConfigKeys (ConfUtils.java:logGet(44)) - raft.server.log.write.buffer.size = 1048576 (custom)
2021-05-19 07:42:00,489 [pool-267-thread-1] INFO  metrics.RatisMetrics (RatisMetrics.java:lambda$create$0(36)) - Creating Metrics Registry : ratis.server.a14714da-c87c-4361-b393-7e96cf422ed7@group-76E48770978D
2021-05-19 07:42:00,490 [pool-267-thread-1] INFO  server.RaftServer$Division (RaftServerImpl.java:start(295)) - a14714da-c87c-4361-b393-7e96cf422ed7@group-76E48770978D: start as a follower, conf=-1: [a14714da-c87c-4361-b393-7e96cf422ed7|rpc:172.17.0.2:45547|dataStream:|priority:0, 68d4f79f-8ed5-4598-b947-57f9bc979c0e|rpc:172.17.0.2:42729|dataStream:|priority:0, 8e81be81-8cf3-4cb2-af1f-2c1c9bc19b0e|rpc:172.17.0.2:41855|dataStream:|priority:1], old=null
2021-05-19 07:42:00,490 [pool-267-thread-1] INFO  server.RaftServer$Division (RaftServerImpl.java:setRole(284)) - a14714da-c87c-4361-b393-7e96cf422ed7@group-76E48770978D: changes role from      null to FOLLOWER at term 0 for startAsFollower
2021-05-19 07:42:00,490 [pool-267-thread-1] INFO  impl.RoleInfo (RoleInfo.java:updateAndGet(130)) - a14714da-c87c-4361-b393-7e96cf422ed7: start a14714da-c87c-4361-b393-7e96cf422ed7@group-76E48770978D-FollowerState
2021-05-19 07:42:00,491 [pool-267-thread-1] INFO  util.JmxRegister (JmxRegister.java:tryRegister(44)) - Successfully registered JMX Bean with object name Ratis:service=RaftServer,group=group-76E48770978D,id=a14714da-c87c-4361-b393-7e96cf422ed7
2021-05-19 07:42:00,491 [pool-267-thread-1] INFO  metrics.RatisMetrics (RatisMetrics.java:lambda$create$0(36)) - Creating Metrics Registry : ratis.state_machine.a14714da-c87c-4361-b393-7e96cf422ed7@group-76E48770978D
2021-05-19 07:42:00,491 [pool-249-thread-1] INFO  server.RaftServerConfigKeys (ConfUtils.java:logGet(44)) - raft.server.log.statemachine.data.caching.enabled = true (custom)
2021-05-19 07:42:00,491 [pool-249-thread-1] INFO  segmented.SegmentedRaftLogWorker (SegmentedRaftLogWorker.java:lambda$new$0(133)) - 8e81be81-8cf3-4cb2-af1f-2c1c9bc19b0e@group-0ABA87D6A849-SegmentedRaftLogWorker: flushIndex: setUnconditionally 0 -> -1
2021-05-19 07:42:00,491 [pool-249-thread-1] INFO  segmented.SegmentedRaftLogWorker (SegmentedRaftLogWorker.java:lambda$new$0(133)) - 8e81be81-8cf3-4cb2-af1f-2c1c9bc19b0e@group-0ABA87D6A849-SegmentedRaftLogWorker: safeCacheEvictIndex: setUnconditionally 0 -> -1
2021-05-19 07:42:00,491 [pool-249-thread-1] INFO  server.RaftServerConfigKeys (ConfUtils.java:logGet(44)) - raft.server.snapshot.auto.trigger.enabled = true (custom)
2021-05-19 07:42:00,491 [pool-249-thread-1] INFO  server.RaftServerConfigKeys (ConfUtils.java:logGet(44)) - raft.server.snapshot.auto.trigger.threshold = 10000 (custom)
2021-05-19 07:42:00,492 [pool-249-thread-1] INFO  server.RaftServerConfigKeys (ConfUtils.java:logGet(44)) - raft.server.snapshot.retention.file.num = 5 (custom)
2021-05-19 07:42:00,492 [pool-249-thread-1] INFO  server.RaftServerConfigKeys (ConfUtils.java:logGet(44)) - raft.server.log.purge.upto.snapshot.index = false (default)
2021-05-19 07:42:00,494 [pool-249-thread-1] INFO  server.RaftServerConfigKeys (ConfUtils.java:logGet(44)) - raft.server.retrycache.expirytime = 600000ms (custom)
2021-05-19 07:42:00,494 [pool-249-thread-1] INFO  server.RaftServerConfigKeys (ConfUtils.java:logGet(44)) - raft.server.retrycache.statistics.expirytime = 100?s (default)
2021-05-19 07:42:00,494 [pool-249-thread-1] INFO  metrics.RatisMetrics (RatisMetrics.java:lambda$create$0(36)) - Creating Metrics Registry : ratis.leader_election.8e81be81-8cf3-4cb2-af1f-2c1c9bc19b0e@group-0ABA87D6A849
2021-05-19 07:42:00,495 [pool-249-thread-1] INFO  metrics.RatisMetrics (RatisMetrics.java:lambda$create$0(36)) - Creating Metrics Registry : ratis.server.8e81be81-8cf3-4cb2-af1f-2c1c9bc19b0e@group-0ABA87D6A849
2021-05-19 07:42:00,496 [pool-249-thread-1] INFO  server.RaftServer$Division (RaftServerImpl.java:start(295)) - 8e81be81-8cf3-4cb2-af1f-2c1c9bc19b0e@group-0ABA87D6A849: start as a follower, conf=-1: [8e81be81-8cf3-4cb2-af1f-2c1c9bc19b0e|rpc:172.17.0.2:41855|priority:1], old=null
2021-05-19 07:42:00,496 [pool-249-thread-1] INFO  server.RaftServer$Division (RaftServerImpl.java:setRole(284)) - 8e81be81-8cf3-4cb2-af1f-2c1c9bc19b0e@group-0ABA87D6A849: changes role from      null to FOLLOWER at term 0 for startAsFollower
2021-05-19 07:42:00,496 [Command processor thread] INFO  commandhandler.CreatePipelineCommandHandler (CreatePipelineCommandHandler.java:handle(106)) - Created Pipeline RATIS THREE PipelineID=90d79207-282c-4ddc-b3c9-76e48770978d.
2021-05-19 07:42:00,496 [pool-249-thread-1] INFO  impl.RoleInfo (RoleInfo.java:updateAndGet(130)) - 8e81be81-8cf3-4cb2-af1f-2c1c9bc19b0e: start 8e81be81-8cf3-4cb2-af1f-2c1c9bc19b0e@group-0ABA87D6A849-FollowerState
2021-05-19 07:42:00,497 [pool-249-thread-1] INFO  util.JmxRegister (JmxRegister.java:tryRegister(44)) - Successfully registered JMX Bean with object name Ratis:service=RaftServer,group=group-0ABA87D6A849,id=8e81be81-8cf3-4cb2-af1f-2c1c9bc19b0e
2021-05-19 07:42:00,497 [pool-249-thread-1] INFO  metrics.RatisMetrics (RatisMetrics.java:lambda$create$0(36)) - Creating Metrics Registry : ratis.state_machine.8e81be81-8cf3-4cb2-af1f-2c1c9bc19b0e@group-0ABA87D6A849
2021-05-19 07:42:00,497 [Command processor thread] INFO  ratis.XceiverServerRatis (XceiverServerRatis.java:addGroup(808)) - Created group PipelineID=b87480d2-548e-42a5-9717-0aba87d6a849
2021-05-19 07:42:00,497 [Command processor thread] INFO  commandhandler.CreatePipelineCommandHandler (CreatePipelineCommandHandler.java:handle(106)) - Created Pipeline RATIS ONE PipelineID=b87480d2-548e-42a5-9717-0aba87d6a849.
2021-05-19 07:42:00,533 [Listener at 127.0.0.1/41639] INFO  ozone.MiniOzoneClusterImpl (MiniOzoneClusterImpl.java:lambda$waitForClusterToBeReady$0(224)) - Nodes are ready. Got 7 of 7 DN Heartbeats.
2021-05-19 07:42:00,534 [Listener at 127.0.0.1/41639] INFO  ozone.MiniOzoneClusterImpl (MiniOzoneClusterImpl.java:lambda$waitForClusterToBeReady$0(227)) - Waiting for cluster to exit safe mode
2021-05-19 07:42:00,534 [Listener at 127.0.0.1/41639] INFO  ozone.MiniOzoneClusterImpl (MiniOzoneClusterImpl.java:lambda$waitForClusterToBeReady$0(230)) - SCM became leader
2021-05-19 07:42:00,682 [Command processor thread] INFO  server.RaftServer (RaftServerProxy.java:addNew(95)) - a14714da-c87c-4361-b393-7e96cf422ed7: addNew group-CD7CE254A7B8:[a14714da-c87c-4361-b393-7e96cf422ed7|rpc:172.17.0.2:45547|priority:1] returns group-CD7CE254A7B8:java.util.concurrent.CompletableFuture@1ebb717[Not completed]
2021-05-19 07:42:00,683 [pool-267-thread-1] INFO  server.RaftServer$Division (RaftServerImpl.java:<init>(180)) - a14714da-c87c-4361-b393-7e96cf422ed7: new RaftServerImpl for group-CD7CE254A7B8:[a14714da-c87c-4361-b393-7e96cf422ed7|rpc:172.17.0.2:45547|priority:1] with ContainerStateMachine:uninitialized
2021-05-19 07:42:00,683 [pool-267-thread-1] INFO  server.RaftServerConfigKeys (ConfUtils.java:logGet(44)) - raft.server.rpc.timeout.min = 5s (custom)
2021-05-19 07:42:00,684 [pool-267-thread-1] INFO  server.RaftServerConfigKeys (ConfUtils.java:logGet(44)) - raft.server.rpc.timeout.max = 5200ms (custom)
2021-05-19 07:42:00,684 [pool-267-thread-1] INFO  server.RaftServerConfigKeys (ConfUtils.java:logGet(44)) - raft.server.rpc.sleep.time = 25ms (default)
2021-05-19 07:42:00,684 [pool-267-thread-1] INFO  server.RaftServerConfigKeys (ConfUtils.java:logGet(44)) - raft.server.rpc.slowness.timeout = 300000ms (custom)
2021-05-19 07:42:00,684 [pool-267-thread-1] INFO  server.RaftServerConfigKeys (ConfUtils.java:logGet(44)) - raft.server.leaderelection.leader.step-down.wait-time = 10s (default)
2021-05-19 07:42:00,684 [pool-267-thread-1] INFO  server.RaftServerConfigKeys (ConfUtils.java:logGet(44)) - raft.server.sleep.deviation.threshold = 300ms (default)
2021-05-19 07:42:00,684 [pool-267-thread-1] INFO  server.RaftServerConfigKeys (ConfUtils.java:logGet(44)) - raft.server.log.appender.install.snapshot.enabled = false (custom)
2021-05-19 07:42:00,684 [pool-267-thread-1] INFO  server.RaftServer$Division (ServerState.java:<init>(105)) - a14714da-c87c-4361-b393-7e96cf422ed7@group-CD7CE254A7B8: ConfigurationManager, init=-1: [a14714da-c87c-4361-b393-7e96cf422ed7|rpc:172.17.0.2:45547|priority:1], old=null, confs=<EMPTY_MAP>
2021-05-19 07:42:00,684 [pool-267-thread-1] INFO  server.RaftServerConfigKeys (ConfUtils.java:logGet(44)) - raft.server.storage.dir = [/github/workspace/mnt/ozone/hadoop-ozone/integration-test/target/test-dir/MiniOzoneClusterImpl-952c9dfc-8967-4523-b06f-60d3bd5de2bf/datanode-2/data/ratis] (custom)
2021-05-19 07:42:00,684 [pool-267-thread-1] INFO  server.RaftServerConfigKeys (ConfUtils.java:logGet(44)) - raft.server.log.corruption.policy = EXCEPTION (default)
2021-05-19 07:42:00,684 [pool-267-thread-1] INFO  storage.RaftStorageDirectory (RaftStorageDirectoryImpl.java:analyzeStorage(132)) - The storage directory /github/workspace/mnt/ozone/hadoop-ozone/integration-test/target/test-dir/MiniOzoneClusterImpl-952c9dfc-8967-4523-b06f-60d3bd5de2bf/datanode-2/data/ratis/8c84198b-96dd-4712-91c9-cd7ce254a7b8 does not exist. Creating ...
2021-05-19 07:42:00,685 [pool-267-thread-1] INFO  storage.RaftStorageDirectory (RaftStorageDirectoryImpl.java:tryLock(215)) - Lock on /github/workspace/mnt/ozone/hadoop-ozone/integration-test/target/test-dir/MiniOzoneClusterImpl-952c9dfc-8967-4523-b06f-60d3bd5de2bf/datanode-2/data/ratis/8c84198b-96dd-4712-91c9-cd7ce254a7b8/in_use.lock acquired by nodename 16447@3974e5c036b4
2021-05-19 07:42:00,686 [pool-267-thread-1] INFO  storage.RaftStorage (RaftStorageImpl.java:format(87)) - Storage directory /github/workspace/mnt/ozone/hadoop-ozone/integration-test/target/test-dir/MiniOzoneClusterImpl-952c9dfc-8967-4523-b06f-60d3bd5de2bf/datanode-2/data/ratis/8c84198b-96dd-4712-91c9-cd7ce254a7b8 has been successfully formatted.
2021-05-19 07:42:00,686 [pool-267-thread-1] INFO  ratis.ContainerStateMachine (ContainerStateMachine.java:loadSnapshot(224)) - group-CD7CE254A7B8: The snapshot info is null. Setting the last applied indexto:(t:0, i:~)
2021-05-19 07:42:00,687 [pool-267-thread-1] INFO  server.RaftServerConfigKeys (ConfUtils.java:logGet(44)) - raft.server.notification.no-leader.timeout = 300000ms (custom)
2021-05-19 07:42:00,687 [pool-267-thread-1] INFO  server.RaftServerConfigKeys (ConfUtils.java:logGet(44)) - raft.server.log.use.memory = false (default)
2021-05-19 07:42:00,687 [pool-267-thread-1] INFO  server.RaftServerConfigKeys (ConfUtils.java:logGet(44)) - raft.server.log.purge.gap = 1000000 (custom)
2021-05-19 07:42:00,687 [pool-267-thread-1] INFO  server.RaftServerConfigKeys (ConfUtils.java:logGet(44)) - raft.server.log.appender.buffer.byte-limit = 33554432 (custom)
2021-05-19 07:42:00,687 [EventQueue-PipelineReportForPipelineReportHandler] INFO  pipeline.PipelineManagerV2Impl (PipelineManagerV2Impl.java:openPipeline(270)) - Pipeline Pipeline[ Id: 8c84198b-96dd-4712-91c9-cd7ce254a7b8, Nodes: a14714da-c87c-4361-b393-7e96cf422ed7{ip: 172.17.0.2, host: 3974e5c036b4, ports: [REPLICATION=40039, RATIS=45547, RATIS_ADMIN=45547, RATIS_SERVER=45547, STANDALONE=44867], networkLocation: /default-rack, certSerialId: null, persistedOpState: IN_SERVICE, persistedOpStateExpiryEpochSec: 0}, ReplicationConfig: RATIS/ONE, State:ALLOCATED, leaderId:a14714da-c87c-4361-b393-7e96cf422ed7, CreationTimestamp2021-05-19T07:41:57.684Z] moved to OPEN state
2021-05-19 07:42:00,688 [EventQueue-PipelineReportForOneReplicaPipelineSafeModeRule] INFO  safemode.SCMSafeModeManager (SCMSafeModeManager.java:validateSafeModeExitRules(201)) - AtleastOneDatanodeReportedRule rule is successfully validated
2021-05-19 07:42:00,688 [EventQueue-OpenPipelineForHealthyPipelineSafeModeRule] INFO  safemode.SCMSafeModeManager (HealthyPipelineSafeModeRule.java:process(130)) - SCM in safe mode. Healthy pipelines reported count is 0, required healthy pipeline reported count is 1
2021-05-19 07:42:00,688 [pool-267-thread-1] INFO  metrics.RatisMetrics (RatisMetrics.java:lambda$create$0(36)) - Creating Metrics Registry : ratis.log_worker.a14714da-c87c-4361-b393-7e96cf422ed7@group-CD7CE254A7B8
2021-05-19 07:42:00,688 [pool-267-thread-1] INFO  server.RaftServerConfigKeys (ConfUtils.java:logGet(44)) - raft.server.log.segment.size.max = 1048576 (custom)
2021-05-19 07:42:00,689 [pool-267-thread-1] INFO  server.RaftServerConfigKeys (ConfUtils.java:logGet(44)) - raft.server.log.segment.cache.num.max = 2 (custom)
2021-05-19 07:42:00,689 [pool-267-thread-1] INFO  server.RaftServerConfigKeys (ConfUtils.java:logGet(44)) - raft.server.log.segment.cache.size.max = 200MB (=209715200) (default)
2021-05-19 07:42:00,689 [pool-267-thread-1] INFO  segmented.SegmentedRaftLogWorker (SegmentedRaftLogWorker.java:<init>(182)) - new a14714da-c87c-4361-b393-7e96cf422ed7@group-CD7CE254A7B8-SegmentedRaftLogWorker for RaftStorageImpl:Storage Directory /github/workspace/mnt/ozone/hadoop-ozone/integration-test/target/test-dir/MiniOzoneClusterImpl-952c9dfc-8967-4523-b06f-60d3bd5de2bf/datanode-2/data/ratis/8c84198b-96dd-4712-91c9-cd7ce254a7b8
2021-05-19 07:42:00,689 [pool-267-thread-1] INFO  server.RaftServerConfigKeys (ConfUtils.java:logGet(44)) - raft.server.log.queue.byte-limit = 2147483647 (custom)
2021-05-19 07:42:00,689 [pool-267-thread-1] INFO  server.RaftServerConfigKeys (ConfUtils.java:logGet(44)) - raft.server.log.queue.element-limit = 1024 (custom)
2021-05-19 07:42:00,689 [pool-267-thread-1] INFO  server.RaftServerConfigKeys (ConfUtils.java:logGet(44)) - raft.server.log.segment.size.max = 1048576 (custom)
2021-05-19 07:42:00,689 [pool-267-thread-1] INFO  server.RaftServerConfigKeys (ConfUtils.java:logGet(44)) - raft.server.log.preallocated.size = 16384 (custom)
2021-05-19 07:42:00,689 [pool-267-thread-1] INFO  server.RaftServerConfigKeys (ConfUtils.java:logGet(44)) - raft.server.log.force.sync.num = 128 (default)
2021-05-19 07:42:00,689 [pool-267-thread-1] INFO  server.RaftServerConfigKeys (ConfUtils.java:logGet(44)) - raft.server.log.statemachine.data.sync = true (default)
2021-05-19 07:42:00,689 [pool-267-thread-1] INFO  server.RaftServerConfigKeys (ConfUtils.java:logGet(44)) - raft.server.log.statemachine.data.sync.timeout = 10s (default)
2021-05-19 07:42:00,689 [pool-267-thread-1] INFO  server.RaftServerConfigKeys (ConfUtils.java:logGet(44)) - raft.server.log.statemachine.data.sync.timeout.retry = -1 (default)
2021-05-19 07:42:00,690 [pool-267-thread-1] INFO  server.RaftServerConfigKeys (ConfUtils.java:logGet(44)) - raft.server.log.write.buffer.size = 1048576 (custom)
2021-05-19 07:42:00,691 [pool-267-thread-1] INFO  server.RaftServerConfigKeys (ConfUtils.java:logGet(44)) - raft.server.log.statemachine.data.caching.enabled = true (custom)
2021-05-19 07:42:00,691 [pool-267-thread-1] INFO  segmented.SegmentedRaftLogWorker (SegmentedRaftLogWorker.java:lambda$new$0(133)) - a14714da-c87c-4361-b393-7e96cf422ed7@group-CD7CE254A7B8-SegmentedRaftLogWorker: flushIndex: setUnconditionally 0 -> -1
2021-05-19 07:42:00,691 [pool-267-thread-1] INFO  segmented.SegmentedRaftLogWorker (SegmentedRaftLogWorker.java:lambda$new$0(133)) - a14714da-c87c-4361-b393-7e96cf422ed7@group-CD7CE254A7B8-SegmentedRaftLogWorker: safeCacheEvictIndex: setUnconditionally 0 -> -1
2021-05-19 07:42:00,691 [pool-267-thread-1] INFO  server.RaftServerConfigKeys (ConfUtils.java:logGet(44)) - raft.server.snapshot.auto.trigger.enabled = true (custom)
2021-05-19 07:42:00,691 [pool-267-thread-1] INFO  server.RaftServerConfigKeys (ConfUtils.java:logGet(44)) - raft.server.snapshot.auto.trigger.threshold = 10000 (custom)
2021-05-19 07:42:00,691 [pool-267-thread-1] INFO  server.RaftServerConfigKeys (ConfUtils.java:logGet(44)) - raft.server.snapshot.retention.file.num = 5 (custom)
2021-05-19 07:42:00,691 [pool-267-thread-1] INFO  server.RaftServerConfigKeys (ConfUtils.java:logGet(44)) - raft.server.log.purge.upto.snapshot.index = false (default)
2021-05-19 07:42:00,691 [pool-267-thread-1] INFO  server.RaftServerConfigKeys (ConfUtils.java:logGet(44)) - raft.server.retrycache.expirytime = 600000ms (custom)
2021-05-19 07:42:00,691 [pool-267-thread-1] INFO  server.RaftServerConfigKeys (ConfUtils.java:logGet(44)) - raft.server.retrycache.statistics.expirytime = 100?s (default)
2021-05-19 07:42:00,691 [pool-267-thread-1] INFO  metrics.RatisMetrics (RatisMetrics.java:lambda$create$0(36)) - Creating Metrics Registry : ratis.leader_election.a14714da-c87c-4361-b393-7e96cf422ed7@group-CD7CE254A7B8
2021-05-19 07:42:00,692 [pool-267-thread-1] INFO  metrics.RatisMetrics (RatisMetrics.java:lambda$create$0(36)) - Creating Metrics Registry : ratis.server.a14714da-c87c-4361-b393-7e96cf422ed7@group-CD7CE254A7B8
2021-05-19 07:42:00,692 [pool-267-thread-1] INFO  server.RaftServer$Division (RaftServerImpl.java:start(295)) - a14714da-c87c-4361-b393-7e96cf422ed7@group-CD7CE254A7B8: start as a follower, conf=-1: [a14714da-c87c-4361-b393-7e96cf422ed7|rpc:172.17.0.2:45547|priority:1], old=null
2021-05-19 07:42:00,693 [pool-267-thread-1] INFO  server.RaftServer$Division (RaftServerImpl.java:setRole(284)) - a14714da-c87c-4361-b393-7e96cf422ed7@group-CD7CE254A7B8: changes role from      null to FOLLOWER at term 0 for startAsFollower
2021-05-19 07:42:00,693 [pool-267-thread-1] INFO  impl.RoleInfo (RoleInfo.java:updateAndGet(130)) - a14714da-c87c-4361-b393-7e96cf422ed7: start a14714da-c87c-4361-b393-7e96cf422ed7@group-CD7CE254A7B8-FollowerState
2021-05-19 07:42:00,693 [pool-267-thread-1] INFO  util.JmxRegister (JmxRegister.java:tryRegister(44)) - Successfully registered JMX Bean with object name Ratis:service=RaftServer,group=group-CD7CE254A7B8,id=a14714da-c87c-4361-b393-7e96cf422ed7
2021-05-19 07:42:00,693 [pool-267-thread-1] INFO  metrics.RatisMetrics (RatisMetrics.java:lambda$create$0(36)) - Creating Metrics Registry : ratis.state_machine.a14714da-c87c-4361-b393-7e96cf422ed7@group-CD7CE254A7B8
2021-05-19 07:42:00,693 [Command processor thread] INFO  ratis.XceiverServerRatis (XceiverServerRatis.java:addGroup(808)) - Created group PipelineID=8c84198b-96dd-4712-91c9-cd7ce254a7b8
2021-05-19 07:42:00,694 [Command processor thread] INFO  commandhandler.CreatePipelineCommandHandler (CreatePipelineCommandHandler.java:handle(106)) - Created Pipeline RATIS ONE PipelineID=8c84198b-96dd-4712-91c9-cd7ce254a7b8.
2021-05-19 07:42:00,932 [Command processor thread] INFO  server.RaftServer (RaftServerProxy.java:addNew(95)) - 37b2c1ee-956a-4dec-b232-912a6a25ff9b: addNew group-E783B1FF2571:[37b2c1ee-956a-4dec-b232-912a6a25ff9b|rpc:172.17.0.2:35677|priority:1] returns group-E783B1FF2571:java.util.concurrent.CompletableFuture@2c4463b4[Not completed]
2021-05-19 07:42:00,933 [pool-285-thread-1] INFO  server.RaftServer$Division (RaftServerImpl.java:<init>(180)) - 37b2c1ee-956a-4dec-b232-912a6a25ff9b: new RaftServerImpl for group-E783B1FF2571:[37b2c1ee-956a-4dec-b232-912a6a25ff9b|rpc:172.17.0.2:35677|priority:1] with ContainerStateMachine:uninitialized
2021-05-19 07:42:00,933 [pool-285-thread-1] INFO  server.RaftServerConfigKeys (ConfUtils.java:logGet(44)) - raft.server.rpc.timeout.min = 5s (custom)
2021-05-19 07:42:00,934 [pool-285-thread-1] INFO  server.RaftServerConfigKeys (ConfUtils.java:logGet(44)) - raft.server.rpc.timeout.max = 5200ms (custom)
2021-05-19 07:42:00,934 [pool-285-thread-1] INFO  server.RaftServerConfigKeys (ConfUtils.java:logGet(44)) - raft.server.rpc.sleep.time = 25ms (default)
2021-05-19 07:42:00,934 [pool-285-thread-1] INFO  server.RaftServerConfigKeys (ConfUtils.java:logGet(44)) - raft.server.rpc.slowness.timeout = 300000ms (custom)
2021-05-19 07:42:00,934 [pool-285-thread-1] INFO  server.RaftServerConfigKeys (ConfUtils.java:logGet(44)) - raft.server.leaderelection.leader.step-down.wait-time = 10s (default)
2021-05-19 07:42:00,934 [pool-285-thread-1] INFO  server.RaftServerConfigKeys (ConfUtils.java:logGet(44)) - raft.server.sleep.deviation.threshold = 300ms (default)
2021-05-19 07:42:00,934 [pool-285-thread-1] INFO  server.RaftServerConfigKeys (ConfUtils.java:logGet(44)) - raft.server.log.appender.install.snapshot.enabled = false (custom)
2021-05-19 07:42:00,934 [pool-285-thread-1] INFO  server.RaftServer$Division (ServerState.java:<init>(105)) - 37b2c1ee-956a-4dec-b232-912a6a25ff9b@group-E783B1FF2571: ConfigurationManager, init=-1: [37b2c1ee-956a-4dec-b232-912a6a25ff9b|rpc:172.17.0.2:35677|priority:1], old=null, confs=<EMPTY_MAP>
2021-05-19 07:42:00,934 [pool-285-thread-1] INFO  server.RaftServerConfigKeys (ConfUtils.java:logGet(44)) - raft.server.storage.dir = [/github/workspace/mnt/ozone/hadoop-ozone/integration-test/target/test-dir/MiniOzoneClusterImpl-952c9dfc-8967-4523-b06f-60d3bd5de2bf/datanode-3/data/ratis] (custom)
2021-05-19 07:42:00,934 [pool-285-thread-1] INFO  server.RaftServerConfigKeys (ConfUtils.java:logGet(44)) - raft.server.log.corruption.policy = EXCEPTION (default)
2021-05-19 07:42:00,934 [pool-285-thread-1] INFO  storage.RaftStorageDirectory (RaftStorageDirectoryImpl.java:analyzeStorage(132)) - The storage directory /github/workspace/mnt/ozone/hadoop-ozone/integration-test/target/test-dir/MiniOzoneClusterImpl-952c9dfc-8967-4523-b06f-60d3bd5de2bf/datanode-3/data/ratis/114b3233-061f-4cf5-bbb7-e783b1ff2571 does not exist. Creating ...
2021-05-19 07:42:00,935 [pool-285-thread-1] INFO  storage.RaftStorageDirectory (RaftStorageDirectoryImpl.java:tryLock(215)) - Lock on /github/workspace/mnt/ozone/hadoop-ozone/integration-test/target/test-dir/MiniOzoneClusterImpl-952c9dfc-8967-4523-b06f-60d3bd5de2bf/datanode-3/data/ratis/114b3233-061f-4cf5-bbb7-e783b1ff2571/in_use.lock acquired by nodename 16447@3974e5c036b4
2021-05-19 07:42:00,936 [pool-285-thread-1] INFO  storage.RaftStorage (RaftStorageImpl.java:format(87)) - Storage directory /github/workspace/mnt/ozone/hadoop-ozone/integration-test/target/test-dir/MiniOzoneClusterImpl-952c9dfc-8967-4523-b06f-60d3bd5de2bf/datanode-3/data/ratis/114b3233-061f-4cf5-bbb7-e783b1ff2571 has been successfully formatted.
2021-05-19 07:42:00,937 [pool-285-thread-1] INFO  ratis.ContainerStateMachine (ContainerStateMachine.java:loadSnapshot(224)) - group-E783B1FF2571: The snapshot info is null. Setting the last applied indexto:(t:0, i:~)
2021-05-19 07:42:00,937 [EventQueue-PipelineReportForPipelineReportHandler] INFO  pipeline.PipelineManagerV2Impl (PipelineManagerV2Impl.java:openPipeline(270)) - Pipeline Pipeline[ Id: 114b3233-061f-4cf5-bbb7-e783b1ff2571, Nodes: 37b2c1ee-956a-4dec-b232-912a6a25ff9b{ip: 172.17.0.2, host: 3974e5c036b4, ports: [REPLICATION=33365, RATIS=35677, RATIS_ADMIN=35677, RATIS_SERVER=35677, STANDALONE=37521], networkLocation: /default-rack, certSerialId: null, persistedOpState: IN_SERVICE, persistedOpStateExpiryEpochSec: 0}, ReplicationConfig: RATIS/ONE, State:ALLOCATED, leaderId:37b2c1ee-956a-4dec-b232-912a6a25ff9b, CreationTimestamp2021-05-19T07:41:57.933Z] moved to OPEN state
2021-05-19 07:42:00,938 [pool-285-thread-1] INFO  server.RaftServerConfigKeys (ConfUtils.java:logGet(44)) - raft.server.notification.no-leader.timeout = 300000ms (custom)
2021-05-19 07:42:00,938 [pool-285-thread-1] INFO  server.RaftServerConfigKeys (ConfUtils.java:logGet(44)) - raft.server.log.use.memory = false (default)
2021-05-19 07:42:00,938 [pool-285-thread-1] INFO  server.RaftServerConfigKeys (ConfUtils.java:logGet(44)) - raft.server.log.purge.gap = 1000000 (custom)
2021-05-19 07:42:00,938 [pool-285-thread-1] INFO  server.RaftServerConfigKeys (ConfUtils.java:logGet(44)) - raft.server.log.appender.buffer.byte-limit = 33554432 (custom)
2021-05-19 07:42:00,938 [pool-285-thread-1] INFO  metrics.RatisMetrics (RatisMetrics.java:lambda$create$0(36)) - Creating Metrics Registry : ratis.log_worker.37b2c1ee-956a-4dec-b232-912a6a25ff9b@group-E783B1FF2571
2021-05-19 07:42:00,938 [EventQueue-OpenPipelineForHealthyPipelineSafeModeRule] INFO  safemode.SCMSafeModeManager (HealthyPipelineSafeModeRule.java:process(130)) - SCM in safe mode. Healthy pipelines reported count is 0, required healthy pipeline reported count is 1
2021-05-19 07:42:00,938 [EventQueue-PipelineReportForOneReplicaPipelineSafeModeRule] INFO  safemode.SCMSafeModeManager (SCMSafeModeManager.java:validateSafeModeExitRules(201)) - AtleastOneDatanodeReportedRule rule is successfully validated
2021-05-19 07:42:00,938 [pool-285-thread-1] INFO  server.RaftServerConfigKeys (ConfUtils.java:logGet(44)) - raft.server.log.segment.size.max = 1048576 (custom)
2021-05-19 07:42:00,939 [pool-285-thread-1] INFO  server.RaftServerConfigKeys (ConfUtils.java:logGet(44)) - raft.server.log.segment.cache.num.max = 2 (custom)
2021-05-19 07:42:00,939 [pool-285-thread-1] INFO  server.RaftServerConfigKeys (ConfUtils.java:logGet(44)) - raft.server.log.segment.cache.size.max = 200MB (=209715200) (default)
2021-05-19 07:42:00,939 [pool-285-thread-1] INFO  segmented.SegmentedRaftLogWorker (SegmentedRaftLogWorker.java:<init>(182)) - new 37b2c1ee-956a-4dec-b232-912a6a25ff9b@group-E783B1FF2571-SegmentedRaftLogWorker for RaftStorageImpl:Storage Directory /github/workspace/mnt/ozone/hadoop-ozone/integration-test/target/test-dir/MiniOzoneClusterImpl-952c9dfc-8967-4523-b06f-60d3bd5de2bf/datanode-3/data/ratis/114b3233-061f-4cf5-bbb7-e783b1ff2571
2021-05-19 07:42:00,939 [pool-285-thread-1] INFO  server.RaftServerConfigKeys (ConfUtils.java:logGet(44)) - raft.server.log.queue.byte-limit = 2147483647 (custom)
2021-05-19 07:42:00,939 [pool-285-thread-1] INFO  server.RaftServerConfigKeys (ConfUtils.java:logGet(44)) - raft.server.log.queue.element-limit = 1024 (custom)
2021-05-19 07:42:00,939 [pool-285-thread-1] INFO  server.RaftServerConfigKeys (ConfUtils.java:logGet(44)) - raft.server.log.segment.size.max = 1048576 (custom)
2021-05-19 07:42:00,939 [pool-285-thread-1] INFO  server.RaftServerConfigKeys (ConfUtils.java:logGet(44)) - raft.server.log.preallocated.size = 16384 (custom)
2021-05-19 07:42:00,939 [pool-285-thread-1] INFO  server.RaftServerConfigKeys (ConfUtils.java:logGet(44)) - raft.server.log.force.sync.num = 128 (default)
2021-05-19 07:42:00,939 [pool-285-thread-1] INFO  server.RaftServerConfigKeys (ConfUtils.java:logGet(44)) - raft.server.log.statemachine.data.sync = true (default)
2021-05-19 07:42:00,939 [pool-285-thread-1] INFO  server.RaftServerConfigKeys (ConfUtils.java:logGet(44)) - raft.server.log.statemachine.data.sync.timeout = 10s (default)
2021-05-19 07:42:00,939 [pool-285-thread-1] INFO  server.RaftServerConfigKeys (ConfUtils.java:logGet(44)) - raft.server.log.statemachine.data.sync.timeout.retry = -1 (default)
2021-05-19 07:42:00,940 [pool-285-thread-1] INFO  server.RaftServerConfigKeys (ConfUtils.java:logGet(44)) - raft.server.log.write.buffer.size = 1048576 (custom)
2021-05-19 07:42:00,940 [pool-285-thread-1] INFO  server.RaftServerConfigKeys (ConfUtils.java:logGet(44)) - raft.server.log.statemachine.data.caching.enabled = true (custom)
2021-05-19 07:42:00,940 [pool-285-thread-1] INFO  segmented.SegmentedRaftLogWorker (SegmentedRaftLogWorker.java:lambda$new$0(133)) - 37b2c1ee-956a-4dec-b232-912a6a25ff9b@group-E783B1FF2571-SegmentedRaftLogWorker: flushIndex: setUnconditionally 0 -> -1
2021-05-19 07:42:00,940 [pool-285-thread-1] INFO  segmented.SegmentedRaftLogWorker (SegmentedRaftLogWorker.java:lambda$new$0(133)) - 37b2c1ee-956a-4dec-b232-912a6a25ff9b@group-E783B1FF2571-SegmentedRaftLogWorker: safeCacheEvictIndex: setUnconditionally 0 -> -1
2021-05-19 07:42:00,942 [pool-285-thread-1] INFO  server.RaftServerConfigKeys (ConfUtils.java:logGet(44)) - raft.server.snapshot.auto.trigger.enabled = true (custom)
2021-05-19 07:42:00,942 [pool-285-thread-1] INFO  server.RaftServerConfigKeys (ConfUtils.java:logGet(44)) - raft.server.snapshot.auto.trigger.threshold = 10000 (custom)
2021-05-19 07:42:00,942 [pool-285-thread-1] INFO  server.RaftServerConfigKeys (ConfUtils.java:logGet(44)) - raft.server.snapshot.retention.file.num = 5 (custom)
2021-05-19 07:42:00,942 [pool-285-thread-1] INFO  server.RaftServerConfigKeys (ConfUtils.java:logGet(44)) - raft.server.log.purge.upto.snapshot.index = false (default)
2021-05-19 07:42:00,942 [pool-285-thread-1] INFO  server.RaftServerConfigKeys (ConfUtils.java:logGet(44)) - raft.server.retrycache.expirytime = 600000ms (custom)
2021-05-19 07:42:00,942 [pool-285-thread-1] INFO  server.RaftServerConfigKeys (ConfUtils.java:logGet(44)) - raft.server.retrycache.statistics.expirytime = 100?s (default)
2021-05-19 07:42:00,943 [pool-285-thread-1] INFO  metrics.RatisMetrics (RatisMetrics.java:lambda$create$0(36)) - Creating Metrics Registry : ratis.leader_election.37b2c1ee-956a-4dec-b232-912a6a25ff9b@group-E783B1FF2571
2021-05-19 07:42:00,943 [pool-285-thread-1] INFO  metrics.RatisMetrics (RatisMetrics.java:lambda$create$0(36)) - Creating Metrics Registry : ratis.server.37b2c1ee-956a-4dec-b232-912a6a25ff9b@group-E783B1FF2571
2021-05-19 07:42:00,944 [pool-285-thread-1] INFO  server.RaftServer$Division (RaftServerImpl.java:start(295)) - 37b2c1ee-956a-4dec-b232-912a6a25ff9b@group-E783B1FF2571: start as a follower, conf=-1: [37b2c1ee-956a-4dec-b232-912a6a25ff9b|rpc:172.17.0.2:35677|priority:1], old=null
2021-05-19 07:42:00,944 [pool-285-thread-1] INFO  server.RaftServer$Division (RaftServerImpl.java:setRole(284)) - 37b2c1ee-956a-4dec-b232-912a6a25ff9b@group-E783B1FF2571: changes role from      null to FOLLOWER at term 0 for startAsFollower
2021-05-19 07:42:00,944 [pool-285-thread-1] INFO  impl.RoleInfo (RoleInfo.java:updateAndGet(130)) - 37b2c1ee-956a-4dec-b232-912a6a25ff9b: start 37b2c1ee-956a-4dec-b232-912a6a25ff9b@group-E783B1FF2571-FollowerState
2021-05-19 07:42:00,944 [pool-285-thread-1] INFO  util.JmxRegister (JmxRegister.java:tryRegister(44)) - Successfully registered JMX Bean with object name Ratis:service=RaftServer,group=group-E783B1FF2571,id=37b2c1ee-956a-4dec-b232-912a6a25ff9b
2021-05-19 07:42:00,944 [pool-285-thread-1] INFO  metrics.RatisMetrics (RatisMetrics.java:lambda$create$0(36)) - Creating Metrics Registry : ratis.state_machine.37b2c1ee-956a-4dec-b232-912a6a25ff9b@group-E783B1FF2571
2021-05-19 07:42:00,944 [Command processor thread] INFO  ratis.XceiverServerRatis (XceiverServerRatis.java:addGroup(808)) - Created group PipelineID=114b3233-061f-4cf5-bbb7-e783b1ff2571
2021-05-19 07:42:00,945 [Command processor thread] INFO  commandhandler.CreatePipelineCommandHandler (CreatePipelineCommandHandler.java:handle(106)) - Created Pipeline RATIS ONE PipelineID=114b3233-061f-4cf5-bbb7-e783b1ff2571.
2021-05-19 07:42:00,945 [Command processor thread] INFO  server.RaftServer (RaftServerProxy.java:addNew(95)) - 37b2c1ee-956a-4dec-b232-912a6a25ff9b: addNew group-03E6AD90B47F:[37b2c1ee-956a-4dec-b232-912a6a25ff9b|rpc:172.17.0.2:35677|priority:0, 9d983546-4247-4c0f-83b0-40f69e4f4d28|rpc:172.17.0.2:36963|priority:1, a4ee1d3f-5505-4afe-8a03-746b4b90cef8|rpc:172.17.0.2:46809|priority:0] returns group-03E6AD90B47F:java.util.concurrent.CompletableFuture@287be2e4[Not completed]
2021-05-19 07:42:00,945 [pool-285-thread-1] INFO  server.RaftServer$Division (RaftServerImpl.java:<init>(180)) - 37b2c1ee-956a-4dec-b232-912a6a25ff9b: new RaftServerImpl for group-03E6AD90B47F:[37b2c1ee-956a-4dec-b232-912a6a25ff9b|rpc:172.17.0.2:35677|priority:0, 9d983546-4247-4c0f-83b0-40f69e4f4d28|rpc:172.17.0.2:36963|priority:1, a4ee1d3f-5505-4afe-8a03-746b4b90cef8|rpc:172.17.0.2:46809|priority:0] with ContainerStateMachine:uninitialized
2021-05-19 07:42:00,945 [pool-285-thread-1] INFO  server.RaftServerConfigKeys (ConfUtils.java:logGet(44)) - raft.server.rpc.timeout.min = 5s (custom)
2021-05-19 07:42:00,945 [pool-285-thread-1] INFO  server.RaftServerConfigKeys (ConfUtils.java:logGet(44)) - raft.server.rpc.timeout.max = 5200ms (custom)
2021-05-19 07:42:00,945 [pool-285-thread-1] INFO  server.RaftServerConfigKeys (ConfUtils.java:logGet(44)) - raft.server.rpc.sleep.time = 25ms (default)
2021-05-19 07:42:00,945 [pool-285-thread-1] INFO  server.RaftServerConfigKeys (ConfUtils.java:logGet(44)) - raft.server.rpc.slowness.timeout = 300000ms (custom)
2021-05-19 07:42:00,946 [pool-285-thread-1] INFO  server.RaftServerConfigKeys (ConfUtils.java:logGet(44)) - raft.server.leaderelection.leader.step-down.wait-time = 10s (default)
2021-05-19 07:42:00,946 [pool-285-thread-1] INFO  server.RaftServerConfigKeys (ConfUtils.java:logGet(44)) - raft.server.sleep.deviation.threshold = 300ms (default)
2021-05-19 07:42:00,946 [pool-285-thread-1] INFO  server.RaftServerConfigKeys (ConfUtils.java:logGet(44)) - raft.server.log.appender.install.snapshot.enabled = false (custom)
2021-05-19 07:42:00,946 [pool-285-thread-1] INFO  server.RaftServer$Division (ServerState.java:<init>(105)) - 37b2c1ee-956a-4dec-b232-912a6a25ff9b@group-03E6AD90B47F: ConfigurationManager, init=-1: [37b2c1ee-956a-4dec-b232-912a6a25ff9b|rpc:172.17.0.2:35677|priority:0, 9d983546-4247-4c0f-83b0-40f69e4f4d28|rpc:172.17.0.2:36963|priority:1, a4ee1d3f-5505-4afe-8a03-746b4b90cef8|rpc:172.17.0.2:46809|priority:0], old=null, confs=<EMPTY_MAP>
2021-05-19 07:42:00,946 [pool-285-thread-1] INFO  server.RaftServerConfigKeys (ConfUtils.java:logGet(44)) - raft.server.storage.dir = [/github/workspace/mnt/ozone/hadoop-ozone/integration-test/target/test-dir/MiniOzoneClusterImpl-952c9dfc-8967-4523-b06f-60d3bd5de2bf/datanode-3/data/ratis] (custom)
2021-05-19 07:42:00,946 [pool-285-thread-1] INFO  server.RaftServerConfigKeys (ConfUtils.java:logGet(44)) - raft.server.log.corruption.policy = EXCEPTION (default)
2021-05-19 07:42:00,946 [pool-285-thread-1] INFO  storage.RaftStorageDirectory (RaftStorageDirectoryImpl.java:analyzeStorage(132)) - The storage directory /github/workspace/mnt/ozone/hadoop-ozone/integration-test/target/test-dir/MiniOzoneClusterImpl-952c9dfc-8967-4523-b06f-60d3bd5de2bf/datanode-3/data/ratis/5b0e428d-fccc-451c-957f-03e6ad90b47f does not exist. Creating ...
2021-05-19 07:42:00,947 [pool-285-thread-1] INFO  storage.RaftStorageDirectory (RaftStorageDirectoryImpl.java:tryLock(215)) - Lock on /github/workspace/mnt/ozone/hadoop-ozone/integration-test/target/test-dir/MiniOzoneClusterImpl-952c9dfc-8967-4523-b06f-60d3bd5de2bf/datanode-3/data/ratis/5b0e428d-fccc-451c-957f-03e6ad90b47f/in_use.lock acquired by nodename 16447@3974e5c036b4
2021-05-19 07:42:00,948 [pool-285-thread-1] INFO  storage.RaftStorage (RaftStorageImpl.java:format(87)) - Storage directory /github/workspace/mnt/ozone/hadoop-ozone/integration-test/target/test-dir/MiniOzoneClusterImpl-952c9dfc-8967-4523-b06f-60d3bd5de2bf/datanode-3/data/ratis/5b0e428d-fccc-451c-957f-03e6ad90b47f has been successfully formatted.
2021-05-19 07:42:00,949 [pool-285-thread-1] INFO  ratis.ContainerStateMachine (ContainerStateMachine.java:loadSnapshot(224)) - group-03E6AD90B47F: The snapshot info is null. Setting the last applied indexto:(t:0, i:~)
2021-05-19 07:42:00,949 [pool-285-thread-1] INFO  server.RaftServerConfigKeys (ConfUtils.java:logGet(44)) - raft.server.notification.no-leader.timeout = 300000ms (custom)
2021-05-19 07:42:00,949 [pool-285-thread-1] INFO  server.RaftServerConfigKeys (ConfUtils.java:logGet(44)) - raft.server.log.use.memory = false (default)
2021-05-19 07:42:00,949 [pool-285-thread-1] INFO  server.RaftServerConfigKeys (ConfUtils.java:logGet(44)) - raft.server.log.purge.gap = 1000000 (custom)
2021-05-19 07:42:00,949 [pool-285-thread-1] INFO  server.RaftServerConfigKeys (ConfUtils.java:logGet(44)) - raft.server.log.appender.buffer.byte-limit = 33554432 (custom)
2021-05-19 07:42:00,949 [pool-285-thread-1] INFO  metrics.RatisMetrics (RatisMetrics.java:lambda$create$0(36)) - Creating Metrics Registry : ratis.log_worker.37b2c1ee-956a-4dec-b232-912a6a25ff9b@group-03E6AD90B47F
2021-05-19 07:42:00,949 [EventQueue-OpenPipelineForHealthyPipelineSafeModeRule] INFO  safemode.SCMSafeModeManager (HealthyPipelineSafeModeRule.java:process(130)) - SCM in safe mode. Healthy pipelines reported count is 0, required healthy pipeline reported count is 1
2021-05-19 07:42:00,949 [EventQueue-PipelineReportForOneReplicaPipelineSafeModeRule] INFO  safemode.SCMSafeModeManager (SCMSafeModeManager.java:validateSafeModeExitRules(201)) - AtleastOneDatanodeReportedRule rule is successfully validated
2021-05-19 07:42:00,949 [pool-285-thread-1] INFO  server.RaftServerConfigKeys (ConfUtils.java:logGet(44)) - raft.server.log.segment.size.max = 1048576 (custom)
2021-05-19 07:42:00,950 [pool-285-thread-1] INFO  server.RaftServerConfigKeys (ConfUtils.java:logGet(44)) - raft.server.log.segment.cache.num.max = 2 (custom)
2021-05-19 07:42:00,950 [pool-285-thread-1] INFO  server.RaftServerConfigKeys (ConfUtils.java:logGet(44)) - raft.server.log.segment.cache.size.max = 200MB (=209715200) (default)
2021-05-19 07:42:00,950 [pool-285-thread-1] INFO  segmented.SegmentedRaftLogWorker (SegmentedRaftLogWorker.java:<init>(182)) - new 37b2c1ee-956a-4dec-b232-912a6a25ff9b@group-03E6AD90B47F-SegmentedRaftLogWorker for RaftStorageImpl:Storage Directory /github/workspace/mnt/ozone/hadoop-ozone/integration-test/target/test-dir/MiniOzoneClusterImpl-952c9dfc-8967-4523-b06f-60d3bd5de2bf/datanode-3/data/ratis/5b0e428d-fccc-451c-957f-03e6ad90b47f
2021-05-19 07:42:00,950 [pool-285-thread-1] INFO  server.RaftServerConfigKeys (ConfUtils.java:logGet(44)) - raft.server.log.queue.byte-limit = 2147483647 (custom)
2021-05-19 07:42:00,950 [pool-285-thread-1] INFO  server.RaftServerConfigKeys (ConfUtils.java:logGet(44)) - raft.server.log.queue.element-limit = 1024 (custom)
2021-05-19 07:42:00,950 [pool-285-thread-1] INFO  server.RaftServerConfigKeys (ConfUtils.java:logGet(44)) - raft.server.log.segment.size.max = 1048576 (custom)
2021-05-19 07:42:00,950 [pool-285-thread-1] INFO  server.RaftServerConfigKeys (ConfUtils.java:logGet(44)) - raft.server.log.preallocated.size = 16384 (custom)
2021-05-19 07:42:00,950 [pool-285-thread-1] INFO  server.RaftServerConfigKeys (ConfUtils.java:logGet(44)) - raft.server.log.force.sync.num = 128 (default)
2021-05-19 07:42:00,950 [pool-285-thread-1] INFO  server.RaftServerConfigKeys (ConfUtils.java:logGet(44)) - raft.server.log.statemachine.data.sync = true (default)
2021-05-19 07:42:00,950 [pool-285-thread-1] INFO  server.RaftServerConfigKeys (ConfUtils.java:logGet(44)) - raft.server.log.statemachine.data.sync.timeout = 10s (default)
2021-05-19 07:42:00,950 [pool-285-thread-1] INFO  server.RaftServerConfigKeys (ConfUtils.java:logGet(44)) - raft.server.log.statemachine.data.sync.timeout.retry = -1 (default)
2021-05-19 07:42:00,951 [pool-285-thread-1] INFO  server.RaftServerConfigKeys (ConfUtils.java:logGet(44)) - raft.server.log.write.buffer.size = 1048576 (custom)
2021-05-19 07:42:00,952 [pool-285-thread-1] INFO  server.RaftServerConfigKeys (ConfUtils.java:logGet(44)) - raft.server.log.statemachine.data.caching.enabled = true (custom)
2021-05-19 07:42:00,952 [pool-285-thread-1] INFO  segmented.SegmentedRaftLogWorker (SegmentedRaftLogWorker.java:lambda$new$0(133)) - 37b2c1ee-956a-4dec-b232-912a6a25ff9b@group-03E6AD90B47F-SegmentedRaftLogWorker: flushIndex: setUnconditionally 0 -> -1
2021-05-19 07:42:00,952 [pool-285-thread-1] INFO  segmented.SegmentedRaftLogWorker (SegmentedRaftLogWorker.java:lambda$new$0(133)) - 37b2c1ee-956a-4dec-b232-912a6a25ff9b@group-03E6AD90B47F-SegmentedRaftLogWorker: safeCacheEvictIndex: setUnconditionally 0 -> -1
2021-05-19 07:42:00,955 [pool-285-thread-1] INFO  server.RaftServerConfigKeys (ConfUtils.java:logGet(44)) - raft.server.snapshot.auto.trigger.enabled = true (custom)
2021-05-19 07:42:00,955 [pool-285-thread-1] INFO  server.RaftServerConfigKeys (ConfUtils.java:logGet(44)) - raft.server.snapshot.auto.trigger.threshold = 10000 (custom)
2021-05-19 07:42:00,955 [pool-285-thread-1] INFO  server.RaftServerConfigKeys (ConfUtils.java:logGet(44)) - raft.server.snapshot.retention.file.num = 5 (custom)
2021-05-19 07:42:00,955 [pool-285-thread-1] INFO  server.RaftServerConfigKeys (ConfUtils.java:logGet(44)) - raft.server.log.purge.upto.snapshot.index = false (default)
2021-05-19 07:42:00,955 [pool-285-thread-1] INFO  server.RaftServerConfigKeys (ConfUtils.java:logGet(44)) - raft.server.retrycache.expirytime = 600000ms (custom)
2021-05-19 07:42:00,955 [pool-285-thread-1] INFO  server.RaftServerConfigKeys (ConfUtils.java:logGet(44)) - raft.server.retrycache.statistics.expirytime = 100?s (default)
2021-05-19 07:42:00,955 [pool-285-thread-1] INFO  metrics.RatisMetrics (RatisMetrics.java:lambda$create$0(36)) - Creating Metrics Registry : ratis.leader_election.37b2c1ee-956a-4dec-b232-912a6a25ff9b@group-03E6AD90B47F
2021-05-19 07:42:00,956 [pool-285-thread-1] INFO  metrics.RatisMetrics (RatisMetrics.java:lambda$create$0(36)) - Creating Metrics Registry : ratis.server.37b2c1ee-956a-4dec-b232-912a6a25ff9b@group-03E6AD90B47F
2021-05-19 07:42:00,956 [pool-285-thread-1] INFO  server.RaftServer$Division (RaftServerImpl.java:start(295)) - 37b2c1ee-956a-4dec-b232-912a6a25ff9b@group-03E6AD90B47F: start as a follower, conf=-1: [37b2c1ee-956a-4dec-b232-912a6a25ff9b|rpc:172.17.0.2:35677|priority:0, 9d983546-4247-4c0f-83b0-40f69e4f4d28|rpc:172.17.0.2:36963|priority:1, a4ee1d3f-5505-4afe-8a03-746b4b90cef8|rpc:172.17.0.2:46809|priority:0], old=null
2021-05-19 07:42:00,956 [pool-285-thread-1] INFO  server.RaftServer$Division (RaftServerImpl.java:setRole(284)) - 37b2c1ee-956a-4dec-b232-912a6a25ff9b@group-03E6AD90B47F: changes role from      null to FOLLOWER at term 0 for startAsFollower
2021-05-19 07:42:00,957 [pool-285-thread-1] INFO  impl.RoleInfo (RoleInfo.java:updateAndGet(130)) - 37b2c1ee-956a-4dec-b232-912a6a25ff9b: start 37b2c1ee-956a-4dec-b232-912a6a25ff9b@group-03E6AD90B47F-FollowerState
2021-05-19 07:42:00,957 [pool-285-thread-1] INFO  util.JmxRegister (JmxRegister.java:tryRegister(44)) - Successfully registered JMX Bean with object name Ratis:service=RaftServer,group=group-03E6AD90B47F,id=37b2c1ee-956a-4dec-b232-912a6a25ff9b
2021-05-19 07:42:00,957 [pool-285-thread-1] INFO  metrics.RatisMetrics (RatisMetrics.java:lambda$create$0(36)) - Creating Metrics Registry : ratis.state_machine.37b2c1ee-956a-4dec-b232-912a6a25ff9b@group-03E6AD90B47F
2021-05-19 07:42:00,957 [Command processor thread] INFO  ratis.XceiverServerRatis (XceiverServerRatis.java:addGroup(808)) - Created group PipelineID=5b0e428d-fccc-451c-957f-03e6ad90b47f
2021-05-19 07:42:00,958 [Command processor thread] INFO  metrics.RatisMetrics (RatisMetrics.java:lambda$create$0(36)) - Creating Metrics Registry : ratis.client_message_metrics.client-FA0B3D7E268D->a4ee1d3f-5505-4afe-8a03-746b4b90cef8
2021-05-19 07:42:00,962 [grpc-default-executor-3] INFO  metrics.RatisMetrics (RatisMetrics.java:lambda$create$0(36)) - Creating Metrics Registry : ratis.server_message_metrics.a4ee1d3f-5505-4afe-8a03-746b4b90cef8
2021-05-19 07:42:00,964 [grpc-default-executor-3] INFO  server.RaftServer (RaftServerProxy.java:addNew(95)) - a4ee1d3f-5505-4afe-8a03-746b4b90cef8: addNew group-03E6AD90B47F:[37b2c1ee-956a-4dec-b232-912a6a25ff9b|rpc:172.17.0.2:35677|dataStream:|priority:0, 9d983546-4247-4c0f-83b0-40f69e4f4d28|rpc:172.17.0.2:36963|dataStream:|priority:1, a4ee1d3f-5505-4afe-8a03-746b4b90cef8|rpc:172.17.0.2:46809|dataStream:|priority:0] returns group-03E6AD90B47F:java.util.concurrent.CompletableFuture@6fed80ad[Not completed]
2021-05-19 07:42:00,965 [pool-303-thread-1] INFO  server.RaftServer$Division (RaftServerImpl.java:<init>(180)) - a4ee1d3f-5505-4afe-8a03-746b4b90cef8: new RaftServerImpl for group-03E6AD90B47F:[37b2c1ee-956a-4dec-b232-912a6a25ff9b|rpc:172.17.0.2:35677|dataStream:|priority:0, 9d983546-4247-4c0f-83b0-40f69e4f4d28|rpc:172.17.0.2:36963|dataStream:|priority:1, a4ee1d3f-5505-4afe-8a03-746b4b90cef8|rpc:172.17.0.2:46809|dataStream:|priority:0] with ContainerStateMachine:uninitialized
2021-05-19 07:42:00,965 [pool-303-thread-1] INFO  server.RaftServerConfigKeys (ConfUtils.java:logGet(44)) - raft.server.rpc.timeout.min = 5s (custom)
2021-05-19 07:42:00,965 [pool-303-thread-1] INFO  server.RaftServerConfigKeys (ConfUtils.java:logGet(44)) - raft.server.rpc.timeout.max = 5200ms (custom)
2021-05-19 07:42:00,965 [pool-303-thread-1] INFO  server.RaftServerConfigKeys (ConfUtils.java:logGet(44)) - raft.server.rpc.sleep.time = 25ms (default)
2021-05-19 07:42:00,965 [pool-303-thread-1] INFO  server.RaftServerConfigKeys (ConfUtils.java:logGet(44)) - raft.server.rpc.slowness.timeout = 300000ms (custom)
2021-05-19 07:42:00,965 [pool-303-thread-1] INFO  server.RaftServerConfigKeys (ConfUtils.java:logGet(44)) - raft.server.leaderelection.leader.step-down.wait-time = 10s (default)
2021-05-19 07:42:00,965 [pool-303-thread-1] INFO  server.RaftServerConfigKeys (ConfUtils.java:logGet(44)) - raft.server.sleep.deviation.threshold = 300ms (default)
2021-05-19 07:42:00,965 [pool-303-thread-1] INFO  server.RaftServerConfigKeys (ConfUtils.java:logGet(44)) - raft.server.log.appender.install.snapshot.enabled = false (custom)
2021-05-19 07:42:00,965 [pool-303-thread-1] INFO  server.RaftServer$Division (ServerState.java:<init>(105)) - a4ee1d3f-5505-4afe-8a03-746b4b90cef8@group-03E6AD90B47F: ConfigurationManager, init=-1: [37b2c1ee-956a-4dec-b232-912a6a25ff9b|rpc:172.17.0.2:35677|dataStream:|priority:0, 9d983546-4247-4c0f-83b0-40f69e4f4d28|rpc:172.17.0.2:36963|dataStream:|priority:1, a4ee1d3f-5505-4afe-8a03-746b4b90cef8|rpc:172.17.0.2:46809|dataStream:|priority:0], old=null, confs=<EMPTY_MAP>
2021-05-19 07:42:00,966 [pool-303-thread-1] INFO  server.RaftServerConfigKeys (ConfUtils.java:logGet(44)) - raft.server.storage.dir = [/github/workspace/mnt/ozone/hadoop-ozone/integration-test/target/test-dir/MiniOzoneClusterImpl-952c9dfc-8967-4523-b06f-60d3bd5de2bf/datanode-4/data/ratis] (custom)
2021-05-19 07:42:00,966 [pool-303-thread-1] INFO  server.RaftServerConfigKeys (ConfUtils.java:logGet(44)) - raft.server.log.corruption.policy = EXCEPTION (default)
2021-05-19 07:42:00,966 [pool-303-thread-1] INFO  storage.RaftStorageDirectory (RaftStorageDirectoryImpl.java:analyzeStorage(132)) - The storage directory /github/workspace/mnt/ozone/hadoop-ozone/integration-test/target/test-dir/MiniOzoneClusterImpl-952c9dfc-8967-4523-b06f-60d3bd5de2bf/datanode-4/data/ratis/5b0e428d-fccc-451c-957f-03e6ad90b47f does not exist. Creating ...
2021-05-19 07:42:00,967 [pool-303-thread-1] INFO  storage.RaftStorageDirectory (RaftStorageDirectoryImpl.java:tryLock(215)) - Lock on /github/workspace/mnt/ozone/hadoop-ozone/integration-test/target/test-dir/MiniOzoneClusterImpl-952c9dfc-8967-4523-b06f-60d3bd5de2bf/datanode-4/data/ratis/5b0e428d-fccc-451c-957f-03e6ad90b47f/in_use.lock acquired by nodename 16447@3974e5c036b4
2021-05-19 07:42:00,968 [pool-303-thread-1] INFO  storage.RaftStorage (RaftStorageImpl.java:format(87)) - Storage directory /github/workspace/mnt/ozone/hadoop-ozone/integration-test/target/test-dir/MiniOzoneClusterImpl-952c9dfc-8967-4523-b06f-60d3bd5de2bf/datanode-4/data/ratis/5b0e428d-fccc-451c-957f-03e6ad90b47f has been successfully formatted.
2021-05-19 07:42:00,968 [pool-303-thread-1] INFO  ratis.ContainerStateMachine (ContainerStateMachine.java:loadSnapshot(224)) - group-03E6AD90B47F: The snapshot info is null. Setting the last applied indexto:(t:0, i:~)
2021-05-19 07:42:00,969 [pool-303-thread-1] INFO  server.RaftServerConfigKeys (ConfUtils.java:logGet(44)) - raft.server.notification.no-leader.timeout = 300000ms (custom)
2021-05-19 07:42:00,969 [EventQueue-PipelineReportForOneReplicaPipelineSafeModeRule] INFO  safemode.SCMSafeModeManager (SCMSafeModeManager.java:validateSafeModeExitRules(201)) - AtleastOneDatanodeReportedRule rule is successfully validated
2021-05-19 07:42:00,969 [pool-303-thread-1] INFO  server.RaftServerConfigKeys (ConfUtils.java:logGet(44)) - raft.server.log.use.memory = false (default)
2021-05-19 07:42:00,969 [pool-303-thread-1] INFO  server.RaftServerConfigKeys (ConfUtils.java:logGet(44)) - raft.server.log.purge.gap = 1000000 (custom)
2021-05-19 07:42:00,969 [pool-303-thread-1] INFO  server.RaftServerConfigKeys (ConfUtils.java:logGet(44)) - raft.server.log.appender.buffer.byte-limit = 33554432 (custom)
2021-05-19 07:42:00,970 [pool-303-thread-1] INFO  metrics.RatisMetrics (RatisMetrics.java:lambda$create$0(36)) - Creating Metrics Registry : ratis.log_worker.a4ee1d3f-5505-4afe-8a03-746b4b90cef8@group-03E6AD90B47F
2021-05-19 07:42:00,970 [pool-303-thread-1] INFO  server.RaftServerConfigKeys (ConfUtils.java:logGet(44)) - raft.server.log.segment.size.max = 1048576 (custom)
2021-05-19 07:42:00,970 [pool-303-thread-1] INFO  server.RaftServerConfigKeys (ConfUtils.java:logGet(44)) - raft.server.log.segment.cache.num.max = 2 (custom)
2021-05-19 07:42:00,970 [pool-303-thread-1] INFO  server.RaftServerConfigKeys (ConfUtils.java:logGet(44)) - raft.server.log.segment.cache.size.max = 200MB (=209715200) (default)
2021-05-19 07:42:00,970 [pool-303-thread-1] INFO  segmented.SegmentedRaftLogWorker (SegmentedRaftLogWorker.java:<init>(182)) - new a4ee1d3f-5505-4afe-8a03-746b4b90cef8@group-03E6AD90B47F-SegmentedRaftLogWorker for RaftStorageImpl:Storage Directory /github/workspace/mnt/ozone/hadoop-ozone/integration-test/target/test-dir/MiniOzoneClusterImpl-952c9dfc-8967-4523-b06f-60d3bd5de2bf/datanode-4/data/ratis/5b0e428d-fccc-451c-957f-03e6ad90b47f
2021-05-19 07:42:00,970 [pool-303-thread-1] INFO  server.RaftServerConfigKeys (ConfUtils.java:logGet(44)) - raft.server.log.queue.byte-limit = 2147483647 (custom)
2021-05-19 07:42:00,970 [pool-303-thread-1] INFO  server.RaftServerConfigKeys (ConfUtils.java:logGet(44)) - raft.server.log.queue.element-limit = 1024 (custom)
2021-05-19 07:42:00,970 [pool-303-thread-1] INFO  server.RaftServerConfigKeys (ConfUtils.java:logGet(44)) - raft.server.log.segment.size.max = 1048576 (custom)
2021-05-19 07:42:00,970 [pool-303-thread-1] INFO  server.RaftServerConfigKeys (ConfUtils.java:logGet(44)) - raft.server.log.preallocated.size = 16384 (custom)
2021-05-19 07:42:00,970 [pool-303-thread-1] INFO  server.RaftServerConfigKeys (ConfUtils.java:logGet(44)) - raft.server.log.force.sync.num = 128 (default)
2021-05-19 07:42:00,970 [pool-303-thread-1] INFO  server.RaftServerConfigKeys (ConfUtils.java:logGet(44)) - raft.server.log.statemachine.data.sync = true (default)
2021-05-19 07:42:00,970 [pool-303-thread-1] INFO  server.RaftServerConfigKeys (ConfUtils.java:logGet(44)) - raft.server.log.statemachine.data.sync.timeout = 10s (default)
2021-05-19 07:42:00,970 [pool-303-thread-1] INFO  server.RaftServerConfigKeys (ConfUtils.java:logGet(44)) - raft.server.log.statemachine.data.sync.timeout.retry = -1 (default)
2021-05-19 07:42:00,971 [pool-303-thread-1] INFO  server.RaftServerConfigKeys (ConfUtils.java:logGet(44)) - raft.server.log.write.buffer.size = 1048576 (custom)
2021-05-19 07:42:00,972 [pool-303-thread-1] INFO  server.RaftServerConfigKeys (ConfUtils.java:logGet(44)) - raft.server.log.statemachine.data.caching.enabled = true (custom)
2021-05-19 07:42:00,972 [pool-303-thread-1] INFO  segmented.SegmentedRaftLogWorker (SegmentedRaftLogWorker.java:lambda$new$0(133)) - a4ee1d3f-5505-4afe-8a03-746b4b90cef8@group-03E6AD90B47F-SegmentedRaftLogWorker: flushIndex: setUnconditionally 0 -> -1
2021-05-19 07:42:00,972 [pool-303-thread-1] INFO  segmented.SegmentedRaftLogWorker (SegmentedRaftLogWorker.java:lambda$new$0(133)) - a4ee1d3f-5505-4afe-8a03-746b4b90cef8@group-03E6AD90B47F-SegmentedRaftLogWorker: safeCacheEvictIndex: setUnconditionally 0 -> -1
2021-05-19 07:42:00,972 [pool-303-thread-1] INFO  server.RaftServerConfigKeys (ConfUtils.java:logGet(44)) - raft.server.snapshot.auto.trigger.enabled = true (custom)
2021-05-19 07:42:00,972 [pool-303-thread-1] INFO  server.RaftServerConfigKeys (ConfUtils.java:logGet(44)) - raft.server.snapshot.auto.trigger.threshold = 10000 (custom)
2021-05-19 07:42:00,972 [pool-303-thread-1] INFO  server.RaftServerConfigKeys (ConfUtils.java:logGet(44)) - raft.server.snapshot.retention.file.num = 5 (custom)
2021-05-19 07:42:00,972 [pool-303-thread-1] INFO  server.RaftServerConfigKeys (ConfUtils.java:logGet(44)) - raft.server.log.purge.upto.snapshot.index = false (default)
2021-05-19 07:42:00,972 [pool-303-thread-1] INFO  server.RaftServerConfigKeys (ConfUtils.java:logGet(44)) - raft.server.retrycache.expirytime = 600000ms (custom)
2021-05-19 07:42:00,972 [pool-303-thread-1] INFO  server.RaftServerConfigKeys (ConfUtils.java:logGet(44)) - raft.server.retrycache.statistics.expirytime = 100?s (default)
2021-05-19 07:42:00,973 [pool-303-thread-1] INFO  metrics.RatisMetrics (RatisMetrics.java:lambda$create$0(36)) - Creating Metrics Registry : ratis.leader_election.a4ee1d3f-5505-4afe-8a03-746b4b90cef8@group-03E6AD90B47F
2021-05-19 07:42:00,973 [pool-303-thread-1] INFO  metrics.RatisMetrics (RatisMetrics.java:lambda$create$0(36)) - Creating Metrics Registry : ratis.server.a4ee1d3f-5505-4afe-8a03-746b4b90cef8@group-03E6AD90B47F
2021-05-19 07:42:00,974 [pool-303-thread-1] INFO  server.RaftServer$Division (RaftServerImpl.java:start(295)) - a4ee1d3f-5505-4afe-8a03-746b4b90cef8@group-03E6AD90B47F: start as a follower, conf=-1: [37b2c1ee-956a-4dec-b232-912a6a25ff9b|rpc:172.17.0.2:35677|dataStream:|priority:0, 9d983546-4247-4c0f-83b0-40f69e4f4d28|rpc:172.17.0.2:36963|dataStream:|priority:1, a4ee1d3f-5505-4afe-8a03-746b4b90cef8|rpc:172.17.0.2:46809|dataStream:|priority:0], old=null
2021-05-19 07:42:00,974 [pool-303-thread-1] INFO  server.RaftServer$Division (RaftServerImpl.java:setRole(284)) - a4ee1d3f-5505-4afe-8a03-746b4b90cef8@group-03E6AD90B47F: changes role from      null to FOLLOWER at term 0 for startAsFollower
2021-05-19 07:42:00,974 [pool-303-thread-1] INFO  impl.RoleInfo (RoleInfo.java:updateAndGet(130)) - a4ee1d3f-5505-4afe-8a03-746b4b90cef8: start a4ee1d3f-5505-4afe-8a03-746b4b90cef8@group-03E6AD90B47F-FollowerState
2021-05-19 07:42:00,974 [pool-303-thread-1] INFO  util.JmxRegister (JmxRegister.java:tryRegister(44)) - Successfully registered JMX Bean with object name Ratis:service=RaftServer,group=group-03E6AD90B47F,id=a4ee1d3f-5505-4afe-8a03-746b4b90cef8
2021-05-19 07:42:00,974 [pool-303-thread-1] INFO  metrics.RatisMetrics (RatisMetrics.java:lambda$create$0(36)) - Creating Metrics Registry : ratis.state_machine.a4ee1d3f-5505-4afe-8a03-746b4b90cef8@group-03E6AD90B47F
2021-05-19 07:42:00,983 [Command processor thread] INFO  metrics.RatisMetrics (RatisMetrics.java:lambda$create$0(36)) - Creating Metrics Registry : ratis.client_message_metrics.client-52C4DA95F2BB->9d983546-4247-4c0f-83b0-40f69e4f4d28
2021-05-19 07:42:00,991 [grpc-default-executor-3] INFO  metrics.RatisMetrics (RatisMetrics.java:lambda$create$0(36)) - Creating Metrics Registry : ratis.server_message_metrics.9d983546-4247-4c0f-83b0-40f69e4f4d28
2021-05-19 07:42:00,992 [grpc-default-executor-3] INFO  server.RaftServer (RaftServerProxy.java:addNew(95)) - 9d983546-4247-4c0f-83b0-40f69e4f4d28: addNew group-03E6AD90B47F:[37b2c1ee-956a-4dec-b232-912a6a25ff9b|rpc:172.17.0.2:35677|dataStream:|priority:0, 9d983546-4247-4c0f-83b0-40f69e4f4d28|rpc:172.17.0.2:36963|dataStream:|priority:1, a4ee1d3f-5505-4afe-8a03-746b4b90cef8|rpc:172.17.0.2:46809|dataStream:|priority:0] returns group-03E6AD90B47F:java.util.concurrent.CompletableFuture@a5eaf9d[Not completed]
2021-05-19 07:42:00,993 [pool-321-thread-1] INFO  server.RaftServer$Division (RaftServerImpl.java:<init>(180)) - 9d983546-4247-4c0f-83b0-40f69e4f4d28: new RaftServerImpl for group-03E6AD90B47F:[37b2c1ee-956a-4dec-b232-912a6a25ff9b|rpc:172.17.0.2:35677|dataStream:|priority:0, 9d983546-4247-4c0f-83b0-40f69e4f4d28|rpc:172.17.0.2:36963|dataStream:|priority:1, a4ee1d3f-5505-4afe-8a03-746b4b90cef8|rpc:172.17.0.2:46809|dataStream:|priority:0] with ContainerStateMachine:uninitialized
2021-05-19 07:42:00,993 [pool-321-thread-1] INFO  server.RaftServerConfigKeys (ConfUtils.java:logGet(44)) - raft.server.rpc.timeout.min = 5s (custom)
2021-05-19 07:42:00,993 [pool-321-thread-1] INFO  server.RaftServerConfigKeys (ConfUtils.java:logGet(44)) - raft.server.rpc.timeout.max = 5200ms (custom)
2021-05-19 07:42:00,993 [pool-321-thread-1] INFO  server.RaftServerConfigKeys (ConfUtils.java:logGet(44)) - raft.server.rpc.sleep.time = 25ms (default)
2021-05-19 07:42:00,993 [pool-321-thread-1] INFO  server.RaftServerConfigKeys (ConfUtils.java:logGet(44)) - raft.server.rpc.slowness.timeout = 300000ms (custom)
2021-05-19 07:42:00,993 [pool-321-thread-1] INFO  server.RaftServerConfigKeys (ConfUtils.java:logGet(44)) - raft.server.leaderelection.leader.step-down.wait-time = 10s (default)
2021-05-19 07:42:00,993 [pool-321-thread-1] INFO  server.RaftServerConfigKeys (ConfUtils.java:logGet(44)) - raft.server.sleep.deviation.threshold = 300ms (default)
2021-05-19 07:42:00,993 [pool-321-thread-1] INFO  server.RaftServerConfigKeys (ConfUtils.java:logGet(44)) - raft.server.log.appender.install.snapshot.enabled = false (custom)
2021-05-19 07:42:00,993 [pool-321-thread-1] INFO  server.RaftServer$Division (ServerState.java:<init>(105)) - 9d983546-4247-4c0f-83b0-40f69e4f4d28@group-03E6AD90B47F: ConfigurationManager, init=-1: [37b2c1ee-956a-4dec-b232-912a6a25ff9b|rpc:172.17.0.2:35677|dataStream:|priority:0, 9d983546-4247-4c0f-83b0-40f69e4f4d28|rpc:172.17.0.2:36963|dataStream:|priority:1, a4ee1d3f-5505-4afe-8a03-746b4b90cef8|rpc:172.17.0.2:46809|dataStream:|priority:0], old=null, confs=<EMPTY_MAP>
2021-05-19 07:42:00,993 [pool-321-thread-1] INFO  server.RaftServerConfigKeys (ConfUtils.java:logGet(44)) - raft.server.storage.dir = [/github/workspace/mnt/ozone/hadoop-ozone/integration-test/target/test-dir/MiniOzoneClusterImpl-952c9dfc-8967-4523-b06f-60d3bd5de2bf/datanode-5/data/ratis] (custom)
2021-05-19 07:42:00,994 [pool-321-thread-1] INFO  server.RaftServerConfigKeys (ConfUtils.java:logGet(44)) - raft.server.log.corruption.policy = EXCEPTION (default)
2021-05-19 07:42:00,994 [pool-321-thread-1] INFO  storage.RaftStorageDirectory (RaftStorageDirectoryImpl.java:analyzeStorage(132)) - The storage directory /github/workspace/mnt/ozone/hadoop-ozone/integration-test/target/test-dir/MiniOzoneClusterImpl-952c9dfc-8967-4523-b06f-60d3bd5de2bf/datanode-5/data/ratis/5b0e428d-fccc-451c-957f-03e6ad90b47f does not exist. Creating ...
2021-05-19 07:42:00,995 [pool-321-thread-1] INFO  storage.RaftStorageDirectory (RaftStorageDirectoryImpl.java:tryLock(215)) - Lock on /github/workspace/mnt/ozone/hadoop-ozone/integration-test/target/test-dir/MiniOzoneClusterImpl-952c9dfc-8967-4523-b06f-60d3bd5de2bf/datanode-5/data/ratis/5b0e428d-fccc-451c-957f-03e6ad90b47f/in_use.lock acquired by nodename 16447@3974e5c036b4
2021-05-19 07:42:00,996 [pool-321-thread-1] INFO  storage.RaftStorage (RaftStorageImpl.java:format(87)) - Storage directory /github/workspace/mnt/ozone/hadoop-ozone/integration-test/target/test-dir/MiniOzoneClusterImpl-952c9dfc-8967-4523-b06f-60d3bd5de2bf/datanode-5/data/ratis/5b0e428d-fccc-451c-957f-03e6ad90b47f has been successfully formatted.
2021-05-19 07:42:00,996 [pool-321-thread-1] INFO  ratis.ContainerStateMachine (ContainerStateMachine.java:loadSnapshot(224)) - group-03E6AD90B47F: The snapshot info is null. Setting the last applied indexto:(t:0, i:~)
2021-05-19 07:42:00,996 [pool-321-thread-1] INFO  server.RaftServerConfigKeys (ConfUtils.java:logGet(44)) - raft.server.notification.no-leader.timeout = 300000ms (custom)
2021-05-19 07:42:00,997 [EventQueue-PipelineReportForOneReplicaPipelineSafeModeRule] INFO  safemode.SCMSafeModeManager (SCMSafeModeManager.java:validateSafeModeExitRules(201)) - AtleastOneDatanodeReportedRule rule is successfully validated
2021-05-19 07:42:00,997 [pool-321-thread-1] INFO  server.RaftServerConfigKeys (ConfUtils.java:logGet(44)) - raft.server.log.use.memory = false (default)
2021-05-19 07:42:00,997 [pool-321-thread-1] INFO  server.RaftServerConfigKeys (ConfUtils.java:logGet(44)) - raft.server.log.purge.gap = 1000000 (custom)
2021-05-19 07:42:00,997 [pool-321-thread-1] INFO  server.RaftServerConfigKeys (ConfUtils.java:logGet(44)) - raft.server.log.appender.buffer.byte-limit = 33554432 (custom)
2021-05-19 07:42:00,997 [pool-321-thread-1] INFO  metrics.RatisMetrics (RatisMetrics.java:lambda$create$0(36)) - Creating Metrics Registry : ratis.log_worker.9d983546-4247-4c0f-83b0-40f69e4f4d28@group-03E6AD90B47F
2021-05-19 07:42:00,997 [pool-321-thread-1] INFO  server.RaftServerConfigKeys (ConfUtils.java:logGet(44)) - raft.server.log.segment.size.max = 1048576 (custom)
2021-05-19 07:42:00,998 [pool-321-thread-1] INFO  server.RaftServerConfigKeys (ConfUtils.java:logGet(44)) - raft.server.log.segment.cache.num.max = 2 (custom)
2021-05-19 07:42:00,998 [pool-321-thread-1] INFO  server.RaftServerConfigKeys (ConfUtils.java:logGet(44)) - raft.server.log.segment.cache.size.max = 200MB (=209715200) (default)
2021-05-19 07:42:00,998 [pool-321-thread-1] INFO  segmented.SegmentedRaftLogWorker (SegmentedRaftLogWorker.java:<init>(182)) - new 9d983546-4247-4c0f-83b0-40f69e4f4d28@group-03E6AD90B47F-SegmentedRaftLogWorker for RaftStorageImpl:Storage Directory /github/workspace/mnt/ozone/hadoop-ozone/integration-test/target/test-dir/MiniOzoneClusterImpl-952c9dfc-8967-4523-b06f-60d3bd5de2bf/datanode-5/data/ratis/5b0e428d-fccc-451c-957f-03e6ad90b47f
2021-05-19 07:42:00,998 [pool-321-thread-1] INFO  server.RaftServerConfigKeys (ConfUtils.java:logGet(44)) - raft.server.log.queue.byte-limit = 2147483647 (custom)
2021-05-19 07:42:00,998 [pool-321-thread-1] INFO  server.RaftServerConfigKeys (ConfUtils.java:logGet(44)) - raft.server.log.queue.element-limit = 1024 (custom)
2021-05-19 07:42:00,998 [pool-321-thread-1] INFO  server.RaftServerConfigKeys (ConfUtils.java:logGet(44)) - raft.server.log.segment.size.max = 1048576 (custom)
2021-05-19 07:42:00,998 [pool-321-thread-1] INFO  server.RaftServerConfigKeys (ConfUtils.java:logGet(44)) - raft.server.log.preallocated.size = 16384 (custom)
2021-05-19 07:42:00,998 [pool-321-thread-1] INFO  server.RaftServerConfigKeys (ConfUtils.java:logGet(44)) - raft.server.log.force.sync.num = 128 (default)
2021-05-19 07:42:00,998 [pool-321-thread-1] INFO  server.RaftServerConfigKeys (ConfUtils.java:logGet(44)) - raft.server.log.statemachine.data.sync = true (default)
2021-05-19 07:42:00,998 [pool-321-thread-1] INFO  server.RaftServerConfigKeys (ConfUtils.java:logGet(44)) - raft.server.log.statemachine.data.sync.timeout = 10s (default)
2021-05-19 07:42:00,999 [pool-321-thread-1] INFO  server.RaftServerConfigKeys (ConfUtils.java:logGet(44)) - raft.server.log.statemachine.data.sync.timeout.retry = -1 (default)
2021-05-19 07:42:00,999 [pool-321-thread-1] INFO  server.RaftServerConfigKeys (ConfUtils.java:logGet(44)) - raft.server.log.write.buffer.size = 1048576 (custom)
2021-05-19 07:42:01,000 [pool-321-thread-1] INFO  server.RaftServerConfigKeys (ConfUtils.java:logGet(44)) - raft.server.log.statemachine.data.caching.enabled = true (custom)
2021-05-19 07:42:01,000 [pool-321-thread-1] INFO  segmented.SegmentedRaftLogWorker (SegmentedRaftLogWorker.java:lambda$new$0(133)) - 9d983546-4247-4c0f-83b0-40f69e4f4d28@group-03E6AD90B47F-SegmentedRaftLogWorker: flushIndex: setUnconditionally 0 -> -1
2021-05-19 07:42:01,000 [pool-321-thread-1] INFO  segmented.SegmentedRaftLogWorker (SegmentedRaftLogWorker.java:lambda$new$0(133)) - 9d983546-4247-4c0f-83b0-40f69e4f4d28@group-03E6AD90B47F-SegmentedRaftLogWorker: safeCacheEvictIndex: setUnconditionally 0 -> -1
2021-05-19 07:42:01,002 [pool-321-thread-1] INFO  server.RaftServerConfigKeys (ConfUtils.java:logGet(44)) - raft.server.snapshot.auto.trigger.enabled = true (custom)
2021-05-19 07:42:01,002 [pool-321-thread-1] INFO  server.RaftServerConfigKeys (ConfUtils.java:logGet(44)) - raft.server.snapshot.auto.trigger.threshold = 10000 (custom)
2021-05-19 07:42:01,002 [pool-321-thread-1] INFO  server.RaftServerConfigKeys (ConfUtils.java:logGet(44)) - raft.server.snapshot.retention.file.num = 5 (custom)
2021-05-19 07:42:01,002 [pool-321-thread-1] INFO  server.RaftServerConfigKeys (ConfUtils.java:logGet(44)) - raft.server.log.purge.upto.snapshot.index = false (default)
2021-05-19 07:42:01,002 [pool-321-thread-1] INFO  server.RaftServerConfigKeys (ConfUtils.java:logGet(44)) - raft.server.retrycache.expirytime = 600000ms (custom)
2021-05-19 07:42:01,002 [pool-321-thread-1] INFO  server.RaftServerConfigKeys (ConfUtils.java:logGet(44)) - raft.server.retrycache.statistics.expirytime = 100?s (default)
2021-05-19 07:42:01,002 [pool-321-thread-1] INFO  metrics.RatisMetrics (RatisMetrics.java:lambda$create$0(36)) - Creating Metrics Registry : ratis.leader_election.9d983546-4247-4c0f-83b0-40f69e4f4d28@group-03E6AD90B47F
2021-05-19 07:42:01,003 [pool-321-thread-1] INFO  metrics.RatisMetrics (RatisMetrics.java:lambda$create$0(36)) - Creating Metrics Registry : ratis.server.9d983546-4247-4c0f-83b0-40f69e4f4d28@group-03E6AD90B47F
2021-05-19 07:42:01,004 [pool-321-thread-1] INFO  server.RaftServer$Division (RaftServerImpl.java:start(295)) - 9d983546-4247-4c0f-83b0-40f69e4f4d28@group-03E6AD90B47F: start as a follower, conf=-1: [37b2c1ee-956a-4dec-b232-912a6a25ff9b|rpc:172.17.0.2:35677|dataStream:|priority:0, 9d983546-4247-4c0f-83b0-40f69e4f4d28|rpc:172.17.0.2:36963|dataStream:|priority:1, a4ee1d3f-5505-4afe-8a03-746b4b90cef8|rpc:172.17.0.2:46809|dataStream:|priority:0], old=null
2021-05-19 07:42:01,004 [pool-321-thread-1] INFO  server.RaftServer$Division (RaftServerImpl.java:setRole(284)) - 9d983546-4247-4c0f-83b0-40f69e4f4d28@group-03E6AD90B47F: changes role from      null to FOLLOWER at term 0 for startAsFollower
2021-05-19 07:42:01,004 [pool-321-thread-1] INFO  impl.RoleInfo (RoleInfo.java:updateAndGet(130)) - 9d983546-4247-4c0f-83b0-40f69e4f4d28: start 9d983546-4247-4c0f-83b0-40f69e4f4d28@group-03E6AD90B47F-FollowerState
2021-05-19 07:42:01,004 [pool-321-thread-1] INFO  util.JmxRegister (JmxRegister.java:tryRegister(44)) - Successfully registered JMX Bean with object name Ratis:service=RaftServer,group=group-03E6AD90B47F,id=9d983546-4247-4c0f-83b0-40f69e4f4d28
2021-05-19 07:42:01,005 [pool-321-thread-1] INFO  metrics.RatisMetrics (RatisMetrics.java:lambda$create$0(36)) - Creating Metrics Registry : ratis.state_machine.9d983546-4247-4c0f-83b0-40f69e4f4d28@group-03E6AD90B47F
2021-05-19 07:42:01,008 [Command processor thread] INFO  commandhandler.CreatePipelineCommandHandler (CreatePipelineCommandHandler.java:handle(106)) - Created Pipeline RATIS THREE PipelineID=5b0e428d-fccc-451c-957f-03e6ad90b47f.
2021-05-19 07:42:01,009 [Command processor thread] INFO  server.RaftServer (RaftServerProxy.java:addNew(95)) - 37b2c1ee-956a-4dec-b232-912a6a25ff9b: addNew group-B061D1CC775E:[37b2c1ee-956a-4dec-b232-912a6a25ff9b|rpc:172.17.0.2:35677|priority:0, 9d983546-4247-4c0f-83b0-40f69e4f4d28|rpc:172.17.0.2:36963|priority:0, a4ee1d3f-5505-4afe-8a03-746b4b90cef8|rpc:172.17.0.2:46809|priority:1] returns group-B061D1CC775E:java.util.concurrent.CompletableFuture@199603e9[Not completed]
2021-05-19 07:42:01,009 [pool-285-thread-1] INFO  server.RaftServer$Division (RaftServerImpl.java:<init>(180)) - 37b2c1ee-956a-4dec-b232-912a6a25ff9b: new RaftServerImpl for group-B061D1CC775E:[37b2c1ee-956a-4dec-b232-912a6a25ff9b|rpc:172.17.0.2:35677|priority:0, 9d983546-4247-4c0f-83b0-40f69e4f4d28|rpc:172.17.0.2:36963|priority:0, a4ee1d3f-5505-4afe-8a03-746b4b90cef8|rpc:172.17.0.2:46809|priority:1] with ContainerStateMachine:uninitialized
2021-05-19 07:42:01,009 [pool-285-thread-1] INFO  server.RaftServerConfigKeys (ConfUtils.java:logGet(44)) - raft.server.rpc.timeout.min = 5s (custom)
2021-05-19 07:42:01,009 [pool-285-thread-1] INFO  server.RaftServerConfigKeys (ConfUtils.java:logGet(44)) - raft.server.rpc.timeout.max = 5200ms (custom)
2021-05-19 07:42:01,009 [pool-285-thread-1] INFO  server.RaftServerConfigKeys (ConfUtils.java:logGet(44)) - raft.server.rpc.sleep.time = 25ms (default)
2021-05-19 07:42:01,009 [pool-285-thread-1] INFO  server.RaftServerConfigKeys (ConfUtils.java:logGet(44)) - raft.server.rpc.slowness.timeout = 300000ms (custom)
2021-05-19 07:42:01,010 [pool-285-thread-1] INFO  server.RaftServerConfigKeys (ConfUtils.java:logGet(44)) - raft.server.leaderelection.leader.step-down.wait-time = 10s (default)
2021-05-19 07:42:01,010 [pool-285-thread-1] INFO  server.RaftServerConfigKeys (ConfUtils.java:logGet(44)) - raft.server.sleep.deviation.threshold = 300ms (default)
2021-05-19 07:42:01,010 [pool-285-thread-1] INFO  server.RaftServerConfigKeys (ConfUtils.java:logGet(44)) - raft.server.log.appender.install.snapshot.enabled = false (custom)
2021-05-19 07:42:01,010 [pool-285-thread-1] INFO  server.RaftServer$Division (ServerState.java:<init>(105)) - 37b2c1ee-956a-4dec-b232-912a6a25ff9b@group-B061D1CC775E: ConfigurationManager, init=-1: [37b2c1ee-956a-4dec-b232-912a6a25ff9b|rpc:172.17.0.2:35677|priority:0, 9d983546-4247-4c0f-83b0-40f69e4f4d28|rpc:172.17.0.2:36963|priority:0, a4ee1d3f-5505-4afe-8a03-746b4b90cef8|rpc:172.17.0.2:46809|priority:1], old=null, confs=<EMPTY_MAP>
2021-05-19 07:42:01,010 [pool-285-thread-1] INFO  server.RaftServerConfigKeys (ConfUtils.java:logGet(44)) - raft.server.storage.dir = [/github/workspace/mnt/ozone/hadoop-ozone/integration-test/target/test-dir/MiniOzoneClusterImpl-952c9dfc-8967-4523-b06f-60d3bd5de2bf/datanode-3/data/ratis] (custom)
2021-05-19 07:42:01,010 [pool-285-thread-1] INFO  server.RaftServerConfigKeys (ConfUtils.java:logGet(44)) - raft.server.log.corruption.policy = EXCEPTION (default)
2021-05-19 07:42:01,010 [pool-285-thread-1] INFO  storage.RaftStorageDirectory (RaftStorageDirectoryImpl.java:analyzeStorage(132)) - The storage directory /github/workspace/mnt/ozone/hadoop-ozone/integration-test/target/test-dir/MiniOzoneClusterImpl-952c9dfc-8967-4523-b06f-60d3bd5de2bf/datanode-3/data/ratis/03b01f46-c381-4ba2-a991-b061d1cc775e does not exist. Creating ...
2021-05-19 07:42:01,011 [pool-285-thread-1] INFO  storage.RaftStorageDirectory (RaftStorageDirectoryImpl.java:tryLock(215)) - Lock on /github/workspace/mnt/ozone/hadoop-ozone/integration-test/target/test-dir/MiniOzoneClusterImpl-952c9dfc-8967-4523-b06f-60d3bd5de2bf/datanode-3/data/ratis/03b01f46-c381-4ba2-a991-b061d1cc775e/in_use.lock acquired by nodename 16447@3974e5c036b4
2021-05-19 07:42:01,012 [pool-285-thread-1] INFO  storage.RaftStorage (RaftStorageImpl.java:format(87)) - Storage directory /github/workspace/mnt/ozone/hadoop-ozone/integration-test/target/test-dir/MiniOzoneClusterImpl-952c9dfc-8967-4523-b06f-60d3bd5de2bf/datanode-3/data/ratis/03b01f46-c381-4ba2-a991-b061d1cc775e has been successfully formatted.
2021-05-19 07:42:01,012 [pool-285-thread-1] INFO  ratis.ContainerStateMachine (ContainerStateMachine.java:loadSnapshot(224)) - group-B061D1CC775E: The snapshot info is null. Setting the last applied indexto:(t:0, i:~)
2021-05-19 07:42:01,012 [pool-285-thread-1] INFO  server.RaftServerConfigKeys (ConfUtils.java:logGet(44)) - raft.server.notification.no-leader.timeout = 300000ms (custom)
2021-05-19 07:42:01,012 [pool-285-thread-1] INFO  server.RaftServerConfigKeys (ConfUtils.java:logGet(44)) - raft.server.log.use.memory = false (default)
2021-05-19 07:42:01,013 [pool-285-thread-1] INFO  server.RaftServerConfigKeys (ConfUtils.java:logGet(44)) - raft.server.log.purge.gap = 1000000 (custom)
2021-05-19 07:42:01,013 [pool-285-thread-1] INFO  server.RaftServerConfigKeys (ConfUtils.java:logGet(44)) - raft.server.log.appender.buffer.byte-limit = 33554432 (custom)
2021-05-19 07:42:01,013 [pool-285-thread-1] INFO  metrics.RatisMetrics (RatisMetrics.java:lambda$create$0(36)) - Creating Metrics Registry : ratis.log_worker.37b2c1ee-956a-4dec-b232-912a6a25ff9b@group-B061D1CC775E
2021-05-19 07:42:01,013 [EventQueue-OpenPipelineForHealthyPipelineSafeModeRule] INFO  safemode.SCMSafeModeManager (HealthyPipelineSafeModeRule.java:process(130)) - SCM in safe mode. Healthy pipelines reported count is 0, required healthy pipeline reported count is 1
2021-05-19 07:42:01,013 [EventQueue-PipelineReportForOneReplicaPipelineSafeModeRule] INFO  safemode.SCMSafeModeManager (SCMSafeModeManager.java:validateSafeModeExitRules(201)) - AtleastOneDatanodeReportedRule rule is successfully validated
2021-05-19 07:42:01,013 [pool-285-thread-1] INFO  server.RaftServerConfigKeys (ConfUtils.java:logGet(44)) - raft.server.log.segment.size.max = 1048576 (custom)
2021-05-19 07:42:01,014 [pool-285-thread-1] INFO  server.RaftServerConfigKeys (ConfUtils.java:logGet(44)) - raft.server.log.segment.cache.num.max = 2 (custom)
2021-05-19 07:42:01,014 [pool-285-thread-1] INFO  server.RaftServerConfigKeys (ConfUtils.java:logGet(44)) - raft.server.log.segment.cache.size.max = 200MB (=209715200) (default)
2021-05-19 07:42:01,014 [pool-285-thread-1] INFO  segmented.SegmentedRaftLogWorker (SegmentedRaftLogWorker.java:<init>(182)) - new 37b2c1ee-956a-4dec-b232-912a6a25ff9b@group-B061D1CC775E-SegmentedRaftLogWorker for RaftStorageImpl:Storage Directory /github/workspace/mnt/ozone/hadoop-ozone/integration-test/target/test-dir/MiniOzoneClusterImpl-952c9dfc-8967-4523-b06f-60d3bd5de2bf/datanode-3/data/ratis/03b01f46-c381-4ba2-a991-b061d1cc775e
2021-05-19 07:42:01,014 [pool-285-thread-1] INFO  server.RaftServerConfigKeys (ConfUtils.java:logGet(44)) - raft.server.log.queue.byte-limit = 2147483647 (custom)
2021-05-19 07:42:01,014 [pool-285-thread-1] INFO  server.RaftServerConfigKeys (ConfUtils.java:logGet(44)) - raft.server.log.queue.element-limit = 1024 (custom)
2021-05-19 07:42:01,014 [pool-285-thread-1] INFO  server.RaftServerConfigKeys (ConfUtils.java:logGet(44)) - raft.server.log.segment.size.max = 1048576 (custom)
2021-05-19 07:42:01,014 [pool-285-thread-1] INFO  server.RaftServerConfigKeys (ConfUtils.java:logGet(44)) - raft.server.log.preallocated.size = 16384 (custom)
2021-05-19 07:42:01,014 [pool-285-thread-1] INFO  server.RaftServerConfigKeys (ConfUtils.java:logGet(44)) - raft.server.log.force.sync.num = 128 (default)
2021-05-19 07:42:01,014 [pool-285-thread-1] INFO  server.RaftServerConfigKeys (ConfUtils.java:logGet(44)) - raft.server.log.statemachine.data.sync = true (default)
2021-05-19 07:42:01,014 [pool-285-thread-1] INFO  server.RaftServerConfigKeys (ConfUtils.java:logGet(44)) - raft.server.log.statemachine.data.sync.timeout = 10s (default)
2021-05-19 07:42:01,014 [pool-285-thread-1] INFO  server.RaftServerConfigKeys (ConfUtils.java:logGet(44)) - raft.server.log.statemachine.data.sync.timeout.retry = -1 (default)
2021-05-19 07:42:01,015 [pool-285-thread-1] INFO  server.RaftServerConfigKeys (ConfUtils.java:logGet(44)) - raft.server.log.write.buffer.size = 1048576 (custom)
2021-05-19 07:42:01,015 [pool-285-thread-1] INFO  server.RaftServerConfigKeys (ConfUtils.java:logGet(44)) - raft.server.log.statemachine.data.caching.enabled = true (custom)
2021-05-19 07:42:01,016 [pool-285-thread-1] INFO  segmented.SegmentedRaftLogWorker (SegmentedRaftLogWorker.java:lambda$new$0(133)) - 37b2c1ee-956a-4dec-b232-912a6a25ff9b@group-B061D1CC775E-SegmentedRaftLogWorker: flushIndex: setUnconditionally 0 -> -1
2021-05-19 07:42:01,016 [pool-285-thread-1] INFO  segmented.SegmentedRaftLogWorker (SegmentedRaftLogWorker.java:lambda$new$0(133)) - 37b2c1ee-956a-4dec-b232-912a6a25ff9b@group-B061D1CC775E-SegmentedRaftLogWorker: safeCacheEvictIndex: setUnconditionally 0 -> -1
2021-05-19 07:42:01,016 [pool-285-thread-1] INFO  server.RaftServerConfigKeys (ConfUtils.java:logGet(44)) - raft.server.snapshot.auto.trigger.enabled = true (custom)
2021-05-19 07:42:01,016 [pool-285-thread-1] INFO  server.RaftServerConfigKeys (ConfUtils.java:logGet(44)) - raft.server.snapshot.auto.trigger.threshold = 10000 (custom)
2021-05-19 07:42:01,016 [pool-285-thread-1] INFO  server.RaftServerConfigKeys (ConfUtils.java:logGet(44)) - raft.server.snapshot.retention.file.num = 5 (custom)
2021-05-19 07:42:01,016 [pool-285-thread-1] INFO  server.RaftServerConfigKeys (ConfUtils.java:logGet(44)) - raft.server.log.purge.upto.snapshot.index = false (default)
2021-05-19 07:42:01,016 [pool-285-thread-1] INFO  server.RaftServerConfigKeys (ConfUtils.java:logGet(44)) - raft.server.retrycache.expirytime = 600000ms (custom)
2021-05-19 07:42:01,016 [pool-285-thread-1] INFO  server.RaftServerConfigKeys (ConfUtils.java:logGet(44)) - raft.server.retrycache.statistics.expirytime = 100?s (default)
2021-05-19 07:42:01,016 [pool-285-thread-1] INFO  metrics.RatisMetrics (RatisMetrics.java:lambda$create$0(36)) - Creating Metrics Registry : ratis.leader_election.37b2c1ee-956a-4dec-b232-912a6a25ff9b@group-B061D1CC775E
2021-05-19 07:42:01,016 [pool-285-thread-1] INFO  metrics.RatisMetrics (RatisMetrics.java:lambda$create$0(36)) - Creating Metrics Registry : ratis.server.37b2c1ee-956a-4dec-b232-912a6a25ff9b@group-B061D1CC775E
2021-05-19 07:42:01,017 [pool-285-thread-1] INFO  server.RaftServer$Division (RaftServerImpl.java:start(295)) - 37b2c1ee-956a-4dec-b232-912a6a25ff9b@group-B061D1CC775E: start as a follower, conf=-1: [37b2c1ee-956a-4dec-b232-912a6a25ff9b|rpc:172.17.0.2:35677|priority:0, 9d983546-4247-4c0f-83b0-40f69e4f4d28|rpc:172.17.0.2:36963|priority:0, a4ee1d3f-5505-4afe-8a03-746b4b90cef8|rpc:172.17.0.2:46809|priority:1], old=null
2021-05-19 07:42:01,017 [pool-285-thread-1] INFO  server.RaftServer$Division (RaftServerImpl.java:setRole(284)) - 37b2c1ee-956a-4dec-b232-912a6a25ff9b@group-B061D1CC775E: changes role from      null to FOLLOWER at term 0 for startAsFollower
2021-05-19 07:42:01,017 [pool-285-thread-1] INFO  impl.RoleInfo (RoleInfo.java:updateAndGet(130)) - 37b2c1ee-956a-4dec-b232-912a6a25ff9b: start 37b2c1ee-956a-4dec-b232-912a6a25ff9b@group-B061D1CC775E-FollowerState
2021-05-19 07:42:01,018 [pool-285-thread-1] INFO  util.JmxRegister (JmxRegister.java:tryRegister(44)) - Successfully registered JMX Bean with object name Ratis:service=RaftServer,group=group-B061D1CC775E,id=37b2c1ee-956a-4dec-b232-912a6a25ff9b
2021-05-19 07:42:01,018 [pool-285-thread-1] INFO  metrics.RatisMetrics (RatisMetrics.java:lambda$create$0(36)) - Creating Metrics Registry : ratis.state_machine.37b2c1ee-956a-4dec-b232-912a6a25ff9b@group-B061D1CC775E
2021-05-19 07:42:01,018 [Command processor thread] INFO  ratis.XceiverServerRatis (XceiverServerRatis.java:addGroup(808)) - Created group PipelineID=03b01f46-c381-4ba2-a991-b061d1cc775e
2021-05-19 07:42:01,019 [Command processor thread] INFO  metrics.RatisMetrics (RatisMetrics.java:lambda$create$0(36)) - Creating Metrics Registry : ratis.client_message_metrics.client-2E7AD48657C9->9d983546-4247-4c0f-83b0-40f69e4f4d28
2021-05-19 07:42:01,024 [grpc-default-executor-3] INFO  server.RaftServer (RaftServerProxy.java:addNew(95)) - 9d983546-4247-4c0f-83b0-40f69e4f4d28: addNew group-B061D1CC775E:[37b2c1ee-956a-4dec-b232-912a6a25ff9b|rpc:172.17.0.2:35677|dataStream:|priority:0, 9d983546-4247-4c0f-83b0-40f69e4f4d28|rpc:172.17.0.2:36963|dataStream:|priority:0, a4ee1d3f-5505-4afe-8a03-746b4b90cef8|rpc:172.17.0.2:46809|dataStream:|priority:1] returns group-B061D1CC775E:java.util.concurrent.CompletableFuture@6d91e674[Not completed]
2021-05-19 07:42:01,024 [pool-321-thread-1] INFO  server.RaftServer$Division (RaftServerImpl.java:<init>(180)) - 9d983546-4247-4c0f-83b0-40f69e4f4d28: new RaftServerImpl for group-B061D1CC775E:[37b2c1ee-956a-4dec-b232-912a6a25ff9b|rpc:172.17.0.2:35677|dataStream:|priority:0, 9d983546-4247-4c0f-83b0-40f69e4f4d28|rpc:172.17.0.2:36963|dataStream:|priority:0, a4ee1d3f-5505-4afe-8a03-746b4b90cef8|rpc:172.17.0.2:46809|dataStream:|priority:1] with ContainerStateMachine:uninitialized
2021-05-19 07:42:01,024 [pool-321-thread-1] INFO  server.RaftServerConfigKeys (ConfUtils.java:logGet(44)) - raft.server.rpc.timeout.min = 5s (custom)
2021-05-19 07:42:01,024 [pool-321-thread-1] INFO  server.RaftServerConfigKeys (ConfUtils.java:logGet(44)) - raft.server.rpc.timeout.max = 5200ms (custom)
2021-05-19 07:42:01,024 [pool-321-thread-1] INFO  server.RaftServerConfigKeys (ConfUtils.java:logGet(44)) - raft.server.rpc.sleep.time = 25ms (default)
2021-05-19 07:42:01,024 [pool-321-thread-1] INFO  server.RaftServerConfigKeys (ConfUtils.java:logGet(44)) - raft.server.rpc.slowness.timeout = 300000ms (custom)
2021-05-19 07:42:01,024 [pool-321-thread-1] INFO  server.RaftServerConfigKeys (ConfUtils.java:logGet(44)) - raft.server.leaderelection.leader.step-down.wait-time = 10s (default)
2021-05-19 07:42:01,024 [pool-321-thread-1] INFO  server.RaftServerConfigKeys (ConfUtils.java:logGet(44)) - raft.server.sleep.deviation.threshold = 300ms (default)
2021-05-19 07:42:01,024 [pool-321-thread-1] INFO  server.RaftServerConfigKeys (ConfUtils.java:logGet(44)) - raft.server.log.appender.install.snapshot.enabled = false (custom)
2021-05-19 07:42:01,025 [pool-321-thread-1] INFO  server.RaftServer$Division (ServerState.java:<init>(105)) - 9d983546-4247-4c0f-83b0-40f69e4f4d28@group-B061D1CC775E: ConfigurationManager, init=-1: [37b2c1ee-956a-4dec-b232-912a6a25ff9b|rpc:172.17.0.2:35677|dataStream:|priority:0, 9d983546-4247-4c0f-83b0-40f69e4f4d28|rpc:172.17.0.2:36963|dataStream:|priority:0, a4ee1d3f-5505-4afe-8a03-746b4b90cef8|rpc:172.17.0.2:46809|dataStream:|priority:1], old=null, confs=<EMPTY_MAP>
2021-05-19 07:42:01,025 [pool-321-thread-1] INFO  server.RaftServerConfigKeys (ConfUtils.java:logGet(44)) - raft.server.storage.dir = [/github/workspace/mnt/ozone/hadoop-ozone/integration-test/target/test-dir/MiniOzoneClusterImpl-952c9dfc-8967-4523-b06f-60d3bd5de2bf/datanode-5/data/ratis] (custom)
2021-05-19 07:42:01,025 [pool-321-thread-1] INFO  server.RaftServerConfigKeys (ConfUtils.java:logGet(44)) - raft.server.log.corruption.policy = EXCEPTION (default)
2021-05-19 07:42:01,025 [pool-321-thread-1] INFO  storage.RaftStorageDirectory (RaftStorageDirectoryImpl.java:analyzeStorage(132)) - The storage directory /github/workspace/mnt/ozone/hadoop-ozone/integration-test/target/test-dir/MiniOzoneClusterImpl-952c9dfc-8967-4523-b06f-60d3bd5de2bf/datanode-5/data/ratis/03b01f46-c381-4ba2-a991-b061d1cc775e does not exist. Creating ...
2021-05-19 07:42:01,026 [pool-321-thread-1] INFO  storage.RaftStorageDirectory (RaftStorageDirectoryImpl.java:tryLock(215)) - Lock on /github/workspace/mnt/ozone/hadoop-ozone/integration-test/target/test-dir/MiniOzoneClusterImpl-952c9dfc-8967-4523-b06f-60d3bd5de2bf/datanode-5/data/ratis/03b01f46-c381-4ba2-a991-b061d1cc775e/in_use.lock acquired by nodename 16447@3974e5c036b4
2021-05-19 07:42:01,027 [pool-321-thread-1] INFO  storage.RaftStorage (RaftStorageImpl.java:format(87)) - Storage directory /github/workspace/mnt/ozone/hadoop-ozone/integration-test/target/test-dir/MiniOzoneClusterImpl-952c9dfc-8967-4523-b06f-60d3bd5de2bf/datanode-5/data/ratis/03b01f46-c381-4ba2-a991-b061d1cc775e has been successfully formatted.
2021-05-19 07:42:01,027 [pool-321-thread-1] INFO  ratis.ContainerStateMachine (ContainerStateMachine.java:loadSnapshot(224)) - group-B061D1CC775E: The snapshot info is null. Setting the last applied indexto:(t:0, i:~)
2021-05-19 07:42:01,027 [pool-321-thread-1] INFO  server.RaftServerConfigKeys (ConfUtils.java:logGet(44)) - raft.server.notification.no-leader.timeout = 300000ms (custom)
2021-05-19 07:42:01,027 [pool-321-thread-1] INFO  server.RaftServerConfigKeys (ConfUtils.java:logGet(44)) - raft.server.log.use.memory = false (default)
2021-05-19 07:42:01,027 [pool-321-thread-1] INFO  server.RaftServerConfigKeys (ConfUtils.java:logGet(44)) - raft.server.log.purge.gap = 1000000 (custom)
2021-05-19 07:42:01,027 [pool-321-thread-1] INFO  server.RaftServerConfigKeys (ConfUtils.java:logGet(44)) - raft.server.log.appender.buffer.byte-limit = 33554432 (custom)
2021-05-19 07:42:01,028 [EventQueue-PipelineReportForOneReplicaPipelineSafeModeRule] INFO  safemode.SCMSafeModeManager (SCMSafeModeManager.java:validateSafeModeExitRules(201)) - AtleastOneDatanodeReportedRule rule is successfully validated
2021-05-19 07:42:01,028 [pool-321-thread-1] INFO  metrics.RatisMetrics (RatisMetrics.java:lambda$create$0(36)) - Creating Metrics Registry : ratis.log_worker.9d983546-4247-4c0f-83b0-40f69e4f4d28@group-B061D1CC775E
2021-05-19 07:42:01,028 [pool-321-thread-1] INFO  server.RaftServerConfigKeys (ConfUtils.java:logGet(44)) - raft.server.log.segment.size.max = 1048576 (custom)
2021-05-19 07:42:01,028 [pool-321-thread-1] INFO  server.RaftServerConfigKeys (ConfUtils.java:logGet(44)) - raft.server.log.segment.cache.num.max = 2 (custom)
2021-05-19 07:42:01,028 [pool-321-thread-1] INFO  server.RaftServerConfigKeys (ConfUtils.java:logGet(44)) - raft.server.log.segment.cache.size.max = 200MB (=209715200) (default)
2021-05-19 07:42:01,028 [pool-321-thread-1] INFO  segmented.SegmentedRaftLogWorker (SegmentedRaftLogWorker.java:<init>(182)) - new 9d983546-4247-4c0f-83b0-40f69e4f4d28@group-B061D1CC775E-SegmentedRaftLogWorker for RaftStorageImpl:Storage Directory /github/workspace/mnt/ozone/hadoop-ozone/integration-test/target/test-dir/MiniOzoneClusterImpl-952c9dfc-8967-4523-b06f-60d3bd5de2bf/datanode-5/data/ratis/03b01f46-c381-4ba2-a991-b061d1cc775e
2021-05-19 07:42:01,029 [pool-321-thread-1] INFO  server.RaftServerConfigKeys (ConfUtils.java:logGet(44)) - raft.server.log.queue.byte-limit = 2147483647 (custom)
2021-05-19 07:42:01,029 [pool-321-thread-1] INFO  server.RaftServerConfigKeys (ConfUtils.java:logGet(44)) - raft.server.log.queue.element-limit = 1024 (custom)
2021-05-19 07:42:01,029 [pool-321-thread-1] INFO  server.RaftServerConfigKeys (ConfUtils.java:logGet(44)) - raft.server.log.segment.size.max = 1048576 (custom)
2021-05-19 07:42:01,029 [pool-321-thread-1] INFO  server.RaftServerConfigKeys (ConfUtils.java:logGet(44)) - raft.server.log.preallocated.size = 16384 (custom)
2021-05-19 07:42:01,029 [pool-321-thread-1] INFO  server.RaftServerConfigKeys (ConfUtils.java:logGet(44)) - raft.server.log.force.sync.num = 128 (default)
2021-05-19 07:42:01,029 [pool-321-thread-1] INFO  server.RaftServerConfigKeys (ConfUtils.java:logGet(44)) - raft.server.log.statemachine.data.sync = true (default)
2021-05-19 07:42:01,029 [pool-321-thread-1] INFO  server.RaftServerConfigKeys (ConfUtils.java:logGet(44)) - raft.server.log.statemachine.data.sync.timeout = 10s (default)
2021-05-19 07:42:01,029 [pool-321-thread-1] INFO  server.RaftServerConfigKeys (ConfUtils.java:logGet(44)) - raft.server.log.statemachine.data.sync.timeout.retry = -1 (default)
2021-05-19 07:42:01,030 [pool-321-thread-1] INFO  server.RaftServerConfigKeys (ConfUtils.java:logGet(44)) - raft.server.log.write.buffer.size = 1048576 (custom)
2021-05-19 07:42:01,030 [pool-321-thread-1] INFO  server.RaftServerConfigKeys (ConfUtils.java:logGet(44)) - raft.server.log.statemachine.data.caching.enabled = true (custom)
2021-05-19 07:42:01,031 [pool-321-thread-1] INFO  segmented.SegmentedRaftLogWorker (SegmentedRaftLogWorker.java:lambda$new$0(133)) - 9d983546-4247-4c0f-83b0-40f69e4f4d28@group-B061D1CC775E-SegmentedRaftLogWorker: flushIndex: setUnconditionally 0 -> -1
2021-05-19 07:42:01,031 [pool-321-thread-1] INFO  segmented.SegmentedRaftLogWorker (SegmentedRaftLogWorker.java:lambda$new$0(133)) - 9d983546-4247-4c0f-83b0-40f69e4f4d28@group-B061D1CC775E-SegmentedRaftLogWorker: safeCacheEvictIndex: setUnconditionally 0 -> -1
2021-05-19 07:42:01,034 [pool-321-thread-1] INFO  server.RaftServerConfigKeys (ConfUtils.java:logGet(44)) - raft.server.snapshot.auto.trigger.enabled = true (custom)
2021-05-19 07:42:01,034 [pool-321-thread-1] INFO  server.RaftServerConfigKeys (ConfUtils.java:logGet(44)) - raft.server.snapshot.auto.trigger.threshold = 10000 (custom)
2021-05-19 07:42:01,034 [pool-321-thread-1] INFO  server.RaftServerConfigKeys (ConfUtils.java:logGet(44)) - raft.server.snapshot.retention.file.num = 5 (custom)
2021-05-19 07:42:01,034 [pool-321-thread-1] INFO  server.RaftServerConfigKeys (ConfUtils.java:logGet(44)) - raft.server.log.purge.upto.snapshot.index = false (default)
2021-05-19 07:42:01,034 [pool-321-thread-1] INFO  server.RaftServerConfigKeys (ConfUtils.java:logGet(44)) - raft.server.retrycache.expirytime = 600000ms (custom)
2021-05-19 07:42:01,034 [pool-321-thread-1] INFO  server.RaftServerConfigKeys (ConfUtils.java:logGet(44)) - raft.server.retrycache.statistics.expirytime = 100?s (default)
2021-05-19 07:42:01,034 [pool-321-thread-1] INFO  metrics.RatisMetrics (RatisMetrics.java:lambda$create$0(36)) - Creating Metrics Registry : ratis.leader_election.9d983546-4247-4c0f-83b0-40f69e4f4d28@group-B061D1CC775E
2021-05-19 07:42:01,035 [pool-321-thread-1] INFO  metrics.RatisMetrics (RatisMetrics.java:lambda$create$0(36)) - Creating Metrics Registry : ratis.server.9d983546-4247-4c0f-83b0-40f69e4f4d28@group-B061D1CC775E
2021-05-19 07:42:01,036 [pool-321-thread-1] INFO  server.RaftServer$Division (RaftServerImpl.java:start(295)) - 9d983546-4247-4c0f-83b0-40f69e4f4d28@group-B061D1CC775E: start as a follower, conf=-1: [37b2c1ee-956a-4dec-b232-912a6a25ff9b|rpc:172.17.0.2:35677|dataStream:|priority:0, 9d983546-4247-4c0f-83b0-40f69e4f4d28|rpc:172.17.0.2:36963|dataStream:|priority:0, a4ee1d3f-5505-4afe-8a03-746b4b90cef8|rpc:172.17.0.2:46809|dataStream:|priority:1], old=null
2021-05-19 07:42:01,036 [pool-321-thread-1] INFO  server.RaftServer$Division (RaftServerImpl.java:setRole(284)) - 9d983546-4247-4c0f-83b0-40f69e4f4d28@group-B061D1CC775E: changes role from      null to FOLLOWER at term 0 for startAsFollower
2021-05-19 07:42:01,036 [pool-321-thread-1] INFO  impl.RoleInfo (RoleInfo.java:updateAndGet(130)) - 9d983546-4247-4c0f-83b0-40f69e4f4d28: start 9d983546-4247-4c0f-83b0-40f69e4f4d28@group-B061D1CC775E-FollowerState
2021-05-19 07:42:01,042 [pool-321-thread-1] INFO  util.JmxRegister (JmxRegister.java:tryRegister(44)) - Successfully registered JMX Bean with object name Ratis:service=RaftServer,group=group-B061D1CC775E,id=9d983546-4247-4c0f-83b0-40f69e4f4d28
2021-05-19 07:42:01,042 [pool-321-thread-1] INFO  metrics.RatisMetrics (RatisMetrics.java:lambda$create$0(36)) - Creating Metrics Registry : ratis.state_machine.9d983546-4247-4c0f-83b0-40f69e4f4d28@group-B061D1CC775E
2021-05-19 07:42:01,050 [Command processor thread] INFO  metrics.RatisMetrics (RatisMetrics.java:lambda$create$0(36)) - Creating Metrics Registry : ratis.client_message_metrics.client-2DD10D97AC3F->a4ee1d3f-5505-4afe-8a03-746b4b90cef8
2021-05-19 07:42:01,054 [grpc-default-executor-3] INFO  server.RaftServer (RaftServerProxy.java:addNew(95)) - a4ee1d3f-5505-4afe-8a03-746b4b90cef8: addNew group-B061D1CC775E:[37b2c1ee-956a-4dec-b232-912a6a25ff9b|rpc:172.17.0.2:35677|dataStream:|priority:0, 9d983546-4247-4c0f-83b0-40f69e4f4d28|rpc:172.17.0.2:36963|dataStream:|priority:0, a4ee1d3f-5505-4afe-8a03-746b4b90cef8|rpc:172.17.0.2:46809|dataStream:|priority:1] returns group-B061D1CC775E:java.util.concurrent.CompletableFuture@63dbd9aa[Not completed]
2021-05-19 07:42:01,055 [pool-303-thread-1] INFO  server.RaftServer$Division (RaftServerImpl.java:<init>(180)) - a4ee1d3f-5505-4afe-8a03-746b4b90cef8: new RaftServerImpl for group-B061D1CC775E:[37b2c1ee-956a-4dec-b232-912a6a25ff9b|rpc:172.17.0.2:35677|dataStream:|priority:0, 9d983546-4247-4c0f-83b0-40f69e4f4d28|rpc:172.17.0.2:36963|dataStream:|priority:0, a4ee1d3f-5505-4afe-8a03-746b4b90cef8|rpc:172.17.0.2:46809|dataStream:|priority:1] with ContainerStateMachine:uninitialized
2021-05-19 07:42:01,055 [pool-303-thread-1] INFO  server.RaftServerConfigKeys (ConfUtils.java:logGet(44)) - raft.server.rpc.timeout.min = 5s (custom)
2021-05-19 07:42:01,055 [pool-303-thread-1] INFO  server.RaftServerConfigKeys (ConfUtils.java:logGet(44)) - raft.server.rpc.timeout.max = 5200ms (custom)
2021-05-19 07:42:01,055 [pool-303-thread-1] INFO  server.RaftServerConfigKeys (ConfUtils.java:logGet(44)) - raft.server.rpc.sleep.time = 25ms (default)
2021-05-19 07:42:01,055 [pool-303-thread-1] INFO  server.RaftServerConfigKeys (ConfUtils.java:logGet(44)) - raft.server.rpc.slowness.timeout = 300000ms (custom)
2021-05-19 07:42:01,055 [pool-303-thread-1] INFO  server.RaftServerConfigKeys (ConfUtils.java:logGet(44)) - raft.server.leaderelection.leader.step-down.wait-time = 10s (default)
2021-05-19 07:42:01,055 [pool-303-thread-1] INFO  server.RaftServerConfigKeys (ConfUtils.java:logGet(44)) - raft.server.sleep.deviation.threshold = 300ms (default)
2021-05-19 07:42:01,055 [pool-303-thread-1] INFO  server.RaftServerConfigKeys (ConfUtils.java:logGet(44)) - raft.server.log.appender.install.snapshot.enabled = false (custom)
2021-05-19 07:42:01,055 [pool-303-thread-1] INFO  server.RaftServer$Division (ServerState.java:<init>(105)) - a4ee1d3f-5505-4afe-8a03-746b4b90cef8@group-B061D1CC775E: ConfigurationManager, init=-1: [37b2c1ee-956a-4dec-b232-912a6a25ff9b|rpc:172.17.0.2:35677|dataStream:|priority:0, 9d983546-4247-4c0f-83b0-40f69e4f4d28|rpc:172.17.0.2:36963|dataStream:|priority:0, a4ee1d3f-5505-4afe-8a03-746b4b90cef8|rpc:172.17.0.2:46809|dataStream:|priority:1], old=null, confs=<EMPTY_MAP>
2021-05-19 07:42:01,055 [pool-303-thread-1] INFO  server.RaftServerConfigKeys (ConfUtils.java:logGet(44)) - raft.server.storage.dir = [/github/workspace/mnt/ozone/hadoop-ozone/integration-test/target/test-dir/MiniOzoneClusterImpl-952c9dfc-8967-4523-b06f-60d3bd5de2bf/datanode-4/data/ratis] (custom)
2021-05-19 07:42:01,056 [pool-303-thread-1] INFO  server.RaftServerConfigKeys (ConfUtils.java:logGet(44)) - raft.server.log.corruption.policy = EXCEPTION (default)
2021-05-19 07:42:01,056 [pool-303-thread-1] INFO  storage.RaftStorageDirectory (RaftStorageDirectoryImpl.java:analyzeStorage(132)) - The storage directory /github/workspace/mnt/ozone/hadoop-ozone/integration-test/target/test-dir/MiniOzoneClusterImpl-952c9dfc-8967-4523-b06f-60d3bd5de2bf/datanode-4/data/ratis/03b01f46-c381-4ba2-a991-b061d1cc775e does not exist. Creating ...
2021-05-19 07:42:01,057 [pool-303-thread-1] INFO  storage.RaftStorageDirectory (RaftStorageDirectoryImpl.java:tryLock(215)) - Lock on /github/workspace/mnt/ozone/hadoop-ozone/integration-test/target/test-dir/MiniOzoneClusterImpl-952c9dfc-8967-4523-b06f-60d3bd5de2bf/datanode-4/data/ratis/03b01f46-c381-4ba2-a991-b061d1cc775e/in_use.lock acquired by nodename 16447@3974e5c036b4
2021-05-19 07:42:01,058 [pool-303-thread-1] INFO  storage.RaftStorage (RaftStorageImpl.java:format(87)) - Storage directory /github/workspace/mnt/ozone/hadoop-ozone/integration-test/target/test-dir/MiniOzoneClusterImpl-952c9dfc-8967-4523-b06f-60d3bd5de2bf/datanode-4/data/ratis/03b01f46-c381-4ba2-a991-b061d1cc775e has been successfully formatted.
2021-05-19 07:42:01,058 [pool-303-thread-1] INFO  ratis.ContainerStateMachine (ContainerStateMachine.java:loadSnapshot(224)) - group-B061D1CC775E: The snapshot info is null. Setting the last applied indexto:(t:0, i:~)
2021-05-19 07:42:01,058 [pool-303-thread-1] INFO  server.RaftServerConfigKeys (ConfUtils.java:logGet(44)) - raft.server.notification.no-leader.timeout = 300000ms (custom)
2021-05-19 07:42:01,059 [pool-303-thread-1] INFO  server.RaftServerConfigKeys (ConfUtils.java:logGet(44)) - raft.server.log.use.memory = false (default)
2021-05-19 07:42:01,059 [EventQueue-PipelineReportForOneReplicaPipelineSafeModeRule] INFO  safemode.SCMSafeModeManager (SCMSafeModeManager.java:validateSafeModeExitRules(201)) - AtleastOneDatanodeReportedRule rule is successfully validated
2021-05-19 07:42:01,059 [pool-303-thread-1] INFO  server.RaftServerConfigKeys (ConfUtils.java:logGet(44)) - raft.server.log.purge.gap = 1000000 (custom)
2021-05-19 07:42:01,059 [pool-303-thread-1] INFO  server.RaftServerConfigKeys (ConfUtils.java:logGet(44)) - raft.server.log.appender.buffer.byte-limit = 33554432 (custom)
2021-05-19 07:42:01,059 [pool-303-thread-1] INFO  metrics.RatisMetrics (RatisMetrics.java:lambda$create$0(36)) - Creating Metrics Registry : ratis.log_worker.a4ee1d3f-5505-4afe-8a03-746b4b90cef8@group-B061D1CC775E
2021-05-19 07:42:01,059 [pool-303-thread-1] INFO  server.RaftServerConfigKeys (ConfUtils.java:logGet(44)) - raft.server.log.segment.size.max = 1048576 (custom)
2021-05-19 07:42:01,060 [pool-303-thread-1] INFO  server.RaftServerConfigKeys (ConfUtils.java:logGet(44)) - raft.server.log.segment.cache.num.max = 2 (custom)
2021-05-19 07:42:01,060 [pool-303-thread-1] INFO  server.RaftServerConfigKeys (ConfUtils.java:logGet(44)) - raft.server.log.segment.cache.size.max = 200MB (=209715200) (default)
2021-05-19 07:42:01,060 [pool-303-thread-1] INFO  segmented.SegmentedRaftLogWorker (SegmentedRaftLogWorker.java:<init>(182)) - new a4ee1d3f-5505-4afe-8a03-746b4b90cef8@group-B061D1CC775E-SegmentedRaftLogWorker for RaftStorageImpl:Storage Directory /github/workspace/mnt/ozone/hadoop-ozone/integration-test/target/test-dir/MiniOzoneClusterImpl-952c9dfc-8967-4523-b06f-60d3bd5de2bf/datanode-4/data/ratis/03b01f46-c381-4ba2-a991-b061d1cc775e
2021-05-19 07:42:01,060 [pool-303-thread-1] INFO  server.RaftServerConfigKeys (ConfUtils.java:logGet(44)) - raft.server.log.queue.byte-limit = 2147483647 (custom)
2021-05-19 07:42:01,060 [pool-303-thread-1] INFO  server.RaftServerConfigKeys (ConfUtils.java:logGet(44)) - raft.server.log.queue.element-limit = 1024 (custom)
2021-05-19 07:42:01,060 [pool-303-thread-1] INFO  server.RaftServerConfigKeys (ConfUtils.java:logGet(44)) - raft.server.log.segment.size.max = 1048576 (custom)
2021-05-19 07:42:01,060 [pool-303-thread-1] INFO  server.RaftServerConfigKeys (ConfUtils.java:logGet(44)) - raft.server.log.preallocated.size = 16384 (custom)
2021-05-19 07:42:01,060 [pool-303-thread-1] INFO  server.RaftServerConfigKeys (ConfUtils.java:logGet(44)) - raft.server.log.force.sync.num = 128 (default)
2021-05-19 07:42:01,061 [pool-303-thread-1] INFO  server.RaftServerConfigKeys (ConfUtils.java:logGet(44)) - raft.server.log.statemachine.data.sync = true (default)
2021-05-19 07:42:01,061 [pool-303-thread-1] INFO  server.RaftServerConfigKeys (ConfUtils.java:logGet(44)) - raft.server.log.statemachine.data.sync.timeout = 10s (default)
2021-05-19 07:42:01,061 [pool-303-thread-1] INFO  server.RaftServerConfigKeys (ConfUtils.java:logGet(44)) - raft.server.log.statemachine.data.sync.timeout.retry = -1 (default)
2021-05-19 07:42:01,061 [pool-303-thread-1] INFO  server.RaftServerConfigKeys (ConfUtils.java:logGet(44)) - raft.server.log.write.buffer.size = 1048576 (custom)
2021-05-19 07:42:01,062 [pool-303-thread-1] INFO  server.RaftServerConfigKeys (ConfUtils.java:logGet(44)) - raft.server.log.statemachine.data.caching.enabled = true (custom)
2021-05-19 07:42:01,062 [pool-303-thread-1] INFO  segmented.SegmentedRaftLogWorker (SegmentedRaftLogWorker.java:lambda$new$0(133)) - a4ee1d3f-5505-4afe-8a03-746b4b90cef8@group-B061D1CC775E-SegmentedRaftLogWorker: flushIndex: setUnconditionally 0 -> -1
2021-05-19 07:42:01,062 [pool-303-thread-1] INFO  segmented.SegmentedRaftLogWorker (SegmentedRaftLogWorker.java:lambda$new$0(133)) - a4ee1d3f-5505-4afe-8a03-746b4b90cef8@group-B061D1CC775E-SegmentedRaftLogWorker: safeCacheEvictIndex: setUnconditionally 0 -> -1
2021-05-19 07:42:01,066 [pool-303-thread-1] INFO  server.RaftServerConfigKeys (ConfUtils.java:logGet(44)) - raft.server.snapshot.auto.trigger.enabled = true (custom)
2021-05-19 07:42:01,066 [pool-303-thread-1] INFO  server.RaftServerConfigKeys (ConfUtils.java:logGet(44)) - raft.server.snapshot.auto.trigger.threshold = 10000 (custom)
2021-05-19 07:42:01,066 [pool-303-thread-1] INFO  server.RaftServerConfigKeys (ConfUtils.java:logGet(44)) - raft.server.snapshot.retention.file.num = 5 (custom)
2021-05-19 07:42:01,066 [pool-303-thread-1] INFO  server.RaftServerConfigKeys (ConfUtils.java:logGet(44)) - raft.server.log.purge.upto.snapshot.index = false (default)
2021-05-19 07:42:01,066 [pool-303-thread-1] INFO  server.RaftServerConfigKeys (ConfUtils.java:logGet(44)) - raft.server.retrycache.expirytime = 600000ms (custom)
2021-05-19 07:42:01,066 [pool-303-thread-1] INFO  server.RaftServerConfigKeys (ConfUtils.java:logGet(44)) - raft.server.retrycache.statistics.expirytime = 100?s (default)
2021-05-19 07:42:01,067 [pool-303-thread-1] INFO  metrics.RatisMetrics (RatisMetrics.java:lambda$create$0(36)) - Creating Metrics Registry : ratis.leader_election.a4ee1d3f-5505-4afe-8a03-746b4b90cef8@group-B061D1CC775E
2021-05-19 07:42:01,067 [pool-303-thread-1] INFO  metrics.RatisMetrics (RatisMetrics.java:lambda$create$0(36)) - Creating Metrics Registry : ratis.server.a4ee1d3f-5505-4afe-8a03-746b4b90cef8@group-B061D1CC775E
2021-05-19 07:42:01,068 [pool-303-thread-1] INFO  server.RaftServer$Division (RaftServerImpl.java:start(295)) - a4ee1d3f-5505-4afe-8a03-746b4b90cef8@group-B061D1CC775E: start as a follower, conf=-1: [37b2c1ee-956a-4dec-b232-912a6a25ff9b|rpc:172.17.0.2:35677|dataStream:|priority:0, 9d983546-4247-4c0f-83b0-40f69e4f4d28|rpc:172.17.0.2:36963|dataStream:|priority:0, a4ee1d3f-5505-4afe-8a03-746b4b90cef8|rpc:172.17.0.2:46809|dataStream:|priority:1], old=null
2021-05-19 07:42:01,068 [pool-303-thread-1] INFO  server.RaftServer$Division (RaftServerImpl.java:setRole(284)) - a4ee1d3f-5505-4afe-8a03-746b4b90cef8@group-B061D1CC775E: changes role from      null to FOLLOWER at term 0 for startAsFollower
2021-05-19 07:42:01,068 [pool-303-thread-1] INFO  impl.RoleInfo (RoleInfo.java:updateAndGet(130)) - a4ee1d3f-5505-4afe-8a03-746b4b90cef8: start a4ee1d3f-5505-4afe-8a03-746b4b90cef8@group-B061D1CC775E-FollowerState
2021-05-19 07:42:01,080 [pool-303-thread-1] INFO  util.JmxRegister (JmxRegister.java:tryRegister(44)) - Successfully registered JMX Bean with object name Ratis:service=RaftServer,group=group-B061D1CC775E,id=a4ee1d3f-5505-4afe-8a03-746b4b90cef8
2021-05-19 07:42:01,080 [pool-303-thread-1] INFO  metrics.RatisMetrics (RatisMetrics.java:lambda$create$0(36)) - Creating Metrics Registry : ratis.state_machine.a4ee1d3f-5505-4afe-8a03-746b4b90cef8@group-B061D1CC775E
2021-05-19 07:42:01,089 [Command processor thread] INFO  commandhandler.CreatePipelineCommandHandler (CreatePipelineCommandHandler.java:handle(106)) - Created Pipeline RATIS THREE PipelineID=03b01f46-c381-4ba2-a991-b061d1cc775e.
2021-05-19 07:42:01,089 [Command processor thread] INFO  server.RaftServer (RaftServerProxy.java:addNew(95)) - 37b2c1ee-956a-4dec-b232-912a6a25ff9b: addNew group-D5E61D3659AC:[37b2c1ee-956a-4dec-b232-912a6a25ff9b|rpc:172.17.0.2:35677|priority:1, 9d983546-4247-4c0f-83b0-40f69e4f4d28|rpc:172.17.0.2:36963|priority:0, a4ee1d3f-5505-4afe-8a03-746b4b90cef8|rpc:172.17.0.2:46809|priority:0] returns group-D5E61D3659AC:java.util.concurrent.CompletableFuture@b191c95[Not completed]
2021-05-19 07:42:01,090 [pool-285-thread-1] INFO  server.RaftServer$Division (RaftServerImpl.java:<init>(180)) - 37b2c1ee-956a-4dec-b232-912a6a25ff9b: new RaftServerImpl for group-D5E61D3659AC:[37b2c1ee-956a-4dec-b232-912a6a25ff9b|rpc:172.17.0.2:35677|priority:1, 9d983546-4247-4c0f-83b0-40f69e4f4d28|rpc:172.17.0.2:36963|priority:0, a4ee1d3f-5505-4afe-8a03-746b4b90cef8|rpc:172.17.0.2:46809|priority:0] with ContainerStateMachine:uninitialized
2021-05-19 07:42:01,090 [pool-285-thread-1] INFO  server.RaftServerConfigKeys (ConfUtils.java:logGet(44)) - raft.server.rpc.timeout.min = 5s (custom)
2021-05-19 07:42:01,090 [pool-285-thread-1] INFO  server.RaftServerConfigKeys (ConfUtils.java:logGet(44)) - raft.server.rpc.timeout.max = 5200ms (custom)
2021-05-19 07:42:01,090 [pool-285-thread-1] INFO  server.RaftServerConfigKeys (ConfUtils.java:logGet(44)) - raft.server.rpc.sleep.time = 25ms (default)
2021-05-19 07:42:01,090 [pool-285-thread-1] INFO  server.RaftServerConfigKeys (ConfUtils.java:logGet(44)) - raft.server.rpc.slowness.timeout = 300000ms (custom)
2021-05-19 07:42:01,090 [pool-285-thread-1] INFO  server.RaftServerConfigKeys (ConfUtils.java:logGet(44)) - raft.server.leaderelection.leader.step-down.wait-time = 10s (default)
2021-05-19 07:42:01,090 [pool-285-thread-1] INFO  server.RaftServerConfigKeys (ConfUtils.java:logGet(44)) - raft.server.sleep.deviation.threshold = 300ms (default)
2021-05-19 07:42:01,090 [pool-285-thread-1] INFO  server.RaftServerConfigKeys (ConfUtils.java:logGet(44)) - raft.server.log.appender.install.snapshot.enabled = false (custom)
2021-05-19 07:42:01,090 [pool-285-thread-1] INFO  server.RaftServer$Division (ServerState.java:<init>(105)) - 37b2c1ee-956a-4dec-b232-912a6a25ff9b@group-D5E61D3659AC: ConfigurationManager, init=-1: [37b2c1ee-956a-4dec-b232-912a6a25ff9b|rpc:172.17.0.2:35677|priority:1, 9d983546-4247-4c0f-83b0-40f69e4f4d28|rpc:172.17.0.2:36963|priority:0, a4ee1d3f-5505-4afe-8a03-746b4b90cef8|rpc:172.17.0.2:46809|priority:0], old=null, confs=<EMPTY_MAP>
2021-05-19 07:42:01,090 [pool-285-thread-1] INFO  server.RaftServerConfigKeys (ConfUtils.java:logGet(44)) - raft.server.storage.dir = [/github/workspace/mnt/ozone/hadoop-ozone/integration-test/target/test-dir/MiniOzoneClusterImpl-952c9dfc-8967-4523-b06f-60d3bd5de2bf/datanode-3/data/ratis] (custom)
2021-05-19 07:42:01,090 [pool-285-thread-1] INFO  server.RaftServerConfigKeys (ConfUtils.java:logGet(44)) - raft.server.log.corruption.policy = EXCEPTION (default)
2021-05-19 07:42:01,090 [pool-285-thread-1] INFO  storage.RaftStorageDirectory (RaftStorageDirectoryImpl.java:analyzeStorage(132)) - The storage directory /github/workspace/mnt/ozone/hadoop-ozone/integration-test/target/test-dir/MiniOzoneClusterImpl-952c9dfc-8967-4523-b06f-60d3bd5de2bf/datanode-3/data/ratis/19596144-870e-41aa-8706-d5e61d3659ac does not exist. Creating ...
2021-05-19 07:42:01,091 [pool-285-thread-1] INFO  storage.RaftStorageDirectory (RaftStorageDirectoryImpl.java:tryLock(215)) - Lock on /github/workspace/mnt/ozone/hadoop-ozone/integration-test/target/test-dir/MiniOzoneClusterImpl-952c9dfc-8967-4523-b06f-60d3bd5de2bf/datanode-3/data/ratis/19596144-870e-41aa-8706-d5e61d3659ac/in_use.lock acquired by nodename 16447@3974e5c036b4
2021-05-19 07:42:01,092 [pool-285-thread-1] INFO  storage.RaftStorage (RaftStorageImpl.java:format(87)) - Storage directory /github/workspace/mnt/ozone/hadoop-ozone/integration-test/target/test-dir/MiniOzoneClusterImpl-952c9dfc-8967-4523-b06f-60d3bd5de2bf/datanode-3/data/ratis/19596144-870e-41aa-8706-d5e61d3659ac has been successfully formatted.
2021-05-19 07:42:01,093 [pool-285-thread-1] INFO  ratis.ContainerStateMachine (ContainerStateMachine.java:loadSnapshot(224)) - group-D5E61D3659AC: The snapshot info is null. Setting the last applied indexto:(t:0, i:~)
2021-05-19 07:42:01,093 [pool-285-thread-1] INFO  server.RaftServerConfigKeys (ConfUtils.java:logGet(44)) - raft.server.notification.no-leader.timeout = 300000ms (custom)
2021-05-19 07:42:01,093 [pool-285-thread-1] INFO  server.RaftServerConfigKeys (ConfUtils.java:logGet(44)) - raft.server.log.use.memory = false (default)
2021-05-19 07:42:01,093 [pool-285-thread-1] INFO  server.RaftServerConfigKeys (ConfUtils.java:logGet(44)) - raft.server.log.purge.gap = 1000000 (custom)
2021-05-19 07:42:01,093 [pool-285-thread-1] INFO  server.RaftServerConfigKeys (ConfUtils.java:logGet(44)) - raft.server.log.appender.buffer.byte-limit = 33554432 (custom)
2021-05-19 07:42:01,093 [pool-285-thread-1] INFO  metrics.RatisMetrics (RatisMetrics.java:lambda$create$0(36)) - Creating Metrics Registry : ratis.log_worker.37b2c1ee-956a-4dec-b232-912a6a25ff9b@group-D5E61D3659AC
2021-05-19 07:42:01,093 [EventQueue-PipelineReportForOneReplicaPipelineSafeModeRule] INFO  safemode.SCMSafeModeManager (SCMSafeModeManager.java:validateSafeModeExitRules(201)) - AtleastOneDatanodeReportedRule rule is successfully validated
2021-05-19 07:42:01,094 [EventQueue-OpenPipelineForHealthyPipelineSafeModeRule] INFO  safemode.SCMSafeModeManager (HealthyPipelineSafeModeRule.java:process(130)) - SCM in safe mode. Healthy pipelines reported count is 0, required healthy pipeline reported count is 1
2021-05-19 07:42:01,096 [pool-285-thread-1] INFO  server.RaftServerConfigKeys (ConfUtils.java:logGet(44)) - raft.server.log.segment.size.max = 1048576 (custom)
2021-05-19 07:42:01,096 [pool-285-thread-1] INFO  server.RaftServerConfigKeys (ConfUtils.java:logGet(44)) - raft.server.log.segment.cache.num.max = 2 (custom)
2021-05-19 07:42:01,096 [pool-285-thread-1] INFO  server.RaftServerConfigKeys (ConfUtils.java:logGet(44)) - raft.server.log.segment.cache.size.max = 200MB (=209715200) (default)
2021-05-19 07:42:01,096 [pool-285-thread-1] INFO  segmented.SegmentedRaftLogWorker (SegmentedRaftLogWorker.java:<init>(182)) - new 37b2c1ee-956a-4dec-b232-912a6a25ff9b@group-D5E61D3659AC-SegmentedRaftLogWorker for RaftStorageImpl:Storage Directory /github/workspace/mnt/ozone/hadoop-ozone/integration-test/target/test-dir/MiniOzoneClusterImpl-952c9dfc-8967-4523-b06f-60d3bd5de2bf/datanode-3/data/ratis/19596144-870e-41aa-8706-d5e61d3659ac
2021-05-19 07:42:01,096 [pool-285-thread-1] INFO  server.RaftServerConfigKeys (ConfUtils.java:logGet(44)) - raft.server.log.queue.byte-limit = 2147483647 (custom)
2021-05-19 07:42:01,096 [pool-285-thread-1] INFO  server.RaftServerConfigKeys (ConfUtils.java:logGet(44)) - raft.server.log.queue.element-limit = 1024 (custom)
2021-05-19 07:42:01,096 [pool-285-thread-1] INFO  server.RaftServerConfigKeys (ConfUtils.java:logGet(44)) - raft.server.log.segment.size.max = 1048576 (custom)
2021-05-19 07:42:01,096 [pool-285-thread-1] INFO  server.RaftServerConfigKeys (ConfUtils.java:logGet(44)) - raft.server.log.preallocated.size = 16384 (custom)
2021-05-19 07:42:01,096 [pool-285-thread-1] INFO  server.RaftServerConfigKeys (ConfUtils.java:logGet(44)) - raft.server.log.force.sync.num = 128 (default)
2021-05-19 07:42:01,096 [pool-285-thread-1] INFO  server.RaftServerConfigKeys (ConfUtils.java:logGet(44)) - raft.server.log.statemachine.data.sync = true (default)
2021-05-19 07:42:01,096 [pool-285-thread-1] INFO  server.RaftServerConfigKeys (ConfUtils.java:logGet(44)) - raft.server.log.statemachine.data.sync.timeout = 10s (default)
2021-05-19 07:42:01,096 [pool-285-thread-1] INFO  server.RaftServerConfigKeys (ConfUtils.java:logGet(44)) - raft.server.log.statemachine.data.sync.timeout.retry = -1 (default)
2021-05-19 07:42:01,097 [pool-285-thread-1] INFO  server.RaftServerConfigKeys (ConfUtils.java:logGet(44)) - raft.server.log.write.buffer.size = 1048576 (custom)
2021-05-19 07:42:01,098 [pool-285-thread-1] INFO  server.RaftServerConfigKeys (ConfUtils.java:logGet(44)) - raft.server.log.statemachine.data.caching.enabled = true (custom)
2021-05-19 07:42:01,098 [pool-285-thread-1] INFO  segmented.SegmentedRaftLogWorker (SegmentedRaftLogWorker.java:lambda$new$0(133)) - 37b2c1ee-956a-4dec-b232-912a6a25ff9b@group-D5E61D3659AC-SegmentedRaftLogWorker: flushIndex: setUnconditionally 0 -> -1
2021-05-19 07:42:01,098 [pool-285-thread-1] INFO  segmented.SegmentedRaftLogWorker (SegmentedRaftLogWorker.java:lambda$new$0(133)) - 37b2c1ee-956a-4dec-b232-912a6a25ff9b@group-D5E61D3659AC-SegmentedRaftLogWorker: safeCacheEvictIndex: setUnconditionally 0 -> -1
2021-05-19 07:42:01,098 [pool-285-thread-1] INFO  server.RaftServerConfigKeys (ConfUtils.java:logGet(44)) - raft.server.snapshot.auto.trigger.enabled = true (custom)
2021-05-19 07:42:01,098 [pool-285-thread-1] INFO  server.RaftServerConfigKeys (ConfUtils.java:logGet(44)) - raft.server.snapshot.auto.trigger.threshold = 10000 (custom)
2021-05-19 07:42:01,098 [pool-285-thread-1] INFO  server.RaftServerConfigKeys (ConfUtils.java:logGet(44)) - raft.server.snapshot.retention.file.num = 5 (custom)
2021-05-19 07:42:01,098 [pool-285-thread-1] INFO  server.RaftServerConfigKeys (ConfUtils.java:logGet(44)) - raft.server.log.purge.upto.snapshot.index = false (default)
2021-05-19 07:42:01,098 [pool-285-thread-1] INFO  server.RaftServerConfigKeys (ConfUtils.java:logGet(44)) - raft.server.retrycache.expirytime = 600000ms (custom)
2021-05-19 07:42:01,098 [pool-285-thread-1] INFO  server.RaftServerConfigKeys (ConfUtils.java:logGet(44)) - raft.server.retrycache.statistics.expirytime = 100?s (default)
2021-05-19 07:42:01,098 [pool-285-thread-1] INFO  metrics.RatisMetrics (RatisMetrics.java:lambda$create$0(36)) - Creating Metrics Registry : ratis.leader_election.37b2c1ee-956a-4dec-b232-912a6a25ff9b@group-D5E61D3659AC
2021-05-19 07:42:01,099 [pool-285-thread-1] INFO  metrics.RatisMetrics (RatisMetrics.java:lambda$create$0(36)) - Creating Metrics Registry : ratis.server.37b2c1ee-956a-4dec-b232-912a6a25ff9b@group-D5E61D3659AC
2021-05-19 07:42:01,099 [pool-285-thread-1] INFO  server.RaftServer$Division (RaftServerImpl.java:start(295)) - 37b2c1ee-956a-4dec-b232-912a6a25ff9b@group-D5E61D3659AC: start as a follower, conf=-1: [37b2c1ee-956a-4dec-b232-912a6a25ff9b|rpc:172.17.0.2:35677|priority:1, 9d983546-4247-4c0f-83b0-40f69e4f4d28|rpc:172.17.0.2:36963|priority:0, a4ee1d3f-5505-4afe-8a03-746b4b90cef8|rpc:172.17.0.2:46809|priority:0], old=null
2021-05-19 07:42:01,100 [pool-285-thread-1] INFO  server.RaftServer$Division (RaftServerImpl.java:setRole(284)) - 37b2c1ee-956a-4dec-b232-912a6a25ff9b@group-D5E61D3659AC: changes role from      null to FOLLOWER at term 0 for startAsFollower
2021-05-19 07:42:01,100 [pool-285-thread-1] INFO  impl.RoleInfo (RoleInfo.java:updateAndGet(130)) - 37b2c1ee-956a-4dec-b232-912a6a25ff9b: start 37b2c1ee-956a-4dec-b232-912a6a25ff9b@group-D5E61D3659AC-FollowerState
2021-05-19 07:42:01,100 [pool-285-thread-1] INFO  util.JmxRegister (JmxRegister.java:tryRegister(44)) - Successfully registered JMX Bean with object name Ratis:service=RaftServer,group=group-D5E61D3659AC,id=37b2c1ee-956a-4dec-b232-912a6a25ff9b
2021-05-19 07:42:01,100 [pool-285-thread-1] INFO  metrics.RatisMetrics (RatisMetrics.java:lambda$create$0(36)) - Creating Metrics Registry : ratis.state_machine.37b2c1ee-956a-4dec-b232-912a6a25ff9b@group-D5E61D3659AC
2021-05-19 07:42:01,100 [Command processor thread] INFO  ratis.XceiverServerRatis (XceiverServerRatis.java:addGroup(808)) - Created group PipelineID=19596144-870e-41aa-8706-d5e61d3659ac
2021-05-19 07:42:01,101 [Command processor thread] INFO  metrics.RatisMetrics (RatisMetrics.java:lambda$create$0(36)) - Creating Metrics Registry : ratis.client_message_metrics.client-8911A9C51BD0->9d983546-4247-4c0f-83b0-40f69e4f4d28
2021-05-19 07:42:01,107 [grpc-default-executor-3] INFO  server.RaftServer (RaftServerProxy.java:addNew(95)) - 9d983546-4247-4c0f-83b0-40f69e4f4d28: addNew group-D5E61D3659AC:[37b2c1ee-956a-4dec-b232-912a6a25ff9b|rpc:172.17.0.2:35677|dataStream:|priority:1, 9d983546-4247-4c0f-83b0-40f69e4f4d28|rpc:172.17.0.2:36963|dataStream:|priority:0, a4ee1d3f-5505-4afe-8a03-746b4b90cef8|rpc:172.17.0.2:46809|dataStream:|priority:0] returns group-D5E61D3659AC:java.util.concurrent.CompletableFuture@19b21e3[Not completed]
2021-05-19 07:42:01,108 [pool-321-thread-1] INFO  server.RaftServer$Division (RaftServerImpl.java:<init>(180)) - 9d983546-4247-4c0f-83b0-40f69e4f4d28: new RaftServerImpl for group-D5E61D3659AC:[37b2c1ee-956a-4dec-b232-912a6a25ff9b|rpc:172.17.0.2:35677|dataStream:|priority:1, 9d983546-4247-4c0f-83b0-40f69e4f4d28|rpc:172.17.0.2:36963|dataStream:|priority:0, a4ee1d3f-5505-4afe-8a03-746b4b90cef8|rpc:172.17.0.2:46809|dataStream:|priority:0] with ContainerStateMachine:uninitialized
2021-05-19 07:42:01,108 [pool-321-thread-1] INFO  server.RaftServerConfigKeys (ConfUtils.java:logGet(44)) - raft.server.rpc.timeout.min = 5s (custom)
2021-05-19 07:42:01,108 [pool-321-thread-1] INFO  server.RaftServerConfigKeys (ConfUtils.java:logGet(44)) - raft.server.rpc.timeout.max = 5200ms (custom)
2021-05-19 07:42:01,108 [pool-321-thread-1] INFO  server.RaftServerConfigKeys (ConfUtils.java:logGet(44)) - raft.server.rpc.sleep.time = 25ms (default)
2021-05-19 07:42:01,108 [pool-321-thread-1] INFO  server.RaftServerConfigKeys (ConfUtils.java:logGet(44)) - raft.server.rpc.slowness.timeout = 300000ms (custom)
2021-05-19 07:42:01,108 [pool-321-thread-1] INFO  server.RaftServerConfigKeys (ConfUtils.java:logGet(44)) - raft.server.leaderelection.leader.step-down.wait-time = 10s (default)
2021-05-19 07:42:01,108 [pool-321-thread-1] INFO  server.RaftServerConfigKeys (ConfUtils.java:logGet(44)) - raft.server.sleep.deviation.threshold = 300ms (default)
2021-05-19 07:42:01,108 [pool-321-thread-1] INFO  server.RaftServerConfigKeys (ConfUtils.java:logGet(44)) - raft.server.log.appender.install.snapshot.enabled = false (custom)
2021-05-19 07:42:01,108 [pool-321-thread-1] INFO  server.RaftServer$Division (ServerState.java:<init>(105)) - 9d983546-4247-4c0f-83b0-40f69e4f4d28@group-D5E61D3659AC: ConfigurationManager, init=-1: [37b2c1ee-956a-4dec-b232-912a6a25ff9b|rpc:172.17.0.2:35677|dataStream:|priority:1, 9d983546-4247-4c0f-83b0-40f69e4f4d28|rpc:172.17.0.2:36963|dataStream:|priority:0, a4ee1d3f-5505-4afe-8a03-746b4b90cef8|rpc:172.17.0.2:46809|dataStream:|priority:0], old=null, confs=<EMPTY_MAP>
2021-05-19 07:42:01,108 [pool-321-thread-1] INFO  server.RaftServerConfigKeys (ConfUtils.java:logGet(44)) - raft.server.storage.dir = [/github/workspace/mnt/ozone/hadoop-ozone/integration-test/target/test-dir/MiniOzoneClusterImpl-952c9dfc-8967-4523-b06f-60d3bd5de2bf/datanode-5/data/ratis] (custom)
2021-05-19 07:42:01,108 [pool-321-thread-1] INFO  server.RaftServerConfigKeys (ConfUtils.java:logGet(44)) - raft.server.log.corruption.policy = EXCEPTION (default)
2021-05-19 07:42:01,108 [pool-321-thread-1] INFO  storage.RaftStorageDirectory (RaftStorageDirectoryImpl.java:analyzeStorage(132)) - The storage directory /github/workspace/mnt/ozone/hadoop-ozone/integration-test/target/test-dir/MiniOzoneClusterImpl-952c9dfc-8967-4523-b06f-60d3bd5de2bf/datanode-5/data/ratis/19596144-870e-41aa-8706-d5e61d3659ac does not exist. Creating ...
2021-05-19 07:42:01,110 [pool-321-thread-1] INFO  storage.RaftStorageDirectory (RaftStorageDirectoryImpl.java:tryLock(215)) - Lock on /github/workspace/mnt/ozone/hadoop-ozone/integration-test/target/test-dir/MiniOzoneClusterImpl-952c9dfc-8967-4523-b06f-60d3bd5de2bf/datanode-5/data/ratis/19596144-870e-41aa-8706-d5e61d3659ac/in_use.lock acquired by nodename 16447@3974e5c036b4
2021-05-19 07:42:01,111 [pool-321-thread-1] INFO  storage.RaftStorage (RaftStorageImpl.java:format(87)) - Storage directory /github/workspace/mnt/ozone/hadoop-ozone/integration-test/target/test-dir/MiniOzoneClusterImpl-952c9dfc-8967-4523-b06f-60d3bd5de2bf/datanode-5/data/ratis/19596144-870e-41aa-8706-d5e61d3659ac has been successfully formatted.
2021-05-19 07:42:01,112 [pool-321-thread-1] INFO  ratis.ContainerStateMachine (ContainerStateMachine.java:loadSnapshot(224)) - group-D5E61D3659AC: The snapshot info is null. Setting the last applied indexto:(t:0, i:~)
2021-05-19 07:42:01,112 [EventQueue-PipelineReportForOneReplicaPipelineSafeModeRule] INFO  safemode.SCMSafeModeManager (SCMSafeModeManager.java:validateSafeModeExitRules(201)) - AtleastOneDatanodeReportedRule rule is successfully validated
2021-05-19 07:42:01,112 [pool-321-thread-1] INFO  server.RaftServerConfigKeys (ConfUtils.java:logGet(44)) - raft.server.notification.no-leader.timeout = 300000ms (custom)
2021-05-19 07:42:01,112 [pool-321-thread-1] INFO  server.RaftServerConfigKeys (ConfUtils.java:logGet(44)) - raft.server.log.use.memory = false (default)
2021-05-19 07:42:01,112 [pool-321-thread-1] INFO  server.RaftServerConfigKeys (ConfUtils.java:logGet(44)) - raft.server.log.purge.gap = 1000000 (custom)
2021-05-19 07:42:01,112 [pool-321-thread-1] INFO  server.RaftServerConfigKeys (ConfUtils.java:logGet(44)) - raft.server.log.appender.buffer.byte-limit = 33554432 (custom)
2021-05-19 07:42:01,112 [pool-321-thread-1] INFO  metrics.RatisMetrics (RatisMetrics.java:lambda$create$0(36)) - Creating Metrics Registry : ratis.log_worker.9d983546-4247-4c0f-83b0-40f69e4f4d28@group-D5E61D3659AC
2021-05-19 07:42:01,113 [pool-321-thread-1] INFO  server.RaftServerConfigKeys (ConfUtils.java:logGet(44)) - raft.server.log.segment.size.max = 1048576 (custom)
2021-05-19 07:42:01,113 [pool-321-thread-1] INFO  server.RaftServerConfigKeys (ConfUtils.java:logGet(44)) - raft.server.log.segment.cache.num.max = 2 (custom)
2021-05-19 07:42:01,113 [pool-321-thread-1] INFO  server.RaftServerConfigKeys (ConfUtils.java:logGet(44)) - raft.server.log.segment.cache.size.max = 200MB (=209715200) (default)
2021-05-19 07:42:01,113 [pool-321-thread-1] INFO  segmented.SegmentedRaftLogWorker (SegmentedRaftLogWorker.java:<init>(182)) - new 9d983546-4247-4c0f-83b0-40f69e4f4d28@group-D5E61D3659AC-SegmentedRaftLogWorker for RaftStorageImpl:Storage Directory /github/workspace/mnt/ozone/hadoop-ozone/integration-test/target/test-dir/MiniOzoneClusterImpl-952c9dfc-8967-4523-b06f-60d3bd5de2bf/datanode-5/data/ratis/19596144-870e-41aa-8706-d5e61d3659ac
2021-05-19 07:42:01,113 [pool-321-thread-1] INFO  server.RaftServerConfigKeys (ConfUtils.java:logGet(44)) - raft.server.log.queue.byte-limit = 2147483647 (custom)
2021-05-19 07:42:01,113 [pool-321-thread-1] INFO  server.RaftServerConfigKeys (ConfUtils.java:logGet(44)) - raft.server.log.queue.element-limit = 1024 (custom)
2021-05-19 07:42:01,113 [pool-321-thread-1] INFO  server.RaftServerConfigKeys (ConfUtils.java:logGet(44)) - raft.server.log.segment.size.max = 1048576 (custom)
2021-05-19 07:42:01,113 [pool-321-thread-1] INFO  server.RaftServerConfigKeys (ConfUtils.java:logGet(44)) - raft.server.log.preallocated.size = 16384 (custom)
2021-05-19 07:42:01,113 [pool-321-thread-1] INFO  server.RaftServerConfigKeys (ConfUtils.java:logGet(44)) - raft.server.log.force.sync.num = 128 (default)
2021-05-19 07:42:01,113 [pool-321-thread-1] INFO  server.RaftServerConfigKeys (ConfUtils.java:logGet(44)) - raft.server.log.statemachine.data.sync = true (default)
2021-05-19 07:42:01,113 [pool-321-thread-1] INFO  server.RaftServerConfigKeys (ConfUtils.java:logGet(44)) - raft.server.log.statemachine.data.sync.timeout = 10s (default)
2021-05-19 07:42:01,113 [pool-321-thread-1] INFO  server.RaftServerConfigKeys (ConfUtils.java:logGet(44)) - raft.server.log.statemachine.data.sync.timeout.retry = -1 (default)
2021-05-19 07:42:01,114 [pool-321-thread-1] INFO  server.RaftServerConfigKeys (ConfUtils.java:logGet(44)) - raft.server.log.write.buffer.size = 1048576 (custom)
2021-05-19 07:42:01,115 [pool-321-thread-1] INFO  server.RaftServerConfigKeys (ConfUtils.java:logGet(44)) - raft.server.log.statemachine.data.caching.enabled = true (custom)
2021-05-19 07:42:01,115 [pool-321-thread-1] INFO  segmented.SegmentedRaftLogWorker (SegmentedRaftLogWorker.java:lambda$new$0(133)) - 9d983546-4247-4c0f-83b0-40f69e4f4d28@group-D5E61D3659AC-SegmentedRaftLogWorker: flushIndex: setUnconditionally 0 -> -1
2021-05-19 07:42:01,115 [pool-321-thread-1] INFO  segmented.SegmentedRaftLogWorker (SegmentedRaftLogWorker.java:lambda$new$0(133)) - 9d983546-4247-4c0f-83b0-40f69e4f4d28@group-D5E61D3659AC-SegmentedRaftLogWorker: safeCacheEvictIndex: setUnconditionally 0 -> -1
2021-05-19 07:42:01,117 [pool-321-thread-1] INFO  server.RaftServerConfigKeys (ConfUtils.java:logGet(44)) - raft.server.snapshot.auto.trigger.enabled = true (custom)
2021-05-19 07:42:01,117 [pool-321-thread-1] INFO  server.RaftServerConfigKeys (ConfUtils.java:logGet(44)) - raft.server.snapshot.auto.trigger.threshold = 10000 (custom)
2021-05-19 07:42:01,117 [pool-321-thread-1] INFO  server.RaftServerConfigKeys (ConfUtils.java:logGet(44)) - raft.server.snapshot.retention.file.num = 5 (custom)
2021-05-19 07:42:01,117 [pool-321-thread-1] INFO  server.RaftServerConfigKeys (ConfUtils.java:logGet(44)) - raft.server.log.purge.upto.snapshot.index = false (default)
2021-05-19 07:42:01,117 [pool-321-thread-1] INFO  server.RaftServerConfigKeys (ConfUtils.java:logGet(44)) - raft.server.retrycache.expirytime = 600000ms (custom)
2021-05-19 07:42:01,117 [pool-321-thread-1] INFO  server.RaftServerConfigKeys (ConfUtils.java:logGet(44)) - raft.server.retrycache.statistics.expirytime = 100?s (default)
2021-05-19 07:42:01,118 [pool-321-thread-1] INFO  metrics.RatisMetrics (RatisMetrics.java:lambda$create$0(36)) - Creating Metrics Registry : ratis.leader_election.9d983546-4247-4c0f-83b0-40f69e4f4d28@group-D5E61D3659AC
2021-05-19 07:42:01,119 [pool-321-thread-1] INFO  metrics.RatisMetrics (RatisMetrics.java:lambda$create$0(36)) - Creating Metrics Registry : ratis.server.9d983546-4247-4c0f-83b0-40f69e4f4d28@group-D5E61D3659AC
2021-05-19 07:42:01,121 [pool-321-thread-1] INFO  server.RaftServer$Division (RaftServerImpl.java:start(295)) - 9d983546-4247-4c0f-83b0-40f69e4f4d28@group-D5E61D3659AC: start as a follower, conf=-1: [37b2c1ee-956a-4dec-b232-912a6a25ff9b|rpc:172.17.0.2:35677|dataStream:|priority:1, 9d983546-4247-4c0f-83b0-40f69e4f4d28|rpc:172.17.0.2:36963|dataStream:|priority:0, a4ee1d3f-5505-4afe-8a03-746b4b90cef8|rpc:172.17.0.2:46809|dataStream:|priority:0], old=null
2021-05-19 07:42:01,121 [pool-321-thread-1] INFO  server.RaftServer$Division (RaftServerImpl.java:setRole(284)) - 9d983546-4247-4c0f-83b0-40f69e4f4d28@group-D5E61D3659AC: changes role from      null to FOLLOWER at term 0 for startAsFollower
2021-05-19 07:42:01,121 [pool-321-thread-1] INFO  impl.RoleInfo (RoleInfo.java:updateAndGet(130)) - 9d983546-4247-4c0f-83b0-40f69e4f4d28: start 9d983546-4247-4c0f-83b0-40f69e4f4d28@group-D5E61D3659AC-FollowerState
2021-05-19 07:42:01,121 [pool-321-thread-1] INFO  util.JmxRegister (JmxRegister.java:tryRegister(44)) - Successfully registered JMX Bean with object name Ratis:service=RaftServer,group=group-D5E61D3659AC,id=9d983546-4247-4c0f-83b0-40f69e4f4d28
2021-05-19 07:42:01,121 [pool-321-thread-1] INFO  metrics.RatisMetrics (RatisMetrics.java:lambda$create$0(36)) - Creating Metrics Registry : ratis.state_machine.9d983546-4247-4c0f-83b0-40f69e4f4d28@group-D5E61D3659AC
2021-05-19 07:42:01,129 [Command processor thread] INFO  metrics.RatisMetrics (RatisMetrics.java:lambda$create$0(36)) - Creating Metrics Registry : ratis.client_message_metrics.client-70387EA79EB3->a4ee1d3f-5505-4afe-8a03-746b4b90cef8
2021-05-19 07:42:01,130 [Command processor thread] INFO  server.RaftServer (RaftServerProxy.java:addNew(95)) - a4ee1d3f-5505-4afe-8a03-746b4b90cef8: addNew group-5FECF58F6D49:[a4ee1d3f-5505-4afe-8a03-746b4b90cef8|rpc:172.17.0.2:46809|priority:1] returns group-5FECF58F6D49:java.util.concurrent.CompletableFuture@715b5b0f[Not completed]
2021-05-19 07:42:01,131 [pool-303-thread-1] INFO  server.RaftServer$Division (RaftServerImpl.java:<init>(180)) - a4ee1d3f-5505-4afe-8a03-746b4b90cef8: new RaftServerImpl for group-5FECF58F6D49:[a4ee1d3f-5505-4afe-8a03-746b4b90cef8|rpc:172.17.0.2:46809|priority:1] with ContainerStateMachine:uninitialized
2021-05-19 07:42:01,131 [pool-303-thread-1] INFO  server.RaftServerConfigKeys (ConfUtils.java:logGet(44)) - raft.server.rpc.timeout.min = 5s (custom)
2021-05-19 07:42:01,131 [pool-303-thread-1] INFO  server.RaftServerConfigKeys (ConfUtils.java:logGet(44)) - raft.server.rpc.timeout.max = 5200ms (custom)
2021-05-19 07:42:01,131 [pool-303-thread-1] INFO  server.RaftServerConfigKeys (ConfUtils.java:logGet(44)) - raft.server.rpc.sleep.time = 25ms (default)
2021-05-19 07:42:01,131 [pool-303-thread-1] INFO  server.RaftServerConfigKeys (ConfUtils.java:logGet(44)) - raft.server.rpc.slowness.timeout = 300000ms (custom)
2021-05-19 07:42:01,131 [pool-303-thread-1] INFO  server.RaftServerConfigKeys (ConfUtils.java:logGet(44)) - raft.server.leaderelection.leader.step-down.wait-time = 10s (default)
2021-05-19 07:42:01,131 [pool-303-thread-1] INFO  server.RaftServerConfigKeys (ConfUtils.java:logGet(44)) - raft.server.sleep.deviation.threshold = 300ms (default)
2021-05-19 07:42:01,132 [pool-303-thread-1] INFO  server.RaftServerConfigKeys (ConfUtils.java:logGet(44)) - raft.server.log.appender.install.snapshot.enabled = false (custom)
2021-05-19 07:42:01,132 [pool-303-thread-1] INFO  server.RaftServer$Division (ServerState.java:<init>(105)) - a4ee1d3f-5505-4afe-8a03-746b4b90cef8@group-5FECF58F6D49: ConfigurationManager, init=-1: [a4ee1d3f-5505-4afe-8a03-746b4b90cef8|rpc:172.17.0.2:46809|priority:1], old=null, confs=<EMPTY_MAP>
2021-05-19 07:42:01,132 [pool-303-thread-1] INFO  server.RaftServerConfigKeys (ConfUtils.java:logGet(44)) - raft.server.storage.dir = [/github/workspace/mnt/ozone/hadoop-ozone/integration-test/target/test-dir/MiniOzoneClusterImpl-952c9dfc-8967-4523-b06f-60d3bd5de2bf/datanode-4/data/ratis] (custom)
2021-05-19 07:42:01,132 [pool-303-thread-1] INFO  server.RaftServerConfigKeys (ConfUtils.java:logGet(44)) - raft.server.log.corruption.policy = EXCEPTION (default)
2021-05-19 07:42:01,132 [pool-303-thread-1] INFO  storage.RaftStorageDirectory (RaftStorageDirectoryImpl.java:analyzeStorage(132)) - The storage directory /github/workspace/mnt/ozone/hadoop-ozone/integration-test/target/test-dir/MiniOzoneClusterImpl-952c9dfc-8967-4523-b06f-60d3bd5de2bf/datanode-4/data/ratis/fb9e7414-52b6-4a06-bacf-5fecf58f6d49 does not exist. Creating ...
2021-05-19 07:42:01,133 [pool-303-thread-1] INFO  storage.RaftStorageDirectory (RaftStorageDirectoryImpl.java:tryLock(215)) - Lock on /github/workspace/mnt/ozone/hadoop-ozone/integration-test/target/test-dir/MiniOzoneClusterImpl-952c9dfc-8967-4523-b06f-60d3bd5de2bf/datanode-4/data/ratis/fb9e7414-52b6-4a06-bacf-5fecf58f6d49/in_use.lock acquired by nodename 16447@3974e5c036b4
2021-05-19 07:42:01,134 [pool-303-thread-1] INFO  storage.RaftStorage (RaftStorageImpl.java:format(87)) - Storage directory /github/workspace/mnt/ozone/hadoop-ozone/integration-test/target/test-dir/MiniOzoneClusterImpl-952c9dfc-8967-4523-b06f-60d3bd5de2bf/datanode-4/data/ratis/fb9e7414-52b6-4a06-bacf-5fecf58f6d49 has been successfully formatted.
2021-05-19 07:42:01,135 [pool-303-thread-1] INFO  ratis.ContainerStateMachine (ContainerStateMachine.java:loadSnapshot(224)) - group-5FECF58F6D49: The snapshot info is null. Setting the last applied indexto:(t:0, i:~)
2021-05-19 07:42:01,135 [pool-303-thread-1] INFO  server.RaftServerConfigKeys (ConfUtils.java:logGet(44)) - raft.server.notification.no-leader.timeout = 300000ms (custom)
2021-05-19 07:42:01,135 [pool-303-thread-1] INFO  server.RaftServerConfigKeys (ConfUtils.java:logGet(44)) - raft.server.log.use.memory = false (default)
2021-05-19 07:42:01,135 [pool-303-thread-1] INFO  server.RaftServerConfigKeys (ConfUtils.java:logGet(44)) - raft.server.log.purge.gap = 1000000 (custom)
2021-05-19 07:42:01,135 [pool-303-thread-1] INFO  server.RaftServerConfigKeys (ConfUtils.java:logGet(44)) - raft.server.log.appender.buffer.byte-limit = 33554432 (custom)
2021-05-19 07:42:01,135 [pool-303-thread-1] INFO  metrics.RatisMetrics (RatisMetrics.java:lambda$create$0(36)) - Creating Metrics Registry : ratis.log_worker.a4ee1d3f-5505-4afe-8a03-746b4b90cef8@group-5FECF58F6D49
2021-05-19 07:42:01,135 [pool-303-thread-1] INFO  server.RaftServerConfigKeys (ConfUtils.java:logGet(44)) - raft.server.log.segment.size.max = 1048576 (custom)
2021-05-19 07:42:01,135 [EventQueue-PipelineReportForOneReplicaPipelineSafeModeRule] INFO  safemode.SCMSafeModeManager (SCMSafeModeManager.java:validateSafeModeExitRules(201)) - AtleastOneDatanodeReportedRule rule is successfully validated
2021-05-19 07:42:01,136 [EventQueue-PipelineReportForPipelineReportHandler] INFO  pipeline.PipelineManagerV2Impl (PipelineManagerV2Impl.java:openPipeline(270)) - Pipeline Pipeline[ Id: fb9e7414-52b6-4a06-bacf-5fecf58f6d49, Nodes: a4ee1d3f-5505-4afe-8a03-746b4b90cef8{ip: 172.17.0.2, host: 3974e5c036b4, ports: [REPLICATION=43531, RATIS=46809, RATIS_ADMIN=46809, RATIS_SERVER=46809, STANDALONE=36497], networkLocation: /default-rack, certSerialId: null, persistedOpState: IN_SERVICE, persistedOpStateExpiryEpochSec: 0}, ReplicationConfig: RATIS/ONE, State:ALLOCATED, leaderId:a4ee1d3f-5505-4afe-8a03-746b4b90cef8, CreationTimestamp2021-05-19T07:41:58.132Z] moved to OPEN state
2021-05-19 07:42:01,136 [EventQueue-OpenPipelineForHealthyPipelineSafeModeRule] INFO  safemode.SCMSafeModeManager (HealthyPipelineSafeModeRule.java:process(130)) - SCM in safe mode. Healthy pipelines reported count is 0, required healthy pipeline reported count is 1
2021-05-19 07:42:01,136 [pool-303-thread-1] INFO  server.RaftServerConfigKeys (ConfUtils.java:logGet(44)) - raft.server.log.segment.cache.num.max = 2 (custom)
2021-05-19 07:42:01,136 [pool-303-thread-1] INFO  server.RaftServerConfigKeys (ConfUtils.java:logGet(44)) - raft.server.log.segment.cache.size.max = 200MB (=209715200) (default)
2021-05-19 07:42:01,136 [pool-303-thread-1] INFO  segmented.SegmentedRaftLogWorker (SegmentedRaftLogWorker.java:<init>(182)) - new a4ee1d3f-5505-4afe-8a03-746b4b90cef8@group-5FECF58F6D49-SegmentedRaftLogWorker for RaftStorageImpl:Storage Directory /github/workspace/mnt/ozone/hadoop-ozone/integration-test/target/test-dir/MiniOzoneClusterImpl-952c9dfc-8967-4523-b06f-60d3bd5de2bf/datanode-4/data/ratis/fb9e7414-52b6-4a06-bacf-5fecf58f6d49
2021-05-19 07:42:01,136 [pool-303-thread-1] INFO  server.RaftServerConfigKeys (ConfUtils.java:logGet(44)) - raft.server.log.queue.byte-limit = 2147483647 (custom)
2021-05-19 07:42:01,136 [pool-303-thread-1] INFO  server.RaftServerConfigKeys (ConfUtils.java:logGet(44)) - raft.server.log.queue.element-limit = 1024 (custom)
2021-05-19 07:42:01,136 [pool-303-thread-1] INFO  server.RaftServerConfigKeys (ConfUtils.java:logGet(44)) - raft.server.log.segment.size.max = 1048576 (custom)
2021-05-19 07:42:01,137 [pool-303-thread-1] INFO  server.RaftServerConfigKeys (ConfUtils.java:logGet(44)) - raft.server.log.preallocated.size = 16384 (custom)
2021-05-19 07:42:01,137 [pool-303-thread-1] INFO  server.RaftServerConfigKeys (ConfUtils.java:logGet(44)) - raft.server.log.force.sync.num = 128 (default)
2021-05-19 07:42:01,137 [pool-303-thread-1] INFO  server.RaftServerConfigKeys (ConfUtils.java:logGet(44)) - raft.server.log.statemachine.data.sync = true (default)
2021-05-19 07:42:01,137 [pool-303-thread-1] INFO  server.RaftServerConfigKeys (ConfUtils.java:logGet(44)) - raft.server.log.statemachine.data.sync.timeout = 10s (default)
2021-05-19 07:42:01,137 [pool-303-thread-1] INFO  server.RaftServerConfigKeys (ConfUtils.java:logGet(44)) - raft.server.log.statemachine.data.sync.timeout.retry = -1 (default)
2021-05-19 07:42:01,137 [pool-303-thread-1] INFO  server.RaftServerConfigKeys (ConfUtils.java:logGet(44)) - raft.server.log.write.buffer.size = 1048576 (custom)
2021-05-19 07:42:01,138 [pool-303-thread-1] INFO  server.RaftServerConfigKeys (ConfUtils.java:logGet(44)) - raft.server.log.statemachine.data.caching.enabled = true (custom)
2021-05-19 07:42:01,138 [pool-303-thread-1] INFO  segmented.SegmentedRaftLogWorker (SegmentedRaftLogWorker.java:lambda$new$0(133)) - a4ee1d3f-5505-4afe-8a03-746b4b90cef8@group-5FECF58F6D49-SegmentedRaftLogWorker: flushIndex: setUnconditionally 0 -> -1
2021-05-19 07:42:01,138 [pool-303-thread-1] INFO  segmented.SegmentedRaftLogWorker (SegmentedRaftLogWorker.java:lambda$new$0(133)) - a4ee1d3f-5505-4afe-8a03-746b4b90cef8@group-5FECF58F6D49-SegmentedRaftLogWorker: safeCacheEvictIndex: setUnconditionally 0 -> -1
2021-05-19 07:42:01,138 [pool-303-thread-1] INFO  server.RaftServerConfigKeys (ConfUtils.java:logGet(44)) - raft.server.snapshot.auto.trigger.enabled = true (custom)
2021-05-19 07:42:01,138 [pool-303-thread-1] INFO  server.RaftServerConfigKeys (ConfUtils.java:logGet(44)) - raft.server.snapshot.auto.trigger.threshold = 10000 (custom)
2021-05-19 07:42:01,139 [pool-303-thread-1] INFO  server.RaftServerConfigKeys (ConfUtils.java:logGet(44)) - raft.server.snapshot.retention.file.num = 5 (custom)
2021-05-19 07:42:01,139 [pool-303-thread-1] INFO  server.RaftServerConfigKeys (ConfUtils.java:logGet(44)) - raft.server.log.purge.upto.snapshot.index = false (default)
2021-05-19 07:42:01,139 [pool-303-thread-1] INFO  server.RaftServerConfigKeys (ConfUtils.java:logGet(44)) - raft.server.retrycache.expirytime = 600000ms (custom)
2021-05-19 07:42:01,139 [pool-303-thread-1] INFO  server.RaftServerConfigKeys (ConfUtils.java:logGet(44)) - raft.server.retrycache.statistics.expirytime = 100?s (default)
2021-05-19 07:42:01,139 [pool-303-thread-1] INFO  metrics.RatisMetrics (RatisMetrics.java:lambda$create$0(36)) - Creating Metrics Registry : ratis.leader_election.a4ee1d3f-5505-4afe-8a03-746b4b90cef8@group-5FECF58F6D49
2021-05-19 07:42:01,139 [grpc-default-executor-3] INFO  server.RaftServer (RaftServerProxy.java:addNew(95)) - a4ee1d3f-5505-4afe-8a03-746b4b90cef8: addNew group-D5E61D3659AC:[37b2c1ee-956a-4dec-b232-912a6a25ff9b|rpc:172.17.0.2:35677|dataStream:|priority:1, 9d983546-4247-4c0f-83b0-40f69e4f4d28|rpc:172.17.0.2:36963|dataStream:|priority:0, a4ee1d3f-5505-4afe-8a03-746b4b90cef8|rpc:172.17.0.2:46809|dataStream:|priority:0] returns group-D5E61D3659AC:java.util.concurrent.CompletableFuture@7751f3a2[Not completed]
2021-05-19 07:42:01,139 [pool-303-thread-1] INFO  metrics.RatisMetrics (RatisMetrics.java:lambda$create$0(36)) - Creating Metrics Registry : ratis.server.a4ee1d3f-5505-4afe-8a03-746b4b90cef8@group-5FECF58F6D49
2021-05-19 07:42:01,140 [pool-303-thread-1] INFO  server.RaftServer$Division (RaftServerImpl.java:<init>(180)) - a4ee1d3f-5505-4afe-8a03-746b4b90cef8: new RaftServerImpl for group-D5E61D3659AC:[37b2c1ee-956a-4dec-b232-912a6a25ff9b|rpc:172.17.0.2:35677|dataStream:|priority:1, 9d983546-4247-4c0f-83b0-40f69e4f4d28|rpc:172.17.0.2:36963|dataStream:|priority:0, a4ee1d3f-5505-4afe-8a03-746b4b90cef8|rpc:172.17.0.2:46809|dataStream:|priority:0] with ContainerStateMachine:uninitialized
2021-05-19 07:42:01,140 [pool-303-thread-1] INFO  server.RaftServerConfigKeys (ConfUtils.java:logGet(44)) - raft.server.rpc.timeout.min = 5s (custom)
2021-05-19 07:42:01,140 [pool-303-thread-1] INFO  server.RaftServerConfigKeys (ConfUtils.java:logGet(44)) - raft.server.rpc.timeout.max = 5200ms (custom)
2021-05-19 07:42:01,140 [pool-303-thread-1] INFO  server.RaftServerConfigKeys (ConfUtils.java:logGet(44)) - raft.server.rpc.sleep.time = 25ms (default)
2021-05-19 07:42:01,140 [pool-303-thread-1] INFO  server.RaftServerConfigKeys (ConfUtils.java:logGet(44)) - raft.server.rpc.slowness.timeout = 300000ms (custom)
2021-05-19 07:42:01,141 [pool-303-thread-1] INFO  server.RaftServerConfigKeys (ConfUtils.java:logGet(44)) - raft.server.leaderelection.leader.step-down.wait-time = 10s (default)
2021-05-19 07:42:01,141 [pool-303-thread-1] INFO  server.RaftServerConfigKeys (ConfUtils.java:logGet(44)) - raft.server.sleep.deviation.threshold = 300ms (default)
2021-05-19 07:42:01,141 [pool-303-thread-1] INFO  server.RaftServerConfigKeys (ConfUtils.java:logGet(44)) - raft.server.log.appender.install.snapshot.enabled = false (custom)
2021-05-19 07:42:01,141 [pool-303-thread-1] INFO  server.RaftServer$Division (ServerState.java:<init>(105)) - a4ee1d3f-5505-4afe-8a03-746b4b90cef8@group-D5E61D3659AC: ConfigurationManager, init=-1: [37b2c1ee-956a-4dec-b232-912a6a25ff9b|rpc:172.17.0.2:35677|dataStream:|priority:1, 9d983546-4247-4c0f-83b0-40f69e4f4d28|rpc:172.17.0.2:36963|dataStream:|priority:0, a4ee1d3f-5505-4afe-8a03-746b4b90cef8|rpc:172.17.0.2:46809|dataStream:|priority:0], old=null, confs=<EMPTY_MAP>
2021-05-19 07:42:01,141 [pool-303-thread-1] INFO  server.RaftServerConfigKeys (ConfUtils.java:logGet(44)) - raft.server.storage.dir = [/github/workspace/mnt/ozone/hadoop-ozone/integration-test/target/test-dir/MiniOzoneClusterImpl-952c9dfc-8967-4523-b06f-60d3bd5de2bf/datanode-4/data/ratis] (custom)
2021-05-19 07:42:01,141 [pool-303-thread-1] INFO  server.RaftServerConfigKeys (ConfUtils.java:logGet(44)) - raft.server.log.corruption.policy = EXCEPTION (default)
2021-05-19 07:42:01,141 [pool-303-thread-1] INFO  storage.RaftStorageDirectory (RaftStorageDirectoryImpl.java:analyzeStorage(132)) - The storage directory /github/workspace/mnt/ozone/hadoop-ozone/integration-test/target/test-dir/MiniOzoneClusterImpl-952c9dfc-8967-4523-b06f-60d3bd5de2bf/datanode-4/data/ratis/19596144-870e-41aa-8706-d5e61d3659ac does not exist. Creating ...
2021-05-19 07:42:01,144 [pool-303-thread-1] INFO  storage.RaftStorageDirectory (RaftStorageDirectoryImpl.java:tryLock(215)) - Lock on /github/workspace/mnt/ozone/hadoop-ozone/integration-test/target/test-dir/MiniOzoneClusterImpl-952c9dfc-8967-4523-b06f-60d3bd5de2bf/datanode-4/data/ratis/19596144-870e-41aa-8706-d5e61d3659ac/in_use.lock acquired by nodename 16447@3974e5c036b4
2021-05-19 07:42:01,145 [pool-303-thread-1] INFO  storage.RaftStorage (RaftStorageImpl.java:format(87)) - Storage directory /github/workspace/mnt/ozone/hadoop-ozone/integration-test/target/test-dir/MiniOzoneClusterImpl-952c9dfc-8967-4523-b06f-60d3bd5de2bf/datanode-4/data/ratis/19596144-870e-41aa-8706-d5e61d3659ac has been successfully formatted.
2021-05-19 07:42:01,145 [pool-303-thread-1] INFO  ratis.ContainerStateMachine (ContainerStateMachine.java:loadSnapshot(224)) - group-D5E61D3659AC: The snapshot info is null. Setting the last applied indexto:(t:0, i:~)
2021-05-19 07:42:01,145 [pool-303-thread-1] INFO  server.RaftServerConfigKeys (ConfUtils.java:logGet(44)) - raft.server.notification.no-leader.timeout = 300000ms (custom)
2021-05-19 07:42:01,145 [pool-303-thread-1] INFO  server.RaftServerConfigKeys (ConfUtils.java:logGet(44)) - raft.server.log.use.memory = false (default)
2021-05-19 07:42:01,145 [pool-303-thread-1] INFO  server.RaftServerConfigKeys (ConfUtils.java:logGet(44)) - raft.server.log.purge.gap = 1000000 (custom)
2021-05-19 07:42:01,145 [pool-303-thread-1] INFO  server.RaftServerConfigKeys (ConfUtils.java:logGet(44)) - raft.server.log.appender.buffer.byte-limit = 33554432 (custom)
2021-05-19 07:42:01,145 [pool-303-thread-1] INFO  metrics.RatisMetrics (RatisMetrics.java:lambda$create$0(36)) - Creating Metrics Registry : ratis.log_worker.a4ee1d3f-5505-4afe-8a03-746b4b90cef8@group-D5E61D3659AC
2021-05-19 07:42:01,145 [pool-303-thread-1] INFO  server.RaftServerConfigKeys (ConfUtils.java:logGet(44)) - raft.server.log.segment.size.max = 1048576 (custom)
2021-05-19 07:42:01,146 [EventQueue-OpenPipelineForHealthyPipelineSafeModeRule] INFO  safemode.SCMSafeModeManager (HealthyPipelineSafeModeRule.java:process(130)) - SCM in safe mode. Healthy pipelines reported count is 0, required healthy pipeline reported count is 1
2021-05-19 07:42:01,145 [EventQueue-PipelineReportForOneReplicaPipelineSafeModeRule] INFO  safemode.SCMSafeModeManager (SCMSafeModeManager.java:validateSafeModeExitRules(201)) - AtleastOneDatanodeReportedRule rule is successfully validated
2021-05-19 07:42:01,146 [pool-303-thread-1] INFO  server.RaftServerConfigKeys (ConfUtils.java:logGet(44)) - raft.server.log.segment.cache.num.max = 2 (custom)
2021-05-19 07:42:01,146 [pool-303-thread-1] INFO  server.RaftServerConfigKeys (ConfUtils.java:logGet(44)) - raft.server.log.segment.cache.size.max = 200MB (=209715200) (default)
2021-05-19 07:42:01,146 [pool-303-thread-1] INFO  segmented.SegmentedRaftLogWorker (SegmentedRaftLogWorker.java:<init>(182)) - new a4ee1d3f-5505-4afe-8a03-746b4b90cef8@group-D5E61D3659AC-SegmentedRaftLogWorker for RaftStorageImpl:Storage Directory /github/workspace/mnt/ozone/hadoop-ozone/integration-test/target/test-dir/MiniOzoneClusterImpl-952c9dfc-8967-4523-b06f-60d3bd5de2bf/datanode-4/data/ratis/19596144-870e-41aa-8706-d5e61d3659ac
2021-05-19 07:42:01,146 [pool-303-thread-1] INFO  server.RaftServerConfigKeys (ConfUtils.java:logGet(44)) - raft.server.log.queue.byte-limit = 2147483647 (custom)
2021-05-19 07:42:01,146 [pool-303-thread-1] INFO  server.RaftServerConfigKeys (ConfUtils.java:logGet(44)) - raft.server.log.queue.element-limit = 1024 (custom)
2021-05-19 07:42:01,146 [pool-303-thread-1] INFO  server.RaftServerConfigKeys (ConfUtils.java:logGet(44)) - raft.server.log.segment.size.max = 1048576 (custom)
2021-05-19 07:42:01,146 [pool-303-thread-1] INFO  server.RaftServerConfigKeys (ConfUtils.java:logGet(44)) - raft.server.log.preallocated.size = 16384 (custom)
2021-05-19 07:42:01,146 [pool-303-thread-1] INFO  server.RaftServerConfigKeys (ConfUtils.java:logGet(44)) - raft.server.log.force.sync.num = 128 (default)
2021-05-19 07:42:01,146 [pool-303-thread-1] INFO  server.RaftServerConfigKeys (ConfUtils.java:logGet(44)) - raft.server.log.statemachine.data.sync = true (default)
2021-05-19 07:42:01,147 [pool-303-thread-1] INFO  server.RaftServerConfigKeys (ConfUtils.java:logGet(44)) - raft.server.log.statemachine.data.sync.timeout = 10s (default)
2021-05-19 07:42:01,147 [pool-303-thread-1] INFO  server.RaftServerConfigKeys (ConfUtils.java:logGet(44)) - raft.server.log.statemachine.data.sync.timeout.retry = -1 (default)
2021-05-19 07:42:01,147 [pool-303-thread-1] INFO  server.RaftServerConfigKeys (ConfUtils.java:logGet(44)) - raft.server.log.write.buffer.size = 1048576 (custom)
2021-05-19 07:42:01,148 [pool-303-thread-1] INFO  server.RaftServerConfigKeys (ConfUtils.java:logGet(44)) - raft.server.log.statemachine.data.caching.enabled = true (custom)
2021-05-19 07:42:01,148 [pool-303-thread-1] INFO  segmented.SegmentedRaftLogWorker (SegmentedRaftLogWorker.java:lambda$new$0(133)) - a4ee1d3f-5505-4afe-8a03-746b4b90cef8@group-D5E61D3659AC-SegmentedRaftLogWorker: flushIndex: setUnconditionally 0 -> -1
2021-05-19 07:42:01,148 [pool-303-thread-1] INFO  segmented.SegmentedRaftLogWorker (SegmentedRaftLogWorker.java:lambda$new$0(133)) - a4ee1d3f-5505-4afe-8a03-746b4b90cef8@group-D5E61D3659AC-SegmentedRaftLogWorker: safeCacheEvictIndex: setUnconditionally 0 -> -1
2021-05-19 07:42:01,149 [pool-303-thread-1] INFO  server.RaftServerConfigKeys (ConfUtils.java:logGet(44)) - raft.server.snapshot.auto.trigger.enabled = true (custom)
2021-05-19 07:42:01,149 [pool-303-thread-1] INFO  server.RaftServerConfigKeys (ConfUtils.java:logGet(44)) - raft.server.snapshot.auto.trigger.threshold = 10000 (custom)
2021-05-19 07:42:01,149 [pool-303-thread-1] INFO  server.RaftServerConfigKeys (ConfUtils.java:logGet(44)) - raft.server.snapshot.retention.file.num = 5 (custom)
2021-05-19 07:42:01,149 [pool-303-thread-1] INFO  server.RaftServerConfigKeys (ConfUtils.java:logGet(44)) - raft.server.log.purge.upto.snapshot.index = false (default)
2021-05-19 07:42:01,150 [pool-303-thread-1] INFO  server.RaftServerConfigKeys (ConfUtils.java:logGet(44)) - raft.server.retrycache.expirytime = 600000ms (custom)
2021-05-19 07:42:01,150 [pool-303-thread-1] INFO  server.RaftServerConfigKeys (ConfUtils.java:logGet(44)) - raft.server.retrycache.statistics.expirytime = 100?s (default)
2021-05-19 07:42:01,150 [pool-303-thread-1] INFO  metrics.RatisMetrics (RatisMetrics.java:lambda$create$0(36)) - Creating Metrics Registry : ratis.leader_election.a4ee1d3f-5505-4afe-8a03-746b4b90cef8@group-D5E61D3659AC
2021-05-19 07:42:01,150 [pool-303-thread-1] INFO  metrics.RatisMetrics (RatisMetrics.java:lambda$create$0(36)) - Creating Metrics Registry : ratis.server.a4ee1d3f-5505-4afe-8a03-746b4b90cef8@group-D5E61D3659AC
2021-05-19 07:42:01,151 [pool-303-thread-1] INFO  server.RaftServer$Division (RaftServerImpl.java:start(295)) - a4ee1d3f-5505-4afe-8a03-746b4b90cef8@group-5FECF58F6D49: start as a follower, conf=-1: [a4ee1d3f-5505-4afe-8a03-746b4b90cef8|rpc:172.17.0.2:46809|priority:1], old=null
2021-05-19 07:42:01,151 [pool-303-thread-1] INFO  server.RaftServer$Division (RaftServerImpl.java:setRole(284)) - a4ee1d3f-5505-4afe-8a03-746b4b90cef8@group-5FECF58F6D49: changes role from      null to FOLLOWER at term 0 for startAsFollower
2021-05-19 07:42:01,151 [pool-303-thread-1] INFO  impl.RoleInfo (RoleInfo.java:updateAndGet(130)) - a4ee1d3f-5505-4afe-8a03-746b4b90cef8: start a4ee1d3f-5505-4afe-8a03-746b4b90cef8@group-5FECF58F6D49-FollowerState
2021-05-19 07:42:01,151 [pool-303-thread-1] INFO  util.JmxRegister (JmxRegister.java:tryRegister(44)) - Successfully registered JMX Bean with object name Ratis:service=RaftServer,group=group-5FECF58F6D49,id=a4ee1d3f-5505-4afe-8a03-746b4b90cef8
2021-05-19 07:42:01,151 [pool-303-thread-1] INFO  metrics.RatisMetrics (RatisMetrics.java:lambda$create$0(36)) - Creating Metrics Registry : ratis.state_machine.a4ee1d3f-5505-4afe-8a03-746b4b90cef8@group-5FECF58F6D49
2021-05-19 07:42:01,152 [pool-303-thread-1] INFO  server.RaftServer$Division (RaftServerImpl.java:start(295)) - a4ee1d3f-5505-4afe-8a03-746b4b90cef8@group-D5E61D3659AC: start as a follower, conf=-1: [37b2c1ee-956a-4dec-b232-912a6a25ff9b|rpc:172.17.0.2:35677|dataStream:|priority:1, 9d983546-4247-4c0f-83b0-40f69e4f4d28|rpc:172.17.0.2:36963|dataStream:|priority:0, a4ee1d3f-5505-4afe-8a03-746b4b90cef8|rpc:172.17.0.2:46809|dataStream:|priority:0], old=null
2021-05-19 07:42:01,152 [pool-303-thread-1] INFO  server.RaftServer$Division (RaftServerImpl.java:setRole(284)) - a4ee1d3f-5505-4afe-8a03-746b4b90cef8@group-D5E61D3659AC: changes role from      null to FOLLOWER at term 0 for startAsFollower
2021-05-19 07:42:01,152 [pool-303-thread-1] INFO  impl.RoleInfo (RoleInfo.java:updateAndGet(130)) - a4ee1d3f-5505-4afe-8a03-746b4b90cef8: start a4ee1d3f-5505-4afe-8a03-746b4b90cef8@group-D5E61D3659AC-FollowerState
2021-05-19 07:42:01,152 [Command processor thread] INFO  ratis.XceiverServerRatis (XceiverServerRatis.java:addGroup(808)) - Created group PipelineID=fb9e7414-52b6-4a06-bacf-5fecf58f6d49
2021-05-19 07:42:01,152 [Command processor thread] INFO  commandhandler.CreatePipelineCommandHandler (CreatePipelineCommandHandler.java:handle(106)) - Created Pipeline RATIS ONE PipelineID=fb9e7414-52b6-4a06-bacf-5fecf58f6d49.
2021-05-19 07:42:01,152 [pool-303-thread-1] INFO  util.JmxRegister (JmxRegister.java:tryRegister(44)) - Successfully registered JMX Bean with object name Ratis:service=RaftServer,group=group-D5E61D3659AC,id=a4ee1d3f-5505-4afe-8a03-746b4b90cef8
2021-05-19 07:42:01,152 [pool-303-thread-1] INFO  metrics.RatisMetrics (RatisMetrics.java:lambda$create$0(36)) - Creating Metrics Registry : ratis.state_machine.a4ee1d3f-5505-4afe-8a03-746b4b90cef8@group-D5E61D3659AC
2021-05-19 07:42:01,157 [Command processor thread] INFO  commandhandler.CreatePipelineCommandHandler (CreatePipelineCommandHandler.java:handle(106)) - Created Pipeline RATIS THREE PipelineID=19596144-870e-41aa-8706-d5e61d3659ac.
2021-05-19 07:42:01,339 [Command processor thread] INFO  server.RaftServer (RaftServerProxy.java:addNew(95)) - 9d983546-4247-4c0f-83b0-40f69e4f4d28: addNew group-90637293647B:[9d983546-4247-4c0f-83b0-40f69e4f4d28|rpc:172.17.0.2:36963|priority:1] returns group-90637293647B:java.util.concurrent.CompletableFuture@570700d0[Not completed]
2021-05-19 07:42:01,340 [pool-321-thread-1] INFO  server.RaftServer$Division (RaftServerImpl.java:<init>(180)) - 9d983546-4247-4c0f-83b0-40f69e4f4d28: new RaftServerImpl for group-90637293647B:[9d983546-4247-4c0f-83b0-40f69e4f4d28|rpc:172.17.0.2:36963|priority:1] with ContainerStateMachine:uninitialized
2021-05-19 07:42:01,340 [pool-321-thread-1] INFO  server.RaftServerConfigKeys (ConfUtils.java:logGet(44)) - raft.server.rpc.timeout.min = 5s (custom)
2021-05-19 07:42:01,340 [pool-321-thread-1] INFO  server.RaftServerConfigKeys (ConfUtils.java:logGet(44)) - raft.server.rpc.timeout.max = 5200ms (custom)
2021-05-19 07:42:01,340 [pool-321-thread-1] INFO  server.RaftServerConfigKeys (ConfUtils.java:logGet(44)) - raft.server.rpc.sleep.time = 25ms (default)
2021-05-19 07:42:01,340 [pool-321-thread-1] INFO  server.RaftServerConfigKeys (ConfUtils.java:logGet(44)) - raft.server.rpc.slowness.timeout = 300000ms (custom)
2021-05-19 07:42:01,340 [pool-321-thread-1] INFO  server.RaftServerConfigKeys (ConfUtils.java:logGet(44)) - raft.server.leaderelection.leader.step-down.wait-time = 10s (default)
2021-05-19 07:42:01,340 [pool-321-thread-1] INFO  server.RaftServerConfigKeys (ConfUtils.java:logGet(44)) - raft.server.sleep.deviation.threshold = 300ms (default)
2021-05-19 07:42:01,340 [pool-321-thread-1] INFO  server.RaftServerConfigKeys (ConfUtils.java:logGet(44)) - raft.server.log.appender.install.snapshot.enabled = false (custom)
2021-05-19 07:42:01,340 [pool-321-thread-1] INFO  server.RaftServer$Division (ServerState.java:<init>(105)) - 9d983546-4247-4c0f-83b0-40f69e4f4d28@group-90637293647B: ConfigurationManager, init=-1: [9d983546-4247-4c0f-83b0-40f69e4f4d28|rpc:172.17.0.2:36963|priority:1], old=null, confs=<EMPTY_MAP>
2021-05-19 07:42:01,340 [pool-321-thread-1] INFO  server.RaftServerConfigKeys (ConfUtils.java:logGet(44)) - raft.server.storage.dir = [/github/workspace/mnt/ozone/hadoop-ozone/integration-test/target/test-dir/MiniOzoneClusterImpl-952c9dfc-8967-4523-b06f-60d3bd5de2bf/datanode-5/data/ratis] (custom)
2021-05-19 07:42:01,341 [pool-321-thread-1] INFO  server.RaftServerConfigKeys (ConfUtils.java:logGet(44)) - raft.server.log.corruption.policy = EXCEPTION (default)
2021-05-19 07:42:01,341 [pool-321-thread-1] INFO  storage.RaftStorageDirectory (RaftStorageDirectoryImpl.java:analyzeStorage(132)) - The storage directory /github/workspace/mnt/ozone/hadoop-ozone/integration-test/target/test-dir/MiniOzoneClusterImpl-952c9dfc-8967-4523-b06f-60d3bd5de2bf/datanode-5/data/ratis/98771a20-3df8-435b-9a50-90637293647b does not exist. Creating ...
2021-05-19 07:42:01,342 [pool-321-thread-1] INFO  storage.RaftStorageDirectory (RaftStorageDirectoryImpl.java:tryLock(215)) - Lock on /github/workspace/mnt/ozone/hadoop-ozone/integration-test/target/test-dir/MiniOzoneClusterImpl-952c9dfc-8967-4523-b06f-60d3bd5de2bf/datanode-5/data/ratis/98771a20-3df8-435b-9a50-90637293647b/in_use.lock acquired by nodename 16447@3974e5c036b4
2021-05-19 07:42:01,343 [pool-321-thread-1] INFO  storage.RaftStorage (RaftStorageImpl.java:format(87)) - Storage directory /github/workspace/mnt/ozone/hadoop-ozone/integration-test/target/test-dir/MiniOzoneClusterImpl-952c9dfc-8967-4523-b06f-60d3bd5de2bf/datanode-5/data/ratis/98771a20-3df8-435b-9a50-90637293647b has been successfully formatted.
2021-05-19 07:42:01,344 [pool-321-thread-1] INFO  ratis.ContainerStateMachine (ContainerStateMachine.java:loadSnapshot(224)) - group-90637293647B: The snapshot info is null. Setting the last applied indexto:(t:0, i:~)
2021-05-19 07:42:01,344 [pool-321-thread-1] INFO  server.RaftServerConfigKeys (ConfUtils.java:logGet(44)) - raft.server.notification.no-leader.timeout = 300000ms (custom)
2021-05-19 07:42:01,344 [pool-321-thread-1] INFO  server.RaftServerConfigKeys (ConfUtils.java:logGet(44)) - raft.server.log.use.memory = false (default)
2021-05-19 07:42:01,345 [EventQueue-PipelineReportForPipelineReportHandler] INFO  pipeline.PipelineManagerV2Impl (PipelineManagerV2Impl.java:openPipeline(270)) - Pipeline Pipeline[ Id: 98771a20-3df8-435b-9a50-90637293647b, Nodes: 9d983546-4247-4c0f-83b0-40f69e4f4d28{ip: 172.17.0.2, host: 3974e5c036b4, ports: [REPLICATION=38577, RATIS=36963, RATIS_ADMIN=36963, RATIS_SERVER=36963, STANDALONE=35805], networkLocation: /default-rack, certSerialId: null, persistedOpState: IN_SERVICE, persistedOpStateExpiryEpochSec: 0}, ReplicationConfig: RATIS/ONE, State:ALLOCATED, leaderId:9d983546-4247-4c0f-83b0-40f69e4f4d28, CreationTimestamp2021-05-19T07:41:58.342Z] moved to OPEN state
2021-05-19 07:42:01,345 [EventQueue-PipelineReportForOneReplicaPipelineSafeModeRule] INFO  safemode.SCMSafeModeManager (SCMSafeModeManager.java:validateSafeModeExitRules(201)) - AtleastOneDatanodeReportedRule rule is successfully validated
2021-05-19 07:42:01,345 [pool-321-thread-1] INFO  server.RaftServerConfigKeys (ConfUtils.java:logGet(44)) - raft.server.log.purge.gap = 1000000 (custom)
2021-05-19 07:42:01,345 [pool-321-thread-1] INFO  server.RaftServerConfigKeys (ConfUtils.java:logGet(44)) - raft.server.log.appender.buffer.byte-limit = 33554432 (custom)
2021-05-19 07:42:01,345 [pool-321-thread-1] INFO  metrics.RatisMetrics (RatisMetrics.java:lambda$create$0(36)) - Creating Metrics Registry : ratis.log_worker.9d983546-4247-4c0f-83b0-40f69e4f4d28@group-90637293647B
2021-05-19 07:42:01,345 [EventQueue-OpenPipelineForHealthyPipelineSafeModeRule] INFO  safemode.SCMSafeModeManager (HealthyPipelineSafeModeRule.java:process(130)) - SCM in safe mode. Healthy pipelines reported count is 0, required healthy pipeline reported count is 1
2021-05-19 07:42:01,348 [pool-321-thread-1] INFO  server.RaftServerConfigKeys (ConfUtils.java:logGet(44)) - raft.server.log.segment.size.max = 1048576 (custom)
2021-05-19 07:42:01,348 [pool-321-thread-1] INFO  server.RaftServerConfigKeys (ConfUtils.java:logGet(44)) - raft.server.log.segment.cache.num.max = 2 (custom)
2021-05-19 07:42:01,349 [pool-321-thread-1] INFO  server.RaftServerConfigKeys (ConfUtils.java:logGet(44)) - raft.server.log.segment.cache.size.max = 200MB (=209715200) (default)
2021-05-19 07:42:01,349 [pool-321-thread-1] INFO  segmented.SegmentedRaftLogWorker (SegmentedRaftLogWorker.java:<init>(182)) - new 9d983546-4247-4c0f-83b0-40f69e4f4d28@group-90637293647B-SegmentedRaftLogWorker for RaftStorageImpl:Storage Directory /github/workspace/mnt/ozone/hadoop-ozone/integration-test/target/test-dir/MiniOzoneClusterImpl-952c9dfc-8967-4523-b06f-60d3bd5de2bf/datanode-5/data/ratis/98771a20-3df8-435b-9a50-90637293647b
2021-05-19 07:42:01,349 [pool-321-thread-1] INFO  server.RaftServerConfigKeys (ConfUtils.java:logGet(44)) - raft.server.log.queue.byte-limit = 2147483647 (custom)
2021-05-19 07:42:01,349 [pool-321-thread-1] INFO  server.RaftServerConfigKeys (ConfUtils.java:logGet(44)) - raft.server.log.queue.element-limit = 1024 (custom)
2021-05-19 07:42:01,349 [pool-321-thread-1] INFO  server.RaftServerConfigKeys (ConfUtils.java:logGet(44)) - raft.server.log.segment.size.max = 1048576 (custom)
2021-05-19 07:42:01,349 [pool-321-thread-1] INFO  server.RaftServerConfigKeys (ConfUtils.java:logGet(44)) - raft.server.log.preallocated.size = 16384 (custom)
2021-05-19 07:42:01,349 [pool-321-thread-1] INFO  server.RaftServerConfigKeys (ConfUtils.java:logGet(44)) - raft.server.log.force.sync.num = 128 (default)
2021-05-19 07:42:01,349 [pool-321-thread-1] INFO  server.RaftServerConfigKeys (ConfUtils.java:logGet(44)) - raft.server.log.statemachine.data.sync = true (default)
2021-05-19 07:42:01,349 [pool-321-thread-1] INFO  server.RaftServerConfigKeys (ConfUtils.java:logGet(44)) - raft.server.log.statemachine.data.sync.timeout = 10s (default)
2021-05-19 07:42:01,349 [pool-321-thread-1] INFO  server.RaftServerConfigKeys (ConfUtils.java:logGet(44)) - raft.server.log.statemachine.data.sync.timeout.retry = -1 (default)
2021-05-19 07:42:01,350 [pool-321-thread-1] INFO  server.RaftServerConfigKeys (ConfUtils.java:logGet(44)) - raft.server.log.write.buffer.size = 1048576 (custom)
2021-05-19 07:42:01,350 [pool-321-thread-1] INFO  server.RaftServerConfigKeys (ConfUtils.java:logGet(44)) - raft.server.log.statemachine.data.caching.enabled = true (custom)
2021-05-19 07:42:01,351 [pool-321-thread-1] INFO  segmented.SegmentedRaftLogWorker (SegmentedRaftLogWorker.java:lambda$new$0(133)) - 9d983546-4247-4c0f-83b0-40f69e4f4d28@group-90637293647B-SegmentedRaftLogWorker: flushIndex: setUnconditionally 0 -> -1
2021-05-19 07:42:01,351 [pool-321-thread-1] INFO  segmented.SegmentedRaftLogWorker (SegmentedRaftLogWorker.java:lambda$new$0(133)) - 9d983546-4247-4c0f-83b0-40f69e4f4d28@group-90637293647B-SegmentedRaftLogWorker: safeCacheEvictIndex: setUnconditionally 0 -> -1
2021-05-19 07:42:01,351 [pool-321-thread-1] INFO  server.RaftServerConfigKeys (ConfUtils.java:logGet(44)) - raft.server.snapshot.auto.trigger.enabled = true (custom)
2021-05-19 07:42:01,351 [pool-321-thread-1] INFO  server.RaftServerConfigKeys (ConfUtils.java:logGet(44)) - raft.server.snapshot.auto.trigger.threshold = 10000 (custom)
2021-05-19 07:42:01,351 [pool-321-thread-1] INFO  server.RaftServerConfigKeys (ConfUtils.java:logGet(44)) - raft.server.snapshot.retention.file.num = 5 (custom)
2021-05-19 07:42:01,351 [pool-321-thread-1] INFO  server.RaftServerConfigKeys (ConfUtils.java:logGet(44)) - raft.server.log.purge.upto.snapshot.index = false (default)
2021-05-19 07:42:01,351 [pool-321-thread-1] INFO  server.RaftServerConfigKeys (ConfUtils.java:logGet(44)) - raft.server.retrycache.expirytime = 600000ms (custom)
2021-05-19 07:42:01,351 [pool-321-thread-1] INFO  server.RaftServerConfigKeys (ConfUtils.java:logGet(44)) - raft.server.retrycache.statistics.expirytime = 100?s (default)
2021-05-19 07:42:01,351 [pool-321-thread-1] INFO  metrics.RatisMetrics (RatisMetrics.java:lambda$create$0(36)) - Creating Metrics Registry : ratis.leader_election.9d983546-4247-4c0f-83b0-40f69e4f4d28@group-90637293647B
2021-05-19 07:42:01,351 [pool-321-thread-1] INFO  metrics.RatisMetrics (RatisMetrics.java:lambda$create$0(36)) - Creating Metrics Registry : ratis.server.9d983546-4247-4c0f-83b0-40f69e4f4d28@group-90637293647B
2021-05-19 07:42:01,352 [pool-321-thread-1] INFO  server.RaftServer$Division (RaftServerImpl.java:start(295)) - 9d983546-4247-4c0f-83b0-40f69e4f4d28@group-90637293647B: start as a follower, conf=-1: [9d983546-4247-4c0f-83b0-40f69e4f4d28|rpc:172.17.0.2:36963|priority:1], old=null
2021-05-19 07:42:01,352 [pool-321-thread-1] INFO  server.RaftServer$Division (RaftServerImpl.java:setRole(284)) - 9d983546-4247-4c0f-83b0-40f69e4f4d28@group-90637293647B: changes role from      null to FOLLOWER at term 0 for startAsFollower
2021-05-19 07:42:01,352 [pool-321-thread-1] INFO  impl.RoleInfo (RoleInfo.java:updateAndGet(130)) - 9d983546-4247-4c0f-83b0-40f69e4f4d28: start 9d983546-4247-4c0f-83b0-40f69e4f4d28@group-90637293647B-FollowerState
2021-05-19 07:42:01,352 [pool-321-thread-1] INFO  util.JmxRegister (JmxRegister.java:tryRegister(44)) - Successfully registered JMX Bean with object name Ratis:service=RaftServer,group=group-90637293647B,id=9d983546-4247-4c0f-83b0-40f69e4f4d28
2021-05-19 07:42:01,353 [pool-321-thread-1] INFO  metrics.RatisMetrics (RatisMetrics.java:lambda$create$0(36)) - Creating Metrics Registry : ratis.state_machine.9d983546-4247-4c0f-83b0-40f69e4f4d28@group-90637293647B
2021-05-19 07:42:01,353 [Command processor thread] INFO  ratis.XceiverServerRatis (XceiverServerRatis.java:addGroup(808)) - Created group PipelineID=98771a20-3df8-435b-9a50-90637293647b
2021-05-19 07:42:01,353 [Command processor thread] INFO  commandhandler.CreatePipelineCommandHandler (CreatePipelineCommandHandler.java:handle(106)) - Created Pipeline RATIS ONE PipelineID=98771a20-3df8-435b-9a50-90637293647b.
2021-05-19 07:42:01,442 [EventQueue-PipelineReportForOneReplicaPipelineSafeModeRule] INFO  safemode.SCMSafeModeManager (SCMSafeModeManager.java:validateSafeModeExitRules(201)) - AtleastOneDatanodeReportedRule rule is successfully validated
2021-05-19 07:42:01,443 [EventQueue-OpenPipelineForHealthyPipelineSafeModeRule] INFO  safemode.SCMSafeModeManager (HealthyPipelineSafeModeRule.java:process(130)) - SCM in safe mode. Healthy pipelines reported count is 0, required healthy pipeline reported count is 1
2021-05-19 07:42:01,486 [EventQueue-OpenPipelineForHealthyPipelineSafeModeRule] INFO  safemode.SCMSafeModeManager (HealthyPipelineSafeModeRule.java:process(130)) - SCM in safe mode. Healthy pipelines reported count is 0, required healthy pipeline reported count is 1
2021-05-19 07:42:01,486 [EventQueue-PipelineReportForOneReplicaPipelineSafeModeRule] INFO  safemode.SCMSafeModeManager (SCMSafeModeManager.java:validateSafeModeExitRules(201)) - AtleastOneDatanodeReportedRule rule is successfully validated
2021-05-19 07:42:01,534 [Listener at 127.0.0.1/41639] INFO  ozone.MiniOzoneClusterImpl (MiniOzoneClusterImpl.java:lambda$waitForClusterToBeReady$0(224)) - Nodes are ready. Got 7 of 7 DN Heartbeats.
2021-05-19 07:42:01,534 [Listener at 127.0.0.1/41639] INFO  ozone.MiniOzoneClusterImpl (MiniOzoneClusterImpl.java:lambda$waitForClusterToBeReady$0(227)) - Waiting for cluster to exit safe mode
2021-05-19 07:42:01,534 [Listener at 127.0.0.1/41639] INFO  ozone.MiniOzoneClusterImpl (MiniOzoneClusterImpl.java:lambda$waitForClusterToBeReady$0(230)) - SCM became leader
2021-05-19 07:42:01,536 [Command processor thread] INFO  server.RaftServer (RaftServerProxy.java:addNew(95)) - b054e63b-a418-439f-9265-0225a71f074a: addNew group-C1B2006A74B3:[b054e63b-a418-439f-9265-0225a71f074a|rpc:172.17.0.2:34287|priority:1] returns group-C1B2006A74B3:java.util.concurrent.CompletableFuture@1257f81e[Not completed]
2021-05-19 07:42:01,537 [pool-339-thread-1] INFO  server.RaftServer$Division (RaftServerImpl.java:<init>(180)) - b054e63b-a418-439f-9265-0225a71f074a: new RaftServerImpl for group-C1B2006A74B3:[b054e63b-a418-439f-9265-0225a71f074a|rpc:172.17.0.2:34287|priority:1] with ContainerStateMachine:uninitialized
2021-05-19 07:42:01,537 [pool-339-thread-1] INFO  server.RaftServerConfigKeys (ConfUtils.java:logGet(44)) - raft.server.rpc.timeout.min = 5s (custom)
2021-05-19 07:42:01,537 [pool-339-thread-1] INFO  server.RaftServerConfigKeys (ConfUtils.java:logGet(44)) - raft.server.rpc.timeout.max = 5200ms (custom)
2021-05-19 07:42:01,537 [pool-339-thread-1] INFO  server.RaftServerConfigKeys (ConfUtils.java:logGet(44)) - raft.server.rpc.sleep.time = 25ms (default)
2021-05-19 07:42:01,537 [pool-339-thread-1] INFO  server.RaftServerConfigKeys (ConfUtils.java:logGet(44)) - raft.server.rpc.slowness.timeout = 300000ms (custom)
2021-05-19 07:42:01,537 [pool-339-thread-1] INFO  server.RaftServerConfigKeys (ConfUtils.java:logGet(44)) - raft.server.leaderelection.leader.step-down.wait-time = 10s (default)
2021-05-19 07:42:01,537 [pool-339-thread-1] INFO  server.RaftServerConfigKeys (ConfUtils.java:logGet(44)) - raft.server.sleep.deviation.threshold = 300ms (default)
2021-05-19 07:42:01,537 [pool-339-thread-1] INFO  server.RaftServerConfigKeys (ConfUtils.java:logGet(44)) - raft.server.log.appender.install.snapshot.enabled = false (custom)
2021-05-19 07:42:01,537 [pool-339-thread-1] INFO  server.RaftServer$Division (ServerState.java:<init>(105)) - b054e63b-a418-439f-9265-0225a71f074a@group-C1B2006A74B3: ConfigurationManager, init=-1: [b054e63b-a418-439f-9265-0225a71f074a|rpc:172.17.0.2:34287|priority:1], old=null, confs=<EMPTY_MAP>
2021-05-19 07:42:01,537 [pool-339-thread-1] INFO  server.RaftServerConfigKeys (ConfUtils.java:logGet(44)) - raft.server.storage.dir = [/github/workspace/mnt/ozone/hadoop-ozone/integration-test/target/test-dir/MiniOzoneClusterImpl-952c9dfc-8967-4523-b06f-60d3bd5de2bf/datanode-6/data/ratis] (custom)
2021-05-19 07:42:01,538 [pool-339-thread-1] INFO  server.RaftServerConfigKeys (ConfUtils.java:logGet(44)) - raft.server.log.corruption.policy = EXCEPTION (default)
2021-05-19 07:42:01,538 [pool-339-thread-1] INFO  storage.RaftStorageDirectory (RaftStorageDirectoryImpl.java:analyzeStorage(132)) - The storage directory /github/workspace/mnt/ozone/hadoop-ozone/integration-test/target/test-dir/MiniOzoneClusterImpl-952c9dfc-8967-4523-b06f-60d3bd5de2bf/datanode-6/data/ratis/ff5df469-b7be-437c-8272-c1b2006a74b3 does not exist. Creating ...
2021-05-19 07:42:01,539 [pool-339-thread-1] INFO  storage.RaftStorageDirectory (RaftStorageDirectoryImpl.java:tryLock(215)) - Lock on /github/workspace/mnt/ozone/hadoop-ozone/integration-test/target/test-dir/MiniOzoneClusterImpl-952c9dfc-8967-4523-b06f-60d3bd5de2bf/datanode-6/data/ratis/ff5df469-b7be-437c-8272-c1b2006a74b3/in_use.lock acquired by nodename 16447@3974e5c036b4
2021-05-19 07:42:01,540 [pool-339-thread-1] INFO  storage.RaftStorage (RaftStorageImpl.java:format(87)) - Storage directory /github/workspace/mnt/ozone/hadoop-ozone/integration-test/target/test-dir/MiniOzoneClusterImpl-952c9dfc-8967-4523-b06f-60d3bd5de2bf/datanode-6/data/ratis/ff5df469-b7be-437c-8272-c1b2006a74b3 has been successfully formatted.
2021-05-19 07:42:01,540 [pool-339-thread-1] INFO  ratis.ContainerStateMachine (ContainerStateMachine.java:loadSnapshot(224)) - group-C1B2006A74B3: The snapshot info is null. Setting the last applied indexto:(t:0, i:~)
2021-05-19 07:42:01,540 [pool-339-thread-1] INFO  server.RaftServerConfigKeys (ConfUtils.java:logGet(44)) - raft.server.notification.no-leader.timeout = 300000ms (custom)
2021-05-19 07:42:01,540 [pool-339-thread-1] INFO  server.RaftServerConfigKeys (ConfUtils.java:logGet(44)) - raft.server.log.use.memory = false (default)
2021-05-19 07:42:01,540 [pool-339-thread-1] INFO  server.RaftServerConfigKeys (ConfUtils.java:logGet(44)) - raft.server.log.purge.gap = 1000000 (custom)
2021-05-19 07:42:01,540 [pool-339-thread-1] INFO  server.RaftServerConfigKeys (ConfUtils.java:logGet(44)) - raft.server.log.appender.buffer.byte-limit = 33554432 (custom)
2021-05-19 07:42:01,540 [pool-339-thread-1] INFO  metrics.RatisMetrics (RatisMetrics.java:lambda$create$0(36)) - Creating Metrics Registry : ratis.log_worker.b054e63b-a418-439f-9265-0225a71f074a@group-C1B2006A74B3
2021-05-19 07:42:01,540 [EventQueue-PipelineReportForOneReplicaPipelineSafeModeRule] INFO  safemode.SCMSafeModeManager (SCMSafeModeManager.java:validateSafeModeExitRules(201)) - AtleastOneDatanodeReportedRule rule is successfully validated
2021-05-19 07:42:01,541 [pool-339-thread-1] INFO  server.RaftServerConfigKeys (ConfUtils.java:logGet(44)) - raft.server.log.segment.size.max = 1048576 (custom)
2021-05-19 07:42:01,541 [EventQueue-PipelineReportForPipelineReportHandler] INFO  pipeline.PipelineManagerV2Impl (PipelineManagerV2Impl.java:openPipeline(270)) - Pipeline Pipeline[ Id: ff5df469-b7be-437c-8272-c1b2006a74b3, Nodes: b054e63b-a418-439f-9265-0225a71f074a{ip: 172.17.0.2, host: 3974e5c036b4, ports: [REPLICATION=42285, RATIS=34287, RATIS_ADMIN=34287, RATIS_SERVER=34287, STANDALONE=45519], networkLocation: /default-rack, certSerialId: null, persistedOpState: IN_SERVICE, persistedOpStateExpiryEpochSec: 0}, ReplicationConfig: RATIS/ONE, State:ALLOCATED, leaderId:b054e63b-a418-439f-9265-0225a71f074a, CreationTimestamp2021-05-19T07:41:58.536Z] moved to OPEN state
2021-05-19 07:42:01,541 [pool-339-thread-1] INFO  server.RaftServerConfigKeys (ConfUtils.java:logGet(44)) - raft.server.log.segment.cache.num.max = 2 (custom)
2021-05-19 07:42:01,541 [pool-339-thread-1] INFO  server.RaftServerConfigKeys (ConfUtils.java:logGet(44)) - raft.server.log.segment.cache.size.max = 200MB (=209715200) (default)
2021-05-19 07:42:01,541 [pool-339-thread-1] INFO  segmented.SegmentedRaftLogWorker (SegmentedRaftLogWorker.java:<init>(182)) - new b054e63b-a418-439f-9265-0225a71f074a@group-C1B2006A74B3-SegmentedRaftLogWorker for RaftStorageImpl:Storage Directory /github/workspace/mnt/ozone/hadoop-ozone/integration-test/target/test-dir/MiniOzoneClusterImpl-952c9dfc-8967-4523-b06f-60d3bd5de2bf/datanode-6/data/ratis/ff5df469-b7be-437c-8272-c1b2006a74b3
2021-05-19 07:42:01,541 [pool-339-thread-1] INFO  server.RaftServerConfigKeys (ConfUtils.java:logGet(44)) - raft.server.log.queue.byte-limit = 2147483647 (custom)
2021-05-19 07:42:01,541 [EventQueue-OpenPipelineForHealthyPipelineSafeModeRule] INFO  safemode.SCMSafeModeManager (HealthyPipelineSafeModeRule.java:process(130)) - SCM in safe mode. Healthy pipelines reported count is 0, required healthy pipeline reported count is 1
2021-05-19 07:42:01,541 [pool-339-thread-1] INFO  server.RaftServerConfigKeys (ConfUtils.java:logGet(44)) - raft.server.log.queue.element-limit = 1024 (custom)
2021-05-19 07:42:01,541 [pool-339-thread-1] INFO  server.RaftServerConfigKeys (ConfUtils.java:logGet(44)) - raft.server.log.segment.size.max = 1048576 (custom)
2021-05-19 07:42:01,541 [pool-339-thread-1] INFO  server.RaftServerConfigKeys (ConfUtils.java:logGet(44)) - raft.server.log.preallocated.size = 16384 (custom)
2021-05-19 07:42:01,542 [pool-339-thread-1] INFO  server.RaftServerConfigKeys (ConfUtils.java:logGet(44)) - raft.server.log.force.sync.num = 128 (default)
2021-05-19 07:42:01,542 [pool-339-thread-1] INFO  server.RaftServerConfigKeys (ConfUtils.java:logGet(44)) - raft.server.log.statemachine.data.sync = true (default)
2021-05-19 07:42:01,542 [pool-339-thread-1] INFO  server.RaftServerConfigKeys (ConfUtils.java:logGet(44)) - raft.server.log.statemachine.data.sync.timeout = 10s (default)
2021-05-19 07:42:01,542 [pool-339-thread-1] INFO  server.RaftServerConfigKeys (ConfUtils.java:logGet(44)) - raft.server.log.statemachine.data.sync.timeout.retry = -1 (default)
2021-05-19 07:42:01,544 [pool-339-thread-1] INFO  server.RaftServerConfigKeys (ConfUtils.java:logGet(44)) - raft.server.log.write.buffer.size = 1048576 (custom)
2021-05-19 07:42:01,544 [pool-339-thread-1] INFO  server.RaftServerConfigKeys (ConfUtils.java:logGet(44)) - raft.server.log.statemachine.data.caching.enabled = true (custom)
2021-05-19 07:42:01,544 [pool-339-thread-1] INFO  segmented.SegmentedRaftLogWorker (SegmentedRaftLogWorker.java:lambda$new$0(133)) - b054e63b-a418-439f-9265-0225a71f074a@group-C1B2006A74B3-SegmentedRaftLogWorker: flushIndex: setUnconditionally 0 -> -1
2021-05-19 07:42:01,545 [pool-339-thread-1] INFO  segmented.SegmentedRaftLogWorker (SegmentedRaftLogWorker.java:lambda$new$0(133)) - b054e63b-a418-439f-9265-0225a71f074a@group-C1B2006A74B3-SegmentedRaftLogWorker: safeCacheEvictIndex: setUnconditionally 0 -> -1
2021-05-19 07:42:01,549 [pool-339-thread-1] INFO  server.RaftServerConfigKeys (ConfUtils.java:logGet(44)) - raft.server.snapshot.auto.trigger.enabled = true (custom)
2021-05-19 07:42:01,549 [pool-339-thread-1] INFO  server.RaftServerConfigKeys (ConfUtils.java:logGet(44)) - raft.server.snapshot.auto.trigger.threshold = 10000 (custom)
2021-05-19 07:42:01,549 [pool-339-thread-1] INFO  server.RaftServerConfigKeys (ConfUtils.java:logGet(44)) - raft.server.snapshot.retention.file.num = 5 (custom)
2021-05-19 07:42:01,549 [pool-339-thread-1] INFO  server.RaftServerConfigKeys (ConfUtils.java:logGet(44)) - raft.server.log.purge.upto.snapshot.index = false (default)
2021-05-19 07:42:01,549 [pool-339-thread-1] INFO  server.RaftServerConfigKeys (ConfUtils.java:logGet(44)) - raft.server.retrycache.expirytime = 600000ms (custom)
2021-05-19 07:42:01,549 [pool-339-thread-1] INFO  server.RaftServerConfigKeys (ConfUtils.java:logGet(44)) - raft.server.retrycache.statistics.expirytime = 100?s (default)
2021-05-19 07:42:01,550 [pool-339-thread-1] INFO  metrics.RatisMetrics (RatisMetrics.java:lambda$create$0(36)) - Creating Metrics Registry : ratis.leader_election.b054e63b-a418-439f-9265-0225a71f074a@group-C1B2006A74B3
2021-05-19 07:42:01,550 [pool-339-thread-1] INFO  metrics.RatisMetrics (RatisMetrics.java:lambda$create$0(36)) - Creating Metrics Registry : ratis.server.b054e63b-a418-439f-9265-0225a71f074a@group-C1B2006A74B3
2021-05-19 07:42:01,551 [pool-339-thread-1] INFO  server.RaftServer$Division (RaftServerImpl.java:start(295)) - b054e63b-a418-439f-9265-0225a71f074a@group-C1B2006A74B3: start as a follower, conf=-1: [b054e63b-a418-439f-9265-0225a71f074a|rpc:172.17.0.2:34287|priority:1], old=null
2021-05-19 07:42:01,551 [pool-339-thread-1] INFO  server.RaftServer$Division (RaftServerImpl.java:setRole(284)) - b054e63b-a418-439f-9265-0225a71f074a@group-C1B2006A74B3: changes role from      null to FOLLOWER at term 0 for startAsFollower
2021-05-19 07:42:01,551 [pool-339-thread-1] INFO  impl.RoleInfo (RoleInfo.java:updateAndGet(130)) - b054e63b-a418-439f-9265-0225a71f074a: start b054e63b-a418-439f-9265-0225a71f074a@group-C1B2006A74B3-FollowerState
2021-05-19 07:42:01,551 [pool-339-thread-1] INFO  util.JmxRegister (JmxRegister.java:tryRegister(44)) - Successfully registered JMX Bean with object name Ratis:service=RaftServer,group=group-C1B2006A74B3,id=b054e63b-a418-439f-9265-0225a71f074a
2021-05-19 07:42:01,551 [pool-339-thread-1] INFO  metrics.RatisMetrics (RatisMetrics.java:lambda$create$0(36)) - Creating Metrics Registry : ratis.state_machine.b054e63b-a418-439f-9265-0225a71f074a@group-C1B2006A74B3
2021-05-19 07:42:01,552 [Command processor thread] INFO  ratis.XceiverServerRatis (XceiverServerRatis.java:addGroup(808)) - Created group PipelineID=ff5df469-b7be-437c-8272-c1b2006a74b3
2021-05-19 07:42:01,552 [Command processor thread] INFO  commandhandler.CreatePipelineCommandHandler (CreatePipelineCommandHandler.java:handle(106)) - Created Pipeline RATIS ONE PipelineID=ff5df469-b7be-437c-8272-c1b2006a74b3.
2021-05-19 07:42:01,687 [EventQueue-PipelineReportForOneReplicaPipelineSafeModeRule] INFO  safemode.SCMSafeModeManager (SCMSafeModeManager.java:validateSafeModeExitRules(201)) - AtleastOneDatanodeReportedRule rule is successfully validated
2021-05-19 07:42:01,687 [EventQueue-OpenPipelineForHealthyPipelineSafeModeRule] INFO  safemode.SCMSafeModeManager (HealthyPipelineSafeModeRule.java:process(130)) - SCM in safe mode. Healthy pipelines reported count is 0, required healthy pipeline reported count is 1
2021-05-19 07:42:02,094 [EventQueue-OpenPipelineForHealthyPipelineSafeModeRule] INFO  safemode.SCMSafeModeManager (HealthyPipelineSafeModeRule.java:process(130)) - SCM in safe mode. Healthy pipelines reported count is 0, required healthy pipeline reported count is 1
2021-05-19 07:42:02,094 [EventQueue-PipelineReportForOneReplicaPipelineSafeModeRule] INFO  safemode.SCMSafeModeManager (SCMSafeModeManager.java:validateSafeModeExitRules(201)) - AtleastOneDatanodeReportedRule rule is successfully validated
2021-05-19 07:42:02,146 [EventQueue-OpenPipelineForHealthyPipelineSafeModeRule] INFO  safemode.SCMSafeModeManager (HealthyPipelineSafeModeRule.java:process(130)) - SCM in safe mode. Healthy pipelines reported count is 0, required healthy pipeline reported count is 1
2021-05-19 07:42:02,146 [EventQueue-PipelineReportForOneReplicaPipelineSafeModeRule] INFO  safemode.SCMSafeModeManager (SCMSafeModeManager.java:validateSafeModeExitRules(201)) - AtleastOneDatanodeReportedRule rule is successfully validated
2021-05-19 07:42:02,345 [EventQueue-PipelineReportForOneReplicaPipelineSafeModeRule] INFO  safemode.SCMSafeModeManager (SCMSafeModeManager.java:validateSafeModeExitRules(201)) - AtleastOneDatanodeReportedRule rule is successfully validated
2021-05-19 07:42:02,346 [EventQueue-OpenPipelineForHealthyPipelineSafeModeRule] INFO  safemode.SCMSafeModeManager (HealthyPipelineSafeModeRule.java:process(130)) - SCM in safe mode. Healthy pipelines reported count is 0, required healthy pipeline reported count is 1
2021-05-19 07:42:02,442 [EventQueue-PipelineReportForOneReplicaPipelineSafeModeRule] INFO  safemode.SCMSafeModeManager (SCMSafeModeManager.java:validateSafeModeExitRules(201)) - AtleastOneDatanodeReportedRule rule is successfully validated
2021-05-19 07:42:02,442 [EventQueue-OpenPipelineForHealthyPipelineSafeModeRule] INFO  safemode.SCMSafeModeManager (HealthyPipelineSafeModeRule.java:process(130)) - SCM in safe mode. Healthy pipelines reported count is 0, required healthy pipeline reported count is 1
2021-05-19 07:42:02,487 [EventQueue-OpenPipelineForHealthyPipelineSafeModeRule] INFO  safemode.SCMSafeModeManager (HealthyPipelineSafeModeRule.java:process(130)) - SCM in safe mode. Healthy pipelines reported count is 0, required healthy pipeline reported count is 1
2021-05-19 07:42:02,487 [EventQueue-PipelineReportForOneReplicaPipelineSafeModeRule] INFO  safemode.SCMSafeModeManager (SCMSafeModeManager.java:validateSafeModeExitRules(201)) - AtleastOneDatanodeReportedRule rule is successfully validated
2021-05-19 07:42:02,534 [Listener at 127.0.0.1/41639] INFO  ozone.MiniOzoneClusterImpl (MiniOzoneClusterImpl.java:lambda$waitForClusterToBeReady$0(224)) - Nodes are ready. Got 7 of 7 DN Heartbeats.
2021-05-19 07:42:02,535 [Listener at 127.0.0.1/41639] INFO  ozone.MiniOzoneClusterImpl (MiniOzoneClusterImpl.java:lambda$waitForClusterToBeReady$0(227)) - Waiting for cluster to exit safe mode
2021-05-19 07:42:02,535 [Listener at 127.0.0.1/41639] INFO  ozone.MiniOzoneClusterImpl (MiniOzoneClusterImpl.java:lambda$waitForClusterToBeReady$0(230)) - SCM became leader
2021-05-19 07:42:02,541 [EventQueue-PipelineReportForOneReplicaPipelineSafeModeRule] INFO  safemode.SCMSafeModeManager (SCMSafeModeManager.java:validateSafeModeExitRules(201)) - AtleastOneDatanodeReportedRule rule is successfully validated
2021-05-19 07:42:02,541 [EventQueue-OpenPipelineForHealthyPipelineSafeModeRule] INFO  safemode.SCMSafeModeManager (HealthyPipelineSafeModeRule.java:process(130)) - SCM in safe mode. Healthy pipelines reported count is 0, required healthy pipeline reported count is 1
2021-05-19 07:42:02,688 [EventQueue-PipelineReportForOneReplicaPipelineSafeModeRule] INFO  safemode.SCMSafeModeManager (SCMSafeModeManager.java:validateSafeModeExitRules(201)) - AtleastOneDatanodeReportedRule rule is successfully validated
2021-05-19 07:42:02,688 [EventQueue-OpenPipelineForHealthyPipelineSafeModeRule] INFO  safemode.SCMSafeModeManager (HealthyPipelineSafeModeRule.java:process(130)) - SCM in safe mode. Healthy pipelines reported count is 0, required healthy pipeline reported count is 1
2021-05-19 07:42:03,095 [EventQueue-PipelineReportForOneReplicaPipelineSafeModeRule] INFO  safemode.SCMSafeModeManager (SCMSafeModeManager.java:validateSafeModeExitRules(201)) - AtleastOneDatanodeReportedRule rule is successfully validated
2021-05-19 07:42:03,095 [EventQueue-OpenPipelineForHealthyPipelineSafeModeRule] INFO  safemode.SCMSafeModeManager (HealthyPipelineSafeModeRule.java:process(130)) - SCM in safe mode. Healthy pipelines reported count is 0, required healthy pipeline reported count is 1
2021-05-19 07:42:03,146 [EventQueue-OpenPipelineForHealthyPipelineSafeModeRule] INFO  safemode.SCMSafeModeManager (HealthyPipelineSafeModeRule.java:process(130)) - SCM in safe mode. Healthy pipelines reported count is 0, required healthy pipeline reported count is 1
2021-05-19 07:42:03,146 [EventQueue-PipelineReportForOneReplicaPipelineSafeModeRule] INFO  safemode.SCMSafeModeManager (SCMSafeModeManager.java:validateSafeModeExitRules(201)) - AtleastOneDatanodeReportedRule rule is successfully validated
2021-05-19 07:42:03,345 [EventQueue-OpenPipelineForHealthyPipelineSafeModeRule] INFO  safemode.SCMSafeModeManager (HealthyPipelineSafeModeRule.java:process(130)) - SCM in safe mode. Healthy pipelines reported count is 0, required healthy pipeline reported count is 1
2021-05-19 07:42:03,345 [EventQueue-PipelineReportForOneReplicaPipelineSafeModeRule] INFO  safemode.SCMSafeModeManager (SCMSafeModeManager.java:validateSafeModeExitRules(201)) - AtleastOneDatanodeReportedRule rule is successfully validated
2021-05-19 07:42:03,443 [EventQueue-OpenPipelineForHealthyPipelineSafeModeRule] INFO  safemode.SCMSafeModeManager (HealthyPipelineSafeModeRule.java:process(130)) - SCM in safe mode. Healthy pipelines reported count is 0, required healthy pipeline reported count is 1
2021-05-19 07:42:03,443 [EventQueue-PipelineReportForOneReplicaPipelineSafeModeRule] INFO  safemode.SCMSafeModeManager (SCMSafeModeManager.java:validateSafeModeExitRules(201)) - AtleastOneDatanodeReportedRule rule is successfully validated
2021-05-19 07:42:03,487 [EventQueue-PipelineReportForOneReplicaPipelineSafeModeRule] INFO  safemode.SCMSafeModeManager (SCMSafeModeManager.java:validateSafeModeExitRules(201)) - AtleastOneDatanodeReportedRule rule is successfully validated
2021-05-19 07:42:03,489 [EventQueue-OpenPipelineForHealthyPipelineSafeModeRule] INFO  safemode.SCMSafeModeManager (HealthyPipelineSafeModeRule.java:process(130)) - SCM in safe mode. Healthy pipelines reported count is 0, required healthy pipeline reported count is 1
2021-05-19 07:42:03,535 [Listener at 127.0.0.1/41639] INFO  ozone.MiniOzoneClusterImpl (MiniOzoneClusterImpl.java:lambda$waitForClusterToBeReady$0(224)) - Nodes are ready. Got 7 of 7 DN Heartbeats.
2021-05-19 07:42:03,535 [Listener at 127.0.0.1/41639] INFO  ozone.MiniOzoneClusterImpl (MiniOzoneClusterImpl.java:lambda$waitForClusterToBeReady$0(227)) - Waiting for cluster to exit safe mode
2021-05-19 07:42:03,535 [Listener at 127.0.0.1/41639] INFO  ozone.MiniOzoneClusterImpl (MiniOzoneClusterImpl.java:lambda$waitForClusterToBeReady$0(230)) - SCM became leader
2021-05-19 07:42:03,542 [EventQueue-OpenPipelineForHealthyPipelineSafeModeRule] INFO  safemode.SCMSafeModeManager (HealthyPipelineSafeModeRule.java:process(130)) - SCM in safe mode. Healthy pipelines reported count is 0, required healthy pipeline reported count is 1
2021-05-19 07:42:03,543 [EventQueue-PipelineReportForOneReplicaPipelineSafeModeRule] INFO  safemode.SCMSafeModeManager (SCMSafeModeManager.java:validateSafeModeExitRules(201)) - AtleastOneDatanodeReportedRule rule is successfully validated
2021-05-19 07:42:03,688 [EventQueue-OpenPipelineForHealthyPipelineSafeModeRule] INFO  safemode.SCMSafeModeManager (HealthyPipelineSafeModeRule.java:process(130)) - SCM in safe mode. Healthy pipelines reported count is 0, required healthy pipeline reported count is 1
2021-05-19 07:42:03,688 [EventQueue-PipelineReportForOneReplicaPipelineSafeModeRule] INFO  safemode.SCMSafeModeManager (SCMSafeModeManager.java:validateSafeModeExitRules(201)) - AtleastOneDatanodeReportedRule rule is successfully validated
2021-05-19 07:42:04,094 [EventQueue-OpenPipelineForHealthyPipelineSafeModeRule] INFO  safemode.SCMSafeModeManager (HealthyPipelineSafeModeRule.java:process(130)) - SCM in safe mode. Healthy pipelines reported count is 0, required healthy pipeline reported count is 1
2021-05-19 07:42:04,094 [EventQueue-PipelineReportForOneReplicaPipelineSafeModeRule] INFO  safemode.SCMSafeModeManager (SCMSafeModeManager.java:validateSafeModeExitRules(201)) - AtleastOneDatanodeReportedRule rule is successfully validated
2021-05-19 07:42:04,147 [EventQueue-OpenPipelineForHealthyPipelineSafeModeRule] INFO  safemode.SCMSafeModeManager (HealthyPipelineSafeModeRule.java:process(130)) - SCM in safe mode. Healthy pipelines reported count is 0, required healthy pipeline reported count is 1
2021-05-19 07:42:04,147 [EventQueue-PipelineReportForOneReplicaPipelineSafeModeRule] INFO  safemode.SCMSafeModeManager (SCMSafeModeManager.java:validateSafeModeExitRules(201)) - AtleastOneDatanodeReportedRule rule is successfully validated
2021-05-19 07:42:04,345 [EventQueue-OpenPipelineForHealthyPipelineSafeModeRule] INFO  safemode.SCMSafeModeManager (HealthyPipelineSafeModeRule.java:process(130)) - SCM in safe mode. Healthy pipelines reported count is 0, required healthy pipeline reported count is 1
2021-05-19 07:42:04,346 [EventQueue-PipelineReportForOneReplicaPipelineSafeModeRule] INFO  safemode.SCMSafeModeManager (SCMSafeModeManager.java:validateSafeModeExitRules(201)) - AtleastOneDatanodeReportedRule rule is successfully validated
2021-05-19 07:42:04,443 [EventQueue-OpenPipelineForHealthyPipelineSafeModeRule] INFO  safemode.SCMSafeModeManager (HealthyPipelineSafeModeRule.java:process(130)) - SCM in safe mode. Healthy pipelines reported count is 0, required healthy pipeline reported count is 1
2021-05-19 07:42:04,443 [EventQueue-PipelineReportForOneReplicaPipelineSafeModeRule] INFO  safemode.SCMSafeModeManager (SCMSafeModeManager.java:validateSafeModeExitRules(201)) - AtleastOneDatanodeReportedRule rule is successfully validated
2021-05-19 07:42:04,487 [EventQueue-OpenPipelineForHealthyPipelineSafeModeRule] INFO  safemode.SCMSafeModeManager (HealthyPipelineSafeModeRule.java:process(130)) - SCM in safe mode. Healthy pipelines reported count is 0, required healthy pipeline reported count is 1
2021-05-19 07:42:04,487 [EventQueue-PipelineReportForOneReplicaPipelineSafeModeRule] INFO  safemode.SCMSafeModeManager (SCMSafeModeManager.java:validateSafeModeExitRules(201)) - AtleastOneDatanodeReportedRule rule is successfully validated
2021-05-19 07:42:04,536 [Listener at 127.0.0.1/41639] INFO  ozone.MiniOzoneClusterImpl (MiniOzoneClusterImpl.java:lambda$waitForClusterToBeReady$0(224)) - Nodes are ready. Got 7 of 7 DN Heartbeats.
2021-05-19 07:42:04,536 [Listener at 127.0.0.1/41639] INFO  ozone.MiniOzoneClusterImpl (MiniOzoneClusterImpl.java:lambda$waitForClusterToBeReady$0(227)) - Waiting for cluster to exit safe mode
2021-05-19 07:42:04,536 [Listener at 127.0.0.1/41639] INFO  ozone.MiniOzoneClusterImpl (MiniOzoneClusterImpl.java:lambda$waitForClusterToBeReady$0(230)) - SCM became leader
2021-05-19 07:42:04,542 [EventQueue-OpenPipelineForHealthyPipelineSafeModeRule] INFO  safemode.SCMSafeModeManager (HealthyPipelineSafeModeRule.java:process(130)) - SCM in safe mode. Healthy pipelines reported count is 0, required healthy pipeline reported count is 1
2021-05-19 07:42:04,542 [EventQueue-PipelineReportForOneReplicaPipelineSafeModeRule] INFO  safemode.SCMSafeModeManager (SCMSafeModeManager.java:validateSafeModeExitRules(201)) - AtleastOneDatanodeReportedRule rule is successfully validated
2021-05-19 07:42:04,689 [EventQueue-OpenPipelineForHealthyPipelineSafeModeRule] INFO  safemode.SCMSafeModeManager (HealthyPipelineSafeModeRule.java:process(130)) - SCM in safe mode. Healthy pipelines reported count is 0, required healthy pipeline reported count is 1
2021-05-19 07:42:04,689 [EventQueue-PipelineReportForOneReplicaPipelineSafeModeRule] INFO  safemode.SCMSafeModeManager (SCMSafeModeManager.java:validateSafeModeExitRules(201)) - AtleastOneDatanodeReportedRule rule is successfully validated
2021-05-19 07:42:05,095 [EventQueue-OpenPipelineForHealthyPipelineSafeModeRule] INFO  safemode.SCMSafeModeManager (HealthyPipelineSafeModeRule.java:process(130)) - SCM in safe mode. Healthy pipelines reported count is 0, required healthy pipeline reported count is 1
2021-05-19 07:42:05,095 [EventQueue-PipelineReportForOneReplicaPipelineSafeModeRule] INFO  safemode.SCMSafeModeManager (SCMSafeModeManager.java:validateSafeModeExitRules(201)) - AtleastOneDatanodeReportedRule rule is successfully validated
2021-05-19 07:42:05,147 [EventQueue-OpenPipelineForHealthyPipelineSafeModeRule] INFO  safemode.SCMSafeModeManager (HealthyPipelineSafeModeRule.java:process(130)) - SCM in safe mode. Healthy pipelines reported count is 0, required healthy pipeline reported count is 1
2021-05-19 07:42:05,148 [EventQueue-PipelineReportForOneReplicaPipelineSafeModeRule] INFO  safemode.SCMSafeModeManager (SCMSafeModeManager.java:validateSafeModeExitRules(201)) - AtleastOneDatanodeReportedRule rule is successfully validated
2021-05-19 07:42:05,345 [EventQueue-OpenPipelineForHealthyPipelineSafeModeRule] INFO  safemode.SCMSafeModeManager (HealthyPipelineSafeModeRule.java:process(130)) - SCM in safe mode. Healthy pipelines reported count is 0, required healthy pipeline reported count is 1
2021-05-19 07:42:05,345 [EventQueue-PipelineReportForOneReplicaPipelineSafeModeRule] INFO  safemode.SCMSafeModeManager (SCMSafeModeManager.java:validateSafeModeExitRules(201)) - AtleastOneDatanodeReportedRule rule is successfully validated
2021-05-19 07:42:05,379 [a14714da-c87c-4361-b393-7e96cf422ed7@group-DECE5BE019F2-FollowerState] INFO  impl.FollowerState (FollowerState.java:run(134)) - a14714da-c87c-4361-b393-7e96cf422ed7@group-DECE5BE019F2-FollowerState: change to CANDIDATE, lastRpcElapsedTime:5020019921ns, electionTimeout:5019ms
2021-05-19 07:42:05,380 [a14714da-c87c-4361-b393-7e96cf422ed7@group-DECE5BE019F2-FollowerState] INFO  impl.RoleInfo (RoleInfo.java:shutdownFollowerState(108)) - a14714da-c87c-4361-b393-7e96cf422ed7: shutdown a14714da-c87c-4361-b393-7e96cf422ed7@group-DECE5BE019F2-FollowerState
2021-05-19 07:42:05,380 [a14714da-c87c-4361-b393-7e96cf422ed7@group-DECE5BE019F2-FollowerState] INFO  server.RaftServer$Division (RaftServerImpl.java:setRole(284)) - a14714da-c87c-4361-b393-7e96cf422ed7@group-DECE5BE019F2: changes role from  FOLLOWER to CANDIDATE at term 0 for changeToCandidate
2021-05-19 07:42:05,381 [a14714da-c87c-4361-b393-7e96cf422ed7@group-DECE5BE019F2-FollowerState] INFO  server.RaftServerConfigKeys (ConfUtils.java:logGet(44)) - raft.server.leaderelection.pre-vote = false (custom)
2021-05-19 07:42:05,381 [a14714da-c87c-4361-b393-7e96cf422ed7@group-DECE5BE019F2-FollowerState] INFO  impl.RoleInfo (RoleInfo.java:updateAndGet(130)) - a14714da-c87c-4361-b393-7e96cf422ed7: start a14714da-c87c-4361-b393-7e96cf422ed7@group-DECE5BE019F2-LeaderElection36
2021-05-19 07:42:05,383 [a14714da-c87c-4361-b393-7e96cf422ed7@group-DECE5BE019F2-LeaderElection36] INFO  impl.LeaderElection (LeaderElection.java:askForVotes(306)) - a14714da-c87c-4361-b393-7e96cf422ed7@group-DECE5BE019F2-LeaderElection36 ELECTION round 0: submit vote requests at term 1 for -1: [a14714da-c87c-4361-b393-7e96cf422ed7|rpc:172.17.0.2:45547|dataStream:|priority:1, 8e81be81-8cf3-4cb2-af1f-2c1c9bc19b0e|rpc:172.17.0.2:41855|dataStream:|priority:0, 68d4f79f-8ed5-4598-b947-57f9bc979c0e|rpc:172.17.0.2:42729|dataStream:|priority:0], old=null
2021-05-19 07:42:05,384 [68d4f79f-8ed5-4598-b947-57f9bc979c0e@group-DECE5BE019F2-FollowerState] INFO  impl.FollowerState (FollowerState.java:run(134)) - 68d4f79f-8ed5-4598-b947-57f9bc979c0e@group-DECE5BE019F2-FollowerState: change to CANDIDATE, lastRpcElapsedTime:5068411944ns, electionTimeout:5068ms
2021-05-19 07:42:05,385 [68d4f79f-8ed5-4598-b947-57f9bc979c0e@group-DECE5BE019F2-FollowerState] INFO  impl.RoleInfo (RoleInfo.java:shutdownFollowerState(108)) - 68d4f79f-8ed5-4598-b947-57f9bc979c0e: shutdown 68d4f79f-8ed5-4598-b947-57f9bc979c0e@group-DECE5BE019F2-FollowerState
2021-05-19 07:42:05,385 [68d4f79f-8ed5-4598-b947-57f9bc979c0e@group-DECE5BE019F2-FollowerState] INFO  server.RaftServer$Division (RaftServerImpl.java:setRole(284)) - 68d4f79f-8ed5-4598-b947-57f9bc979c0e@group-DECE5BE019F2: changes role from  FOLLOWER to CANDIDATE at term 0 for changeToCandidate
2021-05-19 07:42:05,385 [68d4f79f-8ed5-4598-b947-57f9bc979c0e@group-DECE5BE019F2-FollowerState] INFO  server.RaftServerConfigKeys (ConfUtils.java:logGet(44)) - raft.server.leaderelection.pre-vote = false (custom)
2021-05-19 07:42:05,385 [68d4f79f-8ed5-4598-b947-57f9bc979c0e@group-DECE5BE019F2-FollowerState] INFO  impl.RoleInfo (RoleInfo.java:updateAndGet(130)) - 68d4f79f-8ed5-4598-b947-57f9bc979c0e: start 68d4f79f-8ed5-4598-b947-57f9bc979c0e@group-DECE5BE019F2-LeaderElection37
2021-05-19 07:42:05,394 [68d4f79f-8ed5-4598-b947-57f9bc979c0e@group-DECE5BE019F2-LeaderElection37] INFO  impl.LeaderElection (LeaderElection.java:askForVotes(306)) - 68d4f79f-8ed5-4598-b947-57f9bc979c0e@group-DECE5BE019F2-LeaderElection37 ELECTION round 0: submit vote requests at term 1 for -1: [a14714da-c87c-4361-b393-7e96cf422ed7|rpc:172.17.0.2:45547|priority:1, 8e81be81-8cf3-4cb2-af1f-2c1c9bc19b0e|rpc:172.17.0.2:41855|priority:0, 68d4f79f-8ed5-4598-b947-57f9bc979c0e|rpc:172.17.0.2:42729|priority:0], old=null
2021-05-19 07:42:05,396 [grpc-default-executor-3] INFO  server.RaftServer$Division (RaftServerImpl.java:requestVote(1042)) - 8e81be81-8cf3-4cb2-af1f-2c1c9bc19b0e@group-DECE5BE019F2: receive requestVote(ELECTION, a14714da-c87c-4361-b393-7e96cf422ed7, group-DECE5BE019F2, 1, (t:0, i:0))
2021-05-19 07:42:05,396 [grpc-default-executor-3] INFO  impl.VoteContext (VoteContext.java:log(48)) - 8e81be81-8cf3-4cb2-af1f-2c1c9bc19b0e@group-DECE5BE019F2-FOLLOWER: accept ELECTION from a14714da-c87c-4361-b393-7e96cf422ed7: our priority 0 <= candidate's priority 1
2021-05-19 07:42:05,396 [grpc-default-executor-3] INFO  server.RaftServer$Division (RaftServerImpl.java:setRole(284)) - 8e81be81-8cf3-4cb2-af1f-2c1c9bc19b0e@group-DECE5BE019F2: changes role from  FOLLOWER to FOLLOWER at term 1 for candidate:a14714da-c87c-4361-b393-7e96cf422ed7
2021-05-19 07:42:05,397 [grpc-default-executor-3] INFO  impl.RoleInfo (RoleInfo.java:shutdownFollowerState(108)) - 8e81be81-8cf3-4cb2-af1f-2c1c9bc19b0e: shutdown 8e81be81-8cf3-4cb2-af1f-2c1c9bc19b0e@group-DECE5BE019F2-FollowerState
2021-05-19 07:42:05,397 [grpc-default-executor-2] INFO  metrics.RatisMetrics (RatisMetrics.java:lambda$create$0(36)) - Creating Metrics Registry : ratis.server_message_metrics.68d4f79f-8ed5-4598-b947-57f9bc979c0e
2021-05-19 07:42:05,398 [grpc-default-executor-2] INFO  server.RaftServer$Division (RaftServerImpl.java:requestVote(1042)) - 68d4f79f-8ed5-4598-b947-57f9bc979c0e@group-DECE5BE019F2: receive requestVote(ELECTION, a14714da-c87c-4361-b393-7e96cf422ed7, group-DECE5BE019F2, 1, (t:0, i:0))
2021-05-19 07:42:05,398 [grpc-default-executor-2] INFO  impl.VoteContext (VoteContext.java:log(48)) - 68d4f79f-8ed5-4598-b947-57f9bc979c0e@group-DECE5BE019F2-CANDIDATE: reject ELECTION from a14714da-c87c-4361-b393-7e96cf422ed7: already has voted for 68d4f79f-8ed5-4598-b947-57f9bc979c0e at current term 1
2021-05-19 07:42:05,398 [grpc-default-executor-2] INFO  server.RaftServer$Division (RaftServerImpl.java:requestVote(1074)) - 68d4f79f-8ed5-4598-b947-57f9bc979c0e@group-DECE5BE019F2 replies to ELECTION vote request: a14714da-c87c-4361-b393-7e96cf422ed7<-68d4f79f-8ed5-4598-b947-57f9bc979c0e#0:FAIL-t1. Peer's state: 68d4f79f-8ed5-4598-b947-57f9bc979c0e@group-DECE5BE019F2:t1, leader=null, voted=68d4f79f-8ed5-4598-b947-57f9bc979c0e, raftlog=68d4f79f-8ed5-4598-b947-57f9bc979c0e@group-DECE5BE019F2-SegmentedRaftLog:OPENED:c-1,f-1,i0, conf=-1: [a14714da-c87c-4361-b393-7e96cf422ed7|rpc:172.17.0.2:45547|priority:1, 8e81be81-8cf3-4cb2-af1f-2c1c9bc19b0e|rpc:172.17.0.2:41855|priority:0, 68d4f79f-8ed5-4598-b947-57f9bc979c0e|rpc:172.17.0.2:42729|priority:0], old=null
2021-05-19 07:42:05,403 [grpc-default-executor-3] INFO  impl.RoleInfo (RoleInfo.java:updateAndGet(130)) - 8e81be81-8cf3-4cb2-af1f-2c1c9bc19b0e: start 8e81be81-8cf3-4cb2-af1f-2c1c9bc19b0e@group-DECE5BE019F2-FollowerState
2021-05-19 07:42:05,403 [8e81be81-8cf3-4cb2-af1f-2c1c9bc19b0e@group-DECE5BE019F2-FollowerState] INFO  impl.FollowerState (FollowerState.java:run(143)) - 8e81be81-8cf3-4cb2-af1f-2c1c9bc19b0e@group-DECE5BE019F2-FollowerState was interrupted: {}
java.lang.InterruptedException: sleep interrupted
	at java.lang.Thread.sleep(Native Method)
	at java.lang.Thread.sleep(Thread.java:340)
	at java.util.concurrent.TimeUnit.sleep(TimeUnit.java:386)
	at org.apache.ratis.util.TimeDuration.sleep(TimeDuration.java:324)
	at org.apache.ratis.util.TimeDuration.sleep(TimeDuration.java:309)
	at org.apache.ratis.server.impl.FollowerState.run(FollowerState.java:118)
2021-05-19 07:42:05,404 [grpc-default-executor-3] INFO  server.RaftServer$Division (RaftServerImpl.java:requestVote(1074)) - 8e81be81-8cf3-4cb2-af1f-2c1c9bc19b0e@group-DECE5BE019F2 replies to ELECTION vote request: a14714da-c87c-4361-b393-7e96cf422ed7<-8e81be81-8cf3-4cb2-af1f-2c1c9bc19b0e#0:OK-t1. Peer's state: 8e81be81-8cf3-4cb2-af1f-2c1c9bc19b0e@group-DECE5BE019F2:t1, leader=null, voted=a14714da-c87c-4361-b393-7e96cf422ed7, raftlog=8e81be81-8cf3-4cb2-af1f-2c1c9bc19b0e@group-DECE5BE019F2-SegmentedRaftLog:OPENED:c-1,f-1,i0, conf=-1: [a14714da-c87c-4361-b393-7e96cf422ed7|rpc:172.17.0.2:45547|dataStream:|priority:1, 8e81be81-8cf3-4cb2-af1f-2c1c9bc19b0e|rpc:172.17.0.2:41855|dataStream:|priority:0, 68d4f79f-8ed5-4598-b947-57f9bc979c0e|rpc:172.17.0.2:42729|dataStream:|priority:0], old=null
2021-05-19 07:42:05,405 [a14714da-c87c-4361-b393-7e96cf422ed7@group-DECE5BE019F2-LeaderElection36] INFO  impl.LeaderElection (LeaderElection.java:logAndReturn(89)) - a14714da-c87c-4361-b393-7e96cf422ed7@group-DECE5BE019F2-LeaderElection36: ELECTION PASSED received 2 response(s) and 0 exception(s):
2021-05-19 07:42:05,405 [a14714da-c87c-4361-b393-7e96cf422ed7@group-DECE5BE019F2-LeaderElection36] INFO  impl.LeaderElection (LeaderElection.java:logAndReturn(93)) -   Response 0: a14714da-c87c-4361-b393-7e96cf422ed7<-68d4f79f-8ed5-4598-b947-57f9bc979c0e#0:FAIL-t1
2021-05-19 07:42:05,405 [a14714da-c87c-4361-b393-7e96cf422ed7@group-DECE5BE019F2-LeaderElection36] INFO  impl.LeaderElection (LeaderElection.java:logAndReturn(93)) -   Response 1: a14714da-c87c-4361-b393-7e96cf422ed7<-8e81be81-8cf3-4cb2-af1f-2c1c9bc19b0e#0:OK-t1
2021-05-19 07:42:05,405 [a14714da-c87c-4361-b393-7e96cf422ed7@group-DECE5BE019F2-LeaderElection36] INFO  impl.LeaderElection (LeaderElection.java:askForVotes(308)) - a14714da-c87c-4361-b393-7e96cf422ed7@group-DECE5BE019F2-LeaderElection36 ELECTION round 0: result PASSED
2021-05-19 07:42:05,405 [a14714da-c87c-4361-b393-7e96cf422ed7@group-DECE5BE019F2-LeaderElection36] INFO  impl.RoleInfo (RoleInfo.java:shutdownLeaderElection(121)) - a14714da-c87c-4361-b393-7e96cf422ed7: shutdown a14714da-c87c-4361-b393-7e96cf422ed7@group-DECE5BE019F2-LeaderElection36
2021-05-19 07:42:05,405 [a14714da-c87c-4361-b393-7e96cf422ed7@group-DECE5BE019F2-LeaderElection36] INFO  server.RaftServer$Division (RaftServerImpl.java:setRole(284)) - a14714da-c87c-4361-b393-7e96cf422ed7@group-DECE5BE019F2: changes role from CANDIDATE to LEADER at term 1 for changeToLeader
2021-05-19 07:42:05,405 [a14714da-c87c-4361-b393-7e96cf422ed7@group-DECE5BE019F2-LeaderElection36] INFO  ratis.XceiverServerRatis (XceiverServerRatis.java:handleLeaderChangedNotification(906)) - Leader change notification received for group: group-DECE5BE019F2 with new leaderId: a14714da-c87c-4361-b393-7e96cf422ed7
2021-05-19 07:42:05,405 [a14714da-c87c-4361-b393-7e96cf422ed7@group-DECE5BE019F2-LeaderElection36] INFO  server.RaftServer$Division (ServerState.java:setLeader(271)) - a14714da-c87c-4361-b393-7e96cf422ed7@group-DECE5BE019F2: change Leader from null to a14714da-c87c-4361-b393-7e96cf422ed7 at term 1 for becomeLeader, leader elected after 5051ms
2021-05-19 07:42:05,405 [a14714da-c87c-4361-b393-7e96cf422ed7@group-DECE5BE019F2-LeaderElection36] INFO  server.RaftServerConfigKeys (ConfUtils.java:logGet(44)) - raft.server.staging.catchup.gap = 1000 (default)
2021-05-19 07:42:05,405 [a14714da-c87c-4361-b393-7e96cf422ed7@group-DECE5BE019F2-LeaderElection36] INFO  metrics.RatisMetrics (RatisMetrics.java:lambda$create$0(36)) - Creating Metrics Registry : ratis.log_appender.a14714da-c87c-4361-b393-7e96cf422ed7@group-DECE5BE019F2
2021-05-19 07:42:05,406 [a14714da-c87c-4361-b393-7e96cf422ed7@group-DECE5BE019F2-LeaderElection36] INFO  server.RaftServerConfigKeys (ConfUtils.java:logGet(44)) - raft.server.write.element-limit = 1024 (custom)
2021-05-19 07:42:05,406 [a14714da-c87c-4361-b393-7e96cf422ed7@group-DECE5BE019F2-LeaderElection36] INFO  server.RaftServerConfigKeys (ConfUtils.java:logGet(44)) - raft.server.write.byte-limit = 1073741824 (custom)
2021-05-19 07:42:05,406 [a14714da-c87c-4361-b393-7e96cf422ed7@group-DECE5BE019F2-LeaderElection36] INFO  server.RaftServerConfigKeys (ConfUtils.java:logGet(44)) - raft.server.watch.timeout = 3000ms (custom)
2021-05-19 07:42:05,406 [a14714da-c87c-4361-b393-7e96cf422ed7@group-DECE5BE019F2-LeaderElection36] INFO  server.RaftServerConfigKeys (ConfUtils.java:logGet(44)) - raft.server.watch.timeout.denomination = 1s (default)
2021-05-19 07:42:05,406 [a14714da-c87c-4361-b393-7e96cf422ed7@group-DECE5BE019F2-LeaderElection36] INFO  server.RaftServerConfigKeys (ConfUtils.java:logGet(44)) - raft.server.watch.element-limit = 65536 (default)
2021-05-19 07:42:05,407 [EventQueue-PipelineReportForPipelineReportHandler] INFO  pipeline.PipelineManagerV2Impl (PipelineManagerV2Impl.java:openPipeline(270)) - Pipeline Pipeline[ Id: da74cb76-52a2-4b5c-bce9-dece5be019f2, Nodes: 8e81be81-8cf3-4cb2-af1f-2c1c9bc19b0e{ip: 172.17.0.2, host: 3974e5c036b4, ports: [REPLICATION=33707, RATIS=41855, RATIS_ADMIN=41855, RATIS_SERVER=41855, STANDALONE=33695], networkLocation: /default-rack, certSerialId: null, persistedOpState: IN_SERVICE, persistedOpStateExpiryEpochSec: 0}68d4f79f-8ed5-4598-b947-57f9bc979c0e{ip: 172.17.0.2, host: 3974e5c036b4, ports: [REPLICATION=43949, RATIS=42729, RATIS_ADMIN=42729, RATIS_SERVER=42729, STANDALONE=34701], networkLocation: /default-rack, certSerialId: null, persistedOpState: IN_SERVICE, persistedOpStateExpiryEpochSec: 0}a14714da-c87c-4361-b393-7e96cf422ed7{ip: 172.17.0.2, host: 3974e5c036b4, ports: [REPLICATION=40039, RATIS=45547, RATIS_ADMIN=45547, RATIS_SERVER=45547, STANDALONE=44867], networkLocation: /default-rack, certSerialId: null, persistedOpState: IN_SERVICE, persistedOpStateExpiryEpochSec: 0}, ReplicationConfig: RATIS/THREE, State:ALLOCATED, leaderId:a14714da-c87c-4361-b393-7e96cf422ed7, CreationTimestamp2021-05-19T07:41:57.686Z] moved to OPEN state
2021-05-19 07:42:05,407 [EventQueue-PipelineReportForOneReplicaPipelineSafeModeRule] INFO  safemode.SCMSafeModeManager (SCMSafeModeManager.java:validateSafeModeExitRules(201)) - AtleastOneDatanodeReportedRule rule is successfully validated
2021-05-19 07:42:05,408 [EventQueue-OpenPipelineForHealthyPipelineSafeModeRule] INFO  safemode.SCMSafeModeManager (HealthyPipelineSafeModeRule.java:process(130)) - SCM in safe mode. Healthy pipelines reported count is 1, required healthy pipeline reported count is 1
2021-05-19 07:42:05,408 [EventQueue-OpenPipelineForHealthyPipelineSafeModeRule] INFO  safemode.SCMSafeModeManager (SCMSafeModeManager.java:validateSafeModeExitRules(201)) - HealthyPipelineSafeModeRule rule is successfully validated
2021-05-19 07:42:05,408 [EventQueue-OpenPipelineForHealthyPipelineSafeModeRule] INFO  safemode.SCMSafeModeManager (SCMSafeModeManager.java:validateSafeModeExitRules(215)) - ScmSafeModeManager, all rules are successfully validated
2021-05-19 07:42:05,408 [EventQueue-OpenPipelineForHealthyPipelineSafeModeRule] INFO  safemode.SCMSafeModeManager (SCMSafeModeManager.java:exitSafeMode(244)) - SCM exiting safe mode.
2021-05-19 07:42:05,408 [EventQueue-OpenPipelineForHealthyPipelineSafeModeRule] WARN  events.EventQueue (EventQueue.java:fireEvent(185)) - No event handler registered for event TypedEvent{payloadType=SafeModeStatus, name='Safe mode status'}
2021-05-19 07:42:05,408 [EventQueue-OpenPipelineForHealthyPipelineSafeModeRule] INFO  ha.SCMContext (SCMContext.java:updateSafeModeStatus(147)) - Update SafeModeStatus from SafeModeStatus{safeModeStatus=true, preCheckPassed=true} to SafeModeStatus{safeModeStatus=false, preCheckPassed=true}.
2021-05-19 07:42:05,408 [EventQueue-OpenPipelineForHealthyPipelineSafeModeRule] INFO  pipeline.BackgroundPipelineCreator (BackgroundPipelineCreatorV2.java:notifyStatusChanged(261)) - Service BackgroundPipelineCreator transitions to RUNNING.
2021-05-19 07:42:05,408 [EventQueue-OpenPipelineForHealthyPipelineSafeModeRule] INFO  container.ReplicationManager (ReplicationManager.java:notifyStatusChanged(1279)) - Service ReplicationManager transitions to RUNNING.
2021-05-19 07:42:05,410 [a14714da-c87c-4361-b393-7e96cf422ed7@group-DECE5BE019F2-LeaderElection36] INFO  server.RaftServerConfigKeys (ConfUtils.java:logGet(44)) - raft.server.log.appender.snapshot.chunk.size.max = 16MB (=16777216) (default)
2021-05-19 07:42:05,410 [a14714da-c87c-4361-b393-7e96cf422ed7@group-DECE5BE019F2-LeaderElection36] INFO  server.RaftServerConfigKeys (ConfUtils.java:logGet(44)) - raft.server.log.appender.buffer.byte-limit = 33554432 (custom)
2021-05-19 07:42:05,410 [a14714da-c87c-4361-b393-7e96cf422ed7@group-DECE5BE019F2-LeaderElection36] INFO  server.RaftServerConfigKeys (ConfUtils.java:logGet(44)) - raft.server.log.appender.buffer.element-limit = 1 (custom)
2021-05-19 07:42:05,410 [grpc-default-executor-3] INFO  server.RaftServer$Division (RaftServerImpl.java:requestVote(1042)) - a14714da-c87c-4361-b393-7e96cf422ed7@group-DECE5BE019F2: receive requestVote(ELECTION, 68d4f79f-8ed5-4598-b947-57f9bc979c0e, group-DECE5BE019F2, 1, (t:0, i:0))
2021-05-19 07:42:05,410 [a14714da-c87c-4361-b393-7e96cf422ed7@group-DECE5BE019F2-LeaderElection36] INFO  grpc.GrpcConfigKeys (ConfUtils.java:logGet(44)) - raft.grpc.server.leader.outstanding.appends.max = 128 (default)
2021-05-19 07:42:05,411 [grpc-default-executor-2] INFO  server.RaftServer$Division (RaftServerImpl.java:requestVote(1042)) - 8e81be81-8cf3-4cb2-af1f-2c1c9bc19b0e@group-DECE5BE019F2: receive requestVote(ELECTION, 68d4f79f-8ed5-4598-b947-57f9bc979c0e, group-DECE5BE019F2, 1, (t:0, i:0))
2021-05-19 07:42:05,411 [a14714da-c87c-4361-b393-7e96cf422ed7@group-DECE5BE019F2-LeaderElection36] INFO  server.RaftServerConfigKeys (ConfUtils.java:logGet(44)) - raft.server.rpc.request.timeout = 3000ms (default)
2021-05-19 07:42:05,412 [grpc-default-executor-2] INFO  impl.VoteContext (VoteContext.java:log(48)) - 8e81be81-8cf3-4cb2-af1f-2c1c9bc19b0e@group-DECE5BE019F2-FOLLOWER: reject ELECTION from 68d4f79f-8ed5-4598-b947-57f9bc979c0e: already has voted for a14714da-c87c-4361-b393-7e96cf422ed7 at current term 1
2021-05-19 07:42:05,412 [a14714da-c87c-4361-b393-7e96cf422ed7@group-DECE5BE019F2-LeaderElection36] INFO  server.RaftServerConfigKeys (ConfUtils.java:logGet(44)) - raft.server.log.appender.install.snapshot.enabled = false (custom)
2021-05-19 07:42:05,412 [grpc-default-executor-2] INFO  server.RaftServer$Division (RaftServerImpl.java:requestVote(1074)) - 8e81be81-8cf3-4cb2-af1f-2c1c9bc19b0e@group-DECE5BE019F2 replies to ELECTION vote request: 68d4f79f-8ed5-4598-b947-57f9bc979c0e<-8e81be81-8cf3-4cb2-af1f-2c1c9bc19b0e#0:FAIL-t1. Peer's state: 8e81be81-8cf3-4cb2-af1f-2c1c9bc19b0e@group-DECE5BE019F2:t1, leader=null, voted=a14714da-c87c-4361-b393-7e96cf422ed7, raftlog=8e81be81-8cf3-4cb2-af1f-2c1c9bc19b0e@group-DECE5BE019F2-SegmentedRaftLog:OPENED:c-1,f-1,i0, conf=-1: [a14714da-c87c-4361-b393-7e96cf422ed7|rpc:172.17.0.2:45547|dataStream:|priority:1, 8e81be81-8cf3-4cb2-af1f-2c1c9bc19b0e|rpc:172.17.0.2:41855|dataStream:|priority:0, 68d4f79f-8ed5-4598-b947-57f9bc979c0e|rpc:172.17.0.2:42729|dataStream:|priority:0], old=null
2021-05-19 07:42:05,412 [a14714da-c87c-4361-b393-7e96cf422ed7@group-DECE5BE019F2-LeaderElection36] INFO  metrics.RatisMetrics (RatisMetrics.java:lambda$create$0(36)) - Creating Metrics Registry : ratis_grpc.log_appender.a14714da-c87c-4361-b393-7e96cf422ed7@group-DECE5BE019F2
2021-05-19 07:42:05,413 [a14714da-c87c-4361-b393-7e96cf422ed7@group-DECE5BE019F2-LeaderElection36] INFO  server.RaftServerConfigKeys (ConfUtils.java:logGet(44)) - raft.server.log.appender.snapshot.chunk.size.max = 16MB (=16777216) (default)
2021-05-19 07:42:05,413 [a14714da-c87c-4361-b393-7e96cf422ed7@group-DECE5BE019F2-LeaderElection36] INFO  server.RaftServerConfigKeys (ConfUtils.java:logGet(44)) - raft.server.log.appender.buffer.byte-limit = 33554432 (custom)
2021-05-19 07:42:05,413 [a14714da-c87c-4361-b393-7e96cf422ed7@group-DECE5BE019F2-LeaderElection36] INFO  server.RaftServerConfigKeys (ConfUtils.java:logGet(44)) - raft.server.log.appender.buffer.element-limit = 1 (custom)
2021-05-19 07:42:05,413 [a14714da-c87c-4361-b393-7e96cf422ed7@group-DECE5BE019F2-LeaderElection36] INFO  grpc.GrpcConfigKeys (ConfUtils.java:logGet(44)) - raft.grpc.server.leader.outstanding.appends.max = 128 (default)
2021-05-19 07:42:05,413 [a14714da-c87c-4361-b393-7e96cf422ed7@group-DECE5BE019F2-LeaderElection36] INFO  server.RaftServerConfigKeys (ConfUtils.java:logGet(44)) - raft.server.rpc.request.timeout = 3000ms (default)
2021-05-19 07:42:05,413 [a14714da-c87c-4361-b393-7e96cf422ed7@group-DECE5BE019F2-LeaderElection36] INFO  server.RaftServerConfigKeys (ConfUtils.java:logGet(44)) - raft.server.log.appender.install.snapshot.enabled = false (custom)
2021-05-19 07:42:05,414 [a14714da-c87c-4361-b393-7e96cf422ed7@group-DECE5BE019F2-LeaderElection36] INFO  impl.RoleInfo (RoleInfo.java:updateAndGet(130)) - a14714da-c87c-4361-b393-7e96cf422ed7: start a14714da-c87c-4361-b393-7e96cf422ed7@group-DECE5BE019F2-LeaderStateImpl
2021-05-19 07:42:05,414 [a14714da-c87c-4361-b393-7e96cf422ed7@group-DECE5BE019F2-LeaderElection36] INFO  segmented.SegmentedRaftLogWorker (SegmentedRaftLogWorker.java:startLogSegment(394)) - a14714da-c87c-4361-b393-7e96cf422ed7@group-DECE5BE019F2-SegmentedRaftLogWorker: Starting segment from index:0
2021-05-19 07:42:05,419 [a14714da-c87c-4361-b393-7e96cf422ed7@group-DECE5BE019F2-LeaderElection36] INFO  server.RaftServer$Division (ServerState.java:setRaftConf(373)) - a14714da-c87c-4361-b393-7e96cf422ed7@group-DECE5BE019F2: set configuration 0: [a14714da-c87c-4361-b393-7e96cf422ed7|rpc:172.17.0.2:45547|dataStream:|priority:1, 8e81be81-8cf3-4cb2-af1f-2c1c9bc19b0e|rpc:172.17.0.2:41855|dataStream:|priority:0, 68d4f79f-8ed5-4598-b947-57f9bc979c0e|rpc:172.17.0.2:42729|dataStream:|priority:0], old=null
2021-05-19 07:42:05,419 [grpc-default-executor-3] INFO  impl.VoteContext (VoteContext.java:log(48)) - a14714da-c87c-4361-b393-7e96cf422ed7@group-DECE5BE019F2-LEADER: reject ELECTION from 68d4f79f-8ed5-4598-b947-57f9bc979c0e: already has voted for a14714da-c87c-4361-b393-7e96cf422ed7 at current term 1
2021-05-19 07:42:05,419 [grpc-default-executor-3] INFO  server.RaftServer$Division (RaftServerImpl.java:requestVote(1074)) - a14714da-c87c-4361-b393-7e96cf422ed7@group-DECE5BE019F2 replies to ELECTION vote request: 68d4f79f-8ed5-4598-b947-57f9bc979c0e<-a14714da-c87c-4361-b393-7e96cf422ed7#0:FAIL-t1. Peer's state: a14714da-c87c-4361-b393-7e96cf422ed7@group-DECE5BE019F2:t1, leader=a14714da-c87c-4361-b393-7e96cf422ed7, voted=a14714da-c87c-4361-b393-7e96cf422ed7, raftlog=a14714da-c87c-4361-b393-7e96cf422ed7@group-DECE5BE019F2-SegmentedRaftLog:OPENED:c-1,f-1,i0, conf=0: [a14714da-c87c-4361-b393-7e96cf422ed7|rpc:172.17.0.2:45547|dataStream:|priority:1, 8e81be81-8cf3-4cb2-af1f-2c1c9bc19b0e|rpc:172.17.0.2:41855|dataStream:|priority:0, 68d4f79f-8ed5-4598-b947-57f9bc979c0e|rpc:172.17.0.2:42729|dataStream:|priority:0], old=null
2021-05-19 07:42:05,423 [a14714da-c87c-4361-b393-7e96cf422ed7@group-DECE5BE019F2-SegmentedRaftLogWorker] INFO  segmented.SegmentedRaftLogWorker (SegmentedRaftLogWorker.java:execute(601)) - a14714da-c87c-4361-b393-7e96cf422ed7@group-DECE5BE019F2-SegmentedRaftLogWorker: created new log segment /github/workspace/mnt/ozone/hadoop-ozone/integration-test/target/test-dir/MiniOzoneClusterImpl-952c9dfc-8967-4523-b06f-60d3bd5de2bf/datanode-2/data/ratis/da74cb76-52a2-4b5c-bce9-dece5be019f2/current/log_inprogress_0
2021-05-19 07:42:05,425 [68d4f79f-8ed5-4598-b947-57f9bc979c0e@group-DECE5BE019F2-LeaderElection37] INFO  impl.LeaderElection (LeaderElection.java:logAndReturn(89)) - 68d4f79f-8ed5-4598-b947-57f9bc979c0e@group-DECE5BE019F2-LeaderElection37: ELECTION REJECTED received 2 response(s) and 0 exception(s):
2021-05-19 07:42:05,425 [68d4f79f-8ed5-4598-b947-57f9bc979c0e@group-DECE5BE019F2-LeaderElection37] INFO  impl.LeaderElection (LeaderElection.java:logAndReturn(93)) -   Response 0: 68d4f79f-8ed5-4598-b947-57f9bc979c0e<-a14714da-c87c-4361-b393-7e96cf422ed7#0:FAIL-t1
2021-05-19 07:42:05,425 [68d4f79f-8ed5-4598-b947-57f9bc979c0e@group-DECE5BE019F2-LeaderElection37] INFO  impl.LeaderElection (LeaderElection.java:logAndReturn(93)) -   Response 1: 68d4f79f-8ed5-4598-b947-57f9bc979c0e<-8e81be81-8cf3-4cb2-af1f-2c1c9bc19b0e#0:FAIL-t1
2021-05-19 07:42:05,425 [68d4f79f-8ed5-4598-b947-57f9bc979c0e@group-DECE5BE019F2-LeaderElection37] INFO  impl.LeaderElection (LeaderElection.java:askForVotes(308)) - 68d4f79f-8ed5-4598-b947-57f9bc979c0e@group-DECE5BE019F2-LeaderElection37 ELECTION round 0: result REJECTED
2021-05-19 07:42:05,425 [68d4f79f-8ed5-4598-b947-57f9bc979c0e@group-DECE5BE019F2-LeaderElection37] INFO  server.RaftServer$Division (RaftServerImpl.java:setRole(284)) - 68d4f79f-8ed5-4598-b947-57f9bc979c0e@group-DECE5BE019F2: changes role from CANDIDATE to FOLLOWER at term 1 for REJECTED
2021-05-19 07:42:05,425 [68d4f79f-8ed5-4598-b947-57f9bc979c0e@group-DECE5BE019F2-LeaderElection37] INFO  impl.RoleInfo (RoleInfo.java:shutdownLeaderElection(121)) - 68d4f79f-8ed5-4598-b947-57f9bc979c0e: shutdown 68d4f79f-8ed5-4598-b947-57f9bc979c0e@group-DECE5BE019F2-LeaderElection37
2021-05-19 07:42:05,425 [grpc-default-executor-1] INFO  ratis.XceiverServerRatis (XceiverServerRatis.java:handleLeaderChangedNotification(906)) - Leader change notification received for group: group-DECE5BE019F2 with new leaderId: a14714da-c87c-4361-b393-7e96cf422ed7
2021-05-19 07:42:05,425 [grpc-default-executor-1] INFO  server.RaftServer$Division (ServerState.java:setLeader(271)) - 8e81be81-8cf3-4cb2-af1f-2c1c9bc19b0e@group-DECE5BE019F2: change Leader from null to a14714da-c87c-4361-b393-7e96cf422ed7 at term 1 for appendEntries, leader elected after 5097ms
2021-05-19 07:42:05,425 [68d4f79f-8ed5-4598-b947-57f9bc979c0e@group-DECE5BE019F2-LeaderElection37] INFO  impl.RoleInfo (RoleInfo.java:updateAndGet(130)) - 68d4f79f-8ed5-4598-b947-57f9bc979c0e: start 68d4f79f-8ed5-4598-b947-57f9bc979c0e@group-DECE5BE019F2-FollowerState
2021-05-19 07:42:05,431 [grpc-default-executor-3] INFO  ratis.XceiverServerRatis (XceiverServerRatis.java:handleLeaderChangedNotification(906)) - Leader change notification received for group: group-DECE5BE019F2 with new leaderId: a14714da-c87c-4361-b393-7e96cf422ed7
2021-05-19 07:42:05,431 [grpc-default-executor-3] INFO  server.RaftServer$Division (ServerState.java:setLeader(271)) - 68d4f79f-8ed5-4598-b947-57f9bc979c0e@group-DECE5BE019F2: change Leader from null to a14714da-c87c-4361-b393-7e96cf422ed7 at term 1 for appendEntries, leader elected after 5125ms
2021-05-19 07:42:05,435 [grpc-default-executor-3] INFO  server.RaftServer$Division (ServerState.java:setRaftConf(373)) - 8e81be81-8cf3-4cb2-af1f-2c1c9bc19b0e@group-DECE5BE019F2: set configuration 0: [a14714da-c87c-4361-b393-7e96cf422ed7|rpc:172.17.0.2:45547|dataStream:|priority:1, 8e81be81-8cf3-4cb2-af1f-2c1c9bc19b0e|rpc:172.17.0.2:41855|dataStream:|priority:0, 68d4f79f-8ed5-4598-b947-57f9bc979c0e|rpc:172.17.0.2:42729|dataStream:|priority:0], old=null
2021-05-19 07:42:05,435 [grpc-default-executor-3] INFO  segmented.SegmentedRaftLogWorker (SegmentedRaftLogWorker.java:startLogSegment(394)) - 8e81be81-8cf3-4cb2-af1f-2c1c9bc19b0e@group-DECE5BE019F2-SegmentedRaftLogWorker: Starting segment from index:0
2021-05-19 07:42:05,436 [grpc-default-executor-1] INFO  server.RaftServer$Division (ServerState.java:setRaftConf(373)) - 68d4f79f-8ed5-4598-b947-57f9bc979c0e@group-DECE5BE019F2: set configuration 0: [a14714da-c87c-4361-b393-7e96cf422ed7|rpc:172.17.0.2:45547|dataStream:|priority:1, 8e81be81-8cf3-4cb2-af1f-2c1c9bc19b0e|rpc:172.17.0.2:41855|dataStream:|priority:0, 68d4f79f-8ed5-4598-b947-57f9bc979c0e|rpc:172.17.0.2:42729|dataStream:|priority:0], old=null
2021-05-19 07:42:05,436 [grpc-default-executor-1] INFO  segmented.SegmentedRaftLogWorker (SegmentedRaftLogWorker.java:startLogSegment(394)) - 68d4f79f-8ed5-4598-b947-57f9bc979c0e@group-DECE5BE019F2-SegmentedRaftLogWorker: Starting segment from index:0
2021-05-19 07:42:05,436 [8e81be81-8cf3-4cb2-af1f-2c1c9bc19b0e@group-DECE5BE019F2-SegmentedRaftLogWorker] INFO  segmented.SegmentedRaftLogWorker (SegmentedRaftLogWorker.java:execute(601)) - 8e81be81-8cf3-4cb2-af1f-2c1c9bc19b0e@group-DECE5BE019F2-SegmentedRaftLogWorker: created new log segment /github/workspace/mnt/ozone/hadoop-ozone/integration-test/target/test-dir/MiniOzoneClusterImpl-952c9dfc-8967-4523-b06f-60d3bd5de2bf/datanode-1/data/ratis/da74cb76-52a2-4b5c-bce9-dece5be019f2/current/log_inprogress_0
2021-05-19 07:42:05,437 [68d4f79f-8ed5-4598-b947-57f9bc979c0e@group-DECE5BE019F2-SegmentedRaftLogWorker] INFO  segmented.SegmentedRaftLogWorker (SegmentedRaftLogWorker.java:execute(601)) - 68d4f79f-8ed5-4598-b947-57f9bc979c0e@group-DECE5BE019F2-SegmentedRaftLogWorker: created new log segment /github/workspace/mnt/ozone/hadoop-ozone/integration-test/target/test-dir/MiniOzoneClusterImpl-952c9dfc-8967-4523-b06f-60d3bd5de2bf/datanode-0/data/ratis/da74cb76-52a2-4b5c-bce9-dece5be019f2/current/log_inprogress_0
2021-05-19 07:42:05,440 [68d4f79f-8ed5-4598-b947-57f9bc979c0e@group-AC6A57830C75-FollowerState] INFO  impl.FollowerState (FollowerState.java:run(134)) - 68d4f79f-8ed5-4598-b947-57f9bc979c0e@group-AC6A57830C75-FollowerState: change to CANDIDATE, lastRpcElapsedTime:5066586638ns, electionTimeout:5058ms
2021-05-19 07:42:05,441 [68d4f79f-8ed5-4598-b947-57f9bc979c0e@group-AC6A57830C75-FollowerState] INFO  impl.RoleInfo (RoleInfo.java:shutdownFollowerState(108)) - 68d4f79f-8ed5-4598-b947-57f9bc979c0e: shutdown 68d4f79f-8ed5-4598-b947-57f9bc979c0e@group-AC6A57830C75-FollowerState
2021-05-19 07:42:05,441 [68d4f79f-8ed5-4598-b947-57f9bc979c0e@group-AC6A57830C75-FollowerState] INFO  server.RaftServer$Division (RaftServerImpl.java:setRole(284)) - 68d4f79f-8ed5-4598-b947-57f9bc979c0e@group-AC6A57830C75: changes role from  FOLLOWER to CANDIDATE at term 0 for changeToCandidate
2021-05-19 07:42:05,441 [68d4f79f-8ed5-4598-b947-57f9bc979c0e@group-AC6A57830C75-FollowerState] INFO  server.RaftServerConfigKeys (ConfUtils.java:logGet(44)) - raft.server.leaderelection.pre-vote = false (custom)
2021-05-19 07:42:05,441 [68d4f79f-8ed5-4598-b947-57f9bc979c0e@group-AC6A57830C75-FollowerState] INFO  impl.RoleInfo (RoleInfo.java:updateAndGet(130)) - 68d4f79f-8ed5-4598-b947-57f9bc979c0e: start 68d4f79f-8ed5-4598-b947-57f9bc979c0e@group-AC6A57830C75-LeaderElection38
2021-05-19 07:42:05,444 [68d4f79f-8ed5-4598-b947-57f9bc979c0e@group-AC6A57830C75-LeaderElection38] INFO  impl.LeaderElection (LeaderElection.java:askForVotes(306)) - 68d4f79f-8ed5-4598-b947-57f9bc979c0e@group-AC6A57830C75-LeaderElection38 ELECTION round 0: submit vote requests at term 1 for -1: [a14714da-c87c-4361-b393-7e96cf422ed7|rpc:172.17.0.2:45547|priority:0, 68d4f79f-8ed5-4598-b947-57f9bc979c0e|rpc:172.17.0.2:42729|priority:1, 8e81be81-8cf3-4cb2-af1f-2c1c9bc19b0e|rpc:172.17.0.2:41855|priority:0], old=null
2021-05-19 07:42:05,445 [grpc-default-executor-1] INFO  server.RaftServer$Division (RaftServerImpl.java:requestVote(1042)) - a14714da-c87c-4361-b393-7e96cf422ed7@group-AC6A57830C75: receive requestVote(ELECTION, 68d4f79f-8ed5-4598-b947-57f9bc979c0e, group-AC6A57830C75, 1, (t:0, i:0))
2021-05-19 07:42:05,445 [grpc-default-executor-1] INFO  impl.VoteContext (VoteContext.java:log(48)) - a14714da-c87c-4361-b393-7e96cf422ed7@group-AC6A57830C75-FOLLOWER: accept ELECTION from 68d4f79f-8ed5-4598-b947-57f9bc979c0e: our priority 0 <= candidate's priority 1
2021-05-19 07:42:05,445 [grpc-default-executor-1] INFO  server.RaftServer$Division (RaftServerImpl.java:setRole(284)) - a14714da-c87c-4361-b393-7e96cf422ed7@group-AC6A57830C75: changes role from  FOLLOWER to FOLLOWER at term 1 for candidate:68d4f79f-8ed5-4598-b947-57f9bc979c0e
2021-05-19 07:42:05,445 [grpc-default-executor-1] INFO  impl.RoleInfo (RoleInfo.java:shutdownFollowerState(108)) - a14714da-c87c-4361-b393-7e96cf422ed7: shutdown a14714da-c87c-4361-b393-7e96cf422ed7@group-AC6A57830C75-FollowerState
2021-05-19 07:42:05,445 [grpc-default-executor-1] INFO  impl.RoleInfo (RoleInfo.java:updateAndGet(130)) - a14714da-c87c-4361-b393-7e96cf422ed7: start a14714da-c87c-4361-b393-7e96cf422ed7@group-AC6A57830C75-FollowerState
2021-05-19 07:42:05,445 [a14714da-c87c-4361-b393-7e96cf422ed7@group-AC6A57830C75-FollowerState] INFO  impl.FollowerState (FollowerState.java:run(143)) - a14714da-c87c-4361-b393-7e96cf422ed7@group-AC6A57830C75-FollowerState was interrupted: {}
java.lang.InterruptedException: sleep interrupted
	at java.lang.Thread.sleep(Native Method)
	at java.lang.Thread.sleep(Thread.java:340)
	at java.util.concurrent.TimeUnit.sleep(TimeUnit.java:386)
	at org.apache.ratis.util.TimeDuration.sleep(TimeDuration.java:324)
	at org.apache.ratis.util.TimeDuration.sleep(TimeDuration.java:309)
	at org.apache.ratis.server.impl.FollowerState.run(FollowerState.java:118)
2021-05-19 07:42:05,446 [grpc-default-executor-3] INFO  server.RaftServer$Division (RaftServerImpl.java:requestVote(1042)) - 8e81be81-8cf3-4cb2-af1f-2c1c9bc19b0e@group-AC6A57830C75: receive requestVote(ELECTION, 68d4f79f-8ed5-4598-b947-57f9bc979c0e, group-AC6A57830C75, 1, (t:0, i:0))
2021-05-19 07:42:05,447 [grpc-default-executor-3] INFO  impl.VoteContext (VoteContext.java:log(48)) - 8e81be81-8cf3-4cb2-af1f-2c1c9bc19b0e@group-AC6A57830C75-FOLLOWER: accept ELECTION from 68d4f79f-8ed5-4598-b947-57f9bc979c0e: our priority 0 <= candidate's priority 1
2021-05-19 07:42:05,447 [grpc-default-executor-3] INFO  server.RaftServer$Division (RaftServerImpl.java:setRole(284)) - 8e81be81-8cf3-4cb2-af1f-2c1c9bc19b0e@group-AC6A57830C75: changes role from  FOLLOWER to FOLLOWER at term 1 for candidate:68d4f79f-8ed5-4598-b947-57f9bc979c0e
2021-05-19 07:42:05,447 [grpc-default-executor-3] INFO  impl.RoleInfo (RoleInfo.java:shutdownFollowerState(108)) - 8e81be81-8cf3-4cb2-af1f-2c1c9bc19b0e: shutdown 8e81be81-8cf3-4cb2-af1f-2c1c9bc19b0e@group-AC6A57830C75-FollowerState
2021-05-19 07:42:05,447 [8e81be81-8cf3-4cb2-af1f-2c1c9bc19b0e@group-AC6A57830C75-FollowerState] INFO  impl.FollowerState (FollowerState.java:run(143)) - 8e81be81-8cf3-4cb2-af1f-2c1c9bc19b0e@group-AC6A57830C75-FollowerState was interrupted: {}
java.lang.InterruptedException: sleep interrupted
	at java.lang.Thread.sleep(Native Method)
	at java.lang.Thread.sleep(Thread.java:340)
	at java.util.concurrent.TimeUnit.sleep(TimeUnit.java:386)
	at org.apache.ratis.util.TimeDuration.sleep(TimeDuration.java:324)
	at org.apache.ratis.util.TimeDuration.sleep(TimeDuration.java:309)
	at org.apache.ratis.server.impl.FollowerState.run(FollowerState.java:118)
2021-05-19 07:42:05,447 [grpc-default-executor-1] INFO  server.RaftServer$Division (RaftServerImpl.java:requestVote(1074)) - a14714da-c87c-4361-b393-7e96cf422ed7@group-AC6A57830C75 replies to ELECTION vote request: 68d4f79f-8ed5-4598-b947-57f9bc979c0e<-a14714da-c87c-4361-b393-7e96cf422ed7#0:OK-t1. Peer's state: a14714da-c87c-4361-b393-7e96cf422ed7@group-AC6A57830C75:t1, leader=null, voted=68d4f79f-8ed5-4598-b947-57f9bc979c0e, raftlog=a14714da-c87c-4361-b393-7e96cf422ed7@group-AC6A57830C75-SegmentedRaftLog:OPENED:c-1,f-1,i0, conf=-1: [a14714da-c87c-4361-b393-7e96cf422ed7|rpc:172.17.0.2:45547|dataStream:|priority:0, 68d4f79f-8ed5-4598-b947-57f9bc979c0e|rpc:172.17.0.2:42729|dataStream:|priority:1, 8e81be81-8cf3-4cb2-af1f-2c1c9bc19b0e|rpc:172.17.0.2:41855|dataStream:|priority:0], old=null
2021-05-19 07:42:05,447 [grpc-default-executor-3] INFO  impl.RoleInfo (RoleInfo.java:updateAndGet(130)) - 8e81be81-8cf3-4cb2-af1f-2c1c9bc19b0e: start 8e81be81-8cf3-4cb2-af1f-2c1c9bc19b0e@group-AC6A57830C75-FollowerState
2021-05-19 07:42:05,449 [68d4f79f-8ed5-4598-b947-57f9bc979c0e@group-AC6A57830C75-LeaderElection38] INFO  impl.LeaderElection (LeaderElection.java:logAndReturn(89)) - 68d4f79f-8ed5-4598-b947-57f9bc979c0e@group-AC6A57830C75-LeaderElection38: ELECTION PASSED received 1 response(s) and 0 exception(s):
2021-05-19 07:42:05,449 [68d4f79f-8ed5-4598-b947-57f9bc979c0e@group-AC6A57830C75-LeaderElection38] INFO  impl.LeaderElection (LeaderElection.java:logAndReturn(93)) -   Response 0: 68d4f79f-8ed5-4598-b947-57f9bc979c0e<-a14714da-c87c-4361-b393-7e96cf422ed7#0:OK-t1
2021-05-19 07:42:05,449 [68d4f79f-8ed5-4598-b947-57f9bc979c0e@group-AC6A57830C75-LeaderElection38] INFO  impl.LeaderElection (LeaderElection.java:askForVotes(308)) - 68d4f79f-8ed5-4598-b947-57f9bc979c0e@group-AC6A57830C75-LeaderElection38 ELECTION round 0: result PASSED
2021-05-19 07:42:05,449 [68d4f79f-8ed5-4598-b947-57f9bc979c0e@group-AC6A57830C75-LeaderElection38] INFO  impl.RoleInfo (RoleInfo.java:shutdownLeaderElection(121)) - 68d4f79f-8ed5-4598-b947-57f9bc979c0e: shutdown 68d4f79f-8ed5-4598-b947-57f9bc979c0e@group-AC6A57830C75-LeaderElection38
2021-05-19 07:42:05,449 [68d4f79f-8ed5-4598-b947-57f9bc979c0e@group-AC6A57830C75-LeaderElection38] INFO  server.RaftServer$Division (RaftServerImpl.java:setRole(284)) - 68d4f79f-8ed5-4598-b947-57f9bc979c0e@group-AC6A57830C75: changes role from CANDIDATE to LEADER at term 1 for changeToLeader
2021-05-19 07:42:05,449 [68d4f79f-8ed5-4598-b947-57f9bc979c0e@group-AC6A57830C75-LeaderElection38] INFO  ratis.XceiverServerRatis (XceiverServerRatis.java:handleLeaderChangedNotification(906)) - Leader change notification received for group: group-AC6A57830C75 with new leaderId: 68d4f79f-8ed5-4598-b947-57f9bc979c0e
2021-05-19 07:42:05,449 [68d4f79f-8ed5-4598-b947-57f9bc979c0e@group-AC6A57830C75-LeaderElection38] INFO  server.RaftServer$Division (ServerState.java:setLeader(271)) - 68d4f79f-8ed5-4598-b947-57f9bc979c0e@group-AC6A57830C75: change Leader from null to 68d4f79f-8ed5-4598-b947-57f9bc979c0e at term 1 for becomeLeader, leader elected after 5080ms
2021-05-19 07:42:05,449 [68d4f79f-8ed5-4598-b947-57f9bc979c0e@group-AC6A57830C75-LeaderElection38] INFO  server.RaftServerConfigKeys (ConfUtils.java:logGet(44)) - raft.server.staging.catchup.gap = 1000 (default)
2021-05-19 07:42:05,449 [68d4f79f-8ed5-4598-b947-57f9bc979c0e@group-AC6A57830C75-LeaderElection38] INFO  metrics.RatisMetrics (RatisMetrics.java:lambda$create$0(36)) - Creating Metrics Registry : ratis.log_appender.68d4f79f-8ed5-4598-b947-57f9bc979c0e@group-AC6A57830C75
2021-05-19 07:42:05,449 [68d4f79f-8ed5-4598-b947-57f9bc979c0e@group-AC6A57830C75-LeaderElection38] INFO  server.RaftServerConfigKeys (ConfUtils.java:logGet(44)) - raft.server.write.element-limit = 1024 (custom)
2021-05-19 07:42:05,449 [68d4f79f-8ed5-4598-b947-57f9bc979c0e@group-AC6A57830C75-LeaderElection38] INFO  server.RaftServerConfigKeys (ConfUtils.java:logGet(44)) - raft.server.write.byte-limit = 1073741824 (custom)
2021-05-19 07:42:05,450 [68d4f79f-8ed5-4598-b947-57f9bc979c0e@group-AC6A57830C75-LeaderElection38] INFO  server.RaftServerConfigKeys (ConfUtils.java:logGet(44)) - raft.server.watch.timeout = 3000ms (custom)
2021-05-19 07:42:05,450 [68d4f79f-8ed5-4598-b947-57f9bc979c0e@group-AC6A57830C75-LeaderElection38] INFO  server.RaftServerConfigKeys (ConfUtils.java:logGet(44)) - raft.server.watch.timeout.denomination = 1s (default)
2021-05-19 07:42:05,450 [68d4f79f-8ed5-4598-b947-57f9bc979c0e@group-AC6A57830C75-LeaderElection38] INFO  server.RaftServerConfigKeys (ConfUtils.java:logGet(44)) - raft.server.watch.element-limit = 65536 (default)
2021-05-19 07:42:05,450 [68d4f79f-8ed5-4598-b947-57f9bc979c0e@group-AC6A57830C75-LeaderElection38] INFO  server.RaftServerConfigKeys (ConfUtils.java:logGet(44)) - raft.server.log.appender.snapshot.chunk.size.max = 16MB (=16777216) (default)
2021-05-19 07:42:05,450 [68d4f79f-8ed5-4598-b947-57f9bc979c0e@group-AC6A57830C75-LeaderElection38] INFO  server.RaftServerConfigKeys (ConfUtils.java:logGet(44)) - raft.server.log.appender.buffer.byte-limit = 33554432 (custom)
2021-05-19 07:42:05,450 [68d4f79f-8ed5-4598-b947-57f9bc979c0e@group-AC6A57830C75-LeaderElection38] INFO  server.RaftServerConfigKeys (ConfUtils.java:logGet(44)) - raft.server.log.appender.buffer.element-limit = 1 (custom)
2021-05-19 07:42:05,450 [68d4f79f-8ed5-4598-b947-57f9bc979c0e@group-AC6A57830C75-LeaderElection38] INFO  grpc.GrpcConfigKeys (ConfUtils.java:logGet(44)) - raft.grpc.server.leader.outstanding.appends.max = 128 (default)
2021-05-19 07:42:05,450 [68d4f79f-8ed5-4598-b947-57f9bc979c0e@group-AC6A57830C75-LeaderElection38] INFO  server.RaftServerConfigKeys (ConfUtils.java:logGet(44)) - raft.server.rpc.request.timeout = 3000ms (default)
2021-05-19 07:42:05,450 [68d4f79f-8ed5-4598-b947-57f9bc979c0e@group-AC6A57830C75-LeaderElection38] INFO  server.RaftServerConfigKeys (ConfUtils.java:logGet(44)) - raft.server.log.appender.install.snapshot.enabled = false (custom)
2021-05-19 07:42:05,450 [68d4f79f-8ed5-4598-b947-57f9bc979c0e@group-AC6A57830C75-LeaderElection38] INFO  metrics.RatisMetrics (RatisMetrics.java:lambda$create$0(36)) - Creating Metrics Registry : ratis_grpc.log_appender.68d4f79f-8ed5-4598-b947-57f9bc979c0e@group-AC6A57830C75
2021-05-19 07:42:05,451 [68d4f79f-8ed5-4598-b947-57f9bc979c0e@group-AC6A57830C75-LeaderElection38] INFO  server.RaftServerConfigKeys (ConfUtils.java:logGet(44)) - raft.server.log.appender.snapshot.chunk.size.max = 16MB (=16777216) (default)
2021-05-19 07:42:05,451 [68d4f79f-8ed5-4598-b947-57f9bc979c0e@group-AC6A57830C75-LeaderElection38] INFO  server.RaftServerConfigKeys (ConfUtils.java:logGet(44)) - raft.server.log.appender.buffer.byte-limit = 33554432 (custom)
2021-05-19 07:42:05,451 [68d4f79f-8ed5-4598-b947-57f9bc979c0e@group-AC6A57830C75-LeaderElection38] INFO  server.RaftServerConfigKeys (ConfUtils.java:logGet(44)) - raft.server.log.appender.buffer.element-limit = 1 (custom)
2021-05-19 07:42:05,451 [68d4f79f-8ed5-4598-b947-57f9bc979c0e@group-AC6A57830C75-LeaderElection38] INFO  grpc.GrpcConfigKeys (ConfUtils.java:logGet(44)) - raft.grpc.server.leader.outstanding.appends.max = 128 (default)
2021-05-19 07:42:05,451 [68d4f79f-8ed5-4598-b947-57f9bc979c0e@group-AC6A57830C75-LeaderElection38] INFO  server.RaftServerConfigKeys (ConfUtils.java:logGet(44)) - raft.server.rpc.request.timeout = 3000ms (default)
2021-05-19 07:42:05,451 [68d4f79f-8ed5-4598-b947-57f9bc979c0e@group-AC6A57830C75-LeaderElection38] INFO  server.RaftServerConfigKeys (ConfUtils.java:logGet(44)) - raft.server.log.appender.install.snapshot.enabled = false (custom)
2021-05-19 07:42:05,452 [68d4f79f-8ed5-4598-b947-57f9bc979c0e@group-4D2247FA29FE-FollowerState] INFO  impl.FollowerState (FollowerState.java:run(134)) - 68d4f79f-8ed5-4598-b947-57f9bc979c0e@group-4D2247FA29FE-FollowerState: change to CANDIDATE, lastRpcElapsedTime:5157419869ns, electionTimeout:5149ms
2021-05-19 07:42:05,452 [68d4f79f-8ed5-4598-b947-57f9bc979c0e@group-4D2247FA29FE-FollowerState] INFO  impl.RoleInfo (RoleInfo.java:shutdownFollowerState(108)) - 68d4f79f-8ed5-4598-b947-57f9bc979c0e: shutdown 68d4f79f-8ed5-4598-b947-57f9bc979c0e@group-4D2247FA29FE-FollowerState
2021-05-19 07:42:05,452 [68d4f79f-8ed5-4598-b947-57f9bc979c0e@group-4D2247FA29FE-FollowerState] INFO  server.RaftServer$Division (RaftServerImpl.java:setRole(284)) - 68d4f79f-8ed5-4598-b947-57f9bc979c0e@group-4D2247FA29FE: changes role from  FOLLOWER to CANDIDATE at term 0 for changeToCandidate
2021-05-19 07:42:05,452 [68d4f79f-8ed5-4598-b947-57f9bc979c0e@group-4D2247FA29FE-FollowerState] INFO  server.RaftServerConfigKeys (ConfUtils.java:logGet(44)) - raft.server.leaderelection.pre-vote = false (custom)
2021-05-19 07:42:05,452 [68d4f79f-8ed5-4598-b947-57f9bc979c0e@group-4D2247FA29FE-FollowerState] INFO  impl.RoleInfo (RoleInfo.java:updateAndGet(130)) - 68d4f79f-8ed5-4598-b947-57f9bc979c0e: start 68d4f79f-8ed5-4598-b947-57f9bc979c0e@group-4D2247FA29FE-LeaderElection39
2021-05-19 07:42:05,452 [grpc-default-executor-3] INFO  server.RaftServer$Division (RaftServerImpl.java:requestVote(1074)) - 8e81be81-8cf3-4cb2-af1f-2c1c9bc19b0e@group-AC6A57830C75 replies to ELECTION vote request: 68d4f79f-8ed5-4598-b947-57f9bc979c0e<-8e81be81-8cf3-4cb2-af1f-2c1c9bc19b0e#0:OK-t1. Peer's state: 8e81be81-8cf3-4cb2-af1f-2c1c9bc19b0e@group-AC6A57830C75:t1, leader=null, voted=68d4f79f-8ed5-4598-b947-57f9bc979c0e, raftlog=8e81be81-8cf3-4cb2-af1f-2c1c9bc19b0e@group-AC6A57830C75-SegmentedRaftLog:OPENED:c-1,f-1,i0, conf=-1: [a14714da-c87c-4361-b393-7e96cf422ed7|rpc:172.17.0.2:45547|dataStream:|priority:0, 68d4f79f-8ed5-4598-b947-57f9bc979c0e|rpc:172.17.0.2:42729|dataStream:|priority:1, 8e81be81-8cf3-4cb2-af1f-2c1c9bc19b0e|rpc:172.17.0.2:41855|dataStream:|priority:0], old=null
2021-05-19 07:42:05,453 [68d4f79f-8ed5-4598-b947-57f9bc979c0e@group-AC6A57830C75-LeaderElection38] INFO  impl.RoleInfo (RoleInfo.java:updateAndGet(130)) - 68d4f79f-8ed5-4598-b947-57f9bc979c0e: start 68d4f79f-8ed5-4598-b947-57f9bc979c0e@group-AC6A57830C75-LeaderStateImpl
2021-05-19 07:42:05,453 [68d4f79f-8ed5-4598-b947-57f9bc979c0e@group-AC6A57830C75-LeaderElection38] INFO  segmented.SegmentedRaftLogWorker (SegmentedRaftLogWorker.java:startLogSegment(394)) - 68d4f79f-8ed5-4598-b947-57f9bc979c0e@group-AC6A57830C75-SegmentedRaftLogWorker: Starting segment from index:0
2021-05-19 07:42:05,454 [EventQueue-PipelineReportForPipelineReportHandler] INFO  pipeline.PipelineManagerV2Impl (PipelineManagerV2Impl.java:openPipeline(270)) - Pipeline Pipeline[ Id: b2b3615b-70b0-4c95-a861-ac6a57830c75, Nodes: 68d4f79f-8ed5-4598-b947-57f9bc979c0e{ip: 172.17.0.2, host: 3974e5c036b4, ports: [REPLICATION=43949, RATIS=42729, RATIS_ADMIN=42729, RATIS_SERVER=42729, STANDALONE=34701], networkLocation: /default-rack, certSerialId: null, persistedOpState: IN_SERVICE, persistedOpStateExpiryEpochSec: 0}a14714da-c87c-4361-b393-7e96cf422ed7{ip: 172.17.0.2, host: 3974e5c036b4, ports: [REPLICATION=40039, RATIS=45547, RATIS_ADMIN=45547, RATIS_SERVER=45547, STANDALONE=44867], networkLocation: /default-rack, certSerialId: null, persistedOpState: IN_SERVICE, persistedOpStateExpiryEpochSec: 0}8e81be81-8cf3-4cb2-af1f-2c1c9bc19b0e{ip: 172.17.0.2, host: 3974e5c036b4, ports: [REPLICATION=33707, RATIS=41855, RATIS_ADMIN=41855, RATIS_SERVER=41855, STANDALONE=33695], networkLocation: /default-rack, certSerialId: null, persistedOpState: IN_SERVICE, persistedOpStateExpiryEpochSec: 0}, ReplicationConfig: RATIS/THREE, State:ALLOCATED, leaderId:68d4f79f-8ed5-4598-b947-57f9bc979c0e, CreationTimestamp2021-05-19T07:41:57.687Z] moved to OPEN state
2021-05-19 07:42:05,462 [68d4f79f-8ed5-4598-b947-57f9bc979c0e@group-AC6A57830C75-SegmentedRaftLogWorker] INFO  segmented.SegmentedRaftLogWorker (SegmentedRaftLogWorker.java:execute(601)) - 68d4f79f-8ed5-4598-b947-57f9bc979c0e@group-AC6A57830C75-SegmentedRaftLogWorker: created new log segment /github/workspace/mnt/ozone/hadoop-ozone/integration-test/target/test-dir/MiniOzoneClusterImpl-952c9dfc-8967-4523-b06f-60d3bd5de2bf/datanode-0/data/ratis/b2b3615b-70b0-4c95-a861-ac6a57830c75/current/log_inprogress_0
2021-05-19 07:42:05,463 [68d4f79f-8ed5-4598-b947-57f9bc979c0e@group-4D2247FA29FE-LeaderElection39] INFO  impl.LeaderElection (LeaderElection.java:askForVotes(306)) - 68d4f79f-8ed5-4598-b947-57f9bc979c0e@group-4D2247FA29FE-LeaderElection39 ELECTION round 0: submit vote requests at term 1 for -1: [68d4f79f-8ed5-4598-b947-57f9bc979c0e|rpc:172.17.0.2:42729|priority:1], old=null
2021-05-19 07:42:05,463 [68d4f79f-8ed5-4598-b947-57f9bc979c0e@group-4D2247FA29FE-LeaderElection39] INFO  impl.LeaderElection (LeaderElection.java:askForVotes(308)) - 68d4f79f-8ed5-4598-b947-57f9bc979c0e@group-4D2247FA29FE-LeaderElection39 ELECTION round 0: result PASSED (term=1)
2021-05-19 07:42:05,463 [68d4f79f-8ed5-4598-b947-57f9bc979c0e@group-4D2247FA29FE-LeaderElection39] INFO  impl.RoleInfo (RoleInfo.java:shutdownLeaderElection(121)) - 68d4f79f-8ed5-4598-b947-57f9bc979c0e: shutdown 68d4f79f-8ed5-4598-b947-57f9bc979c0e@group-4D2247FA29FE-LeaderElection39
2021-05-19 07:42:05,463 [68d4f79f-8ed5-4598-b947-57f9bc979c0e@group-4D2247FA29FE-LeaderElection39] INFO  server.RaftServer$Division (RaftServerImpl.java:setRole(284)) - 68d4f79f-8ed5-4598-b947-57f9bc979c0e@group-4D2247FA29FE: changes role from CANDIDATE to LEADER at term 1 for changeToLeader
2021-05-19 07:42:05,463 [68d4f79f-8ed5-4598-b947-57f9bc979c0e@group-4D2247FA29FE-LeaderElection39] INFO  ratis.XceiverServerRatis (XceiverServerRatis.java:handleLeaderChangedNotification(906)) - Leader change notification received for group: group-4D2247FA29FE with new leaderId: 68d4f79f-8ed5-4598-b947-57f9bc979c0e
2021-05-19 07:42:05,464 [68d4f79f-8ed5-4598-b947-57f9bc979c0e@group-4D2247FA29FE-LeaderElection39] INFO  server.RaftServer$Division (ServerState.java:setLeader(271)) - 68d4f79f-8ed5-4598-b947-57f9bc979c0e@group-4D2247FA29FE: change Leader from null to 68d4f79f-8ed5-4598-b947-57f9bc979c0e at term 1 for becomeLeader, leader elected after 5174ms
2021-05-19 07:42:05,464 [68d4f79f-8ed5-4598-b947-57f9bc979c0e@group-4D2247FA29FE-LeaderElection39] INFO  server.RaftServerConfigKeys (ConfUtils.java:logGet(44)) - raft.server.staging.catchup.gap = 1000 (default)
2021-05-19 07:42:05,465 [68d4f79f-8ed5-4598-b947-57f9bc979c0e@group-4D2247FA29FE-LeaderElection39] INFO  metrics.RatisMetrics (RatisMetrics.java:lambda$create$0(36)) - Creating Metrics Registry : ratis.log_appender.68d4f79f-8ed5-4598-b947-57f9bc979c0e@group-4D2247FA29FE
2021-05-19 07:42:05,465 [grpc-default-executor-1] INFO  ratis.XceiverServerRatis (XceiverServerRatis.java:handleLeaderChangedNotification(906)) - Leader change notification received for group: group-AC6A57830C75 with new leaderId: 68d4f79f-8ed5-4598-b947-57f9bc979c0e
2021-05-19 07:42:05,465 [68d4f79f-8ed5-4598-b947-57f9bc979c0e@group-4D2247FA29FE-LeaderElection39] INFO  server.RaftServerConfigKeys (ConfUtils.java:logGet(44)) - raft.server.write.element-limit = 1024 (custom)
2021-05-19 07:42:05,465 [68d4f79f-8ed5-4598-b947-57f9bc979c0e@group-4D2247FA29FE-LeaderElection39] INFO  server.RaftServerConfigKeys (ConfUtils.java:logGet(44)) - raft.server.write.byte-limit = 1073741824 (custom)
2021-05-19 07:42:05,465 [grpc-default-executor-1] INFO  server.RaftServer$Division (ServerState.java:setLeader(271)) - a14714da-c87c-4361-b393-7e96cf422ed7@group-AC6A57830C75: change Leader from null to 68d4f79f-8ed5-4598-b947-57f9bc979c0e at term 1 for appendEntries, leader elected after 5063ms
2021-05-19 07:42:05,465 [68d4f79f-8ed5-4598-b947-57f9bc979c0e@group-4D2247FA29FE-LeaderElection39] INFO  server.RaftServerConfigKeys (ConfUtils.java:logGet(44)) - raft.server.watch.timeout = 3000ms (custom)
2021-05-19 07:42:05,465 [68d4f79f-8ed5-4598-b947-57f9bc979c0e@group-4D2247FA29FE-LeaderElection39] INFO  server.RaftServerConfigKeys (ConfUtils.java:logGet(44)) - raft.server.watch.timeout.denomination = 1s (default)
2021-05-19 07:42:05,465 [68d4f79f-8ed5-4598-b947-57f9bc979c0e@group-4D2247FA29FE-LeaderElection39] INFO  server.RaftServerConfigKeys (ConfUtils.java:logGet(44)) - raft.server.watch.element-limit = 65536 (default)
2021-05-19 07:42:05,465 [68d4f79f-8ed5-4598-b947-57f9bc979c0e@group-4D2247FA29FE-LeaderElection39] INFO  impl.RoleInfo (RoleInfo.java:updateAndGet(130)) - 68d4f79f-8ed5-4598-b947-57f9bc979c0e: start 68d4f79f-8ed5-4598-b947-57f9bc979c0e@group-4D2247FA29FE-LeaderStateImpl
2021-05-19 07:42:05,467 [68d4f79f-8ed5-4598-b947-57f9bc979c0e@group-AC6A57830C75-LeaderElection38] INFO  server.RaftServer$Division (ServerState.java:setRaftConf(373)) - 68d4f79f-8ed5-4598-b947-57f9bc979c0e@group-AC6A57830C75: set configuration 0: [a14714da-c87c-4361-b393-7e96cf422ed7|rpc:172.17.0.2:45547|dataStream:|priority:0, 68d4f79f-8ed5-4598-b947-57f9bc979c0e|rpc:172.17.0.2:42729|dataStream:|priority:1, 8e81be81-8cf3-4cb2-af1f-2c1c9bc19b0e|rpc:172.17.0.2:41855|dataStream:|priority:0], old=null
2021-05-19 07:42:05,470 [grpc-default-executor-1] INFO  server.RaftServer$Division (ServerState.java:setRaftConf(373)) - a14714da-c87c-4361-b393-7e96cf422ed7@group-AC6A57830C75: set configuration 0: [a14714da-c87c-4361-b393-7e96cf422ed7|rpc:172.17.0.2:45547|dataStream:|priority:0, 68d4f79f-8ed5-4598-b947-57f9bc979c0e|rpc:172.17.0.2:42729|dataStream:|priority:1, 8e81be81-8cf3-4cb2-af1f-2c1c9bc19b0e|rpc:172.17.0.2:41855|dataStream:|priority:0], old=null
2021-05-19 07:42:05,471 [68d4f79f-8ed5-4598-b947-57f9bc979c0e@group-4D2247FA29FE-LeaderElection39] INFO  segmented.SegmentedRaftLogWorker (SegmentedRaftLogWorker.java:startLogSegment(394)) - 68d4f79f-8ed5-4598-b947-57f9bc979c0e@group-4D2247FA29FE-SegmentedRaftLogWorker: Starting segment from index:0
2021-05-19 07:42:05,472 [68d4f79f-8ed5-4598-b947-57f9bc979c0e@group-4D2247FA29FE-LeaderElection39] INFO  server.RaftServer$Division (ServerState.java:setRaftConf(373)) - 68d4f79f-8ed5-4598-b947-57f9bc979c0e@group-4D2247FA29FE: set configuration 0: [68d4f79f-8ed5-4598-b947-57f9bc979c0e|rpc:172.17.0.2:42729|dataStream:|priority:1], old=null
2021-05-19 07:42:05,473 [grpc-default-executor-1] INFO  segmented.SegmentedRaftLogWorker (SegmentedRaftLogWorker.java:startLogSegment(394)) - a14714da-c87c-4361-b393-7e96cf422ed7@group-AC6A57830C75-SegmentedRaftLogWorker: Starting segment from index:0
2021-05-19 07:42:05,475 [68d4f79f-8ed5-4598-b947-57f9bc979c0e@group-4D2247FA29FE-SegmentedRaftLogWorker] INFO  segmented.SegmentedRaftLogWorker (SegmentedRaftLogWorker.java:execute(601)) - 68d4f79f-8ed5-4598-b947-57f9bc979c0e@group-4D2247FA29FE-SegmentedRaftLogWorker: created new log segment /github/workspace/mnt/ozone/hadoop-ozone/integration-test/target/test-dir/MiniOzoneClusterImpl-952c9dfc-8967-4523-b06f-60d3bd5de2bf/datanode-0/data/ratis/83ce8431-c16c-455f-b32b-4d2247fa29fe/current/log_inprogress_0
2021-05-19 07:42:05,478 [a14714da-c87c-4361-b393-7e96cf422ed7@group-AC6A57830C75-SegmentedRaftLogWorker] INFO  segmented.SegmentedRaftLogWorker (SegmentedRaftLogWorker.java:execute(601)) - a14714da-c87c-4361-b393-7e96cf422ed7@group-AC6A57830C75-SegmentedRaftLogWorker: created new log segment /github/workspace/mnt/ozone/hadoop-ozone/integration-test/target/test-dir/MiniOzoneClusterImpl-952c9dfc-8967-4523-b06f-60d3bd5de2bf/datanode-2/data/ratis/b2b3615b-70b0-4c95-a861-ac6a57830c75/current/log_inprogress_0
2021-05-19 07:42:05,479 [grpc-default-executor-1] INFO  ratis.XceiverServerRatis (XceiverServerRatis.java:handleLeaderChangedNotification(906)) - Leader change notification received for group: group-AC6A57830C75 with new leaderId: 68d4f79f-8ed5-4598-b947-57f9bc979c0e
2021-05-19 07:42:05,479 [grpc-default-executor-1] INFO  server.RaftServer$Division (ServerState.java:setLeader(271)) - 8e81be81-8cf3-4cb2-af1f-2c1c9bc19b0e@group-AC6A57830C75: change Leader from null to 68d4f79f-8ed5-4598-b947-57f9bc979c0e at term 1 for appendEntries, leader elected after 5056ms
2021-05-19 07:42:05,487 [grpc-default-executor-1] INFO  server.RaftServer$Division (ServerState.java:setRaftConf(373)) - 8e81be81-8cf3-4cb2-af1f-2c1c9bc19b0e@group-AC6A57830C75: set configuration 0: [a14714da-c87c-4361-b393-7e96cf422ed7|rpc:172.17.0.2:45547|dataStream:|priority:0, 68d4f79f-8ed5-4598-b947-57f9bc979c0e|rpc:172.17.0.2:42729|dataStream:|priority:1, 8e81be81-8cf3-4cb2-af1f-2c1c9bc19b0e|rpc:172.17.0.2:41855|dataStream:|priority:0], old=null
2021-05-19 07:42:05,487 [grpc-default-executor-1] INFO  segmented.SegmentedRaftLogWorker (SegmentedRaftLogWorker.java:startLogSegment(394)) - 8e81be81-8cf3-4cb2-af1f-2c1c9bc19b0e@group-AC6A57830C75-SegmentedRaftLogWorker: Starting segment from index:0
2021-05-19 07:42:05,488 [8e81be81-8cf3-4cb2-af1f-2c1c9bc19b0e@group-AC6A57830C75-SegmentedRaftLogWorker] INFO  segmented.SegmentedRaftLogWorker (SegmentedRaftLogWorker.java:execute(601)) - 8e81be81-8cf3-4cb2-af1f-2c1c9bc19b0e@group-AC6A57830C75-SegmentedRaftLogWorker: created new log segment /github/workspace/mnt/ozone/hadoop-ozone/integration-test/target/test-dir/MiniOzoneClusterImpl-952c9dfc-8967-4523-b06f-60d3bd5de2bf/datanode-1/data/ratis/b2b3615b-70b0-4c95-a861-ac6a57830c75/current/log_inprogress_0
2021-05-19 07:42:05,497 [8e81be81-8cf3-4cb2-af1f-2c1c9bc19b0e@group-0ABA87D6A849-FollowerState] INFO  impl.FollowerState (FollowerState.java:run(134)) - 8e81be81-8cf3-4cb2-af1f-2c1c9bc19b0e@group-0ABA87D6A849-FollowerState: change to CANDIDATE, lastRpcElapsedTime:5000345870ns, electionTimeout:5000ms
2021-05-19 07:42:05,497 [8e81be81-8cf3-4cb2-af1f-2c1c9bc19b0e@group-0ABA87D6A849-FollowerState] INFO  impl.RoleInfo (RoleInfo.java:shutdownFollowerState(108)) - 8e81be81-8cf3-4cb2-af1f-2c1c9bc19b0e: shutdown 8e81be81-8cf3-4cb2-af1f-2c1c9bc19b0e@group-0ABA87D6A849-FollowerState
2021-05-19 07:42:05,497 [8e81be81-8cf3-4cb2-af1f-2c1c9bc19b0e@group-0ABA87D6A849-FollowerState] INFO  server.RaftServer$Division (RaftServerImpl.java:setRole(284)) - 8e81be81-8cf3-4cb2-af1f-2c1c9bc19b0e@group-0ABA87D6A849: changes role from  FOLLOWER to CANDIDATE at term 0 for changeToCandidate
2021-05-19 07:42:05,498 [8e81be81-8cf3-4cb2-af1f-2c1c9bc19b0e@group-0ABA87D6A849-FollowerState] INFO  server.RaftServerConfigKeys (ConfUtils.java:logGet(44)) - raft.server.leaderelection.pre-vote = false (custom)
2021-05-19 07:42:05,498 [8e81be81-8cf3-4cb2-af1f-2c1c9bc19b0e@group-0ABA87D6A849-FollowerState] INFO  impl.RoleInfo (RoleInfo.java:updateAndGet(130)) - 8e81be81-8cf3-4cb2-af1f-2c1c9bc19b0e: start 8e81be81-8cf3-4cb2-af1f-2c1c9bc19b0e@group-0ABA87D6A849-LeaderElection40
2021-05-19 07:42:05,500 [8e81be81-8cf3-4cb2-af1f-2c1c9bc19b0e@group-0ABA87D6A849-LeaderElection40] INFO  impl.LeaderElection (LeaderElection.java:askForVotes(306)) - 8e81be81-8cf3-4cb2-af1f-2c1c9bc19b0e@group-0ABA87D6A849-LeaderElection40 ELECTION round 0: submit vote requests at term 1 for -1: [8e81be81-8cf3-4cb2-af1f-2c1c9bc19b0e|rpc:172.17.0.2:41855|priority:1], old=null
2021-05-19 07:42:05,500 [8e81be81-8cf3-4cb2-af1f-2c1c9bc19b0e@group-0ABA87D6A849-LeaderElection40] INFO  impl.LeaderElection (LeaderElection.java:askForVotes(308)) - 8e81be81-8cf3-4cb2-af1f-2c1c9bc19b0e@group-0ABA87D6A849-LeaderElection40 ELECTION round 0: result PASSED (term=1)
2021-05-19 07:42:05,500 [8e81be81-8cf3-4cb2-af1f-2c1c9bc19b0e@group-0ABA87D6A849-LeaderElection40] INFO  impl.RoleInfo (RoleInfo.java:shutdownLeaderElection(121)) - 8e81be81-8cf3-4cb2-af1f-2c1c9bc19b0e: shutdown 8e81be81-8cf3-4cb2-af1f-2c1c9bc19b0e@group-0ABA87D6A849-LeaderElection40
2021-05-19 07:42:05,500 [8e81be81-8cf3-4cb2-af1f-2c1c9bc19b0e@group-0ABA87D6A849-LeaderElection40] INFO  server.RaftServer$Division (RaftServerImpl.java:setRole(284)) - 8e81be81-8cf3-4cb2-af1f-2c1c9bc19b0e@group-0ABA87D6A849: changes role from CANDIDATE to LEADER at term 1 for changeToLeader
2021-05-19 07:42:05,500 [8e81be81-8cf3-4cb2-af1f-2c1c9bc19b0e@group-0ABA87D6A849-LeaderElection40] INFO  ratis.XceiverServerRatis (XceiverServerRatis.java:handleLeaderChangedNotification(906)) - Leader change notification received for group: group-0ABA87D6A849 with new leaderId: 8e81be81-8cf3-4cb2-af1f-2c1c9bc19b0e
2021-05-19 07:42:05,500 [8e81be81-8cf3-4cb2-af1f-2c1c9bc19b0e@group-0ABA87D6A849-LeaderElection40] INFO  server.RaftServer$Division (ServerState.java:setLeader(271)) - 8e81be81-8cf3-4cb2-af1f-2c1c9bc19b0e@group-0ABA87D6A849: change Leader from null to 8e81be81-8cf3-4cb2-af1f-2c1c9bc19b0e at term 1 for becomeLeader, leader elected after 5013ms
2021-05-19 07:42:05,500 [8e81be81-8cf3-4cb2-af1f-2c1c9bc19b0e@group-0ABA87D6A849-LeaderElection40] INFO  server.RaftServerConfigKeys (ConfUtils.java:logGet(44)) - raft.server.staging.catchup.gap = 1000 (default)
2021-05-19 07:42:05,500 [8e81be81-8cf3-4cb2-af1f-2c1c9bc19b0e@group-0ABA87D6A849-LeaderElection40] INFO  metrics.RatisMetrics (RatisMetrics.java:lambda$create$0(36)) - Creating Metrics Registry : ratis.log_appender.8e81be81-8cf3-4cb2-af1f-2c1c9bc19b0e@group-0ABA87D6A849
2021-05-19 07:42:05,500 [8e81be81-8cf3-4cb2-af1f-2c1c9bc19b0e@group-0ABA87D6A849-LeaderElection40] INFO  server.RaftServerConfigKeys (ConfUtils.java:logGet(44)) - raft.server.write.element-limit = 1024 (custom)
2021-05-19 07:42:05,500 [8e81be81-8cf3-4cb2-af1f-2c1c9bc19b0e@group-0ABA87D6A849-LeaderElection40] INFO  server.RaftServerConfigKeys (ConfUtils.java:logGet(44)) - raft.server.write.byte-limit = 1073741824 (custom)
2021-05-19 07:42:05,501 [8e81be81-8cf3-4cb2-af1f-2c1c9bc19b0e@group-0ABA87D6A849-LeaderElection40] INFO  server.RaftServerConfigKeys (ConfUtils.java:logGet(44)) - raft.server.watch.timeout = 3000ms (custom)
2021-05-19 07:42:05,501 [8e81be81-8cf3-4cb2-af1f-2c1c9bc19b0e@group-0ABA87D6A849-LeaderElection40] INFO  server.RaftServerConfigKeys (ConfUtils.java:logGet(44)) - raft.server.watch.timeout.denomination = 1s (default)
2021-05-19 07:42:05,501 [8e81be81-8cf3-4cb2-af1f-2c1c9bc19b0e@group-0ABA87D6A849-LeaderElection40] INFO  server.RaftServerConfigKeys (ConfUtils.java:logGet(44)) - raft.server.watch.element-limit = 65536 (default)
2021-05-19 07:42:05,501 [8e81be81-8cf3-4cb2-af1f-2c1c9bc19b0e@group-0ABA87D6A849-LeaderElection40] INFO  impl.RoleInfo (RoleInfo.java:updateAndGet(130)) - 8e81be81-8cf3-4cb2-af1f-2c1c9bc19b0e: start 8e81be81-8cf3-4cb2-af1f-2c1c9bc19b0e@group-0ABA87D6A849-LeaderStateImpl
2021-05-19 07:42:05,501 [8e81be81-8cf3-4cb2-af1f-2c1c9bc19b0e@group-0ABA87D6A849-LeaderElection40] INFO  segmented.SegmentedRaftLogWorker (SegmentedRaftLogWorker.java:startLogSegment(394)) - 8e81be81-8cf3-4cb2-af1f-2c1c9bc19b0e@group-0ABA87D6A849-SegmentedRaftLogWorker: Starting segment from index:0
2021-05-19 07:42:05,506 [8e81be81-8cf3-4cb2-af1f-2c1c9bc19b0e@group-0ABA87D6A849-LeaderElection40] INFO  server.RaftServer$Division (ServerState.java:setRaftConf(373)) - 8e81be81-8cf3-4cb2-af1f-2c1c9bc19b0e@group-0ABA87D6A849: set configuration 0: [8e81be81-8cf3-4cb2-af1f-2c1c9bc19b0e|rpc:172.17.0.2:41855|dataStream:|priority:1], old=null
2021-05-19 07:42:05,507 [8e81be81-8cf3-4cb2-af1f-2c1c9bc19b0e@group-0ABA87D6A849-SegmentedRaftLogWorker] INFO  segmented.SegmentedRaftLogWorker (SegmentedRaftLogWorker.java:execute(601)) - 8e81be81-8cf3-4cb2-af1f-2c1c9bc19b0e@group-0ABA87D6A849-SegmentedRaftLogWorker: created new log segment /github/workspace/mnt/ozone/hadoop-ozone/integration-test/target/test-dir/MiniOzoneClusterImpl-952c9dfc-8967-4523-b06f-60d3bd5de2bf/datanode-1/data/ratis/b87480d2-548e-42a5-9717-0aba87d6a849/current/log_inprogress_0
2021-05-19 07:42:05,536 [Listener at 127.0.0.1/41639] INFO  ozone.MiniOzoneClusterImpl (MiniOzoneClusterImpl.java:lambda$waitForClusterToBeReady$0(224)) - Nodes are ready. Got 7 of 7 DN Heartbeats.
2021-05-19 07:42:05,536 [Listener at 127.0.0.1/41639] INFO  ozone.MiniOzoneClusterImpl (MiniOzoneClusterImpl.java:lambda$waitForClusterToBeReady$0(227)) - Cluster exits safe mode
2021-05-19 07:42:05,536 [Listener at 127.0.0.1/41639] INFO  ozone.MiniOzoneClusterImpl (MiniOzoneClusterImpl.java:lambda$waitForClusterToBeReady$0(230)) - SCM became leader
2021-05-19 07:42:05,544 [Listener at 127.0.0.1/41639] INFO  rpc.RpcClient (RpcClient.java:createVolume(336)) - Creating Volume: testblockoutputstream, with jenkins1001 as owner and space quota set to -1 bytes, counts quota set to -1
2021-05-19 07:42:05,547 [OM StateMachine ApplyTransaction Thread - 0] INFO  volume.OMVolumeCreateRequest (OMVolumeCreateRequest.java:validateAndUpdateCache(195)) - created volume:testblockoutputstream for user:jenkins1001
2021-05-19 07:42:05,564 [Listener at 127.0.0.1/41639] INFO  rpc.RpcClient (RpcClient.java:createBucket(495)) - Creating Bucket: testblockoutputstream/testblockoutputstream, with Versioning false and Storage Type set to DISK and Encryption set to false 
2021-05-19 07:42:05,578 [IPC Server handler 6 on default port 38881] INFO  ha.SequenceIdGenerator (SequenceIdGenerator.java:getNextId(127)) - Allocate a batch for containerId, change lastId from 0 to 1000.
2021-05-19 07:42:05,578 [IPC Server handler 6 on default port 38881] WARN  ha.SequenceIdGenerator (SequenceIdGenerator.java:allocateBatch(213)) - Failed to allocate a batch for localId, expected lastId is 0, actual lastId is 107544261427200000.
2021-05-19 07:42:05,578 [IPC Server handler 6 on default port 38881] INFO  ha.SequenceIdGenerator (SequenceIdGenerator.java:getNextId(127)) - Allocate a batch for localId, change lastId from 107544261427200000 to 107544261427201000.
2021-05-19 07:42:05,579 [68d4f79f-8ed5-4598-b947-57f9bc979c0e@group-76E48770978D-FollowerState] INFO  impl.FollowerState (FollowerState.java:run(134)) - 68d4f79f-8ed5-4598-b947-57f9bc979c0e@group-76E48770978D-FollowerState: change to CANDIDATE, lastRpcElapsedTime:5130563800ns, electionTimeout:5129ms
2021-05-19 07:42:05,579 [68d4f79f-8ed5-4598-b947-57f9bc979c0e@group-76E48770978D-FollowerState] INFO  impl.RoleInfo (RoleInfo.java:shutdownFollowerState(108)) - 68d4f79f-8ed5-4598-b947-57f9bc979c0e: shutdown 68d4f79f-8ed5-4598-b947-57f9bc979c0e@group-76E48770978D-FollowerState
2021-05-19 07:42:05,579 [68d4f79f-8ed5-4598-b947-57f9bc979c0e@group-76E48770978D-FollowerState] INFO  server.RaftServer$Division (RaftServerImpl.java:setRole(284)) - 68d4f79f-8ed5-4598-b947-57f9bc979c0e@group-76E48770978D: changes role from  FOLLOWER to CANDIDATE at term 0 for changeToCandidate
2021-05-19 07:42:05,579 [68d4f79f-8ed5-4598-b947-57f9bc979c0e@group-76E48770978D-FollowerState] INFO  server.RaftServerConfigKeys (ConfUtils.java:logGet(44)) - raft.server.leaderelection.pre-vote = false (custom)
2021-05-19 07:42:05,579 [68d4f79f-8ed5-4598-b947-57f9bc979c0e@group-76E48770978D-FollowerState] INFO  impl.RoleInfo (RoleInfo.java:updateAndGet(130)) - 68d4f79f-8ed5-4598-b947-57f9bc979c0e: start 68d4f79f-8ed5-4598-b947-57f9bc979c0e@group-76E48770978D-LeaderElection41
2021-05-19 07:42:05,584 [Listener at 127.0.0.1/41639] INFO  metrics.RatisMetrics (RatisMetrics.java:lambda$create$0(36)) - Creating Metrics Registry : ratis.client_message_metrics.client-9AF24076E08F->a14714da-c87c-4361-b393-7e96cf422ed7
2021-05-19 07:42:05,588 [68d4f79f-8ed5-4598-b947-57f9bc979c0e@group-76E48770978D-LeaderElection41] INFO  impl.LeaderElection (LeaderElection.java:askForVotes(306)) - 68d4f79f-8ed5-4598-b947-57f9bc979c0e@group-76E48770978D-LeaderElection41 ELECTION round 0: submit vote requests at term 1 for -1: [a14714da-c87c-4361-b393-7e96cf422ed7|rpc:172.17.0.2:45547|priority:0, 68d4f79f-8ed5-4598-b947-57f9bc979c0e|rpc:172.17.0.2:42729|priority:0, 8e81be81-8cf3-4cb2-af1f-2c1c9bc19b0e|rpc:172.17.0.2:41855|priority:1], old=null
2021-05-19 07:42:05,597 [grpc-default-executor-3] INFO  server.RaftServer$Division (RaftServerImpl.java:requestVote(1042)) - a14714da-c87c-4361-b393-7e96cf422ed7@group-76E48770978D: receive requestVote(ELECTION, 68d4f79f-8ed5-4598-b947-57f9bc979c0e, group-76E48770978D, 1, (t:0, i:0))
2021-05-19 07:42:05,598 [grpc-default-executor-3] INFO  impl.VoteContext (VoteContext.java:log(48)) - a14714da-c87c-4361-b393-7e96cf422ed7@group-76E48770978D-FOLLOWER: accept ELECTION from 68d4f79f-8ed5-4598-b947-57f9bc979c0e: our priority 0 <= candidate's priority 0
2021-05-19 07:42:05,598 [grpc-default-executor-3] INFO  server.RaftServer$Division (RaftServerImpl.java:setRole(284)) - a14714da-c87c-4361-b393-7e96cf422ed7@group-76E48770978D: changes role from  FOLLOWER to FOLLOWER at term 1 for candidate:68d4f79f-8ed5-4598-b947-57f9bc979c0e
2021-05-19 07:42:05,598 [grpc-default-executor-3] INFO  impl.RoleInfo (RoleInfo.java:shutdownFollowerState(108)) - a14714da-c87c-4361-b393-7e96cf422ed7: shutdown a14714da-c87c-4361-b393-7e96cf422ed7@group-76E48770978D-FollowerState
2021-05-19 07:42:05,598 [grpc-default-executor-3] INFO  impl.RoleInfo (RoleInfo.java:updateAndGet(130)) - a14714da-c87c-4361-b393-7e96cf422ed7: start a14714da-c87c-4361-b393-7e96cf422ed7@group-76E48770978D-FollowerState
2021-05-19 07:42:05,598 [a14714da-c87c-4361-b393-7e96cf422ed7@group-76E48770978D-FollowerState] INFO  impl.FollowerState (FollowerState.java:run(143)) - a14714da-c87c-4361-b393-7e96cf422ed7@group-76E48770978D-FollowerState was interrupted: {}
java.lang.InterruptedException: sleep interrupted
	at java.lang.Thread.sleep(Native Method)
	at java.lang.Thread.sleep(Thread.java:340)
	at java.util.concurrent.TimeUnit.sleep(TimeUnit.java:386)
	at org.apache.ratis.util.TimeDuration.sleep(TimeDuration.java:324)
	at org.apache.ratis.util.TimeDuration.sleep(TimeDuration.java:309)
	at org.apache.ratis.server.impl.FollowerState.run(FollowerState.java:118)
2021-05-19 07:42:05,599 [grpc-default-executor-1] INFO  server.RaftServer$Division (RaftServerImpl.java:requestVote(1042)) - 8e81be81-8cf3-4cb2-af1f-2c1c9bc19b0e@group-76E48770978D: receive requestVote(ELECTION, 68d4f79f-8ed5-4598-b947-57f9bc979c0e, group-76E48770978D, 1, (t:0, i:0))
2021-05-19 07:42:05,599 [grpc-default-executor-1] INFO  impl.VoteContext (VoteContext.java:log(48)) - 8e81be81-8cf3-4cb2-af1f-2c1c9bc19b0e@group-76E48770978D-FOLLOWER: reject ELECTION from 68d4f79f-8ed5-4598-b947-57f9bc979c0e: our priority 1 > candidate's priority 0
2021-05-19 07:42:05,599 [grpc-default-executor-1] INFO  server.RaftServer$Division (RaftServerImpl.java:setRole(284)) - 8e81be81-8cf3-4cb2-af1f-2c1c9bc19b0e@group-76E48770978D: changes role from  FOLLOWER to FOLLOWER at term 1 for candidate:68d4f79f-8ed5-4598-b947-57f9bc979c0e
2021-05-19 07:42:05,599 [grpc-default-executor-1] INFO  impl.RoleInfo (RoleInfo.java:shutdownFollowerState(108)) - 8e81be81-8cf3-4cb2-af1f-2c1c9bc19b0e: shutdown 8e81be81-8cf3-4cb2-af1f-2c1c9bc19b0e@group-76E48770978D-FollowerState
2021-05-19 07:42:05,600 [grpc-default-executor-1] INFO  impl.RoleInfo (RoleInfo.java:updateAndGet(130)) - 8e81be81-8cf3-4cb2-af1f-2c1c9bc19b0e: start 8e81be81-8cf3-4cb2-af1f-2c1c9bc19b0e@group-76E48770978D-FollowerState
2021-05-19 07:42:05,600 [8e81be81-8cf3-4cb2-af1f-2c1c9bc19b0e@group-76E48770978D-FollowerState] INFO  impl.FollowerState (FollowerState.java:run(143)) - 8e81be81-8cf3-4cb2-af1f-2c1c9bc19b0e@group-76E48770978D-FollowerState was interrupted: {}
java.lang.InterruptedException: sleep interrupted
	at java.lang.Thread.sleep(Native Method)
	at java.lang.Thread.sleep(Thread.java:340)
	at java.util.concurrent.TimeUnit.sleep(TimeUnit.java:386)
	at org.apache.ratis.util.TimeDuration.sleep(TimeDuration.java:324)
	at org.apache.ratis.util.TimeDuration.sleep(TimeDuration.java:309)
	at org.apache.ratis.server.impl.FollowerState.run(FollowerState.java:118)
2021-05-19 07:42:05,601 [grpc-default-executor-3] INFO  server.RaftServer$Division (RaftServerImpl.java:requestVote(1074)) - a14714da-c87c-4361-b393-7e96cf422ed7@group-76E48770978D replies to ELECTION vote request: 68d4f79f-8ed5-4598-b947-57f9bc979c0e<-a14714da-c87c-4361-b393-7e96cf422ed7#0:OK-t1. Peer's state: a14714da-c87c-4361-b393-7e96cf422ed7@group-76E48770978D:t1, leader=null, voted=68d4f79f-8ed5-4598-b947-57f9bc979c0e, raftlog=a14714da-c87c-4361-b393-7e96cf422ed7@group-76E48770978D-SegmentedRaftLog:OPENED:c-1,f-1,i0, conf=-1: [a14714da-c87c-4361-b393-7e96cf422ed7|rpc:172.17.0.2:45547|dataStream:|priority:0, 68d4f79f-8ed5-4598-b947-57f9bc979c0e|rpc:172.17.0.2:42729|dataStream:|priority:0, 8e81be81-8cf3-4cb2-af1f-2c1c9bc19b0e|rpc:172.17.0.2:41855|dataStream:|priority:1], old=null
2021-05-19 07:42:05,605 [grpc-default-executor-1] INFO  server.RaftServer$Division (RaftServerImpl.java:requestVote(1074)) - 8e81be81-8cf3-4cb2-af1f-2c1c9bc19b0e@group-76E48770978D replies to ELECTION vote request: 68d4f79f-8ed5-4598-b947-57f9bc979c0e<-8e81be81-8cf3-4cb2-af1f-2c1c9bc19b0e#0:FAIL-t1. Peer's state: 8e81be81-8cf3-4cb2-af1f-2c1c9bc19b0e@group-76E48770978D:t1, leader=null, voted=null, raftlog=8e81be81-8cf3-4cb2-af1f-2c1c9bc19b0e@group-76E48770978D-SegmentedRaftLog:OPENED:c-1,f-1,i0, conf=-1: [a14714da-c87c-4361-b393-7e96cf422ed7|rpc:172.17.0.2:45547|dataStream:|priority:0, 68d4f79f-8ed5-4598-b947-57f9bc979c0e|rpc:172.17.0.2:42729|dataStream:|priority:0, 8e81be81-8cf3-4cb2-af1f-2c1c9bc19b0e|rpc:172.17.0.2:41855|dataStream:|priority:1], old=null
2021-05-19 07:42:05,606 [68d4f79f-8ed5-4598-b947-57f9bc979c0e@group-76E48770978D-LeaderElection41] INFO  impl.LeaderElection (LeaderElection.java:logAndReturn(89)) - 68d4f79f-8ed5-4598-b947-57f9bc979c0e@group-76E48770978D-LeaderElection41: ELECTION REJECTED received 2 response(s) and 0 exception(s):
2021-05-19 07:42:05,606 [68d4f79f-8ed5-4598-b947-57f9bc979c0e@group-76E48770978D-LeaderElection41] INFO  impl.LeaderElection (LeaderElection.java:logAndReturn(93)) -   Response 0: 68d4f79f-8ed5-4598-b947-57f9bc979c0e<-a14714da-c87c-4361-b393-7e96cf422ed7#0:OK-t1
2021-05-19 07:42:05,606 [68d4f79f-8ed5-4598-b947-57f9bc979c0e@group-76E48770978D-LeaderElection41] INFO  impl.LeaderElection (LeaderElection.java:logAndReturn(93)) -   Response 1: 68d4f79f-8ed5-4598-b947-57f9bc979c0e<-8e81be81-8cf3-4cb2-af1f-2c1c9bc19b0e#0:FAIL-t1
2021-05-19 07:42:05,606 [68d4f79f-8ed5-4598-b947-57f9bc979c0e@group-76E48770978D-LeaderElection41] INFO  impl.LeaderElection (LeaderElection.java:askForVotes(308)) - 68d4f79f-8ed5-4598-b947-57f9bc979c0e@group-76E48770978D-LeaderElection41 ELECTION round 0: result REJECTED
2021-05-19 07:42:05,606 [68d4f79f-8ed5-4598-b947-57f9bc979c0e@group-76E48770978D-LeaderElection41] INFO  server.RaftServer$Division (RaftServerImpl.java:setRole(284)) - 68d4f79f-8ed5-4598-b947-57f9bc979c0e@group-76E48770978D: changes role from CANDIDATE to FOLLOWER at term 1 for REJECTED
2021-05-19 07:42:05,606 [68d4f79f-8ed5-4598-b947-57f9bc979c0e@group-76E48770978D-LeaderElection41] INFO  impl.RoleInfo (RoleInfo.java:shutdownLeaderElection(121)) - 68d4f79f-8ed5-4598-b947-57f9bc979c0e: shutdown 68d4f79f-8ed5-4598-b947-57f9bc979c0e@group-76E48770978D-LeaderElection41
2021-05-19 07:42:05,606 [68d4f79f-8ed5-4598-b947-57f9bc979c0e@group-76E48770978D-LeaderElection41] INFO  impl.RoleInfo (RoleInfo.java:updateAndGet(130)) - 68d4f79f-8ed5-4598-b947-57f9bc979c0e: start 68d4f79f-8ed5-4598-b947-57f9bc979c0e@group-76E48770978D-FollowerState
2021-05-19 07:42:05,708 [a14714da-c87c-4361-b393-7e96cf422ed7@group-CD7CE254A7B8-FollowerState] INFO  impl.FollowerState (FollowerState.java:run(134)) - a14714da-c87c-4361-b393-7e96cf422ed7@group-CD7CE254A7B8-FollowerState: change to CANDIDATE, lastRpcElapsedTime:5015365308ns, electionTimeout:5015ms
2021-05-19 07:42:05,708 [a14714da-c87c-4361-b393-7e96cf422ed7@group-CD7CE254A7B8-FollowerState] INFO  impl.RoleInfo (RoleInfo.java:shutdownFollowerState(108)) - a14714da-c87c-4361-b393-7e96cf422ed7: shutdown a14714da-c87c-4361-b393-7e96cf422ed7@group-CD7CE254A7B8-FollowerState
2021-05-19 07:42:05,708 [a14714da-c87c-4361-b393-7e96cf422ed7@group-CD7CE254A7B8-FollowerState] INFO  server.RaftServer$Division (RaftServerImpl.java:setRole(284)) - a14714da-c87c-4361-b393-7e96cf422ed7@group-CD7CE254A7B8: changes role from  FOLLOWER to CANDIDATE at term 0 for changeToCandidate
2021-05-19 07:42:05,708 [a14714da-c87c-4361-b393-7e96cf422ed7@group-CD7CE254A7B8-FollowerState] INFO  server.RaftServerConfigKeys (ConfUtils.java:logGet(44)) - raft.server.leaderelection.pre-vote = false (custom)
2021-05-19 07:42:05,708 [a14714da-c87c-4361-b393-7e96cf422ed7@group-CD7CE254A7B8-FollowerState] INFO  impl.RoleInfo (RoleInfo.java:updateAndGet(130)) - a14714da-c87c-4361-b393-7e96cf422ed7: start a14714da-c87c-4361-b393-7e96cf422ed7@group-CD7CE254A7B8-LeaderElection42
2021-05-19 07:42:05,711 [a14714da-c87c-4361-b393-7e96cf422ed7@group-CD7CE254A7B8-LeaderElection42] INFO  impl.LeaderElection (LeaderElection.java:askForVotes(306)) - a14714da-c87c-4361-b393-7e96cf422ed7@group-CD7CE254A7B8-LeaderElection42 ELECTION round 0: submit vote requests at term 1 for -1: [a14714da-c87c-4361-b393-7e96cf422ed7|rpc:172.17.0.2:45547|priority:1], old=null
2021-05-19 07:42:05,711 [a14714da-c87c-4361-b393-7e96cf422ed7@group-CD7CE254A7B8-LeaderElection42] INFO  impl.LeaderElection (LeaderElection.java:askForVotes(308)) - a14714da-c87c-4361-b393-7e96cf422ed7@group-CD7CE254A7B8-LeaderElection42 ELECTION round 0: result PASSED (term=1)
2021-05-19 07:42:05,711 [a14714da-c87c-4361-b393-7e96cf422ed7@group-CD7CE254A7B8-LeaderElection42] INFO  impl.RoleInfo (RoleInfo.java:shutdownLeaderElection(121)) - a14714da-c87c-4361-b393-7e96cf422ed7: shutdown a14714da-c87c-4361-b393-7e96cf422ed7@group-CD7CE254A7B8-LeaderElection42
2021-05-19 07:42:05,711 [a14714da-c87c-4361-b393-7e96cf422ed7@group-CD7CE254A7B8-LeaderElection42] INFO  server.RaftServer$Division (RaftServerImpl.java:setRole(284)) - a14714da-c87c-4361-b393-7e96cf422ed7@group-CD7CE254A7B8: changes role from CANDIDATE to LEADER at term 1 for changeToLeader
2021-05-19 07:42:05,711 [a14714da-c87c-4361-b393-7e96cf422ed7@group-CD7CE254A7B8-LeaderElection42] INFO  ratis.XceiverServerRatis (XceiverServerRatis.java:handleLeaderChangedNotification(906)) - Leader change notification received for group: group-CD7CE254A7B8 with new leaderId: a14714da-c87c-4361-b393-7e96cf422ed7
2021-05-19 07:42:05,712 [a14714da-c87c-4361-b393-7e96cf422ed7@group-CD7CE254A7B8-LeaderElection42] INFO  server.RaftServer$Division (ServerState.java:setLeader(271)) - a14714da-c87c-4361-b393-7e96cf422ed7@group-CD7CE254A7B8: change Leader from null to a14714da-c87c-4361-b393-7e96cf422ed7 at term 1 for becomeLeader, leader elected after 5024ms
2021-05-19 07:42:05,712 [a14714da-c87c-4361-b393-7e96cf422ed7@group-CD7CE254A7B8-LeaderElection42] INFO  server.RaftServerConfigKeys (ConfUtils.java:logGet(44)) - raft.server.staging.catchup.gap = 1000 (default)
2021-05-19 07:42:05,712 [a14714da-c87c-4361-b393-7e96cf422ed7@group-CD7CE254A7B8-LeaderElection42] INFO  metrics.RatisMetrics (RatisMetrics.java:lambda$create$0(36)) - Creating Metrics Registry : ratis.log_appender.a14714da-c87c-4361-b393-7e96cf422ed7@group-CD7CE254A7B8
2021-05-19 07:42:05,713 [a14714da-c87c-4361-b393-7e96cf422ed7@group-CD7CE254A7B8-LeaderElection42] INFO  server.RaftServerConfigKeys (ConfUtils.java:logGet(44)) - raft.server.write.element-limit = 1024 (custom)
2021-05-19 07:42:05,713 [a14714da-c87c-4361-b393-7e96cf422ed7@group-CD7CE254A7B8-LeaderElection42] INFO  server.RaftServerConfigKeys (ConfUtils.java:logGet(44)) - raft.server.write.byte-limit = 1073741824 (custom)
2021-05-19 07:42:05,713 [a14714da-c87c-4361-b393-7e96cf422ed7@group-CD7CE254A7B8-LeaderElection42] INFO  server.RaftServerConfigKeys (ConfUtils.java:logGet(44)) - raft.server.watch.timeout = 3000ms (custom)
2021-05-19 07:42:05,713 [a14714da-c87c-4361-b393-7e96cf422ed7@group-CD7CE254A7B8-LeaderElection42] INFO  server.RaftServerConfigKeys (ConfUtils.java:logGet(44)) - raft.server.watch.timeout.denomination = 1s (default)
2021-05-19 07:42:05,713 [a14714da-c87c-4361-b393-7e96cf422ed7@group-CD7CE254A7B8-LeaderElection42] INFO  server.RaftServerConfigKeys (ConfUtils.java:logGet(44)) - raft.server.watch.element-limit = 65536 (default)
2021-05-19 07:42:05,713 [a14714da-c87c-4361-b393-7e96cf422ed7@group-CD7CE254A7B8-LeaderElection42] INFO  impl.RoleInfo (RoleInfo.java:updateAndGet(130)) - a14714da-c87c-4361-b393-7e96cf422ed7: start a14714da-c87c-4361-b393-7e96cf422ed7@group-CD7CE254A7B8-LeaderStateImpl
2021-05-19 07:42:05,714 [a14714da-c87c-4361-b393-7e96cf422ed7@group-CD7CE254A7B8-LeaderElection42] INFO  segmented.SegmentedRaftLogWorker (SegmentedRaftLogWorker.java:startLogSegment(394)) - a14714da-c87c-4361-b393-7e96cf422ed7@group-CD7CE254A7B8-SegmentedRaftLogWorker: Starting segment from index:0
2021-05-19 07:42:05,715 [a14714da-c87c-4361-b393-7e96cf422ed7@group-CD7CE254A7B8-SegmentedRaftLogWorker] INFO  segmented.SegmentedRaftLogWorker (SegmentedRaftLogWorker.java:execute(601)) - a14714da-c87c-4361-b393-7e96cf422ed7@group-CD7CE254A7B8-SegmentedRaftLogWorker: created new log segment /github/workspace/mnt/ozone/hadoop-ozone/integration-test/target/test-dir/MiniOzoneClusterImpl-952c9dfc-8967-4523-b06f-60d3bd5de2bf/datanode-2/data/ratis/8c84198b-96dd-4712-91c9-cd7ce254a7b8/current/log_inprogress_0
2021-05-19 07:42:05,715 [a14714da-c87c-4361-b393-7e96cf422ed7@group-CD7CE254A7B8-LeaderElection42] INFO  server.RaftServer$Division (ServerState.java:setRaftConf(373)) - a14714da-c87c-4361-b393-7e96cf422ed7@group-CD7CE254A7B8: set configuration 0: [a14714da-c87c-4361-b393-7e96cf422ed7|rpc:172.17.0.2:45547|dataStream:|priority:1], old=null
2021-05-19 07:42:06,016 [37b2c1ee-956a-4dec-b232-912a6a25ff9b@group-03E6AD90B47F-FollowerState] INFO  impl.FollowerState (FollowerState.java:run(134)) - 37b2c1ee-956a-4dec-b232-912a6a25ff9b@group-03E6AD90B47F-FollowerState: change to CANDIDATE, lastRpcElapsedTime:5059933322ns, electionTimeout:5059ms
2021-05-19 07:42:06,017 [37b2c1ee-956a-4dec-b232-912a6a25ff9b@group-03E6AD90B47F-FollowerState] INFO  impl.RoleInfo (RoleInfo.java:shutdownFollowerState(108)) - 37b2c1ee-956a-4dec-b232-912a6a25ff9b: shutdown 37b2c1ee-956a-4dec-b232-912a6a25ff9b@group-03E6AD90B47F-FollowerState
2021-05-19 07:42:06,017 [37b2c1ee-956a-4dec-b232-912a6a25ff9b@group-03E6AD90B47F-FollowerState] INFO  server.RaftServer$Division (RaftServerImpl.java:setRole(284)) - 37b2c1ee-956a-4dec-b232-912a6a25ff9b@group-03E6AD90B47F: changes role from  FOLLOWER to CANDIDATE at term 0 for changeToCandidate
2021-05-19 07:42:06,018 [37b2c1ee-956a-4dec-b232-912a6a25ff9b@group-03E6AD90B47F-FollowerState] INFO  server.RaftServerConfigKeys (ConfUtils.java:logGet(44)) - raft.server.leaderelection.pre-vote = false (custom)
2021-05-19 07:42:06,018 [37b2c1ee-956a-4dec-b232-912a6a25ff9b@group-03E6AD90B47F-FollowerState] INFO  impl.RoleInfo (RoleInfo.java:updateAndGet(130)) - 37b2c1ee-956a-4dec-b232-912a6a25ff9b: start 37b2c1ee-956a-4dec-b232-912a6a25ff9b@group-03E6AD90B47F-LeaderElection43
2021-05-19 07:42:06,021 [37b2c1ee-956a-4dec-b232-912a6a25ff9b@group-03E6AD90B47F-LeaderElection43] INFO  impl.LeaderElection (LeaderElection.java:askForVotes(306)) - 37b2c1ee-956a-4dec-b232-912a6a25ff9b@group-03E6AD90B47F-LeaderElection43 ELECTION round 0: submit vote requests at term 1 for -1: [37b2c1ee-956a-4dec-b232-912a6a25ff9b|rpc:172.17.0.2:35677|priority:0, 9d983546-4247-4c0f-83b0-40f69e4f4d28|rpc:172.17.0.2:36963|priority:1, a4ee1d3f-5505-4afe-8a03-746b4b90cef8|rpc:172.17.0.2:46809|priority:0], old=null
2021-05-19 07:42:06,027 [grpc-default-executor-1] INFO  server.RaftServer$Division (RaftServerImpl.java:requestVote(1042)) - a4ee1d3f-5505-4afe-8a03-746b4b90cef8@group-03E6AD90B47F: receive requestVote(ELECTION, 37b2c1ee-956a-4dec-b232-912a6a25ff9b, group-03E6AD90B47F, 1, (t:0, i:0))
2021-05-19 07:42:06,027 [grpc-default-executor-1] INFO  impl.VoteContext (VoteContext.java:log(48)) - a4ee1d3f-5505-4afe-8a03-746b4b90cef8@group-03E6AD90B47F-FOLLOWER: accept ELECTION from 37b2c1ee-956a-4dec-b232-912a6a25ff9b: our priority 0 <= candidate's priority 0
2021-05-19 07:42:06,028 [grpc-default-executor-1] INFO  server.RaftServer$Division (RaftServerImpl.java:setRole(284)) - a4ee1d3f-5505-4afe-8a03-746b4b90cef8@group-03E6AD90B47F: changes role from  FOLLOWER to FOLLOWER at term 1 for candidate:37b2c1ee-956a-4dec-b232-912a6a25ff9b
2021-05-19 07:42:06,028 [grpc-default-executor-1] INFO  impl.RoleInfo (RoleInfo.java:shutdownFollowerState(108)) - a4ee1d3f-5505-4afe-8a03-746b4b90cef8: shutdown a4ee1d3f-5505-4afe-8a03-746b4b90cef8@group-03E6AD90B47F-FollowerState
2021-05-19 07:42:06,028 [grpc-default-executor-1] INFO  impl.RoleInfo (RoleInfo.java:updateAndGet(130)) - a4ee1d3f-5505-4afe-8a03-746b4b90cef8: start a4ee1d3f-5505-4afe-8a03-746b4b90cef8@group-03E6AD90B47F-FollowerState
2021-05-19 07:42:06,028 [a4ee1d3f-5505-4afe-8a03-746b4b90cef8@group-03E6AD90B47F-FollowerState] INFO  impl.FollowerState (FollowerState.java:run(143)) - a4ee1d3f-5505-4afe-8a03-746b4b90cef8@group-03E6AD90B47F-FollowerState was interrupted: {}
java.lang.InterruptedException: sleep interrupted
	at java.lang.Thread.sleep(Native Method)
	at java.lang.Thread.sleep(Thread.java:340)
	at java.util.concurrent.TimeUnit.sleep(TimeUnit.java:386)
	at org.apache.ratis.util.TimeDuration.sleep(TimeDuration.java:324)
	at org.apache.ratis.util.TimeDuration.sleep(TimeDuration.java:309)
	at org.apache.ratis.server.impl.FollowerState.run(FollowerState.java:118)
2021-05-19 07:42:06,028 [grpc-default-executor-2] INFO  server.RaftServer$Division (RaftServerImpl.java:requestVote(1042)) - 9d983546-4247-4c0f-83b0-40f69e4f4d28@group-03E6AD90B47F: receive requestVote(ELECTION, 37b2c1ee-956a-4dec-b232-912a6a25ff9b, group-03E6AD90B47F, 1, (t:0, i:0))
2021-05-19 07:42:06,028 [grpc-default-executor-2] INFO  impl.VoteContext (VoteContext.java:log(48)) - 9d983546-4247-4c0f-83b0-40f69e4f4d28@group-03E6AD90B47F-FOLLOWER: reject ELECTION from 37b2c1ee-956a-4dec-b232-912a6a25ff9b: our priority 1 > candidate's priority 0
2021-05-19 07:42:06,028 [grpc-default-executor-2] INFO  server.RaftServer$Division (RaftServerImpl.java:setRole(284)) - 9d983546-4247-4c0f-83b0-40f69e4f4d28@group-03E6AD90B47F: changes role from  FOLLOWER to FOLLOWER at term 1 for candidate:37b2c1ee-956a-4dec-b232-912a6a25ff9b
2021-05-19 07:42:06,028 [grpc-default-executor-2] INFO  impl.RoleInfo (RoleInfo.java:shutdownFollowerState(108)) - 9d983546-4247-4c0f-83b0-40f69e4f4d28: shutdown 9d983546-4247-4c0f-83b0-40f69e4f4d28@group-03E6AD90B47F-FollowerState
2021-05-19 07:42:06,029 [grpc-default-executor-2] INFO  impl.RoleInfo (RoleInfo.java:updateAndGet(130)) - 9d983546-4247-4c0f-83b0-40f69e4f4d28: start 9d983546-4247-4c0f-83b0-40f69e4f4d28@group-03E6AD90B47F-FollowerState
2021-05-19 07:42:06,029 [9d983546-4247-4c0f-83b0-40f69e4f4d28@group-03E6AD90B47F-FollowerState] INFO  impl.FollowerState (FollowerState.java:run(143)) - 9d983546-4247-4c0f-83b0-40f69e4f4d28@group-03E6AD90B47F-FollowerState was interrupted: {}
java.lang.InterruptedException: sleep interrupted
	at java.lang.Thread.sleep(Native Method)
	at java.lang.Thread.sleep(Thread.java:340)
	at java.util.concurrent.TimeUnit.sleep(TimeUnit.java:386)
	at org.apache.ratis.util.TimeDuration.sleep(TimeDuration.java:324)
	at org.apache.ratis.util.TimeDuration.sleep(TimeDuration.java:309)
	at org.apache.ratis.server.impl.FollowerState.run(FollowerState.java:118)
2021-05-19 07:42:06,030 [grpc-default-executor-1] INFO  server.RaftServer$Division (RaftServerImpl.java:requestVote(1074)) - a4ee1d3f-5505-4afe-8a03-746b4b90cef8@group-03E6AD90B47F replies to ELECTION vote request: 37b2c1ee-956a-4dec-b232-912a6a25ff9b<-a4ee1d3f-5505-4afe-8a03-746b4b90cef8#0:OK-t1. Peer's state: a4ee1d3f-5505-4afe-8a03-746b4b90cef8@group-03E6AD90B47F:t1, leader=null, voted=37b2c1ee-956a-4dec-b232-912a6a25ff9b, raftlog=a4ee1d3f-5505-4afe-8a03-746b4b90cef8@group-03E6AD90B47F-SegmentedRaftLog:OPENED:c-1,f-1,i0, conf=-1: [37b2c1ee-956a-4dec-b232-912a6a25ff9b|rpc:172.17.0.2:35677|dataStream:|priority:0, 9d983546-4247-4c0f-83b0-40f69e4f4d28|rpc:172.17.0.2:36963|dataStream:|priority:1, a4ee1d3f-5505-4afe-8a03-746b4b90cef8|rpc:172.17.0.2:46809|dataStream:|priority:0], old=null
2021-05-19 07:42:06,030 [grpc-default-executor-2] INFO  server.RaftServer$Division (RaftServerImpl.java:requestVote(1074)) - 9d983546-4247-4c0f-83b0-40f69e4f4d28@group-03E6AD90B47F replies to ELECTION vote request: 37b2c1ee-956a-4dec-b232-912a6a25ff9b<-9d983546-4247-4c0f-83b0-40f69e4f4d28#0:FAIL-t1. Peer's state: 9d983546-4247-4c0f-83b0-40f69e4f4d28@group-03E6AD90B47F:t1, leader=null, voted=null, raftlog=9d983546-4247-4c0f-83b0-40f69e4f4d28@group-03E6AD90B47F-SegmentedRaftLog:OPENED:c-1,f-1,i0, conf=-1: [37b2c1ee-956a-4dec-b232-912a6a25ff9b|rpc:172.17.0.2:35677|dataStream:|priority:0, 9d983546-4247-4c0f-83b0-40f69e4f4d28|rpc:172.17.0.2:36963|dataStream:|priority:1, a4ee1d3f-5505-4afe-8a03-746b4b90cef8|rpc:172.17.0.2:46809|dataStream:|priority:0], old=null
2021-05-19 07:42:06,032 [37b2c1ee-956a-4dec-b232-912a6a25ff9b@group-03E6AD90B47F-LeaderElection43] INFO  impl.LeaderElection (LeaderElection.java:logAndReturn(89)) - 37b2c1ee-956a-4dec-b232-912a6a25ff9b@group-03E6AD90B47F-LeaderElection43: ELECTION REJECTED received 1 response(s) and 0 exception(s):
2021-05-19 07:42:06,032 [37b2c1ee-956a-4dec-b232-912a6a25ff9b@group-03E6AD90B47F-LeaderElection43] INFO  impl.LeaderElection (LeaderElection.java:logAndReturn(93)) -   Response 0: 37b2c1ee-956a-4dec-b232-912a6a25ff9b<-9d983546-4247-4c0f-83b0-40f69e4f4d28#0:FAIL-t1
2021-05-19 07:42:06,032 [37b2c1ee-956a-4dec-b232-912a6a25ff9b@group-03E6AD90B47F-LeaderElection43] INFO  impl.LeaderElection (LeaderElection.java:askForVotes(308)) - 37b2c1ee-956a-4dec-b232-912a6a25ff9b@group-03E6AD90B47F-LeaderElection43 ELECTION round 0: result REJECTED
2021-05-19 07:42:06,032 [37b2c1ee-956a-4dec-b232-912a6a25ff9b@group-03E6AD90B47F-LeaderElection43] INFO  server.RaftServer$Division (RaftServerImpl.java:setRole(284)) - 37b2c1ee-956a-4dec-b232-912a6a25ff9b@group-03E6AD90B47F: changes role from CANDIDATE to FOLLOWER at term 1 for REJECTED
2021-05-19 07:42:06,032 [37b2c1ee-956a-4dec-b232-912a6a25ff9b@group-03E6AD90B47F-LeaderElection43] INFO  impl.RoleInfo (RoleInfo.java:shutdownLeaderElection(121)) - 37b2c1ee-956a-4dec-b232-912a6a25ff9b: shutdown 37b2c1ee-956a-4dec-b232-912a6a25ff9b@group-03E6AD90B47F-LeaderElection43
2021-05-19 07:42:06,032 [37b2c1ee-956a-4dec-b232-912a6a25ff9b@group-03E6AD90B47F-LeaderElection43] INFO  impl.RoleInfo (RoleInfo.java:updateAndGet(130)) - 37b2c1ee-956a-4dec-b232-912a6a25ff9b: start 37b2c1ee-956a-4dec-b232-912a6a25ff9b@group-03E6AD90B47F-FollowerState
2021-05-19 07:42:06,103 [9d983546-4247-4c0f-83b0-40f69e4f4d28@group-B061D1CC775E-FollowerState] INFO  impl.FollowerState (FollowerState.java:run(134)) - 9d983546-4247-4c0f-83b0-40f69e4f4d28@group-B061D1CC775E-FollowerState: change to CANDIDATE, lastRpcElapsedTime:5067620641ns, electionTimeout:5061ms
2021-05-19 07:42:06,104 [9d983546-4247-4c0f-83b0-40f69e4f4d28@group-B061D1CC775E-FollowerState] INFO  impl.RoleInfo (RoleInfo.java:shutdownFollowerState(108)) - 9d983546-4247-4c0f-83b0-40f69e4f4d28: shutdown 9d983546-4247-4c0f-83b0-40f69e4f4d28@group-B061D1CC775E-FollowerState
2021-05-19 07:42:06,104 [9d983546-4247-4c0f-83b0-40f69e4f4d28@group-B061D1CC775E-FollowerState] INFO  server.RaftServer$Division (RaftServerImpl.java:setRole(284)) - 9d983546-4247-4c0f-83b0-40f69e4f4d28@group-B061D1CC775E: changes role from  FOLLOWER to CANDIDATE at term 0 for changeToCandidate
2021-05-19 07:42:06,105 [9d983546-4247-4c0f-83b0-40f69e4f4d28@group-B061D1CC775E-FollowerState] INFO  server.RaftServerConfigKeys (ConfUtils.java:logGet(44)) - raft.server.leaderelection.pre-vote = false (custom)
2021-05-19 07:42:06,105 [9d983546-4247-4c0f-83b0-40f69e4f4d28@group-B061D1CC775E-FollowerState] INFO  impl.RoleInfo (RoleInfo.java:updateAndGet(130)) - 9d983546-4247-4c0f-83b0-40f69e4f4d28: start 9d983546-4247-4c0f-83b0-40f69e4f4d28@group-B061D1CC775E-LeaderElection44
2021-05-19 07:42:06,107 [9d983546-4247-4c0f-83b0-40f69e4f4d28@group-B061D1CC775E-LeaderElection44] INFO  impl.LeaderElection (LeaderElection.java:askForVotes(306)) - 9d983546-4247-4c0f-83b0-40f69e4f4d28@group-B061D1CC775E-LeaderElection44 ELECTION round 0: submit vote requests at term 1 for -1: [37b2c1ee-956a-4dec-b232-912a6a25ff9b|rpc:172.17.0.2:35677|dataStream:|priority:0, 9d983546-4247-4c0f-83b0-40f69e4f4d28|rpc:172.17.0.2:36963|dataStream:|priority:0, a4ee1d3f-5505-4afe-8a03-746b4b90cef8|rpc:172.17.0.2:46809|dataStream:|priority:1], old=null
2021-05-19 07:42:06,113 [grpc-default-executor-2] INFO  server.RaftServer$Division (RaftServerImpl.java:requestVote(1042)) - a4ee1d3f-5505-4afe-8a03-746b4b90cef8@group-B061D1CC775E: receive requestVote(ELECTION, 9d983546-4247-4c0f-83b0-40f69e4f4d28, group-B061D1CC775E, 1, (t:0, i:0))
2021-05-19 07:42:06,113 [grpc-default-executor-2] INFO  impl.VoteContext (VoteContext.java:log(48)) - a4ee1d3f-5505-4afe-8a03-746b4b90cef8@group-B061D1CC775E-FOLLOWER: reject ELECTION from 9d983546-4247-4c0f-83b0-40f69e4f4d28: our priority 1 > candidate's priority 0
2021-05-19 07:42:06,113 [grpc-default-executor-2] INFO  server.RaftServer$Division (RaftServerImpl.java:setRole(284)) - a4ee1d3f-5505-4afe-8a03-746b4b90cef8@group-B061D1CC775E: changes role from  FOLLOWER to FOLLOWER at term 1 for candidate:9d983546-4247-4c0f-83b0-40f69e4f4d28
2021-05-19 07:42:06,113 [grpc-default-executor-2] INFO  impl.RoleInfo (RoleInfo.java:shutdownFollowerState(108)) - a4ee1d3f-5505-4afe-8a03-746b4b90cef8: shutdown a4ee1d3f-5505-4afe-8a03-746b4b90cef8@group-B061D1CC775E-FollowerState
2021-05-19 07:42:06,113 [grpc-default-executor-2] INFO  impl.RoleInfo (RoleInfo.java:updateAndGet(130)) - a4ee1d3f-5505-4afe-8a03-746b4b90cef8: start a4ee1d3f-5505-4afe-8a03-746b4b90cef8@group-B061D1CC775E-FollowerState
2021-05-19 07:42:06,113 [a4ee1d3f-5505-4afe-8a03-746b4b90cef8@group-B061D1CC775E-FollowerState] INFO  impl.FollowerState (FollowerState.java:run(143)) - a4ee1d3f-5505-4afe-8a03-746b4b90cef8@group-B061D1CC775E-FollowerState was interrupted: {}
java.lang.InterruptedException: sleep interrupted
	at java.lang.Thread.sleep(Native Method)
	at java.lang.Thread.sleep(Thread.java:340)
	at java.util.concurrent.TimeUnit.sleep(TimeUnit.java:386)
	at org.apache.ratis.util.TimeDuration.sleep(TimeDuration.java:324)
	at org.apache.ratis.util.TimeDuration.sleep(TimeDuration.java:309)
	at org.apache.ratis.server.impl.FollowerState.run(FollowerState.java:118)
2021-05-19 07:42:06,113 [grpc-default-executor-1] INFO  metrics.RatisMetrics (RatisMetrics.java:lambda$create$0(36)) - Creating Metrics Registry : ratis.server_message_metrics.37b2c1ee-956a-4dec-b232-912a6a25ff9b
2021-05-19 07:42:06,114 [grpc-default-executor-1] INFO  server.RaftServer$Division (RaftServerImpl.java:requestVote(1042)) - 37b2c1ee-956a-4dec-b232-912a6a25ff9b@group-B061D1CC775E: receive requestVote(ELECTION, 9d983546-4247-4c0f-83b0-40f69e4f4d28, group-B061D1CC775E, 1, (t:0, i:0))
2021-05-19 07:42:06,114 [grpc-default-executor-1] INFO  impl.VoteContext (VoteContext.java:log(48)) - 37b2c1ee-956a-4dec-b232-912a6a25ff9b@group-B061D1CC775E-FOLLOWER: accept ELECTION from 9d983546-4247-4c0f-83b0-40f69e4f4d28: our priority 0 <= candidate's priority 0
2021-05-19 07:42:06,114 [grpc-default-executor-1] INFO  server.RaftServer$Division (RaftServerImpl.java:setRole(284)) - 37b2c1ee-956a-4dec-b232-912a6a25ff9b@group-B061D1CC775E: changes role from  FOLLOWER to FOLLOWER at term 1 for candidate:9d983546-4247-4c0f-83b0-40f69e4f4d28
2021-05-19 07:42:06,114 [grpc-default-executor-2] INFO  server.RaftServer$Division (RaftServerImpl.java:requestVote(1074)) - a4ee1d3f-5505-4afe-8a03-746b4b90cef8@group-B061D1CC775E replies to ELECTION vote request: 9d983546-4247-4c0f-83b0-40f69e4f4d28<-a4ee1d3f-5505-4afe-8a03-746b4b90cef8#0:FAIL-t1. Peer's state: a4ee1d3f-5505-4afe-8a03-746b4b90cef8@group-B061D1CC775E:t1, leader=null, voted=null, raftlog=a4ee1d3f-5505-4afe-8a03-746b4b90cef8@group-B061D1CC775E-SegmentedRaftLog:OPENED:c-1,f-1,i0, conf=-1: [37b2c1ee-956a-4dec-b232-912a6a25ff9b|rpc:172.17.0.2:35677|dataStream:|priority:0, 9d983546-4247-4c0f-83b0-40f69e4f4d28|rpc:172.17.0.2:36963|dataStream:|priority:0, a4ee1d3f-5505-4afe-8a03-746b4b90cef8|rpc:172.17.0.2:46809|dataStream:|priority:1], old=null
2021-05-19 07:42:06,114 [grpc-default-executor-1] INFO  impl.RoleInfo (RoleInfo.java:shutdownFollowerState(108)) - 37b2c1ee-956a-4dec-b232-912a6a25ff9b: shutdown 37b2c1ee-956a-4dec-b232-912a6a25ff9b@group-B061D1CC775E-FollowerState
2021-05-19 07:42:06,114 [grpc-default-executor-1] INFO  impl.RoleInfo (RoleInfo.java:updateAndGet(130)) - 37b2c1ee-956a-4dec-b232-912a6a25ff9b: start 37b2c1ee-956a-4dec-b232-912a6a25ff9b@group-B061D1CC775E-FollowerState
2021-05-19 07:42:06,114 [37b2c1ee-956a-4dec-b232-912a6a25ff9b@group-B061D1CC775E-FollowerState] INFO  impl.FollowerState (FollowerState.java:run(143)) - 37b2c1ee-956a-4dec-b232-912a6a25ff9b@group-B061D1CC775E-FollowerState was interrupted: {}
java.lang.InterruptedException: sleep interrupted
	at java.lang.Thread.sleep(Native Method)
	at java.lang.Thread.sleep(Thread.java:340)
	at java.util.concurrent.TimeUnit.sleep(TimeUnit.java:386)
	at org.apache.ratis.util.TimeDuration.sleep(TimeDuration.java:324)
	at org.apache.ratis.util.TimeDuration.sleep(TimeDuration.java:309)
	at org.apache.ratis.server.impl.FollowerState.run(FollowerState.java:118)
2021-05-19 07:42:06,115 [grpc-default-executor-1] INFO  server.RaftServer$Division (RaftServerImpl.java:requestVote(1074)) - 37b2c1ee-956a-4dec-b232-912a6a25ff9b@group-B061D1CC775E replies to ELECTION vote request: 9d983546-4247-4c0f-83b0-40f69e4f4d28<-37b2c1ee-956a-4dec-b232-912a6a25ff9b#0:OK-t1. Peer's state: 37b2c1ee-956a-4dec-b232-912a6a25ff9b@group-B061D1CC775E:t1, leader=null, voted=9d983546-4247-4c0f-83b0-40f69e4f4d28, raftlog=37b2c1ee-956a-4dec-b232-912a6a25ff9b@group-B061D1CC775E-SegmentedRaftLog:OPENED:c-1,f-1,i0, conf=-1: [37b2c1ee-956a-4dec-b232-912a6a25ff9b|rpc:172.17.0.2:35677|priority:0, 9d983546-4247-4c0f-83b0-40f69e4f4d28|rpc:172.17.0.2:36963|priority:0, a4ee1d3f-5505-4afe-8a03-746b4b90cef8|rpc:172.17.0.2:46809|priority:1], old=null
2021-05-19 07:42:06,116 [9d983546-4247-4c0f-83b0-40f69e4f4d28@group-B061D1CC775E-LeaderElection44] INFO  impl.LeaderElection (LeaderElection.java:logAndReturn(89)) - 9d983546-4247-4c0f-83b0-40f69e4f4d28@group-B061D1CC775E-LeaderElection44: ELECTION REJECTED received 1 response(s) and 0 exception(s):
2021-05-19 07:42:06,116 [9d983546-4247-4c0f-83b0-40f69e4f4d28@group-B061D1CC775E-LeaderElection44] INFO  impl.LeaderElection (LeaderElection.java:logAndReturn(93)) -   Response 0: 9d983546-4247-4c0f-83b0-40f69e4f4d28<-a4ee1d3f-5505-4afe-8a03-746b4b90cef8#0:FAIL-t1
2021-05-19 07:42:06,116 [9d983546-4247-4c0f-83b0-40f69e4f4d28@group-B061D1CC775E-LeaderElection44] INFO  impl.LeaderElection (LeaderElection.java:askForVotes(308)) - 9d983546-4247-4c0f-83b0-40f69e4f4d28@group-B061D1CC775E-LeaderElection44 ELECTION round 0: result REJECTED
2021-05-19 07:42:06,116 [9d983546-4247-4c0f-83b0-40f69e4f4d28@group-B061D1CC775E-LeaderElection44] INFO  server.RaftServer$Division (RaftServerImpl.java:setRole(284)) - 9d983546-4247-4c0f-83b0-40f69e4f4d28@group-B061D1CC775E: changes role from CANDIDATE to FOLLOWER at term 1 for REJECTED
2021-05-19 07:42:06,116 [9d983546-4247-4c0f-83b0-40f69e4f4d28@group-B061D1CC775E-LeaderElection44] INFO  impl.RoleInfo (RoleInfo.java:shutdownLeaderElection(121)) - 9d983546-4247-4c0f-83b0-40f69e4f4d28: shutdown 9d983546-4247-4c0f-83b0-40f69e4f4d28@group-B061D1CC775E-LeaderElection44
2021-05-19 07:42:06,116 [9d983546-4247-4c0f-83b0-40f69e4f4d28@group-B061D1CC775E-LeaderElection44] INFO  impl.RoleInfo (RoleInfo.java:updateAndGet(130)) - 9d983546-4247-4c0f-83b0-40f69e4f4d28: start 9d983546-4247-4c0f-83b0-40f69e4f4d28@group-B061D1CC775E-FollowerState
2021-05-19 07:42:06,145 [37b2c1ee-956a-4dec-b232-912a6a25ff9b@group-E783B1FF2571-FollowerState] INFO  impl.FollowerState (FollowerState.java:run(134)) - 37b2c1ee-956a-4dec-b232-912a6a25ff9b@group-E783B1FF2571-FollowerState: change to CANDIDATE, lastRpcElapsedTime:5200912479ns, electionTimeout:5200ms
2021-05-19 07:42:06,145 [37b2c1ee-956a-4dec-b232-912a6a25ff9b@group-E783B1FF2571-FollowerState] INFO  impl.RoleInfo (RoleInfo.java:shutdownFollowerState(108)) - 37b2c1ee-956a-4dec-b232-912a6a25ff9b: shutdown 37b2c1ee-956a-4dec-b232-912a6a25ff9b@group-E783B1FF2571-FollowerState
2021-05-19 07:42:06,145 [37b2c1ee-956a-4dec-b232-912a6a25ff9b@group-E783B1FF2571-FollowerState] INFO  server.RaftServer$Division (RaftServerImpl.java:setRole(284)) - 37b2c1ee-956a-4dec-b232-912a6a25ff9b@group-E783B1FF2571: changes role from  FOLLOWER to CANDIDATE at term 0 for changeToCandidate
2021-05-19 07:42:06,145 [37b2c1ee-956a-4dec-b232-912a6a25ff9b@group-E783B1FF2571-FollowerState] INFO  server.RaftServerConfigKeys (ConfUtils.java:logGet(44)) - raft.server.leaderelection.pre-vote = false (custom)
2021-05-19 07:42:06,145 [37b2c1ee-956a-4dec-b232-912a6a25ff9b@group-E783B1FF2571-FollowerState] INFO  impl.RoleInfo (RoleInfo.java:updateAndGet(130)) - 37b2c1ee-956a-4dec-b232-912a6a25ff9b: start 37b2c1ee-956a-4dec-b232-912a6a25ff9b@group-E783B1FF2571-LeaderElection45
2021-05-19 07:42:06,148 [37b2c1ee-956a-4dec-b232-912a6a25ff9b@group-E783B1FF2571-LeaderElection45] INFO  impl.LeaderElection (LeaderElection.java:askForVotes(306)) - 37b2c1ee-956a-4dec-b232-912a6a25ff9b@group-E783B1FF2571-LeaderElection45 ELECTION round 0: submit vote requests at term 1 for -1: [37b2c1ee-956a-4dec-b232-912a6a25ff9b|rpc:172.17.0.2:35677|priority:1], old=null
2021-05-19 07:42:06,148 [37b2c1ee-956a-4dec-b232-912a6a25ff9b@group-E783B1FF2571-LeaderElection45] INFO  impl.LeaderElection (LeaderElection.java:askForVotes(308)) - 37b2c1ee-956a-4dec-b232-912a6a25ff9b@group-E783B1FF2571-LeaderElection45 ELECTION round 0: result PASSED (term=1)
2021-05-19 07:42:06,148 [37b2c1ee-956a-4dec-b232-912a6a25ff9b@group-E783B1FF2571-LeaderElection45] INFO  impl.RoleInfo (RoleInfo.java:shutdownLeaderElection(121)) - 37b2c1ee-956a-4dec-b232-912a6a25ff9b: shutdown 37b2c1ee-956a-4dec-b232-912a6a25ff9b@group-E783B1FF2571-LeaderElection45
2021-05-19 07:42:06,148 [37b2c1ee-956a-4dec-b232-912a6a25ff9b@group-E783B1FF2571-LeaderElection45] INFO  server.RaftServer$Division (RaftServerImpl.java:setRole(284)) - 37b2c1ee-956a-4dec-b232-912a6a25ff9b@group-E783B1FF2571: changes role from CANDIDATE to LEADER at term 1 for changeToLeader
2021-05-19 07:42:06,148 [37b2c1ee-956a-4dec-b232-912a6a25ff9b@group-E783B1FF2571-LeaderElection45] INFO  ratis.XceiverServerRatis (XceiverServerRatis.java:handleLeaderChangedNotification(906)) - Leader change notification received for group: group-E783B1FF2571 with new leaderId: 37b2c1ee-956a-4dec-b232-912a6a25ff9b
2021-05-19 07:42:06,148 [37b2c1ee-956a-4dec-b232-912a6a25ff9b@group-E783B1FF2571-LeaderElection45] INFO  server.RaftServer$Division (ServerState.java:setLeader(271)) - 37b2c1ee-956a-4dec-b232-912a6a25ff9b@group-E783B1FF2571: change Leader from null to 37b2c1ee-956a-4dec-b232-912a6a25ff9b at term 1 for becomeLeader, leader elected after 5210ms
2021-05-19 07:42:06,148 [37b2c1ee-956a-4dec-b232-912a6a25ff9b@group-E783B1FF2571-LeaderElection45] INFO  server.RaftServerConfigKeys (ConfUtils.java:logGet(44)) - raft.server.staging.catchup.gap = 1000 (default)
2021-05-19 07:42:06,148 [37b2c1ee-956a-4dec-b232-912a6a25ff9b@group-E783B1FF2571-LeaderElection45] INFO  metrics.RatisMetrics (RatisMetrics.java:lambda$create$0(36)) - Creating Metrics Registry : ratis.log_appender.37b2c1ee-956a-4dec-b232-912a6a25ff9b@group-E783B1FF2571
2021-05-19 07:42:06,150 [37b2c1ee-956a-4dec-b232-912a6a25ff9b@group-E783B1FF2571-LeaderElection45] INFO  server.RaftServerConfigKeys (ConfUtils.java:logGet(44)) - raft.server.write.element-limit = 1024 (custom)
2021-05-19 07:42:06,150 [37b2c1ee-956a-4dec-b232-912a6a25ff9b@group-E783B1FF2571-LeaderElection45] INFO  server.RaftServerConfigKeys (ConfUtils.java:logGet(44)) - raft.server.write.byte-limit = 1073741824 (custom)
2021-05-19 07:42:06,150 [37b2c1ee-956a-4dec-b232-912a6a25ff9b@group-E783B1FF2571-LeaderElection45] INFO  server.RaftServerConfigKeys (ConfUtils.java:logGet(44)) - raft.server.watch.timeout = 3000ms (custom)
2021-05-19 07:42:06,150 [37b2c1ee-956a-4dec-b232-912a6a25ff9b@group-E783B1FF2571-LeaderElection45] INFO  server.RaftServerConfigKeys (ConfUtils.java:logGet(44)) - raft.server.watch.timeout.denomination = 1s (default)
2021-05-19 07:42:06,150 [37b2c1ee-956a-4dec-b232-912a6a25ff9b@group-E783B1FF2571-LeaderElection45] INFO  server.RaftServerConfigKeys (ConfUtils.java:logGet(44)) - raft.server.watch.element-limit = 65536 (default)
2021-05-19 07:42:06,150 [37b2c1ee-956a-4dec-b232-912a6a25ff9b@group-E783B1FF2571-LeaderElection45] INFO  impl.RoleInfo (RoleInfo.java:updateAndGet(130)) - 37b2c1ee-956a-4dec-b232-912a6a25ff9b: start 37b2c1ee-956a-4dec-b232-912a6a25ff9b@group-E783B1FF2571-LeaderStateImpl
2021-05-19 07:42:06,151 [37b2c1ee-956a-4dec-b232-912a6a25ff9b@group-E783B1FF2571-LeaderElection45] INFO  segmented.SegmentedRaftLogWorker (SegmentedRaftLogWorker.java:startLogSegment(394)) - 37b2c1ee-956a-4dec-b232-912a6a25ff9b@group-E783B1FF2571-SegmentedRaftLogWorker: Starting segment from index:0
2021-05-19 07:42:06,152 [37b2c1ee-956a-4dec-b232-912a6a25ff9b@group-E783B1FF2571-SegmentedRaftLogWorker] INFO  segmented.SegmentedRaftLogWorker (SegmentedRaftLogWorker.java:execute(601)) - 37b2c1ee-956a-4dec-b232-912a6a25ff9b@group-E783B1FF2571-SegmentedRaftLogWorker: created new log segment /github/workspace/mnt/ozone/hadoop-ozone/integration-test/target/test-dir/MiniOzoneClusterImpl-952c9dfc-8967-4523-b06f-60d3bd5de2bf/datanode-3/data/ratis/114b3233-061f-4cf5-bbb7-e783b1ff2571/current/log_inprogress_0
2021-05-19 07:42:06,153 [37b2c1ee-956a-4dec-b232-912a6a25ff9b@group-E783B1FF2571-LeaderElection45] INFO  server.RaftServer$Division (ServerState.java:setRaftConf(373)) - 37b2c1ee-956a-4dec-b232-912a6a25ff9b@group-E783B1FF2571: set configuration 0: [37b2c1ee-956a-4dec-b232-912a6a25ff9b|rpc:172.17.0.2:35677|dataStream:|priority:1], old=null
2021-05-19 07:42:06,182 [9d983546-4247-4c0f-83b0-40f69e4f4d28@group-D5E61D3659AC-FollowerState] INFO  impl.FollowerState (FollowerState.java:run(134)) - 9d983546-4247-4c0f-83b0-40f69e4f4d28@group-D5E61D3659AC-FollowerState: change to CANDIDATE, lastRpcElapsedTime:5060915724ns, electionTimeout:5060ms
2021-05-19 07:42:06,182 [9d983546-4247-4c0f-83b0-40f69e4f4d28@group-D5E61D3659AC-FollowerState] INFO  impl.RoleInfo (RoleInfo.java:shutdownFollowerState(108)) - 9d983546-4247-4c0f-83b0-40f69e4f4d28: shutdown 9d983546-4247-4c0f-83b0-40f69e4f4d28@group-D5E61D3659AC-FollowerState
2021-05-19 07:42:06,182 [9d983546-4247-4c0f-83b0-40f69e4f4d28@group-D5E61D3659AC-FollowerState] INFO  server.RaftServer$Division (RaftServerImpl.java:setRole(284)) - 9d983546-4247-4c0f-83b0-40f69e4f4d28@group-D5E61D3659AC: changes role from  FOLLOWER to CANDIDATE at term 0 for changeToCandidate
2021-05-19 07:42:06,182 [9d983546-4247-4c0f-83b0-40f69e4f4d28@group-D5E61D3659AC-FollowerState] INFO  server.RaftServerConfigKeys (ConfUtils.java:logGet(44)) - raft.server.leaderelection.pre-vote = false (custom)
2021-05-19 07:42:06,182 [9d983546-4247-4c0f-83b0-40f69e4f4d28@group-D5E61D3659AC-FollowerState] INFO  impl.RoleInfo (RoleInfo.java:updateAndGet(130)) - 9d983546-4247-4c0f-83b0-40f69e4f4d28: start 9d983546-4247-4c0f-83b0-40f69e4f4d28@group-D5E61D3659AC-LeaderElection46
2021-05-19 07:42:06,185 [9d983546-4247-4c0f-83b0-40f69e4f4d28@group-D5E61D3659AC-LeaderElection46] INFO  impl.LeaderElection (LeaderElection.java:askForVotes(306)) - 9d983546-4247-4c0f-83b0-40f69e4f4d28@group-D5E61D3659AC-LeaderElection46 ELECTION round 0: submit vote requests at term 1 for -1: [37b2c1ee-956a-4dec-b232-912a6a25ff9b|rpc:172.17.0.2:35677|dataStream:|priority:1, 9d983546-4247-4c0f-83b0-40f69e4f4d28|rpc:172.17.0.2:36963|dataStream:|priority:0, a4ee1d3f-5505-4afe-8a03-746b4b90cef8|rpc:172.17.0.2:46809|dataStream:|priority:0], old=null
2021-05-19 07:42:06,187 [grpc-default-executor-1] INFO  server.RaftServer$Division (RaftServerImpl.java:requestVote(1042)) - 37b2c1ee-956a-4dec-b232-912a6a25ff9b@group-D5E61D3659AC: receive requestVote(ELECTION, 9d983546-4247-4c0f-83b0-40f69e4f4d28, group-D5E61D3659AC, 1, (t:0, i:0))
2021-05-19 07:42:06,187 [grpc-default-executor-1] INFO  impl.VoteContext (VoteContext.java:log(48)) - 37b2c1ee-956a-4dec-b232-912a6a25ff9b@group-D5E61D3659AC-FOLLOWER: reject ELECTION from 9d983546-4247-4c0f-83b0-40f69e4f4d28: our priority 1 > candidate's priority 0
2021-05-19 07:42:06,187 [grpc-default-executor-1] INFO  server.RaftServer$Division (RaftServerImpl.java:setRole(284)) - 37b2c1ee-956a-4dec-b232-912a6a25ff9b@group-D5E61D3659AC: changes role from  FOLLOWER to FOLLOWER at term 1 for candidate:9d983546-4247-4c0f-83b0-40f69e4f4d28
2021-05-19 07:42:06,187 [grpc-default-executor-1] INFO  impl.RoleInfo (RoleInfo.java:shutdownFollowerState(108)) - 37b2c1ee-956a-4dec-b232-912a6a25ff9b: shutdown 37b2c1ee-956a-4dec-b232-912a6a25ff9b@group-D5E61D3659AC-FollowerState
2021-05-19 07:42:06,187 [grpc-default-executor-1] INFO  impl.RoleInfo (RoleInfo.java:updateAndGet(130)) - 37b2c1ee-956a-4dec-b232-912a6a25ff9b: start 37b2c1ee-956a-4dec-b232-912a6a25ff9b@group-D5E61D3659AC-FollowerState
2021-05-19 07:42:06,187 [37b2c1ee-956a-4dec-b232-912a6a25ff9b@group-D5E61D3659AC-FollowerState] INFO  impl.FollowerState (FollowerState.java:run(143)) - 37b2c1ee-956a-4dec-b232-912a6a25ff9b@group-D5E61D3659AC-FollowerState was interrupted: {}
java.lang.InterruptedException: sleep interrupted
	at java.lang.Thread.sleep(Native Method)
	at java.lang.Thread.sleep(Thread.java:340)
	at java.util.concurrent.TimeUnit.sleep(TimeUnit.java:386)
	at org.apache.ratis.util.TimeDuration.sleep(TimeDuration.java:324)
	at org.apache.ratis.util.TimeDuration.sleep(TimeDuration.java:309)
	at org.apache.ratis.server.impl.FollowerState.run(FollowerState.java:118)
2021-05-19 07:42:06,188 [grpc-default-executor-2] INFO  server.RaftServer$Division (RaftServerImpl.java:requestVote(1042)) - a4ee1d3f-5505-4afe-8a03-746b4b90cef8@group-D5E61D3659AC: receive requestVote(ELECTION, 9d983546-4247-4c0f-83b0-40f69e4f4d28, group-D5E61D3659AC, 1, (t:0, i:0))
2021-05-19 07:42:06,188 [grpc-default-executor-2] INFO  impl.VoteContext (VoteContext.java:log(48)) - a4ee1d3f-5505-4afe-8a03-746b4b90cef8@group-D5E61D3659AC-FOLLOWER: accept ELECTION from 9d983546-4247-4c0f-83b0-40f69e4f4d28: our priority 0 <= candidate's priority 0
2021-05-19 07:42:06,188 [grpc-default-executor-2] INFO  server.RaftServer$Division (RaftServerImpl.java:setRole(284)) - a4ee1d3f-5505-4afe-8a03-746b4b90cef8@group-D5E61D3659AC: changes role from  FOLLOWER to FOLLOWER at term 1 for candidate:9d983546-4247-4c0f-83b0-40f69e4f4d28
2021-05-19 07:42:06,188 [grpc-default-executor-2] INFO  impl.RoleInfo (RoleInfo.java:shutdownFollowerState(108)) - a4ee1d3f-5505-4afe-8a03-746b4b90cef8: shutdown a4ee1d3f-5505-4afe-8a03-746b4b90cef8@group-D5E61D3659AC-FollowerState
2021-05-19 07:42:06,188 [grpc-default-executor-2] INFO  impl.RoleInfo (RoleInfo.java:updateAndGet(130)) - a4ee1d3f-5505-4afe-8a03-746b4b90cef8: start a4ee1d3f-5505-4afe-8a03-746b4b90cef8@group-D5E61D3659AC-FollowerState
2021-05-19 07:42:06,189 [a4ee1d3f-5505-4afe-8a03-746b4b90cef8@group-D5E61D3659AC-FollowerState] INFO  impl.FollowerState (FollowerState.java:run(143)) - a4ee1d3f-5505-4afe-8a03-746b4b90cef8@group-D5E61D3659AC-FollowerState was interrupted: {}
java.lang.InterruptedException: sleep interrupted
	at java.lang.Thread.sleep(Native Method)
	at java.lang.Thread.sleep(Thread.java:340)
	at java.util.concurrent.TimeUnit.sleep(TimeUnit.java:386)
	at org.apache.ratis.util.TimeDuration.sleep(TimeDuration.java:324)
	at org.apache.ratis.util.TimeDuration.sleep(TimeDuration.java:309)
	at org.apache.ratis.server.impl.FollowerState.run(FollowerState.java:118)
2021-05-19 07:42:06,190 [grpc-default-executor-1] INFO  server.RaftServer$Division (RaftServerImpl.java:requestVote(1074)) - 37b2c1ee-956a-4dec-b232-912a6a25ff9b@group-D5E61D3659AC replies to ELECTION vote request: 9d983546-4247-4c0f-83b0-40f69e4f4d28<-37b2c1ee-956a-4dec-b232-912a6a25ff9b#0:FAIL-t1. Peer's state: 37b2c1ee-956a-4dec-b232-912a6a25ff9b@group-D5E61D3659AC:t1, leader=null, voted=null, raftlog=37b2c1ee-956a-4dec-b232-912a6a25ff9b@group-D5E61D3659AC-SegmentedRaftLog:OPENED:c-1,f-1,i0, conf=-1: [37b2c1ee-956a-4dec-b232-912a6a25ff9b|rpc:172.17.0.2:35677|priority:1, 9d983546-4247-4c0f-83b0-40f69e4f4d28|rpc:172.17.0.2:36963|priority:0, a4ee1d3f-5505-4afe-8a03-746b4b90cef8|rpc:172.17.0.2:46809|priority:0], old=null
2021-05-19 07:42:06,190 [grpc-default-executor-2] INFO  server.RaftServer$Division (RaftServerImpl.java:requestVote(1074)) - a4ee1d3f-5505-4afe-8a03-746b4b90cef8@group-D5E61D3659AC replies to ELECTION vote request: 9d983546-4247-4c0f-83b0-40f69e4f4d28<-a4ee1d3f-5505-4afe-8a03-746b4b90cef8#0:OK-t1. Peer's state: a4ee1d3f-5505-4afe-8a03-746b4b90cef8@group-D5E61D3659AC:t1, leader=null, voted=9d983546-4247-4c0f-83b0-40f69e4f4d28, raftlog=a4ee1d3f-5505-4afe-8a03-746b4b90cef8@group-D5E61D3659AC-SegmentedRaftLog:OPENED:c-1,f-1,i0, conf=-1: [37b2c1ee-956a-4dec-b232-912a6a25ff9b|rpc:172.17.0.2:35677|dataStream:|priority:1, 9d983546-4247-4c0f-83b0-40f69e4f4d28|rpc:172.17.0.2:36963|dataStream:|priority:0, a4ee1d3f-5505-4afe-8a03-746b4b90cef8|rpc:172.17.0.2:46809|dataStream:|priority:0], old=null
2021-05-19 07:42:06,191 [9d983546-4247-4c0f-83b0-40f69e4f4d28@group-D5E61D3659AC-LeaderElection46] INFO  impl.LeaderElection (LeaderElection.java:logAndReturn(89)) - 9d983546-4247-4c0f-83b0-40f69e4f4d28@group-D5E61D3659AC-LeaderElection46: ELECTION REJECTED received 1 response(s) and 0 exception(s):
2021-05-19 07:42:06,191 [9d983546-4247-4c0f-83b0-40f69e4f4d28@group-D5E61D3659AC-LeaderElection46] INFO  impl.LeaderElection (LeaderElection.java:logAndReturn(93)) -   Response 0: 9d983546-4247-4c0f-83b0-40f69e4f4d28<-37b2c1ee-956a-4dec-b232-912a6a25ff9b#0:FAIL-t1
2021-05-19 07:42:06,191 [9d983546-4247-4c0f-83b0-40f69e4f4d28@group-D5E61D3659AC-LeaderElection46] INFO  impl.LeaderElection (LeaderElection.java:askForVotes(308)) - 9d983546-4247-4c0f-83b0-40f69e4f4d28@group-D5E61D3659AC-LeaderElection46 ELECTION round 0: result REJECTED
2021-05-19 07:42:06,191 [9d983546-4247-4c0f-83b0-40f69e4f4d28@group-D5E61D3659AC-LeaderElection46] INFO  server.RaftServer$Division (RaftServerImpl.java:setRole(284)) - 9d983546-4247-4c0f-83b0-40f69e4f4d28@group-D5E61D3659AC: changes role from CANDIDATE to FOLLOWER at term 1 for REJECTED
2021-05-19 07:42:06,191 [9d983546-4247-4c0f-83b0-40f69e4f4d28@group-D5E61D3659AC-LeaderElection46] INFO  impl.RoleInfo (RoleInfo.java:shutdownLeaderElection(121)) - 9d983546-4247-4c0f-83b0-40f69e4f4d28: shutdown 9d983546-4247-4c0f-83b0-40f69e4f4d28@group-D5E61D3659AC-LeaderElection46
2021-05-19 07:42:06,191 [9d983546-4247-4c0f-83b0-40f69e4f4d28@group-D5E61D3659AC-LeaderElection46] INFO  impl.RoleInfo (RoleInfo.java:updateAndGet(130)) - 9d983546-4247-4c0f-83b0-40f69e4f4d28: start 9d983546-4247-4c0f-83b0-40f69e4f4d28@group-D5E61D3659AC-FollowerState
2021-05-19 07:42:06,243 [a4ee1d3f-5505-4afe-8a03-746b4b90cef8@group-5FECF58F6D49-FollowerState] INFO  impl.FollowerState (FollowerState.java:run(134)) - a4ee1d3f-5505-4afe-8a03-746b4b90cef8@group-5FECF58F6D49-FollowerState: change to CANDIDATE, lastRpcElapsedTime:5091851202ns, electionTimeout:5091ms
2021-05-19 07:42:06,243 [a4ee1d3f-5505-4afe-8a03-746b4b90cef8@group-5FECF58F6D49-FollowerState] INFO  impl.RoleInfo (RoleInfo.java:shutdownFollowerState(108)) - a4ee1d3f-5505-4afe-8a03-746b4b90cef8: shutdown a4ee1d3f-5505-4afe-8a03-746b4b90cef8@group-5FECF58F6D49-FollowerState
2021-05-19 07:42:06,243 [a4ee1d3f-5505-4afe-8a03-746b4b90cef8@group-5FECF58F6D49-FollowerState] INFO  server.RaftServer$Division (RaftServerImpl.java:setRole(284)) - a4ee1d3f-5505-4afe-8a03-746b4b90cef8@group-5FECF58F6D49: changes role from  FOLLOWER to CANDIDATE at term 0 for changeToCandidate
2021-05-19 07:42:06,244 [a4ee1d3f-5505-4afe-8a03-746b4b90cef8@group-5FECF58F6D49-FollowerState] INFO  server.RaftServerConfigKeys (ConfUtils.java:logGet(44)) - raft.server.leaderelection.pre-vote = false (custom)
2021-05-19 07:42:06,244 [a4ee1d3f-5505-4afe-8a03-746b4b90cef8@group-5FECF58F6D49-FollowerState] INFO  impl.RoleInfo (RoleInfo.java:updateAndGet(130)) - a4ee1d3f-5505-4afe-8a03-746b4b90cef8: start a4ee1d3f-5505-4afe-8a03-746b4b90cef8@group-5FECF58F6D49-LeaderElection47
2021-05-19 07:42:06,247 [a4ee1d3f-5505-4afe-8a03-746b4b90cef8@group-5FECF58F6D49-LeaderElection47] INFO  impl.LeaderElection (LeaderElection.java:askForVotes(306)) - a4ee1d3f-5505-4afe-8a03-746b4b90cef8@group-5FECF58F6D49-LeaderElection47 ELECTION round 0: submit vote requests at term 1 for -1: [a4ee1d3f-5505-4afe-8a03-746b4b90cef8|rpc:172.17.0.2:46809|priority:1], old=null
2021-05-19 07:42:06,247 [a4ee1d3f-5505-4afe-8a03-746b4b90cef8@group-5FECF58F6D49-LeaderElection47] INFO  impl.LeaderElection (LeaderElection.java:askForVotes(308)) - a4ee1d3f-5505-4afe-8a03-746b4b90cef8@group-5FECF58F6D49-LeaderElection47 ELECTION round 0: result PASSED (term=1)
2021-05-19 07:42:06,247 [a4ee1d3f-5505-4afe-8a03-746b4b90cef8@group-5FECF58F6D49-LeaderElection47] INFO  impl.RoleInfo (RoleInfo.java:shutdownLeaderElection(121)) - a4ee1d3f-5505-4afe-8a03-746b4b90cef8: shutdown a4ee1d3f-5505-4afe-8a03-746b4b90cef8@group-5FECF58F6D49-LeaderElection47
2021-05-19 07:42:06,247 [a4ee1d3f-5505-4afe-8a03-746b4b90cef8@group-5FECF58F6D49-LeaderElection47] INFO  server.RaftServer$Division (RaftServerImpl.java:setRole(284)) - a4ee1d3f-5505-4afe-8a03-746b4b90cef8@group-5FECF58F6D49: changes role from CANDIDATE to LEADER at term 1 for changeToLeader
2021-05-19 07:42:06,247 [a4ee1d3f-5505-4afe-8a03-746b4b90cef8@group-5FECF58F6D49-LeaderElection47] INFO  ratis.XceiverServerRatis (XceiverServerRatis.java:handleLeaderChangedNotification(906)) - Leader change notification received for group: group-5FECF58F6D49 with new leaderId: a4ee1d3f-5505-4afe-8a03-746b4b90cef8
2021-05-19 07:42:06,247 [a4ee1d3f-5505-4afe-8a03-746b4b90cef8@group-5FECF58F6D49-LeaderElection47] INFO  server.RaftServer$Division (ServerState.java:setLeader(271)) - a4ee1d3f-5505-4afe-8a03-746b4b90cef8@group-5FECF58F6D49: change Leader from null to a4ee1d3f-5505-4afe-8a03-746b4b90cef8 at term 1 for becomeLeader, leader elected after 5112ms
2021-05-19 07:42:06,247 [a4ee1d3f-5505-4afe-8a03-746b4b90cef8@group-5FECF58F6D49-LeaderElection47] INFO  server.RaftServerConfigKeys (ConfUtils.java:logGet(44)) - raft.server.staging.catchup.gap = 1000 (default)
2021-05-19 07:42:06,247 [a4ee1d3f-5505-4afe-8a03-746b4b90cef8@group-5FECF58F6D49-LeaderElection47] INFO  metrics.RatisMetrics (RatisMetrics.java:lambda$create$0(36)) - Creating Metrics Registry : ratis.log_appender.a4ee1d3f-5505-4afe-8a03-746b4b90cef8@group-5FECF58F6D49
2021-05-19 07:42:06,248 [a4ee1d3f-5505-4afe-8a03-746b4b90cef8@group-5FECF58F6D49-LeaderElection47] INFO  server.RaftServerConfigKeys (ConfUtils.java:logGet(44)) - raft.server.write.element-limit = 1024 (custom)
2021-05-19 07:42:06,248 [a4ee1d3f-5505-4afe-8a03-746b4b90cef8@group-5FECF58F6D49-LeaderElection47] INFO  server.RaftServerConfigKeys (ConfUtils.java:logGet(44)) - raft.server.write.byte-limit = 1073741824 (custom)
2021-05-19 07:42:06,248 [a4ee1d3f-5505-4afe-8a03-746b4b90cef8@group-5FECF58F6D49-LeaderElection47] INFO  server.RaftServerConfigKeys (ConfUtils.java:logGet(44)) - raft.server.watch.timeout = 3000ms (custom)
2021-05-19 07:42:06,248 [a4ee1d3f-5505-4afe-8a03-746b4b90cef8@group-5FECF58F6D49-LeaderElection47] INFO  server.RaftServerConfigKeys (ConfUtils.java:logGet(44)) - raft.server.watch.timeout.denomination = 1s (default)
2021-05-19 07:42:06,248 [a4ee1d3f-5505-4afe-8a03-746b4b90cef8@group-5FECF58F6D49-LeaderElection47] INFO  server.RaftServerConfigKeys (ConfUtils.java:logGet(44)) - raft.server.watch.element-limit = 65536 (default)
2021-05-19 07:42:06,248 [a4ee1d3f-5505-4afe-8a03-746b4b90cef8@group-5FECF58F6D49-LeaderElection47] INFO  impl.RoleInfo (RoleInfo.java:updateAndGet(130)) - a4ee1d3f-5505-4afe-8a03-746b4b90cef8: start a4ee1d3f-5505-4afe-8a03-746b4b90cef8@group-5FECF58F6D49-LeaderStateImpl
2021-05-19 07:42:06,249 [a4ee1d3f-5505-4afe-8a03-746b4b90cef8@group-5FECF58F6D49-LeaderElection47] INFO  segmented.SegmentedRaftLogWorker (SegmentedRaftLogWorker.java:startLogSegment(394)) - a4ee1d3f-5505-4afe-8a03-746b4b90cef8@group-5FECF58F6D49-SegmentedRaftLogWorker: Starting segment from index:0
2021-05-19 07:42:06,250 [a4ee1d3f-5505-4afe-8a03-746b4b90cef8@group-5FECF58F6D49-LeaderElection47] INFO  server.RaftServer$Division (ServerState.java:setRaftConf(373)) - a4ee1d3f-5505-4afe-8a03-746b4b90cef8@group-5FECF58F6D49: set configuration 0: [a4ee1d3f-5505-4afe-8a03-746b4b90cef8|rpc:172.17.0.2:46809|dataStream:|priority:1], old=null
2021-05-19 07:42:06,250 [a4ee1d3f-5505-4afe-8a03-746b4b90cef8@group-5FECF58F6D49-SegmentedRaftLogWorker] INFO  segmented.SegmentedRaftLogWorker (SegmentedRaftLogWorker.java:execute(601)) - a4ee1d3f-5505-4afe-8a03-746b4b90cef8@group-5FECF58F6D49-SegmentedRaftLogWorker: created new log segment /github/workspace/mnt/ozone/hadoop-ozone/integration-test/target/test-dir/MiniOzoneClusterImpl-952c9dfc-8967-4523-b06f-60d3bd5de2bf/datanode-4/data/ratis/fb9e7414-52b6-4a06-bacf-5fecf58f6d49/current/log_inprogress_0
2021-05-19 07:42:06,415 [9d983546-4247-4c0f-83b0-40f69e4f4d28@group-90637293647B-FollowerState] INFO  impl.FollowerState (FollowerState.java:run(134)) - 9d983546-4247-4c0f-83b0-40f69e4f4d28@group-90637293647B-FollowerState: change to CANDIDATE, lastRpcElapsedTime:5062336928ns, electionTimeout:5062ms
2021-05-19 07:42:06,415 [9d983546-4247-4c0f-83b0-40f69e4f4d28@group-90637293647B-FollowerState] INFO  impl.RoleInfo (RoleInfo.java:shutdownFollowerState(108)) - 9d983546-4247-4c0f-83b0-40f69e4f4d28: shutdown 9d983546-4247-4c0f-83b0-40f69e4f4d28@group-90637293647B-FollowerState
2021-05-19 07:42:06,415 [9d983546-4247-4c0f-83b0-40f69e4f4d28@group-90637293647B-FollowerState] INFO  server.RaftServer$Division (RaftServerImpl.java:setRole(284)) - 9d983546-4247-4c0f-83b0-40f69e4f4d28@group-90637293647B: changes role from  FOLLOWER to CANDIDATE at term 0 for changeToCandidate
2021-05-19 07:42:06,415 [9d983546-4247-4c0f-83b0-40f69e4f4d28@group-90637293647B-FollowerState] INFO  server.RaftServerConfigKeys (ConfUtils.java:logGet(44)) - raft.server.leaderelection.pre-vote = false (custom)
2021-05-19 07:42:06,415 [9d983546-4247-4c0f-83b0-40f69e4f4d28@group-90637293647B-FollowerState] INFO  impl.RoleInfo (RoleInfo.java:updateAndGet(130)) - 9d983546-4247-4c0f-83b0-40f69e4f4d28: start 9d983546-4247-4c0f-83b0-40f69e4f4d28@group-90637293647B-LeaderElection48
2021-05-19 07:42:06,418 [9d983546-4247-4c0f-83b0-40f69e4f4d28@group-90637293647B-LeaderElection48] INFO  impl.LeaderElection (LeaderElection.java:askForVotes(306)) - 9d983546-4247-4c0f-83b0-40f69e4f4d28@group-90637293647B-LeaderElection48 ELECTION round 0: submit vote requests at term 1 for -1: [9d983546-4247-4c0f-83b0-40f69e4f4d28|rpc:172.17.0.2:36963|priority:1], old=null
2021-05-19 07:42:06,418 [9d983546-4247-4c0f-83b0-40f69e4f4d28@group-90637293647B-LeaderElection48] INFO  impl.LeaderElection (LeaderElection.java:askForVotes(308)) - 9d983546-4247-4c0f-83b0-40f69e4f4d28@group-90637293647B-LeaderElection48 ELECTION round 0: result PASSED (term=1)
2021-05-19 07:42:06,418 [9d983546-4247-4c0f-83b0-40f69e4f4d28@group-90637293647B-LeaderElection48] INFO  impl.RoleInfo (RoleInfo.java:shutdownLeaderElection(121)) - 9d983546-4247-4c0f-83b0-40f69e4f4d28: shutdown 9d983546-4247-4c0f-83b0-40f69e4f4d28@group-90637293647B-LeaderElection48
2021-05-19 07:42:06,418 [9d983546-4247-4c0f-83b0-40f69e4f4d28@group-90637293647B-LeaderElection48] INFO  server.RaftServer$Division (RaftServerImpl.java:setRole(284)) - 9d983546-4247-4c0f-83b0-40f69e4f4d28@group-90637293647B: changes role from CANDIDATE to LEADER at term 1 for changeToLeader
2021-05-19 07:42:06,418 [9d983546-4247-4c0f-83b0-40f69e4f4d28@group-90637293647B-LeaderElection48] INFO  ratis.XceiverServerRatis (XceiverServerRatis.java:handleLeaderChangedNotification(906)) - Leader change notification received for group: group-90637293647B with new leaderId: 9d983546-4247-4c0f-83b0-40f69e4f4d28
2021-05-19 07:42:06,418 [9d983546-4247-4c0f-83b0-40f69e4f4d28@group-90637293647B-LeaderElection48] INFO  server.RaftServer$Division (ServerState.java:setLeader(271)) - 9d983546-4247-4c0f-83b0-40f69e4f4d28@group-90637293647B: change Leader from null to 9d983546-4247-4c0f-83b0-40f69e4f4d28 at term 1 for becomeLeader, leader elected after 5073ms
2021-05-19 07:42:06,418 [9d983546-4247-4c0f-83b0-40f69e4f4d28@group-90637293647B-LeaderElection48] INFO  server.RaftServerConfigKeys (ConfUtils.java:logGet(44)) - raft.server.staging.catchup.gap = 1000 (default)
2021-05-19 07:42:06,418 [9d983546-4247-4c0f-83b0-40f69e4f4d28@group-90637293647B-LeaderElection48] INFO  metrics.RatisMetrics (RatisMetrics.java:lambda$create$0(36)) - Creating Metrics Registry : ratis.log_appender.9d983546-4247-4c0f-83b0-40f69e4f4d28@group-90637293647B
2021-05-19 07:42:06,418 [9d983546-4247-4c0f-83b0-40f69e4f4d28@group-90637293647B-LeaderElection48] INFO  server.RaftServerConfigKeys (ConfUtils.java:logGet(44)) - raft.server.write.element-limit = 1024 (custom)
2021-05-19 07:42:06,419 [9d983546-4247-4c0f-83b0-40f69e4f4d28@group-90637293647B-LeaderElection48] INFO  server.RaftServerConfigKeys (ConfUtils.java:logGet(44)) - raft.server.write.byte-limit = 1073741824 (custom)
2021-05-19 07:42:06,420 [9d983546-4247-4c0f-83b0-40f69e4f4d28@group-90637293647B-LeaderElection48] INFO  server.RaftServerConfigKeys (ConfUtils.java:logGet(44)) - raft.server.watch.timeout = 3000ms (custom)
2021-05-19 07:42:06,420 [9d983546-4247-4c0f-83b0-40f69e4f4d28@group-90637293647B-LeaderElection48] INFO  server.RaftServerConfigKeys (ConfUtils.java:logGet(44)) - raft.server.watch.timeout.denomination = 1s (default)
2021-05-19 07:42:06,420 [9d983546-4247-4c0f-83b0-40f69e4f4d28@group-90637293647B-LeaderElection48] INFO  server.RaftServerConfigKeys (ConfUtils.java:logGet(44)) - raft.server.watch.element-limit = 65536 (default)
2021-05-19 07:42:06,420 [9d983546-4247-4c0f-83b0-40f69e4f4d28@group-90637293647B-LeaderElection48] INFO  impl.RoleInfo (RoleInfo.java:updateAndGet(130)) - 9d983546-4247-4c0f-83b0-40f69e4f4d28: start 9d983546-4247-4c0f-83b0-40f69e4f4d28@group-90637293647B-LeaderStateImpl
2021-05-19 07:42:06,421 [9d983546-4247-4c0f-83b0-40f69e4f4d28@group-90637293647B-LeaderElection48] INFO  segmented.SegmentedRaftLogWorker (SegmentedRaftLogWorker.java:startLogSegment(394)) - 9d983546-4247-4c0f-83b0-40f69e4f4d28@group-90637293647B-SegmentedRaftLogWorker: Starting segment from index:0
2021-05-19 07:42:06,422 [9d983546-4247-4c0f-83b0-40f69e4f4d28@group-90637293647B-SegmentedRaftLogWorker] INFO  segmented.SegmentedRaftLogWorker (SegmentedRaftLogWorker.java:execute(601)) - 9d983546-4247-4c0f-83b0-40f69e4f4d28@group-90637293647B-SegmentedRaftLogWorker: created new log segment /github/workspace/mnt/ozone/hadoop-ozone/integration-test/target/test-dir/MiniOzoneClusterImpl-952c9dfc-8967-4523-b06f-60d3bd5de2bf/datanode-5/data/ratis/98771a20-3df8-435b-9a50-90637293647b/current/log_inprogress_0
2021-05-19 07:42:06,422 [9d983546-4247-4c0f-83b0-40f69e4f4d28@group-90637293647B-LeaderElection48] INFO  server.RaftServer$Division (ServerState.java:setRaftConf(373)) - 9d983546-4247-4c0f-83b0-40f69e4f4d28@group-90637293647B: set configuration 0: [9d983546-4247-4c0f-83b0-40f69e4f4d28|rpc:172.17.0.2:36963|dataStream:|priority:1], old=null
2021-05-19 07:42:06,616 [b054e63b-a418-439f-9265-0225a71f074a@group-C1B2006A74B3-FollowerState] INFO  impl.FollowerState (FollowerState.java:run(134)) - b054e63b-a418-439f-9265-0225a71f074a@group-C1B2006A74B3-FollowerState: change to CANDIDATE, lastRpcElapsedTime:5065393136ns, electionTimeout:5065ms
2021-05-19 07:42:06,617 [b054e63b-a418-439f-9265-0225a71f074a@group-C1B2006A74B3-FollowerState] INFO  impl.RoleInfo (RoleInfo.java:shutdownFollowerState(108)) - b054e63b-a418-439f-9265-0225a71f074a: shutdown b054e63b-a418-439f-9265-0225a71f074a@group-C1B2006A74B3-FollowerState
2021-05-19 07:42:06,617 [b054e63b-a418-439f-9265-0225a71f074a@group-C1B2006A74B3-FollowerState] INFO  server.RaftServer$Division (RaftServerImpl.java:setRole(284)) - b054e63b-a418-439f-9265-0225a71f074a@group-C1B2006A74B3: changes role from  FOLLOWER to CANDIDATE at term 0 for changeToCandidate
2021-05-19 07:42:06,618 [b054e63b-a418-439f-9265-0225a71f074a@group-C1B2006A74B3-FollowerState] INFO  server.RaftServerConfigKeys (ConfUtils.java:logGet(44)) - raft.server.leaderelection.pre-vote = false (custom)
2021-05-19 07:42:06,618 [b054e63b-a418-439f-9265-0225a71f074a@group-C1B2006A74B3-FollowerState] INFO  impl.RoleInfo (RoleInfo.java:updateAndGet(130)) - b054e63b-a418-439f-9265-0225a71f074a: start b054e63b-a418-439f-9265-0225a71f074a@group-C1B2006A74B3-LeaderElection49
2021-05-19 07:42:06,620 [b054e63b-a418-439f-9265-0225a71f074a@group-C1B2006A74B3-LeaderElection49] INFO  impl.LeaderElection (LeaderElection.java:askForVotes(306)) - b054e63b-a418-439f-9265-0225a71f074a@group-C1B2006A74B3-LeaderElection49 ELECTION round 0: submit vote requests at term 1 for -1: [b054e63b-a418-439f-9265-0225a71f074a|rpc:172.17.0.2:34287|priority:1], old=null
2021-05-19 07:42:06,620 [b054e63b-a418-439f-9265-0225a71f074a@group-C1B2006A74B3-LeaderElection49] INFO  impl.LeaderElection (LeaderElection.java:askForVotes(308)) - b054e63b-a418-439f-9265-0225a71f074a@group-C1B2006A74B3-LeaderElection49 ELECTION round 0: result PASSED (term=1)
2021-05-19 07:42:06,620 [b054e63b-a418-439f-9265-0225a71f074a@group-C1B2006A74B3-LeaderElection49] INFO  impl.RoleInfo (RoleInfo.java:shutdownLeaderElection(121)) - b054e63b-a418-439f-9265-0225a71f074a: shutdown b054e63b-a418-439f-9265-0225a71f074a@group-C1B2006A74B3-LeaderElection49
2021-05-19 07:42:06,620 [b054e63b-a418-439f-9265-0225a71f074a@group-C1B2006A74B3-LeaderElection49] INFO  server.RaftServer$Division (RaftServerImpl.java:setRole(284)) - b054e63b-a418-439f-9265-0225a71f074a@group-C1B2006A74B3: changes role from CANDIDATE to LEADER at term 1 for changeToLeader
2021-05-19 07:42:06,620 [b054e63b-a418-439f-9265-0225a71f074a@group-C1B2006A74B3-LeaderElection49] INFO  ratis.XceiverServerRatis (XceiverServerRatis.java:handleLeaderChangedNotification(906)) - Leader change notification received for group: group-C1B2006A74B3 with new leaderId: b054e63b-a418-439f-9265-0225a71f074a
2021-05-19 07:42:06,621 [b054e63b-a418-439f-9265-0225a71f074a@group-C1B2006A74B3-LeaderElection49] INFO  server.RaftServer$Division (ServerState.java:setLeader(271)) - b054e63b-a418-439f-9265-0225a71f074a@group-C1B2006A74B3: change Leader from null to b054e63b-a418-439f-9265-0225a71f074a at term 1 for becomeLeader, leader elected after 5080ms
2021-05-19 07:42:06,621 [b054e63b-a418-439f-9265-0225a71f074a@group-C1B2006A74B3-LeaderElection49] INFO  server.RaftServerConfigKeys (ConfUtils.java:logGet(44)) - raft.server.staging.catchup.gap = 1000 (default)
2021-05-19 07:42:06,621 [b054e63b-a418-439f-9265-0225a71f074a@group-C1B2006A74B3-LeaderElection49] INFO  metrics.RatisMetrics (RatisMetrics.java:lambda$create$0(36)) - Creating Metrics Registry : ratis.log_appender.b054e63b-a418-439f-9265-0225a71f074a@group-C1B2006A74B3
2021-05-19 07:42:06,621 [b054e63b-a418-439f-9265-0225a71f074a@group-C1B2006A74B3-LeaderElection49] INFO  server.RaftServerConfigKeys (ConfUtils.java:logGet(44)) - raft.server.write.element-limit = 1024 (custom)
2021-05-19 07:42:06,622 [b054e63b-a418-439f-9265-0225a71f074a@group-C1B2006A74B3-LeaderElection49] INFO  server.RaftServerConfigKeys (ConfUtils.java:logGet(44)) - raft.server.write.byte-limit = 1073741824 (custom)
2021-05-19 07:42:06,622 [b054e63b-a418-439f-9265-0225a71f074a@group-C1B2006A74B3-LeaderElection49] INFO  server.RaftServerConfigKeys (ConfUtils.java:logGet(44)) - raft.server.watch.timeout = 3000ms (custom)
2021-05-19 07:42:06,622 [b054e63b-a418-439f-9265-0225a71f074a@group-C1B2006A74B3-LeaderElection49] INFO  server.RaftServerConfigKeys (ConfUtils.java:logGet(44)) - raft.server.watch.timeout.denomination = 1s (default)
2021-05-19 07:42:06,622 [b054e63b-a418-439f-9265-0225a71f074a@group-C1B2006A74B3-LeaderElection49] INFO  server.RaftServerConfigKeys (ConfUtils.java:logGet(44)) - raft.server.watch.element-limit = 65536 (default)
2021-05-19 07:42:06,622 [b054e63b-a418-439f-9265-0225a71f074a@group-C1B2006A74B3-LeaderElection49] INFO  impl.RoleInfo (RoleInfo.java:updateAndGet(130)) - b054e63b-a418-439f-9265-0225a71f074a: start b054e63b-a418-439f-9265-0225a71f074a@group-C1B2006A74B3-LeaderStateImpl
2021-05-19 07:42:06,623 [b054e63b-a418-439f-9265-0225a71f074a@group-C1B2006A74B3-LeaderElection49] INFO  segmented.SegmentedRaftLogWorker (SegmentedRaftLogWorker.java:startLogSegment(394)) - b054e63b-a418-439f-9265-0225a71f074a@group-C1B2006A74B3-SegmentedRaftLogWorker: Starting segment from index:0
2021-05-19 07:42:06,623 [b054e63b-a418-439f-9265-0225a71f074a@group-C1B2006A74B3-SegmentedRaftLogWorker] INFO  segmented.SegmentedRaftLogWorker (SegmentedRaftLogWorker.java:execute(601)) - b054e63b-a418-439f-9265-0225a71f074a@group-C1B2006A74B3-SegmentedRaftLogWorker: created new log segment /github/workspace/mnt/ozone/hadoop-ozone/integration-test/target/test-dir/MiniOzoneClusterImpl-952c9dfc-8967-4523-b06f-60d3bd5de2bf/datanode-6/data/ratis/ff5df469-b7be-437c-8272-c1b2006a74b3/current/log_inprogress_0
2021-05-19 07:42:06,628 [b054e63b-a418-439f-9265-0225a71f074a@group-C1B2006A74B3-LeaderElection49] INFO  server.RaftServer$Division (ServerState.java:setRaftConf(373)) - b054e63b-a418-439f-9265-0225a71f074a@group-C1B2006A74B3: set configuration 0: [b054e63b-a418-439f-9265-0225a71f074a|rpc:172.17.0.2:34287|dataStream:|priority:1], old=null
2021-05-19 07:42:10,708 [a14714da-c87c-4361-b393-7e96cf422ed7@group-76E48770978D-FollowerState] INFO  impl.FollowerState (FollowerState.java:run(134)) - a14714da-c87c-4361-b393-7e96cf422ed7@group-76E48770978D-FollowerState: change to CANDIDATE, lastRpcElapsedTime:5107389941ns, electionTimeout:5106ms
2021-05-19 07:42:10,709 [a14714da-c87c-4361-b393-7e96cf422ed7@group-76E48770978D-FollowerState] INFO  impl.RoleInfo (RoleInfo.java:shutdownFollowerState(108)) - a14714da-c87c-4361-b393-7e96cf422ed7: shutdown a14714da-c87c-4361-b393-7e96cf422ed7@group-76E48770978D-FollowerState
2021-05-19 07:42:10,709 [a14714da-c87c-4361-b393-7e96cf422ed7@group-76E48770978D-FollowerState] INFO  server.RaftServer$Division (RaftServerImpl.java:setRole(284)) - a14714da-c87c-4361-b393-7e96cf422ed7@group-76E48770978D: changes role from  FOLLOWER to CANDIDATE at term 1 for changeToCandidate
2021-05-19 07:42:10,709 [a14714da-c87c-4361-b393-7e96cf422ed7@group-76E48770978D-FollowerState] INFO  server.RaftServerConfigKeys (ConfUtils.java:logGet(44)) - raft.server.leaderelection.pre-vote = false (custom)
2021-05-19 07:42:10,709 [a14714da-c87c-4361-b393-7e96cf422ed7@group-76E48770978D-FollowerState] INFO  impl.RoleInfo (RoleInfo.java:updateAndGet(130)) - a14714da-c87c-4361-b393-7e96cf422ed7: start a14714da-c87c-4361-b393-7e96cf422ed7@group-76E48770978D-LeaderElection50
2021-05-19 07:42:10,710 [a14714da-c87c-4361-b393-7e96cf422ed7@group-76E48770978D-LeaderElection50] INFO  impl.LeaderElection (LeaderElection.java:askForVotes(306)) - a14714da-c87c-4361-b393-7e96cf422ed7@group-76E48770978D-LeaderElection50 ELECTION round 0: submit vote requests at term 2 for -1: [a14714da-c87c-4361-b393-7e96cf422ed7|rpc:172.17.0.2:45547|dataStream:|priority:0, 68d4f79f-8ed5-4598-b947-57f9bc979c0e|rpc:172.17.0.2:42729|dataStream:|priority:0, 8e81be81-8cf3-4cb2-af1f-2c1c9bc19b0e|rpc:172.17.0.2:41855|dataStream:|priority:1], old=null
2021-05-19 07:42:10,712 [grpc-default-executor-2] INFO  server.RaftServer$Division (RaftServerImpl.java:requestVote(1042)) - 8e81be81-8cf3-4cb2-af1f-2c1c9bc19b0e@group-76E48770978D: receive requestVote(ELECTION, a14714da-c87c-4361-b393-7e96cf422ed7, group-76E48770978D, 2, (t:0, i:0))
2021-05-19 07:42:10,715 [grpc-default-executor-2] INFO  impl.VoteContext (VoteContext.java:log(48)) - 8e81be81-8cf3-4cb2-af1f-2c1c9bc19b0e@group-76E48770978D-FOLLOWER: reject ELECTION from a14714da-c87c-4361-b393-7e96cf422ed7: our priority 1 > candidate's priority 0
2021-05-19 07:42:10,715 [grpc-default-executor-2] INFO  server.RaftServer$Division (RaftServerImpl.java:setRole(284)) - 8e81be81-8cf3-4cb2-af1f-2c1c9bc19b0e@group-76E48770978D: changes role from  FOLLOWER to FOLLOWER at term 2 for candidate:a14714da-c87c-4361-b393-7e96cf422ed7
2021-05-19 07:42:10,715 [grpc-default-executor-2] INFO  impl.RoleInfo (RoleInfo.java:shutdownFollowerState(108)) - 8e81be81-8cf3-4cb2-af1f-2c1c9bc19b0e: shutdown 8e81be81-8cf3-4cb2-af1f-2c1c9bc19b0e@group-76E48770978D-FollowerState
2021-05-19 07:42:10,715 [grpc-default-executor-2] INFO  impl.RoleInfo (RoleInfo.java:updateAndGet(130)) - 8e81be81-8cf3-4cb2-af1f-2c1c9bc19b0e: start 8e81be81-8cf3-4cb2-af1f-2c1c9bc19b0e@group-76E48770978D-FollowerState
2021-05-19 07:42:10,715 [8e81be81-8cf3-4cb2-af1f-2c1c9bc19b0e@group-76E48770978D-FollowerState] INFO  impl.FollowerState (FollowerState.java:run(143)) - 8e81be81-8cf3-4cb2-af1f-2c1c9bc19b0e@group-76E48770978D-FollowerState was interrupted: {}
java.lang.InterruptedException: sleep interrupted
	at java.lang.Thread.sleep(Native Method)
	at java.lang.Thread.sleep(Thread.java:340)
	at java.util.concurrent.TimeUnit.sleep(TimeUnit.java:386)
	at org.apache.ratis.util.TimeDuration.sleep(TimeDuration.java:324)
	at org.apache.ratis.util.TimeDuration.sleep(TimeDuration.java:309)
	at org.apache.ratis.server.impl.FollowerState.run(FollowerState.java:118)
2021-05-19 07:42:10,716 [grpc-default-executor-2] INFO  server.RaftServer$Division (RaftServerImpl.java:requestVote(1074)) - 8e81be81-8cf3-4cb2-af1f-2c1c9bc19b0e@group-76E48770978D replies to ELECTION vote request: a14714da-c87c-4361-b393-7e96cf422ed7<-8e81be81-8cf3-4cb2-af1f-2c1c9bc19b0e#0:FAIL-t2. Peer's state: 8e81be81-8cf3-4cb2-af1f-2c1c9bc19b0e@group-76E48770978D:t2, leader=null, voted=null, raftlog=8e81be81-8cf3-4cb2-af1f-2c1c9bc19b0e@group-76E48770978D-SegmentedRaftLog:OPENED:c-1,f-1,i0, conf=-1: [a14714da-c87c-4361-b393-7e96cf422ed7|rpc:172.17.0.2:45547|dataStream:|priority:0, 68d4f79f-8ed5-4598-b947-57f9bc979c0e|rpc:172.17.0.2:42729|dataStream:|priority:0, 8e81be81-8cf3-4cb2-af1f-2c1c9bc19b0e|rpc:172.17.0.2:41855|dataStream:|priority:1], old=null
2021-05-19 07:42:10,718 [a14714da-c87c-4361-b393-7e96cf422ed7@group-76E48770978D-LeaderElection50] INFO  impl.LeaderElection (LeaderElection.java:logAndReturn(89)) - a14714da-c87c-4361-b393-7e96cf422ed7@group-76E48770978D-LeaderElection50: ELECTION REJECTED received 1 response(s) and 0 exception(s):
2021-05-19 07:42:10,718 [a14714da-c87c-4361-b393-7e96cf422ed7@group-76E48770978D-LeaderElection50] INFO  impl.LeaderElection (LeaderElection.java:logAndReturn(93)) -   Response 0: a14714da-c87c-4361-b393-7e96cf422ed7<-8e81be81-8cf3-4cb2-af1f-2c1c9bc19b0e#0:FAIL-t2
2021-05-19 07:42:10,718 [a14714da-c87c-4361-b393-7e96cf422ed7@group-76E48770978D-LeaderElection50] INFO  impl.LeaderElection (LeaderElection.java:askForVotes(308)) - a14714da-c87c-4361-b393-7e96cf422ed7@group-76E48770978D-LeaderElection50 ELECTION round 0: result REJECTED
2021-05-19 07:42:10,718 [a14714da-c87c-4361-b393-7e96cf422ed7@group-76E48770978D-LeaderElection50] INFO  server.RaftServer$Division (RaftServerImpl.java:setRole(284)) - a14714da-c87c-4361-b393-7e96cf422ed7@group-76E48770978D: changes role from CANDIDATE to FOLLOWER at term 2 for REJECTED
2021-05-19 07:42:10,718 [a14714da-c87c-4361-b393-7e96cf422ed7@group-76E48770978D-LeaderElection50] INFO  impl.RoleInfo (RoleInfo.java:shutdownLeaderElection(121)) - a14714da-c87c-4361-b393-7e96cf422ed7: shutdown a14714da-c87c-4361-b393-7e96cf422ed7@group-76E48770978D-LeaderElection50
2021-05-19 07:42:10,718 [a14714da-c87c-4361-b393-7e96cf422ed7@group-76E48770978D-LeaderElection50] INFO  impl.RoleInfo (RoleInfo.java:updateAndGet(130)) - a14714da-c87c-4361-b393-7e96cf422ed7: start a14714da-c87c-4361-b393-7e96cf422ed7@group-76E48770978D-FollowerState
2021-05-19 07:42:10,718 [grpc-default-executor-2] INFO  server.RaftServer$Division (RaftServerImpl.java:requestVote(1042)) - 68d4f79f-8ed5-4598-b947-57f9bc979c0e@group-76E48770978D: receive requestVote(ELECTION, a14714da-c87c-4361-b393-7e96cf422ed7, group-76E48770978D, 2, (t:0, i:0))
2021-05-19 07:42:10,718 [grpc-default-executor-2] INFO  impl.VoteContext (VoteContext.java:log(48)) - 68d4f79f-8ed5-4598-b947-57f9bc979c0e@group-76E48770978D-FOLLOWER: accept ELECTION from a14714da-c87c-4361-b393-7e96cf422ed7: our priority 0 <= candidate's priority 0
2021-05-19 07:42:10,718 [grpc-default-executor-2] INFO  server.RaftServer$Division (RaftServerImpl.java:setRole(284)) - 68d4f79f-8ed5-4598-b947-57f9bc979c0e@group-76E48770978D: changes role from  FOLLOWER to FOLLOWER at term 2 for candidate:a14714da-c87c-4361-b393-7e96cf422ed7
2021-05-19 07:42:10,718 [grpc-default-executor-2] INFO  impl.RoleInfo (RoleInfo.java:shutdownFollowerState(108)) - 68d4f79f-8ed5-4598-b947-57f9bc979c0e: shutdown 68d4f79f-8ed5-4598-b947-57f9bc979c0e@group-76E48770978D-FollowerState
2021-05-19 07:42:10,718 [grpc-default-executor-2] INFO  impl.RoleInfo (RoleInfo.java:updateAndGet(130)) - 68d4f79f-8ed5-4598-b947-57f9bc979c0e: start 68d4f79f-8ed5-4598-b947-57f9bc979c0e@group-76E48770978D-FollowerState
2021-05-19 07:42:10,719 [68d4f79f-8ed5-4598-b947-57f9bc979c0e@group-76E48770978D-FollowerState] INFO  impl.FollowerState (FollowerState.java:run(143)) - 68d4f79f-8ed5-4598-b947-57f9bc979c0e@group-76E48770978D-FollowerState was interrupted: {}
java.lang.InterruptedException: sleep interrupted
	at java.lang.Thread.sleep(Native Method)
	at java.lang.Thread.sleep(Thread.java:340)
	at java.util.concurrent.TimeUnit.sleep(TimeUnit.java:386)
	at org.apache.ratis.util.TimeDuration.sleep(TimeDuration.java:324)
	at org.apache.ratis.util.TimeDuration.sleep(TimeDuration.java:309)
	at org.apache.ratis.server.impl.FollowerState.run(FollowerState.java:118)
2021-05-19 07:42:10,720 [grpc-default-executor-2] INFO  server.RaftServer$Division (RaftServerImpl.java:requestVote(1074)) - 68d4f79f-8ed5-4598-b947-57f9bc979c0e@group-76E48770978D replies to ELECTION vote request: a14714da-c87c-4361-b393-7e96cf422ed7<-68d4f79f-8ed5-4598-b947-57f9bc979c0e#0:OK-t2. Peer's state: 68d4f79f-8ed5-4598-b947-57f9bc979c0e@group-76E48770978D:t2, leader=null, voted=a14714da-c87c-4361-b393-7e96cf422ed7, raftlog=68d4f79f-8ed5-4598-b947-57f9bc979c0e@group-76E48770978D-SegmentedRaftLog:OPENED:c-1,f-1,i0, conf=-1: [a14714da-c87c-4361-b393-7e96cf422ed7|rpc:172.17.0.2:45547|priority:0, 68d4f79f-8ed5-4598-b947-57f9bc979c0e|rpc:172.17.0.2:42729|priority:0, 8e81be81-8cf3-4cb2-af1f-2c1c9bc19b0e|rpc:172.17.0.2:41855|priority:1], old=null
2021-05-19 07:42:11,093 [9d983546-4247-4c0f-83b0-40f69e4f4d28@group-03E6AD90B47F-FollowerState] INFO  impl.FollowerState (FollowerState.java:run(134)) - 9d983546-4247-4c0f-83b0-40f69e4f4d28@group-03E6AD90B47F-FollowerState: change to CANDIDATE, lastRpcElapsedTime:5064742733ns, electionTimeout:5064ms
2021-05-19 07:42:11,094 [9d983546-4247-4c0f-83b0-40f69e4f4d28@group-03E6AD90B47F-FollowerState] INFO  impl.RoleInfo (RoleInfo.java:shutdownFollowerState(108)) - 9d983546-4247-4c0f-83b0-40f69e4f4d28: shutdown 9d983546-4247-4c0f-83b0-40f69e4f4d28@group-03E6AD90B47F-FollowerState
2021-05-19 07:42:11,094 [9d983546-4247-4c0f-83b0-40f69e4f4d28@group-03E6AD90B47F-FollowerState] INFO  server.RaftServer$Division (RaftServerImpl.java:setRole(284)) - 9d983546-4247-4c0f-83b0-40f69e4f4d28@group-03E6AD90B47F: changes role from  FOLLOWER to CANDIDATE at term 1 for changeToCandidate
2021-05-19 07:42:11,094 [9d983546-4247-4c0f-83b0-40f69e4f4d28@group-03E6AD90B47F-FollowerState] INFO  server.RaftServerConfigKeys (ConfUtils.java:logGet(44)) - raft.server.leaderelection.pre-vote = false (custom)
2021-05-19 07:42:11,094 [9d983546-4247-4c0f-83b0-40f69e4f4d28@group-03E6AD90B47F-FollowerState] INFO  impl.RoleInfo (RoleInfo.java:updateAndGet(130)) - 9d983546-4247-4c0f-83b0-40f69e4f4d28: start 9d983546-4247-4c0f-83b0-40f69e4f4d28@group-03E6AD90B47F-LeaderElection51
2021-05-19 07:42:11,096 [9d983546-4247-4c0f-83b0-40f69e4f4d28@group-03E6AD90B47F-LeaderElection51] INFO  impl.LeaderElection (LeaderElection.java:askForVotes(306)) - 9d983546-4247-4c0f-83b0-40f69e4f4d28@group-03E6AD90B47F-LeaderElection51 ELECTION round 0: submit vote requests at term 2 for -1: [37b2c1ee-956a-4dec-b232-912a6a25ff9b|rpc:172.17.0.2:35677|dataStream:|priority:0, 9d983546-4247-4c0f-83b0-40f69e4f4d28|rpc:172.17.0.2:36963|dataStream:|priority:1, a4ee1d3f-5505-4afe-8a03-746b4b90cef8|rpc:172.17.0.2:46809|dataStream:|priority:0], old=null
2021-05-19 07:42:11,098 [grpc-default-executor-2] INFO  server.RaftServer$Division (RaftServerImpl.java:requestVote(1042)) - a4ee1d3f-5505-4afe-8a03-746b4b90cef8@group-03E6AD90B47F: receive requestVote(ELECTION, 9d983546-4247-4c0f-83b0-40f69e4f4d28, group-03E6AD90B47F, 2, (t:0, i:0))
2021-05-19 07:42:11,100 [grpc-default-executor-2] INFO  impl.VoteContext (VoteContext.java:log(48)) - a4ee1d3f-5505-4afe-8a03-746b4b90cef8@group-03E6AD90B47F-FOLLOWER: accept ELECTION from 9d983546-4247-4c0f-83b0-40f69e4f4d28: our priority 0 <= candidate's priority 1
2021-05-19 07:42:11,100 [grpc-default-executor-2] INFO  server.RaftServer$Division (RaftServerImpl.java:setRole(284)) - a4ee1d3f-5505-4afe-8a03-746b4b90cef8@group-03E6AD90B47F: changes role from  FOLLOWER to FOLLOWER at term 2 for candidate:9d983546-4247-4c0f-83b0-40f69e4f4d28
2021-05-19 07:42:11,100 [grpc-default-executor-2] INFO  impl.RoleInfo (RoleInfo.java:shutdownFollowerState(108)) - a4ee1d3f-5505-4afe-8a03-746b4b90cef8: shutdown a4ee1d3f-5505-4afe-8a03-746b4b90cef8@group-03E6AD90B47F-FollowerState
2021-05-19 07:42:11,100 [grpc-default-executor-2] INFO  impl.RoleInfo (RoleInfo.java:updateAndGet(130)) - a4ee1d3f-5505-4afe-8a03-746b4b90cef8: start a4ee1d3f-5505-4afe-8a03-746b4b90cef8@group-03E6AD90B47F-FollowerState
2021-05-19 07:42:11,100 [a4ee1d3f-5505-4afe-8a03-746b4b90cef8@group-03E6AD90B47F-FollowerState] INFO  impl.FollowerState (FollowerState.java:run(143)) - a4ee1d3f-5505-4afe-8a03-746b4b90cef8@group-03E6AD90B47F-FollowerState was interrupted: {}
java.lang.InterruptedException: sleep interrupted
	at java.lang.Thread.sleep(Native Method)
	at java.lang.Thread.sleep(Thread.java:340)
	at java.util.concurrent.TimeUnit.sleep(TimeUnit.java:386)
	at org.apache.ratis.util.TimeDuration.sleep(TimeDuration.java:324)
	at org.apache.ratis.util.TimeDuration.sleep(TimeDuration.java:309)
	at org.apache.ratis.server.impl.FollowerState.run(FollowerState.java:118)
2021-05-19 07:42:11,101 [grpc-default-executor-1] INFO  server.RaftServer$Division (RaftServerImpl.java:requestVote(1042)) - 37b2c1ee-956a-4dec-b232-912a6a25ff9b@group-03E6AD90B47F: receive requestVote(ELECTION, 9d983546-4247-4c0f-83b0-40f69e4f4d28, group-03E6AD90B47F, 2, (t:0, i:0))
2021-05-19 07:42:11,101 [grpc-default-executor-1] INFO  impl.VoteContext (VoteContext.java:log(48)) - 37b2c1ee-956a-4dec-b232-912a6a25ff9b@group-03E6AD90B47F-FOLLOWER: accept ELECTION from 9d983546-4247-4c0f-83b0-40f69e4f4d28: our priority 0 <= candidate's priority 1
2021-05-19 07:42:11,101 [grpc-default-executor-1] INFO  server.RaftServer$Division (RaftServerImpl.java:setRole(284)) - 37b2c1ee-956a-4dec-b232-912a6a25ff9b@group-03E6AD90B47F: changes role from  FOLLOWER to FOLLOWER at term 2 for candidate:9d983546-4247-4c0f-83b0-40f69e4f4d28
2021-05-19 07:42:11,101 [grpc-default-executor-1] INFO  impl.RoleInfo (RoleInfo.java:shutdownFollowerState(108)) - 37b2c1ee-956a-4dec-b232-912a6a25ff9b: shutdown 37b2c1ee-956a-4dec-b232-912a6a25ff9b@group-03E6AD90B47F-FollowerState
2021-05-19 07:42:11,101 [grpc-default-executor-1] INFO  impl.RoleInfo (RoleInfo.java:updateAndGet(130)) - 37b2c1ee-956a-4dec-b232-912a6a25ff9b: start 37b2c1ee-956a-4dec-b232-912a6a25ff9b@group-03E6AD90B47F-FollowerState
2021-05-19 07:42:11,101 [37b2c1ee-956a-4dec-b232-912a6a25ff9b@group-03E6AD90B47F-FollowerState] INFO  impl.FollowerState (FollowerState.java:run(143)) - 37b2c1ee-956a-4dec-b232-912a6a25ff9b@group-03E6AD90B47F-FollowerState was interrupted: {}
java.lang.InterruptedException: sleep interrupted
	at java.lang.Thread.sleep(Native Method)
	at java.lang.Thread.sleep(Thread.java:340)
	at java.util.concurrent.TimeUnit.sleep(TimeUnit.java:386)
	at org.apache.ratis.util.TimeDuration.sleep(TimeDuration.java:324)
	at org.apache.ratis.util.TimeDuration.sleep(TimeDuration.java:309)
	at org.apache.ratis.server.impl.FollowerState.run(FollowerState.java:118)
2021-05-19 07:42:11,113 [grpc-default-executor-2] INFO  server.RaftServer$Division (RaftServerImpl.java:requestVote(1074)) - a4ee1d3f-5505-4afe-8a03-746b4b90cef8@group-03E6AD90B47F replies to ELECTION vote request: 9d983546-4247-4c0f-83b0-40f69e4f4d28<-a4ee1d3f-5505-4afe-8a03-746b4b90cef8#0:OK-t2. Peer's state: a4ee1d3f-5505-4afe-8a03-746b4b90cef8@group-03E6AD90B47F:t2, leader=null, voted=9d983546-4247-4c0f-83b0-40f69e4f4d28, raftlog=a4ee1d3f-5505-4afe-8a03-746b4b90cef8@group-03E6AD90B47F-SegmentedRaftLog:OPENED:c-1,f-1,i0, conf=-1: [37b2c1ee-956a-4dec-b232-912a6a25ff9b|rpc:172.17.0.2:35677|dataStream:|priority:0, 9d983546-4247-4c0f-83b0-40f69e4f4d28|rpc:172.17.0.2:36963|dataStream:|priority:1, a4ee1d3f-5505-4afe-8a03-746b4b90cef8|rpc:172.17.0.2:46809|dataStream:|priority:0], old=null
2021-05-19 07:42:11,114 [grpc-default-executor-1] INFO  server.RaftServer$Division (RaftServerImpl.java:requestVote(1074)) - 37b2c1ee-956a-4dec-b232-912a6a25ff9b@group-03E6AD90B47F replies to ELECTION vote request: 9d983546-4247-4c0f-83b0-40f69e4f4d28<-37b2c1ee-956a-4dec-b232-912a6a25ff9b#0:OK-t2. Peer's state: 37b2c1ee-956a-4dec-b232-912a6a25ff9b@group-03E6AD90B47F:t2, leader=null, voted=9d983546-4247-4c0f-83b0-40f69e4f4d28, raftlog=37b2c1ee-956a-4dec-b232-912a6a25ff9b@group-03E6AD90B47F-SegmentedRaftLog:OPENED:c-1,f-1,i0, conf=-1: [37b2c1ee-956a-4dec-b232-912a6a25ff9b|rpc:172.17.0.2:35677|priority:0, 9d983546-4247-4c0f-83b0-40f69e4f4d28|rpc:172.17.0.2:36963|priority:1, a4ee1d3f-5505-4afe-8a03-746b4b90cef8|rpc:172.17.0.2:46809|priority:0], old=null
2021-05-19 07:42:11,114 [9d983546-4247-4c0f-83b0-40f69e4f4d28@group-03E6AD90B47F-LeaderElection51] INFO  impl.LeaderElection (LeaderElection.java:logAndReturn(89)) - 9d983546-4247-4c0f-83b0-40f69e4f4d28@group-03E6AD90B47F-LeaderElection51: ELECTION PASSED received 1 response(s) and 0 exception(s):
2021-05-19 07:42:11,114 [9d983546-4247-4c0f-83b0-40f69e4f4d28@group-03E6AD90B47F-LeaderElection51] INFO  impl.LeaderElection (LeaderElection.java:logAndReturn(93)) -   Response 0: 9d983546-4247-4c0f-83b0-40f69e4f4d28<-a4ee1d3f-5505-4afe-8a03-746b4b90cef8#0:OK-t2
2021-05-19 07:42:11,114 [9d983546-4247-4c0f-83b0-40f69e4f4d28@group-03E6AD90B47F-LeaderElection51] INFO  impl.LeaderElection (LeaderElection.java:askForVotes(308)) - 9d983546-4247-4c0f-83b0-40f69e4f4d28@group-03E6AD90B47F-LeaderElection51 ELECTION round 0: result PASSED
2021-05-19 07:42:11,114 [9d983546-4247-4c0f-83b0-40f69e4f4d28@group-03E6AD90B47F-LeaderElection51] INFO  impl.RoleInfo (RoleInfo.java:shutdownLeaderElection(121)) - 9d983546-4247-4c0f-83b0-40f69e4f4d28: shutdown 9d983546-4247-4c0f-83b0-40f69e4f4d28@group-03E6AD90B47F-LeaderElection51
2021-05-19 07:42:11,114 [9d983546-4247-4c0f-83b0-40f69e4f4d28@group-03E6AD90B47F-LeaderElection51] INFO  server.RaftServer$Division (RaftServerImpl.java:setRole(284)) - 9d983546-4247-4c0f-83b0-40f69e4f4d28@group-03E6AD90B47F: changes role from CANDIDATE to LEADER at term 2 for changeToLeader
2021-05-19 07:42:11,114 [9d983546-4247-4c0f-83b0-40f69e4f4d28@group-03E6AD90B47F-LeaderElection51] INFO  ratis.XceiverServerRatis (XceiverServerRatis.java:handleLeaderChangedNotification(906)) - Leader change notification received for group: group-03E6AD90B47F with new leaderId: 9d983546-4247-4c0f-83b0-40f69e4f4d28
2021-05-19 07:42:11,114 [9d983546-4247-4c0f-83b0-40f69e4f4d28@group-03E6AD90B47F-LeaderElection51] INFO  server.RaftServer$Division (ServerState.java:setLeader(271)) - 9d983546-4247-4c0f-83b0-40f69e4f4d28@group-03E6AD90B47F: change Leader from null to 9d983546-4247-4c0f-83b0-40f69e4f4d28 at term 2 for becomeLeader, leader elected after 10117ms
2021-05-19 07:42:11,114 [9d983546-4247-4c0f-83b0-40f69e4f4d28@group-03E6AD90B47F-LeaderElection51] INFO  server.RaftServerConfigKeys (ConfUtils.java:logGet(44)) - raft.server.staging.catchup.gap = 1000 (default)
2021-05-19 07:42:11,114 [9d983546-4247-4c0f-83b0-40f69e4f4d28@group-03E6AD90B47F-LeaderElection51] INFO  metrics.RatisMetrics (RatisMetrics.java:lambda$create$0(36)) - Creating Metrics Registry : ratis.log_appender.9d983546-4247-4c0f-83b0-40f69e4f4d28@group-03E6AD90B47F
2021-05-19 07:42:11,115 [9d983546-4247-4c0f-83b0-40f69e4f4d28@group-03E6AD90B47F-LeaderElection51] INFO  server.RaftServerConfigKeys (ConfUtils.java:logGet(44)) - raft.server.write.element-limit = 1024 (custom)
2021-05-19 07:42:11,115 [9d983546-4247-4c0f-83b0-40f69e4f4d28@group-03E6AD90B47F-LeaderElection51] INFO  server.RaftServerConfigKeys (ConfUtils.java:logGet(44)) - raft.server.write.byte-limit = 1073741824 (custom)
2021-05-19 07:42:11,115 [9d983546-4247-4c0f-83b0-40f69e4f4d28@group-03E6AD90B47F-LeaderElection51] INFO  server.RaftServerConfigKeys (ConfUtils.java:logGet(44)) - raft.server.watch.timeout = 3000ms (custom)
2021-05-19 07:42:11,115 [9d983546-4247-4c0f-83b0-40f69e4f4d28@group-03E6AD90B47F-LeaderElection51] INFO  server.RaftServerConfigKeys (ConfUtils.java:logGet(44)) - raft.server.watch.timeout.denomination = 1s (default)
2021-05-19 07:42:11,115 [9d983546-4247-4c0f-83b0-40f69e4f4d28@group-03E6AD90B47F-LeaderElection51] INFO  server.RaftServerConfigKeys (ConfUtils.java:logGet(44)) - raft.server.watch.element-limit = 65536 (default)
2021-05-19 07:42:11,115 [9d983546-4247-4c0f-83b0-40f69e4f4d28@group-03E6AD90B47F-LeaderElection51] INFO  server.RaftServerConfigKeys (ConfUtils.java:logGet(44)) - raft.server.log.appender.snapshot.chunk.size.max = 16MB (=16777216) (default)
2021-05-19 07:42:11,115 [9d983546-4247-4c0f-83b0-40f69e4f4d28@group-03E6AD90B47F-LeaderElection51] INFO  server.RaftServerConfigKeys (ConfUtils.java:logGet(44)) - raft.server.log.appender.buffer.byte-limit = 33554432 (custom)
2021-05-19 07:42:11,115 [9d983546-4247-4c0f-83b0-40f69e4f4d28@group-03E6AD90B47F-LeaderElection51] INFO  server.RaftServerConfigKeys (ConfUtils.java:logGet(44)) - raft.server.log.appender.buffer.element-limit = 1 (custom)
2021-05-19 07:42:11,115 [9d983546-4247-4c0f-83b0-40f69e4f4d28@group-03E6AD90B47F-LeaderElection51] INFO  grpc.GrpcConfigKeys (ConfUtils.java:logGet(44)) - raft.grpc.server.leader.outstanding.appends.max = 128 (default)
2021-05-19 07:42:11,115 [9d983546-4247-4c0f-83b0-40f69e4f4d28@group-03E6AD90B47F-LeaderElection51] INFO  server.RaftServerConfigKeys (ConfUtils.java:logGet(44)) - raft.server.rpc.request.timeout = 3000ms (default)
2021-05-19 07:42:11,115 [9d983546-4247-4c0f-83b0-40f69e4f4d28@group-03E6AD90B47F-LeaderElection51] INFO  server.RaftServerConfigKeys (ConfUtils.java:logGet(44)) - raft.server.log.appender.install.snapshot.enabled = false (custom)
2021-05-19 07:42:11,115 [9d983546-4247-4c0f-83b0-40f69e4f4d28@group-03E6AD90B47F-LeaderElection51] INFO  metrics.RatisMetrics (RatisMetrics.java:lambda$create$0(36)) - Creating Metrics Registry : ratis_grpc.log_appender.9d983546-4247-4c0f-83b0-40f69e4f4d28@group-03E6AD90B47F
2021-05-19 07:42:11,116 [9d983546-4247-4c0f-83b0-40f69e4f4d28@group-03E6AD90B47F-LeaderElection51] INFO  server.RaftServerConfigKeys (ConfUtils.java:logGet(44)) - raft.server.log.appender.snapshot.chunk.size.max = 16MB (=16777216) (default)
2021-05-19 07:42:11,116 [9d983546-4247-4c0f-83b0-40f69e4f4d28@group-03E6AD90B47F-LeaderElection51] INFO  server.RaftServerConfigKeys (ConfUtils.java:logGet(44)) - raft.server.log.appender.buffer.byte-limit = 33554432 (custom)
2021-05-19 07:42:11,116 [9d983546-4247-4c0f-83b0-40f69e4f4d28@group-03E6AD90B47F-LeaderElection51] INFO  server.RaftServerConfigKeys (ConfUtils.java:logGet(44)) - raft.server.log.appender.buffer.element-limit = 1 (custom)
2021-05-19 07:42:11,116 [9d983546-4247-4c0f-83b0-40f69e4f4d28@group-03E6AD90B47F-LeaderElection51] INFO  grpc.GrpcConfigKeys (ConfUtils.java:logGet(44)) - raft.grpc.server.leader.outstanding.appends.max = 128 (default)
2021-05-19 07:42:11,116 [9d983546-4247-4c0f-83b0-40f69e4f4d28@group-03E6AD90B47F-LeaderElection51] INFO  server.RaftServerConfigKeys (ConfUtils.java:logGet(44)) - raft.server.rpc.request.timeout = 3000ms (default)
2021-05-19 07:42:11,117 [9d983546-4247-4c0f-83b0-40f69e4f4d28@group-03E6AD90B47F-LeaderElection51] INFO  server.RaftServerConfigKeys (ConfUtils.java:logGet(44)) - raft.server.log.appender.install.snapshot.enabled = false (custom)
2021-05-19 07:42:11,117 [9d983546-4247-4c0f-83b0-40f69e4f4d28@group-03E6AD90B47F-LeaderElection51] INFO  impl.RoleInfo (RoleInfo.java:updateAndGet(130)) - 9d983546-4247-4c0f-83b0-40f69e4f4d28: start 9d983546-4247-4c0f-83b0-40f69e4f4d28@group-03E6AD90B47F-LeaderStateImpl
2021-05-19 07:42:11,118 [9d983546-4247-4c0f-83b0-40f69e4f4d28@group-03E6AD90B47F-LeaderElection51] INFO  segmented.SegmentedRaftLogWorker (SegmentedRaftLogWorker.java:startLogSegment(394)) - 9d983546-4247-4c0f-83b0-40f69e4f4d28@group-03E6AD90B47F-SegmentedRaftLogWorker: Starting segment from index:0
2021-05-19 07:42:11,119 [EventQueue-PipelineReportForPipelineReportHandler] INFO  pipeline.PipelineManagerV2Impl (PipelineManagerV2Impl.java:openPipeline(270)) - Pipeline Pipeline[ Id: 5b0e428d-fccc-451c-957f-03e6ad90b47f, Nodes: a4ee1d3f-5505-4afe-8a03-746b4b90cef8{ip: 172.17.0.2, host: 3974e5c036b4, ports: [REPLICATION=43531, RATIS=46809, RATIS_ADMIN=46809, RATIS_SERVER=46809, STANDALONE=36497], networkLocation: /default-rack, certSerialId: null, persistedOpState: IN_SERVICE, persistedOpStateExpiryEpochSec: 0}37b2c1ee-956a-4dec-b232-912a6a25ff9b{ip: 172.17.0.2, host: 3974e5c036b4, ports: [REPLICATION=33365, RATIS=35677, RATIS_ADMIN=35677, RATIS_SERVER=35677, STANDALONE=37521], networkLocation: /default-rack, certSerialId: null, persistedOpState: IN_SERVICE, persistedOpStateExpiryEpochSec: 0}9d983546-4247-4c0f-83b0-40f69e4f4d28{ip: 172.17.0.2, host: 3974e5c036b4, ports: [REPLICATION=38577, RATIS=36963, RATIS_ADMIN=36963, RATIS_SERVER=36963, STANDALONE=35805], networkLocation: /default-rack, certSerialId: null, persistedOpState: IN_SERVICE, persistedOpStateExpiryEpochSec: 0}, ReplicationConfig: RATIS/THREE, State:ALLOCATED, leaderId:9d983546-4247-4c0f-83b0-40f69e4f4d28, CreationTimestamp2021-05-19T07:41:58.343Z] moved to OPEN state
2021-05-19 07:42:11,120 [9d983546-4247-4c0f-83b0-40f69e4f4d28@group-03E6AD90B47F-SegmentedRaftLogWorker] INFO  segmented.SegmentedRaftLogWorker (SegmentedRaftLogWorker.java:execute(601)) - 9d983546-4247-4c0f-83b0-40f69e4f4d28@group-03E6AD90B47F-SegmentedRaftLogWorker: created new log segment /github/workspace/mnt/ozone/hadoop-ozone/integration-test/target/test-dir/MiniOzoneClusterImpl-952c9dfc-8967-4523-b06f-60d3bd5de2bf/datanode-5/data/ratis/5b0e428d-fccc-451c-957f-03e6ad90b47f/current/log_inprogress_0
2021-05-19 07:42:11,125 [grpc-default-executor-2] INFO  ratis.XceiverServerRatis (XceiverServerRatis.java:handleLeaderChangedNotification(906)) - Leader change notification received for group: group-03E6AD90B47F with new leaderId: 9d983546-4247-4c0f-83b0-40f69e4f4d28
2021-05-19 07:42:11,125 [grpc-default-executor-2] INFO  server.RaftServer$Division (ServerState.java:setLeader(271)) - 37b2c1ee-956a-4dec-b232-912a6a25ff9b@group-03E6AD90B47F: change Leader from null to 9d983546-4247-4c0f-83b0-40f69e4f4d28 at term 2 for appendEntries, leader elected after 10176ms
2021-05-19 07:42:11,130 [grpc-default-executor-1] INFO  ratis.XceiverServerRatis (XceiverServerRatis.java:handleLeaderChangedNotification(906)) - Leader change notification received for group: group-03E6AD90B47F with new leaderId: 9d983546-4247-4c0f-83b0-40f69e4f4d28
2021-05-19 07:42:11,130 [grpc-default-executor-1] INFO  server.RaftServer$Division (ServerState.java:setLeader(271)) - a4ee1d3f-5505-4afe-8a03-746b4b90cef8@group-03E6AD90B47F: change Leader from null to 9d983546-4247-4c0f-83b0-40f69e4f4d28 at term 2 for appendEntries, leader elected after 10161ms
2021-05-19 07:42:11,134 [9d983546-4247-4c0f-83b0-40f69e4f4d28@group-03E6AD90B47F-LeaderElection51] INFO  server.RaftServer$Division (ServerState.java:setRaftConf(373)) - 9d983546-4247-4c0f-83b0-40f69e4f4d28@group-03E6AD90B47F: set configuration 0: [37b2c1ee-956a-4dec-b232-912a6a25ff9b|rpc:172.17.0.2:35677|dataStream:|priority:0, 9d983546-4247-4c0f-83b0-40f69e4f4d28|rpc:172.17.0.2:36963|dataStream:|priority:1, a4ee1d3f-5505-4afe-8a03-746b4b90cef8|rpc:172.17.0.2:46809|dataStream:|priority:0], old=null
2021-05-19 07:42:11,134 [grpc-default-executor-2] INFO  server.RaftServer$Division (ServerState.java:setRaftConf(373)) - 37b2c1ee-956a-4dec-b232-912a6a25ff9b@group-03E6AD90B47F: set configuration 0: [37b2c1ee-956a-4dec-b232-912a6a25ff9b|rpc:172.17.0.2:35677|dataStream:|priority:0, 9d983546-4247-4c0f-83b0-40f69e4f4d28|rpc:172.17.0.2:36963|dataStream:|priority:1, a4ee1d3f-5505-4afe-8a03-746b4b90cef8|rpc:172.17.0.2:46809|dataStream:|priority:0], old=null
2021-05-19 07:42:11,135 [grpc-default-executor-2] INFO  segmented.SegmentedRaftLogWorker (SegmentedRaftLogWorker.java:startLogSegment(394)) - 37b2c1ee-956a-4dec-b232-912a6a25ff9b@group-03E6AD90B47F-SegmentedRaftLogWorker: Starting segment from index:0
2021-05-19 07:42:11,136 [37b2c1ee-956a-4dec-b232-912a6a25ff9b@group-03E6AD90B47F-SegmentedRaftLogWorker] INFO  segmented.SegmentedRaftLogWorker (SegmentedRaftLogWorker.java:execute(601)) - 37b2c1ee-956a-4dec-b232-912a6a25ff9b@group-03E6AD90B47F-SegmentedRaftLogWorker: created new log segment /github/workspace/mnt/ozone/hadoop-ozone/integration-test/target/test-dir/MiniOzoneClusterImpl-952c9dfc-8967-4523-b06f-60d3bd5de2bf/datanode-3/data/ratis/5b0e428d-fccc-451c-957f-03e6ad90b47f/current/log_inprogress_0
2021-05-19 07:42:11,139 [grpc-default-executor-1] INFO  server.RaftServer$Division (ServerState.java:setRaftConf(373)) - a4ee1d3f-5505-4afe-8a03-746b4b90cef8@group-03E6AD90B47F: set configuration 0: [37b2c1ee-956a-4dec-b232-912a6a25ff9b|rpc:172.17.0.2:35677|dataStream:|priority:0, 9d983546-4247-4c0f-83b0-40f69e4f4d28|rpc:172.17.0.2:36963|dataStream:|priority:1, a4ee1d3f-5505-4afe-8a03-746b4b90cef8|rpc:172.17.0.2:46809|dataStream:|priority:0], old=null
2021-05-19 07:42:11,139 [grpc-default-executor-1] INFO  segmented.SegmentedRaftLogWorker (SegmentedRaftLogWorker.java:startLogSegment(394)) - a4ee1d3f-5505-4afe-8a03-746b4b90cef8@group-03E6AD90B47F-SegmentedRaftLogWorker: Starting segment from index:0
2021-05-19 07:42:11,141 [a4ee1d3f-5505-4afe-8a03-746b4b90cef8@group-03E6AD90B47F-SegmentedRaftLogWorker] INFO  segmented.SegmentedRaftLogWorker (SegmentedRaftLogWorker.java:execute(601)) - a4ee1d3f-5505-4afe-8a03-746b4b90cef8@group-03E6AD90B47F-SegmentedRaftLogWorker: created new log segment /github/workspace/mnt/ozone/hadoop-ozone/integration-test/target/test-dir/MiniOzoneClusterImpl-952c9dfc-8967-4523-b06f-60d3bd5de2bf/datanode-4/data/ratis/5b0e428d-fccc-451c-957f-03e6ad90b47f/current/log_inprogress_0
2021-05-19 07:42:11,176 [9d983546-4247-4c0f-83b0-40f69e4f4d28@group-B061D1CC775E-FollowerState] INFO  impl.FollowerState (FollowerState.java:run(134)) - 9d983546-4247-4c0f-83b0-40f69e4f4d28@group-B061D1CC775E-FollowerState: change to CANDIDATE, lastRpcElapsedTime:5060276022ns, electionTimeout:5060ms
2021-05-19 07:42:11,176 [9d983546-4247-4c0f-83b0-40f69e4f4d28@group-B061D1CC775E-FollowerState] INFO  impl.RoleInfo (RoleInfo.java:shutdownFollowerState(108)) - 9d983546-4247-4c0f-83b0-40f69e4f4d28: shutdown 9d983546-4247-4c0f-83b0-40f69e4f4d28@group-B061D1CC775E-FollowerState
2021-05-19 07:42:11,176 [9d983546-4247-4c0f-83b0-40f69e4f4d28@group-B061D1CC775E-FollowerState] INFO  server.RaftServer$Division (RaftServerImpl.java:setRole(284)) - 9d983546-4247-4c0f-83b0-40f69e4f4d28@group-B061D1CC775E: changes role from  FOLLOWER to CANDIDATE at term 1 for changeToCandidate
2021-05-19 07:42:11,176 [9d983546-4247-4c0f-83b0-40f69e4f4d28@group-B061D1CC775E-FollowerState] INFO  server.RaftServerConfigKeys (ConfUtils.java:logGet(44)) - raft.server.leaderelection.pre-vote = false (custom)
2021-05-19 07:42:11,176 [9d983546-4247-4c0f-83b0-40f69e4f4d28@group-B061D1CC775E-FollowerState] INFO  impl.RoleInfo (RoleInfo.java:updateAndGet(130)) - 9d983546-4247-4c0f-83b0-40f69e4f4d28: start 9d983546-4247-4c0f-83b0-40f69e4f4d28@group-B061D1CC775E-LeaderElection52
2021-05-19 07:42:11,178 [9d983546-4247-4c0f-83b0-40f69e4f4d28@group-B061D1CC775E-LeaderElection52] INFO  impl.LeaderElection (LeaderElection.java:askForVotes(306)) - 9d983546-4247-4c0f-83b0-40f69e4f4d28@group-B061D1CC775E-LeaderElection52 ELECTION round 0: submit vote requests at term 2 for -1: [37b2c1ee-956a-4dec-b232-912a6a25ff9b|rpc:172.17.0.2:35677|dataStream:|priority:0, 9d983546-4247-4c0f-83b0-40f69e4f4d28|rpc:172.17.0.2:36963|dataStream:|priority:0, a4ee1d3f-5505-4afe-8a03-746b4b90cef8|rpc:172.17.0.2:46809|dataStream:|priority:1], old=null
2021-05-19 07:42:11,179 [grpc-default-executor-1] INFO  server.RaftServer$Division (RaftServerImpl.java:requestVote(1042)) - 37b2c1ee-956a-4dec-b232-912a6a25ff9b@group-B061D1CC775E: receive requestVote(ELECTION, 9d983546-4247-4c0f-83b0-40f69e4f4d28, group-B061D1CC775E, 2, (t:0, i:0))
2021-05-19 07:42:11,181 [grpc-default-executor-1] INFO  impl.VoteContext (VoteContext.java:log(48)) - 37b2c1ee-956a-4dec-b232-912a6a25ff9b@group-B061D1CC775E-FOLLOWER: accept ELECTION from 9d983546-4247-4c0f-83b0-40f69e4f4d28: our priority 0 <= candidate's priority 0
2021-05-19 07:42:11,181 [grpc-default-executor-1] INFO  server.RaftServer$Division (RaftServerImpl.java:setRole(284)) - 37b2c1ee-956a-4dec-b232-912a6a25ff9b@group-B061D1CC775E: changes role from  FOLLOWER to FOLLOWER at term 2 for candidate:9d983546-4247-4c0f-83b0-40f69e4f4d28
2021-05-19 07:42:11,181 [grpc-default-executor-1] INFO  impl.RoleInfo (RoleInfo.java:shutdownFollowerState(108)) - 37b2c1ee-956a-4dec-b232-912a6a25ff9b: shutdown 37b2c1ee-956a-4dec-b232-912a6a25ff9b@group-B061D1CC775E-FollowerState
2021-05-19 07:42:11,181 [grpc-default-executor-1] INFO  impl.RoleInfo (RoleInfo.java:updateAndGet(130)) - 37b2c1ee-956a-4dec-b232-912a6a25ff9b: start 37b2c1ee-956a-4dec-b232-912a6a25ff9b@group-B061D1CC775E-FollowerState
2021-05-19 07:42:11,181 [37b2c1ee-956a-4dec-b232-912a6a25ff9b@group-B061D1CC775E-FollowerState] INFO  impl.FollowerState (FollowerState.java:run(143)) - 37b2c1ee-956a-4dec-b232-912a6a25ff9b@group-B061D1CC775E-FollowerState was interrupted: {}
java.lang.InterruptedException: sleep interrupted
	at java.lang.Thread.sleep(Native Method)
	at java.lang.Thread.sleep(Thread.java:340)
	at java.util.concurrent.TimeUnit.sleep(TimeUnit.java:386)
	at org.apache.ratis.util.TimeDuration.sleep(TimeDuration.java:324)
	at org.apache.ratis.util.TimeDuration.sleep(TimeDuration.java:309)
	at org.apache.ratis.server.impl.FollowerState.run(FollowerState.java:118)
2021-05-19 07:42:11,182 [grpc-default-executor-2] INFO  server.RaftServer$Division (RaftServerImpl.java:requestVote(1042)) - a4ee1d3f-5505-4afe-8a03-746b4b90cef8@group-B061D1CC775E: receive requestVote(ELECTION, 9d983546-4247-4c0f-83b0-40f69e4f4d28, group-B061D1CC775E, 2, (t:0, i:0))
2021-05-19 07:42:11,182 [grpc-default-executor-2] INFO  impl.VoteContext (VoteContext.java:log(48)) - a4ee1d3f-5505-4afe-8a03-746b4b90cef8@group-B061D1CC775E-FOLLOWER: reject ELECTION from 9d983546-4247-4c0f-83b0-40f69e4f4d28: our priority 1 > candidate's priority 0
2021-05-19 07:42:11,182 [grpc-default-executor-2] INFO  server.RaftServer$Division (RaftServerImpl.java:setRole(284)) - a4ee1d3f-5505-4afe-8a03-746b4b90cef8@group-B061D1CC775E: changes role from  FOLLOWER to FOLLOWER at term 2 for candidate:9d983546-4247-4c0f-83b0-40f69e4f4d28
2021-05-19 07:42:11,182 [grpc-default-executor-2] INFO  impl.RoleInfo (RoleInfo.java:shutdownFollowerState(108)) - a4ee1d3f-5505-4afe-8a03-746b4b90cef8: shutdown a4ee1d3f-5505-4afe-8a03-746b4b90cef8@group-B061D1CC775E-FollowerState
2021-05-19 07:42:11,182 [grpc-default-executor-2] INFO  impl.RoleInfo (RoleInfo.java:updateAndGet(130)) - a4ee1d3f-5505-4afe-8a03-746b4b90cef8: start a4ee1d3f-5505-4afe-8a03-746b4b90cef8@group-B061D1CC775E-FollowerState
2021-05-19 07:42:11,183 [a4ee1d3f-5505-4afe-8a03-746b4b90cef8@group-B061D1CC775E-FollowerState] INFO  impl.FollowerState (FollowerState.java:run(143)) - a4ee1d3f-5505-4afe-8a03-746b4b90cef8@group-B061D1CC775E-FollowerState was interrupted: {}
java.lang.InterruptedException: sleep interrupted
	at java.lang.Thread.sleep(Native Method)
	at java.lang.Thread.sleep(Thread.java:340)
	at java.util.concurrent.TimeUnit.sleep(TimeUnit.java:386)
	at org.apache.ratis.util.TimeDuration.sleep(TimeDuration.java:324)
	at org.apache.ratis.util.TimeDuration.sleep(TimeDuration.java:309)
	at org.apache.ratis.server.impl.FollowerState.run(FollowerState.java:118)
2021-05-19 07:42:11,183 [grpc-default-executor-1] INFO  server.RaftServer$Division (RaftServerImpl.java:requestVote(1074)) - 37b2c1ee-956a-4dec-b232-912a6a25ff9b@group-B061D1CC775E replies to ELECTION vote request: 9d983546-4247-4c0f-83b0-40f69e4f4d28<-37b2c1ee-956a-4dec-b232-912a6a25ff9b#0:OK-t2. Peer's state: 37b2c1ee-956a-4dec-b232-912a6a25ff9b@group-B061D1CC775E:t2, leader=null, voted=9d983546-4247-4c0f-83b0-40f69e4f4d28, raftlog=37b2c1ee-956a-4dec-b232-912a6a25ff9b@group-B061D1CC775E-SegmentedRaftLog:OPENED:c-1,f-1,i0, conf=-1: [37b2c1ee-956a-4dec-b232-912a6a25ff9b|rpc:172.17.0.2:35677|priority:0, 9d983546-4247-4c0f-83b0-40f69e4f4d28|rpc:172.17.0.2:36963|priority:0, a4ee1d3f-5505-4afe-8a03-746b4b90cef8|rpc:172.17.0.2:46809|priority:1], old=null
2021-05-19 07:42:11,184 [grpc-default-executor-2] INFO  server.RaftServer$Division (RaftServerImpl.java:requestVote(1074)) - a4ee1d3f-5505-4afe-8a03-746b4b90cef8@group-B061D1CC775E replies to ELECTION vote request: 9d983546-4247-4c0f-83b0-40f69e4f4d28<-a4ee1d3f-5505-4afe-8a03-746b4b90cef8#0:FAIL-t2. Peer's state: a4ee1d3f-5505-4afe-8a03-746b4b90cef8@group-B061D1CC775E:t2, leader=null, voted=null, raftlog=a4ee1d3f-5505-4afe-8a03-746b4b90cef8@group-B061D1CC775E-SegmentedRaftLog:OPENED:c-1,f-1,i0, conf=-1: [37b2c1ee-956a-4dec-b232-912a6a25ff9b|rpc:172.17.0.2:35677|dataStream:|priority:0, 9d983546-4247-4c0f-83b0-40f69e4f4d28|rpc:172.17.0.2:36963|dataStream:|priority:0, a4ee1d3f-5505-4afe-8a03-746b4b90cef8|rpc:172.17.0.2:46809|dataStream:|priority:1], old=null
2021-05-19 07:42:11,184 [9d983546-4247-4c0f-83b0-40f69e4f4d28@group-B061D1CC775E-LeaderElection52] INFO  impl.LeaderElection (LeaderElection.java:logAndReturn(89)) - 9d983546-4247-4c0f-83b0-40f69e4f4d28@group-B061D1CC775E-LeaderElection52: ELECTION REJECTED received 1 response(s) and 0 exception(s):
2021-05-19 07:42:11,185 [9d983546-4247-4c0f-83b0-40f69e4f4d28@group-B061D1CC775E-LeaderElection52] INFO  impl.LeaderElection (LeaderElection.java:logAndReturn(93)) -   Response 0: 9d983546-4247-4c0f-83b0-40f69e4f4d28<-a4ee1d3f-5505-4afe-8a03-746b4b90cef8#0:FAIL-t2
2021-05-19 07:42:11,185 [9d983546-4247-4c0f-83b0-40f69e4f4d28@group-B061D1CC775E-LeaderElection52] INFO  impl.LeaderElection (LeaderElection.java:askForVotes(308)) - 9d983546-4247-4c0f-83b0-40f69e4f4d28@group-B061D1CC775E-LeaderElection52 ELECTION round 0: result REJECTED
2021-05-19 07:42:11,185 [9d983546-4247-4c0f-83b0-40f69e4f4d28@group-B061D1CC775E-LeaderElection52] INFO  server.RaftServer$Division (RaftServerImpl.java:setRole(284)) - 9d983546-4247-4c0f-83b0-40f69e4f4d28@group-B061D1CC775E: changes role from CANDIDATE to FOLLOWER at term 2 for REJECTED
2021-05-19 07:42:11,185 [9d983546-4247-4c0f-83b0-40f69e4f4d28@group-B061D1CC775E-LeaderElection52] INFO  impl.RoleInfo (RoleInfo.java:shutdownLeaderElection(121)) - 9d983546-4247-4c0f-83b0-40f69e4f4d28: shutdown 9d983546-4247-4c0f-83b0-40f69e4f4d28@group-B061D1CC775E-LeaderElection52
2021-05-19 07:42:11,185 [9d983546-4247-4c0f-83b0-40f69e4f4d28@group-B061D1CC775E-LeaderElection52] INFO  impl.RoleInfo (RoleInfo.java:updateAndGet(130)) - 9d983546-4247-4c0f-83b0-40f69e4f4d28: start 9d983546-4247-4c0f-83b0-40f69e4f4d28@group-B061D1CC775E-FollowerState
2021-05-19 07:42:11,255 [37b2c1ee-956a-4dec-b232-912a6a25ff9b@group-D5E61D3659AC-FollowerState] INFO  impl.FollowerState (FollowerState.java:run(134)) - 37b2c1ee-956a-4dec-b232-912a6a25ff9b@group-D5E61D3659AC-FollowerState: change to CANDIDATE, lastRpcElapsedTime:5067394940ns, electionTimeout:5066ms
2021-05-19 07:42:11,255 [37b2c1ee-956a-4dec-b232-912a6a25ff9b@group-D5E61D3659AC-FollowerState] INFO  impl.RoleInfo (RoleInfo.java:shutdownFollowerState(108)) - 37b2c1ee-956a-4dec-b232-912a6a25ff9b: shutdown 37b2c1ee-956a-4dec-b232-912a6a25ff9b@group-D5E61D3659AC-FollowerState
2021-05-19 07:42:11,255 [37b2c1ee-956a-4dec-b232-912a6a25ff9b@group-D5E61D3659AC-FollowerState] INFO  server.RaftServer$Division (RaftServerImpl.java:setRole(284)) - 37b2c1ee-956a-4dec-b232-912a6a25ff9b@group-D5E61D3659AC: changes role from  FOLLOWER to CANDIDATE at term 1 for changeToCandidate
2021-05-19 07:42:11,255 [37b2c1ee-956a-4dec-b232-912a6a25ff9b@group-D5E61D3659AC-FollowerState] INFO  server.RaftServerConfigKeys (ConfUtils.java:logGet(44)) - raft.server.leaderelection.pre-vote = false (custom)
2021-05-19 07:42:11,255 [37b2c1ee-956a-4dec-b232-912a6a25ff9b@group-D5E61D3659AC-FollowerState] INFO  impl.RoleInfo (RoleInfo.java:updateAndGet(130)) - 37b2c1ee-956a-4dec-b232-912a6a25ff9b: start 37b2c1ee-956a-4dec-b232-912a6a25ff9b@group-D5E61D3659AC-LeaderElection53
2021-05-19 07:42:11,258 [37b2c1ee-956a-4dec-b232-912a6a25ff9b@group-D5E61D3659AC-LeaderElection53] INFO  impl.LeaderElection (LeaderElection.java:askForVotes(306)) - 37b2c1ee-956a-4dec-b232-912a6a25ff9b@group-D5E61D3659AC-LeaderElection53 ELECTION round 0: submit vote requests at term 2 for -1: [37b2c1ee-956a-4dec-b232-912a6a25ff9b|rpc:172.17.0.2:35677|priority:1, 9d983546-4247-4c0f-83b0-40f69e4f4d28|rpc:172.17.0.2:36963|priority:0, a4ee1d3f-5505-4afe-8a03-746b4b90cef8|rpc:172.17.0.2:46809|priority:0], old=null
2021-05-19 07:42:11,260 [grpc-default-executor-2] INFO  server.RaftServer$Division (RaftServerImpl.java:requestVote(1042)) - 9d983546-4247-4c0f-83b0-40f69e4f4d28@group-D5E61D3659AC: receive requestVote(ELECTION, 37b2c1ee-956a-4dec-b232-912a6a25ff9b, group-D5E61D3659AC, 2, (t:0, i:0))
2021-05-19 07:42:11,260 [grpc-default-executor-2] INFO  impl.VoteContext (VoteContext.java:log(48)) - 9d983546-4247-4c0f-83b0-40f69e4f4d28@group-D5E61D3659AC-FOLLOWER: accept ELECTION from 37b2c1ee-956a-4dec-b232-912a6a25ff9b: our priority 0 <= candidate's priority 1
2021-05-19 07:42:11,260 [grpc-default-executor-2] INFO  server.RaftServer$Division (RaftServerImpl.java:setRole(284)) - 9d983546-4247-4c0f-83b0-40f69e4f4d28@group-D5E61D3659AC: changes role from  FOLLOWER to FOLLOWER at term 2 for candidate:37b2c1ee-956a-4dec-b232-912a6a25ff9b
2021-05-19 07:42:11,260 [grpc-default-executor-2] INFO  impl.RoleInfo (RoleInfo.java:shutdownFollowerState(108)) - 9d983546-4247-4c0f-83b0-40f69e4f4d28: shutdown 9d983546-4247-4c0f-83b0-40f69e4f4d28@group-D5E61D3659AC-FollowerState
2021-05-19 07:42:11,260 [grpc-default-executor-2] INFO  impl.RoleInfo (RoleInfo.java:updateAndGet(130)) - 9d983546-4247-4c0f-83b0-40f69e4f4d28: start 9d983546-4247-4c0f-83b0-40f69e4f4d28@group-D5E61D3659AC-FollowerState
2021-05-19 07:42:11,260 [9d983546-4247-4c0f-83b0-40f69e4f4d28@group-D5E61D3659AC-FollowerState] INFO  impl.FollowerState (FollowerState.java:run(143)) - 9d983546-4247-4c0f-83b0-40f69e4f4d28@group-D5E61D3659AC-FollowerState was interrupted: {}
java.lang.InterruptedException: sleep interrupted
	at java.lang.Thread.sleep(Native Method)
	at java.lang.Thread.sleep(Thread.java:340)
	at java.util.concurrent.TimeUnit.sleep(TimeUnit.java:386)
	at org.apache.ratis.util.TimeDuration.sleep(TimeDuration.java:324)
	at org.apache.ratis.util.TimeDuration.sleep(TimeDuration.java:309)
	at org.apache.ratis.server.impl.FollowerState.run(FollowerState.java:118)
2021-05-19 07:42:11,261 [grpc-default-executor-1] INFO  server.RaftServer$Division (RaftServerImpl.java:requestVote(1042)) - a4ee1d3f-5505-4afe-8a03-746b4b90cef8@group-D5E61D3659AC: receive requestVote(ELECTION, 37b2c1ee-956a-4dec-b232-912a6a25ff9b, group-D5E61D3659AC, 2, (t:0, i:0))
2021-05-19 07:42:11,261 [grpc-default-executor-1] INFO  impl.VoteContext (VoteContext.java:log(48)) - a4ee1d3f-5505-4afe-8a03-746b4b90cef8@group-D5E61D3659AC-FOLLOWER: accept ELECTION from 37b2c1ee-956a-4dec-b232-912a6a25ff9b: our priority 0 <= candidate's priority 1
2021-05-19 07:42:11,261 [grpc-default-executor-1] INFO  server.RaftServer$Division (RaftServerImpl.java:setRole(284)) - a4ee1d3f-5505-4afe-8a03-746b4b90cef8@group-D5E61D3659AC: changes role from  FOLLOWER to FOLLOWER at term 2 for candidate:37b2c1ee-956a-4dec-b232-912a6a25ff9b
2021-05-19 07:42:11,261 [grpc-default-executor-1] INFO  impl.RoleInfo (RoleInfo.java:shutdownFollowerState(108)) - a4ee1d3f-5505-4afe-8a03-746b4b90cef8: shutdown a4ee1d3f-5505-4afe-8a03-746b4b90cef8@group-D5E61D3659AC-FollowerState
2021-05-19 07:42:11,262 [grpc-default-executor-1] INFO  impl.RoleInfo (RoleInfo.java:updateAndGet(130)) - a4ee1d3f-5505-4afe-8a03-746b4b90cef8: start a4ee1d3f-5505-4afe-8a03-746b4b90cef8@group-D5E61D3659AC-FollowerState
2021-05-19 07:42:11,262 [a4ee1d3f-5505-4afe-8a03-746b4b90cef8@group-D5E61D3659AC-FollowerState] INFO  impl.FollowerState (FollowerState.java:run(143)) - a4ee1d3f-5505-4afe-8a03-746b4b90cef8@group-D5E61D3659AC-FollowerState was interrupted: {}
java.lang.InterruptedException: sleep interrupted
	at java.lang.Thread.sleep(Native Method)
	at java.lang.Thread.sleep(Thread.java:340)
	at java.util.concurrent.TimeUnit.sleep(TimeUnit.java:386)
	at org.apache.ratis.util.TimeDuration.sleep(TimeDuration.java:324)
	at org.apache.ratis.util.TimeDuration.sleep(TimeDuration.java:309)
	at org.apache.ratis.server.impl.FollowerState.run(FollowerState.java:118)
2021-05-19 07:42:11,263 [grpc-default-executor-2] INFO  server.RaftServer$Division (RaftServerImpl.java:requestVote(1074)) - 9d983546-4247-4c0f-83b0-40f69e4f4d28@group-D5E61D3659AC replies to ELECTION vote request: 37b2c1ee-956a-4dec-b232-912a6a25ff9b<-9d983546-4247-4c0f-83b0-40f69e4f4d28#0:OK-t2. Peer's state: 9d983546-4247-4c0f-83b0-40f69e4f4d28@group-D5E61D3659AC:t2, leader=null, voted=37b2c1ee-956a-4dec-b232-912a6a25ff9b, raftlog=9d983546-4247-4c0f-83b0-40f69e4f4d28@group-D5E61D3659AC-SegmentedRaftLog:OPENED:c-1,f-1,i0, conf=-1: [37b2c1ee-956a-4dec-b232-912a6a25ff9b|rpc:172.17.0.2:35677|dataStream:|priority:1, 9d983546-4247-4c0f-83b0-40f69e4f4d28|rpc:172.17.0.2:36963|dataStream:|priority:0, a4ee1d3f-5505-4afe-8a03-746b4b90cef8|rpc:172.17.0.2:46809|dataStream:|priority:0], old=null
2021-05-19 07:42:11,264 [37b2c1ee-956a-4dec-b232-912a6a25ff9b@group-D5E61D3659AC-LeaderElection53] INFO  impl.LeaderElection (LeaderElection.java:logAndReturn(89)) - 37b2c1ee-956a-4dec-b232-912a6a25ff9b@group-D5E61D3659AC-LeaderElection53: ELECTION PASSED received 1 response(s) and 0 exception(s):
2021-05-19 07:42:11,264 [37b2c1ee-956a-4dec-b232-912a6a25ff9b@group-D5E61D3659AC-LeaderElection53] INFO  impl.LeaderElection (LeaderElection.java:logAndReturn(93)) -   Response 0: 37b2c1ee-956a-4dec-b232-912a6a25ff9b<-9d983546-4247-4c0f-83b0-40f69e4f4d28#0:OK-t2
2021-05-19 07:42:11,264 [37b2c1ee-956a-4dec-b232-912a6a25ff9b@group-D5E61D3659AC-LeaderElection53] INFO  impl.LeaderElection (LeaderElection.java:askForVotes(308)) - 37b2c1ee-956a-4dec-b232-912a6a25ff9b@group-D5E61D3659AC-LeaderElection53 ELECTION round 0: result PASSED
2021-05-19 07:42:11,264 [37b2c1ee-956a-4dec-b232-912a6a25ff9b@group-D5E61D3659AC-LeaderElection53] INFO  impl.RoleInfo (RoleInfo.java:shutdownLeaderElection(121)) - 37b2c1ee-956a-4dec-b232-912a6a25ff9b: shutdown 37b2c1ee-956a-4dec-b232-912a6a25ff9b@group-D5E61D3659AC-LeaderElection53
2021-05-19 07:42:11,264 [37b2c1ee-956a-4dec-b232-912a6a25ff9b@group-D5E61D3659AC-LeaderElection53] INFO  server.RaftServer$Division (RaftServerImpl.java:setRole(284)) - 37b2c1ee-956a-4dec-b232-912a6a25ff9b@group-D5E61D3659AC: changes role from CANDIDATE to LEADER at term 2 for changeToLeader
2021-05-19 07:42:11,264 [37b2c1ee-956a-4dec-b232-912a6a25ff9b@group-D5E61D3659AC-LeaderElection53] INFO  ratis.XceiverServerRatis (XceiverServerRatis.java:handleLeaderChangedNotification(906)) - Leader change notification received for group: group-D5E61D3659AC with new leaderId: 37b2c1ee-956a-4dec-b232-912a6a25ff9b
2021-05-19 07:42:11,264 [37b2c1ee-956a-4dec-b232-912a6a25ff9b@group-D5E61D3659AC-LeaderElection53] INFO  server.RaftServer$Division (ServerState.java:setLeader(271)) - 37b2c1ee-956a-4dec-b232-912a6a25ff9b@group-D5E61D3659AC: change Leader from null to 37b2c1ee-956a-4dec-b232-912a6a25ff9b at term 2 for becomeLeader, leader elected after 10171ms
2021-05-19 07:42:11,264 [37b2c1ee-956a-4dec-b232-912a6a25ff9b@group-D5E61D3659AC-LeaderElection53] INFO  server.RaftServerConfigKeys (ConfUtils.java:logGet(44)) - raft.server.staging.catchup.gap = 1000 (default)
2021-05-19 07:42:11,264 [37b2c1ee-956a-4dec-b232-912a6a25ff9b@group-D5E61D3659AC-LeaderElection53] INFO  metrics.RatisMetrics (RatisMetrics.java:lambda$create$0(36)) - Creating Metrics Registry : ratis.log_appender.37b2c1ee-956a-4dec-b232-912a6a25ff9b@group-D5E61D3659AC
2021-05-19 07:42:11,265 [37b2c1ee-956a-4dec-b232-912a6a25ff9b@group-D5E61D3659AC-LeaderElection53] INFO  server.RaftServerConfigKeys (ConfUtils.java:logGet(44)) - raft.server.write.element-limit = 1024 (custom)
2021-05-19 07:42:11,265 [37b2c1ee-956a-4dec-b232-912a6a25ff9b@group-D5E61D3659AC-LeaderElection53] INFO  server.RaftServerConfigKeys (ConfUtils.java:logGet(44)) - raft.server.write.byte-limit = 1073741824 (custom)
2021-05-19 07:42:11,265 [grpc-default-executor-1] INFO  server.RaftServer$Division (RaftServerImpl.java:requestVote(1074)) - a4ee1d3f-5505-4afe-8a03-746b4b90cef8@group-D5E61D3659AC replies to ELECTION vote request: 37b2c1ee-956a-4dec-b232-912a6a25ff9b<-a4ee1d3f-5505-4afe-8a03-746b4b90cef8#0:OK-t2. Peer's state: a4ee1d3f-5505-4afe-8a03-746b4b90cef8@group-D5E61D3659AC:t2, leader=null, voted=37b2c1ee-956a-4dec-b232-912a6a25ff9b, raftlog=a4ee1d3f-5505-4afe-8a03-746b4b90cef8@group-D5E61D3659AC-SegmentedRaftLog:OPENED:c-1,f-1,i0, conf=-1: [37b2c1ee-956a-4dec-b232-912a6a25ff9b|rpc:172.17.0.2:35677|dataStream:|priority:1, 9d983546-4247-4c0f-83b0-40f69e4f4d28|rpc:172.17.0.2:36963|dataStream:|priority:0, a4ee1d3f-5505-4afe-8a03-746b4b90cef8|rpc:172.17.0.2:46809|dataStream:|priority:0], old=null
2021-05-19 07:42:11,265 [37b2c1ee-956a-4dec-b232-912a6a25ff9b@group-D5E61D3659AC-LeaderElection53] INFO  server.RaftServerConfigKeys (ConfUtils.java:logGet(44)) - raft.server.watch.timeout = 3000ms (custom)
2021-05-19 07:42:11,265 [37b2c1ee-956a-4dec-b232-912a6a25ff9b@group-D5E61D3659AC-LeaderElection53] INFO  server.RaftServerConfigKeys (ConfUtils.java:logGet(44)) - raft.server.watch.timeout.denomination = 1s (default)
2021-05-19 07:42:11,265 [37b2c1ee-956a-4dec-b232-912a6a25ff9b@group-D5E61D3659AC-LeaderElection53] INFO  server.RaftServerConfigKeys (ConfUtils.java:logGet(44)) - raft.server.watch.element-limit = 65536 (default)
2021-05-19 07:42:11,265 [37b2c1ee-956a-4dec-b232-912a6a25ff9b@group-D5E61D3659AC-LeaderElection53] INFO  server.RaftServerConfigKeys (ConfUtils.java:logGet(44)) - raft.server.log.appender.snapshot.chunk.size.max = 16MB (=16777216) (default)
2021-05-19 07:42:11,265 [37b2c1ee-956a-4dec-b232-912a6a25ff9b@group-D5E61D3659AC-LeaderElection53] INFO  server.RaftServerConfigKeys (ConfUtils.java:logGet(44)) - raft.server.log.appender.buffer.byte-limit = 33554432 (custom)
2021-05-19 07:42:11,265 [37b2c1ee-956a-4dec-b232-912a6a25ff9b@group-D5E61D3659AC-LeaderElection53] INFO  server.RaftServerConfigKeys (ConfUtils.java:logGet(44)) - raft.server.log.appender.buffer.element-limit = 1 (custom)
2021-05-19 07:42:11,265 [37b2c1ee-956a-4dec-b232-912a6a25ff9b@group-D5E61D3659AC-LeaderElection53] INFO  grpc.GrpcConfigKeys (ConfUtils.java:logGet(44)) - raft.grpc.server.leader.outstanding.appends.max = 128 (default)
2021-05-19 07:42:11,265 [37b2c1ee-956a-4dec-b232-912a6a25ff9b@group-D5E61D3659AC-LeaderElection53] INFO  server.RaftServerConfigKeys (ConfUtils.java:logGet(44)) - raft.server.rpc.request.timeout = 3000ms (default)
2021-05-19 07:42:11,265 [37b2c1ee-956a-4dec-b232-912a6a25ff9b@group-D5E61D3659AC-LeaderElection53] INFO  server.RaftServerConfigKeys (ConfUtils.java:logGet(44)) - raft.server.log.appender.install.snapshot.enabled = false (custom)
2021-05-19 07:42:11,266 [37b2c1ee-956a-4dec-b232-912a6a25ff9b@group-D5E61D3659AC-LeaderElection53] INFO  metrics.RatisMetrics (RatisMetrics.java:lambda$create$0(36)) - Creating Metrics Registry : ratis_grpc.log_appender.37b2c1ee-956a-4dec-b232-912a6a25ff9b@group-D5E61D3659AC
2021-05-19 07:42:11,266 [37b2c1ee-956a-4dec-b232-912a6a25ff9b@group-D5E61D3659AC-LeaderElection53] INFO  server.RaftServerConfigKeys (ConfUtils.java:logGet(44)) - raft.server.log.appender.snapshot.chunk.size.max = 16MB (=16777216) (default)
2021-05-19 07:42:11,266 [37b2c1ee-956a-4dec-b232-912a6a25ff9b@group-D5E61D3659AC-LeaderElection53] INFO  server.RaftServerConfigKeys (ConfUtils.java:logGet(44)) - raft.server.log.appender.buffer.byte-limit = 33554432 (custom)
2021-05-19 07:42:11,266 [37b2c1ee-956a-4dec-b232-912a6a25ff9b@group-D5E61D3659AC-LeaderElection53] INFO  server.RaftServerConfigKeys (ConfUtils.java:logGet(44)) - raft.server.log.appender.buffer.element-limit = 1 (custom)
2021-05-19 07:42:11,267 [37b2c1ee-956a-4dec-b232-912a6a25ff9b@group-D5E61D3659AC-LeaderElection53] INFO  grpc.GrpcConfigKeys (ConfUtils.java:logGet(44)) - raft.grpc.server.leader.outstanding.appends.max = 128 (default)
2021-05-19 07:42:11,267 [37b2c1ee-956a-4dec-b232-912a6a25ff9b@group-D5E61D3659AC-LeaderElection53] INFO  server.RaftServerConfigKeys (ConfUtils.java:logGet(44)) - raft.server.rpc.request.timeout = 3000ms (default)
2021-05-19 07:42:11,267 [37b2c1ee-956a-4dec-b232-912a6a25ff9b@group-D5E61D3659AC-LeaderElection53] INFO  server.RaftServerConfigKeys (ConfUtils.java:logGet(44)) - raft.server.log.appender.install.snapshot.enabled = false (custom)
2021-05-19 07:42:11,267 [37b2c1ee-956a-4dec-b232-912a6a25ff9b@group-D5E61D3659AC-LeaderElection53] INFO  impl.RoleInfo (RoleInfo.java:updateAndGet(130)) - 37b2c1ee-956a-4dec-b232-912a6a25ff9b: start 37b2c1ee-956a-4dec-b232-912a6a25ff9b@group-D5E61D3659AC-LeaderStateImpl
2021-05-19 07:42:11,268 [37b2c1ee-956a-4dec-b232-912a6a25ff9b@group-D5E61D3659AC-LeaderElection53] INFO  segmented.SegmentedRaftLogWorker (SegmentedRaftLogWorker.java:startLogSegment(394)) - 37b2c1ee-956a-4dec-b232-912a6a25ff9b@group-D5E61D3659AC-SegmentedRaftLogWorker: Starting segment from index:0
2021-05-19 07:42:11,268 [EventQueue-PipelineReportForPipelineReportHandler] INFO  pipeline.PipelineManagerV2Impl (PipelineManagerV2Impl.java:openPipeline(270)) - Pipeline Pipeline[ Id: 19596144-870e-41aa-8706-d5e61d3659ac, Nodes: 9d983546-4247-4c0f-83b0-40f69e4f4d28{ip: 172.17.0.2, host: 3974e5c036b4, ports: [REPLICATION=38577, RATIS=36963, RATIS_ADMIN=36963, RATIS_SERVER=36963, STANDALONE=35805], networkLocation: /default-rack, certSerialId: null, persistedOpState: IN_SERVICE, persistedOpStateExpiryEpochSec: 0}a4ee1d3f-5505-4afe-8a03-746b4b90cef8{ip: 172.17.0.2, host: 3974e5c036b4, ports: [REPLICATION=43531, RATIS=46809, RATIS_ADMIN=46809, RATIS_SERVER=46809, STANDALONE=36497], networkLocation: /default-rack, certSerialId: null, persistedOpState: IN_SERVICE, persistedOpStateExpiryEpochSec: 0}37b2c1ee-956a-4dec-b232-912a6a25ff9b{ip: 172.17.0.2, host: 3974e5c036b4, ports: [REPLICATION=33365, RATIS=35677, RATIS_ADMIN=35677, RATIS_SERVER=35677, STANDALONE=37521], networkLocation: /default-rack, certSerialId: null, persistedOpState: IN_SERVICE, persistedOpStateExpiryEpochSec: 0}, ReplicationConfig: RATIS/THREE, State:ALLOCATED, leaderId:37b2c1ee-956a-4dec-b232-912a6a25ff9b, CreationTimestamp2021-05-19T07:41:58.345Z] moved to OPEN state
2021-05-19 07:42:11,270 [37b2c1ee-956a-4dec-b232-912a6a25ff9b@group-D5E61D3659AC-SegmentedRaftLogWorker] INFO  segmented.SegmentedRaftLogWorker (SegmentedRaftLogWorker.java:execute(601)) - 37b2c1ee-956a-4dec-b232-912a6a25ff9b@group-D5E61D3659AC-SegmentedRaftLogWorker: created new log segment /github/workspace/mnt/ozone/hadoop-ozone/integration-test/target/test-dir/MiniOzoneClusterImpl-952c9dfc-8967-4523-b06f-60d3bd5de2bf/datanode-3/data/ratis/19596144-870e-41aa-8706-d5e61d3659ac/current/log_inprogress_0
2021-05-19 07:42:11,274 [37b2c1ee-956a-4dec-b232-912a6a25ff9b@group-D5E61D3659AC-LeaderElection53] INFO  server.RaftServer$Division (ServerState.java:setRaftConf(373)) - 37b2c1ee-956a-4dec-b232-912a6a25ff9b@group-D5E61D3659AC: set configuration 0: [37b2c1ee-956a-4dec-b232-912a6a25ff9b|rpc:172.17.0.2:35677|dataStream:|priority:1, 9d983546-4247-4c0f-83b0-40f69e4f4d28|rpc:172.17.0.2:36963|dataStream:|priority:0, a4ee1d3f-5505-4afe-8a03-746b4b90cef8|rpc:172.17.0.2:46809|dataStream:|priority:0], old=null
2021-05-19 07:42:11,275 [grpc-default-executor-2] INFO  ratis.XceiverServerRatis (XceiverServerRatis.java:handleLeaderChangedNotification(906)) - Leader change notification received for group: group-D5E61D3659AC with new leaderId: 37b2c1ee-956a-4dec-b232-912a6a25ff9b
2021-05-19 07:42:11,275 [grpc-default-executor-2] INFO  server.RaftServer$Division (ServerState.java:setLeader(271)) - 9d983546-4247-4c0f-83b0-40f69e4f4d28@group-D5E61D3659AC: change Leader from null to 37b2c1ee-956a-4dec-b232-912a6a25ff9b at term 2 for appendEntries, leader elected after 10162ms
2021-05-19 07:42:11,276 [grpc-default-executor-1] INFO  ratis.XceiverServerRatis (XceiverServerRatis.java:handleLeaderChangedNotification(906)) - Leader change notification received for group: group-D5E61D3659AC with new leaderId: 37b2c1ee-956a-4dec-b232-912a6a25ff9b
2021-05-19 07:42:11,276 [grpc-default-executor-1] INFO  server.RaftServer$Division (ServerState.java:setLeader(271)) - a4ee1d3f-5505-4afe-8a03-746b4b90cef8@group-D5E61D3659AC: change Leader from null to 37b2c1ee-956a-4dec-b232-912a6a25ff9b at term 2 for appendEntries, leader elected after 10130ms
2021-05-19 07:42:11,285 [grpc-default-executor-2] INFO  server.RaftServer$Division (ServerState.java:setRaftConf(373)) - 9d983546-4247-4c0f-83b0-40f69e4f4d28@group-D5E61D3659AC: set configuration 0: [37b2c1ee-956a-4dec-b232-912a6a25ff9b|rpc:172.17.0.2:35677|dataStream:|priority:1, 9d983546-4247-4c0f-83b0-40f69e4f4d28|rpc:172.17.0.2:36963|dataStream:|priority:0, a4ee1d3f-5505-4afe-8a03-746b4b90cef8|rpc:172.17.0.2:46809|dataStream:|priority:0], old=null
2021-05-19 07:42:11,285 [grpc-default-executor-2] INFO  segmented.SegmentedRaftLogWorker (SegmentedRaftLogWorker.java:startLogSegment(394)) - 9d983546-4247-4c0f-83b0-40f69e4f4d28@group-D5E61D3659AC-SegmentedRaftLogWorker: Starting segment from index:0
2021-05-19 07:42:11,287 [9d983546-4247-4c0f-83b0-40f69e4f4d28@group-D5E61D3659AC-SegmentedRaftLogWorker] INFO  segmented.SegmentedRaftLogWorker (SegmentedRaftLogWorker.java:execute(601)) - 9d983546-4247-4c0f-83b0-40f69e4f4d28@group-D5E61D3659AC-SegmentedRaftLogWorker: created new log segment /github/workspace/mnt/ozone/hadoop-ozone/integration-test/target/test-dir/MiniOzoneClusterImpl-952c9dfc-8967-4523-b06f-60d3bd5de2bf/datanode-5/data/ratis/19596144-870e-41aa-8706-d5e61d3659ac/current/log_inprogress_0
2021-05-19 07:42:11,294 [grpc-default-executor-2] INFO  server.RaftServer$Division (ServerState.java:setRaftConf(373)) - a4ee1d3f-5505-4afe-8a03-746b4b90cef8@group-D5E61D3659AC: set configuration 0: [37b2c1ee-956a-4dec-b232-912a6a25ff9b|rpc:172.17.0.2:35677|dataStream:|priority:1, 9d983546-4247-4c0f-83b0-40f69e4f4d28|rpc:172.17.0.2:36963|dataStream:|priority:0, a4ee1d3f-5505-4afe-8a03-746b4b90cef8|rpc:172.17.0.2:46809|dataStream:|priority:0], old=null
2021-05-19 07:42:11,297 [grpc-default-executor-2] INFO  segmented.SegmentedRaftLogWorker (SegmentedRaftLogWorker.java:startLogSegment(394)) - a4ee1d3f-5505-4afe-8a03-746b4b90cef8@group-D5E61D3659AC-SegmentedRaftLogWorker: Starting segment from index:0
2021-05-19 07:42:11,298 [a4ee1d3f-5505-4afe-8a03-746b4b90cef8@group-D5E61D3659AC-SegmentedRaftLogWorker] INFO  segmented.SegmentedRaftLogWorker (SegmentedRaftLogWorker.java:execute(601)) - a4ee1d3f-5505-4afe-8a03-746b4b90cef8@group-D5E61D3659AC-SegmentedRaftLogWorker: created new log segment /github/workspace/mnt/ozone/hadoop-ozone/integration-test/target/test-dir/MiniOzoneClusterImpl-952c9dfc-8967-4523-b06f-60d3bd5de2bf/datanode-4/data/ratis/19596144-870e-41aa-8706-d5e61d3659ac/current/log_inprogress_0
2021-05-19 07:42:15,059 [Datanode State Machine Thread - 0] INFO  statemachine.DatanodeStateMachine (DatanodeStateMachine.java:lambda$startDaemon$0(411)) - Ozone container server started.
2021-05-19 07:42:15,776 [a14714da-c87c-4361-b393-7e96cf422ed7@group-76E48770978D-FollowerState] INFO  impl.FollowerState (FollowerState.java:run(134)) - a14714da-c87c-4361-b393-7e96cf422ed7@group-76E48770978D-FollowerState: change to CANDIDATE, lastRpcElapsedTime:5057927216ns, electionTimeout:5057ms
2021-05-19 07:42:15,776 [a14714da-c87c-4361-b393-7e96cf422ed7@group-76E48770978D-FollowerState] INFO  impl.RoleInfo (RoleInfo.java:shutdownFollowerState(108)) - a14714da-c87c-4361-b393-7e96cf422ed7: shutdown a14714da-c87c-4361-b393-7e96cf422ed7@group-76E48770978D-FollowerState
2021-05-19 07:42:15,776 [a14714da-c87c-4361-b393-7e96cf422ed7@group-76E48770978D-FollowerState] INFO  server.RaftServer$Division (RaftServerImpl.java:setRole(284)) - a14714da-c87c-4361-b393-7e96cf422ed7@group-76E48770978D: changes role from  FOLLOWER to CANDIDATE at term 2 for changeToCandidate
2021-05-19 07:42:15,776 [a14714da-c87c-4361-b393-7e96cf422ed7@group-76E48770978D-FollowerState] INFO  server.RaftServerConfigKeys (ConfUtils.java:logGet(44)) - raft.server.leaderelection.pre-vote = false (custom)
2021-05-19 07:42:15,776 [a14714da-c87c-4361-b393-7e96cf422ed7@group-76E48770978D-FollowerState] INFO  impl.RoleInfo (RoleInfo.java:updateAndGet(130)) - a14714da-c87c-4361-b393-7e96cf422ed7: start a14714da-c87c-4361-b393-7e96cf422ed7@group-76E48770978D-LeaderElection54
2021-05-19 07:42:15,778 [a14714da-c87c-4361-b393-7e96cf422ed7@group-76E48770978D-LeaderElection54] INFO  impl.LeaderElection (LeaderElection.java:askForVotes(306)) - a14714da-c87c-4361-b393-7e96cf422ed7@group-76E48770978D-LeaderElection54 ELECTION round 0: submit vote requests at term 3 for -1: [a14714da-c87c-4361-b393-7e96cf422ed7|rpc:172.17.0.2:45547|dataStream:|priority:0, 68d4f79f-8ed5-4598-b947-57f9bc979c0e|rpc:172.17.0.2:42729|dataStream:|priority:0, 8e81be81-8cf3-4cb2-af1f-2c1c9bc19b0e|rpc:172.17.0.2:41855|dataStream:|priority:1], old=null
2021-05-19 07:42:15,780 [grpc-default-executor-5] INFO  server.RaftServer$Division (RaftServerImpl.java:requestVote(1042)) - 8e81be81-8cf3-4cb2-af1f-2c1c9bc19b0e@group-76E48770978D: receive requestVote(ELECTION, a14714da-c87c-4361-b393-7e96cf422ed7, group-76E48770978D, 3, (t:0, i:0))
2021-05-19 07:42:15,781 [grpc-default-executor-5] INFO  impl.VoteContext (VoteContext.java:log(48)) - 8e81be81-8cf3-4cb2-af1f-2c1c9bc19b0e@group-76E48770978D-FOLLOWER: reject ELECTION from a14714da-c87c-4361-b393-7e96cf422ed7: our priority 1 > candidate's priority 0
2021-05-19 07:42:15,781 [grpc-default-executor-5] INFO  server.RaftServer$Division (RaftServerImpl.java:setRole(284)) - 8e81be81-8cf3-4cb2-af1f-2c1c9bc19b0e@group-76E48770978D: changes role from  FOLLOWER to FOLLOWER at term 3 for candidate:a14714da-c87c-4361-b393-7e96cf422ed7
2021-05-19 07:42:15,781 [grpc-default-executor-5] INFO  impl.RoleInfo (RoleInfo.java:shutdownFollowerState(108)) - 8e81be81-8cf3-4cb2-af1f-2c1c9bc19b0e: shutdown 8e81be81-8cf3-4cb2-af1f-2c1c9bc19b0e@group-76E48770978D-FollowerState
2021-05-19 07:42:15,781 [grpc-default-executor-5] INFO  impl.RoleInfo (RoleInfo.java:updateAndGet(130)) - 8e81be81-8cf3-4cb2-af1f-2c1c9bc19b0e: start 8e81be81-8cf3-4cb2-af1f-2c1c9bc19b0e@group-76E48770978D-FollowerState
2021-05-19 07:42:15,781 [8e81be81-8cf3-4cb2-af1f-2c1c9bc19b0e@group-76E48770978D-FollowerState] INFO  impl.FollowerState (FollowerState.java:run(143)) - 8e81be81-8cf3-4cb2-af1f-2c1c9bc19b0e@group-76E48770978D-FollowerState was interrupted: {}
java.lang.InterruptedException: sleep interrupted
	at java.lang.Thread.sleep(Native Method)
	at java.lang.Thread.sleep(Thread.java:340)
	at java.util.concurrent.TimeUnit.sleep(TimeUnit.java:386)
	at org.apache.ratis.util.TimeDuration.sleep(TimeDuration.java:324)
	at org.apache.ratis.util.TimeDuration.sleep(TimeDuration.java:309)
	at org.apache.ratis.server.impl.FollowerState.run(FollowerState.java:118)
2021-05-19 07:42:15,782 [grpc-default-executor-5] INFO  server.RaftServer$Division (RaftServerImpl.java:requestVote(1074)) - 8e81be81-8cf3-4cb2-af1f-2c1c9bc19b0e@group-76E48770978D replies to ELECTION vote request: a14714da-c87c-4361-b393-7e96cf422ed7<-8e81be81-8cf3-4cb2-af1f-2c1c9bc19b0e#0:FAIL-t3. Peer's state: 8e81be81-8cf3-4cb2-af1f-2c1c9bc19b0e@group-76E48770978D:t3, leader=null, voted=null, raftlog=8e81be81-8cf3-4cb2-af1f-2c1c9bc19b0e@group-76E48770978D-SegmentedRaftLog:OPENED:c-1,f-1,i0, conf=-1: [a14714da-c87c-4361-b393-7e96cf422ed7|rpc:172.17.0.2:45547|dataStream:|priority:0, 68d4f79f-8ed5-4598-b947-57f9bc979c0e|rpc:172.17.0.2:42729|dataStream:|priority:0, 8e81be81-8cf3-4cb2-af1f-2c1c9bc19b0e|rpc:172.17.0.2:41855|dataStream:|priority:1], old=null
2021-05-19 07:42:15,783 [a14714da-c87c-4361-b393-7e96cf422ed7@group-76E48770978D-LeaderElection54] INFO  impl.LeaderElection (LeaderElection.java:logAndReturn(89)) - a14714da-c87c-4361-b393-7e96cf422ed7@group-76E48770978D-LeaderElection54: ELECTION REJECTED received 1 response(s) and 0 exception(s):
2021-05-19 07:42:15,783 [a14714da-c87c-4361-b393-7e96cf422ed7@group-76E48770978D-LeaderElection54] INFO  impl.LeaderElection (LeaderElection.java:logAndReturn(93)) -   Response 0: a14714da-c87c-4361-b393-7e96cf422ed7<-8e81be81-8cf3-4cb2-af1f-2c1c9bc19b0e#0:FAIL-t3
2021-05-19 07:42:15,783 [a14714da-c87c-4361-b393-7e96cf422ed7@group-76E48770978D-LeaderElection54] INFO  impl.LeaderElection (LeaderElection.java:askForVotes(308)) - a14714da-c87c-4361-b393-7e96cf422ed7@group-76E48770978D-LeaderElection54 ELECTION round 0: result REJECTED
2021-05-19 07:42:15,783 [a14714da-c87c-4361-b393-7e96cf422ed7@group-76E48770978D-LeaderElection54] INFO  server.RaftServer$Division (RaftServerImpl.java:setRole(284)) - a14714da-c87c-4361-b393-7e96cf422ed7@group-76E48770978D: changes role from CANDIDATE to FOLLOWER at term 3 for REJECTED
2021-05-19 07:42:15,783 [a14714da-c87c-4361-b393-7e96cf422ed7@group-76E48770978D-LeaderElection54] INFO  impl.RoleInfo (RoleInfo.java:shutdownLeaderElection(121)) - a14714da-c87c-4361-b393-7e96cf422ed7: shutdown a14714da-c87c-4361-b393-7e96cf422ed7@group-76E48770978D-LeaderElection54
2021-05-19 07:42:15,783 [a14714da-c87c-4361-b393-7e96cf422ed7@group-76E48770978D-LeaderElection54] INFO  impl.RoleInfo (RoleInfo.java:updateAndGet(130)) - a14714da-c87c-4361-b393-7e96cf422ed7: start a14714da-c87c-4361-b393-7e96cf422ed7@group-76E48770978D-FollowerState
2021-05-19 07:42:15,784 [grpc-default-executor-5] INFO  server.RaftServer$Division (RaftServerImpl.java:requestVote(1042)) - 68d4f79f-8ed5-4598-b947-57f9bc979c0e@group-76E48770978D: receive requestVote(ELECTION, a14714da-c87c-4361-b393-7e96cf422ed7, group-76E48770978D, 3, (t:0, i:0))
2021-05-19 07:42:15,784 [grpc-default-executor-5] INFO  impl.VoteContext (VoteContext.java:log(48)) - 68d4f79f-8ed5-4598-b947-57f9bc979c0e@group-76E48770978D-FOLLOWER: accept ELECTION from a14714da-c87c-4361-b393-7e96cf422ed7: our priority 0 <= candidate's priority 0
2021-05-19 07:42:15,784 [grpc-default-executor-5] INFO  server.RaftServer$Division (RaftServerImpl.java:setRole(284)) - 68d4f79f-8ed5-4598-b947-57f9bc979c0e@group-76E48770978D: changes role from  FOLLOWER to FOLLOWER at term 3 for candidate:a14714da-c87c-4361-b393-7e96cf422ed7
2021-05-19 07:42:15,784 [grpc-default-executor-5] INFO  impl.RoleInfo (RoleInfo.java:shutdownFollowerState(108)) - 68d4f79f-8ed5-4598-b947-57f9bc979c0e: shutdown 68d4f79f-8ed5-4598-b947-57f9bc979c0e@group-76E48770978D-FollowerState
2021-05-19 07:42:15,785 [grpc-default-executor-5] INFO  impl.RoleInfo (RoleInfo.java:updateAndGet(130)) - 68d4f79f-8ed5-4598-b947-57f9bc979c0e: start 68d4f79f-8ed5-4598-b947-57f9bc979c0e@group-76E48770978D-FollowerState
2021-05-19 07:42:15,785 [68d4f79f-8ed5-4598-b947-57f9bc979c0e@group-76E48770978D-FollowerState] INFO  impl.FollowerState (FollowerState.java:run(143)) - 68d4f79f-8ed5-4598-b947-57f9bc979c0e@group-76E48770978D-FollowerState was interrupted: {}
java.lang.InterruptedException: sleep interrupted
	at java.lang.Thread.sleep(Native Method)
	at java.lang.Thread.sleep(Thread.java:340)
	at java.util.concurrent.TimeUnit.sleep(TimeUnit.java:386)
	at org.apache.ratis.util.TimeDuration.sleep(TimeDuration.java:324)
	at org.apache.ratis.util.TimeDuration.sleep(TimeDuration.java:309)
	at org.apache.ratis.server.impl.FollowerState.run(FollowerState.java:118)
2021-05-19 07:42:15,786 [grpc-default-executor-5] INFO  server.RaftServer$Division (RaftServerImpl.java:requestVote(1074)) - 68d4f79f-8ed5-4598-b947-57f9bc979c0e@group-76E48770978D replies to ELECTION vote request: a14714da-c87c-4361-b393-7e96cf422ed7<-68d4f79f-8ed5-4598-b947-57f9bc979c0e#0:OK-t3. Peer's state: 68d4f79f-8ed5-4598-b947-57f9bc979c0e@group-76E48770978D:t3, leader=null, voted=a14714da-c87c-4361-b393-7e96cf422ed7, raftlog=68d4f79f-8ed5-4598-b947-57f9bc979c0e@group-76E48770978D-SegmentedRaftLog:OPENED:c-1,f-1,i0, conf=-1: [a14714da-c87c-4361-b393-7e96cf422ed7|rpc:172.17.0.2:45547|priority:0, 68d4f79f-8ed5-4598-b947-57f9bc979c0e|rpc:172.17.0.2:42729|priority:0, 8e81be81-8cf3-4cb2-af1f-2c1c9bc19b0e|rpc:172.17.0.2:41855|priority:1], old=null
2021-05-19 07:42:16,284 [9d983546-4247-4c0f-83b0-40f69e4f4d28@group-B061D1CC775E-FollowerState] INFO  impl.FollowerState (FollowerState.java:run(134)) - 9d983546-4247-4c0f-83b0-40f69e4f4d28@group-B061D1CC775E-FollowerState: change to CANDIDATE, lastRpcElapsedTime:5099496321ns, electionTimeout:5099ms
2021-05-19 07:42:16,284 [9d983546-4247-4c0f-83b0-40f69e4f4d28@group-B061D1CC775E-FollowerState] INFO  impl.RoleInfo (RoleInfo.java:shutdownFollowerState(108)) - 9d983546-4247-4c0f-83b0-40f69e4f4d28: shutdown 9d983546-4247-4c0f-83b0-40f69e4f4d28@group-B061D1CC775E-FollowerState
2021-05-19 07:42:16,284 [9d983546-4247-4c0f-83b0-40f69e4f4d28@group-B061D1CC775E-FollowerState] INFO  server.RaftServer$Division (RaftServerImpl.java:setRole(284)) - 9d983546-4247-4c0f-83b0-40f69e4f4d28@group-B061D1CC775E: changes role from  FOLLOWER to CANDIDATE at term 2 for changeToCandidate
2021-05-19 07:42:16,285 [9d983546-4247-4c0f-83b0-40f69e4f4d28@group-B061D1CC775E-FollowerState] INFO  server.RaftServerConfigKeys (ConfUtils.java:logGet(44)) - raft.server.leaderelection.pre-vote = false (custom)
2021-05-19 07:42:16,285 [9d983546-4247-4c0f-83b0-40f69e4f4d28@group-B061D1CC775E-FollowerState] INFO  impl.RoleInfo (RoleInfo.java:updateAndGet(130)) - 9d983546-4247-4c0f-83b0-40f69e4f4d28: start 9d983546-4247-4c0f-83b0-40f69e4f4d28@group-B061D1CC775E-LeaderElection55
2021-05-19 07:42:16,286 [9d983546-4247-4c0f-83b0-40f69e4f4d28@group-B061D1CC775E-LeaderElection55] INFO  impl.LeaderElection (LeaderElection.java:askForVotes(306)) - 9d983546-4247-4c0f-83b0-40f69e4f4d28@group-B061D1CC775E-LeaderElection55 ELECTION round 0: submit vote requests at term 3 for -1: [37b2c1ee-956a-4dec-b232-912a6a25ff9b|rpc:172.17.0.2:35677|dataStream:|priority:0, 9d983546-4247-4c0f-83b0-40f69e4f4d28|rpc:172.17.0.2:36963|dataStream:|priority:0, a4ee1d3f-5505-4afe-8a03-746b4b90cef8|rpc:172.17.0.2:46809|dataStream:|priority:1], old=null
2021-05-19 07:42:16,288 [grpc-default-executor-5] INFO  server.RaftServer$Division (RaftServerImpl.java:requestVote(1042)) - a4ee1d3f-5505-4afe-8a03-746b4b90cef8@group-B061D1CC775E: receive requestVote(ELECTION, 9d983546-4247-4c0f-83b0-40f69e4f4d28, group-B061D1CC775E, 3, (t:0, i:0))
2021-05-19 07:42:16,289 [grpc-default-executor-5] INFO  impl.VoteContext (VoteContext.java:log(48)) - a4ee1d3f-5505-4afe-8a03-746b4b90cef8@group-B061D1CC775E-FOLLOWER: reject ELECTION from 9d983546-4247-4c0f-83b0-40f69e4f4d28: our priority 1 > candidate's priority 0
2021-05-19 07:42:16,289 [grpc-default-executor-5] INFO  server.RaftServer$Division (RaftServerImpl.java:setRole(284)) - a4ee1d3f-5505-4afe-8a03-746b4b90cef8@group-B061D1CC775E: changes role from  FOLLOWER to FOLLOWER at term 3 for candidate:9d983546-4247-4c0f-83b0-40f69e4f4d28
2021-05-19 07:42:16,289 [grpc-default-executor-5] INFO  impl.RoleInfo (RoleInfo.java:shutdownFollowerState(108)) - a4ee1d3f-5505-4afe-8a03-746b4b90cef8: shutdown a4ee1d3f-5505-4afe-8a03-746b4b90cef8@group-B061D1CC775E-FollowerState
2021-05-19 07:42:16,289 [grpc-default-executor-5] INFO  impl.RoleInfo (RoleInfo.java:updateAndGet(130)) - a4ee1d3f-5505-4afe-8a03-746b4b90cef8: start a4ee1d3f-5505-4afe-8a03-746b4b90cef8@group-B061D1CC775E-FollowerState
2021-05-19 07:42:16,290 [a4ee1d3f-5505-4afe-8a03-746b4b90cef8@group-B061D1CC775E-FollowerState] INFO  impl.FollowerState (FollowerState.java:run(143)) - a4ee1d3f-5505-4afe-8a03-746b4b90cef8@group-B061D1CC775E-FollowerState was interrupted: {}
java.lang.InterruptedException: sleep interrupted
	at java.lang.Thread.sleep(Native Method)
	at java.lang.Thread.sleep(Thread.java:340)
	at java.util.concurrent.TimeUnit.sleep(TimeUnit.java:386)
	at org.apache.ratis.util.TimeDuration.sleep(TimeDuration.java:324)
	at org.apache.ratis.util.TimeDuration.sleep(TimeDuration.java:309)
	at org.apache.ratis.server.impl.FollowerState.run(FollowerState.java:118)
2021-05-19 07:42:16,290 [grpc-default-executor-2] INFO  server.RaftServer$Division (RaftServerImpl.java:requestVote(1042)) - 37b2c1ee-956a-4dec-b232-912a6a25ff9b@group-B061D1CC775E: receive requestVote(ELECTION, 9d983546-4247-4c0f-83b0-40f69e4f4d28, group-B061D1CC775E, 3, (t:0, i:0))
2021-05-19 07:42:16,290 [grpc-default-executor-2] INFO  impl.VoteContext (VoteContext.java:log(48)) - 37b2c1ee-956a-4dec-b232-912a6a25ff9b@group-B061D1CC775E-FOLLOWER: accept ELECTION from 9d983546-4247-4c0f-83b0-40f69e4f4d28: our priority 0 <= candidate's priority 0
2021-05-19 07:42:16,290 [grpc-default-executor-2] INFO  server.RaftServer$Division (RaftServerImpl.java:setRole(284)) - 37b2c1ee-956a-4dec-b232-912a6a25ff9b@group-B061D1CC775E: changes role from  FOLLOWER to FOLLOWER at term 3 for candidate:9d983546-4247-4c0f-83b0-40f69e4f4d28
2021-05-19 07:42:16,290 [grpc-default-executor-2] INFO  impl.RoleInfo (RoleInfo.java:shutdownFollowerState(108)) - 37b2c1ee-956a-4dec-b232-912a6a25ff9b: shutdown 37b2c1ee-956a-4dec-b232-912a6a25ff9b@group-B061D1CC775E-FollowerState
2021-05-19 07:42:16,291 [grpc-default-executor-2] INFO  impl.RoleInfo (RoleInfo.java:updateAndGet(130)) - 37b2c1ee-956a-4dec-b232-912a6a25ff9b: start 37b2c1ee-956a-4dec-b232-912a6a25ff9b@group-B061D1CC775E-FollowerState
2021-05-19 07:42:16,291 [37b2c1ee-956a-4dec-b232-912a6a25ff9b@group-B061D1CC775E-FollowerState] INFO  impl.FollowerState (FollowerState.java:run(143)) - 37b2c1ee-956a-4dec-b232-912a6a25ff9b@group-B061D1CC775E-FollowerState was interrupted: {}
java.lang.InterruptedException: sleep interrupted
	at java.lang.Thread.sleep(Native Method)
	at java.lang.Thread.sleep(Thread.java:340)
	at java.util.concurrent.TimeUnit.sleep(TimeUnit.java:386)
	at org.apache.ratis.util.TimeDuration.sleep(TimeDuration.java:324)
	at org.apache.ratis.util.TimeDuration.sleep(TimeDuration.java:309)
	at org.apache.ratis.server.impl.FollowerState.run(FollowerState.java:118)
2021-05-19 07:42:16,291 [grpc-default-executor-5] INFO  server.RaftServer$Division (RaftServerImpl.java:requestVote(1074)) - a4ee1d3f-5505-4afe-8a03-746b4b90cef8@group-B061D1CC775E replies to ELECTION vote request: 9d983546-4247-4c0f-83b0-40f69e4f4d28<-a4ee1d3f-5505-4afe-8a03-746b4b90cef8#0:FAIL-t3. Peer's state: a4ee1d3f-5505-4afe-8a03-746b4b90cef8@group-B061D1CC775E:t3, leader=null, voted=null, raftlog=a4ee1d3f-5505-4afe-8a03-746b4b90cef8@group-B061D1CC775E-SegmentedRaftLog:OPENED:c-1,f-1,i0, conf=-1: [37b2c1ee-956a-4dec-b232-912a6a25ff9b|rpc:172.17.0.2:35677|dataStream:|priority:0, 9d983546-4247-4c0f-83b0-40f69e4f4d28|rpc:172.17.0.2:36963|dataStream:|priority:0, a4ee1d3f-5505-4afe-8a03-746b4b90cef8|rpc:172.17.0.2:46809|dataStream:|priority:1], old=null
2021-05-19 07:42:16,292 [9d983546-4247-4c0f-83b0-40f69e4f4d28@group-B061D1CC775E-LeaderElection55] INFO  impl.LeaderElection (LeaderElection.java:logAndReturn(89)) - 9d983546-4247-4c0f-83b0-40f69e4f4d28@group-B061D1CC775E-LeaderElection55: ELECTION REJECTED received 1 response(s) and 0 exception(s):
2021-05-19 07:42:16,292 [9d983546-4247-4c0f-83b0-40f69e4f4d28@group-B061D1CC775E-LeaderElection55] INFO  impl.LeaderElection (LeaderElection.java:logAndReturn(93)) -   Response 0: 9d983546-4247-4c0f-83b0-40f69e4f4d28<-a4ee1d3f-5505-4afe-8a03-746b4b90cef8#0:FAIL-t3
2021-05-19 07:42:16,292 [9d983546-4247-4c0f-83b0-40f69e4f4d28@group-B061D1CC775E-LeaderElection55] INFO  impl.LeaderElection (LeaderElection.java:askForVotes(308)) - 9d983546-4247-4c0f-83b0-40f69e4f4d28@group-B061D1CC775E-LeaderElection55 ELECTION round 0: result REJECTED
2021-05-19 07:42:16,292 [9d983546-4247-4c0f-83b0-40f69e4f4d28@group-B061D1CC775E-LeaderElection55] INFO  server.RaftServer$Division (RaftServerImpl.java:setRole(284)) - 9d983546-4247-4c0f-83b0-40f69e4f4d28@group-B061D1CC775E: changes role from CANDIDATE to FOLLOWER at term 3 for REJECTED
2021-05-19 07:42:16,292 [9d983546-4247-4c0f-83b0-40f69e4f4d28@group-B061D1CC775E-LeaderElection55] INFO  impl.RoleInfo (RoleInfo.java:shutdownLeaderElection(121)) - 9d983546-4247-4c0f-83b0-40f69e4f4d28: shutdown 9d983546-4247-4c0f-83b0-40f69e4f4d28@group-B061D1CC775E-LeaderElection55
2021-05-19 07:42:16,292 [9d983546-4247-4c0f-83b0-40f69e4f4d28@group-B061D1CC775E-LeaderElection55] INFO  impl.RoleInfo (RoleInfo.java:updateAndGet(130)) - 9d983546-4247-4c0f-83b0-40f69e4f4d28: start 9d983546-4247-4c0f-83b0-40f69e4f4d28@group-B061D1CC775E-FollowerState
2021-05-19 07:42:16,293 [grpc-default-executor-2] INFO  server.RaftServer$Division (RaftServerImpl.java:requestVote(1074)) - 37b2c1ee-956a-4dec-b232-912a6a25ff9b@group-B061D1CC775E replies to ELECTION vote request: 9d983546-4247-4c0f-83b0-40f69e4f4d28<-37b2c1ee-956a-4dec-b232-912a6a25ff9b#0:OK-t3. Peer's state: 37b2c1ee-956a-4dec-b232-912a6a25ff9b@group-B061D1CC775E:t3, leader=null, voted=9d983546-4247-4c0f-83b0-40f69e4f4d28, raftlog=37b2c1ee-956a-4dec-b232-912a6a25ff9b@group-B061D1CC775E-SegmentedRaftLog:OPENED:c-1,f-1,i0, conf=-1: [37b2c1ee-956a-4dec-b232-912a6a25ff9b|rpc:172.17.0.2:35677|priority:0, 9d983546-4247-4c0f-83b0-40f69e4f4d28|rpc:172.17.0.2:36963|priority:0, a4ee1d3f-5505-4afe-8a03-746b4b90cef8|rpc:172.17.0.2:46809|priority:1], old=null
2021-05-19 07:42:19,083 [Listener at 127.0.0.1/41639] INFO  ozoneimpl.OzoneContainer (OzoneContainer.java:stop(312)) - Attempting to stop container services.
2021-05-19 07:42:19,084 [Listener at 127.0.0.1/41639] INFO  server.RaftServer (RaftServerProxy.java:lambda$close$6(391)) - a14714da-c87c-4361-b393-7e96cf422ed7: close
2021-05-19 07:42:19,084 [Listener at 127.0.0.1/41639] INFO  server.RaftServer$Division (RaftServerImpl.java:lambda$close$4(406)) - a14714da-c87c-4361-b393-7e96cf422ed7@group-AC6A57830C75: shutdown
2021-05-19 07:42:19,084 [Listener at 127.0.0.1/41639] INFO  util.JmxRegister (JmxRegister.java:unregister(73)) - Successfully un-registered JMX Bean with object name Ratis:service=RaftServer,group=group-AC6A57830C75,id=a14714da-c87c-4361-b393-7e96cf422ed7
2021-05-19 07:42:19,084 [Listener at 127.0.0.1/41639] INFO  impl.RoleInfo (RoleInfo.java:shutdownFollowerState(108)) - a14714da-c87c-4361-b393-7e96cf422ed7: shutdown a14714da-c87c-4361-b393-7e96cf422ed7@group-AC6A57830C75-FollowerState
2021-05-19 07:42:19,084 [Listener at 127.0.0.1/41639] INFO  impl.StateMachineUpdater (StateMachineUpdater.java:stopAndJoin(149)) - a14714da-c87c-4361-b393-7e96cf422ed7@group-AC6A57830C75-StateMachineUpdater: set stopIndex = 0
2021-05-19 07:42:19,085 [a14714da-c87c-4361-b393-7e96cf422ed7@group-AC6A57830C75-FollowerState] INFO  impl.FollowerState (FollowerState.java:run(143)) - a14714da-c87c-4361-b393-7e96cf422ed7@group-AC6A57830C75-FollowerState was interrupted: {}
java.lang.InterruptedException: sleep interrupted
	at java.lang.Thread.sleep(Native Method)
	at java.lang.Thread.sleep(Thread.java:340)
	at java.util.concurrent.TimeUnit.sleep(TimeUnit.java:386)
	at org.apache.ratis.util.TimeDuration.sleep(TimeDuration.java:324)
	at org.apache.ratis.util.TimeDuration.sleep(TimeDuration.java:309)
	at org.apache.ratis.server.impl.FollowerState.run(FollowerState.java:118)
2021-05-19 07:42:19,085 [a14714da-c87c-4361-b393-7e96cf422ed7@group-AC6A57830C75-StateMachineUpdater] INFO  ratis.ContainerStateMachine (ContainerStateMachine.java:takeSnapshot(292)) - group-AC6A57830C75: Taking a snapshot at:(t:1, i:0) file /github/workspace/mnt/ozone/hadoop-ozone/integration-test/target/test-dir/MiniOzoneClusterImpl-952c9dfc-8967-4523-b06f-60d3bd5de2bf/datanode-2/data/ratis/b2b3615b-70b0-4c95-a861-ac6a57830c75/sm/snapshot.1_0
2021-05-19 07:42:19,085 [ForkJoinPool.commonPool-worker-1] INFO  server.RaftServer$Division (RaftServerImpl.java:lambda$close$4(406)) - a14714da-c87c-4361-b393-7e96cf422ed7@group-DECE5BE019F2: shutdown
2021-05-19 07:42:19,085 [ForkJoinPool.commonPool-worker-1] INFO  util.JmxRegister (JmxRegister.java:unregister(73)) - Successfully un-registered JMX Bean with object name Ratis:service=RaftServer,group=group-DECE5BE019F2,id=a14714da-c87c-4361-b393-7e96cf422ed7
2021-05-19 07:42:19,085 [ForkJoinPool.commonPool-worker-1] INFO  impl.RoleInfo (RoleInfo.java:shutdownLeaderState(91)) - a14714da-c87c-4361-b393-7e96cf422ed7: shutdown a14714da-c87c-4361-b393-7e96cf422ed7@group-DECE5BE019F2-LeaderStateImpl
2021-05-19 07:42:19,085 [ForkJoinPool.commonPool-worker-1] INFO  metrics.RatisMetrics (RatisMetrics.java:unregister(43)) - Unregistering Metrics Registry : ratis_grpc.log_appender.a14714da-c87c-4361-b393-7e96cf422ed7@group-DECE5BE019F2
2021-05-19 07:42:19,085 [ForkJoinPool.commonPool-worker-1] INFO  metrics.RatisMetrics (RatisMetrics.java:unregister(43)) - Unregistering Metrics Registry : ratis_grpc.log_appender.a14714da-c87c-4361-b393-7e96cf422ed7@group-DECE5BE019F2
2021-05-19 07:42:19,086 [a14714da-c87c-4361-b393-7e96cf422ed7@group-AC6A57830C75-StateMachineUpdater] INFO  ratis.ContainerStateMachine (ContainerStateMachine.java:takeSnapshot(303)) - group-AC6A57830C75: Finished taking a snapshot at:(t:1, i:0) file:/github/workspace/mnt/ozone/hadoop-ozone/integration-test/target/test-dir/MiniOzoneClusterImpl-952c9dfc-8967-4523-b06f-60d3bd5de2bf/datanode-2/data/ratis/b2b3615b-70b0-4c95-a861-ac6a57830c75/sm/snapshot.1_0 took: 0 ms
2021-05-19 07:42:19,086 [ForkJoinPool.commonPool-worker-1] INFO  impl.PendingRequests (PendingRequests.java:sendNotLeaderResponses(249)) - a14714da-c87c-4361-b393-7e96cf422ed7@group-DECE5BE019F2-PendingRequests: sendNotLeaderResponses
2021-05-19 07:42:19,086 [ForkJoinPool.commonPool-worker-1] INFO  metrics.RatisMetrics (RatisMetrics.java:unregister(43)) - Unregistering Metrics Registry : ratis.log_appender.a14714da-c87c-4361-b393-7e96cf422ed7@group-DECE5BE019F2
2021-05-19 07:42:19,086 [ForkJoinPool.commonPool-worker-1] INFO  metrics.RatisMetrics (RatisMetrics.java:unregister(43)) - Unregistering Metrics Registry : ratis.server.a14714da-c87c-4361-b393-7e96cf422ed7@group-DECE5BE019F2
2021-05-19 07:42:19,085 [a14714da-c87c-4361-b393-7e96cf422ed7@group-DECE5BE019F2->8e81be81-8cf3-4cb2-af1f-2c1c9bc19b0e-GrpcLogAppender-LogAppenderDaemon] WARN  server.GrpcLogAppender (GrpcLogAppender.java:mayWait(175)) - a14714da-c87c-4361-b393-7e96cf422ed7@group-DECE5BE019F2->8e81be81-8cf3-4cb2-af1f-2c1c9bc19b0e-GrpcLogAppender: Wait interrupted by java.lang.InterruptedException
2021-05-19 07:42:19,086 [a14714da-c87c-4361-b393-7e96cf422ed7@group-AC6A57830C75-StateMachineUpdater] INFO  impl.StateMachineUpdater (StateMachineUpdater.java:takeSnapshot(281)) - a14714da-c87c-4361-b393-7e96cf422ed7@group-AC6A57830C75-StateMachineUpdater: Took a snapshot at index 0
2021-05-19 07:42:19,086 [a14714da-c87c-4361-b393-7e96cf422ed7@group-AC6A57830C75-StateMachineUpdater] INFO  impl.StateMachineUpdater (StateMachineUpdater.java:lambda$new$0(89)) - a14714da-c87c-4361-b393-7e96cf422ed7@group-AC6A57830C75-StateMachineUpdater: snapshotIndex: updateIncreasingly -1 -> 0
2021-05-19 07:42:19,086 [a14714da-c87c-4361-b393-7e96cf422ed7@group-DECE5BE019F2->68d4f79f-8ed5-4598-b947-57f9bc979c0e-GrpcLogAppender-LogAppenderDaemon] WARN  server.GrpcLogAppender (GrpcLogAppender.java:mayWait(175)) - a14714da-c87c-4361-b393-7e96cf422ed7@group-DECE5BE019F2->68d4f79f-8ed5-4598-b947-57f9bc979c0e-GrpcLogAppender: Wait interrupted by java.lang.InterruptedException
2021-05-19 07:42:19,086 [a14714da-c87c-4361-b393-7e96cf422ed7@group-AC6A57830C75-StateMachineUpdater] INFO  metrics.RatisMetrics (RatisMetrics.java:unregister(43)) - Unregistering Metrics Registry : ratis.state_machine.a14714da-c87c-4361-b393-7e96cf422ed7@group-AC6A57830C75
2021-05-19 07:42:19,087 [Listener at 127.0.0.1/41639] INFO  server.RaftServer$Division (ServerState.java:close(405)) - a14714da-c87c-4361-b393-7e96cf422ed7@group-AC6A57830C75: closes. applyIndex: 0
2021-05-19 07:42:19,087 [grpc-default-executor-5] INFO  server.GrpcServerProtocolService (GrpcServerProtocolService.java:onCompleted(140)) - 8e81be81-8cf3-4cb2-af1f-2c1c9bc19b0e: Completed APPEND_ENTRIES, lastRequest: a14714da-c87c-4361-b393-7e96cf422ed7->8e81be81-8cf3-4cb2-af1f-2c1c9bc19b0e#1-t1,previous=(t:0, i:0),leaderCommit=0,initializing? true,entries: size=1, first=(t:1, i:0), CONFIGURATIONENTRY
2021-05-19 07:42:19,087 [grpc-default-executor-2] INFO  server.GrpcServerProtocolService (GrpcServerProtocolService.java:onCompleted(140)) - 68d4f79f-8ed5-4598-b947-57f9bc979c0e: Completed APPEND_ENTRIES, lastRequest: a14714da-c87c-4361-b393-7e96cf422ed7->68d4f79f-8ed5-4598-b947-57f9bc979c0e#1-t1,previous=(t:0, i:0),leaderCommit=0,initializing? true,entries: size=1, first=(t:1, i:0), CONFIGURATIONENTRY
2021-05-19 07:42:19,087 [a14714da-c87c-4361-b393-7e96cf422ed7@group-AC6A57830C75-SegmentedRaftLogWorker] INFO  segmented.SegmentedRaftLogWorker (SegmentedRaftLogWorker.java:run(327)) - a14714da-c87c-4361-b393-7e96cf422ed7@group-AC6A57830C75-SegmentedRaftLogWorker was interrupted, exiting. There are 0 tasks remaining in the queue.
2021-05-19 07:42:19,089 [Listener at 127.0.0.1/41639] INFO  segmented.SegmentedRaftLogWorker (SegmentedRaftLogWorker.java:close(237)) - a14714da-c87c-4361-b393-7e96cf422ed7@group-AC6A57830C75-SegmentedRaftLogWorker close()
2021-05-19 07:42:19,090 [Listener at 127.0.0.1/41639] INFO  metrics.RatisMetrics (RatisMetrics.java:unregister(43)) - Unregistering Metrics Registry : ratis.log_worker.a14714da-c87c-4361-b393-7e96cf422ed7@group-AC6A57830C75
2021-05-19 07:42:19,090 [Listener at 127.0.0.1/41639] INFO  metrics.RatisMetrics (RatisMetrics.java:unregister(43)) - Unregistering Metrics Registry : ratis.leader_election.a14714da-c87c-4361-b393-7e96cf422ed7@group-AC6A57830C75
2021-05-19 07:42:19,090 [Listener at 127.0.0.1/41639] INFO  metrics.RatisMetrics (RatisMetrics.java:unregister(43)) - Unregistering Metrics Registry : ratis.server.a14714da-c87c-4361-b393-7e96cf422ed7@group-AC6A57830C75
2021-05-19 07:42:19,091 [Listener at 127.0.0.1/41639] INFO  server.RaftServer$Division (RaftServerImpl.java:lambda$close$4(406)) - a14714da-c87c-4361-b393-7e96cf422ed7@group-76E48770978D: shutdown
2021-05-19 07:42:19,091 [Listener at 127.0.0.1/41639] INFO  util.JmxRegister (JmxRegister.java:unregister(73)) - Successfully un-registered JMX Bean with object name Ratis:service=RaftServer,group=group-76E48770978D,id=a14714da-c87c-4361-b393-7e96cf422ed7
2021-05-19 07:42:19,091 [grpc-default-executor-1] INFO  server.GrpcLogAppender (GrpcLogAppender.java:onCompleted(344)) - a14714da-c87c-4361-b393-7e96cf422ed7@group-DECE5BE019F2->8e81be81-8cf3-4cb2-af1f-2c1c9bc19b0e-AppendLogResponseHandler: follower responses appendEntries COMPLETED
2021-05-19 07:42:19,091 [grpc-default-executor-3] INFO  server.GrpcLogAppender (GrpcLogAppender.java:onCompleted(344)) - a14714da-c87c-4361-b393-7e96cf422ed7@group-DECE5BE019F2->68d4f79f-8ed5-4598-b947-57f9bc979c0e-AppendLogResponseHandler: follower responses appendEntries COMPLETED
2021-05-19 07:42:19,091 [grpc-default-executor-3] INFO  leader.FollowerInfo (FollowerInfoImpl.java:lambda$new$0(46)) - a14714da-c87c-4361-b393-7e96cf422ed7@group-DECE5BE019F2->68d4f79f-8ed5-4598-b947-57f9bc979c0e: nextIndex: updateUnconditionally 1 -> 0
2021-05-19 07:42:19,091 [Listener at 127.0.0.1/41639] INFO  impl.RoleInfo (RoleInfo.java:shutdownFollowerState(108)) - a14714da-c87c-4361-b393-7e96cf422ed7: shutdown a14714da-c87c-4361-b393-7e96cf422ed7@group-76E48770978D-FollowerState
2021-05-19 07:42:19,091 [Listener at 127.0.0.1/41639] INFO  impl.StateMachineUpdater (StateMachineUpdater.java:stopAndJoin(149)) - a14714da-c87c-4361-b393-7e96cf422ed7@group-76E48770978D-StateMachineUpdater: set stopIndex = -1
2021-05-19 07:42:19,091 [grpc-default-executor-1] INFO  leader.FollowerInfo (FollowerInfoImpl.java:lambda$new$0(46)) - a14714da-c87c-4361-b393-7e96cf422ed7@group-DECE5BE019F2->8e81be81-8cf3-4cb2-af1f-2c1c9bc19b0e: nextIndex: updateUnconditionally 1 -> 0
2021-05-19 07:42:19,091 [a14714da-c87c-4361-b393-7e96cf422ed7@group-76E48770978D-FollowerState] INFO  impl.FollowerState (FollowerState.java:run(143)) - a14714da-c87c-4361-b393-7e96cf422ed7@group-76E48770978D-FollowerState was interrupted: {}
java.lang.InterruptedException: sleep interrupted
	at java.lang.Thread.sleep(Native Method)
	at java.lang.Thread.sleep(Thread.java:340)
	at java.util.concurrent.TimeUnit.sleep(TimeUnit.java:386)
	at org.apache.ratis.util.TimeDuration.sleep(TimeDuration.java:324)
	at org.apache.ratis.util.TimeDuration.sleep(TimeDuration.java:309)
	at org.apache.ratis.server.impl.FollowerState.run(FollowerState.java:118)
2021-05-19 07:42:19,092 [a14714da-c87c-4361-b393-7e96cf422ed7@group-DECE5BE019F2-StateMachineUpdater] INFO  ratis.ContainerStateMachine (ContainerStateMachine.java:takeSnapshot(292)) - group-DECE5BE019F2: Taking a snapshot at:(t:1, i:0) file /github/workspace/mnt/ozone/hadoop-ozone/integration-test/target/test-dir/MiniOzoneClusterImpl-952c9dfc-8967-4523-b06f-60d3bd5de2bf/datanode-2/data/ratis/da74cb76-52a2-4b5c-bce9-dece5be019f2/sm/snapshot.1_0
2021-05-19 07:42:19,092 [ForkJoinPool.commonPool-worker-1] INFO  impl.StateMachineUpdater (StateMachineUpdater.java:stopAndJoin(149)) - a14714da-c87c-4361-b393-7e96cf422ed7@group-DECE5BE019F2-StateMachineUpdater: set stopIndex = 0
2021-05-19 07:42:19,092 [a14714da-c87c-4361-b393-7e96cf422ed7@group-76E48770978D-StateMachineUpdater] INFO  metrics.RatisMetrics (RatisMetrics.java:unregister(43)) - Unregistering Metrics Registry : ratis.state_machine.a14714da-c87c-4361-b393-7e96cf422ed7@group-76E48770978D
2021-05-19 07:42:19,092 [a14714da-c87c-4361-b393-7e96cf422ed7@group-DECE5BE019F2-StateMachineUpdater] INFO  ratis.ContainerStateMachine (ContainerStateMachine.java:takeSnapshot(303)) - group-DECE5BE019F2: Finished taking a snapshot at:(t:1, i:0) file:/github/workspace/mnt/ozone/hadoop-ozone/integration-test/target/test-dir/MiniOzoneClusterImpl-952c9dfc-8967-4523-b06f-60d3bd5de2bf/datanode-2/data/ratis/da74cb76-52a2-4b5c-bce9-dece5be019f2/sm/snapshot.1_0 took: 1 ms
2021-05-19 07:42:19,092 [a14714da-c87c-4361-b393-7e96cf422ed7@group-DECE5BE019F2-StateMachineUpdater] INFO  impl.StateMachineUpdater (StateMachineUpdater.java:takeSnapshot(281)) - a14714da-c87c-4361-b393-7e96cf422ed7@group-DECE5BE019F2-StateMachineUpdater: Took a snapshot at index 0
2021-05-19 07:42:19,092 [a14714da-c87c-4361-b393-7e96cf422ed7@group-DECE5BE019F2-StateMachineUpdater] INFO  impl.StateMachineUpdater (StateMachineUpdater.java:lambda$new$0(89)) - a14714da-c87c-4361-b393-7e96cf422ed7@group-DECE5BE019F2-StateMachineUpdater: snapshotIndex: updateIncreasingly -1 -> 0
2021-05-19 07:42:19,092 [a14714da-c87c-4361-b393-7e96cf422ed7@group-DECE5BE019F2-StateMachineUpdater] INFO  metrics.RatisMetrics (RatisMetrics.java:unregister(43)) - Unregistering Metrics Registry : ratis.state_machine.a14714da-c87c-4361-b393-7e96cf422ed7@group-DECE5BE019F2
2021-05-19 07:42:19,093 [ForkJoinPool.commonPool-worker-1] INFO  server.RaftServer$Division (ServerState.java:close(405)) - a14714da-c87c-4361-b393-7e96cf422ed7@group-DECE5BE019F2: closes. applyIndex: 0
2021-05-19 07:42:19,093 [a14714da-c87c-4361-b393-7e96cf422ed7@group-DECE5BE019F2-SegmentedRaftLogWorker] INFO  segmented.SegmentedRaftLogWorker (SegmentedRaftLogWorker.java:run(327)) - a14714da-c87c-4361-b393-7e96cf422ed7@group-DECE5BE019F2-SegmentedRaftLogWorker was interrupted, exiting. There are 0 tasks remaining in the queue.
2021-05-19 07:42:19,094 [Listener at 127.0.0.1/41639] INFO  server.RaftServer$Division (ServerState.java:close(405)) - a14714da-c87c-4361-b393-7e96cf422ed7@group-76E48770978D: closes. applyIndex: -1
2021-05-19 07:42:19,094 [a14714da-c87c-4361-b393-7e96cf422ed7@group-76E48770978D-SegmentedRaftLogWorker] INFO  segmented.SegmentedRaftLogWorker (SegmentedRaftLogWorker.java:run(327)) - a14714da-c87c-4361-b393-7e96cf422ed7@group-76E48770978D-SegmentedRaftLogWorker was interrupted, exiting. There are 0 tasks remaining in the queue.
2021-05-19 07:42:19,094 [Listener at 127.0.0.1/41639] INFO  segmented.SegmentedRaftLogWorker (SegmentedRaftLogWorker.java:close(237)) - a14714da-c87c-4361-b393-7e96cf422ed7@group-76E48770978D-SegmentedRaftLogWorker close()
2021-05-19 07:42:19,096 [Listener at 127.0.0.1/41639] INFO  metrics.RatisMetrics (RatisMetrics.java:unregister(43)) - Unregistering Metrics Registry : ratis.log_worker.a14714da-c87c-4361-b393-7e96cf422ed7@group-76E48770978D
2021-05-19 07:42:19,096 [Listener at 127.0.0.1/41639] INFO  metrics.RatisMetrics (RatisMetrics.java:unregister(43)) - Unregistering Metrics Registry : ratis.leader_election.a14714da-c87c-4361-b393-7e96cf422ed7@group-76E48770978D
2021-05-19 07:42:19,097 [Listener at 127.0.0.1/41639] INFO  metrics.RatisMetrics (RatisMetrics.java:unregister(43)) - Unregistering Metrics Registry : ratis.server.a14714da-c87c-4361-b393-7e96cf422ed7@group-76E48770978D
2021-05-19 07:42:19,097 [ForkJoinPool.commonPool-worker-1] INFO  segmented.SegmentedRaftLogWorker (SegmentedRaftLogWorker.java:close(237)) - a14714da-c87c-4361-b393-7e96cf422ed7@group-DECE5BE019F2-SegmentedRaftLogWorker close()
2021-05-19 07:42:19,098 [ForkJoinPool.commonPool-worker-1] INFO  metrics.RatisMetrics (RatisMetrics.java:unregister(43)) - Unregistering Metrics Registry : ratis.log_worker.a14714da-c87c-4361-b393-7e96cf422ed7@group-DECE5BE019F2
2021-05-19 07:42:19,098 [ForkJoinPool.commonPool-worker-1] INFO  metrics.RatisMetrics (RatisMetrics.java:unregister(43)) - Unregistering Metrics Registry : ratis.leader_election.a14714da-c87c-4361-b393-7e96cf422ed7@group-DECE5BE019F2
2021-05-19 07:42:19,098 [ForkJoinPool.commonPool-worker-1] INFO  metrics.RatisMetrics (RatisMetrics.java:unregister(43)) - Unregistering Metrics Registry : ratis.server.a14714da-c87c-4361-b393-7e96cf422ed7@group-DECE5BE019F2
2021-05-19 07:42:19,098 [ForkJoinPool.commonPool-worker-1] INFO  server.RaftServer$Division (RaftServerImpl.java:lambda$close$4(406)) - a14714da-c87c-4361-b393-7e96cf422ed7@group-CD7CE254A7B8: shutdown
2021-05-19 07:42:19,098 [ForkJoinPool.commonPool-worker-1] INFO  util.JmxRegister (JmxRegister.java:unregister(73)) - Successfully un-registered JMX Bean with object name Ratis:service=RaftServer,group=group-CD7CE254A7B8,id=a14714da-c87c-4361-b393-7e96cf422ed7
2021-05-19 07:42:19,098 [ForkJoinPool.commonPool-worker-1] INFO  impl.RoleInfo (RoleInfo.java:shutdownLeaderState(91)) - a14714da-c87c-4361-b393-7e96cf422ed7: shutdown a14714da-c87c-4361-b393-7e96cf422ed7@group-CD7CE254A7B8-LeaderStateImpl
2021-05-19 07:42:19,099 [ForkJoinPool.commonPool-worker-1] INFO  impl.PendingRequests (PendingRequests.java:sendNotLeaderResponses(249)) - a14714da-c87c-4361-b393-7e96cf422ed7@group-CD7CE254A7B8-PendingRequests: sendNotLeaderResponses
2021-05-19 07:42:19,101 [ForkJoinPool.commonPool-worker-1] INFO  metrics.RatisMetrics (RatisMetrics.java:unregister(43)) - Unregistering Metrics Registry : ratis.log_appender.a14714da-c87c-4361-b393-7e96cf422ed7@group-CD7CE254A7B8
2021-05-19 07:42:19,101 [ForkJoinPool.commonPool-worker-1] INFO  metrics.RatisMetrics (RatisMetrics.java:unregister(43)) - Unregistering Metrics Registry : ratis.server.a14714da-c87c-4361-b393-7e96cf422ed7@group-CD7CE254A7B8
2021-05-19 07:42:19,102 [ForkJoinPool.commonPool-worker-1] INFO  impl.StateMachineUpdater (StateMachineUpdater.java:stopAndJoin(149)) - a14714da-c87c-4361-b393-7e96cf422ed7@group-CD7CE254A7B8-StateMachineUpdater: set stopIndex = 11
2021-05-19 07:42:19,102 [a14714da-c87c-4361-b393-7e96cf422ed7@group-CD7CE254A7B8-StateMachineUpdater] INFO  ratis.ContainerStateMachine (ContainerStateMachine.java:takeSnapshot(292)) - group-CD7CE254A7B8: Taking a snapshot at:(t:1, i:11) file /github/workspace/mnt/ozone/hadoop-ozone/integration-test/target/test-dir/MiniOzoneClusterImpl-952c9dfc-8967-4523-b06f-60d3bd5de2bf/datanode-2/data/ratis/8c84198b-96dd-4712-91c9-cd7ce254a7b8/sm/snapshot.1_11
2021-05-19 07:42:19,103 [a14714da-c87c-4361-b393-7e96cf422ed7@group-CD7CE254A7B8-StateMachineUpdater] INFO  ratis.ContainerStateMachine (ContainerStateMachine.java:takeSnapshot(303)) - group-CD7CE254A7B8: Finished taking a snapshot at:(t:1, i:11) file:/github/workspace/mnt/ozone/hadoop-ozone/integration-test/target/test-dir/MiniOzoneClusterImpl-952c9dfc-8967-4523-b06f-60d3bd5de2bf/datanode-2/data/ratis/8c84198b-96dd-4712-91c9-cd7ce254a7b8/sm/snapshot.1_11 took: 1 ms
2021-05-19 07:42:19,103 [a14714da-c87c-4361-b393-7e96cf422ed7@group-CD7CE254A7B8-StateMachineUpdater] INFO  impl.StateMachineUpdater (StateMachineUpdater.java:takeSnapshot(281)) - a14714da-c87c-4361-b393-7e96cf422ed7@group-CD7CE254A7B8-StateMachineUpdater: Took a snapshot at index 11
2021-05-19 07:42:19,103 [a14714da-c87c-4361-b393-7e96cf422ed7@group-CD7CE254A7B8-StateMachineUpdater] INFO  impl.StateMachineUpdater (StateMachineUpdater.java:lambda$new$0(89)) - a14714da-c87c-4361-b393-7e96cf422ed7@group-CD7CE254A7B8-StateMachineUpdater: snapshotIndex: updateIncreasingly -1 -> 11
2021-05-19 07:42:19,103 [a14714da-c87c-4361-b393-7e96cf422ed7@group-CD7CE254A7B8-StateMachineUpdater] INFO  metrics.RatisMetrics (RatisMetrics.java:unregister(43)) - Unregistering Metrics Registry : ratis.state_machine.a14714da-c87c-4361-b393-7e96cf422ed7@group-CD7CE254A7B8
2021-05-19 07:42:19,106 [ForkJoinPool.commonPool-worker-1] INFO  server.RaftServer$Division (ServerState.java:close(405)) - a14714da-c87c-4361-b393-7e96cf422ed7@group-CD7CE254A7B8: closes. applyIndex: 11
2021-05-19 07:42:19,106 [a14714da-c87c-4361-b393-7e96cf422ed7@group-CD7CE254A7B8-SegmentedRaftLogWorker] INFO  segmented.SegmentedRaftLogWorker (SegmentedRaftLogWorker.java:run(327)) - a14714da-c87c-4361-b393-7e96cf422ed7@group-CD7CE254A7B8-SegmentedRaftLogWorker was interrupted, exiting. There are 0 tasks remaining in the queue.
2021-05-19 07:42:19,107 [ForkJoinPool.commonPool-worker-1] INFO  segmented.SegmentedRaftLogWorker (SegmentedRaftLogWorker.java:close(237)) - a14714da-c87c-4361-b393-7e96cf422ed7@group-CD7CE254A7B8-SegmentedRaftLogWorker close()
2021-05-19 07:42:19,107 [ForkJoinPool.commonPool-worker-1] INFO  metrics.RatisMetrics (RatisMetrics.java:unregister(43)) - Unregistering Metrics Registry : ratis.log_worker.a14714da-c87c-4361-b393-7e96cf422ed7@group-CD7CE254A7B8
2021-05-19 07:42:19,108 [ForkJoinPool.commonPool-worker-1] INFO  metrics.RatisMetrics (RatisMetrics.java:unregister(43)) - Unregistering Metrics Registry : ratis.leader_election.a14714da-c87c-4361-b393-7e96cf422ed7@group-CD7CE254A7B8
2021-05-19 07:42:19,108 [ForkJoinPool.commonPool-worker-1] INFO  metrics.RatisMetrics (RatisMetrics.java:unregister(43)) - Unregistering Metrics Registry : ratis.server.a14714da-c87c-4361-b393-7e96cf422ed7@group-CD7CE254A7B8
2021-05-19 07:42:19,108 [Listener at 127.0.0.1/41639] INFO  server.GrpcService (GrpcService.java:closeImpl(262)) - a14714da-c87c-4361-b393-7e96cf422ed7: shutdown server with port 45547 now
2021-05-19 07:42:19,111 [grpc-default-executor-5] WARN  server.GrpcServerProtocolService (LogUtils.java:warn(122)) - a14714da-c87c-4361-b393-7e96cf422ed7: installSnapshot onError, lastRequest: 68d4f79f-8ed5-4598-b947-57f9bc979c0e->a14714da-c87c-4361-b393-7e96cf422ed7#1-t1,previous=(t:0, i:0),leaderCommit=-1,initializing? true,entries: size=1, first=(t:1, i:0), CONFIGURATIONENTRY: org.apache.ratis.thirdparty.io.grpc.StatusRuntimeException: CANCELLED: client cancelled
2021-05-19 07:42:19,111 [grpc-default-executor-1] WARN  server.GrpcLogAppender (LogUtils.java:warn(122)) - 68d4f79f-8ed5-4598-b947-57f9bc979c0e@group-AC6A57830C75->a14714da-c87c-4361-b393-7e96cf422ed7-AppendLogResponseHandler: Failed appendEntries: org.apache.ratis.thirdparty.io.grpc.StatusRuntimeException: CANCELLED: HTTP/2 error code: CANCEL
Received Rst Stream
2021-05-19 07:42:19,111 [grpc-default-executor-1] WARN  server.GrpcLogAppender (GrpcLogAppender.java:resetClient(111)) - 68d4f79f-8ed5-4598-b947-57f9bc979c0e@group-AC6A57830C75->a14714da-c87c-4361-b393-7e96cf422ed7-GrpcLogAppender: Leader has not got in touch with Follower 68d4f79f-8ed5-4598-b947-57f9bc979c0e@group-AC6A57830C75->a14714da-c87c-4361-b393-7e96cf422ed7(c0,m0,n1, attendVote=true, lastRpcSendTime=1110, lastRpcResponseTime=1108) yet, just keep nextIndex unchanged and retry.
2021-05-19 07:42:19,114 [Listener at 127.0.0.1/41639] INFO  server.GrpcService (GrpcService.java:closeImpl(271)) - a14714da-c87c-4361-b393-7e96cf422ed7: shutdown server with port 45547 successfully
2021-05-19 07:42:19,114 [org.apache.ratis.util.JvmPauseMonitor$$Lambda$504/2021733479@3917b7f0] INFO  util.JvmPauseMonitor (JvmPauseMonitor.java:run(109)) - JvmPauseMonitor-a14714da-c87c-4361-b393-7e96cf422ed7: Stopped
2021-05-19 07:42:19,115 [Listener at 127.0.0.1/41639] INFO  utils.BackgroundService (BackgroundService.java:shutdown(132)) - Shutting down service BlockDeletingService
2021-05-19 07:42:19,118 [Listener at 127.0.0.1/41639] INFO  statemachine.DatanodeStateMachine (DatanodeStateMachine.java:stopDaemon(469)) - Ozone container server stopped.
2021-05-19 07:42:19,126 [Listener at 127.0.0.1/41639] INFO  handler.ContextHandler (ContextHandler.java:doStop(1154)) - Stopped o.e.j.w.WebAppContext@3e7951d9{hddsDatanode,/,null,STOPPED}{jar:file:/home/user/.m2/repository/org/apache/hadoop/hadoop-hdds-container-service/1.2.0-SNAPSHOT/hadoop-hdds-container-service-1.2.0-SNAPSHOT.jar!/webapps/hddsDatanode}
2021-05-19 07:42:19,126 [Listener at 127.0.0.1/41639] INFO  server.AbstractConnector (AbstractConnector.java:doStop(381)) - Stopped ServerConnector@5eb380b3{HTTP/1.1, (http/1.1)}{0.0.0.0:0}
2021-05-19 07:42:19,127 [Listener at 127.0.0.1/41639] INFO  server.session (HouseKeeper.java:stopScavenging(149)) - node0 Stopped scavenging
2021-05-19 07:42:19,128 [Listener at 127.0.0.1/41639] INFO  handler.ContextHandler (ContextHandler.java:doStop(1154)) - Stopped o.e.j.s.ServletContextHandler@28143380{static,/static,jar:file:/home/user/.m2/repository/org/apache/hadoop/hadoop-hdds-container-service/1.2.0-SNAPSHOT/hadoop-hdds-container-service-1.2.0-SNAPSHOT.jar!/webapps/static,STOPPED}
2021-05-19 07:42:19,129 [Listener at 127.0.0.1/41639] INFO  handler.ContextHandler (ContextHandler.java:doStop(1154)) - Stopped o.e.j.s.ServletContextHandler@2a07eebe{logs,/logs,file:///github/workspace/mnt/ozone/hadoop-ozone/integration-test/target/log,STOPPED}
2021-05-19 07:42:20,507 [grpc-default-executor-1] WARN  server.GrpcLogAppender (LogUtils.java:warn(122)) - 68d4f79f-8ed5-4598-b947-57f9bc979c0e@group-AC6A57830C75->a14714da-c87c-4361-b393-7e96cf422ed7-AppendLogResponseHandler: Failed appendEntries: org.apache.ratis.thirdparty.io.grpc.StatusRuntimeException: UNAVAILABLE: io exception
2021-05-19 07:42:20,508 [grpc-default-executor-1] WARN  server.GrpcLogAppender (GrpcLogAppender.java:resetClient(111)) - 68d4f79f-8ed5-4598-b947-57f9bc979c0e@group-AC6A57830C75->a14714da-c87c-4361-b393-7e96cf422ed7-GrpcLogAppender: Leader has not got in touch with Follower 68d4f79f-8ed5-4598-b947-57f9bc979c0e@group-AC6A57830C75->a14714da-c87c-4361-b393-7e96cf422ed7(c0,m0,n1, attendVote=true, lastRpcSendTime=2507, lastRpcResponseTime=2504) yet, just keep nextIndex unchanged and retry.
2021-05-19 07:42:20,878 [8e81be81-8cf3-4cb2-af1f-2c1c9bc19b0e@group-76E48770978D-FollowerState] INFO  impl.FollowerState (FollowerState.java:run(134)) - 8e81be81-8cf3-4cb2-af1f-2c1c9bc19b0e@group-76E48770978D-FollowerState: change to CANDIDATE, lastRpcElapsedTime:5097156815ns, electionTimeout:5080ms
2021-05-19 07:42:20,878 [8e81be81-8cf3-4cb2-af1f-2c1c9bc19b0e@group-76E48770978D-FollowerState] INFO  impl.RoleInfo (RoleInfo.java:shutdownFollowerState(108)) - 8e81be81-8cf3-4cb2-af1f-2c1c9bc19b0e: shutdown 8e81be81-8cf3-4cb2-af1f-2c1c9bc19b0e@group-76E48770978D-FollowerState
2021-05-19 07:42:20,879 [8e81be81-8cf3-4cb2-af1f-2c1c9bc19b0e@group-76E48770978D-FollowerState] INFO  server.RaftServer$Division (RaftServerImpl.java:setRole(284)) - 8e81be81-8cf3-4cb2-af1f-2c1c9bc19b0e@group-76E48770978D: changes role from  FOLLOWER to CANDIDATE at term 3 for changeToCandidate
2021-05-19 07:42:20,879 [8e81be81-8cf3-4cb2-af1f-2c1c9bc19b0e@group-76E48770978D-FollowerState] INFO  server.RaftServerConfigKeys (ConfUtils.java:logGet(44)) - raft.server.leaderelection.pre-vote = false (custom)
2021-05-19 07:42:20,879 [8e81be81-8cf3-4cb2-af1f-2c1c9bc19b0e@group-76E48770978D-FollowerState] INFO  impl.RoleInfo (RoleInfo.java:updateAndGet(130)) - 8e81be81-8cf3-4cb2-af1f-2c1c9bc19b0e: start 8e81be81-8cf3-4cb2-af1f-2c1c9bc19b0e@group-76E48770978D-LeaderElection56
2021-05-19 07:42:20,880 [8e81be81-8cf3-4cb2-af1f-2c1c9bc19b0e@group-76E48770978D-LeaderElection56] INFO  impl.LeaderElection (LeaderElection.java:askForVotes(306)) - 8e81be81-8cf3-4cb2-af1f-2c1c9bc19b0e@group-76E48770978D-LeaderElection56 ELECTION round 0: submit vote requests at term 4 for -1: [a14714da-c87c-4361-b393-7e96cf422ed7|rpc:172.17.0.2:45547|dataStream:|priority:0, 68d4f79f-8ed5-4598-b947-57f9bc979c0e|rpc:172.17.0.2:42729|dataStream:|priority:0, 8e81be81-8cf3-4cb2-af1f-2c1c9bc19b0e|rpc:172.17.0.2:41855|dataStream:|priority:1], old=null
2021-05-19 07:42:20,885 [8e81be81-8cf3-4cb2-af1f-2c1c9bc19b0e@group-76E48770978D-LeaderElection56] INFO  impl.LeaderElection (LogUtils.java:infoOrTrace(137)) - 8e81be81-8cf3-4cb2-af1f-2c1c9bc19b0e@group-76E48770978D-LeaderElection56 got exception when requesting votes: java.util.concurrent.ExecutionException: org.apache.ratis.thirdparty.io.grpc.StatusRuntimeException: UNAVAILABLE: io exception
2021-05-19 07:42:20,889 [grpc-default-executor-1] INFO  server.RaftServer$Division (RaftServerImpl.java:requestVote(1042)) - 68d4f79f-8ed5-4598-b947-57f9bc979c0e@group-76E48770978D: receive requestVote(ELECTION, 8e81be81-8cf3-4cb2-af1f-2c1c9bc19b0e, group-76E48770978D, 4, (t:0, i:0))
2021-05-19 07:42:20,889 [grpc-default-executor-1] INFO  impl.VoteContext (VoteContext.java:log(48)) - 68d4f79f-8ed5-4598-b947-57f9bc979c0e@group-76E48770978D-FOLLOWER: accept ELECTION from 8e81be81-8cf3-4cb2-af1f-2c1c9bc19b0e: our priority 0 <= candidate's priority 1
2021-05-19 07:42:20,889 [grpc-default-executor-1] INFO  server.RaftServer$Division (RaftServerImpl.java:setRole(284)) - 68d4f79f-8ed5-4598-b947-57f9bc979c0e@group-76E48770978D: changes role from  FOLLOWER to FOLLOWER at term 4 for candidate:8e81be81-8cf3-4cb2-af1f-2c1c9bc19b0e
2021-05-19 07:42:20,889 [grpc-default-executor-1] INFO  impl.RoleInfo (RoleInfo.java:shutdownFollowerState(108)) - 68d4f79f-8ed5-4598-b947-57f9bc979c0e: shutdown 68d4f79f-8ed5-4598-b947-57f9bc979c0e@group-76E48770978D-FollowerState
2021-05-19 07:42:20,889 [grpc-default-executor-1] INFO  impl.RoleInfo (RoleInfo.java:updateAndGet(130)) - 68d4f79f-8ed5-4598-b947-57f9bc979c0e: start 68d4f79f-8ed5-4598-b947-57f9bc979c0e@group-76E48770978D-FollowerState
2021-05-19 07:42:20,889 [68d4f79f-8ed5-4598-b947-57f9bc979c0e@group-76E48770978D-FollowerState] INFO  impl.FollowerState (FollowerState.java:run(143)) - 68d4f79f-8ed5-4598-b947-57f9bc979c0e@group-76E48770978D-FollowerState was interrupted: {}
java.lang.InterruptedException: sleep interrupted
	at java.lang.Thread.sleep(Native Method)
	at java.lang.Thread.sleep(Thread.java:340)
	at java.util.concurrent.TimeUnit.sleep(TimeUnit.java:386)
	at org.apache.ratis.util.TimeDuration.sleep(TimeDuration.java:324)
	at org.apache.ratis.util.TimeDuration.sleep(TimeDuration.java:309)
	at org.apache.ratis.server.impl.FollowerState.run(FollowerState.java:118)
2021-05-19 07:42:20,890 [grpc-default-executor-1] INFO  server.RaftServer$Division (RaftServerImpl.java:requestVote(1074)) - 68d4f79f-8ed5-4598-b947-57f9bc979c0e@group-76E48770978D replies to ELECTION vote request: 8e81be81-8cf3-4cb2-af1f-2c1c9bc19b0e<-68d4f79f-8ed5-4598-b947-57f9bc979c0e#0:OK-t4. Peer's state: 68d4f79f-8ed5-4598-b947-57f9bc979c0e@group-76E48770978D:t4, leader=null, voted=8e81be81-8cf3-4cb2-af1f-2c1c9bc19b0e, raftlog=68d4f79f-8ed5-4598-b947-57f9bc979c0e@group-76E48770978D-SegmentedRaftLog:OPENED:c-1,f-1,i0, conf=-1: [a14714da-c87c-4361-b393-7e96cf422ed7|rpc:172.17.0.2:45547|priority:0, 68d4f79f-8ed5-4598-b947-57f9bc979c0e|rpc:172.17.0.2:42729|priority:0, 8e81be81-8cf3-4cb2-af1f-2c1c9bc19b0e|rpc:172.17.0.2:41855|priority:1], old=null
2021-05-19 07:42:20,891 [8e81be81-8cf3-4cb2-af1f-2c1c9bc19b0e@group-76E48770978D-LeaderElection56] INFO  impl.LeaderElection (LeaderElection.java:logAndReturn(89)) - 8e81be81-8cf3-4cb2-af1f-2c1c9bc19b0e@group-76E48770978D-LeaderElection56: ELECTION PASSED received 1 response(s) and 1 exception(s):
2021-05-19 07:42:20,891 [8e81be81-8cf3-4cb2-af1f-2c1c9bc19b0e@group-76E48770978D-LeaderElection56] INFO  impl.LeaderElection (LeaderElection.java:logAndReturn(93)) -   Response 0: 8e81be81-8cf3-4cb2-af1f-2c1c9bc19b0e<-68d4f79f-8ed5-4598-b947-57f9bc979c0e#0:OK-t4
2021-05-19 07:42:20,891 [8e81be81-8cf3-4cb2-af1f-2c1c9bc19b0e@group-76E48770978D-LeaderElection56] INFO  impl.LeaderElection (LogUtils.java:infoOrTrace(137)) -   Exception 1: java.util.concurrent.ExecutionException: org.apache.ratis.thirdparty.io.grpc.StatusRuntimeException: UNAVAILABLE: io exception
2021-05-19 07:42:20,891 [8e81be81-8cf3-4cb2-af1f-2c1c9bc19b0e@group-76E48770978D-LeaderElection56] INFO  impl.LeaderElection (LeaderElection.java:askForVotes(308)) - 8e81be81-8cf3-4cb2-af1f-2c1c9bc19b0e@group-76E48770978D-LeaderElection56 ELECTION round 0: result PASSED
2021-05-19 07:42:20,891 [8e81be81-8cf3-4cb2-af1f-2c1c9bc19b0e@group-76E48770978D-LeaderElection56] INFO  impl.RoleInfo (RoleInfo.java:shutdownLeaderElection(121)) - 8e81be81-8cf3-4cb2-af1f-2c1c9bc19b0e: shutdown 8e81be81-8cf3-4cb2-af1f-2c1c9bc19b0e@group-76E48770978D-LeaderElection56
2021-05-19 07:42:20,891 [8e81be81-8cf3-4cb2-af1f-2c1c9bc19b0e@group-76E48770978D-LeaderElection56] INFO  server.RaftServer$Division (RaftServerImpl.java:setRole(284)) - 8e81be81-8cf3-4cb2-af1f-2c1c9bc19b0e@group-76E48770978D: changes role from CANDIDATE to LEADER at term 4 for changeToLeader
2021-05-19 07:42:20,891 [8e81be81-8cf3-4cb2-af1f-2c1c9bc19b0e@group-76E48770978D-LeaderElection56] INFO  ratis.XceiverServerRatis (XceiverServerRatis.java:handleLeaderChangedNotification(906)) - Leader change notification received for group: group-76E48770978D with new leaderId: 8e81be81-8cf3-4cb2-af1f-2c1c9bc19b0e
2021-05-19 07:42:20,891 [8e81be81-8cf3-4cb2-af1f-2c1c9bc19b0e@group-76E48770978D-LeaderElection56] INFO  server.RaftServer$Division (ServerState.java:setLeader(271)) - 8e81be81-8cf3-4cb2-af1f-2c1c9bc19b0e@group-76E48770978D: change Leader from null to 8e81be81-8cf3-4cb2-af1f-2c1c9bc19b0e at term 4 for becomeLeader, leader elected after 20430ms
2021-05-19 07:42:20,891 [8e81be81-8cf3-4cb2-af1f-2c1c9bc19b0e@group-76E48770978D-LeaderElection56] INFO  server.RaftServerConfigKeys (ConfUtils.java:logGet(44)) - raft.server.staging.catchup.gap = 1000 (default)
2021-05-19 07:42:20,892 [8e81be81-8cf3-4cb2-af1f-2c1c9bc19b0e@group-76E48770978D-LeaderElection56] INFO  metrics.RatisMetrics (RatisMetrics.java:lambda$create$0(36)) - Creating Metrics Registry : ratis.log_appender.8e81be81-8cf3-4cb2-af1f-2c1c9bc19b0e@group-76E48770978D
2021-05-19 07:42:20,892 [8e81be81-8cf3-4cb2-af1f-2c1c9bc19b0e@group-76E48770978D-LeaderElection56] INFO  server.RaftServerConfigKeys (ConfUtils.java:logGet(44)) - raft.server.write.element-limit = 1024 (custom)
2021-05-19 07:42:20,892 [8e81be81-8cf3-4cb2-af1f-2c1c9bc19b0e@group-76E48770978D-LeaderElection56] INFO  server.RaftServerConfigKeys (ConfUtils.java:logGet(44)) - raft.server.write.byte-limit = 1073741824 (custom)
2021-05-19 07:42:20,892 [8e81be81-8cf3-4cb2-af1f-2c1c9bc19b0e@group-76E48770978D-LeaderElection56] INFO  server.RaftServerConfigKeys (ConfUtils.java:logGet(44)) - raft.server.watch.timeout = 3000ms (custom)
2021-05-19 07:42:20,892 [8e81be81-8cf3-4cb2-af1f-2c1c9bc19b0e@group-76E48770978D-LeaderElection56] INFO  server.RaftServerConfigKeys (ConfUtils.java:logGet(44)) - raft.server.watch.timeout.denomination = 1s (default)
2021-05-19 07:42:20,892 [8e81be81-8cf3-4cb2-af1f-2c1c9bc19b0e@group-76E48770978D-LeaderElection56] INFO  server.RaftServerConfigKeys (ConfUtils.java:logGet(44)) - raft.server.watch.element-limit = 65536 (default)
2021-05-19 07:42:20,892 [8e81be81-8cf3-4cb2-af1f-2c1c9bc19b0e@group-76E48770978D-LeaderElection56] INFO  server.RaftServerConfigKeys (ConfUtils.java:logGet(44)) - raft.server.log.appender.snapshot.chunk.size.max = 16MB (=16777216) (default)
2021-05-19 07:42:20,892 [8e81be81-8cf3-4cb2-af1f-2c1c9bc19b0e@group-76E48770978D-LeaderElection56] INFO  server.RaftServerConfigKeys (ConfUtils.java:logGet(44)) - raft.server.log.appender.buffer.byte-limit = 33554432 (custom)
2021-05-19 07:42:20,892 [8e81be81-8cf3-4cb2-af1f-2c1c9bc19b0e@group-76E48770978D-LeaderElection56] INFO  server.RaftServerConfigKeys (ConfUtils.java:logGet(44)) - raft.server.log.appender.buffer.element-limit = 1 (custom)
2021-05-19 07:42:20,892 [8e81be81-8cf3-4cb2-af1f-2c1c9bc19b0e@group-76E48770978D-LeaderElection56] INFO  grpc.GrpcConfigKeys (ConfUtils.java:logGet(44)) - raft.grpc.server.leader.outstanding.appends.max = 128 (default)
2021-05-19 07:42:20,892 [8e81be81-8cf3-4cb2-af1f-2c1c9bc19b0e@group-76E48770978D-LeaderElection56] INFO  server.RaftServerConfigKeys (ConfUtils.java:logGet(44)) - raft.server.rpc.request.timeout = 3000ms (default)
2021-05-19 07:42:20,892 [8e81be81-8cf3-4cb2-af1f-2c1c9bc19b0e@group-76E48770978D-LeaderElection56] INFO  server.RaftServerConfigKeys (ConfUtils.java:logGet(44)) - raft.server.log.appender.install.snapshot.enabled = false (custom)
2021-05-19 07:42:20,893 [8e81be81-8cf3-4cb2-af1f-2c1c9bc19b0e@group-76E48770978D-LeaderElection56] INFO  metrics.RatisMetrics (RatisMetrics.java:lambda$create$0(36)) - Creating Metrics Registry : ratis_grpc.log_appender.8e81be81-8cf3-4cb2-af1f-2c1c9bc19b0e@group-76E48770978D
2021-05-19 07:42:20,893 [8e81be81-8cf3-4cb2-af1f-2c1c9bc19b0e@group-76E48770978D-LeaderElection56] INFO  server.RaftServerConfigKeys (ConfUtils.java:logGet(44)) - raft.server.log.appender.snapshot.chunk.size.max = 16MB (=16777216) (default)
2021-05-19 07:42:20,893 [8e81be81-8cf3-4cb2-af1f-2c1c9bc19b0e@group-76E48770978D-LeaderElection56] INFO  server.RaftServerConfigKeys (ConfUtils.java:logGet(44)) - raft.server.log.appender.buffer.byte-limit = 33554432 (custom)
2021-05-19 07:42:20,893 [8e81be81-8cf3-4cb2-af1f-2c1c9bc19b0e@group-76E48770978D-LeaderElection56] INFO  server.RaftServerConfigKeys (ConfUtils.java:logGet(44)) - raft.server.log.appender.buffer.element-limit = 1 (custom)
2021-05-19 07:42:20,893 [8e81be81-8cf3-4cb2-af1f-2c1c9bc19b0e@group-76E48770978D-LeaderElection56] INFO  grpc.GrpcConfigKeys (ConfUtils.java:logGet(44)) - raft.grpc.server.leader.outstanding.appends.max = 128 (default)
2021-05-19 07:42:20,894 [8e81be81-8cf3-4cb2-af1f-2c1c9bc19b0e@group-76E48770978D-LeaderElection56] INFO  server.RaftServerConfigKeys (ConfUtils.java:logGet(44)) - raft.server.rpc.request.timeout = 3000ms (default)
2021-05-19 07:42:20,894 [8e81be81-8cf3-4cb2-af1f-2c1c9bc19b0e@group-76E48770978D-LeaderElection56] INFO  server.RaftServerConfigKeys (ConfUtils.java:logGet(44)) - raft.server.log.appender.install.snapshot.enabled = false (custom)
2021-05-19 07:42:20,895 [8e81be81-8cf3-4cb2-af1f-2c1c9bc19b0e@group-76E48770978D-LeaderElection56] INFO  impl.RoleInfo (RoleInfo.java:updateAndGet(130)) - 8e81be81-8cf3-4cb2-af1f-2c1c9bc19b0e: start 8e81be81-8cf3-4cb2-af1f-2c1c9bc19b0e@group-76E48770978D-LeaderStateImpl
2021-05-19 07:42:20,895 [EventQueue-PipelineReportForPipelineReportHandler] INFO  pipeline.PipelineManagerV2Impl (PipelineManagerV2Impl.java:openPipeline(270)) - Pipeline Pipeline[ Id: 90d79207-282c-4ddc-b3c9-76e48770978d, Nodes: 68d4f79f-8ed5-4598-b947-57f9bc979c0e{ip: 172.17.0.2, host: 3974e5c036b4, ports: [REPLICATION=43949, RATIS=42729, RATIS_ADMIN=42729, RATIS_SERVER=42729, STANDALONE=34701], networkLocation: /default-rack, certSerialId: null, persistedOpState: IN_SERVICE, persistedOpStateExpiryEpochSec: 0}8e81be81-8cf3-4cb2-af1f-2c1c9bc19b0e{ip: 172.17.0.2, host: 3974e5c036b4, ports: [REPLICATION=33707, RATIS=41855, RATIS_ADMIN=41855, RATIS_SERVER=41855, STANDALONE=33695], networkLocation: /default-rack, certSerialId: null, persistedOpState: IN_SERVICE, persistedOpStateExpiryEpochSec: 0}a14714da-c87c-4361-b393-7e96cf422ed7{ip: 172.17.0.2, host: 3974e5c036b4, ports: [REPLICATION=40039, RATIS=45547, RATIS_ADMIN=45547, RATIS_SERVER=45547, STANDALONE=44867], networkLocation: /default-rack, certSerialId: null, persistedOpState: IN_SERVICE, persistedOpStateExpiryEpochSec: 0}, ReplicationConfig: RATIS/THREE, State:ALLOCATED, leaderId:8e81be81-8cf3-4cb2-af1f-2c1c9bc19b0e, CreationTimestamp2021-05-19T07:41:57.688Z] moved to OPEN state
2021-05-19 07:42:20,899 [8e81be81-8cf3-4cb2-af1f-2c1c9bc19b0e@group-76E48770978D-LeaderElection56] INFO  segmented.SegmentedRaftLogWorker (SegmentedRaftLogWorker.java:startLogSegment(394)) - 8e81be81-8cf3-4cb2-af1f-2c1c9bc19b0e@group-76E48770978D-SegmentedRaftLogWorker: Starting segment from index:0
2021-05-19 07:42:20,900 [8e81be81-8cf3-4cb2-af1f-2c1c9bc19b0e@group-76E48770978D-SegmentedRaftLogWorker] INFO  segmented.SegmentedRaftLogWorker (SegmentedRaftLogWorker.java:execute(601)) - 8e81be81-8cf3-4cb2-af1f-2c1c9bc19b0e@group-76E48770978D-SegmentedRaftLogWorker: created new log segment /github/workspace/mnt/ozone/hadoop-ozone/integration-test/target/test-dir/MiniOzoneClusterImpl-952c9dfc-8967-4523-b06f-60d3bd5de2bf/datanode-1/data/ratis/90d79207-282c-4ddc-b3c9-76e48770978d/current/log_inprogress_0
2021-05-19 07:42:20,916 [grpc-default-executor-1] WARN  server.GrpcLogAppender (LogUtils.java:warn(122)) - 8e81be81-8cf3-4cb2-af1f-2c1c9bc19b0e@group-76E48770978D->a14714da-c87c-4361-b393-7e96cf422ed7-AppendLogResponseHandler: Failed appendEntries: org.apache.ratis.thirdparty.io.grpc.StatusRuntimeException: UNAVAILABLE: io exception
2021-05-19 07:42:20,929 [8e81be81-8cf3-4cb2-af1f-2c1c9bc19b0e@group-76E48770978D-LeaderElection56] INFO  server.RaftServer$Division (ServerState.java:setRaftConf(373)) - 8e81be81-8cf3-4cb2-af1f-2c1c9bc19b0e@group-76E48770978D: set configuration 0: [a14714da-c87c-4361-b393-7e96cf422ed7|rpc:172.17.0.2:45547|dataStream:|priority:0, 68d4f79f-8ed5-4598-b947-57f9bc979c0e|rpc:172.17.0.2:42729|dataStream:|priority:0, 8e81be81-8cf3-4cb2-af1f-2c1c9bc19b0e|rpc:172.17.0.2:41855|dataStream:|priority:1], old=null
2021-05-19 07:42:20,930 [grpc-default-executor-1] WARN  server.GrpcLogAppender (GrpcLogAppender.java:resetClient(111)) - 8e81be81-8cf3-4cb2-af1f-2c1c9bc19b0e@group-76E48770978D->a14714da-c87c-4361-b393-7e96cf422ed7-GrpcLogAppender: Leader has not got in touch with Follower 8e81be81-8cf3-4cb2-af1f-2c1c9bc19b0e@group-76E48770978D->a14714da-c87c-4361-b393-7e96cf422ed7(c-1,m0,n1, attendVote=true, lastRpcSendTime=13, lastRpcResponseTime=5237) yet, just keep nextIndex unchanged and retry.
2021-05-19 07:42:20,936 [grpc-default-executor-1] INFO  ratis.XceiverServerRatis (XceiverServerRatis.java:handleLeaderChangedNotification(906)) - Leader change notification received for group: group-76E48770978D with new leaderId: 8e81be81-8cf3-4cb2-af1f-2c1c9bc19b0e
2021-05-19 07:42:20,936 [grpc-default-executor-1] INFO  server.RaftServer$Division (ServerState.java:setLeader(271)) - 68d4f79f-8ed5-4598-b947-57f9bc979c0e@group-76E48770978D: change Leader from null to 8e81be81-8cf3-4cb2-af1f-2c1c9bc19b0e at term 4 for appendEntries, leader elected after 20494ms
2021-05-19 07:42:20,947 [grpc-default-executor-1] INFO  server.RaftServer$Division (ServerState.java:setRaftConf(373)) - 68d4f79f-8ed5-4598-b947-57f9bc979c0e@group-76E48770978D: set configuration 0: [a14714da-c87c-4361-b393-7e96cf422ed7|rpc:172.17.0.2:45547|dataStream:|priority:0, 68d4f79f-8ed5-4598-b947-57f9bc979c0e|rpc:172.17.0.2:42729|dataStream:|priority:0, 8e81be81-8cf3-4cb2-af1f-2c1c9bc19b0e|rpc:172.17.0.2:41855|dataStream:|priority:1], old=null
2021-05-19 07:42:20,947 [grpc-default-executor-1] INFO  segmented.SegmentedRaftLogWorker (SegmentedRaftLogWorker.java:startLogSegment(394)) - 68d4f79f-8ed5-4598-b947-57f9bc979c0e@group-76E48770978D-SegmentedRaftLogWorker: Starting segment from index:0
2021-05-19 07:42:20,950 [68d4f79f-8ed5-4598-b947-57f9bc979c0e@group-76E48770978D-SegmentedRaftLogWorker] INFO  segmented.SegmentedRaftLogWorker (SegmentedRaftLogWorker.java:execute(601)) - 68d4f79f-8ed5-4598-b947-57f9bc979c0e@group-76E48770978D-SegmentedRaftLogWorker: created new log segment /github/workspace/mnt/ozone/hadoop-ozone/integration-test/target/test-dir/MiniOzoneClusterImpl-952c9dfc-8967-4523-b06f-60d3bd5de2bf/datanode-0/data/ratis/90d79207-282c-4ddc-b3c9-76e48770978d/current/log_inprogress_0
2021-05-19 07:42:21,304 [9d983546-4247-4c0f-83b0-40f69e4f4d28@group-B061D1CC775E-FollowerState] INFO  impl.FollowerState (FollowerState.java:run(134)) - 9d983546-4247-4c0f-83b0-40f69e4f4d28@group-B061D1CC775E-FollowerState: change to CANDIDATE, lastRpcElapsedTime:5012115600ns, electionTimeout:5011ms
2021-05-19 07:42:21,305 [9d983546-4247-4c0f-83b0-40f69e4f4d28@group-B061D1CC775E-FollowerState] INFO  impl.RoleInfo (RoleInfo.java:shutdownFollowerState(108)) - 9d983546-4247-4c0f-83b0-40f69e4f4d28: shutdown 9d983546-4247-4c0f-83b0-40f69e4f4d28@group-B061D1CC775E-FollowerState
2021-05-19 07:42:21,305 [9d983546-4247-4c0f-83b0-40f69e4f4d28@group-B061D1CC775E-FollowerState] INFO  server.RaftServer$Division (RaftServerImpl.java:setRole(284)) - 9d983546-4247-4c0f-83b0-40f69e4f4d28@group-B061D1CC775E: changes role from  FOLLOWER to CANDIDATE at term 3 for changeToCandidate
2021-05-19 07:42:21,317 [9d983546-4247-4c0f-83b0-40f69e4f4d28@group-B061D1CC775E-FollowerState] INFO  server.RaftServerConfigKeys (ConfUtils.java:logGet(44)) - raft.server.leaderelection.pre-vote = false (custom)
2021-05-19 07:42:21,317 [9d983546-4247-4c0f-83b0-40f69e4f4d28@group-B061D1CC775E-FollowerState] INFO  impl.RoleInfo (RoleInfo.java:updateAndGet(130)) - 9d983546-4247-4c0f-83b0-40f69e4f4d28: start 9d983546-4247-4c0f-83b0-40f69e4f4d28@group-B061D1CC775E-LeaderElection57
2021-05-19 07:42:21,322 [9d983546-4247-4c0f-83b0-40f69e4f4d28@group-B061D1CC775E-LeaderElection57] INFO  impl.LeaderElection (LeaderElection.java:askForVotes(306)) - 9d983546-4247-4c0f-83b0-40f69e4f4d28@group-B061D1CC775E-LeaderElection57 ELECTION round 0: submit vote requests at term 4 for -1: [37b2c1ee-956a-4dec-b232-912a6a25ff9b|rpc:172.17.0.2:35677|dataStream:|priority:0, 9d983546-4247-4c0f-83b0-40f69e4f4d28|rpc:172.17.0.2:36963|dataStream:|priority:0, a4ee1d3f-5505-4afe-8a03-746b4b90cef8|rpc:172.17.0.2:46809|dataStream:|priority:1], old=null
2021-05-19 07:42:21,328 [grpc-default-executor-1] INFO  server.RaftServer$Division (RaftServerImpl.java:requestVote(1042)) - 37b2c1ee-956a-4dec-b232-912a6a25ff9b@group-B061D1CC775E: receive requestVote(ELECTION, 9d983546-4247-4c0f-83b0-40f69e4f4d28, group-B061D1CC775E, 4, (t:0, i:0))
2021-05-19 07:42:21,329 [grpc-default-executor-1] INFO  impl.VoteContext (VoteContext.java:log(48)) - 37b2c1ee-956a-4dec-b232-912a6a25ff9b@group-B061D1CC775E-FOLLOWER: accept ELECTION from 9d983546-4247-4c0f-83b0-40f69e4f4d28: our priority 0 <= candidate's priority 0
2021-05-19 07:42:21,329 [grpc-default-executor-1] INFO  server.RaftServer$Division (RaftServerImpl.java:setRole(284)) - 37b2c1ee-956a-4dec-b232-912a6a25ff9b@group-B061D1CC775E: changes role from  FOLLOWER to FOLLOWER at term 4 for candidate:9d983546-4247-4c0f-83b0-40f69e4f4d28
2021-05-19 07:42:21,329 [grpc-default-executor-1] INFO  impl.RoleInfo (RoleInfo.java:shutdownFollowerState(108)) - 37b2c1ee-956a-4dec-b232-912a6a25ff9b: shutdown 37b2c1ee-956a-4dec-b232-912a6a25ff9b@group-B061D1CC775E-FollowerState
2021-05-19 07:42:21,337 [grpc-default-executor-1] INFO  impl.RoleInfo (RoleInfo.java:updateAndGet(130)) - 37b2c1ee-956a-4dec-b232-912a6a25ff9b: start 37b2c1ee-956a-4dec-b232-912a6a25ff9b@group-B061D1CC775E-FollowerState
2021-05-19 07:42:21,337 [37b2c1ee-956a-4dec-b232-912a6a25ff9b@group-B061D1CC775E-FollowerState] INFO  impl.FollowerState (FollowerState.java:run(143)) - 37b2c1ee-956a-4dec-b232-912a6a25ff9b@group-B061D1CC775E-FollowerState was interrupted: {}
java.lang.InterruptedException: sleep interrupted
	at java.lang.Thread.sleep(Native Method)
	at java.lang.Thread.sleep(Thread.java:340)
	at java.util.concurrent.TimeUnit.sleep(TimeUnit.java:386)
	at org.apache.ratis.util.TimeDuration.sleep(TimeDuration.java:324)
	at org.apache.ratis.util.TimeDuration.sleep(TimeDuration.java:309)
	at org.apache.ratis.server.impl.FollowerState.run(FollowerState.java:118)
2021-05-19 07:42:21,338 [grpc-default-executor-5] INFO  server.RaftServer$Division (RaftServerImpl.java:requestVote(1042)) - a4ee1d3f-5505-4afe-8a03-746b4b90cef8@group-B061D1CC775E: receive requestVote(ELECTION, 9d983546-4247-4c0f-83b0-40f69e4f4d28, group-B061D1CC775E, 4, (t:0, i:0))
2021-05-19 07:42:21,338 [grpc-default-executor-5] INFO  impl.VoteContext (VoteContext.java:log(48)) - a4ee1d3f-5505-4afe-8a03-746b4b90cef8@group-B061D1CC775E-FOLLOWER: reject ELECTION from 9d983546-4247-4c0f-83b0-40f69e4f4d28: our priority 1 > candidate's priority 0
2021-05-19 07:42:21,338 [grpc-default-executor-5] INFO  server.RaftServer$Division (RaftServerImpl.java:setRole(284)) - a4ee1d3f-5505-4afe-8a03-746b4b90cef8@group-B061D1CC775E: changes role from  FOLLOWER to FOLLOWER at term 4 for candidate:9d983546-4247-4c0f-83b0-40f69e4f4d28
2021-05-19 07:42:21,338 [grpc-default-executor-5] INFO  impl.RoleInfo (RoleInfo.java:shutdownFollowerState(108)) - a4ee1d3f-5505-4afe-8a03-746b4b90cef8: shutdown a4ee1d3f-5505-4afe-8a03-746b4b90cef8@group-B061D1CC775E-FollowerState
2021-05-19 07:42:21,341 [grpc-default-executor-5] INFO  impl.RoleInfo (RoleInfo.java:updateAndGet(130)) - a4ee1d3f-5505-4afe-8a03-746b4b90cef8: start a4ee1d3f-5505-4afe-8a03-746b4b90cef8@group-B061D1CC775E-FollowerState
2021-05-19 07:42:21,341 [a4ee1d3f-5505-4afe-8a03-746b4b90cef8@group-B061D1CC775E-FollowerState] INFO  impl.FollowerState (FollowerState.java:run(143)) - a4ee1d3f-5505-4afe-8a03-746b4b90cef8@group-B061D1CC775E-FollowerState was interrupted: {}
java.lang.InterruptedException: sleep interrupted
	at java.lang.Thread.sleep(Native Method)
	at java.lang.Thread.sleep(Thread.java:340)
	at java.util.concurrent.TimeUnit.sleep(TimeUnit.java:386)
	at org.apache.ratis.util.TimeDuration.sleep(TimeDuration.java:324)
	at org.apache.ratis.util.TimeDuration.sleep(TimeDuration.java:309)
	at org.apache.ratis.server.impl.FollowerState.run(FollowerState.java:118)
2021-05-19 07:42:21,342 [grpc-default-executor-1] INFO  server.RaftServer$Division (RaftServerImpl.java:requestVote(1074)) - 37b2c1ee-956a-4dec-b232-912a6a25ff9b@group-B061D1CC775E replies to ELECTION vote request: 9d983546-4247-4c0f-83b0-40f69e4f4d28<-37b2c1ee-956a-4dec-b232-912a6a25ff9b#0:OK-t4. Peer's state: 37b2c1ee-956a-4dec-b232-912a6a25ff9b@group-B061D1CC775E:t4, leader=null, voted=9d983546-4247-4c0f-83b0-40f69e4f4d28, raftlog=37b2c1ee-956a-4dec-b232-912a6a25ff9b@group-B061D1CC775E-SegmentedRaftLog:OPENED:c-1,f-1,i0, conf=-1: [37b2c1ee-956a-4dec-b232-912a6a25ff9b|rpc:172.17.0.2:35677|priority:0, 9d983546-4247-4c0f-83b0-40f69e4f4d28|rpc:172.17.0.2:36963|priority:0, a4ee1d3f-5505-4afe-8a03-746b4b90cef8|rpc:172.17.0.2:46809|priority:1], old=null
2021-05-19 07:42:21,347 [grpc-default-executor-5] INFO  server.RaftServer$Division (RaftServerImpl.java:requestVote(1074)) - a4ee1d3f-5505-4afe-8a03-746b4b90cef8@group-B061D1CC775E replies to ELECTION vote request: 9d983546-4247-4c0f-83b0-40f69e4f4d28<-a4ee1d3f-5505-4afe-8a03-746b4b90cef8#0:FAIL-t4. Peer's state: a4ee1d3f-5505-4afe-8a03-746b4b90cef8@group-B061D1CC775E:t4, leader=null, voted=null, raftlog=a4ee1d3f-5505-4afe-8a03-746b4b90cef8@group-B061D1CC775E-SegmentedRaftLog:OPENED:c-1,f-1,i0, conf=-1: [37b2c1ee-956a-4dec-b232-912a6a25ff9b|rpc:172.17.0.2:35677|dataStream:|priority:0, 9d983546-4247-4c0f-83b0-40f69e4f4d28|rpc:172.17.0.2:36963|dataStream:|priority:0, a4ee1d3f-5505-4afe-8a03-746b4b90cef8|rpc:172.17.0.2:46809|dataStream:|priority:1], old=null
2021-05-19 07:42:21,348 [9d983546-4247-4c0f-83b0-40f69e4f4d28@group-B061D1CC775E-LeaderElection57] INFO  impl.LeaderElection (LeaderElection.java:logAndReturn(89)) - 9d983546-4247-4c0f-83b0-40f69e4f4d28@group-B061D1CC775E-LeaderElection57: ELECTION REJECTED received 2 response(s) and 0 exception(s):
2021-05-19 07:42:21,348 [9d983546-4247-4c0f-83b0-40f69e4f4d28@group-B061D1CC775E-LeaderElection57] INFO  impl.LeaderElection (LeaderElection.java:logAndReturn(93)) -   Response 0: 9d983546-4247-4c0f-83b0-40f69e4f4d28<-37b2c1ee-956a-4dec-b232-912a6a25ff9b#0:OK-t4
2021-05-19 07:42:21,348 [9d983546-4247-4c0f-83b0-40f69e4f4d28@group-B061D1CC775E-LeaderElection57] INFO  impl.LeaderElection (LeaderElection.java:logAndReturn(93)) -   Response 1: 9d983546-4247-4c0f-83b0-40f69e4f4d28<-a4ee1d3f-5505-4afe-8a03-746b4b90cef8#0:FAIL-t4
2021-05-19 07:42:21,348 [9d983546-4247-4c0f-83b0-40f69e4f4d28@group-B061D1CC775E-LeaderElection57] INFO  impl.LeaderElection (LeaderElection.java:askForVotes(308)) - 9d983546-4247-4c0f-83b0-40f69e4f4d28@group-B061D1CC775E-LeaderElection57 ELECTION round 0: result REJECTED
2021-05-19 07:42:21,348 [9d983546-4247-4c0f-83b0-40f69e4f4d28@group-B061D1CC775E-LeaderElection57] INFO  server.RaftServer$Division (RaftServerImpl.java:setRole(284)) - 9d983546-4247-4c0f-83b0-40f69e4f4d28@group-B061D1CC775E: changes role from CANDIDATE to FOLLOWER at term 4 for REJECTED
2021-05-19 07:42:21,348 [9d983546-4247-4c0f-83b0-40f69e4f4d28@group-B061D1CC775E-LeaderElection57] INFO  impl.RoleInfo (RoleInfo.java:shutdownLeaderElection(121)) - 9d983546-4247-4c0f-83b0-40f69e4f4d28: shutdown 9d983546-4247-4c0f-83b0-40f69e4f4d28@group-B061D1CC775E-LeaderElection57
2021-05-19 07:42:21,348 [9d983546-4247-4c0f-83b0-40f69e4f4d28@group-B061D1CC775E-LeaderElection57] INFO  impl.RoleInfo (RoleInfo.java:updateAndGet(130)) - 9d983546-4247-4c0f-83b0-40f69e4f4d28: start 9d983546-4247-4c0f-83b0-40f69e4f4d28@group-B061D1CC775E-FollowerState
2021-05-19 07:42:23,008 [grpc-default-executor-1] WARN  server.GrpcLogAppender (LogUtils.java:warn(122)) - 68d4f79f-8ed5-4598-b947-57f9bc979c0e@group-AC6A57830C75->a14714da-c87c-4361-b393-7e96cf422ed7-AppendLogResponseHandler: Failed appendEntries: org.apache.ratis.thirdparty.io.grpc.StatusRuntimeException: UNAVAILABLE: io exception
2021-05-19 07:42:23,009 [grpc-default-executor-1] WARN  server.GrpcLogAppender (GrpcLogAppender.java:resetClient(111)) - 68d4f79f-8ed5-4598-b947-57f9bc979c0e@group-AC6A57830C75->a14714da-c87c-4361-b393-7e96cf422ed7-GrpcLogAppender: Leader has not got in touch with Follower 68d4f79f-8ed5-4598-b947-57f9bc979c0e@group-AC6A57830C75->a14714da-c87c-4361-b393-7e96cf422ed7(c0,m0,n1, attendVote=true, lastRpcSendTime=2501, lastRpcResponseTime=5006) yet, just keep nextIndex unchanged and retry.
2021-05-19 07:42:23,417 [grpc-default-executor-5] WARN  server.GrpcLogAppender (LogUtils.java:warn(122)) - 8e81be81-8cf3-4cb2-af1f-2c1c9bc19b0e@group-76E48770978D->a14714da-c87c-4361-b393-7e96cf422ed7-AppendLogResponseHandler: Failed appendEntries: org.apache.ratis.thirdparty.io.grpc.StatusRuntimeException: UNAVAILABLE: io exception
2021-05-19 07:42:23,418 [grpc-default-executor-5] WARN  server.GrpcLogAppender (GrpcLogAppender.java:resetClient(111)) - 8e81be81-8cf3-4cb2-af1f-2c1c9bc19b0e@group-76E48770978D->a14714da-c87c-4361-b393-7e96cf422ed7-GrpcLogAppender: Leader has not got in touch with Follower 8e81be81-8cf3-4cb2-af1f-2c1c9bc19b0e@group-76E48770978D->a14714da-c87c-4361-b393-7e96cf422ed7(c-1,m0,n1, attendVote=true, lastRpcSendTime=2501, lastRpcResponseTime=7725) yet, just keep nextIndex unchanged and retry.
2021-05-19 07:42:24,106 [EventQueue-StaleNodeForStaleNodeHandler] INFO  node.StaleNodeHandler (StaleNodeHandler.java:onMessage(58)) - Datanode a14714da-c87c-4361-b393-7e96cf422ed7{ip: 172.17.0.2, host: 3974e5c036b4, ports: [REPLICATION=40039, RATIS=45547, RATIS_ADMIN=45547, RATIS_SERVER=45547, STANDALONE=44867], networkLocation: /default-rack, certSerialId: null, persistedOpState: IN_SERVICE, persistedOpStateExpiryEpochSec: 0} moved to stale state. Finalizing its pipelines [PipelineID=b2b3615b-70b0-4c95-a861-ac6a57830c75, PipelineID=90d79207-282c-4ddc-b3c9-76e48770978d, PipelineID=8c84198b-96dd-4712-91c9-cd7ce254a7b8, PipelineID=da74cb76-52a2-4b5c-bce9-dece5be019f2]
2021-05-19 07:42:24,107 [EventQueue-StaleNodeForStaleNodeHandler] INFO  pipeline.PipelineManagerV2Impl (PipelineManagerV2Impl.java:closePipeline(330)) - Pipeline Pipeline[ Id: b2b3615b-70b0-4c95-a861-ac6a57830c75, Nodes: 68d4f79f-8ed5-4598-b947-57f9bc979c0e{ip: 172.17.0.2, host: 3974e5c036b4, ports: [REPLICATION=43949, RATIS=42729, RATIS_ADMIN=42729, RATIS_SERVER=42729, STANDALONE=34701], networkLocation: /default-rack, certSerialId: null, persistedOpState: IN_SERVICE, persistedOpStateExpiryEpochSec: 0}a14714da-c87c-4361-b393-7e96cf422ed7{ip: 172.17.0.2, host: 3974e5c036b4, ports: [REPLICATION=40039, RATIS=45547, RATIS_ADMIN=45547, RATIS_SERVER=45547, STANDALONE=44867], networkLocation: /default-rack, certSerialId: null, persistedOpState: IN_SERVICE, persistedOpStateExpiryEpochSec: 0}8e81be81-8cf3-4cb2-af1f-2c1c9bc19b0e{ip: 172.17.0.2, host: 3974e5c036b4, ports: [REPLICATION=33707, RATIS=41855, RATIS_ADMIN=41855, RATIS_SERVER=41855, STANDALONE=33695], networkLocation: /default-rack, certSerialId: null, persistedOpState: IN_SERVICE, persistedOpStateExpiryEpochSec: 0}, ReplicationConfig: RATIS/THREE, State:OPEN, leaderId:68d4f79f-8ed5-4598-b947-57f9bc979c0e, CreationTimestamp2021-05-19T07:41:57.687Z] moved to CLOSED state
2021-05-19 07:42:24,107 [EventQueue-StaleNodeForStaleNodeHandler] INFO  pipeline.PipelineManagerV2Impl (PipelineManagerV2Impl.java:closePipeline(330)) - Pipeline Pipeline[ Id: 90d79207-282c-4ddc-b3c9-76e48770978d, Nodes: 68d4f79f-8ed5-4598-b947-57f9bc979c0e{ip: 172.17.0.2, host: 3974e5c036b4, ports: [REPLICATION=43949, RATIS=42729, RATIS_ADMIN=42729, RATIS_SERVER=42729, STANDALONE=34701], networkLocation: /default-rack, certSerialId: null, persistedOpState: IN_SERVICE, persistedOpStateExpiryEpochSec: 0}8e81be81-8cf3-4cb2-af1f-2c1c9bc19b0e{ip: 172.17.0.2, host: 3974e5c036b4, ports: [REPLICATION=33707, RATIS=41855, RATIS_ADMIN=41855, RATIS_SERVER=41855, STANDALONE=33695], networkLocation: /default-rack, certSerialId: null, persistedOpState: IN_SERVICE, persistedOpStateExpiryEpochSec: 0}a14714da-c87c-4361-b393-7e96cf422ed7{ip: 172.17.0.2, host: 3974e5c036b4, ports: [REPLICATION=40039, RATIS=45547, RATIS_ADMIN=45547, RATIS_SERVER=45547, STANDALONE=44867], networkLocation: /default-rack, certSerialId: null, persistedOpState: IN_SERVICE, persistedOpStateExpiryEpochSec: 0}, ReplicationConfig: RATIS/THREE, State:OPEN, leaderId:8e81be81-8cf3-4cb2-af1f-2c1c9bc19b0e, CreationTimestamp2021-05-19T07:41:57.688Z] moved to CLOSED state
2021-05-19 07:42:24,107 [EventQueue-StaleNodeForStaleNodeHandler] INFO  pipeline.PipelineManagerV2Impl (PipelineManagerV2Impl.java:closePipeline(330)) - Pipeline Pipeline[ Id: 8c84198b-96dd-4712-91c9-cd7ce254a7b8, Nodes: a14714da-c87c-4361-b393-7e96cf422ed7{ip: 172.17.0.2, host: 3974e5c036b4, ports: [REPLICATION=40039, RATIS=45547, RATIS_ADMIN=45547, RATIS_SERVER=45547, STANDALONE=44867], networkLocation: /default-rack, certSerialId: null, persistedOpState: IN_SERVICE, persistedOpStateExpiryEpochSec: 0}, ReplicationConfig: RATIS/ONE, State:OPEN, leaderId:a14714da-c87c-4361-b393-7e96cf422ed7, CreationTimestamp2021-05-19T07:41:57.684Z] moved to CLOSED state
2021-05-19 07:42:24,114 [EventQueue-CloseContainerForCloseContainerEventHandler] INFO  container.CloseContainerEventHandler (CloseContainerEventHandler.java:onMessage(68)) - Close container Event triggered for container : #1
2021-05-19 07:42:24,114 [EventQueue-StaleNodeForStaleNodeHandler] INFO  pipeline.PipelineManagerV2Impl (PipelineManagerV2Impl.java:closePipeline(330)) - Pipeline Pipeline[ Id: da74cb76-52a2-4b5c-bce9-dece5be019f2, Nodes: 8e81be81-8cf3-4cb2-af1f-2c1c9bc19b0e{ip: 172.17.0.2, host: 3974e5c036b4, ports: [REPLICATION=33707, RATIS=41855, RATIS_ADMIN=41855, RATIS_SERVER=41855, STANDALONE=33695], networkLocation: /default-rack, certSerialId: null, persistedOpState: IN_SERVICE, persistedOpStateExpiryEpochSec: 0}68d4f79f-8ed5-4598-b947-57f9bc979c0e{ip: 172.17.0.2, host: 3974e5c036b4, ports: [REPLICATION=43949, RATIS=42729, RATIS_ADMIN=42729, RATIS_SERVER=42729, STANDALONE=34701], networkLocation: /default-rack, certSerialId: null, persistedOpState: IN_SERVICE, persistedOpStateExpiryEpochSec: 0}a14714da-c87c-4361-b393-7e96cf422ed7{ip: 172.17.0.2, host: 3974e5c036b4, ports: [REPLICATION=40039, RATIS=45547, RATIS_ADMIN=45547, RATIS_SERVER=45547, STANDALONE=44867], networkLocation: /default-rack, certSerialId: null, persistedOpState: IN_SERVICE, persistedOpStateExpiryEpochSec: 0}, ReplicationConfig: RATIS/THREE, State:OPEN, leaderId:a14714da-c87c-4361-b393-7e96cf422ed7, CreationTimestamp2021-05-19T07:41:57.686Z] moved to CLOSED state
2021-05-19 07:42:25,510 [grpc-default-executor-2] WARN  server.GrpcLogAppender (LogUtils.java:warn(122)) - 68d4f79f-8ed5-4598-b947-57f9bc979c0e@group-AC6A57830C75->a14714da-c87c-4361-b393-7e96cf422ed7-AppendLogResponseHandler: Failed appendEntries: org.apache.ratis.thirdparty.io.grpc.StatusRuntimeException: UNAVAILABLE: io exception
2021-05-19 07:42:25,511 [grpc-default-executor-2] WARN  server.GrpcLogAppender (GrpcLogAppender.java:resetClient(111)) - 68d4f79f-8ed5-4598-b947-57f9bc979c0e@group-AC6A57830C75->a14714da-c87c-4361-b393-7e96cf422ed7-GrpcLogAppender: Leader has not got in touch with Follower 68d4f79f-8ed5-4598-b947-57f9bc979c0e@group-AC6A57830C75->a14714da-c87c-4361-b393-7e96cf422ed7(c0,m0,n1, attendVote=true, lastRpcSendTime=0, lastRpcResponseTime=7507) yet, just keep nextIndex unchanged and retry.
2021-05-19 07:42:25,718 [68d4f79f-8ed5-4598-b947-57f9bc979c0e@group-DECE5BE019F2-FollowerState] INFO  impl.FollowerState (FollowerState.java:run(134)) - 68d4f79f-8ed5-4598-b947-57f9bc979c0e@group-DECE5BE019F2-FollowerState: change to CANDIDATE, lastRpcElapsedTime:7764574273ns, electionTimeout:5022ms
2021-05-19 07:42:25,718 [68d4f79f-8ed5-4598-b947-57f9bc979c0e@group-DECE5BE019F2-FollowerState] INFO  impl.RoleInfo (RoleInfo.java:shutdownFollowerState(108)) - 68d4f79f-8ed5-4598-b947-57f9bc979c0e: shutdown 68d4f79f-8ed5-4598-b947-57f9bc979c0e@group-DECE5BE019F2-FollowerState
2021-05-19 07:42:25,718 [68d4f79f-8ed5-4598-b947-57f9bc979c0e@group-DECE5BE019F2-FollowerState] INFO  server.RaftServer$Division (RaftServerImpl.java:setRole(284)) - 68d4f79f-8ed5-4598-b947-57f9bc979c0e@group-DECE5BE019F2: changes role from  FOLLOWER to CANDIDATE at term 1 for changeToCandidate
2021-05-19 07:42:25,718 [68d4f79f-8ed5-4598-b947-57f9bc979c0e@group-DECE5BE019F2-FollowerState] INFO  server.RaftServerConfigKeys (ConfUtils.java:logGet(44)) - raft.server.leaderelection.pre-vote = false (custom)
2021-05-19 07:42:25,718 [68d4f79f-8ed5-4598-b947-57f9bc979c0e@group-DECE5BE019F2-FollowerState] INFO  impl.RoleInfo (RoleInfo.java:updateAndGet(130)) - 68d4f79f-8ed5-4598-b947-57f9bc979c0e: start 68d4f79f-8ed5-4598-b947-57f9bc979c0e@group-DECE5BE019F2-LeaderElection58
2021-05-19 07:42:25,724 [68d4f79f-8ed5-4598-b947-57f9bc979c0e@group-DECE5BE019F2-LeaderElection58] INFO  server.RaftServer$Division (ServerState.java:setLeader(271)) - 68d4f79f-8ed5-4598-b947-57f9bc979c0e@group-DECE5BE019F2: change Leader from a14714da-c87c-4361-b393-7e96cf422ed7 to null at term 1 for ELECTION
2021-05-19 07:42:25,732 [68d4f79f-8ed5-4598-b947-57f9bc979c0e@group-DECE5BE019F2-LeaderElection58] INFO  impl.LeaderElection (LeaderElection.java:askForVotes(306)) - 68d4f79f-8ed5-4598-b947-57f9bc979c0e@group-DECE5BE019F2-LeaderElection58 ELECTION round 0: submit vote requests at term 2 for 0: [a14714da-c87c-4361-b393-7e96cf422ed7|rpc:172.17.0.2:45547|dataStream:|priority:1, 8e81be81-8cf3-4cb2-af1f-2c1c9bc19b0e|rpc:172.17.0.2:41855|dataStream:|priority:0, 68d4f79f-8ed5-4598-b947-57f9bc979c0e|rpc:172.17.0.2:42729|dataStream:|priority:0], old=null
2021-05-19 07:42:25,750 [68d4f79f-8ed5-4598-b947-57f9bc979c0e@group-DECE5BE019F2-LeaderElection58] INFO  impl.LeaderElection (LogUtils.java:infoOrTrace(137)) - 68d4f79f-8ed5-4598-b947-57f9bc979c0e@group-DECE5BE019F2-LeaderElection58 got exception when requesting votes: java.util.concurrent.ExecutionException: org.apache.ratis.thirdparty.io.grpc.StatusRuntimeException: UNAVAILABLE: io exception
2021-05-19 07:42:25,753 [grpc-default-executor-2] INFO  server.RaftServer$Division (RaftServerImpl.java:requestVote(1042)) - 8e81be81-8cf3-4cb2-af1f-2c1c9bc19b0e@group-DECE5BE019F2: receive requestVote(ELECTION, 68d4f79f-8ed5-4598-b947-57f9bc979c0e, group-DECE5BE019F2, 2, (t:1, i:0))
2021-05-19 07:42:25,753 [grpc-default-executor-2] INFO  impl.VoteContext (VoteContext.java:log(48)) - 8e81be81-8cf3-4cb2-af1f-2c1c9bc19b0e@group-DECE5BE019F2-FOLLOWER: accept ELECTION from 68d4f79f-8ed5-4598-b947-57f9bc979c0e: our priority 0 <= candidate's priority 0
2021-05-19 07:42:25,753 [grpc-default-executor-2] INFO  server.RaftServer$Division (ServerState.java:setLeader(271)) - 8e81be81-8cf3-4cb2-af1f-2c1c9bc19b0e@group-DECE5BE019F2: change Leader from a14714da-c87c-4361-b393-7e96cf422ed7 to null at term 2 for updateCurrentTerm
2021-05-19 07:42:25,754 [grpc-default-executor-2] INFO  server.RaftServer$Division (RaftServerImpl.java:setRole(284)) - 8e81be81-8cf3-4cb2-af1f-2c1c9bc19b0e@group-DECE5BE019F2: changes role from  FOLLOWER to FOLLOWER at term 2 for candidate:68d4f79f-8ed5-4598-b947-57f9bc979c0e
2021-05-19 07:42:25,754 [grpc-default-executor-2] INFO  impl.RoleInfo (RoleInfo.java:shutdownFollowerState(108)) - 8e81be81-8cf3-4cb2-af1f-2c1c9bc19b0e: shutdown 8e81be81-8cf3-4cb2-af1f-2c1c9bc19b0e@group-DECE5BE019F2-FollowerState
2021-05-19 07:42:25,754 [grpc-default-executor-2] INFO  impl.RoleInfo (RoleInfo.java:updateAndGet(130)) - 8e81be81-8cf3-4cb2-af1f-2c1c9bc19b0e: start 8e81be81-8cf3-4cb2-af1f-2c1c9bc19b0e@group-DECE5BE019F2-FollowerState
2021-05-19 07:42:25,754 [8e81be81-8cf3-4cb2-af1f-2c1c9bc19b0e@group-DECE5BE019F2-FollowerState] INFO  impl.FollowerState (FollowerState.java:run(143)) - 8e81be81-8cf3-4cb2-af1f-2c1c9bc19b0e@group-DECE5BE019F2-FollowerState was interrupted: {}
java.lang.InterruptedException: sleep interrupted
	at java.lang.Thread.sleep(Native Method)
	at java.lang.Thread.sleep(Thread.java:340)
	at java.util.concurrent.TimeUnit.sleep(TimeUnit.java:386)
	at org.apache.ratis.util.TimeDuration.sleep(TimeDuration.java:324)
	at org.apache.ratis.util.TimeDuration.sleep(TimeDuration.java:309)
	at org.apache.ratis.server.impl.FollowerState.run(FollowerState.java:118)
2021-05-19 07:42:25,760 [grpc-default-executor-2] INFO  server.RaftServer$Division (RaftServerImpl.java:requestVote(1074)) - 8e81be81-8cf3-4cb2-af1f-2c1c9bc19b0e@group-DECE5BE019F2 replies to ELECTION vote request: 68d4f79f-8ed5-4598-b947-57f9bc979c0e<-8e81be81-8cf3-4cb2-af1f-2c1c9bc19b0e#0:OK-t2. Peer's state: 8e81be81-8cf3-4cb2-af1f-2c1c9bc19b0e@group-DECE5BE019F2:t2, leader=null, voted=68d4f79f-8ed5-4598-b947-57f9bc979c0e, raftlog=8e81be81-8cf3-4cb2-af1f-2c1c9bc19b0e@group-DECE5BE019F2-SegmentedRaftLog:OPENED:c0,f0,i0, conf=0: [a14714da-c87c-4361-b393-7e96cf422ed7|rpc:172.17.0.2:45547|dataStream:|priority:1, 8e81be81-8cf3-4cb2-af1f-2c1c9bc19b0e|rpc:172.17.0.2:41855|dataStream:|priority:0, 68d4f79f-8ed5-4598-b947-57f9bc979c0e|rpc:172.17.0.2:42729|dataStream:|priority:0], old=null
2021-05-19 07:42:25,761 [68d4f79f-8ed5-4598-b947-57f9bc979c0e@group-DECE5BE019F2-LeaderElection58] INFO  impl.LeaderElection (LeaderElection.java:logAndReturn(89)) - 68d4f79f-8ed5-4598-b947-57f9bc979c0e@group-DECE5BE019F2-LeaderElection58: ELECTION PASSED received 1 response(s) and 1 exception(s):
2021-05-19 07:42:25,761 [68d4f79f-8ed5-4598-b947-57f9bc979c0e@group-DECE5BE019F2-LeaderElection58] INFO  impl.LeaderElection (LeaderElection.java:logAndReturn(93)) -   Response 0: 68d4f79f-8ed5-4598-b947-57f9bc979c0e<-8e81be81-8cf3-4cb2-af1f-2c1c9bc19b0e#0:OK-t2
2021-05-19 07:42:25,761 [68d4f79f-8ed5-4598-b947-57f9bc979c0e@group-DECE5BE019F2-LeaderElection58] INFO  impl.LeaderElection (LogUtils.java:infoOrTrace(137)) -   Exception 1: java.util.concurrent.ExecutionException: org.apache.ratis.thirdparty.io.grpc.StatusRuntimeException: UNAVAILABLE: io exception
2021-05-19 07:42:25,761 [68d4f79f-8ed5-4598-b947-57f9bc979c0e@group-DECE5BE019F2-LeaderElection58] INFO  impl.LeaderElection (LeaderElection.java:askForVotes(308)) - 68d4f79f-8ed5-4598-b947-57f9bc979c0e@group-DECE5BE019F2-LeaderElection58 ELECTION round 0: result PASSED
2021-05-19 07:42:25,761 [68d4f79f-8ed5-4598-b947-57f9bc979c0e@group-DECE5BE019F2-LeaderElection58] INFO  impl.RoleInfo (RoleInfo.java:shutdownLeaderElection(121)) - 68d4f79f-8ed5-4598-b947-57f9bc979c0e: shutdown 68d4f79f-8ed5-4598-b947-57f9bc979c0e@group-DECE5BE019F2-LeaderElection58
2021-05-19 07:42:25,761 [68d4f79f-8ed5-4598-b947-57f9bc979c0e@group-DECE5BE019F2-LeaderElection58] INFO  server.RaftServer$Division (RaftServerImpl.java:setRole(284)) - 68d4f79f-8ed5-4598-b947-57f9bc979c0e@group-DECE5BE019F2: changes role from CANDIDATE to LEADER at term 2 for changeToLeader
2021-05-19 07:42:25,761 [68d4f79f-8ed5-4598-b947-57f9bc979c0e@group-DECE5BE019F2-LeaderElection58] INFO  ratis.XceiverServerRatis (XceiverServerRatis.java:handleLeaderChangedNotification(906)) - Leader change notification received for group: group-DECE5BE019F2 with new leaderId: 68d4f79f-8ed5-4598-b947-57f9bc979c0e
2021-05-19 07:42:25,761 [68d4f79f-8ed5-4598-b947-57f9bc979c0e@group-DECE5BE019F2-LeaderElection58] INFO  server.RaftServer$Division (ServerState.java:setLeader(271)) - 68d4f79f-8ed5-4598-b947-57f9bc979c0e@group-DECE5BE019F2: change Leader from null to 68d4f79f-8ed5-4598-b947-57f9bc979c0e at term 2 for becomeLeader, leader elected after 36ms
2021-05-19 07:42:25,761 [68d4f79f-8ed5-4598-b947-57f9bc979c0e@group-DECE5BE019F2-LeaderElection58] INFO  server.RaftServerConfigKeys (ConfUtils.java:logGet(44)) - raft.server.staging.catchup.gap = 1000 (default)
2021-05-19 07:42:25,762 [68d4f79f-8ed5-4598-b947-57f9bc979c0e@group-DECE5BE019F2-LeaderElection58] INFO  metrics.RatisMetrics (RatisMetrics.java:lambda$create$0(36)) - Creating Metrics Registry : ratis.log_appender.68d4f79f-8ed5-4598-b947-57f9bc979c0e@group-DECE5BE019F2
2021-05-19 07:42:25,762 [68d4f79f-8ed5-4598-b947-57f9bc979c0e@group-DECE5BE019F2-LeaderElection58] INFO  server.RaftServerConfigKeys (ConfUtils.java:logGet(44)) - raft.server.write.element-limit = 1024 (custom)
2021-05-19 07:42:25,762 [68d4f79f-8ed5-4598-b947-57f9bc979c0e@group-DECE5BE019F2-LeaderElection58] INFO  server.RaftServerConfigKeys (ConfUtils.java:logGet(44)) - raft.server.write.byte-limit = 1073741824 (custom)
2021-05-19 07:42:25,762 [68d4f79f-8ed5-4598-b947-57f9bc979c0e@group-DECE5BE019F2-LeaderElection58] INFO  server.RaftServerConfigKeys (ConfUtils.java:logGet(44)) - raft.server.watch.timeout = 3000ms (custom)
2021-05-19 07:42:25,762 [68d4f79f-8ed5-4598-b947-57f9bc979c0e@group-DECE5BE019F2-LeaderElection58] INFO  server.RaftServerConfigKeys (ConfUtils.java:logGet(44)) - raft.server.watch.timeout.denomination = 1s (default)
2021-05-19 07:42:25,762 [68d4f79f-8ed5-4598-b947-57f9bc979c0e@group-DECE5BE019F2-LeaderElection58] INFO  server.RaftServerConfigKeys (ConfUtils.java:logGet(44)) - raft.server.watch.element-limit = 65536 (default)
2021-05-19 07:42:25,762 [68d4f79f-8ed5-4598-b947-57f9bc979c0e@group-DECE5BE019F2-LeaderElection58] INFO  server.RaftServerConfigKeys (ConfUtils.java:logGet(44)) - raft.server.log.appender.snapshot.chunk.size.max = 16MB (=16777216) (default)
2021-05-19 07:42:25,762 [68d4f79f-8ed5-4598-b947-57f9bc979c0e@group-DECE5BE019F2-LeaderElection58] INFO  server.RaftServerConfigKeys (ConfUtils.java:logGet(44)) - raft.server.log.appender.buffer.byte-limit = 33554432 (custom)
2021-05-19 07:42:25,762 [68d4f79f-8ed5-4598-b947-57f9bc979c0e@group-DECE5BE019F2-LeaderElection58] INFO  server.RaftServerConfigKeys (ConfUtils.java:logGet(44)) - raft.server.log.appender.buffer.element-limit = 1 (custom)
2021-05-19 07:42:25,762 [68d4f79f-8ed5-4598-b947-57f9bc979c0e@group-DECE5BE019F2-LeaderElection58] INFO  grpc.GrpcConfigKeys (ConfUtils.java:logGet(44)) - raft.grpc.server.leader.outstanding.appends.max = 128 (default)
2021-05-19 07:42:25,762 [68d4f79f-8ed5-4598-b947-57f9bc979c0e@group-DECE5BE019F2-LeaderElection58] INFO  server.RaftServerConfigKeys (ConfUtils.java:logGet(44)) - raft.server.rpc.request.timeout = 3000ms (default)
2021-05-19 07:42:25,763 [68d4f79f-8ed5-4598-b947-57f9bc979c0e@group-DECE5BE019F2-LeaderElection58] INFO  server.RaftServerConfigKeys (ConfUtils.java:logGet(44)) - raft.server.log.appender.install.snapshot.enabled = false (custom)
2021-05-19 07:42:25,763 [68d4f79f-8ed5-4598-b947-57f9bc979c0e@group-DECE5BE019F2-LeaderElection58] INFO  metrics.RatisMetrics (RatisMetrics.java:lambda$create$0(36)) - Creating Metrics Registry : ratis_grpc.log_appender.68d4f79f-8ed5-4598-b947-57f9bc979c0e@group-DECE5BE019F2
2021-05-19 07:42:25,764 [68d4f79f-8ed5-4598-b947-57f9bc979c0e@group-DECE5BE019F2-LeaderElection58] INFO  server.RaftServerConfigKeys (ConfUtils.java:logGet(44)) - raft.server.log.appender.snapshot.chunk.size.max = 16MB (=16777216) (default)
2021-05-19 07:42:25,764 [68d4f79f-8ed5-4598-b947-57f9bc979c0e@group-DECE5BE019F2-LeaderElection58] INFO  server.RaftServerConfigKeys (ConfUtils.java:logGet(44)) - raft.server.log.appender.buffer.byte-limit = 33554432 (custom)
2021-05-19 07:42:25,764 [68d4f79f-8ed5-4598-b947-57f9bc979c0e@group-DECE5BE019F2-LeaderElection58] INFO  server.RaftServerConfigKeys (ConfUtils.java:logGet(44)) - raft.server.log.appender.buffer.element-limit = 1 (custom)
2021-05-19 07:42:25,764 [68d4f79f-8ed5-4598-b947-57f9bc979c0e@group-DECE5BE019F2-LeaderElection58] INFO  grpc.GrpcConfigKeys (ConfUtils.java:logGet(44)) - raft.grpc.server.leader.outstanding.appends.max = 128 (default)
2021-05-19 07:42:25,764 [68d4f79f-8ed5-4598-b947-57f9bc979c0e@group-DECE5BE019F2-LeaderElection58] INFO  server.RaftServerConfigKeys (ConfUtils.java:logGet(44)) - raft.server.rpc.request.timeout = 3000ms (default)
2021-05-19 07:42:25,764 [68d4f79f-8ed5-4598-b947-57f9bc979c0e@group-DECE5BE019F2-LeaderElection58] INFO  server.RaftServerConfigKeys (ConfUtils.java:logGet(44)) - raft.server.log.appender.install.snapshot.enabled = false (custom)
2021-05-19 07:42:25,765 [68d4f79f-8ed5-4598-b947-57f9bc979c0e@group-DECE5BE019F2-LeaderElection58] INFO  impl.RoleInfo (RoleInfo.java:updateAndGet(130)) - 68d4f79f-8ed5-4598-b947-57f9bc979c0e: start 68d4f79f-8ed5-4598-b947-57f9bc979c0e@group-DECE5BE019F2-LeaderStateImpl
2021-05-19 07:42:25,765 [68d4f79f-8ed5-4598-b947-57f9bc979c0e@group-DECE5BE019F2-LeaderElection58] INFO  segmented.SegmentedRaftLogWorker (SegmentedRaftLogWorker.java:rollLogSegment(399)) - 68d4f79f-8ed5-4598-b947-57f9bc979c0e@group-DECE5BE019F2-SegmentedRaftLogWorker: Rolling segment log-0_0 to index:0
2021-05-19 07:42:25,766 [68d4f79f-8ed5-4598-b947-57f9bc979c0e@group-DECE5BE019F2-SegmentedRaftLogWorker] INFO  segmented.SegmentedRaftLogWorker (SegmentedRaftLogWorker.java:execute(558)) - 68d4f79f-8ed5-4598-b947-57f9bc979c0e@group-DECE5BE019F2-SegmentedRaftLogWorker: Rolled log segment from /github/workspace/mnt/ozone/hadoop-ozone/integration-test/target/test-dir/MiniOzoneClusterImpl-952c9dfc-8967-4523-b06f-60d3bd5de2bf/datanode-0/data/ratis/da74cb76-52a2-4b5c-bce9-dece5be019f2/current/log_inprogress_0 to /github/workspace/mnt/ozone/hadoop-ozone/integration-test/target/test-dir/MiniOzoneClusterImpl-952c9dfc-8967-4523-b06f-60d3bd5de2bf/datanode-0/data/ratis/da74cb76-52a2-4b5c-bce9-dece5be019f2/current/log_0-0
2021-05-19 07:42:25,767 [68d4f79f-8ed5-4598-b947-57f9bc979c0e@group-DECE5BE019F2-SegmentedRaftLogWorker] INFO  segmented.SegmentedRaftLogWorker (SegmentedRaftLogWorker.java:execute(601)) - 68d4f79f-8ed5-4598-b947-57f9bc979c0e@group-DECE5BE019F2-SegmentedRaftLogWorker: created new log segment /github/workspace/mnt/ozone/hadoop-ozone/integration-test/target/test-dir/MiniOzoneClusterImpl-952c9dfc-8967-4523-b06f-60d3bd5de2bf/datanode-0/data/ratis/da74cb76-52a2-4b5c-bce9-dece5be019f2/current/log_inprogress_1
2021-05-19 07:42:25,779 [grpc-default-executor-2] WARN  server.GrpcLogAppender (LogUtils.java:warn(122)) - 68d4f79f-8ed5-4598-b947-57f9bc979c0e@group-DECE5BE019F2->a14714da-c87c-4361-b393-7e96cf422ed7-AppendLogResponseHandler: Failed appendEntries: org.apache.ratis.thirdparty.io.grpc.StatusRuntimeException: UNAVAILABLE: io exception
2021-05-19 07:42:25,780 [grpc-default-executor-2] WARN  server.GrpcLogAppender (GrpcLogAppender.java:resetClient(111)) - 68d4f79f-8ed5-4598-b947-57f9bc979c0e@group-DECE5BE019F2->a14714da-c87c-4361-b393-7e96cf422ed7-GrpcLogAppender: Leader has not got in touch with Follower 68d4f79f-8ed5-4598-b947-57f9bc979c0e@group-DECE5BE019F2->a14714da-c87c-4361-b393-7e96cf422ed7(c-1,m0,n2, attendVote=true, lastRpcSendTime=0, lastRpcResponseTime=5217) yet, just keep nextIndex unchanged and retry.
2021-05-19 07:42:25,791 [68d4f79f-8ed5-4598-b947-57f9bc979c0e@group-DECE5BE019F2-LeaderElection58] INFO  server.RaftServer$Division (ServerState.java:setRaftConf(373)) - 68d4f79f-8ed5-4598-b947-57f9bc979c0e@group-DECE5BE019F2: set configuration 1: [a14714da-c87c-4361-b393-7e96cf422ed7|rpc:172.17.0.2:45547|dataStream:|priority:1, 8e81be81-8cf3-4cb2-af1f-2c1c9bc19b0e|rpc:172.17.0.2:41855|dataStream:|priority:0, 68d4f79f-8ed5-4598-b947-57f9bc979c0e|rpc:172.17.0.2:42729|dataStream:|priority:0], old=null
2021-05-19 07:42:25,793 [grpc-default-executor-2] INFO  ratis.XceiverServerRatis (XceiverServerRatis.java:handleLeaderChangedNotification(906)) - Leader change notification received for group: group-DECE5BE019F2 with new leaderId: 68d4f79f-8ed5-4598-b947-57f9bc979c0e
2021-05-19 07:42:25,793 [grpc-default-executor-2] INFO  server.RaftServer$Division (ServerState.java:setLeader(271)) - 8e81be81-8cf3-4cb2-af1f-2c1c9bc19b0e@group-DECE5BE019F2: change Leader from null to 68d4f79f-8ed5-4598-b947-57f9bc979c0e at term 2 for appendEntries, leader elected after 39ms
2021-05-19 07:42:25,799 [grpc-default-executor-2] INFO  server.RaftServer$Division (ServerState.java:setRaftConf(373)) - 8e81be81-8cf3-4cb2-af1f-2c1c9bc19b0e@group-DECE5BE019F2: set configuration 1: [a14714da-c87c-4361-b393-7e96cf422ed7|rpc:172.17.0.2:45547|dataStream:|priority:1, 8e81be81-8cf3-4cb2-af1f-2c1c9bc19b0e|rpc:172.17.0.2:41855|dataStream:|priority:0, 68d4f79f-8ed5-4598-b947-57f9bc979c0e|rpc:172.17.0.2:42729|dataStream:|priority:0], old=null
2021-05-19 07:42:25,799 [grpc-default-executor-2] INFO  segmented.SegmentedRaftLogWorker (SegmentedRaftLogWorker.java:rollLogSegment(399)) - 8e81be81-8cf3-4cb2-af1f-2c1c9bc19b0e@group-DECE5BE019F2-SegmentedRaftLogWorker: Rolling segment log-0_0 to index:0
2021-05-19 07:42:25,799 [8e81be81-8cf3-4cb2-af1f-2c1c9bc19b0e@group-DECE5BE019F2-SegmentedRaftLogWorker] INFO  segmented.SegmentedRaftLogWorker (SegmentedRaftLogWorker.java:execute(558)) - 8e81be81-8cf3-4cb2-af1f-2c1c9bc19b0e@group-DECE5BE019F2-SegmentedRaftLogWorker: Rolled log segment from /github/workspace/mnt/ozone/hadoop-ozone/integration-test/target/test-dir/MiniOzoneClusterImpl-952c9dfc-8967-4523-b06f-60d3bd5de2bf/datanode-1/data/ratis/da74cb76-52a2-4b5c-bce9-dece5be019f2/current/log_inprogress_0 to /github/workspace/mnt/ozone/hadoop-ozone/integration-test/target/test-dir/MiniOzoneClusterImpl-952c9dfc-8967-4523-b06f-60d3bd5de2bf/datanode-1/data/ratis/da74cb76-52a2-4b5c-bce9-dece5be019f2/current/log_0-0
2021-05-19 07:42:25,800 [8e81be81-8cf3-4cb2-af1f-2c1c9bc19b0e@group-DECE5BE019F2-SegmentedRaftLogWorker] INFO  segmented.SegmentedRaftLogWorker (SegmentedRaftLogWorker.java:execute(601)) - 8e81be81-8cf3-4cb2-af1f-2c1c9bc19b0e@group-DECE5BE019F2-SegmentedRaftLogWorker: created new log segment /github/workspace/mnt/ozone/hadoop-ozone/integration-test/target/test-dir/MiniOzoneClusterImpl-952c9dfc-8967-4523-b06f-60d3bd5de2bf/datanode-1/data/ratis/da74cb76-52a2-4b5c-bce9-dece5be019f2/current/log_inprogress_1
2021-05-19 07:42:25,831 [grpc-default-executor-2] WARN  server.GrpcLogAppender (LogUtils.java:warn(122)) - 68d4f79f-8ed5-4598-b947-57f9bc979c0e@group-DECE5BE019F2->a14714da-c87c-4361-b393-7e96cf422ed7-AppendLogResponseHandler: Failed appendEntries: org.apache.ratis.thirdparty.io.grpc.StatusRuntimeException: UNAVAILABLE: io exception
2021-05-19 07:42:25,831 [grpc-default-executor-2] WARN  server.GrpcLogAppender (GrpcLogAppender.java:resetClient(111)) - 68d4f79f-8ed5-4598-b947-57f9bc979c0e@group-DECE5BE019F2->a14714da-c87c-4361-b393-7e96cf422ed7-GrpcLogAppender: Leader has not got in touch with Follower 68d4f79f-8ed5-4598-b947-57f9bc979c0e@group-DECE5BE019F2->a14714da-c87c-4361-b393-7e96cf422ed7(c-1,m0,n3, attendVote=true, lastRpcSendTime=0, lastRpcResponseTime=5269) yet, just keep nextIndex unchanged and retry.
2021-05-19 07:42:25,920 [grpc-default-executor-2] WARN  server.GrpcLogAppender (LogUtils.java:warn(122)) - 8e81be81-8cf3-4cb2-af1f-2c1c9bc19b0e@group-76E48770978D->a14714da-c87c-4361-b393-7e96cf422ed7-AppendLogResponseHandler: Failed appendEntries: org.apache.ratis.thirdparty.io.grpc.StatusRuntimeException: UNAVAILABLE: io exception
2021-05-19 07:42:25,921 [grpc-default-executor-2] WARN  server.GrpcLogAppender (GrpcLogAppender.java:resetClient(111)) - 8e81be81-8cf3-4cb2-af1f-2c1c9bc19b0e@group-76E48770978D->a14714da-c87c-4361-b393-7e96cf422ed7-GrpcLogAppender: Leader has not got in touch with Follower 8e81be81-8cf3-4cb2-af1f-2c1c9bc19b0e@group-76E48770978D->a14714da-c87c-4361-b393-7e96cf422ed7(c-1,m0,n1, attendVote=true, lastRpcSendTime=0, lastRpcResponseTime=10228) yet, just keep nextIndex unchanged and retry.
2021-05-19 07:42:26,347 [a4ee1d3f-5505-4afe-8a03-746b4b90cef8@group-B061D1CC775E-FollowerState] INFO  impl.FollowerState (FollowerState.java:run(134)) - a4ee1d3f-5505-4afe-8a03-746b4b90cef8@group-B061D1CC775E-FollowerState: change to CANDIDATE, lastRpcElapsedTime:5005470982ns, electionTimeout:5000ms
2021-05-19 07:42:26,347 [a4ee1d3f-5505-4afe-8a03-746b4b90cef8@group-B061D1CC775E-FollowerState] INFO  impl.RoleInfo (RoleInfo.java:shutdownFollowerState(108)) - a4ee1d3f-5505-4afe-8a03-746b4b90cef8: shutdown a4ee1d3f-5505-4afe-8a03-746b4b90cef8@group-B061D1CC775E-FollowerState
2021-05-19 07:42:26,347 [a4ee1d3f-5505-4afe-8a03-746b4b90cef8@group-B061D1CC775E-FollowerState] INFO  server.RaftServer$Division (RaftServerImpl.java:setRole(284)) - a4ee1d3f-5505-4afe-8a03-746b4b90cef8@group-B061D1CC775E: changes role from  FOLLOWER to CANDIDATE at term 4 for changeToCandidate
2021-05-19 07:42:26,347 [a4ee1d3f-5505-4afe-8a03-746b4b90cef8@group-B061D1CC775E-FollowerState] INFO  server.RaftServerConfigKeys (ConfUtils.java:logGet(44)) - raft.server.leaderelection.pre-vote = false (custom)
2021-05-19 07:42:26,347 [a4ee1d3f-5505-4afe-8a03-746b4b90cef8@group-B061D1CC775E-FollowerState] INFO  impl.RoleInfo (RoleInfo.java:updateAndGet(130)) - a4ee1d3f-5505-4afe-8a03-746b4b90cef8: start a4ee1d3f-5505-4afe-8a03-746b4b90cef8@group-B061D1CC775E-LeaderElection59
2021-05-19 07:42:26,354 [a4ee1d3f-5505-4afe-8a03-746b4b90cef8@group-B061D1CC775E-LeaderElection59] INFO  impl.LeaderElection (LeaderElection.java:askForVotes(306)) - a4ee1d3f-5505-4afe-8a03-746b4b90cef8@group-B061D1CC775E-LeaderElection59 ELECTION round 0: submit vote requests at term 5 for -1: [37b2c1ee-956a-4dec-b232-912a6a25ff9b|rpc:172.17.0.2:35677|dataStream:|priority:0, 9d983546-4247-4c0f-83b0-40f69e4f4d28|rpc:172.17.0.2:36963|dataStream:|priority:0, a4ee1d3f-5505-4afe-8a03-746b4b90cef8|rpc:172.17.0.2:46809|dataStream:|priority:1], old=null
2021-05-19 07:42:26,373 [grpc-default-executor-5] INFO  server.RaftServer$Division (RaftServerImpl.java:requestVote(1042)) - 37b2c1ee-956a-4dec-b232-912a6a25ff9b@group-B061D1CC775E: receive requestVote(ELECTION, a4ee1d3f-5505-4afe-8a03-746b4b90cef8, group-B061D1CC775E, 5, (t:0, i:0))
2021-05-19 07:42:26,373 [grpc-default-executor-5] INFO  impl.VoteContext (VoteContext.java:log(48)) - 37b2c1ee-956a-4dec-b232-912a6a25ff9b@group-B061D1CC775E-FOLLOWER: accept ELECTION from a4ee1d3f-5505-4afe-8a03-746b4b90cef8: our priority 0 <= candidate's priority 1
2021-05-19 07:42:26,374 [grpc-default-executor-5] INFO  server.RaftServer$Division (RaftServerImpl.java:setRole(284)) - 37b2c1ee-956a-4dec-b232-912a6a25ff9b@group-B061D1CC775E: changes role from  FOLLOWER to FOLLOWER at term 5 for candidate:a4ee1d3f-5505-4afe-8a03-746b4b90cef8
2021-05-19 07:42:26,374 [grpc-default-executor-5] INFO  impl.RoleInfo (RoleInfo.java:shutdownFollowerState(108)) - 37b2c1ee-956a-4dec-b232-912a6a25ff9b: shutdown 37b2c1ee-956a-4dec-b232-912a6a25ff9b@group-B061D1CC775E-FollowerState
2021-05-19 07:42:26,374 [grpc-default-executor-5] INFO  impl.RoleInfo (RoleInfo.java:updateAndGet(130)) - 37b2c1ee-956a-4dec-b232-912a6a25ff9b: start 37b2c1ee-956a-4dec-b232-912a6a25ff9b@group-B061D1CC775E-FollowerState
2021-05-19 07:42:26,374 [37b2c1ee-956a-4dec-b232-912a6a25ff9b@group-B061D1CC775E-FollowerState] INFO  impl.FollowerState (FollowerState.java:run(143)) - 37b2c1ee-956a-4dec-b232-912a6a25ff9b@group-B061D1CC775E-FollowerState was interrupted: {}
java.lang.InterruptedException: sleep interrupted
	at java.lang.Thread.sleep(Native Method)
	at java.lang.Thread.sleep(Thread.java:340)
	at java.util.concurrent.TimeUnit.sleep(TimeUnit.java:386)
	at org.apache.ratis.util.TimeDuration.sleep(TimeDuration.java:324)
	at org.apache.ratis.util.TimeDuration.sleep(TimeDuration.java:309)
	at org.apache.ratis.server.impl.FollowerState.run(FollowerState.java:118)
2021-05-19 07:42:26,383 [grpc-default-executor-5] INFO  server.RaftServer$Division (RaftServerImpl.java:requestVote(1074)) - 37b2c1ee-956a-4dec-b232-912a6a25ff9b@group-B061D1CC775E replies to ELECTION vote request: a4ee1d3f-5505-4afe-8a03-746b4b90cef8<-37b2c1ee-956a-4dec-b232-912a6a25ff9b#0:OK-t5. Peer's state: 37b2c1ee-956a-4dec-b232-912a6a25ff9b@group-B061D1CC775E:t5, leader=null, voted=a4ee1d3f-5505-4afe-8a03-746b4b90cef8, raftlog=37b2c1ee-956a-4dec-b232-912a6a25ff9b@group-B061D1CC775E-SegmentedRaftLog:OPENED:c-1,f-1,i0, conf=-1: [37b2c1ee-956a-4dec-b232-912a6a25ff9b|rpc:172.17.0.2:35677|priority:0, 9d983546-4247-4c0f-83b0-40f69e4f4d28|rpc:172.17.0.2:36963|priority:0, a4ee1d3f-5505-4afe-8a03-746b4b90cef8|rpc:172.17.0.2:46809|priority:1], old=null
2021-05-19 07:42:26,384 [a4ee1d3f-5505-4afe-8a03-746b4b90cef8@group-B061D1CC775E-LeaderElection59] INFO  impl.LeaderElection (LeaderElection.java:logAndReturn(89)) - a4ee1d3f-5505-4afe-8a03-746b4b90cef8@group-B061D1CC775E-LeaderElection59: ELECTION PASSED received 1 response(s) and 0 exception(s):
2021-05-19 07:42:26,384 [a4ee1d3f-5505-4afe-8a03-746b4b90cef8@group-B061D1CC775E-LeaderElection59] INFO  impl.LeaderElection (LeaderElection.java:logAndReturn(93)) -   Response 0: a4ee1d3f-5505-4afe-8a03-746b4b90cef8<-37b2c1ee-956a-4dec-b232-912a6a25ff9b#0:OK-t5
2021-05-19 07:42:26,384 [a4ee1d3f-5505-4afe-8a03-746b4b90cef8@group-B061D1CC775E-LeaderElection59] INFO  impl.LeaderElection (LeaderElection.java:askForVotes(308)) - a4ee1d3f-5505-4afe-8a03-746b4b90cef8@group-B061D1CC775E-LeaderElection59 ELECTION round 0: result PASSED
2021-05-19 07:42:26,385 [a4ee1d3f-5505-4afe-8a03-746b4b90cef8@group-B061D1CC775E-LeaderElection59] INFO  impl.RoleInfo (RoleInfo.java:shutdownLeaderElection(121)) - a4ee1d3f-5505-4afe-8a03-746b4b90cef8: shutdown a4ee1d3f-5505-4afe-8a03-746b4b90cef8@group-B061D1CC775E-LeaderElection59
2021-05-19 07:42:26,385 [a4ee1d3f-5505-4afe-8a03-746b4b90cef8@group-B061D1CC775E-LeaderElection59] INFO  server.RaftServer$Division (RaftServerImpl.java:setRole(284)) - a4ee1d3f-5505-4afe-8a03-746b4b90cef8@group-B061D1CC775E: changes role from CANDIDATE to LEADER at term 5 for changeToLeader
2021-05-19 07:42:26,385 [a4ee1d3f-5505-4afe-8a03-746b4b90cef8@group-B061D1CC775E-LeaderElection59] INFO  ratis.XceiverServerRatis (XceiverServerRatis.java:handleLeaderChangedNotification(906)) - Leader change notification received for group: group-B061D1CC775E with new leaderId: a4ee1d3f-5505-4afe-8a03-746b4b90cef8
2021-05-19 07:42:26,385 [a4ee1d3f-5505-4afe-8a03-746b4b90cef8@group-B061D1CC775E-LeaderElection59] INFO  server.RaftServer$Division (ServerState.java:setLeader(271)) - a4ee1d3f-5505-4afe-8a03-746b4b90cef8@group-B061D1CC775E: change Leader from null to a4ee1d3f-5505-4afe-8a03-746b4b90cef8 at term 5 for becomeLeader, leader elected after 25326ms
2021-05-19 07:42:26,385 [a4ee1d3f-5505-4afe-8a03-746b4b90cef8@group-B061D1CC775E-LeaderElection59] INFO  server.RaftServerConfigKeys (ConfUtils.java:logGet(44)) - raft.server.staging.catchup.gap = 1000 (default)
2021-05-19 07:42:26,385 [a4ee1d3f-5505-4afe-8a03-746b4b90cef8@group-B061D1CC775E-LeaderElection59] INFO  metrics.RatisMetrics (RatisMetrics.java:lambda$create$0(36)) - Creating Metrics Registry : ratis.log_appender.a4ee1d3f-5505-4afe-8a03-746b4b90cef8@group-B061D1CC775E
2021-05-19 07:42:26,385 [a4ee1d3f-5505-4afe-8a03-746b4b90cef8@group-B061D1CC775E-LeaderElection59] INFO  server.RaftServerConfigKeys (ConfUtils.java:logGet(44)) - raft.server.write.element-limit = 1024 (custom)
2021-05-19 07:42:26,385 [a4ee1d3f-5505-4afe-8a03-746b4b90cef8@group-B061D1CC775E-LeaderElection59] INFO  server.RaftServerConfigKeys (ConfUtils.java:logGet(44)) - raft.server.write.byte-limit = 1073741824 (custom)
2021-05-19 07:42:26,385 [a4ee1d3f-5505-4afe-8a03-746b4b90cef8@group-B061D1CC775E-LeaderElection59] INFO  server.RaftServerConfigKeys (ConfUtils.java:logGet(44)) - raft.server.watch.timeout = 3000ms (custom)
2021-05-19 07:42:26,385 [a4ee1d3f-5505-4afe-8a03-746b4b90cef8@group-B061D1CC775E-LeaderElection59] INFO  server.RaftServerConfigKeys (ConfUtils.java:logGet(44)) - raft.server.watch.timeout.denomination = 1s (default)
2021-05-19 07:42:26,385 [a4ee1d3f-5505-4afe-8a03-746b4b90cef8@group-B061D1CC775E-LeaderElection59] INFO  server.RaftServerConfigKeys (ConfUtils.java:logGet(44)) - raft.server.watch.element-limit = 65536 (default)
2021-05-19 07:42:26,386 [a4ee1d3f-5505-4afe-8a03-746b4b90cef8@group-B061D1CC775E-LeaderElection59] INFO  server.RaftServerConfigKeys (ConfUtils.java:logGet(44)) - raft.server.log.appender.snapshot.chunk.size.max = 16MB (=16777216) (default)
2021-05-19 07:42:26,386 [a4ee1d3f-5505-4afe-8a03-746b4b90cef8@group-B061D1CC775E-LeaderElection59] INFO  server.RaftServerConfigKeys (ConfUtils.java:logGet(44)) - raft.server.log.appender.buffer.byte-limit = 33554432 (custom)
2021-05-19 07:42:26,386 [a4ee1d3f-5505-4afe-8a03-746b4b90cef8@group-B061D1CC775E-LeaderElection59] INFO  server.RaftServerConfigKeys (ConfUtils.java:logGet(44)) - raft.server.log.appender.buffer.element-limit = 1 (custom)
2021-05-19 07:42:26,386 [a4ee1d3f-5505-4afe-8a03-746b4b90cef8@group-B061D1CC775E-LeaderElection59] INFO  grpc.GrpcConfigKeys (ConfUtils.java:logGet(44)) - raft.grpc.server.leader.outstanding.appends.max = 128 (default)
2021-05-19 07:42:26,386 [a4ee1d3f-5505-4afe-8a03-746b4b90cef8@group-B061D1CC775E-LeaderElection59] INFO  server.RaftServerConfigKeys (ConfUtils.java:logGet(44)) - raft.server.rpc.request.timeout = 3000ms (default)
2021-05-19 07:42:26,386 [a4ee1d3f-5505-4afe-8a03-746b4b90cef8@group-B061D1CC775E-LeaderElection59] INFO  server.RaftServerConfigKeys (ConfUtils.java:logGet(44)) - raft.server.log.appender.install.snapshot.enabled = false (custom)
2021-05-19 07:42:26,386 [a4ee1d3f-5505-4afe-8a03-746b4b90cef8@group-B061D1CC775E-LeaderElection59] INFO  metrics.RatisMetrics (RatisMetrics.java:lambda$create$0(36)) - Creating Metrics Registry : ratis_grpc.log_appender.a4ee1d3f-5505-4afe-8a03-746b4b90cef8@group-B061D1CC775E
2021-05-19 07:42:26,387 [EventQueue-PipelineReportForPipelineReportHandler] INFO  pipeline.PipelineManagerV2Impl (PipelineManagerV2Impl.java:openPipeline(270)) - Pipeline Pipeline[ Id: 03b01f46-c381-4ba2-a991-b061d1cc775e, Nodes: 9d983546-4247-4c0f-83b0-40f69e4f4d28{ip: 172.17.0.2, host: 3974e5c036b4, ports: [REPLICATION=38577, RATIS=36963, RATIS_ADMIN=36963, RATIS_SERVER=36963, STANDALONE=35805], networkLocation: /default-rack, certSerialId: null, persistedOpState: IN_SERVICE, persistedOpStateExpiryEpochSec: 0}37b2c1ee-956a-4dec-b232-912a6a25ff9b{ip: 172.17.0.2, host: 3974e5c036b4, ports: [REPLICATION=33365, RATIS=35677, RATIS_ADMIN=35677, RATIS_SERVER=35677, STANDALONE=37521], networkLocation: /default-rack, certSerialId: null, persistedOpState: IN_SERVICE, persistedOpStateExpiryEpochSec: 0}a4ee1d3f-5505-4afe-8a03-746b4b90cef8{ip: 172.17.0.2, host: 3974e5c036b4, ports: [REPLICATION=43531, RATIS=46809, RATIS_ADMIN=46809, RATIS_SERVER=46809, STANDALONE=36497], networkLocation: /default-rack, certSerialId: null, persistedOpState: IN_SERVICE, persistedOpStateExpiryEpochSec: 0}, ReplicationConfig: RATIS/THREE, State:ALLOCATED, leaderId:a4ee1d3f-5505-4afe-8a03-746b4b90cef8, CreationTimestamp2021-05-19T07:41:58.344Z] moved to OPEN state
2021-05-19 07:42:26,390 [a4ee1d3f-5505-4afe-8a03-746b4b90cef8@group-B061D1CC775E-LeaderElection59] INFO  server.RaftServerConfigKeys (ConfUtils.java:logGet(44)) - raft.server.log.appender.snapshot.chunk.size.max = 16MB (=16777216) (default)
2021-05-19 07:42:26,390 [a4ee1d3f-5505-4afe-8a03-746b4b90cef8@group-B061D1CC775E-LeaderElection59] INFO  server.RaftServerConfigKeys (ConfUtils.java:logGet(44)) - raft.server.log.appender.buffer.byte-limit = 33554432 (custom)
2021-05-19 07:42:26,390 [a4ee1d3f-5505-4afe-8a03-746b4b90cef8@group-B061D1CC775E-LeaderElection59] INFO  server.RaftServerConfigKeys (ConfUtils.java:logGet(44)) - raft.server.log.appender.buffer.element-limit = 1 (custom)
2021-05-19 07:42:26,390 [a4ee1d3f-5505-4afe-8a03-746b4b90cef8@group-B061D1CC775E-LeaderElection59] INFO  grpc.GrpcConfigKeys (ConfUtils.java:logGet(44)) - raft.grpc.server.leader.outstanding.appends.max = 128 (default)
2021-05-19 07:42:26,391 [a4ee1d3f-5505-4afe-8a03-746b4b90cef8@group-B061D1CC775E-LeaderElection59] INFO  server.RaftServerConfigKeys (ConfUtils.java:logGet(44)) - raft.server.rpc.request.timeout = 3000ms (default)
2021-05-19 07:42:26,391 [a4ee1d3f-5505-4afe-8a03-746b4b90cef8@group-B061D1CC775E-LeaderElection59] INFO  server.RaftServerConfigKeys (ConfUtils.java:logGet(44)) - raft.server.log.appender.install.snapshot.enabled = false (custom)
2021-05-19 07:42:26,392 [a4ee1d3f-5505-4afe-8a03-746b4b90cef8@group-B061D1CC775E-LeaderElection59] INFO  impl.RoleInfo (RoleInfo.java:updateAndGet(130)) - a4ee1d3f-5505-4afe-8a03-746b4b90cef8: start a4ee1d3f-5505-4afe-8a03-746b4b90cef8@group-B061D1CC775E-LeaderStateImpl
2021-05-19 07:42:26,393 [a4ee1d3f-5505-4afe-8a03-746b4b90cef8@group-B061D1CC775E-LeaderElection59] INFO  segmented.SegmentedRaftLogWorker (SegmentedRaftLogWorker.java:startLogSegment(394)) - a4ee1d3f-5505-4afe-8a03-746b4b90cef8@group-B061D1CC775E-SegmentedRaftLogWorker: Starting segment from index:0
2021-05-19 07:42:26,394 [a4ee1d3f-5505-4afe-8a03-746b4b90cef8@group-B061D1CC775E-SegmentedRaftLogWorker] INFO  segmented.SegmentedRaftLogWorker (SegmentedRaftLogWorker.java:execute(601)) - a4ee1d3f-5505-4afe-8a03-746b4b90cef8@group-B061D1CC775E-SegmentedRaftLogWorker: created new log segment /github/workspace/mnt/ozone/hadoop-ozone/integration-test/target/test-dir/MiniOzoneClusterImpl-952c9dfc-8967-4523-b06f-60d3bd5de2bf/datanode-4/data/ratis/03b01f46-c381-4ba2-a991-b061d1cc775e/current/log_inprogress_0
2021-05-19 07:42:26,395 [grpc-default-executor-5] INFO  server.RaftServer$Division (RaftServerImpl.java:requestVote(1042)) - 9d983546-4247-4c0f-83b0-40f69e4f4d28@group-B061D1CC775E: receive requestVote(ELECTION, a4ee1d3f-5505-4afe-8a03-746b4b90cef8, group-B061D1CC775E, 5, (t:0, i:0))
2021-05-19 07:42:26,395 [grpc-default-executor-5] INFO  impl.VoteContext (VoteContext.java:log(48)) - 9d983546-4247-4c0f-83b0-40f69e4f4d28@group-B061D1CC775E-FOLLOWER: accept ELECTION from a4ee1d3f-5505-4afe-8a03-746b4b90cef8: our priority 0 <= candidate's priority 1
2021-05-19 07:42:26,395 [grpc-default-executor-5] INFO  server.RaftServer$Division (RaftServerImpl.java:setRole(284)) - 9d983546-4247-4c0f-83b0-40f69e4f4d28@group-B061D1CC775E: changes role from  FOLLOWER to FOLLOWER at term 5 for candidate:a4ee1d3f-5505-4afe-8a03-746b4b90cef8
2021-05-19 07:42:26,395 [grpc-default-executor-5] INFO  impl.RoleInfo (RoleInfo.java:shutdownFollowerState(108)) - 9d983546-4247-4c0f-83b0-40f69e4f4d28: shutdown 9d983546-4247-4c0f-83b0-40f69e4f4d28@group-B061D1CC775E-FollowerState
2021-05-19 07:42:26,398 [9d983546-4247-4c0f-83b0-40f69e4f4d28@group-B061D1CC775E-FollowerState] INFO  impl.FollowerState (FollowerState.java:run(143)) - 9d983546-4247-4c0f-83b0-40f69e4f4d28@group-B061D1CC775E-FollowerState was interrupted: {}
java.lang.InterruptedException: sleep interrupted
	at java.lang.Thread.sleep(Native Method)
	at java.lang.Thread.sleep(Thread.java:340)
	at java.util.concurrent.TimeUnit.sleep(TimeUnit.java:386)
	at org.apache.ratis.util.TimeDuration.sleep(TimeDuration.java:324)
	at org.apache.ratis.util.TimeDuration.sleep(TimeDuration.java:309)
	at org.apache.ratis.server.impl.FollowerState.run(FollowerState.java:118)
2021-05-19 07:42:26,407 [grpc-default-executor-5] INFO  impl.RoleInfo (RoleInfo.java:updateAndGet(130)) - 9d983546-4247-4c0f-83b0-40f69e4f4d28: start 9d983546-4247-4c0f-83b0-40f69e4f4d28@group-B061D1CC775E-FollowerState
2021-05-19 07:42:26,407 [a4ee1d3f-5505-4afe-8a03-746b4b90cef8@group-B061D1CC775E-LeaderElection59] INFO  server.RaftServer$Division (ServerState.java:setRaftConf(373)) - a4ee1d3f-5505-4afe-8a03-746b4b90cef8@group-B061D1CC775E: set configuration 0: [37b2c1ee-956a-4dec-b232-912a6a25ff9b|rpc:172.17.0.2:35677|dataStream:|priority:0, 9d983546-4247-4c0f-83b0-40f69e4f4d28|rpc:172.17.0.2:36963|dataStream:|priority:0, a4ee1d3f-5505-4afe-8a03-746b4b90cef8|rpc:172.17.0.2:46809|dataStream:|priority:1], old=null
2021-05-19 07:42:26,417 [grpc-default-executor-5] INFO  server.RaftServer$Division (RaftServerImpl.java:requestVote(1074)) - 9d983546-4247-4c0f-83b0-40f69e4f4d28@group-B061D1CC775E replies to ELECTION vote request: a4ee1d3f-5505-4afe-8a03-746b4b90cef8<-9d983546-4247-4c0f-83b0-40f69e4f4d28#0:OK-t5. Peer's state: 9d983546-4247-4c0f-83b0-40f69e4f4d28@group-B061D1CC775E:t5, leader=null, voted=a4ee1d3f-5505-4afe-8a03-746b4b90cef8, raftlog=9d983546-4247-4c0f-83b0-40f69e4f4d28@group-B061D1CC775E-SegmentedRaftLog:OPENED:c-1,f-1,i0, conf=-1: [37b2c1ee-956a-4dec-b232-912a6a25ff9b|rpc:172.17.0.2:35677|dataStream:|priority:0, 9d983546-4247-4c0f-83b0-40f69e4f4d28|rpc:172.17.0.2:36963|dataStream:|priority:0, a4ee1d3f-5505-4afe-8a03-746b4b90cef8|rpc:172.17.0.2:46809|dataStream:|priority:1], old=null
2021-05-19 07:42:26,419 [grpc-default-executor-1] INFO  ratis.XceiverServerRatis (XceiverServerRatis.java:handleLeaderChangedNotification(906)) - Leader change notification received for group: group-B061D1CC775E with new leaderId: a4ee1d3f-5505-4afe-8a03-746b4b90cef8
2021-05-19 07:42:26,419 [grpc-default-executor-1] INFO  server.RaftServer$Division (ServerState.java:setLeader(271)) - 37b2c1ee-956a-4dec-b232-912a6a25ff9b@group-B061D1CC775E: change Leader from null to a4ee1d3f-5505-4afe-8a03-746b4b90cef8 at term 5 for appendEntries, leader elected after 25406ms
2021-05-19 07:42:26,419 [grpc-default-executor-5] INFO  ratis.XceiverServerRatis (XceiverServerRatis.java:handleLeaderChangedNotification(906)) - Leader change notification received for group: group-B061D1CC775E with new leaderId: a4ee1d3f-5505-4afe-8a03-746b4b90cef8
2021-05-19 07:42:26,419 [grpc-default-executor-5] INFO  server.RaftServer$Division (ServerState.java:setLeader(271)) - 9d983546-4247-4c0f-83b0-40f69e4f4d28@group-B061D1CC775E: change Leader from null to a4ee1d3f-5505-4afe-8a03-746b4b90cef8 at term 5 for appendEntries, leader elected after 25391ms
2021-05-19 07:42:26,439 [grpc-default-executor-5] INFO  server.RaftServer$Division (ServerState.java:setRaftConf(373)) - 37b2c1ee-956a-4dec-b232-912a6a25ff9b@group-B061D1CC775E: set configuration 0: [37b2c1ee-956a-4dec-b232-912a6a25ff9b|rpc:172.17.0.2:35677|dataStream:|priority:0, 9d983546-4247-4c0f-83b0-40f69e4f4d28|rpc:172.17.0.2:36963|dataStream:|priority:0, a4ee1d3f-5505-4afe-8a03-746b4b90cef8|rpc:172.17.0.2:46809|dataStream:|priority:1], old=null
2021-05-19 07:42:26,439 [grpc-default-executor-5] INFO  segmented.SegmentedRaftLogWorker (SegmentedRaftLogWorker.java:startLogSegment(394)) - 37b2c1ee-956a-4dec-b232-912a6a25ff9b@group-B061D1CC775E-SegmentedRaftLogWorker: Starting segment from index:0
2021-05-19 07:42:26,440 [grpc-default-executor-1] INFO  server.RaftServer$Division (ServerState.java:setRaftConf(373)) - 9d983546-4247-4c0f-83b0-40f69e4f4d28@group-B061D1CC775E: set configuration 0: [37b2c1ee-956a-4dec-b232-912a6a25ff9b|rpc:172.17.0.2:35677|dataStream:|priority:0, 9d983546-4247-4c0f-83b0-40f69e4f4d28|rpc:172.17.0.2:36963|dataStream:|priority:0, a4ee1d3f-5505-4afe-8a03-746b4b90cef8|rpc:172.17.0.2:46809|dataStream:|priority:1], old=null
2021-05-19 07:42:26,441 [grpc-default-executor-1] INFO  segmented.SegmentedRaftLogWorker (SegmentedRaftLogWorker.java:startLogSegment(394)) - 9d983546-4247-4c0f-83b0-40f69e4f4d28@group-B061D1CC775E-SegmentedRaftLogWorker: Starting segment from index:0
2021-05-19 07:42:26,442 [37b2c1ee-956a-4dec-b232-912a6a25ff9b@group-B061D1CC775E-SegmentedRaftLogWorker] INFO  segmented.SegmentedRaftLogWorker (SegmentedRaftLogWorker.java:execute(601)) - 37b2c1ee-956a-4dec-b232-912a6a25ff9b@group-B061D1CC775E-SegmentedRaftLogWorker: created new log segment /github/workspace/mnt/ozone/hadoop-ozone/integration-test/target/test-dir/MiniOzoneClusterImpl-952c9dfc-8967-4523-b06f-60d3bd5de2bf/datanode-3/data/ratis/03b01f46-c381-4ba2-a991-b061d1cc775e/current/log_inprogress_0
2021-05-19 07:42:26,458 [9d983546-4247-4c0f-83b0-40f69e4f4d28@group-B061D1CC775E-SegmentedRaftLogWorker] INFO  segmented.SegmentedRaftLogWorker (SegmentedRaftLogWorker.java:execute(601)) - 9d983546-4247-4c0f-83b0-40f69e4f4d28@group-B061D1CC775E-SegmentedRaftLogWorker: created new log segment /github/workspace/mnt/ozone/hadoop-ozone/integration-test/target/test-dir/MiniOzoneClusterImpl-952c9dfc-8967-4523-b06f-60d3bd5de2bf/datanode-5/data/ratis/03b01f46-c381-4ba2-a991-b061d1cc775e/current/log_inprogress_0
2021-05-19 07:42:28,014 [grpc-default-executor-1] WARN  server.GrpcLogAppender (LogUtils.java:warn(122)) - 68d4f79f-8ed5-4598-b947-57f9bc979c0e@group-AC6A57830C75->a14714da-c87c-4361-b393-7e96cf422ed7-AppendLogResponseHandler: Failed appendEntries: org.apache.ratis.thirdparty.io.grpc.StatusRuntimeException: UNAVAILABLE: io exception
2021-05-19 07:42:28,015 [grpc-default-executor-1] WARN  server.GrpcLogAppender (GrpcLogAppender.java:resetClient(111)) - 68d4f79f-8ed5-4598-b947-57f9bc979c0e@group-AC6A57830C75->a14714da-c87c-4361-b393-7e96cf422ed7-GrpcLogAppender: Leader has not got in touch with Follower 68d4f79f-8ed5-4598-b947-57f9bc979c0e@group-AC6A57830C75->a14714da-c87c-4361-b393-7e96cf422ed7(c0,m0,n1, attendVote=true, lastRpcSendTime=2505, lastRpcResponseTime=10012) yet, just keep nextIndex unchanged and retry.
2021-05-19 07:42:28,331 [grpc-default-executor-1] WARN  server.GrpcLogAppender (LogUtils.java:warn(122)) - 68d4f79f-8ed5-4598-b947-57f9bc979c0e@group-DECE5BE019F2->a14714da-c87c-4361-b393-7e96cf422ed7-AppendLogResponseHandler: Failed appendEntries: org.apache.ratis.thirdparty.io.grpc.StatusRuntimeException: UNAVAILABLE: io exception
2021-05-19 07:42:28,332 [grpc-default-executor-1] WARN  server.GrpcLogAppender (GrpcLogAppender.java:resetClient(111)) - 68d4f79f-8ed5-4598-b947-57f9bc979c0e@group-DECE5BE019F2->a14714da-c87c-4361-b393-7e96cf422ed7-GrpcLogAppender: Leader has not got in touch with Follower 68d4f79f-8ed5-4598-b947-57f9bc979c0e@group-DECE5BE019F2->a14714da-c87c-4361-b393-7e96cf422ed7(c-1,m0,n3, attendVote=true, lastRpcSendTime=0, lastRpcResponseTime=7770) yet, just keep nextIndex unchanged and retry.
2021-05-19 07:42:28,423 [grpc-default-executor-1] WARN  server.GrpcLogAppender (LogUtils.java:warn(122)) - 8e81be81-8cf3-4cb2-af1f-2c1c9bc19b0e@group-76E48770978D->a14714da-c87c-4361-b393-7e96cf422ed7-AppendLogResponseHandler: Failed appendEntries: org.apache.ratis.thirdparty.io.grpc.StatusRuntimeException: UNAVAILABLE: io exception
2021-05-19 07:42:28,423 [grpc-default-executor-1] WARN  server.GrpcLogAppender (GrpcLogAppender.java:resetClient(111)) - 8e81be81-8cf3-4cb2-af1f-2c1c9bc19b0e@group-76E48770978D->a14714da-c87c-4361-b393-7e96cf422ed7-GrpcLogAppender: Leader has not got in touch with Follower 8e81be81-8cf3-4cb2-af1f-2c1c9bc19b0e@group-76E48770978D->a14714da-c87c-4361-b393-7e96cf422ed7(c-1,m0,n1, attendVote=true, lastRpcSendTime=2503, lastRpcResponseTime=12731) yet, just keep nextIndex unchanged and retry.
2021-05-19 07:42:30,517 [grpc-default-executor-3] WARN  server.GrpcLogAppender (LogUtils.java:warn(122)) - 68d4f79f-8ed5-4598-b947-57f9bc979c0e@group-AC6A57830C75->a14714da-c87c-4361-b393-7e96cf422ed7-AppendLogResponseHandler: Failed appendEntries: org.apache.ratis.thirdparty.io.grpc.StatusRuntimeException: UNAVAILABLE: io exception
2021-05-19 07:42:30,518 [grpc-default-executor-3] WARN  server.GrpcLogAppender (GrpcLogAppender.java:resetClient(111)) - 68d4f79f-8ed5-4598-b947-57f9bc979c0e@group-AC6A57830C75->a14714da-c87c-4361-b393-7e96cf422ed7-GrpcLogAppender: Leader has not got in touch with Follower 68d4f79f-8ed5-4598-b947-57f9bc979c0e@group-AC6A57830C75->a14714da-c87c-4361-b393-7e96cf422ed7(c0,m0,n1, attendVote=true, lastRpcSendTime=0, lastRpcResponseTime=12514) yet, just keep nextIndex unchanged and retry.
2021-05-19 07:42:30,757 [org.apache.ratis.util.JvmPauseMonitor$$Lambda$504/2021733479@7362d987] WARN  util.JvmPauseMonitor (JvmPauseMonitor.java:detectPause(124)) - JvmPauseMonitor-b054e63b-a418-439f-9265-0225a71f074a: Detected pause in JVM or host machine (eg GC): pause of approximately 203914484ns.
GC pool 'PS MarkSweep' had collection(s): count=1 time=190ms
GC pool 'PS Scavenge' had collection(s): count=1 time=20ms
2021-05-19 07:42:30,832 [grpc-default-executor-3] WARN  server.GrpcLogAppender (LogUtils.java:warn(122)) - 68d4f79f-8ed5-4598-b947-57f9bc979c0e@group-DECE5BE019F2->a14714da-c87c-4361-b393-7e96cf422ed7-AppendLogResponseHandler: Failed appendEntries: org.apache.ratis.thirdparty.io.grpc.StatusRuntimeException: UNAVAILABLE: io exception
2021-05-19 07:42:30,833 [grpc-default-executor-3] WARN  server.GrpcLogAppender (GrpcLogAppender.java:resetClient(111)) - 68d4f79f-8ed5-4598-b947-57f9bc979c0e@group-DECE5BE019F2->a14714da-c87c-4361-b393-7e96cf422ed7-GrpcLogAppender: Leader has not got in touch with Follower 68d4f79f-8ed5-4598-b947-57f9bc979c0e@group-DECE5BE019F2->a14714da-c87c-4361-b393-7e96cf422ed7(c-1,m0,n3, attendVote=true, lastRpcSendTime=2501, lastRpcResponseTime=10270) yet, just keep nextIndex unchanged and retry.
2021-05-19 07:42:30,925 [grpc-default-executor-3] WARN  server.GrpcLogAppender (LogUtils.java:warn(122)) - 8e81be81-8cf3-4cb2-af1f-2c1c9bc19b0e@group-76E48770978D->a14714da-c87c-4361-b393-7e96cf422ed7-AppendLogResponseHandler: Failed appendEntries: org.apache.ratis.thirdparty.io.grpc.StatusRuntimeException: UNAVAILABLE: io exception
2021-05-19 07:42:30,926 [grpc-default-executor-3] WARN  server.GrpcLogAppender (GrpcLogAppender.java:resetClient(111)) - 8e81be81-8cf3-4cb2-af1f-2c1c9bc19b0e@group-76E48770978D->a14714da-c87c-4361-b393-7e96cf422ed7-GrpcLogAppender: Leader has not got in touch with Follower 8e81be81-8cf3-4cb2-af1f-2c1c9bc19b0e@group-76E48770978D->a14714da-c87c-4361-b393-7e96cf422ed7(c-1,m0,n1, attendVote=true, lastRpcSendTime=0, lastRpcResponseTime=15233) yet, just keep nextIndex unchanged and retry.
2021-05-19 07:42:33,017 [grpc-default-executor-3] WARN  server.GrpcLogAppender (LogUtils.java:warn(122)) - 68d4f79f-8ed5-4598-b947-57f9bc979c0e@group-AC6A57830C75->a14714da-c87c-4361-b393-7e96cf422ed7-AppendLogResponseHandler: Failed appendEntries: org.apache.ratis.thirdparty.io.grpc.StatusRuntimeException: UNAVAILABLE: io exception
2021-05-19 07:42:33,018 [grpc-default-executor-3] WARN  server.GrpcLogAppender (GrpcLogAppender.java:resetClient(111)) - 68d4f79f-8ed5-4598-b947-57f9bc979c0e@group-AC6A57830C75->a14714da-c87c-4361-b393-7e96cf422ed7-GrpcLogAppender: Leader has not got in touch with Follower 68d4f79f-8ed5-4598-b947-57f9bc979c0e@group-AC6A57830C75->a14714da-c87c-4361-b393-7e96cf422ed7(c0,m0,n1, attendVote=true, lastRpcSendTime=2501, lastRpcResponseTime=15015) yet, just keep nextIndex unchanged and retry.
2021-05-19 07:42:33,338 [grpc-default-executor-3] WARN  server.GrpcLogAppender (LogUtils.java:warn(122)) - 68d4f79f-8ed5-4598-b947-57f9bc979c0e@group-DECE5BE019F2->a14714da-c87c-4361-b393-7e96cf422ed7-AppendLogResponseHandler: Failed appendEntries: org.apache.ratis.thirdparty.io.grpc.StatusRuntimeException: UNAVAILABLE: io exception
2021-05-19 07:42:33,339 [grpc-default-executor-3] WARN  server.GrpcLogAppender (GrpcLogAppender.java:resetClient(111)) - 68d4f79f-8ed5-4598-b947-57f9bc979c0e@group-DECE5BE019F2->a14714da-c87c-4361-b393-7e96cf422ed7-GrpcLogAppender: Leader has not got in touch with Follower 68d4f79f-8ed5-4598-b947-57f9bc979c0e@group-DECE5BE019F2->a14714da-c87c-4361-b393-7e96cf422ed7(c-1,m0,n3, attendVote=true, lastRpcSendTime=2503, lastRpcResponseTime=12776) yet, just keep nextIndex unchanged and retry.
2021-05-19 07:42:33,426 [grpc-default-executor-3] WARN  server.GrpcLogAppender (LogUtils.java:warn(122)) - 8e81be81-8cf3-4cb2-af1f-2c1c9bc19b0e@group-76E48770978D->a14714da-c87c-4361-b393-7e96cf422ed7-AppendLogResponseHandler: Failed appendEntries: org.apache.ratis.thirdparty.io.grpc.StatusRuntimeException: UNAVAILABLE: io exception
2021-05-19 07:42:33,427 [grpc-default-executor-3] WARN  server.GrpcLogAppender (GrpcLogAppender.java:resetClient(111)) - 8e81be81-8cf3-4cb2-af1f-2c1c9bc19b0e@group-76E48770978D->a14714da-c87c-4361-b393-7e96cf422ed7-GrpcLogAppender: Leader has not got in touch with Follower 8e81be81-8cf3-4cb2-af1f-2c1c9bc19b0e@group-76E48770978D->a14714da-c87c-4361-b393-7e96cf422ed7(c-1,m0,n1, attendVote=true, lastRpcSendTime=2501, lastRpcResponseTime=17734) yet, just keep nextIndex unchanged and retry.
2021-05-19 07:42:34,086 [EventQueue-DeadNodeForDeadNodeHandler] INFO  node.DeadNodeHandler (DeadNodeHandler.java:onMessage(77)) - A dead datanode is detected. a14714da-c87c-4361-b393-7e96cf422ed7{ip: 172.17.0.2, host: 3974e5c036b4, ports: [REPLICATION=40039, RATIS=45547, RATIS_ADMIN=45547, RATIS_SERVER=45547, STANDALONE=44867], networkLocation: /default-rack, certSerialId: null, persistedOpState: IN_SERVICE, persistedOpStateExpiryEpochSec: 0}
2021-05-19 07:42:34,087 [EventQueue-DeadNodeForDeadNodeHandler] INFO  pipeline.RatisPipelineProvider (RatisPipelineProvider.java:lambda$close$1(209)) - Send pipeline:PipelineID=b2b3615b-70b0-4c95-a861-ac6a57830c75 close command to datanode 68d4f79f-8ed5-4598-b947-57f9bc979c0e
2021-05-19 07:42:34,087 [EventQueue-DeadNodeForDeadNodeHandler] INFO  pipeline.RatisPipelineProvider (RatisPipelineProvider.java:lambda$close$1(209)) - Send pipeline:PipelineID=b2b3615b-70b0-4c95-a861-ac6a57830c75 close command to datanode a14714da-c87c-4361-b393-7e96cf422ed7
2021-05-19 07:42:34,087 [EventQueue-DeadNodeForDeadNodeHandler] INFO  pipeline.RatisPipelineProvider (RatisPipelineProvider.java:lambda$close$1(209)) - Send pipeline:PipelineID=b2b3615b-70b0-4c95-a861-ac6a57830c75 close command to datanode 8e81be81-8cf3-4cb2-af1f-2c1c9bc19b0e
2021-05-19 07:42:34,094 [EventQueue-DeadNodeForDeadNodeHandler] INFO  pipeline.PipelineStateManager (PipelineStateManagerV2Impl.java:removePipeline(211)) - Pipeline Pipeline[ Id: b2b3615b-70b0-4c95-a861-ac6a57830c75, Nodes: 68d4f79f-8ed5-4598-b947-57f9bc979c0e{ip: 172.17.0.2, host: 3974e5c036b4, ports: [REPLICATION=43949, RATIS=42729, RATIS_ADMIN=42729, RATIS_SERVER=42729, STANDALONE=34701], networkLocation: /default-rack, certSerialId: null, persistedOpState: IN_SERVICE, persistedOpStateExpiryEpochSec: 0}a14714da-c87c-4361-b393-7e96cf422ed7{ip: 172.17.0.2, host: 3974e5c036b4, ports: [REPLICATION=40039, RATIS=45547, RATIS_ADMIN=45547, RATIS_SERVER=45547, STANDALONE=44867], networkLocation: /default-rack, certSerialId: null, persistedOpState: IN_SERVICE, persistedOpStateExpiryEpochSec: 0}8e81be81-8cf3-4cb2-af1f-2c1c9bc19b0e{ip: 172.17.0.2, host: 3974e5c036b4, ports: [REPLICATION=33707, RATIS=41855, RATIS_ADMIN=41855, RATIS_SERVER=41855, STANDALONE=33695], networkLocation: /default-rack, certSerialId: null, persistedOpState: IN_SERVICE, persistedOpStateExpiryEpochSec: 0}, ReplicationConfig: RATIS/THREE, State:CLOSED, leaderId:68d4f79f-8ed5-4598-b947-57f9bc979c0e, CreationTimestamp2021-05-19T07:41:57.687Z] removed.
2021-05-19 07:42:34,094 [EventQueue-DeadNodeForDeadNodeHandler] INFO  pipeline.RatisPipelineProvider (RatisPipelineProvider.java:lambda$close$1(209)) - Send pipeline:PipelineID=90d79207-282c-4ddc-b3c9-76e48770978d close command to datanode 68d4f79f-8ed5-4598-b947-57f9bc979c0e
2021-05-19 07:42:34,095 [EventQueue-DeadNodeForDeadNodeHandler] INFO  pipeline.RatisPipelineProvider (RatisPipelineProvider.java:lambda$close$1(209)) - Send pipeline:PipelineID=90d79207-282c-4ddc-b3c9-76e48770978d close command to datanode 8e81be81-8cf3-4cb2-af1f-2c1c9bc19b0e
2021-05-19 07:42:34,095 [EventQueue-DeadNodeForDeadNodeHandler] INFO  pipeline.RatisPipelineProvider (RatisPipelineProvider.java:lambda$close$1(209)) - Send pipeline:PipelineID=90d79207-282c-4ddc-b3c9-76e48770978d close command to datanode a14714da-c87c-4361-b393-7e96cf422ed7
2021-05-19 07:42:34,095 [EventQueue-DeadNodeForDeadNodeHandler] INFO  pipeline.PipelineStateManager (PipelineStateManagerV2Impl.java:removePipeline(211)) - Pipeline Pipeline[ Id: 90d79207-282c-4ddc-b3c9-76e48770978d, Nodes: 68d4f79f-8ed5-4598-b947-57f9bc979c0e{ip: 172.17.0.2, host: 3974e5c036b4, ports: [REPLICATION=43949, RATIS=42729, RATIS_ADMIN=42729, RATIS_SERVER=42729, STANDALONE=34701], networkLocation: /default-rack, certSerialId: null, persistedOpState: IN_SERVICE, persistedOpStateExpiryEpochSec: 0}8e81be81-8cf3-4cb2-af1f-2c1c9bc19b0e{ip: 172.17.0.2, host: 3974e5c036b4, ports: [REPLICATION=33707, RATIS=41855, RATIS_ADMIN=41855, RATIS_SERVER=41855, STANDALONE=33695], networkLocation: /default-rack, certSerialId: null, persistedOpState: IN_SERVICE, persistedOpStateExpiryEpochSec: 0}a14714da-c87c-4361-b393-7e96cf422ed7{ip: 172.17.0.2, host: 3974e5c036b4, ports: [REPLICATION=40039, RATIS=45547, RATIS_ADMIN=45547, RATIS_SERVER=45547, STANDALONE=44867], networkLocation: /default-rack, certSerialId: null, persistedOpState: IN_SERVICE, persistedOpStateExpiryEpochSec: 0}, ReplicationConfig: RATIS/THREE, State:CLOSED, leaderId:8e81be81-8cf3-4cb2-af1f-2c1c9bc19b0e, CreationTimestamp2021-05-19T07:41:57.688Z] removed.
2021-05-19 07:42:34,095 [EventQueue-DeadNodeForDeadNodeHandler] INFO  pipeline.RatisPipelineProvider (RatisPipelineProvider.java:lambda$close$1(209)) - Send pipeline:PipelineID=8c84198b-96dd-4712-91c9-cd7ce254a7b8 close command to datanode a14714da-c87c-4361-b393-7e96cf422ed7
2021-05-19 07:42:34,095 [EventQueue-DeadNodeForDeadNodeHandler] INFO  pipeline.PipelineStateManager (PipelineStateManagerV2Impl.java:removePipeline(211)) - Pipeline Pipeline[ Id: 8c84198b-96dd-4712-91c9-cd7ce254a7b8, Nodes: a14714da-c87c-4361-b393-7e96cf422ed7{ip: 172.17.0.2, host: 3974e5c036b4, ports: [REPLICATION=40039, RATIS=45547, RATIS_ADMIN=45547, RATIS_SERVER=45547, STANDALONE=44867], networkLocation: /default-rack, certSerialId: null, persistedOpState: IN_SERVICE, persistedOpStateExpiryEpochSec: 0}, ReplicationConfig: RATIS/ONE, State:CLOSED, leaderId:a14714da-c87c-4361-b393-7e96cf422ed7, CreationTimestamp2021-05-19T07:41:57.684Z] removed.
2021-05-19 07:42:34,096 [EventQueue-DeadNodeForDeadNodeHandler] INFO  pipeline.RatisPipelineProvider (RatisPipelineProvider.java:lambda$close$1(209)) - Send pipeline:PipelineID=da74cb76-52a2-4b5c-bce9-dece5be019f2 close command to datanode 8e81be81-8cf3-4cb2-af1f-2c1c9bc19b0e
2021-05-19 07:42:34,096 [EventQueue-DeadNodeForDeadNodeHandler] INFO  pipeline.RatisPipelineProvider (RatisPipelineProvider.java:lambda$close$1(209)) - Send pipeline:PipelineID=da74cb76-52a2-4b5c-bce9-dece5be019f2 close command to datanode 68d4f79f-8ed5-4598-b947-57f9bc979c0e
2021-05-19 07:42:34,096 [EventQueue-DeadNodeForDeadNodeHandler] INFO  pipeline.RatisPipelineProvider (RatisPipelineProvider.java:lambda$close$1(209)) - Send pipeline:PipelineID=da74cb76-52a2-4b5c-bce9-dece5be019f2 close command to datanode a14714da-c87c-4361-b393-7e96cf422ed7
2021-05-19 07:42:34,097 [EventQueue-DeadNodeForDeadNodeHandler] INFO  pipeline.PipelineStateManager (PipelineStateManagerV2Impl.java:removePipeline(211)) - Pipeline Pipeline[ Id: da74cb76-52a2-4b5c-bce9-dece5be019f2, Nodes: 8e81be81-8cf3-4cb2-af1f-2c1c9bc19b0e{ip: 172.17.0.2, host: 3974e5c036b4, ports: [REPLICATION=33707, RATIS=41855, RATIS_ADMIN=41855, RATIS_SERVER=41855, STANDALONE=33695], networkLocation: /default-rack, certSerialId: null, persistedOpState: IN_SERVICE, persistedOpStateExpiryEpochSec: 0}68d4f79f-8ed5-4598-b947-57f9bc979c0e{ip: 172.17.0.2, host: 3974e5c036b4, ports: [REPLICATION=43949, RATIS=42729, RATIS_ADMIN=42729, RATIS_SERVER=42729, STANDALONE=34701], networkLocation: /default-rack, certSerialId: null, persistedOpState: IN_SERVICE, persistedOpStateExpiryEpochSec: 0}a14714da-c87c-4361-b393-7e96cf422ed7{ip: 172.17.0.2, host: 3974e5c036b4, ports: [REPLICATION=40039, RATIS=45547, RATIS_ADMIN=45547, RATIS_SERVER=45547, STANDALONE=44867], networkLocation: /default-rack, certSerialId: null, persistedOpState: IN_SERVICE, persistedOpStateExpiryEpochSec: 0}, ReplicationConfig: RATIS/THREE, State:CLOSED, leaderId:68d4f79f-8ed5-4598-b947-57f9bc979c0e, CreationTimestamp2021-05-19T07:41:57.686Z] removed.
2021-05-19 07:42:35,530 [grpc-default-executor-3] WARN  server.GrpcLogAppender (LogUtils.java:warn(122)) - 68d4f79f-8ed5-4598-b947-57f9bc979c0e@group-AC6A57830C75->a14714da-c87c-4361-b393-7e96cf422ed7-AppendLogResponseHandler: Failed appendEntries: org.apache.ratis.thirdparty.io.grpc.StatusRuntimeException: UNAVAILABLE: io exception
2021-05-19 07:42:35,532 [grpc-default-executor-3] WARN  server.GrpcLogAppender (GrpcLogAppender.java:resetClient(111)) - 68d4f79f-8ed5-4598-b947-57f9bc979c0e@group-AC6A57830C75->a14714da-c87c-4361-b393-7e96cf422ed7-GrpcLogAppender: Leader has not got in touch with Follower 68d4f79f-8ed5-4598-b947-57f9bc979c0e@group-AC6A57830C75->a14714da-c87c-4361-b393-7e96cf422ed7(c0,m0,n1, attendVote=true, lastRpcSendTime=2513, lastRpcResponseTime=17529) yet, just keep nextIndex unchanged and retry.
2021-05-19 07:42:35,770 [Command processor thread] INFO  server.RaftServer (RaftServerProxy.java:remove(106)) - 68d4f79f-8ed5-4598-b947-57f9bc979c0e: remove    LEADER 68d4f79f-8ed5-4598-b947-57f9bc979c0e@group-AC6A57830C75:t1, leader=68d4f79f-8ed5-4598-b947-57f9bc979c0e, voted=68d4f79f-8ed5-4598-b947-57f9bc979c0e, raftlog=68d4f79f-8ed5-4598-b947-57f9bc979c0e@group-AC6A57830C75-SegmentedRaftLog:OPENED:c0,f0,i0, conf=0: [a14714da-c87c-4361-b393-7e96cf422ed7|rpc:172.17.0.2:45547|dataStream:|priority:0, 68d4f79f-8ed5-4598-b947-57f9bc979c0e|rpc:172.17.0.2:42729|dataStream:|priority:1, 8e81be81-8cf3-4cb2-af1f-2c1c9bc19b0e|rpc:172.17.0.2:41855|dataStream:|priority:0], old=null RUNNING
2021-05-19 07:42:35,773 [Command processor thread] INFO  server.RaftServer$Division (RaftServerImpl.java:lambda$close$4(406)) - 68d4f79f-8ed5-4598-b947-57f9bc979c0e@group-AC6A57830C75: shutdown
2021-05-19 07:42:35,773 [Command processor thread] INFO  util.JmxRegister (JmxRegister.java:unregister(73)) - Successfully un-registered JMX Bean with object name Ratis:service=RaftServer,group=group-AC6A57830C75,id=68d4f79f-8ed5-4598-b947-57f9bc979c0e
2021-05-19 07:42:35,773 [Command processor thread] INFO  impl.RoleInfo (RoleInfo.java:shutdownLeaderState(91)) - 68d4f79f-8ed5-4598-b947-57f9bc979c0e: shutdown 68d4f79f-8ed5-4598-b947-57f9bc979c0e@group-AC6A57830C75-LeaderStateImpl
2021-05-19 07:42:35,773 [Command processor thread] INFO  metrics.RatisMetrics (RatisMetrics.java:unregister(43)) - Unregistering Metrics Registry : ratis_grpc.log_appender.68d4f79f-8ed5-4598-b947-57f9bc979c0e@group-AC6A57830C75
2021-05-19 07:42:35,774 [Command processor thread] INFO  metrics.RatisMetrics (RatisMetrics.java:unregister(43)) - Unregistering Metrics Registry : ratis_grpc.log_appender.68d4f79f-8ed5-4598-b947-57f9bc979c0e@group-AC6A57830C75
2021-05-19 07:42:35,774 [Command processor thread] INFO  impl.PendingRequests (PendingRequests.java:sendNotLeaderResponses(249)) - 68d4f79f-8ed5-4598-b947-57f9bc979c0e@group-AC6A57830C75-PendingRequests: sendNotLeaderResponses
2021-05-19 07:42:35,774 [68d4f79f-8ed5-4598-b947-57f9bc979c0e@group-AC6A57830C75->8e81be81-8cf3-4cb2-af1f-2c1c9bc19b0e-GrpcLogAppender-LogAppenderDaemon] WARN  server.GrpcLogAppender (GrpcLogAppender.java:mayWait(175)) - 68d4f79f-8ed5-4598-b947-57f9bc979c0e@group-AC6A57830C75->8e81be81-8cf3-4cb2-af1f-2c1c9bc19b0e-GrpcLogAppender: Wait interrupted by java.lang.InterruptedException
2021-05-19 07:42:35,774 [grpc-default-executor-1] INFO  server.GrpcServerProtocolService (GrpcServerProtocolService.java:onCompleted(140)) - 8e81be81-8cf3-4cb2-af1f-2c1c9bc19b0e: Completed APPEND_ENTRIES, lastRequest: 68d4f79f-8ed5-4598-b947-57f9bc979c0e->8e81be81-8cf3-4cb2-af1f-2c1c9bc19b0e#1-t1,previous=(t:0, i:0),leaderCommit=0,initializing? true,entries: size=1, first=(t:1, i:0), CONFIGURATIONENTRY
2021-05-19 07:42:35,775 [grpc-default-executor-5] INFO  server.GrpcLogAppender (GrpcLogAppender.java:onCompleted(344)) - 68d4f79f-8ed5-4598-b947-57f9bc979c0e@group-AC6A57830C75->8e81be81-8cf3-4cb2-af1f-2c1c9bc19b0e-AppendLogResponseHandler: follower responses appendEntries COMPLETED
2021-05-19 07:42:35,775 [grpc-default-executor-5] INFO  leader.FollowerInfo (FollowerInfoImpl.java:lambda$new$0(46)) - 68d4f79f-8ed5-4598-b947-57f9bc979c0e@group-AC6A57830C75->8e81be81-8cf3-4cb2-af1f-2c1c9bc19b0e: nextIndex: updateUnconditionally 1 -> 0
2021-05-19 07:42:35,774 [Command processor thread] INFO  metrics.RatisMetrics (RatisMetrics.java:unregister(43)) - Unregistering Metrics Registry : ratis.log_appender.68d4f79f-8ed5-4598-b947-57f9bc979c0e@group-AC6A57830C75
2021-05-19 07:42:35,775 [Command processor thread] INFO  metrics.RatisMetrics (RatisMetrics.java:unregister(43)) - Unregistering Metrics Registry : ratis.server.68d4f79f-8ed5-4598-b947-57f9bc979c0e@group-AC6A57830C75
2021-05-19 07:42:35,776 [Command processor thread] INFO  impl.StateMachineUpdater (StateMachineUpdater.java:stopAndJoin(149)) - 68d4f79f-8ed5-4598-b947-57f9bc979c0e@group-AC6A57830C75-StateMachineUpdater: set stopIndex = 0
2021-05-19 07:42:35,776 [68d4f79f-8ed5-4598-b947-57f9bc979c0e@group-AC6A57830C75-StateMachineUpdater] INFO  ratis.ContainerStateMachine (ContainerStateMachine.java:takeSnapshot(292)) - group-AC6A57830C75: Taking a snapshot at:(t:1, i:0) file /github/workspace/mnt/ozone/hadoop-ozone/integration-test/target/test-dir/MiniOzoneClusterImpl-952c9dfc-8967-4523-b06f-60d3bd5de2bf/datanode-0/data/ratis/b2b3615b-70b0-4c95-a861-ac6a57830c75/sm/snapshot.1_0
2021-05-19 07:42:35,777 [68d4f79f-8ed5-4598-b947-57f9bc979c0e@group-AC6A57830C75-StateMachineUpdater] INFO  ratis.ContainerStateMachine (ContainerStateMachine.java:takeSnapshot(303)) - group-AC6A57830C75: Finished taking a snapshot at:(t:1, i:0) file:/github/workspace/mnt/ozone/hadoop-ozone/integration-test/target/test-dir/MiniOzoneClusterImpl-952c9dfc-8967-4523-b06f-60d3bd5de2bf/datanode-0/data/ratis/b2b3615b-70b0-4c95-a861-ac6a57830c75/sm/snapshot.1_0 took: 0 ms
2021-05-19 07:42:35,777 [68d4f79f-8ed5-4598-b947-57f9bc979c0e@group-AC6A57830C75-StateMachineUpdater] INFO  impl.StateMachineUpdater (StateMachineUpdater.java:takeSnapshot(281)) - 68d4f79f-8ed5-4598-b947-57f9bc979c0e@group-AC6A57830C75-StateMachineUpdater: Took a snapshot at index 0
2021-05-19 07:42:35,777 [68d4f79f-8ed5-4598-b947-57f9bc979c0e@group-AC6A57830C75-StateMachineUpdater] INFO  impl.StateMachineUpdater (StateMachineUpdater.java:lambda$new$0(89)) - 68d4f79f-8ed5-4598-b947-57f9bc979c0e@group-AC6A57830C75-StateMachineUpdater: snapshotIndex: updateIncreasingly -1 -> 0
2021-05-19 07:42:35,777 [68d4f79f-8ed5-4598-b947-57f9bc979c0e@group-AC6A57830C75-StateMachineUpdater] INFO  metrics.RatisMetrics (RatisMetrics.java:unregister(43)) - Unregistering Metrics Registry : ratis.state_machine.68d4f79f-8ed5-4598-b947-57f9bc979c0e@group-AC6A57830C75
2021-05-19 07:42:35,778 [Command processor thread] INFO  server.RaftServer$Division (ServerState.java:close(405)) - 68d4f79f-8ed5-4598-b947-57f9bc979c0e@group-AC6A57830C75: closes. applyIndex: 0
2021-05-19 07:42:35,778 [68d4f79f-8ed5-4598-b947-57f9bc979c0e@group-AC6A57830C75-SegmentedRaftLogWorker] INFO  segmented.SegmentedRaftLogWorker (SegmentedRaftLogWorker.java:run(327)) - 68d4f79f-8ed5-4598-b947-57f9bc979c0e@group-AC6A57830C75-SegmentedRaftLogWorker was interrupted, exiting. There are 0 tasks remaining in the queue.
2021-05-19 07:42:35,788 [Command processor thread] INFO  segmented.SegmentedRaftLogWorker (SegmentedRaftLogWorker.java:close(237)) - 68d4f79f-8ed5-4598-b947-57f9bc979c0e@group-AC6A57830C75-SegmentedRaftLogWorker close()
2021-05-19 07:42:35,795 [Command processor thread] INFO  metrics.RatisMetrics (RatisMetrics.java:unregister(43)) - Unregistering Metrics Registry : ratis.log_worker.68d4f79f-8ed5-4598-b947-57f9bc979c0e@group-AC6A57830C75
2021-05-19 07:42:35,795 [Command processor thread] INFO  metrics.RatisMetrics (RatisMetrics.java:unregister(43)) - Unregistering Metrics Registry : ratis.leader_election.68d4f79f-8ed5-4598-b947-57f9bc979c0e@group-AC6A57830C75
2021-05-19 07:42:35,795 [Command processor thread] INFO  metrics.RatisMetrics (RatisMetrics.java:unregister(43)) - Unregistering Metrics Registry : ratis.server.68d4f79f-8ed5-4598-b947-57f9bc979c0e@group-AC6A57830C75
2021-05-19 07:42:35,796 [Command processor thread] INFO  server.RaftServer$Division (RaftServerImpl.java:groupRemove(376)) - 68d4f79f-8ed5-4598-b947-57f9bc979c0e@group-AC6A57830C75: Succeed to remove RaftStorageDirectory Storage Directory /github/workspace/mnt/ozone/hadoop-ozone/integration-test/target/test-dir/MiniOzoneClusterImpl-952c9dfc-8967-4523-b06f-60d3bd5de2bf/datanode-0/data/ratis/b2b3615b-70b0-4c95-a861-ac6a57830c75
2021-05-19 07:42:35,796 [Command processor thread] INFO  commandhandler.ClosePipelineCommandHandler (ClosePipelineCommandHandler.java:handle(75)) - Close Pipeline PipelineID=b2b3615b-70b0-4c95-a861-ac6a57830c75 command on datanode 68d4f79f-8ed5-4598-b947-57f9bc979c0e.
2021-05-19 07:42:35,797 [Command processor thread] INFO  server.RaftServer (RaftServerProxy.java:remove(106)) - 68d4f79f-8ed5-4598-b947-57f9bc979c0e: remove  FOLLOWER 68d4f79f-8ed5-4598-b947-57f9bc979c0e@group-76E48770978D:t4, leader=8e81be81-8cf3-4cb2-af1f-2c1c9bc19b0e, voted=8e81be81-8cf3-4cb2-af1f-2c1c9bc19b0e, raftlog=68d4f79f-8ed5-4598-b947-57f9bc979c0e@group-76E48770978D-SegmentedRaftLog:OPENED:c0,f0,i0, conf=0: [a14714da-c87c-4361-b393-7e96cf422ed7|rpc:172.17.0.2:45547|dataStream:|priority:0, 68d4f79f-8ed5-4598-b947-57f9bc979c0e|rpc:172.17.0.2:42729|dataStream:|priority:0, 8e81be81-8cf3-4cb2-af1f-2c1c9bc19b0e|rpc:172.17.0.2:41855|dataStream:|priority:1], old=null RUNNING
2021-05-19 07:42:35,797 [Command processor thread] INFO  server.RaftServer$Division (RaftServerImpl.java:lambda$close$4(406)) - 68d4f79f-8ed5-4598-b947-57f9bc979c0e@group-76E48770978D: shutdown
2021-05-19 07:42:35,797 [Command processor thread] INFO  util.JmxRegister (JmxRegister.java:unregister(73)) - Successfully un-registered JMX Bean with object name Ratis:service=RaftServer,group=group-76E48770978D,id=68d4f79f-8ed5-4598-b947-57f9bc979c0e
2021-05-19 07:42:35,797 [Command processor thread] INFO  impl.RoleInfo (RoleInfo.java:shutdownFollowerState(108)) - 68d4f79f-8ed5-4598-b947-57f9bc979c0e: shutdown 68d4f79f-8ed5-4598-b947-57f9bc979c0e@group-76E48770978D-FollowerState
2021-05-19 07:42:35,797 [68d4f79f-8ed5-4598-b947-57f9bc979c0e@group-76E48770978D-FollowerState] INFO  impl.FollowerState (FollowerState.java:run(143)) - 68d4f79f-8ed5-4598-b947-57f9bc979c0e@group-76E48770978D-FollowerState was interrupted: {}
java.lang.InterruptedException: sleep interrupted
	at java.lang.Thread.sleep(Native Method)
	at java.lang.Thread.sleep(Thread.java:340)
	at java.util.concurrent.TimeUnit.sleep(TimeUnit.java:386)
	at org.apache.ratis.util.TimeDuration.sleep(TimeDuration.java:324)
	at org.apache.ratis.util.TimeDuration.sleep(TimeDuration.java:309)
	at org.apache.ratis.server.impl.FollowerState.run(FollowerState.java:118)
2021-05-19 07:42:35,797 [Command processor thread] INFO  impl.StateMachineUpdater (StateMachineUpdater.java:stopAndJoin(149)) - 68d4f79f-8ed5-4598-b947-57f9bc979c0e@group-76E48770978D-StateMachineUpdater: set stopIndex = 0
2021-05-19 07:42:35,797 [68d4f79f-8ed5-4598-b947-57f9bc979c0e@group-76E48770978D-StateMachineUpdater] INFO  ratis.ContainerStateMachine (ContainerStateMachine.java:takeSnapshot(292)) - group-76E48770978D: Taking a snapshot at:(t:4, i:0) file /github/workspace/mnt/ozone/hadoop-ozone/integration-test/target/test-dir/MiniOzoneClusterImpl-952c9dfc-8967-4523-b06f-60d3bd5de2bf/datanode-0/data/ratis/90d79207-282c-4ddc-b3c9-76e48770978d/sm/snapshot.4_0
2021-05-19 07:42:35,798 [68d4f79f-8ed5-4598-b947-57f9bc979c0e@group-76E48770978D-StateMachineUpdater] INFO  ratis.ContainerStateMachine (ContainerStateMachine.java:takeSnapshot(303)) - group-76E48770978D: Finished taking a snapshot at:(t:4, i:0) file:/github/workspace/mnt/ozone/hadoop-ozone/integration-test/target/test-dir/MiniOzoneClusterImpl-952c9dfc-8967-4523-b06f-60d3bd5de2bf/datanode-0/data/ratis/90d79207-282c-4ddc-b3c9-76e48770978d/sm/snapshot.4_0 took: 1 ms
2021-05-19 07:42:35,798 [68d4f79f-8ed5-4598-b947-57f9bc979c0e@group-76E48770978D-StateMachineUpdater] INFO  impl.StateMachineUpdater (StateMachineUpdater.java:takeSnapshot(281)) - 68d4f79f-8ed5-4598-b947-57f9bc979c0e@group-76E48770978D-StateMachineUpdater: Took a snapshot at index 0
2021-05-19 07:42:35,798 [68d4f79f-8ed5-4598-b947-57f9bc979c0e@group-76E48770978D-StateMachineUpdater] INFO  impl.StateMachineUpdater (StateMachineUpdater.java:lambda$new$0(89)) - 68d4f79f-8ed5-4598-b947-57f9bc979c0e@group-76E48770978D-StateMachineUpdater: snapshotIndex: updateIncreasingly -1 -> 0
2021-05-19 07:42:35,798 [68d4f79f-8ed5-4598-b947-57f9bc979c0e@group-76E48770978D-StateMachineUpdater] INFO  metrics.RatisMetrics (RatisMetrics.java:unregister(43)) - Unregistering Metrics Registry : ratis.state_machine.68d4f79f-8ed5-4598-b947-57f9bc979c0e@group-76E48770978D
2021-05-19 07:42:35,799 [Command processor thread] INFO  server.RaftServer$Division (ServerState.java:close(405)) - 68d4f79f-8ed5-4598-b947-57f9bc979c0e@group-76E48770978D: closes. applyIndex: 0
2021-05-19 07:42:35,799 [68d4f79f-8ed5-4598-b947-57f9bc979c0e@group-76E48770978D-SegmentedRaftLogWorker] INFO  segmented.SegmentedRaftLogWorker (SegmentedRaftLogWorker.java:run(327)) - 68d4f79f-8ed5-4598-b947-57f9bc979c0e@group-76E48770978D-SegmentedRaftLogWorker was interrupted, exiting. There are 0 tasks remaining in the queue.
2021-05-19 07:42:35,799 [Command processor thread] INFO  segmented.SegmentedRaftLogWorker (SegmentedRaftLogWorker.java:close(237)) - 68d4f79f-8ed5-4598-b947-57f9bc979c0e@group-76E48770978D-SegmentedRaftLogWorker close()
2021-05-19 07:42:35,800 [Command processor thread] INFO  metrics.RatisMetrics (RatisMetrics.java:unregister(43)) - Unregistering Metrics Registry : ratis.log_worker.68d4f79f-8ed5-4598-b947-57f9bc979c0e@group-76E48770978D
2021-05-19 07:42:35,800 [Command processor thread] INFO  metrics.RatisMetrics (RatisMetrics.java:unregister(43)) - Unregistering Metrics Registry : ratis.leader_election.68d4f79f-8ed5-4598-b947-57f9bc979c0e@group-76E48770978D
2021-05-19 07:42:35,800 [Command processor thread] INFO  metrics.RatisMetrics (RatisMetrics.java:unregister(43)) - Unregistering Metrics Registry : ratis.server.68d4f79f-8ed5-4598-b947-57f9bc979c0e@group-76E48770978D
2021-05-19 07:42:35,801 [Command processor thread] INFO  server.RaftServer$Division (RaftServerImpl.java:groupRemove(376)) - 68d4f79f-8ed5-4598-b947-57f9bc979c0e@group-76E48770978D: Succeed to remove RaftStorageDirectory Storage Directory /github/workspace/mnt/ozone/hadoop-ozone/integration-test/target/test-dir/MiniOzoneClusterImpl-952c9dfc-8967-4523-b06f-60d3bd5de2bf/datanode-0/data/ratis/90d79207-282c-4ddc-b3c9-76e48770978d
2021-05-19 07:42:35,801 [Command processor thread] INFO  commandhandler.ClosePipelineCommandHandler (ClosePipelineCommandHandler.java:handle(75)) - Close Pipeline PipelineID=90d79207-282c-4ddc-b3c9-76e48770978d command on datanode 68d4f79f-8ed5-4598-b947-57f9bc979c0e.
2021-05-19 07:42:35,801 [Command processor thread] INFO  server.RaftServer (RaftServerProxy.java:remove(106)) - 68d4f79f-8ed5-4598-b947-57f9bc979c0e: remove    LEADER 68d4f79f-8ed5-4598-b947-57f9bc979c0e@group-DECE5BE019F2:t2, leader=68d4f79f-8ed5-4598-b947-57f9bc979c0e, voted=68d4f79f-8ed5-4598-b947-57f9bc979c0e, raftlog=68d4f79f-8ed5-4598-b947-57f9bc979c0e@group-DECE5BE019F2-SegmentedRaftLog:OPENED:c2,f2,i2, conf=1: [a14714da-c87c-4361-b393-7e96cf422ed7|rpc:172.17.0.2:45547|dataStream:|priority:1, 8e81be81-8cf3-4cb2-af1f-2c1c9bc19b0e|rpc:172.17.0.2:41855|dataStream:|priority:0, 68d4f79f-8ed5-4598-b947-57f9bc979c0e|rpc:172.17.0.2:42729|dataStream:|priority:0], old=null RUNNING
2021-05-19 07:42:35,801 [Command processor thread] INFO  server.RaftServer$Division (RaftServerImpl.java:lambda$close$4(406)) - 68d4f79f-8ed5-4598-b947-57f9bc979c0e@group-DECE5BE019F2: shutdown
2021-05-19 07:42:35,801 [Command processor thread] INFO  util.JmxRegister (JmxRegister.java:unregister(73)) - Successfully un-registered JMX Bean with object name Ratis:service=RaftServer,group=group-DECE5BE019F2,id=68d4f79f-8ed5-4598-b947-57f9bc979c0e
2021-05-19 07:42:35,801 [Command processor thread] INFO  impl.RoleInfo (RoleInfo.java:shutdownLeaderState(91)) - 68d4f79f-8ed5-4598-b947-57f9bc979c0e: shutdown 68d4f79f-8ed5-4598-b947-57f9bc979c0e@group-DECE5BE019F2-LeaderStateImpl
2021-05-19 07:42:35,801 [Command processor thread] INFO  metrics.RatisMetrics (RatisMetrics.java:unregister(43)) - Unregistering Metrics Registry : ratis_grpc.log_appender.68d4f79f-8ed5-4598-b947-57f9bc979c0e@group-DECE5BE019F2
2021-05-19 07:42:35,801 [Command processor thread] INFO  metrics.RatisMetrics (RatisMetrics.java:unregister(43)) - Unregistering Metrics Registry : ratis_grpc.log_appender.68d4f79f-8ed5-4598-b947-57f9bc979c0e@group-DECE5BE019F2
2021-05-19 07:42:35,801 [68d4f79f-8ed5-4598-b947-57f9bc979c0e@group-DECE5BE019F2->8e81be81-8cf3-4cb2-af1f-2c1c9bc19b0e-GrpcLogAppender-LogAppenderDaemon] WARN  server.GrpcLogAppender (GrpcLogAppender.java:mayWait(175)) - 68d4f79f-8ed5-4598-b947-57f9bc979c0e@group-DECE5BE019F2->8e81be81-8cf3-4cb2-af1f-2c1c9bc19b0e-GrpcLogAppender: Wait interrupted by java.lang.InterruptedException
2021-05-19 07:42:35,801 [Command processor thread] INFO  impl.PendingRequests (PendingRequests.java:sendNotLeaderResponses(249)) - 68d4f79f-8ed5-4598-b947-57f9bc979c0e@group-DECE5BE019F2-PendingRequests: sendNotLeaderResponses
2021-05-19 07:42:35,802 [grpc-default-executor-1] INFO  server.GrpcServerProtocolService (GrpcServerProtocolService.java:onCompleted(140)) - 8e81be81-8cf3-4cb2-af1f-2c1c9bc19b0e: Completed APPEND_ENTRIES, lastRequest: 68d4f79f-8ed5-4598-b947-57f9bc979c0e->8e81be81-8cf3-4cb2-af1f-2c1c9bc19b0e#2-t2,previous=(t:2, i:1),leaderCommit=1,initializing? true,entries: size=1, first=(t:2, i:2), METADATAENTRY(c:1)
2021-05-19 07:42:35,802 [grpc-default-executor-5] INFO  server.GrpcLogAppender (GrpcLogAppender.java:onCompleted(344)) - 68d4f79f-8ed5-4598-b947-57f9bc979c0e@group-DECE5BE019F2->8e81be81-8cf3-4cb2-af1f-2c1c9bc19b0e-AppendLogResponseHandler: follower responses appendEntries COMPLETED
2021-05-19 07:42:35,802 [grpc-default-executor-5] INFO  leader.FollowerInfo (FollowerInfoImpl.java:lambda$new$0(46)) - 68d4f79f-8ed5-4598-b947-57f9bc979c0e@group-DECE5BE019F2->8e81be81-8cf3-4cb2-af1f-2c1c9bc19b0e: nextIndex: updateUnconditionally 3 -> 2
2021-05-19 07:42:35,804 [Command processor thread] INFO  metrics.RatisMetrics (RatisMetrics.java:unregister(43)) - Unregistering Metrics Registry : ratis.log_appender.68d4f79f-8ed5-4598-b947-57f9bc979c0e@group-DECE5BE019F2
2021-05-19 07:42:35,804 [Command processor thread] INFO  metrics.RatisMetrics (RatisMetrics.java:unregister(43)) - Unregistering Metrics Registry : ratis.server.68d4f79f-8ed5-4598-b947-57f9bc979c0e@group-DECE5BE019F2
2021-05-19 07:42:35,805 [68d4f79f-8ed5-4598-b947-57f9bc979c0e@group-DECE5BE019F2-StateMachineUpdater] INFO  ratis.ContainerStateMachine (ContainerStateMachine.java:takeSnapshot(292)) - group-DECE5BE019F2: Taking a snapshot at:(t:2, i:2) file /github/workspace/mnt/ozone/hadoop-ozone/integration-test/target/test-dir/MiniOzoneClusterImpl-952c9dfc-8967-4523-b06f-60d3bd5de2bf/datanode-0/data/ratis/da74cb76-52a2-4b5c-bce9-dece5be019f2/sm/snapshot.2_2
2021-05-19 07:42:35,805 [Command processor thread] INFO  impl.StateMachineUpdater (StateMachineUpdater.java:stopAndJoin(149)) - 68d4f79f-8ed5-4598-b947-57f9bc979c0e@group-DECE5BE019F2-StateMachineUpdater: set stopIndex = 2
2021-05-19 07:42:35,805 [68d4f79f-8ed5-4598-b947-57f9bc979c0e@group-DECE5BE019F2-StateMachineUpdater] INFO  ratis.ContainerStateMachine (ContainerStateMachine.java:takeSnapshot(303)) - group-DECE5BE019F2: Finished taking a snapshot at:(t:2, i:2) file:/github/workspace/mnt/ozone/hadoop-ozone/integration-test/target/test-dir/MiniOzoneClusterImpl-952c9dfc-8967-4523-b06f-60d3bd5de2bf/datanode-0/data/ratis/da74cb76-52a2-4b5c-bce9-dece5be019f2/sm/snapshot.2_2 took: 0 ms
2021-05-19 07:42:35,805 [68d4f79f-8ed5-4598-b947-57f9bc979c0e@group-DECE5BE019F2-StateMachineUpdater] INFO  impl.StateMachineUpdater (StateMachineUpdater.java:takeSnapshot(281)) - 68d4f79f-8ed5-4598-b947-57f9bc979c0e@group-DECE5BE019F2-StateMachineUpdater: Took a snapshot at index 2
2021-05-19 07:42:35,806 [68d4f79f-8ed5-4598-b947-57f9bc979c0e@group-DECE5BE019F2-StateMachineUpdater] INFO  impl.StateMachineUpdater (StateMachineUpdater.java:lambda$new$0(89)) - 68d4f79f-8ed5-4598-b947-57f9bc979c0e@group-DECE5BE019F2-StateMachineUpdater: snapshotIndex: updateIncreasingly -1 -> 2
2021-05-19 07:42:35,806 [68d4f79f-8ed5-4598-b947-57f9bc979c0e@group-DECE5BE019F2-StateMachineUpdater] INFO  metrics.RatisMetrics (RatisMetrics.java:unregister(43)) - Unregistering Metrics Registry : ratis.state_machine.68d4f79f-8ed5-4598-b947-57f9bc979c0e@group-DECE5BE019F2
2021-05-19 07:42:35,806 [Command processor thread] INFO  server.RaftServer$Division (ServerState.java:close(405)) - 68d4f79f-8ed5-4598-b947-57f9bc979c0e@group-DECE5BE019F2: closes. applyIndex: 2
2021-05-19 07:42:35,806 [68d4f79f-8ed5-4598-b947-57f9bc979c0e@group-DECE5BE019F2-SegmentedRaftLogWorker] INFO  segmented.SegmentedRaftLogWorker (SegmentedRaftLogWorker.java:run(327)) - 68d4f79f-8ed5-4598-b947-57f9bc979c0e@group-DECE5BE019F2-SegmentedRaftLogWorker was interrupted, exiting. There are 0 tasks remaining in the queue.
2021-05-19 07:42:35,819 [Command processor thread] INFO  segmented.SegmentedRaftLogWorker (SegmentedRaftLogWorker.java:close(237)) - 68d4f79f-8ed5-4598-b947-57f9bc979c0e@group-DECE5BE019F2-SegmentedRaftLogWorker close()
2021-05-19 07:42:35,820 [Command processor thread] INFO  metrics.RatisMetrics (RatisMetrics.java:unregister(43)) - Unregistering Metrics Registry : ratis.log_worker.68d4f79f-8ed5-4598-b947-57f9bc979c0e@group-DECE5BE019F2
2021-05-19 07:42:35,820 [Command processor thread] INFO  metrics.RatisMetrics (RatisMetrics.java:unregister(43)) - Unregistering Metrics Registry : ratis.leader_election.68d4f79f-8ed5-4598-b947-57f9bc979c0e@group-DECE5BE019F2
2021-05-19 07:42:35,820 [Command processor thread] INFO  metrics.RatisMetrics (RatisMetrics.java:unregister(43)) - Unregistering Metrics Registry : ratis.server.68d4f79f-8ed5-4598-b947-57f9bc979c0e@group-DECE5BE019F2
2021-05-19 07:42:35,820 [Command processor thread] INFO  server.RaftServer$Division (RaftServerImpl.java:groupRemove(376)) - 68d4f79f-8ed5-4598-b947-57f9bc979c0e@group-DECE5BE019F2: Succeed to remove RaftStorageDirectory Storage Directory /github/workspace/mnt/ozone/hadoop-ozone/integration-test/target/test-dir/MiniOzoneClusterImpl-952c9dfc-8967-4523-b06f-60d3bd5de2bf/datanode-0/data/ratis/da74cb76-52a2-4b5c-bce9-dece5be019f2
2021-05-19 07:42:35,820 [Command processor thread] INFO  commandhandler.ClosePipelineCommandHandler (ClosePipelineCommandHandler.java:handle(75)) - Close Pipeline PipelineID=da74cb76-52a2-4b5c-bce9-dece5be019f2 command on datanode 68d4f79f-8ed5-4598-b947-57f9bc979c0e.
2021-05-19 07:42:35,820 [Command processor thread] WARN  server.RaftServer (RaftServerProxy.java:remove(101)) - 68d4f79f-8ed5-4598-b947-57f9bc979c0e: does not contain group: group-AC6A57830C75
2021-05-19 07:42:35,820 [Command processor thread] ERROR commandhandler.ClosePipelineCommandHandler (ClosePipelineCommandHandler.java:handle(78)) - Can't close pipeline PipelineID=b2b3615b-70b0-4c95-a861-ac6a57830c75
java.io.IOException: 68d4f79f-8ed5-4598-b947-57f9bc979c0e: Group group-AC6A57830C75 not found.
	at org.apache.hadoop.ozone.container.common.transport.server.ratis.XceiverServerRatis.removeGroup(XceiverServerRatis.java:826)
	at org.apache.hadoop.ozone.container.common.statemachine.commandhandler.ClosePipelineCommandHandler.handle(ClosePipelineCommandHandler.java:74)
	at org.apache.hadoop.ozone.container.common.statemachine.commandhandler.CommandDispatcher.handle(CommandDispatcher.java:99)
	at org.apache.hadoop.ozone.container.common.statemachine.DatanodeStateMachine.lambda$initCommandHandlerThread$2(DatanodeStateMachine.java:506)
	at java.lang.Thread.run(Thread.java:748)
Caused by: org.apache.ratis.protocol.exceptions.GroupMismatchException: 68d4f79f-8ed5-4598-b947-57f9bc979c0e: Group group-AC6A57830C75 not found.
	at org.apache.ratis.server.impl.RaftServerProxy.groupRemoveAsync(RaftServerProxy.java:504)
	at org.apache.ratis.server.impl.RaftServerProxy.groupManagementAsync(RaftServerProxy.java:460)
	at org.apache.ratis.server.impl.RaftServerProxy.groupManagement(RaftServerProxy.java:440)
	at org.apache.hadoop.ozone.container.common.transport.server.ratis.XceiverServerRatis.removeGroup(XceiverServerRatis.java:824)
	... 4 more
2021-05-19 07:42:35,821 [Command processor thread] WARN  server.RaftServer (RaftServerProxy.java:remove(101)) - 68d4f79f-8ed5-4598-b947-57f9bc979c0e: does not contain group: group-76E48770978D
2021-05-19 07:42:35,821 [Command processor thread] ERROR commandhandler.ClosePipelineCommandHandler (ClosePipelineCommandHandler.java:handle(78)) - Can't close pipeline PipelineID=90d79207-282c-4ddc-b3c9-76e48770978d
java.io.IOException: 68d4f79f-8ed5-4598-b947-57f9bc979c0e: Group group-76E48770978D not found.
	at org.apache.hadoop.ozone.container.common.transport.server.ratis.XceiverServerRatis.removeGroup(XceiverServerRatis.java:826)
	at org.apache.hadoop.ozone.container.common.statemachine.commandhandler.ClosePipelineCommandHandler.handle(ClosePipelineCommandHandler.java:74)
	at org.apache.hadoop.ozone.container.common.statemachine.commandhandler.CommandDispatcher.handle(CommandDispatcher.java:99)
	at org.apache.hadoop.ozone.container.common.statemachine.DatanodeStateMachine.lambda$initCommandHandlerThread$2(DatanodeStateMachine.java:506)
	at java.lang.Thread.run(Thread.java:748)
Caused by: org.apache.ratis.protocol.exceptions.GroupMismatchException: 68d4f79f-8ed5-4598-b947-57f9bc979c0e: Group group-76E48770978D not found.
	at org.apache.ratis.server.impl.RaftServerProxy.groupRemoveAsync(RaftServerProxy.java:504)
	at org.apache.ratis.server.impl.RaftServerProxy.groupManagementAsync(RaftServerProxy.java:460)
	at org.apache.ratis.server.impl.RaftServerProxy.groupManagement(RaftServerProxy.java:440)
	at org.apache.hadoop.ozone.container.common.transport.server.ratis.XceiverServerRatis.removeGroup(XceiverServerRatis.java:824)
	... 4 more
2021-05-19 07:42:35,821 [Command processor thread] WARN  server.RaftServer (RaftServerProxy.java:remove(101)) - 68d4f79f-8ed5-4598-b947-57f9bc979c0e: does not contain group: group-DECE5BE019F2
2021-05-19 07:42:35,821 [Command processor thread] ERROR commandhandler.ClosePipelineCommandHandler (ClosePipelineCommandHandler.java:handle(78)) - Can't close pipeline PipelineID=da74cb76-52a2-4b5c-bce9-dece5be019f2
java.io.IOException: 68d4f79f-8ed5-4598-b947-57f9bc979c0e: Group group-DECE5BE019F2 not found.
	at org.apache.hadoop.ozone.container.common.transport.server.ratis.XceiverServerRatis.removeGroup(XceiverServerRatis.java:826)
	at org.apache.hadoop.ozone.container.common.statemachine.commandhandler.ClosePipelineCommandHandler.handle(ClosePipelineCommandHandler.java:74)
	at org.apache.hadoop.ozone.container.common.statemachine.commandhandler.CommandDispatcher.handle(CommandDispatcher.java:99)
	at org.apache.hadoop.ozone.container.common.statemachine.DatanodeStateMachine.lambda$initCommandHandlerThread$2(DatanodeStateMachine.java:506)
	at java.lang.Thread.run(Thread.java:748)
Caused by: org.apache.ratis.protocol.exceptions.GroupMismatchException: 68d4f79f-8ed5-4598-b947-57f9bc979c0e: Group group-DECE5BE019F2 not found.
	at org.apache.ratis.server.impl.RaftServerProxy.groupRemoveAsync(RaftServerProxy.java:504)
	at org.apache.ratis.server.impl.RaftServerProxy.groupManagementAsync(RaftServerProxy.java:460)
	at org.apache.ratis.server.impl.RaftServerProxy.groupManagement(RaftServerProxy.java:440)
	at org.apache.hadoop.ozone.container.common.transport.server.ratis.XceiverServerRatis.removeGroup(XceiverServerRatis.java:824)
	... 4 more
2021-05-19 07:42:35,928 [grpc-default-executor-1] WARN  server.GrpcLogAppender (LogUtils.java:warn(122)) - 8e81be81-8cf3-4cb2-af1f-2c1c9bc19b0e@group-76E48770978D->a14714da-c87c-4361-b393-7e96cf422ed7-AppendLogResponseHandler: Failed appendEntries: org.apache.ratis.thirdparty.io.grpc.StatusRuntimeException: UNAVAILABLE: io exception
2021-05-19 07:42:35,928 [grpc-default-executor-1] WARN  server.GrpcLogAppender (GrpcLogAppender.java:resetClient(111)) - 8e81be81-8cf3-4cb2-af1f-2c1c9bc19b0e@group-76E48770978D->a14714da-c87c-4361-b393-7e96cf422ed7-GrpcLogAppender: Leader has not got in touch with Follower 8e81be81-8cf3-4cb2-af1f-2c1c9bc19b0e@group-76E48770978D->a14714da-c87c-4361-b393-7e96cf422ed7(c-1,m0,n1, attendVote=true, lastRpcSendTime=0, lastRpcResponseTime=20236) yet, just keep nextIndex unchanged and retry.
2021-05-19 07:42:36,896 [Command processor thread] INFO  server.RaftServer (RaftServerProxy.java:remove(106)) - 8e81be81-8cf3-4cb2-af1f-2c1c9bc19b0e: remove  FOLLOWER 8e81be81-8cf3-4cb2-af1f-2c1c9bc19b0e@group-AC6A57830C75:t1, leader=68d4f79f-8ed5-4598-b947-57f9bc979c0e, voted=68d4f79f-8ed5-4598-b947-57f9bc979c0e, raftlog=8e81be81-8cf3-4cb2-af1f-2c1c9bc19b0e@group-AC6A57830C75-SegmentedRaftLog:OPENED:c0,f0,i0, conf=0: [a14714da-c87c-4361-b393-7e96cf422ed7|rpc:172.17.0.2:45547|dataStream:|priority:0, 68d4f79f-8ed5-4598-b947-57f9bc979c0e|rpc:172.17.0.2:42729|dataStream:|priority:1, 8e81be81-8cf3-4cb2-af1f-2c1c9bc19b0e|rpc:172.17.0.2:41855|dataStream:|priority:0], old=null RUNNING
2021-05-19 07:42:36,896 [Command processor thread] INFO  server.RaftServer$Division (RaftServerImpl.java:lambda$close$4(406)) - 8e81be81-8cf3-4cb2-af1f-2c1c9bc19b0e@group-AC6A57830C75: shutdown
2021-05-19 07:42:36,896 [Command processor thread] INFO  util.JmxRegister (JmxRegister.java:unregister(73)) - Successfully un-registered JMX Bean with object name Ratis:service=RaftServer,group=group-AC6A57830C75,id=8e81be81-8cf3-4cb2-af1f-2c1c9bc19b0e
2021-05-19 07:42:36,896 [Command processor thread] INFO  impl.RoleInfo (RoleInfo.java:shutdownFollowerState(108)) - 8e81be81-8cf3-4cb2-af1f-2c1c9bc19b0e: shutdown 8e81be81-8cf3-4cb2-af1f-2c1c9bc19b0e@group-AC6A57830C75-FollowerState
2021-05-19 07:42:36,896 [Command processor thread] INFO  impl.StateMachineUpdater (StateMachineUpdater.java:stopAndJoin(149)) - 8e81be81-8cf3-4cb2-af1f-2c1c9bc19b0e@group-AC6A57830C75-StateMachineUpdater: set stopIndex = 0
2021-05-19 07:42:36,896 [8e81be81-8cf3-4cb2-af1f-2c1c9bc19b0e@group-AC6A57830C75-StateMachineUpdater] INFO  ratis.ContainerStateMachine (ContainerStateMachine.java:takeSnapshot(292)) - group-AC6A57830C75: Taking a snapshot at:(t:1, i:0) file /github/workspace/mnt/ozone/hadoop-ozone/integration-test/target/test-dir/MiniOzoneClusterImpl-952c9dfc-8967-4523-b06f-60d3bd5de2bf/datanode-1/data/ratis/b2b3615b-70b0-4c95-a861-ac6a57830c75/sm/snapshot.1_0
2021-05-19 07:42:36,896 [8e81be81-8cf3-4cb2-af1f-2c1c9bc19b0e@group-AC6A57830C75-FollowerState] INFO  impl.FollowerState (FollowerState.java:run(143)) - 8e81be81-8cf3-4cb2-af1f-2c1c9bc19b0e@group-AC6A57830C75-FollowerState was interrupted: {}
java.lang.InterruptedException: sleep interrupted
	at java.lang.Thread.sleep(Native Method)
	at java.lang.Thread.sleep(Thread.java:340)
	at java.util.concurrent.TimeUnit.sleep(TimeUnit.java:386)
	at org.apache.ratis.util.TimeDuration.sleep(TimeDuration.java:324)
	at org.apache.ratis.util.TimeDuration.sleep(TimeDuration.java:309)
	at org.apache.ratis.server.impl.FollowerState.run(FollowerState.java:118)
2021-05-19 07:42:36,897 [8e81be81-8cf3-4cb2-af1f-2c1c9bc19b0e@group-AC6A57830C75-StateMachineUpdater] INFO  ratis.ContainerStateMachine (ContainerStateMachine.java:takeSnapshot(303)) - group-AC6A57830C75: Finished taking a snapshot at:(t:1, i:0) file:/github/workspace/mnt/ozone/hadoop-ozone/integration-test/target/test-dir/MiniOzoneClusterImpl-952c9dfc-8967-4523-b06f-60d3bd5de2bf/datanode-1/data/ratis/b2b3615b-70b0-4c95-a861-ac6a57830c75/sm/snapshot.1_0 took: 1 ms
2021-05-19 07:42:36,898 [8e81be81-8cf3-4cb2-af1f-2c1c9bc19b0e@group-AC6A57830C75-StateMachineUpdater] INFO  impl.StateMachineUpdater (StateMachineUpdater.java:takeSnapshot(281)) - 8e81be81-8cf3-4cb2-af1f-2c1c9bc19b0e@group-AC6A57830C75-StateMachineUpdater: Took a snapshot at index 0
2021-05-19 07:42:36,898 [8e81be81-8cf3-4cb2-af1f-2c1c9bc19b0e@group-AC6A57830C75-StateMachineUpdater] INFO  impl.StateMachineUpdater (StateMachineUpdater.java:lambda$new$0(89)) - 8e81be81-8cf3-4cb2-af1f-2c1c9bc19b0e@group-AC6A57830C75-StateMachineUpdater: snapshotIndex: updateIncreasingly -1 -> 0
2021-05-19 07:42:36,899 [8e81be81-8cf3-4cb2-af1f-2c1c9bc19b0e@group-AC6A57830C75-StateMachineUpdater] INFO  metrics.RatisMetrics (RatisMetrics.java:unregister(43)) - Unregistering Metrics Registry : ratis.state_machine.8e81be81-8cf3-4cb2-af1f-2c1c9bc19b0e@group-AC6A57830C75
2021-05-19 07:42:36,900 [Command processor thread] INFO  server.RaftServer$Division (ServerState.java:close(405)) - 8e81be81-8cf3-4cb2-af1f-2c1c9bc19b0e@group-AC6A57830C75: closes. applyIndex: 0
2021-05-19 07:42:36,900 [8e81be81-8cf3-4cb2-af1f-2c1c9bc19b0e@group-AC6A57830C75-SegmentedRaftLogWorker] INFO  segmented.SegmentedRaftLogWorker (SegmentedRaftLogWorker.java:run(327)) - 8e81be81-8cf3-4cb2-af1f-2c1c9bc19b0e@group-AC6A57830C75-SegmentedRaftLogWorker was interrupted, exiting. There are 0 tasks remaining in the queue.
2021-05-19 07:42:36,903 [Command processor thread] INFO  segmented.SegmentedRaftLogWorker (SegmentedRaftLogWorker.java:close(237)) - 8e81be81-8cf3-4cb2-af1f-2c1c9bc19b0e@group-AC6A57830C75-SegmentedRaftLogWorker close()
2021-05-19 07:42:36,904 [Command processor thread] INFO  metrics.RatisMetrics (RatisMetrics.java:unregister(43)) - Unregistering Metrics Registry : ratis.log_worker.8e81be81-8cf3-4cb2-af1f-2c1c9bc19b0e@group-AC6A57830C75
2021-05-19 07:42:36,904 [Command processor thread] INFO  metrics.RatisMetrics (RatisMetrics.java:unregister(43)) - Unregistering Metrics Registry : ratis.leader_election.8e81be81-8cf3-4cb2-af1f-2c1c9bc19b0e@group-AC6A57830C75
2021-05-19 07:42:36,904 [Command processor thread] INFO  metrics.RatisMetrics (RatisMetrics.java:unregister(43)) - Unregistering Metrics Registry : ratis.server.8e81be81-8cf3-4cb2-af1f-2c1c9bc19b0e@group-AC6A57830C75
2021-05-19 07:42:36,905 [Command processor thread] INFO  server.RaftServer$Division (RaftServerImpl.java:groupRemove(376)) - 8e81be81-8cf3-4cb2-af1f-2c1c9bc19b0e@group-AC6A57830C75: Succeed to remove RaftStorageDirectory Storage Directory /github/workspace/mnt/ozone/hadoop-ozone/integration-test/target/test-dir/MiniOzoneClusterImpl-952c9dfc-8967-4523-b06f-60d3bd5de2bf/datanode-1/data/ratis/b2b3615b-70b0-4c95-a861-ac6a57830c75
2021-05-19 07:42:36,905 [Command processor thread] INFO  commandhandler.ClosePipelineCommandHandler (ClosePipelineCommandHandler.java:handle(75)) - Close Pipeline PipelineID=b2b3615b-70b0-4c95-a861-ac6a57830c75 command on datanode 8e81be81-8cf3-4cb2-af1f-2c1c9bc19b0e.
2021-05-19 07:42:36,905 [Command processor thread] INFO  server.RaftServer (RaftServerProxy.java:remove(106)) - 8e81be81-8cf3-4cb2-af1f-2c1c9bc19b0e: remove    LEADER 8e81be81-8cf3-4cb2-af1f-2c1c9bc19b0e@group-76E48770978D:t4, leader=8e81be81-8cf3-4cb2-af1f-2c1c9bc19b0e, voted=8e81be81-8cf3-4cb2-af1f-2c1c9bc19b0e, raftlog=8e81be81-8cf3-4cb2-af1f-2c1c9bc19b0e@group-76E48770978D-SegmentedRaftLog:OPENED:c0,f0,i0, conf=0: [a14714da-c87c-4361-b393-7e96cf422ed7|rpc:172.17.0.2:45547|dataStream:|priority:0, 68d4f79f-8ed5-4598-b947-57f9bc979c0e|rpc:172.17.0.2:42729|dataStream:|priority:0, 8e81be81-8cf3-4cb2-af1f-2c1c9bc19b0e|rpc:172.17.0.2:41855|dataStream:|priority:1], old=null RUNNING
2021-05-19 07:42:36,906 [Command processor thread] INFO  server.RaftServer$Division (RaftServerImpl.java:lambda$close$4(406)) - 8e81be81-8cf3-4cb2-af1f-2c1c9bc19b0e@group-76E48770978D: shutdown
2021-05-19 07:42:36,906 [Command processor thread] INFO  util.JmxRegister (JmxRegister.java:unregister(73)) - Successfully un-registered JMX Bean with object name Ratis:service=RaftServer,group=group-76E48770978D,id=8e81be81-8cf3-4cb2-af1f-2c1c9bc19b0e
2021-05-19 07:42:36,906 [Command processor thread] INFO  impl.RoleInfo (RoleInfo.java:shutdownLeaderState(91)) - 8e81be81-8cf3-4cb2-af1f-2c1c9bc19b0e: shutdown 8e81be81-8cf3-4cb2-af1f-2c1c9bc19b0e@group-76E48770978D-LeaderStateImpl
2021-05-19 07:42:36,906 [Command processor thread] INFO  metrics.RatisMetrics (RatisMetrics.java:unregister(43)) - Unregistering Metrics Registry : ratis_grpc.log_appender.8e81be81-8cf3-4cb2-af1f-2c1c9bc19b0e@group-76E48770978D
2021-05-19 07:42:36,906 [Command processor thread] INFO  metrics.RatisMetrics (RatisMetrics.java:unregister(43)) - Unregistering Metrics Registry : ratis_grpc.log_appender.8e81be81-8cf3-4cb2-af1f-2c1c9bc19b0e@group-76E48770978D
2021-05-19 07:42:36,906 [Command processor thread] INFO  impl.PendingRequests (PendingRequests.java:sendNotLeaderResponses(249)) - 8e81be81-8cf3-4cb2-af1f-2c1c9bc19b0e@group-76E48770978D-PendingRequests: sendNotLeaderResponses
2021-05-19 07:42:36,906 [8e81be81-8cf3-4cb2-af1f-2c1c9bc19b0e@group-76E48770978D->68d4f79f-8ed5-4598-b947-57f9bc979c0e-GrpcLogAppender-LogAppenderDaemon] WARN  server.GrpcLogAppender (GrpcLogAppender.java:mayWait(175)) - 8e81be81-8cf3-4cb2-af1f-2c1c9bc19b0e@group-76E48770978D->68d4f79f-8ed5-4598-b947-57f9bc979c0e-GrpcLogAppender: Wait interrupted by java.lang.InterruptedException
2021-05-19 07:42:36,906 [Command processor thread] INFO  metrics.RatisMetrics (RatisMetrics.java:unregister(43)) - Unregistering Metrics Registry : ratis.log_appender.8e81be81-8cf3-4cb2-af1f-2c1c9bc19b0e@group-76E48770978D
2021-05-19 07:42:36,907 [grpc-default-executor-5] INFO  server.GrpcServerProtocolService (GrpcServerProtocolService.java:onCompleted(140)) - 68d4f79f-8ed5-4598-b947-57f9bc979c0e: Completed APPEND_ENTRIES, lastRequest: 8e81be81-8cf3-4cb2-af1f-2c1c9bc19b0e->68d4f79f-8ed5-4598-b947-57f9bc979c0e#1-t4,previous=(t:0, i:0),leaderCommit=0,initializing? true,entries: size=1, first=(t:4, i:0), CONFIGURATIONENTRY
2021-05-19 07:42:36,907 [Command processor thread] INFO  metrics.RatisMetrics (RatisMetrics.java:unregister(43)) - Unregistering Metrics Registry : ratis.server.8e81be81-8cf3-4cb2-af1f-2c1c9bc19b0e@group-76E48770978D
2021-05-19 07:42:36,907 [grpc-default-executor-1] INFO  server.GrpcLogAppender (GrpcLogAppender.java:onCompleted(344)) - 8e81be81-8cf3-4cb2-af1f-2c1c9bc19b0e@group-76E48770978D->68d4f79f-8ed5-4598-b947-57f9bc979c0e-AppendLogResponseHandler: follower responses appendEntries COMPLETED
2021-05-19 07:42:36,907 [grpc-default-executor-1] INFO  leader.FollowerInfo (FollowerInfoImpl.java:lambda$new$0(46)) - 8e81be81-8cf3-4cb2-af1f-2c1c9bc19b0e@group-76E48770978D->68d4f79f-8ed5-4598-b947-57f9bc979c0e: nextIndex: updateUnconditionally 1 -> 0
2021-05-19 07:42:36,907 [8e81be81-8cf3-4cb2-af1f-2c1c9bc19b0e@group-76E48770978D-StateMachineUpdater] INFO  ratis.ContainerStateMachine (ContainerStateMachine.java:takeSnapshot(292)) - group-76E48770978D: Taking a snapshot at:(t:4, i:0) file /github/workspace/mnt/ozone/hadoop-ozone/integration-test/target/test-dir/MiniOzoneClusterImpl-952c9dfc-8967-4523-b06f-60d3bd5de2bf/datanode-1/data/ratis/90d79207-282c-4ddc-b3c9-76e48770978d/sm/snapshot.4_0
2021-05-19 07:42:36,908 [Command processor thread] INFO  impl.StateMachineUpdater (StateMachineUpdater.java:stopAndJoin(149)) - 8e81be81-8cf3-4cb2-af1f-2c1c9bc19b0e@group-76E48770978D-StateMachineUpdater: set stopIndex = 0
2021-05-19 07:42:36,908 [8e81be81-8cf3-4cb2-af1f-2c1c9bc19b0e@group-76E48770978D-StateMachineUpdater] INFO  ratis.ContainerStateMachine (ContainerStateMachine.java:takeSnapshot(303)) - group-76E48770978D: Finished taking a snapshot at:(t:4, i:0) file:/github/workspace/mnt/ozone/hadoop-ozone/integration-test/target/test-dir/MiniOzoneClusterImpl-952c9dfc-8967-4523-b06f-60d3bd5de2bf/datanode-1/data/ratis/90d79207-282c-4ddc-b3c9-76e48770978d/sm/snapshot.4_0 took: 1 ms
2021-05-19 07:42:36,908 [8e81be81-8cf3-4cb2-af1f-2c1c9bc19b0e@group-76E48770978D-StateMachineUpdater] INFO  impl.StateMachineUpdater (StateMachineUpdater.java:takeSnapshot(281)) - 8e81be81-8cf3-4cb2-af1f-2c1c9bc19b0e@group-76E48770978D-StateMachineUpdater: Took a snapshot at index 0
2021-05-19 07:42:36,908 [8e81be81-8cf3-4cb2-af1f-2c1c9bc19b0e@group-76E48770978D-StateMachineUpdater] INFO  impl.StateMachineUpdater (StateMachineUpdater.java:lambda$new$0(89)) - 8e81be81-8cf3-4cb2-af1f-2c1c9bc19b0e@group-76E48770978D-StateMachineUpdater: snapshotIndex: updateIncreasingly -1 -> 0
2021-05-19 07:42:36,908 [8e81be81-8cf3-4cb2-af1f-2c1c9bc19b0e@group-76E48770978D-StateMachineUpdater] INFO  metrics.RatisMetrics (RatisMetrics.java:unregister(43)) - Unregistering Metrics Registry : ratis.state_machine.8e81be81-8cf3-4cb2-af1f-2c1c9bc19b0e@group-76E48770978D
2021-05-19 07:42:36,908 [Command processor thread] INFO  server.RaftServer$Division (ServerState.java:close(405)) - 8e81be81-8cf3-4cb2-af1f-2c1c9bc19b0e@group-76E48770978D: closes. applyIndex: 0
2021-05-19 07:42:36,908 [8e81be81-8cf3-4cb2-af1f-2c1c9bc19b0e@group-76E48770978D-SegmentedRaftLogWorker] INFO  segmented.SegmentedRaftLogWorker (SegmentedRaftLogWorker.java:run(327)) - 8e81be81-8cf3-4cb2-af1f-2c1c9bc19b0e@group-76E48770978D-SegmentedRaftLogWorker was interrupted, exiting. There are 0 tasks remaining in the queue.
2021-05-19 07:42:36,911 [Command processor thread] INFO  segmented.SegmentedRaftLogWorker (SegmentedRaftLogWorker.java:close(237)) - 8e81be81-8cf3-4cb2-af1f-2c1c9bc19b0e@group-76E48770978D-SegmentedRaftLogWorker close()
2021-05-19 07:42:36,912 [Command processor thread] INFO  metrics.RatisMetrics (RatisMetrics.java:unregister(43)) - Unregistering Metrics Registry : ratis.log_worker.8e81be81-8cf3-4cb2-af1f-2c1c9bc19b0e@group-76E48770978D
2021-05-19 07:42:36,912 [Command processor thread] INFO  metrics.RatisMetrics (RatisMetrics.java:unregister(43)) - Unregistering Metrics Registry : ratis.leader_election.8e81be81-8cf3-4cb2-af1f-2c1c9bc19b0e@group-76E48770978D
2021-05-19 07:42:36,912 [Command processor thread] INFO  metrics.RatisMetrics (RatisMetrics.java:unregister(43)) - Unregistering Metrics Registry : ratis.server.8e81be81-8cf3-4cb2-af1f-2c1c9bc19b0e@group-76E48770978D
2021-05-19 07:42:36,913 [Command processor thread] INFO  server.RaftServer$Division (RaftServerImpl.java:groupRemove(376)) - 8e81be81-8cf3-4cb2-af1f-2c1c9bc19b0e@group-76E48770978D: Succeed to remove RaftStorageDirectory Storage Directory /github/workspace/mnt/ozone/hadoop-ozone/integration-test/target/test-dir/MiniOzoneClusterImpl-952c9dfc-8967-4523-b06f-60d3bd5de2bf/datanode-1/data/ratis/90d79207-282c-4ddc-b3c9-76e48770978d
2021-05-19 07:42:36,913 [Command processor thread] INFO  commandhandler.ClosePipelineCommandHandler (ClosePipelineCommandHandler.java:handle(75)) - Close Pipeline PipelineID=90d79207-282c-4ddc-b3c9-76e48770978d command on datanode 8e81be81-8cf3-4cb2-af1f-2c1c9bc19b0e.
2021-05-19 07:42:36,913 [Command processor thread] INFO  server.RaftServer (RaftServerProxy.java:remove(106)) - 8e81be81-8cf3-4cb2-af1f-2c1c9bc19b0e: remove  FOLLOWER 8e81be81-8cf3-4cb2-af1f-2c1c9bc19b0e@group-DECE5BE019F2:t2, leader=68d4f79f-8ed5-4598-b947-57f9bc979c0e, voted=68d4f79f-8ed5-4598-b947-57f9bc979c0e, raftlog=8e81be81-8cf3-4cb2-af1f-2c1c9bc19b0e@group-DECE5BE019F2-SegmentedRaftLog:OPENED:c2,f2,i2, conf=1: [a14714da-c87c-4361-b393-7e96cf422ed7|rpc:172.17.0.2:45547|dataStream:|priority:1, 8e81be81-8cf3-4cb2-af1f-2c1c9bc19b0e|rpc:172.17.0.2:41855|dataStream:|priority:0, 68d4f79f-8ed5-4598-b947-57f9bc979c0e|rpc:172.17.0.2:42729|dataStream:|priority:0], old=null RUNNING
2021-05-19 07:42:36,913 [Command processor thread] INFO  server.RaftServer$Division (RaftServerImpl.java:lambda$close$4(406)) - 8e81be81-8cf3-4cb2-af1f-2c1c9bc19b0e@group-DECE5BE019F2: shutdown
2021-05-19 07:42:36,913 [Command processor thread] INFO  util.JmxRegister (JmxRegister.java:unregister(73)) - Successfully un-registered JMX Bean with object name Ratis:service=RaftServer,group=group-DECE5BE019F2,id=8e81be81-8cf3-4cb2-af1f-2c1c9bc19b0e
2021-05-19 07:42:36,913 [Command processor thread] INFO  impl.RoleInfo (RoleInfo.java:shutdownFollowerState(108)) - 8e81be81-8cf3-4cb2-af1f-2c1c9bc19b0e: shutdown 8e81be81-8cf3-4cb2-af1f-2c1c9bc19b0e@group-DECE5BE019F2-FollowerState
2021-05-19 07:42:36,913 [8e81be81-8cf3-4cb2-af1f-2c1c9bc19b0e@group-DECE5BE019F2-FollowerState] INFO  impl.FollowerState (FollowerState.java:run(143)) - 8e81be81-8cf3-4cb2-af1f-2c1c9bc19b0e@group-DECE5BE019F2-FollowerState was interrupted: {}
java.lang.InterruptedException: sleep interrupted
	at java.lang.Thread.sleep(Native Method)
	at java.lang.Thread.sleep(Thread.java:340)
	at java.util.concurrent.TimeUnit.sleep(TimeUnit.java:386)
	at org.apache.ratis.util.TimeDuration.sleep(TimeDuration.java:324)
	at org.apache.ratis.util.TimeDuration.sleep(TimeDuration.java:309)
	at org.apache.ratis.server.impl.FollowerState.run(FollowerState.java:118)
2021-05-19 07:42:36,913 [Command processor thread] INFO  impl.StateMachineUpdater (StateMachineUpdater.java:stopAndJoin(149)) - 8e81be81-8cf3-4cb2-af1f-2c1c9bc19b0e@group-DECE5BE019F2-StateMachineUpdater: set stopIndex = 2
2021-05-19 07:42:36,913 [8e81be81-8cf3-4cb2-af1f-2c1c9bc19b0e@group-DECE5BE019F2-StateMachineUpdater] INFO  ratis.ContainerStateMachine (ContainerStateMachine.java:takeSnapshot(292)) - group-DECE5BE019F2: Taking a snapshot at:(t:2, i:2) file /github/workspace/mnt/ozone/hadoop-ozone/integration-test/target/test-dir/MiniOzoneClusterImpl-952c9dfc-8967-4523-b06f-60d3bd5de2bf/datanode-1/data/ratis/da74cb76-52a2-4b5c-bce9-dece5be019f2/sm/snapshot.2_2
2021-05-19 07:42:36,915 [8e81be81-8cf3-4cb2-af1f-2c1c9bc19b0e@group-DECE5BE019F2-StateMachineUpdater] INFO  ratis.ContainerStateMachine (ContainerStateMachine.java:takeSnapshot(303)) - group-DECE5BE019F2: Finished taking a snapshot at:(t:2, i:2) file:/github/workspace/mnt/ozone/hadoop-ozone/integration-test/target/test-dir/MiniOzoneClusterImpl-952c9dfc-8967-4523-b06f-60d3bd5de2bf/datanode-1/data/ratis/da74cb76-52a2-4b5c-bce9-dece5be019f2/sm/snapshot.2_2 took: 1 ms
2021-05-19 07:42:36,915 [8e81be81-8cf3-4cb2-af1f-2c1c9bc19b0e@group-DECE5BE019F2-StateMachineUpdater] INFO  impl.StateMachineUpdater (StateMachineUpdater.java:takeSnapshot(281)) - 8e81be81-8cf3-4cb2-af1f-2c1c9bc19b0e@group-DECE5BE019F2-StateMachineUpdater: Took a snapshot at index 2
2021-05-19 07:42:36,915 [8e81be81-8cf3-4cb2-af1f-2c1c9bc19b0e@group-DECE5BE019F2-StateMachineUpdater] INFO  impl.StateMachineUpdater (StateMachineUpdater.java:lambda$new$0(89)) - 8e81be81-8cf3-4cb2-af1f-2c1c9bc19b0e@group-DECE5BE019F2-StateMachineUpdater: snapshotIndex: updateIncreasingly -1 -> 2
2021-05-19 07:42:36,915 [8e81be81-8cf3-4cb2-af1f-2c1c9bc19b0e@group-DECE5BE019F2-StateMachineUpdater] INFO  metrics.RatisMetrics (RatisMetrics.java:unregister(43)) - Unregistering Metrics Registry : ratis.state_machine.8e81be81-8cf3-4cb2-af1f-2c1c9bc19b0e@group-DECE5BE019F2
2021-05-19 07:42:36,915 [Command processor thread] INFO  server.RaftServer$Division (ServerState.java:close(405)) - 8e81be81-8cf3-4cb2-af1f-2c1c9bc19b0e@group-DECE5BE019F2: closes. applyIndex: 2
2021-05-19 07:42:36,915 [8e81be81-8cf3-4cb2-af1f-2c1c9bc19b0e@group-DECE5BE019F2-SegmentedRaftLogWorker] INFO  segmented.SegmentedRaftLogWorker (SegmentedRaftLogWorker.java:run(327)) - 8e81be81-8cf3-4cb2-af1f-2c1c9bc19b0e@group-DECE5BE019F2-SegmentedRaftLogWorker was interrupted, exiting. There are 0 tasks remaining in the queue.
2021-05-19 07:42:36,916 [Command processor thread] INFO  segmented.SegmentedRaftLogWorker (SegmentedRaftLogWorker.java:close(237)) - 8e81be81-8cf3-4cb2-af1f-2c1c9bc19b0e@group-DECE5BE019F2-SegmentedRaftLogWorker close()
2021-05-19 07:42:36,918 [Command processor thread] INFO  metrics.RatisMetrics (RatisMetrics.java:unregister(43)) - Unregistering Metrics Registry : ratis.log_worker.8e81be81-8cf3-4cb2-af1f-2c1c9bc19b0e@group-DECE5BE019F2
2021-05-19 07:42:36,918 [Command processor thread] INFO  metrics.RatisMetrics (RatisMetrics.java:unregister(43)) - Unregistering Metrics Registry : ratis.leader_election.8e81be81-8cf3-4cb2-af1f-2c1c9bc19b0e@group-DECE5BE019F2
2021-05-19 07:42:36,918 [Command processor thread] INFO  metrics.RatisMetrics (RatisMetrics.java:unregister(43)) - Unregistering Metrics Registry : ratis.server.8e81be81-8cf3-4cb2-af1f-2c1c9bc19b0e@group-DECE5BE019F2
2021-05-19 07:42:36,919 [Command processor thread] INFO  server.RaftServer$Division (RaftServerImpl.java:groupRemove(376)) - 8e81be81-8cf3-4cb2-af1f-2c1c9bc19b0e@group-DECE5BE019F2: Succeed to remove RaftStorageDirectory Storage Directory /github/workspace/mnt/ozone/hadoop-ozone/integration-test/target/test-dir/MiniOzoneClusterImpl-952c9dfc-8967-4523-b06f-60d3bd5de2bf/datanode-1/data/ratis/da74cb76-52a2-4b5c-bce9-dece5be019f2
2021-05-19 07:42:36,919 [Command processor thread] INFO  commandhandler.ClosePipelineCommandHandler (ClosePipelineCommandHandler.java:handle(75)) - Close Pipeline PipelineID=da74cb76-52a2-4b5c-bce9-dece5be019f2 command on datanode 8e81be81-8cf3-4cb2-af1f-2c1c9bc19b0e.
2021-05-19 07:42:36,919 [Command processor thread] WARN  server.RaftServer (RaftServerProxy.java:remove(101)) - 8e81be81-8cf3-4cb2-af1f-2c1c9bc19b0e: does not contain group: group-AC6A57830C75
2021-05-19 07:42:36,919 [Command processor thread] ERROR commandhandler.ClosePipelineCommandHandler (ClosePipelineCommandHandler.java:handle(78)) - Can't close pipeline PipelineID=b2b3615b-70b0-4c95-a861-ac6a57830c75
java.io.IOException: 8e81be81-8cf3-4cb2-af1f-2c1c9bc19b0e: Group group-AC6A57830C75 not found.
	at org.apache.hadoop.ozone.container.common.transport.server.ratis.XceiverServerRatis.removeGroup(XceiverServerRatis.java:826)
	at org.apache.hadoop.ozone.container.common.statemachine.commandhandler.ClosePipelineCommandHandler.handle(ClosePipelineCommandHandler.java:74)
	at org.apache.hadoop.ozone.container.common.statemachine.commandhandler.CommandDispatcher.handle(CommandDispatcher.java:99)
	at org.apache.hadoop.ozone.container.common.statemachine.DatanodeStateMachine.lambda$initCommandHandlerThread$2(DatanodeStateMachine.java:506)
	at java.lang.Thread.run(Thread.java:748)
Caused by: org.apache.ratis.protocol.exceptions.GroupMismatchException: 8e81be81-8cf3-4cb2-af1f-2c1c9bc19b0e: Group group-AC6A57830C75 not found.
	at org.apache.ratis.server.impl.RaftServerProxy.groupRemoveAsync(RaftServerProxy.java:504)
	at org.apache.ratis.server.impl.RaftServerProxy.groupManagementAsync(RaftServerProxy.java:460)
	at org.apache.ratis.server.impl.RaftServerProxy.groupManagement(RaftServerProxy.java:440)
	at org.apache.hadoop.ozone.container.common.transport.server.ratis.XceiverServerRatis.removeGroup(XceiverServerRatis.java:824)
	... 4 more
2021-05-19 07:42:36,919 [Command processor thread] WARN  server.RaftServer (RaftServerProxy.java:remove(101)) - 8e81be81-8cf3-4cb2-af1f-2c1c9bc19b0e: does not contain group: group-76E48770978D
2021-05-19 07:42:36,919 [Command processor thread] ERROR commandhandler.ClosePipelineCommandHandler (ClosePipelineCommandHandler.java:handle(78)) - Can't close pipeline PipelineID=90d79207-282c-4ddc-b3c9-76e48770978d
java.io.IOException: 8e81be81-8cf3-4cb2-af1f-2c1c9bc19b0e: Group group-76E48770978D not found.
	at org.apache.hadoop.ozone.container.common.transport.server.ratis.XceiverServerRatis.removeGroup(XceiverServerRatis.java:826)
	at org.apache.hadoop.ozone.container.common.statemachine.commandhandler.ClosePipelineCommandHandler.handle(ClosePipelineCommandHandler.java:74)
	at org.apache.hadoop.ozone.container.common.statemachine.commandhandler.CommandDispatcher.handle(CommandDispatcher.java:99)
	at org.apache.hadoop.ozone.container.common.statemachine.DatanodeStateMachine.lambda$initCommandHandlerThread$2(DatanodeStateMachine.java:506)
	at java.lang.Thread.run(Thread.java:748)
Caused by: org.apache.ratis.protocol.exceptions.GroupMismatchException: 8e81be81-8cf3-4cb2-af1f-2c1c9bc19b0e: Group group-76E48770978D not found.
	at org.apache.ratis.server.impl.RaftServerProxy.groupRemoveAsync(RaftServerProxy.java:504)
	at org.apache.ratis.server.impl.RaftServerProxy.groupManagementAsync(RaftServerProxy.java:460)
	at org.apache.ratis.server.impl.RaftServerProxy.groupManagement(RaftServerProxy.java:440)
	at org.apache.hadoop.ozone.container.common.transport.server.ratis.XceiverServerRatis.removeGroup(XceiverServerRatis.java:824)
	... 4 more
2021-05-19 07:42:36,920 [Command processor thread] WARN  server.RaftServer (RaftServerProxy.java:remove(101)) - 8e81be81-8cf3-4cb2-af1f-2c1c9bc19b0e: does not contain group: group-DECE5BE019F2
2021-05-19 07:42:36,920 [Command processor thread] ERROR commandhandler.ClosePipelineCommandHandler (ClosePipelineCommandHandler.java:handle(78)) - Can't close pipeline PipelineID=da74cb76-52a2-4b5c-bce9-dece5be019f2
java.io.IOException: 8e81be81-8cf3-4cb2-af1f-2c1c9bc19b0e: Group group-DECE5BE019F2 not found.
	at org.apache.hadoop.ozone.container.common.transport.server.ratis.XceiverServerRatis.removeGroup(XceiverServerRatis.java:826)
	at org.apache.hadoop.ozone.container.common.statemachine.commandhandler.ClosePipelineCommandHandler.handle(ClosePipelineCommandHandler.java:74)
	at org.apache.hadoop.ozone.container.common.statemachine.commandhandler.CommandDispatcher.handle(CommandDispatcher.java:99)
	at org.apache.hadoop.ozone.container.common.statemachine.DatanodeStateMachine.lambda$initCommandHandlerThread$2(DatanodeStateMachine.java:506)
	at java.lang.Thread.run(Thread.java:748)
Caused by: org.apache.ratis.protocol.exceptions.GroupMismatchException: 8e81be81-8cf3-4cb2-af1f-2c1c9bc19b0e: Group group-DECE5BE019F2 not found.
	at org.apache.ratis.server.impl.RaftServerProxy.groupRemoveAsync(RaftServerProxy.java:504)
	at org.apache.ratis.server.impl.RaftServerProxy.groupManagementAsync(RaftServerProxy.java:460)
	at org.apache.ratis.server.impl.RaftServerProxy.groupManagement(RaftServerProxy.java:440)
	at org.apache.hadoop.ozone.container.common.transport.server.ratis.XceiverServerRatis.removeGroup(XceiverServerRatis.java:824)
	... 4 more
2021-05-19 07:42:36,920 [Command processor thread] WARN  server.RaftServer (RaftServerProxy.java:remove(101)) - 8e81be81-8cf3-4cb2-af1f-2c1c9bc19b0e: does not contain group: group-AC6A57830C75
2021-05-19 07:42:36,920 [Command processor thread] ERROR commandhandler.ClosePipelineCommandHandler (ClosePipelineCommandHandler.java:handle(78)) - Can't close pipeline PipelineID=b2b3615b-70b0-4c95-a861-ac6a57830c75
java.io.IOException: 8e81be81-8cf3-4cb2-af1f-2c1c9bc19b0e: Group group-AC6A57830C75 not found.
	at org.apache.hadoop.ozone.container.common.transport.server.ratis.XceiverServerRatis.removeGroup(XceiverServerRatis.java:826)
	at org.apache.hadoop.ozone.container.common.statemachine.commandhandler.ClosePipelineCommandHandler.handle(ClosePipelineCommandHandler.java:74)
	at org.apache.hadoop.ozone.container.common.statemachine.commandhandler.CommandDispatcher.handle(CommandDispatcher.java:99)
	at org.apache.hadoop.ozone.container.common.statemachine.DatanodeStateMachine.lambda$initCommandHandlerThread$2(DatanodeStateMachine.java:506)
	at java.lang.Thread.run(Thread.java:748)
Caused by: org.apache.ratis.protocol.exceptions.GroupMismatchException: 8e81be81-8cf3-4cb2-af1f-2c1c9bc19b0e: Group group-AC6A57830C75 not found.
	at org.apache.ratis.server.impl.RaftServerProxy.groupRemoveAsync(RaftServerProxy.java:504)
	at org.apache.ratis.server.impl.RaftServerProxy.groupManagementAsync(RaftServerProxy.java:460)
	at org.apache.ratis.server.impl.RaftServerProxy.groupManagement(RaftServerProxy.java:440)
	at org.apache.hadoop.ozone.container.common.transport.server.ratis.XceiverServerRatis.removeGroup(XceiverServerRatis.java:824)
	... 4 more
2021-05-19 07:42:36,920 [Command processor thread] WARN  server.RaftServer (RaftServerProxy.java:remove(101)) - 8e81be81-8cf3-4cb2-af1f-2c1c9bc19b0e: does not contain group: group-76E48770978D
2021-05-19 07:42:36,920 [Command processor thread] ERROR commandhandler.ClosePipelineCommandHandler (ClosePipelineCommandHandler.java:handle(78)) - Can't close pipeline PipelineID=90d79207-282c-4ddc-b3c9-76e48770978d
java.io.IOException: 8e81be81-8cf3-4cb2-af1f-2c1c9bc19b0e: Group group-76E48770978D not found.
	at org.apache.hadoop.ozone.container.common.transport.server.ratis.XceiverServerRatis.removeGroup(XceiverServerRatis.java:826)
	at org.apache.hadoop.ozone.container.common.statemachine.commandhandler.ClosePipelineCommandHandler.handle(ClosePipelineCommandHandler.java:74)
	at org.apache.hadoop.ozone.container.common.statemachine.commandhandler.CommandDispatcher.handle(CommandDispatcher.java:99)
	at org.apache.hadoop.ozone.container.common.statemachine.DatanodeStateMachine.lambda$initCommandHandlerThread$2(DatanodeStateMachine.java:506)
	at java.lang.Thread.run(Thread.java:748)
Caused by: org.apache.ratis.protocol.exceptions.GroupMismatchException: 8e81be81-8cf3-4cb2-af1f-2c1c9bc19b0e: Group group-76E48770978D not found.
	at org.apache.ratis.server.impl.RaftServerProxy.groupRemoveAsync(RaftServerProxy.java:504)
	at org.apache.ratis.server.impl.RaftServerProxy.groupManagementAsync(RaftServerProxy.java:460)
	at org.apache.ratis.server.impl.RaftServerProxy.groupManagement(RaftServerProxy.java:440)
	at org.apache.hadoop.ozone.container.common.transport.server.ratis.XceiverServerRatis.removeGroup(XceiverServerRatis.java:824)
	... 4 more
2021-05-19 07:42:36,920 [Command processor thread] WARN  server.RaftServer (RaftServerProxy.java:remove(101)) - 8e81be81-8cf3-4cb2-af1f-2c1c9bc19b0e: does not contain group: group-DECE5BE019F2
2021-05-19 07:42:36,920 [Command processor thread] ERROR commandhandler.ClosePipelineCommandHandler (ClosePipelineCommandHandler.java:handle(78)) - Can't close pipeline PipelineID=da74cb76-52a2-4b5c-bce9-dece5be019f2
java.io.IOException: 8e81be81-8cf3-4cb2-af1f-2c1c9bc19b0e: Group group-DECE5BE019F2 not found.
	at org.apache.hadoop.ozone.container.common.transport.server.ratis.XceiverServerRatis.removeGroup(XceiverServerRatis.java:826)
	at org.apache.hadoop.ozone.container.common.statemachine.commandhandler.ClosePipelineCommandHandler.handle(ClosePipelineCommandHandler.java:74)
	at org.apache.hadoop.ozone.container.common.statemachine.commandhandler.CommandDispatcher.handle(CommandDispatcher.java:99)
	at org.apache.hadoop.ozone.container.common.statemachine.DatanodeStateMachine.lambda$initCommandHandlerThread$2(DatanodeStateMachine.java:506)
	at java.lang.Thread.run(Thread.java:748)
Caused by: org.apache.ratis.protocol.exceptions.GroupMismatchException: 8e81be81-8cf3-4cb2-af1f-2c1c9bc19b0e: Group group-DECE5BE019F2 not found.
	at org.apache.ratis.server.impl.RaftServerProxy.groupRemoveAsync(RaftServerProxy.java:504)
	at org.apache.ratis.server.impl.RaftServerProxy.groupManagementAsync(RaftServerProxy.java:460)
	at org.apache.ratis.server.impl.RaftServerProxy.groupManagement(RaftServerProxy.java:440)
	at org.apache.hadoop.ozone.container.common.transport.server.ratis.XceiverServerRatis.removeGroup(XceiverServerRatis.java:824)
	... 4 more
2021-05-19 07:42:37,769 [Command processor thread] WARN  server.RaftServer (RaftServerProxy.java:remove(101)) - 68d4f79f-8ed5-4598-b947-57f9bc979c0e: does not contain group: group-AC6A57830C75
2021-05-19 07:42:37,769 [Command processor thread] ERROR commandhandler.ClosePipelineCommandHandler (ClosePipelineCommandHandler.java:handle(78)) - Can't close pipeline PipelineID=b2b3615b-70b0-4c95-a861-ac6a57830c75
java.io.IOException: 68d4f79f-8ed5-4598-b947-57f9bc979c0e: Group group-AC6A57830C75 not found.
	at org.apache.hadoop.ozone.container.common.transport.server.ratis.XceiverServerRatis.removeGroup(XceiverServerRatis.java:826)
	at org.apache.hadoop.ozone.container.common.statemachine.commandhandler.ClosePipelineCommandHandler.handle(ClosePipelineCommandHandler.java:74)
	at org.apache.hadoop.ozone.container.common.statemachine.commandhandler.CommandDispatcher.handle(CommandDispatcher.java:99)
	at org.apache.hadoop.ozone.container.common.statemachine.DatanodeStateMachine.lambda$initCommandHandlerThread$2(DatanodeStateMachine.java:506)
	at java.lang.Thread.run(Thread.java:748)
Caused by: org.apache.ratis.protocol.exceptions.GroupMismatchException: 68d4f79f-8ed5-4598-b947-57f9bc979c0e: Group group-AC6A57830C75 not found.
	at org.apache.ratis.server.impl.RaftServerProxy.groupRemoveAsync(RaftServerProxy.java:504)
	at org.apache.ratis.server.impl.RaftServerProxy.groupManagementAsync(RaftServerProxy.java:460)
	at org.apache.ratis.server.impl.RaftServerProxy.groupManagement(RaftServerProxy.java:440)
	at org.apache.hadoop.ozone.container.common.transport.server.ratis.XceiverServerRatis.removeGroup(XceiverServerRatis.java:824)
	... 4 more
2021-05-19 07:42:37,770 [Command processor thread] WARN  server.RaftServer (RaftServerProxy.java:remove(101)) - 68d4f79f-8ed5-4598-b947-57f9bc979c0e: does not contain group: group-76E48770978D
2021-05-19 07:42:37,770 [Command processor thread] ERROR commandhandler.ClosePipelineCommandHandler (ClosePipelineCommandHandler.java:handle(78)) - Can't close pipeline PipelineID=90d79207-282c-4ddc-b3c9-76e48770978d
java.io.IOException: 68d4f79f-8ed5-4598-b947-57f9bc979c0e: Group group-76E48770978D not found.
	at org.apache.hadoop.ozone.container.common.transport.server.ratis.XceiverServerRatis.removeGroup(XceiverServerRatis.java:826)
	at org.apache.hadoop.ozone.container.common.statemachine.commandhandler.ClosePipelineCommandHandler.handle(ClosePipelineCommandHandler.java:74)
	at org.apache.hadoop.ozone.container.common.statemachine.commandhandler.CommandDispatcher.handle(CommandDispatcher.java:99)
	at org.apache.hadoop.ozone.container.common.statemachine.DatanodeStateMachine.lambda$initCommandHandlerThread$2(DatanodeStateMachine.java:506)
	at java.lang.Thread.run(Thread.java:748)
Caused by: org.apache.ratis.protocol.exceptions.GroupMismatchException: 68d4f79f-8ed5-4598-b947-57f9bc979c0e: Group group-76E48770978D not found.
	at org.apache.ratis.server.impl.RaftServerProxy.groupRemoveAsync(RaftServerProxy.java:504)
	at org.apache.ratis.server.impl.RaftServerProxy.groupManagementAsync(RaftServerProxy.java:460)
	at org.apache.ratis.server.impl.RaftServerProxy.groupManagement(RaftServerProxy.java:440)
	at org.apache.hadoop.ozone.container.common.transport.server.ratis.XceiverServerRatis.removeGroup(XceiverServerRatis.java:824)
	... 4 more
2021-05-19 07:42:37,770 [Command processor thread] WARN  server.RaftServer (RaftServerProxy.java:remove(101)) - 68d4f79f-8ed5-4598-b947-57f9bc979c0e: does not contain group: group-DECE5BE019F2
2021-05-19 07:42:37,770 [Command processor thread] ERROR commandhandler.ClosePipelineCommandHandler (ClosePipelineCommandHandler.java:handle(78)) - Can't close pipeline PipelineID=da74cb76-52a2-4b5c-bce9-dece5be019f2
java.io.IOException: 68d4f79f-8ed5-4598-b947-57f9bc979c0e: Group group-DECE5BE019F2 not found.
	at org.apache.hadoop.ozone.container.common.transport.server.ratis.XceiverServerRatis.removeGroup(XceiverServerRatis.java:826)
	at org.apache.hadoop.ozone.container.common.statemachine.commandhandler.ClosePipelineCommandHandler.handle(ClosePipelineCommandHandler.java:74)
	at org.apache.hadoop.ozone.container.common.statemachine.commandhandler.CommandDispatcher.handle(CommandDispatcher.java:99)
	at org.apache.hadoop.ozone.container.common.statemachine.DatanodeStateMachine.lambda$initCommandHandlerThread$2(DatanodeStateMachine.java:506)
	at java.lang.Thread.run(Thread.java:748)
Caused by: org.apache.ratis.protocol.exceptions.GroupMismatchException: 68d4f79f-8ed5-4598-b947-57f9bc979c0e: Group group-DECE5BE019F2 not found.
	at org.apache.ratis.server.impl.RaftServerProxy.groupRemoveAsync(RaftServerProxy.java:504)
	at org.apache.ratis.server.impl.RaftServerProxy.groupManagementAsync(RaftServerProxy.java:460)
	at org.apache.ratis.server.impl.RaftServerProxy.groupManagement(RaftServerProxy.java:440)
	at org.apache.hadoop.ozone.container.common.transport.server.ratis.XceiverServerRatis.removeGroup(XceiverServerRatis.java:824)
	... 4 more
2021-05-19 07:42:38,896 [Command processor thread] WARN  server.RaftServer (RaftServerProxy.java:remove(101)) - 8e81be81-8cf3-4cb2-af1f-2c1c9bc19b0e: does not contain group: group-AC6A57830C75
2021-05-19 07:42:38,897 [Command processor thread] ERROR commandhandler.ClosePipelineCommandHandler (ClosePipelineCommandHandler.java:handle(78)) - Can't close pipeline PipelineID=b2b3615b-70b0-4c95-a861-ac6a57830c75
java.io.IOException: 8e81be81-8cf3-4cb2-af1f-2c1c9bc19b0e: Group group-AC6A57830C75 not found.
	at org.apache.hadoop.ozone.container.common.transport.server.ratis.XceiverServerRatis.removeGroup(XceiverServerRatis.java:826)
	at org.apache.hadoop.ozone.container.common.statemachine.commandhandler.ClosePipelineCommandHandler.handle(ClosePipelineCommandHandler.java:74)
	at org.apache.hadoop.ozone.container.common.statemachine.commandhandler.CommandDispatcher.handle(CommandDispatcher.java:99)
	at org.apache.hadoop.ozone.container.common.statemachine.DatanodeStateMachine.lambda$initCommandHandlerThread$2(DatanodeStateMachine.java:506)
	at java.lang.Thread.run(Thread.java:748)
Caused by: org.apache.ratis.protocol.exceptions.GroupMismatchException: 8e81be81-8cf3-4cb2-af1f-2c1c9bc19b0e: Group group-AC6A57830C75 not found.
	at org.apache.ratis.server.impl.RaftServerProxy.groupRemoveAsync(RaftServerProxy.java:504)
	at org.apache.ratis.server.impl.RaftServerProxy.groupManagementAsync(RaftServerProxy.java:460)
	at org.apache.ratis.server.impl.RaftServerProxy.groupManagement(RaftServerProxy.java:440)
	at org.apache.hadoop.ozone.container.common.transport.server.ratis.XceiverServerRatis.removeGroup(XceiverServerRatis.java:824)
	... 4 more
2021-05-19 07:42:38,897 [Command processor thread] WARN  server.RaftServer (RaftServerProxy.java:remove(101)) - 8e81be81-8cf3-4cb2-af1f-2c1c9bc19b0e: does not contain group: group-76E48770978D
2021-05-19 07:42:38,897 [Command processor thread] ERROR commandhandler.ClosePipelineCommandHandler (ClosePipelineCommandHandler.java:handle(78)) - Can't close pipeline PipelineID=90d79207-282c-4ddc-b3c9-76e48770978d
java.io.IOException: 8e81be81-8cf3-4cb2-af1f-2c1c9bc19b0e: Group group-76E48770978D not found.
	at org.apache.hadoop.ozone.container.common.transport.server.ratis.XceiverServerRatis.removeGroup(XceiverServerRatis.java:826)
	at org.apache.hadoop.ozone.container.common.statemachine.commandhandler.ClosePipelineCommandHandler.handle(ClosePipelineCommandHandler.java:74)
	at org.apache.hadoop.ozone.container.common.statemachine.commandhandler.CommandDispatcher.handle(CommandDispatcher.java:99)
	at org.apache.hadoop.ozone.container.common.statemachine.DatanodeStateMachine.lambda$initCommandHandlerThread$2(DatanodeStateMachine.java:506)
	at java.lang.Thread.run(Thread.java:748)
Caused by: org.apache.ratis.protocol.exceptions.GroupMismatchException: 8e81be81-8cf3-4cb2-af1f-2c1c9bc19b0e: Group group-76E48770978D not found.
	at org.apache.ratis.server.impl.RaftServerProxy.groupRemoveAsync(RaftServerProxy.java:504)
	at org.apache.ratis.server.impl.RaftServerProxy.groupManagementAsync(RaftServerProxy.java:460)
	at org.apache.ratis.server.impl.RaftServerProxy.groupManagement(RaftServerProxy.java:440)
	at org.apache.hadoop.ozone.container.common.transport.server.ratis.XceiverServerRatis.removeGroup(XceiverServerRatis.java:824)
	... 4 more
2021-05-19 07:42:38,897 [Command processor thread] WARN  server.RaftServer (RaftServerProxy.java:remove(101)) - 8e81be81-8cf3-4cb2-af1f-2c1c9bc19b0e: does not contain group: group-DECE5BE019F2
2021-05-19 07:42:38,897 [Command processor thread] ERROR commandhandler.ClosePipelineCommandHandler (ClosePipelineCommandHandler.java:handle(78)) - Can't close pipeline PipelineID=da74cb76-52a2-4b5c-bce9-dece5be019f2
java.io.IOException: 8e81be81-8cf3-4cb2-af1f-2c1c9bc19b0e: Group group-DECE5BE019F2 not found.
	at org.apache.hadoop.ozone.container.common.transport.server.ratis.XceiverServerRatis.removeGroup(XceiverServerRatis.java:826)
	at org.apache.hadoop.ozone.container.common.statemachine.commandhandler.ClosePipelineCommandHandler.handle(ClosePipelineCommandHandler.java:74)
	at org.apache.hadoop.ozone.container.common.statemachine.commandhandler.CommandDispatcher.handle(CommandDispatcher.java:99)
	at org.apache.hadoop.ozone.container.common.statemachine.DatanodeStateMachine.lambda$initCommandHandlerThread$2(DatanodeStateMachine.java:506)
	at java.lang.Thread.run(Thread.java:748)
Caused by: org.apache.ratis.protocol.exceptions.GroupMismatchException: 8e81be81-8cf3-4cb2-af1f-2c1c9bc19b0e: Group group-DECE5BE019F2 not found.
	at org.apache.ratis.server.impl.RaftServerProxy.groupRemoveAsync(RaftServerProxy.java:504)
	at org.apache.ratis.server.impl.RaftServerProxy.groupManagementAsync(RaftServerProxy.java:460)
	at org.apache.ratis.server.impl.RaftServerProxy.groupManagement(RaftServerProxy.java:440)
	at org.apache.hadoop.ozone.container.common.transport.server.ratis.XceiverServerRatis.removeGroup(XceiverServerRatis.java:824)
	... 4 more
2021-05-19 07:42:39,770 [Command processor thread] WARN  server.RaftServer (RaftServerProxy.java:remove(101)) - 68d4f79f-8ed5-4598-b947-57f9bc979c0e: does not contain group: group-AC6A57830C75
2021-05-19 07:42:39,770 [Command processor thread] ERROR commandhandler.ClosePipelineCommandHandler (ClosePipelineCommandHandler.java:handle(78)) - Can't close pipeline PipelineID=b2b3615b-70b0-4c95-a861-ac6a57830c75
java.io.IOException: 68d4f79f-8ed5-4598-b947-57f9bc979c0e: Group group-AC6A57830C75 not found.
	at org.apache.hadoop.ozone.container.common.transport.server.ratis.XceiverServerRatis.removeGroup(XceiverServerRatis.java:826)
	at org.apache.hadoop.ozone.container.common.statemachine.commandhandler.ClosePipelineCommandHandler.handle(ClosePipelineCommandHandler.java:74)
	at org.apache.hadoop.ozone.container.common.statemachine.commandhandler.CommandDispatcher.handle(CommandDispatcher.java:99)
	at org.apache.hadoop.ozone.container.common.statemachine.DatanodeStateMachine.lambda$initCommandHandlerThread$2(DatanodeStateMachine.java:506)
	at java.lang.Thread.run(Thread.java:748)
Caused by: org.apache.ratis.protocol.exceptions.GroupMismatchException: 68d4f79f-8ed5-4598-b947-57f9bc979c0e: Group group-AC6A57830C75 not found.
	at org.apache.ratis.server.impl.RaftServerProxy.groupRemoveAsync(RaftServerProxy.java:504)
	at org.apache.ratis.server.impl.RaftServerProxy.groupManagementAsync(RaftServerProxy.java:460)
	at org.apache.ratis.server.impl.RaftServerProxy.groupManagement(RaftServerProxy.java:440)
	at org.apache.hadoop.ozone.container.common.transport.server.ratis.XceiverServerRatis.removeGroup(XceiverServerRatis.java:824)
	... 4 more
2021-05-19 07:42:39,771 [Command processor thread] WARN  server.RaftServer (RaftServerProxy.java:remove(101)) - 68d4f79f-8ed5-4598-b947-57f9bc979c0e: does not contain group: group-76E48770978D
2021-05-19 07:42:39,771 [Command processor thread] ERROR commandhandler.ClosePipelineCommandHandler (ClosePipelineCommandHandler.java:handle(78)) - Can't close pipeline PipelineID=90d79207-282c-4ddc-b3c9-76e48770978d
java.io.IOException: 68d4f79f-8ed5-4598-b947-57f9bc979c0e: Group group-76E48770978D not found.
	at org.apache.hadoop.ozone.container.common.transport.server.ratis.XceiverServerRatis.removeGroup(XceiverServerRatis.java:826)
	at org.apache.hadoop.ozone.container.common.statemachine.commandhandler.ClosePipelineCommandHandler.handle(ClosePipelineCommandHandler.java:74)
	at org.apache.hadoop.ozone.container.common.statemachine.commandhandler.CommandDispatcher.handle(CommandDispatcher.java:99)
	at org.apache.hadoop.ozone.container.common.statemachine.DatanodeStateMachine.lambda$initCommandHandlerThread$2(DatanodeStateMachine.java:506)
	at java.lang.Thread.run(Thread.java:748)
Caused by: org.apache.ratis.protocol.exceptions.GroupMismatchException: 68d4f79f-8ed5-4598-b947-57f9bc979c0e: Group group-76E48770978D not found.
	at org.apache.ratis.server.impl.RaftServerProxy.groupRemoveAsync(RaftServerProxy.java:504)
	at org.apache.ratis.server.impl.RaftServerProxy.groupManagementAsync(RaftServerProxy.java:460)
	at org.apache.ratis.server.impl.RaftServerProxy.groupManagement(RaftServerProxy.java:440)
	at org.apache.hadoop.ozone.container.common.transport.server.ratis.XceiverServerRatis.removeGroup(XceiverServerRatis.java:824)
	... 4 more
2021-05-19 07:42:39,771 [Command processor thread] WARN  server.RaftServer (RaftServerProxy.java:remove(101)) - 68d4f79f-8ed5-4598-b947-57f9bc979c0e: does not contain group: group-DECE5BE019F2
2021-05-19 07:42:39,771 [Command processor thread] ERROR commandhandler.ClosePipelineCommandHandler (ClosePipelineCommandHandler.java:handle(78)) - Can't close pipeline PipelineID=da74cb76-52a2-4b5c-bce9-dece5be019f2
java.io.IOException: 68d4f79f-8ed5-4598-b947-57f9bc979c0e: Group group-DECE5BE019F2 not found.
	at org.apache.hadoop.ozone.container.common.transport.server.ratis.XceiverServerRatis.removeGroup(XceiverServerRatis.java:826)
	at org.apache.hadoop.ozone.container.common.statemachine.commandhandler.ClosePipelineCommandHandler.handle(ClosePipelineCommandHandler.java:74)
	at org.apache.hadoop.ozone.container.common.statemachine.commandhandler.CommandDispatcher.handle(CommandDispatcher.java:99)
	at org.apache.hadoop.ozone.container.common.statemachine.DatanodeStateMachine.lambda$initCommandHandlerThread$2(DatanodeStateMachine.java:506)
	at java.lang.Thread.run(Thread.java:748)
Caused by: org.apache.ratis.protocol.exceptions.GroupMismatchException: 68d4f79f-8ed5-4598-b947-57f9bc979c0e: Group group-DECE5BE019F2 not found.
	at org.apache.ratis.server.impl.RaftServerProxy.groupRemoveAsync(RaftServerProxy.java:504)
	at org.apache.ratis.server.impl.RaftServerProxy.groupManagementAsync(RaftServerProxy.java:460)
	at org.apache.ratis.server.impl.RaftServerProxy.groupManagement(RaftServerProxy.java:440)
	at org.apache.hadoop.ozone.container.common.transport.server.ratis.XceiverServerRatis.removeGroup(XceiverServerRatis.java:824)
	... 4 more
2021-05-19 07:42:39,771 [Command processor thread] WARN  server.RaftServer (RaftServerProxy.java:remove(101)) - 68d4f79f-8ed5-4598-b947-57f9bc979c0e: does not contain group: group-AC6A57830C75
2021-05-19 07:42:39,771 [Command processor thread] ERROR commandhandler.ClosePipelineCommandHandler (ClosePipelineCommandHandler.java:handle(78)) - Can't close pipeline PipelineID=b2b3615b-70b0-4c95-a861-ac6a57830c75
java.io.IOException: 68d4f79f-8ed5-4598-b947-57f9bc979c0e: Group group-AC6A57830C75 not found.
	at org.apache.hadoop.ozone.container.common.transport.server.ratis.XceiverServerRatis.removeGroup(XceiverServerRatis.java:826)
	at org.apache.hadoop.ozone.container.common.statemachine.commandhandler.ClosePipelineCommandHandler.handle(ClosePipelineCommandHandler.java:74)
	at org.apache.hadoop.ozone.container.common.statemachine.commandhandler.CommandDispatcher.handle(CommandDispatcher.java:99)
	at org.apache.hadoop.ozone.container.common.statemachine.DatanodeStateMachine.lambda$initCommandHandlerThread$2(DatanodeStateMachine.java:506)
	at java.lang.Thread.run(Thread.java:748)
Caused by: org.apache.ratis.protocol.exceptions.GroupMismatchException: 68d4f79f-8ed5-4598-b947-57f9bc979c0e: Group group-AC6A57830C75 not found.
	at org.apache.ratis.server.impl.RaftServerProxy.groupRemoveAsync(RaftServerProxy.java:504)
	at org.apache.ratis.server.impl.RaftServerProxy.groupManagementAsync(RaftServerProxy.java:460)
	at org.apache.ratis.server.impl.RaftServerProxy.groupManagement(RaftServerProxy.java:440)
	at org.apache.hadoop.ozone.container.common.transport.server.ratis.XceiverServerRatis.removeGroup(XceiverServerRatis.java:824)
	... 4 more
2021-05-19 07:42:39,771 [Command processor thread] WARN  server.RaftServer (RaftServerProxy.java:remove(101)) - 68d4f79f-8ed5-4598-b947-57f9bc979c0e: does not contain group: group-76E48770978D
2021-05-19 07:42:39,771 [Command processor thread] ERROR commandhandler.ClosePipelineCommandHandler (ClosePipelineCommandHandler.java:handle(78)) - Can't close pipeline PipelineID=90d79207-282c-4ddc-b3c9-76e48770978d
java.io.IOException: 68d4f79f-8ed5-4598-b947-57f9bc979c0e: Group group-76E48770978D not found.
	at org.apache.hadoop.ozone.container.common.transport.server.ratis.XceiverServerRatis.removeGroup(XceiverServerRatis.java:826)
	at org.apache.hadoop.ozone.container.common.statemachine.commandhandler.ClosePipelineCommandHandler.handle(ClosePipelineCommandHandler.java:74)
	at org.apache.hadoop.ozone.container.common.statemachine.commandhandler.CommandDispatcher.handle(CommandDispatcher.java:99)
	at org.apache.hadoop.ozone.container.common.statemachine.DatanodeStateMachine.lambda$initCommandHandlerThread$2(DatanodeStateMachine.java:506)
	at java.lang.Thread.run(Thread.java:748)
Caused by: org.apache.ratis.protocol.exceptions.GroupMismatchException: 68d4f79f-8ed5-4598-b947-57f9bc979c0e: Group group-76E48770978D not found.
	at org.apache.ratis.server.impl.RaftServerProxy.groupRemoveAsync(RaftServerProxy.java:504)
	at org.apache.ratis.server.impl.RaftServerProxy.groupManagementAsync(RaftServerProxy.java:460)
	at org.apache.ratis.server.impl.RaftServerProxy.groupManagement(RaftServerProxy.java:440)
	at org.apache.hadoop.ozone.container.common.transport.server.ratis.XceiverServerRatis.removeGroup(XceiverServerRatis.java:824)
	... 4 more
2021-05-19 07:42:39,776 [Command processor thread] WARN  server.RaftServer (RaftServerProxy.java:remove(101)) - 68d4f79f-8ed5-4598-b947-57f9bc979c0e: does not contain group: group-DECE5BE019F2
2021-05-19 07:42:39,776 [Command processor thread] ERROR commandhandler.ClosePipelineCommandHandler (ClosePipelineCommandHandler.java:handle(78)) - Can't close pipeline PipelineID=da74cb76-52a2-4b5c-bce9-dece5be019f2
java.io.IOException: 68d4f79f-8ed5-4598-b947-57f9bc979c0e: Group group-DECE5BE019F2 not found.
	at org.apache.hadoop.ozone.container.common.transport.server.ratis.XceiverServerRatis.removeGroup(XceiverServerRatis.java:826)
	at org.apache.hadoop.ozone.container.common.statemachine.commandhandler.ClosePipelineCommandHandler.handle(ClosePipelineCommandHandler.java:74)
	at org.apache.hadoop.ozone.container.common.statemachine.commandhandler.CommandDispatcher.handle(CommandDispatcher.java:99)
	at org.apache.hadoop.ozone.container.common.statemachine.DatanodeStateMachine.lambda$initCommandHandlerThread$2(DatanodeStateMachine.java:506)
	at java.lang.Thread.run(Thread.java:748)
Caused by: org.apache.ratis.protocol.exceptions.GroupMismatchException: 68d4f79f-8ed5-4598-b947-57f9bc979c0e: Group group-DECE5BE019F2 not found.
	at org.apache.ratis.server.impl.RaftServerProxy.groupRemoveAsync(RaftServerProxy.java:504)
	at org.apache.ratis.server.impl.RaftServerProxy.groupManagementAsync(RaftServerProxy.java:460)
	at org.apache.ratis.server.impl.RaftServerProxy.groupManagement(RaftServerProxy.java:440)
	at org.apache.hadoop.ozone.container.common.transport.server.ratis.XceiverServerRatis.removeGroup(XceiverServerRatis.java:824)
	... 4 more
2021-05-19 07:42:39,776 [Command processor thread] WARN  server.RaftServer (RaftServerProxy.java:remove(101)) - 68d4f79f-8ed5-4598-b947-57f9bc979c0e: does not contain group: group-AC6A57830C75
2021-05-19 07:42:39,776 [Command processor thread] ERROR commandhandler.ClosePipelineCommandHandler (ClosePipelineCommandHandler.java:handle(78)) - Can't close pipeline PipelineID=b2b3615b-70b0-4c95-a861-ac6a57830c75
java.io.IOException: 68d4f79f-8ed5-4598-b947-57f9bc979c0e: Group group-AC6A57830C75 not found.
	at org.apache.hadoop.ozone.container.common.transport.server.ratis.XceiverServerRatis.removeGroup(XceiverServerRatis.java:826)
	at org.apache.hadoop.ozone.container.common.statemachine.commandhandler.ClosePipelineCommandHandler.handle(ClosePipelineCommandHandler.java:74)
	at org.apache.hadoop.ozone.container.common.statemachine.commandhandler.CommandDispatcher.handle(CommandDispatcher.java:99)
	at org.apache.hadoop.ozone.container.common.statemachine.DatanodeStateMachine.lambda$initCommandHandlerThread$2(DatanodeStateMachine.java:506)
	at java.lang.Thread.run(Thread.java:748)
Caused by: org.apache.ratis.protocol.exceptions.GroupMismatchException: 68d4f79f-8ed5-4598-b947-57f9bc979c0e: Group group-AC6A57830C75 not found.
	at org.apache.ratis.server.impl.RaftServerProxy.groupRemoveAsync(RaftServerProxy.java:504)
	at org.apache.ratis.server.impl.RaftServerProxy.groupManagementAsync(RaftServerProxy.java:460)
	at org.apache.ratis.server.impl.RaftServerProxy.groupManagement(RaftServerProxy.java:440)
	at org.apache.hadoop.ozone.container.common.transport.server.ratis.XceiverServerRatis.removeGroup(XceiverServerRatis.java:824)
	... 4 more
2021-05-19 07:42:39,776 [Command processor thread] WARN  server.RaftServer (RaftServerProxy.java:remove(101)) - 68d4f79f-8ed5-4598-b947-57f9bc979c0e: does not contain group: group-76E48770978D
2021-05-19 07:42:39,776 [Command processor thread] ERROR commandhandler.ClosePipelineCommandHandler (ClosePipelineCommandHandler.java:handle(78)) - Can't close pipeline PipelineID=90d79207-282c-4ddc-b3c9-76e48770978d
java.io.IOException: 68d4f79f-8ed5-4598-b947-57f9bc979c0e: Group group-76E48770978D not found.
	at org.apache.hadoop.ozone.container.common.transport.server.ratis.XceiverServerRatis.removeGroup(XceiverServerRatis.java:826)
	at org.apache.hadoop.ozone.container.common.statemachine.commandhandler.ClosePipelineCommandHandler.handle(ClosePipelineCommandHandler.java:74)
	at org.apache.hadoop.ozone.container.common.statemachine.commandhandler.CommandDispatcher.handle(CommandDispatcher.java:99)
	at org.apache.hadoop.ozone.container.common.statemachine.DatanodeStateMachine.lambda$initCommandHandlerThread$2(DatanodeStateMachine.java:506)
	at java.lang.Thread.run(Thread.java:748)
Caused by: org.apache.ratis.protocol.exceptions.GroupMismatchException: 68d4f79f-8ed5-4598-b947-57f9bc979c0e: Group group-76E48770978D not found.
	at org.apache.ratis.server.impl.RaftServerProxy.groupRemoveAsync(RaftServerProxy.java:504)
	at org.apache.ratis.server.impl.RaftServerProxy.groupManagementAsync(RaftServerProxy.java:460)
	at org.apache.ratis.server.impl.RaftServerProxy.groupManagement(RaftServerProxy.java:440)
	at org.apache.hadoop.ozone.container.common.transport.server.ratis.XceiverServerRatis.removeGroup(XceiverServerRatis.java:824)
	... 4 more
2021-05-19 07:42:39,776 [Command processor thread] WARN  server.RaftServer (RaftServerProxy.java:remove(101)) - 68d4f79f-8ed5-4598-b947-57f9bc979c0e: does not contain group: group-DECE5BE019F2
2021-05-19 07:42:39,776 [Command processor thread] ERROR commandhandler.ClosePipelineCommandHandler (ClosePipelineCommandHandler.java:handle(78)) - Can't close pipeline PipelineID=da74cb76-52a2-4b5c-bce9-dece5be019f2
java.io.IOException: 68d4f79f-8ed5-4598-b947-57f9bc979c0e: Group group-DECE5BE019F2 not found.
	at org.apache.hadoop.ozone.container.common.transport.server.ratis.XceiverServerRatis.removeGroup(XceiverServerRatis.java:826)
	at org.apache.hadoop.ozone.container.common.statemachine.commandhandler.ClosePipelineCommandHandler.handle(ClosePipelineCommandHandler.java:74)
	at org.apache.hadoop.ozone.container.common.statemachine.commandhandler.CommandDispatcher.handle(CommandDispatcher.java:99)
	at org.apache.hadoop.ozone.container.common.statemachine.DatanodeStateMachine.lambda$initCommandHandlerThread$2(DatanodeStateMachine.java:506)
	at java.lang.Thread.run(Thread.java:748)
Caused by: org.apache.ratis.protocol.exceptions.GroupMismatchException: 68d4f79f-8ed5-4598-b947-57f9bc979c0e: Group group-DECE5BE019F2 not found.
	at org.apache.ratis.server.impl.RaftServerProxy.groupRemoveAsync(RaftServerProxy.java:504)
	at org.apache.ratis.server.impl.RaftServerProxy.groupManagementAsync(RaftServerProxy.java:460)
	at org.apache.ratis.server.impl.RaftServerProxy.groupManagement(RaftServerProxy.java:440)
	at org.apache.hadoop.ozone.container.common.transport.server.ratis.XceiverServerRatis.removeGroup(XceiverServerRatis.java:824)
	... 4 more
2021-05-19 07:42:40,896 [Command processor thread] WARN  server.RaftServer (RaftServerProxy.java:remove(101)) - 8e81be81-8cf3-4cb2-af1f-2c1c9bc19b0e: does not contain group: group-AC6A57830C75
2021-05-19 07:42:40,897 [Command processor thread] ERROR commandhandler.ClosePipelineCommandHandler (ClosePipelineCommandHandler.java:handle(78)) - Can't close pipeline PipelineID=b2b3615b-70b0-4c95-a861-ac6a57830c75
java.io.IOException: 8e81be81-8cf3-4cb2-af1f-2c1c9bc19b0e: Group group-AC6A57830C75 not found.
	at org.apache.hadoop.ozone.container.common.transport.server.ratis.XceiverServerRatis.removeGroup(XceiverServerRatis.java:826)
	at org.apache.hadoop.ozone.container.common.statemachine.commandhandler.ClosePipelineCommandHandler.handle(ClosePipelineCommandHandler.java:74)
	at org.apache.hadoop.ozone.container.common.statemachine.commandhandler.CommandDispatcher.handle(CommandDispatcher.java:99)
	at org.apache.hadoop.ozone.container.common.statemachine.DatanodeStateMachine.lambda$initCommandHandlerThread$2(DatanodeStateMachine.java:506)
	at java.lang.Thread.run(Thread.java:748)
Caused by: org.apache.ratis.protocol.exceptions.GroupMismatchException: 8e81be81-8cf3-4cb2-af1f-2c1c9bc19b0e: Group group-AC6A57830C75 not found.
	at org.apache.ratis.server.impl.RaftServerProxy.groupRemoveAsync(RaftServerProxy.java:504)
	at org.apache.ratis.server.impl.RaftServerProxy.groupManagementAsync(RaftServerProxy.java:460)
	at org.apache.ratis.server.impl.RaftServerProxy.groupManagement(RaftServerProxy.java:440)
	at org.apache.hadoop.ozone.container.common.transport.server.ratis.XceiverServerRatis.removeGroup(XceiverServerRatis.java:824)
	... 4 more
2021-05-19 07:42:40,897 [Command processor thread] WARN  server.RaftServer (RaftServerProxy.java:remove(101)) - 8e81be81-8cf3-4cb2-af1f-2c1c9bc19b0e: does not contain group: group-76E48770978D
2021-05-19 07:42:40,897 [Command processor thread] ERROR commandhandler.ClosePipelineCommandHandler (ClosePipelineCommandHandler.java:handle(78)) - Can't close pipeline PipelineID=90d79207-282c-4ddc-b3c9-76e48770978d
java.io.IOException: 8e81be81-8cf3-4cb2-af1f-2c1c9bc19b0e: Group group-76E48770978D not found.
	at org.apache.hadoop.ozone.container.common.transport.server.ratis.XceiverServerRatis.removeGroup(XceiverServerRatis.java:826)
	at org.apache.hadoop.ozone.container.common.statemachine.commandhandler.ClosePipelineCommandHandler.handle(ClosePipelineCommandHandler.java:74)
	at org.apache.hadoop.ozone.container.common.statemachine.commandhandler.CommandDispatcher.handle(CommandDispatcher.java:99)
	at org.apache.hadoop.ozone.container.common.statemachine.DatanodeStateMachine.lambda$initCommandHandlerThread$2(DatanodeStateMachine.java:506)
	at java.lang.Thread.run(Thread.java:748)
Caused by: org.apache.ratis.protocol.exceptions.GroupMismatchException: 8e81be81-8cf3-4cb2-af1f-2c1c9bc19b0e: Group group-76E48770978D not found.
	at org.apache.ratis.server.impl.RaftServerProxy.groupRemoveAsync(RaftServerProxy.java:504)
	at org.apache.ratis.server.impl.RaftServerProxy.groupManagementAsync(RaftServerProxy.java:460)
	at org.apache.ratis.server.impl.RaftServerProxy.groupManagement(RaftServerProxy.java:440)
	at org.apache.hadoop.ozone.container.common.transport.server.ratis.XceiverServerRatis.removeGroup(XceiverServerRatis.java:824)
	... 4 more
2021-05-19 07:42:40,897 [Command processor thread] WARN  server.RaftServer (RaftServerProxy.java:remove(101)) - 8e81be81-8cf3-4cb2-af1f-2c1c9bc19b0e: does not contain group: group-DECE5BE019F2
2021-05-19 07:42:40,897 [Command processor thread] ERROR commandhandler.ClosePipelineCommandHandler (ClosePipelineCommandHandler.java:handle(78)) - Can't close pipeline PipelineID=da74cb76-52a2-4b5c-bce9-dece5be019f2
java.io.IOException: 8e81be81-8cf3-4cb2-af1f-2c1c9bc19b0e: Group group-DECE5BE019F2 not found.
	at org.apache.hadoop.ozone.container.common.transport.server.ratis.XceiverServerRatis.removeGroup(XceiverServerRatis.java:826)
	at org.apache.hadoop.ozone.container.common.statemachine.commandhandler.ClosePipelineCommandHandler.handle(ClosePipelineCommandHandler.java:74)
	at org.apache.hadoop.ozone.container.common.statemachine.commandhandler.CommandDispatcher.handle(CommandDispatcher.java:99)
	at org.apache.hadoop.ozone.container.common.statemachine.DatanodeStateMachine.lambda$initCommandHandlerThread$2(DatanodeStateMachine.java:506)
	at java.lang.Thread.run(Thread.java:748)
Caused by: org.apache.ratis.protocol.exceptions.GroupMismatchException: 8e81be81-8cf3-4cb2-af1f-2c1c9bc19b0e: Group group-DECE5BE019F2 not found.
	at org.apache.ratis.server.impl.RaftServerProxy.groupRemoveAsync(RaftServerProxy.java:504)
	at org.apache.ratis.server.impl.RaftServerProxy.groupManagementAsync(RaftServerProxy.java:460)
	at org.apache.ratis.server.impl.RaftServerProxy.groupManagement(RaftServerProxy.java:440)
	at org.apache.hadoop.ozone.container.common.transport.server.ratis.XceiverServerRatis.removeGroup(XceiverServerRatis.java:824)
	... 4 more
2021-05-19 07:42:40,897 [Command processor thread] WARN  server.RaftServer (RaftServerProxy.java:remove(101)) - 8e81be81-8cf3-4cb2-af1f-2c1c9bc19b0e: does not contain group: group-AC6A57830C75
2021-05-19 07:42:40,897 [Command processor thread] ERROR commandhandler.ClosePipelineCommandHandler (ClosePipelineCommandHandler.java:handle(78)) - Can't close pipeline PipelineID=b2b3615b-70b0-4c95-a861-ac6a57830c75
java.io.IOException: 8e81be81-8cf3-4cb2-af1f-2c1c9bc19b0e: Group group-AC6A57830C75 not found.
	at org.apache.hadoop.ozone.container.common.transport.server.ratis.XceiverServerRatis.removeGroup(XceiverServerRatis.java:826)
	at org.apache.hadoop.ozone.container.common.statemachine.commandhandler.ClosePipelineCommandHandler.handle(ClosePipelineCommandHandler.java:74)
	at org.apache.hadoop.ozone.container.common.statemachine.commandhandler.CommandDispatcher.handle(CommandDispatcher.java:99)
	at org.apache.hadoop.ozone.container.common.statemachine.DatanodeStateMachine.lambda$initCommandHandlerThread$2(DatanodeStateMachine.java:506)
	at java.lang.Thread.run(Thread.java:748)
Caused by: org.apache.ratis.protocol.exceptions.GroupMismatchException: 8e81be81-8cf3-4cb2-af1f-2c1c9bc19b0e: Group group-AC6A57830C75 not found.
	at org.apache.ratis.server.impl.RaftServerProxy.groupRemoveAsync(RaftServerProxy.java:504)
	at org.apache.ratis.server.impl.RaftServerProxy.groupManagementAsync(RaftServerProxy.java:460)
	at org.apache.ratis.server.impl.RaftServerProxy.groupManagement(RaftServerProxy.java:440)
	at org.apache.hadoop.ozone.container.common.transport.server.ratis.XceiverServerRatis.removeGroup(XceiverServerRatis.java:824)
	... 4 more
2021-05-19 07:42:40,897 [Command processor thread] WARN  server.RaftServer (RaftServerProxy.java:remove(101)) - 8e81be81-8cf3-4cb2-af1f-2c1c9bc19b0e: does not contain group: group-76E48770978D
2021-05-19 07:42:40,897 [Command processor thread] ERROR commandhandler.ClosePipelineCommandHandler (ClosePipelineCommandHandler.java:handle(78)) - Can't close pipeline PipelineID=90d79207-282c-4ddc-b3c9-76e48770978d
java.io.IOException: 8e81be81-8cf3-4cb2-af1f-2c1c9bc19b0e: Group group-76E48770978D not found.
	at org.apache.hadoop.ozone.container.common.transport.server.ratis.XceiverServerRatis.removeGroup(XceiverServerRatis.java:826)
	at org.apache.hadoop.ozone.container.common.statemachine.commandhandler.ClosePipelineCommandHandler.handle(ClosePipelineCommandHandler.java:74)
	at org.apache.hadoop.ozone.container.common.statemachine.commandhandler.CommandDispatcher.handle(CommandDispatcher.java:99)
	at org.apache.hadoop.ozone.container.common.statemachine.DatanodeStateMachine.lambda$initCommandHandlerThread$2(DatanodeStateMachine.java:506)
	at java.lang.Thread.run(Thread.java:748)
Caused by: org.apache.ratis.protocol.exceptions.GroupMismatchException: 8e81be81-8cf3-4cb2-af1f-2c1c9bc19b0e: Group group-76E48770978D not found.
	at org.apache.ratis.server.impl.RaftServerProxy.groupRemoveAsync(RaftServerProxy.java:504)
	at org.apache.ratis.server.impl.RaftServerProxy.groupManagementAsync(RaftServerProxy.java:460)
	at org.apache.ratis.server.impl.RaftServerProxy.groupManagement(RaftServerProxy.java:440)
	at org.apache.hadoop.ozone.container.common.transport.server.ratis.XceiverServerRatis.removeGroup(XceiverServerRatis.java:824)
	... 4 more
2021-05-19 07:42:40,898 [Command processor thread] WARN  server.RaftServer (RaftServerProxy.java:remove(101)) - 8e81be81-8cf3-4cb2-af1f-2c1c9bc19b0e: does not contain group: group-DECE5BE019F2
2021-05-19 07:42:40,898 [Command processor thread] ERROR commandhandler.ClosePipelineCommandHandler (ClosePipelineCommandHandler.java:handle(78)) - Can't close pipeline PipelineID=da74cb76-52a2-4b5c-bce9-dece5be019f2
java.io.IOException: 8e81be81-8cf3-4cb2-af1f-2c1c9bc19b0e: Group group-DECE5BE019F2 not found.
	at org.apache.hadoop.ozone.container.common.transport.server.ratis.XceiverServerRatis.removeGroup(XceiverServerRatis.java:826)
	at org.apache.hadoop.ozone.container.common.statemachine.commandhandler.ClosePipelineCommandHandler.handle(ClosePipelineCommandHandler.java:74)
	at org.apache.hadoop.ozone.container.common.statemachine.commandhandler.CommandDispatcher.handle(CommandDispatcher.java:99)
	at org.apache.hadoop.ozone.container.common.statemachine.DatanodeStateMachine.lambda$initCommandHandlerThread$2(DatanodeStateMachine.java:506)
	at java.lang.Thread.run(Thread.java:748)
Caused by: org.apache.ratis.protocol.exceptions.GroupMismatchException: 8e81be81-8cf3-4cb2-af1f-2c1c9bc19b0e: Group group-DECE5BE019F2 not found.
	at org.apache.ratis.server.impl.RaftServerProxy.groupRemoveAsync(RaftServerProxy.java:504)
	at org.apache.ratis.server.impl.RaftServerProxy.groupManagementAsync(RaftServerProxy.java:460)
	at org.apache.ratis.server.impl.RaftServerProxy.groupManagement(RaftServerProxy.java:440)
	at org.apache.hadoop.ozone.container.common.transport.server.ratis.XceiverServerRatis.removeGroup(XceiverServerRatis.java:824)
	... 4 more
2021-05-19 07:42:41,771 [Command processor thread] WARN  server.RaftServer (RaftServerProxy.java:remove(101)) - 68d4f79f-8ed5-4598-b947-57f9bc979c0e: does not contain group: group-AC6A57830C75
2021-05-19 07:42:41,771 [Command processor thread] ERROR commandhandler.ClosePipelineCommandHandler (ClosePipelineCommandHandler.java:handle(78)) - Can't close pipeline PipelineID=b2b3615b-70b0-4c95-a861-ac6a57830c75
java.io.IOException: 68d4f79f-8ed5-4598-b947-57f9bc979c0e: Group group-AC6A57830C75 not found.
	at org.apache.hadoop.ozone.container.common.transport.server.ratis.XceiverServerRatis.removeGroup(XceiverServerRatis.java:826)
	at org.apache.hadoop.ozone.container.common.statemachine.commandhandler.ClosePipelineCommandHandler.handle(ClosePipelineCommandHandler.java:74)
	at org.apache.hadoop.ozone.container.common.statemachine.commandhandler.CommandDispatcher.handle(CommandDispatcher.java:99)
	at org.apache.hadoop.ozone.container.common.statemachine.DatanodeStateMachine.lambda$initCommandHandlerThread$2(DatanodeStateMachine.java:506)
	at java.lang.Thread.run(Thread.java:748)
Caused by: org.apache.ratis.protocol.exceptions.GroupMismatchException: 68d4f79f-8ed5-4598-b947-57f9bc979c0e: Group group-AC6A57830C75 not found.
	at org.apache.ratis.server.impl.RaftServerProxy.groupRemoveAsync(RaftServerProxy.java:504)
	at org.apache.ratis.server.impl.RaftServerProxy.groupManagementAsync(RaftServerProxy.java:460)
	at org.apache.ratis.server.impl.RaftServerProxy.groupManagement(RaftServerProxy.java:440)
	at org.apache.hadoop.ozone.container.common.transport.server.ratis.XceiverServerRatis.removeGroup(XceiverServerRatis.java:824)
	... 4 more
2021-05-19 07:42:41,771 [Command processor thread] WARN  server.RaftServer (RaftServerProxy.java:remove(101)) - 68d4f79f-8ed5-4598-b947-57f9bc979c0e: does not contain group: group-76E48770978D
2021-05-19 07:42:41,771 [Command processor thread] ERROR commandhandler.ClosePipelineCommandHandler (ClosePipelineCommandHandler.java:handle(78)) - Can't close pipeline PipelineID=90d79207-282c-4ddc-b3c9-76e48770978d
java.io.IOException: 68d4f79f-8ed5-4598-b947-57f9bc979c0e: Group group-76E48770978D not found.
	at org.apache.hadoop.ozone.container.common.transport.server.ratis.XceiverServerRatis.removeGroup(XceiverServerRatis.java:826)
	at org.apache.hadoop.ozone.container.common.statemachine.commandhandler.ClosePipelineCommandHandler.handle(ClosePipelineCommandHandler.java:74)
	at org.apache.hadoop.ozone.container.common.statemachine.commandhandler.CommandDispatcher.handle(CommandDispatcher.java:99)
	at org.apache.hadoop.ozone.container.common.statemachine.DatanodeStateMachine.lambda$initCommandHandlerThread$2(DatanodeStateMachine.java:506)
	at java.lang.Thread.run(Thread.java:748)
Caused by: org.apache.ratis.protocol.exceptions.GroupMismatchException: 68d4f79f-8ed5-4598-b947-57f9bc979c0e: Group group-76E48770978D not found.
	at org.apache.ratis.server.impl.RaftServerProxy.groupRemoveAsync(RaftServerProxy.java:504)
	at org.apache.ratis.server.impl.RaftServerProxy.groupManagementAsync(RaftServerProxy.java:460)
	at org.apache.ratis.server.impl.RaftServerProxy.groupManagement(RaftServerProxy.java:440)
	at org.apache.hadoop.ozone.container.common.transport.server.ratis.XceiverServerRatis.removeGroup(XceiverServerRatis.java:824)
	... 4 more
2021-05-19 07:42:41,771 [Command processor thread] WARN  server.RaftServer (RaftServerProxy.java:remove(101)) - 68d4f79f-8ed5-4598-b947-57f9bc979c0e: does not contain group: group-DECE5BE019F2
2021-05-19 07:42:41,771 [Command processor thread] ERROR commandhandler.ClosePipelineCommandHandler (ClosePipelineCommandHandler.java:handle(78)) - Can't close pipeline PipelineID=da74cb76-52a2-4b5c-bce9-dece5be019f2
java.io.IOException: 68d4f79f-8ed5-4598-b947-57f9bc979c0e: Group group-DECE5BE019F2 not found.
	at org.apache.hadoop.ozone.container.common.transport.server.ratis.XceiverServerRatis.removeGroup(XceiverServerRatis.java:826)
	at org.apache.hadoop.ozone.container.common.statemachine.commandhandler.ClosePipelineCommandHandler.handle(ClosePipelineCommandHandler.java:74)
	at org.apache.hadoop.ozone.container.common.statemachine.commandhandler.CommandDispatcher.handle(CommandDispatcher.java:99)
	at org.apache.hadoop.ozone.container.common.statemachine.DatanodeStateMachine.lambda$initCommandHandlerThread$2(DatanodeStateMachine.java:506)
	at java.lang.Thread.run(Thread.java:748)
Caused by: org.apache.ratis.protocol.exceptions.GroupMismatchException: 68d4f79f-8ed5-4598-b947-57f9bc979c0e: Group group-DECE5BE019F2 not found.
	at org.apache.ratis.server.impl.RaftServerProxy.groupRemoveAsync(RaftServerProxy.java:504)
	at org.apache.ratis.server.impl.RaftServerProxy.groupManagementAsync(RaftServerProxy.java:460)
	at org.apache.ratis.server.impl.RaftServerProxy.groupManagement(RaftServerProxy.java:440)
	at org.apache.hadoop.ozone.container.common.transport.server.ratis.XceiverServerRatis.removeGroup(XceiverServerRatis.java:824)
	... 4 more
2021-05-19 07:42:42,896 [Command processor thread] WARN  server.RaftServer (RaftServerProxy.java:remove(101)) - 8e81be81-8cf3-4cb2-af1f-2c1c9bc19b0e: does not contain group: group-AC6A57830C75
2021-05-19 07:42:42,896 [Command processor thread] ERROR commandhandler.ClosePipelineCommandHandler (ClosePipelineCommandHandler.java:handle(78)) - Can't close pipeline PipelineID=b2b3615b-70b0-4c95-a861-ac6a57830c75
java.io.IOException: 8e81be81-8cf3-4cb2-af1f-2c1c9bc19b0e: Group group-AC6A57830C75 not found.
	at org.apache.hadoop.ozone.container.common.transport.server.ratis.XceiverServerRatis.removeGroup(XceiverServerRatis.java:826)
	at org.apache.hadoop.ozone.container.common.statemachine.commandhandler.ClosePipelineCommandHandler.handle(ClosePipelineCommandHandler.java:74)
	at org.apache.hadoop.ozone.container.common.statemachine.commandhandler.CommandDispatcher.handle(CommandDispatcher.java:99)
	at org.apache.hadoop.ozone.container.common.statemachine.DatanodeStateMachine.lambda$initCommandHandlerThread$2(DatanodeStateMachine.java:506)
	at java.lang.Thread.run(Thread.java:748)
Caused by: org.apache.ratis.protocol.exceptions.GroupMismatchException: 8e81be81-8cf3-4cb2-af1f-2c1c9bc19b0e: Group group-AC6A57830C75 not found.
	at org.apache.ratis.server.impl.RaftServerProxy.groupRemoveAsync(RaftServerProxy.java:504)
	at org.apache.ratis.server.impl.RaftServerProxy.groupManagementAsync(RaftServerProxy.java:460)
	at org.apache.ratis.server.impl.RaftServerProxy.groupManagement(RaftServerProxy.java:440)
	at org.apache.hadoop.ozone.container.common.transport.server.ratis.XceiverServerRatis.removeGroup(XceiverServerRatis.java:824)
	... 4 more
2021-05-19 07:42:42,896 [Command processor thread] WARN  server.RaftServer (RaftServerProxy.java:remove(101)) - 8e81be81-8cf3-4cb2-af1f-2c1c9bc19b0e: does not contain group: group-76E48770978D
2021-05-19 07:42:42,897 [Command processor thread] ERROR commandhandler.ClosePipelineCommandHandler (ClosePipelineCommandHandler.java:handle(78)) - Can't close pipeline PipelineID=90d79207-282c-4ddc-b3c9-76e48770978d
java.io.IOException: 8e81be81-8cf3-4cb2-af1f-2c1c9bc19b0e: Group group-76E48770978D not found.
	at org.apache.hadoop.ozone.container.common.transport.server.ratis.XceiverServerRatis.removeGroup(XceiverServerRatis.java:826)
	at org.apache.hadoop.ozone.container.common.statemachine.commandhandler.ClosePipelineCommandHandler.handle(ClosePipelineCommandHandler.java:74)
	at org.apache.hadoop.ozone.container.common.statemachine.commandhandler.CommandDispatcher.handle(CommandDispatcher.java:99)
	at org.apache.hadoop.ozone.container.common.statemachine.DatanodeStateMachine.lambda$initCommandHandlerThread$2(DatanodeStateMachine.java:506)
	at java.lang.Thread.run(Thread.java:748)
Caused by: org.apache.ratis.protocol.exceptions.GroupMismatchException: 8e81be81-8cf3-4cb2-af1f-2c1c9bc19b0e: Group group-76E48770978D not found.
	at org.apache.ratis.server.impl.RaftServerProxy.groupRemoveAsync(RaftServerProxy.java:504)
	at org.apache.ratis.server.impl.RaftServerProxy.groupManagementAsync(RaftServerProxy.java:460)
	at org.apache.ratis.server.impl.RaftServerProxy.groupManagement(RaftServerProxy.java:440)
	at org.apache.hadoop.ozone.container.common.transport.server.ratis.XceiverServerRatis.removeGroup(XceiverServerRatis.java:824)
	... 4 more
2021-05-19 07:42:42,897 [Command processor thread] WARN  server.RaftServer (RaftServerProxy.java:remove(101)) - 8e81be81-8cf3-4cb2-af1f-2c1c9bc19b0e: does not contain group: group-DECE5BE019F2
2021-05-19 07:42:42,897 [Command processor thread] ERROR commandhandler.ClosePipelineCommandHandler (ClosePipelineCommandHandler.java:handle(78)) - Can't close pipeline PipelineID=da74cb76-52a2-4b5c-bce9-dece5be019f2
java.io.IOException: 8e81be81-8cf3-4cb2-af1f-2c1c9bc19b0e: Group group-DECE5BE019F2 not found.
	at org.apache.hadoop.ozone.container.common.transport.server.ratis.XceiverServerRatis.removeGroup(XceiverServerRatis.java:826)
	at org.apache.hadoop.ozone.container.common.statemachine.commandhandler.ClosePipelineCommandHandler.handle(ClosePipelineCommandHandler.java:74)
	at org.apache.hadoop.ozone.container.common.statemachine.commandhandler.CommandDispatcher.handle(CommandDispatcher.java:99)
	at org.apache.hadoop.ozone.container.common.statemachine.DatanodeStateMachine.lambda$initCommandHandlerThread$2(DatanodeStateMachine.java:506)
	at java.lang.Thread.run(Thread.java:748)
Caused by: org.apache.ratis.protocol.exceptions.GroupMismatchException: 8e81be81-8cf3-4cb2-af1f-2c1c9bc19b0e: Group group-DECE5BE019F2 not found.
	at org.apache.ratis.server.impl.RaftServerProxy.groupRemoveAsync(RaftServerProxy.java:504)
	at org.apache.ratis.server.impl.RaftServerProxy.groupManagementAsync(RaftServerProxy.java:460)
	at org.apache.ratis.server.impl.RaftServerProxy.groupManagement(RaftServerProxy.java:440)
	at org.apache.hadoop.ozone.container.common.transport.server.ratis.XceiverServerRatis.removeGroup(XceiverServerRatis.java:824)
	... 4 more
2021-05-19 07:42:42,897 [Command processor thread] WARN  server.RaftServer (RaftServerProxy.java:remove(101)) - 8e81be81-8cf3-4cb2-af1f-2c1c9bc19b0e: does not contain group: group-AC6A57830C75
2021-05-19 07:42:42,897 [Command processor thread] ERROR commandhandler.ClosePipelineCommandHandler (ClosePipelineCommandHandler.java:handle(78)) - Can't close pipeline PipelineID=b2b3615b-70b0-4c95-a861-ac6a57830c75
java.io.IOException: 8e81be81-8cf3-4cb2-af1f-2c1c9bc19b0e: Group group-AC6A57830C75 not found.
	at org.apache.hadoop.ozone.container.common.transport.server.ratis.XceiverServerRatis.removeGroup(XceiverServerRatis.java:826)
	at org.apache.hadoop.ozone.container.common.statemachine.commandhandler.ClosePipelineCommandHandler.handle(ClosePipelineCommandHandler.java:74)
	at org.apache.hadoop.ozone.container.common.statemachine.commandhandler.CommandDispatcher.handle(CommandDispatcher.java:99)
	at org.apache.hadoop.ozone.container.common.statemachine.DatanodeStateMachine.lambda$initCommandHandlerThread$2(DatanodeStateMachine.java:506)
	at java.lang.Thread.run(Thread.java:748)
Caused by: org.apache.ratis.protocol.exceptions.GroupMismatchException: 8e81be81-8cf3-4cb2-af1f-2c1c9bc19b0e: Group group-AC6A57830C75 not found.
	at org.apache.ratis.server.impl.RaftServerProxy.groupRemoveAsync(RaftServerProxy.java:504)
	at org.apache.ratis.server.impl.RaftServerProxy.groupManagementAsync(RaftServerProxy.java:460)
	at org.apache.ratis.server.impl.RaftServerProxy.groupManagement(RaftServerProxy.java:440)
	at org.apache.hadoop.ozone.container.common.transport.server.ratis.XceiverServerRatis.removeGroup(XceiverServerRatis.java:824)
	... 4 more
2021-05-19 07:42:42,897 [Command processor thread] WARN  server.RaftServer (RaftServerProxy.java:remove(101)) - 8e81be81-8cf3-4cb2-af1f-2c1c9bc19b0e: does not contain group: group-76E48770978D
2021-05-19 07:42:42,897 [Command processor thread] ERROR commandhandler.ClosePipelineCommandHandler (ClosePipelineCommandHandler.java:handle(78)) - Can't close pipeline PipelineID=90d79207-282c-4ddc-b3c9-76e48770978d
java.io.IOException: 8e81be81-8cf3-4cb2-af1f-2c1c9bc19b0e: Group group-76E48770978D not found.
	at org.apache.hadoop.ozone.container.common.transport.server.ratis.XceiverServerRatis.removeGroup(XceiverServerRatis.java:826)
	at org.apache.hadoop.ozone.container.common.statemachine.commandhandler.ClosePipelineCommandHandler.handle(ClosePipelineCommandHandler.java:74)
	at org.apache.hadoop.ozone.container.common.statemachine.commandhandler.CommandDispatcher.handle(CommandDispatcher.java:99)
	at org.apache.hadoop.ozone.container.common.statemachine.DatanodeStateMachine.lambda$initCommandHandlerThread$2(DatanodeStateMachine.java:506)
	at java.lang.Thread.run(Thread.java:748)
Caused by: org.apache.ratis.protocol.exceptions.GroupMismatchException: 8e81be81-8cf3-4cb2-af1f-2c1c9bc19b0e: Group group-76E48770978D not found.
	at org.apache.ratis.server.impl.RaftServerProxy.groupRemoveAsync(RaftServerProxy.java:504)
	at org.apache.ratis.server.impl.RaftServerProxy.groupManagementAsync(RaftServerProxy.java:460)
	at org.apache.ratis.server.impl.RaftServerProxy.groupManagement(RaftServerProxy.java:440)
	at org.apache.hadoop.ozone.container.common.transport.server.ratis.XceiverServerRatis.removeGroup(XceiverServerRatis.java:824)
	... 4 more
2021-05-19 07:42:42,897 [Command processor thread] WARN  server.RaftServer (RaftServerProxy.java:remove(101)) - 8e81be81-8cf3-4cb2-af1f-2c1c9bc19b0e: does not contain group: group-DECE5BE019F2
2021-05-19 07:42:42,897 [Command processor thread] ERROR commandhandler.ClosePipelineCommandHandler (ClosePipelineCommandHandler.java:handle(78)) - Can't close pipeline PipelineID=da74cb76-52a2-4b5c-bce9-dece5be019f2
java.io.IOException: 8e81be81-8cf3-4cb2-af1f-2c1c9bc19b0e: Group group-DECE5BE019F2 not found.
	at org.apache.hadoop.ozone.container.common.transport.server.ratis.XceiverServerRatis.removeGroup(XceiverServerRatis.java:826)
	at org.apache.hadoop.ozone.container.common.statemachine.commandhandler.ClosePipelineCommandHandler.handle(ClosePipelineCommandHandler.java:74)
	at org.apache.hadoop.ozone.container.common.statemachine.commandhandler.CommandDispatcher.handle(CommandDispatcher.java:99)
	at org.apache.hadoop.ozone.container.common.statemachine.DatanodeStateMachine.lambda$initCommandHandlerThread$2(DatanodeStateMachine.java:506)
	at java.lang.Thread.run(Thread.java:748)
Caused by: org.apache.ratis.protocol.exceptions.GroupMismatchException: 8e81be81-8cf3-4cb2-af1f-2c1c9bc19b0e: Group group-DECE5BE019F2 not found.
	at org.apache.ratis.server.impl.RaftServerProxy.groupRemoveAsync(RaftServerProxy.java:504)
	at org.apache.ratis.server.impl.RaftServerProxy.groupManagementAsync(RaftServerProxy.java:460)
	at org.apache.ratis.server.impl.RaftServerProxy.groupManagement(RaftServerProxy.java:440)
	at org.apache.hadoop.ozone.container.common.transport.server.ratis.XceiverServerRatis.removeGroup(XceiverServerRatis.java:824)
	... 4 more
2021-05-19 07:42:43,771 [Command processor thread] WARN  server.RaftServer (RaftServerProxy.java:remove(101)) - 68d4f79f-8ed5-4598-b947-57f9bc979c0e: does not contain group: group-AC6A57830C75
2021-05-19 07:42:43,771 [Command processor thread] ERROR commandhandler.ClosePipelineCommandHandler (ClosePipelineCommandHandler.java:handle(78)) - Can't close pipeline PipelineID=b2b3615b-70b0-4c95-a861-ac6a57830c75
java.io.IOException: 68d4f79f-8ed5-4598-b947-57f9bc979c0e: Group group-AC6A57830C75 not found.
	at org.apache.hadoop.ozone.container.common.transport.server.ratis.XceiverServerRatis.removeGroup(XceiverServerRatis.java:826)
	at org.apache.hadoop.ozone.container.common.statemachine.commandhandler.ClosePipelineCommandHandler.handle(ClosePipelineCommandHandler.java:74)
	at org.apache.hadoop.ozone.container.common.statemachine.commandhandler.CommandDispatcher.handle(CommandDispatcher.java:99)
	at org.apache.hadoop.ozone.container.common.statemachine.DatanodeStateMachine.lambda$initCommandHandlerThread$2(DatanodeStateMachine.java:506)
	at java.lang.Thread.run(Thread.java:748)
Caused by: org.apache.ratis.protocol.exceptions.GroupMismatchException: 68d4f79f-8ed5-4598-b947-57f9bc979c0e: Group group-AC6A57830C75 not found.
	at org.apache.ratis.server.impl.RaftServerProxy.groupRemoveAsync(RaftServerProxy.java:504)
	at org.apache.ratis.server.impl.RaftServerProxy.groupManagementAsync(RaftServerProxy.java:460)
	at org.apache.ratis.server.impl.RaftServerProxy.groupManagement(RaftServerProxy.java:440)
	at org.apache.hadoop.ozone.container.common.transport.server.ratis.XceiverServerRatis.removeGroup(XceiverServerRatis.java:824)
	... 4 more
2021-05-19 07:42:43,776 [Command processor thread] WARN  server.RaftServer (RaftServerProxy.java:remove(101)) - 68d4f79f-8ed5-4598-b947-57f9bc979c0e: does not contain group: group-76E48770978D
2021-05-19 07:42:43,776 [Command processor thread] ERROR commandhandler.ClosePipelineCommandHandler (ClosePipelineCommandHandler.java:handle(78)) - Can't close pipeline PipelineID=90d79207-282c-4ddc-b3c9-76e48770978d
java.io.IOException: 68d4f79f-8ed5-4598-b947-57f9bc979c0e: Group group-76E48770978D not found.
	at org.apache.hadoop.ozone.container.common.transport.server.ratis.XceiverServerRatis.removeGroup(XceiverServerRatis.java:826)
	at org.apache.hadoop.ozone.container.common.statemachine.commandhandler.ClosePipelineCommandHandler.handle(ClosePipelineCommandHandler.java:74)
	at org.apache.hadoop.ozone.container.common.statemachine.commandhandler.CommandDispatcher.handle(CommandDispatcher.java:99)
	at org.apache.hadoop.ozone.container.common.statemachine.DatanodeStateMachine.lambda$initCommandHandlerThread$2(DatanodeStateMachine.java:506)
	at java.lang.Thread.run(Thread.java:748)
Caused by: org.apache.ratis.protocol.exceptions.GroupMismatchException: 68d4f79f-8ed5-4598-b947-57f9bc979c0e: Group group-76E48770978D not found.
	at org.apache.ratis.server.impl.RaftServerProxy.groupRemoveAsync(RaftServerProxy.java:504)
	at org.apache.ratis.server.impl.RaftServerProxy.groupManagementAsync(RaftServerProxy.java:460)
	at org.apache.ratis.server.impl.RaftServerProxy.groupManagement(RaftServerProxy.java:440)
	at org.apache.hadoop.ozone.container.common.transport.server.ratis.XceiverServerRatis.removeGroup(XceiverServerRatis.java:824)
	... 4 more
2021-05-19 07:42:43,776 [Command processor thread] WARN  server.RaftServer (RaftServerProxy.java:remove(101)) - 68d4f79f-8ed5-4598-b947-57f9bc979c0e: does not contain group: group-DECE5BE019F2
2021-05-19 07:42:43,776 [Command processor thread] ERROR commandhandler.ClosePipelineCommandHandler (ClosePipelineCommandHandler.java:handle(78)) - Can't close pipeline PipelineID=da74cb76-52a2-4b5c-bce9-dece5be019f2
java.io.IOException: 68d4f79f-8ed5-4598-b947-57f9bc979c0e: Group group-DECE5BE019F2 not found.
	at org.apache.hadoop.ozone.container.common.transport.server.ratis.XceiverServerRatis.removeGroup(XceiverServerRatis.java:826)
	at org.apache.hadoop.ozone.container.common.statemachine.commandhandler.ClosePipelineCommandHandler.handle(ClosePipelineCommandHandler.java:74)
	at org.apache.hadoop.ozone.container.common.statemachine.commandhandler.CommandDispatcher.handle(CommandDispatcher.java:99)
	at org.apache.hadoop.ozone.container.common.statemachine.DatanodeStateMachine.lambda$initCommandHandlerThread$2(DatanodeStateMachine.java:506)
	at java.lang.Thread.run(Thread.java:748)
Caused by: org.apache.ratis.protocol.exceptions.GroupMismatchException: 68d4f79f-8ed5-4598-b947-57f9bc979c0e: Group group-DECE5BE019F2 not found.
	at org.apache.ratis.server.impl.RaftServerProxy.groupRemoveAsync(RaftServerProxy.java:504)
	at org.apache.ratis.server.impl.RaftServerProxy.groupManagementAsync(RaftServerProxy.java:460)
	at org.apache.ratis.server.impl.RaftServerProxy.groupManagement(RaftServerProxy.java:440)
	at org.apache.hadoop.ozone.container.common.transport.server.ratis.XceiverServerRatis.removeGroup(XceiverServerRatis.java:824)
	... 4 more
2021-05-19 07:42:43,776 [Command processor thread] WARN  server.RaftServer (RaftServerProxy.java:remove(101)) - 68d4f79f-8ed5-4598-b947-57f9bc979c0e: does not contain group: group-AC6A57830C75
2021-05-19 07:42:43,776 [Command processor thread] ERROR commandhandler.ClosePipelineCommandHandler (ClosePipelineCommandHandler.java:handle(78)) - Can't close pipeline PipelineID=b2b3615b-70b0-4c95-a861-ac6a57830c75
java.io.IOException: 68d4f79f-8ed5-4598-b947-57f9bc979c0e: Group group-AC6A57830C75 not found.
	at org.apache.hadoop.ozone.container.common.transport.server.ratis.XceiverServerRatis.removeGroup(XceiverServerRatis.java:826)
	at org.apache.hadoop.ozone.container.common.statemachine.commandhandler.ClosePipelineCommandHandler.handle(ClosePipelineCommandHandler.java:74)
	at org.apache.hadoop.ozone.container.common.statemachine.commandhandler.CommandDispatcher.handle(CommandDispatcher.java:99)
	at org.apache.hadoop.ozone.container.common.statemachine.DatanodeStateMachine.lambda$initCommandHandlerThread$2(DatanodeStateMachine.java:506)
	at java.lang.Thread.run(Thread.java:748)
Caused by: org.apache.ratis.protocol.exceptions.GroupMismatchException: 68d4f79f-8ed5-4598-b947-57f9bc979c0e: Group group-AC6A57830C75 not found.
	at org.apache.ratis.server.impl.RaftServerProxy.groupRemoveAsync(RaftServerProxy.java:504)
	at org.apache.ratis.server.impl.RaftServerProxy.groupManagementAsync(RaftServerProxy.java:460)
	at org.apache.ratis.server.impl.RaftServerProxy.groupManagement(RaftServerProxy.java:440)
	at org.apache.hadoop.ozone.container.common.transport.server.ratis.XceiverServerRatis.removeGroup(XceiverServerRatis.java:824)
	... 4 more
2021-05-19 07:42:43,776 [Command processor thread] WARN  server.RaftServer (RaftServerProxy.java:remove(101)) - 68d4f79f-8ed5-4598-b947-57f9bc979c0e: does not contain group: group-76E48770978D
2021-05-19 07:42:43,777 [Command processor thread] ERROR commandhandler.ClosePipelineCommandHandler (ClosePipelineCommandHandler.java:handle(78)) - Can't close pipeline PipelineID=90d79207-282c-4ddc-b3c9-76e48770978d
java.io.IOException: 68d4f79f-8ed5-4598-b947-57f9bc979c0e: Group group-76E48770978D not found.
	at org.apache.hadoop.ozone.container.common.transport.server.ratis.XceiverServerRatis.removeGroup(XceiverServerRatis.java:826)
	at org.apache.hadoop.ozone.container.common.statemachine.commandhandler.ClosePipelineCommandHandler.handle(ClosePipelineCommandHandler.java:74)
	at org.apache.hadoop.ozone.container.common.statemachine.commandhandler.CommandDispatcher.handle(CommandDispatcher.java:99)
	at org.apache.hadoop.ozone.container.common.statemachine.DatanodeStateMachine.lambda$initCommandHandlerThread$2(DatanodeStateMachine.java:506)
	at java.lang.Thread.run(Thread.java:748)
Caused by: org.apache.ratis.protocol.exceptions.GroupMismatchException: 68d4f79f-8ed5-4598-b947-57f9bc979c0e: Group group-76E48770978D not found.
	at org.apache.ratis.server.impl.RaftServerProxy.groupRemoveAsync(RaftServerProxy.java:504)
	at org.apache.ratis.server.impl.RaftServerProxy.groupManagementAsync(RaftServerProxy.java:460)
	at org.apache.ratis.server.impl.RaftServerProxy.groupManagement(RaftServerProxy.java:440)
	at org.apache.hadoop.ozone.container.common.transport.server.ratis.XceiverServerRatis.removeGroup(XceiverServerRatis.java:824)
	... 4 more
2021-05-19 07:42:43,777 [Command processor thread] WARN  server.RaftServer (RaftServerProxy.java:remove(101)) - 68d4f79f-8ed5-4598-b947-57f9bc979c0e: does not contain group: group-DECE5BE019F2
2021-05-19 07:42:43,777 [Command processor thread] ERROR commandhandler.ClosePipelineCommandHandler (ClosePipelineCommandHandler.java:handle(78)) - Can't close pipeline PipelineID=da74cb76-52a2-4b5c-bce9-dece5be019f2
java.io.IOException: 68d4f79f-8ed5-4598-b947-57f9bc979c0e: Group group-DECE5BE019F2 not found.
	at org.apache.hadoop.ozone.container.common.transport.server.ratis.XceiverServerRatis.removeGroup(XceiverServerRatis.java:826)
	at org.apache.hadoop.ozone.container.common.statemachine.commandhandler.ClosePipelineCommandHandler.handle(ClosePipelineCommandHandler.java:74)
	at org.apache.hadoop.ozone.container.common.statemachine.commandhandler.CommandDispatcher.handle(CommandDispatcher.java:99)
	at org.apache.hadoop.ozone.container.common.statemachine.DatanodeStateMachine.lambda$initCommandHandlerThread$2(DatanodeStateMachine.java:506)
	at java.lang.Thread.run(Thread.java:748)
Caused by: org.apache.ratis.protocol.exceptions.GroupMismatchException: 68d4f79f-8ed5-4598-b947-57f9bc979c0e: Group group-DECE5BE019F2 not found.
	at org.apache.ratis.server.impl.RaftServerProxy.groupRemoveAsync(RaftServerProxy.java:504)
	at org.apache.ratis.server.impl.RaftServerProxy.groupManagementAsync(RaftServerProxy.java:460)
	at org.apache.ratis.server.impl.RaftServerProxy.groupManagement(RaftServerProxy.java:440)
	at org.apache.hadoop.ozone.container.common.transport.server.ratis.XceiverServerRatis.removeGroup(XceiverServerRatis.java:824)
	... 4 more
2021-05-19 07:42:44,897 [Command processor thread] WARN  server.RaftServer (RaftServerProxy.java:remove(101)) - 8e81be81-8cf3-4cb2-af1f-2c1c9bc19b0e: does not contain group: group-AC6A57830C75
2021-05-19 07:42:44,898 [Command processor thread] ERROR commandhandler.ClosePipelineCommandHandler (ClosePipelineCommandHandler.java:handle(78)) - Can't close pipeline PipelineID=b2b3615b-70b0-4c95-a861-ac6a57830c75
java.io.IOException: 8e81be81-8cf3-4cb2-af1f-2c1c9bc19b0e: Group group-AC6A57830C75 not found.
	at org.apache.hadoop.ozone.container.common.transport.server.ratis.XceiverServerRatis.removeGroup(XceiverServerRatis.java:826)
	at org.apache.hadoop.ozone.container.common.statemachine.commandhandler.ClosePipelineCommandHandler.handle(ClosePipelineCommandHandler.java:74)
	at org.apache.hadoop.ozone.container.common.statemachine.commandhandler.CommandDispatcher.handle(CommandDispatcher.java:99)
	at org.apache.hadoop.ozone.container.common.statemachine.DatanodeStateMachine.lambda$initCommandHandlerThread$2(DatanodeStateMachine.java:506)
	at java.lang.Thread.run(Thread.java:748)
Caused by: org.apache.ratis.protocol.exceptions.GroupMismatchException: 8e81be81-8cf3-4cb2-af1f-2c1c9bc19b0e: Group group-AC6A57830C75 not found.
	at org.apache.ratis.server.impl.RaftServerProxy.groupRemoveAsync(RaftServerProxy.java:504)
	at org.apache.ratis.server.impl.RaftServerProxy.groupManagementAsync(RaftServerProxy.java:460)
	at org.apache.ratis.server.impl.RaftServerProxy.groupManagement(RaftServerProxy.java:440)
	at org.apache.hadoop.ozone.container.common.transport.server.ratis.XceiverServerRatis.removeGroup(XceiverServerRatis.java:824)
	... 4 more
2021-05-19 07:42:44,898 [Command processor thread] WARN  server.RaftServer (RaftServerProxy.java:remove(101)) - 8e81be81-8cf3-4cb2-af1f-2c1c9bc19b0e: does not contain group: group-76E48770978D
2021-05-19 07:42:44,898 [Command processor thread] ERROR commandhandler.ClosePipelineCommandHandler (ClosePipelineCommandHandler.java:handle(78)) - Can't close pipeline PipelineID=90d79207-282c-4ddc-b3c9-76e48770978d
java.io.IOException: 8e81be81-8cf3-4cb2-af1f-2c1c9bc19b0e: Group group-76E48770978D not found.
	at org.apache.hadoop.ozone.container.common.transport.server.ratis.XceiverServerRatis.removeGroup(XceiverServerRatis.java:826)
	at org.apache.hadoop.ozone.container.common.statemachine.commandhandler.ClosePipelineCommandHandler.handle(ClosePipelineCommandHandler.java:74)
	at org.apache.hadoop.ozone.container.common.statemachine.commandhandler.CommandDispatcher.handle(CommandDispatcher.java:99)
	at org.apache.hadoop.ozone.container.common.statemachine.DatanodeStateMachine.lambda$initCommandHandlerThread$2(DatanodeStateMachine.java:506)
	at java.lang.Thread.run(Thread.java:748)
Caused by: org.apache.ratis.protocol.exceptions.GroupMismatchException: 8e81be81-8cf3-4cb2-af1f-2c1c9bc19b0e: Group group-76E48770978D not found.
	at org.apache.ratis.server.impl.RaftServerProxy.groupRemoveAsync(RaftServerProxy.java:504)
	at org.apache.ratis.server.impl.RaftServerProxy.groupManagementAsync(RaftServerProxy.java:460)
	at org.apache.ratis.server.impl.RaftServerProxy.groupManagement(RaftServerProxy.java:440)
	at org.apache.hadoop.ozone.container.common.transport.server.ratis.XceiverServerRatis.removeGroup(XceiverServerRatis.java:824)
	... 4 more
2021-05-19 07:42:44,898 [Command processor thread] WARN  server.RaftServer (RaftServerProxy.java:remove(101)) - 8e81be81-8cf3-4cb2-af1f-2c1c9bc19b0e: does not contain group: group-DECE5BE019F2
2021-05-19 07:42:44,898 [Command processor thread] ERROR commandhandler.ClosePipelineCommandHandler (ClosePipelineCommandHandler.java:handle(78)) - Can't close pipeline PipelineID=da74cb76-52a2-4b5c-bce9-dece5be019f2
java.io.IOException: 8e81be81-8cf3-4cb2-af1f-2c1c9bc19b0e: Group group-DECE5BE019F2 not found.
	at org.apache.hadoop.ozone.container.common.transport.server.ratis.XceiverServerRatis.removeGroup(XceiverServerRatis.java:826)
	at org.apache.hadoop.ozone.container.common.statemachine.commandhandler.ClosePipelineCommandHandler.handle(ClosePipelineCommandHandler.java:74)
	at org.apache.hadoop.ozone.container.common.statemachine.commandhandler.CommandDispatcher.handle(CommandDispatcher.java:99)
	at org.apache.hadoop.ozone.container.common.statemachine.DatanodeStateMachine.lambda$initCommandHandlerThread$2(DatanodeStateMachine.java:506)
	at java.lang.Thread.run(Thread.java:748)
Caused by: org.apache.ratis.protocol.exceptions.GroupMismatchException: 8e81be81-8cf3-4cb2-af1f-2c1c9bc19b0e: Group group-DECE5BE019F2 not found.
	at org.apache.ratis.server.impl.RaftServerProxy.groupRemoveAsync(RaftServerProxy.java:504)
	at org.apache.ratis.server.impl.RaftServerProxy.groupManagementAsync(RaftServerProxy.java:460)
	at org.apache.ratis.server.impl.RaftServerProxy.groupManagement(RaftServerProxy.java:440)
	at org.apache.hadoop.ozone.container.common.transport.server.ratis.XceiverServerRatis.removeGroup(XceiverServerRatis.java:824)
	... 4 more
2021-05-19 07:42:44,898 [Command processor thread] WARN  server.RaftServer (RaftServerProxy.java:remove(101)) - 8e81be81-8cf3-4cb2-af1f-2c1c9bc19b0e: does not contain group: group-AC6A57830C75
2021-05-19 07:42:44,898 [Command processor thread] ERROR commandhandler.ClosePipelineCommandHandler (ClosePipelineCommandHandler.java:handle(78)) - Can't close pipeline PipelineID=b2b3615b-70b0-4c95-a861-ac6a57830c75
java.io.IOException: 8e81be81-8cf3-4cb2-af1f-2c1c9bc19b0e: Group group-AC6A57830C75 not found.
	at org.apache.hadoop.ozone.container.common.transport.server.ratis.XceiverServerRatis.removeGroup(XceiverServerRatis.java:826)
	at org.apache.hadoop.ozone.container.common.statemachine.commandhandler.ClosePipelineCommandHandler.handle(ClosePipelineCommandHandler.java:74)
	at org.apache.hadoop.ozone.container.common.statemachine.commandhandler.CommandDispatcher.handle(CommandDispatcher.java:99)
	at org.apache.hadoop.ozone.container.common.statemachine.DatanodeStateMachine.lambda$initCommandHandlerThread$2(DatanodeStateMachine.java:506)
	at java.lang.Thread.run(Thread.java:748)
Caused by: org.apache.ratis.protocol.exceptions.GroupMismatchException: 8e81be81-8cf3-4cb2-af1f-2c1c9bc19b0e: Group group-AC6A57830C75 not found.
	at org.apache.ratis.server.impl.RaftServerProxy.groupRemoveAsync(RaftServerProxy.java:504)
	at org.apache.ratis.server.impl.RaftServerProxy.groupManagementAsync(RaftServerProxy.java:460)
	at org.apache.ratis.server.impl.RaftServerProxy.groupManagement(RaftServerProxy.java:440)
	at org.apache.hadoop.ozone.container.common.transport.server.ratis.XceiverServerRatis.removeGroup(XceiverServerRatis.java:824)
	... 4 more
2021-05-19 07:42:44,898 [Command processor thread] WARN  server.RaftServer (RaftServerProxy.java:remove(101)) - 8e81be81-8cf3-4cb2-af1f-2c1c9bc19b0e: does not contain group: group-76E48770978D
2021-05-19 07:42:44,898 [Command processor thread] ERROR commandhandler.ClosePipelineCommandHandler (ClosePipelineCommandHandler.java:handle(78)) - Can't close pipeline PipelineID=90d79207-282c-4ddc-b3c9-76e48770978d
java.io.IOException: 8e81be81-8cf3-4cb2-af1f-2c1c9bc19b0e: Group group-76E48770978D not found.
	at org.apache.hadoop.ozone.container.common.transport.server.ratis.XceiverServerRatis.removeGroup(XceiverServerRatis.java:826)
	at org.apache.hadoop.ozone.container.common.statemachine.commandhandler.ClosePipelineCommandHandler.handle(ClosePipelineCommandHandler.java:74)
	at org.apache.hadoop.ozone.container.common.statemachine.commandhandler.CommandDispatcher.handle(CommandDispatcher.java:99)
	at org.apache.hadoop.ozone.container.common.statemachine.DatanodeStateMachine.lambda$initCommandHandlerThread$2(DatanodeStateMachine.java:506)
	at java.lang.Thread.run(Thread.java:748)
Caused by: org.apache.ratis.protocol.exceptions.GroupMismatchException: 8e81be81-8cf3-4cb2-af1f-2c1c9bc19b0e: Group group-76E48770978D not found.
	at org.apache.ratis.server.impl.RaftServerProxy.groupRemoveAsync(RaftServerProxy.java:504)
	at org.apache.ratis.server.impl.RaftServerProxy.groupManagementAsync(RaftServerProxy.java:460)
	at org.apache.ratis.server.impl.RaftServerProxy.groupManagement(RaftServerProxy.java:440)
	at org.apache.hadoop.ozone.container.common.transport.server.ratis.XceiverServerRatis.removeGroup(XceiverServerRatis.java:824)
	... 4 more
2021-05-19 07:42:44,898 [Command processor thread] WARN  server.RaftServer (RaftServerProxy.java:remove(101)) - 8e81be81-8cf3-4cb2-af1f-2c1c9bc19b0e: does not contain group: group-DECE5BE019F2
2021-05-19 07:42:44,899 [Command processor thread] ERROR commandhandler.ClosePipelineCommandHandler (ClosePipelineCommandHandler.java:handle(78)) - Can't close pipeline PipelineID=da74cb76-52a2-4b5c-bce9-dece5be019f2
java.io.IOException: 8e81be81-8cf3-4cb2-af1f-2c1c9bc19b0e: Group group-DECE5BE019F2 not found.
	at org.apache.hadoop.ozone.container.common.transport.server.ratis.XceiverServerRatis.removeGroup(XceiverServerRatis.java:826)
	at org.apache.hadoop.ozone.container.common.statemachine.commandhandler.ClosePipelineCommandHandler.handle(ClosePipelineCommandHandler.java:74)
	at org.apache.hadoop.ozone.container.common.statemachine.commandhandler.CommandDispatcher.handle(CommandDispatcher.java:99)
	at org.apache.hadoop.ozone.container.common.statemachine.DatanodeStateMachine.lambda$initCommandHandlerThread$2(DatanodeStateMachine.java:506)
	at java.lang.Thread.run(Thread.java:748)
Caused by: org.apache.ratis.protocol.exceptions.GroupMismatchException: 8e81be81-8cf3-4cb2-af1f-2c1c9bc19b0e: Group group-DECE5BE019F2 not found.
	at org.apache.ratis.server.impl.RaftServerProxy.groupRemoveAsync(RaftServerProxy.java:504)
	at org.apache.ratis.server.impl.RaftServerProxy.groupManagementAsync(RaftServerProxy.java:460)
	at org.apache.ratis.server.impl.RaftServerProxy.groupManagement(RaftServerProxy.java:440)
	at org.apache.hadoop.ozone.container.common.transport.server.ratis.XceiverServerRatis.removeGroup(XceiverServerRatis.java:824)
	... 4 more
2021-05-19 07:42:45,770 [Command processor thread] WARN  server.RaftServer (RaftServerProxy.java:remove(101)) - 68d4f79f-8ed5-4598-b947-57f9bc979c0e: does not contain group: group-AC6A57830C75
2021-05-19 07:42:45,770 [Command processor thread] ERROR commandhandler.ClosePipelineCommandHandler (ClosePipelineCommandHandler.java:handle(78)) - Can't close pipeline PipelineID=b2b3615b-70b0-4c95-a861-ac6a57830c75
java.io.IOException: 68d4f79f-8ed5-4598-b947-57f9bc979c0e: Group group-AC6A57830C75 not found.
	at org.apache.hadoop.ozone.container.common.transport.server.ratis.XceiverServerRatis.removeGroup(XceiverServerRatis.java:826)
	at org.apache.hadoop.ozone.container.common.statemachine.commandhandler.ClosePipelineCommandHandler.handle(ClosePipelineCommandHandler.java:74)
	at org.apache.hadoop.ozone.container.common.statemachine.commandhandler.CommandDispatcher.handle(CommandDispatcher.java:99)
	at org.apache.hadoop.ozone.container.common.statemachine.DatanodeStateMachine.lambda$initCommandHandlerThread$2(DatanodeStateMachine.java:506)
	at java.lang.Thread.run(Thread.java:748)
Caused by: org.apache.ratis.protocol.exceptions.GroupMismatchException: 68d4f79f-8ed5-4598-b947-57f9bc979c0e: Group group-AC6A57830C75 not found.
	at org.apache.ratis.server.impl.RaftServerProxy.groupRemoveAsync(RaftServerProxy.java:504)
	at org.apache.ratis.server.impl.RaftServerProxy.groupManagementAsync(RaftServerProxy.java:460)
	at org.apache.ratis.server.impl.RaftServerProxy.groupManagement(RaftServerProxy.java:440)
	at org.apache.hadoop.ozone.container.common.transport.server.ratis.XceiverServerRatis.removeGroup(XceiverServerRatis.java:824)
	... 4 more
2021-05-19 07:42:45,770 [Command processor thread] WARN  server.RaftServer (RaftServerProxy.java:remove(101)) - 68d4f79f-8ed5-4598-b947-57f9bc979c0e: does not contain group: group-76E48770978D
2021-05-19 07:42:45,770 [Command processor thread] ERROR commandhandler.ClosePipelineCommandHandler (ClosePipelineCommandHandler.java:handle(78)) - Can't close pipeline PipelineID=90d79207-282c-4ddc-b3c9-76e48770978d
java.io.IOException: 68d4f79f-8ed5-4598-b947-57f9bc979c0e: Group group-76E48770978D not found.
	at org.apache.hadoop.ozone.container.common.transport.server.ratis.XceiverServerRatis.removeGroup(XceiverServerRatis.java:826)
	at org.apache.hadoop.ozone.container.common.statemachine.commandhandler.ClosePipelineCommandHandler.handle(ClosePipelineCommandHandler.java:74)
	at org.apache.hadoop.ozone.container.common.statemachine.commandhandler.CommandDispatcher.handle(CommandDispatcher.java:99)
	at org.apache.hadoop.ozone.container.common.statemachine.DatanodeStateMachine.lambda$initCommandHandlerThread$2(DatanodeStateMachine.java:506)
	at java.lang.Thread.run(Thread.java:748)
Caused by: org.apache.ratis.protocol.exceptions.GroupMismatchException: 68d4f79f-8ed5-4598-b947-57f9bc979c0e: Group group-76E48770978D not found.
	at org.apache.ratis.server.impl.RaftServerProxy.groupRemoveAsync(RaftServerProxy.java:504)
	at org.apache.ratis.server.impl.RaftServerProxy.groupManagementAsync(RaftServerProxy.java:460)
	at org.apache.ratis.server.impl.RaftServerProxy.groupManagement(RaftServerProxy.java:440)
	at org.apache.hadoop.ozone.container.common.transport.server.ratis.XceiverServerRatis.removeGroup(XceiverServerRatis.java:824)
	... 4 more
2021-05-19 07:42:45,770 [Command processor thread] WARN  server.RaftServer (RaftServerProxy.java:remove(101)) - 68d4f79f-8ed5-4598-b947-57f9bc979c0e: does not contain group: group-DECE5BE019F2
2021-05-19 07:42:45,770 [Command processor thread] ERROR commandhandler.ClosePipelineCommandHandler (ClosePipelineCommandHandler.java:handle(78)) - Can't close pipeline PipelineID=da74cb76-52a2-4b5c-bce9-dece5be019f2
java.io.IOException: 68d4f79f-8ed5-4598-b947-57f9bc979c0e: Group group-DECE5BE019F2 not found.
	at org.apache.hadoop.ozone.container.common.transport.server.ratis.XceiverServerRatis.removeGroup(XceiverServerRatis.java:826)
	at org.apache.hadoop.ozone.container.common.statemachine.commandhandler.ClosePipelineCommandHandler.handle(ClosePipelineCommandHandler.java:74)
	at org.apache.hadoop.ozone.container.common.statemachine.commandhandler.CommandDispatcher.handle(CommandDispatcher.java:99)
	at org.apache.hadoop.ozone.container.common.statemachine.DatanodeStateMachine.lambda$initCommandHandlerThread$2(DatanodeStateMachine.java:506)
	at java.lang.Thread.run(Thread.java:748)
Caused by: org.apache.ratis.protocol.exceptions.GroupMismatchException: 68d4f79f-8ed5-4598-b947-57f9bc979c0e: Group group-DECE5BE019F2 not found.
	at org.apache.ratis.server.impl.RaftServerProxy.groupRemoveAsync(RaftServerProxy.java:504)
	at org.apache.ratis.server.impl.RaftServerProxy.groupManagementAsync(RaftServerProxy.java:460)
	at org.apache.ratis.server.impl.RaftServerProxy.groupManagement(RaftServerProxy.java:440)
	at org.apache.hadoop.ozone.container.common.transport.server.ratis.XceiverServerRatis.removeGroup(XceiverServerRatis.java:824)
	... 4 more
2021-05-19 07:42:45,771 [Command processor thread] WARN  server.RaftServer (RaftServerProxy.java:remove(101)) - 68d4f79f-8ed5-4598-b947-57f9bc979c0e: does not contain group: group-AC6A57830C75
2021-05-19 07:42:45,771 [Command processor thread] ERROR commandhandler.ClosePipelineCommandHandler (ClosePipelineCommandHandler.java:handle(78)) - Can't close pipeline PipelineID=b2b3615b-70b0-4c95-a861-ac6a57830c75
java.io.IOException: 68d4f79f-8ed5-4598-b947-57f9bc979c0e: Group group-AC6A57830C75 not found.
	at org.apache.hadoop.ozone.container.common.transport.server.ratis.XceiverServerRatis.removeGroup(XceiverServerRatis.java:826)
	at org.apache.hadoop.ozone.container.common.statemachine.commandhandler.ClosePipelineCommandHandler.handle(ClosePipelineCommandHandler.java:74)
	at org.apache.hadoop.ozone.container.common.statemachine.commandhandler.CommandDispatcher.handle(CommandDispatcher.java:99)
	at org.apache.hadoop.ozone.container.common.statemachine.DatanodeStateMachine.lambda$initCommandHandlerThread$2(DatanodeStateMachine.java:506)
	at java.lang.Thread.run(Thread.java:748)
Caused by: org.apache.ratis.protocol.exceptions.GroupMismatchException: 68d4f79f-8ed5-4598-b947-57f9bc979c0e: Group group-AC6A57830C75 not found.
	at org.apache.ratis.server.impl.RaftServerProxy.groupRemoveAsync(RaftServerProxy.java:504)
	at org.apache.ratis.server.impl.RaftServerProxy.groupManagementAsync(RaftServerProxy.java:460)
	at org.apache.ratis.server.impl.RaftServerProxy.groupManagement(RaftServerProxy.java:440)
	at org.apache.hadoop.ozone.container.common.transport.server.ratis.XceiverServerRatis.removeGroup(XceiverServerRatis.java:824)
	... 4 more
2021-05-19 07:42:45,771 [Command processor thread] WARN  server.RaftServer (RaftServerProxy.java:remove(101)) - 68d4f79f-8ed5-4598-b947-57f9bc979c0e: does not contain group: group-76E48770978D
2021-05-19 07:42:45,771 [Command processor thread] ERROR commandhandler.ClosePipelineCommandHandler (ClosePipelineCommandHandler.java:handle(78)) - Can't close pipeline PipelineID=90d79207-282c-4ddc-b3c9-76e48770978d
java.io.IOException: 68d4f79f-8ed5-4598-b947-57f9bc979c0e: Group group-76E48770978D not found.
	at org.apache.hadoop.ozone.container.common.transport.server.ratis.XceiverServerRatis.removeGroup(XceiverServerRatis.java:826)
	at org.apache.hadoop.ozone.container.common.statemachine.commandhandler.ClosePipelineCommandHandler.handle(ClosePipelineCommandHandler.java:74)
	at org.apache.hadoop.ozone.container.common.statemachine.commandhandler.CommandDispatcher.handle(CommandDispatcher.java:99)
	at org.apache.hadoop.ozone.container.common.statemachine.DatanodeStateMachine.lambda$initCommandHandlerThread$2(DatanodeStateMachine.java:506)
	at java.lang.Thread.run(Thread.java:748)
Caused by: org.apache.ratis.protocol.exceptions.GroupMismatchException: 68d4f79f-8ed5-4598-b947-57f9bc979c0e: Group group-76E48770978D not found.
	at org.apache.ratis.server.impl.RaftServerProxy.groupRemoveAsync(RaftServerProxy.java:504)
	at org.apache.ratis.server.impl.RaftServerProxy.groupManagementAsync(RaftServerProxy.java:460)
	at org.apache.ratis.server.impl.RaftServerProxy.groupManagement(RaftServerProxy.java:440)
	at org.apache.hadoop.ozone.container.common.transport.server.ratis.XceiverServerRatis.removeGroup(XceiverServerRatis.java:824)
	... 4 more
2021-05-19 07:42:45,771 [Command processor thread] WARN  server.RaftServer (RaftServerProxy.java:remove(101)) - 68d4f79f-8ed5-4598-b947-57f9bc979c0e: does not contain group: group-DECE5BE019F2
2021-05-19 07:42:45,771 [Command processor thread] ERROR commandhandler.ClosePipelineCommandHandler (ClosePipelineCommandHandler.java:handle(78)) - Can't close pipeline PipelineID=da74cb76-52a2-4b5c-bce9-dece5be019f2
java.io.IOException: 68d4f79f-8ed5-4598-b947-57f9bc979c0e: Group group-DECE5BE019F2 not found.
	at org.apache.hadoop.ozone.container.common.transport.server.ratis.XceiverServerRatis.removeGroup(XceiverServerRatis.java:826)
	at org.apache.hadoop.ozone.container.common.statemachine.commandhandler.ClosePipelineCommandHandler.handle(ClosePipelineCommandHandler.java:74)
	at org.apache.hadoop.ozone.container.common.statemachine.commandhandler.CommandDispatcher.handle(CommandDispatcher.java:99)
	at org.apache.hadoop.ozone.container.common.statemachine.DatanodeStateMachine.lambda$initCommandHandlerThread$2(DatanodeStateMachine.java:506)
	at java.lang.Thread.run(Thread.java:748)
Caused by: org.apache.ratis.protocol.exceptions.GroupMismatchException: 68d4f79f-8ed5-4598-b947-57f9bc979c0e: Group group-DECE5BE019F2 not found.
	at org.apache.ratis.server.impl.RaftServerProxy.groupRemoveAsync(RaftServerProxy.java:504)
	at org.apache.ratis.server.impl.RaftServerProxy.groupManagementAsync(RaftServerProxy.java:460)
	at org.apache.ratis.server.impl.RaftServerProxy.groupManagement(RaftServerProxy.java:440)
	at org.apache.hadoop.ozone.container.common.transport.server.ratis.XceiverServerRatis.removeGroup(XceiverServerRatis.java:824)
	... 4 more
2021-05-19 07:42:46,898 [Command processor thread] WARN  server.RaftServer (RaftServerProxy.java:remove(101)) - 8e81be81-8cf3-4cb2-af1f-2c1c9bc19b0e: does not contain group: group-AC6A57830C75
2021-05-19 07:42:46,898 [Command processor thread] ERROR commandhandler.ClosePipelineCommandHandler (ClosePipelineCommandHandler.java:handle(78)) - Can't close pipeline PipelineID=b2b3615b-70b0-4c95-a861-ac6a57830c75
java.io.IOException: 8e81be81-8cf3-4cb2-af1f-2c1c9bc19b0e: Group group-AC6A57830C75 not found.
	at org.apache.hadoop.ozone.container.common.transport.server.ratis.XceiverServerRatis.removeGroup(XceiverServerRatis.java:826)
	at org.apache.hadoop.ozone.container.common.statemachine.commandhandler.ClosePipelineCommandHandler.handle(ClosePipelineCommandHandler.java:74)
	at org.apache.hadoop.ozone.container.common.statemachine.commandhandler.CommandDispatcher.handle(CommandDispatcher.java:99)
	at org.apache.hadoop.ozone.container.common.statemachine.DatanodeStateMachine.lambda$initCommandHandlerThread$2(DatanodeStateMachine.java:506)
	at java.lang.Thread.run(Thread.java:748)
Caused by: org.apache.ratis.protocol.exceptions.GroupMismatchException: 8e81be81-8cf3-4cb2-af1f-2c1c9bc19b0e: Group group-AC6A57830C75 not found.
	at org.apache.ratis.server.impl.RaftServerProxy.groupRemoveAsync(RaftServerProxy.java:504)
	at org.apache.ratis.server.impl.RaftServerProxy.groupManagementAsync(RaftServerProxy.java:460)
	at org.apache.ratis.server.impl.RaftServerProxy.groupManagement(RaftServerProxy.java:440)
	at org.apache.hadoop.ozone.container.common.transport.server.ratis.XceiverServerRatis.removeGroup(XceiverServerRatis.java:824)
	... 4 more
2021-05-19 07:42:46,898 [Command processor thread] WARN  server.RaftServer (RaftServerProxy.java:remove(101)) - 8e81be81-8cf3-4cb2-af1f-2c1c9bc19b0e: does not contain group: group-76E48770978D
2021-05-19 07:42:46,898 [Command processor thread] ERROR commandhandler.ClosePipelineCommandHandler (ClosePipelineCommandHandler.java:handle(78)) - Can't close pipeline PipelineID=90d79207-282c-4ddc-b3c9-76e48770978d
java.io.IOException: 8e81be81-8cf3-4cb2-af1f-2c1c9bc19b0e: Group group-76E48770978D not found.
	at org.apache.hadoop.ozone.container.common.transport.server.ratis.XceiverServerRatis.removeGroup(XceiverServerRatis.java:826)
	at org.apache.hadoop.ozone.container.common.statemachine.commandhandler.ClosePipelineCommandHandler.handle(ClosePipelineCommandHandler.java:74)
	at org.apache.hadoop.ozone.container.common.statemachine.commandhandler.CommandDispatcher.handle(CommandDispatcher.java:99)
	at org.apache.hadoop.ozone.container.common.statemachine.DatanodeStateMachine.lambda$initCommandHandlerThread$2(DatanodeStateMachine.java:506)
	at java.lang.Thread.run(Thread.java:748)
Caused by: org.apache.ratis.protocol.exceptions.GroupMismatchException: 8e81be81-8cf3-4cb2-af1f-2c1c9bc19b0e: Group group-76E48770978D not found.
	at org.apache.ratis.server.impl.RaftServerProxy.groupRemoveAsync(RaftServerProxy.java:504)
	at org.apache.ratis.server.impl.RaftServerProxy.groupManagementAsync(RaftServerProxy.java:460)
	at org.apache.ratis.server.impl.RaftServerProxy.groupManagement(RaftServerProxy.java:440)
	at org.apache.hadoop.ozone.container.common.transport.server.ratis.XceiverServerRatis.removeGroup(XceiverServerRatis.java:824)
	... 4 more
2021-05-19 07:42:46,898 [Command processor thread] WARN  server.RaftServer (RaftServerProxy.java:remove(101)) - 8e81be81-8cf3-4cb2-af1f-2c1c9bc19b0e: does not contain group: group-DECE5BE019F2
2021-05-19 07:42:46,899 [Command processor thread] ERROR commandhandler.ClosePipelineCommandHandler (ClosePipelineCommandHandler.java:handle(78)) - Can't close pipeline PipelineID=da74cb76-52a2-4b5c-bce9-dece5be019f2
java.io.IOException: 8e81be81-8cf3-4cb2-af1f-2c1c9bc19b0e: Group group-DECE5BE019F2 not found.
	at org.apache.hadoop.ozone.container.common.transport.server.ratis.XceiverServerRatis.removeGroup(XceiverServerRatis.java:826)
	at org.apache.hadoop.ozone.container.common.statemachine.commandhandler.ClosePipelineCommandHandler.handle(ClosePipelineCommandHandler.java:74)
	at org.apache.hadoop.ozone.container.common.statemachine.commandhandler.CommandDispatcher.handle(CommandDispatcher.java:99)
	at org.apache.hadoop.ozone.container.common.statemachine.DatanodeStateMachine.lambda$initCommandHandlerThread$2(DatanodeStateMachine.java:506)
	at java.lang.Thread.run(Thread.java:748)
Caused by: org.apache.ratis.protocol.exceptions.GroupMismatchException: 8e81be81-8cf3-4cb2-af1f-2c1c9bc19b0e: Group group-DECE5BE019F2 not found.
	at org.apache.ratis.server.impl.RaftServerProxy.groupRemoveAsync(RaftServerProxy.java:504)
	at org.apache.ratis.server.impl.RaftServerProxy.groupManagementAsync(RaftServerProxy.java:460)
	at org.apache.ratis.server.impl.RaftServerProxy.groupManagement(RaftServerProxy.java:440)
	at org.apache.hadoop.ozone.container.common.transport.server.ratis.XceiverServerRatis.removeGroup(XceiverServerRatis.java:824)
	... 4 more
2021-05-19 07:42:46,899 [Command processor thread] WARN  server.RaftServer (RaftServerProxy.java:remove(101)) - 8e81be81-8cf3-4cb2-af1f-2c1c9bc19b0e: does not contain group: group-AC6A57830C75
2021-05-19 07:42:46,899 [Command processor thread] ERROR commandhandler.ClosePipelineCommandHandler (ClosePipelineCommandHandler.java:handle(78)) - Can't close pipeline PipelineID=b2b3615b-70b0-4c95-a861-ac6a57830c75
java.io.IOException: 8e81be81-8cf3-4cb2-af1f-2c1c9bc19b0e: Group group-AC6A57830C75 not found.
	at org.apache.hadoop.ozone.container.common.transport.server.ratis.XceiverServerRatis.removeGroup(XceiverServerRatis.java:826)
	at org.apache.hadoop.ozone.container.common.statemachine.commandhandler.ClosePipelineCommandHandler.handle(ClosePipelineCommandHandler.java:74)
	at org.apache.hadoop.ozone.container.common.statemachine.commandhandler.CommandDispatcher.handle(CommandDispatcher.java:99)
	at org.apache.hadoop.ozone.container.common.statemachine.DatanodeStateMachine.lambda$initCommandHandlerThread$2(DatanodeStateMachine.java:506)
	at java.lang.Thread.run(Thread.java:748)
Caused by: org.apache.ratis.protocol.exceptions.GroupMismatchException: 8e81be81-8cf3-4cb2-af1f-2c1c9bc19b0e: Group group-AC6A57830C75 not found.
	at org.apache.ratis.server.impl.RaftServerProxy.groupRemoveAsync(RaftServerProxy.java:504)
	at org.apache.ratis.server.impl.RaftServerProxy.groupManagementAsync(RaftServerProxy.java:460)
	at org.apache.ratis.server.impl.RaftServerProxy.groupManagement(RaftServerProxy.java:440)
	at org.apache.hadoop.ozone.container.common.transport.server.ratis.XceiverServerRatis.removeGroup(XceiverServerRatis.java:824)
	... 4 more
2021-05-19 07:42:46,899 [Command processor thread] WARN  server.RaftServer (RaftServerProxy.java:remove(101)) - 8e81be81-8cf3-4cb2-af1f-2c1c9bc19b0e: does not contain group: group-76E48770978D
2021-05-19 07:42:46,899 [Command processor thread] ERROR commandhandler.ClosePipelineCommandHandler (ClosePipelineCommandHandler.java:handle(78)) - Can't close pipeline PipelineID=90d79207-282c-4ddc-b3c9-76e48770978d
java.io.IOException: 8e81be81-8cf3-4cb2-af1f-2c1c9bc19b0e: Group group-76E48770978D not found.
	at org.apache.hadoop.ozone.container.common.transport.server.ratis.XceiverServerRatis.removeGroup(XceiverServerRatis.java:826)
	at org.apache.hadoop.ozone.container.common.statemachine.commandhandler.ClosePipelineCommandHandler.handle(ClosePipelineCommandHandler.java:74)
	at org.apache.hadoop.ozone.container.common.statemachine.commandhandler.CommandDispatcher.handle(CommandDispatcher.java:99)
	at org.apache.hadoop.ozone.container.common.statemachine.DatanodeStateMachine.lambda$initCommandHandlerThread$2(DatanodeStateMachine.java:506)
	at java.lang.Thread.run(Thread.java:748)
Caused by: org.apache.ratis.protocol.exceptions.GroupMismatchException: 8e81be81-8cf3-4cb2-af1f-2c1c9bc19b0e: Group group-76E48770978D not found.
	at org.apache.ratis.server.impl.RaftServerProxy.groupRemoveAsync(RaftServerProxy.java:504)
	at org.apache.ratis.server.impl.RaftServerProxy.groupManagementAsync(RaftServerProxy.java:460)
	at org.apache.ratis.server.impl.RaftServerProxy.groupManagement(RaftServerProxy.java:440)
	at org.apache.hadoop.ozone.container.common.transport.server.ratis.XceiverServerRatis.removeGroup(XceiverServerRatis.java:824)
	... 4 more
2021-05-19 07:42:46,899 [Command processor thread] WARN  server.RaftServer (RaftServerProxy.java:remove(101)) - 8e81be81-8cf3-4cb2-af1f-2c1c9bc19b0e: does not contain group: group-DECE5BE019F2
2021-05-19 07:42:46,899 [Command processor thread] ERROR commandhandler.ClosePipelineCommandHandler (ClosePipelineCommandHandler.java:handle(78)) - Can't close pipeline PipelineID=da74cb76-52a2-4b5c-bce9-dece5be019f2
java.io.IOException: 8e81be81-8cf3-4cb2-af1f-2c1c9bc19b0e: Group group-DECE5BE019F2 not found.
	at org.apache.hadoop.ozone.container.common.transport.server.ratis.XceiverServerRatis.removeGroup(XceiverServerRatis.java:826)
	at org.apache.hadoop.ozone.container.common.statemachine.commandhandler.ClosePipelineCommandHandler.handle(ClosePipelineCommandHandler.java:74)
	at org.apache.hadoop.ozone.container.common.statemachine.commandhandler.CommandDispatcher.handle(CommandDispatcher.java:99)
	at org.apache.hadoop.ozone.container.common.statemachine.DatanodeStateMachine.lambda$initCommandHandlerThread$2(DatanodeStateMachine.java:506)
	at java.lang.Thread.run(Thread.java:748)
Caused by: org.apache.ratis.protocol.exceptions.GroupMismatchException: 8e81be81-8cf3-4cb2-af1f-2c1c9bc19b0e: Group group-DECE5BE019F2 not found.
	at org.apache.ratis.server.impl.RaftServerProxy.groupRemoveAsync(RaftServerProxy.java:504)
	at org.apache.ratis.server.impl.RaftServerProxy.groupManagementAsync(RaftServerProxy.java:460)
	at org.apache.ratis.server.impl.RaftServerProxy.groupManagement(RaftServerProxy.java:440)
	at org.apache.hadoop.ozone.container.common.transport.server.ratis.XceiverServerRatis.removeGroup(XceiverServerRatis.java:824)
	... 4 more
2021-05-19 07:42:47,774 [Command processor thread] WARN  server.RaftServer (RaftServerProxy.java:remove(101)) - 68d4f79f-8ed5-4598-b947-57f9bc979c0e: does not contain group: group-AC6A57830C75
2021-05-19 07:42:47,774 [Command processor thread] ERROR commandhandler.ClosePipelineCommandHandler (ClosePipelineCommandHandler.java:handle(78)) - Can't close pipeline PipelineID=b2b3615b-70b0-4c95-a861-ac6a57830c75
java.io.IOException: 68d4f79f-8ed5-4598-b947-57f9bc979c0e: Group group-AC6A57830C75 not found.
	at org.apache.hadoop.ozone.container.common.transport.server.ratis.XceiverServerRatis.removeGroup(XceiverServerRatis.java:826)
	at org.apache.hadoop.ozone.container.common.statemachine.commandhandler.ClosePipelineCommandHandler.handle(ClosePipelineCommandHandler.java:74)
	at org.apache.hadoop.ozone.container.common.statemachine.commandhandler.CommandDispatcher.handle(CommandDispatcher.java:99)
	at org.apache.hadoop.ozone.container.common.statemachine.DatanodeStateMachine.lambda$initCommandHandlerThread$2(DatanodeStateMachine.java:506)
	at java.lang.Thread.run(Thread.java:748)
Caused by: org.apache.ratis.protocol.exceptions.GroupMismatchException: 68d4f79f-8ed5-4598-b947-57f9bc979c0e: Group group-AC6A57830C75 not found.
	at org.apache.ratis.server.impl.RaftServerProxy.groupRemoveAsync(RaftServerProxy.java:504)
	at org.apache.ratis.server.impl.RaftServerProxy.groupManagementAsync(RaftServerProxy.java:460)
	at org.apache.ratis.server.impl.RaftServerProxy.groupManagement(RaftServerProxy.java:440)
	at org.apache.hadoop.ozone.container.common.transport.server.ratis.XceiverServerRatis.removeGroup(XceiverServerRatis.java:824)
	... 4 more
2021-05-19 07:42:47,774 [Command processor thread] WARN  server.RaftServer (RaftServerProxy.java:remove(101)) - 68d4f79f-8ed5-4598-b947-57f9bc979c0e: does not contain group: group-76E48770978D
2021-05-19 07:42:47,775 [Command processor thread] ERROR commandhandler.ClosePipelineCommandHandler (ClosePipelineCommandHandler.java:handle(78)) - Can't close pipeline PipelineID=90d79207-282c-4ddc-b3c9-76e48770978d
java.io.IOException: 68d4f79f-8ed5-4598-b947-57f9bc979c0e: Group group-76E48770978D not found.
	at org.apache.hadoop.ozone.container.common.transport.server.ratis.XceiverServerRatis.removeGroup(XceiverServerRatis.java:826)
	at org.apache.hadoop.ozone.container.common.statemachine.commandhandler.ClosePipelineCommandHandler.handle(ClosePipelineCommandHandler.java:74)
	at org.apache.hadoop.ozone.container.common.statemachine.commandhandler.CommandDispatcher.handle(CommandDispatcher.java:99)
	at org.apache.hadoop.ozone.container.common.statemachine.DatanodeStateMachine.lambda$initCommandHandlerThread$2(DatanodeStateMachine.java:506)
	at java.lang.Thread.run(Thread.java:748)
Caused by: org.apache.ratis.protocol.exceptions.GroupMismatchException: 68d4f79f-8ed5-4598-b947-57f9bc979c0e: Group group-76E48770978D not found.
	at org.apache.ratis.server.impl.RaftServerProxy.groupRemoveAsync(RaftServerProxy.java:504)
	at org.apache.ratis.server.impl.RaftServerProxy.groupManagementAsync(RaftServerProxy.java:460)
	at org.apache.ratis.server.impl.RaftServerProxy.groupManagement(RaftServerProxy.java:440)
	at org.apache.hadoop.ozone.container.common.transport.server.ratis.XceiverServerRatis.removeGroup(XceiverServerRatis.java:824)
	... 4 more
2021-05-19 07:42:47,775 [Command processor thread] WARN  server.RaftServer (RaftServerProxy.java:remove(101)) - 68d4f79f-8ed5-4598-b947-57f9bc979c0e: does not contain group: group-DECE5BE019F2
2021-05-19 07:42:47,775 [Command processor thread] ERROR commandhandler.ClosePipelineCommandHandler (ClosePipelineCommandHandler.java:handle(78)) - Can't close pipeline PipelineID=da74cb76-52a2-4b5c-bce9-dece5be019f2
java.io.IOException: 68d4f79f-8ed5-4598-b947-57f9bc979c0e: Group group-DECE5BE019F2 not found.
	at org.apache.hadoop.ozone.container.common.transport.server.ratis.XceiverServerRatis.removeGroup(XceiverServerRatis.java:826)
	at org.apache.hadoop.ozone.container.common.statemachine.commandhandler.ClosePipelineCommandHandler.handle(ClosePipelineCommandHandler.java:74)
	at org.apache.hadoop.ozone.container.common.statemachine.commandhandler.CommandDispatcher.handle(CommandDispatcher.java:99)
	at org.apache.hadoop.ozone.container.common.statemachine.DatanodeStateMachine.lambda$initCommandHandlerThread$2(DatanodeStateMachine.java:506)
	at java.lang.Thread.run(Thread.java:748)
Caused by: org.apache.ratis.protocol.exceptions.GroupMismatchException: 68d4f79f-8ed5-4598-b947-57f9bc979c0e: Group group-DECE5BE019F2 not found.
	at org.apache.ratis.server.impl.RaftServerProxy.groupRemoveAsync(RaftServerProxy.java:504)
	at org.apache.ratis.server.impl.RaftServerProxy.groupManagementAsync(RaftServerProxy.java:460)
	at org.apache.ratis.server.impl.RaftServerProxy.groupManagement(RaftServerProxy.java:440)
	at org.apache.hadoop.ozone.container.common.transport.server.ratis.XceiverServerRatis.removeGroup(XceiverServerRatis.java:824)
	... 4 more
2021-05-19 07:42:47,775 [Command processor thread] WARN  server.RaftServer (RaftServerProxy.java:remove(101)) - 68d4f79f-8ed5-4598-b947-57f9bc979c0e: does not contain group: group-AC6A57830C75
2021-05-19 07:42:47,775 [Command processor thread] ERROR commandhandler.ClosePipelineCommandHandler (ClosePipelineCommandHandler.java:handle(78)) - Can't close pipeline PipelineID=b2b3615b-70b0-4c95-a861-ac6a57830c75
java.io.IOException: 68d4f79f-8ed5-4598-b947-57f9bc979c0e: Group group-AC6A57830C75 not found.
	at org.apache.hadoop.ozone.container.common.transport.server.ratis.XceiverServerRatis.removeGroup(XceiverServerRatis.java:826)
	at org.apache.hadoop.ozone.container.common.statemachine.commandhandler.ClosePipelineCommandHandler.handle(ClosePipelineCommandHandler.java:74)
	at org.apache.hadoop.ozone.container.common.statemachine.commandhandler.CommandDispatcher.handle(CommandDispatcher.java:99)
	at org.apache.hadoop.ozone.container.common.statemachine.DatanodeStateMachine.lambda$initCommandHandlerThread$2(DatanodeStateMachine.java:506)
	at java.lang.Thread.run(Thread.java:748)
Caused by: org.apache.ratis.protocol.exceptions.GroupMismatchException: 68d4f79f-8ed5-4598-b947-57f9bc979c0e: Group group-AC6A57830C75 not found.
	at org.apache.ratis.server.impl.RaftServerProxy.groupRemoveAsync(RaftServerProxy.java:504)
	at org.apache.ratis.server.impl.RaftServerProxy.groupManagementAsync(RaftServerProxy.java:460)
	at org.apache.ratis.server.impl.RaftServerProxy.groupManagement(RaftServerProxy.java:440)
	at org.apache.hadoop.ozone.container.common.transport.server.ratis.XceiverServerRatis.removeGroup(XceiverServerRatis.java:824)
	... 4 more
2021-05-19 07:42:47,775 [Command processor thread] WARN  server.RaftServer (RaftServerProxy.java:remove(101)) - 68d4f79f-8ed5-4598-b947-57f9bc979c0e: does not contain group: group-76E48770978D
2021-05-19 07:42:47,775 [Command processor thread] ERROR commandhandler.ClosePipelineCommandHandler (ClosePipelineCommandHandler.java:handle(78)) - Can't close pipeline PipelineID=90d79207-282c-4ddc-b3c9-76e48770978d
java.io.IOException: 68d4f79f-8ed5-4598-b947-57f9bc979c0e: Group group-76E48770978D not found.
	at org.apache.hadoop.ozone.container.common.transport.server.ratis.XceiverServerRatis.removeGroup(XceiverServerRatis.java:826)
	at org.apache.hadoop.ozone.container.common.statemachine.commandhandler.ClosePipelineCommandHandler.handle(ClosePipelineCommandHandler.java:74)
	at org.apache.hadoop.ozone.container.common.statemachine.commandhandler.CommandDispatcher.handle(CommandDispatcher.java:99)
	at org.apache.hadoop.ozone.container.common.statemachine.DatanodeStateMachine.lambda$initCommandHandlerThread$2(DatanodeStateMachine.java:506)
	at java.lang.Thread.run(Thread.java:748)
Caused by: org.apache.ratis.protocol.exceptions.GroupMismatchException: 68d4f79f-8ed5-4598-b947-57f9bc979c0e: Group group-76E48770978D not found.
	at org.apache.ratis.server.impl.RaftServerProxy.groupRemoveAsync(RaftServerProxy.java:504)
	at org.apache.ratis.server.impl.RaftServerProxy.groupManagementAsync(RaftServerProxy.java:460)
	at org.apache.ratis.server.impl.RaftServerProxy.groupManagement(RaftServerProxy.java:440)
	at org.apache.hadoop.ozone.container.common.transport.server.ratis.XceiverServerRatis.removeGroup(XceiverServerRatis.java:824)
	... 4 more
2021-05-19 07:42:47,775 [Command processor thread] WARN  server.RaftServer (RaftServerProxy.java:remove(101)) - 68d4f79f-8ed5-4598-b947-57f9bc979c0e: does not contain group: group-DECE5BE019F2
2021-05-19 07:42:47,775 [Command processor thread] ERROR commandhandler.ClosePipelineCommandHandler (ClosePipelineCommandHandler.java:handle(78)) - Can't close pipeline PipelineID=da74cb76-52a2-4b5c-bce9-dece5be019f2
java.io.IOException: 68d4f79f-8ed5-4598-b947-57f9bc979c0e: Group group-DECE5BE019F2 not found.
	at org.apache.hadoop.ozone.container.common.transport.server.ratis.XceiverServerRatis.removeGroup(XceiverServerRatis.java:826)
	at org.apache.hadoop.ozone.container.common.statemachine.commandhandler.ClosePipelineCommandHandler.handle(ClosePipelineCommandHandler.java:74)
	at org.apache.hadoop.ozone.container.common.statemachine.commandhandler.CommandDispatcher.handle(CommandDispatcher.java:99)
	at org.apache.hadoop.ozone.container.common.statemachine.DatanodeStateMachine.lambda$initCommandHandlerThread$2(DatanodeStateMachine.java:506)
	at java.lang.Thread.run(Thread.java:748)
Caused by: org.apache.ratis.protocol.exceptions.GroupMismatchException: 68d4f79f-8ed5-4598-b947-57f9bc979c0e: Group group-DECE5BE019F2 not found.
	at org.apache.ratis.server.impl.RaftServerProxy.groupRemoveAsync(RaftServerProxy.java:504)
	at org.apache.ratis.server.impl.RaftServerProxy.groupManagementAsync(RaftServerProxy.java:460)
	at org.apache.ratis.server.impl.RaftServerProxy.groupManagement(RaftServerProxy.java:440)
	at org.apache.hadoop.ozone.container.common.transport.server.ratis.XceiverServerRatis.removeGroup(XceiverServerRatis.java:824)
	... 4 more
2021-05-19 07:42:48,898 [Command processor thread] WARN  server.RaftServer (RaftServerProxy.java:remove(101)) - 8e81be81-8cf3-4cb2-af1f-2c1c9bc19b0e: does not contain group: group-AC6A57830C75
2021-05-19 07:42:48,898 [Command processor thread] ERROR commandhandler.ClosePipelineCommandHandler (ClosePipelineCommandHandler.java:handle(78)) - Can't close pipeline PipelineID=b2b3615b-70b0-4c95-a861-ac6a57830c75
java.io.IOException: 8e81be81-8cf3-4cb2-af1f-2c1c9bc19b0e: Group group-AC6A57830C75 not found.
	at org.apache.hadoop.ozone.container.common.transport.server.ratis.XceiverServerRatis.removeGroup(XceiverServerRatis.java:826)
	at org.apache.hadoop.ozone.container.common.statemachine.commandhandler.ClosePipelineCommandHandler.handle(ClosePipelineCommandHandler.java:74)
	at org.apache.hadoop.ozone.container.common.statemachine.commandhandler.CommandDispatcher.handle(CommandDispatcher.java:99)
	at org.apache.hadoop.ozone.container.common.statemachine.DatanodeStateMachine.lambda$initCommandHandlerThread$2(DatanodeStateMachine.java:506)
	at java.lang.Thread.run(Thread.java:748)
Caused by: org.apache.ratis.protocol.exceptions.GroupMismatchException: 8e81be81-8cf3-4cb2-af1f-2c1c9bc19b0e: Group group-AC6A57830C75 not found.
	at org.apache.ratis.server.impl.RaftServerProxy.groupRemoveAsync(RaftServerProxy.java:504)
	at org.apache.ratis.server.impl.RaftServerProxy.groupManagementAsync(RaftServerProxy.java:460)
	at org.apache.ratis.server.impl.RaftServerProxy.groupManagement(RaftServerProxy.java:440)
	at org.apache.hadoop.ozone.container.common.transport.server.ratis.XceiverServerRatis.removeGroup(XceiverServerRatis.java:824)
	... 4 more
2021-05-19 07:42:48,899 [Command processor thread] WARN  server.RaftServer (RaftServerProxy.java:remove(101)) - 8e81be81-8cf3-4cb2-af1f-2c1c9bc19b0e: does not contain group: group-76E48770978D
2021-05-19 07:42:48,899 [Command processor thread] ERROR commandhandler.ClosePipelineCommandHandler (ClosePipelineCommandHandler.java:handle(78)) - Can't close pipeline PipelineID=90d79207-282c-4ddc-b3c9-76e48770978d
java.io.IOException: 8e81be81-8cf3-4cb2-af1f-2c1c9bc19b0e: Group group-76E48770978D not found.
	at org.apache.hadoop.ozone.container.common.transport.server.ratis.XceiverServerRatis.removeGroup(XceiverServerRatis.java:826)
	at org.apache.hadoop.ozone.container.common.statemachine.commandhandler.ClosePipelineCommandHandler.handle(ClosePipelineCommandHandler.java:74)
	at org.apache.hadoop.ozone.container.common.statemachine.commandhandler.CommandDispatcher.handle(CommandDispatcher.java:99)
	at org.apache.hadoop.ozone.container.common.statemachine.DatanodeStateMachine.lambda$initCommandHandlerThread$2(DatanodeStateMachine.java:506)
	at java.lang.Thread.run(Thread.java:748)
Caused by: org.apache.ratis.protocol.exceptions.GroupMismatchException: 8e81be81-8cf3-4cb2-af1f-2c1c9bc19b0e: Group group-76E48770978D not found.
	at org.apache.ratis.server.impl.RaftServerProxy.groupRemoveAsync(RaftServerProxy.java:504)
	at org.apache.ratis.server.impl.RaftServerProxy.groupManagementAsync(RaftServerProxy.java:460)
	at org.apache.ratis.server.impl.RaftServerProxy.groupManagement(RaftServerProxy.java:440)
	at org.apache.hadoop.ozone.container.common.transport.server.ratis.XceiverServerRatis.removeGroup(XceiverServerRatis.java:824)
	... 4 more
2021-05-19 07:42:48,899 [Command processor thread] WARN  server.RaftServer (RaftServerProxy.java:remove(101)) - 8e81be81-8cf3-4cb2-af1f-2c1c9bc19b0e: does not contain group: group-DECE5BE019F2
2021-05-19 07:42:48,899 [Command processor thread] ERROR commandhandler.ClosePipelineCommandHandler (ClosePipelineCommandHandler.java:handle(78)) - Can't close pipeline PipelineID=da74cb76-52a2-4b5c-bce9-dece5be019f2
java.io.IOException: 8e81be81-8cf3-4cb2-af1f-2c1c9bc19b0e: Group group-DECE5BE019F2 not found.
	at org.apache.hadoop.ozone.container.common.transport.server.ratis.XceiverServerRatis.removeGroup(XceiverServerRatis.java:826)
	at org.apache.hadoop.ozone.container.common.statemachine.commandhandler.ClosePipelineCommandHandler.handle(ClosePipelineCommandHandler.java:74)
	at org.apache.hadoop.ozone.container.common.statemachine.commandhandler.CommandDispatcher.handle(CommandDispatcher.java:99)
	at org.apache.hadoop.ozone.container.common.statemachine.DatanodeStateMachine.lambda$initCommandHandlerThread$2(DatanodeStateMachine.java:506)
	at java.lang.Thread.run(Thread.java:748)
Caused by: org.apache.ratis.protocol.exceptions.GroupMismatchException: 8e81be81-8cf3-4cb2-af1f-2c1c9bc19b0e: Group group-DECE5BE019F2 not found.
	at org.apache.ratis.server.impl.RaftServerProxy.groupRemoveAsync(RaftServerProxy.java:504)
	at org.apache.ratis.server.impl.RaftServerProxy.groupManagementAsync(RaftServerProxy.java:460)
	at org.apache.ratis.server.impl.RaftServerProxy.groupManagement(RaftServerProxy.java:440)
	at org.apache.hadoop.ozone.container.common.transport.server.ratis.XceiverServerRatis.removeGroup(XceiverServerRatis.java:824)
	... 4 more
2021-05-19 07:42:48,899 [Command processor thread] WARN  server.RaftServer (RaftServerProxy.java:remove(101)) - 8e81be81-8cf3-4cb2-af1f-2c1c9bc19b0e: does not contain group: group-AC6A57830C75
2021-05-19 07:42:48,899 [Command processor thread] ERROR commandhandler.ClosePipelineCommandHandler (ClosePipelineCommandHandler.java:handle(78)) - Can't close pipeline PipelineID=b2b3615b-70b0-4c95-a861-ac6a57830c75
java.io.IOException: 8e81be81-8cf3-4cb2-af1f-2c1c9bc19b0e: Group group-AC6A57830C75 not found.
	at org.apache.hadoop.ozone.container.common.transport.server.ratis.XceiverServerRatis.removeGroup(XceiverServerRatis.java:826)
	at org.apache.hadoop.ozone.container.common.statemachine.commandhandler.ClosePipelineCommandHandler.handle(ClosePipelineCommandHandler.java:74)
	at org.apache.hadoop.ozone.container.common.statemachine.commandhandler.CommandDispatcher.handle(CommandDispatcher.java:99)
	at org.apache.hadoop.ozone.container.common.statemachine.DatanodeStateMachine.lambda$initCommandHandlerThread$2(DatanodeStateMachine.java:506)
	at java.lang.Thread.run(Thread.java:748)
Caused by: org.apache.ratis.protocol.exceptions.GroupMismatchException: 8e81be81-8cf3-4cb2-af1f-2c1c9bc19b0e: Group group-AC6A57830C75 not found.
	at org.apache.ratis.server.impl.RaftServerProxy.groupRemoveAsync(RaftServerProxy.java:504)
	at org.apache.ratis.server.impl.RaftServerProxy.groupManagementAsync(RaftServerProxy.java:460)
	at org.apache.ratis.server.impl.RaftServerProxy.groupManagement(RaftServerProxy.java:440)
	at org.apache.hadoop.ozone.container.common.transport.server.ratis.XceiverServerRatis.removeGroup(XceiverServerRatis.java:824)
	... 4 more
2021-05-19 07:42:48,899 [Command processor thread] WARN  server.RaftServer (RaftServerProxy.java:remove(101)) - 8e81be81-8cf3-4cb2-af1f-2c1c9bc19b0e: does not contain group: group-76E48770978D
2021-05-19 07:42:48,899 [Command processor thread] ERROR commandhandler.ClosePipelineCommandHandler (ClosePipelineCommandHandler.java:handle(78)) - Can't close pipeline PipelineID=90d79207-282c-4ddc-b3c9-76e48770978d
java.io.IOException: 8e81be81-8cf3-4cb2-af1f-2c1c9bc19b0e: Group group-76E48770978D not found.
	at org.apache.hadoop.ozone.container.common.transport.server.ratis.XceiverServerRatis.removeGroup(XceiverServerRatis.java:826)
	at org.apache.hadoop.ozone.container.common.statemachine.commandhandler.ClosePipelineCommandHandler.handle(ClosePipelineCommandHandler.java:74)
	at org.apache.hadoop.ozone.container.common.statemachine.commandhandler.CommandDispatcher.handle(CommandDispatcher.java:99)
	at org.apache.hadoop.ozone.container.common.statemachine.DatanodeStateMachine.lambda$initCommandHandlerThread$2(DatanodeStateMachine.java:506)
	at java.lang.Thread.run(Thread.java:748)
Caused by: org.apache.ratis.protocol.exceptions.GroupMismatchException: 8e81be81-8cf3-4cb2-af1f-2c1c9bc19b0e: Group group-76E48770978D not found.
	at org.apache.ratis.server.impl.RaftServerProxy.groupRemoveAsync(RaftServerProxy.java:504)
	at org.apache.ratis.server.impl.RaftServerProxy.groupManagementAsync(RaftServerProxy.java:460)
	at org.apache.ratis.server.impl.RaftServerProxy.groupManagement(RaftServerProxy.java:440)
	at org.apache.hadoop.ozone.container.common.transport.server.ratis.XceiverServerRatis.removeGroup(XceiverServerRatis.java:824)
	... 4 more
2021-05-19 07:42:48,899 [Command processor thread] WARN  server.RaftServer (RaftServerProxy.java:remove(101)) - 8e81be81-8cf3-4cb2-af1f-2c1c9bc19b0e: does not contain group: group-DECE5BE019F2
2021-05-19 07:42:48,899 [Command processor thread] ERROR commandhandler.ClosePipelineCommandHandler (ClosePipelineCommandHandler.java:handle(78)) - Can't close pipeline PipelineID=da74cb76-52a2-4b5c-bce9-dece5be019f2
java.io.IOException: 8e81be81-8cf3-4cb2-af1f-2c1c9bc19b0e: Group group-DECE5BE019F2 not found.
	at org.apache.hadoop.ozone.container.common.transport.server.ratis.XceiverServerRatis.removeGroup(XceiverServerRatis.java:826)
	at org.apache.hadoop.ozone.container.common.statemachine.commandhandler.ClosePipelineCommandHandler.handle(ClosePipelineCommandHandler.java:74)
	at org.apache.hadoop.ozone.container.common.statemachine.commandhandler.CommandDispatcher.handle(CommandDispatcher.java:99)
	at org.apache.hadoop.ozone.container.common.statemachine.DatanodeStateMachine.lambda$initCommandHandlerThread$2(DatanodeStateMachine.java:506)
	at java.lang.Thread.run(Thread.java:748)
Caused by: org.apache.ratis.protocol.exceptions.GroupMismatchException: 8e81be81-8cf3-4cb2-af1f-2c1c9bc19b0e: Group group-DECE5BE019F2 not found.
	at org.apache.ratis.server.impl.RaftServerProxy.groupRemoveAsync(RaftServerProxy.java:504)
	at org.apache.ratis.server.impl.RaftServerProxy.groupManagementAsync(RaftServerProxy.java:460)
	at org.apache.ratis.server.impl.RaftServerProxy.groupManagement(RaftServerProxy.java:440)
	at org.apache.hadoop.ozone.container.common.transport.server.ratis.XceiverServerRatis.removeGroup(XceiverServerRatis.java:824)
	... 4 more
2021-05-19 07:42:49,774 [Command processor thread] WARN  server.RaftServer (RaftServerProxy.java:remove(101)) - 68d4f79f-8ed5-4598-b947-57f9bc979c0e: does not contain group: group-AC6A57830C75
2021-05-19 07:42:49,775 [Command processor thread] ERROR commandhandler.ClosePipelineCommandHandler (ClosePipelineCommandHandler.java:handle(78)) - Can't close pipeline PipelineID=b2b3615b-70b0-4c95-a861-ac6a57830c75
java.io.IOException: 68d4f79f-8ed5-4598-b947-57f9bc979c0e: Group group-AC6A57830C75 not found.
	at org.apache.hadoop.ozone.container.common.transport.server.ratis.XceiverServerRatis.removeGroup(XceiverServerRatis.java:826)
	at org.apache.hadoop.ozone.container.common.statemachine.commandhandler.ClosePipelineCommandHandler.handle(ClosePipelineCommandHandler.java:74)
	at org.apache.hadoop.ozone.container.common.statemachine.commandhandler.CommandDispatcher.handle(CommandDispatcher.java:99)
	at org.apache.hadoop.ozone.container.common.statemachine.DatanodeStateMachine.lambda$initCommandHandlerThread$2(DatanodeStateMachine.java:506)
	at java.lang.Thread.run(Thread.java:748)
Caused by: org.apache.ratis.protocol.exceptions.GroupMismatchException: 68d4f79f-8ed5-4598-b947-57f9bc979c0e: Group group-AC6A57830C75 not found.
	at org.apache.ratis.server.impl.RaftServerProxy.groupRemoveAsync(RaftServerProxy.java:504)
	at org.apache.ratis.server.impl.RaftServerProxy.groupManagementAsync(RaftServerProxy.java:460)
	at org.apache.ratis.server.impl.RaftServerProxy.groupManagement(RaftServerProxy.java:440)
	at org.apache.hadoop.ozone.container.common.transport.server.ratis.XceiverServerRatis.removeGroup(XceiverServerRatis.java:824)
	... 4 more
2021-05-19 07:42:49,775 [Command processor thread] WARN  server.RaftServer (RaftServerProxy.java:remove(101)) - 68d4f79f-8ed5-4598-b947-57f9bc979c0e: does not contain group: group-76E48770978D
2021-05-19 07:42:49,775 [Command processor thread] ERROR commandhandler.ClosePipelineCommandHandler (ClosePipelineCommandHandler.java:handle(78)) - Can't close pipeline PipelineID=90d79207-282c-4ddc-b3c9-76e48770978d
java.io.IOException: 68d4f79f-8ed5-4598-b947-57f9bc979c0e: Group group-76E48770978D not found.
	at org.apache.hadoop.ozone.container.common.transport.server.ratis.XceiverServerRatis.removeGroup(XceiverServerRatis.java:826)
	at org.apache.hadoop.ozone.container.common.statemachine.commandhandler.ClosePipelineCommandHandler.handle(ClosePipelineCommandHandler.java:74)
	at org.apache.hadoop.ozone.container.common.statemachine.commandhandler.CommandDispatcher.handle(CommandDispatcher.java:99)
	at org.apache.hadoop.ozone.container.common.statemachine.DatanodeStateMachine.lambda$initCommandHandlerThread$2(DatanodeStateMachine.java:506)
	at java.lang.Thread.run(Thread.java:748)
Caused by: org.apache.ratis.protocol.exceptions.GroupMismatchException: 68d4f79f-8ed5-4598-b947-57f9bc979c0e: Group group-76E48770978D not found.
	at org.apache.ratis.server.impl.RaftServerProxy.groupRemoveAsync(RaftServerProxy.java:504)
	at org.apache.ratis.server.impl.RaftServerProxy.groupManagementAsync(RaftServerProxy.java:460)
	at org.apache.ratis.server.impl.RaftServerProxy.groupManagement(RaftServerProxy.java:440)
	at org.apache.hadoop.ozone.container.common.transport.server.ratis.XceiverServerRatis.removeGroup(XceiverServerRatis.java:824)
	... 4 more
2021-05-19 07:42:49,775 [Command processor thread] WARN  server.RaftServer (RaftServerProxy.java:remove(101)) - 68d4f79f-8ed5-4598-b947-57f9bc979c0e: does not contain group: group-DECE5BE019F2
2021-05-19 07:42:49,775 [Command processor thread] ERROR commandhandler.ClosePipelineCommandHandler (ClosePipelineCommandHandler.java:handle(78)) - Can't close pipeline PipelineID=da74cb76-52a2-4b5c-bce9-dece5be019f2
java.io.IOException: 68d4f79f-8ed5-4598-b947-57f9bc979c0e: Group group-DECE5BE019F2 not found.
	at org.apache.hadoop.ozone.container.common.transport.server.ratis.XceiverServerRatis.removeGroup(XceiverServerRatis.java:826)
	at org.apache.hadoop.ozone.container.common.statemachine.commandhandler.ClosePipelineCommandHandler.handle(ClosePipelineCommandHandler.java:74)
	at org.apache.hadoop.ozone.container.common.statemachine.commandhandler.CommandDispatcher.handle(CommandDispatcher.java:99)
	at org.apache.hadoop.ozone.container.common.statemachine.DatanodeStateMachine.lambda$initCommandHandlerThread$2(DatanodeStateMachine.java:506)
	at java.lang.Thread.run(Thread.java:748)
Caused by: org.apache.ratis.protocol.exceptions.GroupMismatchException: 68d4f79f-8ed5-4598-b947-57f9bc979c0e: Group group-DECE5BE019F2 not found.
	at org.apache.ratis.server.impl.RaftServerProxy.groupRemoveAsync(RaftServerProxy.java:504)
	at org.apache.ratis.server.impl.RaftServerProxy.groupManagementAsync(RaftServerProxy.java:460)
	at org.apache.ratis.server.impl.RaftServerProxy.groupManagement(RaftServerProxy.java:440)
	at org.apache.hadoop.ozone.container.common.transport.server.ratis.XceiverServerRatis.removeGroup(XceiverServerRatis.java:824)
	... 4 more
2021-05-19 07:42:49,775 [Command processor thread] WARN  server.RaftServer (RaftServerProxy.java:remove(101)) - 68d4f79f-8ed5-4598-b947-57f9bc979c0e: does not contain group: group-AC6A57830C75
2021-05-19 07:42:49,775 [Command processor thread] ERROR commandhandler.ClosePipelineCommandHandler (ClosePipelineCommandHandler.java:handle(78)) - Can't close pipeline PipelineID=b2b3615b-70b0-4c95-a861-ac6a57830c75
java.io.IOException: 68d4f79f-8ed5-4598-b947-57f9bc979c0e: Group group-AC6A57830C75 not found.
	at org.apache.hadoop.ozone.container.common.transport.server.ratis.XceiverServerRatis.removeGroup(XceiverServerRatis.java:826)
	at org.apache.hadoop.ozone.container.common.statemachine.commandhandler.ClosePipelineCommandHandler.handle(ClosePipelineCommandHandler.java:74)
	at org.apache.hadoop.ozone.container.common.statemachine.commandhandler.CommandDispatcher.handle(CommandDispatcher.java:99)
	at org.apache.hadoop.ozone.container.common.statemachine.DatanodeStateMachine.lambda$initCommandHandlerThread$2(DatanodeStateMachine.java:506)
	at java.lang.Thread.run(Thread.java:748)
Caused by: org.apache.ratis.protocol.exceptions.GroupMismatchException: 68d4f79f-8ed5-4598-b947-57f9bc979c0e: Group group-AC6A57830C75 not found.
	at org.apache.ratis.server.impl.RaftServerProxy.groupRemoveAsync(RaftServerProxy.java:504)
	at org.apache.ratis.server.impl.RaftServerProxy.groupManagementAsync(RaftServerProxy.java:460)
	at org.apache.ratis.server.impl.RaftServerProxy.groupManagement(RaftServerProxy.java:440)
	at org.apache.hadoop.ozone.container.common.transport.server.ratis.XceiverServerRatis.removeGroup(XceiverServerRatis.java:824)
	... 4 more
2021-05-19 07:42:49,775 [Command processor thread] WARN  server.RaftServer (RaftServerProxy.java:remove(101)) - 68d4f79f-8ed5-4598-b947-57f9bc979c0e: does not contain group: group-76E48770978D
2021-05-19 07:42:49,775 [Command processor thread] ERROR commandhandler.ClosePipelineCommandHandler (ClosePipelineCommandHandler.java:handle(78)) - Can't close pipeline PipelineID=90d79207-282c-4ddc-b3c9-76e48770978d
java.io.IOException: 68d4f79f-8ed5-4598-b947-57f9bc979c0e: Group group-76E48770978D not found.
	at org.apache.hadoop.ozone.container.common.transport.server.ratis.XceiverServerRatis.removeGroup(XceiverServerRatis.java:826)
	at org.apache.hadoop.ozone.container.common.statemachine.commandhandler.ClosePipelineCommandHandler.handle(ClosePipelineCommandHandler.java:74)
	at org.apache.hadoop.ozone.container.common.statemachine.commandhandler.CommandDispatcher.handle(CommandDispatcher.java:99)
	at org.apache.hadoop.ozone.container.common.statemachine.DatanodeStateMachine.lambda$initCommandHandlerThread$2(DatanodeStateMachine.java:506)
	at java.lang.Thread.run(Thread.java:748)
Caused by: org.apache.ratis.protocol.exceptions.GroupMismatchException: 68d4f79f-8ed5-4598-b947-57f9bc979c0e: Group group-76E48770978D not found.
	at org.apache.ratis.server.impl.RaftServerProxy.groupRemoveAsync(RaftServerProxy.java:504)
	at org.apache.ratis.server.impl.RaftServerProxy.groupManagementAsync(RaftServerProxy.java:460)
	at org.apache.ratis.server.impl.RaftServerProxy.groupManagement(RaftServerProxy.java:440)
	at org.apache.hadoop.ozone.container.common.transport.server.ratis.XceiverServerRatis.removeGroup(XceiverServerRatis.java:824)
	... 4 more
2021-05-19 07:42:49,775 [Command processor thread] WARN  server.RaftServer (RaftServerProxy.java:remove(101)) - 68d4f79f-8ed5-4598-b947-57f9bc979c0e: does not contain group: group-DECE5BE019F2
2021-05-19 07:42:49,775 [Command processor thread] ERROR commandhandler.ClosePipelineCommandHandler (ClosePipelineCommandHandler.java:handle(78)) - Can't close pipeline PipelineID=da74cb76-52a2-4b5c-bce9-dece5be019f2
java.io.IOException: 68d4f79f-8ed5-4598-b947-57f9bc979c0e: Group group-DECE5BE019F2 not found.
	at org.apache.hadoop.ozone.container.common.transport.server.ratis.XceiverServerRatis.removeGroup(XceiverServerRatis.java:826)
	at org.apache.hadoop.ozone.container.common.statemachine.commandhandler.ClosePipelineCommandHandler.handle(ClosePipelineCommandHandler.java:74)
	at org.apache.hadoop.ozone.container.common.statemachine.commandhandler.CommandDispatcher.handle(CommandDispatcher.java:99)
	at org.apache.hadoop.ozone.container.common.statemachine.DatanodeStateMachine.lambda$initCommandHandlerThread$2(DatanodeStateMachine.java:506)
	at java.lang.Thread.run(Thread.java:748)
Caused by: org.apache.ratis.protocol.exceptions.GroupMismatchException: 68d4f79f-8ed5-4598-b947-57f9bc979c0e: Group group-DECE5BE019F2 not found.
	at org.apache.ratis.server.impl.RaftServerProxy.groupRemoveAsync(RaftServerProxy.java:504)
	at org.apache.ratis.server.impl.RaftServerProxy.groupManagementAsync(RaftServerProxy.java:460)
	at org.apache.ratis.server.impl.RaftServerProxy.groupManagement(RaftServerProxy.java:440)
	at org.apache.hadoop.ozone.container.common.transport.server.ratis.XceiverServerRatis.removeGroup(XceiverServerRatis.java:824)
	... 4 more
2021-05-19 07:42:49,775 [Command processor thread] WARN  server.RaftServer (RaftServerProxy.java:remove(101)) - 68d4f79f-8ed5-4598-b947-57f9bc979c0e: does not contain group: group-AC6A57830C75
2021-05-19 07:42:49,775 [Command processor thread] ERROR commandhandler.ClosePipelineCommandHandler (ClosePipelineCommandHandler.java:handle(78)) - Can't close pipeline PipelineID=b2b3615b-70b0-4c95-a861-ac6a57830c75
java.io.IOException: 68d4f79f-8ed5-4598-b947-57f9bc979c0e: Group group-AC6A57830C75 not found.
	at org.apache.hadoop.ozone.container.common.transport.server.ratis.XceiverServerRatis.removeGroup(XceiverServerRatis.java:826)
	at org.apache.hadoop.ozone.container.common.statemachine.commandhandler.ClosePipelineCommandHandler.handle(ClosePipelineCommandHandler.java:74)
	at org.apache.hadoop.ozone.container.common.statemachine.commandhandler.CommandDispatcher.handle(CommandDispatcher.java:99)
	at org.apache.hadoop.ozone.container.common.statemachine.DatanodeStateMachine.lambda$initCommandHandlerThread$2(DatanodeStateMachine.java:506)
	at java.lang.Thread.run(Thread.java:748)
Caused by: org.apache.ratis.protocol.exceptions.GroupMismatchException: 68d4f79f-8ed5-4598-b947-57f9bc979c0e: Group group-AC6A57830C75 not found.
	at org.apache.ratis.server.impl.RaftServerProxy.groupRemoveAsync(RaftServerProxy.java:504)
	at org.apache.ratis.server.impl.RaftServerProxy.groupManagementAsync(RaftServerProxy.java:460)
	at org.apache.ratis.server.impl.RaftServerProxy.groupManagement(RaftServerProxy.java:440)
	at org.apache.hadoop.ozone.container.common.transport.server.ratis.XceiverServerRatis.removeGroup(XceiverServerRatis.java:824)
	... 4 more
2021-05-19 07:42:49,776 [Command processor thread] WARN  server.RaftServer (RaftServerProxy.java:remove(101)) - 68d4f79f-8ed5-4598-b947-57f9bc979c0e: does not contain group: group-76E48770978D
2021-05-19 07:42:49,776 [Command processor thread] ERROR commandhandler.ClosePipelineCommandHandler (ClosePipelineCommandHandler.java:handle(78)) - Can't close pipeline PipelineID=90d79207-282c-4ddc-b3c9-76e48770978d
java.io.IOException: 68d4f79f-8ed5-4598-b947-57f9bc979c0e: Group group-76E48770978D not found.
	at org.apache.hadoop.ozone.container.common.transport.server.ratis.XceiverServerRatis.removeGroup(XceiverServerRatis.java:826)
	at org.apache.hadoop.ozone.container.common.statemachine.commandhandler.ClosePipelineCommandHandler.handle(ClosePipelineCommandHandler.java:74)
	at org.apache.hadoop.ozone.container.common.statemachine.commandhandler.CommandDispatcher.handle(CommandDispatcher.java:99)
	at org.apache.hadoop.ozone.container.common.statemachine.DatanodeStateMachine.lambda$initCommandHandlerThread$2(DatanodeStateMachine.java:506)
	at java.lang.Thread.run(Thread.java:748)
Caused by: org.apache.ratis.protocol.exceptions.GroupMismatchException: 68d4f79f-8ed5-4598-b947-57f9bc979c0e: Group group-76E48770978D not found.
	at org.apache.ratis.server.impl.RaftServerProxy.groupRemoveAsync(RaftServerProxy.java:504)
	at org.apache.ratis.server.impl.RaftServerProxy.groupManagementAsync(RaftServerProxy.java:460)
	at org.apache.ratis.server.impl.RaftServerProxy.groupManagement(RaftServerProxy.java:440)
	at org.apache.hadoop.ozone.container.common.transport.server.ratis.XceiverServerRatis.removeGroup(XceiverServerRatis.java:824)
	... 4 more
2021-05-19 07:42:49,776 [Command processor thread] WARN  server.RaftServer (RaftServerProxy.java:remove(101)) - 68d4f79f-8ed5-4598-b947-57f9bc979c0e: does not contain group: group-DECE5BE019F2
2021-05-19 07:42:49,776 [Command processor thread] ERROR commandhandler.ClosePipelineCommandHandler (ClosePipelineCommandHandler.java:handle(78)) - Can't close pipeline PipelineID=da74cb76-52a2-4b5c-bce9-dece5be019f2
java.io.IOException: 68d4f79f-8ed5-4598-b947-57f9bc979c0e: Group group-DECE5BE019F2 not found.
	at org.apache.hadoop.ozone.container.common.transport.server.ratis.XceiverServerRatis.removeGroup(XceiverServerRatis.java:826)
	at org.apache.hadoop.ozone.container.common.statemachine.commandhandler.ClosePipelineCommandHandler.handle(ClosePipelineCommandHandler.java:74)
	at org.apache.hadoop.ozone.container.common.statemachine.commandhandler.CommandDispatcher.handle(CommandDispatcher.java:99)
	at org.apache.hadoop.ozone.container.common.statemachine.DatanodeStateMachine.lambda$initCommandHandlerThread$2(DatanodeStateMachine.java:506)
	at java.lang.Thread.run(Thread.java:748)
Caused by: org.apache.ratis.protocol.exceptions.GroupMismatchException: 68d4f79f-8ed5-4598-b947-57f9bc979c0e: Group group-DECE5BE019F2 not found.
	at org.apache.ratis.server.impl.RaftServerProxy.groupRemoveAsync(RaftServerProxy.java:504)
	at org.apache.ratis.server.impl.RaftServerProxy.groupManagementAsync(RaftServerProxy.java:460)
	at org.apache.ratis.server.impl.RaftServerProxy.groupManagement(RaftServerProxy.java:440)
	at org.apache.hadoop.ozone.container.common.transport.server.ratis.XceiverServerRatis.removeGroup(XceiverServerRatis.java:824)
	... 4 more
2021-05-19 07:42:50,190 [Listener at 127.0.0.1/41639] WARN  io.KeyOutputStream (KeyOutputStream.java:handleException(311)) - Encountered exception java.io.IOException: Unexpected Storage Container Exception: java.util.concurrent.CompletionException: Failed to write chunk 107544261427200001_chunk_6 into block conID: 1 locID: 107544261427200001 bcsId: 10 on the pipeline Pipeline[ Id: 8c84198b-96dd-4712-91c9-cd7ce254a7b8, Nodes: a14714da-c87c-4361-b393-7e96cf422ed7{ip: 172.17.0.2, host: 3974e5c036b4, ports: [REPLICATION=40039, RATIS=45547, RATIS_ADMIN=45547, RATIS_SERVER=45547, STANDALONE=44867], networkLocation: /default-rack, certSerialId: null, persistedOpState: IN_SERVICE, persistedOpStateExpiryEpochSec: 0}, ReplicationConfig: RATIS/ONE, State:OPEN, leaderId:a14714da-c87c-4361-b393-7e96cf422ed7, CreationTimestamp2021-05-19T07:41:57.684Z]. The last committed block length is 500, uncommitted data length is 300 retry count 0
2021-05-19 07:42:50,193 [Listener at 127.0.0.1/41639] INFO  metrics.RatisMetrics (RatisMetrics.java:lambda$create$0(36)) - Creating Metrics Registry : ratis.client_message_metrics.client-CDE267A971C4->37b2c1ee-956a-4dec-b232-912a6a25ff9b
2021-05-19 07:42:50,290 [Listener at 127.0.0.1/41639] INFO  impl.MetricsSystemImpl (MetricsSystemImpl.java:init(158)) - HddsDatanode metrics system started (again)
2021-05-19 07:42:50,315 [Listener at 127.0.0.1/41639] INFO  ozone.HddsDatanodeService (HddsDatanodeService.java:start(220)) - HddsDatanodeService host:3974e5c036b4 ip:172.17.0.2
2021-05-19 07:42:50,332 [Listener at 127.0.0.1/41639] INFO  volume.HddsVolume (HddsVolume.java:<init>(184)) - Creating Volume: /github/workspace/mnt/ozone/hadoop-ozone/integration-test/target/test-dir/MiniOzoneClusterImpl-952c9dfc-8967-4523-b06f-60d3bd5de2bf/datanode-2/data-0/containers/hdds of storage type : DISK and capacity : 9223372036854775807
2021-05-19 07:42:50,333 [Listener at 127.0.0.1/41639] INFO  volume.MutableVolumeSet (MutableVolumeSet.java:initializeVolumeSet(195)) - Added Volume : /github/workspace/mnt/ozone/hadoop-ozone/integration-test/target/test-dir/MiniOzoneClusterImpl-952c9dfc-8967-4523-b06f-60d3bd5de2bf/datanode-2/data-0/containers/hdds to VolumeSet
2021-05-19 07:42:50,333 [Listener at 127.0.0.1/41639] INFO  volume.ThrottledAsyncChecker (ThrottledAsyncChecker.java:schedule(141)) - Scheduling a check for /github/workspace/mnt/ozone/hadoop-ozone/integration-test/target/test-dir/MiniOzoneClusterImpl-952c9dfc-8967-4523-b06f-60d3bd5de2bf/datanode-2/data-0/containers/hdds
2021-05-19 07:42:50,333 [Listener at 127.0.0.1/41639] INFO  volume.HddsVolumeChecker (HddsVolumeChecker.java:checkAllVolumes(200)) - Scheduled health check for volume /github/workspace/mnt/ozone/hadoop-ozone/integration-test/target/test-dir/MiniOzoneClusterImpl-952c9dfc-8967-4523-b06f-60d3bd5de2bf/datanode-2/data-0/containers/hdds
2021-05-19 07:42:50,352 [Listener at 127.0.0.1/41639] INFO  ozoneimpl.ContainerReader (ContainerReader.java:<init>(98)) - Running in upgrade mode:true
2021-05-19 07:42:50,353 [Thread-1289] INFO  ozoneimpl.ContainerReader (ContainerReader.java:readVolume(142)) - Start to verify containers on volume /github/workspace/mnt/ozone/hadoop-ozone/integration-test/target/test-dir/MiniOzoneClusterImpl-952c9dfc-8967-4523-b06f-60d3bd5de2bf/datanode-2/data-0/containers/hdds
2021-05-19 07:42:50,381 [Thread-1289] INFO  ozoneimpl.ContainerReader (ContainerReader.java:readVolume(174)) - Finish verifying containers on volume /github/workspace/mnt/ozone/hadoop-ozone/integration-test/target/test-dir/MiniOzoneClusterImpl-952c9dfc-8967-4523-b06f-60d3bd5de2bf/datanode-2/data-0/containers/hdds
2021-05-19 07:42:50,381 [Listener at 127.0.0.1/41639] INFO  ozoneimpl.OzoneContainer (OzoneContainer.java:buildContainerSet(224)) - Build ContainerSet costs 0s
2021-05-19 07:42:50,383 [Listener at 127.0.0.1/41639] INFO  server.RaftServer (ConfUtils.java:logGet(44)) - raft.rpc.type = GRPC (default)
2021-05-19 07:42:50,383 [Listener at 127.0.0.1/41639] INFO  grpc.GrpcFactory (GrpcFactory.java:checkPooledByteBufAllocatorUseCacheForAllThreads(48)) - PERFORMANCE WARNING: useCacheForAllThreads is true that may cause Netty to create a lot garbage objects and, as a result, trigger GC.
	It is recommended to disable useCacheForAllThreads by setting -Dorg.apache.ratis.thirdparty.io.netty.allocator.useCacheForAllThreads=false in command line.
2021-05-19 07:42:50,383 [Listener at 127.0.0.1/41639] INFO  grpc.GrpcConfigKeys (ConfUtils.java:logGet(44)) - raft.grpc.admin.port = 45547 (custom)
2021-05-19 07:42:50,383 [Listener at 127.0.0.1/41639] INFO  grpc.GrpcConfigKeys (ConfUtils.java:logGet(44)) - raft.grpc.client.port = 45547 (custom)
2021-05-19 07:42:50,383 [Listener at 127.0.0.1/41639] INFO  grpc.GrpcConfigKeys (ConfUtils.java:logGet(44)) - raft.grpc.server.port = 45547 (custom)
2021-05-19 07:42:50,383 [Listener at 127.0.0.1/41639] INFO  server.GrpcService (ConfUtils.java:logGet(44)) - raft.grpc.message.size.max = 32MB (=33554432) (custom)
2021-05-19 07:42:50,383 [Listener at 127.0.0.1/41639] INFO  server.RaftServerConfigKeys (ConfUtils.java:logGet(44)) - raft.server.log.appender.buffer.byte-limit = 33554432 (custom)
2021-05-19 07:42:50,383 [Listener at 127.0.0.1/41639] INFO  server.GrpcService (ConfUtils.java:logGet(44)) - raft.grpc.flow.control.window = 5MB (=5242880) (custom)
2021-05-19 07:42:50,384 [Listener at 127.0.0.1/41639] INFO  server.RaftServerConfigKeys (ConfUtils.java:logGet(44)) - raft.server.rpc.request.timeout = 3000ms (default)
2021-05-19 07:42:50,385 [Listener at 127.0.0.1/41639] INFO  impl.DataStreamServerImpl (ConfUtils.java:logGet(44)) - raft.datastream.type = DISABLED (default)
2021-05-19 07:42:50,385 [Listener at 127.0.0.1/41639] INFO  server.RaftServerConfigKeys (ConfUtils.java:logGet(44)) - raft.server.rpc.slowness.timeout = 300000ms (custom)
2021-05-19 07:42:50,385 [Listener at 127.0.0.1/41639] INFO  server.RaftServerConfigKeys (ConfUtils.java:logGet(44)) - raft.server.leaderelection.leader.step-down.wait-time = 10s (default)
2021-05-19 07:42:50,385 [Listener at 127.0.0.1/41639] INFO  server.RaftServerConfigKeys (ConfUtils.java:logGet(44)) - raft.server.storage.dir = [/github/workspace/mnt/ozone/hadoop-ozone/integration-test/target/test-dir/MiniOzoneClusterImpl-952c9dfc-8967-4523-b06f-60d3bd5de2bf/datanode-2/data/ratis] (custom)
2021-05-19 07:42:50,385 [Listener at 127.0.0.1/41639] INFO  server.RaftServer (RaftServerProxy.java:lambda$null$1(235)) - a14714da-c87c-4361-b393-7e96cf422ed7: found a subdirectory /github/workspace/mnt/ozone/hadoop-ozone/integration-test/target/test-dir/MiniOzoneClusterImpl-952c9dfc-8967-4523-b06f-60d3bd5de2bf/datanode-2/data/ratis/90d79207-282c-4ddc-b3c9-76e48770978d
2021-05-19 07:42:50,387 [Listener at 127.0.0.1/41639] INFO  server.RaftServer (RaftServerProxy.java:addNew(95)) - a14714da-c87c-4361-b393-7e96cf422ed7: addNew group-76E48770978D:[] returns group-76E48770978D:java.util.concurrent.CompletableFuture@1a976528[Not completed]
2021-05-19 07:42:50,387 [Listener at 127.0.0.1/41639] INFO  server.RaftServer (RaftServerProxy.java:lambda$null$1(235)) - a14714da-c87c-4361-b393-7e96cf422ed7: found a subdirectory /github/workspace/mnt/ozone/hadoop-ozone/integration-test/target/test-dir/MiniOzoneClusterImpl-952c9dfc-8967-4523-b06f-60d3bd5de2bf/datanode-2/data/ratis/8c84198b-96dd-4712-91c9-cd7ce254a7b8
2021-05-19 07:42:50,388 [Listener at 127.0.0.1/41639] INFO  server.RaftServer (RaftServerProxy.java:addNew(95)) - a14714da-c87c-4361-b393-7e96cf422ed7: addNew group-CD7CE254A7B8:[] returns group-CD7CE254A7B8:java.util.concurrent.CompletableFuture@46d29bf4[Not completed]
2021-05-19 07:42:50,388 [Listener at 127.0.0.1/41639] INFO  server.RaftServer (RaftServerProxy.java:lambda$null$1(235)) - a14714da-c87c-4361-b393-7e96cf422ed7: found a subdirectory /github/workspace/mnt/ozone/hadoop-ozone/integration-test/target/test-dir/MiniOzoneClusterImpl-952c9dfc-8967-4523-b06f-60d3bd5de2bf/datanode-2/data/ratis/b2b3615b-70b0-4c95-a861-ac6a57830c75
2021-05-19 07:42:50,388 [Listener at 127.0.0.1/41639] INFO  server.RaftServer (RaftServerProxy.java:addNew(95)) - a14714da-c87c-4361-b393-7e96cf422ed7: addNew group-AC6A57830C75:[] returns group-AC6A57830C75:java.util.concurrent.CompletableFuture@1a732da2[Not completed]
2021-05-19 07:42:50,388 [Listener at 127.0.0.1/41639] INFO  server.RaftServer (RaftServerProxy.java:lambda$null$1(235)) - a14714da-c87c-4361-b393-7e96cf422ed7: found a subdirectory /github/workspace/mnt/ozone/hadoop-ozone/integration-test/target/test-dir/MiniOzoneClusterImpl-952c9dfc-8967-4523-b06f-60d3bd5de2bf/datanode-2/data/ratis/da74cb76-52a2-4b5c-bce9-dece5be019f2
2021-05-19 07:42:50,388 [Listener at 127.0.0.1/41639] INFO  server.RaftServer (RaftServerProxy.java:addNew(95)) - a14714da-c87c-4361-b393-7e96cf422ed7: addNew group-DECE5BE019F2:[] returns group-DECE5BE019F2:java.util.concurrent.CompletableFuture@32f030c7[Not completed]
2021-05-19 07:42:50,391 [pool-371-thread-1] INFO  server.RaftServer$Division (RaftServerImpl.java:<init>(180)) - a14714da-c87c-4361-b393-7e96cf422ed7: new RaftServerImpl for group-76E48770978D:[] with ContainerStateMachine:uninitialized
2021-05-19 07:42:50,392 [pool-371-thread-1] INFO  server.RaftServerConfigKeys (ConfUtils.java:logGet(44)) - raft.server.rpc.timeout.min = 5s (custom)
2021-05-19 07:42:50,392 [pool-371-thread-1] INFO  server.RaftServerConfigKeys (ConfUtils.java:logGet(44)) - raft.server.rpc.timeout.max = 5200ms (custom)
2021-05-19 07:42:50,392 [pool-371-thread-1] INFO  server.RaftServerConfigKeys (ConfUtils.java:logGet(44)) - raft.server.rpc.sleep.time = 25ms (default)
2021-05-19 07:42:50,392 [pool-371-thread-1] INFO  server.RaftServerConfigKeys (ConfUtils.java:logGet(44)) - raft.server.rpc.slowness.timeout = 300000ms (custom)
2021-05-19 07:42:50,392 [pool-371-thread-1] INFO  server.RaftServerConfigKeys (ConfUtils.java:logGet(44)) - raft.server.leaderelection.leader.step-down.wait-time = 10s (default)
2021-05-19 07:42:50,392 [pool-371-thread-1] INFO  server.RaftServerConfigKeys (ConfUtils.java:logGet(44)) - raft.server.sleep.deviation.threshold = 300ms (default)
2021-05-19 07:42:50,392 [pool-371-thread-1] INFO  server.RaftServerConfigKeys (ConfUtils.java:logGet(44)) - raft.server.log.appender.install.snapshot.enabled = false (custom)
2021-05-19 07:42:50,392 [pool-371-thread-1] INFO  server.RaftServer$Division (ServerState.java:<init>(105)) - a14714da-c87c-4361-b393-7e96cf422ed7@group-76E48770978D: ConfigurationManager, init=-1: [], old=null, confs=<EMPTY_MAP>
2021-05-19 07:42:50,392 [pool-371-thread-1] INFO  server.RaftServerConfigKeys (ConfUtils.java:logGet(44)) - raft.server.storage.dir = [/github/workspace/mnt/ozone/hadoop-ozone/integration-test/target/test-dir/MiniOzoneClusterImpl-952c9dfc-8967-4523-b06f-60d3bd5de2bf/datanode-2/data/ratis] (custom)
2021-05-19 07:42:50,393 [pool-371-thread-1] INFO  server.RaftServerConfigKeys (ConfUtils.java:logGet(44)) - raft.server.log.corruption.policy = EXCEPTION (default)
2021-05-19 07:42:50,393 [Listener at 127.0.0.1/41639] INFO  http.BaseHttpServer (BaseHttpServer.java:newHttpServer2BuilderForOzone(209)) - Starting Web-server for hddsDatanode at: http://0.0.0.0:38627
2021-05-19 07:42:50,393 [Listener at 127.0.0.1/41639] INFO  http.BaseHttpServer (BaseHttpServer.java:<init>(107)) - Hadoop Security Enabled: false Ozone Security Enabled: false Ozone HTTP Security Enabled: false 
2021-05-19 07:42:50,393 [pool-371-thread-1] INFO  storage.RaftStorageDirectory (RaftStorageDirectoryImpl.java:tryLock(215)) - Lock on /github/workspace/mnt/ozone/hadoop-ozone/integration-test/target/test-dir/MiniOzoneClusterImpl-952c9dfc-8967-4523-b06f-60d3bd5de2bf/datanode-2/data/ratis/90d79207-282c-4ddc-b3c9-76e48770978d/in_use.lock acquired by nodename 16447@3974e5c036b4
2021-05-19 07:42:50,394 [Listener at 127.0.0.1/41639] INFO  server.AuthenticationFilter (AuthenticationFilter.java:constructSecretProvider(240)) - Unable to initialize FileSignerSecretProvider, falling back to use random secrets.
2021-05-19 07:42:50,395 [pool-371-thread-1] INFO  storage.RaftStorage (RaftStorageImpl.java:analyzeAndRecoverStorage(108)) - Read RaftStorageMetadata{term=3, votedFor=a14714da-c87c-4361-b393-7e96cf422ed7} from /github/workspace/mnt/ozone/hadoop-ozone/integration-test/target/test-dir/MiniOzoneClusterImpl-952c9dfc-8967-4523-b06f-60d3bd5de2bf/datanode-2/data/ratis/90d79207-282c-4ddc-b3c9-76e48770978d/current/raft-meta
2021-05-19 07:42:50,396 [Listener at 127.0.0.1/41639] WARN  http.HttpRequestLog (HttpRequestLog.java:getRequestLog(103)) - Jetty request log can only be enabled using Log4j
2021-05-19 07:42:50,397 [pool-371-thread-1] INFO  ratis.ContainerStateMachine (ContainerStateMachine.java:loadSnapshot(224)) - group-76E48770978D: The snapshot info is null. Setting the last applied indexto:(t:0, i:~)
2021-05-19 07:42:50,397 [pool-371-thread-1] INFO  server.RaftServerConfigKeys (ConfUtils.java:logGet(44)) - raft.server.notification.no-leader.timeout = 300000ms (custom)
2021-05-19 07:42:50,397 [pool-371-thread-1] INFO  server.RaftServerConfigKeys (ConfUtils.java:logGet(44)) - raft.server.log.use.memory = false (default)
2021-05-19 07:42:50,397 [pool-371-thread-1] INFO  server.RaftServerConfigKeys (ConfUtils.java:logGet(44)) - raft.server.log.purge.gap = 1000000 (custom)
2021-05-19 07:42:50,397 [pool-371-thread-1] INFO  server.RaftServerConfigKeys (ConfUtils.java:logGet(44)) - raft.server.log.appender.buffer.byte-limit = 33554432 (custom)
2021-05-19 07:42:50,397 [pool-371-thread-1] INFO  metrics.RatisMetrics (RatisMetrics.java:lambda$create$0(36)) - Creating Metrics Registry : ratis.log_worker.a14714da-c87c-4361-b393-7e96cf422ed7@group-76E48770978D
2021-05-19 07:42:50,397 [pool-371-thread-1] INFO  server.RaftServerConfigKeys (ConfUtils.java:logGet(44)) - raft.server.log.segment.size.max = 1048576 (custom)
2021-05-19 07:42:50,398 [pool-371-thread-1] INFO  server.RaftServerConfigKeys (ConfUtils.java:logGet(44)) - raft.server.log.segment.cache.num.max = 2 (custom)
2021-05-19 07:42:50,398 [pool-371-thread-1] INFO  server.RaftServerConfigKeys (ConfUtils.java:logGet(44)) - raft.server.log.segment.cache.size.max = 200MB (=209715200) (default)
2021-05-19 07:42:50,398 [pool-371-thread-1] INFO  segmented.SegmentedRaftLogWorker (SegmentedRaftLogWorker.java:<init>(182)) - new a14714da-c87c-4361-b393-7e96cf422ed7@group-76E48770978D-SegmentedRaftLogWorker for RaftStorageImpl:Storage Directory /github/workspace/mnt/ozone/hadoop-ozone/integration-test/target/test-dir/MiniOzoneClusterImpl-952c9dfc-8967-4523-b06f-60d3bd5de2bf/datanode-2/data/ratis/90d79207-282c-4ddc-b3c9-76e48770978d
2021-05-19 07:42:50,398 [pool-371-thread-1] INFO  server.RaftServerConfigKeys (ConfUtils.java:logGet(44)) - raft.server.log.queue.byte-limit = 2147483647 (custom)
2021-05-19 07:42:50,398 [pool-371-thread-1] INFO  server.RaftServerConfigKeys (ConfUtils.java:logGet(44)) - raft.server.log.queue.element-limit = 1024 (custom)
2021-05-19 07:42:50,398 [pool-371-thread-1] INFO  server.RaftServerConfigKeys (ConfUtils.java:logGet(44)) - raft.server.log.segment.size.max = 1048576 (custom)
2021-05-19 07:42:50,398 [pool-371-thread-1] INFO  server.RaftServerConfigKeys (ConfUtils.java:logGet(44)) - raft.server.log.preallocated.size = 16384 (custom)
2021-05-19 07:42:50,398 [pool-371-thread-1] INFO  server.RaftServerConfigKeys (ConfUtils.java:logGet(44)) - raft.server.log.force.sync.num = 128 (default)
2021-05-19 07:42:50,398 [pool-371-thread-1] INFO  server.RaftServerConfigKeys (ConfUtils.java:logGet(44)) - raft.server.log.statemachine.data.sync = true (default)
2021-05-19 07:42:50,400 [pool-371-thread-1] INFO  server.RaftServerConfigKeys (ConfUtils.java:logGet(44)) - raft.server.log.statemachine.data.sync.timeout = 10s (default)
2021-05-19 07:42:50,400 [pool-371-thread-1] INFO  server.RaftServerConfigKeys (ConfUtils.java:logGet(44)) - raft.server.log.statemachine.data.sync.timeout.retry = -1 (default)
2021-05-19 07:42:50,401 [pool-371-thread-1] INFO  server.RaftServerConfigKeys (ConfUtils.java:logGet(44)) - raft.server.log.write.buffer.size = 1048576 (custom)
2021-05-19 07:42:50,401 [pool-371-thread-1] INFO  server.RaftServerConfigKeys (ConfUtils.java:logGet(44)) - raft.server.log.statemachine.data.caching.enabled = true (custom)
2021-05-19 07:42:50,402 [pool-371-thread-1] INFO  segmented.SegmentedRaftLogWorker (SegmentedRaftLogWorker.java:lambda$new$0(133)) - a14714da-c87c-4361-b393-7e96cf422ed7@group-76E48770978D-SegmentedRaftLogWorker: flushIndex: setUnconditionally 0 -> -1
2021-05-19 07:42:50,402 [pool-371-thread-1] INFO  segmented.SegmentedRaftLogWorker (SegmentedRaftLogWorker.java:lambda$new$0(133)) - a14714da-c87c-4361-b393-7e96cf422ed7@group-76E48770978D-SegmentedRaftLogWorker: safeCacheEvictIndex: setUnconditionally 0 -> -1
2021-05-19 07:42:50,402 [Listener at 127.0.0.1/41639] INFO  http.HttpServer2 (HttpServer2.java:addGlobalFilter(1020)) - Added global filter 'safety' (class=org.apache.hadoop.hdds.server.http.HttpServer2$QuotingInputFilter)
2021-05-19 07:42:50,403 [Listener at 127.0.0.1/41639] INFO  http.HttpServer2 (HttpServer2.java:addFilter(996)) - Added filter static_user_filter (class=org.apache.hadoop.http.lib.StaticUserWebFilter$StaticUserFilter) to context hddsDatanode
2021-05-19 07:42:50,403 [Listener at 127.0.0.1/41639] INFO  http.HttpServer2 (HttpServer2.java:addFilter(1004)) - Added filter static_user_filter (class=org.apache.hadoop.http.lib.StaticUserWebFilter$StaticUserFilter) to context static
2021-05-19 07:42:50,403 [Listener at 127.0.0.1/41639] INFO  http.HttpServer2 (HttpServer2.java:addFilter(1004)) - Added filter static_user_filter (class=org.apache.hadoop.http.lib.StaticUserWebFilter$StaticUserFilter) to context logs
2021-05-19 07:42:50,403 [Listener at 127.0.0.1/41639] INFO  http.HttpServer2 (HttpServer2.java:bindListener(1238)) - Jetty bound to port 38627
2021-05-19 07:42:50,404 [Listener at 127.0.0.1/41639] INFO  server.Server (Server.java:doStart(375)) - jetty-9.4.35.v20201120; built: 2020-11-20T21:17:03.964Z; git: bdc54f03a5e0a7e280fab27f55c3c75ee8da89fb; jvm 1.8.0_232-b09
2021-05-19 07:42:50,406 [pool-371-thread-1] INFO  server.RaftServerConfigKeys (ConfUtils.java:logGet(44)) - raft.server.snapshot.auto.trigger.enabled = true (custom)
2021-05-19 07:42:50,406 [pool-371-thread-1] INFO  server.RaftServerConfigKeys (ConfUtils.java:logGet(44)) - raft.server.snapshot.auto.trigger.threshold = 10000 (custom)
2021-05-19 07:42:50,406 [pool-371-thread-1] INFO  server.RaftServerConfigKeys (ConfUtils.java:logGet(44)) - raft.server.snapshot.retention.file.num = 5 (custom)
2021-05-19 07:42:50,406 [pool-371-thread-1] INFO  server.RaftServerConfigKeys (ConfUtils.java:logGet(44)) - raft.server.log.purge.upto.snapshot.index = false (default)
2021-05-19 07:42:50,406 [pool-371-thread-1] INFO  server.RaftServerConfigKeys (ConfUtils.java:logGet(44)) - raft.server.retrycache.expirytime = 600000ms (custom)
2021-05-19 07:42:50,407 [pool-371-thread-1] INFO  server.RaftServerConfigKeys (ConfUtils.java:logGet(44)) - raft.server.retrycache.statistics.expirytime = 100?s (default)
2021-05-19 07:42:50,407 [pool-371-thread-1] INFO  metrics.RatisMetrics (RatisMetrics.java:lambda$create$0(36)) - Creating Metrics Registry : ratis.leader_election.a14714da-c87c-4361-b393-7e96cf422ed7@group-76E48770978D
2021-05-19 07:42:50,407 [pool-371-thread-1] INFO  metrics.RatisMetrics (RatisMetrics.java:lambda$create$0(36)) - Creating Metrics Registry : ratis.server.a14714da-c87c-4361-b393-7e96cf422ed7@group-76E48770978D
2021-05-19 07:42:50,408 [pool-371-thread-1] INFO  server.RaftServer$Division (RaftServerImpl.java:<init>(180)) - a14714da-c87c-4361-b393-7e96cf422ed7: new RaftServerImpl for group-CD7CE254A7B8:[] with ContainerStateMachine:uninitialized
2021-05-19 07:42:50,409 [pool-371-thread-1] INFO  server.RaftServerConfigKeys (ConfUtils.java:logGet(44)) - raft.server.rpc.timeout.min = 5s (custom)
2021-05-19 07:42:50,409 [pool-371-thread-1] INFO  server.RaftServerConfigKeys (ConfUtils.java:logGet(44)) - raft.server.rpc.timeout.max = 5200ms (custom)
2021-05-19 07:42:50,409 [pool-371-thread-1] INFO  server.RaftServerConfigKeys (ConfUtils.java:logGet(44)) - raft.server.rpc.sleep.time = 25ms (default)
2021-05-19 07:42:50,409 [pool-371-thread-1] INFO  server.RaftServerConfigKeys (ConfUtils.java:logGet(44)) - raft.server.rpc.slowness.timeout = 300000ms (custom)
2021-05-19 07:42:50,409 [pool-371-thread-1] INFO  server.RaftServerConfigKeys (ConfUtils.java:logGet(44)) - raft.server.leaderelection.leader.step-down.wait-time = 10s (default)
2021-05-19 07:42:50,409 [pool-371-thread-1] INFO  server.RaftServerConfigKeys (ConfUtils.java:logGet(44)) - raft.server.sleep.deviation.threshold = 300ms (default)
2021-05-19 07:42:50,409 [pool-371-thread-1] INFO  server.RaftServerConfigKeys (ConfUtils.java:logGet(44)) - raft.server.log.appender.install.snapshot.enabled = false (custom)
2021-05-19 07:42:50,409 [pool-371-thread-1] INFO  server.RaftServer$Division (ServerState.java:<init>(105)) - a14714da-c87c-4361-b393-7e96cf422ed7@group-CD7CE254A7B8: ConfigurationManager, init=-1: [], old=null, confs=<EMPTY_MAP>
2021-05-19 07:42:50,409 [pool-371-thread-1] INFO  server.RaftServerConfigKeys (ConfUtils.java:logGet(44)) - raft.server.storage.dir = [/github/workspace/mnt/ozone/hadoop-ozone/integration-test/target/test-dir/MiniOzoneClusterImpl-952c9dfc-8967-4523-b06f-60d3bd5de2bf/datanode-2/data/ratis] (custom)
2021-05-19 07:42:50,409 [pool-371-thread-1] INFO  server.RaftServerConfigKeys (ConfUtils.java:logGet(44)) - raft.server.log.corruption.policy = EXCEPTION (default)
2021-05-19 07:42:50,410 [pool-371-thread-1] INFO  storage.RaftStorageDirectory (RaftStorageDirectoryImpl.java:tryLock(215)) - Lock on /github/workspace/mnt/ozone/hadoop-ozone/integration-test/target/test-dir/MiniOzoneClusterImpl-952c9dfc-8967-4523-b06f-60d3bd5de2bf/datanode-2/data/ratis/8c84198b-96dd-4712-91c9-cd7ce254a7b8/in_use.lock acquired by nodename 16447@3974e5c036b4
2021-05-19 07:42:50,410 [pool-371-thread-1] INFO  storage.RaftStorage (RaftStorageImpl.java:analyzeAndRecoverStorage(108)) - Read RaftStorageMetadata{term=1, votedFor=a14714da-c87c-4361-b393-7e96cf422ed7} from /github/workspace/mnt/ozone/hadoop-ozone/integration-test/target/test-dir/MiniOzoneClusterImpl-952c9dfc-8967-4523-b06f-60d3bd5de2bf/datanode-2/data/ratis/8c84198b-96dd-4712-91c9-cd7ce254a7b8/current/raft-meta
2021-05-19 07:42:50,412 [pool-371-thread-1] INFO  ratis.ContainerStateMachine (ContainerStateMachine.java:loadSnapshot(233)) - group-CD7CE254A7B8: Setting the last applied index to (t:1, i:11)
2021-05-19 07:42:50,414 [pool-371-thread-1] INFO  server.RaftServer$Division (ServerState.java:setRaftConf(373)) - a14714da-c87c-4361-b393-7e96cf422ed7@group-CD7CE254A7B8: set configuration 0: [a14714da-c87c-4361-b393-7e96cf422ed7|rpc:172.17.0.2:45547|dataStream:|priority:1], old=null
2021-05-19 07:42:50,415 [pool-371-thread-1] INFO  server.RaftServerConfigKeys (ConfUtils.java:logGet(44)) - raft.server.notification.no-leader.timeout = 300000ms (custom)
2021-05-19 07:42:50,415 [pool-371-thread-1] INFO  server.RaftServerConfigKeys (ConfUtils.java:logGet(44)) - raft.server.log.use.memory = false (default)
2021-05-19 07:42:50,415 [pool-371-thread-1] INFO  server.RaftServerConfigKeys (ConfUtils.java:logGet(44)) - raft.server.log.purge.gap = 1000000 (custom)
2021-05-19 07:42:50,415 [pool-371-thread-1] INFO  server.RaftServerConfigKeys (ConfUtils.java:logGet(44)) - raft.server.log.appender.buffer.byte-limit = 33554432 (custom)
2021-05-19 07:42:50,415 [pool-371-thread-1] INFO  metrics.RatisMetrics (RatisMetrics.java:lambda$create$0(36)) - Creating Metrics Registry : ratis.log_worker.a14714da-c87c-4361-b393-7e96cf422ed7@group-CD7CE254A7B8
2021-05-19 07:42:50,415 [pool-371-thread-1] INFO  server.RaftServerConfigKeys (ConfUtils.java:logGet(44)) - raft.server.log.segment.size.max = 1048576 (custom)
2021-05-19 07:42:50,415 [pool-371-thread-1] INFO  server.RaftServerConfigKeys (ConfUtils.java:logGet(44)) - raft.server.log.segment.cache.num.max = 2 (custom)
2021-05-19 07:42:50,416 [pool-371-thread-1] INFO  server.RaftServerConfigKeys (ConfUtils.java:logGet(44)) - raft.server.log.segment.cache.size.max = 200MB (=209715200) (default)
2021-05-19 07:42:50,416 [pool-371-thread-1] INFO  segmented.SegmentedRaftLogWorker (SegmentedRaftLogWorker.java:<init>(182)) - new a14714da-c87c-4361-b393-7e96cf422ed7@group-CD7CE254A7B8-SegmentedRaftLogWorker for RaftStorageImpl:Storage Directory /github/workspace/mnt/ozone/hadoop-ozone/integration-test/target/test-dir/MiniOzoneClusterImpl-952c9dfc-8967-4523-b06f-60d3bd5de2bf/datanode-2/data/ratis/8c84198b-96dd-4712-91c9-cd7ce254a7b8
2021-05-19 07:42:50,416 [pool-371-thread-1] INFO  server.RaftServerConfigKeys (ConfUtils.java:logGet(44)) - raft.server.log.queue.byte-limit = 2147483647 (custom)
2021-05-19 07:42:50,416 [pool-371-thread-1] INFO  server.RaftServerConfigKeys (ConfUtils.java:logGet(44)) - raft.server.log.queue.element-limit = 1024 (custom)
2021-05-19 07:42:50,416 [pool-371-thread-1] INFO  server.RaftServerConfigKeys (ConfUtils.java:logGet(44)) - raft.server.log.segment.size.max = 1048576 (custom)
2021-05-19 07:42:50,416 [pool-371-thread-1] INFO  server.RaftServerConfigKeys (ConfUtils.java:logGet(44)) - raft.server.log.preallocated.size = 16384 (custom)
2021-05-19 07:42:50,416 [pool-371-thread-1] INFO  server.RaftServerConfigKeys (ConfUtils.java:logGet(44)) - raft.server.log.force.sync.num = 128 (default)
2021-05-19 07:42:50,416 [pool-371-thread-1] INFO  server.RaftServerConfigKeys (ConfUtils.java:logGet(44)) - raft.server.log.statemachine.data.sync = true (default)
2021-05-19 07:42:50,416 [pool-371-thread-1] INFO  server.RaftServerConfigKeys (ConfUtils.java:logGet(44)) - raft.server.log.statemachine.data.sync.timeout = 10s (default)
2021-05-19 07:42:50,416 [pool-371-thread-1] INFO  server.RaftServerConfigKeys (ConfUtils.java:logGet(44)) - raft.server.log.statemachine.data.sync.timeout.retry = -1 (default)
2021-05-19 07:42:50,427 [pool-371-thread-1] INFO  server.RaftServerConfigKeys (ConfUtils.java:logGet(44)) - raft.server.log.write.buffer.size = 1048576 (custom)
2021-05-19 07:42:50,427 [pool-371-thread-1] INFO  server.RaftServerConfigKeys (ConfUtils.java:logGet(44)) - raft.server.log.statemachine.data.caching.enabled = true (custom)
2021-05-19 07:42:50,429 [Listener at 127.0.0.1/41639] INFO  server.session (DefaultSessionIdManager.java:doStart(334)) - DefaultSessionIdManager workerName=node0
2021-05-19 07:42:50,430 [Listener at 127.0.0.1/41639] INFO  server.session (DefaultSessionIdManager.java:doStart(339)) - No SessionScavenger set, using defaults
2021-05-19 07:42:50,430 [Listener at 127.0.0.1/41639] INFO  server.session (HouseKeeper.java:startScavenging(132)) - node0 Scavenging every 660000ms
2021-05-19 07:42:50,430 [Listener at 127.0.0.1/41639] INFO  handler.ContextHandler (ContextHandler.java:doStart(916)) - Started o.e.j.s.ServletContextHandler@1f0544a1{logs,/logs,file:///github/workspace/mnt/ozone/hadoop-ozone/integration-test/target/log,AVAILABLE}
2021-05-19 07:42:50,431 [Listener at 127.0.0.1/41639] INFO  handler.ContextHandler (ContextHandler.java:doStart(916)) - Started o.e.j.s.ServletContextHandler@752f7f5c{static,/static,jar:file:/home/user/.m2/repository/org/apache/hadoop/hadoop-hdds-container-service/1.2.0-SNAPSHOT/hadoop-hdds-container-service-1.2.0-SNAPSHOT.jar!/webapps/static,AVAILABLE}
2021-05-19 07:42:50,454 [pool-371-thread-1] INFO  server.RaftServer$Division (ServerState.java:setRaftConf(373)) - a14714da-c87c-4361-b393-7e96cf422ed7@group-CD7CE254A7B8: set configuration 0: [a14714da-c87c-4361-b393-7e96cf422ed7|rpc:172.17.0.2:45547|dataStream:|priority:1], old=null
2021-05-19 07:42:50,454 [pool-371-thread-1] INFO  segmented.LogSegment (LogSegment.java:loadSegment(173)) - Successfully read 12 entries from segment file /github/workspace/mnt/ozone/hadoop-ozone/integration-test/target/test-dir/MiniOzoneClusterImpl-952c9dfc-8967-4523-b06f-60d3bd5de2bf/datanode-2/data/ratis/8c84198b-96dd-4712-91c9-cd7ce254a7b8/current/log_inprogress_0
2021-05-19 07:42:50,455 [pool-371-thread-1] INFO  segmented.SegmentedRaftLogWorker (SegmentedRaftLogWorker.java:lambda$new$0(133)) - a14714da-c87c-4361-b393-7e96cf422ed7@group-CD7CE254A7B8-SegmentedRaftLogWorker: flushIndex: setUnconditionally 0 -> 11
2021-05-19 07:42:50,455 [pool-371-thread-1] INFO  segmented.SegmentedRaftLogWorker (SegmentedRaftLogWorker.java:lambda$new$0(133)) - a14714da-c87c-4361-b393-7e96cf422ed7@group-CD7CE254A7B8-SegmentedRaftLogWorker: safeCacheEvictIndex: setUnconditionally 0 -> -1
2021-05-19 07:42:50,458 [pool-371-thread-1] INFO  raftlog.RaftLog (RaftLogBase.java:lambda$new$0(53)) - a14714da-c87c-4361-b393-7e96cf422ed7@group-CD7CE254A7B8-SegmentedRaftLog: commitIndex: updateToMax old=11, new=10, updated? false
2021-05-19 07:42:50,458 [pool-371-thread-1] INFO  server.RaftServerConfigKeys (ConfUtils.java:logGet(44)) - raft.server.snapshot.auto.trigger.enabled = true (custom)
2021-05-19 07:42:50,458 [pool-371-thread-1] INFO  server.RaftServerConfigKeys (ConfUtils.java:logGet(44)) - raft.server.snapshot.auto.trigger.threshold = 10000 (custom)
2021-05-19 07:42:50,458 [pool-371-thread-1] INFO  server.RaftServerConfigKeys (ConfUtils.java:logGet(44)) - raft.server.snapshot.retention.file.num = 5 (custom)
2021-05-19 07:42:50,458 [pool-371-thread-1] INFO  server.RaftServerConfigKeys (ConfUtils.java:logGet(44)) - raft.server.log.purge.upto.snapshot.index = false (default)
2021-05-19 07:42:50,458 [pool-371-thread-1] INFO  server.RaftServerConfigKeys (ConfUtils.java:logGet(44)) - raft.server.retrycache.expirytime = 600000ms (custom)
2021-05-19 07:42:50,458 [pool-371-thread-1] INFO  server.RaftServerConfigKeys (ConfUtils.java:logGet(44)) - raft.server.retrycache.statistics.expirytime = 100?s (default)
2021-05-19 07:42:50,458 [pool-371-thread-1] INFO  metrics.RatisMetrics (RatisMetrics.java:lambda$create$0(36)) - Creating Metrics Registry : ratis.leader_election.a14714da-c87c-4361-b393-7e96cf422ed7@group-CD7CE254A7B8
2021-05-19 07:42:50,459 [pool-371-thread-1] INFO  metrics.RatisMetrics (RatisMetrics.java:lambda$create$0(36)) - Creating Metrics Registry : ratis.server.a14714da-c87c-4361-b393-7e96cf422ed7@group-CD7CE254A7B8
2021-05-19 07:42:50,460 [pool-371-thread-1] INFO  server.RaftServer$Division (RaftServerImpl.java:<init>(180)) - a14714da-c87c-4361-b393-7e96cf422ed7: new RaftServerImpl for group-AC6A57830C75:[] with ContainerStateMachine:uninitialized
2021-05-19 07:42:50,460 [pool-371-thread-1] INFO  server.RaftServerConfigKeys (ConfUtils.java:logGet(44)) - raft.server.rpc.timeout.min = 5s (custom)
2021-05-19 07:42:50,460 [pool-371-thread-1] INFO  server.RaftServerConfigKeys (ConfUtils.java:logGet(44)) - raft.server.rpc.timeout.max = 5200ms (custom)
2021-05-19 07:42:50,460 [pool-371-thread-1] INFO  server.RaftServerConfigKeys (ConfUtils.java:logGet(44)) - raft.server.rpc.sleep.time = 25ms (default)
2021-05-19 07:42:50,460 [pool-371-thread-1] INFO  server.RaftServerConfigKeys (ConfUtils.java:logGet(44)) - raft.server.rpc.slowness.timeout = 300000ms (custom)
2021-05-19 07:42:50,460 [pool-371-thread-1] INFO  server.RaftServerConfigKeys (ConfUtils.java:logGet(44)) - raft.server.leaderelection.leader.step-down.wait-time = 10s (default)
2021-05-19 07:42:50,460 [pool-371-thread-1] INFO  server.RaftServerConfigKeys (ConfUtils.java:logGet(44)) - raft.server.sleep.deviation.threshold = 300ms (default)
2021-05-19 07:42:50,460 [pool-371-thread-1] INFO  server.RaftServerConfigKeys (ConfUtils.java:logGet(44)) - raft.server.log.appender.install.snapshot.enabled = false (custom)
2021-05-19 07:42:50,460 [pool-371-thread-1] INFO  server.RaftServer$Division (ServerState.java:<init>(105)) - a14714da-c87c-4361-b393-7e96cf422ed7@group-AC6A57830C75: ConfigurationManager, init=-1: [], old=null, confs=<EMPTY_MAP>
2021-05-19 07:42:50,461 [pool-371-thread-1] INFO  server.RaftServerConfigKeys (ConfUtils.java:logGet(44)) - raft.server.storage.dir = [/github/workspace/mnt/ozone/hadoop-ozone/integration-test/target/test-dir/MiniOzoneClusterImpl-952c9dfc-8967-4523-b06f-60d3bd5de2bf/datanode-2/data/ratis] (custom)
2021-05-19 07:42:50,461 [pool-371-thread-1] INFO  server.RaftServerConfigKeys (ConfUtils.java:logGet(44)) - raft.server.log.corruption.policy = EXCEPTION (default)
2021-05-19 07:42:50,462 [pool-371-thread-1] INFO  storage.RaftStorageDirectory (RaftStorageDirectoryImpl.java:tryLock(215)) - Lock on /github/workspace/mnt/ozone/hadoop-ozone/integration-test/target/test-dir/MiniOzoneClusterImpl-952c9dfc-8967-4523-b06f-60d3bd5de2bf/datanode-2/data/ratis/b2b3615b-70b0-4c95-a861-ac6a57830c75/in_use.lock acquired by nodename 16447@3974e5c036b4
2021-05-19 07:42:50,462 [pool-371-thread-1] INFO  storage.RaftStorage (RaftStorageImpl.java:analyzeAndRecoverStorage(108)) - Read RaftStorageMetadata{term=1, votedFor=68d4f79f-8ed5-4598-b947-57f9bc979c0e} from /github/workspace/mnt/ozone/hadoop-ozone/integration-test/target/test-dir/MiniOzoneClusterImpl-952c9dfc-8967-4523-b06f-60d3bd5de2bf/datanode-2/data/ratis/b2b3615b-70b0-4c95-a861-ac6a57830c75/current/raft-meta
2021-05-19 07:42:50,462 [pool-371-thread-1] INFO  ratis.ContainerStateMachine (ContainerStateMachine.java:loadSnapshot(233)) - group-AC6A57830C75: Setting the last applied index to (t:1, i:0)
2021-05-19 07:42:50,463 [pool-371-thread-1] INFO  server.RaftServer$Division (ServerState.java:setRaftConf(373)) - a14714da-c87c-4361-b393-7e96cf422ed7@group-AC6A57830C75: set configuration 0: [a14714da-c87c-4361-b393-7e96cf422ed7|rpc:172.17.0.2:45547|dataStream:|priority:0, 68d4f79f-8ed5-4598-b947-57f9bc979c0e|rpc:172.17.0.2:42729|dataStream:|priority:1, 8e81be81-8cf3-4cb2-af1f-2c1c9bc19b0e|rpc:172.17.0.2:41855|dataStream:|priority:0], old=null
2021-05-19 07:42:50,463 [pool-371-thread-1] INFO  server.RaftServerConfigKeys (ConfUtils.java:logGet(44)) - raft.server.notification.no-leader.timeout = 300000ms (custom)
2021-05-19 07:42:50,463 [pool-371-thread-1] INFO  server.RaftServerConfigKeys (ConfUtils.java:logGet(44)) - raft.server.log.use.memory = false (default)
2021-05-19 07:42:50,463 [pool-371-thread-1] INFO  server.RaftServerConfigKeys (ConfUtils.java:logGet(44)) - raft.server.log.purge.gap = 1000000 (custom)
2021-05-19 07:42:50,463 [pool-371-thread-1] INFO  server.RaftServerConfigKeys (ConfUtils.java:logGet(44)) - raft.server.log.appender.buffer.byte-limit = 33554432 (custom)
2021-05-19 07:42:50,463 [pool-371-thread-1] INFO  metrics.RatisMetrics (RatisMetrics.java:lambda$create$0(36)) - Creating Metrics Registry : ratis.log_worker.a14714da-c87c-4361-b393-7e96cf422ed7@group-AC6A57830C75
2021-05-19 07:42:50,463 [pool-371-thread-1] INFO  server.RaftServerConfigKeys (ConfUtils.java:logGet(44)) - raft.server.log.segment.size.max = 1048576 (custom)
2021-05-19 07:42:50,463 [pool-371-thread-1] INFO  server.RaftServerConfigKeys (ConfUtils.java:logGet(44)) - raft.server.log.segment.cache.num.max = 2 (custom)
2021-05-19 07:42:50,463 [pool-371-thread-1] INFO  server.RaftServerConfigKeys (ConfUtils.java:logGet(44)) - raft.server.log.segment.cache.size.max = 200MB (=209715200) (default)
2021-05-19 07:42:50,464 [pool-371-thread-1] INFO  segmented.SegmentedRaftLogWorker (SegmentedRaftLogWorker.java:<init>(182)) - new a14714da-c87c-4361-b393-7e96cf422ed7@group-AC6A57830C75-SegmentedRaftLogWorker for RaftStorageImpl:Storage Directory /github/workspace/mnt/ozone/hadoop-ozone/integration-test/target/test-dir/MiniOzoneClusterImpl-952c9dfc-8967-4523-b06f-60d3bd5de2bf/datanode-2/data/ratis/b2b3615b-70b0-4c95-a861-ac6a57830c75
2021-05-19 07:42:50,464 [pool-371-thread-1] INFO  server.RaftServerConfigKeys (ConfUtils.java:logGet(44)) - raft.server.log.queue.byte-limit = 2147483647 (custom)
2021-05-19 07:42:50,464 [pool-371-thread-1] INFO  server.RaftServerConfigKeys (ConfUtils.java:logGet(44)) - raft.server.log.queue.element-limit = 1024 (custom)
2021-05-19 07:42:50,464 [pool-371-thread-1] INFO  server.RaftServerConfigKeys (ConfUtils.java:logGet(44)) - raft.server.log.segment.size.max = 1048576 (custom)
2021-05-19 07:42:50,464 [pool-371-thread-1] INFO  server.RaftServerConfigKeys (ConfUtils.java:logGet(44)) - raft.server.log.preallocated.size = 16384 (custom)
2021-05-19 07:42:50,464 [pool-371-thread-1] INFO  server.RaftServerConfigKeys (ConfUtils.java:logGet(44)) - raft.server.log.force.sync.num = 128 (default)
2021-05-19 07:42:50,464 [pool-371-thread-1] INFO  server.RaftServerConfigKeys (ConfUtils.java:logGet(44)) - raft.server.log.statemachine.data.sync = true (default)
2021-05-19 07:42:50,464 [pool-371-thread-1] INFO  server.RaftServerConfigKeys (ConfUtils.java:logGet(44)) - raft.server.log.statemachine.data.sync.timeout = 10s (default)
2021-05-19 07:42:50,464 [pool-371-thread-1] INFO  server.RaftServerConfigKeys (ConfUtils.java:logGet(44)) - raft.server.log.statemachine.data.sync.timeout.retry = -1 (default)
2021-05-19 07:42:50,465 [pool-371-thread-1] INFO  server.RaftServerConfigKeys (ConfUtils.java:logGet(44)) - raft.server.log.write.buffer.size = 1048576 (custom)
2021-05-19 07:42:50,465 [pool-371-thread-1] INFO  server.RaftServerConfigKeys (ConfUtils.java:logGet(44)) - raft.server.log.statemachine.data.caching.enabled = true (custom)
2021-05-19 07:42:50,466 [pool-371-thread-1] INFO  server.RaftServer$Division (ServerState.java:setRaftConf(373)) - a14714da-c87c-4361-b393-7e96cf422ed7@group-AC6A57830C75: set configuration 0: [a14714da-c87c-4361-b393-7e96cf422ed7|rpc:172.17.0.2:45547|dataStream:|priority:0, 68d4f79f-8ed5-4598-b947-57f9bc979c0e|rpc:172.17.0.2:42729|dataStream:|priority:1, 8e81be81-8cf3-4cb2-af1f-2c1c9bc19b0e|rpc:172.17.0.2:41855|dataStream:|priority:0], old=null
2021-05-19 07:42:50,466 [pool-371-thread-1] INFO  segmented.LogSegment (LogSegment.java:loadSegment(173)) - Successfully read 1 entries from segment file /github/workspace/mnt/ozone/hadoop-ozone/integration-test/target/test-dir/MiniOzoneClusterImpl-952c9dfc-8967-4523-b06f-60d3bd5de2bf/datanode-2/data/ratis/b2b3615b-70b0-4c95-a861-ac6a57830c75/current/log_inprogress_0
2021-05-19 07:42:50,466 [pool-371-thread-1] INFO  segmented.SegmentedRaftLogWorker (SegmentedRaftLogWorker.java:lambda$new$0(133)) - a14714da-c87c-4361-b393-7e96cf422ed7@group-AC6A57830C75-SegmentedRaftLogWorker: flushIndex: setUnconditionally 0 -> 0
2021-05-19 07:42:50,466 [pool-371-thread-1] INFO  segmented.SegmentedRaftLogWorker (SegmentedRaftLogWorker.java:lambda$new$0(133)) - a14714da-c87c-4361-b393-7e96cf422ed7@group-AC6A57830C75-SegmentedRaftLogWorker: safeCacheEvictIndex: setUnconditionally 0 -> -1
2021-05-19 07:42:50,466 [pool-371-thread-1] INFO  server.RaftServerConfigKeys (ConfUtils.java:logGet(44)) - raft.server.snapshot.auto.trigger.enabled = true (custom)
2021-05-19 07:42:50,467 [pool-371-thread-1] INFO  server.RaftServerConfigKeys (ConfUtils.java:logGet(44)) - raft.server.snapshot.auto.trigger.threshold = 10000 (custom)
2021-05-19 07:42:50,467 [pool-371-thread-1] INFO  server.RaftServerConfigKeys (ConfUtils.java:logGet(44)) - raft.server.snapshot.retention.file.num = 5 (custom)
2021-05-19 07:42:50,467 [pool-371-thread-1] INFO  server.RaftServerConfigKeys (ConfUtils.java:logGet(44)) - raft.server.log.purge.upto.snapshot.index = false (default)
2021-05-19 07:42:50,467 [pool-371-thread-1] INFO  server.RaftServerConfigKeys (ConfUtils.java:logGet(44)) - raft.server.retrycache.expirytime = 600000ms (custom)
2021-05-19 07:42:50,467 [pool-371-thread-1] INFO  server.RaftServerConfigKeys (ConfUtils.java:logGet(44)) - raft.server.retrycache.statistics.expirytime = 100?s (default)
2021-05-19 07:42:50,467 [pool-371-thread-1] INFO  metrics.RatisMetrics (RatisMetrics.java:lambda$create$0(36)) - Creating Metrics Registry : ratis.leader_election.a14714da-c87c-4361-b393-7e96cf422ed7@group-AC6A57830C75
2021-05-19 07:42:50,467 [pool-371-thread-1] INFO  metrics.RatisMetrics (RatisMetrics.java:lambda$create$0(36)) - Creating Metrics Registry : ratis.server.a14714da-c87c-4361-b393-7e96cf422ed7@group-AC6A57830C75
2021-05-19 07:42:50,468 [pool-371-thread-1] INFO  server.RaftServer$Division (RaftServerImpl.java:<init>(180)) - a14714da-c87c-4361-b393-7e96cf422ed7: new RaftServerImpl for group-DECE5BE019F2:[] with ContainerStateMachine:uninitialized
2021-05-19 07:42:50,468 [pool-371-thread-1] INFO  server.RaftServerConfigKeys (ConfUtils.java:logGet(44)) - raft.server.rpc.timeout.min = 5s (custom)
2021-05-19 07:42:50,469 [pool-371-thread-1] INFO  server.RaftServerConfigKeys (ConfUtils.java:logGet(44)) - raft.server.rpc.timeout.max = 5200ms (custom)
2021-05-19 07:42:50,469 [pool-371-thread-1] INFO  server.RaftServerConfigKeys (ConfUtils.java:logGet(44)) - raft.server.rpc.sleep.time = 25ms (default)
2021-05-19 07:42:50,469 [pool-371-thread-1] INFO  server.RaftServerConfigKeys (ConfUtils.java:logGet(44)) - raft.server.rpc.slowness.timeout = 300000ms (custom)
2021-05-19 07:42:50,469 [pool-371-thread-1] INFO  server.RaftServerConfigKeys (ConfUtils.java:logGet(44)) - raft.server.leaderelection.leader.step-down.wait-time = 10s (default)
2021-05-19 07:42:50,469 [pool-371-thread-1] INFO  server.RaftServerConfigKeys (ConfUtils.java:logGet(44)) - raft.server.sleep.deviation.threshold = 300ms (default)
2021-05-19 07:42:50,469 [pool-371-thread-1] INFO  server.RaftServerConfigKeys (ConfUtils.java:logGet(44)) - raft.server.log.appender.install.snapshot.enabled = false (custom)
2021-05-19 07:42:50,469 [pool-371-thread-1] INFO  server.RaftServer$Division (ServerState.java:<init>(105)) - a14714da-c87c-4361-b393-7e96cf422ed7@group-DECE5BE019F2: ConfigurationManager, init=-1: [], old=null, confs=<EMPTY_MAP>
2021-05-19 07:42:50,469 [pool-371-thread-1] INFO  server.RaftServerConfigKeys (ConfUtils.java:logGet(44)) - raft.server.storage.dir = [/github/workspace/mnt/ozone/hadoop-ozone/integration-test/target/test-dir/MiniOzoneClusterImpl-952c9dfc-8967-4523-b06f-60d3bd5de2bf/datanode-2/data/ratis] (custom)
2021-05-19 07:42:50,469 [pool-371-thread-1] INFO  server.RaftServerConfigKeys (ConfUtils.java:logGet(44)) - raft.server.log.corruption.policy = EXCEPTION (default)
2021-05-19 07:42:50,470 [pool-371-thread-1] INFO  storage.RaftStorageDirectory (RaftStorageDirectoryImpl.java:tryLock(215)) - Lock on /github/workspace/mnt/ozone/hadoop-ozone/integration-test/target/test-dir/MiniOzoneClusterImpl-952c9dfc-8967-4523-b06f-60d3bd5de2bf/datanode-2/data/ratis/da74cb76-52a2-4b5c-bce9-dece5be019f2/in_use.lock acquired by nodename 16447@3974e5c036b4
2021-05-19 07:42:50,470 [pool-371-thread-1] INFO  storage.RaftStorage (RaftStorageImpl.java:analyzeAndRecoverStorage(108)) - Read RaftStorageMetadata{term=1, votedFor=a14714da-c87c-4361-b393-7e96cf422ed7} from /github/workspace/mnt/ozone/hadoop-ozone/integration-test/target/test-dir/MiniOzoneClusterImpl-952c9dfc-8967-4523-b06f-60d3bd5de2bf/datanode-2/data/ratis/da74cb76-52a2-4b5c-bce9-dece5be019f2/current/raft-meta
2021-05-19 07:42:50,470 [pool-371-thread-1] INFO  ratis.ContainerStateMachine (ContainerStateMachine.java:loadSnapshot(233)) - group-DECE5BE019F2: Setting the last applied index to (t:1, i:0)
2021-05-19 07:42:50,471 [pool-371-thread-1] INFO  server.RaftServer$Division (ServerState.java:setRaftConf(373)) - a14714da-c87c-4361-b393-7e96cf422ed7@group-DECE5BE019F2: set configuration 0: [a14714da-c87c-4361-b393-7e96cf422ed7|rpc:172.17.0.2:45547|dataStream:|priority:1, 8e81be81-8cf3-4cb2-af1f-2c1c9bc19b0e|rpc:172.17.0.2:41855|dataStream:|priority:0, 68d4f79f-8ed5-4598-b947-57f9bc979c0e|rpc:172.17.0.2:42729|dataStream:|priority:0], old=null
2021-05-19 07:42:50,471 [pool-371-thread-1] INFO  server.RaftServerConfigKeys (ConfUtils.java:logGet(44)) - raft.server.notification.no-leader.timeout = 300000ms (custom)
2021-05-19 07:42:50,471 [pool-371-thread-1] INFO  server.RaftServerConfigKeys (ConfUtils.java:logGet(44)) - raft.server.log.use.memory = false (default)
2021-05-19 07:42:50,471 [pool-371-thread-1] INFO  server.RaftServerConfigKeys (ConfUtils.java:logGet(44)) - raft.server.log.purge.gap = 1000000 (custom)
2021-05-19 07:42:50,471 [pool-371-thread-1] INFO  server.RaftServerConfigKeys (ConfUtils.java:logGet(44)) - raft.server.log.appender.buffer.byte-limit = 33554432 (custom)
2021-05-19 07:42:50,471 [pool-371-thread-1] INFO  metrics.RatisMetrics (RatisMetrics.java:lambda$create$0(36)) - Creating Metrics Registry : ratis.log_worker.a14714da-c87c-4361-b393-7e96cf422ed7@group-DECE5BE019F2
2021-05-19 07:42:50,471 [pool-371-thread-1] INFO  server.RaftServerConfigKeys (ConfUtils.java:logGet(44)) - raft.server.log.segment.size.max = 1048576 (custom)
2021-05-19 07:42:50,472 [pool-371-thread-1] INFO  server.RaftServerConfigKeys (ConfUtils.java:logGet(44)) - raft.server.log.segment.cache.num.max = 2 (custom)
2021-05-19 07:42:50,472 [pool-371-thread-1] INFO  server.RaftServerConfigKeys (ConfUtils.java:logGet(44)) - raft.server.log.segment.cache.size.max = 200MB (=209715200) (default)
2021-05-19 07:42:50,472 [pool-371-thread-1] INFO  segmented.SegmentedRaftLogWorker (SegmentedRaftLogWorker.java:<init>(182)) - new a14714da-c87c-4361-b393-7e96cf422ed7@group-DECE5BE019F2-SegmentedRaftLogWorker for RaftStorageImpl:Storage Directory /github/workspace/mnt/ozone/hadoop-ozone/integration-test/target/test-dir/MiniOzoneClusterImpl-952c9dfc-8967-4523-b06f-60d3bd5de2bf/datanode-2/data/ratis/da74cb76-52a2-4b5c-bce9-dece5be019f2
2021-05-19 07:42:50,472 [pool-371-thread-1] INFO  server.RaftServerConfigKeys (ConfUtils.java:logGet(44)) - raft.server.log.queue.byte-limit = 2147483647 (custom)
2021-05-19 07:42:50,472 [pool-371-thread-1] INFO  server.RaftServerConfigKeys (ConfUtils.java:logGet(44)) - raft.server.log.queue.element-limit = 1024 (custom)
2021-05-19 07:42:50,472 [pool-371-thread-1] INFO  server.RaftServerConfigKeys (ConfUtils.java:logGet(44)) - raft.server.log.segment.size.max = 1048576 (custom)
2021-05-19 07:42:50,472 [pool-371-thread-1] INFO  server.RaftServerConfigKeys (ConfUtils.java:logGet(44)) - raft.server.log.preallocated.size = 16384 (custom)
2021-05-19 07:42:50,472 [pool-371-thread-1] INFO  server.RaftServerConfigKeys (ConfUtils.java:logGet(44)) - raft.server.log.force.sync.num = 128 (default)
2021-05-19 07:42:50,472 [pool-371-thread-1] INFO  server.RaftServerConfigKeys (ConfUtils.java:logGet(44)) - raft.server.log.statemachine.data.sync = true (default)
2021-05-19 07:42:50,472 [pool-371-thread-1] INFO  server.RaftServerConfigKeys (ConfUtils.java:logGet(44)) - raft.server.log.statemachine.data.sync.timeout = 10s (default)
2021-05-19 07:42:50,472 [pool-371-thread-1] INFO  server.RaftServerConfigKeys (ConfUtils.java:logGet(44)) - raft.server.log.statemachine.data.sync.timeout.retry = -1 (default)
2021-05-19 07:42:50,473 [pool-371-thread-1] INFO  server.RaftServerConfigKeys (ConfUtils.java:logGet(44)) - raft.server.log.write.buffer.size = 1048576 (custom)
2021-05-19 07:42:50,474 [pool-371-thread-1] INFO  server.RaftServerConfigKeys (ConfUtils.java:logGet(44)) - raft.server.log.statemachine.data.caching.enabled = true (custom)
2021-05-19 07:42:50,474 [pool-371-thread-1] INFO  server.RaftServer$Division (ServerState.java:setRaftConf(373)) - a14714da-c87c-4361-b393-7e96cf422ed7@group-DECE5BE019F2: set configuration 0: [a14714da-c87c-4361-b393-7e96cf422ed7|rpc:172.17.0.2:45547|dataStream:|priority:1, 8e81be81-8cf3-4cb2-af1f-2c1c9bc19b0e|rpc:172.17.0.2:41855|dataStream:|priority:0, 68d4f79f-8ed5-4598-b947-57f9bc979c0e|rpc:172.17.0.2:42729|dataStream:|priority:0], old=null
2021-05-19 07:42:50,474 [pool-371-thread-1] INFO  segmented.LogSegment (LogSegment.java:loadSegment(173)) - Successfully read 1 entries from segment file /github/workspace/mnt/ozone/hadoop-ozone/integration-test/target/test-dir/MiniOzoneClusterImpl-952c9dfc-8967-4523-b06f-60d3bd5de2bf/datanode-2/data/ratis/da74cb76-52a2-4b5c-bce9-dece5be019f2/current/log_inprogress_0
2021-05-19 07:42:50,475 [pool-371-thread-1] INFO  segmented.SegmentedRaftLogWorker (SegmentedRaftLogWorker.java:lambda$new$0(133)) - a14714da-c87c-4361-b393-7e96cf422ed7@group-DECE5BE019F2-SegmentedRaftLogWorker: flushIndex: setUnconditionally 0 -> 0
2021-05-19 07:42:50,475 [pool-371-thread-1] INFO  segmented.SegmentedRaftLogWorker (SegmentedRaftLogWorker.java:lambda$new$0(133)) - a14714da-c87c-4361-b393-7e96cf422ed7@group-DECE5BE019F2-SegmentedRaftLogWorker: safeCacheEvictIndex: setUnconditionally 0 -> -1
2021-05-19 07:42:50,475 [pool-371-thread-1] INFO  server.RaftServerConfigKeys (ConfUtils.java:logGet(44)) - raft.server.snapshot.auto.trigger.enabled = true (custom)
2021-05-19 07:42:50,475 [pool-371-thread-1] INFO  server.RaftServerConfigKeys (ConfUtils.java:logGet(44)) - raft.server.snapshot.auto.trigger.threshold = 10000 (custom)
2021-05-19 07:42:50,475 [pool-371-thread-1] INFO  server.RaftServerConfigKeys (ConfUtils.java:logGet(44)) - raft.server.snapshot.retention.file.num = 5 (custom)
2021-05-19 07:42:50,475 [pool-371-thread-1] INFO  server.RaftServerConfigKeys (ConfUtils.java:logGet(44)) - raft.server.log.purge.upto.snapshot.index = false (default)
2021-05-19 07:42:50,475 [pool-371-thread-1] INFO  server.RaftServerConfigKeys (ConfUtils.java:logGet(44)) - raft.server.retrycache.expirytime = 600000ms (custom)
2021-05-19 07:42:50,475 [pool-371-thread-1] INFO  server.RaftServerConfigKeys (ConfUtils.java:logGet(44)) - raft.server.retrycache.statistics.expirytime = 100?s (default)
2021-05-19 07:42:50,475 [pool-371-thread-1] INFO  metrics.RatisMetrics (RatisMetrics.java:lambda$create$0(36)) - Creating Metrics Registry : ratis.leader_election.a14714da-c87c-4361-b393-7e96cf422ed7@group-DECE5BE019F2
2021-05-19 07:42:50,475 [pool-371-thread-1] INFO  metrics.RatisMetrics (RatisMetrics.java:lambda$create$0(36)) - Creating Metrics Registry : ratis.server.a14714da-c87c-4361-b393-7e96cf422ed7@group-DECE5BE019F2
2021-05-19 07:42:50,601 [Listener at 127.0.0.1/41639] INFO  handler.ContextHandler (ContextHandler.java:doStart(916)) - Started o.e.j.w.WebAppContext@567e8167{hddsDatanode,/,file:///tmp/jetty-0_0_0_0-38627-hadoop-hdds-container-service-1_2_0-SNAPSHOT_jar-_-any-3550206289705239228/webapp/,AVAILABLE}{jar:file:/home/user/.m2/repository/org/apache/hadoop/hadoop-hdds-container-service/1.2.0-SNAPSHOT/hadoop-hdds-container-service-1.2.0-SNAPSHOT.jar!/webapps/hddsDatanode}
2021-05-19 07:42:50,603 [Listener at 127.0.0.1/41639] INFO  server.AbstractConnector (AbstractConnector.java:doStart(331)) - Started ServerConnector@71a56963{HTTP/1.1, (http/1.1)}{0.0.0.0:38627}
2021-05-19 07:42:50,603 [Listener at 127.0.0.1/41639] INFO  server.Server (Server.java:doStart(415)) - Started @127503ms
2021-05-19 07:42:50,603 [Listener at 127.0.0.1/41639] WARN  impl.MetricsSystemImpl (MetricsSystemImpl.java:register(279)) - Sink prometheus already exists!
2021-05-19 07:42:50,606 [Listener at 127.0.0.1/41639] INFO  http.BaseHttpServer (BaseHttpServer.java:updateConnectorAddress(329)) - HTTP server of hddsDatanode listening at http://0.0.0.0:38627
2021-05-19 07:42:50,606 [Listener at 127.0.0.1/41639] INFO  ozone.MiniOzoneClusterImpl (MiniOzoneClusterImpl.java:lambda$waitForClusterToBeReady$0(224)) - Waiting for nodes to be ready. Got 6 of 7 DN Heartbeats.
2021-05-19 07:42:50,607 [Listener at 127.0.0.1/41639] INFO  ozone.MiniOzoneClusterImpl (MiniOzoneClusterImpl.java:lambda$waitForClusterToBeReady$0(227)) - Cluster exits safe mode
2021-05-19 07:42:50,607 [Listener at 127.0.0.1/41639] INFO  ozone.MiniOzoneClusterImpl (MiniOzoneClusterImpl.java:lambda$waitForClusterToBeReady$0(230)) - SCM became leader
2021-05-19 07:42:50,610 [org.apache.hadoop.util.JvmPauseMonitor$Monitor@b393a36] INFO  util.JvmPauseMonitor (JvmPauseMonitor.java:run(188)) - Starting JVM pause monitor
2021-05-19 07:42:50,899 [Command processor thread] WARN  server.RaftServer (RaftServerProxy.java:remove(101)) - 8e81be81-8cf3-4cb2-af1f-2c1c9bc19b0e: does not contain group: group-AC6A57830C75
2021-05-19 07:42:50,899 [Command processor thread] ERROR commandhandler.ClosePipelineCommandHandler (ClosePipelineCommandHandler.java:handle(78)) - Can't close pipeline PipelineID=b2b3615b-70b0-4c95-a861-ac6a57830c75
java.io.IOException: 8e81be81-8cf3-4cb2-af1f-2c1c9bc19b0e: Group group-AC6A57830C75 not found.
	at org.apache.hadoop.ozone.container.common.transport.server.ratis.XceiverServerRatis.removeGroup(XceiverServerRatis.java:826)
	at org.apache.hadoop.ozone.container.common.statemachine.commandhandler.ClosePipelineCommandHandler.handle(ClosePipelineCommandHandler.java:74)
	at org.apache.hadoop.ozone.container.common.statemachine.commandhandler.CommandDispatcher.handle(CommandDispatcher.java:99)
	at org.apache.hadoop.ozone.container.common.statemachine.DatanodeStateMachine.lambda$initCommandHandlerThread$2(DatanodeStateMachine.java:506)
	at java.lang.Thread.run(Thread.java:748)
Caused by: org.apache.ratis.protocol.exceptions.GroupMismatchException: 8e81be81-8cf3-4cb2-af1f-2c1c9bc19b0e: Group group-AC6A57830C75 not found.
	at org.apache.ratis.server.impl.RaftServerProxy.groupRemoveAsync(RaftServerProxy.java:504)
	at org.apache.ratis.server.impl.RaftServerProxy.groupManagementAsync(RaftServerProxy.java:460)
	at org.apache.ratis.server.impl.RaftServerProxy.groupManagement(RaftServerProxy.java:440)
	at org.apache.hadoop.ozone.container.common.transport.server.ratis.XceiverServerRatis.removeGroup(XceiverServerRatis.java:824)
	... 4 more
2021-05-19 07:42:50,899 [Command processor thread] WARN  server.RaftServer (RaftServerProxy.java:remove(101)) - 8e81be81-8cf3-4cb2-af1f-2c1c9bc19b0e: does not contain group: group-76E48770978D
2021-05-19 07:42:50,899 [Command processor thread] ERROR commandhandler.ClosePipelineCommandHandler (ClosePipelineCommandHandler.java:handle(78)) - Can't close pipeline PipelineID=90d79207-282c-4ddc-b3c9-76e48770978d
java.io.IOException: 8e81be81-8cf3-4cb2-af1f-2c1c9bc19b0e: Group group-76E48770978D not found.
	at org.apache.hadoop.ozone.container.common.transport.server.ratis.XceiverServerRatis.removeGroup(XceiverServerRatis.java:826)
	at org.apache.hadoop.ozone.container.common.statemachine.commandhandler.ClosePipelineCommandHandler.handle(ClosePipelineCommandHandler.java:74)
	at org.apache.hadoop.ozone.container.common.statemachine.commandhandler.CommandDispatcher.handle(CommandDispatcher.java:99)
	at org.apache.hadoop.ozone.container.common.statemachine.DatanodeStateMachine.lambda$initCommandHandlerThread$2(DatanodeStateMachine.java:506)
	at java.lang.Thread.run(Thread.java:748)
Caused by: org.apache.ratis.protocol.exceptions.GroupMismatchException: 8e81be81-8cf3-4cb2-af1f-2c1c9bc19b0e: Group group-76E48770978D not found.
	at org.apache.ratis.server.impl.RaftServerProxy.groupRemoveAsync(RaftServerProxy.java:504)
	at org.apache.ratis.server.impl.RaftServerProxy.groupManagementAsync(RaftServerProxy.java:460)
	at org.apache.ratis.server.impl.RaftServerProxy.groupManagement(RaftServerProxy.java:440)
	at org.apache.hadoop.ozone.container.common.transport.server.ratis.XceiverServerRatis.removeGroup(XceiverServerRatis.java:824)
	... 4 more
2021-05-19 07:42:50,899 [Command processor thread] WARN  server.RaftServer (RaftServerProxy.java:remove(101)) - 8e81be81-8cf3-4cb2-af1f-2c1c9bc19b0e: does not contain group: group-DECE5BE019F2
2021-05-19 07:42:50,899 [Command processor thread] ERROR commandhandler.ClosePipelineCommandHandler (ClosePipelineCommandHandler.java:handle(78)) - Can't close pipeline PipelineID=da74cb76-52a2-4b5c-bce9-dece5be019f2
java.io.IOException: 8e81be81-8cf3-4cb2-af1f-2c1c9bc19b0e: Group group-DECE5BE019F2 not found.
	at org.apache.hadoop.ozone.container.common.transport.server.ratis.XceiverServerRatis.removeGroup(XceiverServerRatis.java:826)
	at org.apache.hadoop.ozone.container.common.statemachine.commandhandler.ClosePipelineCommandHandler.handle(ClosePipelineCommandHandler.java:74)
	at org.apache.hadoop.ozone.container.common.statemachine.commandhandler.CommandDispatcher.handle(CommandDispatcher.java:99)
	at org.apache.hadoop.ozone.container.common.statemachine.DatanodeStateMachine.lambda$initCommandHandlerThread$2(DatanodeStateMachine.java:506)
	at java.lang.Thread.run(Thread.java:748)
Caused by: org.apache.ratis.protocol.exceptions.GroupMismatchException: 8e81be81-8cf3-4cb2-af1f-2c1c9bc19b0e: Group group-DECE5BE019F2 not found.
	at org.apache.ratis.server.impl.RaftServerProxy.groupRemoveAsync(RaftServerProxy.java:504)
	at org.apache.ratis.server.impl.RaftServerProxy.groupManagementAsync(RaftServerProxy.java:460)
	at org.apache.ratis.server.impl.RaftServerProxy.groupManagement(RaftServerProxy.java:440)
	at org.apache.hadoop.ozone.container.common.transport.server.ratis.XceiverServerRatis.removeGroup(XceiverServerRatis.java:824)
	... 4 more
2021-05-19 07:42:50,899 [Command processor thread] WARN  server.RaftServer (RaftServerProxy.java:remove(101)) - 8e81be81-8cf3-4cb2-af1f-2c1c9bc19b0e: does not contain group: group-AC6A57830C75
2021-05-19 07:42:50,900 [Command processor thread] ERROR commandhandler.ClosePipelineCommandHandler (ClosePipelineCommandHandler.java:handle(78)) - Can't close pipeline PipelineID=b2b3615b-70b0-4c95-a861-ac6a57830c75
java.io.IOException: 8e81be81-8cf3-4cb2-af1f-2c1c9bc19b0e: Group group-AC6A57830C75 not found.
	at org.apache.hadoop.ozone.container.common.transport.server.ratis.XceiverServerRatis.removeGroup(XceiverServerRatis.java:826)
	at org.apache.hadoop.ozone.container.common.statemachine.commandhandler.ClosePipelineCommandHandler.handle(ClosePipelineCommandHandler.java:74)
	at org.apache.hadoop.ozone.container.common.statemachine.commandhandler.CommandDispatcher.handle(CommandDispatcher.java:99)
	at org.apache.hadoop.ozone.container.common.statemachine.DatanodeStateMachine.lambda$initCommandHandlerThread$2(DatanodeStateMachine.java:506)
	at java.lang.Thread.run(Thread.java:748)
Caused by: org.apache.ratis.protocol.exceptions.GroupMismatchException: 8e81be81-8cf3-4cb2-af1f-2c1c9bc19b0e: Group group-AC6A57830C75 not found.
	at org.apache.ratis.server.impl.RaftServerProxy.groupRemoveAsync(RaftServerProxy.java:504)
	at org.apache.ratis.server.impl.RaftServerProxy.groupManagementAsync(RaftServerProxy.java:460)
	at org.apache.ratis.server.impl.RaftServerProxy.groupManagement(RaftServerProxy.java:440)
	at org.apache.hadoop.ozone.container.common.transport.server.ratis.XceiverServerRatis.removeGroup(XceiverServerRatis.java:824)
	... 4 more
2021-05-19 07:42:50,900 [Command processor thread] WARN  server.RaftServer (RaftServerProxy.java:remove(101)) - 8e81be81-8cf3-4cb2-af1f-2c1c9bc19b0e: does not contain group: group-76E48770978D
2021-05-19 07:42:50,900 [Command processor thread] ERROR commandhandler.ClosePipelineCommandHandler (ClosePipelineCommandHandler.java:handle(78)) - Can't close pipeline PipelineID=90d79207-282c-4ddc-b3c9-76e48770978d
java.io.IOException: 8e81be81-8cf3-4cb2-af1f-2c1c9bc19b0e: Group group-76E48770978D not found.
	at org.apache.hadoop.ozone.container.common.transport.server.ratis.XceiverServerRatis.removeGroup(XceiverServerRatis.java:826)
	at org.apache.hadoop.ozone.container.common.statemachine.commandhandler.ClosePipelineCommandHandler.handle(ClosePipelineCommandHandler.java:74)
	at org.apache.hadoop.ozone.container.common.statemachine.commandhandler.CommandDispatcher.handle(CommandDispatcher.java:99)
	at org.apache.hadoop.ozone.container.common.statemachine.DatanodeStateMachine.lambda$initCommandHandlerThread$2(DatanodeStateMachine.java:506)
	at java.lang.Thread.run(Thread.java:748)
Caused by: org.apache.ratis.protocol.exceptions.GroupMismatchException: 8e81be81-8cf3-4cb2-af1f-2c1c9bc19b0e: Group group-76E48770978D not found.
	at org.apache.ratis.server.impl.RaftServerProxy.groupRemoveAsync(RaftServerProxy.java:504)
	at org.apache.ratis.server.impl.RaftServerProxy.groupManagementAsync(RaftServerProxy.java:460)
	at org.apache.ratis.server.impl.RaftServerProxy.groupManagement(RaftServerProxy.java:440)
	at org.apache.hadoop.ozone.container.common.transport.server.ratis.XceiverServerRatis.removeGroup(XceiverServerRatis.java:824)
	... 4 more
2021-05-19 07:42:50,900 [Command processor thread] WARN  server.RaftServer (RaftServerProxy.java:remove(101)) - 8e81be81-8cf3-4cb2-af1f-2c1c9bc19b0e: does not contain group: group-DECE5BE019F2
2021-05-19 07:42:50,900 [Command processor thread] ERROR commandhandler.ClosePipelineCommandHandler (ClosePipelineCommandHandler.java:handle(78)) - Can't close pipeline PipelineID=da74cb76-52a2-4b5c-bce9-dece5be019f2
java.io.IOException: 8e81be81-8cf3-4cb2-af1f-2c1c9bc19b0e: Group group-DECE5BE019F2 not found.
	at org.apache.hadoop.ozone.container.common.transport.server.ratis.XceiverServerRatis.removeGroup(XceiverServerRatis.java:826)
	at org.apache.hadoop.ozone.container.common.statemachine.commandhandler.ClosePipelineCommandHandler.handle(ClosePipelineCommandHandler.java:74)
	at org.apache.hadoop.ozone.container.common.statemachine.commandhandler.CommandDispatcher.handle(CommandDispatcher.java:99)
	at org.apache.hadoop.ozone.container.common.statemachine.DatanodeStateMachine.lambda$initCommandHandlerThread$2(DatanodeStateMachine.java:506)
	at java.lang.Thread.run(Thread.java:748)
Caused by: org.apache.ratis.protocol.exceptions.GroupMismatchException: 8e81be81-8cf3-4cb2-af1f-2c1c9bc19b0e: Group group-DECE5BE019F2 not found.
	at org.apache.ratis.server.impl.RaftServerProxy.groupRemoveAsync(RaftServerProxy.java:504)
	at org.apache.ratis.server.impl.RaftServerProxy.groupManagementAsync(RaftServerProxy.java:460)
	at org.apache.ratis.server.impl.RaftServerProxy.groupManagement(RaftServerProxy.java:440)
	at org.apache.hadoop.ozone.container.common.transport.server.ratis.XceiverServerRatis.removeGroup(XceiverServerRatis.java:824)
	... 4 more
2021-05-19 07:42:51,607 [Listener at 127.0.0.1/41639] INFO  ozone.MiniOzoneClusterImpl (MiniOzoneClusterImpl.java:lambda$waitForClusterToBeReady$0(224)) - Waiting for nodes to be ready. Got 6 of 7 DN Heartbeats.
2021-05-19 07:42:51,607 [Listener at 127.0.0.1/41639] INFO  ozone.MiniOzoneClusterImpl (MiniOzoneClusterImpl.java:lambda$waitForClusterToBeReady$0(227)) - Cluster exits safe mode
2021-05-19 07:42:51,607 [Listener at 127.0.0.1/41639] INFO  ozone.MiniOzoneClusterImpl (MiniOzoneClusterImpl.java:lambda$waitForClusterToBeReady$0(230)) - SCM became leader
2021-05-19 07:42:51,774 [Command processor thread] WARN  server.RaftServer (RaftServerProxy.java:remove(101)) - 68d4f79f-8ed5-4598-b947-57f9bc979c0e: does not contain group: group-AC6A57830C75
2021-05-19 07:42:51,774 [Command processor thread] ERROR commandhandler.ClosePipelineCommandHandler (ClosePipelineCommandHandler.java:handle(78)) - Can't close pipeline PipelineID=b2b3615b-70b0-4c95-a861-ac6a57830c75
java.io.IOException: 68d4f79f-8ed5-4598-b947-57f9bc979c0e: Group group-AC6A57830C75 not found.
	at org.apache.hadoop.ozone.container.common.transport.server.ratis.XceiverServerRatis.removeGroup(XceiverServerRatis.java:826)
	at org.apache.hadoop.ozone.container.common.statemachine.commandhandler.ClosePipelineCommandHandler.handle(ClosePipelineCommandHandler.java:74)
	at org.apache.hadoop.ozone.container.common.statemachine.commandhandler.CommandDispatcher.handle(CommandDispatcher.java:99)
	at org.apache.hadoop.ozone.container.common.statemachine.DatanodeStateMachine.lambda$initCommandHandlerThread$2(DatanodeStateMachine.java:506)
	at java.lang.Thread.run(Thread.java:748)
Caused by: org.apache.ratis.protocol.exceptions.GroupMismatchException: 68d4f79f-8ed5-4598-b947-57f9bc979c0e: Group group-AC6A57830C75 not found.
	at org.apache.ratis.server.impl.RaftServerProxy.groupRemoveAsync(RaftServerProxy.java:504)
	at org.apache.ratis.server.impl.RaftServerProxy.groupManagementAsync(RaftServerProxy.java:460)
	at org.apache.ratis.server.impl.RaftServerProxy.groupManagement(RaftServerProxy.java:440)
	at org.apache.hadoop.ozone.container.common.transport.server.ratis.XceiverServerRatis.removeGroup(XceiverServerRatis.java:824)
	... 4 more
2021-05-19 07:42:51,774 [Command processor thread] WARN  server.RaftServer (RaftServerProxy.java:remove(101)) - 68d4f79f-8ed5-4598-b947-57f9bc979c0e: does not contain group: group-76E48770978D
2021-05-19 07:42:51,774 [Command processor thread] ERROR commandhandler.ClosePipelineCommandHandler (ClosePipelineCommandHandler.java:handle(78)) - Can't close pipeline PipelineID=90d79207-282c-4ddc-b3c9-76e48770978d
java.io.IOException: 68d4f79f-8ed5-4598-b947-57f9bc979c0e: Group group-76E48770978D not found.
	at org.apache.hadoop.ozone.container.common.transport.server.ratis.XceiverServerRatis.removeGroup(XceiverServerRatis.java:826)
	at org.apache.hadoop.ozone.container.common.statemachine.commandhandler.ClosePipelineCommandHandler.handle(ClosePipelineCommandHandler.java:74)
	at org.apache.hadoop.ozone.container.common.statemachine.commandhandler.CommandDispatcher.handle(CommandDispatcher.java:99)
	at org.apache.hadoop.ozone.container.common.statemachine.DatanodeStateMachine.lambda$initCommandHandlerThread$2(DatanodeStateMachine.java:506)
	at java.lang.Thread.run(Thread.java:748)
Caused by: org.apache.ratis.protocol.exceptions.GroupMismatchException: 68d4f79f-8ed5-4598-b947-57f9bc979c0e: Group group-76E48770978D not found.
	at org.apache.ratis.server.impl.RaftServerProxy.groupRemoveAsync(RaftServerProxy.java:504)
	at org.apache.ratis.server.impl.RaftServerProxy.groupManagementAsync(RaftServerProxy.java:460)
	at org.apache.ratis.server.impl.RaftServerProxy.groupManagement(RaftServerProxy.java:440)
	at org.apache.hadoop.ozone.container.common.transport.server.ratis.XceiverServerRatis.removeGroup(XceiverServerRatis.java:824)
	... 4 more
2021-05-19 07:42:51,775 [Command processor thread] WARN  server.RaftServer (RaftServerProxy.java:remove(101)) - 68d4f79f-8ed5-4598-b947-57f9bc979c0e: does not contain group: group-DECE5BE019F2
2021-05-19 07:42:51,775 [Command processor thread] ERROR commandhandler.ClosePipelineCommandHandler (ClosePipelineCommandHandler.java:handle(78)) - Can't close pipeline PipelineID=da74cb76-52a2-4b5c-bce9-dece5be019f2
java.io.IOException: 68d4f79f-8ed5-4598-b947-57f9bc979c0e: Group group-DECE5BE019F2 not found.
	at org.apache.hadoop.ozone.container.common.transport.server.ratis.XceiverServerRatis.removeGroup(XceiverServerRatis.java:826)
	at org.apache.hadoop.ozone.container.common.statemachine.commandhandler.ClosePipelineCommandHandler.handle(ClosePipelineCommandHandler.java:74)
	at org.apache.hadoop.ozone.container.common.statemachine.commandhandler.CommandDispatcher.handle(CommandDispatcher.java:99)
	at org.apache.hadoop.ozone.container.common.statemachine.DatanodeStateMachine.lambda$initCommandHandlerThread$2(DatanodeStateMachine.java:506)
	at java.lang.Thread.run(Thread.java:748)
Caused by: org.apache.ratis.protocol.exceptions.GroupMismatchException: 68d4f79f-8ed5-4598-b947-57f9bc979c0e: Group group-DECE5BE019F2 not found.
	at org.apache.ratis.server.impl.RaftServerProxy.groupRemoveAsync(RaftServerProxy.java:504)
	at org.apache.ratis.server.impl.RaftServerProxy.groupManagementAsync(RaftServerProxy.java:460)
	at org.apache.ratis.server.impl.RaftServerProxy.groupManagement(RaftServerProxy.java:440)
	at org.apache.hadoop.ozone.container.common.transport.server.ratis.XceiverServerRatis.removeGroup(XceiverServerRatis.java:824)
	... 4 more
2021-05-19 07:42:52,607 [Listener at 127.0.0.1/41639] INFO  ozone.MiniOzoneClusterImpl (MiniOzoneClusterImpl.java:lambda$waitForClusterToBeReady$0(224)) - Waiting for nodes to be ready. Got 6 of 7 DN Heartbeats.
2021-05-19 07:42:52,608 [Listener at 127.0.0.1/41639] INFO  ozone.MiniOzoneClusterImpl (MiniOzoneClusterImpl.java:lambda$waitForClusterToBeReady$0(227)) - Cluster exits safe mode
2021-05-19 07:42:52,608 [Listener at 127.0.0.1/41639] INFO  ozone.MiniOzoneClusterImpl (MiniOzoneClusterImpl.java:lambda$waitForClusterToBeReady$0(230)) - SCM became leader
2021-05-19 07:42:52,612 [EndpointStateMachine task thread for /0.0.0.0:33831 - 0 ] INFO  ozoneimpl.OzoneContainer (OzoneContainer.java:start(291)) - Attempting to start container services.
2021-05-19 07:42:52,612 [EndpointStateMachine task thread for /0.0.0.0:33831 - 0 ] INFO  ozoneimpl.OzoneContainer (OzoneContainer.java:startContainerScrub(237)) - Background container scanner has been disabled.
2021-05-19 07:42:52,613 [EndpointStateMachine task thread for /0.0.0.0:33831 - 0 ] INFO  replication.ReplicationServer (ReplicationServer.java:start(106)) - ReplicationServer is started using port 33709
2021-05-19 07:42:52,613 [EndpointStateMachine task thread for /0.0.0.0:33831 - 0 ] INFO  ratis.XceiverServerRatis (XceiverServerRatis.java:start(490)) - Starting XceiverServerRatis a14714da-c87c-4361-b393-7e96cf422ed7
2021-05-19 07:42:52,614 [EndpointStateMachine task thread for /0.0.0.0:33831 - 0 ] INFO  server.RaftServer$Division (RaftServerImpl.java:start(295)) - a14714da-c87c-4361-b393-7e96cf422ed7@group-CD7CE254A7B8: start as a follower, conf=0: [a14714da-c87c-4361-b393-7e96cf422ed7|rpc:172.17.0.2:45547|dataStream:|priority:1], old=null
2021-05-19 07:42:52,614 [EndpointStateMachine task thread for /0.0.0.0:33831 - 0 ] INFO  server.RaftServer$Division (RaftServerImpl.java:setRole(284)) - a14714da-c87c-4361-b393-7e96cf422ed7@group-CD7CE254A7B8: changes role from      null to FOLLOWER at term 1 for startAsFollower
2021-05-19 07:42:52,614 [EndpointStateMachine task thread for /0.0.0.0:33831 - 0 ] INFO  impl.RoleInfo (RoleInfo.java:updateAndGet(130)) - a14714da-c87c-4361-b393-7e96cf422ed7: start a14714da-c87c-4361-b393-7e96cf422ed7@group-CD7CE254A7B8-FollowerState
2021-05-19 07:42:52,614 [ForkJoinPool.commonPool-worker-1] INFO  server.RaftServer$Division (RaftServerImpl.java:start(295)) - a14714da-c87c-4361-b393-7e96cf422ed7@group-AC6A57830C75: start as a follower, conf=0: [a14714da-c87c-4361-b393-7e96cf422ed7|rpc:172.17.0.2:45547|dataStream:|priority:0, 68d4f79f-8ed5-4598-b947-57f9bc979c0e|rpc:172.17.0.2:42729|dataStream:|priority:1, 8e81be81-8cf3-4cb2-af1f-2c1c9bc19b0e|rpc:172.17.0.2:41855|dataStream:|priority:0], old=null
2021-05-19 07:42:52,614 [ForkJoinPool.commonPool-worker-1] INFO  server.RaftServer$Division (RaftServerImpl.java:setRole(284)) - a14714da-c87c-4361-b393-7e96cf422ed7@group-AC6A57830C75: changes role from      null to FOLLOWER at term 1 for startAsFollower
2021-05-19 07:42:52,615 [EndpointStateMachine task thread for /0.0.0.0:33831 - 0 ] INFO  util.JmxRegister (JmxRegister.java:tryRegister(44)) - Successfully registered JMX Bean with object name Ratis:service=RaftServer,group=group-CD7CE254A7B8,id=a14714da-c87c-4361-b393-7e96cf422ed7
2021-05-19 07:42:52,615 [EndpointStateMachine task thread for /0.0.0.0:33831 - 0 ] INFO  metrics.RatisMetrics (RatisMetrics.java:lambda$create$0(36)) - Creating Metrics Registry : ratis.state_machine.a14714da-c87c-4361-b393-7e96cf422ed7@group-CD7CE254A7B8
2021-05-19 07:42:52,615 [ForkJoinPool.commonPool-worker-1] INFO  impl.RoleInfo (RoleInfo.java:updateAndGet(130)) - a14714da-c87c-4361-b393-7e96cf422ed7: start a14714da-c87c-4361-b393-7e96cf422ed7@group-AC6A57830C75-FollowerState
2021-05-19 07:42:52,615 [EndpointStateMachine task thread for /0.0.0.0:33831 - 0 ] INFO  server.RaftServer$Division (RaftServerImpl.java:start(295)) - a14714da-c87c-4361-b393-7e96cf422ed7@group-DECE5BE019F2: start as a follower, conf=0: [a14714da-c87c-4361-b393-7e96cf422ed7|rpc:172.17.0.2:45547|dataStream:|priority:1, 8e81be81-8cf3-4cb2-af1f-2c1c9bc19b0e|rpc:172.17.0.2:41855|dataStream:|priority:0, 68d4f79f-8ed5-4598-b947-57f9bc979c0e|rpc:172.17.0.2:42729|dataStream:|priority:0], old=null
2021-05-19 07:42:52,616 [EndpointStateMachine task thread for /0.0.0.0:33831 - 0 ] INFO  server.RaftServer$Division (RaftServerImpl.java:setRole(284)) - a14714da-c87c-4361-b393-7e96cf422ed7@group-DECE5BE019F2: changes role from      null to FOLLOWER at term 1 for startAsFollower
2021-05-19 07:42:52,616 [EndpointStateMachine task thread for /0.0.0.0:33831 - 0 ] INFO  impl.RoleInfo (RoleInfo.java:updateAndGet(130)) - a14714da-c87c-4361-b393-7e96cf422ed7: start a14714da-c87c-4361-b393-7e96cf422ed7@group-DECE5BE019F2-FollowerState
2021-05-19 07:42:52,616 [ForkJoinPool.commonPool-worker-1] INFO  util.JmxRegister (JmxRegister.java:tryRegister(44)) - Successfully registered JMX Bean with object name Ratis:service=RaftServer,group=group-AC6A57830C75,id=a14714da-c87c-4361-b393-7e96cf422ed7
2021-05-19 07:42:52,616 [ForkJoinPool.commonPool-worker-1] INFO  metrics.RatisMetrics (RatisMetrics.java:lambda$create$0(36)) - Creating Metrics Registry : ratis.state_machine.a14714da-c87c-4361-b393-7e96cf422ed7@group-AC6A57830C75
2021-05-19 07:42:52,616 [EndpointStateMachine task thread for /0.0.0.0:33831 - 0 ] INFO  util.JmxRegister (JmxRegister.java:tryRegister(44)) - Successfully registered JMX Bean with object name Ratis:service=RaftServer,group=group-DECE5BE019F2,id=a14714da-c87c-4361-b393-7e96cf422ed7
2021-05-19 07:42:52,617 [ForkJoinPool.commonPool-worker-1] INFO  server.RaftServer$Division (RaftServerImpl.java:start(298)) - a14714da-c87c-4361-b393-7e96cf422ed7@group-76E48770978D: start with initializing state, conf=-1: [], old=null
2021-05-19 07:42:52,617 [ForkJoinPool.commonPool-worker-1] INFO  server.RaftServer$Division (RaftServerImpl.java:setRole(284)) - a14714da-c87c-4361-b393-7e96cf422ed7@group-76E48770978D: changes role from      null to FOLLOWER at term 3 for startInitializing
2021-05-19 07:42:52,617 [ForkJoinPool.commonPool-worker-1] INFO  util.JmxRegister (JmxRegister.java:tryRegister(44)) - Successfully registered JMX Bean with object name Ratis:service=RaftServer,group=group-76E48770978D,id=a14714da-c87c-4361-b393-7e96cf422ed7
2021-05-19 07:42:52,617 [ForkJoinPool.commonPool-worker-1] INFO  metrics.RatisMetrics (RatisMetrics.java:lambda$create$0(36)) - Creating Metrics Registry : ratis.state_machine.a14714da-c87c-4361-b393-7e96cf422ed7@group-76E48770978D
2021-05-19 07:42:52,617 [EndpointStateMachine task thread for /0.0.0.0:33831 - 0 ] INFO  metrics.RatisMetrics (RatisMetrics.java:lambda$create$0(36)) - Creating Metrics Registry : ratis.state_machine.a14714da-c87c-4361-b393-7e96cf422ed7@group-DECE5BE019F2
2021-05-19 07:42:52,618 [EndpointStateMachine task thread for /0.0.0.0:33831 - 0 ] INFO  server.RaftServer (RaftServerProxy.java:lambda$start$5(374)) - a14714da-c87c-4361-b393-7e96cf422ed7: start RPC server
2021-05-19 07:42:52,618 [EndpointStateMachine task thread for /0.0.0.0:33831 - 0 ] INFO  server.GrpcService (GrpcService.java:startImpl(253)) - a14714da-c87c-4361-b393-7e96cf422ed7: GrpcService started, listening on 45547
2021-05-19 07:42:52,618 [EndpointStateMachine task thread for /0.0.0.0:33831 - 0 ] INFO  ratis.XceiverServerRatis (XceiverServerRatis.java:getRealPort(511)) - XceiverServerRatis a14714da-c87c-4361-b393-7e96cf422ed7 is started using port 45547 for RATIS
2021-05-19 07:42:52,618 [EndpointStateMachine task thread for /0.0.0.0:33831 - 0 ] INFO  ratis.XceiverServerRatis (XceiverServerRatis.java:getRealPort(511)) - XceiverServerRatis a14714da-c87c-4361-b393-7e96cf422ed7 is started using port 45547 for RATIS_ADMIN
2021-05-19 07:42:52,618 [EndpointStateMachine task thread for /0.0.0.0:33831 - 0 ] INFO  ratis.XceiverServerRatis (XceiverServerRatis.java:getRealPort(511)) - XceiverServerRatis a14714da-c87c-4361-b393-7e96cf422ed7 is started using port 45547 for RATIS_SERVER
2021-05-19 07:42:52,618 [org.apache.ratis.util.JvmPauseMonitor$$Lambda$504/2021733479@823abf4] INFO  util.JvmPauseMonitor (JvmPauseMonitor.java:run(103)) - JvmPauseMonitor-a14714da-c87c-4361-b393-7e96cf422ed7: Started
2021-05-19 07:42:52,899 [Command processor thread] WARN  server.RaftServer (RaftServerProxy.java:remove(101)) - 8e81be81-8cf3-4cb2-af1f-2c1c9bc19b0e: does not contain group: group-AC6A57830C75
2021-05-19 07:42:52,899 [Command processor thread] ERROR commandhandler.ClosePipelineCommandHandler (ClosePipelineCommandHandler.java:handle(78)) - Can't close pipeline PipelineID=b2b3615b-70b0-4c95-a861-ac6a57830c75
java.io.IOException: 8e81be81-8cf3-4cb2-af1f-2c1c9bc19b0e: Group group-AC6A57830C75 not found.
	at org.apache.hadoop.ozone.container.common.transport.server.ratis.XceiverServerRatis.removeGroup(XceiverServerRatis.java:826)
	at org.apache.hadoop.ozone.container.common.statemachine.commandhandler.ClosePipelineCommandHandler.handle(ClosePipelineCommandHandler.java:74)
	at org.apache.hadoop.ozone.container.common.statemachine.commandhandler.CommandDispatcher.handle(CommandDispatcher.java:99)
	at org.apache.hadoop.ozone.container.common.statemachine.DatanodeStateMachine.lambda$initCommandHandlerThread$2(DatanodeStateMachine.java:506)
	at java.lang.Thread.run(Thread.java:748)
Caused by: org.apache.ratis.protocol.exceptions.GroupMismatchException: 8e81be81-8cf3-4cb2-af1f-2c1c9bc19b0e: Group group-AC6A57830C75 not found.
	at org.apache.ratis.server.impl.RaftServerProxy.groupRemoveAsync(RaftServerProxy.java:504)
	at org.apache.ratis.server.impl.RaftServerProxy.groupManagementAsync(RaftServerProxy.java:460)
	at org.apache.ratis.server.impl.RaftServerProxy.groupManagement(RaftServerProxy.java:440)
	at org.apache.hadoop.ozone.container.common.transport.server.ratis.XceiverServerRatis.removeGroup(XceiverServerRatis.java:824)
	... 4 more
2021-05-19 07:42:52,899 [Command processor thread] WARN  server.RaftServer (RaftServerProxy.java:remove(101)) - 8e81be81-8cf3-4cb2-af1f-2c1c9bc19b0e: does not contain group: group-76E48770978D
2021-05-19 07:42:52,900 [Command processor thread] ERROR commandhandler.ClosePipelineCommandHandler (ClosePipelineCommandHandler.java:handle(78)) - Can't close pipeline PipelineID=90d79207-282c-4ddc-b3c9-76e48770978d
java.io.IOException: 8e81be81-8cf3-4cb2-af1f-2c1c9bc19b0e: Group group-76E48770978D not found.
	at org.apache.hadoop.ozone.container.common.transport.server.ratis.XceiverServerRatis.removeGroup(XceiverServerRatis.java:826)
	at org.apache.hadoop.ozone.container.common.statemachine.commandhandler.ClosePipelineCommandHandler.handle(ClosePipelineCommandHandler.java:74)
	at org.apache.hadoop.ozone.container.common.statemachine.commandhandler.CommandDispatcher.handle(CommandDispatcher.java:99)
	at org.apache.hadoop.ozone.container.common.statemachine.DatanodeStateMachine.lambda$initCommandHandlerThread$2(DatanodeStateMachine.java:506)
	at java.lang.Thread.run(Thread.java:748)
Caused by: org.apache.ratis.protocol.exceptions.GroupMismatchException: 8e81be81-8cf3-4cb2-af1f-2c1c9bc19b0e: Group group-76E48770978D not found.
	at org.apache.ratis.server.impl.RaftServerProxy.groupRemoveAsync(RaftServerProxy.java:504)
	at org.apache.ratis.server.impl.RaftServerProxy.groupManagementAsync(RaftServerProxy.java:460)
	at org.apache.ratis.server.impl.RaftServerProxy.groupManagement(RaftServerProxy.java:440)
	at org.apache.hadoop.ozone.container.common.transport.server.ratis.XceiverServerRatis.removeGroup(XceiverServerRatis.java:824)
	... 4 more
2021-05-19 07:42:52,900 [Command processor thread] WARN  server.RaftServer (RaftServerProxy.java:remove(101)) - 8e81be81-8cf3-4cb2-af1f-2c1c9bc19b0e: does not contain group: group-DECE5BE019F2
2021-05-19 07:42:52,900 [Command processor thread] ERROR commandhandler.ClosePipelineCommandHandler (ClosePipelineCommandHandler.java:handle(78)) - Can't close pipeline PipelineID=da74cb76-52a2-4b5c-bce9-dece5be019f2
java.io.IOException: 8e81be81-8cf3-4cb2-af1f-2c1c9bc19b0e: Group group-DECE5BE019F2 not found.
	at org.apache.hadoop.ozone.container.common.transport.server.ratis.XceiverServerRatis.removeGroup(XceiverServerRatis.java:826)
	at org.apache.hadoop.ozone.container.common.statemachine.commandhandler.ClosePipelineCommandHandler.handle(ClosePipelineCommandHandler.java:74)
	at org.apache.hadoop.ozone.container.common.statemachine.commandhandler.CommandDispatcher.handle(CommandDispatcher.java:99)
	at org.apache.hadoop.ozone.container.common.statemachine.DatanodeStateMachine.lambda$initCommandHandlerThread$2(DatanodeStateMachine.java:506)
	at java.lang.Thread.run(Thread.java:748)
Caused by: org.apache.ratis.protocol.exceptions.GroupMismatchException: 8e81be81-8cf3-4cb2-af1f-2c1c9bc19b0e: Group group-DECE5BE019F2 not found.
	at org.apache.ratis.server.impl.RaftServerProxy.groupRemoveAsync(RaftServerProxy.java:504)
	at org.apache.ratis.server.impl.RaftServerProxy.groupManagementAsync(RaftServerProxy.java:460)
	at org.apache.ratis.server.impl.RaftServerProxy.groupManagement(RaftServerProxy.java:440)
	at org.apache.hadoop.ozone.container.common.transport.server.ratis.XceiverServerRatis.removeGroup(XceiverServerRatis.java:824)
	... 4 more
2021-05-19 07:42:52,900 [Command processor thread] WARN  server.RaftServer (RaftServerProxy.java:remove(101)) - 8e81be81-8cf3-4cb2-af1f-2c1c9bc19b0e: does not contain group: group-AC6A57830C75
2021-05-19 07:42:52,900 [Command processor thread] ERROR commandhandler.ClosePipelineCommandHandler (ClosePipelineCommandHandler.java:handle(78)) - Can't close pipeline PipelineID=b2b3615b-70b0-4c95-a861-ac6a57830c75
java.io.IOException: 8e81be81-8cf3-4cb2-af1f-2c1c9bc19b0e: Group group-AC6A57830C75 not found.
	at org.apache.hadoop.ozone.container.common.transport.server.ratis.XceiverServerRatis.removeGroup(XceiverServerRatis.java:826)
	at org.apache.hadoop.ozone.container.common.statemachine.commandhandler.ClosePipelineCommandHandler.handle(ClosePipelineCommandHandler.java:74)
	at org.apache.hadoop.ozone.container.common.statemachine.commandhandler.CommandDispatcher.handle(CommandDispatcher.java:99)
	at org.apache.hadoop.ozone.container.common.statemachine.DatanodeStateMachine.lambda$initCommandHandlerThread$2(DatanodeStateMachine.java:506)
	at java.lang.Thread.run(Thread.java:748)
Caused by: org.apache.ratis.protocol.exceptions.GroupMismatchException: 8e81be81-8cf3-4cb2-af1f-2c1c9bc19b0e: Group group-AC6A57830C75 not found.
	at org.apache.ratis.server.impl.RaftServerProxy.groupRemoveAsync(RaftServerProxy.java:504)
	at org.apache.ratis.server.impl.RaftServerProxy.groupManagementAsync(RaftServerProxy.java:460)
	at org.apache.ratis.server.impl.RaftServerProxy.groupManagement(RaftServerProxy.java:440)
	at org.apache.hadoop.ozone.container.common.transport.server.ratis.XceiverServerRatis.removeGroup(XceiverServerRatis.java:824)
	... 4 more
2021-05-19 07:42:52,900 [Command processor thread] WARN  server.RaftServer (RaftServerProxy.java:remove(101)) - 8e81be81-8cf3-4cb2-af1f-2c1c9bc19b0e: does not contain group: group-76E48770978D
2021-05-19 07:42:52,900 [Command processor thread] ERROR commandhandler.ClosePipelineCommandHandler (ClosePipelineCommandHandler.java:handle(78)) - Can't close pipeline PipelineID=90d79207-282c-4ddc-b3c9-76e48770978d
java.io.IOException: 8e81be81-8cf3-4cb2-af1f-2c1c9bc19b0e: Group group-76E48770978D not found.
	at org.apache.hadoop.ozone.container.common.transport.server.ratis.XceiverServerRatis.removeGroup(XceiverServerRatis.java:826)
	at org.apache.hadoop.ozone.container.common.statemachine.commandhandler.ClosePipelineCommandHandler.handle(ClosePipelineCommandHandler.java:74)
	at org.apache.hadoop.ozone.container.common.statemachine.commandhandler.CommandDispatcher.handle(CommandDispatcher.java:99)
	at org.apache.hadoop.ozone.container.common.statemachine.DatanodeStateMachine.lambda$initCommandHandlerThread$2(DatanodeStateMachine.java:506)
	at java.lang.Thread.run(Thread.java:748)
Caused by: org.apache.ratis.protocol.exceptions.GroupMismatchException: 8e81be81-8cf3-4cb2-af1f-2c1c9bc19b0e: Group group-76E48770978D not found.
	at org.apache.ratis.server.impl.RaftServerProxy.groupRemoveAsync(RaftServerProxy.java:504)
	at org.apache.ratis.server.impl.RaftServerProxy.groupManagementAsync(RaftServerProxy.java:460)
	at org.apache.ratis.server.impl.RaftServerProxy.groupManagement(RaftServerProxy.java:440)
	at org.apache.hadoop.ozone.container.common.transport.server.ratis.XceiverServerRatis.removeGroup(XceiverServerRatis.java:824)
	... 4 more
2021-05-19 07:42:52,900 [Command processor thread] WARN  server.RaftServer (RaftServerProxy.java:remove(101)) - 8e81be81-8cf3-4cb2-af1f-2c1c9bc19b0e: does not contain group: group-DECE5BE019F2
2021-05-19 07:42:52,900 [Command processor thread] ERROR commandhandler.ClosePipelineCommandHandler (ClosePipelineCommandHandler.java:handle(78)) - Can't close pipeline PipelineID=da74cb76-52a2-4b5c-bce9-dece5be019f2
java.io.IOException: 8e81be81-8cf3-4cb2-af1f-2c1c9bc19b0e: Group group-DECE5BE019F2 not found.
	at org.apache.hadoop.ozone.container.common.transport.server.ratis.XceiverServerRatis.removeGroup(XceiverServerRatis.java:826)
	at org.apache.hadoop.ozone.container.common.statemachine.commandhandler.ClosePipelineCommandHandler.handle(ClosePipelineCommandHandler.java:74)
	at org.apache.hadoop.ozone.container.common.statemachine.commandhandler.CommandDispatcher.handle(CommandDispatcher.java:99)
	at org.apache.hadoop.ozone.container.common.statemachine.DatanodeStateMachine.lambda$initCommandHandlerThread$2(DatanodeStateMachine.java:506)
	at java.lang.Thread.run(Thread.java:748)
Caused by: org.apache.ratis.protocol.exceptions.GroupMismatchException: 8e81be81-8cf3-4cb2-af1f-2c1c9bc19b0e: Group group-DECE5BE019F2 not found.
	at org.apache.ratis.server.impl.RaftServerProxy.groupRemoveAsync(RaftServerProxy.java:504)
	at org.apache.ratis.server.impl.RaftServerProxy.groupManagementAsync(RaftServerProxy.java:460)
	at org.apache.ratis.server.impl.RaftServerProxy.groupManagement(RaftServerProxy.java:440)
	at org.apache.hadoop.ozone.container.common.transport.server.ratis.XceiverServerRatis.removeGroup(XceiverServerRatis.java:824)
	... 4 more
2021-05-19 07:42:53,608 [Listener at 127.0.0.1/41639] INFO  ozone.MiniOzoneClusterImpl (MiniOzoneClusterImpl.java:lambda$waitForClusterToBeReady$0(224)) - Waiting for nodes to be ready. Got 6 of 7 DN Heartbeats.
2021-05-19 07:42:53,608 [Listener at 127.0.0.1/41639] INFO  ozone.MiniOzoneClusterImpl (MiniOzoneClusterImpl.java:lambda$waitForClusterToBeReady$0(227)) - Cluster exits safe mode
2021-05-19 07:42:53,608 [Listener at 127.0.0.1/41639] INFO  ozone.MiniOzoneClusterImpl (MiniOzoneClusterImpl.java:lambda$waitForClusterToBeReady$0(230)) - SCM became leader
2021-05-19 07:42:53,774 [Command processor thread] WARN  server.RaftServer (RaftServerProxy.java:remove(101)) - 68d4f79f-8ed5-4598-b947-57f9bc979c0e: does not contain group: group-AC6A57830C75
2021-05-19 07:42:53,774 [Command processor thread] ERROR commandhandler.ClosePipelineCommandHandler (ClosePipelineCommandHandler.java:handle(78)) - Can't close pipeline PipelineID=b2b3615b-70b0-4c95-a861-ac6a57830c75
java.io.IOException: 68d4f79f-8ed5-4598-b947-57f9bc979c0e: Group group-AC6A57830C75 not found.
	at org.apache.hadoop.ozone.container.common.transport.server.ratis.XceiverServerRatis.removeGroup(XceiverServerRatis.java:826)
	at org.apache.hadoop.ozone.container.common.statemachine.commandhandler.ClosePipelineCommandHandler.handle(ClosePipelineCommandHandler.java:74)
	at org.apache.hadoop.ozone.container.common.statemachine.commandhandler.CommandDispatcher.handle(CommandDispatcher.java:99)
	at org.apache.hadoop.ozone.container.common.statemachine.DatanodeStateMachine.lambda$initCommandHandlerThread$2(DatanodeStateMachine.java:506)
	at java.lang.Thread.run(Thread.java:748)
Caused by: org.apache.ratis.protocol.exceptions.GroupMismatchException: 68d4f79f-8ed5-4598-b947-57f9bc979c0e: Group group-AC6A57830C75 not found.
	at org.apache.ratis.server.impl.RaftServerProxy.groupRemoveAsync(RaftServerProxy.java:504)
	at org.apache.ratis.server.impl.RaftServerProxy.groupManagementAsync(RaftServerProxy.java:460)
	at org.apache.ratis.server.impl.RaftServerProxy.groupManagement(RaftServerProxy.java:440)
	at org.apache.hadoop.ozone.container.common.transport.server.ratis.XceiverServerRatis.removeGroup(XceiverServerRatis.java:824)
	... 4 more
2021-05-19 07:42:53,774 [Command processor thread] WARN  server.RaftServer (RaftServerProxy.java:remove(101)) - 68d4f79f-8ed5-4598-b947-57f9bc979c0e: does not contain group: group-76E48770978D
2021-05-19 07:42:53,774 [Command processor thread] ERROR commandhandler.ClosePipelineCommandHandler (ClosePipelineCommandHandler.java:handle(78)) - Can't close pipeline PipelineID=90d79207-282c-4ddc-b3c9-76e48770978d
java.io.IOException: 68d4f79f-8ed5-4598-b947-57f9bc979c0e: Group group-76E48770978D not found.
	at org.apache.hadoop.ozone.container.common.transport.server.ratis.XceiverServerRatis.removeGroup(XceiverServerRatis.java:826)
	at org.apache.hadoop.ozone.container.common.statemachine.commandhandler.ClosePipelineCommandHandler.handle(ClosePipelineCommandHandler.java:74)
	at org.apache.hadoop.ozone.container.common.statemachine.commandhandler.CommandDispatcher.handle(CommandDispatcher.java:99)
	at org.apache.hadoop.ozone.container.common.statemachine.DatanodeStateMachine.lambda$initCommandHandlerThread$2(DatanodeStateMachine.java:506)
	at java.lang.Thread.run(Thread.java:748)
Caused by: org.apache.ratis.protocol.exceptions.GroupMismatchException: 68d4f79f-8ed5-4598-b947-57f9bc979c0e: Group group-76E48770978D not found.
	at org.apache.ratis.server.impl.RaftServerProxy.groupRemoveAsync(RaftServerProxy.java:504)
	at org.apache.ratis.server.impl.RaftServerProxy.groupManagementAsync(RaftServerProxy.java:460)
	at org.apache.ratis.server.impl.RaftServerProxy.groupManagement(RaftServerProxy.java:440)
	at org.apache.hadoop.ozone.container.common.transport.server.ratis.XceiverServerRatis.removeGroup(XceiverServerRatis.java:824)
	... 4 more
2021-05-19 07:42:53,774 [Command processor thread] WARN  server.RaftServer (RaftServerProxy.java:remove(101)) - 68d4f79f-8ed5-4598-b947-57f9bc979c0e: does not contain group: group-DECE5BE019F2
2021-05-19 07:42:53,774 [Command processor thread] ERROR commandhandler.ClosePipelineCommandHandler (ClosePipelineCommandHandler.java:handle(78)) - Can't close pipeline PipelineID=da74cb76-52a2-4b5c-bce9-dece5be019f2
java.io.IOException: 68d4f79f-8ed5-4598-b947-57f9bc979c0e: Group group-DECE5BE019F2 not found.
	at org.apache.hadoop.ozone.container.common.transport.server.ratis.XceiverServerRatis.removeGroup(XceiverServerRatis.java:826)
	at org.apache.hadoop.ozone.container.common.statemachine.commandhandler.ClosePipelineCommandHandler.handle(ClosePipelineCommandHandler.java:74)
	at org.apache.hadoop.ozone.container.common.statemachine.commandhandler.CommandDispatcher.handle(CommandDispatcher.java:99)
	at org.apache.hadoop.ozone.container.common.statemachine.DatanodeStateMachine.lambda$initCommandHandlerThread$2(DatanodeStateMachine.java:506)
	at java.lang.Thread.run(Thread.java:748)
Caused by: org.apache.ratis.protocol.exceptions.GroupMismatchException: 68d4f79f-8ed5-4598-b947-57f9bc979c0e: Group group-DECE5BE019F2 not found.
	at org.apache.ratis.server.impl.RaftServerProxy.groupRemoveAsync(RaftServerProxy.java:504)
	at org.apache.ratis.server.impl.RaftServerProxy.groupManagementAsync(RaftServerProxy.java:460)
	at org.apache.ratis.server.impl.RaftServerProxy.groupManagement(RaftServerProxy.java:440)
	at org.apache.hadoop.ozone.container.common.transport.server.ratis.XceiverServerRatis.removeGroup(XceiverServerRatis.java:824)
	... 4 more
2021-05-19 07:42:53,775 [Command processor thread] WARN  server.RaftServer (RaftServerProxy.java:remove(101)) - 68d4f79f-8ed5-4598-b947-57f9bc979c0e: does not contain group: group-AC6A57830C75
2021-05-19 07:42:53,775 [Command processor thread] ERROR commandhandler.ClosePipelineCommandHandler (ClosePipelineCommandHandler.java:handle(78)) - Can't close pipeline PipelineID=b2b3615b-70b0-4c95-a861-ac6a57830c75
java.io.IOException: 68d4f79f-8ed5-4598-b947-57f9bc979c0e: Group group-AC6A57830C75 not found.
	at org.apache.hadoop.ozone.container.common.transport.server.ratis.XceiverServerRatis.removeGroup(XceiverServerRatis.java:826)
	at org.apache.hadoop.ozone.container.common.statemachine.commandhandler.ClosePipelineCommandHandler.handle(ClosePipelineCommandHandler.java:74)
	at org.apache.hadoop.ozone.container.common.statemachine.commandhandler.CommandDispatcher.handle(CommandDispatcher.java:99)
	at org.apache.hadoop.ozone.container.common.statemachine.DatanodeStateMachine.lambda$initCommandHandlerThread$2(DatanodeStateMachine.java:506)
	at java.lang.Thread.run(Thread.java:748)
Caused by: org.apache.ratis.protocol.exceptions.GroupMismatchException: 68d4f79f-8ed5-4598-b947-57f9bc979c0e: Group group-AC6A57830C75 not found.
	at org.apache.ratis.server.impl.RaftServerProxy.groupRemoveAsync(RaftServerProxy.java:504)
	at org.apache.ratis.server.impl.RaftServerProxy.groupManagementAsync(RaftServerProxy.java:460)
	at org.apache.ratis.server.impl.RaftServerProxy.groupManagement(RaftServerProxy.java:440)
	at org.apache.hadoop.ozone.container.common.transport.server.ratis.XceiverServerRatis.removeGroup(XceiverServerRatis.java:824)
	... 4 more
2021-05-19 07:42:53,775 [Command processor thread] WARN  server.RaftServer (RaftServerProxy.java:remove(101)) - 68d4f79f-8ed5-4598-b947-57f9bc979c0e: does not contain group: group-76E48770978D
2021-05-19 07:42:53,775 [Command processor thread] ERROR commandhandler.ClosePipelineCommandHandler (ClosePipelineCommandHandler.java:handle(78)) - Can't close pipeline PipelineID=90d79207-282c-4ddc-b3c9-76e48770978d
java.io.IOException: 68d4f79f-8ed5-4598-b947-57f9bc979c0e: Group group-76E48770978D not found.
	at org.apache.hadoop.ozone.container.common.transport.server.ratis.XceiverServerRatis.removeGroup(XceiverServerRatis.java:826)
	at org.apache.hadoop.ozone.container.common.statemachine.commandhandler.ClosePipelineCommandHandler.handle(ClosePipelineCommandHandler.java:74)
	at org.apache.hadoop.ozone.container.common.statemachine.commandhandler.CommandDispatcher.handle(CommandDispatcher.java:99)
	at org.apache.hadoop.ozone.container.common.statemachine.DatanodeStateMachine.lambda$initCommandHandlerThread$2(DatanodeStateMachine.java:506)
	at java.lang.Thread.run(Thread.java:748)
Caused by: org.apache.ratis.protocol.exceptions.GroupMismatchException: 68d4f79f-8ed5-4598-b947-57f9bc979c0e: Group group-76E48770978D not found.
	at org.apache.ratis.server.impl.RaftServerProxy.groupRemoveAsync(RaftServerProxy.java:504)
	at org.apache.ratis.server.impl.RaftServerProxy.groupManagementAsync(RaftServerProxy.java:460)
	at org.apache.ratis.server.impl.RaftServerProxy.groupManagement(RaftServerProxy.java:440)
	at org.apache.hadoop.ozone.container.common.transport.server.ratis.XceiverServerRatis.removeGroup(XceiverServerRatis.java:824)
	... 4 more
2021-05-19 07:42:53,775 [Command processor thread] WARN  server.RaftServer (RaftServerProxy.java:remove(101)) - 68d4f79f-8ed5-4598-b947-57f9bc979c0e: does not contain group: group-DECE5BE019F2
2021-05-19 07:42:53,775 [Command processor thread] ERROR commandhandler.ClosePipelineCommandHandler (ClosePipelineCommandHandler.java:handle(78)) - Can't close pipeline PipelineID=da74cb76-52a2-4b5c-bce9-dece5be019f2
java.io.IOException: 68d4f79f-8ed5-4598-b947-57f9bc979c0e: Group group-DECE5BE019F2 not found.
	at org.apache.hadoop.ozone.container.common.transport.server.ratis.XceiverServerRatis.removeGroup(XceiverServerRatis.java:826)
	at org.apache.hadoop.ozone.container.common.statemachine.commandhandler.ClosePipelineCommandHandler.handle(ClosePipelineCommandHandler.java:74)
	at org.apache.hadoop.ozone.container.common.statemachine.commandhandler.CommandDispatcher.handle(CommandDispatcher.java:99)
	at org.apache.hadoop.ozone.container.common.statemachine.DatanodeStateMachine.lambda$initCommandHandlerThread$2(DatanodeStateMachine.java:506)
	at java.lang.Thread.run(Thread.java:748)
Caused by: org.apache.ratis.protocol.exceptions.GroupMismatchException: 68d4f79f-8ed5-4598-b947-57f9bc979c0e: Group group-DECE5BE019F2 not found.
	at org.apache.ratis.server.impl.RaftServerProxy.groupRemoveAsync(RaftServerProxy.java:504)
	at org.apache.ratis.server.impl.RaftServerProxy.groupManagementAsync(RaftServerProxy.java:460)
	at org.apache.ratis.server.impl.RaftServerProxy.groupManagement(RaftServerProxy.java:440)
	at org.apache.hadoop.ozone.container.common.transport.server.ratis.XceiverServerRatis.removeGroup(XceiverServerRatis.java:824)
	... 4 more
2021-05-19 07:42:54,608 [Listener at 127.0.0.1/41639] INFO  ozone.MiniOzoneClusterImpl (MiniOzoneClusterImpl.java:lambda$waitForClusterToBeReady$0(224)) - Waiting for nodes to be ready. Got 6 of 7 DN Heartbeats.
2021-05-19 07:42:54,609 [Listener at 127.0.0.1/41639] INFO  ozone.MiniOzoneClusterImpl (MiniOzoneClusterImpl.java:lambda$waitForClusterToBeReady$0(227)) - Cluster exits safe mode
2021-05-19 07:42:54,609 [Listener at 127.0.0.1/41639] INFO  ozone.MiniOzoneClusterImpl (MiniOzoneClusterImpl.java:lambda$waitForClusterToBeReady$0(230)) - SCM became leader
2021-05-19 07:42:54,899 [Command processor thread] WARN  server.RaftServer (RaftServerProxy.java:remove(101)) - 8e81be81-8cf3-4cb2-af1f-2c1c9bc19b0e: does not contain group: group-AC6A57830C75
2021-05-19 07:42:54,900 [Command processor thread] ERROR commandhandler.ClosePipelineCommandHandler (ClosePipelineCommandHandler.java:handle(78)) - Can't close pipeline PipelineID=b2b3615b-70b0-4c95-a861-ac6a57830c75
java.io.IOException: 8e81be81-8cf3-4cb2-af1f-2c1c9bc19b0e: Group group-AC6A57830C75 not found.
	at org.apache.hadoop.ozone.container.common.transport.server.ratis.XceiverServerRatis.removeGroup(XceiverServerRatis.java:826)
	at org.apache.hadoop.ozone.container.common.statemachine.commandhandler.ClosePipelineCommandHandler.handle(ClosePipelineCommandHandler.java:74)
	at org.apache.hadoop.ozone.container.common.statemachine.commandhandler.CommandDispatcher.handle(CommandDispatcher.java:99)
	at org.apache.hadoop.ozone.container.common.statemachine.DatanodeStateMachine.lambda$initCommandHandlerThread$2(DatanodeStateMachine.java:506)
	at java.lang.Thread.run(Thread.java:748)
Caused by: org.apache.ratis.protocol.exceptions.GroupMismatchException: 8e81be81-8cf3-4cb2-af1f-2c1c9bc19b0e: Group group-AC6A57830C75 not found.
	at org.apache.ratis.server.impl.RaftServerProxy.groupRemoveAsync(RaftServerProxy.java:504)
	at org.apache.ratis.server.impl.RaftServerProxy.groupManagementAsync(RaftServerProxy.java:460)
	at org.apache.ratis.server.impl.RaftServerProxy.groupManagement(RaftServerProxy.java:440)
	at org.apache.hadoop.ozone.container.common.transport.server.ratis.XceiverServerRatis.removeGroup(XceiverServerRatis.java:824)
	... 4 more
2021-05-19 07:42:54,900 [Command processor thread] WARN  server.RaftServer (RaftServerProxy.java:remove(101)) - 8e81be81-8cf3-4cb2-af1f-2c1c9bc19b0e: does not contain group: group-76E48770978D
2021-05-19 07:42:54,900 [Command processor thread] ERROR commandhandler.ClosePipelineCommandHandler (ClosePipelineCommandHandler.java:handle(78)) - Can't close pipeline PipelineID=90d79207-282c-4ddc-b3c9-76e48770978d
java.io.IOException: 8e81be81-8cf3-4cb2-af1f-2c1c9bc19b0e: Group group-76E48770978D not found.
	at org.apache.hadoop.ozone.container.common.transport.server.ratis.XceiverServerRatis.removeGroup(XceiverServerRatis.java:826)
	at org.apache.hadoop.ozone.container.common.statemachine.commandhandler.ClosePipelineCommandHandler.handle(ClosePipelineCommandHandler.java:74)
	at org.apache.hadoop.ozone.container.common.statemachine.commandhandler.CommandDispatcher.handle(CommandDispatcher.java:99)
	at org.apache.hadoop.ozone.container.common.statemachine.DatanodeStateMachine.lambda$initCommandHandlerThread$2(DatanodeStateMachine.java:506)
	at java.lang.Thread.run(Thread.java:748)
Caused by: org.apache.ratis.protocol.exceptions.GroupMismatchException: 8e81be81-8cf3-4cb2-af1f-2c1c9bc19b0e: Group group-76E48770978D not found.
	at org.apache.ratis.server.impl.RaftServerProxy.groupRemoveAsync(RaftServerProxy.java:504)
	at org.apache.ratis.server.impl.RaftServerProxy.groupManagementAsync(RaftServerProxy.java:460)
	at org.apache.ratis.server.impl.RaftServerProxy.groupManagement(RaftServerProxy.java:440)
	at org.apache.hadoop.ozone.container.common.transport.server.ratis.XceiverServerRatis.removeGroup(XceiverServerRatis.java:824)
	... 4 more
2021-05-19 07:42:54,900 [Command processor thread] WARN  server.RaftServer (RaftServerProxy.java:remove(101)) - 8e81be81-8cf3-4cb2-af1f-2c1c9bc19b0e: does not contain group: group-DECE5BE019F2
2021-05-19 07:42:54,900 [Command processor thread] ERROR commandhandler.ClosePipelineCommandHandler (ClosePipelineCommandHandler.java:handle(78)) - Can't close pipeline PipelineID=da74cb76-52a2-4b5c-bce9-dece5be019f2
java.io.IOException: 8e81be81-8cf3-4cb2-af1f-2c1c9bc19b0e: Group group-DECE5BE019F2 not found.
	at org.apache.hadoop.ozone.container.common.transport.server.ratis.XceiverServerRatis.removeGroup(XceiverServerRatis.java:826)
	at org.apache.hadoop.ozone.container.common.statemachine.commandhandler.ClosePipelineCommandHandler.handle(ClosePipelineCommandHandler.java:74)
	at org.apache.hadoop.ozone.container.common.statemachine.commandhandler.CommandDispatcher.handle(CommandDispatcher.java:99)
	at org.apache.hadoop.ozone.container.common.statemachine.DatanodeStateMachine.lambda$initCommandHandlerThread$2(DatanodeStateMachine.java:506)
	at java.lang.Thread.run(Thread.java:748)
Caused by: org.apache.ratis.protocol.exceptions.GroupMismatchException: 8e81be81-8cf3-4cb2-af1f-2c1c9bc19b0e: Group group-DECE5BE019F2 not found.
	at org.apache.ratis.server.impl.RaftServerProxy.groupRemoveAsync(RaftServerProxy.java:504)
	at org.apache.ratis.server.impl.RaftServerProxy.groupManagementAsync(RaftServerProxy.java:460)
	at org.apache.ratis.server.impl.RaftServerProxy.groupManagement(RaftServerProxy.java:440)
	at org.apache.hadoop.ozone.container.common.transport.server.ratis.XceiverServerRatis.removeGroup(XceiverServerRatis.java:824)
	... 4 more
2021-05-19 07:42:54,900 [Command processor thread] WARN  server.RaftServer (RaftServerProxy.java:remove(101)) - 8e81be81-8cf3-4cb2-af1f-2c1c9bc19b0e: does not contain group: group-AC6A57830C75
2021-05-19 07:42:54,900 [Command processor thread] ERROR commandhandler.ClosePipelineCommandHandler (ClosePipelineCommandHandler.java:handle(78)) - Can't close pipeline PipelineID=b2b3615b-70b0-4c95-a861-ac6a57830c75
java.io.IOException: 8e81be81-8cf3-4cb2-af1f-2c1c9bc19b0e: Group group-AC6A57830C75 not found.
	at org.apache.hadoop.ozone.container.common.transport.server.ratis.XceiverServerRatis.removeGroup(XceiverServerRatis.java:826)
	at org.apache.hadoop.ozone.container.common.statemachine.commandhandler.ClosePipelineCommandHandler.handle(ClosePipelineCommandHandler.java:74)
	at org.apache.hadoop.ozone.container.common.statemachine.commandhandler.CommandDispatcher.handle(CommandDispatcher.java:99)
	at org.apache.hadoop.ozone.container.common.statemachine.DatanodeStateMachine.lambda$initCommandHandlerThread$2(DatanodeStateMachine.java:506)
	at java.lang.Thread.run(Thread.java:748)
Caused by: org.apache.ratis.protocol.exceptions.GroupMismatchException: 8e81be81-8cf3-4cb2-af1f-2c1c9bc19b0e: Group group-AC6A57830C75 not found.
	at org.apache.ratis.server.impl.RaftServerProxy.groupRemoveAsync(RaftServerProxy.java:504)
	at org.apache.ratis.server.impl.RaftServerProxy.groupManagementAsync(RaftServerProxy.java:460)
	at org.apache.ratis.server.impl.RaftServerProxy.groupManagement(RaftServerProxy.java:440)
	at org.apache.hadoop.ozone.container.common.transport.server.ratis.XceiverServerRatis.removeGroup(XceiverServerRatis.java:824)
	... 4 more
2021-05-19 07:42:54,900 [Command processor thread] WARN  server.RaftServer (RaftServerProxy.java:remove(101)) - 8e81be81-8cf3-4cb2-af1f-2c1c9bc19b0e: does not contain group: group-76E48770978D
2021-05-19 07:42:54,900 [Command processor thread] ERROR commandhandler.ClosePipelineCommandHandler (ClosePipelineCommandHandler.java:handle(78)) - Can't close pipeline PipelineID=90d79207-282c-4ddc-b3c9-76e48770978d
java.io.IOException: 8e81be81-8cf3-4cb2-af1f-2c1c9bc19b0e: Group group-76E48770978D not found.
	at org.apache.hadoop.ozone.container.common.transport.server.ratis.XceiverServerRatis.removeGroup(XceiverServerRatis.java:826)
	at org.apache.hadoop.ozone.container.common.statemachine.commandhandler.ClosePipelineCommandHandler.handle(ClosePipelineCommandHandler.java:74)
	at org.apache.hadoop.ozone.container.common.statemachine.commandhandler.CommandDispatcher.handle(CommandDispatcher.java:99)
	at org.apache.hadoop.ozone.container.common.statemachine.DatanodeStateMachine.lambda$initCommandHandlerThread$2(DatanodeStateMachine.java:506)
	at java.lang.Thread.run(Thread.java:748)
Caused by: org.apache.ratis.protocol.exceptions.GroupMismatchException: 8e81be81-8cf3-4cb2-af1f-2c1c9bc19b0e: Group group-76E48770978D not found.
	at org.apache.ratis.server.impl.RaftServerProxy.groupRemoveAsync(RaftServerProxy.java:504)
	at org.apache.ratis.server.impl.RaftServerProxy.groupManagementAsync(RaftServerProxy.java:460)
	at org.apache.ratis.server.impl.RaftServerProxy.groupManagement(RaftServerProxy.java:440)
	at org.apache.hadoop.ozone.container.common.transport.server.ratis.XceiverServerRatis.removeGroup(XceiverServerRatis.java:824)
	... 4 more
2021-05-19 07:42:54,900 [Command processor thread] WARN  server.RaftServer (RaftServerProxy.java:remove(101)) - 8e81be81-8cf3-4cb2-af1f-2c1c9bc19b0e: does not contain group: group-DECE5BE019F2
2021-05-19 07:42:54,900 [Command processor thread] ERROR commandhandler.ClosePipelineCommandHandler (ClosePipelineCommandHandler.java:handle(78)) - Can't close pipeline PipelineID=da74cb76-52a2-4b5c-bce9-dece5be019f2
java.io.IOException: 8e81be81-8cf3-4cb2-af1f-2c1c9bc19b0e: Group group-DECE5BE019F2 not found.
	at org.apache.hadoop.ozone.container.common.transport.server.ratis.XceiverServerRatis.removeGroup(XceiverServerRatis.java:826)
	at org.apache.hadoop.ozone.container.common.statemachine.commandhandler.ClosePipelineCommandHandler.handle(ClosePipelineCommandHandler.java:74)
	at org.apache.hadoop.ozone.container.common.statemachine.commandhandler.CommandDispatcher.handle(CommandDispatcher.java:99)
	at org.apache.hadoop.ozone.container.common.statemachine.DatanodeStateMachine.lambda$initCommandHandlerThread$2(DatanodeStateMachine.java:506)
	at java.lang.Thread.run(Thread.java:748)
Caused by: org.apache.ratis.protocol.exceptions.GroupMismatchException: 8e81be81-8cf3-4cb2-af1f-2c1c9bc19b0e: Group group-DECE5BE019F2 not found.
	at org.apache.ratis.server.impl.RaftServerProxy.groupRemoveAsync(RaftServerProxy.java:504)
	at org.apache.ratis.server.impl.RaftServerProxy.groupManagementAsync(RaftServerProxy.java:460)
	at org.apache.ratis.server.impl.RaftServerProxy.groupManagement(RaftServerProxy.java:440)
	at org.apache.hadoop.ozone.container.common.transport.server.ratis.XceiverServerRatis.removeGroup(XceiverServerRatis.java:824)
	... 4 more
2021-05-19 07:42:55,609 [Listener at 127.0.0.1/41639] INFO  ozone.MiniOzoneClusterImpl (MiniOzoneClusterImpl.java:lambda$waitForClusterToBeReady$0(224)) - Waiting for nodes to be ready. Got 6 of 7 DN Heartbeats.
2021-05-19 07:42:55,609 [Listener at 127.0.0.1/41639] INFO  ozone.MiniOzoneClusterImpl (MiniOzoneClusterImpl.java:lambda$waitForClusterToBeReady$0(227)) - Cluster exits safe mode
2021-05-19 07:42:55,609 [Listener at 127.0.0.1/41639] INFO  ozone.MiniOzoneClusterImpl (MiniOzoneClusterImpl.java:lambda$waitForClusterToBeReady$0(230)) - SCM became leader
2021-05-19 07:42:55,774 [Command processor thread] WARN  server.RaftServer (RaftServerProxy.java:remove(101)) - 68d4f79f-8ed5-4598-b947-57f9bc979c0e: does not contain group: group-AC6A57830C75
2021-05-19 07:42:55,774 [Command processor thread] ERROR commandhandler.ClosePipelineCommandHandler (ClosePipelineCommandHandler.java:handle(78)) - Can't close pipeline PipelineID=b2b3615b-70b0-4c95-a861-ac6a57830c75
java.io.IOException: 68d4f79f-8ed5-4598-b947-57f9bc979c0e: Group group-AC6A57830C75 not found.
	at org.apache.hadoop.ozone.container.common.transport.server.ratis.XceiverServerRatis.removeGroup(XceiverServerRatis.java:826)
	at org.apache.hadoop.ozone.container.common.statemachine.commandhandler.ClosePipelineCommandHandler.handle(ClosePipelineCommandHandler.java:74)
	at org.apache.hadoop.ozone.container.common.statemachine.commandhandler.CommandDispatcher.handle(CommandDispatcher.java:99)
	at org.apache.hadoop.ozone.container.common.statemachine.DatanodeStateMachine.lambda$initCommandHandlerThread$2(DatanodeStateMachine.java:506)
	at java.lang.Thread.run(Thread.java:748)
Caused by: org.apache.ratis.protocol.exceptions.GroupMismatchException: 68d4f79f-8ed5-4598-b947-57f9bc979c0e: Group group-AC6A57830C75 not found.
	at org.apache.ratis.server.impl.RaftServerProxy.groupRemoveAsync(RaftServerProxy.java:504)
	at org.apache.ratis.server.impl.RaftServerProxy.groupManagementAsync(RaftServerProxy.java:460)
	at org.apache.ratis.server.impl.RaftServerProxy.groupManagement(RaftServerProxy.java:440)
	at org.apache.hadoop.ozone.container.common.transport.server.ratis.XceiverServerRatis.removeGroup(XceiverServerRatis.java:824)
	... 4 more
2021-05-19 07:42:55,775 [Command processor thread] WARN  server.RaftServer (RaftServerProxy.java:remove(101)) - 68d4f79f-8ed5-4598-b947-57f9bc979c0e: does not contain group: group-76E48770978D
2021-05-19 07:42:55,775 [Command processor thread] ERROR commandhandler.ClosePipelineCommandHandler (ClosePipelineCommandHandler.java:handle(78)) - Can't close pipeline PipelineID=90d79207-282c-4ddc-b3c9-76e48770978d
java.io.IOException: 68d4f79f-8ed5-4598-b947-57f9bc979c0e: Group group-76E48770978D not found.
	at org.apache.hadoop.ozone.container.common.transport.server.ratis.XceiverServerRatis.removeGroup(XceiverServerRatis.java:826)
	at org.apache.hadoop.ozone.container.common.statemachine.commandhandler.ClosePipelineCommandHandler.handle(ClosePipelineCommandHandler.java:74)
	at org.apache.hadoop.ozone.container.common.statemachine.commandhandler.CommandDispatcher.handle(CommandDispatcher.java:99)
	at org.apache.hadoop.ozone.container.common.statemachine.DatanodeStateMachine.lambda$initCommandHandlerThread$2(DatanodeStateMachine.java:506)
	at java.lang.Thread.run(Thread.java:748)
Caused by: org.apache.ratis.protocol.exceptions.GroupMismatchException: 68d4f79f-8ed5-4598-b947-57f9bc979c0e: Group group-76E48770978D not found.
	at org.apache.ratis.server.impl.RaftServerProxy.groupRemoveAsync(RaftServerProxy.java:504)
	at org.apache.ratis.server.impl.RaftServerProxy.groupManagementAsync(RaftServerProxy.java:460)
	at org.apache.ratis.server.impl.RaftServerProxy.groupManagement(RaftServerProxy.java:440)
	at org.apache.hadoop.ozone.container.common.transport.server.ratis.XceiverServerRatis.removeGroup(XceiverServerRatis.java:824)
	... 4 more
2021-05-19 07:42:55,775 [Command processor thread] WARN  server.RaftServer (RaftServerProxy.java:remove(101)) - 68d4f79f-8ed5-4598-b947-57f9bc979c0e: does not contain group: group-DECE5BE019F2
2021-05-19 07:42:55,775 [Command processor thread] ERROR commandhandler.ClosePipelineCommandHandler (ClosePipelineCommandHandler.java:handle(78)) - Can't close pipeline PipelineID=da74cb76-52a2-4b5c-bce9-dece5be019f2
java.io.IOException: 68d4f79f-8ed5-4598-b947-57f9bc979c0e: Group group-DECE5BE019F2 not found.
	at org.apache.hadoop.ozone.container.common.transport.server.ratis.XceiverServerRatis.removeGroup(XceiverServerRatis.java:826)
	at org.apache.hadoop.ozone.container.common.statemachine.commandhandler.ClosePipelineCommandHandler.handle(ClosePipelineCommandHandler.java:74)
	at org.apache.hadoop.ozone.container.common.statemachine.commandhandler.CommandDispatcher.handle(CommandDispatcher.java:99)
	at org.apache.hadoop.ozone.container.common.statemachine.DatanodeStateMachine.lambda$initCommandHandlerThread$2(DatanodeStateMachine.java:506)
	at java.lang.Thread.run(Thread.java:748)
Caused by: org.apache.ratis.protocol.exceptions.GroupMismatchException: 68d4f79f-8ed5-4598-b947-57f9bc979c0e: Group group-DECE5BE019F2 not found.
	at org.apache.ratis.server.impl.RaftServerProxy.groupRemoveAsync(RaftServerProxy.java:504)
	at org.apache.ratis.server.impl.RaftServerProxy.groupManagementAsync(RaftServerProxy.java:460)
	at org.apache.ratis.server.impl.RaftServerProxy.groupManagement(RaftServerProxy.java:440)
	at org.apache.hadoop.ozone.container.common.transport.server.ratis.XceiverServerRatis.removeGroup(XceiverServerRatis.java:824)
	... 4 more
2021-05-19 07:42:55,775 [Command processor thread] WARN  server.RaftServer (RaftServerProxy.java:remove(101)) - 68d4f79f-8ed5-4598-b947-57f9bc979c0e: does not contain group: group-AC6A57830C75
2021-05-19 07:42:55,775 [Command processor thread] ERROR commandhandler.ClosePipelineCommandHandler (ClosePipelineCommandHandler.java:handle(78)) - Can't close pipeline PipelineID=b2b3615b-70b0-4c95-a861-ac6a57830c75
java.io.IOException: 68d4f79f-8ed5-4598-b947-57f9bc979c0e: Group group-AC6A57830C75 not found.
	at org.apache.hadoop.ozone.container.common.transport.server.ratis.XceiverServerRatis.removeGroup(XceiverServerRatis.java:826)
	at org.apache.hadoop.ozone.container.common.statemachine.commandhandler.ClosePipelineCommandHandler.handle(ClosePipelineCommandHandler.java:74)
	at org.apache.hadoop.ozone.container.common.statemachine.commandhandler.CommandDispatcher.handle(CommandDispatcher.java:99)
	at org.apache.hadoop.ozone.container.common.statemachine.DatanodeStateMachine.lambda$initCommandHandlerThread$2(DatanodeStateMachine.java:506)
	at java.lang.Thread.run(Thread.java:748)
Caused by: org.apache.ratis.protocol.exceptions.GroupMismatchException: 68d4f79f-8ed5-4598-b947-57f9bc979c0e: Group group-AC6A57830C75 not found.
	at org.apache.ratis.server.impl.RaftServerProxy.groupRemoveAsync(RaftServerProxy.java:504)
	at org.apache.ratis.server.impl.RaftServerProxy.groupManagementAsync(RaftServerProxy.java:460)
	at org.apache.ratis.server.impl.RaftServerProxy.groupManagement(RaftServerProxy.java:440)
	at org.apache.hadoop.ozone.container.common.transport.server.ratis.XceiverServerRatis.removeGroup(XceiverServerRatis.java:824)
	... 4 more
2021-05-19 07:42:55,775 [Command processor thread] WARN  server.RaftServer (RaftServerProxy.java:remove(101)) - 68d4f79f-8ed5-4598-b947-57f9bc979c0e: does not contain group: group-76E48770978D
2021-05-19 07:42:55,775 [Command processor thread] ERROR commandhandler.ClosePipelineCommandHandler (ClosePipelineCommandHandler.java:handle(78)) - Can't close pipeline PipelineID=90d79207-282c-4ddc-b3c9-76e48770978d
java.io.IOException: 68d4f79f-8ed5-4598-b947-57f9bc979c0e: Group group-76E48770978D not found.
	at org.apache.hadoop.ozone.container.common.transport.server.ratis.XceiverServerRatis.removeGroup(XceiverServerRatis.java:826)
	at org.apache.hadoop.ozone.container.common.statemachine.commandhandler.ClosePipelineCommandHandler.handle(ClosePipelineCommandHandler.java:74)
	at org.apache.hadoop.ozone.container.common.statemachine.commandhandler.CommandDispatcher.handle(CommandDispatcher.java:99)
	at org.apache.hadoop.ozone.container.common.statemachine.DatanodeStateMachine.lambda$initCommandHandlerThread$2(DatanodeStateMachine.java:506)
	at java.lang.Thread.run(Thread.java:748)
Caused by: org.apache.ratis.protocol.exceptions.GroupMismatchException: 68d4f79f-8ed5-4598-b947-57f9bc979c0e: Group group-76E48770978D not found.
	at org.apache.ratis.server.impl.RaftServerProxy.groupRemoveAsync(RaftServerProxy.java:504)
	at org.apache.ratis.server.impl.RaftServerProxy.groupManagementAsync(RaftServerProxy.java:460)
	at org.apache.ratis.server.impl.RaftServerProxy.groupManagement(RaftServerProxy.java:440)
	at org.apache.hadoop.ozone.container.common.transport.server.ratis.XceiverServerRatis.removeGroup(XceiverServerRatis.java:824)
	... 4 more
2021-05-19 07:42:55,775 [Command processor thread] WARN  server.RaftServer (RaftServerProxy.java:remove(101)) - 68d4f79f-8ed5-4598-b947-57f9bc979c0e: does not contain group: group-DECE5BE019F2
2021-05-19 07:42:55,775 [Command processor thread] ERROR commandhandler.ClosePipelineCommandHandler (ClosePipelineCommandHandler.java:handle(78)) - Can't close pipeline PipelineID=da74cb76-52a2-4b5c-bce9-dece5be019f2
java.io.IOException: 68d4f79f-8ed5-4598-b947-57f9bc979c0e: Group group-DECE5BE019F2 not found.
	at org.apache.hadoop.ozone.container.common.transport.server.ratis.XceiverServerRatis.removeGroup(XceiverServerRatis.java:826)
	at org.apache.hadoop.ozone.container.common.statemachine.commandhandler.ClosePipelineCommandHandler.handle(ClosePipelineCommandHandler.java:74)
	at org.apache.hadoop.ozone.container.common.statemachine.commandhandler.CommandDispatcher.handle(CommandDispatcher.java:99)
	at org.apache.hadoop.ozone.container.common.statemachine.DatanodeStateMachine.lambda$initCommandHandlerThread$2(DatanodeStateMachine.java:506)
	at java.lang.Thread.run(Thread.java:748)
Caused by: org.apache.ratis.protocol.exceptions.GroupMismatchException: 68d4f79f-8ed5-4598-b947-57f9bc979c0e: Group group-DECE5BE019F2 not found.
	at org.apache.ratis.server.impl.RaftServerProxy.groupRemoveAsync(RaftServerProxy.java:504)
	at org.apache.ratis.server.impl.RaftServerProxy.groupManagementAsync(RaftServerProxy.java:460)
	at org.apache.ratis.server.impl.RaftServerProxy.groupManagement(RaftServerProxy.java:440)
	at org.apache.hadoop.ozone.container.common.transport.server.ratis.XceiverServerRatis.removeGroup(XceiverServerRatis.java:824)
	... 4 more
2021-05-19 07:42:56,610 [Listener at 127.0.0.1/41639] INFO  ozone.MiniOzoneClusterImpl (MiniOzoneClusterImpl.java:lambda$waitForClusterToBeReady$0(224)) - Waiting for nodes to be ready. Got 6 of 7 DN Heartbeats.
2021-05-19 07:42:56,610 [Listener at 127.0.0.1/41639] INFO  ozone.MiniOzoneClusterImpl (MiniOzoneClusterImpl.java:lambda$waitForClusterToBeReady$0(227)) - Cluster exits safe mode
2021-05-19 07:42:56,610 [Listener at 127.0.0.1/41639] INFO  ozone.MiniOzoneClusterImpl (MiniOzoneClusterImpl.java:lambda$waitForClusterToBeReady$0(230)) - SCM became leader
2021-05-19 07:42:56,638 [EventQueue-NonHealthyToHealthyNodeForNonHealthyToHealthyNodeHandler] INFO  pipeline.BackgroundPipelineCreator (BackgroundPipelineCreatorV2.java:notifyEventTriggered(282)) - trigger a one-shot run on RatisPipelineUtilsThread.
2021-05-19 07:42:56,639 [RatisPipelineUtilsThread - 0] INFO  pipeline.RatisPipelineProvider (RatisPipelineProvider.java:lambda$create$0(170)) - Sending CreatePipelineCommand for pipeline:PipelineID=e5a9674d-1890-47b7-8b5e-615e84326ce6 to datanode:a14714da-c87c-4361-b393-7e96cf422ed7
2021-05-19 07:42:56,639 [RatisPipelineUtilsThread - 0] INFO  pipeline.PipelineStateManager (PipelineStateManagerV2Impl.java:addPipeline(101)) - Created pipeline Pipeline[ Id: e5a9674d-1890-47b7-8b5e-615e84326ce6, Nodes: a14714da-c87c-4361-b393-7e96cf422ed7{ip: 172.17.0.2, host: 3974e5c036b4, ports: [REPLICATION=40039, RATIS=45547, RATIS_ADMIN=45547, RATIS_SERVER=45547, STANDALONE=44867], networkLocation: /default-rack, certSerialId: null, persistedOpState: IN_SERVICE, persistedOpStateExpiryEpochSec: 0}, ReplicationConfig: RATIS/ONE, State:ALLOCATED, leaderId:, CreationTimestamp2021-05-19T07:42:56.639Z].
2021-05-19 07:42:56,640 [RatisPipelineUtilsThread - 0] INFO  pipeline.RatisPipelineProvider (RatisPipelineProvider.java:lambda$create$0(170)) - Sending CreatePipelineCommand for pipeline:PipelineID=415703f1-9a52-42fb-9a9c-62f890f27b82 to datanode:68d4f79f-8ed5-4598-b947-57f9bc979c0e
2021-05-19 07:42:56,640 [RatisPipelineUtilsThread - 0] INFO  pipeline.RatisPipelineProvider (RatisPipelineProvider.java:lambda$create$0(170)) - Sending CreatePipelineCommand for pipeline:PipelineID=415703f1-9a52-42fb-9a9c-62f890f27b82 to datanode:8e81be81-8cf3-4cb2-af1f-2c1c9bc19b0e
2021-05-19 07:42:56,640 [RatisPipelineUtilsThread - 0] INFO  pipeline.RatisPipelineProvider (RatisPipelineProvider.java:lambda$create$0(170)) - Sending CreatePipelineCommand for pipeline:PipelineID=415703f1-9a52-42fb-9a9c-62f890f27b82 to datanode:b054e63b-a418-439f-9265-0225a71f074a
2021-05-19 07:42:56,640 [RatisPipelineUtilsThread - 0] INFO  pipeline.PipelineStateManager (PipelineStateManagerV2Impl.java:addPipeline(101)) - Created pipeline Pipeline[ Id: 415703f1-9a52-42fb-9a9c-62f890f27b82, Nodes: 68d4f79f-8ed5-4598-b947-57f9bc979c0e{ip: 172.17.0.2, host: 3974e5c036b4, ports: [REPLICATION=43949, RATIS=42729, RATIS_ADMIN=42729, RATIS_SERVER=42729, STANDALONE=34701], networkLocation: /default-rack, certSerialId: null, persistedOpState: IN_SERVICE, persistedOpStateExpiryEpochSec: 0}8e81be81-8cf3-4cb2-af1f-2c1c9bc19b0e{ip: 172.17.0.2, host: 3974e5c036b4, ports: [REPLICATION=33707, RATIS=41855, RATIS_ADMIN=41855, RATIS_SERVER=41855, STANDALONE=33695], networkLocation: /default-rack, certSerialId: null, persistedOpState: IN_SERVICE, persistedOpStateExpiryEpochSec: 0}b054e63b-a418-439f-9265-0225a71f074a{ip: 172.17.0.2, host: 3974e5c036b4, ports: [REPLICATION=42285, RATIS=34287, RATIS_ADMIN=34287, RATIS_SERVER=34287, STANDALONE=45519], networkLocation: /default-rack, certSerialId: null, persistedOpState: IN_SERVICE, persistedOpStateExpiryEpochSec: 0}, ReplicationConfig: RATIS/THREE, State:ALLOCATED, leaderId:, CreationTimestamp2021-05-19T07:42:56.640Z].
2021-05-19 07:42:56,641 [RatisPipelineUtilsThread - 0] INFO  pipeline.RatisPipelineProvider (RatisPipelineProvider.java:lambda$create$0(170)) - Sending CreatePipelineCommand for pipeline:PipelineID=410da6b5-5245-4022-b85d-1f4802a68f73 to datanode:68d4f79f-8ed5-4598-b947-57f9bc979c0e
2021-05-19 07:42:56,641 [RatisPipelineUtilsThread - 0] INFO  pipeline.RatisPipelineProvider (RatisPipelineProvider.java:lambda$create$0(170)) - Sending CreatePipelineCommand for pipeline:PipelineID=410da6b5-5245-4022-b85d-1f4802a68f73 to datanode:a14714da-c87c-4361-b393-7e96cf422ed7
2021-05-19 07:42:56,641 [RatisPipelineUtilsThread - 0] INFO  pipeline.RatisPipelineProvider (RatisPipelineProvider.java:lambda$create$0(170)) - Sending CreatePipelineCommand for pipeline:PipelineID=410da6b5-5245-4022-b85d-1f4802a68f73 to datanode:8e81be81-8cf3-4cb2-af1f-2c1c9bc19b0e
2021-05-19 07:42:56,641 [RatisPipelineUtilsThread - 0] INFO  pipeline.PipelineStateManager (PipelineStateManagerV2Impl.java:addPipeline(101)) - Created pipeline Pipeline[ Id: 410da6b5-5245-4022-b85d-1f4802a68f73, Nodes: 68d4f79f-8ed5-4598-b947-57f9bc979c0e{ip: 172.17.0.2, host: 3974e5c036b4, ports: [REPLICATION=43949, RATIS=42729, RATIS_ADMIN=42729, RATIS_SERVER=42729, STANDALONE=34701], networkLocation: /default-rack, certSerialId: null, persistedOpState: IN_SERVICE, persistedOpStateExpiryEpochSec: 0}a14714da-c87c-4361-b393-7e96cf422ed7{ip: 172.17.0.2, host: 3974e5c036b4, ports: [REPLICATION=40039, RATIS=45547, RATIS_ADMIN=45547, RATIS_SERVER=45547, STANDALONE=44867], networkLocation: /default-rack, certSerialId: null, persistedOpState: IN_SERVICE, persistedOpStateExpiryEpochSec: 0}8e81be81-8cf3-4cb2-af1f-2c1c9bc19b0e{ip: 172.17.0.2, host: 3974e5c036b4, ports: [REPLICATION=33707, RATIS=41855, RATIS_ADMIN=41855, RATIS_SERVER=41855, STANDALONE=33695], networkLocation: /default-rack, certSerialId: null, persistedOpState: IN_SERVICE, persistedOpStateExpiryEpochSec: 0}, ReplicationConfig: RATIS/THREE, State:ALLOCATED, leaderId:, CreationTimestamp2021-05-19T07:42:56.641Z].
2021-05-19 07:42:56,641 [RatisPipelineUtilsThread - 0] INFO  pipeline.RatisPipelineProvider (RatisPipelineProvider.java:lambda$create$0(170)) - Sending CreatePipelineCommand for pipeline:PipelineID=80f8b59d-e8b1-4475-8a3c-248d4d37a09f to datanode:a14714da-c87c-4361-b393-7e96cf422ed7
2021-05-19 07:42:56,642 [RatisPipelineUtilsThread - 0] INFO  pipeline.RatisPipelineProvider (RatisPipelineProvider.java:lambda$create$0(170)) - Sending CreatePipelineCommand for pipeline:PipelineID=80f8b59d-e8b1-4475-8a3c-248d4d37a09f to datanode:68d4f79f-8ed5-4598-b947-57f9bc979c0e
2021-05-19 07:42:56,642 [RatisPipelineUtilsThread - 0] INFO  pipeline.RatisPipelineProvider (RatisPipelineProvider.java:lambda$create$0(170)) - Sending CreatePipelineCommand for pipeline:PipelineID=80f8b59d-e8b1-4475-8a3c-248d4d37a09f to datanode:b054e63b-a418-439f-9265-0225a71f074a
2021-05-19 07:42:56,642 [RatisPipelineUtilsThread - 0] INFO  pipeline.PipelineStateManager (PipelineStateManagerV2Impl.java:addPipeline(101)) - Created pipeline Pipeline[ Id: 80f8b59d-e8b1-4475-8a3c-248d4d37a09f, Nodes: a14714da-c87c-4361-b393-7e96cf422ed7{ip: 172.17.0.2, host: 3974e5c036b4, ports: [REPLICATION=40039, RATIS=45547, RATIS_ADMIN=45547, RATIS_SERVER=45547, STANDALONE=44867], networkLocation: /default-rack, certSerialId: null, persistedOpState: IN_SERVICE, persistedOpStateExpiryEpochSec: 0}68d4f79f-8ed5-4598-b947-57f9bc979c0e{ip: 172.17.0.2, host: 3974e5c036b4, ports: [REPLICATION=43949, RATIS=42729, RATIS_ADMIN=42729, RATIS_SERVER=42729, STANDALONE=34701], networkLocation: /default-rack, certSerialId: null, persistedOpState: IN_SERVICE, persistedOpStateExpiryEpochSec: 0}b054e63b-a418-439f-9265-0225a71f074a{ip: 172.17.0.2, host: 3974e5c036b4, ports: [REPLICATION=42285, RATIS=34287, RATIS_ADMIN=34287, RATIS_SERVER=34287, STANDALONE=45519], networkLocation: /default-rack, certSerialId: null, persistedOpState: IN_SERVICE, persistedOpStateExpiryEpochSec: 0}, ReplicationConfig: RATIS/THREE, State:ALLOCATED, leaderId:, CreationTimestamp2021-05-19T07:42:56.641Z].
2021-05-19 07:42:56,642 [RatisPipelineUtilsThread - 0] INFO  pipeline.RatisPipelineProvider (RatisPipelineProvider.java:lambda$create$0(170)) - Sending CreatePipelineCommand for pipeline:PipelineID=34ffaed8-1fd9-4d0b-82e4-4bbccaeda604 to datanode:b054e63b-a418-439f-9265-0225a71f074a
2021-05-19 07:42:56,642 [RatisPipelineUtilsThread - 0] INFO  pipeline.RatisPipelineProvider (RatisPipelineProvider.java:lambda$create$0(170)) - Sending CreatePipelineCommand for pipeline:PipelineID=34ffaed8-1fd9-4d0b-82e4-4bbccaeda604 to datanode:a14714da-c87c-4361-b393-7e96cf422ed7
2021-05-19 07:42:56,643 [RatisPipelineUtilsThread - 0] INFO  pipeline.RatisPipelineProvider (RatisPipelineProvider.java:lambda$create$0(170)) - Sending CreatePipelineCommand for pipeline:PipelineID=34ffaed8-1fd9-4d0b-82e4-4bbccaeda604 to datanode:8e81be81-8cf3-4cb2-af1f-2c1c9bc19b0e
2021-05-19 07:42:56,643 [RatisPipelineUtilsThread - 0] INFO  pipeline.PipelineStateManager (PipelineStateManagerV2Impl.java:addPipeline(101)) - Created pipeline Pipeline[ Id: 34ffaed8-1fd9-4d0b-82e4-4bbccaeda604, Nodes: b054e63b-a418-439f-9265-0225a71f074a{ip: 172.17.0.2, host: 3974e5c036b4, ports: [REPLICATION=42285, RATIS=34287, RATIS_ADMIN=34287, RATIS_SERVER=34287, STANDALONE=45519], networkLocation: /default-rack, certSerialId: null, persistedOpState: IN_SERVICE, persistedOpStateExpiryEpochSec: 0}a14714da-c87c-4361-b393-7e96cf422ed7{ip: 172.17.0.2, host: 3974e5c036b4, ports: [REPLICATION=40039, RATIS=45547, RATIS_ADMIN=45547, RATIS_SERVER=45547, STANDALONE=44867], networkLocation: /default-rack, certSerialId: null, persistedOpState: IN_SERVICE, persistedOpStateExpiryEpochSec: 0}8e81be81-8cf3-4cb2-af1f-2c1c9bc19b0e{ip: 172.17.0.2, host: 3974e5c036b4, ports: [REPLICATION=33707, RATIS=41855, RATIS_ADMIN=41855, RATIS_SERVER=41855, STANDALONE=33695], networkLocation: /default-rack, certSerialId: null, persistedOpState: IN_SERVICE, persistedOpStateExpiryEpochSec: 0}, ReplicationConfig: RATIS/THREE, State:ALLOCATED, leaderId:, CreationTimestamp2021-05-19T07:42:56.642Z].
2021-05-19 07:42:56,900 [Command processor thread] WARN  server.RaftServer (RaftServerProxy.java:remove(101)) - 8e81be81-8cf3-4cb2-af1f-2c1c9bc19b0e: does not contain group: group-AC6A57830C75
2021-05-19 07:42:56,900 [Command processor thread] ERROR commandhandler.ClosePipelineCommandHandler (ClosePipelineCommandHandler.java:handle(78)) - Can't close pipeline PipelineID=b2b3615b-70b0-4c95-a861-ac6a57830c75
java.io.IOException: 8e81be81-8cf3-4cb2-af1f-2c1c9bc19b0e: Group group-AC6A57830C75 not found.
	at org.apache.hadoop.ozone.container.common.transport.server.ratis.XceiverServerRatis.removeGroup(XceiverServerRatis.java:826)
	at org.apache.hadoop.ozone.container.common.statemachine.commandhandler.ClosePipelineCommandHandler.handle(ClosePipelineCommandHandler.java:74)
	at org.apache.hadoop.ozone.container.common.statemachine.commandhandler.CommandDispatcher.handle(CommandDispatcher.java:99)
	at org.apache.hadoop.ozone.container.common.statemachine.DatanodeStateMachine.lambda$initCommandHandlerThread$2(DatanodeStateMachine.java:506)
	at java.lang.Thread.run(Thread.java:748)
Caused by: org.apache.ratis.protocol.exceptions.GroupMismatchException: 8e81be81-8cf3-4cb2-af1f-2c1c9bc19b0e: Group group-AC6A57830C75 not found.
	at org.apache.ratis.server.impl.RaftServerProxy.groupRemoveAsync(RaftServerProxy.java:504)
	at org.apache.ratis.server.impl.RaftServerProxy.groupManagementAsync(RaftServerProxy.java:460)
	at org.apache.ratis.server.impl.RaftServerProxy.groupManagement(RaftServerProxy.java:440)
	at org.apache.hadoop.ozone.container.common.transport.server.ratis.XceiverServerRatis.removeGroup(XceiverServerRatis.java:824)
	... 4 more
2021-05-19 07:42:56,900 [Command processor thread] WARN  server.RaftServer (RaftServerProxy.java:remove(101)) - 8e81be81-8cf3-4cb2-af1f-2c1c9bc19b0e: does not contain group: group-76E48770978D
2021-05-19 07:42:56,900 [Command processor thread] ERROR commandhandler.ClosePipelineCommandHandler (ClosePipelineCommandHandler.java:handle(78)) - Can't close pipeline PipelineID=90d79207-282c-4ddc-b3c9-76e48770978d
java.io.IOException: 8e81be81-8cf3-4cb2-af1f-2c1c9bc19b0e: Group group-76E48770978D not found.
	at org.apache.hadoop.ozone.container.common.transport.server.ratis.XceiverServerRatis.removeGroup(XceiverServerRatis.java:826)
	at org.apache.hadoop.ozone.container.common.statemachine.commandhandler.ClosePipelineCommandHandler.handle(ClosePipelineCommandHandler.java:74)
	at org.apache.hadoop.ozone.container.common.statemachine.commandhandler.CommandDispatcher.handle(CommandDispatcher.java:99)
	at org.apache.hadoop.ozone.container.common.statemachine.DatanodeStateMachine.lambda$initCommandHandlerThread$2(DatanodeStateMachine.java:506)
	at java.lang.Thread.run(Thread.java:748)
Caused by: org.apache.ratis.protocol.exceptions.GroupMismatchException: 8e81be81-8cf3-4cb2-af1f-2c1c9bc19b0e: Group group-76E48770978D not found.
	at org.apache.ratis.server.impl.RaftServerProxy.groupRemoveAsync(RaftServerProxy.java:504)
	at org.apache.ratis.server.impl.RaftServerProxy.groupManagementAsync(RaftServerProxy.java:460)
	at org.apache.ratis.server.impl.RaftServerProxy.groupManagement(RaftServerProxy.java:440)
	at org.apache.hadoop.ozone.container.common.transport.server.ratis.XceiverServerRatis.removeGroup(XceiverServerRatis.java:824)
	... 4 more
2021-05-19 07:42:56,900 [Command processor thread] WARN  server.RaftServer (RaftServerProxy.java:remove(101)) - 8e81be81-8cf3-4cb2-af1f-2c1c9bc19b0e: does not contain group: group-DECE5BE019F2
2021-05-19 07:42:56,901 [Command processor thread] ERROR commandhandler.ClosePipelineCommandHandler (ClosePipelineCommandHandler.java:handle(78)) - Can't close pipeline PipelineID=da74cb76-52a2-4b5c-bce9-dece5be019f2
java.io.IOException: 8e81be81-8cf3-4cb2-af1f-2c1c9bc19b0e: Group group-DECE5BE019F2 not found.
	at org.apache.hadoop.ozone.container.common.transport.server.ratis.XceiverServerRatis.removeGroup(XceiverServerRatis.java:826)
	at org.apache.hadoop.ozone.container.common.statemachine.commandhandler.ClosePipelineCommandHandler.handle(ClosePipelineCommandHandler.java:74)
	at org.apache.hadoop.ozone.container.common.statemachine.commandhandler.CommandDispatcher.handle(CommandDispatcher.java:99)
	at org.apache.hadoop.ozone.container.common.statemachine.DatanodeStateMachine.lambda$initCommandHandlerThread$2(DatanodeStateMachine.java:506)
	at java.lang.Thread.run(Thread.java:748)
Caused by: org.apache.ratis.protocol.exceptions.GroupMismatchException: 8e81be81-8cf3-4cb2-af1f-2c1c9bc19b0e: Group group-DECE5BE019F2 not found.
	at org.apache.ratis.server.impl.RaftServerProxy.groupRemoveAsync(RaftServerProxy.java:504)
	at org.apache.ratis.server.impl.RaftServerProxy.groupManagementAsync(RaftServerProxy.java:460)
	at org.apache.ratis.server.impl.RaftServerProxy.groupManagement(RaftServerProxy.java:440)
	at org.apache.hadoop.ozone.container.common.transport.server.ratis.XceiverServerRatis.removeGroup(XceiverServerRatis.java:824)
	... 4 more
2021-05-19 07:42:56,901 [Command processor thread] WARN  server.RaftServer (RaftServerProxy.java:remove(101)) - 8e81be81-8cf3-4cb2-af1f-2c1c9bc19b0e: does not contain group: group-AC6A57830C75
2021-05-19 07:42:56,901 [Command processor thread] ERROR commandhandler.ClosePipelineCommandHandler (ClosePipelineCommandHandler.java:handle(78)) - Can't close pipeline PipelineID=b2b3615b-70b0-4c95-a861-ac6a57830c75
java.io.IOException: 8e81be81-8cf3-4cb2-af1f-2c1c9bc19b0e: Group group-AC6A57830C75 not found.
	at org.apache.hadoop.ozone.container.common.transport.server.ratis.XceiverServerRatis.removeGroup(XceiverServerRatis.java:826)
	at org.apache.hadoop.ozone.container.common.statemachine.commandhandler.ClosePipelineCommandHandler.handle(ClosePipelineCommandHandler.java:74)
	at org.apache.hadoop.ozone.container.common.statemachine.commandhandler.CommandDispatcher.handle(CommandDispatcher.java:99)
	at org.apache.hadoop.ozone.container.common.statemachine.DatanodeStateMachine.lambda$initCommandHandlerThread$2(DatanodeStateMachine.java:506)
	at java.lang.Thread.run(Thread.java:748)
Caused by: org.apache.ratis.protocol.exceptions.GroupMismatchException: 8e81be81-8cf3-4cb2-af1f-2c1c9bc19b0e: Group group-AC6A57830C75 not found.
	at org.apache.ratis.server.impl.RaftServerProxy.groupRemoveAsync(RaftServerProxy.java:504)
	at org.apache.ratis.server.impl.RaftServerProxy.groupManagementAsync(RaftServerProxy.java:460)
	at org.apache.ratis.server.impl.RaftServerProxy.groupManagement(RaftServerProxy.java:440)
	at org.apache.hadoop.ozone.container.common.transport.server.ratis.XceiverServerRatis.removeGroup(XceiverServerRatis.java:824)
	... 4 more
2021-05-19 07:42:56,901 [Command processor thread] WARN  server.RaftServer (RaftServerProxy.java:remove(101)) - 8e81be81-8cf3-4cb2-af1f-2c1c9bc19b0e: does not contain group: group-76E48770978D
2021-05-19 07:42:56,901 [Command processor thread] ERROR commandhandler.ClosePipelineCommandHandler (ClosePipelineCommandHandler.java:handle(78)) - Can't close pipeline PipelineID=90d79207-282c-4ddc-b3c9-76e48770978d
java.io.IOException: 8e81be81-8cf3-4cb2-af1f-2c1c9bc19b0e: Group group-76E48770978D not found.
	at org.apache.hadoop.ozone.container.common.transport.server.ratis.XceiverServerRatis.removeGroup(XceiverServerRatis.java:826)
	at org.apache.hadoop.ozone.container.common.statemachine.commandhandler.ClosePipelineCommandHandler.handle(ClosePipelineCommandHandler.java:74)
	at org.apache.hadoop.ozone.container.common.statemachine.commandhandler.CommandDispatcher.handle(CommandDispatcher.java:99)
	at org.apache.hadoop.ozone.container.common.statemachine.DatanodeStateMachine.lambda$initCommandHandlerThread$2(DatanodeStateMachine.java:506)
	at java.lang.Thread.run(Thread.java:748)
Caused by: org.apache.ratis.protocol.exceptions.GroupMismatchException: 8e81be81-8cf3-4cb2-af1f-2c1c9bc19b0e: Group group-76E48770978D not found.
	at org.apache.ratis.server.impl.RaftServerProxy.groupRemoveAsync(RaftServerProxy.java:504)
	at org.apache.ratis.server.impl.RaftServerProxy.groupManagementAsync(RaftServerProxy.java:460)
	at org.apache.ratis.server.impl.RaftServerProxy.groupManagement(RaftServerProxy.java:440)
	at org.apache.hadoop.ozone.container.common.transport.server.ratis.XceiverServerRatis.removeGroup(XceiverServerRatis.java:824)
	... 4 more
2021-05-19 07:42:56,901 [Command processor thread] WARN  server.RaftServer (RaftServerProxy.java:remove(101)) - 8e81be81-8cf3-4cb2-af1f-2c1c9bc19b0e: does not contain group: group-DECE5BE019F2
2021-05-19 07:42:56,901 [Command processor thread] ERROR commandhandler.ClosePipelineCommandHandler (ClosePipelineCommandHandler.java:handle(78)) - Can't close pipeline PipelineID=da74cb76-52a2-4b5c-bce9-dece5be019f2
java.io.IOException: 8e81be81-8cf3-4cb2-af1f-2c1c9bc19b0e: Group group-DECE5BE019F2 not found.
	at org.apache.hadoop.ozone.container.common.transport.server.ratis.XceiverServerRatis.removeGroup(XceiverServerRatis.java:826)
	at org.apache.hadoop.ozone.container.common.statemachine.commandhandler.ClosePipelineCommandHandler.handle(ClosePipelineCommandHandler.java:74)
	at org.apache.hadoop.ozone.container.common.statemachine.commandhandler.CommandDispatcher.handle(CommandDispatcher.java:99)
	at org.apache.hadoop.ozone.container.common.statemachine.DatanodeStateMachine.lambda$initCommandHandlerThread$2(DatanodeStateMachine.java:506)
	at java.lang.Thread.run(Thread.java:748)
Caused by: org.apache.ratis.protocol.exceptions.GroupMismatchException: 8e81be81-8cf3-4cb2-af1f-2c1c9bc19b0e: Group group-DECE5BE019F2 not found.
	at org.apache.ratis.server.impl.RaftServerProxy.groupRemoveAsync(RaftServerProxy.java:504)
	at org.apache.ratis.server.impl.RaftServerProxy.groupManagementAsync(RaftServerProxy.java:460)
	at org.apache.ratis.server.impl.RaftServerProxy.groupManagement(RaftServerProxy.java:440)
	at org.apache.hadoop.ozone.container.common.transport.server.ratis.XceiverServerRatis.removeGroup(XceiverServerRatis.java:824)
	... 4 more
2021-05-19 07:42:57,610 [Listener at 127.0.0.1/41639] INFO  ozone.MiniOzoneClusterImpl (MiniOzoneClusterImpl.java:lambda$waitForClusterToBeReady$0(224)) - Nodes are ready. Got 7 of 7 DN Heartbeats.
2021-05-19 07:42:57,610 [Listener at 127.0.0.1/41639] INFO  ozone.MiniOzoneClusterImpl (MiniOzoneClusterImpl.java:lambda$waitForClusterToBeReady$0(227)) - Cluster exits safe mode
2021-05-19 07:42:57,610 [Listener at 127.0.0.1/41639] INFO  ozone.MiniOzoneClusterImpl (MiniOzoneClusterImpl.java:lambda$waitForClusterToBeReady$0(230)) - SCM became leader
2021-05-19 07:42:57,617 [Command processor thread] INFO  server.RaftServer (RaftServerProxy.java:remove(106)) - a14714da-c87c-4361-b393-7e96cf422ed7: remove  FOLLOWER a14714da-c87c-4361-b393-7e96cf422ed7@group-AC6A57830C75:t1, leader=null, voted=68d4f79f-8ed5-4598-b947-57f9bc979c0e, raftlog=a14714da-c87c-4361-b393-7e96cf422ed7@group-AC6A57830C75-SegmentedRaftLog:OPENED:c0,f0,i0, conf=0: [a14714da-c87c-4361-b393-7e96cf422ed7|rpc:172.17.0.2:45547|dataStream:|priority:0, 68d4f79f-8ed5-4598-b947-57f9bc979c0e|rpc:172.17.0.2:42729|dataStream:|priority:1, 8e81be81-8cf3-4cb2-af1f-2c1c9bc19b0e|rpc:172.17.0.2:41855|dataStream:|priority:0], old=null RUNNING
2021-05-19 07:42:57,618 [Command processor thread] INFO  server.RaftServer$Division (RaftServerImpl.java:lambda$close$4(406)) - a14714da-c87c-4361-b393-7e96cf422ed7@group-AC6A57830C75: shutdown
2021-05-19 07:42:57,618 [Command processor thread] INFO  util.JmxRegister (JmxRegister.java:unregister(73)) - Successfully un-registered JMX Bean with object name Ratis:service=RaftServer,group=group-AC6A57830C75,id=a14714da-c87c-4361-b393-7e96cf422ed7
2021-05-19 07:42:57,618 [Command processor thread] INFO  impl.RoleInfo (RoleInfo.java:shutdownFollowerState(108)) - a14714da-c87c-4361-b393-7e96cf422ed7: shutdown a14714da-c87c-4361-b393-7e96cf422ed7@group-AC6A57830C75-FollowerState
2021-05-19 07:42:57,618 [Command processor thread] INFO  impl.StateMachineUpdater (StateMachineUpdater.java:stopAndJoin(149)) - a14714da-c87c-4361-b393-7e96cf422ed7@group-AC6A57830C75-StateMachineUpdater: set stopIndex = 0
2021-05-19 07:42:57,618 [a14714da-c87c-4361-b393-7e96cf422ed7@group-AC6A57830C75-StateMachineUpdater] INFO  metrics.RatisMetrics (RatisMetrics.java:unregister(43)) - Unregistering Metrics Registry : ratis.state_machine.a14714da-c87c-4361-b393-7e96cf422ed7@group-AC6A57830C75
2021-05-19 07:42:57,618 [Command processor thread] INFO  server.RaftServer$Division (ServerState.java:close(405)) - a14714da-c87c-4361-b393-7e96cf422ed7@group-AC6A57830C75: closes. applyIndex: 0
2021-05-19 07:42:57,618 [a14714da-c87c-4361-b393-7e96cf422ed7@group-AC6A57830C75-FollowerState] INFO  impl.FollowerState (FollowerState.java:run(143)) - a14714da-c87c-4361-b393-7e96cf422ed7@group-AC6A57830C75-FollowerState was interrupted: {}
java.lang.InterruptedException: sleep interrupted
	at java.lang.Thread.sleep(Native Method)
	at java.lang.Thread.sleep(Thread.java:340)
	at java.util.concurrent.TimeUnit.sleep(TimeUnit.java:386)
	at org.apache.ratis.util.TimeDuration.sleep(TimeDuration.java:324)
	at org.apache.ratis.util.TimeDuration.sleep(TimeDuration.java:309)
	at org.apache.ratis.server.impl.FollowerState.run(FollowerState.java:118)
2021-05-19 07:42:57,618 [a14714da-c87c-4361-b393-7e96cf422ed7@group-AC6A57830C75-SegmentedRaftLogWorker] INFO  segmented.SegmentedRaftLogWorker (SegmentedRaftLogWorker.java:run(327)) - a14714da-c87c-4361-b393-7e96cf422ed7@group-AC6A57830C75-SegmentedRaftLogWorker was interrupted, exiting. There are 0 tasks remaining in the queue.
2021-05-19 07:42:57,619 [Command processor thread] INFO  segmented.SegmentedRaftLogWorker (SegmentedRaftLogWorker.java:close(237)) - a14714da-c87c-4361-b393-7e96cf422ed7@group-AC6A57830C75-SegmentedRaftLogWorker close()
2021-05-19 07:42:57,631 [Command processor thread] INFO  metrics.RatisMetrics (RatisMetrics.java:unregister(43)) - Unregistering Metrics Registry : ratis.log_worker.a14714da-c87c-4361-b393-7e96cf422ed7@group-AC6A57830C75
2021-05-19 07:42:57,631 [Command processor thread] INFO  metrics.RatisMetrics (RatisMetrics.java:unregister(43)) - Unregistering Metrics Registry : ratis.leader_election.a14714da-c87c-4361-b393-7e96cf422ed7@group-AC6A57830C75
2021-05-19 07:42:57,631 [Command processor thread] INFO  metrics.RatisMetrics (RatisMetrics.java:unregister(43)) - Unregistering Metrics Registry : ratis.server.a14714da-c87c-4361-b393-7e96cf422ed7@group-AC6A57830C75
2021-05-19 07:42:57,632 [Command processor thread] INFO  server.RaftServer$Division (RaftServerImpl.java:groupRemove(376)) - a14714da-c87c-4361-b393-7e96cf422ed7@group-AC6A57830C75: Succeed to remove RaftStorageDirectory Storage Directory /github/workspace/mnt/ozone/hadoop-ozone/integration-test/target/test-dir/MiniOzoneClusterImpl-952c9dfc-8967-4523-b06f-60d3bd5de2bf/datanode-2/data/ratis/b2b3615b-70b0-4c95-a861-ac6a57830c75
2021-05-19 07:42:57,632 [Command processor thread] INFO  commandhandler.ClosePipelineCommandHandler (ClosePipelineCommandHandler.java:handle(75)) - Close Pipeline PipelineID=b2b3615b-70b0-4c95-a861-ac6a57830c75 command on datanode a14714da-c87c-4361-b393-7e96cf422ed7.
2021-05-19 07:42:57,632 [Command processor thread] INFO  server.RaftServer (RaftServerProxy.java:remove(106)) - a14714da-c87c-4361-b393-7e96cf422ed7: remove  FOLLOWER a14714da-c87c-4361-b393-7e96cf422ed7@group-76E48770978D:t3, leader=null, voted=a14714da-c87c-4361-b393-7e96cf422ed7, raftlog=a14714da-c87c-4361-b393-7e96cf422ed7@group-76E48770978D-SegmentedRaftLog:OPENED:c-1,f-1,i0, conf=-1: [], old=null STARTING
2021-05-19 07:42:57,632 [Command processor thread] INFO  server.RaftServer$Division (RaftServerImpl.java:lambda$close$4(406)) - a14714da-c87c-4361-b393-7e96cf422ed7@group-76E48770978D: shutdown
2021-05-19 07:42:57,632 [Command processor thread] INFO  util.JmxRegister (JmxRegister.java:unregister(73)) - Successfully un-registered JMX Bean with object name Ratis:service=RaftServer,group=group-76E48770978D,id=a14714da-c87c-4361-b393-7e96cf422ed7
2021-05-19 07:42:57,633 [a14714da-c87c-4361-b393-7e96cf422ed7@group-76E48770978D-StateMachineUpdater] INFO  metrics.RatisMetrics (RatisMetrics.java:unregister(43)) - Unregistering Metrics Registry : ratis.state_machine.a14714da-c87c-4361-b393-7e96cf422ed7@group-76E48770978D
2021-05-19 07:42:57,633 [Command processor thread] INFO  impl.StateMachineUpdater (StateMachineUpdater.java:stopAndJoin(149)) - a14714da-c87c-4361-b393-7e96cf422ed7@group-76E48770978D-StateMachineUpdater: set stopIndex = -1
2021-05-19 07:42:57,633 [Command processor thread] INFO  server.RaftServer$Division (ServerState.java:close(405)) - a14714da-c87c-4361-b393-7e96cf422ed7@group-76E48770978D: closes. applyIndex: -1
2021-05-19 07:42:57,633 [a14714da-c87c-4361-b393-7e96cf422ed7@group-76E48770978D-SegmentedRaftLogWorker] INFO  segmented.SegmentedRaftLogWorker (SegmentedRaftLogWorker.java:run(327)) - a14714da-c87c-4361-b393-7e96cf422ed7@group-76E48770978D-SegmentedRaftLogWorker was interrupted, exiting. There are 0 tasks remaining in the queue.
2021-05-19 07:42:57,633 [Command processor thread] INFO  segmented.SegmentedRaftLogWorker (SegmentedRaftLogWorker.java:close(237)) - a14714da-c87c-4361-b393-7e96cf422ed7@group-76E48770978D-SegmentedRaftLogWorker close()
2021-05-19 07:42:57,638 [Command processor thread] INFO  metrics.RatisMetrics (RatisMetrics.java:unregister(43)) - Unregistering Metrics Registry : ratis.log_worker.a14714da-c87c-4361-b393-7e96cf422ed7@group-76E48770978D
2021-05-19 07:42:57,638 [Command processor thread] INFO  metrics.RatisMetrics (RatisMetrics.java:unregister(43)) - Unregistering Metrics Registry : ratis.leader_election.a14714da-c87c-4361-b393-7e96cf422ed7@group-76E48770978D
2021-05-19 07:42:57,638 [Command processor thread] INFO  metrics.RatisMetrics (RatisMetrics.java:unregister(43)) - Unregistering Metrics Registry : ratis.server.a14714da-c87c-4361-b393-7e96cf422ed7@group-76E48770978D
2021-05-19 07:42:57,639 [Command processor thread] INFO  server.RaftServer$Division (RaftServerImpl.java:groupRemove(376)) - a14714da-c87c-4361-b393-7e96cf422ed7@group-76E48770978D: Succeed to remove RaftStorageDirectory Storage Directory /github/workspace/mnt/ozone/hadoop-ozone/integration-test/target/test-dir/MiniOzoneClusterImpl-952c9dfc-8967-4523-b06f-60d3bd5de2bf/datanode-2/data/ratis/90d79207-282c-4ddc-b3c9-76e48770978d
2021-05-19 07:42:57,639 [Command processor thread] INFO  commandhandler.ClosePipelineCommandHandler (ClosePipelineCommandHandler.java:handle(75)) - Close Pipeline PipelineID=90d79207-282c-4ddc-b3c9-76e48770978d command on datanode a14714da-c87c-4361-b393-7e96cf422ed7.
2021-05-19 07:42:57,639 [Command processor thread] INFO  server.RaftServer (RaftServerProxy.java:remove(106)) - a14714da-c87c-4361-b393-7e96cf422ed7: remove  FOLLOWER a14714da-c87c-4361-b393-7e96cf422ed7@group-CD7CE254A7B8:t1, leader=null, voted=a14714da-c87c-4361-b393-7e96cf422ed7, raftlog=a14714da-c87c-4361-b393-7e96cf422ed7@group-CD7CE254A7B8-SegmentedRaftLog:OPENED:c11,f11,i11, conf=0: [a14714da-c87c-4361-b393-7e96cf422ed7|rpc:172.17.0.2:45547|dataStream:|priority:1], old=null RUNNING
2021-05-19 07:42:57,639 [Command processor thread] INFO  server.RaftServer$Division (RaftServerImpl.java:lambda$close$4(406)) - a14714da-c87c-4361-b393-7e96cf422ed7@group-CD7CE254A7B8: shutdown
2021-05-19 07:42:57,639 [Command processor thread] INFO  util.JmxRegister (JmxRegister.java:unregister(73)) - Successfully un-registered JMX Bean with object name Ratis:service=RaftServer,group=group-CD7CE254A7B8,id=a14714da-c87c-4361-b393-7e96cf422ed7
2021-05-19 07:42:57,639 [Command processor thread] INFO  impl.RoleInfo (RoleInfo.java:shutdownFollowerState(108)) - a14714da-c87c-4361-b393-7e96cf422ed7: shutdown a14714da-c87c-4361-b393-7e96cf422ed7@group-CD7CE254A7B8-FollowerState
2021-05-19 07:42:57,639 [a14714da-c87c-4361-b393-7e96cf422ed7@group-CD7CE254A7B8-FollowerState] INFO  impl.FollowerState (FollowerState.java:run(143)) - a14714da-c87c-4361-b393-7e96cf422ed7@group-CD7CE254A7B8-FollowerState was interrupted: {}
java.lang.InterruptedException: sleep interrupted
	at java.lang.Thread.sleep(Native Method)
	at java.lang.Thread.sleep(Thread.java:340)
	at java.util.concurrent.TimeUnit.sleep(TimeUnit.java:386)
	at org.apache.ratis.util.TimeDuration.sleep(TimeDuration.java:324)
	at org.apache.ratis.util.TimeDuration.sleep(TimeDuration.java:309)
	at org.apache.ratis.server.impl.FollowerState.run(FollowerState.java:118)
2021-05-19 07:42:57,639 [Command processor thread] INFO  impl.StateMachineUpdater (StateMachineUpdater.java:stopAndJoin(149)) - a14714da-c87c-4361-b393-7e96cf422ed7@group-CD7CE254A7B8-StateMachineUpdater: set stopIndex = 11
2021-05-19 07:42:57,639 [a14714da-c87c-4361-b393-7e96cf422ed7@group-CD7CE254A7B8-StateMachineUpdater] INFO  metrics.RatisMetrics (RatisMetrics.java:unregister(43)) - Unregistering Metrics Registry : ratis.state_machine.a14714da-c87c-4361-b393-7e96cf422ed7@group-CD7CE254A7B8
2021-05-19 07:42:57,640 [Command processor thread] INFO  server.RaftServer$Division (ServerState.java:close(405)) - a14714da-c87c-4361-b393-7e96cf422ed7@group-CD7CE254A7B8: closes. applyIndex: 11
2021-05-19 07:42:57,640 [a14714da-c87c-4361-b393-7e96cf422ed7@group-CD7CE254A7B8-SegmentedRaftLogWorker] INFO  segmented.SegmentedRaftLogWorker (SegmentedRaftLogWorker.java:run(327)) - a14714da-c87c-4361-b393-7e96cf422ed7@group-CD7CE254A7B8-SegmentedRaftLogWorker was interrupted, exiting. There are 0 tasks remaining in the queue.
2021-05-19 07:42:57,643 [Command processor thread] INFO  segmented.SegmentedRaftLogWorker (SegmentedRaftLogWorker.java:close(237)) - a14714da-c87c-4361-b393-7e96cf422ed7@group-CD7CE254A7B8-SegmentedRaftLogWorker close()
2021-05-19 07:42:57,644 [Command processor thread] INFO  metrics.RatisMetrics (RatisMetrics.java:unregister(43)) - Unregistering Metrics Registry : ratis.log_worker.a14714da-c87c-4361-b393-7e96cf422ed7@group-CD7CE254A7B8
2021-05-19 07:42:57,645 [Command processor thread] INFO  metrics.RatisMetrics (RatisMetrics.java:unregister(43)) - Unregistering Metrics Registry : ratis.leader_election.a14714da-c87c-4361-b393-7e96cf422ed7@group-CD7CE254A7B8
2021-05-19 07:42:57,645 [Command processor thread] INFO  metrics.RatisMetrics (RatisMetrics.java:unregister(43)) - Unregistering Metrics Registry : ratis.server.a14714da-c87c-4361-b393-7e96cf422ed7@group-CD7CE254A7B8
2021-05-19 07:42:57,646 [Command processor thread] INFO  keyvalue.KeyValueContainer (KeyValueContainer.java:flushAndSyncDB(393)) - Container 1 is synced with bcsId 10.
2021-05-19 07:42:57,647 [Command processor thread] INFO  keyvalue.KeyValueContainer (KeyValueContainer.java:flushAndSyncDB(393)) - Container 1 is synced with bcsId 10.
2021-05-19 07:42:57,653 [Command processor thread] INFO  server.RaftServer$Division (RaftServerImpl.java:groupRemove(376)) - a14714da-c87c-4361-b393-7e96cf422ed7@group-CD7CE254A7B8: Succeed to remove RaftStorageDirectory Storage Directory /github/workspace/mnt/ozone/hadoop-ozone/integration-test/target/test-dir/MiniOzoneClusterImpl-952c9dfc-8967-4523-b06f-60d3bd5de2bf/datanode-2/data/ratis/8c84198b-96dd-4712-91c9-cd7ce254a7b8
2021-05-19 07:42:57,653 [Command processor thread] INFO  commandhandler.ClosePipelineCommandHandler (ClosePipelineCommandHandler.java:handle(75)) - Close Pipeline PipelineID=8c84198b-96dd-4712-91c9-cd7ce254a7b8 command on datanode a14714da-c87c-4361-b393-7e96cf422ed7.
2021-05-19 07:42:57,653 [Command processor thread] INFO  server.RaftServer (RaftServerProxy.java:remove(106)) - a14714da-c87c-4361-b393-7e96cf422ed7: remove  FOLLOWER a14714da-c87c-4361-b393-7e96cf422ed7@group-DECE5BE019F2:t1, leader=null, voted=a14714da-c87c-4361-b393-7e96cf422ed7, raftlog=a14714da-c87c-4361-b393-7e96cf422ed7@group-DECE5BE019F2-SegmentedRaftLog:OPENED:c0,f0,i0, conf=0: [a14714da-c87c-4361-b393-7e96cf422ed7|rpc:172.17.0.2:45547|dataStream:|priority:1, 8e81be81-8cf3-4cb2-af1f-2c1c9bc19b0e|rpc:172.17.0.2:41855|dataStream:|priority:0, 68d4f79f-8ed5-4598-b947-57f9bc979c0e|rpc:172.17.0.2:42729|dataStream:|priority:0], old=null RUNNING
2021-05-19 07:42:57,653 [Command processor thread] INFO  server.RaftServer$Division (RaftServerImpl.java:lambda$close$4(406)) - a14714da-c87c-4361-b393-7e96cf422ed7@group-DECE5BE019F2: shutdown
2021-05-19 07:42:57,653 [Command processor thread] INFO  util.JmxRegister (JmxRegister.java:unregister(73)) - Successfully un-registered JMX Bean with object name Ratis:service=RaftServer,group=group-DECE5BE019F2,id=a14714da-c87c-4361-b393-7e96cf422ed7
2021-05-19 07:42:57,653 [Command processor thread] INFO  impl.RoleInfo (RoleInfo.java:shutdownFollowerState(108)) - a14714da-c87c-4361-b393-7e96cf422ed7: shutdown a14714da-c87c-4361-b393-7e96cf422ed7@group-DECE5BE019F2-FollowerState
2021-05-19 07:42:57,655 [EventQueue-IncrementalContainerReportForIncrementalContainerReportHandler] INFO  container.IncrementalContainerReportHandler (AbstractContainerReportHandler.java:updateContainerState(216)) - Moving container #1 to QUASI_CLOSED state, datanode a14714da-c87c-4361-b393-7e96cf422ed7{ip: 172.17.0.2, host: 3974e5c036b4, ports: [REPLICATION=40039, RATIS=45547, RATIS_ADMIN=45547, RATIS_SERVER=45547, STANDALONE=44867], networkLocation: /default-rack, certSerialId: null, persistedOpState: IN_SERVICE, persistedOpStateExpiryEpochSec: 0} reported QUASI_CLOSED replica.
2021-05-19 07:42:57,657 [a14714da-c87c-4361-b393-7e96cf422ed7@group-DECE5BE019F2-FollowerState] INFO  impl.FollowerState (FollowerState.java:run(143)) - a14714da-c87c-4361-b393-7e96cf422ed7@group-DECE5BE019F2-FollowerState was interrupted: {}
java.lang.InterruptedException: sleep interrupted
	at java.lang.Thread.sleep(Native Method)
	at java.lang.Thread.sleep(Thread.java:340)
	at java.util.concurrent.TimeUnit.sleep(TimeUnit.java:386)
	at org.apache.ratis.util.TimeDuration.sleep(TimeDuration.java:324)
	at org.apache.ratis.util.TimeDuration.sleep(TimeDuration.java:309)
	at org.apache.ratis.server.impl.FollowerState.run(FollowerState.java:118)
2021-05-19 07:42:57,659 [a14714da-c87c-4361-b393-7e96cf422ed7@group-DECE5BE019F2-StateMachineUpdater] INFO  metrics.RatisMetrics (RatisMetrics.java:unregister(43)) - Unregistering Metrics Registry : ratis.state_machine.a14714da-c87c-4361-b393-7e96cf422ed7@group-DECE5BE019F2
2021-05-19 07:42:57,660 [Command processor thread] INFO  impl.StateMachineUpdater (StateMachineUpdater.java:stopAndJoin(149)) - a14714da-c87c-4361-b393-7e96cf422ed7@group-DECE5BE019F2-StateMachineUpdater: set stopIndex = 0
2021-05-19 07:42:57,660 [Command processor thread] INFO  server.RaftServer$Division (ServerState.java:close(405)) - a14714da-c87c-4361-b393-7e96cf422ed7@group-DECE5BE019F2: closes. applyIndex: 0
2021-05-19 07:42:57,660 [a14714da-c87c-4361-b393-7e96cf422ed7@group-DECE5BE019F2-SegmentedRaftLogWorker] INFO  segmented.SegmentedRaftLogWorker (SegmentedRaftLogWorker.java:run(327)) - a14714da-c87c-4361-b393-7e96cf422ed7@group-DECE5BE019F2-SegmentedRaftLogWorker was interrupted, exiting. There are 0 tasks remaining in the queue.
2021-05-19 07:42:57,662 [Command processor thread] INFO  segmented.SegmentedRaftLogWorker (SegmentedRaftLogWorker.java:close(237)) - a14714da-c87c-4361-b393-7e96cf422ed7@group-DECE5BE019F2-SegmentedRaftLogWorker close()
2021-05-19 07:42:57,663 [Command processor thread] INFO  metrics.RatisMetrics (RatisMetrics.java:unregister(43)) - Unregistering Metrics Registry : ratis.log_worker.a14714da-c87c-4361-b393-7e96cf422ed7@group-DECE5BE019F2
2021-05-19 07:42:57,663 [Command processor thread] INFO  metrics.RatisMetrics (RatisMetrics.java:unregister(43)) - Unregistering Metrics Registry : ratis.leader_election.a14714da-c87c-4361-b393-7e96cf422ed7@group-DECE5BE019F2
2021-05-19 07:42:57,663 [Command processor thread] INFO  metrics.RatisMetrics (RatisMetrics.java:unregister(43)) - Unregistering Metrics Registry : ratis.server.a14714da-c87c-4361-b393-7e96cf422ed7@group-DECE5BE019F2
2021-05-19 07:42:57,664 [Command processor thread] INFO  server.RaftServer$Division (RaftServerImpl.java:groupRemove(376)) - a14714da-c87c-4361-b393-7e96cf422ed7@group-DECE5BE019F2: Succeed to remove RaftStorageDirectory Storage Directory /github/workspace/mnt/ozone/hadoop-ozone/integration-test/target/test-dir/MiniOzoneClusterImpl-952c9dfc-8967-4523-b06f-60d3bd5de2bf/datanode-2/data/ratis/da74cb76-52a2-4b5c-bce9-dece5be019f2
2021-05-19 07:42:57,664 [Command processor thread] INFO  commandhandler.ClosePipelineCommandHandler (ClosePipelineCommandHandler.java:handle(75)) - Close Pipeline PipelineID=da74cb76-52a2-4b5c-bce9-dece5be019f2 command on datanode a14714da-c87c-4361-b393-7e96cf422ed7.
2021-05-19 07:42:57,664 [Command processor thread] WARN  server.RaftServer (RaftServerProxy.java:remove(101)) - a14714da-c87c-4361-b393-7e96cf422ed7: does not contain group: group-76E48770978D
2021-05-19 07:42:57,664 [Command processor thread] ERROR commandhandler.ClosePipelineCommandHandler (ClosePipelineCommandHandler.java:handle(78)) - Can't close pipeline PipelineID=90d79207-282c-4ddc-b3c9-76e48770978d
java.io.IOException: a14714da-c87c-4361-b393-7e96cf422ed7: Group group-76E48770978D not found.
	at org.apache.hadoop.ozone.container.common.transport.server.ratis.XceiverServerRatis.removeGroup(XceiverServerRatis.java:826)
	at org.apache.hadoop.ozone.container.common.statemachine.commandhandler.ClosePipelineCommandHandler.handle(ClosePipelineCommandHandler.java:74)
	at org.apache.hadoop.ozone.container.common.statemachine.commandhandler.CommandDispatcher.handle(CommandDispatcher.java:99)
	at org.apache.hadoop.ozone.container.common.statemachine.DatanodeStateMachine.lambda$initCommandHandlerThread$2(DatanodeStateMachine.java:506)
	at java.lang.Thread.run(Thread.java:748)
Caused by: org.apache.ratis.protocol.exceptions.GroupMismatchException: a14714da-c87c-4361-b393-7e96cf422ed7: Group group-76E48770978D not found.
	at org.apache.ratis.server.impl.RaftServerProxy.groupRemoveAsync(RaftServerProxy.java:504)
	at org.apache.ratis.server.impl.RaftServerProxy.groupManagementAsync(RaftServerProxy.java:460)
	at org.apache.ratis.server.impl.RaftServerProxy.groupManagement(RaftServerProxy.java:440)
	at org.apache.hadoop.ozone.container.common.transport.server.ratis.XceiverServerRatis.removeGroup(XceiverServerRatis.java:824)
	... 4 more
2021-05-19 07:42:57,664 [Command processor thread] WARN  server.RaftServer (RaftServerProxy.java:remove(101)) - a14714da-c87c-4361-b393-7e96cf422ed7: does not contain group: group-AC6A57830C75
2021-05-19 07:42:57,664 [Command processor thread] ERROR commandhandler.ClosePipelineCommandHandler (ClosePipelineCommandHandler.java:handle(78)) - Can't close pipeline PipelineID=b2b3615b-70b0-4c95-a861-ac6a57830c75
java.io.IOException: a14714da-c87c-4361-b393-7e96cf422ed7: Group group-AC6A57830C75 not found.
	at org.apache.hadoop.ozone.container.common.transport.server.ratis.XceiverServerRatis.removeGroup(XceiverServerRatis.java:826)
	at org.apache.hadoop.ozone.container.common.statemachine.commandhandler.ClosePipelineCommandHandler.handle(ClosePipelineCommandHandler.java:74)
	at org.apache.hadoop.ozone.container.common.statemachine.commandhandler.CommandDispatcher.handle(CommandDispatcher.java:99)
	at org.apache.hadoop.ozone.container.common.statemachine.DatanodeStateMachine.lambda$initCommandHandlerThread$2(DatanodeStateMachine.java:506)
	at java.lang.Thread.run(Thread.java:748)
Caused by: org.apache.ratis.protocol.exceptions.GroupMismatchException: a14714da-c87c-4361-b393-7e96cf422ed7: Group group-AC6A57830C75 not found.
	at org.apache.ratis.server.impl.RaftServerProxy.groupRemoveAsync(RaftServerProxy.java:504)
	at org.apache.ratis.server.impl.RaftServerProxy.groupManagementAsync(RaftServerProxy.java:460)
	at org.apache.ratis.server.impl.RaftServerProxy.groupManagement(RaftServerProxy.java:440)
	at org.apache.hadoop.ozone.container.common.transport.server.ratis.XceiverServerRatis.removeGroup(XceiverServerRatis.java:824)
	... 4 more
2021-05-19 07:42:57,664 [Command processor thread] WARN  server.RaftServer (RaftServerProxy.java:remove(101)) - a14714da-c87c-4361-b393-7e96cf422ed7: does not contain group: group-CD7CE254A7B8
2021-05-19 07:42:57,664 [Command processor thread] ERROR commandhandler.ClosePipelineCommandHandler (ClosePipelineCommandHandler.java:handle(78)) - Can't close pipeline PipelineID=8c84198b-96dd-4712-91c9-cd7ce254a7b8
java.io.IOException: a14714da-c87c-4361-b393-7e96cf422ed7: Group group-CD7CE254A7B8 not found.
	at org.apache.hadoop.ozone.container.common.transport.server.ratis.XceiverServerRatis.removeGroup(XceiverServerRatis.java:826)
	at org.apache.hadoop.ozone.container.common.statemachine.commandhandler.ClosePipelineCommandHandler.handle(ClosePipelineCommandHandler.java:74)
	at org.apache.hadoop.ozone.container.common.statemachine.commandhandler.CommandDispatcher.handle(CommandDispatcher.java:99)
	at org.apache.hadoop.ozone.container.common.statemachine.DatanodeStateMachine.lambda$initCommandHandlerThread$2(DatanodeStateMachine.java:506)
	at java.lang.Thread.run(Thread.java:748)
Caused by: org.apache.ratis.protocol.exceptions.GroupMismatchException: a14714da-c87c-4361-b393-7e96cf422ed7: Group group-CD7CE254A7B8 not found.
	at org.apache.ratis.server.impl.RaftServerProxy.groupRemoveAsync(RaftServerProxy.java:504)
	at org.apache.ratis.server.impl.RaftServerProxy.groupManagementAsync(RaftServerProxy.java:460)
	at org.apache.ratis.server.impl.RaftServerProxy.groupManagement(RaftServerProxy.java:440)
	at org.apache.hadoop.ozone.container.common.transport.server.ratis.XceiverServerRatis.removeGroup(XceiverServerRatis.java:824)
	... 4 more
2021-05-19 07:42:57,664 [Command processor thread] WARN  server.RaftServer (RaftServerProxy.java:remove(101)) - a14714da-c87c-4361-b393-7e96cf422ed7: does not contain group: group-DECE5BE019F2
2021-05-19 07:42:57,664 [Command processor thread] ERROR commandhandler.ClosePipelineCommandHandler (ClosePipelineCommandHandler.java:handle(78)) - Can't close pipeline PipelineID=da74cb76-52a2-4b5c-bce9-dece5be019f2
java.io.IOException: a14714da-c87c-4361-b393-7e96cf422ed7: Group group-DECE5BE019F2 not found.
	at org.apache.hadoop.ozone.container.common.transport.server.ratis.XceiverServerRatis.removeGroup(XceiverServerRatis.java:826)
	at org.apache.hadoop.ozone.container.common.statemachine.commandhandler.ClosePipelineCommandHandler.handle(ClosePipelineCommandHandler.java:74)
	at org.apache.hadoop.ozone.container.common.statemachine.commandhandler.CommandDispatcher.handle(CommandDispatcher.java:99)
	at org.apache.hadoop.ozone.container.common.statemachine.DatanodeStateMachine.lambda$initCommandHandlerThread$2(DatanodeStateMachine.java:506)
	at java.lang.Thread.run(Thread.java:748)
Caused by: org.apache.ratis.protocol.exceptions.GroupMismatchException: a14714da-c87c-4361-b393-7e96cf422ed7: Group group-DECE5BE019F2 not found.
	at org.apache.ratis.server.impl.RaftServerProxy.groupRemoveAsync(RaftServerProxy.java:504)
	at org.apache.ratis.server.impl.RaftServerProxy.groupManagementAsync(RaftServerProxy.java:460)
	at org.apache.ratis.server.impl.RaftServerProxy.groupManagement(RaftServerProxy.java:440)
	at org.apache.hadoop.ozone.container.common.transport.server.ratis.XceiverServerRatis.removeGroup(XceiverServerRatis.java:824)
	... 4 more
2021-05-19 07:42:57,664 [Command processor thread] WARN  server.RaftServer (RaftServerProxy.java:remove(101)) - a14714da-c87c-4361-b393-7e96cf422ed7: does not contain group: group-76E48770978D
2021-05-19 07:42:57,665 [Command processor thread] ERROR commandhandler.ClosePipelineCommandHandler (ClosePipelineCommandHandler.java:handle(78)) - Can't close pipeline PipelineID=90d79207-282c-4ddc-b3c9-76e48770978d
java.io.IOException: a14714da-c87c-4361-b393-7e96cf422ed7: Group group-76E48770978D not found.
	at org.apache.hadoop.ozone.container.common.transport.server.ratis.XceiverServerRatis.removeGroup(XceiverServerRatis.java:826)
	at org.apache.hadoop.ozone.container.common.statemachine.commandhandler.ClosePipelineCommandHandler.handle(ClosePipelineCommandHandler.java:74)
	at org.apache.hadoop.ozone.container.common.statemachine.commandhandler.CommandDispatcher.handle(CommandDispatcher.java:99)
	at org.apache.hadoop.ozone.container.common.statemachine.DatanodeStateMachine.lambda$initCommandHandlerThread$2(DatanodeStateMachine.java:506)
	at java.lang.Thread.run(Thread.java:748)
Caused by: org.apache.ratis.protocol.exceptions.GroupMismatchException: a14714da-c87c-4361-b393-7e96cf422ed7: Group group-76E48770978D not found.
	at org.apache.ratis.server.impl.RaftServerProxy.groupRemoveAsync(RaftServerProxy.java:504)
	at org.apache.ratis.server.impl.RaftServerProxy.groupManagementAsync(RaftServerProxy.java:460)
	at org.apache.ratis.server.impl.RaftServerProxy.groupManagement(RaftServerProxy.java:440)
	at org.apache.hadoop.ozone.container.common.transport.server.ratis.XceiverServerRatis.removeGroup(XceiverServerRatis.java:824)
	... 4 more
2021-05-19 07:42:57,665 [Command processor thread] WARN  server.RaftServer (RaftServerProxy.java:remove(101)) - a14714da-c87c-4361-b393-7e96cf422ed7: does not contain group: group-AC6A57830C75
2021-05-19 07:42:57,665 [Command processor thread] ERROR commandhandler.ClosePipelineCommandHandler (ClosePipelineCommandHandler.java:handle(78)) - Can't close pipeline PipelineID=b2b3615b-70b0-4c95-a861-ac6a57830c75
java.io.IOException: a14714da-c87c-4361-b393-7e96cf422ed7: Group group-AC6A57830C75 not found.
	at org.apache.hadoop.ozone.container.common.transport.server.ratis.XceiverServerRatis.removeGroup(XceiverServerRatis.java:826)
	at org.apache.hadoop.ozone.container.common.statemachine.commandhandler.ClosePipelineCommandHandler.handle(ClosePipelineCommandHandler.java:74)
	at org.apache.hadoop.ozone.container.common.statemachine.commandhandler.CommandDispatcher.handle(CommandDispatcher.java:99)
	at org.apache.hadoop.ozone.container.common.statemachine.DatanodeStateMachine.lambda$initCommandHandlerThread$2(DatanodeStateMachine.java:506)
	at java.lang.Thread.run(Thread.java:748)
Caused by: org.apache.ratis.protocol.exceptions.GroupMismatchException: a14714da-c87c-4361-b393-7e96cf422ed7: Group group-AC6A57830C75 not found.
	at org.apache.ratis.server.impl.RaftServerProxy.groupRemoveAsync(RaftServerProxy.java:504)
	at org.apache.ratis.server.impl.RaftServerProxy.groupManagementAsync(RaftServerProxy.java:460)
	at org.apache.ratis.server.impl.RaftServerProxy.groupManagement(RaftServerProxy.java:440)
	at org.apache.hadoop.ozone.container.common.transport.server.ratis.XceiverServerRatis.removeGroup(XceiverServerRatis.java:824)
	... 4 more
2021-05-19 07:42:57,665 [Command processor thread] WARN  server.RaftServer (RaftServerProxy.java:remove(101)) - a14714da-c87c-4361-b393-7e96cf422ed7: does not contain group: group-CD7CE254A7B8
2021-05-19 07:42:57,665 [Command processor thread] ERROR commandhandler.ClosePipelineCommandHandler (ClosePipelineCommandHandler.java:handle(78)) - Can't close pipeline PipelineID=8c84198b-96dd-4712-91c9-cd7ce254a7b8
java.io.IOException: a14714da-c87c-4361-b393-7e96cf422ed7: Group group-CD7CE254A7B8 not found.
	at org.apache.hadoop.ozone.container.common.transport.server.ratis.XceiverServerRatis.removeGroup(XceiverServerRatis.java:826)
	at org.apache.hadoop.ozone.container.common.statemachine.commandhandler.ClosePipelineCommandHandler.handle(ClosePipelineCommandHandler.java:74)
	at org.apache.hadoop.ozone.container.common.statemachine.commandhandler.CommandDispatcher.handle(CommandDispatcher.java:99)
	at org.apache.hadoop.ozone.container.common.statemachine.DatanodeStateMachine.lambda$initCommandHandlerThread$2(DatanodeStateMachine.java:506)
	at java.lang.Thread.run(Thread.java:748)
Caused by: org.apache.ratis.protocol.exceptions.GroupMismatchException: a14714da-c87c-4361-b393-7e96cf422ed7: Group group-CD7CE254A7B8 not found.
	at org.apache.ratis.server.impl.RaftServerProxy.groupRemoveAsync(RaftServerProxy.java:504)
	at org.apache.ratis.server.impl.RaftServerProxy.groupManagementAsync(RaftServerProxy.java:460)
	at org.apache.ratis.server.impl.RaftServerProxy.groupManagement(RaftServerProxy.java:440)
	at org.apache.hadoop.ozone.container.common.transport.server.ratis.XceiverServerRatis.removeGroup(XceiverServerRatis.java:824)
	... 4 more
2021-05-19 07:42:57,665 [Command processor thread] WARN  server.RaftServer (RaftServerProxy.java:remove(101)) - a14714da-c87c-4361-b393-7e96cf422ed7: does not contain group: group-DECE5BE019F2
2021-05-19 07:42:57,665 [Command processor thread] ERROR commandhandler.ClosePipelineCommandHandler (ClosePipelineCommandHandler.java:handle(78)) - Can't close pipeline PipelineID=da74cb76-52a2-4b5c-bce9-dece5be019f2
java.io.IOException: a14714da-c87c-4361-b393-7e96cf422ed7: Group group-DECE5BE019F2 not found.
	at org.apache.hadoop.ozone.container.common.transport.server.ratis.XceiverServerRatis.removeGroup(XceiverServerRatis.java:826)
	at org.apache.hadoop.ozone.container.common.statemachine.commandhandler.ClosePipelineCommandHandler.handle(ClosePipelineCommandHandler.java:74)
	at org.apache.hadoop.ozone.container.common.statemachine.commandhandler.CommandDispatcher.handle(CommandDispatcher.java:99)
	at org.apache.hadoop.ozone.container.common.statemachine.DatanodeStateMachine.lambda$initCommandHandlerThread$2(DatanodeStateMachine.java:506)
	at java.lang.Thread.run(Thread.java:748)
Caused by: org.apache.ratis.protocol.exceptions.GroupMismatchException: a14714da-c87c-4361-b393-7e96cf422ed7: Group group-DECE5BE019F2 not found.
	at org.apache.ratis.server.impl.RaftServerProxy.groupRemoveAsync(RaftServerProxy.java:504)
	at org.apache.ratis.server.impl.RaftServerProxy.groupManagementAsync(RaftServerProxy.java:460)
	at org.apache.ratis.server.impl.RaftServerProxy.groupManagement(RaftServerProxy.java:440)
	at org.apache.hadoop.ozone.container.common.transport.server.ratis.XceiverServerRatis.removeGroup(XceiverServerRatis.java:824)
	... 4 more
2021-05-19 07:42:57,665 [Command processor thread] INFO  server.RaftServer (RaftServerProxy.java:addNew(95)) - a14714da-c87c-4361-b393-7e96cf422ed7: addNew group-615E84326CE6:[a14714da-c87c-4361-b393-7e96cf422ed7|rpc:172.17.0.2:45547|priority:1] returns group-615E84326CE6:java.util.concurrent.CompletableFuture@6754816a[Not completed]
2021-05-19 07:42:57,666 [pool-371-thread-1] INFO  server.RaftServer$Division (RaftServerImpl.java:<init>(180)) - a14714da-c87c-4361-b393-7e96cf422ed7: new RaftServerImpl for group-615E84326CE6:[a14714da-c87c-4361-b393-7e96cf422ed7|rpc:172.17.0.2:45547|priority:1] with ContainerStateMachine:uninitialized
2021-05-19 07:42:57,666 [pool-371-thread-1] INFO  server.RaftServerConfigKeys (ConfUtils.java:logGet(44)) - raft.server.rpc.timeout.min = 5s (custom)
2021-05-19 07:42:57,666 [pool-371-thread-1] INFO  server.RaftServerConfigKeys (ConfUtils.java:logGet(44)) - raft.server.rpc.timeout.max = 5200ms (custom)
2021-05-19 07:42:57,666 [pool-371-thread-1] INFO  server.RaftServerConfigKeys (ConfUtils.java:logGet(44)) - raft.server.rpc.sleep.time = 25ms (default)
2021-05-19 07:42:57,666 [pool-371-thread-1] INFO  server.RaftServerConfigKeys (ConfUtils.java:logGet(44)) - raft.server.rpc.slowness.timeout = 300000ms (custom)
2021-05-19 07:42:57,666 [pool-371-thread-1] INFO  server.RaftServerConfigKeys (ConfUtils.java:logGet(44)) - raft.server.leaderelection.leader.step-down.wait-time = 10s (default)
2021-05-19 07:42:57,666 [pool-371-thread-1] INFO  server.RaftServerConfigKeys (ConfUtils.java:logGet(44)) - raft.server.sleep.deviation.threshold = 300ms (default)
2021-05-19 07:42:57,666 [pool-371-thread-1] INFO  server.RaftServerConfigKeys (ConfUtils.java:logGet(44)) - raft.server.log.appender.install.snapshot.enabled = false (custom)
2021-05-19 07:42:57,666 [pool-371-thread-1] INFO  server.RaftServer$Division (ServerState.java:<init>(105)) - a14714da-c87c-4361-b393-7e96cf422ed7@group-615E84326CE6: ConfigurationManager, init=-1: [a14714da-c87c-4361-b393-7e96cf422ed7|rpc:172.17.0.2:45547|priority:1], old=null, confs=<EMPTY_MAP>
2021-05-19 07:42:57,666 [pool-371-thread-1] INFO  server.RaftServerConfigKeys (ConfUtils.java:logGet(44)) - raft.server.storage.dir = [/github/workspace/mnt/ozone/hadoop-ozone/integration-test/target/test-dir/MiniOzoneClusterImpl-952c9dfc-8967-4523-b06f-60d3bd5de2bf/datanode-2/data/ratis] (custom)
2021-05-19 07:42:57,666 [pool-371-thread-1] INFO  server.RaftServerConfigKeys (ConfUtils.java:logGet(44)) - raft.server.log.corruption.policy = EXCEPTION (default)
2021-05-19 07:42:57,666 [pool-371-thread-1] INFO  storage.RaftStorageDirectory (RaftStorageDirectoryImpl.java:analyzeStorage(132)) - The storage directory /github/workspace/mnt/ozone/hadoop-ozone/integration-test/target/test-dir/MiniOzoneClusterImpl-952c9dfc-8967-4523-b06f-60d3bd5de2bf/datanode-2/data/ratis/e5a9674d-1890-47b7-8b5e-615e84326ce6 does not exist. Creating ...
2021-05-19 07:42:57,667 [pool-371-thread-1] INFO  storage.RaftStorageDirectory (RaftStorageDirectoryImpl.java:tryLock(215)) - Lock on /github/workspace/mnt/ozone/hadoop-ozone/integration-test/target/test-dir/MiniOzoneClusterImpl-952c9dfc-8967-4523-b06f-60d3bd5de2bf/datanode-2/data/ratis/e5a9674d-1890-47b7-8b5e-615e84326ce6/in_use.lock acquired by nodename 16447@3974e5c036b4
2021-05-19 07:42:57,668 [pool-371-thread-1] INFO  storage.RaftStorage (RaftStorageImpl.java:format(87)) - Storage directory /github/workspace/mnt/ozone/hadoop-ozone/integration-test/target/test-dir/MiniOzoneClusterImpl-952c9dfc-8967-4523-b06f-60d3bd5de2bf/datanode-2/data/ratis/e5a9674d-1890-47b7-8b5e-615e84326ce6 has been successfully formatted.
2021-05-19 07:42:57,668 [pool-371-thread-1] INFO  ratis.ContainerStateMachine (ContainerStateMachine.java:loadSnapshot(224)) - group-615E84326CE6: The snapshot info is null. Setting the last applied indexto:(t:0, i:~)
2021-05-19 07:42:57,669 [pool-371-thread-1] INFO  server.RaftServerConfigKeys (ConfUtils.java:logGet(44)) - raft.server.notification.no-leader.timeout = 300000ms (custom)
2021-05-19 07:42:57,669 [pool-371-thread-1] INFO  server.RaftServerConfigKeys (ConfUtils.java:logGet(44)) - raft.server.log.use.memory = false (default)
2021-05-19 07:42:57,669 [pool-371-thread-1] INFO  server.RaftServerConfigKeys (ConfUtils.java:logGet(44)) - raft.server.log.purge.gap = 1000000 (custom)
2021-05-19 07:42:57,669 [pool-371-thread-1] INFO  server.RaftServerConfigKeys (ConfUtils.java:logGet(44)) - raft.server.log.appender.buffer.byte-limit = 33554432 (custom)
2021-05-19 07:42:57,669 [pool-371-thread-1] INFO  metrics.RatisMetrics (RatisMetrics.java:lambda$create$0(36)) - Creating Metrics Registry : ratis.log_worker.a14714da-c87c-4361-b393-7e96cf422ed7@group-615E84326CE6
2021-05-19 07:42:57,669 [pool-371-thread-1] INFO  server.RaftServerConfigKeys (ConfUtils.java:logGet(44)) - raft.server.log.segment.size.max = 1048576 (custom)
2021-05-19 07:42:57,669 [pool-371-thread-1] INFO  server.RaftServerConfigKeys (ConfUtils.java:logGet(44)) - raft.server.log.segment.cache.num.max = 2 (custom)
2021-05-19 07:42:57,669 [pool-371-thread-1] INFO  server.RaftServerConfigKeys (ConfUtils.java:logGet(44)) - raft.server.log.segment.cache.size.max = 200MB (=209715200) (default)
2021-05-19 07:42:57,669 [pool-371-thread-1] INFO  segmented.SegmentedRaftLogWorker (SegmentedRaftLogWorker.java:<init>(182)) - new a14714da-c87c-4361-b393-7e96cf422ed7@group-615E84326CE6-SegmentedRaftLogWorker for RaftStorageImpl:Storage Directory /github/workspace/mnt/ozone/hadoop-ozone/integration-test/target/test-dir/MiniOzoneClusterImpl-952c9dfc-8967-4523-b06f-60d3bd5de2bf/datanode-2/data/ratis/e5a9674d-1890-47b7-8b5e-615e84326ce6
2021-05-19 07:42:57,669 [pool-371-thread-1] INFO  server.RaftServerConfigKeys (ConfUtils.java:logGet(44)) - raft.server.log.queue.byte-limit = 2147483647 (custom)
2021-05-19 07:42:57,669 [pool-371-thread-1] INFO  server.RaftServerConfigKeys (ConfUtils.java:logGet(44)) - raft.server.log.queue.element-limit = 1024 (custom)
2021-05-19 07:42:57,669 [pool-371-thread-1] INFO  server.RaftServerConfigKeys (ConfUtils.java:logGet(44)) - raft.server.log.segment.size.max = 1048576 (custom)
2021-05-19 07:42:57,670 [pool-371-thread-1] INFO  server.RaftServerConfigKeys (ConfUtils.java:logGet(44)) - raft.server.log.preallocated.size = 16384 (custom)
2021-05-19 07:42:57,670 [pool-371-thread-1] INFO  server.RaftServerConfigKeys (ConfUtils.java:logGet(44)) - raft.server.log.force.sync.num = 128 (default)
2021-05-19 07:42:57,670 [pool-371-thread-1] INFO  server.RaftServerConfigKeys (ConfUtils.java:logGet(44)) - raft.server.log.statemachine.data.sync = true (default)
2021-05-19 07:42:57,670 [pool-371-thread-1] INFO  server.RaftServerConfigKeys (ConfUtils.java:logGet(44)) - raft.server.log.statemachine.data.sync.timeout = 10s (default)
2021-05-19 07:42:57,670 [pool-371-thread-1] INFO  server.RaftServerConfigKeys (ConfUtils.java:logGet(44)) - raft.server.log.statemachine.data.sync.timeout.retry = -1 (default)
2021-05-19 07:42:57,671 [EventQueue-PipelineReportForPipelineReportHandler] INFO  pipeline.PipelineManagerV2Impl (PipelineManagerV2Impl.java:openPipeline(270)) - Pipeline Pipeline[ Id: e5a9674d-1890-47b7-8b5e-615e84326ce6, Nodes: a14714da-c87c-4361-b393-7e96cf422ed7{ip: 172.17.0.2, host: 3974e5c036b4, ports: [REPLICATION=40039, RATIS=45547, RATIS_ADMIN=45547, RATIS_SERVER=45547, STANDALONE=44867], networkLocation: /default-rack, certSerialId: null, persistedOpState: IN_SERVICE, persistedOpStateExpiryEpochSec: 0}, ReplicationConfig: RATIS/ONE, State:ALLOCATED, leaderId:a14714da-c87c-4361-b393-7e96cf422ed7, CreationTimestamp2021-05-19T07:42:56.639Z] moved to OPEN state
2021-05-19 07:42:57,673 [pool-371-thread-1] INFO  server.RaftServerConfigKeys (ConfUtils.java:logGet(44)) - raft.server.log.write.buffer.size = 1048576 (custom)
2021-05-19 07:42:57,673 [pool-371-thread-1] INFO  server.RaftServerConfigKeys (ConfUtils.java:logGet(44)) - raft.server.log.statemachine.data.caching.enabled = true (custom)
2021-05-19 07:42:57,674 [pool-371-thread-1] INFO  segmented.SegmentedRaftLogWorker (SegmentedRaftLogWorker.java:lambda$new$0(133)) - a14714da-c87c-4361-b393-7e96cf422ed7@group-615E84326CE6-SegmentedRaftLogWorker: flushIndex: setUnconditionally 0 -> -1
2021-05-19 07:42:57,676 [pool-371-thread-1] INFO  segmented.SegmentedRaftLogWorker (SegmentedRaftLogWorker.java:lambda$new$0(133)) - a14714da-c87c-4361-b393-7e96cf422ed7@group-615E84326CE6-SegmentedRaftLogWorker: safeCacheEvictIndex: setUnconditionally 0 -> -1
2021-05-19 07:42:57,678 [pool-371-thread-1] INFO  server.RaftServerConfigKeys (ConfUtils.java:logGet(44)) - raft.server.snapshot.auto.trigger.enabled = true (custom)
2021-05-19 07:42:57,678 [pool-371-thread-1] INFO  server.RaftServerConfigKeys (ConfUtils.java:logGet(44)) - raft.server.snapshot.auto.trigger.threshold = 10000 (custom)
2021-05-19 07:42:57,680 [pool-371-thread-1] INFO  server.RaftServerConfigKeys (ConfUtils.java:logGet(44)) - raft.server.snapshot.retention.file.num = 5 (custom)
2021-05-19 07:42:57,681 [pool-371-thread-1] INFO  server.RaftServerConfigKeys (ConfUtils.java:logGet(44)) - raft.server.log.purge.upto.snapshot.index = false (default)
2021-05-19 07:42:57,682 [pool-371-thread-1] INFO  server.RaftServerConfigKeys (ConfUtils.java:logGet(44)) - raft.server.retrycache.expirytime = 600000ms (custom)
2021-05-19 07:42:57,682 [pool-371-thread-1] INFO  server.RaftServerConfigKeys (ConfUtils.java:logGet(44)) - raft.server.retrycache.statistics.expirytime = 100?s (default)
2021-05-19 07:42:57,682 [pool-371-thread-1] INFO  metrics.RatisMetrics (RatisMetrics.java:lambda$create$0(36)) - Creating Metrics Registry : ratis.leader_election.a14714da-c87c-4361-b393-7e96cf422ed7@group-615E84326CE6
2021-05-19 07:42:57,682 [pool-371-thread-1] INFO  metrics.RatisMetrics (RatisMetrics.java:lambda$create$0(36)) - Creating Metrics Registry : ratis.server.a14714da-c87c-4361-b393-7e96cf422ed7@group-615E84326CE6
2021-05-19 07:42:57,683 [pool-371-thread-1] INFO  server.RaftServer$Division (RaftServerImpl.java:start(295)) - a14714da-c87c-4361-b393-7e96cf422ed7@group-615E84326CE6: start as a follower, conf=-1: [a14714da-c87c-4361-b393-7e96cf422ed7|rpc:172.17.0.2:45547|priority:1], old=null
2021-05-19 07:42:57,683 [pool-371-thread-1] INFO  server.RaftServer$Division (RaftServerImpl.java:setRole(284)) - a14714da-c87c-4361-b393-7e96cf422ed7@group-615E84326CE6: changes role from      null to FOLLOWER at term 0 for startAsFollower
2021-05-19 07:42:57,683 [pool-371-thread-1] INFO  impl.RoleInfo (RoleInfo.java:updateAndGet(130)) - a14714da-c87c-4361-b393-7e96cf422ed7: start a14714da-c87c-4361-b393-7e96cf422ed7@group-615E84326CE6-FollowerState
2021-05-19 07:42:57,683 [pool-371-thread-1] INFO  util.JmxRegister (JmxRegister.java:tryRegister(44)) - Successfully registered JMX Bean with object name Ratis:service=RaftServer,group=group-615E84326CE6,id=a14714da-c87c-4361-b393-7e96cf422ed7
2021-05-19 07:42:57,683 [pool-371-thread-1] INFO  metrics.RatisMetrics (RatisMetrics.java:lambda$create$0(36)) - Creating Metrics Registry : ratis.state_machine.a14714da-c87c-4361-b393-7e96cf422ed7@group-615E84326CE6
2021-05-19 07:42:57,684 [Command processor thread] INFO  ratis.XceiverServerRatis (XceiverServerRatis.java:addGroup(808)) - Created group PipelineID=e5a9674d-1890-47b7-8b5e-615e84326ce6
2021-05-19 07:42:57,684 [Command processor thread] INFO  commandhandler.CreatePipelineCommandHandler (CreatePipelineCommandHandler.java:handle(106)) - Created Pipeline RATIS ONE PipelineID=e5a9674d-1890-47b7-8b5e-615e84326ce6.
2021-05-19 07:42:57,684 [Command processor thread] INFO  server.RaftServer (RaftServerProxy.java:addNew(95)) - a14714da-c87c-4361-b393-7e96cf422ed7: addNew group-1F4802A68F73:[a14714da-c87c-4361-b393-7e96cf422ed7|rpc:172.17.0.2:45547|priority:1, 68d4f79f-8ed5-4598-b947-57f9bc979c0e|rpc:172.17.0.2:42729|priority:0, 8e81be81-8cf3-4cb2-af1f-2c1c9bc19b0e|rpc:172.17.0.2:41855|priority:0] returns group-1F4802A68F73:java.util.concurrent.CompletableFuture@7e5235e7[Not completed]
2021-05-19 07:42:57,685 [pool-371-thread-1] INFO  server.RaftServer$Division (RaftServerImpl.java:<init>(180)) - a14714da-c87c-4361-b393-7e96cf422ed7: new RaftServerImpl for group-1F4802A68F73:[a14714da-c87c-4361-b393-7e96cf422ed7|rpc:172.17.0.2:45547|priority:1, 68d4f79f-8ed5-4598-b947-57f9bc979c0e|rpc:172.17.0.2:42729|priority:0, 8e81be81-8cf3-4cb2-af1f-2c1c9bc19b0e|rpc:172.17.0.2:41855|priority:0] with ContainerStateMachine:uninitialized
2021-05-19 07:42:57,685 [pool-371-thread-1] INFO  server.RaftServerConfigKeys (ConfUtils.java:logGet(44)) - raft.server.rpc.timeout.min = 5s (custom)
2021-05-19 07:42:57,685 [pool-371-thread-1] INFO  server.RaftServerConfigKeys (ConfUtils.java:logGet(44)) - raft.server.rpc.timeout.max = 5200ms (custom)
2021-05-19 07:42:57,685 [pool-371-thread-1] INFO  server.RaftServerConfigKeys (ConfUtils.java:logGet(44)) - raft.server.rpc.sleep.time = 25ms (default)
2021-05-19 07:42:57,685 [pool-371-thread-1] INFO  server.RaftServerConfigKeys (ConfUtils.java:logGet(44)) - raft.server.rpc.slowness.timeout = 300000ms (custom)
2021-05-19 07:42:57,685 [pool-371-thread-1] INFO  server.RaftServerConfigKeys (ConfUtils.java:logGet(44)) - raft.server.leaderelection.leader.step-down.wait-time = 10s (default)
2021-05-19 07:42:57,685 [pool-371-thread-1] INFO  server.RaftServerConfigKeys (ConfUtils.java:logGet(44)) - raft.server.sleep.deviation.threshold = 300ms (default)
2021-05-19 07:42:57,685 [pool-371-thread-1] INFO  server.RaftServerConfigKeys (ConfUtils.java:logGet(44)) - raft.server.log.appender.install.snapshot.enabled = false (custom)
2021-05-19 07:42:57,685 [pool-371-thread-1] INFO  server.RaftServer$Division (ServerState.java:<init>(105)) - a14714da-c87c-4361-b393-7e96cf422ed7@group-1F4802A68F73: ConfigurationManager, init=-1: [a14714da-c87c-4361-b393-7e96cf422ed7|rpc:172.17.0.2:45547|priority:1, 68d4f79f-8ed5-4598-b947-57f9bc979c0e|rpc:172.17.0.2:42729|priority:0, 8e81be81-8cf3-4cb2-af1f-2c1c9bc19b0e|rpc:172.17.0.2:41855|priority:0], old=null, confs=<EMPTY_MAP>
2021-05-19 07:42:57,685 [pool-371-thread-1] INFO  server.RaftServerConfigKeys (ConfUtils.java:logGet(44)) - raft.server.storage.dir = [/github/workspace/mnt/ozone/hadoop-ozone/integration-test/target/test-dir/MiniOzoneClusterImpl-952c9dfc-8967-4523-b06f-60d3bd5de2bf/datanode-2/data/ratis] (custom)
2021-05-19 07:42:57,685 [pool-371-thread-1] INFO  server.RaftServerConfigKeys (ConfUtils.java:logGet(44)) - raft.server.log.corruption.policy = EXCEPTION (default)
2021-05-19 07:42:57,686 [pool-371-thread-1] INFO  storage.RaftStorageDirectory (RaftStorageDirectoryImpl.java:analyzeStorage(132)) - The storage directory /github/workspace/mnt/ozone/hadoop-ozone/integration-test/target/test-dir/MiniOzoneClusterImpl-952c9dfc-8967-4523-b06f-60d3bd5de2bf/datanode-2/data/ratis/410da6b5-5245-4022-b85d-1f4802a68f73 does not exist. Creating ...
2021-05-19 07:42:57,687 [pool-371-thread-1] INFO  storage.RaftStorageDirectory (RaftStorageDirectoryImpl.java:tryLock(215)) - Lock on /github/workspace/mnt/ozone/hadoop-ozone/integration-test/target/test-dir/MiniOzoneClusterImpl-952c9dfc-8967-4523-b06f-60d3bd5de2bf/datanode-2/data/ratis/410da6b5-5245-4022-b85d-1f4802a68f73/in_use.lock acquired by nodename 16447@3974e5c036b4
2021-05-19 07:42:57,688 [pool-371-thread-1] INFO  storage.RaftStorage (RaftStorageImpl.java:format(87)) - Storage directory /github/workspace/mnt/ozone/hadoop-ozone/integration-test/target/test-dir/MiniOzoneClusterImpl-952c9dfc-8967-4523-b06f-60d3bd5de2bf/datanode-2/data/ratis/410da6b5-5245-4022-b85d-1f4802a68f73 has been successfully formatted.
2021-05-19 07:42:57,689 [pool-371-thread-1] INFO  ratis.ContainerStateMachine (ContainerStateMachine.java:loadSnapshot(224)) - group-1F4802A68F73: The snapshot info is null. Setting the last applied indexto:(t:0, i:~)
2021-05-19 07:42:57,690 [pool-371-thread-1] INFO  server.RaftServerConfigKeys (ConfUtils.java:logGet(44)) - raft.server.notification.no-leader.timeout = 300000ms (custom)
2021-05-19 07:42:57,690 [pool-371-thread-1] INFO  server.RaftServerConfigKeys (ConfUtils.java:logGet(44)) - raft.server.log.use.memory = false (default)
2021-05-19 07:42:57,690 [pool-371-thread-1] INFO  server.RaftServerConfigKeys (ConfUtils.java:logGet(44)) - raft.server.log.purge.gap = 1000000 (custom)
2021-05-19 07:42:57,690 [pool-371-thread-1] INFO  server.RaftServerConfigKeys (ConfUtils.java:logGet(44)) - raft.server.log.appender.buffer.byte-limit = 33554432 (custom)
2021-05-19 07:42:57,690 [pool-371-thread-1] INFO  metrics.RatisMetrics (RatisMetrics.java:lambda$create$0(36)) - Creating Metrics Registry : ratis.log_worker.a14714da-c87c-4361-b393-7e96cf422ed7@group-1F4802A68F73
2021-05-19 07:42:57,690 [pool-371-thread-1] INFO  server.RaftServerConfigKeys (ConfUtils.java:logGet(44)) - raft.server.log.segment.size.max = 1048576 (custom)
2021-05-19 07:42:57,691 [Listener at 127.0.0.1/41639] INFO  ozone.MiniOzoneClusterImpl (MiniOzoneClusterImpl.java:shutdown(443)) - Shutting down the Mini Ozone Cluster
2021-05-19 07:42:57,691 [pool-371-thread-1] INFO  server.RaftServerConfigKeys (ConfUtils.java:logGet(44)) - raft.server.log.segment.cache.num.max = 2 (custom)
2021-05-19 07:42:57,691 [Listener at 127.0.0.1/41639] INFO  ozone.MiniOzoneClusterImpl (MiniOzoneClusterImpl.java:stop(458)) - Stopping the Mini Ozone Cluster
2021-05-19 07:42:57,692 [Listener at 127.0.0.1/41639] INFO  ozone.MiniOzoneClusterImpl (MiniOzoneClusterImpl.java:stopOM(540)) - Stopping the OzoneManager
2021-05-19 07:42:57,692 [pool-371-thread-1] INFO  server.RaftServerConfigKeys (ConfUtils.java:logGet(44)) - raft.server.log.segment.cache.size.max = 200MB (=209715200) (default)
2021-05-19 07:42:57,693 [pool-371-thread-1] INFO  segmented.SegmentedRaftLogWorker (SegmentedRaftLogWorker.java:<init>(182)) - new a14714da-c87c-4361-b393-7e96cf422ed7@group-1F4802A68F73-SegmentedRaftLogWorker for RaftStorageImpl:Storage Directory /github/workspace/mnt/ozone/hadoop-ozone/integration-test/target/test-dir/MiniOzoneClusterImpl-952c9dfc-8967-4523-b06f-60d3bd5de2bf/datanode-2/data/ratis/410da6b5-5245-4022-b85d-1f4802a68f73
2021-05-19 07:42:57,693 [pool-371-thread-1] INFO  server.RaftServerConfigKeys (ConfUtils.java:logGet(44)) - raft.server.log.queue.byte-limit = 2147483647 (custom)
2021-05-19 07:42:57,693 [pool-371-thread-1] INFO  server.RaftServerConfigKeys (ConfUtils.java:logGet(44)) - raft.server.log.queue.element-limit = 1024 (custom)
2021-05-19 07:42:57,693 [pool-371-thread-1] INFO  server.RaftServerConfigKeys (ConfUtils.java:logGet(44)) - raft.server.log.segment.size.max = 1048576 (custom)
2021-05-19 07:42:57,693 [pool-371-thread-1] INFO  server.RaftServerConfigKeys (ConfUtils.java:logGet(44)) - raft.server.log.preallocated.size = 16384 (custom)
2021-05-19 07:42:57,693 [pool-371-thread-1] INFO  server.RaftServerConfigKeys (ConfUtils.java:logGet(44)) - raft.server.log.force.sync.num = 128 (default)
2021-05-19 07:42:57,693 [pool-371-thread-1] INFO  server.RaftServerConfigKeys (ConfUtils.java:logGet(44)) - raft.server.log.statemachine.data.sync = true (default)
2021-05-19 07:42:57,693 [pool-371-thread-1] INFO  server.RaftServerConfigKeys (ConfUtils.java:logGet(44)) - raft.server.log.statemachine.data.sync.timeout = 10s (default)
2021-05-19 07:42:57,693 [pool-371-thread-1] INFO  server.RaftServerConfigKeys (ConfUtils.java:logGet(44)) - raft.server.log.statemachine.data.sync.timeout.retry = -1 (default)
2021-05-19 07:42:57,692 [Listener at 127.0.0.1/41639] INFO  ipc.Server (Server.java:stop(3403)) - Stopping server on 41639
2021-05-19 07:42:57,697 [IPC Server listener on 0] INFO  ipc.Server (Server.java:run(1366)) - Stopping IPC Server listener on 0
2021-05-19 07:42:57,700 [pool-371-thread-1] INFO  server.RaftServerConfigKeys (ConfUtils.java:logGet(44)) - raft.server.log.write.buffer.size = 1048576 (custom)
2021-05-19 07:42:57,701 [pool-371-thread-1] INFO  server.RaftServerConfigKeys (ConfUtils.java:logGet(44)) - raft.server.log.statemachine.data.caching.enabled = true (custom)
2021-05-19 07:42:57,701 [pool-371-thread-1] INFO  segmented.SegmentedRaftLogWorker (SegmentedRaftLogWorker.java:lambda$new$0(133)) - a14714da-c87c-4361-b393-7e96cf422ed7@group-1F4802A68F73-SegmentedRaftLogWorker: flushIndex: setUnconditionally 0 -> -1
2021-05-19 07:42:57,701 [pool-371-thread-1] INFO  segmented.SegmentedRaftLogWorker (SegmentedRaftLogWorker.java:lambda$new$0(133)) - a14714da-c87c-4361-b393-7e96cf422ed7@group-1F4802A68F73-SegmentedRaftLogWorker: safeCacheEvictIndex: setUnconditionally 0 -> -1
2021-05-19 07:42:57,701 [IPC Server Responder] INFO  ipc.Server (Server.java:run(1502)) - Stopping IPC Server Responder
2021-05-19 07:42:57,701 [Listener at 127.0.0.1/41639] INFO  server.RaftServer (RaftServerProxy.java:lambda$close$6(391)) - om1: close
2021-05-19 07:42:57,701 [pool-371-thread-1] INFO  server.RaftServerConfigKeys (ConfUtils.java:logGet(44)) - raft.server.snapshot.auto.trigger.enabled = true (custom)
2021-05-19 07:42:57,701 [pool-371-thread-1] INFO  server.RaftServerConfigKeys (ConfUtils.java:logGet(44)) - raft.server.snapshot.auto.trigger.threshold = 10000 (custom)
2021-05-19 07:42:57,701 [pool-371-thread-1] INFO  server.RaftServerConfigKeys (ConfUtils.java:logGet(44)) - raft.server.snapshot.retention.file.num = 5 (custom)
2021-05-19 07:42:57,702 [pool-371-thread-1] INFO  server.RaftServerConfigKeys (ConfUtils.java:logGet(44)) - raft.server.log.purge.upto.snapshot.index = false (default)
2021-05-19 07:42:57,701 [Listener at 127.0.0.1/41639] INFO  server.RaftServer$Division (RaftServerImpl.java:lambda$close$4(406)) - om1@group-C5BA1605619E: shutdown
2021-05-19 07:42:57,702 [Listener at 127.0.0.1/41639] INFO  util.JmxRegister (JmxRegister.java:unregister(73)) - Successfully un-registered JMX Bean with object name Ratis:service=RaftServer,group=group-C5BA1605619E,id=om1
2021-05-19 07:42:57,702 [Listener at 127.0.0.1/41639] INFO  impl.RoleInfo (RoleInfo.java:shutdownLeaderState(91)) - om1: shutdown om1@group-C5BA1605619E-LeaderStateImpl
2021-05-19 07:42:57,702 [pool-371-thread-1] INFO  server.RaftServerConfigKeys (ConfUtils.java:logGet(44)) - raft.server.retrycache.expirytime = 600000ms (custom)
2021-05-19 07:42:57,702 [Listener at 127.0.0.1/41639] INFO  impl.PendingRequests (PendingRequests.java:sendNotLeaderResponses(249)) - om1@group-C5BA1605619E-PendingRequests: sendNotLeaderResponses
2021-05-19 07:42:57,702 [pool-371-thread-1] INFO  server.RaftServerConfigKeys (ConfUtils.java:logGet(44)) - raft.server.retrycache.statistics.expirytime = 100?s (default)
2021-05-19 07:42:57,704 [Listener at 127.0.0.1/41639] INFO  metrics.RatisMetrics (RatisMetrics.java:unregister(43)) - Unregistering Metrics Registry : ratis.log_appender.om1@group-C5BA1605619E
2021-05-19 07:42:57,704 [pool-371-thread-1] INFO  metrics.RatisMetrics (RatisMetrics.java:lambda$create$0(36)) - Creating Metrics Registry : ratis.leader_election.a14714da-c87c-4361-b393-7e96cf422ed7@group-1F4802A68F73
2021-05-19 07:42:57,704 [Listener at 127.0.0.1/41639] INFO  metrics.RatisMetrics (RatisMetrics.java:unregister(43)) - Unregistering Metrics Registry : ratis.server.om1@group-C5BA1605619E
2021-05-19 07:42:57,705 [Listener at 127.0.0.1/41639] INFO  impl.StateMachineUpdater (StateMachineUpdater.java:stopAndJoin(149)) - om1@group-C5BA1605619E-StateMachineUpdater: set stopIndex = 8
2021-05-19 07:42:57,705 [om1@group-C5BA1605619E-StateMachineUpdater] INFO  ratis.OzoneManagerStateMachine (OzoneManagerStateMachine.java:takeSnapshot(347)) - Current Snapshot Index (t:1, i:8)
2021-05-19 07:42:57,705 [om1@group-C5BA1605619E-StateMachineUpdater] INFO  impl.StateMachineUpdater (StateMachineUpdater.java:takeSnapshot(281)) - om1@group-C5BA1605619E-StateMachineUpdater: Took a snapshot at index 8
2021-05-19 07:42:57,705 [om1@group-C5BA1605619E-StateMachineUpdater] INFO  impl.StateMachineUpdater (StateMachineUpdater.java:lambda$new$0(89)) - om1@group-C5BA1605619E-StateMachineUpdater: snapshotIndex: updateIncreasingly -1 -> 8
2021-05-19 07:42:57,705 [om1@group-C5BA1605619E-StateMachineUpdater] INFO  metrics.RatisMetrics (RatisMetrics.java:unregister(43)) - Unregistering Metrics Registry : ratis.state_machine.om1@group-C5BA1605619E
2021-05-19 07:42:57,705 [Listener at 127.0.0.1/41639] INFO  server.RaftServer$Division (ServerState.java:close(405)) - om1@group-C5BA1605619E: closes. applyIndex: 8
2021-05-19 07:42:57,706 [om1@group-C5BA1605619E-SegmentedRaftLogWorker] INFO  segmented.SegmentedRaftLogWorker (SegmentedRaftLogWorker.java:run(327)) - om1@group-C5BA1605619E-SegmentedRaftLogWorker was interrupted, exiting. There are 0 tasks remaining in the queue.
2021-05-19 07:42:57,707 [Listener at 127.0.0.1/41639] INFO  segmented.SegmentedRaftLogWorker (SegmentedRaftLogWorker.java:close(237)) - om1@group-C5BA1605619E-SegmentedRaftLogWorker close()
2021-05-19 07:42:57,707 [Listener at 127.0.0.1/41639] INFO  metrics.RatisMetrics (RatisMetrics.java:unregister(43)) - Unregistering Metrics Registry : ratis.log_worker.om1@group-C5BA1605619E
2021-05-19 07:42:57,708 [Listener at 127.0.0.1/41639] INFO  metrics.RatisMetrics (RatisMetrics.java:unregister(43)) - Unregistering Metrics Registry : ratis.leader_election.om1@group-C5BA1605619E
2021-05-19 07:42:57,708 [Listener at 127.0.0.1/41639] INFO  metrics.RatisMetrics (RatisMetrics.java:unregister(43)) - Unregistering Metrics Registry : ratis.server.om1@group-C5BA1605619E
2021-05-19 07:42:57,708 [Listener at 127.0.0.1/41639] INFO  server.GrpcService (GrpcService.java:closeImpl(262)) - om1: shutdown server with port 9872 now
2021-05-19 07:42:57,708 [pool-371-thread-1] INFO  metrics.RatisMetrics (RatisMetrics.java:lambda$create$0(36)) - Creating Metrics Registry : ratis.server.a14714da-c87c-4361-b393-7e96cf422ed7@group-1F4802A68F73
2021-05-19 07:42:57,708 [Listener at 127.0.0.1/41639] INFO  server.GrpcService (GrpcService.java:closeImpl(271)) - om1: shutdown server with port 9872 successfully
2021-05-19 07:42:57,708 [org.apache.ratis.util.JvmPauseMonitor$$Lambda$504/2021733479@1d3f5b32] INFO  util.JvmPauseMonitor (JvmPauseMonitor.java:run(109)) - JvmPauseMonitor-om1: Stopped
2021-05-19 07:42:57,708 [Listener at 127.0.0.1/41639] INFO  ratis.OzoneManagerDoubleBuffer (OzoneManagerDoubleBuffer.java:stop(426)) - Stopping OMDoubleBuffer flush thread
2021-05-19 07:42:57,708 [OMDoubleBufferFlushThread] INFO  ratis.OzoneManagerDoubleBuffer (OzoneManagerDoubleBuffer.java:flushTransactions(353)) - OMDoubleBuffer flush thread OMDoubleBufferFlushThread is interrupted and will exit. OMDoubleBufferFlushThread
2021-05-19 07:42:57,711 [Listener at 127.0.0.1/41639] INFO  ratis.OzoneManagerStateMachine (HadoopExecutors.java:shutdown(118)) - Gracefully shutting down executor service. Waiting max 5 SECONDS
2021-05-19 07:42:57,711 [Listener at 127.0.0.1/41639] INFO  ratis.OzoneManagerStateMachine (HadoopExecutors.java:shutdown(129)) - Succesfully shutdown executor service
2021-05-19 07:42:57,711 [Listener at 127.0.0.1/41639] INFO  ratis.OzoneManagerStateMachine (HadoopExecutors.java:shutdown(118)) - Gracefully shutting down executor service. Waiting max 5 SECONDS
2021-05-19 07:42:57,711 [Listener at 127.0.0.1/41639] INFO  ratis.OzoneManagerStateMachine (HadoopExecutors.java:shutdown(129)) - Succesfully shutdown executor service
2021-05-19 07:42:57,711 [Listener at 127.0.0.1/41639] INFO  utils.BackgroundService (BackgroundService.java:shutdown(132)) - Shutting down service KeyDeletingService
2021-05-19 07:42:57,711 [pool-371-thread-1] INFO  server.RaftServer$Division (RaftServerImpl.java:start(295)) - a14714da-c87c-4361-b393-7e96cf422ed7@group-1F4802A68F73: start as a follower, conf=-1: [a14714da-c87c-4361-b393-7e96cf422ed7|rpc:172.17.0.2:45547|priority:1, 68d4f79f-8ed5-4598-b947-57f9bc979c0e|rpc:172.17.0.2:42729|priority:0, 8e81be81-8cf3-4cb2-af1f-2c1c9bc19b0e|rpc:172.17.0.2:41855|priority:0], old=null
2021-05-19 07:42:57,712 [pool-371-thread-1] INFO  server.RaftServer$Division (RaftServerImpl.java:setRole(284)) - a14714da-c87c-4361-b393-7e96cf422ed7@group-1F4802A68F73: changes role from      null to FOLLOWER at term 0 for startAsFollower
2021-05-19 07:42:57,711 [Listener at 127.0.0.1/41639] INFO  handler.ContextHandler (ContextHandler.java:doStop(1154)) - Stopped o.e.j.w.WebAppContext@3e7b7123{ozoneManager,/,null,STOPPED}{file:/github/workspace/mnt/ozone/hadoop-ozone/integration-test/target/test-classes/webapps/ozoneManager}
2021-05-19 07:42:57,712 [pool-371-thread-1] INFO  impl.RoleInfo (RoleInfo.java:updateAndGet(130)) - a14714da-c87c-4361-b393-7e96cf422ed7: start a14714da-c87c-4361-b393-7e96cf422ed7@group-1F4802A68F73-FollowerState
2021-05-19 07:42:57,712 [pool-371-thread-1] INFO  util.JmxRegister (JmxRegister.java:tryRegister(44)) - Successfully registered JMX Bean with object name Ratis:service=RaftServer,group=group-1F4802A68F73,id=a14714da-c87c-4361-b393-7e96cf422ed7
2021-05-19 07:42:57,712 [pool-371-thread-1] INFO  metrics.RatisMetrics (RatisMetrics.java:lambda$create$0(36)) - Creating Metrics Registry : ratis.state_machine.a14714da-c87c-4361-b393-7e96cf422ed7@group-1F4802A68F73
2021-05-19 07:42:57,713 [Listener at 127.0.0.1/41639] INFO  server.AbstractConnector (AbstractConnector.java:doStop(381)) - Stopped ServerConnector@6a002d0d{HTTP/1.1, (http/1.1)}{0.0.0.0:0}
2021-05-19 07:42:57,713 [Listener at 127.0.0.1/41639] INFO  server.session (HouseKeeper.java:stopScavenging(149)) - node0 Stopped scavenging
2021-05-19 07:42:57,713 [Listener at 127.0.0.1/41639] INFO  handler.ContextHandler (ContextHandler.java:doStop(1154)) - Stopped o.e.j.s.ServletContextHandler@30ee0095{static,/static,file:///github/workspace/mnt/ozone/hadoop-ozone/integration-test/target/test-classes/webapps/static,STOPPED}
2021-05-19 07:42:57,713 [Listener at 127.0.0.1/41639] INFO  handler.ContextHandler (ContextHandler.java:doStop(1154)) - Stopped o.e.j.s.ServletContextHandler@5e7f5cfd{logs,/logs,file:///github/workspace/mnt/ozone/hadoop-ozone/integration-test/target/log,STOPPED}
2021-05-19 07:42:57,713 [Command processor thread] INFO  ratis.XceiverServerRatis (XceiverServerRatis.java:addGroup(808)) - Created group PipelineID=410da6b5-5245-4022-b85d-1f4802a68f73
2021-05-19 07:42:57,714 [Command processor thread] INFO  metrics.RatisMetrics (RatisMetrics.java:lambda$create$0(36)) - Creating Metrics Registry : ratis.client_message_metrics.client-09C899CB165B->68d4f79f-8ed5-4598-b947-57f9bc979c0e
2021-05-19 07:42:57,719 [Listener at 127.0.0.1/41639] INFO  ozone.MiniOzoneClusterImpl (MiniOzoneClusterImpl.java:stopDatanodes(517)) - Stopping the HddsDatanodes
2021-05-19 07:42:57,720 [grpc-default-executor-1] INFO  server.RaftServer (RaftServerProxy.java:addNew(95)) - 68d4f79f-8ed5-4598-b947-57f9bc979c0e: addNew group-1F4802A68F73:[a14714da-c87c-4361-b393-7e96cf422ed7|rpc:172.17.0.2:45547|dataStream:|priority:1, 68d4f79f-8ed5-4598-b947-57f9bc979c0e|rpc:172.17.0.2:42729|dataStream:|priority:0, 8e81be81-8cf3-4cb2-af1f-2c1c9bc19b0e|rpc:172.17.0.2:41855|dataStream:|priority:0] returns group-1F4802A68F73:java.util.concurrent.CompletableFuture@75027e0d[Not completed]
2021-05-19 07:42:57,720 [pool-231-thread-1] INFO  server.RaftServer$Division (RaftServerImpl.java:<init>(180)) - 68d4f79f-8ed5-4598-b947-57f9bc979c0e: new RaftServerImpl for group-1F4802A68F73:[a14714da-c87c-4361-b393-7e96cf422ed7|rpc:172.17.0.2:45547|dataStream:|priority:1, 68d4f79f-8ed5-4598-b947-57f9bc979c0e|rpc:172.17.0.2:42729|dataStream:|priority:0, 8e81be81-8cf3-4cb2-af1f-2c1c9bc19b0e|rpc:172.17.0.2:41855|dataStream:|priority:0] with ContainerStateMachine:uninitialized
2021-05-19 07:42:57,720 [pool-231-thread-1] INFO  server.RaftServerConfigKeys (ConfUtils.java:logGet(44)) - raft.server.rpc.timeout.min = 5s (custom)
2021-05-19 07:42:57,720 [pool-231-thread-1] INFO  server.RaftServerConfigKeys (ConfUtils.java:logGet(44)) - raft.server.rpc.timeout.max = 5200ms (custom)
2021-05-19 07:42:57,721 [pool-231-thread-1] INFO  server.RaftServerConfigKeys (ConfUtils.java:logGet(44)) - raft.server.rpc.sleep.time = 25ms (default)
2021-05-19 07:42:57,721 [pool-231-thread-1] INFO  server.RaftServerConfigKeys (ConfUtils.java:logGet(44)) - raft.server.rpc.slowness.timeout = 300000ms (custom)
2021-05-19 07:42:57,721 [pool-231-thread-1] INFO  server.RaftServerConfigKeys (ConfUtils.java:logGet(44)) - raft.server.leaderelection.leader.step-down.wait-time = 10s (default)
2021-05-19 07:42:57,721 [pool-231-thread-1] INFO  server.RaftServerConfigKeys (ConfUtils.java:logGet(44)) - raft.server.sleep.deviation.threshold = 300ms (default)
2021-05-19 07:42:57,721 [pool-231-thread-1] INFO  server.RaftServerConfigKeys (ConfUtils.java:logGet(44)) - raft.server.log.appender.install.snapshot.enabled = false (custom)
2021-05-19 07:42:57,721 [pool-231-thread-1] INFO  server.RaftServer$Division (ServerState.java:<init>(105)) - 68d4f79f-8ed5-4598-b947-57f9bc979c0e@group-1F4802A68F73: ConfigurationManager, init=-1: [a14714da-c87c-4361-b393-7e96cf422ed7|rpc:172.17.0.2:45547|dataStream:|priority:1, 68d4f79f-8ed5-4598-b947-57f9bc979c0e|rpc:172.17.0.2:42729|dataStream:|priority:0, 8e81be81-8cf3-4cb2-af1f-2c1c9bc19b0e|rpc:172.17.0.2:41855|dataStream:|priority:0], old=null, confs=<EMPTY_MAP>
2021-05-19 07:42:57,721 [pool-231-thread-1] INFO  server.RaftServerConfigKeys (ConfUtils.java:logGet(44)) - raft.server.storage.dir = [/github/workspace/mnt/ozone/hadoop-ozone/integration-test/target/test-dir/MiniOzoneClusterImpl-952c9dfc-8967-4523-b06f-60d3bd5de2bf/datanode-0/data/ratis] (custom)
2021-05-19 07:42:57,721 [pool-231-thread-1] INFO  server.RaftServerConfigKeys (ConfUtils.java:logGet(44)) - raft.server.log.corruption.policy = EXCEPTION (default)
2021-05-19 07:42:57,721 [pool-231-thread-1] INFO  storage.RaftStorageDirectory (RaftStorageDirectoryImpl.java:analyzeStorage(132)) - The storage directory /github/workspace/mnt/ozone/hadoop-ozone/integration-test/target/test-dir/MiniOzoneClusterImpl-952c9dfc-8967-4523-b06f-60d3bd5de2bf/datanode-0/data/ratis/410da6b5-5245-4022-b85d-1f4802a68f73 does not exist. Creating ...
2021-05-19 07:42:57,722 [pool-231-thread-1] INFO  storage.RaftStorageDirectory (RaftStorageDirectoryImpl.java:tryLock(215)) - Lock on /github/workspace/mnt/ozone/hadoop-ozone/integration-test/target/test-dir/MiniOzoneClusterImpl-952c9dfc-8967-4523-b06f-60d3bd5de2bf/datanode-0/data/ratis/410da6b5-5245-4022-b85d-1f4802a68f73/in_use.lock acquired by nodename 16447@3974e5c036b4
2021-05-19 07:42:57,723 [pool-231-thread-1] INFO  storage.RaftStorage (RaftStorageImpl.java:format(87)) - Storage directory /github/workspace/mnt/ozone/hadoop-ozone/integration-test/target/test-dir/MiniOzoneClusterImpl-952c9dfc-8967-4523-b06f-60d3bd5de2bf/datanode-0/data/ratis/410da6b5-5245-4022-b85d-1f4802a68f73 has been successfully formatted.
2021-05-19 07:42:57,723 [pool-231-thread-1] INFO  ratis.ContainerStateMachine (ContainerStateMachine.java:loadSnapshot(224)) - group-1F4802A68F73: The snapshot info is null. Setting the last applied indexto:(t:0, i:~)
2021-05-19 07:42:57,723 [pool-231-thread-1] INFO  server.RaftServerConfigKeys (ConfUtils.java:logGet(44)) - raft.server.notification.no-leader.timeout = 300000ms (custom)
2021-05-19 07:42:57,723 [pool-231-thread-1] INFO  server.RaftServerConfigKeys (ConfUtils.java:logGet(44)) - raft.server.log.use.memory = false (default)
2021-05-19 07:42:57,723 [pool-231-thread-1] INFO  server.RaftServerConfigKeys (ConfUtils.java:logGet(44)) - raft.server.log.purge.gap = 1000000 (custom)
2021-05-19 07:42:57,724 [pool-231-thread-1] INFO  server.RaftServerConfigKeys (ConfUtils.java:logGet(44)) - raft.server.log.appender.buffer.byte-limit = 33554432 (custom)
2021-05-19 07:42:57,724 [pool-231-thread-1] INFO  metrics.RatisMetrics (RatisMetrics.java:lambda$create$0(36)) - Creating Metrics Registry : ratis.log_worker.68d4f79f-8ed5-4598-b947-57f9bc979c0e@group-1F4802A68F73
2021-05-19 07:42:57,724 [pool-231-thread-1] INFO  server.RaftServerConfigKeys (ConfUtils.java:logGet(44)) - raft.server.log.segment.size.max = 1048576 (custom)
2021-05-19 07:42:57,724 [pool-231-thread-1] INFO  server.RaftServerConfigKeys (ConfUtils.java:logGet(44)) - raft.server.log.segment.cache.num.max = 2 (custom)
2021-05-19 07:42:57,724 [pool-231-thread-1] INFO  server.RaftServerConfigKeys (ConfUtils.java:logGet(44)) - raft.server.log.segment.cache.size.max = 200MB (=209715200) (default)
2021-05-19 07:42:57,724 [pool-231-thread-1] INFO  segmented.SegmentedRaftLogWorker (SegmentedRaftLogWorker.java:<init>(182)) - new 68d4f79f-8ed5-4598-b947-57f9bc979c0e@group-1F4802A68F73-SegmentedRaftLogWorker for RaftStorageImpl:Storage Directory /github/workspace/mnt/ozone/hadoop-ozone/integration-test/target/test-dir/MiniOzoneClusterImpl-952c9dfc-8967-4523-b06f-60d3bd5de2bf/datanode-0/data/ratis/410da6b5-5245-4022-b85d-1f4802a68f73
2021-05-19 07:42:57,724 [pool-231-thread-1] INFO  server.RaftServerConfigKeys (ConfUtils.java:logGet(44)) - raft.server.log.queue.byte-limit = 2147483647 (custom)
2021-05-19 07:42:57,725 [pool-231-thread-1] INFO  server.RaftServerConfigKeys (ConfUtils.java:logGet(44)) - raft.server.log.queue.element-limit = 1024 (custom)
2021-05-19 07:42:57,725 [pool-231-thread-1] INFO  server.RaftServerConfigKeys (ConfUtils.java:logGet(44)) - raft.server.log.segment.size.max = 1048576 (custom)
2021-05-19 07:42:57,725 [pool-231-thread-1] INFO  server.RaftServerConfigKeys (ConfUtils.java:logGet(44)) - raft.server.log.preallocated.size = 16384 (custom)
2021-05-19 07:42:57,725 [pool-231-thread-1] INFO  server.RaftServerConfigKeys (ConfUtils.java:logGet(44)) - raft.server.log.force.sync.num = 128 (default)
2021-05-19 07:42:57,725 [pool-231-thread-1] INFO  server.RaftServerConfigKeys (ConfUtils.java:logGet(44)) - raft.server.log.statemachine.data.sync = true (default)
2021-05-19 07:42:57,725 [pool-231-thread-1] INFO  server.RaftServerConfigKeys (ConfUtils.java:logGet(44)) - raft.server.log.statemachine.data.sync.timeout = 10s (default)
2021-05-19 07:42:57,725 [pool-231-thread-1] INFO  server.RaftServerConfigKeys (ConfUtils.java:logGet(44)) - raft.server.log.statemachine.data.sync.timeout.retry = -1 (default)
2021-05-19 07:42:57,726 [pool-231-thread-1] INFO  server.RaftServerConfigKeys (ConfUtils.java:logGet(44)) - raft.server.log.write.buffer.size = 1048576 (custom)
2021-05-19 07:42:57,726 [pool-231-thread-1] INFO  server.RaftServerConfigKeys (ConfUtils.java:logGet(44)) - raft.server.log.statemachine.data.caching.enabled = true (custom)
2021-05-19 07:42:57,727 [pool-231-thread-1] INFO  segmented.SegmentedRaftLogWorker (SegmentedRaftLogWorker.java:lambda$new$0(133)) - 68d4f79f-8ed5-4598-b947-57f9bc979c0e@group-1F4802A68F73-SegmentedRaftLogWorker: flushIndex: setUnconditionally 0 -> -1
2021-05-19 07:42:57,727 [pool-231-thread-1] INFO  segmented.SegmentedRaftLogWorker (SegmentedRaftLogWorker.java:lambda$new$0(133)) - 68d4f79f-8ed5-4598-b947-57f9bc979c0e@group-1F4802A68F73-SegmentedRaftLogWorker: safeCacheEvictIndex: setUnconditionally 0 -> -1
2021-05-19 07:42:57,727 [pool-231-thread-1] INFO  server.RaftServerConfigKeys (ConfUtils.java:logGet(44)) - raft.server.snapshot.auto.trigger.enabled = true (custom)
2021-05-19 07:42:57,727 [pool-231-thread-1] INFO  server.RaftServerConfigKeys (ConfUtils.java:logGet(44)) - raft.server.snapshot.auto.trigger.threshold = 10000 (custom)
2021-05-19 07:42:57,727 [pool-231-thread-1] INFO  server.RaftServerConfigKeys (ConfUtils.java:logGet(44)) - raft.server.snapshot.retention.file.num = 5 (custom)
2021-05-19 07:42:57,727 [pool-231-thread-1] INFO  server.RaftServerConfigKeys (ConfUtils.java:logGet(44)) - raft.server.log.purge.upto.snapshot.index = false (default)
2021-05-19 07:42:57,727 [pool-231-thread-1] INFO  server.RaftServerConfigKeys (ConfUtils.java:logGet(44)) - raft.server.retrycache.expirytime = 600000ms (custom)
2021-05-19 07:42:57,727 [pool-231-thread-1] INFO  server.RaftServerConfigKeys (ConfUtils.java:logGet(44)) - raft.server.retrycache.statistics.expirytime = 100?s (default)
2021-05-19 07:42:57,727 [pool-231-thread-1] INFO  metrics.RatisMetrics (RatisMetrics.java:lambda$create$0(36)) - Creating Metrics Registry : ratis.leader_election.68d4f79f-8ed5-4598-b947-57f9bc979c0e@group-1F4802A68F73
2021-05-19 07:42:57,728 [pool-231-thread-1] INFO  metrics.RatisMetrics (RatisMetrics.java:lambda$create$0(36)) - Creating Metrics Registry : ratis.server.68d4f79f-8ed5-4598-b947-57f9bc979c0e@group-1F4802A68F73
2021-05-19 07:42:57,728 [pool-231-thread-1] INFO  server.RaftServer$Division (RaftServerImpl.java:start(295)) - 68d4f79f-8ed5-4598-b947-57f9bc979c0e@group-1F4802A68F73: start as a follower, conf=-1: [a14714da-c87c-4361-b393-7e96cf422ed7|rpc:172.17.0.2:45547|dataStream:|priority:1, 68d4f79f-8ed5-4598-b947-57f9bc979c0e|rpc:172.17.0.2:42729|dataStream:|priority:0, 8e81be81-8cf3-4cb2-af1f-2c1c9bc19b0e|rpc:172.17.0.2:41855|dataStream:|priority:0], old=null
2021-05-19 07:42:57,728 [pool-231-thread-1] INFO  server.RaftServer$Division (RaftServerImpl.java:setRole(284)) - 68d4f79f-8ed5-4598-b947-57f9bc979c0e@group-1F4802A68F73: changes role from      null to FOLLOWER at term 0 for startAsFollower
2021-05-19 07:42:57,728 [pool-231-thread-1] INFO  impl.RoleInfo (RoleInfo.java:updateAndGet(130)) - 68d4f79f-8ed5-4598-b947-57f9bc979c0e: start 68d4f79f-8ed5-4598-b947-57f9bc979c0e@group-1F4802A68F73-FollowerState
2021-05-19 07:42:57,729 [pool-231-thread-1] INFO  util.JmxRegister (JmxRegister.java:tryRegister(44)) - Successfully registered JMX Bean with object name Ratis:service=RaftServer,group=group-1F4802A68F73,id=68d4f79f-8ed5-4598-b947-57f9bc979c0e
2021-05-19 07:42:57,729 [pool-231-thread-1] INFO  metrics.RatisMetrics (RatisMetrics.java:lambda$create$0(36)) - Creating Metrics Registry : ratis.state_machine.68d4f79f-8ed5-4598-b947-57f9bc979c0e@group-1F4802A68F73
2021-05-19 07:42:57,735 [Command processor thread] INFO  metrics.RatisMetrics (RatisMetrics.java:lambda$create$0(36)) - Creating Metrics Registry : ratis.client_message_metrics.client-2B07060F2A8B->8e81be81-8cf3-4cb2-af1f-2c1c9bc19b0e
2021-05-19 07:42:57,746 [grpc-default-executor-1] INFO  server.RaftServer (RaftServerProxy.java:addNew(95)) - 8e81be81-8cf3-4cb2-af1f-2c1c9bc19b0e: addNew group-1F4802A68F73:[a14714da-c87c-4361-b393-7e96cf422ed7|rpc:172.17.0.2:45547|dataStream:|priority:1, 68d4f79f-8ed5-4598-b947-57f9bc979c0e|rpc:172.17.0.2:42729|dataStream:|priority:0, 8e81be81-8cf3-4cb2-af1f-2c1c9bc19b0e|rpc:172.17.0.2:41855|dataStream:|priority:0] returns group-1F4802A68F73:java.util.concurrent.CompletableFuture@21f193bc[Not completed]
2021-05-19 07:42:57,747 [pool-249-thread-1] INFO  server.RaftServer$Division (RaftServerImpl.java:<init>(180)) - 8e81be81-8cf3-4cb2-af1f-2c1c9bc19b0e: new RaftServerImpl for group-1F4802A68F73:[a14714da-c87c-4361-b393-7e96cf422ed7|rpc:172.17.0.2:45547|dataStream:|priority:1, 68d4f79f-8ed5-4598-b947-57f9bc979c0e|rpc:172.17.0.2:42729|dataStream:|priority:0, 8e81be81-8cf3-4cb2-af1f-2c1c9bc19b0e|rpc:172.17.0.2:41855|dataStream:|priority:0] with ContainerStateMachine:uninitialized
2021-05-19 07:42:57,747 [pool-249-thread-1] INFO  server.RaftServerConfigKeys (ConfUtils.java:logGet(44)) - raft.server.rpc.timeout.min = 5s (custom)
2021-05-19 07:42:57,747 [pool-249-thread-1] INFO  server.RaftServerConfigKeys (ConfUtils.java:logGet(44)) - raft.server.rpc.timeout.max = 5200ms (custom)
2021-05-19 07:42:57,747 [pool-249-thread-1] INFO  server.RaftServerConfigKeys (ConfUtils.java:logGet(44)) - raft.server.rpc.sleep.time = 25ms (default)
2021-05-19 07:42:57,747 [pool-249-thread-1] INFO  server.RaftServerConfigKeys (ConfUtils.java:logGet(44)) - raft.server.rpc.slowness.timeout = 300000ms (custom)
2021-05-19 07:42:57,747 [pool-249-thread-1] INFO  server.RaftServerConfigKeys (ConfUtils.java:logGet(44)) - raft.server.leaderelection.leader.step-down.wait-time = 10s (default)
2021-05-19 07:42:57,747 [pool-249-thread-1] INFO  server.RaftServerConfigKeys (ConfUtils.java:logGet(44)) - raft.server.sleep.deviation.threshold = 300ms (default)
2021-05-19 07:42:57,747 [pool-249-thread-1] INFO  server.RaftServerConfigKeys (ConfUtils.java:logGet(44)) - raft.server.log.appender.install.snapshot.enabled = false (custom)
2021-05-19 07:42:57,747 [pool-249-thread-1] INFO  server.RaftServer$Division (ServerState.java:<init>(105)) - 8e81be81-8cf3-4cb2-af1f-2c1c9bc19b0e@group-1F4802A68F73: ConfigurationManager, init=-1: [a14714da-c87c-4361-b393-7e96cf422ed7|rpc:172.17.0.2:45547|dataStream:|priority:1, 68d4f79f-8ed5-4598-b947-57f9bc979c0e|rpc:172.17.0.2:42729|dataStream:|priority:0, 8e81be81-8cf3-4cb2-af1f-2c1c9bc19b0e|rpc:172.17.0.2:41855|dataStream:|priority:0], old=null, confs=<EMPTY_MAP>
2021-05-19 07:42:57,747 [pool-249-thread-1] INFO  server.RaftServerConfigKeys (ConfUtils.java:logGet(44)) - raft.server.storage.dir = [/github/workspace/mnt/ozone/hadoop-ozone/integration-test/target/test-dir/MiniOzoneClusterImpl-952c9dfc-8967-4523-b06f-60d3bd5de2bf/datanode-1/data/ratis] (custom)
2021-05-19 07:42:57,748 [pool-249-thread-1] INFO  server.RaftServerConfigKeys (ConfUtils.java:logGet(44)) - raft.server.log.corruption.policy = EXCEPTION (default)
2021-05-19 07:42:57,748 [pool-249-thread-1] INFO  storage.RaftStorageDirectory (RaftStorageDirectoryImpl.java:analyzeStorage(132)) - The storage directory /github/workspace/mnt/ozone/hadoop-ozone/integration-test/target/test-dir/MiniOzoneClusterImpl-952c9dfc-8967-4523-b06f-60d3bd5de2bf/datanode-1/data/ratis/410da6b5-5245-4022-b85d-1f4802a68f73 does not exist. Creating ...
2021-05-19 07:42:57,749 [pool-249-thread-1] INFO  storage.RaftStorageDirectory (RaftStorageDirectoryImpl.java:tryLock(215)) - Lock on /github/workspace/mnt/ozone/hadoop-ozone/integration-test/target/test-dir/MiniOzoneClusterImpl-952c9dfc-8967-4523-b06f-60d3bd5de2bf/datanode-1/data/ratis/410da6b5-5245-4022-b85d-1f4802a68f73/in_use.lock acquired by nodename 16447@3974e5c036b4
2021-05-19 07:42:57,749 [pool-249-thread-1] INFO  storage.RaftStorage (RaftStorageImpl.java:format(87)) - Storage directory /github/workspace/mnt/ozone/hadoop-ozone/integration-test/target/test-dir/MiniOzoneClusterImpl-952c9dfc-8967-4523-b06f-60d3bd5de2bf/datanode-1/data/ratis/410da6b5-5245-4022-b85d-1f4802a68f73 has been successfully formatted.
2021-05-19 07:42:57,750 [Datanode State Machine Thread - 0] INFO  statemachine.DatanodeStateMachine (DatanodeStateMachine.java:lambda$startDaemon$0(411)) - Ozone container server started.
2021-05-19 07:42:57,750 [pool-249-thread-1] INFO  ratis.ContainerStateMachine (ContainerStateMachine.java:loadSnapshot(224)) - group-1F4802A68F73: The snapshot info is null. Setting the last applied indexto:(t:0, i:~)
2021-05-19 07:42:57,750 [pool-249-thread-1] INFO  server.RaftServerConfigKeys (ConfUtils.java:logGet(44)) - raft.server.notification.no-leader.timeout = 300000ms (custom)
2021-05-19 07:42:57,750 [pool-249-thread-1] INFO  server.RaftServerConfigKeys (ConfUtils.java:logGet(44)) - raft.server.log.use.memory = false (default)
2021-05-19 07:42:57,750 [pool-249-thread-1] INFO  server.RaftServerConfigKeys (ConfUtils.java:logGet(44)) - raft.server.log.purge.gap = 1000000 (custom)
2021-05-19 07:42:57,750 [pool-249-thread-1] INFO  server.RaftServerConfigKeys (ConfUtils.java:logGet(44)) - raft.server.log.appender.buffer.byte-limit = 33554432 (custom)
2021-05-19 07:42:57,750 [pool-249-thread-1] INFO  metrics.RatisMetrics (RatisMetrics.java:lambda$create$0(36)) - Creating Metrics Registry : ratis.log_worker.8e81be81-8cf3-4cb2-af1f-2c1c9bc19b0e@group-1F4802A68F73
2021-05-19 07:42:57,750 [pool-249-thread-1] INFO  server.RaftServerConfigKeys (ConfUtils.java:logGet(44)) - raft.server.log.segment.size.max = 1048576 (custom)
2021-05-19 07:42:57,751 [pool-249-thread-1] INFO  server.RaftServerConfigKeys (ConfUtils.java:logGet(44)) - raft.server.log.segment.cache.num.max = 2 (custom)
2021-05-19 07:42:57,751 [pool-249-thread-1] INFO  server.RaftServerConfigKeys (ConfUtils.java:logGet(44)) - raft.server.log.segment.cache.size.max = 200MB (=209715200) (default)
2021-05-19 07:42:57,751 [pool-249-thread-1] INFO  segmented.SegmentedRaftLogWorker (SegmentedRaftLogWorker.java:<init>(182)) - new 8e81be81-8cf3-4cb2-af1f-2c1c9bc19b0e@group-1F4802A68F73-SegmentedRaftLogWorker for RaftStorageImpl:Storage Directory /github/workspace/mnt/ozone/hadoop-ozone/integration-test/target/test-dir/MiniOzoneClusterImpl-952c9dfc-8967-4523-b06f-60d3bd5de2bf/datanode-1/data/ratis/410da6b5-5245-4022-b85d-1f4802a68f73
2021-05-19 07:42:57,751 [pool-249-thread-1] INFO  server.RaftServerConfigKeys (ConfUtils.java:logGet(44)) - raft.server.log.queue.byte-limit = 2147483647 (custom)
2021-05-19 07:42:57,751 [pool-249-thread-1] INFO  server.RaftServerConfigKeys (ConfUtils.java:logGet(44)) - raft.server.log.queue.element-limit = 1024 (custom)
2021-05-19 07:42:57,751 [pool-249-thread-1] INFO  server.RaftServerConfigKeys (ConfUtils.java:logGet(44)) - raft.server.log.segment.size.max = 1048576 (custom)
2021-05-19 07:42:57,751 [pool-249-thread-1] INFO  server.RaftServerConfigKeys (ConfUtils.java:logGet(44)) - raft.server.log.preallocated.size = 16384 (custom)
2021-05-19 07:42:57,751 [pool-249-thread-1] INFO  server.RaftServerConfigKeys (ConfUtils.java:logGet(44)) - raft.server.log.force.sync.num = 128 (default)
2021-05-19 07:42:57,751 [pool-249-thread-1] INFO  server.RaftServerConfigKeys (ConfUtils.java:logGet(44)) - raft.server.log.statemachine.data.sync = true (default)
2021-05-19 07:42:57,751 [pool-249-thread-1] INFO  server.RaftServerConfigKeys (ConfUtils.java:logGet(44)) - raft.server.log.statemachine.data.sync.timeout = 10s (default)
2021-05-19 07:42:57,751 [pool-249-thread-1] INFO  server.RaftServerConfigKeys (ConfUtils.java:logGet(44)) - raft.server.log.statemachine.data.sync.timeout.retry = -1 (default)
2021-05-19 07:42:57,752 [pool-249-thread-1] INFO  server.RaftServerConfigKeys (ConfUtils.java:logGet(44)) - raft.server.log.write.buffer.size = 1048576 (custom)
2021-05-19 07:42:57,754 [pool-249-thread-1] INFO  server.RaftServerConfigKeys (ConfUtils.java:logGet(44)) - raft.server.log.statemachine.data.caching.enabled = true (custom)
2021-05-19 07:42:57,754 [pool-249-thread-1] INFO  segmented.SegmentedRaftLogWorker (SegmentedRaftLogWorker.java:lambda$new$0(133)) - 8e81be81-8cf3-4cb2-af1f-2c1c9bc19b0e@group-1F4802A68F73-SegmentedRaftLogWorker: flushIndex: setUnconditionally 0 -> -1
2021-05-19 07:42:57,754 [pool-249-thread-1] INFO  segmented.SegmentedRaftLogWorker (SegmentedRaftLogWorker.java:lambda$new$0(133)) - 8e81be81-8cf3-4cb2-af1f-2c1c9bc19b0e@group-1F4802A68F73-SegmentedRaftLogWorker: safeCacheEvictIndex: setUnconditionally 0 -> -1
2021-05-19 07:42:57,754 [pool-249-thread-1] INFO  server.RaftServerConfigKeys (ConfUtils.java:logGet(44)) - raft.server.snapshot.auto.trigger.enabled = true (custom)
2021-05-19 07:42:57,754 [pool-249-thread-1] INFO  server.RaftServerConfigKeys (ConfUtils.java:logGet(44)) - raft.server.snapshot.auto.trigger.threshold = 10000 (custom)
2021-05-19 07:42:57,754 [pool-249-thread-1] INFO  server.RaftServerConfigKeys (ConfUtils.java:logGet(44)) - raft.server.snapshot.retention.file.num = 5 (custom)
2021-05-19 07:42:57,754 [pool-249-thread-1] INFO  server.RaftServerConfigKeys (ConfUtils.java:logGet(44)) - raft.server.log.purge.upto.snapshot.index = false (default)
2021-05-19 07:42:57,754 [pool-249-thread-1] INFO  server.RaftServerConfigKeys (ConfUtils.java:logGet(44)) - raft.server.retrycache.expirytime = 600000ms (custom)
2021-05-19 07:42:57,754 [pool-249-thread-1] INFO  server.RaftServerConfigKeys (ConfUtils.java:logGet(44)) - raft.server.retrycache.statistics.expirytime = 100?s (default)
2021-05-19 07:42:57,755 [pool-249-thread-1] INFO  metrics.RatisMetrics (RatisMetrics.java:lambda$create$0(36)) - Creating Metrics Registry : ratis.leader_election.8e81be81-8cf3-4cb2-af1f-2c1c9bc19b0e@group-1F4802A68F73
2021-05-19 07:42:57,755 [pool-249-thread-1] INFO  metrics.RatisMetrics (RatisMetrics.java:lambda$create$0(36)) - Creating Metrics Registry : ratis.server.8e81be81-8cf3-4cb2-af1f-2c1c9bc19b0e@group-1F4802A68F73
2021-05-19 07:42:57,756 [pool-249-thread-1] INFO  server.RaftServer$Division (RaftServerImpl.java:start(295)) - 8e81be81-8cf3-4cb2-af1f-2c1c9bc19b0e@group-1F4802A68F73: start as a follower, conf=-1: [a14714da-c87c-4361-b393-7e96cf422ed7|rpc:172.17.0.2:45547|dataStream:|priority:1, 68d4f79f-8ed5-4598-b947-57f9bc979c0e|rpc:172.17.0.2:42729|dataStream:|priority:0, 8e81be81-8cf3-4cb2-af1f-2c1c9bc19b0e|rpc:172.17.0.2:41855|dataStream:|priority:0], old=null
2021-05-19 07:42:57,756 [pool-249-thread-1] INFO  server.RaftServer$Division (RaftServerImpl.java:setRole(284)) - 8e81be81-8cf3-4cb2-af1f-2c1c9bc19b0e@group-1F4802A68F73: changes role from      null to FOLLOWER at term 0 for startAsFollower
2021-05-19 07:42:57,756 [pool-249-thread-1] INFO  impl.RoleInfo (RoleInfo.java:updateAndGet(130)) - 8e81be81-8cf3-4cb2-af1f-2c1c9bc19b0e: start 8e81be81-8cf3-4cb2-af1f-2c1c9bc19b0e@group-1F4802A68F73-FollowerState
2021-05-19 07:42:57,758 [pool-249-thread-1] INFO  util.JmxRegister (JmxRegister.java:tryRegister(44)) - Successfully registered JMX Bean with object name Ratis:service=RaftServer,group=group-1F4802A68F73,id=8e81be81-8cf3-4cb2-af1f-2c1c9bc19b0e
2021-05-19 07:42:57,758 [pool-249-thread-1] INFO  metrics.RatisMetrics (RatisMetrics.java:lambda$create$0(36)) - Creating Metrics Registry : ratis.state_machine.8e81be81-8cf3-4cb2-af1f-2c1c9bc19b0e@group-1F4802A68F73
2021-05-19 07:42:57,763 [Command processor thread] INFO  commandhandler.CreatePipelineCommandHandler (CreatePipelineCommandHandler.java:handle(106)) - Created Pipeline RATIS THREE PipelineID=410da6b5-5245-4022-b85d-1f4802a68f73.
2021-05-19 07:42:57,763 [Command processor thread] INFO  server.RaftServer (RaftServerProxy.java:addNew(95)) - a14714da-c87c-4361-b393-7e96cf422ed7: addNew group-248D4D37A09F:[a14714da-c87c-4361-b393-7e96cf422ed7|rpc:172.17.0.2:45547|priority:0, b054e63b-a418-439f-9265-0225a71f074a|rpc:172.17.0.2:34287|priority:1, 68d4f79f-8ed5-4598-b947-57f9bc979c0e|rpc:172.17.0.2:42729|priority:0] returns group-248D4D37A09F:java.util.concurrent.CompletableFuture@282fbe47[Not completed]
2021-05-19 07:42:57,764 [pool-371-thread-1] INFO  server.RaftServer$Division (RaftServerImpl.java:<init>(180)) - a14714da-c87c-4361-b393-7e96cf422ed7: new RaftServerImpl for group-248D4D37A09F:[a14714da-c87c-4361-b393-7e96cf422ed7|rpc:172.17.0.2:45547|priority:0, b054e63b-a418-439f-9265-0225a71f074a|rpc:172.17.0.2:34287|priority:1, 68d4f79f-8ed5-4598-b947-57f9bc979c0e|rpc:172.17.0.2:42729|priority:0] with ContainerStateMachine:uninitialized
2021-05-19 07:42:57,764 [pool-371-thread-1] INFO  server.RaftServerConfigKeys (ConfUtils.java:logGet(44)) - raft.server.rpc.timeout.min = 5s (custom)
2021-05-19 07:42:57,764 [pool-371-thread-1] INFO  server.RaftServerConfigKeys (ConfUtils.java:logGet(44)) - raft.server.rpc.timeout.max = 5200ms (custom)
2021-05-19 07:42:57,764 [pool-371-thread-1] INFO  server.RaftServerConfigKeys (ConfUtils.java:logGet(44)) - raft.server.rpc.sleep.time = 25ms (default)
2021-05-19 07:42:57,764 [pool-371-thread-1] INFO  server.RaftServerConfigKeys (ConfUtils.java:logGet(44)) - raft.server.rpc.slowness.timeout = 300000ms (custom)
2021-05-19 07:42:57,764 [pool-371-thread-1] INFO  server.RaftServerConfigKeys (ConfUtils.java:logGet(44)) - raft.server.leaderelection.leader.step-down.wait-time = 10s (default)
2021-05-19 07:42:57,764 [pool-371-thread-1] INFO  server.RaftServerConfigKeys (ConfUtils.java:logGet(44)) - raft.server.sleep.deviation.threshold = 300ms (default)
2021-05-19 07:42:57,764 [pool-371-thread-1] INFO  server.RaftServerConfigKeys (ConfUtils.java:logGet(44)) - raft.server.log.appender.install.snapshot.enabled = false (custom)
2021-05-19 07:42:57,764 [pool-371-thread-1] INFO  server.RaftServer$Division (ServerState.java:<init>(105)) - a14714da-c87c-4361-b393-7e96cf422ed7@group-248D4D37A09F: ConfigurationManager, init=-1: [a14714da-c87c-4361-b393-7e96cf422ed7|rpc:172.17.0.2:45547|priority:0, b054e63b-a418-439f-9265-0225a71f074a|rpc:172.17.0.2:34287|priority:1, 68d4f79f-8ed5-4598-b947-57f9bc979c0e|rpc:172.17.0.2:42729|priority:0], old=null, confs=<EMPTY_MAP>
2021-05-19 07:42:57,764 [pool-371-thread-1] INFO  server.RaftServerConfigKeys (ConfUtils.java:logGet(44)) - raft.server.storage.dir = [/github/workspace/mnt/ozone/hadoop-ozone/integration-test/target/test-dir/MiniOzoneClusterImpl-952c9dfc-8967-4523-b06f-60d3bd5de2bf/datanode-2/data/ratis] (custom)
2021-05-19 07:42:57,764 [pool-371-thread-1] INFO  server.RaftServerConfigKeys (ConfUtils.java:logGet(44)) - raft.server.log.corruption.policy = EXCEPTION (default)
2021-05-19 07:42:57,764 [pool-371-thread-1] INFO  storage.RaftStorageDirectory (RaftStorageDirectoryImpl.java:analyzeStorage(132)) - The storage directory /github/workspace/mnt/ozone/hadoop-ozone/integration-test/target/test-dir/MiniOzoneClusterImpl-952c9dfc-8967-4523-b06f-60d3bd5de2bf/datanode-2/data/ratis/80f8b59d-e8b1-4475-8a3c-248d4d37a09f does not exist. Creating ...
2021-05-19 07:42:57,765 [pool-371-thread-1] INFO  storage.RaftStorageDirectory (RaftStorageDirectoryImpl.java:tryLock(215)) - Lock on /github/workspace/mnt/ozone/hadoop-ozone/integration-test/target/test-dir/MiniOzoneClusterImpl-952c9dfc-8967-4523-b06f-60d3bd5de2bf/datanode-2/data/ratis/80f8b59d-e8b1-4475-8a3c-248d4d37a09f/in_use.lock acquired by nodename 16447@3974e5c036b4
2021-05-19 07:42:57,766 [pool-371-thread-1] INFO  storage.RaftStorage (RaftStorageImpl.java:format(87)) - Storage directory /github/workspace/mnt/ozone/hadoop-ozone/integration-test/target/test-dir/MiniOzoneClusterImpl-952c9dfc-8967-4523-b06f-60d3bd5de2bf/datanode-2/data/ratis/80f8b59d-e8b1-4475-8a3c-248d4d37a09f has been successfully formatted.
2021-05-19 07:42:57,766 [pool-371-thread-1] INFO  ratis.ContainerStateMachine (ContainerStateMachine.java:loadSnapshot(224)) - group-248D4D37A09F: The snapshot info is null. Setting the last applied indexto:(t:0, i:~)
2021-05-19 07:42:57,767 [pool-371-thread-1] INFO  server.RaftServerConfigKeys (ConfUtils.java:logGet(44)) - raft.server.notification.no-leader.timeout = 300000ms (custom)
2021-05-19 07:42:57,767 [pool-371-thread-1] INFO  server.RaftServerConfigKeys (ConfUtils.java:logGet(44)) - raft.server.log.use.memory = false (default)
2021-05-19 07:42:57,767 [pool-371-thread-1] INFO  server.RaftServerConfigKeys (ConfUtils.java:logGet(44)) - raft.server.log.purge.gap = 1000000 (custom)
2021-05-19 07:42:57,767 [pool-371-thread-1] INFO  server.RaftServerConfigKeys (ConfUtils.java:logGet(44)) - raft.server.log.appender.buffer.byte-limit = 33554432 (custom)
2021-05-19 07:42:57,767 [pool-371-thread-1] INFO  metrics.RatisMetrics (RatisMetrics.java:lambda$create$0(36)) - Creating Metrics Registry : ratis.log_worker.a14714da-c87c-4361-b393-7e96cf422ed7@group-248D4D37A09F
2021-05-19 07:42:57,768 [pool-339-thread-1] INFO  server.RaftServer$Division (RaftServerImpl.java:<init>(180)) - b054e63b-a418-439f-9265-0225a71f074a: new RaftServerImpl for group-62F890F27B82:[b054e63b-a418-439f-9265-0225a71f074a|rpc:172.17.0.2:34287|priority:0, 68d4f79f-8ed5-4598-b947-57f9bc979c0e|rpc:172.17.0.2:42729|priority:1, 8e81be81-8cf3-4cb2-af1f-2c1c9bc19b0e|rpc:172.17.0.2:41855|priority:0] with ContainerStateMachine:uninitialized
2021-05-19 07:42:57,768 [pool-339-thread-1] INFO  server.RaftServerConfigKeys (ConfUtils.java:logGet(44)) - raft.server.rpc.timeout.min = 5s (custom)
2021-05-19 07:42:57,768 [pool-339-thread-1] INFO  server.RaftServerConfigKeys (ConfUtils.java:logGet(44)) - raft.server.rpc.timeout.max = 5200ms (custom)
2021-05-19 07:42:57,768 [pool-339-thread-1] INFO  server.RaftServerConfigKeys (ConfUtils.java:logGet(44)) - raft.server.rpc.sleep.time = 25ms (default)
2021-05-19 07:42:57,768 [pool-339-thread-1] INFO  server.RaftServerConfigKeys (ConfUtils.java:logGet(44)) - raft.server.rpc.slowness.timeout = 300000ms (custom)
2021-05-19 07:42:57,768 [pool-339-thread-1] INFO  server.RaftServerConfigKeys (ConfUtils.java:logGet(44)) - raft.server.leaderelection.leader.step-down.wait-time = 10s (default)
2021-05-19 07:42:57,768 [pool-339-thread-1] INFO  server.RaftServerConfigKeys (ConfUtils.java:logGet(44)) - raft.server.sleep.deviation.threshold = 300ms (default)
2021-05-19 07:42:57,768 [pool-339-thread-1] INFO  server.RaftServerConfigKeys (ConfUtils.java:logGet(44)) - raft.server.log.appender.install.snapshot.enabled = false (custom)
2021-05-19 07:42:57,768 [pool-339-thread-1] INFO  server.RaftServer$Division (ServerState.java:<init>(105)) - b054e63b-a418-439f-9265-0225a71f074a@group-62F890F27B82: ConfigurationManager, init=-1: [b054e63b-a418-439f-9265-0225a71f074a|rpc:172.17.0.2:34287|priority:0, 68d4f79f-8ed5-4598-b947-57f9bc979c0e|rpc:172.17.0.2:42729|priority:1, 8e81be81-8cf3-4cb2-af1f-2c1c9bc19b0e|rpc:172.17.0.2:41855|priority:0], old=null, confs=<EMPTY_MAP>
2021-05-19 07:42:57,768 [pool-339-thread-1] INFO  server.RaftServerConfigKeys (ConfUtils.java:logGet(44)) - raft.server.storage.dir = [/github/workspace/mnt/ozone/hadoop-ozone/integration-test/target/test-dir/MiniOzoneClusterImpl-952c9dfc-8967-4523-b06f-60d3bd5de2bf/datanode-6/data/ratis] (custom)
2021-05-19 07:42:57,769 [pool-339-thread-1] INFO  server.RaftServerConfigKeys (ConfUtils.java:logGet(44)) - raft.server.log.corruption.policy = EXCEPTION (default)
2021-05-19 07:42:57,769 [pool-339-thread-1] INFO  storage.RaftStorageDirectory (RaftStorageDirectoryImpl.java:analyzeStorage(132)) - The storage directory /github/workspace/mnt/ozone/hadoop-ozone/integration-test/target/test-dir/MiniOzoneClusterImpl-952c9dfc-8967-4523-b06f-60d3bd5de2bf/datanode-6/data/ratis/415703f1-9a52-42fb-9a9c-62f890f27b82 does not exist. Creating ...
2021-05-19 07:42:57,767 [Command processor thread] INFO  server.RaftServer (RaftServerProxy.java:addNew(95)) - b054e63b-a418-439f-9265-0225a71f074a: addNew group-62F890F27B82:[b054e63b-a418-439f-9265-0225a71f074a|rpc:172.17.0.2:34287|priority:0, 68d4f79f-8ed5-4598-b947-57f9bc979c0e|rpc:172.17.0.2:42729|priority:1, 8e81be81-8cf3-4cb2-af1f-2c1c9bc19b0e|rpc:172.17.0.2:41855|priority:0] returns group-62F890F27B82:java.util.concurrent.CompletableFuture@16687e8c[Not completed]
2021-05-19 07:42:57,769 [pool-371-thread-1] INFO  server.RaftServerConfigKeys (ConfUtils.java:logGet(44)) - raft.server.log.segment.size.max = 1048576 (custom)
2021-05-19 07:42:57,770 [pool-371-thread-1] INFO  server.RaftServerConfigKeys (ConfUtils.java:logGet(44)) - raft.server.log.segment.cache.num.max = 2 (custom)
2021-05-19 07:42:57,770 [pool-371-thread-1] INFO  server.RaftServerConfigKeys (ConfUtils.java:logGet(44)) - raft.server.log.segment.cache.size.max = 200MB (=209715200) (default)
2021-05-19 07:42:57,770 [pool-371-thread-1] INFO  segmented.SegmentedRaftLogWorker (SegmentedRaftLogWorker.java:<init>(182)) - new a14714da-c87c-4361-b393-7e96cf422ed7@group-248D4D37A09F-SegmentedRaftLogWorker for RaftStorageImpl:Storage Directory /github/workspace/mnt/ozone/hadoop-ozone/integration-test/target/test-dir/MiniOzoneClusterImpl-952c9dfc-8967-4523-b06f-60d3bd5de2bf/datanode-2/data/ratis/80f8b59d-e8b1-4475-8a3c-248d4d37a09f
2021-05-19 07:42:57,770 [pool-371-thread-1] INFO  server.RaftServerConfigKeys (ConfUtils.java:logGet(44)) - raft.server.log.queue.byte-limit = 2147483647 (custom)
2021-05-19 07:42:57,770 [pool-371-thread-1] INFO  server.RaftServerConfigKeys (ConfUtils.java:logGet(44)) - raft.server.log.queue.element-limit = 1024 (custom)
2021-05-19 07:42:57,770 [pool-371-thread-1] INFO  server.RaftServerConfigKeys (ConfUtils.java:logGet(44)) - raft.server.log.segment.size.max = 1048576 (custom)
2021-05-19 07:42:57,770 [pool-371-thread-1] INFO  server.RaftServerConfigKeys (ConfUtils.java:logGet(44)) - raft.server.log.preallocated.size = 16384 (custom)
2021-05-19 07:42:57,770 [pool-371-thread-1] INFO  server.RaftServerConfigKeys (ConfUtils.java:logGet(44)) - raft.server.log.force.sync.num = 128 (default)
2021-05-19 07:42:57,770 [pool-371-thread-1] INFO  server.RaftServerConfigKeys (ConfUtils.java:logGet(44)) - raft.server.log.statemachine.data.sync = true (default)
2021-05-19 07:42:57,770 [pool-371-thread-1] INFO  server.RaftServerConfigKeys (ConfUtils.java:logGet(44)) - raft.server.log.statemachine.data.sync.timeout = 10s (default)
2021-05-19 07:42:57,770 [pool-371-thread-1] INFO  server.RaftServerConfigKeys (ConfUtils.java:logGet(44)) - raft.server.log.statemachine.data.sync.timeout.retry = -1 (default)
2021-05-19 07:42:57,770 [pool-339-thread-1] INFO  storage.RaftStorageDirectory (RaftStorageDirectoryImpl.java:tryLock(215)) - Lock on /github/workspace/mnt/ozone/hadoop-ozone/integration-test/target/test-dir/MiniOzoneClusterImpl-952c9dfc-8967-4523-b06f-60d3bd5de2bf/datanode-6/data/ratis/415703f1-9a52-42fb-9a9c-62f890f27b82/in_use.lock acquired by nodename 16447@3974e5c036b4
2021-05-19 07:42:57,771 [pool-371-thread-1] INFO  server.RaftServerConfigKeys (ConfUtils.java:logGet(44)) - raft.server.log.write.buffer.size = 1048576 (custom)
2021-05-19 07:42:57,771 [pool-339-thread-1] INFO  storage.RaftStorage (RaftStorageImpl.java:format(87)) - Storage directory /github/workspace/mnt/ozone/hadoop-ozone/integration-test/target/test-dir/MiniOzoneClusterImpl-952c9dfc-8967-4523-b06f-60d3bd5de2bf/datanode-6/data/ratis/415703f1-9a52-42fb-9a9c-62f890f27b82 has been successfully formatted.
2021-05-19 07:42:57,772 [pool-371-thread-1] INFO  server.RaftServerConfigKeys (ConfUtils.java:logGet(44)) - raft.server.log.statemachine.data.caching.enabled = true (custom)
2021-05-19 07:42:57,772 [pool-371-thread-1] INFO  segmented.SegmentedRaftLogWorker (SegmentedRaftLogWorker.java:lambda$new$0(133)) - a14714da-c87c-4361-b393-7e96cf422ed7@group-248D4D37A09F-SegmentedRaftLogWorker: flushIndex: setUnconditionally 0 -> -1
2021-05-19 07:42:57,772 [pool-371-thread-1] INFO  segmented.SegmentedRaftLogWorker (SegmentedRaftLogWorker.java:lambda$new$0(133)) - a14714da-c87c-4361-b393-7e96cf422ed7@group-248D4D37A09F-SegmentedRaftLogWorker: safeCacheEvictIndex: setUnconditionally 0 -> -1
2021-05-19 07:42:57,772 [pool-339-thread-1] INFO  ratis.ContainerStateMachine (ContainerStateMachine.java:loadSnapshot(224)) - group-62F890F27B82: The snapshot info is null. Setting the last applied indexto:(t:0, i:~)
2021-05-19 07:42:57,772 [pool-339-thread-1] INFO  server.RaftServerConfigKeys (ConfUtils.java:logGet(44)) - raft.server.notification.no-leader.timeout = 300000ms (custom)
2021-05-19 07:42:57,772 [pool-339-thread-1] INFO  server.RaftServerConfigKeys (ConfUtils.java:logGet(44)) - raft.server.log.use.memory = false (default)
2021-05-19 07:42:57,772 [pool-339-thread-1] INFO  server.RaftServerConfigKeys (ConfUtils.java:logGet(44)) - raft.server.log.purge.gap = 1000000 (custom)
2021-05-19 07:42:57,773 [pool-339-thread-1] INFO  server.RaftServerConfigKeys (ConfUtils.java:logGet(44)) - raft.server.log.appender.buffer.byte-limit = 33554432 (custom)
2021-05-19 07:42:57,773 [pool-339-thread-1] INFO  metrics.RatisMetrics (RatisMetrics.java:lambda$create$0(36)) - Creating Metrics Registry : ratis.log_worker.b054e63b-a418-439f-9265-0225a71f074a@group-62F890F27B82
2021-05-19 07:42:57,773 [pool-339-thread-1] INFO  server.RaftServerConfigKeys (ConfUtils.java:logGet(44)) - raft.server.log.segment.size.max = 1048576 (custom)
2021-05-19 07:42:57,773 [pool-339-thread-1] INFO  server.RaftServerConfigKeys (ConfUtils.java:logGet(44)) - raft.server.log.segment.cache.num.max = 2 (custom)
2021-05-19 07:42:57,773 [pool-339-thread-1] INFO  server.RaftServerConfigKeys (ConfUtils.java:logGet(44)) - raft.server.log.segment.cache.size.max = 200MB (=209715200) (default)
2021-05-19 07:42:57,773 [pool-339-thread-1] INFO  segmented.SegmentedRaftLogWorker (SegmentedRaftLogWorker.java:<init>(182)) - new b054e63b-a418-439f-9265-0225a71f074a@group-62F890F27B82-SegmentedRaftLogWorker for RaftStorageImpl:Storage Directory /github/workspace/mnt/ozone/hadoop-ozone/integration-test/target/test-dir/MiniOzoneClusterImpl-952c9dfc-8967-4523-b06f-60d3bd5de2bf/datanode-6/data/ratis/415703f1-9a52-42fb-9a9c-62f890f27b82
2021-05-19 07:42:57,773 [pool-339-thread-1] INFO  server.RaftServerConfigKeys (ConfUtils.java:logGet(44)) - raft.server.log.queue.byte-limit = 2147483647 (custom)
2021-05-19 07:42:57,773 [pool-339-thread-1] INFO  server.RaftServerConfigKeys (ConfUtils.java:logGet(44)) - raft.server.log.queue.element-limit = 1024 (custom)
2021-05-19 07:42:57,773 [pool-339-thread-1] INFO  server.RaftServerConfigKeys (ConfUtils.java:logGet(44)) - raft.server.log.segment.size.max = 1048576 (custom)
2021-05-19 07:42:57,773 [pool-339-thread-1] INFO  server.RaftServerConfigKeys (ConfUtils.java:logGet(44)) - raft.server.log.preallocated.size = 16384 (custom)
2021-05-19 07:42:57,773 [pool-339-thread-1] INFO  server.RaftServerConfigKeys (ConfUtils.java:logGet(44)) - raft.server.log.force.sync.num = 128 (default)
2021-05-19 07:42:57,773 [pool-339-thread-1] INFO  server.RaftServerConfigKeys (ConfUtils.java:logGet(44)) - raft.server.log.statemachine.data.sync = true (default)
2021-05-19 07:42:57,773 [pool-339-thread-1] INFO  server.RaftServerConfigKeys (ConfUtils.java:logGet(44)) - raft.server.log.statemachine.data.sync.timeout = 10s (default)
2021-05-19 07:42:57,773 [pool-339-thread-1] INFO  server.RaftServerConfigKeys (ConfUtils.java:logGet(44)) - raft.server.log.statemachine.data.sync.timeout.retry = -1 (default)
2021-05-19 07:42:57,774 [pool-371-thread-1] INFO  server.RaftServerConfigKeys (ConfUtils.java:logGet(44)) - raft.server.snapshot.auto.trigger.enabled = true (custom)
2021-05-19 07:42:57,774 [pool-371-thread-1] INFO  server.RaftServerConfigKeys (ConfUtils.java:logGet(44)) - raft.server.snapshot.auto.trigger.threshold = 10000 (custom)
2021-05-19 07:42:57,774 [pool-371-thread-1] INFO  server.RaftServerConfigKeys (ConfUtils.java:logGet(44)) - raft.server.snapshot.retention.file.num = 5 (custom)
2021-05-19 07:42:57,774 [pool-371-thread-1] INFO  server.RaftServerConfigKeys (ConfUtils.java:logGet(44)) - raft.server.log.purge.upto.snapshot.index = false (default)
2021-05-19 07:42:57,774 [pool-371-thread-1] INFO  server.RaftServerConfigKeys (ConfUtils.java:logGet(44)) - raft.server.retrycache.expirytime = 600000ms (custom)
2021-05-19 07:42:57,774 [pool-371-thread-1] INFO  server.RaftServerConfigKeys (ConfUtils.java:logGet(44)) - raft.server.retrycache.statistics.expirytime = 100?s (default)
2021-05-19 07:42:57,774 [pool-371-thread-1] INFO  metrics.RatisMetrics (RatisMetrics.java:lambda$create$0(36)) - Creating Metrics Registry : ratis.leader_election.a14714da-c87c-4361-b393-7e96cf422ed7@group-248D4D37A09F
2021-05-19 07:42:57,774 [pool-339-thread-1] INFO  server.RaftServerConfigKeys (ConfUtils.java:logGet(44)) - raft.server.log.write.buffer.size = 1048576 (custom)
2021-05-19 07:42:57,774 [Command processor thread] WARN  server.RaftServer (RaftServerProxy.java:remove(101)) - 68d4f79f-8ed5-4598-b947-57f9bc979c0e: does not contain group: group-AC6A57830C75
2021-05-19 07:42:57,775 [Command processor thread] ERROR commandhandler.ClosePipelineCommandHandler (ClosePipelineCommandHandler.java:handle(78)) - Can't close pipeline PipelineID=b2b3615b-70b0-4c95-a861-ac6a57830c75
java.io.IOException: 68d4f79f-8ed5-4598-b947-57f9bc979c0e: Group group-AC6A57830C75 not found.
	at org.apache.hadoop.ozone.container.common.transport.server.ratis.XceiverServerRatis.removeGroup(XceiverServerRatis.java:826)
	at org.apache.hadoop.ozone.container.common.statemachine.commandhandler.ClosePipelineCommandHandler.handle(ClosePipelineCommandHandler.java:74)
	at org.apache.hadoop.ozone.container.common.statemachine.commandhandler.CommandDispatcher.handle(CommandDispatcher.java:99)
	at org.apache.hadoop.ozone.container.common.statemachine.DatanodeStateMachine.lambda$initCommandHandlerThread$2(DatanodeStateMachine.java:506)
	at java.lang.Thread.run(Thread.java:748)
Caused by: org.apache.ratis.protocol.exceptions.GroupMismatchException: 68d4f79f-8ed5-4598-b947-57f9bc979c0e: Group group-AC6A57830C75 not found.
	at org.apache.ratis.server.impl.RaftServerProxy.groupRemoveAsync(RaftServerProxy.java:504)
	at org.apache.ratis.server.impl.RaftServerProxy.groupManagementAsync(RaftServerProxy.java:460)
	at org.apache.ratis.server.impl.RaftServerProxy.groupManagement(RaftServerProxy.java:440)
	at org.apache.hadoop.ozone.container.common.transport.server.ratis.XceiverServerRatis.removeGroup(XceiverServerRatis.java:824)
	... 4 more
2021-05-19 07:42:57,775 [pool-339-thread-1] INFO  server.RaftServerConfigKeys (ConfUtils.java:logGet(44)) - raft.server.log.statemachine.data.caching.enabled = true (custom)
2021-05-19 07:42:57,775 [Command processor thread] WARN  server.RaftServer (RaftServerProxy.java:remove(101)) - 68d4f79f-8ed5-4598-b947-57f9bc979c0e: does not contain group: group-76E48770978D
2021-05-19 07:42:57,775 [pool-339-thread-1] INFO  segmented.SegmentedRaftLogWorker (SegmentedRaftLogWorker.java:lambda$new$0(133)) - b054e63b-a418-439f-9265-0225a71f074a@group-62F890F27B82-SegmentedRaftLogWorker: flushIndex: setUnconditionally 0 -> -1
2021-05-19 07:42:57,775 [pool-339-thread-1] INFO  segmented.SegmentedRaftLogWorker (SegmentedRaftLogWorker.java:lambda$new$0(133)) - b054e63b-a418-439f-9265-0225a71f074a@group-62F890F27B82-SegmentedRaftLogWorker: safeCacheEvictIndex: setUnconditionally 0 -> -1
2021-05-19 07:42:57,775 [Command processor thread] ERROR commandhandler.ClosePipelineCommandHandler (ClosePipelineCommandHandler.java:handle(78)) - Can't close pipeline PipelineID=90d79207-282c-4ddc-b3c9-76e48770978d
java.io.IOException: 68d4f79f-8ed5-4598-b947-57f9bc979c0e: Group group-76E48770978D not found.
	at org.apache.hadoop.ozone.container.common.transport.server.ratis.XceiverServerRatis.removeGroup(XceiverServerRatis.java:826)
	at org.apache.hadoop.ozone.container.common.statemachine.commandhandler.ClosePipelineCommandHandler.handle(ClosePipelineCommandHandler.java:74)
	at org.apache.hadoop.ozone.container.common.statemachine.commandhandler.CommandDispatcher.handle(CommandDispatcher.java:99)
	at org.apache.hadoop.ozone.container.common.statemachine.DatanodeStateMachine.lambda$initCommandHandlerThread$2(DatanodeStateMachine.java:506)
	at java.lang.Thread.run(Thread.java:748)
Caused by: org.apache.ratis.protocol.exceptions.GroupMismatchException: 68d4f79f-8ed5-4598-b947-57f9bc979c0e: Group group-76E48770978D not found.
	at org.apache.ratis.server.impl.RaftServerProxy.groupRemoveAsync(RaftServerProxy.java:504)
	at org.apache.ratis.server.impl.RaftServerProxy.groupManagementAsync(RaftServerProxy.java:460)
	at org.apache.ratis.server.impl.RaftServerProxy.groupManagement(RaftServerProxy.java:440)
	at org.apache.hadoop.ozone.container.common.transport.server.ratis.XceiverServerRatis.removeGroup(XceiverServerRatis.java:824)
	... 4 more
2021-05-19 07:42:57,775 [Command processor thread] WARN  server.RaftServer (RaftServerProxy.java:remove(101)) - 68d4f79f-8ed5-4598-b947-57f9bc979c0e: does not contain group: group-DECE5BE019F2
2021-05-19 07:42:57,775 [pool-371-thread-1] INFO  metrics.RatisMetrics (RatisMetrics.java:lambda$create$0(36)) - Creating Metrics Registry : ratis.server.a14714da-c87c-4361-b393-7e96cf422ed7@group-248D4D37A09F
2021-05-19 07:42:57,775 [Command processor thread] ERROR commandhandler.ClosePipelineCommandHandler (ClosePipelineCommandHandler.java:handle(78)) - Can't close pipeline PipelineID=da74cb76-52a2-4b5c-bce9-dece5be019f2
java.io.IOException: 68d4f79f-8ed5-4598-b947-57f9bc979c0e: Group group-DECE5BE019F2 not found.
	at org.apache.hadoop.ozone.container.common.transport.server.ratis.XceiverServerRatis.removeGroup(XceiverServerRatis.java:826)
	at org.apache.hadoop.ozone.container.common.statemachine.commandhandler.ClosePipelineCommandHandler.handle(ClosePipelineCommandHandler.java:74)
	at org.apache.hadoop.ozone.container.common.statemachine.commandhandler.CommandDispatcher.handle(CommandDispatcher.java:99)
	at org.apache.hadoop.ozone.container.common.statemachine.DatanodeStateMachine.lambda$initCommandHandlerThread$2(DatanodeStateMachine.java:506)
	at java.lang.Thread.run(Thread.java:748)
Caused by: org.apache.ratis.protocol.exceptions.GroupMismatchException: 68d4f79f-8ed5-4598-b947-57f9bc979c0e: Group group-DECE5BE019F2 not found.
	at org.apache.ratis.server.impl.RaftServerProxy.groupRemoveAsync(RaftServerProxy.java:504)
	at org.apache.ratis.server.impl.RaftServerProxy.groupManagementAsync(RaftServerProxy.java:460)
	at org.apache.ratis.server.impl.RaftServerProxy.groupManagement(RaftServerProxy.java:440)
	at org.apache.hadoop.ozone.container.common.transport.server.ratis.XceiverServerRatis.removeGroup(XceiverServerRatis.java:824)
	... 4 more
2021-05-19 07:42:57,775 [Command processor thread] WARN  server.RaftServer (RaftServerProxy.java:remove(101)) - 68d4f79f-8ed5-4598-b947-57f9bc979c0e: does not contain group: group-AC6A57830C75
2021-05-19 07:42:57,775 [Command processor thread] ERROR commandhandler.ClosePipelineCommandHandler (ClosePipelineCommandHandler.java:handle(78)) - Can't close pipeline PipelineID=b2b3615b-70b0-4c95-a861-ac6a57830c75
java.io.IOException: 68d4f79f-8ed5-4598-b947-57f9bc979c0e: Group group-AC6A57830C75 not found.
	at org.apache.hadoop.ozone.container.common.transport.server.ratis.XceiverServerRatis.removeGroup(XceiverServerRatis.java:826)
	at org.apache.hadoop.ozone.container.common.statemachine.commandhandler.ClosePipelineCommandHandler.handle(ClosePipelineCommandHandler.java:74)
	at org.apache.hadoop.ozone.container.common.statemachine.commandhandler.CommandDispatcher.handle(CommandDispatcher.java:99)
	at org.apache.hadoop.ozone.container.common.statemachine.DatanodeStateMachine.lambda$initCommandHandlerThread$2(DatanodeStateMachine.java:506)
	at java.lang.Thread.run(Thread.java:748)
Caused by: org.apache.ratis.protocol.exceptions.GroupMismatchException: 68d4f79f-8ed5-4598-b947-57f9bc979c0e: Group group-AC6A57830C75 not found.
	at org.apache.ratis.server.impl.RaftServerProxy.groupRemoveAsync(RaftServerProxy.java:504)
	at org.apache.ratis.server.impl.RaftServerProxy.groupManagementAsync(RaftServerProxy.java:460)
	at org.apache.ratis.server.impl.RaftServerProxy.groupManagement(RaftServerProxy.java:440)
	at org.apache.hadoop.ozone.container.common.transport.server.ratis.XceiverServerRatis.removeGroup(XceiverServerRatis.java:824)
	... 4 more
2021-05-19 07:42:57,776 [Command processor thread] WARN  server.RaftServer (RaftServerProxy.java:remove(101)) - 68d4f79f-8ed5-4598-b947-57f9bc979c0e: does not contain group: group-76E48770978D
2021-05-19 07:42:57,776 [Command processor thread] ERROR commandhandler.ClosePipelineCommandHandler (ClosePipelineCommandHandler.java:handle(78)) - Can't close pipeline PipelineID=90d79207-282c-4ddc-b3c9-76e48770978d
java.io.IOException: 68d4f79f-8ed5-4598-b947-57f9bc979c0e: Group group-76E48770978D not found.
	at org.apache.hadoop.ozone.container.common.transport.server.ratis.XceiverServerRatis.removeGroup(XceiverServerRatis.java:826)
	at org.apache.hadoop.ozone.container.common.statemachine.commandhandler.ClosePipelineCommandHandler.handle(ClosePipelineCommandHandler.java:74)
	at org.apache.hadoop.ozone.container.common.statemachine.commandhandler.CommandDispatcher.handle(CommandDispatcher.java:99)
	at org.apache.hadoop.ozone.container.common.statemachine.DatanodeStateMachine.lambda$initCommandHandlerThread$2(DatanodeStateMachine.java:506)
	at java.lang.Thread.run(Thread.java:748)
Caused by: org.apache.ratis.protocol.exceptions.GroupMismatchException: 68d4f79f-8ed5-4598-b947-57f9bc979c0e: Group group-76E48770978D not found.
	at org.apache.ratis.server.impl.RaftServerProxy.groupRemoveAsync(RaftServerProxy.java:504)
	at org.apache.ratis.server.impl.RaftServerProxy.groupManagementAsync(RaftServerProxy.java:460)
	at org.apache.ratis.server.impl.RaftServerProxy.groupManagement(RaftServerProxy.java:440)
	at org.apache.hadoop.ozone.container.common.transport.server.ratis.XceiverServerRatis.removeGroup(XceiverServerRatis.java:824)
	... 4 more
2021-05-19 07:42:57,776 [Command processor thread] WARN  server.RaftServer (RaftServerProxy.java:remove(101)) - 68d4f79f-8ed5-4598-b947-57f9bc979c0e: does not contain group: group-DECE5BE019F2
2021-05-19 07:42:57,776 [Command processor thread] ERROR commandhandler.ClosePipelineCommandHandler (ClosePipelineCommandHandler.java:handle(78)) - Can't close pipeline PipelineID=da74cb76-52a2-4b5c-bce9-dece5be019f2
java.io.IOException: 68d4f79f-8ed5-4598-b947-57f9bc979c0e: Group group-DECE5BE019F2 not found.
	at org.apache.hadoop.ozone.container.common.transport.server.ratis.XceiverServerRatis.removeGroup(XceiverServerRatis.java:826)
	at org.apache.hadoop.ozone.container.common.statemachine.commandhandler.ClosePipelineCommandHandler.handle(ClosePipelineCommandHandler.java:74)
	at org.apache.hadoop.ozone.container.common.statemachine.commandhandler.CommandDispatcher.handle(CommandDispatcher.java:99)
	at org.apache.hadoop.ozone.container.common.statemachine.DatanodeStateMachine.lambda$initCommandHandlerThread$2(DatanodeStateMachine.java:506)
	at java.lang.Thread.run(Thread.java:748)
Caused by: org.apache.ratis.protocol.exceptions.GroupMismatchException: 68d4f79f-8ed5-4598-b947-57f9bc979c0e: Group group-DECE5BE019F2 not found.
	at org.apache.ratis.server.impl.RaftServerProxy.groupRemoveAsync(RaftServerProxy.java:504)
	at org.apache.ratis.server.impl.RaftServerProxy.groupManagementAsync(RaftServerProxy.java:460)
	at org.apache.ratis.server.impl.RaftServerProxy.groupManagement(RaftServerProxy.java:440)
	at org.apache.hadoop.ozone.container.common.transport.server.ratis.XceiverServerRatis.removeGroup(XceiverServerRatis.java:824)
	... 4 more
2021-05-19 07:42:57,776 [Command processor thread] INFO  server.RaftServer (RaftServerProxy.java:addNew(95)) - 68d4f79f-8ed5-4598-b947-57f9bc979c0e: addNew group-62F890F27B82:[b054e63b-a418-439f-9265-0225a71f074a|rpc:172.17.0.2:34287|priority:0, 68d4f79f-8ed5-4598-b947-57f9bc979c0e|rpc:172.17.0.2:42729|priority:1, 8e81be81-8cf3-4cb2-af1f-2c1c9bc19b0e|rpc:172.17.0.2:41855|priority:0] returns group-62F890F27B82:java.util.concurrent.CompletableFuture@63a305b7[Not completed]
2021-05-19 07:42:57,776 [pool-339-thread-1] INFO  server.RaftServerConfigKeys (ConfUtils.java:logGet(44)) - raft.server.snapshot.auto.trigger.enabled = true (custom)
2021-05-19 07:42:57,776 [pool-339-thread-1] INFO  server.RaftServerConfigKeys (ConfUtils.java:logGet(44)) - raft.server.snapshot.auto.trigger.threshold = 10000 (custom)
2021-05-19 07:42:57,776 [pool-339-thread-1] INFO  server.RaftServerConfigKeys (ConfUtils.java:logGet(44)) - raft.server.snapshot.retention.file.num = 5 (custom)
2021-05-19 07:42:57,776 [pool-339-thread-1] INFO  server.RaftServerConfigKeys (ConfUtils.java:logGet(44)) - raft.server.log.purge.upto.snapshot.index = false (default)
2021-05-19 07:42:57,776 [pool-339-thread-1] INFO  server.RaftServerConfigKeys (ConfUtils.java:logGet(44)) - raft.server.retrycache.expirytime = 600000ms (custom)
2021-05-19 07:42:57,776 [pool-339-thread-1] INFO  server.RaftServerConfigKeys (ConfUtils.java:logGet(44)) - raft.server.retrycache.statistics.expirytime = 100?s (default)
2021-05-19 07:42:57,776 [pool-231-thread-1] INFO  server.RaftServer$Division (RaftServerImpl.java:<init>(180)) - 68d4f79f-8ed5-4598-b947-57f9bc979c0e: new RaftServerImpl for group-62F890F27B82:[b054e63b-a418-439f-9265-0225a71f074a|rpc:172.17.0.2:34287|priority:0, 68d4f79f-8ed5-4598-b947-57f9bc979c0e|rpc:172.17.0.2:42729|priority:1, 8e81be81-8cf3-4cb2-af1f-2c1c9bc19b0e|rpc:172.17.0.2:41855|priority:0] with ContainerStateMachine:uninitialized
2021-05-19 07:42:57,776 [pool-339-thread-1] INFO  metrics.RatisMetrics (RatisMetrics.java:lambda$create$0(36)) - Creating Metrics Registry : ratis.leader_election.b054e63b-a418-439f-9265-0225a71f074a@group-62F890F27B82
2021-05-19 07:42:57,777 [pool-231-thread-1] INFO  server.RaftServerConfigKeys (ConfUtils.java:logGet(44)) - raft.server.rpc.timeout.min = 5s (custom)
2021-05-19 07:42:57,777 [pool-231-thread-1] INFO  server.RaftServerConfigKeys (ConfUtils.java:logGet(44)) - raft.server.rpc.timeout.max = 5200ms (custom)
2021-05-19 07:42:57,777 [pool-231-thread-1] INFO  server.RaftServerConfigKeys (ConfUtils.java:logGet(44)) - raft.server.rpc.sleep.time = 25ms (default)
2021-05-19 07:42:57,777 [pool-231-thread-1] INFO  server.RaftServerConfigKeys (ConfUtils.java:logGet(44)) - raft.server.rpc.slowness.timeout = 300000ms (custom)
2021-05-19 07:42:57,777 [pool-231-thread-1] INFO  server.RaftServerConfigKeys (ConfUtils.java:logGet(44)) - raft.server.leaderelection.leader.step-down.wait-time = 10s (default)
2021-05-19 07:42:57,777 [pool-231-thread-1] INFO  server.RaftServerConfigKeys (ConfUtils.java:logGet(44)) - raft.server.sleep.deviation.threshold = 300ms (default)
2021-05-19 07:42:57,777 [pool-231-thread-1] INFO  server.RaftServerConfigKeys (ConfUtils.java:logGet(44)) - raft.server.log.appender.install.snapshot.enabled = false (custom)
2021-05-19 07:42:57,777 [pool-231-thread-1] INFO  server.RaftServer$Division (ServerState.java:<init>(105)) - 68d4f79f-8ed5-4598-b947-57f9bc979c0e@group-62F890F27B82: ConfigurationManager, init=-1: [b054e63b-a418-439f-9265-0225a71f074a|rpc:172.17.0.2:34287|priority:0, 68d4f79f-8ed5-4598-b947-57f9bc979c0e|rpc:172.17.0.2:42729|priority:1, 8e81be81-8cf3-4cb2-af1f-2c1c9bc19b0e|rpc:172.17.0.2:41855|priority:0], old=null, confs=<EMPTY_MAP>
2021-05-19 07:42:57,777 [pool-231-thread-1] INFO  server.RaftServerConfigKeys (ConfUtils.java:logGet(44)) - raft.server.storage.dir = [/github/workspace/mnt/ozone/hadoop-ozone/integration-test/target/test-dir/MiniOzoneClusterImpl-952c9dfc-8967-4523-b06f-60d3bd5de2bf/datanode-0/data/ratis] (custom)
2021-05-19 07:42:57,777 [pool-231-thread-1] INFO  server.RaftServerConfigKeys (ConfUtils.java:logGet(44)) - raft.server.log.corruption.policy = EXCEPTION (default)
2021-05-19 07:42:57,777 [pool-231-thread-1] INFO  storage.RaftStorageDirectory (RaftStorageDirectoryImpl.java:analyzeStorage(132)) - The storage directory /github/workspace/mnt/ozone/hadoop-ozone/integration-test/target/test-dir/MiniOzoneClusterImpl-952c9dfc-8967-4523-b06f-60d3bd5de2bf/datanode-0/data/ratis/415703f1-9a52-42fb-9a9c-62f890f27b82 does not exist. Creating ...
2021-05-19 07:42:57,777 [pool-371-thread-1] INFO  server.RaftServer$Division (RaftServerImpl.java:start(295)) - a14714da-c87c-4361-b393-7e96cf422ed7@group-248D4D37A09F: start as a follower, conf=-1: [a14714da-c87c-4361-b393-7e96cf422ed7|rpc:172.17.0.2:45547|priority:0, b054e63b-a418-439f-9265-0225a71f074a|rpc:172.17.0.2:34287|priority:1, 68d4f79f-8ed5-4598-b947-57f9bc979c0e|rpc:172.17.0.2:42729|priority:0], old=null
2021-05-19 07:42:57,778 [pool-371-thread-1] INFO  server.RaftServer$Division (RaftServerImpl.java:setRole(284)) - a14714da-c87c-4361-b393-7e96cf422ed7@group-248D4D37A09F: changes role from      null to FOLLOWER at term 0 for startAsFollower
2021-05-19 07:42:57,778 [pool-371-thread-1] INFO  impl.RoleInfo (RoleInfo.java:updateAndGet(130)) - a14714da-c87c-4361-b393-7e96cf422ed7: start a14714da-c87c-4361-b393-7e96cf422ed7@group-248D4D37A09F-FollowerState
2021-05-19 07:42:57,778 [pool-339-thread-1] INFO  metrics.RatisMetrics (RatisMetrics.java:lambda$create$0(36)) - Creating Metrics Registry : ratis.server.b054e63b-a418-439f-9265-0225a71f074a@group-62F890F27B82
2021-05-19 07:42:57,778 [pool-231-thread-1] INFO  storage.RaftStorageDirectory (RaftStorageDirectoryImpl.java:tryLock(215)) - Lock on /github/workspace/mnt/ozone/hadoop-ozone/integration-test/target/test-dir/MiniOzoneClusterImpl-952c9dfc-8967-4523-b06f-60d3bd5de2bf/datanode-0/data/ratis/415703f1-9a52-42fb-9a9c-62f890f27b82/in_use.lock acquired by nodename 16447@3974e5c036b4
2021-05-19 07:42:57,779 [pool-339-thread-1] INFO  server.RaftServer$Division (RaftServerImpl.java:start(295)) - b054e63b-a418-439f-9265-0225a71f074a@group-62F890F27B82: start as a follower, conf=-1: [b054e63b-a418-439f-9265-0225a71f074a|rpc:172.17.0.2:34287|priority:0, 68d4f79f-8ed5-4598-b947-57f9bc979c0e|rpc:172.17.0.2:42729|priority:1, 8e81be81-8cf3-4cb2-af1f-2c1c9bc19b0e|rpc:172.17.0.2:41855|priority:0], old=null
2021-05-19 07:42:57,779 [pool-231-thread-1] INFO  storage.RaftStorage (RaftStorageImpl.java:format(87)) - Storage directory /github/workspace/mnt/ozone/hadoop-ozone/integration-test/target/test-dir/MiniOzoneClusterImpl-952c9dfc-8967-4523-b06f-60d3bd5de2bf/datanode-0/data/ratis/415703f1-9a52-42fb-9a9c-62f890f27b82 has been successfully formatted.
2021-05-19 07:42:57,779 [pool-231-thread-1] INFO  ratis.ContainerStateMachine (ContainerStateMachine.java:loadSnapshot(224)) - group-62F890F27B82: The snapshot info is null. Setting the last applied indexto:(t:0, i:~)
2021-05-19 07:42:57,779 [pool-231-thread-1] INFO  server.RaftServerConfigKeys (ConfUtils.java:logGet(44)) - raft.server.notification.no-leader.timeout = 300000ms (custom)
2021-05-19 07:42:57,779 [pool-231-thread-1] INFO  server.RaftServerConfigKeys (ConfUtils.java:logGet(44)) - raft.server.log.use.memory = false (default)
2021-05-19 07:42:57,779 [pool-231-thread-1] INFO  server.RaftServerConfigKeys (ConfUtils.java:logGet(44)) - raft.server.log.purge.gap = 1000000 (custom)
2021-05-19 07:42:57,779 [pool-231-thread-1] INFO  server.RaftServerConfigKeys (ConfUtils.java:logGet(44)) - raft.server.log.appender.buffer.byte-limit = 33554432 (custom)
2021-05-19 07:42:57,780 [pool-231-thread-1] INFO  metrics.RatisMetrics (RatisMetrics.java:lambda$create$0(36)) - Creating Metrics Registry : ratis.log_worker.68d4f79f-8ed5-4598-b947-57f9bc979c0e@group-62F890F27B82
2021-05-19 07:42:57,780 [pool-231-thread-1] INFO  server.RaftServerConfigKeys (ConfUtils.java:logGet(44)) - raft.server.log.segment.size.max = 1048576 (custom)
2021-05-19 07:42:57,780 [pool-231-thread-1] INFO  server.RaftServerConfigKeys (ConfUtils.java:logGet(44)) - raft.server.log.segment.cache.num.max = 2 (custom)
2021-05-19 07:42:57,780 [pool-231-thread-1] INFO  server.RaftServerConfigKeys (ConfUtils.java:logGet(44)) - raft.server.log.segment.cache.size.max = 200MB (=209715200) (default)
2021-05-19 07:42:57,780 [pool-231-thread-1] INFO  segmented.SegmentedRaftLogWorker (SegmentedRaftLogWorker.java:<init>(182)) - new 68d4f79f-8ed5-4598-b947-57f9bc979c0e@group-62F890F27B82-SegmentedRaftLogWorker for RaftStorageImpl:Storage Directory /github/workspace/mnt/ozone/hadoop-ozone/integration-test/target/test-dir/MiniOzoneClusterImpl-952c9dfc-8967-4523-b06f-60d3bd5de2bf/datanode-0/data/ratis/415703f1-9a52-42fb-9a9c-62f890f27b82
2021-05-19 07:42:57,780 [pool-231-thread-1] INFO  server.RaftServerConfigKeys (ConfUtils.java:logGet(44)) - raft.server.log.queue.byte-limit = 2147483647 (custom)
2021-05-19 07:42:57,780 [pool-231-thread-1] INFO  server.RaftServerConfigKeys (ConfUtils.java:logGet(44)) - raft.server.log.queue.element-limit = 1024 (custom)
2021-05-19 07:42:57,780 [pool-231-thread-1] INFO  server.RaftServerConfigKeys (ConfUtils.java:logGet(44)) - raft.server.log.segment.size.max = 1048576 (custom)
2021-05-19 07:42:57,780 [pool-231-thread-1] INFO  server.RaftServerConfigKeys (ConfUtils.java:logGet(44)) - raft.server.log.preallocated.size = 16384 (custom)
2021-05-19 07:42:57,780 [pool-231-thread-1] INFO  server.RaftServerConfigKeys (ConfUtils.java:logGet(44)) - raft.server.log.force.sync.num = 128 (default)
2021-05-19 07:42:57,780 [pool-231-thread-1] INFO  server.RaftServerConfigKeys (ConfUtils.java:logGet(44)) - raft.server.log.statemachine.data.sync = true (default)
2021-05-19 07:42:57,781 [pool-231-thread-1] INFO  server.RaftServerConfigKeys (ConfUtils.java:logGet(44)) - raft.server.log.statemachine.data.sync.timeout = 10s (default)
2021-05-19 07:42:57,781 [pool-231-thread-1] INFO  server.RaftServerConfigKeys (ConfUtils.java:logGet(44)) - raft.server.log.statemachine.data.sync.timeout.retry = -1 (default)
2021-05-19 07:42:57,781 [pool-231-thread-1] INFO  server.RaftServerConfigKeys (ConfUtils.java:logGet(44)) - raft.server.log.write.buffer.size = 1048576 (custom)
2021-05-19 07:42:57,782 [pool-231-thread-1] INFO  server.RaftServerConfigKeys (ConfUtils.java:logGet(44)) - raft.server.log.statemachine.data.caching.enabled = true (custom)
2021-05-19 07:42:57,779 [pool-339-thread-1] INFO  server.RaftServer$Division (RaftServerImpl.java:setRole(284)) - b054e63b-a418-439f-9265-0225a71f074a@group-62F890F27B82: changes role from      null to FOLLOWER at term 0 for startAsFollower
2021-05-19 07:42:57,782 [pool-231-thread-1] INFO  segmented.SegmentedRaftLogWorker (SegmentedRaftLogWorker.java:lambda$new$0(133)) - 68d4f79f-8ed5-4598-b947-57f9bc979c0e@group-62F890F27B82-SegmentedRaftLogWorker: flushIndex: setUnconditionally 0 -> -1
2021-05-19 07:42:57,782 [pool-231-thread-1] INFO  segmented.SegmentedRaftLogWorker (SegmentedRaftLogWorker.java:lambda$new$0(133)) - 68d4f79f-8ed5-4598-b947-57f9bc979c0e@group-62F890F27B82-SegmentedRaftLogWorker: safeCacheEvictIndex: setUnconditionally 0 -> -1
2021-05-19 07:42:57,779 [pool-371-thread-1] INFO  util.JmxRegister (JmxRegister.java:tryRegister(44)) - Successfully registered JMX Bean with object name Ratis:service=RaftServer,group=group-248D4D37A09F,id=a14714da-c87c-4361-b393-7e96cf422ed7
2021-05-19 07:42:57,782 [pool-339-thread-1] INFO  impl.RoleInfo (RoleInfo.java:updateAndGet(130)) - b054e63b-a418-439f-9265-0225a71f074a: start b054e63b-a418-439f-9265-0225a71f074a@group-62F890F27B82-FollowerState
2021-05-19 07:42:57,782 [pool-371-thread-1] INFO  metrics.RatisMetrics (RatisMetrics.java:lambda$create$0(36)) - Creating Metrics Registry : ratis.state_machine.a14714da-c87c-4361-b393-7e96cf422ed7@group-248D4D37A09F
2021-05-19 07:42:57,783 [pool-231-thread-1] INFO  server.RaftServerConfigKeys (ConfUtils.java:logGet(44)) - raft.server.snapshot.auto.trigger.enabled = true (custom)
2021-05-19 07:42:57,783 [pool-231-thread-1] INFO  server.RaftServerConfigKeys (ConfUtils.java:logGet(44)) - raft.server.snapshot.auto.trigger.threshold = 10000 (custom)
2021-05-19 07:42:57,783 [pool-231-thread-1] INFO  server.RaftServerConfigKeys (ConfUtils.java:logGet(44)) - raft.server.snapshot.retention.file.num = 5 (custom)
2021-05-19 07:42:57,783 [pool-231-thread-1] INFO  server.RaftServerConfigKeys (ConfUtils.java:logGet(44)) - raft.server.log.purge.upto.snapshot.index = false (default)
2021-05-19 07:42:57,783 [pool-231-thread-1] INFO  server.RaftServerConfigKeys (ConfUtils.java:logGet(44)) - raft.server.retrycache.expirytime = 600000ms (custom)
2021-05-19 07:42:57,783 [pool-231-thread-1] INFO  server.RaftServerConfigKeys (ConfUtils.java:logGet(44)) - raft.server.retrycache.statistics.expirytime = 100?s (default)
2021-05-19 07:42:57,783 [pool-231-thread-1] INFO  metrics.RatisMetrics (RatisMetrics.java:lambda$create$0(36)) - Creating Metrics Registry : ratis.leader_election.68d4f79f-8ed5-4598-b947-57f9bc979c0e@group-62F890F27B82
2021-05-19 07:42:57,783 [pool-231-thread-1] INFO  metrics.RatisMetrics (RatisMetrics.java:lambda$create$0(36)) - Creating Metrics Registry : ratis.server.68d4f79f-8ed5-4598-b947-57f9bc979c0e@group-62F890F27B82
2021-05-19 07:42:57,784 [pool-231-thread-1] INFO  server.RaftServer$Division (RaftServerImpl.java:start(295)) - 68d4f79f-8ed5-4598-b947-57f9bc979c0e@group-62F890F27B82: start as a follower, conf=-1: [b054e63b-a418-439f-9265-0225a71f074a|rpc:172.17.0.2:34287|priority:0, 68d4f79f-8ed5-4598-b947-57f9bc979c0e|rpc:172.17.0.2:42729|priority:1, 8e81be81-8cf3-4cb2-af1f-2c1c9bc19b0e|rpc:172.17.0.2:41855|priority:0], old=null
2021-05-19 07:42:57,784 [pool-231-thread-1] INFO  server.RaftServer$Division (RaftServerImpl.java:setRole(284)) - 68d4f79f-8ed5-4598-b947-57f9bc979c0e@group-62F890F27B82: changes role from      null to FOLLOWER at term 0 for startAsFollower
2021-05-19 07:42:57,784 [pool-231-thread-1] INFO  impl.RoleInfo (RoleInfo.java:updateAndGet(130)) - 68d4f79f-8ed5-4598-b947-57f9bc979c0e: start 68d4f79f-8ed5-4598-b947-57f9bc979c0e@group-62F890F27B82-FollowerState
2021-05-19 07:42:57,784 [pool-231-thread-1] INFO  util.JmxRegister (JmxRegister.java:tryRegister(44)) - Successfully registered JMX Bean with object name Ratis:service=RaftServer,group=group-62F890F27B82,id=68d4f79f-8ed5-4598-b947-57f9bc979c0e
2021-05-19 07:42:57,784 [pool-231-thread-1] INFO  metrics.RatisMetrics (RatisMetrics.java:lambda$create$0(36)) - Creating Metrics Registry : ratis.state_machine.68d4f79f-8ed5-4598-b947-57f9bc979c0e@group-62F890F27B82
2021-05-19 07:42:57,785 [Command processor thread] INFO  ratis.XceiverServerRatis (XceiverServerRatis.java:addGroup(808)) - Created group PipelineID=80f8b59d-e8b1-4475-8a3c-248d4d37a09f
2021-05-19 07:42:57,785 [Command processor thread] INFO  metrics.RatisMetrics (RatisMetrics.java:lambda$create$0(36)) - Creating Metrics Registry : ratis.client_message_metrics.client-BFE9EA1724A0->68d4f79f-8ed5-4598-b947-57f9bc979c0e
2021-05-19 07:42:57,786 [pool-339-thread-1] INFO  util.JmxRegister (JmxRegister.java:tryRegister(44)) - Successfully registered JMX Bean with object name Ratis:service=RaftServer,group=group-62F890F27B82,id=b054e63b-a418-439f-9265-0225a71f074a
2021-05-19 07:42:57,786 [pool-339-thread-1] INFO  metrics.RatisMetrics (RatisMetrics.java:lambda$create$0(36)) - Creating Metrics Registry : ratis.state_machine.b054e63b-a418-439f-9265-0225a71f074a@group-62F890F27B82
2021-05-19 07:42:57,788 [Command processor thread] INFO  ratis.XceiverServerRatis (XceiverServerRatis.java:addGroup(808)) - Created group PipelineID=415703f1-9a52-42fb-9a9c-62f890f27b82
2021-05-19 07:42:57,788 [Command processor thread] INFO  metrics.RatisMetrics (RatisMetrics.java:lambda$create$0(36)) - Creating Metrics Registry : ratis.client_message_metrics.client-4F2176E4328F->68d4f79f-8ed5-4598-b947-57f9bc979c0e
2021-05-19 07:42:57,790 [Command processor thread] INFO  ratis.XceiverServerRatis (XceiverServerRatis.java:addGroup(808)) - Created group PipelineID=415703f1-9a52-42fb-9a9c-62f890f27b82
2021-05-19 07:42:57,791 [Command processor thread] INFO  metrics.RatisMetrics (RatisMetrics.java:lambda$create$0(36)) - Creating Metrics Registry : ratis.client_message_metrics.client-7A37D734375F->8e81be81-8cf3-4cb2-af1f-2c1c9bc19b0e
2021-05-19 07:42:57,797 [grpc-default-executor-5] INFO  server.RaftServer (RaftServerProxy.java:addNew(95)) - 68d4f79f-8ed5-4598-b947-57f9bc979c0e: addNew group-248D4D37A09F:[a14714da-c87c-4361-b393-7e96cf422ed7|rpc:172.17.0.2:45547|dataStream:|priority:0, b054e63b-a418-439f-9265-0225a71f074a|rpc:172.17.0.2:34287|dataStream:|priority:1, 68d4f79f-8ed5-4598-b947-57f9bc979c0e|rpc:172.17.0.2:42729|dataStream:|priority:0] returns group-248D4D37A09F:java.util.concurrent.CompletableFuture@46aefa32[Not completed]
2021-05-19 07:42:57,797 [pool-231-thread-1] INFO  server.RaftServer$Division (RaftServerImpl.java:<init>(180)) - 68d4f79f-8ed5-4598-b947-57f9bc979c0e: new RaftServerImpl for group-248D4D37A09F:[a14714da-c87c-4361-b393-7e96cf422ed7|rpc:172.17.0.2:45547|dataStream:|priority:0, b054e63b-a418-439f-9265-0225a71f074a|rpc:172.17.0.2:34287|dataStream:|priority:1, 68d4f79f-8ed5-4598-b947-57f9bc979c0e|rpc:172.17.0.2:42729|dataStream:|priority:0] with ContainerStateMachine:uninitialized
2021-05-19 07:42:57,797 [pool-231-thread-1] INFO  server.RaftServerConfigKeys (ConfUtils.java:logGet(44)) - raft.server.rpc.timeout.min = 5s (custom)
2021-05-19 07:42:57,797 [pool-231-thread-1] INFO  server.RaftServerConfigKeys (ConfUtils.java:logGet(44)) - raft.server.rpc.timeout.max = 5200ms (custom)
2021-05-19 07:42:57,797 [pool-231-thread-1] INFO  server.RaftServerConfigKeys (ConfUtils.java:logGet(44)) - raft.server.rpc.sleep.time = 25ms (default)
2021-05-19 07:42:57,797 [pool-231-thread-1] INFO  server.RaftServerConfigKeys (ConfUtils.java:logGet(44)) - raft.server.rpc.slowness.timeout = 300000ms (custom)
2021-05-19 07:42:57,797 [pool-231-thread-1] INFO  server.RaftServerConfigKeys (ConfUtils.java:logGet(44)) - raft.server.leaderelection.leader.step-down.wait-time = 10s (default)
2021-05-19 07:42:57,797 [pool-231-thread-1] INFO  server.RaftServerConfigKeys (ConfUtils.java:logGet(44)) - raft.server.sleep.deviation.threshold = 300ms (default)
2021-05-19 07:42:57,797 [grpc-default-executor-5] INFO  server.RaftServer (RaftServerProxy.java:addNew(95)) - 8e81be81-8cf3-4cb2-af1f-2c1c9bc19b0e: addNew group-62F890F27B82:[b054e63b-a418-439f-9265-0225a71f074a|rpc:172.17.0.2:34287|dataStream:|priority:0, 68d4f79f-8ed5-4598-b947-57f9bc979c0e|rpc:172.17.0.2:42729|dataStream:|priority:1, 8e81be81-8cf3-4cb2-af1f-2c1c9bc19b0e|rpc:172.17.0.2:41855|dataStream:|priority:0] returns group-62F890F27B82:java.util.concurrent.CompletableFuture@2d0fdd45[Not completed]
2021-05-19 07:42:57,798 [pool-249-thread-1] INFO  server.RaftServer$Division (RaftServerImpl.java:<init>(180)) - 8e81be81-8cf3-4cb2-af1f-2c1c9bc19b0e: new RaftServerImpl for group-62F890F27B82:[b054e63b-a418-439f-9265-0225a71f074a|rpc:172.17.0.2:34287|dataStream:|priority:0, 68d4f79f-8ed5-4598-b947-57f9bc979c0e|rpc:172.17.0.2:42729|dataStream:|priority:1, 8e81be81-8cf3-4cb2-af1f-2c1c9bc19b0e|rpc:172.17.0.2:41855|dataStream:|priority:0] with ContainerStateMachine:uninitialized
2021-05-19 07:42:57,798 [pool-249-thread-1] INFO  server.RaftServerConfigKeys (ConfUtils.java:logGet(44)) - raft.server.rpc.timeout.min = 5s (custom)
2021-05-19 07:42:57,798 [pool-249-thread-1] INFO  server.RaftServerConfigKeys (ConfUtils.java:logGet(44)) - raft.server.rpc.timeout.max = 5200ms (custom)
2021-05-19 07:42:57,798 [pool-249-thread-1] INFO  server.RaftServerConfigKeys (ConfUtils.java:logGet(44)) - raft.server.rpc.sleep.time = 25ms (default)
2021-05-19 07:42:57,798 [pool-249-thread-1] INFO  server.RaftServerConfigKeys (ConfUtils.java:logGet(44)) - raft.server.rpc.slowness.timeout = 300000ms (custom)
2021-05-19 07:42:57,798 [pool-249-thread-1] INFO  server.RaftServerConfigKeys (ConfUtils.java:logGet(44)) - raft.server.leaderelection.leader.step-down.wait-time = 10s (default)
2021-05-19 07:42:57,798 [pool-249-thread-1] INFO  server.RaftServerConfigKeys (ConfUtils.java:logGet(44)) - raft.server.sleep.deviation.threshold = 300ms (default)
2021-05-19 07:42:57,798 [pool-249-thread-1] INFO  server.RaftServerConfigKeys (ConfUtils.java:logGet(44)) - raft.server.log.appender.install.snapshot.enabled = false (custom)
2021-05-19 07:42:57,798 [pool-249-thread-1] INFO  server.RaftServer$Division (ServerState.java:<init>(105)) - 8e81be81-8cf3-4cb2-af1f-2c1c9bc19b0e@group-62F890F27B82: ConfigurationManager, init=-1: [b054e63b-a418-439f-9265-0225a71f074a|rpc:172.17.0.2:34287|dataStream:|priority:0, 68d4f79f-8ed5-4598-b947-57f9bc979c0e|rpc:172.17.0.2:42729|dataStream:|priority:1, 8e81be81-8cf3-4cb2-af1f-2c1c9bc19b0e|rpc:172.17.0.2:41855|dataStream:|priority:0], old=null, confs=<EMPTY_MAP>
2021-05-19 07:42:57,798 [pool-249-thread-1] INFO  server.RaftServerConfigKeys (ConfUtils.java:logGet(44)) - raft.server.storage.dir = [/github/workspace/mnt/ozone/hadoop-ozone/integration-test/target/test-dir/MiniOzoneClusterImpl-952c9dfc-8967-4523-b06f-60d3bd5de2bf/datanode-1/data/ratis] (custom)
2021-05-19 07:42:57,798 [pool-249-thread-1] INFO  server.RaftServerConfigKeys (ConfUtils.java:logGet(44)) - raft.server.log.corruption.policy = EXCEPTION (default)
2021-05-19 07:42:57,799 [pool-249-thread-1] INFO  storage.RaftStorageDirectory (RaftStorageDirectoryImpl.java:analyzeStorage(132)) - The storage directory /github/workspace/mnt/ozone/hadoop-ozone/integration-test/target/test-dir/MiniOzoneClusterImpl-952c9dfc-8967-4523-b06f-60d3bd5de2bf/datanode-1/data/ratis/415703f1-9a52-42fb-9a9c-62f890f27b82 does not exist. Creating ...
2021-05-19 07:42:57,797 [pool-231-thread-1] INFO  server.RaftServerConfigKeys (ConfUtils.java:logGet(44)) - raft.server.log.appender.install.snapshot.enabled = false (custom)
2021-05-19 07:42:57,799 [pool-231-thread-1] INFO  server.RaftServer$Division (ServerState.java:<init>(105)) - 68d4f79f-8ed5-4598-b947-57f9bc979c0e@group-248D4D37A09F: ConfigurationManager, init=-1: [a14714da-c87c-4361-b393-7e96cf422ed7|rpc:172.17.0.2:45547|dataStream:|priority:0, b054e63b-a418-439f-9265-0225a71f074a|rpc:172.17.0.2:34287|dataStream:|priority:1, 68d4f79f-8ed5-4598-b947-57f9bc979c0e|rpc:172.17.0.2:42729|dataStream:|priority:0], old=null, confs=<EMPTY_MAP>
2021-05-19 07:42:57,799 [pool-231-thread-1] INFO  server.RaftServerConfigKeys (ConfUtils.java:logGet(44)) - raft.server.storage.dir = [/github/workspace/mnt/ozone/hadoop-ozone/integration-test/target/test-dir/MiniOzoneClusterImpl-952c9dfc-8967-4523-b06f-60d3bd5de2bf/datanode-0/data/ratis] (custom)
2021-05-19 07:42:57,799 [pool-231-thread-1] INFO  server.RaftServerConfigKeys (ConfUtils.java:logGet(44)) - raft.server.log.corruption.policy = EXCEPTION (default)
2021-05-19 07:42:57,799 [pool-231-thread-1] INFO  storage.RaftStorageDirectory (RaftStorageDirectoryImpl.java:analyzeStorage(132)) - The storage directory /github/workspace/mnt/ozone/hadoop-ozone/integration-test/target/test-dir/MiniOzoneClusterImpl-952c9dfc-8967-4523-b06f-60d3bd5de2bf/datanode-0/data/ratis/80f8b59d-e8b1-4475-8a3c-248d4d37a09f does not exist. Creating ...
2021-05-19 07:42:57,800 [pool-249-thread-1] INFO  storage.RaftStorageDirectory (RaftStorageDirectoryImpl.java:tryLock(215)) - Lock on /github/workspace/mnt/ozone/hadoop-ozone/integration-test/target/test-dir/MiniOzoneClusterImpl-952c9dfc-8967-4523-b06f-60d3bd5de2bf/datanode-1/data/ratis/415703f1-9a52-42fb-9a9c-62f890f27b82/in_use.lock acquired by nodename 16447@3974e5c036b4
2021-05-19 07:42:57,800 [pool-231-thread-1] INFO  storage.RaftStorageDirectory (RaftStorageDirectoryImpl.java:tryLock(215)) - Lock on /github/workspace/mnt/ozone/hadoop-ozone/integration-test/target/test-dir/MiniOzoneClusterImpl-952c9dfc-8967-4523-b06f-60d3bd5de2bf/datanode-0/data/ratis/80f8b59d-e8b1-4475-8a3c-248d4d37a09f/in_use.lock acquired by nodename 16447@3974e5c036b4
2021-05-19 07:42:57,801 [pool-249-thread-1] INFO  storage.RaftStorage (RaftStorageImpl.java:format(87)) - Storage directory /github/workspace/mnt/ozone/hadoop-ozone/integration-test/target/test-dir/MiniOzoneClusterImpl-952c9dfc-8967-4523-b06f-60d3bd5de2bf/datanode-1/data/ratis/415703f1-9a52-42fb-9a9c-62f890f27b82 has been successfully formatted.
2021-05-19 07:42:57,801 [pool-231-thread-1] INFO  storage.RaftStorage (RaftStorageImpl.java:format(87)) - Storage directory /github/workspace/mnt/ozone/hadoop-ozone/integration-test/target/test-dir/MiniOzoneClusterImpl-952c9dfc-8967-4523-b06f-60d3bd5de2bf/datanode-0/data/ratis/80f8b59d-e8b1-4475-8a3c-248d4d37a09f has been successfully formatted.
2021-05-19 07:42:57,803 [pool-231-thread-1] INFO  ratis.ContainerStateMachine (ContainerStateMachine.java:loadSnapshot(224)) - group-248D4D37A09F: The snapshot info is null. Setting the last applied indexto:(t:0, i:~)
2021-05-19 07:42:57,803 [pool-249-thread-1] INFO  ratis.ContainerStateMachine (ContainerStateMachine.java:loadSnapshot(224)) - group-62F890F27B82: The snapshot info is null. Setting the last applied indexto:(t:0, i:~)
2021-05-19 07:42:57,803 [pool-249-thread-1] INFO  server.RaftServerConfigKeys (ConfUtils.java:logGet(44)) - raft.server.notification.no-leader.timeout = 300000ms (custom)
2021-05-19 07:42:57,803 [pool-249-thread-1] INFO  server.RaftServerConfigKeys (ConfUtils.java:logGet(44)) - raft.server.log.use.memory = false (default)
2021-05-19 07:42:57,803 [pool-249-thread-1] INFO  server.RaftServerConfigKeys (ConfUtils.java:logGet(44)) - raft.server.log.purge.gap = 1000000 (custom)
2021-05-19 07:42:57,803 [pool-249-thread-1] INFO  server.RaftServerConfigKeys (ConfUtils.java:logGet(44)) - raft.server.log.appender.buffer.byte-limit = 33554432 (custom)
2021-05-19 07:42:57,803 [pool-249-thread-1] INFO  metrics.RatisMetrics (RatisMetrics.java:lambda$create$0(36)) - Creating Metrics Registry : ratis.log_worker.8e81be81-8cf3-4cb2-af1f-2c1c9bc19b0e@group-62F890F27B82
2021-05-19 07:42:57,804 [pool-249-thread-1] INFO  server.RaftServerConfigKeys (ConfUtils.java:logGet(44)) - raft.server.log.segment.size.max = 1048576 (custom)
2021-05-19 07:42:57,804 [pool-231-thread-1] INFO  server.RaftServerConfigKeys (ConfUtils.java:logGet(44)) - raft.server.notification.no-leader.timeout = 300000ms (custom)
2021-05-19 07:42:57,804 [pool-231-thread-1] INFO  server.RaftServerConfigKeys (ConfUtils.java:logGet(44)) - raft.server.log.use.memory = false (default)
2021-05-19 07:42:57,804 [pool-231-thread-1] INFO  server.RaftServerConfigKeys (ConfUtils.java:logGet(44)) - raft.server.log.purge.gap = 1000000 (custom)
2021-05-19 07:42:57,804 [pool-231-thread-1] INFO  server.RaftServerConfigKeys (ConfUtils.java:logGet(44)) - raft.server.log.appender.buffer.byte-limit = 33554432 (custom)
2021-05-19 07:42:57,804 [pool-231-thread-1] INFO  metrics.RatisMetrics (RatisMetrics.java:lambda$create$0(36)) - Creating Metrics Registry : ratis.log_worker.68d4f79f-8ed5-4598-b947-57f9bc979c0e@group-248D4D37A09F
2021-05-19 07:42:57,804 [pool-249-thread-1] INFO  server.RaftServerConfigKeys (ConfUtils.java:logGet(44)) - raft.server.log.segment.cache.num.max = 2 (custom)
2021-05-19 07:42:57,804 [pool-231-thread-1] INFO  server.RaftServerConfigKeys (ConfUtils.java:logGet(44)) - raft.server.log.segment.size.max = 1048576 (custom)
2021-05-19 07:42:57,805 [pool-249-thread-1] INFO  server.RaftServerConfigKeys (ConfUtils.java:logGet(44)) - raft.server.log.segment.cache.size.max = 200MB (=209715200) (default)
2021-05-19 07:42:57,805 [pool-249-thread-1] INFO  segmented.SegmentedRaftLogWorker (SegmentedRaftLogWorker.java:<init>(182)) - new 8e81be81-8cf3-4cb2-af1f-2c1c9bc19b0e@group-62F890F27B82-SegmentedRaftLogWorker for RaftStorageImpl:Storage Directory /github/workspace/mnt/ozone/hadoop-ozone/integration-test/target/test-dir/MiniOzoneClusterImpl-952c9dfc-8967-4523-b06f-60d3bd5de2bf/datanode-1/data/ratis/415703f1-9a52-42fb-9a9c-62f890f27b82
2021-05-19 07:42:57,805 [pool-249-thread-1] INFO  server.RaftServerConfigKeys (ConfUtils.java:logGet(44)) - raft.server.log.queue.byte-limit = 2147483647 (custom)
2021-05-19 07:42:57,805 [pool-249-thread-1] INFO  server.RaftServerConfigKeys (ConfUtils.java:logGet(44)) - raft.server.log.queue.element-limit = 1024 (custom)
2021-05-19 07:42:57,805 [pool-249-thread-1] INFO  server.RaftServerConfigKeys (ConfUtils.java:logGet(44)) - raft.server.log.segment.size.max = 1048576 (custom)
2021-05-19 07:42:57,805 [pool-249-thread-1] INFO  server.RaftServerConfigKeys (ConfUtils.java:logGet(44)) - raft.server.log.preallocated.size = 16384 (custom)
2021-05-19 07:42:57,805 [pool-249-thread-1] INFO  server.RaftServerConfigKeys (ConfUtils.java:logGet(44)) - raft.server.log.force.sync.num = 128 (default)
2021-05-19 07:42:57,805 [pool-249-thread-1] INFO  server.RaftServerConfigKeys (ConfUtils.java:logGet(44)) - raft.server.log.statemachine.data.sync = true (default)
2021-05-19 07:42:57,805 [pool-249-thread-1] INFO  server.RaftServerConfigKeys (ConfUtils.java:logGet(44)) - raft.server.log.statemachine.data.sync.timeout = 10s (default)
2021-05-19 07:42:57,805 [pool-249-thread-1] INFO  server.RaftServerConfigKeys (ConfUtils.java:logGet(44)) - raft.server.log.statemachine.data.sync.timeout.retry = -1 (default)
2021-05-19 07:42:57,807 [pool-231-thread-1] INFO  server.RaftServerConfigKeys (ConfUtils.java:logGet(44)) - raft.server.log.segment.cache.num.max = 2 (custom)
2021-05-19 07:42:57,808 [pool-231-thread-1] INFO  server.RaftServerConfigKeys (ConfUtils.java:logGet(44)) - raft.server.log.segment.cache.size.max = 200MB (=209715200) (default)
2021-05-19 07:42:57,808 [pool-231-thread-1] INFO  segmented.SegmentedRaftLogWorker (SegmentedRaftLogWorker.java:<init>(182)) - new 68d4f79f-8ed5-4598-b947-57f9bc979c0e@group-248D4D37A09F-SegmentedRaftLogWorker for RaftStorageImpl:Storage Directory /github/workspace/mnt/ozone/hadoop-ozone/integration-test/target/test-dir/MiniOzoneClusterImpl-952c9dfc-8967-4523-b06f-60d3bd5de2bf/datanode-0/data/ratis/80f8b59d-e8b1-4475-8a3c-248d4d37a09f
2021-05-19 07:42:57,808 [pool-231-thread-1] INFO  server.RaftServerConfigKeys (ConfUtils.java:logGet(44)) - raft.server.log.queue.byte-limit = 2147483647 (custom)
2021-05-19 07:42:57,808 [pool-231-thread-1] INFO  server.RaftServerConfigKeys (ConfUtils.java:logGet(44)) - raft.server.log.queue.element-limit = 1024 (custom)
2021-05-19 07:42:57,808 [pool-231-thread-1] INFO  server.RaftServerConfigKeys (ConfUtils.java:logGet(44)) - raft.server.log.segment.size.max = 1048576 (custom)
2021-05-19 07:42:57,808 [pool-231-thread-1] INFO  server.RaftServerConfigKeys (ConfUtils.java:logGet(44)) - raft.server.log.preallocated.size = 16384 (custom)
2021-05-19 07:42:57,808 [pool-231-thread-1] INFO  server.RaftServerConfigKeys (ConfUtils.java:logGet(44)) - raft.server.log.force.sync.num = 128 (default)
2021-05-19 07:42:57,808 [pool-231-thread-1] INFO  server.RaftServerConfigKeys (ConfUtils.java:logGet(44)) - raft.server.log.statemachine.data.sync = true (default)
2021-05-19 07:42:57,808 [pool-231-thread-1] INFO  server.RaftServerConfigKeys (ConfUtils.java:logGet(44)) - raft.server.log.statemachine.data.sync.timeout = 10s (default)
2021-05-19 07:42:57,808 [pool-231-thread-1] INFO  server.RaftServerConfigKeys (ConfUtils.java:logGet(44)) - raft.server.log.statemachine.data.sync.timeout.retry = -1 (default)
2021-05-19 07:42:57,810 [pool-249-thread-1] INFO  server.RaftServerConfigKeys (ConfUtils.java:logGet(44)) - raft.server.log.write.buffer.size = 1048576 (custom)
2021-05-19 07:42:57,811 [pool-249-thread-1] INFO  server.RaftServerConfigKeys (ConfUtils.java:logGet(44)) - raft.server.log.statemachine.data.caching.enabled = true (custom)
2021-05-19 07:42:57,811 [pool-249-thread-1] INFO  segmented.SegmentedRaftLogWorker (SegmentedRaftLogWorker.java:lambda$new$0(133)) - 8e81be81-8cf3-4cb2-af1f-2c1c9bc19b0e@group-62F890F27B82-SegmentedRaftLogWorker: flushIndex: setUnconditionally 0 -> -1
2021-05-19 07:42:57,811 [pool-249-thread-1] INFO  segmented.SegmentedRaftLogWorker (SegmentedRaftLogWorker.java:lambda$new$0(133)) - 8e81be81-8cf3-4cb2-af1f-2c1c9bc19b0e@group-62F890F27B82-SegmentedRaftLogWorker: safeCacheEvictIndex: setUnconditionally 0 -> -1
2021-05-19 07:42:57,812 [pool-231-thread-1] INFO  server.RaftServerConfigKeys (ConfUtils.java:logGet(44)) - raft.server.log.write.buffer.size = 1048576 (custom)
2021-05-19 07:42:57,814 [pool-231-thread-1] INFO  server.RaftServerConfigKeys (ConfUtils.java:logGet(44)) - raft.server.log.statemachine.data.caching.enabled = true (custom)
2021-05-19 07:42:57,814 [pool-231-thread-1] INFO  segmented.SegmentedRaftLogWorker (SegmentedRaftLogWorker.java:lambda$new$0(133)) - 68d4f79f-8ed5-4598-b947-57f9bc979c0e@group-248D4D37A09F-SegmentedRaftLogWorker: flushIndex: setUnconditionally 0 -> -1
2021-05-19 07:42:57,814 [pool-231-thread-1] INFO  segmented.SegmentedRaftLogWorker (SegmentedRaftLogWorker.java:lambda$new$0(133)) - 68d4f79f-8ed5-4598-b947-57f9bc979c0e@group-248D4D37A09F-SegmentedRaftLogWorker: safeCacheEvictIndex: setUnconditionally 0 -> -1
2021-05-19 07:42:57,818 [pool-249-thread-1] INFO  server.RaftServerConfigKeys (ConfUtils.java:logGet(44)) - raft.server.snapshot.auto.trigger.enabled = true (custom)
2021-05-19 07:42:57,818 [pool-249-thread-1] INFO  server.RaftServerConfigKeys (ConfUtils.java:logGet(44)) - raft.server.snapshot.auto.trigger.threshold = 10000 (custom)
2021-05-19 07:42:57,818 [pool-249-thread-1] INFO  server.RaftServerConfigKeys (ConfUtils.java:logGet(44)) - raft.server.snapshot.retention.file.num = 5 (custom)
2021-05-19 07:42:57,818 [pool-249-thread-1] INFO  server.RaftServerConfigKeys (ConfUtils.java:logGet(44)) - raft.server.log.purge.upto.snapshot.index = false (default)
2021-05-19 07:42:57,822 [pool-231-thread-1] INFO  server.RaftServerConfigKeys (ConfUtils.java:logGet(44)) - raft.server.snapshot.auto.trigger.enabled = true (custom)
2021-05-19 07:42:57,823 [pool-231-thread-1] INFO  server.RaftServerConfigKeys (ConfUtils.java:logGet(44)) - raft.server.snapshot.auto.trigger.threshold = 10000 (custom)
2021-05-19 07:42:57,823 [pool-231-thread-1] INFO  server.RaftServerConfigKeys (ConfUtils.java:logGet(44)) - raft.server.snapshot.retention.file.num = 5 (custom)
2021-05-19 07:42:57,823 [pool-231-thread-1] INFO  server.RaftServerConfigKeys (ConfUtils.java:logGet(44)) - raft.server.log.purge.upto.snapshot.index = false (default)
2021-05-19 07:42:57,823 [pool-231-thread-1] INFO  server.RaftServerConfigKeys (ConfUtils.java:logGet(44)) - raft.server.retrycache.expirytime = 600000ms (custom)
2021-05-19 07:42:57,823 [pool-231-thread-1] INFO  server.RaftServerConfigKeys (ConfUtils.java:logGet(44)) - raft.server.retrycache.statistics.expirytime = 100?s (default)
2021-05-19 07:42:57,823 [pool-231-thread-1] INFO  metrics.RatisMetrics (RatisMetrics.java:lambda$create$0(36)) - Creating Metrics Registry : ratis.leader_election.68d4f79f-8ed5-4598-b947-57f9bc979c0e@group-248D4D37A09F
2021-05-19 07:42:57,823 [pool-231-thread-1] INFO  metrics.RatisMetrics (RatisMetrics.java:lambda$create$0(36)) - Creating Metrics Registry : ratis.server.68d4f79f-8ed5-4598-b947-57f9bc979c0e@group-248D4D37A09F
2021-05-19 07:42:57,824 [pool-231-thread-1] INFO  server.RaftServer$Division (RaftServerImpl.java:start(295)) - 68d4f79f-8ed5-4598-b947-57f9bc979c0e@group-248D4D37A09F: start as a follower, conf=-1: [a14714da-c87c-4361-b393-7e96cf422ed7|rpc:172.17.0.2:45547|dataStream:|priority:0, b054e63b-a418-439f-9265-0225a71f074a|rpc:172.17.0.2:34287|dataStream:|priority:1, 68d4f79f-8ed5-4598-b947-57f9bc979c0e|rpc:172.17.0.2:42729|dataStream:|priority:0], old=null
2021-05-19 07:42:57,824 [pool-231-thread-1] INFO  server.RaftServer$Division (RaftServerImpl.java:setRole(284)) - 68d4f79f-8ed5-4598-b947-57f9bc979c0e@group-248D4D37A09F: changes role from      null to FOLLOWER at term 0 for startAsFollower
2021-05-19 07:42:57,824 [pool-231-thread-1] INFO  impl.RoleInfo (RoleInfo.java:updateAndGet(130)) - 68d4f79f-8ed5-4598-b947-57f9bc979c0e: start 68d4f79f-8ed5-4598-b947-57f9bc979c0e@group-248D4D37A09F-FollowerState
2021-05-19 07:42:57,824 [pool-231-thread-1] INFO  util.JmxRegister (JmxRegister.java:tryRegister(44)) - Successfully registered JMX Bean with object name Ratis:service=RaftServer,group=group-248D4D37A09F,id=68d4f79f-8ed5-4598-b947-57f9bc979c0e
2021-05-19 07:42:57,824 [pool-231-thread-1] INFO  metrics.RatisMetrics (RatisMetrics.java:lambda$create$0(36)) - Creating Metrics Registry : ratis.state_machine.68d4f79f-8ed5-4598-b947-57f9bc979c0e@group-248D4D37A09F
2021-05-19 07:42:57,826 [Command processor thread] INFO  metrics.RatisMetrics (RatisMetrics.java:lambda$create$0(36)) - Creating Metrics Registry : ratis.client_message_metrics.client-0B728CE3533F->8e81be81-8cf3-4cb2-af1f-2c1c9bc19b0e
2021-05-19 07:42:57,826 [pool-249-thread-1] INFO  server.RaftServerConfigKeys (ConfUtils.java:logGet(44)) - raft.server.retrycache.expirytime = 600000ms (custom)
2021-05-19 07:42:57,828 [pool-249-thread-1] INFO  server.RaftServerConfigKeys (ConfUtils.java:logGet(44)) - raft.server.retrycache.statistics.expirytime = 100?s (default)
2021-05-19 07:42:57,828 [pool-249-thread-1] INFO  metrics.RatisMetrics (RatisMetrics.java:lambda$create$0(36)) - Creating Metrics Registry : ratis.leader_election.8e81be81-8cf3-4cb2-af1f-2c1c9bc19b0e@group-62F890F27B82
2021-05-19 07:42:57,828 [pool-249-thread-1] INFO  metrics.RatisMetrics (RatisMetrics.java:lambda$create$0(36)) - Creating Metrics Registry : ratis.server.8e81be81-8cf3-4cb2-af1f-2c1c9bc19b0e@group-62F890F27B82
2021-05-19 07:42:57,829 [pool-249-thread-1] INFO  server.RaftServer$Division (RaftServerImpl.java:start(295)) - 8e81be81-8cf3-4cb2-af1f-2c1c9bc19b0e@group-62F890F27B82: start as a follower, conf=-1: [b054e63b-a418-439f-9265-0225a71f074a|rpc:172.17.0.2:34287|dataStream:|priority:0, 68d4f79f-8ed5-4598-b947-57f9bc979c0e|rpc:172.17.0.2:42729|dataStream:|priority:1, 8e81be81-8cf3-4cb2-af1f-2c1c9bc19b0e|rpc:172.17.0.2:41855|dataStream:|priority:0], old=null
2021-05-19 07:42:57,829 [pool-249-thread-1] INFO  server.RaftServer$Division (RaftServerImpl.java:setRole(284)) - 8e81be81-8cf3-4cb2-af1f-2c1c9bc19b0e@group-62F890F27B82: changes role from      null to FOLLOWER at term 0 for startAsFollower
2021-05-19 07:42:57,830 [pool-249-thread-1] INFO  impl.RoleInfo (RoleInfo.java:updateAndGet(130)) - 8e81be81-8cf3-4cb2-af1f-2c1c9bc19b0e: start 8e81be81-8cf3-4cb2-af1f-2c1c9bc19b0e@group-62F890F27B82-FollowerState
2021-05-19 07:42:57,831 [pool-249-thread-1] INFO  util.JmxRegister (JmxRegister.java:tryRegister(44)) - Successfully registered JMX Bean with object name Ratis:service=RaftServer,group=group-62F890F27B82,id=8e81be81-8cf3-4cb2-af1f-2c1c9bc19b0e
2021-05-19 07:42:57,831 [pool-249-thread-1] INFO  metrics.RatisMetrics (RatisMetrics.java:lambda$create$0(36)) - Creating Metrics Registry : ratis.state_machine.8e81be81-8cf3-4cb2-af1f-2c1c9bc19b0e@group-62F890F27B82
2021-05-19 07:42:57,841 [Command processor thread] INFO  metrics.RatisMetrics (RatisMetrics.java:lambda$create$0(36)) - Creating Metrics Registry : ratis.client_message_metrics.client-33BF9CDB7D47->b054e63b-a418-439f-9265-0225a71f074a
2021-05-19 07:42:57,847 [Command processor thread] INFO  metrics.RatisMetrics (RatisMetrics.java:lambda$create$0(36)) - Creating Metrics Registry : ratis.client_message_metrics.client-3F85BED5F430->b054e63b-a418-439f-9265-0225a71f074a
2021-05-19 07:42:57,849 [grpc-default-executor-5] INFO  metrics.RatisMetrics (RatisMetrics.java:lambda$create$0(36)) - Creating Metrics Registry : ratis.server_message_metrics.b054e63b-a418-439f-9265-0225a71f074a
2021-05-19 07:42:57,850 [grpc-default-executor-5] INFO  server.RaftServer (RaftServerProxy.java:addNew(95)) - b054e63b-a418-439f-9265-0225a71f074a: addNew group-248D4D37A09F:[a14714da-c87c-4361-b393-7e96cf422ed7|rpc:172.17.0.2:45547|dataStream:|priority:0, b054e63b-a418-439f-9265-0225a71f074a|rpc:172.17.0.2:34287|dataStream:|priority:1, 68d4f79f-8ed5-4598-b947-57f9bc979c0e|rpc:172.17.0.2:42729|dataStream:|priority:0] returns group-248D4D37A09F:java.util.concurrent.CompletableFuture@17ea8d37[Not completed]
2021-05-19 07:42:57,850 [pool-339-thread-1] INFO  server.RaftServer$Division (RaftServerImpl.java:<init>(180)) - b054e63b-a418-439f-9265-0225a71f074a: new RaftServerImpl for group-248D4D37A09F:[a14714da-c87c-4361-b393-7e96cf422ed7|rpc:172.17.0.2:45547|dataStream:|priority:0, b054e63b-a418-439f-9265-0225a71f074a|rpc:172.17.0.2:34287|dataStream:|priority:1, 68d4f79f-8ed5-4598-b947-57f9bc979c0e|rpc:172.17.0.2:42729|dataStream:|priority:0] with ContainerStateMachine:uninitialized
2021-05-19 07:42:57,851 [pool-339-thread-1] INFO  server.RaftServerConfigKeys (ConfUtils.java:logGet(44)) - raft.server.rpc.timeout.min = 5s (custom)
2021-05-19 07:42:57,851 [pool-339-thread-1] INFO  server.RaftServerConfigKeys (ConfUtils.java:logGet(44)) - raft.server.rpc.timeout.max = 5200ms (custom)
2021-05-19 07:42:57,851 [pool-339-thread-1] INFO  server.RaftServerConfigKeys (ConfUtils.java:logGet(44)) - raft.server.rpc.sleep.time = 25ms (default)
2021-05-19 07:42:57,851 [pool-339-thread-1] INFO  server.RaftServerConfigKeys (ConfUtils.java:logGet(44)) - raft.server.rpc.slowness.timeout = 300000ms (custom)
2021-05-19 07:42:57,851 [pool-339-thread-1] INFO  server.RaftServerConfigKeys (ConfUtils.java:logGet(44)) - raft.server.leaderelection.leader.step-down.wait-time = 10s (default)
2021-05-19 07:42:57,851 [pool-339-thread-1] INFO  server.RaftServerConfigKeys (ConfUtils.java:logGet(44)) - raft.server.sleep.deviation.threshold = 300ms (default)
2021-05-19 07:42:57,851 [pool-339-thread-1] INFO  server.RaftServerConfigKeys (ConfUtils.java:logGet(44)) - raft.server.log.appender.install.snapshot.enabled = false (custom)
2021-05-19 07:42:57,851 [pool-339-thread-1] INFO  server.RaftServer$Division (ServerState.java:<init>(105)) - b054e63b-a418-439f-9265-0225a71f074a@group-248D4D37A09F: ConfigurationManager, init=-1: [a14714da-c87c-4361-b393-7e96cf422ed7|rpc:172.17.0.2:45547|dataStream:|priority:0, b054e63b-a418-439f-9265-0225a71f074a|rpc:172.17.0.2:34287|dataStream:|priority:1, 68d4f79f-8ed5-4598-b947-57f9bc979c0e|rpc:172.17.0.2:42729|dataStream:|priority:0], old=null, confs=<EMPTY_MAP>
2021-05-19 07:42:57,851 [pool-339-thread-1] INFO  server.RaftServerConfigKeys (ConfUtils.java:logGet(44)) - raft.server.storage.dir = [/github/workspace/mnt/ozone/hadoop-ozone/integration-test/target/test-dir/MiniOzoneClusterImpl-952c9dfc-8967-4523-b06f-60d3bd5de2bf/datanode-6/data/ratis] (custom)
2021-05-19 07:42:57,851 [pool-339-thread-1] INFO  server.RaftServerConfigKeys (ConfUtils.java:logGet(44)) - raft.server.log.corruption.policy = EXCEPTION (default)
2021-05-19 07:42:57,851 [pool-339-thread-1] INFO  storage.RaftStorageDirectory (RaftStorageDirectoryImpl.java:analyzeStorage(132)) - The storage directory /github/workspace/mnt/ozone/hadoop-ozone/integration-test/target/test-dir/MiniOzoneClusterImpl-952c9dfc-8967-4523-b06f-60d3bd5de2bf/datanode-6/data/ratis/80f8b59d-e8b1-4475-8a3c-248d4d37a09f does not exist. Creating ...
2021-05-19 07:42:57,852 [pool-339-thread-1] INFO  storage.RaftStorageDirectory (RaftStorageDirectoryImpl.java:tryLock(215)) - Lock on /github/workspace/mnt/ozone/hadoop-ozone/integration-test/target/test-dir/MiniOzoneClusterImpl-952c9dfc-8967-4523-b06f-60d3bd5de2bf/datanode-6/data/ratis/80f8b59d-e8b1-4475-8a3c-248d4d37a09f/in_use.lock acquired by nodename 16447@3974e5c036b4
2021-05-19 07:42:57,853 [pool-339-thread-1] INFO  storage.RaftStorage (RaftStorageImpl.java:format(87)) - Storage directory /github/workspace/mnt/ozone/hadoop-ozone/integration-test/target/test-dir/MiniOzoneClusterImpl-952c9dfc-8967-4523-b06f-60d3bd5de2bf/datanode-6/data/ratis/80f8b59d-e8b1-4475-8a3c-248d4d37a09f has been successfully formatted.
2021-05-19 07:42:57,854 [pool-339-thread-1] INFO  ratis.ContainerStateMachine (ContainerStateMachine.java:loadSnapshot(224)) - group-248D4D37A09F: The snapshot info is null. Setting the last applied indexto:(t:0, i:~)
2021-05-19 07:42:57,854 [pool-339-thread-1] INFO  server.RaftServerConfigKeys (ConfUtils.java:logGet(44)) - raft.server.notification.no-leader.timeout = 300000ms (custom)
2021-05-19 07:42:57,854 [pool-339-thread-1] INFO  server.RaftServerConfigKeys (ConfUtils.java:logGet(44)) - raft.server.log.use.memory = false (default)
2021-05-19 07:42:57,854 [pool-339-thread-1] INFO  server.RaftServerConfigKeys (ConfUtils.java:logGet(44)) - raft.server.log.purge.gap = 1000000 (custom)
2021-05-19 07:42:57,854 [pool-339-thread-1] INFO  server.RaftServerConfigKeys (ConfUtils.java:logGet(44)) - raft.server.log.appender.buffer.byte-limit = 33554432 (custom)
2021-05-19 07:42:57,854 [pool-339-thread-1] INFO  metrics.RatisMetrics (RatisMetrics.java:lambda$create$0(36)) - Creating Metrics Registry : ratis.log_worker.b054e63b-a418-439f-9265-0225a71f074a@group-248D4D37A09F
2021-05-19 07:42:57,854 [pool-339-thread-1] INFO  server.RaftServerConfigKeys (ConfUtils.java:logGet(44)) - raft.server.log.segment.size.max = 1048576 (custom)
2021-05-19 07:42:57,855 [pool-339-thread-1] INFO  server.RaftServerConfigKeys (ConfUtils.java:logGet(44)) - raft.server.log.segment.cache.num.max = 2 (custom)
2021-05-19 07:42:57,855 [pool-339-thread-1] INFO  server.RaftServerConfigKeys (ConfUtils.java:logGet(44)) - raft.server.log.segment.cache.size.max = 200MB (=209715200) (default)
2021-05-19 07:42:57,855 [pool-339-thread-1] INFO  segmented.SegmentedRaftLogWorker (SegmentedRaftLogWorker.java:<init>(182)) - new b054e63b-a418-439f-9265-0225a71f074a@group-248D4D37A09F-SegmentedRaftLogWorker for RaftStorageImpl:Storage Directory /github/workspace/mnt/ozone/hadoop-ozone/integration-test/target/test-dir/MiniOzoneClusterImpl-952c9dfc-8967-4523-b06f-60d3bd5de2bf/datanode-6/data/ratis/80f8b59d-e8b1-4475-8a3c-248d4d37a09f
2021-05-19 07:42:57,855 [pool-339-thread-1] INFO  server.RaftServerConfigKeys (ConfUtils.java:logGet(44)) - raft.server.log.queue.byte-limit = 2147483647 (custom)
2021-05-19 07:42:57,855 [pool-339-thread-1] INFO  server.RaftServerConfigKeys (ConfUtils.java:logGet(44)) - raft.server.log.queue.element-limit = 1024 (custom)
2021-05-19 07:42:57,855 [pool-339-thread-1] INFO  server.RaftServerConfigKeys (ConfUtils.java:logGet(44)) - raft.server.log.segment.size.max = 1048576 (custom)
2021-05-19 07:42:57,855 [pool-339-thread-1] INFO  server.RaftServerConfigKeys (ConfUtils.java:logGet(44)) - raft.server.log.preallocated.size = 16384 (custom)
2021-05-19 07:42:57,855 [pool-339-thread-1] INFO  server.RaftServerConfigKeys (ConfUtils.java:logGet(44)) - raft.server.log.force.sync.num = 128 (default)
2021-05-19 07:42:57,855 [pool-339-thread-1] INFO  server.RaftServerConfigKeys (ConfUtils.java:logGet(44)) - raft.server.log.statemachine.data.sync = true (default)
2021-05-19 07:42:57,855 [pool-339-thread-1] INFO  server.RaftServerConfigKeys (ConfUtils.java:logGet(44)) - raft.server.log.statemachine.data.sync.timeout = 10s (default)
2021-05-19 07:42:57,855 [pool-339-thread-1] INFO  server.RaftServerConfigKeys (ConfUtils.java:logGet(44)) - raft.server.log.statemachine.data.sync.timeout.retry = -1 (default)
2021-05-19 07:42:57,857 [pool-339-thread-1] INFO  server.RaftServerConfigKeys (ConfUtils.java:logGet(44)) - raft.server.log.write.buffer.size = 1048576 (custom)
2021-05-19 07:42:57,857 [pool-339-thread-1] INFO  server.RaftServerConfigKeys (ConfUtils.java:logGet(44)) - raft.server.log.statemachine.data.caching.enabled = true (custom)
2021-05-19 07:42:57,857 [pool-339-thread-1] INFO  segmented.SegmentedRaftLogWorker (SegmentedRaftLogWorker.java:lambda$new$0(133)) - b054e63b-a418-439f-9265-0225a71f074a@group-248D4D37A09F-SegmentedRaftLogWorker: flushIndex: setUnconditionally 0 -> -1
2021-05-19 07:42:57,857 [pool-339-thread-1] INFO  segmented.SegmentedRaftLogWorker (SegmentedRaftLogWorker.java:lambda$new$0(133)) - b054e63b-a418-439f-9265-0225a71f074a@group-248D4D37A09F-SegmentedRaftLogWorker: safeCacheEvictIndex: setUnconditionally 0 -> -1
2021-05-19 07:42:57,860 [pool-339-thread-1] INFO  server.RaftServerConfigKeys (ConfUtils.java:logGet(44)) - raft.server.snapshot.auto.trigger.enabled = true (custom)
2021-05-19 07:42:57,860 [pool-339-thread-1] INFO  server.RaftServerConfigKeys (ConfUtils.java:logGet(44)) - raft.server.snapshot.auto.trigger.threshold = 10000 (custom)
2021-05-19 07:42:57,860 [pool-339-thread-1] INFO  server.RaftServerConfigKeys (ConfUtils.java:logGet(44)) - raft.server.snapshot.retention.file.num = 5 (custom)
2021-05-19 07:42:57,860 [pool-339-thread-1] INFO  server.RaftServerConfigKeys (ConfUtils.java:logGet(44)) - raft.server.log.purge.upto.snapshot.index = false (default)
2021-05-19 07:42:57,860 [pool-339-thread-1] INFO  server.RaftServerConfigKeys (ConfUtils.java:logGet(44)) - raft.server.retrycache.expirytime = 600000ms (custom)
2021-05-19 07:42:57,860 [pool-339-thread-1] INFO  server.RaftServerConfigKeys (ConfUtils.java:logGet(44)) - raft.server.retrycache.statistics.expirytime = 100?s (default)
2021-05-19 07:42:57,860 [pool-339-thread-1] INFO  metrics.RatisMetrics (RatisMetrics.java:lambda$create$0(36)) - Creating Metrics Registry : ratis.leader_election.b054e63b-a418-439f-9265-0225a71f074a@group-248D4D37A09F
2021-05-19 07:42:57,860 [pool-339-thread-1] INFO  metrics.RatisMetrics (RatisMetrics.java:lambda$create$0(36)) - Creating Metrics Registry : ratis.server.b054e63b-a418-439f-9265-0225a71f074a@group-248D4D37A09F
2021-05-19 07:42:57,861 [pool-339-thread-1] INFO  server.RaftServer$Division (RaftServerImpl.java:start(295)) - b054e63b-a418-439f-9265-0225a71f074a@group-248D4D37A09F: start as a follower, conf=-1: [a14714da-c87c-4361-b393-7e96cf422ed7|rpc:172.17.0.2:45547|dataStream:|priority:0, b054e63b-a418-439f-9265-0225a71f074a|rpc:172.17.0.2:34287|dataStream:|priority:1, 68d4f79f-8ed5-4598-b947-57f9bc979c0e|rpc:172.17.0.2:42729|dataStream:|priority:0], old=null
2021-05-19 07:42:57,861 [pool-339-thread-1] INFO  server.RaftServer$Division (RaftServerImpl.java:setRole(284)) - b054e63b-a418-439f-9265-0225a71f074a@group-248D4D37A09F: changes role from      null to FOLLOWER at term 0 for startAsFollower
2021-05-19 07:42:57,861 [pool-339-thread-1] INFO  impl.RoleInfo (RoleInfo.java:updateAndGet(130)) - b054e63b-a418-439f-9265-0225a71f074a: start b054e63b-a418-439f-9265-0225a71f074a@group-248D4D37A09F-FollowerState
2021-05-19 07:42:57,861 [pool-339-thread-1] INFO  util.JmxRegister (JmxRegister.java:tryRegister(44)) - Successfully registered JMX Bean with object name Ratis:service=RaftServer,group=group-248D4D37A09F,id=b054e63b-a418-439f-9265-0225a71f074a
2021-05-19 07:42:57,861 [pool-339-thread-1] INFO  metrics.RatisMetrics (RatisMetrics.java:lambda$create$0(36)) - Creating Metrics Registry : ratis.state_machine.b054e63b-a418-439f-9265-0225a71f074a@group-248D4D37A09F
2021-05-19 07:42:57,870 [Command processor thread] INFO  commandhandler.CreatePipelineCommandHandler (CreatePipelineCommandHandler.java:handle(106)) - Created Pipeline RATIS THREE PipelineID=415703f1-9a52-42fb-9a9c-62f890f27b82.
2021-05-19 07:42:57,870 [Command processor thread] INFO  server.RaftServer (RaftServerProxy.java:addNew(95)) - b054e63b-a418-439f-9265-0225a71f074a: addNew group-4BBCCAEDA604:[a14714da-c87c-4361-b393-7e96cf422ed7|rpc:172.17.0.2:45547|priority:0, b054e63b-a418-439f-9265-0225a71f074a|rpc:172.17.0.2:34287|priority:0, 8e81be81-8cf3-4cb2-af1f-2c1c9bc19b0e|rpc:172.17.0.2:41855|priority:1] returns group-4BBCCAEDA604:java.util.concurrent.CompletableFuture@5fb3c56[Not completed]
2021-05-19 07:42:57,872 [pool-339-thread-1] INFO  server.RaftServer$Division (RaftServerImpl.java:<init>(180)) - b054e63b-a418-439f-9265-0225a71f074a: new RaftServerImpl for group-4BBCCAEDA604:[a14714da-c87c-4361-b393-7e96cf422ed7|rpc:172.17.0.2:45547|priority:0, b054e63b-a418-439f-9265-0225a71f074a|rpc:172.17.0.2:34287|priority:0, 8e81be81-8cf3-4cb2-af1f-2c1c9bc19b0e|rpc:172.17.0.2:41855|priority:1] with ContainerStateMachine:uninitialized
2021-05-19 07:42:57,872 [pool-339-thread-1] INFO  server.RaftServerConfigKeys (ConfUtils.java:logGet(44)) - raft.server.rpc.timeout.min = 5s (custom)
2021-05-19 07:42:57,872 [pool-339-thread-1] INFO  server.RaftServerConfigKeys (ConfUtils.java:logGet(44)) - raft.server.rpc.timeout.max = 5200ms (custom)
2021-05-19 07:42:57,872 [pool-339-thread-1] INFO  server.RaftServerConfigKeys (ConfUtils.java:logGet(44)) - raft.server.rpc.sleep.time = 25ms (default)
2021-05-19 07:42:57,872 [pool-339-thread-1] INFO  server.RaftServerConfigKeys (ConfUtils.java:logGet(44)) - raft.server.rpc.slowness.timeout = 300000ms (custom)
2021-05-19 07:42:57,872 [pool-339-thread-1] INFO  server.RaftServerConfigKeys (ConfUtils.java:logGet(44)) - raft.server.leaderelection.leader.step-down.wait-time = 10s (default)
2021-05-19 07:42:57,872 [pool-339-thread-1] INFO  server.RaftServerConfigKeys (ConfUtils.java:logGet(44)) - raft.server.sleep.deviation.threshold = 300ms (default)
2021-05-19 07:42:57,872 [pool-339-thread-1] INFO  server.RaftServerConfigKeys (ConfUtils.java:logGet(44)) - raft.server.log.appender.install.snapshot.enabled = false (custom)
2021-05-19 07:42:57,872 [pool-339-thread-1] INFO  server.RaftServer$Division (ServerState.java:<init>(105)) - b054e63b-a418-439f-9265-0225a71f074a@group-4BBCCAEDA604: ConfigurationManager, init=-1: [a14714da-c87c-4361-b393-7e96cf422ed7|rpc:172.17.0.2:45547|priority:0, b054e63b-a418-439f-9265-0225a71f074a|rpc:172.17.0.2:34287|priority:0, 8e81be81-8cf3-4cb2-af1f-2c1c9bc19b0e|rpc:172.17.0.2:41855|priority:1], old=null, confs=<EMPTY_MAP>
2021-05-19 07:42:57,873 [pool-339-thread-1] INFO  server.RaftServerConfigKeys (ConfUtils.java:logGet(44)) - raft.server.storage.dir = [/github/workspace/mnt/ozone/hadoop-ozone/integration-test/target/test-dir/MiniOzoneClusterImpl-952c9dfc-8967-4523-b06f-60d3bd5de2bf/datanode-6/data/ratis] (custom)
2021-05-19 07:42:57,873 [pool-339-thread-1] INFO  server.RaftServerConfigKeys (ConfUtils.java:logGet(44)) - raft.server.log.corruption.policy = EXCEPTION (default)
2021-05-19 07:42:57,873 [pool-339-thread-1] INFO  storage.RaftStorageDirectory (RaftStorageDirectoryImpl.java:analyzeStorage(132)) - The storage directory /github/workspace/mnt/ozone/hadoop-ozone/integration-test/target/test-dir/MiniOzoneClusterImpl-952c9dfc-8967-4523-b06f-60d3bd5de2bf/datanode-6/data/ratis/34ffaed8-1fd9-4d0b-82e4-4bbccaeda604 does not exist. Creating ...
2021-05-19 07:42:57,874 [Command processor thread] INFO  commandhandler.CreatePipelineCommandHandler (CreatePipelineCommandHandler.java:handle(106)) - Created Pipeline RATIS THREE PipelineID=415703f1-9a52-42fb-9a9c-62f890f27b82.
2021-05-19 07:42:57,874 [Command processor thread] WARN  server.RaftServer (RaftServerProxy.java:remove(101)) - 68d4f79f-8ed5-4598-b947-57f9bc979c0e: does not contain group: group-AC6A57830C75
2021-05-19 07:42:57,874 [Command processor thread] ERROR commandhandler.ClosePipelineCommandHandler (ClosePipelineCommandHandler.java:handle(78)) - Can't close pipeline PipelineID=b2b3615b-70b0-4c95-a861-ac6a57830c75
java.io.IOException: 68d4f79f-8ed5-4598-b947-57f9bc979c0e: Group group-AC6A57830C75 not found.
	at org.apache.hadoop.ozone.container.common.transport.server.ratis.XceiverServerRatis.removeGroup(XceiverServerRatis.java:826)
	at org.apache.hadoop.ozone.container.common.statemachine.commandhandler.ClosePipelineCommandHandler.handle(ClosePipelineCommandHandler.java:74)
	at org.apache.hadoop.ozone.container.common.statemachine.commandhandler.CommandDispatcher.handle(CommandDispatcher.java:99)
	at org.apache.hadoop.ozone.container.common.statemachine.DatanodeStateMachine.lambda$initCommandHandlerThread$2(DatanodeStateMachine.java:506)
	at java.lang.Thread.run(Thread.java:748)
Caused by: org.apache.ratis.protocol.exceptions.GroupMismatchException: 68d4f79f-8ed5-4598-b947-57f9bc979c0e: Group group-AC6A57830C75 not found.
	at org.apache.ratis.server.impl.RaftServerProxy.groupRemoveAsync(RaftServerProxy.java:504)
	at org.apache.ratis.server.impl.RaftServerProxy.groupManagementAsync(RaftServerProxy.java:460)
	at org.apache.ratis.server.impl.RaftServerProxy.groupManagement(RaftServerProxy.java:440)
	at org.apache.hadoop.ozone.container.common.transport.server.ratis.XceiverServerRatis.removeGroup(XceiverServerRatis.java:824)
	... 4 more
2021-05-19 07:42:57,874 [Command processor thread] WARN  server.RaftServer (RaftServerProxy.java:remove(101)) - 68d4f79f-8ed5-4598-b947-57f9bc979c0e: does not contain group: group-76E48770978D
2021-05-19 07:42:57,874 [Command processor thread] ERROR commandhandler.ClosePipelineCommandHandler (ClosePipelineCommandHandler.java:handle(78)) - Can't close pipeline PipelineID=90d79207-282c-4ddc-b3c9-76e48770978d
java.io.IOException: 68d4f79f-8ed5-4598-b947-57f9bc979c0e: Group group-76E48770978D not found.
	at org.apache.hadoop.ozone.container.common.transport.server.ratis.XceiverServerRatis.removeGroup(XceiverServerRatis.java:826)
	at org.apache.hadoop.ozone.container.common.statemachine.commandhandler.ClosePipelineCommandHandler.handle(ClosePipelineCommandHandler.java:74)
	at org.apache.hadoop.ozone.container.common.statemachine.commandhandler.CommandDispatcher.handle(CommandDispatcher.java:99)
	at org.apache.hadoop.ozone.container.common.statemachine.DatanodeStateMachine.lambda$initCommandHandlerThread$2(DatanodeStateMachine.java:506)
	at java.lang.Thread.run(Thread.java:748)
Caused by: org.apache.ratis.protocol.exceptions.GroupMismatchException: 68d4f79f-8ed5-4598-b947-57f9bc979c0e: Group group-76E48770978D not found.
	at org.apache.ratis.server.impl.RaftServerProxy.groupRemoveAsync(RaftServerProxy.java:504)
	at org.apache.ratis.server.impl.RaftServerProxy.groupManagementAsync(RaftServerProxy.java:460)
	at org.apache.ratis.server.impl.RaftServerProxy.groupManagement(RaftServerProxy.java:440)
	at org.apache.hadoop.ozone.container.common.transport.server.ratis.XceiverServerRatis.removeGroup(XceiverServerRatis.java:824)
	... 4 more
2021-05-19 07:42:57,874 [Command processor thread] WARN  server.RaftServer (RaftServerProxy.java:remove(101)) - 68d4f79f-8ed5-4598-b947-57f9bc979c0e: does not contain group: group-DECE5BE019F2
2021-05-19 07:42:57,874 [Command processor thread] ERROR commandhandler.ClosePipelineCommandHandler (ClosePipelineCommandHandler.java:handle(78)) - Can't close pipeline PipelineID=da74cb76-52a2-4b5c-bce9-dece5be019f2
java.io.IOException: 68d4f79f-8ed5-4598-b947-57f9bc979c0e: Group group-DECE5BE019F2 not found.
	at org.apache.hadoop.ozone.container.common.transport.server.ratis.XceiverServerRatis.removeGroup(XceiverServerRatis.java:826)
	at org.apache.hadoop.ozone.container.common.statemachine.commandhandler.ClosePipelineCommandHandler.handle(ClosePipelineCommandHandler.java:74)
	at org.apache.hadoop.ozone.container.common.statemachine.commandhandler.CommandDispatcher.handle(CommandDispatcher.java:99)
	at org.apache.hadoop.ozone.container.common.statemachine.DatanodeStateMachine.lambda$initCommandHandlerThread$2(DatanodeStateMachine.java:506)
	at java.lang.Thread.run(Thread.java:748)
Caused by: org.apache.ratis.protocol.exceptions.GroupMismatchException: 68d4f79f-8ed5-4598-b947-57f9bc979c0e: Group group-DECE5BE019F2 not found.
	at org.apache.ratis.server.impl.RaftServerProxy.groupRemoveAsync(RaftServerProxy.java:504)
	at org.apache.ratis.server.impl.RaftServerProxy.groupManagementAsync(RaftServerProxy.java:460)
	at org.apache.ratis.server.impl.RaftServerProxy.groupManagement(RaftServerProxy.java:440)
	at org.apache.hadoop.ozone.container.common.transport.server.ratis.XceiverServerRatis.removeGroup(XceiverServerRatis.java:824)
	... 4 more
2021-05-19 07:42:57,875 [Command processor thread] INFO  commandhandler.CreatePipelineCommandHandler (CreatePipelineCommandHandler.java:handle(106)) - Created Pipeline RATIS THREE PipelineID=80f8b59d-e8b1-4475-8a3c-248d4d37a09f.
2021-05-19 07:42:57,875 [Command processor thread] INFO  server.RaftServer (RaftServerProxy.java:addNew(95)) - a14714da-c87c-4361-b393-7e96cf422ed7: addNew group-4BBCCAEDA604:[a14714da-c87c-4361-b393-7e96cf422ed7|rpc:172.17.0.2:45547|priority:0, b054e63b-a418-439f-9265-0225a71f074a|rpc:172.17.0.2:34287|priority:0, 8e81be81-8cf3-4cb2-af1f-2c1c9bc19b0e|rpc:172.17.0.2:41855|priority:1] returns group-4BBCCAEDA604:java.util.concurrent.CompletableFuture@af74092[Not completed]
2021-05-19 07:42:57,876 [pool-371-thread-1] INFO  server.RaftServer$Division (RaftServerImpl.java:<init>(180)) - a14714da-c87c-4361-b393-7e96cf422ed7: new RaftServerImpl for group-4BBCCAEDA604:[a14714da-c87c-4361-b393-7e96cf422ed7|rpc:172.17.0.2:45547|priority:0, b054e63b-a418-439f-9265-0225a71f074a|rpc:172.17.0.2:34287|priority:0, 8e81be81-8cf3-4cb2-af1f-2c1c9bc19b0e|rpc:172.17.0.2:41855|priority:1] with ContainerStateMachine:uninitialized
2021-05-19 07:42:57,876 [pool-371-thread-1] INFO  server.RaftServerConfigKeys (ConfUtils.java:logGet(44)) - raft.server.rpc.timeout.min = 5s (custom)
2021-05-19 07:42:57,876 [pool-371-thread-1] INFO  server.RaftServerConfigKeys (ConfUtils.java:logGet(44)) - raft.server.rpc.timeout.max = 5200ms (custom)
2021-05-19 07:42:57,876 [pool-371-thread-1] INFO  server.RaftServerConfigKeys (ConfUtils.java:logGet(44)) - raft.server.rpc.sleep.time = 25ms (default)
2021-05-19 07:42:57,876 [pool-371-thread-1] INFO  server.RaftServerConfigKeys (ConfUtils.java:logGet(44)) - raft.server.rpc.slowness.timeout = 300000ms (custom)
2021-05-19 07:42:57,876 [pool-371-thread-1] INFO  server.RaftServerConfigKeys (ConfUtils.java:logGet(44)) - raft.server.leaderelection.leader.step-down.wait-time = 10s (default)
2021-05-19 07:42:57,876 [pool-371-thread-1] INFO  server.RaftServerConfigKeys (ConfUtils.java:logGet(44)) - raft.server.sleep.deviation.threshold = 300ms (default)
2021-05-19 07:42:57,876 [pool-371-thread-1] INFO  server.RaftServerConfigKeys (ConfUtils.java:logGet(44)) - raft.server.log.appender.install.snapshot.enabled = false (custom)
2021-05-19 07:42:57,876 [pool-371-thread-1] INFO  server.RaftServer$Division (ServerState.java:<init>(105)) - a14714da-c87c-4361-b393-7e96cf422ed7@group-4BBCCAEDA604: ConfigurationManager, init=-1: [a14714da-c87c-4361-b393-7e96cf422ed7|rpc:172.17.0.2:45547|priority:0, b054e63b-a418-439f-9265-0225a71f074a|rpc:172.17.0.2:34287|priority:0, 8e81be81-8cf3-4cb2-af1f-2c1c9bc19b0e|rpc:172.17.0.2:41855|priority:1], old=null, confs=<EMPTY_MAP>
2021-05-19 07:42:57,876 [pool-371-thread-1] INFO  server.RaftServerConfigKeys (ConfUtils.java:logGet(44)) - raft.server.storage.dir = [/github/workspace/mnt/ozone/hadoop-ozone/integration-test/target/test-dir/MiniOzoneClusterImpl-952c9dfc-8967-4523-b06f-60d3bd5de2bf/datanode-2/data/ratis] (custom)
2021-05-19 07:42:57,876 [pool-371-thread-1] INFO  server.RaftServerConfigKeys (ConfUtils.java:logGet(44)) - raft.server.log.corruption.policy = EXCEPTION (default)
2021-05-19 07:42:57,876 [pool-371-thread-1] INFO  storage.RaftStorageDirectory (RaftStorageDirectoryImpl.java:analyzeStorage(132)) - The storage directory /github/workspace/mnt/ozone/hadoop-ozone/integration-test/target/test-dir/MiniOzoneClusterImpl-952c9dfc-8967-4523-b06f-60d3bd5de2bf/datanode-2/data/ratis/34ffaed8-1fd9-4d0b-82e4-4bbccaeda604 does not exist. Creating ...
2021-05-19 07:42:57,877 [pool-339-thread-1] INFO  storage.RaftStorageDirectory (RaftStorageDirectoryImpl.java:tryLock(215)) - Lock on /github/workspace/mnt/ozone/hadoop-ozone/integration-test/target/test-dir/MiniOzoneClusterImpl-952c9dfc-8967-4523-b06f-60d3bd5de2bf/datanode-6/data/ratis/34ffaed8-1fd9-4d0b-82e4-4bbccaeda604/in_use.lock acquired by nodename 16447@3974e5c036b4
2021-05-19 07:42:57,877 [pool-371-thread-1] INFO  storage.RaftStorageDirectory (RaftStorageDirectoryImpl.java:tryLock(215)) - Lock on /github/workspace/mnt/ozone/hadoop-ozone/integration-test/target/test-dir/MiniOzoneClusterImpl-952c9dfc-8967-4523-b06f-60d3bd5de2bf/datanode-2/data/ratis/34ffaed8-1fd9-4d0b-82e4-4bbccaeda604/in_use.lock acquired by nodename 16447@3974e5c036b4
2021-05-19 07:42:57,878 [pool-371-thread-1] INFO  storage.RaftStorage (RaftStorageImpl.java:format(87)) - Storage directory /github/workspace/mnt/ozone/hadoop-ozone/integration-test/target/test-dir/MiniOzoneClusterImpl-952c9dfc-8967-4523-b06f-60d3bd5de2bf/datanode-2/data/ratis/34ffaed8-1fd9-4d0b-82e4-4bbccaeda604 has been successfully formatted.
2021-05-19 07:42:57,878 [pool-371-thread-1] INFO  ratis.ContainerStateMachine (ContainerStateMachine.java:loadSnapshot(224)) - group-4BBCCAEDA604: The snapshot info is null. Setting the last applied indexto:(t:0, i:~)
2021-05-19 07:42:57,879 [pool-371-thread-1] INFO  server.RaftServerConfigKeys (ConfUtils.java:logGet(44)) - raft.server.notification.no-leader.timeout = 300000ms (custom)
2021-05-19 07:42:57,879 [pool-371-thread-1] INFO  server.RaftServerConfigKeys (ConfUtils.java:logGet(44)) - raft.server.log.use.memory = false (default)
2021-05-19 07:42:57,879 [pool-371-thread-1] INFO  server.RaftServerConfigKeys (ConfUtils.java:logGet(44)) - raft.server.log.purge.gap = 1000000 (custom)
2021-05-19 07:42:57,879 [pool-371-thread-1] INFO  server.RaftServerConfigKeys (ConfUtils.java:logGet(44)) - raft.server.log.appender.buffer.byte-limit = 33554432 (custom)
2021-05-19 07:42:57,879 [pool-371-thread-1] INFO  metrics.RatisMetrics (RatisMetrics.java:lambda$create$0(36)) - Creating Metrics Registry : ratis.log_worker.a14714da-c87c-4361-b393-7e96cf422ed7@group-4BBCCAEDA604
2021-05-19 07:42:57,880 [pool-371-thread-1] INFO  server.RaftServerConfigKeys (ConfUtils.java:logGet(44)) - raft.server.log.segment.size.max = 1048576 (custom)
2021-05-19 07:42:57,880 [pool-371-thread-1] INFO  server.RaftServerConfigKeys (ConfUtils.java:logGet(44)) - raft.server.log.segment.cache.num.max = 2 (custom)
2021-05-19 07:42:57,880 [pool-371-thread-1] INFO  server.RaftServerConfigKeys (ConfUtils.java:logGet(44)) - raft.server.log.segment.cache.size.max = 200MB (=209715200) (default)
2021-05-19 07:42:57,880 [pool-371-thread-1] INFO  segmented.SegmentedRaftLogWorker (SegmentedRaftLogWorker.java:<init>(182)) - new a14714da-c87c-4361-b393-7e96cf422ed7@group-4BBCCAEDA604-SegmentedRaftLogWorker for RaftStorageImpl:Storage Directory /github/workspace/mnt/ozone/hadoop-ozone/integration-test/target/test-dir/MiniOzoneClusterImpl-952c9dfc-8967-4523-b06f-60d3bd5de2bf/datanode-2/data/ratis/34ffaed8-1fd9-4d0b-82e4-4bbccaeda604
2021-05-19 07:42:57,880 [pool-371-thread-1] INFO  server.RaftServerConfigKeys (ConfUtils.java:logGet(44)) - raft.server.log.queue.byte-limit = 2147483647 (custom)
2021-05-19 07:42:57,880 [pool-371-thread-1] INFO  server.RaftServerConfigKeys (ConfUtils.java:logGet(44)) - raft.server.log.queue.element-limit = 1024 (custom)
2021-05-19 07:42:57,880 [pool-371-thread-1] INFO  server.RaftServerConfigKeys (ConfUtils.java:logGet(44)) - raft.server.log.segment.size.max = 1048576 (custom)
2021-05-19 07:42:57,880 [pool-371-thread-1] INFO  server.RaftServerConfigKeys (ConfUtils.java:logGet(44)) - raft.server.log.preallocated.size = 16384 (custom)
2021-05-19 07:42:57,881 [pool-371-thread-1] INFO  server.RaftServerConfigKeys (ConfUtils.java:logGet(44)) - raft.server.log.force.sync.num = 128 (default)
2021-05-19 07:42:57,881 [pool-371-thread-1] INFO  server.RaftServerConfigKeys (ConfUtils.java:logGet(44)) - raft.server.log.statemachine.data.sync = true (default)
2021-05-19 07:42:57,881 [pool-371-thread-1] INFO  server.RaftServerConfigKeys (ConfUtils.java:logGet(44)) - raft.server.log.statemachine.data.sync.timeout = 10s (default)
2021-05-19 07:42:57,881 [pool-371-thread-1] INFO  server.RaftServerConfigKeys (ConfUtils.java:logGet(44)) - raft.server.log.statemachine.data.sync.timeout.retry = -1 (default)
2021-05-19 07:42:57,881 [pool-371-thread-1] INFO  server.RaftServerConfigKeys (ConfUtils.java:logGet(44)) - raft.server.log.write.buffer.size = 1048576 (custom)
2021-05-19 07:42:57,882 [pool-371-thread-1] INFO  server.RaftServerConfigKeys (ConfUtils.java:logGet(44)) - raft.server.log.statemachine.data.caching.enabled = true (custom)
2021-05-19 07:42:57,879 [pool-339-thread-1] INFO  storage.RaftStorage (RaftStorageImpl.java:format(87)) - Storage directory /github/workspace/mnt/ozone/hadoop-ozone/integration-test/target/test-dir/MiniOzoneClusterImpl-952c9dfc-8967-4523-b06f-60d3bd5de2bf/datanode-6/data/ratis/34ffaed8-1fd9-4d0b-82e4-4bbccaeda604 has been successfully formatted.
2021-05-19 07:42:57,882 [pool-339-thread-1] INFO  ratis.ContainerStateMachine (ContainerStateMachine.java:loadSnapshot(224)) - group-4BBCCAEDA604: The snapshot info is null. Setting the last applied indexto:(t:0, i:~)
2021-05-19 07:42:57,883 [pool-339-thread-1] INFO  server.RaftServerConfigKeys (ConfUtils.java:logGet(44)) - raft.server.notification.no-leader.timeout = 300000ms (custom)
2021-05-19 07:42:57,883 [pool-339-thread-1] INFO  server.RaftServerConfigKeys (ConfUtils.java:logGet(44)) - raft.server.log.use.memory = false (default)
2021-05-19 07:42:57,883 [pool-339-thread-1] INFO  server.RaftServerConfigKeys (ConfUtils.java:logGet(44)) - raft.server.log.purge.gap = 1000000 (custom)
2021-05-19 07:42:57,883 [pool-339-thread-1] INFO  server.RaftServerConfigKeys (ConfUtils.java:logGet(44)) - raft.server.log.appender.buffer.byte-limit = 33554432 (custom)
2021-05-19 07:42:57,883 [pool-339-thread-1] INFO  metrics.RatisMetrics (RatisMetrics.java:lambda$create$0(36)) - Creating Metrics Registry : ratis.log_worker.b054e63b-a418-439f-9265-0225a71f074a@group-4BBCCAEDA604
2021-05-19 07:42:57,883 [pool-339-thread-1] INFO  server.RaftServerConfigKeys (ConfUtils.java:logGet(44)) - raft.server.log.segment.size.max = 1048576 (custom)
2021-05-19 07:42:57,883 [pool-339-thread-1] INFO  server.RaftServerConfigKeys (ConfUtils.java:logGet(44)) - raft.server.log.segment.cache.num.max = 2 (custom)
2021-05-19 07:42:57,884 [pool-339-thread-1] INFO  server.RaftServerConfigKeys (ConfUtils.java:logGet(44)) - raft.server.log.segment.cache.size.max = 200MB (=209715200) (default)
2021-05-19 07:42:57,884 [pool-339-thread-1] INFO  segmented.SegmentedRaftLogWorker (SegmentedRaftLogWorker.java:<init>(182)) - new b054e63b-a418-439f-9265-0225a71f074a@group-4BBCCAEDA604-SegmentedRaftLogWorker for RaftStorageImpl:Storage Directory /github/workspace/mnt/ozone/hadoop-ozone/integration-test/target/test-dir/MiniOzoneClusterImpl-952c9dfc-8967-4523-b06f-60d3bd5de2bf/datanode-6/data/ratis/34ffaed8-1fd9-4d0b-82e4-4bbccaeda604
2021-05-19 07:42:57,884 [pool-339-thread-1] INFO  server.RaftServerConfigKeys (ConfUtils.java:logGet(44)) - raft.server.log.queue.byte-limit = 2147483647 (custom)
2021-05-19 07:42:57,884 [pool-339-thread-1] INFO  server.RaftServerConfigKeys (ConfUtils.java:logGet(44)) - raft.server.log.queue.element-limit = 1024 (custom)
2021-05-19 07:42:57,884 [pool-339-thread-1] INFO  server.RaftServerConfigKeys (ConfUtils.java:logGet(44)) - raft.server.log.segment.size.max = 1048576 (custom)
2021-05-19 07:42:57,884 [pool-339-thread-1] INFO  server.RaftServerConfigKeys (ConfUtils.java:logGet(44)) - raft.server.log.preallocated.size = 16384 (custom)
2021-05-19 07:42:57,884 [pool-339-thread-1] INFO  server.RaftServerConfigKeys (ConfUtils.java:logGet(44)) - raft.server.log.force.sync.num = 128 (default)
2021-05-19 07:42:57,884 [pool-339-thread-1] INFO  server.RaftServerConfigKeys (ConfUtils.java:logGet(44)) - raft.server.log.statemachine.data.sync = true (default)
2021-05-19 07:42:57,884 [pool-339-thread-1] INFO  server.RaftServerConfigKeys (ConfUtils.java:logGet(44)) - raft.server.log.statemachine.data.sync.timeout = 10s (default)
2021-05-19 07:42:57,884 [pool-339-thread-1] INFO  server.RaftServerConfigKeys (ConfUtils.java:logGet(44)) - raft.server.log.statemachine.data.sync.timeout.retry = -1 (default)
2021-05-19 07:42:57,885 [pool-339-thread-1] INFO  server.RaftServerConfigKeys (ConfUtils.java:logGet(44)) - raft.server.log.write.buffer.size = 1048576 (custom)
2021-05-19 07:42:57,885 [pool-339-thread-1] INFO  server.RaftServerConfigKeys (ConfUtils.java:logGet(44)) - raft.server.log.statemachine.data.caching.enabled = true (custom)
2021-05-19 07:42:57,886 [pool-339-thread-1] INFO  segmented.SegmentedRaftLogWorker (SegmentedRaftLogWorker.java:lambda$new$0(133)) - b054e63b-a418-439f-9265-0225a71f074a@group-4BBCCAEDA604-SegmentedRaftLogWorker: flushIndex: setUnconditionally 0 -> -1
2021-05-19 07:42:57,886 [pool-339-thread-1] INFO  segmented.SegmentedRaftLogWorker (SegmentedRaftLogWorker.java:lambda$new$0(133)) - b054e63b-a418-439f-9265-0225a71f074a@group-4BBCCAEDA604-SegmentedRaftLogWorker: safeCacheEvictIndex: setUnconditionally 0 -> -1
2021-05-19 07:42:57,886 [pool-371-thread-1] INFO  segmented.SegmentedRaftLogWorker (SegmentedRaftLogWorker.java:lambda$new$0(133)) - a14714da-c87c-4361-b393-7e96cf422ed7@group-4BBCCAEDA604-SegmentedRaftLogWorker: flushIndex: setUnconditionally 0 -> -1
2021-05-19 07:42:57,886 [pool-371-thread-1] INFO  segmented.SegmentedRaftLogWorker (SegmentedRaftLogWorker.java:lambda$new$0(133)) - a14714da-c87c-4361-b393-7e96cf422ed7@group-4BBCCAEDA604-SegmentedRaftLogWorker: safeCacheEvictIndex: setUnconditionally 0 -> -1
2021-05-19 07:42:57,890 [pool-339-thread-1] INFO  server.RaftServerConfigKeys (ConfUtils.java:logGet(44)) - raft.server.snapshot.auto.trigger.enabled = true (custom)
2021-05-19 07:42:57,890 [pool-339-thread-1] INFO  server.RaftServerConfigKeys (ConfUtils.java:logGet(44)) - raft.server.snapshot.auto.trigger.threshold = 10000 (custom)
2021-05-19 07:42:57,890 [pool-339-thread-1] INFO  server.RaftServerConfigKeys (ConfUtils.java:logGet(44)) - raft.server.snapshot.retention.file.num = 5 (custom)
2021-05-19 07:42:57,890 [pool-339-thread-1] INFO  server.RaftServerConfigKeys (ConfUtils.java:logGet(44)) - raft.server.log.purge.upto.snapshot.index = false (default)
2021-05-19 07:42:57,894 [pool-371-thread-1] INFO  server.RaftServerConfigKeys (ConfUtils.java:logGet(44)) - raft.server.snapshot.auto.trigger.enabled = true (custom)
2021-05-19 07:42:57,894 [pool-371-thread-1] INFO  server.RaftServerConfigKeys (ConfUtils.java:logGet(44)) - raft.server.snapshot.auto.trigger.threshold = 10000 (custom)
2021-05-19 07:42:57,894 [pool-371-thread-1] INFO  server.RaftServerConfigKeys (ConfUtils.java:logGet(44)) - raft.server.snapshot.retention.file.num = 5 (custom)
2021-05-19 07:42:57,894 [pool-371-thread-1] INFO  server.RaftServerConfigKeys (ConfUtils.java:logGet(44)) - raft.server.log.purge.upto.snapshot.index = false (default)
2021-05-19 07:42:57,894 [pool-371-thread-1] INFO  server.RaftServerConfigKeys (ConfUtils.java:logGet(44)) - raft.server.retrycache.expirytime = 600000ms (custom)
2021-05-19 07:42:57,894 [pool-371-thread-1] INFO  server.RaftServerConfigKeys (ConfUtils.java:logGet(44)) - raft.server.retrycache.statistics.expirytime = 100?s (default)
2021-05-19 07:42:57,895 [pool-371-thread-1] INFO  metrics.RatisMetrics (RatisMetrics.java:lambda$create$0(36)) - Creating Metrics Registry : ratis.leader_election.a14714da-c87c-4361-b393-7e96cf422ed7@group-4BBCCAEDA604
2021-05-19 07:42:57,895 [pool-371-thread-1] INFO  metrics.RatisMetrics (RatisMetrics.java:lambda$create$0(36)) - Creating Metrics Registry : ratis.server.a14714da-c87c-4361-b393-7e96cf422ed7@group-4BBCCAEDA604
2021-05-19 07:42:57,896 [pool-371-thread-1] INFO  server.RaftServer$Division (RaftServerImpl.java:start(295)) - a14714da-c87c-4361-b393-7e96cf422ed7@group-4BBCCAEDA604: start as a follower, conf=-1: [a14714da-c87c-4361-b393-7e96cf422ed7|rpc:172.17.0.2:45547|priority:0, b054e63b-a418-439f-9265-0225a71f074a|rpc:172.17.0.2:34287|priority:0, 8e81be81-8cf3-4cb2-af1f-2c1c9bc19b0e|rpc:172.17.0.2:41855|priority:1], old=null
2021-05-19 07:42:57,896 [pool-371-thread-1] INFO  server.RaftServer$Division (RaftServerImpl.java:setRole(284)) - a14714da-c87c-4361-b393-7e96cf422ed7@group-4BBCCAEDA604: changes role from      null to FOLLOWER at term 0 for startAsFollower
2021-05-19 07:42:57,896 [pool-371-thread-1] INFO  impl.RoleInfo (RoleInfo.java:updateAndGet(130)) - a14714da-c87c-4361-b393-7e96cf422ed7: start a14714da-c87c-4361-b393-7e96cf422ed7@group-4BBCCAEDA604-FollowerState
2021-05-19 07:42:57,895 [pool-339-thread-1] INFO  server.RaftServerConfigKeys (ConfUtils.java:logGet(44)) - raft.server.retrycache.expirytime = 600000ms (custom)
2021-05-19 07:42:57,896 [pool-339-thread-1] INFO  server.RaftServerConfigKeys (ConfUtils.java:logGet(44)) - raft.server.retrycache.statistics.expirytime = 100?s (default)
2021-05-19 07:42:57,896 [pool-339-thread-1] INFO  metrics.RatisMetrics (RatisMetrics.java:lambda$create$0(36)) - Creating Metrics Registry : ratis.leader_election.b054e63b-a418-439f-9265-0225a71f074a@group-4BBCCAEDA604
2021-05-19 07:42:57,897 [pool-339-thread-1] INFO  metrics.RatisMetrics (RatisMetrics.java:lambda$create$0(36)) - Creating Metrics Registry : ratis.server.b054e63b-a418-439f-9265-0225a71f074a@group-4BBCCAEDA604
2021-05-19 07:42:57,897 [pool-339-thread-1] INFO  server.RaftServer$Division (RaftServerImpl.java:start(295)) - b054e63b-a418-439f-9265-0225a71f074a@group-4BBCCAEDA604: start as a follower, conf=-1: [a14714da-c87c-4361-b393-7e96cf422ed7|rpc:172.17.0.2:45547|priority:0, b054e63b-a418-439f-9265-0225a71f074a|rpc:172.17.0.2:34287|priority:0, 8e81be81-8cf3-4cb2-af1f-2c1c9bc19b0e|rpc:172.17.0.2:41855|priority:1], old=null
2021-05-19 07:42:57,897 [pool-339-thread-1] INFO  server.RaftServer$Division (RaftServerImpl.java:setRole(284)) - b054e63b-a418-439f-9265-0225a71f074a@group-4BBCCAEDA604: changes role from      null to FOLLOWER at term 0 for startAsFollower
2021-05-19 07:42:57,898 [pool-371-thread-1] INFO  util.JmxRegister (JmxRegister.java:tryRegister(44)) - Successfully registered JMX Bean with object name Ratis:service=RaftServer,group=group-4BBCCAEDA604,id=a14714da-c87c-4361-b393-7e96cf422ed7
2021-05-19 07:42:57,898 [pool-371-thread-1] INFO  metrics.RatisMetrics (RatisMetrics.java:lambda$create$0(36)) - Creating Metrics Registry : ratis.state_machine.a14714da-c87c-4361-b393-7e96cf422ed7@group-4BBCCAEDA604
2021-05-19 07:42:57,898 [pool-339-thread-1] INFO  impl.RoleInfo (RoleInfo.java:updateAndGet(130)) - b054e63b-a418-439f-9265-0225a71f074a: start b054e63b-a418-439f-9265-0225a71f074a@group-4BBCCAEDA604-FollowerState
2021-05-19 07:42:57,899 [Command processor thread] INFO  ratis.XceiverServerRatis (XceiverServerRatis.java:addGroup(808)) - Created group PipelineID=34ffaed8-1fd9-4d0b-82e4-4bbccaeda604
2021-05-19 07:42:57,900 [Command processor thread] INFO  metrics.RatisMetrics (RatisMetrics.java:lambda$create$0(36)) - Creating Metrics Registry : ratis.client_message_metrics.client-E76A0E2A16A5->b054e63b-a418-439f-9265-0225a71f074a
2021-05-19 07:42:57,911 [pool-339-thread-1] INFO  util.JmxRegister (JmxRegister.java:tryRegister(44)) - Successfully registered JMX Bean with object name Ratis:service=RaftServer,group=group-4BBCCAEDA604,id=b054e63b-a418-439f-9265-0225a71f074a
2021-05-19 07:42:57,911 [pool-339-thread-1] INFO  metrics.RatisMetrics (RatisMetrics.java:lambda$create$0(36)) - Creating Metrics Registry : ratis.state_machine.b054e63b-a418-439f-9265-0225a71f074a@group-4BBCCAEDA604
2021-05-19 07:42:57,912 [Command processor thread] INFO  ratis.XceiverServerRatis (XceiverServerRatis.java:addGroup(808)) - Created group PipelineID=34ffaed8-1fd9-4d0b-82e4-4bbccaeda604
2021-05-19 07:42:57,914 [Command processor thread] INFO  metrics.RatisMetrics (RatisMetrics.java:lambda$create$0(36)) - Creating Metrics Registry : ratis.client_message_metrics.client-E60512BA91B7->a14714da-c87c-4361-b393-7e96cf422ed7
2021-05-19 07:42:57,944 [Command processor thread] INFO  metrics.RatisMetrics (RatisMetrics.java:lambda$create$0(36)) - Creating Metrics Registry : ratis.client_message_metrics.client-955C9D884989->8e81be81-8cf3-4cb2-af1f-2c1c9bc19b0e
2021-05-19 07:42:57,948 [grpc-default-executor-1] INFO  server.RaftServer (RaftServerProxy.java:addNew(95)) - 8e81be81-8cf3-4cb2-af1f-2c1c9bc19b0e: addNew group-4BBCCAEDA604:[a14714da-c87c-4361-b393-7e96cf422ed7|rpc:172.17.0.2:45547|dataStream:|priority:0, b054e63b-a418-439f-9265-0225a71f074a|rpc:172.17.0.2:34287|dataStream:|priority:0, 8e81be81-8cf3-4cb2-af1f-2c1c9bc19b0e|rpc:172.17.0.2:41855|dataStream:|priority:1] returns group-4BBCCAEDA604:java.util.concurrent.CompletableFuture@5f81a61c[Not completed]
2021-05-19 07:42:57,949 [pool-249-thread-1] INFO  server.RaftServer$Division (RaftServerImpl.java:<init>(180)) - 8e81be81-8cf3-4cb2-af1f-2c1c9bc19b0e: new RaftServerImpl for group-4BBCCAEDA604:[a14714da-c87c-4361-b393-7e96cf422ed7|rpc:172.17.0.2:45547|dataStream:|priority:0, b054e63b-a418-439f-9265-0225a71f074a|rpc:172.17.0.2:34287|dataStream:|priority:0, 8e81be81-8cf3-4cb2-af1f-2c1c9bc19b0e|rpc:172.17.0.2:41855|dataStream:|priority:1] with ContainerStateMachine:uninitialized
2021-05-19 07:42:57,949 [pool-249-thread-1] INFO  server.RaftServerConfigKeys (ConfUtils.java:logGet(44)) - raft.server.rpc.timeout.min = 5s (custom)
2021-05-19 07:42:57,949 [pool-249-thread-1] INFO  server.RaftServerConfigKeys (ConfUtils.java:logGet(44)) - raft.server.rpc.timeout.max = 5200ms (custom)
2021-05-19 07:42:57,949 [pool-249-thread-1] INFO  server.RaftServerConfigKeys (ConfUtils.java:logGet(44)) - raft.server.rpc.sleep.time = 25ms (default)
2021-05-19 07:42:57,949 [pool-249-thread-1] INFO  server.RaftServerConfigKeys (ConfUtils.java:logGet(44)) - raft.server.rpc.slowness.timeout = 300000ms (custom)
2021-05-19 07:42:57,949 [pool-249-thread-1] INFO  server.RaftServerConfigKeys (ConfUtils.java:logGet(44)) - raft.server.leaderelection.leader.step-down.wait-time = 10s (default)
2021-05-19 07:42:57,949 [pool-249-thread-1] INFO  server.RaftServerConfigKeys (ConfUtils.java:logGet(44)) - raft.server.sleep.deviation.threshold = 300ms (default)
2021-05-19 07:42:57,949 [pool-249-thread-1] INFO  server.RaftServerConfigKeys (ConfUtils.java:logGet(44)) - raft.server.log.appender.install.snapshot.enabled = false (custom)
2021-05-19 07:42:57,949 [pool-249-thread-1] INFO  server.RaftServer$Division (ServerState.java:<init>(105)) - 8e81be81-8cf3-4cb2-af1f-2c1c9bc19b0e@group-4BBCCAEDA604: ConfigurationManager, init=-1: [a14714da-c87c-4361-b393-7e96cf422ed7|rpc:172.17.0.2:45547|dataStream:|priority:0, b054e63b-a418-439f-9265-0225a71f074a|rpc:172.17.0.2:34287|dataStream:|priority:0, 8e81be81-8cf3-4cb2-af1f-2c1c9bc19b0e|rpc:172.17.0.2:41855|dataStream:|priority:1], old=null, confs=<EMPTY_MAP>
2021-05-19 07:42:57,949 [pool-249-thread-1] INFO  server.RaftServerConfigKeys (ConfUtils.java:logGet(44)) - raft.server.storage.dir = [/github/workspace/mnt/ozone/hadoop-ozone/integration-test/target/test-dir/MiniOzoneClusterImpl-952c9dfc-8967-4523-b06f-60d3bd5de2bf/datanode-1/data/ratis] (custom)
2021-05-19 07:42:57,949 [pool-249-thread-1] INFO  server.RaftServerConfigKeys (ConfUtils.java:logGet(44)) - raft.server.log.corruption.policy = EXCEPTION (default)
2021-05-19 07:42:57,950 [pool-249-thread-1] INFO  storage.RaftStorageDirectory (RaftStorageDirectoryImpl.java:analyzeStorage(132)) - The storage directory /github/workspace/mnt/ozone/hadoop-ozone/integration-test/target/test-dir/MiniOzoneClusterImpl-952c9dfc-8967-4523-b06f-60d3bd5de2bf/datanode-1/data/ratis/34ffaed8-1fd9-4d0b-82e4-4bbccaeda604 does not exist. Creating ...
2021-05-19 07:42:57,950 [pool-249-thread-1] INFO  storage.RaftStorageDirectory (RaftStorageDirectoryImpl.java:tryLock(215)) - Lock on /github/workspace/mnt/ozone/hadoop-ozone/integration-test/target/test-dir/MiniOzoneClusterImpl-952c9dfc-8967-4523-b06f-60d3bd5de2bf/datanode-1/data/ratis/34ffaed8-1fd9-4d0b-82e4-4bbccaeda604/in_use.lock acquired by nodename 16447@3974e5c036b4
2021-05-19 07:42:57,951 [pool-249-thread-1] INFO  storage.RaftStorage (RaftStorageImpl.java:format(87)) - Storage directory /github/workspace/mnt/ozone/hadoop-ozone/integration-test/target/test-dir/MiniOzoneClusterImpl-952c9dfc-8967-4523-b06f-60d3bd5de2bf/datanode-1/data/ratis/34ffaed8-1fd9-4d0b-82e4-4bbccaeda604 has been successfully formatted.
2021-05-19 07:42:57,952 [pool-249-thread-1] INFO  ratis.ContainerStateMachine (ContainerStateMachine.java:loadSnapshot(224)) - group-4BBCCAEDA604: The snapshot info is null. Setting the last applied indexto:(t:0, i:~)
2021-05-19 07:42:57,952 [pool-249-thread-1] INFO  server.RaftServerConfigKeys (ConfUtils.java:logGet(44)) - raft.server.notification.no-leader.timeout = 300000ms (custom)
2021-05-19 07:42:57,952 [pool-249-thread-1] INFO  server.RaftServerConfigKeys (ConfUtils.java:logGet(44)) - raft.server.log.use.memory = false (default)
2021-05-19 07:42:57,952 [pool-249-thread-1] INFO  server.RaftServerConfigKeys (ConfUtils.java:logGet(44)) - raft.server.log.purge.gap = 1000000 (custom)
2021-05-19 07:42:57,952 [pool-249-thread-1] INFO  server.RaftServerConfigKeys (ConfUtils.java:logGet(44)) - raft.server.log.appender.buffer.byte-limit = 33554432 (custom)
2021-05-19 07:42:57,952 [pool-249-thread-1] INFO  metrics.RatisMetrics (RatisMetrics.java:lambda$create$0(36)) - Creating Metrics Registry : ratis.log_worker.8e81be81-8cf3-4cb2-af1f-2c1c9bc19b0e@group-4BBCCAEDA604
2021-05-19 07:42:57,952 [pool-249-thread-1] INFO  server.RaftServerConfigKeys (ConfUtils.java:logGet(44)) - raft.server.log.segment.size.max = 1048576 (custom)
2021-05-19 07:42:57,952 [pool-249-thread-1] INFO  server.RaftServerConfigKeys (ConfUtils.java:logGet(44)) - raft.server.log.segment.cache.num.max = 2 (custom)
2021-05-19 07:42:57,952 [pool-249-thread-1] INFO  server.RaftServerConfigKeys (ConfUtils.java:logGet(44)) - raft.server.log.segment.cache.size.max = 200MB (=209715200) (default)
2021-05-19 07:42:57,952 [pool-249-thread-1] INFO  segmented.SegmentedRaftLogWorker (SegmentedRaftLogWorker.java:<init>(182)) - new 8e81be81-8cf3-4cb2-af1f-2c1c9bc19b0e@group-4BBCCAEDA604-SegmentedRaftLogWorker for RaftStorageImpl:Storage Directory /github/workspace/mnt/ozone/hadoop-ozone/integration-test/target/test-dir/MiniOzoneClusterImpl-952c9dfc-8967-4523-b06f-60d3bd5de2bf/datanode-1/data/ratis/34ffaed8-1fd9-4d0b-82e4-4bbccaeda604
2021-05-19 07:42:57,953 [pool-249-thread-1] INFO  server.RaftServerConfigKeys (ConfUtils.java:logGet(44)) - raft.server.log.queue.byte-limit = 2147483647 (custom)
2021-05-19 07:42:57,953 [pool-249-thread-1] INFO  server.RaftServerConfigKeys (ConfUtils.java:logGet(44)) - raft.server.log.queue.element-limit = 1024 (custom)
2021-05-19 07:42:57,953 [pool-249-thread-1] INFO  server.RaftServerConfigKeys (ConfUtils.java:logGet(44)) - raft.server.log.segment.size.max = 1048576 (custom)
2021-05-19 07:42:57,953 [pool-249-thread-1] INFO  server.RaftServerConfigKeys (ConfUtils.java:logGet(44)) - raft.server.log.preallocated.size = 16384 (custom)
2021-05-19 07:42:57,953 [pool-249-thread-1] INFO  server.RaftServerConfigKeys (ConfUtils.java:logGet(44)) - raft.server.log.force.sync.num = 128 (default)
2021-05-19 07:42:57,953 [pool-249-thread-1] INFO  server.RaftServerConfigKeys (ConfUtils.java:logGet(44)) - raft.server.log.statemachine.data.sync = true (default)
2021-05-19 07:42:57,953 [pool-249-thread-1] INFO  server.RaftServerConfigKeys (ConfUtils.java:logGet(44)) - raft.server.log.statemachine.data.sync.timeout = 10s (default)
2021-05-19 07:42:57,953 [pool-249-thread-1] INFO  server.RaftServerConfigKeys (ConfUtils.java:logGet(44)) - raft.server.log.statemachine.data.sync.timeout.retry = -1 (default)
2021-05-19 07:42:57,954 [pool-249-thread-1] INFO  server.RaftServerConfigKeys (ConfUtils.java:logGet(44)) - raft.server.log.write.buffer.size = 1048576 (custom)
2021-05-19 07:42:57,954 [pool-249-thread-1] INFO  server.RaftServerConfigKeys (ConfUtils.java:logGet(44)) - raft.server.log.statemachine.data.caching.enabled = true (custom)
2021-05-19 07:42:57,954 [pool-249-thread-1] INFO  segmented.SegmentedRaftLogWorker (SegmentedRaftLogWorker.java:lambda$new$0(133)) - 8e81be81-8cf3-4cb2-af1f-2c1c9bc19b0e@group-4BBCCAEDA604-SegmentedRaftLogWorker: flushIndex: setUnconditionally 0 -> -1
2021-05-19 07:42:57,954 [pool-249-thread-1] INFO  segmented.SegmentedRaftLogWorker (SegmentedRaftLogWorker.java:lambda$new$0(133)) - 8e81be81-8cf3-4cb2-af1f-2c1c9bc19b0e@group-4BBCCAEDA604-SegmentedRaftLogWorker: safeCacheEvictIndex: setUnconditionally 0 -> -1
2021-05-19 07:42:57,955 [pool-249-thread-1] INFO  server.RaftServerConfigKeys (ConfUtils.java:logGet(44)) - raft.server.snapshot.auto.trigger.enabled = true (custom)
2021-05-19 07:42:57,955 [pool-249-thread-1] INFO  server.RaftServerConfigKeys (ConfUtils.java:logGet(44)) - raft.server.snapshot.auto.trigger.threshold = 10000 (custom)
2021-05-19 07:42:57,955 [pool-249-thread-1] INFO  server.RaftServerConfigKeys (ConfUtils.java:logGet(44)) - raft.server.snapshot.retention.file.num = 5 (custom)
2021-05-19 07:42:57,955 [pool-249-thread-1] INFO  server.RaftServerConfigKeys (ConfUtils.java:logGet(44)) - raft.server.log.purge.upto.snapshot.index = false (default)
2021-05-19 07:42:57,955 [pool-249-thread-1] INFO  server.RaftServerConfigKeys (ConfUtils.java:logGet(44)) - raft.server.retrycache.expirytime = 600000ms (custom)
2021-05-19 07:42:57,955 [pool-249-thread-1] INFO  server.RaftServerConfigKeys (ConfUtils.java:logGet(44)) - raft.server.retrycache.statistics.expirytime = 100?s (default)
2021-05-19 07:42:57,955 [pool-249-thread-1] INFO  metrics.RatisMetrics (RatisMetrics.java:lambda$create$0(36)) - Creating Metrics Registry : ratis.leader_election.8e81be81-8cf3-4cb2-af1f-2c1c9bc19b0e@group-4BBCCAEDA604
2021-05-19 07:42:57,955 [pool-249-thread-1] INFO  metrics.RatisMetrics (RatisMetrics.java:lambda$create$0(36)) - Creating Metrics Registry : ratis.server.8e81be81-8cf3-4cb2-af1f-2c1c9bc19b0e@group-4BBCCAEDA604
2021-05-19 07:42:57,956 [pool-249-thread-1] INFO  server.RaftServer$Division (RaftServerImpl.java:start(295)) - 8e81be81-8cf3-4cb2-af1f-2c1c9bc19b0e@group-4BBCCAEDA604: start as a follower, conf=-1: [a14714da-c87c-4361-b393-7e96cf422ed7|rpc:172.17.0.2:45547|dataStream:|priority:0, b054e63b-a418-439f-9265-0225a71f074a|rpc:172.17.0.2:34287|dataStream:|priority:0, 8e81be81-8cf3-4cb2-af1f-2c1c9bc19b0e|rpc:172.17.0.2:41855|dataStream:|priority:1], old=null
2021-05-19 07:42:57,956 [pool-249-thread-1] INFO  server.RaftServer$Division (RaftServerImpl.java:setRole(284)) - 8e81be81-8cf3-4cb2-af1f-2c1c9bc19b0e@group-4BBCCAEDA604: changes role from      null to FOLLOWER at term 0 for startAsFollower
2021-05-19 07:42:57,956 [pool-249-thread-1] INFO  impl.RoleInfo (RoleInfo.java:updateAndGet(130)) - 8e81be81-8cf3-4cb2-af1f-2c1c9bc19b0e: start 8e81be81-8cf3-4cb2-af1f-2c1c9bc19b0e@group-4BBCCAEDA604-FollowerState
2021-05-19 07:42:57,956 [pool-249-thread-1] INFO  util.JmxRegister (JmxRegister.java:tryRegister(44)) - Successfully registered JMX Bean with object name Ratis:service=RaftServer,group=group-4BBCCAEDA604,id=8e81be81-8cf3-4cb2-af1f-2c1c9bc19b0e
2021-05-19 07:42:57,956 [pool-249-thread-1] INFO  metrics.RatisMetrics (RatisMetrics.java:lambda$create$0(36)) - Creating Metrics Registry : ratis.state_machine.8e81be81-8cf3-4cb2-af1f-2c1c9bc19b0e@group-4BBCCAEDA604
2021-05-19 07:42:57,964 [Command processor thread] INFO  commandhandler.CreatePipelineCommandHandler (CreatePipelineCommandHandler.java:handle(106)) - Created Pipeline RATIS THREE PipelineID=34ffaed8-1fd9-4d0b-82e4-4bbccaeda604.
2021-05-19 07:42:58,394 [Datanode State Machine Thread - 0] INFO  statemachine.DatanodeStateMachine (DatanodeStateMachine.java:lambda$startDaemon$0(411)) - Ozone container server started.
2021-05-19 07:43:02,720 [ForkJoinPool.commonPool-worker-0] INFO  ozoneimpl.OzoneContainer (OzoneContainer.java:stop(312)) - Attempting to stop container services.
2021-05-19 07:43:02,720 [Listener at 127.0.0.1/41639] INFO  ozoneimpl.OzoneContainer (OzoneContainer.java:stop(312)) - Attempting to stop container services.
2021-05-19 07:43:02,721 [ForkJoinPool.commonPool-worker-0] INFO  server.RaftServer (RaftServerProxy.java:lambda$close$6(391)) - 8e81be81-8cf3-4cb2-af1f-2c1c9bc19b0e: close
2021-05-19 07:43:02,721 [ForkJoinPool.commonPool-worker-0] INFO  server.RaftServer$Division (RaftServerImpl.java:lambda$close$4(406)) - 8e81be81-8cf3-4cb2-af1f-2c1c9bc19b0e@group-4BBCCAEDA604: shutdown
2021-05-19 07:43:02,721 [ForkJoinPool.commonPool-worker-0] INFO  util.JmxRegister (JmxRegister.java:unregister(73)) - Successfully un-registered JMX Bean with object name Ratis:service=RaftServer,group=group-4BBCCAEDA604,id=8e81be81-8cf3-4cb2-af1f-2c1c9bc19b0e
2021-05-19 07:43:02,721 [ForkJoinPool.commonPool-worker-0] INFO  impl.RoleInfo (RoleInfo.java:shutdownFollowerState(108)) - 8e81be81-8cf3-4cb2-af1f-2c1c9bc19b0e: shutdown 8e81be81-8cf3-4cb2-af1f-2c1c9bc19b0e@group-4BBCCAEDA604-FollowerState
2021-05-19 07:43:02,721 [ForkJoinPool.commonPool-worker-0] INFO  impl.StateMachineUpdater (StateMachineUpdater.java:stopAndJoin(149)) - 8e81be81-8cf3-4cb2-af1f-2c1c9bc19b0e@group-4BBCCAEDA604-StateMachineUpdater: set stopIndex = -1
2021-05-19 07:43:02,721 [8e81be81-8cf3-4cb2-af1f-2c1c9bc19b0e@group-4BBCCAEDA604-StateMachineUpdater] INFO  metrics.RatisMetrics (RatisMetrics.java:unregister(43)) - Unregistering Metrics Registry : ratis.state_machine.8e81be81-8cf3-4cb2-af1f-2c1c9bc19b0e@group-4BBCCAEDA604
2021-05-19 07:43:02,722 [8e81be81-8cf3-4cb2-af1f-2c1c9bc19b0e@group-4BBCCAEDA604-FollowerState] INFO  impl.FollowerState (FollowerState.java:run(143)) - 8e81be81-8cf3-4cb2-af1f-2c1c9bc19b0e@group-4BBCCAEDA604-FollowerState was interrupted: {}
java.lang.InterruptedException: sleep interrupted
	at java.lang.Thread.sleep(Native Method)
	at java.lang.Thread.sleep(Thread.java:340)
	at java.util.concurrent.TimeUnit.sleep(TimeUnit.java:386)
	at org.apache.ratis.util.TimeDuration.sleep(TimeDuration.java:324)
	at org.apache.ratis.util.TimeDuration.sleep(TimeDuration.java:309)
	at org.apache.ratis.server.impl.FollowerState.run(FollowerState.java:118)
2021-05-19 07:43:02,722 [ForkJoinPool.commonPool-worker-0] INFO  server.RaftServer$Division (ServerState.java:close(405)) - 8e81be81-8cf3-4cb2-af1f-2c1c9bc19b0e@group-4BBCCAEDA604: closes. applyIndex: -1
2021-05-19 07:43:02,721 [Listener at 127.0.0.1/41639] INFO  server.RaftServer (RaftServerProxy.java:lambda$close$6(391)) - a4ee1d3f-5505-4afe-8a03-746b4b90cef8: close
2021-05-19 07:43:02,722 [Listener at 127.0.0.1/41639] INFO  server.RaftServer$Division (RaftServerImpl.java:lambda$close$4(406)) - a4ee1d3f-5505-4afe-8a03-746b4b90cef8@group-03E6AD90B47F: shutdown
2021-05-19 07:43:02,722 [8e81be81-8cf3-4cb2-af1f-2c1c9bc19b0e@group-4BBCCAEDA604-SegmentedRaftLogWorker] INFO  segmented.SegmentedRaftLogWorker (SegmentedRaftLogWorker.java:run(327)) - 8e81be81-8cf3-4cb2-af1f-2c1c9bc19b0e@group-4BBCCAEDA604-SegmentedRaftLogWorker was interrupted, exiting. There are 0 tasks remaining in the queue.
2021-05-19 07:43:02,722 [Listener at 127.0.0.1/41639] INFO  util.JmxRegister (JmxRegister.java:unregister(73)) - Successfully un-registered JMX Bean with object name Ratis:service=RaftServer,group=group-03E6AD90B47F,id=a4ee1d3f-5505-4afe-8a03-746b4b90cef8
2021-05-19 07:43:02,722 [ForkJoinPool.commonPool-worker-0] INFO  segmented.SegmentedRaftLogWorker (SegmentedRaftLogWorker.java:close(237)) - 8e81be81-8cf3-4cb2-af1f-2c1c9bc19b0e@group-4BBCCAEDA604-SegmentedRaftLogWorker close()
2021-05-19 07:43:02,722 [Listener at 127.0.0.1/41639] INFO  impl.RoleInfo (RoleInfo.java:shutdownFollowerState(108)) - a4ee1d3f-5505-4afe-8a03-746b4b90cef8: shutdown a4ee1d3f-5505-4afe-8a03-746b4b90cef8@group-03E6AD90B47F-FollowerState
2021-05-19 07:43:02,724 [Listener at 127.0.0.1/41639] INFO  impl.StateMachineUpdater (StateMachineUpdater.java:stopAndJoin(149)) - a4ee1d3f-5505-4afe-8a03-746b4b90cef8@group-03E6AD90B47F-StateMachineUpdater: set stopIndex = 0
2021-05-19 07:43:02,724 [a4ee1d3f-5505-4afe-8a03-746b4b90cef8@group-03E6AD90B47F-FollowerState] INFO  impl.FollowerState (FollowerState.java:run(143)) - a4ee1d3f-5505-4afe-8a03-746b4b90cef8@group-03E6AD90B47F-FollowerState was interrupted: {}
java.lang.InterruptedException: sleep interrupted
	at java.lang.Thread.sleep(Native Method)
	at java.lang.Thread.sleep(Thread.java:340)
	at java.util.concurrent.TimeUnit.sleep(TimeUnit.java:386)
	at org.apache.ratis.util.TimeDuration.sleep(TimeDuration.java:324)
	at org.apache.ratis.util.TimeDuration.sleep(TimeDuration.java:309)
	at org.apache.ratis.server.impl.FollowerState.run(FollowerState.java:118)
2021-05-19 07:43:02,724 [ForkJoinPool.commonPool-worker-0] INFO  metrics.RatisMetrics (RatisMetrics.java:unregister(43)) - Unregistering Metrics Registry : ratis.log_worker.8e81be81-8cf3-4cb2-af1f-2c1c9bc19b0e@group-4BBCCAEDA604
2021-05-19 07:43:02,724 [a4ee1d3f-5505-4afe-8a03-746b4b90cef8@group-03E6AD90B47F-StateMachineUpdater] INFO  ratis.ContainerStateMachine (ContainerStateMachine.java:takeSnapshot(292)) - group-03E6AD90B47F: Taking a snapshot at:(t:2, i:0) file /github/workspace/mnt/ozone/hadoop-ozone/integration-test/target/test-dir/MiniOzoneClusterImpl-952c9dfc-8967-4523-b06f-60d3bd5de2bf/datanode-4/data/ratis/5b0e428d-fccc-451c-957f-03e6ad90b47f/sm/snapshot.2_0
2021-05-19 07:43:02,725 [ForkJoinPool.commonPool-worker-0] INFO  metrics.RatisMetrics (RatisMetrics.java:unregister(43)) - Unregistering Metrics Registry : ratis.leader_election.8e81be81-8cf3-4cb2-af1f-2c1c9bc19b0e@group-4BBCCAEDA604
2021-05-19 07:43:02,725 [ForkJoinPool.commonPool-worker-0] INFO  metrics.RatisMetrics (RatisMetrics.java:unregister(43)) - Unregistering Metrics Registry : ratis.server.8e81be81-8cf3-4cb2-af1f-2c1c9bc19b0e@group-4BBCCAEDA604
2021-05-19 07:43:02,725 [ForkJoinPool.commonPool-worker-0] INFO  server.RaftServer$Division (RaftServerImpl.java:lambda$close$4(406)) - 8e81be81-8cf3-4cb2-af1f-2c1c9bc19b0e@group-62F890F27B82: shutdown
2021-05-19 07:43:02,725 [ForkJoinPool.commonPool-worker-0] INFO  util.JmxRegister (JmxRegister.java:unregister(73)) - Successfully un-registered JMX Bean with object name Ratis:service=RaftServer,group=group-62F890F27B82,id=8e81be81-8cf3-4cb2-af1f-2c1c9bc19b0e
2021-05-19 07:43:02,725 [ForkJoinPool.commonPool-worker-0] INFO  impl.RoleInfo (RoleInfo.java:shutdownFollowerState(108)) - 8e81be81-8cf3-4cb2-af1f-2c1c9bc19b0e: shutdown 8e81be81-8cf3-4cb2-af1f-2c1c9bc19b0e@group-62F890F27B82-FollowerState
2021-05-19 07:43:02,725 [8e81be81-8cf3-4cb2-af1f-2c1c9bc19b0e@group-62F890F27B82-FollowerState] INFO  impl.FollowerState (FollowerState.java:run(143)) - 8e81be81-8cf3-4cb2-af1f-2c1c9bc19b0e@group-62F890F27B82-FollowerState was interrupted: {}
java.lang.InterruptedException: sleep interrupted
	at java.lang.Thread.sleep(Native Method)
	at java.lang.Thread.sleep(Thread.java:340)
	at java.util.concurrent.TimeUnit.sleep(TimeUnit.java:386)
	at org.apache.ratis.util.TimeDuration.sleep(TimeDuration.java:324)
	at org.apache.ratis.util.TimeDuration.sleep(TimeDuration.java:309)
	at org.apache.ratis.server.impl.FollowerState.run(FollowerState.java:118)
2021-05-19 07:43:02,725 [a4ee1d3f-5505-4afe-8a03-746b4b90cef8@group-03E6AD90B47F-StateMachineUpdater] INFO  ratis.ContainerStateMachine (ContainerStateMachine.java:takeSnapshot(303)) - group-03E6AD90B47F: Finished taking a snapshot at:(t:2, i:0) file:/github/workspace/mnt/ozone/hadoop-ozone/integration-test/target/test-dir/MiniOzoneClusterImpl-952c9dfc-8967-4523-b06f-60d3bd5de2bf/datanode-4/data/ratis/5b0e428d-fccc-451c-957f-03e6ad90b47f/sm/snapshot.2_0 took: 1 ms
2021-05-19 07:43:02,725 [8e81be81-8cf3-4cb2-af1f-2c1c9bc19b0e@group-62F890F27B82-StateMachineUpdater] INFO  metrics.RatisMetrics (RatisMetrics.java:unregister(43)) - Unregistering Metrics Registry : ratis.state_machine.8e81be81-8cf3-4cb2-af1f-2c1c9bc19b0e@group-62F890F27B82
2021-05-19 07:43:02,726 [a4ee1d3f-5505-4afe-8a03-746b4b90cef8@group-03E6AD90B47F-StateMachineUpdater] INFO  impl.StateMachineUpdater (StateMachineUpdater.java:takeSnapshot(281)) - a4ee1d3f-5505-4afe-8a03-746b4b90cef8@group-03E6AD90B47F-StateMachineUpdater: Took a snapshot at index 0
2021-05-19 07:43:02,726 [ForkJoinPool.commonPool-worker-0] INFO  impl.StateMachineUpdater (StateMachineUpdater.java:stopAndJoin(149)) - 8e81be81-8cf3-4cb2-af1f-2c1c9bc19b0e@group-62F890F27B82-StateMachineUpdater: set stopIndex = -1
2021-05-19 07:43:02,726 [ForkJoinPool.commonPool-worker-0] INFO  server.RaftServer$Division (ServerState.java:close(405)) - 8e81be81-8cf3-4cb2-af1f-2c1c9bc19b0e@group-62F890F27B82: closes. applyIndex: -1
2021-05-19 07:43:02,726 [a4ee1d3f-5505-4afe-8a03-746b4b90cef8@group-03E6AD90B47F-StateMachineUpdater] INFO  impl.StateMachineUpdater (StateMachineUpdater.java:lambda$new$0(89)) - a4ee1d3f-5505-4afe-8a03-746b4b90cef8@group-03E6AD90B47F-StateMachineUpdater: snapshotIndex: updateIncreasingly -1 -> 0
2021-05-19 07:43:02,726 [8e81be81-8cf3-4cb2-af1f-2c1c9bc19b0e@group-62F890F27B82-SegmentedRaftLogWorker] INFO  segmented.SegmentedRaftLogWorker (SegmentedRaftLogWorker.java:run(327)) - 8e81be81-8cf3-4cb2-af1f-2c1c9bc19b0e@group-62F890F27B82-SegmentedRaftLogWorker was interrupted, exiting. There are 0 tasks remaining in the queue.
2021-05-19 07:43:02,726 [ForkJoinPool.commonPool-worker-0] INFO  segmented.SegmentedRaftLogWorker (SegmentedRaftLogWorker.java:close(237)) - 8e81be81-8cf3-4cb2-af1f-2c1c9bc19b0e@group-62F890F27B82-SegmentedRaftLogWorker close()
2021-05-19 07:43:02,726 [a4ee1d3f-5505-4afe-8a03-746b4b90cef8@group-03E6AD90B47F-StateMachineUpdater] INFO  metrics.RatisMetrics (RatisMetrics.java:unregister(43)) - Unregistering Metrics Registry : ratis.state_machine.a4ee1d3f-5505-4afe-8a03-746b4b90cef8@group-03E6AD90B47F
2021-05-19 07:43:02,726 [Listener at 127.0.0.1/41639] INFO  server.RaftServer$Division (ServerState.java:close(405)) - a4ee1d3f-5505-4afe-8a03-746b4b90cef8@group-03E6AD90B47F: closes. applyIndex: 0
2021-05-19 07:43:02,727 [a4ee1d3f-5505-4afe-8a03-746b4b90cef8@group-03E6AD90B47F-SegmentedRaftLogWorker] INFO  segmented.SegmentedRaftLogWorker (SegmentedRaftLogWorker.java:run(327)) - a4ee1d3f-5505-4afe-8a03-746b4b90cef8@group-03E6AD90B47F-SegmentedRaftLogWorker was interrupted, exiting. There are 0 tasks remaining in the queue.
2021-05-19 07:43:02,727 [Listener at 127.0.0.1/41639] INFO  segmented.SegmentedRaftLogWorker (SegmentedRaftLogWorker.java:close(237)) - a4ee1d3f-5505-4afe-8a03-746b4b90cef8@group-03E6AD90B47F-SegmentedRaftLogWorker close()
2021-05-19 07:43:02,727 [ForkJoinPool.commonPool-worker-0] INFO  metrics.RatisMetrics (RatisMetrics.java:unregister(43)) - Unregistering Metrics Registry : ratis.log_worker.8e81be81-8cf3-4cb2-af1f-2c1c9bc19b0e@group-62F890F27B82
2021-05-19 07:43:02,728 [ForkJoinPool.commonPool-worker-0] INFO  metrics.RatisMetrics (RatisMetrics.java:unregister(43)) - Unregistering Metrics Registry : ratis.leader_election.8e81be81-8cf3-4cb2-af1f-2c1c9bc19b0e@group-62F890F27B82
2021-05-19 07:43:02,728 [ForkJoinPool.commonPool-worker-0] INFO  metrics.RatisMetrics (RatisMetrics.java:unregister(43)) - Unregistering Metrics Registry : ratis.server.8e81be81-8cf3-4cb2-af1f-2c1c9bc19b0e@group-62F890F27B82
2021-05-19 07:43:02,728 [ForkJoinPool.commonPool-worker-0] INFO  server.RaftServer$Division (RaftServerImpl.java:lambda$close$4(406)) - 8e81be81-8cf3-4cb2-af1f-2c1c9bc19b0e@group-0ABA87D6A849: shutdown
2021-05-19 07:43:02,728 [ForkJoinPool.commonPool-worker-0] INFO  util.JmxRegister (JmxRegister.java:unregister(73)) - Successfully un-registered JMX Bean with object name Ratis:service=RaftServer,group=group-0ABA87D6A849,id=8e81be81-8cf3-4cb2-af1f-2c1c9bc19b0e
2021-05-19 07:43:02,728 [ForkJoinPool.commonPool-worker-0] INFO  impl.RoleInfo (RoleInfo.java:shutdownLeaderState(91)) - 8e81be81-8cf3-4cb2-af1f-2c1c9bc19b0e: shutdown 8e81be81-8cf3-4cb2-af1f-2c1c9bc19b0e@group-0ABA87D6A849-LeaderStateImpl
2021-05-19 07:43:02,728 [ForkJoinPool.commonPool-worker-0] INFO  impl.PendingRequests (PendingRequests.java:sendNotLeaderResponses(249)) - 8e81be81-8cf3-4cb2-af1f-2c1c9bc19b0e@group-0ABA87D6A849-PendingRequests: sendNotLeaderResponses
2021-05-19 07:43:02,729 [ForkJoinPool.commonPool-worker-0] INFO  metrics.RatisMetrics (RatisMetrics.java:unregister(43)) - Unregistering Metrics Registry : ratis.log_appender.8e81be81-8cf3-4cb2-af1f-2c1c9bc19b0e@group-0ABA87D6A849
2021-05-19 07:43:02,729 [ForkJoinPool.commonPool-worker-0] INFO  metrics.RatisMetrics (RatisMetrics.java:unregister(43)) - Unregistering Metrics Registry : ratis.server.8e81be81-8cf3-4cb2-af1f-2c1c9bc19b0e@group-0ABA87D6A849
2021-05-19 07:43:02,729 [ForkJoinPool.commonPool-worker-0] INFO  impl.StateMachineUpdater (StateMachineUpdater.java:stopAndJoin(149)) - 8e81be81-8cf3-4cb2-af1f-2c1c9bc19b0e@group-0ABA87D6A849-StateMachineUpdater: set stopIndex = 0
2021-05-19 07:43:02,728 [Listener at 127.0.0.1/41639] INFO  metrics.RatisMetrics (RatisMetrics.java:unregister(43)) - Unregistering Metrics Registry : ratis.log_worker.a4ee1d3f-5505-4afe-8a03-746b4b90cef8@group-03E6AD90B47F
2021-05-19 07:43:02,729 [8e81be81-8cf3-4cb2-af1f-2c1c9bc19b0e@group-0ABA87D6A849-StateMachineUpdater] INFO  ratis.ContainerStateMachine (ContainerStateMachine.java:takeSnapshot(292)) - group-0ABA87D6A849: Taking a snapshot at:(t:1, i:0) file /github/workspace/mnt/ozone/hadoop-ozone/integration-test/target/test-dir/MiniOzoneClusterImpl-952c9dfc-8967-4523-b06f-60d3bd5de2bf/datanode-1/data/ratis/b87480d2-548e-42a5-9717-0aba87d6a849/sm/snapshot.1_0
2021-05-19 07:43:02,730 [8e81be81-8cf3-4cb2-af1f-2c1c9bc19b0e@group-0ABA87D6A849-StateMachineUpdater] INFO  ratis.ContainerStateMachine (ContainerStateMachine.java:takeSnapshot(303)) - group-0ABA87D6A849: Finished taking a snapshot at:(t:1, i:0) file:/github/workspace/mnt/ozone/hadoop-ozone/integration-test/target/test-dir/MiniOzoneClusterImpl-952c9dfc-8967-4523-b06f-60d3bd5de2bf/datanode-1/data/ratis/b87480d2-548e-42a5-9717-0aba87d6a849/sm/snapshot.1_0 took: 1 ms
2021-05-19 07:43:02,730 [8e81be81-8cf3-4cb2-af1f-2c1c9bc19b0e@group-0ABA87D6A849-StateMachineUpdater] INFO  impl.StateMachineUpdater (StateMachineUpdater.java:takeSnapshot(281)) - 8e81be81-8cf3-4cb2-af1f-2c1c9bc19b0e@group-0ABA87D6A849-StateMachineUpdater: Took a snapshot at index 0
2021-05-19 07:43:02,730 [8e81be81-8cf3-4cb2-af1f-2c1c9bc19b0e@group-0ABA87D6A849-StateMachineUpdater] INFO  impl.StateMachineUpdater (StateMachineUpdater.java:lambda$new$0(89)) - 8e81be81-8cf3-4cb2-af1f-2c1c9bc19b0e@group-0ABA87D6A849-StateMachineUpdater: snapshotIndex: updateIncreasingly -1 -> 0
2021-05-19 07:43:02,729 [Listener at 127.0.0.1/41639] INFO  metrics.RatisMetrics (RatisMetrics.java:unregister(43)) - Unregistering Metrics Registry : ratis.leader_election.a4ee1d3f-5505-4afe-8a03-746b4b90cef8@group-03E6AD90B47F
2021-05-19 07:43:02,730 [8e81be81-8cf3-4cb2-af1f-2c1c9bc19b0e@group-0ABA87D6A849-StateMachineUpdater] INFO  metrics.RatisMetrics (RatisMetrics.java:unregister(43)) - Unregistering Metrics Registry : ratis.state_machine.8e81be81-8cf3-4cb2-af1f-2c1c9bc19b0e@group-0ABA87D6A849
2021-05-19 07:43:02,730 [Listener at 127.0.0.1/41639] INFO  metrics.RatisMetrics (RatisMetrics.java:unregister(43)) - Unregistering Metrics Registry : ratis.server.a4ee1d3f-5505-4afe-8a03-746b4b90cef8@group-03E6AD90B47F
2021-05-19 07:43:02,730 [Listener at 127.0.0.1/41639] INFO  server.RaftServer$Division (RaftServerImpl.java:lambda$close$4(406)) - a4ee1d3f-5505-4afe-8a03-746b4b90cef8@group-B061D1CC775E: shutdown
2021-05-19 07:43:02,731 [Listener at 127.0.0.1/41639] INFO  util.JmxRegister (JmxRegister.java:unregister(73)) - Successfully un-registered JMX Bean with object name Ratis:service=RaftServer,group=group-B061D1CC775E,id=a4ee1d3f-5505-4afe-8a03-746b4b90cef8
2021-05-19 07:43:02,731 [Listener at 127.0.0.1/41639] INFO  impl.RoleInfo (RoleInfo.java:shutdownLeaderState(91)) - a4ee1d3f-5505-4afe-8a03-746b4b90cef8: shutdown a4ee1d3f-5505-4afe-8a03-746b4b90cef8@group-B061D1CC775E-LeaderStateImpl
2021-05-19 07:43:02,731 [Listener at 127.0.0.1/41639] INFO  metrics.RatisMetrics (RatisMetrics.java:unregister(43)) - Unregistering Metrics Registry : ratis_grpc.log_appender.a4ee1d3f-5505-4afe-8a03-746b4b90cef8@group-B061D1CC775E
2021-05-19 07:43:02,731 [Listener at 127.0.0.1/41639] INFO  metrics.RatisMetrics (RatisMetrics.java:unregister(43)) - Unregistering Metrics Registry : ratis_grpc.log_appender.a4ee1d3f-5505-4afe-8a03-746b4b90cef8@group-B061D1CC775E
2021-05-19 07:43:02,731 [Listener at 127.0.0.1/41639] INFO  impl.PendingRequests (PendingRequests.java:sendNotLeaderResponses(249)) - a4ee1d3f-5505-4afe-8a03-746b4b90cef8@group-B061D1CC775E-PendingRequests: sendNotLeaderResponses
2021-05-19 07:43:02,731 [a4ee1d3f-5505-4afe-8a03-746b4b90cef8@group-B061D1CC775E->37b2c1ee-956a-4dec-b232-912a6a25ff9b-GrpcLogAppender-LogAppenderDaemon] WARN  server.GrpcLogAppender (GrpcLogAppender.java:mayWait(175)) - a4ee1d3f-5505-4afe-8a03-746b4b90cef8@group-B061D1CC775E->37b2c1ee-956a-4dec-b232-912a6a25ff9b-GrpcLogAppender: Wait interrupted by java.lang.InterruptedException
2021-05-19 07:43:02,731 [ForkJoinPool.commonPool-worker-0] INFO  server.RaftServer$Division (ServerState.java:close(405)) - 8e81be81-8cf3-4cb2-af1f-2c1c9bc19b0e@group-0ABA87D6A849: closes. applyIndex: 0
2021-05-19 07:43:02,731 [Listener at 127.0.0.1/41639] INFO  metrics.RatisMetrics (RatisMetrics.java:unregister(43)) - Unregistering Metrics Registry : ratis.log_appender.a4ee1d3f-5505-4afe-8a03-746b4b90cef8@group-B061D1CC775E
2021-05-19 07:43:02,731 [a4ee1d3f-5505-4afe-8a03-746b4b90cef8@group-B061D1CC775E->9d983546-4247-4c0f-83b0-40f69e4f4d28-GrpcLogAppender-LogAppenderDaemon] WARN  server.GrpcLogAppender (GrpcLogAppender.java:mayWait(175)) - a4ee1d3f-5505-4afe-8a03-746b4b90cef8@group-B061D1CC775E->9d983546-4247-4c0f-83b0-40f69e4f4d28-GrpcLogAppender: Wait interrupted by java.lang.InterruptedException
2021-05-19 07:43:02,732 [Listener at 127.0.0.1/41639] INFO  metrics.RatisMetrics (RatisMetrics.java:unregister(43)) - Unregistering Metrics Registry : ratis.server.a4ee1d3f-5505-4afe-8a03-746b4b90cef8@group-B061D1CC775E
2021-05-19 07:43:02,732 [grpc-default-executor-1] INFO  server.GrpcServerProtocolService (GrpcServerProtocolService.java:onCompleted(140)) - 37b2c1ee-956a-4dec-b232-912a6a25ff9b: Completed APPEND_ENTRIES, lastRequest: a4ee1d3f-5505-4afe-8a03-746b4b90cef8->37b2c1ee-956a-4dec-b232-912a6a25ff9b#1-t5,previous=(t:0, i:0),leaderCommit=0,initializing? true,entries: size=1, first=(t:5, i:0), CONFIGURATIONENTRY
2021-05-19 07:43:02,732 [grpc-default-executor-5] INFO  server.GrpcServerProtocolService (GrpcServerProtocolService.java:onCompleted(140)) - 9d983546-4247-4c0f-83b0-40f69e4f4d28: Completed APPEND_ENTRIES, lastRequest: a4ee1d3f-5505-4afe-8a03-746b4b90cef8->9d983546-4247-4c0f-83b0-40f69e4f4d28#1-t5,previous=(t:0, i:0),leaderCommit=0,initializing? true,entries: size=1, first=(t:5, i:0), CONFIGURATIONENTRY
2021-05-19 07:43:02,734 [8e81be81-8cf3-4cb2-af1f-2c1c9bc19b0e@group-0ABA87D6A849-SegmentedRaftLogWorker] INFO  segmented.SegmentedRaftLogWorker (SegmentedRaftLogWorker.java:run(327)) - 8e81be81-8cf3-4cb2-af1f-2c1c9bc19b0e@group-0ABA87D6A849-SegmentedRaftLogWorker was interrupted, exiting. There are 0 tasks remaining in the queue.
2021-05-19 07:43:02,734 [ForkJoinPool.commonPool-worker-0] INFO  segmented.SegmentedRaftLogWorker (SegmentedRaftLogWorker.java:close(237)) - 8e81be81-8cf3-4cb2-af1f-2c1c9bc19b0e@group-0ABA87D6A849-SegmentedRaftLogWorker close()
2021-05-19 07:43:02,735 [ForkJoinPool.commonPool-worker-0] INFO  metrics.RatisMetrics (RatisMetrics.java:unregister(43)) - Unregistering Metrics Registry : ratis.log_worker.8e81be81-8cf3-4cb2-af1f-2c1c9bc19b0e@group-0ABA87D6A849
2021-05-19 07:43:02,735 [ForkJoinPool.commonPool-worker-0] INFO  metrics.RatisMetrics (RatisMetrics.java:unregister(43)) - Unregistering Metrics Registry : ratis.leader_election.8e81be81-8cf3-4cb2-af1f-2c1c9bc19b0e@group-0ABA87D6A849
2021-05-19 07:43:02,735 [ForkJoinPool.commonPool-worker-0] INFO  metrics.RatisMetrics (RatisMetrics.java:unregister(43)) - Unregistering Metrics Registry : ratis.server.8e81be81-8cf3-4cb2-af1f-2c1c9bc19b0e@group-0ABA87D6A849
2021-05-19 07:43:02,735 [ForkJoinPool.commonPool-worker-0] INFO  server.RaftServer$Division (RaftServerImpl.java:lambda$close$4(406)) - 8e81be81-8cf3-4cb2-af1f-2c1c9bc19b0e@group-1F4802A68F73: shutdown
2021-05-19 07:43:02,736 [ForkJoinPool.commonPool-worker-0] INFO  util.JmxRegister (JmxRegister.java:unregister(73)) - Successfully un-registered JMX Bean with object name Ratis:service=RaftServer,group=group-1F4802A68F73,id=8e81be81-8cf3-4cb2-af1f-2c1c9bc19b0e
2021-05-19 07:43:02,736 [ForkJoinPool.commonPool-worker-0] INFO  impl.RoleInfo (RoleInfo.java:shutdownFollowerState(108)) - 8e81be81-8cf3-4cb2-af1f-2c1c9bc19b0e: shutdown 8e81be81-8cf3-4cb2-af1f-2c1c9bc19b0e@group-1F4802A68F73-FollowerState
2021-05-19 07:43:02,736 [ForkJoinPool.commonPool-worker-0] INFO  impl.StateMachineUpdater (StateMachineUpdater.java:stopAndJoin(149)) - 8e81be81-8cf3-4cb2-af1f-2c1c9bc19b0e@group-1F4802A68F73-StateMachineUpdater: set stopIndex = -1
2021-05-19 07:43:02,736 [8e81be81-8cf3-4cb2-af1f-2c1c9bc19b0e@group-1F4802A68F73-StateMachineUpdater] INFO  metrics.RatisMetrics (RatisMetrics.java:unregister(43)) - Unregistering Metrics Registry : ratis.state_machine.8e81be81-8cf3-4cb2-af1f-2c1c9bc19b0e@group-1F4802A68F73
2021-05-19 07:43:02,736 [ForkJoinPool.commonPool-worker-0] INFO  server.RaftServer$Division (ServerState.java:close(405)) - 8e81be81-8cf3-4cb2-af1f-2c1c9bc19b0e@group-1F4802A68F73: closes. applyIndex: -1
2021-05-19 07:43:02,736 [grpc-default-executor-1] INFO  server.GrpcLogAppender (GrpcLogAppender.java:onCompleted(344)) - a4ee1d3f-5505-4afe-8a03-746b4b90cef8@group-B061D1CC775E->37b2c1ee-956a-4dec-b232-912a6a25ff9b-AppendLogResponseHandler: follower responses appendEntries COMPLETED
2021-05-19 07:43:02,736 [8e81be81-8cf3-4cb2-af1f-2c1c9bc19b0e@group-1F4802A68F73-SegmentedRaftLogWorker] INFO  segmented.SegmentedRaftLogWorker (SegmentedRaftLogWorker.java:run(327)) - 8e81be81-8cf3-4cb2-af1f-2c1c9bc19b0e@group-1F4802A68F73-SegmentedRaftLogWorker was interrupted, exiting. There are 0 tasks remaining in the queue.
2021-05-19 07:43:02,736 [grpc-default-executor-1] INFO  leader.FollowerInfo (FollowerInfoImpl.java:lambda$new$0(46)) - a4ee1d3f-5505-4afe-8a03-746b4b90cef8@group-B061D1CC775E->37b2c1ee-956a-4dec-b232-912a6a25ff9b: nextIndex: updateUnconditionally 1 -> 0
2021-05-19 07:43:02,736 [8e81be81-8cf3-4cb2-af1f-2c1c9bc19b0e@group-1F4802A68F73-FollowerState] INFO  impl.FollowerState (FollowerState.java:run(143)) - 8e81be81-8cf3-4cb2-af1f-2c1c9bc19b0e@group-1F4802A68F73-FollowerState was interrupted: {}
java.lang.InterruptedException: sleep interrupted
	at java.lang.Thread.sleep(Native Method)
	at java.lang.Thread.sleep(Thread.java:340)
	at java.util.concurrent.TimeUnit.sleep(TimeUnit.java:386)
	at org.apache.ratis.util.TimeDuration.sleep(TimeDuration.java:324)
	at org.apache.ratis.util.TimeDuration.sleep(TimeDuration.java:309)
	at org.apache.ratis.server.impl.FollowerState.run(FollowerState.java:118)
2021-05-19 07:43:02,736 [ForkJoinPool.commonPool-worker-0] INFO  segmented.SegmentedRaftLogWorker (SegmentedRaftLogWorker.java:close(237)) - 8e81be81-8cf3-4cb2-af1f-2c1c9bc19b0e@group-1F4802A68F73-SegmentedRaftLogWorker close()
2021-05-19 07:43:02,739 [ForkJoinPool.commonPool-worker-0] INFO  metrics.RatisMetrics (RatisMetrics.java:unregister(43)) - Unregistering Metrics Registry : ratis.log_worker.8e81be81-8cf3-4cb2-af1f-2c1c9bc19b0e@group-1F4802A68F73
2021-05-19 07:43:02,739 [ForkJoinPool.commonPool-worker-0] INFO  metrics.RatisMetrics (RatisMetrics.java:unregister(43)) - Unregistering Metrics Registry : ratis.leader_election.8e81be81-8cf3-4cb2-af1f-2c1c9bc19b0e@group-1F4802A68F73
2021-05-19 07:43:02,739 [grpc-default-executor-5] INFO  server.GrpcLogAppender (GrpcLogAppender.java:onCompleted(344)) - a4ee1d3f-5505-4afe-8a03-746b4b90cef8@group-B061D1CC775E->9d983546-4247-4c0f-83b0-40f69e4f4d28-AppendLogResponseHandler: follower responses appendEntries COMPLETED
2021-05-19 07:43:02,740 [a4ee1d3f-5505-4afe-8a03-746b4b90cef8@group-B061D1CC775E-StateMachineUpdater] INFO  ratis.ContainerStateMachine (ContainerStateMachine.java:takeSnapshot(292)) - group-B061D1CC775E: Taking a snapshot at:(t:5, i:0) file /github/workspace/mnt/ozone/hadoop-ozone/integration-test/target/test-dir/MiniOzoneClusterImpl-952c9dfc-8967-4523-b06f-60d3bd5de2bf/datanode-4/data/ratis/03b01f46-c381-4ba2-a991-b061d1cc775e/sm/snapshot.5_0
2021-05-19 07:43:02,740 [grpc-default-executor-5] INFO  leader.FollowerInfo (FollowerInfoImpl.java:lambda$new$0(46)) - a4ee1d3f-5505-4afe-8a03-746b4b90cef8@group-B061D1CC775E->9d983546-4247-4c0f-83b0-40f69e4f4d28: nextIndex: updateUnconditionally 1 -> 0
2021-05-19 07:43:02,740 [ForkJoinPool.commonPool-worker-0] INFO  metrics.RatisMetrics (RatisMetrics.java:unregister(43)) - Unregistering Metrics Registry : ratis.server.8e81be81-8cf3-4cb2-af1f-2c1c9bc19b0e@group-1F4802A68F73
2021-05-19 07:43:02,740 [Listener at 127.0.0.1/41639] INFO  impl.StateMachineUpdater (StateMachineUpdater.java:stopAndJoin(149)) - a4ee1d3f-5505-4afe-8a03-746b4b90cef8@group-B061D1CC775E-StateMachineUpdater: set stopIndex = 0
2021-05-19 07:43:02,740 [ForkJoinPool.commonPool-worker-0] INFO  server.GrpcService (GrpcService.java:closeImpl(262)) - 8e81be81-8cf3-4cb2-af1f-2c1c9bc19b0e: shutdown server with port 41855 now
2021-05-19 07:43:02,740 [a4ee1d3f-5505-4afe-8a03-746b4b90cef8@group-B061D1CC775E-StateMachineUpdater] INFO  ratis.ContainerStateMachine (ContainerStateMachine.java:takeSnapshot(303)) - group-B061D1CC775E: Finished taking a snapshot at:(t:5, i:0) file:/github/workspace/mnt/ozone/hadoop-ozone/integration-test/target/test-dir/MiniOzoneClusterImpl-952c9dfc-8967-4523-b06f-60d3bd5de2bf/datanode-4/data/ratis/03b01f46-c381-4ba2-a991-b061d1cc775e/sm/snapshot.5_0 took: 0 ms
2021-05-19 07:43:02,740 [a4ee1d3f-5505-4afe-8a03-746b4b90cef8@group-B061D1CC775E-StateMachineUpdater] INFO  impl.StateMachineUpdater (StateMachineUpdater.java:takeSnapshot(281)) - a4ee1d3f-5505-4afe-8a03-746b4b90cef8@group-B061D1CC775E-StateMachineUpdater: Took a snapshot at index 0
2021-05-19 07:43:02,741 [a4ee1d3f-5505-4afe-8a03-746b4b90cef8@group-B061D1CC775E-StateMachineUpdater] INFO  impl.StateMachineUpdater (StateMachineUpdater.java:lambda$new$0(89)) - a4ee1d3f-5505-4afe-8a03-746b4b90cef8@group-B061D1CC775E-StateMachineUpdater: snapshotIndex: updateIncreasingly -1 -> 0
2021-05-19 07:43:02,741 [a4ee1d3f-5505-4afe-8a03-746b4b90cef8@group-B061D1CC775E-StateMachineUpdater] INFO  metrics.RatisMetrics (RatisMetrics.java:unregister(43)) - Unregistering Metrics Registry : ratis.state_machine.a4ee1d3f-5505-4afe-8a03-746b4b90cef8@group-B061D1CC775E
2021-05-19 07:43:02,741 [Listener at 127.0.0.1/41639] INFO  server.RaftServer$Division (ServerState.java:close(405)) - a4ee1d3f-5505-4afe-8a03-746b4b90cef8@group-B061D1CC775E: closes. applyIndex: 0
2021-05-19 07:43:02,742 [a4ee1d3f-5505-4afe-8a03-746b4b90cef8@group-B061D1CC775E-SegmentedRaftLogWorker] INFO  segmented.SegmentedRaftLogWorker (SegmentedRaftLogWorker.java:run(327)) - a4ee1d3f-5505-4afe-8a03-746b4b90cef8@group-B061D1CC775E-SegmentedRaftLogWorker was interrupted, exiting. There are 0 tasks remaining in the queue.
2021-05-19 07:43:02,742 [Listener at 127.0.0.1/41639] INFO  segmented.SegmentedRaftLogWorker (SegmentedRaftLogWorker.java:close(237)) - a4ee1d3f-5505-4afe-8a03-746b4b90cef8@group-B061D1CC775E-SegmentedRaftLogWorker close()
2021-05-19 07:43:02,742 [Listener at 127.0.0.1/41639] INFO  metrics.RatisMetrics (RatisMetrics.java:unregister(43)) - Unregistering Metrics Registry : ratis.log_worker.a4ee1d3f-5505-4afe-8a03-746b4b90cef8@group-B061D1CC775E
2021-05-19 07:43:02,742 [Listener at 127.0.0.1/41639] INFO  metrics.RatisMetrics (RatisMetrics.java:unregister(43)) - Unregistering Metrics Registry : ratis.leader_election.a4ee1d3f-5505-4afe-8a03-746b4b90cef8@group-B061D1CC775E
2021-05-19 07:43:02,742 [Listener at 127.0.0.1/41639] INFO  metrics.RatisMetrics (RatisMetrics.java:unregister(43)) - Unregistering Metrics Registry : ratis.server.a4ee1d3f-5505-4afe-8a03-746b4b90cef8@group-B061D1CC775E
2021-05-19 07:43:02,743 [Listener at 127.0.0.1/41639] INFO  server.RaftServer$Division (RaftServerImpl.java:lambda$close$4(406)) - a4ee1d3f-5505-4afe-8a03-746b4b90cef8@group-D5E61D3659AC: shutdown
2021-05-19 07:43:02,743 [Listener at 127.0.0.1/41639] INFO  util.JmxRegister (JmxRegister.java:unregister(73)) - Successfully un-registered JMX Bean with object name Ratis:service=RaftServer,group=group-D5E61D3659AC,id=a4ee1d3f-5505-4afe-8a03-746b4b90cef8
2021-05-19 07:43:02,743 [Listener at 127.0.0.1/41639] INFO  impl.RoleInfo (RoleInfo.java:shutdownFollowerState(108)) - a4ee1d3f-5505-4afe-8a03-746b4b90cef8: shutdown a4ee1d3f-5505-4afe-8a03-746b4b90cef8@group-D5E61D3659AC-FollowerState
2021-05-19 07:43:02,743 [a4ee1d3f-5505-4afe-8a03-746b4b90cef8@group-D5E61D3659AC-FollowerState] INFO  impl.FollowerState (FollowerState.java:run(143)) - a4ee1d3f-5505-4afe-8a03-746b4b90cef8@group-D5E61D3659AC-FollowerState was interrupted: {}
java.lang.InterruptedException: sleep interrupted
	at java.lang.Thread.sleep(Native Method)
	at java.lang.Thread.sleep(Thread.java:340)
	at java.util.concurrent.TimeUnit.sleep(TimeUnit.java:386)
	at org.apache.ratis.util.TimeDuration.sleep(TimeDuration.java:324)
	at org.apache.ratis.util.TimeDuration.sleep(TimeDuration.java:309)
	at org.apache.ratis.server.impl.FollowerState.run(FollowerState.java:118)
2021-05-19 07:43:02,743 [Listener at 127.0.0.1/41639] INFO  impl.StateMachineUpdater (StateMachineUpdater.java:stopAndJoin(149)) - a4ee1d3f-5505-4afe-8a03-746b4b90cef8@group-D5E61D3659AC-StateMachineUpdater: set stopIndex = 0
2021-05-19 07:43:02,744 [a4ee1d3f-5505-4afe-8a03-746b4b90cef8@group-D5E61D3659AC-StateMachineUpdater] INFO  ratis.ContainerStateMachine (ContainerStateMachine.java:takeSnapshot(292)) - group-D5E61D3659AC: Taking a snapshot at:(t:2, i:0) file /github/workspace/mnt/ozone/hadoop-ozone/integration-test/target/test-dir/MiniOzoneClusterImpl-952c9dfc-8967-4523-b06f-60d3bd5de2bf/datanode-4/data/ratis/19596144-870e-41aa-8706-d5e61d3659ac/sm/snapshot.2_0
2021-05-19 07:43:02,744 [a4ee1d3f-5505-4afe-8a03-746b4b90cef8@group-D5E61D3659AC-StateMachineUpdater] INFO  ratis.ContainerStateMachine (ContainerStateMachine.java:takeSnapshot(303)) - group-D5E61D3659AC: Finished taking a snapshot at:(t:2, i:0) file:/github/workspace/mnt/ozone/hadoop-ozone/integration-test/target/test-dir/MiniOzoneClusterImpl-952c9dfc-8967-4523-b06f-60d3bd5de2bf/datanode-4/data/ratis/19596144-870e-41aa-8706-d5e61d3659ac/sm/snapshot.2_0 took: 1 ms
2021-05-19 07:43:02,745 [a4ee1d3f-5505-4afe-8a03-746b4b90cef8@group-D5E61D3659AC-StateMachineUpdater] INFO  impl.StateMachineUpdater (StateMachineUpdater.java:takeSnapshot(281)) - a4ee1d3f-5505-4afe-8a03-746b4b90cef8@group-D5E61D3659AC-StateMachineUpdater: Took a snapshot at index 0
2021-05-19 07:43:02,745 [a4ee1d3f-5505-4afe-8a03-746b4b90cef8@group-D5E61D3659AC-StateMachineUpdater] INFO  impl.StateMachineUpdater (StateMachineUpdater.java:lambda$new$0(89)) - a4ee1d3f-5505-4afe-8a03-746b4b90cef8@group-D5E61D3659AC-StateMachineUpdater: snapshotIndex: updateIncreasingly -1 -> 0
2021-05-19 07:43:02,745 [a4ee1d3f-5505-4afe-8a03-746b4b90cef8@group-D5E61D3659AC-StateMachineUpdater] INFO  metrics.RatisMetrics (RatisMetrics.java:unregister(43)) - Unregistering Metrics Registry : ratis.state_machine.a4ee1d3f-5505-4afe-8a03-746b4b90cef8@group-D5E61D3659AC
2021-05-19 07:43:02,746 [Listener at 127.0.0.1/41639] INFO  server.RaftServer$Division (ServerState.java:close(405)) - a4ee1d3f-5505-4afe-8a03-746b4b90cef8@group-D5E61D3659AC: closes. applyIndex: 0
2021-05-19 07:43:02,746 [a4ee1d3f-5505-4afe-8a03-746b4b90cef8@group-D5E61D3659AC-SegmentedRaftLogWorker] INFO  segmented.SegmentedRaftLogWorker (SegmentedRaftLogWorker.java:run(327)) - a4ee1d3f-5505-4afe-8a03-746b4b90cef8@group-D5E61D3659AC-SegmentedRaftLogWorker was interrupted, exiting. There are 0 tasks remaining in the queue.
2021-05-19 07:43:02,746 [Listener at 127.0.0.1/41639] INFO  segmented.SegmentedRaftLogWorker (SegmentedRaftLogWorker.java:close(237)) - a4ee1d3f-5505-4afe-8a03-746b4b90cef8@group-D5E61D3659AC-SegmentedRaftLogWorker close()
2021-05-19 07:43:02,747 [Listener at 127.0.0.1/41639] INFO  metrics.RatisMetrics (RatisMetrics.java:unregister(43)) - Unregistering Metrics Registry : ratis.log_worker.a4ee1d3f-5505-4afe-8a03-746b4b90cef8@group-D5E61D3659AC
2021-05-19 07:43:02,747 [Listener at 127.0.0.1/41639] INFO  metrics.RatisMetrics (RatisMetrics.java:unregister(43)) - Unregistering Metrics Registry : ratis.leader_election.a4ee1d3f-5505-4afe-8a03-746b4b90cef8@group-D5E61D3659AC
2021-05-19 07:43:02,747 [Listener at 127.0.0.1/41639] INFO  metrics.RatisMetrics (RatisMetrics.java:unregister(43)) - Unregistering Metrics Registry : ratis.server.a4ee1d3f-5505-4afe-8a03-746b4b90cef8@group-D5E61D3659AC
2021-05-19 07:43:02,747 [Listener at 127.0.0.1/41639] INFO  server.RaftServer$Division (RaftServerImpl.java:lambda$close$4(406)) - a4ee1d3f-5505-4afe-8a03-746b4b90cef8@group-5FECF58F6D49: shutdown
2021-05-19 07:43:02,747 [Listener at 127.0.0.1/41639] INFO  util.JmxRegister (JmxRegister.java:unregister(73)) - Successfully un-registered JMX Bean with object name Ratis:service=RaftServer,group=group-5FECF58F6D49,id=a4ee1d3f-5505-4afe-8a03-746b4b90cef8
2021-05-19 07:43:02,747 [Listener at 127.0.0.1/41639] INFO  impl.RoleInfo (RoleInfo.java:shutdownLeaderState(91)) - a4ee1d3f-5505-4afe-8a03-746b4b90cef8: shutdown a4ee1d3f-5505-4afe-8a03-746b4b90cef8@group-5FECF58F6D49-LeaderStateImpl
2021-05-19 07:43:02,747 [Listener at 127.0.0.1/41639] INFO  impl.PendingRequests (PendingRequests.java:sendNotLeaderResponses(249)) - a4ee1d3f-5505-4afe-8a03-746b4b90cef8@group-5FECF58F6D49-PendingRequests: sendNotLeaderResponses
2021-05-19 07:43:02,748 [Listener at 127.0.0.1/41639] INFO  metrics.RatisMetrics (RatisMetrics.java:unregister(43)) - Unregistering Metrics Registry : ratis.log_appender.a4ee1d3f-5505-4afe-8a03-746b4b90cef8@group-5FECF58F6D49
2021-05-19 07:43:02,748 [Listener at 127.0.0.1/41639] INFO  metrics.RatisMetrics (RatisMetrics.java:unregister(43)) - Unregistering Metrics Registry : ratis.server.a4ee1d3f-5505-4afe-8a03-746b4b90cef8@group-5FECF58F6D49
2021-05-19 07:43:02,748 [a4ee1d3f-5505-4afe-8a03-746b4b90cef8@group-5FECF58F6D49-StateMachineUpdater] INFO  ratis.ContainerStateMachine (ContainerStateMachine.java:takeSnapshot(292)) - group-5FECF58F6D49: Taking a snapshot at:(t:1, i:0) file /github/workspace/mnt/ozone/hadoop-ozone/integration-test/target/test-dir/MiniOzoneClusterImpl-952c9dfc-8967-4523-b06f-60d3bd5de2bf/datanode-4/data/ratis/fb9e7414-52b6-4a06-bacf-5fecf58f6d49/sm/snapshot.1_0
2021-05-19 07:43:02,748 [Listener at 127.0.0.1/41639] INFO  impl.StateMachineUpdater (StateMachineUpdater.java:stopAndJoin(149)) - a4ee1d3f-5505-4afe-8a03-746b4b90cef8@group-5FECF58F6D49-StateMachineUpdater: set stopIndex = 0
2021-05-19 07:43:02,749 [a4ee1d3f-5505-4afe-8a03-746b4b90cef8@group-5FECF58F6D49-StateMachineUpdater] INFO  ratis.ContainerStateMachine (ContainerStateMachine.java:takeSnapshot(303)) - group-5FECF58F6D49: Finished taking a snapshot at:(t:1, i:0) file:/github/workspace/mnt/ozone/hadoop-ozone/integration-test/target/test-dir/MiniOzoneClusterImpl-952c9dfc-8967-4523-b06f-60d3bd5de2bf/datanode-4/data/ratis/fb9e7414-52b6-4a06-bacf-5fecf58f6d49/sm/snapshot.1_0 took: 1 ms
2021-05-19 07:43:02,749 [a4ee1d3f-5505-4afe-8a03-746b4b90cef8@group-5FECF58F6D49-StateMachineUpdater] INFO  impl.StateMachineUpdater (StateMachineUpdater.java:takeSnapshot(281)) - a4ee1d3f-5505-4afe-8a03-746b4b90cef8@group-5FECF58F6D49-StateMachineUpdater: Took a snapshot at index 0
2021-05-19 07:43:02,749 [a4ee1d3f-5505-4afe-8a03-746b4b90cef8@group-5FECF58F6D49-StateMachineUpdater] INFO  impl.StateMachineUpdater (StateMachineUpdater.java:lambda$new$0(89)) - a4ee1d3f-5505-4afe-8a03-746b4b90cef8@group-5FECF58F6D49-StateMachineUpdater: snapshotIndex: updateIncreasingly -1 -> 0
2021-05-19 07:43:02,749 [a4ee1d3f-5505-4afe-8a03-746b4b90cef8@group-5FECF58F6D49-StateMachineUpdater] INFO  metrics.RatisMetrics (RatisMetrics.java:unregister(43)) - Unregistering Metrics Registry : ratis.state_machine.a4ee1d3f-5505-4afe-8a03-746b4b90cef8@group-5FECF58F6D49
2021-05-19 07:43:02,749 [ForkJoinPool.commonPool-worker-0] INFO  server.GrpcService (GrpcService.java:closeImpl(271)) - 8e81be81-8cf3-4cb2-af1f-2c1c9bc19b0e: shutdown server with port 41855 successfully
2021-05-19 07:43:02,750 [org.apache.ratis.util.JvmPauseMonitor$$Lambda$504/2021733479@66be4a4e] INFO  util.JvmPauseMonitor (JvmPauseMonitor.java:run(109)) - JvmPauseMonitor-8e81be81-8cf3-4cb2-af1f-2c1c9bc19b0e: Stopped
2021-05-19 07:43:02,754 [Listener at 127.0.0.1/41639] INFO  server.RaftServer$Division (ServerState.java:close(405)) - a4ee1d3f-5505-4afe-8a03-746b4b90cef8@group-5FECF58F6D49: closes. applyIndex: 0
2021-05-19 07:43:02,754 [a4ee1d3f-5505-4afe-8a03-746b4b90cef8@group-5FECF58F6D49-SegmentedRaftLogWorker] INFO  segmented.SegmentedRaftLogWorker (SegmentedRaftLogWorker.java:run(327)) - a4ee1d3f-5505-4afe-8a03-746b4b90cef8@group-5FECF58F6D49-SegmentedRaftLogWorker was interrupted, exiting. There are 0 tasks remaining in the queue.
2021-05-19 07:43:02,754 [Listener at 127.0.0.1/41639] INFO  segmented.SegmentedRaftLogWorker (SegmentedRaftLogWorker.java:close(237)) - a4ee1d3f-5505-4afe-8a03-746b4b90cef8@group-5FECF58F6D49-SegmentedRaftLogWorker close()
2021-05-19 07:43:02,755 [Listener at 127.0.0.1/41639] INFO  metrics.RatisMetrics (RatisMetrics.java:unregister(43)) - Unregistering Metrics Registry : ratis.log_worker.a4ee1d3f-5505-4afe-8a03-746b4b90cef8@group-5FECF58F6D49
2021-05-19 07:43:02,755 [Listener at 127.0.0.1/41639] INFO  metrics.RatisMetrics (RatisMetrics.java:unregister(43)) - Unregistering Metrics Registry : ratis.leader_election.a4ee1d3f-5505-4afe-8a03-746b4b90cef8@group-5FECF58F6D49
2021-05-19 07:43:02,755 [Listener at 127.0.0.1/41639] INFO  metrics.RatisMetrics (RatisMetrics.java:unregister(43)) - Unregistering Metrics Registry : ratis.server.a4ee1d3f-5505-4afe-8a03-746b4b90cef8@group-5FECF58F6D49
2021-05-19 07:43:02,758 [68d4f79f-8ed5-4598-b947-57f9bc979c0e@group-1F4802A68F73-FollowerState] INFO  impl.FollowerState (FollowerState.java:run(134)) - 68d4f79f-8ed5-4598-b947-57f9bc979c0e@group-1F4802A68F73-FollowerState: change to CANDIDATE, lastRpcElapsedTime:5029789942ns, electionTimeout:5029ms
2021-05-19 07:43:02,760 [Listener at 127.0.0.1/41639] INFO  server.GrpcService (GrpcService.java:closeImpl(262)) - a4ee1d3f-5505-4afe-8a03-746b4b90cef8: shutdown server with port 46809 now
2021-05-19 07:43:02,760 [68d4f79f-8ed5-4598-b947-57f9bc979c0e@group-1F4802A68F73-FollowerState] INFO  impl.RoleInfo (RoleInfo.java:shutdownFollowerState(108)) - 68d4f79f-8ed5-4598-b947-57f9bc979c0e: shutdown 68d4f79f-8ed5-4598-b947-57f9bc979c0e@group-1F4802A68F73-FollowerState
2021-05-19 07:43:02,760 [68d4f79f-8ed5-4598-b947-57f9bc979c0e@group-1F4802A68F73-FollowerState] INFO  server.RaftServer$Division (RaftServerImpl.java:setRole(284)) - 68d4f79f-8ed5-4598-b947-57f9bc979c0e@group-1F4802A68F73: changes role from  FOLLOWER to CANDIDATE at term 0 for changeToCandidate
2021-05-19 07:43:02,760 [ForkJoinPool.commonPool-worker-0] INFO  utils.BackgroundService (BackgroundService.java:shutdown(132)) - Shutting down service BlockDeletingService
2021-05-19 07:43:02,761 [grpc-default-executor-3] WARN  server.GrpcServerProtocolService (LogUtils.java:warn(122)) - a4ee1d3f-5505-4afe-8a03-746b4b90cef8: installSnapshot onError, lastRequest: 9d983546-4247-4c0f-83b0-40f69e4f4d28->a4ee1d3f-5505-4afe-8a03-746b4b90cef8#1-t2,previous=(t:0, i:0),leaderCommit=-1,initializing? true,entries: size=1, first=(t:2, i:0), CONFIGURATIONENTRY: org.apache.ratis.thirdparty.io.grpc.StatusRuntimeException: CANCELLED: client cancelled
2021-05-19 07:43:02,761 [grpc-default-executor-1] WARN  server.GrpcServerProtocolService (LogUtils.java:warn(122)) - a4ee1d3f-5505-4afe-8a03-746b4b90cef8: installSnapshot onError, lastRequest: 37b2c1ee-956a-4dec-b232-912a6a25ff9b->a4ee1d3f-5505-4afe-8a03-746b4b90cef8#1-t2,previous=(t:0, i:0),leaderCommit=0,initializing? true,entries: size=1, first=(t:2, i:0), CONFIGURATIONENTRY: org.apache.ratis.thirdparty.io.grpc.StatusRuntimeException: CANCELLED: client cancelled
2021-05-19 07:43:02,765 [68d4f79f-8ed5-4598-b947-57f9bc979c0e@group-1F4802A68F73-FollowerState] INFO  server.RaftServerConfigKeys (ConfUtils.java:logGet(44)) - raft.server.leaderelection.pre-vote = false (custom)
2021-05-19 07:43:02,765 [68d4f79f-8ed5-4598-b947-57f9bc979c0e@group-1F4802A68F73-FollowerState] INFO  impl.RoleInfo (RoleInfo.java:updateAndGet(130)) - 68d4f79f-8ed5-4598-b947-57f9bc979c0e: start 68d4f79f-8ed5-4598-b947-57f9bc979c0e@group-1F4802A68F73-LeaderElection60
2021-05-19 07:43:02,768 [grpc-default-executor-5] WARN  server.GrpcLogAppender (LogUtils.java:warn(122)) - 9d983546-4247-4c0f-83b0-40f69e4f4d28@group-03E6AD90B47F->a4ee1d3f-5505-4afe-8a03-746b4b90cef8-AppendLogResponseHandler: Failed appendEntries: org.apache.ratis.thirdparty.io.grpc.StatusRuntimeException: CANCELLED: HTTP/2 error code: CANCEL
Received Rst Stream
2021-05-19 07:43:02,768 [grpc-default-executor-5] WARN  server.GrpcLogAppender (GrpcLogAppender.java:resetClient(111)) - 9d983546-4247-4c0f-83b0-40f69e4f4d28@group-03E6AD90B47F->a4ee1d3f-5505-4afe-8a03-746b4b90cef8-GrpcLogAppender: Leader has not got in touch with Follower 9d983546-4247-4c0f-83b0-40f69e4f4d28@group-03E6AD90B47F->a4ee1d3f-5505-4afe-8a03-746b4b90cef8(c0,m0,n1, attendVote=true, lastRpcSendTime=1512, lastRpcResponseTime=1511) yet, just keep nextIndex unchanged and retry.
2021-05-19 07:43:02,771 [grpc-default-executor-5] WARN  server.GrpcLogAppender (LogUtils.java:warn(122)) - 37b2c1ee-956a-4dec-b232-912a6a25ff9b@group-D5E61D3659AC->a4ee1d3f-5505-4afe-8a03-746b4b90cef8-AppendLogResponseHandler: Failed appendEntries: org.apache.ratis.thirdparty.io.grpc.StatusRuntimeException: CANCELLED: HTTP/2 error code: CANCEL
Received Rst Stream
2021-05-19 07:43:02,771 [grpc-default-executor-5] WARN  server.GrpcLogAppender (GrpcLogAppender.java:resetClient(111)) - 37b2c1ee-956a-4dec-b232-912a6a25ff9b@group-D5E61D3659AC->a4ee1d3f-5505-4afe-8a03-746b4b90cef8-GrpcLogAppender: Leader has not got in touch with Follower 37b2c1ee-956a-4dec-b232-912a6a25ff9b@group-D5E61D3659AC->a4ee1d3f-5505-4afe-8a03-746b4b90cef8(c0,m0,n1, attendVote=true, lastRpcSendTime=1385, lastRpcResponseTime=1385) yet, just keep nextIndex unchanged and retry.
2021-05-19 07:43:02,776 [ForkJoinPool.commonPool-worker-0] INFO  statemachine.DatanodeStateMachine (DatanodeStateMachine.java:stopDaemon(469)) - Ozone container server stopped.
2021-05-19 07:43:02,777 [Listener at 127.0.0.1/41639] INFO  server.GrpcService (GrpcService.java:closeImpl(271)) - a4ee1d3f-5505-4afe-8a03-746b4b90cef8: shutdown server with port 46809 successfully
2021-05-19 07:43:02,781 [68d4f79f-8ed5-4598-b947-57f9bc979c0e@group-1F4802A68F73-LeaderElection60] INFO  impl.LeaderElection (LeaderElection.java:askForVotes(306)) - 68d4f79f-8ed5-4598-b947-57f9bc979c0e@group-1F4802A68F73-LeaderElection60 ELECTION round 0: submit vote requests at term 1 for -1: [a14714da-c87c-4361-b393-7e96cf422ed7|rpc:172.17.0.2:45547|dataStream:|priority:1, 68d4f79f-8ed5-4598-b947-57f9bc979c0e|rpc:172.17.0.2:42729|dataStream:|priority:0, 8e81be81-8cf3-4cb2-af1f-2c1c9bc19b0e|rpc:172.17.0.2:41855|dataStream:|priority:0], old=null
2021-05-19 07:43:02,784 [a14714da-c87c-4361-b393-7e96cf422ed7@group-615E84326CE6-FollowerState] INFO  impl.FollowerState (FollowerState.java:run(134)) - a14714da-c87c-4361-b393-7e96cf422ed7@group-615E84326CE6-FollowerState: change to CANDIDATE, lastRpcElapsedTime:5101059022ns, electionTimeout:5097ms
2021-05-19 07:43:02,784 [a14714da-c87c-4361-b393-7e96cf422ed7@group-615E84326CE6-FollowerState] INFO  impl.RoleInfo (RoleInfo.java:shutdownFollowerState(108)) - a14714da-c87c-4361-b393-7e96cf422ed7: shutdown a14714da-c87c-4361-b393-7e96cf422ed7@group-615E84326CE6-FollowerState
2021-05-19 07:43:02,784 [a14714da-c87c-4361-b393-7e96cf422ed7@group-615E84326CE6-FollowerState] INFO  server.RaftServer$Division (RaftServerImpl.java:setRole(284)) - a14714da-c87c-4361-b393-7e96cf422ed7@group-615E84326CE6: changes role from  FOLLOWER to CANDIDATE at term 0 for changeToCandidate
2021-05-19 07:43:02,793 [a14714da-c87c-4361-b393-7e96cf422ed7@group-248D4D37A09F-FollowerState] INFO  impl.FollowerState (FollowerState.java:run(134)) - a14714da-c87c-4361-b393-7e96cf422ed7@group-248D4D37A09F-FollowerState: change to CANDIDATE, lastRpcElapsedTime:5015689606ns, electionTimeout:5014ms
2021-05-19 07:43:02,793 [a14714da-c87c-4361-b393-7e96cf422ed7@group-248D4D37A09F-FollowerState] INFO  impl.RoleInfo (RoleInfo.java:shutdownFollowerState(108)) - a14714da-c87c-4361-b393-7e96cf422ed7: shutdown a14714da-c87c-4361-b393-7e96cf422ed7@group-248D4D37A09F-FollowerState
2021-05-19 07:43:02,794 [a14714da-c87c-4361-b393-7e96cf422ed7@group-248D4D37A09F-FollowerState] INFO  server.RaftServer$Division (RaftServerImpl.java:setRole(284)) - a14714da-c87c-4361-b393-7e96cf422ed7@group-248D4D37A09F: changes role from  FOLLOWER to CANDIDATE at term 0 for changeToCandidate
2021-05-19 07:43:02,794 [org.apache.ratis.util.JvmPauseMonitor$$Lambda$504/2021733479@41197bfa] INFO  util.JvmPauseMonitor (JvmPauseMonitor.java:run(109)) - JvmPauseMonitor-a4ee1d3f-5505-4afe-8a03-746b4b90cef8: Stopped
2021-05-19 07:43:02,797 [grpc-default-executor-5] INFO  server.RaftServer$Division (RaftServerImpl.java:requestVote(1042)) - a14714da-c87c-4361-b393-7e96cf422ed7@group-1F4802A68F73: receive requestVote(ELECTION, 68d4f79f-8ed5-4598-b947-57f9bc979c0e, group-1F4802A68F73, 1, (t:0, i:0))
2021-05-19 07:43:02,797 [grpc-default-executor-5] INFO  impl.VoteContext (VoteContext.java:log(48)) - a14714da-c87c-4361-b393-7e96cf422ed7@group-1F4802A68F73-FOLLOWER: reject ELECTION from 68d4f79f-8ed5-4598-b947-57f9bc979c0e: our priority 1 > candidate's priority 0
2021-05-19 07:43:02,797 [grpc-default-executor-5] INFO  server.RaftServer$Division (RaftServerImpl.java:setRole(284)) - a14714da-c87c-4361-b393-7e96cf422ed7@group-1F4802A68F73: changes role from  FOLLOWER to FOLLOWER at term 1 for candidate:68d4f79f-8ed5-4598-b947-57f9bc979c0e
2021-05-19 07:43:02,797 [grpc-default-executor-5] INFO  impl.RoleInfo (RoleInfo.java:shutdownFollowerState(108)) - a14714da-c87c-4361-b393-7e96cf422ed7: shutdown a14714da-c87c-4361-b393-7e96cf422ed7@group-1F4802A68F73-FollowerState
2021-05-19 07:43:02,802 [grpc-default-executor-5] INFO  impl.RoleInfo (RoleInfo.java:updateAndGet(130)) - a14714da-c87c-4361-b393-7e96cf422ed7: start a14714da-c87c-4361-b393-7e96cf422ed7@group-1F4802A68F73-FollowerState
2021-05-19 07:43:02,802 [a14714da-c87c-4361-b393-7e96cf422ed7@group-1F4802A68F73-FollowerState] INFO  impl.FollowerState (FollowerState.java:run(143)) - a14714da-c87c-4361-b393-7e96cf422ed7@group-1F4802A68F73-FollowerState was interrupted: {}
java.lang.InterruptedException: sleep interrupted
	at java.lang.Thread.sleep(Native Method)
	at java.lang.Thread.sleep(Thread.java:340)
	at java.util.concurrent.TimeUnit.sleep(TimeUnit.java:386)
	at org.apache.ratis.util.TimeDuration.sleep(TimeDuration.java:324)
	at org.apache.ratis.util.TimeDuration.sleep(TimeDuration.java:309)
	at org.apache.ratis.server.impl.FollowerState.run(FollowerState.java:118)
2021-05-19 07:43:02,805 [a14714da-c87c-4361-b393-7e96cf422ed7@group-248D4D37A09F-FollowerState] INFO  server.RaftServerConfigKeys (ConfUtils.java:logGet(44)) - raft.server.leaderelection.pre-vote = false (custom)
2021-05-19 07:43:02,805 [a14714da-c87c-4361-b393-7e96cf422ed7@group-248D4D37A09F-FollowerState] INFO  impl.RoleInfo (RoleInfo.java:updateAndGet(130)) - a14714da-c87c-4361-b393-7e96cf422ed7: start a14714da-c87c-4361-b393-7e96cf422ed7@group-248D4D37A09F-LeaderElection62
2021-05-19 07:43:02,809 [grpc-default-executor-5] INFO  server.RaftServer$Division (RaftServerImpl.java:requestVote(1074)) - a14714da-c87c-4361-b393-7e96cf422ed7@group-1F4802A68F73 replies to ELECTION vote request: 68d4f79f-8ed5-4598-b947-57f9bc979c0e<-a14714da-c87c-4361-b393-7e96cf422ed7#0:FAIL-t1. Peer's state: a14714da-c87c-4361-b393-7e96cf422ed7@group-1F4802A68F73:t1, leader=null, voted=null, raftlog=a14714da-c87c-4361-b393-7e96cf422ed7@group-1F4802A68F73-SegmentedRaftLog:OPENED:c-1,f-1,i0, conf=-1: [a14714da-c87c-4361-b393-7e96cf422ed7|rpc:172.17.0.2:45547|priority:1, 68d4f79f-8ed5-4598-b947-57f9bc979c0e|rpc:172.17.0.2:42729|priority:0, 8e81be81-8cf3-4cb2-af1f-2c1c9bc19b0e|rpc:172.17.0.2:41855|priority:0], old=null
2021-05-19 07:43:02,822 [a14714da-c87c-4361-b393-7e96cf422ed7@group-615E84326CE6-FollowerState] INFO  server.RaftServerConfigKeys (ConfUtils.java:logGet(44)) - raft.server.leaderelection.pre-vote = false (custom)
2021-05-19 07:43:02,822 [a14714da-c87c-4361-b393-7e96cf422ed7@group-615E84326CE6-FollowerState] INFO  impl.RoleInfo (RoleInfo.java:updateAndGet(130)) - a14714da-c87c-4361-b393-7e96cf422ed7: start a14714da-c87c-4361-b393-7e96cf422ed7@group-615E84326CE6-LeaderElection61
2021-05-19 07:43:02,822 [ForkJoinPool.commonPool-worker-0] INFO  handler.ContextHandler (ContextHandler.java:doStop(1154)) - Stopped o.e.j.w.WebAppContext@6df15d5c{hddsDatanode,/,null,STOPPED}{jar:file:/home/user/.m2/repository/org/apache/hadoop/hadoop-hdds-container-service/1.2.0-SNAPSHOT/hadoop-hdds-container-service-1.2.0-SNAPSHOT.jar!/webapps/hddsDatanode}
2021-05-19 07:43:02,824 [68d4f79f-8ed5-4598-b947-57f9bc979c0e@group-1F4802A68F73-LeaderElection60] INFO  impl.LeaderElection (LogUtils.java:infoOrTrace(137)) - 68d4f79f-8ed5-4598-b947-57f9bc979c0e@group-1F4802A68F73-LeaderElection60 got exception when requesting votes: java.util.concurrent.ExecutionException: org.apache.ratis.thirdparty.io.grpc.StatusRuntimeException: UNAVAILABLE: io exception
2021-05-19 07:43:02,824 [Listener at 127.0.0.1/41639] INFO  utils.BackgroundService (BackgroundService.java:shutdown(132)) - Shutting down service BlockDeletingService
2021-05-19 07:43:02,824 [68d4f79f-8ed5-4598-b947-57f9bc979c0e@group-1F4802A68F73-LeaderElection60] INFO  impl.LeaderElection (LeaderElection.java:logAndReturn(89)) - 68d4f79f-8ed5-4598-b947-57f9bc979c0e@group-1F4802A68F73-LeaderElection60: ELECTION REJECTED received 1 response(s) and 1 exception(s):
2021-05-19 07:43:02,824 [68d4f79f-8ed5-4598-b947-57f9bc979c0e@group-1F4802A68F73-LeaderElection60] INFO  impl.LeaderElection (LeaderElection.java:logAndReturn(93)) -   Response 0: 68d4f79f-8ed5-4598-b947-57f9bc979c0e<-a14714da-c87c-4361-b393-7e96cf422ed7#0:FAIL-t1
2021-05-19 07:43:02,824 [68d4f79f-8ed5-4598-b947-57f9bc979c0e@group-1F4802A68F73-LeaderElection60] INFO  impl.LeaderElection (LogUtils.java:infoOrTrace(137)) -   Exception 1: java.util.concurrent.ExecutionException: org.apache.ratis.thirdparty.io.grpc.StatusRuntimeException: UNAVAILABLE: io exception
2021-05-19 07:43:02,824 [68d4f79f-8ed5-4598-b947-57f9bc979c0e@group-1F4802A68F73-LeaderElection60] INFO  impl.LeaderElection (LeaderElection.java:askForVotes(308)) - 68d4f79f-8ed5-4598-b947-57f9bc979c0e@group-1F4802A68F73-LeaderElection60 ELECTION round 0: result REJECTED
2021-05-19 07:43:02,824 [68d4f79f-8ed5-4598-b947-57f9bc979c0e@group-1F4802A68F73-LeaderElection60] INFO  server.RaftServer$Division (RaftServerImpl.java:setRole(284)) - 68d4f79f-8ed5-4598-b947-57f9bc979c0e@group-1F4802A68F73: changes role from CANDIDATE to FOLLOWER at term 1 for REJECTED
2021-05-19 07:43:02,824 [68d4f79f-8ed5-4598-b947-57f9bc979c0e@group-1F4802A68F73-LeaderElection60] INFO  impl.RoleInfo (RoleInfo.java:shutdownLeaderElection(121)) - 68d4f79f-8ed5-4598-b947-57f9bc979c0e: shutdown 68d4f79f-8ed5-4598-b947-57f9bc979c0e@group-1F4802A68F73-LeaderElection60
2021-05-19 07:43:02,824 [68d4f79f-8ed5-4598-b947-57f9bc979c0e@group-1F4802A68F73-LeaderElection60] INFO  impl.RoleInfo (RoleInfo.java:updateAndGet(130)) - 68d4f79f-8ed5-4598-b947-57f9bc979c0e: start 68d4f79f-8ed5-4598-b947-57f9bc979c0e@group-1F4802A68F73-FollowerState
2021-05-19 07:43:02,830 [ForkJoinPool.commonPool-worker-0] INFO  server.AbstractConnector (AbstractConnector.java:doStop(381)) - Stopped ServerConnector@18366bc{HTTP/1.1, (http/1.1)}{0.0.0.0:0}
2021-05-19 07:43:02,830 [ForkJoinPool.commonPool-worker-0] INFO  server.session (HouseKeeper.java:stopScavenging(149)) - node0 Stopped scavenging
2021-05-19 07:43:02,842 [ForkJoinPool.commonPool-worker-0] INFO  handler.ContextHandler (ContextHandler.java:doStop(1154)) - Stopped o.e.j.s.ServletContextHandler@aa235e3{static,/static,jar:file:/home/user/.m2/repository/org/apache/hadoop/hadoop-hdds-container-service/1.2.0-SNAPSHOT/hadoop-hdds-container-service-1.2.0-SNAPSHOT.jar!/webapps/static,STOPPED}
2021-05-19 07:43:02,847 [a14714da-c87c-4361-b393-7e96cf422ed7@group-248D4D37A09F-LeaderElection62] INFO  impl.LeaderElection (LeaderElection.java:askForVotes(306)) - a14714da-c87c-4361-b393-7e96cf422ed7@group-248D4D37A09F-LeaderElection62 ELECTION round 0: submit vote requests at term 1 for -1: [a14714da-c87c-4361-b393-7e96cf422ed7|rpc:172.17.0.2:45547|priority:0, b054e63b-a418-439f-9265-0225a71f074a|rpc:172.17.0.2:34287|priority:1, 68d4f79f-8ed5-4598-b947-57f9bc979c0e|rpc:172.17.0.2:42729|priority:0], old=null
2021-05-19 07:43:02,851 [ForkJoinPool.commonPool-worker-0] INFO  handler.ContextHandler (ContextHandler.java:doStop(1154)) - Stopped o.e.j.s.ServletContextHandler@427f4e38{logs,/logs,file:///github/workspace/mnt/ozone/hadoop-ozone/integration-test/target/log,STOPPED}
2021-05-19 07:43:02,852 [a14714da-c87c-4361-b393-7e96cf422ed7@group-615E84326CE6-LeaderElection61] INFO  impl.LeaderElection (LeaderElection.java:askForVotes(306)) - a14714da-c87c-4361-b393-7e96cf422ed7@group-615E84326CE6-LeaderElection61 ELECTION round 0: submit vote requests at term 1 for -1: [a14714da-c87c-4361-b393-7e96cf422ed7|rpc:172.17.0.2:45547|priority:1], old=null
2021-05-19 07:43:02,852 [a14714da-c87c-4361-b393-7e96cf422ed7@group-615E84326CE6-LeaderElection61] INFO  impl.LeaderElection (LeaderElection.java:askForVotes(308)) - a14714da-c87c-4361-b393-7e96cf422ed7@group-615E84326CE6-LeaderElection61 ELECTION round 0: result PASSED (term=1)
2021-05-19 07:43:02,853 [a14714da-c87c-4361-b393-7e96cf422ed7@group-615E84326CE6-LeaderElection61] INFO  impl.RoleInfo (RoleInfo.java:shutdownLeaderElection(121)) - a14714da-c87c-4361-b393-7e96cf422ed7: shutdown a14714da-c87c-4361-b393-7e96cf422ed7@group-615E84326CE6-LeaderElection61
2021-05-19 07:43:02,853 [a14714da-c87c-4361-b393-7e96cf422ed7@group-615E84326CE6-LeaderElection61] INFO  server.RaftServer$Division (RaftServerImpl.java:setRole(284)) - a14714da-c87c-4361-b393-7e96cf422ed7@group-615E84326CE6: changes role from CANDIDATE to LEADER at term 1 for changeToLeader
2021-05-19 07:43:02,853 [a14714da-c87c-4361-b393-7e96cf422ed7@group-615E84326CE6-LeaderElection61] INFO  ratis.XceiverServerRatis (XceiverServerRatis.java:handleLeaderChangedNotification(906)) - Leader change notification received for group: group-615E84326CE6 with new leaderId: a14714da-c87c-4361-b393-7e96cf422ed7
2021-05-19 07:43:02,857 [68d4f79f-8ed5-4598-b947-57f9bc979c0e@group-62F890F27B82-FollowerState] INFO  impl.FollowerState (FollowerState.java:run(134)) - 68d4f79f-8ed5-4598-b947-57f9bc979c0e@group-62F890F27B82-FollowerState: change to CANDIDATE, lastRpcElapsedTime:5072470650ns, electionTimeout:5071ms
2021-05-19 07:43:02,857 [68d4f79f-8ed5-4598-b947-57f9bc979c0e@group-62F890F27B82-FollowerState] INFO  impl.RoleInfo (RoleInfo.java:shutdownFollowerState(108)) - 68d4f79f-8ed5-4598-b947-57f9bc979c0e: shutdown 68d4f79f-8ed5-4598-b947-57f9bc979c0e@group-62F890F27B82-FollowerState
2021-05-19 07:43:02,857 [68d4f79f-8ed5-4598-b947-57f9bc979c0e@group-62F890F27B82-FollowerState] INFO  server.RaftServer$Division (RaftServerImpl.java:setRole(284)) - 68d4f79f-8ed5-4598-b947-57f9bc979c0e@group-62F890F27B82: changes role from  FOLLOWER to CANDIDATE at term 0 for changeToCandidate
2021-05-19 07:43:02,859 [68d4f79f-8ed5-4598-b947-57f9bc979c0e@group-248D4D37A09F-FollowerState] INFO  impl.FollowerState (FollowerState.java:run(134)) - 68d4f79f-8ed5-4598-b947-57f9bc979c0e@group-248D4D37A09F-FollowerState: change to CANDIDATE, lastRpcElapsedTime:5034866654ns, electionTimeout:5028ms
2021-05-19 07:43:02,859 [68d4f79f-8ed5-4598-b947-57f9bc979c0e@group-248D4D37A09F-FollowerState] INFO  impl.RoleInfo (RoleInfo.java:shutdownFollowerState(108)) - 68d4f79f-8ed5-4598-b947-57f9bc979c0e: shutdown 68d4f79f-8ed5-4598-b947-57f9bc979c0e@group-248D4D37A09F-FollowerState
2021-05-19 07:43:02,859 [68d4f79f-8ed5-4598-b947-57f9bc979c0e@group-248D4D37A09F-FollowerState] INFO  server.RaftServer$Division (RaftServerImpl.java:setRole(284)) - 68d4f79f-8ed5-4598-b947-57f9bc979c0e@group-248D4D37A09F: changes role from  FOLLOWER to CANDIDATE at term 0 for changeToCandidate
2021-05-19 07:43:02,859 [68d4f79f-8ed5-4598-b947-57f9bc979c0e@group-248D4D37A09F-FollowerState] INFO  server.RaftServerConfigKeys (ConfUtils.java:logGet(44)) - raft.server.leaderelection.pre-vote = false (custom)
2021-05-19 07:43:02,859 [68d4f79f-8ed5-4598-b947-57f9bc979c0e@group-248D4D37A09F-FollowerState] INFO  impl.RoleInfo (RoleInfo.java:updateAndGet(130)) - 68d4f79f-8ed5-4598-b947-57f9bc979c0e: start 68d4f79f-8ed5-4598-b947-57f9bc979c0e@group-248D4D37A09F-LeaderElection64
2021-05-19 07:43:02,872 [b054e63b-a418-439f-9265-0225a71f074a@group-62F890F27B82-FollowerState] INFO  impl.FollowerState (FollowerState.java:run(134)) - b054e63b-a418-439f-9265-0225a71f074a@group-62F890F27B82-FollowerState: change to CANDIDATE, lastRpcElapsedTime:5089632493ns, electionTimeout:5085ms
2021-05-19 07:43:02,872 [b054e63b-a418-439f-9265-0225a71f074a@group-62F890F27B82-FollowerState] INFO  impl.RoleInfo (RoleInfo.java:shutdownFollowerState(108)) - b054e63b-a418-439f-9265-0225a71f074a: shutdown b054e63b-a418-439f-9265-0225a71f074a@group-62F890F27B82-FollowerState
2021-05-19 07:43:02,872 [b054e63b-a418-439f-9265-0225a71f074a@group-62F890F27B82-FollowerState] INFO  server.RaftServer$Division (RaftServerImpl.java:setRole(284)) - b054e63b-a418-439f-9265-0225a71f074a@group-62F890F27B82: changes role from  FOLLOWER to CANDIDATE at term 0 for changeToCandidate
2021-05-19 07:43:02,873 [68d4f79f-8ed5-4598-b947-57f9bc979c0e@group-248D4D37A09F-LeaderElection64] INFO  impl.LeaderElection (LeaderElection.java:askForVotes(306)) - 68d4f79f-8ed5-4598-b947-57f9bc979c0e@group-248D4D37A09F-LeaderElection64 ELECTION round 0: submit vote requests at term 1 for -1: [a14714da-c87c-4361-b393-7e96cf422ed7|rpc:172.17.0.2:45547|dataStream:|priority:0, b054e63b-a418-439f-9265-0225a71f074a|rpc:172.17.0.2:34287|dataStream:|priority:1, 68d4f79f-8ed5-4598-b947-57f9bc979c0e|rpc:172.17.0.2:42729|dataStream:|priority:0], old=null
2021-05-19 07:43:02,878 [68d4f79f-8ed5-4598-b947-57f9bc979c0e@group-62F890F27B82-FollowerState] INFO  server.RaftServerConfigKeys (ConfUtils.java:logGet(44)) - raft.server.leaderelection.pre-vote = false (custom)
2021-05-19 07:43:02,878 [68d4f79f-8ed5-4598-b947-57f9bc979c0e@group-62F890F27B82-FollowerState] INFO  impl.RoleInfo (RoleInfo.java:updateAndGet(130)) - 68d4f79f-8ed5-4598-b947-57f9bc979c0e: start 68d4f79f-8ed5-4598-b947-57f9bc979c0e@group-62F890F27B82-LeaderElection63
2021-05-19 07:43:02,884 [grpc-default-executor-5] INFO  server.RaftServer$Division (RaftServerImpl.java:requestVote(1042)) - b054e63b-a418-439f-9265-0225a71f074a@group-248D4D37A09F: receive requestVote(ELECTION, a14714da-c87c-4361-b393-7e96cf422ed7, group-248D4D37A09F, 1, (t:0, i:0))
2021-05-19 07:43:02,884 [grpc-default-executor-5] INFO  impl.VoteContext (VoteContext.java:log(48)) - b054e63b-a418-439f-9265-0225a71f074a@group-248D4D37A09F-FOLLOWER: reject ELECTION from a14714da-c87c-4361-b393-7e96cf422ed7: our priority 1 > candidate's priority 0
2021-05-19 07:43:02,884 [grpc-default-executor-5] INFO  server.RaftServer$Division (RaftServerImpl.java:setRole(284)) - b054e63b-a418-439f-9265-0225a71f074a@group-248D4D37A09F: changes role from  FOLLOWER to FOLLOWER at term 1 for candidate:a14714da-c87c-4361-b393-7e96cf422ed7
2021-05-19 07:43:02,884 [grpc-default-executor-5] INFO  impl.RoleInfo (RoleInfo.java:shutdownFollowerState(108)) - b054e63b-a418-439f-9265-0225a71f074a: shutdown b054e63b-a418-439f-9265-0225a71f074a@group-248D4D37A09F-FollowerState
2021-05-19 07:43:02,889 [a14714da-c87c-4361-b393-7e96cf422ed7@group-615E84326CE6-LeaderElection61] INFO  server.RaftServer$Division (ServerState.java:setLeader(271)) - a14714da-c87c-4361-b393-7e96cf422ed7@group-615E84326CE6: change Leader from null to a14714da-c87c-4361-b393-7e96cf422ed7 at term 1 for becomeLeader, leader elected after 5184ms
2021-05-19 07:43:02,889 [a14714da-c87c-4361-b393-7e96cf422ed7@group-615E84326CE6-LeaderElection61] INFO  server.RaftServerConfigKeys (ConfUtils.java:logGet(44)) - raft.server.staging.catchup.gap = 1000 (default)
2021-05-19 07:43:02,890 [a14714da-c87c-4361-b393-7e96cf422ed7@group-615E84326CE6-LeaderElection61] INFO  metrics.RatisMetrics (RatisMetrics.java:lambda$create$0(36)) - Creating Metrics Registry : ratis.log_appender.a14714da-c87c-4361-b393-7e96cf422ed7@group-615E84326CE6
2021-05-19 07:43:02,890 [grpc-default-executor-5] INFO  impl.RoleInfo (RoleInfo.java:updateAndGet(130)) - b054e63b-a418-439f-9265-0225a71f074a: start b054e63b-a418-439f-9265-0225a71f074a@group-248D4D37A09F-FollowerState
2021-05-19 07:43:02,890 [a14714da-c87c-4361-b393-7e96cf422ed7@group-615E84326CE6-LeaderElection61] INFO  server.RaftServerConfigKeys (ConfUtils.java:logGet(44)) - raft.server.write.element-limit = 1024 (custom)
2021-05-19 07:43:02,890 [a14714da-c87c-4361-b393-7e96cf422ed7@group-615E84326CE6-LeaderElection61] INFO  server.RaftServerConfigKeys (ConfUtils.java:logGet(44)) - raft.server.write.byte-limit = 1073741824 (custom)
2021-05-19 07:43:02,890 [grpc-default-executor-1] INFO  server.RaftServer$Division (RaftServerImpl.java:requestVote(1042)) - 68d4f79f-8ed5-4598-b947-57f9bc979c0e@group-248D4D37A09F: receive requestVote(ELECTION, a14714da-c87c-4361-b393-7e96cf422ed7, group-248D4D37A09F, 1, (t:0, i:0))
2021-05-19 07:43:02,890 [grpc-default-executor-1] INFO  impl.VoteContext (VoteContext.java:log(48)) - 68d4f79f-8ed5-4598-b947-57f9bc979c0e@group-248D4D37A09F-CANDIDATE: reject ELECTION from a14714da-c87c-4361-b393-7e96cf422ed7: already has voted for 68d4f79f-8ed5-4598-b947-57f9bc979c0e at current term 1
2021-05-19 07:43:02,890 [grpc-default-executor-1] INFO  server.RaftServer$Division (RaftServerImpl.java:requestVote(1074)) - 68d4f79f-8ed5-4598-b947-57f9bc979c0e@group-248D4D37A09F replies to ELECTION vote request: a14714da-c87c-4361-b393-7e96cf422ed7<-68d4f79f-8ed5-4598-b947-57f9bc979c0e#0:FAIL-t1. Peer's state: 68d4f79f-8ed5-4598-b947-57f9bc979c0e@group-248D4D37A09F:t1, leader=null, voted=68d4f79f-8ed5-4598-b947-57f9bc979c0e, raftlog=68d4f79f-8ed5-4598-b947-57f9bc979c0e@group-248D4D37A09F-SegmentedRaftLog:OPENED:c-1,f-1,i0, conf=-1: [a14714da-c87c-4361-b393-7e96cf422ed7|rpc:172.17.0.2:45547|dataStream:|priority:0, b054e63b-a418-439f-9265-0225a71f074a|rpc:172.17.0.2:34287|dataStream:|priority:1, 68d4f79f-8ed5-4598-b947-57f9bc979c0e|rpc:172.17.0.2:42729|dataStream:|priority:0], old=null
2021-05-19 07:43:02,890 [a14714da-c87c-4361-b393-7e96cf422ed7@group-615E84326CE6-LeaderElection61] INFO  server.RaftServerConfigKeys (ConfUtils.java:logGet(44)) - raft.server.watch.timeout = 3000ms (custom)
2021-05-19 07:43:02,890 [a14714da-c87c-4361-b393-7e96cf422ed7@group-615E84326CE6-LeaderElection61] INFO  server.RaftServerConfigKeys (ConfUtils.java:logGet(44)) - raft.server.watch.timeout.denomination = 1s (default)
2021-05-19 07:43:02,890 [a14714da-c87c-4361-b393-7e96cf422ed7@group-615E84326CE6-LeaderElection61] INFO  server.RaftServerConfigKeys (ConfUtils.java:logGet(44)) - raft.server.watch.element-limit = 65536 (default)
2021-05-19 07:43:02,890 [a14714da-c87c-4361-b393-7e96cf422ed7@group-615E84326CE6-LeaderElection61] INFO  impl.RoleInfo (RoleInfo.java:updateAndGet(130)) - a14714da-c87c-4361-b393-7e96cf422ed7: start a14714da-c87c-4361-b393-7e96cf422ed7@group-615E84326CE6-LeaderStateImpl
2021-05-19 07:43:02,891 [a14714da-c87c-4361-b393-7e96cf422ed7@group-615E84326CE6-LeaderElection61] INFO  segmented.SegmentedRaftLogWorker (SegmentedRaftLogWorker.java:startLogSegment(394)) - a14714da-c87c-4361-b393-7e96cf422ed7@group-615E84326CE6-SegmentedRaftLogWorker: Starting segment from index:0
2021-05-19 07:43:02,890 [b054e63b-a418-439f-9265-0225a71f074a@group-248D4D37A09F-FollowerState] INFO  impl.FollowerState (FollowerState.java:run(143)) - b054e63b-a418-439f-9265-0225a71f074a@group-248D4D37A09F-FollowerState was interrupted: {}
java.lang.InterruptedException: sleep interrupted
	at java.lang.Thread.sleep(Native Method)
	at java.lang.Thread.sleep(Thread.java:340)
	at java.util.concurrent.TimeUnit.sleep(TimeUnit.java:386)
	at org.apache.ratis.util.TimeDuration.sleep(TimeDuration.java:324)
	at org.apache.ratis.util.TimeDuration.sleep(TimeDuration.java:309)
	at org.apache.ratis.server.impl.FollowerState.run(FollowerState.java:118)
2021-05-19 07:43:02,901 [grpc-default-executor-5] INFO  server.RaftServer$Division (RaftServerImpl.java:requestVote(1074)) - b054e63b-a418-439f-9265-0225a71f074a@group-248D4D37A09F replies to ELECTION vote request: a14714da-c87c-4361-b393-7e96cf422ed7<-b054e63b-a418-439f-9265-0225a71f074a#0:FAIL-t1. Peer's state: b054e63b-a418-439f-9265-0225a71f074a@group-248D4D37A09F:t1, leader=null, voted=null, raftlog=b054e63b-a418-439f-9265-0225a71f074a@group-248D4D37A09F-SegmentedRaftLog:OPENED:c-1,f-1,i0, conf=-1: [a14714da-c87c-4361-b393-7e96cf422ed7|rpc:172.17.0.2:45547|dataStream:|priority:0, b054e63b-a418-439f-9265-0225a71f074a|rpc:172.17.0.2:34287|dataStream:|priority:1, 68d4f79f-8ed5-4598-b947-57f9bc979c0e|rpc:172.17.0.2:42729|dataStream:|priority:0], old=null
2021-05-19 07:43:02,911 [b054e63b-a418-439f-9265-0225a71f074a@group-62F890F27B82-FollowerState] INFO  server.RaftServerConfigKeys (ConfUtils.java:logGet(44)) - raft.server.leaderelection.pre-vote = false (custom)
2021-05-19 07:43:02,911 [b054e63b-a418-439f-9265-0225a71f074a@group-62F890F27B82-FollowerState] INFO  impl.RoleInfo (RoleInfo.java:updateAndGet(130)) - b054e63b-a418-439f-9265-0225a71f074a: start b054e63b-a418-439f-9265-0225a71f074a@group-62F890F27B82-LeaderElection65
2021-05-19 07:43:02,931 [a14714da-c87c-4361-b393-7e96cf422ed7@group-615E84326CE6-LeaderElection61] INFO  server.RaftServer$Division (ServerState.java:setRaftConf(373)) - a14714da-c87c-4361-b393-7e96cf422ed7@group-615E84326CE6: set configuration 0: [a14714da-c87c-4361-b393-7e96cf422ed7|rpc:172.17.0.2:45547|dataStream:|priority:1], old=null
2021-05-19 07:43:02,932 [grpc-default-executor-5] INFO  server.RaftServer$Division (RaftServerImpl.java:requestVote(1042)) - a14714da-c87c-4361-b393-7e96cf422ed7@group-248D4D37A09F: receive requestVote(ELECTION, 68d4f79f-8ed5-4598-b947-57f9bc979c0e, group-248D4D37A09F, 1, (t:0, i:0))
2021-05-19 07:43:02,932 [grpc-default-executor-5] INFO  impl.VoteContext (VoteContext.java:log(48)) - a14714da-c87c-4361-b393-7e96cf422ed7@group-248D4D37A09F-CANDIDATE: reject ELECTION from 68d4f79f-8ed5-4598-b947-57f9bc979c0e: already has voted for a14714da-c87c-4361-b393-7e96cf422ed7 at current term 1
2021-05-19 07:43:02,932 [grpc-default-executor-5] INFO  server.RaftServer$Division (RaftServerImpl.java:requestVote(1074)) - a14714da-c87c-4361-b393-7e96cf422ed7@group-248D4D37A09F replies to ELECTION vote request: 68d4f79f-8ed5-4598-b947-57f9bc979c0e<-a14714da-c87c-4361-b393-7e96cf422ed7#0:FAIL-t1. Peer's state: a14714da-c87c-4361-b393-7e96cf422ed7@group-248D4D37A09F:t1, leader=null, voted=a14714da-c87c-4361-b393-7e96cf422ed7, raftlog=a14714da-c87c-4361-b393-7e96cf422ed7@group-248D4D37A09F-SegmentedRaftLog:OPENED:c-1,f-1,i0, conf=-1: [a14714da-c87c-4361-b393-7e96cf422ed7|rpc:172.17.0.2:45547|priority:0, b054e63b-a418-439f-9265-0225a71f074a|rpc:172.17.0.2:34287|priority:1, 68d4f79f-8ed5-4598-b947-57f9bc979c0e|rpc:172.17.0.2:42729|priority:0], old=null
2021-05-19 07:43:02,932 [a14714da-c87c-4361-b393-7e96cf422ed7@group-248D4D37A09F-LeaderElection62] INFO  impl.LeaderElection (LeaderElection.java:logAndReturn(89)) - a14714da-c87c-4361-b393-7e96cf422ed7@group-248D4D37A09F-LeaderElection62: ELECTION REJECTED received 2 response(s) and 0 exception(s):
2021-05-19 07:43:02,932 [a14714da-c87c-4361-b393-7e96cf422ed7@group-248D4D37A09F-LeaderElection62] INFO  impl.LeaderElection (LeaderElection.java:logAndReturn(93)) -   Response 0: a14714da-c87c-4361-b393-7e96cf422ed7<-b054e63b-a418-439f-9265-0225a71f074a#0:FAIL-t1
2021-05-19 07:43:02,932 [a14714da-c87c-4361-b393-7e96cf422ed7@group-248D4D37A09F-LeaderElection62] INFO  impl.LeaderElection (LeaderElection.java:logAndReturn(93)) -   Response 1: a14714da-c87c-4361-b393-7e96cf422ed7<-68d4f79f-8ed5-4598-b947-57f9bc979c0e#0:FAIL-t1
2021-05-19 07:43:02,932 [a14714da-c87c-4361-b393-7e96cf422ed7@group-248D4D37A09F-LeaderElection62] INFO  impl.LeaderElection (LeaderElection.java:askForVotes(308)) - a14714da-c87c-4361-b393-7e96cf422ed7@group-248D4D37A09F-LeaderElection62 ELECTION round 0: result REJECTED
2021-05-19 07:43:02,932 [a14714da-c87c-4361-b393-7e96cf422ed7@group-248D4D37A09F-LeaderElection62] INFO  server.RaftServer$Division (RaftServerImpl.java:setRole(284)) - a14714da-c87c-4361-b393-7e96cf422ed7@group-248D4D37A09F: changes role from CANDIDATE to FOLLOWER at term 1 for REJECTED
2021-05-19 07:43:02,933 [a14714da-c87c-4361-b393-7e96cf422ed7@group-248D4D37A09F-LeaderElection62] INFO  impl.RoleInfo (RoleInfo.java:shutdownLeaderElection(121)) - a14714da-c87c-4361-b393-7e96cf422ed7: shutdown a14714da-c87c-4361-b393-7e96cf422ed7@group-248D4D37A09F-LeaderElection62
2021-05-19 07:43:02,933 [a14714da-c87c-4361-b393-7e96cf422ed7@group-248D4D37A09F-LeaderElection62] INFO  impl.RoleInfo (RoleInfo.java:updateAndGet(130)) - a14714da-c87c-4361-b393-7e96cf422ed7: start a14714da-c87c-4361-b393-7e96cf422ed7@group-248D4D37A09F-FollowerState
2021-05-19 07:43:02,933 [grpc-default-executor-1] INFO  server.RaftServer$Division (RaftServerImpl.java:requestVote(1042)) - b054e63b-a418-439f-9265-0225a71f074a@group-248D4D37A09F: receive requestVote(ELECTION, 68d4f79f-8ed5-4598-b947-57f9bc979c0e, group-248D4D37A09F, 1, (t:0, i:0))
2021-05-19 07:43:02,934 [68d4f79f-8ed5-4598-b947-57f9bc979c0e@group-62F890F27B82-LeaderElection63] INFO  impl.LeaderElection (LeaderElection.java:askForVotes(306)) - 68d4f79f-8ed5-4598-b947-57f9bc979c0e@group-62F890F27B82-LeaderElection63 ELECTION round 0: submit vote requests at term 1 for -1: [b054e63b-a418-439f-9265-0225a71f074a|rpc:172.17.0.2:34287|priority:0, 68d4f79f-8ed5-4598-b947-57f9bc979c0e|rpc:172.17.0.2:42729|priority:1, 8e81be81-8cf3-4cb2-af1f-2c1c9bc19b0e|rpc:172.17.0.2:41855|priority:0], old=null
2021-05-19 07:43:02,937 [a14714da-c87c-4361-b393-7e96cf422ed7@group-615E84326CE6-SegmentedRaftLogWorker] INFO  segmented.SegmentedRaftLogWorker (SegmentedRaftLogWorker.java:execute(601)) - a14714da-c87c-4361-b393-7e96cf422ed7@group-615E84326CE6-SegmentedRaftLogWorker: created new log segment /github/workspace/mnt/ozone/hadoop-ozone/integration-test/target/test-dir/MiniOzoneClusterImpl-952c9dfc-8967-4523-b06f-60d3bd5de2bf/datanode-2/data/ratis/e5a9674d-1890-47b7-8b5e-615e84326ce6/current/log_inprogress_0
2021-05-19 07:43:02,943 [grpc-default-executor-1] INFO  impl.VoteContext (VoteContext.java:log(48)) - b054e63b-a418-439f-9265-0225a71f074a@group-248D4D37A09F-FOLLOWER: reject ELECTION from 68d4f79f-8ed5-4598-b947-57f9bc979c0e: our priority 1 > candidate's priority 0
2021-05-19 07:43:02,943 [grpc-default-executor-5] INFO  server.RaftServer$Division (RaftServerImpl.java:requestVote(1042)) - b054e63b-a418-439f-9265-0225a71f074a@group-62F890F27B82: receive requestVote(ELECTION, 68d4f79f-8ed5-4598-b947-57f9bc979c0e, group-62F890F27B82, 1, (t:0, i:0))
2021-05-19 07:43:02,943 [grpc-default-executor-1] INFO  server.RaftServer$Division (RaftServerImpl.java:setRole(284)) - b054e63b-a418-439f-9265-0225a71f074a@group-248D4D37A09F: changes role from  FOLLOWER to FOLLOWER at term 1 for candidate:68d4f79f-8ed5-4598-b947-57f9bc979c0e
2021-05-19 07:43:02,944 [grpc-default-executor-1] INFO  impl.RoleInfo (RoleInfo.java:shutdownFollowerState(108)) - b054e63b-a418-439f-9265-0225a71f074a: shutdown b054e63b-a418-439f-9265-0225a71f074a@group-248D4D37A09F-FollowerState
2021-05-19 07:43:02,944 [grpc-default-executor-1] INFO  impl.RoleInfo (RoleInfo.java:updateAndGet(130)) - b054e63b-a418-439f-9265-0225a71f074a: start b054e63b-a418-439f-9265-0225a71f074a@group-248D4D37A09F-FollowerState
2021-05-19 07:43:02,944 [b054e63b-a418-439f-9265-0225a71f074a@group-248D4D37A09F-FollowerState] INFO  impl.FollowerState (FollowerState.java:run(143)) - b054e63b-a418-439f-9265-0225a71f074a@group-248D4D37A09F-FollowerState was interrupted: {}
java.lang.InterruptedException: sleep interrupted
	at java.lang.Thread.sleep(Native Method)
	at java.lang.Thread.sleep(Thread.java:340)
	at java.util.concurrent.TimeUnit.sleep(TimeUnit.java:386)
	at org.apache.ratis.util.TimeDuration.sleep(TimeDuration.java:324)
	at org.apache.ratis.util.TimeDuration.sleep(TimeDuration.java:309)
	at org.apache.ratis.server.impl.FollowerState.run(FollowerState.java:118)
2021-05-19 07:43:02,944 [grpc-default-executor-1] INFO  server.RaftServer$Division (RaftServerImpl.java:requestVote(1074)) - b054e63b-a418-439f-9265-0225a71f074a@group-248D4D37A09F replies to ELECTION vote request: 68d4f79f-8ed5-4598-b947-57f9bc979c0e<-b054e63b-a418-439f-9265-0225a71f074a#0:FAIL-t1. Peer's state: b054e63b-a418-439f-9265-0225a71f074a@group-248D4D37A09F:t1, leader=null, voted=null, raftlog=b054e63b-a418-439f-9265-0225a71f074a@group-248D4D37A09F-SegmentedRaftLog:OPENED:c-1,f-1,i0, conf=-1: [a14714da-c87c-4361-b393-7e96cf422ed7|rpc:172.17.0.2:45547|dataStream:|priority:0, b054e63b-a418-439f-9265-0225a71f074a|rpc:172.17.0.2:34287|dataStream:|priority:1, 68d4f79f-8ed5-4598-b947-57f9bc979c0e|rpc:172.17.0.2:42729|dataStream:|priority:0], old=null
2021-05-19 07:43:02,945 [b054e63b-a418-439f-9265-0225a71f074a@group-62F890F27B82-LeaderElection65] INFO  impl.LeaderElection (LeaderElection.java:askForVotes(306)) - b054e63b-a418-439f-9265-0225a71f074a@group-62F890F27B82-LeaderElection65 ELECTION round 0: submit vote requests at term 1 for -1: [b054e63b-a418-439f-9265-0225a71f074a|rpc:172.17.0.2:34287|priority:0, 68d4f79f-8ed5-4598-b947-57f9bc979c0e|rpc:172.17.0.2:42729|priority:1, 8e81be81-8cf3-4cb2-af1f-2c1c9bc19b0e|rpc:172.17.0.2:41855|priority:0], old=null
2021-05-19 07:43:02,945 [grpc-default-executor-5] INFO  impl.VoteContext (VoteContext.java:log(48)) - b054e63b-a418-439f-9265-0225a71f074a@group-62F890F27B82-CANDIDATE: reject ELECTION from 68d4f79f-8ed5-4598-b947-57f9bc979c0e: already has voted for b054e63b-a418-439f-9265-0225a71f074a at current term 1
2021-05-19 07:43:02,945 [grpc-default-executor-5] INFO  server.RaftServer$Division (RaftServerImpl.java:requestVote(1074)) - b054e63b-a418-439f-9265-0225a71f074a@group-62F890F27B82 replies to ELECTION vote request: 68d4f79f-8ed5-4598-b947-57f9bc979c0e<-b054e63b-a418-439f-9265-0225a71f074a#0:FAIL-t1. Peer's state: b054e63b-a418-439f-9265-0225a71f074a@group-62F890F27B82:t1, leader=null, voted=b054e63b-a418-439f-9265-0225a71f074a, raftlog=b054e63b-a418-439f-9265-0225a71f074a@group-62F890F27B82-SegmentedRaftLog:OPENED:c-1,f-1,i0, conf=-1: [b054e63b-a418-439f-9265-0225a71f074a|rpc:172.17.0.2:34287|priority:0, 68d4f79f-8ed5-4598-b947-57f9bc979c0e|rpc:172.17.0.2:42729|priority:1, 8e81be81-8cf3-4cb2-af1f-2c1c9bc19b0e|rpc:172.17.0.2:41855|priority:0], old=null
2021-05-19 07:43:02,947 [a14714da-c87c-4361-b393-7e96cf422ed7@group-4BBCCAEDA604-FollowerState] INFO  impl.FollowerState (FollowerState.java:run(134)) - a14714da-c87c-4361-b393-7e96cf422ed7@group-4BBCCAEDA604-FollowerState: change to CANDIDATE, lastRpcElapsedTime:5051421496ns, electionTimeout:5049ms
2021-05-19 07:43:02,947 [a14714da-c87c-4361-b393-7e96cf422ed7@group-4BBCCAEDA604-FollowerState] INFO  impl.RoleInfo (RoleInfo.java:shutdownFollowerState(108)) - a14714da-c87c-4361-b393-7e96cf422ed7: shutdown a14714da-c87c-4361-b393-7e96cf422ed7@group-4BBCCAEDA604-FollowerState
2021-05-19 07:43:02,948 [a14714da-c87c-4361-b393-7e96cf422ed7@group-4BBCCAEDA604-FollowerState] INFO  server.RaftServer$Division (RaftServerImpl.java:setRole(284)) - a14714da-c87c-4361-b393-7e96cf422ed7@group-4BBCCAEDA604: changes role from  FOLLOWER to CANDIDATE at term 0 for changeToCandidate
2021-05-19 07:43:02,955 [a14714da-c87c-4361-b393-7e96cf422ed7@group-4BBCCAEDA604-FollowerState] INFO  server.RaftServerConfigKeys (ConfUtils.java:logGet(44)) - raft.server.leaderelection.pre-vote = false (custom)
2021-05-19 07:43:02,955 [a14714da-c87c-4361-b393-7e96cf422ed7@group-4BBCCAEDA604-FollowerState] INFO  impl.RoleInfo (RoleInfo.java:updateAndGet(130)) - a14714da-c87c-4361-b393-7e96cf422ed7: start a14714da-c87c-4361-b393-7e96cf422ed7@group-4BBCCAEDA604-LeaderElection66
2021-05-19 07:43:02,955 [68d4f79f-8ed5-4598-b947-57f9bc979c0e@group-248D4D37A09F-LeaderElection64] INFO  impl.LeaderElection (LeaderElection.java:logAndReturn(89)) - 68d4f79f-8ed5-4598-b947-57f9bc979c0e@group-248D4D37A09F-LeaderElection64: ELECTION REJECTED received 2 response(s) and 0 exception(s):
2021-05-19 07:43:02,955 [68d4f79f-8ed5-4598-b947-57f9bc979c0e@group-248D4D37A09F-LeaderElection64] INFO  impl.LeaderElection (LeaderElection.java:logAndReturn(93)) -   Response 0: 68d4f79f-8ed5-4598-b947-57f9bc979c0e<-a14714da-c87c-4361-b393-7e96cf422ed7#0:FAIL-t1
2021-05-19 07:43:02,955 [68d4f79f-8ed5-4598-b947-57f9bc979c0e@group-248D4D37A09F-LeaderElection64] INFO  impl.LeaderElection (LeaderElection.java:logAndReturn(93)) -   Response 1: 68d4f79f-8ed5-4598-b947-57f9bc979c0e<-b054e63b-a418-439f-9265-0225a71f074a#0:FAIL-t1
2021-05-19 07:43:02,955 [68d4f79f-8ed5-4598-b947-57f9bc979c0e@group-248D4D37A09F-LeaderElection64] INFO  impl.LeaderElection (LeaderElection.java:askForVotes(308)) - 68d4f79f-8ed5-4598-b947-57f9bc979c0e@group-248D4D37A09F-LeaderElection64 ELECTION round 0: result REJECTED
2021-05-19 07:43:02,955 [68d4f79f-8ed5-4598-b947-57f9bc979c0e@group-248D4D37A09F-LeaderElection64] INFO  server.RaftServer$Division (RaftServerImpl.java:setRole(284)) - 68d4f79f-8ed5-4598-b947-57f9bc979c0e@group-248D4D37A09F: changes role from CANDIDATE to FOLLOWER at term 1 for REJECTED
2021-05-19 07:43:02,955 [68d4f79f-8ed5-4598-b947-57f9bc979c0e@group-248D4D37A09F-LeaderElection64] INFO  impl.RoleInfo (RoleInfo.java:shutdownLeaderElection(121)) - 68d4f79f-8ed5-4598-b947-57f9bc979c0e: shutdown 68d4f79f-8ed5-4598-b947-57f9bc979c0e@group-248D4D37A09F-LeaderElection64
2021-05-19 07:43:02,955 [68d4f79f-8ed5-4598-b947-57f9bc979c0e@group-248D4D37A09F-LeaderElection64] INFO  impl.RoleInfo (RoleInfo.java:updateAndGet(130)) - 68d4f79f-8ed5-4598-b947-57f9bc979c0e: start 68d4f79f-8ed5-4598-b947-57f9bc979c0e@group-248D4D37A09F-FollowerState
2021-05-19 07:43:02,959 [68d4f79f-8ed5-4598-b947-57f9bc979c0e@group-62F890F27B82-LeaderElection63] INFO  impl.LeaderElection (LogUtils.java:infoOrTrace(137)) - 68d4f79f-8ed5-4598-b947-57f9bc979c0e@group-62F890F27B82-LeaderElection63 got exception when requesting votes: java.util.concurrent.ExecutionException: org.apache.ratis.thirdparty.io.grpc.StatusRuntimeException: UNAVAILABLE: io exception
2021-05-19 07:43:02,959 [68d4f79f-8ed5-4598-b947-57f9bc979c0e@group-62F890F27B82-LeaderElection63] INFO  impl.LeaderElection (LeaderElection.java:logAndReturn(89)) - 68d4f79f-8ed5-4598-b947-57f9bc979c0e@group-62F890F27B82-LeaderElection63: ELECTION REJECTED received 1 response(s) and 1 exception(s):
2021-05-19 07:43:02,959 [68d4f79f-8ed5-4598-b947-57f9bc979c0e@group-62F890F27B82-LeaderElection63] INFO  impl.LeaderElection (LeaderElection.java:logAndReturn(93)) -   Response 0: 68d4f79f-8ed5-4598-b947-57f9bc979c0e<-b054e63b-a418-439f-9265-0225a71f074a#0:FAIL-t1
2021-05-19 07:43:02,959 [68d4f79f-8ed5-4598-b947-57f9bc979c0e@group-62F890F27B82-LeaderElection63] INFO  impl.LeaderElection (LogUtils.java:infoOrTrace(137)) -   Exception 1: java.util.concurrent.ExecutionException: org.apache.ratis.thirdparty.io.grpc.StatusRuntimeException: UNAVAILABLE: io exception
2021-05-19 07:43:02,959 [68d4f79f-8ed5-4598-b947-57f9bc979c0e@group-62F890F27B82-LeaderElection63] INFO  impl.LeaderElection (LeaderElection.java:askForVotes(308)) - 68d4f79f-8ed5-4598-b947-57f9bc979c0e@group-62F890F27B82-LeaderElection63 ELECTION round 0: result REJECTED
2021-05-19 07:43:02,959 [68d4f79f-8ed5-4598-b947-57f9bc979c0e@group-62F890F27B82-LeaderElection63] INFO  server.RaftServer$Division (RaftServerImpl.java:setRole(284)) - 68d4f79f-8ed5-4598-b947-57f9bc979c0e@group-62F890F27B82: changes role from CANDIDATE to FOLLOWER at term 1 for REJECTED
2021-05-19 07:43:02,959 [68d4f79f-8ed5-4598-b947-57f9bc979c0e@group-62F890F27B82-LeaderElection63] INFO  impl.RoleInfo (RoleInfo.java:shutdownLeaderElection(121)) - 68d4f79f-8ed5-4598-b947-57f9bc979c0e: shutdown 68d4f79f-8ed5-4598-b947-57f9bc979c0e@group-62F890F27B82-LeaderElection63
2021-05-19 07:43:02,959 [68d4f79f-8ed5-4598-b947-57f9bc979c0e@group-62F890F27B82-LeaderElection63] INFO  impl.RoleInfo (RoleInfo.java:updateAndGet(130)) - 68d4f79f-8ed5-4598-b947-57f9bc979c0e: start 68d4f79f-8ed5-4598-b947-57f9bc979c0e@group-62F890F27B82-FollowerState
2021-05-19 07:43:02,974 [Listener at 127.0.0.1/41639] INFO  statemachine.DatanodeStateMachine (DatanodeStateMachine.java:stopDaemon(469)) - Ozone container server stopped.
2021-05-19 07:43:02,974 [a14714da-c87c-4361-b393-7e96cf422ed7@group-4BBCCAEDA604-LeaderElection66] INFO  impl.LeaderElection (LeaderElection.java:askForVotes(306)) - a14714da-c87c-4361-b393-7e96cf422ed7@group-4BBCCAEDA604-LeaderElection66 ELECTION round 0: submit vote requests at term 1 for -1: [a14714da-c87c-4361-b393-7e96cf422ed7|rpc:172.17.0.2:45547|priority:0, b054e63b-a418-439f-9265-0225a71f074a|rpc:172.17.0.2:34287|priority:0, 8e81be81-8cf3-4cb2-af1f-2c1c9bc19b0e|rpc:172.17.0.2:41855|priority:1], old=null
2021-05-19 07:43:02,982 [Listener at 127.0.0.1/41639] INFO  handler.ContextHandler (ContextHandler.java:doStop(1154)) - Stopped o.e.j.w.WebAppContext@4f0cf917{hddsDatanode,/,null,STOPPED}{jar:file:/home/user/.m2/repository/org/apache/hadoop/hadoop-hdds-container-service/1.2.0-SNAPSHOT/hadoop-hdds-container-service-1.2.0-SNAPSHOT.jar!/webapps/hddsDatanode}
2021-05-19 07:43:02,984 [grpc-default-executor-5] INFO  server.RaftServer$Division (RaftServerImpl.java:requestVote(1042)) - b054e63b-a418-439f-9265-0225a71f074a@group-4BBCCAEDA604: receive requestVote(ELECTION, a14714da-c87c-4361-b393-7e96cf422ed7, group-4BBCCAEDA604, 1, (t:0, i:0))
2021-05-19 07:43:02,984 [grpc-default-executor-5] INFO  impl.VoteContext (VoteContext.java:log(48)) - b054e63b-a418-439f-9265-0225a71f074a@group-4BBCCAEDA604-FOLLOWER: accept ELECTION from a14714da-c87c-4361-b393-7e96cf422ed7: our priority 0 <= candidate's priority 0
2021-05-19 07:43:02,984 [grpc-default-executor-5] INFO  server.RaftServer$Division (RaftServerImpl.java:setRole(284)) - b054e63b-a418-439f-9265-0225a71f074a@group-4BBCCAEDA604: changes role from  FOLLOWER to FOLLOWER at term 1 for candidate:a14714da-c87c-4361-b393-7e96cf422ed7
2021-05-19 07:43:02,984 [grpc-default-executor-5] INFO  impl.RoleInfo (RoleInfo.java:shutdownFollowerState(108)) - b054e63b-a418-439f-9265-0225a71f074a: shutdown b054e63b-a418-439f-9265-0225a71f074a@group-4BBCCAEDA604-FollowerState
2021-05-19 07:43:02,984 [grpc-default-executor-5] INFO  impl.RoleInfo (RoleInfo.java:updateAndGet(130)) - b054e63b-a418-439f-9265-0225a71f074a: start b054e63b-a418-439f-9265-0225a71f074a@group-4BBCCAEDA604-FollowerState
2021-05-19 07:43:02,984 [b054e63b-a418-439f-9265-0225a71f074a@group-4BBCCAEDA604-FollowerState] INFO  impl.FollowerState (FollowerState.java:run(143)) - b054e63b-a418-439f-9265-0225a71f074a@group-4BBCCAEDA604-FollowerState was interrupted: {}
java.lang.InterruptedException: sleep interrupted
	at java.lang.Thread.sleep(Native Method)
	at java.lang.Thread.sleep(Thread.java:340)
	at java.util.concurrent.TimeUnit.sleep(TimeUnit.java:386)
	at org.apache.ratis.util.TimeDuration.sleep(TimeDuration.java:324)
	at org.apache.ratis.util.TimeDuration.sleep(TimeDuration.java:309)
	at org.apache.ratis.server.impl.FollowerState.run(FollowerState.java:118)
2021-05-19 07:43:02,985 [Listener at 127.0.0.1/41639] INFO  server.AbstractConnector (AbstractConnector.java:doStop(381)) - Stopped ServerConnector@46db50{HTTP/1.1, (http/1.1)}{0.0.0.0:0}
2021-05-19 07:43:02,985 [Listener at 127.0.0.1/41639] INFO  server.session (HouseKeeper.java:stopScavenging(149)) - node0 Stopped scavenging
2021-05-19 07:43:02,985 [Listener at 127.0.0.1/41639] INFO  handler.ContextHandler (ContextHandler.java:doStop(1154)) - Stopped o.e.j.s.ServletContextHandler@38718d1e{static,/static,jar:file:/home/user/.m2/repository/org/apache/hadoop/hadoop-hdds-container-service/1.2.0-SNAPSHOT/hadoop-hdds-container-service-1.2.0-SNAPSHOT.jar!/webapps/static,STOPPED}
2021-05-19 07:43:02,986 [Listener at 127.0.0.1/41639] INFO  handler.ContextHandler (ContextHandler.java:doStop(1154)) - Stopped o.e.j.s.ServletContextHandler@6d870079{logs,/logs,file:///github/workspace/mnt/ozone/hadoop-ozone/integration-test/target/log,STOPPED}
2021-05-19 07:43:02,991 [a14714da-c87c-4361-b393-7e96cf422ed7@group-4BBCCAEDA604-LeaderElection66] INFO  impl.LeaderElection (LogUtils.java:infoOrTrace(137)) - a14714da-c87c-4361-b393-7e96cf422ed7@group-4BBCCAEDA604-LeaderElection66 got exception when requesting votes: java.util.concurrent.ExecutionException: org.apache.ratis.thirdparty.io.grpc.StatusRuntimeException: UNAVAILABLE: io exception
2021-05-19 07:43:02,994 [grpc-default-executor-5] INFO  server.RaftServer$Division (RaftServerImpl.java:requestVote(1074)) - b054e63b-a418-439f-9265-0225a71f074a@group-4BBCCAEDA604 replies to ELECTION vote request: a14714da-c87c-4361-b393-7e96cf422ed7<-b054e63b-a418-439f-9265-0225a71f074a#0:OK-t1. Peer's state: b054e63b-a418-439f-9265-0225a71f074a@group-4BBCCAEDA604:t1, leader=null, voted=a14714da-c87c-4361-b393-7e96cf422ed7, raftlog=b054e63b-a418-439f-9265-0225a71f074a@group-4BBCCAEDA604-SegmentedRaftLog:OPENED:c-1,f-1,i0, conf=-1: [a14714da-c87c-4361-b393-7e96cf422ed7|rpc:172.17.0.2:45547|priority:0, b054e63b-a418-439f-9265-0225a71f074a|rpc:172.17.0.2:34287|priority:0, 8e81be81-8cf3-4cb2-af1f-2c1c9bc19b0e|rpc:172.17.0.2:41855|priority:1], old=null
2021-05-19 07:43:02,995 [a14714da-c87c-4361-b393-7e96cf422ed7@group-4BBCCAEDA604-LeaderElection66] INFO  impl.LeaderElection (LeaderElection.java:logAndReturn(89)) - a14714da-c87c-4361-b393-7e96cf422ed7@group-4BBCCAEDA604-LeaderElection66: ELECTION PASSED received 1 response(s) and 1 exception(s):
2021-05-19 07:43:02,995 [a14714da-c87c-4361-b393-7e96cf422ed7@group-4BBCCAEDA604-LeaderElection66] INFO  impl.LeaderElection (LeaderElection.java:logAndReturn(93)) -   Response 0: a14714da-c87c-4361-b393-7e96cf422ed7<-b054e63b-a418-439f-9265-0225a71f074a#0:OK-t1
2021-05-19 07:43:02,995 [a14714da-c87c-4361-b393-7e96cf422ed7@group-4BBCCAEDA604-LeaderElection66] INFO  impl.LeaderElection (LogUtils.java:infoOrTrace(137)) -   Exception 1: java.util.concurrent.ExecutionException: org.apache.ratis.thirdparty.io.grpc.StatusRuntimeException: UNAVAILABLE: io exception
2021-05-19 07:43:02,995 [a14714da-c87c-4361-b393-7e96cf422ed7@group-4BBCCAEDA604-LeaderElection66] INFO  impl.LeaderElection (LeaderElection.java:askForVotes(308)) - a14714da-c87c-4361-b393-7e96cf422ed7@group-4BBCCAEDA604-LeaderElection66 ELECTION round 0: result PASSED
2021-05-19 07:43:02,995 [a14714da-c87c-4361-b393-7e96cf422ed7@group-4BBCCAEDA604-LeaderElection66] INFO  impl.RoleInfo (RoleInfo.java:shutdownLeaderElection(121)) - a14714da-c87c-4361-b393-7e96cf422ed7: shutdown a14714da-c87c-4361-b393-7e96cf422ed7@group-4BBCCAEDA604-LeaderElection66
2021-05-19 07:43:02,995 [a14714da-c87c-4361-b393-7e96cf422ed7@group-4BBCCAEDA604-LeaderElection66] INFO  server.RaftServer$Division (RaftServerImpl.java:setRole(284)) - a14714da-c87c-4361-b393-7e96cf422ed7@group-4BBCCAEDA604: changes role from CANDIDATE to LEADER at term 1 for changeToLeader
2021-05-19 07:43:02,995 [a14714da-c87c-4361-b393-7e96cf422ed7@group-4BBCCAEDA604-LeaderElection66] INFO  ratis.XceiverServerRatis (XceiverServerRatis.java:handleLeaderChangedNotification(906)) - Leader change notification received for group: group-4BBCCAEDA604 with new leaderId: a14714da-c87c-4361-b393-7e96cf422ed7
2021-05-19 07:43:02,995 [a14714da-c87c-4361-b393-7e96cf422ed7@group-4BBCCAEDA604-LeaderElection66] INFO  server.RaftServer$Division (ServerState.java:setLeader(271)) - a14714da-c87c-4361-b393-7e96cf422ed7@group-4BBCCAEDA604: change Leader from null to a14714da-c87c-4361-b393-7e96cf422ed7 at term 1 for becomeLeader, leader elected after 5116ms
2021-05-19 07:43:02,995 [a14714da-c87c-4361-b393-7e96cf422ed7@group-4BBCCAEDA604-LeaderElection66] INFO  server.RaftServerConfigKeys (ConfUtils.java:logGet(44)) - raft.server.staging.catchup.gap = 1000 (default)
2021-05-19 07:43:02,996 [a14714da-c87c-4361-b393-7e96cf422ed7@group-4BBCCAEDA604-LeaderElection66] INFO  metrics.RatisMetrics (RatisMetrics.java:lambda$create$0(36)) - Creating Metrics Registry : ratis.log_appender.a14714da-c87c-4361-b393-7e96cf422ed7@group-4BBCCAEDA604
2021-05-19 07:43:02,996 [a14714da-c87c-4361-b393-7e96cf422ed7@group-4BBCCAEDA604-LeaderElection66] INFO  server.RaftServerConfigKeys (ConfUtils.java:logGet(44)) - raft.server.write.element-limit = 1024 (custom)
2021-05-19 07:43:02,996 [a14714da-c87c-4361-b393-7e96cf422ed7@group-4BBCCAEDA604-LeaderElection66] INFO  server.RaftServerConfigKeys (ConfUtils.java:logGet(44)) - raft.server.write.byte-limit = 1073741824 (custom)
2021-05-19 07:43:02,996 [b054e63b-a418-439f-9265-0225a71f074a@group-62F890F27B82-LeaderElection65] INFO  impl.LeaderElection (LogUtils.java:infoOrTrace(137)) - b054e63b-a418-439f-9265-0225a71f074a@group-62F890F27B82-LeaderElection65 got exception when requesting votes: java.util.concurrent.ExecutionException: org.apache.ratis.thirdparty.io.grpc.StatusRuntimeException: UNAVAILABLE: io exception
2021-05-19 07:43:02,996 [a14714da-c87c-4361-b393-7e96cf422ed7@group-4BBCCAEDA604-LeaderElection66] INFO  server.RaftServerConfigKeys (ConfUtils.java:logGet(44)) - raft.server.watch.timeout = 3000ms (custom)
2021-05-19 07:43:02,996 [a14714da-c87c-4361-b393-7e96cf422ed7@group-4BBCCAEDA604-LeaderElection66] INFO  server.RaftServerConfigKeys (ConfUtils.java:logGet(44)) - raft.server.watch.timeout.denomination = 1s (default)
2021-05-19 07:43:02,996 [a14714da-c87c-4361-b393-7e96cf422ed7@group-4BBCCAEDA604-LeaderElection66] INFO  server.RaftServerConfigKeys (ConfUtils.java:logGet(44)) - raft.server.watch.element-limit = 65536 (default)
2021-05-19 07:43:02,996 [a14714da-c87c-4361-b393-7e96cf422ed7@group-4BBCCAEDA604-LeaderElection66] INFO  server.RaftServerConfigKeys (ConfUtils.java:logGet(44)) - raft.server.log.appender.snapshot.chunk.size.max = 16MB (=16777216) (default)
2021-05-19 07:43:02,996 [a14714da-c87c-4361-b393-7e96cf422ed7@group-4BBCCAEDA604-LeaderElection66] INFO  server.RaftServerConfigKeys (ConfUtils.java:logGet(44)) - raft.server.log.appender.buffer.byte-limit = 33554432 (custom)
2021-05-19 07:43:02,996 [a14714da-c87c-4361-b393-7e96cf422ed7@group-4BBCCAEDA604-LeaderElection66] INFO  server.RaftServerConfigKeys (ConfUtils.java:logGet(44)) - raft.server.log.appender.buffer.element-limit = 1 (custom)
2021-05-19 07:43:02,996 [a14714da-c87c-4361-b393-7e96cf422ed7@group-4BBCCAEDA604-LeaderElection66] INFO  grpc.GrpcConfigKeys (ConfUtils.java:logGet(44)) - raft.grpc.server.leader.outstanding.appends.max = 128 (default)
2021-05-19 07:43:02,996 [a14714da-c87c-4361-b393-7e96cf422ed7@group-4BBCCAEDA604-LeaderElection66] INFO  server.RaftServerConfigKeys (ConfUtils.java:logGet(44)) - raft.server.rpc.request.timeout = 3000ms (default)
2021-05-19 07:43:02,996 [a14714da-c87c-4361-b393-7e96cf422ed7@group-4BBCCAEDA604-LeaderElection66] INFO  server.RaftServerConfigKeys (ConfUtils.java:logGet(44)) - raft.server.log.appender.install.snapshot.enabled = false (custom)
2021-05-19 07:43:02,996 [a14714da-c87c-4361-b393-7e96cf422ed7@group-4BBCCAEDA604-LeaderElection66] INFO  metrics.RatisMetrics (RatisMetrics.java:lambda$create$0(36)) - Creating Metrics Registry : ratis_grpc.log_appender.a14714da-c87c-4361-b393-7e96cf422ed7@group-4BBCCAEDA604
2021-05-19 07:43:02,997 [a14714da-c87c-4361-b393-7e96cf422ed7@group-4BBCCAEDA604-LeaderElection66] INFO  server.RaftServerConfigKeys (ConfUtils.java:logGet(44)) - raft.server.log.appender.snapshot.chunk.size.max = 16MB (=16777216) (default)
2021-05-19 07:43:02,997 [a14714da-c87c-4361-b393-7e96cf422ed7@group-4BBCCAEDA604-LeaderElection66] INFO  server.RaftServerConfigKeys (ConfUtils.java:logGet(44)) - raft.server.log.appender.buffer.byte-limit = 33554432 (custom)
2021-05-19 07:43:02,997 [a14714da-c87c-4361-b393-7e96cf422ed7@group-4BBCCAEDA604-LeaderElection66] INFO  server.RaftServerConfigKeys (ConfUtils.java:logGet(44)) - raft.server.log.appender.buffer.element-limit = 1 (custom)
2021-05-19 07:43:02,997 [a14714da-c87c-4361-b393-7e96cf422ed7@group-4BBCCAEDA604-LeaderElection66] INFO  grpc.GrpcConfigKeys (ConfUtils.java:logGet(44)) - raft.grpc.server.leader.outstanding.appends.max = 128 (default)
2021-05-19 07:43:02,997 [a14714da-c87c-4361-b393-7e96cf422ed7@group-4BBCCAEDA604-LeaderElection66] INFO  server.RaftServerConfigKeys (ConfUtils.java:logGet(44)) - raft.server.rpc.request.timeout = 3000ms (default)
2021-05-19 07:43:02,997 [a14714da-c87c-4361-b393-7e96cf422ed7@group-4BBCCAEDA604-LeaderElection66] INFO  server.RaftServerConfigKeys (ConfUtils.java:logGet(44)) - raft.server.log.appender.install.snapshot.enabled = false (custom)
2021-05-19 07:43:02,999 [Datanode State Machine Thread - 0] INFO  statemachine.DatanodeStateMachine (DatanodeStateMachine.java:lambda$startDaemon$0(411)) - Ozone container server started.
2021-05-19 07:43:03,000 [grpc-default-executor-5] INFO  server.RaftServer$Division (RaftServerImpl.java:requestVote(1042)) - 68d4f79f-8ed5-4598-b947-57f9bc979c0e@group-62F890F27B82: receive requestVote(ELECTION, b054e63b-a418-439f-9265-0225a71f074a, group-62F890F27B82, 1, (t:0, i:0))
2021-05-19 07:43:03,000 [grpc-default-executor-5] INFO  impl.VoteContext (VoteContext.java:log(48)) - 68d4f79f-8ed5-4598-b947-57f9bc979c0e@group-62F890F27B82-FOLLOWER: reject ELECTION from b054e63b-a418-439f-9265-0225a71f074a: already has voted for 68d4f79f-8ed5-4598-b947-57f9bc979c0e at current term 1
2021-05-19 07:43:03,000 [grpc-default-executor-5] INFO  server.RaftServer$Division (RaftServerImpl.java:requestVote(1074)) - 68d4f79f-8ed5-4598-b947-57f9bc979c0e@group-62F890F27B82 replies to ELECTION vote request: b054e63b-a418-439f-9265-0225a71f074a<-68d4f79f-8ed5-4598-b947-57f9bc979c0e#0:FAIL-t1. Peer's state: 68d4f79f-8ed5-4598-b947-57f9bc979c0e@group-62F890F27B82:t1, leader=null, voted=68d4f79f-8ed5-4598-b947-57f9bc979c0e, raftlog=68d4f79f-8ed5-4598-b947-57f9bc979c0e@group-62F890F27B82-SegmentedRaftLog:OPENED:c-1,f-1,i0, conf=-1: [b054e63b-a418-439f-9265-0225a71f074a|rpc:172.17.0.2:34287|priority:0, 68d4f79f-8ed5-4598-b947-57f9bc979c0e|rpc:172.17.0.2:42729|priority:1, 8e81be81-8cf3-4cb2-af1f-2c1c9bc19b0e|rpc:172.17.0.2:41855|priority:0], old=null
2021-05-19 07:43:03,008 [a14714da-c87c-4361-b393-7e96cf422ed7@group-4BBCCAEDA604-LeaderElection66] INFO  impl.RoleInfo (RoleInfo.java:updateAndGet(130)) - a14714da-c87c-4361-b393-7e96cf422ed7: start a14714da-c87c-4361-b393-7e96cf422ed7@group-4BBCCAEDA604-LeaderStateImpl
2021-05-19 07:43:03,008 [a14714da-c87c-4361-b393-7e96cf422ed7@group-4BBCCAEDA604-LeaderElection66] INFO  segmented.SegmentedRaftLogWorker (SegmentedRaftLogWorker.java:startLogSegment(394)) - a14714da-c87c-4361-b393-7e96cf422ed7@group-4BBCCAEDA604-SegmentedRaftLogWorker: Starting segment from index:0
2021-05-19 07:43:03,009 [b054e63b-a418-439f-9265-0225a71f074a@group-62F890F27B82-LeaderElection65] INFO  impl.LeaderElection (LeaderElection.java:logAndReturn(89)) - b054e63b-a418-439f-9265-0225a71f074a@group-62F890F27B82-LeaderElection65: ELECTION REJECTED received 1 response(s) and 1 exception(s):
2021-05-19 07:43:03,009 [b054e63b-a418-439f-9265-0225a71f074a@group-62F890F27B82-LeaderElection65] INFO  impl.LeaderElection (LeaderElection.java:logAndReturn(93)) -   Response 0: b054e63b-a418-439f-9265-0225a71f074a<-68d4f79f-8ed5-4598-b947-57f9bc979c0e#0:FAIL-t1
2021-05-19 07:43:03,009 [b054e63b-a418-439f-9265-0225a71f074a@group-62F890F27B82-LeaderElection65] INFO  impl.LeaderElection (LogUtils.java:infoOrTrace(137)) -   Exception 1: java.util.concurrent.ExecutionException: org.apache.ratis.thirdparty.io.grpc.StatusRuntimeException: UNAVAILABLE: io exception
2021-05-19 07:43:03,011 [a14714da-c87c-4361-b393-7e96cf422ed7@group-4BBCCAEDA604-SegmentedRaftLogWorker] INFO  segmented.SegmentedRaftLogWorker (SegmentedRaftLogWorker.java:execute(601)) - a14714da-c87c-4361-b393-7e96cf422ed7@group-4BBCCAEDA604-SegmentedRaftLogWorker: created new log segment /github/workspace/mnt/ozone/hadoop-ozone/integration-test/target/test-dir/MiniOzoneClusterImpl-952c9dfc-8967-4523-b06f-60d3bd5de2bf/datanode-2/data/ratis/34ffaed8-1fd9-4d0b-82e4-4bbccaeda604/current/log_inprogress_0
2021-05-19 07:43:03,022 [b054e63b-a418-439f-9265-0225a71f074a@group-62F890F27B82-LeaderElection65] INFO  impl.LeaderElection (LeaderElection.java:askForVotes(308)) - b054e63b-a418-439f-9265-0225a71f074a@group-62F890F27B82-LeaderElection65 ELECTION round 0: result REJECTED
2021-05-19 07:43:03,024 [b054e63b-a418-439f-9265-0225a71f074a@group-62F890F27B82-LeaderElection65] INFO  server.RaftServer$Division (RaftServerImpl.java:setRole(284)) - b054e63b-a418-439f-9265-0225a71f074a@group-62F890F27B82: changes role from CANDIDATE to FOLLOWER at term 1 for REJECTED
2021-05-19 07:43:03,024 [b054e63b-a418-439f-9265-0225a71f074a@group-62F890F27B82-LeaderElection65] INFO  impl.RoleInfo (RoleInfo.java:shutdownLeaderElection(121)) - b054e63b-a418-439f-9265-0225a71f074a: shutdown b054e63b-a418-439f-9265-0225a71f074a@group-62F890F27B82-LeaderElection65
2021-05-19 07:43:03,024 [b054e63b-a418-439f-9265-0225a71f074a@group-62F890F27B82-LeaderElection65] INFO  impl.RoleInfo (RoleInfo.java:updateAndGet(130)) - b054e63b-a418-439f-9265-0225a71f074a: start b054e63b-a418-439f-9265-0225a71f074a@group-62F890F27B82-FollowerState
2021-05-19 07:43:03,030 [grpc-default-executor-1] INFO  ratis.XceiverServerRatis (XceiverServerRatis.java:handleLeaderChangedNotification(906)) - Leader change notification received for group: group-4BBCCAEDA604 with new leaderId: a14714da-c87c-4361-b393-7e96cf422ed7
2021-05-19 07:43:03,030 [grpc-default-executor-1] INFO  server.RaftServer$Division (ServerState.java:setLeader(271)) - b054e63b-a418-439f-9265-0225a71f074a@group-4BBCCAEDA604: change Leader from null to a14714da-c87c-4361-b393-7e96cf422ed7 at term 1 for appendEntries, leader elected after 5147ms
2021-05-19 07:43:03,030 [a14714da-c87c-4361-b393-7e96cf422ed7@group-4BBCCAEDA604-LeaderElection66] INFO  server.RaftServer$Division (ServerState.java:setRaftConf(373)) - a14714da-c87c-4361-b393-7e96cf422ed7@group-4BBCCAEDA604: set configuration 0: [a14714da-c87c-4361-b393-7e96cf422ed7|rpc:172.17.0.2:45547|dataStream:|priority:0, b054e63b-a418-439f-9265-0225a71f074a|rpc:172.17.0.2:34287|dataStream:|priority:0, 8e81be81-8cf3-4cb2-af1f-2c1c9bc19b0e|rpc:172.17.0.2:41855|dataStream:|priority:1], old=null
2021-05-19 07:43:03,047 [grpc-default-executor-5] WARN  server.GrpcLogAppender (LogUtils.java:warn(122)) - a14714da-c87c-4361-b393-7e96cf422ed7@group-4BBCCAEDA604->8e81be81-8cf3-4cb2-af1f-2c1c9bc19b0e-AppendLogResponseHandler: Failed appendEntries: org.apache.ratis.thirdparty.io.grpc.StatusRuntimeException: UNAVAILABLE: io exception
2021-05-19 07:43:03,048 [grpc-default-executor-5] WARN  server.GrpcLogAppender (GrpcLogAppender.java:resetClient(111)) - a14714da-c87c-4361-b393-7e96cf422ed7@group-4BBCCAEDA604->8e81be81-8cf3-4cb2-af1f-2c1c9bc19b0e-GrpcLogAppender: Leader has not got in touch with Follower a14714da-c87c-4361-b393-7e96cf422ed7@group-4BBCCAEDA604->8e81be81-8cf3-4cb2-af1f-2c1c9bc19b0e(c-1,m0,n1, attendVote=true, lastRpcSendTime=0, lastRpcResponseTime=5251) yet, just keep nextIndex unchanged and retry.
2021-05-19 07:43:03,066 [grpc-default-executor-1] INFO  server.RaftServer$Division (ServerState.java:setRaftConf(373)) - b054e63b-a418-439f-9265-0225a71f074a@group-4BBCCAEDA604: set configuration 0: [a14714da-c87c-4361-b393-7e96cf422ed7|rpc:172.17.0.2:45547|dataStream:|priority:0, b054e63b-a418-439f-9265-0225a71f074a|rpc:172.17.0.2:34287|dataStream:|priority:0, 8e81be81-8cf3-4cb2-af1f-2c1c9bc19b0e|rpc:172.17.0.2:41855|dataStream:|priority:1], old=null
2021-05-19 07:43:03,067 [grpc-default-executor-1] INFO  segmented.SegmentedRaftLogWorker (SegmentedRaftLogWorker.java:startLogSegment(394)) - b054e63b-a418-439f-9265-0225a71f074a@group-4BBCCAEDA604-SegmentedRaftLogWorker: Starting segment from index:0
2021-05-19 07:43:03,068 [b054e63b-a418-439f-9265-0225a71f074a@group-4BBCCAEDA604-SegmentedRaftLogWorker] INFO  segmented.SegmentedRaftLogWorker (SegmentedRaftLogWorker.java:execute(601)) - b054e63b-a418-439f-9265-0225a71f074a@group-4BBCCAEDA604-SegmentedRaftLogWorker: created new log segment /github/workspace/mnt/ozone/hadoop-ozone/integration-test/target/test-dir/MiniOzoneClusterImpl-952c9dfc-8967-4523-b06f-60d3bd5de2bf/datanode-6/data/ratis/34ffaed8-1fd9-4d0b-82e4-4bbccaeda604/current/log_inprogress_0
2021-05-19 07:43:03,766 [grpc-default-executor-5] WARN  server.GrpcLogAppender (LogUtils.java:warn(122)) - 9d983546-4247-4c0f-83b0-40f69e4f4d28@group-03E6AD90B47F->a4ee1d3f-5505-4afe-8a03-746b4b90cef8-AppendLogResponseHandler: Failed appendEntries: org.apache.ratis.thirdparty.io.grpc.StatusRuntimeException: UNAVAILABLE: io exception
2021-05-19 07:43:03,766 [grpc-default-executor-5] WARN  server.GrpcLogAppender (GrpcLogAppender.java:resetClient(111)) - 9d983546-4247-4c0f-83b0-40f69e4f4d28@group-03E6AD90B47F->a4ee1d3f-5505-4afe-8a03-746b4b90cef8-GrpcLogAppender: Leader has not got in touch with Follower 9d983546-4247-4c0f-83b0-40f69e4f4d28@group-03E6AD90B47F->a4ee1d3f-5505-4afe-8a03-746b4b90cef8(c0,m0,n1, attendVote=true, lastRpcSendTime=2510, lastRpcResponseTime=2509) yet, just keep nextIndex unchanged and retry.
2021-05-19 07:43:03,882 [Datanode State Machine Thread - 0] INFO  statemachine.DatanodeStateMachine (DatanodeStateMachine.java:lambda$startDaemon$0(411)) - Ozone container server started.
2021-05-19 07:43:03,888 [grpc-default-executor-3] WARN  server.GrpcLogAppender (LogUtils.java:warn(122)) - 37b2c1ee-956a-4dec-b232-912a6a25ff9b@group-D5E61D3659AC->a4ee1d3f-5505-4afe-8a03-746b4b90cef8-AppendLogResponseHandler: Failed appendEntries: org.apache.ratis.thirdparty.io.grpc.StatusRuntimeException: UNAVAILABLE: io exception
2021-05-19 07:43:03,889 [grpc-default-executor-3] WARN  server.GrpcLogAppender (GrpcLogAppender.java:resetClient(111)) - 37b2c1ee-956a-4dec-b232-912a6a25ff9b@group-D5E61D3659AC->a4ee1d3f-5505-4afe-8a03-746b4b90cef8-GrpcLogAppender: Leader has not got in touch with Follower 37b2c1ee-956a-4dec-b232-912a6a25ff9b@group-D5E61D3659AC->a4ee1d3f-5505-4afe-8a03-746b4b90cef8(c0,m0,n1, attendVote=true, lastRpcSendTime=1, lastRpcResponseTime=2502) yet, just keep nextIndex unchanged and retry.
2021-05-19 07:43:05,547 [grpc-default-executor-5] WARN  server.GrpcLogAppender (LogUtils.java:warn(122)) - a14714da-c87c-4361-b393-7e96cf422ed7@group-4BBCCAEDA604->8e81be81-8cf3-4cb2-af1f-2c1c9bc19b0e-AppendLogResponseHandler: Failed appendEntries: org.apache.ratis.thirdparty.io.grpc.StatusRuntimeException: UNAVAILABLE: io exception
2021-05-19 07:43:05,548 [grpc-default-executor-5] WARN  server.GrpcLogAppender (GrpcLogAppender.java:resetClient(111)) - a14714da-c87c-4361-b393-7e96cf422ed7@group-4BBCCAEDA604->8e81be81-8cf3-4cb2-af1f-2c1c9bc19b0e-GrpcLogAppender: Leader has not got in touch with Follower a14714da-c87c-4361-b393-7e96cf422ed7@group-4BBCCAEDA604->8e81be81-8cf3-4cb2-af1f-2c1c9bc19b0e(c-1,m0,n1, attendVote=true, lastRpcSendTime=2501, lastRpcResponseTime=7751) yet, just keep nextIndex unchanged and retry.
2021-05-19 07:43:06,278 [grpc-default-executor-5] WARN  server.GrpcLogAppender (LogUtils.java:warn(122)) - 9d983546-4247-4c0f-83b0-40f69e4f4d28@group-03E6AD90B47F->a4ee1d3f-5505-4afe-8a03-746b4b90cef8-AppendLogResponseHandler: Failed appendEntries: org.apache.ratis.thirdparty.io.grpc.StatusRuntimeException: UNAVAILABLE: io exception
2021-05-19 07:43:06,279 [grpc-default-executor-5] WARN  server.GrpcLogAppender (GrpcLogAppender.java:resetClient(111)) - 9d983546-4247-4c0f-83b0-40f69e4f4d28@group-03E6AD90B47F->a4ee1d3f-5505-4afe-8a03-746b4b90cef8-GrpcLogAppender: Leader has not got in touch with Follower 9d983546-4247-4c0f-83b0-40f69e4f4d28@group-03E6AD90B47F->a4ee1d3f-5505-4afe-8a03-746b4b90cef8(c0,m0,n1, attendVote=true, lastRpcSendTime=0, lastRpcResponseTime=5022) yet, just keep nextIndex unchanged and retry.
2021-05-19 07:43:06,387 [grpc-default-executor-5] WARN  server.GrpcLogAppender (LogUtils.java:warn(122)) - 37b2c1ee-956a-4dec-b232-912a6a25ff9b@group-D5E61D3659AC->a4ee1d3f-5505-4afe-8a03-746b4b90cef8-AppendLogResponseHandler: Failed appendEntries: org.apache.ratis.thirdparty.io.grpc.StatusRuntimeException: UNAVAILABLE: io exception
2021-05-19 07:43:06,388 [grpc-default-executor-5] WARN  server.GrpcLogAppender (GrpcLogAppender.java:resetClient(111)) - 37b2c1ee-956a-4dec-b232-912a6a25ff9b@group-D5E61D3659AC->a4ee1d3f-5505-4afe-8a03-746b4b90cef8-GrpcLogAppender: Leader has not got in touch with Follower 37b2c1ee-956a-4dec-b232-912a6a25ff9b@group-D5E61D3659AC->a4ee1d3f-5505-4afe-8a03-746b4b90cef8(c0,m0,n1, attendVote=true, lastRpcSendTime=2501, lastRpcResponseTime=5002) yet, just keep nextIndex unchanged and retry.
2021-05-19 07:43:06,986 [EventQueue-StaleNodeForStaleNodeHandler] INFO  node.StaleNodeHandler (StaleNodeHandler.java:onMessage(58)) - Datanode 8e81be81-8cf3-4cb2-af1f-2c1c9bc19b0e{ip: 172.17.0.2, host: 3974e5c036b4, ports: [REPLICATION=33707, RATIS=41855, RATIS_ADMIN=41855, RATIS_SERVER=41855, STANDALONE=33695], networkLocation: /default-rack, certSerialId: null, persistedOpState: IN_SERVICE, persistedOpStateExpiryEpochSec: 0} moved to stale state. Finalizing its pipelines [PipelineID=34ffaed8-1fd9-4d0b-82e4-4bbccaeda604, PipelineID=415703f1-9a52-42fb-9a9c-62f890f27b82, PipelineID=b87480d2-548e-42a5-9717-0aba87d6a849, PipelineID=410da6b5-5245-4022-b85d-1f4802a68f73]
2021-05-19 07:43:06,986 [EventQueue-StaleNodeForStaleNodeHandler] INFO  pipeline.PipelineManagerV2Impl (PipelineManagerV2Impl.java:closePipeline(330)) - Pipeline Pipeline[ Id: 34ffaed8-1fd9-4d0b-82e4-4bbccaeda604, Nodes: b054e63b-a418-439f-9265-0225a71f074a{ip: 172.17.0.2, host: 3974e5c036b4, ports: [REPLICATION=42285, RATIS=34287, RATIS_ADMIN=34287, RATIS_SERVER=34287, STANDALONE=45519], networkLocation: /default-rack, certSerialId: null, persistedOpState: IN_SERVICE, persistedOpStateExpiryEpochSec: 0}a14714da-c87c-4361-b393-7e96cf422ed7{ip: 172.17.0.2, host: 3974e5c036b4, ports: [REPLICATION=40039, RATIS=45547, RATIS_ADMIN=45547, RATIS_SERVER=45547, STANDALONE=44867], networkLocation: /default-rack, certSerialId: null, persistedOpState: IN_SERVICE, persistedOpStateExpiryEpochSec: 0}8e81be81-8cf3-4cb2-af1f-2c1c9bc19b0e{ip: 172.17.0.2, host: 3974e5c036b4, ports: [REPLICATION=33707, RATIS=41855, RATIS_ADMIN=41855, RATIS_SERVER=41855, STANDALONE=33695], networkLocation: /default-rack, certSerialId: null, persistedOpState: IN_SERVICE, persistedOpStateExpiryEpochSec: 0}, ReplicationConfig: RATIS/THREE, State:ALLOCATED, leaderId:, CreationTimestamp2021-05-19T07:42:56.642Z] moved to CLOSED state
2021-05-19 07:43:06,987 [EventQueue-StaleNodeForStaleNodeHandler] INFO  pipeline.PipelineManagerV2Impl (PipelineManagerV2Impl.java:closePipeline(330)) - Pipeline Pipeline[ Id: 415703f1-9a52-42fb-9a9c-62f890f27b82, Nodes: 68d4f79f-8ed5-4598-b947-57f9bc979c0e{ip: 172.17.0.2, host: 3974e5c036b4, ports: [REPLICATION=43949, RATIS=42729, RATIS_ADMIN=42729, RATIS_SERVER=42729, STANDALONE=34701], networkLocation: /default-rack, certSerialId: null, persistedOpState: IN_SERVICE, persistedOpStateExpiryEpochSec: 0}8e81be81-8cf3-4cb2-af1f-2c1c9bc19b0e{ip: 172.17.0.2, host: 3974e5c036b4, ports: [REPLICATION=33707, RATIS=41855, RATIS_ADMIN=41855, RATIS_SERVER=41855, STANDALONE=33695], networkLocation: /default-rack, certSerialId: null, persistedOpState: IN_SERVICE, persistedOpStateExpiryEpochSec: 0}b054e63b-a418-439f-9265-0225a71f074a{ip: 172.17.0.2, host: 3974e5c036b4, ports: [REPLICATION=42285, RATIS=34287, RATIS_ADMIN=34287, RATIS_SERVER=34287, STANDALONE=45519], networkLocation: /default-rack, certSerialId: null, persistedOpState: IN_SERVICE, persistedOpStateExpiryEpochSec: 0}, ReplicationConfig: RATIS/THREE, State:ALLOCATED, leaderId:, CreationTimestamp2021-05-19T07:42:56.640Z] moved to CLOSED state
2021-05-19 07:43:06,987 [EventQueue-StaleNodeForStaleNodeHandler] INFO  pipeline.PipelineManagerV2Impl (PipelineManagerV2Impl.java:closePipeline(330)) - Pipeline Pipeline[ Id: b87480d2-548e-42a5-9717-0aba87d6a849, Nodes: 8e81be81-8cf3-4cb2-af1f-2c1c9bc19b0e{ip: 172.17.0.2, host: 3974e5c036b4, ports: [REPLICATION=33707, RATIS=41855, RATIS_ADMIN=41855, RATIS_SERVER=41855, STANDALONE=33695], networkLocation: /default-rack, certSerialId: null, persistedOpState: IN_SERVICE, persistedOpStateExpiryEpochSec: 0}, ReplicationConfig: RATIS/ONE, State:OPEN, leaderId:8e81be81-8cf3-4cb2-af1f-2c1c9bc19b0e, CreationTimestamp2021-05-19T07:41:57.484Z] moved to CLOSED state
2021-05-19 07:43:06,987 [EventQueue-StaleNodeForStaleNodeHandler] INFO  pipeline.PipelineManagerV2Impl (PipelineManagerV2Impl.java:closePipeline(330)) - Pipeline Pipeline[ Id: 410da6b5-5245-4022-b85d-1f4802a68f73, Nodes: 68d4f79f-8ed5-4598-b947-57f9bc979c0e{ip: 172.17.0.2, host: 3974e5c036b4, ports: [REPLICATION=43949, RATIS=42729, RATIS_ADMIN=42729, RATIS_SERVER=42729, STANDALONE=34701], networkLocation: /default-rack, certSerialId: null, persistedOpState: IN_SERVICE, persistedOpStateExpiryEpochSec: 0}a14714da-c87c-4361-b393-7e96cf422ed7{ip: 172.17.0.2, host: 3974e5c036b4, ports: [REPLICATION=40039, RATIS=45547, RATIS_ADMIN=45547, RATIS_SERVER=45547, STANDALONE=44867], networkLocation: /default-rack, certSerialId: null, persistedOpState: IN_SERVICE, persistedOpStateExpiryEpochSec: 0}8e81be81-8cf3-4cb2-af1f-2c1c9bc19b0e{ip: 172.17.0.2, host: 3974e5c036b4, ports: [REPLICATION=33707, RATIS=41855, RATIS_ADMIN=41855, RATIS_SERVER=41855, STANDALONE=33695], networkLocation: /default-rack, certSerialId: null, persistedOpState: IN_SERVICE, persistedOpStateExpiryEpochSec: 0}, ReplicationConfig: RATIS/THREE, State:ALLOCATED, leaderId:, CreationTimestamp2021-05-19T07:42:56.641Z] moved to CLOSED state
2021-05-19 07:43:07,035 [37b2c1ee-956a-4dec-b232-912a6a25ff9b@group-B061D1CC775E-FollowerState] INFO  impl.FollowerState (FollowerState.java:run(134)) - 37b2c1ee-956a-4dec-b232-912a6a25ff9b@group-B061D1CC775E-FollowerState: change to CANDIDATE, lastRpcElapsedTime:5529419407ns, electionTimeout:5159ms
2021-05-19 07:43:07,035 [37b2c1ee-956a-4dec-b232-912a6a25ff9b@group-B061D1CC775E-FollowerState] INFO  impl.RoleInfo (RoleInfo.java:shutdownFollowerState(108)) - 37b2c1ee-956a-4dec-b232-912a6a25ff9b: shutdown 37b2c1ee-956a-4dec-b232-912a6a25ff9b@group-B061D1CC775E-FollowerState
2021-05-19 07:43:07,035 [37b2c1ee-956a-4dec-b232-912a6a25ff9b@group-B061D1CC775E-FollowerState] INFO  server.RaftServer$Division (RaftServerImpl.java:setRole(284)) - 37b2c1ee-956a-4dec-b232-912a6a25ff9b@group-B061D1CC775E: changes role from  FOLLOWER to CANDIDATE at term 5 for changeToCandidate
2021-05-19 07:43:07,035 [37b2c1ee-956a-4dec-b232-912a6a25ff9b@group-B061D1CC775E-FollowerState] INFO  server.RaftServerConfigKeys (ConfUtils.java:logGet(44)) - raft.server.leaderelection.pre-vote = false (custom)
2021-05-19 07:43:07,035 [37b2c1ee-956a-4dec-b232-912a6a25ff9b@group-B061D1CC775E-FollowerState] INFO  impl.RoleInfo (RoleInfo.java:updateAndGet(130)) - 37b2c1ee-956a-4dec-b232-912a6a25ff9b: start 37b2c1ee-956a-4dec-b232-912a6a25ff9b@group-B061D1CC775E-LeaderElection67
2021-05-19 07:43:07,046 [37b2c1ee-956a-4dec-b232-912a6a25ff9b@group-B061D1CC775E-LeaderElection67] INFO  server.RaftServer$Division (ServerState.java:setLeader(271)) - 37b2c1ee-956a-4dec-b232-912a6a25ff9b@group-B061D1CC775E: change Leader from a4ee1d3f-5505-4afe-8a03-746b4b90cef8 to null at term 5 for ELECTION
2021-05-19 07:43:07,048 [37b2c1ee-956a-4dec-b232-912a6a25ff9b@group-B061D1CC775E-LeaderElection67] INFO  impl.LeaderElection (LeaderElection.java:askForVotes(306)) - 37b2c1ee-956a-4dec-b232-912a6a25ff9b@group-B061D1CC775E-LeaderElection67 ELECTION round 0: submit vote requests at term 6 for 0: [37b2c1ee-956a-4dec-b232-912a6a25ff9b|rpc:172.17.0.2:35677|dataStream:|priority:0, 9d983546-4247-4c0f-83b0-40f69e4f4d28|rpc:172.17.0.2:36963|dataStream:|priority:0, a4ee1d3f-5505-4afe-8a03-746b4b90cef8|rpc:172.17.0.2:46809|dataStream:|priority:1], old=null
2021-05-19 07:43:07,056 [grpc-default-executor-5] INFO  server.RaftServer$Division (RaftServerImpl.java:requestVote(1042)) - 9d983546-4247-4c0f-83b0-40f69e4f4d28@group-B061D1CC775E: receive requestVote(ELECTION, 37b2c1ee-956a-4dec-b232-912a6a25ff9b, group-B061D1CC775E, 6, (t:5, i:0))
2021-05-19 07:43:07,056 [grpc-default-executor-5] INFO  impl.VoteContext (VoteContext.java:log(48)) - 9d983546-4247-4c0f-83b0-40f69e4f4d28@group-B061D1CC775E-FOLLOWER: accept ELECTION from 37b2c1ee-956a-4dec-b232-912a6a25ff9b: our priority 0 <= candidate's priority 0
2021-05-19 07:43:07,056 [grpc-default-executor-5] INFO  server.RaftServer$Division (ServerState.java:setLeader(271)) - 9d983546-4247-4c0f-83b0-40f69e4f4d28@group-B061D1CC775E: change Leader from a4ee1d3f-5505-4afe-8a03-746b4b90cef8 to null at term 6 for updateCurrentTerm
2021-05-19 07:43:07,056 [grpc-default-executor-5] INFO  server.RaftServer$Division (RaftServerImpl.java:setRole(284)) - 9d983546-4247-4c0f-83b0-40f69e4f4d28@group-B061D1CC775E: changes role from  FOLLOWER to FOLLOWER at term 6 for candidate:37b2c1ee-956a-4dec-b232-912a6a25ff9b
2021-05-19 07:43:07,056 [37b2c1ee-956a-4dec-b232-912a6a25ff9b@group-B061D1CC775E-LeaderElection67] INFO  impl.LeaderElection (LogUtils.java:infoOrTrace(137)) - 37b2c1ee-956a-4dec-b232-912a6a25ff9b@group-B061D1CC775E-LeaderElection67 got exception when requesting votes: java.util.concurrent.ExecutionException: org.apache.ratis.thirdparty.io.grpc.StatusRuntimeException: UNAVAILABLE: io exception
2021-05-19 07:43:07,056 [grpc-default-executor-5] INFO  impl.RoleInfo (RoleInfo.java:shutdownFollowerState(108)) - 9d983546-4247-4c0f-83b0-40f69e4f4d28: shutdown 9d983546-4247-4c0f-83b0-40f69e4f4d28@group-B061D1CC775E-FollowerState
2021-05-19 07:43:07,056 [grpc-default-executor-5] INFO  impl.RoleInfo (RoleInfo.java:updateAndGet(130)) - 9d983546-4247-4c0f-83b0-40f69e4f4d28: start 9d983546-4247-4c0f-83b0-40f69e4f4d28@group-B061D1CC775E-FollowerState
2021-05-19 07:43:07,056 [9d983546-4247-4c0f-83b0-40f69e4f4d28@group-B061D1CC775E-FollowerState] INFO  impl.FollowerState (FollowerState.java:run(143)) - 9d983546-4247-4c0f-83b0-40f69e4f4d28@group-B061D1CC775E-FollowerState was interrupted: {}
java.lang.InterruptedException: sleep interrupted
	at java.lang.Thread.sleep(Native Method)
	at java.lang.Thread.sleep(Thread.java:340)
	at java.util.concurrent.TimeUnit.sleep(TimeUnit.java:386)
	at org.apache.ratis.util.TimeDuration.sleep(TimeDuration.java:324)
	at org.apache.ratis.util.TimeDuration.sleep(TimeDuration.java:309)
	at org.apache.ratis.server.impl.FollowerState.run(FollowerState.java:118)
2021-05-19 07:43:07,067 [grpc-default-executor-5] INFO  server.RaftServer$Division (RaftServerImpl.java:requestVote(1074)) - 9d983546-4247-4c0f-83b0-40f69e4f4d28@group-B061D1CC775E replies to ELECTION vote request: 37b2c1ee-956a-4dec-b232-912a6a25ff9b<-9d983546-4247-4c0f-83b0-40f69e4f4d28#0:OK-t6. Peer's state: 9d983546-4247-4c0f-83b0-40f69e4f4d28@group-B061D1CC775E:t6, leader=null, voted=37b2c1ee-956a-4dec-b232-912a6a25ff9b, raftlog=9d983546-4247-4c0f-83b0-40f69e4f4d28@group-B061D1CC775E-SegmentedRaftLog:OPENED:c0,f0,i0, conf=0: [37b2c1ee-956a-4dec-b232-912a6a25ff9b|rpc:172.17.0.2:35677|dataStream:|priority:0, 9d983546-4247-4c0f-83b0-40f69e4f4d28|rpc:172.17.0.2:36963|dataStream:|priority:0, a4ee1d3f-5505-4afe-8a03-746b4b90cef8|rpc:172.17.0.2:46809|dataStream:|priority:1], old=null
2021-05-19 07:43:07,068 [37b2c1ee-956a-4dec-b232-912a6a25ff9b@group-B061D1CC775E-LeaderElection67] INFO  impl.LeaderElection (LeaderElection.java:logAndReturn(89)) - 37b2c1ee-956a-4dec-b232-912a6a25ff9b@group-B061D1CC775E-LeaderElection67: ELECTION PASSED received 1 response(s) and 1 exception(s):
2021-05-19 07:43:07,068 [37b2c1ee-956a-4dec-b232-912a6a25ff9b@group-B061D1CC775E-LeaderElection67] INFO  impl.LeaderElection (LeaderElection.java:logAndReturn(93)) -   Response 0: 37b2c1ee-956a-4dec-b232-912a6a25ff9b<-9d983546-4247-4c0f-83b0-40f69e4f4d28#0:OK-t6
2021-05-19 07:43:07,068 [37b2c1ee-956a-4dec-b232-912a6a25ff9b@group-B061D1CC775E-LeaderElection67] INFO  impl.LeaderElection (LogUtils.java:infoOrTrace(137)) -   Exception 1: java.util.concurrent.ExecutionException: org.apache.ratis.thirdparty.io.grpc.StatusRuntimeException: UNAVAILABLE: io exception
2021-05-19 07:43:07,068 [37b2c1ee-956a-4dec-b232-912a6a25ff9b@group-B061D1CC775E-LeaderElection67] INFO  impl.LeaderElection (LeaderElection.java:askForVotes(308)) - 37b2c1ee-956a-4dec-b232-912a6a25ff9b@group-B061D1CC775E-LeaderElection67 ELECTION round 0: result PASSED
2021-05-19 07:43:07,068 [37b2c1ee-956a-4dec-b232-912a6a25ff9b@group-B061D1CC775E-LeaderElection67] INFO  impl.RoleInfo (RoleInfo.java:shutdownLeaderElection(121)) - 37b2c1ee-956a-4dec-b232-912a6a25ff9b: shutdown 37b2c1ee-956a-4dec-b232-912a6a25ff9b@group-B061D1CC775E-LeaderElection67
2021-05-19 07:43:07,068 [37b2c1ee-956a-4dec-b232-912a6a25ff9b@group-B061D1CC775E-LeaderElection67] INFO  server.RaftServer$Division (RaftServerImpl.java:setRole(284)) - 37b2c1ee-956a-4dec-b232-912a6a25ff9b@group-B061D1CC775E: changes role from CANDIDATE to LEADER at term 6 for changeToLeader
2021-05-19 07:43:07,068 [37b2c1ee-956a-4dec-b232-912a6a25ff9b@group-B061D1CC775E-LeaderElection67] INFO  ratis.XceiverServerRatis (XceiverServerRatis.java:handleLeaderChangedNotification(906)) - Leader change notification received for group: group-B061D1CC775E with new leaderId: 37b2c1ee-956a-4dec-b232-912a6a25ff9b
2021-05-19 07:43:07,069 [37b2c1ee-956a-4dec-b232-912a6a25ff9b@group-B061D1CC775E-LeaderElection67] INFO  server.RaftServer$Division (ServerState.java:setLeader(271)) - 37b2c1ee-956a-4dec-b232-912a6a25ff9b@group-B061D1CC775E: change Leader from null to 37b2c1ee-956a-4dec-b232-912a6a25ff9b at term 6 for becomeLeader, leader elected after 22ms
2021-05-19 07:43:07,069 [37b2c1ee-956a-4dec-b232-912a6a25ff9b@group-B061D1CC775E-LeaderElection67] INFO  server.RaftServerConfigKeys (ConfUtils.java:logGet(44)) - raft.server.staging.catchup.gap = 1000 (default)
2021-05-19 07:43:07,069 [37b2c1ee-956a-4dec-b232-912a6a25ff9b@group-B061D1CC775E-LeaderElection67] INFO  metrics.RatisMetrics (RatisMetrics.java:lambda$create$0(36)) - Creating Metrics Registry : ratis.log_appender.37b2c1ee-956a-4dec-b232-912a6a25ff9b@group-B061D1CC775E
2021-05-19 07:43:07,070 [37b2c1ee-956a-4dec-b232-912a6a25ff9b@group-B061D1CC775E-LeaderElection67] INFO  server.RaftServerConfigKeys (ConfUtils.java:logGet(44)) - raft.server.write.element-limit = 1024 (custom)
2021-05-19 07:43:07,070 [37b2c1ee-956a-4dec-b232-912a6a25ff9b@group-B061D1CC775E-LeaderElection67] INFO  server.RaftServerConfigKeys (ConfUtils.java:logGet(44)) - raft.server.write.byte-limit = 1073741824 (custom)
2021-05-19 07:43:07,071 [37b2c1ee-956a-4dec-b232-912a6a25ff9b@group-B061D1CC775E-LeaderElection67] INFO  server.RaftServerConfigKeys (ConfUtils.java:logGet(44)) - raft.server.watch.timeout = 3000ms (custom)
2021-05-19 07:43:07,071 [37b2c1ee-956a-4dec-b232-912a6a25ff9b@group-B061D1CC775E-LeaderElection67] INFO  server.RaftServerConfigKeys (ConfUtils.java:logGet(44)) - raft.server.watch.timeout.denomination = 1s (default)
2021-05-19 07:43:07,071 [37b2c1ee-956a-4dec-b232-912a6a25ff9b@group-B061D1CC775E-LeaderElection67] INFO  server.RaftServerConfigKeys (ConfUtils.java:logGet(44)) - raft.server.watch.element-limit = 65536 (default)
2021-05-19 07:43:07,071 [37b2c1ee-956a-4dec-b232-912a6a25ff9b@group-B061D1CC775E-LeaderElection67] INFO  server.RaftServerConfigKeys (ConfUtils.java:logGet(44)) - raft.server.log.appender.snapshot.chunk.size.max = 16MB (=16777216) (default)
2021-05-19 07:43:07,071 [37b2c1ee-956a-4dec-b232-912a6a25ff9b@group-B061D1CC775E-LeaderElection67] INFO  server.RaftServerConfigKeys (ConfUtils.java:logGet(44)) - raft.server.log.appender.buffer.byte-limit = 33554432 (custom)
2021-05-19 07:43:07,071 [37b2c1ee-956a-4dec-b232-912a6a25ff9b@group-B061D1CC775E-LeaderElection67] INFO  server.RaftServerConfigKeys (ConfUtils.java:logGet(44)) - raft.server.log.appender.buffer.element-limit = 1 (custom)
2021-05-19 07:43:07,071 [37b2c1ee-956a-4dec-b232-912a6a25ff9b@group-B061D1CC775E-LeaderElection67] INFO  grpc.GrpcConfigKeys (ConfUtils.java:logGet(44)) - raft.grpc.server.leader.outstanding.appends.max = 128 (default)
2021-05-19 07:43:07,071 [37b2c1ee-956a-4dec-b232-912a6a25ff9b@group-B061D1CC775E-LeaderElection67] INFO  server.RaftServerConfigKeys (ConfUtils.java:logGet(44)) - raft.server.rpc.request.timeout = 3000ms (default)
2021-05-19 07:43:07,071 [37b2c1ee-956a-4dec-b232-912a6a25ff9b@group-B061D1CC775E-LeaderElection67] INFO  server.RaftServerConfigKeys (ConfUtils.java:logGet(44)) - raft.server.log.appender.install.snapshot.enabled = false (custom)
2021-05-19 07:43:07,071 [37b2c1ee-956a-4dec-b232-912a6a25ff9b@group-B061D1CC775E-LeaderElection67] INFO  metrics.RatisMetrics (RatisMetrics.java:lambda$create$0(36)) - Creating Metrics Registry : ratis_grpc.log_appender.37b2c1ee-956a-4dec-b232-912a6a25ff9b@group-B061D1CC775E
2021-05-19 07:43:07,072 [37b2c1ee-956a-4dec-b232-912a6a25ff9b@group-B061D1CC775E-LeaderElection67] INFO  server.RaftServerConfigKeys (ConfUtils.java:logGet(44)) - raft.server.log.appender.snapshot.chunk.size.max = 16MB (=16777216) (default)
2021-05-19 07:43:07,072 [37b2c1ee-956a-4dec-b232-912a6a25ff9b@group-B061D1CC775E-LeaderElection67] INFO  server.RaftServerConfigKeys (ConfUtils.java:logGet(44)) - raft.server.log.appender.buffer.byte-limit = 33554432 (custom)
2021-05-19 07:43:07,072 [37b2c1ee-956a-4dec-b232-912a6a25ff9b@group-B061D1CC775E-LeaderElection67] INFO  server.RaftServerConfigKeys (ConfUtils.java:logGet(44)) - raft.server.log.appender.buffer.element-limit = 1 (custom)
2021-05-19 07:43:07,072 [37b2c1ee-956a-4dec-b232-912a6a25ff9b@group-B061D1CC775E-LeaderElection67] INFO  grpc.GrpcConfigKeys (ConfUtils.java:logGet(44)) - raft.grpc.server.leader.outstanding.appends.max = 128 (default)
2021-05-19 07:43:07,072 [37b2c1ee-956a-4dec-b232-912a6a25ff9b@group-B061D1CC775E-LeaderElection67] INFO  server.RaftServerConfigKeys (ConfUtils.java:logGet(44)) - raft.server.rpc.request.timeout = 3000ms (default)
2021-05-19 07:43:07,072 [37b2c1ee-956a-4dec-b232-912a6a25ff9b@group-B061D1CC775E-LeaderElection67] INFO  server.RaftServerConfigKeys (ConfUtils.java:logGet(44)) - raft.server.log.appender.install.snapshot.enabled = false (custom)
2021-05-19 07:43:07,073 [37b2c1ee-956a-4dec-b232-912a6a25ff9b@group-B061D1CC775E-LeaderElection67] INFO  impl.RoleInfo (RoleInfo.java:updateAndGet(130)) - 37b2c1ee-956a-4dec-b232-912a6a25ff9b: start 37b2c1ee-956a-4dec-b232-912a6a25ff9b@group-B061D1CC775E-LeaderStateImpl
2021-05-19 07:43:07,073 [37b2c1ee-956a-4dec-b232-912a6a25ff9b@group-B061D1CC775E-LeaderElection67] INFO  segmented.SegmentedRaftLogWorker (SegmentedRaftLogWorker.java:rollLogSegment(399)) - 37b2c1ee-956a-4dec-b232-912a6a25ff9b@group-B061D1CC775E-SegmentedRaftLogWorker: Rolling segment log-0_0 to index:0
2021-05-19 07:43:07,074 [37b2c1ee-956a-4dec-b232-912a6a25ff9b@group-B061D1CC775E-SegmentedRaftLogWorker] INFO  segmented.SegmentedRaftLogWorker (SegmentedRaftLogWorker.java:execute(558)) - 37b2c1ee-956a-4dec-b232-912a6a25ff9b@group-B061D1CC775E-SegmentedRaftLogWorker: Rolled log segment from /github/workspace/mnt/ozone/hadoop-ozone/integration-test/target/test-dir/MiniOzoneClusterImpl-952c9dfc-8967-4523-b06f-60d3bd5de2bf/datanode-3/data/ratis/03b01f46-c381-4ba2-a991-b061d1cc775e/current/log_inprogress_0 to /github/workspace/mnt/ozone/hadoop-ozone/integration-test/target/test-dir/MiniOzoneClusterImpl-952c9dfc-8967-4523-b06f-60d3bd5de2bf/datanode-3/data/ratis/03b01f46-c381-4ba2-a991-b061d1cc775e/current/log_0-0
2021-05-19 07:43:07,074 [37b2c1ee-956a-4dec-b232-912a6a25ff9b@group-B061D1CC775E-SegmentedRaftLogWorker] INFO  segmented.SegmentedRaftLogWorker (SegmentedRaftLogWorker.java:execute(601)) - 37b2c1ee-956a-4dec-b232-912a6a25ff9b@group-B061D1CC775E-SegmentedRaftLogWorker: created new log segment /github/workspace/mnt/ozone/hadoop-ozone/integration-test/target/test-dir/MiniOzoneClusterImpl-952c9dfc-8967-4523-b06f-60d3bd5de2bf/datanode-3/data/ratis/03b01f46-c381-4ba2-a991-b061d1cc775e/current/log_inprogress_1
2021-05-19 07:43:07,088 [grpc-default-executor-3] INFO  ratis.XceiverServerRatis (XceiverServerRatis.java:handleLeaderChangedNotification(906)) - Leader change notification received for group: group-B061D1CC775E with new leaderId: 37b2c1ee-956a-4dec-b232-912a6a25ff9b
2021-05-19 07:43:07,088 [grpc-default-executor-3] INFO  server.RaftServer$Division (ServerState.java:setLeader(271)) - 9d983546-4247-4c0f-83b0-40f69e4f4d28@group-B061D1CC775E: change Leader from null to 37b2c1ee-956a-4dec-b232-912a6a25ff9b at term 6 for appendEntries, leader elected after 31ms
2021-05-19 07:43:07,088 [grpc-default-executor-5] WARN  server.GrpcLogAppender (LogUtils.java:warn(122)) - 37b2c1ee-956a-4dec-b232-912a6a25ff9b@group-B061D1CC775E->a4ee1d3f-5505-4afe-8a03-746b4b90cef8-AppendLogResponseHandler: Failed appendEntries: org.apache.ratis.thirdparty.io.grpc.StatusRuntimeException: UNAVAILABLE: io exception
2021-05-19 07:43:07,110 [37b2c1ee-956a-4dec-b232-912a6a25ff9b@group-B061D1CC775E-LeaderElection67] INFO  server.RaftServer$Division (ServerState.java:setRaftConf(373)) - 37b2c1ee-956a-4dec-b232-912a6a25ff9b@group-B061D1CC775E: set configuration 1: [37b2c1ee-956a-4dec-b232-912a6a25ff9b|rpc:172.17.0.2:35677|dataStream:|priority:0, 9d983546-4247-4c0f-83b0-40f69e4f4d28|rpc:172.17.0.2:36963|dataStream:|priority:0, a4ee1d3f-5505-4afe-8a03-746b4b90cef8|rpc:172.17.0.2:46809|dataStream:|priority:1], old=null
2021-05-19 07:43:07,111 [grpc-default-executor-5] WARN  server.GrpcLogAppender (GrpcLogAppender.java:resetClient(111)) - 37b2c1ee-956a-4dec-b232-912a6a25ff9b@group-B061D1CC775E->a4ee1d3f-5505-4afe-8a03-746b4b90cef8-GrpcLogAppender: Leader has not got in touch with Follower 37b2c1ee-956a-4dec-b232-912a6a25ff9b@group-B061D1CC775E->a4ee1d3f-5505-4afe-8a03-746b4b90cef8(c-1,m0,n2, attendVote=true, lastRpcSendTime=21, lastRpcResponseTime=5240) yet, just keep nextIndex unchanged and retry.
2021-05-19 07:43:07,122 [grpc-default-executor-5] INFO  server.RaftServer$Division (ServerState.java:setRaftConf(373)) - 9d983546-4247-4c0f-83b0-40f69e4f4d28@group-B061D1CC775E: set configuration 1: [37b2c1ee-956a-4dec-b232-912a6a25ff9b|rpc:172.17.0.2:35677|dataStream:|priority:0, 9d983546-4247-4c0f-83b0-40f69e4f4d28|rpc:172.17.0.2:36963|dataStream:|priority:0, a4ee1d3f-5505-4afe-8a03-746b4b90cef8|rpc:172.17.0.2:46809|dataStream:|priority:1], old=null
2021-05-19 07:43:07,123 [grpc-default-executor-5] INFO  segmented.SegmentedRaftLogWorker (SegmentedRaftLogWorker.java:rollLogSegment(399)) - 9d983546-4247-4c0f-83b0-40f69e4f4d28@group-B061D1CC775E-SegmentedRaftLogWorker: Rolling segment log-0_0 to index:0
2021-05-19 07:43:07,123 [9d983546-4247-4c0f-83b0-40f69e4f4d28@group-B061D1CC775E-SegmentedRaftLogWorker] INFO  segmented.SegmentedRaftLogWorker (SegmentedRaftLogWorker.java:execute(558)) - 9d983546-4247-4c0f-83b0-40f69e4f4d28@group-B061D1CC775E-SegmentedRaftLogWorker: Rolled log segment from /github/workspace/mnt/ozone/hadoop-ozone/integration-test/target/test-dir/MiniOzoneClusterImpl-952c9dfc-8967-4523-b06f-60d3bd5de2bf/datanode-5/data/ratis/03b01f46-c381-4ba2-a991-b061d1cc775e/current/log_inprogress_0 to /github/workspace/mnt/ozone/hadoop-ozone/integration-test/target/test-dir/MiniOzoneClusterImpl-952c9dfc-8967-4523-b06f-60d3bd5de2bf/datanode-5/data/ratis/03b01f46-c381-4ba2-a991-b061d1cc775e/current/log_0-0
2021-05-19 07:43:07,124 [9d983546-4247-4c0f-83b0-40f69e4f4d28@group-B061D1CC775E-SegmentedRaftLogWorker] INFO  segmented.SegmentedRaftLogWorker (SegmentedRaftLogWorker.java:execute(601)) - 9d983546-4247-4c0f-83b0-40f69e4f4d28@group-B061D1CC775E-SegmentedRaftLogWorker: created new log segment /github/workspace/mnt/ozone/hadoop-ozone/integration-test/target/test-dir/MiniOzoneClusterImpl-952c9dfc-8967-4523-b06f-60d3bd5de2bf/datanode-5/data/ratis/03b01f46-c381-4ba2-a991-b061d1cc775e/current/log_inprogress_1
2021-05-19 07:43:07,153 [grpc-default-executor-3] WARN  server.GrpcLogAppender (LogUtils.java:warn(122)) - 37b2c1ee-956a-4dec-b232-912a6a25ff9b@group-B061D1CC775E->a4ee1d3f-5505-4afe-8a03-746b4b90cef8-AppendLogResponseHandler: Failed appendEntries: org.apache.ratis.thirdparty.io.grpc.StatusRuntimeException: UNAVAILABLE: io exception
2021-05-19 07:43:07,153 [grpc-default-executor-3] WARN  server.GrpcLogAppender (GrpcLogAppender.java:resetClient(111)) - 37b2c1ee-956a-4dec-b232-912a6a25ff9b@group-B061D1CC775E->a4ee1d3f-5505-4afe-8a03-746b4b90cef8-GrpcLogAppender: Leader has not got in touch with Follower 37b2c1ee-956a-4dec-b232-912a6a25ff9b@group-B061D1CC775E->a4ee1d3f-5505-4afe-8a03-746b4b90cef8(c-1,m0,n3, attendVote=true, lastRpcSendTime=64, lastRpcResponseTime=5282) yet, just keep nextIndex unchanged and retry.
2021-05-19 07:43:07,486 [EventQueue-StaleNodeForStaleNodeHandler] INFO  node.StaleNodeHandler (StaleNodeHandler.java:onMessage(58)) - Datanode a4ee1d3f-5505-4afe-8a03-746b4b90cef8{ip: 172.17.0.2, host: 3974e5c036b4, ports: [REPLICATION=43531, RATIS=46809, RATIS_ADMIN=46809, RATIS_SERVER=46809, STANDALONE=36497], networkLocation: /default-rack, certSerialId: null, persistedOpState: IN_SERVICE, persistedOpStateExpiryEpochSec: 0} moved to stale state. Finalizing its pipelines [PipelineID=19596144-870e-41aa-8706-d5e61d3659ac, PipelineID=5b0e428d-fccc-451c-957f-03e6ad90b47f, PipelineID=03b01f46-c381-4ba2-a991-b061d1cc775e, PipelineID=fb9e7414-52b6-4a06-bacf-5fecf58f6d49]
2021-05-19 07:43:07,487 [EventQueue-StaleNodeForStaleNodeHandler] INFO  pipeline.PipelineManagerV2Impl (PipelineManagerV2Impl.java:closePipeline(330)) - Pipeline Pipeline[ Id: 19596144-870e-41aa-8706-d5e61d3659ac, Nodes: 9d983546-4247-4c0f-83b0-40f69e4f4d28{ip: 172.17.0.2, host: 3974e5c036b4, ports: [REPLICATION=38577, RATIS=36963, RATIS_ADMIN=36963, RATIS_SERVER=36963, STANDALONE=35805], networkLocation: /default-rack, certSerialId: null, persistedOpState: IN_SERVICE, persistedOpStateExpiryEpochSec: 0}a4ee1d3f-5505-4afe-8a03-746b4b90cef8{ip: 172.17.0.2, host: 3974e5c036b4, ports: [REPLICATION=43531, RATIS=46809, RATIS_ADMIN=46809, RATIS_SERVER=46809, STANDALONE=36497], networkLocation: /default-rack, certSerialId: null, persistedOpState: IN_SERVICE, persistedOpStateExpiryEpochSec: 0}37b2c1ee-956a-4dec-b232-912a6a25ff9b{ip: 172.17.0.2, host: 3974e5c036b4, ports: [REPLICATION=33365, RATIS=35677, RATIS_ADMIN=35677, RATIS_SERVER=35677, STANDALONE=37521], networkLocation: /default-rack, certSerialId: null, persistedOpState: IN_SERVICE, persistedOpStateExpiryEpochSec: 0}, ReplicationConfig: RATIS/THREE, State:OPEN, leaderId:37b2c1ee-956a-4dec-b232-912a6a25ff9b, CreationTimestamp2021-05-19T07:41:58.345Z] moved to CLOSED state
2021-05-19 07:43:07,487 [EventQueue-StaleNodeForStaleNodeHandler] INFO  pipeline.PipelineManagerV2Impl (PipelineManagerV2Impl.java:closePipeline(330)) - Pipeline Pipeline[ Id: 5b0e428d-fccc-451c-957f-03e6ad90b47f, Nodes: a4ee1d3f-5505-4afe-8a03-746b4b90cef8{ip: 172.17.0.2, host: 3974e5c036b4, ports: [REPLICATION=43531, RATIS=46809, RATIS_ADMIN=46809, RATIS_SERVER=46809, STANDALONE=36497], networkLocation: /default-rack, certSerialId: null, persistedOpState: IN_SERVICE, persistedOpStateExpiryEpochSec: 0}37b2c1ee-956a-4dec-b232-912a6a25ff9b{ip: 172.17.0.2, host: 3974e5c036b4, ports: [REPLICATION=33365, RATIS=35677, RATIS_ADMIN=35677, RATIS_SERVER=35677, STANDALONE=37521], networkLocation: /default-rack, certSerialId: null, persistedOpState: IN_SERVICE, persistedOpStateExpiryEpochSec: 0}9d983546-4247-4c0f-83b0-40f69e4f4d28{ip: 172.17.0.2, host: 3974e5c036b4, ports: [REPLICATION=38577, RATIS=36963, RATIS_ADMIN=36963, RATIS_SERVER=36963, STANDALONE=35805], networkLocation: /default-rack, certSerialId: null, persistedOpState: IN_SERVICE, persistedOpStateExpiryEpochSec: 0}, ReplicationConfig: RATIS/THREE, State:OPEN, leaderId:9d983546-4247-4c0f-83b0-40f69e4f4d28, CreationTimestamp2021-05-19T07:41:58.343Z] moved to CLOSED state
2021-05-19 07:43:07,487 [EventQueue-StaleNodeForStaleNodeHandler] INFO  pipeline.PipelineManagerV2Impl (PipelineManagerV2Impl.java:closePipeline(330)) - Pipeline Pipeline[ Id: 03b01f46-c381-4ba2-a991-b061d1cc775e, Nodes: 9d983546-4247-4c0f-83b0-40f69e4f4d28{ip: 172.17.0.2, host: 3974e5c036b4, ports: [REPLICATION=38577, RATIS=36963, RATIS_ADMIN=36963, RATIS_SERVER=36963, STANDALONE=35805], networkLocation: /default-rack, certSerialId: null, persistedOpState: IN_SERVICE, persistedOpStateExpiryEpochSec: 0}37b2c1ee-956a-4dec-b232-912a6a25ff9b{ip: 172.17.0.2, host: 3974e5c036b4, ports: [REPLICATION=33365, RATIS=35677, RATIS_ADMIN=35677, RATIS_SERVER=35677, STANDALONE=37521], networkLocation: /default-rack, certSerialId: null, persistedOpState: IN_SERVICE, persistedOpStateExpiryEpochSec: 0}a4ee1d3f-5505-4afe-8a03-746b4b90cef8{ip: 172.17.0.2, host: 3974e5c036b4, ports: [REPLICATION=43531, RATIS=46809, RATIS_ADMIN=46809, RATIS_SERVER=46809, STANDALONE=36497], networkLocation: /default-rack, certSerialId: null, persistedOpState: IN_SERVICE, persistedOpStateExpiryEpochSec: 0}, ReplicationConfig: RATIS/THREE, State:OPEN, leaderId:37b2c1ee-956a-4dec-b232-912a6a25ff9b, CreationTimestamp2021-05-19T07:41:58.344Z] moved to CLOSED state
2021-05-19 07:43:07,487 [EventQueue-StaleNodeForStaleNodeHandler] INFO  pipeline.PipelineManagerV2Impl (PipelineManagerV2Impl.java:closePipeline(330)) - Pipeline Pipeline[ Id: fb9e7414-52b6-4a06-bacf-5fecf58f6d49, Nodes: a4ee1d3f-5505-4afe-8a03-746b4b90cef8{ip: 172.17.0.2, host: 3974e5c036b4, ports: [REPLICATION=43531, RATIS=46809, RATIS_ADMIN=46809, RATIS_SERVER=46809, STANDALONE=36497], networkLocation: /default-rack, certSerialId: null, persistedOpState: IN_SERVICE, persistedOpStateExpiryEpochSec: 0}, ReplicationConfig: RATIS/ONE, State:OPEN, leaderId:a4ee1d3f-5505-4afe-8a03-746b4b90cef8, CreationTimestamp2021-05-19T07:41:58.132Z] moved to CLOSED state
2021-05-19 07:43:07,835 [a14714da-c87c-4361-b393-7e96cf422ed7@group-1F4802A68F73-FollowerState] INFO  impl.FollowerState (FollowerState.java:run(134)) - a14714da-c87c-4361-b393-7e96cf422ed7@group-1F4802A68F73-FollowerState: change to CANDIDATE, lastRpcElapsedTime:5032739349ns, electionTimeout:5019ms
2021-05-19 07:43:07,835 [a14714da-c87c-4361-b393-7e96cf422ed7@group-1F4802A68F73-FollowerState] INFO  impl.RoleInfo (RoleInfo.java:shutdownFollowerState(108)) - a14714da-c87c-4361-b393-7e96cf422ed7: shutdown a14714da-c87c-4361-b393-7e96cf422ed7@group-1F4802A68F73-FollowerState
2021-05-19 07:43:07,835 [a14714da-c87c-4361-b393-7e96cf422ed7@group-1F4802A68F73-FollowerState] INFO  server.RaftServer$Division (RaftServerImpl.java:setRole(284)) - a14714da-c87c-4361-b393-7e96cf422ed7@group-1F4802A68F73: changes role from  FOLLOWER to CANDIDATE at term 1 for changeToCandidate
2021-05-19 07:43:07,835 [a14714da-c87c-4361-b393-7e96cf422ed7@group-1F4802A68F73-FollowerState] INFO  server.RaftServerConfigKeys (ConfUtils.java:logGet(44)) - raft.server.leaderelection.pre-vote = false (custom)
2021-05-19 07:43:07,835 [a14714da-c87c-4361-b393-7e96cf422ed7@group-1F4802A68F73-FollowerState] INFO  impl.RoleInfo (RoleInfo.java:updateAndGet(130)) - a14714da-c87c-4361-b393-7e96cf422ed7: start a14714da-c87c-4361-b393-7e96cf422ed7@group-1F4802A68F73-LeaderElection68
2021-05-19 07:43:07,837 [a14714da-c87c-4361-b393-7e96cf422ed7@group-1F4802A68F73-LeaderElection68] INFO  impl.LeaderElection (LeaderElection.java:askForVotes(306)) - a14714da-c87c-4361-b393-7e96cf422ed7@group-1F4802A68F73-LeaderElection68 ELECTION round 0: submit vote requests at term 2 for -1: [a14714da-c87c-4361-b393-7e96cf422ed7|rpc:172.17.0.2:45547|priority:1, 68d4f79f-8ed5-4598-b947-57f9bc979c0e|rpc:172.17.0.2:42729|priority:0, 8e81be81-8cf3-4cb2-af1f-2c1c9bc19b0e|rpc:172.17.0.2:41855|priority:0], old=null
2021-05-19 07:43:07,841 [grpc-default-executor-3] INFO  server.RaftServer$Division (RaftServerImpl.java:requestVote(1042)) - 68d4f79f-8ed5-4598-b947-57f9bc979c0e@group-1F4802A68F73: receive requestVote(ELECTION, a14714da-c87c-4361-b393-7e96cf422ed7, group-1F4802A68F73, 2, (t:0, i:0))
2021-05-19 07:43:07,841 [grpc-default-executor-3] INFO  impl.VoteContext (VoteContext.java:log(48)) - 68d4f79f-8ed5-4598-b947-57f9bc979c0e@group-1F4802A68F73-FOLLOWER: accept ELECTION from a14714da-c87c-4361-b393-7e96cf422ed7: our priority 0 <= candidate's priority 1
2021-05-19 07:43:07,841 [grpc-default-executor-3] INFO  server.RaftServer$Division (RaftServerImpl.java:setRole(284)) - 68d4f79f-8ed5-4598-b947-57f9bc979c0e@group-1F4802A68F73: changes role from  FOLLOWER to FOLLOWER at term 2 for candidate:a14714da-c87c-4361-b393-7e96cf422ed7
2021-05-19 07:43:07,841 [grpc-default-executor-3] INFO  impl.RoleInfo (RoleInfo.java:shutdownFollowerState(108)) - 68d4f79f-8ed5-4598-b947-57f9bc979c0e: shutdown 68d4f79f-8ed5-4598-b947-57f9bc979c0e@group-1F4802A68F73-FollowerState
2021-05-19 07:43:07,841 [a14714da-c87c-4361-b393-7e96cf422ed7@group-1F4802A68F73-LeaderElection68] INFO  impl.LeaderElection (LogUtils.java:infoOrTrace(137)) - a14714da-c87c-4361-b393-7e96cf422ed7@group-1F4802A68F73-LeaderElection68 got exception when requesting votes: java.util.concurrent.ExecutionException: org.apache.ratis.thirdparty.io.grpc.StatusRuntimeException: UNAVAILABLE: io exception
2021-05-19 07:43:07,845 [grpc-default-executor-3] INFO  impl.RoleInfo (RoleInfo.java:updateAndGet(130)) - 68d4f79f-8ed5-4598-b947-57f9bc979c0e: start 68d4f79f-8ed5-4598-b947-57f9bc979c0e@group-1F4802A68F73-FollowerState
2021-05-19 07:43:07,845 [68d4f79f-8ed5-4598-b947-57f9bc979c0e@group-1F4802A68F73-FollowerState] INFO  impl.FollowerState (FollowerState.java:run(143)) - 68d4f79f-8ed5-4598-b947-57f9bc979c0e@group-1F4802A68F73-FollowerState was interrupted: {}
java.lang.InterruptedException: sleep interrupted
	at java.lang.Thread.sleep(Native Method)
	at java.lang.Thread.sleep(Thread.java:340)
	at java.util.concurrent.TimeUnit.sleep(TimeUnit.java:386)
	at org.apache.ratis.util.TimeDuration.sleep(TimeDuration.java:324)
	at org.apache.ratis.util.TimeDuration.sleep(TimeDuration.java:309)
	at org.apache.ratis.server.impl.FollowerState.run(FollowerState.java:118)
2021-05-19 07:43:07,855 [grpc-default-executor-3] INFO  server.RaftServer$Division (RaftServerImpl.java:requestVote(1074)) - 68d4f79f-8ed5-4598-b947-57f9bc979c0e@group-1F4802A68F73 replies to ELECTION vote request: a14714da-c87c-4361-b393-7e96cf422ed7<-68d4f79f-8ed5-4598-b947-57f9bc979c0e#0:OK-t2. Peer's state: 68d4f79f-8ed5-4598-b947-57f9bc979c0e@group-1F4802A68F73:t2, leader=null, voted=a14714da-c87c-4361-b393-7e96cf422ed7, raftlog=68d4f79f-8ed5-4598-b947-57f9bc979c0e@group-1F4802A68F73-SegmentedRaftLog:OPENED:c-1,f-1,i0, conf=-1: [a14714da-c87c-4361-b393-7e96cf422ed7|rpc:172.17.0.2:45547|dataStream:|priority:1, 68d4f79f-8ed5-4598-b947-57f9bc979c0e|rpc:172.17.0.2:42729|dataStream:|priority:0, 8e81be81-8cf3-4cb2-af1f-2c1c9bc19b0e|rpc:172.17.0.2:41855|dataStream:|priority:0], old=null
2021-05-19 07:43:07,856 [a14714da-c87c-4361-b393-7e96cf422ed7@group-1F4802A68F73-LeaderElection68] INFO  impl.LeaderElection (LeaderElection.java:logAndReturn(89)) - a14714da-c87c-4361-b393-7e96cf422ed7@group-1F4802A68F73-LeaderElection68: ELECTION PASSED received 1 response(s) and 1 exception(s):
2021-05-19 07:43:07,856 [a14714da-c87c-4361-b393-7e96cf422ed7@group-1F4802A68F73-LeaderElection68] INFO  impl.LeaderElection (LeaderElection.java:logAndReturn(93)) -   Response 0: a14714da-c87c-4361-b393-7e96cf422ed7<-68d4f79f-8ed5-4598-b947-57f9bc979c0e#0:OK-t2
2021-05-19 07:43:07,856 [a14714da-c87c-4361-b393-7e96cf422ed7@group-1F4802A68F73-LeaderElection68] INFO  impl.LeaderElection (LogUtils.java:infoOrTrace(137)) -   Exception 1: java.util.concurrent.ExecutionException: org.apache.ratis.thirdparty.io.grpc.StatusRuntimeException: UNAVAILABLE: io exception
2021-05-19 07:43:07,856 [a14714da-c87c-4361-b393-7e96cf422ed7@group-1F4802A68F73-LeaderElection68] INFO  impl.LeaderElection (LeaderElection.java:askForVotes(308)) - a14714da-c87c-4361-b393-7e96cf422ed7@group-1F4802A68F73-LeaderElection68 ELECTION round 0: result PASSED
2021-05-19 07:43:07,856 [a14714da-c87c-4361-b393-7e96cf422ed7@group-1F4802A68F73-LeaderElection68] INFO  impl.RoleInfo (RoleInfo.java:shutdownLeaderElection(121)) - a14714da-c87c-4361-b393-7e96cf422ed7: shutdown a14714da-c87c-4361-b393-7e96cf422ed7@group-1F4802A68F73-LeaderElection68
2021-05-19 07:43:07,856 [a14714da-c87c-4361-b393-7e96cf422ed7@group-1F4802A68F73-LeaderElection68] INFO  server.RaftServer$Division (RaftServerImpl.java:setRole(284)) - a14714da-c87c-4361-b393-7e96cf422ed7@group-1F4802A68F73: changes role from CANDIDATE to LEADER at term 2 for changeToLeader
2021-05-19 07:43:07,856 [a14714da-c87c-4361-b393-7e96cf422ed7@group-1F4802A68F73-LeaderElection68] INFO  ratis.XceiverServerRatis (XceiverServerRatis.java:handleLeaderChangedNotification(906)) - Leader change notification received for group: group-1F4802A68F73 with new leaderId: a14714da-c87c-4361-b393-7e96cf422ed7
2021-05-19 07:43:07,857 [a14714da-c87c-4361-b393-7e96cf422ed7@group-1F4802A68F73-LeaderElection68] INFO  server.RaftServer$Division (ServerState.java:setLeader(271)) - a14714da-c87c-4361-b393-7e96cf422ed7@group-1F4802A68F73: change Leader from null to a14714da-c87c-4361-b393-7e96cf422ed7 at term 2 for becomeLeader, leader elected after 10166ms
2021-05-19 07:43:07,857 [a14714da-c87c-4361-b393-7e96cf422ed7@group-1F4802A68F73-LeaderElection68] INFO  server.RaftServerConfigKeys (ConfUtils.java:logGet(44)) - raft.server.staging.catchup.gap = 1000 (default)
2021-05-19 07:43:07,857 [a14714da-c87c-4361-b393-7e96cf422ed7@group-1F4802A68F73-LeaderElection68] INFO  metrics.RatisMetrics (RatisMetrics.java:lambda$create$0(36)) - Creating Metrics Registry : ratis.log_appender.a14714da-c87c-4361-b393-7e96cf422ed7@group-1F4802A68F73
2021-05-19 07:43:07,857 [a14714da-c87c-4361-b393-7e96cf422ed7@group-1F4802A68F73-LeaderElection68] INFO  server.RaftServerConfigKeys (ConfUtils.java:logGet(44)) - raft.server.write.element-limit = 1024 (custom)
2021-05-19 07:43:07,857 [a14714da-c87c-4361-b393-7e96cf422ed7@group-1F4802A68F73-LeaderElection68] INFO  server.RaftServerConfigKeys (ConfUtils.java:logGet(44)) - raft.server.write.byte-limit = 1073741824 (custom)
2021-05-19 07:43:07,857 [a14714da-c87c-4361-b393-7e96cf422ed7@group-1F4802A68F73-LeaderElection68] INFO  server.RaftServerConfigKeys (ConfUtils.java:logGet(44)) - raft.server.watch.timeout = 3000ms (custom)
2021-05-19 07:43:07,857 [a14714da-c87c-4361-b393-7e96cf422ed7@group-1F4802A68F73-LeaderElection68] INFO  server.RaftServerConfigKeys (ConfUtils.java:logGet(44)) - raft.server.watch.timeout.denomination = 1s (default)
2021-05-19 07:43:07,857 [a14714da-c87c-4361-b393-7e96cf422ed7@group-1F4802A68F73-LeaderElection68] INFO  server.RaftServerConfigKeys (ConfUtils.java:logGet(44)) - raft.server.watch.element-limit = 65536 (default)
2021-05-19 07:43:07,857 [a14714da-c87c-4361-b393-7e96cf422ed7@group-1F4802A68F73-LeaderElection68] INFO  server.RaftServerConfigKeys (ConfUtils.java:logGet(44)) - raft.server.log.appender.snapshot.chunk.size.max = 16MB (=16777216) (default)
2021-05-19 07:43:07,857 [a14714da-c87c-4361-b393-7e96cf422ed7@group-1F4802A68F73-LeaderElection68] INFO  server.RaftServerConfigKeys (ConfUtils.java:logGet(44)) - raft.server.log.appender.buffer.byte-limit = 33554432 (custom)
2021-05-19 07:43:07,857 [a14714da-c87c-4361-b393-7e96cf422ed7@group-1F4802A68F73-LeaderElection68] INFO  server.RaftServerConfigKeys (ConfUtils.java:logGet(44)) - raft.server.log.appender.buffer.element-limit = 1 (custom)
2021-05-19 07:43:07,857 [a14714da-c87c-4361-b393-7e96cf422ed7@group-1F4802A68F73-LeaderElection68] INFO  grpc.GrpcConfigKeys (ConfUtils.java:logGet(44)) - raft.grpc.server.leader.outstanding.appends.max = 128 (default)
2021-05-19 07:43:07,857 [a14714da-c87c-4361-b393-7e96cf422ed7@group-1F4802A68F73-LeaderElection68] INFO  server.RaftServerConfigKeys (ConfUtils.java:logGet(44)) - raft.server.rpc.request.timeout = 3000ms (default)
2021-05-19 07:43:07,858 [a14714da-c87c-4361-b393-7e96cf422ed7@group-1F4802A68F73-LeaderElection68] INFO  server.RaftServerConfigKeys (ConfUtils.java:logGet(44)) - raft.server.log.appender.install.snapshot.enabled = false (custom)
2021-05-19 07:43:07,858 [a14714da-c87c-4361-b393-7e96cf422ed7@group-1F4802A68F73-LeaderElection68] INFO  metrics.RatisMetrics (RatisMetrics.java:lambda$create$0(36)) - Creating Metrics Registry : ratis_grpc.log_appender.a14714da-c87c-4361-b393-7e96cf422ed7@group-1F4802A68F73
2021-05-19 07:43:07,860 [a14714da-c87c-4361-b393-7e96cf422ed7@group-1F4802A68F73-LeaderElection68] INFO  server.RaftServerConfigKeys (ConfUtils.java:logGet(44)) - raft.server.log.appender.snapshot.chunk.size.max = 16MB (=16777216) (default)
2021-05-19 07:43:07,860 [a14714da-c87c-4361-b393-7e96cf422ed7@group-1F4802A68F73-LeaderElection68] INFO  server.RaftServerConfigKeys (ConfUtils.java:logGet(44)) - raft.server.log.appender.buffer.byte-limit = 33554432 (custom)
2021-05-19 07:43:07,860 [a14714da-c87c-4361-b393-7e96cf422ed7@group-1F4802A68F73-LeaderElection68] INFO  server.RaftServerConfigKeys (ConfUtils.java:logGet(44)) - raft.server.log.appender.buffer.element-limit = 1 (custom)
2021-05-19 07:43:07,860 [a14714da-c87c-4361-b393-7e96cf422ed7@group-1F4802A68F73-LeaderElection68] INFO  grpc.GrpcConfigKeys (ConfUtils.java:logGet(44)) - raft.grpc.server.leader.outstanding.appends.max = 128 (default)
2021-05-19 07:43:07,860 [a14714da-c87c-4361-b393-7e96cf422ed7@group-1F4802A68F73-LeaderElection68] INFO  server.RaftServerConfigKeys (ConfUtils.java:logGet(44)) - raft.server.rpc.request.timeout = 3000ms (default)
2021-05-19 07:43:07,860 [a14714da-c87c-4361-b393-7e96cf422ed7@group-1F4802A68F73-LeaderElection68] INFO  server.RaftServerConfigKeys (ConfUtils.java:logGet(44)) - raft.server.log.appender.install.snapshot.enabled = false (custom)
2021-05-19 07:43:07,861 [a14714da-c87c-4361-b393-7e96cf422ed7@group-1F4802A68F73-LeaderElection68] INFO  impl.RoleInfo (RoleInfo.java:updateAndGet(130)) - a14714da-c87c-4361-b393-7e96cf422ed7: start a14714da-c87c-4361-b393-7e96cf422ed7@group-1F4802A68F73-LeaderStateImpl
2021-05-19 07:43:07,861 [a14714da-c87c-4361-b393-7e96cf422ed7@group-1F4802A68F73-LeaderElection68] INFO  segmented.SegmentedRaftLogWorker (SegmentedRaftLogWorker.java:startLogSegment(394)) - a14714da-c87c-4361-b393-7e96cf422ed7@group-1F4802A68F73-SegmentedRaftLogWorker: Starting segment from index:0
2021-05-19 07:43:07,864 [a14714da-c87c-4361-b393-7e96cf422ed7@group-1F4802A68F73-SegmentedRaftLogWorker] INFO  segmented.SegmentedRaftLogWorker (SegmentedRaftLogWorker.java:execute(601)) - a14714da-c87c-4361-b393-7e96cf422ed7@group-1F4802A68F73-SegmentedRaftLogWorker: created new log segment /github/workspace/mnt/ozone/hadoop-ozone/integration-test/target/test-dir/MiniOzoneClusterImpl-952c9dfc-8967-4523-b06f-60d3bd5de2bf/datanode-2/data/ratis/410da6b5-5245-4022-b85d-1f4802a68f73/current/log_inprogress_0
2021-05-19 07:43:07,886 [a14714da-c87c-4361-b393-7e96cf422ed7@group-1F4802A68F73-LeaderElection68] INFO  server.RaftServer$Division (ServerState.java:setRaftConf(373)) - a14714da-c87c-4361-b393-7e96cf422ed7@group-1F4802A68F73: set configuration 0: [a14714da-c87c-4361-b393-7e96cf422ed7|rpc:172.17.0.2:45547|dataStream:|priority:1, 68d4f79f-8ed5-4598-b947-57f9bc979c0e|rpc:172.17.0.2:42729|dataStream:|priority:0, 8e81be81-8cf3-4cb2-af1f-2c1c9bc19b0e|rpc:172.17.0.2:41855|dataStream:|priority:0], old=null
2021-05-19 07:43:07,907 [grpc-default-executor-5] INFO  ratis.XceiverServerRatis (XceiverServerRatis.java:handleLeaderChangedNotification(906)) - Leader change notification received for group: group-1F4802A68F73 with new leaderId: a14714da-c87c-4361-b393-7e96cf422ed7
2021-05-19 07:43:07,907 [grpc-default-executor-5] INFO  server.RaftServer$Division (ServerState.java:setLeader(271)) - 68d4f79f-8ed5-4598-b947-57f9bc979c0e@group-1F4802A68F73: change Leader from null to a14714da-c87c-4361-b393-7e96cf422ed7 at term 2 for appendEntries, leader elected after 10183ms
2021-05-19 07:43:07,908 [grpc-default-executor-3] WARN  server.GrpcLogAppender (LogUtils.java:warn(122)) - a14714da-c87c-4361-b393-7e96cf422ed7@group-1F4802A68F73->8e81be81-8cf3-4cb2-af1f-2c1c9bc19b0e-AppendLogResponseHandler: Failed appendEntries: org.apache.ratis.thirdparty.io.grpc.StatusRuntimeException: UNAVAILABLE: io exception
2021-05-19 07:43:07,909 [grpc-default-executor-3] WARN  server.GrpcLogAppender (GrpcLogAppender.java:resetClient(111)) - a14714da-c87c-4361-b393-7e96cf422ed7@group-1F4802A68F73->8e81be81-8cf3-4cb2-af1f-2c1c9bc19b0e-GrpcLogAppender: Leader has not got in touch with Follower a14714da-c87c-4361-b393-7e96cf422ed7@group-1F4802A68F73->8e81be81-8cf3-4cb2-af1f-2c1c9bc19b0e(c-1,m0,n1, attendVote=true, lastRpcSendTime=0, lastRpcResponseTime=5251) yet, just keep nextIndex unchanged and retry.
2021-05-19 07:43:07,947 [grpc-default-executor-5] INFO  server.RaftServer$Division (ServerState.java:setRaftConf(373)) - 68d4f79f-8ed5-4598-b947-57f9bc979c0e@group-1F4802A68F73: set configuration 0: [a14714da-c87c-4361-b393-7e96cf422ed7|rpc:172.17.0.2:45547|dataStream:|priority:1, 68d4f79f-8ed5-4598-b947-57f9bc979c0e|rpc:172.17.0.2:42729|dataStream:|priority:0, 8e81be81-8cf3-4cb2-af1f-2c1c9bc19b0e|rpc:172.17.0.2:41855|dataStream:|priority:0], old=null
2021-05-19 07:43:07,947 [grpc-default-executor-5] INFO  segmented.SegmentedRaftLogWorker (SegmentedRaftLogWorker.java:startLogSegment(394)) - 68d4f79f-8ed5-4598-b947-57f9bc979c0e@group-1F4802A68F73-SegmentedRaftLogWorker: Starting segment from index:0
2021-05-19 07:43:07,949 [68d4f79f-8ed5-4598-b947-57f9bc979c0e@group-1F4802A68F73-SegmentedRaftLogWorker] INFO  segmented.SegmentedRaftLogWorker (SegmentedRaftLogWorker.java:execute(601)) - 68d4f79f-8ed5-4598-b947-57f9bc979c0e@group-1F4802A68F73-SegmentedRaftLogWorker: created new log segment /github/workspace/mnt/ozone/hadoop-ozone/integration-test/target/test-dir/MiniOzoneClusterImpl-952c9dfc-8967-4523-b06f-60d3bd5de2bf/datanode-0/data/ratis/410da6b5-5245-4022-b85d-1f4802a68f73/current/log_inprogress_0
2021-05-19 07:43:07,982 [ForkJoinPool.commonPool-worker-0] INFO  ozoneimpl.OzoneContainer (OzoneContainer.java:stop(312)) - Attempting to stop container services.
2021-05-19 07:43:07,986 [ForkJoinPool.commonPool-worker-0] INFO  server.RaftServer (RaftServerProxy.java:lambda$close$6(391)) - a14714da-c87c-4361-b393-7e96cf422ed7: close
2021-05-19 07:43:07,986 [ForkJoinPool.commonPool-worker-0] INFO  server.RaftServer$Division (RaftServerImpl.java:lambda$close$4(406)) - a14714da-c87c-4361-b393-7e96cf422ed7@group-4BBCCAEDA604: shutdown
2021-05-19 07:43:07,987 [ForkJoinPool.commonPool-worker-0] INFO  util.JmxRegister (JmxRegister.java:unregister(73)) - Successfully un-registered JMX Bean with object name Ratis:service=RaftServer,group=group-4BBCCAEDA604,id=a14714da-c87c-4361-b393-7e96cf422ed7
2021-05-19 07:43:07,987 [ForkJoinPool.commonPool-worker-0] INFO  impl.RoleInfo (RoleInfo.java:shutdownLeaderState(91)) - a14714da-c87c-4361-b393-7e96cf422ed7: shutdown a14714da-c87c-4361-b393-7e96cf422ed7@group-4BBCCAEDA604-LeaderStateImpl
2021-05-19 07:43:07,987 [ForkJoinPool.commonPool-worker-0] INFO  metrics.RatisMetrics (RatisMetrics.java:unregister(43)) - Unregistering Metrics Registry : ratis_grpc.log_appender.a14714da-c87c-4361-b393-7e96cf422ed7@group-4BBCCAEDA604
2021-05-19 07:43:07,987 [ForkJoinPool.commonPool-worker-0] INFO  metrics.RatisMetrics (RatisMetrics.java:unregister(43)) - Unregistering Metrics Registry : ratis_grpc.log_appender.a14714da-c87c-4361-b393-7e96cf422ed7@group-4BBCCAEDA604
2021-05-19 07:43:07,987 [ForkJoinPool.commonPool-worker-0] INFO  impl.PendingRequests (PendingRequests.java:sendNotLeaderResponses(249)) - a14714da-c87c-4361-b393-7e96cf422ed7@group-4BBCCAEDA604-PendingRequests: sendNotLeaderResponses
2021-05-19 07:43:07,987 [ForkJoinPool.commonPool-worker-0] INFO  metrics.RatisMetrics (RatisMetrics.java:unregister(43)) - Unregistering Metrics Registry : ratis.log_appender.a14714da-c87c-4361-b393-7e96cf422ed7@group-4BBCCAEDA604
2021-05-19 07:43:07,987 [ForkJoinPool.commonPool-worker-0] INFO  metrics.RatisMetrics (RatisMetrics.java:unregister(43)) - Unregistering Metrics Registry : ratis.server.a14714da-c87c-4361-b393-7e96cf422ed7@group-4BBCCAEDA604
2021-05-19 07:43:07,988 [ForkJoinPool.commonPool-worker-0] INFO  impl.StateMachineUpdater (StateMachineUpdater.java:stopAndJoin(149)) - a14714da-c87c-4361-b393-7e96cf422ed7@group-4BBCCAEDA604-StateMachineUpdater: set stopIndex = 0
2021-05-19 07:43:07,988 [a14714da-c87c-4361-b393-7e96cf422ed7@group-4BBCCAEDA604->b054e63b-a418-439f-9265-0225a71f074a-GrpcLogAppender-LogAppenderDaemon] WARN  server.GrpcLogAppender (GrpcLogAppender.java:mayWait(175)) - a14714da-c87c-4361-b393-7e96cf422ed7@group-4BBCCAEDA604->b054e63b-a418-439f-9265-0225a71f074a-GrpcLogAppender: Wait interrupted by java.lang.InterruptedException
2021-05-19 07:43:07,988 [grpc-default-executor-5] INFO  server.GrpcServerProtocolService (GrpcServerProtocolService.java:onCompleted(140)) - b054e63b-a418-439f-9265-0225a71f074a: Completed APPEND_ENTRIES, lastRequest: a14714da-c87c-4361-b393-7e96cf422ed7->b054e63b-a418-439f-9265-0225a71f074a#1-t1,previous=(t:0, i:0),leaderCommit=-1,initializing? true,entries: size=1, first=(t:1, i:0), CONFIGURATIONENTRY
2021-05-19 07:43:07,988 [a14714da-c87c-4361-b393-7e96cf422ed7@group-4BBCCAEDA604-StateMachineUpdater] INFO  ratis.ContainerStateMachine (ContainerStateMachine.java:takeSnapshot(292)) - group-4BBCCAEDA604: Taking a snapshot at:(t:1, i:0) file /github/workspace/mnt/ozone/hadoop-ozone/integration-test/target/test-dir/MiniOzoneClusterImpl-952c9dfc-8967-4523-b06f-60d3bd5de2bf/datanode-2/data/ratis/34ffaed8-1fd9-4d0b-82e4-4bbccaeda604/sm/snapshot.1_0
2021-05-19 07:43:07,989 [grpc-default-executor-3] INFO  server.GrpcLogAppender (GrpcLogAppender.java:onCompleted(344)) - a14714da-c87c-4361-b393-7e96cf422ed7@group-4BBCCAEDA604->b054e63b-a418-439f-9265-0225a71f074a-AppendLogResponseHandler: follower responses appendEntries COMPLETED
2021-05-19 07:43:07,989 [a14714da-c87c-4361-b393-7e96cf422ed7@group-4BBCCAEDA604-StateMachineUpdater] INFO  ratis.ContainerStateMachine (ContainerStateMachine.java:takeSnapshot(303)) - group-4BBCCAEDA604: Finished taking a snapshot at:(t:1, i:0) file:/github/workspace/mnt/ozone/hadoop-ozone/integration-test/target/test-dir/MiniOzoneClusterImpl-952c9dfc-8967-4523-b06f-60d3bd5de2bf/datanode-2/data/ratis/34ffaed8-1fd9-4d0b-82e4-4bbccaeda604/sm/snapshot.1_0 took: 1 ms
2021-05-19 07:43:07,989 [grpc-default-executor-3] INFO  leader.FollowerInfo (FollowerInfoImpl.java:lambda$new$0(46)) - a14714da-c87c-4361-b393-7e96cf422ed7@group-4BBCCAEDA604->b054e63b-a418-439f-9265-0225a71f074a: nextIndex: updateUnconditionally 1 -> 0
2021-05-19 07:43:07,989 [a14714da-c87c-4361-b393-7e96cf422ed7@group-4BBCCAEDA604-StateMachineUpdater] INFO  impl.StateMachineUpdater (StateMachineUpdater.java:takeSnapshot(281)) - a14714da-c87c-4361-b393-7e96cf422ed7@group-4BBCCAEDA604-StateMachineUpdater: Took a snapshot at index 0
2021-05-19 07:43:07,989 [a14714da-c87c-4361-b393-7e96cf422ed7@group-4BBCCAEDA604-StateMachineUpdater] INFO  impl.StateMachineUpdater (StateMachineUpdater.java:lambda$new$0(89)) - a14714da-c87c-4361-b393-7e96cf422ed7@group-4BBCCAEDA604-StateMachineUpdater: snapshotIndex: updateIncreasingly -1 -> 0
2021-05-19 07:43:07,989 [a14714da-c87c-4361-b393-7e96cf422ed7@group-4BBCCAEDA604-StateMachineUpdater] INFO  metrics.RatisMetrics (RatisMetrics.java:unregister(43)) - Unregistering Metrics Registry : ratis.state_machine.a14714da-c87c-4361-b393-7e96cf422ed7@group-4BBCCAEDA604
2021-05-19 07:43:07,989 [ForkJoinPool.commonPool-worker-0] INFO  server.RaftServer$Division (ServerState.java:close(405)) - a14714da-c87c-4361-b393-7e96cf422ed7@group-4BBCCAEDA604: closes. applyIndex: 0
2021-05-19 07:43:07,992 [b054e63b-a418-439f-9265-0225a71f074a@group-248D4D37A09F-FollowerState] INFO  impl.FollowerState (FollowerState.java:run(134)) - b054e63b-a418-439f-9265-0225a71f074a@group-248D4D37A09F-FollowerState: change to CANDIDATE, lastRpcElapsedTime:5048426489ns, electionTimeout:5026ms
2021-05-19 07:43:07,992 [b054e63b-a418-439f-9265-0225a71f074a@group-248D4D37A09F-FollowerState] INFO  impl.RoleInfo (RoleInfo.java:shutdownFollowerState(108)) - b054e63b-a418-439f-9265-0225a71f074a: shutdown b054e63b-a418-439f-9265-0225a71f074a@group-248D4D37A09F-FollowerState
2021-05-19 07:43:07,992 [b054e63b-a418-439f-9265-0225a71f074a@group-248D4D37A09F-FollowerState] INFO  server.RaftServer$Division (RaftServerImpl.java:setRole(284)) - b054e63b-a418-439f-9265-0225a71f074a@group-248D4D37A09F: changes role from  FOLLOWER to CANDIDATE at term 1 for changeToCandidate
2021-05-19 07:43:07,992 [b054e63b-a418-439f-9265-0225a71f074a@group-248D4D37A09F-FollowerState] INFO  server.RaftServerConfigKeys (ConfUtils.java:logGet(44)) - raft.server.leaderelection.pre-vote = false (custom)
2021-05-19 07:43:07,993 [b054e63b-a418-439f-9265-0225a71f074a@group-248D4D37A09F-FollowerState] INFO  impl.RoleInfo (RoleInfo.java:updateAndGet(130)) - b054e63b-a418-439f-9265-0225a71f074a: start b054e63b-a418-439f-9265-0225a71f074a@group-248D4D37A09F-LeaderElection69
2021-05-19 07:43:07,994 [a14714da-c87c-4361-b393-7e96cf422ed7@group-4BBCCAEDA604->8e81be81-8cf3-4cb2-af1f-2c1c9bc19b0e-GrpcLogAppender-LogAppenderDaemon] ERROR leader.LogAppenderDaemon (LogAppenderDaemon.java:run(86)) - a14714da-c87c-4361-b393-7e96cf422ed7@group-4BBCCAEDA604->8e81be81-8cf3-4cb2-af1f-2c1c9bc19b0e-GrpcLogAppender-LogAppenderDaemon failed
java.lang.IllegalArgumentException: a14714da-c87c-4361-b393-7e96cf422ed7@group-4BBCCAEDA604-SegmentedRaftLog is expected to be opened but it is CLOSED
	at org.apache.ratis.util.OpenCloseState.assertOpen(OpenCloseState.java:63)
	at org.apache.ratis.server.raftlog.RaftLogBase.checkLogState(RaftLogBase.java:107)
	at org.apache.ratis.server.raftlog.segmented.SegmentedRaftLog.getTermIndex(SegmentedRaftLog.java:322)
	at org.apache.ratis.server.leader.LogAppenderBase.getPrevious(LogAppenderBase.java:110)
	at org.apache.ratis.server.leader.LogAppenderBase.newAppendEntriesRequest(LogAppenderBase.java:128)
	at org.apache.ratis.grpc.server.GrpcLogAppender.appendLog(GrpcLogAppender.java:211)
	at org.apache.ratis.grpc.server.GrpcLogAppender.run(GrpcLogAppender.java:145)
	at org.apache.ratis.server.leader.LogAppenderDaemon.run(LogAppenderDaemon.java:77)
	at java.lang.Thread.run(Thread.java:748)
Caused by: org.apache.ratis.util.OpenCloseState$CloseTrace: Close a14714da-c87c-4361-b393-7e96cf422ed7@group-4BBCCAEDA604-SegmentedRaftLog
	at org.apache.ratis.util.OpenCloseState.lambda$close$1(OpenCloseState.java:109)
	at java.util.concurrent.atomic.AtomicReference.getAndUpdate(AtomicReference.java:160)
	at org.apache.ratis.util.OpenCloseState.close(OpenCloseState.java:109)
	at org.apache.ratis.server.raftlog.RaftLogBase.close(RaftLogBase.java:356)
	at org.apache.ratis.server.raftlog.segmented.SegmentedRaftLog.close(SegmentedRaftLog.java:505)
	at org.apache.ratis.server.impl.ServerState.close(ServerState.java:407)
	at org.apache.ratis.server.impl.RaftServerImpl.lambda$close$4(RaftServerImpl.java:428)
	at org.apache.ratis.util.LifeCycle.lambda$checkStateAndClose$4(LifeCycle.java:299)
	at org.apache.ratis.util.LifeCycle.checkStateAndClose(LifeCycle.java:319)
	at org.apache.ratis.util.LifeCycle.checkStateAndClose(LifeCycle.java:297)
	at org.apache.ratis.server.impl.RaftServerImpl.close(RaftServerImpl.java:405)
	at org.apache.ratis.server.impl.RaftServerProxy$ImplMap.close(RaftServerProxy.java:129)
	at org.apache.ratis.server.impl.RaftServerProxy$ImplMap.lambda$close$0(RaftServerProxy.java:117)
	at java.util.stream.ForEachOps$ForEachOp$OfRef.accept(ForEachOps.java:183)
	at java.util.concurrent.ConcurrentHashMap$EntrySpliterator.forEachRemaining(ConcurrentHashMap.java:3606)
	at java.util.stream.AbstractPipeline.copyInto(AbstractPipeline.java:482)
	at java.util.stream.ForEachOps$ForEachTask.compute(ForEachOps.java:290)
	at java.util.concurrent.CountedCompleter.exec(CountedCompleter.java:731)
	at java.util.concurrent.ForkJoinTask.doExec(ForkJoinTask.java:289)
	at java.util.concurrent.ForkJoinTask.doInvoke(ForkJoinTask.java:401)
	at java.util.concurrent.ForkJoinTask.invoke(ForkJoinTask.java:734)
	at java.util.stream.ForEachOps$ForEachOp.evaluateParallel(ForEachOps.java:159)
	at java.util.stream.ForEachOps$ForEachOp$OfRef.evaluateParallel(ForEachOps.java:173)
	at java.util.stream.AbstractPipeline.evaluate(AbstractPipeline.java:233)
	at java.util.stream.ReferencePipeline.forEach(ReferencePipeline.java:485)
	at java.util.stream.ReferencePipeline$Head.forEach(ReferencePipeline.java:650)
	at org.apache.ratis.server.impl.RaftServerProxy$ImplMap.close(RaftServerProxy.java:117)
	at org.apache.ratis.server.impl.RaftServerProxy.lambda$close$6(RaftServerProxy.java:392)
	at org.apache.ratis.util.LifeCycle.lambda$checkStateAndClose$4(LifeCycle.java:299)
	at org.apache.ratis.util.LifeCycle.checkStateAndClose(LifeCycle.java:319)
	at org.apache.ratis.util.LifeCycle.checkStateAndClose(LifeCycle.java:297)
	at org.apache.ratis.server.impl.RaftServerProxy.close(RaftServerProxy.java:390)
	at org.apache.hadoop.ozone.container.common.transport.server.ratis.XceiverServerRatis.stop(XceiverServerRatis.java:522)
	at org.apache.hadoop.ozone.container.ozoneimpl.OzoneContainer.stop(OzoneContainer.java:315)
	at org.apache.hadoop.ozone.container.common.statemachine.DatanodeStateMachine.close(DatanodeStateMachine.java:323)
	at org.apache.hadoop.ozone.container.common.statemachine.DatanodeStateMachine.stopDaemon(DatanodeStateMachine.java:468)
	at org.apache.hadoop.ozone.HddsDatanodeService.stop(HddsDatanodeService.java:568)
	at org.apache.hadoop.ozone.MiniOzoneClusterImpl.stopDatanode(MiniOzoneClusterImpl.java:525)
	at java.util.stream.ForEachOps$ForEachOp$OfRef.accept(ForEachOps.java:183)
	at java.util.ArrayList$ArrayListSpliterator.forEachRemaining(ArrayList.java:1382)
	at java.util.stream.AbstractPipeline.copyInto(AbstractPipeline.java:482)
	at java.util.stream.ForEachOps$ForEachTask.compute(ForEachOps.java:290)
	at java.util.concurrent.CountedCompleter.exec(CountedCompleter.java:731)
	at java.util.concurrent.ForkJoinTask.doExec(ForkJoinTask.java:289)
	at java.util.concurrent.ForkJoinPool$WorkQueue.execLocalTasks(ForkJoinPool.java:1040)
	at java.util.concurrent.ForkJoinPool$WorkQueue.runTask(ForkJoinPool.java:1058)
	at java.util.concurrent.ForkJoinPool.runWorker(ForkJoinPool.java:1692)
	at java.util.concurrent.ForkJoinWorkerThread.run(ForkJoinWorkerThread.java:157)
2021-05-19 07:43:08,003 [a14714da-c87c-4361-b393-7e96cf422ed7@group-4BBCCAEDA604-SegmentedRaftLogWorker] INFO  segmented.SegmentedRaftLogWorker (SegmentedRaftLogWorker.java:run(327)) - a14714da-c87c-4361-b393-7e96cf422ed7@group-4BBCCAEDA604-SegmentedRaftLogWorker was interrupted, exiting. There are 0 tasks remaining in the queue.
2021-05-19 07:43:08,008 [Listener at 127.0.0.1/41639] INFO  ozoneimpl.OzoneContainer (OzoneContainer.java:stop(312)) - Attempting to stop container services.
2021-05-19 07:43:08,008 [Listener at 127.0.0.1/41639] INFO  server.RaftServer (RaftServerProxy.java:lambda$close$6(391)) - b054e63b-a418-439f-9265-0225a71f074a: close
2021-05-19 07:43:08,008 [Listener at 127.0.0.1/41639] INFO  server.RaftServer$Division (RaftServerImpl.java:lambda$close$4(406)) - b054e63b-a418-439f-9265-0225a71f074a@group-4BBCCAEDA604: shutdown
2021-05-19 07:43:08,008 [Listener at 127.0.0.1/41639] INFO  util.JmxRegister (JmxRegister.java:unregister(73)) - Successfully un-registered JMX Bean with object name Ratis:service=RaftServer,group=group-4BBCCAEDA604,id=b054e63b-a418-439f-9265-0225a71f074a
2021-05-19 07:43:08,008 [Listener at 127.0.0.1/41639] INFO  impl.RoleInfo (RoleInfo.java:shutdownFollowerState(108)) - b054e63b-a418-439f-9265-0225a71f074a: shutdown b054e63b-a418-439f-9265-0225a71f074a@group-4BBCCAEDA604-FollowerState
2021-05-19 07:43:08,009 [Listener at 127.0.0.1/41639] INFO  impl.StateMachineUpdater (StateMachineUpdater.java:stopAndJoin(149)) - b054e63b-a418-439f-9265-0225a71f074a@group-4BBCCAEDA604-StateMachineUpdater: set stopIndex = 0
2021-05-19 07:43:08,009 [b054e63b-a418-439f-9265-0225a71f074a@group-4BBCCAEDA604-FollowerState] INFO  impl.FollowerState (FollowerState.java:run(143)) - b054e63b-a418-439f-9265-0225a71f074a@group-4BBCCAEDA604-FollowerState was interrupted: {}
java.lang.InterruptedException: sleep interrupted
	at java.lang.Thread.sleep(Native Method)
	at java.lang.Thread.sleep(Thread.java:340)
	at java.util.concurrent.TimeUnit.sleep(TimeUnit.java:386)
	at org.apache.ratis.util.TimeDuration.sleep(TimeDuration.java:324)
	at org.apache.ratis.util.TimeDuration.sleep(TimeDuration.java:309)
	at org.apache.ratis.server.impl.FollowerState.run(FollowerState.java:118)
2021-05-19 07:43:08,009 [b054e63b-a418-439f-9265-0225a71f074a@group-4BBCCAEDA604-StateMachineUpdater] INFO  ratis.ContainerStateMachine (ContainerStateMachine.java:takeSnapshot(292)) - group-4BBCCAEDA604: Taking a snapshot at:(t:1, i:0) file /github/workspace/mnt/ozone/hadoop-ozone/integration-test/target/test-dir/MiniOzoneClusterImpl-952c9dfc-8967-4523-b06f-60d3bd5de2bf/datanode-6/data/ratis/34ffaed8-1fd9-4d0b-82e4-4bbccaeda604/sm/snapshot.1_0
2021-05-19 07:43:08,009 [b054e63b-a418-439f-9265-0225a71f074a@group-4BBCCAEDA604-StateMachineUpdater] INFO  ratis.ContainerStateMachine (ContainerStateMachine.java:takeSnapshot(303)) - group-4BBCCAEDA604: Finished taking a snapshot at:(t:1, i:0) file:/github/workspace/mnt/ozone/hadoop-ozone/integration-test/target/test-dir/MiniOzoneClusterImpl-952c9dfc-8967-4523-b06f-60d3bd5de2bf/datanode-6/data/ratis/34ffaed8-1fd9-4d0b-82e4-4bbccaeda604/sm/snapshot.1_0 took: 0 ms
2021-05-19 07:43:08,010 [b054e63b-a418-439f-9265-0225a71f074a@group-4BBCCAEDA604-StateMachineUpdater] INFO  impl.StateMachineUpdater (StateMachineUpdater.java:takeSnapshot(281)) - b054e63b-a418-439f-9265-0225a71f074a@group-4BBCCAEDA604-StateMachineUpdater: Took a snapshot at index 0
2021-05-19 07:43:08,010 [b054e63b-a418-439f-9265-0225a71f074a@group-4BBCCAEDA604-StateMachineUpdater] INFO  impl.StateMachineUpdater (StateMachineUpdater.java:lambda$new$0(89)) - b054e63b-a418-439f-9265-0225a71f074a@group-4BBCCAEDA604-StateMachineUpdater: snapshotIndex: updateIncreasingly -1 -> 0
2021-05-19 07:43:08,010 [b054e63b-a418-439f-9265-0225a71f074a@group-4BBCCAEDA604-StateMachineUpdater] INFO  metrics.RatisMetrics (RatisMetrics.java:unregister(43)) - Unregistering Metrics Registry : ratis.state_machine.b054e63b-a418-439f-9265-0225a71f074a@group-4BBCCAEDA604
2021-05-19 07:43:08,010 [Listener at 127.0.0.1/41639] INFO  server.RaftServer$Division (ServerState.java:close(405)) - b054e63b-a418-439f-9265-0225a71f074a@group-4BBCCAEDA604: closes. applyIndex: 0
2021-05-19 07:43:08,010 [b054e63b-a418-439f-9265-0225a71f074a@group-4BBCCAEDA604-SegmentedRaftLogWorker] INFO  segmented.SegmentedRaftLogWorker (SegmentedRaftLogWorker.java:run(327)) - b054e63b-a418-439f-9265-0225a71f074a@group-4BBCCAEDA604-SegmentedRaftLogWorker was interrupted, exiting. There are 0 tasks remaining in the queue.
2021-05-19 07:43:08,014 [ForkJoinPool.commonPool-worker-0] INFO  segmented.SegmentedRaftLogWorker (SegmentedRaftLogWorker.java:close(237)) - a14714da-c87c-4361-b393-7e96cf422ed7@group-4BBCCAEDA604-SegmentedRaftLogWorker close()
2021-05-19 07:43:08,014 [Listener at 127.0.0.1/41639] INFO  segmented.SegmentedRaftLogWorker (SegmentedRaftLogWorker.java:close(237)) - b054e63b-a418-439f-9265-0225a71f074a@group-4BBCCAEDA604-SegmentedRaftLogWorker close()
2021-05-19 07:43:08,017 [ForkJoinPool.commonPool-worker-0] INFO  metrics.RatisMetrics (RatisMetrics.java:unregister(43)) - Unregistering Metrics Registry : ratis.log_worker.a14714da-c87c-4361-b393-7e96cf422ed7@group-4BBCCAEDA604
2021-05-19 07:43:08,017 [ForkJoinPool.commonPool-worker-0] INFO  metrics.RatisMetrics (RatisMetrics.java:unregister(43)) - Unregistering Metrics Registry : ratis.leader_election.a14714da-c87c-4361-b393-7e96cf422ed7@group-4BBCCAEDA604
2021-05-19 07:43:08,018 [ForkJoinPool.commonPool-worker-0] INFO  metrics.RatisMetrics (RatisMetrics.java:unregister(43)) - Unregistering Metrics Registry : ratis.server.a14714da-c87c-4361-b393-7e96cf422ed7@group-4BBCCAEDA604
2021-05-19 07:43:08,018 [ForkJoinPool.commonPool-worker-0] INFO  server.RaftServer$Division (RaftServerImpl.java:lambda$close$4(406)) - a14714da-c87c-4361-b393-7e96cf422ed7@group-615E84326CE6: shutdown
2021-05-19 07:43:08,018 [ForkJoinPool.commonPool-worker-0] INFO  util.JmxRegister (JmxRegister.java:unregister(73)) - Successfully un-registered JMX Bean with object name Ratis:service=RaftServer,group=group-615E84326CE6,id=a14714da-c87c-4361-b393-7e96cf422ed7
2021-05-19 07:43:08,018 [ForkJoinPool.commonPool-worker-0] INFO  impl.RoleInfo (RoleInfo.java:shutdownLeaderState(91)) - a14714da-c87c-4361-b393-7e96cf422ed7: shutdown a14714da-c87c-4361-b393-7e96cf422ed7@group-615E84326CE6-LeaderStateImpl
2021-05-19 07:43:08,018 [ForkJoinPool.commonPool-worker-0] INFO  impl.PendingRequests (PendingRequests.java:sendNotLeaderResponses(249)) - a14714da-c87c-4361-b393-7e96cf422ed7@group-615E84326CE6-PendingRequests: sendNotLeaderResponses
2021-05-19 07:43:08,018 [ForkJoinPool.commonPool-worker-0] INFO  metrics.RatisMetrics (RatisMetrics.java:unregister(43)) - Unregistering Metrics Registry : ratis.log_appender.a14714da-c87c-4361-b393-7e96cf422ed7@group-615E84326CE6
2021-05-19 07:43:08,018 [ForkJoinPool.commonPool-worker-0] INFO  metrics.RatisMetrics (RatisMetrics.java:unregister(43)) - Unregistering Metrics Registry : ratis.server.a14714da-c87c-4361-b393-7e96cf422ed7@group-615E84326CE6
2021-05-19 07:43:08,018 [ForkJoinPool.commonPool-worker-0] INFO  impl.StateMachineUpdater (StateMachineUpdater.java:stopAndJoin(149)) - a14714da-c87c-4361-b393-7e96cf422ed7@group-615E84326CE6-StateMachineUpdater: set stopIndex = 0
2021-05-19 07:43:08,019 [Listener at 127.0.0.1/41639] INFO  metrics.RatisMetrics (RatisMetrics.java:unregister(43)) - Unregistering Metrics Registry : ratis.log_worker.b054e63b-a418-439f-9265-0225a71f074a@group-4BBCCAEDA604
2021-05-19 07:43:08,019 [Listener at 127.0.0.1/41639] INFO  metrics.RatisMetrics (RatisMetrics.java:unregister(43)) - Unregistering Metrics Registry : ratis.leader_election.b054e63b-a418-439f-9265-0225a71f074a@group-4BBCCAEDA604
2021-05-19 07:43:08,019 [Listener at 127.0.0.1/41639] INFO  metrics.RatisMetrics (RatisMetrics.java:unregister(43)) - Unregistering Metrics Registry : ratis.server.b054e63b-a418-439f-9265-0225a71f074a@group-4BBCCAEDA604
2021-05-19 07:43:08,019 [Listener at 127.0.0.1/41639] INFO  server.RaftServer$Division (RaftServerImpl.java:lambda$close$4(406)) - b054e63b-a418-439f-9265-0225a71f074a@group-248D4D37A09F: shutdown
2021-05-19 07:43:08,019 [Listener at 127.0.0.1/41639] INFO  util.JmxRegister (JmxRegister.java:unregister(73)) - Successfully un-registered JMX Bean with object name Ratis:service=RaftServer,group=group-248D4D37A09F,id=b054e63b-a418-439f-9265-0225a71f074a
2021-05-19 07:43:08,019 [Listener at 127.0.0.1/41639] INFO  impl.RoleInfo (RoleInfo.java:shutdownLeaderElection(121)) - b054e63b-a418-439f-9265-0225a71f074a: shutdown b054e63b-a418-439f-9265-0225a71f074a@group-248D4D37A09F-LeaderElection69
2021-05-19 07:43:08,019 [Listener at 127.0.0.1/41639] INFO  impl.StateMachineUpdater (StateMachineUpdater.java:stopAndJoin(149)) - b054e63b-a418-439f-9265-0225a71f074a@group-248D4D37A09F-StateMachineUpdater: set stopIndex = -1
2021-05-19 07:43:08,019 [b054e63b-a418-439f-9265-0225a71f074a@group-248D4D37A09F-StateMachineUpdater] INFO  metrics.RatisMetrics (RatisMetrics.java:unregister(43)) - Unregistering Metrics Registry : ratis.state_machine.b054e63b-a418-439f-9265-0225a71f074a@group-248D4D37A09F
2021-05-19 07:43:08,019 [a14714da-c87c-4361-b393-7e96cf422ed7@group-615E84326CE6-StateMachineUpdater] INFO  ratis.ContainerStateMachine (ContainerStateMachine.java:takeSnapshot(292)) - group-615E84326CE6: Taking a snapshot at:(t:1, i:0) file /github/workspace/mnt/ozone/hadoop-ozone/integration-test/target/test-dir/MiniOzoneClusterImpl-952c9dfc-8967-4523-b06f-60d3bd5de2bf/datanode-2/data/ratis/e5a9674d-1890-47b7-8b5e-615e84326ce6/sm/snapshot.1_0
2021-05-19 07:43:08,019 [Listener at 127.0.0.1/41639] INFO  server.RaftServer$Division (ServerState.java:close(405)) - b054e63b-a418-439f-9265-0225a71f074a@group-248D4D37A09F: closes. applyIndex: -1
2021-05-19 07:43:08,020 [b054e63b-a418-439f-9265-0225a71f074a@group-248D4D37A09F-SegmentedRaftLogWorker] INFO  segmented.SegmentedRaftLogWorker (SegmentedRaftLogWorker.java:run(327)) - b054e63b-a418-439f-9265-0225a71f074a@group-248D4D37A09F-SegmentedRaftLogWorker was interrupted, exiting. There are 0 tasks remaining in the queue.
2021-05-19 07:43:08,020 [Listener at 127.0.0.1/41639] INFO  segmented.SegmentedRaftLogWorker (SegmentedRaftLogWorker.java:close(237)) - b054e63b-a418-439f-9265-0225a71f074a@group-248D4D37A09F-SegmentedRaftLogWorker close()
2021-05-19 07:43:08,020 [a14714da-c87c-4361-b393-7e96cf422ed7@group-615E84326CE6-StateMachineUpdater] INFO  ratis.ContainerStateMachine (ContainerStateMachine.java:takeSnapshot(303)) - group-615E84326CE6: Finished taking a snapshot at:(t:1, i:0) file:/github/workspace/mnt/ozone/hadoop-ozone/integration-test/target/test-dir/MiniOzoneClusterImpl-952c9dfc-8967-4523-b06f-60d3bd5de2bf/datanode-2/data/ratis/e5a9674d-1890-47b7-8b5e-615e84326ce6/sm/snapshot.1_0 took: 1 ms
2021-05-19 07:43:08,020 [a14714da-c87c-4361-b393-7e96cf422ed7@group-615E84326CE6-StateMachineUpdater] INFO  impl.StateMachineUpdater (StateMachineUpdater.java:takeSnapshot(281)) - a14714da-c87c-4361-b393-7e96cf422ed7@group-615E84326CE6-StateMachineUpdater: Took a snapshot at index 0
2021-05-19 07:43:08,020 [a14714da-c87c-4361-b393-7e96cf422ed7@group-615E84326CE6-StateMachineUpdater] INFO  impl.StateMachineUpdater (StateMachineUpdater.java:lambda$new$0(89)) - a14714da-c87c-4361-b393-7e96cf422ed7@group-615E84326CE6-StateMachineUpdater: snapshotIndex: updateIncreasingly -1 -> 0
2021-05-19 07:43:08,020 [a14714da-c87c-4361-b393-7e96cf422ed7@group-615E84326CE6-StateMachineUpdater] INFO  metrics.RatisMetrics (RatisMetrics.java:unregister(43)) - Unregistering Metrics Registry : ratis.state_machine.a14714da-c87c-4361-b393-7e96cf422ed7@group-615E84326CE6
2021-05-19 07:43:08,020 [ForkJoinPool.commonPool-worker-0] INFO  server.RaftServer$Division (ServerState.java:close(405)) - a14714da-c87c-4361-b393-7e96cf422ed7@group-615E84326CE6: closes. applyIndex: 0
2021-05-19 07:43:08,021 [a14714da-c87c-4361-b393-7e96cf422ed7@group-615E84326CE6-SegmentedRaftLogWorker] INFO  segmented.SegmentedRaftLogWorker (SegmentedRaftLogWorker.java:run(327)) - a14714da-c87c-4361-b393-7e96cf422ed7@group-615E84326CE6-SegmentedRaftLogWorker was interrupted, exiting. There are 0 tasks remaining in the queue.
2021-05-19 07:43:08,030 [b054e63b-a418-439f-9265-0225a71f074a@group-248D4D37A09F-LeaderElection69] INFO  impl.LeaderElection (LeaderElection.java:run(230)) - b054e63b-a418-439f-9265-0225a71f074a@group-248D4D37A09F-LeaderElection69: skip running since this is already CLOSING
2021-05-19 07:43:08,049 [Listener at 127.0.0.1/41639] INFO  metrics.RatisMetrics (RatisMetrics.java:unregister(43)) - Unregistering Metrics Registry : ratis.log_worker.b054e63b-a418-439f-9265-0225a71f074a@group-248D4D37A09F
2021-05-19 07:43:08,049 [ForkJoinPool.commonPool-worker-0] INFO  segmented.SegmentedRaftLogWorker (SegmentedRaftLogWorker.java:close(237)) - a14714da-c87c-4361-b393-7e96cf422ed7@group-615E84326CE6-SegmentedRaftLogWorker close()
2021-05-19 07:43:08,049 [Listener at 127.0.0.1/41639] INFO  metrics.RatisMetrics (RatisMetrics.java:unregister(43)) - Unregistering Metrics Registry : ratis.leader_election.b054e63b-a418-439f-9265-0225a71f074a@group-248D4D37A09F
2021-05-19 07:43:08,052 [Listener at 127.0.0.1/41639] INFO  metrics.RatisMetrics (RatisMetrics.java:unregister(43)) - Unregistering Metrics Registry : ratis.server.b054e63b-a418-439f-9265-0225a71f074a@group-248D4D37A09F
2021-05-19 07:43:08,052 [Listener at 127.0.0.1/41639] INFO  server.RaftServer$Division (RaftServerImpl.java:lambda$close$4(406)) - b054e63b-a418-439f-9265-0225a71f074a@group-62F890F27B82: shutdown
2021-05-19 07:43:08,052 [Listener at 127.0.0.1/41639] INFO  util.JmxRegister (JmxRegister.java:unregister(73)) - Successfully un-registered JMX Bean with object name Ratis:service=RaftServer,group=group-62F890F27B82,id=b054e63b-a418-439f-9265-0225a71f074a
2021-05-19 07:43:08,053 [Listener at 127.0.0.1/41639] INFO  impl.RoleInfo (RoleInfo.java:shutdownFollowerState(108)) - b054e63b-a418-439f-9265-0225a71f074a: shutdown b054e63b-a418-439f-9265-0225a71f074a@group-62F890F27B82-FollowerState
2021-05-19 07:43:08,053 [Listener at 127.0.0.1/41639] INFO  impl.StateMachineUpdater (StateMachineUpdater.java:stopAndJoin(149)) - b054e63b-a418-439f-9265-0225a71f074a@group-62F890F27B82-StateMachineUpdater: set stopIndex = -1
2021-05-19 07:43:08,053 [b054e63b-a418-439f-9265-0225a71f074a@group-62F890F27B82-FollowerState] INFO  impl.FollowerState (FollowerState.java:run(143)) - b054e63b-a418-439f-9265-0225a71f074a@group-62F890F27B82-FollowerState was interrupted: {}
java.lang.InterruptedException: sleep interrupted
	at java.lang.Thread.sleep(Native Method)
	at java.lang.Thread.sleep(Thread.java:340)
	at java.util.concurrent.TimeUnit.sleep(TimeUnit.java:386)
	at org.apache.ratis.util.TimeDuration.sleep(TimeDuration.java:324)
	at org.apache.ratis.util.TimeDuration.sleep(TimeDuration.java:309)
	at org.apache.ratis.server.impl.FollowerState.run(FollowerState.java:118)
2021-05-19 07:43:08,054 [b054e63b-a418-439f-9265-0225a71f074a@group-62F890F27B82-StateMachineUpdater] INFO  metrics.RatisMetrics (RatisMetrics.java:unregister(43)) - Unregistering Metrics Registry : ratis.state_machine.b054e63b-a418-439f-9265-0225a71f074a@group-62F890F27B82
2021-05-19 07:43:08,054 [Listener at 127.0.0.1/41639] INFO  server.RaftServer$Division (ServerState.java:close(405)) - b054e63b-a418-439f-9265-0225a71f074a@group-62F890F27B82: closes. applyIndex: -1
2021-05-19 07:43:08,052 [ForkJoinPool.commonPool-worker-0] INFO  metrics.RatisMetrics (RatisMetrics.java:unregister(43)) - Unregistering Metrics Registry : ratis.log_worker.a14714da-c87c-4361-b393-7e96cf422ed7@group-615E84326CE6
2021-05-19 07:43:08,054 [b054e63b-a418-439f-9265-0225a71f074a@group-62F890F27B82-SegmentedRaftLogWorker] INFO  segmented.SegmentedRaftLogWorker (SegmentedRaftLogWorker.java:run(327)) - b054e63b-a418-439f-9265-0225a71f074a@group-62F890F27B82-SegmentedRaftLogWorker was interrupted, exiting. There are 0 tasks remaining in the queue.
2021-05-19 07:43:08,055 [ForkJoinPool.commonPool-worker-0] INFO  metrics.RatisMetrics (RatisMetrics.java:unregister(43)) - Unregistering Metrics Registry : ratis.leader_election.a14714da-c87c-4361-b393-7e96cf422ed7@group-615E84326CE6
2021-05-19 07:43:08,055 [Listener at 127.0.0.1/41639] INFO  segmented.SegmentedRaftLogWorker (SegmentedRaftLogWorker.java:close(237)) - b054e63b-a418-439f-9265-0225a71f074a@group-62F890F27B82-SegmentedRaftLogWorker close()
2021-05-19 07:43:08,055 [ForkJoinPool.commonPool-worker-0] INFO  metrics.RatisMetrics (RatisMetrics.java:unregister(43)) - Unregistering Metrics Registry : ratis.server.a14714da-c87c-4361-b393-7e96cf422ed7@group-615E84326CE6
2021-05-19 07:43:08,055 [ForkJoinPool.commonPool-worker-0] INFO  server.RaftServer$Division (RaftServerImpl.java:lambda$close$4(406)) - a14714da-c87c-4361-b393-7e96cf422ed7@group-248D4D37A09F: shutdown
2021-05-19 07:43:08,055 [ForkJoinPool.commonPool-worker-0] INFO  util.JmxRegister (JmxRegister.java:unregister(73)) - Successfully un-registered JMX Bean with object name Ratis:service=RaftServer,group=group-248D4D37A09F,id=a14714da-c87c-4361-b393-7e96cf422ed7
2021-05-19 07:43:08,055 [ForkJoinPool.commonPool-worker-0] INFO  impl.RoleInfo (RoleInfo.java:shutdownFollowerState(108)) - a14714da-c87c-4361-b393-7e96cf422ed7: shutdown a14714da-c87c-4361-b393-7e96cf422ed7@group-248D4D37A09F-FollowerState
2021-05-19 07:43:08,055 [ForkJoinPool.commonPool-worker-0] INFO  impl.StateMachineUpdater (StateMachineUpdater.java:stopAndJoin(149)) - a14714da-c87c-4361-b393-7e96cf422ed7@group-248D4D37A09F-StateMachineUpdater: set stopIndex = -1
2021-05-19 07:43:08,055 [a14714da-c87c-4361-b393-7e96cf422ed7@group-248D4D37A09F-FollowerState] INFO  impl.FollowerState (FollowerState.java:run(143)) - a14714da-c87c-4361-b393-7e96cf422ed7@group-248D4D37A09F-FollowerState was interrupted: {}
java.lang.InterruptedException: sleep interrupted
	at java.lang.Thread.sleep(Native Method)
	at java.lang.Thread.sleep(Thread.java:340)
	at java.util.concurrent.TimeUnit.sleep(TimeUnit.java:386)
	at org.apache.ratis.util.TimeDuration.sleep(TimeDuration.java:324)
	at org.apache.ratis.util.TimeDuration.sleep(TimeDuration.java:309)
	at org.apache.ratis.server.impl.FollowerState.run(FollowerState.java:118)
2021-05-19 07:43:08,055 [a14714da-c87c-4361-b393-7e96cf422ed7@group-248D4D37A09F-StateMachineUpdater] INFO  metrics.RatisMetrics (RatisMetrics.java:unregister(43)) - Unregistering Metrics Registry : ratis.state_machine.a14714da-c87c-4361-b393-7e96cf422ed7@group-248D4D37A09F
2021-05-19 07:43:08,056 [ForkJoinPool.commonPool-worker-0] INFO  server.RaftServer$Division (ServerState.java:close(405)) - a14714da-c87c-4361-b393-7e96cf422ed7@group-248D4D37A09F: closes. applyIndex: -1
2021-05-19 07:43:08,058 [a14714da-c87c-4361-b393-7e96cf422ed7@group-248D4D37A09F-SegmentedRaftLogWorker] INFO  segmented.SegmentedRaftLogWorker (SegmentedRaftLogWorker.java:run(327)) - a14714da-c87c-4361-b393-7e96cf422ed7@group-248D4D37A09F-SegmentedRaftLogWorker was interrupted, exiting. There are 0 tasks remaining in the queue.
2021-05-19 07:43:08,058 [ForkJoinPool.commonPool-worker-0] INFO  segmented.SegmentedRaftLogWorker (SegmentedRaftLogWorker.java:close(237)) - a14714da-c87c-4361-b393-7e96cf422ed7@group-248D4D37A09F-SegmentedRaftLogWorker close()
2021-05-19 07:43:08,071 [Listener at 127.0.0.1/41639] INFO  metrics.RatisMetrics (RatisMetrics.java:unregister(43)) - Unregistering Metrics Registry : ratis.log_worker.b054e63b-a418-439f-9265-0225a71f074a@group-62F890F27B82
2021-05-19 07:43:08,071 [ForkJoinPool.commonPool-worker-0] INFO  metrics.RatisMetrics (RatisMetrics.java:unregister(43)) - Unregistering Metrics Registry : ratis.log_worker.a14714da-c87c-4361-b393-7e96cf422ed7@group-248D4D37A09F
2021-05-19 07:43:08,071 [ForkJoinPool.commonPool-worker-0] INFO  metrics.RatisMetrics (RatisMetrics.java:unregister(43)) - Unregistering Metrics Registry : ratis.leader_election.a14714da-c87c-4361-b393-7e96cf422ed7@group-248D4D37A09F
2021-05-19 07:43:08,071 [ForkJoinPool.commonPool-worker-0] INFO  metrics.RatisMetrics (RatisMetrics.java:unregister(43)) - Unregistering Metrics Registry : ratis.server.a14714da-c87c-4361-b393-7e96cf422ed7@group-248D4D37A09F
2021-05-19 07:43:08,071 [Listener at 127.0.0.1/41639] INFO  metrics.RatisMetrics (RatisMetrics.java:unregister(43)) - Unregistering Metrics Registry : ratis.leader_election.b054e63b-a418-439f-9265-0225a71f074a@group-62F890F27B82
2021-05-19 07:43:08,071 [Listener at 127.0.0.1/41639] INFO  metrics.RatisMetrics (RatisMetrics.java:unregister(43)) - Unregistering Metrics Registry : ratis.server.b054e63b-a418-439f-9265-0225a71f074a@group-62F890F27B82
2021-05-19 07:43:08,071 [ForkJoinPool.commonPool-worker-0] INFO  server.RaftServer$Division (RaftServerImpl.java:lambda$close$4(406)) - a14714da-c87c-4361-b393-7e96cf422ed7@group-1F4802A68F73: shutdown
2021-05-19 07:43:08,072 [ForkJoinPool.commonPool-worker-0] INFO  util.JmxRegister (JmxRegister.java:unregister(73)) - Successfully un-registered JMX Bean with object name Ratis:service=RaftServer,group=group-1F4802A68F73,id=a14714da-c87c-4361-b393-7e96cf422ed7
2021-05-19 07:43:08,072 [ForkJoinPool.commonPool-worker-0] INFO  impl.RoleInfo (RoleInfo.java:shutdownLeaderState(91)) - a14714da-c87c-4361-b393-7e96cf422ed7: shutdown a14714da-c87c-4361-b393-7e96cf422ed7@group-1F4802A68F73-LeaderStateImpl
2021-05-19 07:43:08,072 [ForkJoinPool.commonPool-worker-0] INFO  metrics.RatisMetrics (RatisMetrics.java:unregister(43)) - Unregistering Metrics Registry : ratis_grpc.log_appender.a14714da-c87c-4361-b393-7e96cf422ed7@group-1F4802A68F73
2021-05-19 07:43:08,072 [ForkJoinPool.commonPool-worker-0] INFO  metrics.RatisMetrics (RatisMetrics.java:unregister(43)) - Unregistering Metrics Registry : ratis_grpc.log_appender.a14714da-c87c-4361-b393-7e96cf422ed7@group-1F4802A68F73
2021-05-19 07:43:08,072 [ForkJoinPool.commonPool-worker-0] INFO  impl.PendingRequests (PendingRequests.java:sendNotLeaderResponses(249)) - a14714da-c87c-4361-b393-7e96cf422ed7@group-1F4802A68F73-PendingRequests: sendNotLeaderResponses
2021-05-19 07:43:08,072 [ForkJoinPool.commonPool-worker-0] INFO  metrics.RatisMetrics (RatisMetrics.java:unregister(43)) - Unregistering Metrics Registry : ratis.log_appender.a14714da-c87c-4361-b393-7e96cf422ed7@group-1F4802A68F73
2021-05-19 07:43:08,072 [ForkJoinPool.commonPool-worker-0] INFO  metrics.RatisMetrics (RatisMetrics.java:unregister(43)) - Unregistering Metrics Registry : ratis.server.a14714da-c87c-4361-b393-7e96cf422ed7@group-1F4802A68F73
2021-05-19 07:43:08,072 [ForkJoinPool.commonPool-worker-0] INFO  impl.StateMachineUpdater (StateMachineUpdater.java:stopAndJoin(149)) - a14714da-c87c-4361-b393-7e96cf422ed7@group-1F4802A68F73-StateMachineUpdater: set stopIndex = 0
2021-05-19 07:43:08,073 [a14714da-c87c-4361-b393-7e96cf422ed7@group-1F4802A68F73-StateMachineUpdater] INFO  ratis.ContainerStateMachine (ContainerStateMachine.java:takeSnapshot(292)) - group-1F4802A68F73: Taking a snapshot at:(t:2, i:0) file /github/workspace/mnt/ozone/hadoop-ozone/integration-test/target/test-dir/MiniOzoneClusterImpl-952c9dfc-8967-4523-b06f-60d3bd5de2bf/datanode-2/data/ratis/410da6b5-5245-4022-b85d-1f4802a68f73/sm/snapshot.2_0
2021-05-19 07:43:08,072 [Listener at 127.0.0.1/41639] INFO  server.RaftServer$Division (RaftServerImpl.java:lambda$close$4(406)) - b054e63b-a418-439f-9265-0225a71f074a@group-C1B2006A74B3: shutdown
2021-05-19 07:43:08,073 [a14714da-c87c-4361-b393-7e96cf422ed7@group-1F4802A68F73->68d4f79f-8ed5-4598-b947-57f9bc979c0e-GrpcLogAppender-LogAppenderDaemon] WARN  server.GrpcLogAppender (GrpcLogAppender.java:mayWait(175)) - a14714da-c87c-4361-b393-7e96cf422ed7@group-1F4802A68F73->68d4f79f-8ed5-4598-b947-57f9bc979c0e-GrpcLogAppender: Wait interrupted by java.lang.InterruptedException
2021-05-19 07:43:08,073 [Listener at 127.0.0.1/41639] INFO  util.JmxRegister (JmxRegister.java:unregister(73)) - Successfully un-registered JMX Bean with object name Ratis:service=RaftServer,group=group-C1B2006A74B3,id=b054e63b-a418-439f-9265-0225a71f074a
2021-05-19 07:43:08,074 [Listener at 127.0.0.1/41639] INFO  impl.RoleInfo (RoleInfo.java:shutdownLeaderState(91)) - b054e63b-a418-439f-9265-0225a71f074a: shutdown b054e63b-a418-439f-9265-0225a71f074a@group-C1B2006A74B3-LeaderStateImpl
2021-05-19 07:43:08,074 [Listener at 127.0.0.1/41639] INFO  impl.PendingRequests (PendingRequests.java:sendNotLeaderResponses(249)) - b054e63b-a418-439f-9265-0225a71f074a@group-C1B2006A74B3-PendingRequests: sendNotLeaderResponses
2021-05-19 07:43:08,074 [Listener at 127.0.0.1/41639] INFO  metrics.RatisMetrics (RatisMetrics.java:unregister(43)) - Unregistering Metrics Registry : ratis.log_appender.b054e63b-a418-439f-9265-0225a71f074a@group-C1B2006A74B3
2021-05-19 07:43:08,074 [Listener at 127.0.0.1/41639] INFO  metrics.RatisMetrics (RatisMetrics.java:unregister(43)) - Unregistering Metrics Registry : ratis.server.b054e63b-a418-439f-9265-0225a71f074a@group-C1B2006A74B3
2021-05-19 07:43:08,075 [Listener at 127.0.0.1/41639] INFO  impl.StateMachineUpdater (StateMachineUpdater.java:stopAndJoin(149)) - b054e63b-a418-439f-9265-0225a71f074a@group-C1B2006A74B3-StateMachineUpdater: set stopIndex = 0
2021-05-19 07:43:08,075 [b054e63b-a418-439f-9265-0225a71f074a@group-C1B2006A74B3-StateMachineUpdater] INFO  ratis.ContainerStateMachine (ContainerStateMachine.java:takeSnapshot(292)) - group-C1B2006A74B3: Taking a snapshot at:(t:1, i:0) file /github/workspace/mnt/ozone/hadoop-ozone/integration-test/target/test-dir/MiniOzoneClusterImpl-952c9dfc-8967-4523-b06f-60d3bd5de2bf/datanode-6/data/ratis/ff5df469-b7be-437c-8272-c1b2006a74b3/sm/snapshot.1_0
2021-05-19 07:43:08,074 [grpc-default-executor-5] INFO  server.GrpcServerProtocolService (GrpcServerProtocolService.java:onCompleted(140)) - 68d4f79f-8ed5-4598-b947-57f9bc979c0e: Completed APPEND_ENTRIES, lastRequest: a14714da-c87c-4361-b393-7e96cf422ed7->68d4f79f-8ed5-4598-b947-57f9bc979c0e#1-t2,previous=(t:0, i:0),leaderCommit=-1,initializing? true,entries: size=1, first=(t:2, i:0), CONFIGURATIONENTRY
2021-05-19 07:43:08,076 [b054e63b-a418-439f-9265-0225a71f074a@group-C1B2006A74B3-StateMachineUpdater] INFO  ratis.ContainerStateMachine (ContainerStateMachine.java:takeSnapshot(303)) - group-C1B2006A74B3: Finished taking a snapshot at:(t:1, i:0) file:/github/workspace/mnt/ozone/hadoop-ozone/integration-test/target/test-dir/MiniOzoneClusterImpl-952c9dfc-8967-4523-b06f-60d3bd5de2bf/datanode-6/data/ratis/ff5df469-b7be-437c-8272-c1b2006a74b3/sm/snapshot.1_0 took: 0 ms
2021-05-19 07:43:08,076 [b054e63b-a418-439f-9265-0225a71f074a@group-C1B2006A74B3-StateMachineUpdater] INFO  impl.StateMachineUpdater (StateMachineUpdater.java:takeSnapshot(281)) - b054e63b-a418-439f-9265-0225a71f074a@group-C1B2006A74B3-StateMachineUpdater: Took a snapshot at index 0
2021-05-19 07:43:08,076 [b054e63b-a418-439f-9265-0225a71f074a@group-C1B2006A74B3-StateMachineUpdater] INFO  impl.StateMachineUpdater (StateMachineUpdater.java:lambda$new$0(89)) - b054e63b-a418-439f-9265-0225a71f074a@group-C1B2006A74B3-StateMachineUpdater: snapshotIndex: updateIncreasingly -1 -> 0
2021-05-19 07:43:08,076 [b054e63b-a418-439f-9265-0225a71f074a@group-C1B2006A74B3-StateMachineUpdater] INFO  metrics.RatisMetrics (RatisMetrics.java:unregister(43)) - Unregistering Metrics Registry : ratis.state_machine.b054e63b-a418-439f-9265-0225a71f074a@group-C1B2006A74B3
2021-05-19 07:43:08,076 [grpc-default-executor-3] INFO  server.GrpcLogAppender (GrpcLogAppender.java:onCompleted(344)) - a14714da-c87c-4361-b393-7e96cf422ed7@group-1F4802A68F73->68d4f79f-8ed5-4598-b947-57f9bc979c0e-AppendLogResponseHandler: follower responses appendEntries COMPLETED
2021-05-19 07:43:08,076 [grpc-default-executor-3] INFO  leader.FollowerInfo (FollowerInfoImpl.java:lambda$new$0(46)) - a14714da-c87c-4361-b393-7e96cf422ed7@group-1F4802A68F73->68d4f79f-8ed5-4598-b947-57f9bc979c0e: nextIndex: updateUnconditionally 1 -> 0
2021-05-19 07:43:08,074 [a14714da-c87c-4361-b393-7e96cf422ed7@group-1F4802A68F73-StateMachineUpdater] INFO  ratis.ContainerStateMachine (ContainerStateMachine.java:takeSnapshot(303)) - group-1F4802A68F73: Finished taking a snapshot at:(t:2, i:0) file:/github/workspace/mnt/ozone/hadoop-ozone/integration-test/target/test-dir/MiniOzoneClusterImpl-952c9dfc-8967-4523-b06f-60d3bd5de2bf/datanode-2/data/ratis/410da6b5-5245-4022-b85d-1f4802a68f73/sm/snapshot.2_0 took: 1 ms
2021-05-19 07:43:08,077 [a14714da-c87c-4361-b393-7e96cf422ed7@group-1F4802A68F73-StateMachineUpdater] INFO  impl.StateMachineUpdater (StateMachineUpdater.java:takeSnapshot(281)) - a14714da-c87c-4361-b393-7e96cf422ed7@group-1F4802A68F73-StateMachineUpdater: Took a snapshot at index 0
2021-05-19 07:43:08,077 [a14714da-c87c-4361-b393-7e96cf422ed7@group-1F4802A68F73-StateMachineUpdater] INFO  impl.StateMachineUpdater (StateMachineUpdater.java:lambda$new$0(89)) - a14714da-c87c-4361-b393-7e96cf422ed7@group-1F4802A68F73-StateMachineUpdater: snapshotIndex: updateIncreasingly -1 -> 0
2021-05-19 07:43:08,077 [a14714da-c87c-4361-b393-7e96cf422ed7@group-1F4802A68F73-StateMachineUpdater] INFO  metrics.RatisMetrics (RatisMetrics.java:unregister(43)) - Unregistering Metrics Registry : ratis.state_machine.a14714da-c87c-4361-b393-7e96cf422ed7@group-1F4802A68F73
2021-05-19 07:43:08,077 [ForkJoinPool.commonPool-worker-0] INFO  server.RaftServer$Division (ServerState.java:close(405)) - a14714da-c87c-4361-b393-7e96cf422ed7@group-1F4802A68F73: closes. applyIndex: 0
2021-05-19 07:43:08,077 [a14714da-c87c-4361-b393-7e96cf422ed7@group-1F4802A68F73-SegmentedRaftLogWorker] INFO  segmented.SegmentedRaftLogWorker (SegmentedRaftLogWorker.java:run(327)) - a14714da-c87c-4361-b393-7e96cf422ed7@group-1F4802A68F73-SegmentedRaftLogWorker was interrupted, exiting. There are 0 tasks remaining in the queue.
2021-05-19 07:43:08,077 [Listener at 127.0.0.1/41639] INFO  server.RaftServer$Division (ServerState.java:close(405)) - b054e63b-a418-439f-9265-0225a71f074a@group-C1B2006A74B3: closes. applyIndex: 0
2021-05-19 07:43:08,077 [b054e63b-a418-439f-9265-0225a71f074a@group-C1B2006A74B3-SegmentedRaftLogWorker] INFO  segmented.SegmentedRaftLogWorker (SegmentedRaftLogWorker.java:run(327)) - b054e63b-a418-439f-9265-0225a71f074a@group-C1B2006A74B3-SegmentedRaftLogWorker was interrupted, exiting. There are 0 tasks remaining in the queue.
2021-05-19 07:43:08,077 [Listener at 127.0.0.1/41639] INFO  segmented.SegmentedRaftLogWorker (SegmentedRaftLogWorker.java:close(237)) - b054e63b-a418-439f-9265-0225a71f074a@group-C1B2006A74B3-SegmentedRaftLogWorker close()
2021-05-19 07:43:08,083 [ForkJoinPool.commonPool-worker-0] INFO  segmented.SegmentedRaftLogWorker (SegmentedRaftLogWorker.java:close(237)) - a14714da-c87c-4361-b393-7e96cf422ed7@group-1F4802A68F73-SegmentedRaftLogWorker close()
2021-05-19 07:43:08,097 [ForkJoinPool.commonPool-worker-0] INFO  metrics.RatisMetrics (RatisMetrics.java:unregister(43)) - Unregistering Metrics Registry : ratis.log_worker.a14714da-c87c-4361-b393-7e96cf422ed7@group-1F4802A68F73
2021-05-19 07:43:08,097 [ForkJoinPool.commonPool-worker-0] INFO  metrics.RatisMetrics (RatisMetrics.java:unregister(43)) - Unregistering Metrics Registry : ratis.leader_election.a14714da-c87c-4361-b393-7e96cf422ed7@group-1F4802A68F73
2021-05-19 07:43:08,097 [ForkJoinPool.commonPool-worker-0] INFO  metrics.RatisMetrics (RatisMetrics.java:unregister(43)) - Unregistering Metrics Registry : ratis.server.a14714da-c87c-4361-b393-7e96cf422ed7@group-1F4802A68F73
2021-05-19 07:43:08,097 [ForkJoinPool.commonPool-worker-0] INFO  server.GrpcService (GrpcService.java:closeImpl(262)) - a14714da-c87c-4361-b393-7e96cf422ed7: shutdown server with port 45547 now
2021-05-19 07:43:08,102 [Listener at 127.0.0.1/41639] INFO  metrics.RatisMetrics (RatisMetrics.java:unregister(43)) - Unregistering Metrics Registry : ratis.log_worker.b054e63b-a418-439f-9265-0225a71f074a@group-C1B2006A74B3
2021-05-19 07:43:08,105 [Listener at 127.0.0.1/41639] INFO  metrics.RatisMetrics (RatisMetrics.java:unregister(43)) - Unregistering Metrics Registry : ratis.leader_election.b054e63b-a418-439f-9265-0225a71f074a@group-C1B2006A74B3
2021-05-19 07:43:08,105 [Listener at 127.0.0.1/41639] INFO  metrics.RatisMetrics (RatisMetrics.java:unregister(43)) - Unregistering Metrics Registry : ratis.server.b054e63b-a418-439f-9265-0225a71f074a@group-C1B2006A74B3
2021-05-19 07:43:08,105 [Listener at 127.0.0.1/41639] INFO  server.GrpcService (GrpcService.java:closeImpl(262)) - b054e63b-a418-439f-9265-0225a71f074a: shutdown server with port 34287 now
2021-05-19 07:43:08,134 [68d4f79f-8ed5-4598-b947-57f9bc979c0e@group-62F890F27B82-FollowerState] INFO  impl.FollowerState (FollowerState.java:run(134)) - 68d4f79f-8ed5-4598-b947-57f9bc979c0e@group-62F890F27B82-FollowerState: change to CANDIDATE, lastRpcElapsedTime:5174428807ns, electionTimeout:5174ms
2021-05-19 07:43:08,134 [68d4f79f-8ed5-4598-b947-57f9bc979c0e@group-62F890F27B82-FollowerState] INFO  impl.RoleInfo (RoleInfo.java:shutdownFollowerState(108)) - 68d4f79f-8ed5-4598-b947-57f9bc979c0e: shutdown 68d4f79f-8ed5-4598-b947-57f9bc979c0e@group-62F890F27B82-FollowerState
2021-05-19 07:43:08,134 [68d4f79f-8ed5-4598-b947-57f9bc979c0e@group-62F890F27B82-FollowerState] INFO  server.RaftServer$Division (RaftServerImpl.java:setRole(284)) - 68d4f79f-8ed5-4598-b947-57f9bc979c0e@group-62F890F27B82: changes role from  FOLLOWER to CANDIDATE at term 1 for changeToCandidate
2021-05-19 07:43:08,134 [68d4f79f-8ed5-4598-b947-57f9bc979c0e@group-62F890F27B82-FollowerState] INFO  server.RaftServerConfigKeys (ConfUtils.java:logGet(44)) - raft.server.leaderelection.pre-vote = false (custom)
2021-05-19 07:43:08,134 [68d4f79f-8ed5-4598-b947-57f9bc979c0e@group-62F890F27B82-FollowerState] INFO  impl.RoleInfo (RoleInfo.java:updateAndGet(130)) - 68d4f79f-8ed5-4598-b947-57f9bc979c0e: start 68d4f79f-8ed5-4598-b947-57f9bc979c0e@group-62F890F27B82-LeaderElection70
2021-05-19 07:43:08,135 [68d4f79f-8ed5-4598-b947-57f9bc979c0e@group-248D4D37A09F-FollowerState] INFO  impl.FollowerState (FollowerState.java:run(134)) - 68d4f79f-8ed5-4598-b947-57f9bc979c0e@group-248D4D37A09F-FollowerState: change to CANDIDATE, lastRpcElapsedTime:5179382920ns, electionTimeout:5179ms
2021-05-19 07:43:08,135 [68d4f79f-8ed5-4598-b947-57f9bc979c0e@group-248D4D37A09F-FollowerState] INFO  impl.RoleInfo (RoleInfo.java:shutdownFollowerState(108)) - 68d4f79f-8ed5-4598-b947-57f9bc979c0e: shutdown 68d4f79f-8ed5-4598-b947-57f9bc979c0e@group-248D4D37A09F-FollowerState
2021-05-19 07:43:08,135 [68d4f79f-8ed5-4598-b947-57f9bc979c0e@group-248D4D37A09F-FollowerState] INFO  server.RaftServer$Division (RaftServerImpl.java:setRole(284)) - 68d4f79f-8ed5-4598-b947-57f9bc979c0e@group-248D4D37A09F: changes role from  FOLLOWER to CANDIDATE at term 1 for changeToCandidate
2021-05-19 07:43:08,142 [68d4f79f-8ed5-4598-b947-57f9bc979c0e@group-248D4D37A09F-FollowerState] INFO  server.RaftServerConfigKeys (ConfUtils.java:logGet(44)) - raft.server.leaderelection.pre-vote = false (custom)
2021-05-19 07:43:08,161 [68d4f79f-8ed5-4598-b947-57f9bc979c0e@group-248D4D37A09F-FollowerState] INFO  impl.RoleInfo (RoleInfo.java:updateAndGet(130)) - 68d4f79f-8ed5-4598-b947-57f9bc979c0e: start 68d4f79f-8ed5-4598-b947-57f9bc979c0e@group-248D4D37A09F-LeaderElection71
2021-05-19 07:43:08,175 [68d4f79f-8ed5-4598-b947-57f9bc979c0e@group-62F890F27B82-LeaderElection70] INFO  impl.LeaderElection (LeaderElection.java:askForVotes(306)) - 68d4f79f-8ed5-4598-b947-57f9bc979c0e@group-62F890F27B82-LeaderElection70 ELECTION round 0: submit vote requests at term 2 for -1: [b054e63b-a418-439f-9265-0225a71f074a|rpc:172.17.0.2:34287|priority:0, 68d4f79f-8ed5-4598-b947-57f9bc979c0e|rpc:172.17.0.2:42729|priority:1, 8e81be81-8cf3-4cb2-af1f-2c1c9bc19b0e|rpc:172.17.0.2:41855|priority:0], old=null
2021-05-19 07:43:08,175 [68d4f79f-8ed5-4598-b947-57f9bc979c0e@group-248D4D37A09F-LeaderElection71] INFO  impl.LeaderElection (LeaderElection.java:askForVotes(306)) - 68d4f79f-8ed5-4598-b947-57f9bc979c0e@group-248D4D37A09F-LeaderElection71 ELECTION round 0: submit vote requests at term 2 for -1: [a14714da-c87c-4361-b393-7e96cf422ed7|rpc:172.17.0.2:45547|dataStream:|priority:0, b054e63b-a418-439f-9265-0225a71f074a|rpc:172.17.0.2:34287|dataStream:|priority:1, 68d4f79f-8ed5-4598-b947-57f9bc979c0e|rpc:172.17.0.2:42729|dataStream:|priority:0], old=null
2021-05-19 07:43:08,214 [68d4f79f-8ed5-4598-b947-57f9bc979c0e@group-248D4D37A09F-LeaderElection71] INFO  impl.LeaderElection (LogUtils.java:infoOrTrace(137)) - 68d4f79f-8ed5-4598-b947-57f9bc979c0e@group-248D4D37A09F-LeaderElection71 got exception when requesting votes: java.util.concurrent.ExecutionException: org.apache.ratis.thirdparty.io.grpc.StatusRuntimeException: UNAVAILABLE: io exception
2021-05-19 07:43:08,218 [68d4f79f-8ed5-4598-b947-57f9bc979c0e@group-62F890F27B82-LeaderElection70] INFO  impl.LeaderElection (LogUtils.java:infoOrTrace(137)) - 68d4f79f-8ed5-4598-b947-57f9bc979c0e@group-62F890F27B82-LeaderElection70 got exception when requesting votes: java.util.concurrent.ExecutionException: org.apache.ratis.thirdparty.io.grpc.StatusRuntimeException: UNAVAILABLE: io exception
2021-05-19 07:43:08,218 [68d4f79f-8ed5-4598-b947-57f9bc979c0e@group-62F890F27B82-LeaderElection70] INFO  impl.LeaderElection (LogUtils.java:infoOrTrace(137)) - 68d4f79f-8ed5-4598-b947-57f9bc979c0e@group-62F890F27B82-LeaderElection70 got exception when requesting votes: java.util.concurrent.ExecutionException: org.apache.ratis.thirdparty.io.grpc.StatusRuntimeException: UNAVAILABLE: io exception
2021-05-19 07:43:08,219 [68d4f79f-8ed5-4598-b947-57f9bc979c0e@group-62F890F27B82-LeaderElection70] INFO  impl.LeaderElection (LeaderElection.java:logAndReturn(89)) - 68d4f79f-8ed5-4598-b947-57f9bc979c0e@group-62F890F27B82-LeaderElection70: ELECTION REJECTED received 0 response(s) and 2 exception(s):
2021-05-19 07:43:08,219 [68d4f79f-8ed5-4598-b947-57f9bc979c0e@group-62F890F27B82-LeaderElection70] INFO  impl.LeaderElection (LogUtils.java:infoOrTrace(137)) -   Exception 0: java.util.concurrent.ExecutionException: org.apache.ratis.thirdparty.io.grpc.StatusRuntimeException: UNAVAILABLE: io exception
2021-05-19 07:43:08,219 [68d4f79f-8ed5-4598-b947-57f9bc979c0e@group-62F890F27B82-LeaderElection70] INFO  impl.LeaderElection (LogUtils.java:infoOrTrace(137)) -   Exception 1: java.util.concurrent.ExecutionException: org.apache.ratis.thirdparty.io.grpc.StatusRuntimeException: UNAVAILABLE: io exception
2021-05-19 07:43:08,219 [68d4f79f-8ed5-4598-b947-57f9bc979c0e@group-62F890F27B82-LeaderElection70] INFO  impl.LeaderElection (LeaderElection.java:askForVotes(308)) - 68d4f79f-8ed5-4598-b947-57f9bc979c0e@group-62F890F27B82-LeaderElection70 ELECTION round 0: result REJECTED
2021-05-19 07:43:08,219 [68d4f79f-8ed5-4598-b947-57f9bc979c0e@group-62F890F27B82-LeaderElection70] INFO  server.RaftServer$Division (RaftServerImpl.java:setRole(284)) - 68d4f79f-8ed5-4598-b947-57f9bc979c0e@group-62F890F27B82: changes role from CANDIDATE to FOLLOWER at term 2 for REJECTED
2021-05-19 07:43:08,219 [68d4f79f-8ed5-4598-b947-57f9bc979c0e@group-62F890F27B82-LeaderElection70] INFO  impl.RoleInfo (RoleInfo.java:shutdownLeaderElection(121)) - 68d4f79f-8ed5-4598-b947-57f9bc979c0e: shutdown 68d4f79f-8ed5-4598-b947-57f9bc979c0e@group-62F890F27B82-LeaderElection70
2021-05-19 07:43:08,219 [68d4f79f-8ed5-4598-b947-57f9bc979c0e@group-62F890F27B82-LeaderElection70] INFO  impl.RoleInfo (RoleInfo.java:updateAndGet(130)) - 68d4f79f-8ed5-4598-b947-57f9bc979c0e: start 68d4f79f-8ed5-4598-b947-57f9bc979c0e@group-62F890F27B82-FollowerState
2021-05-19 07:43:08,219 [68d4f79f-8ed5-4598-b947-57f9bc979c0e@group-248D4D37A09F-LeaderElection71] INFO  impl.LeaderElection (LogUtils.java:infoOrTrace(137)) - 68d4f79f-8ed5-4598-b947-57f9bc979c0e@group-248D4D37A09F-LeaderElection71 got exception when requesting votes: java.util.concurrent.ExecutionException: org.apache.ratis.thirdparty.io.grpc.StatusRuntimeException: UNAVAILABLE: io exception
2021-05-19 07:43:08,219 [68d4f79f-8ed5-4598-b947-57f9bc979c0e@group-248D4D37A09F-LeaderElection71] INFO  impl.LeaderElection (LeaderElection.java:logAndReturn(89)) - 68d4f79f-8ed5-4598-b947-57f9bc979c0e@group-248D4D37A09F-LeaderElection71: ELECTION REJECTED received 0 response(s) and 2 exception(s):
2021-05-19 07:43:08,219 [68d4f79f-8ed5-4598-b947-57f9bc979c0e@group-248D4D37A09F-LeaderElection71] INFO  impl.LeaderElection (LogUtils.java:infoOrTrace(137)) -   Exception 0: java.util.concurrent.ExecutionException: org.apache.ratis.thirdparty.io.grpc.StatusRuntimeException: UNAVAILABLE: io exception
2021-05-19 07:43:08,219 [68d4f79f-8ed5-4598-b947-57f9bc979c0e@group-248D4D37A09F-LeaderElection71] INFO  impl.LeaderElection (LogUtils.java:infoOrTrace(137)) -   Exception 1: java.util.concurrent.ExecutionException: org.apache.ratis.thirdparty.io.grpc.StatusRuntimeException: UNAVAILABLE: io exception
2021-05-19 07:43:08,232 [Listener at 127.0.0.1/41639] INFO  server.GrpcService (GrpcService.java:closeImpl(271)) - b054e63b-a418-439f-9265-0225a71f074a: shutdown server with port 34287 successfully
2021-05-19 07:43:08,239 [ForkJoinPool.commonPool-worker-0] INFO  server.GrpcService (GrpcService.java:closeImpl(271)) - a14714da-c87c-4361-b393-7e96cf422ed7: shutdown server with port 45547 successfully
2021-05-19 07:43:08,239 [org.apache.ratis.util.JvmPauseMonitor$$Lambda$504/2021733479@823abf4] INFO  util.JvmPauseMonitor (JvmPauseMonitor.java:run(109)) - JvmPauseMonitor-a14714da-c87c-4361-b393-7e96cf422ed7: Stopped
2021-05-19 07:43:08,240 [68d4f79f-8ed5-4598-b947-57f9bc979c0e@group-248D4D37A09F-LeaderElection71] INFO  impl.LeaderElection (LeaderElection.java:askForVotes(308)) - 68d4f79f-8ed5-4598-b947-57f9bc979c0e@group-248D4D37A09F-LeaderElection71 ELECTION round 0: result REJECTED
2021-05-19 07:43:08,240 [68d4f79f-8ed5-4598-b947-57f9bc979c0e@group-248D4D37A09F-LeaderElection71] INFO  server.RaftServer$Division (RaftServerImpl.java:setRole(284)) - 68d4f79f-8ed5-4598-b947-57f9bc979c0e@group-248D4D37A09F: changes role from CANDIDATE to FOLLOWER at term 2 for REJECTED
2021-05-19 07:43:08,240 [68d4f79f-8ed5-4598-b947-57f9bc979c0e@group-248D4D37A09F-LeaderElection71] INFO  impl.RoleInfo (RoleInfo.java:shutdownLeaderElection(121)) - 68d4f79f-8ed5-4598-b947-57f9bc979c0e: shutdown 68d4f79f-8ed5-4598-b947-57f9bc979c0e@group-248D4D37A09F-LeaderElection71
2021-05-19 07:43:08,240 [org.apache.ratis.util.JvmPauseMonitor$$Lambda$504/2021733479@7362d987] INFO  util.JvmPauseMonitor (JvmPauseMonitor.java:run(109)) - JvmPauseMonitor-b054e63b-a418-439f-9265-0225a71f074a: Stopped
2021-05-19 07:43:08,240 [68d4f79f-8ed5-4598-b947-57f9bc979c0e@group-248D4D37A09F-LeaderElection71] INFO  impl.RoleInfo (RoleInfo.java:updateAndGet(130)) - 68d4f79f-8ed5-4598-b947-57f9bc979c0e: start 68d4f79f-8ed5-4598-b947-57f9bc979c0e@group-248D4D37A09F-FollowerState
2021-05-19 07:43:08,251 [ForkJoinPool.commonPool-worker-0] INFO  utils.BackgroundService (BackgroundService.java:shutdown(132)) - Shutting down service BlockDeletingService
2021-05-19 07:43:08,261 [Listener at 127.0.0.1/41639] INFO  utils.BackgroundService (BackgroundService.java:shutdown(132)) - Shutting down service BlockDeletingService
2021-05-19 07:43:08,270 [ForkJoinPool.commonPool-worker-0] INFO  statemachine.DatanodeStateMachine (DatanodeStateMachine.java:stopDaemon(469)) - Ozone container server stopped.
2021-05-19 07:43:08,302 [Listener at 127.0.0.1/41639] INFO  statemachine.DatanodeStateMachine (DatanodeStateMachine.java:stopDaemon(469)) - Ozone container server stopped.
2021-05-19 07:43:08,313 [Listener at 127.0.0.1/41639] INFO  handler.ContextHandler (ContextHandler.java:doStop(1154)) - Stopped o.e.j.w.WebAppContext@4fd4172a{hddsDatanode,/,null,STOPPED}{jar:file:/home/user/.m2/repository/org/apache/hadoop/hadoop-hdds-container-service/1.2.0-SNAPSHOT/hadoop-hdds-container-service-1.2.0-SNAPSHOT.jar!/webapps/hddsDatanode}
2021-05-19 07:43:08,323 [ForkJoinPool.commonPool-worker-0] INFO  handler.ContextHandler (ContextHandler.java:doStop(1154)) - Stopped o.e.j.w.WebAppContext@567e8167{hddsDatanode,/,null,STOPPED}{jar:file:/home/user/.m2/repository/org/apache/hadoop/hadoop-hdds-container-service/1.2.0-SNAPSHOT/hadoop-hdds-container-service-1.2.0-SNAPSHOT.jar!/webapps/hddsDatanode}
2021-05-19 07:43:08,323 [ForkJoinPool.commonPool-worker-0] INFO  server.AbstractConnector (AbstractConnector.java:doStop(381)) - Stopped ServerConnector@71a56963{HTTP/1.1, (http/1.1)}{0.0.0.0:38627}
2021-05-19 07:43:08,323 [ForkJoinPool.commonPool-worker-0] INFO  server.session (HouseKeeper.java:stopScavenging(149)) - node0 Stopped scavenging
2021-05-19 07:43:08,328 [ForkJoinPool.commonPool-worker-0] INFO  handler.ContextHandler (ContextHandler.java:doStop(1154)) - Stopped o.e.j.s.ServletContextHandler@752f7f5c{static,/static,jar:file:/home/user/.m2/repository/org/apache/hadoop/hadoop-hdds-container-service/1.2.0-SNAPSHOT/hadoop-hdds-container-service-1.2.0-SNAPSHOT.jar!/webapps/static,STOPPED}
2021-05-19 07:43:08,333 [ForkJoinPool.commonPool-worker-0] INFO  handler.ContextHandler (ContextHandler.java:doStop(1154)) - Stopped o.e.j.s.ServletContextHandler@1f0544a1{logs,/logs,file:///github/workspace/mnt/ozone/hadoop-ozone/integration-test/target/log,STOPPED}
2021-05-19 07:43:08,333 [Listener at 127.0.0.1/41639] INFO  server.AbstractConnector (AbstractConnector.java:doStop(381)) - Stopped ServerConnector@6c9d61bd{HTTP/1.1, (http/1.1)}{0.0.0.0:0}
2021-05-19 07:43:08,333 [Listener at 127.0.0.1/41639] INFO  server.session (HouseKeeper.java:stopScavenging(149)) - node0 Stopped scavenging
2021-05-19 07:43:08,333 [Listener at 127.0.0.1/41639] INFO  handler.ContextHandler (ContextHandler.java:doStop(1154)) - Stopped o.e.j.s.ServletContextHandler@6afd77dd{static,/static,jar:file:/home/user/.m2/repository/org/apache/hadoop/hadoop-hdds-container-service/1.2.0-SNAPSHOT/hadoop-hdds-container-service-1.2.0-SNAPSHOT.jar!/webapps/static,STOPPED}
2021-05-19 07:43:08,333 [Listener at 127.0.0.1/41639] INFO  handler.ContextHandler (ContextHandler.java:doStop(1154)) - Stopped o.e.j.s.ServletContextHandler@45534c22{logs,/logs,file:///github/workspace/mnt/ozone/hadoop-ozone/integration-test/target/log,STOPPED}
2021-05-19 07:43:08,782 [grpc-default-executor-3] WARN  server.GrpcLogAppender (LogUtils.java:warn(122)) - 9d983546-4247-4c0f-83b0-40f69e4f4d28@group-03E6AD90B47F->a4ee1d3f-5505-4afe-8a03-746b4b90cef8-AppendLogResponseHandler: Failed appendEntries: org.apache.ratis.thirdparty.io.grpc.StatusRuntimeException: UNAVAILABLE: io exception
2021-05-19 07:43:08,783 [grpc-default-executor-3] WARN  server.GrpcLogAppender (GrpcLogAppender.java:resetClient(111)) - 9d983546-4247-4c0f-83b0-40f69e4f4d28@group-03E6AD90B47F->a4ee1d3f-5505-4afe-8a03-746b4b90cef8-GrpcLogAppender: Leader has not got in touch with Follower 9d983546-4247-4c0f-83b0-40f69e4f4d28@group-03E6AD90B47F->a4ee1d3f-5505-4afe-8a03-746b4b90cef8(c0,m0,n1, attendVote=true, lastRpcSendTime=2504, lastRpcResponseTime=7526) yet, just keep nextIndex unchanged and retry.
2021-05-19 07:43:08,898 [grpc-default-executor-5] WARN  server.GrpcLogAppender (LogUtils.java:warn(122)) - 37b2c1ee-956a-4dec-b232-912a6a25ff9b@group-D5E61D3659AC->a4ee1d3f-5505-4afe-8a03-746b4b90cef8-AppendLogResponseHandler: Failed appendEntries: org.apache.ratis.thirdparty.io.grpc.StatusRuntimeException: UNAVAILABLE: io exception
2021-05-19 07:43:08,898 [grpc-default-executor-5] WARN  server.GrpcLogAppender (GrpcLogAppender.java:resetClient(111)) - 37b2c1ee-956a-4dec-b232-912a6a25ff9b@group-D5E61D3659AC->a4ee1d3f-5505-4afe-8a03-746b4b90cef8-GrpcLogAppender: Leader has not got in touch with Follower 37b2c1ee-956a-4dec-b232-912a6a25ff9b@group-D5E61D3659AC->a4ee1d3f-5505-4afe-8a03-746b4b90cef8(c0,m0,n1, attendVote=true, lastRpcSendTime=0, lastRpcResponseTime=7512) yet, just keep nextIndex unchanged and retry.
2021-05-19 07:43:09,161 [Datanode State Machine Thread - 0] INFO  statemachine.DatanodeStateMachine (DatanodeStateMachine.java:lambda$startDaemon$0(411)) - Ozone container server started.
2021-05-19 07:43:09,658 [grpc-default-executor-5] WARN  server.GrpcLogAppender (LogUtils.java:warn(122)) - 37b2c1ee-956a-4dec-b232-912a6a25ff9b@group-B061D1CC775E->a4ee1d3f-5505-4afe-8a03-746b4b90cef8-AppendLogResponseHandler: Failed appendEntries: org.apache.ratis.thirdparty.io.grpc.StatusRuntimeException: UNAVAILABLE: io exception
2021-05-19 07:43:09,659 [grpc-default-executor-5] WARN  server.GrpcLogAppender (GrpcLogAppender.java:resetClient(111)) - 37b2c1ee-956a-4dec-b232-912a6a25ff9b@group-B061D1CC775E->a4ee1d3f-5505-4afe-8a03-746b4b90cef8-GrpcLogAppender: Leader has not got in touch with Follower 37b2c1ee-956a-4dec-b232-912a6a25ff9b@group-B061D1CC775E->a4ee1d3f-5505-4afe-8a03-746b4b90cef8(c-1,m0,n3, attendVote=true, lastRpcSendTime=2504, lastRpcResponseTime=7788) yet, just keep nextIndex unchanged and retry.
2021-05-19 07:43:11,283 [grpc-default-executor-5] WARN  server.GrpcLogAppender (LogUtils.java:warn(122)) - 9d983546-4247-4c0f-83b0-40f69e4f4d28@group-03E6AD90B47F->a4ee1d3f-5505-4afe-8a03-746b4b90cef8-AppendLogResponseHandler: Failed appendEntries: org.apache.ratis.thirdparty.io.grpc.StatusRuntimeException: UNAVAILABLE: io exception
2021-05-19 07:43:11,284 [grpc-default-executor-5] WARN  server.GrpcLogAppender (GrpcLogAppender.java:resetClient(111)) - 9d983546-4247-4c0f-83b0-40f69e4f4d28@group-03E6AD90B47F->a4ee1d3f-5505-4afe-8a03-746b4b90cef8-GrpcLogAppender: Leader has not got in touch with Follower 9d983546-4247-4c0f-83b0-40f69e4f4d28@group-03E6AD90B47F->a4ee1d3f-5505-4afe-8a03-746b4b90cef8(c0,m0,n1, attendVote=true, lastRpcSendTime=0, lastRpcResponseTime=10027) yet, just keep nextIndex unchanged and retry.
2021-05-19 07:43:11,406 [grpc-default-executor-5] WARN  server.GrpcLogAppender (LogUtils.java:warn(122)) - 37b2c1ee-956a-4dec-b232-912a6a25ff9b@group-D5E61D3659AC->a4ee1d3f-5505-4afe-8a03-746b4b90cef8-AppendLogResponseHandler: Failed appendEntries: org.apache.ratis.thirdparty.io.grpc.StatusRuntimeException: UNAVAILABLE: io exception
2021-05-19 07:43:11,407 [grpc-default-executor-5] WARN  server.GrpcLogAppender (GrpcLogAppender.java:resetClient(111)) - 37b2c1ee-956a-4dec-b232-912a6a25ff9b@group-D5E61D3659AC->a4ee1d3f-5505-4afe-8a03-746b4b90cef8-GrpcLogAppender: Leader has not got in touch with Follower 37b2c1ee-956a-4dec-b232-912a6a25ff9b@group-D5E61D3659AC->a4ee1d3f-5505-4afe-8a03-746b4b90cef8(c0,m0,n1, attendVote=true, lastRpcSendTime=2509, lastRpcResponseTime=10021) yet, just keep nextIndex unchanged and retry.
2021-05-19 07:43:12,161 [grpc-default-executor-5] WARN  server.GrpcLogAppender (LogUtils.java:warn(122)) - 37b2c1ee-956a-4dec-b232-912a6a25ff9b@group-B061D1CC775E->a4ee1d3f-5505-4afe-8a03-746b4b90cef8-AppendLogResponseHandler: Failed appendEntries: org.apache.ratis.thirdparty.io.grpc.StatusRuntimeException: UNAVAILABLE: io exception
2021-05-19 07:43:12,161 [grpc-default-executor-5] WARN  server.GrpcLogAppender (GrpcLogAppender.java:resetClient(111)) - 37b2c1ee-956a-4dec-b232-912a6a25ff9b@group-B061D1CC775E->a4ee1d3f-5505-4afe-8a03-746b4b90cef8-GrpcLogAppender: Leader has not got in touch with Follower 37b2c1ee-956a-4dec-b232-912a6a25ff9b@group-B061D1CC775E->a4ee1d3f-5505-4afe-8a03-746b4b90cef8(c-1,m0,n3, attendVote=true, lastRpcSendTime=2501, lastRpcResponseTime=10290) yet, just keep nextIndex unchanged and retry.
2021-05-19 07:43:12,893 [EventQueue-StaleNodeForStaleNodeHandler] INFO  node.StaleNodeHandler (StaleNodeHandler.java:onMessage(58)) - Datanode a14714da-c87c-4361-b393-7e96cf422ed7{ip: 172.17.0.2, host: 3974e5c036b4, ports: [REPLICATION=40039, RATIS=45547, RATIS_ADMIN=45547, RATIS_SERVER=45547, STANDALONE=44867], networkLocation: /default-rack, certSerialId: null, persistedOpState: IN_SERVICE, persistedOpStateExpiryEpochSec: 0} moved to stale state. Finalizing its pipelines [PipelineID=34ffaed8-1fd9-4d0b-82e4-4bbccaeda604, PipelineID=e5a9674d-1890-47b7-8b5e-615e84326ce6, PipelineID=80f8b59d-e8b1-4475-8a3c-248d4d37a09f, PipelineID=410da6b5-5245-4022-b85d-1f4802a68f73]
2021-05-19 07:43:12,893 [EventQueue-StaleNodeForStaleNodeHandler] INFO  pipeline.PipelineManagerV2Impl (PipelineManagerV2Impl.java:closePipeline(330)) - Pipeline Pipeline[ Id: e5a9674d-1890-47b7-8b5e-615e84326ce6, Nodes: a14714da-c87c-4361-b393-7e96cf422ed7{ip: 172.17.0.2, host: 3974e5c036b4, ports: [REPLICATION=40039, RATIS=45547, RATIS_ADMIN=45547, RATIS_SERVER=45547, STANDALONE=44867], networkLocation: /default-rack, certSerialId: null, persistedOpState: IN_SERVICE, persistedOpStateExpiryEpochSec: 0}, ReplicationConfig: RATIS/ONE, State:OPEN, leaderId:a14714da-c87c-4361-b393-7e96cf422ed7, CreationTimestamp2021-05-19T07:42:56.639Z] moved to CLOSED state
2021-05-19 07:43:12,893 [EventQueue-StaleNodeForStaleNodeHandler] INFO  pipeline.PipelineManagerV2Impl (PipelineManagerV2Impl.java:closePipeline(330)) - Pipeline Pipeline[ Id: 80f8b59d-e8b1-4475-8a3c-248d4d37a09f, Nodes: a14714da-c87c-4361-b393-7e96cf422ed7{ip: 172.17.0.2, host: 3974e5c036b4, ports: [REPLICATION=40039, RATIS=45547, RATIS_ADMIN=45547, RATIS_SERVER=45547, STANDALONE=44867], networkLocation: /default-rack, certSerialId: null, persistedOpState: IN_SERVICE, persistedOpStateExpiryEpochSec: 0}68d4f79f-8ed5-4598-b947-57f9bc979c0e{ip: 172.17.0.2, host: 3974e5c036b4, ports: [REPLICATION=43949, RATIS=42729, RATIS_ADMIN=42729, RATIS_SERVER=42729, STANDALONE=34701], networkLocation: /default-rack, certSerialId: null, persistedOpState: IN_SERVICE, persistedOpStateExpiryEpochSec: 0}b054e63b-a418-439f-9265-0225a71f074a{ip: 172.17.0.2, host: 3974e5c036b4, ports: [REPLICATION=42285, RATIS=34287, RATIS_ADMIN=34287, RATIS_SERVER=34287, STANDALONE=45519], networkLocation: /default-rack, certSerialId: null, persistedOpState: IN_SERVICE, persistedOpStateExpiryEpochSec: 0}, ReplicationConfig: RATIS/THREE, State:ALLOCATED, leaderId:, CreationTimestamp2021-05-19T07:42:56.641Z] moved to CLOSED state
2021-05-19 07:43:12,894 [EventQueue-StaleNodeForStaleNodeHandler] INFO  node.StaleNodeHandler (StaleNodeHandler.java:onMessage(58)) - Datanode b054e63b-a418-439f-9265-0225a71f074a{ip: 172.17.0.2, host: 3974e5c036b4, ports: [REPLICATION=42285, RATIS=34287, RATIS_ADMIN=34287, RATIS_SERVER=34287, STANDALONE=45519], networkLocation: /default-rack, certSerialId: null, persistedOpState: IN_SERVICE, persistedOpStateExpiryEpochSec: 0} moved to stale state. Finalizing its pipelines [PipelineID=34ffaed8-1fd9-4d0b-82e4-4bbccaeda604, PipelineID=80f8b59d-e8b1-4475-8a3c-248d4d37a09f, PipelineID=415703f1-9a52-42fb-9a9c-62f890f27b82, PipelineID=ff5df469-b7be-437c-8272-c1b2006a74b3]
2021-05-19 07:43:12,894 [EventQueue-StaleNodeForStaleNodeHandler] INFO  pipeline.PipelineManagerV2Impl (PipelineManagerV2Impl.java:closePipeline(330)) - Pipeline Pipeline[ Id: ff5df469-b7be-437c-8272-c1b2006a74b3, Nodes: b054e63b-a418-439f-9265-0225a71f074a{ip: 172.17.0.2, host: 3974e5c036b4, ports: [REPLICATION=42285, RATIS=34287, RATIS_ADMIN=34287, RATIS_SERVER=34287, STANDALONE=45519], networkLocation: /default-rack, certSerialId: null, persistedOpState: IN_SERVICE, persistedOpStateExpiryEpochSec: 0}, ReplicationConfig: RATIS/ONE, State:OPEN, leaderId:b054e63b-a418-439f-9265-0225a71f074a, CreationTimestamp2021-05-19T07:41:58.536Z] moved to CLOSED state
2021-05-19 07:43:13,337 [Listener at 127.0.0.1/41639] INFO  ozoneimpl.OzoneContainer (OzoneContainer.java:stop(312)) - Attempting to stop container services.
2021-05-19 07:43:13,338 [Listener at 127.0.0.1/41639] INFO  server.RaftServer (RaftServerProxy.java:lambda$close$6(391)) - 9d983546-4247-4c0f-83b0-40f69e4f4d28: close
2021-05-19 07:43:13,338 [Listener at 127.0.0.1/41639] INFO  server.RaftServer$Division (RaftServerImpl.java:lambda$close$4(406)) - 9d983546-4247-4c0f-83b0-40f69e4f4d28@group-03E6AD90B47F: shutdown
2021-05-19 07:43:13,338 [Listener at 127.0.0.1/41639] INFO  util.JmxRegister (JmxRegister.java:unregister(73)) - Successfully un-registered JMX Bean with object name Ratis:service=RaftServer,group=group-03E6AD90B47F,id=9d983546-4247-4c0f-83b0-40f69e4f4d28
2021-05-19 07:43:13,339 [Listener at 127.0.0.1/41639] INFO  impl.RoleInfo (RoleInfo.java:shutdownLeaderState(91)) - 9d983546-4247-4c0f-83b0-40f69e4f4d28: shutdown 9d983546-4247-4c0f-83b0-40f69e4f4d28@group-03E6AD90B47F-LeaderStateImpl
2021-05-19 07:43:13,339 [Listener at 127.0.0.1/41639] INFO  metrics.RatisMetrics (RatisMetrics.java:unregister(43)) - Unregistering Metrics Registry : ratis_grpc.log_appender.9d983546-4247-4c0f-83b0-40f69e4f4d28@group-03E6AD90B47F
2021-05-19 07:43:13,339 [Listener at 127.0.0.1/41639] INFO  metrics.RatisMetrics (RatisMetrics.java:unregister(43)) - Unregistering Metrics Registry : ratis_grpc.log_appender.9d983546-4247-4c0f-83b0-40f69e4f4d28@group-03E6AD90B47F
2021-05-19 07:43:13,339 [Listener at 127.0.0.1/41639] INFO  impl.PendingRequests (PendingRequests.java:sendNotLeaderResponses(249)) - 9d983546-4247-4c0f-83b0-40f69e4f4d28@group-03E6AD90B47F-PendingRequests: sendNotLeaderResponses
2021-05-19 07:43:13,339 [Listener at 127.0.0.1/41639] INFO  metrics.RatisMetrics (RatisMetrics.java:unregister(43)) - Unregistering Metrics Registry : ratis.log_appender.9d983546-4247-4c0f-83b0-40f69e4f4d28@group-03E6AD90B47F
2021-05-19 07:43:13,339 [Listener at 127.0.0.1/41639] INFO  metrics.RatisMetrics (RatisMetrics.java:unregister(43)) - Unregistering Metrics Registry : ratis.server.9d983546-4247-4c0f-83b0-40f69e4f4d28@group-03E6AD90B47F
2021-05-19 07:43:13,340 [Listener at 127.0.0.1/41639] INFO  impl.StateMachineUpdater (StateMachineUpdater.java:stopAndJoin(149)) - 9d983546-4247-4c0f-83b0-40f69e4f4d28@group-03E6AD90B47F-StateMachineUpdater: set stopIndex = 0
2021-05-19 07:43:13,340 [9d983546-4247-4c0f-83b0-40f69e4f4d28@group-03E6AD90B47F->37b2c1ee-956a-4dec-b232-912a6a25ff9b-GrpcLogAppender-LogAppenderDaemon] WARN  server.GrpcLogAppender (GrpcLogAppender.java:mayWait(175)) - 9d983546-4247-4c0f-83b0-40f69e4f4d28@group-03E6AD90B47F->37b2c1ee-956a-4dec-b232-912a6a25ff9b-GrpcLogAppender: Wait interrupted by java.lang.InterruptedException
2021-05-19 07:43:13,340 [9d983546-4247-4c0f-83b0-40f69e4f4d28@group-03E6AD90B47F-StateMachineUpdater] INFO  ratis.ContainerStateMachine (ContainerStateMachine.java:takeSnapshot(292)) - group-03E6AD90B47F: Taking a snapshot at:(t:2, i:0) file /github/workspace/mnt/ozone/hadoop-ozone/integration-test/target/test-dir/MiniOzoneClusterImpl-952c9dfc-8967-4523-b06f-60d3bd5de2bf/datanode-5/data/ratis/5b0e428d-fccc-451c-957f-03e6ad90b47f/sm/snapshot.2_0
2021-05-19 07:43:13,341 [grpc-default-executor-5] INFO  server.GrpcServerProtocolService (GrpcServerProtocolService.java:onCompleted(140)) - 37b2c1ee-956a-4dec-b232-912a6a25ff9b: Completed APPEND_ENTRIES, lastRequest: 9d983546-4247-4c0f-83b0-40f69e4f4d28->37b2c1ee-956a-4dec-b232-912a6a25ff9b#1-t2,previous=(t:0, i:0),leaderCommit=-1,initializing? true,entries: size=1, first=(t:2, i:0), CONFIGURATIONENTRY
2021-05-19 07:43:13,341 [grpc-default-executor-3] INFO  server.GrpcLogAppender (GrpcLogAppender.java:onCompleted(344)) - 9d983546-4247-4c0f-83b0-40f69e4f4d28@group-03E6AD90B47F->37b2c1ee-956a-4dec-b232-912a6a25ff9b-AppendLogResponseHandler: follower responses appendEntries COMPLETED
2021-05-19 07:43:13,342 [grpc-default-executor-3] INFO  leader.FollowerInfo (FollowerInfoImpl.java:lambda$new$0(46)) - 9d983546-4247-4c0f-83b0-40f69e4f4d28@group-03E6AD90B47F->37b2c1ee-956a-4dec-b232-912a6a25ff9b: nextIndex: updateUnconditionally 1 -> 0
2021-05-19 07:43:13,344 [9d983546-4247-4c0f-83b0-40f69e4f4d28@group-03E6AD90B47F-StateMachineUpdater] INFO  ratis.ContainerStateMachine (ContainerStateMachine.java:takeSnapshot(303)) - group-03E6AD90B47F: Finished taking a snapshot at:(t:2, i:0) file:/github/workspace/mnt/ozone/hadoop-ozone/integration-test/target/test-dir/MiniOzoneClusterImpl-952c9dfc-8967-4523-b06f-60d3bd5de2bf/datanode-5/data/ratis/5b0e428d-fccc-451c-957f-03e6ad90b47f/sm/snapshot.2_0 took: 4 ms
2021-05-19 07:43:13,345 [9d983546-4247-4c0f-83b0-40f69e4f4d28@group-03E6AD90B47F-StateMachineUpdater] INFO  impl.StateMachineUpdater (StateMachineUpdater.java:takeSnapshot(281)) - 9d983546-4247-4c0f-83b0-40f69e4f4d28@group-03E6AD90B47F-StateMachineUpdater: Took a snapshot at index 0
2021-05-19 07:43:13,345 [9d983546-4247-4c0f-83b0-40f69e4f4d28@group-03E6AD90B47F-StateMachineUpdater] INFO  impl.StateMachineUpdater (StateMachineUpdater.java:lambda$new$0(89)) - 9d983546-4247-4c0f-83b0-40f69e4f4d28@group-03E6AD90B47F-StateMachineUpdater: snapshotIndex: updateIncreasingly -1 -> 0
2021-05-19 07:43:13,345 [9d983546-4247-4c0f-83b0-40f69e4f4d28@group-03E6AD90B47F-StateMachineUpdater] INFO  metrics.RatisMetrics (RatisMetrics.java:unregister(43)) - Unregistering Metrics Registry : ratis.state_machine.9d983546-4247-4c0f-83b0-40f69e4f4d28@group-03E6AD90B47F
2021-05-19 07:43:13,345 [Listener at 127.0.0.1/41639] INFO  server.RaftServer$Division (ServerState.java:close(405)) - 9d983546-4247-4c0f-83b0-40f69e4f4d28@group-03E6AD90B47F: closes. applyIndex: 0
2021-05-19 07:43:13,345 [9d983546-4247-4c0f-83b0-40f69e4f4d28@group-03E6AD90B47F-SegmentedRaftLogWorker] INFO  segmented.SegmentedRaftLogWorker (SegmentedRaftLogWorker.java:run(327)) - 9d983546-4247-4c0f-83b0-40f69e4f4d28@group-03E6AD90B47F-SegmentedRaftLogWorker was interrupted, exiting. There are 0 tasks remaining in the queue.
2021-05-19 07:43:13,345 [Listener at 127.0.0.1/41639] INFO  segmented.SegmentedRaftLogWorker (SegmentedRaftLogWorker.java:close(237)) - 9d983546-4247-4c0f-83b0-40f69e4f4d28@group-03E6AD90B47F-SegmentedRaftLogWorker close()
2021-05-19 07:43:13,345 [Listener at 127.0.0.1/41639] INFO  metrics.RatisMetrics (RatisMetrics.java:unregister(43)) - Unregistering Metrics Registry : ratis.log_worker.9d983546-4247-4c0f-83b0-40f69e4f4d28@group-03E6AD90B47F
2021-05-19 07:43:13,346 [Listener at 127.0.0.1/41639] INFO  metrics.RatisMetrics (RatisMetrics.java:unregister(43)) - Unregistering Metrics Registry : ratis.leader_election.9d983546-4247-4c0f-83b0-40f69e4f4d28@group-03E6AD90B47F
2021-05-19 07:43:13,346 [Listener at 127.0.0.1/41639] INFO  metrics.RatisMetrics (RatisMetrics.java:unregister(43)) - Unregistering Metrics Registry : ratis.server.9d983546-4247-4c0f-83b0-40f69e4f4d28@group-03E6AD90B47F
2021-05-19 07:43:13,346 [Listener at 127.0.0.1/41639] INFO  server.RaftServer$Division (RaftServerImpl.java:lambda$close$4(406)) - 9d983546-4247-4c0f-83b0-40f69e4f4d28@group-B061D1CC775E: shutdown
2021-05-19 07:43:13,346 [Listener at 127.0.0.1/41639] INFO  util.JmxRegister (JmxRegister.java:unregister(73)) - Successfully un-registered JMX Bean with object name Ratis:service=RaftServer,group=group-B061D1CC775E,id=9d983546-4247-4c0f-83b0-40f69e4f4d28
2021-05-19 07:43:13,346 [Listener at 127.0.0.1/41639] INFO  impl.RoleInfo (RoleInfo.java:shutdownFollowerState(108)) - 9d983546-4247-4c0f-83b0-40f69e4f4d28: shutdown 9d983546-4247-4c0f-83b0-40f69e4f4d28@group-B061D1CC775E-FollowerState
2021-05-19 07:43:13,346 [Listener at 127.0.0.1/41639] INFO  impl.StateMachineUpdater (StateMachineUpdater.java:stopAndJoin(149)) - 9d983546-4247-4c0f-83b0-40f69e4f4d28@group-B061D1CC775E-StateMachineUpdater: set stopIndex = 2
2021-05-19 07:43:13,346 [9d983546-4247-4c0f-83b0-40f69e4f4d28@group-B061D1CC775E-FollowerState] INFO  impl.FollowerState (FollowerState.java:run(143)) - 9d983546-4247-4c0f-83b0-40f69e4f4d28@group-B061D1CC775E-FollowerState was interrupted: {}
java.lang.InterruptedException: sleep interrupted
	at java.lang.Thread.sleep(Native Method)
	at java.lang.Thread.sleep(Thread.java:340)
	at java.util.concurrent.TimeUnit.sleep(TimeUnit.java:386)
	at org.apache.ratis.util.TimeDuration.sleep(TimeDuration.java:324)
	at org.apache.ratis.util.TimeDuration.sleep(TimeDuration.java:309)
	at org.apache.ratis.server.impl.FollowerState.run(FollowerState.java:118)
2021-05-19 07:43:13,350 [9d983546-4247-4c0f-83b0-40f69e4f4d28@group-B061D1CC775E-StateMachineUpdater] INFO  ratis.ContainerStateMachine (ContainerStateMachine.java:takeSnapshot(292)) - group-B061D1CC775E: Taking a snapshot at:(t:6, i:2) file /github/workspace/mnt/ozone/hadoop-ozone/integration-test/target/test-dir/MiniOzoneClusterImpl-952c9dfc-8967-4523-b06f-60d3bd5de2bf/datanode-5/data/ratis/03b01f46-c381-4ba2-a991-b061d1cc775e/sm/snapshot.6_2
2021-05-19 07:43:13,351 [9d983546-4247-4c0f-83b0-40f69e4f4d28@group-B061D1CC775E-StateMachineUpdater] INFO  ratis.ContainerStateMachine (ContainerStateMachine.java:takeSnapshot(303)) - group-B061D1CC775E: Finished taking a snapshot at:(t:6, i:2) file:/github/workspace/mnt/ozone/hadoop-ozone/integration-test/target/test-dir/MiniOzoneClusterImpl-952c9dfc-8967-4523-b06f-60d3bd5de2bf/datanode-5/data/ratis/03b01f46-c381-4ba2-a991-b061d1cc775e/sm/snapshot.6_2 took: 1 ms
2021-05-19 07:43:13,351 [9d983546-4247-4c0f-83b0-40f69e4f4d28@group-B061D1CC775E-StateMachineUpdater] INFO  impl.StateMachineUpdater (StateMachineUpdater.java:takeSnapshot(281)) - 9d983546-4247-4c0f-83b0-40f69e4f4d28@group-B061D1CC775E-StateMachineUpdater: Took a snapshot at index 2
2021-05-19 07:43:13,351 [9d983546-4247-4c0f-83b0-40f69e4f4d28@group-B061D1CC775E-StateMachineUpdater] INFO  impl.StateMachineUpdater (StateMachineUpdater.java:lambda$new$0(89)) - 9d983546-4247-4c0f-83b0-40f69e4f4d28@group-B061D1CC775E-StateMachineUpdater: snapshotIndex: updateIncreasingly -1 -> 2
2021-05-19 07:43:13,351 [9d983546-4247-4c0f-83b0-40f69e4f4d28@group-B061D1CC775E-StateMachineUpdater] INFO  metrics.RatisMetrics (RatisMetrics.java:unregister(43)) - Unregistering Metrics Registry : ratis.state_machine.9d983546-4247-4c0f-83b0-40f69e4f4d28@group-B061D1CC775E
2021-05-19 07:43:13,351 [Listener at 127.0.0.1/41639] INFO  server.RaftServer$Division (ServerState.java:close(405)) - 9d983546-4247-4c0f-83b0-40f69e4f4d28@group-B061D1CC775E: closes. applyIndex: 2
2021-05-19 07:43:13,351 [9d983546-4247-4c0f-83b0-40f69e4f4d28@group-03E6AD90B47F->a4ee1d3f-5505-4afe-8a03-746b4b90cef8-GrpcLogAppender-LogAppenderDaemon] ERROR leader.LogAppenderDaemon (LogAppenderDaemon.java:run(86)) - 9d983546-4247-4c0f-83b0-40f69e4f4d28@group-03E6AD90B47F->a4ee1d3f-5505-4afe-8a03-746b4b90cef8-GrpcLogAppender-LogAppenderDaemon failed
java.lang.IllegalArgumentException: 9d983546-4247-4c0f-83b0-40f69e4f4d28@group-03E6AD90B47F-SegmentedRaftLog is expected to be opened but it is CLOSED
	at org.apache.ratis.util.OpenCloseState.assertOpen(OpenCloseState.java:63)
	at org.apache.ratis.server.raftlog.RaftLogBase.checkLogState(RaftLogBase.java:107)
	at org.apache.ratis.server.raftlog.segmented.SegmentedRaftLog.getLastEntryTermIndex(SegmentedRaftLog.java:339)
	at org.apache.ratis.server.raftlog.RaftLog.getNextIndex(RaftLog.java:83)
	at org.apache.ratis.server.leader.LogAppenderBase.newAppendEntriesRequest(LogAppenderBase.java:138)
	at org.apache.ratis.grpc.server.GrpcLogAppender.appendLog(GrpcLogAppender.java:211)
	at org.apache.ratis.grpc.server.GrpcLogAppender.run(GrpcLogAppender.java:145)
	at org.apache.ratis.server.leader.LogAppenderDaemon.run(LogAppenderDaemon.java:77)
	at java.lang.Thread.run(Thread.java:748)
Caused by: org.apache.ratis.util.OpenCloseState$CloseTrace: Close 9d983546-4247-4c0f-83b0-40f69e4f4d28@group-03E6AD90B47F-SegmentedRaftLog
	at org.apache.ratis.util.OpenCloseState.lambda$close$1(OpenCloseState.java:109)
	at java.util.concurrent.atomic.AtomicReference.getAndUpdate(AtomicReference.java:160)
	at org.apache.ratis.util.OpenCloseState.close(OpenCloseState.java:109)
	at org.apache.ratis.server.raftlog.RaftLogBase.close(RaftLogBase.java:356)
	at org.apache.ratis.server.raftlog.segmented.SegmentedRaftLog.close(SegmentedRaftLog.java:505)
	at org.apache.ratis.server.impl.ServerState.close(ServerState.java:407)
	at org.apache.ratis.server.impl.RaftServerImpl.lambda$close$4(RaftServerImpl.java:428)
	at org.apache.ratis.util.LifeCycle.lambda$checkStateAndClose$4(LifeCycle.java:299)
	at org.apache.ratis.util.LifeCycle.checkStateAndClose(LifeCycle.java:319)
	at org.apache.ratis.util.LifeCycle.checkStateAndClose(LifeCycle.java:297)
	at org.apache.ratis.server.impl.RaftServerImpl.close(RaftServerImpl.java:405)
	at org.apache.ratis.server.impl.RaftServerProxy$ImplMap.close(RaftServerProxy.java:129)
	at org.apache.ratis.server.impl.RaftServerProxy$ImplMap.lambda$close$0(RaftServerProxy.java:117)
	at java.util.stream.ForEachOps$ForEachOp$OfRef.accept(ForEachOps.java:183)
	at java.util.concurrent.ConcurrentHashMap$EntrySpliterator.forEachRemaining(ConcurrentHashMap.java:3606)
	at java.util.stream.AbstractPipeline.copyInto(AbstractPipeline.java:482)
	at java.util.stream.ForEachOps$ForEachTask.compute(ForEachOps.java:290)
	at java.util.concurrent.CountedCompleter.exec(CountedCompleter.java:731)
	at java.util.concurrent.ForkJoinTask.doExec(ForkJoinTask.java:289)
	at java.util.concurrent.ForkJoinTask.doInvoke(ForkJoinTask.java:401)
	at java.util.concurrent.ForkJoinTask.invoke(ForkJoinTask.java:734)
	at java.util.stream.ForEachOps$ForEachOp.evaluateParallel(ForEachOps.java:159)
	at java.util.stream.ForEachOps$ForEachOp$OfRef.evaluateParallel(ForEachOps.java:173)
	at java.util.stream.AbstractPipeline.evaluate(AbstractPipeline.java:233)
	at java.util.stream.ReferencePipeline.forEach(ReferencePipeline.java:485)
	at java.util.stream.ReferencePipeline$Head.forEach(ReferencePipeline.java:650)
	at org.apache.ratis.server.impl.RaftServerProxy$ImplMap.close(RaftServerProxy.java:117)
	at org.apache.ratis.server.impl.RaftServerProxy.lambda$close$6(RaftServerProxy.java:392)
	at org.apache.ratis.util.LifeCycle.lambda$checkStateAndClose$4(LifeCycle.java:299)
	at org.apache.ratis.util.LifeCycle.checkStateAndClose(LifeCycle.java:319)
	at org.apache.ratis.util.LifeCycle.checkStateAndClose(LifeCycle.java:297)
	at org.apache.ratis.server.impl.RaftServerProxy.close(RaftServerProxy.java:390)
	at org.apache.hadoop.ozone.container.common.transport.server.ratis.XceiverServerRatis.stop(XceiverServerRatis.java:522)
	at org.apache.hadoop.ozone.container.ozoneimpl.OzoneContainer.stop(OzoneContainer.java:315)
	at org.apache.hadoop.ozone.container.common.statemachine.DatanodeStateMachine.close(DatanodeStateMachine.java:323)
	at org.apache.hadoop.ozone.container.common.statemachine.DatanodeStateMachine.stopDaemon(DatanodeStateMachine.java:468)
	at org.apache.hadoop.ozone.HddsDatanodeService.stop(HddsDatanodeService.java:568)
	at org.apache.hadoop.ozone.MiniOzoneClusterImpl.stopDatanode(MiniOzoneClusterImpl.java:525)
	at java.util.stream.ForEachOps$ForEachOp$OfRef.accept(ForEachOps.java:183)
	at java.util.ArrayList$ArrayListSpliterator.forEachRemaining(ArrayList.java:1382)
	at java.util.stream.AbstractPipeline.copyInto(AbstractPipeline.java:482)
	at java.util.stream.ForEachOps$ForEachTask.compute(ForEachOps.java:290)
	at java.util.concurrent.CountedCompleter.exec(CountedCompleter.java:731)
	at java.util.concurrent.ForkJoinTask.doExec(ForkJoinTask.java:289)
	at java.util.concurrent.ForkJoinPool.helpComplete(ForkJoinPool.java:1870)
	at java.util.concurrent.ForkJoinPool.externalHelpComplete(ForkJoinPool.java:2467)
	at java.util.concurrent.ForkJoinTask.externalAwaitDone(ForkJoinTask.java:324)
	at java.util.concurrent.ForkJoinTask.doInvoke(ForkJoinTask.java:405)
	at java.util.concurrent.ForkJoinTask.invoke(ForkJoinTask.java:734)
	at java.util.stream.ForEachOps$ForEachOp.evaluateParallel(ForEachOps.java:159)
	at java.util.stream.ForEachOps$ForEachOp$OfRef.evaluateParallel(ForEachOps.java:173)
	at java.util.stream.AbstractPipeline.evaluate(AbstractPipeline.java:233)
	at java.util.stream.ReferencePipeline.forEach(ReferencePipeline.java:485)
	at java.util.stream.ReferencePipeline$Head.forEach(ReferencePipeline.java:650)
	at org.apache.hadoop.ozone.MiniOzoneClusterImpl.stopDatanodes(MiniOzoneClusterImpl.java:519)
	at org.apache.hadoop.ozone.MiniOzoneClusterImpl.stop(MiniOzoneClusterImpl.java:460)
	at org.apache.hadoop.ozone.MiniOzoneClusterImpl.shutdown(MiniOzoneClusterImpl.java:447)
	at org.apache.hadoop.ozone.client.rpc.TestBlockOutputStreamWithFailuresFlushDelay.shutdown(TestBlockOutputStreamWithFailuresFlushDelay.java:159)
	at sun.reflect.NativeMethodAccessorImpl.invoke0(Native Method)
	at sun.reflect.NativeMethodAccessorImpl.invoke(NativeMethodAccessorImpl.java:62)
	at sun.reflect.DelegatingMethodAccessorImpl.invoke(DelegatingMethodAccessorImpl.java:43)
	at java.lang.reflect.Method.invoke(Method.java:498)
	at org.junit.runners.model.FrameworkMethod$1.runReflectiveCall(FrameworkMethod.java:59)
	at org.junit.internal.runners.model.ReflectiveCallable.run(ReflectiveCallable.java:12)
	at org.junit.runners.model.FrameworkMethod.invokeExplosively(FrameworkMethod.java:56)
	at org.junit.internal.runners.statements.RunAfters.invokeMethod(RunAfters.java:46)
	at org.junit.internal.runners.statements.RunAfters.evaluate(RunAfters.java:33)
	at org.junit.internal.runners.statements.FailOnTimeout$CallableStatement.call(FailOnTimeout.java:288)
	at org.junit.internal.runners.statements.FailOnTimeout$CallableStatement.call(FailOnTimeout.java:282)
	at java.util.concurrent.FutureTask.run(FutureTask.java:266)
	... 1 more
2021-05-19 07:43:13,355 [9d983546-4247-4c0f-83b0-40f69e4f4d28@group-B061D1CC775E-SegmentedRaftLogWorker] INFO  segmented.SegmentedRaftLogWorker (SegmentedRaftLogWorker.java:run(327)) - 9d983546-4247-4c0f-83b0-40f69e4f4d28@group-B061D1CC775E-SegmentedRaftLogWorker was interrupted, exiting. There are 0 tasks remaining in the queue.
2021-05-19 07:43:13,378 [68d4f79f-8ed5-4598-b947-57f9bc979c0e@group-62F890F27B82-FollowerState] INFO  impl.FollowerState (FollowerState.java:run(134)) - 68d4f79f-8ed5-4598-b947-57f9bc979c0e@group-62F890F27B82-FollowerState: change to CANDIDATE, lastRpcElapsedTime:5158959068ns, electionTimeout:5124ms
2021-05-19 07:43:13,378 [68d4f79f-8ed5-4598-b947-57f9bc979c0e@group-62F890F27B82-FollowerState] INFO  impl.RoleInfo (RoleInfo.java:shutdownFollowerState(108)) - 68d4f79f-8ed5-4598-b947-57f9bc979c0e: shutdown 68d4f79f-8ed5-4598-b947-57f9bc979c0e@group-62F890F27B82-FollowerState
2021-05-19 07:43:13,378 [68d4f79f-8ed5-4598-b947-57f9bc979c0e@group-62F890F27B82-FollowerState] INFO  server.RaftServer$Division (RaftServerImpl.java:setRole(284)) - 68d4f79f-8ed5-4598-b947-57f9bc979c0e@group-62F890F27B82: changes role from  FOLLOWER to CANDIDATE at term 2 for changeToCandidate
2021-05-19 07:43:13,378 [68d4f79f-8ed5-4598-b947-57f9bc979c0e@group-62F890F27B82-FollowerState] INFO  server.RaftServerConfigKeys (ConfUtils.java:logGet(44)) - raft.server.leaderelection.pre-vote = false (custom)
2021-05-19 07:43:13,378 [68d4f79f-8ed5-4598-b947-57f9bc979c0e@group-62F890F27B82-FollowerState] INFO  impl.RoleInfo (RoleInfo.java:updateAndGet(130)) - 68d4f79f-8ed5-4598-b947-57f9bc979c0e: start 68d4f79f-8ed5-4598-b947-57f9bc979c0e@group-62F890F27B82-LeaderElection72
2021-05-19 07:43:13,394 [Listener at 127.0.0.1/41639] INFO  segmented.SegmentedRaftLogWorker (SegmentedRaftLogWorker.java:close(237)) - 9d983546-4247-4c0f-83b0-40f69e4f4d28@group-B061D1CC775E-SegmentedRaftLogWorker close()
2021-05-19 07:43:13,394 [Listener at 127.0.0.1/41639] INFO  metrics.RatisMetrics (RatisMetrics.java:unregister(43)) - Unregistering Metrics Registry : ratis.log_worker.9d983546-4247-4c0f-83b0-40f69e4f4d28@group-B061D1CC775E
2021-05-19 07:43:13,395 [Listener at 127.0.0.1/41639] INFO  metrics.RatisMetrics (RatisMetrics.java:unregister(43)) - Unregistering Metrics Registry : ratis.leader_election.9d983546-4247-4c0f-83b0-40f69e4f4d28@group-B061D1CC775E
2021-05-19 07:43:13,395 [Listener at 127.0.0.1/41639] INFO  metrics.RatisMetrics (RatisMetrics.java:unregister(43)) - Unregistering Metrics Registry : ratis.server.9d983546-4247-4c0f-83b0-40f69e4f4d28@group-B061D1CC775E
2021-05-19 07:43:13,395 [Listener at 127.0.0.1/41639] INFO  server.RaftServer$Division (RaftServerImpl.java:lambda$close$4(406)) - 9d983546-4247-4c0f-83b0-40f69e4f4d28@group-D5E61D3659AC: shutdown
2021-05-19 07:43:13,395 [Listener at 127.0.0.1/41639] INFO  util.JmxRegister (JmxRegister.java:unregister(73)) - Successfully un-registered JMX Bean with object name Ratis:service=RaftServer,group=group-D5E61D3659AC,id=9d983546-4247-4c0f-83b0-40f69e4f4d28
2021-05-19 07:43:13,395 [Listener at 127.0.0.1/41639] INFO  impl.RoleInfo (RoleInfo.java:shutdownFollowerState(108)) - 9d983546-4247-4c0f-83b0-40f69e4f4d28: shutdown 9d983546-4247-4c0f-83b0-40f69e4f4d28@group-D5E61D3659AC-FollowerState
2021-05-19 07:43:13,395 [Listener at 127.0.0.1/41639] INFO  impl.StateMachineUpdater (StateMachineUpdater.java:stopAndJoin(149)) - 9d983546-4247-4c0f-83b0-40f69e4f4d28@group-D5E61D3659AC-StateMachineUpdater: set stopIndex = 0
2021-05-19 07:43:13,395 [9d983546-4247-4c0f-83b0-40f69e4f4d28@group-D5E61D3659AC-FollowerState] INFO  impl.FollowerState (FollowerState.java:run(143)) - 9d983546-4247-4c0f-83b0-40f69e4f4d28@group-D5E61D3659AC-FollowerState was interrupted: {}
java.lang.InterruptedException: sleep interrupted
	at java.lang.Thread.sleep(Native Method)
	at java.lang.Thread.sleep(Thread.java:340)
	at java.util.concurrent.TimeUnit.sleep(TimeUnit.java:386)
	at org.apache.ratis.util.TimeDuration.sleep(TimeDuration.java:324)
	at org.apache.ratis.util.TimeDuration.sleep(TimeDuration.java:309)
	at org.apache.ratis.server.impl.FollowerState.run(FollowerState.java:118)
2021-05-19 07:43:13,396 [9d983546-4247-4c0f-83b0-40f69e4f4d28@group-D5E61D3659AC-StateMachineUpdater] INFO  ratis.ContainerStateMachine (ContainerStateMachine.java:takeSnapshot(292)) - group-D5E61D3659AC: Taking a snapshot at:(t:2, i:0) file /github/workspace/mnt/ozone/hadoop-ozone/integration-test/target/test-dir/MiniOzoneClusterImpl-952c9dfc-8967-4523-b06f-60d3bd5de2bf/datanode-5/data/ratis/19596144-870e-41aa-8706-d5e61d3659ac/sm/snapshot.2_0
2021-05-19 07:43:13,397 [9d983546-4247-4c0f-83b0-40f69e4f4d28@group-D5E61D3659AC-StateMachineUpdater] INFO  ratis.ContainerStateMachine (ContainerStateMachine.java:takeSnapshot(303)) - group-D5E61D3659AC: Finished taking a snapshot at:(t:2, i:0) file:/github/workspace/mnt/ozone/hadoop-ozone/integration-test/target/test-dir/MiniOzoneClusterImpl-952c9dfc-8967-4523-b06f-60d3bd5de2bf/datanode-5/data/ratis/19596144-870e-41aa-8706-d5e61d3659ac/sm/snapshot.2_0 took: 1 ms
2021-05-19 07:43:13,397 [9d983546-4247-4c0f-83b0-40f69e4f4d28@group-D5E61D3659AC-StateMachineUpdater] INFO  impl.StateMachineUpdater (StateMachineUpdater.java:takeSnapshot(281)) - 9d983546-4247-4c0f-83b0-40f69e4f4d28@group-D5E61D3659AC-StateMachineUpdater: Took a snapshot at index 0
2021-05-19 07:43:13,397 [9d983546-4247-4c0f-83b0-40f69e4f4d28@group-D5E61D3659AC-StateMachineUpdater] INFO  impl.StateMachineUpdater (StateMachineUpdater.java:lambda$new$0(89)) - 9d983546-4247-4c0f-83b0-40f69e4f4d28@group-D5E61D3659AC-StateMachineUpdater: snapshotIndex: updateIncreasingly -1 -> 0
2021-05-19 07:43:13,397 [9d983546-4247-4c0f-83b0-40f69e4f4d28@group-D5E61D3659AC-StateMachineUpdater] INFO  metrics.RatisMetrics (RatisMetrics.java:unregister(43)) - Unregistering Metrics Registry : ratis.state_machine.9d983546-4247-4c0f-83b0-40f69e4f4d28@group-D5E61D3659AC
2021-05-19 07:43:13,398 [68d4f79f-8ed5-4598-b947-57f9bc979c0e@group-62F890F27B82-LeaderElection72] INFO  impl.LeaderElection (LeaderElection.java:askForVotes(306)) - 68d4f79f-8ed5-4598-b947-57f9bc979c0e@group-62F890F27B82-LeaderElection72 ELECTION round 0: submit vote requests at term 3 for -1: [b054e63b-a418-439f-9265-0225a71f074a|rpc:172.17.0.2:34287|priority:0, 68d4f79f-8ed5-4598-b947-57f9bc979c0e|rpc:172.17.0.2:42729|priority:1, 8e81be81-8cf3-4cb2-af1f-2c1c9bc19b0e|rpc:172.17.0.2:41855|priority:0], old=null
2021-05-19 07:43:13,398 [Listener at 127.0.0.1/41639] INFO  server.RaftServer$Division (ServerState.java:close(405)) - 9d983546-4247-4c0f-83b0-40f69e4f4d28@group-D5E61D3659AC: closes. applyIndex: 0
2021-05-19 07:43:13,402 [9d983546-4247-4c0f-83b0-40f69e4f4d28@group-D5E61D3659AC-SegmentedRaftLogWorker] INFO  segmented.SegmentedRaftLogWorker (SegmentedRaftLogWorker.java:run(327)) - 9d983546-4247-4c0f-83b0-40f69e4f4d28@group-D5E61D3659AC-SegmentedRaftLogWorker was interrupted, exiting. There are 0 tasks remaining in the queue.
2021-05-19 07:43:13,402 [Listener at 127.0.0.1/41639] INFO  segmented.SegmentedRaftLogWorker (SegmentedRaftLogWorker.java:close(237)) - 9d983546-4247-4c0f-83b0-40f69e4f4d28@group-D5E61D3659AC-SegmentedRaftLogWorker close()
2021-05-19 07:43:13,403 [Listener at 127.0.0.1/41639] INFO  metrics.RatisMetrics (RatisMetrics.java:unregister(43)) - Unregistering Metrics Registry : ratis.log_worker.9d983546-4247-4c0f-83b0-40f69e4f4d28@group-D5E61D3659AC
2021-05-19 07:43:13,403 [Listener at 127.0.0.1/41639] INFO  metrics.RatisMetrics (RatisMetrics.java:unregister(43)) - Unregistering Metrics Registry : ratis.leader_election.9d983546-4247-4c0f-83b0-40f69e4f4d28@group-D5E61D3659AC
2021-05-19 07:43:13,403 [Listener at 127.0.0.1/41639] INFO  metrics.RatisMetrics (RatisMetrics.java:unregister(43)) - Unregistering Metrics Registry : ratis.server.9d983546-4247-4c0f-83b0-40f69e4f4d28@group-D5E61D3659AC
2021-05-19 07:43:13,403 [Listener at 127.0.0.1/41639] INFO  server.RaftServer$Division (RaftServerImpl.java:lambda$close$4(406)) - 9d983546-4247-4c0f-83b0-40f69e4f4d28@group-90637293647B: shutdown
2021-05-19 07:43:13,403 [Listener at 127.0.0.1/41639] INFO  util.JmxRegister (JmxRegister.java:unregister(73)) - Successfully un-registered JMX Bean with object name Ratis:service=RaftServer,group=group-90637293647B,id=9d983546-4247-4c0f-83b0-40f69e4f4d28
2021-05-19 07:43:13,403 [Listener at 127.0.0.1/41639] INFO  impl.RoleInfo (RoleInfo.java:shutdownLeaderState(91)) - 9d983546-4247-4c0f-83b0-40f69e4f4d28: shutdown 9d983546-4247-4c0f-83b0-40f69e4f4d28@group-90637293647B-LeaderStateImpl
2021-05-19 07:43:13,403 [Listener at 127.0.0.1/41639] INFO  impl.PendingRequests (PendingRequests.java:sendNotLeaderResponses(249)) - 9d983546-4247-4c0f-83b0-40f69e4f4d28@group-90637293647B-PendingRequests: sendNotLeaderResponses
2021-05-19 07:43:13,403 [Listener at 127.0.0.1/41639] INFO  metrics.RatisMetrics (RatisMetrics.java:unregister(43)) - Unregistering Metrics Registry : ratis.log_appender.9d983546-4247-4c0f-83b0-40f69e4f4d28@group-90637293647B
2021-05-19 07:43:13,404 [Listener at 127.0.0.1/41639] INFO  metrics.RatisMetrics (RatisMetrics.java:unregister(43)) - Unregistering Metrics Registry : ratis.server.9d983546-4247-4c0f-83b0-40f69e4f4d28@group-90637293647B
2021-05-19 07:43:13,404 [Listener at 127.0.0.1/41639] INFO  impl.StateMachineUpdater (StateMachineUpdater.java:stopAndJoin(149)) - 9d983546-4247-4c0f-83b0-40f69e4f4d28@group-90637293647B-StateMachineUpdater: set stopIndex = 0
2021-05-19 07:43:13,404 [9d983546-4247-4c0f-83b0-40f69e4f4d28@group-90637293647B-StateMachineUpdater] INFO  ratis.ContainerStateMachine (ContainerStateMachine.java:takeSnapshot(292)) - group-90637293647B: Taking a snapshot at:(t:1, i:0) file /github/workspace/mnt/ozone/hadoop-ozone/integration-test/target/test-dir/MiniOzoneClusterImpl-952c9dfc-8967-4523-b06f-60d3bd5de2bf/datanode-5/data/ratis/98771a20-3df8-435b-9a50-90637293647b/sm/snapshot.1_0
2021-05-19 07:43:13,405 [9d983546-4247-4c0f-83b0-40f69e4f4d28@group-90637293647B-StateMachineUpdater] INFO  ratis.ContainerStateMachine (ContainerStateMachine.java:takeSnapshot(303)) - group-90637293647B: Finished taking a snapshot at:(t:1, i:0) file:/github/workspace/mnt/ozone/hadoop-ozone/integration-test/target/test-dir/MiniOzoneClusterImpl-952c9dfc-8967-4523-b06f-60d3bd5de2bf/datanode-5/data/ratis/98771a20-3df8-435b-9a50-90637293647b/sm/snapshot.1_0 took: 1 ms
2021-05-19 07:43:13,405 [9d983546-4247-4c0f-83b0-40f69e4f4d28@group-90637293647B-StateMachineUpdater] INFO  impl.StateMachineUpdater (StateMachineUpdater.java:takeSnapshot(281)) - 9d983546-4247-4c0f-83b0-40f69e4f4d28@group-90637293647B-StateMachineUpdater: Took a snapshot at index 0
2021-05-19 07:43:13,405 [9d983546-4247-4c0f-83b0-40f69e4f4d28@group-90637293647B-StateMachineUpdater] INFO  impl.StateMachineUpdater (StateMachineUpdater.java:lambda$new$0(89)) - 9d983546-4247-4c0f-83b0-40f69e4f4d28@group-90637293647B-StateMachineUpdater: snapshotIndex: updateIncreasingly -1 -> 0
2021-05-19 07:43:13,405 [9d983546-4247-4c0f-83b0-40f69e4f4d28@group-90637293647B-StateMachineUpdater] INFO  metrics.RatisMetrics (RatisMetrics.java:unregister(43)) - Unregistering Metrics Registry : ratis.state_machine.9d983546-4247-4c0f-83b0-40f69e4f4d28@group-90637293647B
2021-05-19 07:43:13,405 [Listener at 127.0.0.1/41639] INFO  server.RaftServer$Division (ServerState.java:close(405)) - 9d983546-4247-4c0f-83b0-40f69e4f4d28@group-90637293647B: closes. applyIndex: 0
2021-05-19 07:43:13,416 [9d983546-4247-4c0f-83b0-40f69e4f4d28@group-90637293647B-SegmentedRaftLogWorker] INFO  segmented.SegmentedRaftLogWorker (SegmentedRaftLogWorker.java:run(327)) - 9d983546-4247-4c0f-83b0-40f69e4f4d28@group-90637293647B-SegmentedRaftLogWorker was interrupted, exiting. There are 0 tasks remaining in the queue.
2021-05-19 07:43:13,416 [68d4f79f-8ed5-4598-b947-57f9bc979c0e@group-62F890F27B82-LeaderElection72] INFO  impl.LeaderElection (LogUtils.java:infoOrTrace(137)) - 68d4f79f-8ed5-4598-b947-57f9bc979c0e@group-62F890F27B82-LeaderElection72 got exception when requesting votes: java.util.concurrent.ExecutionException: org.apache.ratis.thirdparty.io.grpc.StatusRuntimeException: UNAVAILABLE: io exception
2021-05-19 07:43:13,417 [Listener at 127.0.0.1/41639] INFO  segmented.SegmentedRaftLogWorker (SegmentedRaftLogWorker.java:close(237)) - 9d983546-4247-4c0f-83b0-40f69e4f4d28@group-90637293647B-SegmentedRaftLogWorker close()
2021-05-19 07:43:13,417 [Listener at 127.0.0.1/41639] INFO  metrics.RatisMetrics (RatisMetrics.java:unregister(43)) - Unregistering Metrics Registry : ratis.log_worker.9d983546-4247-4c0f-83b0-40f69e4f4d28@group-90637293647B
2021-05-19 07:43:13,417 [Listener at 127.0.0.1/41639] INFO  metrics.RatisMetrics (RatisMetrics.java:unregister(43)) - Unregistering Metrics Registry : ratis.leader_election.9d983546-4247-4c0f-83b0-40f69e4f4d28@group-90637293647B
2021-05-19 07:43:13,417 [Listener at 127.0.0.1/41639] INFO  metrics.RatisMetrics (RatisMetrics.java:unregister(43)) - Unregistering Metrics Registry : ratis.server.9d983546-4247-4c0f-83b0-40f69e4f4d28@group-90637293647B
2021-05-19 07:43:13,417 [Listener at 127.0.0.1/41639] INFO  server.GrpcService (GrpcService.java:closeImpl(262)) - 9d983546-4247-4c0f-83b0-40f69e4f4d28: shutdown server with port 36963 now
2021-05-19 07:43:13,423 [68d4f79f-8ed5-4598-b947-57f9bc979c0e@group-62F890F27B82-LeaderElection72] INFO  impl.LeaderElection (LogUtils.java:infoOrTrace(137)) - 68d4f79f-8ed5-4598-b947-57f9bc979c0e@group-62F890F27B82-LeaderElection72 got exception when requesting votes: java.util.concurrent.ExecutionException: org.apache.ratis.thirdparty.io.grpc.StatusRuntimeException: UNAVAILABLE: io exception
2021-05-19 07:43:13,423 [68d4f79f-8ed5-4598-b947-57f9bc979c0e@group-62F890F27B82-LeaderElection72] INFO  impl.LeaderElection (LeaderElection.java:logAndReturn(89)) - 68d4f79f-8ed5-4598-b947-57f9bc979c0e@group-62F890F27B82-LeaderElection72: ELECTION REJECTED received 0 response(s) and 2 exception(s):
2021-05-19 07:43:13,423 [68d4f79f-8ed5-4598-b947-57f9bc979c0e@group-62F890F27B82-LeaderElection72] INFO  impl.LeaderElection (LogUtils.java:infoOrTrace(137)) -   Exception 0: java.util.concurrent.ExecutionException: org.apache.ratis.thirdparty.io.grpc.StatusRuntimeException: UNAVAILABLE: io exception
2021-05-19 07:43:13,423 [68d4f79f-8ed5-4598-b947-57f9bc979c0e@group-62F890F27B82-LeaderElection72] INFO  impl.LeaderElection (LogUtils.java:infoOrTrace(137)) -   Exception 1: java.util.concurrent.ExecutionException: org.apache.ratis.thirdparty.io.grpc.StatusRuntimeException: UNAVAILABLE: io exception
2021-05-19 07:43:13,423 [68d4f79f-8ed5-4598-b947-57f9bc979c0e@group-62F890F27B82-LeaderElection72] INFO  impl.LeaderElection (LeaderElection.java:askForVotes(308)) - 68d4f79f-8ed5-4598-b947-57f9bc979c0e@group-62F890F27B82-LeaderElection72 ELECTION round 0: result REJECTED
2021-05-19 07:43:13,423 [68d4f79f-8ed5-4598-b947-57f9bc979c0e@group-62F890F27B82-LeaderElection72] INFO  server.RaftServer$Division (RaftServerImpl.java:setRole(284)) - 68d4f79f-8ed5-4598-b947-57f9bc979c0e@group-62F890F27B82: changes role from CANDIDATE to FOLLOWER at term 3 for REJECTED
2021-05-19 07:43:13,423 [68d4f79f-8ed5-4598-b947-57f9bc979c0e@group-62F890F27B82-LeaderElection72] INFO  impl.RoleInfo (RoleInfo.java:shutdownLeaderElection(121)) - 68d4f79f-8ed5-4598-b947-57f9bc979c0e: shutdown 68d4f79f-8ed5-4598-b947-57f9bc979c0e@group-62F890F27B82-LeaderElection72
2021-05-19 07:43:13,423 [68d4f79f-8ed5-4598-b947-57f9bc979c0e@group-62F890F27B82-LeaderElection72] INFO  impl.RoleInfo (RoleInfo.java:updateAndGet(130)) - 68d4f79f-8ed5-4598-b947-57f9bc979c0e: start 68d4f79f-8ed5-4598-b947-57f9bc979c0e@group-62F890F27B82-FollowerState
2021-05-19 07:43:13,427 [grpc-default-executor-2] WARN  server.GrpcServerProtocolService (LogUtils.java:warn(122)) - 9d983546-4247-4c0f-83b0-40f69e4f4d28: installSnapshot onError, lastRequest: 37b2c1ee-956a-4dec-b232-912a6a25ff9b->9d983546-4247-4c0f-83b0-40f69e4f4d28#2-t6,previous=(t:6, i:1),leaderCommit=1,initializing? true,entries: size=1, first=(t:6, i:2), METADATAENTRY(c:1): org.apache.ratis.thirdparty.io.grpc.StatusRuntimeException: CANCELLED: client cancelled
2021-05-19 07:43:13,427 [grpc-default-executor-5] WARN  server.GrpcServerProtocolService (LogUtils.java:warn(122)) - 9d983546-4247-4c0f-83b0-40f69e4f4d28: installSnapshot onError, lastRequest: 37b2c1ee-956a-4dec-b232-912a6a25ff9b->9d983546-4247-4c0f-83b0-40f69e4f4d28#1-t2,previous=(t:0, i:0),leaderCommit=0,initializing? true,entries: size=1, first=(t:2, i:0), CONFIGURATIONENTRY: org.apache.ratis.thirdparty.io.grpc.StatusRuntimeException: CANCELLED: client cancelled
2021-05-19 07:43:13,431 [grpc-default-executor-5] WARN  server.GrpcLogAppender (LogUtils.java:warn(122)) - 37b2c1ee-956a-4dec-b232-912a6a25ff9b@group-B061D1CC775E->9d983546-4247-4c0f-83b0-40f69e4f4d28-AppendLogResponseHandler: Failed appendEntries: org.apache.ratis.thirdparty.io.grpc.StatusRuntimeException: CANCELLED: HTTP/2 error code: CANCEL
Received Rst Stream
2021-05-19 07:43:13,431 [grpc-default-executor-5] INFO  leader.FollowerInfo (FollowerInfoImpl.java:lambda$new$0(46)) - 37b2c1ee-956a-4dec-b232-912a6a25ff9b@group-B061D1CC775E->9d983546-4247-4c0f-83b0-40f69e4f4d28: nextIndex: updateUnconditionally 3 -> 2
2021-05-19 07:43:13,435 [Listener at 127.0.0.1/41639] INFO  server.GrpcService (GrpcService.java:closeImpl(271)) - 9d983546-4247-4c0f-83b0-40f69e4f4d28: shutdown server with port 36963 successfully
2021-05-19 07:43:13,435 [org.apache.ratis.util.JvmPauseMonitor$$Lambda$504/2021733479@7bb81619] INFO  util.JvmPauseMonitor (JvmPauseMonitor.java:run(109)) - JvmPauseMonitor-9d983546-4247-4c0f-83b0-40f69e4f4d28: Stopped
2021-05-19 07:43:13,436 [Listener at 127.0.0.1/41639] INFO  utils.BackgroundService (BackgroundService.java:shutdown(132)) - Shutting down service BlockDeletingService
2021-05-19 07:43:13,439 [Listener at 127.0.0.1/41639] INFO  statemachine.DatanodeStateMachine (DatanodeStateMachine.java:stopDaemon(469)) - Ozone container server stopped.
2021-05-19 07:43:13,439 [grpc-default-executor-6] WARN  server.GrpcLogAppender (LogUtils.java:warn(122)) - 37b2c1ee-956a-4dec-b232-912a6a25ff9b@group-D5E61D3659AC->9d983546-4247-4c0f-83b0-40f69e4f4d28-AppendLogResponseHandler: Failed appendEntries: org.apache.ratis.thirdparty.io.grpc.StatusRuntimeException: CANCELLED: HTTP/2 error code: CANCEL
Received Rst Stream
2021-05-19 07:43:13,439 [grpc-default-executor-6] WARN  server.GrpcLogAppender (GrpcLogAppender.java:resetClient(111)) - 37b2c1ee-956a-4dec-b232-912a6a25ff9b@group-D5E61D3659AC->9d983546-4247-4c0f-83b0-40f69e4f4d28-GrpcLogAppender: Leader has not got in touch with Follower 37b2c1ee-956a-4dec-b232-912a6a25ff9b@group-D5E61D3659AC->9d983546-4247-4c0f-83b0-40f69e4f4d28(c0,m0,n1, attendVote=true, lastRpcSendTime=2028, lastRpcResponseTime=2017) yet, just keep nextIndex unchanged and retry.
2021-05-19 07:43:13,440 [68d4f79f-8ed5-4598-b947-57f9bc979c0e@group-248D4D37A09F-FollowerState] INFO  impl.FollowerState (FollowerState.java:run(134)) - 68d4f79f-8ed5-4598-b947-57f9bc979c0e@group-248D4D37A09F-FollowerState: change to CANDIDATE, lastRpcElapsedTime:5200085272ns, electionTimeout:5180ms
2021-05-19 07:43:13,440 [68d4f79f-8ed5-4598-b947-57f9bc979c0e@group-248D4D37A09F-FollowerState] INFO  impl.RoleInfo (RoleInfo.java:shutdownFollowerState(108)) - 68d4f79f-8ed5-4598-b947-57f9bc979c0e: shutdown 68d4f79f-8ed5-4598-b947-57f9bc979c0e@group-248D4D37A09F-FollowerState
2021-05-19 07:43:13,440 [68d4f79f-8ed5-4598-b947-57f9bc979c0e@group-248D4D37A09F-FollowerState] INFO  server.RaftServer$Division (RaftServerImpl.java:setRole(284)) - 68d4f79f-8ed5-4598-b947-57f9bc979c0e@group-248D4D37A09F: changes role from  FOLLOWER to CANDIDATE at term 2 for changeToCandidate
2021-05-19 07:43:13,440 [68d4f79f-8ed5-4598-b947-57f9bc979c0e@group-248D4D37A09F-FollowerState] INFO  server.RaftServerConfigKeys (ConfUtils.java:logGet(44)) - raft.server.leaderelection.pre-vote = false (custom)
2021-05-19 07:43:13,440 [68d4f79f-8ed5-4598-b947-57f9bc979c0e@group-248D4D37A09F-FollowerState] INFO  impl.RoleInfo (RoleInfo.java:updateAndGet(130)) - 68d4f79f-8ed5-4598-b947-57f9bc979c0e: start 68d4f79f-8ed5-4598-b947-57f9bc979c0e@group-248D4D37A09F-LeaderElection73
2021-05-19 07:43:13,448 [68d4f79f-8ed5-4598-b947-57f9bc979c0e@group-248D4D37A09F-LeaderElection73] INFO  impl.LeaderElection (LeaderElection.java:askForVotes(306)) - 68d4f79f-8ed5-4598-b947-57f9bc979c0e@group-248D4D37A09F-LeaderElection73 ELECTION round 0: submit vote requests at term 3 for -1: [a14714da-c87c-4361-b393-7e96cf422ed7|rpc:172.17.0.2:45547|dataStream:|priority:0, b054e63b-a418-439f-9265-0225a71f074a|rpc:172.17.0.2:34287|dataStream:|priority:1, 68d4f79f-8ed5-4598-b947-57f9bc979c0e|rpc:172.17.0.2:42729|dataStream:|priority:0], old=null
2021-05-19 07:43:13,450 [grpc-default-executor-5] WARN  server.GrpcLogAppender (LogUtils.java:warn(122)) - 37b2c1ee-956a-4dec-b232-912a6a25ff9b@group-B061D1CC775E->9d983546-4247-4c0f-83b0-40f69e4f4d28-AppendLogResponseHandler: Failed appendEntries: org.apache.ratis.thirdparty.io.grpc.StatusRuntimeException: UNAVAILABLE: io exception
2021-05-19 07:43:13,451 [grpc-default-executor-5] INFO  leader.FollowerInfo (FollowerInfoImpl.java:lambda$new$0(46)) - 37b2c1ee-956a-4dec-b232-912a6a25ff9b@group-B061D1CC775E->9d983546-4247-4c0f-83b0-40f69e4f4d28: nextIndex: updateUnconditionally 3 -> 2
2021-05-19 07:43:13,463 [Listener at 127.0.0.1/41639] INFO  handler.ContextHandler (ContextHandler.java:doStop(1154)) - Stopped o.e.j.w.WebAppContext@3ff2ef78{hddsDatanode,/,null,STOPPED}{jar:file:/home/user/.m2/repository/org/apache/hadoop/hadoop-hdds-container-service/1.2.0-SNAPSHOT/hadoop-hdds-container-service-1.2.0-SNAPSHOT.jar!/webapps/hddsDatanode}
2021-05-19 07:43:13,474 [68d4f79f-8ed5-4598-b947-57f9bc979c0e@group-248D4D37A09F-LeaderElection73] INFO  impl.LeaderElection (LogUtils.java:infoOrTrace(137)) - 68d4f79f-8ed5-4598-b947-57f9bc979c0e@group-248D4D37A09F-LeaderElection73 got exception when requesting votes: java.util.concurrent.ExecutionException: org.apache.ratis.thirdparty.io.grpc.StatusRuntimeException: UNAVAILABLE: io exception
2021-05-19 07:43:13,474 [Listener at 127.0.0.1/41639] INFO  server.AbstractConnector (AbstractConnector.java:doStop(381)) - Stopped ServerConnector@7533398a{HTTP/1.1, (http/1.1)}{0.0.0.0:0}
2021-05-19 07:43:13,474 [68d4f79f-8ed5-4598-b947-57f9bc979c0e@group-248D4D37A09F-LeaderElection73] INFO  impl.LeaderElection (LogUtils.java:infoOrTrace(137)) - 68d4f79f-8ed5-4598-b947-57f9bc979c0e@group-248D4D37A09F-LeaderElection73 got exception when requesting votes: java.util.concurrent.ExecutionException: org.apache.ratis.thirdparty.io.grpc.StatusRuntimeException: UNAVAILABLE: io exception
2021-05-19 07:43:13,475 [Listener at 127.0.0.1/41639] INFO  server.session (HouseKeeper.java:stopScavenging(149)) - node0 Stopped scavenging
2021-05-19 07:43:13,475 [68d4f79f-8ed5-4598-b947-57f9bc979c0e@group-248D4D37A09F-LeaderElection73] INFO  impl.LeaderElection (LeaderElection.java:logAndReturn(89)) - 68d4f79f-8ed5-4598-b947-57f9bc979c0e@group-248D4D37A09F-LeaderElection73: ELECTION REJECTED received 0 response(s) and 2 exception(s):
2021-05-19 07:43:13,475 [68d4f79f-8ed5-4598-b947-57f9bc979c0e@group-248D4D37A09F-LeaderElection73] INFO  impl.LeaderElection (LogUtils.java:infoOrTrace(137)) -   Exception 0: java.util.concurrent.ExecutionException: org.apache.ratis.thirdparty.io.grpc.StatusRuntimeException: UNAVAILABLE: io exception
2021-05-19 07:43:13,475 [68d4f79f-8ed5-4598-b947-57f9bc979c0e@group-248D4D37A09F-LeaderElection73] INFO  impl.LeaderElection (LogUtils.java:infoOrTrace(137)) -   Exception 1: java.util.concurrent.ExecutionException: org.apache.ratis.thirdparty.io.grpc.StatusRuntimeException: UNAVAILABLE: io exception
2021-05-19 07:43:13,475 [68d4f79f-8ed5-4598-b947-57f9bc979c0e@group-248D4D37A09F-LeaderElection73] INFO  impl.LeaderElection (LeaderElection.java:askForVotes(308)) - 68d4f79f-8ed5-4598-b947-57f9bc979c0e@group-248D4D37A09F-LeaderElection73 ELECTION round 0: result REJECTED
2021-05-19 07:43:13,475 [68d4f79f-8ed5-4598-b947-57f9bc979c0e@group-248D4D37A09F-LeaderElection73] INFO  server.RaftServer$Division (RaftServerImpl.java:setRole(284)) - 68d4f79f-8ed5-4598-b947-57f9bc979c0e@group-248D4D37A09F: changes role from CANDIDATE to FOLLOWER at term 3 for REJECTED
2021-05-19 07:43:13,475 [68d4f79f-8ed5-4598-b947-57f9bc979c0e@group-248D4D37A09F-LeaderElection73] INFO  impl.RoleInfo (RoleInfo.java:shutdownLeaderElection(121)) - 68d4f79f-8ed5-4598-b947-57f9bc979c0e: shutdown 68d4f79f-8ed5-4598-b947-57f9bc979c0e@group-248D4D37A09F-LeaderElection73
2021-05-19 07:43:13,475 [68d4f79f-8ed5-4598-b947-57f9bc979c0e@group-248D4D37A09F-LeaderElection73] INFO  impl.RoleInfo (RoleInfo.java:updateAndGet(130)) - 68d4f79f-8ed5-4598-b947-57f9bc979c0e: start 68d4f79f-8ed5-4598-b947-57f9bc979c0e@group-248D4D37A09F-FollowerState
2021-05-19 07:43:13,475 [Listener at 127.0.0.1/41639] INFO  handler.ContextHandler (ContextHandler.java:doStop(1154)) - Stopped o.e.j.s.ServletContextHandler@7e326159{static,/static,jar:file:/home/user/.m2/repository/org/apache/hadoop/hadoop-hdds-container-service/1.2.0-SNAPSHOT/hadoop-hdds-container-service-1.2.0-SNAPSHOT.jar!/webapps/static,STOPPED}
2021-05-19 07:43:13,475 [Listener at 127.0.0.1/41639] INFO  handler.ContextHandler (ContextHandler.java:doStop(1154)) - Stopped o.e.j.s.ServletContextHandler@cafad77{logs,/logs,file:///github/workspace/mnt/ozone/hadoop-ozone/integration-test/target/log,STOPPED}
2021-05-19 07:43:13,913 [grpc-default-executor-5] WARN  server.GrpcLogAppender (LogUtils.java:warn(122)) - 37b2c1ee-956a-4dec-b232-912a6a25ff9b@group-D5E61D3659AC->a4ee1d3f-5505-4afe-8a03-746b4b90cef8-AppendLogResponseHandler: Failed appendEntries: org.apache.ratis.thirdparty.io.grpc.StatusRuntimeException: UNAVAILABLE: io exception
2021-05-19 07:43:13,914 [grpc-default-executor-5] WARN  server.GrpcLogAppender (GrpcLogAppender.java:resetClient(111)) - 37b2c1ee-956a-4dec-b232-912a6a25ff9b@group-D5E61D3659AC->a4ee1d3f-5505-4afe-8a03-746b4b90cef8-GrpcLogAppender: Leader has not got in touch with Follower 37b2c1ee-956a-4dec-b232-912a6a25ff9b@group-D5E61D3659AC->a4ee1d3f-5505-4afe-8a03-746b4b90cef8(c0,m0,n1, attendVote=true, lastRpcSendTime=2506, lastRpcResponseTime=12528) yet, just keep nextIndex unchanged and retry.
2021-05-19 07:43:13,922 [grpc-default-executor-5] WARN  server.GrpcLogAppender (LogUtils.java:warn(122)) - 37b2c1ee-956a-4dec-b232-912a6a25ff9b@group-D5E61D3659AC->9d983546-4247-4c0f-83b0-40f69e4f4d28-AppendLogResponseHandler: Failed appendEntries: org.apache.ratis.thirdparty.io.grpc.StatusRuntimeException: UNAVAILABLE: io exception
2021-05-19 07:43:13,922 [grpc-default-executor-5] WARN  server.GrpcLogAppender (GrpcLogAppender.java:resetClient(111)) - 37b2c1ee-956a-4dec-b232-912a6a25ff9b@group-D5E61D3659AC->9d983546-4247-4c0f-83b0-40f69e4f4d28-GrpcLogAppender: Leader has not got in touch with Follower 37b2c1ee-956a-4dec-b232-912a6a25ff9b@group-D5E61D3659AC->9d983546-4247-4c0f-83b0-40f69e4f4d28(c0,m0,n1, attendVote=true, lastRpcSendTime=2511, lastRpcResponseTime=2500) yet, just keep nextIndex unchanged and retry.
2021-05-19 07:43:14,069 [Datanode State Machine Thread - 0] INFO  statemachine.DatanodeStateMachine (DatanodeStateMachine.java:lambda$startDaemon$0(411)) - Ozone container server started.
2021-05-19 07:43:14,670 [grpc-default-executor-5] WARN  server.GrpcLogAppender (LogUtils.java:warn(122)) - 37b2c1ee-956a-4dec-b232-912a6a25ff9b@group-B061D1CC775E->a4ee1d3f-5505-4afe-8a03-746b4b90cef8-AppendLogResponseHandler: Failed appendEntries: org.apache.ratis.thirdparty.io.grpc.StatusRuntimeException: UNAVAILABLE: io exception
2021-05-19 07:43:14,671 [grpc-default-executor-5] WARN  server.GrpcLogAppender (GrpcLogAppender.java:resetClient(111)) - 37b2c1ee-956a-4dec-b232-912a6a25ff9b@group-B061D1CC775E->a4ee1d3f-5505-4afe-8a03-746b4b90cef8-GrpcLogAppender: Leader has not got in touch with Follower 37b2c1ee-956a-4dec-b232-912a6a25ff9b@group-B061D1CC775E->a4ee1d3f-5505-4afe-8a03-746b4b90cef8(c-1,m0,n3, attendVote=true, lastRpcSendTime=0, lastRpcResponseTime=12800) yet, just keep nextIndex unchanged and retry.
2021-05-19 07:43:15,948 [grpc-default-executor-5] WARN  server.GrpcLogAppender (LogUtils.java:warn(122)) - 37b2c1ee-956a-4dec-b232-912a6a25ff9b@group-B061D1CC775E->9d983546-4247-4c0f-83b0-40f69e4f4d28-AppendLogResponseHandler: Failed appendEntries: org.apache.ratis.thirdparty.io.grpc.StatusRuntimeException: UNAVAILABLE: io exception
2021-05-19 07:43:15,949 [grpc-default-executor-5] INFO  leader.FollowerInfo (FollowerInfoImpl.java:lambda$new$0(46)) - 37b2c1ee-956a-4dec-b232-912a6a25ff9b@group-B061D1CC775E->9d983546-4247-4c0f-83b0-40f69e4f4d28: nextIndex: updateUnconditionally 3 -> 2
2021-05-19 07:43:16,422 [grpc-default-executor-5] WARN  server.GrpcLogAppender (LogUtils.java:warn(122)) - 37b2c1ee-956a-4dec-b232-912a6a25ff9b@group-D5E61D3659AC->a4ee1d3f-5505-4afe-8a03-746b4b90cef8-AppendLogResponseHandler: Failed appendEntries: org.apache.ratis.thirdparty.io.grpc.StatusRuntimeException: UNAVAILABLE: io exception
2021-05-19 07:43:16,423 [grpc-default-executor-5] WARN  server.GrpcLogAppender (GrpcLogAppender.java:resetClient(111)) - 37b2c1ee-956a-4dec-b232-912a6a25ff9b@group-D5E61D3659AC->a4ee1d3f-5505-4afe-8a03-746b4b90cef8-GrpcLogAppender: Leader has not got in touch with Follower 37b2c1ee-956a-4dec-b232-912a6a25ff9b@group-D5E61D3659AC->a4ee1d3f-5505-4afe-8a03-746b4b90cef8(c0,m0,n1, attendVote=true, lastRpcSendTime=2508, lastRpcResponseTime=15037) yet, just keep nextIndex unchanged and retry.
2021-05-19 07:43:16,430 [grpc-default-executor-5] WARN  server.GrpcLogAppender (LogUtils.java:warn(122)) - 37b2c1ee-956a-4dec-b232-912a6a25ff9b@group-D5E61D3659AC->9d983546-4247-4c0f-83b0-40f69e4f4d28-AppendLogResponseHandler: Failed appendEntries: org.apache.ratis.thirdparty.io.grpc.StatusRuntimeException: UNAVAILABLE: io exception
2021-05-19 07:43:16,431 [grpc-default-executor-5] WARN  server.GrpcLogAppender (GrpcLogAppender.java:resetClient(111)) - 37b2c1ee-956a-4dec-b232-912a6a25ff9b@group-D5E61D3659AC->9d983546-4247-4c0f-83b0-40f69e4f4d28-GrpcLogAppender: Leader has not got in touch with Follower 37b2c1ee-956a-4dec-b232-912a6a25ff9b@group-D5E61D3659AC->9d983546-4247-4c0f-83b0-40f69e4f4d28(c0,m0,n1, attendVote=true, lastRpcSendTime=2507, lastRpcResponseTime=5009) yet, just keep nextIndex unchanged and retry.
2021-05-19 07:43:16,910 [EventQueue-DeadNodeForDeadNodeHandler] INFO  node.DeadNodeHandler (DeadNodeHandler.java:onMessage(77)) - A dead datanode is detected. 8e81be81-8cf3-4cb2-af1f-2c1c9bc19b0e{ip: 172.17.0.2, host: 3974e5c036b4, ports: [REPLICATION=33707, RATIS=41855, RATIS_ADMIN=41855, RATIS_SERVER=41855, STANDALONE=33695], networkLocation: /default-rack, certSerialId: null, persistedOpState: IN_SERVICE, persistedOpStateExpiryEpochSec: 0}
2021-05-19 07:43:16,910 [EventQueue-DeadNodeForDeadNodeHandler] INFO  pipeline.RatisPipelineProvider (RatisPipelineProvider.java:lambda$close$1(209)) - Send pipeline:PipelineID=34ffaed8-1fd9-4d0b-82e4-4bbccaeda604 close command to datanode b054e63b-a418-439f-9265-0225a71f074a
2021-05-19 07:43:16,911 [EventQueue-DeadNodeForDeadNodeHandler] INFO  pipeline.RatisPipelineProvider (RatisPipelineProvider.java:lambda$close$1(209)) - Send pipeline:PipelineID=34ffaed8-1fd9-4d0b-82e4-4bbccaeda604 close command to datanode a14714da-c87c-4361-b393-7e96cf422ed7
2021-05-19 07:43:16,911 [EventQueue-DeadNodeForDeadNodeHandler] INFO  pipeline.RatisPipelineProvider (RatisPipelineProvider.java:lambda$close$1(209)) - Send pipeline:PipelineID=34ffaed8-1fd9-4d0b-82e4-4bbccaeda604 close command to datanode 8e81be81-8cf3-4cb2-af1f-2c1c9bc19b0e
2021-05-19 07:43:16,911 [EventQueue-DeadNodeForDeadNodeHandler] INFO  pipeline.PipelineStateManager (PipelineStateManagerV2Impl.java:removePipeline(211)) - Pipeline Pipeline[ Id: 34ffaed8-1fd9-4d0b-82e4-4bbccaeda604, Nodes: b054e63b-a418-439f-9265-0225a71f074a{ip: 172.17.0.2, host: 3974e5c036b4, ports: [REPLICATION=42285, RATIS=34287, RATIS_ADMIN=34287, RATIS_SERVER=34287, STANDALONE=45519], networkLocation: /default-rack, certSerialId: null, persistedOpState: IN_SERVICE, persistedOpStateExpiryEpochSec: 0}a14714da-c87c-4361-b393-7e96cf422ed7{ip: 172.17.0.2, host: 3974e5c036b4, ports: [REPLICATION=40039, RATIS=45547, RATIS_ADMIN=45547, RATIS_SERVER=45547, STANDALONE=44867], networkLocation: /default-rack, certSerialId: null, persistedOpState: IN_SERVICE, persistedOpStateExpiryEpochSec: 0}8e81be81-8cf3-4cb2-af1f-2c1c9bc19b0e{ip: 172.17.0.2, host: 3974e5c036b4, ports: [REPLICATION=33707, RATIS=41855, RATIS_ADMIN=41855, RATIS_SERVER=41855, STANDALONE=33695], networkLocation: /default-rack, certSerialId: null, persistedOpState: IN_SERVICE, persistedOpStateExpiryEpochSec: 0}, ReplicationConfig: RATIS/THREE, State:CLOSED, leaderId:, CreationTimestamp2021-05-19T07:42:56.642Z] removed.
2021-05-19 07:43:16,911 [EventQueue-DeadNodeForDeadNodeHandler] INFO  pipeline.RatisPipelineProvider (RatisPipelineProvider.java:lambda$close$1(209)) - Send pipeline:PipelineID=415703f1-9a52-42fb-9a9c-62f890f27b82 close command to datanode 68d4f79f-8ed5-4598-b947-57f9bc979c0e
2021-05-19 07:43:16,911 [EventQueue-DeadNodeForDeadNodeHandler] INFO  pipeline.RatisPipelineProvider (RatisPipelineProvider.java:lambda$close$1(209)) - Send pipeline:PipelineID=415703f1-9a52-42fb-9a9c-62f890f27b82 close command to datanode 8e81be81-8cf3-4cb2-af1f-2c1c9bc19b0e
2021-05-19 07:43:16,911 [EventQueue-DeadNodeForDeadNodeHandler] INFO  pipeline.RatisPipelineProvider (RatisPipelineProvider.java:lambda$close$1(209)) - Send pipeline:PipelineID=415703f1-9a52-42fb-9a9c-62f890f27b82 close command to datanode b054e63b-a418-439f-9265-0225a71f074a
2021-05-19 07:43:16,911 [EventQueue-DeadNodeForDeadNodeHandler] INFO  pipeline.PipelineStateManager (PipelineStateManagerV2Impl.java:removePipeline(211)) - Pipeline Pipeline[ Id: 415703f1-9a52-42fb-9a9c-62f890f27b82, Nodes: 68d4f79f-8ed5-4598-b947-57f9bc979c0e{ip: 172.17.0.2, host: 3974e5c036b4, ports: [REPLICATION=43949, RATIS=42729, RATIS_ADMIN=42729, RATIS_SERVER=42729, STANDALONE=34701], networkLocation: /default-rack, certSerialId: null, persistedOpState: IN_SERVICE, persistedOpStateExpiryEpochSec: 0}8e81be81-8cf3-4cb2-af1f-2c1c9bc19b0e{ip: 172.17.0.2, host: 3974e5c036b4, ports: [REPLICATION=33707, RATIS=41855, RATIS_ADMIN=41855, RATIS_SERVER=41855, STANDALONE=33695], networkLocation: /default-rack, certSerialId: null, persistedOpState: IN_SERVICE, persistedOpStateExpiryEpochSec: 0}b054e63b-a418-439f-9265-0225a71f074a{ip: 172.17.0.2, host: 3974e5c036b4, ports: [REPLICATION=42285, RATIS=34287, RATIS_ADMIN=34287, RATIS_SERVER=34287, STANDALONE=45519], networkLocation: /default-rack, certSerialId: null, persistedOpState: IN_SERVICE, persistedOpStateExpiryEpochSec: 0}, ReplicationConfig: RATIS/THREE, State:CLOSED, leaderId:, CreationTimestamp2021-05-19T07:42:56.640Z] removed.
2021-05-19 07:43:16,911 [EventQueue-DeadNodeForDeadNodeHandler] INFO  pipeline.RatisPipelineProvider (RatisPipelineProvider.java:lambda$close$1(209)) - Send pipeline:PipelineID=b87480d2-548e-42a5-9717-0aba87d6a849 close command to datanode 8e81be81-8cf3-4cb2-af1f-2c1c9bc19b0e
2021-05-19 07:43:16,911 [EventQueue-DeadNodeForDeadNodeHandler] INFO  pipeline.PipelineStateManager (PipelineStateManagerV2Impl.java:removePipeline(211)) - Pipeline Pipeline[ Id: b87480d2-548e-42a5-9717-0aba87d6a849, Nodes: 8e81be81-8cf3-4cb2-af1f-2c1c9bc19b0e{ip: 172.17.0.2, host: 3974e5c036b4, ports: [REPLICATION=33707, RATIS=41855, RATIS_ADMIN=41855, RATIS_SERVER=41855, STANDALONE=33695], networkLocation: /default-rack, certSerialId: null, persistedOpState: IN_SERVICE, persistedOpStateExpiryEpochSec: 0}, ReplicationConfig: RATIS/ONE, State:CLOSED, leaderId:8e81be81-8cf3-4cb2-af1f-2c1c9bc19b0e, CreationTimestamp2021-05-19T07:41:57.484Z] removed.
2021-05-19 07:43:16,911 [EventQueue-DeadNodeForDeadNodeHandler] INFO  pipeline.RatisPipelineProvider (RatisPipelineProvider.java:lambda$close$1(209)) - Send pipeline:PipelineID=410da6b5-5245-4022-b85d-1f4802a68f73 close command to datanode 68d4f79f-8ed5-4598-b947-57f9bc979c0e
2021-05-19 07:43:16,912 [EventQueue-DeadNodeForDeadNodeHandler] INFO  pipeline.RatisPipelineProvider (RatisPipelineProvider.java:lambda$close$1(209)) - Send pipeline:PipelineID=410da6b5-5245-4022-b85d-1f4802a68f73 close command to datanode a14714da-c87c-4361-b393-7e96cf422ed7
2021-05-19 07:43:16,912 [EventQueue-DeadNodeForDeadNodeHandler] INFO  pipeline.RatisPipelineProvider (RatisPipelineProvider.java:lambda$close$1(209)) - Send pipeline:PipelineID=410da6b5-5245-4022-b85d-1f4802a68f73 close command to datanode 8e81be81-8cf3-4cb2-af1f-2c1c9bc19b0e
2021-05-19 07:43:16,912 [EventQueue-DeadNodeForDeadNodeHandler] INFO  pipeline.PipelineStateManager (PipelineStateManagerV2Impl.java:removePipeline(211)) - Pipeline Pipeline[ Id: 410da6b5-5245-4022-b85d-1f4802a68f73, Nodes: 68d4f79f-8ed5-4598-b947-57f9bc979c0e{ip: 172.17.0.2, host: 3974e5c036b4, ports: [REPLICATION=43949, RATIS=42729, RATIS_ADMIN=42729, RATIS_SERVER=42729, STANDALONE=34701], networkLocation: /default-rack, certSerialId: null, persistedOpState: IN_SERVICE, persistedOpStateExpiryEpochSec: 0}a14714da-c87c-4361-b393-7e96cf422ed7{ip: 172.17.0.2, host: 3974e5c036b4, ports: [REPLICATION=40039, RATIS=45547, RATIS_ADMIN=45547, RATIS_SERVER=45547, STANDALONE=44867], networkLocation: /default-rack, certSerialId: null, persistedOpState: IN_SERVICE, persistedOpStateExpiryEpochSec: 0}8e81be81-8cf3-4cb2-af1f-2c1c9bc19b0e{ip: 172.17.0.2, host: 3974e5c036b4, ports: [REPLICATION=33707, RATIS=41855, RATIS_ADMIN=41855, RATIS_SERVER=41855, STANDALONE=33695], networkLocation: /default-rack, certSerialId: null, persistedOpState: IN_SERVICE, persistedOpStateExpiryEpochSec: 0}, ReplicationConfig: RATIS/THREE, State:CLOSED, leaderId:, CreationTimestamp2021-05-19T07:42:56.641Z] removed.
2021-05-19 07:43:17,178 [grpc-default-executor-5] WARN  server.GrpcLogAppender (LogUtils.java:warn(122)) - 37b2c1ee-956a-4dec-b232-912a6a25ff9b@group-B061D1CC775E->a4ee1d3f-5505-4afe-8a03-746b4b90cef8-AppendLogResponseHandler: Failed appendEntries: org.apache.ratis.thirdparty.io.grpc.StatusRuntimeException: UNAVAILABLE: io exception
2021-05-19 07:43:17,179 [grpc-default-executor-5] WARN  server.GrpcLogAppender (GrpcLogAppender.java:resetClient(111)) - 37b2c1ee-956a-4dec-b232-912a6a25ff9b@group-B061D1CC775E->a4ee1d3f-5505-4afe-8a03-746b4b90cef8-GrpcLogAppender: Leader has not got in touch with Follower 37b2c1ee-956a-4dec-b232-912a6a25ff9b@group-B061D1CC775E->a4ee1d3f-5505-4afe-8a03-746b4b90cef8(c-1,m0,n3, attendVote=true, lastRpcSendTime=2508, lastRpcResponseTime=15308) yet, just keep nextIndex unchanged and retry.
2021-05-19 07:43:17,411 [EventQueue-DeadNodeForDeadNodeHandler] INFO  node.DeadNodeHandler (DeadNodeHandler.java:onMessage(77)) - A dead datanode is detected. a4ee1d3f-5505-4afe-8a03-746b4b90cef8{ip: 172.17.0.2, host: 3974e5c036b4, ports: [REPLICATION=43531, RATIS=46809, RATIS_ADMIN=46809, RATIS_SERVER=46809, STANDALONE=36497], networkLocation: /default-rack, certSerialId: null, persistedOpState: IN_SERVICE, persistedOpStateExpiryEpochSec: 0}
2021-05-19 07:43:17,411 [EventQueue-DeadNodeForDeadNodeHandler] INFO  pipeline.RatisPipelineProvider (RatisPipelineProvider.java:lambda$close$1(209)) - Send pipeline:PipelineID=19596144-870e-41aa-8706-d5e61d3659ac close command to datanode 9d983546-4247-4c0f-83b0-40f69e4f4d28
2021-05-19 07:43:17,411 [EventQueue-DeadNodeForDeadNodeHandler] INFO  pipeline.RatisPipelineProvider (RatisPipelineProvider.java:lambda$close$1(209)) - Send pipeline:PipelineID=19596144-870e-41aa-8706-d5e61d3659ac close command to datanode a4ee1d3f-5505-4afe-8a03-746b4b90cef8
2021-05-19 07:43:17,411 [EventQueue-DeadNodeForDeadNodeHandler] INFO  pipeline.RatisPipelineProvider (RatisPipelineProvider.java:lambda$close$1(209)) - Send pipeline:PipelineID=19596144-870e-41aa-8706-d5e61d3659ac close command to datanode 37b2c1ee-956a-4dec-b232-912a6a25ff9b
2021-05-19 07:43:17,412 [EventQueue-DeadNodeForDeadNodeHandler] INFO  pipeline.PipelineStateManager (PipelineStateManagerV2Impl.java:removePipeline(211)) - Pipeline Pipeline[ Id: 19596144-870e-41aa-8706-d5e61d3659ac, Nodes: 9d983546-4247-4c0f-83b0-40f69e4f4d28{ip: 172.17.0.2, host: 3974e5c036b4, ports: [REPLICATION=38577, RATIS=36963, RATIS_ADMIN=36963, RATIS_SERVER=36963, STANDALONE=35805], networkLocation: /default-rack, certSerialId: null, persistedOpState: IN_SERVICE, persistedOpStateExpiryEpochSec: 0}a4ee1d3f-5505-4afe-8a03-746b4b90cef8{ip: 172.17.0.2, host: 3974e5c036b4, ports: [REPLICATION=43531, RATIS=46809, RATIS_ADMIN=46809, RATIS_SERVER=46809, STANDALONE=36497], networkLocation: /default-rack, certSerialId: null, persistedOpState: IN_SERVICE, persistedOpStateExpiryEpochSec: 0}37b2c1ee-956a-4dec-b232-912a6a25ff9b{ip: 172.17.0.2, host: 3974e5c036b4, ports: [REPLICATION=33365, RATIS=35677, RATIS_ADMIN=35677, RATIS_SERVER=35677, STANDALONE=37521], networkLocation: /default-rack, certSerialId: null, persistedOpState: IN_SERVICE, persistedOpStateExpiryEpochSec: 0}, ReplicationConfig: RATIS/THREE, State:CLOSED, leaderId:37b2c1ee-956a-4dec-b232-912a6a25ff9b, CreationTimestamp2021-05-19T07:41:58.345Z] removed.
2021-05-19 07:43:17,412 [EventQueue-DeadNodeForDeadNodeHandler] INFO  pipeline.RatisPipelineProvider (RatisPipelineProvider.java:lambda$close$1(209)) - Send pipeline:PipelineID=5b0e428d-fccc-451c-957f-03e6ad90b47f close command to datanode a4ee1d3f-5505-4afe-8a03-746b4b90cef8
2021-05-19 07:43:17,412 [EventQueue-DeadNodeForDeadNodeHandler] INFO  pipeline.RatisPipelineProvider (RatisPipelineProvider.java:lambda$close$1(209)) - Send pipeline:PipelineID=5b0e428d-fccc-451c-957f-03e6ad90b47f close command to datanode 37b2c1ee-956a-4dec-b232-912a6a25ff9b
2021-05-19 07:43:17,412 [EventQueue-DeadNodeForDeadNodeHandler] INFO  pipeline.RatisPipelineProvider (RatisPipelineProvider.java:lambda$close$1(209)) - Send pipeline:PipelineID=5b0e428d-fccc-451c-957f-03e6ad90b47f close command to datanode 9d983546-4247-4c0f-83b0-40f69e4f4d28
2021-05-19 07:43:17,412 [EventQueue-DeadNodeForDeadNodeHandler] INFO  pipeline.PipelineStateManager (PipelineStateManagerV2Impl.java:removePipeline(211)) - Pipeline Pipeline[ Id: 5b0e428d-fccc-451c-957f-03e6ad90b47f, Nodes: a4ee1d3f-5505-4afe-8a03-746b4b90cef8{ip: 172.17.0.2, host: 3974e5c036b4, ports: [REPLICATION=43531, RATIS=46809, RATIS_ADMIN=46809, RATIS_SERVER=46809, STANDALONE=36497], networkLocation: /default-rack, certSerialId: null, persistedOpState: IN_SERVICE, persistedOpStateExpiryEpochSec: 0}37b2c1ee-956a-4dec-b232-912a6a25ff9b{ip: 172.17.0.2, host: 3974e5c036b4, ports: [REPLICATION=33365, RATIS=35677, RATIS_ADMIN=35677, RATIS_SERVER=35677, STANDALONE=37521], networkLocation: /default-rack, certSerialId: null, persistedOpState: IN_SERVICE, persistedOpStateExpiryEpochSec: 0}9d983546-4247-4c0f-83b0-40f69e4f4d28{ip: 172.17.0.2, host: 3974e5c036b4, ports: [REPLICATION=38577, RATIS=36963, RATIS_ADMIN=36963, RATIS_SERVER=36963, STANDALONE=35805], networkLocation: /default-rack, certSerialId: null, persistedOpState: IN_SERVICE, persistedOpStateExpiryEpochSec: 0}, ReplicationConfig: RATIS/THREE, State:CLOSED, leaderId:9d983546-4247-4c0f-83b0-40f69e4f4d28, CreationTimestamp2021-05-19T07:41:58.343Z] removed.
2021-05-19 07:43:17,412 [EventQueue-DeadNodeForDeadNodeHandler] INFO  pipeline.RatisPipelineProvider (RatisPipelineProvider.java:lambda$close$1(209)) - Send pipeline:PipelineID=03b01f46-c381-4ba2-a991-b061d1cc775e close command to datanode 9d983546-4247-4c0f-83b0-40f69e4f4d28
2021-05-19 07:43:17,412 [EventQueue-DeadNodeForDeadNodeHandler] INFO  pipeline.RatisPipelineProvider (RatisPipelineProvider.java:lambda$close$1(209)) - Send pipeline:PipelineID=03b01f46-c381-4ba2-a991-b061d1cc775e close command to datanode 37b2c1ee-956a-4dec-b232-912a6a25ff9b
2021-05-19 07:43:17,412 [EventQueue-DeadNodeForDeadNodeHandler] INFO  pipeline.RatisPipelineProvider (RatisPipelineProvider.java:lambda$close$1(209)) - Send pipeline:PipelineID=03b01f46-c381-4ba2-a991-b061d1cc775e close command to datanode a4ee1d3f-5505-4afe-8a03-746b4b90cef8
2021-05-19 07:43:17,413 [EventQueue-DeadNodeForDeadNodeHandler] INFO  pipeline.PipelineStateManager (PipelineStateManagerV2Impl.java:removePipeline(211)) - Pipeline Pipeline[ Id: 03b01f46-c381-4ba2-a991-b061d1cc775e, Nodes: 9d983546-4247-4c0f-83b0-40f69e4f4d28{ip: 172.17.0.2, host: 3974e5c036b4, ports: [REPLICATION=38577, RATIS=36963, RATIS_ADMIN=36963, RATIS_SERVER=36963, STANDALONE=35805], networkLocation: /default-rack, certSerialId: null, persistedOpState: IN_SERVICE, persistedOpStateExpiryEpochSec: 0}37b2c1ee-956a-4dec-b232-912a6a25ff9b{ip: 172.17.0.2, host: 3974e5c036b4, ports: [REPLICATION=33365, RATIS=35677, RATIS_ADMIN=35677, RATIS_SERVER=35677, STANDALONE=37521], networkLocation: /default-rack, certSerialId: null, persistedOpState: IN_SERVICE, persistedOpStateExpiryEpochSec: 0}a4ee1d3f-5505-4afe-8a03-746b4b90cef8{ip: 172.17.0.2, host: 3974e5c036b4, ports: [REPLICATION=43531, RATIS=46809, RATIS_ADMIN=46809, RATIS_SERVER=46809, STANDALONE=36497], networkLocation: /default-rack, certSerialId: null, persistedOpState: IN_SERVICE, persistedOpStateExpiryEpochSec: 0}, ReplicationConfig: RATIS/THREE, State:CLOSED, leaderId:37b2c1ee-956a-4dec-b232-912a6a25ff9b, CreationTimestamp2021-05-19T07:41:58.344Z] removed.
2021-05-19 07:43:17,413 [EventQueue-DeadNodeForDeadNodeHandler] INFO  pipeline.RatisPipelineProvider (RatisPipelineProvider.java:lambda$close$1(209)) - Send pipeline:PipelineID=fb9e7414-52b6-4a06-bacf-5fecf58f6d49 close command to datanode a4ee1d3f-5505-4afe-8a03-746b4b90cef8
2021-05-19 07:43:17,413 [EventQueue-DeadNodeForDeadNodeHandler] INFO  pipeline.PipelineStateManager (PipelineStateManagerV2Impl.java:removePipeline(211)) - Pipeline Pipeline[ Id: fb9e7414-52b6-4a06-bacf-5fecf58f6d49, Nodes: a4ee1d3f-5505-4afe-8a03-746b4b90cef8{ip: 172.17.0.2, host: 3974e5c036b4, ports: [REPLICATION=43531, RATIS=46809, RATIS_ADMIN=46809, RATIS_SERVER=46809, STANDALONE=36497], networkLocation: /default-rack, certSerialId: null, persistedOpState: IN_SERVICE, persistedOpStateExpiryEpochSec: 0}, ReplicationConfig: RATIS/ONE, State:CLOSED, leaderId:a4ee1d3f-5505-4afe-8a03-746b4b90cef8, CreationTimestamp2021-05-19T07:41:58.132Z] removed.
2021-05-19 07:43:17,568 [37b2c1ee-956a-4dec-b232-912a6a25ff9b@group-B061D1CC775E-LeaderStateImpl] WARN  server.RaftServer$Division (LeaderStateImpl.java:checkLeadership(944)) - 37b2c1ee-956a-4dec-b232-912a6a25ff9b@group-B061D1CC775E-LeaderStateImpl: Lost leadership on term: 6. Election timeout: 5200ms. In charge for: 10499ms. Conf: 1: [37b2c1ee-956a-4dec-b232-912a6a25ff9b|rpc:172.17.0.2:35677|dataStream:|priority:0, 9d983546-4247-4c0f-83b0-40f69e4f4d28|rpc:172.17.0.2:36963|dataStream:|priority:0, a4ee1d3f-5505-4afe-8a03-746b4b90cef8|rpc:172.17.0.2:46809|dataStream:|priority:1], old=null
2021-05-19 07:43:17,568 [37b2c1ee-956a-4dec-b232-912a6a25ff9b@group-B061D1CC775E-LeaderStateImpl] WARN  server.RaftServer$Division (LeaderStateImpl.java:lambda$checkLeadership$15(948)) - Follower 37b2c1ee-956a-4dec-b232-912a6a25ff9b@group-B061D1CC775E->9d983546-4247-4c0f-83b0-40f69e4f4d28(c2,m2,n2, attendVote=true, lastRpcSendTime=1620, lastRpcResponseTime=5381)
2021-05-19 07:43:17,569 [37b2c1ee-956a-4dec-b232-912a6a25ff9b@group-B061D1CC775E-LeaderStateImpl] WARN  server.RaftServer$Division (LeaderStateImpl.java:lambda$checkLeadership$15(948)) - Follower 37b2c1ee-956a-4dec-b232-912a6a25ff9b@group-B061D1CC775E->a4ee1d3f-5505-4afe-8a03-746b4b90cef8(c-1,m0,n3, attendVote=true, lastRpcSendTime=387, lastRpcResponseTime=15697)
2021-05-19 07:43:17,569 [37b2c1ee-956a-4dec-b232-912a6a25ff9b@group-B061D1CC775E-LeaderStateImpl] INFO  server.RaftServer$Division (RaftServerImpl.java:setRole(284)) - 37b2c1ee-956a-4dec-b232-912a6a25ff9b@group-B061D1CC775E: changes role from    LEADER to FOLLOWER at term 6 for StepDownReason:LOST_MAJORITY_HEARTBEATS
2021-05-19 07:43:17,569 [37b2c1ee-956a-4dec-b232-912a6a25ff9b@group-B061D1CC775E-LeaderStateImpl] INFO  impl.RoleInfo (RoleInfo.java:shutdownLeaderState(91)) - 37b2c1ee-956a-4dec-b232-912a6a25ff9b: shutdown 37b2c1ee-956a-4dec-b232-912a6a25ff9b@group-B061D1CC775E-LeaderStateImpl
2021-05-19 07:43:17,569 [37b2c1ee-956a-4dec-b232-912a6a25ff9b@group-B061D1CC775E-LeaderStateImpl] INFO  metrics.RatisMetrics (RatisMetrics.java:unregister(43)) - Unregistering Metrics Registry : ratis_grpc.log_appender.37b2c1ee-956a-4dec-b232-912a6a25ff9b@group-B061D1CC775E
2021-05-19 07:43:17,570 [37b2c1ee-956a-4dec-b232-912a6a25ff9b@group-B061D1CC775E-LeaderStateImpl] INFO  metrics.RatisMetrics (RatisMetrics.java:unregister(43)) - Unregistering Metrics Registry : ratis_grpc.log_appender.37b2c1ee-956a-4dec-b232-912a6a25ff9b@group-B061D1CC775E
2021-05-19 07:43:17,570 [37b2c1ee-956a-4dec-b232-912a6a25ff9b@group-B061D1CC775E->9d983546-4247-4c0f-83b0-40f69e4f4d28-GrpcLogAppender-LogAppenderDaemon] WARN  server.GrpcLogAppender (GrpcLogAppender.java:mayWait(175)) - 37b2c1ee-956a-4dec-b232-912a6a25ff9b@group-B061D1CC775E->9d983546-4247-4c0f-83b0-40f69e4f4d28-GrpcLogAppender: Wait interrupted by java.lang.InterruptedException
2021-05-19 07:43:17,571 [37b2c1ee-956a-4dec-b232-912a6a25ff9b@group-B061D1CC775E-LeaderStateImpl] INFO  impl.PendingRequests (PendingRequests.java:sendNotLeaderResponses(249)) - 37b2c1ee-956a-4dec-b232-912a6a25ff9b@group-B061D1CC775E-PendingRequests: sendNotLeaderResponses
2021-05-19 07:43:17,571 [37b2c1ee-956a-4dec-b232-912a6a25ff9b@group-B061D1CC775E-LeaderStateImpl] INFO  metrics.RatisMetrics (RatisMetrics.java:unregister(43)) - Unregistering Metrics Registry : ratis.log_appender.37b2c1ee-956a-4dec-b232-912a6a25ff9b@group-B061D1CC775E
2021-05-19 07:43:17,571 [37b2c1ee-956a-4dec-b232-912a6a25ff9b@group-B061D1CC775E-LeaderStateImpl] INFO  metrics.RatisMetrics (RatisMetrics.java:unregister(43)) - Unregistering Metrics Registry : ratis.server.37b2c1ee-956a-4dec-b232-912a6a25ff9b@group-B061D1CC775E
2021-05-19 07:43:17,573 [37b2c1ee-956a-4dec-b232-912a6a25ff9b@group-B061D1CC775E-LeaderStateImpl] INFO  impl.RoleInfo (RoleInfo.java:updateAndGet(130)) - 37b2c1ee-956a-4dec-b232-912a6a25ff9b: start 37b2c1ee-956a-4dec-b232-912a6a25ff9b@group-B061D1CC775E-FollowerState
2021-05-19 07:43:17,783 [37b2c1ee-956a-4dec-b232-912a6a25ff9b@group-03E6AD90B47F-FollowerState] INFO  impl.FollowerState (FollowerState.java:run(134)) - 37b2c1ee-956a-4dec-b232-912a6a25ff9b@group-03E6AD90B47F-FollowerState: change to CANDIDATE, lastRpcElapsedTime:6486230030ns, electionTimeout:5187ms
2021-05-19 07:43:17,784 [37b2c1ee-956a-4dec-b232-912a6a25ff9b@group-03E6AD90B47F-FollowerState] INFO  impl.RoleInfo (RoleInfo.java:shutdownFollowerState(108)) - 37b2c1ee-956a-4dec-b232-912a6a25ff9b: shutdown 37b2c1ee-956a-4dec-b232-912a6a25ff9b@group-03E6AD90B47F-FollowerState
2021-05-19 07:43:17,784 [37b2c1ee-956a-4dec-b232-912a6a25ff9b@group-03E6AD90B47F-FollowerState] INFO  server.RaftServer$Division (RaftServerImpl.java:setRole(284)) - 37b2c1ee-956a-4dec-b232-912a6a25ff9b@group-03E6AD90B47F: changes role from  FOLLOWER to CANDIDATE at term 2 for changeToCandidate
2021-05-19 07:43:17,784 [37b2c1ee-956a-4dec-b232-912a6a25ff9b@group-03E6AD90B47F-FollowerState] INFO  server.RaftServerConfigKeys (ConfUtils.java:logGet(44)) - raft.server.leaderelection.pre-vote = false (custom)
2021-05-19 07:43:17,784 [37b2c1ee-956a-4dec-b232-912a6a25ff9b@group-03E6AD90B47F-FollowerState] INFO  impl.RoleInfo (RoleInfo.java:updateAndGet(130)) - 37b2c1ee-956a-4dec-b232-912a6a25ff9b: start 37b2c1ee-956a-4dec-b232-912a6a25ff9b@group-03E6AD90B47F-LeaderElection74
2021-05-19 07:43:17,790 [37b2c1ee-956a-4dec-b232-912a6a25ff9b@group-03E6AD90B47F-LeaderElection74] INFO  server.RaftServer$Division (ServerState.java:setLeader(271)) - 37b2c1ee-956a-4dec-b232-912a6a25ff9b@group-03E6AD90B47F: change Leader from 9d983546-4247-4c0f-83b0-40f69e4f4d28 to null at term 2 for ELECTION
2021-05-19 07:43:17,792 [37b2c1ee-956a-4dec-b232-912a6a25ff9b@group-03E6AD90B47F-LeaderElection74] INFO  impl.LeaderElection (LeaderElection.java:askForVotes(306)) - 37b2c1ee-956a-4dec-b232-912a6a25ff9b@group-03E6AD90B47F-LeaderElection74 ELECTION round 0: submit vote requests at term 3 for 0: [37b2c1ee-956a-4dec-b232-912a6a25ff9b|rpc:172.17.0.2:35677|dataStream:|priority:0, 9d983546-4247-4c0f-83b0-40f69e4f4d28|rpc:172.17.0.2:36963|dataStream:|priority:1, a4ee1d3f-5505-4afe-8a03-746b4b90cef8|rpc:172.17.0.2:46809|dataStream:|priority:0], old=null
2021-05-19 07:43:17,807 [37b2c1ee-956a-4dec-b232-912a6a25ff9b@group-03E6AD90B47F-LeaderElection74] INFO  impl.LeaderElection (LogUtils.java:infoOrTrace(137)) - 37b2c1ee-956a-4dec-b232-912a6a25ff9b@group-03E6AD90B47F-LeaderElection74 got exception when requesting votes: java.util.concurrent.ExecutionException: org.apache.ratis.thirdparty.io.grpc.StatusRuntimeException: UNAVAILABLE: io exception
2021-05-19 07:43:17,807 [37b2c1ee-956a-4dec-b232-912a6a25ff9b@group-03E6AD90B47F-LeaderElection74] INFO  impl.LeaderElection (LogUtils.java:infoOrTrace(137)) - 37b2c1ee-956a-4dec-b232-912a6a25ff9b@group-03E6AD90B47F-LeaderElection74 got exception when requesting votes: java.util.concurrent.ExecutionException: org.apache.ratis.thirdparty.io.grpc.StatusRuntimeException: UNAVAILABLE: io exception
2021-05-19 07:43:17,808 [37b2c1ee-956a-4dec-b232-912a6a25ff9b@group-03E6AD90B47F-LeaderElection74] INFO  impl.LeaderElection (LeaderElection.java:logAndReturn(89)) - 37b2c1ee-956a-4dec-b232-912a6a25ff9b@group-03E6AD90B47F-LeaderElection74: ELECTION REJECTED received 0 response(s) and 2 exception(s):
2021-05-19 07:43:17,808 [37b2c1ee-956a-4dec-b232-912a6a25ff9b@group-03E6AD90B47F-LeaderElection74] INFO  impl.LeaderElection (LogUtils.java:infoOrTrace(137)) -   Exception 0: java.util.concurrent.ExecutionException: org.apache.ratis.thirdparty.io.grpc.StatusRuntimeException: UNAVAILABLE: io exception
2021-05-19 07:43:17,808 [37b2c1ee-956a-4dec-b232-912a6a25ff9b@group-03E6AD90B47F-LeaderElection74] INFO  impl.LeaderElection (LogUtils.java:infoOrTrace(137)) -   Exception 1: java.util.concurrent.ExecutionException: org.apache.ratis.thirdparty.io.grpc.StatusRuntimeException: UNAVAILABLE: io exception
2021-05-19 07:43:17,808 [37b2c1ee-956a-4dec-b232-912a6a25ff9b@group-03E6AD90B47F-LeaderElection74] INFO  impl.LeaderElection (LeaderElection.java:askForVotes(308)) - 37b2c1ee-956a-4dec-b232-912a6a25ff9b@group-03E6AD90B47F-LeaderElection74 ELECTION round 0: result REJECTED
2021-05-19 07:43:17,808 [37b2c1ee-956a-4dec-b232-912a6a25ff9b@group-03E6AD90B47F-LeaderElection74] INFO  server.RaftServer$Division (RaftServerImpl.java:setRole(284)) - 37b2c1ee-956a-4dec-b232-912a6a25ff9b@group-03E6AD90B47F: changes role from CANDIDATE to FOLLOWER at term 3 for REJECTED
2021-05-19 07:43:17,808 [37b2c1ee-956a-4dec-b232-912a6a25ff9b@group-03E6AD90B47F-LeaderElection74] INFO  impl.RoleInfo (RoleInfo.java:shutdownLeaderElection(121)) - 37b2c1ee-956a-4dec-b232-912a6a25ff9b: shutdown 37b2c1ee-956a-4dec-b232-912a6a25ff9b@group-03E6AD90B47F-LeaderElection74
2021-05-19 07:43:17,808 [37b2c1ee-956a-4dec-b232-912a6a25ff9b@group-03E6AD90B47F-LeaderElection74] INFO  impl.RoleInfo (RoleInfo.java:updateAndGet(130)) - 37b2c1ee-956a-4dec-b232-912a6a25ff9b: start 37b2c1ee-956a-4dec-b232-912a6a25ff9b@group-03E6AD90B47F-FollowerState
2021-05-19 07:43:17,983 [68d4f79f-8ed5-4598-b947-57f9bc979c0e@group-1F4802A68F73-FollowerState] INFO  impl.FollowerState (FollowerState.java:run(134)) - 68d4f79f-8ed5-4598-b947-57f9bc979c0e@group-1F4802A68F73-FollowerState: change to CANDIDATE, lastRpcElapsedTime:10016727273ns, electionTimeout:5089ms
2021-05-19 07:43:17,983 [68d4f79f-8ed5-4598-b947-57f9bc979c0e@group-1F4802A68F73-FollowerState] INFO  impl.RoleInfo (RoleInfo.java:shutdownFollowerState(108)) - 68d4f79f-8ed5-4598-b947-57f9bc979c0e: shutdown 68d4f79f-8ed5-4598-b947-57f9bc979c0e@group-1F4802A68F73-FollowerState
2021-05-19 07:43:17,983 [68d4f79f-8ed5-4598-b947-57f9bc979c0e@group-1F4802A68F73-FollowerState] INFO  server.RaftServer$Division (RaftServerImpl.java:setRole(284)) - 68d4f79f-8ed5-4598-b947-57f9bc979c0e@group-1F4802A68F73: changes role from  FOLLOWER to CANDIDATE at term 2 for changeToCandidate
2021-05-19 07:43:17,983 [68d4f79f-8ed5-4598-b947-57f9bc979c0e@group-1F4802A68F73-FollowerState] INFO  server.RaftServerConfigKeys (ConfUtils.java:logGet(44)) - raft.server.leaderelection.pre-vote = false (custom)
2021-05-19 07:43:17,983 [68d4f79f-8ed5-4598-b947-57f9bc979c0e@group-1F4802A68F73-FollowerState] INFO  impl.RoleInfo (RoleInfo.java:updateAndGet(130)) - 68d4f79f-8ed5-4598-b947-57f9bc979c0e: start 68d4f79f-8ed5-4598-b947-57f9bc979c0e@group-1F4802A68F73-LeaderElection75
2021-05-19 07:43:17,990 [68d4f79f-8ed5-4598-b947-57f9bc979c0e@group-1F4802A68F73-LeaderElection75] INFO  server.RaftServer$Division (ServerState.java:setLeader(271)) - 68d4f79f-8ed5-4598-b947-57f9bc979c0e@group-1F4802A68F73: change Leader from a14714da-c87c-4361-b393-7e96cf422ed7 to null at term 2 for ELECTION
2021-05-19 07:43:17,991 [68d4f79f-8ed5-4598-b947-57f9bc979c0e@group-1F4802A68F73-LeaderElection75] INFO  impl.LeaderElection (LeaderElection.java:askForVotes(306)) - 68d4f79f-8ed5-4598-b947-57f9bc979c0e@group-1F4802A68F73-LeaderElection75 ELECTION round 0: submit vote requests at term 3 for 0: [a14714da-c87c-4361-b393-7e96cf422ed7|rpc:172.17.0.2:45547|dataStream:|priority:1, 68d4f79f-8ed5-4598-b947-57f9bc979c0e|rpc:172.17.0.2:42729|dataStream:|priority:0, 8e81be81-8cf3-4cb2-af1f-2c1c9bc19b0e|rpc:172.17.0.2:41855|dataStream:|priority:0], old=null
2021-05-19 07:43:18,006 [68d4f79f-8ed5-4598-b947-57f9bc979c0e@group-1F4802A68F73-LeaderElection75] INFO  impl.LeaderElection (LogUtils.java:infoOrTrace(137)) - 68d4f79f-8ed5-4598-b947-57f9bc979c0e@group-1F4802A68F73-LeaderElection75 got exception when requesting votes: java.util.concurrent.ExecutionException: org.apache.ratis.thirdparty.io.grpc.StatusRuntimeException: UNAVAILABLE: io exception
2021-05-19 07:43:18,007 [68d4f79f-8ed5-4598-b947-57f9bc979c0e@group-1F4802A68F73-LeaderElection75] INFO  impl.LeaderElection (LogUtils.java:infoOrTrace(137)) - 68d4f79f-8ed5-4598-b947-57f9bc979c0e@group-1F4802A68F73-LeaderElection75 got exception when requesting votes: java.util.concurrent.ExecutionException: org.apache.ratis.thirdparty.io.grpc.StatusRuntimeException: UNAVAILABLE: io exception
2021-05-19 07:43:18,007 [68d4f79f-8ed5-4598-b947-57f9bc979c0e@group-1F4802A68F73-LeaderElection75] INFO  impl.LeaderElection (LeaderElection.java:logAndReturn(89)) - 68d4f79f-8ed5-4598-b947-57f9bc979c0e@group-1F4802A68F73-LeaderElection75: ELECTION REJECTED received 0 response(s) and 2 exception(s):
2021-05-19 07:43:18,007 [68d4f79f-8ed5-4598-b947-57f9bc979c0e@group-1F4802A68F73-LeaderElection75] INFO  impl.LeaderElection (LogUtils.java:infoOrTrace(137)) -   Exception 0: java.util.concurrent.ExecutionException: org.apache.ratis.thirdparty.io.grpc.StatusRuntimeException: UNAVAILABLE: io exception
2021-05-19 07:43:18,007 [68d4f79f-8ed5-4598-b947-57f9bc979c0e@group-1F4802A68F73-LeaderElection75] INFO  impl.LeaderElection (LogUtils.java:infoOrTrace(137)) -   Exception 1: java.util.concurrent.ExecutionException: org.apache.ratis.thirdparty.io.grpc.StatusRuntimeException: UNAVAILABLE: io exception
2021-05-19 07:43:18,007 [68d4f79f-8ed5-4598-b947-57f9bc979c0e@group-1F4802A68F73-LeaderElection75] INFO  impl.LeaderElection (LeaderElection.java:askForVotes(308)) - 68d4f79f-8ed5-4598-b947-57f9bc979c0e@group-1F4802A68F73-LeaderElection75 ELECTION round 0: result REJECTED
2021-05-19 07:43:18,007 [68d4f79f-8ed5-4598-b947-57f9bc979c0e@group-1F4802A68F73-LeaderElection75] INFO  server.RaftServer$Division (RaftServerImpl.java:setRole(284)) - 68d4f79f-8ed5-4598-b947-57f9bc979c0e@group-1F4802A68F73: changes role from CANDIDATE to FOLLOWER at term 3 for REJECTED
2021-05-19 07:43:18,007 [68d4f79f-8ed5-4598-b947-57f9bc979c0e@group-1F4802A68F73-LeaderElection75] INFO  impl.RoleInfo (RoleInfo.java:shutdownLeaderElection(121)) - 68d4f79f-8ed5-4598-b947-57f9bc979c0e: shutdown 68d4f79f-8ed5-4598-b947-57f9bc979c0e@group-1F4802A68F73-LeaderElection75
2021-05-19 07:43:18,007 [68d4f79f-8ed5-4598-b947-57f9bc979c0e@group-1F4802A68F73-LeaderElection75] INFO  impl.RoleInfo (RoleInfo.java:updateAndGet(130)) - 68d4f79f-8ed5-4598-b947-57f9bc979c0e: start 68d4f79f-8ed5-4598-b947-57f9bc979c0e@group-1F4802A68F73-FollowerState
2021-05-19 07:43:18,212 [EventQueue-StaleNodeForStaleNodeHandler] INFO  node.StaleNodeHandler (StaleNodeHandler.java:onMessage(58)) - Datanode 9d983546-4247-4c0f-83b0-40f69e4f4d28{ip: 172.17.0.2, host: 3974e5c036b4, ports: [REPLICATION=38577, RATIS=36963, RATIS_ADMIN=36963, RATIS_SERVER=36963, STANDALONE=35805], networkLocation: /default-rack, certSerialId: null, persistedOpState: IN_SERVICE, persistedOpStateExpiryEpochSec: 0} moved to stale state. Finalizing its pipelines [PipelineID=98771a20-3df8-435b-9a50-90637293647b]
2021-05-19 07:43:18,213 [EventQueue-StaleNodeForStaleNodeHandler] INFO  pipeline.PipelineManagerV2Impl (PipelineManagerV2Impl.java:closePipeline(330)) - Pipeline Pipeline[ Id: 98771a20-3df8-435b-9a50-90637293647b, Nodes: 9d983546-4247-4c0f-83b0-40f69e4f4d28{ip: 172.17.0.2, host: 3974e5c036b4, ports: [REPLICATION=38577, RATIS=36963, RATIS_ADMIN=36963, RATIS_SERVER=36963, STANDALONE=35805], networkLocation: /default-rack, certSerialId: null, persistedOpState: IN_SERVICE, persistedOpStateExpiryEpochSec: 0}, ReplicationConfig: RATIS/ONE, State:OPEN, leaderId:9d983546-4247-4c0f-83b0-40f69e4f4d28, CreationTimestamp2021-05-19T07:41:58.342Z] moved to CLOSED state
2021-05-19 07:43:18,213 [EventQueue-CloseContainerForCloseContainerEventHandler] INFO  container.CloseContainerEventHandler (CloseContainerEventHandler.java:onMessage(68)) - Close container Event triggered for container : #3
2021-05-19 07:43:18,466 [68d4f79f-8ed5-4598-b947-57f9bc979c0e@group-62F890F27B82-FollowerState] INFO  impl.FollowerState (FollowerState.java:run(134)) - 68d4f79f-8ed5-4598-b947-57f9bc979c0e@group-62F890F27B82-FollowerState: change to CANDIDATE, lastRpcElapsedTime:5042892674ns, electionTimeout:5027ms
2021-05-19 07:43:18,466 [68d4f79f-8ed5-4598-b947-57f9bc979c0e@group-62F890F27B82-FollowerState] INFO  impl.RoleInfo (RoleInfo.java:shutdownFollowerState(108)) - 68d4f79f-8ed5-4598-b947-57f9bc979c0e: shutdown 68d4f79f-8ed5-4598-b947-57f9bc979c0e@group-62F890F27B82-FollowerState
2021-05-19 07:43:18,466 [68d4f79f-8ed5-4598-b947-57f9bc979c0e@group-62F890F27B82-FollowerState] INFO  server.RaftServer$Division (RaftServerImpl.java:setRole(284)) - 68d4f79f-8ed5-4598-b947-57f9bc979c0e@group-62F890F27B82: changes role from  FOLLOWER to CANDIDATE at term 3 for changeToCandidate
2021-05-19 07:43:18,466 [68d4f79f-8ed5-4598-b947-57f9bc979c0e@group-62F890F27B82-FollowerState] INFO  server.RaftServerConfigKeys (ConfUtils.java:logGet(44)) - raft.server.leaderelection.pre-vote = false (custom)
2021-05-19 07:43:18,466 [68d4f79f-8ed5-4598-b947-57f9bc979c0e@group-62F890F27B82-FollowerState] INFO  impl.RoleInfo (RoleInfo.java:updateAndGet(130)) - 68d4f79f-8ed5-4598-b947-57f9bc979c0e: start 68d4f79f-8ed5-4598-b947-57f9bc979c0e@group-62F890F27B82-LeaderElection76
2021-05-19 07:43:18,474 [68d4f79f-8ed5-4598-b947-57f9bc979c0e@group-62F890F27B82-LeaderElection76] INFO  impl.LeaderElection (LeaderElection.java:askForVotes(306)) - 68d4f79f-8ed5-4598-b947-57f9bc979c0e@group-62F890F27B82-LeaderElection76 ELECTION round 0: submit vote requests at term 4 for -1: [b054e63b-a418-439f-9265-0225a71f074a|rpc:172.17.0.2:34287|priority:0, 68d4f79f-8ed5-4598-b947-57f9bc979c0e|rpc:172.17.0.2:42729|priority:1, 8e81be81-8cf3-4cb2-af1f-2c1c9bc19b0e|rpc:172.17.0.2:41855|priority:0], old=null
2021-05-19 07:43:18,490 [68d4f79f-8ed5-4598-b947-57f9bc979c0e@group-62F890F27B82-LeaderElection76] INFO  impl.LeaderElection (LogUtils.java:infoOrTrace(137)) - 68d4f79f-8ed5-4598-b947-57f9bc979c0e@group-62F890F27B82-LeaderElection76 got exception when requesting votes: java.util.concurrent.ExecutionException: org.apache.ratis.thirdparty.io.grpc.StatusRuntimeException: UNAVAILABLE: io exception
2021-05-19 07:43:18,490 [Listener at 127.0.0.1/41639] INFO  ozoneimpl.OzoneContainer (OzoneContainer.java:stop(312)) - Attempting to stop container services.
2021-05-19 07:43:18,491 [Listener at 127.0.0.1/41639] INFO  server.RaftServer (RaftServerProxy.java:lambda$close$6(391)) - 37b2c1ee-956a-4dec-b232-912a6a25ff9b: close
2021-05-19 07:43:18,491 [Listener at 127.0.0.1/41639] INFO  server.RaftServer$Division (RaftServerImpl.java:lambda$close$4(406)) - 37b2c1ee-956a-4dec-b232-912a6a25ff9b@group-03E6AD90B47F: shutdown
2021-05-19 07:43:18,491 [Listener at 127.0.0.1/41639] INFO  util.JmxRegister (JmxRegister.java:unregister(73)) - Successfully un-registered JMX Bean with object name Ratis:service=RaftServer,group=group-03E6AD90B47F,id=37b2c1ee-956a-4dec-b232-912a6a25ff9b
2021-05-19 07:43:18,491 [Listener at 127.0.0.1/41639] INFO  impl.RoleInfo (RoleInfo.java:shutdownFollowerState(108)) - 37b2c1ee-956a-4dec-b232-912a6a25ff9b: shutdown 37b2c1ee-956a-4dec-b232-912a6a25ff9b@group-03E6AD90B47F-FollowerState
2021-05-19 07:43:18,491 [Listener at 127.0.0.1/41639] INFO  impl.StateMachineUpdater (StateMachineUpdater.java:stopAndJoin(149)) - 37b2c1ee-956a-4dec-b232-912a6a25ff9b@group-03E6AD90B47F-StateMachineUpdater: set stopIndex = 0
2021-05-19 07:43:18,491 [37b2c1ee-956a-4dec-b232-912a6a25ff9b@group-03E6AD90B47F-FollowerState] INFO  impl.FollowerState (FollowerState.java:run(143)) - 37b2c1ee-956a-4dec-b232-912a6a25ff9b@group-03E6AD90B47F-FollowerState was interrupted: {}
java.lang.InterruptedException: sleep interrupted
	at java.lang.Thread.sleep(Native Method)
	at java.lang.Thread.sleep(Thread.java:340)
	at java.util.concurrent.TimeUnit.sleep(TimeUnit.java:386)
	at org.apache.ratis.util.TimeDuration.sleep(TimeDuration.java:324)
	at org.apache.ratis.util.TimeDuration.sleep(TimeDuration.java:309)
	at org.apache.ratis.server.impl.FollowerState.run(FollowerState.java:118)
2021-05-19 07:43:18,491 [37b2c1ee-956a-4dec-b232-912a6a25ff9b@group-03E6AD90B47F-StateMachineUpdater] INFO  ratis.ContainerStateMachine (ContainerStateMachine.java:takeSnapshot(292)) - group-03E6AD90B47F: Taking a snapshot at:(t:2, i:0) file /github/workspace/mnt/ozone/hadoop-ozone/integration-test/target/test-dir/MiniOzoneClusterImpl-952c9dfc-8967-4523-b06f-60d3bd5de2bf/datanode-3/data/ratis/5b0e428d-fccc-451c-957f-03e6ad90b47f/sm/snapshot.2_0
2021-05-19 07:43:18,492 [68d4f79f-8ed5-4598-b947-57f9bc979c0e@group-62F890F27B82-LeaderElection76] INFO  impl.LeaderElection (LogUtils.java:infoOrTrace(137)) - 68d4f79f-8ed5-4598-b947-57f9bc979c0e@group-62F890F27B82-LeaderElection76 got exception when requesting votes: java.util.concurrent.ExecutionException: org.apache.ratis.thirdparty.io.grpc.StatusRuntimeException: UNAVAILABLE: io exception
2021-05-19 07:43:18,492 [68d4f79f-8ed5-4598-b947-57f9bc979c0e@group-62F890F27B82-LeaderElection76] INFO  impl.LeaderElection (LeaderElection.java:logAndReturn(89)) - 68d4f79f-8ed5-4598-b947-57f9bc979c0e@group-62F890F27B82-LeaderElection76: ELECTION REJECTED received 0 response(s) and 2 exception(s):
2021-05-19 07:43:18,492 [68d4f79f-8ed5-4598-b947-57f9bc979c0e@group-62F890F27B82-LeaderElection76] INFO  impl.LeaderElection (LogUtils.java:infoOrTrace(137)) -   Exception 0: java.util.concurrent.ExecutionException: org.apache.ratis.thirdparty.io.grpc.StatusRuntimeException: UNAVAILABLE: io exception
2021-05-19 07:43:18,492 [68d4f79f-8ed5-4598-b947-57f9bc979c0e@group-62F890F27B82-LeaderElection76] INFO  impl.LeaderElection (LogUtils.java:infoOrTrace(137)) -   Exception 1: java.util.concurrent.ExecutionException: org.apache.ratis.thirdparty.io.grpc.StatusRuntimeException: UNAVAILABLE: io exception
2021-05-19 07:43:18,492 [68d4f79f-8ed5-4598-b947-57f9bc979c0e@group-62F890F27B82-LeaderElection76] INFO  impl.LeaderElection (LeaderElection.java:askForVotes(308)) - 68d4f79f-8ed5-4598-b947-57f9bc979c0e@group-62F890F27B82-LeaderElection76 ELECTION round 0: result REJECTED
2021-05-19 07:43:18,492 [68d4f79f-8ed5-4598-b947-57f9bc979c0e@group-62F890F27B82-LeaderElection76] INFO  server.RaftServer$Division (RaftServerImpl.java:setRole(284)) - 68d4f79f-8ed5-4598-b947-57f9bc979c0e@group-62F890F27B82: changes role from CANDIDATE to FOLLOWER at term 4 for REJECTED
2021-05-19 07:43:18,492 [68d4f79f-8ed5-4598-b947-57f9bc979c0e@group-62F890F27B82-LeaderElection76] INFO  impl.RoleInfo (RoleInfo.java:shutdownLeaderElection(121)) - 68d4f79f-8ed5-4598-b947-57f9bc979c0e: shutdown 68d4f79f-8ed5-4598-b947-57f9bc979c0e@group-62F890F27B82-LeaderElection76
2021-05-19 07:43:18,492 [68d4f79f-8ed5-4598-b947-57f9bc979c0e@group-62F890F27B82-LeaderElection76] INFO  impl.RoleInfo (RoleInfo.java:updateAndGet(130)) - 68d4f79f-8ed5-4598-b947-57f9bc979c0e: start 68d4f79f-8ed5-4598-b947-57f9bc979c0e@group-62F890F27B82-FollowerState
2021-05-19 07:43:18,492 [37b2c1ee-956a-4dec-b232-912a6a25ff9b@group-03E6AD90B47F-StateMachineUpdater] INFO  ratis.ContainerStateMachine (ContainerStateMachine.java:takeSnapshot(303)) - group-03E6AD90B47F: Finished taking a snapshot at:(t:2, i:0) file:/github/workspace/mnt/ozone/hadoop-ozone/integration-test/target/test-dir/MiniOzoneClusterImpl-952c9dfc-8967-4523-b06f-60d3bd5de2bf/datanode-3/data/ratis/5b0e428d-fccc-451c-957f-03e6ad90b47f/sm/snapshot.2_0 took: 1 ms
2021-05-19 07:43:18,493 [37b2c1ee-956a-4dec-b232-912a6a25ff9b@group-03E6AD90B47F-StateMachineUpdater] INFO  impl.StateMachineUpdater (StateMachineUpdater.java:takeSnapshot(281)) - 37b2c1ee-956a-4dec-b232-912a6a25ff9b@group-03E6AD90B47F-StateMachineUpdater: Took a snapshot at index 0
2021-05-19 07:43:18,493 [37b2c1ee-956a-4dec-b232-912a6a25ff9b@group-03E6AD90B47F-StateMachineUpdater] INFO  impl.StateMachineUpdater (StateMachineUpdater.java:lambda$new$0(89)) - 37b2c1ee-956a-4dec-b232-912a6a25ff9b@group-03E6AD90B47F-StateMachineUpdater: snapshotIndex: updateIncreasingly -1 -> 0
2021-05-19 07:43:18,493 [37b2c1ee-956a-4dec-b232-912a6a25ff9b@group-03E6AD90B47F-StateMachineUpdater] INFO  metrics.RatisMetrics (RatisMetrics.java:unregister(43)) - Unregistering Metrics Registry : ratis.state_machine.37b2c1ee-956a-4dec-b232-912a6a25ff9b@group-03E6AD90B47F
2021-05-19 07:43:18,493 [Listener at 127.0.0.1/41639] INFO  server.RaftServer$Division (ServerState.java:close(405)) - 37b2c1ee-956a-4dec-b232-912a6a25ff9b@group-03E6AD90B47F: closes. applyIndex: 0
2021-05-19 07:43:18,497 [68d4f79f-8ed5-4598-b947-57f9bc979c0e@group-248D4D37A09F-FollowerState] INFO  impl.FollowerState (FollowerState.java:run(134)) - 68d4f79f-8ed5-4598-b947-57f9bc979c0e@group-248D4D37A09F-FollowerState: change to CANDIDATE, lastRpcElapsedTime:5022068321ns, electionTimeout:5015ms
2021-05-19 07:43:18,497 [68d4f79f-8ed5-4598-b947-57f9bc979c0e@group-248D4D37A09F-FollowerState] INFO  impl.RoleInfo (RoleInfo.java:shutdownFollowerState(108)) - 68d4f79f-8ed5-4598-b947-57f9bc979c0e: shutdown 68d4f79f-8ed5-4598-b947-57f9bc979c0e@group-248D4D37A09F-FollowerState
2021-05-19 07:43:18,497 [68d4f79f-8ed5-4598-b947-57f9bc979c0e@group-248D4D37A09F-FollowerState] INFO  server.RaftServer$Division (RaftServerImpl.java:setRole(284)) - 68d4f79f-8ed5-4598-b947-57f9bc979c0e@group-248D4D37A09F: changes role from  FOLLOWER to CANDIDATE at term 3 for changeToCandidate
2021-05-19 07:43:18,502 [68d4f79f-8ed5-4598-b947-57f9bc979c0e@group-248D4D37A09F-FollowerState] INFO  server.RaftServerConfigKeys (ConfUtils.java:logGet(44)) - raft.server.leaderelection.pre-vote = false (custom)
2021-05-19 07:43:18,502 [68d4f79f-8ed5-4598-b947-57f9bc979c0e@group-248D4D37A09F-FollowerState] INFO  impl.RoleInfo (RoleInfo.java:updateAndGet(130)) - 68d4f79f-8ed5-4598-b947-57f9bc979c0e: start 68d4f79f-8ed5-4598-b947-57f9bc979c0e@group-248D4D37A09F-LeaderElection77
2021-05-19 07:43:18,503 [37b2c1ee-956a-4dec-b232-912a6a25ff9b@group-03E6AD90B47F-SegmentedRaftLogWorker] INFO  segmented.SegmentedRaftLogWorker (SegmentedRaftLogWorker.java:run(327)) - 37b2c1ee-956a-4dec-b232-912a6a25ff9b@group-03E6AD90B47F-SegmentedRaftLogWorker was interrupted, exiting. There are 0 tasks remaining in the queue.
2021-05-19 07:43:18,503 [Listener at 127.0.0.1/41639] INFO  segmented.SegmentedRaftLogWorker (SegmentedRaftLogWorker.java:close(237)) - 37b2c1ee-956a-4dec-b232-912a6a25ff9b@group-03E6AD90B47F-SegmentedRaftLogWorker close()
2021-05-19 07:43:18,503 [Listener at 127.0.0.1/41639] INFO  metrics.RatisMetrics (RatisMetrics.java:unregister(43)) - Unregistering Metrics Registry : ratis.log_worker.37b2c1ee-956a-4dec-b232-912a6a25ff9b@group-03E6AD90B47F
2021-05-19 07:43:18,504 [Listener at 127.0.0.1/41639] INFO  metrics.RatisMetrics (RatisMetrics.java:unregister(43)) - Unregistering Metrics Registry : ratis.leader_election.37b2c1ee-956a-4dec-b232-912a6a25ff9b@group-03E6AD90B47F
2021-05-19 07:43:18,504 [Listener at 127.0.0.1/41639] INFO  metrics.RatisMetrics (RatisMetrics.java:unregister(43)) - Unregistering Metrics Registry : ratis.server.37b2c1ee-956a-4dec-b232-912a6a25ff9b@group-03E6AD90B47F
2021-05-19 07:43:18,504 [Listener at 127.0.0.1/41639] INFO  server.RaftServer$Division (RaftServerImpl.java:lambda$close$4(406)) - 37b2c1ee-956a-4dec-b232-912a6a25ff9b@group-B061D1CC775E: shutdown
2021-05-19 07:43:18,504 [Listener at 127.0.0.1/41639] INFO  util.JmxRegister (JmxRegister.java:unregister(73)) - Successfully un-registered JMX Bean with object name Ratis:service=RaftServer,group=group-B061D1CC775E,id=37b2c1ee-956a-4dec-b232-912a6a25ff9b
2021-05-19 07:43:18,504 [Listener at 127.0.0.1/41639] INFO  impl.RoleInfo (RoleInfo.java:shutdownFollowerState(108)) - 37b2c1ee-956a-4dec-b232-912a6a25ff9b: shutdown 37b2c1ee-956a-4dec-b232-912a6a25ff9b@group-B061D1CC775E-FollowerState
2021-05-19 07:43:18,504 [68d4f79f-8ed5-4598-b947-57f9bc979c0e@group-248D4D37A09F-LeaderElection77] INFO  impl.LeaderElection (LeaderElection.java:askForVotes(306)) - 68d4f79f-8ed5-4598-b947-57f9bc979c0e@group-248D4D37A09F-LeaderElection77 ELECTION round 0: submit vote requests at term 4 for -1: [a14714da-c87c-4361-b393-7e96cf422ed7|rpc:172.17.0.2:45547|dataStream:|priority:0, b054e63b-a418-439f-9265-0225a71f074a|rpc:172.17.0.2:34287|dataStream:|priority:1, 68d4f79f-8ed5-4598-b947-57f9bc979c0e|rpc:172.17.0.2:42729|dataStream:|priority:0], old=null
2021-05-19 07:43:18,504 [37b2c1ee-956a-4dec-b232-912a6a25ff9b@group-B061D1CC775E-FollowerState] INFO  impl.FollowerState (FollowerState.java:run(143)) - 37b2c1ee-956a-4dec-b232-912a6a25ff9b@group-B061D1CC775E-FollowerState was interrupted: {}
java.lang.InterruptedException: sleep interrupted
	at java.lang.Thread.sleep(Native Method)
	at java.lang.Thread.sleep(Thread.java:340)
	at java.util.concurrent.TimeUnit.sleep(TimeUnit.java:386)
	at org.apache.ratis.util.TimeDuration.sleep(TimeDuration.java:324)
	at org.apache.ratis.util.TimeDuration.sleep(TimeDuration.java:309)
	at org.apache.ratis.server.impl.FollowerState.run(FollowerState.java:118)
2021-05-19 07:43:18,504 [37b2c1ee-956a-4dec-b232-912a6a25ff9b@group-B061D1CC775E-StateMachineUpdater] INFO  ratis.ContainerStateMachine (ContainerStateMachine.java:takeSnapshot(292)) - group-B061D1CC775E: Taking a snapshot at:(t:6, i:2) file /github/workspace/mnt/ozone/hadoop-ozone/integration-test/target/test-dir/MiniOzoneClusterImpl-952c9dfc-8967-4523-b06f-60d3bd5de2bf/datanode-3/data/ratis/03b01f46-c381-4ba2-a991-b061d1cc775e/sm/snapshot.6_2
2021-05-19 07:43:18,504 [Listener at 127.0.0.1/41639] INFO  impl.StateMachineUpdater (StateMachineUpdater.java:stopAndJoin(149)) - 37b2c1ee-956a-4dec-b232-912a6a25ff9b@group-B061D1CC775E-StateMachineUpdater: set stopIndex = 2
2021-05-19 07:43:18,505 [37b2c1ee-956a-4dec-b232-912a6a25ff9b@group-B061D1CC775E-StateMachineUpdater] INFO  ratis.ContainerStateMachine (ContainerStateMachine.java:takeSnapshot(303)) - group-B061D1CC775E: Finished taking a snapshot at:(t:6, i:2) file:/github/workspace/mnt/ozone/hadoop-ozone/integration-test/target/test-dir/MiniOzoneClusterImpl-952c9dfc-8967-4523-b06f-60d3bd5de2bf/datanode-3/data/ratis/03b01f46-c381-4ba2-a991-b061d1cc775e/sm/snapshot.6_2 took: 1 ms
2021-05-19 07:43:18,505 [37b2c1ee-956a-4dec-b232-912a6a25ff9b@group-B061D1CC775E-StateMachineUpdater] INFO  impl.StateMachineUpdater (StateMachineUpdater.java:takeSnapshot(281)) - 37b2c1ee-956a-4dec-b232-912a6a25ff9b@group-B061D1CC775E-StateMachineUpdater: Took a snapshot at index 2
2021-05-19 07:43:18,505 [37b2c1ee-956a-4dec-b232-912a6a25ff9b@group-B061D1CC775E-StateMachineUpdater] INFO  impl.StateMachineUpdater (StateMachineUpdater.java:lambda$new$0(89)) - 37b2c1ee-956a-4dec-b232-912a6a25ff9b@group-B061D1CC775E-StateMachineUpdater: snapshotIndex: updateIncreasingly -1 -> 2
2021-05-19 07:43:18,505 [37b2c1ee-956a-4dec-b232-912a6a25ff9b@group-B061D1CC775E-StateMachineUpdater] INFO  metrics.RatisMetrics (RatisMetrics.java:unregister(43)) - Unregistering Metrics Registry : ratis.state_machine.37b2c1ee-956a-4dec-b232-912a6a25ff9b@group-B061D1CC775E
2021-05-19 07:43:18,506 [Listener at 127.0.0.1/41639] INFO  server.RaftServer$Division (ServerState.java:close(405)) - 37b2c1ee-956a-4dec-b232-912a6a25ff9b@group-B061D1CC775E: closes. applyIndex: 2
2021-05-19 07:43:18,510 [37b2c1ee-956a-4dec-b232-912a6a25ff9b@group-B061D1CC775E-SegmentedRaftLogWorker] INFO  segmented.SegmentedRaftLogWorker (SegmentedRaftLogWorker.java:run(327)) - 37b2c1ee-956a-4dec-b232-912a6a25ff9b@group-B061D1CC775E-SegmentedRaftLogWorker was interrupted, exiting. There are 0 tasks remaining in the queue.
2021-05-19 07:43:18,514 [68d4f79f-8ed5-4598-b947-57f9bc979c0e@group-248D4D37A09F-LeaderElection77] INFO  impl.LeaderElection (LogUtils.java:infoOrTrace(137)) - 68d4f79f-8ed5-4598-b947-57f9bc979c0e@group-248D4D37A09F-LeaderElection77 got exception when requesting votes: java.util.concurrent.ExecutionException: org.apache.ratis.thirdparty.io.grpc.StatusRuntimeException: UNAVAILABLE: io exception
2021-05-19 07:43:18,519 [Listener at 127.0.0.1/41639] INFO  segmented.SegmentedRaftLogWorker (SegmentedRaftLogWorker.java:close(237)) - 37b2c1ee-956a-4dec-b232-912a6a25ff9b@group-B061D1CC775E-SegmentedRaftLogWorker close()
2021-05-19 07:43:18,519 [Listener at 127.0.0.1/41639] INFO  metrics.RatisMetrics (RatisMetrics.java:unregister(43)) - Unregistering Metrics Registry : ratis.log_worker.37b2c1ee-956a-4dec-b232-912a6a25ff9b@group-B061D1CC775E
2021-05-19 07:43:18,519 [Listener at 127.0.0.1/41639] INFO  metrics.RatisMetrics (RatisMetrics.java:unregister(43)) - Unregistering Metrics Registry : ratis.leader_election.37b2c1ee-956a-4dec-b232-912a6a25ff9b@group-B061D1CC775E
2021-05-19 07:43:18,519 [Listener at 127.0.0.1/41639] INFO  metrics.RatisMetrics (RatisMetrics.java:unregister(43)) - Unregistering Metrics Registry : ratis.server.37b2c1ee-956a-4dec-b232-912a6a25ff9b@group-B061D1CC775E
2021-05-19 07:43:18,519 [Listener at 127.0.0.1/41639] INFO  server.RaftServer$Division (RaftServerImpl.java:lambda$close$4(406)) - 37b2c1ee-956a-4dec-b232-912a6a25ff9b@group-D5E61D3659AC: shutdown
2021-05-19 07:43:18,519 [Listener at 127.0.0.1/41639] INFO  util.JmxRegister (JmxRegister.java:unregister(73)) - Successfully un-registered JMX Bean with object name Ratis:service=RaftServer,group=group-D5E61D3659AC,id=37b2c1ee-956a-4dec-b232-912a6a25ff9b
2021-05-19 07:43:18,520 [Listener at 127.0.0.1/41639] INFO  impl.RoleInfo (RoleInfo.java:shutdownLeaderState(91)) - 37b2c1ee-956a-4dec-b232-912a6a25ff9b: shutdown 37b2c1ee-956a-4dec-b232-912a6a25ff9b@group-D5E61D3659AC-LeaderStateImpl
2021-05-19 07:43:18,520 [Listener at 127.0.0.1/41639] INFO  metrics.RatisMetrics (RatisMetrics.java:unregister(43)) - Unregistering Metrics Registry : ratis_grpc.log_appender.37b2c1ee-956a-4dec-b232-912a6a25ff9b@group-D5E61D3659AC
2021-05-19 07:43:18,520 [Listener at 127.0.0.1/41639] INFO  metrics.RatisMetrics (RatisMetrics.java:unregister(43)) - Unregistering Metrics Registry : ratis_grpc.log_appender.37b2c1ee-956a-4dec-b232-912a6a25ff9b@group-D5E61D3659AC
2021-05-19 07:43:18,520 [Listener at 127.0.0.1/41639] INFO  impl.PendingRequests (PendingRequests.java:sendNotLeaderResponses(249)) - 37b2c1ee-956a-4dec-b232-912a6a25ff9b@group-D5E61D3659AC-PendingRequests: sendNotLeaderResponses
2021-05-19 07:43:18,520 [Listener at 127.0.0.1/41639] INFO  metrics.RatisMetrics (RatisMetrics.java:unregister(43)) - Unregistering Metrics Registry : ratis.log_appender.37b2c1ee-956a-4dec-b232-912a6a25ff9b@group-D5E61D3659AC
2021-05-19 07:43:18,520 [Listener at 127.0.0.1/41639] INFO  metrics.RatisMetrics (RatisMetrics.java:unregister(43)) - Unregistering Metrics Registry : ratis.server.37b2c1ee-956a-4dec-b232-912a6a25ff9b@group-D5E61D3659AC
2021-05-19 07:43:18,521 [Listener at 127.0.0.1/41639] INFO  impl.StateMachineUpdater (StateMachineUpdater.java:stopAndJoin(149)) - 37b2c1ee-956a-4dec-b232-912a6a25ff9b@group-D5E61D3659AC-StateMachineUpdater: set stopIndex = 0
2021-05-19 07:43:18,521 [37b2c1ee-956a-4dec-b232-912a6a25ff9b@group-D5E61D3659AC-StateMachineUpdater] INFO  ratis.ContainerStateMachine (ContainerStateMachine.java:takeSnapshot(292)) - group-D5E61D3659AC: Taking a snapshot at:(t:2, i:0) file /github/workspace/mnt/ozone/hadoop-ozone/integration-test/target/test-dir/MiniOzoneClusterImpl-952c9dfc-8967-4523-b06f-60d3bd5de2bf/datanode-3/data/ratis/19596144-870e-41aa-8706-d5e61d3659ac/sm/snapshot.2_0
2021-05-19 07:43:18,521 [68d4f79f-8ed5-4598-b947-57f9bc979c0e@group-248D4D37A09F-LeaderElection77] INFO  impl.LeaderElection (LogUtils.java:infoOrTrace(137)) - 68d4f79f-8ed5-4598-b947-57f9bc979c0e@group-248D4D37A09F-LeaderElection77 got exception when requesting votes: java.util.concurrent.ExecutionException: org.apache.ratis.thirdparty.io.grpc.StatusRuntimeException: UNAVAILABLE: io exception
2021-05-19 07:43:18,521 [68d4f79f-8ed5-4598-b947-57f9bc979c0e@group-248D4D37A09F-LeaderElection77] INFO  impl.LeaderElection (LeaderElection.java:logAndReturn(89)) - 68d4f79f-8ed5-4598-b947-57f9bc979c0e@group-248D4D37A09F-LeaderElection77: ELECTION REJECTED received 0 response(s) and 2 exception(s):
2021-05-19 07:43:18,521 [68d4f79f-8ed5-4598-b947-57f9bc979c0e@group-248D4D37A09F-LeaderElection77] INFO  impl.LeaderElection (LogUtils.java:infoOrTrace(137)) -   Exception 0: java.util.concurrent.ExecutionException: org.apache.ratis.thirdparty.io.grpc.StatusRuntimeException: UNAVAILABLE: io exception
2021-05-19 07:43:18,521 [68d4f79f-8ed5-4598-b947-57f9bc979c0e@group-248D4D37A09F-LeaderElection77] INFO  impl.LeaderElection (LogUtils.java:infoOrTrace(137)) -   Exception 1: java.util.concurrent.ExecutionException: org.apache.ratis.thirdparty.io.grpc.StatusRuntimeException: UNAVAILABLE: io exception
2021-05-19 07:43:18,521 [68d4f79f-8ed5-4598-b947-57f9bc979c0e@group-248D4D37A09F-LeaderElection77] INFO  impl.LeaderElection (LeaderElection.java:askForVotes(308)) - 68d4f79f-8ed5-4598-b947-57f9bc979c0e@group-248D4D37A09F-LeaderElection77 ELECTION round 0: result REJECTED
2021-05-19 07:43:18,521 [68d4f79f-8ed5-4598-b947-57f9bc979c0e@group-248D4D37A09F-LeaderElection77] INFO  server.RaftServer$Division (RaftServerImpl.java:setRole(284)) - 68d4f79f-8ed5-4598-b947-57f9bc979c0e@group-248D4D37A09F: changes role from CANDIDATE to FOLLOWER at term 4 for REJECTED
2021-05-19 07:43:18,521 [68d4f79f-8ed5-4598-b947-57f9bc979c0e@group-248D4D37A09F-LeaderElection77] INFO  impl.RoleInfo (RoleInfo.java:shutdownLeaderElection(121)) - 68d4f79f-8ed5-4598-b947-57f9bc979c0e: shutdown 68d4f79f-8ed5-4598-b947-57f9bc979c0e@group-248D4D37A09F-LeaderElection77
2021-05-19 07:43:18,521 [68d4f79f-8ed5-4598-b947-57f9bc979c0e@group-248D4D37A09F-LeaderElection77] INFO  impl.RoleInfo (RoleInfo.java:updateAndGet(130)) - 68d4f79f-8ed5-4598-b947-57f9bc979c0e: start 68d4f79f-8ed5-4598-b947-57f9bc979c0e@group-248D4D37A09F-FollowerState
2021-05-19 07:43:18,522 [37b2c1ee-956a-4dec-b232-912a6a25ff9b@group-D5E61D3659AC-StateMachineUpdater] INFO  ratis.ContainerStateMachine (ContainerStateMachine.java:takeSnapshot(303)) - group-D5E61D3659AC: Finished taking a snapshot at:(t:2, i:0) file:/github/workspace/mnt/ozone/hadoop-ozone/integration-test/target/test-dir/MiniOzoneClusterImpl-952c9dfc-8967-4523-b06f-60d3bd5de2bf/datanode-3/data/ratis/19596144-870e-41aa-8706-d5e61d3659ac/sm/snapshot.2_0 took: 1 ms
2021-05-19 07:43:18,522 [37b2c1ee-956a-4dec-b232-912a6a25ff9b@group-D5E61D3659AC-StateMachineUpdater] INFO  impl.StateMachineUpdater (StateMachineUpdater.java:takeSnapshot(281)) - 37b2c1ee-956a-4dec-b232-912a6a25ff9b@group-D5E61D3659AC-StateMachineUpdater: Took a snapshot at index 0
2021-05-19 07:43:18,522 [37b2c1ee-956a-4dec-b232-912a6a25ff9b@group-D5E61D3659AC-StateMachineUpdater] INFO  impl.StateMachineUpdater (StateMachineUpdater.java:lambda$new$0(89)) - 37b2c1ee-956a-4dec-b232-912a6a25ff9b@group-D5E61D3659AC-StateMachineUpdater: snapshotIndex: updateIncreasingly -1 -> 0
2021-05-19 07:43:18,522 [37b2c1ee-956a-4dec-b232-912a6a25ff9b@group-D5E61D3659AC-StateMachineUpdater] INFO  metrics.RatisMetrics (RatisMetrics.java:unregister(43)) - Unregistering Metrics Registry : ratis.state_machine.37b2c1ee-956a-4dec-b232-912a6a25ff9b@group-D5E61D3659AC
2021-05-19 07:43:18,522 [Listener at 127.0.0.1/41639] INFO  server.RaftServer$Division (ServerState.java:close(405)) - 37b2c1ee-956a-4dec-b232-912a6a25ff9b@group-D5E61D3659AC: closes. applyIndex: 0
2021-05-19 07:43:18,522 [37b2c1ee-956a-4dec-b232-912a6a25ff9b@group-D5E61D3659AC-SegmentedRaftLogWorker] INFO  segmented.SegmentedRaftLogWorker (SegmentedRaftLogWorker.java:run(327)) - 37b2c1ee-956a-4dec-b232-912a6a25ff9b@group-D5E61D3659AC-SegmentedRaftLogWorker was interrupted, exiting. There are 0 tasks remaining in the queue.
2021-05-19 07:43:18,522 [Listener at 127.0.0.1/41639] INFO  segmented.SegmentedRaftLogWorker (SegmentedRaftLogWorker.java:close(237)) - 37b2c1ee-956a-4dec-b232-912a6a25ff9b@group-D5E61D3659AC-SegmentedRaftLogWorker close()
2021-05-19 07:43:18,523 [Listener at 127.0.0.1/41639] INFO  metrics.RatisMetrics (RatisMetrics.java:unregister(43)) - Unregistering Metrics Registry : ratis.log_worker.37b2c1ee-956a-4dec-b232-912a6a25ff9b@group-D5E61D3659AC
2021-05-19 07:43:18,523 [Listener at 127.0.0.1/41639] INFO  metrics.RatisMetrics (RatisMetrics.java:unregister(43)) - Unregistering Metrics Registry : ratis.leader_election.37b2c1ee-956a-4dec-b232-912a6a25ff9b@group-D5E61D3659AC
2021-05-19 07:43:18,523 [Listener at 127.0.0.1/41639] INFO  metrics.RatisMetrics (RatisMetrics.java:unregister(43)) - Unregistering Metrics Registry : ratis.server.37b2c1ee-956a-4dec-b232-912a6a25ff9b@group-D5E61D3659AC
2021-05-19 07:43:18,523 [Listener at 127.0.0.1/41639] INFO  server.RaftServer$Division (RaftServerImpl.java:lambda$close$4(406)) - 37b2c1ee-956a-4dec-b232-912a6a25ff9b@group-E783B1FF2571: shutdown
2021-05-19 07:43:18,523 [Listener at 127.0.0.1/41639] INFO  util.JmxRegister (JmxRegister.java:unregister(73)) - Successfully un-registered JMX Bean with object name Ratis:service=RaftServer,group=group-E783B1FF2571,id=37b2c1ee-956a-4dec-b232-912a6a25ff9b
2021-05-19 07:43:18,523 [Listener at 127.0.0.1/41639] INFO  impl.RoleInfo (RoleInfo.java:shutdownLeaderState(91)) - 37b2c1ee-956a-4dec-b232-912a6a25ff9b: shutdown 37b2c1ee-956a-4dec-b232-912a6a25ff9b@group-E783B1FF2571-LeaderStateImpl
2021-05-19 07:43:18,523 [Listener at 127.0.0.1/41639] INFO  impl.PendingRequests (PendingRequests.java:sendNotLeaderResponses(249)) - 37b2c1ee-956a-4dec-b232-912a6a25ff9b@group-E783B1FF2571-PendingRequests: sendNotLeaderResponses
2021-05-19 07:43:18,528 [Listener at 127.0.0.1/41639] INFO  metrics.RatisMetrics (RatisMetrics.java:unregister(43)) - Unregistering Metrics Registry : ratis.log_appender.37b2c1ee-956a-4dec-b232-912a6a25ff9b@group-E783B1FF2571
2021-05-19 07:43:18,528 [Listener at 127.0.0.1/41639] INFO  metrics.RatisMetrics (RatisMetrics.java:unregister(43)) - Unregistering Metrics Registry : ratis.server.37b2c1ee-956a-4dec-b232-912a6a25ff9b@group-E783B1FF2571
2021-05-19 07:43:18,529 [37b2c1ee-956a-4dec-b232-912a6a25ff9b@group-E783B1FF2571-StateMachineUpdater] INFO  ratis.ContainerStateMachine (ContainerStateMachine.java:takeSnapshot(292)) - group-E783B1FF2571: Taking a snapshot at:(t:1, i:13) file /github/workspace/mnt/ozone/hadoop-ozone/integration-test/target/test-dir/MiniOzoneClusterImpl-952c9dfc-8967-4523-b06f-60d3bd5de2bf/datanode-3/data/ratis/114b3233-061f-4cf5-bbb7-e783b1ff2571/sm/snapshot.1_13
2021-05-19 07:43:18,530 [37b2c1ee-956a-4dec-b232-912a6a25ff9b@group-E783B1FF2571-StateMachineUpdater] INFO  ratis.ContainerStateMachine (ContainerStateMachine.java:takeSnapshot(303)) - group-E783B1FF2571: Finished taking a snapshot at:(t:1, i:13) file:/github/workspace/mnt/ozone/hadoop-ozone/integration-test/target/test-dir/MiniOzoneClusterImpl-952c9dfc-8967-4523-b06f-60d3bd5de2bf/datanode-3/data/ratis/114b3233-061f-4cf5-bbb7-e783b1ff2571/sm/snapshot.1_13 took: 1 ms
2021-05-19 07:43:18,530 [37b2c1ee-956a-4dec-b232-912a6a25ff9b@group-E783B1FF2571-StateMachineUpdater] INFO  impl.StateMachineUpdater (StateMachineUpdater.java:takeSnapshot(281)) - 37b2c1ee-956a-4dec-b232-912a6a25ff9b@group-E783B1FF2571-StateMachineUpdater: Took a snapshot at index 13
2021-05-19 07:43:18,530 [37b2c1ee-956a-4dec-b232-912a6a25ff9b@group-E783B1FF2571-StateMachineUpdater] INFO  impl.StateMachineUpdater (StateMachineUpdater.java:lambda$new$0(89)) - 37b2c1ee-956a-4dec-b232-912a6a25ff9b@group-E783B1FF2571-StateMachineUpdater: snapshotIndex: updateIncreasingly -1 -> 13
2021-05-19 07:43:18,530 [Listener at 127.0.0.1/41639] INFO  impl.StateMachineUpdater (StateMachineUpdater.java:stopAndJoin(149)) - 37b2c1ee-956a-4dec-b232-912a6a25ff9b@group-E783B1FF2571-StateMachineUpdater: set stopIndex = 13
2021-05-19 07:43:18,530 [37b2c1ee-956a-4dec-b232-912a6a25ff9b@group-E783B1FF2571-StateMachineUpdater] INFO  metrics.RatisMetrics (RatisMetrics.java:unregister(43)) - Unregistering Metrics Registry : ratis.state_machine.37b2c1ee-956a-4dec-b232-912a6a25ff9b@group-E783B1FF2571
2021-05-19 07:43:18,531 [Listener at 127.0.0.1/41639] INFO  server.RaftServer$Division (ServerState.java:close(405)) - 37b2c1ee-956a-4dec-b232-912a6a25ff9b@group-E783B1FF2571: closes. applyIndex: 13
2021-05-19 07:43:18,531 [37b2c1ee-956a-4dec-b232-912a6a25ff9b@group-E783B1FF2571-SegmentedRaftLogWorker] INFO  segmented.SegmentedRaftLogWorker (SegmentedRaftLogWorker.java:run(327)) - 37b2c1ee-956a-4dec-b232-912a6a25ff9b@group-E783B1FF2571-SegmentedRaftLogWorker was interrupted, exiting. There are 0 tasks remaining in the queue.
2021-05-19 07:43:18,531 [Listener at 127.0.0.1/41639] INFO  segmented.SegmentedRaftLogWorker (SegmentedRaftLogWorker.java:close(237)) - 37b2c1ee-956a-4dec-b232-912a6a25ff9b@group-E783B1FF2571-SegmentedRaftLogWorker close()
2021-05-19 07:43:18,532 [Listener at 127.0.0.1/41639] INFO  metrics.RatisMetrics (RatisMetrics.java:unregister(43)) - Unregistering Metrics Registry : ratis.log_worker.37b2c1ee-956a-4dec-b232-912a6a25ff9b@group-E783B1FF2571
2021-05-19 07:43:18,532 [Listener at 127.0.0.1/41639] INFO  metrics.RatisMetrics (RatisMetrics.java:unregister(43)) - Unregistering Metrics Registry : ratis.leader_election.37b2c1ee-956a-4dec-b232-912a6a25ff9b@group-E783B1FF2571
2021-05-19 07:43:18,532 [Listener at 127.0.0.1/41639] INFO  metrics.RatisMetrics (RatisMetrics.java:unregister(43)) - Unregistering Metrics Registry : ratis.server.37b2c1ee-956a-4dec-b232-912a6a25ff9b@group-E783B1FF2571
2021-05-19 07:43:18,532 [Listener at 127.0.0.1/41639] INFO  server.GrpcService (GrpcService.java:closeImpl(262)) - 37b2c1ee-956a-4dec-b232-912a6a25ff9b: shutdown server with port 35677 now
2021-05-19 07:43:18,539 [Listener at 127.0.0.1/41639] INFO  server.GrpcService (GrpcService.java:closeImpl(271)) - 37b2c1ee-956a-4dec-b232-912a6a25ff9b: shutdown server with port 35677 successfully
2021-05-19 07:43:18,539 [org.apache.ratis.util.JvmPauseMonitor$$Lambda$504/2021733479@7af9b144] INFO  util.JvmPauseMonitor (JvmPauseMonitor.java:run(109)) - JvmPauseMonitor-37b2c1ee-956a-4dec-b232-912a6a25ff9b: Stopped
2021-05-19 07:43:18,544 [Listener at 127.0.0.1/41639] INFO  utils.BackgroundService (BackgroundService.java:shutdown(132)) - Shutting down service BlockDeletingService
2021-05-19 07:43:18,550 [Listener at 127.0.0.1/41639] INFO  statemachine.DatanodeStateMachine (DatanodeStateMachine.java:stopDaemon(469)) - Ozone container server stopped.
2021-05-19 07:43:18,559 [Listener at 127.0.0.1/41639] INFO  handler.ContextHandler (ContextHandler.java:doStop(1154)) - Stopped o.e.j.w.WebAppContext@3a2592c9{hddsDatanode,/,null,STOPPED}{jar:file:/home/user/.m2/repository/org/apache/hadoop/hadoop-hdds-container-service/1.2.0-SNAPSHOT/hadoop-hdds-container-service-1.2.0-SNAPSHOT.jar!/webapps/hddsDatanode}
2021-05-19 07:43:18,559 [Listener at 127.0.0.1/41639] INFO  server.AbstractConnector (AbstractConnector.java:doStop(381)) - Stopped ServerConnector@8bba3b8{HTTP/1.1, (http/1.1)}{0.0.0.0:0}
2021-05-19 07:43:18,559 [Listener at 127.0.0.1/41639] INFO  server.session (HouseKeeper.java:stopScavenging(149)) - node0 Stopped scavenging
2021-05-19 07:43:18,560 [Listener at 127.0.0.1/41639] INFO  handler.ContextHandler (ContextHandler.java:doStop(1154)) - Stopped o.e.j.s.ServletContextHandler@3a7b94c4{static,/static,jar:file:/home/user/.m2/repository/org/apache/hadoop/hadoop-hdds-container-service/1.2.0-SNAPSHOT/hadoop-hdds-container-service-1.2.0-SNAPSHOT.jar!/webapps/static,STOPPED}
2021-05-19 07:43:18,560 [Listener at 127.0.0.1/41639] INFO  handler.ContextHandler (ContextHandler.java:doStop(1154)) - Stopped o.e.j.s.ServletContextHandler@679f63bf{logs,/logs,file:///github/workspace/mnt/ozone/hadoop-ozone/integration-test/target/log,STOPPED}
2021-05-19 07:43:18,810 [Datanode State Machine Thread - 0] INFO  statemachine.DatanodeStateMachine (DatanodeStateMachine.java:lambda$startDaemon$0(411)) - Ozone container server started.
2021-05-19 07:43:22,920 [EventQueue-DeadNodeForDeadNodeHandler] INFO  node.DeadNodeHandler (DeadNodeHandler.java:onMessage(77)) - A dead datanode is detected. a14714da-c87c-4361-b393-7e96cf422ed7{ip: 172.17.0.2, host: 3974e5c036b4, ports: [REPLICATION=40039, RATIS=45547, RATIS_ADMIN=45547, RATIS_SERVER=45547, STANDALONE=44867], networkLocation: /default-rack, certSerialId: null, persistedOpState: IN_SERVICE, persistedOpStateExpiryEpochSec: 0}
2021-05-19 07:43:22,920 [EventQueue-DeadNodeForDeadNodeHandler] INFO  pipeline.RatisPipelineProvider (RatisPipelineProvider.java:lambda$close$1(209)) - Send pipeline:PipelineID=e5a9674d-1890-47b7-8b5e-615e84326ce6 close command to datanode a14714da-c87c-4361-b393-7e96cf422ed7
2021-05-19 07:43:22,921 [EventQueue-DeadNodeForDeadNodeHandler] INFO  pipeline.PipelineStateManager (PipelineStateManagerV2Impl.java:removePipeline(211)) - Pipeline Pipeline[ Id: e5a9674d-1890-47b7-8b5e-615e84326ce6, Nodes: a14714da-c87c-4361-b393-7e96cf422ed7{ip: 172.17.0.2, host: 3974e5c036b4, ports: [REPLICATION=40039, RATIS=45547, RATIS_ADMIN=45547, RATIS_SERVER=45547, STANDALONE=44867], networkLocation: /default-rack, certSerialId: null, persistedOpState: IN_SERVICE, persistedOpStateExpiryEpochSec: 0}, ReplicationConfig: RATIS/ONE, State:CLOSED, leaderId:a14714da-c87c-4361-b393-7e96cf422ed7, CreationTimestamp2021-05-19T07:42:56.639Z] removed.
2021-05-19 07:43:22,921 [EventQueue-DeadNodeForDeadNodeHandler] INFO  pipeline.RatisPipelineProvider (RatisPipelineProvider.java:lambda$close$1(209)) - Send pipeline:PipelineID=80f8b59d-e8b1-4475-8a3c-248d4d37a09f close command to datanode a14714da-c87c-4361-b393-7e96cf422ed7
2021-05-19 07:43:22,921 [EventQueue-DeadNodeForDeadNodeHandler] INFO  pipeline.RatisPipelineProvider (RatisPipelineProvider.java:lambda$close$1(209)) - Send pipeline:PipelineID=80f8b59d-e8b1-4475-8a3c-248d4d37a09f close command to datanode 68d4f79f-8ed5-4598-b947-57f9bc979c0e
2021-05-19 07:43:22,921 [EventQueue-DeadNodeForDeadNodeHandler] INFO  pipeline.RatisPipelineProvider (RatisPipelineProvider.java:lambda$close$1(209)) - Send pipeline:PipelineID=80f8b59d-e8b1-4475-8a3c-248d4d37a09f close command to datanode b054e63b-a418-439f-9265-0225a71f074a
2021-05-19 07:43:22,921 [EventQueue-DeadNodeForDeadNodeHandler] INFO  pipeline.PipelineStateManager (PipelineStateManagerV2Impl.java:removePipeline(211)) - Pipeline Pipeline[ Id: 80f8b59d-e8b1-4475-8a3c-248d4d37a09f, Nodes: a14714da-c87c-4361-b393-7e96cf422ed7{ip: 172.17.0.2, host: 3974e5c036b4, ports: [REPLICATION=40039, RATIS=45547, RATIS_ADMIN=45547, RATIS_SERVER=45547, STANDALONE=44867], networkLocation: /default-rack, certSerialId: null, persistedOpState: IN_SERVICE, persistedOpStateExpiryEpochSec: 0}68d4f79f-8ed5-4598-b947-57f9bc979c0e{ip: 172.17.0.2, host: 3974e5c036b4, ports: [REPLICATION=43949, RATIS=42729, RATIS_ADMIN=42729, RATIS_SERVER=42729, STANDALONE=34701], networkLocation: /default-rack, certSerialId: null, persistedOpState: IN_SERVICE, persistedOpStateExpiryEpochSec: 0}b054e63b-a418-439f-9265-0225a71f074a{ip: 172.17.0.2, host: 3974e5c036b4, ports: [REPLICATION=42285, RATIS=34287, RATIS_ADMIN=34287, RATIS_SERVER=34287, STANDALONE=45519], networkLocation: /default-rack, certSerialId: null, persistedOpState: IN_SERVICE, persistedOpStateExpiryEpochSec: 0}, ReplicationConfig: RATIS/THREE, State:CLOSED, leaderId:, CreationTimestamp2021-05-19T07:42:56.641Z] removed.
2021-05-19 07:43:22,921 [EventQueue-DeadNodeForDeadNodeHandler] INFO  node.DeadNodeHandler (DeadNodeHandler.java:onMessage(77)) - A dead datanode is detected. b054e63b-a418-439f-9265-0225a71f074a{ip: 172.17.0.2, host: 3974e5c036b4, ports: [REPLICATION=42285, RATIS=34287, RATIS_ADMIN=34287, RATIS_SERVER=34287, STANDALONE=45519], networkLocation: /default-rack, certSerialId: null, persistedOpState: IN_SERVICE, persistedOpStateExpiryEpochSec: 0}
2021-05-19 07:43:22,921 [EventQueue-DeadNodeForDeadNodeHandler] INFO  pipeline.RatisPipelineProvider (RatisPipelineProvider.java:lambda$close$1(209)) - Send pipeline:PipelineID=ff5df469-b7be-437c-8272-c1b2006a74b3 close command to datanode b054e63b-a418-439f-9265-0225a71f074a
2021-05-19 07:43:22,922 [EventQueue-DeadNodeForDeadNodeHandler] INFO  pipeline.PipelineStateManager (PipelineStateManagerV2Impl.java:removePipeline(211)) - Pipeline Pipeline[ Id: ff5df469-b7be-437c-8272-c1b2006a74b3, Nodes: b054e63b-a418-439f-9265-0225a71f074a{ip: 172.17.0.2, host: 3974e5c036b4, ports: [REPLICATION=42285, RATIS=34287, RATIS_ADMIN=34287, RATIS_SERVER=34287, STANDALONE=45519], networkLocation: /default-rack, certSerialId: null, persistedOpState: IN_SERVICE, persistedOpStateExpiryEpochSec: 0}, ReplicationConfig: RATIS/ONE, State:CLOSED, leaderId:b054e63b-a418-439f-9265-0225a71f074a, CreationTimestamp2021-05-19T07:41:58.536Z] removed.
2021-05-19 07:43:23,095 [68d4f79f-8ed5-4598-b947-57f9bc979c0e@group-1F4802A68F73-FollowerState] INFO  impl.FollowerState (FollowerState.java:run(134)) - 68d4f79f-8ed5-4598-b947-57f9bc979c0e@group-1F4802A68F73-FollowerState: change to CANDIDATE, lastRpcElapsedTime:5088218888ns, electionTimeout:5083ms
2021-05-19 07:43:23,095 [68d4f79f-8ed5-4598-b947-57f9bc979c0e@group-1F4802A68F73-FollowerState] INFO  impl.RoleInfo (RoleInfo.java:shutdownFollowerState(108)) - 68d4f79f-8ed5-4598-b947-57f9bc979c0e: shutdown 68d4f79f-8ed5-4598-b947-57f9bc979c0e@group-1F4802A68F73-FollowerState
2021-05-19 07:43:23,095 [68d4f79f-8ed5-4598-b947-57f9bc979c0e@group-1F4802A68F73-FollowerState] INFO  server.RaftServer$Division (RaftServerImpl.java:setRole(284)) - 68d4f79f-8ed5-4598-b947-57f9bc979c0e@group-1F4802A68F73: changes role from  FOLLOWER to CANDIDATE at term 3 for changeToCandidate
2021-05-19 07:43:23,095 [68d4f79f-8ed5-4598-b947-57f9bc979c0e@group-1F4802A68F73-FollowerState] INFO  server.RaftServerConfigKeys (ConfUtils.java:logGet(44)) - raft.server.leaderelection.pre-vote = false (custom)
2021-05-19 07:43:23,096 [68d4f79f-8ed5-4598-b947-57f9bc979c0e@group-1F4802A68F73-FollowerState] INFO  impl.RoleInfo (RoleInfo.java:updateAndGet(130)) - 68d4f79f-8ed5-4598-b947-57f9bc979c0e: start 68d4f79f-8ed5-4598-b947-57f9bc979c0e@group-1F4802A68F73-LeaderElection78
2021-05-19 07:43:23,097 [68d4f79f-8ed5-4598-b947-57f9bc979c0e@group-1F4802A68F73-LeaderElection78] INFO  impl.LeaderElection (LeaderElection.java:askForVotes(306)) - 68d4f79f-8ed5-4598-b947-57f9bc979c0e@group-1F4802A68F73-LeaderElection78 ELECTION round 0: submit vote requests at term 4 for 0: [a14714da-c87c-4361-b393-7e96cf422ed7|rpc:172.17.0.2:45547|dataStream:|priority:1, 68d4f79f-8ed5-4598-b947-57f9bc979c0e|rpc:172.17.0.2:42729|dataStream:|priority:0, 8e81be81-8cf3-4cb2-af1f-2c1c9bc19b0e|rpc:172.17.0.2:41855|dataStream:|priority:0], old=null
2021-05-19 07:43:23,098 [68d4f79f-8ed5-4598-b947-57f9bc979c0e@group-1F4802A68F73-LeaderElection78] INFO  impl.LeaderElection (LogUtils.java:infoOrTrace(137)) - 68d4f79f-8ed5-4598-b947-57f9bc979c0e@group-1F4802A68F73-LeaderElection78 got exception when requesting votes: java.util.concurrent.ExecutionException: org.apache.ratis.thirdparty.io.grpc.StatusRuntimeException: UNAVAILABLE: io exception
2021-05-19 07:43:23,098 [68d4f79f-8ed5-4598-b947-57f9bc979c0e@group-1F4802A68F73-LeaderElection78] INFO  impl.LeaderElection (LogUtils.java:infoOrTrace(137)) - 68d4f79f-8ed5-4598-b947-57f9bc979c0e@group-1F4802A68F73-LeaderElection78 got exception when requesting votes: java.util.concurrent.ExecutionException: org.apache.ratis.thirdparty.io.grpc.StatusRuntimeException: UNAVAILABLE: io exception
2021-05-19 07:43:23,098 [68d4f79f-8ed5-4598-b947-57f9bc979c0e@group-1F4802A68F73-LeaderElection78] INFO  impl.LeaderElection (LeaderElection.java:logAndReturn(89)) - 68d4f79f-8ed5-4598-b947-57f9bc979c0e@group-1F4802A68F73-LeaderElection78: ELECTION REJECTED received 0 response(s) and 2 exception(s):
2021-05-19 07:43:23,098 [68d4f79f-8ed5-4598-b947-57f9bc979c0e@group-1F4802A68F73-LeaderElection78] INFO  impl.LeaderElection (LogUtils.java:infoOrTrace(137)) -   Exception 0: java.util.concurrent.ExecutionException: org.apache.ratis.thirdparty.io.grpc.StatusRuntimeException: UNAVAILABLE: io exception
2021-05-19 07:43:23,098 [68d4f79f-8ed5-4598-b947-57f9bc979c0e@group-1F4802A68F73-LeaderElection78] INFO  impl.LeaderElection (LogUtils.java:infoOrTrace(137)) -   Exception 1: java.util.concurrent.ExecutionException: org.apache.ratis.thirdparty.io.grpc.StatusRuntimeException: UNAVAILABLE: io exception
2021-05-19 07:43:23,098 [68d4f79f-8ed5-4598-b947-57f9bc979c0e@group-1F4802A68F73-LeaderElection78] INFO  impl.LeaderElection (LeaderElection.java:askForVotes(308)) - 68d4f79f-8ed5-4598-b947-57f9bc979c0e@group-1F4802A68F73-LeaderElection78 ELECTION round 0: result REJECTED
2021-05-19 07:43:23,098 [68d4f79f-8ed5-4598-b947-57f9bc979c0e@group-1F4802A68F73-LeaderElection78] INFO  server.RaftServer$Division (RaftServerImpl.java:setRole(284)) - 68d4f79f-8ed5-4598-b947-57f9bc979c0e@group-1F4802A68F73: changes role from CANDIDATE to FOLLOWER at term 4 for REJECTED
2021-05-19 07:43:23,098 [68d4f79f-8ed5-4598-b947-57f9bc979c0e@group-1F4802A68F73-LeaderElection78] INFO  impl.RoleInfo (RoleInfo.java:shutdownLeaderElection(121)) - 68d4f79f-8ed5-4598-b947-57f9bc979c0e: shutdown 68d4f79f-8ed5-4598-b947-57f9bc979c0e@group-1F4802A68F73-LeaderElection78
2021-05-19 07:43:23,098 [68d4f79f-8ed5-4598-b947-57f9bc979c0e@group-1F4802A68F73-LeaderElection78] INFO  impl.RoleInfo (RoleInfo.java:updateAndGet(130)) - 68d4f79f-8ed5-4598-b947-57f9bc979c0e: start 68d4f79f-8ed5-4598-b947-57f9bc979c0e@group-1F4802A68F73-FollowerState
2021-05-19 07:43:23,121 [EventQueue-StaleNodeForStaleNodeHandler] INFO  node.StaleNodeHandler (StaleNodeHandler.java:onMessage(58)) - Datanode 37b2c1ee-956a-4dec-b232-912a6a25ff9b{ip: 172.17.0.2, host: 3974e5c036b4, ports: [REPLICATION=33365, RATIS=35677, RATIS_ADMIN=35677, RATIS_SERVER=35677, STANDALONE=37521], networkLocation: /default-rack, certSerialId: null, persistedOpState: IN_SERVICE, persistedOpStateExpiryEpochSec: 0} moved to stale state. Finalizing its pipelines [PipelineID=114b3233-061f-4cf5-bbb7-e783b1ff2571]
2021-05-19 07:43:23,121 [EventQueue-StaleNodeForStaleNodeHandler] INFO  pipeline.PipelineManagerV2Impl (PipelineManagerV2Impl.java:closePipeline(330)) - Pipeline Pipeline[ Id: 114b3233-061f-4cf5-bbb7-e783b1ff2571, Nodes: 37b2c1ee-956a-4dec-b232-912a6a25ff9b{ip: 172.17.0.2, host: 3974e5c036b4, ports: [REPLICATION=33365, RATIS=35677, RATIS_ADMIN=35677, RATIS_SERVER=35677, STANDALONE=37521], networkLocation: /default-rack, certSerialId: null, persistedOpState: IN_SERVICE, persistedOpStateExpiryEpochSec: 0}, ReplicationConfig: RATIS/ONE, State:OPEN, leaderId:37b2c1ee-956a-4dec-b232-912a6a25ff9b, CreationTimestamp2021-05-19T07:41:57.933Z] moved to CLOSED state
2021-05-19 07:43:23,121 [EventQueue-CloseContainerForCloseContainerEventHandler] INFO  container.CloseContainerEventHandler (CloseContainerEventHandler.java:onMessage(68)) - Close container Event triggered for container : #2
2021-05-19 07:43:23,522 [68d4f79f-8ed5-4598-b947-57f9bc979c0e@group-62F890F27B82-FollowerState] INFO  impl.FollowerState (FollowerState.java:run(134)) - 68d4f79f-8ed5-4598-b947-57f9bc979c0e@group-62F890F27B82-FollowerState: change to CANDIDATE, lastRpcElapsedTime:5030001441ns, electionTimeout:5020ms
2021-05-19 07:43:23,522 [68d4f79f-8ed5-4598-b947-57f9bc979c0e@group-62F890F27B82-FollowerState] INFO  impl.RoleInfo (RoleInfo.java:shutdownFollowerState(108)) - 68d4f79f-8ed5-4598-b947-57f9bc979c0e: shutdown 68d4f79f-8ed5-4598-b947-57f9bc979c0e@group-62F890F27B82-FollowerState
2021-05-19 07:43:23,522 [68d4f79f-8ed5-4598-b947-57f9bc979c0e@group-62F890F27B82-FollowerState] INFO  server.RaftServer$Division (RaftServerImpl.java:setRole(284)) - 68d4f79f-8ed5-4598-b947-57f9bc979c0e@group-62F890F27B82: changes role from  FOLLOWER to CANDIDATE at term 4 for changeToCandidate
2021-05-19 07:43:23,523 [68d4f79f-8ed5-4598-b947-57f9bc979c0e@group-62F890F27B82-FollowerState] INFO  server.RaftServerConfigKeys (ConfUtils.java:logGet(44)) - raft.server.leaderelection.pre-vote = false (custom)
2021-05-19 07:43:23,523 [68d4f79f-8ed5-4598-b947-57f9bc979c0e@group-62F890F27B82-FollowerState] INFO  impl.RoleInfo (RoleInfo.java:updateAndGet(130)) - 68d4f79f-8ed5-4598-b947-57f9bc979c0e: start 68d4f79f-8ed5-4598-b947-57f9bc979c0e@group-62F890F27B82-LeaderElection79
2021-05-19 07:43:23,524 [68d4f79f-8ed5-4598-b947-57f9bc979c0e@group-62F890F27B82-LeaderElection79] INFO  impl.LeaderElection (LeaderElection.java:askForVotes(306)) - 68d4f79f-8ed5-4598-b947-57f9bc979c0e@group-62F890F27B82-LeaderElection79 ELECTION round 0: submit vote requests at term 5 for -1: [b054e63b-a418-439f-9265-0225a71f074a|rpc:172.17.0.2:34287|priority:0, 68d4f79f-8ed5-4598-b947-57f9bc979c0e|rpc:172.17.0.2:42729|priority:1, 8e81be81-8cf3-4cb2-af1f-2c1c9bc19b0e|rpc:172.17.0.2:41855|priority:0], old=null
2021-05-19 07:43:23,526 [68d4f79f-8ed5-4598-b947-57f9bc979c0e@group-62F890F27B82-LeaderElection79] INFO  impl.LeaderElection (LogUtils.java:infoOrTrace(137)) - 68d4f79f-8ed5-4598-b947-57f9bc979c0e@group-62F890F27B82-LeaderElection79 got exception when requesting votes: java.util.concurrent.ExecutionException: org.apache.ratis.thirdparty.io.grpc.StatusRuntimeException: UNAVAILABLE: io exception
2021-05-19 07:43:23,526 [68d4f79f-8ed5-4598-b947-57f9bc979c0e@group-62F890F27B82-LeaderElection79] INFO  impl.LeaderElection (LogUtils.java:infoOrTrace(137)) - 68d4f79f-8ed5-4598-b947-57f9bc979c0e@group-62F890F27B82-LeaderElection79 got exception when requesting votes: java.util.concurrent.ExecutionException: org.apache.ratis.thirdparty.io.grpc.StatusRuntimeException: UNAVAILABLE: io exception
2021-05-19 07:43:23,526 [68d4f79f-8ed5-4598-b947-57f9bc979c0e@group-62F890F27B82-LeaderElection79] INFO  impl.LeaderElection (LeaderElection.java:logAndReturn(89)) - 68d4f79f-8ed5-4598-b947-57f9bc979c0e@group-62F890F27B82-LeaderElection79: ELECTION REJECTED received 0 response(s) and 2 exception(s):
2021-05-19 07:43:23,526 [68d4f79f-8ed5-4598-b947-57f9bc979c0e@group-62F890F27B82-LeaderElection79] INFO  impl.LeaderElection (LogUtils.java:infoOrTrace(137)) -   Exception 0: java.util.concurrent.ExecutionException: org.apache.ratis.thirdparty.io.grpc.StatusRuntimeException: UNAVAILABLE: io exception
2021-05-19 07:43:23,526 [68d4f79f-8ed5-4598-b947-57f9bc979c0e@group-62F890F27B82-LeaderElection79] INFO  impl.LeaderElection (LogUtils.java:infoOrTrace(137)) -   Exception 1: java.util.concurrent.ExecutionException: org.apache.ratis.thirdparty.io.grpc.StatusRuntimeException: UNAVAILABLE: io exception
2021-05-19 07:43:23,526 [68d4f79f-8ed5-4598-b947-57f9bc979c0e@group-62F890F27B82-LeaderElection79] INFO  impl.LeaderElection (LeaderElection.java:askForVotes(308)) - 68d4f79f-8ed5-4598-b947-57f9bc979c0e@group-62F890F27B82-LeaderElection79 ELECTION round 0: result REJECTED
2021-05-19 07:43:23,526 [68d4f79f-8ed5-4598-b947-57f9bc979c0e@group-62F890F27B82-LeaderElection79] INFO  server.RaftServer$Division (RaftServerImpl.java:setRole(284)) - 68d4f79f-8ed5-4598-b947-57f9bc979c0e@group-62F890F27B82: changes role from CANDIDATE to FOLLOWER at term 5 for REJECTED
2021-05-19 07:43:23,526 [68d4f79f-8ed5-4598-b947-57f9bc979c0e@group-62F890F27B82-LeaderElection79] INFO  impl.RoleInfo (RoleInfo.java:shutdownLeaderElection(121)) - 68d4f79f-8ed5-4598-b947-57f9bc979c0e: shutdown 68d4f79f-8ed5-4598-b947-57f9bc979c0e@group-62F890F27B82-LeaderElection79
2021-05-19 07:43:23,526 [68d4f79f-8ed5-4598-b947-57f9bc979c0e@group-62F890F27B82-LeaderElection79] INFO  impl.RoleInfo (RoleInfo.java:updateAndGet(130)) - 68d4f79f-8ed5-4598-b947-57f9bc979c0e: start 68d4f79f-8ed5-4598-b947-57f9bc979c0e@group-62F890F27B82-FollowerState
2021-05-19 07:43:23,562 [Listener at 127.0.0.1/41639] INFO  ozoneimpl.OzoneContainer (OzoneContainer.java:stop(312)) - Attempting to stop container services.
2021-05-19 07:43:23,562 [Listener at 127.0.0.1/41639] INFO  server.RaftServer (RaftServerProxy.java:lambda$close$6(391)) - 68d4f79f-8ed5-4598-b947-57f9bc979c0e: close
2021-05-19 07:43:23,562 [Listener at 127.0.0.1/41639] INFO  server.RaftServer$Division (RaftServerImpl.java:lambda$close$4(406)) - 68d4f79f-8ed5-4598-b947-57f9bc979c0e@group-4D2247FA29FE: shutdown
2021-05-19 07:43:23,563 [Listener at 127.0.0.1/41639] INFO  util.JmxRegister (JmxRegister.java:unregister(73)) - Successfully un-registered JMX Bean with object name Ratis:service=RaftServer,group=group-4D2247FA29FE,id=68d4f79f-8ed5-4598-b947-57f9bc979c0e
2021-05-19 07:43:23,563 [Listener at 127.0.0.1/41639] INFO  impl.RoleInfo (RoleInfo.java:shutdownLeaderState(91)) - 68d4f79f-8ed5-4598-b947-57f9bc979c0e: shutdown 68d4f79f-8ed5-4598-b947-57f9bc979c0e@group-4D2247FA29FE-LeaderStateImpl
2021-05-19 07:43:23,563 [Listener at 127.0.0.1/41639] INFO  impl.PendingRequests (PendingRequests.java:sendNotLeaderResponses(249)) - 68d4f79f-8ed5-4598-b947-57f9bc979c0e@group-4D2247FA29FE-PendingRequests: sendNotLeaderResponses
2021-05-19 07:43:23,563 [Listener at 127.0.0.1/41639] INFO  metrics.RatisMetrics (RatisMetrics.java:unregister(43)) - Unregistering Metrics Registry : ratis.log_appender.68d4f79f-8ed5-4598-b947-57f9bc979c0e@group-4D2247FA29FE
2021-05-19 07:43:23,563 [Listener at 127.0.0.1/41639] INFO  metrics.RatisMetrics (RatisMetrics.java:unregister(43)) - Unregistering Metrics Registry : ratis.server.68d4f79f-8ed5-4598-b947-57f9bc979c0e@group-4D2247FA29FE
2021-05-19 07:43:23,564 [Listener at 127.0.0.1/41639] INFO  impl.StateMachineUpdater (StateMachineUpdater.java:stopAndJoin(149)) - 68d4f79f-8ed5-4598-b947-57f9bc979c0e@group-4D2247FA29FE-StateMachineUpdater: set stopIndex = 0
2021-05-19 07:43:23,564 [68d4f79f-8ed5-4598-b947-57f9bc979c0e@group-4D2247FA29FE-StateMachineUpdater] INFO  ratis.ContainerStateMachine (ContainerStateMachine.java:takeSnapshot(292)) - group-4D2247FA29FE: Taking a snapshot at:(t:1, i:0) file /github/workspace/mnt/ozone/hadoop-ozone/integration-test/target/test-dir/MiniOzoneClusterImpl-952c9dfc-8967-4523-b06f-60d3bd5de2bf/datanode-0/data/ratis/83ce8431-c16c-455f-b32b-4d2247fa29fe/sm/snapshot.1_0
2021-05-19 07:43:23,565 [68d4f79f-8ed5-4598-b947-57f9bc979c0e@group-4D2247FA29FE-StateMachineUpdater] INFO  ratis.ContainerStateMachine (ContainerStateMachine.java:takeSnapshot(303)) - group-4D2247FA29FE: Finished taking a snapshot at:(t:1, i:0) file:/github/workspace/mnt/ozone/hadoop-ozone/integration-test/target/test-dir/MiniOzoneClusterImpl-952c9dfc-8967-4523-b06f-60d3bd5de2bf/datanode-0/data/ratis/83ce8431-c16c-455f-b32b-4d2247fa29fe/sm/snapshot.1_0 took: 1 ms
2021-05-19 07:43:23,565 [68d4f79f-8ed5-4598-b947-57f9bc979c0e@group-4D2247FA29FE-StateMachineUpdater] INFO  impl.StateMachineUpdater (StateMachineUpdater.java:takeSnapshot(281)) - 68d4f79f-8ed5-4598-b947-57f9bc979c0e@group-4D2247FA29FE-StateMachineUpdater: Took a snapshot at index 0
2021-05-19 07:43:23,565 [68d4f79f-8ed5-4598-b947-57f9bc979c0e@group-4D2247FA29FE-StateMachineUpdater] INFO  impl.StateMachineUpdater (StateMachineUpdater.java:lambda$new$0(89)) - 68d4f79f-8ed5-4598-b947-57f9bc979c0e@group-4D2247FA29FE-StateMachineUpdater: snapshotIndex: updateIncreasingly -1 -> 0
2021-05-19 07:43:23,565 [68d4f79f-8ed5-4598-b947-57f9bc979c0e@group-4D2247FA29FE-StateMachineUpdater] INFO  metrics.RatisMetrics (RatisMetrics.java:unregister(43)) - Unregistering Metrics Registry : ratis.state_machine.68d4f79f-8ed5-4598-b947-57f9bc979c0e@group-4D2247FA29FE
2021-05-19 07:43:23,565 [Listener at 127.0.0.1/41639] INFO  server.RaftServer$Division (ServerState.java:close(405)) - 68d4f79f-8ed5-4598-b947-57f9bc979c0e@group-4D2247FA29FE: closes. applyIndex: 0
2021-05-19 07:43:23,566 [68d4f79f-8ed5-4598-b947-57f9bc979c0e@group-4D2247FA29FE-SegmentedRaftLogWorker] INFO  segmented.SegmentedRaftLogWorker (SegmentedRaftLogWorker.java:run(327)) - 68d4f79f-8ed5-4598-b947-57f9bc979c0e@group-4D2247FA29FE-SegmentedRaftLogWorker was interrupted, exiting. There are 0 tasks remaining in the queue.
2021-05-19 07:43:23,566 [Listener at 127.0.0.1/41639] INFO  segmented.SegmentedRaftLogWorker (SegmentedRaftLogWorker.java:close(237)) - 68d4f79f-8ed5-4598-b947-57f9bc979c0e@group-4D2247FA29FE-SegmentedRaftLogWorker close()
2021-05-19 07:43:23,566 [Listener at 127.0.0.1/41639] INFO  metrics.RatisMetrics (RatisMetrics.java:unregister(43)) - Unregistering Metrics Registry : ratis.log_worker.68d4f79f-8ed5-4598-b947-57f9bc979c0e@group-4D2247FA29FE
2021-05-19 07:43:23,566 [Listener at 127.0.0.1/41639] INFO  metrics.RatisMetrics (RatisMetrics.java:unregister(43)) - Unregistering Metrics Registry : ratis.leader_election.68d4f79f-8ed5-4598-b947-57f9bc979c0e@group-4D2247FA29FE
2021-05-19 07:43:23,566 [Listener at 127.0.0.1/41639] INFO  metrics.RatisMetrics (RatisMetrics.java:unregister(43)) - Unregistering Metrics Registry : ratis.server.68d4f79f-8ed5-4598-b947-57f9bc979c0e@group-4D2247FA29FE
2021-05-19 07:43:23,567 [Listener at 127.0.0.1/41639] INFO  server.RaftServer$Division (RaftServerImpl.java:lambda$close$4(406)) - 68d4f79f-8ed5-4598-b947-57f9bc979c0e@group-248D4D37A09F: shutdown
2021-05-19 07:43:23,567 [Listener at 127.0.0.1/41639] INFO  util.JmxRegister (JmxRegister.java:unregister(73)) - Successfully un-registered JMX Bean with object name Ratis:service=RaftServer,group=group-248D4D37A09F,id=68d4f79f-8ed5-4598-b947-57f9bc979c0e
2021-05-19 07:43:23,567 [Listener at 127.0.0.1/41639] INFO  impl.RoleInfo (RoleInfo.java:shutdownFollowerState(108)) - 68d4f79f-8ed5-4598-b947-57f9bc979c0e: shutdown 68d4f79f-8ed5-4598-b947-57f9bc979c0e@group-248D4D37A09F-FollowerState
2021-05-19 07:43:23,567 [68d4f79f-8ed5-4598-b947-57f9bc979c0e@group-248D4D37A09F-FollowerState] INFO  impl.FollowerState (FollowerState.java:run(143)) - 68d4f79f-8ed5-4598-b947-57f9bc979c0e@group-248D4D37A09F-FollowerState was interrupted: {}
java.lang.InterruptedException: sleep interrupted
	at java.lang.Thread.sleep(Native Method)
	at java.lang.Thread.sleep(Thread.java:340)
	at java.util.concurrent.TimeUnit.sleep(TimeUnit.java:386)
	at org.apache.ratis.util.TimeDuration.sleep(TimeDuration.java:324)
	at org.apache.ratis.util.TimeDuration.sleep(TimeDuration.java:309)
	at org.apache.ratis.server.impl.FollowerState.run(FollowerState.java:118)
2021-05-19 07:43:23,567 [Listener at 127.0.0.1/41639] INFO  impl.StateMachineUpdater (StateMachineUpdater.java:stopAndJoin(149)) - 68d4f79f-8ed5-4598-b947-57f9bc979c0e@group-248D4D37A09F-StateMachineUpdater: set stopIndex = -1
2021-05-19 07:43:23,567 [68d4f79f-8ed5-4598-b947-57f9bc979c0e@group-248D4D37A09F-StateMachineUpdater] INFO  metrics.RatisMetrics (RatisMetrics.java:unregister(43)) - Unregistering Metrics Registry : ratis.state_machine.68d4f79f-8ed5-4598-b947-57f9bc979c0e@group-248D4D37A09F
2021-05-19 07:43:23,567 [Listener at 127.0.0.1/41639] INFO  server.RaftServer$Division (ServerState.java:close(405)) - 68d4f79f-8ed5-4598-b947-57f9bc979c0e@group-248D4D37A09F: closes. applyIndex: -1
2021-05-19 07:43:23,568 [68d4f79f-8ed5-4598-b947-57f9bc979c0e@group-248D4D37A09F-SegmentedRaftLogWorker] INFO  segmented.SegmentedRaftLogWorker (SegmentedRaftLogWorker.java:run(327)) - 68d4f79f-8ed5-4598-b947-57f9bc979c0e@group-248D4D37A09F-SegmentedRaftLogWorker was interrupted, exiting. There are 0 tasks remaining in the queue.
2021-05-19 07:43:23,568 [Listener at 127.0.0.1/41639] INFO  segmented.SegmentedRaftLogWorker (SegmentedRaftLogWorker.java:close(237)) - 68d4f79f-8ed5-4598-b947-57f9bc979c0e@group-248D4D37A09F-SegmentedRaftLogWorker close()
2021-05-19 07:43:23,568 [Listener at 127.0.0.1/41639] INFO  metrics.RatisMetrics (RatisMetrics.java:unregister(43)) - Unregistering Metrics Registry : ratis.log_worker.68d4f79f-8ed5-4598-b947-57f9bc979c0e@group-248D4D37A09F
2021-05-19 07:43:23,569 [Listener at 127.0.0.1/41639] INFO  metrics.RatisMetrics (RatisMetrics.java:unregister(43)) - Unregistering Metrics Registry : ratis.leader_election.68d4f79f-8ed5-4598-b947-57f9bc979c0e@group-248D4D37A09F
2021-05-19 07:43:23,569 [Listener at 127.0.0.1/41639] INFO  metrics.RatisMetrics (RatisMetrics.java:unregister(43)) - Unregistering Metrics Registry : ratis.server.68d4f79f-8ed5-4598-b947-57f9bc979c0e@group-248D4D37A09F
2021-05-19 07:43:23,569 [Listener at 127.0.0.1/41639] INFO  server.RaftServer$Division (RaftServerImpl.java:lambda$close$4(406)) - 68d4f79f-8ed5-4598-b947-57f9bc979c0e@group-62F890F27B82: shutdown
2021-05-19 07:43:23,569 [Listener at 127.0.0.1/41639] INFO  util.JmxRegister (JmxRegister.java:unregister(73)) - Successfully un-registered JMX Bean with object name Ratis:service=RaftServer,group=group-62F890F27B82,id=68d4f79f-8ed5-4598-b947-57f9bc979c0e
2021-05-19 07:43:23,569 [Listener at 127.0.0.1/41639] INFO  impl.RoleInfo (RoleInfo.java:shutdownFollowerState(108)) - 68d4f79f-8ed5-4598-b947-57f9bc979c0e: shutdown 68d4f79f-8ed5-4598-b947-57f9bc979c0e@group-62F890F27B82-FollowerState
2021-05-19 07:43:23,569 [68d4f79f-8ed5-4598-b947-57f9bc979c0e@group-62F890F27B82-FollowerState] INFO  impl.FollowerState (FollowerState.java:run(143)) - 68d4f79f-8ed5-4598-b947-57f9bc979c0e@group-62F890F27B82-FollowerState was interrupted: {}
java.lang.InterruptedException: sleep interrupted
	at java.lang.Thread.sleep(Native Method)
	at java.lang.Thread.sleep(Thread.java:340)
	at java.util.concurrent.TimeUnit.sleep(TimeUnit.java:386)
	at org.apache.ratis.util.TimeDuration.sleep(TimeDuration.java:324)
	at org.apache.ratis.util.TimeDuration.sleep(TimeDuration.java:309)
	at org.apache.ratis.server.impl.FollowerState.run(FollowerState.java:118)
2021-05-19 07:43:23,569 [Listener at 127.0.0.1/41639] INFO  impl.StateMachineUpdater (StateMachineUpdater.java:stopAndJoin(149)) - 68d4f79f-8ed5-4598-b947-57f9bc979c0e@group-62F890F27B82-StateMachineUpdater: set stopIndex = -1
2021-05-19 07:43:23,569 [68d4f79f-8ed5-4598-b947-57f9bc979c0e@group-62F890F27B82-StateMachineUpdater] INFO  metrics.RatisMetrics (RatisMetrics.java:unregister(43)) - Unregistering Metrics Registry : ratis.state_machine.68d4f79f-8ed5-4598-b947-57f9bc979c0e@group-62F890F27B82
2021-05-19 07:43:23,570 [Listener at 127.0.0.1/41639] INFO  server.RaftServer$Division (ServerState.java:close(405)) - 68d4f79f-8ed5-4598-b947-57f9bc979c0e@group-62F890F27B82: closes. applyIndex: -1
2021-05-19 07:43:23,570 [68d4f79f-8ed5-4598-b947-57f9bc979c0e@group-62F890F27B82-SegmentedRaftLogWorker] INFO  segmented.SegmentedRaftLogWorker (SegmentedRaftLogWorker.java:run(327)) - 68d4f79f-8ed5-4598-b947-57f9bc979c0e@group-62F890F27B82-SegmentedRaftLogWorker was interrupted, exiting. There are 0 tasks remaining in the queue.
2021-05-19 07:43:23,570 [Listener at 127.0.0.1/41639] INFO  segmented.SegmentedRaftLogWorker (SegmentedRaftLogWorker.java:close(237)) - 68d4f79f-8ed5-4598-b947-57f9bc979c0e@group-62F890F27B82-SegmentedRaftLogWorker close()
2021-05-19 07:43:23,570 [Listener at 127.0.0.1/41639] INFO  metrics.RatisMetrics (RatisMetrics.java:unregister(43)) - Unregistering Metrics Registry : ratis.log_worker.68d4f79f-8ed5-4598-b947-57f9bc979c0e@group-62F890F27B82
2021-05-19 07:43:23,571 [Listener at 127.0.0.1/41639] INFO  metrics.RatisMetrics (RatisMetrics.java:unregister(43)) - Unregistering Metrics Registry : ratis.leader_election.68d4f79f-8ed5-4598-b947-57f9bc979c0e@group-62F890F27B82
2021-05-19 07:43:23,571 [Listener at 127.0.0.1/41639] INFO  metrics.RatisMetrics (RatisMetrics.java:unregister(43)) - Unregistering Metrics Registry : ratis.server.68d4f79f-8ed5-4598-b947-57f9bc979c0e@group-62F890F27B82
2021-05-19 07:43:23,571 [Listener at 127.0.0.1/41639] INFO  server.RaftServer$Division (RaftServerImpl.java:lambda$close$4(406)) - 68d4f79f-8ed5-4598-b947-57f9bc979c0e@group-1F4802A68F73: shutdown
2021-05-19 07:43:23,571 [Listener at 127.0.0.1/41639] INFO  util.JmxRegister (JmxRegister.java:unregister(73)) - Successfully un-registered JMX Bean with object name Ratis:service=RaftServer,group=group-1F4802A68F73,id=68d4f79f-8ed5-4598-b947-57f9bc979c0e
2021-05-19 07:43:23,571 [Listener at 127.0.0.1/41639] INFO  impl.RoleInfo (RoleInfo.java:shutdownFollowerState(108)) - 68d4f79f-8ed5-4598-b947-57f9bc979c0e: shutdown 68d4f79f-8ed5-4598-b947-57f9bc979c0e@group-1F4802A68F73-FollowerState
2021-05-19 07:43:23,571 [68d4f79f-8ed5-4598-b947-57f9bc979c0e@group-1F4802A68F73-FollowerState] INFO  impl.FollowerState (FollowerState.java:run(143)) - 68d4f79f-8ed5-4598-b947-57f9bc979c0e@group-1F4802A68F73-FollowerState was interrupted: {}
java.lang.InterruptedException: sleep interrupted
	at java.lang.Thread.sleep(Native Method)
	at java.lang.Thread.sleep(Thread.java:340)
	at java.util.concurrent.TimeUnit.sleep(TimeUnit.java:386)
	at org.apache.ratis.util.TimeDuration.sleep(TimeDuration.java:324)
	at org.apache.ratis.util.TimeDuration.sleep(TimeDuration.java:309)
	at org.apache.ratis.server.impl.FollowerState.run(FollowerState.java:118)
2021-05-19 07:43:23,571 [Listener at 127.0.0.1/41639] INFO  impl.StateMachineUpdater (StateMachineUpdater.java:stopAndJoin(149)) - 68d4f79f-8ed5-4598-b947-57f9bc979c0e@group-1F4802A68F73-StateMachineUpdater: set stopIndex = 0
2021-05-19 07:43:23,574 [68d4f79f-8ed5-4598-b947-57f9bc979c0e@group-1F4802A68F73-StateMachineUpdater] INFO  ratis.ContainerStateMachine (ContainerStateMachine.java:takeSnapshot(292)) - group-1F4802A68F73: Taking a snapshot at:(t:2, i:0) file /github/workspace/mnt/ozone/hadoop-ozone/integration-test/target/test-dir/MiniOzoneClusterImpl-952c9dfc-8967-4523-b06f-60d3bd5de2bf/datanode-0/data/ratis/410da6b5-5245-4022-b85d-1f4802a68f73/sm/snapshot.2_0
2021-05-19 07:43:23,575 [68d4f79f-8ed5-4598-b947-57f9bc979c0e@group-1F4802A68F73-StateMachineUpdater] INFO  ratis.ContainerStateMachine (ContainerStateMachine.java:takeSnapshot(303)) - group-1F4802A68F73: Finished taking a snapshot at:(t:2, i:0) file:/github/workspace/mnt/ozone/hadoop-ozone/integration-test/target/test-dir/MiniOzoneClusterImpl-952c9dfc-8967-4523-b06f-60d3bd5de2bf/datanode-0/data/ratis/410da6b5-5245-4022-b85d-1f4802a68f73/sm/snapshot.2_0 took: 1 ms
2021-05-19 07:43:23,575 [68d4f79f-8ed5-4598-b947-57f9bc979c0e@group-1F4802A68F73-StateMachineUpdater] INFO  impl.StateMachineUpdater (StateMachineUpdater.java:takeSnapshot(281)) - 68d4f79f-8ed5-4598-b947-57f9bc979c0e@group-1F4802A68F73-StateMachineUpdater: Took a snapshot at index 0
2021-05-19 07:43:23,575 [68d4f79f-8ed5-4598-b947-57f9bc979c0e@group-1F4802A68F73-StateMachineUpdater] INFO  impl.StateMachineUpdater (StateMachineUpdater.java:lambda$new$0(89)) - 68d4f79f-8ed5-4598-b947-57f9bc979c0e@group-1F4802A68F73-StateMachineUpdater: snapshotIndex: updateIncreasingly -1 -> 0
2021-05-19 07:43:23,575 [68d4f79f-8ed5-4598-b947-57f9bc979c0e@group-1F4802A68F73-StateMachineUpdater] INFO  metrics.RatisMetrics (RatisMetrics.java:unregister(43)) - Unregistering Metrics Registry : ratis.state_machine.68d4f79f-8ed5-4598-b947-57f9bc979c0e@group-1F4802A68F73
2021-05-19 07:43:23,576 [Listener at 127.0.0.1/41639] INFO  server.RaftServer$Division (ServerState.java:close(405)) - 68d4f79f-8ed5-4598-b947-57f9bc979c0e@group-1F4802A68F73: closes. applyIndex: 0
2021-05-19 07:43:23,576 [68d4f79f-8ed5-4598-b947-57f9bc979c0e@group-1F4802A68F73-SegmentedRaftLogWorker] INFO  segmented.SegmentedRaftLogWorker (SegmentedRaftLogWorker.java:run(327)) - 68d4f79f-8ed5-4598-b947-57f9bc979c0e@group-1F4802A68F73-SegmentedRaftLogWorker was interrupted, exiting. There are 0 tasks remaining in the queue.
2021-05-19 07:43:23,577 [Listener at 127.0.0.1/41639] INFO  segmented.SegmentedRaftLogWorker (SegmentedRaftLogWorker.java:close(237)) - 68d4f79f-8ed5-4598-b947-57f9bc979c0e@group-1F4802A68F73-SegmentedRaftLogWorker close()
2021-05-19 07:43:23,577 [Listener at 127.0.0.1/41639] INFO  metrics.RatisMetrics (RatisMetrics.java:unregister(43)) - Unregistering Metrics Registry : ratis.log_worker.68d4f79f-8ed5-4598-b947-57f9bc979c0e@group-1F4802A68F73
2021-05-19 07:43:23,578 [Listener at 127.0.0.1/41639] INFO  metrics.RatisMetrics (RatisMetrics.java:unregister(43)) - Unregistering Metrics Registry : ratis.leader_election.68d4f79f-8ed5-4598-b947-57f9bc979c0e@group-1F4802A68F73
2021-05-19 07:43:23,578 [Listener at 127.0.0.1/41639] INFO  metrics.RatisMetrics (RatisMetrics.java:unregister(43)) - Unregistering Metrics Registry : ratis.server.68d4f79f-8ed5-4598-b947-57f9bc979c0e@group-1F4802A68F73
2021-05-19 07:43:23,578 [Listener at 127.0.0.1/41639] INFO  server.GrpcService (GrpcService.java:closeImpl(262)) - 68d4f79f-8ed5-4598-b947-57f9bc979c0e: shutdown server with port 42729 now
2021-05-19 07:43:23,581 [Listener at 127.0.0.1/41639] INFO  server.GrpcService (GrpcService.java:closeImpl(271)) - 68d4f79f-8ed5-4598-b947-57f9bc979c0e: shutdown server with port 42729 successfully
2021-05-19 07:43:23,581 [org.apache.ratis.util.JvmPauseMonitor$$Lambda$504/2021733479@34e0fc74] INFO  util.JvmPauseMonitor (JvmPauseMonitor.java:run(109)) - JvmPauseMonitor-68d4f79f-8ed5-4598-b947-57f9bc979c0e: Stopped
2021-05-19 07:43:23,582 [Listener at 127.0.0.1/41639] INFO  utils.BackgroundService (BackgroundService.java:shutdown(132)) - Shutting down service BlockDeletingService
2021-05-19 07:43:23,583 [Listener at 127.0.0.1/41639] INFO  statemachine.DatanodeStateMachine (DatanodeStateMachine.java:stopDaemon(469)) - Ozone container server stopped.
2021-05-19 07:43:23,591 [Listener at 127.0.0.1/41639] INFO  handler.ContextHandler (ContextHandler.java:doStop(1154)) - Stopped o.e.j.w.WebAppContext@3b96764a{hddsDatanode,/,null,STOPPED}{jar:file:/home/user/.m2/repository/org/apache/hadoop/hadoop-hdds-container-service/1.2.0-SNAPSHOT/hadoop-hdds-container-service-1.2.0-SNAPSHOT.jar!/webapps/hddsDatanode}
2021-05-19 07:43:23,592 [Listener at 127.0.0.1/41639] INFO  server.AbstractConnector (AbstractConnector.java:doStop(381)) - Stopped ServerConnector@62808bbb{HTTP/1.1, (http/1.1)}{0.0.0.0:0}
2021-05-19 07:43:23,592 [Listener at 127.0.0.1/41639] INFO  server.session (HouseKeeper.java:stopScavenging(149)) - node0 Stopped scavenging
2021-05-19 07:43:23,592 [Listener at 127.0.0.1/41639] INFO  handler.ContextHandler (ContextHandler.java:doStop(1154)) - Stopped o.e.j.s.ServletContextHandler@350f148b{static,/static,jar:file:/home/user/.m2/repository/org/apache/hadoop/hadoop-hdds-container-service/1.2.0-SNAPSHOT/hadoop-hdds-container-service-1.2.0-SNAPSHOT.jar!/webapps/static,STOPPED}
2021-05-19 07:43:23,592 [Listener at 127.0.0.1/41639] INFO  handler.ContextHandler (ContextHandler.java:doStop(1154)) - Stopped o.e.j.s.ServletContextHandler@46ebe833{logs,/logs,file:///github/workspace/mnt/ozone/hadoop-ozone/integration-test/target/log,STOPPED}
2021-05-19 07:43:27,829 [EventQueue-StaleNodeForStaleNodeHandler] INFO  node.StaleNodeHandler (StaleNodeHandler.java:onMessage(58)) - Datanode 68d4f79f-8ed5-4598-b947-57f9bc979c0e{ip: 172.17.0.2, host: 3974e5c036b4, ports: [REPLICATION=43949, RATIS=42729, RATIS_ADMIN=42729, RATIS_SERVER=42729, STANDALONE=34701], networkLocation: /default-rack, certSerialId: null, persistedOpState: IN_SERVICE, persistedOpStateExpiryEpochSec: 0} moved to stale state. Finalizing its pipelines [PipelineID=83ce8431-c16c-455f-b32b-4d2247fa29fe]
2021-05-19 07:43:27,830 [EventQueue-StaleNodeForStaleNodeHandler] INFO  pipeline.PipelineManagerV2Impl (PipelineManagerV2Impl.java:closePipeline(330)) - Pipeline Pipeline[ Id: 83ce8431-c16c-455f-b32b-4d2247fa29fe, Nodes: 68d4f79f-8ed5-4598-b947-57f9bc979c0e{ip: 172.17.0.2, host: 3974e5c036b4, ports: [REPLICATION=43949, RATIS=42729, RATIS_ADMIN=42729, RATIS_SERVER=42729, STANDALONE=34701], networkLocation: /default-rack, certSerialId: null, persistedOpState: IN_SERVICE, persistedOpStateExpiryEpochSec: 0}, ReplicationConfig: RATIS/ONE, State:OPEN, leaderId:68d4f79f-8ed5-4598-b947-57f9bc979c0e, CreationTimestamp2021-05-19T07:41:57.283Z] moved to CLOSED state
2021-05-19 07:43:28,230 [EventQueue-DeadNodeForDeadNodeHandler] INFO  node.DeadNodeHandler (DeadNodeHandler.java:onMessage(77)) - A dead datanode is detected. 9d983546-4247-4c0f-83b0-40f69e4f4d28{ip: 172.17.0.2, host: 3974e5c036b4, ports: [REPLICATION=38577, RATIS=36963, RATIS_ADMIN=36963, RATIS_SERVER=36963, STANDALONE=35805], networkLocation: /default-rack, certSerialId: null, persistedOpState: IN_SERVICE, persistedOpStateExpiryEpochSec: 0}
2021-05-19 07:43:28,231 [EventQueue-DeadNodeForDeadNodeHandler] INFO  pipeline.RatisPipelineProvider (RatisPipelineProvider.java:lambda$close$1(209)) - Send pipeline:PipelineID=98771a20-3df8-435b-9a50-90637293647b close command to datanode 9d983546-4247-4c0f-83b0-40f69e4f4d28
2021-05-19 07:43:28,231 [EventQueue-DeadNodeForDeadNodeHandler] INFO  pipeline.PipelineStateManager (PipelineStateManagerV2Impl.java:removePipeline(211)) - Pipeline Pipeline[ Id: 98771a20-3df8-435b-9a50-90637293647b, Nodes: 9d983546-4247-4c0f-83b0-40f69e4f4d28{ip: 172.17.0.2, host: 3974e5c036b4, ports: [REPLICATION=38577, RATIS=36963, RATIS_ADMIN=36963, RATIS_SERVER=36963, STANDALONE=35805], networkLocation: /default-rack, certSerialId: null, persistedOpState: IN_SERVICE, persistedOpStateExpiryEpochSec: 0}, ReplicationConfig: RATIS/ONE, State:CLOSED, leaderId:9d983546-4247-4c0f-83b0-40f69e4f4d28, CreationTimestamp2021-05-19T07:41:58.342Z] removed.
2021-05-19 07:43:33,140 [EventQueue-DeadNodeForDeadNodeHandler] INFO  node.DeadNodeHandler (DeadNodeHandler.java:onMessage(77)) - A dead datanode is detected. 37b2c1ee-956a-4dec-b232-912a6a25ff9b{ip: 172.17.0.2, host: 3974e5c036b4, ports: [REPLICATION=33365, RATIS=35677, RATIS_ADMIN=35677, RATIS_SERVER=35677, STANDALONE=37521], networkLocation: /default-rack, certSerialId: null, persistedOpState: IN_SERVICE, persistedOpStateExpiryEpochSec: 0}
2021-05-19 07:43:33,141 [EventQueue-DeadNodeForDeadNodeHandler] INFO  pipeline.RatisPipelineProvider (RatisPipelineProvider.java:lambda$close$1(209)) - Send pipeline:PipelineID=114b3233-061f-4cf5-bbb7-e783b1ff2571 close command to datanode 37b2c1ee-956a-4dec-b232-912a6a25ff9b
2021-05-19 07:43:33,141 [EventQueue-DeadNodeForDeadNodeHandler] INFO  pipeline.PipelineStateManager (PipelineStateManagerV2Impl.java:removePipeline(211)) - Pipeline Pipeline[ Id: 114b3233-061f-4cf5-bbb7-e783b1ff2571, Nodes: 37b2c1ee-956a-4dec-b232-912a6a25ff9b{ip: 172.17.0.2, host: 3974e5c036b4, ports: [REPLICATION=33365, RATIS=35677, RATIS_ADMIN=35677, RATIS_SERVER=35677, STANDALONE=37521], networkLocation: /default-rack, certSerialId: null, persistedOpState: IN_SERVICE, persistedOpStateExpiryEpochSec: 0}, ReplicationConfig: RATIS/ONE, State:CLOSED, leaderId:37b2c1ee-956a-4dec-b232-912a6a25ff9b, CreationTimestamp2021-05-19T07:41:57.933Z] removed.
2021-05-19 07:43:37,849 [EventQueue-DeadNodeForDeadNodeHandler] INFO  node.DeadNodeHandler (DeadNodeHandler.java:onMessage(77)) - A dead datanode is detected. 68d4f79f-8ed5-4598-b947-57f9bc979c0e{ip: 172.17.0.2, host: 3974e5c036b4, ports: [REPLICATION=43949, RATIS=42729, RATIS_ADMIN=42729, RATIS_SERVER=42729, STANDALONE=34701], networkLocation: /default-rack, certSerialId: null, persistedOpState: IN_SERVICE, persistedOpStateExpiryEpochSec: 0}
2021-05-19 07:43:37,850 [EventQueue-DeadNodeForDeadNodeHandler] INFO  pipeline.RatisPipelineProvider (RatisPipelineProvider.java:lambda$close$1(209)) - Send pipeline:PipelineID=83ce8431-c16c-455f-b32b-4d2247fa29fe close command to datanode 68d4f79f-8ed5-4598-b947-57f9bc979c0e
2021-05-19 07:43:37,850 [EventQueue-DeadNodeForDeadNodeHandler] INFO  pipeline.PipelineStateManager (PipelineStateManagerV2Impl.java:removePipeline(211)) - Pipeline Pipeline[ Id: 83ce8431-c16c-455f-b32b-4d2247fa29fe, Nodes: 68d4f79f-8ed5-4598-b947-57f9bc979c0e{ip: 172.17.0.2, host: 3974e5c036b4, ports: [REPLICATION=43949, RATIS=42729, RATIS_ADMIN=42729, RATIS_SERVER=42729, STANDALONE=34701], networkLocation: /default-rack, certSerialId: null, persistedOpState: IN_SERVICE, persistedOpStateExpiryEpochSec: 0}, ReplicationConfig: RATIS/ONE, State:CLOSED, leaderId:68d4f79f-8ed5-4598-b947-57f9bc979c0e, CreationTimestamp2021-05-19T07:41:57.283Z] removed.
2021-05-19 07:44:56,644 [RatisPipelineUtilsThread - 0] WARN  pipeline.PipelinePlacementPolicy (PipelinePlacementPolicy.java:filterViableNodes(149)) - Pipeline creation failed due to no sufficient healthy datanodes. Required 3. Found 0.
]]></system-out>
    <system-err><![CDATA[May 19, 2021 7:42:31 AM org.apache.ratis.thirdparty.io.grpc.internal.ManagedChannelOrphanWrapper$ManagedChannelReference cleanQueue
SEVERE: *~*~*~ Channel ManagedChannelImpl{logId=298, target=172.17.0.2:40821} was not shutdown properly!!! ~*~*~*
    Make sure to call shutdown()/shutdownNow() and wait until awaitTermination() returns true.
java.lang.RuntimeException: ManagedChannel allocation site
	at org.apache.ratis.thirdparty.io.grpc.internal.ManagedChannelOrphanWrapper$ManagedChannelReference.<init>(ManagedChannelOrphanWrapper.java:93)
	at org.apache.ratis.thirdparty.io.grpc.internal.ManagedChannelOrphanWrapper.<init>(ManagedChannelOrphanWrapper.java:53)
	at org.apache.ratis.thirdparty.io.grpc.internal.ManagedChannelOrphanWrapper.<init>(ManagedChannelOrphanWrapper.java:44)
	at org.apache.ratis.thirdparty.io.grpc.internal.ManagedChannelImplBuilder.build(ManagedChannelImplBuilder.java:596)
	at org.apache.ratis.thirdparty.io.grpc.ForwardingChannelBuilder.build(ForwardingChannelBuilder.java:255)
	at org.apache.hadoop.hdds.scm.XceiverClientGrpc.connectToDatanode(XceiverClientGrpc.java:193)
	at org.apache.hadoop.hdds.scm.XceiverClientGrpc.connect(XceiverClientGrpc.java:142)
	at org.apache.hadoop.hdds.scm.XceiverClientManager$2.call(XceiverClientManager.java:237)
	at org.apache.hadoop.hdds.scm.XceiverClientManager$2.call(XceiverClientManager.java:221)
	at com.google.common.cache.LocalCache$LocalManualCache$1.load(LocalCache.java:4864)
	at com.google.common.cache.LocalCache$LoadingValueReference.loadFuture(LocalCache.java:3529)
	at com.google.common.cache.LocalCache$Segment.loadSync(LocalCache.java:2278)
	at com.google.common.cache.LocalCache$Segment.lockedGetOrLoad(LocalCache.java:2155)
	at com.google.common.cache.LocalCache$Segment.get(LocalCache.java:2045)
	at com.google.common.cache.LocalCache.get(LocalCache.java:3962)
	at com.google.common.cache.LocalCache$LocalManualCache.get(LocalCache.java:4859)
	at org.apache.hadoop.hdds.scm.XceiverClientManager.getClient(XceiverClientManager.java:221)
	at org.apache.hadoop.hdds.scm.XceiverClientManager.acquireClient(XceiverClientManager.java:165)
	at org.apache.hadoop.hdds.scm.XceiverClientManager.acquireClientForReadData(XceiverClientManager.java:154)
	at org.apache.hadoop.hdds.scm.storage.BlockInputStream.acquireClient(BlockInputStream.java:232)
	at org.apache.hadoop.hdds.scm.storage.BlockInputStream.getChunkInfos(BlockInputStream.java:206)
	at org.apache.hadoop.hdds.scm.storage.BlockInputStream.initialize(BlockInputStream.java:144)
	at org.apache.hadoop.hdds.scm.storage.BlockInputStream.read(BlockInputStream.java:281)
	at org.apache.hadoop.ozone.client.io.KeyInputStream.read(KeyInputStream.java:242)
	at org.apache.hadoop.ozone.client.io.OzoneInputStream.read(OzoneInputStream.java:52)
	at java.io.InputStream.read(InputStream.java:101)
	at org.apache.hadoop.ozone.container.TestHelper.validateData(TestHelper.java:146)
	at org.apache.hadoop.ozone.client.rpc.TestBlockOutputStreamWithFailuresFlushDelay.validateData(TestBlockOutputStreamWithFailuresFlushDelay.java:871)
	at org.apache.hadoop.ozone.client.rpc.TestBlockOutputStreamWithFailuresFlushDelay.test2DatanodesFailure(TestBlockOutputStreamWithFailuresFlushDelay.java:442)
	at sun.reflect.NativeMethodAccessorImpl.invoke0(Native Method)
	at sun.reflect.NativeMethodAccessorImpl.invoke(NativeMethodAccessorImpl.java:62)
	at sun.reflect.DelegatingMethodAccessorImpl.invoke(DelegatingMethodAccessorImpl.java:43)
	at java.lang.reflect.Method.invoke(Method.java:498)
	at org.junit.runners.model.FrameworkMethod$1.runReflectiveCall(FrameworkMethod.java:59)
	at org.junit.internal.runners.model.ReflectiveCallable.run(ReflectiveCallable.java:12)
	at org.junit.runners.model.FrameworkMethod.invokeExplosively(FrameworkMethod.java:56)
	at org.junit.internal.runners.statements.InvokeMethod.evaluate(InvokeMethod.java:17)
	at org.junit.internal.runners.statements.RunBefores.evaluate(RunBefores.java:26)
	at org.junit.internal.runners.statements.RunAfters.evaluate(RunAfters.java:27)
	at org.junit.internal.runners.statements.FailOnTimeout$CallableStatement.call(FailOnTimeout.java:288)
	at org.junit.internal.runners.statements.FailOnTimeout$CallableStatement.call(FailOnTimeout.java:282)
	at java.util.concurrent.FutureTask.run(FutureTask.java:266)
	at java.lang.Thread.run(Thread.java:748)

May 19, 2021 7:42:31 AM org.apache.ratis.thirdparty.io.grpc.internal.ManagedChannelOrphanWrapper$ManagedChannelReference cleanQueue
SEVERE: *~*~*~ Channel ManagedChannelImpl{logId=293, target=172.17.0.2:32975} was not shutdown properly!!! ~*~*~*
    Make sure to call shutdown()/shutdownNow() and wait until awaitTermination() returns true.
java.lang.RuntimeException: ManagedChannel allocation site
	at org.apache.ratis.thirdparty.io.grpc.internal.ManagedChannelOrphanWrapper$ManagedChannelReference.<init>(ManagedChannelOrphanWrapper.java:93)
	at org.apache.ratis.thirdparty.io.grpc.internal.ManagedChannelOrphanWrapper.<init>(ManagedChannelOrphanWrapper.java:53)
	at org.apache.ratis.thirdparty.io.grpc.internal.ManagedChannelOrphanWrapper.<init>(ManagedChannelOrphanWrapper.java:44)
	at org.apache.ratis.thirdparty.io.grpc.internal.ManagedChannelImplBuilder.build(ManagedChannelImplBuilder.java:596)
	at org.apache.ratis.thirdparty.io.grpc.ForwardingChannelBuilder.build(ForwardingChannelBuilder.java:255)
	at org.apache.ratis.grpc.client.GrpcClientProtocolClient.buildChannel(GrpcClientProtocolClient.java:159)
	at org.apache.ratis.grpc.client.GrpcClientProtocolClient.<init>(GrpcClientProtocolClient.java:110)
	at org.apache.ratis.grpc.client.GrpcClientRpc.lambda$new$0(GrpcClientRpc.java:57)
	at org.apache.ratis.util.PeerProxyMap$PeerAndProxy.lambda$getProxy$0(PeerProxyMap.java:63)
	at org.apache.ratis.util.LifeCycle.startAndTransition(LifeCycle.java:270)
	at org.apache.ratis.util.PeerProxyMap$PeerAndProxy.getProxy(PeerProxyMap.java:62)
	at org.apache.ratis.util.PeerProxyMap.getProxy(PeerProxyMap.java:114)
	at org.apache.ratis.grpc.client.GrpcClientRpc.sendRequestAsync(GrpcClientRpc.java:67)
	at org.apache.ratis.client.impl.OrderedAsync.sendRequest(OrderedAsync.java:235)
	at org.apache.ratis.client.impl.OrderedAsync.sendRequestWithRetry(OrderedAsync.java:189)
	at org.apache.ratis.util.SlidingWindow$Client.sendOrDelayRequest(SlidingWindow.java:280)
	at org.apache.ratis.util.SlidingWindow$Client.submitNewRequest(SlidingWindow.java:259)
	at org.apache.ratis.client.impl.OrderedAsync.send(OrderedAsync.java:170)
	at org.apache.ratis.client.impl.OrderedAsync.newInstance(OrderedAsync.java:118)
	at org.apache.ratis.client.impl.RaftClientImpl.lambda$new$0(RaftClientImpl.java:148)
	at org.apache.ratis.util.MemoizedSupplier.get(MemoizedSupplier.java:62)
	at org.apache.ratis.client.impl.RaftClientImpl.getOrderedAsync(RaftClientImpl.java:201)
	at org.apache.ratis.client.impl.AsyncImpl.send(AsyncImpl.java:41)
	at org.apache.ratis.client.impl.AsyncImpl.send(AsyncImpl.java:46)
	at org.apache.hadoop.hdds.scm.XceiverClientRatis.lambda$sendRequestAsync$3(XceiverClientRatis.java:225)
	at org.apache.hadoop.hdds.tracing.TracingUtil.executeInNewSpan(TracingUtil.java:159)
	at org.apache.hadoop.hdds.scm.XceiverClientRatis.sendRequestAsync(XceiverClientRatis.java:210)
	at org.apache.hadoop.hdds.scm.XceiverClientRatis.sendCommandAsync(XceiverClientRatis.java:306)
	at org.apache.hadoop.hdds.scm.storage.ContainerProtocolCalls.writeChunkAsync(ContainerProtocolCalls.java:305)
	at org.apache.hadoop.hdds.scm.storage.BlockOutputStream.writeChunkToContainer(BlockOutputStream.java:664)
	at org.apache.hadoop.hdds.scm.storage.BlockOutputStream.writeChunk(BlockOutputStream.java:506)
	at org.apache.hadoop.hdds.scm.storage.BlockOutputStream.writeOnRetry(BlockOutputStream.java:317)
	at org.apache.hadoop.ozone.client.io.BlockOutputStreamEntry.writeOnRetry(BlockOutputStreamEntry.java:186)
	at org.apache.hadoop.ozone.client.io.KeyOutputStream.writeToOutputStream(KeyOutputStream.java:253)
	at org.apache.hadoop.ozone.client.io.KeyOutputStream.handleWrite(KeyOutputStream.java:233)
	at org.apache.hadoop.ozone.client.io.KeyOutputStream.handleRetry(KeyOutputStream.java:416)
	at org.apache.hadoop.ozone.client.io.KeyOutputStream.handleException(KeyOutputStream.java:361)
	at org.apache.hadoop.ozone.client.io.KeyOutputStream.handleFlushOrClose(KeyOutputStream.java:472)
	at org.apache.hadoop.ozone.client.io.KeyOutputStream.handleWrite(KeyOutputStream.java:237)
	at org.apache.hadoop.ozone.client.io.KeyOutputStream.write(KeyOutputStream.java:213)
	at org.apache.hadoop.ozone.client.io.OzoneOutputStream.write(OzoneOutputStream.java:50)
	at java.io.OutputStream.write(OutputStream.java:75)
	at org.apache.hadoop.ozone.client.rpc.TestBlockOutputStreamWithFailuresFlushDelay.test2DatanodesFailure(TestBlockOutputStreamWithFailuresFlushDelay.java:408)
	at sun.reflect.NativeMethodAccessorImpl.invoke0(Native Method)
	at sun.reflect.NativeMethodAccessorImpl.invoke(NativeMethodAccessorImpl.java:62)
	at sun.reflect.DelegatingMethodAccessorImpl.invoke(DelegatingMethodAccessorImpl.java:43)
	at java.lang.reflect.Method.invoke(Method.java:498)
	at org.junit.runners.model.FrameworkMethod$1.runReflectiveCall(FrameworkMethod.java:59)
	at org.junit.internal.runners.model.ReflectiveCallable.run(ReflectiveCallable.java:12)
	at org.junit.runners.model.FrameworkMethod.invokeExplosively(FrameworkMethod.java:56)
	at org.junit.internal.runners.statements.InvokeMethod.evaluate(InvokeMethod.java:17)
	at org.junit.internal.runners.statements.RunBefores.evaluate(RunBefores.java:26)
	at org.junit.internal.runners.statements.RunAfters.evaluate(RunAfters.java:27)
	at org.junit.internal.runners.statements.FailOnTimeout$CallableStatement.call(FailOnTimeout.java:288)
	at org.junit.internal.runners.statements.FailOnTimeout$CallableStatement.call(FailOnTimeout.java:282)
	at java.util.concurrent.FutureTask.run(FutureTask.java:266)
	at java.lang.Thread.run(Thread.java:748)

]]></system-err>
  </testcase>
  <testcase name="testDatanodeFailureWithSingleNodeRatis" classname="org.apache.hadoop.ozone.client.rpc.TestBlockOutputStreamWithFailuresFlushDelay" time="105.454"/>
  <testcase name="testWatchForCommitWithSingleNodeRatis" classname="org.apache.hadoop.ozone.client.rpc.TestBlockOutputStreamWithFailuresFlushDelay" time="56.271"/>
  <testcase name="testWatchForCommitDatanodeFailure" classname="org.apache.hadoop.ozone.client.rpc.TestBlockOutputStreamWithFailuresFlushDelay" time="52.139"/>
  <testcase name="testFailureWithPrimeSizedData" classname="org.apache.hadoop.ozone.client.rpc.TestBlockOutputStreamWithFailuresFlushDelay" time="50.731"/>
  <testcase name="testWatchForCommitWithCloseContainerException" classname="org.apache.hadoop.ozone.client.rpc.TestBlockOutputStreamWithFailuresFlushDelay" time="51.85"/>
  <testcase name="testExceptionDuringClose" classname="org.apache.hadoop.ozone.client.rpc.TestBlockOutputStreamWithFailuresFlushDelay" time="50.793"/>
</testsuite>