<?xml version="1.0" encoding="UTF-8"?>
<testsuite xmlns:xsi="http://www.w3.org/2001/XMLSchema-instance" xsi:noNamespaceSchemaLocation="https://maven.apache.org/surefire/maven-surefire-plugin/xsd/surefire-test-report-3.0.xsd" version="3.0" name="org.apache.hadoop.fs.ozone.TestRootedOzoneFileSystemWithFSO" time="219.052" tests="108" errors="0" skipped="16" failures="0">
  <properties>
    <property name="awt.toolkit" value="sun.awt.X11.XToolkit"/>
    <property name="file.encoding.pkg" value="sun.io"/>
    <property name="java.specification.version" value="1.8"/>
    <property name="sun.cpu.isalist" value=""/>
    <property name="sun.jnu.encoding" value="UTF-8"/>
    <property name="java.class.path" value="/home/runner/work/ozone/ozone/hadoop-ozone/integration-test/target/test-classes:/home/runner/work/ozone/ozone/hadoop-ozone/integration-test/target/classes:/home/runner/.m2/repository/org/apache/ozone/ozone-common/1.4.0-SNAPSHOT/ozone-common-1.4.0-SNAPSHOT.jar:/home/runner/.m2/repository/io/grpc/grpc-netty/1.51.1/grpc-netty-1.51.1.jar:/home/runner/.m2/repository/io/grpc/grpc-core/1.51.1/grpc-core-1.51.1.jar:/home/runner/.m2/repository/com/google/android/annotations/4.1.1.4/annotations-4.1.1.4.jar:/home/runner/.m2/repository/org/codehaus/mojo/animal-sniffer-annotations/1.21/animal-sniffer-annotations-1.21.jar:/home/runner/.m2/repository/com/google/errorprone/error_prone_annotations/2.2.0/error_prone_annotations-2.2.0.jar:/home/runner/.m2/repository/io/perfmark/perfmark-api/0.25.0/perfmark-api-0.25.0.jar:/home/runner/.m2/repository/io/netty/netty-codec-http2/4.1.94.Final/netty-codec-http2-4.1.94.Final.jar:/home/runner/.m2/repository/io/netty/netty-common/4.1.94.Final/netty-common-4.1.94.Final.jar:/home/runner/.m2/repository/io/netty/netty-buffer/4.1.94.Final/netty-buffer-4.1.94.Final.jar:/home/runner/.m2/repository/io/netty/netty-codec-http/4.1.94.Final/netty-codec-http-4.1.94.Final.jar:/home/runner/.m2/repository/io/netty/netty-handler-proxy/4.1.94.Final/netty-handler-proxy-4.1.94.Final.jar:/home/runner/.m2/repository/io/netty/netty-codec-socks/4.1.94.Final/netty-codec-socks-4.1.94.Final.jar:/home/runner/.m2/repository/io/netty/netty-tcnative-boringssl-static/2.0.61.Final/netty-tcnative-boringssl-static-2.0.61.Final.jar:/home/runner/.m2/repository/io/netty/netty-tcnative-classes/2.0.61.Final/netty-tcnative-classes-2.0.61.Final.jar:/home/runner/.m2/repository/io/netty/netty-tcnative-boringssl-static/2.0.61.Final/netty-tcnative-boringssl-static-2.0.61.Final-linux-x86_64.jar:/home/runner/.m2/repository/io/netty/netty-tcnative-boringssl-static/2.0.61.Final/netty-tcnative-boringssl-static-2.0.61.Final-linux-aarch_64.jar:/home/runner/.m2/repository/io/netty/netty-tcnative-boringssl-static/2.0.61.Final/netty-tcnative-boringssl-static-2.0.61.Final-osx-x86_64.jar:/home/runner/.m2/repository/io/netty/netty-tcnative-boringssl-static/2.0.61.Final/netty-tcnative-boringssl-static-2.0.61.Final-osx-aarch_64.jar:/home/runner/.m2/repository/io/netty/netty-tcnative-boringssl-static/2.0.61.Final/netty-tcnative-boringssl-static-2.0.61.Final-windows-x86_64.jar:/home/runner/.m2/repository/org/apache/commons/commons-compress/1.21/commons-compress-1.21.jar:/home/runner/.m2/repository/org/apache/ozone/hdds-common/1.4.0-SNAPSHOT/hdds-common-1.4.0-SNAPSHOT.jar:/home/runner/.m2/repository/org/apache/ozone/hdds-client/1.4.0-SNAPSHOT/hdds-client-1.4.0-SNAPSHOT.jar:/home/runner/.m2/repository/org/apache/ozone/ozone-interface-client/1.4.0-SNAPSHOT/ozone-interface-client-1.4.0-SNAPSHOT.jar:/home/runner/.m2/repository/org/apache/hadoop/hadoop-hdfs-client/3.3.6/hadoop-hdfs-client-3.3.6.jar:/home/runner/.m2/repository/com/squareup/okhttp3/okhttp/4.9.3/okhttp-4.9.3.jar:/home/runner/.m2/repository/com/squareup/okio/okio/3.4.0/okio-3.4.0.jar:/home/runner/.m2/repository/com/squareup/okio/okio-jvm/3.4.0/okio-jvm-3.4.0.jar:/home/runner/.m2/repository/org/jetbrains/kotlin/kotlin-stdlib-jdk8/1.8.0/kotlin-stdlib-jdk8-1.8.0.jar:/home/runner/.m2/repository/org/jetbrains/kotlin/kotlin-stdlib-jdk7/1.8.0/kotlin-stdlib-jdk7-1.8.0.jar:/home/runner/.m2/repository/org/jetbrains/kotlin/kotlin-stdlib-common/1.6.21/kotlin-stdlib-common-1.6.21.jar:/home/runner/.m2/repository/org/apache/ozone/hdds-test-utils/1.4.0-SNAPSHOT/hdds-test-utils-1.4.0-SNAPSHOT.jar:/home/runner/.m2/repository/com/google/guava/guava/32.0.0-jre/guava-32.0.0-jre.jar:/home/runner/.m2/repository/com/google/guava/failureaccess/1.0.1/failureaccess-1.0.1.jar:/home/runner/.m2/repository/com/google/guava/listenablefuture/9999.0-empty-to-avoid-conflict-with-guava/listenablefuture-9999.0-empty-to-avoid-conflict-with-guava.jar:/home/runner/.m2/repository/com/google/code/findbugs/jsr305/3.0.0/jsr305-3.0.0.jar:/home/runner/.m2/repository/org/checkerframework/checker-qual/3.33.0/checker-qual-3.33.0.jar:/home/runner/.m2/repository/com/google/j2objc/j2objc-annotations/2.8/j2objc-annotations-2.8.jar:/home/runner/.m2/repository/commons-io/commons-io/2.11.0/commons-io-2.11.0.jar:/home/runner/.m2/repository/commons-logging/commons-logging/1.2/commons-logging-1.2.jar:/home/runner/.m2/repository/ch/qos/reload4j/reload4j/1.2.22/reload4j-1.2.22.jar:/home/runner/.m2/repository/org/slf4j/slf4j-api/1.7.36/slf4j-api-1.7.36.jar:/home/runner/.m2/repository/org/apache/logging/log4j/log4j-api/2.17.1/log4j-api-2.17.1.jar:/home/runner/.m2/repository/org/apache/ozone/hdds-server-scm/1.4.0-SNAPSHOT/hdds-server-scm-1.4.0-SNAPSHOT.jar:/home/runner/.m2/repository/org/apache/ozone/hdds-container-service/1.4.0-SNAPSHOT/hdds-container-service-1.4.0-SNAPSHOT.jar:/home/runner/.m2/repository/org/apache/ozone/hdds-hadoop-dependency-server/1.4.0-SNAPSHOT/hdds-hadoop-dependency-server-1.4.0-SNAPSHOT.jar:/home/runner/.m2/repository/org/apache/hadoop/hadoop-hdfs/3.3.6/hadoop-hdfs-3.3.6.jar:/home/runner/.m2/repository/commons-daemon/commons-daemon/1.0.13/commons-daemon-1.0.13.jar:/home/runner/.m2/repository/org/apache/ozone/hdds-server-framework/1.4.0-SNAPSHOT/hdds-server-framework-1.4.0-SNAPSHOT.jar:/home/runner/.m2/repository/io/dropwizard/metrics/metrics-core/3.2.4/metrics-core-3.2.4.jar:/home/runner/.m2/repository/org/apache/commons/commons-text/1.10.0/commons-text-1.10.0.jar:/home/runner/.m2/repository/org/bouncycastle/bcprov-jdk15on/1.67/bcprov-jdk15on-1.67.jar:/home/runner/.m2/repository/com/google/protobuf/protobuf-java/2.5.0/protobuf-java-2.5.0.jar:/home/runner/.m2/repository/org/apache/ozone/hdds-server-framework/1.4.0-SNAPSHOT/hdds-server-framework-1.4.0-SNAPSHOT-tests.jar:/home/runner/.m2/repository/org/apache/ozone/hdds-interface-server/1.4.0-SNAPSHOT/hdds-interface-server-1.4.0-SNAPSHOT.jar:/home/runner/.m2/repository/org/apache/ozone/hdds-interface-admin/1.4.0-SNAPSHOT/hdds-interface-admin-1.4.0-SNAPSHOT.jar:/home/runner/.m2/repository/org/apache/ozone/hdds-managed-rocksdb/1.4.0-SNAPSHOT/hdds-managed-rocksdb-1.4.0-SNAPSHOT.jar:/home/runner/.m2/repository/org/rocksdb/rocksdbjni/7.7.3/rocksdbjni-7.7.3.jar:/home/runner/.m2/repository/org/slf4j/slf4j-reload4j/1.7.36/slf4j-reload4j-1.7.36.jar:/home/runner/.m2/repository/org/apache/commons/commons-configuration2/2.1.1/commons-configuration2-2.1.1.jar:/home/runner/.m2/repository/commons-fileupload/commons-fileupload/1.5/commons-fileupload-1.5.jar:/home/runner/.m2/repository/org/apache/logging/log4j/log4j-core/2.17.1/log4j-core-2.17.1.jar:/home/runner/.m2/repository/com/lmax/disruptor/3.4.2/disruptor-3.4.2.jar:/home/runner/.m2/repository/org/eclipse/jetty/jetty-util/9.4.52.v20230823/jetty-util-9.4.52.v20230823.jar:/home/runner/.m2/repository/org/eclipse/jetty/jetty-server/9.4.52.v20230823/jetty-server-9.4.52.v20230823.jar:/home/runner/.m2/repository/org/eclipse/jetty/jetty-http/9.4.52.v20230823/jetty-http-9.4.52.v20230823.jar:/home/runner/.m2/repository/org/eclipse/jetty/jetty-io/9.4.52.v20230823/jetty-io-9.4.52.v20230823.jar:/home/runner/.m2/repository/org/eclipse/jetty/jetty-servlet/9.4.52.v20230823/jetty-servlet-9.4.52.v20230823.jar:/home/runner/.m2/repository/org/eclipse/jetty/jetty-security/9.4.52.v20230823/jetty-security-9.4.52.v20230823.jar:/home/runner/.m2/repository/org/eclipse/jetty/jetty-util-ajax/9.4.52.v20230823/jetty-util-ajax-9.4.52.v20230823.jar:/home/runner/.m2/repository/org/eclipse/jetty/jetty-webapp/9.4.52.v20230823/jetty-webapp-9.4.52.v20230823.jar:/home/runner/.m2/repository/org/eclipse/jetty/jetty-xml/9.4.52.v20230823/jetty-xml-9.4.52.v20230823.jar:/home/runner/.m2/repository/org/apache/ratis/ratis-server/2.5.1/ratis-server-2.5.1.jar:/home/runner/.m2/repository/org/apache/ratis/ratis-thirdparty-misc/1.0.4/ratis-thirdparty-misc-1.0.4.jar:/home/runner/.m2/repository/org/apache/ratis/ratis-proto/2.5.1/ratis-proto-2.5.1.jar:/home/runner/.m2/repository/org/apache/ratis/ratis-common/2.5.1/ratis-common-2.5.1.jar:/home/runner/.m2/repository/org/apache/ratis/ratis-client/2.5.1/ratis-client-2.5.1.jar:/home/runner/.m2/repository/org/apache/ratis/ratis-server-api/2.5.1/ratis-server-api-2.5.1.jar:/home/runner/.m2/repository/org/apache/ratis/ratis-metrics/2.5.1/ratis-metrics-2.5.1.jar:/home/runner/.m2/repository/io/prometheus/simpleclient_dropwizard/0.7.0/simpleclient_dropwizard-0.7.0.jar:/home/runner/.m2/repository/io/prometheus/simpleclient/0.7.0/simpleclient-0.7.0.jar:/home/runner/.m2/repository/io/prometheus/simpleclient_common/0.7.0/simpleclient_common-0.7.0.jar:/home/runner/.m2/repository/com/fasterxml/jackson/datatype/jackson-datatype-jsr310/2.13.4/jackson-datatype-jsr310-2.13.4.jar:/home/runner/.m2/repository/com/fasterxml/jackson/core/jackson-core/2.13.4/jackson-core-2.13.4.jar:/home/runner/.m2/repository/com/github/spotbugs/spotbugs-annotations/3.1.12/spotbugs-annotations-3.1.12.jar:/home/runner/.m2/repository/org/apache/ozone/rocksdb-checkpoint-differ/1.4.0-SNAPSHOT/rocksdb-checkpoint-differ-1.4.0-SNAPSHOT.jar:/home/runner/.m2/repository/org/jgrapht/jgrapht-core/1.0.1/jgrapht-core-1.0.1.jar:/home/runner/.m2/repository/org/jgrapht/jgrapht-ext/1.0.1/jgrapht-ext-1.0.1.jar:/home/runner/.m2/repository/org/tinyjee/jgraphx/jgraphx/2.0.0.1/jgraphx-2.0.0.1.jar:/home/runner/.m2/repository/jgraph/jgraph/5.13.0.0/jgraph-5.13.0.0.jar:/home/runner/.m2/repository/org/antlr/antlr4-runtime/4.5.3/antlr4-runtime-4.5.3.jar:/home/runner/.m2/repository/org/awaitility/awaitility/4.2.0/awaitility-4.2.0.jar:/home/runner/.m2/repository/org/hamcrest/hamcrest/2.1/hamcrest-2.1.jar:/home/runner/.m2/repository/org/apache/ozone/ozone-manager/1.4.0-SNAPSHOT/ozone-manager-1.4.0-SNAPSHOT.jar:/home/runner/.m2/repository/org/aspectj/aspectjrt/1.9.7/aspectjrt-1.9.7.jar:/home/runner/.m2/repository/org/aspectj/aspectjweaver/1.9.7/aspectjweaver-1.9.7.jar:/home/runner/.m2/repository/org/apache/ozone/hdds-interface-client/1.4.0-SNAPSHOT/hdds-interface-client-1.4.0-SNAPSHOT.jar:/home/runner/.m2/repository/org/apache/hadoop/thirdparty/hadoop-shaded-protobuf_3_7/1.1.1/hadoop-shaded-protobuf_3_7-1.1.1.jar:/home/runner/.m2/repository/org/apache/ozone/ozone-interface-storage/1.4.0-SNAPSHOT/ozone-interface-storage-1.4.0-SNAPSHOT.jar:/home/runner/.m2/repository/org/reflections/reflections/0.9.11/reflections-0.9.11.jar:/home/runner/.m2/repository/com/sun/jersey/jersey-client/1.19/jersey-client-1.19.jar:/home/runner/.m2/repository/org/codehaus/jackson/jackson-core-asl/1.9.13/jackson-core-asl-1.9.13.jar:/home/runner/.m2/repository/org/codehaus/jackson/jackson-mapper-asl/1.9.13/jackson-mapper-asl-1.9.13.jar:/home/runner/.m2/repository/org/codehaus/jackson/jackson-jaxrs/1.9.13/jackson-jaxrs-1.9.13.jar:/home/runner/.m2/repository/org/apache/ranger/ranger-intg/2.3.0/ranger-intg-2.3.0.jar:/home/runner/.m2/repository/org/apache/ranger/ranger-plugins-common/2.3.0/ranger-plugins-common-2.3.0.jar:/home/runner/.m2/repository/commons-lang/commons-lang/2.6/commons-lang-2.6.jar:/home/runner/.m2/repository/org/apache/ranger/ranger-plugins-cred/2.3.0/ranger-plugins-cred-2.3.0.jar:/home/runner/.m2/repository/org/apache/ranger/ranger-plugins-audit/2.3.0/ranger-plugins-audit-2.3.0.jar:/home/runner/.m2/repository/org/eclipse/jetty/jetty-client/9.4.52.v20230823/jetty-client-9.4.52.v20230823.jar:/home/runner/.m2/repository/org/apache/httpcomponents/httpmime/4.5.6/httpmime-4.5.6.jar:/home/runner/.m2/repository/org/apache/httpcomponents/httpcore-nio/4.4.13/httpcore-nio-4.4.13.jar:/home/runner/.m2/repository/org/apache/httpcomponents/httpasyncclient/4.1.3/httpasyncclient-4.1.3.jar:/home/runner/.m2/repository/com/carrotsearch/hppc/0.8.0/hppc-0.8.0.jar:/home/runner/.m2/repository/org/apache/orc/orc-core/1.5.8/orc-core-1.5.8.jar:/home/runner/.m2/repository/net/java/dev/jna/jna/5.2.0/jna-5.2.0.jar:/home/runner/.m2/repository/net/java/dev/jna/jna-platform/5.2.0/jna-platform-5.2.0.jar:/home/runner/.m2/repository/com/kstruct/gethostname4j/0.0.2/gethostname4j-0.0.2.jar:/home/runner/.m2/repository/org/apache/ranger/ranger-plugin-classloader/2.3.0/ranger-plugin-classloader-2.3.0.jar:/home/runner/.m2/repository/org/apache/ozone/hdds-rocks-native/1.4.0-SNAPSHOT/hdds-rocks-native-1.4.0-SNAPSHOT.jar:/home/runner/.m2/repository/org/apache/hadoop/hadoop-minikdc/3.3.6/hadoop-minikdc-3.3.6.jar:/home/runner/.m2/repository/org/apache/kerby/kerb-simplekdc/1.0.1/kerb-simplekdc-1.0.1.jar:/home/runner/.m2/repository/org/apache/kerby/kerb-client/1.0.1/kerb-client-1.0.1.jar:/home/runner/.m2/repository/org/apache/kerby/kerby-config/1.0.1/kerby-config-1.0.1.jar:/home/runner/.m2/repository/org/apache/kerby/kerb-common/1.0.1/kerb-common-1.0.1.jar:/home/runner/.m2/repository/org/apache/kerby/kerb-crypto/1.0.1/kerb-crypto-1.0.1.jar:/home/runner/.m2/repository/org/apache/kerby/kerb-util/1.0.1/kerb-util-1.0.1.jar:/home/runner/.m2/repository/org/apache/kerby/token-provider/1.0.1/token-provider-1.0.1.jar:/home/runner/.m2/repository/org/apache/kerby/kerb-admin/1.0.1/kerb-admin-1.0.1.jar:/home/runner/.m2/repository/org/apache/kerby/kerb-server/1.0.1/kerb-server-1.0.1.jar:/home/runner/.m2/repository/org/apache/kerby/kerb-identity/1.0.1/kerb-identity-1.0.1.jar:/home/runner/.m2/repository/org/apache/kerby/kerby-xdr/1.0.1/kerby-xdr-1.0.1.jar:/home/runner/.m2/repository/org/apache/ozone/ozone-s3gateway/1.4.0-SNAPSHOT/ozone-s3gateway-1.4.0-SNAPSHOT.jar:/home/runner/.m2/repository/org/javassist/javassist/3.21.0-GA/javassist-3.21.0-GA.jar:/home/runner/.m2/repository/org/jboss/weld/servlet/weld-servlet-shaded/3.1.9.Final/weld-servlet-shaded-3.1.9.Final.jar:/home/runner/.m2/repository/org/glassfish/jersey/containers/jersey-container-servlet-core/2.34/jersey-container-servlet-core-2.34.jar:/home/runner/.m2/repository/org/glassfish/hk2/external/jakarta.inject/2.6.1/jakarta.inject-2.6.1.jar:/home/runner/.m2/repository/org/glassfish/jersey/core/jersey-common/2.34/jersey-common-2.34.jar:/home/runner/.m2/repository/jakarta/ws/rs/jakarta.ws.rs-api/2.1.6/jakarta.ws.rs-api-2.1.6.jar:/home/runner/.m2/repository/org/glassfish/jersey/ext/cdi/jersey-cdi1x/2.34/jersey-cdi1x-2.34.jar:/home/runner/.m2/repository/org/glassfish/jersey/inject/jersey-hk2/2.34/jersey-hk2-2.34.jar:/home/runner/.m2/repository/org/glassfish/hk2/hk2-locator/2.6.1/hk2-locator-2.6.1.jar:/home/runner/.m2/repository/org/glassfish/jersey/media/jersey-media-jaxb/2.34/jersey-media-jaxb-2.34.jar:/home/runner/.m2/repository/org/glassfish/hk2/osgi-resource-locator/1.0.3/osgi-resource-locator-1.0.3.jar:/home/runner/.m2/repository/org/glassfish/hk2/hk2-api/2.5.0/hk2-api-2.5.0.jar:/home/runner/.m2/repository/org/glassfish/hk2/hk2-utils/2.5.0/hk2-utils-2.5.0.jar:/home/runner/.m2/repository/org/glassfish/hk2/external/aopalliance-repackaged/2.5.0/aopalliance-repackaged-2.5.0.jar:/home/runner/.m2/repository/com/fasterxml/jackson/dataformat/jackson-dataformat-xml/2.13.4/jackson-dataformat-xml-2.13.4.jar:/home/runner/.m2/repository/org/codehaus/woodstox/stax2-api/4.2.1/stax2-api-4.2.1.jar:/home/runner/.m2/repository/com/fasterxml/woodstox/woodstox-core/5.4.0/woodstox-core-5.4.0.jar:/home/runner/.m2/repository/com/fasterxml/jackson/module/jackson-module-jaxb-annotations/2.13.4/jackson-module-jaxb-annotations-2.13.4.jar:/home/runner/.m2/repository/jakarta/xml/bind/jakarta.xml.bind-api/2.3.3/jakarta.xml.bind-api-2.3.3.jar:/home/runner/.m2/repository/jakarta/activation/jakarta.activation-api/1.2.2/jakarta.activation-api-1.2.2.jar:/home/runner/.m2/repository/javax/enterprise/cdi-api/2.0/cdi-api-2.0.jar:/home/runner/.m2/repository/javax/el/javax.el-api/3.0.0/javax.el-api-3.0.0.jar:/home/runner/.m2/repository/javax/interceptor/javax.interceptor-api/1.2/javax.interceptor-api-1.2.jar:/home/runner/.m2/repository/javax/inject/javax.inject/1/javax.inject-1.jar:/home/runner/.m2/repository/javax/xml/bind/jaxb-api/2.3.0/jaxb-api-2.3.0.jar:/home/runner/.m2/repository/org/glassfish/jaxb/jaxb-runtime/2.3.0.1/jaxb-runtime-2.3.0.1.jar:/home/runner/.m2/repository/org/glassfish/jaxb/jaxb-core/2.3.0.1/jaxb-core-2.3.0.1.jar:/home/runner/.m2/repository/org/glassfish/jaxb/txw2/2.3.0.1/txw2-2.3.0.1.jar:/home/runner/.m2/repository/com/sun/istack/istack-commons-runtime/3.0.5/istack-commons-runtime-3.0.5.jar:/home/runner/.m2/repository/org/jvnet/staxex/stax-ex/1.7.8/stax-ex-1.7.8.jar:/home/runner/.m2/repository/com/sun/xml/fastinfoset/FastInfoset/1.2.13/FastInfoset-1.2.13.jar:/home/runner/.m2/repository/javax/activation/activation/1.1.1/activation-1.1.1.jar:/home/runner/.m2/repository/io/grpc/grpc-protobuf/1.51.1/grpc-protobuf-1.51.1.jar:/home/runner/.m2/repository/com/google/api/grpc/proto-google-common-protos/2.9.0/proto-google-common-protos-2.9.0.jar:/home/runner/.m2/repository/io/grpc/grpc-protobuf-lite/1.51.1/grpc-protobuf-lite-1.51.1.jar:/home/runner/.m2/repository/io/grpc/grpc-stub/1.51.1/grpc-stub-1.51.1.jar:/home/runner/.m2/repository/io/netty/netty-transport/4.1.94.Final/netty-transport-4.1.94.Final.jar:/home/runner/.m2/repository/io/netty/netty-resolver/4.1.94.Final/netty-resolver-4.1.94.Final.jar:/home/runner/.m2/repository/org/apache/ozone/ozone-csi/1.4.0-SNAPSHOT/ozone-csi-1.4.0-SNAPSHOT.jar:/home/runner/.m2/repository/com/google/protobuf/protobuf-java-util/3.19.6/protobuf-java-util-3.19.6.jar:/home/runner/.m2/repository/com/google/code/gson/gson/2.9.0/gson-2.9.0.jar:/home/runner/.m2/repository/org/apache/ozone/hdds-config/1.4.0-SNAPSHOT/hdds-config-1.4.0-SNAPSHOT.jar:/home/runner/.m2/repository/io/netty/netty-transport-native-epoll/4.1.94.Final/netty-transport-native-epoll-4.1.94.Final-linux-x86_64.jar:/home/runner/.m2/repository/io/netty/netty-transport-classes-epoll/4.1.94.Final/netty-transport-classes-epoll-4.1.94.Final.jar:/home/runner/.m2/repository/io/netty/netty-transport-native-unix-common/4.1.94.Final/netty-transport-native-unix-common-4.1.94.Final.jar:/home/runner/.m2/repository/org/apache/ozone/ozone-recon/1.4.0-SNAPSHOT/ozone-recon-1.4.0-SNAPSHOT.jar:/home/runner/.m2/repository/org/apache/ozone/ozone-reconcodegen/1.4.0-SNAPSHOT/ozone-reconcodegen-1.4.0-SNAPSHOT.jar:/home/runner/.m2/repository/com/google/inject/guice/5.1.0/guice-5.1.0.jar:/home/runner/.m2/repository/aopalliance/aopalliance/1.0/aopalliance-1.0.jar:/home/runner/.m2/repository/com/google/inject/extensions/guice-assistedinject/5.1.0/guice-assistedinject-5.1.0.jar:/home/runner/.m2/repository/com/google/inject/extensions/guice-servlet/5.1.0/guice-servlet-5.1.0.jar:/home/runner/.m2/repository/org/glassfish/jersey/containers/jersey-container-servlet/2.34/jersey-container-servlet-2.34.jar:/home/runner/.m2/repository/org/glassfish/hk2/guice-bridge/2.5.0/guice-bridge-2.5.0.jar:/home/runner/.m2/repository/org/glassfish/jersey/core/jersey-server/2.34/jersey-server-2.34.jar:/home/runner/.m2/repository/org/glassfish/jersey/core/jersey-client/2.34/jersey-client-2.34.jar:/home/runner/.m2/repository/jakarta/annotation/jakarta.annotation-api/1.3.5/jakarta.annotation-api-1.3.5.jar:/home/runner/.m2/repository/jakarta/validation/jakarta.validation-api/2.0.2/jakarta.validation-api-2.0.2.jar:/home/runner/.m2/repository/org/glassfish/jersey/media/jersey-media-json-jackson/2.34/jersey-media-json-jackson-2.34.jar:/home/runner/.m2/repository/org/glassfish/jersey/ext/jersey-entity-filtering/2.34/jersey-entity-filtering-2.34.jar:/home/runner/.m2/repository/org/jooq/jooq/3.11.10/jooq-3.11.10.jar:/home/runner/.m2/repository/org/jooq/jooq-meta/3.11.10/jooq-meta-3.11.10.jar:/home/runner/.m2/repository/org/jooq/jooq-codegen/3.11.10/jooq-codegen-3.11.10.jar:/home/runner/.m2/repository/com/jolbox/bonecp/0.8.0.RELEASE/bonecp-0.8.0.RELEASE.jar:/home/runner/.m2/repository/org/apache/derby/derby/10.14.2.0/derby-10.14.2.0.jar:/home/runner/.m2/repository/org/xerial/sqlite-jdbc/3.41.2.2/sqlite-jdbc-3.41.2.2.jar:/home/runner/.m2/repository/org/springframework/spring-jdbc/5.3.27/spring-jdbc-5.3.27.jar:/home/runner/.m2/repository/org/springframework/spring-beans/5.3.27/spring-beans-5.3.27.jar:/home/runner/.m2/repository/org/springframework/spring-core/5.3.27/spring-core-5.3.27.jar:/home/runner/.m2/repository/org/springframework/spring-tx/5.3.27/spring-tx-5.3.27.jar:/home/runner/.m2/repository/org/apache/ozone/ozone-client/1.4.0-SNAPSHOT/ozone-client-1.4.0-SNAPSHOT.jar:/home/runner/.m2/repository/org/apache/ozone/hdds-erasurecode/1.4.0-SNAPSHOT/hdds-erasurecode-1.4.0-SNAPSHOT.jar:/home/runner/.m2/repository/org/apache/ozone/ozone-filesystem/1.4.0-SNAPSHOT/ozone-filesystem-1.4.0-SNAPSHOT.jar:/home/runner/.m2/repository/org/apache/ozone/ozone-filesystem-common/1.4.0-SNAPSHOT/ozone-filesystem-common-1.4.0-SNAPSHOT.jar:/home/runner/.m2/repository/org/apache/ozone/ozone-tools/1.4.0-SNAPSHOT/ozone-tools-1.4.0-SNAPSHOT.jar:/home/runner/.m2/repository/com/amazonaws/aws-java-sdk-core/1.12.261/aws-java-sdk-core-1.12.261.jar:/home/runner/.m2/repository/org/apache/httpcomponents/httpclient/4.5.13/httpclient-4.5.13.jar:/home/runner/.m2/repository/org/apache/httpcomponents/httpcore/4.4.13/httpcore-4.4.13.jar:/home/runner/.m2/repository/software/amazon/ion/ion-java/1.0.2/ion-java-1.0.2.jar:/home/runner/.m2/repository/com/fasterxml/jackson/dataformat/jackson-dataformat-cbor/2.13.4/jackson-dataformat-cbor-2.13.4.jar:/home/runner/.m2/repository/joda-time/joda-time/2.10.6/joda-time-2.10.6.jar:/home/runner/.m2/repository/com/amazonaws/aws-java-sdk-s3/1.12.261/aws-java-sdk-s3-1.12.261.jar:/home/runner/.m2/repository/com/amazonaws/aws-java-sdk-kms/1.12.261/aws-java-sdk-kms-1.12.261.jar:/home/runner/.m2/repository/com/amazonaws/jmespath-java/1.12.261/jmespath-java-1.12.261.jar:/home/runner/.m2/repository/org/kohsuke/metainf-services/metainf-services/1.8/metainf-services-1.8.jar:/home/runner/.m2/repository/org/apache/ozone/hdds-tools/1.4.0-SNAPSHOT/hdds-tools-1.4.0-SNAPSHOT.jar:/home/runner/.m2/repository/org/apache/ratis/ratis-tools/2.5.1/ratis-tools-2.5.1.jar:/home/runner/.m2/repository/commons-cli/commons-cli/1.2/commons-cli-1.2.jar:/home/runner/.m2/repository/org/apache/commons/commons-lang3/3.7/commons-lang3-3.7.jar:/home/runner/.m2/repository/org/apache/ozone/ozone-manager/1.4.0-SNAPSHOT/ozone-manager-1.4.0-SNAPSHOT-tests.jar:/home/runner/.m2/repository/org/apache/ozone/hdds-common/1.4.0-SNAPSHOT/hdds-common-1.4.0-SNAPSHOT-tests.jar:/home/runner/.m2/repository/org/apache/ozone/hdds-hadoop-dependency-client/1.4.0-SNAPSHOT/hdds-hadoop-dependency-client-1.4.0-SNAPSHOT.jar:/home/runner/.m2/repository/info/picocli/picocli/4.6.1/picocli-4.6.1.jar:/home/runner/.m2/repository/com/fasterxml/jackson/core/jackson-annotations/2.13.4/jackson-annotations-2.13.4.jar:/home/runner/.m2/repository/org/apache/ozone/hdds-annotation-processing/1.4.0-SNAPSHOT/hdds-annotation-processing-1.4.0-SNAPSHOT.jar:/home/runner/.m2/repository/javax/annotation/javax.annotation-api/1.2/javax.annotation-api-1.2.jar:/home/runner/.m2/repository/org/apache/ratis/ratis-netty/2.5.1/ratis-netty-2.5.1.jar:/home/runner/.m2/repository/org/apache/ratis/ratis-grpc/2.5.1/ratis-grpc-2.5.1.jar:/home/runner/.m2/repository/org/apache/commons/commons-pool2/2.6.0/commons-pool2-2.6.0.jar:/home/runner/.m2/repository/org/bouncycastle/bcpkix-jdk15on/1.67/bcpkix-jdk15on-1.67.jar:/home/runner/.m2/repository/commons-validator/commons-validator/1.6/commons-validator-1.6.jar:/home/runner/.m2/repository/commons-beanutils/commons-beanutils/1.9.4/commons-beanutils-1.9.4.jar:/home/runner/.m2/repository/commons-digester/commons-digester/1.8.1/commons-digester-1.8.1.jar:/home/runner/.m2/repository/commons-collections/commons-collections/3.2.2/commons-collections-3.2.2.jar:/home/runner/.m2/repository/io/jaegertracing/jaeger-client/1.6.0/jaeger-client-1.6.0.jar:/home/runner/.m2/repository/io/jaegertracing/jaeger-thrift/1.6.0/jaeger-thrift-1.6.0.jar:/home/runner/.m2/repository/org/apache/thrift/libthrift/0.14.1/libthrift-0.14.1.jar:/home/runner/.m2/repository/io/jaegertracing/jaeger-core/1.6.0/jaeger-core-1.6.0.jar:/home/runner/.m2/repository/io/jaegertracing/jaeger-tracerresolver/1.6.0/jaeger-tracerresolver-1.6.0.jar:/home/runner/.m2/repository/io/opentracing/contrib/opentracing-tracerresolver/0.1.8/opentracing-tracerresolver-0.1.8.jar:/home/runner/.m2/repository/org/jetbrains/kotlin/kotlin-stdlib/1.6.21/kotlin-stdlib-1.6.21.jar:/home/runner/.m2/repository/org/jetbrains/annotations/13.0/annotations-13.0.jar:/home/runner/.m2/repository/io/opentracing/opentracing-util/0.33.0/opentracing-util-0.33.0.jar:/home/runner/.m2/repository/io/opentracing/opentracing-api/0.33.0/opentracing-api-0.33.0.jar:/home/runner/.m2/repository/io/opentracing/opentracing-noop/0.33.0/opentracing-noop-0.33.0.jar:/home/runner/.m2/repository/org/yaml/snakeyaml/2.0/snakeyaml-2.0.jar:/home/runner/.m2/repository/io/grpc/grpc-api/1.51.1/grpc-api-1.51.1.jar:/home/runner/.m2/repository/io/grpc/grpc-context/1.51.1/grpc-context-1.51.1.jar:/home/runner/.m2/repository/junit/junit/4.13.1/junit-4.13.1.jar:/home/runner/.m2/repository/org/hamcrest/hamcrest-core/1.3/hamcrest-core-1.3.jar:/home/runner/.m2/repository/org/junit/jupiter/junit-jupiter-api/5.8.2/junit-jupiter-api-5.8.2.jar:/home/runner/.m2/repository/org/opentest4j/opentest4j/1.2.0/opentest4j-1.2.0.jar:/home/runner/.m2/repository/org/junit/platform/junit-platform-commons/1.8.2/junit-platform-commons-1.8.2.jar:/home/runner/.m2/repository/org/apiguardian/apiguardian-api/1.1.2/apiguardian-api-1.1.2.jar:/home/runner/.m2/repository/org/junit/jupiter/junit-jupiter-params/5.8.2/junit-jupiter-params-5.8.2.jar:/home/runner/.m2/repository/org/junit/jupiter/junit-jupiter-migrationsupport/5.8.2/junit-jupiter-migrationsupport-5.8.2.jar:/home/runner/.m2/repository/org/junit/jupiter/junit-jupiter-engine/5.8.2/junit-jupiter-engine-5.8.2.jar:/home/runner/.m2/repository/org/junit/platform/junit-platform-engine/1.8.2/junit-platform-engine-1.8.2.jar:/home/runner/.m2/repository/org/junit/vintage/junit-vintage-engine/5.8.2/junit-vintage-engine-5.8.2.jar:/home/runner/.m2/repository/org/junit/platform/junit-platform-launcher/1.8.2/junit-platform-launcher-1.8.2.jar:/home/runner/.m2/repository/org/mockito/mockito-core/3.5.9/mockito-core-3.5.9.jar:/home/runner/.m2/repository/net/bytebuddy/byte-buddy/1.10.13/byte-buddy-1.10.13.jar:/home/runner/.m2/repository/net/bytebuddy/byte-buddy-agent/1.10.13/byte-buddy-agent-1.10.13.jar:/home/runner/.m2/repository/org/objenesis/objenesis/1.0/objenesis-1.0.jar:/home/runner/.m2/repository/org/apache/hadoop/hadoop-kms/3.3.6/hadoop-kms-3.3.6.jar:/home/runner/.m2/repository/org/apache/hadoop/hadoop-auth/3.3.6/hadoop-auth-3.3.6.jar:/home/runner/.m2/repository/com/nimbusds/nimbus-jose-jwt/9.8.1/nimbus-jose-jwt-9.8.1.jar:/home/runner/.m2/repository/com/github/stephenc/jcip/jcip-annotations/1.0-1/jcip-annotations-1.0-1.jar:/home/runner/.m2/repository/org/apache/zookeeper/zookeeper/3.5.6/zookeeper-3.5.6.jar:/home/runner/.m2/repository/org/apache/zookeeper/zookeeper-jute/3.5.6/zookeeper-jute-3.5.6.jar:/home/runner/.m2/repository/org/apache/yetus/audience-annotations/0.5.0/audience-annotations-0.5.0.jar:/home/runner/.m2/repository/org/apache/curator/curator-framework/4.2.0/curator-framework-4.2.0.jar:/home/runner/.m2/repository/org/apache/hadoop/thirdparty/hadoop-shaded-guava/1.1.1/hadoop-shaded-guava-1.1.1.jar:/home/runner/.m2/repository/com/sun/jersey/jersey-core/1.19/jersey-core-1.19.jar:/home/runner/.m2/repository/javax/ws/rs/jsr311-api/1.1.1/jsr311-api-1.1.1.jar:/home/runner/.m2/repository/com/sun/jersey/jersey-server/1.19/jersey-server-1.19.jar:/home/runner/.m2/repository/javax/servlet/javax.servlet-api/3.1.0/javax.servlet-api-3.1.0.jar:/home/runner/.m2/repository/org/apache/hadoop/hadoop-common/3.3.6/hadoop-common-3.3.6.jar:/home/runner/.m2/repository/org/apache/commons/commons-math3/3.1.1/commons-math3-3.1.1.jar:/home/runner/.m2/repository/commons-net/commons-net/3.9.0/commons-net-3.9.0.jar:/home/runner/.m2/repository/com/sun/jersey/jersey-servlet/1.19/jersey-servlet-1.19.jar:/home/runner/.m2/repository/com/github/pjfanning/jersey-json/1.20/jersey-json-1.20.jar:/home/runner/.m2/repository/org/codehaus/jettison/jettison/1.1/jettison-1.1.jar:/home/runner/.m2/repository/com/sun/xml/bind/jaxb-impl/2.2.3-1/jaxb-impl-2.2.3-1.jar:/home/runner/.m2/repository/com/google/re2j/re2j/1.1/re2j-1.1.jar:/home/runner/.m2/repository/com/jcraft/jsch/0.1.54/jsch-0.1.54.jar:/home/runner/.m2/repository/org/apache/curator/curator-client/4.2.0/curator-client-4.2.0.jar:/home/runner/.m2/repository/org/apache/curator/curator-recipes/5.2.0/curator-recipes-5.2.0.jar:/home/runner/.m2/repository/org/apache/kerby/kerb-core/1.0.1/kerb-core-1.0.1.jar:/home/runner/.m2/repository/org/apache/kerby/kerby-pkix/1.0.1/kerby-pkix-1.0.1.jar:/home/runner/.m2/repository/org/apache/kerby/kerby-asn1/1.0.1/kerby-asn1-1.0.1.jar:/home/runner/.m2/repository/org/apache/kerby/kerby-util/1.0.1/kerby-util-1.0.1.jar:/home/runner/.m2/repository/dnsjava/dnsjava/2.1.7/dnsjava-2.1.7.jar:/home/runner/.m2/repository/org/xerial/snappy/snappy-java/1.1.8.2/snappy-java-1.1.8.2.jar:/home/runner/.m2/repository/com/fasterxml/jackson/core/jackson-databind/2.13.4.2/jackson-databind-2.13.4.2.jar:/home/runner/.m2/repository/org/apache/hadoop/hadoop-kms/3.3.6/hadoop-kms-3.3.6-tests.jar:/home/runner/.m2/repository/org/apache/ozone/hdds-server-scm/1.4.0-SNAPSHOT/hdds-server-scm-1.4.0-SNAPSHOT-tests.jar:/home/runner/.m2/repository/org/apache/ozone/hdds-container-service/1.4.0-SNAPSHOT/hdds-container-service-1.4.0-SNAPSHOT-tests.jar:/home/runner/.m2/repository/com/github/luben/zstd-jni/1.5.2-5/zstd-jni-1.5.2-5.jar:/home/runner/.m2/repository/commons-codec/commons-codec/1.15/commons-codec-1.15.jar:/home/runner/.m2/repository/io/netty/netty-codec/4.1.94.Final/netty-codec-4.1.94.Final.jar:/home/runner/.m2/repository/io/netty/netty-handler/4.1.94.Final/netty-handler-4.1.94.Final.jar:/home/runner/.m2/repository/org/apache/ozone/hdds-hadoop-dependency-test/1.4.0-SNAPSHOT/hdds-hadoop-dependency-test-1.4.0-SNAPSHOT.jar:/home/runner/.m2/repository/org/apache/hadoop/hadoop-common/3.3.6/hadoop-common-3.3.6-tests.jar:/home/runner/.m2/repository/org/apache/hadoop/hadoop-hdfs/3.3.6/hadoop-hdfs-3.3.6-tests.jar:/home/runner/.m2/repository/org/assertj/assertj-core/3.12.2/assertj-core-3.12.2.jar:/home/runner/.m2/repository/org/apache/hadoop/hadoop-distcp/3.3.6/hadoop-distcp-3.3.6.jar:/home/runner/.m2/repository/org/apache/hadoop/hadoop-mapreduce-client-jobclient/3.3.6/hadoop-mapreduce-client-jobclient-3.3.6.jar:/home/runner/.m2/repository/org/apache/hadoop/hadoop-mapreduce-client-common/3.3.6/hadoop-mapreduce-client-common-3.3.6.jar:/home/runner/.m2/repository/org/apache/hadoop/hadoop-yarn-common/3.3.6/hadoop-yarn-common-3.3.6.jar:/home/runner/.m2/repository/org/apache/hadoop/hadoop-yarn-api/3.3.6/hadoop-yarn-api-3.3.6.jar:/home/runner/.m2/repository/com/sun/jersey/contribs/jersey-guice/1.19/jersey-guice-1.19.jar:/home/runner/.m2/repository/com/fasterxml/jackson/jaxrs/jackson-jaxrs-json-provider/2.13.4/jackson-jaxrs-json-provider-2.13.4.jar:/home/runner/.m2/repository/com/fasterxml/jackson/jaxrs/jackson-jaxrs-base/2.13.4/jackson-jaxrs-base-2.13.4.jar:/home/runner/.m2/repository/org/apache/hadoop/hadoop-yarn-client/3.3.6/hadoop-yarn-client-3.3.6.jar:/home/runner/.m2/repository/org/eclipse/jetty/websocket/websocket-client/9.4.51.v20230217/websocket-client-9.4.51.v20230217.jar:/home/runner/.m2/repository/org/eclipse/jetty/websocket/websocket-common/9.4.51.v20230217/websocket-common-9.4.51.v20230217.jar:/home/runner/.m2/repository/org/eclipse/jetty/websocket/websocket-api/9.4.51.v20230217/websocket-api-9.4.51.v20230217.jar:/home/runner/.m2/repository/org/jline/jline/3.9.0/jline-3.9.0.jar:/home/runner/.m2/repository/org/apache/hadoop/hadoop-mapreduce-client-core/3.3.6/hadoop-mapreduce-client-core-3.3.6.jar:/home/runner/.m2/repository/org/apache/avro/avro/1.7.7/avro-1.7.7.jar:/home/runner/.m2/repository/com/thoughtworks/paranamer/paranamer/2.3/paranamer-2.3.jar:/home/runner/.m2/repository/org/apache/hadoop/hadoop-annotations/3.3.6/hadoop-annotations-3.3.6.jar:/usr/lib/jvm/temurin-8-jdk-amd64/jre/../lib/tools.jar:/home/runner/.m2/repository/io/netty/netty/3.10.6.Final/netty-3.10.6.Final.jar:/home/runner/.m2/repository/org/apache/hadoop/hadoop-distcp/3.3.6/hadoop-distcp-3.3.6-tests.jar:/home/runner/.m2/repository/org/slf4j/jul-to-slf4j/1.7.36/jul-to-slf4j-1.7.36.jar:"/>
    <property name="java.vm.vendor" value="Temurin"/>
    <property name="sun.arch.data.model" value="64"/>
    <property name="test.build.dir" value="/home/runner/work/ozone/ozone/hadoop-ozone/integration-test/target/test-dir"/>
    <property name="test.cache.data" value=""/>
    <property name="java.vendor.url" value="https://adoptium.net/"/>
    <property name="user.timezone" value="Etc/UTC"/>
    <property name="java.vm.specification.version" value="1.8"/>
    <property name="os.name" value="Linux"/>
    <property name="test.build.data" value="/home/runner/work/ozone/ozone/hadoop-ozone/integration-test/target/test-dir"/>
    <property name="sun.java.launcher" value="SUN_STANDARD"/>
    <property name="sun.boot.library.path" value="/usr/lib/jvm/temurin-8-jdk-amd64/jre/lib/amd64"/>
    <property name="sun.java.command" value="/home/runner/work/ozone/ozone/hadoop-ozone/integration-test/target/surefire/surefirebooter3803271317025162590.jar /home/runner/work/ozone/ozone/hadoop-ozone/integration-test/target/surefire 2023-09-21T17-36-13_517-jvmRun1 surefire1522961900390327581tmp surefire_74360886692632450839tmp"/>
    <property name="native.lib.tmp.dir" value="/tmp"/>
    <property name="surefire.test.class.path" value="/home/runner/work/ozone/ozone/hadoop-ozone/integration-test/target/test-classes:/home/runner/work/ozone/ozone/hadoop-ozone/integration-test/target/classes:/home/runner/.m2/repository/org/apache/ozone/ozone-common/1.4.0-SNAPSHOT/ozone-common-1.4.0-SNAPSHOT.jar:/home/runner/.m2/repository/io/grpc/grpc-netty/1.51.1/grpc-netty-1.51.1.jar:/home/runner/.m2/repository/io/grpc/grpc-core/1.51.1/grpc-core-1.51.1.jar:/home/runner/.m2/repository/com/google/android/annotations/4.1.1.4/annotations-4.1.1.4.jar:/home/runner/.m2/repository/org/codehaus/mojo/animal-sniffer-annotations/1.21/animal-sniffer-annotations-1.21.jar:/home/runner/.m2/repository/com/google/errorprone/error_prone_annotations/2.2.0/error_prone_annotations-2.2.0.jar:/home/runner/.m2/repository/io/perfmark/perfmark-api/0.25.0/perfmark-api-0.25.0.jar:/home/runner/.m2/repository/io/netty/netty-codec-http2/4.1.94.Final/netty-codec-http2-4.1.94.Final.jar:/home/runner/.m2/repository/io/netty/netty-common/4.1.94.Final/netty-common-4.1.94.Final.jar:/home/runner/.m2/repository/io/netty/netty-buffer/4.1.94.Final/netty-buffer-4.1.94.Final.jar:/home/runner/.m2/repository/io/netty/netty-codec-http/4.1.94.Final/netty-codec-http-4.1.94.Final.jar:/home/runner/.m2/repository/io/netty/netty-handler-proxy/4.1.94.Final/netty-handler-proxy-4.1.94.Final.jar:/home/runner/.m2/repository/io/netty/netty-codec-socks/4.1.94.Final/netty-codec-socks-4.1.94.Final.jar:/home/runner/.m2/repository/io/netty/netty-tcnative-boringssl-static/2.0.61.Final/netty-tcnative-boringssl-static-2.0.61.Final.jar:/home/runner/.m2/repository/io/netty/netty-tcnative-classes/2.0.61.Final/netty-tcnative-classes-2.0.61.Final.jar:/home/runner/.m2/repository/io/netty/netty-tcnative-boringssl-static/2.0.61.Final/netty-tcnative-boringssl-static-2.0.61.Final-linux-x86_64.jar:/home/runner/.m2/repository/io/netty/netty-tcnative-boringssl-static/2.0.61.Final/netty-tcnative-boringssl-static-2.0.61.Final-linux-aarch_64.jar:/home/runner/.m2/repository/io/netty/netty-tcnative-boringssl-static/2.0.61.Final/netty-tcnative-boringssl-static-2.0.61.Final-osx-x86_64.jar:/home/runner/.m2/repository/io/netty/netty-tcnative-boringssl-static/2.0.61.Final/netty-tcnative-boringssl-static-2.0.61.Final-osx-aarch_64.jar:/home/runner/.m2/repository/io/netty/netty-tcnative-boringssl-static/2.0.61.Final/netty-tcnative-boringssl-static-2.0.61.Final-windows-x86_64.jar:/home/runner/.m2/repository/org/apache/commons/commons-compress/1.21/commons-compress-1.21.jar:/home/runner/.m2/repository/org/apache/ozone/hdds-common/1.4.0-SNAPSHOT/hdds-common-1.4.0-SNAPSHOT.jar:/home/runner/.m2/repository/org/apache/ozone/hdds-client/1.4.0-SNAPSHOT/hdds-client-1.4.0-SNAPSHOT.jar:/home/runner/.m2/repository/org/apache/ozone/ozone-interface-client/1.4.0-SNAPSHOT/ozone-interface-client-1.4.0-SNAPSHOT.jar:/home/runner/.m2/repository/org/apache/hadoop/hadoop-hdfs-client/3.3.6/hadoop-hdfs-client-3.3.6.jar:/home/runner/.m2/repository/com/squareup/okhttp3/okhttp/4.9.3/okhttp-4.9.3.jar:/home/runner/.m2/repository/com/squareup/okio/okio/3.4.0/okio-3.4.0.jar:/home/runner/.m2/repository/com/squareup/okio/okio-jvm/3.4.0/okio-jvm-3.4.0.jar:/home/runner/.m2/repository/org/jetbrains/kotlin/kotlin-stdlib-jdk8/1.8.0/kotlin-stdlib-jdk8-1.8.0.jar:/home/runner/.m2/repository/org/jetbrains/kotlin/kotlin-stdlib-jdk7/1.8.0/kotlin-stdlib-jdk7-1.8.0.jar:/home/runner/.m2/repository/org/jetbrains/kotlin/kotlin-stdlib-common/1.6.21/kotlin-stdlib-common-1.6.21.jar:/home/runner/.m2/repository/org/apache/ozone/hdds-test-utils/1.4.0-SNAPSHOT/hdds-test-utils-1.4.0-SNAPSHOT.jar:/home/runner/.m2/repository/com/google/guava/guava/32.0.0-jre/guava-32.0.0-jre.jar:/home/runner/.m2/repository/com/google/guava/failureaccess/1.0.1/failureaccess-1.0.1.jar:/home/runner/.m2/repository/com/google/guava/listenablefuture/9999.0-empty-to-avoid-conflict-with-guava/listenablefuture-9999.0-empty-to-avoid-conflict-with-guava.jar:/home/runner/.m2/repository/com/google/code/findbugs/jsr305/3.0.0/jsr305-3.0.0.jar:/home/runner/.m2/repository/org/checkerframework/checker-qual/3.33.0/checker-qual-3.33.0.jar:/home/runner/.m2/repository/com/google/j2objc/j2objc-annotations/2.8/j2objc-annotations-2.8.jar:/home/runner/.m2/repository/commons-io/commons-io/2.11.0/commons-io-2.11.0.jar:/home/runner/.m2/repository/commons-logging/commons-logging/1.2/commons-logging-1.2.jar:/home/runner/.m2/repository/ch/qos/reload4j/reload4j/1.2.22/reload4j-1.2.22.jar:/home/runner/.m2/repository/org/slf4j/slf4j-api/1.7.36/slf4j-api-1.7.36.jar:/home/runner/.m2/repository/org/apache/logging/log4j/log4j-api/2.17.1/log4j-api-2.17.1.jar:/home/runner/.m2/repository/org/apache/ozone/hdds-server-scm/1.4.0-SNAPSHOT/hdds-server-scm-1.4.0-SNAPSHOT.jar:/home/runner/.m2/repository/org/apache/ozone/hdds-container-service/1.4.0-SNAPSHOT/hdds-container-service-1.4.0-SNAPSHOT.jar:/home/runner/.m2/repository/org/apache/ozone/hdds-hadoop-dependency-server/1.4.0-SNAPSHOT/hdds-hadoop-dependency-server-1.4.0-SNAPSHOT.jar:/home/runner/.m2/repository/org/apache/hadoop/hadoop-hdfs/3.3.6/hadoop-hdfs-3.3.6.jar:/home/runner/.m2/repository/commons-daemon/commons-daemon/1.0.13/commons-daemon-1.0.13.jar:/home/runner/.m2/repository/org/apache/ozone/hdds-server-framework/1.4.0-SNAPSHOT/hdds-server-framework-1.4.0-SNAPSHOT.jar:/home/runner/.m2/repository/io/dropwizard/metrics/metrics-core/3.2.4/metrics-core-3.2.4.jar:/home/runner/.m2/repository/org/apache/commons/commons-text/1.10.0/commons-text-1.10.0.jar:/home/runner/.m2/repository/org/bouncycastle/bcprov-jdk15on/1.67/bcprov-jdk15on-1.67.jar:/home/runner/.m2/repository/com/google/protobuf/protobuf-java/2.5.0/protobuf-java-2.5.0.jar:/home/runner/.m2/repository/org/apache/ozone/hdds-server-framework/1.4.0-SNAPSHOT/hdds-server-framework-1.4.0-SNAPSHOT-tests.jar:/home/runner/.m2/repository/org/apache/ozone/hdds-interface-server/1.4.0-SNAPSHOT/hdds-interface-server-1.4.0-SNAPSHOT.jar:/home/runner/.m2/repository/org/apache/ozone/hdds-interface-admin/1.4.0-SNAPSHOT/hdds-interface-admin-1.4.0-SNAPSHOT.jar:/home/runner/.m2/repository/org/apache/ozone/hdds-managed-rocksdb/1.4.0-SNAPSHOT/hdds-managed-rocksdb-1.4.0-SNAPSHOT.jar:/home/runner/.m2/repository/org/rocksdb/rocksdbjni/7.7.3/rocksdbjni-7.7.3.jar:/home/runner/.m2/repository/org/slf4j/slf4j-reload4j/1.7.36/slf4j-reload4j-1.7.36.jar:/home/runner/.m2/repository/org/apache/commons/commons-configuration2/2.1.1/commons-configuration2-2.1.1.jar:/home/runner/.m2/repository/commons-fileupload/commons-fileupload/1.5/commons-fileupload-1.5.jar:/home/runner/.m2/repository/org/apache/logging/log4j/log4j-core/2.17.1/log4j-core-2.17.1.jar:/home/runner/.m2/repository/com/lmax/disruptor/3.4.2/disruptor-3.4.2.jar:/home/runner/.m2/repository/org/eclipse/jetty/jetty-util/9.4.52.v20230823/jetty-util-9.4.52.v20230823.jar:/home/runner/.m2/repository/org/eclipse/jetty/jetty-server/9.4.52.v20230823/jetty-server-9.4.52.v20230823.jar:/home/runner/.m2/repository/org/eclipse/jetty/jetty-http/9.4.52.v20230823/jetty-http-9.4.52.v20230823.jar:/home/runner/.m2/repository/org/eclipse/jetty/jetty-io/9.4.52.v20230823/jetty-io-9.4.52.v20230823.jar:/home/runner/.m2/repository/org/eclipse/jetty/jetty-servlet/9.4.52.v20230823/jetty-servlet-9.4.52.v20230823.jar:/home/runner/.m2/repository/org/eclipse/jetty/jetty-security/9.4.52.v20230823/jetty-security-9.4.52.v20230823.jar:/home/runner/.m2/repository/org/eclipse/jetty/jetty-util-ajax/9.4.52.v20230823/jetty-util-ajax-9.4.52.v20230823.jar:/home/runner/.m2/repository/org/eclipse/jetty/jetty-webapp/9.4.52.v20230823/jetty-webapp-9.4.52.v20230823.jar:/home/runner/.m2/repository/org/eclipse/jetty/jetty-xml/9.4.52.v20230823/jetty-xml-9.4.52.v20230823.jar:/home/runner/.m2/repository/org/apache/ratis/ratis-server/2.5.1/ratis-server-2.5.1.jar:/home/runner/.m2/repository/org/apache/ratis/ratis-thirdparty-misc/1.0.4/ratis-thirdparty-misc-1.0.4.jar:/home/runner/.m2/repository/org/apache/ratis/ratis-proto/2.5.1/ratis-proto-2.5.1.jar:/home/runner/.m2/repository/org/apache/ratis/ratis-common/2.5.1/ratis-common-2.5.1.jar:/home/runner/.m2/repository/org/apache/ratis/ratis-client/2.5.1/ratis-client-2.5.1.jar:/home/runner/.m2/repository/org/apache/ratis/ratis-server-api/2.5.1/ratis-server-api-2.5.1.jar:/home/runner/.m2/repository/org/apache/ratis/ratis-metrics/2.5.1/ratis-metrics-2.5.1.jar:/home/runner/.m2/repository/io/prometheus/simpleclient_dropwizard/0.7.0/simpleclient_dropwizard-0.7.0.jar:/home/runner/.m2/repository/io/prometheus/simpleclient/0.7.0/simpleclient-0.7.0.jar:/home/runner/.m2/repository/io/prometheus/simpleclient_common/0.7.0/simpleclient_common-0.7.0.jar:/home/runner/.m2/repository/com/fasterxml/jackson/datatype/jackson-datatype-jsr310/2.13.4/jackson-datatype-jsr310-2.13.4.jar:/home/runner/.m2/repository/com/fasterxml/jackson/core/jackson-core/2.13.4/jackson-core-2.13.4.jar:/home/runner/.m2/repository/com/github/spotbugs/spotbugs-annotations/3.1.12/spotbugs-annotations-3.1.12.jar:/home/runner/.m2/repository/org/apache/ozone/rocksdb-checkpoint-differ/1.4.0-SNAPSHOT/rocksdb-checkpoint-differ-1.4.0-SNAPSHOT.jar:/home/runner/.m2/repository/org/jgrapht/jgrapht-core/1.0.1/jgrapht-core-1.0.1.jar:/home/runner/.m2/repository/org/jgrapht/jgrapht-ext/1.0.1/jgrapht-ext-1.0.1.jar:/home/runner/.m2/repository/org/tinyjee/jgraphx/jgraphx/2.0.0.1/jgraphx-2.0.0.1.jar:/home/runner/.m2/repository/jgraph/jgraph/5.13.0.0/jgraph-5.13.0.0.jar:/home/runner/.m2/repository/org/antlr/antlr4-runtime/4.5.3/antlr4-runtime-4.5.3.jar:/home/runner/.m2/repository/org/awaitility/awaitility/4.2.0/awaitility-4.2.0.jar:/home/runner/.m2/repository/org/hamcrest/hamcrest/2.1/hamcrest-2.1.jar:/home/runner/.m2/repository/org/apache/ozone/ozone-manager/1.4.0-SNAPSHOT/ozone-manager-1.4.0-SNAPSHOT.jar:/home/runner/.m2/repository/org/aspectj/aspectjrt/1.9.7/aspectjrt-1.9.7.jar:/home/runner/.m2/repository/org/aspectj/aspectjweaver/1.9.7/aspectjweaver-1.9.7.jar:/home/runner/.m2/repository/org/apache/ozone/hdds-interface-client/1.4.0-SNAPSHOT/hdds-interface-client-1.4.0-SNAPSHOT.jar:/home/runner/.m2/repository/org/apache/hadoop/thirdparty/hadoop-shaded-protobuf_3_7/1.1.1/hadoop-shaded-protobuf_3_7-1.1.1.jar:/home/runner/.m2/repository/org/apache/ozone/ozone-interface-storage/1.4.0-SNAPSHOT/ozone-interface-storage-1.4.0-SNAPSHOT.jar:/home/runner/.m2/repository/org/reflections/reflections/0.9.11/reflections-0.9.11.jar:/home/runner/.m2/repository/com/sun/jersey/jersey-client/1.19/jersey-client-1.19.jar:/home/runner/.m2/repository/org/codehaus/jackson/jackson-core-asl/1.9.13/jackson-core-asl-1.9.13.jar:/home/runner/.m2/repository/org/codehaus/jackson/jackson-mapper-asl/1.9.13/jackson-mapper-asl-1.9.13.jar:/home/runner/.m2/repository/org/codehaus/jackson/jackson-jaxrs/1.9.13/jackson-jaxrs-1.9.13.jar:/home/runner/.m2/repository/org/apache/ranger/ranger-intg/2.3.0/ranger-intg-2.3.0.jar:/home/runner/.m2/repository/org/apache/ranger/ranger-plugins-common/2.3.0/ranger-plugins-common-2.3.0.jar:/home/runner/.m2/repository/commons-lang/commons-lang/2.6/commons-lang-2.6.jar:/home/runner/.m2/repository/org/apache/ranger/ranger-plugins-cred/2.3.0/ranger-plugins-cred-2.3.0.jar:/home/runner/.m2/repository/org/apache/ranger/ranger-plugins-audit/2.3.0/ranger-plugins-audit-2.3.0.jar:/home/runner/.m2/repository/org/eclipse/jetty/jetty-client/9.4.52.v20230823/jetty-client-9.4.52.v20230823.jar:/home/runner/.m2/repository/org/apache/httpcomponents/httpmime/4.5.6/httpmime-4.5.6.jar:/home/runner/.m2/repository/org/apache/httpcomponents/httpcore-nio/4.4.13/httpcore-nio-4.4.13.jar:/home/runner/.m2/repository/org/apache/httpcomponents/httpasyncclient/4.1.3/httpasyncclient-4.1.3.jar:/home/runner/.m2/repository/com/carrotsearch/hppc/0.8.0/hppc-0.8.0.jar:/home/runner/.m2/repository/org/apache/orc/orc-core/1.5.8/orc-core-1.5.8.jar:/home/runner/.m2/repository/net/java/dev/jna/jna/5.2.0/jna-5.2.0.jar:/home/runner/.m2/repository/net/java/dev/jna/jna-platform/5.2.0/jna-platform-5.2.0.jar:/home/runner/.m2/repository/com/kstruct/gethostname4j/0.0.2/gethostname4j-0.0.2.jar:/home/runner/.m2/repository/org/apache/ranger/ranger-plugin-classloader/2.3.0/ranger-plugin-classloader-2.3.0.jar:/home/runner/.m2/repository/org/apache/ozone/hdds-rocks-native/1.4.0-SNAPSHOT/hdds-rocks-native-1.4.0-SNAPSHOT.jar:/home/runner/.m2/repository/org/apache/hadoop/hadoop-minikdc/3.3.6/hadoop-minikdc-3.3.6.jar:/home/runner/.m2/repository/org/apache/kerby/kerb-simplekdc/1.0.1/kerb-simplekdc-1.0.1.jar:/home/runner/.m2/repository/org/apache/kerby/kerb-client/1.0.1/kerb-client-1.0.1.jar:/home/runner/.m2/repository/org/apache/kerby/kerby-config/1.0.1/kerby-config-1.0.1.jar:/home/runner/.m2/repository/org/apache/kerby/kerb-common/1.0.1/kerb-common-1.0.1.jar:/home/runner/.m2/repository/org/apache/kerby/kerb-crypto/1.0.1/kerb-crypto-1.0.1.jar:/home/runner/.m2/repository/org/apache/kerby/kerb-util/1.0.1/kerb-util-1.0.1.jar:/home/runner/.m2/repository/org/apache/kerby/token-provider/1.0.1/token-provider-1.0.1.jar:/home/runner/.m2/repository/org/apache/kerby/kerb-admin/1.0.1/kerb-admin-1.0.1.jar:/home/runner/.m2/repository/org/apache/kerby/kerb-server/1.0.1/kerb-server-1.0.1.jar:/home/runner/.m2/repository/org/apache/kerby/kerb-identity/1.0.1/kerb-identity-1.0.1.jar:/home/runner/.m2/repository/org/apache/kerby/kerby-xdr/1.0.1/kerby-xdr-1.0.1.jar:/home/runner/.m2/repository/org/apache/ozone/ozone-s3gateway/1.4.0-SNAPSHOT/ozone-s3gateway-1.4.0-SNAPSHOT.jar:/home/runner/.m2/repository/org/javassist/javassist/3.21.0-GA/javassist-3.21.0-GA.jar:/home/runner/.m2/repository/org/jboss/weld/servlet/weld-servlet-shaded/3.1.9.Final/weld-servlet-shaded-3.1.9.Final.jar:/home/runner/.m2/repository/org/glassfish/jersey/containers/jersey-container-servlet-core/2.34/jersey-container-servlet-core-2.34.jar:/home/runner/.m2/repository/org/glassfish/hk2/external/jakarta.inject/2.6.1/jakarta.inject-2.6.1.jar:/home/runner/.m2/repository/org/glassfish/jersey/core/jersey-common/2.34/jersey-common-2.34.jar:/home/runner/.m2/repository/jakarta/ws/rs/jakarta.ws.rs-api/2.1.6/jakarta.ws.rs-api-2.1.6.jar:/home/runner/.m2/repository/org/glassfish/jersey/ext/cdi/jersey-cdi1x/2.34/jersey-cdi1x-2.34.jar:/home/runner/.m2/repository/org/glassfish/jersey/inject/jersey-hk2/2.34/jersey-hk2-2.34.jar:/home/runner/.m2/repository/org/glassfish/hk2/hk2-locator/2.6.1/hk2-locator-2.6.1.jar:/home/runner/.m2/repository/org/glassfish/jersey/media/jersey-media-jaxb/2.34/jersey-media-jaxb-2.34.jar:/home/runner/.m2/repository/org/glassfish/hk2/osgi-resource-locator/1.0.3/osgi-resource-locator-1.0.3.jar:/home/runner/.m2/repository/org/glassfish/hk2/hk2-api/2.5.0/hk2-api-2.5.0.jar:/home/runner/.m2/repository/org/glassfish/hk2/hk2-utils/2.5.0/hk2-utils-2.5.0.jar:/home/runner/.m2/repository/org/glassfish/hk2/external/aopalliance-repackaged/2.5.0/aopalliance-repackaged-2.5.0.jar:/home/runner/.m2/repository/com/fasterxml/jackson/dataformat/jackson-dataformat-xml/2.13.4/jackson-dataformat-xml-2.13.4.jar:/home/runner/.m2/repository/org/codehaus/woodstox/stax2-api/4.2.1/stax2-api-4.2.1.jar:/home/runner/.m2/repository/com/fasterxml/woodstox/woodstox-core/5.4.0/woodstox-core-5.4.0.jar:/home/runner/.m2/repository/com/fasterxml/jackson/module/jackson-module-jaxb-annotations/2.13.4/jackson-module-jaxb-annotations-2.13.4.jar:/home/runner/.m2/repository/jakarta/xml/bind/jakarta.xml.bind-api/2.3.3/jakarta.xml.bind-api-2.3.3.jar:/home/runner/.m2/repository/jakarta/activation/jakarta.activation-api/1.2.2/jakarta.activation-api-1.2.2.jar:/home/runner/.m2/repository/javax/enterprise/cdi-api/2.0/cdi-api-2.0.jar:/home/runner/.m2/repository/javax/el/javax.el-api/3.0.0/javax.el-api-3.0.0.jar:/home/runner/.m2/repository/javax/interceptor/javax.interceptor-api/1.2/javax.interceptor-api-1.2.jar:/home/runner/.m2/repository/javax/inject/javax.inject/1/javax.inject-1.jar:/home/runner/.m2/repository/javax/xml/bind/jaxb-api/2.3.0/jaxb-api-2.3.0.jar:/home/runner/.m2/repository/org/glassfish/jaxb/jaxb-runtime/2.3.0.1/jaxb-runtime-2.3.0.1.jar:/home/runner/.m2/repository/org/glassfish/jaxb/jaxb-core/2.3.0.1/jaxb-core-2.3.0.1.jar:/home/runner/.m2/repository/org/glassfish/jaxb/txw2/2.3.0.1/txw2-2.3.0.1.jar:/home/runner/.m2/repository/com/sun/istack/istack-commons-runtime/3.0.5/istack-commons-runtime-3.0.5.jar:/home/runner/.m2/repository/org/jvnet/staxex/stax-ex/1.7.8/stax-ex-1.7.8.jar:/home/runner/.m2/repository/com/sun/xml/fastinfoset/FastInfoset/1.2.13/FastInfoset-1.2.13.jar:/home/runner/.m2/repository/javax/activation/activation/1.1.1/activation-1.1.1.jar:/home/runner/.m2/repository/io/grpc/grpc-protobuf/1.51.1/grpc-protobuf-1.51.1.jar:/home/runner/.m2/repository/com/google/api/grpc/proto-google-common-protos/2.9.0/proto-google-common-protos-2.9.0.jar:/home/runner/.m2/repository/io/grpc/grpc-protobuf-lite/1.51.1/grpc-protobuf-lite-1.51.1.jar:/home/runner/.m2/repository/io/grpc/grpc-stub/1.51.1/grpc-stub-1.51.1.jar:/home/runner/.m2/repository/io/netty/netty-transport/4.1.94.Final/netty-transport-4.1.94.Final.jar:/home/runner/.m2/repository/io/netty/netty-resolver/4.1.94.Final/netty-resolver-4.1.94.Final.jar:/home/runner/.m2/repository/org/apache/ozone/ozone-csi/1.4.0-SNAPSHOT/ozone-csi-1.4.0-SNAPSHOT.jar:/home/runner/.m2/repository/com/google/protobuf/protobuf-java-util/3.19.6/protobuf-java-util-3.19.6.jar:/home/runner/.m2/repository/com/google/code/gson/gson/2.9.0/gson-2.9.0.jar:/home/runner/.m2/repository/org/apache/ozone/hdds-config/1.4.0-SNAPSHOT/hdds-config-1.4.0-SNAPSHOT.jar:/home/runner/.m2/repository/io/netty/netty-transport-native-epoll/4.1.94.Final/netty-transport-native-epoll-4.1.94.Final-linux-x86_64.jar:/home/runner/.m2/repository/io/netty/netty-transport-classes-epoll/4.1.94.Final/netty-transport-classes-epoll-4.1.94.Final.jar:/home/runner/.m2/repository/io/netty/netty-transport-native-unix-common/4.1.94.Final/netty-transport-native-unix-common-4.1.94.Final.jar:/home/runner/.m2/repository/org/apache/ozone/ozone-recon/1.4.0-SNAPSHOT/ozone-recon-1.4.0-SNAPSHOT.jar:/home/runner/.m2/repository/org/apache/ozone/ozone-reconcodegen/1.4.0-SNAPSHOT/ozone-reconcodegen-1.4.0-SNAPSHOT.jar:/home/runner/.m2/repository/com/google/inject/guice/5.1.0/guice-5.1.0.jar:/home/runner/.m2/repository/aopalliance/aopalliance/1.0/aopalliance-1.0.jar:/home/runner/.m2/repository/com/google/inject/extensions/guice-assistedinject/5.1.0/guice-assistedinject-5.1.0.jar:/home/runner/.m2/repository/com/google/inject/extensions/guice-servlet/5.1.0/guice-servlet-5.1.0.jar:/home/runner/.m2/repository/org/glassfish/jersey/containers/jersey-container-servlet/2.34/jersey-container-servlet-2.34.jar:/home/runner/.m2/repository/org/glassfish/hk2/guice-bridge/2.5.0/guice-bridge-2.5.0.jar:/home/runner/.m2/repository/org/glassfish/jersey/core/jersey-server/2.34/jersey-server-2.34.jar:/home/runner/.m2/repository/org/glassfish/jersey/core/jersey-client/2.34/jersey-client-2.34.jar:/home/runner/.m2/repository/jakarta/annotation/jakarta.annotation-api/1.3.5/jakarta.annotation-api-1.3.5.jar:/home/runner/.m2/repository/jakarta/validation/jakarta.validation-api/2.0.2/jakarta.validation-api-2.0.2.jar:/home/runner/.m2/repository/org/glassfish/jersey/media/jersey-media-json-jackson/2.34/jersey-media-json-jackson-2.34.jar:/home/runner/.m2/repository/org/glassfish/jersey/ext/jersey-entity-filtering/2.34/jersey-entity-filtering-2.34.jar:/home/runner/.m2/repository/org/jooq/jooq/3.11.10/jooq-3.11.10.jar:/home/runner/.m2/repository/org/jooq/jooq-meta/3.11.10/jooq-meta-3.11.10.jar:/home/runner/.m2/repository/org/jooq/jooq-codegen/3.11.10/jooq-codegen-3.11.10.jar:/home/runner/.m2/repository/com/jolbox/bonecp/0.8.0.RELEASE/bonecp-0.8.0.RELEASE.jar:/home/runner/.m2/repository/org/apache/derby/derby/10.14.2.0/derby-10.14.2.0.jar:/home/runner/.m2/repository/org/xerial/sqlite-jdbc/3.41.2.2/sqlite-jdbc-3.41.2.2.jar:/home/runner/.m2/repository/org/springframework/spring-jdbc/5.3.27/spring-jdbc-5.3.27.jar:/home/runner/.m2/repository/org/springframework/spring-beans/5.3.27/spring-beans-5.3.27.jar:/home/runner/.m2/repository/org/springframework/spring-core/5.3.27/spring-core-5.3.27.jar:/home/runner/.m2/repository/org/springframework/spring-tx/5.3.27/spring-tx-5.3.27.jar:/home/runner/.m2/repository/org/apache/ozone/ozone-client/1.4.0-SNAPSHOT/ozone-client-1.4.0-SNAPSHOT.jar:/home/runner/.m2/repository/org/apache/ozone/hdds-erasurecode/1.4.0-SNAPSHOT/hdds-erasurecode-1.4.0-SNAPSHOT.jar:/home/runner/.m2/repository/org/apache/ozone/ozone-filesystem/1.4.0-SNAPSHOT/ozone-filesystem-1.4.0-SNAPSHOT.jar:/home/runner/.m2/repository/org/apache/ozone/ozone-filesystem-common/1.4.0-SNAPSHOT/ozone-filesystem-common-1.4.0-SNAPSHOT.jar:/home/runner/.m2/repository/org/apache/ozone/ozone-tools/1.4.0-SNAPSHOT/ozone-tools-1.4.0-SNAPSHOT.jar:/home/runner/.m2/repository/com/amazonaws/aws-java-sdk-core/1.12.261/aws-java-sdk-core-1.12.261.jar:/home/runner/.m2/repository/org/apache/httpcomponents/httpclient/4.5.13/httpclient-4.5.13.jar:/home/runner/.m2/repository/org/apache/httpcomponents/httpcore/4.4.13/httpcore-4.4.13.jar:/home/runner/.m2/repository/software/amazon/ion/ion-java/1.0.2/ion-java-1.0.2.jar:/home/runner/.m2/repository/com/fasterxml/jackson/dataformat/jackson-dataformat-cbor/2.13.4/jackson-dataformat-cbor-2.13.4.jar:/home/runner/.m2/repository/joda-time/joda-time/2.10.6/joda-time-2.10.6.jar:/home/runner/.m2/repository/com/amazonaws/aws-java-sdk-s3/1.12.261/aws-java-sdk-s3-1.12.261.jar:/home/runner/.m2/repository/com/amazonaws/aws-java-sdk-kms/1.12.261/aws-java-sdk-kms-1.12.261.jar:/home/runner/.m2/repository/com/amazonaws/jmespath-java/1.12.261/jmespath-java-1.12.261.jar:/home/runner/.m2/repository/org/kohsuke/metainf-services/metainf-services/1.8/metainf-services-1.8.jar:/home/runner/.m2/repository/org/apache/ozone/hdds-tools/1.4.0-SNAPSHOT/hdds-tools-1.4.0-SNAPSHOT.jar:/home/runner/.m2/repository/org/apache/ratis/ratis-tools/2.5.1/ratis-tools-2.5.1.jar:/home/runner/.m2/repository/commons-cli/commons-cli/1.2/commons-cli-1.2.jar:/home/runner/.m2/repository/org/apache/commons/commons-lang3/3.7/commons-lang3-3.7.jar:/home/runner/.m2/repository/org/apache/ozone/ozone-manager/1.4.0-SNAPSHOT/ozone-manager-1.4.0-SNAPSHOT-tests.jar:/home/runner/.m2/repository/org/apache/ozone/hdds-common/1.4.0-SNAPSHOT/hdds-common-1.4.0-SNAPSHOT-tests.jar:/home/runner/.m2/repository/org/apache/ozone/hdds-hadoop-dependency-client/1.4.0-SNAPSHOT/hdds-hadoop-dependency-client-1.4.0-SNAPSHOT.jar:/home/runner/.m2/repository/info/picocli/picocli/4.6.1/picocli-4.6.1.jar:/home/runner/.m2/repository/com/fasterxml/jackson/core/jackson-annotations/2.13.4/jackson-annotations-2.13.4.jar:/home/runner/.m2/repository/org/apache/ozone/hdds-annotation-processing/1.4.0-SNAPSHOT/hdds-annotation-processing-1.4.0-SNAPSHOT.jar:/home/runner/.m2/repository/javax/annotation/javax.annotation-api/1.2/javax.annotation-api-1.2.jar:/home/runner/.m2/repository/org/apache/ratis/ratis-netty/2.5.1/ratis-netty-2.5.1.jar:/home/runner/.m2/repository/org/apache/ratis/ratis-grpc/2.5.1/ratis-grpc-2.5.1.jar:/home/runner/.m2/repository/org/apache/commons/commons-pool2/2.6.0/commons-pool2-2.6.0.jar:/home/runner/.m2/repository/org/bouncycastle/bcpkix-jdk15on/1.67/bcpkix-jdk15on-1.67.jar:/home/runner/.m2/repository/commons-validator/commons-validator/1.6/commons-validator-1.6.jar:/home/runner/.m2/repository/commons-beanutils/commons-beanutils/1.9.4/commons-beanutils-1.9.4.jar:/home/runner/.m2/repository/commons-digester/commons-digester/1.8.1/commons-digester-1.8.1.jar:/home/runner/.m2/repository/commons-collections/commons-collections/3.2.2/commons-collections-3.2.2.jar:/home/runner/.m2/repository/io/jaegertracing/jaeger-client/1.6.0/jaeger-client-1.6.0.jar:/home/runner/.m2/repository/io/jaegertracing/jaeger-thrift/1.6.0/jaeger-thrift-1.6.0.jar:/home/runner/.m2/repository/org/apache/thrift/libthrift/0.14.1/libthrift-0.14.1.jar:/home/runner/.m2/repository/io/jaegertracing/jaeger-core/1.6.0/jaeger-core-1.6.0.jar:/home/runner/.m2/repository/io/jaegertracing/jaeger-tracerresolver/1.6.0/jaeger-tracerresolver-1.6.0.jar:/home/runner/.m2/repository/io/opentracing/contrib/opentracing-tracerresolver/0.1.8/opentracing-tracerresolver-0.1.8.jar:/home/runner/.m2/repository/org/jetbrains/kotlin/kotlin-stdlib/1.6.21/kotlin-stdlib-1.6.21.jar:/home/runner/.m2/repository/org/jetbrains/annotations/13.0/annotations-13.0.jar:/home/runner/.m2/repository/io/opentracing/opentracing-util/0.33.0/opentracing-util-0.33.0.jar:/home/runner/.m2/repository/io/opentracing/opentracing-api/0.33.0/opentracing-api-0.33.0.jar:/home/runner/.m2/repository/io/opentracing/opentracing-noop/0.33.0/opentracing-noop-0.33.0.jar:/home/runner/.m2/repository/org/yaml/snakeyaml/2.0/snakeyaml-2.0.jar:/home/runner/.m2/repository/io/grpc/grpc-api/1.51.1/grpc-api-1.51.1.jar:/home/runner/.m2/repository/io/grpc/grpc-context/1.51.1/grpc-context-1.51.1.jar:/home/runner/.m2/repository/junit/junit/4.13.1/junit-4.13.1.jar:/home/runner/.m2/repository/org/hamcrest/hamcrest-core/1.3/hamcrest-core-1.3.jar:/home/runner/.m2/repository/org/junit/jupiter/junit-jupiter-api/5.8.2/junit-jupiter-api-5.8.2.jar:/home/runner/.m2/repository/org/opentest4j/opentest4j/1.2.0/opentest4j-1.2.0.jar:/home/runner/.m2/repository/org/junit/platform/junit-platform-commons/1.8.2/junit-platform-commons-1.8.2.jar:/home/runner/.m2/repository/org/apiguardian/apiguardian-api/1.1.2/apiguardian-api-1.1.2.jar:/home/runner/.m2/repository/org/junit/jupiter/junit-jupiter-params/5.8.2/junit-jupiter-params-5.8.2.jar:/home/runner/.m2/repository/org/junit/jupiter/junit-jupiter-migrationsupport/5.8.2/junit-jupiter-migrationsupport-5.8.2.jar:/home/runner/.m2/repository/org/junit/jupiter/junit-jupiter-engine/5.8.2/junit-jupiter-engine-5.8.2.jar:/home/runner/.m2/repository/org/junit/platform/junit-platform-engine/1.8.2/junit-platform-engine-1.8.2.jar:/home/runner/.m2/repository/org/junit/vintage/junit-vintage-engine/5.8.2/junit-vintage-engine-5.8.2.jar:/home/runner/.m2/repository/org/junit/platform/junit-platform-launcher/1.8.2/junit-platform-launcher-1.8.2.jar:/home/runner/.m2/repository/org/mockito/mockito-core/3.5.9/mockito-core-3.5.9.jar:/home/runner/.m2/repository/net/bytebuddy/byte-buddy/1.10.13/byte-buddy-1.10.13.jar:/home/runner/.m2/repository/net/bytebuddy/byte-buddy-agent/1.10.13/byte-buddy-agent-1.10.13.jar:/home/runner/.m2/repository/org/objenesis/objenesis/1.0/objenesis-1.0.jar:/home/runner/.m2/repository/org/apache/hadoop/hadoop-kms/3.3.6/hadoop-kms-3.3.6.jar:/home/runner/.m2/repository/org/apache/hadoop/hadoop-auth/3.3.6/hadoop-auth-3.3.6.jar:/home/runner/.m2/repository/com/nimbusds/nimbus-jose-jwt/9.8.1/nimbus-jose-jwt-9.8.1.jar:/home/runner/.m2/repository/com/github/stephenc/jcip/jcip-annotations/1.0-1/jcip-annotations-1.0-1.jar:/home/runner/.m2/repository/org/apache/zookeeper/zookeeper/3.5.6/zookeeper-3.5.6.jar:/home/runner/.m2/repository/org/apache/zookeeper/zookeeper-jute/3.5.6/zookeeper-jute-3.5.6.jar:/home/runner/.m2/repository/org/apache/yetus/audience-annotations/0.5.0/audience-annotations-0.5.0.jar:/home/runner/.m2/repository/org/apache/curator/curator-framework/4.2.0/curator-framework-4.2.0.jar:/home/runner/.m2/repository/org/apache/hadoop/thirdparty/hadoop-shaded-guava/1.1.1/hadoop-shaded-guava-1.1.1.jar:/home/runner/.m2/repository/com/sun/jersey/jersey-core/1.19/jersey-core-1.19.jar:/home/runner/.m2/repository/javax/ws/rs/jsr311-api/1.1.1/jsr311-api-1.1.1.jar:/home/runner/.m2/repository/com/sun/jersey/jersey-server/1.19/jersey-server-1.19.jar:/home/runner/.m2/repository/javax/servlet/javax.servlet-api/3.1.0/javax.servlet-api-3.1.0.jar:/home/runner/.m2/repository/org/apache/hadoop/hadoop-common/3.3.6/hadoop-common-3.3.6.jar:/home/runner/.m2/repository/org/apache/commons/commons-math3/3.1.1/commons-math3-3.1.1.jar:/home/runner/.m2/repository/commons-net/commons-net/3.9.0/commons-net-3.9.0.jar:/home/runner/.m2/repository/com/sun/jersey/jersey-servlet/1.19/jersey-servlet-1.19.jar:/home/runner/.m2/repository/com/github/pjfanning/jersey-json/1.20/jersey-json-1.20.jar:/home/runner/.m2/repository/org/codehaus/jettison/jettison/1.1/jettison-1.1.jar:/home/runner/.m2/repository/com/sun/xml/bind/jaxb-impl/2.2.3-1/jaxb-impl-2.2.3-1.jar:/home/runner/.m2/repository/com/google/re2j/re2j/1.1/re2j-1.1.jar:/home/runner/.m2/repository/com/jcraft/jsch/0.1.54/jsch-0.1.54.jar:/home/runner/.m2/repository/org/apache/curator/curator-client/4.2.0/curator-client-4.2.0.jar:/home/runner/.m2/repository/org/apache/curator/curator-recipes/5.2.0/curator-recipes-5.2.0.jar:/home/runner/.m2/repository/org/apache/kerby/kerb-core/1.0.1/kerb-core-1.0.1.jar:/home/runner/.m2/repository/org/apache/kerby/kerby-pkix/1.0.1/kerby-pkix-1.0.1.jar:/home/runner/.m2/repository/org/apache/kerby/kerby-asn1/1.0.1/kerby-asn1-1.0.1.jar:/home/runner/.m2/repository/org/apache/kerby/kerby-util/1.0.1/kerby-util-1.0.1.jar:/home/runner/.m2/repository/dnsjava/dnsjava/2.1.7/dnsjava-2.1.7.jar:/home/runner/.m2/repository/org/xerial/snappy/snappy-java/1.1.8.2/snappy-java-1.1.8.2.jar:/home/runner/.m2/repository/com/fasterxml/jackson/core/jackson-databind/2.13.4.2/jackson-databind-2.13.4.2.jar:/home/runner/.m2/repository/org/apache/hadoop/hadoop-kms/3.3.6/hadoop-kms-3.3.6-tests.jar:/home/runner/.m2/repository/org/apache/ozone/hdds-server-scm/1.4.0-SNAPSHOT/hdds-server-scm-1.4.0-SNAPSHOT-tests.jar:/home/runner/.m2/repository/org/apache/ozone/hdds-container-service/1.4.0-SNAPSHOT/hdds-container-service-1.4.0-SNAPSHOT-tests.jar:/home/runner/.m2/repository/com/github/luben/zstd-jni/1.5.2-5/zstd-jni-1.5.2-5.jar:/home/runner/.m2/repository/commons-codec/commons-codec/1.15/commons-codec-1.15.jar:/home/runner/.m2/repository/io/netty/netty-codec/4.1.94.Final/netty-codec-4.1.94.Final.jar:/home/runner/.m2/repository/io/netty/netty-handler/4.1.94.Final/netty-handler-4.1.94.Final.jar:/home/runner/.m2/repository/org/apache/ozone/hdds-hadoop-dependency-test/1.4.0-SNAPSHOT/hdds-hadoop-dependency-test-1.4.0-SNAPSHOT.jar:/home/runner/.m2/repository/org/apache/hadoop/hadoop-common/3.3.6/hadoop-common-3.3.6-tests.jar:/home/runner/.m2/repository/org/apache/hadoop/hadoop-hdfs/3.3.6/hadoop-hdfs-3.3.6-tests.jar:/home/runner/.m2/repository/org/assertj/assertj-core/3.12.2/assertj-core-3.12.2.jar:/home/runner/.m2/repository/org/apache/hadoop/hadoop-distcp/3.3.6/hadoop-distcp-3.3.6.jar:/home/runner/.m2/repository/org/apache/hadoop/hadoop-mapreduce-client-jobclient/3.3.6/hadoop-mapreduce-client-jobclient-3.3.6.jar:/home/runner/.m2/repository/org/apache/hadoop/hadoop-mapreduce-client-common/3.3.6/hadoop-mapreduce-client-common-3.3.6.jar:/home/runner/.m2/repository/org/apache/hadoop/hadoop-yarn-common/3.3.6/hadoop-yarn-common-3.3.6.jar:/home/runner/.m2/repository/org/apache/hadoop/hadoop-yarn-api/3.3.6/hadoop-yarn-api-3.3.6.jar:/home/runner/.m2/repository/com/sun/jersey/contribs/jersey-guice/1.19/jersey-guice-1.19.jar:/home/runner/.m2/repository/com/fasterxml/jackson/jaxrs/jackson-jaxrs-json-provider/2.13.4/jackson-jaxrs-json-provider-2.13.4.jar:/home/runner/.m2/repository/com/fasterxml/jackson/jaxrs/jackson-jaxrs-base/2.13.4/jackson-jaxrs-base-2.13.4.jar:/home/runner/.m2/repository/org/apache/hadoop/hadoop-yarn-client/3.3.6/hadoop-yarn-client-3.3.6.jar:/home/runner/.m2/repository/org/eclipse/jetty/websocket/websocket-client/9.4.51.v20230217/websocket-client-9.4.51.v20230217.jar:/home/runner/.m2/repository/org/eclipse/jetty/websocket/websocket-common/9.4.51.v20230217/websocket-common-9.4.51.v20230217.jar:/home/runner/.m2/repository/org/eclipse/jetty/websocket/websocket-api/9.4.51.v20230217/websocket-api-9.4.51.v20230217.jar:/home/runner/.m2/repository/org/jline/jline/3.9.0/jline-3.9.0.jar:/home/runner/.m2/repository/org/apache/hadoop/hadoop-mapreduce-client-core/3.3.6/hadoop-mapreduce-client-core-3.3.6.jar:/home/runner/.m2/repository/org/apache/avro/avro/1.7.7/avro-1.7.7.jar:/home/runner/.m2/repository/com/thoughtworks/paranamer/paranamer/2.3/paranamer-2.3.jar:/home/runner/.m2/repository/org/apache/hadoop/hadoop-annotations/3.3.6/hadoop-annotations-3.3.6.jar:/usr/lib/jvm/temurin-8-jdk-amd64/jre/../lib/tools.jar:/home/runner/.m2/repository/io/netty/netty/3.10.6.Final/netty-3.10.6.Final.jar:/home/runner/.m2/repository/org/apache/hadoop/hadoop-distcp/3.3.6/hadoop-distcp-3.3.6-tests.jar:/home/runner/.m2/repository/org/slf4j/jul-to-slf4j/1.7.36/jul-to-slf4j-1.7.36.jar:"/>
    <property name="sun.cpu.endian" value="little"/>
    <property name="user.home" value="/home/runner"/>
    <property name="user.language" value="en"/>
    <property name="java.specification.vendor" value="Oracle Corporation"/>
    <property name="java.home" value="/usr/lib/jvm/temurin-8-jdk-amd64/jre"/>
    <property name="java.security.krb5.conf" value="/home/runner/work/ozone/ozone/hadoop-ozone/integration-test/target/test-classes/krb5.conf"/>
    <property name="basedir" value="/home/runner/work/ozone/ozone/hadoop-ozone/integration-test"/>
    <property name="file.separator" value="/"/>
    <property name="line.separator" value="&#10;"/>
    <property name="java.vm.specification.vendor" value="Oracle Corporation"/>
    <property name="java.specification.name" value="Java Platform API Specification"/>
    <property name="java.awt.graphicsenv" value="sun.awt.X11GraphicsEnvironment"/>
    <property name="skip.installnpx" value="true"/>
    <property name="surefire.real.class.path" value="/home/runner/work/ozone/ozone/hadoop-ozone/integration-test/target/surefire/surefirebooter3803271317025162590.jar:/home/runner/.m2/repository/org/jacoco/org.jacoco.agent/0.8.5/org.jacoco.agent-0.8.5-runtime.jar"/>
    <property name="hadoop.log.dir" value="/home/runner/work/ozone/ozone/hadoop-ozone/integration-test/target/log"/>
    <property name="sun.boot.class.path" value="/usr/lib/jvm/temurin-8-jdk-amd64/jre/lib/resources.jar:/usr/lib/jvm/temurin-8-jdk-amd64/jre/lib/rt.jar:/usr/lib/jvm/temurin-8-jdk-amd64/jre/lib/sunrsasign.jar:/usr/lib/jvm/temurin-8-jdk-amd64/jre/lib/jsse.jar:/usr/lib/jvm/temurin-8-jdk-amd64/jre/lib/jce.jar:/usr/lib/jvm/temurin-8-jdk-amd64/jre/lib/charsets.jar:/usr/lib/jvm/temurin-8-jdk-amd64/jre/lib/jfr.jar:/usr/lib/jvm/temurin-8-jdk-amd64/jre/classes"/>
    <property name="sun.management.compiler" value="HotSpot 64-Bit Tiered Compilers"/>
    <property name="skip.npx" value="true"/>
    <property name="java.runtime.version" value="1.8.0_382-b05"/>
    <property name="java.net.preferIPv4Stack" value="true"/>
    <property name="user.name" value="runner"/>
    <property name="path.separator" value=":"/>
    <property name="java.security.egd" value="file:///dev/urandom"/>
    <property name="os.version" value="5.15.0-1046-azure"/>
    <property name="java.endorsed.dirs" value="/usr/lib/jvm/temurin-8-jdk-amd64/jre/lib/endorsed"/>
    <property name="java.runtime.name" value="OpenJDK Runtime Environment"/>
    <property name="file.encoding" value="UTF-8"/>
    <property name="java.vm.name" value="OpenJDK 64-Bit Server VM"/>
    <property name="test.build.webapps" value=""/>
    <property name="localRepository" value="/home/runner/.m2/repository"/>
    <property name="jetty.git.hash" value="abdcda73818a1a2c705da276edb0bf6581e7997e"/>
    <property name="java.vendor.url.bug" value="https://github.com/adoptium/adoptium-support/issues"/>
    <property name="java.io.tmpdir" value="/tmp"/>
    <property name="require.test.libhadoop" value=""/>
    <property name="java.version" value="1.8.0_382"/>
    <property name="user.dir" value="/home/runner/work/ozone/ozone/hadoop-ozone/integration-test"/>
    <property name="os.arch" value="amd64"/>
    <property name="java.vm.specification.name" value="Java Virtual Machine Specification"/>
    <property name="test.build.classes" value="/home/runner/work/ozone/ozone/hadoop-ozone/integration-test/target/test-classes"/>
    <property name="java.awt.printerjob" value="sun.print.PSPrinterJob"/>
    <property name="sun.os.patch.level" value="unknown"/>
    <property name="org.apache.ratis.thirdparty.io.netty.allocator.useCacheForAllThreads" value="false"/>
    <property name="hadoop.tmp.dir" value="/home/runner/work/ozone/ozone/hadoop-ozone/integration-test/target/tmp"/>
    <property name="java.library.path" value="/usr/java/packages/lib/amd64:/usr/lib64:/lib64:/lib:/usr/lib"/>
    <property name="java.vm.info" value="mixed mode"/>
    <property name="java.vendor" value="Temurin"/>
    <property name="java.vm.version" value="25.382-b05"/>
    <property name="java.specification.maintenance.version" value="5"/>
    <property name="java.ext.dirs" value="/usr/lib/jvm/temurin-8-jdk-amd64/jre/lib/ext:/usr/java/packages/lib/ext"/>
    <property name="sun.io.unicode.encoding" value="UnicodeLittle"/>
    <property name="java.class.version" value="52.0"/>
  </properties>
  <testcase name="testRenameDir" classname="TestRootedOzoneFileSystemWithFSO" time="0.504">
    <system-out><![CDATA[2023-09-21 17:49:08,688 [main] WARN  server.ServerUtils (ServerUtils.java:getScmDbDir(155)) - ozone.scm.db.dirs is not configured. We recommend adding this setting. Falling back to ozone.metadata.dirs instead.
2023-09-21 17:49:08,911 [main] INFO  reflections.Reflections (Reflections.java:scan(232)) - Reflections took 176 ms to scan 7 urls, producing 162 keys and 380 values 
2023-09-21 17:49:09,051 [main] WARN  server.ServerUtils (ServerUtils.java:getScmDbDir(155)) - ozone.scm.db.dirs is not configured. We recommend adding this setting. Falling back to ozone.metadata.dirs instead.
2023-09-21 17:49:09,055 [main] INFO  ha.SCMHANodeDetails (SCMHANodeDetails.java:loadSCMHAConfig(210)) - ServiceID for StorageContainerManager is null
2023-09-21 17:49:09,064 [main] WARN  ha.SCMHANodeDetails (SCMHANodeDetails.java:validateSCMHAConfig(183)) - Invalid config ozone.scm.ratis.enable. The config was not specified, but the default value true conflicts with the expected config value false. Falling back to the expected value. Current State of SCM: SCM is running in Non-HA without Ratis Ratis SCM -> Non Ratis SCM or Non HA SCM -> HA SCM is not supported
2023-09-21 17:49:09,065 [main] INFO  ha.SCMHANodeDetails (SCMHANodeDetails.java:loadSCMHAConfig(215)) - ozone.scm.default.service.id is not defined, falling back to ozone.scm.service.ids to find serviceID for StorageContainerManager if it is HA enabled cluster
2023-09-21 17:49:09,879 [main] WARN  utils.HAUtils (HAUtils.java:getMetaDir(339)) - ozone.scm.db.dirs is not configured. We recommend adding this setting. Falling back to ozone.metadata.dirs instead.
2023-09-21 17:49:10,049 [main] WARN  db.DBStoreBuilder (DBStoreBuilder.java:applyDBDefinition(166)) - ozone.scm.db.dirs is not configured. We recommend adding this setting. Falling back to ozone.metadata.dirs instead.
2023-09-21 17:49:10,347 [main] INFO  net.NodeSchemaLoader (NodeSchemaLoader.java:loadSchemaFromFile(129)) - Loading schema from [jar:file:/home/runner/.m2/repository/org/apache/ozone/hdds-common/1.4.0-SNAPSHOT/hdds-common-1.4.0-SNAPSHOT.jar!/network-topology-default.xml]
2023-09-21 17:49:10,349 [main] INFO  net.NodeSchemaLoader (NodeSchemaLoader.java:loadSchema(176)) - Loading network topology layer schema file
2023-09-21 17:49:10,406 [main] INFO  metrics.MetricRegistries (MetricRegistriesLoader.java:load(64)) - Loaded MetricRegistries class org.apache.ratis.metrics.impl.MetricRegistriesImpl
2023-09-21 17:49:10,422 [main] INFO  upgrade.AbstractLayoutVersionManager (AbstractLayoutVersionManager.java:init(83)) - Initializing Layout version manager with metadata layout = HADOOP_PRC_PORTS_IN_DATANODEDETAILS (version = 7), software layout = HADOOP_PRC_PORTS_IN_DATANODEDETAILS (version = 7)
2023-09-21 17:49:10,659 [main] INFO  ha.SequenceIdGenerator (SequenceIdGenerator.java:upgradeToSequenceId(365)) - upgrade localId to 111677748019200000
2023-09-21 17:49:10,661 [main] INFO  ha.SequenceIdGenerator (SequenceIdGenerator.java:upgradeToSequenceId(375)) - upgrade delTxnId to 0
2023-09-21 17:49:10,668 [main] INFO  ha.SequenceIdGenerator (SequenceIdGenerator.java:upgradeToSequenceId(392)) - upgrade containerId to 0
2023-09-21 17:49:10,673 [main] INFO  ha.SequenceIdGenerator (SequenceIdGenerator.java:upgradeToSequenceId(428)) - upgrade rootCertificateId to 1
2023-09-21 17:49:10,675 [main] INFO  ha.SequenceIdGenerator (SequenceIdGenerator.java:<init>(236)) - Init the HA SequenceIdGenerator.
2023-09-21 17:49:10,749 [main] WARN  server.ServerUtils (ServerUtils.java:sanitizeUserArgs(80)) - ozone.scm.stale.node.interval value = 300000 is larger than max = 100000 based on the key value of ozone.scm.heartbeat.thread.interval, reset to the max value 100000.
2023-09-21 17:49:10,749 [main] WARN  server.ServerUtils (ServerUtils.java:sanitizeUserArgs(80)) - ozone.scm.stale.node.interval value = 300000 is larger than max = 100000 based on the key value of ozone.scm.heartbeat.thread.interval, reset to the max value 100000.
2023-09-21 17:49:10,757 [main] INFO  node.SCMNodeManager (SCMNodeManager.java:<init>(157)) - Entering startup safe mode.
2023-09-21 17:49:10,786 [main] INFO  algorithms.ContainerPlacementPolicyFactory (ContainerPlacementPolicyFactory.java:getPolicyInternal(86)) - Create container placement policy of type org.apache.hadoop.hdds.scm.container.placement.algorithms.SCMContainerPlacementRackAware
2023-09-21 17:49:10,790 [main] INFO  algorithms.ContainerPlacementPolicyFactory (ContainerPlacementPolicyFactory.java:getPolicyInternal(86)) - Create container placement policy of type org.apache.hadoop.hdds.scm.container.placement.algorithms.SCMContainerPlacementRackScatter
2023-09-21 17:49:10,801 [main] INFO  pipeline.PipelineStateManagerImpl (PipelineStateManagerImpl.java:initialize(78)) - No pipeline exists in current db
2023-09-21 17:49:10,818 [main] INFO  algorithms.LeaderChoosePolicyFactory (LeaderChoosePolicyFactory.java:getPolicy(57)) - Create leader choose policy of type org.apache.hadoop.hdds.scm.pipeline.leader.choose.algorithms.MinLeaderCountChoosePolicy
2023-09-21 17:49:10,818 [main] INFO  algorithms.ContainerPlacementPolicyFactory (ContainerPlacementPolicyFactory.java:getPolicyInternal(86)) - Create container placement policy of type org.apache.hadoop.hdds.scm.container.placement.algorithms.SCMContainerPlacementRackScatter
2023-09-21 17:49:10,828 [main] INFO  ha.SCMServiceManager (SCMServiceManager.java:register(42)) - Registering service BackgroundPipelineCreator.
2023-09-21 17:49:10,828 [main] INFO  pipeline.BackgroundPipelineCreator (BackgroundPipelineCreator.java:start(124)) - Starting RatisPipelineUtilsThread.
2023-09-21 17:49:10,835 [main] INFO  BackgroundPipelineScrubber (BackgroundSCMService.java:start(68)) - Starting BackgroundPipelineScrubber Service.
2023-09-21 17:49:10,836 [main] INFO  ha.SCMServiceManager (SCMServiceManager.java:register(42)) - Registering service BackgroundPipelineScrubber.
2023-09-21 17:49:10,847 [main] INFO  ExpiredContainerReplicaOpScrubber (BackgroundSCMService.java:start(68)) - Starting ExpiredContainerReplicaOpScrubber Service.
2023-09-21 17:49:10,848 [main] INFO  ha.SCMServiceManager (SCMServiceManager.java:register(42)) - Registering service ExpiredContainerReplicaOpScrubber.
2023-09-21 17:49:10,892 [main] INFO  algorithms.PipelineChoosePolicyFactory (PipelineChoosePolicyFactory.java:createPipelineChoosePolicyFromClass(78)) - Create pipeline choose policy of type org.apache.hadoop.hdds.scm.pipeline.choose.algorithms.RandomPipelineChoosePolicy
2023-09-21 17:49:10,896 [main] INFO  algorithms.PipelineChoosePolicyFactory (PipelineChoosePolicyFactory.java:createPipelineChoosePolicyFromClass(78)) - Create pipeline choose policy of type org.apache.hadoop.hdds.scm.pipeline.choose.algorithms.RandomPipelineChoosePolicy
2023-09-21 17:49:10,922 [main] INFO  ha.SCMServiceManager (SCMServiceManager.java:register(42)) - Registering service SCMBlockDeletingService.
2023-09-21 17:49:11,002 [main] INFO  replication.ReplicationManager (ReplicationManager.java:start(291)) - Starting Replication Monitor Thread.
2023-09-21 17:49:11,004 [main] INFO  ha.SCMServiceManager (SCMServiceManager.java:register(42)) - Registering service ReplicationManager.
2023-09-21 17:49:11,009 [ReplicationMonitor] INFO  replication.ReplicationManager (ReplicationManager.java:processAll(365)) - Replication Manager is not ready to run until 3000ms after safemode exit
2023-09-21 17:49:11,021 [main] INFO  safemode.ContainerSafeModeRule (ContainerSafeModeRule.java:<init>(90)) - containers with one replica threshold count 0
2023-09-21 17:49:11,028 [main] INFO  safemode.HealthyPipelineSafeModeRule (HealthyPipelineSafeModeRule.java:initializeRule(169)) - Total pipeline count is 0, healthy pipeline threshold count is 1
2023-09-21 17:49:11,030 [main] INFO  safemode.OneReplicaPipelineSafeModeRule (OneReplicaPipelineSafeModeRule.java:initializeRule(180)) - Total pipeline count is 0, pipeline's with at least one datanode reported threshold count is 0
2023-09-21 17:49:11,052 [main] INFO  server.StorageContainerManager (StorageContainerManager.java:<init>(425)) - SCM start with adminUsers: [runner]
2023-09-21 17:49:11,554 [main] INFO  audit.AuditLogger (AuditLogger.java:refreshDebugCmdSet(126)) - Refresh DebugCmdSet for SCMAudit to [].
2023-09-21 17:49:11,596 [main] INFO  ipc.CallQueueManager (CallQueueManager.java:<init>(90)) - Using callQueue: class java.util.concurrent.LinkedBlockingQueue, queueCapacity: 2000, scheduler: class org.apache.hadoop.ipc.DefaultRpcScheduler, ipcBackoff: false.
2023-09-21 17:49:11,647 [main] INFO  ipc.Server (Server.java:<init>(1287)) - Listener at 0.0.0.0:15002
2023-09-21 17:49:11,653 [Socket Reader #1 for port 15002] INFO  ipc.Server (Server.java:run(1323)) - Starting Socket Reader #1 for port 15002
2023-09-21 17:49:11,743 [main] INFO  audit.AuditLogger (AuditLogger.java:refreshDebugCmdSet(126)) - Refresh DebugCmdSet for SCMAudit to [].
2023-09-21 17:49:11,750 [main] INFO  ipc.CallQueueManager (CallQueueManager.java:<init>(90)) - Using callQueue: class java.util.concurrent.LinkedBlockingQueue, queueCapacity: 2000, scheduler: class org.apache.hadoop.ipc.DefaultRpcScheduler, ipcBackoff: false.
2023-09-21 17:49:11,751 [main] INFO  ipc.Server (Server.java:<init>(1287)) - Listener at 0.0.0.0:15001
2023-09-21 17:49:11,752 [Socket Reader #1 for port 15001] INFO  ipc.Server (Server.java:run(1323)) - Starting Socket Reader #1 for port 15001
2023-09-21 17:49:11,807 [main] INFO  audit.AuditLogger (AuditLogger.java:refreshDebugCmdSet(126)) - Refresh DebugCmdSet for SCMAudit to [].
2023-09-21 17:49:11,819 [main] INFO  ipc.CallQueueManager (CallQueueManager.java:<init>(90)) - Using callQueue: class java.util.concurrent.LinkedBlockingQueue, queueCapacity: 2000, scheduler: class org.apache.hadoop.ipc.DefaultRpcScheduler, ipcBackoff: false.
2023-09-21 17:49:11,819 [main] INFO  ipc.Server (Server.java:<init>(1287)) - Listener at 0.0.0.0:15000
2023-09-21 17:49:11,822 [Socket Reader #1 for port 15000] INFO  ipc.Server (Server.java:run(1323)) - Starting Socket Reader #1 for port 15000
2023-09-21 17:49:11,892 [main] INFO  ha.SCMServiceManager (SCMServiceManager.java:register(42)) - Registering service ContainerBalancer.
2023-09-21 17:49:11,893 [main] INFO  server.StorageContainerManager (StorageContainerManager.java:<init>(438)) - 
Container Balancer status:
Key                            Value
Running                        false
Container Balancer Configuration values:
Key                                                Value
Threshold                                          10
Max Datanodes to Involve per Iteration(percent)    20
Max Size to Move per Iteration                     500GB
Max Size Entering Target per Iteration             26GB
Max Size Leaving Source per Iteration              26GB
Number of Iterations                               10
Time Limit for Single Container's Movement         65min
Time Limit for Single Container's Replication      50min
Interval between each Iteration                    70min
Whether to Enable Network Topology                 false
Whether to Trigger Refresh Datanode Usage Info     false
Container IDs to Exclude from Balancing            None
Datanodes Specified to be Balanced                 None
Datanodes Excluded from Balancing                  None

2023-09-21 17:49:11,893 [main] INFO  ha.SCMContext (SCMContext.java:updateSafeModeStatus(228)) - Update SafeModeStatus from SafeModeStatus{safeModeStatus=true, preCheckPassed=false} to SafeModeStatus{safeModeStatus=true, preCheckPassed=false}.
2023-09-21 17:49:11,897 [main] INFO  server.StorageContainerManager (StorageContainerManager.java:start(1483)) - StorageContainerLocationProtocol RPC server is listening at /0.0.0.0:15000
2023-09-21 17:49:12,001 [main] WARN  impl.MetricsConfig (MetricsConfig.java:loadFirst(136)) - Cannot locate configuration: tried hadoop-metrics2-storagecontainermanager.properties,hadoop-metrics2.properties
2023-09-21 17:49:12,022 [main] INFO  impl.MetricsSystemImpl (MetricsSystemImpl.java:startTimer(378)) - Scheduled Metric snapshot period at 10 second(s).
2023-09-21 17:49:12,023 [main] INFO  impl.MetricsSystemImpl (MetricsSystemImpl.java:start(191)) - StorageContainerManager metrics system started
2023-09-21 17:49:12,355 [main] INFO  server.SCMClientProtocolServer (SCMClientProtocolServer.java:start(201)) - RPC server for Client  is listening at /0.0.0.0:15000
2023-09-21 17:49:12,356 [IPC Server Responder] INFO  ipc.Server (Server.java:run(1562)) - IPC Server Responder: starting
2023-09-21 17:49:12,363 [IPC Server listener on 15000] INFO  ipc.Server (Server.java:run(1402)) - IPC Server listener on 15000: starting
2023-09-21 17:49:12,386 [main] INFO  server.StorageContainerManager (StorageContainerManager.java:start(1496)) - ScmBlockLocationProtocol RPC server is listening at /0.0.0.0:15001
2023-09-21 17:49:12,387 [main] INFO  server.SCMBlockProtocolServer (SCMBlockProtocolServer.java:start(154)) - RPC server for Block Protocol is listening at /0.0.0.0:15001
2023-09-21 17:49:12,387 [IPC Server Responder] INFO  ipc.Server (Server.java:run(1562)) - IPC Server Responder: starting
2023-09-21 17:49:12,387 [IPC Server listener on 15001] INFO  ipc.Server (Server.java:run(1402)) - IPC Server listener on 15001: starting
2023-09-21 17:49:12,397 [main] INFO  server.SCMDatanodeProtocolServer (SCMDatanodeProtocolServer.java:start(193)) - ScmDatanodeProtocol RPC server for DataNodes is listening at /0.0.0.0:15002
2023-09-21 17:49:12,399 [IPC Server Responder] INFO  ipc.Server (Server.java:run(1562)) - IPC Server Responder: starting
2023-09-21 17:49:12,400 [IPC Server listener on 15002] INFO  ipc.Server (Server.java:run(1402)) - IPC Server listener on 15002: starting
2023-09-21 17:49:12,422 [JvmPauseMonitor0] INFO  util.JvmPauseMonitor (JvmPauseMonitor.java:run(103)) - JvmPauseMonitor-4768e1a6-41ae-46d3-95ac-5eb1aff12045: Started
2023-09-21 17:49:12,446 [main] INFO  http.BaseHttpServer (BaseHttpServer.java:newHttpServer2BuilderForOzone(223)) - Starting Web-server for scm at: http://0.0.0.0:15003
2023-09-21 17:49:12,447 [main] INFO  http.BaseHttpServer (BaseHttpServer.java:<init>(110)) - Hadoop Security Enabled: false Ozone Security Enabled: false Ozone HTTP Security Enabled: false 
2023-09-21 17:49:12,477 [main] INFO  util.log (Log.java:initialized(170)) - Logging initialized @5917ms to org.eclipse.jetty.util.log.Slf4jLog
2023-09-21 17:49:12,597 [main] WARN  server.AuthenticationFilter (AuthenticationFilter.java:constructSecretProvider(240)) - Unable to initialize FileSignerSecretProvider, falling back to use random secrets. Reason: Could not read signature secret file: /home/runner/hadoop-http-auth-signature-secret
2023-09-21 17:49:12,612 [main] INFO  http.HttpRequestLog (HttpRequestLog.java:getRequestLog(86)) - Http request log for http.requests.scm is not defined
2023-09-21 17:49:12,621 [main] INFO  http.HttpServer2 (HttpServer2.java:addGlobalFilter(1031)) - Added global filter 'safety' (class=org.apache.hadoop.hdds.server.http.HttpServer2$QuotingInputFilter)
2023-09-21 17:49:12,627 [main] INFO  http.HttpServer2 (HttpServer2.java:addFilter(1007)) - Added filter static_user_filter (class=org.apache.hadoop.http.lib.StaticUserWebFilter$StaticUserFilter) to context scm
2023-09-21 17:49:12,627 [main] INFO  http.HttpServer2 (HttpServer2.java:addFilter(1015)) - Added filter static_user_filter (class=org.apache.hadoop.http.lib.StaticUserWebFilter$StaticUserFilter) to context static
2023-09-21 17:49:12,628 [main] INFO  http.HttpServer2 (HttpServer2.java:addFilter(1015)) - Added filter static_user_filter (class=org.apache.hadoop.http.lib.StaticUserWebFilter$StaticUserFilter) to context logs
2023-09-21 17:49:12,679 [main] INFO  http.BaseHttpServer (BaseHttpServer.java:<init>(189)) - HTTP server of scm uses base directory /home/runner/work/ozone/ozone/hadoop-ozone/integration-test/target/test-dir/MiniOzoneClusterImpl-ff0bea85-29d4-48e8-8c84-822e75daf04a/ozone-meta/webserver
2023-09-21 17:49:12,680 [main] INFO  http.HttpServer2 (HttpServer2.java:bindListener(1231)) - Jetty bound to port 15003
2023-09-21 17:49:12,682 [main] INFO  server.Server (Server.java:doStart(375)) - jetty-9.4.52.v20230823; built: 2023-08-23T19:29:37.669Z; git: abdcda73818a1a2c705da276edb0bf6581e7997e; jvm 1.8.0_382-b05
2023-09-21 17:49:12,725 [main] INFO  server.session (DefaultSessionIdManager.java:doStart(334)) - DefaultSessionIdManager workerName=node0
2023-09-21 17:49:12,725 [main] INFO  server.session (DefaultSessionIdManager.java:doStart(339)) - No SessionScavenger set, using defaults
2023-09-21 17:49:12,727 [main] INFO  server.session (HouseKeeper.java:startScavenging(132)) - node0 Scavenging every 660000ms
2023-09-21 17:49:12,747 [main] INFO  handler.ContextHandler (ContextHandler.java:doStart(921)) - Started o.e.j.s.ServletContextHandler@4a0dd851{logs,/logs,file:///home/runner/work/ozone/ozone/hadoop-ozone/integration-test/target/log,AVAILABLE}
2023-09-21 17:49:12,748 [main] INFO  handler.ContextHandler (ContextHandler.java:doStart(921)) - Started o.e.j.s.ServletContextHandler@57573880{static,/static,file:///home/runner/work/ozone/ozone/hadoop-ozone/integration-test/target/test-classes/webapps/static,AVAILABLE}
2023-09-21 17:49:12,823 [main] INFO  handler.ContextHandler (ContextHandler.java:doStart(921)) - Started o.e.j.w.WebAppContext@d4962bd{scm,/,file:///home/runner/work/ozone/ozone/hadoop-ozone/integration-test/target/test-classes/webapps/scm/,AVAILABLE}{file:/home/runner/work/ozone/ozone/hadoop-ozone/integration-test/target/test-classes/webapps/scm}
2023-09-21 17:49:12,838 [main] INFO  server.AbstractConnector (AbstractConnector.java:doStart(333)) - Started ServerConnector@7a7698f4{HTTP/1.1, (http/1.1)}{0.0.0.0:15003}
2023-09-21 17:49:12,838 [main] INFO  server.Server (Server.java:doStart(415)) - Started @6278ms
2023-09-21 17:49:12,845 [main] INFO  impl.MetricsSinkAdapter (MetricsSinkAdapter.java:start(204)) - Sink prometheus started
2023-09-21 17:49:12,845 [main] INFO  impl.MetricsSystemImpl (MetricsSystemImpl.java:registerSink(305)) - Registered sink prometheus
2023-09-21 17:49:12,847 [main] INFO  http.BaseHttpServer (BaseHttpServer.java:updateConnectorAddress(354)) - HTTP server of scm listening at http://0.0.0.0:15003
2023-09-21 17:49:12,854 [main] WARN  server.ServerUtils (ServerUtils.java:getDBPath(311)) - ozone.om.db.dirs is not configured. We recommend adding this setting. Falling back to ozone.metadata.dirs instead.
2023-09-21 17:49:12,950 [main] INFO  audit.AuditLogger (AuditLogger.java:refreshDebugCmdSet(126)) - Refresh DebugCmdSet for OMAudit to [].
2023-09-21 17:49:13,059 [main] INFO  ha.OMHANodeDetails (OMHANodeDetails.java:loadOMHAConfig(115)) - ozone.om.internal.service.id is not defined, falling back to ozone.om.service.ids to find serviceID for OzoneManager if it is HA enabled cluster
2023-09-21 17:49:13,063 [main] INFO  ha.OMHANodeDetails (OMHANodeDetails.java:loadOMHAConfig(226)) - Configuration does not have ozone.om.address set. Falling back to the default OM address /127.0.0.1:15004
2023-09-21 17:49:13,063 [main] INFO  ha.OMHANodeDetails (OMHANodeDetails.java:getOMNodeDetailsForNonHA(254)) - OM Service ID is not set. Setting it to the default ID: omServiceIdDefault
2023-09-21 17:49:13,064 [main] INFO  ha.OMHANodeDetails (OMHANodeDetails.java:getOMNodeDetailsForNonHA(261)) - OM Node ID is not set. Setting it to the default ID: om1
2023-09-21 17:49:13,075 [main] WARN  server.ServerUtils (ServerUtils.java:getDBPath(311)) - ozone.om.db.dirs is not configured. We recommend adding this setting. Falling back to ozone.metadata.dirs instead.
2023-09-21 17:49:13,082 [main] INFO  upgrade.AbstractLayoutVersionManager (AbstractLayoutVersionManager.java:init(83)) - Initializing Layout version manager with metadata layout = QUOTA (version = 6), software layout = QUOTA (version = 6)
2023-09-21 17:49:13,248 [main] INFO  reflections.Reflections (Reflections.java:scan(232)) - Reflections took 155 ms to scan 2 urls, producing 187 keys and 515 values [using 2 cores]
2023-09-21 17:49:13,259 [main] INFO  upgrade.OMLayoutVersionManager (OMLayoutVersionManager.java:lambda$0(115)) - Skipping Upgrade Action MockOmUpgradeAction since it has been finalized.
2023-09-21 17:49:13,262 [main] INFO  upgrade.OMLayoutVersionManager (OMLayoutVersionManager.java:lambda$0(115)) - Skipping Upgrade Action QuotaRepairUpgradeAction since it has been finalized.
2023-09-21 17:49:13,265 [main] WARN  server.ServerUtils (ServerUtils.java:getDBPath(311)) - ozone.om.db.dirs is not configured. We recommend adding this setting. Falling back to ozone.metadata.dirs instead.
2023-09-21 17:49:13,521 [main] INFO  proxy.SCMBlockLocationFailoverProxyProvider (SCMBlockLocationFailoverProxyProvider.java:<init>(114)) - Created block location fail-over proxy with 1 nodes: [nodeId=scmNodeId,nodeAddress=/0.0.0.0:15001]
2023-09-21 17:49:13,563 [main] INFO  proxy.SCMBlockLocationFailoverProxyProvider (SCMBlockLocationFailoverProxyProvider.java:<init>(114)) - Created block location fail-over proxy with 1 nodes: [nodeId=scmNodeId,nodeAddress=/0.0.0.0:15001]
2023-09-21 17:49:13,836 [main] INFO  om.OzoneManager (OzoneManager.java:<init>(665)) - OM start with adminUsers: [runner]
2023-09-21 17:49:13,855 [main] WARN  server.ServerUtils (ServerUtils.java:getDBPath(311)) - ozone.om.db.dirs is not configured. We recommend adding this setting. Falling back to ozone.metadata.dirs instead.
2023-09-21 17:49:13,889 [main] INFO  helpers.OmKeyInfo (OmKeyInfo.java:getCodec(71)) - OmKeyInfo.getCodec ignorePipeline = true
2023-09-21 17:49:14,303 [main] INFO  om.OzoneManager (OzoneManager.java:instantiateServices(794)) - S3 Multi-Tenancy is disabled
2023-09-21 17:49:14,343 [main] INFO  om.OmSnapshotManager (OmSnapshotManager.java:<init>(174)) - Ozone filesystem snapshot feature is enabled.
2023-09-21 17:49:14,354 [main] WARN  server.ServerUtils (ServerUtils.java:getDBPath(311)) - ozone.om.snapshot.diff.db.dir is not configured. We recommend adding this setting. Falling back to ozone.metadata.dirs instead.
2023-09-21 17:49:14,418 [main] INFO  utils.NativeLibraryLoader (NativeLibraryLoader.java:loadLibrary(108)) - Loading Library: ozone_rocksdb_tools
2023-09-21 17:49:14,420 [main] INFO  snapshot.SnapshotDiffManager (SnapshotDiffManager.java:closeExecutorService(1718)) - Shutting down executorService: 'SstDumpToolExecutor'
2023-09-21 17:49:14,523 [main] INFO  om.OzoneManager (OzoneManager.java:addS3GVolumeToDB(4305)) - Created Volume s3v With Owner runner required for S3Gateway operations.
2023-09-21 17:49:14,615 [main] WARN  server.ServerUtils (ServerUtils.java:getDefaultRatisDirectory(323)) - Storage directory for Ratis is not configured. It is a good idea to map this to an SSD disk. Falling back to ozone.metadata.dirs
2023-09-21 17:49:14,616 [main] WARN  utils.OzoneManagerRatisUtils (OzoneManagerRatisUtils.java:getOMRatisSnapshotDirectory(464)) - ozone.om.ratis.snapshot.dir is not configured. Falling back to ozone.metadata.dirs config
2023-09-21 17:49:14,638 [main] WARN  server.ServerUtils (ServerUtils.java:getDefaultRatisDirectory(323)) - Storage directory for Ratis is not configured. It is a good idea to map this to an SSD disk. Falling back to ozone.metadata.dirs
2023-09-21 17:49:14,671 [main] INFO  ratis.OzoneManagerRatisServer (OzoneManagerRatisServer.java:<init>(163)) - Instantiating OM Ratis server with groupID: omServiceIdDefault and peers: localhost:15007
2023-09-21 17:49:14,682 [main] INFO  ratis.OzoneManagerStateMachine (OzoneManagerStateMachine.java:loadSnapshotInfoFromDB(687)) - LastAppliedIndex is set from TransactionInfo from OM DB as (t:0, i:~)
2023-09-21 17:49:14,791 [main] INFO  server.RaftServer (ConfUtils.java:logGet(46)) - raft.rpc.type = GRPC (default)
2023-09-21 17:49:14,803 [main] INFO  grpc.GrpcConfigKeys (ConfUtils.java:logFallback(53)) - raft.grpc.admin.host = null (fallback to raft.grpc.server.host)
2023-09-21 17:49:14,804 [main] INFO  grpc.GrpcConfigKeys (ConfUtils.java:logFallback(53)) - raft.grpc.admin.port = 15007 (fallback to raft.grpc.server.port)
2023-09-21 17:49:14,805 [main] INFO  grpc.GrpcConfigKeys (ConfUtils.java:logFallback(53)) - raft.grpc.client.host = null (fallback to raft.grpc.server.host)
2023-09-21 17:49:14,806 [main] INFO  grpc.GrpcConfigKeys (ConfUtils.java:logFallback(53)) - raft.grpc.client.port = 15007 (fallback to raft.grpc.server.port)
2023-09-21 17:49:14,807 [main] INFO  grpc.GrpcConfigKeys (ConfUtils.java:logGet(46)) - raft.grpc.server.host = null (default)
2023-09-21 17:49:14,808 [main] INFO  grpc.GrpcConfigKeys (ConfUtils.java:logGet(46)) - raft.grpc.server.port = 15007 (custom)
2023-09-21 17:49:14,809 [main] INFO  server.GrpcService (ConfUtils.java:logGet(46)) - raft.grpc.message.size.max = 33554432 (custom)
2023-09-21 17:49:14,811 [main] INFO  server.RaftServerConfigKeys (ConfUtils.java:logGet(46)) - raft.server.log.appender.buffer.byte-limit = 33554432 (custom)
2023-09-21 17:49:14,813 [main] INFO  server.GrpcService (ConfUtils.java:logGet(46)) - raft.grpc.flow.control.window = 1MB (=1048576) (default)
2023-09-21 17:49:14,814 [main] INFO  server.RaftServerConfigKeys (ConfUtils.java:logGet(46)) - raft.server.rpc.request.timeout = 3000ms (default)
2023-09-21 17:49:14,829 [main] INFO  grpc.GrpcConfigKeys (ConfUtils.java:logGet(46)) - raft.grpc.server.heartbeat.channel = true (default)
2023-09-21 17:49:14,834 [main] INFO  grpc.GrpcConfigKeys (ConfUtils.java:logGet(46)) - raft.grpc.server.async.request.thread.pool.cached = true (default)
2023-09-21 17:49:14,834 [main] INFO  grpc.GrpcConfigKeys (ConfUtils.java:logGet(46)) - raft.grpc.server.async.request.thread.pool.size = 32 (default)
2023-09-21 17:49:15,094 [main] INFO  impl.DataStreamServerImpl (ConfUtils.java:logGet(46)) - raft.datastream.type = DISABLED (default)
2023-09-21 17:49:15,098 [main] INFO  server.RaftServerConfigKeys (ConfUtils.java:logGet(46)) - raft.server.threadpool.proxy.cached = true (default)
2023-09-21 17:49:15,098 [main] INFO  server.RaftServerConfigKeys (ConfUtils.java:logGet(46)) - raft.server.threadpool.proxy.size = 0 (default)
2023-09-21 17:49:15,099 [main] INFO  server.RaftServerConfigKeys (ConfUtils.java:logGet(46)) - raft.server.rpc.slowness.timeout = 120s (custom)
2023-09-21 17:49:15,099 [main] INFO  server.RaftServerConfigKeys (ConfUtils.java:logGet(46)) - raft.server.leaderelection.leader.step-down.wait-time = 10s (default)
2023-09-21 17:49:15,102 [main] INFO  server.RaftServerConfigKeys (ConfUtils.java:logGet(46)) - raft.server.storage.dir = [/home/runner/work/ozone/ozone/hadoop-ozone/integration-test/target/test-dir/MiniOzoneClusterImpl-ff0bea85-29d4-48e8-8c84-822e75daf04a/ozone-meta/ratis] (custom)
2023-09-21 17:49:15,114 [main] INFO  server.RaftServer (RaftServerProxy.java:addNew(98)) - om1: addNew group-C5BA1605619E:[om1|rpc:localhost:15007|priority:0|startupRole:FOLLOWER] returns group-C5BA1605619E:java.util.concurrent.CompletableFuture@63fbefe8[Not completed]
2023-09-21 17:49:15,114 [main] INFO  om.OzoneManager (OzoneManager.java:initializeRatisServer(2148)) - OzoneManager Ratis server initialized at port 15007
2023-09-21 17:49:15,117 [main] INFO  om.OzoneManager (OzoneManager.java:getRpcServer(1196)) - Creating RPC Server
2023-09-21 17:49:15,162 [om1-groupManagement] INFO  server.RaftServer$Division (RaftServerImpl.java:<init>(198)) - om1: new RaftServerImpl for group-C5BA1605619E:[om1|rpc:localhost:15007|priority:0|startupRole:FOLLOWER] with OzoneManagerStateMachine:uninitialized
2023-09-21 17:49:15,344 [om1-groupManagement] INFO  server.RaftServerConfigKeys (ConfUtils.java:logGet(46)) - raft.server.rpc.timeout.min = 1s (custom)
2023-09-21 17:49:15,346 [om1-groupManagement] INFO  server.RaftServerConfigKeys (ConfUtils.java:logGet(46)) - raft.server.rpc.timeout.max = 1200ms (custom)
2023-09-21 17:49:15,346 [om1-groupManagement] INFO  server.RaftServerConfigKeys (ConfUtils.java:logGet(46)) - raft.server.rpc.sleep.time = 25ms (default)
2023-09-21 17:49:15,346 [om1-groupManagement] INFO  server.RaftServerConfigKeys (ConfUtils.java:logGet(46)) - raft.server.rpc.slowness.timeout = 120s (custom)
2023-09-21 17:49:15,347 [om1-groupManagement] INFO  server.RaftServerConfigKeys (ConfUtils.java:logGet(46)) - raft.server.leaderelection.leader.step-down.wait-time = 10s (default)
2023-09-21 17:49:15,347 [om1-groupManagement] INFO  server.RaftServerConfigKeys (ConfUtils.java:logGet(46)) - raft.server.sleep.deviation.threshold = 300ms (default)
2023-09-21 17:49:15,393 [om1-groupManagement] INFO  server.RaftServer$Division (ServerState.java:<init>(120)) - om1@group-C5BA1605619E: ConfigurationManager, init=-1: peers:[om1|rpc:localhost:15007|priority:0|startupRole:FOLLOWER]|listeners:[], old=null, confs=<EMPTY_MAP>
2023-09-21 17:49:15,393 [om1-groupManagement] INFO  server.RaftServerConfigKeys (ConfUtils.java:logGet(46)) - raft.server.storage.dir = [/home/runner/work/ozone/ozone/hadoop-ozone/integration-test/target/test-dir/MiniOzoneClusterImpl-ff0bea85-29d4-48e8-8c84-822e75daf04a/ozone-meta/ratis] (custom)
2023-09-21 17:49:15,407 [om1-groupManagement] INFO  server.RaftServerConfigKeys (ConfUtils.java:logGet(46)) - raft.server.log.corruption.policy = EXCEPTION (default)
2023-09-21 17:49:15,407 [om1-groupManagement] INFO  server.RaftServerConfigKeys (ConfUtils.java:logGet(46)) - raft.server.storage.free-space.min = 0MB (=0) (default)
2023-09-21 17:49:15,429 [om1-groupManagement] INFO  server.RaftServerConfigKeys (ConfUtils.java:logGet(46)) - raft.server.notification.no-leader.timeout = 120s (custom)
2023-09-21 17:49:15,442 [om1-groupManagement] INFO  server.RaftServerConfigKeys (ConfUtils.java:logGet(46)) - raft.server.read.timeout = 10s (default)
2023-09-21 17:49:15,475 [om1-groupManagement] INFO  server.RaftServerConfigKeys (ConfUtils.java:logGet(46)) - raft.server.retrycache.expirytime = 300s (custom)
2023-09-21 17:49:15,475 [om1-groupManagement] INFO  server.RaftServerConfigKeys (ConfUtils.java:logGet(46)) - raft.server.retrycache.statistics.expirytime = 100μs (default)
2023-09-21 17:49:15,559 [om1-groupManagement] INFO  server.RaftServerConfigKeys (ConfUtils.java:logGet(46)) - raft.server.read.option = DEFAULT (default)
2023-09-21 17:49:15,645 [om1-groupManagement] INFO  server.RaftServerConfigKeys (ConfUtils.java:logGet(46)) - raft.server.rpc.request.timeout = 3000ms (default)
2023-09-21 17:49:15,648 [om1-groupManagement] INFO  server.RaftServerConfigKeys (ConfUtils.java:logGet(46)) - raft.server.log.appender.install.snapshot.enabled = false (custom)
2023-09-21 17:49:15,649 [om1-groupManagement] INFO  server.RaftServerConfigKeys (ConfUtils.java:logGet(46)) - raft.server.threadpool.server.cached = true (default)
2023-09-21 17:49:15,649 [om1-groupManagement] INFO  server.RaftServerConfigKeys (ConfUtils.java:logGet(46)) - raft.server.threadpool.server.size = 0 (default)
2023-09-21 17:49:15,663 [om1-groupManagement] INFO  server.RaftServerConfigKeys (ConfUtils.java:logGet(46)) - raft.server.threadpool.client.cached = true (default)
2023-09-21 17:49:15,664 [om1-groupManagement] INFO  server.RaftServerConfigKeys (ConfUtils.java:logGet(46)) - raft.server.threadpool.client.size = 0 (default)
2023-09-21 17:49:16,273 [main] INFO  reflections.Reflections (Reflections.java:scan(232)) - Reflections took 856 ms to scan 20 urls, producing 70 keys and 6013 values [using 2 cores]
2023-09-21 17:49:16,490 [main] INFO  ipc.CallQueueManager (CallQueueManager.java:<init>(90)) - Using callQueue: class java.util.concurrent.LinkedBlockingQueue, queueCapacity: 2000, scheduler: class org.apache.hadoop.ipc.DefaultRpcScheduler, ipcBackoff: false.
2023-09-21 17:49:16,491 [main] INFO  ipc.Server (Server.java:<init>(1287)) - Listener at 127.0.0.1:15004
2023-09-21 17:49:16,492 [Socket Reader #1 for port 15004] INFO  ipc.Server (Server.java:run(1323)) - Starting Socket Reader #1 for port 15004
2023-09-21 17:49:16,545 [main] INFO  impl.MetricsSystemImpl (MetricsSystemImpl.java:init(158)) - OzoneManager metrics system started (again)
2023-09-21 17:49:16,558 [main] INFO  om.OzoneManager (OzoneManager.java:start(1633)) - OzoneManager RPC server is listening at localhost/127.0.0.1:15004
2023-09-21 17:49:16,558 [main] INFO  ratis.OzoneManagerRatisServer (OzoneManagerRatisServer.java:start(558)) - Starting OzoneManagerRatisServer om1 at port 15007
2023-09-21 17:49:16,561 [om1-impl-thread1] INFO  storage.RaftStorageDirectory (RaftStorageDirectoryImpl.java:analyzeStorage(137)) - The storage directory /home/runner/work/ozone/ozone/hadoop-ozone/integration-test/target/test-dir/MiniOzoneClusterImpl-ff0bea85-29d4-48e8-8c84-822e75daf04a/ozone-meta/ratis/bf265839-605b-3f16-9796-c5ba1605619e does not exist. Creating ...
2023-09-21 17:49:16,566 [om1-impl-thread1] INFO  storage.RaftStorageDirectory (RaftStorageDirectoryImpl.java:tryLock(231)) - Lock on /home/runner/work/ozone/ozone/hadoop-ozone/integration-test/target/test-dir/MiniOzoneClusterImpl-ff0bea85-29d4-48e8-8c84-822e75daf04a/ozone-meta/ratis/bf265839-605b-3f16-9796-c5ba1605619e/in_use.lock acquired by nodename 19454@fv-az259-227
2023-09-21 17:49:16,573 [om1-impl-thread1] INFO  storage.RaftStorage (RaftStorageImpl.java:format(96)) - Storage directory /home/runner/work/ozone/ozone/hadoop-ozone/integration-test/target/test-dir/MiniOzoneClusterImpl-ff0bea85-29d4-48e8-8c84-822e75daf04a/ozone-meta/ratis/bf265839-605b-3f16-9796-c5ba1605619e has been successfully formatted.
2023-09-21 17:49:16,576 [om1-impl-thread1] INFO  server.RaftServerConfigKeys (ConfUtils.java:logGet(46)) - raft.server.log.use.memory = false (default)
2023-09-21 17:49:16,584 [om1-impl-thread1] INFO  server.RaftServerConfigKeys (ConfUtils.java:logGet(46)) - raft.server.log.purge.gap = 1000000 (custom)
2023-09-21 17:49:16,585 [om1-impl-thread1] INFO  server.RaftServerConfigKeys (ConfUtils.java:logGet(46)) - raft.server.log.appender.buffer.byte-limit = 33554432 (custom)
2023-09-21 17:49:16,586 [om1-impl-thread1] INFO  server.RaftServerConfigKeys (ConfUtils.java:logGet(46)) - raft.server.log.statemachine.data.read.timeout = 1000ms (default)
2023-09-21 17:49:16,587 [om1-impl-thread1] INFO  server.RaftServerConfigKeys (ConfUtils.java:logGet(46)) - raft.server.log.purge.preservation.log.num = 0 (default)
2023-09-21 17:49:16,590 [om1-impl-thread1] INFO  server.RaftServerConfigKeys (ConfUtils.java:logGet(46)) - raft.server.log.segment.size.max = 4194304 (custom)
2023-09-21 17:49:16,599 [om1-impl-thread1] INFO  server.RaftServerConfigKeys (ConfUtils.java:logGet(46)) - raft.server.log.segment.cache.num.max = 2 (custom)
2023-09-21 17:49:16,599 [om1-impl-thread1] INFO  server.RaftServerConfigKeys (ConfUtils.java:logGet(46)) - raft.server.log.segment.cache.size.max = 200MB (=209715200) (default)
2023-09-21 17:49:16,599 [om1-impl-thread1] INFO  server.RaftServerConfigKeys (ConfUtils.java:logGet(46)) - raft.server.log.appender.buffer.byte-limit = 33554432 (custom)
2023-09-21 17:49:16,606 [om1-impl-thread1] INFO  segmented.SegmentedRaftLogWorker (SegmentedRaftLogWorker.java:<init>(188)) - new om1@group-C5BA1605619E-SegmentedRaftLogWorker for RaftStorageImpl:Storage Directory /home/runner/work/ozone/ozone/hadoop-ozone/integration-test/target/test-dir/MiniOzoneClusterImpl-ff0bea85-29d4-48e8-8c84-822e75daf04a/ozone-meta/ratis/bf265839-605b-3f16-9796-c5ba1605619e
2023-09-21 17:49:16,606 [om1-impl-thread1] INFO  server.RaftServerConfigKeys (ConfUtils.java:logGet(46)) - raft.server.log.queue.byte-limit = 64MB (=67108864) (default)
2023-09-21 17:49:16,607 [om1-impl-thread1] INFO  server.RaftServerConfigKeys (ConfUtils.java:logGet(46)) - raft.server.log.queue.element-limit = 4096 (default)
2023-09-21 17:49:16,608 [om1-impl-thread1] INFO  server.RaftServerConfigKeys (ConfUtils.java:logGet(46)) - raft.server.log.segment.size.max = 4194304 (custom)
2023-09-21 17:49:16,608 [om1-impl-thread1] INFO  server.RaftServerConfigKeys (ConfUtils.java:logGet(46)) - raft.server.log.preallocated.size = 4194304 (custom)
2023-09-21 17:49:16,608 [om1-impl-thread1] INFO  server.RaftServerConfigKeys (ConfUtils.java:logGet(46)) - raft.server.log.force.sync.num = 128 (default)
2023-09-21 17:49:16,609 [om1-impl-thread1] INFO  server.RaftServerConfigKeys (ConfUtils.java:logGet(46)) - raft.server.log.statemachine.data.sync = true (default)
2023-09-21 17:49:16,609 [om1-impl-thread1] INFO  server.RaftServerConfigKeys (ConfUtils.java:logGet(46)) - raft.server.log.statemachine.data.sync.timeout = 10s (default)
2023-09-21 17:49:16,610 [om1-impl-thread1] INFO  server.RaftServerConfigKeys (ConfUtils.java:logGet(46)) - raft.server.log.statemachine.data.sync.timeout.retry = -1 (default)
2023-09-21 17:49:16,621 [om1-impl-thread1] INFO  server.RaftServerConfigKeys (ConfUtils.java:logGet(46)) - raft.server.log.write.buffer.size = 64KB (=65536) (default)
2023-09-21 17:49:16,621 [om1-impl-thread1] INFO  server.RaftServerConfigKeys (ConfUtils.java:logGet(46)) - raft.server.log.appender.buffer.byte-limit = 33554432 (custom)
2023-09-21 17:49:16,630 [om1-impl-thread1] INFO  server.RaftServerConfigKeys (ConfUtils.java:logGet(46)) - raft.server.log.unsafe-flush.enabled = false (default)
2023-09-21 17:49:16,631 [om1-impl-thread1] INFO  server.RaftServerConfigKeys (ConfUtils.java:logGet(46)) - raft.server.log.async-flush.enabled = false (default)
2023-09-21 17:49:16,631 [om1-impl-thread1] INFO  server.RaftServerConfigKeys (ConfUtils.java:logGet(46)) - raft.server.log.statemachine.data.caching.enabled = false (default)
2023-09-21 17:49:16,638 [om1-impl-thread1] INFO  segmented.SegmentedRaftLogWorker (SegmentedRaftLogWorker.java:lambda$new$0(135)) - om1@group-C5BA1605619E-SegmentedRaftLogWorker: flushIndex: setUnconditionally 0 -> -1
2023-09-21 17:49:16,638 [om1-impl-thread1] INFO  segmented.SegmentedRaftLogWorker (SegmentedRaftLogWorker.java:lambda$new$0(135)) - om1@group-C5BA1605619E-SegmentedRaftLogWorker: safeCacheEvictIndex: setUnconditionally 0 -> -1
2023-09-21 17:49:16,640 [om1-impl-thread1] INFO  server.RaftServer$Division (RaftServerImpl.java:start(342)) - om1@group-C5BA1605619E: start as a follower, conf=-1: peers:[om1|rpc:localhost:15007|priority:0|startupRole:FOLLOWER]|listeners:[], old=null
2023-09-21 17:49:16,641 [om1-impl-thread1] INFO  server.RaftServer$Division (RaftServerImpl.java:setRole(329)) - om1@group-C5BA1605619E: changes role from      null to FOLLOWER at term 0 for startAsFollower
2023-09-21 17:49:16,642 [om1-impl-thread1] INFO  impl.RoleInfo (RoleInfo.java:updateAndGet(139)) - om1: start om1@group-C5BA1605619E-FollowerState
2023-09-21 17:49:16,647 [om1-impl-thread1] INFO  util.JmxRegister (JmxRegister.java:tryRegister(44)) - Successfully registered JMX Bean with object name Ratis:service=RaftServer,group=group-C5BA1605619E,id=om1
2023-09-21 17:49:16,649 [om1-impl-thread1] INFO  server.RaftServerConfigKeys (ConfUtils.java:logGet(46)) - raft.server.snapshot.auto.trigger.enabled = true (custom)
2023-09-21 17:49:16,649 [om1-impl-thread1] INFO  server.RaftServerConfigKeys (ConfUtils.java:logGet(46)) - raft.server.snapshot.auto.trigger.threshold = 400000 (default)
2023-09-21 17:49:16,649 [om1-impl-thread1] INFO  server.RaftServerConfigKeys (ConfUtils.java:logGet(46)) - raft.server.snapshot.retention.file.num = -1 (default)
2023-09-21 17:49:16,650 [om1-impl-thread1] INFO  server.RaftServerConfigKeys (ConfUtils.java:logGet(46)) - raft.server.log.purge.upto.snapshot.index = true (custom)
2023-09-21 17:49:16,653 [om1@group-C5BA1605619E-FollowerState] INFO  server.RaftServerConfigKeys (ConfUtils.java:logFallback(53)) - raft.server.rpc.first-election.timeout.min = 1s (fallback to raft.server.rpc.timeout.min)
2023-09-21 17:49:16,654 [om1@group-C5BA1605619E-FollowerState] INFO  server.RaftServerConfigKeys (ConfUtils.java:logFallback(53)) - raft.server.rpc.first-election.timeout.max = 1200ms (fallback to raft.server.rpc.timeout.max)
2023-09-21 17:49:16,654 [main] INFO  server.RaftServer (RaftServerProxy.java:startImpl(400)) - om1: start RPC server
2023-09-21 17:49:16,712 [main] INFO  server.GrpcService (GrpcService.java:startImpl(302)) - om1: GrpcService started, listening on 15007
2023-09-21 17:49:16,714 [main] INFO  om.OzoneManager (OzoneManager.java:start(1649)) - Version File has different layout version (6) than OM DB (null). That is expected if this OM has never been finalized to a newer layout version.
2023-09-21 17:49:16,721 [JvmPauseMonitor1] INFO  util.JvmPauseMonitor (JvmPauseMonitor.java:run(103)) - JvmPauseMonitor-om1: Started
2023-09-21 17:49:16,756 [main] INFO  http.BaseHttpServer (BaseHttpServer.java:newHttpServer2BuilderForOzone(223)) - Starting Web-server for ozoneManager at: http://0.0.0.0:15005
2023-09-21 17:49:16,756 [main] INFO  http.BaseHttpServer (BaseHttpServer.java:<init>(110)) - Hadoop Security Enabled: false Ozone Security Enabled: false Ozone HTTP Security Enabled: false 
2023-09-21 17:49:16,758 [main] WARN  server.AuthenticationFilter (AuthenticationFilter.java:constructSecretProvider(240)) - Unable to initialize FileSignerSecretProvider, falling back to use random secrets. Reason: Could not read signature secret file: /home/runner/hadoop-http-auth-signature-secret
2023-09-21 17:49:16,760 [main] INFO  http.HttpRequestLog (HttpRequestLog.java:getRequestLog(86)) - Http request log for http.requests.ozoneManager is not defined
2023-09-21 17:49:16,762 [main] INFO  http.HttpServer2 (HttpServer2.java:addGlobalFilter(1031)) - Added global filter 'safety' (class=org.apache.hadoop.hdds.server.http.HttpServer2$QuotingInputFilter)
2023-09-21 17:49:16,763 [main] INFO  http.HttpServer2 (HttpServer2.java:addFilter(1007)) - Added filter static_user_filter (class=org.apache.hadoop.http.lib.StaticUserWebFilter$StaticUserFilter) to context ozoneManager
2023-09-21 17:49:16,764 [main] INFO  http.HttpServer2 (HttpServer2.java:addFilter(1015)) - Added filter static_user_filter (class=org.apache.hadoop.http.lib.StaticUserWebFilter$StaticUserFilter) to context static
2023-09-21 17:49:16,764 [main] INFO  http.HttpServer2 (HttpServer2.java:addFilter(1015)) - Added filter static_user_filter (class=org.apache.hadoop.http.lib.StaticUserWebFilter$StaticUserFilter) to context logs
2023-09-21 17:49:16,765 [main] INFO  http.BaseHttpServer (BaseHttpServer.java:<init>(189)) - HTTP server of ozoneManager uses base directory /home/runner/work/ozone/ozone/hadoop-ozone/integration-test/target/test-dir/MiniOzoneClusterImpl-ff0bea85-29d4-48e8-8c84-822e75daf04a/ozone-meta/webserver
2023-09-21 17:49:16,768 [main] INFO  http.HttpServer2 (HttpServer2.java:bindListener(1231)) - Jetty bound to port 15005
2023-09-21 17:49:16,769 [main] INFO  server.Server (Server.java:doStart(375)) - jetty-9.4.52.v20230823; built: 2023-08-23T19:29:37.669Z; git: abdcda73818a1a2c705da276edb0bf6581e7997e; jvm 1.8.0_382-b05
2023-09-21 17:49:16,778 [main] INFO  server.session (DefaultSessionIdManager.java:doStart(334)) - DefaultSessionIdManager workerName=node0
2023-09-21 17:49:16,778 [main] INFO  server.session (DefaultSessionIdManager.java:doStart(339)) - No SessionScavenger set, using defaults
2023-09-21 17:49:16,779 [main] INFO  server.session (HouseKeeper.java:startScavenging(132)) - node0 Scavenging every 660000ms
2023-09-21 17:49:16,780 [main] INFO  handler.ContextHandler (ContextHandler.java:doStart(921)) - Started o.e.j.s.ServletContextHandler@6d9a8a31{logs,/logs,file:///home/runner/work/ozone/ozone/hadoop-ozone/integration-test/target/log,AVAILABLE}
2023-09-21 17:49:16,780 [main] INFO  handler.ContextHandler (ContextHandler.java:doStart(921)) - Started o.e.j.s.ServletContextHandler@17bf4515{static,/static,file:///home/runner/work/ozone/ozone/hadoop-ozone/integration-test/target/test-classes/webapps/static,AVAILABLE}
2023-09-21 17:49:16,784 [main] INFO  handler.ContextHandler (ContextHandler.java:doStart(921)) - Started o.e.j.w.WebAppContext@62d288af{ozoneManager,/,file:///home/runner/work/ozone/ozone/hadoop-ozone/integration-test/target/test-classes/webapps/ozoneManager/,AVAILABLE}{file:/home/runner/work/ozone/ozone/hadoop-ozone/integration-test/target/test-classes/webapps/ozoneManager}
2023-09-21 17:49:16,787 [main] INFO  server.AbstractConnector (AbstractConnector.java:doStart(333)) - Started ServerConnector@3c72912f{HTTP/1.1, (http/1.1)}{0.0.0.0:15005}
2023-09-21 17:49:16,787 [main] INFO  server.Server (Server.java:doStart(415)) - Started @10227ms
2023-09-21 17:49:16,787 [main] WARN  impl.MetricsSystemImpl (MetricsSystemImpl.java:register(279)) - Sink prometheus already exists!
2023-09-21 17:49:16,788 [main] INFO  http.BaseHttpServer (BaseHttpServer.java:updateConnectorAddress(354)) - HTTP server of ozoneManager listening at http://0.0.0.0:15005
2023-09-21 17:49:16,788 [IPC Server Responder] INFO  ipc.Server (Server.java:run(1562)) - IPC Server Responder: starting
2023-09-21 17:49:16,789 [IPC Server listener on 15004] INFO  ipc.Server (Server.java:run(1402)) - IPC Server listener on 15004: starting
2023-09-21 17:49:16,836 [main] INFO  om.TrashPolicyOzone (TrashPolicyOzone.java:<init>(281)) - Ozone Manager trash configuration: Deletion interval = 0 minutes, Emptier interval = 0 minutes.
2023-09-21 17:49:17,047 [main] INFO  db.CodecBuffer (CodecBuffer.java:set(60)) - Successfully set constructor to org.apache.hadoop.hdds.utils.db.CodecBuffer$$Lambda$775/1732881872@7021ab0e
2023-09-21 17:49:17,049 [main] WARN  impl.MetricRegistriesImpl (MetricRegistriesImpl.java:addReporterRegistration(111)) - New reporters are added after registries were created. Some metrics will be missing from the reporter. Please add reporter before adding any new registry.
2023-09-21 17:49:17,049 [main] WARN  impl.MetricRegistriesImpl (MetricRegistriesImpl.java:addReporterRegistration(111)) - New reporters are added after registries were created. Some metrics will be missing from the reporter. Please add reporter before adding any new registry.
2023-09-21 17:49:17,049 [main] INFO  impl.MetricsSystemImpl (MetricsSystemImpl.java:init(158)) - HddsDatanode metrics system started (again)
2023-09-21 17:49:17,075 [main] INFO  ozone.HddsDatanodeService (HddsDatanodeService.java:start(237)) - HddsDatanodeService host:fv-az259-227.nxnqhby4qkoexpon2s1bx5vqxg.dx.internal.cloudapp.net ip:10.1.0.8
2023-09-21 17:49:17,125 [main] INFO  upgrade.AbstractLayoutVersionManager (AbstractLayoutVersionManager.java:init(83)) - Initializing Layout version manager with metadata layout = HADOOP_PRC_PORTS_IN_DATANODEDETAILS (version = 7), software layout = HADOOP_PRC_PORTS_IN_DATANODEDETAILS (version = 7)
2023-09-21 17:49:17,128 [main] INFO  statemachine.DatanodeStateMachine (DatanodeStateMachine.java:getEndPointTaskThreadPoolSize(284)) - Datanode State Machine Task Thread Pool size 2
2023-09-21 17:49:17,209 [main] INFO  volume.HddsVolume (HddsVolume.java:<init>(126)) - Creating HddsVolume: /home/runner/work/ozone/ozone/hadoop-ozone/integration-test/target/test-dir/MiniOzoneClusterImpl-ff0bea85-29d4-48e8-8c84-822e75daf04a/datanode-0/data-0/containers/hdds of storage type : DISK capacity : 9223372036854775807
2023-09-21 17:49:17,212 [main] INFO  volume.MutableVolumeSet (MutableVolumeSet.java:initializeVolumeSet(173)) - Added Volume : /home/runner/work/ozone/ozone/hadoop-ozone/integration-test/target/test-dir/MiniOzoneClusterImpl-ff0bea85-29d4-48e8-8c84-822e75daf04a/datanode-0/data-0/containers/hdds to VolumeSet
2023-09-21 17:49:17,217 [main] INFO  volume.MutableVolumeSet (MutableVolumeSet.java:initializeVolumeSet(173)) - Added Volume : /home/runner/work/ozone/ozone/hadoop-ozone/integration-test/target/test-dir/MiniOzoneClusterImpl-ff0bea85-29d4-48e8-8c84-822e75daf04a/datanode-0/data/ratis to VolumeSet
2023-09-21 17:49:17,235 [Thread-140] INFO  ozoneimpl.ContainerReader (ContainerReader.java:readVolume(177)) - Finish verifying containers on volume /home/runner/work/ozone/ozone/hadoop-ozone/integration-test/target/test-dir/MiniOzoneClusterImpl-ff0bea85-29d4-48e8-8c84-822e75daf04a/datanode-0/data-0/containers/hdds
2023-09-21 17:49:17,236 [main] INFO  ozoneimpl.OzoneContainer (OzoneContainer.java:buildContainerSet(314)) - Build ContainerSet costs 0s
2023-09-21 17:49:17,311 [main] INFO  audit.AuditLogger (AuditLogger.java:refreshDebugCmdSet(126)) - Refresh DebugCmdSet for DNAudit to [].
2023-09-21 17:49:17,345 [main] INFO  server.RaftServer (ConfUtils.java:logGet(46)) - raft.rpc.type = GRPC (default)
2023-09-21 17:49:17,346 [main] INFO  grpc.GrpcConfigKeys (ConfUtils.java:logFallback(53)) - raft.grpc.admin.host = null (fallback to raft.grpc.server.host)
2023-09-21 17:49:17,346 [main] INFO  grpc.GrpcConfigKeys (ConfUtils.java:logGet(46)) - raft.grpc.admin.port = 15013 (custom)
2023-09-21 17:49:17,346 [main] INFO  grpc.GrpcConfigKeys (ConfUtils.java:logFallback(53)) - raft.grpc.client.host = null (fallback to raft.grpc.server.host)
2023-09-21 17:49:17,346 [main] INFO  grpc.GrpcConfigKeys (ConfUtils.java:logGet(46)) - raft.grpc.client.port = 15012 (custom)
2023-09-21 17:49:17,347 [main] INFO  grpc.GrpcConfigKeys (ConfUtils.java:logGet(46)) - raft.grpc.server.host = null (default)
2023-09-21 17:49:17,347 [main] INFO  grpc.GrpcConfigKeys (ConfUtils.java:logGet(46)) - raft.grpc.server.port = 15014 (custom)
2023-09-21 17:49:17,347 [main] INFO  server.GrpcService (ConfUtils.java:logGet(46)) - raft.grpc.message.size.max = 32MB (=33554432) (custom)
2023-09-21 17:49:17,347 [main] INFO  server.RaftServerConfigKeys (ConfUtils.java:logGet(46)) - raft.server.log.appender.buffer.byte-limit = 33554432 (custom)
2023-09-21 17:49:17,347 [main] INFO  server.GrpcService (ConfUtils.java:logGet(46)) - raft.grpc.flow.control.window = 5MB (=5242880) (custom)
2023-09-21 17:49:17,348 [main] INFO  server.RaftServerConfigKeys (ConfUtils.java:logGet(46)) - raft.server.rpc.request.timeout = 60s (custom)
2023-09-21 17:49:17,348 [main] INFO  grpc.GrpcConfigKeys (ConfUtils.java:logGet(46)) - raft.grpc.server.heartbeat.channel = true (default)
2023-09-21 17:49:17,348 [main] INFO  grpc.GrpcConfigKeys (ConfUtils.java:logGet(46)) - raft.grpc.server.async.request.thread.pool.cached = true (default)
2023-09-21 17:49:17,348 [main] INFO  grpc.GrpcConfigKeys (ConfUtils.java:logGet(46)) - raft.grpc.server.async.request.thread.pool.size = 32 (default)
2023-09-21 17:49:17,351 [main] INFO  impl.DataStreamServerImpl (ConfUtils.java:logGet(46)) - raft.datastream.type = NETTY (custom)
2023-09-21 17:49:17,362 [main] INFO  server.RaftServerConfigKeys (ConfUtils.java:logGet(46)) - raft.server.data-stream.async.request.thread.pool.cached = false (default)
2023-09-21 17:49:17,362 [main] INFO  server.RaftServerConfigKeys (ConfUtils.java:logGet(46)) - raft.server.data-stream.async.request.thread.pool.size = 20 (custom)
2023-09-21 17:49:17,363 [main] INFO  server.RaftServerConfigKeys (ConfUtils.java:logGet(46)) - raft.server.data-stream.async.write.thread.pool.size = 16 (default)
2023-09-21 17:49:17,364 [main] INFO  server.RaftServerConfigKeys (ConfUtils.java:logGet(46)) - raft.server.data-stream.client.pool.size = 10 (default)
2023-09-21 17:49:17,368 [main] INFO  netty.NettyConfigKeys$DataStream (ConfUtils.java:logGet(46)) - raft.netty.dataStream.server.use-epoll = false (default)
2023-09-21 17:49:17,369 [main] INFO  netty.NettyConfigKeys$DataStream (ConfUtils.java:logGet(46)) - raft.netty.dataStream.server.boss-group.size = 0 (default)
2023-09-21 17:49:17,378 [main] INFO  netty.NettyConfigKeys$DataStream (ConfUtils.java:logGet(46)) - raft.netty.dataStream.server.worker-group.size = 0 (default)
2023-09-21 17:49:17,394 [main] INFO  netty.NettyConfigKeys$DataStream (ConfUtils.java:logGet(46)) - raft.netty.dataStream.server.tls.conf = null (default)
2023-09-21 17:49:17,396 [main] INFO  netty.NettyConfigKeys$DataStream (ConfUtils.java:logGet(46)) - raft.netty.dataStream.host = null (default)
2023-09-21 17:49:17,397 [main] INFO  netty.NettyConfigKeys$DataStream (ConfUtils.java:logGet(46)) - raft.netty.dataStream.port = 15015 (custom)
2023-09-21 17:49:17,408 [main] INFO  server.RaftServerConfigKeys (ConfUtils.java:logGet(46)) - raft.server.threadpool.proxy.cached = true (default)
2023-09-21 17:49:17,409 [main] INFO  server.RaftServerConfigKeys (ConfUtils.java:logGet(46)) - raft.server.threadpool.proxy.size = 0 (default)
2023-09-21 17:49:17,409 [main] INFO  server.RaftServerConfigKeys (ConfUtils.java:logGet(46)) - raft.server.rpc.slowness.timeout = 300s (custom)
2023-09-21 17:49:17,409 [main] INFO  server.RaftServerConfigKeys (ConfUtils.java:logGet(46)) - raft.server.leaderelection.leader.step-down.wait-time = 10s (default)
2023-09-21 17:49:17,409 [main] INFO  server.RaftServerConfigKeys (ConfUtils.java:logGet(46)) - raft.server.storage.dir = [/home/runner/work/ozone/ozone/hadoop-ozone/integration-test/target/test-dir/MiniOzoneClusterImpl-ff0bea85-29d4-48e8-8c84-822e75daf04a/datanode-0/data/ratis] (custom)
2023-09-21 17:49:17,410 [0e5ca0ac-2c0a-4501-ade5-9887f0236797-impl-thread1] INFO  server.RaftServer (RaftServerProxy.java:initGroupDir(258)) - 0e5ca0ac-2c0a-4501-ade5-9887f0236797: found a subdirectory /home/runner/work/ozone/ozone/hadoop-ozone/integration-test/target/test-dir/MiniOzoneClusterImpl-ff0bea85-29d4-48e8-8c84-822e75daf04a/datanode-0/data/ratis/tmp
2023-09-21 17:49:17,413 [0e5ca0ac-2c0a-4501-ade5-9887f0236797-impl-thread1] INFO  server.RaftServer (RaftServerProxy.java:initGroupDir(263)) - 0e5ca0ac-2c0a-4501-ade5-9887f0236797: The directory /home/runner/work/ozone/ozone/hadoop-ozone/integration-test/target/test-dir/MiniOzoneClusterImpl-ff0bea85-29d4-48e8-8c84-822e75daf04a/datanode-0/data/ratis/tmp is not a group directory; ignoring it. 
2023-09-21 17:49:17,417 [main] INFO  replication.ReplicationServer (ReplicationServer.java:<init>(83)) - Initializing replication server with thread count = 10 queue length = 4096
2023-09-21 17:49:17,443 [0e5ca0ac-2c0a-4501-ade5-9887f0236797-NettyServerStreamRpc-bossGroup--thread1] INFO  logging.LoggingHandler (AbstractInternalLogger.java:log(148)) - [id: 0x422dec4c] REGISTERED
2023-09-21 17:49:17,444 [0e5ca0ac-2c0a-4501-ade5-9887f0236797-NettyServerStreamRpc-bossGroup--thread1] INFO  logging.LoggingHandler (AbstractInternalLogger.java:log(148)) - [id: 0x422dec4c] BIND: 0.0.0.0/0.0.0.0:15015
2023-09-21 17:49:17,446 [0e5ca0ac-2c0a-4501-ade5-9887f0236797-NettyServerStreamRpc-bossGroup--thread1] INFO  logging.LoggingHandler (AbstractInternalLogger.java:log(148)) - [id: 0x422dec4c, L:/0:0:0:0:0:0:0:0:15015] ACTIVE
2023-09-21 17:49:17,461 [main] INFO  server.XceiverServerGrpc (XceiverServerGrpc.java:<init>(132)) - GrpcServer channel type EpollServerSocketChannel
2023-09-21 17:49:17,527 [main] INFO  replication.ReplicationSupervisor (ReplicationSupervisor.java:build(155)) - Initializing replication supervisor with thread count = 10
2023-09-21 17:49:17,529 [main] INFO  replication.ReplicationSupervisor (ReplicationSupervisor.java:nodeStateUpdated(307)) - Node state updated to IN_SERVICE, scaling executor pool size to 10
2023-09-21 17:49:17,600 [main] INFO  http.BaseHttpServer (BaseHttpServer.java:newHttpServer2BuilderForOzone(223)) - Starting Web-server for hddsDatanode at: http://0.0.0.0:15009
2023-09-21 17:49:17,600 [main] INFO  http.BaseHttpServer (BaseHttpServer.java:<init>(110)) - Hadoop Security Enabled: false Ozone Security Enabled: false Ozone HTTP Security Enabled: false 
2023-09-21 17:49:17,603 [main] WARN  server.AuthenticationFilter (AuthenticationFilter.java:constructSecretProvider(240)) - Unable to initialize FileSignerSecretProvider, falling back to use random secrets. Reason: Could not read signature secret file: /home/runner/hadoop-http-auth-signature-secret
2023-09-21 17:49:17,603 [main] INFO  http.HttpRequestLog (HttpRequestLog.java:getRequestLog(86)) - Http request log for http.requests.hddsDatanode is not defined
2023-09-21 17:49:17,605 [main] INFO  http.HttpServer2 (HttpServer2.java:addGlobalFilter(1031)) - Added global filter 'safety' (class=org.apache.hadoop.hdds.server.http.HttpServer2$QuotingInputFilter)
2023-09-21 17:49:17,606 [main] INFO  http.HttpServer2 (HttpServer2.java:addFilter(1007)) - Added filter static_user_filter (class=org.apache.hadoop.http.lib.StaticUserWebFilter$StaticUserFilter) to context hddsDatanode
2023-09-21 17:49:17,607 [main] INFO  http.HttpServer2 (HttpServer2.java:addFilter(1015)) - Added filter static_user_filter (class=org.apache.hadoop.http.lib.StaticUserWebFilter$StaticUserFilter) to context static
2023-09-21 17:49:17,607 [main] INFO  http.HttpServer2 (HttpServer2.java:addFilter(1015)) - Added filter static_user_filter (class=org.apache.hadoop.http.lib.StaticUserWebFilter$StaticUserFilter) to context logs
2023-09-21 17:49:17,612 [main] INFO  http.BaseHttpServer (BaseHttpServer.java:<init>(189)) - HTTP server of hddsDatanode uses base directory /home/runner/work/ozone/ozone/hadoop-ozone/integration-test/target/test-dir/MiniOzoneClusterImpl-ff0bea85-29d4-48e8-8c84-822e75daf04a/datanode-0/meta/webserver
2023-09-21 17:49:17,612 [main] INFO  http.HttpServer2 (HttpServer2.java:bindListener(1231)) - Jetty bound to port 15009
2023-09-21 17:49:17,612 [main] INFO  server.Server (Server.java:doStart(375)) - jetty-9.4.52.v20230823; built: 2023-08-23T19:29:37.669Z; git: abdcda73818a1a2c705da276edb0bf6581e7997e; jvm 1.8.0_382-b05
2023-09-21 17:49:17,615 [main] INFO  server.session (DefaultSessionIdManager.java:doStart(334)) - DefaultSessionIdManager workerName=node0
2023-09-21 17:49:17,615 [main] INFO  server.session (DefaultSessionIdManager.java:doStart(339)) - No SessionScavenger set, using defaults
2023-09-21 17:49:17,616 [main] INFO  server.session (HouseKeeper.java:startScavenging(132)) - node0 Scavenging every 660000ms
2023-09-21 17:49:17,617 [main] INFO  handler.ContextHandler (ContextHandler.java:doStart(921)) - Started o.e.j.s.ServletContextHandler@73051634{logs,/logs,file:///home/runner/work/ozone/ozone/hadoop-ozone/integration-test/target/log,AVAILABLE}
2023-09-21 17:49:17,618 [main] INFO  handler.ContextHandler (ContextHandler.java:doStart(921)) - Started o.e.j.s.ServletContextHandler@373777c7{static,/static,jar:file:/home/runner/.m2/repository/org/apache/ozone/hdds-container-service/1.4.0-SNAPSHOT/hdds-container-service-1.4.0-SNAPSHOT.jar!/webapps/static,AVAILABLE}
2023-09-21 17:49:17,684 [om1@group-C5BA1605619E-FollowerState] INFO  impl.FollowerState (FollowerState.java:run(143)) - om1@group-C5BA1605619E-FollowerState: change to CANDIDATE, lastRpcElapsedTime:1042018325ns, electionTimeout:1028ms
2023-09-21 17:49:17,686 [om1@group-C5BA1605619E-FollowerState] INFO  impl.RoleInfo (RoleInfo.java:shutdownFollowerState(110)) - om1: shutdown om1@group-C5BA1605619E-FollowerState
2023-09-21 17:49:17,687 [om1@group-C5BA1605619E-FollowerState] INFO  server.RaftServer$Division (RaftServerImpl.java:setRole(329)) - om1@group-C5BA1605619E: changes role from  FOLLOWER to CANDIDATE at term 0 for changeToCandidate
2023-09-21 17:49:17,693 [om1@group-C5BA1605619E-FollowerState] INFO  server.RaftServerConfigKeys (ConfUtils.java:logGet(46)) - raft.server.leaderelection.pre-vote = true (default)
2023-09-21 17:49:17,693 [om1@group-C5BA1605619E-FollowerState] INFO  impl.RoleInfo (RoleInfo.java:updateAndGet(139)) - om1: start om1@group-C5BA1605619E-LeaderElection1
2023-09-21 17:49:17,715 [om1@group-C5BA1605619E-LeaderElection1] INFO  impl.LeaderElection (LeaderElection.java:askForVotes(321)) - om1@group-C5BA1605619E-LeaderElection1 PRE_VOTE round 0: submit vote requests at term 0 for -1: peers:[om1|rpc:localhost:15007|priority:0|startupRole:FOLLOWER]|listeners:[], old=null
2023-09-21 17:49:17,716 [om1@group-C5BA1605619E-LeaderElection1] INFO  impl.LeaderElection (LeaderElection.java:askForVotes(323)) - om1@group-C5BA1605619E-LeaderElection1 PRE_VOTE round 0: result PASSED (term=0)
2023-09-21 17:49:17,728 [om1@group-C5BA1605619E-LeaderElection1] INFO  impl.LeaderElection (LeaderElection.java:askForVotes(321)) - om1@group-C5BA1605619E-LeaderElection1 ELECTION round 0: submit vote requests at term 1 for -1: peers:[om1|rpc:localhost:15007|priority:0|startupRole:FOLLOWER]|listeners:[], old=null
2023-09-21 17:49:17,728 [om1@group-C5BA1605619E-LeaderElection1] INFO  impl.LeaderElection (LeaderElection.java:askForVotes(323)) - om1@group-C5BA1605619E-LeaderElection1 ELECTION round 0: result PASSED (term=1)
2023-09-21 17:49:17,728 [om1@group-C5BA1605619E-LeaderElection1] INFO  impl.RoleInfo (RoleInfo.java:shutdownLeaderElection(130)) - om1: shutdown om1@group-C5BA1605619E-LeaderElection1
2023-09-21 17:49:17,729 [om1@group-C5BA1605619E-LeaderElection1] INFO  server.RaftServer$Division (RaftServerImpl.java:setRole(329)) - om1@group-C5BA1605619E: changes role from CANDIDATE to LEADER at term 1 for changeToLeader
2023-09-21 17:49:17,731 [om1@group-C5BA1605619E-LeaderElection1] INFO  server.RaftServer$Division (ServerState.java:setLeader(317)) - om1@group-C5BA1605619E: change Leader from null to om1 at term 1 for becomeLeader, leader elected after 2299ms
2023-09-21 17:49:17,741 [om1@group-C5BA1605619E-LeaderElection1] INFO  server.RaftServerConfigKeys (ConfUtils.java:logGet(46)) - raft.server.staging.catchup.gap = 1000 (default)
2023-09-21 17:49:17,756 [om1@group-C5BA1605619E-LeaderElection1] INFO  server.RaftServerConfigKeys (ConfUtils.java:logGet(46)) - raft.server.write.element-limit = 4096 (default)
2023-09-21 17:49:17,756 [om1@group-C5BA1605619E-LeaderElection1] INFO  server.RaftServerConfigKeys (ConfUtils.java:logGet(46)) - raft.server.write.byte-limit = 64MB (=67108864) (default)
2023-09-21 17:49:17,761 [om1@group-C5BA1605619E-LeaderElection1] INFO  server.RaftServerConfigKeys (ConfUtils.java:logGet(46)) - raft.server.watch.timeout = 10s (default)
2023-09-21 17:49:17,761 [om1@group-C5BA1605619E-LeaderElection1] INFO  server.RaftServerConfigKeys (ConfUtils.java:logGet(46)) - raft.server.watch.timeout.denomination = 1s (default)
2023-09-21 17:49:17,771 [om1@group-C5BA1605619E-LeaderElection1] INFO  server.RaftServerConfigKeys (ConfUtils.java:logGet(46)) - raft.server.watch.element-limit = 65536 (default)
2023-09-21 17:49:17,784 [om1@group-C5BA1605619E-LeaderElection1] INFO  server.RaftServerConfigKeys (ConfUtils.java:logGet(46)) - raft.server.write.element-limit = 4096 (default)
2023-09-21 17:49:17,788 [om1@group-C5BA1605619E-LeaderElection1] INFO  server.RaftServerConfigKeys (ConfUtils.java:logGet(46)) - raft.server.write.follower.gap.ratio.max = -1.0 (default)
2023-09-21 17:49:17,792 [om1@group-C5BA1605619E-LeaderElection1] INFO  impl.RoleInfo (RoleInfo.java:updateAndGet(139)) - om1: start om1@group-C5BA1605619E-LeaderStateImpl
2023-09-21 17:49:17,849 [om1@group-C5BA1605619E-LeaderElection1] INFO  segmented.SegmentedRaftLogWorker (SegmentedRaftLogWorker.java:startLogSegment(447)) - om1@group-C5BA1605619E-SegmentedRaftLogWorker: Starting segment from index:0
2023-09-21 17:49:17,932 [om1@group-C5BA1605619E-LeaderElection1] INFO  server.RaftServer$Division (ServerState.java:setRaftConf(434)) - om1@group-C5BA1605619E: set configuration 0: peers:[om1|rpc:localhost:15007|admin:|client:|dataStream:|priority:0|startupRole:FOLLOWER]|listeners:[], old=null
2023-09-21 17:49:18,008 [om1@group-C5BA1605619E-SegmentedRaftLogWorker] INFO  segmented.SegmentedRaftLogWorker (SegmentedRaftLogWorker.java:execute(651)) - om1@group-C5BA1605619E-SegmentedRaftLogWorker: created new log segment /home/runner/work/ozone/ozone/hadoop-ozone/integration-test/target/test-dir/MiniOzoneClusterImpl-ff0bea85-29d4-48e8-8c84-822e75daf04a/ozone-meta/ratis/bf265839-605b-3f16-9796-c5ba1605619e/current/log_inprogress_0
2023-09-21 17:49:18,079 [main] INFO  handler.ContextHandler (ContextHandler.java:doStart(921)) - Started o.e.j.w.WebAppContext@476a3b94{hddsDatanode,/,file:///home/runner/work/ozone/ozone/hadoop-ozone/integration-test/target/test-dir/MiniOzoneClusterImpl-ff0bea85-29d4-48e8-8c84-822e75daf04a/datanode-0/meta/webserver/jetty-0_0_0_0-15009-hdds-container-service-1_4_0-SNAPSHOT_jar-_-any-5423466289049024640/webapp/,AVAILABLE}{jar:file:/home/runner/.m2/repository/org/apache/ozone/hdds-container-service/1.4.0-SNAPSHOT/hdds-container-service-1.4.0-SNAPSHOT.jar!/webapps/hddsDatanode}
2023-09-21 17:49:18,081 [main] INFO  server.AbstractConnector (AbstractConnector.java:doStart(333)) - Started ServerConnector@23488e7a{HTTP/1.1, (http/1.1)}{0.0.0.0:15009}
2023-09-21 17:49:18,081 [main] INFO  server.Server (Server.java:doStart(415)) - Started @11521ms
2023-09-21 17:49:18,081 [main] WARN  impl.MetricsSystemImpl (MetricsSystemImpl.java:register(279)) - Sink prometheus already exists!
2023-09-21 17:49:18,082 [main] INFO  http.BaseHttpServer (BaseHttpServer.java:updateConnectorAddress(354)) - HTTP server of hddsDatanode listening at http://0.0.0.0:15009
2023-09-21 17:49:18,087 [main] INFO  ipc.CallQueueManager (CallQueueManager.java:<init>(90)) - Using callQueue: class java.util.concurrent.LinkedBlockingQueue, queueCapacity: 100, scheduler: class org.apache.hadoop.ipc.DefaultRpcScheduler, ipcBackoff: false.
2023-09-21 17:49:18,088 [main] INFO  ipc.Server (Server.java:<init>(1287)) - Listener at 0.0.0.0:15010
2023-09-21 17:49:18,088 [Socket Reader #1 for port 15010] INFO  ipc.Server (Server.java:run(1323)) - Starting Socket Reader #1 for port 15010
2023-09-21 17:49:18,094 [main] INFO  ozone.HddsDatanodeService (HddsDatanodeService.java:start(315)) - Datanode start with admins: [runner]
2023-09-21 17:49:18,094 [main] INFO  ozone.HddsDatanodeClientProtocolServer (HddsDatanodeClientProtocolServer.java:start(72)) - RPC server for Client /0.0.0.0:15010
2023-09-21 17:49:18,097 [IPC Server Responder] INFO  ipc.Server (Server.java:run(1562)) - IPC Server Responder: starting
2023-09-21 17:49:18,101 [IPC Server listener on 15010] INFO  ipc.Server (Server.java:run(1402)) - IPC Server listener on 15010: starting
2023-09-21 17:49:18,103 [main] WARN  impl.MetricRegistriesImpl (MetricRegistriesImpl.java:addReporterRegistration(111)) - New reporters are added after registries were created. Some metrics will be missing from the reporter. Please add reporter before adding any new registry.
2023-09-21 17:49:18,103 [main] WARN  impl.MetricRegistriesImpl (MetricRegistriesImpl.java:addReporterRegistration(111)) - New reporters are added after registries were created. Some metrics will be missing from the reporter. Please add reporter before adding any new registry.
2023-09-21 17:49:18,103 [main] INFO  impl.MetricsSystemImpl (MetricsSystemImpl.java:init(158)) - HddsDatanode metrics system started (again)
2023-09-21 17:49:18,113 [Datanode State Machine Daemon Thread] INFO  statemachine.DatanodeStateMachine (DatanodeStateMachine.java:lambda$startDaemon$0(540)) - Ozone container server started.
2023-09-21 17:49:18,146 [main] INFO  ozone.HddsDatanodeService (HddsDatanodeService.java:start(237)) - HddsDatanodeService host:fv-az259-227.nxnqhby4qkoexpon2s1bx5vqxg.dx.internal.cloudapp.net ip:10.1.0.8
2023-09-21 17:49:18,180 [main] INFO  upgrade.AbstractLayoutVersionManager (AbstractLayoutVersionManager.java:init(83)) - Initializing Layout version manager with metadata layout = HADOOP_PRC_PORTS_IN_DATANODEDETAILS (version = 7), software layout = HADOOP_PRC_PORTS_IN_DATANODEDETAILS (version = 7)
2023-09-21 17:49:18,193 [main] INFO  statemachine.DatanodeStateMachine (DatanodeStateMachine.java:getEndPointTaskThreadPoolSize(284)) - Datanode State Machine Task Thread Pool size 2
2023-09-21 17:49:18,211 [main] INFO  volume.HddsVolume (HddsVolume.java:<init>(126)) - Creating HddsVolume: /home/runner/work/ozone/ozone/hadoop-ozone/integration-test/target/test-dir/MiniOzoneClusterImpl-ff0bea85-29d4-48e8-8c84-822e75daf04a/datanode-1/data-0/containers/hdds of storage type : DISK capacity : 9223372036854775807
2023-09-21 17:49:18,211 [main] INFO  volume.MutableVolumeSet (MutableVolumeSet.java:initializeVolumeSet(173)) - Added Volume : /home/runner/work/ozone/ozone/hadoop-ozone/integration-test/target/test-dir/MiniOzoneClusterImpl-ff0bea85-29d4-48e8-8c84-822e75daf04a/datanode-1/data-0/containers/hdds to VolumeSet
2023-09-21 17:49:18,213 [main] INFO  volume.MutableVolumeSet (MutableVolumeSet.java:initializeVolumeSet(173)) - Added Volume : /home/runner/work/ozone/ozone/hadoop-ozone/integration-test/target/test-dir/MiniOzoneClusterImpl-ff0bea85-29d4-48e8-8c84-822e75daf04a/datanode-1/data/ratis to VolumeSet
2023-09-21 17:49:18,233 [Thread-159] INFO  ozoneimpl.ContainerReader (ContainerReader.java:readVolume(177)) - Finish verifying containers on volume /home/runner/work/ozone/ozone/hadoop-ozone/integration-test/target/test-dir/MiniOzoneClusterImpl-ff0bea85-29d4-48e8-8c84-822e75daf04a/datanode-1/data-0/containers/hdds
2023-09-21 17:49:18,234 [main] INFO  ozoneimpl.OzoneContainer (OzoneContainer.java:buildContainerSet(314)) - Build ContainerSet costs 0s
2023-09-21 17:49:18,239 [main] INFO  server.RaftServer (ConfUtils.java:logGet(46)) - raft.rpc.type = GRPC (default)
2023-09-21 17:49:18,239 [main] INFO  grpc.GrpcConfigKeys (ConfUtils.java:logFallback(53)) - raft.grpc.admin.host = null (fallback to raft.grpc.server.host)
2023-09-21 17:49:18,239 [main] INFO  grpc.GrpcConfigKeys (ConfUtils.java:logGet(46)) - raft.grpc.admin.port = 15022 (custom)
2023-09-21 17:49:18,240 [main] INFO  grpc.GrpcConfigKeys (ConfUtils.java:logFallback(53)) - raft.grpc.client.host = null (fallback to raft.grpc.server.host)
2023-09-21 17:49:18,240 [main] INFO  grpc.GrpcConfigKeys (ConfUtils.java:logGet(46)) - raft.grpc.client.port = 15021 (custom)
2023-09-21 17:49:18,240 [main] INFO  grpc.GrpcConfigKeys (ConfUtils.java:logGet(46)) - raft.grpc.server.host = null (default)
2023-09-21 17:49:18,240 [main] INFO  grpc.GrpcConfigKeys (ConfUtils.java:logGet(46)) - raft.grpc.server.port = 15023 (custom)
2023-09-21 17:49:18,240 [main] INFO  server.GrpcService (ConfUtils.java:logGet(46)) - raft.grpc.message.size.max = 32MB (=33554432) (custom)
2023-09-21 17:49:18,241 [main] INFO  server.RaftServerConfigKeys (ConfUtils.java:logGet(46)) - raft.server.log.appender.buffer.byte-limit = 33554432 (custom)
2023-09-21 17:49:18,241 [main] INFO  server.GrpcService (ConfUtils.java:logGet(46)) - raft.grpc.flow.control.window = 5MB (=5242880) (custom)
2023-09-21 17:49:18,241 [main] INFO  server.RaftServerConfigKeys (ConfUtils.java:logGet(46)) - raft.server.rpc.request.timeout = 60s (custom)
2023-09-21 17:49:18,241 [main] INFO  grpc.GrpcConfigKeys (ConfUtils.java:logGet(46)) - raft.grpc.server.heartbeat.channel = true (default)
2023-09-21 17:49:18,243 [main] INFO  grpc.GrpcConfigKeys (ConfUtils.java:logGet(46)) - raft.grpc.server.async.request.thread.pool.cached = true (default)
2023-09-21 17:49:18,243 [main] INFO  grpc.GrpcConfigKeys (ConfUtils.java:logGet(46)) - raft.grpc.server.async.request.thread.pool.size = 32 (default)
2023-09-21 17:49:18,247 [main] INFO  impl.DataStreamServerImpl (ConfUtils.java:logGet(46)) - raft.datastream.type = NETTY (custom)
2023-09-21 17:49:18,248 [main] INFO  server.RaftServerConfigKeys (ConfUtils.java:logGet(46)) - raft.server.data-stream.async.request.thread.pool.cached = false (default)
2023-09-21 17:49:18,248 [main] INFO  server.RaftServerConfigKeys (ConfUtils.java:logGet(46)) - raft.server.data-stream.async.request.thread.pool.size = 20 (custom)
2023-09-21 17:49:18,248 [main] INFO  server.RaftServerConfigKeys (ConfUtils.java:logGet(46)) - raft.server.data-stream.async.write.thread.pool.size = 16 (default)
2023-09-21 17:49:18,248 [main] INFO  server.RaftServerConfigKeys (ConfUtils.java:logGet(46)) - raft.server.data-stream.client.pool.size = 10 (default)
2023-09-21 17:49:18,248 [main] INFO  netty.NettyConfigKeys$DataStream (ConfUtils.java:logGet(46)) - raft.netty.dataStream.server.use-epoll = false (default)
2023-09-21 17:49:18,249 [main] INFO  netty.NettyConfigKeys$DataStream (ConfUtils.java:logGet(46)) - raft.netty.dataStream.server.boss-group.size = 0 (default)
2023-09-21 17:49:18,249 [main] INFO  netty.NettyConfigKeys$DataStream (ConfUtils.java:logGet(46)) - raft.netty.dataStream.server.worker-group.size = 0 (default)
2023-09-21 17:49:18,250 [main] INFO  netty.NettyConfigKeys$DataStream (ConfUtils.java:logGet(46)) - raft.netty.dataStream.server.tls.conf = null (default)
2023-09-21 17:49:18,250 [main] INFO  netty.NettyConfigKeys$DataStream (ConfUtils.java:logGet(46)) - raft.netty.dataStream.host = null (default)
2023-09-21 17:49:18,250 [main] INFO  netty.NettyConfigKeys$DataStream (ConfUtils.java:logGet(46)) - raft.netty.dataStream.port = 15024 (custom)
2023-09-21 17:49:18,251 [main] INFO  server.RaftServerConfigKeys (ConfUtils.java:logGet(46)) - raft.server.threadpool.proxy.cached = true (default)
2023-09-21 17:49:18,251 [main] INFO  server.RaftServerConfigKeys (ConfUtils.java:logGet(46)) - raft.server.threadpool.proxy.size = 0 (default)
2023-09-21 17:49:18,251 [main] INFO  server.RaftServerConfigKeys (ConfUtils.java:logGet(46)) - raft.server.rpc.slowness.timeout = 300s (custom)
2023-09-21 17:49:18,251 [main] INFO  server.RaftServerConfigKeys (ConfUtils.java:logGet(46)) - raft.server.leaderelection.leader.step-down.wait-time = 10s (default)
2023-09-21 17:49:18,251 [main] INFO  server.RaftServerConfigKeys (ConfUtils.java:logGet(46)) - raft.server.storage.dir = [/home/runner/work/ozone/ozone/hadoop-ozone/integration-test/target/test-dir/MiniOzoneClusterImpl-ff0bea85-29d4-48e8-8c84-822e75daf04a/datanode-1/data/ratis] (custom)
2023-09-21 17:49:18,258 [30fcaee4-35e5-4526-9ec2-86d2b42bb6e9-NettyServerStreamRpc-bossGroup--thread1] INFO  logging.LoggingHandler (AbstractInternalLogger.java:log(148)) - [id: 0x616d1308] REGISTERED
2023-09-21 17:49:18,260 [30fcaee4-35e5-4526-9ec2-86d2b42bb6e9-impl-thread1] INFO  server.RaftServer (RaftServerProxy.java:initGroupDir(258)) - 30fcaee4-35e5-4526-9ec2-86d2b42bb6e9: found a subdirectory /home/runner/work/ozone/ozone/hadoop-ozone/integration-test/target/test-dir/MiniOzoneClusterImpl-ff0bea85-29d4-48e8-8c84-822e75daf04a/datanode-1/data/ratis/tmp
2023-09-21 17:49:18,260 [30fcaee4-35e5-4526-9ec2-86d2b42bb6e9-NettyServerStreamRpc-bossGroup--thread1] INFO  logging.LoggingHandler (AbstractInternalLogger.java:log(148)) - [id: 0x616d1308] BIND: 0.0.0.0/0.0.0.0:15024
2023-09-21 17:49:18,260 [30fcaee4-35e5-4526-9ec2-86d2b42bb6e9-NettyServerStreamRpc-bossGroup--thread1] INFO  logging.LoggingHandler (AbstractInternalLogger.java:log(148)) - [id: 0x616d1308, L:/0:0:0:0:0:0:0:0:15024] ACTIVE
2023-09-21 17:49:18,260 [30fcaee4-35e5-4526-9ec2-86d2b42bb6e9-impl-thread1] INFO  server.RaftServer (RaftServerProxy.java:initGroupDir(263)) - 30fcaee4-35e5-4526-9ec2-86d2b42bb6e9: The directory /home/runner/work/ozone/ozone/hadoop-ozone/integration-test/target/test-dir/MiniOzoneClusterImpl-ff0bea85-29d4-48e8-8c84-822e75daf04a/datanode-1/data/ratis/tmp is not a group directory; ignoring it. 
2023-09-21 17:49:18,261 [main] INFO  replication.ReplicationServer (ReplicationServer.java:<init>(83)) - Initializing replication server with thread count = 10 queue length = 4096
2023-09-21 17:49:18,262 [main] INFO  server.XceiverServerGrpc (XceiverServerGrpc.java:<init>(132)) - GrpcServer channel type EpollServerSocketChannel
2023-09-21 17:49:18,266 [main] INFO  replication.ReplicationSupervisor (ReplicationSupervisor.java:build(155)) - Initializing replication supervisor with thread count = 10
2023-09-21 17:49:18,266 [main] INFO  replication.ReplicationSupervisor (ReplicationSupervisor.java:nodeStateUpdated(307)) - Node state updated to IN_SERVICE, scaling executor pool size to 10
2023-09-21 17:49:18,277 [main] INFO  http.BaseHttpServer (BaseHttpServer.java:newHttpServer2BuilderForOzone(223)) - Starting Web-server for hddsDatanode at: http://0.0.0.0:15018
2023-09-21 17:49:18,277 [main] INFO  http.BaseHttpServer (BaseHttpServer.java:<init>(110)) - Hadoop Security Enabled: false Ozone Security Enabled: false Ozone HTTP Security Enabled: false 
2023-09-21 17:49:18,279 [main] WARN  server.AuthenticationFilter (AuthenticationFilter.java:constructSecretProvider(240)) - Unable to initialize FileSignerSecretProvider, falling back to use random secrets. Reason: Could not read signature secret file: /home/runner/hadoop-http-auth-signature-secret
2023-09-21 17:49:18,283 [main] INFO  http.HttpRequestLog (HttpRequestLog.java:getRequestLog(86)) - Http request log for http.requests.hddsDatanode is not defined
2023-09-21 17:49:18,284 [main] INFO  http.HttpServer2 (HttpServer2.java:addGlobalFilter(1031)) - Added global filter 'safety' (class=org.apache.hadoop.hdds.server.http.HttpServer2$QuotingInputFilter)
2023-09-21 17:49:18,286 [main] INFO  http.HttpServer2 (HttpServer2.java:addFilter(1007)) - Added filter static_user_filter (class=org.apache.hadoop.http.lib.StaticUserWebFilter$StaticUserFilter) to context hddsDatanode
2023-09-21 17:49:18,286 [main] INFO  http.HttpServer2 (HttpServer2.java:addFilter(1015)) - Added filter static_user_filter (class=org.apache.hadoop.http.lib.StaticUserWebFilter$StaticUserFilter) to context logs
2023-09-21 17:49:18,286 [main] INFO  http.HttpServer2 (HttpServer2.java:addFilter(1015)) - Added filter static_user_filter (class=org.apache.hadoop.http.lib.StaticUserWebFilter$StaticUserFilter) to context static
2023-09-21 17:49:18,287 [main] INFO  http.BaseHttpServer (BaseHttpServer.java:<init>(189)) - HTTP server of hddsDatanode uses base directory /home/runner/work/ozone/ozone/hadoop-ozone/integration-test/target/test-dir/MiniOzoneClusterImpl-ff0bea85-29d4-48e8-8c84-822e75daf04a/datanode-1/meta/webserver
2023-09-21 17:49:18,287 [main] INFO  http.HttpServer2 (HttpServer2.java:bindListener(1231)) - Jetty bound to port 15018
2023-09-21 17:49:18,289 [main] INFO  server.Server (Server.java:doStart(375)) - jetty-9.4.52.v20230823; built: 2023-08-23T19:29:37.669Z; git: abdcda73818a1a2c705da276edb0bf6581e7997e; jvm 1.8.0_382-b05
2023-09-21 17:49:18,310 [main] INFO  server.session (DefaultSessionIdManager.java:doStart(334)) - DefaultSessionIdManager workerName=node0
2023-09-21 17:49:18,310 [main] INFO  server.session (DefaultSessionIdManager.java:doStart(339)) - No SessionScavenger set, using defaults
2023-09-21 17:49:18,310 [main] INFO  server.session (HouseKeeper.java:startScavenging(132)) - node0 Scavenging every 660000ms
2023-09-21 17:49:18,311 [main] INFO  handler.ContextHandler (ContextHandler.java:doStart(921)) - Started o.e.j.s.ServletContextHandler@76bc765d{logs,/logs,file:///home/runner/work/ozone/ozone/hadoop-ozone/integration-test/target/log,AVAILABLE}
2023-09-21 17:49:18,312 [main] INFO  handler.ContextHandler (ContextHandler.java:doStart(921)) - Started o.e.j.s.ServletContextHandler@16af4a54{static,/static,jar:file:/home/runner/.m2/repository/org/apache/ozone/hdds-container-service/1.4.0-SNAPSHOT/hdds-container-service-1.4.0-SNAPSHOT.jar!/webapps/static,AVAILABLE}
2023-09-21 17:49:18,316 [om1@group-C5BA1605619E-StateMachineUpdater] INFO  ratis.OzoneManagerStateMachine (OzoneManagerStateMachine.java:notifyConfigurationChanged(202)) - Received Configuration change notification from Ratis. New Peer list:
[id: "om1"
address: "localhost:15007"
startupRole: FOLLOWER
]
2023-09-21 17:49:18,490 [Datanode State Machine Task Thread - 0] INFO  datanode.InitDatanodeState (InitDatanodeState.java:persistContainerDatanodeDetails(138)) - DatanodeDetails is persisted to /home/runner/work/ozone/ozone/hadoop-ozone/integration-test/target/test-dir/MiniOzoneClusterImpl-ff0bea85-29d4-48e8-8c84-822e75daf04a/datanode-0/meta/datanode.id
2023-09-21 17:49:18,603 [main] INFO  handler.ContextHandler (ContextHandler.java:doStart(921)) - Started o.e.j.w.WebAppContext@67968225{hddsDatanode,/,file:///home/runner/work/ozone/ozone/hadoop-ozone/integration-test/target/test-dir/MiniOzoneClusterImpl-ff0bea85-29d4-48e8-8c84-822e75daf04a/datanode-1/meta/webserver/jetty-0_0_0_0-15018-hdds-container-service-1_4_0-SNAPSHOT_jar-_-any-6174544982497405338/webapp/,AVAILABLE}{jar:file:/home/runner/.m2/repository/org/apache/ozone/hdds-container-service/1.4.0-SNAPSHOT/hdds-container-service-1.4.0-SNAPSHOT.jar!/webapps/hddsDatanode}
2023-09-21 17:49:18,604 [main] INFO  server.AbstractConnector (AbstractConnector.java:doStart(333)) - Started ServerConnector@69ade06d{HTTP/1.1, (http/1.1)}{0.0.0.0:15018}
2023-09-21 17:49:18,605 [main] INFO  server.Server (Server.java:doStart(415)) - Started @12045ms
2023-09-21 17:49:18,605 [main] WARN  impl.MetricsSystemImpl (MetricsSystemImpl.java:register(279)) - Sink prometheus already exists!
2023-09-21 17:49:18,607 [main] INFO  http.BaseHttpServer (BaseHttpServer.java:updateConnectorAddress(354)) - HTTP server of hddsDatanode listening at http://0.0.0.0:15018
2023-09-21 17:49:18,611 [main] INFO  ipc.CallQueueManager (CallQueueManager.java:<init>(90)) - Using callQueue: class java.util.concurrent.LinkedBlockingQueue, queueCapacity: 100, scheduler: class org.apache.hadoop.ipc.DefaultRpcScheduler, ipcBackoff: false.
2023-09-21 17:49:18,611 [main] INFO  ipc.Server (Server.java:<init>(1287)) - Listener at 0.0.0.0:15019
2023-09-21 17:49:18,614 [Socket Reader #1 for port 15019] INFO  ipc.Server (Server.java:run(1323)) - Starting Socket Reader #1 for port 15019
2023-09-21 17:49:18,621 [main] INFO  ozone.HddsDatanodeService (HddsDatanodeService.java:start(315)) - Datanode start with admins: [runner]
2023-09-21 17:49:18,622 [main] INFO  ozone.HddsDatanodeClientProtocolServer (HddsDatanodeClientProtocolServer.java:start(72)) - RPC server for Client /0.0.0.0:15019
2023-09-21 17:49:18,624 [IPC Server listener on 15019] INFO  ipc.Server (Server.java:run(1402)) - IPC Server listener on 15019: starting
2023-09-21 17:49:18,624 [IPC Server Responder] INFO  ipc.Server (Server.java:run(1562)) - IPC Server Responder: starting
2023-09-21 17:49:18,624 [Datanode State Machine Daemon Thread] INFO  statemachine.DatanodeStateMachine (DatanodeStateMachine.java:lambda$startDaemon$0(540)) - Ozone container server started.
2023-09-21 17:49:18,625 [main] WARN  impl.MetricRegistriesImpl (MetricRegistriesImpl.java:addReporterRegistration(111)) - New reporters are added after registries were created. Some metrics will be missing from the reporter. Please add reporter before adding any new registry.
2023-09-21 17:49:18,625 [main] WARN  impl.MetricRegistriesImpl (MetricRegistriesImpl.java:addReporterRegistration(111)) - New reporters are added after registries were created. Some metrics will be missing from the reporter. Please add reporter before adding any new registry.
2023-09-21 17:49:18,625 [main] INFO  impl.MetricsSystemImpl (MetricsSystemImpl.java:init(158)) - HddsDatanode metrics system started (again)
2023-09-21 17:49:18,650 [main] INFO  ozone.HddsDatanodeService (HddsDatanodeService.java:start(237)) - HddsDatanodeService host:fv-az259-227.nxnqhby4qkoexpon2s1bx5vqxg.dx.internal.cloudapp.net ip:10.1.0.8
2023-09-21 17:49:18,663 [Datanode State Machine Task Thread - 0] INFO  datanode.InitDatanodeState (InitDatanodeState.java:persistContainerDatanodeDetails(138)) - DatanodeDetails is persisted to /home/runner/work/ozone/ozone/hadoop-ozone/integration-test/target/test-dir/MiniOzoneClusterImpl-ff0bea85-29d4-48e8-8c84-822e75daf04a/datanode-1/meta/datanode.id
2023-09-21 17:49:18,685 [main] INFO  upgrade.AbstractLayoutVersionManager (AbstractLayoutVersionManager.java:init(83)) - Initializing Layout version manager with metadata layout = HADOOP_PRC_PORTS_IN_DATANODEDETAILS (version = 7), software layout = HADOOP_PRC_PORTS_IN_DATANODEDETAILS (version = 7)
2023-09-21 17:49:18,686 [main] INFO  statemachine.DatanodeStateMachine (DatanodeStateMachine.java:getEndPointTaskThreadPoolSize(284)) - Datanode State Machine Task Thread Pool size 2
2023-09-21 17:49:18,696 [main] INFO  volume.HddsVolume (HddsVolume.java:<init>(126)) - Creating HddsVolume: /home/runner/work/ozone/ozone/hadoop-ozone/integration-test/target/test-dir/MiniOzoneClusterImpl-ff0bea85-29d4-48e8-8c84-822e75daf04a/datanode-2/data-0/containers/hdds of storage type : DISK capacity : 9223372036854775807
2023-09-21 17:49:18,697 [main] INFO  volume.MutableVolumeSet (MutableVolumeSet.java:initializeVolumeSet(173)) - Added Volume : /home/runner/work/ozone/ozone/hadoop-ozone/integration-test/target/test-dir/MiniOzoneClusterImpl-ff0bea85-29d4-48e8-8c84-822e75daf04a/datanode-2/data-0/containers/hdds to VolumeSet
2023-09-21 17:49:18,699 [main] INFO  volume.MutableVolumeSet (MutableVolumeSet.java:initializeVolumeSet(173)) - Added Volume : /home/runner/work/ozone/ozone/hadoop-ozone/integration-test/target/test-dir/MiniOzoneClusterImpl-ff0bea85-29d4-48e8-8c84-822e75daf04a/datanode-2/data/ratis to VolumeSet
2023-09-21 17:49:18,705 [Thread-176] INFO  ozoneimpl.ContainerReader (ContainerReader.java:readVolume(177)) - Finish verifying containers on volume /home/runner/work/ozone/ozone/hadoop-ozone/integration-test/target/test-dir/MiniOzoneClusterImpl-ff0bea85-29d4-48e8-8c84-822e75daf04a/datanode-2/data-0/containers/hdds
2023-09-21 17:49:18,706 [main] INFO  ozoneimpl.OzoneContainer (OzoneContainer.java:buildContainerSet(314)) - Build ContainerSet costs 0s
2023-09-21 17:49:18,713 [main] INFO  server.RaftServer (ConfUtils.java:logGet(46)) - raft.rpc.type = GRPC (default)
2023-09-21 17:49:18,714 [main] INFO  grpc.GrpcConfigKeys (ConfUtils.java:logFallback(53)) - raft.grpc.admin.host = null (fallback to raft.grpc.server.host)
2023-09-21 17:49:18,714 [main] INFO  grpc.GrpcConfigKeys (ConfUtils.java:logGet(46)) - raft.grpc.admin.port = 15031 (custom)
2023-09-21 17:49:18,714 [main] INFO  grpc.GrpcConfigKeys (ConfUtils.java:logFallback(53)) - raft.grpc.client.host = null (fallback to raft.grpc.server.host)
2023-09-21 17:49:18,714 [main] INFO  grpc.GrpcConfigKeys (ConfUtils.java:logGet(46)) - raft.grpc.client.port = 15030 (custom)
2023-09-21 17:49:18,717 [main] INFO  grpc.GrpcConfigKeys (ConfUtils.java:logGet(46)) - raft.grpc.server.host = null (default)
2023-09-21 17:49:18,717 [main] INFO  grpc.GrpcConfigKeys (ConfUtils.java:logGet(46)) - raft.grpc.server.port = 15032 (custom)
2023-09-21 17:49:18,718 [main] INFO  server.GrpcService (ConfUtils.java:logGet(46)) - raft.grpc.message.size.max = 32MB (=33554432) (custom)
2023-09-21 17:49:18,719 [main] INFO  server.RaftServerConfigKeys (ConfUtils.java:logGet(46)) - raft.server.log.appender.buffer.byte-limit = 33554432 (custom)
2023-09-21 17:49:18,719 [main] INFO  server.GrpcService (ConfUtils.java:logGet(46)) - raft.grpc.flow.control.window = 5MB (=5242880) (custom)
2023-09-21 17:49:18,720 [main] INFO  server.RaftServerConfigKeys (ConfUtils.java:logGet(46)) - raft.server.rpc.request.timeout = 60s (custom)
2023-09-21 17:49:18,720 [main] INFO  grpc.GrpcConfigKeys (ConfUtils.java:logGet(46)) - raft.grpc.server.heartbeat.channel = true (default)
2023-09-21 17:49:18,721 [main] INFO  grpc.GrpcConfigKeys (ConfUtils.java:logGet(46)) - raft.grpc.server.async.request.thread.pool.cached = true (default)
2023-09-21 17:49:18,721 [main] INFO  grpc.GrpcConfigKeys (ConfUtils.java:logGet(46)) - raft.grpc.server.async.request.thread.pool.size = 32 (default)
2023-09-21 17:49:18,725 [main] INFO  impl.DataStreamServerImpl (ConfUtils.java:logGet(46)) - raft.datastream.type = NETTY (custom)
2023-09-21 17:49:18,726 [main] INFO  server.RaftServerConfigKeys (ConfUtils.java:logGet(46)) - raft.server.data-stream.async.request.thread.pool.cached = false (default)
2023-09-21 17:49:18,727 [main] INFO  server.RaftServerConfigKeys (ConfUtils.java:logGet(46)) - raft.server.data-stream.async.request.thread.pool.size = 20 (custom)
2023-09-21 17:49:18,727 [main] INFO  server.RaftServerConfigKeys (ConfUtils.java:logGet(46)) - raft.server.data-stream.async.write.thread.pool.size = 16 (default)
2023-09-21 17:49:18,727 [main] INFO  server.RaftServerConfigKeys (ConfUtils.java:logGet(46)) - raft.server.data-stream.client.pool.size = 10 (default)
2023-09-21 17:49:18,727 [main] INFO  netty.NettyConfigKeys$DataStream (ConfUtils.java:logGet(46)) - raft.netty.dataStream.server.use-epoll = false (default)
2023-09-21 17:49:18,728 [main] INFO  netty.NettyConfigKeys$DataStream (ConfUtils.java:logGet(46)) - raft.netty.dataStream.server.boss-group.size = 0 (default)
2023-09-21 17:49:18,729 [main] INFO  netty.NettyConfigKeys$DataStream (ConfUtils.java:logGet(46)) - raft.netty.dataStream.server.worker-group.size = 0 (default)
2023-09-21 17:49:18,729 [main] INFO  netty.NettyConfigKeys$DataStream (ConfUtils.java:logGet(46)) - raft.netty.dataStream.server.tls.conf = null (default)
2023-09-21 17:49:18,730 [main] INFO  netty.NettyConfigKeys$DataStream (ConfUtils.java:logGet(46)) - raft.netty.dataStream.host = null (default)
2023-09-21 17:49:18,731 [main] INFO  netty.NettyConfigKeys$DataStream (ConfUtils.java:logGet(46)) - raft.netty.dataStream.port = 15033 (custom)
2023-09-21 17:49:18,733 [main] INFO  server.RaftServerConfigKeys (ConfUtils.java:logGet(46)) - raft.server.threadpool.proxy.cached = true (default)
2023-09-21 17:49:18,733 [main] INFO  server.RaftServerConfigKeys (ConfUtils.java:logGet(46)) - raft.server.threadpool.proxy.size = 0 (default)
2023-09-21 17:49:18,734 [main] INFO  server.RaftServerConfigKeys (ConfUtils.java:logGet(46)) - raft.server.rpc.slowness.timeout = 300s (custom)
2023-09-21 17:49:18,734 [main] INFO  server.RaftServerConfigKeys (ConfUtils.java:logGet(46)) - raft.server.leaderelection.leader.step-down.wait-time = 10s (default)
2023-09-21 17:49:18,734 [main] INFO  server.RaftServerConfigKeys (ConfUtils.java:logGet(46)) - raft.server.storage.dir = [/home/runner/work/ozone/ozone/hadoop-ozone/integration-test/target/test-dir/MiniOzoneClusterImpl-ff0bea85-29d4-48e8-8c84-822e75daf04a/datanode-2/data/ratis] (custom)
2023-09-21 17:49:18,742 [a7b87587-f54c-4106-951c-2cd85865b718-impl-thread1] INFO  server.RaftServer (RaftServerProxy.java:initGroupDir(258)) - a7b87587-f54c-4106-951c-2cd85865b718: found a subdirectory /home/runner/work/ozone/ozone/hadoop-ozone/integration-test/target/test-dir/MiniOzoneClusterImpl-ff0bea85-29d4-48e8-8c84-822e75daf04a/datanode-2/data/ratis/tmp
2023-09-21 17:49:18,742 [a7b87587-f54c-4106-951c-2cd85865b718-NettyServerStreamRpc-bossGroup--thread1] INFO  logging.LoggingHandler (AbstractInternalLogger.java:log(148)) - [id: 0x1434a432] REGISTERED
2023-09-21 17:49:18,743 [a7b87587-f54c-4106-951c-2cd85865b718-NettyServerStreamRpc-bossGroup--thread1] INFO  logging.LoggingHandler (AbstractInternalLogger.java:log(148)) - [id: 0x1434a432] BIND: 0.0.0.0/0.0.0.0:15033
2023-09-21 17:49:18,743 [a7b87587-f54c-4106-951c-2cd85865b718-NettyServerStreamRpc-bossGroup--thread1] INFO  logging.LoggingHandler (AbstractInternalLogger.java:log(148)) - [id: 0x1434a432, L:/0:0:0:0:0:0:0:0:15033] ACTIVE
2023-09-21 17:49:18,742 [a7b87587-f54c-4106-951c-2cd85865b718-impl-thread1] INFO  server.RaftServer (RaftServerProxy.java:initGroupDir(263)) - a7b87587-f54c-4106-951c-2cd85865b718: The directory /home/runner/work/ozone/ozone/hadoop-ozone/integration-test/target/test-dir/MiniOzoneClusterImpl-ff0bea85-29d4-48e8-8c84-822e75daf04a/datanode-2/data/ratis/tmp is not a group directory; ignoring it. 
2023-09-21 17:49:18,744 [main] INFO  replication.ReplicationServer (ReplicationServer.java:<init>(83)) - Initializing replication server with thread count = 10 queue length = 4096
2023-09-21 17:49:18,747 [main] INFO  server.XceiverServerGrpc (XceiverServerGrpc.java:<init>(132)) - GrpcServer channel type EpollServerSocketChannel
2023-09-21 17:49:18,754 [main] INFO  replication.ReplicationSupervisor (ReplicationSupervisor.java:build(155)) - Initializing replication supervisor with thread count = 10
2023-09-21 17:49:18,754 [main] INFO  replication.ReplicationSupervisor (ReplicationSupervisor.java:nodeStateUpdated(307)) - Node state updated to IN_SERVICE, scaling executor pool size to 10
2023-09-21 17:49:18,762 [main] INFO  http.BaseHttpServer (BaseHttpServer.java:newHttpServer2BuilderForOzone(223)) - Starting Web-server for hddsDatanode at: http://0.0.0.0:15027
2023-09-21 17:49:18,762 [main] INFO  http.BaseHttpServer (BaseHttpServer.java:<init>(110)) - Hadoop Security Enabled: false Ozone Security Enabled: false Ozone HTTP Security Enabled: false 
2023-09-21 17:49:18,764 [main] WARN  server.AuthenticationFilter (AuthenticationFilter.java:constructSecretProvider(240)) - Unable to initialize FileSignerSecretProvider, falling back to use random secrets. Reason: Could not read signature secret file: /home/runner/hadoop-http-auth-signature-secret
2023-09-21 17:49:18,765 [main] INFO  http.HttpRequestLog (HttpRequestLog.java:getRequestLog(86)) - Http request log for http.requests.hddsDatanode is not defined
2023-09-21 17:49:18,771 [main] INFO  http.HttpServer2 (HttpServer2.java:addGlobalFilter(1031)) - Added global filter 'safety' (class=org.apache.hadoop.hdds.server.http.HttpServer2$QuotingInputFilter)
2023-09-21 17:49:18,772 [main] INFO  http.HttpServer2 (HttpServer2.java:addFilter(1007)) - Added filter static_user_filter (class=org.apache.hadoop.http.lib.StaticUserWebFilter$StaticUserFilter) to context hddsDatanode
2023-09-21 17:49:18,772 [main] INFO  http.HttpServer2 (HttpServer2.java:addFilter(1015)) - Added filter static_user_filter (class=org.apache.hadoop.http.lib.StaticUserWebFilter$StaticUserFilter) to context static
2023-09-21 17:49:18,773 [main] INFO  http.HttpServer2 (HttpServer2.java:addFilter(1015)) - Added filter static_user_filter (class=org.apache.hadoop.http.lib.StaticUserWebFilter$StaticUserFilter) to context logs
2023-09-21 17:49:18,774 [main] INFO  http.BaseHttpServer (BaseHttpServer.java:<init>(189)) - HTTP server of hddsDatanode uses base directory /home/runner/work/ozone/ozone/hadoop-ozone/integration-test/target/test-dir/MiniOzoneClusterImpl-ff0bea85-29d4-48e8-8c84-822e75daf04a/datanode-2/meta/webserver
2023-09-21 17:49:18,775 [main] INFO  http.HttpServer2 (HttpServer2.java:bindListener(1231)) - Jetty bound to port 15027
2023-09-21 17:49:18,775 [main] INFO  server.Server (Server.java:doStart(375)) - jetty-9.4.52.v20230823; built: 2023-08-23T19:29:37.669Z; git: abdcda73818a1a2c705da276edb0bf6581e7997e; jvm 1.8.0_382-b05
2023-09-21 17:49:18,782 [main] INFO  server.session (DefaultSessionIdManager.java:doStart(334)) - DefaultSessionIdManager workerName=node0
2023-09-21 17:49:18,782 [main] INFO  server.session (DefaultSessionIdManager.java:doStart(339)) - No SessionScavenger set, using defaults
2023-09-21 17:49:18,782 [main] INFO  server.session (HouseKeeper.java:startScavenging(132)) - node0 Scavenging every 660000ms
2023-09-21 17:49:18,783 [main] INFO  handler.ContextHandler (ContextHandler.java:doStart(921)) - Started o.e.j.s.ServletContextHandler@162d063b{logs,/logs,file:///home/runner/work/ozone/ozone/hadoop-ozone/integration-test/target/log,AVAILABLE}
2023-09-21 17:49:18,784 [main] INFO  handler.ContextHandler (ContextHandler.java:doStart(921)) - Started o.e.j.s.ServletContextHandler@6139285a{static,/static,jar:file:/home/runner/.m2/repository/org/apache/ozone/hdds-container-service/1.4.0-SNAPSHOT/hdds-container-service-1.4.0-SNAPSHOT.jar!/webapps/static,AVAILABLE}
2023-09-21 17:49:19,031 [main] INFO  handler.ContextHandler (ContextHandler.java:doStart(921)) - Started o.e.j.w.WebAppContext@3ddc5682{hddsDatanode,/,file:///home/runner/work/ozone/ozone/hadoop-ozone/integration-test/target/test-dir/MiniOzoneClusterImpl-ff0bea85-29d4-48e8-8c84-822e75daf04a/datanode-2/meta/webserver/jetty-0_0_0_0-15027-hdds-container-service-1_4_0-SNAPSHOT_jar-_-any-1813530437626350660/webapp/,AVAILABLE}{jar:file:/home/runner/.m2/repository/org/apache/ozone/hdds-container-service/1.4.0-SNAPSHOT/hdds-container-service-1.4.0-SNAPSHOT.jar!/webapps/hddsDatanode}
2023-09-21 17:49:19,033 [main] INFO  server.AbstractConnector (AbstractConnector.java:doStart(333)) - Started ServerConnector@1b74e55a{HTTP/1.1, (http/1.1)}{0.0.0.0:15027}
2023-09-21 17:49:19,033 [main] INFO  server.Server (Server.java:doStart(415)) - Started @12473ms
2023-09-21 17:49:19,033 [main] WARN  impl.MetricsSystemImpl (MetricsSystemImpl.java:register(279)) - Sink prometheus already exists!
2023-09-21 17:49:19,034 [main] INFO  http.BaseHttpServer (BaseHttpServer.java:updateConnectorAddress(354)) - HTTP server of hddsDatanode listening at http://0.0.0.0:15027
2023-09-21 17:49:19,034 [main] INFO  ipc.CallQueueManager (CallQueueManager.java:<init>(90)) - Using callQueue: class java.util.concurrent.LinkedBlockingQueue, queueCapacity: 100, scheduler: class org.apache.hadoop.ipc.DefaultRpcScheduler, ipcBackoff: false.
2023-09-21 17:49:19,035 [main] INFO  ipc.Server (Server.java:<init>(1287)) - Listener at 0.0.0.0:15028
2023-09-21 17:49:19,036 [Socket Reader #1 for port 15028] INFO  ipc.Server (Server.java:run(1323)) - Starting Socket Reader #1 for port 15028
2023-09-21 17:49:19,044 [main] INFO  ozone.HddsDatanodeService (HddsDatanodeService.java:start(315)) - Datanode start with admins: [runner]
2023-09-21 17:49:19,044 [main] INFO  ozone.HddsDatanodeClientProtocolServer (HddsDatanodeClientProtocolServer.java:start(72)) - RPC server for Client /0.0.0.0:15028
2023-09-21 17:49:19,045 [IPC Server Responder] INFO  ipc.Server (Server.java:run(1562)) - IPC Server Responder: starting
2023-09-21 17:49:19,050 [Datanode State Machine Daemon Thread] INFO  statemachine.DatanodeStateMachine (DatanodeStateMachine.java:lambda$startDaemon$0(540)) - Ozone container server started.
2023-09-21 17:49:19,051 [IPC Server listener on 15028] INFO  ipc.Server (Server.java:run(1402)) - IPC Server listener on 15028: starting
2023-09-21 17:49:19,051 [main] WARN  impl.MetricRegistriesImpl (MetricRegistriesImpl.java:addReporterRegistration(111)) - New reporters are added after registries were created. Some metrics will be missing from the reporter. Please add reporter before adding any new registry.
2023-09-21 17:49:19,051 [main] WARN  impl.MetricRegistriesImpl (MetricRegistriesImpl.java:addReporterRegistration(111)) - New reporters are added after registries were created. Some metrics will be missing from the reporter. Please add reporter before adding any new registry.
2023-09-21 17:49:19,051 [main] INFO  impl.MetricsSystemImpl (MetricsSystemImpl.java:init(158)) - HddsDatanode metrics system started (again)
2023-09-21 17:49:19,068 [main] INFO  ozone.HddsDatanodeService (HddsDatanodeService.java:start(237)) - HddsDatanodeService host:fv-az259-227.nxnqhby4qkoexpon2s1bx5vqxg.dx.internal.cloudapp.net ip:10.1.0.8
2023-09-21 17:49:19,088 [Datanode State Machine Task Thread - 0] INFO  datanode.InitDatanodeState (InitDatanodeState.java:persistContainerDatanodeDetails(138)) - DatanodeDetails is persisted to /home/runner/work/ozone/ozone/hadoop-ozone/integration-test/target/test-dir/MiniOzoneClusterImpl-ff0bea85-29d4-48e8-8c84-822e75daf04a/datanode-2/meta/datanode.id
2023-09-21 17:49:19,097 [main] INFO  upgrade.AbstractLayoutVersionManager (AbstractLayoutVersionManager.java:init(83)) - Initializing Layout version manager with metadata layout = HADOOP_PRC_PORTS_IN_DATANODEDETAILS (version = 7), software layout = HADOOP_PRC_PORTS_IN_DATANODEDETAILS (version = 7)
2023-09-21 17:49:19,098 [main] INFO  statemachine.DatanodeStateMachine (DatanodeStateMachine.java:getEndPointTaskThreadPoolSize(284)) - Datanode State Machine Task Thread Pool size 2
2023-09-21 17:49:19,101 [main] INFO  volume.HddsVolume (HddsVolume.java:<init>(126)) - Creating HddsVolume: /home/runner/work/ozone/ozone/hadoop-ozone/integration-test/target/test-dir/MiniOzoneClusterImpl-ff0bea85-29d4-48e8-8c84-822e75daf04a/datanode-3/data-0/containers/hdds of storage type : DISK capacity : 9223372036854775807
2023-09-21 17:49:19,101 [main] INFO  volume.MutableVolumeSet (MutableVolumeSet.java:initializeVolumeSet(173)) - Added Volume : /home/runner/work/ozone/ozone/hadoop-ozone/integration-test/target/test-dir/MiniOzoneClusterImpl-ff0bea85-29d4-48e8-8c84-822e75daf04a/datanode-3/data-0/containers/hdds to VolumeSet
2023-09-21 17:49:19,102 [main] INFO  volume.MutableVolumeSet (MutableVolumeSet.java:initializeVolumeSet(173)) - Added Volume : /home/runner/work/ozone/ozone/hadoop-ozone/integration-test/target/test-dir/MiniOzoneClusterImpl-ff0bea85-29d4-48e8-8c84-822e75daf04a/datanode-3/data/ratis to VolumeSet
2023-09-21 17:49:19,103 [Thread-193] INFO  ozoneimpl.ContainerReader (ContainerReader.java:readVolume(177)) - Finish verifying containers on volume /home/runner/work/ozone/ozone/hadoop-ozone/integration-test/target/test-dir/MiniOzoneClusterImpl-ff0bea85-29d4-48e8-8c84-822e75daf04a/datanode-3/data-0/containers/hdds
2023-09-21 17:49:19,103 [main] INFO  ozoneimpl.OzoneContainer (OzoneContainer.java:buildContainerSet(314)) - Build ContainerSet costs 0s
2023-09-21 17:49:19,107 [main] INFO  server.RaftServer (ConfUtils.java:logGet(46)) - raft.rpc.type = GRPC (default)
2023-09-21 17:49:19,107 [main] INFO  grpc.GrpcConfigKeys (ConfUtils.java:logFallback(53)) - raft.grpc.admin.host = null (fallback to raft.grpc.server.host)
2023-09-21 17:49:19,108 [main] INFO  grpc.GrpcConfigKeys (ConfUtils.java:logGet(46)) - raft.grpc.admin.port = 15040 (custom)
2023-09-21 17:49:19,108 [main] INFO  grpc.GrpcConfigKeys (ConfUtils.java:logFallback(53)) - raft.grpc.client.host = null (fallback to raft.grpc.server.host)
2023-09-21 17:49:19,108 [main] INFO  grpc.GrpcConfigKeys (ConfUtils.java:logGet(46)) - raft.grpc.client.port = 15039 (custom)
2023-09-21 17:49:19,108 [main] INFO  grpc.GrpcConfigKeys (ConfUtils.java:logGet(46)) - raft.grpc.server.host = null (default)
2023-09-21 17:49:19,108 [main] INFO  grpc.GrpcConfigKeys (ConfUtils.java:logGet(46)) - raft.grpc.server.port = 15041 (custom)
2023-09-21 17:49:19,109 [main] INFO  server.GrpcService (ConfUtils.java:logGet(46)) - raft.grpc.message.size.max = 32MB (=33554432) (custom)
2023-09-21 17:49:19,109 [main] INFO  server.RaftServerConfigKeys (ConfUtils.java:logGet(46)) - raft.server.log.appender.buffer.byte-limit = 33554432 (custom)
2023-09-21 17:49:19,109 [main] INFO  server.GrpcService (ConfUtils.java:logGet(46)) - raft.grpc.flow.control.window = 5MB (=5242880) (custom)
2023-09-21 17:49:19,109 [main] INFO  server.RaftServerConfigKeys (ConfUtils.java:logGet(46)) - raft.server.rpc.request.timeout = 60s (custom)
2023-09-21 17:49:19,109 [main] INFO  grpc.GrpcConfigKeys (ConfUtils.java:logGet(46)) - raft.grpc.server.heartbeat.channel = true (default)
2023-09-21 17:49:19,110 [main] INFO  grpc.GrpcConfigKeys (ConfUtils.java:logGet(46)) - raft.grpc.server.async.request.thread.pool.cached = true (default)
2023-09-21 17:49:19,110 [main] INFO  grpc.GrpcConfigKeys (ConfUtils.java:logGet(46)) - raft.grpc.server.async.request.thread.pool.size = 32 (default)
2023-09-21 17:49:19,113 [main] INFO  impl.DataStreamServerImpl (ConfUtils.java:logGet(46)) - raft.datastream.type = NETTY (custom)
2023-09-21 17:49:19,113 [main] INFO  server.RaftServerConfigKeys (ConfUtils.java:logGet(46)) - raft.server.data-stream.async.request.thread.pool.cached = false (default)
2023-09-21 17:49:19,114 [main] INFO  server.RaftServerConfigKeys (ConfUtils.java:logGet(46)) - raft.server.data-stream.async.request.thread.pool.size = 20 (custom)
2023-09-21 17:49:19,114 [main] INFO  server.RaftServerConfigKeys (ConfUtils.java:logGet(46)) - raft.server.data-stream.async.write.thread.pool.size = 16 (default)
2023-09-21 17:49:19,114 [main] INFO  server.RaftServerConfigKeys (ConfUtils.java:logGet(46)) - raft.server.data-stream.client.pool.size = 10 (default)
2023-09-21 17:49:19,114 [main] INFO  netty.NettyConfigKeys$DataStream (ConfUtils.java:logGet(46)) - raft.netty.dataStream.server.use-epoll = false (default)
2023-09-21 17:49:19,114 [main] INFO  netty.NettyConfigKeys$DataStream (ConfUtils.java:logGet(46)) - raft.netty.dataStream.server.boss-group.size = 0 (default)
2023-09-21 17:49:19,115 [main] INFO  netty.NettyConfigKeys$DataStream (ConfUtils.java:logGet(46)) - raft.netty.dataStream.server.worker-group.size = 0 (default)
2023-09-21 17:49:19,115 [main] INFO  netty.NettyConfigKeys$DataStream (ConfUtils.java:logGet(46)) - raft.netty.dataStream.server.tls.conf = null (default)
2023-09-21 17:49:19,115 [main] INFO  netty.NettyConfigKeys$DataStream (ConfUtils.java:logGet(46)) - raft.netty.dataStream.host = null (default)
2023-09-21 17:49:19,116 [main] INFO  netty.NettyConfigKeys$DataStream (ConfUtils.java:logGet(46)) - raft.netty.dataStream.port = 15042 (custom)
2023-09-21 17:49:19,116 [main] INFO  server.RaftServerConfigKeys (ConfUtils.java:logGet(46)) - raft.server.threadpool.proxy.cached = true (default)
2023-09-21 17:49:19,116 [main] INFO  server.RaftServerConfigKeys (ConfUtils.java:logGet(46)) - raft.server.threadpool.proxy.size = 0 (default)
2023-09-21 17:49:19,117 [main] INFO  server.RaftServerConfigKeys (ConfUtils.java:logGet(46)) - raft.server.rpc.slowness.timeout = 300s (custom)
2023-09-21 17:49:19,117 [main] INFO  server.RaftServerConfigKeys (ConfUtils.java:logGet(46)) - raft.server.leaderelection.leader.step-down.wait-time = 10s (default)
2023-09-21 17:49:19,117 [main] INFO  server.RaftServerConfigKeys (ConfUtils.java:logGet(46)) - raft.server.storage.dir = [/home/runner/work/ozone/ozone/hadoop-ozone/integration-test/target/test-dir/MiniOzoneClusterImpl-ff0bea85-29d4-48e8-8c84-822e75daf04a/datanode-3/data/ratis] (custom)
2023-09-21 17:49:19,119 [f0cbc5a3-adab-43bd-bf32-77ed31e5ad54-impl-thread1] INFO  server.RaftServer (RaftServerProxy.java:initGroupDir(258)) - f0cbc5a3-adab-43bd-bf32-77ed31e5ad54: found a subdirectory /home/runner/work/ozone/ozone/hadoop-ozone/integration-test/target/test-dir/MiniOzoneClusterImpl-ff0bea85-29d4-48e8-8c84-822e75daf04a/datanode-3/data/ratis/tmp
2023-09-21 17:49:19,119 [f0cbc5a3-adab-43bd-bf32-77ed31e5ad54-NettyServerStreamRpc-bossGroup--thread1] INFO  logging.LoggingHandler (AbstractInternalLogger.java:log(148)) - [id: 0x190282d7] REGISTERED
2023-09-21 17:49:19,119 [f0cbc5a3-adab-43bd-bf32-77ed31e5ad54-impl-thread1] INFO  server.RaftServer (RaftServerProxy.java:initGroupDir(263)) - f0cbc5a3-adab-43bd-bf32-77ed31e5ad54: The directory /home/runner/work/ozone/ozone/hadoop-ozone/integration-test/target/test-dir/MiniOzoneClusterImpl-ff0bea85-29d4-48e8-8c84-822e75daf04a/datanode-3/data/ratis/tmp is not a group directory; ignoring it. 
2023-09-21 17:49:19,119 [f0cbc5a3-adab-43bd-bf32-77ed31e5ad54-NettyServerStreamRpc-bossGroup--thread1] INFO  logging.LoggingHandler (AbstractInternalLogger.java:log(148)) - [id: 0x190282d7] BIND: 0.0.0.0/0.0.0.0:15042
2023-09-21 17:49:19,119 [main] INFO  replication.ReplicationServer (ReplicationServer.java:<init>(83)) - Initializing replication server with thread count = 10 queue length = 4096
2023-09-21 17:49:19,119 [f0cbc5a3-adab-43bd-bf32-77ed31e5ad54-NettyServerStreamRpc-bossGroup--thread1] INFO  logging.LoggingHandler (AbstractInternalLogger.java:log(148)) - [id: 0x190282d7, L:/0:0:0:0:0:0:0:0:15042] ACTIVE
2023-09-21 17:49:19,121 [main] INFO  server.XceiverServerGrpc (XceiverServerGrpc.java:<init>(132)) - GrpcServer channel type EpollServerSocketChannel
2023-09-21 17:49:19,123 [main] INFO  replication.ReplicationSupervisor (ReplicationSupervisor.java:build(155)) - Initializing replication supervisor with thread count = 10
2023-09-21 17:49:19,123 [main] INFO  replication.ReplicationSupervisor (ReplicationSupervisor.java:nodeStateUpdated(307)) - Node state updated to IN_SERVICE, scaling executor pool size to 10
2023-09-21 17:49:19,127 [main] INFO  http.BaseHttpServer (BaseHttpServer.java:newHttpServer2BuilderForOzone(223)) - Starting Web-server for hddsDatanode at: http://0.0.0.0:15036
2023-09-21 17:49:19,127 [main] INFO  http.BaseHttpServer (BaseHttpServer.java:<init>(110)) - Hadoop Security Enabled: false Ozone Security Enabled: false Ozone HTTP Security Enabled: false 
2023-09-21 17:49:19,129 [main] WARN  server.AuthenticationFilter (AuthenticationFilter.java:constructSecretProvider(240)) - Unable to initialize FileSignerSecretProvider, falling back to use random secrets. Reason: Could not read signature secret file: /home/runner/hadoop-http-auth-signature-secret
2023-09-21 17:49:19,129 [main] INFO  http.HttpRequestLog (HttpRequestLog.java:getRequestLog(86)) - Http request log for http.requests.hddsDatanode is not defined
2023-09-21 17:49:19,131 [main] INFO  http.HttpServer2 (HttpServer2.java:addGlobalFilter(1031)) - Added global filter 'safety' (class=org.apache.hadoop.hdds.server.http.HttpServer2$QuotingInputFilter)
2023-09-21 17:49:19,132 [main] INFO  http.HttpServer2 (HttpServer2.java:addFilter(1007)) - Added filter static_user_filter (class=org.apache.hadoop.http.lib.StaticUserWebFilter$StaticUserFilter) to context hddsDatanode
2023-09-21 17:49:19,132 [main] INFO  http.HttpServer2 (HttpServer2.java:addFilter(1015)) - Added filter static_user_filter (class=org.apache.hadoop.http.lib.StaticUserWebFilter$StaticUserFilter) to context logs
2023-09-21 17:49:19,133 [main] INFO  http.HttpServer2 (HttpServer2.java:addFilter(1015)) - Added filter static_user_filter (class=org.apache.hadoop.http.lib.StaticUserWebFilter$StaticUserFilter) to context static
2023-09-21 17:49:19,134 [main] INFO  http.BaseHttpServer (BaseHttpServer.java:<init>(189)) - HTTP server of hddsDatanode uses base directory /home/runner/work/ozone/ozone/hadoop-ozone/integration-test/target/test-dir/MiniOzoneClusterImpl-ff0bea85-29d4-48e8-8c84-822e75daf04a/datanode-3/meta/webserver
2023-09-21 17:49:19,135 [main] INFO  http.HttpServer2 (HttpServer2.java:bindListener(1231)) - Jetty bound to port 15036
2023-09-21 17:49:19,135 [main] INFO  server.Server (Server.java:doStart(375)) - jetty-9.4.52.v20230823; built: 2023-08-23T19:29:37.669Z; git: abdcda73818a1a2c705da276edb0bf6581e7997e; jvm 1.8.0_382-b05
2023-09-21 17:49:19,137 [main] INFO  server.session (DefaultSessionIdManager.java:doStart(334)) - DefaultSessionIdManager workerName=node0
2023-09-21 17:49:19,137 [main] INFO  server.session (DefaultSessionIdManager.java:doStart(339)) - No SessionScavenger set, using defaults
2023-09-21 17:49:19,137 [main] INFO  server.session (HouseKeeper.java:startScavenging(132)) - node0 Scavenging every 600000ms
2023-09-21 17:49:19,138 [main] INFO  handler.ContextHandler (ContextHandler.java:doStart(921)) - Started o.e.j.s.ServletContextHandler@60552827{logs,/logs,file:///home/runner/work/ozone/ozone/hadoop-ozone/integration-test/target/log,AVAILABLE}
2023-09-21 17:49:19,139 [main] INFO  handler.ContextHandler (ContextHandler.java:doStart(921)) - Started o.e.j.s.ServletContextHandler@71ee5b54{static,/static,jar:file:/home/runner/.m2/repository/org/apache/ozone/hdds-container-service/1.4.0-SNAPSHOT/hdds-container-service-1.4.0-SNAPSHOT.jar!/webapps/static,AVAILABLE}
2023-09-21 17:49:19,411 [main] INFO  handler.ContextHandler (ContextHandler.java:doStart(921)) - Started o.e.j.w.WebAppContext@5d811dad{hddsDatanode,/,file:///home/runner/work/ozone/ozone/hadoop-ozone/integration-test/target/test-dir/MiniOzoneClusterImpl-ff0bea85-29d4-48e8-8c84-822e75daf04a/datanode-3/meta/webserver/jetty-0_0_0_0-15036-hdds-container-service-1_4_0-SNAPSHOT_jar-_-any-8892775095157898066/webapp/,AVAILABLE}{jar:file:/home/runner/.m2/repository/org/apache/ozone/hdds-container-service/1.4.0-SNAPSHOT/hdds-container-service-1.4.0-SNAPSHOT.jar!/webapps/hddsDatanode}
2023-09-21 17:49:19,413 [main] INFO  server.AbstractConnector (AbstractConnector.java:doStart(333)) - Started ServerConnector@646bac23{HTTP/1.1, (http/1.1)}{0.0.0.0:15036}
2023-09-21 17:49:19,416 [main] INFO  server.Server (Server.java:doStart(415)) - Started @12856ms
2023-09-21 17:49:19,416 [main] WARN  impl.MetricsSystemImpl (MetricsSystemImpl.java:register(279)) - Sink prometheus already exists!
2023-09-21 17:49:19,417 [main] INFO  http.BaseHttpServer (BaseHttpServer.java:updateConnectorAddress(354)) - HTTP server of hddsDatanode listening at http://0.0.0.0:15036
2023-09-21 17:49:19,420 [main] INFO  ipc.CallQueueManager (CallQueueManager.java:<init>(90)) - Using callQueue: class java.util.concurrent.LinkedBlockingQueue, queueCapacity: 100, scheduler: class org.apache.hadoop.ipc.DefaultRpcScheduler, ipcBackoff: false.
2023-09-21 17:49:19,420 [main] INFO  ipc.Server (Server.java:<init>(1287)) - Listener at 0.0.0.0:15037
2023-09-21 17:49:19,421 [Socket Reader #1 for port 15037] INFO  ipc.Server (Server.java:run(1323)) - Starting Socket Reader #1 for port 15037
2023-09-21 17:49:19,431 [main] INFO  ozone.HddsDatanodeService (HddsDatanodeService.java:start(315)) - Datanode start with admins: [runner]
2023-09-21 17:49:19,431 [main] INFO  ozone.HddsDatanodeClientProtocolServer (HddsDatanodeClientProtocolServer.java:start(72)) - RPC server for Client /0.0.0.0:15037
2023-09-21 17:49:19,432 [IPC Server Responder] INFO  ipc.Server (Server.java:run(1562)) - IPC Server Responder: starting
2023-09-21 17:49:19,432 [IPC Server listener on 15037] INFO  ipc.Server (Server.java:run(1402)) - IPC Server listener on 15037: starting
2023-09-21 17:49:19,433 [main] WARN  impl.MetricRegistriesImpl (MetricRegistriesImpl.java:addReporterRegistration(111)) - New reporters are added after registries were created. Some metrics will be missing from the reporter. Please add reporter before adding any new registry.
2023-09-21 17:49:19,433 [Datanode State Machine Daemon Thread] INFO  statemachine.DatanodeStateMachine (DatanodeStateMachine.java:lambda$startDaemon$0(540)) - Ozone container server started.
2023-09-21 17:49:19,434 [main] WARN  impl.MetricRegistriesImpl (MetricRegistriesImpl.java:addReporterRegistration(111)) - New reporters are added after registries were created. Some metrics will be missing from the reporter. Please add reporter before adding any new registry.
2023-09-21 17:49:19,443 [main] INFO  impl.MetricsSystemImpl (MetricsSystemImpl.java:init(158)) - HddsDatanode metrics system started (again)
2023-09-21 17:49:19,471 [main] INFO  ozone.HddsDatanodeService (HddsDatanodeService.java:start(237)) - HddsDatanodeService host:fv-az259-227.nxnqhby4qkoexpon2s1bx5vqxg.dx.internal.cloudapp.net ip:10.1.0.8
2023-09-21 17:49:19,476 [Datanode State Machine Task Thread - 0] INFO  datanode.InitDatanodeState (InitDatanodeState.java:persistContainerDatanodeDetails(138)) - DatanodeDetails is persisted to /home/runner/work/ozone/ozone/hadoop-ozone/integration-test/target/test-dir/MiniOzoneClusterImpl-ff0bea85-29d4-48e8-8c84-822e75daf04a/datanode-3/meta/datanode.id
2023-09-21 17:49:19,505 [main] INFO  upgrade.AbstractLayoutVersionManager (AbstractLayoutVersionManager.java:init(83)) - Initializing Layout version manager with metadata layout = HADOOP_PRC_PORTS_IN_DATANODEDETAILS (version = 7), software layout = HADOOP_PRC_PORTS_IN_DATANODEDETAILS (version = 7)
2023-09-21 17:49:19,510 [main] INFO  statemachine.DatanodeStateMachine (DatanodeStateMachine.java:getEndPointTaskThreadPoolSize(284)) - Datanode State Machine Task Thread Pool size 2
2023-09-21 17:49:19,515 [main] INFO  volume.HddsVolume (HddsVolume.java:<init>(126)) - Creating HddsVolume: /home/runner/work/ozone/ozone/hadoop-ozone/integration-test/target/test-dir/MiniOzoneClusterImpl-ff0bea85-29d4-48e8-8c84-822e75daf04a/datanode-4/data-0/containers/hdds of storage type : DISK capacity : 9223372036854775807
2023-09-21 17:49:19,516 [main] INFO  volume.MutableVolumeSet (MutableVolumeSet.java:initializeVolumeSet(173)) - Added Volume : /home/runner/work/ozone/ozone/hadoop-ozone/integration-test/target/test-dir/MiniOzoneClusterImpl-ff0bea85-29d4-48e8-8c84-822e75daf04a/datanode-4/data-0/containers/hdds to VolumeSet
2023-09-21 17:49:19,517 [main] INFO  volume.MutableVolumeSet (MutableVolumeSet.java:initializeVolumeSet(173)) - Added Volume : /home/runner/work/ozone/ozone/hadoop-ozone/integration-test/target/test-dir/MiniOzoneClusterImpl-ff0bea85-29d4-48e8-8c84-822e75daf04a/datanode-4/data/ratis to VolumeSet
2023-09-21 17:49:19,519 [Thread-210] INFO  ozoneimpl.ContainerReader (ContainerReader.java:readVolume(177)) - Finish verifying containers on volume /home/runner/work/ozone/ozone/hadoop-ozone/integration-test/target/test-dir/MiniOzoneClusterImpl-ff0bea85-29d4-48e8-8c84-822e75daf04a/datanode-4/data-0/containers/hdds
2023-09-21 17:49:19,520 [main] INFO  ozoneimpl.OzoneContainer (OzoneContainer.java:buildContainerSet(314)) - Build ContainerSet costs 0s
2023-09-21 17:49:19,524 [main] INFO  server.RaftServer (ConfUtils.java:logGet(46)) - raft.rpc.type = GRPC (default)
2023-09-21 17:49:19,524 [main] INFO  grpc.GrpcConfigKeys (ConfUtils.java:logFallback(53)) - raft.grpc.admin.host = null (fallback to raft.grpc.server.host)
2023-09-21 17:49:19,525 [main] INFO  grpc.GrpcConfigKeys (ConfUtils.java:logGet(46)) - raft.grpc.admin.port = 15049 (custom)
2023-09-21 17:49:19,525 [main] INFO  grpc.GrpcConfigKeys (ConfUtils.java:logFallback(53)) - raft.grpc.client.host = null (fallback to raft.grpc.server.host)
2023-09-21 17:49:19,525 [main] INFO  grpc.GrpcConfigKeys (ConfUtils.java:logGet(46)) - raft.grpc.client.port = 15048 (custom)
2023-09-21 17:49:19,525 [main] INFO  grpc.GrpcConfigKeys (ConfUtils.java:logGet(46)) - raft.grpc.server.host = null (default)
2023-09-21 17:49:19,525 [main] INFO  grpc.GrpcConfigKeys (ConfUtils.java:logGet(46)) - raft.grpc.server.port = 15050 (custom)
2023-09-21 17:49:19,526 [main] INFO  server.GrpcService (ConfUtils.java:logGet(46)) - raft.grpc.message.size.max = 32MB (=33554432) (custom)
2023-09-21 17:49:19,526 [main] INFO  server.RaftServerConfigKeys (ConfUtils.java:logGet(46)) - raft.server.log.appender.buffer.byte-limit = 33554432 (custom)
2023-09-21 17:49:19,526 [main] INFO  server.GrpcService (ConfUtils.java:logGet(46)) - raft.grpc.flow.control.window = 5MB (=5242880) (custom)
2023-09-21 17:49:19,526 [main] INFO  server.RaftServerConfigKeys (ConfUtils.java:logGet(46)) - raft.server.rpc.request.timeout = 60s (custom)
2023-09-21 17:49:19,527 [main] INFO  grpc.GrpcConfigKeys (ConfUtils.java:logGet(46)) - raft.grpc.server.heartbeat.channel = true (default)
2023-09-21 17:49:19,527 [main] INFO  grpc.GrpcConfigKeys (ConfUtils.java:logGet(46)) - raft.grpc.server.async.request.thread.pool.cached = true (default)
2023-09-21 17:49:19,527 [main] INFO  grpc.GrpcConfigKeys (ConfUtils.java:logGet(46)) - raft.grpc.server.async.request.thread.pool.size = 32 (default)
2023-09-21 17:49:19,530 [main] INFO  impl.DataStreamServerImpl (ConfUtils.java:logGet(46)) - raft.datastream.type = NETTY (custom)
2023-09-21 17:49:19,531 [main] INFO  server.RaftServerConfigKeys (ConfUtils.java:logGet(46)) - raft.server.data-stream.async.request.thread.pool.cached = false (default)
2023-09-21 17:49:19,531 [main] INFO  server.RaftServerConfigKeys (ConfUtils.java:logGet(46)) - raft.server.data-stream.async.request.thread.pool.size = 20 (custom)
2023-09-21 17:49:19,531 [main] INFO  server.RaftServerConfigKeys (ConfUtils.java:logGet(46)) - raft.server.data-stream.async.write.thread.pool.size = 16 (default)
2023-09-21 17:49:19,531 [main] INFO  server.RaftServerConfigKeys (ConfUtils.java:logGet(46)) - raft.server.data-stream.client.pool.size = 10 (default)
2023-09-21 17:49:19,532 [main] INFO  netty.NettyConfigKeys$DataStream (ConfUtils.java:logGet(46)) - raft.netty.dataStream.server.use-epoll = false (default)
2023-09-21 17:49:19,532 [main] INFO  netty.NettyConfigKeys$DataStream (ConfUtils.java:logGet(46)) - raft.netty.dataStream.server.boss-group.size = 0 (default)
2023-09-21 17:49:19,532 [main] INFO  netty.NettyConfigKeys$DataStream (ConfUtils.java:logGet(46)) - raft.netty.dataStream.server.worker-group.size = 0 (default)
2023-09-21 17:49:19,533 [main] INFO  netty.NettyConfigKeys$DataStream (ConfUtils.java:logGet(46)) - raft.netty.dataStream.server.tls.conf = null (default)
2023-09-21 17:49:19,533 [main] INFO  netty.NettyConfigKeys$DataStream (ConfUtils.java:logGet(46)) - raft.netty.dataStream.host = null (default)
2023-09-21 17:49:19,534 [main] INFO  netty.NettyConfigKeys$DataStream (ConfUtils.java:logGet(46)) - raft.netty.dataStream.port = 15051 (custom)
2023-09-21 17:49:19,534 [main] INFO  server.RaftServerConfigKeys (ConfUtils.java:logGet(46)) - raft.server.threadpool.proxy.cached = true (default)
2023-09-21 17:49:19,534 [main] INFO  server.RaftServerConfigKeys (ConfUtils.java:logGet(46)) - raft.server.threadpool.proxy.size = 0 (default)
2023-09-21 17:49:19,535 [main] INFO  server.RaftServerConfigKeys (ConfUtils.java:logGet(46)) - raft.server.rpc.slowness.timeout = 300s (custom)
2023-09-21 17:49:19,535 [main] INFO  server.RaftServerConfigKeys (ConfUtils.java:logGet(46)) - raft.server.leaderelection.leader.step-down.wait-time = 10s (default)
2023-09-21 17:49:19,535 [main] INFO  server.RaftServerConfigKeys (ConfUtils.java:logGet(46)) - raft.server.storage.dir = [/home/runner/work/ozone/ozone/hadoop-ozone/integration-test/target/test-dir/MiniOzoneClusterImpl-ff0bea85-29d4-48e8-8c84-822e75daf04a/datanode-4/data/ratis] (custom)
2023-09-21 17:49:19,542 [0af77c8d-ae0f-44c2-a6ab-89a178552062-NettyServerStreamRpc-bossGroup--thread1] INFO  logging.LoggingHandler (AbstractInternalLogger.java:log(148)) - [id: 0x6b79e664] REGISTERED
2023-09-21 17:49:19,543 [0af77c8d-ae0f-44c2-a6ab-89a178552062-NettyServerStreamRpc-bossGroup--thread1] INFO  logging.LoggingHandler (AbstractInternalLogger.java:log(148)) - [id: 0x6b79e664] BIND: 0.0.0.0/0.0.0.0:15051
2023-09-21 17:49:19,543 [0af77c8d-ae0f-44c2-a6ab-89a178552062-impl-thread1] INFO  server.RaftServer (RaftServerProxy.java:initGroupDir(258)) - 0af77c8d-ae0f-44c2-a6ab-89a178552062: found a subdirectory /home/runner/work/ozone/ozone/hadoop-ozone/integration-test/target/test-dir/MiniOzoneClusterImpl-ff0bea85-29d4-48e8-8c84-822e75daf04a/datanode-4/data/ratis/tmp
2023-09-21 17:49:19,545 [0af77c8d-ae0f-44c2-a6ab-89a178552062-impl-thread1] INFO  server.RaftServer (RaftServerProxy.java:initGroupDir(263)) - 0af77c8d-ae0f-44c2-a6ab-89a178552062: The directory /home/runner/work/ozone/ozone/hadoop-ozone/integration-test/target/test-dir/MiniOzoneClusterImpl-ff0bea85-29d4-48e8-8c84-822e75daf04a/datanode-4/data/ratis/tmp is not a group directory; ignoring it. 
2023-09-21 17:49:19,545 [0af77c8d-ae0f-44c2-a6ab-89a178552062-NettyServerStreamRpc-bossGroup--thread1] INFO  logging.LoggingHandler (AbstractInternalLogger.java:log(148)) - [id: 0x6b79e664, L:/0:0:0:0:0:0:0:0:15051] ACTIVE
2023-09-21 17:49:19,546 [main] INFO  replication.ReplicationServer (ReplicationServer.java:<init>(83)) - Initializing replication server with thread count = 10 queue length = 4096
2023-09-21 17:49:19,548 [main] INFO  server.XceiverServerGrpc (XceiverServerGrpc.java:<init>(132)) - GrpcServer channel type EpollServerSocketChannel
2023-09-21 17:49:19,551 [main] INFO  replication.ReplicationSupervisor (ReplicationSupervisor.java:build(155)) - Initializing replication supervisor with thread count = 10
2023-09-21 17:49:19,551 [main] INFO  replication.ReplicationSupervisor (ReplicationSupervisor.java:nodeStateUpdated(307)) - Node state updated to IN_SERVICE, scaling executor pool size to 10
2023-09-21 17:49:19,555 [main] INFO  http.BaseHttpServer (BaseHttpServer.java:newHttpServer2BuilderForOzone(223)) - Starting Web-server for hddsDatanode at: http://0.0.0.0:15045
2023-09-21 17:49:19,555 [main] INFO  http.BaseHttpServer (BaseHttpServer.java:<init>(110)) - Hadoop Security Enabled: false Ozone Security Enabled: false Ozone HTTP Security Enabled: false 
2023-09-21 17:49:19,561 [main] WARN  server.AuthenticationFilter (AuthenticationFilter.java:constructSecretProvider(240)) - Unable to initialize FileSignerSecretProvider, falling back to use random secrets. Reason: Could not read signature secret file: /home/runner/hadoop-http-auth-signature-secret
2023-09-21 17:49:19,566 [main] INFO  http.HttpRequestLog (HttpRequestLog.java:getRequestLog(86)) - Http request log for http.requests.hddsDatanode is not defined
2023-09-21 17:49:19,567 [main] INFO  http.HttpServer2 (HttpServer2.java:addGlobalFilter(1031)) - Added global filter 'safety' (class=org.apache.hadoop.hdds.server.http.HttpServer2$QuotingInputFilter)
2023-09-21 17:49:19,568 [main] INFO  http.HttpServer2 (HttpServer2.java:addFilter(1007)) - Added filter static_user_filter (class=org.apache.hadoop.http.lib.StaticUserWebFilter$StaticUserFilter) to context hddsDatanode
2023-09-21 17:49:19,568 [main] INFO  http.HttpServer2 (HttpServer2.java:addFilter(1015)) - Added filter static_user_filter (class=org.apache.hadoop.http.lib.StaticUserWebFilter$StaticUserFilter) to context static
2023-09-21 17:49:19,568 [main] INFO  http.HttpServer2 (HttpServer2.java:addFilter(1015)) - Added filter static_user_filter (class=org.apache.hadoop.http.lib.StaticUserWebFilter$StaticUserFilter) to context logs
2023-09-21 17:49:19,569 [main] INFO  http.BaseHttpServer (BaseHttpServer.java:<init>(189)) - HTTP server of hddsDatanode uses base directory /home/runner/work/ozone/ozone/hadoop-ozone/integration-test/target/test-dir/MiniOzoneClusterImpl-ff0bea85-29d4-48e8-8c84-822e75daf04a/datanode-4/meta/webserver
2023-09-21 17:49:19,571 [main] INFO  http.HttpServer2 (HttpServer2.java:bindListener(1231)) - Jetty bound to port 15045
2023-09-21 17:49:19,571 [main] INFO  server.Server (Server.java:doStart(375)) - jetty-9.4.52.v20230823; built: 2023-08-23T19:29:37.669Z; git: abdcda73818a1a2c705da276edb0bf6581e7997e; jvm 1.8.0_382-b05
2023-09-21 17:49:19,580 [main] INFO  server.session (DefaultSessionIdManager.java:doStart(334)) - DefaultSessionIdManager workerName=node0
2023-09-21 17:49:19,580 [main] INFO  server.session (DefaultSessionIdManager.java:doStart(339)) - No SessionScavenger set, using defaults
2023-09-21 17:49:19,580 [main] INFO  server.session (HouseKeeper.java:startScavenging(132)) - node0 Scavenging every 660000ms
2023-09-21 17:49:19,581 [main] INFO  handler.ContextHandler (ContextHandler.java:doStart(921)) - Started o.e.j.s.ServletContextHandler@72e7986a{logs,/logs,file:///home/runner/work/ozone/ozone/hadoop-ozone/integration-test/target/log,AVAILABLE}
2023-09-21 17:49:19,582 [main] INFO  handler.ContextHandler (ContextHandler.java:doStart(921)) - Started o.e.j.s.ServletContextHandler@5c8b33bd{static,/static,jar:file:/home/runner/.m2/repository/org/apache/ozone/hdds-container-service/1.4.0-SNAPSHOT/hdds-container-service-1.4.0-SNAPSHOT.jar!/webapps/static,AVAILABLE}
2023-09-21 17:49:19,830 [main] INFO  handler.ContextHandler (ContextHandler.java:doStart(921)) - Started o.e.j.w.WebAppContext@c841ea3{hddsDatanode,/,file:///home/runner/work/ozone/ozone/hadoop-ozone/integration-test/target/test-dir/MiniOzoneClusterImpl-ff0bea85-29d4-48e8-8c84-822e75daf04a/datanode-4/meta/webserver/jetty-0_0_0_0-15045-hdds-container-service-1_4_0-SNAPSHOT_jar-_-any-8093290314127165707/webapp/,AVAILABLE}{jar:file:/home/runner/.m2/repository/org/apache/ozone/hdds-container-service/1.4.0-SNAPSHOT/hdds-container-service-1.4.0-SNAPSHOT.jar!/webapps/hddsDatanode}
2023-09-21 17:49:19,834 [main] INFO  server.AbstractConnector (AbstractConnector.java:doStart(333)) - Started ServerConnector@cbf7f90{HTTP/1.1, (http/1.1)}{0.0.0.0:15045}
2023-09-21 17:49:19,834 [main] INFO  server.Server (Server.java:doStart(415)) - Started @13274ms
2023-09-21 17:49:19,834 [main] WARN  impl.MetricsSystemImpl (MetricsSystemImpl.java:register(279)) - Sink prometheus already exists!
2023-09-21 17:49:19,835 [main] INFO  http.BaseHttpServer (BaseHttpServer.java:updateConnectorAddress(354)) - HTTP server of hddsDatanode listening at http://0.0.0.0:15045
2023-09-21 17:49:19,836 [main] INFO  ipc.CallQueueManager (CallQueueManager.java:<init>(90)) - Using callQueue: class java.util.concurrent.LinkedBlockingQueue, queueCapacity: 100, scheduler: class org.apache.hadoop.ipc.DefaultRpcScheduler, ipcBackoff: false.
2023-09-21 17:49:19,836 [main] INFO  ipc.Server (Server.java:<init>(1287)) - Listener at 0.0.0.0:15046
2023-09-21 17:49:19,837 [Socket Reader #1 for port 15046] INFO  ipc.Server (Server.java:run(1323)) - Starting Socket Reader #1 for port 15046
2023-09-21 17:49:19,841 [main] INFO  ozone.HddsDatanodeService (HddsDatanodeService.java:start(315)) - Datanode start with admins: [runner]
2023-09-21 17:49:19,841 [main] INFO  ozone.HddsDatanodeClientProtocolServer (HddsDatanodeClientProtocolServer.java:start(72)) - RPC server for Client /0.0.0.0:15046
2023-09-21 17:49:19,841 [IPC Server Responder] INFO  ipc.Server (Server.java:run(1562)) - IPC Server Responder: starting
2023-09-21 17:49:19,846 [IPC Server listener on 15046] INFO  ipc.Server (Server.java:run(1402)) - IPC Server listener on 15046: starting
2023-09-21 17:49:19,850 [Datanode State Machine Daemon Thread] INFO  statemachine.DatanodeStateMachine (DatanodeStateMachine.java:lambda$startDaemon$0(540)) - Ozone container server started.
2023-09-21 17:49:19,852 [main] INFO  ozone.MiniOzoneClusterImpl (MiniOzoneClusterImpl.java:lambda$waitForClusterToBeReady$0(229)) - Waiting for nodes to be ready. Got 0 of 5 DN Heartbeats.
2023-09-21 17:49:19,852 [main] INFO  ozone.MiniOzoneClusterImpl (MiniOzoneClusterImpl.java:lambda$waitForClusterToBeReady$0(232)) - Waiting for cluster to exit safe mode
2023-09-21 17:49:19,852 [main] INFO  ozone.MiniOzoneClusterImpl (MiniOzoneClusterImpl.java:lambda$waitForClusterToBeReady$0(234)) - SCM became leader
2023-09-21 17:49:19,858 [Datanode State Machine Task Thread - 0] INFO  datanode.InitDatanodeState (InitDatanodeState.java:persistContainerDatanodeDetails(138)) - DatanodeDetails is persisted to /home/runner/work/ozone/ozone/hadoop-ozone/integration-test/target/test-dir/MiniOzoneClusterImpl-ff0bea85-29d4-48e8-8c84-822e75daf04a/datanode-4/meta/datanode.id
2023-09-21 17:49:20,384 [EndpointStateMachine task thread for /0.0.0.0:15002 - 0 ] INFO  utils.DatanodeStoreCache (DatanodeStoreCache.java:addDB(66)) - Added db /home/runner/work/ozone/ozone/hadoop-ozone/integration-test/target/test-dir/MiniOzoneClusterImpl-ff0bea85-29d4-48e8-8c84-822e75daf04a/datanode-0/data-0/containers/hdds/ff0bea85-29d4-48e8-8c84-822e75daf04a/DS-3990fa5d-0424-4c87-9f4c-e6b4af7b1e33/container.db to cache
2023-09-21 17:49:20,384 [EndpointStateMachine task thread for /0.0.0.0:15002 - 0 ] INFO  volume.HddsVolume (HddsVolume.java:createDbStore(422)) - SchemaV3 db is created and loaded at /home/runner/work/ozone/ozone/hadoop-ozone/integration-test/target/test-dir/MiniOzoneClusterImpl-ff0bea85-29d4-48e8-8c84-822e75daf04a/datanode-0/data-0/containers/hdds/ff0bea85-29d4-48e8-8c84-822e75daf04a/DS-3990fa5d-0424-4c87-9f4c-e6b4af7b1e33/container.db for volume DS-3990fa5d-0424-4c87-9f4c-e6b4af7b1e33
2023-09-21 17:49:20,388 [EndpointStateMachine task thread for /0.0.0.0:15002 - 0 ] INFO  volume.ThrottledAsyncChecker (ThrottledAsyncChecker.java:schedule(141)) - Scheduling a check for /home/runner/work/ozone/ozone/hadoop-ozone/integration-test/target/test-dir/MiniOzoneClusterImpl-ff0bea85-29d4-48e8-8c84-822e75daf04a/datanode-0/data-0/containers/hdds
2023-09-21 17:49:20,415 [EndpointStateMachine task thread for /0.0.0.0:15002 - 0 ] INFO  volume.StorageVolumeChecker (StorageVolumeChecker.java:checkAllVolumes(213)) - Scheduled health check for volume /home/runner/work/ozone/ozone/hadoop-ozone/integration-test/target/test-dir/MiniOzoneClusterImpl-ff0bea85-29d4-48e8-8c84-822e75daf04a/datanode-0/data-0/containers/hdds
2023-09-21 17:49:20,418 [EndpointStateMachine task thread for /0.0.0.0:15002 - 0 ] INFO  volume.ThrottledAsyncChecker (ThrottledAsyncChecker.java:schedule(141)) - Scheduling a check for /home/runner/work/ozone/ozone/hadoop-ozone/integration-test/target/test-dir/MiniOzoneClusterImpl-ff0bea85-29d4-48e8-8c84-822e75daf04a/datanode-0/data/ratis
2023-09-21 17:49:20,418 [EndpointStateMachine task thread for /0.0.0.0:15002 - 0 ] INFO  volume.StorageVolumeChecker (StorageVolumeChecker.java:checkAllVolumes(213)) - Scheduled health check for volume /home/runner/work/ozone/ozone/hadoop-ozone/integration-test/target/test-dir/MiniOzoneClusterImpl-ff0bea85-29d4-48e8-8c84-822e75daf04a/datanode-0/data/ratis
2023-09-21 17:49:20,421 [EndpointStateMachine task thread for /0.0.0.0:15002 - 0 ] INFO  ozoneimpl.OzoneContainer (OzoneContainer.java:start(429)) - Attempting to start container services.
2023-09-21 17:49:20,425 [EndpointStateMachine task thread for /0.0.0.0:15002 - 0 ] INFO  ozoneimpl.OzoneContainer (OzoneContainer.java:startContainerScrub(325)) - Scheduled background container scanners and the on-demand container scanner have been disabled.
2023-09-21 17:49:20,427 [EndpointStateMachine task thread for /0.0.0.0:15002 - 0 ] INFO  replication.ReplicationServer (ReplicationServer.java:start(134)) - ReplicationServer is started using port 15016
2023-09-21 17:49:20,428 [EndpointStateMachine task thread for /0.0.0.0:15002 - 0 ] INFO  ratis.XceiverServerRatis (XceiverServerRatis.java:start(517)) - Starting XceiverServerRatis 0e5ca0ac-2c0a-4501-ade5-9887f0236797
2023-09-21 17:49:20,439 [EndpointStateMachine task thread for /0.0.0.0:15002 - 0 ] INFO  server.RaftServer (RaftServerProxy.java:startImpl(400)) - 0e5ca0ac-2c0a-4501-ade5-9887f0236797: start RPC server
2023-09-21 17:49:20,451 [EndpointStateMachine task thread for /0.0.0.0:15002 - 0 ] INFO  server.GrpcService (GrpcService.java:startImpl(302)) - 0e5ca0ac-2c0a-4501-ade5-9887f0236797: GrpcService started, listening on 15012
2023-09-21 17:49:20,454 [EndpointStateMachine task thread for /0.0.0.0:15002 - 0 ] INFO  server.GrpcService (GrpcService.java:startImpl(302)) - 0e5ca0ac-2c0a-4501-ade5-9887f0236797: GrpcService started, listening on 15014
2023-09-21 17:49:20,455 [EndpointStateMachine task thread for /0.0.0.0:15002 - 0 ] INFO  server.GrpcService (GrpcService.java:startImpl(302)) - 0e5ca0ac-2c0a-4501-ade5-9887f0236797: GrpcService started, listening on 15013
2023-09-21 17:49:20,459 [EndpointStateMachine task thread for /0.0.0.0:15002 - 0 ] INFO  ratis.XceiverServerRatis (XceiverServerRatis.java:getRealPort(543)) - XceiverServerRatis 0e5ca0ac-2c0a-4501-ade5-9887f0236797 is started using port 15012 for RATIS
2023-09-21 17:49:20,460 [EndpointStateMachine task thread for /0.0.0.0:15002 - 0 ] INFO  ratis.XceiverServerRatis (XceiverServerRatis.java:getRealPort(543)) - XceiverServerRatis 0e5ca0ac-2c0a-4501-ade5-9887f0236797 is started using port 15013 for RATIS_ADMIN
2023-09-21 17:49:20,460 [EndpointStateMachine task thread for /0.0.0.0:15002 - 0 ] INFO  ratis.XceiverServerRatis (XceiverServerRatis.java:getRealPort(543)) - XceiverServerRatis 0e5ca0ac-2c0a-4501-ade5-9887f0236797 is started using port 15014 for RATIS_SERVER
2023-09-21 17:49:20,460 [EndpointStateMachine task thread for /0.0.0.0:15002 - 0 ] INFO  ratis.XceiverServerRatis (XceiverServerRatis.java:getRealPort(543)) - XceiverServerRatis 0e5ca0ac-2c0a-4501-ade5-9887f0236797 is started using port 15015 for RATIS_DATASTREAM
2023-09-21 17:49:20,460 [JvmPauseMonitor2] INFO  util.JvmPauseMonitor (JvmPauseMonitor.java:run(103)) - JvmPauseMonitor-0e5ca0ac-2c0a-4501-ade5-9887f0236797: Started
2023-09-21 17:49:20,477 [BlockDeletingService#0] INFO  interfaces.ContainerDeletionChoosingPolicyTemplate (ContainerDeletionChoosingPolicyTemplate.java:chooseContainerForBlockDeletion(85)) - Chosen 0/5000 blocks from 0 candidate containers.
2023-09-21 17:49:20,703 [EndpointStateMachine task thread for /0.0.0.0:15002 - 0 ] INFO  utils.DatanodeStoreCache (DatanodeStoreCache.java:addDB(66)) - Added db /home/runner/work/ozone/ozone/hadoop-ozone/integration-test/target/test-dir/MiniOzoneClusterImpl-ff0bea85-29d4-48e8-8c84-822e75daf04a/datanode-1/data-0/containers/hdds/ff0bea85-29d4-48e8-8c84-822e75daf04a/DS-0048e93f-d72a-4658-83ca-1e5f72c294f9/container.db to cache
2023-09-21 17:49:20,703 [EndpointStateMachine task thread for /0.0.0.0:15002 - 0 ] INFO  volume.HddsVolume (HddsVolume.java:createDbStore(422)) - SchemaV3 db is created and loaded at /home/runner/work/ozone/ozone/hadoop-ozone/integration-test/target/test-dir/MiniOzoneClusterImpl-ff0bea85-29d4-48e8-8c84-822e75daf04a/datanode-1/data-0/containers/hdds/ff0bea85-29d4-48e8-8c84-822e75daf04a/DS-0048e93f-d72a-4658-83ca-1e5f72c294f9/container.db for volume DS-0048e93f-d72a-4658-83ca-1e5f72c294f9
2023-09-21 17:49:20,704 [EndpointStateMachine task thread for /0.0.0.0:15002 - 0 ] INFO  volume.ThrottledAsyncChecker (ThrottledAsyncChecker.java:schedule(141)) - Scheduling a check for /home/runner/work/ozone/ozone/hadoop-ozone/integration-test/target/test-dir/MiniOzoneClusterImpl-ff0bea85-29d4-48e8-8c84-822e75daf04a/datanode-1/data-0/containers/hdds
2023-09-21 17:49:20,710 [EndpointStateMachine task thread for /0.0.0.0:15002 - 0 ] INFO  volume.StorageVolumeChecker (StorageVolumeChecker.java:checkAllVolumes(213)) - Scheduled health check for volume /home/runner/work/ozone/ozone/hadoop-ozone/integration-test/target/test-dir/MiniOzoneClusterImpl-ff0bea85-29d4-48e8-8c84-822e75daf04a/datanode-1/data-0/containers/hdds
2023-09-21 17:49:20,716 [EndpointStateMachine task thread for /0.0.0.0:15002 - 0 ] INFO  volume.ThrottledAsyncChecker (ThrottledAsyncChecker.java:schedule(141)) - Scheduling a check for /home/runner/work/ozone/ozone/hadoop-ozone/integration-test/target/test-dir/MiniOzoneClusterImpl-ff0bea85-29d4-48e8-8c84-822e75daf04a/datanode-1/data/ratis
2023-09-21 17:49:20,716 [EndpointStateMachine task thread for /0.0.0.0:15002 - 0 ] INFO  volume.StorageVolumeChecker (StorageVolumeChecker.java:checkAllVolumes(213)) - Scheduled health check for volume /home/runner/work/ozone/ozone/hadoop-ozone/integration-test/target/test-dir/MiniOzoneClusterImpl-ff0bea85-29d4-48e8-8c84-822e75daf04a/datanode-1/data/ratis
2023-09-21 17:49:20,721 [EndpointStateMachine task thread for /0.0.0.0:15002 - 0 ] INFO  ozoneimpl.OzoneContainer (OzoneContainer.java:start(429)) - Attempting to start container services.
2023-09-21 17:49:20,721 [EndpointStateMachine task thread for /0.0.0.0:15002 - 0 ] INFO  ozoneimpl.OzoneContainer (OzoneContainer.java:startContainerScrub(325)) - Scheduled background container scanners and the on-demand container scanner have been disabled.
2023-09-21 17:49:20,724 [EndpointStateMachine task thread for /0.0.0.0:15002 - 0 ] INFO  replication.ReplicationServer (ReplicationServer.java:start(134)) - ReplicationServer is started using port 15025
2023-09-21 17:49:20,724 [EndpointStateMachine task thread for /0.0.0.0:15002 - 0 ] INFO  ratis.XceiverServerRatis (XceiverServerRatis.java:start(517)) - Starting XceiverServerRatis 30fcaee4-35e5-4526-9ec2-86d2b42bb6e9
2023-09-21 17:49:20,727 [EndpointStateMachine task thread for /0.0.0.0:15002 - 0 ] INFO  server.RaftServer (RaftServerProxy.java:startImpl(400)) - 30fcaee4-35e5-4526-9ec2-86d2b42bb6e9: start RPC server
2023-09-21 17:49:20,730 [EndpointStateMachine task thread for /0.0.0.0:15002 - 0 ] INFO  server.GrpcService (GrpcService.java:startImpl(302)) - 30fcaee4-35e5-4526-9ec2-86d2b42bb6e9: GrpcService started, listening on 15021
2023-09-21 17:49:20,732 [EndpointStateMachine task thread for /0.0.0.0:15002 - 0 ] INFO  server.GrpcService (GrpcService.java:startImpl(302)) - 30fcaee4-35e5-4526-9ec2-86d2b42bb6e9: GrpcService started, listening on 15023
2023-09-21 17:49:20,735 [EndpointStateMachine task thread for /0.0.0.0:15002 - 0 ] INFO  server.GrpcService (GrpcService.java:startImpl(302)) - 30fcaee4-35e5-4526-9ec2-86d2b42bb6e9: GrpcService started, listening on 15022
2023-09-21 17:49:20,735 [EndpointStateMachine task thread for /0.0.0.0:15002 - 0 ] INFO  ratis.XceiverServerRatis (XceiverServerRatis.java:getRealPort(543)) - XceiverServerRatis 30fcaee4-35e5-4526-9ec2-86d2b42bb6e9 is started using port 15021 for RATIS
2023-09-21 17:49:20,736 [EndpointStateMachine task thread for /0.0.0.0:15002 - 0 ] INFO  ratis.XceiverServerRatis (XceiverServerRatis.java:getRealPort(543)) - XceiverServerRatis 30fcaee4-35e5-4526-9ec2-86d2b42bb6e9 is started using port 15022 for RATIS_ADMIN
2023-09-21 17:49:20,736 [EndpointStateMachine task thread for /0.0.0.0:15002 - 0 ] INFO  ratis.XceiverServerRatis (XceiverServerRatis.java:getRealPort(543)) - XceiverServerRatis 30fcaee4-35e5-4526-9ec2-86d2b42bb6e9 is started using port 15023 for RATIS_SERVER
2023-09-21 17:49:20,736 [EndpointStateMachine task thread for /0.0.0.0:15002 - 0 ] INFO  ratis.XceiverServerRatis (XceiverServerRatis.java:getRealPort(543)) - XceiverServerRatis 30fcaee4-35e5-4526-9ec2-86d2b42bb6e9 is started using port 15024 for RATIS_DATASTREAM
2023-09-21 17:49:20,736 [JvmPauseMonitor3] INFO  util.JvmPauseMonitor (JvmPauseMonitor.java:run(103)) - JvmPauseMonitor-30fcaee4-35e5-4526-9ec2-86d2b42bb6e9: Started
2023-09-21 17:49:20,743 [BlockDeletingService#0] INFO  interfaces.ContainerDeletionChoosingPolicyTemplate (ContainerDeletionChoosingPolicyTemplate.java:chooseContainerForBlockDeletion(85)) - Chosen 0/5000 blocks from 0 candidate containers.
2023-09-21 17:49:20,853 [main] INFO  ozone.MiniOzoneClusterImpl (MiniOzoneClusterImpl.java:lambda$waitForClusterToBeReady$0(229)) - Waiting for nodes to be ready. Got 0 of 5 DN Heartbeats.
2023-09-21 17:49:20,853 [main] INFO  ozone.MiniOzoneClusterImpl (MiniOzoneClusterImpl.java:lambda$waitForClusterToBeReady$0(232)) - Waiting for cluster to exit safe mode
2023-09-21 17:49:20,853 [main] INFO  ozone.MiniOzoneClusterImpl (MiniOzoneClusterImpl.java:lambda$waitForClusterToBeReady$0(234)) - SCM became leader
2023-09-21 17:49:21,120 [EndpointStateMachine task thread for /0.0.0.0:15002 - 0 ] INFO  utils.DatanodeStoreCache (DatanodeStoreCache.java:addDB(66)) - Added db /home/runner/work/ozone/ozone/hadoop-ozone/integration-test/target/test-dir/MiniOzoneClusterImpl-ff0bea85-29d4-48e8-8c84-822e75daf04a/datanode-2/data-0/containers/hdds/ff0bea85-29d4-48e8-8c84-822e75daf04a/DS-04577388-2d5c-4023-9672-86d438b877f4/container.db to cache
2023-09-21 17:49:21,121 [EndpointStateMachine task thread for /0.0.0.0:15002 - 0 ] INFO  volume.HddsVolume (HddsVolume.java:createDbStore(422)) - SchemaV3 db is created and loaded at /home/runner/work/ozone/ozone/hadoop-ozone/integration-test/target/test-dir/MiniOzoneClusterImpl-ff0bea85-29d4-48e8-8c84-822e75daf04a/datanode-2/data-0/containers/hdds/ff0bea85-29d4-48e8-8c84-822e75daf04a/DS-04577388-2d5c-4023-9672-86d438b877f4/container.db for volume DS-04577388-2d5c-4023-9672-86d438b877f4
2023-09-21 17:49:21,122 [EndpointStateMachine task thread for /0.0.0.0:15002 - 0 ] INFO  volume.ThrottledAsyncChecker (ThrottledAsyncChecker.java:schedule(141)) - Scheduling a check for /home/runner/work/ozone/ozone/hadoop-ozone/integration-test/target/test-dir/MiniOzoneClusterImpl-ff0bea85-29d4-48e8-8c84-822e75daf04a/datanode-2/data-0/containers/hdds
2023-09-21 17:49:21,122 [EndpointStateMachine task thread for /0.0.0.0:15002 - 0 ] INFO  volume.StorageVolumeChecker (StorageVolumeChecker.java:checkAllVolumes(213)) - Scheduled health check for volume /home/runner/work/ozone/ozone/hadoop-ozone/integration-test/target/test-dir/MiniOzoneClusterImpl-ff0bea85-29d4-48e8-8c84-822e75daf04a/datanode-2/data-0/containers/hdds
2023-09-21 17:49:21,126 [EndpointStateMachine task thread for /0.0.0.0:15002 - 0 ] INFO  volume.ThrottledAsyncChecker (ThrottledAsyncChecker.java:schedule(141)) - Scheduling a check for /home/runner/work/ozone/ozone/hadoop-ozone/integration-test/target/test-dir/MiniOzoneClusterImpl-ff0bea85-29d4-48e8-8c84-822e75daf04a/datanode-2/data/ratis
2023-09-21 17:49:21,126 [EndpointStateMachine task thread for /0.0.0.0:15002 - 0 ] INFO  volume.StorageVolumeChecker (StorageVolumeChecker.java:checkAllVolumes(213)) - Scheduled health check for volume /home/runner/work/ozone/ozone/hadoop-ozone/integration-test/target/test-dir/MiniOzoneClusterImpl-ff0bea85-29d4-48e8-8c84-822e75daf04a/datanode-2/data/ratis
2023-09-21 17:49:21,127 [EndpointStateMachine task thread for /0.0.0.0:15002 - 0 ] INFO  ozoneimpl.OzoneContainer (OzoneContainer.java:start(429)) - Attempting to start container services.
2023-09-21 17:49:21,127 [EndpointStateMachine task thread for /0.0.0.0:15002 - 0 ] INFO  ozoneimpl.OzoneContainer (OzoneContainer.java:startContainerScrub(325)) - Scheduled background container scanners and the on-demand container scanner have been disabled.
2023-09-21 17:49:21,130 [EndpointStateMachine task thread for /0.0.0.0:15002 - 0 ] INFO  replication.ReplicationServer (ReplicationServer.java:start(134)) - ReplicationServer is started using port 15034
2023-09-21 17:49:21,130 [EndpointStateMachine task thread for /0.0.0.0:15002 - 0 ] INFO  ratis.XceiverServerRatis (XceiverServerRatis.java:start(517)) - Starting XceiverServerRatis a7b87587-f54c-4106-951c-2cd85865b718
2023-09-21 17:49:21,130 [EndpointStateMachine task thread for /0.0.0.0:15002 - 0 ] INFO  server.RaftServer (RaftServerProxy.java:startImpl(400)) - a7b87587-f54c-4106-951c-2cd85865b718: start RPC server
2023-09-21 17:49:21,139 [EndpointStateMachine task thread for /0.0.0.0:15002 - 0 ] INFO  server.GrpcService (GrpcService.java:startImpl(302)) - a7b87587-f54c-4106-951c-2cd85865b718: GrpcService started, listening on 15030
2023-09-21 17:49:21,141 [EndpointStateMachine task thread for /0.0.0.0:15002 - 0 ] INFO  server.GrpcService (GrpcService.java:startImpl(302)) - a7b87587-f54c-4106-951c-2cd85865b718: GrpcService started, listening on 15032
2023-09-21 17:49:21,143 [EndpointStateMachine task thread for /0.0.0.0:15002 - 0 ] INFO  server.GrpcService (GrpcService.java:startImpl(302)) - a7b87587-f54c-4106-951c-2cd85865b718: GrpcService started, listening on 15031
2023-09-21 17:49:21,145 [EndpointStateMachine task thread for /0.0.0.0:15002 - 0 ] INFO  ratis.XceiverServerRatis (XceiverServerRatis.java:getRealPort(543)) - XceiverServerRatis a7b87587-f54c-4106-951c-2cd85865b718 is started using port 15030 for RATIS
2023-09-21 17:49:21,145 [JvmPauseMonitor4] INFO  util.JvmPauseMonitor (JvmPauseMonitor.java:run(103)) - JvmPauseMonitor-a7b87587-f54c-4106-951c-2cd85865b718: Started
2023-09-21 17:49:21,145 [EndpointStateMachine task thread for /0.0.0.0:15002 - 0 ] INFO  ratis.XceiverServerRatis (XceiverServerRatis.java:getRealPort(543)) - XceiverServerRatis a7b87587-f54c-4106-951c-2cd85865b718 is started using port 15031 for RATIS_ADMIN
2023-09-21 17:49:21,145 [EndpointStateMachine task thread for /0.0.0.0:15002 - 0 ] INFO  ratis.XceiverServerRatis (XceiverServerRatis.java:getRealPort(543)) - XceiverServerRatis a7b87587-f54c-4106-951c-2cd85865b718 is started using port 15032 for RATIS_SERVER
2023-09-21 17:49:21,146 [EndpointStateMachine task thread for /0.0.0.0:15002 - 0 ] INFO  ratis.XceiverServerRatis (XceiverServerRatis.java:getRealPort(543)) - XceiverServerRatis a7b87587-f54c-4106-951c-2cd85865b718 is started using port 15033 for RATIS_DATASTREAM
2023-09-21 17:49:21,151 [BlockDeletingService#0] INFO  interfaces.ContainerDeletionChoosingPolicyTemplate (ContainerDeletionChoosingPolicyTemplate.java:chooseContainerForBlockDeletion(85)) - Chosen 0/5000 blocks from 0 candidate containers.
2023-09-21 17:49:21,513 [EndpointStateMachine task thread for /0.0.0.0:15002 - 0 ] INFO  utils.DatanodeStoreCache (DatanodeStoreCache.java:addDB(66)) - Added db /home/runner/work/ozone/ozone/hadoop-ozone/integration-test/target/test-dir/MiniOzoneClusterImpl-ff0bea85-29d4-48e8-8c84-822e75daf04a/datanode-3/data-0/containers/hdds/ff0bea85-29d4-48e8-8c84-822e75daf04a/DS-869372bd-8a37-4871-bfad-540a4d89da43/container.db to cache
2023-09-21 17:49:21,513 [EndpointStateMachine task thread for /0.0.0.0:15002 - 0 ] INFO  volume.HddsVolume (HddsVolume.java:createDbStore(422)) - SchemaV3 db is created and loaded at /home/runner/work/ozone/ozone/hadoop-ozone/integration-test/target/test-dir/MiniOzoneClusterImpl-ff0bea85-29d4-48e8-8c84-822e75daf04a/datanode-3/data-0/containers/hdds/ff0bea85-29d4-48e8-8c84-822e75daf04a/DS-869372bd-8a37-4871-bfad-540a4d89da43/container.db for volume DS-869372bd-8a37-4871-bfad-540a4d89da43
2023-09-21 17:49:21,514 [EndpointStateMachine task thread for /0.0.0.0:15002 - 0 ] INFO  volume.ThrottledAsyncChecker (ThrottledAsyncChecker.java:schedule(141)) - Scheduling a check for /home/runner/work/ozone/ozone/hadoop-ozone/integration-test/target/test-dir/MiniOzoneClusterImpl-ff0bea85-29d4-48e8-8c84-822e75daf04a/datanode-3/data-0/containers/hdds
2023-09-21 17:49:21,518 [EndpointStateMachine task thread for /0.0.0.0:15002 - 0 ] INFO  volume.StorageVolumeChecker (StorageVolumeChecker.java:checkAllVolumes(213)) - Scheduled health check for volume /home/runner/work/ozone/ozone/hadoop-ozone/integration-test/target/test-dir/MiniOzoneClusterImpl-ff0bea85-29d4-48e8-8c84-822e75daf04a/datanode-3/data-0/containers/hdds
2023-09-21 17:49:21,521 [EndpointStateMachine task thread for /0.0.0.0:15002 - 0 ] INFO  volume.ThrottledAsyncChecker (ThrottledAsyncChecker.java:schedule(141)) - Scheduling a check for /home/runner/work/ozone/ozone/hadoop-ozone/integration-test/target/test-dir/MiniOzoneClusterImpl-ff0bea85-29d4-48e8-8c84-822e75daf04a/datanode-3/data/ratis
2023-09-21 17:49:21,521 [EndpointStateMachine task thread for /0.0.0.0:15002 - 0 ] INFO  volume.StorageVolumeChecker (StorageVolumeChecker.java:checkAllVolumes(213)) - Scheduled health check for volume /home/runner/work/ozone/ozone/hadoop-ozone/integration-test/target/test-dir/MiniOzoneClusterImpl-ff0bea85-29d4-48e8-8c84-822e75daf04a/datanode-3/data/ratis
2023-09-21 17:49:21,522 [EndpointStateMachine task thread for /0.0.0.0:15002 - 0 ] INFO  ozoneimpl.OzoneContainer (OzoneContainer.java:start(429)) - Attempting to start container services.
2023-09-21 17:49:21,523 [EndpointStateMachine task thread for /0.0.0.0:15002 - 0 ] INFO  ozoneimpl.OzoneContainer (OzoneContainer.java:startContainerScrub(325)) - Scheduled background container scanners and the on-demand container scanner have been disabled.
2023-09-21 17:49:21,525 [EndpointStateMachine task thread for /0.0.0.0:15002 - 0 ] INFO  replication.ReplicationServer (ReplicationServer.java:start(134)) - ReplicationServer is started using port 15043
2023-09-21 17:49:21,525 [EndpointStateMachine task thread for /0.0.0.0:15002 - 0 ] INFO  ratis.XceiverServerRatis (XceiverServerRatis.java:start(517)) - Starting XceiverServerRatis f0cbc5a3-adab-43bd-bf32-77ed31e5ad54
2023-09-21 17:49:21,526 [EndpointStateMachine task thread for /0.0.0.0:15002 - 0 ] INFO  server.RaftServer (RaftServerProxy.java:startImpl(400)) - f0cbc5a3-adab-43bd-bf32-77ed31e5ad54: start RPC server
2023-09-21 17:49:21,528 [EndpointStateMachine task thread for /0.0.0.0:15002 - 0 ] INFO  server.GrpcService (GrpcService.java:startImpl(302)) - f0cbc5a3-adab-43bd-bf32-77ed31e5ad54: GrpcService started, listening on 15039
2023-09-21 17:49:21,531 [EndpointStateMachine task thread for /0.0.0.0:15002 - 0 ] INFO  server.GrpcService (GrpcService.java:startImpl(302)) - f0cbc5a3-adab-43bd-bf32-77ed31e5ad54: GrpcService started, listening on 15041
2023-09-21 17:49:21,535 [EndpointStateMachine task thread for /0.0.0.0:15002 - 0 ] INFO  server.GrpcService (GrpcService.java:startImpl(302)) - f0cbc5a3-adab-43bd-bf32-77ed31e5ad54: GrpcService started, listening on 15040
2023-09-21 17:49:21,535 [EndpointStateMachine task thread for /0.0.0.0:15002 - 0 ] INFO  ratis.XceiverServerRatis (XceiverServerRatis.java:getRealPort(543)) - XceiverServerRatis f0cbc5a3-adab-43bd-bf32-77ed31e5ad54 is started using port 15039 for RATIS
2023-09-21 17:49:21,536 [JvmPauseMonitor5] INFO  util.JvmPauseMonitor (JvmPauseMonitor.java:run(103)) - JvmPauseMonitor-f0cbc5a3-adab-43bd-bf32-77ed31e5ad54: Started
2023-09-21 17:49:21,536 [EndpointStateMachine task thread for /0.0.0.0:15002 - 0 ] INFO  ratis.XceiverServerRatis (XceiverServerRatis.java:getRealPort(543)) - XceiverServerRatis f0cbc5a3-adab-43bd-bf32-77ed31e5ad54 is started using port 15040 for RATIS_ADMIN
2023-09-21 17:49:21,536 [EndpointStateMachine task thread for /0.0.0.0:15002 - 0 ] INFO  ratis.XceiverServerRatis (XceiverServerRatis.java:getRealPort(543)) - XceiverServerRatis f0cbc5a3-adab-43bd-bf32-77ed31e5ad54 is started using port 15041 for RATIS_SERVER
2023-09-21 17:49:21,536 [EndpointStateMachine task thread for /0.0.0.0:15002 - 0 ] INFO  ratis.XceiverServerRatis (XceiverServerRatis.java:getRealPort(543)) - XceiverServerRatis f0cbc5a3-adab-43bd-bf32-77ed31e5ad54 is started using port 15042 for RATIS_DATASTREAM
2023-09-21 17:49:21,550 [BlockDeletingService#0] INFO  interfaces.ContainerDeletionChoosingPolicyTemplate (ContainerDeletionChoosingPolicyTemplate.java:chooseContainerForBlockDeletion(85)) - Chosen 0/5000 blocks from 0 candidate containers.
2023-09-21 17:49:21,853 [main] INFO  ozone.MiniOzoneClusterImpl (MiniOzoneClusterImpl.java:lambda$waitForClusterToBeReady$0(229)) - Waiting for nodes to be ready. Got 0 of 5 DN Heartbeats.
2023-09-21 17:49:21,854 [main] INFO  ozone.MiniOzoneClusterImpl (MiniOzoneClusterImpl.java:lambda$waitForClusterToBeReady$0(232)) - Waiting for cluster to exit safe mode
2023-09-21 17:49:21,854 [main] INFO  ozone.MiniOzoneClusterImpl (MiniOzoneClusterImpl.java:lambda$waitForClusterToBeReady$0(234)) - SCM became leader
2023-09-21 17:49:21,901 [EndpointStateMachine task thread for /0.0.0.0:15002 - 0 ] INFO  utils.DatanodeStoreCache (DatanodeStoreCache.java:addDB(66)) - Added db /home/runner/work/ozone/ozone/hadoop-ozone/integration-test/target/test-dir/MiniOzoneClusterImpl-ff0bea85-29d4-48e8-8c84-822e75daf04a/datanode-4/data-0/containers/hdds/ff0bea85-29d4-48e8-8c84-822e75daf04a/DS-43b716fd-75bd-4407-b79e-9f476805946f/container.db to cache
2023-09-21 17:49:21,902 [EndpointStateMachine task thread for /0.0.0.0:15002 - 0 ] INFO  volume.HddsVolume (HddsVolume.java:createDbStore(422)) - SchemaV3 db is created and loaded at /home/runner/work/ozone/ozone/hadoop-ozone/integration-test/target/test-dir/MiniOzoneClusterImpl-ff0bea85-29d4-48e8-8c84-822e75daf04a/datanode-4/data-0/containers/hdds/ff0bea85-29d4-48e8-8c84-822e75daf04a/DS-43b716fd-75bd-4407-b79e-9f476805946f/container.db for volume DS-43b716fd-75bd-4407-b79e-9f476805946f
2023-09-21 17:49:21,903 [EndpointStateMachine task thread for /0.0.0.0:15002 - 0 ] INFO  volume.ThrottledAsyncChecker (ThrottledAsyncChecker.java:schedule(141)) - Scheduling a check for /home/runner/work/ozone/ozone/hadoop-ozone/integration-test/target/test-dir/MiniOzoneClusterImpl-ff0bea85-29d4-48e8-8c84-822e75daf04a/datanode-4/data-0/containers/hdds
2023-09-21 17:49:21,904 [EndpointStateMachine task thread for /0.0.0.0:15002 - 0 ] INFO  volume.StorageVolumeChecker (StorageVolumeChecker.java:checkAllVolumes(213)) - Scheduled health check for volume /home/runner/work/ozone/ozone/hadoop-ozone/integration-test/target/test-dir/MiniOzoneClusterImpl-ff0bea85-29d4-48e8-8c84-822e75daf04a/datanode-4/data-0/containers/hdds
2023-09-21 17:49:21,907 [EndpointStateMachine task thread for /0.0.0.0:15002 - 0 ] INFO  volume.ThrottledAsyncChecker (ThrottledAsyncChecker.java:schedule(141)) - Scheduling a check for /home/runner/work/ozone/ozone/hadoop-ozone/integration-test/target/test-dir/MiniOzoneClusterImpl-ff0bea85-29d4-48e8-8c84-822e75daf04a/datanode-4/data/ratis
2023-09-21 17:49:21,907 [EndpointStateMachine task thread for /0.0.0.0:15002 - 0 ] INFO  volume.StorageVolumeChecker (StorageVolumeChecker.java:checkAllVolumes(213)) - Scheduled health check for volume /home/runner/work/ozone/ozone/hadoop-ozone/integration-test/target/test-dir/MiniOzoneClusterImpl-ff0bea85-29d4-48e8-8c84-822e75daf04a/datanode-4/data/ratis
2023-09-21 17:49:21,909 [EndpointStateMachine task thread for /0.0.0.0:15002 - 0 ] INFO  ozoneimpl.OzoneContainer (OzoneContainer.java:start(429)) - Attempting to start container services.
2023-09-21 17:49:21,909 [EndpointStateMachine task thread for /0.0.0.0:15002 - 0 ] INFO  ozoneimpl.OzoneContainer (OzoneContainer.java:startContainerScrub(325)) - Scheduled background container scanners and the on-demand container scanner have been disabled.
2023-09-21 17:49:21,911 [EndpointStateMachine task thread for /0.0.0.0:15002 - 0 ] INFO  replication.ReplicationServer (ReplicationServer.java:start(134)) - ReplicationServer is started using port 15052
2023-09-21 17:49:21,911 [EndpointStateMachine task thread for /0.0.0.0:15002 - 0 ] INFO  ratis.XceiverServerRatis (XceiverServerRatis.java:start(517)) - Starting XceiverServerRatis 0af77c8d-ae0f-44c2-a6ab-89a178552062
2023-09-21 17:49:21,912 [EndpointStateMachine task thread for /0.0.0.0:15002 - 0 ] INFO  server.RaftServer (RaftServerProxy.java:startImpl(400)) - 0af77c8d-ae0f-44c2-a6ab-89a178552062: start RPC server
2023-09-21 17:49:21,913 [EndpointStateMachine task thread for /0.0.0.0:15002 - 0 ] INFO  server.GrpcService (GrpcService.java:startImpl(302)) - 0af77c8d-ae0f-44c2-a6ab-89a178552062: GrpcService started, listening on 15048
2023-09-21 17:49:21,914 [EndpointStateMachine task thread for /0.0.0.0:15002 - 0 ] INFO  server.GrpcService (GrpcService.java:startImpl(302)) - 0af77c8d-ae0f-44c2-a6ab-89a178552062: GrpcService started, listening on 15050
2023-09-21 17:49:21,915 [EndpointStateMachine task thread for /0.0.0.0:15002 - 0 ] INFO  server.GrpcService (GrpcService.java:startImpl(302)) - 0af77c8d-ae0f-44c2-a6ab-89a178552062: GrpcService started, listening on 15049
2023-09-21 17:49:21,915 [EndpointStateMachine task thread for /0.0.0.0:15002 - 0 ] INFO  ratis.XceiverServerRatis (XceiverServerRatis.java:getRealPort(543)) - XceiverServerRatis 0af77c8d-ae0f-44c2-a6ab-89a178552062 is started using port 15048 for RATIS
2023-09-21 17:49:21,915 [JvmPauseMonitor6] INFO  util.JvmPauseMonitor (JvmPauseMonitor.java:run(103)) - JvmPauseMonitor-0af77c8d-ae0f-44c2-a6ab-89a178552062: Started
2023-09-21 17:49:21,915 [EndpointStateMachine task thread for /0.0.0.0:15002 - 0 ] INFO  ratis.XceiverServerRatis (XceiverServerRatis.java:getRealPort(543)) - XceiverServerRatis 0af77c8d-ae0f-44c2-a6ab-89a178552062 is started using port 15049 for RATIS_ADMIN
2023-09-21 17:49:21,916 [EndpointStateMachine task thread for /0.0.0.0:15002 - 0 ] INFO  ratis.XceiverServerRatis (XceiverServerRatis.java:getRealPort(543)) - XceiverServerRatis 0af77c8d-ae0f-44c2-a6ab-89a178552062 is started using port 15050 for RATIS_SERVER
2023-09-21 17:49:21,916 [EndpointStateMachine task thread for /0.0.0.0:15002 - 0 ] INFO  ratis.XceiverServerRatis (XceiverServerRatis.java:getRealPort(543)) - XceiverServerRatis 0af77c8d-ae0f-44c2-a6ab-89a178552062 is started using port 15051 for RATIS_DATASTREAM
2023-09-21 17:49:21,919 [BlockDeletingService#0] INFO  interfaces.ContainerDeletionChoosingPolicyTemplate (ContainerDeletionChoosingPolicyTemplate.java:chooseContainerForBlockDeletion(85)) - Chosen 0/5000 blocks from 0 candidate containers.
2023-09-21 17:49:22,219 [IPC Server handler 2 on default port 15002] INFO  net.NetworkTopologyImpl (NetworkTopologyImpl.java:add(112)) - Added a new node: /default-rack/0e5ca0ac-2c0a-4501-ade5-9887f0236797
2023-09-21 17:49:22,224 [IPC Server handler 2 on default port 15002] INFO  node.SCMNodeManager (SCMNodeManager.java:register(405)) - Registered Data node : 0e5ca0ac-2c0a-4501-ade5-9887f0236797{ip: 10.1.0.8, host: fv-az259-227.nxnqhby4qkoexpon2s1bx5vqxg.dx.internal.cloudapp.net, ports: [HTTP=15009, CLIENT_RPC=15010, REPLICATION=15016, RATIS=15012, RATIS_ADMIN=15013, RATIS_SERVER=15014, RATIS_DATASTREAM=15015, STANDALONE=15011], networkLocation: /default-rack, certSerialId: null, persistedOpState: null, persistedOpStateExpiryEpochSec: 0}
2023-09-21 17:49:22,233 [EventQueue-NodeRegistrationContainerReportForDataNodeSafeModeRule] INFO  safemode.SCMSafeModeManager (DataNodeSafeModeRule.java:process(71)) - SCM in safe mode. 1 DataNodes registered, 3 required.
2023-09-21 17:49:22,234 [EventQueue-NodeRegistrationContainerReportForContainerSafeModeRule] INFO  safemode.SCMSafeModeManager (SCMSafeModeManager.java:validateSafeModeExitRules(200)) - ContainerSafeModeRule rule is successfully validated
2023-09-21 17:49:22,235 [EventQueue-NewNodeForNewNodeHandler] INFO  pipeline.BackgroundPipelineCreator (BackgroundPipelineCreator.java:notifyEventTriggered(277)) - trigger a one-shot run on RatisPipelineUtilsThread.
2023-09-21 17:49:22,257 [EventQueue-PipelineReportForOneReplicaPipelineSafeModeRule] INFO  safemode.SCMSafeModeManager (SCMSafeModeManager.java:validateSafeModeExitRules(200)) - AtleastOneDatanodeReportedRule rule is successfully validated
2023-09-21 17:49:22,257 [RatisPipelineUtilsThread - 0] INFO  pipeline.RatisPipelineProvider (RatisPipelineProvider.java:lambda$create$0(206)) - Sending CreatePipelineCommand for pipeline:PipelineID=68ab24b3-b4e7-4ba6-849a-9c51634007c7 to datanode:0e5ca0ac-2c0a-4501-ade5-9887f0236797
2023-09-21 17:49:22,271 [RatisPipelineUtilsThread - 0] INFO  pipeline.BackgroundPipelineCreator (BackgroundPipelineCreator.java:createPipelines(233)) - Created new pipeline Pipeline[ Id: 68ab24b3-b4e7-4ba6-849a-9c51634007c7, Nodes: 0e5ca0ac-2c0a-4501-ade5-9887f0236797(fv-az259-227.nxnqhby4qkoexpon2s1bx5vqxg.dx.internal.cloudapp.net/10.1.0.8), ReplicationConfig: RATIS/ONE, State:ALLOCATED, leaderId:, CreationTimestamp2023-09-21T17:49:22.256Z[Etc/UTC]]
2023-09-21 17:49:22,654 [IPC Server handler 1 on default port 15002] INFO  net.NetworkTopologyImpl (NetworkTopologyImpl.java:add(112)) - Added a new node: /default-rack/30fcaee4-35e5-4526-9ec2-86d2b42bb6e9
2023-09-21 17:49:22,655 [IPC Server handler 1 on default port 15002] INFO  node.SCMNodeManager (SCMNodeManager.java:register(405)) - Registered Data node : 30fcaee4-35e5-4526-9ec2-86d2b42bb6e9{ip: 10.1.0.8, host: fv-az259-227.nxnqhby4qkoexpon2s1bx5vqxg.dx.internal.cloudapp.net, ports: [HTTP=15018, CLIENT_RPC=15019, REPLICATION=15025, RATIS=15021, RATIS_ADMIN=15022, RATIS_SERVER=15023, RATIS_DATASTREAM=15024, STANDALONE=15020], networkLocation: /default-rack, certSerialId: null, persistedOpState: null, persistedOpStateExpiryEpochSec: 0}
2023-09-21 17:49:22,656 [EventQueue-NewNodeForNewNodeHandler] INFO  pipeline.BackgroundPipelineCreator (BackgroundPipelineCreator.java:notifyEventTriggered(277)) - trigger a one-shot run on RatisPipelineUtilsThread.
2023-09-21 17:49:22,656 [EventQueue-NodeRegistrationContainerReportForDataNodeSafeModeRule] INFO  safemode.SCMSafeModeManager (DataNodeSafeModeRule.java:process(71)) - SCM in safe mode. 2 DataNodes registered, 3 required.
2023-09-21 17:49:22,657 [RatisPipelineUtilsThread - 0] INFO  pipeline.RatisPipelineProvider (RatisPipelineProvider.java:lambda$create$0(206)) - Sending CreatePipelineCommand for pipeline:PipelineID=1ad0722c-d448-469b-bd3a-f0c266240665 to datanode:30fcaee4-35e5-4526-9ec2-86d2b42bb6e9
2023-09-21 17:49:22,659 [RatisPipelineUtilsThread - 0] INFO  pipeline.BackgroundPipelineCreator (BackgroundPipelineCreator.java:createPipelines(233)) - Created new pipeline Pipeline[ Id: 1ad0722c-d448-469b-bd3a-f0c266240665, Nodes: 30fcaee4-35e5-4526-9ec2-86d2b42bb6e9(fv-az259-227.nxnqhby4qkoexpon2s1bx5vqxg.dx.internal.cloudapp.net/10.1.0.8), ReplicationConfig: RATIS/ONE, State:ALLOCATED, leaderId:, CreationTimestamp2023-09-21T17:49:22.657Z[Etc/UTC]]
2023-09-21 17:49:22,854 [main] INFO  ozone.MiniOzoneClusterImpl (MiniOzoneClusterImpl.java:lambda$waitForClusterToBeReady$0(229)) - Waiting for nodes to be ready. Got 2 of 5 DN Heartbeats.
2023-09-21 17:49:22,855 [main] INFO  ozone.MiniOzoneClusterImpl (MiniOzoneClusterImpl.java:lambda$waitForClusterToBeReady$0(232)) - Waiting for cluster to exit safe mode
2023-09-21 17:49:22,855 [main] INFO  ozone.MiniOzoneClusterImpl (MiniOzoneClusterImpl.java:lambda$waitForClusterToBeReady$0(234)) - SCM became leader
2023-09-21 17:49:23,070 [IPC Server handler 2 on default port 15002] INFO  net.NetworkTopologyImpl (NetworkTopologyImpl.java:add(112)) - Added a new node: /default-rack/a7b87587-f54c-4106-951c-2cd85865b718
2023-09-21 17:49:23,071 [IPC Server handler 2 on default port 15002] INFO  node.SCMNodeManager (SCMNodeManager.java:register(405)) - Registered Data node : a7b87587-f54c-4106-951c-2cd85865b718{ip: 10.1.0.8, host: fv-az259-227.nxnqhby4qkoexpon2s1bx5vqxg.dx.internal.cloudapp.net, ports: [HTTP=15027, CLIENT_RPC=15028, REPLICATION=15034, RATIS=15030, RATIS_ADMIN=15031, RATIS_SERVER=15032, RATIS_DATASTREAM=15033, STANDALONE=15029], networkLocation: /default-rack, certSerialId: null, persistedOpState: null, persistedOpStateExpiryEpochSec: 0}
2023-09-21 17:49:23,071 [EventQueue-NewNodeForNewNodeHandler] INFO  pipeline.BackgroundPipelineCreator (BackgroundPipelineCreator.java:notifyEventTriggered(277)) - trigger a one-shot run on RatisPipelineUtilsThread.
2023-09-21 17:49:23,073 [RatisPipelineUtilsThread - 0] INFO  pipeline.RatisPipelineProvider (RatisPipelineProvider.java:lambda$create$0(206)) - Sending CreatePipelineCommand for pipeline:PipelineID=b9becf6b-c7a4-4c89-b99a-0efe4f1c4ba6 to datanode:a7b87587-f54c-4106-951c-2cd85865b718
2023-09-21 17:49:23,078 [EventQueue-NodeRegistrationContainerReportForDataNodeSafeModeRule] INFO  safemode.SCMSafeModeManager (DataNodeSafeModeRule.java:process(71)) - SCM in safe mode. 3 DataNodes registered, 3 required.
2023-09-21 17:49:23,078 [EventQueue-NodeRegistrationContainerReportForDataNodeSafeModeRule] INFO  safemode.SCMSafeModeManager (SCMSafeModeManager.java:validateSafeModeExitRules(200)) - DataNodeSafeModeRule rule is successfully validated
2023-09-21 17:49:23,079 [EventQueue-NodeRegistrationContainerReportForDataNodeSafeModeRule] INFO  safemode.SCMSafeModeManager (SCMSafeModeManager.java:completePreCheck(229)) - All SCM safe mode pre check rules have passed
2023-09-21 17:49:23,079 [EventQueue-NodeRegistrationContainerReportForDataNodeSafeModeRule] INFO  ha.SCMContext (SCMContext.java:updateSafeModeStatus(228)) - Update SafeModeStatus from SafeModeStatus{safeModeStatus=true, preCheckPassed=false} to SafeModeStatus{safeModeStatus=true, preCheckPassed=true}.
2023-09-21 17:49:23,079 [EventQueue-NodeRegistrationContainerReportForDataNodeSafeModeRule] INFO  pipeline.BackgroundPipelineCreator (BackgroundPipelineCreator.java:notifyEventTriggered(277)) - trigger a one-shot run on RatisPipelineUtilsThread.
2023-09-21 17:49:23,079 [RatisPipelineUtilsThread - 0] INFO  pipeline.BackgroundPipelineCreator (BackgroundPipelineCreator.java:createPipelines(233)) - Created new pipeline Pipeline[ Id: b9becf6b-c7a4-4c89-b99a-0efe4f1c4ba6, Nodes: a7b87587-f54c-4106-951c-2cd85865b718(fv-az259-227.nxnqhby4qkoexpon2s1bx5vqxg.dx.internal.cloudapp.net/10.1.0.8), ReplicationConfig: RATIS/ONE, State:ALLOCATED, leaderId:, CreationTimestamp2023-09-21T17:49:23.073Z[Etc/UTC]]
2023-09-21 17:49:23,089 [RatisPipelineUtilsThread - 0] INFO  pipeline.RatisPipelineProvider (RatisPipelineProvider.java:lambda$create$0(206)) - Sending CreatePipelineCommand for pipeline:PipelineID=d9f83d70-d99c-42a8-8fa6-92ef5a1e58c4 to datanode:0e5ca0ac-2c0a-4501-ade5-9887f0236797
2023-09-21 17:49:23,091 [RatisPipelineUtilsThread - 0] INFO  pipeline.RatisPipelineProvider (RatisPipelineProvider.java:lambda$create$0(206)) - Sending CreatePipelineCommand for pipeline:PipelineID=d9f83d70-d99c-42a8-8fa6-92ef5a1e58c4 to datanode:a7b87587-f54c-4106-951c-2cd85865b718
2023-09-21 17:49:23,091 [RatisPipelineUtilsThread - 0] INFO  pipeline.RatisPipelineProvider (RatisPipelineProvider.java:lambda$create$0(206)) - Sending CreatePipelineCommand for pipeline:PipelineID=d9f83d70-d99c-42a8-8fa6-92ef5a1e58c4 to datanode:30fcaee4-35e5-4526-9ec2-86d2b42bb6e9
2023-09-21 17:49:23,096 [RatisPipelineUtilsThread - 0] INFO  pipeline.BackgroundPipelineCreator (BackgroundPipelineCreator.java:createPipelines(233)) - Created new pipeline Pipeline[ Id: d9f83d70-d99c-42a8-8fa6-92ef5a1e58c4, Nodes: 0e5ca0ac-2c0a-4501-ade5-9887f0236797(fv-az259-227.nxnqhby4qkoexpon2s1bx5vqxg.dx.internal.cloudapp.net/10.1.0.8)a7b87587-f54c-4106-951c-2cd85865b718(fv-az259-227.nxnqhby4qkoexpon2s1bx5vqxg.dx.internal.cloudapp.net/10.1.0.8)30fcaee4-35e5-4526-9ec2-86d2b42bb6e9(fv-az259-227.nxnqhby4qkoexpon2s1bx5vqxg.dx.internal.cloudapp.net/10.1.0.8), ReplicationConfig: RATIS/THREE, State:ALLOCATED, leaderId:, CreationTimestamp2023-09-21T17:49:23.089Z[Etc/UTC]]
2023-09-21 17:49:23,099 [RatisPipelineUtilsThread - 0] INFO  pipeline.RatisPipelineProvider (RatisPipelineProvider.java:lambda$create$0(206)) - Sending CreatePipelineCommand for pipeline:PipelineID=b3ab9323-66ae-4fb2-a3f5-c0b5db0f2f7a to datanode:0e5ca0ac-2c0a-4501-ade5-9887f0236797
2023-09-21 17:49:23,099 [RatisPipelineUtilsThread - 0] INFO  pipeline.RatisPipelineProvider (RatisPipelineProvider.java:lambda$create$0(206)) - Sending CreatePipelineCommand for pipeline:PipelineID=b3ab9323-66ae-4fb2-a3f5-c0b5db0f2f7a to datanode:a7b87587-f54c-4106-951c-2cd85865b718
2023-09-21 17:49:23,099 [RatisPipelineUtilsThread - 0] INFO  pipeline.RatisPipelineProvider (RatisPipelineProvider.java:lambda$create$0(206)) - Sending CreatePipelineCommand for pipeline:PipelineID=b3ab9323-66ae-4fb2-a3f5-c0b5db0f2f7a to datanode:30fcaee4-35e5-4526-9ec2-86d2b42bb6e9
2023-09-21 17:49:23,103 [RatisPipelineUtilsThread - 0] INFO  pipeline.PipelineManagerImpl (PipelineManagerImpl.java:recordMetricsForPipeline(895)) - Pipeline: PipelineID=b3ab9323-66ae-4fb2-a3f5-c0b5db0f2f7a contains same datanodes as previous pipelines: PipelineID=d9f83d70-d99c-42a8-8fa6-92ef5a1e58c4 nodeIds: 0e5ca0ac-2c0a-4501-ade5-9887f0236797, a7b87587-f54c-4106-951c-2cd85865b718, 30fcaee4-35e5-4526-9ec2-86d2b42bb6e9
2023-09-21 17:49:23,103 [RatisPipelineUtilsThread - 0] INFO  pipeline.BackgroundPipelineCreator (BackgroundPipelineCreator.java:createPipelines(233)) - Created new pipeline Pipeline[ Id: b3ab9323-66ae-4fb2-a3f5-c0b5db0f2f7a, Nodes: 0e5ca0ac-2c0a-4501-ade5-9887f0236797(fv-az259-227.nxnqhby4qkoexpon2s1bx5vqxg.dx.internal.cloudapp.net/10.1.0.8)a7b87587-f54c-4106-951c-2cd85865b718(fv-az259-227.nxnqhby4qkoexpon2s1bx5vqxg.dx.internal.cloudapp.net/10.1.0.8)30fcaee4-35e5-4526-9ec2-86d2b42bb6e9(fv-az259-227.nxnqhby4qkoexpon2s1bx5vqxg.dx.internal.cloudapp.net/10.1.0.8), ReplicationConfig: RATIS/THREE, State:ALLOCATED, leaderId:, CreationTimestamp2023-09-21T17:49:23.099Z[Etc/UTC]]
2023-09-21 17:49:23,464 [IPC Server handler 0 on default port 15002] INFO  net.NetworkTopologyImpl (NetworkTopologyImpl.java:add(112)) - Added a new node: /default-rack/f0cbc5a3-adab-43bd-bf32-77ed31e5ad54
2023-09-21 17:49:23,465 [IPC Server handler 0 on default port 15002] INFO  node.SCMNodeManager (SCMNodeManager.java:register(405)) - Registered Data node : f0cbc5a3-adab-43bd-bf32-77ed31e5ad54{ip: 10.1.0.8, host: fv-az259-227.nxnqhby4qkoexpon2s1bx5vqxg.dx.internal.cloudapp.net, ports: [HTTP=15036, CLIENT_RPC=15037, REPLICATION=15043, RATIS=15039, RATIS_ADMIN=15040, RATIS_SERVER=15041, RATIS_DATASTREAM=15042, STANDALONE=15038], networkLocation: /default-rack, certSerialId: null, persistedOpState: null, persistedOpStateExpiryEpochSec: 0}
2023-09-21 17:49:23,465 [EventQueue-NewNodeForNewNodeHandler] INFO  pipeline.BackgroundPipelineCreator (BackgroundPipelineCreator.java:notifyEventTriggered(277)) - trigger a one-shot run on RatisPipelineUtilsThread.
2023-09-21 17:49:23,467 [RatisPipelineUtilsThread - 0] INFO  pipeline.RatisPipelineProvider (RatisPipelineProvider.java:lambda$create$0(206)) - Sending CreatePipelineCommand for pipeline:PipelineID=74a9f029-060b-44bd-84f7-14a565bc799a to datanode:f0cbc5a3-adab-43bd-bf32-77ed31e5ad54
2023-09-21 17:49:23,471 [RatisPipelineUtilsThread - 0] INFO  pipeline.BackgroundPipelineCreator (BackgroundPipelineCreator.java:createPipelines(233)) - Created new pipeline Pipeline[ Id: 74a9f029-060b-44bd-84f7-14a565bc799a, Nodes: f0cbc5a3-adab-43bd-bf32-77ed31e5ad54(fv-az259-227.nxnqhby4qkoexpon2s1bx5vqxg.dx.internal.cloudapp.net/10.1.0.8), ReplicationConfig: RATIS/ONE, State:ALLOCATED, leaderId:, CreationTimestamp2023-09-21T17:49:23.467Z[Etc/UTC]]
2023-09-21 17:49:23,855 [main] INFO  ozone.MiniOzoneClusterImpl (MiniOzoneClusterImpl.java:lambda$waitForClusterToBeReady$0(229)) - Waiting for nodes to be ready. Got 4 of 5 DN Heartbeats.
2023-09-21 17:49:23,855 [main] INFO  ozone.MiniOzoneClusterImpl (MiniOzoneClusterImpl.java:lambda$waitForClusterToBeReady$0(232)) - Waiting for cluster to exit safe mode
2023-09-21 17:49:23,855 [main] INFO  ozone.MiniOzoneClusterImpl (MiniOzoneClusterImpl.java:lambda$waitForClusterToBeReady$0(234)) - SCM became leader
2023-09-21 17:49:23,857 [IPC Server handler 2 on default port 15002] INFO  net.NetworkTopologyImpl (NetworkTopologyImpl.java:add(112)) - Added a new node: /default-rack/0af77c8d-ae0f-44c2-a6ab-89a178552062
2023-09-21 17:49:23,858 [IPC Server handler 2 on default port 15002] INFO  node.SCMNodeManager (SCMNodeManager.java:register(405)) - Registered Data node : 0af77c8d-ae0f-44c2-a6ab-89a178552062{ip: 10.1.0.8, host: fv-az259-227.nxnqhby4qkoexpon2s1bx5vqxg.dx.internal.cloudapp.net, ports: [HTTP=15045, CLIENT_RPC=15046, REPLICATION=15052, RATIS=15048, RATIS_ADMIN=15049, RATIS_SERVER=15050, RATIS_DATASTREAM=15051, STANDALONE=15047], networkLocation: /default-rack, certSerialId: null, persistedOpState: null, persistedOpStateExpiryEpochSec: 0}
2023-09-21 17:49:23,859 [EventQueue-NewNodeForNewNodeHandler] INFO  pipeline.BackgroundPipelineCreator (BackgroundPipelineCreator.java:notifyEventTriggered(277)) - trigger a one-shot run on RatisPipelineUtilsThread.
2023-09-21 17:49:23,859 [RatisPipelineUtilsThread - 0] INFO  pipeline.RatisPipelineProvider (RatisPipelineProvider.java:lambda$create$0(206)) - Sending CreatePipelineCommand for pipeline:PipelineID=8c457331-8dfa-4194-8dd2-508367a3a0fd to datanode:0af77c8d-ae0f-44c2-a6ab-89a178552062
2023-09-21 17:49:23,862 [RatisPipelineUtilsThread - 0] INFO  pipeline.BackgroundPipelineCreator (BackgroundPipelineCreator.java:createPipelines(233)) - Created new pipeline Pipeline[ Id: 8c457331-8dfa-4194-8dd2-508367a3a0fd, Nodes: 0af77c8d-ae0f-44c2-a6ab-89a178552062(fv-az259-227.nxnqhby4qkoexpon2s1bx5vqxg.dx.internal.cloudapp.net/10.1.0.8), ReplicationConfig: RATIS/ONE, State:ALLOCATED, leaderId:, CreationTimestamp2023-09-21T17:49:23.859Z[Etc/UTC]]
2023-09-21 17:49:24,856 [main] INFO  ozone.MiniOzoneClusterImpl (MiniOzoneClusterImpl.java:lambda$waitForClusterToBeReady$0(229)) - Nodes are ready. Got 5 of 5 DN Heartbeats.
2023-09-21 17:49:24,856 [main] INFO  ozone.MiniOzoneClusterImpl (MiniOzoneClusterImpl.java:lambda$waitForClusterToBeReady$0(232)) - Waiting for cluster to exit safe mode
2023-09-21 17:49:24,856 [main] INFO  ozone.MiniOzoneClusterImpl (MiniOzoneClusterImpl.java:lambda$waitForClusterToBeReady$0(234)) - SCM became leader
2023-09-21 17:49:25,226 [PipelineCommandHandlerThread-0] INFO  server.RaftServer (RaftServerProxy.java:addNew(98)) - 0e5ca0ac-2c0a-4501-ade5-9887f0236797: addNew group-9C51634007C7:[0e5ca0ac-2c0a-4501-ade5-9887f0236797|rpc:10.1.0.8:15014|admin:10.1.0.8:15013|client:10.1.0.8:15012|dataStream:10.1.0.8:15015|priority:1|startupRole:FOLLOWER] returns group-9C51634007C7:java.util.concurrent.CompletableFuture@71103e0d[Not completed]
2023-09-21 17:49:25,245 [0e5ca0ac-2c0a-4501-ade5-9887f0236797-groupManagement] INFO  server.RaftServer$Division (RaftServerImpl.java:<init>(198)) - 0e5ca0ac-2c0a-4501-ade5-9887f0236797: new RaftServerImpl for group-9C51634007C7:[0e5ca0ac-2c0a-4501-ade5-9887f0236797|rpc:10.1.0.8:15014|admin:10.1.0.8:15013|client:10.1.0.8:15012|dataStream:10.1.0.8:15015|priority:1|startupRole:FOLLOWER] with ContainerStateMachine:uninitialized
2023-09-21 17:49:25,246 [0e5ca0ac-2c0a-4501-ade5-9887f0236797-groupManagement] INFO  server.RaftServerConfigKeys (ConfUtils.java:logGet(46)) - raft.server.rpc.timeout.min = 5s (custom)
2023-09-21 17:49:25,246 [0e5ca0ac-2c0a-4501-ade5-9887f0236797-groupManagement] INFO  server.RaftServerConfigKeys (ConfUtils.java:logGet(46)) - raft.server.rpc.timeout.max = 5200ms (custom)
2023-09-21 17:49:25,246 [0e5ca0ac-2c0a-4501-ade5-9887f0236797-groupManagement] INFO  server.RaftServerConfigKeys (ConfUtils.java:logGet(46)) - raft.server.rpc.sleep.time = 25ms (default)
2023-09-21 17:49:25,246 [0e5ca0ac-2c0a-4501-ade5-9887f0236797-groupManagement] INFO  server.RaftServerConfigKeys (ConfUtils.java:logGet(46)) - raft.server.rpc.slowness.timeout = 300s (custom)
2023-09-21 17:49:25,246 [0e5ca0ac-2c0a-4501-ade5-9887f0236797-groupManagement] INFO  server.RaftServerConfigKeys (ConfUtils.java:logGet(46)) - raft.server.leaderelection.leader.step-down.wait-time = 10s (default)
2023-09-21 17:49:25,246 [0e5ca0ac-2c0a-4501-ade5-9887f0236797-groupManagement] INFO  server.RaftServerConfigKeys (ConfUtils.java:logGet(46)) - raft.server.sleep.deviation.threshold = 300ms (default)
2023-09-21 17:49:25,246 [0e5ca0ac-2c0a-4501-ade5-9887f0236797-groupManagement] INFO  server.RaftServer$Division (ServerState.java:<init>(120)) - 0e5ca0ac-2c0a-4501-ade5-9887f0236797@group-9C51634007C7: ConfigurationManager, init=-1: peers:[0e5ca0ac-2c0a-4501-ade5-9887f0236797|rpc:10.1.0.8:15014|admin:10.1.0.8:15013|client:10.1.0.8:15012|dataStream:10.1.0.8:15015|priority:1|startupRole:FOLLOWER]|listeners:[], old=null, confs=<EMPTY_MAP>
2023-09-21 17:49:25,247 [0e5ca0ac-2c0a-4501-ade5-9887f0236797-groupManagement] INFO  server.RaftServerConfigKeys (ConfUtils.java:logGet(46)) - raft.server.storage.dir = [/home/runner/work/ozone/ozone/hadoop-ozone/integration-test/target/test-dir/MiniOzoneClusterImpl-ff0bea85-29d4-48e8-8c84-822e75daf04a/datanode-0/data/ratis] (custom)
2023-09-21 17:49:25,247 [0e5ca0ac-2c0a-4501-ade5-9887f0236797-groupManagement] INFO  server.RaftServerConfigKeys (ConfUtils.java:logGet(46)) - raft.server.log.corruption.policy = EXCEPTION (default)
2023-09-21 17:49:25,247 [0e5ca0ac-2c0a-4501-ade5-9887f0236797-groupManagement] INFO  server.RaftServerConfigKeys (ConfUtils.java:logGet(46)) - raft.server.storage.free-space.min = 0MB (=0) (default)
2023-09-21 17:49:25,247 [0e5ca0ac-2c0a-4501-ade5-9887f0236797-groupManagement] INFO  server.RaftServerConfigKeys (ConfUtils.java:logGet(46)) - raft.server.notification.no-leader.timeout = 300s (custom)
2023-09-21 17:49:25,247 [0e5ca0ac-2c0a-4501-ade5-9887f0236797-groupManagement] INFO  server.RaftServerConfigKeys (ConfUtils.java:logGet(46)) - raft.server.read.timeout = 10s (default)
2023-09-21 17:49:25,248 [0e5ca0ac-2c0a-4501-ade5-9887f0236797-groupManagement] INFO  server.RaftServerConfigKeys (ConfUtils.java:logGet(46)) - raft.server.retrycache.expirytime = 600000ms (custom)
2023-09-21 17:49:25,248 [0e5ca0ac-2c0a-4501-ade5-9887f0236797-groupManagement] INFO  server.RaftServerConfigKeys (ConfUtils.java:logGet(46)) - raft.server.retrycache.statistics.expirytime = 100μs (default)
2023-09-21 17:49:25,248 [0e5ca0ac-2c0a-4501-ade5-9887f0236797-groupManagement] INFO  server.RaftServerConfigKeys (ConfUtils.java:logGet(46)) - raft.server.read.option = DEFAULT (default)
2023-09-21 17:49:25,251 [0e5ca0ac-2c0a-4501-ade5-9887f0236797-groupManagement] INFO  server.RaftServerConfigKeys (ConfUtils.java:logGet(46)) - raft.server.rpc.request.timeout = 60s (custom)
2023-09-21 17:49:25,252 [0e5ca0ac-2c0a-4501-ade5-9887f0236797-groupManagement] INFO  server.RaftServerConfigKeys (ConfUtils.java:logGet(46)) - raft.server.log.appender.install.snapshot.enabled = false (custom)
2023-09-21 17:49:25,252 [0e5ca0ac-2c0a-4501-ade5-9887f0236797-groupManagement] INFO  server.RaftServerConfigKeys (ConfUtils.java:logGet(46)) - raft.server.threadpool.server.cached = true (default)
2023-09-21 17:49:25,252 [0e5ca0ac-2c0a-4501-ade5-9887f0236797-groupManagement] INFO  server.RaftServerConfigKeys (ConfUtils.java:logGet(46)) - raft.server.threadpool.server.size = 0 (default)
2023-09-21 17:49:25,252 [0e5ca0ac-2c0a-4501-ade5-9887f0236797-groupManagement] INFO  server.RaftServerConfigKeys (ConfUtils.java:logGet(46)) - raft.server.threadpool.client.cached = true (default)
2023-09-21 17:49:25,252 [0e5ca0ac-2c0a-4501-ade5-9887f0236797-groupManagement] INFO  server.RaftServerConfigKeys (ConfUtils.java:logGet(46)) - raft.server.threadpool.client.size = 0 (default)
2023-09-21 17:49:25,252 [0e5ca0ac-2c0a-4501-ade5-9887f0236797-groupManagement] INFO  storage.RaftStorageDirectory (RaftStorageDirectoryImpl.java:analyzeStorage(137)) - The storage directory /home/runner/work/ozone/ozone/hadoop-ozone/integration-test/target/test-dir/MiniOzoneClusterImpl-ff0bea85-29d4-48e8-8c84-822e75daf04a/datanode-0/data/ratis/68ab24b3-b4e7-4ba6-849a-9c51634007c7 does not exist. Creating ...
2023-09-21 17:49:25,256 [0e5ca0ac-2c0a-4501-ade5-9887f0236797-groupManagement] INFO  storage.RaftStorageDirectory (RaftStorageDirectoryImpl.java:tryLock(231)) - Lock on /home/runner/work/ozone/ozone/hadoop-ozone/integration-test/target/test-dir/MiniOzoneClusterImpl-ff0bea85-29d4-48e8-8c84-822e75daf04a/datanode-0/data/ratis/68ab24b3-b4e7-4ba6-849a-9c51634007c7/in_use.lock acquired by nodename 19454@fv-az259-227
2023-09-21 17:49:25,258 [0e5ca0ac-2c0a-4501-ade5-9887f0236797-groupManagement] INFO  storage.RaftStorage (RaftStorageImpl.java:format(96)) - Storage directory /home/runner/work/ozone/ozone/hadoop-ozone/integration-test/target/test-dir/MiniOzoneClusterImpl-ff0bea85-29d4-48e8-8c84-822e75daf04a/datanode-0/data/ratis/68ab24b3-b4e7-4ba6-849a-9c51634007c7 has been successfully formatted.
2023-09-21 17:49:25,272 [0e5ca0ac-2c0a-4501-ade5-9887f0236797-groupManagement] INFO  ratis.ContainerStateMachine (ContainerStateMachine.java:loadSnapshot(262)) - group-9C51634007C7: The snapshot info is null. Setting the last applied indexto:(t:0, i:~)
2023-09-21 17:49:25,273 [0e5ca0ac-2c0a-4501-ade5-9887f0236797-groupManagement] INFO  server.RaftServerConfigKeys (ConfUtils.java:logGet(46)) - raft.server.log.use.memory = false (default)
2023-09-21 17:49:25,273 [0e5ca0ac-2c0a-4501-ade5-9887f0236797-groupManagement] INFO  server.RaftServerConfigKeys (ConfUtils.java:logGet(46)) - raft.server.log.purge.gap = 1000000 (custom)
2023-09-21 17:49:25,273 [0e5ca0ac-2c0a-4501-ade5-9887f0236797-groupManagement] INFO  server.RaftServerConfigKeys (ConfUtils.java:logGet(46)) - raft.server.log.appender.buffer.byte-limit = 33554432 (custom)
2023-09-21 17:49:25,273 [0e5ca0ac-2c0a-4501-ade5-9887f0236797-groupManagement] INFO  server.RaftServerConfigKeys (ConfUtils.java:logGet(46)) - raft.server.log.statemachine.data.read.timeout = 1000ms (default)
2023-09-21 17:49:25,273 [0e5ca0ac-2c0a-4501-ade5-9887f0236797-groupManagement] INFO  server.RaftServerConfigKeys (ConfUtils.java:logGet(46)) - raft.server.log.purge.preservation.log.num = 0 (default)
2023-09-21 17:49:25,273 [0e5ca0ac-2c0a-4501-ade5-9887f0236797-groupManagement] INFO  server.RaftServerConfigKeys (ConfUtils.java:logGet(46)) - raft.server.log.segment.size.max = 1048576 (custom)
2023-09-21 17:49:25,274 [0e5ca0ac-2c0a-4501-ade5-9887f0236797-groupManagement] INFO  server.RaftServerConfigKeys (ConfUtils.java:logGet(46)) - raft.server.log.segment.cache.num.max = 2 (custom)
2023-09-21 17:49:25,275 [0e5ca0ac-2c0a-4501-ade5-9887f0236797-groupManagement] INFO  server.RaftServerConfigKeys (ConfUtils.java:logGet(46)) - raft.server.log.segment.cache.size.max = 200MB (=209715200) (default)
2023-09-21 17:49:25,275 [0e5ca0ac-2c0a-4501-ade5-9887f0236797-groupManagement] INFO  server.RaftServerConfigKeys (ConfUtils.java:logGet(46)) - raft.server.log.appender.buffer.byte-limit = 33554432 (custom)
2023-09-21 17:49:25,275 [0e5ca0ac-2c0a-4501-ade5-9887f0236797-groupManagement] INFO  segmented.SegmentedRaftLogWorker (SegmentedRaftLogWorker.java:<init>(188)) - new 0e5ca0ac-2c0a-4501-ade5-9887f0236797@group-9C51634007C7-SegmentedRaftLogWorker for RaftStorageImpl:Storage Directory /home/runner/work/ozone/ozone/hadoop-ozone/integration-test/target/test-dir/MiniOzoneClusterImpl-ff0bea85-29d4-48e8-8c84-822e75daf04a/datanode-0/data/ratis/68ab24b3-b4e7-4ba6-849a-9c51634007c7
2023-09-21 17:49:25,275 [0e5ca0ac-2c0a-4501-ade5-9887f0236797-groupManagement] INFO  server.RaftServerConfigKeys (ConfUtils.java:logGet(46)) - raft.server.log.queue.byte-limit = 4294967296 (custom)
2023-09-21 17:49:25,275 [0e5ca0ac-2c0a-4501-ade5-9887f0236797-groupManagement] INFO  server.RaftServerConfigKeys (ConfUtils.java:logGet(46)) - raft.server.log.queue.element-limit = 1024 (custom)
2023-09-21 17:49:25,275 [0e5ca0ac-2c0a-4501-ade5-9887f0236797-groupManagement] INFO  server.RaftServerConfigKeys (ConfUtils.java:logGet(46)) - raft.server.log.segment.size.max = 1048576 (custom)
2023-09-21 17:49:25,275 [0e5ca0ac-2c0a-4501-ade5-9887f0236797-groupManagement] INFO  server.RaftServerConfigKeys (ConfUtils.java:logGet(46)) - raft.server.log.preallocated.size = 16384 (custom)
2023-09-21 17:49:25,275 [0e5ca0ac-2c0a-4501-ade5-9887f0236797-groupManagement] INFO  server.RaftServerConfigKeys (ConfUtils.java:logGet(46)) - raft.server.log.force.sync.num = 128 (default)
2023-09-21 17:49:25,275 [0e5ca0ac-2c0a-4501-ade5-9887f0236797-groupManagement] INFO  server.RaftServerConfigKeys (ConfUtils.java:logGet(46)) - raft.server.log.statemachine.data.sync = true (default)
2023-09-21 17:49:25,275 [0e5ca0ac-2c0a-4501-ade5-9887f0236797-groupManagement] INFO  server.RaftServerConfigKeys (ConfUtils.java:logGet(46)) - raft.server.log.statemachine.data.sync.timeout = 10s (default)
2023-09-21 17:49:25,276 [0e5ca0ac-2c0a-4501-ade5-9887f0236797-groupManagement] INFO  server.RaftServerConfigKeys (ConfUtils.java:logGet(46)) - raft.server.log.statemachine.data.sync.timeout.retry = -1 (default)
2023-09-21 17:49:25,278 [0e5ca0ac-2c0a-4501-ade5-9887f0236797-groupManagement] INFO  server.RaftServerConfigKeys (ConfUtils.java:logGet(46)) - raft.server.log.write.buffer.size = 1048576 (custom)
2023-09-21 17:49:25,279 [0e5ca0ac-2c0a-4501-ade5-9887f0236797-groupManagement] INFO  server.RaftServerConfigKeys (ConfUtils.java:logGet(46)) - raft.server.log.appender.buffer.byte-limit = 33554432 (custom)
2023-09-21 17:49:25,286 [0e5ca0ac-2c0a-4501-ade5-9887f0236797-groupManagement] INFO  server.RaftServerConfigKeys (ConfUtils.java:logGet(46)) - raft.server.log.unsafe-flush.enabled = false (default)
2023-09-21 17:49:25,286 [0e5ca0ac-2c0a-4501-ade5-9887f0236797-groupManagement] INFO  server.RaftServerConfigKeys (ConfUtils.java:logGet(46)) - raft.server.log.async-flush.enabled = false (default)
2023-09-21 17:49:25,286 [0e5ca0ac-2c0a-4501-ade5-9887f0236797-groupManagement] INFO  server.RaftServerConfigKeys (ConfUtils.java:logGet(46)) - raft.server.log.statemachine.data.caching.enabled = true (custom)
2023-09-21 17:49:25,286 [0e5ca0ac-2c0a-4501-ade5-9887f0236797-groupManagement] INFO  segmented.SegmentedRaftLogWorker (SegmentedRaftLogWorker.java:lambda$new$0(135)) - 0e5ca0ac-2c0a-4501-ade5-9887f0236797@group-9C51634007C7-SegmentedRaftLogWorker: flushIndex: setUnconditionally 0 -> -1
2023-09-21 17:49:25,286 [0e5ca0ac-2c0a-4501-ade5-9887f0236797-groupManagement] INFO  segmented.SegmentedRaftLogWorker (SegmentedRaftLogWorker.java:lambda$new$0(135)) - 0e5ca0ac-2c0a-4501-ade5-9887f0236797@group-9C51634007C7-SegmentedRaftLogWorker: safeCacheEvictIndex: setUnconditionally 0 -> -1
2023-09-21 17:49:25,287 [0e5ca0ac-2c0a-4501-ade5-9887f0236797-groupManagement] INFO  server.RaftServer$Division (RaftServerImpl.java:start(342)) - 0e5ca0ac-2c0a-4501-ade5-9887f0236797@group-9C51634007C7: start as a follower, conf=-1: peers:[0e5ca0ac-2c0a-4501-ade5-9887f0236797|rpc:10.1.0.8:15014|admin:10.1.0.8:15013|client:10.1.0.8:15012|dataStream:10.1.0.8:15015|priority:1|startupRole:FOLLOWER]|listeners:[], old=null
2023-09-21 17:49:25,287 [0e5ca0ac-2c0a-4501-ade5-9887f0236797-groupManagement] INFO  server.RaftServer$Division (RaftServerImpl.java:setRole(329)) - 0e5ca0ac-2c0a-4501-ade5-9887f0236797@group-9C51634007C7: changes role from      null to FOLLOWER at term 0 for startAsFollower
2023-09-21 17:49:25,287 [0e5ca0ac-2c0a-4501-ade5-9887f0236797-groupManagement] INFO  impl.RoleInfo (RoleInfo.java:updateAndGet(139)) - 0e5ca0ac-2c0a-4501-ade5-9887f0236797: start 0e5ca0ac-2c0a-4501-ade5-9887f0236797@group-9C51634007C7-FollowerState
2023-09-21 17:49:25,293 [0e5ca0ac-2c0a-4501-ade5-9887f0236797-groupManagement] INFO  util.JmxRegister (JmxRegister.java:tryRegister(44)) - Successfully registered JMX Bean with object name Ratis:service=RaftServer,group=group-9C51634007C7,id=0e5ca0ac-2c0a-4501-ade5-9887f0236797
2023-09-21 17:49:25,293 [0e5ca0ac-2c0a-4501-ade5-9887f0236797@group-9C51634007C7-FollowerState] INFO  server.RaftServerConfigKeys (ConfUtils.java:logFallback(53)) - raft.server.rpc.first-election.timeout.min = 5s (fallback to raft.server.rpc.timeout.min)
2023-09-21 17:49:25,293 [0e5ca0ac-2c0a-4501-ade5-9887f0236797-groupManagement] INFO  server.RaftServerConfigKeys (ConfUtils.java:logGet(46)) - raft.server.snapshot.auto.trigger.enabled = true (custom)
2023-09-21 17:49:25,293 [0e5ca0ac-2c0a-4501-ade5-9887f0236797-groupManagement] INFO  server.RaftServerConfigKeys (ConfUtils.java:logGet(46)) - raft.server.snapshot.auto.trigger.threshold = 10000 (custom)
2023-09-21 17:49:25,293 [0e5ca0ac-2c0a-4501-ade5-9887f0236797-groupManagement] INFO  server.RaftServerConfigKeys (ConfUtils.java:logGet(46)) - raft.server.snapshot.retention.file.num = 5 (custom)
2023-09-21 17:49:25,293 [0e5ca0ac-2c0a-4501-ade5-9887f0236797-groupManagement] INFO  server.RaftServerConfigKeys (ConfUtils.java:logGet(46)) - raft.server.log.purge.upto.snapshot.index = false (default)
2023-09-21 17:49:25,293 [0e5ca0ac-2c0a-4501-ade5-9887f0236797@group-9C51634007C7-FollowerState] INFO  server.RaftServerConfigKeys (ConfUtils.java:logFallback(53)) - raft.server.rpc.first-election.timeout.max = 5200ms (fallback to raft.server.rpc.timeout.max)
2023-09-21 17:49:25,306 [EventQueue-PipelineReportForPipelineReportHandler] INFO  pipeline.PipelineReportHandler (PipelineReportHandler.java:processPipelineReport(136)) - Opened pipeline PipelineID=68ab24b3-b4e7-4ba6-849a-9c51634007c7
2023-09-21 17:49:25,312 [PipelineCommandHandlerThread-0] INFO  ratis.XceiverServerRatis (XceiverServerRatis.java:addGroup(804)) - Created group PipelineID=68ab24b3-b4e7-4ba6-849a-9c51634007c7
2023-09-21 17:49:25,312 [EventQueue-OpenPipelineForHealthyPipelineSafeModeRule] INFO  safemode.SCMSafeModeManager (HealthyPipelineSafeModeRule.java:process(137)) - SCM in safe mode. Healthy pipelines reported count is 0, required healthy pipeline reported count is 1
2023-09-21 17:49:25,313 [PipelineCommandHandlerThread-0] INFO  commandhandler.CreatePipelineCommandHandler (CreatePipelineCommandHandler.java:lambda$handle$2(124)) - Created Pipeline RATIS ONE PipelineID=68ab24b3-b4e7-4ba6-849a-9c51634007c7.
2023-09-21 17:49:25,314 [PipelineCommandHandlerThread-0] INFO  server.RaftServer (RaftServerProxy.java:addNew(98)) - 0e5ca0ac-2c0a-4501-ade5-9887f0236797: addNew group-92EF5A1E58C4:[0e5ca0ac-2c0a-4501-ade5-9887f0236797|rpc:10.1.0.8:15014|admin:10.1.0.8:15013|client:10.1.0.8:15012|dataStream:10.1.0.8:15015|priority:0|startupRole:FOLLOWER, 30fcaee4-35e5-4526-9ec2-86d2b42bb6e9|rpc:10.1.0.8:15023|admin:10.1.0.8:15022|client:10.1.0.8:15021|dataStream:10.1.0.8:15024|priority:1|startupRole:FOLLOWER, a7b87587-f54c-4106-951c-2cd85865b718|rpc:10.1.0.8:15032|admin:10.1.0.8:15031|client:10.1.0.8:15030|dataStream:10.1.0.8:15033|priority:0|startupRole:FOLLOWER] returns group-92EF5A1E58C4:java.util.concurrent.CompletableFuture@25e3d3b7[Not completed]
2023-09-21 17:49:25,315 [0e5ca0ac-2c0a-4501-ade5-9887f0236797-groupManagement] INFO  server.RaftServer$Division (RaftServerImpl.java:<init>(198)) - 0e5ca0ac-2c0a-4501-ade5-9887f0236797: new RaftServerImpl for group-92EF5A1E58C4:[0e5ca0ac-2c0a-4501-ade5-9887f0236797|rpc:10.1.0.8:15014|admin:10.1.0.8:15013|client:10.1.0.8:15012|dataStream:10.1.0.8:15015|priority:0|startupRole:FOLLOWER, 30fcaee4-35e5-4526-9ec2-86d2b42bb6e9|rpc:10.1.0.8:15023|admin:10.1.0.8:15022|client:10.1.0.8:15021|dataStream:10.1.0.8:15024|priority:1|startupRole:FOLLOWER, a7b87587-f54c-4106-951c-2cd85865b718|rpc:10.1.0.8:15032|admin:10.1.0.8:15031|client:10.1.0.8:15030|dataStream:10.1.0.8:15033|priority:0|startupRole:FOLLOWER] with ContainerStateMachine:uninitialized
2023-09-21 17:49:25,315 [0e5ca0ac-2c0a-4501-ade5-9887f0236797-groupManagement] INFO  server.RaftServerConfigKeys (ConfUtils.java:logGet(46)) - raft.server.rpc.timeout.min = 5s (custom)
2023-09-21 17:49:25,315 [0e5ca0ac-2c0a-4501-ade5-9887f0236797-groupManagement] INFO  server.RaftServerConfigKeys (ConfUtils.java:logGet(46)) - raft.server.rpc.timeout.max = 5200ms (custom)
2023-09-21 17:49:25,315 [0e5ca0ac-2c0a-4501-ade5-9887f0236797-groupManagement] INFO  server.RaftServerConfigKeys (ConfUtils.java:logGet(46)) - raft.server.rpc.sleep.time = 25ms (default)
2023-09-21 17:49:25,316 [0e5ca0ac-2c0a-4501-ade5-9887f0236797-groupManagement] INFO  server.RaftServerConfigKeys (ConfUtils.java:logGet(46)) - raft.server.rpc.slowness.timeout = 300s (custom)
2023-09-21 17:49:25,316 [0e5ca0ac-2c0a-4501-ade5-9887f0236797-groupManagement] INFO  server.RaftServerConfigKeys (ConfUtils.java:logGet(46)) - raft.server.leaderelection.leader.step-down.wait-time = 10s (default)
2023-09-21 17:49:25,316 [0e5ca0ac-2c0a-4501-ade5-9887f0236797-groupManagement] INFO  server.RaftServerConfigKeys (ConfUtils.java:logGet(46)) - raft.server.sleep.deviation.threshold = 300ms (default)
2023-09-21 17:49:25,316 [0e5ca0ac-2c0a-4501-ade5-9887f0236797-groupManagement] INFO  server.RaftServer$Division (ServerState.java:<init>(120)) - 0e5ca0ac-2c0a-4501-ade5-9887f0236797@group-92EF5A1E58C4: ConfigurationManager, init=-1: peers:[0e5ca0ac-2c0a-4501-ade5-9887f0236797|rpc:10.1.0.8:15014|admin:10.1.0.8:15013|client:10.1.0.8:15012|dataStream:10.1.0.8:15015|priority:0|startupRole:FOLLOWER, 30fcaee4-35e5-4526-9ec2-86d2b42bb6e9|rpc:10.1.0.8:15023|admin:10.1.0.8:15022|client:10.1.0.8:15021|dataStream:10.1.0.8:15024|priority:1|startupRole:FOLLOWER, a7b87587-f54c-4106-951c-2cd85865b718|rpc:10.1.0.8:15032|admin:10.1.0.8:15031|client:10.1.0.8:15030|dataStream:10.1.0.8:15033|priority:0|startupRole:FOLLOWER]|listeners:[], old=null, confs=<EMPTY_MAP>
2023-09-21 17:49:25,316 [0e5ca0ac-2c0a-4501-ade5-9887f0236797-groupManagement] INFO  server.RaftServerConfigKeys (ConfUtils.java:logGet(46)) - raft.server.storage.dir = [/home/runner/work/ozone/ozone/hadoop-ozone/integration-test/target/test-dir/MiniOzoneClusterImpl-ff0bea85-29d4-48e8-8c84-822e75daf04a/datanode-0/data/ratis] (custom)
2023-09-21 17:49:25,316 [0e5ca0ac-2c0a-4501-ade5-9887f0236797-groupManagement] INFO  server.RaftServerConfigKeys (ConfUtils.java:logGet(46)) - raft.server.log.corruption.policy = EXCEPTION (default)
2023-09-21 17:49:25,316 [0e5ca0ac-2c0a-4501-ade5-9887f0236797-groupManagement] INFO  server.RaftServerConfigKeys (ConfUtils.java:logGet(46)) - raft.server.storage.free-space.min = 0MB (=0) (default)
2023-09-21 17:49:25,317 [0e5ca0ac-2c0a-4501-ade5-9887f0236797-groupManagement] INFO  server.RaftServerConfigKeys (ConfUtils.java:logGet(46)) - raft.server.notification.no-leader.timeout = 300s (custom)
2023-09-21 17:49:25,317 [0e5ca0ac-2c0a-4501-ade5-9887f0236797-groupManagement] INFO  server.RaftServerConfigKeys (ConfUtils.java:logGet(46)) - raft.server.read.timeout = 10s (default)
2023-09-21 17:49:25,317 [0e5ca0ac-2c0a-4501-ade5-9887f0236797-groupManagement] INFO  server.RaftServerConfigKeys (ConfUtils.java:logGet(46)) - raft.server.retrycache.expirytime = 600000ms (custom)
2023-09-21 17:49:25,317 [0e5ca0ac-2c0a-4501-ade5-9887f0236797-groupManagement] INFO  server.RaftServerConfigKeys (ConfUtils.java:logGet(46)) - raft.server.retrycache.statistics.expirytime = 100μs (default)
2023-09-21 17:49:25,317 [0e5ca0ac-2c0a-4501-ade5-9887f0236797-groupManagement] INFO  server.RaftServerConfigKeys (ConfUtils.java:logGet(46)) - raft.server.read.option = DEFAULT (default)
2023-09-21 17:49:25,321 [0e5ca0ac-2c0a-4501-ade5-9887f0236797-groupManagement] INFO  server.RaftServerConfigKeys (ConfUtils.java:logGet(46)) - raft.server.rpc.request.timeout = 60s (custom)
2023-09-21 17:49:25,322 [0e5ca0ac-2c0a-4501-ade5-9887f0236797-groupManagement] INFO  server.RaftServerConfigKeys (ConfUtils.java:logGet(46)) - raft.server.log.appender.install.snapshot.enabled = false (custom)
2023-09-21 17:49:25,322 [0e5ca0ac-2c0a-4501-ade5-9887f0236797-groupManagement] INFO  server.RaftServerConfigKeys (ConfUtils.java:logGet(46)) - raft.server.threadpool.server.cached = true (default)
2023-09-21 17:49:25,322 [0e5ca0ac-2c0a-4501-ade5-9887f0236797-groupManagement] INFO  server.RaftServerConfigKeys (ConfUtils.java:logGet(46)) - raft.server.threadpool.server.size = 0 (default)
2023-09-21 17:49:25,322 [0e5ca0ac-2c0a-4501-ade5-9887f0236797-groupManagement] INFO  server.RaftServerConfigKeys (ConfUtils.java:logGet(46)) - raft.server.threadpool.client.cached = true (default)
2023-09-21 17:49:25,322 [0e5ca0ac-2c0a-4501-ade5-9887f0236797-groupManagement] INFO  server.RaftServerConfigKeys (ConfUtils.java:logGet(46)) - raft.server.threadpool.client.size = 0 (default)
2023-09-21 17:49:25,322 [0e5ca0ac-2c0a-4501-ade5-9887f0236797-groupManagement] INFO  storage.RaftStorageDirectory (RaftStorageDirectoryImpl.java:analyzeStorage(137)) - The storage directory /home/runner/work/ozone/ozone/hadoop-ozone/integration-test/target/test-dir/MiniOzoneClusterImpl-ff0bea85-29d4-48e8-8c84-822e75daf04a/datanode-0/data/ratis/d9f83d70-d99c-42a8-8fa6-92ef5a1e58c4 does not exist. Creating ...
2023-09-21 17:49:25,323 [0e5ca0ac-2c0a-4501-ade5-9887f0236797-groupManagement] INFO  storage.RaftStorageDirectory (RaftStorageDirectoryImpl.java:tryLock(231)) - Lock on /home/runner/work/ozone/ozone/hadoop-ozone/integration-test/target/test-dir/MiniOzoneClusterImpl-ff0bea85-29d4-48e8-8c84-822e75daf04a/datanode-0/data/ratis/d9f83d70-d99c-42a8-8fa6-92ef5a1e58c4/in_use.lock acquired by nodename 19454@fv-az259-227
2023-09-21 17:49:25,325 [0e5ca0ac-2c0a-4501-ade5-9887f0236797-groupManagement] INFO  storage.RaftStorage (RaftStorageImpl.java:format(96)) - Storage directory /home/runner/work/ozone/ozone/hadoop-ozone/integration-test/target/test-dir/MiniOzoneClusterImpl-ff0bea85-29d4-48e8-8c84-822e75daf04a/datanode-0/data/ratis/d9f83d70-d99c-42a8-8fa6-92ef5a1e58c4 has been successfully formatted.
2023-09-21 17:49:25,330 [0e5ca0ac-2c0a-4501-ade5-9887f0236797-groupManagement] INFO  ratis.ContainerStateMachine (ContainerStateMachine.java:loadSnapshot(262)) - group-92EF5A1E58C4: The snapshot info is null. Setting the last applied indexto:(t:0, i:~)
2023-09-21 17:49:25,332 [0e5ca0ac-2c0a-4501-ade5-9887f0236797-groupManagement] INFO  server.RaftServerConfigKeys (ConfUtils.java:logGet(46)) - raft.server.log.use.memory = false (default)
2023-09-21 17:49:25,332 [0e5ca0ac-2c0a-4501-ade5-9887f0236797-groupManagement] INFO  server.RaftServerConfigKeys (ConfUtils.java:logGet(46)) - raft.server.log.purge.gap = 1000000 (custom)
2023-09-21 17:49:25,332 [0e5ca0ac-2c0a-4501-ade5-9887f0236797-groupManagement] INFO  server.RaftServerConfigKeys (ConfUtils.java:logGet(46)) - raft.server.log.appender.buffer.byte-limit = 33554432 (custom)
2023-09-21 17:49:25,332 [0e5ca0ac-2c0a-4501-ade5-9887f0236797-groupManagement] INFO  server.RaftServerConfigKeys (ConfUtils.java:logGet(46)) - raft.server.log.statemachine.data.read.timeout = 1000ms (default)
2023-09-21 17:49:25,332 [0e5ca0ac-2c0a-4501-ade5-9887f0236797-groupManagement] INFO  server.RaftServerConfigKeys (ConfUtils.java:logGet(46)) - raft.server.log.purge.preservation.log.num = 0 (default)
2023-09-21 17:49:25,332 [EventQueue-OpenPipelineForHealthyPipelineSafeModeRule] INFO  safemode.SCMSafeModeManager (HealthyPipelineSafeModeRule.java:process(137)) - SCM in safe mode. Healthy pipelines reported count is 0, required healthy pipeline reported count is 1
2023-09-21 17:49:25,334 [0e5ca0ac-2c0a-4501-ade5-9887f0236797-groupManagement] INFO  server.RaftServerConfigKeys (ConfUtils.java:logGet(46)) - raft.server.log.segment.size.max = 1048576 (custom)
2023-09-21 17:49:25,335 [0e5ca0ac-2c0a-4501-ade5-9887f0236797-groupManagement] INFO  server.RaftServerConfigKeys (ConfUtils.java:logGet(46)) - raft.server.log.segment.cache.num.max = 2 (custom)
2023-09-21 17:49:25,335 [0e5ca0ac-2c0a-4501-ade5-9887f0236797-groupManagement] INFO  server.RaftServerConfigKeys (ConfUtils.java:logGet(46)) - raft.server.log.segment.cache.size.max = 200MB (=209715200) (default)
2023-09-21 17:49:25,335 [0e5ca0ac-2c0a-4501-ade5-9887f0236797-groupManagement] INFO  server.RaftServerConfigKeys (ConfUtils.java:logGet(46)) - raft.server.log.appender.buffer.byte-limit = 33554432 (custom)
2023-09-21 17:49:25,335 [0e5ca0ac-2c0a-4501-ade5-9887f0236797-groupManagement] INFO  segmented.SegmentedRaftLogWorker (SegmentedRaftLogWorker.java:<init>(188)) - new 0e5ca0ac-2c0a-4501-ade5-9887f0236797@group-92EF5A1E58C4-SegmentedRaftLogWorker for RaftStorageImpl:Storage Directory /home/runner/work/ozone/ozone/hadoop-ozone/integration-test/target/test-dir/MiniOzoneClusterImpl-ff0bea85-29d4-48e8-8c84-822e75daf04a/datanode-0/data/ratis/d9f83d70-d99c-42a8-8fa6-92ef5a1e58c4
2023-09-21 17:49:25,335 [0e5ca0ac-2c0a-4501-ade5-9887f0236797-groupManagement] INFO  server.RaftServerConfigKeys (ConfUtils.java:logGet(46)) - raft.server.log.queue.byte-limit = 4294967296 (custom)
2023-09-21 17:49:25,335 [0e5ca0ac-2c0a-4501-ade5-9887f0236797-groupManagement] INFO  server.RaftServerConfigKeys (ConfUtils.java:logGet(46)) - raft.server.log.queue.element-limit = 1024 (custom)
2023-09-21 17:49:25,335 [0e5ca0ac-2c0a-4501-ade5-9887f0236797-groupManagement] INFO  server.RaftServerConfigKeys (ConfUtils.java:logGet(46)) - raft.server.log.segment.size.max = 1048576 (custom)
2023-09-21 17:49:25,335 [0e5ca0ac-2c0a-4501-ade5-9887f0236797-groupManagement] INFO  server.RaftServerConfigKeys (ConfUtils.java:logGet(46)) - raft.server.log.preallocated.size = 16384 (custom)
2023-09-21 17:49:25,335 [0e5ca0ac-2c0a-4501-ade5-9887f0236797-groupManagement] INFO  server.RaftServerConfigKeys (ConfUtils.java:logGet(46)) - raft.server.log.force.sync.num = 128 (default)
2023-09-21 17:49:25,335 [0e5ca0ac-2c0a-4501-ade5-9887f0236797-groupManagement] INFO  server.RaftServerConfigKeys (ConfUtils.java:logGet(46)) - raft.server.log.statemachine.data.sync = true (default)
2023-09-21 17:49:25,336 [0e5ca0ac-2c0a-4501-ade5-9887f0236797-groupManagement] INFO  server.RaftServerConfigKeys (ConfUtils.java:logGet(46)) - raft.server.log.statemachine.data.sync.timeout = 10s (default)
2023-09-21 17:49:25,336 [0e5ca0ac-2c0a-4501-ade5-9887f0236797-groupManagement] INFO  server.RaftServerConfigKeys (ConfUtils.java:logGet(46)) - raft.server.log.statemachine.data.sync.timeout.retry = -1 (default)
2023-09-21 17:49:25,338 [0e5ca0ac-2c0a-4501-ade5-9887f0236797-groupManagement] INFO  server.RaftServerConfigKeys (ConfUtils.java:logGet(46)) - raft.server.log.write.buffer.size = 1048576 (custom)
2023-09-21 17:49:25,339 [0e5ca0ac-2c0a-4501-ade5-9887f0236797-groupManagement] INFO  server.RaftServerConfigKeys (ConfUtils.java:logGet(46)) - raft.server.log.appender.buffer.byte-limit = 33554432 (custom)
2023-09-21 17:49:25,346 [0e5ca0ac-2c0a-4501-ade5-9887f0236797-groupManagement] INFO  server.RaftServerConfigKeys (ConfUtils.java:logGet(46)) - raft.server.log.unsafe-flush.enabled = false (default)
2023-09-21 17:49:25,346 [0e5ca0ac-2c0a-4501-ade5-9887f0236797-groupManagement] INFO  server.RaftServerConfigKeys (ConfUtils.java:logGet(46)) - raft.server.log.async-flush.enabled = false (default)
2023-09-21 17:49:25,346 [0e5ca0ac-2c0a-4501-ade5-9887f0236797-groupManagement] INFO  server.RaftServerConfigKeys (ConfUtils.java:logGet(46)) - raft.server.log.statemachine.data.caching.enabled = true (custom)
2023-09-21 17:49:25,346 [0e5ca0ac-2c0a-4501-ade5-9887f0236797-groupManagement] INFO  segmented.SegmentedRaftLogWorker (SegmentedRaftLogWorker.java:lambda$new$0(135)) - 0e5ca0ac-2c0a-4501-ade5-9887f0236797@group-92EF5A1E58C4-SegmentedRaftLogWorker: flushIndex: setUnconditionally 0 -> -1
2023-09-21 17:49:25,346 [0e5ca0ac-2c0a-4501-ade5-9887f0236797-groupManagement] INFO  segmented.SegmentedRaftLogWorker (SegmentedRaftLogWorker.java:lambda$new$0(135)) - 0e5ca0ac-2c0a-4501-ade5-9887f0236797@group-92EF5A1E58C4-SegmentedRaftLogWorker: safeCacheEvictIndex: setUnconditionally 0 -> -1
2023-09-21 17:49:25,347 [0e5ca0ac-2c0a-4501-ade5-9887f0236797-groupManagement] INFO  server.RaftServer$Division (RaftServerImpl.java:start(342)) - 0e5ca0ac-2c0a-4501-ade5-9887f0236797@group-92EF5A1E58C4: start as a follower, conf=-1: peers:[0e5ca0ac-2c0a-4501-ade5-9887f0236797|rpc:10.1.0.8:15014|admin:10.1.0.8:15013|client:10.1.0.8:15012|dataStream:10.1.0.8:15015|priority:0|startupRole:FOLLOWER, 30fcaee4-35e5-4526-9ec2-86d2b42bb6e9|rpc:10.1.0.8:15023|admin:10.1.0.8:15022|client:10.1.0.8:15021|dataStream:10.1.0.8:15024|priority:1|startupRole:FOLLOWER, a7b87587-f54c-4106-951c-2cd85865b718|rpc:10.1.0.8:15032|admin:10.1.0.8:15031|client:10.1.0.8:15030|dataStream:10.1.0.8:15033|priority:0|startupRole:FOLLOWER]|listeners:[], old=null
2023-09-21 17:49:25,347 [0e5ca0ac-2c0a-4501-ade5-9887f0236797-groupManagement] INFO  server.RaftServer$Division (RaftServerImpl.java:setRole(329)) - 0e5ca0ac-2c0a-4501-ade5-9887f0236797@group-92EF5A1E58C4: changes role from      null to FOLLOWER at term 0 for startAsFollower
2023-09-21 17:49:25,347 [0e5ca0ac-2c0a-4501-ade5-9887f0236797-groupManagement] INFO  impl.RoleInfo (RoleInfo.java:updateAndGet(139)) - 0e5ca0ac-2c0a-4501-ade5-9887f0236797: start 0e5ca0ac-2c0a-4501-ade5-9887f0236797@group-92EF5A1E58C4-FollowerState
2023-09-21 17:49:25,349 [0e5ca0ac-2c0a-4501-ade5-9887f0236797-groupManagement] INFO  util.JmxRegister (JmxRegister.java:tryRegister(44)) - Successfully registered JMX Bean with object name Ratis:service=RaftServer,group=group-92EF5A1E58C4,id=0e5ca0ac-2c0a-4501-ade5-9887f0236797
2023-09-21 17:49:25,350 [0e5ca0ac-2c0a-4501-ade5-9887f0236797-groupManagement] INFO  server.RaftServerConfigKeys (ConfUtils.java:logGet(46)) - raft.server.snapshot.auto.trigger.enabled = true (custom)
2023-09-21 17:49:25,350 [0e5ca0ac-2c0a-4501-ade5-9887f0236797-groupManagement] INFO  server.RaftServerConfigKeys (ConfUtils.java:logGet(46)) - raft.server.snapshot.auto.trigger.threshold = 10000 (custom)
2023-09-21 17:49:25,350 [0e5ca0ac-2c0a-4501-ade5-9887f0236797-groupManagement] INFO  server.RaftServerConfigKeys (ConfUtils.java:logGet(46)) - raft.server.snapshot.retention.file.num = 5 (custom)
2023-09-21 17:49:25,350 [0e5ca0ac-2c0a-4501-ade5-9887f0236797-groupManagement] INFO  server.RaftServerConfigKeys (ConfUtils.java:logGet(46)) - raft.server.log.purge.upto.snapshot.index = false (default)
2023-09-21 17:49:25,352 [PipelineCommandHandlerThread-0] INFO  ratis.XceiverServerRatis (XceiverServerRatis.java:addGroup(804)) - Created group PipelineID=d9f83d70-d99c-42a8-8fa6-92ef5a1e58c4
2023-09-21 17:49:25,362 [0e5ca0ac-2c0a-4501-ade5-9887f0236797@group-92EF5A1E58C4-FollowerState] INFO  server.RaftServerConfigKeys (ConfUtils.java:logFallback(53)) - raft.server.rpc.first-election.timeout.min = 5s (fallback to raft.server.rpc.timeout.min)
2023-09-21 17:49:25,362 [0e5ca0ac-2c0a-4501-ade5-9887f0236797@group-92EF5A1E58C4-FollowerState] INFO  server.RaftServerConfigKeys (ConfUtils.java:logFallback(53)) - raft.server.rpc.first-election.timeout.max = 5200ms (fallback to raft.server.rpc.timeout.max)
2023-09-21 17:49:25,661 [PipelineCommandHandlerThread-0] INFO  server.RaftServer (RaftServerProxy.java:addNew(98)) - 30fcaee4-35e5-4526-9ec2-86d2b42bb6e9: addNew group-F0C266240665:[30fcaee4-35e5-4526-9ec2-86d2b42bb6e9|rpc:10.1.0.8:15023|admin:10.1.0.8:15022|client:10.1.0.8:15021|dataStream:10.1.0.8:15024|priority:1|startupRole:FOLLOWER] returns group-F0C266240665:java.util.concurrent.CompletableFuture@5b6dcfab[Not completed]
2023-09-21 17:49:25,674 [30fcaee4-35e5-4526-9ec2-86d2b42bb6e9-groupManagement] INFO  server.RaftServer$Division (RaftServerImpl.java:<init>(198)) - 30fcaee4-35e5-4526-9ec2-86d2b42bb6e9: new RaftServerImpl for group-F0C266240665:[30fcaee4-35e5-4526-9ec2-86d2b42bb6e9|rpc:10.1.0.8:15023|admin:10.1.0.8:15022|client:10.1.0.8:15021|dataStream:10.1.0.8:15024|priority:1|startupRole:FOLLOWER] with ContainerStateMachine:uninitialized
2023-09-21 17:49:25,674 [30fcaee4-35e5-4526-9ec2-86d2b42bb6e9-groupManagement] INFO  server.RaftServerConfigKeys (ConfUtils.java:logGet(46)) - raft.server.rpc.timeout.min = 5s (custom)
2023-09-21 17:49:25,674 [30fcaee4-35e5-4526-9ec2-86d2b42bb6e9-groupManagement] INFO  server.RaftServerConfigKeys (ConfUtils.java:logGet(46)) - raft.server.rpc.timeout.max = 5200ms (custom)
2023-09-21 17:49:25,674 [30fcaee4-35e5-4526-9ec2-86d2b42bb6e9-groupManagement] INFO  server.RaftServerConfigKeys (ConfUtils.java:logGet(46)) - raft.server.rpc.sleep.time = 25ms (default)
2023-09-21 17:49:25,674 [30fcaee4-35e5-4526-9ec2-86d2b42bb6e9-groupManagement] INFO  server.RaftServerConfigKeys (ConfUtils.java:logGet(46)) - raft.server.rpc.slowness.timeout = 300s (custom)
2023-09-21 17:49:25,674 [30fcaee4-35e5-4526-9ec2-86d2b42bb6e9-groupManagement] INFO  server.RaftServerConfigKeys (ConfUtils.java:logGet(46)) - raft.server.leaderelection.leader.step-down.wait-time = 10s (default)
2023-09-21 17:49:25,675 [30fcaee4-35e5-4526-9ec2-86d2b42bb6e9-groupManagement] INFO  server.RaftServerConfigKeys (ConfUtils.java:logGet(46)) - raft.server.sleep.deviation.threshold = 300ms (default)
2023-09-21 17:49:25,675 [30fcaee4-35e5-4526-9ec2-86d2b42bb6e9-groupManagement] INFO  server.RaftServer$Division (ServerState.java:<init>(120)) - 30fcaee4-35e5-4526-9ec2-86d2b42bb6e9@group-F0C266240665: ConfigurationManager, init=-1: peers:[30fcaee4-35e5-4526-9ec2-86d2b42bb6e9|rpc:10.1.0.8:15023|admin:10.1.0.8:15022|client:10.1.0.8:15021|dataStream:10.1.0.8:15024|priority:1|startupRole:FOLLOWER]|listeners:[], old=null, confs=<EMPTY_MAP>
2023-09-21 17:49:25,675 [30fcaee4-35e5-4526-9ec2-86d2b42bb6e9-groupManagement] INFO  server.RaftServerConfigKeys (ConfUtils.java:logGet(46)) - raft.server.storage.dir = [/home/runner/work/ozone/ozone/hadoop-ozone/integration-test/target/test-dir/MiniOzoneClusterImpl-ff0bea85-29d4-48e8-8c84-822e75daf04a/datanode-1/data/ratis] (custom)
2023-09-21 17:49:25,675 [30fcaee4-35e5-4526-9ec2-86d2b42bb6e9-groupManagement] INFO  server.RaftServerConfigKeys (ConfUtils.java:logGet(46)) - raft.server.log.corruption.policy = EXCEPTION (default)
2023-09-21 17:49:25,676 [30fcaee4-35e5-4526-9ec2-86d2b42bb6e9-groupManagement] INFO  server.RaftServerConfigKeys (ConfUtils.java:logGet(46)) - raft.server.storage.free-space.min = 0MB (=0) (default)
2023-09-21 17:49:25,676 [30fcaee4-35e5-4526-9ec2-86d2b42bb6e9-groupManagement] INFO  server.RaftServerConfigKeys (ConfUtils.java:logGet(46)) - raft.server.notification.no-leader.timeout = 300s (custom)
2023-09-21 17:49:25,676 [30fcaee4-35e5-4526-9ec2-86d2b42bb6e9-groupManagement] INFO  server.RaftServerConfigKeys (ConfUtils.java:logGet(46)) - raft.server.read.timeout = 10s (default)
2023-09-21 17:49:25,676 [30fcaee4-35e5-4526-9ec2-86d2b42bb6e9-groupManagement] INFO  server.RaftServerConfigKeys (ConfUtils.java:logGet(46)) - raft.server.retrycache.expirytime = 600000ms (custom)
2023-09-21 17:49:25,676 [30fcaee4-35e5-4526-9ec2-86d2b42bb6e9-groupManagement] INFO  server.RaftServerConfigKeys (ConfUtils.java:logGet(46)) - raft.server.retrycache.statistics.expirytime = 100μs (default)
2023-09-21 17:49:25,676 [30fcaee4-35e5-4526-9ec2-86d2b42bb6e9-groupManagement] INFO  server.RaftServerConfigKeys (ConfUtils.java:logGet(46)) - raft.server.read.option = DEFAULT (default)
2023-09-21 17:49:25,679 [30fcaee4-35e5-4526-9ec2-86d2b42bb6e9-groupManagement] INFO  server.RaftServerConfigKeys (ConfUtils.java:logGet(46)) - raft.server.rpc.request.timeout = 60s (custom)
2023-09-21 17:49:25,679 [30fcaee4-35e5-4526-9ec2-86d2b42bb6e9-groupManagement] INFO  server.RaftServerConfigKeys (ConfUtils.java:logGet(46)) - raft.server.log.appender.install.snapshot.enabled = false (custom)
2023-09-21 17:49:25,679 [30fcaee4-35e5-4526-9ec2-86d2b42bb6e9-groupManagement] INFO  server.RaftServerConfigKeys (ConfUtils.java:logGet(46)) - raft.server.threadpool.server.cached = true (default)
2023-09-21 17:49:25,680 [30fcaee4-35e5-4526-9ec2-86d2b42bb6e9-groupManagement] INFO  server.RaftServerConfigKeys (ConfUtils.java:logGet(46)) - raft.server.threadpool.server.size = 0 (default)
2023-09-21 17:49:25,680 [30fcaee4-35e5-4526-9ec2-86d2b42bb6e9-groupManagement] INFO  server.RaftServerConfigKeys (ConfUtils.java:logGet(46)) - raft.server.threadpool.client.cached = true (default)
2023-09-21 17:49:25,680 [30fcaee4-35e5-4526-9ec2-86d2b42bb6e9-groupManagement] INFO  server.RaftServerConfigKeys (ConfUtils.java:logGet(46)) - raft.server.threadpool.client.size = 0 (default)
2023-09-21 17:49:25,680 [30fcaee4-35e5-4526-9ec2-86d2b42bb6e9-groupManagement] INFO  storage.RaftStorageDirectory (RaftStorageDirectoryImpl.java:analyzeStorage(137)) - The storage directory /home/runner/work/ozone/ozone/hadoop-ozone/integration-test/target/test-dir/MiniOzoneClusterImpl-ff0bea85-29d4-48e8-8c84-822e75daf04a/datanode-1/data/ratis/1ad0722c-d448-469b-bd3a-f0c266240665 does not exist. Creating ...
2023-09-21 17:49:25,690 [30fcaee4-35e5-4526-9ec2-86d2b42bb6e9-groupManagement] INFO  storage.RaftStorageDirectory (RaftStorageDirectoryImpl.java:tryLock(231)) - Lock on /home/runner/work/ozone/ozone/hadoop-ozone/integration-test/target/test-dir/MiniOzoneClusterImpl-ff0bea85-29d4-48e8-8c84-822e75daf04a/datanode-1/data/ratis/1ad0722c-d448-469b-bd3a-f0c266240665/in_use.lock acquired by nodename 19454@fv-az259-227
2023-09-21 17:49:25,693 [30fcaee4-35e5-4526-9ec2-86d2b42bb6e9-groupManagement] INFO  storage.RaftStorage (RaftStorageImpl.java:format(96)) - Storage directory /home/runner/work/ozone/ozone/hadoop-ozone/integration-test/target/test-dir/MiniOzoneClusterImpl-ff0bea85-29d4-48e8-8c84-822e75daf04a/datanode-1/data/ratis/1ad0722c-d448-469b-bd3a-f0c266240665 has been successfully formatted.
2023-09-21 17:49:25,696 [30fcaee4-35e5-4526-9ec2-86d2b42bb6e9-groupManagement] INFO  ratis.ContainerStateMachine (ContainerStateMachine.java:loadSnapshot(262)) - group-F0C266240665: The snapshot info is null. Setting the last applied indexto:(t:0, i:~)
2023-09-21 17:49:25,696 [30fcaee4-35e5-4526-9ec2-86d2b42bb6e9-groupManagement] INFO  server.RaftServerConfigKeys (ConfUtils.java:logGet(46)) - raft.server.log.use.memory = false (default)
2023-09-21 17:49:25,701 [30fcaee4-35e5-4526-9ec2-86d2b42bb6e9-groupManagement] INFO  server.RaftServerConfigKeys (ConfUtils.java:logGet(46)) - raft.server.log.purge.gap = 1000000 (custom)
2023-09-21 17:49:25,703 [30fcaee4-35e5-4526-9ec2-86d2b42bb6e9-groupManagement] INFO  server.RaftServerConfigKeys (ConfUtils.java:logGet(46)) - raft.server.log.appender.buffer.byte-limit = 33554432 (custom)
2023-09-21 17:49:25,703 [30fcaee4-35e5-4526-9ec2-86d2b42bb6e9-groupManagement] INFO  server.RaftServerConfigKeys (ConfUtils.java:logGet(46)) - raft.server.log.statemachine.data.read.timeout = 1000ms (default)
2023-09-21 17:49:25,703 [EventQueue-PipelineReportForPipelineReportHandler] INFO  pipeline.PipelineReportHandler (PipelineReportHandler.java:processPipelineReport(136)) - Opened pipeline PipelineID=1ad0722c-d448-469b-bd3a-f0c266240665
2023-09-21 17:49:25,703 [30fcaee4-35e5-4526-9ec2-86d2b42bb6e9-groupManagement] INFO  server.RaftServerConfigKeys (ConfUtils.java:logGet(46)) - raft.server.log.purge.preservation.log.num = 0 (default)
2023-09-21 17:49:25,703 [EventQueue-OpenPipelineForHealthyPipelineSafeModeRule] INFO  safemode.SCMSafeModeManager (HealthyPipelineSafeModeRule.java:process(137)) - SCM in safe mode. Healthy pipelines reported count is 0, required healthy pipeline reported count is 1
2023-09-21 17:49:25,703 [30fcaee4-35e5-4526-9ec2-86d2b42bb6e9-groupManagement] INFO  server.RaftServerConfigKeys (ConfUtils.java:logGet(46)) - raft.server.log.segment.size.max = 1048576 (custom)
2023-09-21 17:49:25,704 [30fcaee4-35e5-4526-9ec2-86d2b42bb6e9-groupManagement] INFO  server.RaftServerConfigKeys (ConfUtils.java:logGet(46)) - raft.server.log.segment.cache.num.max = 2 (custom)
2023-09-21 17:49:25,705 [30fcaee4-35e5-4526-9ec2-86d2b42bb6e9-groupManagement] INFO  server.RaftServerConfigKeys (ConfUtils.java:logGet(46)) - raft.server.log.segment.cache.size.max = 200MB (=209715200) (default)
2023-09-21 17:49:25,705 [30fcaee4-35e5-4526-9ec2-86d2b42bb6e9-groupManagement] INFO  server.RaftServerConfigKeys (ConfUtils.java:logGet(46)) - raft.server.log.appender.buffer.byte-limit = 33554432 (custom)
2023-09-21 17:49:25,705 [30fcaee4-35e5-4526-9ec2-86d2b42bb6e9-groupManagement] INFO  segmented.SegmentedRaftLogWorker (SegmentedRaftLogWorker.java:<init>(188)) - new 30fcaee4-35e5-4526-9ec2-86d2b42bb6e9@group-F0C266240665-SegmentedRaftLogWorker for RaftStorageImpl:Storage Directory /home/runner/work/ozone/ozone/hadoop-ozone/integration-test/target/test-dir/MiniOzoneClusterImpl-ff0bea85-29d4-48e8-8c84-822e75daf04a/datanode-1/data/ratis/1ad0722c-d448-469b-bd3a-f0c266240665
2023-09-21 17:49:25,705 [30fcaee4-35e5-4526-9ec2-86d2b42bb6e9-groupManagement] INFO  server.RaftServerConfigKeys (ConfUtils.java:logGet(46)) - raft.server.log.queue.byte-limit = 4294967296 (custom)
2023-09-21 17:49:25,705 [30fcaee4-35e5-4526-9ec2-86d2b42bb6e9-groupManagement] INFO  server.RaftServerConfigKeys (ConfUtils.java:logGet(46)) - raft.server.log.queue.element-limit = 1024 (custom)
2023-09-21 17:49:25,708 [30fcaee4-35e5-4526-9ec2-86d2b42bb6e9-groupManagement] INFO  server.RaftServerConfigKeys (ConfUtils.java:logGet(46)) - raft.server.log.segment.size.max = 1048576 (custom)
2023-09-21 17:49:25,708 [30fcaee4-35e5-4526-9ec2-86d2b42bb6e9-groupManagement] INFO  server.RaftServerConfigKeys (ConfUtils.java:logGet(46)) - raft.server.log.preallocated.size = 16384 (custom)
2023-09-21 17:49:25,708 [30fcaee4-35e5-4526-9ec2-86d2b42bb6e9-groupManagement] INFO  server.RaftServerConfigKeys (ConfUtils.java:logGet(46)) - raft.server.log.force.sync.num = 128 (default)
2023-09-21 17:49:25,709 [30fcaee4-35e5-4526-9ec2-86d2b42bb6e9-groupManagement] INFO  server.RaftServerConfigKeys (ConfUtils.java:logGet(46)) - raft.server.log.statemachine.data.sync = true (default)
2023-09-21 17:49:25,709 [30fcaee4-35e5-4526-9ec2-86d2b42bb6e9-groupManagement] INFO  server.RaftServerConfigKeys (ConfUtils.java:logGet(46)) - raft.server.log.statemachine.data.sync.timeout = 10s (default)
2023-09-21 17:49:25,709 [30fcaee4-35e5-4526-9ec2-86d2b42bb6e9-groupManagement] INFO  server.RaftServerConfigKeys (ConfUtils.java:logGet(46)) - raft.server.log.statemachine.data.sync.timeout.retry = -1 (default)
2023-09-21 17:49:25,713 [30fcaee4-35e5-4526-9ec2-86d2b42bb6e9-groupManagement] INFO  server.RaftServerConfigKeys (ConfUtils.java:logGet(46)) - raft.server.log.write.buffer.size = 1048576 (custom)
2023-09-21 17:49:25,714 [30fcaee4-35e5-4526-9ec2-86d2b42bb6e9-groupManagement] INFO  server.RaftServerConfigKeys (ConfUtils.java:logGet(46)) - raft.server.log.appender.buffer.byte-limit = 33554432 (custom)
2023-09-21 17:49:25,728 [30fcaee4-35e5-4526-9ec2-86d2b42bb6e9-groupManagement] INFO  server.RaftServerConfigKeys (ConfUtils.java:logGet(46)) - raft.server.log.unsafe-flush.enabled = false (default)
2023-09-21 17:49:25,728 [30fcaee4-35e5-4526-9ec2-86d2b42bb6e9-groupManagement] INFO  server.RaftServerConfigKeys (ConfUtils.java:logGet(46)) - raft.server.log.async-flush.enabled = false (default)
2023-09-21 17:49:25,728 [30fcaee4-35e5-4526-9ec2-86d2b42bb6e9-groupManagement] INFO  server.RaftServerConfigKeys (ConfUtils.java:logGet(46)) - raft.server.log.statemachine.data.caching.enabled = true (custom)
2023-09-21 17:49:25,728 [30fcaee4-35e5-4526-9ec2-86d2b42bb6e9-groupManagement] INFO  segmented.SegmentedRaftLogWorker (SegmentedRaftLogWorker.java:lambda$new$0(135)) - 30fcaee4-35e5-4526-9ec2-86d2b42bb6e9@group-F0C266240665-SegmentedRaftLogWorker: flushIndex: setUnconditionally 0 -> -1
2023-09-21 17:49:25,729 [30fcaee4-35e5-4526-9ec2-86d2b42bb6e9-groupManagement] INFO  segmented.SegmentedRaftLogWorker (SegmentedRaftLogWorker.java:lambda$new$0(135)) - 30fcaee4-35e5-4526-9ec2-86d2b42bb6e9@group-F0C266240665-SegmentedRaftLogWorker: safeCacheEvictIndex: setUnconditionally 0 -> -1
2023-09-21 17:49:25,737 [30fcaee4-35e5-4526-9ec2-86d2b42bb6e9-groupManagement] INFO  server.RaftServer$Division (RaftServerImpl.java:start(342)) - 30fcaee4-35e5-4526-9ec2-86d2b42bb6e9@group-F0C266240665: start as a follower, conf=-1: peers:[30fcaee4-35e5-4526-9ec2-86d2b42bb6e9|rpc:10.1.0.8:15023|admin:10.1.0.8:15022|client:10.1.0.8:15021|dataStream:10.1.0.8:15024|priority:1|startupRole:FOLLOWER]|listeners:[], old=null
2023-09-21 17:49:25,737 [30fcaee4-35e5-4526-9ec2-86d2b42bb6e9-groupManagement] INFO  server.RaftServer$Division (RaftServerImpl.java:setRole(329)) - 30fcaee4-35e5-4526-9ec2-86d2b42bb6e9@group-F0C266240665: changes role from      null to FOLLOWER at term 0 for startAsFollower
2023-09-21 17:49:25,738 [30fcaee4-35e5-4526-9ec2-86d2b42bb6e9-groupManagement] INFO  impl.RoleInfo (RoleInfo.java:updateAndGet(139)) - 30fcaee4-35e5-4526-9ec2-86d2b42bb6e9: start 30fcaee4-35e5-4526-9ec2-86d2b42bb6e9@group-F0C266240665-FollowerState
2023-09-21 17:49:25,740 [30fcaee4-35e5-4526-9ec2-86d2b42bb6e9-groupManagement] INFO  util.JmxRegister (JmxRegister.java:tryRegister(44)) - Successfully registered JMX Bean with object name Ratis:service=RaftServer,group=group-F0C266240665,id=30fcaee4-35e5-4526-9ec2-86d2b42bb6e9
2023-09-21 17:49:25,741 [30fcaee4-35e5-4526-9ec2-86d2b42bb6e9-groupManagement] INFO  server.RaftServerConfigKeys (ConfUtils.java:logGet(46)) - raft.server.snapshot.auto.trigger.enabled = true (custom)
2023-09-21 17:49:25,741 [30fcaee4-35e5-4526-9ec2-86d2b42bb6e9-groupManagement] INFO  server.RaftServerConfigKeys (ConfUtils.java:logGet(46)) - raft.server.snapshot.auto.trigger.threshold = 10000 (custom)
2023-09-21 17:49:25,741 [30fcaee4-35e5-4526-9ec2-86d2b42bb6e9-groupManagement] INFO  server.RaftServerConfigKeys (ConfUtils.java:logGet(46)) - raft.server.snapshot.retention.file.num = 5 (custom)
2023-09-21 17:49:25,741 [30fcaee4-35e5-4526-9ec2-86d2b42bb6e9-groupManagement] INFO  server.RaftServerConfigKeys (ConfUtils.java:logGet(46)) - raft.server.log.purge.upto.snapshot.index = false (default)
2023-09-21 17:49:25,745 [PipelineCommandHandlerThread-0] INFO  ratis.XceiverServerRatis (XceiverServerRatis.java:addGroup(804)) - Created group PipelineID=1ad0722c-d448-469b-bd3a-f0c266240665
2023-09-21 17:49:25,745 [PipelineCommandHandlerThread-0] INFO  commandhandler.CreatePipelineCommandHandler (CreatePipelineCommandHandler.java:lambda$handle$2(124)) - Created Pipeline RATIS ONE PipelineID=1ad0722c-d448-469b-bd3a-f0c266240665.
2023-09-21 17:49:25,746 [PipelineCommandHandlerThread-0] INFO  server.RaftServer (RaftServerProxy.java:addNew(98)) - 30fcaee4-35e5-4526-9ec2-86d2b42bb6e9: addNew group-92EF5A1E58C4:[0e5ca0ac-2c0a-4501-ade5-9887f0236797|rpc:10.1.0.8:15014|admin:10.1.0.8:15013|client:10.1.0.8:15012|dataStream:10.1.0.8:15015|priority:0|startupRole:FOLLOWER, 30fcaee4-35e5-4526-9ec2-86d2b42bb6e9|rpc:10.1.0.8:15023|admin:10.1.0.8:15022|client:10.1.0.8:15021|dataStream:10.1.0.8:15024|priority:1|startupRole:FOLLOWER, a7b87587-f54c-4106-951c-2cd85865b718|rpc:10.1.0.8:15032|admin:10.1.0.8:15031|client:10.1.0.8:15030|dataStream:10.1.0.8:15033|priority:0|startupRole:FOLLOWER] returns group-92EF5A1E58C4:java.util.concurrent.CompletableFuture@5f52501e[Not completed]
2023-09-21 17:49:25,748 [30fcaee4-35e5-4526-9ec2-86d2b42bb6e9-groupManagement] INFO  server.RaftServer$Division (RaftServerImpl.java:<init>(198)) - 30fcaee4-35e5-4526-9ec2-86d2b42bb6e9: new RaftServerImpl for group-92EF5A1E58C4:[0e5ca0ac-2c0a-4501-ade5-9887f0236797|rpc:10.1.0.8:15014|admin:10.1.0.8:15013|client:10.1.0.8:15012|dataStream:10.1.0.8:15015|priority:0|startupRole:FOLLOWER, 30fcaee4-35e5-4526-9ec2-86d2b42bb6e9|rpc:10.1.0.8:15023|admin:10.1.0.8:15022|client:10.1.0.8:15021|dataStream:10.1.0.8:15024|priority:1|startupRole:FOLLOWER, a7b87587-f54c-4106-951c-2cd85865b718|rpc:10.1.0.8:15032|admin:10.1.0.8:15031|client:10.1.0.8:15030|dataStream:10.1.0.8:15033|priority:0|startupRole:FOLLOWER] with ContainerStateMachine:uninitialized
2023-09-21 17:49:25,748 [30fcaee4-35e5-4526-9ec2-86d2b42bb6e9-groupManagement] INFO  server.RaftServerConfigKeys (ConfUtils.java:logGet(46)) - raft.server.rpc.timeout.min = 5s (custom)
2023-09-21 17:49:25,748 [30fcaee4-35e5-4526-9ec2-86d2b42bb6e9-groupManagement] INFO  server.RaftServerConfigKeys (ConfUtils.java:logGet(46)) - raft.server.rpc.timeout.max = 5200ms (custom)
2023-09-21 17:49:25,748 [30fcaee4-35e5-4526-9ec2-86d2b42bb6e9-groupManagement] INFO  server.RaftServerConfigKeys (ConfUtils.java:logGet(46)) - raft.server.rpc.sleep.time = 25ms (default)
2023-09-21 17:49:25,748 [30fcaee4-35e5-4526-9ec2-86d2b42bb6e9-groupManagement] INFO  server.RaftServerConfigKeys (ConfUtils.java:logGet(46)) - raft.server.rpc.slowness.timeout = 300s (custom)
2023-09-21 17:49:25,748 [30fcaee4-35e5-4526-9ec2-86d2b42bb6e9-groupManagement] INFO  server.RaftServerConfigKeys (ConfUtils.java:logGet(46)) - raft.server.leaderelection.leader.step-down.wait-time = 10s (default)
2023-09-21 17:49:25,748 [30fcaee4-35e5-4526-9ec2-86d2b42bb6e9-groupManagement] INFO  server.RaftServerConfigKeys (ConfUtils.java:logGet(46)) - raft.server.sleep.deviation.threshold = 300ms (default)
2023-09-21 17:49:25,748 [30fcaee4-35e5-4526-9ec2-86d2b42bb6e9-groupManagement] INFO  server.RaftServer$Division (ServerState.java:<init>(120)) - 30fcaee4-35e5-4526-9ec2-86d2b42bb6e9@group-92EF5A1E58C4: ConfigurationManager, init=-1: peers:[0e5ca0ac-2c0a-4501-ade5-9887f0236797|rpc:10.1.0.8:15014|admin:10.1.0.8:15013|client:10.1.0.8:15012|dataStream:10.1.0.8:15015|priority:0|startupRole:FOLLOWER, 30fcaee4-35e5-4526-9ec2-86d2b42bb6e9|rpc:10.1.0.8:15023|admin:10.1.0.8:15022|client:10.1.0.8:15021|dataStream:10.1.0.8:15024|priority:1|startupRole:FOLLOWER, a7b87587-f54c-4106-951c-2cd85865b718|rpc:10.1.0.8:15032|admin:10.1.0.8:15031|client:10.1.0.8:15030|dataStream:10.1.0.8:15033|priority:0|startupRole:FOLLOWER]|listeners:[], old=null, confs=<EMPTY_MAP>
2023-09-21 17:49:25,748 [30fcaee4-35e5-4526-9ec2-86d2b42bb6e9-groupManagement] INFO  server.RaftServerConfigKeys (ConfUtils.java:logGet(46)) - raft.server.storage.dir = [/home/runner/work/ozone/ozone/hadoop-ozone/integration-test/target/test-dir/MiniOzoneClusterImpl-ff0bea85-29d4-48e8-8c84-822e75daf04a/datanode-1/data/ratis] (custom)
2023-09-21 17:49:25,749 [30fcaee4-35e5-4526-9ec2-86d2b42bb6e9-groupManagement] INFO  server.RaftServerConfigKeys (ConfUtils.java:logGet(46)) - raft.server.log.corruption.policy = EXCEPTION (default)
2023-09-21 17:49:25,749 [30fcaee4-35e5-4526-9ec2-86d2b42bb6e9-groupManagement] INFO  server.RaftServerConfigKeys (ConfUtils.java:logGet(46)) - raft.server.storage.free-space.min = 0MB (=0) (default)
2023-09-21 17:49:25,749 [30fcaee4-35e5-4526-9ec2-86d2b42bb6e9-groupManagement] INFO  server.RaftServerConfigKeys (ConfUtils.java:logGet(46)) - raft.server.notification.no-leader.timeout = 300s (custom)
2023-09-21 17:49:25,749 [30fcaee4-35e5-4526-9ec2-86d2b42bb6e9-groupManagement] INFO  server.RaftServerConfigKeys (ConfUtils.java:logGet(46)) - raft.server.read.timeout = 10s (default)
2023-09-21 17:49:25,749 [30fcaee4-35e5-4526-9ec2-86d2b42bb6e9-groupManagement] INFO  server.RaftServerConfigKeys (ConfUtils.java:logGet(46)) - raft.server.retrycache.expirytime = 600000ms (custom)
2023-09-21 17:49:25,749 [30fcaee4-35e5-4526-9ec2-86d2b42bb6e9-groupManagement] INFO  server.RaftServerConfigKeys (ConfUtils.java:logGet(46)) - raft.server.retrycache.statistics.expirytime = 100μs (default)
2023-09-21 17:49:25,749 [30fcaee4-35e5-4526-9ec2-86d2b42bb6e9-groupManagement] INFO  server.RaftServerConfigKeys (ConfUtils.java:logGet(46)) - raft.server.read.option = DEFAULT (default)
2023-09-21 17:49:25,751 [30fcaee4-35e5-4526-9ec2-86d2b42bb6e9-groupManagement] INFO  server.RaftServerConfigKeys (ConfUtils.java:logGet(46)) - raft.server.rpc.request.timeout = 60s (custom)
2023-09-21 17:49:25,751 [30fcaee4-35e5-4526-9ec2-86d2b42bb6e9-groupManagement] INFO  server.RaftServerConfigKeys (ConfUtils.java:logGet(46)) - raft.server.log.appender.install.snapshot.enabled = false (custom)
2023-09-21 17:49:25,751 [30fcaee4-35e5-4526-9ec2-86d2b42bb6e9-groupManagement] INFO  server.RaftServerConfigKeys (ConfUtils.java:logGet(46)) - raft.server.threadpool.server.cached = true (default)
2023-09-21 17:49:25,752 [30fcaee4-35e5-4526-9ec2-86d2b42bb6e9-groupManagement] INFO  server.RaftServerConfigKeys (ConfUtils.java:logGet(46)) - raft.server.threadpool.server.size = 0 (default)
2023-09-21 17:49:25,752 [30fcaee4-35e5-4526-9ec2-86d2b42bb6e9-groupManagement] INFO  server.RaftServerConfigKeys (ConfUtils.java:logGet(46)) - raft.server.threadpool.client.cached = true (default)
2023-09-21 17:49:25,752 [30fcaee4-35e5-4526-9ec2-86d2b42bb6e9-groupManagement] INFO  server.RaftServerConfigKeys (ConfUtils.java:logGet(46)) - raft.server.threadpool.client.size = 0 (default)
2023-09-21 17:49:25,752 [30fcaee4-35e5-4526-9ec2-86d2b42bb6e9-groupManagement] INFO  storage.RaftStorageDirectory (RaftStorageDirectoryImpl.java:analyzeStorage(137)) - The storage directory /home/runner/work/ozone/ozone/hadoop-ozone/integration-test/target/test-dir/MiniOzoneClusterImpl-ff0bea85-29d4-48e8-8c84-822e75daf04a/datanode-1/data/ratis/d9f83d70-d99c-42a8-8fa6-92ef5a1e58c4 does not exist. Creating ...
2023-09-21 17:49:25,752 [30fcaee4-35e5-4526-9ec2-86d2b42bb6e9@group-F0C266240665-FollowerState] INFO  server.RaftServerConfigKeys (ConfUtils.java:logFallback(53)) - raft.server.rpc.first-election.timeout.min = 5s (fallback to raft.server.rpc.timeout.min)
2023-09-21 17:49:25,754 [30fcaee4-35e5-4526-9ec2-86d2b42bb6e9@group-F0C266240665-FollowerState] INFO  server.RaftServerConfigKeys (ConfUtils.java:logFallback(53)) - raft.server.rpc.first-election.timeout.max = 5200ms (fallback to raft.server.rpc.timeout.max)
2023-09-21 17:49:25,756 [30fcaee4-35e5-4526-9ec2-86d2b42bb6e9-groupManagement] INFO  storage.RaftStorageDirectory (RaftStorageDirectoryImpl.java:tryLock(231)) - Lock on /home/runner/work/ozone/ozone/hadoop-ozone/integration-test/target/test-dir/MiniOzoneClusterImpl-ff0bea85-29d4-48e8-8c84-822e75daf04a/datanode-1/data/ratis/d9f83d70-d99c-42a8-8fa6-92ef5a1e58c4/in_use.lock acquired by nodename 19454@fv-az259-227
2023-09-21 17:49:25,758 [30fcaee4-35e5-4526-9ec2-86d2b42bb6e9-groupManagement] INFO  storage.RaftStorage (RaftStorageImpl.java:format(96)) - Storage directory /home/runner/work/ozone/ozone/hadoop-ozone/integration-test/target/test-dir/MiniOzoneClusterImpl-ff0bea85-29d4-48e8-8c84-822e75daf04a/datanode-1/data/ratis/d9f83d70-d99c-42a8-8fa6-92ef5a1e58c4 has been successfully formatted.
2023-09-21 17:49:25,759 [30fcaee4-35e5-4526-9ec2-86d2b42bb6e9-groupManagement] INFO  ratis.ContainerStateMachine (ContainerStateMachine.java:loadSnapshot(262)) - group-92EF5A1E58C4: The snapshot info is null. Setting the last applied indexto:(t:0, i:~)
2023-09-21 17:49:25,759 [30fcaee4-35e5-4526-9ec2-86d2b42bb6e9-groupManagement] INFO  server.RaftServerConfigKeys (ConfUtils.java:logGet(46)) - raft.server.log.use.memory = false (default)
2023-09-21 17:49:25,761 [30fcaee4-35e5-4526-9ec2-86d2b42bb6e9-groupManagement] INFO  server.RaftServerConfigKeys (ConfUtils.java:logGet(46)) - raft.server.log.purge.gap = 1000000 (custom)
2023-09-21 17:49:25,761 [30fcaee4-35e5-4526-9ec2-86d2b42bb6e9-groupManagement] INFO  server.RaftServerConfigKeys (ConfUtils.java:logGet(46)) - raft.server.log.appender.buffer.byte-limit = 33554432 (custom)
2023-09-21 17:49:25,761 [30fcaee4-35e5-4526-9ec2-86d2b42bb6e9-groupManagement] INFO  server.RaftServerConfigKeys (ConfUtils.java:logGet(46)) - raft.server.log.statemachine.data.read.timeout = 1000ms (default)
2023-09-21 17:49:25,761 [30fcaee4-35e5-4526-9ec2-86d2b42bb6e9-groupManagement] INFO  server.RaftServerConfigKeys (ConfUtils.java:logGet(46)) - raft.server.log.purge.preservation.log.num = 0 (default)
2023-09-21 17:49:25,762 [EventQueue-OpenPipelineForHealthyPipelineSafeModeRule] INFO  safemode.SCMSafeModeManager (HealthyPipelineSafeModeRule.java:process(137)) - SCM in safe mode. Healthy pipelines reported count is 0, required healthy pipeline reported count is 1
2023-09-21 17:49:25,762 [30fcaee4-35e5-4526-9ec2-86d2b42bb6e9-groupManagement] INFO  server.RaftServerConfigKeys (ConfUtils.java:logGet(46)) - raft.server.log.segment.size.max = 1048576 (custom)
2023-09-21 17:49:25,763 [30fcaee4-35e5-4526-9ec2-86d2b42bb6e9-groupManagement] INFO  server.RaftServerConfigKeys (ConfUtils.java:logGet(46)) - raft.server.log.segment.cache.num.max = 2 (custom)
2023-09-21 17:49:25,763 [30fcaee4-35e5-4526-9ec2-86d2b42bb6e9-groupManagement] INFO  server.RaftServerConfigKeys (ConfUtils.java:logGet(46)) - raft.server.log.segment.cache.size.max = 200MB (=209715200) (default)
2023-09-21 17:49:25,763 [30fcaee4-35e5-4526-9ec2-86d2b42bb6e9-groupManagement] INFO  server.RaftServerConfigKeys (ConfUtils.java:logGet(46)) - raft.server.log.appender.buffer.byte-limit = 33554432 (custom)
2023-09-21 17:49:25,763 [30fcaee4-35e5-4526-9ec2-86d2b42bb6e9-groupManagement] INFO  segmented.SegmentedRaftLogWorker (SegmentedRaftLogWorker.java:<init>(188)) - new 30fcaee4-35e5-4526-9ec2-86d2b42bb6e9@group-92EF5A1E58C4-SegmentedRaftLogWorker for RaftStorageImpl:Storage Directory /home/runner/work/ozone/ozone/hadoop-ozone/integration-test/target/test-dir/MiniOzoneClusterImpl-ff0bea85-29d4-48e8-8c84-822e75daf04a/datanode-1/data/ratis/d9f83d70-d99c-42a8-8fa6-92ef5a1e58c4
2023-09-21 17:49:25,763 [30fcaee4-35e5-4526-9ec2-86d2b42bb6e9-groupManagement] INFO  server.RaftServerConfigKeys (ConfUtils.java:logGet(46)) - raft.server.log.queue.byte-limit = 4294967296 (custom)
2023-09-21 17:49:25,763 [30fcaee4-35e5-4526-9ec2-86d2b42bb6e9-groupManagement] INFO  server.RaftServerConfigKeys (ConfUtils.java:logGet(46)) - raft.server.log.queue.element-limit = 1024 (custom)
2023-09-21 17:49:25,763 [30fcaee4-35e5-4526-9ec2-86d2b42bb6e9-groupManagement] INFO  server.RaftServerConfigKeys (ConfUtils.java:logGet(46)) - raft.server.log.segment.size.max = 1048576 (custom)
2023-09-21 17:49:25,764 [30fcaee4-35e5-4526-9ec2-86d2b42bb6e9-groupManagement] INFO  server.RaftServerConfigKeys (ConfUtils.java:logGet(46)) - raft.server.log.preallocated.size = 16384 (custom)
2023-09-21 17:49:25,764 [30fcaee4-35e5-4526-9ec2-86d2b42bb6e9-groupManagement] INFO  server.RaftServerConfigKeys (ConfUtils.java:logGet(46)) - raft.server.log.force.sync.num = 128 (default)
2023-09-21 17:49:25,764 [30fcaee4-35e5-4526-9ec2-86d2b42bb6e9-groupManagement] INFO  server.RaftServerConfigKeys (ConfUtils.java:logGet(46)) - raft.server.log.statemachine.data.sync = true (default)
2023-09-21 17:49:25,764 [30fcaee4-35e5-4526-9ec2-86d2b42bb6e9-groupManagement] INFO  server.RaftServerConfigKeys (ConfUtils.java:logGet(46)) - raft.server.log.statemachine.data.sync.timeout = 10s (default)
2023-09-21 17:49:25,764 [30fcaee4-35e5-4526-9ec2-86d2b42bb6e9-groupManagement] INFO  server.RaftServerConfigKeys (ConfUtils.java:logGet(46)) - raft.server.log.statemachine.data.sync.timeout.retry = -1 (default)
2023-09-21 17:49:25,775 [30fcaee4-35e5-4526-9ec2-86d2b42bb6e9-groupManagement] INFO  server.RaftServerConfigKeys (ConfUtils.java:logGet(46)) - raft.server.log.write.buffer.size = 1048576 (custom)
2023-09-21 17:49:25,776 [30fcaee4-35e5-4526-9ec2-86d2b42bb6e9-groupManagement] INFO  server.RaftServerConfigKeys (ConfUtils.java:logGet(46)) - raft.server.log.appender.buffer.byte-limit = 33554432 (custom)
2023-09-21 17:49:25,785 [30fcaee4-35e5-4526-9ec2-86d2b42bb6e9-groupManagement] INFO  server.RaftServerConfigKeys (ConfUtils.java:logGet(46)) - raft.server.log.unsafe-flush.enabled = false (default)
2023-09-21 17:49:25,786 [30fcaee4-35e5-4526-9ec2-86d2b42bb6e9-groupManagement] INFO  server.RaftServerConfigKeys (ConfUtils.java:logGet(46)) - raft.server.log.async-flush.enabled = false (default)
2023-09-21 17:49:25,786 [30fcaee4-35e5-4526-9ec2-86d2b42bb6e9-groupManagement] INFO  server.RaftServerConfigKeys (ConfUtils.java:logGet(46)) - raft.server.log.statemachine.data.caching.enabled = true (custom)
2023-09-21 17:49:25,786 [30fcaee4-35e5-4526-9ec2-86d2b42bb6e9-groupManagement] INFO  segmented.SegmentedRaftLogWorker (SegmentedRaftLogWorker.java:lambda$new$0(135)) - 30fcaee4-35e5-4526-9ec2-86d2b42bb6e9@group-92EF5A1E58C4-SegmentedRaftLogWorker: flushIndex: setUnconditionally 0 -> -1
2023-09-21 17:49:25,786 [30fcaee4-35e5-4526-9ec2-86d2b42bb6e9-groupManagement] INFO  segmented.SegmentedRaftLogWorker (SegmentedRaftLogWorker.java:lambda$new$0(135)) - 30fcaee4-35e5-4526-9ec2-86d2b42bb6e9@group-92EF5A1E58C4-SegmentedRaftLogWorker: safeCacheEvictIndex: setUnconditionally 0 -> -1
2023-09-21 17:49:25,802 [30fcaee4-35e5-4526-9ec2-86d2b42bb6e9-groupManagement] INFO  server.RaftServer$Division (RaftServerImpl.java:start(342)) - 30fcaee4-35e5-4526-9ec2-86d2b42bb6e9@group-92EF5A1E58C4: start as a follower, conf=-1: peers:[0e5ca0ac-2c0a-4501-ade5-9887f0236797|rpc:10.1.0.8:15014|admin:10.1.0.8:15013|client:10.1.0.8:15012|dataStream:10.1.0.8:15015|priority:0|startupRole:FOLLOWER, 30fcaee4-35e5-4526-9ec2-86d2b42bb6e9|rpc:10.1.0.8:15023|admin:10.1.0.8:15022|client:10.1.0.8:15021|dataStream:10.1.0.8:15024|priority:1|startupRole:FOLLOWER, a7b87587-f54c-4106-951c-2cd85865b718|rpc:10.1.0.8:15032|admin:10.1.0.8:15031|client:10.1.0.8:15030|dataStream:10.1.0.8:15033|priority:0|startupRole:FOLLOWER]|listeners:[], old=null
2023-09-21 17:49:25,802 [30fcaee4-35e5-4526-9ec2-86d2b42bb6e9-groupManagement] INFO  server.RaftServer$Division (RaftServerImpl.java:setRole(329)) - 30fcaee4-35e5-4526-9ec2-86d2b42bb6e9@group-92EF5A1E58C4: changes role from      null to FOLLOWER at term 0 for startAsFollower
2023-09-21 17:49:25,803 [30fcaee4-35e5-4526-9ec2-86d2b42bb6e9-groupManagement] INFO  impl.RoleInfo (RoleInfo.java:updateAndGet(139)) - 30fcaee4-35e5-4526-9ec2-86d2b42bb6e9: start 30fcaee4-35e5-4526-9ec2-86d2b42bb6e9@group-92EF5A1E58C4-FollowerState
2023-09-21 17:49:25,809 [30fcaee4-35e5-4526-9ec2-86d2b42bb6e9-groupManagement] INFO  util.JmxRegister (JmxRegister.java:tryRegister(44)) - Successfully registered JMX Bean with object name Ratis:service=RaftServer,group=group-92EF5A1E58C4,id=30fcaee4-35e5-4526-9ec2-86d2b42bb6e9
2023-09-21 17:49:25,809 [30fcaee4-35e5-4526-9ec2-86d2b42bb6e9@group-92EF5A1E58C4-FollowerState] INFO  server.RaftServerConfigKeys (ConfUtils.java:logFallback(53)) - raft.server.rpc.first-election.timeout.min = 5s (fallback to raft.server.rpc.timeout.min)
2023-09-21 17:49:25,810 [30fcaee4-35e5-4526-9ec2-86d2b42bb6e9-groupManagement] INFO  server.RaftServerConfigKeys (ConfUtils.java:logGet(46)) - raft.server.snapshot.auto.trigger.enabled = true (custom)
2023-09-21 17:49:25,813 [30fcaee4-35e5-4526-9ec2-86d2b42bb6e9-groupManagement] INFO  server.RaftServerConfigKeys (ConfUtils.java:logGet(46)) - raft.server.snapshot.auto.trigger.threshold = 10000 (custom)
2023-09-21 17:49:25,813 [30fcaee4-35e5-4526-9ec2-86d2b42bb6e9-groupManagement] INFO  server.RaftServerConfigKeys (ConfUtils.java:logGet(46)) - raft.server.snapshot.retention.file.num = 5 (custom)
2023-09-21 17:49:25,813 [30fcaee4-35e5-4526-9ec2-86d2b42bb6e9-groupManagement] INFO  server.RaftServerConfigKeys (ConfUtils.java:logGet(46)) - raft.server.log.purge.upto.snapshot.index = false (default)
2023-09-21 17:49:25,814 [30fcaee4-35e5-4526-9ec2-86d2b42bb6e9@group-92EF5A1E58C4-FollowerState] INFO  server.RaftServerConfigKeys (ConfUtils.java:logFallback(53)) - raft.server.rpc.first-election.timeout.max = 5200ms (fallback to raft.server.rpc.timeout.max)
2023-09-21 17:49:25,824 [PipelineCommandHandlerThread-0] INFO  ratis.XceiverServerRatis (XceiverServerRatis.java:addGroup(804)) - Created group PipelineID=d9f83d70-d99c-42a8-8fa6-92ef5a1e58c4
2023-09-21 17:49:25,858 [main] INFO  ozone.MiniOzoneClusterImpl (MiniOzoneClusterImpl.java:lambda$waitForClusterToBeReady$0(229)) - Nodes are ready. Got 5 of 5 DN Heartbeats.
2023-09-21 17:49:25,859 [main] INFO  ozone.MiniOzoneClusterImpl (MiniOzoneClusterImpl.java:lambda$waitForClusterToBeReady$0(232)) - Waiting for cluster to exit safe mode
2023-09-21 17:49:25,859 [main] INFO  ozone.MiniOzoneClusterImpl (MiniOzoneClusterImpl.java:lambda$waitForClusterToBeReady$0(234)) - SCM became leader
2023-09-21 17:49:26,002 [grpc-default-executor-0] INFO  server.RaftServer (RaftServerProxy.java:addNew(98)) - a7b87587-f54c-4106-951c-2cd85865b718: addNew group-92EF5A1E58C4:[0e5ca0ac-2c0a-4501-ade5-9887f0236797|rpc:10.1.0.8:15014|admin:10.1.0.8:15013|client:10.1.0.8:15012|dataStream:10.1.0.8:15015|priority:0|startupRole:FOLLOWER, 30fcaee4-35e5-4526-9ec2-86d2b42bb6e9|rpc:10.1.0.8:15023|admin:10.1.0.8:15022|client:10.1.0.8:15021|dataStream:10.1.0.8:15024|priority:1|startupRole:FOLLOWER, a7b87587-f54c-4106-951c-2cd85865b718|rpc:10.1.0.8:15032|admin:10.1.0.8:15031|client:10.1.0.8:15030|dataStream:10.1.0.8:15033|priority:0|startupRole:FOLLOWER] returns group-92EF5A1E58C4:java.util.concurrent.CompletableFuture@74615009[Not completed]
2023-09-21 17:49:26,007 [a7b87587-f54c-4106-951c-2cd85865b718-groupManagement] INFO  server.RaftServer$Division (RaftServerImpl.java:<init>(198)) - a7b87587-f54c-4106-951c-2cd85865b718: new RaftServerImpl for group-92EF5A1E58C4:[0e5ca0ac-2c0a-4501-ade5-9887f0236797|rpc:10.1.0.8:15014|admin:10.1.0.8:15013|client:10.1.0.8:15012|dataStream:10.1.0.8:15015|priority:0|startupRole:FOLLOWER, 30fcaee4-35e5-4526-9ec2-86d2b42bb6e9|rpc:10.1.0.8:15023|admin:10.1.0.8:15022|client:10.1.0.8:15021|dataStream:10.1.0.8:15024|priority:1|startupRole:FOLLOWER, a7b87587-f54c-4106-951c-2cd85865b718|rpc:10.1.0.8:15032|admin:10.1.0.8:15031|client:10.1.0.8:15030|dataStream:10.1.0.8:15033|priority:0|startupRole:FOLLOWER] with ContainerStateMachine:uninitialized
2023-09-21 17:49:26,007 [a7b87587-f54c-4106-951c-2cd85865b718-groupManagement] INFO  server.RaftServerConfigKeys (ConfUtils.java:logGet(46)) - raft.server.rpc.timeout.min = 5s (custom)
2023-09-21 17:49:26,007 [a7b87587-f54c-4106-951c-2cd85865b718-groupManagement] INFO  server.RaftServerConfigKeys (ConfUtils.java:logGet(46)) - raft.server.rpc.timeout.max = 5200ms (custom)
2023-09-21 17:49:26,007 [a7b87587-f54c-4106-951c-2cd85865b718-groupManagement] INFO  server.RaftServerConfigKeys (ConfUtils.java:logGet(46)) - raft.server.rpc.sleep.time = 25ms (default)
2023-09-21 17:49:26,008 [a7b87587-f54c-4106-951c-2cd85865b718-groupManagement] INFO  server.RaftServerConfigKeys (ConfUtils.java:logGet(46)) - raft.server.rpc.slowness.timeout = 300s (custom)
2023-09-21 17:49:26,008 [a7b87587-f54c-4106-951c-2cd85865b718-groupManagement] INFO  server.RaftServerConfigKeys (ConfUtils.java:logGet(46)) - raft.server.leaderelection.leader.step-down.wait-time = 10s (default)
2023-09-21 17:49:26,008 [a7b87587-f54c-4106-951c-2cd85865b718-groupManagement] INFO  server.RaftServerConfigKeys (ConfUtils.java:logGet(46)) - raft.server.sleep.deviation.threshold = 300ms (default)
2023-09-21 17:49:26,008 [a7b87587-f54c-4106-951c-2cd85865b718-groupManagement] INFO  server.RaftServer$Division (ServerState.java:<init>(120)) - a7b87587-f54c-4106-951c-2cd85865b718@group-92EF5A1E58C4: ConfigurationManager, init=-1: peers:[0e5ca0ac-2c0a-4501-ade5-9887f0236797|rpc:10.1.0.8:15014|admin:10.1.0.8:15013|client:10.1.0.8:15012|dataStream:10.1.0.8:15015|priority:0|startupRole:FOLLOWER, 30fcaee4-35e5-4526-9ec2-86d2b42bb6e9|rpc:10.1.0.8:15023|admin:10.1.0.8:15022|client:10.1.0.8:15021|dataStream:10.1.0.8:15024|priority:1|startupRole:FOLLOWER, a7b87587-f54c-4106-951c-2cd85865b718|rpc:10.1.0.8:15032|admin:10.1.0.8:15031|client:10.1.0.8:15030|dataStream:10.1.0.8:15033|priority:0|startupRole:FOLLOWER]|listeners:[], old=null, confs=<EMPTY_MAP>
2023-09-21 17:49:26,008 [a7b87587-f54c-4106-951c-2cd85865b718-groupManagement] INFO  server.RaftServerConfigKeys (ConfUtils.java:logGet(46)) - raft.server.storage.dir = [/home/runner/work/ozone/ozone/hadoop-ozone/integration-test/target/test-dir/MiniOzoneClusterImpl-ff0bea85-29d4-48e8-8c84-822e75daf04a/datanode-2/data/ratis] (custom)
2023-09-21 17:49:26,009 [a7b87587-f54c-4106-951c-2cd85865b718-groupManagement] INFO  server.RaftServerConfigKeys (ConfUtils.java:logGet(46)) - raft.server.log.corruption.policy = EXCEPTION (default)
2023-09-21 17:49:26,009 [a7b87587-f54c-4106-951c-2cd85865b718-groupManagement] INFO  server.RaftServerConfigKeys (ConfUtils.java:logGet(46)) - raft.server.storage.free-space.min = 0MB (=0) (default)
2023-09-21 17:49:26,009 [a7b87587-f54c-4106-951c-2cd85865b718-groupManagement] INFO  server.RaftServerConfigKeys (ConfUtils.java:logGet(46)) - raft.server.notification.no-leader.timeout = 300s (custom)
2023-09-21 17:49:26,009 [a7b87587-f54c-4106-951c-2cd85865b718-groupManagement] INFO  server.RaftServerConfigKeys (ConfUtils.java:logGet(46)) - raft.server.read.timeout = 10s (default)
2023-09-21 17:49:26,009 [a7b87587-f54c-4106-951c-2cd85865b718-groupManagement] INFO  server.RaftServerConfigKeys (ConfUtils.java:logGet(46)) - raft.server.retrycache.expirytime = 600000ms (custom)
2023-09-21 17:49:26,009 [a7b87587-f54c-4106-951c-2cd85865b718-groupManagement] INFO  server.RaftServerConfigKeys (ConfUtils.java:logGet(46)) - raft.server.retrycache.statistics.expirytime = 100μs (default)
2023-09-21 17:49:26,009 [a7b87587-f54c-4106-951c-2cd85865b718-groupManagement] INFO  server.RaftServerConfigKeys (ConfUtils.java:logGet(46)) - raft.server.read.option = DEFAULT (default)
2023-09-21 17:49:26,012 [a7b87587-f54c-4106-951c-2cd85865b718-groupManagement] INFO  server.RaftServerConfigKeys (ConfUtils.java:logGet(46)) - raft.server.rpc.request.timeout = 60s (custom)
2023-09-21 17:49:26,012 [a7b87587-f54c-4106-951c-2cd85865b718-groupManagement] INFO  server.RaftServerConfigKeys (ConfUtils.java:logGet(46)) - raft.server.log.appender.install.snapshot.enabled = false (custom)
2023-09-21 17:49:26,012 [a7b87587-f54c-4106-951c-2cd85865b718-groupManagement] INFO  server.RaftServerConfigKeys (ConfUtils.java:logGet(46)) - raft.server.threadpool.server.cached = true (default)
2023-09-21 17:49:26,012 [a7b87587-f54c-4106-951c-2cd85865b718-groupManagement] INFO  server.RaftServerConfigKeys (ConfUtils.java:logGet(46)) - raft.server.threadpool.server.size = 0 (default)
2023-09-21 17:49:26,012 [a7b87587-f54c-4106-951c-2cd85865b718-groupManagement] INFO  server.RaftServerConfigKeys (ConfUtils.java:logGet(46)) - raft.server.threadpool.client.cached = true (default)
2023-09-21 17:49:26,012 [a7b87587-f54c-4106-951c-2cd85865b718-groupManagement] INFO  server.RaftServerConfigKeys (ConfUtils.java:logGet(46)) - raft.server.threadpool.client.size = 0 (default)
2023-09-21 17:49:26,014 [a7b87587-f54c-4106-951c-2cd85865b718-groupManagement] INFO  storage.RaftStorageDirectory (RaftStorageDirectoryImpl.java:analyzeStorage(137)) - The storage directory /home/runner/work/ozone/ozone/hadoop-ozone/integration-test/target/test-dir/MiniOzoneClusterImpl-ff0bea85-29d4-48e8-8c84-822e75daf04a/datanode-2/data/ratis/d9f83d70-d99c-42a8-8fa6-92ef5a1e58c4 does not exist. Creating ...
2023-09-21 17:49:26,018 [a7b87587-f54c-4106-951c-2cd85865b718-groupManagement] INFO  storage.RaftStorageDirectory (RaftStorageDirectoryImpl.java:tryLock(231)) - Lock on /home/runner/work/ozone/ozone/hadoop-ozone/integration-test/target/test-dir/MiniOzoneClusterImpl-ff0bea85-29d4-48e8-8c84-822e75daf04a/datanode-2/data/ratis/d9f83d70-d99c-42a8-8fa6-92ef5a1e58c4/in_use.lock acquired by nodename 19454@fv-az259-227
2023-09-21 17:49:26,021 [a7b87587-f54c-4106-951c-2cd85865b718-groupManagement] INFO  storage.RaftStorage (RaftStorageImpl.java:format(96)) - Storage directory /home/runner/work/ozone/ozone/hadoop-ozone/integration-test/target/test-dir/MiniOzoneClusterImpl-ff0bea85-29d4-48e8-8c84-822e75daf04a/datanode-2/data/ratis/d9f83d70-d99c-42a8-8fa6-92ef5a1e58c4 has been successfully formatted.
2023-09-21 17:49:26,028 [a7b87587-f54c-4106-951c-2cd85865b718-groupManagement] INFO  ratis.ContainerStateMachine (ContainerStateMachine.java:loadSnapshot(262)) - group-92EF5A1E58C4: The snapshot info is null. Setting the last applied indexto:(t:0, i:~)
2023-09-21 17:49:26,028 [a7b87587-f54c-4106-951c-2cd85865b718-groupManagement] INFO  server.RaftServerConfigKeys (ConfUtils.java:logGet(46)) - raft.server.log.use.memory = false (default)
2023-09-21 17:49:26,034 [a7b87587-f54c-4106-951c-2cd85865b718-groupManagement] INFO  server.RaftServerConfigKeys (ConfUtils.java:logGet(46)) - raft.server.log.purge.gap = 1000000 (custom)
2023-09-21 17:49:26,034 [a7b87587-f54c-4106-951c-2cd85865b718-groupManagement] INFO  server.RaftServerConfigKeys (ConfUtils.java:logGet(46)) - raft.server.log.appender.buffer.byte-limit = 33554432 (custom)
2023-09-21 17:49:26,034 [a7b87587-f54c-4106-951c-2cd85865b718-groupManagement] INFO  server.RaftServerConfigKeys (ConfUtils.java:logGet(46)) - raft.server.log.statemachine.data.read.timeout = 1000ms (default)
2023-09-21 17:49:26,034 [a7b87587-f54c-4106-951c-2cd85865b718-groupManagement] INFO  server.RaftServerConfigKeys (ConfUtils.java:logGet(46)) - raft.server.log.purge.preservation.log.num = 0 (default)
2023-09-21 17:49:26,035 [a7b87587-f54c-4106-951c-2cd85865b718-groupManagement] INFO  server.RaftServerConfigKeys (ConfUtils.java:logGet(46)) - raft.server.log.segment.size.max = 1048576 (custom)
2023-09-21 17:49:26,035 [a7b87587-f54c-4106-951c-2cd85865b718-groupManagement] INFO  server.RaftServerConfigKeys (ConfUtils.java:logGet(46)) - raft.server.log.segment.cache.num.max = 2 (custom)
2023-09-21 17:49:26,035 [a7b87587-f54c-4106-951c-2cd85865b718-groupManagement] INFO  server.RaftServerConfigKeys (ConfUtils.java:logGet(46)) - raft.server.log.segment.cache.size.max = 200MB (=209715200) (default)
2023-09-21 17:49:26,035 [a7b87587-f54c-4106-951c-2cd85865b718-groupManagement] INFO  server.RaftServerConfigKeys (ConfUtils.java:logGet(46)) - raft.server.log.appender.buffer.byte-limit = 33554432 (custom)
2023-09-21 17:49:26,036 [a7b87587-f54c-4106-951c-2cd85865b718-groupManagement] INFO  segmented.SegmentedRaftLogWorker (SegmentedRaftLogWorker.java:<init>(188)) - new a7b87587-f54c-4106-951c-2cd85865b718@group-92EF5A1E58C4-SegmentedRaftLogWorker for RaftStorageImpl:Storage Directory /home/runner/work/ozone/ozone/hadoop-ozone/integration-test/target/test-dir/MiniOzoneClusterImpl-ff0bea85-29d4-48e8-8c84-822e75daf04a/datanode-2/data/ratis/d9f83d70-d99c-42a8-8fa6-92ef5a1e58c4
2023-09-21 17:49:26,036 [a7b87587-f54c-4106-951c-2cd85865b718-groupManagement] INFO  server.RaftServerConfigKeys (ConfUtils.java:logGet(46)) - raft.server.log.queue.byte-limit = 4294967296 (custom)
2023-09-21 17:49:26,036 [a7b87587-f54c-4106-951c-2cd85865b718-groupManagement] INFO  server.RaftServerConfigKeys (ConfUtils.java:logGet(46)) - raft.server.log.queue.element-limit = 1024 (custom)
2023-09-21 17:49:26,036 [a7b87587-f54c-4106-951c-2cd85865b718-groupManagement] INFO  server.RaftServerConfigKeys (ConfUtils.java:logGet(46)) - raft.server.log.segment.size.max = 1048576 (custom)
2023-09-21 17:49:26,036 [a7b87587-f54c-4106-951c-2cd85865b718-groupManagement] INFO  server.RaftServerConfigKeys (ConfUtils.java:logGet(46)) - raft.server.log.preallocated.size = 16384 (custom)
2023-09-21 17:49:26,036 [a7b87587-f54c-4106-951c-2cd85865b718-groupManagement] INFO  server.RaftServerConfigKeys (ConfUtils.java:logGet(46)) - raft.server.log.force.sync.num = 128 (default)
2023-09-21 17:49:26,036 [a7b87587-f54c-4106-951c-2cd85865b718-groupManagement] INFO  server.RaftServerConfigKeys (ConfUtils.java:logGet(46)) - raft.server.log.statemachine.data.sync = true (default)
2023-09-21 17:49:26,036 [a7b87587-f54c-4106-951c-2cd85865b718-groupManagement] INFO  server.RaftServerConfigKeys (ConfUtils.java:logGet(46)) - raft.server.log.statemachine.data.sync.timeout = 10s (default)
2023-09-21 17:49:26,036 [a7b87587-f54c-4106-951c-2cd85865b718-groupManagement] INFO  server.RaftServerConfigKeys (ConfUtils.java:logGet(46)) - raft.server.log.statemachine.data.sync.timeout.retry = -1 (default)
2023-09-21 17:49:26,037 [a7b87587-f54c-4106-951c-2cd85865b718-groupManagement] INFO  server.RaftServerConfigKeys (ConfUtils.java:logGet(46)) - raft.server.log.write.buffer.size = 1048576 (custom)
2023-09-21 17:49:26,038 [a7b87587-f54c-4106-951c-2cd85865b718-groupManagement] INFO  server.RaftServerConfigKeys (ConfUtils.java:logGet(46)) - raft.server.log.appender.buffer.byte-limit = 33554432 (custom)
2023-09-21 17:49:26,052 [a7b87587-f54c-4106-951c-2cd85865b718-groupManagement] INFO  server.RaftServerConfigKeys (ConfUtils.java:logGet(46)) - raft.server.log.unsafe-flush.enabled = false (default)
2023-09-21 17:49:26,052 [a7b87587-f54c-4106-951c-2cd85865b718-groupManagement] INFO  server.RaftServerConfigKeys (ConfUtils.java:logGet(46)) - raft.server.log.async-flush.enabled = false (default)
2023-09-21 17:49:26,052 [a7b87587-f54c-4106-951c-2cd85865b718-groupManagement] INFO  server.RaftServerConfigKeys (ConfUtils.java:logGet(46)) - raft.server.log.statemachine.data.caching.enabled = true (custom)
2023-09-21 17:49:26,057 [a7b87587-f54c-4106-951c-2cd85865b718-groupManagement] INFO  segmented.SegmentedRaftLogWorker (SegmentedRaftLogWorker.java:lambda$new$0(135)) - a7b87587-f54c-4106-951c-2cd85865b718@group-92EF5A1E58C4-SegmentedRaftLogWorker: flushIndex: setUnconditionally 0 -> -1
2023-09-21 17:49:26,057 [a7b87587-f54c-4106-951c-2cd85865b718-groupManagement] INFO  segmented.SegmentedRaftLogWorker (SegmentedRaftLogWorker.java:lambda$new$0(135)) - a7b87587-f54c-4106-951c-2cd85865b718@group-92EF5A1E58C4-SegmentedRaftLogWorker: safeCacheEvictIndex: setUnconditionally 0 -> -1
2023-09-21 17:49:26,059 [a7b87587-f54c-4106-951c-2cd85865b718-groupManagement] INFO  server.RaftServer$Division (RaftServerImpl.java:start(342)) - a7b87587-f54c-4106-951c-2cd85865b718@group-92EF5A1E58C4: start as a follower, conf=-1: peers:[0e5ca0ac-2c0a-4501-ade5-9887f0236797|rpc:10.1.0.8:15014|admin:10.1.0.8:15013|client:10.1.0.8:15012|dataStream:10.1.0.8:15015|priority:0|startupRole:FOLLOWER, 30fcaee4-35e5-4526-9ec2-86d2b42bb6e9|rpc:10.1.0.8:15023|admin:10.1.0.8:15022|client:10.1.0.8:15021|dataStream:10.1.0.8:15024|priority:1|startupRole:FOLLOWER, a7b87587-f54c-4106-951c-2cd85865b718|rpc:10.1.0.8:15032|admin:10.1.0.8:15031|client:10.1.0.8:15030|dataStream:10.1.0.8:15033|priority:0|startupRole:FOLLOWER]|listeners:[], old=null
2023-09-21 17:49:26,060 [a7b87587-f54c-4106-951c-2cd85865b718-groupManagement] INFO  server.RaftServer$Division (RaftServerImpl.java:setRole(329)) - a7b87587-f54c-4106-951c-2cd85865b718@group-92EF5A1E58C4: changes role from      null to FOLLOWER at term 0 for startAsFollower
2023-09-21 17:49:26,060 [a7b87587-f54c-4106-951c-2cd85865b718-groupManagement] INFO  impl.RoleInfo (RoleInfo.java:updateAndGet(139)) - a7b87587-f54c-4106-951c-2cd85865b718: start a7b87587-f54c-4106-951c-2cd85865b718@group-92EF5A1E58C4-FollowerState
2023-09-21 17:49:26,066 [a7b87587-f54c-4106-951c-2cd85865b718-groupManagement] INFO  util.JmxRegister (JmxRegister.java:tryRegister(44)) - Successfully registered JMX Bean with object name Ratis:service=RaftServer,group=group-92EF5A1E58C4,id=a7b87587-f54c-4106-951c-2cd85865b718
2023-09-21 17:49:26,067 [a7b87587-f54c-4106-951c-2cd85865b718-groupManagement] INFO  server.RaftServerConfigKeys (ConfUtils.java:logGet(46)) - raft.server.snapshot.auto.trigger.enabled = true (custom)
2023-09-21 17:49:26,067 [a7b87587-f54c-4106-951c-2cd85865b718-groupManagement] INFO  server.RaftServerConfigKeys (ConfUtils.java:logGet(46)) - raft.server.snapshot.auto.trigger.threshold = 10000 (custom)
2023-09-21 17:49:26,067 [a7b87587-f54c-4106-951c-2cd85865b718-groupManagement] INFO  server.RaftServerConfigKeys (ConfUtils.java:logGet(46)) - raft.server.snapshot.retention.file.num = 5 (custom)
2023-09-21 17:49:26,067 [a7b87587-f54c-4106-951c-2cd85865b718-groupManagement] INFO  server.RaftServerConfigKeys (ConfUtils.java:logGet(46)) - raft.server.log.purge.upto.snapshot.index = false (default)
2023-09-21 17:49:26,067 [a7b87587-f54c-4106-951c-2cd85865b718@group-92EF5A1E58C4-FollowerState] INFO  server.RaftServerConfigKeys (ConfUtils.java:logFallback(53)) - raft.server.rpc.first-election.timeout.min = 5s (fallback to raft.server.rpc.timeout.min)
2023-09-21 17:49:26,075 [a7b87587-f54c-4106-951c-2cd85865b718@group-92EF5A1E58C4-FollowerState] INFO  server.RaftServerConfigKeys (ConfUtils.java:logFallback(53)) - raft.server.rpc.first-election.timeout.max = 5200ms (fallback to raft.server.rpc.timeout.max)
2023-09-21 17:49:26,084 [a7b87587-f54c-4106-951c-2cd85865b718-groupManagement] INFO  server.RaftServer$Division (RaftServerImpl.java:<init>(198)) - a7b87587-f54c-4106-951c-2cd85865b718: new RaftServerImpl for group-0EFE4F1C4BA6:[a7b87587-f54c-4106-951c-2cd85865b718|rpc:10.1.0.8:15032|admin:10.1.0.8:15031|client:10.1.0.8:15030|dataStream:10.1.0.8:15033|priority:1|startupRole:FOLLOWER] with ContainerStateMachine:uninitialized
2023-09-21 17:49:26,084 [a7b87587-f54c-4106-951c-2cd85865b718-groupManagement] INFO  server.RaftServerConfigKeys (ConfUtils.java:logGet(46)) - raft.server.rpc.timeout.min = 5s (custom)
2023-09-21 17:49:26,085 [a7b87587-f54c-4106-951c-2cd85865b718-groupManagement] INFO  server.RaftServerConfigKeys (ConfUtils.java:logGet(46)) - raft.server.rpc.timeout.max = 5200ms (custom)
2023-09-21 17:49:26,085 [a7b87587-f54c-4106-951c-2cd85865b718-groupManagement] INFO  server.RaftServerConfigKeys (ConfUtils.java:logGet(46)) - raft.server.rpc.sleep.time = 25ms (default)
2023-09-21 17:49:26,085 [a7b87587-f54c-4106-951c-2cd85865b718-groupManagement] INFO  server.RaftServerConfigKeys (ConfUtils.java:logGet(46)) - raft.server.rpc.slowness.timeout = 300s (custom)
2023-09-21 17:49:26,085 [a7b87587-f54c-4106-951c-2cd85865b718-groupManagement] INFO  server.RaftServerConfigKeys (ConfUtils.java:logGet(46)) - raft.server.leaderelection.leader.step-down.wait-time = 10s (default)
2023-09-21 17:49:26,085 [a7b87587-f54c-4106-951c-2cd85865b718-groupManagement] INFO  server.RaftServerConfigKeys (ConfUtils.java:logGet(46)) - raft.server.sleep.deviation.threshold = 300ms (default)
2023-09-21 17:49:26,085 [a7b87587-f54c-4106-951c-2cd85865b718-groupManagement] INFO  server.RaftServer$Division (ServerState.java:<init>(120)) - a7b87587-f54c-4106-951c-2cd85865b718@group-0EFE4F1C4BA6: ConfigurationManager, init=-1: peers:[a7b87587-f54c-4106-951c-2cd85865b718|rpc:10.1.0.8:15032|admin:10.1.0.8:15031|client:10.1.0.8:15030|dataStream:10.1.0.8:15033|priority:1|startupRole:FOLLOWER]|listeners:[], old=null, confs=<EMPTY_MAP>
2023-09-21 17:49:26,085 [a7b87587-f54c-4106-951c-2cd85865b718-groupManagement] INFO  server.RaftServerConfigKeys (ConfUtils.java:logGet(46)) - raft.server.storage.dir = [/home/runner/work/ozone/ozone/hadoop-ozone/integration-test/target/test-dir/MiniOzoneClusterImpl-ff0bea85-29d4-48e8-8c84-822e75daf04a/datanode-2/data/ratis] (custom)
2023-09-21 17:49:26,085 [a7b87587-f54c-4106-951c-2cd85865b718-groupManagement] INFO  server.RaftServerConfigKeys (ConfUtils.java:logGet(46)) - raft.server.log.corruption.policy = EXCEPTION (default)
2023-09-21 17:49:26,085 [a7b87587-f54c-4106-951c-2cd85865b718-groupManagement] INFO  server.RaftServerConfigKeys (ConfUtils.java:logGet(46)) - raft.server.storage.free-space.min = 0MB (=0) (default)
2023-09-21 17:49:26,086 [a7b87587-f54c-4106-951c-2cd85865b718-groupManagement] INFO  server.RaftServerConfigKeys (ConfUtils.java:logGet(46)) - raft.server.notification.no-leader.timeout = 300s (custom)
2023-09-21 17:49:26,086 [a7b87587-f54c-4106-951c-2cd85865b718-groupManagement] INFO  server.RaftServerConfigKeys (ConfUtils.java:logGet(46)) - raft.server.read.timeout = 10s (default)
2023-09-21 17:49:26,086 [a7b87587-f54c-4106-951c-2cd85865b718-groupManagement] INFO  server.RaftServerConfigKeys (ConfUtils.java:logGet(46)) - raft.server.retrycache.expirytime = 600000ms (custom)
2023-09-21 17:49:26,086 [a7b87587-f54c-4106-951c-2cd85865b718-groupManagement] INFO  server.RaftServerConfigKeys (ConfUtils.java:logGet(46)) - raft.server.retrycache.statistics.expirytime = 100μs (default)
2023-09-21 17:49:26,087 [a7b87587-f54c-4106-951c-2cd85865b718-groupManagement] INFO  server.RaftServerConfigKeys (ConfUtils.java:logGet(46)) - raft.server.read.option = DEFAULT (default)
2023-09-21 17:49:26,088 [a7b87587-f54c-4106-951c-2cd85865b718-groupManagement] INFO  server.RaftServerConfigKeys (ConfUtils.java:logGet(46)) - raft.server.rpc.request.timeout = 60s (custom)
2023-09-21 17:49:26,088 [a7b87587-f54c-4106-951c-2cd85865b718-groupManagement] INFO  server.RaftServerConfigKeys (ConfUtils.java:logGet(46)) - raft.server.log.appender.install.snapshot.enabled = false (custom)
2023-09-21 17:49:26,088 [a7b87587-f54c-4106-951c-2cd85865b718-groupManagement] INFO  server.RaftServerConfigKeys (ConfUtils.java:logGet(46)) - raft.server.threadpool.server.cached = true (default)
2023-09-21 17:49:26,088 [a7b87587-f54c-4106-951c-2cd85865b718-groupManagement] INFO  server.RaftServerConfigKeys (ConfUtils.java:logGet(46)) - raft.server.threadpool.server.size = 0 (default)
2023-09-21 17:49:26,088 [a7b87587-f54c-4106-951c-2cd85865b718-groupManagement] INFO  server.RaftServerConfigKeys (ConfUtils.java:logGet(46)) - raft.server.threadpool.client.cached = true (default)
2023-09-21 17:49:26,089 [a7b87587-f54c-4106-951c-2cd85865b718-groupManagement] INFO  server.RaftServerConfigKeys (ConfUtils.java:logGet(46)) - raft.server.threadpool.client.size = 0 (default)
2023-09-21 17:49:26,089 [PipelineCommandHandlerThread-0] INFO  server.RaftServer (RaftServerProxy.java:addNew(98)) - a7b87587-f54c-4106-951c-2cd85865b718: addNew group-0EFE4F1C4BA6:[a7b87587-f54c-4106-951c-2cd85865b718|rpc:10.1.0.8:15032|admin:10.1.0.8:15031|client:10.1.0.8:15030|dataStream:10.1.0.8:15033|priority:1|startupRole:FOLLOWER] returns group-0EFE4F1C4BA6:java.util.concurrent.CompletableFuture@1ecdc695[Not completed]
2023-09-21 17:49:26,089 [a7b87587-f54c-4106-951c-2cd85865b718-groupManagement] INFO  storage.RaftStorageDirectory (RaftStorageDirectoryImpl.java:analyzeStorage(137)) - The storage directory /home/runner/work/ozone/ozone/hadoop-ozone/integration-test/target/test-dir/MiniOzoneClusterImpl-ff0bea85-29d4-48e8-8c84-822e75daf04a/datanode-2/data/ratis/b9becf6b-c7a4-4c89-b99a-0efe4f1c4ba6 does not exist. Creating ...
2023-09-21 17:49:26,090 [a7b87587-f54c-4106-951c-2cd85865b718-groupManagement] INFO  storage.RaftStorageDirectory (RaftStorageDirectoryImpl.java:tryLock(231)) - Lock on /home/runner/work/ozone/ozone/hadoop-ozone/integration-test/target/test-dir/MiniOzoneClusterImpl-ff0bea85-29d4-48e8-8c84-822e75daf04a/datanode-2/data/ratis/b9becf6b-c7a4-4c89-b99a-0efe4f1c4ba6/in_use.lock acquired by nodename 19454@fv-az259-227
2023-09-21 17:49:26,092 [a7b87587-f54c-4106-951c-2cd85865b718-groupManagement] INFO  storage.RaftStorage (RaftStorageImpl.java:format(96)) - Storage directory /home/runner/work/ozone/ozone/hadoop-ozone/integration-test/target/test-dir/MiniOzoneClusterImpl-ff0bea85-29d4-48e8-8c84-822e75daf04a/datanode-2/data/ratis/b9becf6b-c7a4-4c89-b99a-0efe4f1c4ba6 has been successfully formatted.
2023-09-21 17:49:26,093 [a7b87587-f54c-4106-951c-2cd85865b718-groupManagement] INFO  ratis.ContainerStateMachine (ContainerStateMachine.java:loadSnapshot(262)) - group-0EFE4F1C4BA6: The snapshot info is null. Setting the last applied indexto:(t:0, i:~)
2023-09-21 17:49:26,093 [a7b87587-f54c-4106-951c-2cd85865b718-groupManagement] INFO  server.RaftServerConfigKeys (ConfUtils.java:logGet(46)) - raft.server.log.use.memory = false (default)
2023-09-21 17:49:26,093 [a7b87587-f54c-4106-951c-2cd85865b718-groupManagement] INFO  server.RaftServerConfigKeys (ConfUtils.java:logGet(46)) - raft.server.log.purge.gap = 1000000 (custom)
2023-09-21 17:49:26,093 [a7b87587-f54c-4106-951c-2cd85865b718-groupManagement] INFO  server.RaftServerConfigKeys (ConfUtils.java:logGet(46)) - raft.server.log.appender.buffer.byte-limit = 33554432 (custom)
2023-09-21 17:49:26,093 [a7b87587-f54c-4106-951c-2cd85865b718-groupManagement] INFO  server.RaftServerConfigKeys (ConfUtils.java:logGet(46)) - raft.server.log.statemachine.data.read.timeout = 1000ms (default)
2023-09-21 17:49:26,093 [a7b87587-f54c-4106-951c-2cd85865b718-groupManagement] INFO  server.RaftServerConfigKeys (ConfUtils.java:logGet(46)) - raft.server.log.purge.preservation.log.num = 0 (default)
2023-09-21 17:49:26,096 [EventQueue-PipelineReportForPipelineReportHandler] INFO  pipeline.PipelineReportHandler (PipelineReportHandler.java:processPipelineReport(136)) - Opened pipeline PipelineID=b9becf6b-c7a4-4c89-b99a-0efe4f1c4ba6
2023-09-21 17:49:26,096 [EventQueue-OpenPipelineForHealthyPipelineSafeModeRule] INFO  safemode.SCMSafeModeManager (HealthyPipelineSafeModeRule.java:process(137)) - SCM in safe mode. Healthy pipelines reported count is 0, required healthy pipeline reported count is 1
2023-09-21 17:49:26,097 [a7b87587-f54c-4106-951c-2cd85865b718-groupManagement] INFO  server.RaftServerConfigKeys (ConfUtils.java:logGet(46)) - raft.server.log.segment.size.max = 1048576 (custom)
2023-09-21 17:49:26,098 [a7b87587-f54c-4106-951c-2cd85865b718-groupManagement] INFO  server.RaftServerConfigKeys (ConfUtils.java:logGet(46)) - raft.server.log.segment.cache.num.max = 2 (custom)
2023-09-21 17:49:26,098 [a7b87587-f54c-4106-951c-2cd85865b718-groupManagement] INFO  server.RaftServerConfigKeys (ConfUtils.java:logGet(46)) - raft.server.log.segment.cache.size.max = 200MB (=209715200) (default)
2023-09-21 17:49:26,098 [a7b87587-f54c-4106-951c-2cd85865b718-groupManagement] INFO  server.RaftServerConfigKeys (ConfUtils.java:logGet(46)) - raft.server.log.appender.buffer.byte-limit = 33554432 (custom)
2023-09-21 17:49:26,098 [a7b87587-f54c-4106-951c-2cd85865b718-groupManagement] INFO  segmented.SegmentedRaftLogWorker (SegmentedRaftLogWorker.java:<init>(188)) - new a7b87587-f54c-4106-951c-2cd85865b718@group-0EFE4F1C4BA6-SegmentedRaftLogWorker for RaftStorageImpl:Storage Directory /home/runner/work/ozone/ozone/hadoop-ozone/integration-test/target/test-dir/MiniOzoneClusterImpl-ff0bea85-29d4-48e8-8c84-822e75daf04a/datanode-2/data/ratis/b9becf6b-c7a4-4c89-b99a-0efe4f1c4ba6
2023-09-21 17:49:26,098 [a7b87587-f54c-4106-951c-2cd85865b718-groupManagement] INFO  server.RaftServerConfigKeys (ConfUtils.java:logGet(46)) - raft.server.log.queue.byte-limit = 4294967296 (custom)
2023-09-21 17:49:26,098 [a7b87587-f54c-4106-951c-2cd85865b718-groupManagement] INFO  server.RaftServerConfigKeys (ConfUtils.java:logGet(46)) - raft.server.log.queue.element-limit = 1024 (custom)
2023-09-21 17:49:26,098 [a7b87587-f54c-4106-951c-2cd85865b718-groupManagement] INFO  server.RaftServerConfigKeys (ConfUtils.java:logGet(46)) - raft.server.log.segment.size.max = 1048576 (custom)
2023-09-21 17:49:26,098 [a7b87587-f54c-4106-951c-2cd85865b718-groupManagement] INFO  server.RaftServerConfigKeys (ConfUtils.java:logGet(46)) - raft.server.log.preallocated.size = 16384 (custom)
2023-09-21 17:49:26,099 [a7b87587-f54c-4106-951c-2cd85865b718-groupManagement] INFO  server.RaftServerConfigKeys (ConfUtils.java:logGet(46)) - raft.server.log.force.sync.num = 128 (default)
2023-09-21 17:49:26,099 [a7b87587-f54c-4106-951c-2cd85865b718-groupManagement] INFO  server.RaftServerConfigKeys (ConfUtils.java:logGet(46)) - raft.server.log.statemachine.data.sync = true (default)
2023-09-21 17:49:26,099 [a7b87587-f54c-4106-951c-2cd85865b718-groupManagement] INFO  server.RaftServerConfigKeys (ConfUtils.java:logGet(46)) - raft.server.log.statemachine.data.sync.timeout = 10s (default)
2023-09-21 17:49:26,099 [a7b87587-f54c-4106-951c-2cd85865b718-groupManagement] INFO  server.RaftServerConfigKeys (ConfUtils.java:logGet(46)) - raft.server.log.statemachine.data.sync.timeout.retry = -1 (default)
2023-09-21 17:49:26,100 [a7b87587-f54c-4106-951c-2cd85865b718-groupManagement] INFO  server.RaftServerConfigKeys (ConfUtils.java:logGet(46)) - raft.server.log.write.buffer.size = 1048576 (custom)
2023-09-21 17:49:26,101 [a7b87587-f54c-4106-951c-2cd85865b718-groupManagement] INFO  server.RaftServerConfigKeys (ConfUtils.java:logGet(46)) - raft.server.log.appender.buffer.byte-limit = 33554432 (custom)
2023-09-21 17:49:26,465 [JvmPauseMonitor3] WARN  util.JvmPauseMonitor (JvmPauseMonitor.java:detectPause(124)) - JvmPauseMonitor-30fcaee4-35e5-4526-9ec2-86d2b42bb6e9: Detected pause in JVM or host machine approximately 0.212s with 0.333s GC time.
GC pool 'PS MarkSweep' had collection(s): count=1 time=262ms
GC pool 'PS Scavenge' had collection(s): count=1 time=71ms
2023-09-21 17:49:26,465 [JvmPauseMonitor1] WARN  util.JvmPauseMonitor (JvmPauseMonitor.java:detectPause(124)) - JvmPauseMonitor-om1: Detected pause in JVM or host machine approximately 0.224s with 0.333s GC time.
GC pool 'PS MarkSweep' had collection(s): count=1 time=262ms
GC pool 'PS Scavenge' had collection(s): count=1 time=71ms
2023-09-21 17:49:26,465 [JvmPauseMonitor4] WARN  util.JvmPauseMonitor (JvmPauseMonitor.java:detectPause(124)) - JvmPauseMonitor-a7b87587-f54c-4106-951c-2cd85865b718: Detected pause in JVM or host machine approximately 0.306s with 0.333s GC time.
GC pool 'PS MarkSweep' had collection(s): count=1 time=262ms
GC pool 'PS Scavenge' had collection(s): count=1 time=71ms
2023-09-21 17:49:26,475 [a7b87587-f54c-4106-951c-2cd85865b718-groupManagement] INFO  server.RaftServerConfigKeys (ConfUtils.java:logGet(46)) - raft.server.log.unsafe-flush.enabled = false (default)
2023-09-21 17:49:26,475 [a7b87587-f54c-4106-951c-2cd85865b718-groupManagement] INFO  server.RaftServerConfigKeys (ConfUtils.java:logGet(46)) - raft.server.log.async-flush.enabled = false (default)
2023-09-21 17:49:26,475 [a7b87587-f54c-4106-951c-2cd85865b718-groupManagement] INFO  server.RaftServerConfigKeys (ConfUtils.java:logGet(46)) - raft.server.log.statemachine.data.caching.enabled = true (custom)
2023-09-21 17:49:26,475 [a7b87587-f54c-4106-951c-2cd85865b718-groupManagement] INFO  segmented.SegmentedRaftLogWorker (SegmentedRaftLogWorker.java:lambda$new$0(135)) - a7b87587-f54c-4106-951c-2cd85865b718@group-0EFE4F1C4BA6-SegmentedRaftLogWorker: flushIndex: setUnconditionally 0 -> -1
2023-09-21 17:49:26,475 [a7b87587-f54c-4106-951c-2cd85865b718-groupManagement] INFO  segmented.SegmentedRaftLogWorker (SegmentedRaftLogWorker.java:lambda$new$0(135)) - a7b87587-f54c-4106-951c-2cd85865b718@group-0EFE4F1C4BA6-SegmentedRaftLogWorker: safeCacheEvictIndex: setUnconditionally 0 -> -1
2023-09-21 17:49:26,482 [a7b87587-f54c-4106-951c-2cd85865b718-groupManagement] INFO  server.RaftServer$Division (RaftServerImpl.java:start(342)) - a7b87587-f54c-4106-951c-2cd85865b718@group-0EFE4F1C4BA6: start as a follower, conf=-1: peers:[a7b87587-f54c-4106-951c-2cd85865b718|rpc:10.1.0.8:15032|admin:10.1.0.8:15031|client:10.1.0.8:15030|dataStream:10.1.0.8:15033|priority:1|startupRole:FOLLOWER]|listeners:[], old=null
2023-09-21 17:49:26,482 [a7b87587-f54c-4106-951c-2cd85865b718-groupManagement] INFO  server.RaftServer$Division (RaftServerImpl.java:setRole(329)) - a7b87587-f54c-4106-951c-2cd85865b718@group-0EFE4F1C4BA6: changes role from      null to FOLLOWER at term 0 for startAsFollower
2023-09-21 17:49:26,482 [a7b87587-f54c-4106-951c-2cd85865b718-groupManagement] INFO  impl.RoleInfo (RoleInfo.java:updateAndGet(139)) - a7b87587-f54c-4106-951c-2cd85865b718: start a7b87587-f54c-4106-951c-2cd85865b718@group-0EFE4F1C4BA6-FollowerState
2023-09-21 17:49:26,485 [a7b87587-f54c-4106-951c-2cd85865b718-groupManagement] INFO  util.JmxRegister (JmxRegister.java:tryRegister(44)) - Successfully registered JMX Bean with object name Ratis:service=RaftServer,group=group-0EFE4F1C4BA6,id=a7b87587-f54c-4106-951c-2cd85865b718
2023-09-21 17:49:26,485 [a7b87587-f54c-4106-951c-2cd85865b718-groupManagement] INFO  server.RaftServerConfigKeys (ConfUtils.java:logGet(46)) - raft.server.snapshot.auto.trigger.enabled = true (custom)
2023-09-21 17:49:26,485 [a7b87587-f54c-4106-951c-2cd85865b718-groupManagement] INFO  server.RaftServerConfigKeys (ConfUtils.java:logGet(46)) - raft.server.snapshot.auto.trigger.threshold = 10000 (custom)
2023-09-21 17:49:26,485 [a7b87587-f54c-4106-951c-2cd85865b718-groupManagement] INFO  server.RaftServerConfigKeys (ConfUtils.java:logGet(46)) - raft.server.snapshot.retention.file.num = 5 (custom)
2023-09-21 17:49:26,485 [a7b87587-f54c-4106-951c-2cd85865b718-groupManagement] INFO  server.RaftServerConfigKeys (ConfUtils.java:logGet(46)) - raft.server.log.purge.upto.snapshot.index = false (default)
2023-09-21 17:49:26,495 [PipelineCommandHandlerThread-0] INFO  ratis.XceiverServerRatis (XceiverServerRatis.java:addGroup(804)) - Created group PipelineID=b9becf6b-c7a4-4c89-b99a-0efe4f1c4ba6
2023-09-21 17:49:26,495 [PipelineCommandHandlerThread-0] INFO  commandhandler.CreatePipelineCommandHandler (CreatePipelineCommandHandler.java:lambda$handle$2(124)) - Created Pipeline RATIS ONE PipelineID=b9becf6b-c7a4-4c89-b99a-0efe4f1c4ba6.
2023-09-21 17:49:26,496 [PipelineCommandHandlerThread-0] INFO  server.RaftServer (RaftServerProxy.java:addNew(98)) - a7b87587-f54c-4106-951c-2cd85865b718: addNew group-C0B5DB0F2F7A:[0e5ca0ac-2c0a-4501-ade5-9887f0236797|rpc:10.1.0.8:15014|admin:10.1.0.8:15013|client:10.1.0.8:15012|dataStream:10.1.0.8:15015|priority:0|startupRole:FOLLOWER, 30fcaee4-35e5-4526-9ec2-86d2b42bb6e9|rpc:10.1.0.8:15023|admin:10.1.0.8:15022|client:10.1.0.8:15021|dataStream:10.1.0.8:15024|priority:0|startupRole:FOLLOWER, a7b87587-f54c-4106-951c-2cd85865b718|rpc:10.1.0.8:15032|admin:10.1.0.8:15031|client:10.1.0.8:15030|dataStream:10.1.0.8:15033|priority:1|startupRole:FOLLOWER] returns group-C0B5DB0F2F7A:java.util.concurrent.CompletableFuture@100a3b3c[Not completed]
2023-09-21 17:49:26,498 [a7b87587-f54c-4106-951c-2cd85865b718-groupManagement] INFO  server.RaftServer$Division (RaftServerImpl.java:<init>(198)) - a7b87587-f54c-4106-951c-2cd85865b718: new RaftServerImpl for group-C0B5DB0F2F7A:[0e5ca0ac-2c0a-4501-ade5-9887f0236797|rpc:10.1.0.8:15014|admin:10.1.0.8:15013|client:10.1.0.8:15012|dataStream:10.1.0.8:15015|priority:0|startupRole:FOLLOWER, 30fcaee4-35e5-4526-9ec2-86d2b42bb6e9|rpc:10.1.0.8:15023|admin:10.1.0.8:15022|client:10.1.0.8:15021|dataStream:10.1.0.8:15024|priority:0|startupRole:FOLLOWER, a7b87587-f54c-4106-951c-2cd85865b718|rpc:10.1.0.8:15032|admin:10.1.0.8:15031|client:10.1.0.8:15030|dataStream:10.1.0.8:15033|priority:1|startupRole:FOLLOWER] with ContainerStateMachine:uninitialized
2023-09-21 17:49:26,498 [a7b87587-f54c-4106-951c-2cd85865b718-groupManagement] INFO  server.RaftServerConfigKeys (ConfUtils.java:logGet(46)) - raft.server.rpc.timeout.min = 5s (custom)
2023-09-21 17:49:26,498 [a7b87587-f54c-4106-951c-2cd85865b718-groupManagement] INFO  server.RaftServerConfigKeys (ConfUtils.java:logGet(46)) - raft.server.rpc.timeout.max = 5200ms (custom)
2023-09-21 17:49:26,498 [a7b87587-f54c-4106-951c-2cd85865b718-groupManagement] INFO  server.RaftServerConfigKeys (ConfUtils.java:logGet(46)) - raft.server.rpc.sleep.time = 25ms (default)
2023-09-21 17:49:26,498 [a7b87587-f54c-4106-951c-2cd85865b718-groupManagement] INFO  server.RaftServerConfigKeys (ConfUtils.java:logGet(46)) - raft.server.rpc.slowness.timeout = 300s (custom)
2023-09-21 17:49:26,498 [a7b87587-f54c-4106-951c-2cd85865b718-groupManagement] INFO  server.RaftServerConfigKeys (ConfUtils.java:logGet(46)) - raft.server.leaderelection.leader.step-down.wait-time = 10s (default)
2023-09-21 17:49:26,498 [a7b87587-f54c-4106-951c-2cd85865b718-groupManagement] INFO  server.RaftServerConfigKeys (ConfUtils.java:logGet(46)) - raft.server.sleep.deviation.threshold = 300ms (default)
2023-09-21 17:49:26,498 [a7b87587-f54c-4106-951c-2cd85865b718-groupManagement] INFO  server.RaftServer$Division (ServerState.java:<init>(120)) - a7b87587-f54c-4106-951c-2cd85865b718@group-C0B5DB0F2F7A: ConfigurationManager, init=-1: peers:[0e5ca0ac-2c0a-4501-ade5-9887f0236797|rpc:10.1.0.8:15014|admin:10.1.0.8:15013|client:10.1.0.8:15012|dataStream:10.1.0.8:15015|priority:0|startupRole:FOLLOWER, 30fcaee4-35e5-4526-9ec2-86d2b42bb6e9|rpc:10.1.0.8:15023|admin:10.1.0.8:15022|client:10.1.0.8:15021|dataStream:10.1.0.8:15024|priority:0|startupRole:FOLLOWER, a7b87587-f54c-4106-951c-2cd85865b718|rpc:10.1.0.8:15032|admin:10.1.0.8:15031|client:10.1.0.8:15030|dataStream:10.1.0.8:15033|priority:1|startupRole:FOLLOWER]|listeners:[], old=null, confs=<EMPTY_MAP>
2023-09-21 17:49:26,498 [a7b87587-f54c-4106-951c-2cd85865b718-groupManagement] INFO  server.RaftServerConfigKeys (ConfUtils.java:logGet(46)) - raft.server.storage.dir = [/home/runner/work/ozone/ozone/hadoop-ozone/integration-test/target/test-dir/MiniOzoneClusterImpl-ff0bea85-29d4-48e8-8c84-822e75daf04a/datanode-2/data/ratis] (custom)
2023-09-21 17:49:26,499 [a7b87587-f54c-4106-951c-2cd85865b718-groupManagement] INFO  server.RaftServerConfigKeys (ConfUtils.java:logGet(46)) - raft.server.log.corruption.policy = EXCEPTION (default)
2023-09-21 17:49:26,499 [a7b87587-f54c-4106-951c-2cd85865b718-groupManagement] INFO  server.RaftServerConfigKeys (ConfUtils.java:logGet(46)) - raft.server.storage.free-space.min = 0MB (=0) (default)
2023-09-21 17:49:26,499 [a7b87587-f54c-4106-951c-2cd85865b718-groupManagement] INFO  server.RaftServerConfigKeys (ConfUtils.java:logGet(46)) - raft.server.notification.no-leader.timeout = 300s (custom)
2023-09-21 17:49:26,499 [a7b87587-f54c-4106-951c-2cd85865b718-groupManagement] INFO  server.RaftServerConfigKeys (ConfUtils.java:logGet(46)) - raft.server.read.timeout = 10s (default)
2023-09-21 17:49:26,499 [a7b87587-f54c-4106-951c-2cd85865b718-groupManagement] INFO  server.RaftServerConfigKeys (ConfUtils.java:logGet(46)) - raft.server.retrycache.expirytime = 600000ms (custom)
2023-09-21 17:49:26,499 [a7b87587-f54c-4106-951c-2cd85865b718-groupManagement] INFO  server.RaftServerConfigKeys (ConfUtils.java:logGet(46)) - raft.server.retrycache.statistics.expirytime = 100μs (default)
2023-09-21 17:49:26,499 [a7b87587-f54c-4106-951c-2cd85865b718-groupManagement] INFO  server.RaftServerConfigKeys (ConfUtils.java:logGet(46)) - raft.server.read.option = DEFAULT (default)
2023-09-21 17:49:26,501 [a7b87587-f54c-4106-951c-2cd85865b718-groupManagement] INFO  server.RaftServerConfigKeys (ConfUtils.java:logGet(46)) - raft.server.rpc.request.timeout = 60s (custom)
2023-09-21 17:49:26,501 [a7b87587-f54c-4106-951c-2cd85865b718-groupManagement] INFO  server.RaftServerConfigKeys (ConfUtils.java:logGet(46)) - raft.server.log.appender.install.snapshot.enabled = false (custom)
2023-09-21 17:49:26,501 [a7b87587-f54c-4106-951c-2cd85865b718-groupManagement] INFO  server.RaftServerConfigKeys (ConfUtils.java:logGet(46)) - raft.server.threadpool.server.cached = true (default)
2023-09-21 17:49:26,501 [a7b87587-f54c-4106-951c-2cd85865b718-groupManagement] INFO  server.RaftServerConfigKeys (ConfUtils.java:logGet(46)) - raft.server.threadpool.server.size = 0 (default)
2023-09-21 17:49:26,502 [a7b87587-f54c-4106-951c-2cd85865b718-groupManagement] INFO  server.RaftServerConfigKeys (ConfUtils.java:logGet(46)) - raft.server.threadpool.client.cached = true (default)
2023-09-21 17:49:26,503 [a7b87587-f54c-4106-951c-2cd85865b718-groupManagement] INFO  server.RaftServerConfigKeys (ConfUtils.java:logGet(46)) - raft.server.threadpool.client.size = 0 (default)
2023-09-21 17:49:26,503 [a7b87587-f54c-4106-951c-2cd85865b718-groupManagement] INFO  storage.RaftStorageDirectory (RaftStorageDirectoryImpl.java:analyzeStorage(137)) - The storage directory /home/runner/work/ozone/ozone/hadoop-ozone/integration-test/target/test-dir/MiniOzoneClusterImpl-ff0bea85-29d4-48e8-8c84-822e75daf04a/datanode-2/data/ratis/b3ab9323-66ae-4fb2-a3f5-c0b5db0f2f7a does not exist. Creating ...
2023-09-21 17:49:26,504 [PipelineCommandHandlerThread-0] INFO  server.RaftServer (RaftServerProxy.java:addNew(98)) - f0cbc5a3-adab-43bd-bf32-77ed31e5ad54: addNew group-14A565BC799A:[f0cbc5a3-adab-43bd-bf32-77ed31e5ad54|rpc:10.1.0.8:15041|admin:10.1.0.8:15040|client:10.1.0.8:15039|dataStream:10.1.0.8:15042|priority:1|startupRole:FOLLOWER] returns group-14A565BC799A:java.util.concurrent.CompletableFuture@2127484e[Not completed]
2023-09-21 17:49:26,505 [a7b87587-f54c-4106-951c-2cd85865b718-groupManagement] INFO  storage.RaftStorageDirectory (RaftStorageDirectoryImpl.java:tryLock(231)) - Lock on /home/runner/work/ozone/ozone/hadoop-ozone/integration-test/target/test-dir/MiniOzoneClusterImpl-ff0bea85-29d4-48e8-8c84-822e75daf04a/datanode-2/data/ratis/b3ab9323-66ae-4fb2-a3f5-c0b5db0f2f7a/in_use.lock acquired by nodename 19454@fv-az259-227
2023-09-21 17:49:26,507 [f0cbc5a3-adab-43bd-bf32-77ed31e5ad54-groupManagement] INFO  server.RaftServer$Division (RaftServerImpl.java:<init>(198)) - f0cbc5a3-adab-43bd-bf32-77ed31e5ad54: new RaftServerImpl for group-14A565BC799A:[f0cbc5a3-adab-43bd-bf32-77ed31e5ad54|rpc:10.1.0.8:15041|admin:10.1.0.8:15040|client:10.1.0.8:15039|dataStream:10.1.0.8:15042|priority:1|startupRole:FOLLOWER] with ContainerStateMachine:uninitialized
2023-09-21 17:49:26,506 [a7b87587-f54c-4106-951c-2cd85865b718@group-0EFE4F1C4BA6-FollowerState] INFO  server.RaftServerConfigKeys (ConfUtils.java:logFallback(53)) - raft.server.rpc.first-election.timeout.min = 5s (fallback to raft.server.rpc.timeout.min)
2023-09-21 17:49:26,517 [a7b87587-f54c-4106-951c-2cd85865b718@group-0EFE4F1C4BA6-FollowerState] INFO  server.RaftServerConfigKeys (ConfUtils.java:logFallback(53)) - raft.server.rpc.first-election.timeout.max = 5200ms (fallback to raft.server.rpc.timeout.max)
2023-09-21 17:49:26,517 [f0cbc5a3-adab-43bd-bf32-77ed31e5ad54-groupManagement] INFO  server.RaftServerConfigKeys (ConfUtils.java:logGet(46)) - raft.server.rpc.timeout.min = 5s (custom)
2023-09-21 17:49:26,517 [f0cbc5a3-adab-43bd-bf32-77ed31e5ad54-groupManagement] INFO  server.RaftServerConfigKeys (ConfUtils.java:logGet(46)) - raft.server.rpc.timeout.max = 5200ms (custom)
2023-09-21 17:49:26,518 [f0cbc5a3-adab-43bd-bf32-77ed31e5ad54-groupManagement] INFO  server.RaftServerConfigKeys (ConfUtils.java:logGet(46)) - raft.server.rpc.sleep.time = 25ms (default)
2023-09-21 17:49:26,518 [f0cbc5a3-adab-43bd-bf32-77ed31e5ad54-groupManagement] INFO  server.RaftServerConfigKeys (ConfUtils.java:logGet(46)) - raft.server.rpc.slowness.timeout = 300s (custom)
2023-09-21 17:49:26,518 [f0cbc5a3-adab-43bd-bf32-77ed31e5ad54-groupManagement] INFO  server.RaftServerConfigKeys (ConfUtils.java:logGet(46)) - raft.server.leaderelection.leader.step-down.wait-time = 10s (default)
2023-09-21 17:49:26,518 [f0cbc5a3-adab-43bd-bf32-77ed31e5ad54-groupManagement] INFO  server.RaftServerConfigKeys (ConfUtils.java:logGet(46)) - raft.server.sleep.deviation.threshold = 300ms (default)
2023-09-21 17:49:26,518 [f0cbc5a3-adab-43bd-bf32-77ed31e5ad54-groupManagement] INFO  server.RaftServer$Division (ServerState.java:<init>(120)) - f0cbc5a3-adab-43bd-bf32-77ed31e5ad54@group-14A565BC799A: ConfigurationManager, init=-1: peers:[f0cbc5a3-adab-43bd-bf32-77ed31e5ad54|rpc:10.1.0.8:15041|admin:10.1.0.8:15040|client:10.1.0.8:15039|dataStream:10.1.0.8:15042|priority:1|startupRole:FOLLOWER]|listeners:[], old=null, confs=<EMPTY_MAP>
2023-09-21 17:49:26,518 [f0cbc5a3-adab-43bd-bf32-77ed31e5ad54-groupManagement] INFO  server.RaftServerConfigKeys (ConfUtils.java:logGet(46)) - raft.server.storage.dir = [/home/runner/work/ozone/ozone/hadoop-ozone/integration-test/target/test-dir/MiniOzoneClusterImpl-ff0bea85-29d4-48e8-8c84-822e75daf04a/datanode-3/data/ratis] (custom)
2023-09-21 17:49:26,518 [f0cbc5a3-adab-43bd-bf32-77ed31e5ad54-groupManagement] INFO  server.RaftServerConfigKeys (ConfUtils.java:logGet(46)) - raft.server.log.corruption.policy = EXCEPTION (default)
2023-09-21 17:49:26,518 [f0cbc5a3-adab-43bd-bf32-77ed31e5ad54-groupManagement] INFO  server.RaftServerConfigKeys (ConfUtils.java:logGet(46)) - raft.server.storage.free-space.min = 0MB (=0) (default)
2023-09-21 17:49:26,518 [f0cbc5a3-adab-43bd-bf32-77ed31e5ad54-groupManagement] INFO  server.RaftServerConfigKeys (ConfUtils.java:logGet(46)) - raft.server.notification.no-leader.timeout = 300s (custom)
2023-09-21 17:49:26,519 [f0cbc5a3-adab-43bd-bf32-77ed31e5ad54-groupManagement] INFO  server.RaftServerConfigKeys (ConfUtils.java:logGet(46)) - raft.server.read.timeout = 10s (default)
2023-09-21 17:49:26,519 [f0cbc5a3-adab-43bd-bf32-77ed31e5ad54-groupManagement] INFO  server.RaftServerConfigKeys (ConfUtils.java:logGet(46)) - raft.server.retrycache.expirytime = 600000ms (custom)
2023-09-21 17:49:26,519 [f0cbc5a3-adab-43bd-bf32-77ed31e5ad54-groupManagement] INFO  server.RaftServerConfigKeys (ConfUtils.java:logGet(46)) - raft.server.retrycache.statistics.expirytime = 100μs (default)
2023-09-21 17:49:26,519 [f0cbc5a3-adab-43bd-bf32-77ed31e5ad54-groupManagement] INFO  server.RaftServerConfigKeys (ConfUtils.java:logGet(46)) - raft.server.read.option = DEFAULT (default)
2023-09-21 17:49:26,521 [a7b87587-f54c-4106-951c-2cd85865b718-groupManagement] INFO  storage.RaftStorage (RaftStorageImpl.java:format(96)) - Storage directory /home/runner/work/ozone/ozone/hadoop-ozone/integration-test/target/test-dir/MiniOzoneClusterImpl-ff0bea85-29d4-48e8-8c84-822e75daf04a/datanode-2/data/ratis/b3ab9323-66ae-4fb2-a3f5-c0b5db0f2f7a has been successfully formatted.
2023-09-21 17:49:26,522 [a7b87587-f54c-4106-951c-2cd85865b718-groupManagement] INFO  ratis.ContainerStateMachine (ContainerStateMachine.java:loadSnapshot(262)) - group-C0B5DB0F2F7A: The snapshot info is null. Setting the last applied indexto:(t:0, i:~)
2023-09-21 17:49:26,522 [a7b87587-f54c-4106-951c-2cd85865b718-groupManagement] INFO  server.RaftServerConfigKeys (ConfUtils.java:logGet(46)) - raft.server.log.use.memory = false (default)
2023-09-21 17:49:26,522 [a7b87587-f54c-4106-951c-2cd85865b718-groupManagement] INFO  server.RaftServerConfigKeys (ConfUtils.java:logGet(46)) - raft.server.log.purge.gap = 1000000 (custom)
2023-09-21 17:49:26,522 [a7b87587-f54c-4106-951c-2cd85865b718-groupManagement] INFO  server.RaftServerConfigKeys (ConfUtils.java:logGet(46)) - raft.server.log.appender.buffer.byte-limit = 33554432 (custom)
2023-09-21 17:49:26,522 [a7b87587-f54c-4106-951c-2cd85865b718-groupManagement] INFO  server.RaftServerConfigKeys (ConfUtils.java:logGet(46)) - raft.server.log.statemachine.data.read.timeout = 1000ms (default)
2023-09-21 17:49:26,522 [a7b87587-f54c-4106-951c-2cd85865b718-groupManagement] INFO  server.RaftServerConfigKeys (ConfUtils.java:logGet(46)) - raft.server.log.purge.preservation.log.num = 0 (default)
2023-09-21 17:49:26,523 [a7b87587-f54c-4106-951c-2cd85865b718-groupManagement] INFO  server.RaftServerConfigKeys (ConfUtils.java:logGet(46)) - raft.server.log.segment.size.max = 1048576 (custom)
2023-09-21 17:49:26,523 [a7b87587-f54c-4106-951c-2cd85865b718-groupManagement] INFO  server.RaftServerConfigKeys (ConfUtils.java:logGet(46)) - raft.server.log.segment.cache.num.max = 2 (custom)
2023-09-21 17:49:26,523 [a7b87587-f54c-4106-951c-2cd85865b718-groupManagement] INFO  server.RaftServerConfigKeys (ConfUtils.java:logGet(46)) - raft.server.log.segment.cache.size.max = 200MB (=209715200) (default)
2023-09-21 17:49:26,523 [a7b87587-f54c-4106-951c-2cd85865b718-groupManagement] INFO  server.RaftServerConfigKeys (ConfUtils.java:logGet(46)) - raft.server.log.appender.buffer.byte-limit = 33554432 (custom)
2023-09-21 17:49:26,523 [a7b87587-f54c-4106-951c-2cd85865b718-groupManagement] INFO  segmented.SegmentedRaftLogWorker (SegmentedRaftLogWorker.java:<init>(188)) - new a7b87587-f54c-4106-951c-2cd85865b718@group-C0B5DB0F2F7A-SegmentedRaftLogWorker for RaftStorageImpl:Storage Directory /home/runner/work/ozone/ozone/hadoop-ozone/integration-test/target/test-dir/MiniOzoneClusterImpl-ff0bea85-29d4-48e8-8c84-822e75daf04a/datanode-2/data/ratis/b3ab9323-66ae-4fb2-a3f5-c0b5db0f2f7a
2023-09-21 17:49:26,524 [a7b87587-f54c-4106-951c-2cd85865b718-groupManagement] INFO  server.RaftServerConfigKeys (ConfUtils.java:logGet(46)) - raft.server.log.queue.byte-limit = 4294967296 (custom)
2023-09-21 17:49:26,524 [a7b87587-f54c-4106-951c-2cd85865b718-groupManagement] INFO  server.RaftServerConfigKeys (ConfUtils.java:logGet(46)) - raft.server.log.queue.element-limit = 1024 (custom)
2023-09-21 17:49:26,524 [a7b87587-f54c-4106-951c-2cd85865b718-groupManagement] INFO  server.RaftServerConfigKeys (ConfUtils.java:logGet(46)) - raft.server.log.segment.size.max = 1048576 (custom)
2023-09-21 17:49:26,524 [a7b87587-f54c-4106-951c-2cd85865b718-groupManagement] INFO  server.RaftServerConfigKeys (ConfUtils.java:logGet(46)) - raft.server.log.preallocated.size = 16384 (custom)
2023-09-21 17:49:26,524 [a7b87587-f54c-4106-951c-2cd85865b718-groupManagement] INFO  server.RaftServerConfigKeys (ConfUtils.java:logGet(46)) - raft.server.log.force.sync.num = 128 (default)
2023-09-21 17:49:26,524 [a7b87587-f54c-4106-951c-2cd85865b718-groupManagement] INFO  server.RaftServerConfigKeys (ConfUtils.java:logGet(46)) - raft.server.log.statemachine.data.sync = true (default)
2023-09-21 17:49:26,524 [a7b87587-f54c-4106-951c-2cd85865b718-groupManagement] INFO  server.RaftServerConfigKeys (ConfUtils.java:logGet(46)) - raft.server.log.statemachine.data.sync.timeout = 10s (default)
2023-09-21 17:49:26,524 [a7b87587-f54c-4106-951c-2cd85865b718-groupManagement] INFO  server.RaftServerConfigKeys (ConfUtils.java:logGet(46)) - raft.server.log.statemachine.data.sync.timeout.retry = -1 (default)
2023-09-21 17:49:26,525 [a7b87587-f54c-4106-951c-2cd85865b718-groupManagement] INFO  server.RaftServerConfigKeys (ConfUtils.java:logGet(46)) - raft.server.log.write.buffer.size = 1048576 (custom)
2023-09-21 17:49:26,525 [f0cbc5a3-adab-43bd-bf32-77ed31e5ad54-groupManagement] INFO  server.RaftServerConfigKeys (ConfUtils.java:logGet(46)) - raft.server.rpc.request.timeout = 60s (custom)
2023-09-21 17:49:26,530 [f0cbc5a3-adab-43bd-bf32-77ed31e5ad54-groupManagement] INFO  server.RaftServerConfigKeys (ConfUtils.java:logGet(46)) - raft.server.log.appender.install.snapshot.enabled = false (custom)
2023-09-21 17:49:26,530 [f0cbc5a3-adab-43bd-bf32-77ed31e5ad54-groupManagement] INFO  server.RaftServerConfigKeys (ConfUtils.java:logGet(46)) - raft.server.threadpool.server.cached = true (default)
2023-09-21 17:49:26,530 [f0cbc5a3-adab-43bd-bf32-77ed31e5ad54-groupManagement] INFO  server.RaftServerConfigKeys (ConfUtils.java:logGet(46)) - raft.server.threadpool.server.size = 0 (default)
2023-09-21 17:49:26,530 [f0cbc5a3-adab-43bd-bf32-77ed31e5ad54-groupManagement] INFO  server.RaftServerConfigKeys (ConfUtils.java:logGet(46)) - raft.server.threadpool.client.cached = true (default)
2023-09-21 17:49:26,530 [f0cbc5a3-adab-43bd-bf32-77ed31e5ad54-groupManagement] INFO  server.RaftServerConfigKeys (ConfUtils.java:logGet(46)) - raft.server.threadpool.client.size = 0 (default)
2023-09-21 17:49:26,533 [f0cbc5a3-adab-43bd-bf32-77ed31e5ad54-groupManagement] INFO  storage.RaftStorageDirectory (RaftStorageDirectoryImpl.java:analyzeStorage(137)) - The storage directory /home/runner/work/ozone/ozone/hadoop-ozone/integration-test/target/test-dir/MiniOzoneClusterImpl-ff0bea85-29d4-48e8-8c84-822e75daf04a/datanode-3/data/ratis/74a9f029-060b-44bd-84f7-14a565bc799a does not exist. Creating ...
2023-09-21 17:49:26,534 [EventQueue-OpenPipelineForHealthyPipelineSafeModeRule] INFO  safemode.SCMSafeModeManager (HealthyPipelineSafeModeRule.java:process(137)) - SCM in safe mode. Healthy pipelines reported count is 0, required healthy pipeline reported count is 1
2023-09-21 17:49:26,534 [f0cbc5a3-adab-43bd-bf32-77ed31e5ad54-groupManagement] INFO  storage.RaftStorageDirectory (RaftStorageDirectoryImpl.java:tryLock(231)) - Lock on /home/runner/work/ozone/ozone/hadoop-ozone/integration-test/target/test-dir/MiniOzoneClusterImpl-ff0bea85-29d4-48e8-8c84-822e75daf04a/datanode-3/data/ratis/74a9f029-060b-44bd-84f7-14a565bc799a/in_use.lock acquired by nodename 19454@fv-az259-227
2023-09-21 17:49:26,535 [a7b87587-f54c-4106-951c-2cd85865b718-groupManagement] INFO  server.RaftServerConfigKeys (ConfUtils.java:logGet(46)) - raft.server.log.appender.buffer.byte-limit = 33554432 (custom)
2023-09-21 17:49:26,543 [a7b87587-f54c-4106-951c-2cd85865b718-groupManagement] INFO  server.RaftServerConfigKeys (ConfUtils.java:logGet(46)) - raft.server.log.unsafe-flush.enabled = false (default)
2023-09-21 17:49:26,543 [f0cbc5a3-adab-43bd-bf32-77ed31e5ad54-groupManagement] INFO  storage.RaftStorage (RaftStorageImpl.java:format(96)) - Storage directory /home/runner/work/ozone/ozone/hadoop-ozone/integration-test/target/test-dir/MiniOzoneClusterImpl-ff0bea85-29d4-48e8-8c84-822e75daf04a/datanode-3/data/ratis/74a9f029-060b-44bd-84f7-14a565bc799a has been successfully formatted.
2023-09-21 17:49:26,544 [a7b87587-f54c-4106-951c-2cd85865b718-groupManagement] INFO  server.RaftServerConfigKeys (ConfUtils.java:logGet(46)) - raft.server.log.async-flush.enabled = false (default)
2023-09-21 17:49:26,544 [a7b87587-f54c-4106-951c-2cd85865b718-groupManagement] INFO  server.RaftServerConfigKeys (ConfUtils.java:logGet(46)) - raft.server.log.statemachine.data.caching.enabled = true (custom)
2023-09-21 17:49:26,544 [a7b87587-f54c-4106-951c-2cd85865b718-groupManagement] INFO  segmented.SegmentedRaftLogWorker (SegmentedRaftLogWorker.java:lambda$new$0(135)) - a7b87587-f54c-4106-951c-2cd85865b718@group-C0B5DB0F2F7A-SegmentedRaftLogWorker: flushIndex: setUnconditionally 0 -> -1
2023-09-21 17:49:26,545 [a7b87587-f54c-4106-951c-2cd85865b718-groupManagement] INFO  segmented.SegmentedRaftLogWorker (SegmentedRaftLogWorker.java:lambda$new$0(135)) - a7b87587-f54c-4106-951c-2cd85865b718@group-C0B5DB0F2F7A-SegmentedRaftLogWorker: safeCacheEvictIndex: setUnconditionally 0 -> -1
2023-09-21 17:49:26,545 [a7b87587-f54c-4106-951c-2cd85865b718-groupManagement] INFO  server.RaftServer$Division (RaftServerImpl.java:start(342)) - a7b87587-f54c-4106-951c-2cd85865b718@group-C0B5DB0F2F7A: start as a follower, conf=-1: peers:[0e5ca0ac-2c0a-4501-ade5-9887f0236797|rpc:10.1.0.8:15014|admin:10.1.0.8:15013|client:10.1.0.8:15012|dataStream:10.1.0.8:15015|priority:0|startupRole:FOLLOWER, 30fcaee4-35e5-4526-9ec2-86d2b42bb6e9|rpc:10.1.0.8:15023|admin:10.1.0.8:15022|client:10.1.0.8:15021|dataStream:10.1.0.8:15024|priority:0|startupRole:FOLLOWER, a7b87587-f54c-4106-951c-2cd85865b718|rpc:10.1.0.8:15032|admin:10.1.0.8:15031|client:10.1.0.8:15030|dataStream:10.1.0.8:15033|priority:1|startupRole:FOLLOWER]|listeners:[], old=null
2023-09-21 17:49:26,545 [a7b87587-f54c-4106-951c-2cd85865b718-groupManagement] INFO  server.RaftServer$Division (RaftServerImpl.java:setRole(329)) - a7b87587-f54c-4106-951c-2cd85865b718@group-C0B5DB0F2F7A: changes role from      null to FOLLOWER at term 0 for startAsFollower
2023-09-21 17:49:26,545 [a7b87587-f54c-4106-951c-2cd85865b718-groupManagement] INFO  impl.RoleInfo (RoleInfo.java:updateAndGet(139)) - a7b87587-f54c-4106-951c-2cd85865b718: start a7b87587-f54c-4106-951c-2cd85865b718@group-C0B5DB0F2F7A-FollowerState
2023-09-21 17:49:26,553 [a7b87587-f54c-4106-951c-2cd85865b718-groupManagement] INFO  util.JmxRegister (JmxRegister.java:tryRegister(44)) - Successfully registered JMX Bean with object name Ratis:service=RaftServer,group=group-C0B5DB0F2F7A,id=a7b87587-f54c-4106-951c-2cd85865b718
2023-09-21 17:49:26,553 [a7b87587-f54c-4106-951c-2cd85865b718-groupManagement] INFO  server.RaftServerConfigKeys (ConfUtils.java:logGet(46)) - raft.server.snapshot.auto.trigger.enabled = true (custom)
2023-09-21 17:49:26,553 [a7b87587-f54c-4106-951c-2cd85865b718-groupManagement] INFO  server.RaftServerConfigKeys (ConfUtils.java:logGet(46)) - raft.server.snapshot.auto.trigger.threshold = 10000 (custom)
2023-09-21 17:49:26,553 [a7b87587-f54c-4106-951c-2cd85865b718-groupManagement] INFO  server.RaftServerConfigKeys (ConfUtils.java:logGet(46)) - raft.server.snapshot.retention.file.num = 5 (custom)
2023-09-21 17:49:26,553 [a7b87587-f54c-4106-951c-2cd85865b718-groupManagement] INFO  server.RaftServerConfigKeys (ConfUtils.java:logGet(46)) - raft.server.log.purge.upto.snapshot.index = false (default)
2023-09-21 17:49:26,553 [a7b87587-f54c-4106-951c-2cd85865b718@group-C0B5DB0F2F7A-FollowerState] INFO  server.RaftServerConfigKeys (ConfUtils.java:logFallback(53)) - raft.server.rpc.first-election.timeout.min = 5s (fallback to raft.server.rpc.timeout.min)
2023-09-21 17:49:26,569 [a7b87587-f54c-4106-951c-2cd85865b718@group-C0B5DB0F2F7A-FollowerState] INFO  server.RaftServerConfigKeys (ConfUtils.java:logFallback(53)) - raft.server.rpc.first-election.timeout.max = 5200ms (fallback to raft.server.rpc.timeout.max)
2023-09-21 17:49:26,566 [PipelineCommandHandlerThread-0] INFO  ratis.XceiverServerRatis (XceiverServerRatis.java:addGroup(804)) - Created group PipelineID=b3ab9323-66ae-4fb2-a3f5-c0b5db0f2f7a
2023-09-21 17:49:26,559 [f0cbc5a3-adab-43bd-bf32-77ed31e5ad54-groupManagement] INFO  ratis.ContainerStateMachine (ContainerStateMachine.java:loadSnapshot(262)) - group-14A565BC799A: The snapshot info is null. Setting the last applied indexto:(t:0, i:~)
2023-09-21 17:49:26,577 [f0cbc5a3-adab-43bd-bf32-77ed31e5ad54-groupManagement] INFO  server.RaftServerConfigKeys (ConfUtils.java:logGet(46)) - raft.server.log.use.memory = false (default)
2023-09-21 17:49:26,577 [f0cbc5a3-adab-43bd-bf32-77ed31e5ad54-groupManagement] INFO  server.RaftServerConfigKeys (ConfUtils.java:logGet(46)) - raft.server.log.purge.gap = 1000000 (custom)
2023-09-21 17:49:26,577 [f0cbc5a3-adab-43bd-bf32-77ed31e5ad54-groupManagement] INFO  server.RaftServerConfigKeys (ConfUtils.java:logGet(46)) - raft.server.log.appender.buffer.byte-limit = 33554432 (custom)
2023-09-21 17:49:26,578 [f0cbc5a3-adab-43bd-bf32-77ed31e5ad54-groupManagement] INFO  server.RaftServerConfigKeys (ConfUtils.java:logGet(46)) - raft.server.log.statemachine.data.read.timeout = 1000ms (default)
2023-09-21 17:49:26,578 [f0cbc5a3-adab-43bd-bf32-77ed31e5ad54-groupManagement] INFO  server.RaftServerConfigKeys (ConfUtils.java:logGet(46)) - raft.server.log.purge.preservation.log.num = 0 (default)
2023-09-21 17:49:26,578 [f0cbc5a3-adab-43bd-bf32-77ed31e5ad54-groupManagement] INFO  server.RaftServerConfigKeys (ConfUtils.java:logGet(46)) - raft.server.log.segment.size.max = 1048576 (custom)
2023-09-21 17:49:26,578 [f0cbc5a3-adab-43bd-bf32-77ed31e5ad54-groupManagement] INFO  server.RaftServerConfigKeys (ConfUtils.java:logGet(46)) - raft.server.log.segment.cache.num.max = 2 (custom)
2023-09-21 17:49:26,578 [f0cbc5a3-adab-43bd-bf32-77ed31e5ad54-groupManagement] INFO  server.RaftServerConfigKeys (ConfUtils.java:logGet(46)) - raft.server.log.segment.cache.size.max = 200MB (=209715200) (default)
2023-09-21 17:49:26,585 [EventQueue-PipelineReportForPipelineReportHandler] INFO  pipeline.PipelineReportHandler (PipelineReportHandler.java:processPipelineReport(136)) - Opened pipeline PipelineID=74a9f029-060b-44bd-84f7-14a565bc799a
2023-09-21 17:49:26,585 [EventQueue-OpenPipelineForHealthyPipelineSafeModeRule] INFO  safemode.SCMSafeModeManager (HealthyPipelineSafeModeRule.java:process(137)) - SCM in safe mode. Healthy pipelines reported count is 0, required healthy pipeline reported count is 1
2023-09-21 17:49:26,585 [f0cbc5a3-adab-43bd-bf32-77ed31e5ad54-groupManagement] INFO  server.RaftServerConfigKeys (ConfUtils.java:logGet(46)) - raft.server.log.appender.buffer.byte-limit = 33554432 (custom)
2023-09-21 17:49:26,585 [f0cbc5a3-adab-43bd-bf32-77ed31e5ad54-groupManagement] INFO  segmented.SegmentedRaftLogWorker (SegmentedRaftLogWorker.java:<init>(188)) - new f0cbc5a3-adab-43bd-bf32-77ed31e5ad54@group-14A565BC799A-SegmentedRaftLogWorker for RaftStorageImpl:Storage Directory /home/runner/work/ozone/ozone/hadoop-ozone/integration-test/target/test-dir/MiniOzoneClusterImpl-ff0bea85-29d4-48e8-8c84-822e75daf04a/datanode-3/data/ratis/74a9f029-060b-44bd-84f7-14a565bc799a
2023-09-21 17:49:26,586 [f0cbc5a3-adab-43bd-bf32-77ed31e5ad54-groupManagement] INFO  server.RaftServerConfigKeys (ConfUtils.java:logGet(46)) - raft.server.log.queue.byte-limit = 4294967296 (custom)
2023-09-21 17:49:26,586 [f0cbc5a3-adab-43bd-bf32-77ed31e5ad54-groupManagement] INFO  server.RaftServerConfigKeys (ConfUtils.java:logGet(46)) - raft.server.log.queue.element-limit = 1024 (custom)
2023-09-21 17:49:26,586 [f0cbc5a3-adab-43bd-bf32-77ed31e5ad54-groupManagement] INFO  server.RaftServerConfigKeys (ConfUtils.java:logGet(46)) - raft.server.log.segment.size.max = 1048576 (custom)
2023-09-21 17:49:26,586 [f0cbc5a3-adab-43bd-bf32-77ed31e5ad54-groupManagement] INFO  server.RaftServerConfigKeys (ConfUtils.java:logGet(46)) - raft.server.log.preallocated.size = 16384 (custom)
2023-09-21 17:49:26,586 [f0cbc5a3-adab-43bd-bf32-77ed31e5ad54-groupManagement] INFO  server.RaftServerConfigKeys (ConfUtils.java:logGet(46)) - raft.server.log.force.sync.num = 128 (default)
2023-09-21 17:49:26,586 [f0cbc5a3-adab-43bd-bf32-77ed31e5ad54-groupManagement] INFO  server.RaftServerConfigKeys (ConfUtils.java:logGet(46)) - raft.server.log.statemachine.data.sync = true (default)
2023-09-21 17:49:26,586 [f0cbc5a3-adab-43bd-bf32-77ed31e5ad54-groupManagement] INFO  server.RaftServerConfigKeys (ConfUtils.java:logGet(46)) - raft.server.log.statemachine.data.sync.timeout = 10s (default)
2023-09-21 17:49:26,586 [f0cbc5a3-adab-43bd-bf32-77ed31e5ad54-groupManagement] INFO  server.RaftServerConfigKeys (ConfUtils.java:logGet(46)) - raft.server.log.statemachine.data.sync.timeout.retry = -1 (default)
2023-09-21 17:49:26,587 [f0cbc5a3-adab-43bd-bf32-77ed31e5ad54-groupManagement] INFO  server.RaftServerConfigKeys (ConfUtils.java:logGet(46)) - raft.server.log.write.buffer.size = 1048576 (custom)
2023-09-21 17:49:26,588 [f0cbc5a3-adab-43bd-bf32-77ed31e5ad54-groupManagement] INFO  server.RaftServerConfigKeys (ConfUtils.java:logGet(46)) - raft.server.log.appender.buffer.byte-limit = 33554432 (custom)
2023-09-21 17:49:26,608 [f0cbc5a3-adab-43bd-bf32-77ed31e5ad54-groupManagement] INFO  server.RaftServerConfigKeys (ConfUtils.java:logGet(46)) - raft.server.log.unsafe-flush.enabled = false (default)
2023-09-21 17:49:26,608 [f0cbc5a3-adab-43bd-bf32-77ed31e5ad54-groupManagement] INFO  server.RaftServerConfigKeys (ConfUtils.java:logGet(46)) - raft.server.log.async-flush.enabled = false (default)
2023-09-21 17:49:26,608 [f0cbc5a3-adab-43bd-bf32-77ed31e5ad54-groupManagement] INFO  server.RaftServerConfigKeys (ConfUtils.java:logGet(46)) - raft.server.log.statemachine.data.caching.enabled = true (custom)
2023-09-21 17:49:26,626 [f0cbc5a3-adab-43bd-bf32-77ed31e5ad54-groupManagement] INFO  segmented.SegmentedRaftLogWorker (SegmentedRaftLogWorker.java:lambda$new$0(135)) - f0cbc5a3-adab-43bd-bf32-77ed31e5ad54@group-14A565BC799A-SegmentedRaftLogWorker: flushIndex: setUnconditionally 0 -> -1
2023-09-21 17:49:26,626 [f0cbc5a3-adab-43bd-bf32-77ed31e5ad54-groupManagement] INFO  segmented.SegmentedRaftLogWorker (SegmentedRaftLogWorker.java:lambda$new$0(135)) - f0cbc5a3-adab-43bd-bf32-77ed31e5ad54@group-14A565BC799A-SegmentedRaftLogWorker: safeCacheEvictIndex: setUnconditionally 0 -> -1
2023-09-21 17:49:26,642 [f0cbc5a3-adab-43bd-bf32-77ed31e5ad54-groupManagement] INFO  server.RaftServer$Division (RaftServerImpl.java:start(342)) - f0cbc5a3-adab-43bd-bf32-77ed31e5ad54@group-14A565BC799A: start as a follower, conf=-1: peers:[f0cbc5a3-adab-43bd-bf32-77ed31e5ad54|rpc:10.1.0.8:15041|admin:10.1.0.8:15040|client:10.1.0.8:15039|dataStream:10.1.0.8:15042|priority:1|startupRole:FOLLOWER]|listeners:[], old=null
2023-09-21 17:49:26,642 [f0cbc5a3-adab-43bd-bf32-77ed31e5ad54-groupManagement] INFO  server.RaftServer$Division (RaftServerImpl.java:setRole(329)) - f0cbc5a3-adab-43bd-bf32-77ed31e5ad54@group-14A565BC799A: changes role from      null to FOLLOWER at term 0 for startAsFollower
2023-09-21 17:49:26,642 [f0cbc5a3-adab-43bd-bf32-77ed31e5ad54-groupManagement] INFO  impl.RoleInfo (RoleInfo.java:updateAndGet(139)) - f0cbc5a3-adab-43bd-bf32-77ed31e5ad54: start f0cbc5a3-adab-43bd-bf32-77ed31e5ad54@group-14A565BC799A-FollowerState
2023-09-21 17:49:26,643 [f0cbc5a3-adab-43bd-bf32-77ed31e5ad54-groupManagement] INFO  util.JmxRegister (JmxRegister.java:tryRegister(44)) - Successfully registered JMX Bean with object name Ratis:service=RaftServer,group=group-14A565BC799A,id=f0cbc5a3-adab-43bd-bf32-77ed31e5ad54
2023-09-21 17:49:26,643 [f0cbc5a3-adab-43bd-bf32-77ed31e5ad54@group-14A565BC799A-FollowerState] INFO  server.RaftServerConfigKeys (ConfUtils.java:logFallback(53)) - raft.server.rpc.first-election.timeout.min = 5s (fallback to raft.server.rpc.timeout.min)
2023-09-21 17:49:26,643 [f0cbc5a3-adab-43bd-bf32-77ed31e5ad54-groupManagement] INFO  server.RaftServerConfigKeys (ConfUtils.java:logGet(46)) - raft.server.snapshot.auto.trigger.enabled = true (custom)
2023-09-21 17:49:26,643 [f0cbc5a3-adab-43bd-bf32-77ed31e5ad54@group-14A565BC799A-FollowerState] INFO  server.RaftServerConfigKeys (ConfUtils.java:logFallback(53)) - raft.server.rpc.first-election.timeout.max = 5200ms (fallback to raft.server.rpc.timeout.max)
2023-09-21 17:49:26,643 [f0cbc5a3-adab-43bd-bf32-77ed31e5ad54-groupManagement] INFO  server.RaftServerConfigKeys (ConfUtils.java:logGet(46)) - raft.server.snapshot.auto.trigger.threshold = 10000 (custom)
2023-09-21 17:49:26,645 [f0cbc5a3-adab-43bd-bf32-77ed31e5ad54-groupManagement] INFO  server.RaftServerConfigKeys (ConfUtils.java:logGet(46)) - raft.server.snapshot.retention.file.num = 5 (custom)
2023-09-21 17:49:26,645 [f0cbc5a3-adab-43bd-bf32-77ed31e5ad54-groupManagement] INFO  server.RaftServerConfigKeys (ConfUtils.java:logGet(46)) - raft.server.log.purge.upto.snapshot.index = false (default)
2023-09-21 17:49:26,646 [PipelineCommandHandlerThread-0] INFO  ratis.XceiverServerRatis (XceiverServerRatis.java:addGroup(804)) - Created group PipelineID=74a9f029-060b-44bd-84f7-14a565bc799a
2023-09-21 17:49:26,646 [PipelineCommandHandlerThread-0] INFO  commandhandler.CreatePipelineCommandHandler (CreatePipelineCommandHandler.java:lambda$handle$2(124)) - Created Pipeline RATIS ONE PipelineID=74a9f029-060b-44bd-84f7-14a565bc799a.
2023-09-21 17:49:26,652 [grpc-default-executor-2] INFO  server.RaftServer (RaftServerProxy.java:addNew(98)) - 0e5ca0ac-2c0a-4501-ade5-9887f0236797: addNew group-C0B5DB0F2F7A:[0e5ca0ac-2c0a-4501-ade5-9887f0236797|rpc:10.1.0.8:15014|admin:10.1.0.8:15013|client:10.1.0.8:15012|dataStream:10.1.0.8:15015|priority:0|startupRole:FOLLOWER, 30fcaee4-35e5-4526-9ec2-86d2b42bb6e9|rpc:10.1.0.8:15023|admin:10.1.0.8:15022|client:10.1.0.8:15021|dataStream:10.1.0.8:15024|priority:0|startupRole:FOLLOWER, a7b87587-f54c-4106-951c-2cd85865b718|rpc:10.1.0.8:15032|admin:10.1.0.8:15031|client:10.1.0.8:15030|dataStream:10.1.0.8:15033|priority:1|startupRole:FOLLOWER] returns group-C0B5DB0F2F7A:java.util.concurrent.CompletableFuture@1d47b285[Not completed]
2023-09-21 17:49:26,657 [0e5ca0ac-2c0a-4501-ade5-9887f0236797-groupManagement] INFO  server.RaftServer$Division (RaftServerImpl.java:<init>(198)) - 0e5ca0ac-2c0a-4501-ade5-9887f0236797: new RaftServerImpl for group-C0B5DB0F2F7A:[0e5ca0ac-2c0a-4501-ade5-9887f0236797|rpc:10.1.0.8:15014|admin:10.1.0.8:15013|client:10.1.0.8:15012|dataStream:10.1.0.8:15015|priority:0|startupRole:FOLLOWER, 30fcaee4-35e5-4526-9ec2-86d2b42bb6e9|rpc:10.1.0.8:15023|admin:10.1.0.8:15022|client:10.1.0.8:15021|dataStream:10.1.0.8:15024|priority:0|startupRole:FOLLOWER, a7b87587-f54c-4106-951c-2cd85865b718|rpc:10.1.0.8:15032|admin:10.1.0.8:15031|client:10.1.0.8:15030|dataStream:10.1.0.8:15033|priority:1|startupRole:FOLLOWER] with ContainerStateMachine:uninitialized
2023-09-21 17:49:26,658 [0e5ca0ac-2c0a-4501-ade5-9887f0236797-groupManagement] INFO  server.RaftServerConfigKeys (ConfUtils.java:logGet(46)) - raft.server.rpc.timeout.min = 5s (custom)
2023-09-21 17:49:26,658 [0e5ca0ac-2c0a-4501-ade5-9887f0236797-groupManagement] INFO  server.RaftServerConfigKeys (ConfUtils.java:logGet(46)) - raft.server.rpc.timeout.max = 5200ms (custom)
2023-09-21 17:49:26,658 [0e5ca0ac-2c0a-4501-ade5-9887f0236797-groupManagement] INFO  server.RaftServerConfigKeys (ConfUtils.java:logGet(46)) - raft.server.rpc.sleep.time = 25ms (default)
2023-09-21 17:49:26,658 [0e5ca0ac-2c0a-4501-ade5-9887f0236797-groupManagement] INFO  server.RaftServerConfigKeys (ConfUtils.java:logGet(46)) - raft.server.rpc.slowness.timeout = 300s (custom)
2023-09-21 17:49:26,658 [0e5ca0ac-2c0a-4501-ade5-9887f0236797-groupManagement] INFO  server.RaftServerConfigKeys (ConfUtils.java:logGet(46)) - raft.server.leaderelection.leader.step-down.wait-time = 10s (default)
2023-09-21 17:49:26,658 [0e5ca0ac-2c0a-4501-ade5-9887f0236797-groupManagement] INFO  server.RaftServerConfigKeys (ConfUtils.java:logGet(46)) - raft.server.sleep.deviation.threshold = 300ms (default)
2023-09-21 17:49:26,658 [0e5ca0ac-2c0a-4501-ade5-9887f0236797-groupManagement] INFO  server.RaftServer$Division (ServerState.java:<init>(120)) - 0e5ca0ac-2c0a-4501-ade5-9887f0236797@group-C0B5DB0F2F7A: ConfigurationManager, init=-1: peers:[0e5ca0ac-2c0a-4501-ade5-9887f0236797|rpc:10.1.0.8:15014|admin:10.1.0.8:15013|client:10.1.0.8:15012|dataStream:10.1.0.8:15015|priority:0|startupRole:FOLLOWER, 30fcaee4-35e5-4526-9ec2-86d2b42bb6e9|rpc:10.1.0.8:15023|admin:10.1.0.8:15022|client:10.1.0.8:15021|dataStream:10.1.0.8:15024|priority:0|startupRole:FOLLOWER, a7b87587-f54c-4106-951c-2cd85865b718|rpc:10.1.0.8:15032|admin:10.1.0.8:15031|client:10.1.0.8:15030|dataStream:10.1.0.8:15033|priority:1|startupRole:FOLLOWER]|listeners:[], old=null, confs=<EMPTY_MAP>
2023-09-21 17:49:26,658 [0e5ca0ac-2c0a-4501-ade5-9887f0236797-groupManagement] INFO  server.RaftServerConfigKeys (ConfUtils.java:logGet(46)) - raft.server.storage.dir = [/home/runner/work/ozone/ozone/hadoop-ozone/integration-test/target/test-dir/MiniOzoneClusterImpl-ff0bea85-29d4-48e8-8c84-822e75daf04a/datanode-0/data/ratis] (custom)
2023-09-21 17:49:26,659 [0e5ca0ac-2c0a-4501-ade5-9887f0236797-groupManagement] INFO  server.RaftServerConfigKeys (ConfUtils.java:logGet(46)) - raft.server.log.corruption.policy = EXCEPTION (default)
2023-09-21 17:49:26,673 [0e5ca0ac-2c0a-4501-ade5-9887f0236797-groupManagement] INFO  server.RaftServerConfigKeys (ConfUtils.java:logGet(46)) - raft.server.storage.free-space.min = 0MB (=0) (default)
2023-09-21 17:49:26,674 [0e5ca0ac-2c0a-4501-ade5-9887f0236797-groupManagement] INFO  server.RaftServerConfigKeys (ConfUtils.java:logGet(46)) - raft.server.notification.no-leader.timeout = 300s (custom)
2023-09-21 17:49:26,674 [0e5ca0ac-2c0a-4501-ade5-9887f0236797-groupManagement] INFO  server.RaftServerConfigKeys (ConfUtils.java:logGet(46)) - raft.server.read.timeout = 10s (default)
2023-09-21 17:49:26,674 [0e5ca0ac-2c0a-4501-ade5-9887f0236797-groupManagement] INFO  server.RaftServerConfigKeys (ConfUtils.java:logGet(46)) - raft.server.retrycache.expirytime = 600000ms (custom)
2023-09-21 17:49:26,674 [0e5ca0ac-2c0a-4501-ade5-9887f0236797-groupManagement] INFO  server.RaftServerConfigKeys (ConfUtils.java:logGet(46)) - raft.server.retrycache.statistics.expirytime = 100μs (default)
2023-09-21 17:49:26,674 [0e5ca0ac-2c0a-4501-ade5-9887f0236797-groupManagement] INFO  server.RaftServerConfigKeys (ConfUtils.java:logGet(46)) - raft.server.read.option = DEFAULT (default)
2023-09-21 17:49:26,675 [0e5ca0ac-2c0a-4501-ade5-9887f0236797-groupManagement] INFO  server.RaftServerConfigKeys (ConfUtils.java:logGet(46)) - raft.server.rpc.request.timeout = 60s (custom)
2023-09-21 17:49:26,676 [0e5ca0ac-2c0a-4501-ade5-9887f0236797-groupManagement] INFO  server.RaftServerConfigKeys (ConfUtils.java:logGet(46)) - raft.server.log.appender.install.snapshot.enabled = false (custom)
2023-09-21 17:49:26,676 [0e5ca0ac-2c0a-4501-ade5-9887f0236797-groupManagement] INFO  server.RaftServerConfigKeys (ConfUtils.java:logGet(46)) - raft.server.threadpool.server.cached = true (default)
2023-09-21 17:49:26,676 [0e5ca0ac-2c0a-4501-ade5-9887f0236797-groupManagement] INFO  server.RaftServerConfigKeys (ConfUtils.java:logGet(46)) - raft.server.threadpool.server.size = 0 (default)
2023-09-21 17:49:26,676 [0e5ca0ac-2c0a-4501-ade5-9887f0236797-groupManagement] INFO  server.RaftServerConfigKeys (ConfUtils.java:logGet(46)) - raft.server.threadpool.client.cached = true (default)
2023-09-21 17:49:26,676 [0e5ca0ac-2c0a-4501-ade5-9887f0236797-groupManagement] INFO  server.RaftServerConfigKeys (ConfUtils.java:logGet(46)) - raft.server.threadpool.client.size = 0 (default)
2023-09-21 17:49:26,677 [0e5ca0ac-2c0a-4501-ade5-9887f0236797-groupManagement] INFO  storage.RaftStorageDirectory (RaftStorageDirectoryImpl.java:analyzeStorage(137)) - The storage directory /home/runner/work/ozone/ozone/hadoop-ozone/integration-test/target/test-dir/MiniOzoneClusterImpl-ff0bea85-29d4-48e8-8c84-822e75daf04a/datanode-0/data/ratis/b3ab9323-66ae-4fb2-a3f5-c0b5db0f2f7a does not exist. Creating ...
2023-09-21 17:49:26,683 [PipelineCommandHandlerThread-0] INFO  commandhandler.CreatePipelineCommandHandler (CreatePipelineCommandHandler.java:lambda$handle$2(124)) - Created Pipeline RATIS THREE PipelineID=d9f83d70-d99c-42a8-8fa6-92ef5a1e58c4.
2023-09-21 17:49:26,684 [0e5ca0ac-2c0a-4501-ade5-9887f0236797-groupManagement] INFO  storage.RaftStorageDirectory (RaftStorageDirectoryImpl.java:tryLock(231)) - Lock on /home/runner/work/ozone/ozone/hadoop-ozone/integration-test/target/test-dir/MiniOzoneClusterImpl-ff0bea85-29d4-48e8-8c84-822e75daf04a/datanode-0/data/ratis/b3ab9323-66ae-4fb2-a3f5-c0b5db0f2f7a/in_use.lock acquired by nodename 19454@fv-az259-227
2023-09-21 17:49:26,693 [0e5ca0ac-2c0a-4501-ade5-9887f0236797-groupManagement] INFO  storage.RaftStorage (RaftStorageImpl.java:format(96)) - Storage directory /home/runner/work/ozone/ozone/hadoop-ozone/integration-test/target/test-dir/MiniOzoneClusterImpl-ff0bea85-29d4-48e8-8c84-822e75daf04a/datanode-0/data/ratis/b3ab9323-66ae-4fb2-a3f5-c0b5db0f2f7a has been successfully formatted.
2023-09-21 17:49:26,694 [0e5ca0ac-2c0a-4501-ade5-9887f0236797-groupManagement] INFO  ratis.ContainerStateMachine (ContainerStateMachine.java:loadSnapshot(262)) - group-C0B5DB0F2F7A: The snapshot info is null. Setting the last applied indexto:(t:0, i:~)
2023-09-21 17:49:26,694 [0e5ca0ac-2c0a-4501-ade5-9887f0236797-groupManagement] INFO  server.RaftServerConfigKeys (ConfUtils.java:logGet(46)) - raft.server.log.use.memory = false (default)
2023-09-21 17:49:26,694 [0e5ca0ac-2c0a-4501-ade5-9887f0236797-groupManagement] INFO  server.RaftServerConfigKeys (ConfUtils.java:logGet(46)) - raft.server.log.purge.gap = 1000000 (custom)
2023-09-21 17:49:26,694 [0e5ca0ac-2c0a-4501-ade5-9887f0236797-groupManagement] INFO  server.RaftServerConfigKeys (ConfUtils.java:logGet(46)) - raft.server.log.appender.buffer.byte-limit = 33554432 (custom)
2023-09-21 17:49:26,694 [0e5ca0ac-2c0a-4501-ade5-9887f0236797-groupManagement] INFO  server.RaftServerConfigKeys (ConfUtils.java:logGet(46)) - raft.server.log.statemachine.data.read.timeout = 1000ms (default)
2023-09-21 17:49:26,694 [0e5ca0ac-2c0a-4501-ade5-9887f0236797-groupManagement] INFO  server.RaftServerConfigKeys (ConfUtils.java:logGet(46)) - raft.server.log.purge.preservation.log.num = 0 (default)
2023-09-21 17:49:26,695 [0e5ca0ac-2c0a-4501-ade5-9887f0236797-groupManagement] INFO  server.RaftServerConfigKeys (ConfUtils.java:logGet(46)) - raft.server.log.segment.size.max = 1048576 (custom)
2023-09-21 17:49:26,695 [0e5ca0ac-2c0a-4501-ade5-9887f0236797-groupManagement] INFO  server.RaftServerConfigKeys (ConfUtils.java:logGet(46)) - raft.server.log.segment.cache.num.max = 2 (custom)
2023-09-21 17:49:26,695 [PipelineCommandHandlerThread-0] INFO  commandhandler.CreatePipelineCommandHandler (CreatePipelineCommandHandler.java:lambda$handle$2(124)) - Created Pipeline RATIS THREE PipelineID=d9f83d70-d99c-42a8-8fa6-92ef5a1e58c4.
2023-09-21 17:49:26,696 [PipelineCommandHandlerThread-0] INFO  server.RaftServer (RaftServerProxy.java:addNew(98)) - 30fcaee4-35e5-4526-9ec2-86d2b42bb6e9: addNew group-C0B5DB0F2F7A:[0e5ca0ac-2c0a-4501-ade5-9887f0236797|rpc:10.1.0.8:15014|admin:10.1.0.8:15013|client:10.1.0.8:15012|dataStream:10.1.0.8:15015|priority:0|startupRole:FOLLOWER, 30fcaee4-35e5-4526-9ec2-86d2b42bb6e9|rpc:10.1.0.8:15023|admin:10.1.0.8:15022|client:10.1.0.8:15021|dataStream:10.1.0.8:15024|priority:0|startupRole:FOLLOWER, a7b87587-f54c-4106-951c-2cd85865b718|rpc:10.1.0.8:15032|admin:10.1.0.8:15031|client:10.1.0.8:15030|dataStream:10.1.0.8:15033|priority:1|startupRole:FOLLOWER] returns group-C0B5DB0F2F7A:java.util.concurrent.CompletableFuture@2dc27d0c[Not completed]
2023-09-21 17:49:26,697 [30fcaee4-35e5-4526-9ec2-86d2b42bb6e9-groupManagement] INFO  server.RaftServer$Division (RaftServerImpl.java:<init>(198)) - 30fcaee4-35e5-4526-9ec2-86d2b42bb6e9: new RaftServerImpl for group-C0B5DB0F2F7A:[0e5ca0ac-2c0a-4501-ade5-9887f0236797|rpc:10.1.0.8:15014|admin:10.1.0.8:15013|client:10.1.0.8:15012|dataStream:10.1.0.8:15015|priority:0|startupRole:FOLLOWER, 30fcaee4-35e5-4526-9ec2-86d2b42bb6e9|rpc:10.1.0.8:15023|admin:10.1.0.8:15022|client:10.1.0.8:15021|dataStream:10.1.0.8:15024|priority:0|startupRole:FOLLOWER, a7b87587-f54c-4106-951c-2cd85865b718|rpc:10.1.0.8:15032|admin:10.1.0.8:15031|client:10.1.0.8:15030|dataStream:10.1.0.8:15033|priority:1|startupRole:FOLLOWER] with ContainerStateMachine:uninitialized
2023-09-21 17:49:26,697 [30fcaee4-35e5-4526-9ec2-86d2b42bb6e9-groupManagement] INFO  server.RaftServerConfigKeys (ConfUtils.java:logGet(46)) - raft.server.rpc.timeout.min = 5s (custom)
2023-09-21 17:49:26,697 [30fcaee4-35e5-4526-9ec2-86d2b42bb6e9-groupManagement] INFO  server.RaftServerConfigKeys (ConfUtils.java:logGet(46)) - raft.server.rpc.timeout.max = 5200ms (custom)
2023-09-21 17:49:26,697 [0e5ca0ac-2c0a-4501-ade5-9887f0236797-groupManagement] INFO  server.RaftServerConfigKeys (ConfUtils.java:logGet(46)) - raft.server.log.segment.cache.size.max = 200MB (=209715200) (default)
2023-09-21 17:49:26,702 [0e5ca0ac-2c0a-4501-ade5-9887f0236797-groupManagement] INFO  server.RaftServerConfigKeys (ConfUtils.java:logGet(46)) - raft.server.log.appender.buffer.byte-limit = 33554432 (custom)
2023-09-21 17:49:26,702 [0e5ca0ac-2c0a-4501-ade5-9887f0236797-groupManagement] INFO  segmented.SegmentedRaftLogWorker (SegmentedRaftLogWorker.java:<init>(188)) - new 0e5ca0ac-2c0a-4501-ade5-9887f0236797@group-C0B5DB0F2F7A-SegmentedRaftLogWorker for RaftStorageImpl:Storage Directory /home/runner/work/ozone/ozone/hadoop-ozone/integration-test/target/test-dir/MiniOzoneClusterImpl-ff0bea85-29d4-48e8-8c84-822e75daf04a/datanode-0/data/ratis/b3ab9323-66ae-4fb2-a3f5-c0b5db0f2f7a
2023-09-21 17:49:26,702 [0e5ca0ac-2c0a-4501-ade5-9887f0236797-groupManagement] INFO  server.RaftServerConfigKeys (ConfUtils.java:logGet(46)) - raft.server.log.queue.byte-limit = 4294967296 (custom)
2023-09-21 17:49:26,702 [0e5ca0ac-2c0a-4501-ade5-9887f0236797-groupManagement] INFO  server.RaftServerConfigKeys (ConfUtils.java:logGet(46)) - raft.server.log.queue.element-limit = 1024 (custom)
2023-09-21 17:49:26,703 [0e5ca0ac-2c0a-4501-ade5-9887f0236797-groupManagement] INFO  server.RaftServerConfigKeys (ConfUtils.java:logGet(46)) - raft.server.log.segment.size.max = 1048576 (custom)
2023-09-21 17:49:26,703 [0e5ca0ac-2c0a-4501-ade5-9887f0236797-groupManagement] INFO  server.RaftServerConfigKeys (ConfUtils.java:logGet(46)) - raft.server.log.preallocated.size = 16384 (custom)
2023-09-21 17:49:26,703 [0e5ca0ac-2c0a-4501-ade5-9887f0236797-groupManagement] INFO  server.RaftServerConfigKeys (ConfUtils.java:logGet(46)) - raft.server.log.force.sync.num = 128 (default)
2023-09-21 17:49:26,703 [0e5ca0ac-2c0a-4501-ade5-9887f0236797-groupManagement] INFO  server.RaftServerConfigKeys (ConfUtils.java:logGet(46)) - raft.server.log.statemachine.data.sync = true (default)
2023-09-21 17:49:26,703 [0e5ca0ac-2c0a-4501-ade5-9887f0236797-groupManagement] INFO  server.RaftServerConfigKeys (ConfUtils.java:logGet(46)) - raft.server.log.statemachine.data.sync.timeout = 10s (default)
2023-09-21 17:49:26,703 [0e5ca0ac-2c0a-4501-ade5-9887f0236797-groupManagement] INFO  server.RaftServerConfigKeys (ConfUtils.java:logGet(46)) - raft.server.log.statemachine.data.sync.timeout.retry = -1 (default)
2023-09-21 17:49:26,703 [EventQueue-OpenPipelineForHealthyPipelineSafeModeRule] INFO  safemode.SCMSafeModeManager (HealthyPipelineSafeModeRule.java:process(137)) - SCM in safe mode. Healthy pipelines reported count is 0, required healthy pipeline reported count is 1
2023-09-21 17:49:26,697 [30fcaee4-35e5-4526-9ec2-86d2b42bb6e9-groupManagement] INFO  server.RaftServerConfigKeys (ConfUtils.java:logGet(46)) - raft.server.rpc.sleep.time = 25ms (default)
2023-09-21 17:49:26,703 [30fcaee4-35e5-4526-9ec2-86d2b42bb6e9-groupManagement] INFO  server.RaftServerConfigKeys (ConfUtils.java:logGet(46)) - raft.server.rpc.slowness.timeout = 300s (custom)
2023-09-21 17:49:26,703 [30fcaee4-35e5-4526-9ec2-86d2b42bb6e9-groupManagement] INFO  server.RaftServerConfigKeys (ConfUtils.java:logGet(46)) - raft.server.leaderelection.leader.step-down.wait-time = 10s (default)
2023-09-21 17:49:26,704 [30fcaee4-35e5-4526-9ec2-86d2b42bb6e9-groupManagement] INFO  server.RaftServerConfigKeys (ConfUtils.java:logGet(46)) - raft.server.sleep.deviation.threshold = 300ms (default)
2023-09-21 17:49:26,704 [30fcaee4-35e5-4526-9ec2-86d2b42bb6e9-groupManagement] INFO  server.RaftServer$Division (ServerState.java:<init>(120)) - 30fcaee4-35e5-4526-9ec2-86d2b42bb6e9@group-C0B5DB0F2F7A: ConfigurationManager, init=-1: peers:[0e5ca0ac-2c0a-4501-ade5-9887f0236797|rpc:10.1.0.8:15014|admin:10.1.0.8:15013|client:10.1.0.8:15012|dataStream:10.1.0.8:15015|priority:0|startupRole:FOLLOWER, 30fcaee4-35e5-4526-9ec2-86d2b42bb6e9|rpc:10.1.0.8:15023|admin:10.1.0.8:15022|client:10.1.0.8:15021|dataStream:10.1.0.8:15024|priority:0|startupRole:FOLLOWER, a7b87587-f54c-4106-951c-2cd85865b718|rpc:10.1.0.8:15032|admin:10.1.0.8:15031|client:10.1.0.8:15030|dataStream:10.1.0.8:15033|priority:1|startupRole:FOLLOWER]|listeners:[], old=null, confs=<EMPTY_MAP>
2023-09-21 17:49:26,704 [30fcaee4-35e5-4526-9ec2-86d2b42bb6e9-groupManagement] INFO  server.RaftServerConfigKeys (ConfUtils.java:logGet(46)) - raft.server.storage.dir = [/home/runner/work/ozone/ozone/hadoop-ozone/integration-test/target/test-dir/MiniOzoneClusterImpl-ff0bea85-29d4-48e8-8c84-822e75daf04a/datanode-1/data/ratis] (custom)
2023-09-21 17:49:26,704 [30fcaee4-35e5-4526-9ec2-86d2b42bb6e9-groupManagement] INFO  server.RaftServerConfigKeys (ConfUtils.java:logGet(46)) - raft.server.log.corruption.policy = EXCEPTION (default)
2023-09-21 17:49:26,704 [30fcaee4-35e5-4526-9ec2-86d2b42bb6e9-groupManagement] INFO  server.RaftServerConfigKeys (ConfUtils.java:logGet(46)) - raft.server.storage.free-space.min = 0MB (=0) (default)
2023-09-21 17:49:26,704 [0e5ca0ac-2c0a-4501-ade5-9887f0236797-groupManagement] INFO  server.RaftServerConfigKeys (ConfUtils.java:logGet(46)) - raft.server.log.write.buffer.size = 1048576 (custom)
2023-09-21 17:49:26,704 [30fcaee4-35e5-4526-9ec2-86d2b42bb6e9-groupManagement] INFO  server.RaftServerConfigKeys (ConfUtils.java:logGet(46)) - raft.server.notification.no-leader.timeout = 300s (custom)
2023-09-21 17:49:26,710 [30fcaee4-35e5-4526-9ec2-86d2b42bb6e9-groupManagement] INFO  server.RaftServerConfigKeys (ConfUtils.java:logGet(46)) - raft.server.read.timeout = 10s (default)
2023-09-21 17:49:26,710 [30fcaee4-35e5-4526-9ec2-86d2b42bb6e9-groupManagement] INFO  server.RaftServerConfigKeys (ConfUtils.java:logGet(46)) - raft.server.retrycache.expirytime = 600000ms (custom)
2023-09-21 17:49:26,710 [30fcaee4-35e5-4526-9ec2-86d2b42bb6e9-groupManagement] INFO  server.RaftServerConfigKeys (ConfUtils.java:logGet(46)) - raft.server.retrycache.statistics.expirytime = 100μs (default)
2023-09-21 17:49:26,710 [30fcaee4-35e5-4526-9ec2-86d2b42bb6e9-groupManagement] INFO  server.RaftServerConfigKeys (ConfUtils.java:logGet(46)) - raft.server.read.option = DEFAULT (default)
2023-09-21 17:49:26,710 [0e5ca0ac-2c0a-4501-ade5-9887f0236797-groupManagement] INFO  server.RaftServerConfigKeys (ConfUtils.java:logGet(46)) - raft.server.log.appender.buffer.byte-limit = 33554432 (custom)
2023-09-21 17:49:26,711 [30fcaee4-35e5-4526-9ec2-86d2b42bb6e9-groupManagement] INFO  server.RaftServerConfigKeys (ConfUtils.java:logGet(46)) - raft.server.rpc.request.timeout = 60s (custom)
2023-09-21 17:49:26,711 [30fcaee4-35e5-4526-9ec2-86d2b42bb6e9-groupManagement] INFO  server.RaftServerConfigKeys (ConfUtils.java:logGet(46)) - raft.server.log.appender.install.snapshot.enabled = false (custom)
2023-09-21 17:49:26,711 [30fcaee4-35e5-4526-9ec2-86d2b42bb6e9-groupManagement] INFO  server.RaftServerConfigKeys (ConfUtils.java:logGet(46)) - raft.server.threadpool.server.cached = true (default)
2023-09-21 17:49:26,712 [30fcaee4-35e5-4526-9ec2-86d2b42bb6e9-groupManagement] INFO  server.RaftServerConfigKeys (ConfUtils.java:logGet(46)) - raft.server.threadpool.server.size = 0 (default)
2023-09-21 17:49:26,712 [30fcaee4-35e5-4526-9ec2-86d2b42bb6e9-groupManagement] INFO  server.RaftServerConfigKeys (ConfUtils.java:logGet(46)) - raft.server.threadpool.client.cached = true (default)
2023-09-21 17:49:26,712 [30fcaee4-35e5-4526-9ec2-86d2b42bb6e9-groupManagement] INFO  server.RaftServerConfigKeys (ConfUtils.java:logGet(46)) - raft.server.threadpool.client.size = 0 (default)
2023-09-21 17:49:26,712 [30fcaee4-35e5-4526-9ec2-86d2b42bb6e9-groupManagement] INFO  storage.RaftStorageDirectory (RaftStorageDirectoryImpl.java:analyzeStorage(137)) - The storage directory /home/runner/work/ozone/ozone/hadoop-ozone/integration-test/target/test-dir/MiniOzoneClusterImpl-ff0bea85-29d4-48e8-8c84-822e75daf04a/datanode-1/data/ratis/b3ab9323-66ae-4fb2-a3f5-c0b5db0f2f7a does not exist. Creating ...
2023-09-21 17:49:26,714 [30fcaee4-35e5-4526-9ec2-86d2b42bb6e9-groupManagement] INFO  storage.RaftStorageDirectory (RaftStorageDirectoryImpl.java:tryLock(231)) - Lock on /home/runner/work/ozone/ozone/hadoop-ozone/integration-test/target/test-dir/MiniOzoneClusterImpl-ff0bea85-29d4-48e8-8c84-822e75daf04a/datanode-1/data/ratis/b3ab9323-66ae-4fb2-a3f5-c0b5db0f2f7a/in_use.lock acquired by nodename 19454@fv-az259-227
2023-09-21 17:49:26,716 [30fcaee4-35e5-4526-9ec2-86d2b42bb6e9-groupManagement] INFO  storage.RaftStorage (RaftStorageImpl.java:format(96)) - Storage directory /home/runner/work/ozone/ozone/hadoop-ozone/integration-test/target/test-dir/MiniOzoneClusterImpl-ff0bea85-29d4-48e8-8c84-822e75daf04a/datanode-1/data/ratis/b3ab9323-66ae-4fb2-a3f5-c0b5db0f2f7a has been successfully formatted.
2023-09-21 17:49:26,716 [30fcaee4-35e5-4526-9ec2-86d2b42bb6e9-groupManagement] INFO  ratis.ContainerStateMachine (ContainerStateMachine.java:loadSnapshot(262)) - group-C0B5DB0F2F7A: The snapshot info is null. Setting the last applied indexto:(t:0, i:~)
2023-09-21 17:49:26,717 [30fcaee4-35e5-4526-9ec2-86d2b42bb6e9-groupManagement] INFO  server.RaftServerConfigKeys (ConfUtils.java:logGet(46)) - raft.server.log.use.memory = false (default)
2023-09-21 17:49:26,717 [30fcaee4-35e5-4526-9ec2-86d2b42bb6e9-groupManagement] INFO  server.RaftServerConfigKeys (ConfUtils.java:logGet(46)) - raft.server.log.purge.gap = 1000000 (custom)
2023-09-21 17:49:26,717 [30fcaee4-35e5-4526-9ec2-86d2b42bb6e9-groupManagement] INFO  server.RaftServerConfigKeys (ConfUtils.java:logGet(46)) - raft.server.log.appender.buffer.byte-limit = 33554432 (custom)
2023-09-21 17:49:26,717 [30fcaee4-35e5-4526-9ec2-86d2b42bb6e9-groupManagement] INFO  server.RaftServerConfigKeys (ConfUtils.java:logGet(46)) - raft.server.log.statemachine.data.read.timeout = 1000ms (default)
2023-09-21 17:49:26,717 [30fcaee4-35e5-4526-9ec2-86d2b42bb6e9-groupManagement] INFO  server.RaftServerConfigKeys (ConfUtils.java:logGet(46)) - raft.server.log.purge.preservation.log.num = 0 (default)
2023-09-21 17:49:26,726 [0e5ca0ac-2c0a-4501-ade5-9887f0236797-groupManagement] INFO  server.RaftServerConfigKeys (ConfUtils.java:logGet(46)) - raft.server.log.unsafe-flush.enabled = false (default)
2023-09-21 17:49:26,726 [0e5ca0ac-2c0a-4501-ade5-9887f0236797-groupManagement] INFO  server.RaftServerConfigKeys (ConfUtils.java:logGet(46)) - raft.server.log.async-flush.enabled = false (default)
2023-09-21 17:49:26,726 [0e5ca0ac-2c0a-4501-ade5-9887f0236797-groupManagement] INFO  server.RaftServerConfigKeys (ConfUtils.java:logGet(46)) - raft.server.log.statemachine.data.caching.enabled = true (custom)
2023-09-21 17:49:26,726 [30fcaee4-35e5-4526-9ec2-86d2b42bb6e9-groupManagement] INFO  server.RaftServerConfigKeys (ConfUtils.java:logGet(46)) - raft.server.log.segment.size.max = 1048576 (custom)
2023-09-21 17:49:26,727 [30fcaee4-35e5-4526-9ec2-86d2b42bb6e9-groupManagement] INFO  server.RaftServerConfigKeys (ConfUtils.java:logGet(46)) - raft.server.log.segment.cache.num.max = 2 (custom)
2023-09-21 17:49:26,727 [30fcaee4-35e5-4526-9ec2-86d2b42bb6e9-groupManagement] INFO  server.RaftServerConfigKeys (ConfUtils.java:logGet(46)) - raft.server.log.segment.cache.size.max = 200MB (=209715200) (default)
2023-09-21 17:49:26,727 [30fcaee4-35e5-4526-9ec2-86d2b42bb6e9-groupManagement] INFO  server.RaftServerConfigKeys (ConfUtils.java:logGet(46)) - raft.server.log.appender.buffer.byte-limit = 33554432 (custom)
2023-09-21 17:49:26,727 [30fcaee4-35e5-4526-9ec2-86d2b42bb6e9-groupManagement] INFO  segmented.SegmentedRaftLogWorker (SegmentedRaftLogWorker.java:<init>(188)) - new 30fcaee4-35e5-4526-9ec2-86d2b42bb6e9@group-C0B5DB0F2F7A-SegmentedRaftLogWorker for RaftStorageImpl:Storage Directory /home/runner/work/ozone/ozone/hadoop-ozone/integration-test/target/test-dir/MiniOzoneClusterImpl-ff0bea85-29d4-48e8-8c84-822e75daf04a/datanode-1/data/ratis/b3ab9323-66ae-4fb2-a3f5-c0b5db0f2f7a
2023-09-21 17:49:26,727 [30fcaee4-35e5-4526-9ec2-86d2b42bb6e9-groupManagement] INFO  server.RaftServerConfigKeys (ConfUtils.java:logGet(46)) - raft.server.log.queue.byte-limit = 4294967296 (custom)
2023-09-21 17:49:26,727 [30fcaee4-35e5-4526-9ec2-86d2b42bb6e9-groupManagement] INFO  server.RaftServerConfigKeys (ConfUtils.java:logGet(46)) - raft.server.log.queue.element-limit = 1024 (custom)
2023-09-21 17:49:26,727 [30fcaee4-35e5-4526-9ec2-86d2b42bb6e9-groupManagement] INFO  server.RaftServerConfigKeys (ConfUtils.java:logGet(46)) - raft.server.log.segment.size.max = 1048576 (custom)
2023-09-21 17:49:26,727 [30fcaee4-35e5-4526-9ec2-86d2b42bb6e9-groupManagement] INFO  server.RaftServerConfigKeys (ConfUtils.java:logGet(46)) - raft.server.log.preallocated.size = 16384 (custom)
2023-09-21 17:49:26,728 [30fcaee4-35e5-4526-9ec2-86d2b42bb6e9-groupManagement] INFO  server.RaftServerConfigKeys (ConfUtils.java:logGet(46)) - raft.server.log.force.sync.num = 128 (default)
2023-09-21 17:49:26,728 [30fcaee4-35e5-4526-9ec2-86d2b42bb6e9-groupManagement] INFO  server.RaftServerConfigKeys (ConfUtils.java:logGet(46)) - raft.server.log.statemachine.data.sync = true (default)
2023-09-21 17:49:26,728 [30fcaee4-35e5-4526-9ec2-86d2b42bb6e9-groupManagement] INFO  server.RaftServerConfigKeys (ConfUtils.java:logGet(46)) - raft.server.log.statemachine.data.sync.timeout = 10s (default)
2023-09-21 17:49:26,728 [30fcaee4-35e5-4526-9ec2-86d2b42bb6e9-groupManagement] INFO  server.RaftServerConfigKeys (ConfUtils.java:logGet(46)) - raft.server.log.statemachine.data.sync.timeout.retry = -1 (default)
2023-09-21 17:49:26,729 [30fcaee4-35e5-4526-9ec2-86d2b42bb6e9-groupManagement] INFO  server.RaftServerConfigKeys (ConfUtils.java:logGet(46)) - raft.server.log.write.buffer.size = 1048576 (custom)
2023-09-21 17:49:26,730 [EventQueue-OpenPipelineForHealthyPipelineSafeModeRule] INFO  safemode.SCMSafeModeManager (HealthyPipelineSafeModeRule.java:process(137)) - SCM in safe mode. Healthy pipelines reported count is 0, required healthy pipeline reported count is 1
2023-09-21 17:49:26,730 [30fcaee4-35e5-4526-9ec2-86d2b42bb6e9-groupManagement] INFO  server.RaftServerConfigKeys (ConfUtils.java:logGet(46)) - raft.server.log.appender.buffer.byte-limit = 33554432 (custom)
2023-09-21 17:49:26,731 [0e5ca0ac-2c0a-4501-ade5-9887f0236797-groupManagement] INFO  segmented.SegmentedRaftLogWorker (SegmentedRaftLogWorker.java:lambda$new$0(135)) - 0e5ca0ac-2c0a-4501-ade5-9887f0236797@group-C0B5DB0F2F7A-SegmentedRaftLogWorker: flushIndex: setUnconditionally 0 -> -1
2023-09-21 17:49:26,731 [0e5ca0ac-2c0a-4501-ade5-9887f0236797-groupManagement] INFO  segmented.SegmentedRaftLogWorker (SegmentedRaftLogWorker.java:lambda$new$0(135)) - 0e5ca0ac-2c0a-4501-ade5-9887f0236797@group-C0B5DB0F2F7A-SegmentedRaftLogWorker: safeCacheEvictIndex: setUnconditionally 0 -> -1
2023-09-21 17:49:26,738 [30fcaee4-35e5-4526-9ec2-86d2b42bb6e9-groupManagement] INFO  server.RaftServerConfigKeys (ConfUtils.java:logGet(46)) - raft.server.log.unsafe-flush.enabled = false (default)
2023-09-21 17:49:26,738 [30fcaee4-35e5-4526-9ec2-86d2b42bb6e9-groupManagement] INFO  server.RaftServerConfigKeys (ConfUtils.java:logGet(46)) - raft.server.log.async-flush.enabled = false (default)
2023-09-21 17:49:26,738 [30fcaee4-35e5-4526-9ec2-86d2b42bb6e9-groupManagement] INFO  server.RaftServerConfigKeys (ConfUtils.java:logGet(46)) - raft.server.log.statemachine.data.caching.enabled = true (custom)
2023-09-21 17:49:26,739 [30fcaee4-35e5-4526-9ec2-86d2b42bb6e9-groupManagement] INFO  segmented.SegmentedRaftLogWorker (SegmentedRaftLogWorker.java:lambda$new$0(135)) - 30fcaee4-35e5-4526-9ec2-86d2b42bb6e9@group-C0B5DB0F2F7A-SegmentedRaftLogWorker: flushIndex: setUnconditionally 0 -> -1
2023-09-21 17:49:26,739 [30fcaee4-35e5-4526-9ec2-86d2b42bb6e9-groupManagement] INFO  segmented.SegmentedRaftLogWorker (SegmentedRaftLogWorker.java:lambda$new$0(135)) - 30fcaee4-35e5-4526-9ec2-86d2b42bb6e9@group-C0B5DB0F2F7A-SegmentedRaftLogWorker: safeCacheEvictIndex: setUnconditionally 0 -> -1
2023-09-21 17:49:26,741 [0e5ca0ac-2c0a-4501-ade5-9887f0236797-groupManagement] INFO  server.RaftServer$Division (RaftServerImpl.java:start(342)) - 0e5ca0ac-2c0a-4501-ade5-9887f0236797@group-C0B5DB0F2F7A: start as a follower, conf=-1: peers:[0e5ca0ac-2c0a-4501-ade5-9887f0236797|rpc:10.1.0.8:15014|admin:10.1.0.8:15013|client:10.1.0.8:15012|dataStream:10.1.0.8:15015|priority:0|startupRole:FOLLOWER, 30fcaee4-35e5-4526-9ec2-86d2b42bb6e9|rpc:10.1.0.8:15023|admin:10.1.0.8:15022|client:10.1.0.8:15021|dataStream:10.1.0.8:15024|priority:0|startupRole:FOLLOWER, a7b87587-f54c-4106-951c-2cd85865b718|rpc:10.1.0.8:15032|admin:10.1.0.8:15031|client:10.1.0.8:15030|dataStream:10.1.0.8:15033|priority:1|startupRole:FOLLOWER]|listeners:[], old=null
2023-09-21 17:49:26,741 [0e5ca0ac-2c0a-4501-ade5-9887f0236797-groupManagement] INFO  server.RaftServer$Division (RaftServerImpl.java:setRole(329)) - 0e5ca0ac-2c0a-4501-ade5-9887f0236797@group-C0B5DB0F2F7A: changes role from      null to FOLLOWER at term 0 for startAsFollower
2023-09-21 17:49:26,741 [30fcaee4-35e5-4526-9ec2-86d2b42bb6e9-groupManagement] INFO  server.RaftServer$Division (RaftServerImpl.java:start(342)) - 30fcaee4-35e5-4526-9ec2-86d2b42bb6e9@group-C0B5DB0F2F7A: start as a follower, conf=-1: peers:[0e5ca0ac-2c0a-4501-ade5-9887f0236797|rpc:10.1.0.8:15014|admin:10.1.0.8:15013|client:10.1.0.8:15012|dataStream:10.1.0.8:15015|priority:0|startupRole:FOLLOWER, 30fcaee4-35e5-4526-9ec2-86d2b42bb6e9|rpc:10.1.0.8:15023|admin:10.1.0.8:15022|client:10.1.0.8:15021|dataStream:10.1.0.8:15024|priority:0|startupRole:FOLLOWER, a7b87587-f54c-4106-951c-2cd85865b718|rpc:10.1.0.8:15032|admin:10.1.0.8:15031|client:10.1.0.8:15030|dataStream:10.1.0.8:15033|priority:1|startupRole:FOLLOWER]|listeners:[], old=null
2023-09-21 17:49:26,746 [30fcaee4-35e5-4526-9ec2-86d2b42bb6e9-groupManagement] INFO  server.RaftServer$Division (RaftServerImpl.java:setRole(329)) - 30fcaee4-35e5-4526-9ec2-86d2b42bb6e9@group-C0B5DB0F2F7A: changes role from      null to FOLLOWER at term 0 for startAsFollower
2023-09-21 17:49:26,746 [0e5ca0ac-2c0a-4501-ade5-9887f0236797-groupManagement] INFO  impl.RoleInfo (RoleInfo.java:updateAndGet(139)) - 0e5ca0ac-2c0a-4501-ade5-9887f0236797: start 0e5ca0ac-2c0a-4501-ade5-9887f0236797@group-C0B5DB0F2F7A-FollowerState
2023-09-21 17:49:26,746 [30fcaee4-35e5-4526-9ec2-86d2b42bb6e9-groupManagement] INFO  impl.RoleInfo (RoleInfo.java:updateAndGet(139)) - 30fcaee4-35e5-4526-9ec2-86d2b42bb6e9: start 30fcaee4-35e5-4526-9ec2-86d2b42bb6e9@group-C0B5DB0F2F7A-FollowerState
2023-09-21 17:49:26,747 [0e5ca0ac-2c0a-4501-ade5-9887f0236797-groupManagement] INFO  util.JmxRegister (JmxRegister.java:tryRegister(44)) - Successfully registered JMX Bean with object name Ratis:service=RaftServer,group=group-C0B5DB0F2F7A,id=0e5ca0ac-2c0a-4501-ade5-9887f0236797
2023-09-21 17:49:26,747 [0e5ca0ac-2c0a-4501-ade5-9887f0236797@group-C0B5DB0F2F7A-FollowerState] INFO  server.RaftServerConfigKeys (ConfUtils.java:logFallback(53)) - raft.server.rpc.first-election.timeout.min = 5s (fallback to raft.server.rpc.timeout.min)
2023-09-21 17:49:26,747 [0e5ca0ac-2c0a-4501-ade5-9887f0236797-groupManagement] INFO  server.RaftServerConfigKeys (ConfUtils.java:logGet(46)) - raft.server.snapshot.auto.trigger.enabled = true (custom)
2023-09-21 17:49:26,748 [0e5ca0ac-2c0a-4501-ade5-9887f0236797@group-C0B5DB0F2F7A-FollowerState] INFO  server.RaftServerConfigKeys (ConfUtils.java:logFallback(53)) - raft.server.rpc.first-election.timeout.max = 5200ms (fallback to raft.server.rpc.timeout.max)
2023-09-21 17:49:26,748 [0e5ca0ac-2c0a-4501-ade5-9887f0236797-groupManagement] INFO  server.RaftServerConfigKeys (ConfUtils.java:logGet(46)) - raft.server.snapshot.auto.trigger.threshold = 10000 (custom)
2023-09-21 17:49:26,748 [0e5ca0ac-2c0a-4501-ade5-9887f0236797-groupManagement] INFO  server.RaftServerConfigKeys (ConfUtils.java:logGet(46)) - raft.server.snapshot.retention.file.num = 5 (custom)
2023-09-21 17:49:26,748 [0e5ca0ac-2c0a-4501-ade5-9887f0236797-groupManagement] INFO  server.RaftServerConfigKeys (ConfUtils.java:logGet(46)) - raft.server.log.purge.upto.snapshot.index = false (default)
2023-09-21 17:49:26,751 [30fcaee4-35e5-4526-9ec2-86d2b42bb6e9-groupManagement] INFO  util.JmxRegister (JmxRegister.java:tryRegister(44)) - Successfully registered JMX Bean with object name Ratis:service=RaftServer,group=group-C0B5DB0F2F7A,id=30fcaee4-35e5-4526-9ec2-86d2b42bb6e9
2023-09-21 17:49:26,751 [30fcaee4-35e5-4526-9ec2-86d2b42bb6e9-groupManagement] INFO  server.RaftServerConfigKeys (ConfUtils.java:logGet(46)) - raft.server.snapshot.auto.trigger.enabled = true (custom)
2023-09-21 17:49:26,751 [30fcaee4-35e5-4526-9ec2-86d2b42bb6e9-groupManagement] INFO  server.RaftServerConfigKeys (ConfUtils.java:logGet(46)) - raft.server.snapshot.auto.trigger.threshold = 10000 (custom)
2023-09-21 17:49:26,751 [30fcaee4-35e5-4526-9ec2-86d2b42bb6e9-groupManagement] INFO  server.RaftServerConfigKeys (ConfUtils.java:logGet(46)) - raft.server.snapshot.retention.file.num = 5 (custom)
2023-09-21 17:49:26,751 [30fcaee4-35e5-4526-9ec2-86d2b42bb6e9-groupManagement] INFO  server.RaftServerConfigKeys (ConfUtils.java:logGet(46)) - raft.server.log.purge.upto.snapshot.index = false (default)
2023-09-21 17:49:26,760 [PipelineCommandHandlerThread-0] INFO  ratis.XceiverServerRatis (XceiverServerRatis.java:addGroup(804)) - Created group PipelineID=b3ab9323-66ae-4fb2-a3f5-c0b5db0f2f7a
2023-09-21 17:49:26,761 [30fcaee4-35e5-4526-9ec2-86d2b42bb6e9@group-C0B5DB0F2F7A-FollowerState] INFO  server.RaftServerConfigKeys (ConfUtils.java:logFallback(53)) - raft.server.rpc.first-election.timeout.min = 5s (fallback to raft.server.rpc.timeout.min)
2023-09-21 17:49:26,762 [30fcaee4-35e5-4526-9ec2-86d2b42bb6e9@group-C0B5DB0F2F7A-FollowerState] INFO  server.RaftServerConfigKeys (ConfUtils.java:logFallback(53)) - raft.server.rpc.first-election.timeout.max = 5200ms (fallback to raft.server.rpc.timeout.max)
2023-09-21 17:49:26,845 [PipelineCommandHandlerThread-0] INFO  commandhandler.CreatePipelineCommandHandler (CreatePipelineCommandHandler.java:lambda$handle$2(124)) - Created Pipeline RATIS THREE PipelineID=b3ab9323-66ae-4fb2-a3f5-c0b5db0f2f7a.
2023-09-21 17:49:26,859 [PipelineCommandHandlerThread-0] INFO  server.RaftServer (RaftServerProxy.java:addNew(98)) - 0af77c8d-ae0f-44c2-a6ab-89a178552062: addNew group-508367A3A0FD:[0af77c8d-ae0f-44c2-a6ab-89a178552062|rpc:10.1.0.8:15050|admin:10.1.0.8:15049|client:10.1.0.8:15048|dataStream:10.1.0.8:15051|priority:1|startupRole:FOLLOWER] returns group-508367A3A0FD:java.util.concurrent.CompletableFuture@19d2f240[Not completed]
2023-09-21 17:49:26,863 [main] INFO  ozone.MiniOzoneClusterImpl (MiniOzoneClusterImpl.java:lambda$waitForClusterToBeReady$0(229)) - Nodes are ready. Got 5 of 5 DN Heartbeats.
2023-09-21 17:49:26,863 [main] INFO  ozone.MiniOzoneClusterImpl (MiniOzoneClusterImpl.java:lambda$waitForClusterToBeReady$0(232)) - Waiting for cluster to exit safe mode
2023-09-21 17:49:26,863 [main] INFO  ozone.MiniOzoneClusterImpl (MiniOzoneClusterImpl.java:lambda$waitForClusterToBeReady$0(234)) - SCM became leader
2023-09-21 17:49:26,877 [0af77c8d-ae0f-44c2-a6ab-89a178552062-groupManagement] INFO  server.RaftServer$Division (RaftServerImpl.java:<init>(198)) - 0af77c8d-ae0f-44c2-a6ab-89a178552062: new RaftServerImpl for group-508367A3A0FD:[0af77c8d-ae0f-44c2-a6ab-89a178552062|rpc:10.1.0.8:15050|admin:10.1.0.8:15049|client:10.1.0.8:15048|dataStream:10.1.0.8:15051|priority:1|startupRole:FOLLOWER] with ContainerStateMachine:uninitialized
2023-09-21 17:49:26,877 [0af77c8d-ae0f-44c2-a6ab-89a178552062-groupManagement] INFO  server.RaftServerConfigKeys (ConfUtils.java:logGet(46)) - raft.server.rpc.timeout.min = 5s (custom)
2023-09-21 17:49:26,877 [0af77c8d-ae0f-44c2-a6ab-89a178552062-groupManagement] INFO  server.RaftServerConfigKeys (ConfUtils.java:logGet(46)) - raft.server.rpc.timeout.max = 5200ms (custom)
2023-09-21 17:49:26,877 [0af77c8d-ae0f-44c2-a6ab-89a178552062-groupManagement] INFO  server.RaftServerConfigKeys (ConfUtils.java:logGet(46)) - raft.server.rpc.sleep.time = 25ms (default)
2023-09-21 17:49:26,877 [0af77c8d-ae0f-44c2-a6ab-89a178552062-groupManagement] INFO  server.RaftServerConfigKeys (ConfUtils.java:logGet(46)) - raft.server.rpc.slowness.timeout = 300s (custom)
2023-09-21 17:49:26,878 [0af77c8d-ae0f-44c2-a6ab-89a178552062-groupManagement] INFO  server.RaftServerConfigKeys (ConfUtils.java:logGet(46)) - raft.server.leaderelection.leader.step-down.wait-time = 10s (default)
2023-09-21 17:49:26,878 [0af77c8d-ae0f-44c2-a6ab-89a178552062-groupManagement] INFO  server.RaftServerConfigKeys (ConfUtils.java:logGet(46)) - raft.server.sleep.deviation.threshold = 300ms (default)
2023-09-21 17:49:26,878 [0af77c8d-ae0f-44c2-a6ab-89a178552062-groupManagement] INFO  server.RaftServer$Division (ServerState.java:<init>(120)) - 0af77c8d-ae0f-44c2-a6ab-89a178552062@group-508367A3A0FD: ConfigurationManager, init=-1: peers:[0af77c8d-ae0f-44c2-a6ab-89a178552062|rpc:10.1.0.8:15050|admin:10.1.0.8:15049|client:10.1.0.8:15048|dataStream:10.1.0.8:15051|priority:1|startupRole:FOLLOWER]|listeners:[], old=null, confs=<EMPTY_MAP>
2023-09-21 17:49:26,878 [0af77c8d-ae0f-44c2-a6ab-89a178552062-groupManagement] INFO  server.RaftServerConfigKeys (ConfUtils.java:logGet(46)) - raft.server.storage.dir = [/home/runner/work/ozone/ozone/hadoop-ozone/integration-test/target/test-dir/MiniOzoneClusterImpl-ff0bea85-29d4-48e8-8c84-822e75daf04a/datanode-4/data/ratis] (custom)
2023-09-21 17:49:26,878 [0af77c8d-ae0f-44c2-a6ab-89a178552062-groupManagement] INFO  server.RaftServerConfigKeys (ConfUtils.java:logGet(46)) - raft.server.log.corruption.policy = EXCEPTION (default)
2023-09-21 17:49:26,878 [0af77c8d-ae0f-44c2-a6ab-89a178552062-groupManagement] INFO  server.RaftServerConfigKeys (ConfUtils.java:logGet(46)) - raft.server.storage.free-space.min = 0MB (=0) (default)
2023-09-21 17:49:26,878 [0af77c8d-ae0f-44c2-a6ab-89a178552062-groupManagement] INFO  server.RaftServerConfigKeys (ConfUtils.java:logGet(46)) - raft.server.notification.no-leader.timeout = 300s (custom)
2023-09-21 17:49:26,878 [0af77c8d-ae0f-44c2-a6ab-89a178552062-groupManagement] INFO  server.RaftServerConfigKeys (ConfUtils.java:logGet(46)) - raft.server.read.timeout = 10s (default)
2023-09-21 17:49:26,879 [0af77c8d-ae0f-44c2-a6ab-89a178552062-groupManagement] INFO  server.RaftServerConfigKeys (ConfUtils.java:logGet(46)) - raft.server.retrycache.expirytime = 600000ms (custom)
2023-09-21 17:49:26,879 [0af77c8d-ae0f-44c2-a6ab-89a178552062-groupManagement] INFO  server.RaftServerConfigKeys (ConfUtils.java:logGet(46)) - raft.server.retrycache.statistics.expirytime = 100μs (default)
2023-09-21 17:49:26,879 [0af77c8d-ae0f-44c2-a6ab-89a178552062-groupManagement] INFO  server.RaftServerConfigKeys (ConfUtils.java:logGet(46)) - raft.server.read.option = DEFAULT (default)
2023-09-21 17:49:26,886 [0af77c8d-ae0f-44c2-a6ab-89a178552062-groupManagement] INFO  server.RaftServerConfigKeys (ConfUtils.java:logGet(46)) - raft.server.rpc.request.timeout = 60s (custom)
2023-09-21 17:49:26,886 [0af77c8d-ae0f-44c2-a6ab-89a178552062-groupManagement] INFO  server.RaftServerConfigKeys (ConfUtils.java:logGet(46)) - raft.server.log.appender.install.snapshot.enabled = false (custom)
2023-09-21 17:49:26,886 [0af77c8d-ae0f-44c2-a6ab-89a178552062-groupManagement] INFO  server.RaftServerConfigKeys (ConfUtils.java:logGet(46)) - raft.server.threadpool.server.cached = true (default)
2023-09-21 17:49:26,886 [0af77c8d-ae0f-44c2-a6ab-89a178552062-groupManagement] INFO  server.RaftServerConfigKeys (ConfUtils.java:logGet(46)) - raft.server.threadpool.server.size = 0 (default)
2023-09-21 17:49:26,886 [0af77c8d-ae0f-44c2-a6ab-89a178552062-groupManagement] INFO  server.RaftServerConfigKeys (ConfUtils.java:logGet(46)) - raft.server.threadpool.client.cached = true (default)
2023-09-21 17:49:26,886 [0af77c8d-ae0f-44c2-a6ab-89a178552062-groupManagement] INFO  server.RaftServerConfigKeys (ConfUtils.java:logGet(46)) - raft.server.threadpool.client.size = 0 (default)
2023-09-21 17:49:26,894 [PipelineCommandHandlerThread-0] INFO  commandhandler.CreatePipelineCommandHandler (CreatePipelineCommandHandler.java:lambda$handle$2(124)) - Created Pipeline RATIS THREE PipelineID=b3ab9323-66ae-4fb2-a3f5-c0b5db0f2f7a.
2023-09-21 17:49:26,900 [0af77c8d-ae0f-44c2-a6ab-89a178552062-groupManagement] INFO  storage.RaftStorageDirectory (RaftStorageDirectoryImpl.java:analyzeStorage(137)) - The storage directory /home/runner/work/ozone/ozone/hadoop-ozone/integration-test/target/test-dir/MiniOzoneClusterImpl-ff0bea85-29d4-48e8-8c84-822e75daf04a/datanode-4/data/ratis/8c457331-8dfa-4194-8dd2-508367a3a0fd does not exist. Creating ...
2023-09-21 17:49:26,903 [0af77c8d-ae0f-44c2-a6ab-89a178552062-groupManagement] INFO  storage.RaftStorageDirectory (RaftStorageDirectoryImpl.java:tryLock(231)) - Lock on /home/runner/work/ozone/ozone/hadoop-ozone/integration-test/target/test-dir/MiniOzoneClusterImpl-ff0bea85-29d4-48e8-8c84-822e75daf04a/datanode-4/data/ratis/8c457331-8dfa-4194-8dd2-508367a3a0fd/in_use.lock acquired by nodename 19454@fv-az259-227
2023-09-21 17:49:26,905 [0af77c8d-ae0f-44c2-a6ab-89a178552062-groupManagement] INFO  storage.RaftStorage (RaftStorageImpl.java:format(96)) - Storage directory /home/runner/work/ozone/ozone/hadoop-ozone/integration-test/target/test-dir/MiniOzoneClusterImpl-ff0bea85-29d4-48e8-8c84-822e75daf04a/datanode-4/data/ratis/8c457331-8dfa-4194-8dd2-508367a3a0fd has been successfully formatted.
2023-09-21 17:49:26,909 [0af77c8d-ae0f-44c2-a6ab-89a178552062-groupManagement] INFO  ratis.ContainerStateMachine (ContainerStateMachine.java:loadSnapshot(262)) - group-508367A3A0FD: The snapshot info is null. Setting the last applied indexto:(t:0, i:~)
2023-09-21 17:49:26,911 [EventQueue-PipelineReportForPipelineReportHandler] INFO  pipeline.PipelineReportHandler (PipelineReportHandler.java:processPipelineReport(136)) - Opened pipeline PipelineID=8c457331-8dfa-4194-8dd2-508367a3a0fd
2023-09-21 17:49:26,912 [EventQueue-OpenPipelineForHealthyPipelineSafeModeRule] INFO  safemode.SCMSafeModeManager (HealthyPipelineSafeModeRule.java:process(137)) - SCM in safe mode. Healthy pipelines reported count is 0, required healthy pipeline reported count is 1
2023-09-21 17:49:26,912 [0af77c8d-ae0f-44c2-a6ab-89a178552062-groupManagement] INFO  server.RaftServerConfigKeys (ConfUtils.java:logGet(46)) - raft.server.log.use.memory = false (default)
2023-09-21 17:49:26,913 [0af77c8d-ae0f-44c2-a6ab-89a178552062-groupManagement] INFO  server.RaftServerConfigKeys (ConfUtils.java:logGet(46)) - raft.server.log.purge.gap = 1000000 (custom)
2023-09-21 17:49:26,913 [0af77c8d-ae0f-44c2-a6ab-89a178552062-groupManagement] INFO  server.RaftServerConfigKeys (ConfUtils.java:logGet(46)) - raft.server.log.appender.buffer.byte-limit = 33554432 (custom)
2023-09-21 17:49:26,913 [0af77c8d-ae0f-44c2-a6ab-89a178552062-groupManagement] INFO  server.RaftServerConfigKeys (ConfUtils.java:logGet(46)) - raft.server.log.statemachine.data.read.timeout = 1000ms (default)
2023-09-21 17:49:26,913 [0af77c8d-ae0f-44c2-a6ab-89a178552062-groupManagement] INFO  server.RaftServerConfigKeys (ConfUtils.java:logGet(46)) - raft.server.log.purge.preservation.log.num = 0 (default)
2023-09-21 17:49:26,914 [0af77c8d-ae0f-44c2-a6ab-89a178552062-groupManagement] INFO  server.RaftServerConfigKeys (ConfUtils.java:logGet(46)) - raft.server.log.segment.size.max = 1048576 (custom)
2023-09-21 17:49:26,915 [0af77c8d-ae0f-44c2-a6ab-89a178552062-groupManagement] INFO  server.RaftServerConfigKeys (ConfUtils.java:logGet(46)) - raft.server.log.segment.cache.num.max = 2 (custom)
2023-09-21 17:49:26,915 [0af77c8d-ae0f-44c2-a6ab-89a178552062-groupManagement] INFO  server.RaftServerConfigKeys (ConfUtils.java:logGet(46)) - raft.server.log.segment.cache.size.max = 200MB (=209715200) (default)
2023-09-21 17:49:26,916 [0af77c8d-ae0f-44c2-a6ab-89a178552062-groupManagement] INFO  server.RaftServerConfigKeys (ConfUtils.java:logGet(46)) - raft.server.log.appender.buffer.byte-limit = 33554432 (custom)
2023-09-21 17:49:26,916 [0af77c8d-ae0f-44c2-a6ab-89a178552062-groupManagement] INFO  segmented.SegmentedRaftLogWorker (SegmentedRaftLogWorker.java:<init>(188)) - new 0af77c8d-ae0f-44c2-a6ab-89a178552062@group-508367A3A0FD-SegmentedRaftLogWorker for RaftStorageImpl:Storage Directory /home/runner/work/ozone/ozone/hadoop-ozone/integration-test/target/test-dir/MiniOzoneClusterImpl-ff0bea85-29d4-48e8-8c84-822e75daf04a/datanode-4/data/ratis/8c457331-8dfa-4194-8dd2-508367a3a0fd
2023-09-21 17:49:26,916 [0af77c8d-ae0f-44c2-a6ab-89a178552062-groupManagement] INFO  server.RaftServerConfigKeys (ConfUtils.java:logGet(46)) - raft.server.log.queue.byte-limit = 4294967296 (custom)
2023-09-21 17:49:26,916 [0af77c8d-ae0f-44c2-a6ab-89a178552062-groupManagement] INFO  server.RaftServerConfigKeys (ConfUtils.java:logGet(46)) - raft.server.log.queue.element-limit = 1024 (custom)
2023-09-21 17:49:26,916 [0af77c8d-ae0f-44c2-a6ab-89a178552062-groupManagement] INFO  server.RaftServerConfigKeys (ConfUtils.java:logGet(46)) - raft.server.log.segment.size.max = 1048576 (custom)
2023-09-21 17:49:26,919 [0af77c8d-ae0f-44c2-a6ab-89a178552062-groupManagement] INFO  server.RaftServerConfigKeys (ConfUtils.java:logGet(46)) - raft.server.log.preallocated.size = 16384 (custom)
2023-09-21 17:49:26,919 [0af77c8d-ae0f-44c2-a6ab-89a178552062-groupManagement] INFO  server.RaftServerConfigKeys (ConfUtils.java:logGet(46)) - raft.server.log.force.sync.num = 128 (default)
2023-09-21 17:49:26,919 [0af77c8d-ae0f-44c2-a6ab-89a178552062-groupManagement] INFO  server.RaftServerConfigKeys (ConfUtils.java:logGet(46)) - raft.server.log.statemachine.data.sync = true (default)
2023-09-21 17:49:26,919 [0af77c8d-ae0f-44c2-a6ab-89a178552062-groupManagement] INFO  server.RaftServerConfigKeys (ConfUtils.java:logGet(46)) - raft.server.log.statemachine.data.sync.timeout = 10s (default)
2023-09-21 17:49:26,919 [0af77c8d-ae0f-44c2-a6ab-89a178552062-groupManagement] INFO  server.RaftServerConfigKeys (ConfUtils.java:logGet(46)) - raft.server.log.statemachine.data.sync.timeout.retry = -1 (default)
2023-09-21 17:49:26,920 [0af77c8d-ae0f-44c2-a6ab-89a178552062-groupManagement] INFO  server.RaftServerConfigKeys (ConfUtils.java:logGet(46)) - raft.server.log.write.buffer.size = 1048576 (custom)
2023-09-21 17:49:26,921 [0af77c8d-ae0f-44c2-a6ab-89a178552062-groupManagement] INFO  server.RaftServerConfigKeys (ConfUtils.java:logGet(46)) - raft.server.log.appender.buffer.byte-limit = 33554432 (custom)
2023-09-21 17:49:26,930 [0af77c8d-ae0f-44c2-a6ab-89a178552062-groupManagement] INFO  server.RaftServerConfigKeys (ConfUtils.java:logGet(46)) - raft.server.log.unsafe-flush.enabled = false (default)
2023-09-21 17:49:26,930 [0af77c8d-ae0f-44c2-a6ab-89a178552062-groupManagement] INFO  server.RaftServerConfigKeys (ConfUtils.java:logGet(46)) - raft.server.log.async-flush.enabled = false (default)
2023-09-21 17:49:26,931 [0af77c8d-ae0f-44c2-a6ab-89a178552062-groupManagement] INFO  server.RaftServerConfigKeys (ConfUtils.java:logGet(46)) - raft.server.log.statemachine.data.caching.enabled = true (custom)
2023-09-21 17:49:26,931 [0af77c8d-ae0f-44c2-a6ab-89a178552062-groupManagement] INFO  segmented.SegmentedRaftLogWorker (SegmentedRaftLogWorker.java:lambda$new$0(135)) - 0af77c8d-ae0f-44c2-a6ab-89a178552062@group-508367A3A0FD-SegmentedRaftLogWorker: flushIndex: setUnconditionally 0 -> -1
2023-09-21 17:49:26,931 [0af77c8d-ae0f-44c2-a6ab-89a178552062-groupManagement] INFO  segmented.SegmentedRaftLogWorker (SegmentedRaftLogWorker.java:lambda$new$0(135)) - 0af77c8d-ae0f-44c2-a6ab-89a178552062@group-508367A3A0FD-SegmentedRaftLogWorker: safeCacheEvictIndex: setUnconditionally 0 -> -1
2023-09-21 17:49:26,932 [0af77c8d-ae0f-44c2-a6ab-89a178552062-groupManagement] INFO  server.RaftServer$Division (RaftServerImpl.java:start(342)) - 0af77c8d-ae0f-44c2-a6ab-89a178552062@group-508367A3A0FD: start as a follower, conf=-1: peers:[0af77c8d-ae0f-44c2-a6ab-89a178552062|rpc:10.1.0.8:15050|admin:10.1.0.8:15049|client:10.1.0.8:15048|dataStream:10.1.0.8:15051|priority:1|startupRole:FOLLOWER]|listeners:[], old=null
2023-09-21 17:49:26,932 [0af77c8d-ae0f-44c2-a6ab-89a178552062-groupManagement] INFO  server.RaftServer$Division (RaftServerImpl.java:setRole(329)) - 0af77c8d-ae0f-44c2-a6ab-89a178552062@group-508367A3A0FD: changes role from      null to FOLLOWER at term 0 for startAsFollower
2023-09-21 17:49:26,932 [0af77c8d-ae0f-44c2-a6ab-89a178552062-groupManagement] INFO  impl.RoleInfo (RoleInfo.java:updateAndGet(139)) - 0af77c8d-ae0f-44c2-a6ab-89a178552062: start 0af77c8d-ae0f-44c2-a6ab-89a178552062@group-508367A3A0FD-FollowerState
2023-09-21 17:49:26,932 [0af77c8d-ae0f-44c2-a6ab-89a178552062-groupManagement] INFO  util.JmxRegister (JmxRegister.java:tryRegister(44)) - Successfully registered JMX Bean with object name Ratis:service=RaftServer,group=group-508367A3A0FD,id=0af77c8d-ae0f-44c2-a6ab-89a178552062
2023-09-21 17:49:26,932 [0af77c8d-ae0f-44c2-a6ab-89a178552062@group-508367A3A0FD-FollowerState] INFO  server.RaftServerConfigKeys (ConfUtils.java:logFallback(53)) - raft.server.rpc.first-election.timeout.min = 5s (fallback to raft.server.rpc.timeout.min)
2023-09-21 17:49:26,933 [0af77c8d-ae0f-44c2-a6ab-89a178552062@group-508367A3A0FD-FollowerState] INFO  server.RaftServerConfigKeys (ConfUtils.java:logFallback(53)) - raft.server.rpc.first-election.timeout.max = 5200ms (fallback to raft.server.rpc.timeout.max)
2023-09-21 17:49:26,932 [0af77c8d-ae0f-44c2-a6ab-89a178552062-groupManagement] INFO  server.RaftServerConfigKeys (ConfUtils.java:logGet(46)) - raft.server.snapshot.auto.trigger.enabled = true (custom)
2023-09-21 17:49:26,933 [0af77c8d-ae0f-44c2-a6ab-89a178552062-groupManagement] INFO  server.RaftServerConfigKeys (ConfUtils.java:logGet(46)) - raft.server.snapshot.auto.trigger.threshold = 10000 (custom)
2023-09-21 17:49:26,933 [0af77c8d-ae0f-44c2-a6ab-89a178552062-groupManagement] INFO  server.RaftServerConfigKeys (ConfUtils.java:logGet(46)) - raft.server.snapshot.retention.file.num = 5 (custom)
2023-09-21 17:49:26,933 [0af77c8d-ae0f-44c2-a6ab-89a178552062-groupManagement] INFO  server.RaftServerConfigKeys (ConfUtils.java:logGet(46)) - raft.server.log.purge.upto.snapshot.index = false (default)
2023-09-21 17:49:26,934 [PipelineCommandHandlerThread-0] INFO  ratis.XceiverServerRatis (XceiverServerRatis.java:addGroup(804)) - Created group PipelineID=8c457331-8dfa-4194-8dd2-508367a3a0fd
2023-09-21 17:49:26,934 [PipelineCommandHandlerThread-0] INFO  commandhandler.CreatePipelineCommandHandler (CreatePipelineCommandHandler.java:lambda$handle$2(124)) - Created Pipeline RATIS ONE PipelineID=8c457331-8dfa-4194-8dd2-508367a3a0fd.
2023-09-21 17:49:27,864 [main] INFO  ozone.MiniOzoneClusterImpl (MiniOzoneClusterImpl.java:lambda$waitForClusterToBeReady$0(229)) - Nodes are ready. Got 5 of 5 DN Heartbeats.
2023-09-21 17:49:27,864 [main] INFO  ozone.MiniOzoneClusterImpl (MiniOzoneClusterImpl.java:lambda$waitForClusterToBeReady$0(232)) - Waiting for cluster to exit safe mode
2023-09-21 17:49:27,864 [main] INFO  ozone.MiniOzoneClusterImpl (MiniOzoneClusterImpl.java:lambda$waitForClusterToBeReady$0(234)) - SCM became leader
2023-09-21 17:49:28,864 [main] INFO  ozone.MiniOzoneClusterImpl (MiniOzoneClusterImpl.java:lambda$waitForClusterToBeReady$0(229)) - Nodes are ready. Got 5 of 5 DN Heartbeats.
2023-09-21 17:49:28,865 [main] INFO  ozone.MiniOzoneClusterImpl (MiniOzoneClusterImpl.java:lambda$waitForClusterToBeReady$0(232)) - Waiting for cluster to exit safe mode
2023-09-21 17:49:28,865 [main] INFO  ozone.MiniOzoneClusterImpl (MiniOzoneClusterImpl.java:lambda$waitForClusterToBeReady$0(234)) - SCM became leader
2023-09-21 17:49:29,865 [main] INFO  ozone.MiniOzoneClusterImpl (MiniOzoneClusterImpl.java:lambda$waitForClusterToBeReady$0(229)) - Nodes are ready. Got 5 of 5 DN Heartbeats.
2023-09-21 17:49:29,865 [main] INFO  ozone.MiniOzoneClusterImpl (MiniOzoneClusterImpl.java:lambda$waitForClusterToBeReady$0(232)) - Waiting for cluster to exit safe mode
2023-09-21 17:49:29,866 [main] INFO  ozone.MiniOzoneClusterImpl (MiniOzoneClusterImpl.java:lambda$waitForClusterToBeReady$0(234)) - SCM became leader
2023-09-21 17:49:30,322 [0e5ca0ac-2c0a-4501-ade5-9887f0236797@group-9C51634007C7-FollowerState] INFO  impl.FollowerState (FollowerState.java:run(143)) - 0e5ca0ac-2c0a-4501-ade5-9887f0236797@group-9C51634007C7-FollowerState: change to CANDIDATE, lastRpcElapsedTime:5034652370ns, electionTimeout:5028ms
2023-09-21 17:49:30,322 [0e5ca0ac-2c0a-4501-ade5-9887f0236797@group-9C51634007C7-FollowerState] INFO  impl.RoleInfo (RoleInfo.java:shutdownFollowerState(110)) - 0e5ca0ac-2c0a-4501-ade5-9887f0236797: shutdown 0e5ca0ac-2c0a-4501-ade5-9887f0236797@group-9C51634007C7-FollowerState
2023-09-21 17:49:30,322 [0e5ca0ac-2c0a-4501-ade5-9887f0236797@group-9C51634007C7-FollowerState] INFO  server.RaftServer$Division (RaftServerImpl.java:setRole(329)) - 0e5ca0ac-2c0a-4501-ade5-9887f0236797@group-9C51634007C7: changes role from  FOLLOWER to CANDIDATE at term 0 for changeToCandidate
2023-09-21 17:49:30,324 [0e5ca0ac-2c0a-4501-ade5-9887f0236797@group-9C51634007C7-FollowerState] INFO  server.RaftServerConfigKeys (ConfUtils.java:logGet(46)) - raft.server.leaderelection.pre-vote = true (default)
2023-09-21 17:49:30,324 [0e5ca0ac-2c0a-4501-ade5-9887f0236797@group-9C51634007C7-FollowerState] INFO  impl.RoleInfo (RoleInfo.java:updateAndGet(139)) - 0e5ca0ac-2c0a-4501-ade5-9887f0236797: start 0e5ca0ac-2c0a-4501-ade5-9887f0236797@group-9C51634007C7-LeaderElection2
2023-09-21 17:49:30,326 [0e5ca0ac-2c0a-4501-ade5-9887f0236797@group-9C51634007C7-LeaderElection2] INFO  impl.LeaderElection (LeaderElection.java:askForVotes(321)) - 0e5ca0ac-2c0a-4501-ade5-9887f0236797@group-9C51634007C7-LeaderElection2 PRE_VOTE round 0: submit vote requests at term 0 for -1: peers:[0e5ca0ac-2c0a-4501-ade5-9887f0236797|rpc:10.1.0.8:15014|admin:10.1.0.8:15013|client:10.1.0.8:15012|dataStream:10.1.0.8:15015|priority:1|startupRole:FOLLOWER]|listeners:[], old=null
2023-09-21 17:49:30,326 [0e5ca0ac-2c0a-4501-ade5-9887f0236797@group-9C51634007C7-LeaderElection2] INFO  impl.LeaderElection (LeaderElection.java:askForVotes(323)) - 0e5ca0ac-2c0a-4501-ade5-9887f0236797@group-9C51634007C7-LeaderElection2 PRE_VOTE round 0: result PASSED (term=0)
2023-09-21 17:49:30,329 [0e5ca0ac-2c0a-4501-ade5-9887f0236797@group-9C51634007C7-LeaderElection2] INFO  impl.LeaderElection (LeaderElection.java:askForVotes(321)) - 0e5ca0ac-2c0a-4501-ade5-9887f0236797@group-9C51634007C7-LeaderElection2 ELECTION round 0: submit vote requests at term 1 for -1: peers:[0e5ca0ac-2c0a-4501-ade5-9887f0236797|rpc:10.1.0.8:15014|admin:10.1.0.8:15013|client:10.1.0.8:15012|dataStream:10.1.0.8:15015|priority:1|startupRole:FOLLOWER]|listeners:[], old=null
2023-09-21 17:49:30,329 [0e5ca0ac-2c0a-4501-ade5-9887f0236797@group-9C51634007C7-LeaderElection2] INFO  impl.LeaderElection (LeaderElection.java:askForVotes(323)) - 0e5ca0ac-2c0a-4501-ade5-9887f0236797@group-9C51634007C7-LeaderElection2 ELECTION round 0: result PASSED (term=1)
2023-09-21 17:49:30,329 [0e5ca0ac-2c0a-4501-ade5-9887f0236797@group-9C51634007C7-LeaderElection2] INFO  impl.RoleInfo (RoleInfo.java:shutdownLeaderElection(130)) - 0e5ca0ac-2c0a-4501-ade5-9887f0236797: shutdown 0e5ca0ac-2c0a-4501-ade5-9887f0236797@group-9C51634007C7-LeaderElection2
2023-09-21 17:49:30,329 [0e5ca0ac-2c0a-4501-ade5-9887f0236797@group-9C51634007C7-LeaderElection2] INFO  server.RaftServer$Division (RaftServerImpl.java:setRole(329)) - 0e5ca0ac-2c0a-4501-ade5-9887f0236797@group-9C51634007C7: changes role from CANDIDATE to LEADER at term 1 for changeToLeader
2023-09-21 17:49:30,329 [0e5ca0ac-2c0a-4501-ade5-9887f0236797@group-9C51634007C7-LeaderElection2] INFO  ratis.XceiverServerRatis (XceiverServerRatis.java:handleLeaderChangedNotification(902)) - Leader change notification received for group: group-9C51634007C7 with new leaderId: 0e5ca0ac-2c0a-4501-ade5-9887f0236797
2023-09-21 17:49:30,329 [0e5ca0ac-2c0a-4501-ade5-9887f0236797@group-9C51634007C7-LeaderElection2] INFO  server.RaftServer$Division (ServerState.java:setLeader(317)) - 0e5ca0ac-2c0a-4501-ade5-9887f0236797@group-9C51634007C7: change Leader from null to 0e5ca0ac-2c0a-4501-ade5-9887f0236797 at term 1 for becomeLeader, leader elected after 5081ms
2023-09-21 17:49:30,330 [0e5ca0ac-2c0a-4501-ade5-9887f0236797@group-9C51634007C7-LeaderElection2] INFO  server.RaftServerConfigKeys (ConfUtils.java:logGet(46)) - raft.server.staging.catchup.gap = 1000 (default)
2023-09-21 17:49:30,331 [0e5ca0ac-2c0a-4501-ade5-9887f0236797@group-9C51634007C7-LeaderElection2] INFO  server.RaftServerConfigKeys (ConfUtils.java:logGet(46)) - raft.server.write.element-limit = 1024 (custom)
2023-09-21 17:49:30,331 [0e5ca0ac-2c0a-4501-ade5-9887f0236797@group-9C51634007C7-LeaderElection2] INFO  server.RaftServerConfigKeys (ConfUtils.java:logGet(46)) - raft.server.write.byte-limit = 1024 M (=1073741824) (custom)
2023-09-21 17:49:30,331 [0e5ca0ac-2c0a-4501-ade5-9887f0236797@group-9C51634007C7-LeaderElection2] INFO  server.RaftServerConfigKeys (ConfUtils.java:logGet(46)) - raft.server.watch.timeout = 180s (custom)
2023-09-21 17:49:30,331 [0e5ca0ac-2c0a-4501-ade5-9887f0236797@group-9C51634007C7-LeaderElection2] INFO  server.RaftServerConfigKeys (ConfUtils.java:logGet(46)) - raft.server.watch.timeout.denomination = 1s (default)
2023-09-21 17:49:30,331 [0e5ca0ac-2c0a-4501-ade5-9887f0236797@group-9C51634007C7-LeaderElection2] INFO  server.RaftServerConfigKeys (ConfUtils.java:logGet(46)) - raft.server.watch.element-limit = 65536 (default)
2023-09-21 17:49:30,331 [0e5ca0ac-2c0a-4501-ade5-9887f0236797@group-9C51634007C7-LeaderElection2] INFO  server.RaftServerConfigKeys (ConfUtils.java:logGet(46)) - raft.server.write.element-limit = 1024 (custom)
2023-09-21 17:49:30,332 [0e5ca0ac-2c0a-4501-ade5-9887f0236797@group-9C51634007C7-LeaderElection2] INFO  server.RaftServerConfigKeys (ConfUtils.java:logGet(46)) - raft.server.write.follower.gap.ratio.max = -1.0 (default)
2023-09-21 17:49:30,332 [0e5ca0ac-2c0a-4501-ade5-9887f0236797@group-9C51634007C7-LeaderElection2] INFO  impl.RoleInfo (RoleInfo.java:updateAndGet(139)) - 0e5ca0ac-2c0a-4501-ade5-9887f0236797: start 0e5ca0ac-2c0a-4501-ade5-9887f0236797@group-9C51634007C7-LeaderStateImpl
2023-09-21 17:49:30,332 [EventQueue-OpenPipelineForHealthyPipelineSafeModeRule] INFO  safemode.SCMSafeModeManager (HealthyPipelineSafeModeRule.java:process(137)) - SCM in safe mode. Healthy pipelines reported count is 0, required healthy pipeline reported count is 1
2023-09-21 17:49:30,332 [0e5ca0ac-2c0a-4501-ade5-9887f0236797@group-9C51634007C7-LeaderElection2] INFO  segmented.SegmentedRaftLogWorker (SegmentedRaftLogWorker.java:startLogSegment(447)) - 0e5ca0ac-2c0a-4501-ade5-9887f0236797@group-9C51634007C7-SegmentedRaftLogWorker: Starting segment from index:0
2023-09-21 17:49:30,334 [0e5ca0ac-2c0a-4501-ade5-9887f0236797@group-9C51634007C7-SegmentedRaftLogWorker] INFO  segmented.SegmentedRaftLogWorker (SegmentedRaftLogWorker.java:execute(651)) - 0e5ca0ac-2c0a-4501-ade5-9887f0236797@group-9C51634007C7-SegmentedRaftLogWorker: created new log segment /home/runner/work/ozone/ozone/hadoop-ozone/integration-test/target/test-dir/MiniOzoneClusterImpl-ff0bea85-29d4-48e8-8c84-822e75daf04a/datanode-0/data/ratis/68ab24b3-b4e7-4ba6-849a-9c51634007c7/current/log_inprogress_0
2023-09-21 17:49:30,338 [0e5ca0ac-2c0a-4501-ade5-9887f0236797@group-9C51634007C7-LeaderElection2] INFO  server.RaftServer$Division (ServerState.java:setRaftConf(434)) - 0e5ca0ac-2c0a-4501-ade5-9887f0236797@group-9C51634007C7: set configuration 0: peers:[0e5ca0ac-2c0a-4501-ade5-9887f0236797|rpc:10.1.0.8:15014|admin:10.1.0.8:15013|client:10.1.0.8:15012|dataStream:10.1.0.8:15015|priority:1|startupRole:FOLLOWER]|listeners:[], old=null
2023-09-21 17:49:30,552 [0e5ca0ac-2c0a-4501-ade5-9887f0236797@group-92EF5A1E58C4-FollowerState] INFO  impl.FollowerState (FollowerState.java:run(143)) - 0e5ca0ac-2c0a-4501-ade5-9887f0236797@group-92EF5A1E58C4-FollowerState: change to CANDIDATE, lastRpcElapsedTime:5204594964ns, electionTimeout:5189ms
2023-09-21 17:49:30,553 [0e5ca0ac-2c0a-4501-ade5-9887f0236797@group-92EF5A1E58C4-FollowerState] INFO  impl.RoleInfo (RoleInfo.java:shutdownFollowerState(110)) - 0e5ca0ac-2c0a-4501-ade5-9887f0236797: shutdown 0e5ca0ac-2c0a-4501-ade5-9887f0236797@group-92EF5A1E58C4-FollowerState
2023-09-21 17:49:30,553 [0e5ca0ac-2c0a-4501-ade5-9887f0236797@group-92EF5A1E58C4-FollowerState] INFO  server.RaftServer$Division (RaftServerImpl.java:setRole(329)) - 0e5ca0ac-2c0a-4501-ade5-9887f0236797@group-92EF5A1E58C4: changes role from  FOLLOWER to CANDIDATE at term 0 for changeToCandidate
2023-09-21 17:49:30,554 [0e5ca0ac-2c0a-4501-ade5-9887f0236797@group-92EF5A1E58C4-FollowerState] INFO  server.RaftServerConfigKeys (ConfUtils.java:logGet(46)) - raft.server.leaderelection.pre-vote = true (default)
2023-09-21 17:49:30,554 [0e5ca0ac-2c0a-4501-ade5-9887f0236797@group-92EF5A1E58C4-FollowerState] INFO  impl.RoleInfo (RoleInfo.java:updateAndGet(139)) - 0e5ca0ac-2c0a-4501-ade5-9887f0236797: start 0e5ca0ac-2c0a-4501-ade5-9887f0236797@group-92EF5A1E58C4-LeaderElection3
2023-09-21 17:49:30,563 [0e5ca0ac-2c0a-4501-ade5-9887f0236797@group-92EF5A1E58C4-LeaderElection3] INFO  impl.LeaderElection (LeaderElection.java:askForVotes(321)) - 0e5ca0ac-2c0a-4501-ade5-9887f0236797@group-92EF5A1E58C4-LeaderElection3 PRE_VOTE round 0: submit vote requests at term 0 for -1: peers:[0e5ca0ac-2c0a-4501-ade5-9887f0236797|rpc:10.1.0.8:15014|admin:10.1.0.8:15013|client:10.1.0.8:15012|dataStream:10.1.0.8:15015|priority:0|startupRole:FOLLOWER, 30fcaee4-35e5-4526-9ec2-86d2b42bb6e9|rpc:10.1.0.8:15023|admin:10.1.0.8:15022|client:10.1.0.8:15021|dataStream:10.1.0.8:15024|priority:1|startupRole:FOLLOWER, a7b87587-f54c-4106-951c-2cd85865b718|rpc:10.1.0.8:15032|admin:10.1.0.8:15031|client:10.1.0.8:15030|dataStream:10.1.0.8:15033|priority:0|startupRole:FOLLOWER]|listeners:[], old=null
2023-09-21 17:49:30,585 [0e5ca0ac-2c0a-4501-ade5-9887f0236797@group-92EF5A1E58C4-LeaderElection3-1] INFO  server.GrpcServerProtocolClient (GrpcServerProtocolClient.java:<init>(65)) - Build channel for 30fcaee4-35e5-4526-9ec2-86d2b42bb6e9
2023-09-21 17:49:30,586 [0e5ca0ac-2c0a-4501-ade5-9887f0236797@group-92EF5A1E58C4-LeaderElection3] INFO  server.RaftServerConfigKeys (ConfUtils.java:logFallback(53)) - raft.server.rpc.first-election.timeout.min = 5s (fallback to raft.server.rpc.timeout.min)
2023-09-21 17:49:30,586 [0e5ca0ac-2c0a-4501-ade5-9887f0236797@group-92EF5A1E58C4-LeaderElection3-2] INFO  server.GrpcServerProtocolClient (GrpcServerProtocolClient.java:<init>(65)) - Build channel for a7b87587-f54c-4106-951c-2cd85865b718
2023-09-21 17:49:30,590 [0e5ca0ac-2c0a-4501-ade5-9887f0236797@group-92EF5A1E58C4-LeaderElection3] INFO  server.RaftServerConfigKeys (ConfUtils.java:logFallback(53)) - raft.server.rpc.first-election.timeout.max = 5200ms (fallback to raft.server.rpc.timeout.max)
2023-09-21 17:49:30,618 [grpc-default-executor-0] INFO  server.RaftServer$Division (RaftServerImpl.java:requestVote(1302)) - 30fcaee4-35e5-4526-9ec2-86d2b42bb6e9@group-92EF5A1E58C4: receive requestVote(PRE_VOTE, 0e5ca0ac-2c0a-4501-ade5-9887f0236797, group-92EF5A1E58C4, 0, (t:0, i:0))
2023-09-21 17:49:30,621 [grpc-default-executor-0] INFO  impl.VoteContext (VoteContext.java:log(49)) - 30fcaee4-35e5-4526-9ec2-86d2b42bb6e9@group-92EF5A1E58C4-FOLLOWER: reject PRE_VOTE from 0e5ca0ac-2c0a-4501-ade5-9887f0236797: our priority 1 > candidate's priority 0
2023-09-21 17:49:30,623 [grpc-default-executor-0] INFO  server.RaftServer$Division (RaftServerImpl.java:requestVote(1335)) - 30fcaee4-35e5-4526-9ec2-86d2b42bb6e9@group-92EF5A1E58C4 replies to PRE_VOTE vote request: 0e5ca0ac-2c0a-4501-ade5-9887f0236797<-30fcaee4-35e5-4526-9ec2-86d2b42bb6e9#0:FAIL-t0. Peer's state: 30fcaee4-35e5-4526-9ec2-86d2b42bb6e9@group-92EF5A1E58C4:t0, leader=null, voted=, raftlog=Memoized:30fcaee4-35e5-4526-9ec2-86d2b42bb6e9@group-92EF5A1E58C4-SegmentedRaftLog:OPENED:c-1, conf=-1: peers:[0e5ca0ac-2c0a-4501-ade5-9887f0236797|rpc:10.1.0.8:15014|admin:10.1.0.8:15013|client:10.1.0.8:15012|dataStream:10.1.0.8:15015|priority:0|startupRole:FOLLOWER, 30fcaee4-35e5-4526-9ec2-86d2b42bb6e9|rpc:10.1.0.8:15023|admin:10.1.0.8:15022|client:10.1.0.8:15021|dataStream:10.1.0.8:15024|priority:1|startupRole:FOLLOWER, a7b87587-f54c-4106-951c-2cd85865b718|rpc:10.1.0.8:15032|admin:10.1.0.8:15031|client:10.1.0.8:15030|dataStream:10.1.0.8:15033|priority:0|startupRole:FOLLOWER]|listeners:[], old=null
2023-09-21 17:49:30,637 [0e5ca0ac-2c0a-4501-ade5-9887f0236797@group-92EF5A1E58C4-LeaderElection3] INFO  impl.LeaderElection (LeaderElection.java:logAndReturn(90)) - 0e5ca0ac-2c0a-4501-ade5-9887f0236797@group-92EF5A1E58C4-LeaderElection3: PRE_VOTE REJECTED received 1 response(s) and 0 exception(s):
2023-09-21 17:49:30,638 [0e5ca0ac-2c0a-4501-ade5-9887f0236797@group-92EF5A1E58C4-LeaderElection3] INFO  impl.LeaderElection (LeaderElection.java:logAndReturn(94)) -   Response 0: 0e5ca0ac-2c0a-4501-ade5-9887f0236797<-30fcaee4-35e5-4526-9ec2-86d2b42bb6e9#0:FAIL-t0
2023-09-21 17:49:30,638 [0e5ca0ac-2c0a-4501-ade5-9887f0236797@group-92EF5A1E58C4-LeaderElection3] INFO  impl.LeaderElection (LeaderElection.java:askForVotes(323)) - 0e5ca0ac-2c0a-4501-ade5-9887f0236797@group-92EF5A1E58C4-LeaderElection3 PRE_VOTE round 0: result REJECTED
2023-09-21 17:49:30,638 [0e5ca0ac-2c0a-4501-ade5-9887f0236797@group-92EF5A1E58C4-LeaderElection3] INFO  server.RaftServer$Division (RaftServerImpl.java:setRole(329)) - 0e5ca0ac-2c0a-4501-ade5-9887f0236797@group-92EF5A1E58C4: changes role from CANDIDATE to FOLLOWER at term 0 for REJECTED
2023-09-21 17:49:30,638 [0e5ca0ac-2c0a-4501-ade5-9887f0236797@group-92EF5A1E58C4-LeaderElection3] INFO  impl.RoleInfo (RoleInfo.java:shutdownLeaderElection(130)) - 0e5ca0ac-2c0a-4501-ade5-9887f0236797: shutdown 0e5ca0ac-2c0a-4501-ade5-9887f0236797@group-92EF5A1E58C4-LeaderElection3
2023-09-21 17:49:30,639 [0e5ca0ac-2c0a-4501-ade5-9887f0236797@group-92EF5A1E58C4-LeaderElection3] INFO  impl.RoleInfo (RoleInfo.java:updateAndGet(139)) - 0e5ca0ac-2c0a-4501-ade5-9887f0236797: start 0e5ca0ac-2c0a-4501-ade5-9887f0236797@group-92EF5A1E58C4-FollowerState
2023-09-21 17:49:30,639 [grpc-default-executor-2] INFO  server.RaftServer$Division (RaftServerImpl.java:requestVote(1302)) - a7b87587-f54c-4106-951c-2cd85865b718@group-92EF5A1E58C4: receive requestVote(PRE_VOTE, 0e5ca0ac-2c0a-4501-ade5-9887f0236797, group-92EF5A1E58C4, 0, (t:0, i:0))
2023-09-21 17:49:30,649 [grpc-default-executor-2] INFO  impl.VoteContext (VoteContext.java:log(49)) - a7b87587-f54c-4106-951c-2cd85865b718@group-92EF5A1E58C4-FOLLOWER: accept PRE_VOTE from 0e5ca0ac-2c0a-4501-ade5-9887f0236797: our priority 0 <= candidate's priority 0
2023-09-21 17:49:30,652 [grpc-default-executor-2] INFO  server.RaftServer$Division (RaftServerImpl.java:requestVote(1335)) - a7b87587-f54c-4106-951c-2cd85865b718@group-92EF5A1E58C4 replies to PRE_VOTE vote request: 0e5ca0ac-2c0a-4501-ade5-9887f0236797<-a7b87587-f54c-4106-951c-2cd85865b718#0:OK-t0. Peer's state: a7b87587-f54c-4106-951c-2cd85865b718@group-92EF5A1E58C4:t0, leader=null, voted=, raftlog=Memoized:a7b87587-f54c-4106-951c-2cd85865b718@group-92EF5A1E58C4-SegmentedRaftLog:OPENED:c-1, conf=-1: peers:[0e5ca0ac-2c0a-4501-ade5-9887f0236797|rpc:10.1.0.8:15014|admin:10.1.0.8:15013|client:10.1.0.8:15012|dataStream:10.1.0.8:15015|priority:0|startupRole:FOLLOWER, 30fcaee4-35e5-4526-9ec2-86d2b42bb6e9|rpc:10.1.0.8:15023|admin:10.1.0.8:15022|client:10.1.0.8:15021|dataStream:10.1.0.8:15024|priority:1|startupRole:FOLLOWER, a7b87587-f54c-4106-951c-2cd85865b718|rpc:10.1.0.8:15032|admin:10.1.0.8:15031|client:10.1.0.8:15030|dataStream:10.1.0.8:15033|priority:0|startupRole:FOLLOWER]|listeners:[], old=null
2023-09-21 17:49:30,866 [main] INFO  ozone.MiniOzoneClusterImpl (MiniOzoneClusterImpl.java:lambda$waitForClusterToBeReady$0(229)) - Nodes are ready. Got 5 of 5 DN Heartbeats.
2023-09-21 17:49:30,866 [main] INFO  ozone.MiniOzoneClusterImpl (MiniOzoneClusterImpl.java:lambda$waitForClusterToBeReady$0(232)) - Waiting for cluster to exit safe mode
2023-09-21 17:49:30,867 [main] INFO  ozone.MiniOzoneClusterImpl (MiniOzoneClusterImpl.java:lambda$waitForClusterToBeReady$0(234)) - SCM became leader
2023-09-21 17:49:30,931 [30fcaee4-35e5-4526-9ec2-86d2b42bb6e9@group-F0C266240665-FollowerState] INFO  impl.FollowerState (FollowerState.java:run(143)) - 30fcaee4-35e5-4526-9ec2-86d2b42bb6e9@group-F0C266240665-FollowerState: change to CANDIDATE, lastRpcElapsedTime:5193776119ns, electionTimeout:5177ms
2023-09-21 17:49:30,933 [30fcaee4-35e5-4526-9ec2-86d2b42bb6e9@group-F0C266240665-FollowerState] INFO  impl.RoleInfo (RoleInfo.java:shutdownFollowerState(110)) - 30fcaee4-35e5-4526-9ec2-86d2b42bb6e9: shutdown 30fcaee4-35e5-4526-9ec2-86d2b42bb6e9@group-F0C266240665-FollowerState
2023-09-21 17:49:30,934 [30fcaee4-35e5-4526-9ec2-86d2b42bb6e9@group-F0C266240665-FollowerState] INFO  server.RaftServer$Division (RaftServerImpl.java:setRole(329)) - 30fcaee4-35e5-4526-9ec2-86d2b42bb6e9@group-F0C266240665: changes role from  FOLLOWER to CANDIDATE at term 0 for changeToCandidate
2023-09-21 17:49:30,934 [30fcaee4-35e5-4526-9ec2-86d2b42bb6e9@group-F0C266240665-FollowerState] INFO  server.RaftServerConfigKeys (ConfUtils.java:logGet(46)) - raft.server.leaderelection.pre-vote = true (default)
2023-09-21 17:49:30,934 [30fcaee4-35e5-4526-9ec2-86d2b42bb6e9@group-F0C266240665-FollowerState] INFO  impl.RoleInfo (RoleInfo.java:updateAndGet(139)) - 30fcaee4-35e5-4526-9ec2-86d2b42bb6e9: start 30fcaee4-35e5-4526-9ec2-86d2b42bb6e9@group-F0C266240665-LeaderElection4
2023-09-21 17:49:30,937 [30fcaee4-35e5-4526-9ec2-86d2b42bb6e9@group-F0C266240665-LeaderElection4] INFO  impl.LeaderElection (LeaderElection.java:askForVotes(321)) - 30fcaee4-35e5-4526-9ec2-86d2b42bb6e9@group-F0C266240665-LeaderElection4 PRE_VOTE round 0: submit vote requests at term 0 for -1: peers:[30fcaee4-35e5-4526-9ec2-86d2b42bb6e9|rpc:10.1.0.8:15023|admin:10.1.0.8:15022|client:10.1.0.8:15021|dataStream:10.1.0.8:15024|priority:1|startupRole:FOLLOWER]|listeners:[], old=null
2023-09-21 17:49:30,937 [30fcaee4-35e5-4526-9ec2-86d2b42bb6e9@group-F0C266240665-LeaderElection4] INFO  impl.LeaderElection (LeaderElection.java:askForVotes(323)) - 30fcaee4-35e5-4526-9ec2-86d2b42bb6e9@group-F0C266240665-LeaderElection4 PRE_VOTE round 0: result PASSED (term=0)
2023-09-21 17:49:30,939 [30fcaee4-35e5-4526-9ec2-86d2b42bb6e9@group-F0C266240665-LeaderElection4] INFO  impl.LeaderElection (LeaderElection.java:askForVotes(321)) - 30fcaee4-35e5-4526-9ec2-86d2b42bb6e9@group-F0C266240665-LeaderElection4 ELECTION round 0: submit vote requests at term 1 for -1: peers:[30fcaee4-35e5-4526-9ec2-86d2b42bb6e9|rpc:10.1.0.8:15023|admin:10.1.0.8:15022|client:10.1.0.8:15021|dataStream:10.1.0.8:15024|priority:1|startupRole:FOLLOWER]|listeners:[], old=null
2023-09-21 17:49:30,939 [30fcaee4-35e5-4526-9ec2-86d2b42bb6e9@group-F0C266240665-LeaderElection4] INFO  impl.LeaderElection (LeaderElection.java:askForVotes(323)) - 30fcaee4-35e5-4526-9ec2-86d2b42bb6e9@group-F0C266240665-LeaderElection4 ELECTION round 0: result PASSED (term=1)
2023-09-21 17:49:30,939 [30fcaee4-35e5-4526-9ec2-86d2b42bb6e9@group-F0C266240665-LeaderElection4] INFO  impl.RoleInfo (RoleInfo.java:shutdownLeaderElection(130)) - 30fcaee4-35e5-4526-9ec2-86d2b42bb6e9: shutdown 30fcaee4-35e5-4526-9ec2-86d2b42bb6e9@group-F0C266240665-LeaderElection4
2023-09-21 17:49:30,939 [30fcaee4-35e5-4526-9ec2-86d2b42bb6e9@group-F0C266240665-LeaderElection4] INFO  server.RaftServer$Division (RaftServerImpl.java:setRole(329)) - 30fcaee4-35e5-4526-9ec2-86d2b42bb6e9@group-F0C266240665: changes role from CANDIDATE to LEADER at term 1 for changeToLeader
2023-09-21 17:49:30,939 [30fcaee4-35e5-4526-9ec2-86d2b42bb6e9@group-F0C266240665-LeaderElection4] INFO  ratis.XceiverServerRatis (XceiverServerRatis.java:handleLeaderChangedNotification(902)) - Leader change notification received for group: group-F0C266240665 with new leaderId: 30fcaee4-35e5-4526-9ec2-86d2b42bb6e9
2023-09-21 17:49:30,940 [30fcaee4-35e5-4526-9ec2-86d2b42bb6e9@group-F0C266240665-LeaderElection4] INFO  server.RaftServer$Division (ServerState.java:setLeader(317)) - 30fcaee4-35e5-4526-9ec2-86d2b42bb6e9@group-F0C266240665: change Leader from null to 30fcaee4-35e5-4526-9ec2-86d2b42bb6e9 at term 1 for becomeLeader, leader elected after 5263ms
2023-09-21 17:49:30,940 [30fcaee4-35e5-4526-9ec2-86d2b42bb6e9@group-F0C266240665-LeaderElection4] INFO  server.RaftServerConfigKeys (ConfUtils.java:logGet(46)) - raft.server.staging.catchup.gap = 1000 (default)
2023-09-21 17:49:30,941 [30fcaee4-35e5-4526-9ec2-86d2b42bb6e9@group-F0C266240665-LeaderElection4] INFO  server.RaftServerConfigKeys (ConfUtils.java:logGet(46)) - raft.server.write.element-limit = 1024 (custom)
2023-09-21 17:49:30,942 [EventQueue-OpenPipelineForHealthyPipelineSafeModeRule] INFO  safemode.SCMSafeModeManager (HealthyPipelineSafeModeRule.java:process(137)) - SCM in safe mode. Healthy pipelines reported count is 0, required healthy pipeline reported count is 1
2023-09-21 17:49:30,942 [30fcaee4-35e5-4526-9ec2-86d2b42bb6e9@group-F0C266240665-LeaderElection4] INFO  server.RaftServerConfigKeys (ConfUtils.java:logGet(46)) - raft.server.write.byte-limit = 1024 M (=1073741824) (custom)
2023-09-21 17:49:30,943 [30fcaee4-35e5-4526-9ec2-86d2b42bb6e9@group-F0C266240665-LeaderElection4] INFO  server.RaftServerConfigKeys (ConfUtils.java:logGet(46)) - raft.server.watch.timeout = 180s (custom)
2023-09-21 17:49:30,943 [30fcaee4-35e5-4526-9ec2-86d2b42bb6e9@group-F0C266240665-LeaderElection4] INFO  server.RaftServerConfigKeys (ConfUtils.java:logGet(46)) - raft.server.watch.timeout.denomination = 1s (default)
2023-09-21 17:49:30,943 [30fcaee4-35e5-4526-9ec2-86d2b42bb6e9@group-F0C266240665-LeaderElection4] INFO  server.RaftServerConfigKeys (ConfUtils.java:logGet(46)) - raft.server.watch.element-limit = 65536 (default)
2023-09-21 17:49:30,943 [30fcaee4-35e5-4526-9ec2-86d2b42bb6e9@group-F0C266240665-LeaderElection4] INFO  server.RaftServerConfigKeys (ConfUtils.java:logGet(46)) - raft.server.write.element-limit = 1024 (custom)
2023-09-21 17:49:30,943 [30fcaee4-35e5-4526-9ec2-86d2b42bb6e9@group-F0C266240665-LeaderElection4] INFO  server.RaftServerConfigKeys (ConfUtils.java:logGet(46)) - raft.server.write.follower.gap.ratio.max = -1.0 (default)
2023-09-21 17:49:30,943 [30fcaee4-35e5-4526-9ec2-86d2b42bb6e9@group-F0C266240665-LeaderElection4] INFO  impl.RoleInfo (RoleInfo.java:updateAndGet(139)) - 30fcaee4-35e5-4526-9ec2-86d2b42bb6e9: start 30fcaee4-35e5-4526-9ec2-86d2b42bb6e9@group-F0C266240665-LeaderStateImpl
2023-09-21 17:49:30,944 [30fcaee4-35e5-4526-9ec2-86d2b42bb6e9@group-F0C266240665-LeaderElection4] INFO  segmented.SegmentedRaftLogWorker (SegmentedRaftLogWorker.java:startLogSegment(447)) - 30fcaee4-35e5-4526-9ec2-86d2b42bb6e9@group-F0C266240665-SegmentedRaftLogWorker: Starting segment from index:0
2023-09-21 17:49:30,947 [30fcaee4-35e5-4526-9ec2-86d2b42bb6e9@group-F0C266240665-LeaderElection4] INFO  server.RaftServer$Division (ServerState.java:setRaftConf(434)) - 30fcaee4-35e5-4526-9ec2-86d2b42bb6e9@group-F0C266240665: set configuration 0: peers:[30fcaee4-35e5-4526-9ec2-86d2b42bb6e9|rpc:10.1.0.8:15023|admin:10.1.0.8:15022|client:10.1.0.8:15021|dataStream:10.1.0.8:15024|priority:1|startupRole:FOLLOWER]|listeners:[], old=null
2023-09-21 17:49:30,948 [30fcaee4-35e5-4526-9ec2-86d2b42bb6e9@group-F0C266240665-SegmentedRaftLogWorker] INFO  segmented.SegmentedRaftLogWorker (SegmentedRaftLogWorker.java:execute(651)) - 30fcaee4-35e5-4526-9ec2-86d2b42bb6e9@group-F0C266240665-SegmentedRaftLogWorker: created new log segment /home/runner/work/ozone/ozone/hadoop-ozone/integration-test/target/test-dir/MiniOzoneClusterImpl-ff0bea85-29d4-48e8-8c84-822e75daf04a/datanode-1/data/ratis/1ad0722c-d448-469b-bd3a-f0c266240665/current/log_inprogress_0
2023-09-21 17:49:31,006 [30fcaee4-35e5-4526-9ec2-86d2b42bb6e9@group-92EF5A1E58C4-FollowerState] INFO  impl.FollowerState (FollowerState.java:run(143)) - 30fcaee4-35e5-4526-9ec2-86d2b42bb6e9@group-92EF5A1E58C4-FollowerState: change to CANDIDATE, lastRpcElapsedTime:5203193449ns, electionTimeout:5191ms
2023-09-21 17:49:31,006 [30fcaee4-35e5-4526-9ec2-86d2b42bb6e9@group-92EF5A1E58C4-FollowerState] INFO  impl.RoleInfo (RoleInfo.java:shutdownFollowerState(110)) - 30fcaee4-35e5-4526-9ec2-86d2b42bb6e9: shutdown 30fcaee4-35e5-4526-9ec2-86d2b42bb6e9@group-92EF5A1E58C4-FollowerState
2023-09-21 17:49:31,006 [30fcaee4-35e5-4526-9ec2-86d2b42bb6e9@group-92EF5A1E58C4-FollowerState] INFO  server.RaftServer$Division (RaftServerImpl.java:setRole(329)) - 30fcaee4-35e5-4526-9ec2-86d2b42bb6e9@group-92EF5A1E58C4: changes role from  FOLLOWER to CANDIDATE at term 0 for changeToCandidate
2023-09-21 17:49:31,007 [30fcaee4-35e5-4526-9ec2-86d2b42bb6e9@group-92EF5A1E58C4-FollowerState] INFO  server.RaftServerConfigKeys (ConfUtils.java:logGet(46)) - raft.server.leaderelection.pre-vote = true (default)
2023-09-21 17:49:31,007 [30fcaee4-35e5-4526-9ec2-86d2b42bb6e9@group-92EF5A1E58C4-FollowerState] INFO  impl.RoleInfo (RoleInfo.java:updateAndGet(139)) - 30fcaee4-35e5-4526-9ec2-86d2b42bb6e9: start 30fcaee4-35e5-4526-9ec2-86d2b42bb6e9@group-92EF5A1E58C4-LeaderElection5
2023-09-21 17:49:31,008 [30fcaee4-35e5-4526-9ec2-86d2b42bb6e9@group-92EF5A1E58C4-LeaderElection5] INFO  impl.LeaderElection (LeaderElection.java:askForVotes(321)) - 30fcaee4-35e5-4526-9ec2-86d2b42bb6e9@group-92EF5A1E58C4-LeaderElection5 PRE_VOTE round 0: submit vote requests at term 0 for -1: peers:[0e5ca0ac-2c0a-4501-ade5-9887f0236797|rpc:10.1.0.8:15014|admin:10.1.0.8:15013|client:10.1.0.8:15012|dataStream:10.1.0.8:15015|priority:0|startupRole:FOLLOWER, 30fcaee4-35e5-4526-9ec2-86d2b42bb6e9|rpc:10.1.0.8:15023|admin:10.1.0.8:15022|client:10.1.0.8:15021|dataStream:10.1.0.8:15024|priority:1|startupRole:FOLLOWER, a7b87587-f54c-4106-951c-2cd85865b718|rpc:10.1.0.8:15032|admin:10.1.0.8:15031|client:10.1.0.8:15030|dataStream:10.1.0.8:15033|priority:0|startupRole:FOLLOWER]|listeners:[], old=null
2023-09-21 17:49:31,009 [30fcaee4-35e5-4526-9ec2-86d2b42bb6e9@group-92EF5A1E58C4-LeaderElection5-1] INFO  server.GrpcServerProtocolClient (GrpcServerProtocolClient.java:<init>(65)) - Build channel for 0e5ca0ac-2c0a-4501-ade5-9887f0236797
2023-09-21 17:49:31,009 [30fcaee4-35e5-4526-9ec2-86d2b42bb6e9@group-92EF5A1E58C4-LeaderElection5] INFO  server.RaftServerConfigKeys (ConfUtils.java:logFallback(53)) - raft.server.rpc.first-election.timeout.min = 5s (fallback to raft.server.rpc.timeout.min)
2023-09-21 17:49:31,010 [30fcaee4-35e5-4526-9ec2-86d2b42bb6e9@group-92EF5A1E58C4-LeaderElection5] INFO  server.RaftServerConfigKeys (ConfUtils.java:logFallback(53)) - raft.server.rpc.first-election.timeout.max = 5200ms (fallback to raft.server.rpc.timeout.max)
2023-09-21 17:49:31,011 [30fcaee4-35e5-4526-9ec2-86d2b42bb6e9@group-92EF5A1E58C4-LeaderElection5-2] INFO  server.GrpcServerProtocolClient (GrpcServerProtocolClient.java:<init>(65)) - Build channel for a7b87587-f54c-4106-951c-2cd85865b718
2023-09-21 17:49:31,035 [grpc-default-executor-2] INFO  server.RaftServer$Division (RaftServerImpl.java:requestVote(1302)) - 0e5ca0ac-2c0a-4501-ade5-9887f0236797@group-92EF5A1E58C4: receive requestVote(PRE_VOTE, 30fcaee4-35e5-4526-9ec2-86d2b42bb6e9, group-92EF5A1E58C4, 0, (t:0, i:0))
2023-09-21 17:49:31,036 [grpc-default-executor-2] INFO  impl.VoteContext (VoteContext.java:log(49)) - 0e5ca0ac-2c0a-4501-ade5-9887f0236797@group-92EF5A1E58C4-FOLLOWER: accept PRE_VOTE from 30fcaee4-35e5-4526-9ec2-86d2b42bb6e9: our priority 0 <= candidate's priority 1
2023-09-21 17:49:31,036 [grpc-default-executor-2] INFO  server.RaftServer$Division (RaftServerImpl.java:requestVote(1335)) - 0e5ca0ac-2c0a-4501-ade5-9887f0236797@group-92EF5A1E58C4 replies to PRE_VOTE vote request: 30fcaee4-35e5-4526-9ec2-86d2b42bb6e9<-0e5ca0ac-2c0a-4501-ade5-9887f0236797#0:OK-t0. Peer's state: 0e5ca0ac-2c0a-4501-ade5-9887f0236797@group-92EF5A1E58C4:t0, leader=null, voted=, raftlog=Memoized:0e5ca0ac-2c0a-4501-ade5-9887f0236797@group-92EF5A1E58C4-SegmentedRaftLog:OPENED:c-1, conf=-1: peers:[0e5ca0ac-2c0a-4501-ade5-9887f0236797|rpc:10.1.0.8:15014|admin:10.1.0.8:15013|client:10.1.0.8:15012|dataStream:10.1.0.8:15015|priority:0|startupRole:FOLLOWER, 30fcaee4-35e5-4526-9ec2-86d2b42bb6e9|rpc:10.1.0.8:15023|admin:10.1.0.8:15022|client:10.1.0.8:15021|dataStream:10.1.0.8:15024|priority:1|startupRole:FOLLOWER, a7b87587-f54c-4106-951c-2cd85865b718|rpc:10.1.0.8:15032|admin:10.1.0.8:15031|client:10.1.0.8:15030|dataStream:10.1.0.8:15033|priority:0|startupRole:FOLLOWER]|listeners:[], old=null
2023-09-21 17:49:31,040 [grpc-default-executor-2] INFO  server.RaftServer$Division (RaftServerImpl.java:requestVote(1302)) - a7b87587-f54c-4106-951c-2cd85865b718@group-92EF5A1E58C4: receive requestVote(PRE_VOTE, 30fcaee4-35e5-4526-9ec2-86d2b42bb6e9, group-92EF5A1E58C4, 0, (t:0, i:0))
2023-09-21 17:49:31,040 [grpc-default-executor-2] INFO  impl.VoteContext (VoteContext.java:log(49)) - a7b87587-f54c-4106-951c-2cd85865b718@group-92EF5A1E58C4-FOLLOWER: accept PRE_VOTE from 30fcaee4-35e5-4526-9ec2-86d2b42bb6e9: our priority 0 <= candidate's priority 1
2023-09-21 17:49:31,040 [grpc-default-executor-2] INFO  server.RaftServer$Division (RaftServerImpl.java:requestVote(1335)) - a7b87587-f54c-4106-951c-2cd85865b718@group-92EF5A1E58C4 replies to PRE_VOTE vote request: 30fcaee4-35e5-4526-9ec2-86d2b42bb6e9<-a7b87587-f54c-4106-951c-2cd85865b718#0:OK-t0. Peer's state: a7b87587-f54c-4106-951c-2cd85865b718@group-92EF5A1E58C4:t0, leader=null, voted=, raftlog=Memoized:a7b87587-f54c-4106-951c-2cd85865b718@group-92EF5A1E58C4-SegmentedRaftLog:OPENED:c-1, conf=-1: peers:[0e5ca0ac-2c0a-4501-ade5-9887f0236797|rpc:10.1.0.8:15014|admin:10.1.0.8:15013|client:10.1.0.8:15012|dataStream:10.1.0.8:15015|priority:0|startupRole:FOLLOWER, 30fcaee4-35e5-4526-9ec2-86d2b42bb6e9|rpc:10.1.0.8:15023|admin:10.1.0.8:15022|client:10.1.0.8:15021|dataStream:10.1.0.8:15024|priority:1|startupRole:FOLLOWER, a7b87587-f54c-4106-951c-2cd85865b718|rpc:10.1.0.8:15032|admin:10.1.0.8:15031|client:10.1.0.8:15030|dataStream:10.1.0.8:15033|priority:0|startupRole:FOLLOWER]|listeners:[], old=null
2023-09-21 17:49:31,045 [30fcaee4-35e5-4526-9ec2-86d2b42bb6e9@group-92EF5A1E58C4-LeaderElection5] INFO  impl.LeaderElection (LeaderElection.java:logAndReturn(90)) - 30fcaee4-35e5-4526-9ec2-86d2b42bb6e9@group-92EF5A1E58C4-LeaderElection5: PRE_VOTE PASSED received 1 response(s) and 0 exception(s):
2023-09-21 17:49:31,046 [30fcaee4-35e5-4526-9ec2-86d2b42bb6e9@group-92EF5A1E58C4-LeaderElection5] INFO  impl.LeaderElection (LeaderElection.java:logAndReturn(94)) -   Response 0: 30fcaee4-35e5-4526-9ec2-86d2b42bb6e9<-a7b87587-f54c-4106-951c-2cd85865b718#0:OK-t0
2023-09-21 17:49:31,046 [30fcaee4-35e5-4526-9ec2-86d2b42bb6e9@group-92EF5A1E58C4-LeaderElection5] INFO  impl.LeaderElection (LeaderElection.java:askForVotes(323)) - 30fcaee4-35e5-4526-9ec2-86d2b42bb6e9@group-92EF5A1E58C4-LeaderElection5 PRE_VOTE round 0: result PASSED
2023-09-21 17:49:31,048 [30fcaee4-35e5-4526-9ec2-86d2b42bb6e9@group-92EF5A1E58C4-LeaderElection5] INFO  impl.LeaderElection (LeaderElection.java:askForVotes(321)) - 30fcaee4-35e5-4526-9ec2-86d2b42bb6e9@group-92EF5A1E58C4-LeaderElection5 ELECTION round 0: submit vote requests at term 1 for -1: peers:[0e5ca0ac-2c0a-4501-ade5-9887f0236797|rpc:10.1.0.8:15014|admin:10.1.0.8:15013|client:10.1.0.8:15012|dataStream:10.1.0.8:15015|priority:0|startupRole:FOLLOWER, 30fcaee4-35e5-4526-9ec2-86d2b42bb6e9|rpc:10.1.0.8:15023|admin:10.1.0.8:15022|client:10.1.0.8:15021|dataStream:10.1.0.8:15024|priority:1|startupRole:FOLLOWER, a7b87587-f54c-4106-951c-2cd85865b718|rpc:10.1.0.8:15032|admin:10.1.0.8:15031|client:10.1.0.8:15030|dataStream:10.1.0.8:15033|priority:0|startupRole:FOLLOWER]|listeners:[], old=null
2023-09-21 17:49:31,051 [30fcaee4-35e5-4526-9ec2-86d2b42bb6e9@group-92EF5A1E58C4-LeaderElection5] INFO  server.RaftServerConfigKeys (ConfUtils.java:logFallback(53)) - raft.server.rpc.first-election.timeout.min = 5s (fallback to raft.server.rpc.timeout.min)
2023-09-21 17:49:31,052 [30fcaee4-35e5-4526-9ec2-86d2b42bb6e9@group-92EF5A1E58C4-LeaderElection5] INFO  server.RaftServerConfigKeys (ConfUtils.java:logFallback(53)) - raft.server.rpc.first-election.timeout.max = 5200ms (fallback to raft.server.rpc.timeout.max)
2023-09-21 17:49:31,055 [grpc-default-executor-2] INFO  server.RaftServer$Division (RaftServerImpl.java:requestVote(1302)) - 0e5ca0ac-2c0a-4501-ade5-9887f0236797@group-92EF5A1E58C4: receive requestVote(ELECTION, 30fcaee4-35e5-4526-9ec2-86d2b42bb6e9, group-92EF5A1E58C4, 1, (t:0, i:0))
2023-09-21 17:49:31,056 [grpc-default-executor-2] INFO  impl.VoteContext (VoteContext.java:log(49)) - 0e5ca0ac-2c0a-4501-ade5-9887f0236797@group-92EF5A1E58C4-FOLLOWER: accept ELECTION from 30fcaee4-35e5-4526-9ec2-86d2b42bb6e9: our priority 0 <= candidate's priority 1
2023-09-21 17:49:31,056 [grpc-default-executor-2] INFO  server.RaftServer$Division (RaftServerImpl.java:setRole(329)) - 0e5ca0ac-2c0a-4501-ade5-9887f0236797@group-92EF5A1E58C4: changes role from  FOLLOWER to FOLLOWER at term 1 for candidate:30fcaee4-35e5-4526-9ec2-86d2b42bb6e9
2023-09-21 17:49:31,056 [grpc-default-executor-2] INFO  impl.RoleInfo (RoleInfo.java:shutdownFollowerState(110)) - 0e5ca0ac-2c0a-4501-ade5-9887f0236797: shutdown 0e5ca0ac-2c0a-4501-ade5-9887f0236797@group-92EF5A1E58C4-FollowerState
2023-09-21 17:49:31,056 [grpc-default-executor-2] INFO  impl.RoleInfo (RoleInfo.java:updateAndGet(139)) - 0e5ca0ac-2c0a-4501-ade5-9887f0236797: start 0e5ca0ac-2c0a-4501-ade5-9887f0236797@group-92EF5A1E58C4-FollowerState
2023-09-21 17:49:31,056 [0e5ca0ac-2c0a-4501-ade5-9887f0236797@group-92EF5A1E58C4-FollowerState] INFO  impl.FollowerState (FollowerState.java:run(152)) - 0e5ca0ac-2c0a-4501-ade5-9887f0236797@group-92EF5A1E58C4-FollowerState was interrupted
2023-09-21 17:49:31,056 [grpc-default-executor-0] INFO  server.RaftServer$Division (RaftServerImpl.java:requestVote(1302)) - a7b87587-f54c-4106-951c-2cd85865b718@group-92EF5A1E58C4: receive requestVote(ELECTION, 30fcaee4-35e5-4526-9ec2-86d2b42bb6e9, group-92EF5A1E58C4, 1, (t:0, i:0))
2023-09-21 17:49:31,058 [grpc-default-executor-0] INFO  impl.VoteContext (VoteContext.java:log(49)) - a7b87587-f54c-4106-951c-2cd85865b718@group-92EF5A1E58C4-FOLLOWER: accept ELECTION from 30fcaee4-35e5-4526-9ec2-86d2b42bb6e9: our priority 0 <= candidate's priority 1
2023-09-21 17:49:31,059 [grpc-default-executor-0] INFO  server.RaftServer$Division (RaftServerImpl.java:setRole(329)) - a7b87587-f54c-4106-951c-2cd85865b718@group-92EF5A1E58C4: changes role from  FOLLOWER to FOLLOWER at term 1 for candidate:30fcaee4-35e5-4526-9ec2-86d2b42bb6e9
2023-09-21 17:49:31,059 [grpc-default-executor-0] INFO  impl.RoleInfo (RoleInfo.java:shutdownFollowerState(110)) - a7b87587-f54c-4106-951c-2cd85865b718: shutdown a7b87587-f54c-4106-951c-2cd85865b718@group-92EF5A1E58C4-FollowerState
2023-09-21 17:49:31,059 [a7b87587-f54c-4106-951c-2cd85865b718@group-92EF5A1E58C4-FollowerState] INFO  impl.FollowerState (FollowerState.java:run(152)) - a7b87587-f54c-4106-951c-2cd85865b718@group-92EF5A1E58C4-FollowerState was interrupted
2023-09-21 17:49:31,060 [grpc-default-executor-0] INFO  impl.RoleInfo (RoleInfo.java:updateAndGet(139)) - a7b87587-f54c-4106-951c-2cd85865b718: start a7b87587-f54c-4106-951c-2cd85865b718@group-92EF5A1E58C4-FollowerState
2023-09-21 17:49:31,066 [grpc-default-executor-2] INFO  server.RaftServer$Division (RaftServerImpl.java:requestVote(1335)) - 0e5ca0ac-2c0a-4501-ade5-9887f0236797@group-92EF5A1E58C4 replies to ELECTION vote request: 30fcaee4-35e5-4526-9ec2-86d2b42bb6e9<-0e5ca0ac-2c0a-4501-ade5-9887f0236797#0:OK-t1. Peer's state: 0e5ca0ac-2c0a-4501-ade5-9887f0236797@group-92EF5A1E58C4:t1, leader=null, voted=30fcaee4-35e5-4526-9ec2-86d2b42bb6e9, raftlog=Memoized:0e5ca0ac-2c0a-4501-ade5-9887f0236797@group-92EF5A1E58C4-SegmentedRaftLog:OPENED:c-1, conf=-1: peers:[0e5ca0ac-2c0a-4501-ade5-9887f0236797|rpc:10.1.0.8:15014|admin:10.1.0.8:15013|client:10.1.0.8:15012|dataStream:10.1.0.8:15015|priority:0|startupRole:FOLLOWER, 30fcaee4-35e5-4526-9ec2-86d2b42bb6e9|rpc:10.1.0.8:15023|admin:10.1.0.8:15022|client:10.1.0.8:15021|dataStream:10.1.0.8:15024|priority:1|startupRole:FOLLOWER, a7b87587-f54c-4106-951c-2cd85865b718|rpc:10.1.0.8:15032|admin:10.1.0.8:15031|client:10.1.0.8:15030|dataStream:10.1.0.8:15033|priority:0|startupRole:FOLLOWER]|listeners:[], old=null
2023-09-21 17:49:31,068 [grpc-default-executor-0] INFO  server.RaftServer$Division (RaftServerImpl.java:requestVote(1335)) - a7b87587-f54c-4106-951c-2cd85865b718@group-92EF5A1E58C4 replies to ELECTION vote request: 30fcaee4-35e5-4526-9ec2-86d2b42bb6e9<-a7b87587-f54c-4106-951c-2cd85865b718#0:OK-t1. Peer's state: a7b87587-f54c-4106-951c-2cd85865b718@group-92EF5A1E58C4:t1, leader=null, voted=30fcaee4-35e5-4526-9ec2-86d2b42bb6e9, raftlog=Memoized:a7b87587-f54c-4106-951c-2cd85865b718@group-92EF5A1E58C4-SegmentedRaftLog:OPENED:c-1, conf=-1: peers:[0e5ca0ac-2c0a-4501-ade5-9887f0236797|rpc:10.1.0.8:15014|admin:10.1.0.8:15013|client:10.1.0.8:15012|dataStream:10.1.0.8:15015|priority:0|startupRole:FOLLOWER, 30fcaee4-35e5-4526-9ec2-86d2b42bb6e9|rpc:10.1.0.8:15023|admin:10.1.0.8:15022|client:10.1.0.8:15021|dataStream:10.1.0.8:15024|priority:1|startupRole:FOLLOWER, a7b87587-f54c-4106-951c-2cd85865b718|rpc:10.1.0.8:15032|admin:10.1.0.8:15031|client:10.1.0.8:15030|dataStream:10.1.0.8:15033|priority:0|startupRole:FOLLOWER]|listeners:[], old=null
2023-09-21 17:49:31,068 [30fcaee4-35e5-4526-9ec2-86d2b42bb6e9@group-92EF5A1E58C4-LeaderElection5] INFO  impl.LeaderElection (LeaderElection.java:logAndReturn(90)) - 30fcaee4-35e5-4526-9ec2-86d2b42bb6e9@group-92EF5A1E58C4-LeaderElection5: ELECTION PASSED received 1 response(s) and 0 exception(s):
2023-09-21 17:49:31,069 [30fcaee4-35e5-4526-9ec2-86d2b42bb6e9@group-92EF5A1E58C4-LeaderElection5] INFO  impl.LeaderElection (LeaderElection.java:logAndReturn(94)) -   Response 0: 30fcaee4-35e5-4526-9ec2-86d2b42bb6e9<-0e5ca0ac-2c0a-4501-ade5-9887f0236797#0:OK-t1
2023-09-21 17:49:31,069 [30fcaee4-35e5-4526-9ec2-86d2b42bb6e9@group-92EF5A1E58C4-LeaderElection5] INFO  impl.LeaderElection (LeaderElection.java:askForVotes(323)) - 30fcaee4-35e5-4526-9ec2-86d2b42bb6e9@group-92EF5A1E58C4-LeaderElection5 ELECTION round 0: result PASSED
2023-09-21 17:49:31,070 [30fcaee4-35e5-4526-9ec2-86d2b42bb6e9@group-92EF5A1E58C4-LeaderElection5] INFO  impl.RoleInfo (RoleInfo.java:shutdownLeaderElection(130)) - 30fcaee4-35e5-4526-9ec2-86d2b42bb6e9: shutdown 30fcaee4-35e5-4526-9ec2-86d2b42bb6e9@group-92EF5A1E58C4-LeaderElection5
2023-09-21 17:49:31,070 [30fcaee4-35e5-4526-9ec2-86d2b42bb6e9@group-92EF5A1E58C4-LeaderElection5] INFO  server.RaftServer$Division (RaftServerImpl.java:setRole(329)) - 30fcaee4-35e5-4526-9ec2-86d2b42bb6e9@group-92EF5A1E58C4: changes role from CANDIDATE to LEADER at term 1 for changeToLeader
2023-09-21 17:49:31,070 [30fcaee4-35e5-4526-9ec2-86d2b42bb6e9@group-92EF5A1E58C4-LeaderElection5] INFO  ratis.XceiverServerRatis (XceiverServerRatis.java:handleLeaderChangedNotification(902)) - Leader change notification received for group: group-92EF5A1E58C4 with new leaderId: 30fcaee4-35e5-4526-9ec2-86d2b42bb6e9
2023-09-21 17:49:31,070 [30fcaee4-35e5-4526-9ec2-86d2b42bb6e9@group-92EF5A1E58C4-LeaderElection5] INFO  server.RaftServer$Division (ServerState.java:setLeader(317)) - 30fcaee4-35e5-4526-9ec2-86d2b42bb6e9@group-92EF5A1E58C4: change Leader from null to 30fcaee4-35e5-4526-9ec2-86d2b42bb6e9 at term 1 for becomeLeader, leader elected after 5320ms
2023-09-21 17:49:31,070 [30fcaee4-35e5-4526-9ec2-86d2b42bb6e9@group-92EF5A1E58C4-LeaderElection5] INFO  server.RaftServerConfigKeys (ConfUtils.java:logGet(46)) - raft.server.staging.catchup.gap = 1000 (default)
2023-09-21 17:49:31,070 [30fcaee4-35e5-4526-9ec2-86d2b42bb6e9@group-92EF5A1E58C4-LeaderElection5] INFO  server.RaftServerConfigKeys (ConfUtils.java:logGet(46)) - raft.server.write.element-limit = 1024 (custom)
2023-09-21 17:49:31,071 [30fcaee4-35e5-4526-9ec2-86d2b42bb6e9@group-92EF5A1E58C4-LeaderElection5] INFO  server.RaftServerConfigKeys (ConfUtils.java:logGet(46)) - raft.server.write.byte-limit = 1024 M (=1073741824) (custom)
2023-09-21 17:49:31,071 [30fcaee4-35e5-4526-9ec2-86d2b42bb6e9@group-92EF5A1E58C4-LeaderElection5] INFO  server.RaftServerConfigKeys (ConfUtils.java:logGet(46)) - raft.server.watch.timeout = 180s (custom)
2023-09-21 17:49:31,071 [30fcaee4-35e5-4526-9ec2-86d2b42bb6e9@group-92EF5A1E58C4-LeaderElection5] INFO  server.RaftServerConfigKeys (ConfUtils.java:logGet(46)) - raft.server.watch.timeout.denomination = 1s (default)
2023-09-21 17:49:31,071 [30fcaee4-35e5-4526-9ec2-86d2b42bb6e9@group-92EF5A1E58C4-LeaderElection5] INFO  server.RaftServerConfigKeys (ConfUtils.java:logGet(46)) - raft.server.watch.element-limit = 65536 (default)
2023-09-21 17:49:31,071 [30fcaee4-35e5-4526-9ec2-86d2b42bb6e9@group-92EF5A1E58C4-LeaderElection5] INFO  server.RaftServerConfigKeys (ConfUtils.java:logGet(46)) - raft.server.write.element-limit = 1024 (custom)
2023-09-21 17:49:31,071 [30fcaee4-35e5-4526-9ec2-86d2b42bb6e9@group-92EF5A1E58C4-LeaderElection5] INFO  server.RaftServerConfigKeys (ConfUtils.java:logGet(46)) - raft.server.write.follower.gap.ratio.max = -1.0 (default)
2023-09-21 17:49:31,081 [EventQueue-PipelineReportForPipelineReportHandler] INFO  pipeline.PipelineReportHandler (PipelineReportHandler.java:processPipelineReport(136)) - Opened pipeline PipelineID=d9f83d70-d99c-42a8-8fa6-92ef5a1e58c4
2023-09-21 17:49:31,081 [EventQueue-OpenPipelineForHealthyPipelineSafeModeRule] INFO  safemode.SCMSafeModeManager (HealthyPipelineSafeModeRule.java:process(137)) - SCM in safe mode. Healthy pipelines reported count is 0, required healthy pipeline reported count is 1
2023-09-21 17:49:31,082 [EventQueue-OpenPipelineForHealthyPipelineSafeModeRule] INFO  safemode.SCMSafeModeManager (HealthyPipelineSafeModeRule.java:process(137)) - SCM in safe mode. Healthy pipelines reported count is 1, required healthy pipeline reported count is 1
2023-09-21 17:49:31,082 [EventQueue-OpenPipelineForHealthyPipelineSafeModeRule] INFO  safemode.SCMSafeModeManager (SCMSafeModeManager.java:validateSafeModeExitRules(200)) - HealthyPipelineSafeModeRule rule is successfully validated
2023-09-21 17:49:31,082 [EventQueue-OpenPipelineForHealthyPipelineSafeModeRule] INFO  safemode.SCMSafeModeManager (SCMSafeModeManager.java:validateSafeModeExitRules(215)) - ScmSafeModeManager, all rules are successfully validated
2023-09-21 17:49:31,082 [EventQueue-OpenPipelineForHealthyPipelineSafeModeRule] INFO  safemode.SCMSafeModeManager (SCMSafeModeManager.java:exitSafeMode(244)) - SCM exiting safe mode.
2023-09-21 17:49:31,082 [EventQueue-OpenPipelineForHealthyPipelineSafeModeRule] INFO  ha.SCMContext (SCMContext.java:updateSafeModeStatus(228)) - Update SafeModeStatus from SafeModeStatus{safeModeStatus=true, preCheckPassed=true} to SafeModeStatus{safeModeStatus=false, preCheckPassed=true}.
2023-09-21 17:49:31,083 [EventQueue-OpenPipelineForHealthyPipelineSafeModeRule] INFO  pipeline.BackgroundPipelineCreator (BackgroundPipelineCreator.java:notifyStatusChanged(255)) - Service BackgroundPipelineCreator transitions to RUNNING.
2023-09-21 17:49:31,083 [EventQueue-OpenPipelineForHealthyPipelineSafeModeRule] INFO  BackgroundPipelineScrubber (BackgroundSCMService.java:notifyStatusChanged(82)) - Service BackgroundPipelineScrubber transitions to RUNNING.
2023-09-21 17:49:31,083 [EventQueue-OpenPipelineForHealthyPipelineSafeModeRule] INFO  ExpiredContainerReplicaOpScrubber (BackgroundSCMService.java:notifyStatusChanged(82)) - Service ExpiredContainerReplicaOpScrubber transitions to RUNNING.
2023-09-21 17:49:31,083 [EventQueue-OpenPipelineForHealthyPipelineSafeModeRule] INFO  replication.ReplicationManager (ReplicationManager.java:notifyStatusChanged(1370)) - Service ReplicationManager transitions to RUNNING.
2023-09-21 17:49:31,087 [EventQueue-OpenPipelineForHealthyPipelineSafeModeRule] WARN  balancer.ContainerBalancer (ContainerBalancer.java:shouldRun(134)) - Could not find persisted configuration for ContainerBalancer when checking if ContainerBalancer should run. ContainerBalancer should not run now.
2023-09-21 17:49:31,096 [30fcaee4-35e5-4526-9ec2-86d2b42bb6e9@group-92EF5A1E58C4-LeaderElection5] INFO  server.RaftServerConfigKeys (ConfUtils.java:logGet(46)) - raft.server.log.appender.snapshot.chunk.size.max = 16MB (=16777216) (default)
2023-09-21 17:49:31,096 [30fcaee4-35e5-4526-9ec2-86d2b42bb6e9@group-92EF5A1E58C4-LeaderElection5] INFO  server.RaftServerConfigKeys (ConfUtils.java:logGet(46)) - raft.server.log.appender.buffer.byte-limit = 33554432 (custom)
2023-09-21 17:49:31,097 [30fcaee4-35e5-4526-9ec2-86d2b42bb6e9@group-92EF5A1E58C4-LeaderElection5] INFO  server.RaftServerConfigKeys (ConfUtils.java:logGet(46)) - raft.server.log.appender.buffer.element-limit = 1 (custom)
2023-09-21 17:49:31,099 [30fcaee4-35e5-4526-9ec2-86d2b42bb6e9@group-92EF5A1E58C4-LeaderElection5] INFO  server.RaftServerConfigKeys (ConfUtils.java:logGet(46)) - raft.server.log.appender.wait-time.min = 10ms (default)
2023-09-21 17:49:31,100 [30fcaee4-35e5-4526-9ec2-86d2b42bb6e9@group-92EF5A1E58C4-LeaderElection5] INFO  grpc.GrpcConfigKeys (ConfUtils.java:logGet(46)) - raft.grpc.server.leader.outstanding.appends.max = 128 (default)
2023-09-21 17:49:31,100 [30fcaee4-35e5-4526-9ec2-86d2b42bb6e9@group-92EF5A1E58C4-LeaderElection5] INFO  server.RaftServerConfigKeys (ConfUtils.java:logGet(46)) - raft.server.rpc.request.timeout = 60s (custom)
2023-09-21 17:49:31,100 [30fcaee4-35e5-4526-9ec2-86d2b42bb6e9@group-92EF5A1E58C4-LeaderElection5] INFO  grpc.GrpcConfigKeys (ConfUtils.java:logGet(46)) - raft.grpc.server.install_snapshot.request.element-limit = 8 (default)
2023-09-21 17:49:31,100 [30fcaee4-35e5-4526-9ec2-86d2b42bb6e9@group-92EF5A1E58C4-LeaderElection5] INFO  grpc.GrpcConfigKeys (ConfUtils.java:logGet(46)) - raft.grpc.server.install_snapshot.request.timeout = 3000ms (default)
2023-09-21 17:49:31,100 [30fcaee4-35e5-4526-9ec2-86d2b42bb6e9@group-92EF5A1E58C4-LeaderElection5] INFO  server.RaftServerConfigKeys (ConfUtils.java:logGet(46)) - raft.server.log.appender.install.snapshot.enabled = false (custom)
2023-09-21 17:49:31,101 [30fcaee4-35e5-4526-9ec2-86d2b42bb6e9@group-92EF5A1E58C4-LeaderElection5] INFO  grpc.GrpcConfigKeys (ConfUtils.java:logGet(46)) - raft.grpc.server.heartbeat.channel = true (default)
2023-09-21 17:49:31,103 [30fcaee4-35e5-4526-9ec2-86d2b42bb6e9@group-92EF5A1E58C4-LeaderElection5] INFO  server.RaftServerConfigKeys (ConfUtils.java:logGet(46)) - raft.server.log.appender.snapshot.chunk.size.max = 16MB (=16777216) (default)
2023-09-21 17:49:31,103 [30fcaee4-35e5-4526-9ec2-86d2b42bb6e9@group-92EF5A1E58C4-LeaderElection5] INFO  server.RaftServerConfigKeys (ConfUtils.java:logGet(46)) - raft.server.log.appender.buffer.byte-limit = 33554432 (custom)
2023-09-21 17:49:31,103 [30fcaee4-35e5-4526-9ec2-86d2b42bb6e9@group-92EF5A1E58C4-LeaderElection5] INFO  server.RaftServerConfigKeys (ConfUtils.java:logGet(46)) - raft.server.log.appender.buffer.element-limit = 1 (custom)
2023-09-21 17:49:31,103 [30fcaee4-35e5-4526-9ec2-86d2b42bb6e9@group-92EF5A1E58C4-LeaderElection5] INFO  server.RaftServerConfigKeys (ConfUtils.java:logGet(46)) - raft.server.log.appender.wait-time.min = 10ms (default)
2023-09-21 17:49:31,103 [30fcaee4-35e5-4526-9ec2-86d2b42bb6e9@group-92EF5A1E58C4-LeaderElection5] INFO  grpc.GrpcConfigKeys (ConfUtils.java:logGet(46)) - raft.grpc.server.leader.outstanding.appends.max = 128 (default)
2023-09-21 17:49:31,103 [30fcaee4-35e5-4526-9ec2-86d2b42bb6e9@group-92EF5A1E58C4-LeaderElection5] INFO  server.RaftServerConfigKeys (ConfUtils.java:logGet(46)) - raft.server.rpc.request.timeout = 60s (custom)
2023-09-21 17:49:31,103 [30fcaee4-35e5-4526-9ec2-86d2b42bb6e9@group-92EF5A1E58C4-LeaderElection5] INFO  grpc.GrpcConfigKeys (ConfUtils.java:logGet(46)) - raft.grpc.server.install_snapshot.request.element-limit = 8 (default)
2023-09-21 17:49:31,104 [30fcaee4-35e5-4526-9ec2-86d2b42bb6e9@group-92EF5A1E58C4-LeaderElection5] INFO  grpc.GrpcConfigKeys (ConfUtils.java:logGet(46)) - raft.grpc.server.install_snapshot.request.timeout = 3000ms (default)
2023-09-21 17:49:31,104 [30fcaee4-35e5-4526-9ec2-86d2b42bb6e9@group-92EF5A1E58C4-LeaderElection5] INFO  server.RaftServerConfigKeys (ConfUtils.java:logGet(46)) - raft.server.log.appender.install.snapshot.enabled = false (custom)
2023-09-21 17:49:31,104 [30fcaee4-35e5-4526-9ec2-86d2b42bb6e9@group-92EF5A1E58C4-LeaderElection5] INFO  grpc.GrpcConfigKeys (ConfUtils.java:logGet(46)) - raft.grpc.server.heartbeat.channel = true (default)
2023-09-21 17:49:31,105 [30fcaee4-35e5-4526-9ec2-86d2b42bb6e9@group-92EF5A1E58C4-LeaderElection5] INFO  impl.RoleInfo (RoleInfo.java:updateAndGet(139)) - 30fcaee4-35e5-4526-9ec2-86d2b42bb6e9: start 30fcaee4-35e5-4526-9ec2-86d2b42bb6e9@group-92EF5A1E58C4-LeaderStateImpl
2023-09-21 17:49:31,105 [30fcaee4-35e5-4526-9ec2-86d2b42bb6e9@group-92EF5A1E58C4-LeaderElection5] INFO  segmented.SegmentedRaftLogWorker (SegmentedRaftLogWorker.java:startLogSegment(447)) - 30fcaee4-35e5-4526-9ec2-86d2b42bb6e9@group-92EF5A1E58C4-SegmentedRaftLogWorker: Starting segment from index:0
2023-09-21 17:49:31,108 [30fcaee4-35e5-4526-9ec2-86d2b42bb6e9@group-92EF5A1E58C4-SegmentedRaftLogWorker] INFO  segmented.SegmentedRaftLogWorker (SegmentedRaftLogWorker.java:execute(651)) - 30fcaee4-35e5-4526-9ec2-86d2b42bb6e9@group-92EF5A1E58C4-SegmentedRaftLogWorker: created new log segment /home/runner/work/ozone/ozone/hadoop-ozone/integration-test/target/test-dir/MiniOzoneClusterImpl-ff0bea85-29d4-48e8-8c84-822e75daf04a/datanode-1/data/ratis/d9f83d70-d99c-42a8-8fa6-92ef5a1e58c4/current/log_inprogress_0
2023-09-21 17:49:31,108 [30fcaee4-35e5-4526-9ec2-86d2b42bb6e9@group-92EF5A1E58C4-LeaderElection5] INFO  server.RaftServer$Division (ServerState.java:setRaftConf(434)) - 30fcaee4-35e5-4526-9ec2-86d2b42bb6e9@group-92EF5A1E58C4: set configuration 0: peers:[0e5ca0ac-2c0a-4501-ade5-9887f0236797|rpc:10.1.0.8:15014|admin:10.1.0.8:15013|client:10.1.0.8:15012|dataStream:10.1.0.8:15015|priority:0|startupRole:FOLLOWER, 30fcaee4-35e5-4526-9ec2-86d2b42bb6e9|rpc:10.1.0.8:15023|admin:10.1.0.8:15022|client:10.1.0.8:15021|dataStream:10.1.0.8:15024|priority:1|startupRole:FOLLOWER, a7b87587-f54c-4106-951c-2cd85865b718|rpc:10.1.0.8:15032|admin:10.1.0.8:15031|client:10.1.0.8:15030|dataStream:10.1.0.8:15033|priority:0|startupRole:FOLLOWER]|listeners:[], old=null
2023-09-21 17:49:31,159 [a7b87587-f54c-4106-951c-2cd85865b718-server-thread1] INFO  ratis.XceiverServerRatis (XceiverServerRatis.java:handleLeaderChangedNotification(902)) - Leader change notification received for group: group-92EF5A1E58C4 with new leaderId: 30fcaee4-35e5-4526-9ec2-86d2b42bb6e9
2023-09-21 17:49:31,159 [a7b87587-f54c-4106-951c-2cd85865b718-server-thread1] INFO  server.RaftServer$Division (ServerState.java:setLeader(317)) - a7b87587-f54c-4106-951c-2cd85865b718@group-92EF5A1E58C4: change Leader from null to 30fcaee4-35e5-4526-9ec2-86d2b42bb6e9 at term 1 for appendEntries, leader elected after 5150ms
2023-09-21 17:49:31,161 [0e5ca0ac-2c0a-4501-ade5-9887f0236797-server-thread1] INFO  ratis.XceiverServerRatis (XceiverServerRatis.java:handleLeaderChangedNotification(902)) - Leader change notification received for group: group-92EF5A1E58C4 with new leaderId: 30fcaee4-35e5-4526-9ec2-86d2b42bb6e9
2023-09-21 17:49:31,163 [0e5ca0ac-2c0a-4501-ade5-9887f0236797-server-thread1] INFO  server.RaftServer$Division (ServerState.java:setLeader(317)) - 0e5ca0ac-2c0a-4501-ade5-9887f0236797@group-92EF5A1E58C4: change Leader from null to 30fcaee4-35e5-4526-9ec2-86d2b42bb6e9 at term 1 for appendEntries, leader elected after 5844ms
2023-09-21 17:49:31,190 [a7b87587-f54c-4106-951c-2cd85865b718-server-thread1] INFO  server.RaftServer$Division (ServerState.java:setRaftConf(434)) - a7b87587-f54c-4106-951c-2cd85865b718@group-92EF5A1E58C4: set configuration 0: peers:[0e5ca0ac-2c0a-4501-ade5-9887f0236797|rpc:10.1.0.8:15014|admin:10.1.0.8:15013|client:10.1.0.8:15012|dataStream:10.1.0.8:15015|priority:0|startupRole:FOLLOWER, 30fcaee4-35e5-4526-9ec2-86d2b42bb6e9|rpc:10.1.0.8:15023|admin:10.1.0.8:15022|client:10.1.0.8:15021|dataStream:10.1.0.8:15024|priority:1|startupRole:FOLLOWER, a7b87587-f54c-4106-951c-2cd85865b718|rpc:10.1.0.8:15032|admin:10.1.0.8:15031|client:10.1.0.8:15030|dataStream:10.1.0.8:15033|priority:0|startupRole:FOLLOWER]|listeners:[], old=null
2023-09-21 17:49:31,191 [0e5ca0ac-2c0a-4501-ade5-9887f0236797-server-thread3] INFO  server.RaftServer$Division (ServerState.java:setRaftConf(434)) - 0e5ca0ac-2c0a-4501-ade5-9887f0236797@group-92EF5A1E58C4: set configuration 0: peers:[0e5ca0ac-2c0a-4501-ade5-9887f0236797|rpc:10.1.0.8:15014|admin:10.1.0.8:15013|client:10.1.0.8:15012|dataStream:10.1.0.8:15015|priority:0|startupRole:FOLLOWER, 30fcaee4-35e5-4526-9ec2-86d2b42bb6e9|rpc:10.1.0.8:15023|admin:10.1.0.8:15022|client:10.1.0.8:15021|dataStream:10.1.0.8:15024|priority:1|startupRole:FOLLOWER, a7b87587-f54c-4106-951c-2cd85865b718|rpc:10.1.0.8:15032|admin:10.1.0.8:15031|client:10.1.0.8:15030|dataStream:10.1.0.8:15033|priority:0|startupRole:FOLLOWER]|listeners:[], old=null
2023-09-21 17:49:31,191 [a7b87587-f54c-4106-951c-2cd85865b718-server-thread1] INFO  segmented.SegmentedRaftLogWorker (SegmentedRaftLogWorker.java:startLogSegment(447)) - a7b87587-f54c-4106-951c-2cd85865b718@group-92EF5A1E58C4-SegmentedRaftLogWorker: Starting segment from index:0
2023-09-21 17:49:31,193 [0e5ca0ac-2c0a-4501-ade5-9887f0236797-server-thread3] INFO  segmented.SegmentedRaftLogWorker (SegmentedRaftLogWorker.java:startLogSegment(447)) - 0e5ca0ac-2c0a-4501-ade5-9887f0236797@group-92EF5A1E58C4-SegmentedRaftLogWorker: Starting segment from index:0
2023-09-21 17:49:31,195 [a7b87587-f54c-4106-951c-2cd85865b718@group-92EF5A1E58C4-SegmentedRaftLogWorker] INFO  segmented.SegmentedRaftLogWorker (SegmentedRaftLogWorker.java:execute(651)) - a7b87587-f54c-4106-951c-2cd85865b718@group-92EF5A1E58C4-SegmentedRaftLogWorker: created new log segment /home/runner/work/ozone/ozone/hadoop-ozone/integration-test/target/test-dir/MiniOzoneClusterImpl-ff0bea85-29d4-48e8-8c84-822e75daf04a/datanode-2/data/ratis/d9f83d70-d99c-42a8-8fa6-92ef5a1e58c4/current/log_inprogress_0
2023-09-21 17:49:31,198 [0e5ca0ac-2c0a-4501-ade5-9887f0236797@group-92EF5A1E58C4-SegmentedRaftLogWorker] INFO  segmented.SegmentedRaftLogWorker (SegmentedRaftLogWorker.java:execute(651)) - 0e5ca0ac-2c0a-4501-ade5-9887f0236797@group-92EF5A1E58C4-SegmentedRaftLogWorker: created new log segment /home/runner/work/ozone/ozone/hadoop-ozone/integration-test/target/test-dir/MiniOzoneClusterImpl-ff0bea85-29d4-48e8-8c84-822e75daf04a/datanode-0/data/ratis/d9f83d70-d99c-42a8-8fa6-92ef5a1e58c4/current/log_inprogress_0
2023-09-21 17:49:31,633 [a7b87587-f54c-4106-951c-2cd85865b718@group-C0B5DB0F2F7A-FollowerState] INFO  impl.FollowerState (FollowerState.java:run(143)) - a7b87587-f54c-4106-951c-2cd85865b718@group-C0B5DB0F2F7A-FollowerState: change to CANDIDATE, lastRpcElapsedTime:5087767525ns, electionTimeout:5063ms
2023-09-21 17:49:31,633 [a7b87587-f54c-4106-951c-2cd85865b718@group-C0B5DB0F2F7A-FollowerState] INFO  impl.RoleInfo (RoleInfo.java:shutdownFollowerState(110)) - a7b87587-f54c-4106-951c-2cd85865b718: shutdown a7b87587-f54c-4106-951c-2cd85865b718@group-C0B5DB0F2F7A-FollowerState
2023-09-21 17:49:31,633 [a7b87587-f54c-4106-951c-2cd85865b718@group-C0B5DB0F2F7A-FollowerState] INFO  server.RaftServer$Division (RaftServerImpl.java:setRole(329)) - a7b87587-f54c-4106-951c-2cd85865b718@group-C0B5DB0F2F7A: changes role from  FOLLOWER to CANDIDATE at term 0 for changeToCandidate
2023-09-21 17:49:31,635 [a7b87587-f54c-4106-951c-2cd85865b718@group-C0B5DB0F2F7A-FollowerState] INFO  server.RaftServerConfigKeys (ConfUtils.java:logGet(46)) - raft.server.leaderelection.pre-vote = true (default)
2023-09-21 17:49:31,635 [a7b87587-f54c-4106-951c-2cd85865b718@group-C0B5DB0F2F7A-FollowerState] INFO  impl.RoleInfo (RoleInfo.java:updateAndGet(139)) - a7b87587-f54c-4106-951c-2cd85865b718: start a7b87587-f54c-4106-951c-2cd85865b718@group-C0B5DB0F2F7A-LeaderElection6
2023-09-21 17:49:31,641 [a7b87587-f54c-4106-951c-2cd85865b718@group-C0B5DB0F2F7A-LeaderElection6] INFO  impl.LeaderElection (LeaderElection.java:askForVotes(321)) - a7b87587-f54c-4106-951c-2cd85865b718@group-C0B5DB0F2F7A-LeaderElection6 PRE_VOTE round 0: submit vote requests at term 0 for -1: peers:[0e5ca0ac-2c0a-4501-ade5-9887f0236797|rpc:10.1.0.8:15014|admin:10.1.0.8:15013|client:10.1.0.8:15012|dataStream:10.1.0.8:15015|priority:0|startupRole:FOLLOWER, 30fcaee4-35e5-4526-9ec2-86d2b42bb6e9|rpc:10.1.0.8:15023|admin:10.1.0.8:15022|client:10.1.0.8:15021|dataStream:10.1.0.8:15024|priority:0|startupRole:FOLLOWER, a7b87587-f54c-4106-951c-2cd85865b718|rpc:10.1.0.8:15032|admin:10.1.0.8:15031|client:10.1.0.8:15030|dataStream:10.1.0.8:15033|priority:1|startupRole:FOLLOWER]|listeners:[], old=null
2023-09-21 17:49:31,642 [a7b87587-f54c-4106-951c-2cd85865b718@group-C0B5DB0F2F7A-LeaderElection6] INFO  server.RaftServerConfigKeys (ConfUtils.java:logFallback(53)) - raft.server.rpc.first-election.timeout.min = 5s (fallback to raft.server.rpc.timeout.min)
2023-09-21 17:49:31,642 [a7b87587-f54c-4106-951c-2cd85865b718@group-C0B5DB0F2F7A-LeaderElection6-1] INFO  server.GrpcServerProtocolClient (GrpcServerProtocolClient.java:<init>(65)) - Build channel for 0e5ca0ac-2c0a-4501-ade5-9887f0236797
2023-09-21 17:49:31,642 [a7b87587-f54c-4106-951c-2cd85865b718@group-C0B5DB0F2F7A-LeaderElection6-2] INFO  server.GrpcServerProtocolClient (GrpcServerProtocolClient.java:<init>(65)) - Build channel for 30fcaee4-35e5-4526-9ec2-86d2b42bb6e9
2023-09-21 17:49:31,642 [a7b87587-f54c-4106-951c-2cd85865b718@group-C0B5DB0F2F7A-LeaderElection6] INFO  server.RaftServerConfigKeys (ConfUtils.java:logFallback(53)) - raft.server.rpc.first-election.timeout.max = 5200ms (fallback to raft.server.rpc.timeout.max)
2023-09-21 17:49:31,648 [a7b87587-f54c-4106-951c-2cd85865b718@group-0EFE4F1C4BA6-FollowerState] INFO  impl.FollowerState (FollowerState.java:run(143)) - a7b87587-f54c-4106-951c-2cd85865b718@group-0EFE4F1C4BA6-FollowerState: change to CANDIDATE, lastRpcElapsedTime:5166090812ns, electionTimeout:5131ms
2023-09-21 17:49:31,649 [a7b87587-f54c-4106-951c-2cd85865b718@group-0EFE4F1C4BA6-FollowerState] INFO  impl.RoleInfo (RoleInfo.java:shutdownFollowerState(110)) - a7b87587-f54c-4106-951c-2cd85865b718: shutdown a7b87587-f54c-4106-951c-2cd85865b718@group-0EFE4F1C4BA6-FollowerState
2023-09-21 17:49:31,649 [a7b87587-f54c-4106-951c-2cd85865b718@group-0EFE4F1C4BA6-FollowerState] INFO  server.RaftServer$Division (RaftServerImpl.java:setRole(329)) - a7b87587-f54c-4106-951c-2cd85865b718@group-0EFE4F1C4BA6: changes role from  FOLLOWER to CANDIDATE at term 0 for changeToCandidate
2023-09-21 17:49:31,650 [a7b87587-f54c-4106-951c-2cd85865b718@group-0EFE4F1C4BA6-FollowerState] INFO  server.RaftServerConfigKeys (ConfUtils.java:logGet(46)) - raft.server.leaderelection.pre-vote = true (default)
2023-09-21 17:49:31,650 [a7b87587-f54c-4106-951c-2cd85865b718@group-0EFE4F1C4BA6-FollowerState] INFO  impl.RoleInfo (RoleInfo.java:updateAndGet(139)) - a7b87587-f54c-4106-951c-2cd85865b718: start a7b87587-f54c-4106-951c-2cd85865b718@group-0EFE4F1C4BA6-LeaderElection7
2023-09-21 17:49:31,659 [a7b87587-f54c-4106-951c-2cd85865b718@group-0EFE4F1C4BA6-LeaderElection7] INFO  impl.LeaderElection (LeaderElection.java:askForVotes(321)) - a7b87587-f54c-4106-951c-2cd85865b718@group-0EFE4F1C4BA6-LeaderElection7 PRE_VOTE round 0: submit vote requests at term 0 for -1: peers:[a7b87587-f54c-4106-951c-2cd85865b718|rpc:10.1.0.8:15032|admin:10.1.0.8:15031|client:10.1.0.8:15030|dataStream:10.1.0.8:15033|priority:1|startupRole:FOLLOWER]|listeners:[], old=null
2023-09-21 17:49:31,659 [a7b87587-f54c-4106-951c-2cd85865b718@group-0EFE4F1C4BA6-LeaderElection7] INFO  impl.LeaderElection (LeaderElection.java:askForVotes(323)) - a7b87587-f54c-4106-951c-2cd85865b718@group-0EFE4F1C4BA6-LeaderElection7 PRE_VOTE round 0: result PASSED (term=0)
2023-09-21 17:49:31,668 [a7b87587-f54c-4106-951c-2cd85865b718@group-0EFE4F1C4BA6-LeaderElection7] INFO  impl.LeaderElection (LeaderElection.java:askForVotes(321)) - a7b87587-f54c-4106-951c-2cd85865b718@group-0EFE4F1C4BA6-LeaderElection7 ELECTION round 0: submit vote requests at term 1 for -1: peers:[a7b87587-f54c-4106-951c-2cd85865b718|rpc:10.1.0.8:15032|admin:10.1.0.8:15031|client:10.1.0.8:15030|dataStream:10.1.0.8:15033|priority:1|startupRole:FOLLOWER]|listeners:[], old=null
2023-09-21 17:49:31,668 [a7b87587-f54c-4106-951c-2cd85865b718@group-0EFE4F1C4BA6-LeaderElection7] INFO  impl.LeaderElection (LeaderElection.java:askForVotes(323)) - a7b87587-f54c-4106-951c-2cd85865b718@group-0EFE4F1C4BA6-LeaderElection7 ELECTION round 0: result PASSED (term=1)
2023-09-21 17:49:31,668 [a7b87587-f54c-4106-951c-2cd85865b718@group-0EFE4F1C4BA6-LeaderElection7] INFO  impl.RoleInfo (RoleInfo.java:shutdownLeaderElection(130)) - a7b87587-f54c-4106-951c-2cd85865b718: shutdown a7b87587-f54c-4106-951c-2cd85865b718@group-0EFE4F1C4BA6-LeaderElection7
2023-09-21 17:49:31,668 [a7b87587-f54c-4106-951c-2cd85865b718@group-0EFE4F1C4BA6-LeaderElection7] INFO  server.RaftServer$Division (RaftServerImpl.java:setRole(329)) - a7b87587-f54c-4106-951c-2cd85865b718@group-0EFE4F1C4BA6: changes role from CANDIDATE to LEADER at term 1 for changeToLeader
2023-09-21 17:49:31,668 [a7b87587-f54c-4106-951c-2cd85865b718@group-0EFE4F1C4BA6-LeaderElection7] INFO  ratis.XceiverServerRatis (XceiverServerRatis.java:handleLeaderChangedNotification(902)) - Leader change notification received for group: group-0EFE4F1C4BA6 with new leaderId: a7b87587-f54c-4106-951c-2cd85865b718
2023-09-21 17:49:31,668 [a7b87587-f54c-4106-951c-2cd85865b718@group-0EFE4F1C4BA6-LeaderElection7] INFO  server.RaftServer$Division (ServerState.java:setLeader(317)) - a7b87587-f54c-4106-951c-2cd85865b718@group-0EFE4F1C4BA6: change Leader from null to a7b87587-f54c-4106-951c-2cd85865b718 at term 1 for becomeLeader, leader elected after 5582ms
2023-09-21 17:49:31,668 [a7b87587-f54c-4106-951c-2cd85865b718@group-0EFE4F1C4BA6-LeaderElection7] INFO  server.RaftServerConfigKeys (ConfUtils.java:logGet(46)) - raft.server.staging.catchup.gap = 1000 (default)
2023-09-21 17:49:31,669 [a7b87587-f54c-4106-951c-2cd85865b718@group-0EFE4F1C4BA6-LeaderElection7] INFO  server.RaftServerConfigKeys (ConfUtils.java:logGet(46)) - raft.server.write.element-limit = 1024 (custom)
2023-09-21 17:49:31,669 [a7b87587-f54c-4106-951c-2cd85865b718@group-0EFE4F1C4BA6-LeaderElection7] INFO  server.RaftServerConfigKeys (ConfUtils.java:logGet(46)) - raft.server.write.byte-limit = 1024 M (=1073741824) (custom)
2023-09-21 17:49:31,669 [a7b87587-f54c-4106-951c-2cd85865b718@group-0EFE4F1C4BA6-LeaderElection7] INFO  server.RaftServerConfigKeys (ConfUtils.java:logGet(46)) - raft.server.watch.timeout = 180s (custom)
2023-09-21 17:49:31,669 [a7b87587-f54c-4106-951c-2cd85865b718@group-0EFE4F1C4BA6-LeaderElection7] INFO  server.RaftServerConfigKeys (ConfUtils.java:logGet(46)) - raft.server.watch.timeout.denomination = 1s (default)
2023-09-21 17:49:31,672 [a7b87587-f54c-4106-951c-2cd85865b718@group-0EFE4F1C4BA6-LeaderElection7] INFO  server.RaftServerConfigKeys (ConfUtils.java:logGet(46)) - raft.server.watch.element-limit = 65536 (default)
2023-09-21 17:49:31,672 [a7b87587-f54c-4106-951c-2cd85865b718@group-0EFE4F1C4BA6-LeaderElection7] INFO  server.RaftServerConfigKeys (ConfUtils.java:logGet(46)) - raft.server.write.element-limit = 1024 (custom)
2023-09-21 17:49:31,672 [a7b87587-f54c-4106-951c-2cd85865b718@group-0EFE4F1C4BA6-LeaderElection7] INFO  server.RaftServerConfigKeys (ConfUtils.java:logGet(46)) - raft.server.write.follower.gap.ratio.max = -1.0 (default)
2023-09-21 17:49:31,672 [a7b87587-f54c-4106-951c-2cd85865b718@group-0EFE4F1C4BA6-LeaderElection7] INFO  impl.RoleInfo (RoleInfo.java:updateAndGet(139)) - a7b87587-f54c-4106-951c-2cd85865b718: start a7b87587-f54c-4106-951c-2cd85865b718@group-0EFE4F1C4BA6-LeaderStateImpl
2023-09-21 17:49:31,672 [a7b87587-f54c-4106-951c-2cd85865b718@group-0EFE4F1C4BA6-LeaderElection7] INFO  segmented.SegmentedRaftLogWorker (SegmentedRaftLogWorker.java:startLogSegment(447)) - a7b87587-f54c-4106-951c-2cd85865b718@group-0EFE4F1C4BA6-SegmentedRaftLogWorker: Starting segment from index:0
2023-09-21 17:49:31,676 [grpc-default-executor-0] INFO  server.RaftServer$Division (RaftServerImpl.java:requestVote(1302)) - 30fcaee4-35e5-4526-9ec2-86d2b42bb6e9@group-C0B5DB0F2F7A: receive requestVote(PRE_VOTE, a7b87587-f54c-4106-951c-2cd85865b718, group-C0B5DB0F2F7A, 0, (t:0, i:0))
2023-09-21 17:49:31,676 [grpc-default-executor-0] INFO  impl.VoteContext (VoteContext.java:log(49)) - 30fcaee4-35e5-4526-9ec2-86d2b42bb6e9@group-C0B5DB0F2F7A-FOLLOWER: accept PRE_VOTE from a7b87587-f54c-4106-951c-2cd85865b718: our priority 0 <= candidate's priority 1
2023-09-21 17:49:31,676 [grpc-default-executor-0] INFO  server.RaftServer$Division (RaftServerImpl.java:requestVote(1335)) - 30fcaee4-35e5-4526-9ec2-86d2b42bb6e9@group-C0B5DB0F2F7A replies to PRE_VOTE vote request: a7b87587-f54c-4106-951c-2cd85865b718<-30fcaee4-35e5-4526-9ec2-86d2b42bb6e9#0:OK-t0. Peer's state: 30fcaee4-35e5-4526-9ec2-86d2b42bb6e9@group-C0B5DB0F2F7A:t0, leader=null, voted=, raftlog=Memoized:30fcaee4-35e5-4526-9ec2-86d2b42bb6e9@group-C0B5DB0F2F7A-SegmentedRaftLog:OPENED:c-1, conf=-1: peers:[0e5ca0ac-2c0a-4501-ade5-9887f0236797|rpc:10.1.0.8:15014|admin:10.1.0.8:15013|client:10.1.0.8:15012|dataStream:10.1.0.8:15015|priority:0|startupRole:FOLLOWER, 30fcaee4-35e5-4526-9ec2-86d2b42bb6e9|rpc:10.1.0.8:15023|admin:10.1.0.8:15022|client:10.1.0.8:15021|dataStream:10.1.0.8:15024|priority:0|startupRole:FOLLOWER, a7b87587-f54c-4106-951c-2cd85865b718|rpc:10.1.0.8:15032|admin:10.1.0.8:15031|client:10.1.0.8:15030|dataStream:10.1.0.8:15033|priority:1|startupRole:FOLLOWER]|listeners:[], old=null
2023-09-21 17:49:31,682 [a7b87587-f54c-4106-951c-2cd85865b718@group-0EFE4F1C4BA6-SegmentedRaftLogWorker] INFO  segmented.SegmentedRaftLogWorker (SegmentedRaftLogWorker.java:execute(651)) - a7b87587-f54c-4106-951c-2cd85865b718@group-0EFE4F1C4BA6-SegmentedRaftLogWorker: created new log segment /home/runner/work/ozone/ozone/hadoop-ozone/integration-test/target/test-dir/MiniOzoneClusterImpl-ff0bea85-29d4-48e8-8c84-822e75daf04a/datanode-2/data/ratis/b9becf6b-c7a4-4c89-b99a-0efe4f1c4ba6/current/log_inprogress_0
2023-09-21 17:49:31,688 [f0cbc5a3-adab-43bd-bf32-77ed31e5ad54@group-14A565BC799A-FollowerState] INFO  impl.FollowerState (FollowerState.java:run(143)) - f0cbc5a3-adab-43bd-bf32-77ed31e5ad54@group-14A565BC799A-FollowerState: change to CANDIDATE, lastRpcElapsedTime:5046119404ns, electionTimeout:5045ms
2023-09-21 17:49:31,692 [f0cbc5a3-adab-43bd-bf32-77ed31e5ad54@group-14A565BC799A-FollowerState] INFO  impl.RoleInfo (RoleInfo.java:shutdownFollowerState(110)) - f0cbc5a3-adab-43bd-bf32-77ed31e5ad54: shutdown f0cbc5a3-adab-43bd-bf32-77ed31e5ad54@group-14A565BC799A-FollowerState
2023-09-21 17:49:31,692 [f0cbc5a3-adab-43bd-bf32-77ed31e5ad54@group-14A565BC799A-FollowerState] INFO  server.RaftServer$Division (RaftServerImpl.java:setRole(329)) - f0cbc5a3-adab-43bd-bf32-77ed31e5ad54@group-14A565BC799A: changes role from  FOLLOWER to CANDIDATE at term 0 for changeToCandidate
2023-09-21 17:49:31,695 [a7b87587-f54c-4106-951c-2cd85865b718@group-0EFE4F1C4BA6-LeaderElection7] INFO  server.RaftServer$Division (ServerState.java:setRaftConf(434)) - a7b87587-f54c-4106-951c-2cd85865b718@group-0EFE4F1C4BA6: set configuration 0: peers:[a7b87587-f54c-4106-951c-2cd85865b718|rpc:10.1.0.8:15032|admin:10.1.0.8:15031|client:10.1.0.8:15030|dataStream:10.1.0.8:15033|priority:1|startupRole:FOLLOWER]|listeners:[], old=null
2023-09-21 17:49:31,696 [f0cbc5a3-adab-43bd-bf32-77ed31e5ad54@group-14A565BC799A-FollowerState] INFO  server.RaftServerConfigKeys (ConfUtils.java:logGet(46)) - raft.server.leaderelection.pre-vote = true (default)
2023-09-21 17:49:31,696 [f0cbc5a3-adab-43bd-bf32-77ed31e5ad54@group-14A565BC799A-FollowerState] INFO  impl.RoleInfo (RoleInfo.java:updateAndGet(139)) - f0cbc5a3-adab-43bd-bf32-77ed31e5ad54: start f0cbc5a3-adab-43bd-bf32-77ed31e5ad54@group-14A565BC799A-LeaderElection8
2023-09-21 17:49:31,711 [f0cbc5a3-adab-43bd-bf32-77ed31e5ad54@group-14A565BC799A-LeaderElection8] INFO  impl.LeaderElection (LeaderElection.java:askForVotes(321)) - f0cbc5a3-adab-43bd-bf32-77ed31e5ad54@group-14A565BC799A-LeaderElection8 PRE_VOTE round 0: submit vote requests at term 0 for -1: peers:[f0cbc5a3-adab-43bd-bf32-77ed31e5ad54|rpc:10.1.0.8:15041|admin:10.1.0.8:15040|client:10.1.0.8:15039|dataStream:10.1.0.8:15042|priority:1|startupRole:FOLLOWER]|listeners:[], old=null
2023-09-21 17:49:31,711 [f0cbc5a3-adab-43bd-bf32-77ed31e5ad54@group-14A565BC799A-LeaderElection8] INFO  impl.LeaderElection (LeaderElection.java:askForVotes(323)) - f0cbc5a3-adab-43bd-bf32-77ed31e5ad54@group-14A565BC799A-LeaderElection8 PRE_VOTE round 0: result PASSED (term=0)
2023-09-21 17:49:31,712 [a7b87587-f54c-4106-951c-2cd85865b718@group-C0B5DB0F2F7A-LeaderElection6] INFO  impl.LeaderElection (LeaderElection.java:logAndReturn(90)) - a7b87587-f54c-4106-951c-2cd85865b718@group-C0B5DB0F2F7A-LeaderElection6: PRE_VOTE PASSED received 1 response(s) and 0 exception(s):
2023-09-21 17:49:31,712 [a7b87587-f54c-4106-951c-2cd85865b718@group-C0B5DB0F2F7A-LeaderElection6] INFO  impl.LeaderElection (LeaderElection.java:logAndReturn(94)) -   Response 0: a7b87587-f54c-4106-951c-2cd85865b718<-30fcaee4-35e5-4526-9ec2-86d2b42bb6e9#0:OK-t0
2023-09-21 17:49:31,712 [a7b87587-f54c-4106-951c-2cd85865b718@group-C0B5DB0F2F7A-LeaderElection6] INFO  impl.LeaderElection (LeaderElection.java:askForVotes(323)) - a7b87587-f54c-4106-951c-2cd85865b718@group-C0B5DB0F2F7A-LeaderElection6 PRE_VOTE round 0: result PASSED
2023-09-21 17:49:31,715 [a7b87587-f54c-4106-951c-2cd85865b718@group-C0B5DB0F2F7A-LeaderElection6] INFO  impl.LeaderElection (LeaderElection.java:askForVotes(321)) - a7b87587-f54c-4106-951c-2cd85865b718@group-C0B5DB0F2F7A-LeaderElection6 ELECTION round 0: submit vote requests at term 1 for -1: peers:[0e5ca0ac-2c0a-4501-ade5-9887f0236797|rpc:10.1.0.8:15014|admin:10.1.0.8:15013|client:10.1.0.8:15012|dataStream:10.1.0.8:15015|priority:0|startupRole:FOLLOWER, 30fcaee4-35e5-4526-9ec2-86d2b42bb6e9|rpc:10.1.0.8:15023|admin:10.1.0.8:15022|client:10.1.0.8:15021|dataStream:10.1.0.8:15024|priority:0|startupRole:FOLLOWER, a7b87587-f54c-4106-951c-2cd85865b718|rpc:10.1.0.8:15032|admin:10.1.0.8:15031|client:10.1.0.8:15030|dataStream:10.1.0.8:15033|priority:1|startupRole:FOLLOWER]|listeners:[], old=null
2023-09-21 17:49:31,716 [f0cbc5a3-adab-43bd-bf32-77ed31e5ad54@group-14A565BC799A-LeaderElection8] INFO  impl.LeaderElection (LeaderElection.java:askForVotes(321)) - f0cbc5a3-adab-43bd-bf32-77ed31e5ad54@group-14A565BC799A-LeaderElection8 ELECTION round 0: submit vote requests at term 1 for -1: peers:[f0cbc5a3-adab-43bd-bf32-77ed31e5ad54|rpc:10.1.0.8:15041|admin:10.1.0.8:15040|client:10.1.0.8:15039|dataStream:10.1.0.8:15042|priority:1|startupRole:FOLLOWER]|listeners:[], old=null
2023-09-21 17:49:31,716 [f0cbc5a3-adab-43bd-bf32-77ed31e5ad54@group-14A565BC799A-LeaderElection8] INFO  impl.LeaderElection (LeaderElection.java:askForVotes(323)) - f0cbc5a3-adab-43bd-bf32-77ed31e5ad54@group-14A565BC799A-LeaderElection8 ELECTION round 0: result PASSED (term=1)
2023-09-21 17:49:31,716 [f0cbc5a3-adab-43bd-bf32-77ed31e5ad54@group-14A565BC799A-LeaderElection8] INFO  impl.RoleInfo (RoleInfo.java:shutdownLeaderElection(130)) - f0cbc5a3-adab-43bd-bf32-77ed31e5ad54: shutdown f0cbc5a3-adab-43bd-bf32-77ed31e5ad54@group-14A565BC799A-LeaderElection8
2023-09-21 17:49:31,715 [grpc-default-executor-0] INFO  server.RaftServer$Division (RaftServerImpl.java:requestVote(1302)) - 0e5ca0ac-2c0a-4501-ade5-9887f0236797@group-C0B5DB0F2F7A: receive requestVote(PRE_VOTE, a7b87587-f54c-4106-951c-2cd85865b718, group-C0B5DB0F2F7A, 0, (t:0, i:0))
2023-09-21 17:49:31,725 [grpc-default-executor-0] INFO  impl.VoteContext (VoteContext.java:log(49)) - 0e5ca0ac-2c0a-4501-ade5-9887f0236797@group-C0B5DB0F2F7A-FOLLOWER: accept PRE_VOTE from a7b87587-f54c-4106-951c-2cd85865b718: our priority 0 <= candidate's priority 1
2023-09-21 17:49:31,726 [grpc-default-executor-0] INFO  server.RaftServer$Division (RaftServerImpl.java:requestVote(1335)) - 0e5ca0ac-2c0a-4501-ade5-9887f0236797@group-C0B5DB0F2F7A replies to PRE_VOTE vote request: a7b87587-f54c-4106-951c-2cd85865b718<-0e5ca0ac-2c0a-4501-ade5-9887f0236797#0:OK-t0. Peer's state: 0e5ca0ac-2c0a-4501-ade5-9887f0236797@group-C0B5DB0F2F7A:t0, leader=null, voted=, raftlog=Memoized:0e5ca0ac-2c0a-4501-ade5-9887f0236797@group-C0B5DB0F2F7A-SegmentedRaftLog:OPENED:c-1, conf=-1: peers:[0e5ca0ac-2c0a-4501-ade5-9887f0236797|rpc:10.1.0.8:15014|admin:10.1.0.8:15013|client:10.1.0.8:15012|dataStream:10.1.0.8:15015|priority:0|startupRole:FOLLOWER, 30fcaee4-35e5-4526-9ec2-86d2b42bb6e9|rpc:10.1.0.8:15023|admin:10.1.0.8:15022|client:10.1.0.8:15021|dataStream:10.1.0.8:15024|priority:0|startupRole:FOLLOWER, a7b87587-f54c-4106-951c-2cd85865b718|rpc:10.1.0.8:15032|admin:10.1.0.8:15031|client:10.1.0.8:15030|dataStream:10.1.0.8:15033|priority:1|startupRole:FOLLOWER]|listeners:[], old=null
2023-09-21 17:49:31,719 [a7b87587-f54c-4106-951c-2cd85865b718@group-C0B5DB0F2F7A-LeaderElection6] INFO  server.RaftServerConfigKeys (ConfUtils.java:logFallback(53)) - raft.server.rpc.first-election.timeout.min = 5s (fallback to raft.server.rpc.timeout.min)
2023-09-21 17:49:31,716 [f0cbc5a3-adab-43bd-bf32-77ed31e5ad54@group-14A565BC799A-LeaderElection8] INFO  server.RaftServer$Division (RaftServerImpl.java:setRole(329)) - f0cbc5a3-adab-43bd-bf32-77ed31e5ad54@group-14A565BC799A: changes role from CANDIDATE to LEADER at term 1 for changeToLeader
2023-09-21 17:49:31,726 [a7b87587-f54c-4106-951c-2cd85865b718@group-C0B5DB0F2F7A-LeaderElection6] INFO  server.RaftServerConfigKeys (ConfUtils.java:logFallback(53)) - raft.server.rpc.first-election.timeout.max = 5200ms (fallback to raft.server.rpc.timeout.max)
2023-09-21 17:49:31,726 [f0cbc5a3-adab-43bd-bf32-77ed31e5ad54@group-14A565BC799A-LeaderElection8] INFO  ratis.XceiverServerRatis (XceiverServerRatis.java:handleLeaderChangedNotification(902)) - Leader change notification received for group: group-14A565BC799A with new leaderId: f0cbc5a3-adab-43bd-bf32-77ed31e5ad54
2023-09-21 17:49:31,726 [f0cbc5a3-adab-43bd-bf32-77ed31e5ad54@group-14A565BC799A-LeaderElection8] INFO  server.RaftServer$Division (ServerState.java:setLeader(317)) - f0cbc5a3-adab-43bd-bf32-77ed31e5ad54@group-14A565BC799A: change Leader from null to f0cbc5a3-adab-43bd-bf32-77ed31e5ad54 at term 1 for becomeLeader, leader elected after 5207ms
2023-09-21 17:49:31,727 [grpc-default-executor-2] INFO  server.RaftServer$Division (RaftServerImpl.java:requestVote(1302)) - 0e5ca0ac-2c0a-4501-ade5-9887f0236797@group-C0B5DB0F2F7A: receive requestVote(ELECTION, a7b87587-f54c-4106-951c-2cd85865b718, group-C0B5DB0F2F7A, 1, (t:0, i:0))
2023-09-21 17:49:31,727 [f0cbc5a3-adab-43bd-bf32-77ed31e5ad54@group-14A565BC799A-LeaderElection8] INFO  server.RaftServerConfigKeys (ConfUtils.java:logGet(46)) - raft.server.staging.catchup.gap = 1000 (default)
2023-09-21 17:49:31,727 [f0cbc5a3-adab-43bd-bf32-77ed31e5ad54@group-14A565BC799A-LeaderElection8] INFO  server.RaftServerConfigKeys (ConfUtils.java:logGet(46)) - raft.server.write.element-limit = 1024 (custom)
2023-09-21 17:49:31,727 [f0cbc5a3-adab-43bd-bf32-77ed31e5ad54@group-14A565BC799A-LeaderElection8] INFO  server.RaftServerConfigKeys (ConfUtils.java:logGet(46)) - raft.server.write.byte-limit = 1024 M (=1073741824) (custom)
2023-09-21 17:49:31,727 [f0cbc5a3-adab-43bd-bf32-77ed31e5ad54@group-14A565BC799A-LeaderElection8] INFO  server.RaftServerConfigKeys (ConfUtils.java:logGet(46)) - raft.server.watch.timeout = 180s (custom)
2023-09-21 17:49:31,727 [f0cbc5a3-adab-43bd-bf32-77ed31e5ad54@group-14A565BC799A-LeaderElection8] INFO  server.RaftServerConfigKeys (ConfUtils.java:logGet(46)) - raft.server.watch.timeout.denomination = 1s (default)
2023-09-21 17:49:31,727 [f0cbc5a3-adab-43bd-bf32-77ed31e5ad54@group-14A565BC799A-LeaderElection8] INFO  server.RaftServerConfigKeys (ConfUtils.java:logGet(46)) - raft.server.watch.element-limit = 65536 (default)
2023-09-21 17:49:31,728 [f0cbc5a3-adab-43bd-bf32-77ed31e5ad54@group-14A565BC799A-LeaderElection8] INFO  server.RaftServerConfigKeys (ConfUtils.java:logGet(46)) - raft.server.write.element-limit = 1024 (custom)
2023-09-21 17:49:31,728 [f0cbc5a3-adab-43bd-bf32-77ed31e5ad54@group-14A565BC799A-LeaderElection8] INFO  server.RaftServerConfigKeys (ConfUtils.java:logGet(46)) - raft.server.write.follower.gap.ratio.max = -1.0 (default)
2023-09-21 17:49:31,728 [f0cbc5a3-adab-43bd-bf32-77ed31e5ad54@group-14A565BC799A-LeaderElection8] INFO  impl.RoleInfo (RoleInfo.java:updateAndGet(139)) - f0cbc5a3-adab-43bd-bf32-77ed31e5ad54: start f0cbc5a3-adab-43bd-bf32-77ed31e5ad54@group-14A565BC799A-LeaderStateImpl
2023-09-21 17:49:31,728 [f0cbc5a3-adab-43bd-bf32-77ed31e5ad54@group-14A565BC799A-LeaderElection8] INFO  segmented.SegmentedRaftLogWorker (SegmentedRaftLogWorker.java:startLogSegment(447)) - f0cbc5a3-adab-43bd-bf32-77ed31e5ad54@group-14A565BC799A-SegmentedRaftLogWorker: Starting segment from index:0
2023-09-21 17:49:31,731 [f0cbc5a3-adab-43bd-bf32-77ed31e5ad54@group-14A565BC799A-SegmentedRaftLogWorker] INFO  segmented.SegmentedRaftLogWorker (SegmentedRaftLogWorker.java:execute(651)) - f0cbc5a3-adab-43bd-bf32-77ed31e5ad54@group-14A565BC799A-SegmentedRaftLogWorker: created new log segment /home/runner/work/ozone/ozone/hadoop-ozone/integration-test/target/test-dir/MiniOzoneClusterImpl-ff0bea85-29d4-48e8-8c84-822e75daf04a/datanode-3/data/ratis/74a9f029-060b-44bd-84f7-14a565bc799a/current/log_inprogress_0
2023-09-21 17:49:31,734 [grpc-default-executor-1] INFO  server.RaftServer$Division (RaftServerImpl.java:requestVote(1302)) - 30fcaee4-35e5-4526-9ec2-86d2b42bb6e9@group-C0B5DB0F2F7A: receive requestVote(ELECTION, a7b87587-f54c-4106-951c-2cd85865b718, group-C0B5DB0F2F7A, 1, (t:0, i:0))
2023-09-21 17:49:31,734 [grpc-default-executor-2] INFO  impl.VoteContext (VoteContext.java:log(49)) - 0e5ca0ac-2c0a-4501-ade5-9887f0236797@group-C0B5DB0F2F7A-FOLLOWER: accept ELECTION from a7b87587-f54c-4106-951c-2cd85865b718: our priority 0 <= candidate's priority 1
2023-09-21 17:49:31,735 [grpc-default-executor-2] INFO  server.RaftServer$Division (RaftServerImpl.java:setRole(329)) - 0e5ca0ac-2c0a-4501-ade5-9887f0236797@group-C0B5DB0F2F7A: changes role from  FOLLOWER to FOLLOWER at term 1 for candidate:a7b87587-f54c-4106-951c-2cd85865b718
2023-09-21 17:49:31,735 [grpc-default-executor-2] INFO  impl.RoleInfo (RoleInfo.java:shutdownFollowerState(110)) - 0e5ca0ac-2c0a-4501-ade5-9887f0236797: shutdown 0e5ca0ac-2c0a-4501-ade5-9887f0236797@group-C0B5DB0F2F7A-FollowerState
2023-09-21 17:49:31,735 [0e5ca0ac-2c0a-4501-ade5-9887f0236797@group-C0B5DB0F2F7A-FollowerState] INFO  impl.FollowerState (FollowerState.java:run(152)) - 0e5ca0ac-2c0a-4501-ade5-9887f0236797@group-C0B5DB0F2F7A-FollowerState was interrupted
2023-09-21 17:49:31,735 [f0cbc5a3-adab-43bd-bf32-77ed31e5ad54@group-14A565BC799A-LeaderElection8] INFO  server.RaftServer$Division (ServerState.java:setRaftConf(434)) - f0cbc5a3-adab-43bd-bf32-77ed31e5ad54@group-14A565BC799A: set configuration 0: peers:[f0cbc5a3-adab-43bd-bf32-77ed31e5ad54|rpc:10.1.0.8:15041|admin:10.1.0.8:15040|client:10.1.0.8:15039|dataStream:10.1.0.8:15042|priority:1|startupRole:FOLLOWER]|listeners:[], old=null
2023-09-21 17:49:31,736 [grpc-default-executor-1] INFO  impl.VoteContext (VoteContext.java:log(49)) - 30fcaee4-35e5-4526-9ec2-86d2b42bb6e9@group-C0B5DB0F2F7A-FOLLOWER: accept ELECTION from a7b87587-f54c-4106-951c-2cd85865b718: our priority 0 <= candidate's priority 1
2023-09-21 17:49:31,736 [grpc-default-executor-1] INFO  server.RaftServer$Division (RaftServerImpl.java:setRole(329)) - 30fcaee4-35e5-4526-9ec2-86d2b42bb6e9@group-C0B5DB0F2F7A: changes role from  FOLLOWER to FOLLOWER at term 1 for candidate:a7b87587-f54c-4106-951c-2cd85865b718
2023-09-21 17:49:31,736 [grpc-default-executor-1] INFO  impl.RoleInfo (RoleInfo.java:shutdownFollowerState(110)) - 30fcaee4-35e5-4526-9ec2-86d2b42bb6e9: shutdown 30fcaee4-35e5-4526-9ec2-86d2b42bb6e9@group-C0B5DB0F2F7A-FollowerState
2023-09-21 17:49:31,736 [30fcaee4-35e5-4526-9ec2-86d2b42bb6e9@group-C0B5DB0F2F7A-FollowerState] INFO  impl.FollowerState (FollowerState.java:run(152)) - 30fcaee4-35e5-4526-9ec2-86d2b42bb6e9@group-C0B5DB0F2F7A-FollowerState was interrupted
2023-09-21 17:49:31,736 [grpc-default-executor-2] INFO  impl.RoleInfo (RoleInfo.java:updateAndGet(139)) - 0e5ca0ac-2c0a-4501-ade5-9887f0236797: start 0e5ca0ac-2c0a-4501-ade5-9887f0236797@group-C0B5DB0F2F7A-FollowerState
2023-09-21 17:49:31,737 [grpc-default-executor-2] INFO  server.RaftServer$Division (RaftServerImpl.java:requestVote(1335)) - 0e5ca0ac-2c0a-4501-ade5-9887f0236797@group-C0B5DB0F2F7A replies to ELECTION vote request: a7b87587-f54c-4106-951c-2cd85865b718<-0e5ca0ac-2c0a-4501-ade5-9887f0236797#0:OK-t1. Peer's state: 0e5ca0ac-2c0a-4501-ade5-9887f0236797@group-C0B5DB0F2F7A:t1, leader=null, voted=a7b87587-f54c-4106-951c-2cd85865b718, raftlog=Memoized:0e5ca0ac-2c0a-4501-ade5-9887f0236797@group-C0B5DB0F2F7A-SegmentedRaftLog:OPENED:c-1, conf=-1: peers:[0e5ca0ac-2c0a-4501-ade5-9887f0236797|rpc:10.1.0.8:15014|admin:10.1.0.8:15013|client:10.1.0.8:15012|dataStream:10.1.0.8:15015|priority:0|startupRole:FOLLOWER, 30fcaee4-35e5-4526-9ec2-86d2b42bb6e9|rpc:10.1.0.8:15023|admin:10.1.0.8:15022|client:10.1.0.8:15021|dataStream:10.1.0.8:15024|priority:0|startupRole:FOLLOWER, a7b87587-f54c-4106-951c-2cd85865b718|rpc:10.1.0.8:15032|admin:10.1.0.8:15031|client:10.1.0.8:15030|dataStream:10.1.0.8:15033|priority:1|startupRole:FOLLOWER]|listeners:[], old=null
2023-09-21 17:49:31,739 [grpc-default-executor-1] INFO  impl.RoleInfo (RoleInfo.java:updateAndGet(139)) - 30fcaee4-35e5-4526-9ec2-86d2b42bb6e9: start 30fcaee4-35e5-4526-9ec2-86d2b42bb6e9@group-C0B5DB0F2F7A-FollowerState
2023-09-21 17:49:31,741 [grpc-default-executor-1] INFO  server.RaftServer$Division (RaftServerImpl.java:requestVote(1335)) - 30fcaee4-35e5-4526-9ec2-86d2b42bb6e9@group-C0B5DB0F2F7A replies to ELECTION vote request: a7b87587-f54c-4106-951c-2cd85865b718<-30fcaee4-35e5-4526-9ec2-86d2b42bb6e9#0:OK-t1. Peer's state: 30fcaee4-35e5-4526-9ec2-86d2b42bb6e9@group-C0B5DB0F2F7A:t1, leader=null, voted=a7b87587-f54c-4106-951c-2cd85865b718, raftlog=Memoized:30fcaee4-35e5-4526-9ec2-86d2b42bb6e9@group-C0B5DB0F2F7A-SegmentedRaftLog:OPENED:c-1, conf=-1: peers:[0e5ca0ac-2c0a-4501-ade5-9887f0236797|rpc:10.1.0.8:15014|admin:10.1.0.8:15013|client:10.1.0.8:15012|dataStream:10.1.0.8:15015|priority:0|startupRole:FOLLOWER, 30fcaee4-35e5-4526-9ec2-86d2b42bb6e9|rpc:10.1.0.8:15023|admin:10.1.0.8:15022|client:10.1.0.8:15021|dataStream:10.1.0.8:15024|priority:0|startupRole:FOLLOWER, a7b87587-f54c-4106-951c-2cd85865b718|rpc:10.1.0.8:15032|admin:10.1.0.8:15031|client:10.1.0.8:15030|dataStream:10.1.0.8:15033|priority:1|startupRole:FOLLOWER]|listeners:[], old=null
2023-09-21 17:49:31,742 [a7b87587-f54c-4106-951c-2cd85865b718@group-C0B5DB0F2F7A-LeaderElection6] INFO  impl.LeaderElection (LeaderElection.java:logAndReturn(90)) - a7b87587-f54c-4106-951c-2cd85865b718@group-C0B5DB0F2F7A-LeaderElection6: ELECTION PASSED received 1 response(s) and 0 exception(s):
2023-09-21 17:49:31,742 [a7b87587-f54c-4106-951c-2cd85865b718@group-C0B5DB0F2F7A-LeaderElection6] INFO  impl.LeaderElection (LeaderElection.java:logAndReturn(94)) -   Response 0: a7b87587-f54c-4106-951c-2cd85865b718<-30fcaee4-35e5-4526-9ec2-86d2b42bb6e9#0:OK-t1
2023-09-21 17:49:31,742 [a7b87587-f54c-4106-951c-2cd85865b718@group-C0B5DB0F2F7A-LeaderElection6] INFO  impl.LeaderElection (LeaderElection.java:askForVotes(323)) - a7b87587-f54c-4106-951c-2cd85865b718@group-C0B5DB0F2F7A-LeaderElection6 ELECTION round 0: result PASSED
2023-09-21 17:49:31,742 [a7b87587-f54c-4106-951c-2cd85865b718@group-C0B5DB0F2F7A-LeaderElection6] INFO  impl.RoleInfo (RoleInfo.java:shutdownLeaderElection(130)) - a7b87587-f54c-4106-951c-2cd85865b718: shutdown a7b87587-f54c-4106-951c-2cd85865b718@group-C0B5DB0F2F7A-LeaderElection6
2023-09-21 17:49:31,743 [a7b87587-f54c-4106-951c-2cd85865b718@group-C0B5DB0F2F7A-LeaderElection6] INFO  server.RaftServer$Division (RaftServerImpl.java:setRole(329)) - a7b87587-f54c-4106-951c-2cd85865b718@group-C0B5DB0F2F7A: changes role from CANDIDATE to LEADER at term 1 for changeToLeader
2023-09-21 17:49:31,743 [a7b87587-f54c-4106-951c-2cd85865b718@group-C0B5DB0F2F7A-LeaderElection6] INFO  ratis.XceiverServerRatis (XceiverServerRatis.java:handleLeaderChangedNotification(902)) - Leader change notification received for group: group-C0B5DB0F2F7A with new leaderId: a7b87587-f54c-4106-951c-2cd85865b718
2023-09-21 17:49:31,743 [a7b87587-f54c-4106-951c-2cd85865b718@group-C0B5DB0F2F7A-LeaderElection6] INFO  server.RaftServer$Division (ServerState.java:setLeader(317)) - a7b87587-f54c-4106-951c-2cd85865b718@group-C0B5DB0F2F7A: change Leader from null to a7b87587-f54c-4106-951c-2cd85865b718 at term 1 for becomeLeader, leader elected after 5243ms
2023-09-21 17:49:31,743 [a7b87587-f54c-4106-951c-2cd85865b718@group-C0B5DB0F2F7A-LeaderElection6] INFO  server.RaftServerConfigKeys (ConfUtils.java:logGet(46)) - raft.server.staging.catchup.gap = 1000 (default)
2023-09-21 17:49:31,743 [a7b87587-f54c-4106-951c-2cd85865b718@group-C0B5DB0F2F7A-LeaderElection6] INFO  server.RaftServerConfigKeys (ConfUtils.java:logGet(46)) - raft.server.write.element-limit = 1024 (custom)
2023-09-21 17:49:31,743 [a7b87587-f54c-4106-951c-2cd85865b718@group-C0B5DB0F2F7A-LeaderElection6] INFO  server.RaftServerConfigKeys (ConfUtils.java:logGet(46)) - raft.server.write.byte-limit = 1024 M (=1073741824) (custom)
2023-09-21 17:49:31,744 [a7b87587-f54c-4106-951c-2cd85865b718@group-C0B5DB0F2F7A-LeaderElection6] INFO  server.RaftServerConfigKeys (ConfUtils.java:logGet(46)) - raft.server.watch.timeout = 180s (custom)
2023-09-21 17:49:31,744 [a7b87587-f54c-4106-951c-2cd85865b718@group-C0B5DB0F2F7A-LeaderElection6] INFO  server.RaftServerConfigKeys (ConfUtils.java:logGet(46)) - raft.server.watch.timeout.denomination = 1s (default)
2023-09-21 17:49:31,744 [a7b87587-f54c-4106-951c-2cd85865b718@group-C0B5DB0F2F7A-LeaderElection6] INFO  server.RaftServerConfigKeys (ConfUtils.java:logGet(46)) - raft.server.watch.element-limit = 65536 (default)
2023-09-21 17:49:31,744 [a7b87587-f54c-4106-951c-2cd85865b718@group-C0B5DB0F2F7A-LeaderElection6] INFO  server.RaftServerConfigKeys (ConfUtils.java:logGet(46)) - raft.server.write.element-limit = 1024 (custom)
2023-09-21 17:49:31,744 [a7b87587-f54c-4106-951c-2cd85865b718@group-C0B5DB0F2F7A-LeaderElection6] INFO  server.RaftServerConfigKeys (ConfUtils.java:logGet(46)) - raft.server.write.follower.gap.ratio.max = -1.0 (default)
2023-09-21 17:49:31,745 [a7b87587-f54c-4106-951c-2cd85865b718@group-C0B5DB0F2F7A-LeaderElection6] INFO  server.RaftServerConfigKeys (ConfUtils.java:logGet(46)) - raft.server.log.appender.snapshot.chunk.size.max = 16MB (=16777216) (default)
2023-09-21 17:49:31,745 [a7b87587-f54c-4106-951c-2cd85865b718@group-C0B5DB0F2F7A-LeaderElection6] INFO  server.RaftServerConfigKeys (ConfUtils.java:logGet(46)) - raft.server.log.appender.buffer.byte-limit = 33554432 (custom)
2023-09-21 17:49:31,745 [a7b87587-f54c-4106-951c-2cd85865b718@group-C0B5DB0F2F7A-LeaderElection6] INFO  server.RaftServerConfigKeys (ConfUtils.java:logGet(46)) - raft.server.log.appender.buffer.element-limit = 1 (custom)
2023-09-21 17:49:31,745 [a7b87587-f54c-4106-951c-2cd85865b718@group-C0B5DB0F2F7A-LeaderElection6] INFO  server.RaftServerConfigKeys (ConfUtils.java:logGet(46)) - raft.server.log.appender.wait-time.min = 10ms (default)
2023-09-21 17:49:31,745 [a7b87587-f54c-4106-951c-2cd85865b718@group-C0B5DB0F2F7A-LeaderElection6] INFO  grpc.GrpcConfigKeys (ConfUtils.java:logGet(46)) - raft.grpc.server.leader.outstanding.appends.max = 128 (default)
2023-09-21 17:49:31,749 [a7b87587-f54c-4106-951c-2cd85865b718@group-C0B5DB0F2F7A-LeaderElection6] INFO  server.RaftServerConfigKeys (ConfUtils.java:logGet(46)) - raft.server.rpc.request.timeout = 60s (custom)
2023-09-21 17:49:31,749 [a7b87587-f54c-4106-951c-2cd85865b718@group-C0B5DB0F2F7A-LeaderElection6] INFO  grpc.GrpcConfigKeys (ConfUtils.java:logGet(46)) - raft.grpc.server.install_snapshot.request.element-limit = 8 (default)
2023-09-21 17:49:31,749 [a7b87587-f54c-4106-951c-2cd85865b718@group-C0B5DB0F2F7A-LeaderElection6] INFO  grpc.GrpcConfigKeys (ConfUtils.java:logGet(46)) - raft.grpc.server.install_snapshot.request.timeout = 3000ms (default)
2023-09-21 17:49:31,749 [a7b87587-f54c-4106-951c-2cd85865b718@group-C0B5DB0F2F7A-LeaderElection6] INFO  server.RaftServerConfigKeys (ConfUtils.java:logGet(46)) - raft.server.log.appender.install.snapshot.enabled = false (custom)
2023-09-21 17:49:31,749 [a7b87587-f54c-4106-951c-2cd85865b718@group-C0B5DB0F2F7A-LeaderElection6] INFO  grpc.GrpcConfigKeys (ConfUtils.java:logGet(46)) - raft.grpc.server.heartbeat.channel = true (default)
2023-09-21 17:49:31,749 [EventQueue-PipelineReportForPipelineReportHandler] INFO  pipeline.PipelineReportHandler (PipelineReportHandler.java:processPipelineReport(136)) - Opened pipeline PipelineID=b3ab9323-66ae-4fb2-a3f5-c0b5db0f2f7a
2023-09-21 17:49:31,750 [a7b87587-f54c-4106-951c-2cd85865b718@group-C0B5DB0F2F7A-LeaderElection6] INFO  server.RaftServerConfigKeys (ConfUtils.java:logGet(46)) - raft.server.log.appender.snapshot.chunk.size.max = 16MB (=16777216) (default)
2023-09-21 17:49:31,750 [a7b87587-f54c-4106-951c-2cd85865b718@group-C0B5DB0F2F7A-LeaderElection6] INFO  server.RaftServerConfigKeys (ConfUtils.java:logGet(46)) - raft.server.log.appender.buffer.byte-limit = 33554432 (custom)
2023-09-21 17:49:31,750 [a7b87587-f54c-4106-951c-2cd85865b718@group-C0B5DB0F2F7A-LeaderElection6] INFO  server.RaftServerConfigKeys (ConfUtils.java:logGet(46)) - raft.server.log.appender.buffer.element-limit = 1 (custom)
2023-09-21 17:49:31,750 [a7b87587-f54c-4106-951c-2cd85865b718@group-C0B5DB0F2F7A-LeaderElection6] INFO  server.RaftServerConfigKeys (ConfUtils.java:logGet(46)) - raft.server.log.appender.wait-time.min = 10ms (default)
2023-09-21 17:49:31,750 [a7b87587-f54c-4106-951c-2cd85865b718@group-C0B5DB0F2F7A-LeaderElection6] INFO  grpc.GrpcConfigKeys (ConfUtils.java:logGet(46)) - raft.grpc.server.leader.outstanding.appends.max = 128 (default)
2023-09-21 17:49:31,751 [a7b87587-f54c-4106-951c-2cd85865b718@group-C0B5DB0F2F7A-LeaderElection6] INFO  server.RaftServerConfigKeys (ConfUtils.java:logGet(46)) - raft.server.rpc.request.timeout = 60s (custom)
2023-09-21 17:49:31,751 [a7b87587-f54c-4106-951c-2cd85865b718@group-C0B5DB0F2F7A-LeaderElection6] INFO  grpc.GrpcConfigKeys (ConfUtils.java:logGet(46)) - raft.grpc.server.install_snapshot.request.element-limit = 8 (default)
2023-09-21 17:49:31,751 [a7b87587-f54c-4106-951c-2cd85865b718@group-C0B5DB0F2F7A-LeaderElection6] INFO  grpc.GrpcConfigKeys (ConfUtils.java:logGet(46)) - raft.grpc.server.install_snapshot.request.timeout = 3000ms (default)
2023-09-21 17:49:31,751 [a7b87587-f54c-4106-951c-2cd85865b718@group-C0B5DB0F2F7A-LeaderElection6] INFO  server.RaftServerConfigKeys (ConfUtils.java:logGet(46)) - raft.server.log.appender.install.snapshot.enabled = false (custom)
2023-09-21 17:49:31,751 [a7b87587-f54c-4106-951c-2cd85865b718@group-C0B5DB0F2F7A-LeaderElection6] INFO  grpc.GrpcConfigKeys (ConfUtils.java:logGet(46)) - raft.grpc.server.heartbeat.channel = true (default)
2023-09-21 17:49:31,751 [a7b87587-f54c-4106-951c-2cd85865b718@group-C0B5DB0F2F7A-LeaderElection6] INFO  impl.RoleInfo (RoleInfo.java:updateAndGet(139)) - a7b87587-f54c-4106-951c-2cd85865b718: start a7b87587-f54c-4106-951c-2cd85865b718@group-C0B5DB0F2F7A-LeaderStateImpl
2023-09-21 17:49:31,751 [a7b87587-f54c-4106-951c-2cd85865b718@group-C0B5DB0F2F7A-LeaderElection6] INFO  segmented.SegmentedRaftLogWorker (SegmentedRaftLogWorker.java:startLogSegment(447)) - a7b87587-f54c-4106-951c-2cd85865b718@group-C0B5DB0F2F7A-SegmentedRaftLogWorker: Starting segment from index:0
2023-09-21 17:49:31,753 [a7b87587-f54c-4106-951c-2cd85865b718@group-C0B5DB0F2F7A-SegmentedRaftLogWorker] INFO  segmented.SegmentedRaftLogWorker (SegmentedRaftLogWorker.java:execute(651)) - a7b87587-f54c-4106-951c-2cd85865b718@group-C0B5DB0F2F7A-SegmentedRaftLogWorker: created new log segment /home/runner/work/ozone/ozone/hadoop-ozone/integration-test/target/test-dir/MiniOzoneClusterImpl-ff0bea85-29d4-48e8-8c84-822e75daf04a/datanode-2/data/ratis/b3ab9323-66ae-4fb2-a3f5-c0b5db0f2f7a/current/log_inprogress_0
2023-09-21 17:49:31,763 [a7b87587-f54c-4106-951c-2cd85865b718@group-C0B5DB0F2F7A-LeaderElection6] INFO  server.RaftServer$Division (ServerState.java:setRaftConf(434)) - a7b87587-f54c-4106-951c-2cd85865b718@group-C0B5DB0F2F7A: set configuration 0: peers:[0e5ca0ac-2c0a-4501-ade5-9887f0236797|rpc:10.1.0.8:15014|admin:10.1.0.8:15013|client:10.1.0.8:15012|dataStream:10.1.0.8:15015|priority:0|startupRole:FOLLOWER, 30fcaee4-35e5-4526-9ec2-86d2b42bb6e9|rpc:10.1.0.8:15023|admin:10.1.0.8:15022|client:10.1.0.8:15021|dataStream:10.1.0.8:15024|priority:0|startupRole:FOLLOWER, a7b87587-f54c-4106-951c-2cd85865b718|rpc:10.1.0.8:15032|admin:10.1.0.8:15031|client:10.1.0.8:15030|dataStream:10.1.0.8:15033|priority:1|startupRole:FOLLOWER]|listeners:[], old=null
2023-09-21 17:49:31,826 [0e5ca0ac-2c0a-4501-ade5-9887f0236797-server-thread1] INFO  ratis.XceiverServerRatis (XceiverServerRatis.java:handleLeaderChangedNotification(902)) - Leader change notification received for group: group-C0B5DB0F2F7A with new leaderId: a7b87587-f54c-4106-951c-2cd85865b718
2023-09-21 17:49:31,826 [0e5ca0ac-2c0a-4501-ade5-9887f0236797-server-thread1] INFO  server.RaftServer$Division (ServerState.java:setLeader(317)) - 0e5ca0ac-2c0a-4501-ade5-9887f0236797@group-C0B5DB0F2F7A: change Leader from null to a7b87587-f54c-4106-951c-2cd85865b718 at term 1 for appendEntries, leader elected after 5152ms
2023-09-21 17:49:31,830 [30fcaee4-35e5-4526-9ec2-86d2b42bb6e9-server-thread1] INFO  ratis.XceiverServerRatis (XceiverServerRatis.java:handleLeaderChangedNotification(902)) - Leader change notification received for group: group-C0B5DB0F2F7A with new leaderId: a7b87587-f54c-4106-951c-2cd85865b718
2023-09-21 17:49:31,830 [30fcaee4-35e5-4526-9ec2-86d2b42bb6e9-server-thread1] INFO  server.RaftServer$Division (ServerState.java:setLeader(317)) - 30fcaee4-35e5-4526-9ec2-86d2b42bb6e9@group-C0B5DB0F2F7A: change Leader from null to a7b87587-f54c-4106-951c-2cd85865b718 at term 1 for appendEntries, leader elected after 5125ms
2023-09-21 17:49:31,834 [30fcaee4-35e5-4526-9ec2-86d2b42bb6e9-server-thread1] INFO  server.RaftServer$Division (ServerState.java:setRaftConf(434)) - 30fcaee4-35e5-4526-9ec2-86d2b42bb6e9@group-C0B5DB0F2F7A: set configuration 0: peers:[0e5ca0ac-2c0a-4501-ade5-9887f0236797|rpc:10.1.0.8:15014|admin:10.1.0.8:15013|client:10.1.0.8:15012|dataStream:10.1.0.8:15015|priority:0|startupRole:FOLLOWER, 30fcaee4-35e5-4526-9ec2-86d2b42bb6e9|rpc:10.1.0.8:15023|admin:10.1.0.8:15022|client:10.1.0.8:15021|dataStream:10.1.0.8:15024|priority:0|startupRole:FOLLOWER, a7b87587-f54c-4106-951c-2cd85865b718|rpc:10.1.0.8:15032|admin:10.1.0.8:15031|client:10.1.0.8:15030|dataStream:10.1.0.8:15033|priority:1|startupRole:FOLLOWER]|listeners:[], old=null
2023-09-21 17:49:31,834 [30fcaee4-35e5-4526-9ec2-86d2b42bb6e9-server-thread1] INFO  segmented.SegmentedRaftLogWorker (SegmentedRaftLogWorker.java:startLogSegment(447)) - 30fcaee4-35e5-4526-9ec2-86d2b42bb6e9@group-C0B5DB0F2F7A-SegmentedRaftLogWorker: Starting segment from index:0
2023-09-21 17:49:31,835 [0e5ca0ac-2c0a-4501-ade5-9887f0236797-server-thread2] INFO  server.RaftServer$Division (ServerState.java:setRaftConf(434)) - 0e5ca0ac-2c0a-4501-ade5-9887f0236797@group-C0B5DB0F2F7A: set configuration 0: peers:[0e5ca0ac-2c0a-4501-ade5-9887f0236797|rpc:10.1.0.8:15014|admin:10.1.0.8:15013|client:10.1.0.8:15012|dataStream:10.1.0.8:15015|priority:0|startupRole:FOLLOWER, 30fcaee4-35e5-4526-9ec2-86d2b42bb6e9|rpc:10.1.0.8:15023|admin:10.1.0.8:15022|client:10.1.0.8:15021|dataStream:10.1.0.8:15024|priority:0|startupRole:FOLLOWER, a7b87587-f54c-4106-951c-2cd85865b718|rpc:10.1.0.8:15032|admin:10.1.0.8:15031|client:10.1.0.8:15030|dataStream:10.1.0.8:15033|priority:1|startupRole:FOLLOWER]|listeners:[], old=null
2023-09-21 17:49:31,835 [0e5ca0ac-2c0a-4501-ade5-9887f0236797-server-thread2] INFO  segmented.SegmentedRaftLogWorker (SegmentedRaftLogWorker.java:startLogSegment(447)) - 0e5ca0ac-2c0a-4501-ade5-9887f0236797@group-C0B5DB0F2F7A-SegmentedRaftLogWorker: Starting segment from index:0
2023-09-21 17:49:31,837 [30fcaee4-35e5-4526-9ec2-86d2b42bb6e9@group-C0B5DB0F2F7A-SegmentedRaftLogWorker] INFO  segmented.SegmentedRaftLogWorker (SegmentedRaftLogWorker.java:execute(651)) - 30fcaee4-35e5-4526-9ec2-86d2b42bb6e9@group-C0B5DB0F2F7A-SegmentedRaftLogWorker: created new log segment /home/runner/work/ozone/ozone/hadoop-ozone/integration-test/target/test-dir/MiniOzoneClusterImpl-ff0bea85-29d4-48e8-8c84-822e75daf04a/datanode-1/data/ratis/b3ab9323-66ae-4fb2-a3f5-c0b5db0f2f7a/current/log_inprogress_0
2023-09-21 17:49:31,837 [0e5ca0ac-2c0a-4501-ade5-9887f0236797@group-C0B5DB0F2F7A-SegmentedRaftLogWorker] INFO  segmented.SegmentedRaftLogWorker (SegmentedRaftLogWorker.java:execute(651)) - 0e5ca0ac-2c0a-4501-ade5-9887f0236797@group-C0B5DB0F2F7A-SegmentedRaftLogWorker: created new log segment /home/runner/work/ozone/ozone/hadoop-ozone/integration-test/target/test-dir/MiniOzoneClusterImpl-ff0bea85-29d4-48e8-8c84-822e75daf04a/datanode-0/data/ratis/b3ab9323-66ae-4fb2-a3f5-c0b5db0f2f7a/current/log_inprogress_0
2023-09-21 17:49:31,867 [main] INFO  ozone.MiniOzoneClusterImpl (MiniOzoneClusterImpl.java:lambda$waitForClusterToBeReady$0(229)) - Nodes are ready. Got 5 of 5 DN Heartbeats.
2023-09-21 17:49:31,867 [main] INFO  ozone.MiniOzoneClusterImpl (MiniOzoneClusterImpl.java:lambda$waitForClusterToBeReady$0(232)) - Cluster exits safe mode
2023-09-21 17:49:31,867 [main] INFO  ozone.MiniOzoneClusterImpl (MiniOzoneClusterImpl.java:lambda$waitForClusterToBeReady$0(234)) - SCM became leader
2023-09-21 17:49:32,108 [0af77c8d-ae0f-44c2-a6ab-89a178552062@group-508367A3A0FD-FollowerState] INFO  impl.FollowerState (FollowerState.java:run(143)) - 0af77c8d-ae0f-44c2-a6ab-89a178552062@group-508367A3A0FD-FollowerState: change to CANDIDATE, lastRpcElapsedTime:5175917952ns, electionTimeout:5175ms
2023-09-21 17:49:32,108 [0af77c8d-ae0f-44c2-a6ab-89a178552062@group-508367A3A0FD-FollowerState] INFO  impl.RoleInfo (RoleInfo.java:shutdownFollowerState(110)) - 0af77c8d-ae0f-44c2-a6ab-89a178552062: shutdown 0af77c8d-ae0f-44c2-a6ab-89a178552062@group-508367A3A0FD-FollowerState
2023-09-21 17:49:32,108 [0af77c8d-ae0f-44c2-a6ab-89a178552062@group-508367A3A0FD-FollowerState] INFO  server.RaftServer$Division (RaftServerImpl.java:setRole(329)) - 0af77c8d-ae0f-44c2-a6ab-89a178552062@group-508367A3A0FD: changes role from  FOLLOWER to CANDIDATE at term 0 for changeToCandidate
2023-09-21 17:49:32,108 [0af77c8d-ae0f-44c2-a6ab-89a178552062@group-508367A3A0FD-FollowerState] INFO  server.RaftServerConfigKeys (ConfUtils.java:logGet(46)) - raft.server.leaderelection.pre-vote = true (default)
2023-09-21 17:49:32,108 [0af77c8d-ae0f-44c2-a6ab-89a178552062@group-508367A3A0FD-FollowerState] INFO  impl.RoleInfo (RoleInfo.java:updateAndGet(139)) - 0af77c8d-ae0f-44c2-a6ab-89a178552062: start 0af77c8d-ae0f-44c2-a6ab-89a178552062@group-508367A3A0FD-LeaderElection9
2023-09-21 17:49:32,115 [0af77c8d-ae0f-44c2-a6ab-89a178552062@group-508367A3A0FD-LeaderElection9] INFO  impl.LeaderElection (LeaderElection.java:askForVotes(321)) - 0af77c8d-ae0f-44c2-a6ab-89a178552062@group-508367A3A0FD-LeaderElection9 PRE_VOTE round 0: submit vote requests at term 0 for -1: peers:[0af77c8d-ae0f-44c2-a6ab-89a178552062|rpc:10.1.0.8:15050|admin:10.1.0.8:15049|client:10.1.0.8:15048|dataStream:10.1.0.8:15051|priority:1|startupRole:FOLLOWER]|listeners:[], old=null
2023-09-21 17:49:32,115 [0af77c8d-ae0f-44c2-a6ab-89a178552062@group-508367A3A0FD-LeaderElection9] INFO  impl.LeaderElection (LeaderElection.java:askForVotes(323)) - 0af77c8d-ae0f-44c2-a6ab-89a178552062@group-508367A3A0FD-LeaderElection9 PRE_VOTE round 0: result PASSED (term=0)
2023-09-21 17:49:32,120 [0af77c8d-ae0f-44c2-a6ab-89a178552062@group-508367A3A0FD-LeaderElection9] INFO  impl.LeaderElection (LeaderElection.java:askForVotes(321)) - 0af77c8d-ae0f-44c2-a6ab-89a178552062@group-508367A3A0FD-LeaderElection9 ELECTION round 0: submit vote requests at term 1 for -1: peers:[0af77c8d-ae0f-44c2-a6ab-89a178552062|rpc:10.1.0.8:15050|admin:10.1.0.8:15049|client:10.1.0.8:15048|dataStream:10.1.0.8:15051|priority:1|startupRole:FOLLOWER]|listeners:[], old=null
2023-09-21 17:49:32,120 [0af77c8d-ae0f-44c2-a6ab-89a178552062@group-508367A3A0FD-LeaderElection9] INFO  impl.LeaderElection (LeaderElection.java:askForVotes(323)) - 0af77c8d-ae0f-44c2-a6ab-89a178552062@group-508367A3A0FD-LeaderElection9 ELECTION round 0: result PASSED (term=1)
2023-09-21 17:49:32,121 [0af77c8d-ae0f-44c2-a6ab-89a178552062@group-508367A3A0FD-LeaderElection9] INFO  impl.RoleInfo (RoleInfo.java:shutdownLeaderElection(130)) - 0af77c8d-ae0f-44c2-a6ab-89a178552062: shutdown 0af77c8d-ae0f-44c2-a6ab-89a178552062@group-508367A3A0FD-LeaderElection9
2023-09-21 17:49:32,121 [0af77c8d-ae0f-44c2-a6ab-89a178552062@group-508367A3A0FD-LeaderElection9] INFO  server.RaftServer$Division (RaftServerImpl.java:setRole(329)) - 0af77c8d-ae0f-44c2-a6ab-89a178552062@group-508367A3A0FD: changes role from CANDIDATE to LEADER at term 1 for changeToLeader
2023-09-21 17:49:32,121 [0af77c8d-ae0f-44c2-a6ab-89a178552062@group-508367A3A0FD-LeaderElection9] INFO  ratis.XceiverServerRatis (XceiverServerRatis.java:handleLeaderChangedNotification(902)) - Leader change notification received for group: group-508367A3A0FD with new leaderId: 0af77c8d-ae0f-44c2-a6ab-89a178552062
2023-09-21 17:49:32,124 [0af77c8d-ae0f-44c2-a6ab-89a178552062@group-508367A3A0FD-LeaderElection9] INFO  server.RaftServer$Division (ServerState.java:setLeader(317)) - 0af77c8d-ae0f-44c2-a6ab-89a178552062@group-508367A3A0FD: change Leader from null to 0af77c8d-ae0f-44c2-a6ab-89a178552062 at term 1 for becomeLeader, leader elected after 5242ms
2023-09-21 17:49:32,124 [0af77c8d-ae0f-44c2-a6ab-89a178552062@group-508367A3A0FD-LeaderElection9] INFO  server.RaftServerConfigKeys (ConfUtils.java:logGet(46)) - raft.server.staging.catchup.gap = 1000 (default)
2023-09-21 17:49:32,128 [0af77c8d-ae0f-44c2-a6ab-89a178552062@group-508367A3A0FD-LeaderElection9] INFO  server.RaftServerConfigKeys (ConfUtils.java:logGet(46)) - raft.server.write.element-limit = 1024 (custom)
2023-09-21 17:49:32,128 [0af77c8d-ae0f-44c2-a6ab-89a178552062@group-508367A3A0FD-LeaderElection9] INFO  server.RaftServerConfigKeys (ConfUtils.java:logGet(46)) - raft.server.write.byte-limit = 1024 M (=1073741824) (custom)
2023-09-21 17:49:32,128 [0af77c8d-ae0f-44c2-a6ab-89a178552062@group-508367A3A0FD-LeaderElection9] INFO  server.RaftServerConfigKeys (ConfUtils.java:logGet(46)) - raft.server.watch.timeout = 180s (custom)
2023-09-21 17:49:32,129 [0af77c8d-ae0f-44c2-a6ab-89a178552062@group-508367A3A0FD-LeaderElection9] INFO  server.RaftServerConfigKeys (ConfUtils.java:logGet(46)) - raft.server.watch.timeout.denomination = 1s (default)
2023-09-21 17:49:32,129 [0af77c8d-ae0f-44c2-a6ab-89a178552062@group-508367A3A0FD-LeaderElection9] INFO  server.RaftServerConfigKeys (ConfUtils.java:logGet(46)) - raft.server.watch.element-limit = 65536 (default)
2023-09-21 17:49:32,129 [0af77c8d-ae0f-44c2-a6ab-89a178552062@group-508367A3A0FD-LeaderElection9] INFO  server.RaftServerConfigKeys (ConfUtils.java:logGet(46)) - raft.server.write.element-limit = 1024 (custom)
2023-09-21 17:49:32,133 [0af77c8d-ae0f-44c2-a6ab-89a178552062@group-508367A3A0FD-LeaderElection9] INFO  server.RaftServerConfigKeys (ConfUtils.java:logGet(46)) - raft.server.write.follower.gap.ratio.max = -1.0 (default)
2023-09-21 17:49:32,133 [0af77c8d-ae0f-44c2-a6ab-89a178552062@group-508367A3A0FD-LeaderElection9] INFO  impl.RoleInfo (RoleInfo.java:updateAndGet(139)) - 0af77c8d-ae0f-44c2-a6ab-89a178552062: start 0af77c8d-ae0f-44c2-a6ab-89a178552062@group-508367A3A0FD-LeaderStateImpl
2023-09-21 17:49:32,133 [0af77c8d-ae0f-44c2-a6ab-89a178552062@group-508367A3A0FD-LeaderElection9] INFO  segmented.SegmentedRaftLogWorker (SegmentedRaftLogWorker.java:startLogSegment(447)) - 0af77c8d-ae0f-44c2-a6ab-89a178552062@group-508367A3A0FD-SegmentedRaftLogWorker: Starting segment from index:0
2023-09-21 17:49:32,143 [0af77c8d-ae0f-44c2-a6ab-89a178552062@group-508367A3A0FD-SegmentedRaftLogWorker] INFO  segmented.SegmentedRaftLogWorker (SegmentedRaftLogWorker.java:execute(651)) - 0af77c8d-ae0f-44c2-a6ab-89a178552062@group-508367A3A0FD-SegmentedRaftLogWorker: created new log segment /home/runner/work/ozone/ozone/hadoop-ozone/integration-test/target/test-dir/MiniOzoneClusterImpl-ff0bea85-29d4-48e8-8c84-822e75daf04a/datanode-4/data/ratis/8c457331-8dfa-4194-8dd2-508367a3a0fd/current/log_inprogress_0
2023-09-21 17:49:32,155 [0af77c8d-ae0f-44c2-a6ab-89a178552062@group-508367A3A0FD-LeaderElection9] INFO  server.RaftServer$Division (ServerState.java:setRaftConf(434)) - 0af77c8d-ae0f-44c2-a6ab-89a178552062@group-508367A3A0FD: set configuration 0: peers:[0af77c8d-ae0f-44c2-a6ab-89a178552062|rpc:10.1.0.8:15050|admin:10.1.0.8:15049|client:10.1.0.8:15048|dataStream:10.1.0.8:15051|priority:1|startupRole:FOLLOWER]|listeners:[], old=null
2023-09-21 17:49:32,794 [JvmPauseMonitor5] WARN  util.JvmPauseMonitor (JvmPauseMonitor.java:detectPause(124)) - JvmPauseMonitor-f0cbc5a3-adab-43bd-bf32-77ed31e5ad54: Detected pause in JVM or host machine approximately 0.249s with 0.336s GC time.
GC pool 'PS MarkSweep' had collection(s): count=1 time=251ms
GC pool 'PS Scavenge' had collection(s): count=1 time=85ms
2023-09-21 17:49:32,795 [JvmPauseMonitor2] WARN  util.JvmPauseMonitor (JvmPauseMonitor.java:detectPause(124)) - JvmPauseMonitor-0e5ca0ac-2c0a-4501-ade5-9887f0236797: Detected pause in JVM or host machine approximately 0.326s with 0.336s GC time.
GC pool 'PS MarkSweep' had collection(s): count=1 time=251ms
GC pool 'PS Scavenge' had collection(s): count=1 time=85ms
2023-09-21 17:49:32,795 [JvmPauseMonitor3] WARN  util.JvmPauseMonitor (JvmPauseMonitor.java:detectPause(124)) - JvmPauseMonitor-30fcaee4-35e5-4526-9ec2-86d2b42bb6e9: Detected pause in JVM or host machine approximately 0.328s with 0.336s GC time.
GC pool 'PS MarkSweep' had collection(s): count=1 time=251ms
GC pool 'PS Scavenge' had collection(s): count=1 time=85ms
2023-09-21 17:49:32,796 [JvmPauseMonitor6] WARN  util.JvmPauseMonitor (JvmPauseMonitor.java:detectPause(124)) - JvmPauseMonitor-0af77c8d-ae0f-44c2-a6ab-89a178552062: Detected pause in JVM or host machine approximately 0.342s with 0.336s GC time.
GC pool 'PS MarkSweep' had collection(s): count=1 time=251ms
GC pool 'PS Scavenge' had collection(s): count=1 time=85ms
2023-09-21 17:49:32,801 [JvmPauseMonitor0] WARN  util.JvmPauseMonitor (JvmPauseMonitor.java:detectPause(124)) - JvmPauseMonitor-4768e1a6-41ae-46d3-95ac-5eb1aff12045: Detected pause in JVM or host machine approximately 0.329s with 0.336s GC time.
GC pool 'PS MarkSweep' had collection(s): count=1 time=251ms
GC pool 'PS Scavenge' had collection(s): count=1 time=85ms
2023-09-21 17:49:32,801 [JvmPauseMonitor4] WARN  util.JvmPauseMonitor (JvmPauseMonitor.java:detectPause(124)) - JvmPauseMonitor-a7b87587-f54c-4106-951c-2cd85865b718: Detected pause in JVM or host machine approximately 0.328s with 0.336s GC time.
GC pool 'PS MarkSweep' had collection(s): count=1 time=251ms
GC pool 'PS Scavenge' had collection(s): count=1 time=85ms
2023-09-21 17:49:32,805 [JvmPauseMonitor1] WARN  util.JvmPauseMonitor (JvmPauseMonitor.java:detectPause(124)) - JvmPauseMonitor-om1: Detected pause in JVM or host machine approximately 0.328s with 0.336s GC time.
GC pool 'PS MarkSweep' had collection(s): count=1 time=251ms
GC pool 'PS Scavenge' had collection(s): count=1 time=85ms
2023-09-21 17:49:33,152 [Time-limited test] INFO  rpc.RpcClient (RpcClient.java:createVolume(461)) - Creating Volume: volume93403, with user97771 as owner and space quota set to -1 bytes, counts quota set to -1
2023-09-21 17:49:33,232 [OM StateMachine ApplyTransaction Thread - 0] INFO  volume.OMVolumeCreateRequest (OMVolumeCreateRequest.java:validateAndUpdateCache(196)) - created volume:volume93403 for user:user97771
2023-09-21 17:49:33,256 [Time-limited test] INFO  rpc.RpcClient (RpcClient.java:createBucket(688)) - Creating Bucket: volume93403/bucket07997, with bucket layout FILE_SYSTEM_OPTIMIZED, runner as owner, Versioning false, Storage Type set to DISK and Encryption set to false, Replication Type set to server-side default replication type, Namespace Quota set to -1, Space Quota set to -1 
2023-09-21 17:49:33,278 [OM StateMachine ApplyTransaction Thread - 0] INFO  bucket.OMBucketCreateRequest (OMBucketCreateRequest.java:validateAndUpdateCache(270)) - created bucket: bucket07997 of layout FILE_SYSTEM_OPTIMIZED in volume: volume93403
2023-09-21 17:49:33,372 [Time-limited test] INFO  ozone.TestRootedOzoneFileSystemWithFSO (TestRootedOzoneFileSystemWithFSO.java:testRenameDir(168)) - Created dir /volume93403/bucket07997/dir1/sub_dir1
2023-09-21 17:49:33,372 [Time-limited test] INFO  ozone.TestRootedOzoneFileSystemWithFSO (TestRootedOzoneFileSystemWithFSO.java:testRenameDir(169)) - Will move /volume93403/bucket07997/dir1 to /volume93403/bucket07997/dir1.renamed
]]></system-out>
  </testcase>
  <testcase name="testRenameDir" classname="TestRootedOzoneFileSystemWithFSO" time="0.109">
    <system-out><![CDATA[2023-09-21 17:51:11,576 [main] INFO  ozone.MiniOzoneClusterImpl (MiniOzoneClusterImpl.java:shutdown(448)) - Shutting down the Mini Ozone Cluster
2023-09-21 17:51:11,577 [main] INFO  ozone.MiniOzoneClusterImpl (MiniOzoneClusterImpl.java:stop(465)) - Stopping the Mini Ozone Cluster
2023-09-21 17:51:11,577 [main] INFO  ozone.MiniOzoneClusterImpl (MiniOzoneClusterImpl.java:stopOM(556)) - Stopping the OzoneManager
2023-09-21 17:51:11,577 [main] INFO  om.OzoneManager (OzoneManager.java:stop(2207)) - om1[localhost:15004]: Stopping Ozone Manager
2023-09-21 17:51:11,577 [main] INFO  ipc.Server (Server.java:stop(3523)) - Stopping server on 15004
2023-09-21 17:51:11,593 [IPC Server Responder] INFO  ipc.Server (Server.java:run(1567)) - Stopping IPC Server Responder
2023-09-21 17:51:11,593 [IPC Server listener on 15004] INFO  ipc.Server (Server.java:run(1434)) - Stopping IPC Server listener on 15004
2023-09-21 17:51:11,597 [main] INFO  server.RaftServer (RaftServerProxy.java:lambda$close$6(416)) - om1: close
2023-09-21 17:51:11,601 [main] INFO  server.GrpcService (GrpcService.java:closeImpl(311)) - om1: shutdown server GrpcServerProtocolService now
2023-09-21 17:51:11,602 [om1-impl-thread2] INFO  server.RaftServer$Division (RaftServerImpl.java:lambda$close$4(466)) - om1@group-C5BA1605619E: shutdown
2023-09-21 17:51:11,602 [om1-impl-thread2] INFO  util.JmxRegister (JmxRegister.java:unregister(73)) - Successfully un-registered JMX Bean with object name Ratis:service=RaftServer,group=group-C5BA1605619E,id=om1
2023-09-21 17:51:11,602 [om1-impl-thread2] INFO  impl.RoleInfo (RoleInfo.java:shutdownLeaderState(93)) - om1: shutdown om1@group-C5BA1605619E-LeaderStateImpl
2023-09-21 17:51:11,604 [om1-impl-thread2] INFO  impl.PendingRequests (PendingRequests.java:sendNotLeaderResponses(289)) - om1@group-C5BA1605619E-PendingRequests: sendNotLeaderResponses
2023-09-21 17:51:11,645 [main] INFO  server.GrpcService (GrpcService.java:closeImpl(320)) - om1: shutdown server GrpcServerProtocolService successfully
2023-09-21 17:51:11,652 [om1-impl-thread2] INFO  impl.StateMachineUpdater (StateMachineUpdater.java:stopAndJoin(155)) - om1@group-C5BA1605619E-StateMachineUpdater: set stopIndex = 41048
2023-09-21 17:51:11,653 [om1@group-C5BA1605619E-StateMachineUpdater] INFO  ratis.OzoneManagerStateMachine (OzoneManagerStateMachine.java:takeSnapshot(480)) - Current Snapshot Index (t:1, i:41048)
2023-09-21 17:51:11,756 [om1@group-C5BA1605619E-StateMachineUpdater] INFO  impl.StateMachineUpdater (StateMachineUpdater.java:takeSnapshot(291)) - om1@group-C5BA1605619E-StateMachineUpdater: Took a snapshot at index 41048
2023-09-21 17:51:11,758 [om1@group-C5BA1605619E-StateMachineUpdater] INFO  impl.StateMachineUpdater (StateMachineUpdater.java:lambda$new$0(97)) - om1@group-C5BA1605619E-StateMachineUpdater: snapshotIndex: updateIncreasingly -1 -> 41048
2023-09-21 17:51:11,758 [om1@group-C5BA1605619E-StateMachineUpdater] INFO  ratis.OzoneManagerStateMachine (OzoneManagerStateMachine.java:close(534)) - StateMachine has shutdown. Shutdown OzoneManager if not already shutdown.
2023-09-21 17:51:11,758 [om1@group-C5BA1605619E-StateMachineUpdater] INFO  ratis.OzoneManagerDoubleBuffer (OzoneManagerDoubleBuffer.java:stopDaemon(551)) - Stopping OMDoubleBuffer flush thread
2023-09-21 17:51:11,759 [OMDoubleBufferFlushThread] INFO  ratis.OzoneManagerDoubleBuffer (OzoneManagerDoubleBuffer.java:canFlush(638)) - OMDoubleBuffer flush thread OMDoubleBufferFlushThread is interrupted and will exit.
2023-09-21 17:51:11,761 [om1-impl-thread2] INFO  server.RaftServer$Division (ServerState.java:close(472)) - om1@group-C5BA1605619E: closes. applyIndex: 41048
2023-09-21 17:51:12,553 [om1-impl-thread2] INFO  segmented.SegmentedRaftLogWorker (SegmentedRaftLogWorker.java:close(252)) - om1@group-C5BA1605619E-SegmentedRaftLogWorker close()
2023-09-21 17:51:12,557 [JvmPauseMonitor1] INFO  util.JvmPauseMonitor (JvmPauseMonitor.java:run(109)) - JvmPauseMonitor-om1: Stopped
2023-09-21 17:51:12,557 [main] INFO  ratis.OzoneManagerStateMachine (OzoneManagerStateMachine.java:close(534)) - StateMachine has shutdown. Shutdown OzoneManager if not already shutdown.
2023-09-21 17:51:12,557 [main] INFO  ratis.OzoneManagerDoubleBuffer (OzoneManagerDoubleBuffer.java:stopDaemon(560)) - OMDoubleBuffer flush thread is not running.
2023-09-21 17:51:12,559 [main] INFO  utils.BackgroundService (BackgroundService.java:shutdown(141)) - Shutting down service KeyDeletingService
2023-09-21 17:51:12,559 [main] INFO  utils.BackgroundService (BackgroundService.java:shutdown(141)) - Shutting down service KeyDeletingService
2023-09-21 17:51:12,559 [main] INFO  utils.BackgroundService (BackgroundService.java:shutdown(141)) - Shutting down service OpenKeyCleanupService
2023-09-21 17:51:12,559 [main] INFO  utils.BackgroundService (BackgroundService.java:shutdown(141)) - Shutting down service SstFilteringService
2023-09-21 17:51:12,560 [main] INFO  utils.BackgroundService (BackgroundService.java:shutdown(141)) - Shutting down service SnapshotDeletingService
2023-09-21 17:51:12,562 [main] INFO  handler.ContextHandler (ContextHandler.java:doStop(1159)) - Stopped o.e.j.w.WebAppContext@62d288af{ozoneManager,/,null,STOPPED}{file:/home/runner/work/ozone/ozone/hadoop-ozone/integration-test/target/test-classes/webapps/ozoneManager}
2023-09-21 17:51:12,566 [main] INFO  server.AbstractConnector (AbstractConnector.java:doStop(383)) - Stopped ServerConnector@3c72912f{HTTP/1.1, (http/1.1)}{0.0.0.0:15005}
2023-09-21 17:51:12,566 [main] INFO  server.session (HouseKeeper.java:stopScavenging(149)) - node0 Stopped scavenging
2023-09-21 17:51:12,566 [main] INFO  handler.ContextHandler (ContextHandler.java:doStop(1159)) - Stopped o.e.j.s.ServletContextHandler@17bf4515{static,/static,file:///home/runner/work/ozone/ozone/hadoop-ozone/integration-test/target/test-classes/webapps/static,STOPPED}
2023-09-21 17:51:12,567 [main] INFO  handler.ContextHandler (ContextHandler.java:doStop(1159)) - Stopped o.e.j.s.ServletContextHandler@6d9a8a31{logs,/logs,file:///home/runner/work/ozone/ozone/hadoop-ozone/integration-test/target/log,STOPPED}
2023-09-21 17:51:12,570 [main] INFO  rocksdiff.RocksDBCheckpointDiffer (RocksDBCheckpointDiffer.java:close(343)) - Shutting down CompactionDagPruningService.
2023-09-21 17:51:12,570 [Trash Emptier] ERROR om.TrashPolicyOzone (TrashPolicyOzone.java:run(354)) - Error attempting to shutdown
java.lang.InterruptedException
	at java.util.concurrent.locks.AbstractQueuedSynchronizer$ConditionObject.awaitNanos(AbstractQueuedSynchronizer.java:2067)
	at java.util.concurrent.ThreadPoolExecutor.awaitTermination(ThreadPoolExecutor.java:1475)
	at org.apache.hadoop.ozone.om.TrashPolicyOzone$Emptier.run(TrashPolicyOzone.java:352)
	at java.lang.Thread.run(Thread.java:750)
2023-09-21 17:51:12,579 [main] INFO  snapshot.SnapshotDiffManager (SnapshotDiffManager.java:closeExecutorService(1718)) - Shutting down executorService: 'SnapDiffExecutor'
2023-09-21 17:51:12,580 [main] INFO  snapshot.SnapshotDiffManager (SnapshotDiffManager.java:closeExecutorService(1718)) - Shutting down executorService: 'SstDumpToolExecutor'
2023-09-21 17:51:12,600 [main] INFO  utils.BackgroundService (BackgroundService.java:shutdown(141)) - Shutting down service SnapshotDiffCleanupService
2023-09-21 17:51:12,602 [main] INFO  ozone.MiniOzoneClusterImpl (MiniOzoneClusterImpl.java:stopDatanodes(533)) - Stopping the HddsDatanodes
2023-09-21 17:51:12,610 [ForkJoinPool.commonPool-worker-1] INFO  ozoneimpl.OzoneContainer (OzoneContainer.java:stop(451)) - Attempting to stop container services.
2023-09-21 17:51:12,611 [ForkJoinPool.commonPool-worker-1] INFO  server.RaftServer (RaftServerProxy.java:lambda$close$6(416)) - 30fcaee4-35e5-4526-9ec2-86d2b42bb6e9: close
2023-09-21 17:51:12,611 [main] INFO  ozoneimpl.OzoneContainer (OzoneContainer.java:stop(451)) - Attempting to stop container services.
2023-09-21 17:51:12,611 [30fcaee4-35e5-4526-9ec2-86d2b42bb6e9-impl-thread2] INFO  server.RaftServer$Division (RaftServerImpl.java:lambda$close$4(466)) - 30fcaee4-35e5-4526-9ec2-86d2b42bb6e9@group-C0B5DB0F2F7A: shutdown
2023-09-21 17:51:12,614 [30fcaee4-35e5-4526-9ec2-86d2b42bb6e9-impl-thread2] INFO  util.JmxRegister (JmxRegister.java:unregister(73)) - Successfully un-registered JMX Bean with object name Ratis:service=RaftServer,group=group-C0B5DB0F2F7A,id=30fcaee4-35e5-4526-9ec2-86d2b42bb6e9
2023-09-21 17:51:12,614 [main] INFO  server.RaftServer (RaftServerProxy.java:lambda$close$6(416)) - a7b87587-f54c-4106-951c-2cd85865b718: close
2023-09-21 17:51:12,612 [30fcaee4-35e5-4526-9ec2-86d2b42bb6e9-impl-thread4] INFO  server.RaftServer$Division (RaftServerImpl.java:lambda$close$4(466)) - 30fcaee4-35e5-4526-9ec2-86d2b42bb6e9@group-92EF5A1E58C4: shutdown
2023-09-21 17:51:12,612 [ForkJoinPool.commonPool-worker-1] INFO  server.GrpcService (GrpcService.java:closeImpl(311)) - 30fcaee4-35e5-4526-9ec2-86d2b42bb6e9: shutdown server org.apache.ratis.grpc.server.GrpcClientProtocolService now
2023-09-21 17:51:12,612 [30fcaee4-35e5-4526-9ec2-86d2b42bb6e9-impl-thread3] INFO  server.RaftServer$Division (RaftServerImpl.java:lambda$close$4(466)) - 30fcaee4-35e5-4526-9ec2-86d2b42bb6e9@group-F0C266240665: shutdown
2023-09-21 17:51:12,614 [30fcaee4-35e5-4526-9ec2-86d2b42bb6e9-impl-thread4] INFO  util.JmxRegister (JmxRegister.java:unregister(73)) - Successfully un-registered JMX Bean with object name Ratis:service=RaftServer,group=group-92EF5A1E58C4,id=30fcaee4-35e5-4526-9ec2-86d2b42bb6e9
2023-09-21 17:51:12,614 [30fcaee4-35e5-4526-9ec2-86d2b42bb6e9-impl-thread4] INFO  impl.RoleInfo (RoleInfo.java:shutdownLeaderState(93)) - 30fcaee4-35e5-4526-9ec2-86d2b42bb6e9: shutdown 30fcaee4-35e5-4526-9ec2-86d2b42bb6e9@group-92EF5A1E58C4-LeaderStateImpl
2023-09-21 17:51:12,615 [a7b87587-f54c-4106-951c-2cd85865b718-impl-thread2] INFO  server.RaftServer$Division (RaftServerImpl.java:lambda$close$4(466)) - a7b87587-f54c-4106-951c-2cd85865b718@group-C0B5DB0F2F7A: shutdown
2023-09-21 17:51:12,614 [30fcaee4-35e5-4526-9ec2-86d2b42bb6e9-impl-thread2] INFO  impl.RoleInfo (RoleInfo.java:shutdownFollowerState(110)) - 30fcaee4-35e5-4526-9ec2-86d2b42bb6e9: shutdown 30fcaee4-35e5-4526-9ec2-86d2b42bb6e9@group-C0B5DB0F2F7A-FollowerState
2023-09-21 17:51:12,615 [30fcaee4-35e5-4526-9ec2-86d2b42bb6e9-impl-thread2] INFO  impl.StateMachineUpdater (StateMachineUpdater.java:stopAndJoin(155)) - 30fcaee4-35e5-4526-9ec2-86d2b42bb6e9@group-C0B5DB0F2F7A-StateMachineUpdater: set stopIndex = 47
2023-09-21 17:51:12,615 [30fcaee4-35e5-4526-9ec2-86d2b42bb6e9@group-C0B5DB0F2F7A-FollowerState] INFO  impl.FollowerState (FollowerState.java:run(152)) - 30fcaee4-35e5-4526-9ec2-86d2b42bb6e9@group-C0B5DB0F2F7A-FollowerState was interrupted
2023-09-21 17:51:12,615 [30fcaee4-35e5-4526-9ec2-86d2b42bb6e9@group-C0B5DB0F2F7A-StateMachineUpdater] INFO  ratis.ContainerStateMachine (ContainerStateMachine.java:takeSnapshot(330)) - group-C0B5DB0F2F7A: Taking a snapshot at:(t:1, i:47) file /home/runner/work/ozone/ozone/hadoop-ozone/integration-test/target/test-dir/MiniOzoneClusterImpl-ff0bea85-29d4-48e8-8c84-822e75daf04a/datanode-1/data/ratis/b3ab9323-66ae-4fb2-a3f5-c0b5db0f2f7a/sm/snapshot.1_47
2023-09-21 17:51:12,617 [main] INFO  server.GrpcService (GrpcService.java:closeImpl(311)) - a7b87587-f54c-4106-951c-2cd85865b718: shutdown server org.apache.ratis.grpc.server.GrpcClientProtocolService now
2023-09-21 17:51:12,625 [a7b87587-f54c-4106-951c-2cd85865b718-impl-thread4] INFO  server.RaftServer$Division (RaftServerImpl.java:lambda$close$4(466)) - a7b87587-f54c-4106-951c-2cd85865b718@group-92EF5A1E58C4: shutdown
2023-09-21 17:51:12,615 [a7b87587-f54c-4106-951c-2cd85865b718-impl-thread2] INFO  util.JmxRegister (JmxRegister.java:unregister(73)) - Successfully un-registered JMX Bean with object name Ratis:service=RaftServer,group=group-C0B5DB0F2F7A,id=a7b87587-f54c-4106-951c-2cd85865b718
2023-09-21 17:51:12,614 [30fcaee4-35e5-4526-9ec2-86d2b42bb6e9-impl-thread3] INFO  util.JmxRegister (JmxRegister.java:unregister(73)) - Successfully un-registered JMX Bean with object name Ratis:service=RaftServer,group=group-F0C266240665,id=30fcaee4-35e5-4526-9ec2-86d2b42bb6e9
2023-09-21 17:51:12,625 [30fcaee4-35e5-4526-9ec2-86d2b42bb6e9-impl-thread3] INFO  impl.RoleInfo (RoleInfo.java:shutdownLeaderState(93)) - 30fcaee4-35e5-4526-9ec2-86d2b42bb6e9: shutdown 30fcaee4-35e5-4526-9ec2-86d2b42bb6e9@group-F0C266240665-LeaderStateImpl
2023-09-21 17:51:12,625 [a7b87587-f54c-4106-951c-2cd85865b718-impl-thread2] INFO  impl.RoleInfo (RoleInfo.java:shutdownLeaderState(93)) - a7b87587-f54c-4106-951c-2cd85865b718: shutdown a7b87587-f54c-4106-951c-2cd85865b718@group-C0B5DB0F2F7A-LeaderStateImpl
2023-09-21 17:51:12,625 [a7b87587-f54c-4106-951c-2cd85865b718-impl-thread4] INFO  util.JmxRegister (JmxRegister.java:unregister(73)) - Successfully un-registered JMX Bean with object name Ratis:service=RaftServer,group=group-92EF5A1E58C4,id=a7b87587-f54c-4106-951c-2cd85865b718
2023-09-21 17:51:12,626 [a7b87587-f54c-4106-951c-2cd85865b718-impl-thread4] INFO  impl.RoleInfo (RoleInfo.java:shutdownFollowerState(110)) - a7b87587-f54c-4106-951c-2cd85865b718: shutdown a7b87587-f54c-4106-951c-2cd85865b718@group-92EF5A1E58C4-FollowerState
2023-09-21 17:51:12,628 [grpc-default-executor-6] WARN  server.GrpcClientProtocolService (LogUtils.java:warn(122)) - 5-OrderedRequestStreamObserver5: onError: org.apache.ratis.thirdparty.io.grpc.StatusRuntimeException: CANCELLED: client cancelled
2023-09-21 17:51:12,630 [grpc-default-executor-6] WARN  server.GrpcClientProtocolService (LogUtils.java:warn(122)) - 6-UnorderedRequestStreamObserver6: onError: org.apache.ratis.thirdparty.io.grpc.StatusRuntimeException: CANCELLED: client cancelled
2023-09-21 17:51:12,632 [a7b87587-f54c-4106-951c-2cd85865b718-impl-thread3] INFO  server.RaftServer$Division (RaftServerImpl.java:lambda$close$4(466)) - a7b87587-f54c-4106-951c-2cd85865b718@group-0EFE4F1C4BA6: shutdown
2023-09-21 17:51:12,632 [a7b87587-f54c-4106-951c-2cd85865b718-impl-thread3] INFO  util.JmxRegister (JmxRegister.java:unregister(73)) - Successfully un-registered JMX Bean with object name Ratis:service=RaftServer,group=group-0EFE4F1C4BA6,id=a7b87587-f54c-4106-951c-2cd85865b718
2023-09-21 17:51:12,632 [a7b87587-f54c-4106-951c-2cd85865b718-impl-thread3] INFO  impl.RoleInfo (RoleInfo.java:shutdownLeaderState(93)) - a7b87587-f54c-4106-951c-2cd85865b718: shutdown a7b87587-f54c-4106-951c-2cd85865b718@group-0EFE4F1C4BA6-LeaderStateImpl
2023-09-21 17:51:12,640 [30fcaee4-35e5-4526-9ec2-86d2b42bb6e9@group-92EF5A1E58C4->0e5ca0ac-2c0a-4501-ade5-9887f0236797-GrpcLogAppender-LogAppenderDaemon] WARN  server.GrpcLogAppender (GrpcLogAppender.java:mayWait(199)) - 30fcaee4-35e5-4526-9ec2-86d2b42bb6e9@group-92EF5A1E58C4->0e5ca0ac-2c0a-4501-ade5-9887f0236797-GrpcLogAppender: Wait interrupted by java.lang.InterruptedException
2023-09-21 17:51:12,662 [grpc-default-executor-10] INFO  server.GrpcServerProtocolService (GrpcServerProtocolService.java:onCompleted(155)) - 0e5ca0ac-2c0a-4501-ade5-9887f0236797: Completed APPEND_ENTRIES, lastRequest: 30fcaee4-35e5-4526-9ec2-86d2b42bb6e9->0e5ca0ac-2c0a-4501-ade5-9887f0236797#74-t1,previous=(t:1, i:25),leaderCommit=25,initializing? true,entries: size=1, first=(t:1, i:26), METADATAENTRY(c:25)
2023-09-21 17:51:12,662 [grpc-default-executor-10] INFO  server.GrpcServerProtocolService (GrpcServerProtocolService.java:lambda$onCompleted$5(157)) - 0e5ca0ac-2c0a-4501-ade5-9887f0236797: Completed APPEND_ENTRIES, lastReply: null
2023-09-21 17:51:12,669 [a7b87587-f54c-4106-951c-2cd85865b718-impl-thread4] INFO  impl.StateMachineUpdater (StateMachineUpdater.java:stopAndJoin(155)) - a7b87587-f54c-4106-951c-2cd85865b718@group-92EF5A1E58C4-StateMachineUpdater: set stopIndex = 26
2023-09-21 17:51:12,669 [a7b87587-f54c-4106-951c-2cd85865b718@group-92EF5A1E58C4-FollowerState] INFO  impl.FollowerState (FollowerState.java:run(152)) - a7b87587-f54c-4106-951c-2cd85865b718@group-92EF5A1E58C4-FollowerState was interrupted
2023-09-21 17:51:12,675 [a7b87587-f54c-4106-951c-2cd85865b718@group-92EF5A1E58C4-StateMachineUpdater] INFO  ratis.ContainerStateMachine (ContainerStateMachine.java:takeSnapshot(330)) - group-92EF5A1E58C4: Taking a snapshot at:(t:1, i:26) file /home/runner/work/ozone/ozone/hadoop-ozone/integration-test/target/test-dir/MiniOzoneClusterImpl-ff0bea85-29d4-48e8-8c84-822e75daf04a/datanode-2/data/ratis/d9f83d70-d99c-42a8-8fa6-92ef5a1e58c4/sm/snapshot.1_26
2023-09-21 17:51:12,676 [grpc-default-executor-12] INFO  server.GrpcLogAppender (GrpcLogAppender.java:onCompleted(428)) - 30fcaee4-35e5-4526-9ec2-86d2b42bb6e9@group-92EF5A1E58C4->0e5ca0ac-2c0a-4501-ade5-9887f0236797-AppendLogResponseHandler: follower responses appendEntries COMPLETED
2023-09-21 17:51:12,627 [30fcaee4-35e5-4526-9ec2-86d2b42bb6e9-impl-thread3] INFO  impl.PendingRequests (PendingRequests.java:sendNotLeaderResponses(289)) - 30fcaee4-35e5-4526-9ec2-86d2b42bb6e9@group-F0C266240665-PendingRequests: sendNotLeaderResponses
2023-09-21 17:51:12,676 [30fcaee4-35e5-4526-9ec2-86d2b42bb6e9-impl-thread3] INFO  impl.StateMachineUpdater (StateMachineUpdater.java:stopAndJoin(155)) - 30fcaee4-35e5-4526-9ec2-86d2b42bb6e9@group-F0C266240665-StateMachineUpdater: set stopIndex = 0
2023-09-21 17:51:12,629 [grpc-default-executor-7] WARN  server.GrpcClientProtocolService (LogUtils.java:warn(122)) - 0-OrderedRequestStreamObserver0: onError: org.apache.ratis.thirdparty.io.grpc.StatusRuntimeException: CANCELLED: client cancelled
2023-09-21 17:51:12,677 [30fcaee4-35e5-4526-9ec2-86d2b42bb6e9@group-F0C266240665-StateMachineUpdater] INFO  ratis.ContainerStateMachine (ContainerStateMachine.java:takeSnapshot(330)) - group-F0C266240665: Taking a snapshot at:(t:1, i:0) file /home/runner/work/ozone/ozone/hadoop-ozone/integration-test/target/test-dir/MiniOzoneClusterImpl-ff0bea85-29d4-48e8-8c84-822e75daf04a/datanode-1/data/ratis/1ad0722c-d448-469b-bd3a-f0c266240665/sm/snapshot.1_0
2023-09-21 17:51:12,632 [a7b87587-f54c-4106-951c-2cd85865b718-impl-thread3] INFO  impl.PendingRequests (PendingRequests.java:sendNotLeaderResponses(289)) - a7b87587-f54c-4106-951c-2cd85865b718@group-0EFE4F1C4BA6-PendingRequests: sendNotLeaderResponses
2023-09-21 17:51:12,633 [grpc-default-executor-3] WARN  server.GrpcClientProtocolService (LogUtils.java:warn(122)) - 8-UnorderedRequestStreamObserver8: onError: org.apache.ratis.thirdparty.io.grpc.StatusRuntimeException: CANCELLED: client cancelled
2023-09-21 17:51:12,633 [grpc-default-executor-4] WARN  server.GrpcClientProtocolService (LogUtils.java:warn(122)) - 7-OrderedRequestStreamObserver7: onError: org.apache.ratis.thirdparty.io.grpc.StatusRuntimeException: CANCELLED: client cancelled
2023-09-21 17:51:12,640 [30fcaee4-35e5-4526-9ec2-86d2b42bb6e9-impl-thread4] INFO  impl.PendingRequests (PendingRequests.java:sendNotLeaderResponses(289)) - 30fcaee4-35e5-4526-9ec2-86d2b42bb6e9@group-92EF5A1E58C4-PendingRequests: sendNotLeaderResponses
2023-09-21 17:51:12,640 [30fcaee4-35e5-4526-9ec2-86d2b42bb6e9@group-92EF5A1E58C4->a7b87587-f54c-4106-951c-2cd85865b718-GrpcLogAppender-LogAppenderDaemon] WARN  server.GrpcLogAppender (GrpcLogAppender.java:mayWait(199)) - 30fcaee4-35e5-4526-9ec2-86d2b42bb6e9@group-92EF5A1E58C4->a7b87587-f54c-4106-951c-2cd85865b718-GrpcLogAppender: Wait interrupted by java.lang.InterruptedException
2023-09-21 17:51:12,678 [Thread-1629] INFO  server.GrpcServerProtocolClient (GrpcServerProtocolClient.java:close(103)) - 30fcaee4-35e5-4526-9ec2-86d2b42bb6e9 Close channels
2023-09-21 17:51:12,678 [Thread-1626] INFO  server.GrpcServerProtocolClient (GrpcServerProtocolClient.java:close(103)) - 0e5ca0ac-2c0a-4501-ade5-9887f0236797 Close channels
2023-09-21 17:51:12,678 [a7b87587-f54c-4106-951c-2cd85865b718@group-C0B5DB0F2F7A->30fcaee4-35e5-4526-9ec2-86d2b42bb6e9-GrpcLogAppender-LogAppenderDaemon] WARN  server.GrpcLogAppender (GrpcLogAppender.java:mayWait(199)) - a7b87587-f54c-4106-951c-2cd85865b718@group-C0B5DB0F2F7A->30fcaee4-35e5-4526-9ec2-86d2b42bb6e9-GrpcLogAppender: Wait interrupted by java.lang.InterruptedException
2023-09-21 17:51:12,678 [Thread-1628] INFO  server.GrpcServerProtocolClient (GrpcServerProtocolClient.java:close(103)) - 0e5ca0ac-2c0a-4501-ade5-9887f0236797 Close channels
2023-09-21 17:51:12,678 [Thread-1632] INFO  server.GrpcServerProtocolClient (GrpcServerProtocolClient.java:close(103)) - a7b87587-f54c-4106-951c-2cd85865b718 Close channels
2023-09-21 17:51:12,669 [a7b87587-f54c-4106-951c-2cd85865b718-impl-thread2] INFO  impl.PendingRequests (PendingRequests.java:sendNotLeaderResponses(289)) - a7b87587-f54c-4106-951c-2cd85865b718@group-C0B5DB0F2F7A-PendingRequests: sendNotLeaderResponses
2023-09-21 17:51:12,669 [a7b87587-f54c-4106-951c-2cd85865b718@group-C0B5DB0F2F7A->0e5ca0ac-2c0a-4501-ade5-9887f0236797-GrpcLogAppender-LogAppenderDaemon] WARN  server.GrpcLogAppender (GrpcLogAppender.java:mayWait(199)) - a7b87587-f54c-4106-951c-2cd85865b718@group-C0B5DB0F2F7A->0e5ca0ac-2c0a-4501-ade5-9887f0236797-GrpcLogAppender: Wait interrupted by java.lang.InterruptedException
2023-09-21 17:51:12,679 [a7b87587-f54c-4106-951c-2cd85865b718-impl-thread3] INFO  impl.StateMachineUpdater (StateMachineUpdater.java:stopAndJoin(155)) - a7b87587-f54c-4106-951c-2cd85865b718@group-0EFE4F1C4BA6-StateMachineUpdater: set stopIndex = 0
2023-09-21 17:51:12,679 [a7b87587-f54c-4106-951c-2cd85865b718@group-0EFE4F1C4BA6-StateMachineUpdater] INFO  ratis.ContainerStateMachine (ContainerStateMachine.java:takeSnapshot(330)) - group-0EFE4F1C4BA6: Taking a snapshot at:(t:1, i:0) file /home/runner/work/ozone/ozone/hadoop-ozone/integration-test/target/test-dir/MiniOzoneClusterImpl-ff0bea85-29d4-48e8-8c84-822e75daf04a/datanode-2/data/ratis/b9becf6b-c7a4-4c89-b99a-0efe4f1c4ba6/sm/snapshot.1_0
2023-09-21 17:51:12,681 [grpc-default-executor-10] INFO  server.GrpcServerProtocolService (GrpcServerProtocolService.java:onCompleted(155)) - a7b87587-f54c-4106-951c-2cd85865b718: Completed APPEND_ENTRIES, lastRequest: 30fcaee4-35e5-4526-9ec2-86d2b42bb6e9->a7b87587-f54c-4106-951c-2cd85865b718#77-t1,previous=(t:1, i:25),leaderCommit=25,initializing? true,entries: size=1, first=(t:1, i:26), METADATAENTRY(c:25)
2023-09-21 17:51:12,681 [grpc-default-executor-10] INFO  server.GrpcServerProtocolService (GrpcServerProtocolService.java:lambda$onCompleted$5(157)) - a7b87587-f54c-4106-951c-2cd85865b718: Completed APPEND_ENTRIES, lastReply: null
2023-09-21 17:51:12,682 [grpc-default-executor-3] INFO  server.GrpcLogAppender (GrpcLogAppender.java:onCompleted(428)) - 30fcaee4-35e5-4526-9ec2-86d2b42bb6e9@group-92EF5A1E58C4->a7b87587-f54c-4106-951c-2cd85865b718-AppendLogResponseHandler: follower responses appendEntries COMPLETED
2023-09-21 17:51:12,680 [grpc-default-executor-2] INFO  server.GrpcServerProtocolService (GrpcServerProtocolService.java:onCompleted(155)) - 30fcaee4-35e5-4526-9ec2-86d2b42bb6e9: Completed APPEND_ENTRIES, lastRequest: null
2023-09-21 17:51:12,687 [grpc-default-executor-3] WARN  server.GrpcLogAppender (GrpcLogAppender.java:resetClient(137)) - 30fcaee4-35e5-4526-9ec2-86d2b42bb6e9@group-92EF5A1E58C4->a7b87587-f54c-4106-951c-2cd85865b718-GrpcLogAppender: Failed to getClient for a7b87587-f54c-4106-951c-2cd85865b718
org.apache.ratis.protocol.exceptions.AlreadyClosedException: 30fcaee4-35e5-4526-9ec2-86d2b42bb6e9 is already CLOSED
	at org.apache.ratis.util.PeerProxyMap$PeerAndProxy.getProxy(PeerProxyMap.java:61)
	at org.apache.ratis.util.PeerProxyMap.getProxy(PeerProxyMap.java:115)
	at org.apache.ratis.grpc.server.GrpcLogAppender.getClient(GrpcLogAppender.java:112)
	at org.apache.ratis.grpc.server.GrpcLogAppender.resetClient(GrpcLogAppender.java:117)
	at org.apache.ratis.grpc.server.GrpcLogAppender.access$500(GrpcLogAppender.java:56)
	at org.apache.ratis.grpc.server.GrpcLogAppender$AppendLogResponseHandler.onCompleted(GrpcLogAppender.java:429)
	at org.apache.ratis.thirdparty.io.grpc.stub.ClientCalls$StreamObserverToCallListenerAdapter.onClose(ClientCalls.java:485)
	at org.apache.ratis.thirdparty.io.grpc.internal.ClientCallImpl.closeObserver(ClientCallImpl.java:563)
	at org.apache.ratis.thirdparty.io.grpc.internal.ClientCallImpl.access$300(ClientCallImpl.java:70)
	at org.apache.ratis.thirdparty.io.grpc.internal.ClientCallImpl$ClientStreamListenerImpl$1StreamClosed.runInternal(ClientCallImpl.java:744)
	at org.apache.ratis.thirdparty.io.grpc.internal.ClientCallImpl$ClientStreamListenerImpl$1StreamClosed.runInContext(ClientCallImpl.java:723)
	at org.apache.ratis.thirdparty.io.grpc.internal.ContextRunnable.run(ContextRunnable.java:37)
	at org.apache.ratis.thirdparty.io.grpc.internal.SerializingExecutor.run(SerializingExecutor.java:133)
	at java.util.concurrent.ThreadPoolExecutor.runWorker(ThreadPoolExecutor.java:1149)
	at java.util.concurrent.ThreadPoolExecutor$Worker.run(ThreadPoolExecutor.java:624)
	at java.lang.Thread.run(Thread.java:750)
2023-09-21 17:51:12,689 [grpc-default-executor-12] INFO  leader.FollowerInfo (FollowerInfoImpl.java:lambda$new$0(52)) - 30fcaee4-35e5-4526-9ec2-86d2b42bb6e9@group-92EF5A1E58C4->0e5ca0ac-2c0a-4501-ade5-9887f0236797: decreaseNextIndex nextIndex: updateUnconditionally 27 -> 26
2023-09-21 17:51:12,699 [grpc-default-executor-2] INFO  server.GrpcServerProtocolService (GrpcServerProtocolService.java:lambda$onCompleted$5(157)) - 30fcaee4-35e5-4526-9ec2-86d2b42bb6e9: Completed APPEND_ENTRIES, lastReply: serverReply {
  requestorId: "a7b87587-f54c-4106-951c-2cd85865b718"
  replyId: "30fcaee4-35e5-4526-9ec2-86d2b42bb6e9"
  raftGroupId {
    id: "\263\253\223#f\256O\262\243\365\300\265\333\017/z"
  }
  callId: 111
  success: true
}
term: 1
nextIndex: 45
followerCommit: 44
matchIndex: 18446744073709551615
isHearbeat: true

2023-09-21 17:51:12,680 [grpc-default-executor-4] INFO  server.GrpcServerProtocolService (GrpcServerProtocolService.java:onCompleted(155)) - 0e5ca0ac-2c0a-4501-ade5-9887f0236797: Completed APPEND_ENTRIES, lastRequest: null
2023-09-21 17:51:12,700 [grpc-default-executor-4] INFO  server.GrpcServerProtocolService (GrpcServerProtocolService.java:lambda$onCompleted$5(157)) - 0e5ca0ac-2c0a-4501-ade5-9887f0236797: Completed APPEND_ENTRIES, lastReply: serverReply {
  requestorId: "a7b87587-f54c-4106-951c-2cd85865b718"
  replyId: "0e5ca0ac-2c0a-4501-ade5-9887f0236797"
  raftGroupId {
    id: "\263\253\223#f\256O\262\243\365\300\265\333\017/z"
  }
  callId: 112
  success: true
}
term: 1
nextIndex: 45
followerCommit: 44
matchIndex: 18446744073709551615
isHearbeat: true

2023-09-21 17:51:12,680 [grpc-default-executor-11] INFO  server.GrpcServerProtocolService (GrpcServerProtocolService.java:onCompleted(155)) - 0e5ca0ac-2c0a-4501-ade5-9887f0236797: Completed APPEND_ENTRIES, lastRequest: null
2023-09-21 17:51:12,700 [grpc-default-executor-11] INFO  server.GrpcServerProtocolService (GrpcServerProtocolService.java:lambda$onCompleted$5(157)) - 0e5ca0ac-2c0a-4501-ade5-9887f0236797: Completed APPEND_ENTRIES, lastReply: serverReply {
  requestorId: "30fcaee4-35e5-4526-9ec2-86d2b42bb6e9"
  replyId: "0e5ca0ac-2c0a-4501-ade5-9887f0236797"
  raftGroupId {
    id: "\331\370=p\331\234B\250\217\246\222\357Z\036X\304"
  }
  callId: 81
  success: true
}
term: 1
nextIndex: 27
followerCommit: 26
matchIndex: 18446744073709551615
isHearbeat: true

2023-09-21 17:51:12,680 [grpc-default-executor-8] INFO  server.GrpcServerProtocolService (GrpcServerProtocolService.java:onCompleted(155)) - a7b87587-f54c-4106-951c-2cd85865b718: Completed APPEND_ENTRIES, lastRequest: null
2023-09-21 17:51:12,702 [grpc-default-executor-8] INFO  server.GrpcServerProtocolService (GrpcServerProtocolService.java:lambda$onCompleted$5(157)) - a7b87587-f54c-4106-951c-2cd85865b718: Completed APPEND_ENTRIES, lastReply: serverReply {
  requestorId: "30fcaee4-35e5-4526-9ec2-86d2b42bb6e9"
  replyId: "a7b87587-f54c-4106-951c-2cd85865b718"
  raftGroupId {
    id: "\331\370=p\331\234B\250\217\246\222\357Z\036X\304"
  }
  callId: 85
  success: true
}
term: 1
nextIndex: 27
followerCommit: 26
matchIndex: 18446744073709551615
isHearbeat: true

2023-09-21 17:51:12,681 [grpc-default-executor-9] INFO  server.GrpcServerProtocolService (GrpcServerProtocolService.java:onCompleted(155)) - 30fcaee4-35e5-4526-9ec2-86d2b42bb6e9: Completed APPEND_ENTRIES, lastRequest: a7b87587-f54c-4106-951c-2cd85865b718->30fcaee4-35e5-4526-9ec2-86d2b42bb6e9#115-t1,previous=(t:1, i:47),leaderCommit=47,initializing? true,entries: size=1, first=(t:1, i:48), METADATAENTRY(c:47)
2023-09-21 17:51:12,681 [grpc-default-executor-6] INFO  server.GrpcServerProtocolService (GrpcServerProtocolService.java:onCompleted(155)) - 0e5ca0ac-2c0a-4501-ade5-9887f0236797: Completed APPEND_ENTRIES, lastRequest: a7b87587-f54c-4106-951c-2cd85865b718->0e5ca0ac-2c0a-4501-ade5-9887f0236797#116-t1,previous=(t:1, i:47),leaderCommit=47,initializing? true,entries: size=1, first=(t:1, i:48), METADATAENTRY(c:47)
2023-09-21 17:51:12,710 [grpc-default-executor-6] INFO  server.GrpcServerProtocolService (GrpcServerProtocolService.java:lambda$onCompleted$5(157)) - 0e5ca0ac-2c0a-4501-ade5-9887f0236797: Completed APPEND_ENTRIES, lastReply: null
2023-09-21 17:51:12,710 [30fcaee4-35e5-4526-9ec2-86d2b42bb6e9@group-92EF5A1E58C4-StateMachineUpdater] INFO  ratis.ContainerStateMachine (ContainerStateMachine.java:takeSnapshot(330)) - group-92EF5A1E58C4: Taking a snapshot at:(t:1, i:26) file /home/runner/work/ozone/ozone/hadoop-ozone/integration-test/target/test-dir/MiniOzoneClusterImpl-ff0bea85-29d4-48e8-8c84-822e75daf04a/datanode-1/data/ratis/d9f83d70-d99c-42a8-8fa6-92ef5a1e58c4/sm/snapshot.1_26
2023-09-21 17:51:12,710 [ForkJoinPool.commonPool-worker-1] INFO  server.GrpcService (GrpcService.java:closeImpl(320)) - 30fcaee4-35e5-4526-9ec2-86d2b42bb6e9: shutdown server org.apache.ratis.grpc.server.GrpcClientProtocolService successfully
2023-09-21 17:51:12,710 [grpc-default-executor-8] INFO  server.GrpcLogAppender (GrpcLogAppender.java:onCompleted(428)) - 30fcaee4-35e5-4526-9ec2-86d2b42bb6e9@group-92EF5A1E58C4->0e5ca0ac-2c0a-4501-ade5-9887f0236797-AppendLogResponseHandler: follower responses appendEntries COMPLETED
2023-09-21 17:51:12,711 [ForkJoinPool.commonPool-worker-1] INFO  server.GrpcService (GrpcService.java:closeImpl(311)) - 30fcaee4-35e5-4526-9ec2-86d2b42bb6e9: shutdown server GrpcServerProtocolService now
2023-09-21 17:51:12,709 [grpc-default-executor-3] INFO  server.GrpcLogAppender (GrpcLogAppender.java:onCompleted(428)) - a7b87587-f54c-4106-951c-2cd85865b718@group-C0B5DB0F2F7A->30fcaee4-35e5-4526-9ec2-86d2b42bb6e9-AppendLogResponseHandler: follower responses appendEntries COMPLETED
2023-09-21 17:51:12,711 [grpc-default-executor-3] WARN  server.GrpcLogAppender (GrpcLogAppender.java:resetClient(137)) - a7b87587-f54c-4106-951c-2cd85865b718@group-C0B5DB0F2F7A->30fcaee4-35e5-4526-9ec2-86d2b42bb6e9-GrpcLogAppender: Failed to getClient for 30fcaee4-35e5-4526-9ec2-86d2b42bb6e9
org.apache.ratis.protocol.exceptions.AlreadyClosedException: a7b87587-f54c-4106-951c-2cd85865b718 is already CLOSED
	at org.apache.ratis.util.PeerProxyMap$PeerAndProxy.getProxy(PeerProxyMap.java:61)
	at org.apache.ratis.util.PeerProxyMap.getProxy(PeerProxyMap.java:115)
	at org.apache.ratis.grpc.server.GrpcLogAppender.getClient(GrpcLogAppender.java:112)
	at org.apache.ratis.grpc.server.GrpcLogAppender.resetClient(GrpcLogAppender.java:117)
	at org.apache.ratis.grpc.server.GrpcLogAppender.access$500(GrpcLogAppender.java:56)
	at org.apache.ratis.grpc.server.GrpcLogAppender$AppendLogResponseHandler.onCompleted(GrpcLogAppender.java:429)
	at org.apache.ratis.thirdparty.io.grpc.stub.ClientCalls$StreamObserverToCallListenerAdapter.onClose(ClientCalls.java:485)
	at org.apache.ratis.thirdparty.io.grpc.internal.DelayedClientCall$DelayedListener$3.run(DelayedClientCall.java:471)
	at org.apache.ratis.thirdparty.io.grpc.internal.DelayedClientCall$DelayedListener.delayOrExecute(DelayedClientCall.java:435)
	at org.apache.ratis.thirdparty.io.grpc.internal.DelayedClientCall$DelayedListener.onClose(DelayedClientCall.java:468)
	at org.apache.ratis.thirdparty.io.grpc.internal.ClientCallImpl.closeObserver(ClientCallImpl.java:563)
	at org.apache.ratis.thirdparty.io.grpc.internal.ClientCallImpl.access$300(ClientCallImpl.java:70)
	at org.apache.ratis.thirdparty.io.grpc.internal.ClientCallImpl$ClientStreamListenerImpl$1StreamClosed.runInternal(ClientCallImpl.java:744)
	at org.apache.ratis.thirdparty.io.grpc.internal.ClientCallImpl$ClientStreamListenerImpl$1StreamClosed.runInContext(ClientCallImpl.java:723)
	at org.apache.ratis.thirdparty.io.grpc.internal.ContextRunnable.run(ContextRunnable.java:37)
	at org.apache.ratis.thirdparty.io.grpc.internal.SerializingExecutor.run(SerializingExecutor.java:133)
	at java.util.concurrent.ThreadPoolExecutor.runWorker(ThreadPoolExecutor.java:1149)
	at java.util.concurrent.ThreadPoolExecutor$Worker.run(ThreadPoolExecutor.java:624)
	at java.lang.Thread.run(Thread.java:750)
2023-09-21 17:51:12,709 [30fcaee4-35e5-4526-9ec2-86d2b42bb6e9-impl-thread4] INFO  impl.StateMachineUpdater (StateMachineUpdater.java:stopAndJoin(155)) - 30fcaee4-35e5-4526-9ec2-86d2b42bb6e9@group-92EF5A1E58C4-StateMachineUpdater: set stopIndex = 26
2023-09-21 17:51:12,702 [grpc-default-executor-9] INFO  server.GrpcServerProtocolService (GrpcServerProtocolService.java:lambda$onCompleted$5(157)) - 30fcaee4-35e5-4526-9ec2-86d2b42bb6e9: Completed APPEND_ENTRIES, lastReply: null
2023-09-21 17:51:12,708 [ForkJoinPool.commonPool-worker-0] INFO  ozoneimpl.OzoneContainer (OzoneContainer.java:stop(451)) - Attempting to stop container services.
2023-09-21 17:51:12,708 [a7b87587-f54c-4106-951c-2cd85865b718@group-C0B5DB0F2F7A-StateMachineUpdater] INFO  ratis.ContainerStateMachine (ContainerStateMachine.java:takeSnapshot(330)) - group-C0B5DB0F2F7A: Taking a snapshot at:(t:1, i:48) file /home/runner/work/ozone/ozone/hadoop-ozone/integration-test/target/test-dir/MiniOzoneClusterImpl-ff0bea85-29d4-48e8-8c84-822e75daf04a/datanode-2/data/ratis/b3ab9323-66ae-4fb2-a3f5-c0b5db0f2f7a/sm/snapshot.1_48
2023-09-21 17:51:12,707 [a7b87587-f54c-4106-951c-2cd85865b718-impl-thread2] INFO  impl.StateMachineUpdater (StateMachineUpdater.java:stopAndJoin(155)) - a7b87587-f54c-4106-951c-2cd85865b718@group-C0B5DB0F2F7A-StateMachineUpdater: set stopIndex = 48
2023-09-21 17:51:12,707 [grpc-default-executor-12] INFO  server.GrpcLogAppender (GrpcLogAppender.java:onCompleted(428)) - a7b87587-f54c-4106-951c-2cd85865b718@group-C0B5DB0F2F7A->0e5ca0ac-2c0a-4501-ade5-9887f0236797-AppendLogResponseHandler: follower responses appendEntries COMPLETED
2023-09-21 17:51:12,714 [grpc-default-executor-12] WARN  server.GrpcLogAppender (GrpcLogAppender.java:resetClient(137)) - a7b87587-f54c-4106-951c-2cd85865b718@group-C0B5DB0F2F7A->0e5ca0ac-2c0a-4501-ade5-9887f0236797-GrpcLogAppender: Failed to getClient for 0e5ca0ac-2c0a-4501-ade5-9887f0236797
org.apache.ratis.protocol.exceptions.AlreadyClosedException: a7b87587-f54c-4106-951c-2cd85865b718 is already CLOSED
	at org.apache.ratis.util.PeerProxyMap$PeerAndProxy.getProxy(PeerProxyMap.java:61)
	at org.apache.ratis.util.PeerProxyMap.getProxy(PeerProxyMap.java:115)
	at org.apache.ratis.grpc.server.GrpcLogAppender.getClient(GrpcLogAppender.java:112)
	at org.apache.ratis.grpc.server.GrpcLogAppender.resetClient(GrpcLogAppender.java:117)
	at org.apache.ratis.grpc.server.GrpcLogAppender.access$500(GrpcLogAppender.java:56)
	at org.apache.ratis.grpc.server.GrpcLogAppender$AppendLogResponseHandler.onCompleted(GrpcLogAppender.java:429)
	at org.apache.ratis.thirdparty.io.grpc.stub.ClientCalls$StreamObserverToCallListenerAdapter.onClose(ClientCalls.java:485)
	at org.apache.ratis.thirdparty.io.grpc.internal.ClientCallImpl.closeObserver(ClientCallImpl.java:563)
	at org.apache.ratis.thirdparty.io.grpc.internal.ClientCallImpl.access$300(ClientCallImpl.java:70)
	at org.apache.ratis.thirdparty.io.grpc.internal.ClientCallImpl$ClientStreamListenerImpl$1StreamClosed.runInternal(ClientCallImpl.java:744)
	at org.apache.ratis.thirdparty.io.grpc.internal.ClientCallImpl$ClientStreamListenerImpl$1StreamClosed.runInContext(ClientCallImpl.java:723)
	at org.apache.ratis.thirdparty.io.grpc.internal.ContextRunnable.run(ContextRunnable.java:37)
	at org.apache.ratis.thirdparty.io.grpc.internal.SerializingExecutor.run(SerializingExecutor.java:133)
	at java.util.concurrent.ThreadPoolExecutor.runWorker(ThreadPoolExecutor.java:1149)
	at java.util.concurrent.ThreadPoolExecutor$Worker.run(ThreadPoolExecutor.java:624)
	at java.lang.Thread.run(Thread.java:750)
2023-09-21 17:51:12,706 [grpc-default-executor-10] INFO  server.GrpcLogAppender (GrpcLogAppender.java:onCompleted(428)) - 30fcaee4-35e5-4526-9ec2-86d2b42bb6e9@group-92EF5A1E58C4->a7b87587-f54c-4106-951c-2cd85865b718-AppendLogResponseHandler: follower responses appendEntries COMPLETED
2023-09-21 17:51:12,714 [grpc-default-executor-10] WARN  server.GrpcLogAppender (GrpcLogAppender.java:resetClient(137)) - 30fcaee4-35e5-4526-9ec2-86d2b42bb6e9@group-92EF5A1E58C4->a7b87587-f54c-4106-951c-2cd85865b718-GrpcLogAppender: Failed to getClient for a7b87587-f54c-4106-951c-2cd85865b718
org.apache.ratis.protocol.exceptions.AlreadyClosedException: 30fcaee4-35e5-4526-9ec2-86d2b42bb6e9 is already CLOSED
	at org.apache.ratis.util.PeerProxyMap$PeerAndProxy.getProxy(PeerProxyMap.java:61)
	at org.apache.ratis.util.PeerProxyMap.getProxy(PeerProxyMap.java:115)
	at org.apache.ratis.grpc.server.GrpcLogAppender.getClient(GrpcLogAppender.java:112)
	at org.apache.ratis.grpc.server.GrpcLogAppender.resetClient(GrpcLogAppender.java:117)
	at org.apache.ratis.grpc.server.GrpcLogAppender.access$500(GrpcLogAppender.java:56)
	at org.apache.ratis.grpc.server.GrpcLogAppender$AppendLogResponseHandler.onCompleted(GrpcLogAppender.java:429)
	at org.apache.ratis.thirdparty.io.grpc.stub.ClientCalls$StreamObserverToCallListenerAdapter.onClose(ClientCalls.java:485)
	at org.apache.ratis.thirdparty.io.grpc.internal.ClientCallImpl.closeObserver(ClientCallImpl.java:563)
	at org.apache.ratis.thirdparty.io.grpc.internal.ClientCallImpl.access$300(ClientCallImpl.java:70)
	at org.apache.ratis.thirdparty.io.grpc.internal.ClientCallImpl$ClientStreamListenerImpl$1StreamClosed.runInternal(ClientCallImpl.java:744)
	at org.apache.ratis.thirdparty.io.grpc.internal.ClientCallImpl$ClientStreamListenerImpl$1StreamClosed.runInContext(ClientCallImpl.java:723)
	at org.apache.ratis.thirdparty.io.grpc.internal.ContextRunnable.run(ContextRunnable.java:37)
	at org.apache.ratis.thirdparty.io.grpc.internal.SerializingExecutor.run(SerializingExecutor.java:133)
	at java.util.concurrent.ThreadPoolExecutor.runWorker(ThreadPoolExecutor.java:1149)
	at java.util.concurrent.ThreadPoolExecutor$Worker.run(ThreadPoolExecutor.java:624)
	at java.lang.Thread.run(Thread.java:750)
2023-09-21 17:51:12,714 [a7b87587-f54c-4106-951c-2cd85865b718@group-0EFE4F1C4BA6-StateMachineUpdater] INFO  ratis.ContainerStateMachine (ContainerStateMachine.java:takeSnapshot(341)) - group-0EFE4F1C4BA6: Finished taking a snapshot at:(t:1, i:0) file:/home/runner/work/ozone/ozone/hadoop-ozone/integration-test/target/test-dir/MiniOzoneClusterImpl-ff0bea85-29d4-48e8-8c84-822e75daf04a/datanode-2/data/ratis/b9becf6b-c7a4-4c89-b99a-0efe4f1c4ba6/sm/snapshot.1_0 took: 35 ms
2023-09-21 17:51:12,713 [30fcaee4-35e5-4526-9ec2-86d2b42bb6e9@group-F0C266240665-StateMachineUpdater] INFO  ratis.ContainerStateMachine (ContainerStateMachine.java:takeSnapshot(341)) - group-F0C266240665: Finished taking a snapshot at:(t:1, i:0) file:/home/runner/work/ozone/ozone/hadoop-ozone/integration-test/target/test-dir/MiniOzoneClusterImpl-ff0bea85-29d4-48e8-8c84-822e75daf04a/datanode-1/data/ratis/1ad0722c-d448-469b-bd3a-f0c266240665/sm/snapshot.1_0 took: 37 ms
2023-09-21 17:51:12,711 [grpc-default-executor-8] WARN  server.GrpcLogAppender (GrpcLogAppender.java:resetClient(137)) - 30fcaee4-35e5-4526-9ec2-86d2b42bb6e9@group-92EF5A1E58C4->0e5ca0ac-2c0a-4501-ade5-9887f0236797-GrpcLogAppender: Failed to getClient for 0e5ca0ac-2c0a-4501-ade5-9887f0236797
org.apache.ratis.protocol.exceptions.AlreadyClosedException: 30fcaee4-35e5-4526-9ec2-86d2b42bb6e9 is already CLOSED
	at org.apache.ratis.util.PeerProxyMap$PeerAndProxy.getProxy(PeerProxyMap.java:61)
	at org.apache.ratis.util.PeerProxyMap.getProxy(PeerProxyMap.java:115)
	at org.apache.ratis.grpc.server.GrpcLogAppender.getClient(GrpcLogAppender.java:112)
	at org.apache.ratis.grpc.server.GrpcLogAppender.resetClient(GrpcLogAppender.java:117)
	at org.apache.ratis.grpc.server.GrpcLogAppender.access$500(GrpcLogAppender.java:56)
	at org.apache.ratis.grpc.server.GrpcLogAppender$AppendLogResponseHandler.onCompleted(GrpcLogAppender.java:429)
	at org.apache.ratis.thirdparty.io.grpc.stub.ClientCalls$StreamObserverToCallListenerAdapter.onClose(ClientCalls.java:485)
	at org.apache.ratis.thirdparty.io.grpc.internal.DelayedClientCall$DelayedListener$3.run(DelayedClientCall.java:471)
	at org.apache.ratis.thirdparty.io.grpc.internal.DelayedClientCall$DelayedListener.delayOrExecute(DelayedClientCall.java:435)
	at org.apache.ratis.thirdparty.io.grpc.internal.DelayedClientCall$DelayedListener.onClose(DelayedClientCall.java:468)
	at org.apache.ratis.thirdparty.io.grpc.internal.ClientCallImpl.closeObserver(ClientCallImpl.java:563)
	at org.apache.ratis.thirdparty.io.grpc.internal.ClientCallImpl.access$300(ClientCallImpl.java:70)
	at org.apache.ratis.thirdparty.io.grpc.internal.ClientCallImpl$ClientStreamListenerImpl$1StreamClosed.runInternal(ClientCallImpl.java:744)
	at org.apache.ratis.thirdparty.io.grpc.internal.ClientCallImpl$ClientStreamListenerImpl$1StreamClosed.runInContext(ClientCallImpl.java:723)
	at org.apache.ratis.thirdparty.io.grpc.internal.ContextRunnable.run(ContextRunnable.java:37)
	at org.apache.ratis.thirdparty.io.grpc.internal.SerializingExecutor.run(SerializingExecutor.java:133)
	at java.util.concurrent.ThreadPoolExecutor.runWorker(ThreadPoolExecutor.java:1149)
	at java.util.concurrent.ThreadPoolExecutor$Worker.run(ThreadPoolExecutor.java:624)
	at java.lang.Thread.run(Thread.java:750)
2023-09-21 17:51:12,719 [a7b87587-f54c-4106-951c-2cd85865b718@group-0EFE4F1C4BA6-StateMachineUpdater] INFO  impl.StateMachineUpdater (StateMachineUpdater.java:takeSnapshot(291)) - a7b87587-f54c-4106-951c-2cd85865b718@group-0EFE4F1C4BA6-StateMachineUpdater: Took a snapshot at index 0
2023-09-21 17:51:12,719 [a7b87587-f54c-4106-951c-2cd85865b718@group-0EFE4F1C4BA6-StateMachineUpdater] INFO  impl.StateMachineUpdater (StateMachineUpdater.java:lambda$new$0(97)) - a7b87587-f54c-4106-951c-2cd85865b718@group-0EFE4F1C4BA6-StateMachineUpdater: snapshotIndex: updateIncreasingly -1 -> 0
2023-09-21 17:51:12,720 [30fcaee4-35e5-4526-9ec2-86d2b42bb6e9@group-F0C266240665-StateMachineUpdater] INFO  impl.StateMachineUpdater (StateMachineUpdater.java:takeSnapshot(291)) - 30fcaee4-35e5-4526-9ec2-86d2b42bb6e9@group-F0C266240665-StateMachineUpdater: Took a snapshot at index 0
2023-09-21 17:51:12,721 [30fcaee4-35e5-4526-9ec2-86d2b42bb6e9@group-F0C266240665-StateMachineUpdater] INFO  impl.StateMachineUpdater (StateMachineUpdater.java:lambda$new$0(97)) - 30fcaee4-35e5-4526-9ec2-86d2b42bb6e9@group-F0C266240665-StateMachineUpdater: snapshotIndex: updateIncreasingly -1 -> 0
2023-09-21 17:51:12,722 [a7b87587-f54c-4106-951c-2cd85865b718@group-92EF5A1E58C4-StateMachineUpdater] INFO  ratis.ContainerStateMachine (ContainerStateMachine.java:takeSnapshot(341)) - group-92EF5A1E58C4: Finished taking a snapshot at:(t:1, i:26) file:/home/runner/work/ozone/ozone/hadoop-ozone/integration-test/target/test-dir/MiniOzoneClusterImpl-ff0bea85-29d4-48e8-8c84-822e75daf04a/datanode-2/data/ratis/d9f83d70-d99c-42a8-8fa6-92ef5a1e58c4/sm/snapshot.1_26 took: 53 ms
2023-09-21 17:51:12,723 [30fcaee4-35e5-4526-9ec2-86d2b42bb6e9@group-C0B5DB0F2F7A-StateMachineUpdater] INFO  ratis.ContainerStateMachine (ContainerStateMachine.java:takeSnapshot(341)) - group-C0B5DB0F2F7A: Finished taking a snapshot at:(t:1, i:47) file:/home/runner/work/ozone/ozone/hadoop-ozone/integration-test/target/test-dir/MiniOzoneClusterImpl-ff0bea85-29d4-48e8-8c84-822e75daf04a/datanode-1/data/ratis/b3ab9323-66ae-4fb2-a3f5-c0b5db0f2f7a/sm/snapshot.1_47 took: 107 ms
2023-09-21 17:51:12,724 [a7b87587-f54c-4106-951c-2cd85865b718@group-92EF5A1E58C4-StateMachineUpdater] INFO  impl.StateMachineUpdater (StateMachineUpdater.java:takeSnapshot(291)) - a7b87587-f54c-4106-951c-2cd85865b718@group-92EF5A1E58C4-StateMachineUpdater: Took a snapshot at index 26
2023-09-21 17:51:12,722 [a7b87587-f54c-4106-951c-2cd85865b718@group-C0B5DB0F2F7A-StateMachineUpdater] INFO  ratis.ContainerStateMachine (ContainerStateMachine.java:takeSnapshot(341)) - group-C0B5DB0F2F7A: Finished taking a snapshot at:(t:1, i:48) file:/home/runner/work/ozone/ozone/hadoop-ozone/integration-test/target/test-dir/MiniOzoneClusterImpl-ff0bea85-29d4-48e8-8c84-822e75daf04a/datanode-2/data/ratis/b3ab9323-66ae-4fb2-a3f5-c0b5db0f2f7a/sm/snapshot.1_48 took: 15 ms
2023-09-21 17:51:12,725 [a7b87587-f54c-4106-951c-2cd85865b718@group-C0B5DB0F2F7A-StateMachineUpdater] INFO  impl.StateMachineUpdater (StateMachineUpdater.java:takeSnapshot(291)) - a7b87587-f54c-4106-951c-2cd85865b718@group-C0B5DB0F2F7A-StateMachineUpdater: Took a snapshot at index 48
2023-09-21 17:51:12,725 [a7b87587-f54c-4106-951c-2cd85865b718@group-C0B5DB0F2F7A-StateMachineUpdater] INFO  impl.StateMachineUpdater (StateMachineUpdater.java:lambda$new$0(97)) - a7b87587-f54c-4106-951c-2cd85865b718@group-C0B5DB0F2F7A-StateMachineUpdater: snapshotIndex: updateIncreasingly -1 -> 48
2023-09-21 17:51:12,725 [grpc-default-executor-8] INFO  server.GrpcLogAppender (GrpcLogAppender.java:onCompleted(428)) - a7b87587-f54c-4106-951c-2cd85865b718@group-C0B5DB0F2F7A->0e5ca0ac-2c0a-4501-ade5-9887f0236797-AppendLogResponseHandler: follower responses appendEntries COMPLETED
2023-09-21 17:51:12,725 [grpc-default-executor-8] WARN  server.GrpcLogAppender (GrpcLogAppender.java:resetClient(137)) - a7b87587-f54c-4106-951c-2cd85865b718@group-C0B5DB0F2F7A->0e5ca0ac-2c0a-4501-ade5-9887f0236797-GrpcLogAppender: Failed to getClient for 0e5ca0ac-2c0a-4501-ade5-9887f0236797
org.apache.ratis.protocol.exceptions.AlreadyClosedException: a7b87587-f54c-4106-951c-2cd85865b718 is already CLOSED
	at org.apache.ratis.util.PeerProxyMap$PeerAndProxy.getProxy(PeerProxyMap.java:61)
	at org.apache.ratis.util.PeerProxyMap.getProxy(PeerProxyMap.java:115)
	at org.apache.ratis.grpc.server.GrpcLogAppender.getClient(GrpcLogAppender.java:112)
	at org.apache.ratis.grpc.server.GrpcLogAppender.resetClient(GrpcLogAppender.java:117)
	at org.apache.ratis.grpc.server.GrpcLogAppender.access$500(GrpcLogAppender.java:56)
	at org.apache.ratis.grpc.server.GrpcLogAppender$AppendLogResponseHandler.onCompleted(GrpcLogAppender.java:429)
	at org.apache.ratis.thirdparty.io.grpc.stub.ClientCalls$StreamObserverToCallListenerAdapter.onClose(ClientCalls.java:485)
	at org.apache.ratis.thirdparty.io.grpc.internal.ClientCallImpl.closeObserver(ClientCallImpl.java:563)
	at org.apache.ratis.thirdparty.io.grpc.internal.ClientCallImpl.access$300(ClientCallImpl.java:70)
	at org.apache.ratis.thirdparty.io.grpc.internal.ClientCallImpl$ClientStreamListenerImpl$1StreamClosed.runInternal(ClientCallImpl.java:744)
	at org.apache.ratis.thirdparty.io.grpc.internal.ClientCallImpl$ClientStreamListenerImpl$1StreamClosed.runInContext(ClientCallImpl.java:723)
	at org.apache.ratis.thirdparty.io.grpc.internal.ContextRunnable.run(ContextRunnable.java:37)
	at org.apache.ratis.thirdparty.io.grpc.internal.SerializingExecutor.run(SerializingExecutor.java:133)
	at java.util.concurrent.ThreadPoolExecutor.runWorker(ThreadPoolExecutor.java:1149)
	at java.util.concurrent.ThreadPoolExecutor$Worker.run(ThreadPoolExecutor.java:624)
	at java.lang.Thread.run(Thread.java:750)
2023-09-21 17:51:12,725 [main] INFO  server.GrpcService (GrpcService.java:closeImpl(320)) - a7b87587-f54c-4106-951c-2cd85865b718: shutdown server org.apache.ratis.grpc.server.GrpcClientProtocolService successfully
2023-09-21 17:51:12,726 [main] INFO  server.GrpcService (GrpcService.java:closeImpl(311)) - a7b87587-f54c-4106-951c-2cd85865b718: shutdown server GrpcServerProtocolService now
2023-09-21 17:51:12,722 [30fcaee4-35e5-4526-9ec2-86d2b42bb6e9@group-92EF5A1E58C4-StateMachineUpdater] INFO  ratis.ContainerStateMachine (ContainerStateMachine.java:takeSnapshot(341)) - group-92EF5A1E58C4: Finished taking a snapshot at:(t:1, i:26) file:/home/runner/work/ozone/ozone/hadoop-ozone/integration-test/target/test-dir/MiniOzoneClusterImpl-ff0bea85-29d4-48e8-8c84-822e75daf04a/datanode-1/data/ratis/d9f83d70-d99c-42a8-8fa6-92ef5a1e58c4/sm/snapshot.1_26 took: 12 ms
2023-09-21 17:51:12,725 [grpc-default-executor-10] INFO  server.GrpcLogAppender (GrpcLogAppender.java:onError(417)) - a7b87587-f54c-4106-951c-2cd85865b718@group-C0B5DB0F2F7A->30fcaee4-35e5-4526-9ec2-86d2b42bb6e9-GrpcLogAppender is already stopped
2023-09-21 17:51:12,726 [30fcaee4-35e5-4526-9ec2-86d2b42bb6e9@group-92EF5A1E58C4-StateMachineUpdater] INFO  impl.StateMachineUpdater (StateMachineUpdater.java:takeSnapshot(291)) - 30fcaee4-35e5-4526-9ec2-86d2b42bb6e9@group-92EF5A1E58C4-StateMachineUpdater: Took a snapshot at index 26
2023-09-21 17:51:12,726 [30fcaee4-35e5-4526-9ec2-86d2b42bb6e9@group-92EF5A1E58C4-StateMachineUpdater] INFO  impl.StateMachineUpdater (StateMachineUpdater.java:lambda$new$0(97)) - 30fcaee4-35e5-4526-9ec2-86d2b42bb6e9@group-92EF5A1E58C4-StateMachineUpdater: snapshotIndex: updateIncreasingly -1 -> 26
2023-09-21 17:51:12,724 [a7b87587-f54c-4106-951c-2cd85865b718@group-92EF5A1E58C4-StateMachineUpdater] INFO  impl.StateMachineUpdater (StateMachineUpdater.java:lambda$new$0(97)) - a7b87587-f54c-4106-951c-2cd85865b718@group-92EF5A1E58C4-StateMachineUpdater: snapshotIndex: updateIncreasingly -1 -> 26
2023-09-21 17:51:12,726 [30fcaee4-35e5-4526-9ec2-86d2b42bb6e9@group-C0B5DB0F2F7A-StateMachineUpdater] INFO  impl.StateMachineUpdater (StateMachineUpdater.java:takeSnapshot(291)) - 30fcaee4-35e5-4526-9ec2-86d2b42bb6e9@group-C0B5DB0F2F7A-StateMachineUpdater: Took a snapshot at index 47
2023-09-21 17:51:12,727 [30fcaee4-35e5-4526-9ec2-86d2b42bb6e9@group-C0B5DB0F2F7A-StateMachineUpdater] INFO  impl.StateMachineUpdater (StateMachineUpdater.java:lambda$new$0(97)) - 30fcaee4-35e5-4526-9ec2-86d2b42bb6e9@group-C0B5DB0F2F7A-StateMachineUpdater: snapshotIndex: updateIncreasingly -1 -> 47
2023-09-21 17:51:12,742 [ForkJoinPool.commonPool-worker-0] INFO  server.RaftServer (RaftServerProxy.java:lambda$close$6(416)) - 0af77c8d-ae0f-44c2-a6ab-89a178552062: close
2023-09-21 17:51:12,742 [ForkJoinPool.commonPool-worker-1] INFO  server.GrpcService (GrpcService.java:closeImpl(320)) - 30fcaee4-35e5-4526-9ec2-86d2b42bb6e9: shutdown server GrpcServerProtocolService successfully
2023-09-21 17:51:12,743 [ForkJoinPool.commonPool-worker-1] INFO  server.GrpcService (GrpcService.java:closeImpl(311)) - 30fcaee4-35e5-4526-9ec2-86d2b42bb6e9: shutdown server org.apache.ratis.grpc.server.GrpcAdminProtocolService now
2023-09-21 17:51:12,746 [30fcaee4-35e5-4526-9ec2-86d2b42bb6e9-impl-thread3] INFO  server.RaftServer$Division (ServerState.java:close(472)) - 30fcaee4-35e5-4526-9ec2-86d2b42bb6e9@group-F0C266240665: closes. applyIndex: 0
2023-09-21 17:51:12,746 [a7b87587-f54c-4106-951c-2cd85865b718-impl-thread3] INFO  server.RaftServer$Division (ServerState.java:close(472)) - a7b87587-f54c-4106-951c-2cd85865b718@group-0EFE4F1C4BA6: closes. applyIndex: 0
2023-09-21 17:51:12,749 [ForkJoinPool.commonPool-worker-0] INFO  server.GrpcService (GrpcService.java:closeImpl(311)) - 0af77c8d-ae0f-44c2-a6ab-89a178552062: shutdown server org.apache.ratis.grpc.server.GrpcClientProtocolService now
2023-09-21 17:51:12,751 [0af77c8d-ae0f-44c2-a6ab-89a178552062-impl-thread2] INFO  server.RaftServer$Division (RaftServerImpl.java:lambda$close$4(466)) - 0af77c8d-ae0f-44c2-a6ab-89a178552062@group-508367A3A0FD: shutdown
2023-09-21 17:51:12,751 [0af77c8d-ae0f-44c2-a6ab-89a178552062-impl-thread2] INFO  util.JmxRegister (JmxRegister.java:unregister(73)) - Successfully un-registered JMX Bean with object name Ratis:service=RaftServer,group=group-508367A3A0FD,id=0af77c8d-ae0f-44c2-a6ab-89a178552062
2023-09-21 17:51:12,751 [0af77c8d-ae0f-44c2-a6ab-89a178552062-impl-thread2] INFO  impl.RoleInfo (RoleInfo.java:shutdownLeaderState(93)) - 0af77c8d-ae0f-44c2-a6ab-89a178552062: shutdown 0af77c8d-ae0f-44c2-a6ab-89a178552062@group-508367A3A0FD-LeaderStateImpl
2023-09-21 17:51:12,751 [0af77c8d-ae0f-44c2-a6ab-89a178552062-impl-thread2] INFO  impl.PendingRequests (PendingRequests.java:sendNotLeaderResponses(289)) - 0af77c8d-ae0f-44c2-a6ab-89a178552062@group-508367A3A0FD-PendingRequests: sendNotLeaderResponses
2023-09-21 17:51:12,752 [a7b87587-f54c-4106-951c-2cd85865b718-impl-thread2] INFO  server.RaftServer$Division (ServerState.java:close(472)) - a7b87587-f54c-4106-951c-2cd85865b718@group-C0B5DB0F2F7A: closes. applyIndex: 48
2023-09-21 17:51:12,752 [30fcaee4-35e5-4526-9ec2-86d2b42bb6e9-impl-thread2] INFO  server.RaftServer$Division (ServerState.java:close(472)) - 30fcaee4-35e5-4526-9ec2-86d2b42bb6e9@group-C0B5DB0F2F7A: closes. applyIndex: 47
2023-09-21 17:51:12,756 [main] INFO  server.GrpcService (GrpcService.java:closeImpl(320)) - a7b87587-f54c-4106-951c-2cd85865b718: shutdown server GrpcServerProtocolService successfully
2023-09-21 17:51:12,757 [main] INFO  server.GrpcService (GrpcService.java:closeImpl(311)) - a7b87587-f54c-4106-951c-2cd85865b718: shutdown server org.apache.ratis.grpc.server.GrpcAdminProtocolService now
2023-09-21 17:51:12,764 [0af77c8d-ae0f-44c2-a6ab-89a178552062-impl-thread2] INFO  impl.StateMachineUpdater (StateMachineUpdater.java:stopAndJoin(155)) - 0af77c8d-ae0f-44c2-a6ab-89a178552062@group-508367A3A0FD-StateMachineUpdater: set stopIndex = 0
2023-09-21 17:51:12,765 [0af77c8d-ae0f-44c2-a6ab-89a178552062@group-508367A3A0FD-StateMachineUpdater] INFO  ratis.ContainerStateMachine (ContainerStateMachine.java:takeSnapshot(330)) - group-508367A3A0FD: Taking a snapshot at:(t:1, i:0) file /home/runner/work/ozone/ozone/hadoop-ozone/integration-test/target/test-dir/MiniOzoneClusterImpl-ff0bea85-29d4-48e8-8c84-822e75daf04a/datanode-4/data/ratis/8c457331-8dfa-4194-8dd2-508367a3a0fd/sm/snapshot.1_0
2023-09-21 17:51:12,765 [ForkJoinPool.commonPool-worker-0] INFO  server.GrpcService (GrpcService.java:closeImpl(320)) - 0af77c8d-ae0f-44c2-a6ab-89a178552062: shutdown server org.apache.ratis.grpc.server.GrpcClientProtocolService successfully
2023-09-21 17:51:12,765 [ForkJoinPool.commonPool-worker-0] INFO  server.GrpcService (GrpcService.java:closeImpl(311)) - 0af77c8d-ae0f-44c2-a6ab-89a178552062: shutdown server GrpcServerProtocolService now
2023-09-21 17:51:12,766 [0af77c8d-ae0f-44c2-a6ab-89a178552062@group-508367A3A0FD-StateMachineUpdater] INFO  ratis.ContainerStateMachine (ContainerStateMachine.java:takeSnapshot(341)) - group-508367A3A0FD: Finished taking a snapshot at:(t:1, i:0) file:/home/runner/work/ozone/ozone/hadoop-ozone/integration-test/target/test-dir/MiniOzoneClusterImpl-ff0bea85-29d4-48e8-8c84-822e75daf04a/datanode-4/data/ratis/8c457331-8dfa-4194-8dd2-508367a3a0fd/sm/snapshot.1_0 took: 1 ms
2023-09-21 17:51:12,766 [0af77c8d-ae0f-44c2-a6ab-89a178552062@group-508367A3A0FD-StateMachineUpdater] INFO  impl.StateMachineUpdater (StateMachineUpdater.java:takeSnapshot(291)) - 0af77c8d-ae0f-44c2-a6ab-89a178552062@group-508367A3A0FD-StateMachineUpdater: Took a snapshot at index 0
2023-09-21 17:51:12,766 [0af77c8d-ae0f-44c2-a6ab-89a178552062@group-508367A3A0FD-StateMachineUpdater] INFO  impl.StateMachineUpdater (StateMachineUpdater.java:lambda$new$0(97)) - 0af77c8d-ae0f-44c2-a6ab-89a178552062@group-508367A3A0FD-StateMachineUpdater: snapshotIndex: updateIncreasingly -1 -> 0
2023-09-21 17:51:12,767 [0af77c8d-ae0f-44c2-a6ab-89a178552062-impl-thread2] INFO  server.RaftServer$Division (ServerState.java:close(472)) - 0af77c8d-ae0f-44c2-a6ab-89a178552062@group-508367A3A0FD: closes. applyIndex: 0
2023-09-21 17:51:12,767 [30fcaee4-35e5-4526-9ec2-86d2b42bb6e9-impl-thread4] INFO  server.RaftServer$Division (ServerState.java:close(472)) - 30fcaee4-35e5-4526-9ec2-86d2b42bb6e9@group-92EF5A1E58C4: closes. applyIndex: 26
2023-09-21 17:51:12,768 [a7b87587-f54c-4106-951c-2cd85865b718-impl-thread4] INFO  server.RaftServer$Division (ServerState.java:close(472)) - a7b87587-f54c-4106-951c-2cd85865b718@group-92EF5A1E58C4: closes. applyIndex: 26
2023-09-21 17:51:12,770 [ForkJoinPool.commonPool-worker-1] INFO  server.GrpcService (GrpcService.java:closeImpl(320)) - 30fcaee4-35e5-4526-9ec2-86d2b42bb6e9: shutdown server org.apache.ratis.grpc.server.GrpcAdminProtocolService successfully
2023-09-21 17:51:12,770 [main] INFO  server.GrpcService (GrpcService.java:closeImpl(320)) - a7b87587-f54c-4106-951c-2cd85865b718: shutdown server org.apache.ratis.grpc.server.GrpcAdminProtocolService successfully
2023-09-21 17:51:12,771 [30fcaee4-35e5-4526-9ec2-86d2b42bb6e9-NettyServerStreamRpc-bossGroup--thread1] INFO  logging.LoggingHandler (AbstractInternalLogger.java:log(148)) - [id: 0x616d1308, L:/0:0:0:0:0:0:0:0:15024] CLOSE
2023-09-21 17:51:12,771 [30fcaee4-35e5-4526-9ec2-86d2b42bb6e9-NettyServerStreamRpc-bossGroup--thread1] INFO  logging.LoggingHandler (AbstractInternalLogger.java:log(148)) - [id: 0x616d1308, L:/0:0:0:0:0:0:0:0:15024] INACTIVE
2023-09-21 17:51:12,771 [30fcaee4-35e5-4526-9ec2-86d2b42bb6e9-NettyServerStreamRpc-bossGroup--thread1] INFO  logging.LoggingHandler (AbstractInternalLogger.java:log(148)) - [id: 0x616d1308, L:/0:0:0:0:0:0:0:0:15024] UNREGISTERED
2023-09-21 17:51:12,777 [a7b87587-f54c-4106-951c-2cd85865b718-NettyServerStreamRpc-bossGroup--thread1] INFO  logging.LoggingHandler (AbstractInternalLogger.java:log(148)) - [id: 0x1434a432, L:/0:0:0:0:0:0:0:0:15033] CLOSE
2023-09-21 17:51:12,777 [a7b87587-f54c-4106-951c-2cd85865b718-NettyServerStreamRpc-bossGroup--thread1] INFO  logging.LoggingHandler (AbstractInternalLogger.java:log(148)) - [id: 0x1434a432, L:/0:0:0:0:0:0:0:0:15033] INACTIVE
2023-09-21 17:51:12,777 [a7b87587-f54c-4106-951c-2cd85865b718-NettyServerStreamRpc-bossGroup--thread1] INFO  logging.LoggingHandler (AbstractInternalLogger.java:log(148)) - [id: 0x1434a432, L:/0:0:0:0:0:0:0:0:15033] UNREGISTERED
2023-09-21 17:51:12,778 [ForkJoinPool.commonPool-worker-0] INFO  server.GrpcService (GrpcService.java:closeImpl(320)) - 0af77c8d-ae0f-44c2-a6ab-89a178552062: shutdown server GrpcServerProtocolService successfully
2023-09-21 17:51:12,778 [ForkJoinPool.commonPool-worker-0] INFO  server.GrpcService (GrpcService.java:closeImpl(311)) - 0af77c8d-ae0f-44c2-a6ab-89a178552062: shutdown server org.apache.ratis.grpc.server.GrpcAdminProtocolService now
2023-09-21 17:51:12,792 [ForkJoinPool.commonPool-worker-0] INFO  server.GrpcService (GrpcService.java:closeImpl(320)) - 0af77c8d-ae0f-44c2-a6ab-89a178552062: shutdown server org.apache.ratis.grpc.server.GrpcAdminProtocolService successfully
2023-09-21 17:51:12,793 [0af77c8d-ae0f-44c2-a6ab-89a178552062-NettyServerStreamRpc-bossGroup--thread1] INFO  logging.LoggingHandler (AbstractInternalLogger.java:log(148)) - [id: 0x6b79e664, L:/0:0:0:0:0:0:0:0:15051] CLOSE
2023-09-21 17:51:12,793 [0af77c8d-ae0f-44c2-a6ab-89a178552062-NettyServerStreamRpc-bossGroup--thread1] INFO  logging.LoggingHandler (AbstractInternalLogger.java:log(148)) - [id: 0x6b79e664, L:/0:0:0:0:0:0:0:0:15051] INACTIVE
2023-09-21 17:51:12,793 [0af77c8d-ae0f-44c2-a6ab-89a178552062-NettyServerStreamRpc-bossGroup--thread1] INFO  logging.LoggingHandler (AbstractInternalLogger.java:log(148)) - [id: 0x6b79e664, L:/0:0:0:0:0:0:0:0:15051] UNREGISTERED
2023-09-21 17:51:12,796 [ForkJoinPool.commonPool-worker-2] INFO  ozoneimpl.OzoneContainer (OzoneContainer.java:stop(451)) - Attempting to stop container services.
2023-09-21 17:51:12,796 [ForkJoinPool.commonPool-worker-2] INFO  server.RaftServer (RaftServerProxy.java:lambda$close$6(416)) - f0cbc5a3-adab-43bd-bf32-77ed31e5ad54: close
2023-09-21 17:51:12,797 [ForkJoinPool.commonPool-worker-2] INFO  server.GrpcService (GrpcService.java:closeImpl(311)) - f0cbc5a3-adab-43bd-bf32-77ed31e5ad54: shutdown server org.apache.ratis.grpc.server.GrpcClientProtocolService now
2023-09-21 17:51:12,799 [f0cbc5a3-adab-43bd-bf32-77ed31e5ad54-impl-thread2] INFO  server.RaftServer$Division (RaftServerImpl.java:lambda$close$4(466)) - f0cbc5a3-adab-43bd-bf32-77ed31e5ad54@group-14A565BC799A: shutdown
2023-09-21 17:51:12,799 [f0cbc5a3-adab-43bd-bf32-77ed31e5ad54-impl-thread2] INFO  util.JmxRegister (JmxRegister.java:unregister(73)) - Successfully un-registered JMX Bean with object name Ratis:service=RaftServer,group=group-14A565BC799A,id=f0cbc5a3-adab-43bd-bf32-77ed31e5ad54
2023-09-21 17:51:12,799 [f0cbc5a3-adab-43bd-bf32-77ed31e5ad54-impl-thread2] INFO  impl.RoleInfo (RoleInfo.java:shutdownLeaderState(93)) - f0cbc5a3-adab-43bd-bf32-77ed31e5ad54: shutdown f0cbc5a3-adab-43bd-bf32-77ed31e5ad54@group-14A565BC799A-LeaderStateImpl
2023-09-21 17:51:12,801 [f0cbc5a3-adab-43bd-bf32-77ed31e5ad54-impl-thread2] INFO  impl.PendingRequests (PendingRequests.java:sendNotLeaderResponses(289)) - f0cbc5a3-adab-43bd-bf32-77ed31e5ad54@group-14A565BC799A-PendingRequests: sendNotLeaderResponses
2023-09-21 17:51:12,801 [f0cbc5a3-adab-43bd-bf32-77ed31e5ad54@group-14A565BC799A-StateMachineUpdater] INFO  ratis.ContainerStateMachine (ContainerStateMachine.java:takeSnapshot(330)) - group-14A565BC799A: Taking a snapshot at:(t:1, i:0) file /home/runner/work/ozone/ozone/hadoop-ozone/integration-test/target/test-dir/MiniOzoneClusterImpl-ff0bea85-29d4-48e8-8c84-822e75daf04a/datanode-3/data/ratis/74a9f029-060b-44bd-84f7-14a565bc799a/sm/snapshot.1_0
2023-09-21 17:51:12,802 [f0cbc5a3-adab-43bd-bf32-77ed31e5ad54-impl-thread2] INFO  impl.StateMachineUpdater (StateMachineUpdater.java:stopAndJoin(155)) - f0cbc5a3-adab-43bd-bf32-77ed31e5ad54@group-14A565BC799A-StateMachineUpdater: set stopIndex = 0
2023-09-21 17:51:12,802 [ForkJoinPool.commonPool-worker-2] INFO  server.GrpcService (GrpcService.java:closeImpl(320)) - f0cbc5a3-adab-43bd-bf32-77ed31e5ad54: shutdown server org.apache.ratis.grpc.server.GrpcClientProtocolService successfully
2023-09-21 17:51:12,802 [ForkJoinPool.commonPool-worker-2] INFO  server.GrpcService (GrpcService.java:closeImpl(311)) - f0cbc5a3-adab-43bd-bf32-77ed31e5ad54: shutdown server GrpcServerProtocolService now
2023-09-21 17:51:12,803 [f0cbc5a3-adab-43bd-bf32-77ed31e5ad54@group-14A565BC799A-StateMachineUpdater] INFO  ratis.ContainerStateMachine (ContainerStateMachine.java:takeSnapshot(341)) - group-14A565BC799A: Finished taking a snapshot at:(t:1, i:0) file:/home/runner/work/ozone/ozone/hadoop-ozone/integration-test/target/test-dir/MiniOzoneClusterImpl-ff0bea85-29d4-48e8-8c84-822e75daf04a/datanode-3/data/ratis/74a9f029-060b-44bd-84f7-14a565bc799a/sm/snapshot.1_0 took: 1 ms
2023-09-21 17:51:12,803 [f0cbc5a3-adab-43bd-bf32-77ed31e5ad54@group-14A565BC799A-StateMachineUpdater] INFO  impl.StateMachineUpdater (StateMachineUpdater.java:takeSnapshot(291)) - f0cbc5a3-adab-43bd-bf32-77ed31e5ad54@group-14A565BC799A-StateMachineUpdater: Took a snapshot at index 0
2023-09-21 17:51:12,803 [f0cbc5a3-adab-43bd-bf32-77ed31e5ad54@group-14A565BC799A-StateMachineUpdater] INFO  impl.StateMachineUpdater (StateMachineUpdater.java:lambda$new$0(97)) - f0cbc5a3-adab-43bd-bf32-77ed31e5ad54@group-14A565BC799A-StateMachineUpdater: snapshotIndex: updateIncreasingly -1 -> 0
2023-09-21 17:51:12,805 [f0cbc5a3-adab-43bd-bf32-77ed31e5ad54-impl-thread2] INFO  server.RaftServer$Division (ServerState.java:close(472)) - f0cbc5a3-adab-43bd-bf32-77ed31e5ad54@group-14A565BC799A: closes. applyIndex: 0
2023-09-21 17:51:12,817 [ForkJoinPool.commonPool-worker-2] INFO  server.GrpcService (GrpcService.java:closeImpl(320)) - f0cbc5a3-adab-43bd-bf32-77ed31e5ad54: shutdown server GrpcServerProtocolService successfully
2023-09-21 17:51:12,817 [ForkJoinPool.commonPool-worker-3] INFO  ozoneimpl.OzoneContainer (OzoneContainer.java:stop(451)) - Attempting to stop container services.
2023-09-21 17:51:12,817 [ForkJoinPool.commonPool-worker-2] INFO  server.GrpcService (GrpcService.java:closeImpl(311)) - f0cbc5a3-adab-43bd-bf32-77ed31e5ad54: shutdown server org.apache.ratis.grpc.server.GrpcAdminProtocolService now
2023-09-21 17:51:12,824 [ForkJoinPool.commonPool-worker-2] INFO  server.GrpcService (GrpcService.java:closeImpl(320)) - f0cbc5a3-adab-43bd-bf32-77ed31e5ad54: shutdown server org.apache.ratis.grpc.server.GrpcAdminProtocolService successfully
2023-09-21 17:51:12,824 [f0cbc5a3-adab-43bd-bf32-77ed31e5ad54-NettyServerStreamRpc-bossGroup--thread1] INFO  logging.LoggingHandler (AbstractInternalLogger.java:log(148)) - [id: 0x190282d7, L:/0:0:0:0:0:0:0:0:15042] CLOSE
2023-09-21 17:51:12,825 [f0cbc5a3-adab-43bd-bf32-77ed31e5ad54-NettyServerStreamRpc-bossGroup--thread1] INFO  logging.LoggingHandler (AbstractInternalLogger.java:log(148)) - [id: 0x190282d7, L:/0:0:0:0:0:0:0:0:15042] INACTIVE
2023-09-21 17:51:12,825 [f0cbc5a3-adab-43bd-bf32-77ed31e5ad54-NettyServerStreamRpc-bossGroup--thread1] INFO  logging.LoggingHandler (AbstractInternalLogger.java:log(148)) - [id: 0x190282d7, L:/0:0:0:0:0:0:0:0:15042] UNREGISTERED
2023-09-21 17:51:12,825 [ForkJoinPool.commonPool-worker-3] INFO  server.RaftServer (RaftServerProxy.java:lambda$close$6(416)) - 0e5ca0ac-2c0a-4501-ade5-9887f0236797: close
2023-09-21 17:51:12,830 [0e5ca0ac-2c0a-4501-ade5-9887f0236797-impl-thread2] INFO  server.RaftServer$Division (RaftServerImpl.java:lambda$close$4(466)) - 0e5ca0ac-2c0a-4501-ade5-9887f0236797@group-C0B5DB0F2F7A: shutdown
2023-09-21 17:51:12,830 [0e5ca0ac-2c0a-4501-ade5-9887f0236797-impl-thread2] INFO  util.JmxRegister (JmxRegister.java:unregister(73)) - Successfully un-registered JMX Bean with object name Ratis:service=RaftServer,group=group-C0B5DB0F2F7A,id=0e5ca0ac-2c0a-4501-ade5-9887f0236797
2023-09-21 17:51:12,830 [0e5ca0ac-2c0a-4501-ade5-9887f0236797-impl-thread2] INFO  impl.RoleInfo (RoleInfo.java:shutdownFollowerState(110)) - 0e5ca0ac-2c0a-4501-ade5-9887f0236797: shutdown 0e5ca0ac-2c0a-4501-ade5-9887f0236797@group-C0B5DB0F2F7A-FollowerState
2023-09-21 17:51:12,834 [0e5ca0ac-2c0a-4501-ade5-9887f0236797-impl-thread3] INFO  server.RaftServer$Division (RaftServerImpl.java:lambda$close$4(466)) - 0e5ca0ac-2c0a-4501-ade5-9887f0236797@group-9C51634007C7: shutdown
2023-09-21 17:51:12,834 [0e5ca0ac-2c0a-4501-ade5-9887f0236797-impl-thread3] INFO  util.JmxRegister (JmxRegister.java:unregister(73)) - Successfully un-registered JMX Bean with object name Ratis:service=RaftServer,group=group-9C51634007C7,id=0e5ca0ac-2c0a-4501-ade5-9887f0236797
2023-09-21 17:51:12,834 [0e5ca0ac-2c0a-4501-ade5-9887f0236797-impl-thread3] INFO  impl.RoleInfo (RoleInfo.java:shutdownLeaderState(93)) - 0e5ca0ac-2c0a-4501-ade5-9887f0236797: shutdown 0e5ca0ac-2c0a-4501-ade5-9887f0236797@group-9C51634007C7-LeaderStateImpl
2023-09-21 17:51:12,834 [0e5ca0ac-2c0a-4501-ade5-9887f0236797-impl-thread3] INFO  impl.PendingRequests (PendingRequests.java:sendNotLeaderResponses(289)) - 0e5ca0ac-2c0a-4501-ade5-9887f0236797@group-9C51634007C7-PendingRequests: sendNotLeaderResponses
2023-09-21 17:51:12,836 [0e5ca0ac-2c0a-4501-ade5-9887f0236797-impl-thread3] INFO  impl.StateMachineUpdater (StateMachineUpdater.java:stopAndJoin(155)) - 0e5ca0ac-2c0a-4501-ade5-9887f0236797@group-9C51634007C7-StateMachineUpdater: set stopIndex = 0
2023-09-21 17:51:12,837 [0e5ca0ac-2c0a-4501-ade5-9887f0236797@group-9C51634007C7-StateMachineUpdater] INFO  ratis.ContainerStateMachine (ContainerStateMachine.java:takeSnapshot(330)) - group-9C51634007C7: Taking a snapshot at:(t:1, i:0) file /home/runner/work/ozone/ozone/hadoop-ozone/integration-test/target/test-dir/MiniOzoneClusterImpl-ff0bea85-29d4-48e8-8c84-822e75daf04a/datanode-0/data/ratis/68ab24b3-b4e7-4ba6-849a-9c51634007c7/sm/snapshot.1_0
2023-09-21 17:51:12,838 [0e5ca0ac-2c0a-4501-ade5-9887f0236797@group-9C51634007C7-StateMachineUpdater] INFO  ratis.ContainerStateMachine (ContainerStateMachine.java:takeSnapshot(341)) - group-9C51634007C7: Finished taking a snapshot at:(t:1, i:0) file:/home/runner/work/ozone/ozone/hadoop-ozone/integration-test/target/test-dir/MiniOzoneClusterImpl-ff0bea85-29d4-48e8-8c84-822e75daf04a/datanode-0/data/ratis/68ab24b3-b4e7-4ba6-849a-9c51634007c7/sm/snapshot.1_0 took: 1 ms
2023-09-21 17:51:12,838 [0e5ca0ac-2c0a-4501-ade5-9887f0236797@group-9C51634007C7-StateMachineUpdater] INFO  impl.StateMachineUpdater (StateMachineUpdater.java:takeSnapshot(291)) - 0e5ca0ac-2c0a-4501-ade5-9887f0236797@group-9C51634007C7-StateMachineUpdater: Took a snapshot at index 0
2023-09-21 17:51:12,839 [0e5ca0ac-2c0a-4501-ade5-9887f0236797@group-9C51634007C7-StateMachineUpdater] INFO  impl.StateMachineUpdater (StateMachineUpdater.java:lambda$new$0(97)) - 0e5ca0ac-2c0a-4501-ade5-9887f0236797@group-9C51634007C7-StateMachineUpdater: snapshotIndex: updateIncreasingly -1 -> 0
2023-09-21 17:51:12,839 [ForkJoinPool.commonPool-worker-3] INFO  server.GrpcService (GrpcService.java:closeImpl(311)) - 0e5ca0ac-2c0a-4501-ade5-9887f0236797: shutdown server org.apache.ratis.grpc.server.GrpcClientProtocolService now
2023-09-21 17:51:12,839 [0e5ca0ac-2c0a-4501-ade5-9887f0236797-impl-thread3] INFO  server.RaftServer$Division (ServerState.java:close(472)) - 0e5ca0ac-2c0a-4501-ade5-9887f0236797@group-9C51634007C7: closes. applyIndex: 0
2023-09-21 17:51:12,845 [0e5ca0ac-2c0a-4501-ade5-9887f0236797-impl-thread4] INFO  server.RaftServer$Division (RaftServerImpl.java:lambda$close$4(466)) - 0e5ca0ac-2c0a-4501-ade5-9887f0236797@group-92EF5A1E58C4: shutdown
2023-09-21 17:51:12,845 [0e5ca0ac-2c0a-4501-ade5-9887f0236797-impl-thread4] INFO  util.JmxRegister (JmxRegister.java:unregister(73)) - Successfully un-registered JMX Bean with object name Ratis:service=RaftServer,group=group-92EF5A1E58C4,id=0e5ca0ac-2c0a-4501-ade5-9887f0236797
2023-09-21 17:51:12,845 [0e5ca0ac-2c0a-4501-ade5-9887f0236797-impl-thread4] INFO  impl.RoleInfo (RoleInfo.java:shutdownFollowerState(110)) - 0e5ca0ac-2c0a-4501-ade5-9887f0236797: shutdown 0e5ca0ac-2c0a-4501-ade5-9887f0236797@group-92EF5A1E58C4-FollowerState
2023-09-21 17:51:12,864 [0e5ca0ac-2c0a-4501-ade5-9887f0236797-impl-thread4] INFO  impl.StateMachineUpdater (StateMachineUpdater.java:stopAndJoin(155)) - 0e5ca0ac-2c0a-4501-ade5-9887f0236797@group-92EF5A1E58C4-StateMachineUpdater: set stopIndex = 26
2023-09-21 17:51:12,864 [0e5ca0ac-2c0a-4501-ade5-9887f0236797@group-92EF5A1E58C4-FollowerState] INFO  impl.FollowerState (FollowerState.java:run(152)) - 0e5ca0ac-2c0a-4501-ade5-9887f0236797@group-92EF5A1E58C4-FollowerState was interrupted
2023-09-21 17:51:12,865 [0e5ca0ac-2c0a-4501-ade5-9887f0236797@group-92EF5A1E58C4-StateMachineUpdater] INFO  ratis.ContainerStateMachine (ContainerStateMachine.java:takeSnapshot(330)) - group-92EF5A1E58C4: Taking a snapshot at:(t:1, i:26) file /home/runner/work/ozone/ozone/hadoop-ozone/integration-test/target/test-dir/MiniOzoneClusterImpl-ff0bea85-29d4-48e8-8c84-822e75daf04a/datanode-0/data/ratis/d9f83d70-d99c-42a8-8fa6-92ef5a1e58c4/sm/snapshot.1_26
2023-09-21 17:51:12,865 [0e5ca0ac-2c0a-4501-ade5-9887f0236797@group-C0B5DB0F2F7A-FollowerState] INFO  impl.FollowerState (FollowerState.java:run(152)) - 0e5ca0ac-2c0a-4501-ade5-9887f0236797@group-C0B5DB0F2F7A-FollowerState was interrupted
2023-09-21 17:51:12,865 [0e5ca0ac-2c0a-4501-ade5-9887f0236797-impl-thread2] INFO  impl.StateMachineUpdater (StateMachineUpdater.java:stopAndJoin(155)) - 0e5ca0ac-2c0a-4501-ade5-9887f0236797@group-C0B5DB0F2F7A-StateMachineUpdater: set stopIndex = 47
2023-09-21 17:51:12,865 [0e5ca0ac-2c0a-4501-ade5-9887f0236797@group-C0B5DB0F2F7A-StateMachineUpdater] INFO  ratis.ContainerStateMachine (ContainerStateMachine.java:takeSnapshot(330)) - group-C0B5DB0F2F7A: Taking a snapshot at:(t:1, i:47) file /home/runner/work/ozone/ozone/hadoop-ozone/integration-test/target/test-dir/MiniOzoneClusterImpl-ff0bea85-29d4-48e8-8c84-822e75daf04a/datanode-0/data/ratis/b3ab9323-66ae-4fb2-a3f5-c0b5db0f2f7a/sm/snapshot.1_47
2023-09-21 17:51:12,867 [0e5ca0ac-2c0a-4501-ade5-9887f0236797@group-C0B5DB0F2F7A-StateMachineUpdater] INFO  ratis.ContainerStateMachine (ContainerStateMachine.java:takeSnapshot(341)) - group-C0B5DB0F2F7A: Finished taking a snapshot at:(t:1, i:47) file:/home/runner/work/ozone/ozone/hadoop-ozone/integration-test/target/test-dir/MiniOzoneClusterImpl-ff0bea85-29d4-48e8-8c84-822e75daf04a/datanode-0/data/ratis/b3ab9323-66ae-4fb2-a3f5-c0b5db0f2f7a/sm/snapshot.1_47 took: 1 ms
2023-09-21 17:51:12,867 [0e5ca0ac-2c0a-4501-ade5-9887f0236797@group-C0B5DB0F2F7A-StateMachineUpdater] INFO  impl.StateMachineUpdater (StateMachineUpdater.java:takeSnapshot(291)) - 0e5ca0ac-2c0a-4501-ade5-9887f0236797@group-C0B5DB0F2F7A-StateMachineUpdater: Took a snapshot at index 47
2023-09-21 17:51:12,867 [0e5ca0ac-2c0a-4501-ade5-9887f0236797@group-C0B5DB0F2F7A-StateMachineUpdater] INFO  impl.StateMachineUpdater (StateMachineUpdater.java:lambda$new$0(97)) - 0e5ca0ac-2c0a-4501-ade5-9887f0236797@group-C0B5DB0F2F7A-StateMachineUpdater: snapshotIndex: updateIncreasingly -1 -> 47
2023-09-21 17:51:12,867 [0e5ca0ac-2c0a-4501-ade5-9887f0236797@group-92EF5A1E58C4-StateMachineUpdater] INFO  ratis.ContainerStateMachine (ContainerStateMachine.java:takeSnapshot(341)) - group-92EF5A1E58C4: Finished taking a snapshot at:(t:1, i:26) file:/home/runner/work/ozone/ozone/hadoop-ozone/integration-test/target/test-dir/MiniOzoneClusterImpl-ff0bea85-29d4-48e8-8c84-822e75daf04a/datanode-0/data/ratis/d9f83d70-d99c-42a8-8fa6-92ef5a1e58c4/sm/snapshot.1_26 took: 3 ms
2023-09-21 17:51:12,868 [0e5ca0ac-2c0a-4501-ade5-9887f0236797@group-92EF5A1E58C4-StateMachineUpdater] INFO  impl.StateMachineUpdater (StateMachineUpdater.java:takeSnapshot(291)) - 0e5ca0ac-2c0a-4501-ade5-9887f0236797@group-92EF5A1E58C4-StateMachineUpdater: Took a snapshot at index 26
2023-09-21 17:51:12,868 [0e5ca0ac-2c0a-4501-ade5-9887f0236797@group-92EF5A1E58C4-StateMachineUpdater] INFO  impl.StateMachineUpdater (StateMachineUpdater.java:lambda$new$0(97)) - 0e5ca0ac-2c0a-4501-ade5-9887f0236797@group-92EF5A1E58C4-StateMachineUpdater: snapshotIndex: updateIncreasingly -1 -> 26
2023-09-21 17:51:12,876 [Thread-1705] INFO  server.GrpcServerProtocolClient (GrpcServerProtocolClient.java:close(103)) - 30fcaee4-35e5-4526-9ec2-86d2b42bb6e9 Close channels
2023-09-21 17:51:12,885 [0e5ca0ac-2c0a-4501-ade5-9887f0236797-impl-thread4] INFO  server.RaftServer$Division (ServerState.java:close(472)) - 0e5ca0ac-2c0a-4501-ade5-9887f0236797@group-92EF5A1E58C4: closes. applyIndex: 26
2023-09-21 17:51:12,885 [0e5ca0ac-2c0a-4501-ade5-9887f0236797-impl-thread2] INFO  server.RaftServer$Division (ServerState.java:close(472)) - 0e5ca0ac-2c0a-4501-ade5-9887f0236797@group-C0B5DB0F2F7A: closes. applyIndex: 47
2023-09-21 17:51:12,886 [Thread-1706] INFO  server.GrpcServerProtocolClient (GrpcServerProtocolClient.java:close(103)) - a7b87587-f54c-4106-951c-2cd85865b718 Close channels
2023-09-21 17:51:12,901 [ForkJoinPool.commonPool-worker-3] INFO  server.GrpcService (GrpcService.java:closeImpl(320)) - 0e5ca0ac-2c0a-4501-ade5-9887f0236797: shutdown server org.apache.ratis.grpc.server.GrpcClientProtocolService successfully
2023-09-21 17:51:12,902 [ForkJoinPool.commonPool-worker-3] INFO  server.GrpcService (GrpcService.java:closeImpl(311)) - 0e5ca0ac-2c0a-4501-ade5-9887f0236797: shutdown server GrpcServerProtocolService now
2023-09-21 17:51:12,906 [ForkJoinPool.commonPool-worker-3] INFO  server.GrpcService (GrpcService.java:closeImpl(320)) - 0e5ca0ac-2c0a-4501-ade5-9887f0236797: shutdown server GrpcServerProtocolService successfully
2023-09-21 17:51:12,906 [ForkJoinPool.commonPool-worker-3] INFO  server.GrpcService (GrpcService.java:closeImpl(311)) - 0e5ca0ac-2c0a-4501-ade5-9887f0236797: shutdown server org.apache.ratis.grpc.server.GrpcAdminProtocolService now
2023-09-21 17:51:12,910 [ForkJoinPool.commonPool-worker-3] INFO  server.GrpcService (GrpcService.java:closeImpl(320)) - 0e5ca0ac-2c0a-4501-ade5-9887f0236797: shutdown server org.apache.ratis.grpc.server.GrpcAdminProtocolService successfully
2023-09-21 17:51:12,911 [0e5ca0ac-2c0a-4501-ade5-9887f0236797-NettyServerStreamRpc-bossGroup--thread1] INFO  logging.LoggingHandler (AbstractInternalLogger.java:log(148)) - [id: 0x422dec4c, L:/0:0:0:0:0:0:0:0:15015] CLOSE
2023-09-21 17:51:12,911 [0e5ca0ac-2c0a-4501-ade5-9887f0236797-NettyServerStreamRpc-bossGroup--thread1] INFO  logging.LoggingHandler (AbstractInternalLogger.java:log(148)) - [id: 0x422dec4c, L:/0:0:0:0:0:0:0:0:15015] INACTIVE
2023-09-21 17:51:12,911 [0e5ca0ac-2c0a-4501-ade5-9887f0236797-NettyServerStreamRpc-bossGroup--thread1] INFO  logging.LoggingHandler (AbstractInternalLogger.java:log(148)) - [id: 0x422dec4c, L:/0:0:0:0:0:0:0:0:15015] UNREGISTERED
2023-09-21 17:51:12,936 [f0cbc5a3-adab-43bd-bf32-77ed31e5ad54-impl-thread2] INFO  segmented.SegmentedRaftLogWorker (SegmentedRaftLogWorker.java:close(252)) - f0cbc5a3-adab-43bd-bf32-77ed31e5ad54@group-14A565BC799A-SegmentedRaftLogWorker close()
2023-09-21 17:51:12,936 [a7b87587-f54c-4106-951c-2cd85865b718-impl-thread3] INFO  segmented.SegmentedRaftLogWorker (SegmentedRaftLogWorker.java:close(252)) - a7b87587-f54c-4106-951c-2cd85865b718@group-0EFE4F1C4BA6-SegmentedRaftLogWorker close()
2023-09-21 17:51:12,938 [JvmPauseMonitor5] INFO  util.JvmPauseMonitor (JvmPauseMonitor.java:run(109)) - JvmPauseMonitor-f0cbc5a3-adab-43bd-bf32-77ed31e5ad54: Stopped
2023-09-21 17:51:12,965 [30fcaee4-35e5-4526-9ec2-86d2b42bb6e9-impl-thread3] INFO  segmented.SegmentedRaftLogWorker (SegmentedRaftLogWorker.java:close(252)) - 30fcaee4-35e5-4526-9ec2-86d2b42bb6e9@group-F0C266240665-SegmentedRaftLogWorker close()
2023-09-21 17:51:13,373 [0af77c8d-ae0f-44c2-a6ab-89a178552062-impl-thread2] INFO  segmented.SegmentedRaftLogWorker (SegmentedRaftLogWorker.java:close(252)) - 0af77c8d-ae0f-44c2-a6ab-89a178552062@group-508367A3A0FD-SegmentedRaftLogWorker close()
2023-09-21 17:51:13,374 [0e5ca0ac-2c0a-4501-ade5-9887f0236797-impl-thread3] INFO  segmented.SegmentedRaftLogWorker (SegmentedRaftLogWorker.java:close(252)) - 0e5ca0ac-2c0a-4501-ade5-9887f0236797@group-9C51634007C7-SegmentedRaftLogWorker close()
2023-09-21 17:51:13,378 [JvmPauseMonitor6] INFO  util.JvmPauseMonitor (JvmPauseMonitor.java:run(109)) - JvmPauseMonitor-0af77c8d-ae0f-44c2-a6ab-89a178552062: Stopped
2023-09-21 17:51:13,493 [a7b87587-f54c-4106-951c-2cd85865b718-impl-thread2] INFO  segmented.SegmentedRaftLogWorker (SegmentedRaftLogWorker.java:close(252)) - a7b87587-f54c-4106-951c-2cd85865b718@group-C0B5DB0F2F7A-SegmentedRaftLogWorker close()
2023-09-21 17:51:13,501 [30fcaee4-35e5-4526-9ec2-86d2b42bb6e9-impl-thread2] INFO  segmented.SegmentedRaftLogWorker (SegmentedRaftLogWorker.java:close(252)) - 30fcaee4-35e5-4526-9ec2-86d2b42bb6e9@group-C0B5DB0F2F7A-SegmentedRaftLogWorker close()
2023-09-21 17:51:13,503 [0e5ca0ac-2c0a-4501-ade5-9887f0236797-impl-thread2] INFO  segmented.SegmentedRaftLogWorker (SegmentedRaftLogWorker.java:close(252)) - 0e5ca0ac-2c0a-4501-ade5-9887f0236797@group-C0B5DB0F2F7A-SegmentedRaftLogWorker close()
2023-09-21 17:51:13,588 [30fcaee4-35e5-4526-9ec2-86d2b42bb6e9-impl-thread4] INFO  segmented.SegmentedRaftLogWorker (SegmentedRaftLogWorker.java:close(252)) - 30fcaee4-35e5-4526-9ec2-86d2b42bb6e9@group-92EF5A1E58C4-SegmentedRaftLogWorker close()
2023-09-21 17:51:13,590 [JvmPauseMonitor3] INFO  util.JvmPauseMonitor (JvmPauseMonitor.java:run(109)) - JvmPauseMonitor-30fcaee4-35e5-4526-9ec2-86d2b42bb6e9: Stopped
2023-09-21 17:51:13,593 [a7b87587-f54c-4106-951c-2cd85865b718-impl-thread4] INFO  segmented.SegmentedRaftLogWorker (SegmentedRaftLogWorker.java:close(252)) - a7b87587-f54c-4106-951c-2cd85865b718@group-92EF5A1E58C4-SegmentedRaftLogWorker close()
2023-09-21 17:51:13,593 [0e5ca0ac-2c0a-4501-ade5-9887f0236797-impl-thread4] INFO  segmented.SegmentedRaftLogWorker (SegmentedRaftLogWorker.java:close(252)) - 0e5ca0ac-2c0a-4501-ade5-9887f0236797@group-92EF5A1E58C4-SegmentedRaftLogWorker close()
2023-09-21 17:51:13,596 [JvmPauseMonitor2] INFO  util.JvmPauseMonitor (JvmPauseMonitor.java:run(109)) - JvmPauseMonitor-0e5ca0ac-2c0a-4501-ade5-9887f0236797: Stopped
2023-09-21 17:51:13,596 [JvmPauseMonitor4] INFO  util.JvmPauseMonitor (JvmPauseMonitor.java:run(109)) - JvmPauseMonitor-a7b87587-f54c-4106-951c-2cd85865b718: Stopped
2023-09-21 17:51:14,974 [ForkJoinPool.commonPool-worker-2] INFO  utils.DatanodeStoreCache (DatanodeStoreCache.java:shutdownCache(110)) - Skip clearing cache in mini cluster mode. Entries left: [/home/runner/work/ozone/ozone/hadoop-ozone/integration-test/target/test-dir/MiniOzoneClusterImpl-ff0bea85-29d4-48e8-8c84-822e75daf04a/datanode-0/data-0/containers/hdds/ff0bea85-29d4-48e8-8c84-822e75daf04a/DS-3990fa5d-0424-4c87-9f4c-e6b4af7b1e33/container.db, /home/runner/work/ozone/ozone/hadoop-ozone/integration-test/target/test-dir/MiniOzoneClusterImpl-ff0bea85-29d4-48e8-8c84-822e75daf04a/datanode-1/data-0/containers/hdds/ff0bea85-29d4-48e8-8c84-822e75daf04a/DS-0048e93f-d72a-4658-83ca-1e5f72c294f9/container.db, /home/runner/work/ozone/ozone/hadoop-ozone/integration-test/target/test-dir/MiniOzoneClusterImpl-ff0bea85-29d4-48e8-8c84-822e75daf04a/datanode-2/data-0/containers/hdds/ff0bea85-29d4-48e8-8c84-822e75daf04a/DS-04577388-2d5c-4023-9672-86d438b877f4/container.db, /home/runner/work/ozone/ozone/hadoop-ozone/integration-test/target/test-dir/MiniOzoneClusterImpl-ff0bea85-29d4-48e8-8c84-822e75daf04a/datanode-3/data-0/containers/hdds/ff0bea85-29d4-48e8-8c84-822e75daf04a/DS-869372bd-8a37-4871-bfad-540a4d89da43/container.db, /home/runner/work/ozone/ozone/hadoop-ozone/integration-test/target/test-dir/MiniOzoneClusterImpl-ff0bea85-29d4-48e8-8c84-822e75daf04a/datanode-4/data-0/containers/hdds/ff0bea85-29d4-48e8-8c84-822e75daf04a/DS-43b716fd-75bd-4407-b79e-9f476805946f/container.db]
2023-09-21 17:51:14,982 [ForkJoinPool.commonPool-worker-2] INFO  utils.DatanodeStoreCache (DatanodeStoreCache.java:removeDB(104)) - Removed db /home/runner/work/ozone/ozone/hadoop-ozone/integration-test/target/test-dir/MiniOzoneClusterImpl-ff0bea85-29d4-48e8-8c84-822e75daf04a/datanode-3/data-0/containers/hdds/ff0bea85-29d4-48e8-8c84-822e75daf04a/DS-869372bd-8a37-4871-bfad-540a4d89da43/container.db from cache
2023-09-21 17:51:14,985 [ForkJoinPool.commonPool-worker-2] INFO  volume.HddsVolume (HddsVolume.java:closeDbStore(453)) - SchemaV3 db is stopped at /home/runner/work/ozone/ozone/hadoop-ozone/integration-test/target/test-dir/MiniOzoneClusterImpl-ff0bea85-29d4-48e8-8c84-822e75daf04a/datanode-3/data-0/containers/hdds/ff0bea85-29d4-48e8-8c84-822e75daf04a/DS-869372bd-8a37-4871-bfad-540a4d89da43/container.db for volume DS-869372bd-8a37-4871-bfad-540a4d89da43
2023-09-21 17:51:14,986 [ForkJoinPool.commonPool-worker-2] INFO  utils.BackgroundService (BackgroundService.java:shutdown(141)) - Shutting down service BlockDeletingService
2023-09-21 17:51:14,987 [ForkJoinPool.commonPool-worker-2] INFO  utils.BackgroundService (BackgroundService.java:shutdown(141)) - Shutting down service StaleRecoveringContainerScrubbingService
2023-09-21 17:51:14,989 [ForkJoinPool.commonPool-worker-2] INFO  statemachine.DatanodeStateMachine (DatanodeStateMachine.java:stopDaemon(622)) - Ozone container server stopped.
2023-09-21 17:51:15,007 [ForkJoinPool.commonPool-worker-2] INFO  handler.ContextHandler (ContextHandler.java:doStop(1159)) - Stopped o.e.j.w.WebAppContext@5d811dad{hddsDatanode,/,null,STOPPED}{jar:file:/home/runner/.m2/repository/org/apache/ozone/hdds-container-service/1.4.0-SNAPSHOT/hdds-container-service-1.4.0-SNAPSHOT.jar!/webapps/hddsDatanode}
2023-09-21 17:51:15,007 [ForkJoinPool.commonPool-worker-2] INFO  server.AbstractConnector (AbstractConnector.java:doStop(383)) - Stopped ServerConnector@646bac23{HTTP/1.1, (http/1.1)}{0.0.0.0:15036}
2023-09-21 17:51:15,007 [ForkJoinPool.commonPool-worker-2] INFO  server.session (HouseKeeper.java:stopScavenging(149)) - node0 Stopped scavenging
2023-09-21 17:51:15,008 [ForkJoinPool.commonPool-worker-2] INFO  handler.ContextHandler (ContextHandler.java:doStop(1159)) - Stopped o.e.j.s.ServletContextHandler@71ee5b54{static,/static,jar:file:/home/runner/.m2/repository/org/apache/ozone/hdds-container-service/1.4.0-SNAPSHOT/hdds-container-service-1.4.0-SNAPSHOT.jar!/webapps/static,STOPPED}
2023-09-21 17:51:15,009 [ForkJoinPool.commonPool-worker-2] INFO  handler.ContextHandler (ContextHandler.java:doStop(1159)) - Stopped o.e.j.s.ServletContextHandler@60552827{logs,/logs,file:///home/runner/work/ozone/ozone/hadoop-ozone/integration-test/target/log,STOPPED}
2023-09-21 17:51:15,018 [ForkJoinPool.commonPool-worker-2] INFO  ozone.HddsDatanodeClientProtocolServer (HddsDatanodeClientProtocolServer.java:stop(78)) - Stopping the RPC server for Client Protocol
2023-09-21 17:51:15,019 [ForkJoinPool.commonPool-worker-2] INFO  ipc.Server (Server.java:stop(3523)) - Stopping server on 15037
2023-09-21 17:51:15,022 [IPC Server listener on 15037] INFO  ipc.Server (Server.java:run(1434)) - Stopping IPC Server listener on 15037
2023-09-21 17:51:15,022 [IPC Server Responder] INFO  ipc.Server (Server.java:run(1567)) - Stopping IPC Server Responder
2023-09-21 17:51:15,387 [ForkJoinPool.commonPool-worker-0] INFO  utils.DatanodeStoreCache (DatanodeStoreCache.java:shutdownCache(110)) - Skip clearing cache in mini cluster mode. Entries left: [/home/runner/work/ozone/ozone/hadoop-ozone/integration-test/target/test-dir/MiniOzoneClusterImpl-ff0bea85-29d4-48e8-8c84-822e75daf04a/datanode-0/data-0/containers/hdds/ff0bea85-29d4-48e8-8c84-822e75daf04a/DS-3990fa5d-0424-4c87-9f4c-e6b4af7b1e33/container.db, /home/runner/work/ozone/ozone/hadoop-ozone/integration-test/target/test-dir/MiniOzoneClusterImpl-ff0bea85-29d4-48e8-8c84-822e75daf04a/datanode-1/data-0/containers/hdds/ff0bea85-29d4-48e8-8c84-822e75daf04a/DS-0048e93f-d72a-4658-83ca-1e5f72c294f9/container.db, /home/runner/work/ozone/ozone/hadoop-ozone/integration-test/target/test-dir/MiniOzoneClusterImpl-ff0bea85-29d4-48e8-8c84-822e75daf04a/datanode-2/data-0/containers/hdds/ff0bea85-29d4-48e8-8c84-822e75daf04a/DS-04577388-2d5c-4023-9672-86d438b877f4/container.db, /home/runner/work/ozone/ozone/hadoop-ozone/integration-test/target/test-dir/MiniOzoneClusterImpl-ff0bea85-29d4-48e8-8c84-822e75daf04a/datanode-4/data-0/containers/hdds/ff0bea85-29d4-48e8-8c84-822e75daf04a/DS-43b716fd-75bd-4407-b79e-9f476805946f/container.db]
2023-09-21 17:51:15,391 [ForkJoinPool.commonPool-worker-0] INFO  utils.DatanodeStoreCache (DatanodeStoreCache.java:removeDB(104)) - Removed db /home/runner/work/ozone/ozone/hadoop-ozone/integration-test/target/test-dir/MiniOzoneClusterImpl-ff0bea85-29d4-48e8-8c84-822e75daf04a/datanode-4/data-0/containers/hdds/ff0bea85-29d4-48e8-8c84-822e75daf04a/DS-43b716fd-75bd-4407-b79e-9f476805946f/container.db from cache
2023-09-21 17:51:15,391 [ForkJoinPool.commonPool-worker-0] INFO  volume.HddsVolume (HddsVolume.java:closeDbStore(453)) - SchemaV3 db is stopped at /home/runner/work/ozone/ozone/hadoop-ozone/integration-test/target/test-dir/MiniOzoneClusterImpl-ff0bea85-29d4-48e8-8c84-822e75daf04a/datanode-4/data-0/containers/hdds/ff0bea85-29d4-48e8-8c84-822e75daf04a/DS-43b716fd-75bd-4407-b79e-9f476805946f/container.db for volume DS-43b716fd-75bd-4407-b79e-9f476805946f
2023-09-21 17:51:15,392 [ForkJoinPool.commonPool-worker-0] INFO  utils.BackgroundService (BackgroundService.java:shutdown(141)) - Shutting down service BlockDeletingService
2023-09-21 17:51:15,392 [ForkJoinPool.commonPool-worker-0] INFO  utils.BackgroundService (BackgroundService.java:shutdown(141)) - Shutting down service StaleRecoveringContainerScrubbingService
2023-09-21 17:51:15,393 [ForkJoinPool.commonPool-worker-0] INFO  statemachine.DatanodeStateMachine (DatanodeStateMachine.java:stopDaemon(622)) - Ozone container server stopped.
2023-09-21 17:51:15,409 [ForkJoinPool.commonPool-worker-0] INFO  handler.ContextHandler (ContextHandler.java:doStop(1159)) - Stopped o.e.j.w.WebAppContext@c841ea3{hddsDatanode,/,null,STOPPED}{jar:file:/home/runner/.m2/repository/org/apache/ozone/hdds-container-service/1.4.0-SNAPSHOT/hdds-container-service-1.4.0-SNAPSHOT.jar!/webapps/hddsDatanode}
2023-09-21 17:51:15,410 [ForkJoinPool.commonPool-worker-0] INFO  server.AbstractConnector (AbstractConnector.java:doStop(383)) - Stopped ServerConnector@cbf7f90{HTTP/1.1, (http/1.1)}{0.0.0.0:15045}
2023-09-21 17:51:15,410 [ForkJoinPool.commonPool-worker-0] INFO  server.session (HouseKeeper.java:stopScavenging(149)) - node0 Stopped scavenging
2023-09-21 17:51:15,420 [ForkJoinPool.commonPool-worker-0] INFO  handler.ContextHandler (ContextHandler.java:doStop(1159)) - Stopped o.e.j.s.ServletContextHandler@5c8b33bd{static,/static,jar:file:/home/runner/.m2/repository/org/apache/ozone/hdds-container-service/1.4.0-SNAPSHOT/hdds-container-service-1.4.0-SNAPSHOT.jar!/webapps/static,STOPPED}
2023-09-21 17:51:15,421 [ForkJoinPool.commonPool-worker-0] INFO  handler.ContextHandler (ContextHandler.java:doStop(1159)) - Stopped o.e.j.s.ServletContextHandler@72e7986a{logs,/logs,file:///home/runner/work/ozone/ozone/hadoop-ozone/integration-test/target/log,STOPPED}
2023-09-21 17:51:15,423 [ForkJoinPool.commonPool-worker-0] INFO  ozone.HddsDatanodeClientProtocolServer (HddsDatanodeClientProtocolServer.java:stop(78)) - Stopping the RPC server for Client Protocol
2023-09-21 17:51:15,424 [ForkJoinPool.commonPool-worker-0] INFO  ipc.Server (Server.java:stop(3523)) - Stopping server on 15046
2023-09-21 17:51:15,425 [IPC Server Responder] INFO  ipc.Server (Server.java:run(1567)) - Stopping IPC Server Responder
2023-09-21 17:51:15,426 [IPC Server listener on 15046] INFO  ipc.Server (Server.java:run(1434)) - Stopping IPC Server listener on 15046
2023-09-21 17:51:15,602 [ForkJoinPool.commonPool-worker-1] INFO  utils.DatanodeStoreCache (DatanodeStoreCache.java:shutdownCache(110)) - Skip clearing cache in mini cluster mode. Entries left: [/home/runner/work/ozone/ozone/hadoop-ozone/integration-test/target/test-dir/MiniOzoneClusterImpl-ff0bea85-29d4-48e8-8c84-822e75daf04a/datanode-0/data-0/containers/hdds/ff0bea85-29d4-48e8-8c84-822e75daf04a/DS-3990fa5d-0424-4c87-9f4c-e6b4af7b1e33/container.db, /home/runner/work/ozone/ozone/hadoop-ozone/integration-test/target/test-dir/MiniOzoneClusterImpl-ff0bea85-29d4-48e8-8c84-822e75daf04a/datanode-1/data-0/containers/hdds/ff0bea85-29d4-48e8-8c84-822e75daf04a/DS-0048e93f-d72a-4658-83ca-1e5f72c294f9/container.db, /home/runner/work/ozone/ozone/hadoop-ozone/integration-test/target/test-dir/MiniOzoneClusterImpl-ff0bea85-29d4-48e8-8c84-822e75daf04a/datanode-2/data-0/containers/hdds/ff0bea85-29d4-48e8-8c84-822e75daf04a/DS-04577388-2d5c-4023-9672-86d438b877f4/container.db]
2023-09-21 17:51:15,603 [ForkJoinPool.commonPool-worker-3] INFO  utils.DatanodeStoreCache (DatanodeStoreCache.java:shutdownCache(110)) - Skip clearing cache in mini cluster mode. Entries left: [/home/runner/work/ozone/ozone/hadoop-ozone/integration-test/target/test-dir/MiniOzoneClusterImpl-ff0bea85-29d4-48e8-8c84-822e75daf04a/datanode-0/data-0/containers/hdds/ff0bea85-29d4-48e8-8c84-822e75daf04a/DS-3990fa5d-0424-4c87-9f4c-e6b4af7b1e33/container.db, /home/runner/work/ozone/ozone/hadoop-ozone/integration-test/target/test-dir/MiniOzoneClusterImpl-ff0bea85-29d4-48e8-8c84-822e75daf04a/datanode-1/data-0/containers/hdds/ff0bea85-29d4-48e8-8c84-822e75daf04a/DS-0048e93f-d72a-4658-83ca-1e5f72c294f9/container.db, /home/runner/work/ozone/ozone/hadoop-ozone/integration-test/target/test-dir/MiniOzoneClusterImpl-ff0bea85-29d4-48e8-8c84-822e75daf04a/datanode-2/data-0/containers/hdds/ff0bea85-29d4-48e8-8c84-822e75daf04a/DS-04577388-2d5c-4023-9672-86d438b877f4/container.db]
2023-09-21 17:51:15,604 [main] INFO  utils.DatanodeStoreCache (DatanodeStoreCache.java:shutdownCache(110)) - Skip clearing cache in mini cluster mode. Entries left: [/home/runner/work/ozone/ozone/hadoop-ozone/integration-test/target/test-dir/MiniOzoneClusterImpl-ff0bea85-29d4-48e8-8c84-822e75daf04a/datanode-0/data-0/containers/hdds/ff0bea85-29d4-48e8-8c84-822e75daf04a/DS-3990fa5d-0424-4c87-9f4c-e6b4af7b1e33/container.db, /home/runner/work/ozone/ozone/hadoop-ozone/integration-test/target/test-dir/MiniOzoneClusterImpl-ff0bea85-29d4-48e8-8c84-822e75daf04a/datanode-1/data-0/containers/hdds/ff0bea85-29d4-48e8-8c84-822e75daf04a/DS-0048e93f-d72a-4658-83ca-1e5f72c294f9/container.db, /home/runner/work/ozone/ozone/hadoop-ozone/integration-test/target/test-dir/MiniOzoneClusterImpl-ff0bea85-29d4-48e8-8c84-822e75daf04a/datanode-2/data-0/containers/hdds/ff0bea85-29d4-48e8-8c84-822e75daf04a/DS-04577388-2d5c-4023-9672-86d438b877f4/container.db]
2023-09-21 17:51:15,606 [main] INFO  utils.DatanodeStoreCache (DatanodeStoreCache.java:removeDB(104)) - Removed db /home/runner/work/ozone/ozone/hadoop-ozone/integration-test/target/test-dir/MiniOzoneClusterImpl-ff0bea85-29d4-48e8-8c84-822e75daf04a/datanode-2/data-0/containers/hdds/ff0bea85-29d4-48e8-8c84-822e75daf04a/DS-04577388-2d5c-4023-9672-86d438b877f4/container.db from cache
2023-09-21 17:51:15,606 [main] INFO  volume.HddsVolume (HddsVolume.java:closeDbStore(453)) - SchemaV3 db is stopped at /home/runner/work/ozone/ozone/hadoop-ozone/integration-test/target/test-dir/MiniOzoneClusterImpl-ff0bea85-29d4-48e8-8c84-822e75daf04a/datanode-2/data-0/containers/hdds/ff0bea85-29d4-48e8-8c84-822e75daf04a/DS-04577388-2d5c-4023-9672-86d438b877f4/container.db for volume DS-04577388-2d5c-4023-9672-86d438b877f4
2023-09-21 17:51:15,606 [main] INFO  utils.BackgroundService (BackgroundService.java:shutdown(141)) - Shutting down service BlockDeletingService
2023-09-21 17:51:15,607 [main] INFO  utils.BackgroundService (BackgroundService.java:shutdown(141)) - Shutting down service StaleRecoveringContainerScrubbingService
2023-09-21 17:51:15,611 [ForkJoinPool.commonPool-worker-3] INFO  utils.DatanodeStoreCache (DatanodeStoreCache.java:removeDB(104)) - Removed db /home/runner/work/ozone/ozone/hadoop-ozone/integration-test/target/test-dir/MiniOzoneClusterImpl-ff0bea85-29d4-48e8-8c84-822e75daf04a/datanode-0/data-0/containers/hdds/ff0bea85-29d4-48e8-8c84-822e75daf04a/DS-3990fa5d-0424-4c87-9f4c-e6b4af7b1e33/container.db from cache
2023-09-21 17:51:15,611 [ForkJoinPool.commonPool-worker-1] INFO  utils.DatanodeStoreCache (DatanodeStoreCache.java:removeDB(104)) - Removed db /home/runner/work/ozone/ozone/hadoop-ozone/integration-test/target/test-dir/MiniOzoneClusterImpl-ff0bea85-29d4-48e8-8c84-822e75daf04a/datanode-1/data-0/containers/hdds/ff0bea85-29d4-48e8-8c84-822e75daf04a/DS-0048e93f-d72a-4658-83ca-1e5f72c294f9/container.db from cache
2023-09-21 17:51:15,611 [ForkJoinPool.commonPool-worker-1] INFO  volume.HddsVolume (HddsVolume.java:closeDbStore(453)) - SchemaV3 db is stopped at /home/runner/work/ozone/ozone/hadoop-ozone/integration-test/target/test-dir/MiniOzoneClusterImpl-ff0bea85-29d4-48e8-8c84-822e75daf04a/datanode-1/data-0/containers/hdds/ff0bea85-29d4-48e8-8c84-822e75daf04a/DS-0048e93f-d72a-4658-83ca-1e5f72c294f9/container.db for volume DS-0048e93f-d72a-4658-83ca-1e5f72c294f9
2023-09-21 17:51:15,611 [main] INFO  statemachine.DatanodeStateMachine (DatanodeStateMachine.java:stopDaemon(622)) - Ozone container server stopped.
2023-09-21 17:51:15,611 [ForkJoinPool.commonPool-worker-3] INFO  volume.HddsVolume (HddsVolume.java:closeDbStore(453)) - SchemaV3 db is stopped at /home/runner/work/ozone/ozone/hadoop-ozone/integration-test/target/test-dir/MiniOzoneClusterImpl-ff0bea85-29d4-48e8-8c84-822e75daf04a/datanode-0/data-0/containers/hdds/ff0bea85-29d4-48e8-8c84-822e75daf04a/DS-3990fa5d-0424-4c87-9f4c-e6b4af7b1e33/container.db for volume DS-3990fa5d-0424-4c87-9f4c-e6b4af7b1e33
2023-09-21 17:51:15,612 [ForkJoinPool.commonPool-worker-1] INFO  utils.BackgroundService (BackgroundService.java:shutdown(141)) - Shutting down service BlockDeletingService
2023-09-21 17:51:15,613 [ForkJoinPool.commonPool-worker-1] INFO  utils.BackgroundService (BackgroundService.java:shutdown(141)) - Shutting down service StaleRecoveringContainerScrubbingService
2023-09-21 17:51:15,618 [ForkJoinPool.commonPool-worker-3] INFO  utils.BackgroundService (BackgroundService.java:shutdown(141)) - Shutting down service BlockDeletingService
2023-09-21 17:51:15,618 [ForkJoinPool.commonPool-worker-1] INFO  statemachine.DatanodeStateMachine (DatanodeStateMachine.java:stopDaemon(622)) - Ozone container server stopped.
2023-09-21 17:51:15,621 [ForkJoinPool.commonPool-worker-3] INFO  utils.BackgroundService (BackgroundService.java:shutdown(141)) - Shutting down service StaleRecoveringContainerScrubbingService
2023-09-21 17:51:15,630 [main] INFO  handler.ContextHandler (ContextHandler.java:doStop(1159)) - Stopped o.e.j.w.WebAppContext@3ddc5682{hddsDatanode,/,null,STOPPED}{jar:file:/home/runner/.m2/repository/org/apache/ozone/hdds-container-service/1.4.0-SNAPSHOT/hdds-container-service-1.4.0-SNAPSHOT.jar!/webapps/hddsDatanode}
2023-09-21 17:51:15,631 [main] INFO  server.AbstractConnector (AbstractConnector.java:doStop(383)) - Stopped ServerConnector@1b74e55a{HTTP/1.1, (http/1.1)}{0.0.0.0:15027}
2023-09-21 17:51:15,631 [main] INFO  server.session (HouseKeeper.java:stopScavenging(149)) - node0 Stopped scavenging
2023-09-21 17:51:15,631 [main] INFO  handler.ContextHandler (ContextHandler.java:doStop(1159)) - Stopped o.e.j.s.ServletContextHandler@6139285a{static,/static,jar:file:/home/runner/.m2/repository/org/apache/ozone/hdds-container-service/1.4.0-SNAPSHOT/hdds-container-service-1.4.0-SNAPSHOT.jar!/webapps/static,STOPPED}
2023-09-21 17:51:15,632 [main] INFO  handler.ContextHandler (ContextHandler.java:doStop(1159)) - Stopped o.e.j.s.ServletContextHandler@162d063b{logs,/logs,file:///home/runner/work/ozone/ozone/hadoop-ozone/integration-test/target/log,STOPPED}
2023-09-21 17:51:15,633 [main] INFO  ozone.HddsDatanodeClientProtocolServer (HddsDatanodeClientProtocolServer.java:stop(78)) - Stopping the RPC server for Client Protocol
2023-09-21 17:51:15,633 [main] INFO  ipc.Server (Server.java:stop(3523)) - Stopping server on 15028
2023-09-21 17:51:15,637 [ForkJoinPool.commonPool-worker-3] INFO  statemachine.DatanodeStateMachine (DatanodeStateMachine.java:stopDaemon(622)) - Ozone container server stopped.
2023-09-21 17:51:15,646 [IPC Server listener on 15028] INFO  ipc.Server (Server.java:run(1434)) - Stopping IPC Server listener on 15028
2023-09-21 17:51:15,646 [IPC Server Responder] INFO  ipc.Server (Server.java:run(1567)) - Stopping IPC Server Responder
2023-09-21 17:51:15,649 [ForkJoinPool.commonPool-worker-1] INFO  handler.ContextHandler (ContextHandler.java:doStop(1159)) - Stopped o.e.j.w.WebAppContext@67968225{hddsDatanode,/,null,STOPPED}{jar:file:/home/runner/.m2/repository/org/apache/ozone/hdds-container-service/1.4.0-SNAPSHOT/hdds-container-service-1.4.0-SNAPSHOT.jar!/webapps/hddsDatanode}
2023-09-21 17:51:15,649 [ForkJoinPool.commonPool-worker-1] INFO  server.AbstractConnector (AbstractConnector.java:doStop(383)) - Stopped ServerConnector@69ade06d{HTTP/1.1, (http/1.1)}{0.0.0.0:15018}
2023-09-21 17:51:15,649 [ForkJoinPool.commonPool-worker-1] INFO  server.session (HouseKeeper.java:stopScavenging(149)) - node0 Stopped scavenging
2023-09-21 17:51:15,650 [ForkJoinPool.commonPool-worker-1] INFO  handler.ContextHandler (ContextHandler.java:doStop(1159)) - Stopped o.e.j.s.ServletContextHandler@16af4a54{static,/static,jar:file:/home/runner/.m2/repository/org/apache/ozone/hdds-container-service/1.4.0-SNAPSHOT/hdds-container-service-1.4.0-SNAPSHOT.jar!/webapps/static,STOPPED}
2023-09-21 17:51:15,651 [ForkJoinPool.commonPool-worker-1] INFO  handler.ContextHandler (ContextHandler.java:doStop(1159)) - Stopped o.e.j.s.ServletContextHandler@76bc765d{logs,/logs,file:///home/runner/work/ozone/ozone/hadoop-ozone/integration-test/target/log,STOPPED}
2023-09-21 17:51:15,651 [ForkJoinPool.commonPool-worker-1] INFO  ozone.HddsDatanodeClientProtocolServer (HddsDatanodeClientProtocolServer.java:stop(78)) - Stopping the RPC server for Client Protocol
2023-09-21 17:51:15,652 [ForkJoinPool.commonPool-worker-1] INFO  ipc.Server (Server.java:stop(3523)) - Stopping server on 15019
2023-09-21 17:51:15,652 [IPC Server listener on 15019] INFO  ipc.Server (Server.java:run(1434)) - Stopping IPC Server listener on 15019
2023-09-21 17:51:15,654 [IPC Server Responder] INFO  ipc.Server (Server.java:run(1567)) - Stopping IPC Server Responder
2023-09-21 17:51:15,660 [ForkJoinPool.commonPool-worker-3] INFO  handler.ContextHandler (ContextHandler.java:doStop(1159)) - Stopped o.e.j.w.WebAppContext@476a3b94{hddsDatanode,/,null,STOPPED}{jar:file:/home/runner/.m2/repository/org/apache/ozone/hdds-container-service/1.4.0-SNAPSHOT/hdds-container-service-1.4.0-SNAPSHOT.jar!/webapps/hddsDatanode}
2023-09-21 17:51:15,661 [ForkJoinPool.commonPool-worker-3] INFO  server.AbstractConnector (AbstractConnector.java:doStop(383)) - Stopped ServerConnector@23488e7a{HTTP/1.1, (http/1.1)}{0.0.0.0:15009}
2023-09-21 17:51:15,661 [ForkJoinPool.commonPool-worker-3] INFO  server.session (HouseKeeper.java:stopScavenging(149)) - node0 Stopped scavenging
2023-09-21 17:51:15,662 [ForkJoinPool.commonPool-worker-3] INFO  handler.ContextHandler (ContextHandler.java:doStop(1159)) - Stopped o.e.j.s.ServletContextHandler@373777c7{static,/static,jar:file:/home/runner/.m2/repository/org/apache/ozone/hdds-container-service/1.4.0-SNAPSHOT/hdds-container-service-1.4.0-SNAPSHOT.jar!/webapps/static,STOPPED}
2023-09-21 17:51:15,664 [ForkJoinPool.commonPool-worker-3] INFO  handler.ContextHandler (ContextHandler.java:doStop(1159)) - Stopped o.e.j.s.ServletContextHandler@73051634{logs,/logs,file:///home/runner/work/ozone/ozone/hadoop-ozone/integration-test/target/log,STOPPED}
2023-09-21 17:51:15,665 [ForkJoinPool.commonPool-worker-3] INFO  ozone.HddsDatanodeClientProtocolServer (HddsDatanodeClientProtocolServer.java:stop(78)) - Stopping the RPC server for Client Protocol
2023-09-21 17:51:15,666 [ForkJoinPool.commonPool-worker-3] INFO  ipc.Server (Server.java:stop(3523)) - Stopping server on 15010
2023-09-21 17:51:15,666 [IPC Server Responder] INFO  ipc.Server (Server.java:run(1567)) - Stopping IPC Server Responder
2023-09-21 17:51:15,667 [IPC Server listener on 15010] INFO  ipc.Server (Server.java:run(1434)) - Stopping IPC Server listener on 15010
2023-09-21 17:51:15,667 [main] INFO  ozone.MiniOzoneClusterImpl (MiniOzoneClusterImpl.java:stopSCM(548)) - Stopping the StorageContainerManager
2023-09-21 17:51:15,668 [main] INFO  server.StorageContainerManager (StorageContainerManager.java:stop(1591)) - Container Balancer is not running.
2023-09-21 17:51:15,668 [main] INFO  server.StorageContainerManager (StorageContainerManager.java:stopReplicationManager(1724)) - Stopping Replication Manager Service.
2023-09-21 17:51:15,669 [main] INFO  replication.ReplicationManager (ReplicationManager.java:stop(323)) - Stopping Replication Monitor Thread.
2023-09-21 17:51:15,669 [main] INFO  server.StorageContainerManager (StorageContainerManager.java:stop(1600)) - Stopping the Datanode Admin Monitor.
2023-09-21 17:51:15,669 [main] INFO  server.StorageContainerManager (StorageContainerManager.java:stop(1607)) - Stopping datanode service RPC server
2023-09-21 17:51:15,669 [main] INFO  server.SCMDatanodeProtocolServer (SCMDatanodeProtocolServer.java:stop(424)) - Stopping the RPC server for DataNodes
2023-09-21 17:51:15,669 [main] INFO  ipc.Server (Server.java:stop(3523)) - Stopping server on 15002
2023-09-21 17:51:15,670 [Under Replicated Processor] WARN  replication.UnhealthyReplicationProcessor (UnhealthyReplicationProcessor.java:run(180)) - Under Replicated Processor interrupted. Exiting...
2023-09-21 17:51:15,670 [Over Replicated Processor] WARN  replication.UnhealthyReplicationProcessor (UnhealthyReplicationProcessor.java:run(180)) - Over Replicated Processor interrupted. Exiting...
2023-09-21 17:51:15,670 [ReplicationMonitor] INFO  replication.ReplicationManager (ReplicationManager.java:run(921)) - Replication Monitor Thread is stopped
2023-09-21 17:51:15,673 [IPC Server listener on 15002] INFO  ipc.Server (Server.java:run(1434)) - Stopping IPC Server listener on 15002
2023-09-21 17:51:15,674 [IPC Server Responder] INFO  ipc.Server (Server.java:run(1567)) - Stopping IPC Server Responder
2023-09-21 17:51:15,733 [SCM Heartbeat Processing Thread - 0] WARN  node.NodeStateManager (NodeStateManager.java:scheduleNextHealthCheck(874)) - Current Thread is interrupted, shutting down HB processing thread for Node Manager.
2023-09-21 17:51:15,733 [main] INFO  server.StorageContainerManager (StorageContainerManager.java:stop(1615)) - Stopping block service RPC server
2023-09-21 17:51:15,734 [main] INFO  server.SCMBlockProtocolServer (SCMBlockProtocolServer.java:stop(163)) - Stopping the RPC server for Block Protocol
2023-09-21 17:51:15,734 [main] INFO  ipc.Server (Server.java:stop(3523)) - Stopping server on 15001
2023-09-21 17:51:15,735 [IPC Server listener on 15001] INFO  ipc.Server (Server.java:run(1434)) - Stopping IPC Server listener on 15001
2023-09-21 17:51:15,738 [IPC Server Responder] INFO  ipc.Server (Server.java:run(1567)) - Stopping IPC Server Responder
2023-09-21 17:51:15,738 [main] INFO  server.StorageContainerManager (StorageContainerManager.java:stop(1622)) - Stopping the StorageContainerLocationProtocol RPC server
2023-09-21 17:51:15,738 [main] INFO  server.SCMClientProtocolServer (SCMClientProtocolServer.java:stop(210)) - Stopping the RPC server for Client Protocol
2023-09-21 17:51:15,739 [main] INFO  ipc.Server (Server.java:stop(3523)) - Stopping server on 15000
2023-09-21 17:51:15,740 [IPC Server listener on 15000] INFO  ipc.Server (Server.java:run(1434)) - Stopping IPC Server listener on 15000
2023-09-21 17:51:15,743 [IPC Server Responder] INFO  ipc.Server (Server.java:run(1567)) - Stopping IPC Server Responder
2023-09-21 17:51:15,743 [main] INFO  server.StorageContainerManager (StorageContainerManager.java:stop(1629)) - Stopping Storage Container Manager HTTP server.
2023-09-21 17:51:15,744 [main] INFO  handler.ContextHandler (ContextHandler.java:doStop(1159)) - Stopped o.e.j.w.WebAppContext@d4962bd{scm,/,null,STOPPED}{file:/home/runner/work/ozone/ozone/hadoop-ozone/integration-test/target/test-classes/webapps/scm}
2023-09-21 17:51:15,750 [main] INFO  server.AbstractConnector (AbstractConnector.java:doStop(383)) - Stopped ServerConnector@7a7698f4{HTTP/1.1, (http/1.1)}{0.0.0.0:15003}
2023-09-21 17:51:15,750 [main] INFO  server.session (HouseKeeper.java:stopScavenging(149)) - node0 Stopped scavenging
2023-09-21 17:51:15,751 [main] INFO  handler.ContextHandler (ContextHandler.java:doStop(1159)) - Stopped o.e.j.s.ServletContextHandler@57573880{static,/static,file:///home/runner/work/ozone/ozone/hadoop-ozone/integration-test/target/test-classes/webapps/static,STOPPED}
2023-09-21 17:51:15,751 [main] INFO  handler.ContextHandler (ContextHandler.java:doStop(1159)) - Stopped o.e.j.s.ServletContextHandler@4a0dd851{logs,/logs,file:///home/runner/work/ozone/ozone/hadoop-ozone/integration-test/target/log,STOPPED}
2023-09-21 17:51:15,752 [main] INFO  server.StorageContainerManager (StorageContainerManager.java:stop(1637)) - Stopping SCM LayoutVersionManager Service.
2023-09-21 17:51:15,752 [main] INFO  server.StorageContainerManager (StorageContainerManager.java:stop(1649)) - Stopping Block Manager Service.
2023-09-21 17:51:15,753 [main] INFO  utils.BackgroundService (BackgroundService.java:shutdown(141)) - Shutting down service SCMBlockDeletingService
2023-09-21 17:51:15,753 [main] INFO  utils.BackgroundService (BackgroundService.java:shutdown(141)) - Shutting down service SCMBlockDeletingService
2023-09-21 17:51:15,753 [main] INFO  server.StorageContainerManager (StorageContainerManager.java:stop(1669)) - Stopping SCM Event Queue.
2023-09-21 17:51:15,758 [JvmPauseMonitor0] INFO  util.JvmPauseMonitor (JvmPauseMonitor.java:run(109)) - JvmPauseMonitor-4768e1a6-41ae-46d3-95ac-5eb1aff12045: Stopped
2023-09-21 17:51:15,759 [main] INFO  server.StorageContainerManager (StorageContainerManager.java:stop(1680)) - Stopping SCM HA services.
2023-09-21 17:51:15,760 [main] INFO  pipeline.BackgroundPipelineCreator (BackgroundPipelineCreator.java:stop(149)) - Stopping RatisPipelineUtilsThread.
2023-09-21 17:51:15,760 [RatisPipelineUtilsThread - 0] WARN  pipeline.BackgroundPipelineCreator (BackgroundPipelineCreator.java:run(180)) - RatisPipelineUtilsThread is interrupted.
2023-09-21 17:51:15,761 [BackgroundPipelineScrubberThread] WARN  BackgroundPipelineScrubber (BackgroundSCMService.java:run(115)) - BackgroundPipelineScrubber is interrupted, exit
2023-09-21 17:51:15,761 [main] INFO  BackgroundPipelineScrubber (BackgroundSCMService.java:stop(131)) - Stopping BackgroundPipelineScrubber Service.
2023-09-21 17:51:15,762 [main] INFO  impl.MetricsSystemImpl (MetricsSystemImpl.java:stop(210)) - Stopping XceiverClientMetrics metrics system...
2023-09-21 17:51:15,767 [prometheus] INFO  impl.MetricsSinkAdapter (MetricsSinkAdapter.java:publishMetricsFromQueue(141)) - prometheus thread interrupted.
2023-09-21 17:51:15,769 [main] INFO  impl.MetricsSystemImpl (MetricsSystemImpl.java:stop(216)) - XceiverClientMetrics metrics system stopped.
2023-09-21 17:51:15,770 [main] WARN  pipeline.BackgroundPipelineCreator (BackgroundPipelineCreator.java:stop(145)) - RatisPipelineUtilsThread is not running, just ignore.
2023-09-21 17:51:15,770 [main] INFO  BackgroundPipelineScrubber (BackgroundSCMService.java:stop(126)) - BackgroundPipelineScrubber Service is not running, skip stop.
2023-09-21 17:51:15,770 [main] INFO  ExpiredContainerReplicaOpScrubber (BackgroundSCMService.java:stop(131)) - Stopping ExpiredContainerReplicaOpScrubber Service.
2023-09-21 17:51:15,770 [ExpiredContainerReplicaOpScrubberThread] WARN  ExpiredContainerReplicaOpScrubber (BackgroundSCMService.java:run(115)) - ExpiredContainerReplicaOpScrubber is interrupted, exit
2023-09-21 17:51:15,770 [main] INFO  utils.BackgroundService (BackgroundService.java:shutdown(141)) - Shutting down service SCMBlockDeletingService
2023-09-21 17:51:15,775 [main] INFO  replication.ReplicationManager (ReplicationManager.java:stop(333)) - Replication Monitor Thread is not running.
2023-09-21 17:51:15,775 [main] WARN  balancer.ContainerBalancer (ContainerBalancer.java:stop(326)) - Cannot stop Container Balancer because it's not running or stopping
2023-09-21 17:51:15,776 [main] INFO  server.StorageContainerManager (StorageContainerManager.java:stop(1715)) - Stopping SCM MetadataStore.
2023-09-21 17:51:15,915 [main] INFO  db.CodecTestUtil (CodecTestUtil.java:gc(47)) - gc 0
2023-09-21 17:51:16,808 [main] WARN  server.ServerUtils (ServerUtils.java:getScmDbDir(155)) - ozone.scm.db.dirs is not configured. We recommend adding this setting. Falling back to ozone.metadata.dirs instead.
2023-09-21 17:51:16,815 [main] WARN  server.ServerUtils (ServerUtils.java:getScmDbDir(155)) - ozone.scm.db.dirs is not configured. We recommend adding this setting. Falling back to ozone.metadata.dirs instead.
2023-09-21 17:51:16,817 [main] INFO  ha.SCMHANodeDetails (SCMHANodeDetails.java:loadSCMHAConfig(210)) - ServiceID for StorageContainerManager is null
2023-09-21 17:51:16,817 [main] INFO  ha.SCMHANodeDetails (SCMHANodeDetails.java:loadSCMHAConfig(215)) - ozone.scm.default.service.id is not defined, falling back to ozone.scm.service.ids to find serviceID for StorageContainerManager if it is HA enabled cluster
2023-09-21 17:51:16,820 [main] WARN  utils.HAUtils (HAUtils.java:getMetaDir(339)) - ozone.scm.db.dirs is not configured. We recommend adding this setting. Falling back to ozone.metadata.dirs instead.
2023-09-21 17:51:16,820 [main] WARN  db.DBStoreBuilder (DBStoreBuilder.java:applyDBDefinition(166)) - ozone.scm.db.dirs is not configured. We recommend adding this setting. Falling back to ozone.metadata.dirs instead.
2023-09-21 17:51:16,958 [main] INFO  net.NodeSchemaLoader (NodeSchemaLoader.java:loadSchemaFromFile(129)) - Loading schema from [jar:file:/home/runner/.m2/repository/org/apache/ozone/hdds-common/1.4.0-SNAPSHOT/hdds-common-1.4.0-SNAPSHOT.jar!/network-topology-default.xml]
2023-09-21 17:51:16,958 [main] INFO  net.NodeSchemaLoader (NodeSchemaLoader.java:loadSchema(176)) - Loading network topology layer schema file
2023-09-21 17:51:16,961 [main] INFO  upgrade.AbstractLayoutVersionManager (AbstractLayoutVersionManager.java:init(83)) - Initializing Layout version manager with metadata layout = HADOOP_PRC_PORTS_IN_DATANODEDETAILS (version = 7), software layout = HADOOP_PRC_PORTS_IN_DATANODEDETAILS (version = 7)
2023-09-21 17:51:16,963 [main] INFO  ha.SequenceIdGenerator (SequenceIdGenerator.java:upgradeToSequenceId(365)) - upgrade localId to 111677748019200000
2023-09-21 17:51:16,964 [main] INFO  ha.SequenceIdGenerator (SequenceIdGenerator.java:upgradeToSequenceId(375)) - upgrade delTxnId to 0
2023-09-21 17:51:16,965 [main] INFO  ha.SequenceIdGenerator (SequenceIdGenerator.java:upgradeToSequenceId(392)) - upgrade containerId to 0
2023-09-21 17:51:16,966 [main] INFO  ha.SequenceIdGenerator (SequenceIdGenerator.java:upgradeToSequenceId(428)) - upgrade rootCertificateId to 1
2023-09-21 17:51:16,966 [main] INFO  ha.SequenceIdGenerator (SequenceIdGenerator.java:<init>(236)) - Init the HA SequenceIdGenerator.
2023-09-21 17:51:16,967 [main] WARN  server.ServerUtils (ServerUtils.java:sanitizeUserArgs(80)) - ozone.scm.stale.node.interval value = 300000 is larger than max = 100000 based on the key value of ozone.scm.heartbeat.thread.interval, reset to the max value 100000.
2023-09-21 17:51:16,967 [main] WARN  server.ServerUtils (ServerUtils.java:sanitizeUserArgs(80)) - ozone.scm.stale.node.interval value = 300000 is larger than max = 100000 based on the key value of ozone.scm.heartbeat.thread.interval, reset to the max value 100000.
2023-09-21 17:51:16,967 [main] INFO  node.SCMNodeManager (SCMNodeManager.java:<init>(157)) - Entering startup safe mode.
2023-09-21 17:51:16,968 [main] INFO  algorithms.ContainerPlacementPolicyFactory (ContainerPlacementPolicyFactory.java:getPolicyInternal(86)) - Create container placement policy of type org.apache.hadoop.hdds.scm.container.placement.algorithms.SCMContainerPlacementRackAware
2023-09-21 17:51:16,969 [main] INFO  algorithms.ContainerPlacementPolicyFactory (ContainerPlacementPolicyFactory.java:getPolicyInternal(86)) - Create container placement policy of type org.apache.hadoop.hdds.scm.container.placement.algorithms.SCMContainerPlacementRackScatter
2023-09-21 17:51:16,969 [main] INFO  pipeline.PipelineStateManagerImpl (PipelineStateManagerImpl.java:initialize(78)) - No pipeline exists in current db
2023-09-21 17:51:16,969 [main] INFO  algorithms.LeaderChoosePolicyFactory (LeaderChoosePolicyFactory.java:getPolicy(57)) - Create leader choose policy of type org.apache.hadoop.hdds.scm.pipeline.leader.choose.algorithms.MinLeaderCountChoosePolicy
2023-09-21 17:51:16,969 [main] INFO  algorithms.ContainerPlacementPolicyFactory (ContainerPlacementPolicyFactory.java:getPolicyInternal(86)) - Create container placement policy of type org.apache.hadoop.hdds.scm.container.placement.algorithms.SCMContainerPlacementRackScatter
2023-09-21 17:51:16,970 [main] INFO  ha.SCMServiceManager (SCMServiceManager.java:register(42)) - Registering service BackgroundPipelineCreator.
2023-09-21 17:51:16,970 [main] INFO  pipeline.BackgroundPipelineCreator (BackgroundPipelineCreator.java:start(124)) - Starting RatisPipelineUtilsThread.
2023-09-21 17:51:16,971 [main] INFO  BackgroundPipelineScrubber (BackgroundSCMService.java:start(68)) - Starting BackgroundPipelineScrubber Service.
2023-09-21 17:51:16,971 [main] INFO  ha.SCMServiceManager (SCMServiceManager.java:register(42)) - Registering service BackgroundPipelineScrubber.
2023-09-21 17:51:16,973 [main] INFO  ExpiredContainerReplicaOpScrubber (BackgroundSCMService.java:start(68)) - Starting ExpiredContainerReplicaOpScrubber Service.
2023-09-21 17:51:16,974 [main] INFO  ha.SCMServiceManager (SCMServiceManager.java:register(42)) - Registering service ExpiredContainerReplicaOpScrubber.
2023-09-21 17:51:16,975 [main] INFO  algorithms.PipelineChoosePolicyFactory (PipelineChoosePolicyFactory.java:createPipelineChoosePolicyFromClass(78)) - Create pipeline choose policy of type org.apache.hadoop.hdds.scm.pipeline.choose.algorithms.RandomPipelineChoosePolicy
2023-09-21 17:51:16,975 [main] INFO  algorithms.PipelineChoosePolicyFactory (PipelineChoosePolicyFactory.java:createPipelineChoosePolicyFromClass(78)) - Create pipeline choose policy of type org.apache.hadoop.hdds.scm.pipeline.choose.algorithms.RandomPipelineChoosePolicy
2023-09-21 17:51:16,975 [main] INFO  ha.SCMServiceManager (SCMServiceManager.java:register(42)) - Registering service SCMBlockDeletingService.
2023-09-21 17:51:16,976 [main] INFO  replication.ReplicationManager (ReplicationManager.java:start(291)) - Starting Replication Monitor Thread.
2023-09-21 17:51:16,986 [main] INFO  ha.SCMServiceManager (SCMServiceManager.java:register(42)) - Registering service ReplicationManager.
2023-09-21 17:51:16,987 [main] INFO  safemode.ContainerSafeModeRule (ContainerSafeModeRule.java:<init>(90)) - containers with one replica threshold count 0
2023-09-21 17:51:16,987 [main] INFO  safemode.HealthyPipelineSafeModeRule (HealthyPipelineSafeModeRule.java:initializeRule(169)) - Total pipeline count is 0, healthy pipeline threshold count is 1
2023-09-21 17:51:16,988 [main] INFO  safemode.OneReplicaPipelineSafeModeRule (OneReplicaPipelineSafeModeRule.java:initializeRule(180)) - Total pipeline count is 0, pipeline's with at least one datanode reported threshold count is 0
2023-09-21 17:51:16,989 [ReplicationMonitor] INFO  replication.ReplicationManager (ReplicationManager.java:processAll(365)) - Replication Manager is not ready to run until 3000ms after safemode exit
2023-09-21 17:51:16,990 [main] INFO  server.StorageContainerManager (StorageContainerManager.java:<init>(425)) - SCM start with adminUsers: [runner]
2023-09-21 17:51:16,991 [main] INFO  ipc.CallQueueManager (CallQueueManager.java:<init>(90)) - Using callQueue: class java.util.concurrent.LinkedBlockingQueue, queueCapacity: 2000, scheduler: class org.apache.hadoop.ipc.DefaultRpcScheduler, ipcBackoff: false.
2023-09-21 17:51:16,991 [main] INFO  ipc.Server (Server.java:<init>(1287)) - Listener at 0.0.0.0:15055
2023-09-21 17:51:16,992 [Socket Reader #1 for port 15055] INFO  ipc.Server (Server.java:run(1323)) - Starting Socket Reader #1 for port 15055
2023-09-21 17:51:16,993 [main] INFO  ipc.CallQueueManager (CallQueueManager.java:<init>(90)) - Using callQueue: class java.util.concurrent.LinkedBlockingQueue, queueCapacity: 2000, scheduler: class org.apache.hadoop.ipc.DefaultRpcScheduler, ipcBackoff: false.
2023-09-21 17:51:16,994 [main] INFO  ipc.Server (Server.java:<init>(1287)) - Listener at 0.0.0.0:15054
2023-09-21 17:51:16,994 [Socket Reader #1 for port 15054] INFO  ipc.Server (Server.java:run(1323)) - Starting Socket Reader #1 for port 15054
2023-09-21 17:51:16,996 [main] INFO  ipc.CallQueueManager (CallQueueManager.java:<init>(90)) - Using callQueue: class java.util.concurrent.LinkedBlockingQueue, queueCapacity: 2000, scheduler: class org.apache.hadoop.ipc.DefaultRpcScheduler, ipcBackoff: false.
2023-09-21 17:51:16,996 [main] INFO  ipc.Server (Server.java:<init>(1287)) - Listener at 0.0.0.0:15053
2023-09-21 17:51:16,997 [Socket Reader #1 for port 15053] INFO  ipc.Server (Server.java:run(1323)) - Starting Socket Reader #1 for port 15053
2023-09-21 17:51:17,007 [main] INFO  ha.SCMServiceManager (SCMServiceManager.java:register(42)) - Registering service ContainerBalancer.
2023-09-21 17:51:17,007 [main] INFO  server.StorageContainerManager (StorageContainerManager.java:<init>(438)) - 
Container Balancer status:
Key                            Value
Running                        false
Container Balancer Configuration values:
Key                                                Value
Threshold                                          10
Max Datanodes to Involve per Iteration(percent)    20
Max Size to Move per Iteration                     500GB
Max Size Entering Target per Iteration             26GB
Max Size Leaving Source per Iteration              26GB
Number of Iterations                               10
Time Limit for Single Container's Movement         65min
Time Limit for Single Container's Replication      50min
Interval between each Iteration                    70min
Whether to Enable Network Topology                 false
Whether to Trigger Refresh Datanode Usage Info     false
Container IDs to Exclude from Balancing            None
Datanodes Specified to be Balanced                 None
Datanodes Excluded from Balancing                  None

2023-09-21 17:51:17,007 [main] INFO  ha.SCMContext (SCMContext.java:updateSafeModeStatus(228)) - Update SafeModeStatus from SafeModeStatus{safeModeStatus=true, preCheckPassed=false} to SafeModeStatus{safeModeStatus=true, preCheckPassed=false}.
2023-09-21 17:51:17,008 [main] INFO  server.StorageContainerManager (StorageContainerManager.java:start(1483)) - StorageContainerLocationProtocol RPC server is listening at /0.0.0.0:15053
2023-09-21 17:51:17,012 [main] WARN  impl.MetricsConfig (MetricsConfig.java:loadFirst(136)) - Cannot locate configuration: tried hadoop-metrics2-storagecontainermanager.properties,hadoop-metrics2.properties
2023-09-21 17:51:17,017 [main] INFO  impl.MetricsSystemImpl (MetricsSystemImpl.java:startTimer(378)) - Scheduled Metric snapshot period at 10 second(s).
2023-09-21 17:51:17,017 [main] INFO  impl.MetricsSystemImpl (MetricsSystemImpl.java:start(191)) - StorageContainerManager metrics system started
2023-09-21 17:51:17,026 [main] INFO  impl.MetricsSinkAdapter (MetricsSinkAdapter.java:start(204)) - Sink prometheus started
2023-09-21 17:51:17,027 [main] INFO  impl.MetricsSystemImpl (MetricsSystemImpl.java:registerSink(305)) - Registered sink prometheus
2023-09-21 17:51:17,070 [main] INFO  server.SCMClientProtocolServer (SCMClientProtocolServer.java:start(201)) - RPC server for Client  is listening at /0.0.0.0:15053
2023-09-21 17:51:17,071 [IPC Server Responder] INFO  ipc.Server (Server.java:run(1562)) - IPC Server Responder: starting
2023-09-21 17:51:17,071 [IPC Server listener on 15053] INFO  ipc.Server (Server.java:run(1402)) - IPC Server listener on 15053: starting
2023-09-21 17:51:17,074 [main] INFO  server.StorageContainerManager (StorageContainerManager.java:start(1496)) - ScmBlockLocationProtocol RPC server is listening at /0.0.0.0:15054
2023-09-21 17:51:17,074 [main] INFO  server.SCMBlockProtocolServer (SCMBlockProtocolServer.java:start(154)) - RPC server for Block Protocol is listening at /0.0.0.0:15054
2023-09-21 17:51:17,074 [IPC Server Responder] INFO  ipc.Server (Server.java:run(1562)) - IPC Server Responder: starting
2023-09-21 17:51:17,075 [IPC Server listener on 15054] INFO  ipc.Server (Server.java:run(1402)) - IPC Server listener on 15054: starting
2023-09-21 17:51:17,077 [main] INFO  server.SCMDatanodeProtocolServer (SCMDatanodeProtocolServer.java:start(193)) - ScmDatanodeProtocol RPC server for DataNodes is listening at /0.0.0.0:15055
2023-09-21 17:51:17,078 [IPC Server Responder] INFO  ipc.Server (Server.java:run(1562)) - IPC Server Responder: starting
2023-09-21 17:51:17,078 [IPC Server listener on 15055] INFO  ipc.Server (Server.java:run(1402)) - IPC Server listener on 15055: starting
2023-09-21 17:51:17,097 [main] INFO  http.BaseHttpServer (BaseHttpServer.java:newHttpServer2BuilderForOzone(223)) - Starting Web-server for scm at: http://0.0.0.0:15056
2023-09-21 17:51:17,097 [main] INFO  http.BaseHttpServer (BaseHttpServer.java:<init>(110)) - Hadoop Security Enabled: false Ozone Security Enabled: false Ozone HTTP Security Enabled: false 
2023-09-21 17:51:17,099 [JvmPauseMonitor7] INFO  util.JvmPauseMonitor (JvmPauseMonitor.java:run(103)) - JvmPauseMonitor-b54c2613-ed14-4636-8d8e-6a54245a0eb7: Started
2023-09-21 17:51:17,099 [main] WARN  server.AuthenticationFilter (AuthenticationFilter.java:constructSecretProvider(240)) - Unable to initialize FileSignerSecretProvider, falling back to use random secrets. Reason: Could not read signature secret file: /home/runner/hadoop-http-auth-signature-secret
2023-09-21 17:51:17,100 [main] INFO  http.HttpRequestLog (HttpRequestLog.java:getRequestLog(86)) - Http request log for http.requests.scm is not defined
2023-09-21 17:51:17,102 [main] INFO  http.HttpServer2 (HttpServer2.java:addGlobalFilter(1031)) - Added global filter 'safety' (class=org.apache.hadoop.hdds.server.http.HttpServer2$QuotingInputFilter)
2023-09-21 17:51:17,102 [main] INFO  http.HttpServer2 (HttpServer2.java:addFilter(1007)) - Added filter static_user_filter (class=org.apache.hadoop.http.lib.StaticUserWebFilter$StaticUserFilter) to context scm
2023-09-21 17:51:17,102 [main] INFO  http.HttpServer2 (HttpServer2.java:addFilter(1015)) - Added filter static_user_filter (class=org.apache.hadoop.http.lib.StaticUserWebFilter$StaticUserFilter) to context logs
2023-09-21 17:51:17,103 [main] INFO  http.HttpServer2 (HttpServer2.java:addFilter(1015)) - Added filter static_user_filter (class=org.apache.hadoop.http.lib.StaticUserWebFilter$StaticUserFilter) to context static
2023-09-21 17:51:17,106 [main] INFO  http.BaseHttpServer (BaseHttpServer.java:<init>(189)) - HTTP server of scm uses base directory /home/runner/work/ozone/ozone/hadoop-ozone/integration-test/target/test-dir/MiniOzoneClusterImpl-04a8daa2-1161-4e20-9dee-837792427303/ozone-meta/webserver
2023-09-21 17:51:17,106 [main] INFO  http.HttpServer2 (HttpServer2.java:bindListener(1231)) - Jetty bound to port 15056
2023-09-21 17:51:17,106 [main] INFO  server.Server (Server.java:doStart(375)) - jetty-9.4.52.v20230823; built: 2023-08-23T19:29:37.669Z; git: abdcda73818a1a2c705da276edb0bf6581e7997e; jvm 1.8.0_382-b05
2023-09-21 17:51:17,113 [main] INFO  server.session (DefaultSessionIdManager.java:doStart(334)) - DefaultSessionIdManager workerName=node0
2023-09-21 17:51:17,113 [main] INFO  server.session (DefaultSessionIdManager.java:doStart(339)) - No SessionScavenger set, using defaults
2023-09-21 17:51:17,113 [main] INFO  server.session (HouseKeeper.java:startScavenging(132)) - node0 Scavenging every 600000ms
2023-09-21 17:51:17,116 [main] INFO  handler.ContextHandler (ContextHandler.java:doStart(921)) - Started o.e.j.s.ServletContextHandler@6ab9c64e{logs,/logs,file:///home/runner/work/ozone/ozone/hadoop-ozone/integration-test/target/log,AVAILABLE}
2023-09-21 17:51:17,117 [main] INFO  handler.ContextHandler (ContextHandler.java:doStart(921)) - Started o.e.j.s.ServletContextHandler@77505c0e{static,/static,file:///home/runner/work/ozone/ozone/hadoop-ozone/integration-test/target/test-classes/webapps/static,AVAILABLE}
2023-09-21 17:51:17,126 [main] INFO  handler.ContextHandler (ContextHandler.java:doStart(921)) - Started o.e.j.w.WebAppContext@a0c2a60{scm,/,file:///home/runner/work/ozone/ozone/hadoop-ozone/integration-test/target/test-classes/webapps/scm/,AVAILABLE}{file:/home/runner/work/ozone/ozone/hadoop-ozone/integration-test/target/test-classes/webapps/scm}
2023-09-21 17:51:17,128 [main] INFO  server.AbstractConnector (AbstractConnector.java:doStart(333)) - Started ServerConnector@46e82a14{HTTP/1.1, (http/1.1)}{0.0.0.0:15056}
2023-09-21 17:51:17,128 [main] INFO  server.Server (Server.java:doStart(415)) - Started @130568ms
2023-09-21 17:51:17,128 [main] WARN  impl.MetricsSystemImpl (MetricsSystemImpl.java:register(279)) - Sink prometheus already exists!
2023-09-21 17:51:17,129 [main] INFO  http.BaseHttpServer (BaseHttpServer.java:updateConnectorAddress(354)) - HTTP server of scm listening at http://0.0.0.0:15056
2023-09-21 17:51:17,130 [main] WARN  server.ServerUtils (ServerUtils.java:getDBPath(311)) - ozone.om.db.dirs is not configured. We recommend adding this setting. Falling back to ozone.metadata.dirs instead.
2023-09-21 17:51:17,133 [main] INFO  ha.OMHANodeDetails (OMHANodeDetails.java:loadOMHAConfig(115)) - ozone.om.internal.service.id is not defined, falling back to ozone.om.service.ids to find serviceID for OzoneManager if it is HA enabled cluster
2023-09-21 17:51:17,134 [main] INFO  ha.OMHANodeDetails (OMHANodeDetails.java:loadOMHAConfig(226)) - Configuration does not have ozone.om.address set. Falling back to the default OM address /127.0.0.1:15057
2023-09-21 17:51:17,134 [main] INFO  ha.OMHANodeDetails (OMHANodeDetails.java:getOMNodeDetailsForNonHA(254)) - OM Service ID is not set. Setting it to the default ID: omServiceIdDefault
2023-09-21 17:51:17,134 [main] INFO  ha.OMHANodeDetails (OMHANodeDetails.java:getOMNodeDetailsForNonHA(261)) - OM Node ID is not set. Setting it to the default ID: om1
2023-09-21 17:51:17,134 [main] WARN  server.ServerUtils (ServerUtils.java:getDBPath(311)) - ozone.om.db.dirs is not configured. We recommend adding this setting. Falling back to ozone.metadata.dirs instead.
2023-09-21 17:51:17,136 [main] INFO  upgrade.AbstractLayoutVersionManager (AbstractLayoutVersionManager.java:init(83)) - Initializing Layout version manager with metadata layout = QUOTA (version = 6), software layout = QUOTA (version = 6)
2023-09-21 17:51:17,241 [main] INFO  reflections.Reflections (Reflections.java:scan(232)) - Reflections took 104 ms to scan 2 urls, producing 187 keys and 515 values [using 2 cores]
2023-09-21 17:51:17,242 [main] INFO  upgrade.OMLayoutVersionManager (OMLayoutVersionManager.java:lambda$0(115)) - Skipping Upgrade Action MockOmUpgradeAction since it has been finalized.
2023-09-21 17:51:17,242 [main] INFO  upgrade.OMLayoutVersionManager (OMLayoutVersionManager.java:lambda$0(115)) - Skipping Upgrade Action QuotaRepairUpgradeAction since it has been finalized.
2023-09-21 17:51:17,242 [main] WARN  server.ServerUtils (ServerUtils.java:getDBPath(311)) - ozone.om.db.dirs is not configured. We recommend adding this setting. Falling back to ozone.metadata.dirs instead.
2023-09-21 17:51:17,243 [main] INFO  proxy.SCMBlockLocationFailoverProxyProvider (SCMBlockLocationFailoverProxyProvider.java:<init>(114)) - Created block location fail-over proxy with 1 nodes: [nodeId=scmNodeId,nodeAddress=/0.0.0.0:15054]
2023-09-21 17:51:17,245 [main] INFO  proxy.SCMBlockLocationFailoverProxyProvider (SCMBlockLocationFailoverProxyProvider.java:<init>(114)) - Created block location fail-over proxy with 1 nodes: [nodeId=scmNodeId,nodeAddress=/0.0.0.0:15054]
2023-09-21 17:51:17,256 [main] INFO  om.OzoneManager (OzoneManager.java:<init>(665)) - OM start with adminUsers: [runner]
2023-09-21 17:51:17,259 [main] WARN  server.ServerUtils (ServerUtils.java:getDBPath(311)) - ozone.om.db.dirs is not configured. We recommend adding this setting. Falling back to ozone.metadata.dirs instead.
2023-09-21 17:51:17,259 [main] INFO  helpers.OmKeyInfo (OmKeyInfo.java:getCodec(71)) - OmKeyInfo.getCodec ignorePipeline = true
2023-09-21 17:51:17,524 [main] INFO  om.OzoneManager (OzoneManager.java:instantiateServices(794)) - S3 Multi-Tenancy is disabled
2023-09-21 17:51:17,524 [main] INFO  om.OmSnapshotManager (OmSnapshotManager.java:<init>(174)) - Ozone filesystem snapshot feature is enabled.
2023-09-21 17:51:17,525 [main] WARN  server.ServerUtils (ServerUtils.java:getDBPath(311)) - ozone.om.snapshot.diff.db.dir is not configured. We recommend adding this setting. Falling back to ozone.metadata.dirs instead.
2023-09-21 17:51:17,558 [main] INFO  snapshot.SnapshotDiffManager (SnapshotDiffManager.java:closeExecutorService(1718)) - Shutting down executorService: 'SstDumpToolExecutor'
2023-09-21 17:51:17,560 [main] INFO  om.OzoneManager (OzoneManager.java:addS3GVolumeToDB(4305)) - Created Volume s3v With Owner runner required for S3Gateway operations.
2023-09-21 17:51:17,561 [main] INFO  om.OzoneManager (OzoneManager.java:getRpcServer(1196)) - Creating RPC Server
2023-09-21 17:51:18,016 [main] INFO  reflections.Reflections (Reflections.java:scan(232)) - Reflections took 453 ms to scan 20 urls, producing 70 keys and 6013 values [using 2 cores]
2023-09-21 17:51:18,017 [main] INFO  ipc.CallQueueManager (CallQueueManager.java:<init>(90)) - Using callQueue: class java.util.concurrent.LinkedBlockingQueue, queueCapacity: 2000, scheduler: class org.apache.hadoop.ipc.DefaultRpcScheduler, ipcBackoff: false.
2023-09-21 17:51:18,018 [main] INFO  ipc.Server (Server.java:<init>(1287)) - Listener at 127.0.0.1:15057
2023-09-21 17:51:18,021 [Socket Reader #1 for port 15057] INFO  ipc.Server (Server.java:run(1323)) - Starting Socket Reader #1 for port 15057
2023-09-21 17:51:18,045 [main] INFO  impl.MetricsSystemImpl (MetricsSystemImpl.java:init(158)) - OzoneManager metrics system started (again)
2023-09-21 17:51:18,059 [main] INFO  om.OzoneManager (OzoneManager.java:start(1633)) - OzoneManager RPC server is listening at localhost/127.0.0.1:15057
2023-09-21 17:51:18,059 [main] INFO  om.OzoneManager (OzoneManager.java:start(1649)) - Version File has different layout version (6) than OM DB (null). That is expected if this OM has never been finalized to a newer layout version.
2023-09-21 17:51:18,067 [main] INFO  http.BaseHttpServer (BaseHttpServer.java:newHttpServer2BuilderForOzone(223)) - Starting Web-server for ozoneManager at: http://0.0.0.0:15058
2023-09-21 17:51:18,067 [main] INFO  http.BaseHttpServer (BaseHttpServer.java:<init>(110)) - Hadoop Security Enabled: false Ozone Security Enabled: false Ozone HTTP Security Enabled: false 
2023-09-21 17:51:18,069 [main] WARN  server.AuthenticationFilter (AuthenticationFilter.java:constructSecretProvider(240)) - Unable to initialize FileSignerSecretProvider, falling back to use random secrets. Reason: Could not read signature secret file: /home/runner/hadoop-http-auth-signature-secret
2023-09-21 17:51:18,070 [main] INFO  http.HttpRequestLog (HttpRequestLog.java:getRequestLog(86)) - Http request log for http.requests.ozoneManager is not defined
2023-09-21 17:51:18,073 [main] INFO  http.HttpServer2 (HttpServer2.java:addGlobalFilter(1031)) - Added global filter 'safety' (class=org.apache.hadoop.hdds.server.http.HttpServer2$QuotingInputFilter)
2023-09-21 17:51:18,074 [main] INFO  http.HttpServer2 (HttpServer2.java:addFilter(1007)) - Added filter static_user_filter (class=org.apache.hadoop.http.lib.StaticUserWebFilter$StaticUserFilter) to context ozoneManager
2023-09-21 17:51:18,074 [main] INFO  http.HttpServer2 (HttpServer2.java:addFilter(1015)) - Added filter static_user_filter (class=org.apache.hadoop.http.lib.StaticUserWebFilter$StaticUserFilter) to context logs
2023-09-21 17:51:18,074 [main] INFO  http.HttpServer2 (HttpServer2.java:addFilter(1015)) - Added filter static_user_filter (class=org.apache.hadoop.http.lib.StaticUserWebFilter$StaticUserFilter) to context static
2023-09-21 17:51:18,075 [main] INFO  http.BaseHttpServer (BaseHttpServer.java:<init>(189)) - HTTP server of ozoneManager uses base directory /home/runner/work/ozone/ozone/hadoop-ozone/integration-test/target/test-dir/MiniOzoneClusterImpl-04a8daa2-1161-4e20-9dee-837792427303/ozone-meta/webserver
2023-09-21 17:51:18,077 [main] INFO  http.HttpServer2 (HttpServer2.java:bindListener(1231)) - Jetty bound to port 15058
2023-09-21 17:51:18,077 [main] INFO  server.Server (Server.java:doStart(375)) - jetty-9.4.52.v20230823; built: 2023-08-23T19:29:37.669Z; git: abdcda73818a1a2c705da276edb0bf6581e7997e; jvm 1.8.0_382-b05
2023-09-21 17:51:18,079 [main] INFO  server.session (DefaultSessionIdManager.java:doStart(334)) - DefaultSessionIdManager workerName=node0
2023-09-21 17:51:18,079 [main] INFO  server.session (DefaultSessionIdManager.java:doStart(339)) - No SessionScavenger set, using defaults
2023-09-21 17:51:18,079 [main] INFO  server.session (HouseKeeper.java:startScavenging(132)) - node0 Scavenging every 600000ms
2023-09-21 17:51:18,080 [main] INFO  handler.ContextHandler (ContextHandler.java:doStart(921)) - Started o.e.j.s.ServletContextHandler@2ac628e{logs,/logs,file:///home/runner/work/ozone/ozone/hadoop-ozone/integration-test/target/log,AVAILABLE}
2023-09-21 17:51:18,080 [main] INFO  handler.ContextHandler (ContextHandler.java:doStart(921)) - Started o.e.j.s.ServletContextHandler@300f7994{static,/static,file:///home/runner/work/ozone/ozone/hadoop-ozone/integration-test/target/test-classes/webapps/static,AVAILABLE}
2023-09-21 17:51:18,084 [main] INFO  handler.ContextHandler (ContextHandler.java:doStart(921)) - Started o.e.j.w.WebAppContext@28f3815c{ozoneManager,/,file:///home/runner/work/ozone/ozone/hadoop-ozone/integration-test/target/test-classes/webapps/ozoneManager/,AVAILABLE}{file:/home/runner/work/ozone/ozone/hadoop-ozone/integration-test/target/test-classes/webapps/ozoneManager}
2023-09-21 17:51:18,085 [main] INFO  server.AbstractConnector (AbstractConnector.java:doStart(333)) - Started ServerConnector@6fa802c{HTTP/1.1, (http/1.1)}{0.0.0.0:15058}
2023-09-21 17:51:18,085 [main] INFO  server.Server (Server.java:doStart(415)) - Started @131525ms
2023-09-21 17:51:18,085 [main] WARN  impl.MetricsSystemImpl (MetricsSystemImpl.java:register(279)) - Sink prometheus already exists!
2023-09-21 17:51:18,086 [main] INFO  http.BaseHttpServer (BaseHttpServer.java:updateConnectorAddress(354)) - HTTP server of ozoneManager listening at http://0.0.0.0:15058
2023-09-21 17:51:18,086 [IPC Server Responder] INFO  ipc.Server (Server.java:run(1562)) - IPC Server Responder: starting
2023-09-21 17:51:18,090 [main] INFO  om.TrashPolicyOzone (TrashPolicyOzone.java:<init>(281)) - Ozone Manager trash configuration: Deletion interval = 0 minutes, Emptier interval = 0 minutes.
2023-09-21 17:51:18,093 [JvmPauseMonitor8] INFO  util.JvmPauseMonitor (JvmPauseMonitor.java:run(103)) - JvmPauseMonitor-8212fa36-dc71-4533-954d-f399acfc54f3: Started
2023-09-21 17:51:18,095 [IPC Server listener on 15057] INFO  ipc.Server (Server.java:run(1402)) - IPC Server listener on 15057: starting
2023-09-21 17:51:18,111 [main] INFO  impl.MetricsSystemImpl (MetricsSystemImpl.java:init(158)) - HddsDatanode metrics system started (again)
2023-09-21 17:51:18,127 [main] INFO  ozone.HddsDatanodeService (HddsDatanodeService.java:start(237)) - HddsDatanodeService host:fv-az259-227.nxnqhby4qkoexpon2s1bx5vqxg.dx.internal.cloudapp.net ip:10.1.0.8
2023-09-21 17:51:18,162 [main] INFO  upgrade.AbstractLayoutVersionManager (AbstractLayoutVersionManager.java:init(83)) - Initializing Layout version manager with metadata layout = HADOOP_PRC_PORTS_IN_DATANODEDETAILS (version = 7), software layout = HADOOP_PRC_PORTS_IN_DATANODEDETAILS (version = 7)
2023-09-21 17:51:18,165 [main] INFO  statemachine.DatanodeStateMachine (DatanodeStateMachine.java:getEndPointTaskThreadPoolSize(284)) - Datanode State Machine Task Thread Pool size 2
2023-09-21 17:51:18,173 [main] INFO  volume.HddsVolume (HddsVolume.java:<init>(126)) - Creating HddsVolume: /home/runner/work/ozone/ozone/hadoop-ozone/integration-test/target/test-dir/MiniOzoneClusterImpl-04a8daa2-1161-4e20-9dee-837792427303/datanode-0/data-0/containers/hdds of storage type : DISK capacity : 9223372036854775807
2023-09-21 17:51:18,173 [main] INFO  volume.MutableVolumeSet (MutableVolumeSet.java:initializeVolumeSet(173)) - Added Volume : /home/runner/work/ozone/ozone/hadoop-ozone/integration-test/target/test-dir/MiniOzoneClusterImpl-04a8daa2-1161-4e20-9dee-837792427303/datanode-0/data-0/containers/hdds to VolumeSet
2023-09-21 17:51:18,174 [main] INFO  volume.MutableVolumeSet (MutableVolumeSet.java:initializeVolumeSet(173)) - Added Volume : /home/runner/work/ozone/ozone/hadoop-ozone/integration-test/target/test-dir/MiniOzoneClusterImpl-04a8daa2-1161-4e20-9dee-837792427303/datanode-0/data/ratis to VolumeSet
2023-09-21 17:51:18,177 [Thread-1892] INFO  ozoneimpl.ContainerReader (ContainerReader.java:readVolume(177)) - Finish verifying containers on volume /home/runner/work/ozone/ozone/hadoop-ozone/integration-test/target/test-dir/MiniOzoneClusterImpl-04a8daa2-1161-4e20-9dee-837792427303/datanode-0/data-0/containers/hdds
2023-09-21 17:51:18,178 [main] INFO  ozoneimpl.OzoneContainer (OzoneContainer.java:buildContainerSet(314)) - Build ContainerSet costs 0s
2023-09-21 17:51:18,185 [main] INFO  server.RaftServer (ConfUtils.java:logGet(46)) - raft.rpc.type = GRPC (default)
2023-09-21 17:51:18,185 [main] INFO  grpc.GrpcConfigKeys (ConfUtils.java:logFallback(53)) - raft.grpc.admin.host = null (fallback to raft.grpc.server.host)
2023-09-21 17:51:18,185 [main] INFO  grpc.GrpcConfigKeys (ConfUtils.java:logGet(46)) - raft.grpc.admin.port = 15066 (custom)
2023-09-21 17:51:18,185 [main] INFO  grpc.GrpcConfigKeys (ConfUtils.java:logFallback(53)) - raft.grpc.client.host = null (fallback to raft.grpc.server.host)
2023-09-21 17:51:18,185 [main] INFO  grpc.GrpcConfigKeys (ConfUtils.java:logGet(46)) - raft.grpc.client.port = 15065 (custom)
2023-09-21 17:51:18,186 [main] INFO  grpc.GrpcConfigKeys (ConfUtils.java:logGet(46)) - raft.grpc.server.host = null (default)
2023-09-21 17:51:18,186 [main] INFO  grpc.GrpcConfigKeys (ConfUtils.java:logGet(46)) - raft.grpc.server.port = 15067 (custom)
2023-09-21 17:51:18,186 [main] INFO  server.GrpcService (ConfUtils.java:logGet(46)) - raft.grpc.message.size.max = 32MB (=33554432) (custom)
2023-09-21 17:51:18,186 [main] INFO  server.RaftServerConfigKeys (ConfUtils.java:logGet(46)) - raft.server.log.appender.buffer.byte-limit = 33554432 (custom)
2023-09-21 17:51:18,186 [main] INFO  server.GrpcService (ConfUtils.java:logGet(46)) - raft.grpc.flow.control.window = 5MB (=5242880) (custom)
2023-09-21 17:51:18,186 [main] INFO  server.RaftServerConfigKeys (ConfUtils.java:logGet(46)) - raft.server.rpc.request.timeout = 60s (custom)
2023-09-21 17:51:18,187 [main] INFO  grpc.GrpcConfigKeys (ConfUtils.java:logGet(46)) - raft.grpc.server.heartbeat.channel = true (default)
2023-09-21 17:51:18,187 [main] INFO  grpc.GrpcConfigKeys (ConfUtils.java:logGet(46)) - raft.grpc.server.async.request.thread.pool.cached = true (default)
2023-09-21 17:51:18,187 [main] INFO  grpc.GrpcConfigKeys (ConfUtils.java:logGet(46)) - raft.grpc.server.async.request.thread.pool.size = 32 (default)
2023-09-21 17:51:18,191 [main] INFO  impl.DataStreamServerImpl (ConfUtils.java:logGet(46)) - raft.datastream.type = NETTY (custom)
2023-09-21 17:51:18,191 [main] INFO  server.RaftServerConfigKeys (ConfUtils.java:logGet(46)) - raft.server.data-stream.async.request.thread.pool.cached = false (default)
2023-09-21 17:51:18,191 [main] INFO  server.RaftServerConfigKeys (ConfUtils.java:logGet(46)) - raft.server.data-stream.async.request.thread.pool.size = 20 (custom)
2023-09-21 17:51:18,192 [main] INFO  server.RaftServerConfigKeys (ConfUtils.java:logGet(46)) - raft.server.data-stream.async.write.thread.pool.size = 16 (default)
2023-09-21 17:51:18,192 [main] INFO  server.RaftServerConfigKeys (ConfUtils.java:logGet(46)) - raft.server.data-stream.client.pool.size = 10 (default)
2023-09-21 17:51:18,192 [main] INFO  netty.NettyConfigKeys$DataStream (ConfUtils.java:logGet(46)) - raft.netty.dataStream.server.use-epoll = false (default)
2023-09-21 17:51:18,192 [main] INFO  netty.NettyConfigKeys$DataStream (ConfUtils.java:logGet(46)) - raft.netty.dataStream.server.boss-group.size = 0 (default)
2023-09-21 17:51:18,194 [main] INFO  netty.NettyConfigKeys$DataStream (ConfUtils.java:logGet(46)) - raft.netty.dataStream.server.worker-group.size = 0 (default)
2023-09-21 17:51:18,194 [main] INFO  netty.NettyConfigKeys$DataStream (ConfUtils.java:logGet(46)) - raft.netty.dataStream.server.tls.conf = null (default)
2023-09-21 17:51:18,194 [main] INFO  netty.NettyConfigKeys$DataStream (ConfUtils.java:logGet(46)) - raft.netty.dataStream.host = null (default)
2023-09-21 17:51:18,194 [main] INFO  netty.NettyConfigKeys$DataStream (ConfUtils.java:logGet(46)) - raft.netty.dataStream.port = 15068 (custom)
2023-09-21 17:51:18,195 [main] INFO  server.RaftServerConfigKeys (ConfUtils.java:logGet(46)) - raft.server.threadpool.proxy.cached = true (default)
2023-09-21 17:51:18,195 [main] INFO  server.RaftServerConfigKeys (ConfUtils.java:logGet(46)) - raft.server.threadpool.proxy.size = 0 (default)
2023-09-21 17:51:18,195 [main] INFO  server.RaftServerConfigKeys (ConfUtils.java:logGet(46)) - raft.server.rpc.slowness.timeout = 300s (custom)
2023-09-21 17:51:18,196 [21cefe31-b447-4cde-b371-f0af1d83a0ae-NettyServerStreamRpc-bossGroup--thread1] INFO  logging.LoggingHandler (AbstractInternalLogger.java:log(148)) - [id: 0x07dcbc16] REGISTERED
2023-09-21 17:51:18,196 [main] INFO  server.RaftServerConfigKeys (ConfUtils.java:logGet(46)) - raft.server.leaderelection.leader.step-down.wait-time = 10s (default)
2023-09-21 17:51:18,196 [21cefe31-b447-4cde-b371-f0af1d83a0ae-NettyServerStreamRpc-bossGroup--thread1] INFO  logging.LoggingHandler (AbstractInternalLogger.java:log(148)) - [id: 0x07dcbc16] BIND: 0.0.0.0/0.0.0.0:15068
2023-09-21 17:51:18,196 [main] INFO  server.RaftServerConfigKeys (ConfUtils.java:logGet(46)) - raft.server.storage.dir = [/home/runner/work/ozone/ozone/hadoop-ozone/integration-test/target/test-dir/MiniOzoneClusterImpl-04a8daa2-1161-4e20-9dee-837792427303/datanode-0/data/ratis] (custom)
2023-09-21 17:51:18,196 [21cefe31-b447-4cde-b371-f0af1d83a0ae-NettyServerStreamRpc-bossGroup--thread1] INFO  logging.LoggingHandler (AbstractInternalLogger.java:log(148)) - [id: 0x07dcbc16, L:/0:0:0:0:0:0:0:0:15068] ACTIVE
2023-09-21 17:51:18,198 [21cefe31-b447-4cde-b371-f0af1d83a0ae-impl-thread1] INFO  server.RaftServer (RaftServerProxy.java:initGroupDir(258)) - 21cefe31-b447-4cde-b371-f0af1d83a0ae: found a subdirectory /home/runner/work/ozone/ozone/hadoop-ozone/integration-test/target/test-dir/MiniOzoneClusterImpl-04a8daa2-1161-4e20-9dee-837792427303/datanode-0/data/ratis/tmp
2023-09-21 17:51:18,198 [21cefe31-b447-4cde-b371-f0af1d83a0ae-impl-thread1] INFO  server.RaftServer (RaftServerProxy.java:initGroupDir(263)) - 21cefe31-b447-4cde-b371-f0af1d83a0ae: The directory /home/runner/work/ozone/ozone/hadoop-ozone/integration-test/target/test-dir/MiniOzoneClusterImpl-04a8daa2-1161-4e20-9dee-837792427303/datanode-0/data/ratis/tmp is not a group directory; ignoring it. 
2023-09-21 17:51:18,198 [main] INFO  replication.ReplicationServer (ReplicationServer.java:<init>(83)) - Initializing replication server with thread count = 10 queue length = 4096
2023-09-21 17:51:18,200 [main] INFO  server.XceiverServerGrpc (XceiverServerGrpc.java:<init>(132)) - GrpcServer channel type EpollServerSocketChannel
2023-09-21 17:51:18,202 [main] INFO  replication.ReplicationSupervisor (ReplicationSupervisor.java:build(155)) - Initializing replication supervisor with thread count = 10
2023-09-21 17:51:18,202 [main] INFO  replication.ReplicationSupervisor (ReplicationSupervisor.java:nodeStateUpdated(307)) - Node state updated to IN_SERVICE, scaling executor pool size to 10
2023-09-21 17:51:18,208 [main] INFO  http.BaseHttpServer (BaseHttpServer.java:newHttpServer2BuilderForOzone(223)) - Starting Web-server for hddsDatanode at: http://0.0.0.0:15062
2023-09-21 17:51:18,208 [main] INFO  http.BaseHttpServer (BaseHttpServer.java:<init>(110)) - Hadoop Security Enabled: false Ozone Security Enabled: false Ozone HTTP Security Enabled: false 
2023-09-21 17:51:18,209 [main] WARN  server.AuthenticationFilter (AuthenticationFilter.java:constructSecretProvider(240)) - Unable to initialize FileSignerSecretProvider, falling back to use random secrets. Reason: Could not read signature secret file: /home/runner/hadoop-http-auth-signature-secret
2023-09-21 17:51:18,210 [main] INFO  http.HttpRequestLog (HttpRequestLog.java:getRequestLog(86)) - Http request log for http.requests.hddsDatanode is not defined
2023-09-21 17:51:18,211 [main] INFO  http.HttpServer2 (HttpServer2.java:addGlobalFilter(1031)) - Added global filter 'safety' (class=org.apache.hadoop.hdds.server.http.HttpServer2$QuotingInputFilter)
2023-09-21 17:51:18,212 [main] INFO  http.HttpServer2 (HttpServer2.java:addFilter(1007)) - Added filter static_user_filter (class=org.apache.hadoop.http.lib.StaticUserWebFilter$StaticUserFilter) to context hddsDatanode
2023-09-21 17:51:18,212 [main] INFO  http.HttpServer2 (HttpServer2.java:addFilter(1015)) - Added filter static_user_filter (class=org.apache.hadoop.http.lib.StaticUserWebFilter$StaticUserFilter) to context logs
2023-09-21 17:51:18,212 [main] INFO  http.HttpServer2 (HttpServer2.java:addFilter(1015)) - Added filter static_user_filter (class=org.apache.hadoop.http.lib.StaticUserWebFilter$StaticUserFilter) to context static
2023-09-21 17:51:18,213 [main] INFO  http.BaseHttpServer (BaseHttpServer.java:<init>(189)) - HTTP server of hddsDatanode uses base directory /home/runner/work/ozone/ozone/hadoop-ozone/integration-test/target/test-dir/MiniOzoneClusterImpl-04a8daa2-1161-4e20-9dee-837792427303/datanode-0/meta/webserver
2023-09-21 17:51:18,214 [main] INFO  http.HttpServer2 (HttpServer2.java:bindListener(1231)) - Jetty bound to port 15062
2023-09-21 17:51:18,214 [main] INFO  server.Server (Server.java:doStart(375)) - jetty-9.4.52.v20230823; built: 2023-08-23T19:29:37.669Z; git: abdcda73818a1a2c705da276edb0bf6581e7997e; jvm 1.8.0_382-b05
2023-09-21 17:51:18,215 [main] INFO  server.session (DefaultSessionIdManager.java:doStart(334)) - DefaultSessionIdManager workerName=node0
2023-09-21 17:51:18,215 [main] INFO  server.session (DefaultSessionIdManager.java:doStart(339)) - No SessionScavenger set, using defaults
2023-09-21 17:51:18,216 [main] INFO  server.session (HouseKeeper.java:startScavenging(132)) - node0 Scavenging every 600000ms
2023-09-21 17:51:18,216 [main] INFO  handler.ContextHandler (ContextHandler.java:doStart(921)) - Started o.e.j.s.ServletContextHandler@3471e039{logs,/logs,file:///home/runner/work/ozone/ozone/hadoop-ozone/integration-test/target/log,AVAILABLE}
2023-09-21 17:51:18,217 [main] INFO  handler.ContextHandler (ContextHandler.java:doStart(921)) - Started o.e.j.s.ServletContextHandler@60bd0862{static,/static,jar:file:/home/runner/.m2/repository/org/apache/ozone/hdds-container-service/1.4.0-SNAPSHOT/hdds-container-service-1.4.0-SNAPSHOT.jar!/webapps/static,AVAILABLE}
2023-09-21 17:51:18,472 [main] INFO  handler.ContextHandler (ContextHandler.java:doStart(921)) - Started o.e.j.w.WebAppContext@f0cf449{hddsDatanode,/,file:///home/runner/work/ozone/ozone/hadoop-ozone/integration-test/target/test-dir/MiniOzoneClusterImpl-04a8daa2-1161-4e20-9dee-837792427303/datanode-0/meta/webserver/jetty-0_0_0_0-15062-hdds-container-service-1_4_0-SNAPSHOT_jar-_-any-8415761386260901640/webapp/,AVAILABLE}{jar:file:/home/runner/.m2/repository/org/apache/ozone/hdds-container-service/1.4.0-SNAPSHOT/hdds-container-service-1.4.0-SNAPSHOT.jar!/webapps/hddsDatanode}
2023-09-21 17:51:18,473 [main] INFO  server.AbstractConnector (AbstractConnector.java:doStart(333)) - Started ServerConnector@e52e46a{HTTP/1.1, (http/1.1)}{0.0.0.0:15062}
2023-09-21 17:51:18,474 [main] INFO  server.Server (Server.java:doStart(415)) - Started @131914ms
2023-09-21 17:51:18,474 [main] WARN  impl.MetricsSystemImpl (MetricsSystemImpl.java:register(279)) - Sink prometheus already exists!
2023-09-21 17:51:18,474 [main] INFO  http.BaseHttpServer (BaseHttpServer.java:updateConnectorAddress(354)) - HTTP server of hddsDatanode listening at http://0.0.0.0:15062
2023-09-21 17:51:18,475 [main] INFO  ipc.CallQueueManager (CallQueueManager.java:<init>(90)) - Using callQueue: class java.util.concurrent.LinkedBlockingQueue, queueCapacity: 100, scheduler: class org.apache.hadoop.ipc.DefaultRpcScheduler, ipcBackoff: false.
2023-09-21 17:51:18,475 [main] INFO  ipc.Server (Server.java:<init>(1287)) - Listener at 0.0.0.0:15063
2023-09-21 17:51:18,476 [Socket Reader #1 for port 15063] INFO  ipc.Server (Server.java:run(1323)) - Starting Socket Reader #1 for port 15063
2023-09-21 17:51:18,479 [main] INFO  ozone.HddsDatanodeService (HddsDatanodeService.java:start(315)) - Datanode start with admins: [runner]
2023-09-21 17:51:18,479 [main] INFO  ozone.HddsDatanodeClientProtocolServer (HddsDatanodeClientProtocolServer.java:start(72)) - RPC server for Client /0.0.0.0:15063
2023-09-21 17:51:18,480 [IPC Server Responder] INFO  ipc.Server (Server.java:run(1562)) - IPC Server Responder: starting
2023-09-21 17:51:18,482 [IPC Server listener on 15063] INFO  ipc.Server (Server.java:run(1402)) - IPC Server listener on 15063: starting
2023-09-21 17:51:18,486 [Datanode State Machine Daemon Thread] INFO  statemachine.DatanodeStateMachine (DatanodeStateMachine.java:lambda$startDaemon$0(540)) - Ozone container server started.
2023-09-21 17:51:18,486 [main] WARN  impl.MetricRegistriesImpl (MetricRegistriesImpl.java:addReporterRegistration(111)) - New reporters are added after registries were created. Some metrics will be missing from the reporter. Please add reporter before adding any new registry.
2023-09-21 17:51:18,487 [main] WARN  impl.MetricRegistriesImpl (MetricRegistriesImpl.java:addReporterRegistration(111)) - New reporters are added after registries were created. Some metrics will be missing from the reporter. Please add reporter before adding any new registry.
2023-09-21 17:51:18,487 [main] INFO  impl.MetricsSystemImpl (MetricsSystemImpl.java:init(158)) - HddsDatanode metrics system started (again)
2023-09-21 17:51:18,498 [Datanode State Machine Task Thread - 0] INFO  datanode.InitDatanodeState (InitDatanodeState.java:persistContainerDatanodeDetails(138)) - DatanodeDetails is persisted to /home/runner/work/ozone/ozone/hadoop-ozone/integration-test/target/test-dir/MiniOzoneClusterImpl-04a8daa2-1161-4e20-9dee-837792427303/datanode-0/meta/datanode.id
2023-09-21 17:51:18,509 [main] INFO  ozone.HddsDatanodeService (HddsDatanodeService.java:start(237)) - HddsDatanodeService host:fv-az259-227.nxnqhby4qkoexpon2s1bx5vqxg.dx.internal.cloudapp.net ip:10.1.0.8
2023-09-21 17:51:18,542 [main] INFO  upgrade.AbstractLayoutVersionManager (AbstractLayoutVersionManager.java:init(83)) - Initializing Layout version manager with metadata layout = HADOOP_PRC_PORTS_IN_DATANODEDETAILS (version = 7), software layout = HADOOP_PRC_PORTS_IN_DATANODEDETAILS (version = 7)
2023-09-21 17:51:18,543 [main] INFO  statemachine.DatanodeStateMachine (DatanodeStateMachine.java:getEndPointTaskThreadPoolSize(284)) - Datanode State Machine Task Thread Pool size 2
2023-09-21 17:51:18,551 [main] INFO  volume.HddsVolume (HddsVolume.java:<init>(126)) - Creating HddsVolume: /home/runner/work/ozone/ozone/hadoop-ozone/integration-test/target/test-dir/MiniOzoneClusterImpl-04a8daa2-1161-4e20-9dee-837792427303/datanode-1/data-0/containers/hdds of storage type : DISK capacity : 9223372036854775807
2023-09-21 17:51:18,551 [main] INFO  volume.MutableVolumeSet (MutableVolumeSet.java:initializeVolumeSet(173)) - Added Volume : /home/runner/work/ozone/ozone/hadoop-ozone/integration-test/target/test-dir/MiniOzoneClusterImpl-04a8daa2-1161-4e20-9dee-837792427303/datanode-1/data-0/containers/hdds to VolumeSet
2023-09-21 17:51:18,552 [main] INFO  volume.MutableVolumeSet (MutableVolumeSet.java:initializeVolumeSet(173)) - Added Volume : /home/runner/work/ozone/ozone/hadoop-ozone/integration-test/target/test-dir/MiniOzoneClusterImpl-04a8daa2-1161-4e20-9dee-837792427303/datanode-1/data/ratis to VolumeSet
2023-09-21 17:51:18,553 [Thread-1909] INFO  ozoneimpl.ContainerReader (ContainerReader.java:readVolume(177)) - Finish verifying containers on volume /home/runner/work/ozone/ozone/hadoop-ozone/integration-test/target/test-dir/MiniOzoneClusterImpl-04a8daa2-1161-4e20-9dee-837792427303/datanode-1/data-0/containers/hdds
2023-09-21 17:51:18,553 [main] INFO  ozoneimpl.OzoneContainer (OzoneContainer.java:buildContainerSet(314)) - Build ContainerSet costs 0s
2023-09-21 17:51:18,556 [main] INFO  server.RaftServer (ConfUtils.java:logGet(46)) - raft.rpc.type = GRPC (default)
2023-09-21 17:51:18,556 [main] INFO  grpc.GrpcConfigKeys (ConfUtils.java:logFallback(53)) - raft.grpc.admin.host = null (fallback to raft.grpc.server.host)
2023-09-21 17:51:18,556 [main] INFO  grpc.GrpcConfigKeys (ConfUtils.java:logGet(46)) - raft.grpc.admin.port = 15075 (custom)
2023-09-21 17:51:18,556 [main] INFO  grpc.GrpcConfigKeys (ConfUtils.java:logFallback(53)) - raft.grpc.client.host = null (fallback to raft.grpc.server.host)
2023-09-21 17:51:18,556 [main] INFO  grpc.GrpcConfigKeys (ConfUtils.java:logGet(46)) - raft.grpc.client.port = 15074 (custom)
2023-09-21 17:51:18,556 [main] INFO  grpc.GrpcConfigKeys (ConfUtils.java:logGet(46)) - raft.grpc.server.host = null (default)
2023-09-21 17:51:18,557 [main] INFO  grpc.GrpcConfigKeys (ConfUtils.java:logGet(46)) - raft.grpc.server.port = 15076 (custom)
2023-09-21 17:51:18,557 [main] INFO  server.GrpcService (ConfUtils.java:logGet(46)) - raft.grpc.message.size.max = 32MB (=33554432) (custom)
2023-09-21 17:51:18,557 [main] INFO  server.RaftServerConfigKeys (ConfUtils.java:logGet(46)) - raft.server.log.appender.buffer.byte-limit = 33554432 (custom)
2023-09-21 17:51:18,557 [main] INFO  server.GrpcService (ConfUtils.java:logGet(46)) - raft.grpc.flow.control.window = 5MB (=5242880) (custom)
2023-09-21 17:51:18,560 [main] INFO  server.RaftServerConfigKeys (ConfUtils.java:logGet(46)) - raft.server.rpc.request.timeout = 60s (custom)
2023-09-21 17:51:18,560 [main] INFO  grpc.GrpcConfigKeys (ConfUtils.java:logGet(46)) - raft.grpc.server.heartbeat.channel = true (default)
2023-09-21 17:51:18,560 [main] INFO  grpc.GrpcConfigKeys (ConfUtils.java:logGet(46)) - raft.grpc.server.async.request.thread.pool.cached = true (default)
2023-09-21 17:51:18,560 [main] INFO  grpc.GrpcConfigKeys (ConfUtils.java:logGet(46)) - raft.grpc.server.async.request.thread.pool.size = 32 (default)
2023-09-21 17:51:18,563 [main] INFO  impl.DataStreamServerImpl (ConfUtils.java:logGet(46)) - raft.datastream.type = NETTY (custom)
2023-09-21 17:51:18,564 [main] INFO  server.RaftServerConfigKeys (ConfUtils.java:logGet(46)) - raft.server.data-stream.async.request.thread.pool.cached = false (default)
2023-09-21 17:51:18,564 [main] INFO  server.RaftServerConfigKeys (ConfUtils.java:logGet(46)) - raft.server.data-stream.async.request.thread.pool.size = 20 (custom)
2023-09-21 17:51:18,564 [main] INFO  server.RaftServerConfigKeys (ConfUtils.java:logGet(46)) - raft.server.data-stream.async.write.thread.pool.size = 16 (default)
2023-09-21 17:51:18,564 [main] INFO  server.RaftServerConfigKeys (ConfUtils.java:logGet(46)) - raft.server.data-stream.client.pool.size = 10 (default)
2023-09-21 17:51:18,564 [main] INFO  netty.NettyConfigKeys$DataStream (ConfUtils.java:logGet(46)) - raft.netty.dataStream.server.use-epoll = false (default)
2023-09-21 17:51:18,565 [main] INFO  netty.NettyConfigKeys$DataStream (ConfUtils.java:logGet(46)) - raft.netty.dataStream.server.boss-group.size = 0 (default)
2023-09-21 17:51:18,565 [main] INFO  netty.NettyConfigKeys$DataStream (ConfUtils.java:logGet(46)) - raft.netty.dataStream.server.worker-group.size = 0 (default)
2023-09-21 17:51:18,566 [main] INFO  netty.NettyConfigKeys$DataStream (ConfUtils.java:logGet(46)) - raft.netty.dataStream.server.tls.conf = null (default)
2023-09-21 17:51:18,566 [main] INFO  netty.NettyConfigKeys$DataStream (ConfUtils.java:logGet(46)) - raft.netty.dataStream.host = null (default)
2023-09-21 17:51:18,566 [main] INFO  netty.NettyConfigKeys$DataStream (ConfUtils.java:logGet(46)) - raft.netty.dataStream.port = 15077 (custom)
2023-09-21 17:51:18,566 [main] INFO  server.RaftServerConfigKeys (ConfUtils.java:logGet(46)) - raft.server.threadpool.proxy.cached = true (default)
2023-09-21 17:51:18,567 [main] INFO  server.RaftServerConfigKeys (ConfUtils.java:logGet(46)) - raft.server.threadpool.proxy.size = 0 (default)
2023-09-21 17:51:18,567 [main] INFO  server.RaftServerConfigKeys (ConfUtils.java:logGet(46)) - raft.server.rpc.slowness.timeout = 300s (custom)
2023-09-21 17:51:18,567 [main] INFO  server.RaftServerConfigKeys (ConfUtils.java:logGet(46)) - raft.server.leaderelection.leader.step-down.wait-time = 10s (default)
2023-09-21 17:51:18,567 [main] INFO  server.RaftServerConfigKeys (ConfUtils.java:logGet(46)) - raft.server.storage.dir = [/home/runner/work/ozone/ozone/hadoop-ozone/integration-test/target/test-dir/MiniOzoneClusterImpl-04a8daa2-1161-4e20-9dee-837792427303/datanode-1/data/ratis] (custom)
2023-09-21 17:51:18,568 [37083bac-0b78-4ab7-8270-b85e08b802dc-NettyServerStreamRpc-bossGroup--thread1] INFO  logging.LoggingHandler (AbstractInternalLogger.java:log(148)) - [id: 0x0b832a3b] REGISTERED
2023-09-21 17:51:18,568 [37083bac-0b78-4ab7-8270-b85e08b802dc-NettyServerStreamRpc-bossGroup--thread1] INFO  logging.LoggingHandler (AbstractInternalLogger.java:log(148)) - [id: 0x0b832a3b] BIND: 0.0.0.0/0.0.0.0:15077
2023-09-21 17:51:18,568 [37083bac-0b78-4ab7-8270-b85e08b802dc-NettyServerStreamRpc-bossGroup--thread1] INFO  logging.LoggingHandler (AbstractInternalLogger.java:log(148)) - [id: 0x0b832a3b, L:/0:0:0:0:0:0:0:0:15077] ACTIVE
2023-09-21 17:51:18,568 [37083bac-0b78-4ab7-8270-b85e08b802dc-impl-thread1] INFO  server.RaftServer (RaftServerProxy.java:initGroupDir(258)) - 37083bac-0b78-4ab7-8270-b85e08b802dc: found a subdirectory /home/runner/work/ozone/ozone/hadoop-ozone/integration-test/target/test-dir/MiniOzoneClusterImpl-04a8daa2-1161-4e20-9dee-837792427303/datanode-1/data/ratis/tmp
2023-09-21 17:51:18,568 [37083bac-0b78-4ab7-8270-b85e08b802dc-impl-thread1] INFO  server.RaftServer (RaftServerProxy.java:initGroupDir(263)) - 37083bac-0b78-4ab7-8270-b85e08b802dc: The directory /home/runner/work/ozone/ozone/hadoop-ozone/integration-test/target/test-dir/MiniOzoneClusterImpl-04a8daa2-1161-4e20-9dee-837792427303/datanode-1/data/ratis/tmp is not a group directory; ignoring it. 
2023-09-21 17:51:18,573 [main] INFO  replication.ReplicationServer (ReplicationServer.java:<init>(83)) - Initializing replication server with thread count = 10 queue length = 4096
2023-09-21 17:51:18,575 [main] INFO  server.XceiverServerGrpc (XceiverServerGrpc.java:<init>(132)) - GrpcServer channel type EpollServerSocketChannel
2023-09-21 17:51:18,577 [main] INFO  replication.ReplicationSupervisor (ReplicationSupervisor.java:build(155)) - Initializing replication supervisor with thread count = 10
2023-09-21 17:51:18,577 [main] INFO  replication.ReplicationSupervisor (ReplicationSupervisor.java:nodeStateUpdated(307)) - Node state updated to IN_SERVICE, scaling executor pool size to 10
2023-09-21 17:51:18,580 [main] INFO  http.BaseHttpServer (BaseHttpServer.java:newHttpServer2BuilderForOzone(223)) - Starting Web-server for hddsDatanode at: http://0.0.0.0:15071
2023-09-21 17:51:18,581 [main] INFO  http.BaseHttpServer (BaseHttpServer.java:<init>(110)) - Hadoop Security Enabled: false Ozone Security Enabled: false Ozone HTTP Security Enabled: false 
2023-09-21 17:51:18,582 [main] WARN  server.AuthenticationFilter (AuthenticationFilter.java:constructSecretProvider(240)) - Unable to initialize FileSignerSecretProvider, falling back to use random secrets. Reason: Could not read signature secret file: /home/runner/hadoop-http-auth-signature-secret
2023-09-21 17:51:18,583 [main] INFO  http.HttpRequestLog (HttpRequestLog.java:getRequestLog(86)) - Http request log for http.requests.hddsDatanode is not defined
2023-09-21 17:51:18,585 [main] INFO  http.HttpServer2 (HttpServer2.java:addGlobalFilter(1031)) - Added global filter 'safety' (class=org.apache.hadoop.hdds.server.http.HttpServer2$QuotingInputFilter)
2023-09-21 17:51:18,585 [main] INFO  http.HttpServer2 (HttpServer2.java:addFilter(1007)) - Added filter static_user_filter (class=org.apache.hadoop.http.lib.StaticUserWebFilter$StaticUserFilter) to context hddsDatanode
2023-09-21 17:51:18,586 [main] INFO  http.HttpServer2 (HttpServer2.java:addFilter(1015)) - Added filter static_user_filter (class=org.apache.hadoop.http.lib.StaticUserWebFilter$StaticUserFilter) to context static
2023-09-21 17:51:18,586 [main] INFO  http.HttpServer2 (HttpServer2.java:addFilter(1015)) - Added filter static_user_filter (class=org.apache.hadoop.http.lib.StaticUserWebFilter$StaticUserFilter) to context logs
2023-09-21 17:51:18,586 [main] INFO  http.BaseHttpServer (BaseHttpServer.java:<init>(189)) - HTTP server of hddsDatanode uses base directory /home/runner/work/ozone/ozone/hadoop-ozone/integration-test/target/test-dir/MiniOzoneClusterImpl-04a8daa2-1161-4e20-9dee-837792427303/datanode-1/meta/webserver
2023-09-21 17:51:18,587 [main] INFO  http.HttpServer2 (HttpServer2.java:bindListener(1231)) - Jetty bound to port 15071
2023-09-21 17:51:18,587 [main] INFO  server.Server (Server.java:doStart(375)) - jetty-9.4.52.v20230823; built: 2023-08-23T19:29:37.669Z; git: abdcda73818a1a2c705da276edb0bf6581e7997e; jvm 1.8.0_382-b05
2023-09-21 17:51:18,593 [main] INFO  server.session (DefaultSessionIdManager.java:doStart(334)) - DefaultSessionIdManager workerName=node0
2023-09-21 17:51:18,593 [main] INFO  server.session (DefaultSessionIdManager.java:doStart(339)) - No SessionScavenger set, using defaults
2023-09-21 17:51:18,593 [main] INFO  server.session (HouseKeeper.java:startScavenging(132)) - node0 Scavenging every 600000ms
2023-09-21 17:51:18,599 [main] INFO  handler.ContextHandler (ContextHandler.java:doStart(921)) - Started o.e.j.s.ServletContextHandler@593e22c5{logs,/logs,file:///home/runner/work/ozone/ozone/hadoop-ozone/integration-test/target/log,AVAILABLE}
2023-09-21 17:51:18,599 [main] INFO  handler.ContextHandler (ContextHandler.java:doStart(921)) - Started o.e.j.s.ServletContextHandler@5479496b{static,/static,jar:file:/home/runner/.m2/repository/org/apache/ozone/hdds-container-service/1.4.0-SNAPSHOT/hdds-container-service-1.4.0-SNAPSHOT.jar!/webapps/static,AVAILABLE}
2023-09-21 17:51:18,856 [main] INFO  handler.ContextHandler (ContextHandler.java:doStart(921)) - Started o.e.j.w.WebAppContext@3ae66730{hddsDatanode,/,file:///home/runner/work/ozone/ozone/hadoop-ozone/integration-test/target/test-dir/MiniOzoneClusterImpl-04a8daa2-1161-4e20-9dee-837792427303/datanode-1/meta/webserver/jetty-0_0_0_0-15071-hdds-container-service-1_4_0-SNAPSHOT_jar-_-any-3684420551631580716/webapp/,AVAILABLE}{jar:file:/home/runner/.m2/repository/org/apache/ozone/hdds-container-service/1.4.0-SNAPSHOT/hdds-container-service-1.4.0-SNAPSHOT.jar!/webapps/hddsDatanode}
2023-09-21 17:51:18,858 [main] INFO  server.AbstractConnector (AbstractConnector.java:doStart(333)) - Started ServerConnector@703a305{HTTP/1.1, (http/1.1)}{0.0.0.0:15071}
2023-09-21 17:51:18,858 [main] INFO  server.Server (Server.java:doStart(415)) - Started @132298ms
2023-09-21 17:51:18,859 [main] WARN  impl.MetricsSystemImpl (MetricsSystemImpl.java:register(279)) - Sink prometheus already exists!
2023-09-21 17:51:18,859 [main] INFO  http.BaseHttpServer (BaseHttpServer.java:updateConnectorAddress(354)) - HTTP server of hddsDatanode listening at http://0.0.0.0:15071
2023-09-21 17:51:18,860 [main] INFO  ipc.CallQueueManager (CallQueueManager.java:<init>(90)) - Using callQueue: class java.util.concurrent.LinkedBlockingQueue, queueCapacity: 100, scheduler: class org.apache.hadoop.ipc.DefaultRpcScheduler, ipcBackoff: false.
2023-09-21 17:51:18,860 [main] INFO  ipc.Server (Server.java:<init>(1287)) - Listener at 0.0.0.0:15072
2023-09-21 17:51:18,861 [Socket Reader #1 for port 15072] INFO  ipc.Server (Server.java:run(1323)) - Starting Socket Reader #1 for port 15072
2023-09-21 17:51:18,865 [main] INFO  ozone.HddsDatanodeService (HddsDatanodeService.java:start(315)) - Datanode start with admins: [runner]
2023-09-21 17:51:18,865 [main] INFO  ozone.HddsDatanodeClientProtocolServer (HddsDatanodeClientProtocolServer.java:start(72)) - RPC server for Client /0.0.0.0:15072
2023-09-21 17:51:18,865 [IPC Server Responder] INFO  ipc.Server (Server.java:run(1562)) - IPC Server Responder: starting
2023-09-21 17:51:18,870 [main] WARN  impl.MetricRegistriesImpl (MetricRegistriesImpl.java:addReporterRegistration(111)) - New reporters are added after registries were created. Some metrics will be missing from the reporter. Please add reporter before adding any new registry.
2023-09-21 17:51:18,870 [main] WARN  impl.MetricRegistriesImpl (MetricRegistriesImpl.java:addReporterRegistration(111)) - New reporters are added after registries were created. Some metrics will be missing from the reporter. Please add reporter before adding any new registry.
2023-09-21 17:51:18,870 [main] INFO  impl.MetricsSystemImpl (MetricsSystemImpl.java:init(158)) - HddsDatanode metrics system started (again)
2023-09-21 17:51:18,872 [IPC Server listener on 15072] INFO  ipc.Server (Server.java:run(1402)) - IPC Server listener on 15072: starting
2023-09-21 17:51:18,872 [Datanode State Machine Daemon Thread] INFO  statemachine.DatanodeStateMachine (DatanodeStateMachine.java:lambda$startDaemon$0(540)) - Ozone container server started.
2023-09-21 17:51:18,883 [Datanode State Machine Task Thread - 0] INFO  datanode.InitDatanodeState (InitDatanodeState.java:persistContainerDatanodeDetails(138)) - DatanodeDetails is persisted to /home/runner/work/ozone/ozone/hadoop-ozone/integration-test/target/test-dir/MiniOzoneClusterImpl-04a8daa2-1161-4e20-9dee-837792427303/datanode-1/meta/datanode.id
2023-09-21 17:51:18,889 [main] INFO  ozone.HddsDatanodeService (HddsDatanodeService.java:start(237)) - HddsDatanodeService host:fv-az259-227.nxnqhby4qkoexpon2s1bx5vqxg.dx.internal.cloudapp.net ip:10.1.0.8
2023-09-21 17:51:18,917 [main] INFO  upgrade.AbstractLayoutVersionManager (AbstractLayoutVersionManager.java:init(83)) - Initializing Layout version manager with metadata layout = HADOOP_PRC_PORTS_IN_DATANODEDETAILS (version = 7), software layout = HADOOP_PRC_PORTS_IN_DATANODEDETAILS (version = 7)
2023-09-21 17:51:18,918 [main] INFO  statemachine.DatanodeStateMachine (DatanodeStateMachine.java:getEndPointTaskThreadPoolSize(284)) - Datanode State Machine Task Thread Pool size 2
2023-09-21 17:51:18,920 [main] INFO  volume.HddsVolume (HddsVolume.java:<init>(126)) - Creating HddsVolume: /home/runner/work/ozone/ozone/hadoop-ozone/integration-test/target/test-dir/MiniOzoneClusterImpl-04a8daa2-1161-4e20-9dee-837792427303/datanode-2/data-0/containers/hdds of storage type : DISK capacity : 9223372036854775807
2023-09-21 17:51:18,920 [main] INFO  volume.MutableVolumeSet (MutableVolumeSet.java:initializeVolumeSet(173)) - Added Volume : /home/runner/work/ozone/ozone/hadoop-ozone/integration-test/target/test-dir/MiniOzoneClusterImpl-04a8daa2-1161-4e20-9dee-837792427303/datanode-2/data-0/containers/hdds to VolumeSet
2023-09-21 17:51:18,922 [main] INFO  volume.MutableVolumeSet (MutableVolumeSet.java:initializeVolumeSet(173)) - Added Volume : /home/runner/work/ozone/ozone/hadoop-ozone/integration-test/target/test-dir/MiniOzoneClusterImpl-04a8daa2-1161-4e20-9dee-837792427303/datanode-2/data/ratis to VolumeSet
2023-09-21 17:51:18,923 [Thread-1926] INFO  ozoneimpl.ContainerReader (ContainerReader.java:readVolume(177)) - Finish verifying containers on volume /home/runner/work/ozone/ozone/hadoop-ozone/integration-test/target/test-dir/MiniOzoneClusterImpl-04a8daa2-1161-4e20-9dee-837792427303/datanode-2/data-0/containers/hdds
2023-09-21 17:51:18,923 [main] INFO  ozoneimpl.OzoneContainer (OzoneContainer.java:buildContainerSet(314)) - Build ContainerSet costs 0s
2023-09-21 17:51:18,925 [main] INFO  server.RaftServer (ConfUtils.java:logGet(46)) - raft.rpc.type = GRPC (default)
2023-09-21 17:51:18,926 [main] INFO  grpc.GrpcConfigKeys (ConfUtils.java:logFallback(53)) - raft.grpc.admin.host = null (fallback to raft.grpc.server.host)
2023-09-21 17:51:18,926 [main] INFO  grpc.GrpcConfigKeys (ConfUtils.java:logGet(46)) - raft.grpc.admin.port = 15084 (custom)
2023-09-21 17:51:18,926 [main] INFO  grpc.GrpcConfigKeys (ConfUtils.java:logFallback(53)) - raft.grpc.client.host = null (fallback to raft.grpc.server.host)
2023-09-21 17:51:18,926 [main] INFO  grpc.GrpcConfigKeys (ConfUtils.java:logGet(46)) - raft.grpc.client.port = 15083 (custom)
2023-09-21 17:51:18,926 [main] INFO  grpc.GrpcConfigKeys (ConfUtils.java:logGet(46)) - raft.grpc.server.host = null (default)
2023-09-21 17:51:18,926 [main] INFO  grpc.GrpcConfigKeys (ConfUtils.java:logGet(46)) - raft.grpc.server.port = 15085 (custom)
2023-09-21 17:51:18,927 [main] INFO  server.GrpcService (ConfUtils.java:logGet(46)) - raft.grpc.message.size.max = 32MB (=33554432) (custom)
2023-09-21 17:51:18,927 [main] INFO  server.RaftServerConfigKeys (ConfUtils.java:logGet(46)) - raft.server.log.appender.buffer.byte-limit = 33554432 (custom)
2023-09-21 17:51:18,927 [main] INFO  server.GrpcService (ConfUtils.java:logGet(46)) - raft.grpc.flow.control.window = 5MB (=5242880) (custom)
2023-09-21 17:51:18,927 [main] INFO  server.RaftServerConfigKeys (ConfUtils.java:logGet(46)) - raft.server.rpc.request.timeout = 60s (custom)
2023-09-21 17:51:18,927 [main] INFO  grpc.GrpcConfigKeys (ConfUtils.java:logGet(46)) - raft.grpc.server.heartbeat.channel = true (default)
2023-09-21 17:51:18,927 [main] INFO  grpc.GrpcConfigKeys (ConfUtils.java:logGet(46)) - raft.grpc.server.async.request.thread.pool.cached = true (default)
2023-09-21 17:51:18,927 [main] INFO  grpc.GrpcConfigKeys (ConfUtils.java:logGet(46)) - raft.grpc.server.async.request.thread.pool.size = 32 (default)
2023-09-21 17:51:18,935 [main] INFO  impl.DataStreamServerImpl (ConfUtils.java:logGet(46)) - raft.datastream.type = NETTY (custom)
2023-09-21 17:51:18,936 [main] INFO  server.RaftServerConfigKeys (ConfUtils.java:logGet(46)) - raft.server.data-stream.async.request.thread.pool.cached = false (default)
2023-09-21 17:51:18,936 [main] INFO  server.RaftServerConfigKeys (ConfUtils.java:logGet(46)) - raft.server.data-stream.async.request.thread.pool.size = 20 (custom)
2023-09-21 17:51:18,936 [main] INFO  server.RaftServerConfigKeys (ConfUtils.java:logGet(46)) - raft.server.data-stream.async.write.thread.pool.size = 16 (default)
2023-09-21 17:51:18,936 [main] INFO  server.RaftServerConfigKeys (ConfUtils.java:logGet(46)) - raft.server.data-stream.client.pool.size = 10 (default)
2023-09-21 17:51:18,936 [main] INFO  netty.NettyConfigKeys$DataStream (ConfUtils.java:logGet(46)) - raft.netty.dataStream.server.use-epoll = false (default)
2023-09-21 17:51:18,937 [main] INFO  netty.NettyConfigKeys$DataStream (ConfUtils.java:logGet(46)) - raft.netty.dataStream.server.boss-group.size = 0 (default)
2023-09-21 17:51:18,942 [main] INFO  netty.NettyConfigKeys$DataStream (ConfUtils.java:logGet(46)) - raft.netty.dataStream.server.worker-group.size = 0 (default)
2023-09-21 17:51:18,942 [main] INFO  netty.NettyConfigKeys$DataStream (ConfUtils.java:logGet(46)) - raft.netty.dataStream.server.tls.conf = null (default)
2023-09-21 17:51:18,943 [main] INFO  netty.NettyConfigKeys$DataStream (ConfUtils.java:logGet(46)) - raft.netty.dataStream.host = null (default)
2023-09-21 17:51:18,943 [main] INFO  netty.NettyConfigKeys$DataStream (ConfUtils.java:logGet(46)) - raft.netty.dataStream.port = 15086 (custom)
2023-09-21 17:51:18,944 [main] INFO  server.RaftServerConfigKeys (ConfUtils.java:logGet(46)) - raft.server.threadpool.proxy.cached = true (default)
2023-09-21 17:51:18,945 [main] INFO  server.RaftServerConfigKeys (ConfUtils.java:logGet(46)) - raft.server.threadpool.proxy.size = 0 (default)
2023-09-21 17:51:18,945 [main] INFO  server.RaftServerConfigKeys (ConfUtils.java:logGet(46)) - raft.server.rpc.slowness.timeout = 300s (custom)
2023-09-21 17:51:18,945 [main] INFO  server.RaftServerConfigKeys (ConfUtils.java:logGet(46)) - raft.server.leaderelection.leader.step-down.wait-time = 10s (default)
2023-09-21 17:51:18,946 [main] INFO  server.RaftServerConfigKeys (ConfUtils.java:logGet(46)) - raft.server.storage.dir = [/home/runner/work/ozone/ozone/hadoop-ozone/integration-test/target/test-dir/MiniOzoneClusterImpl-04a8daa2-1161-4e20-9dee-837792427303/datanode-2/data/ratis] (custom)
2023-09-21 17:51:18,945 [4cdc299f-4834-4fa6-8ba2-191990d4ad82-NettyServerStreamRpc-bossGroup--thread1] INFO  logging.LoggingHandler (AbstractInternalLogger.java:log(148)) - [id: 0x5d8f97d2] REGISTERED
2023-09-21 17:51:18,946 [4cdc299f-4834-4fa6-8ba2-191990d4ad82-NettyServerStreamRpc-bossGroup--thread1] INFO  logging.LoggingHandler (AbstractInternalLogger.java:log(148)) - [id: 0x5d8f97d2] BIND: 0.0.0.0/0.0.0.0:15086
2023-09-21 17:51:18,946 [4cdc299f-4834-4fa6-8ba2-191990d4ad82-NettyServerStreamRpc-bossGroup--thread1] INFO  logging.LoggingHandler (AbstractInternalLogger.java:log(148)) - [id: 0x5d8f97d2, L:/0:0:0:0:0:0:0:0:15086] ACTIVE
2023-09-21 17:51:18,949 [4cdc299f-4834-4fa6-8ba2-191990d4ad82-impl-thread1] INFO  server.RaftServer (RaftServerProxy.java:initGroupDir(258)) - 4cdc299f-4834-4fa6-8ba2-191990d4ad82: found a subdirectory /home/runner/work/ozone/ozone/hadoop-ozone/integration-test/target/test-dir/MiniOzoneClusterImpl-04a8daa2-1161-4e20-9dee-837792427303/datanode-2/data/ratis/tmp
2023-09-21 17:51:18,949 [4cdc299f-4834-4fa6-8ba2-191990d4ad82-impl-thread1] INFO  server.RaftServer (RaftServerProxy.java:initGroupDir(263)) - 4cdc299f-4834-4fa6-8ba2-191990d4ad82: The directory /home/runner/work/ozone/ozone/hadoop-ozone/integration-test/target/test-dir/MiniOzoneClusterImpl-04a8daa2-1161-4e20-9dee-837792427303/datanode-2/data/ratis/tmp is not a group directory; ignoring it. 
2023-09-21 17:51:18,949 [main] INFO  replication.ReplicationServer (ReplicationServer.java:<init>(83)) - Initializing replication server with thread count = 10 queue length = 4096
2023-09-21 17:51:18,951 [main] INFO  server.XceiverServerGrpc (XceiverServerGrpc.java:<init>(132)) - GrpcServer channel type EpollServerSocketChannel
2023-09-21 17:51:18,953 [main] INFO  replication.ReplicationSupervisor (ReplicationSupervisor.java:build(155)) - Initializing replication supervisor with thread count = 10
2023-09-21 17:51:18,953 [main] INFO  replication.ReplicationSupervisor (ReplicationSupervisor.java:nodeStateUpdated(307)) - Node state updated to IN_SERVICE, scaling executor pool size to 10
2023-09-21 17:51:18,955 [main] INFO  http.BaseHttpServer (BaseHttpServer.java:newHttpServer2BuilderForOzone(223)) - Starting Web-server for hddsDatanode at: http://0.0.0.0:15080
2023-09-21 17:51:18,955 [main] INFO  http.BaseHttpServer (BaseHttpServer.java:<init>(110)) - Hadoop Security Enabled: false Ozone Security Enabled: false Ozone HTTP Security Enabled: false 
2023-09-21 17:51:18,957 [main] WARN  server.AuthenticationFilter (AuthenticationFilter.java:constructSecretProvider(240)) - Unable to initialize FileSignerSecretProvider, falling back to use random secrets. Reason: Could not read signature secret file: /home/runner/hadoop-http-auth-signature-secret
2023-09-21 17:51:18,957 [main] INFO  http.HttpRequestLog (HttpRequestLog.java:getRequestLog(86)) - Http request log for http.requests.hddsDatanode is not defined
2023-09-21 17:51:18,960 [main] INFO  http.HttpServer2 (HttpServer2.java:addGlobalFilter(1031)) - Added global filter 'safety' (class=org.apache.hadoop.hdds.server.http.HttpServer2$QuotingInputFilter)
2023-09-21 17:51:18,961 [main] INFO  http.HttpServer2 (HttpServer2.java:addFilter(1007)) - Added filter static_user_filter (class=org.apache.hadoop.http.lib.StaticUserWebFilter$StaticUserFilter) to context hddsDatanode
2023-09-21 17:51:18,961 [main] INFO  http.HttpServer2 (HttpServer2.java:addFilter(1015)) - Added filter static_user_filter (class=org.apache.hadoop.http.lib.StaticUserWebFilter$StaticUserFilter) to context static
2023-09-21 17:51:18,961 [main] INFO  http.HttpServer2 (HttpServer2.java:addFilter(1015)) - Added filter static_user_filter (class=org.apache.hadoop.http.lib.StaticUserWebFilter$StaticUserFilter) to context logs
2023-09-21 17:51:18,962 [main] INFO  http.BaseHttpServer (BaseHttpServer.java:<init>(189)) - HTTP server of hddsDatanode uses base directory /home/runner/work/ozone/ozone/hadoop-ozone/integration-test/target/test-dir/MiniOzoneClusterImpl-04a8daa2-1161-4e20-9dee-837792427303/datanode-2/meta/webserver
2023-09-21 17:51:18,962 [main] INFO  http.HttpServer2 (HttpServer2.java:bindListener(1231)) - Jetty bound to port 15080
2023-09-21 17:51:18,962 [main] INFO  server.Server (Server.java:doStart(375)) - jetty-9.4.52.v20230823; built: 2023-08-23T19:29:37.669Z; git: abdcda73818a1a2c705da276edb0bf6581e7997e; jvm 1.8.0_382-b05
2023-09-21 17:51:18,969 [main] INFO  server.session (DefaultSessionIdManager.java:doStart(334)) - DefaultSessionIdManager workerName=node0
2023-09-21 17:51:18,969 [main] INFO  server.session (DefaultSessionIdManager.java:doStart(339)) - No SessionScavenger set, using defaults
2023-09-21 17:51:18,970 [main] INFO  server.session (HouseKeeper.java:startScavenging(132)) - node0 Scavenging every 660000ms
2023-09-21 17:51:18,971 [main] INFO  handler.ContextHandler (ContextHandler.java:doStart(921)) - Started o.e.j.s.ServletContextHandler@194904a4{logs,/logs,file:///home/runner/work/ozone/ozone/hadoop-ozone/integration-test/target/log,AVAILABLE}
2023-09-21 17:51:18,971 [main] INFO  handler.ContextHandler (ContextHandler.java:doStart(921)) - Started o.e.j.s.ServletContextHandler@e1d21f5{static,/static,jar:file:/home/runner/.m2/repository/org/apache/ozone/hdds-container-service/1.4.0-SNAPSHOT/hdds-container-service-1.4.0-SNAPSHOT.jar!/webapps/static,AVAILABLE}
2023-09-21 17:51:19,240 [main] INFO  handler.ContextHandler (ContextHandler.java:doStart(921)) - Started o.e.j.w.WebAppContext@51ee5483{hddsDatanode,/,file:///home/runner/work/ozone/ozone/hadoop-ozone/integration-test/target/test-dir/MiniOzoneClusterImpl-04a8daa2-1161-4e20-9dee-837792427303/datanode-2/meta/webserver/jetty-0_0_0_0-15080-hdds-container-service-1_4_0-SNAPSHOT_jar-_-any-7780513520990592071/webapp/,AVAILABLE}{jar:file:/home/runner/.m2/repository/org/apache/ozone/hdds-container-service/1.4.0-SNAPSHOT/hdds-container-service-1.4.0-SNAPSHOT.jar!/webapps/hddsDatanode}
2023-09-21 17:51:19,243 [main] INFO  server.AbstractConnector (AbstractConnector.java:doStart(333)) - Started ServerConnector@a1fd643{HTTP/1.1, (http/1.1)}{0.0.0.0:15080}
2023-09-21 17:51:19,243 [main] INFO  server.Server (Server.java:doStart(415)) - Started @132684ms
2023-09-21 17:51:19,244 [main] WARN  impl.MetricsSystemImpl (MetricsSystemImpl.java:register(279)) - Sink prometheus already exists!
2023-09-21 17:51:19,244 [main] INFO  http.BaseHttpServer (BaseHttpServer.java:updateConnectorAddress(354)) - HTTP server of hddsDatanode listening at http://0.0.0.0:15080
2023-09-21 17:51:19,246 [main] INFO  ipc.CallQueueManager (CallQueueManager.java:<init>(90)) - Using callQueue: class java.util.concurrent.LinkedBlockingQueue, queueCapacity: 100, scheduler: class org.apache.hadoop.ipc.DefaultRpcScheduler, ipcBackoff: false.
2023-09-21 17:51:19,246 [main] INFO  ipc.Server (Server.java:<init>(1287)) - Listener at 0.0.0.0:15081
2023-09-21 17:51:19,247 [Socket Reader #1 for port 15081] INFO  ipc.Server (Server.java:run(1323)) - Starting Socket Reader #1 for port 15081
2023-09-21 17:51:19,248 [main] INFO  ozone.HddsDatanodeService (HddsDatanodeService.java:start(315)) - Datanode start with admins: [runner]
2023-09-21 17:51:19,249 [main] INFO  ozone.HddsDatanodeClientProtocolServer (HddsDatanodeClientProtocolServer.java:start(72)) - RPC server for Client /0.0.0.0:15081
2023-09-21 17:51:19,249 [IPC Server Responder] INFO  ipc.Server (Server.java:run(1562)) - IPC Server Responder: starting
2023-09-21 17:51:19,249 [IPC Server listener on 15081] INFO  ipc.Server (Server.java:run(1402)) - IPC Server listener on 15081: starting
2023-09-21 17:51:19,250 [main] WARN  impl.MetricRegistriesImpl (MetricRegistriesImpl.java:addReporterRegistration(111)) - New reporters are added after registries were created. Some metrics will be missing from the reporter. Please add reporter before adding any new registry.
2023-09-21 17:51:19,250 [main] WARN  impl.MetricRegistriesImpl (MetricRegistriesImpl.java:addReporterRegistration(111)) - New reporters are added after registries were created. Some metrics will be missing from the reporter. Please add reporter before adding any new registry.
2023-09-21 17:51:19,250 [main] INFO  impl.MetricsSystemImpl (MetricsSystemImpl.java:init(158)) - HddsDatanode metrics system started (again)
2023-09-21 17:51:19,269 [Datanode State Machine Daemon Thread] INFO  statemachine.DatanodeStateMachine (DatanodeStateMachine.java:lambda$startDaemon$0(540)) - Ozone container server started.
2023-09-21 17:51:19,288 [main] INFO  ozone.HddsDatanodeService (HddsDatanodeService.java:start(237)) - HddsDatanodeService host:fv-az259-227.nxnqhby4qkoexpon2s1bx5vqxg.dx.internal.cloudapp.net ip:10.1.0.8
2023-09-21 17:51:19,288 [Datanode State Machine Task Thread - 0] INFO  datanode.InitDatanodeState (InitDatanodeState.java:persistContainerDatanodeDetails(138)) - DatanodeDetails is persisted to /home/runner/work/ozone/ozone/hadoop-ozone/integration-test/target/test-dir/MiniOzoneClusterImpl-04a8daa2-1161-4e20-9dee-837792427303/datanode-2/meta/datanode.id
2023-09-21 17:51:19,314 [main] INFO  upgrade.AbstractLayoutVersionManager (AbstractLayoutVersionManager.java:init(83)) - Initializing Layout version manager with metadata layout = HADOOP_PRC_PORTS_IN_DATANODEDETAILS (version = 7), software layout = HADOOP_PRC_PORTS_IN_DATANODEDETAILS (version = 7)
2023-09-21 17:51:19,315 [main] INFO  statemachine.DatanodeStateMachine (DatanodeStateMachine.java:getEndPointTaskThreadPoolSize(284)) - Datanode State Machine Task Thread Pool size 2
2023-09-21 17:51:19,316 [main] INFO  volume.HddsVolume (HddsVolume.java:<init>(126)) - Creating HddsVolume: /home/runner/work/ozone/ozone/hadoop-ozone/integration-test/target/test-dir/MiniOzoneClusterImpl-04a8daa2-1161-4e20-9dee-837792427303/datanode-3/data-0/containers/hdds of storage type : DISK capacity : 9223372036854775807
2023-09-21 17:51:19,316 [main] INFO  volume.MutableVolumeSet (MutableVolumeSet.java:initializeVolumeSet(173)) - Added Volume : /home/runner/work/ozone/ozone/hadoop-ozone/integration-test/target/test-dir/MiniOzoneClusterImpl-04a8daa2-1161-4e20-9dee-837792427303/datanode-3/data-0/containers/hdds to VolumeSet
2023-09-21 17:51:19,317 [main] INFO  volume.MutableVolumeSet (MutableVolumeSet.java:initializeVolumeSet(173)) - Added Volume : /home/runner/work/ozone/ozone/hadoop-ozone/integration-test/target/test-dir/MiniOzoneClusterImpl-04a8daa2-1161-4e20-9dee-837792427303/datanode-3/data/ratis to VolumeSet
2023-09-21 17:51:19,318 [Thread-1943] INFO  ozoneimpl.ContainerReader (ContainerReader.java:readVolume(177)) - Finish verifying containers on volume /home/runner/work/ozone/ozone/hadoop-ozone/integration-test/target/test-dir/MiniOzoneClusterImpl-04a8daa2-1161-4e20-9dee-837792427303/datanode-3/data-0/containers/hdds
2023-09-21 17:51:19,318 [main] INFO  ozoneimpl.OzoneContainer (OzoneContainer.java:buildContainerSet(314)) - Build ContainerSet costs 0s
2023-09-21 17:51:19,320 [main] INFO  server.RaftServer (ConfUtils.java:logGet(46)) - raft.rpc.type = GRPC (default)
2023-09-21 17:51:19,321 [main] INFO  grpc.GrpcConfigKeys (ConfUtils.java:logFallback(53)) - raft.grpc.admin.host = null (fallback to raft.grpc.server.host)
2023-09-21 17:51:19,321 [main] INFO  grpc.GrpcConfigKeys (ConfUtils.java:logGet(46)) - raft.grpc.admin.port = 15093 (custom)
2023-09-21 17:51:19,321 [main] INFO  grpc.GrpcConfigKeys (ConfUtils.java:logFallback(53)) - raft.grpc.client.host = null (fallback to raft.grpc.server.host)
2023-09-21 17:51:19,321 [main] INFO  grpc.GrpcConfigKeys (ConfUtils.java:logGet(46)) - raft.grpc.client.port = 15092 (custom)
2023-09-21 17:51:19,321 [main] INFO  grpc.GrpcConfigKeys (ConfUtils.java:logGet(46)) - raft.grpc.server.host = null (default)
2023-09-21 17:51:19,321 [main] INFO  grpc.GrpcConfigKeys (ConfUtils.java:logGet(46)) - raft.grpc.server.port = 15094 (custom)
2023-09-21 17:51:19,322 [main] INFO  server.GrpcService (ConfUtils.java:logGet(46)) - raft.grpc.message.size.max = 32MB (=33554432) (custom)
2023-09-21 17:51:19,322 [main] INFO  server.RaftServerConfigKeys (ConfUtils.java:logGet(46)) - raft.server.log.appender.buffer.byte-limit = 33554432 (custom)
2023-09-21 17:51:19,322 [main] INFO  server.GrpcService (ConfUtils.java:logGet(46)) - raft.grpc.flow.control.window = 5MB (=5242880) (custom)
2023-09-21 17:51:19,322 [main] INFO  server.RaftServerConfigKeys (ConfUtils.java:logGet(46)) - raft.server.rpc.request.timeout = 60s (custom)
2023-09-21 17:51:19,322 [main] INFO  grpc.GrpcConfigKeys (ConfUtils.java:logGet(46)) - raft.grpc.server.heartbeat.channel = true (default)
2023-09-21 17:51:19,322 [main] INFO  grpc.GrpcConfigKeys (ConfUtils.java:logGet(46)) - raft.grpc.server.async.request.thread.pool.cached = true (default)
2023-09-21 17:51:19,323 [main] INFO  grpc.GrpcConfigKeys (ConfUtils.java:logGet(46)) - raft.grpc.server.async.request.thread.pool.size = 32 (default)
2023-09-21 17:51:19,326 [main] INFO  impl.DataStreamServerImpl (ConfUtils.java:logGet(46)) - raft.datastream.type = NETTY (custom)
2023-09-21 17:51:19,326 [main] INFO  server.RaftServerConfigKeys (ConfUtils.java:logGet(46)) - raft.server.data-stream.async.request.thread.pool.cached = false (default)
2023-09-21 17:51:19,326 [main] INFO  server.RaftServerConfigKeys (ConfUtils.java:logGet(46)) - raft.server.data-stream.async.request.thread.pool.size = 20 (custom)
2023-09-21 17:51:19,327 [main] INFO  server.RaftServerConfigKeys (ConfUtils.java:logGet(46)) - raft.server.data-stream.async.write.thread.pool.size = 16 (default)
2023-09-21 17:51:19,327 [main] INFO  server.RaftServerConfigKeys (ConfUtils.java:logGet(46)) - raft.server.data-stream.client.pool.size = 10 (default)
2023-09-21 17:51:19,327 [main] INFO  netty.NettyConfigKeys$DataStream (ConfUtils.java:logGet(46)) - raft.netty.dataStream.server.use-epoll = false (default)
2023-09-21 17:51:19,327 [main] INFO  netty.NettyConfigKeys$DataStream (ConfUtils.java:logGet(46)) - raft.netty.dataStream.server.boss-group.size = 0 (default)
2023-09-21 17:51:19,328 [main] INFO  netty.NettyConfigKeys$DataStream (ConfUtils.java:logGet(46)) - raft.netty.dataStream.server.worker-group.size = 0 (default)
2023-09-21 17:51:19,328 [main] INFO  netty.NettyConfigKeys$DataStream (ConfUtils.java:logGet(46)) - raft.netty.dataStream.server.tls.conf = null (default)
2023-09-21 17:51:19,328 [main] INFO  netty.NettyConfigKeys$DataStream (ConfUtils.java:logGet(46)) - raft.netty.dataStream.host = null (default)
2023-09-21 17:51:19,328 [main] INFO  netty.NettyConfigKeys$DataStream (ConfUtils.java:logGet(46)) - raft.netty.dataStream.port = 15095 (custom)
2023-09-21 17:51:19,329 [main] INFO  server.RaftServerConfigKeys (ConfUtils.java:logGet(46)) - raft.server.threadpool.proxy.cached = true (default)
2023-09-21 17:51:19,329 [main] INFO  server.RaftServerConfigKeys (ConfUtils.java:logGet(46)) - raft.server.threadpool.proxy.size = 0 (default)
2023-09-21 17:51:19,329 [main] INFO  server.RaftServerConfigKeys (ConfUtils.java:logGet(46)) - raft.server.rpc.slowness.timeout = 300s (custom)
2023-09-21 17:51:19,329 [main] INFO  server.RaftServerConfigKeys (ConfUtils.java:logGet(46)) - raft.server.leaderelection.leader.step-down.wait-time = 10s (default)
2023-09-21 17:51:19,330 [main] INFO  server.RaftServerConfigKeys (ConfUtils.java:logGet(46)) - raft.server.storage.dir = [/home/runner/work/ozone/ozone/hadoop-ozone/integration-test/target/test-dir/MiniOzoneClusterImpl-04a8daa2-1161-4e20-9dee-837792427303/datanode-3/data/ratis] (custom)
2023-09-21 17:51:19,330 [01a5bd4e-669d-4aa9-9839-6c274a81602d-NettyServerStreamRpc-bossGroup--thread1] INFO  logging.LoggingHandler (AbstractInternalLogger.java:log(148)) - [id: 0x5fd0d0d7] REGISTERED
2023-09-21 17:51:19,330 [01a5bd4e-669d-4aa9-9839-6c274a81602d-NettyServerStreamRpc-bossGroup--thread1] INFO  logging.LoggingHandler (AbstractInternalLogger.java:log(148)) - [id: 0x5fd0d0d7] BIND: 0.0.0.0/0.0.0.0:15095
2023-09-21 17:51:19,330 [01a5bd4e-669d-4aa9-9839-6c274a81602d-NettyServerStreamRpc-bossGroup--thread1] INFO  logging.LoggingHandler (AbstractInternalLogger.java:log(148)) - [id: 0x5fd0d0d7, L:/0:0:0:0:0:0:0:0:15095] ACTIVE
2023-09-21 17:51:19,333 [01a5bd4e-669d-4aa9-9839-6c274a81602d-impl-thread1] INFO  server.RaftServer (RaftServerProxy.java:initGroupDir(258)) - 01a5bd4e-669d-4aa9-9839-6c274a81602d: found a subdirectory /home/runner/work/ozone/ozone/hadoop-ozone/integration-test/target/test-dir/MiniOzoneClusterImpl-04a8daa2-1161-4e20-9dee-837792427303/datanode-3/data/ratis/tmp
2023-09-21 17:51:19,334 [01a5bd4e-669d-4aa9-9839-6c274a81602d-impl-thread1] INFO  server.RaftServer (RaftServerProxy.java:initGroupDir(263)) - 01a5bd4e-669d-4aa9-9839-6c274a81602d: The directory /home/runner/work/ozone/ozone/hadoop-ozone/integration-test/target/test-dir/MiniOzoneClusterImpl-04a8daa2-1161-4e20-9dee-837792427303/datanode-3/data/ratis/tmp is not a group directory; ignoring it. 
2023-09-21 17:51:19,334 [main] INFO  replication.ReplicationServer (ReplicationServer.java:<init>(83)) - Initializing replication server with thread count = 10 queue length = 4096
2023-09-21 17:51:19,335 [main] INFO  server.XceiverServerGrpc (XceiverServerGrpc.java:<init>(132)) - GrpcServer channel type EpollServerSocketChannel
2023-09-21 17:51:19,336 [main] INFO  replication.ReplicationSupervisor (ReplicationSupervisor.java:build(155)) - Initializing replication supervisor with thread count = 10
2023-09-21 17:51:19,337 [main] INFO  replication.ReplicationSupervisor (ReplicationSupervisor.java:nodeStateUpdated(307)) - Node state updated to IN_SERVICE, scaling executor pool size to 10
2023-09-21 17:51:19,339 [main] INFO  http.BaseHttpServer (BaseHttpServer.java:newHttpServer2BuilderForOzone(223)) - Starting Web-server for hddsDatanode at: http://0.0.0.0:15089
2023-09-21 17:51:19,339 [main] INFO  http.BaseHttpServer (BaseHttpServer.java:<init>(110)) - Hadoop Security Enabled: false Ozone Security Enabled: false Ozone HTTP Security Enabled: false 
2023-09-21 17:51:19,341 [main] WARN  server.AuthenticationFilter (AuthenticationFilter.java:constructSecretProvider(240)) - Unable to initialize FileSignerSecretProvider, falling back to use random secrets. Reason: Could not read signature secret file: /home/runner/hadoop-http-auth-signature-secret
2023-09-21 17:51:19,341 [main] INFO  http.HttpRequestLog (HttpRequestLog.java:getRequestLog(86)) - Http request log for http.requests.hddsDatanode is not defined
2023-09-21 17:51:19,342 [main] INFO  http.HttpServer2 (HttpServer2.java:addGlobalFilter(1031)) - Added global filter 'safety' (class=org.apache.hadoop.hdds.server.http.HttpServer2$QuotingInputFilter)
2023-09-21 17:51:19,343 [main] INFO  http.HttpServer2 (HttpServer2.java:addFilter(1007)) - Added filter static_user_filter (class=org.apache.hadoop.http.lib.StaticUserWebFilter$StaticUserFilter) to context hddsDatanode
2023-09-21 17:51:19,343 [main] INFO  http.HttpServer2 (HttpServer2.java:addFilter(1015)) - Added filter static_user_filter (class=org.apache.hadoop.http.lib.StaticUserWebFilter$StaticUserFilter) to context logs
2023-09-21 17:51:19,343 [main] INFO  http.HttpServer2 (HttpServer2.java:addFilter(1015)) - Added filter static_user_filter (class=org.apache.hadoop.http.lib.StaticUserWebFilter$StaticUserFilter) to context static
2023-09-21 17:51:19,344 [main] INFO  http.BaseHttpServer (BaseHttpServer.java:<init>(189)) - HTTP server of hddsDatanode uses base directory /home/runner/work/ozone/ozone/hadoop-ozone/integration-test/target/test-dir/MiniOzoneClusterImpl-04a8daa2-1161-4e20-9dee-837792427303/datanode-3/meta/webserver
2023-09-21 17:51:19,344 [main] INFO  http.HttpServer2 (HttpServer2.java:bindListener(1231)) - Jetty bound to port 15089
2023-09-21 17:51:19,344 [main] INFO  server.Server (Server.java:doStart(375)) - jetty-9.4.52.v20230823; built: 2023-08-23T19:29:37.669Z; git: abdcda73818a1a2c705da276edb0bf6581e7997e; jvm 1.8.0_382-b05
2023-09-21 17:51:19,350 [main] INFO  server.session (DefaultSessionIdManager.java:doStart(334)) - DefaultSessionIdManager workerName=node0
2023-09-21 17:51:19,351 [main] INFO  server.session (DefaultSessionIdManager.java:doStart(339)) - No SessionScavenger set, using defaults
2023-09-21 17:51:19,351 [main] INFO  server.session (HouseKeeper.java:startScavenging(132)) - node0 Scavenging every 600000ms
2023-09-21 17:51:19,351 [main] INFO  handler.ContextHandler (ContextHandler.java:doStart(921)) - Started o.e.j.s.ServletContextHandler@45f7d6ff{logs,/logs,file:///home/runner/work/ozone/ozone/hadoop-ozone/integration-test/target/log,AVAILABLE}
2023-09-21 17:51:19,352 [main] INFO  handler.ContextHandler (ContextHandler.java:doStart(921)) - Started o.e.j.s.ServletContextHandler@7adfe306{static,/static,jar:file:/home/runner/.m2/repository/org/apache/ozone/hdds-container-service/1.4.0-SNAPSHOT/hdds-container-service-1.4.0-SNAPSHOT.jar!/webapps/static,AVAILABLE}
2023-09-21 17:51:19,594 [main] INFO  handler.ContextHandler (ContextHandler.java:doStart(921)) - Started o.e.j.w.WebAppContext@54780d8c{hddsDatanode,/,file:///home/runner/work/ozone/ozone/hadoop-ozone/integration-test/target/test-dir/MiniOzoneClusterImpl-04a8daa2-1161-4e20-9dee-837792427303/datanode-3/meta/webserver/jetty-0_0_0_0-15089-hdds-container-service-1_4_0-SNAPSHOT_jar-_-any-8975802098498153402/webapp/,AVAILABLE}{jar:file:/home/runner/.m2/repository/org/apache/ozone/hdds-container-service/1.4.0-SNAPSHOT/hdds-container-service-1.4.0-SNAPSHOT.jar!/webapps/hddsDatanode}
2023-09-21 17:51:19,596 [main] INFO  server.AbstractConnector (AbstractConnector.java:doStart(333)) - Started ServerConnector@8fb1ae9{HTTP/1.1, (http/1.1)}{0.0.0.0:15089}
2023-09-21 17:51:19,596 [main] INFO  server.Server (Server.java:doStart(415)) - Started @133036ms
2023-09-21 17:51:19,597 [main] WARN  impl.MetricsSystemImpl (MetricsSystemImpl.java:register(279)) - Sink prometheus already exists!
2023-09-21 17:51:19,597 [main] INFO  http.BaseHttpServer (BaseHttpServer.java:updateConnectorAddress(354)) - HTTP server of hddsDatanode listening at http://0.0.0.0:15089
2023-09-21 17:51:19,598 [main] INFO  ipc.CallQueueManager (CallQueueManager.java:<init>(90)) - Using callQueue: class java.util.concurrent.LinkedBlockingQueue, queueCapacity: 100, scheduler: class org.apache.hadoop.ipc.DefaultRpcScheduler, ipcBackoff: false.
2023-09-21 17:51:19,598 [main] INFO  ipc.Server (Server.java:<init>(1287)) - Listener at 0.0.0.0:15090
2023-09-21 17:51:19,599 [Socket Reader #1 for port 15090] INFO  ipc.Server (Server.java:run(1323)) - Starting Socket Reader #1 for port 15090
2023-09-21 17:51:19,605 [main] INFO  ozone.HddsDatanodeService (HddsDatanodeService.java:start(315)) - Datanode start with admins: [runner]
2023-09-21 17:51:19,606 [main] INFO  ozone.HddsDatanodeClientProtocolServer (HddsDatanodeClientProtocolServer.java:start(72)) - RPC server for Client /0.0.0.0:15090
2023-09-21 17:51:19,607 [IPC Server Responder] INFO  ipc.Server (Server.java:run(1562)) - IPC Server Responder: starting
2023-09-21 17:51:19,608 [IPC Server listener on 15090] INFO  ipc.Server (Server.java:run(1402)) - IPC Server listener on 15090: starting
2023-09-21 17:51:19,610 [main] WARN  impl.MetricRegistriesImpl (MetricRegistriesImpl.java:addReporterRegistration(111)) - New reporters are added after registries were created. Some metrics will be missing from the reporter. Please add reporter before adding any new registry.
2023-09-21 17:51:19,610 [main] WARN  impl.MetricRegistriesImpl (MetricRegistriesImpl.java:addReporterRegistration(111)) - New reporters are added after registries were created. Some metrics will be missing from the reporter. Please add reporter before adding any new registry.
2023-09-21 17:51:19,610 [main] INFO  impl.MetricsSystemImpl (MetricsSystemImpl.java:init(158)) - HddsDatanode metrics system started (again)
2023-09-21 17:51:19,613 [Datanode State Machine Daemon Thread] INFO  statemachine.DatanodeStateMachine (DatanodeStateMachine.java:lambda$startDaemon$0(540)) - Ozone container server started.
2023-09-21 17:51:19,622 [Datanode State Machine Task Thread - 0] INFO  datanode.InitDatanodeState (InitDatanodeState.java:persistContainerDatanodeDetails(138)) - DatanodeDetails is persisted to /home/runner/work/ozone/ozone/hadoop-ozone/integration-test/target/test-dir/MiniOzoneClusterImpl-04a8daa2-1161-4e20-9dee-837792427303/datanode-3/meta/datanode.id
2023-09-21 17:51:19,630 [main] INFO  ozone.HddsDatanodeService (HddsDatanodeService.java:start(237)) - HddsDatanodeService host:fv-az259-227.nxnqhby4qkoexpon2s1bx5vqxg.dx.internal.cloudapp.net ip:10.1.0.8
2023-09-21 17:51:19,658 [main] INFO  upgrade.AbstractLayoutVersionManager (AbstractLayoutVersionManager.java:init(83)) - Initializing Layout version manager with metadata layout = HADOOP_PRC_PORTS_IN_DATANODEDETAILS (version = 7), software layout = HADOOP_PRC_PORTS_IN_DATANODEDETAILS (version = 7)
2023-09-21 17:51:19,658 [main] INFO  statemachine.DatanodeStateMachine (DatanodeStateMachine.java:getEndPointTaskThreadPoolSize(284)) - Datanode State Machine Task Thread Pool size 2
2023-09-21 17:51:19,660 [main] INFO  volume.HddsVolume (HddsVolume.java:<init>(126)) - Creating HddsVolume: /home/runner/work/ozone/ozone/hadoop-ozone/integration-test/target/test-dir/MiniOzoneClusterImpl-04a8daa2-1161-4e20-9dee-837792427303/datanode-4/data-0/containers/hdds of storage type : DISK capacity : 9223372036854775807
2023-09-21 17:51:19,660 [main] INFO  volume.MutableVolumeSet (MutableVolumeSet.java:initializeVolumeSet(173)) - Added Volume : /home/runner/work/ozone/ozone/hadoop-ozone/integration-test/target/test-dir/MiniOzoneClusterImpl-04a8daa2-1161-4e20-9dee-837792427303/datanode-4/data-0/containers/hdds to VolumeSet
2023-09-21 17:51:19,661 [main] INFO  volume.MutableVolumeSet (MutableVolumeSet.java:initializeVolumeSet(173)) - Added Volume : /home/runner/work/ozone/ozone/hadoop-ozone/integration-test/target/test-dir/MiniOzoneClusterImpl-04a8daa2-1161-4e20-9dee-837792427303/datanode-4/data/ratis to VolumeSet
2023-09-21 17:51:19,664 [Thread-1960] INFO  ozoneimpl.ContainerReader (ContainerReader.java:readVolume(177)) - Finish verifying containers on volume /home/runner/work/ozone/ozone/hadoop-ozone/integration-test/target/test-dir/MiniOzoneClusterImpl-04a8daa2-1161-4e20-9dee-837792427303/datanode-4/data-0/containers/hdds
2023-09-21 17:51:19,664 [main] INFO  ozoneimpl.OzoneContainer (OzoneContainer.java:buildContainerSet(314)) - Build ContainerSet costs 0s
2023-09-21 17:51:19,667 [main] INFO  server.RaftServer (ConfUtils.java:logGet(46)) - raft.rpc.type = GRPC (default)
2023-09-21 17:51:19,667 [main] INFO  grpc.GrpcConfigKeys (ConfUtils.java:logFallback(53)) - raft.grpc.admin.host = null (fallback to raft.grpc.server.host)
2023-09-21 17:51:19,667 [main] INFO  grpc.GrpcConfigKeys (ConfUtils.java:logGet(46)) - raft.grpc.admin.port = 15102 (custom)
2023-09-21 17:51:19,668 [main] INFO  grpc.GrpcConfigKeys (ConfUtils.java:logFallback(53)) - raft.grpc.client.host = null (fallback to raft.grpc.server.host)
2023-09-21 17:51:19,669 [main] INFO  grpc.GrpcConfigKeys (ConfUtils.java:logGet(46)) - raft.grpc.client.port = 15101 (custom)
2023-09-21 17:51:19,669 [main] INFO  grpc.GrpcConfigKeys (ConfUtils.java:logGet(46)) - raft.grpc.server.host = null (default)
2023-09-21 17:51:19,669 [main] INFO  grpc.GrpcConfigKeys (ConfUtils.java:logGet(46)) - raft.grpc.server.port = 15103 (custom)
2023-09-21 17:51:19,670 [main] INFO  server.GrpcService (ConfUtils.java:logGet(46)) - raft.grpc.message.size.max = 32MB (=33554432) (custom)
2023-09-21 17:51:19,670 [main] INFO  server.RaftServerConfigKeys (ConfUtils.java:logGet(46)) - raft.server.log.appender.buffer.byte-limit = 33554432 (custom)
2023-09-21 17:51:19,670 [main] INFO  server.GrpcService (ConfUtils.java:logGet(46)) - raft.grpc.flow.control.window = 5MB (=5242880) (custom)
2023-09-21 17:51:19,670 [main] INFO  server.RaftServerConfigKeys (ConfUtils.java:logGet(46)) - raft.server.rpc.request.timeout = 60s (custom)
2023-09-21 17:51:19,670 [main] INFO  grpc.GrpcConfigKeys (ConfUtils.java:logGet(46)) - raft.grpc.server.heartbeat.channel = true (default)
2023-09-21 17:51:19,670 [main] INFO  grpc.GrpcConfigKeys (ConfUtils.java:logGet(46)) - raft.grpc.server.async.request.thread.pool.cached = true (default)
2023-09-21 17:51:19,670 [main] INFO  grpc.GrpcConfigKeys (ConfUtils.java:logGet(46)) - raft.grpc.server.async.request.thread.pool.size = 32 (default)
2023-09-21 17:51:19,673 [main] INFO  impl.DataStreamServerImpl (ConfUtils.java:logGet(46)) - raft.datastream.type = NETTY (custom)
2023-09-21 17:51:19,674 [main] INFO  server.RaftServerConfigKeys (ConfUtils.java:logGet(46)) - raft.server.data-stream.async.request.thread.pool.cached = false (default)
2023-09-21 17:51:19,674 [main] INFO  server.RaftServerConfigKeys (ConfUtils.java:logGet(46)) - raft.server.data-stream.async.request.thread.pool.size = 20 (custom)
2023-09-21 17:51:19,674 [main] INFO  server.RaftServerConfigKeys (ConfUtils.java:logGet(46)) - raft.server.data-stream.async.write.thread.pool.size = 16 (default)
2023-09-21 17:51:19,674 [main] INFO  server.RaftServerConfigKeys (ConfUtils.java:logGet(46)) - raft.server.data-stream.client.pool.size = 10 (default)
2023-09-21 17:51:19,674 [main] INFO  netty.NettyConfigKeys$DataStream (ConfUtils.java:logGet(46)) - raft.netty.dataStream.server.use-epoll = false (default)
2023-09-21 17:51:19,674 [main] INFO  netty.NettyConfigKeys$DataStream (ConfUtils.java:logGet(46)) - raft.netty.dataStream.server.boss-group.size = 0 (default)
2023-09-21 17:51:19,675 [main] INFO  netty.NettyConfigKeys$DataStream (ConfUtils.java:logGet(46)) - raft.netty.dataStream.server.worker-group.size = 0 (default)
2023-09-21 17:51:19,675 [main] INFO  netty.NettyConfigKeys$DataStream (ConfUtils.java:logGet(46)) - raft.netty.dataStream.server.tls.conf = null (default)
2023-09-21 17:51:19,676 [main] INFO  netty.NettyConfigKeys$DataStream (ConfUtils.java:logGet(46)) - raft.netty.dataStream.host = null (default)
2023-09-21 17:51:19,676 [main] INFO  netty.NettyConfigKeys$DataStream (ConfUtils.java:logGet(46)) - raft.netty.dataStream.port = 15104 (custom)
2023-09-21 17:51:19,676 [main] INFO  server.RaftServerConfigKeys (ConfUtils.java:logGet(46)) - raft.server.threadpool.proxy.cached = true (default)
2023-09-21 17:51:19,676 [main] INFO  server.RaftServerConfigKeys (ConfUtils.java:logGet(46)) - raft.server.threadpool.proxy.size = 0 (default)
2023-09-21 17:51:19,676 [main] INFO  server.RaftServerConfigKeys (ConfUtils.java:logGet(46)) - raft.server.rpc.slowness.timeout = 300s (custom)
2023-09-21 17:51:19,677 [main] INFO  server.RaftServerConfigKeys (ConfUtils.java:logGet(46)) - raft.server.leaderelection.leader.step-down.wait-time = 10s (default)
2023-09-21 17:51:19,677 [main] INFO  server.RaftServerConfigKeys (ConfUtils.java:logGet(46)) - raft.server.storage.dir = [/home/runner/work/ozone/ozone/hadoop-ozone/integration-test/target/test-dir/MiniOzoneClusterImpl-04a8daa2-1161-4e20-9dee-837792427303/datanode-4/data/ratis] (custom)
2023-09-21 17:51:19,677 [c526289d-5cad-4097-8195-61ffa3487ef7-NettyServerStreamRpc-bossGroup--thread1] INFO  logging.LoggingHandler (AbstractInternalLogger.java:log(148)) - [id: 0x5733358c] REGISTERED
2023-09-21 17:51:19,678 [c526289d-5cad-4097-8195-61ffa3487ef7-NettyServerStreamRpc-bossGroup--thread1] INFO  logging.LoggingHandler (AbstractInternalLogger.java:log(148)) - [id: 0x5733358c] BIND: 0.0.0.0/0.0.0.0:15104
2023-09-21 17:51:19,678 [c526289d-5cad-4097-8195-61ffa3487ef7-NettyServerStreamRpc-bossGroup--thread1] INFO  logging.LoggingHandler (AbstractInternalLogger.java:log(148)) - [id: 0x5733358c, L:/0:0:0:0:0:0:0:0:15104] ACTIVE
2023-09-21 17:51:19,678 [c526289d-5cad-4097-8195-61ffa3487ef7-impl-thread1] INFO  server.RaftServer (RaftServerProxy.java:initGroupDir(258)) - c526289d-5cad-4097-8195-61ffa3487ef7: found a subdirectory /home/runner/work/ozone/ozone/hadoop-ozone/integration-test/target/test-dir/MiniOzoneClusterImpl-04a8daa2-1161-4e20-9dee-837792427303/datanode-4/data/ratis/tmp
2023-09-21 17:51:19,678 [c526289d-5cad-4097-8195-61ffa3487ef7-impl-thread1] INFO  server.RaftServer (RaftServerProxy.java:initGroupDir(263)) - c526289d-5cad-4097-8195-61ffa3487ef7: The directory /home/runner/work/ozone/ozone/hadoop-ozone/integration-test/target/test-dir/MiniOzoneClusterImpl-04a8daa2-1161-4e20-9dee-837792427303/datanode-4/data/ratis/tmp is not a group directory; ignoring it. 
2023-09-21 17:51:19,678 [main] INFO  replication.ReplicationServer (ReplicationServer.java:<init>(83)) - Initializing replication server with thread count = 10 queue length = 4096
2023-09-21 17:51:19,681 [main] INFO  server.XceiverServerGrpc (XceiverServerGrpc.java:<init>(132)) - GrpcServer channel type EpollServerSocketChannel
2023-09-21 17:51:19,683 [main] INFO  replication.ReplicationSupervisor (ReplicationSupervisor.java:build(155)) - Initializing replication supervisor with thread count = 10
2023-09-21 17:51:19,683 [main] INFO  replication.ReplicationSupervisor (ReplicationSupervisor.java:nodeStateUpdated(307)) - Node state updated to IN_SERVICE, scaling executor pool size to 10
2023-09-21 17:51:19,687 [main] INFO  http.BaseHttpServer (BaseHttpServer.java:newHttpServer2BuilderForOzone(223)) - Starting Web-server for hddsDatanode at: http://0.0.0.0:15098
2023-09-21 17:51:19,687 [main] INFO  http.BaseHttpServer (BaseHttpServer.java:<init>(110)) - Hadoop Security Enabled: false Ozone Security Enabled: false Ozone HTTP Security Enabled: false 
2023-09-21 17:51:19,688 [main] WARN  server.AuthenticationFilter (AuthenticationFilter.java:constructSecretProvider(240)) - Unable to initialize FileSignerSecretProvider, falling back to use random secrets. Reason: Could not read signature secret file: /home/runner/hadoop-http-auth-signature-secret
2023-09-21 17:51:19,689 [main] INFO  http.HttpRequestLog (HttpRequestLog.java:getRequestLog(86)) - Http request log for http.requests.hddsDatanode is not defined
2023-09-21 17:51:19,691 [main] INFO  http.HttpServer2 (HttpServer2.java:addGlobalFilter(1031)) - Added global filter 'safety' (class=org.apache.hadoop.hdds.server.http.HttpServer2$QuotingInputFilter)
2023-09-21 17:51:19,691 [main] INFO  http.HttpServer2 (HttpServer2.java:addFilter(1007)) - Added filter static_user_filter (class=org.apache.hadoop.http.lib.StaticUserWebFilter$StaticUserFilter) to context hddsDatanode
2023-09-21 17:51:19,692 [main] INFO  http.HttpServer2 (HttpServer2.java:addFilter(1015)) - Added filter static_user_filter (class=org.apache.hadoop.http.lib.StaticUserWebFilter$StaticUserFilter) to context static
2023-09-21 17:51:19,692 [main] INFO  http.HttpServer2 (HttpServer2.java:addFilter(1015)) - Added filter static_user_filter (class=org.apache.hadoop.http.lib.StaticUserWebFilter$StaticUserFilter) to context logs
2023-09-21 17:51:19,692 [main] INFO  http.BaseHttpServer (BaseHttpServer.java:<init>(189)) - HTTP server of hddsDatanode uses base directory /home/runner/work/ozone/ozone/hadoop-ozone/integration-test/target/test-dir/MiniOzoneClusterImpl-04a8daa2-1161-4e20-9dee-837792427303/datanode-4/meta/webserver
2023-09-21 17:51:19,693 [main] INFO  http.HttpServer2 (HttpServer2.java:bindListener(1231)) - Jetty bound to port 15098
2023-09-21 17:51:19,693 [main] INFO  server.Server (Server.java:doStart(375)) - jetty-9.4.52.v20230823; built: 2023-08-23T19:29:37.669Z; git: abdcda73818a1a2c705da276edb0bf6581e7997e; jvm 1.8.0_382-b05
2023-09-21 17:51:19,694 [main] INFO  server.session (DefaultSessionIdManager.java:doStart(334)) - DefaultSessionIdManager workerName=node0
2023-09-21 17:51:19,694 [main] INFO  server.session (DefaultSessionIdManager.java:doStart(339)) - No SessionScavenger set, using defaults
2023-09-21 17:51:19,695 [main] INFO  server.session (HouseKeeper.java:startScavenging(132)) - node0 Scavenging every 600000ms
2023-09-21 17:51:19,696 [main] INFO  handler.ContextHandler (ContextHandler.java:doStart(921)) - Started o.e.j.s.ServletContextHandler@1beb1b8d{logs,/logs,file:///home/runner/work/ozone/ozone/hadoop-ozone/integration-test/target/log,AVAILABLE}
2023-09-21 17:51:19,696 [main] INFO  handler.ContextHandler (ContextHandler.java:doStart(921)) - Started o.e.j.s.ServletContextHandler@70c28772{static,/static,jar:file:/home/runner/.m2/repository/org/apache/ozone/hdds-container-service/1.4.0-SNAPSHOT/hdds-container-service-1.4.0-SNAPSHOT.jar!/webapps/static,AVAILABLE}
2023-09-21 17:51:19,993 [main] INFO  handler.ContextHandler (ContextHandler.java:doStart(921)) - Started o.e.j.w.WebAppContext@3a8133b1{hddsDatanode,/,file:///home/runner/work/ozone/ozone/hadoop-ozone/integration-test/target/test-dir/MiniOzoneClusterImpl-04a8daa2-1161-4e20-9dee-837792427303/datanode-4/meta/webserver/jetty-0_0_0_0-15098-hdds-container-service-1_4_0-SNAPSHOT_jar-_-any-4570133261632541671/webapp/,AVAILABLE}{jar:file:/home/runner/.m2/repository/org/apache/ozone/hdds-container-service/1.4.0-SNAPSHOT/hdds-container-service-1.4.0-SNAPSHOT.jar!/webapps/hddsDatanode}
2023-09-21 17:51:19,995 [main] INFO  server.AbstractConnector (AbstractConnector.java:doStart(333)) - Started ServerConnector@7ba304d2{HTTP/1.1, (http/1.1)}{0.0.0.0:15098}
2023-09-21 17:51:19,995 [main] INFO  server.Server (Server.java:doStart(415)) - Started @133436ms
2023-09-21 17:51:19,996 [main] WARN  impl.MetricsSystemImpl (MetricsSystemImpl.java:register(279)) - Sink prometheus already exists!
2023-09-21 17:51:19,996 [main] INFO  http.BaseHttpServer (BaseHttpServer.java:updateConnectorAddress(354)) - HTTP server of hddsDatanode listening at http://0.0.0.0:15098
2023-09-21 17:51:19,997 [main] INFO  ipc.CallQueueManager (CallQueueManager.java:<init>(90)) - Using callQueue: class java.util.concurrent.LinkedBlockingQueue, queueCapacity: 100, scheduler: class org.apache.hadoop.ipc.DefaultRpcScheduler, ipcBackoff: false.
2023-09-21 17:51:19,997 [main] INFO  ipc.Server (Server.java:<init>(1287)) - Listener at 0.0.0.0:15099
2023-09-21 17:51:19,999 [Socket Reader #1 for port 15099] INFO  ipc.Server (Server.java:run(1323)) - Starting Socket Reader #1 for port 15099
2023-09-21 17:51:19,999 [main] INFO  ozone.HddsDatanodeService (HddsDatanodeService.java:start(315)) - Datanode start with admins: [runner]
2023-09-21 17:51:19,999 [main] INFO  ozone.HddsDatanodeClientProtocolServer (HddsDatanodeClientProtocolServer.java:start(72)) - RPC server for Client /0.0.0.0:15099
2023-09-21 17:51:20,000 [IPC Server Responder] INFO  ipc.Server (Server.java:run(1562)) - IPC Server Responder: starting
2023-09-21 17:51:20,010 [IPC Server listener on 15099] INFO  ipc.Server (Server.java:run(1402)) - IPC Server listener on 15099: starting
2023-09-21 17:51:20,011 [main] INFO  ozone.MiniOzoneClusterImpl (MiniOzoneClusterImpl.java:lambda$waitForClusterToBeReady$0(229)) - Waiting for nodes to be ready. Got 0 of 5 DN Heartbeats.
2023-09-21 17:51:20,011 [main] INFO  ozone.MiniOzoneClusterImpl (MiniOzoneClusterImpl.java:lambda$waitForClusterToBeReady$0(232)) - Waiting for cluster to exit safe mode
2023-09-21 17:51:20,011 [main] INFO  ozone.MiniOzoneClusterImpl (MiniOzoneClusterImpl.java:lambda$waitForClusterToBeReady$0(234)) - SCM became leader
2023-09-21 17:51:20,013 [Datanode State Machine Daemon Thread] INFO  statemachine.DatanodeStateMachine (DatanodeStateMachine.java:lambda$startDaemon$0(540)) - Ozone container server started.
2023-09-21 17:51:20,025 [Datanode State Machine Task Thread - 0] INFO  datanode.InitDatanodeState (InitDatanodeState.java:persistContainerDatanodeDetails(138)) - DatanodeDetails is persisted to /home/runner/work/ozone/ozone/hadoop-ozone/integration-test/target/test-dir/MiniOzoneClusterImpl-04a8daa2-1161-4e20-9dee-837792427303/datanode-4/meta/datanode.id
2023-09-21 17:51:20,551 [EndpointStateMachine task thread for /0.0.0.0:15055 - 0 ] INFO  utils.DatanodeStoreCache (DatanodeStoreCache.java:addDB(66)) - Added db /home/runner/work/ozone/ozone/hadoop-ozone/integration-test/target/test-dir/MiniOzoneClusterImpl-04a8daa2-1161-4e20-9dee-837792427303/datanode-0/data-0/containers/hdds/04a8daa2-1161-4e20-9dee-837792427303/DS-80ed4091-d874-4069-bee7-94f72e5a4e48/container.db to cache
2023-09-21 17:51:20,551 [EndpointStateMachine task thread for /0.0.0.0:15055 - 0 ] INFO  volume.HddsVolume (HddsVolume.java:createDbStore(422)) - SchemaV3 db is created and loaded at /home/runner/work/ozone/ozone/hadoop-ozone/integration-test/target/test-dir/MiniOzoneClusterImpl-04a8daa2-1161-4e20-9dee-837792427303/datanode-0/data-0/containers/hdds/04a8daa2-1161-4e20-9dee-837792427303/DS-80ed4091-d874-4069-bee7-94f72e5a4e48/container.db for volume DS-80ed4091-d874-4069-bee7-94f72e5a4e48
2023-09-21 17:51:20,551 [EndpointStateMachine task thread for /0.0.0.0:15055 - 0 ] INFO  volume.ThrottledAsyncChecker (ThrottledAsyncChecker.java:schedule(141)) - Scheduling a check for /home/runner/work/ozone/ozone/hadoop-ozone/integration-test/target/test-dir/MiniOzoneClusterImpl-04a8daa2-1161-4e20-9dee-837792427303/datanode-0/data-0/containers/hdds
2023-09-21 17:51:20,553 [EndpointStateMachine task thread for /0.0.0.0:15055 - 0 ] INFO  volume.StorageVolumeChecker (StorageVolumeChecker.java:checkAllVolumes(213)) - Scheduled health check for volume /home/runner/work/ozone/ozone/hadoop-ozone/integration-test/target/test-dir/MiniOzoneClusterImpl-04a8daa2-1161-4e20-9dee-837792427303/datanode-0/data-0/containers/hdds
2023-09-21 17:51:20,556 [EndpointStateMachine task thread for /0.0.0.0:15055 - 0 ] INFO  volume.ThrottledAsyncChecker (ThrottledAsyncChecker.java:schedule(141)) - Scheduling a check for /home/runner/work/ozone/ozone/hadoop-ozone/integration-test/target/test-dir/MiniOzoneClusterImpl-04a8daa2-1161-4e20-9dee-837792427303/datanode-0/data/ratis
2023-09-21 17:51:20,556 [EndpointStateMachine task thread for /0.0.0.0:15055 - 0 ] INFO  volume.StorageVolumeChecker (StorageVolumeChecker.java:checkAllVolumes(213)) - Scheduled health check for volume /home/runner/work/ozone/ozone/hadoop-ozone/integration-test/target/test-dir/MiniOzoneClusterImpl-04a8daa2-1161-4e20-9dee-837792427303/datanode-0/data/ratis
2023-09-21 17:51:20,557 [EndpointStateMachine task thread for /0.0.0.0:15055 - 0 ] INFO  ozoneimpl.OzoneContainer (OzoneContainer.java:start(429)) - Attempting to start container services.
2023-09-21 17:51:20,557 [EndpointStateMachine task thread for /0.0.0.0:15055 - 0 ] INFO  ozoneimpl.OzoneContainer (OzoneContainer.java:startContainerScrub(325)) - Scheduled background container scanners and the on-demand container scanner have been disabled.
2023-09-21 17:51:20,562 [EndpointStateMachine task thread for /0.0.0.0:15055 - 0 ] INFO  replication.ReplicationServer (ReplicationServer.java:start(134)) - ReplicationServer is started using port 15069
2023-09-21 17:51:20,562 [EndpointStateMachine task thread for /0.0.0.0:15055 - 0 ] INFO  ratis.XceiverServerRatis (XceiverServerRatis.java:start(517)) - Starting XceiverServerRatis 21cefe31-b447-4cde-b371-f0af1d83a0ae
2023-09-21 17:51:20,562 [EndpointStateMachine task thread for /0.0.0.0:15055 - 0 ] INFO  server.RaftServer (RaftServerProxy.java:startImpl(400)) - 21cefe31-b447-4cde-b371-f0af1d83a0ae: start RPC server
2023-09-21 17:51:20,563 [EndpointStateMachine task thread for /0.0.0.0:15055 - 0 ] INFO  server.GrpcService (GrpcService.java:startImpl(302)) - 21cefe31-b447-4cde-b371-f0af1d83a0ae: GrpcService started, listening on 15065
2023-09-21 17:51:20,564 [EndpointStateMachine task thread for /0.0.0.0:15055 - 0 ] INFO  server.GrpcService (GrpcService.java:startImpl(302)) - 21cefe31-b447-4cde-b371-f0af1d83a0ae: GrpcService started, listening on 15067
2023-09-21 17:51:20,566 [EndpointStateMachine task thread for /0.0.0.0:15055 - 0 ] INFO  server.GrpcService (GrpcService.java:startImpl(302)) - 21cefe31-b447-4cde-b371-f0af1d83a0ae: GrpcService started, listening on 15066
2023-09-21 17:51:20,567 [EndpointStateMachine task thread for /0.0.0.0:15055 - 0 ] INFO  ratis.XceiverServerRatis (XceiverServerRatis.java:getRealPort(543)) - XceiverServerRatis 21cefe31-b447-4cde-b371-f0af1d83a0ae is started using port 15065 for RATIS
2023-09-21 17:51:20,567 [JvmPauseMonitor9] INFO  util.JvmPauseMonitor (JvmPauseMonitor.java:run(103)) - JvmPauseMonitor-21cefe31-b447-4cde-b371-f0af1d83a0ae: Started
2023-09-21 17:51:20,567 [EndpointStateMachine task thread for /0.0.0.0:15055 - 0 ] INFO  ratis.XceiverServerRatis (XceiverServerRatis.java:getRealPort(543)) - XceiverServerRatis 21cefe31-b447-4cde-b371-f0af1d83a0ae is started using port 15066 for RATIS_ADMIN
2023-09-21 17:51:20,567 [EndpointStateMachine task thread for /0.0.0.0:15055 - 0 ] INFO  ratis.XceiverServerRatis (XceiverServerRatis.java:getRealPort(543)) - XceiverServerRatis 21cefe31-b447-4cde-b371-f0af1d83a0ae is started using port 15067 for RATIS_SERVER
2023-09-21 17:51:20,567 [EndpointStateMachine task thread for /0.0.0.0:15055 - 0 ] INFO  ratis.XceiverServerRatis (XceiverServerRatis.java:getRealPort(543)) - XceiverServerRatis 21cefe31-b447-4cde-b371-f0af1d83a0ae is started using port 15068 for RATIS_DATASTREAM
2023-09-21 17:51:20,578 [BlockDeletingService#0] INFO  interfaces.ContainerDeletionChoosingPolicyTemplate (ContainerDeletionChoosingPolicyTemplate.java:chooseContainerForBlockDeletion(85)) - Chosen 0/5000 blocks from 0 candidate containers.
2023-09-21 17:51:20,945 [EndpointStateMachine task thread for /0.0.0.0:15055 - 0 ] INFO  utils.DatanodeStoreCache (DatanodeStoreCache.java:addDB(66)) - Added db /home/runner/work/ozone/ozone/hadoop-ozone/integration-test/target/test-dir/MiniOzoneClusterImpl-04a8daa2-1161-4e20-9dee-837792427303/datanode-1/data-0/containers/hdds/04a8daa2-1161-4e20-9dee-837792427303/DS-a23cb734-8b2c-4361-b2b6-2781535324f9/container.db to cache
2023-09-21 17:51:20,945 [EndpointStateMachine task thread for /0.0.0.0:15055 - 0 ] INFO  volume.HddsVolume (HddsVolume.java:createDbStore(422)) - SchemaV3 db is created and loaded at /home/runner/work/ozone/ozone/hadoop-ozone/integration-test/target/test-dir/MiniOzoneClusterImpl-04a8daa2-1161-4e20-9dee-837792427303/datanode-1/data-0/containers/hdds/04a8daa2-1161-4e20-9dee-837792427303/DS-a23cb734-8b2c-4361-b2b6-2781535324f9/container.db for volume DS-a23cb734-8b2c-4361-b2b6-2781535324f9
2023-09-21 17:51:20,946 [EndpointStateMachine task thread for /0.0.0.0:15055 - 0 ] INFO  volume.ThrottledAsyncChecker (ThrottledAsyncChecker.java:schedule(141)) - Scheduling a check for /home/runner/work/ozone/ozone/hadoop-ozone/integration-test/target/test-dir/MiniOzoneClusterImpl-04a8daa2-1161-4e20-9dee-837792427303/datanode-1/data-0/containers/hdds
2023-09-21 17:51:20,947 [EndpointStateMachine task thread for /0.0.0.0:15055 - 0 ] INFO  volume.StorageVolumeChecker (StorageVolumeChecker.java:checkAllVolumes(213)) - Scheduled health check for volume /home/runner/work/ozone/ozone/hadoop-ozone/integration-test/target/test-dir/MiniOzoneClusterImpl-04a8daa2-1161-4e20-9dee-837792427303/datanode-1/data-0/containers/hdds
2023-09-21 17:51:20,951 [EndpointStateMachine task thread for /0.0.0.0:15055 - 0 ] INFO  volume.ThrottledAsyncChecker (ThrottledAsyncChecker.java:schedule(141)) - Scheduling a check for /home/runner/work/ozone/ozone/hadoop-ozone/integration-test/target/test-dir/MiniOzoneClusterImpl-04a8daa2-1161-4e20-9dee-837792427303/datanode-1/data/ratis
2023-09-21 17:51:20,951 [EndpointStateMachine task thread for /0.0.0.0:15055 - 0 ] INFO  volume.StorageVolumeChecker (StorageVolumeChecker.java:checkAllVolumes(213)) - Scheduled health check for volume /home/runner/work/ozone/ozone/hadoop-ozone/integration-test/target/test-dir/MiniOzoneClusterImpl-04a8daa2-1161-4e20-9dee-837792427303/datanode-1/data/ratis
2023-09-21 17:51:20,954 [EndpointStateMachine task thread for /0.0.0.0:15055 - 0 ] INFO  ozoneimpl.OzoneContainer (OzoneContainer.java:start(429)) - Attempting to start container services.
2023-09-21 17:51:20,954 [EndpointStateMachine task thread for /0.0.0.0:15055 - 0 ] INFO  ozoneimpl.OzoneContainer (OzoneContainer.java:startContainerScrub(325)) - Scheduled background container scanners and the on-demand container scanner have been disabled.
2023-09-21 17:51:20,956 [EndpointStateMachine task thread for /0.0.0.0:15055 - 0 ] INFO  replication.ReplicationServer (ReplicationServer.java:start(134)) - ReplicationServer is started using port 15078
2023-09-21 17:51:20,956 [EndpointStateMachine task thread for /0.0.0.0:15055 - 0 ] INFO  ratis.XceiverServerRatis (XceiverServerRatis.java:start(517)) - Starting XceiverServerRatis 37083bac-0b78-4ab7-8270-b85e08b802dc
2023-09-21 17:51:20,964 [EndpointStateMachine task thread for /0.0.0.0:15055 - 0 ] INFO  server.RaftServer (RaftServerProxy.java:startImpl(400)) - 37083bac-0b78-4ab7-8270-b85e08b802dc: start RPC server
2023-09-21 17:51:20,968 [EndpointStateMachine task thread for /0.0.0.0:15055 - 0 ] INFO  server.GrpcService (GrpcService.java:startImpl(302)) - 37083bac-0b78-4ab7-8270-b85e08b802dc: GrpcService started, listening on 15074
2023-09-21 17:51:20,969 [EndpointStateMachine task thread for /0.0.0.0:15055 - 0 ] INFO  server.GrpcService (GrpcService.java:startImpl(302)) - 37083bac-0b78-4ab7-8270-b85e08b802dc: GrpcService started, listening on 15076
2023-09-21 17:51:20,970 [EndpointStateMachine task thread for /0.0.0.0:15055 - 0 ] INFO  server.GrpcService (GrpcService.java:startImpl(302)) - 37083bac-0b78-4ab7-8270-b85e08b802dc: GrpcService started, listening on 15075
2023-09-21 17:51:20,972 [EndpointStateMachine task thread for /0.0.0.0:15055 - 0 ] INFO  ratis.XceiverServerRatis (XceiverServerRatis.java:getRealPort(543)) - XceiverServerRatis 37083bac-0b78-4ab7-8270-b85e08b802dc is started using port 15074 for RATIS
2023-09-21 17:51:20,972 [EndpointStateMachine task thread for /0.0.0.0:15055 - 0 ] INFO  ratis.XceiverServerRatis (XceiverServerRatis.java:getRealPort(543)) - XceiverServerRatis 37083bac-0b78-4ab7-8270-b85e08b802dc is started using port 15075 for RATIS_ADMIN
2023-09-21 17:51:20,973 [EndpointStateMachine task thread for /0.0.0.0:15055 - 0 ] INFO  ratis.XceiverServerRatis (XceiverServerRatis.java:getRealPort(543)) - XceiverServerRatis 37083bac-0b78-4ab7-8270-b85e08b802dc is started using port 15076 for RATIS_SERVER
2023-09-21 17:51:20,973 [EndpointStateMachine task thread for /0.0.0.0:15055 - 0 ] INFO  ratis.XceiverServerRatis (XceiverServerRatis.java:getRealPort(543)) - XceiverServerRatis 37083bac-0b78-4ab7-8270-b85e08b802dc is started using port 15077 for RATIS_DATASTREAM
2023-09-21 17:51:20,977 [JvmPauseMonitor10] INFO  util.JvmPauseMonitor (JvmPauseMonitor.java:run(103)) - JvmPauseMonitor-37083bac-0b78-4ab7-8270-b85e08b802dc: Started
2023-09-21 17:51:21,002 [BlockDeletingService#0] INFO  interfaces.ContainerDeletionChoosingPolicyTemplate (ContainerDeletionChoosingPolicyTemplate.java:chooseContainerForBlockDeletion(85)) - Chosen 0/5000 blocks from 0 candidate containers.
2023-09-21 17:51:21,011 [main] INFO  ozone.MiniOzoneClusterImpl (MiniOzoneClusterImpl.java:lambda$waitForClusterToBeReady$0(229)) - Waiting for nodes to be ready. Got 0 of 5 DN Heartbeats.
2023-09-21 17:51:21,011 [main] INFO  ozone.MiniOzoneClusterImpl (MiniOzoneClusterImpl.java:lambda$waitForClusterToBeReady$0(232)) - Waiting for cluster to exit safe mode
2023-09-21 17:51:21,012 [main] INFO  ozone.MiniOzoneClusterImpl (MiniOzoneClusterImpl.java:lambda$waitForClusterToBeReady$0(234)) - SCM became leader
2023-09-21 17:51:21,341 [EndpointStateMachine task thread for /0.0.0.0:15055 - 0 ] INFO  utils.DatanodeStoreCache (DatanodeStoreCache.java:addDB(66)) - Added db /home/runner/work/ozone/ozone/hadoop-ozone/integration-test/target/test-dir/MiniOzoneClusterImpl-04a8daa2-1161-4e20-9dee-837792427303/datanode-2/data-0/containers/hdds/04a8daa2-1161-4e20-9dee-837792427303/DS-eb85e158-6515-4139-a03d-f5554ee8e003/container.db to cache
2023-09-21 17:51:21,341 [EndpointStateMachine task thread for /0.0.0.0:15055 - 0 ] INFO  volume.HddsVolume (HddsVolume.java:createDbStore(422)) - SchemaV3 db is created and loaded at /home/runner/work/ozone/ozone/hadoop-ozone/integration-test/target/test-dir/MiniOzoneClusterImpl-04a8daa2-1161-4e20-9dee-837792427303/datanode-2/data-0/containers/hdds/04a8daa2-1161-4e20-9dee-837792427303/DS-eb85e158-6515-4139-a03d-f5554ee8e003/container.db for volume DS-eb85e158-6515-4139-a03d-f5554ee8e003
2023-09-21 17:51:21,342 [EndpointStateMachine task thread for /0.0.0.0:15055 - 0 ] INFO  volume.ThrottledAsyncChecker (ThrottledAsyncChecker.java:schedule(141)) - Scheduling a check for /home/runner/work/ozone/ozone/hadoop-ozone/integration-test/target/test-dir/MiniOzoneClusterImpl-04a8daa2-1161-4e20-9dee-837792427303/datanode-2/data-0/containers/hdds
2023-09-21 17:51:21,343 [EndpointStateMachine task thread for /0.0.0.0:15055 - 0 ] INFO  volume.StorageVolumeChecker (StorageVolumeChecker.java:checkAllVolumes(213)) - Scheduled health check for volume /home/runner/work/ozone/ozone/hadoop-ozone/integration-test/target/test-dir/MiniOzoneClusterImpl-04a8daa2-1161-4e20-9dee-837792427303/datanode-2/data-0/containers/hdds
2023-09-21 17:51:21,350 [EndpointStateMachine task thread for /0.0.0.0:15055 - 0 ] INFO  volume.ThrottledAsyncChecker (ThrottledAsyncChecker.java:schedule(141)) - Scheduling a check for /home/runner/work/ozone/ozone/hadoop-ozone/integration-test/target/test-dir/MiniOzoneClusterImpl-04a8daa2-1161-4e20-9dee-837792427303/datanode-2/data/ratis
2023-09-21 17:51:21,351 [EndpointStateMachine task thread for /0.0.0.0:15055 - 0 ] INFO  volume.StorageVolumeChecker (StorageVolumeChecker.java:checkAllVolumes(213)) - Scheduled health check for volume /home/runner/work/ozone/ozone/hadoop-ozone/integration-test/target/test-dir/MiniOzoneClusterImpl-04a8daa2-1161-4e20-9dee-837792427303/datanode-2/data/ratis
2023-09-21 17:51:21,352 [EndpointStateMachine task thread for /0.0.0.0:15055 - 0 ] INFO  ozoneimpl.OzoneContainer (OzoneContainer.java:start(429)) - Attempting to start container services.
2023-09-21 17:51:21,352 [EndpointStateMachine task thread for /0.0.0.0:15055 - 0 ] INFO  ozoneimpl.OzoneContainer (OzoneContainer.java:startContainerScrub(325)) - Scheduled background container scanners and the on-demand container scanner have been disabled.
2023-09-21 17:51:21,358 [EndpointStateMachine task thread for /0.0.0.0:15055 - 0 ] INFO  replication.ReplicationServer (ReplicationServer.java:start(134)) - ReplicationServer is started using port 15087
2023-09-21 17:51:21,358 [EndpointStateMachine task thread for /0.0.0.0:15055 - 0 ] INFO  ratis.XceiverServerRatis (XceiverServerRatis.java:start(517)) - Starting XceiverServerRatis 4cdc299f-4834-4fa6-8ba2-191990d4ad82
2023-09-21 17:51:21,359 [EndpointStateMachine task thread for /0.0.0.0:15055 - 0 ] INFO  server.RaftServer (RaftServerProxy.java:startImpl(400)) - 4cdc299f-4834-4fa6-8ba2-191990d4ad82: start RPC server
2023-09-21 17:51:21,362 [EndpointStateMachine task thread for /0.0.0.0:15055 - 0 ] INFO  server.GrpcService (GrpcService.java:startImpl(302)) - 4cdc299f-4834-4fa6-8ba2-191990d4ad82: GrpcService started, listening on 15083
2023-09-21 17:51:21,363 [EndpointStateMachine task thread for /0.0.0.0:15055 - 0 ] INFO  server.GrpcService (GrpcService.java:startImpl(302)) - 4cdc299f-4834-4fa6-8ba2-191990d4ad82: GrpcService started, listening on 15085
2023-09-21 17:51:21,367 [EndpointStateMachine task thread for /0.0.0.0:15055 - 0 ] INFO  server.GrpcService (GrpcService.java:startImpl(302)) - 4cdc299f-4834-4fa6-8ba2-191990d4ad82: GrpcService started, listening on 15084
2023-09-21 17:51:21,369 [EndpointStateMachine task thread for /0.0.0.0:15055 - 0 ] INFO  ratis.XceiverServerRatis (XceiverServerRatis.java:getRealPort(543)) - XceiverServerRatis 4cdc299f-4834-4fa6-8ba2-191990d4ad82 is started using port 15083 for RATIS
2023-09-21 17:51:21,369 [EndpointStateMachine task thread for /0.0.0.0:15055 - 0 ] INFO  ratis.XceiverServerRatis (XceiverServerRatis.java:getRealPort(543)) - XceiverServerRatis 4cdc299f-4834-4fa6-8ba2-191990d4ad82 is started using port 15084 for RATIS_ADMIN
2023-09-21 17:51:21,369 [EndpointStateMachine task thread for /0.0.0.0:15055 - 0 ] INFO  ratis.XceiverServerRatis (XceiverServerRatis.java:getRealPort(543)) - XceiverServerRatis 4cdc299f-4834-4fa6-8ba2-191990d4ad82 is started using port 15085 for RATIS_SERVER
2023-09-21 17:51:21,370 [EndpointStateMachine task thread for /0.0.0.0:15055 - 0 ] INFO  ratis.XceiverServerRatis (XceiverServerRatis.java:getRealPort(543)) - XceiverServerRatis 4cdc299f-4834-4fa6-8ba2-191990d4ad82 is started using port 15086 for RATIS_DATASTREAM
2023-09-21 17:51:21,370 [JvmPauseMonitor11] INFO  util.JvmPauseMonitor (JvmPauseMonitor.java:run(103)) - JvmPauseMonitor-4cdc299f-4834-4fa6-8ba2-191990d4ad82: Started
2023-09-21 17:51:21,376 [BlockDeletingService#0] INFO  interfaces.ContainerDeletionChoosingPolicyTemplate (ContainerDeletionChoosingPolicyTemplate.java:chooseContainerForBlockDeletion(85)) - Chosen 0/5000 blocks from 0 candidate containers.
2023-09-21 17:51:21,671 [EndpointStateMachine task thread for /0.0.0.0:15055 - 0 ] INFO  utils.DatanodeStoreCache (DatanodeStoreCache.java:addDB(66)) - Added db /home/runner/work/ozone/ozone/hadoop-ozone/integration-test/target/test-dir/MiniOzoneClusterImpl-04a8daa2-1161-4e20-9dee-837792427303/datanode-3/data-0/containers/hdds/04a8daa2-1161-4e20-9dee-837792427303/DS-929f5b37-6a00-4f3e-a9bb-c84cf5b6b7c8/container.db to cache
2023-09-21 17:51:21,671 [EndpointStateMachine task thread for /0.0.0.0:15055 - 0 ] INFO  volume.HddsVolume (HddsVolume.java:createDbStore(422)) - SchemaV3 db is created and loaded at /home/runner/work/ozone/ozone/hadoop-ozone/integration-test/target/test-dir/MiniOzoneClusterImpl-04a8daa2-1161-4e20-9dee-837792427303/datanode-3/data-0/containers/hdds/04a8daa2-1161-4e20-9dee-837792427303/DS-929f5b37-6a00-4f3e-a9bb-c84cf5b6b7c8/container.db for volume DS-929f5b37-6a00-4f3e-a9bb-c84cf5b6b7c8
2023-09-21 17:51:21,672 [EndpointStateMachine task thread for /0.0.0.0:15055 - 0 ] INFO  volume.ThrottledAsyncChecker (ThrottledAsyncChecker.java:schedule(141)) - Scheduling a check for /home/runner/work/ozone/ozone/hadoop-ozone/integration-test/target/test-dir/MiniOzoneClusterImpl-04a8daa2-1161-4e20-9dee-837792427303/datanode-3/data-0/containers/hdds
2023-09-21 17:51:21,672 [EndpointStateMachine task thread for /0.0.0.0:15055 - 0 ] INFO  volume.StorageVolumeChecker (StorageVolumeChecker.java:checkAllVolumes(213)) - Scheduled health check for volume /home/runner/work/ozone/ozone/hadoop-ozone/integration-test/target/test-dir/MiniOzoneClusterImpl-04a8daa2-1161-4e20-9dee-837792427303/datanode-3/data-0/containers/hdds
2023-09-21 17:51:21,674 [EndpointStateMachine task thread for /0.0.0.0:15055 - 0 ] INFO  volume.ThrottledAsyncChecker (ThrottledAsyncChecker.java:schedule(141)) - Scheduling a check for /home/runner/work/ozone/ozone/hadoop-ozone/integration-test/target/test-dir/MiniOzoneClusterImpl-04a8daa2-1161-4e20-9dee-837792427303/datanode-3/data/ratis
2023-09-21 17:51:21,675 [EndpointStateMachine task thread for /0.0.0.0:15055 - 0 ] INFO  volume.StorageVolumeChecker (StorageVolumeChecker.java:checkAllVolumes(213)) - Scheduled health check for volume /home/runner/work/ozone/ozone/hadoop-ozone/integration-test/target/test-dir/MiniOzoneClusterImpl-04a8daa2-1161-4e20-9dee-837792427303/datanode-3/data/ratis
2023-09-21 17:51:21,677 [EndpointStateMachine task thread for /0.0.0.0:15055 - 0 ] INFO  ozoneimpl.OzoneContainer (OzoneContainer.java:start(429)) - Attempting to start container services.
2023-09-21 17:51:21,677 [EndpointStateMachine task thread for /0.0.0.0:15055 - 0 ] INFO  ozoneimpl.OzoneContainer (OzoneContainer.java:startContainerScrub(325)) - Scheduled background container scanners and the on-demand container scanner have been disabled.
2023-09-21 17:51:21,679 [EndpointStateMachine task thread for /0.0.0.0:15055 - 0 ] INFO  replication.ReplicationServer (ReplicationServer.java:start(134)) - ReplicationServer is started using port 15096
2023-09-21 17:51:21,679 [EndpointStateMachine task thread for /0.0.0.0:15055 - 0 ] INFO  ratis.XceiverServerRatis (XceiverServerRatis.java:start(517)) - Starting XceiverServerRatis 01a5bd4e-669d-4aa9-9839-6c274a81602d
2023-09-21 17:51:21,680 [EndpointStateMachine task thread for /0.0.0.0:15055 - 0 ] INFO  server.RaftServer (RaftServerProxy.java:startImpl(400)) - 01a5bd4e-669d-4aa9-9839-6c274a81602d: start RPC server
2023-09-21 17:51:21,681 [EndpointStateMachine task thread for /0.0.0.0:15055 - 0 ] INFO  server.GrpcService (GrpcService.java:startImpl(302)) - 01a5bd4e-669d-4aa9-9839-6c274a81602d: GrpcService started, listening on 15092
2023-09-21 17:51:21,682 [EndpointStateMachine task thread for /0.0.0.0:15055 - 0 ] INFO  server.GrpcService (GrpcService.java:startImpl(302)) - 01a5bd4e-669d-4aa9-9839-6c274a81602d: GrpcService started, listening on 15094
2023-09-21 17:51:21,685 [EndpointStateMachine task thread for /0.0.0.0:15055 - 0 ] INFO  server.GrpcService (GrpcService.java:startImpl(302)) - 01a5bd4e-669d-4aa9-9839-6c274a81602d: GrpcService started, listening on 15093
2023-09-21 17:51:21,686 [EndpointStateMachine task thread for /0.0.0.0:15055 - 0 ] INFO  ratis.XceiverServerRatis (XceiverServerRatis.java:getRealPort(543)) - XceiverServerRatis 01a5bd4e-669d-4aa9-9839-6c274a81602d is started using port 15092 for RATIS
2023-09-21 17:51:21,686 [EndpointStateMachine task thread for /0.0.0.0:15055 - 0 ] INFO  ratis.XceiverServerRatis (XceiverServerRatis.java:getRealPort(543)) - XceiverServerRatis 01a5bd4e-669d-4aa9-9839-6c274a81602d is started using port 15093 for RATIS_ADMIN
2023-09-21 17:51:21,686 [JvmPauseMonitor12] INFO  util.JvmPauseMonitor (JvmPauseMonitor.java:run(103)) - JvmPauseMonitor-01a5bd4e-669d-4aa9-9839-6c274a81602d: Started
2023-09-21 17:51:21,686 [EndpointStateMachine task thread for /0.0.0.0:15055 - 0 ] INFO  ratis.XceiverServerRatis (XceiverServerRatis.java:getRealPort(543)) - XceiverServerRatis 01a5bd4e-669d-4aa9-9839-6c274a81602d is started using port 15094 for RATIS_SERVER
2023-09-21 17:51:21,686 [EndpointStateMachine task thread for /0.0.0.0:15055 - 0 ] INFO  ratis.XceiverServerRatis (XceiverServerRatis.java:getRealPort(543)) - XceiverServerRatis 01a5bd4e-669d-4aa9-9839-6c274a81602d is started using port 15095 for RATIS_DATASTREAM
2023-09-21 17:51:21,694 [BlockDeletingService#0] INFO  interfaces.ContainerDeletionChoosingPolicyTemplate (ContainerDeletionChoosingPolicyTemplate.java:chooseContainerForBlockDeletion(85)) - Chosen 0/5000 blocks from 0 candidate containers.
2023-09-21 17:51:22,012 [main] INFO  ozone.MiniOzoneClusterImpl (MiniOzoneClusterImpl.java:lambda$waitForClusterToBeReady$0(229)) - Waiting for nodes to be ready. Got 0 of 5 DN Heartbeats.
2023-09-21 17:51:22,012 [main] INFO  ozone.MiniOzoneClusterImpl (MiniOzoneClusterImpl.java:lambda$waitForClusterToBeReady$0(232)) - Waiting for cluster to exit safe mode
2023-09-21 17:51:22,012 [main] INFO  ozone.MiniOzoneClusterImpl (MiniOzoneClusterImpl.java:lambda$waitForClusterToBeReady$0(234)) - SCM became leader
2023-09-21 17:51:22,060 [EndpointStateMachine task thread for /0.0.0.0:15055 - 0 ] INFO  utils.DatanodeStoreCache (DatanodeStoreCache.java:addDB(66)) - Added db /home/runner/work/ozone/ozone/hadoop-ozone/integration-test/target/test-dir/MiniOzoneClusterImpl-04a8daa2-1161-4e20-9dee-837792427303/datanode-4/data-0/containers/hdds/04a8daa2-1161-4e20-9dee-837792427303/DS-24a32491-dec6-4c6f-aff6-c31ffe33b971/container.db to cache
2023-09-21 17:51:22,061 [EndpointStateMachine task thread for /0.0.0.0:15055 - 0 ] INFO  volume.HddsVolume (HddsVolume.java:createDbStore(422)) - SchemaV3 db is created and loaded at /home/runner/work/ozone/ozone/hadoop-ozone/integration-test/target/test-dir/MiniOzoneClusterImpl-04a8daa2-1161-4e20-9dee-837792427303/datanode-4/data-0/containers/hdds/04a8daa2-1161-4e20-9dee-837792427303/DS-24a32491-dec6-4c6f-aff6-c31ffe33b971/container.db for volume DS-24a32491-dec6-4c6f-aff6-c31ffe33b971
2023-09-21 17:51:22,062 [EndpointStateMachine task thread for /0.0.0.0:15055 - 0 ] INFO  volume.ThrottledAsyncChecker (ThrottledAsyncChecker.java:schedule(141)) - Scheduling a check for /home/runner/work/ozone/ozone/hadoop-ozone/integration-test/target/test-dir/MiniOzoneClusterImpl-04a8daa2-1161-4e20-9dee-837792427303/datanode-4/data-0/containers/hdds
2023-09-21 17:51:22,062 [EndpointStateMachine task thread for /0.0.0.0:15055 - 0 ] INFO  volume.StorageVolumeChecker (StorageVolumeChecker.java:checkAllVolumes(213)) - Scheduled health check for volume /home/runner/work/ozone/ozone/hadoop-ozone/integration-test/target/test-dir/MiniOzoneClusterImpl-04a8daa2-1161-4e20-9dee-837792427303/datanode-4/data-0/containers/hdds
2023-09-21 17:51:22,066 [EndpointStateMachine task thread for /0.0.0.0:15055 - 0 ] INFO  volume.ThrottledAsyncChecker (ThrottledAsyncChecker.java:schedule(141)) - Scheduling a check for /home/runner/work/ozone/ozone/hadoop-ozone/integration-test/target/test-dir/MiniOzoneClusterImpl-04a8daa2-1161-4e20-9dee-837792427303/datanode-4/data/ratis
2023-09-21 17:51:22,066 [EndpointStateMachine task thread for /0.0.0.0:15055 - 0 ] INFO  volume.StorageVolumeChecker (StorageVolumeChecker.java:checkAllVolumes(213)) - Scheduled health check for volume /home/runner/work/ozone/ozone/hadoop-ozone/integration-test/target/test-dir/MiniOzoneClusterImpl-04a8daa2-1161-4e20-9dee-837792427303/datanode-4/data/ratis
2023-09-21 17:51:22,067 [EndpointStateMachine task thread for /0.0.0.0:15055 - 0 ] INFO  ozoneimpl.OzoneContainer (OzoneContainer.java:start(429)) - Attempting to start container services.
2023-09-21 17:51:22,068 [EndpointStateMachine task thread for /0.0.0.0:15055 - 0 ] INFO  ozoneimpl.OzoneContainer (OzoneContainer.java:startContainerScrub(325)) - Scheduled background container scanners and the on-demand container scanner have been disabled.
2023-09-21 17:51:22,069 [EndpointStateMachine task thread for /0.0.0.0:15055 - 0 ] INFO  replication.ReplicationServer (ReplicationServer.java:start(134)) - ReplicationServer is started using port 15105
2023-09-21 17:51:22,069 [EndpointStateMachine task thread for /0.0.0.0:15055 - 0 ] INFO  ratis.XceiverServerRatis (XceiverServerRatis.java:start(517)) - Starting XceiverServerRatis c526289d-5cad-4097-8195-61ffa3487ef7
2023-09-21 17:51:22,069 [EndpointStateMachine task thread for /0.0.0.0:15055 - 0 ] INFO  server.RaftServer (RaftServerProxy.java:startImpl(400)) - c526289d-5cad-4097-8195-61ffa3487ef7: start RPC server
2023-09-21 17:51:22,071 [EndpointStateMachine task thread for /0.0.0.0:15055 - 0 ] INFO  server.GrpcService (GrpcService.java:startImpl(302)) - c526289d-5cad-4097-8195-61ffa3487ef7: GrpcService started, listening on 15101
2023-09-21 17:51:22,074 [EndpointStateMachine task thread for /0.0.0.0:15055 - 0 ] INFO  server.GrpcService (GrpcService.java:startImpl(302)) - c526289d-5cad-4097-8195-61ffa3487ef7: GrpcService started, listening on 15103
2023-09-21 17:51:22,075 [EndpointStateMachine task thread for /0.0.0.0:15055 - 0 ] INFO  server.GrpcService (GrpcService.java:startImpl(302)) - c526289d-5cad-4097-8195-61ffa3487ef7: GrpcService started, listening on 15102
2023-09-21 17:51:22,075 [EndpointStateMachine task thread for /0.0.0.0:15055 - 0 ] INFO  ratis.XceiverServerRatis (XceiverServerRatis.java:getRealPort(543)) - XceiverServerRatis c526289d-5cad-4097-8195-61ffa3487ef7 is started using port 15101 for RATIS
2023-09-21 17:51:22,075 [EndpointStateMachine task thread for /0.0.0.0:15055 - 0 ] INFO  ratis.XceiverServerRatis (XceiverServerRatis.java:getRealPort(543)) - XceiverServerRatis c526289d-5cad-4097-8195-61ffa3487ef7 is started using port 15102 for RATIS_ADMIN
2023-09-21 17:51:22,075 [EndpointStateMachine task thread for /0.0.0.0:15055 - 0 ] INFO  ratis.XceiverServerRatis (XceiverServerRatis.java:getRealPort(543)) - XceiverServerRatis c526289d-5cad-4097-8195-61ffa3487ef7 is started using port 15103 for RATIS_SERVER
2023-09-21 17:51:22,075 [EndpointStateMachine task thread for /0.0.0.0:15055 - 0 ] INFO  ratis.XceiverServerRatis (XceiverServerRatis.java:getRealPort(543)) - XceiverServerRatis c526289d-5cad-4097-8195-61ffa3487ef7 is started using port 15104 for RATIS_DATASTREAM
2023-09-21 17:51:22,075 [JvmPauseMonitor13] INFO  util.JvmPauseMonitor (JvmPauseMonitor.java:run(103)) - JvmPauseMonitor-c526289d-5cad-4097-8195-61ffa3487ef7: Started
2023-09-21 17:51:22,088 [BlockDeletingService#0] INFO  interfaces.ContainerDeletionChoosingPolicyTemplate (ContainerDeletionChoosingPolicyTemplate.java:chooseContainerForBlockDeletion(85)) - Chosen 0/5000 blocks from 0 candidate containers.
2023-09-21 17:51:22,494 [IPC Server handler 1 on default port 15055] INFO  net.NetworkTopologyImpl (NetworkTopologyImpl.java:add(112)) - Added a new node: /default-rack/21cefe31-b447-4cde-b371-f0af1d83a0ae
2023-09-21 17:51:22,494 [IPC Server handler 1 on default port 15055] INFO  node.SCMNodeManager (SCMNodeManager.java:register(405)) - Registered Data node : 21cefe31-b447-4cde-b371-f0af1d83a0ae{ip: 10.1.0.8, host: fv-az259-227.nxnqhby4qkoexpon2s1bx5vqxg.dx.internal.cloudapp.net, ports: [HTTP=15062, CLIENT_RPC=15063, REPLICATION=15069, RATIS=15065, RATIS_ADMIN=15066, RATIS_SERVER=15067, RATIS_DATASTREAM=15068, STANDALONE=15064], networkLocation: /default-rack, certSerialId: null, persistedOpState: null, persistedOpStateExpiryEpochSec: 0}
2023-09-21 17:51:22,497 [EventQueue-NodeRegistrationContainerReportForContainerSafeModeRule] INFO  safemode.SCMSafeModeManager (SCMSafeModeManager.java:validateSafeModeExitRules(200)) - ContainerSafeModeRule rule is successfully validated
2023-09-21 17:51:22,497 [EventQueue-NodeRegistrationContainerReportForDataNodeSafeModeRule] INFO  safemode.SCMSafeModeManager (DataNodeSafeModeRule.java:process(71)) - SCM in safe mode. 1 DataNodes registered, 3 required.
2023-09-21 17:51:22,506 [EventQueue-NewNodeForNewNodeHandler] INFO  pipeline.BackgroundPipelineCreator (BackgroundPipelineCreator.java:notifyEventTriggered(277)) - trigger a one-shot run on RatisPipelineUtilsThread.
2023-09-21 17:51:22,506 [RatisPipelineUtilsThread - 0] INFO  pipeline.RatisPipelineProvider (RatisPipelineProvider.java:lambda$create$0(206)) - Sending CreatePipelineCommand for pipeline:PipelineID=918c0cbd-175a-43bf-ab54-1884aa8529fa to datanode:21cefe31-b447-4cde-b371-f0af1d83a0ae
2023-09-21 17:51:22,506 [EventQueue-PipelineReportForOneReplicaPipelineSafeModeRule] INFO  safemode.SCMSafeModeManager (SCMSafeModeManager.java:validateSafeModeExitRules(200)) - AtleastOneDatanodeReportedRule rule is successfully validated
2023-09-21 17:51:22,507 [RatisPipelineUtilsThread - 0] INFO  pipeline.BackgroundPipelineCreator (BackgroundPipelineCreator.java:createPipelines(233)) - Created new pipeline Pipeline[ Id: 918c0cbd-175a-43bf-ab54-1884aa8529fa, Nodes: 21cefe31-b447-4cde-b371-f0af1d83a0ae(fv-az259-227.nxnqhby4qkoexpon2s1bx5vqxg.dx.internal.cloudapp.net/10.1.0.8), ReplicationConfig: RATIS/ONE, State:ALLOCATED, leaderId:, CreationTimestamp2023-09-21T17:51:22.506Z[Etc/UTC]]
2023-09-21 17:51:22,882 [IPC Server handler 3 on default port 15055] INFO  net.NetworkTopologyImpl (NetworkTopologyImpl.java:add(112)) - Added a new node: /default-rack/37083bac-0b78-4ab7-8270-b85e08b802dc
2023-09-21 17:51:22,883 [IPC Server handler 3 on default port 15055] INFO  node.SCMNodeManager (SCMNodeManager.java:register(405)) - Registered Data node : 37083bac-0b78-4ab7-8270-b85e08b802dc{ip: 10.1.0.8, host: fv-az259-227.nxnqhby4qkoexpon2s1bx5vqxg.dx.internal.cloudapp.net, ports: [HTTP=15071, CLIENT_RPC=15072, REPLICATION=15078, RATIS=15074, RATIS_ADMIN=15075, RATIS_SERVER=15076, RATIS_DATASTREAM=15077, STANDALONE=15073], networkLocation: /default-rack, certSerialId: null, persistedOpState: null, persistedOpStateExpiryEpochSec: 0}
2023-09-21 17:51:22,884 [EventQueue-NodeRegistrationContainerReportForDataNodeSafeModeRule] INFO  safemode.SCMSafeModeManager (DataNodeSafeModeRule.java:process(71)) - SCM in safe mode. 2 DataNodes registered, 3 required.
2023-09-21 17:51:22,885 [EventQueue-NewNodeForNewNodeHandler] INFO  pipeline.BackgroundPipelineCreator (BackgroundPipelineCreator.java:notifyEventTriggered(277)) - trigger a one-shot run on RatisPipelineUtilsThread.
2023-09-21 17:51:22,885 [RatisPipelineUtilsThread - 0] INFO  pipeline.RatisPipelineProvider (RatisPipelineProvider.java:lambda$create$0(206)) - Sending CreatePipelineCommand for pipeline:PipelineID=101e793d-f176-48fd-89a7-a4d7b4f91e23 to datanode:37083bac-0b78-4ab7-8270-b85e08b802dc
2023-09-21 17:51:22,886 [RatisPipelineUtilsThread - 0] INFO  pipeline.BackgroundPipelineCreator (BackgroundPipelineCreator.java:createPipelines(233)) - Created new pipeline Pipeline[ Id: 101e793d-f176-48fd-89a7-a4d7b4f91e23, Nodes: 37083bac-0b78-4ab7-8270-b85e08b802dc(fv-az259-227.nxnqhby4qkoexpon2s1bx5vqxg.dx.internal.cloudapp.net/10.1.0.8), ReplicationConfig: RATIS/ONE, State:ALLOCATED, leaderId:, CreationTimestamp2023-09-21T17:51:22.885Z[Etc/UTC]]
2023-09-21 17:51:23,013 [main] INFO  ozone.MiniOzoneClusterImpl (MiniOzoneClusterImpl.java:lambda$waitForClusterToBeReady$0(229)) - Waiting for nodes to be ready. Got 2 of 5 DN Heartbeats.
2023-09-21 17:51:23,013 [main] INFO  ozone.MiniOzoneClusterImpl (MiniOzoneClusterImpl.java:lambda$waitForClusterToBeReady$0(232)) - Waiting for cluster to exit safe mode
2023-09-21 17:51:23,013 [main] INFO  ozone.MiniOzoneClusterImpl (MiniOzoneClusterImpl.java:lambda$waitForClusterToBeReady$0(234)) - SCM became leader
2023-09-21 17:51:23,289 [IPC Server handler 0 on default port 15055] INFO  net.NetworkTopologyImpl (NetworkTopologyImpl.java:add(112)) - Added a new node: /default-rack/4cdc299f-4834-4fa6-8ba2-191990d4ad82
2023-09-21 17:51:23,289 [IPC Server handler 0 on default port 15055] INFO  node.SCMNodeManager (SCMNodeManager.java:register(405)) - Registered Data node : 4cdc299f-4834-4fa6-8ba2-191990d4ad82{ip: 10.1.0.8, host: fv-az259-227.nxnqhby4qkoexpon2s1bx5vqxg.dx.internal.cloudapp.net, ports: [HTTP=15080, CLIENT_RPC=15081, REPLICATION=15087, RATIS=15083, RATIS_ADMIN=15084, RATIS_SERVER=15085, RATIS_DATASTREAM=15086, STANDALONE=15082], networkLocation: /default-rack, certSerialId: null, persistedOpState: null, persistedOpStateExpiryEpochSec: 0}
2023-09-21 17:51:23,291 [EventQueue-NodeRegistrationContainerReportForDataNodeSafeModeRule] INFO  safemode.SCMSafeModeManager (DataNodeSafeModeRule.java:process(71)) - SCM in safe mode. 3 DataNodes registered, 3 required.
2023-09-21 17:51:23,291 [EventQueue-NewNodeForNewNodeHandler] INFO  pipeline.BackgroundPipelineCreator (BackgroundPipelineCreator.java:notifyEventTriggered(277)) - trigger a one-shot run on RatisPipelineUtilsThread.
2023-09-21 17:51:23,291 [EventQueue-NodeRegistrationContainerReportForDataNodeSafeModeRule] INFO  safemode.SCMSafeModeManager (SCMSafeModeManager.java:validateSafeModeExitRules(200)) - DataNodeSafeModeRule rule is successfully validated
2023-09-21 17:51:23,291 [EventQueue-NodeRegistrationContainerReportForDataNodeSafeModeRule] INFO  safemode.SCMSafeModeManager (SCMSafeModeManager.java:completePreCheck(229)) - All SCM safe mode pre check rules have passed
2023-09-21 17:51:23,291 [EventQueue-NodeRegistrationContainerReportForDataNodeSafeModeRule] INFO  ha.SCMContext (SCMContext.java:updateSafeModeStatus(228)) - Update SafeModeStatus from SafeModeStatus{safeModeStatus=true, preCheckPassed=false} to SafeModeStatus{safeModeStatus=true, preCheckPassed=true}.
2023-09-21 17:51:23,291 [EventQueue-NodeRegistrationContainerReportForDataNodeSafeModeRule] INFO  pipeline.BackgroundPipelineCreator (BackgroundPipelineCreator.java:notifyEventTriggered(277)) - trigger a one-shot run on RatisPipelineUtilsThread.
2023-09-21 17:51:23,291 [RatisPipelineUtilsThread - 0] INFO  pipeline.RatisPipelineProvider (RatisPipelineProvider.java:lambda$create$0(206)) - Sending CreatePipelineCommand for pipeline:PipelineID=540ca271-5bbb-48e7-8720-38cb0e9eb26e to datanode:4cdc299f-4834-4fa6-8ba2-191990d4ad82
2023-09-21 17:51:23,292 [RatisPipelineUtilsThread - 0] INFO  pipeline.BackgroundPipelineCreator (BackgroundPipelineCreator.java:createPipelines(233)) - Created new pipeline Pipeline[ Id: 540ca271-5bbb-48e7-8720-38cb0e9eb26e, Nodes: 4cdc299f-4834-4fa6-8ba2-191990d4ad82(fv-az259-227.nxnqhby4qkoexpon2s1bx5vqxg.dx.internal.cloudapp.net/10.1.0.8), ReplicationConfig: RATIS/ONE, State:ALLOCATED, leaderId:, CreationTimestamp2023-09-21T17:51:23.291Z[Etc/UTC]]
2023-09-21 17:51:23,293 [RatisPipelineUtilsThread - 0] INFO  pipeline.RatisPipelineProvider (RatisPipelineProvider.java:lambda$create$0(206)) - Sending CreatePipelineCommand for pipeline:PipelineID=aafff790-04e8-4d9f-a3f6-6c7d642d55ba to datanode:4cdc299f-4834-4fa6-8ba2-191990d4ad82
2023-09-21 17:51:23,293 [RatisPipelineUtilsThread - 0] INFO  pipeline.RatisPipelineProvider (RatisPipelineProvider.java:lambda$create$0(206)) - Sending CreatePipelineCommand for pipeline:PipelineID=aafff790-04e8-4d9f-a3f6-6c7d642d55ba to datanode:21cefe31-b447-4cde-b371-f0af1d83a0ae
2023-09-21 17:51:23,293 [RatisPipelineUtilsThread - 0] INFO  pipeline.RatisPipelineProvider (RatisPipelineProvider.java:lambda$create$0(206)) - Sending CreatePipelineCommand for pipeline:PipelineID=aafff790-04e8-4d9f-a3f6-6c7d642d55ba to datanode:37083bac-0b78-4ab7-8270-b85e08b802dc
2023-09-21 17:51:23,294 [RatisPipelineUtilsThread - 0] INFO  pipeline.BackgroundPipelineCreator (BackgroundPipelineCreator.java:createPipelines(233)) - Created new pipeline Pipeline[ Id: aafff790-04e8-4d9f-a3f6-6c7d642d55ba, Nodes: 4cdc299f-4834-4fa6-8ba2-191990d4ad82(fv-az259-227.nxnqhby4qkoexpon2s1bx5vqxg.dx.internal.cloudapp.net/10.1.0.8)21cefe31-b447-4cde-b371-f0af1d83a0ae(fv-az259-227.nxnqhby4qkoexpon2s1bx5vqxg.dx.internal.cloudapp.net/10.1.0.8)37083bac-0b78-4ab7-8270-b85e08b802dc(fv-az259-227.nxnqhby4qkoexpon2s1bx5vqxg.dx.internal.cloudapp.net/10.1.0.8), ReplicationConfig: RATIS/THREE, State:ALLOCATED, leaderId:, CreationTimestamp2023-09-21T17:51:23.293Z[Etc/UTC]]
2023-09-21 17:51:23,294 [RatisPipelineUtilsThread - 0] INFO  pipeline.RatisPipelineProvider (RatisPipelineProvider.java:lambda$create$0(206)) - Sending CreatePipelineCommand for pipeline:PipelineID=2ad25144-9226-4704-bb1a-2d1511a1fdfb to datanode:4cdc299f-4834-4fa6-8ba2-191990d4ad82
2023-09-21 17:51:23,294 [RatisPipelineUtilsThread - 0] INFO  pipeline.RatisPipelineProvider (RatisPipelineProvider.java:lambda$create$0(206)) - Sending CreatePipelineCommand for pipeline:PipelineID=2ad25144-9226-4704-bb1a-2d1511a1fdfb to datanode:21cefe31-b447-4cde-b371-f0af1d83a0ae
2023-09-21 17:51:23,295 [RatisPipelineUtilsThread - 0] INFO  pipeline.RatisPipelineProvider (RatisPipelineProvider.java:lambda$create$0(206)) - Sending CreatePipelineCommand for pipeline:PipelineID=2ad25144-9226-4704-bb1a-2d1511a1fdfb to datanode:37083bac-0b78-4ab7-8270-b85e08b802dc
2023-09-21 17:51:23,295 [RatisPipelineUtilsThread - 0] INFO  pipeline.PipelineManagerImpl (PipelineManagerImpl.java:recordMetricsForPipeline(895)) - Pipeline: PipelineID=2ad25144-9226-4704-bb1a-2d1511a1fdfb contains same datanodes as previous pipelines: PipelineID=aafff790-04e8-4d9f-a3f6-6c7d642d55ba nodeIds: 4cdc299f-4834-4fa6-8ba2-191990d4ad82, 21cefe31-b447-4cde-b371-f0af1d83a0ae, 37083bac-0b78-4ab7-8270-b85e08b802dc
2023-09-21 17:51:23,295 [RatisPipelineUtilsThread - 0] INFO  pipeline.BackgroundPipelineCreator (BackgroundPipelineCreator.java:createPipelines(233)) - Created new pipeline Pipeline[ Id: 2ad25144-9226-4704-bb1a-2d1511a1fdfb, Nodes: 4cdc299f-4834-4fa6-8ba2-191990d4ad82(fv-az259-227.nxnqhby4qkoexpon2s1bx5vqxg.dx.internal.cloudapp.net/10.1.0.8)21cefe31-b447-4cde-b371-f0af1d83a0ae(fv-az259-227.nxnqhby4qkoexpon2s1bx5vqxg.dx.internal.cloudapp.net/10.1.0.8)37083bac-0b78-4ab7-8270-b85e08b802dc(fv-az259-227.nxnqhby4qkoexpon2s1bx5vqxg.dx.internal.cloudapp.net/10.1.0.8), ReplicationConfig: RATIS/THREE, State:ALLOCATED, leaderId:, CreationTimestamp2023-09-21T17:51:23.294Z[Etc/UTC]]
2023-09-21 17:51:23,619 [IPC Server handler 3 on default port 15055] INFO  net.NetworkTopologyImpl (NetworkTopologyImpl.java:add(112)) - Added a new node: /default-rack/01a5bd4e-669d-4aa9-9839-6c274a81602d
2023-09-21 17:51:23,619 [IPC Server handler 3 on default port 15055] INFO  node.SCMNodeManager (SCMNodeManager.java:register(405)) - Registered Data node : 01a5bd4e-669d-4aa9-9839-6c274a81602d{ip: 10.1.0.8, host: fv-az259-227.nxnqhby4qkoexpon2s1bx5vqxg.dx.internal.cloudapp.net, ports: [HTTP=15089, CLIENT_RPC=15090, REPLICATION=15096, RATIS=15092, RATIS_ADMIN=15093, RATIS_SERVER=15094, RATIS_DATASTREAM=15095, STANDALONE=15091], networkLocation: /default-rack, certSerialId: null, persistedOpState: null, persistedOpStateExpiryEpochSec: 0}
2023-09-21 17:51:23,620 [EventQueue-NewNodeForNewNodeHandler] INFO  pipeline.BackgroundPipelineCreator (BackgroundPipelineCreator.java:notifyEventTriggered(277)) - trigger a one-shot run on RatisPipelineUtilsThread.
2023-09-21 17:51:23,620 [RatisPipelineUtilsThread - 0] INFO  pipeline.RatisPipelineProvider (RatisPipelineProvider.java:lambda$create$0(206)) - Sending CreatePipelineCommand for pipeline:PipelineID=33e9e080-0353-461d-b1e6-952c94ac0d76 to datanode:01a5bd4e-669d-4aa9-9839-6c274a81602d
2023-09-21 17:51:23,622 [RatisPipelineUtilsThread - 0] INFO  pipeline.BackgroundPipelineCreator (BackgroundPipelineCreator.java:createPipelines(233)) - Created new pipeline Pipeline[ Id: 33e9e080-0353-461d-b1e6-952c94ac0d76, Nodes: 01a5bd4e-669d-4aa9-9839-6c274a81602d(fv-az259-227.nxnqhby4qkoexpon2s1bx5vqxg.dx.internal.cloudapp.net/10.1.0.8), ReplicationConfig: RATIS/ONE, State:ALLOCATED, leaderId:, CreationTimestamp2023-09-21T17:51:23.620Z[Etc/UTC]]
2023-09-21 17:51:24,015 [main] INFO  ozone.MiniOzoneClusterImpl (MiniOzoneClusterImpl.java:lambda$waitForClusterToBeReady$0(229)) - Waiting for nodes to be ready. Got 4 of 5 DN Heartbeats.
2023-09-21 17:51:24,016 [main] INFO  ozone.MiniOzoneClusterImpl (MiniOzoneClusterImpl.java:lambda$waitForClusterToBeReady$0(232)) - Waiting for cluster to exit safe mode
2023-09-21 17:51:24,016 [main] INFO  ozone.MiniOzoneClusterImpl (MiniOzoneClusterImpl.java:lambda$waitForClusterToBeReady$0(234)) - SCM became leader
2023-09-21 17:51:24,016 [IPC Server handler 4 on default port 15055] INFO  net.NetworkTopologyImpl (NetworkTopologyImpl.java:add(112)) - Added a new node: /default-rack/c526289d-5cad-4097-8195-61ffa3487ef7
2023-09-21 17:51:24,016 [IPC Server handler 4 on default port 15055] INFO  node.SCMNodeManager (SCMNodeManager.java:register(405)) - Registered Data node : c526289d-5cad-4097-8195-61ffa3487ef7{ip: 10.1.0.8, host: fv-az259-227.nxnqhby4qkoexpon2s1bx5vqxg.dx.internal.cloudapp.net, ports: [HTTP=15098, CLIENT_RPC=15099, REPLICATION=15105, RATIS=15101, RATIS_ADMIN=15102, RATIS_SERVER=15103, RATIS_DATASTREAM=15104, STANDALONE=15100], networkLocation: /default-rack, certSerialId: null, persistedOpState: null, persistedOpStateExpiryEpochSec: 0}
2023-09-21 17:51:24,017 [EventQueue-NewNodeForNewNodeHandler] INFO  pipeline.BackgroundPipelineCreator (BackgroundPipelineCreator.java:notifyEventTriggered(277)) - trigger a one-shot run on RatisPipelineUtilsThread.
2023-09-21 17:51:24,019 [RatisPipelineUtilsThread - 0] INFO  pipeline.RatisPipelineProvider (RatisPipelineProvider.java:lambda$create$0(206)) - Sending CreatePipelineCommand for pipeline:PipelineID=9d9661ef-2c3a-40df-ad30-a71eabe00979 to datanode:c526289d-5cad-4097-8195-61ffa3487ef7
2023-09-21 17:51:24,021 [RatisPipelineUtilsThread - 0] INFO  pipeline.BackgroundPipelineCreator (BackgroundPipelineCreator.java:createPipelines(233)) - Created new pipeline Pipeline[ Id: 9d9661ef-2c3a-40df-ad30-a71eabe00979, Nodes: c526289d-5cad-4097-8195-61ffa3487ef7(fv-az259-227.nxnqhby4qkoexpon2s1bx5vqxg.dx.internal.cloudapp.net/10.1.0.8), ReplicationConfig: RATIS/ONE, State:ALLOCATED, leaderId:, CreationTimestamp2023-09-21T17:51:24.019Z[Etc/UTC]]
2023-09-21 17:51:25,016 [main] INFO  ozone.MiniOzoneClusterImpl (MiniOzoneClusterImpl.java:lambda$waitForClusterToBeReady$0(229)) - Nodes are ready. Got 5 of 5 DN Heartbeats.
2023-09-21 17:51:25,016 [main] INFO  ozone.MiniOzoneClusterImpl (MiniOzoneClusterImpl.java:lambda$waitForClusterToBeReady$0(232)) - Waiting for cluster to exit safe mode
2023-09-21 17:51:25,017 [main] INFO  ozone.MiniOzoneClusterImpl (MiniOzoneClusterImpl.java:lambda$waitForClusterToBeReady$0(234)) - SCM became leader
2023-09-21 17:51:25,495 [PipelineCommandHandlerThread-0] INFO  server.RaftServer (RaftServerProxy.java:addNew(98)) - 21cefe31-b447-4cde-b371-f0af1d83a0ae: addNew group-1884AA8529FA:[21cefe31-b447-4cde-b371-f0af1d83a0ae|rpc:10.1.0.8:15067|admin:10.1.0.8:15066|client:10.1.0.8:15065|dataStream:10.1.0.8:15068|priority:1|startupRole:FOLLOWER] returns group-1884AA8529FA:java.util.concurrent.CompletableFuture@4a1dfdcc[Not completed]
2023-09-21 17:51:25,496 [21cefe31-b447-4cde-b371-f0af1d83a0ae-groupManagement] INFO  server.RaftServer$Division (RaftServerImpl.java:<init>(198)) - 21cefe31-b447-4cde-b371-f0af1d83a0ae: new RaftServerImpl for group-1884AA8529FA:[21cefe31-b447-4cde-b371-f0af1d83a0ae|rpc:10.1.0.8:15067|admin:10.1.0.8:15066|client:10.1.0.8:15065|dataStream:10.1.0.8:15068|priority:1|startupRole:FOLLOWER] with ContainerStateMachine:uninitialized
2023-09-21 17:51:25,496 [21cefe31-b447-4cde-b371-f0af1d83a0ae-groupManagement] INFO  server.RaftServerConfigKeys (ConfUtils.java:logGet(46)) - raft.server.rpc.timeout.min = 5s (custom)
2023-09-21 17:51:25,496 [21cefe31-b447-4cde-b371-f0af1d83a0ae-groupManagement] INFO  server.RaftServerConfigKeys (ConfUtils.java:logGet(46)) - raft.server.rpc.timeout.max = 5200ms (custom)
2023-09-21 17:51:25,496 [21cefe31-b447-4cde-b371-f0af1d83a0ae-groupManagement] INFO  server.RaftServerConfigKeys (ConfUtils.java:logGet(46)) - raft.server.rpc.sleep.time = 25ms (default)
2023-09-21 17:51:25,496 [21cefe31-b447-4cde-b371-f0af1d83a0ae-groupManagement] INFO  server.RaftServerConfigKeys (ConfUtils.java:logGet(46)) - raft.server.rpc.slowness.timeout = 300s (custom)
2023-09-21 17:51:25,496 [21cefe31-b447-4cde-b371-f0af1d83a0ae-groupManagement] INFO  server.RaftServerConfigKeys (ConfUtils.java:logGet(46)) - raft.server.leaderelection.leader.step-down.wait-time = 10s (default)
2023-09-21 17:51:25,497 [21cefe31-b447-4cde-b371-f0af1d83a0ae-groupManagement] INFO  server.RaftServerConfigKeys (ConfUtils.java:logGet(46)) - raft.server.sleep.deviation.threshold = 300ms (default)
2023-09-21 17:51:25,497 [21cefe31-b447-4cde-b371-f0af1d83a0ae-groupManagement] INFO  server.RaftServer$Division (ServerState.java:<init>(120)) - 21cefe31-b447-4cde-b371-f0af1d83a0ae@group-1884AA8529FA: ConfigurationManager, init=-1: peers:[21cefe31-b447-4cde-b371-f0af1d83a0ae|rpc:10.1.0.8:15067|admin:10.1.0.8:15066|client:10.1.0.8:15065|dataStream:10.1.0.8:15068|priority:1|startupRole:FOLLOWER]|listeners:[], old=null, confs=<EMPTY_MAP>
2023-09-21 17:51:25,497 [21cefe31-b447-4cde-b371-f0af1d83a0ae-groupManagement] INFO  server.RaftServerConfigKeys (ConfUtils.java:logGet(46)) - raft.server.storage.dir = [/home/runner/work/ozone/ozone/hadoop-ozone/integration-test/target/test-dir/MiniOzoneClusterImpl-04a8daa2-1161-4e20-9dee-837792427303/datanode-0/data/ratis] (custom)
2023-09-21 17:51:25,497 [21cefe31-b447-4cde-b371-f0af1d83a0ae-groupManagement] INFO  server.RaftServerConfigKeys (ConfUtils.java:logGet(46)) - raft.server.log.corruption.policy = EXCEPTION (default)
2023-09-21 17:51:25,497 [21cefe31-b447-4cde-b371-f0af1d83a0ae-groupManagement] INFO  server.RaftServerConfigKeys (ConfUtils.java:logGet(46)) - raft.server.storage.free-space.min = 0MB (=0) (default)
2023-09-21 17:51:25,497 [21cefe31-b447-4cde-b371-f0af1d83a0ae-groupManagement] INFO  server.RaftServerConfigKeys (ConfUtils.java:logGet(46)) - raft.server.notification.no-leader.timeout = 300s (custom)
2023-09-21 17:51:25,497 [21cefe31-b447-4cde-b371-f0af1d83a0ae-groupManagement] INFO  server.RaftServerConfigKeys (ConfUtils.java:logGet(46)) - raft.server.read.timeout = 10s (default)
2023-09-21 17:51:25,497 [21cefe31-b447-4cde-b371-f0af1d83a0ae-groupManagement] INFO  server.RaftServerConfigKeys (ConfUtils.java:logGet(46)) - raft.server.retrycache.expirytime = 600000ms (custom)
2023-09-21 17:51:25,497 [21cefe31-b447-4cde-b371-f0af1d83a0ae-groupManagement] INFO  server.RaftServerConfigKeys (ConfUtils.java:logGet(46)) - raft.server.retrycache.statistics.expirytime = 100μs (default)
2023-09-21 17:51:25,498 [21cefe31-b447-4cde-b371-f0af1d83a0ae-groupManagement] INFO  server.RaftServerConfigKeys (ConfUtils.java:logGet(46)) - raft.server.read.option = DEFAULT (default)
2023-09-21 17:51:25,499 [21cefe31-b447-4cde-b371-f0af1d83a0ae-groupManagement] INFO  server.RaftServerConfigKeys (ConfUtils.java:logGet(46)) - raft.server.rpc.request.timeout = 60s (custom)
2023-09-21 17:51:25,499 [21cefe31-b447-4cde-b371-f0af1d83a0ae-groupManagement] INFO  server.RaftServerConfigKeys (ConfUtils.java:logGet(46)) - raft.server.log.appender.install.snapshot.enabled = false (custom)
2023-09-21 17:51:25,499 [21cefe31-b447-4cde-b371-f0af1d83a0ae-groupManagement] INFO  server.RaftServerConfigKeys (ConfUtils.java:logGet(46)) - raft.server.threadpool.server.cached = true (default)
2023-09-21 17:51:25,499 [21cefe31-b447-4cde-b371-f0af1d83a0ae-groupManagement] INFO  server.RaftServerConfigKeys (ConfUtils.java:logGet(46)) - raft.server.threadpool.server.size = 0 (default)
2023-09-21 17:51:25,499 [21cefe31-b447-4cde-b371-f0af1d83a0ae-groupManagement] INFO  server.RaftServerConfigKeys (ConfUtils.java:logGet(46)) - raft.server.threadpool.client.cached = true (default)
2023-09-21 17:51:25,499 [21cefe31-b447-4cde-b371-f0af1d83a0ae-groupManagement] INFO  server.RaftServerConfigKeys (ConfUtils.java:logGet(46)) - raft.server.threadpool.client.size = 0 (default)
2023-09-21 17:51:25,499 [21cefe31-b447-4cde-b371-f0af1d83a0ae-groupManagement] INFO  storage.RaftStorageDirectory (RaftStorageDirectoryImpl.java:analyzeStorage(137)) - The storage directory /home/runner/work/ozone/ozone/hadoop-ozone/integration-test/target/test-dir/MiniOzoneClusterImpl-04a8daa2-1161-4e20-9dee-837792427303/datanode-0/data/ratis/918c0cbd-175a-43bf-ab54-1884aa8529fa does not exist. Creating ...
2023-09-21 17:51:25,501 [21cefe31-b447-4cde-b371-f0af1d83a0ae-groupManagement] INFO  storage.RaftStorageDirectory (RaftStorageDirectoryImpl.java:tryLock(231)) - Lock on /home/runner/work/ozone/ozone/hadoop-ozone/integration-test/target/test-dir/MiniOzoneClusterImpl-04a8daa2-1161-4e20-9dee-837792427303/datanode-0/data/ratis/918c0cbd-175a-43bf-ab54-1884aa8529fa/in_use.lock acquired by nodename 19454@fv-az259-227
2023-09-21 17:51:25,503 [21cefe31-b447-4cde-b371-f0af1d83a0ae-groupManagement] INFO  storage.RaftStorage (RaftStorageImpl.java:format(96)) - Storage directory /home/runner/work/ozone/ozone/hadoop-ozone/integration-test/target/test-dir/MiniOzoneClusterImpl-04a8daa2-1161-4e20-9dee-837792427303/datanode-0/data/ratis/918c0cbd-175a-43bf-ab54-1884aa8529fa has been successfully formatted.
2023-09-21 17:51:25,504 [21cefe31-b447-4cde-b371-f0af1d83a0ae-groupManagement] INFO  ratis.ContainerStateMachine (ContainerStateMachine.java:loadSnapshot(262)) - group-1884AA8529FA: The snapshot info is null. Setting the last applied indexto:(t:0, i:~)
2023-09-21 17:51:25,504 [21cefe31-b447-4cde-b371-f0af1d83a0ae-groupManagement] INFO  server.RaftServerConfigKeys (ConfUtils.java:logGet(46)) - raft.server.log.use.memory = false (default)
2023-09-21 17:51:25,504 [21cefe31-b447-4cde-b371-f0af1d83a0ae-groupManagement] INFO  server.RaftServerConfigKeys (ConfUtils.java:logGet(46)) - raft.server.log.purge.gap = 1000000 (custom)
2023-09-21 17:51:25,504 [21cefe31-b447-4cde-b371-f0af1d83a0ae-groupManagement] INFO  server.RaftServerConfigKeys (ConfUtils.java:logGet(46)) - raft.server.log.appender.buffer.byte-limit = 33554432 (custom)
2023-09-21 17:51:25,504 [21cefe31-b447-4cde-b371-f0af1d83a0ae-groupManagement] INFO  server.RaftServerConfigKeys (ConfUtils.java:logGet(46)) - raft.server.log.statemachine.data.read.timeout = 1000ms (default)
2023-09-21 17:51:25,505 [EventQueue-PipelineReportForPipelineReportHandler] INFO  pipeline.PipelineReportHandler (PipelineReportHandler.java:processPipelineReport(136)) - Opened pipeline PipelineID=918c0cbd-175a-43bf-ab54-1884aa8529fa
2023-09-21 17:51:25,505 [21cefe31-b447-4cde-b371-f0af1d83a0ae-groupManagement] INFO  server.RaftServerConfigKeys (ConfUtils.java:logGet(46)) - raft.server.log.purge.preservation.log.num = 0 (default)
2023-09-21 17:51:25,506 [21cefe31-b447-4cde-b371-f0af1d83a0ae-groupManagement] INFO  server.RaftServerConfigKeys (ConfUtils.java:logGet(46)) - raft.server.log.segment.size.max = 1048576 (custom)
2023-09-21 17:51:25,507 [21cefe31-b447-4cde-b371-f0af1d83a0ae-groupManagement] INFO  server.RaftServerConfigKeys (ConfUtils.java:logGet(46)) - raft.server.log.segment.cache.num.max = 2 (custom)
2023-09-21 17:51:25,507 [21cefe31-b447-4cde-b371-f0af1d83a0ae-groupManagement] INFO  server.RaftServerConfigKeys (ConfUtils.java:logGet(46)) - raft.server.log.segment.cache.size.max = 200MB (=209715200) (default)
2023-09-21 17:51:25,507 [21cefe31-b447-4cde-b371-f0af1d83a0ae-groupManagement] INFO  server.RaftServerConfigKeys (ConfUtils.java:logGet(46)) - raft.server.log.appender.buffer.byte-limit = 33554432 (custom)
2023-09-21 17:51:25,507 [21cefe31-b447-4cde-b371-f0af1d83a0ae-groupManagement] INFO  segmented.SegmentedRaftLogWorker (SegmentedRaftLogWorker.java:<init>(188)) - new 21cefe31-b447-4cde-b371-f0af1d83a0ae@group-1884AA8529FA-SegmentedRaftLogWorker for RaftStorageImpl:Storage Directory /home/runner/work/ozone/ozone/hadoop-ozone/integration-test/target/test-dir/MiniOzoneClusterImpl-04a8daa2-1161-4e20-9dee-837792427303/datanode-0/data/ratis/918c0cbd-175a-43bf-ab54-1884aa8529fa
2023-09-21 17:51:25,507 [21cefe31-b447-4cde-b371-f0af1d83a0ae-groupManagement] INFO  server.RaftServerConfigKeys (ConfUtils.java:logGet(46)) - raft.server.log.queue.byte-limit = 4294967296 (custom)
2023-09-21 17:51:25,507 [21cefe31-b447-4cde-b371-f0af1d83a0ae-groupManagement] INFO  server.RaftServerConfigKeys (ConfUtils.java:logGet(46)) - raft.server.log.queue.element-limit = 1024 (custom)
2023-09-21 17:51:25,507 [21cefe31-b447-4cde-b371-f0af1d83a0ae-groupManagement] INFO  server.RaftServerConfigKeys (ConfUtils.java:logGet(46)) - raft.server.log.segment.size.max = 1048576 (custom)
2023-09-21 17:51:25,507 [21cefe31-b447-4cde-b371-f0af1d83a0ae-groupManagement] INFO  server.RaftServerConfigKeys (ConfUtils.java:logGet(46)) - raft.server.log.preallocated.size = 16384 (custom)
2023-09-21 17:51:25,507 [21cefe31-b447-4cde-b371-f0af1d83a0ae-groupManagement] INFO  server.RaftServerConfigKeys (ConfUtils.java:logGet(46)) - raft.server.log.force.sync.num = 128 (default)
2023-09-21 17:51:25,507 [21cefe31-b447-4cde-b371-f0af1d83a0ae-groupManagement] INFO  server.RaftServerConfigKeys (ConfUtils.java:logGet(46)) - raft.server.log.statemachine.data.sync = true (default)
2023-09-21 17:51:25,508 [21cefe31-b447-4cde-b371-f0af1d83a0ae-groupManagement] INFO  server.RaftServerConfigKeys (ConfUtils.java:logGet(46)) - raft.server.log.statemachine.data.sync.timeout = 10s (default)
2023-09-21 17:51:25,508 [21cefe31-b447-4cde-b371-f0af1d83a0ae-groupManagement] INFO  server.RaftServerConfigKeys (ConfUtils.java:logGet(46)) - raft.server.log.statemachine.data.sync.timeout.retry = -1 (default)
2023-09-21 17:51:25,508 [21cefe31-b447-4cde-b371-f0af1d83a0ae-groupManagement] INFO  server.RaftServerConfigKeys (ConfUtils.java:logGet(46)) - raft.server.log.write.buffer.size = 1048576 (custom)
2023-09-21 17:51:25,509 [21cefe31-b447-4cde-b371-f0af1d83a0ae-groupManagement] INFO  server.RaftServerConfigKeys (ConfUtils.java:logGet(46)) - raft.server.log.appender.buffer.byte-limit = 33554432 (custom)
2023-09-21 17:51:25,567 [21cefe31-b447-4cde-b371-f0af1d83a0ae-groupManagement] INFO  server.RaftServerConfigKeys (ConfUtils.java:logGet(46)) - raft.server.log.unsafe-flush.enabled = false (default)
2023-09-21 17:51:25,577 [21cefe31-b447-4cde-b371-f0af1d83a0ae-groupManagement] INFO  server.RaftServerConfigKeys (ConfUtils.java:logGet(46)) - raft.server.log.async-flush.enabled = false (default)
2023-09-21 17:51:25,577 [21cefe31-b447-4cde-b371-f0af1d83a0ae-groupManagement] INFO  server.RaftServerConfigKeys (ConfUtils.java:logGet(46)) - raft.server.log.statemachine.data.caching.enabled = true (custom)
2023-09-21 17:51:25,578 [21cefe31-b447-4cde-b371-f0af1d83a0ae-groupManagement] INFO  segmented.SegmentedRaftLogWorker (SegmentedRaftLogWorker.java:lambda$new$0(135)) - 21cefe31-b447-4cde-b371-f0af1d83a0ae@group-1884AA8529FA-SegmentedRaftLogWorker: flushIndex: setUnconditionally 0 -> -1
2023-09-21 17:51:25,569 [EventQueue-OpenPipelineForHealthyPipelineSafeModeRule] INFO  safemode.SCMSafeModeManager (HealthyPipelineSafeModeRule.java:process(137)) - SCM in safe mode. Healthy pipelines reported count is 0, required healthy pipeline reported count is 1
2023-09-21 17:51:25,578 [21cefe31-b447-4cde-b371-f0af1d83a0ae-groupManagement] INFO  segmented.SegmentedRaftLogWorker (SegmentedRaftLogWorker.java:lambda$new$0(135)) - 21cefe31-b447-4cde-b371-f0af1d83a0ae@group-1884AA8529FA-SegmentedRaftLogWorker: safeCacheEvictIndex: setUnconditionally 0 -> -1
2023-09-21 17:51:25,585 [21cefe31-b447-4cde-b371-f0af1d83a0ae-groupManagement] INFO  server.RaftServer$Division (RaftServerImpl.java:start(342)) - 21cefe31-b447-4cde-b371-f0af1d83a0ae@group-1884AA8529FA: start as a follower, conf=-1: peers:[21cefe31-b447-4cde-b371-f0af1d83a0ae|rpc:10.1.0.8:15067|admin:10.1.0.8:15066|client:10.1.0.8:15065|dataStream:10.1.0.8:15068|priority:1|startupRole:FOLLOWER]|listeners:[], old=null
2023-09-21 17:51:25,585 [21cefe31-b447-4cde-b371-f0af1d83a0ae-groupManagement] INFO  server.RaftServer$Division (RaftServerImpl.java:setRole(329)) - 21cefe31-b447-4cde-b371-f0af1d83a0ae@group-1884AA8529FA: changes role from      null to FOLLOWER at term 0 for startAsFollower
2023-09-21 17:51:25,585 [21cefe31-b447-4cde-b371-f0af1d83a0ae-groupManagement] INFO  impl.RoleInfo (RoleInfo.java:updateAndGet(139)) - 21cefe31-b447-4cde-b371-f0af1d83a0ae: start 21cefe31-b447-4cde-b371-f0af1d83a0ae@group-1884AA8529FA-FollowerState
2023-09-21 17:51:25,586 [21cefe31-b447-4cde-b371-f0af1d83a0ae@group-1884AA8529FA-FollowerState] INFO  server.RaftServerConfigKeys (ConfUtils.java:logFallback(53)) - raft.server.rpc.first-election.timeout.min = 5s (fallback to raft.server.rpc.timeout.min)
2023-09-21 17:51:25,586 [21cefe31-b447-4cde-b371-f0af1d83a0ae@group-1884AA8529FA-FollowerState] INFO  server.RaftServerConfigKeys (ConfUtils.java:logFallback(53)) - raft.server.rpc.first-election.timeout.max = 5200ms (fallback to raft.server.rpc.timeout.max)
2023-09-21 17:51:25,587 [21cefe31-b447-4cde-b371-f0af1d83a0ae-groupManagement] INFO  util.JmxRegister (JmxRegister.java:tryRegister(44)) - Successfully registered JMX Bean with object name Ratis:service=RaftServer,group=group-1884AA8529FA,id=21cefe31-b447-4cde-b371-f0af1d83a0ae
2023-09-21 17:51:25,587 [21cefe31-b447-4cde-b371-f0af1d83a0ae-groupManagement] INFO  server.RaftServerConfigKeys (ConfUtils.java:logGet(46)) - raft.server.snapshot.auto.trigger.enabled = true (custom)
2023-09-21 17:51:25,587 [21cefe31-b447-4cde-b371-f0af1d83a0ae-groupManagement] INFO  server.RaftServerConfigKeys (ConfUtils.java:logGet(46)) - raft.server.snapshot.auto.trigger.threshold = 10000 (custom)
2023-09-21 17:51:25,587 [21cefe31-b447-4cde-b371-f0af1d83a0ae-groupManagement] INFO  server.RaftServerConfigKeys (ConfUtils.java:logGet(46)) - raft.server.snapshot.retention.file.num = 5 (custom)
2023-09-21 17:51:25,587 [21cefe31-b447-4cde-b371-f0af1d83a0ae-groupManagement] INFO  server.RaftServerConfigKeys (ConfUtils.java:logGet(46)) - raft.server.log.purge.upto.snapshot.index = false (default)
2023-09-21 17:51:25,588 [PipelineCommandHandlerThread-0] INFO  ratis.XceiverServerRatis (XceiverServerRatis.java:addGroup(804)) - Created group PipelineID=918c0cbd-175a-43bf-ab54-1884aa8529fa
2023-09-21 17:51:25,588 [PipelineCommandHandlerThread-0] INFO  commandhandler.CreatePipelineCommandHandler (CreatePipelineCommandHandler.java:lambda$handle$2(124)) - Created Pipeline RATIS ONE PipelineID=918c0cbd-175a-43bf-ab54-1884aa8529fa.
2023-09-21 17:51:25,588 [PipelineCommandHandlerThread-0] INFO  server.RaftServer (RaftServerProxy.java:addNew(98)) - 21cefe31-b447-4cde-b371-f0af1d83a0ae: addNew group-6C7D642D55BA:[21cefe31-b447-4cde-b371-f0af1d83a0ae|rpc:10.1.0.8:15067|admin:10.1.0.8:15066|client:10.1.0.8:15065|dataStream:10.1.0.8:15068|priority:0|startupRole:FOLLOWER, 4cdc299f-4834-4fa6-8ba2-191990d4ad82|rpc:10.1.0.8:15085|admin:10.1.0.8:15084|client:10.1.0.8:15083|dataStream:10.1.0.8:15086|priority:0|startupRole:FOLLOWER, 37083bac-0b78-4ab7-8270-b85e08b802dc|rpc:10.1.0.8:15076|admin:10.1.0.8:15075|client:10.1.0.8:15074|dataStream:10.1.0.8:15077|priority:1|startupRole:FOLLOWER] returns group-6C7D642D55BA:java.util.concurrent.CompletableFuture@4e226057[Not completed]
2023-09-21 17:51:25,589 [21cefe31-b447-4cde-b371-f0af1d83a0ae-groupManagement] INFO  server.RaftServer$Division (RaftServerImpl.java:<init>(198)) - 21cefe31-b447-4cde-b371-f0af1d83a0ae: new RaftServerImpl for group-6C7D642D55BA:[21cefe31-b447-4cde-b371-f0af1d83a0ae|rpc:10.1.0.8:15067|admin:10.1.0.8:15066|client:10.1.0.8:15065|dataStream:10.1.0.8:15068|priority:0|startupRole:FOLLOWER, 4cdc299f-4834-4fa6-8ba2-191990d4ad82|rpc:10.1.0.8:15085|admin:10.1.0.8:15084|client:10.1.0.8:15083|dataStream:10.1.0.8:15086|priority:0|startupRole:FOLLOWER, 37083bac-0b78-4ab7-8270-b85e08b802dc|rpc:10.1.0.8:15076|admin:10.1.0.8:15075|client:10.1.0.8:15074|dataStream:10.1.0.8:15077|priority:1|startupRole:FOLLOWER] with ContainerStateMachine:uninitialized
2023-09-21 17:51:25,590 [21cefe31-b447-4cde-b371-f0af1d83a0ae-groupManagement] INFO  server.RaftServerConfigKeys (ConfUtils.java:logGet(46)) - raft.server.rpc.timeout.min = 5s (custom)
2023-09-21 17:51:25,590 [21cefe31-b447-4cde-b371-f0af1d83a0ae-groupManagement] INFO  server.RaftServerConfigKeys (ConfUtils.java:logGet(46)) - raft.server.rpc.timeout.max = 5200ms (custom)
2023-09-21 17:51:25,590 [21cefe31-b447-4cde-b371-f0af1d83a0ae-groupManagement] INFO  server.RaftServerConfigKeys (ConfUtils.java:logGet(46)) - raft.server.rpc.sleep.time = 25ms (default)
2023-09-21 17:51:25,590 [21cefe31-b447-4cde-b371-f0af1d83a0ae-groupManagement] INFO  server.RaftServerConfigKeys (ConfUtils.java:logGet(46)) - raft.server.rpc.slowness.timeout = 300s (custom)
2023-09-21 17:51:25,590 [21cefe31-b447-4cde-b371-f0af1d83a0ae-groupManagement] INFO  server.RaftServerConfigKeys (ConfUtils.java:logGet(46)) - raft.server.leaderelection.leader.step-down.wait-time = 10s (default)
2023-09-21 17:51:25,590 [21cefe31-b447-4cde-b371-f0af1d83a0ae-groupManagement] INFO  server.RaftServerConfigKeys (ConfUtils.java:logGet(46)) - raft.server.sleep.deviation.threshold = 300ms (default)
2023-09-21 17:51:25,590 [21cefe31-b447-4cde-b371-f0af1d83a0ae-groupManagement] INFO  server.RaftServer$Division (ServerState.java:<init>(120)) - 21cefe31-b447-4cde-b371-f0af1d83a0ae@group-6C7D642D55BA: ConfigurationManager, init=-1: peers:[21cefe31-b447-4cde-b371-f0af1d83a0ae|rpc:10.1.0.8:15067|admin:10.1.0.8:15066|client:10.1.0.8:15065|dataStream:10.1.0.8:15068|priority:0|startupRole:FOLLOWER, 4cdc299f-4834-4fa6-8ba2-191990d4ad82|rpc:10.1.0.8:15085|admin:10.1.0.8:15084|client:10.1.0.8:15083|dataStream:10.1.0.8:15086|priority:0|startupRole:FOLLOWER, 37083bac-0b78-4ab7-8270-b85e08b802dc|rpc:10.1.0.8:15076|admin:10.1.0.8:15075|client:10.1.0.8:15074|dataStream:10.1.0.8:15077|priority:1|startupRole:FOLLOWER]|listeners:[], old=null, confs=<EMPTY_MAP>
2023-09-21 17:51:25,590 [21cefe31-b447-4cde-b371-f0af1d83a0ae-groupManagement] INFO  server.RaftServerConfigKeys (ConfUtils.java:logGet(46)) - raft.server.storage.dir = [/home/runner/work/ozone/ozone/hadoop-ozone/integration-test/target/test-dir/MiniOzoneClusterImpl-04a8daa2-1161-4e20-9dee-837792427303/datanode-0/data/ratis] (custom)
2023-09-21 17:51:25,590 [21cefe31-b447-4cde-b371-f0af1d83a0ae-groupManagement] INFO  server.RaftServerConfigKeys (ConfUtils.java:logGet(46)) - raft.server.log.corruption.policy = EXCEPTION (default)
2023-09-21 17:51:25,590 [21cefe31-b447-4cde-b371-f0af1d83a0ae-groupManagement] INFO  server.RaftServerConfigKeys (ConfUtils.java:logGet(46)) - raft.server.storage.free-space.min = 0MB (=0) (default)
2023-09-21 17:51:25,591 [21cefe31-b447-4cde-b371-f0af1d83a0ae-groupManagement] INFO  server.RaftServerConfigKeys (ConfUtils.java:logGet(46)) - raft.server.notification.no-leader.timeout = 300s (custom)
2023-09-21 17:51:25,591 [21cefe31-b447-4cde-b371-f0af1d83a0ae-groupManagement] INFO  server.RaftServerConfigKeys (ConfUtils.java:logGet(46)) - raft.server.read.timeout = 10s (default)
2023-09-21 17:51:25,591 [21cefe31-b447-4cde-b371-f0af1d83a0ae-groupManagement] INFO  server.RaftServerConfigKeys (ConfUtils.java:logGet(46)) - raft.server.retrycache.expirytime = 600000ms (custom)
2023-09-21 17:51:25,591 [21cefe31-b447-4cde-b371-f0af1d83a0ae-groupManagement] INFO  server.RaftServerConfigKeys (ConfUtils.java:logGet(46)) - raft.server.retrycache.statistics.expirytime = 100μs (default)
2023-09-21 17:51:25,591 [21cefe31-b447-4cde-b371-f0af1d83a0ae-groupManagement] INFO  server.RaftServerConfigKeys (ConfUtils.java:logGet(46)) - raft.server.read.option = DEFAULT (default)
2023-09-21 17:51:25,592 [21cefe31-b447-4cde-b371-f0af1d83a0ae-groupManagement] INFO  server.RaftServerConfigKeys (ConfUtils.java:logGet(46)) - raft.server.rpc.request.timeout = 60s (custom)
2023-09-21 17:51:25,592 [21cefe31-b447-4cde-b371-f0af1d83a0ae-groupManagement] INFO  server.RaftServerConfigKeys (ConfUtils.java:logGet(46)) - raft.server.log.appender.install.snapshot.enabled = false (custom)
2023-09-21 17:51:25,592 [21cefe31-b447-4cde-b371-f0af1d83a0ae-groupManagement] INFO  server.RaftServerConfigKeys (ConfUtils.java:logGet(46)) - raft.server.threadpool.server.cached = true (default)
2023-09-21 17:51:25,592 [21cefe31-b447-4cde-b371-f0af1d83a0ae-groupManagement] INFO  server.RaftServerConfigKeys (ConfUtils.java:logGet(46)) - raft.server.threadpool.server.size = 0 (default)
2023-09-21 17:51:25,592 [21cefe31-b447-4cde-b371-f0af1d83a0ae-groupManagement] INFO  server.RaftServerConfigKeys (ConfUtils.java:logGet(46)) - raft.server.threadpool.client.cached = true (default)
2023-09-21 17:51:25,592 [21cefe31-b447-4cde-b371-f0af1d83a0ae-groupManagement] INFO  server.RaftServerConfigKeys (ConfUtils.java:logGet(46)) - raft.server.threadpool.client.size = 0 (default)
2023-09-21 17:51:25,592 [21cefe31-b447-4cde-b371-f0af1d83a0ae-groupManagement] INFO  storage.RaftStorageDirectory (RaftStorageDirectoryImpl.java:analyzeStorage(137)) - The storage directory /home/runner/work/ozone/ozone/hadoop-ozone/integration-test/target/test-dir/MiniOzoneClusterImpl-04a8daa2-1161-4e20-9dee-837792427303/datanode-0/data/ratis/aafff790-04e8-4d9f-a3f6-6c7d642d55ba does not exist. Creating ...
2023-09-21 17:51:25,595 [21cefe31-b447-4cde-b371-f0af1d83a0ae-groupManagement] INFO  storage.RaftStorageDirectory (RaftStorageDirectoryImpl.java:tryLock(231)) - Lock on /home/runner/work/ozone/ozone/hadoop-ozone/integration-test/target/test-dir/MiniOzoneClusterImpl-04a8daa2-1161-4e20-9dee-837792427303/datanode-0/data/ratis/aafff790-04e8-4d9f-a3f6-6c7d642d55ba/in_use.lock acquired by nodename 19454@fv-az259-227
2023-09-21 17:51:25,597 [21cefe31-b447-4cde-b371-f0af1d83a0ae-groupManagement] INFO  storage.RaftStorage (RaftStorageImpl.java:format(96)) - Storage directory /home/runner/work/ozone/ozone/hadoop-ozone/integration-test/target/test-dir/MiniOzoneClusterImpl-04a8daa2-1161-4e20-9dee-837792427303/datanode-0/data/ratis/aafff790-04e8-4d9f-a3f6-6c7d642d55ba has been successfully formatted.
2023-09-21 17:51:25,597 [21cefe31-b447-4cde-b371-f0af1d83a0ae-groupManagement] INFO  ratis.ContainerStateMachine (ContainerStateMachine.java:loadSnapshot(262)) - group-6C7D642D55BA: The snapshot info is null. Setting the last applied indexto:(t:0, i:~)
2023-09-21 17:51:25,598 [EventQueue-OpenPipelineForHealthyPipelineSafeModeRule] INFO  safemode.SCMSafeModeManager (HealthyPipelineSafeModeRule.java:process(137)) - SCM in safe mode. Healthy pipelines reported count is 0, required healthy pipeline reported count is 1
2023-09-21 17:51:25,598 [21cefe31-b447-4cde-b371-f0af1d83a0ae-groupManagement] INFO  server.RaftServerConfigKeys (ConfUtils.java:logGet(46)) - raft.server.log.use.memory = false (default)
2023-09-21 17:51:25,599 [21cefe31-b447-4cde-b371-f0af1d83a0ae-groupManagement] INFO  server.RaftServerConfigKeys (ConfUtils.java:logGet(46)) - raft.server.log.purge.gap = 1000000 (custom)
2023-09-21 17:51:25,599 [21cefe31-b447-4cde-b371-f0af1d83a0ae-groupManagement] INFO  server.RaftServerConfigKeys (ConfUtils.java:logGet(46)) - raft.server.log.appender.buffer.byte-limit = 33554432 (custom)
2023-09-21 17:51:25,599 [21cefe31-b447-4cde-b371-f0af1d83a0ae-groupManagement] INFO  server.RaftServerConfigKeys (ConfUtils.java:logGet(46)) - raft.server.log.statemachine.data.read.timeout = 1000ms (default)
2023-09-21 17:51:25,599 [21cefe31-b447-4cde-b371-f0af1d83a0ae-groupManagement] INFO  server.RaftServerConfigKeys (ConfUtils.java:logGet(46)) - raft.server.log.purge.preservation.log.num = 0 (default)
2023-09-21 17:51:25,599 [21cefe31-b447-4cde-b371-f0af1d83a0ae-groupManagement] INFO  server.RaftServerConfigKeys (ConfUtils.java:logGet(46)) - raft.server.log.segment.size.max = 1048576 (custom)
2023-09-21 17:51:25,601 [21cefe31-b447-4cde-b371-f0af1d83a0ae-groupManagement] INFO  server.RaftServerConfigKeys (ConfUtils.java:logGet(46)) - raft.server.log.segment.cache.num.max = 2 (custom)
2023-09-21 17:51:25,601 [21cefe31-b447-4cde-b371-f0af1d83a0ae-groupManagement] INFO  server.RaftServerConfigKeys (ConfUtils.java:logGet(46)) - raft.server.log.segment.cache.size.max = 200MB (=209715200) (default)
2023-09-21 17:51:25,601 [21cefe31-b447-4cde-b371-f0af1d83a0ae-groupManagement] INFO  server.RaftServerConfigKeys (ConfUtils.java:logGet(46)) - raft.server.log.appender.buffer.byte-limit = 33554432 (custom)
2023-09-21 17:51:25,601 [21cefe31-b447-4cde-b371-f0af1d83a0ae-groupManagement] INFO  segmented.SegmentedRaftLogWorker (SegmentedRaftLogWorker.java:<init>(188)) - new 21cefe31-b447-4cde-b371-f0af1d83a0ae@group-6C7D642D55BA-SegmentedRaftLogWorker for RaftStorageImpl:Storage Directory /home/runner/work/ozone/ozone/hadoop-ozone/integration-test/target/test-dir/MiniOzoneClusterImpl-04a8daa2-1161-4e20-9dee-837792427303/datanode-0/data/ratis/aafff790-04e8-4d9f-a3f6-6c7d642d55ba
2023-09-21 17:51:25,601 [21cefe31-b447-4cde-b371-f0af1d83a0ae-groupManagement] INFO  server.RaftServerConfigKeys (ConfUtils.java:logGet(46)) - raft.server.log.queue.byte-limit = 4294967296 (custom)
2023-09-21 17:51:25,601 [21cefe31-b447-4cde-b371-f0af1d83a0ae-groupManagement] INFO  server.RaftServerConfigKeys (ConfUtils.java:logGet(46)) - raft.server.log.queue.element-limit = 1024 (custom)
2023-09-21 17:51:25,601 [21cefe31-b447-4cde-b371-f0af1d83a0ae-groupManagement] INFO  server.RaftServerConfigKeys (ConfUtils.java:logGet(46)) - raft.server.log.segment.size.max = 1048576 (custom)
2023-09-21 17:51:25,601 [21cefe31-b447-4cde-b371-f0af1d83a0ae-groupManagement] INFO  server.RaftServerConfigKeys (ConfUtils.java:logGet(46)) - raft.server.log.preallocated.size = 16384 (custom)
2023-09-21 17:51:25,601 [21cefe31-b447-4cde-b371-f0af1d83a0ae-groupManagement] INFO  server.RaftServerConfigKeys (ConfUtils.java:logGet(46)) - raft.server.log.force.sync.num = 128 (default)
2023-09-21 17:51:25,601 [21cefe31-b447-4cde-b371-f0af1d83a0ae-groupManagement] INFO  server.RaftServerConfigKeys (ConfUtils.java:logGet(46)) - raft.server.log.statemachine.data.sync = true (default)
2023-09-21 17:51:25,602 [21cefe31-b447-4cde-b371-f0af1d83a0ae-groupManagement] INFO  server.RaftServerConfigKeys (ConfUtils.java:logGet(46)) - raft.server.log.statemachine.data.sync.timeout = 10s (default)
2023-09-21 17:51:25,602 [21cefe31-b447-4cde-b371-f0af1d83a0ae-groupManagement] INFO  server.RaftServerConfigKeys (ConfUtils.java:logGet(46)) - raft.server.log.statemachine.data.sync.timeout.retry = -1 (default)
2023-09-21 17:51:25,602 [21cefe31-b447-4cde-b371-f0af1d83a0ae-groupManagement] INFO  server.RaftServerConfigKeys (ConfUtils.java:logGet(46)) - raft.server.log.write.buffer.size = 1048576 (custom)
2023-09-21 17:51:25,604 [21cefe31-b447-4cde-b371-f0af1d83a0ae-groupManagement] INFO  server.RaftServerConfigKeys (ConfUtils.java:logGet(46)) - raft.server.log.appender.buffer.byte-limit = 33554432 (custom)
2023-09-21 17:51:25,610 [21cefe31-b447-4cde-b371-f0af1d83a0ae-groupManagement] INFO  server.RaftServerConfigKeys (ConfUtils.java:logGet(46)) - raft.server.log.unsafe-flush.enabled = false (default)
2023-09-21 17:51:25,610 [21cefe31-b447-4cde-b371-f0af1d83a0ae-groupManagement] INFO  server.RaftServerConfigKeys (ConfUtils.java:logGet(46)) - raft.server.log.async-flush.enabled = false (default)
2023-09-21 17:51:25,611 [21cefe31-b447-4cde-b371-f0af1d83a0ae-groupManagement] INFO  server.RaftServerConfigKeys (ConfUtils.java:logGet(46)) - raft.server.log.statemachine.data.caching.enabled = true (custom)
2023-09-21 17:51:25,611 [21cefe31-b447-4cde-b371-f0af1d83a0ae-groupManagement] INFO  segmented.SegmentedRaftLogWorker (SegmentedRaftLogWorker.java:lambda$new$0(135)) - 21cefe31-b447-4cde-b371-f0af1d83a0ae@group-6C7D642D55BA-SegmentedRaftLogWorker: flushIndex: setUnconditionally 0 -> -1
2023-09-21 17:51:25,611 [21cefe31-b447-4cde-b371-f0af1d83a0ae-groupManagement] INFO  segmented.SegmentedRaftLogWorker (SegmentedRaftLogWorker.java:lambda$new$0(135)) - 21cefe31-b447-4cde-b371-f0af1d83a0ae@group-6C7D642D55BA-SegmentedRaftLogWorker: safeCacheEvictIndex: setUnconditionally 0 -> -1
2023-09-21 17:51:25,611 [21cefe31-b447-4cde-b371-f0af1d83a0ae-groupManagement] INFO  server.RaftServer$Division (RaftServerImpl.java:start(342)) - 21cefe31-b447-4cde-b371-f0af1d83a0ae@group-6C7D642D55BA: start as a follower, conf=-1: peers:[21cefe31-b447-4cde-b371-f0af1d83a0ae|rpc:10.1.0.8:15067|admin:10.1.0.8:15066|client:10.1.0.8:15065|dataStream:10.1.0.8:15068|priority:0|startupRole:FOLLOWER, 4cdc299f-4834-4fa6-8ba2-191990d4ad82|rpc:10.1.0.8:15085|admin:10.1.0.8:15084|client:10.1.0.8:15083|dataStream:10.1.0.8:15086|priority:0|startupRole:FOLLOWER, 37083bac-0b78-4ab7-8270-b85e08b802dc|rpc:10.1.0.8:15076|admin:10.1.0.8:15075|client:10.1.0.8:15074|dataStream:10.1.0.8:15077|priority:1|startupRole:FOLLOWER]|listeners:[], old=null
2023-09-21 17:51:25,611 [21cefe31-b447-4cde-b371-f0af1d83a0ae-groupManagement] INFO  server.RaftServer$Division (RaftServerImpl.java:setRole(329)) - 21cefe31-b447-4cde-b371-f0af1d83a0ae@group-6C7D642D55BA: changes role from      null to FOLLOWER at term 0 for startAsFollower
2023-09-21 17:51:25,611 [21cefe31-b447-4cde-b371-f0af1d83a0ae-groupManagement] INFO  impl.RoleInfo (RoleInfo.java:updateAndGet(139)) - 21cefe31-b447-4cde-b371-f0af1d83a0ae: start 21cefe31-b447-4cde-b371-f0af1d83a0ae@group-6C7D642D55BA-FollowerState
2023-09-21 17:51:25,613 [21cefe31-b447-4cde-b371-f0af1d83a0ae-groupManagement] INFO  util.JmxRegister (JmxRegister.java:tryRegister(44)) - Successfully registered JMX Bean with object name Ratis:service=RaftServer,group=group-6C7D642D55BA,id=21cefe31-b447-4cde-b371-f0af1d83a0ae
2023-09-21 17:51:25,614 [21cefe31-b447-4cde-b371-f0af1d83a0ae-groupManagement] INFO  server.RaftServerConfigKeys (ConfUtils.java:logGet(46)) - raft.server.snapshot.auto.trigger.enabled = true (custom)
2023-09-21 17:51:25,614 [21cefe31-b447-4cde-b371-f0af1d83a0ae-groupManagement] INFO  server.RaftServerConfigKeys (ConfUtils.java:logGet(46)) - raft.server.snapshot.auto.trigger.threshold = 10000 (custom)
2023-09-21 17:51:25,614 [21cefe31-b447-4cde-b371-f0af1d83a0ae-groupManagement] INFO  server.RaftServerConfigKeys (ConfUtils.java:logGet(46)) - raft.server.snapshot.retention.file.num = 5 (custom)
2023-09-21 17:51:25,614 [21cefe31-b447-4cde-b371-f0af1d83a0ae-groupManagement] INFO  server.RaftServerConfigKeys (ConfUtils.java:logGet(46)) - raft.server.log.purge.upto.snapshot.index = false (default)
2023-09-21 17:51:25,615 [21cefe31-b447-4cde-b371-f0af1d83a0ae@group-6C7D642D55BA-FollowerState] INFO  server.RaftServerConfigKeys (ConfUtils.java:logFallback(53)) - raft.server.rpc.first-election.timeout.min = 5s (fallback to raft.server.rpc.timeout.min)
2023-09-21 17:51:25,615 [21cefe31-b447-4cde-b371-f0af1d83a0ae@group-6C7D642D55BA-FollowerState] INFO  server.RaftServerConfigKeys (ConfUtils.java:logFallback(53)) - raft.server.rpc.first-election.timeout.max = 5200ms (fallback to raft.server.rpc.timeout.max)
2023-09-21 17:51:25,617 [PipelineCommandHandlerThread-0] INFO  ratis.XceiverServerRatis (XceiverServerRatis.java:addGroup(804)) - Created group PipelineID=aafff790-04e8-4d9f-a3f6-6c7d642d55ba
2023-09-21 17:51:25,636 [grpc-default-executor-10] INFO  server.RaftServer (RaftServerProxy.java:addNew(98)) - 4cdc299f-4834-4fa6-8ba2-191990d4ad82: addNew group-6C7D642D55BA:[21cefe31-b447-4cde-b371-f0af1d83a0ae|rpc:10.1.0.8:15067|admin:10.1.0.8:15066|client:10.1.0.8:15065|dataStream:10.1.0.8:15068|priority:0|startupRole:FOLLOWER, 4cdc299f-4834-4fa6-8ba2-191990d4ad82|rpc:10.1.0.8:15085|admin:10.1.0.8:15084|client:10.1.0.8:15083|dataStream:10.1.0.8:15086|priority:0|startupRole:FOLLOWER, 37083bac-0b78-4ab7-8270-b85e08b802dc|rpc:10.1.0.8:15076|admin:10.1.0.8:15075|client:10.1.0.8:15074|dataStream:10.1.0.8:15077|priority:1|startupRole:FOLLOWER] returns group-6C7D642D55BA:java.util.concurrent.CompletableFuture@3a20fd9d[Not completed]
2023-09-21 17:51:25,645 [4cdc299f-4834-4fa6-8ba2-191990d4ad82-groupManagement] INFO  server.RaftServer$Division (RaftServerImpl.java:<init>(198)) - 4cdc299f-4834-4fa6-8ba2-191990d4ad82: new RaftServerImpl for group-6C7D642D55BA:[21cefe31-b447-4cde-b371-f0af1d83a0ae|rpc:10.1.0.8:15067|admin:10.1.0.8:15066|client:10.1.0.8:15065|dataStream:10.1.0.8:15068|priority:0|startupRole:FOLLOWER, 4cdc299f-4834-4fa6-8ba2-191990d4ad82|rpc:10.1.0.8:15085|admin:10.1.0.8:15084|client:10.1.0.8:15083|dataStream:10.1.0.8:15086|priority:0|startupRole:FOLLOWER, 37083bac-0b78-4ab7-8270-b85e08b802dc|rpc:10.1.0.8:15076|admin:10.1.0.8:15075|client:10.1.0.8:15074|dataStream:10.1.0.8:15077|priority:1|startupRole:FOLLOWER] with ContainerStateMachine:uninitialized
2023-09-21 17:51:25,646 [4cdc299f-4834-4fa6-8ba2-191990d4ad82-groupManagement] INFO  server.RaftServerConfigKeys (ConfUtils.java:logGet(46)) - raft.server.rpc.timeout.min = 5s (custom)
2023-09-21 17:51:25,646 [4cdc299f-4834-4fa6-8ba2-191990d4ad82-groupManagement] INFO  server.RaftServerConfigKeys (ConfUtils.java:logGet(46)) - raft.server.rpc.timeout.max = 5200ms (custom)
2023-09-21 17:51:25,646 [4cdc299f-4834-4fa6-8ba2-191990d4ad82-groupManagement] INFO  server.RaftServerConfigKeys (ConfUtils.java:logGet(46)) - raft.server.rpc.sleep.time = 25ms (default)
2023-09-21 17:51:25,646 [4cdc299f-4834-4fa6-8ba2-191990d4ad82-groupManagement] INFO  server.RaftServerConfigKeys (ConfUtils.java:logGet(46)) - raft.server.rpc.slowness.timeout = 300s (custom)
2023-09-21 17:51:25,646 [4cdc299f-4834-4fa6-8ba2-191990d4ad82-groupManagement] INFO  server.RaftServerConfigKeys (ConfUtils.java:logGet(46)) - raft.server.leaderelection.leader.step-down.wait-time = 10s (default)
2023-09-21 17:51:25,646 [4cdc299f-4834-4fa6-8ba2-191990d4ad82-groupManagement] INFO  server.RaftServerConfigKeys (ConfUtils.java:logGet(46)) - raft.server.sleep.deviation.threshold = 300ms (default)
2023-09-21 17:51:25,646 [4cdc299f-4834-4fa6-8ba2-191990d4ad82-groupManagement] INFO  server.RaftServer$Division (ServerState.java:<init>(120)) - 4cdc299f-4834-4fa6-8ba2-191990d4ad82@group-6C7D642D55BA: ConfigurationManager, init=-1: peers:[21cefe31-b447-4cde-b371-f0af1d83a0ae|rpc:10.1.0.8:15067|admin:10.1.0.8:15066|client:10.1.0.8:15065|dataStream:10.1.0.8:15068|priority:0|startupRole:FOLLOWER, 4cdc299f-4834-4fa6-8ba2-191990d4ad82|rpc:10.1.0.8:15085|admin:10.1.0.8:15084|client:10.1.0.8:15083|dataStream:10.1.0.8:15086|priority:0|startupRole:FOLLOWER, 37083bac-0b78-4ab7-8270-b85e08b802dc|rpc:10.1.0.8:15076|admin:10.1.0.8:15075|client:10.1.0.8:15074|dataStream:10.1.0.8:15077|priority:1|startupRole:FOLLOWER]|listeners:[], old=null, confs=<EMPTY_MAP>
2023-09-21 17:51:25,646 [4cdc299f-4834-4fa6-8ba2-191990d4ad82-groupManagement] INFO  server.RaftServerConfigKeys (ConfUtils.java:logGet(46)) - raft.server.storage.dir = [/home/runner/work/ozone/ozone/hadoop-ozone/integration-test/target/test-dir/MiniOzoneClusterImpl-04a8daa2-1161-4e20-9dee-837792427303/datanode-2/data/ratis] (custom)
2023-09-21 17:51:25,646 [4cdc299f-4834-4fa6-8ba2-191990d4ad82-groupManagement] INFO  server.RaftServerConfigKeys (ConfUtils.java:logGet(46)) - raft.server.log.corruption.policy = EXCEPTION (default)
2023-09-21 17:51:25,646 [4cdc299f-4834-4fa6-8ba2-191990d4ad82-groupManagement] INFO  server.RaftServerConfigKeys (ConfUtils.java:logGet(46)) - raft.server.storage.free-space.min = 0MB (=0) (default)
2023-09-21 17:51:25,647 [4cdc299f-4834-4fa6-8ba2-191990d4ad82-groupManagement] INFO  server.RaftServerConfigKeys (ConfUtils.java:logGet(46)) - raft.server.notification.no-leader.timeout = 300s (custom)
2023-09-21 17:51:25,647 [4cdc299f-4834-4fa6-8ba2-191990d4ad82-groupManagement] INFO  server.RaftServerConfigKeys (ConfUtils.java:logGet(46)) - raft.server.read.timeout = 10s (default)
2023-09-21 17:51:25,647 [4cdc299f-4834-4fa6-8ba2-191990d4ad82-groupManagement] INFO  server.RaftServerConfigKeys (ConfUtils.java:logGet(46)) - raft.server.retrycache.expirytime = 600000ms (custom)
2023-09-21 17:51:25,647 [4cdc299f-4834-4fa6-8ba2-191990d4ad82-groupManagement] INFO  server.RaftServerConfigKeys (ConfUtils.java:logGet(46)) - raft.server.retrycache.statistics.expirytime = 100μs (default)
2023-09-21 17:51:25,647 [4cdc299f-4834-4fa6-8ba2-191990d4ad82-groupManagement] INFO  server.RaftServerConfigKeys (ConfUtils.java:logGet(46)) - raft.server.read.option = DEFAULT (default)
2023-09-21 17:51:25,648 [4cdc299f-4834-4fa6-8ba2-191990d4ad82-groupManagement] INFO  server.RaftServerConfigKeys (ConfUtils.java:logGet(46)) - raft.server.rpc.request.timeout = 60s (custom)
2023-09-21 17:51:25,648 [4cdc299f-4834-4fa6-8ba2-191990d4ad82-groupManagement] INFO  server.RaftServerConfigKeys (ConfUtils.java:logGet(46)) - raft.server.log.appender.install.snapshot.enabled = false (custom)
2023-09-21 17:51:25,648 [4cdc299f-4834-4fa6-8ba2-191990d4ad82-groupManagement] INFO  server.RaftServerConfigKeys (ConfUtils.java:logGet(46)) - raft.server.threadpool.server.cached = true (default)
2023-09-21 17:51:25,648 [4cdc299f-4834-4fa6-8ba2-191990d4ad82-groupManagement] INFO  server.RaftServerConfigKeys (ConfUtils.java:logGet(46)) - raft.server.threadpool.server.size = 0 (default)
2023-09-21 17:51:25,648 [4cdc299f-4834-4fa6-8ba2-191990d4ad82-groupManagement] INFO  server.RaftServerConfigKeys (ConfUtils.java:logGet(46)) - raft.server.threadpool.client.cached = true (default)
2023-09-21 17:51:25,648 [4cdc299f-4834-4fa6-8ba2-191990d4ad82-groupManagement] INFO  server.RaftServerConfigKeys (ConfUtils.java:logGet(46)) - raft.server.threadpool.client.size = 0 (default)
2023-09-21 17:51:25,648 [4cdc299f-4834-4fa6-8ba2-191990d4ad82-groupManagement] INFO  storage.RaftStorageDirectory (RaftStorageDirectoryImpl.java:analyzeStorage(137)) - The storage directory /home/runner/work/ozone/ozone/hadoop-ozone/integration-test/target/test-dir/MiniOzoneClusterImpl-04a8daa2-1161-4e20-9dee-837792427303/datanode-2/data/ratis/aafff790-04e8-4d9f-a3f6-6c7d642d55ba does not exist. Creating ...
2023-09-21 17:51:25,650 [4cdc299f-4834-4fa6-8ba2-191990d4ad82-groupManagement] INFO  storage.RaftStorageDirectory (RaftStorageDirectoryImpl.java:tryLock(231)) - Lock on /home/runner/work/ozone/ozone/hadoop-ozone/integration-test/target/test-dir/MiniOzoneClusterImpl-04a8daa2-1161-4e20-9dee-837792427303/datanode-2/data/ratis/aafff790-04e8-4d9f-a3f6-6c7d642d55ba/in_use.lock acquired by nodename 19454@fv-az259-227
2023-09-21 17:51:25,651 [4cdc299f-4834-4fa6-8ba2-191990d4ad82-groupManagement] INFO  storage.RaftStorage (RaftStorageImpl.java:format(96)) - Storage directory /home/runner/work/ozone/ozone/hadoop-ozone/integration-test/target/test-dir/MiniOzoneClusterImpl-04a8daa2-1161-4e20-9dee-837792427303/datanode-2/data/ratis/aafff790-04e8-4d9f-a3f6-6c7d642d55ba has been successfully formatted.
2023-09-21 17:51:25,654 [4cdc299f-4834-4fa6-8ba2-191990d4ad82-groupManagement] INFO  ratis.ContainerStateMachine (ContainerStateMachine.java:loadSnapshot(262)) - group-6C7D642D55BA: The snapshot info is null. Setting the last applied indexto:(t:0, i:~)
2023-09-21 17:51:25,654 [4cdc299f-4834-4fa6-8ba2-191990d4ad82-groupManagement] INFO  server.RaftServerConfigKeys (ConfUtils.java:logGet(46)) - raft.server.log.use.memory = false (default)
2023-09-21 17:51:25,654 [4cdc299f-4834-4fa6-8ba2-191990d4ad82-groupManagement] INFO  server.RaftServerConfigKeys (ConfUtils.java:logGet(46)) - raft.server.log.purge.gap = 1000000 (custom)
2023-09-21 17:51:25,654 [4cdc299f-4834-4fa6-8ba2-191990d4ad82-groupManagement] INFO  server.RaftServerConfigKeys (ConfUtils.java:logGet(46)) - raft.server.log.appender.buffer.byte-limit = 33554432 (custom)
2023-09-21 17:51:25,654 [4cdc299f-4834-4fa6-8ba2-191990d4ad82-groupManagement] INFO  server.RaftServerConfigKeys (ConfUtils.java:logGet(46)) - raft.server.log.statemachine.data.read.timeout = 1000ms (default)
2023-09-21 17:51:25,654 [4cdc299f-4834-4fa6-8ba2-191990d4ad82-groupManagement] INFO  server.RaftServerConfigKeys (ConfUtils.java:logGet(46)) - raft.server.log.purge.preservation.log.num = 0 (default)
2023-09-21 17:51:25,655 [4cdc299f-4834-4fa6-8ba2-191990d4ad82-groupManagement] INFO  server.RaftServerConfigKeys (ConfUtils.java:logGet(46)) - raft.server.log.segment.size.max = 1048576 (custom)
2023-09-21 17:51:25,655 [4cdc299f-4834-4fa6-8ba2-191990d4ad82-groupManagement] INFO  server.RaftServerConfigKeys (ConfUtils.java:logGet(46)) - raft.server.log.segment.cache.num.max = 2 (custom)
2023-09-21 17:51:25,655 [4cdc299f-4834-4fa6-8ba2-191990d4ad82-groupManagement] INFO  server.RaftServerConfigKeys (ConfUtils.java:logGet(46)) - raft.server.log.segment.cache.size.max = 200MB (=209715200) (default)
2023-09-21 17:51:25,655 [4cdc299f-4834-4fa6-8ba2-191990d4ad82-groupManagement] INFO  server.RaftServerConfigKeys (ConfUtils.java:logGet(46)) - raft.server.log.appender.buffer.byte-limit = 33554432 (custom)
2023-09-21 17:51:25,655 [4cdc299f-4834-4fa6-8ba2-191990d4ad82-groupManagement] INFO  segmented.SegmentedRaftLogWorker (SegmentedRaftLogWorker.java:<init>(188)) - new 4cdc299f-4834-4fa6-8ba2-191990d4ad82@group-6C7D642D55BA-SegmentedRaftLogWorker for RaftStorageImpl:Storage Directory /home/runner/work/ozone/ozone/hadoop-ozone/integration-test/target/test-dir/MiniOzoneClusterImpl-04a8daa2-1161-4e20-9dee-837792427303/datanode-2/data/ratis/aafff790-04e8-4d9f-a3f6-6c7d642d55ba
2023-09-21 17:51:25,655 [4cdc299f-4834-4fa6-8ba2-191990d4ad82-groupManagement] INFO  server.RaftServerConfigKeys (ConfUtils.java:logGet(46)) - raft.server.log.queue.byte-limit = 4294967296 (custom)
2023-09-21 17:51:25,655 [4cdc299f-4834-4fa6-8ba2-191990d4ad82-groupManagement] INFO  server.RaftServerConfigKeys (ConfUtils.java:logGet(46)) - raft.server.log.queue.element-limit = 1024 (custom)
2023-09-21 17:51:25,655 [4cdc299f-4834-4fa6-8ba2-191990d4ad82-groupManagement] INFO  server.RaftServerConfigKeys (ConfUtils.java:logGet(46)) - raft.server.log.segment.size.max = 1048576 (custom)
2023-09-21 17:51:25,655 [4cdc299f-4834-4fa6-8ba2-191990d4ad82-groupManagement] INFO  server.RaftServerConfigKeys (ConfUtils.java:logGet(46)) - raft.server.log.preallocated.size = 16384 (custom)
2023-09-21 17:51:25,655 [4cdc299f-4834-4fa6-8ba2-191990d4ad82-groupManagement] INFO  server.RaftServerConfigKeys (ConfUtils.java:logGet(46)) - raft.server.log.force.sync.num = 128 (default)
2023-09-21 17:51:25,656 [4cdc299f-4834-4fa6-8ba2-191990d4ad82-groupManagement] INFO  server.RaftServerConfigKeys (ConfUtils.java:logGet(46)) - raft.server.log.statemachine.data.sync = true (default)
2023-09-21 17:51:25,656 [4cdc299f-4834-4fa6-8ba2-191990d4ad82-groupManagement] INFO  server.RaftServerConfigKeys (ConfUtils.java:logGet(46)) - raft.server.log.statemachine.data.sync.timeout = 10s (default)
2023-09-21 17:51:25,656 [4cdc299f-4834-4fa6-8ba2-191990d4ad82-groupManagement] INFO  server.RaftServerConfigKeys (ConfUtils.java:logGet(46)) - raft.server.log.statemachine.data.sync.timeout.retry = -1 (default)
2023-09-21 17:51:25,656 [4cdc299f-4834-4fa6-8ba2-191990d4ad82-groupManagement] INFO  server.RaftServerConfigKeys (ConfUtils.java:logGet(46)) - raft.server.log.write.buffer.size = 1048576 (custom)
2023-09-21 17:51:25,657 [4cdc299f-4834-4fa6-8ba2-191990d4ad82-groupManagement] INFO  server.RaftServerConfigKeys (ConfUtils.java:logGet(46)) - raft.server.log.appender.buffer.byte-limit = 33554432 (custom)
2023-09-21 17:51:25,663 [4cdc299f-4834-4fa6-8ba2-191990d4ad82-groupManagement] INFO  server.RaftServerConfigKeys (ConfUtils.java:logGet(46)) - raft.server.log.unsafe-flush.enabled = false (default)
2023-09-21 17:51:25,663 [4cdc299f-4834-4fa6-8ba2-191990d4ad82-groupManagement] INFO  server.RaftServerConfigKeys (ConfUtils.java:logGet(46)) - raft.server.log.async-flush.enabled = false (default)
2023-09-21 17:51:25,663 [4cdc299f-4834-4fa6-8ba2-191990d4ad82-groupManagement] INFO  server.RaftServerConfigKeys (ConfUtils.java:logGet(46)) - raft.server.log.statemachine.data.caching.enabled = true (custom)
2023-09-21 17:51:25,663 [4cdc299f-4834-4fa6-8ba2-191990d4ad82-groupManagement] INFO  segmented.SegmentedRaftLogWorker (SegmentedRaftLogWorker.java:lambda$new$0(135)) - 4cdc299f-4834-4fa6-8ba2-191990d4ad82@group-6C7D642D55BA-SegmentedRaftLogWorker: flushIndex: setUnconditionally 0 -> -1
2023-09-21 17:51:25,663 [4cdc299f-4834-4fa6-8ba2-191990d4ad82-groupManagement] INFO  segmented.SegmentedRaftLogWorker (SegmentedRaftLogWorker.java:lambda$new$0(135)) - 4cdc299f-4834-4fa6-8ba2-191990d4ad82@group-6C7D642D55BA-SegmentedRaftLogWorker: safeCacheEvictIndex: setUnconditionally 0 -> -1
2023-09-21 17:51:25,664 [4cdc299f-4834-4fa6-8ba2-191990d4ad82-groupManagement] INFO  server.RaftServer$Division (RaftServerImpl.java:start(342)) - 4cdc299f-4834-4fa6-8ba2-191990d4ad82@group-6C7D642D55BA: start as a follower, conf=-1: peers:[21cefe31-b447-4cde-b371-f0af1d83a0ae|rpc:10.1.0.8:15067|admin:10.1.0.8:15066|client:10.1.0.8:15065|dataStream:10.1.0.8:15068|priority:0|startupRole:FOLLOWER, 4cdc299f-4834-4fa6-8ba2-191990d4ad82|rpc:10.1.0.8:15085|admin:10.1.0.8:15084|client:10.1.0.8:15083|dataStream:10.1.0.8:15086|priority:0|startupRole:FOLLOWER, 37083bac-0b78-4ab7-8270-b85e08b802dc|rpc:10.1.0.8:15076|admin:10.1.0.8:15075|client:10.1.0.8:15074|dataStream:10.1.0.8:15077|priority:1|startupRole:FOLLOWER]|listeners:[], old=null
2023-09-21 17:51:25,664 [4cdc299f-4834-4fa6-8ba2-191990d4ad82-groupManagement] INFO  server.RaftServer$Division (RaftServerImpl.java:setRole(329)) - 4cdc299f-4834-4fa6-8ba2-191990d4ad82@group-6C7D642D55BA: changes role from      null to FOLLOWER at term 0 for startAsFollower
2023-09-21 17:51:25,664 [4cdc299f-4834-4fa6-8ba2-191990d4ad82-groupManagement] INFO  impl.RoleInfo (RoleInfo.java:updateAndGet(139)) - 4cdc299f-4834-4fa6-8ba2-191990d4ad82: start 4cdc299f-4834-4fa6-8ba2-191990d4ad82@group-6C7D642D55BA-FollowerState
2023-09-21 17:51:25,665 [4cdc299f-4834-4fa6-8ba2-191990d4ad82-groupManagement] INFO  util.JmxRegister (JmxRegister.java:tryRegister(44)) - Successfully registered JMX Bean with object name Ratis:service=RaftServer,group=group-6C7D642D55BA,id=4cdc299f-4834-4fa6-8ba2-191990d4ad82
2023-09-21 17:51:25,665 [4cdc299f-4834-4fa6-8ba2-191990d4ad82-groupManagement] INFO  server.RaftServerConfigKeys (ConfUtils.java:logGet(46)) - raft.server.snapshot.auto.trigger.enabled = true (custom)
2023-09-21 17:51:25,666 [4cdc299f-4834-4fa6-8ba2-191990d4ad82-groupManagement] INFO  server.RaftServerConfigKeys (ConfUtils.java:logGet(46)) - raft.server.snapshot.auto.trigger.threshold = 10000 (custom)
2023-09-21 17:51:25,666 [4cdc299f-4834-4fa6-8ba2-191990d4ad82-groupManagement] INFO  server.RaftServerConfigKeys (ConfUtils.java:logGet(46)) - raft.server.snapshot.retention.file.num = 5 (custom)
2023-09-21 17:51:25,666 [4cdc299f-4834-4fa6-8ba2-191990d4ad82-groupManagement] INFO  server.RaftServerConfigKeys (ConfUtils.java:logGet(46)) - raft.server.log.purge.upto.snapshot.index = false (default)
2023-09-21 17:51:25,671 [4cdc299f-4834-4fa6-8ba2-191990d4ad82@group-6C7D642D55BA-FollowerState] INFO  server.RaftServerConfigKeys (ConfUtils.java:logFallback(53)) - raft.server.rpc.first-election.timeout.min = 5s (fallback to raft.server.rpc.timeout.min)
2023-09-21 17:51:25,671 [4cdc299f-4834-4fa6-8ba2-191990d4ad82@group-6C7D642D55BA-FollowerState] INFO  server.RaftServerConfigKeys (ConfUtils.java:logFallback(53)) - raft.server.rpc.first-election.timeout.max = 5200ms (fallback to raft.server.rpc.timeout.max)
2023-09-21 17:51:25,695 [grpc-default-executor-10] INFO  server.RaftServer (RaftServerProxy.java:addNew(98)) - 37083bac-0b78-4ab7-8270-b85e08b802dc: addNew group-6C7D642D55BA:[21cefe31-b447-4cde-b371-f0af1d83a0ae|rpc:10.1.0.8:15067|admin:10.1.0.8:15066|client:10.1.0.8:15065|dataStream:10.1.0.8:15068|priority:0|startupRole:FOLLOWER, 4cdc299f-4834-4fa6-8ba2-191990d4ad82|rpc:10.1.0.8:15085|admin:10.1.0.8:15084|client:10.1.0.8:15083|dataStream:10.1.0.8:15086|priority:0|startupRole:FOLLOWER, 37083bac-0b78-4ab7-8270-b85e08b802dc|rpc:10.1.0.8:15076|admin:10.1.0.8:15075|client:10.1.0.8:15074|dataStream:10.1.0.8:15077|priority:1|startupRole:FOLLOWER] returns group-6C7D642D55BA:java.util.concurrent.CompletableFuture@1c3ec1a[Not completed]
2023-09-21 17:51:25,699 [37083bac-0b78-4ab7-8270-b85e08b802dc-groupManagement] INFO  server.RaftServer$Division (RaftServerImpl.java:<init>(198)) - 37083bac-0b78-4ab7-8270-b85e08b802dc: new RaftServerImpl for group-6C7D642D55BA:[21cefe31-b447-4cde-b371-f0af1d83a0ae|rpc:10.1.0.8:15067|admin:10.1.0.8:15066|client:10.1.0.8:15065|dataStream:10.1.0.8:15068|priority:0|startupRole:FOLLOWER, 4cdc299f-4834-4fa6-8ba2-191990d4ad82|rpc:10.1.0.8:15085|admin:10.1.0.8:15084|client:10.1.0.8:15083|dataStream:10.1.0.8:15086|priority:0|startupRole:FOLLOWER, 37083bac-0b78-4ab7-8270-b85e08b802dc|rpc:10.1.0.8:15076|admin:10.1.0.8:15075|client:10.1.0.8:15074|dataStream:10.1.0.8:15077|priority:1|startupRole:FOLLOWER] with ContainerStateMachine:uninitialized
2023-09-21 17:51:25,699 [37083bac-0b78-4ab7-8270-b85e08b802dc-groupManagement] INFO  server.RaftServerConfigKeys (ConfUtils.java:logGet(46)) - raft.server.rpc.timeout.min = 5s (custom)
2023-09-21 17:51:25,699 [37083bac-0b78-4ab7-8270-b85e08b802dc-groupManagement] INFO  server.RaftServerConfigKeys (ConfUtils.java:logGet(46)) - raft.server.rpc.timeout.max = 5200ms (custom)
2023-09-21 17:51:25,699 [37083bac-0b78-4ab7-8270-b85e08b802dc-groupManagement] INFO  server.RaftServerConfigKeys (ConfUtils.java:logGet(46)) - raft.server.rpc.sleep.time = 25ms (default)
2023-09-21 17:51:25,699 [37083bac-0b78-4ab7-8270-b85e08b802dc-groupManagement] INFO  server.RaftServerConfigKeys (ConfUtils.java:logGet(46)) - raft.server.rpc.slowness.timeout = 300s (custom)
2023-09-21 17:51:25,700 [37083bac-0b78-4ab7-8270-b85e08b802dc-groupManagement] INFO  server.RaftServerConfigKeys (ConfUtils.java:logGet(46)) - raft.server.leaderelection.leader.step-down.wait-time = 10s (default)
2023-09-21 17:51:25,700 [37083bac-0b78-4ab7-8270-b85e08b802dc-groupManagement] INFO  server.RaftServerConfigKeys (ConfUtils.java:logGet(46)) - raft.server.sleep.deviation.threshold = 300ms (default)
2023-09-21 17:51:25,700 [37083bac-0b78-4ab7-8270-b85e08b802dc-groupManagement] INFO  server.RaftServer$Division (ServerState.java:<init>(120)) - 37083bac-0b78-4ab7-8270-b85e08b802dc@group-6C7D642D55BA: ConfigurationManager, init=-1: peers:[21cefe31-b447-4cde-b371-f0af1d83a0ae|rpc:10.1.0.8:15067|admin:10.1.0.8:15066|client:10.1.0.8:15065|dataStream:10.1.0.8:15068|priority:0|startupRole:FOLLOWER, 4cdc299f-4834-4fa6-8ba2-191990d4ad82|rpc:10.1.0.8:15085|admin:10.1.0.8:15084|client:10.1.0.8:15083|dataStream:10.1.0.8:15086|priority:0|startupRole:FOLLOWER, 37083bac-0b78-4ab7-8270-b85e08b802dc|rpc:10.1.0.8:15076|admin:10.1.0.8:15075|client:10.1.0.8:15074|dataStream:10.1.0.8:15077|priority:1|startupRole:FOLLOWER]|listeners:[], old=null, confs=<EMPTY_MAP>
2023-09-21 17:51:25,700 [37083bac-0b78-4ab7-8270-b85e08b802dc-groupManagement] INFO  server.RaftServerConfigKeys (ConfUtils.java:logGet(46)) - raft.server.storage.dir = [/home/runner/work/ozone/ozone/hadoop-ozone/integration-test/target/test-dir/MiniOzoneClusterImpl-04a8daa2-1161-4e20-9dee-837792427303/datanode-1/data/ratis] (custom)
2023-09-21 17:51:25,700 [37083bac-0b78-4ab7-8270-b85e08b802dc-groupManagement] INFO  server.RaftServerConfigKeys (ConfUtils.java:logGet(46)) - raft.server.log.corruption.policy = EXCEPTION (default)
2023-09-21 17:51:25,700 [37083bac-0b78-4ab7-8270-b85e08b802dc-groupManagement] INFO  server.RaftServerConfigKeys (ConfUtils.java:logGet(46)) - raft.server.storage.free-space.min = 0MB (=0) (default)
2023-09-21 17:51:25,701 [37083bac-0b78-4ab7-8270-b85e08b802dc-groupManagement] INFO  server.RaftServerConfigKeys (ConfUtils.java:logGet(46)) - raft.server.notification.no-leader.timeout = 300s (custom)
2023-09-21 17:51:25,701 [37083bac-0b78-4ab7-8270-b85e08b802dc-groupManagement] INFO  server.RaftServerConfigKeys (ConfUtils.java:logGet(46)) - raft.server.read.timeout = 10s (default)
2023-09-21 17:51:25,701 [37083bac-0b78-4ab7-8270-b85e08b802dc-groupManagement] INFO  server.RaftServerConfigKeys (ConfUtils.java:logGet(46)) - raft.server.retrycache.expirytime = 600000ms (custom)
2023-09-21 17:51:25,701 [37083bac-0b78-4ab7-8270-b85e08b802dc-groupManagement] INFO  server.RaftServerConfigKeys (ConfUtils.java:logGet(46)) - raft.server.retrycache.statistics.expirytime = 100μs (default)
2023-09-21 17:51:25,701 [37083bac-0b78-4ab7-8270-b85e08b802dc-groupManagement] INFO  server.RaftServerConfigKeys (ConfUtils.java:logGet(46)) - raft.server.read.option = DEFAULT (default)
2023-09-21 17:51:25,702 [37083bac-0b78-4ab7-8270-b85e08b802dc-groupManagement] INFO  server.RaftServerConfigKeys (ConfUtils.java:logGet(46)) - raft.server.rpc.request.timeout = 60s (custom)
2023-09-21 17:51:25,702 [37083bac-0b78-4ab7-8270-b85e08b802dc-groupManagement] INFO  server.RaftServerConfigKeys (ConfUtils.java:logGet(46)) - raft.server.log.appender.install.snapshot.enabled = false (custom)
2023-09-21 17:51:25,702 [37083bac-0b78-4ab7-8270-b85e08b802dc-groupManagement] INFO  server.RaftServerConfigKeys (ConfUtils.java:logGet(46)) - raft.server.threadpool.server.cached = true (default)
2023-09-21 17:51:25,702 [37083bac-0b78-4ab7-8270-b85e08b802dc-groupManagement] INFO  server.RaftServerConfigKeys (ConfUtils.java:logGet(46)) - raft.server.threadpool.server.size = 0 (default)
2023-09-21 17:51:25,703 [37083bac-0b78-4ab7-8270-b85e08b802dc-groupManagement] INFO  server.RaftServerConfigKeys (ConfUtils.java:logGet(46)) - raft.server.threadpool.client.cached = true (default)
2023-09-21 17:51:25,703 [37083bac-0b78-4ab7-8270-b85e08b802dc-groupManagement] INFO  server.RaftServerConfigKeys (ConfUtils.java:logGet(46)) - raft.server.threadpool.client.size = 0 (default)
2023-09-21 17:51:25,703 [37083bac-0b78-4ab7-8270-b85e08b802dc-groupManagement] INFO  storage.RaftStorageDirectory (RaftStorageDirectoryImpl.java:analyzeStorage(137)) - The storage directory /home/runner/work/ozone/ozone/hadoop-ozone/integration-test/target/test-dir/MiniOzoneClusterImpl-04a8daa2-1161-4e20-9dee-837792427303/datanode-1/data/ratis/aafff790-04e8-4d9f-a3f6-6c7d642d55ba does not exist. Creating ...
2023-09-21 17:51:25,704 [37083bac-0b78-4ab7-8270-b85e08b802dc-groupManagement] INFO  storage.RaftStorageDirectory (RaftStorageDirectoryImpl.java:tryLock(231)) - Lock on /home/runner/work/ozone/ozone/hadoop-ozone/integration-test/target/test-dir/MiniOzoneClusterImpl-04a8daa2-1161-4e20-9dee-837792427303/datanode-1/data/ratis/aafff790-04e8-4d9f-a3f6-6c7d642d55ba/in_use.lock acquired by nodename 19454@fv-az259-227
2023-09-21 17:51:25,706 [37083bac-0b78-4ab7-8270-b85e08b802dc-groupManagement] INFO  storage.RaftStorage (RaftStorageImpl.java:format(96)) - Storage directory /home/runner/work/ozone/ozone/hadoop-ozone/integration-test/target/test-dir/MiniOzoneClusterImpl-04a8daa2-1161-4e20-9dee-837792427303/datanode-1/data/ratis/aafff790-04e8-4d9f-a3f6-6c7d642d55ba has been successfully formatted.
2023-09-21 17:51:25,707 [37083bac-0b78-4ab7-8270-b85e08b802dc-groupManagement] INFO  ratis.ContainerStateMachine (ContainerStateMachine.java:loadSnapshot(262)) - group-6C7D642D55BA: The snapshot info is null. Setting the last applied indexto:(t:0, i:~)
2023-09-21 17:51:25,707 [37083bac-0b78-4ab7-8270-b85e08b802dc-groupManagement] INFO  server.RaftServerConfigKeys (ConfUtils.java:logGet(46)) - raft.server.log.use.memory = false (default)
2023-09-21 17:51:25,708 [37083bac-0b78-4ab7-8270-b85e08b802dc-groupManagement] INFO  server.RaftServerConfigKeys (ConfUtils.java:logGet(46)) - raft.server.log.purge.gap = 1000000 (custom)
2023-09-21 17:51:25,708 [37083bac-0b78-4ab7-8270-b85e08b802dc-groupManagement] INFO  server.RaftServerConfigKeys (ConfUtils.java:logGet(46)) - raft.server.log.appender.buffer.byte-limit = 33554432 (custom)
2023-09-21 17:51:25,708 [37083bac-0b78-4ab7-8270-b85e08b802dc-groupManagement] INFO  server.RaftServerConfigKeys (ConfUtils.java:logGet(46)) - raft.server.log.statemachine.data.read.timeout = 1000ms (default)
2023-09-21 17:51:25,708 [37083bac-0b78-4ab7-8270-b85e08b802dc-groupManagement] INFO  server.RaftServerConfigKeys (ConfUtils.java:logGet(46)) - raft.server.log.purge.preservation.log.num = 0 (default)
2023-09-21 17:51:25,708 [37083bac-0b78-4ab7-8270-b85e08b802dc-groupManagement] INFO  server.RaftServerConfigKeys (ConfUtils.java:logGet(46)) - raft.server.log.segment.size.max = 1048576 (custom)
2023-09-21 17:51:25,709 [37083bac-0b78-4ab7-8270-b85e08b802dc-groupManagement] INFO  server.RaftServerConfigKeys (ConfUtils.java:logGet(46)) - raft.server.log.segment.cache.num.max = 2 (custom)
2023-09-21 17:51:25,709 [37083bac-0b78-4ab7-8270-b85e08b802dc-groupManagement] INFO  server.RaftServerConfigKeys (ConfUtils.java:logGet(46)) - raft.server.log.segment.cache.size.max = 200MB (=209715200) (default)
2023-09-21 17:51:25,709 [37083bac-0b78-4ab7-8270-b85e08b802dc-groupManagement] INFO  server.RaftServerConfigKeys (ConfUtils.java:logGet(46)) - raft.server.log.appender.buffer.byte-limit = 33554432 (custom)
2023-09-21 17:51:25,709 [37083bac-0b78-4ab7-8270-b85e08b802dc-groupManagement] INFO  segmented.SegmentedRaftLogWorker (SegmentedRaftLogWorker.java:<init>(188)) - new 37083bac-0b78-4ab7-8270-b85e08b802dc@group-6C7D642D55BA-SegmentedRaftLogWorker for RaftStorageImpl:Storage Directory /home/runner/work/ozone/ozone/hadoop-ozone/integration-test/target/test-dir/MiniOzoneClusterImpl-04a8daa2-1161-4e20-9dee-837792427303/datanode-1/data/ratis/aafff790-04e8-4d9f-a3f6-6c7d642d55ba
2023-09-21 17:51:25,709 [37083bac-0b78-4ab7-8270-b85e08b802dc-groupManagement] INFO  server.RaftServerConfigKeys (ConfUtils.java:logGet(46)) - raft.server.log.queue.byte-limit = 4294967296 (custom)
2023-09-21 17:51:25,709 [37083bac-0b78-4ab7-8270-b85e08b802dc-groupManagement] INFO  server.RaftServerConfigKeys (ConfUtils.java:logGet(46)) - raft.server.log.queue.element-limit = 1024 (custom)
2023-09-21 17:51:25,710 [37083bac-0b78-4ab7-8270-b85e08b802dc-groupManagement] INFO  server.RaftServerConfigKeys (ConfUtils.java:logGet(46)) - raft.server.log.segment.size.max = 1048576 (custom)
2023-09-21 17:51:25,710 [37083bac-0b78-4ab7-8270-b85e08b802dc-groupManagement] INFO  server.RaftServerConfigKeys (ConfUtils.java:logGet(46)) - raft.server.log.preallocated.size = 16384 (custom)
2023-09-21 17:51:25,710 [37083bac-0b78-4ab7-8270-b85e08b802dc-groupManagement] INFO  server.RaftServerConfigKeys (ConfUtils.java:logGet(46)) - raft.server.log.force.sync.num = 128 (default)
2023-09-21 17:51:25,710 [37083bac-0b78-4ab7-8270-b85e08b802dc-groupManagement] INFO  server.RaftServerConfigKeys (ConfUtils.java:logGet(46)) - raft.server.log.statemachine.data.sync = true (default)
2023-09-21 17:51:25,710 [37083bac-0b78-4ab7-8270-b85e08b802dc-groupManagement] INFO  server.RaftServerConfigKeys (ConfUtils.java:logGet(46)) - raft.server.log.statemachine.data.sync.timeout = 10s (default)
2023-09-21 17:51:25,710 [37083bac-0b78-4ab7-8270-b85e08b802dc-groupManagement] INFO  server.RaftServerConfigKeys (ConfUtils.java:logGet(46)) - raft.server.log.statemachine.data.sync.timeout.retry = -1 (default)
2023-09-21 17:51:25,711 [37083bac-0b78-4ab7-8270-b85e08b802dc-groupManagement] INFO  server.RaftServerConfigKeys (ConfUtils.java:logGet(46)) - raft.server.log.write.buffer.size = 1048576 (custom)
2023-09-21 17:51:25,711 [37083bac-0b78-4ab7-8270-b85e08b802dc-groupManagement] INFO  server.RaftServerConfigKeys (ConfUtils.java:logGet(46)) - raft.server.log.appender.buffer.byte-limit = 33554432 (custom)
2023-09-21 17:51:25,718 [37083bac-0b78-4ab7-8270-b85e08b802dc-groupManagement] INFO  server.RaftServerConfigKeys (ConfUtils.java:logGet(46)) - raft.server.log.unsafe-flush.enabled = false (default)
2023-09-21 17:51:25,718 [37083bac-0b78-4ab7-8270-b85e08b802dc-groupManagement] INFO  server.RaftServerConfigKeys (ConfUtils.java:logGet(46)) - raft.server.log.async-flush.enabled = false (default)
2023-09-21 17:51:25,718 [37083bac-0b78-4ab7-8270-b85e08b802dc-groupManagement] INFO  server.RaftServerConfigKeys (ConfUtils.java:logGet(46)) - raft.server.log.statemachine.data.caching.enabled = true (custom)
2023-09-21 17:51:25,718 [37083bac-0b78-4ab7-8270-b85e08b802dc-groupManagement] INFO  segmented.SegmentedRaftLogWorker (SegmentedRaftLogWorker.java:lambda$new$0(135)) - 37083bac-0b78-4ab7-8270-b85e08b802dc@group-6C7D642D55BA-SegmentedRaftLogWorker: flushIndex: setUnconditionally 0 -> -1
2023-09-21 17:51:25,718 [37083bac-0b78-4ab7-8270-b85e08b802dc-groupManagement] INFO  segmented.SegmentedRaftLogWorker (SegmentedRaftLogWorker.java:lambda$new$0(135)) - 37083bac-0b78-4ab7-8270-b85e08b802dc@group-6C7D642D55BA-SegmentedRaftLogWorker: safeCacheEvictIndex: setUnconditionally 0 -> -1
2023-09-21 17:51:25,719 [37083bac-0b78-4ab7-8270-b85e08b802dc-groupManagement] INFO  server.RaftServer$Division (RaftServerImpl.java:start(342)) - 37083bac-0b78-4ab7-8270-b85e08b802dc@group-6C7D642D55BA: start as a follower, conf=-1: peers:[21cefe31-b447-4cde-b371-f0af1d83a0ae|rpc:10.1.0.8:15067|admin:10.1.0.8:15066|client:10.1.0.8:15065|dataStream:10.1.0.8:15068|priority:0|startupRole:FOLLOWER, 4cdc299f-4834-4fa6-8ba2-191990d4ad82|rpc:10.1.0.8:15085|admin:10.1.0.8:15084|client:10.1.0.8:15083|dataStream:10.1.0.8:15086|priority:0|startupRole:FOLLOWER, 37083bac-0b78-4ab7-8270-b85e08b802dc|rpc:10.1.0.8:15076|admin:10.1.0.8:15075|client:10.1.0.8:15074|dataStream:10.1.0.8:15077|priority:1|startupRole:FOLLOWER]|listeners:[], old=null
2023-09-21 17:51:25,719 [37083bac-0b78-4ab7-8270-b85e08b802dc-groupManagement] INFO  server.RaftServer$Division (RaftServerImpl.java:setRole(329)) - 37083bac-0b78-4ab7-8270-b85e08b802dc@group-6C7D642D55BA: changes role from      null to FOLLOWER at term 0 for startAsFollower
2023-09-21 17:51:25,719 [37083bac-0b78-4ab7-8270-b85e08b802dc-groupManagement] INFO  impl.RoleInfo (RoleInfo.java:updateAndGet(139)) - 37083bac-0b78-4ab7-8270-b85e08b802dc: start 37083bac-0b78-4ab7-8270-b85e08b802dc@group-6C7D642D55BA-FollowerState
2023-09-21 17:51:25,720 [37083bac-0b78-4ab7-8270-b85e08b802dc@group-6C7D642D55BA-FollowerState] INFO  server.RaftServerConfigKeys (ConfUtils.java:logFallback(53)) - raft.server.rpc.first-election.timeout.min = 5s (fallback to raft.server.rpc.timeout.min)
2023-09-21 17:51:25,720 [37083bac-0b78-4ab7-8270-b85e08b802dc-groupManagement] INFO  util.JmxRegister (JmxRegister.java:tryRegister(44)) - Successfully registered JMX Bean with object name Ratis:service=RaftServer,group=group-6C7D642D55BA,id=37083bac-0b78-4ab7-8270-b85e08b802dc
2023-09-21 17:51:25,720 [37083bac-0b78-4ab7-8270-b85e08b802dc@group-6C7D642D55BA-FollowerState] INFO  server.RaftServerConfigKeys (ConfUtils.java:logFallback(53)) - raft.server.rpc.first-election.timeout.max = 5200ms (fallback to raft.server.rpc.timeout.max)
2023-09-21 17:51:25,721 [37083bac-0b78-4ab7-8270-b85e08b802dc-groupManagement] INFO  server.RaftServerConfigKeys (ConfUtils.java:logGet(46)) - raft.server.snapshot.auto.trigger.enabled = true (custom)
2023-09-21 17:51:25,721 [37083bac-0b78-4ab7-8270-b85e08b802dc-groupManagement] INFO  server.RaftServerConfigKeys (ConfUtils.java:logGet(46)) - raft.server.snapshot.auto.trigger.threshold = 10000 (custom)
2023-09-21 17:51:25,721 [37083bac-0b78-4ab7-8270-b85e08b802dc-groupManagement] INFO  server.RaftServerConfigKeys (ConfUtils.java:logGet(46)) - raft.server.snapshot.retention.file.num = 5 (custom)
2023-09-21 17:51:25,721 [37083bac-0b78-4ab7-8270-b85e08b802dc-groupManagement] INFO  server.RaftServerConfigKeys (ConfUtils.java:logGet(46)) - raft.server.log.purge.upto.snapshot.index = false (default)
2023-09-21 17:51:25,736 [PipelineCommandHandlerThread-0] INFO  commandhandler.CreatePipelineCommandHandler (CreatePipelineCommandHandler.java:lambda$handle$2(124)) - Created Pipeline RATIS THREE PipelineID=aafff790-04e8-4d9f-a3f6-6c7d642d55ba.
2023-09-21 17:51:25,736 [PipelineCommandHandlerThread-0] INFO  server.RaftServer (RaftServerProxy.java:addNew(98)) - 21cefe31-b447-4cde-b371-f0af1d83a0ae: addNew group-2D1511A1FDFB:[21cefe31-b447-4cde-b371-f0af1d83a0ae|rpc:10.1.0.8:15067|admin:10.1.0.8:15066|client:10.1.0.8:15065|dataStream:10.1.0.8:15068|priority:1|startupRole:FOLLOWER, 4cdc299f-4834-4fa6-8ba2-191990d4ad82|rpc:10.1.0.8:15085|admin:10.1.0.8:15084|client:10.1.0.8:15083|dataStream:10.1.0.8:15086|priority:0|startupRole:FOLLOWER, 37083bac-0b78-4ab7-8270-b85e08b802dc|rpc:10.1.0.8:15076|admin:10.1.0.8:15075|client:10.1.0.8:15074|dataStream:10.1.0.8:15077|priority:0|startupRole:FOLLOWER] returns group-2D1511A1FDFB:java.util.concurrent.CompletableFuture@86ee050[Not completed]
2023-09-21 17:51:25,737 [21cefe31-b447-4cde-b371-f0af1d83a0ae-groupManagement] INFO  server.RaftServer$Division (RaftServerImpl.java:<init>(198)) - 21cefe31-b447-4cde-b371-f0af1d83a0ae: new RaftServerImpl for group-2D1511A1FDFB:[21cefe31-b447-4cde-b371-f0af1d83a0ae|rpc:10.1.0.8:15067|admin:10.1.0.8:15066|client:10.1.0.8:15065|dataStream:10.1.0.8:15068|priority:1|startupRole:FOLLOWER, 4cdc299f-4834-4fa6-8ba2-191990d4ad82|rpc:10.1.0.8:15085|admin:10.1.0.8:15084|client:10.1.0.8:15083|dataStream:10.1.0.8:15086|priority:0|startupRole:FOLLOWER, 37083bac-0b78-4ab7-8270-b85e08b802dc|rpc:10.1.0.8:15076|admin:10.1.0.8:15075|client:10.1.0.8:15074|dataStream:10.1.0.8:15077|priority:0|startupRole:FOLLOWER] with ContainerStateMachine:uninitialized
2023-09-21 17:51:25,737 [21cefe31-b447-4cde-b371-f0af1d83a0ae-groupManagement] INFO  server.RaftServerConfigKeys (ConfUtils.java:logGet(46)) - raft.server.rpc.timeout.min = 5s (custom)
2023-09-21 17:51:25,737 [21cefe31-b447-4cde-b371-f0af1d83a0ae-groupManagement] INFO  server.RaftServerConfigKeys (ConfUtils.java:logGet(46)) - raft.server.rpc.timeout.max = 5200ms (custom)
2023-09-21 17:51:25,737 [21cefe31-b447-4cde-b371-f0af1d83a0ae-groupManagement] INFO  server.RaftServerConfigKeys (ConfUtils.java:logGet(46)) - raft.server.rpc.sleep.time = 25ms (default)
2023-09-21 17:51:25,737 [21cefe31-b447-4cde-b371-f0af1d83a0ae-groupManagement] INFO  server.RaftServerConfigKeys (ConfUtils.java:logGet(46)) - raft.server.rpc.slowness.timeout = 300s (custom)
2023-09-21 17:51:25,737 [21cefe31-b447-4cde-b371-f0af1d83a0ae-groupManagement] INFO  server.RaftServerConfigKeys (ConfUtils.java:logGet(46)) - raft.server.leaderelection.leader.step-down.wait-time = 10s (default)
2023-09-21 17:51:25,737 [21cefe31-b447-4cde-b371-f0af1d83a0ae-groupManagement] INFO  server.RaftServerConfigKeys (ConfUtils.java:logGet(46)) - raft.server.sleep.deviation.threshold = 300ms (default)
2023-09-21 17:51:25,737 [21cefe31-b447-4cde-b371-f0af1d83a0ae-groupManagement] INFO  server.RaftServer$Division (ServerState.java:<init>(120)) - 21cefe31-b447-4cde-b371-f0af1d83a0ae@group-2D1511A1FDFB: ConfigurationManager, init=-1: peers:[21cefe31-b447-4cde-b371-f0af1d83a0ae|rpc:10.1.0.8:15067|admin:10.1.0.8:15066|client:10.1.0.8:15065|dataStream:10.1.0.8:15068|priority:1|startupRole:FOLLOWER, 4cdc299f-4834-4fa6-8ba2-191990d4ad82|rpc:10.1.0.8:15085|admin:10.1.0.8:15084|client:10.1.0.8:15083|dataStream:10.1.0.8:15086|priority:0|startupRole:FOLLOWER, 37083bac-0b78-4ab7-8270-b85e08b802dc|rpc:10.1.0.8:15076|admin:10.1.0.8:15075|client:10.1.0.8:15074|dataStream:10.1.0.8:15077|priority:0|startupRole:FOLLOWER]|listeners:[], old=null, confs=<EMPTY_MAP>
2023-09-21 17:51:25,738 [21cefe31-b447-4cde-b371-f0af1d83a0ae-groupManagement] INFO  server.RaftServerConfigKeys (ConfUtils.java:logGet(46)) - raft.server.storage.dir = [/home/runner/work/ozone/ozone/hadoop-ozone/integration-test/target/test-dir/MiniOzoneClusterImpl-04a8daa2-1161-4e20-9dee-837792427303/datanode-0/data/ratis] (custom)
2023-09-21 17:51:25,738 [21cefe31-b447-4cde-b371-f0af1d83a0ae-groupManagement] INFO  server.RaftServerConfigKeys (ConfUtils.java:logGet(46)) - raft.server.log.corruption.policy = EXCEPTION (default)
2023-09-21 17:51:25,738 [21cefe31-b447-4cde-b371-f0af1d83a0ae-groupManagement] INFO  server.RaftServerConfigKeys (ConfUtils.java:logGet(46)) - raft.server.storage.free-space.min = 0MB (=0) (default)
2023-09-21 17:51:25,738 [21cefe31-b447-4cde-b371-f0af1d83a0ae-groupManagement] INFO  server.RaftServerConfigKeys (ConfUtils.java:logGet(46)) - raft.server.notification.no-leader.timeout = 300s (custom)
2023-09-21 17:51:25,738 [21cefe31-b447-4cde-b371-f0af1d83a0ae-groupManagement] INFO  server.RaftServerConfigKeys (ConfUtils.java:logGet(46)) - raft.server.read.timeout = 10s (default)
2023-09-21 17:51:25,738 [21cefe31-b447-4cde-b371-f0af1d83a0ae-groupManagement] INFO  server.RaftServerConfigKeys (ConfUtils.java:logGet(46)) - raft.server.retrycache.expirytime = 600000ms (custom)
2023-09-21 17:51:25,738 [21cefe31-b447-4cde-b371-f0af1d83a0ae-groupManagement] INFO  server.RaftServerConfigKeys (ConfUtils.java:logGet(46)) - raft.server.retrycache.statistics.expirytime = 100μs (default)
2023-09-21 17:51:25,738 [21cefe31-b447-4cde-b371-f0af1d83a0ae-groupManagement] INFO  server.RaftServerConfigKeys (ConfUtils.java:logGet(46)) - raft.server.read.option = DEFAULT (default)
2023-09-21 17:51:25,739 [21cefe31-b447-4cde-b371-f0af1d83a0ae-groupManagement] INFO  server.RaftServerConfigKeys (ConfUtils.java:logGet(46)) - raft.server.rpc.request.timeout = 60s (custom)
2023-09-21 17:51:25,739 [21cefe31-b447-4cde-b371-f0af1d83a0ae-groupManagement] INFO  server.RaftServerConfigKeys (ConfUtils.java:logGet(46)) - raft.server.log.appender.install.snapshot.enabled = false (custom)
2023-09-21 17:51:25,739 [21cefe31-b447-4cde-b371-f0af1d83a0ae-groupManagement] INFO  server.RaftServerConfigKeys (ConfUtils.java:logGet(46)) - raft.server.threadpool.server.cached = true (default)
2023-09-21 17:51:25,742 [21cefe31-b447-4cde-b371-f0af1d83a0ae-groupManagement] INFO  server.RaftServerConfigKeys (ConfUtils.java:logGet(46)) - raft.server.threadpool.server.size = 0 (default)
2023-09-21 17:51:25,742 [21cefe31-b447-4cde-b371-f0af1d83a0ae-groupManagement] INFO  server.RaftServerConfigKeys (ConfUtils.java:logGet(46)) - raft.server.threadpool.client.cached = true (default)
2023-09-21 17:51:25,743 [21cefe31-b447-4cde-b371-f0af1d83a0ae-groupManagement] INFO  server.RaftServerConfigKeys (ConfUtils.java:logGet(46)) - raft.server.threadpool.client.size = 0 (default)
2023-09-21 17:51:25,743 [21cefe31-b447-4cde-b371-f0af1d83a0ae-groupManagement] INFO  storage.RaftStorageDirectory (RaftStorageDirectoryImpl.java:analyzeStorage(137)) - The storage directory /home/runner/work/ozone/ozone/hadoop-ozone/integration-test/target/test-dir/MiniOzoneClusterImpl-04a8daa2-1161-4e20-9dee-837792427303/datanode-0/data/ratis/2ad25144-9226-4704-bb1a-2d1511a1fdfb does not exist. Creating ...
2023-09-21 17:51:25,746 [21cefe31-b447-4cde-b371-f0af1d83a0ae-groupManagement] INFO  storage.RaftStorageDirectory (RaftStorageDirectoryImpl.java:tryLock(231)) - Lock on /home/runner/work/ozone/ozone/hadoop-ozone/integration-test/target/test-dir/MiniOzoneClusterImpl-04a8daa2-1161-4e20-9dee-837792427303/datanode-0/data/ratis/2ad25144-9226-4704-bb1a-2d1511a1fdfb/in_use.lock acquired by nodename 19454@fv-az259-227
2023-09-21 17:51:25,748 [21cefe31-b447-4cde-b371-f0af1d83a0ae-groupManagement] INFO  storage.RaftStorage (RaftStorageImpl.java:format(96)) - Storage directory /home/runner/work/ozone/ozone/hadoop-ozone/integration-test/target/test-dir/MiniOzoneClusterImpl-04a8daa2-1161-4e20-9dee-837792427303/datanode-0/data/ratis/2ad25144-9226-4704-bb1a-2d1511a1fdfb has been successfully formatted.
2023-09-21 17:51:25,749 [21cefe31-b447-4cde-b371-f0af1d83a0ae-groupManagement] INFO  ratis.ContainerStateMachine (ContainerStateMachine.java:loadSnapshot(262)) - group-2D1511A1FDFB: The snapshot info is null. Setting the last applied indexto:(t:0, i:~)
2023-09-21 17:51:25,749 [EventQueue-OpenPipelineForHealthyPipelineSafeModeRule] INFO  safemode.SCMSafeModeManager (HealthyPipelineSafeModeRule.java:process(137)) - SCM in safe mode. Healthy pipelines reported count is 0, required healthy pipeline reported count is 1
2023-09-21 17:51:25,749 [21cefe31-b447-4cde-b371-f0af1d83a0ae-groupManagement] INFO  server.RaftServerConfigKeys (ConfUtils.java:logGet(46)) - raft.server.log.use.memory = false (default)
2023-09-21 17:51:25,750 [21cefe31-b447-4cde-b371-f0af1d83a0ae-groupManagement] INFO  server.RaftServerConfigKeys (ConfUtils.java:logGet(46)) - raft.server.log.purge.gap = 1000000 (custom)
2023-09-21 17:51:25,750 [21cefe31-b447-4cde-b371-f0af1d83a0ae-groupManagement] INFO  server.RaftServerConfigKeys (ConfUtils.java:logGet(46)) - raft.server.log.appender.buffer.byte-limit = 33554432 (custom)
2023-09-21 17:51:25,750 [21cefe31-b447-4cde-b371-f0af1d83a0ae-groupManagement] INFO  server.RaftServerConfigKeys (ConfUtils.java:logGet(46)) - raft.server.log.statemachine.data.read.timeout = 1000ms (default)
2023-09-21 17:51:25,750 [21cefe31-b447-4cde-b371-f0af1d83a0ae-groupManagement] INFO  server.RaftServerConfigKeys (ConfUtils.java:logGet(46)) - raft.server.log.purge.preservation.log.num = 0 (default)
2023-09-21 17:51:25,750 [21cefe31-b447-4cde-b371-f0af1d83a0ae-groupManagement] INFO  server.RaftServerConfigKeys (ConfUtils.java:logGet(46)) - raft.server.log.segment.size.max = 1048576 (custom)
2023-09-21 17:51:25,750 [21cefe31-b447-4cde-b371-f0af1d83a0ae-groupManagement] INFO  server.RaftServerConfigKeys (ConfUtils.java:logGet(46)) - raft.server.log.segment.cache.num.max = 2 (custom)
2023-09-21 17:51:25,750 [21cefe31-b447-4cde-b371-f0af1d83a0ae-groupManagement] INFO  server.RaftServerConfigKeys (ConfUtils.java:logGet(46)) - raft.server.log.segment.cache.size.max = 200MB (=209715200) (default)
2023-09-21 17:51:25,750 [21cefe31-b447-4cde-b371-f0af1d83a0ae-groupManagement] INFO  server.RaftServerConfigKeys (ConfUtils.java:logGet(46)) - raft.server.log.appender.buffer.byte-limit = 33554432 (custom)
2023-09-21 17:51:25,751 [21cefe31-b447-4cde-b371-f0af1d83a0ae-groupManagement] INFO  segmented.SegmentedRaftLogWorker (SegmentedRaftLogWorker.java:<init>(188)) - new 21cefe31-b447-4cde-b371-f0af1d83a0ae@group-2D1511A1FDFB-SegmentedRaftLogWorker for RaftStorageImpl:Storage Directory /home/runner/work/ozone/ozone/hadoop-ozone/integration-test/target/test-dir/MiniOzoneClusterImpl-04a8daa2-1161-4e20-9dee-837792427303/datanode-0/data/ratis/2ad25144-9226-4704-bb1a-2d1511a1fdfb
2023-09-21 17:51:25,751 [21cefe31-b447-4cde-b371-f0af1d83a0ae-groupManagement] INFO  server.RaftServerConfigKeys (ConfUtils.java:logGet(46)) - raft.server.log.queue.byte-limit = 4294967296 (custom)
2023-09-21 17:51:25,751 [21cefe31-b447-4cde-b371-f0af1d83a0ae-groupManagement] INFO  server.RaftServerConfigKeys (ConfUtils.java:logGet(46)) - raft.server.log.queue.element-limit = 1024 (custom)
2023-09-21 17:51:25,751 [21cefe31-b447-4cde-b371-f0af1d83a0ae-groupManagement] INFO  server.RaftServerConfigKeys (ConfUtils.java:logGet(46)) - raft.server.log.segment.size.max = 1048576 (custom)
2023-09-21 17:51:25,751 [21cefe31-b447-4cde-b371-f0af1d83a0ae-groupManagement] INFO  server.RaftServerConfigKeys (ConfUtils.java:logGet(46)) - raft.server.log.preallocated.size = 16384 (custom)
2023-09-21 17:51:25,751 [21cefe31-b447-4cde-b371-f0af1d83a0ae-groupManagement] INFO  server.RaftServerConfigKeys (ConfUtils.java:logGet(46)) - raft.server.log.force.sync.num = 128 (default)
2023-09-21 17:51:25,751 [21cefe31-b447-4cde-b371-f0af1d83a0ae-groupManagement] INFO  server.RaftServerConfigKeys (ConfUtils.java:logGet(46)) - raft.server.log.statemachine.data.sync = true (default)
2023-09-21 17:51:25,751 [21cefe31-b447-4cde-b371-f0af1d83a0ae-groupManagement] INFO  server.RaftServerConfigKeys (ConfUtils.java:logGet(46)) - raft.server.log.statemachine.data.sync.timeout = 10s (default)
2023-09-21 17:51:25,751 [21cefe31-b447-4cde-b371-f0af1d83a0ae-groupManagement] INFO  server.RaftServerConfigKeys (ConfUtils.java:logGet(46)) - raft.server.log.statemachine.data.sync.timeout.retry = -1 (default)
2023-09-21 17:51:25,752 [21cefe31-b447-4cde-b371-f0af1d83a0ae-groupManagement] INFO  server.RaftServerConfigKeys (ConfUtils.java:logGet(46)) - raft.server.log.write.buffer.size = 1048576 (custom)
2023-09-21 17:51:25,753 [21cefe31-b447-4cde-b371-f0af1d83a0ae-groupManagement] INFO  server.RaftServerConfigKeys (ConfUtils.java:logGet(46)) - raft.server.log.appender.buffer.byte-limit = 33554432 (custom)
2023-09-21 17:51:25,759 [21cefe31-b447-4cde-b371-f0af1d83a0ae-groupManagement] INFO  server.RaftServerConfigKeys (ConfUtils.java:logGet(46)) - raft.server.log.unsafe-flush.enabled = false (default)
2023-09-21 17:51:25,759 [21cefe31-b447-4cde-b371-f0af1d83a0ae-groupManagement] INFO  server.RaftServerConfigKeys (ConfUtils.java:logGet(46)) - raft.server.log.async-flush.enabled = false (default)
2023-09-21 17:51:25,759 [21cefe31-b447-4cde-b371-f0af1d83a0ae-groupManagement] INFO  server.RaftServerConfigKeys (ConfUtils.java:logGet(46)) - raft.server.log.statemachine.data.caching.enabled = true (custom)
2023-09-21 17:51:25,760 [21cefe31-b447-4cde-b371-f0af1d83a0ae-groupManagement] INFO  segmented.SegmentedRaftLogWorker (SegmentedRaftLogWorker.java:lambda$new$0(135)) - 21cefe31-b447-4cde-b371-f0af1d83a0ae@group-2D1511A1FDFB-SegmentedRaftLogWorker: flushIndex: setUnconditionally 0 -> -1
2023-09-21 17:51:25,760 [21cefe31-b447-4cde-b371-f0af1d83a0ae-groupManagement] INFO  segmented.SegmentedRaftLogWorker (SegmentedRaftLogWorker.java:lambda$new$0(135)) - 21cefe31-b447-4cde-b371-f0af1d83a0ae@group-2D1511A1FDFB-SegmentedRaftLogWorker: safeCacheEvictIndex: setUnconditionally 0 -> -1
2023-09-21 17:51:25,760 [21cefe31-b447-4cde-b371-f0af1d83a0ae-groupManagement] INFO  server.RaftServer$Division (RaftServerImpl.java:start(342)) - 21cefe31-b447-4cde-b371-f0af1d83a0ae@group-2D1511A1FDFB: start as a follower, conf=-1: peers:[21cefe31-b447-4cde-b371-f0af1d83a0ae|rpc:10.1.0.8:15067|admin:10.1.0.8:15066|client:10.1.0.8:15065|dataStream:10.1.0.8:15068|priority:1|startupRole:FOLLOWER, 4cdc299f-4834-4fa6-8ba2-191990d4ad82|rpc:10.1.0.8:15085|admin:10.1.0.8:15084|client:10.1.0.8:15083|dataStream:10.1.0.8:15086|priority:0|startupRole:FOLLOWER, 37083bac-0b78-4ab7-8270-b85e08b802dc|rpc:10.1.0.8:15076|admin:10.1.0.8:15075|client:10.1.0.8:15074|dataStream:10.1.0.8:15077|priority:0|startupRole:FOLLOWER]|listeners:[], old=null
2023-09-21 17:51:25,760 [21cefe31-b447-4cde-b371-f0af1d83a0ae-groupManagement] INFO  server.RaftServer$Division (RaftServerImpl.java:setRole(329)) - 21cefe31-b447-4cde-b371-f0af1d83a0ae@group-2D1511A1FDFB: changes role from      null to FOLLOWER at term 0 for startAsFollower
2023-09-21 17:51:25,760 [21cefe31-b447-4cde-b371-f0af1d83a0ae-groupManagement] INFO  impl.RoleInfo (RoleInfo.java:updateAndGet(139)) - 21cefe31-b447-4cde-b371-f0af1d83a0ae: start 21cefe31-b447-4cde-b371-f0af1d83a0ae@group-2D1511A1FDFB-FollowerState
2023-09-21 17:51:25,761 [21cefe31-b447-4cde-b371-f0af1d83a0ae-groupManagement] INFO  util.JmxRegister (JmxRegister.java:tryRegister(44)) - Successfully registered JMX Bean with object name Ratis:service=RaftServer,group=group-2D1511A1FDFB,id=21cefe31-b447-4cde-b371-f0af1d83a0ae
2023-09-21 17:51:25,761 [21cefe31-b447-4cde-b371-f0af1d83a0ae-groupManagement] INFO  server.RaftServerConfigKeys (ConfUtils.java:logGet(46)) - raft.server.snapshot.auto.trigger.enabled = true (custom)
2023-09-21 17:51:25,761 [21cefe31-b447-4cde-b371-f0af1d83a0ae-groupManagement] INFO  server.RaftServerConfigKeys (ConfUtils.java:logGet(46)) - raft.server.snapshot.auto.trigger.threshold = 10000 (custom)
2023-09-21 17:51:25,761 [21cefe31-b447-4cde-b371-f0af1d83a0ae-groupManagement] INFO  server.RaftServerConfigKeys (ConfUtils.java:logGet(46)) - raft.server.snapshot.retention.file.num = 5 (custom)
2023-09-21 17:51:25,761 [21cefe31-b447-4cde-b371-f0af1d83a0ae-groupManagement] INFO  server.RaftServerConfigKeys (ConfUtils.java:logGet(46)) - raft.server.log.purge.upto.snapshot.index = false (default)
2023-09-21 17:51:25,762 [21cefe31-b447-4cde-b371-f0af1d83a0ae@group-2D1511A1FDFB-FollowerState] INFO  server.RaftServerConfigKeys (ConfUtils.java:logFallback(53)) - raft.server.rpc.first-election.timeout.min = 5s (fallback to raft.server.rpc.timeout.min)
2023-09-21 17:51:25,762 [21cefe31-b447-4cde-b371-f0af1d83a0ae@group-2D1511A1FDFB-FollowerState] INFO  server.RaftServerConfigKeys (ConfUtils.java:logFallback(53)) - raft.server.rpc.first-election.timeout.max = 5200ms (fallback to raft.server.rpc.timeout.max)
2023-09-21 17:51:25,762 [PipelineCommandHandlerThread-0] INFO  ratis.XceiverServerRatis (XceiverServerRatis.java:addGroup(804)) - Created group PipelineID=2ad25144-9226-4704-bb1a-2d1511a1fdfb
2023-09-21 17:51:25,774 [grpc-default-executor-10] INFO  server.RaftServer (RaftServerProxy.java:addNew(98)) - 4cdc299f-4834-4fa6-8ba2-191990d4ad82: addNew group-2D1511A1FDFB:[21cefe31-b447-4cde-b371-f0af1d83a0ae|rpc:10.1.0.8:15067|admin:10.1.0.8:15066|client:10.1.0.8:15065|dataStream:10.1.0.8:15068|priority:1|startupRole:FOLLOWER, 4cdc299f-4834-4fa6-8ba2-191990d4ad82|rpc:10.1.0.8:15085|admin:10.1.0.8:15084|client:10.1.0.8:15083|dataStream:10.1.0.8:15086|priority:0|startupRole:FOLLOWER, 37083bac-0b78-4ab7-8270-b85e08b802dc|rpc:10.1.0.8:15076|admin:10.1.0.8:15075|client:10.1.0.8:15074|dataStream:10.1.0.8:15077|priority:0|startupRole:FOLLOWER] returns group-2D1511A1FDFB:java.util.concurrent.CompletableFuture@17d1c884[Not completed]
2023-09-21 17:51:25,775 [4cdc299f-4834-4fa6-8ba2-191990d4ad82-groupManagement] INFO  server.RaftServer$Division (RaftServerImpl.java:<init>(198)) - 4cdc299f-4834-4fa6-8ba2-191990d4ad82: new RaftServerImpl for group-2D1511A1FDFB:[21cefe31-b447-4cde-b371-f0af1d83a0ae|rpc:10.1.0.8:15067|admin:10.1.0.8:15066|client:10.1.0.8:15065|dataStream:10.1.0.8:15068|priority:1|startupRole:FOLLOWER, 4cdc299f-4834-4fa6-8ba2-191990d4ad82|rpc:10.1.0.8:15085|admin:10.1.0.8:15084|client:10.1.0.8:15083|dataStream:10.1.0.8:15086|priority:0|startupRole:FOLLOWER, 37083bac-0b78-4ab7-8270-b85e08b802dc|rpc:10.1.0.8:15076|admin:10.1.0.8:15075|client:10.1.0.8:15074|dataStream:10.1.0.8:15077|priority:0|startupRole:FOLLOWER] with ContainerStateMachine:uninitialized
2023-09-21 17:51:25,775 [4cdc299f-4834-4fa6-8ba2-191990d4ad82-groupManagement] INFO  server.RaftServerConfigKeys (ConfUtils.java:logGet(46)) - raft.server.rpc.timeout.min = 5s (custom)
2023-09-21 17:51:25,775 [4cdc299f-4834-4fa6-8ba2-191990d4ad82-groupManagement] INFO  server.RaftServerConfigKeys (ConfUtils.java:logGet(46)) - raft.server.rpc.timeout.max = 5200ms (custom)
2023-09-21 17:51:25,775 [4cdc299f-4834-4fa6-8ba2-191990d4ad82-groupManagement] INFO  server.RaftServerConfigKeys (ConfUtils.java:logGet(46)) - raft.server.rpc.sleep.time = 25ms (default)
2023-09-21 17:51:25,775 [4cdc299f-4834-4fa6-8ba2-191990d4ad82-groupManagement] INFO  server.RaftServerConfigKeys (ConfUtils.java:logGet(46)) - raft.server.rpc.slowness.timeout = 300s (custom)
2023-09-21 17:51:25,775 [4cdc299f-4834-4fa6-8ba2-191990d4ad82-groupManagement] INFO  server.RaftServerConfigKeys (ConfUtils.java:logGet(46)) - raft.server.leaderelection.leader.step-down.wait-time = 10s (default)
2023-09-21 17:51:25,775 [4cdc299f-4834-4fa6-8ba2-191990d4ad82-groupManagement] INFO  server.RaftServerConfigKeys (ConfUtils.java:logGet(46)) - raft.server.sleep.deviation.threshold = 300ms (default)
2023-09-21 17:51:25,775 [4cdc299f-4834-4fa6-8ba2-191990d4ad82-groupManagement] INFO  server.RaftServer$Division (ServerState.java:<init>(120)) - 4cdc299f-4834-4fa6-8ba2-191990d4ad82@group-2D1511A1FDFB: ConfigurationManager, init=-1: peers:[21cefe31-b447-4cde-b371-f0af1d83a0ae|rpc:10.1.0.8:15067|admin:10.1.0.8:15066|client:10.1.0.8:15065|dataStream:10.1.0.8:15068|priority:1|startupRole:FOLLOWER, 4cdc299f-4834-4fa6-8ba2-191990d4ad82|rpc:10.1.0.8:15085|admin:10.1.0.8:15084|client:10.1.0.8:15083|dataStream:10.1.0.8:15086|priority:0|startupRole:FOLLOWER, 37083bac-0b78-4ab7-8270-b85e08b802dc|rpc:10.1.0.8:15076|admin:10.1.0.8:15075|client:10.1.0.8:15074|dataStream:10.1.0.8:15077|priority:0|startupRole:FOLLOWER]|listeners:[], old=null, confs=<EMPTY_MAP>
2023-09-21 17:51:25,776 [4cdc299f-4834-4fa6-8ba2-191990d4ad82-groupManagement] INFO  server.RaftServerConfigKeys (ConfUtils.java:logGet(46)) - raft.server.storage.dir = [/home/runner/work/ozone/ozone/hadoop-ozone/integration-test/target/test-dir/MiniOzoneClusterImpl-04a8daa2-1161-4e20-9dee-837792427303/datanode-2/data/ratis] (custom)
2023-09-21 17:51:25,776 [4cdc299f-4834-4fa6-8ba2-191990d4ad82-groupManagement] INFO  server.RaftServerConfigKeys (ConfUtils.java:logGet(46)) - raft.server.log.corruption.policy = EXCEPTION (default)
2023-09-21 17:51:25,776 [4cdc299f-4834-4fa6-8ba2-191990d4ad82-groupManagement] INFO  server.RaftServerConfigKeys (ConfUtils.java:logGet(46)) - raft.server.storage.free-space.min = 0MB (=0) (default)
2023-09-21 17:51:25,776 [4cdc299f-4834-4fa6-8ba2-191990d4ad82-groupManagement] INFO  server.RaftServerConfigKeys (ConfUtils.java:logGet(46)) - raft.server.notification.no-leader.timeout = 300s (custom)
2023-09-21 17:51:25,776 [4cdc299f-4834-4fa6-8ba2-191990d4ad82-groupManagement] INFO  server.RaftServerConfigKeys (ConfUtils.java:logGet(46)) - raft.server.read.timeout = 10s (default)
2023-09-21 17:51:25,776 [4cdc299f-4834-4fa6-8ba2-191990d4ad82-groupManagement] INFO  server.RaftServerConfigKeys (ConfUtils.java:logGet(46)) - raft.server.retrycache.expirytime = 600000ms (custom)
2023-09-21 17:51:25,776 [4cdc299f-4834-4fa6-8ba2-191990d4ad82-groupManagement] INFO  server.RaftServerConfigKeys (ConfUtils.java:logGet(46)) - raft.server.retrycache.statistics.expirytime = 100μs (default)
2023-09-21 17:51:25,776 [4cdc299f-4834-4fa6-8ba2-191990d4ad82-groupManagement] INFO  server.RaftServerConfigKeys (ConfUtils.java:logGet(46)) - raft.server.read.option = DEFAULT (default)
2023-09-21 17:51:25,777 [4cdc299f-4834-4fa6-8ba2-191990d4ad82-groupManagement] INFO  server.RaftServerConfigKeys (ConfUtils.java:logGet(46)) - raft.server.rpc.request.timeout = 60s (custom)
2023-09-21 17:51:25,777 [4cdc299f-4834-4fa6-8ba2-191990d4ad82-groupManagement] INFO  server.RaftServerConfigKeys (ConfUtils.java:logGet(46)) - raft.server.log.appender.install.snapshot.enabled = false (custom)
2023-09-21 17:51:25,777 [4cdc299f-4834-4fa6-8ba2-191990d4ad82-groupManagement] INFO  server.RaftServerConfigKeys (ConfUtils.java:logGet(46)) - raft.server.threadpool.server.cached = true (default)
2023-09-21 17:51:25,777 [4cdc299f-4834-4fa6-8ba2-191990d4ad82-groupManagement] INFO  server.RaftServerConfigKeys (ConfUtils.java:logGet(46)) - raft.server.threadpool.server.size = 0 (default)
2023-09-21 17:51:25,777 [4cdc299f-4834-4fa6-8ba2-191990d4ad82-groupManagement] INFO  server.RaftServerConfigKeys (ConfUtils.java:logGet(46)) - raft.server.threadpool.client.cached = true (default)
2023-09-21 17:51:25,777 [4cdc299f-4834-4fa6-8ba2-191990d4ad82-groupManagement] INFO  server.RaftServerConfigKeys (ConfUtils.java:logGet(46)) - raft.server.threadpool.client.size = 0 (default)
2023-09-21 17:51:25,778 [4cdc299f-4834-4fa6-8ba2-191990d4ad82-groupManagement] INFO  storage.RaftStorageDirectory (RaftStorageDirectoryImpl.java:analyzeStorage(137)) - The storage directory /home/runner/work/ozone/ozone/hadoop-ozone/integration-test/target/test-dir/MiniOzoneClusterImpl-04a8daa2-1161-4e20-9dee-837792427303/datanode-2/data/ratis/2ad25144-9226-4704-bb1a-2d1511a1fdfb does not exist. Creating ...
2023-09-21 17:51:25,779 [4cdc299f-4834-4fa6-8ba2-191990d4ad82-groupManagement] INFO  storage.RaftStorageDirectory (RaftStorageDirectoryImpl.java:tryLock(231)) - Lock on /home/runner/work/ozone/ozone/hadoop-ozone/integration-test/target/test-dir/MiniOzoneClusterImpl-04a8daa2-1161-4e20-9dee-837792427303/datanode-2/data/ratis/2ad25144-9226-4704-bb1a-2d1511a1fdfb/in_use.lock acquired by nodename 19454@fv-az259-227
2023-09-21 17:51:25,781 [4cdc299f-4834-4fa6-8ba2-191990d4ad82-groupManagement] INFO  storage.RaftStorage (RaftStorageImpl.java:format(96)) - Storage directory /home/runner/work/ozone/ozone/hadoop-ozone/integration-test/target/test-dir/MiniOzoneClusterImpl-04a8daa2-1161-4e20-9dee-837792427303/datanode-2/data/ratis/2ad25144-9226-4704-bb1a-2d1511a1fdfb has been successfully formatted.
2023-09-21 17:51:25,784 [4cdc299f-4834-4fa6-8ba2-191990d4ad82-groupManagement] INFO  ratis.ContainerStateMachine (ContainerStateMachine.java:loadSnapshot(262)) - group-2D1511A1FDFB: The snapshot info is null. Setting the last applied indexto:(t:0, i:~)
2023-09-21 17:51:25,784 [4cdc299f-4834-4fa6-8ba2-191990d4ad82-groupManagement] INFO  server.RaftServerConfigKeys (ConfUtils.java:logGet(46)) - raft.server.log.use.memory = false (default)
2023-09-21 17:51:25,784 [4cdc299f-4834-4fa6-8ba2-191990d4ad82-groupManagement] INFO  server.RaftServerConfigKeys (ConfUtils.java:logGet(46)) - raft.server.log.purge.gap = 1000000 (custom)
2023-09-21 17:51:25,784 [4cdc299f-4834-4fa6-8ba2-191990d4ad82-groupManagement] INFO  server.RaftServerConfigKeys (ConfUtils.java:logGet(46)) - raft.server.log.appender.buffer.byte-limit = 33554432 (custom)
2023-09-21 17:51:25,784 [4cdc299f-4834-4fa6-8ba2-191990d4ad82-groupManagement] INFO  server.RaftServerConfigKeys (ConfUtils.java:logGet(46)) - raft.server.log.statemachine.data.read.timeout = 1000ms (default)
2023-09-21 17:51:25,784 [4cdc299f-4834-4fa6-8ba2-191990d4ad82-groupManagement] INFO  server.RaftServerConfigKeys (ConfUtils.java:logGet(46)) - raft.server.log.purge.preservation.log.num = 0 (default)
2023-09-21 17:51:25,784 [4cdc299f-4834-4fa6-8ba2-191990d4ad82-groupManagement] INFO  server.RaftServerConfigKeys (ConfUtils.java:logGet(46)) - raft.server.log.segment.size.max = 1048576 (custom)
2023-09-21 17:51:25,785 [4cdc299f-4834-4fa6-8ba2-191990d4ad82-groupManagement] INFO  server.RaftServerConfigKeys (ConfUtils.java:logGet(46)) - raft.server.log.segment.cache.num.max = 2 (custom)
2023-09-21 17:51:25,785 [4cdc299f-4834-4fa6-8ba2-191990d4ad82-groupManagement] INFO  server.RaftServerConfigKeys (ConfUtils.java:logGet(46)) - raft.server.log.segment.cache.size.max = 200MB (=209715200) (default)
2023-09-21 17:51:25,785 [4cdc299f-4834-4fa6-8ba2-191990d4ad82-groupManagement] INFO  server.RaftServerConfigKeys (ConfUtils.java:logGet(46)) - raft.server.log.appender.buffer.byte-limit = 33554432 (custom)
2023-09-21 17:51:25,785 [4cdc299f-4834-4fa6-8ba2-191990d4ad82-groupManagement] INFO  segmented.SegmentedRaftLogWorker (SegmentedRaftLogWorker.java:<init>(188)) - new 4cdc299f-4834-4fa6-8ba2-191990d4ad82@group-2D1511A1FDFB-SegmentedRaftLogWorker for RaftStorageImpl:Storage Directory /home/runner/work/ozone/ozone/hadoop-ozone/integration-test/target/test-dir/MiniOzoneClusterImpl-04a8daa2-1161-4e20-9dee-837792427303/datanode-2/data/ratis/2ad25144-9226-4704-bb1a-2d1511a1fdfb
2023-09-21 17:51:25,785 [4cdc299f-4834-4fa6-8ba2-191990d4ad82-groupManagement] INFO  server.RaftServerConfigKeys (ConfUtils.java:logGet(46)) - raft.server.log.queue.byte-limit = 4294967296 (custom)
2023-09-21 17:51:25,785 [4cdc299f-4834-4fa6-8ba2-191990d4ad82-groupManagement] INFO  server.RaftServerConfigKeys (ConfUtils.java:logGet(46)) - raft.server.log.queue.element-limit = 1024 (custom)
2023-09-21 17:51:25,785 [4cdc299f-4834-4fa6-8ba2-191990d4ad82-groupManagement] INFO  server.RaftServerConfigKeys (ConfUtils.java:logGet(46)) - raft.server.log.segment.size.max = 1048576 (custom)
2023-09-21 17:51:25,785 [4cdc299f-4834-4fa6-8ba2-191990d4ad82-groupManagement] INFO  server.RaftServerConfigKeys (ConfUtils.java:logGet(46)) - raft.server.log.preallocated.size = 16384 (custom)
2023-09-21 17:51:25,786 [4cdc299f-4834-4fa6-8ba2-191990d4ad82-groupManagement] INFO  server.RaftServerConfigKeys (ConfUtils.java:logGet(46)) - raft.server.log.force.sync.num = 128 (default)
2023-09-21 17:51:25,786 [4cdc299f-4834-4fa6-8ba2-191990d4ad82-groupManagement] INFO  server.RaftServerConfigKeys (ConfUtils.java:logGet(46)) - raft.server.log.statemachine.data.sync = true (default)
2023-09-21 17:51:25,786 [4cdc299f-4834-4fa6-8ba2-191990d4ad82-groupManagement] INFO  server.RaftServerConfigKeys (ConfUtils.java:logGet(46)) - raft.server.log.statemachine.data.sync.timeout = 10s (default)
2023-09-21 17:51:25,786 [4cdc299f-4834-4fa6-8ba2-191990d4ad82-groupManagement] INFO  server.RaftServerConfigKeys (ConfUtils.java:logGet(46)) - raft.server.log.statemachine.data.sync.timeout.retry = -1 (default)
2023-09-21 17:51:25,787 [4cdc299f-4834-4fa6-8ba2-191990d4ad82-groupManagement] INFO  server.RaftServerConfigKeys (ConfUtils.java:logGet(46)) - raft.server.log.write.buffer.size = 1048576 (custom)
2023-09-21 17:51:25,790 [4cdc299f-4834-4fa6-8ba2-191990d4ad82-groupManagement] INFO  server.RaftServerConfigKeys (ConfUtils.java:logGet(46)) - raft.server.log.appender.buffer.byte-limit = 33554432 (custom)
2023-09-21 17:51:25,797 [4cdc299f-4834-4fa6-8ba2-191990d4ad82-groupManagement] INFO  server.RaftServerConfigKeys (ConfUtils.java:logGet(46)) - raft.server.log.unsafe-flush.enabled = false (default)
2023-09-21 17:51:25,797 [4cdc299f-4834-4fa6-8ba2-191990d4ad82-groupManagement] INFO  server.RaftServerConfigKeys (ConfUtils.java:logGet(46)) - raft.server.log.async-flush.enabled = false (default)
2023-09-21 17:51:25,799 [4cdc299f-4834-4fa6-8ba2-191990d4ad82-groupManagement] INFO  server.RaftServerConfigKeys (ConfUtils.java:logGet(46)) - raft.server.log.statemachine.data.caching.enabled = true (custom)
2023-09-21 17:51:25,799 [4cdc299f-4834-4fa6-8ba2-191990d4ad82-groupManagement] INFO  segmented.SegmentedRaftLogWorker (SegmentedRaftLogWorker.java:lambda$new$0(135)) - 4cdc299f-4834-4fa6-8ba2-191990d4ad82@group-2D1511A1FDFB-SegmentedRaftLogWorker: flushIndex: setUnconditionally 0 -> -1
2023-09-21 17:51:25,799 [4cdc299f-4834-4fa6-8ba2-191990d4ad82-groupManagement] INFO  segmented.SegmentedRaftLogWorker (SegmentedRaftLogWorker.java:lambda$new$0(135)) - 4cdc299f-4834-4fa6-8ba2-191990d4ad82@group-2D1511A1FDFB-SegmentedRaftLogWorker: safeCacheEvictIndex: setUnconditionally 0 -> -1
2023-09-21 17:51:25,799 [4cdc299f-4834-4fa6-8ba2-191990d4ad82-groupManagement] INFO  server.RaftServer$Division (RaftServerImpl.java:start(342)) - 4cdc299f-4834-4fa6-8ba2-191990d4ad82@group-2D1511A1FDFB: start as a follower, conf=-1: peers:[21cefe31-b447-4cde-b371-f0af1d83a0ae|rpc:10.1.0.8:15067|admin:10.1.0.8:15066|client:10.1.0.8:15065|dataStream:10.1.0.8:15068|priority:1|startupRole:FOLLOWER, 4cdc299f-4834-4fa6-8ba2-191990d4ad82|rpc:10.1.0.8:15085|admin:10.1.0.8:15084|client:10.1.0.8:15083|dataStream:10.1.0.8:15086|priority:0|startupRole:FOLLOWER, 37083bac-0b78-4ab7-8270-b85e08b802dc|rpc:10.1.0.8:15076|admin:10.1.0.8:15075|client:10.1.0.8:15074|dataStream:10.1.0.8:15077|priority:0|startupRole:FOLLOWER]|listeners:[], old=null
2023-09-21 17:51:25,799 [4cdc299f-4834-4fa6-8ba2-191990d4ad82-groupManagement] INFO  server.RaftServer$Division (RaftServerImpl.java:setRole(329)) - 4cdc299f-4834-4fa6-8ba2-191990d4ad82@group-2D1511A1FDFB: changes role from      null to FOLLOWER at term 0 for startAsFollower
2023-09-21 17:51:25,799 [4cdc299f-4834-4fa6-8ba2-191990d4ad82-groupManagement] INFO  impl.RoleInfo (RoleInfo.java:updateAndGet(139)) - 4cdc299f-4834-4fa6-8ba2-191990d4ad82: start 4cdc299f-4834-4fa6-8ba2-191990d4ad82@group-2D1511A1FDFB-FollowerState
2023-09-21 17:51:25,801 [4cdc299f-4834-4fa6-8ba2-191990d4ad82-groupManagement] INFO  util.JmxRegister (JmxRegister.java:tryRegister(44)) - Successfully registered JMX Bean with object name Ratis:service=RaftServer,group=group-2D1511A1FDFB,id=4cdc299f-4834-4fa6-8ba2-191990d4ad82
2023-09-21 17:51:25,801 [4cdc299f-4834-4fa6-8ba2-191990d4ad82-groupManagement] INFO  server.RaftServerConfigKeys (ConfUtils.java:logGet(46)) - raft.server.snapshot.auto.trigger.enabled = true (custom)
2023-09-21 17:51:25,802 [4cdc299f-4834-4fa6-8ba2-191990d4ad82-groupManagement] INFO  server.RaftServerConfigKeys (ConfUtils.java:logGet(46)) - raft.server.snapshot.auto.trigger.threshold = 10000 (custom)
2023-09-21 17:51:25,802 [4cdc299f-4834-4fa6-8ba2-191990d4ad82-groupManagement] INFO  server.RaftServerConfigKeys (ConfUtils.java:logGet(46)) - raft.server.snapshot.retention.file.num = 5 (custom)
2023-09-21 17:51:25,802 [4cdc299f-4834-4fa6-8ba2-191990d4ad82-groupManagement] INFO  server.RaftServerConfigKeys (ConfUtils.java:logGet(46)) - raft.server.log.purge.upto.snapshot.index = false (default)
2023-09-21 17:51:25,803 [4cdc299f-4834-4fa6-8ba2-191990d4ad82@group-2D1511A1FDFB-FollowerState] INFO  server.RaftServerConfigKeys (ConfUtils.java:logFallback(53)) - raft.server.rpc.first-election.timeout.min = 5s (fallback to raft.server.rpc.timeout.min)
2023-09-21 17:51:25,803 [4cdc299f-4834-4fa6-8ba2-191990d4ad82@group-2D1511A1FDFB-FollowerState] INFO  server.RaftServerConfigKeys (ConfUtils.java:logFallback(53)) - raft.server.rpc.first-election.timeout.max = 5200ms (fallback to raft.server.rpc.timeout.max)
2023-09-21 17:51:25,829 [grpc-default-executor-10] INFO  server.RaftServer (RaftServerProxy.java:addNew(98)) - 37083bac-0b78-4ab7-8270-b85e08b802dc: addNew group-2D1511A1FDFB:[21cefe31-b447-4cde-b371-f0af1d83a0ae|rpc:10.1.0.8:15067|admin:10.1.0.8:15066|client:10.1.0.8:15065|dataStream:10.1.0.8:15068|priority:1|startupRole:FOLLOWER, 4cdc299f-4834-4fa6-8ba2-191990d4ad82|rpc:10.1.0.8:15085|admin:10.1.0.8:15084|client:10.1.0.8:15083|dataStream:10.1.0.8:15086|priority:0|startupRole:FOLLOWER, 37083bac-0b78-4ab7-8270-b85e08b802dc|rpc:10.1.0.8:15076|admin:10.1.0.8:15075|client:10.1.0.8:15074|dataStream:10.1.0.8:15077|priority:0|startupRole:FOLLOWER] returns group-2D1511A1FDFB:java.util.concurrent.CompletableFuture@37e73680[Not completed]
2023-09-21 17:51:25,831 [37083bac-0b78-4ab7-8270-b85e08b802dc-groupManagement] INFO  server.RaftServer$Division (RaftServerImpl.java:<init>(198)) - 37083bac-0b78-4ab7-8270-b85e08b802dc: new RaftServerImpl for group-2D1511A1FDFB:[21cefe31-b447-4cde-b371-f0af1d83a0ae|rpc:10.1.0.8:15067|admin:10.1.0.8:15066|client:10.1.0.8:15065|dataStream:10.1.0.8:15068|priority:1|startupRole:FOLLOWER, 4cdc299f-4834-4fa6-8ba2-191990d4ad82|rpc:10.1.0.8:15085|admin:10.1.0.8:15084|client:10.1.0.8:15083|dataStream:10.1.0.8:15086|priority:0|startupRole:FOLLOWER, 37083bac-0b78-4ab7-8270-b85e08b802dc|rpc:10.1.0.8:15076|admin:10.1.0.8:15075|client:10.1.0.8:15074|dataStream:10.1.0.8:15077|priority:0|startupRole:FOLLOWER] with ContainerStateMachine:uninitialized
2023-09-21 17:51:25,831 [37083bac-0b78-4ab7-8270-b85e08b802dc-groupManagement] INFO  server.RaftServerConfigKeys (ConfUtils.java:logGet(46)) - raft.server.rpc.timeout.min = 5s (custom)
2023-09-21 17:51:25,831 [37083bac-0b78-4ab7-8270-b85e08b802dc-groupManagement] INFO  server.RaftServerConfigKeys (ConfUtils.java:logGet(46)) - raft.server.rpc.timeout.max = 5200ms (custom)
2023-09-21 17:51:25,831 [37083bac-0b78-4ab7-8270-b85e08b802dc-groupManagement] INFO  server.RaftServerConfigKeys (ConfUtils.java:logGet(46)) - raft.server.rpc.sleep.time = 25ms (default)
2023-09-21 17:51:25,831 [37083bac-0b78-4ab7-8270-b85e08b802dc-groupManagement] INFO  server.RaftServerConfigKeys (ConfUtils.java:logGet(46)) - raft.server.rpc.slowness.timeout = 300s (custom)
2023-09-21 17:51:25,831 [37083bac-0b78-4ab7-8270-b85e08b802dc-groupManagement] INFO  server.RaftServerConfigKeys (ConfUtils.java:logGet(46)) - raft.server.leaderelection.leader.step-down.wait-time = 10s (default)
2023-09-21 17:51:25,831 [37083bac-0b78-4ab7-8270-b85e08b802dc-groupManagement] INFO  server.RaftServerConfigKeys (ConfUtils.java:logGet(46)) - raft.server.sleep.deviation.threshold = 300ms (default)
2023-09-21 17:51:25,831 [37083bac-0b78-4ab7-8270-b85e08b802dc-groupManagement] INFO  server.RaftServer$Division (ServerState.java:<init>(120)) - 37083bac-0b78-4ab7-8270-b85e08b802dc@group-2D1511A1FDFB: ConfigurationManager, init=-1: peers:[21cefe31-b447-4cde-b371-f0af1d83a0ae|rpc:10.1.0.8:15067|admin:10.1.0.8:15066|client:10.1.0.8:15065|dataStream:10.1.0.8:15068|priority:1|startupRole:FOLLOWER, 4cdc299f-4834-4fa6-8ba2-191990d4ad82|rpc:10.1.0.8:15085|admin:10.1.0.8:15084|client:10.1.0.8:15083|dataStream:10.1.0.8:15086|priority:0|startupRole:FOLLOWER, 37083bac-0b78-4ab7-8270-b85e08b802dc|rpc:10.1.0.8:15076|admin:10.1.0.8:15075|client:10.1.0.8:15074|dataStream:10.1.0.8:15077|priority:0|startupRole:FOLLOWER]|listeners:[], old=null, confs=<EMPTY_MAP>
2023-09-21 17:51:25,832 [37083bac-0b78-4ab7-8270-b85e08b802dc-groupManagement] INFO  server.RaftServerConfigKeys (ConfUtils.java:logGet(46)) - raft.server.storage.dir = [/home/runner/work/ozone/ozone/hadoop-ozone/integration-test/target/test-dir/MiniOzoneClusterImpl-04a8daa2-1161-4e20-9dee-837792427303/datanode-1/data/ratis] (custom)
2023-09-21 17:51:25,832 [37083bac-0b78-4ab7-8270-b85e08b802dc-groupManagement] INFO  server.RaftServerConfigKeys (ConfUtils.java:logGet(46)) - raft.server.log.corruption.policy = EXCEPTION (default)
2023-09-21 17:51:25,832 [37083bac-0b78-4ab7-8270-b85e08b802dc-groupManagement] INFO  server.RaftServerConfigKeys (ConfUtils.java:logGet(46)) - raft.server.storage.free-space.min = 0MB (=0) (default)
2023-09-21 17:51:25,832 [37083bac-0b78-4ab7-8270-b85e08b802dc-groupManagement] INFO  server.RaftServerConfigKeys (ConfUtils.java:logGet(46)) - raft.server.notification.no-leader.timeout = 300s (custom)
2023-09-21 17:51:25,832 [37083bac-0b78-4ab7-8270-b85e08b802dc-groupManagement] INFO  server.RaftServerConfigKeys (ConfUtils.java:logGet(46)) - raft.server.read.timeout = 10s (default)
2023-09-21 17:51:25,832 [37083bac-0b78-4ab7-8270-b85e08b802dc-groupManagement] INFO  server.RaftServerConfigKeys (ConfUtils.java:logGet(46)) - raft.server.retrycache.expirytime = 600000ms (custom)
2023-09-21 17:51:25,832 [37083bac-0b78-4ab7-8270-b85e08b802dc-groupManagement] INFO  server.RaftServerConfigKeys (ConfUtils.java:logGet(46)) - raft.server.retrycache.statistics.expirytime = 100μs (default)
2023-09-21 17:51:25,832 [37083bac-0b78-4ab7-8270-b85e08b802dc-groupManagement] INFO  server.RaftServerConfigKeys (ConfUtils.java:logGet(46)) - raft.server.read.option = DEFAULT (default)
2023-09-21 17:51:25,833 [37083bac-0b78-4ab7-8270-b85e08b802dc-groupManagement] INFO  server.RaftServerConfigKeys (ConfUtils.java:logGet(46)) - raft.server.rpc.request.timeout = 60s (custom)
2023-09-21 17:51:25,833 [37083bac-0b78-4ab7-8270-b85e08b802dc-groupManagement] INFO  server.RaftServerConfigKeys (ConfUtils.java:logGet(46)) - raft.server.log.appender.install.snapshot.enabled = false (custom)
2023-09-21 17:51:25,833 [37083bac-0b78-4ab7-8270-b85e08b802dc-groupManagement] INFO  server.RaftServerConfigKeys (ConfUtils.java:logGet(46)) - raft.server.threadpool.server.cached = true (default)
2023-09-21 17:51:25,833 [37083bac-0b78-4ab7-8270-b85e08b802dc-groupManagement] INFO  server.RaftServerConfigKeys (ConfUtils.java:logGet(46)) - raft.server.threadpool.server.size = 0 (default)
2023-09-21 17:51:25,833 [37083bac-0b78-4ab7-8270-b85e08b802dc-groupManagement] INFO  server.RaftServerConfigKeys (ConfUtils.java:logGet(46)) - raft.server.threadpool.client.cached = true (default)
2023-09-21 17:51:25,834 [37083bac-0b78-4ab7-8270-b85e08b802dc-groupManagement] INFO  server.RaftServerConfigKeys (ConfUtils.java:logGet(46)) - raft.server.threadpool.client.size = 0 (default)
2023-09-21 17:51:25,834 [37083bac-0b78-4ab7-8270-b85e08b802dc-groupManagement] INFO  storage.RaftStorageDirectory (RaftStorageDirectoryImpl.java:analyzeStorage(137)) - The storage directory /home/runner/work/ozone/ozone/hadoop-ozone/integration-test/target/test-dir/MiniOzoneClusterImpl-04a8daa2-1161-4e20-9dee-837792427303/datanode-1/data/ratis/2ad25144-9226-4704-bb1a-2d1511a1fdfb does not exist. Creating ...
2023-09-21 17:51:25,835 [37083bac-0b78-4ab7-8270-b85e08b802dc-groupManagement] INFO  storage.RaftStorageDirectory (RaftStorageDirectoryImpl.java:tryLock(231)) - Lock on /home/runner/work/ozone/ozone/hadoop-ozone/integration-test/target/test-dir/MiniOzoneClusterImpl-04a8daa2-1161-4e20-9dee-837792427303/datanode-1/data/ratis/2ad25144-9226-4704-bb1a-2d1511a1fdfb/in_use.lock acquired by nodename 19454@fv-az259-227
2023-09-21 17:51:25,837 [37083bac-0b78-4ab7-8270-b85e08b802dc-groupManagement] INFO  storage.RaftStorage (RaftStorageImpl.java:format(96)) - Storage directory /home/runner/work/ozone/ozone/hadoop-ozone/integration-test/target/test-dir/MiniOzoneClusterImpl-04a8daa2-1161-4e20-9dee-837792427303/datanode-1/data/ratis/2ad25144-9226-4704-bb1a-2d1511a1fdfb has been successfully formatted.
2023-09-21 17:51:25,839 [37083bac-0b78-4ab7-8270-b85e08b802dc-groupManagement] INFO  ratis.ContainerStateMachine (ContainerStateMachine.java:loadSnapshot(262)) - group-2D1511A1FDFB: The snapshot info is null. Setting the last applied indexto:(t:0, i:~)
2023-09-21 17:51:25,839 [37083bac-0b78-4ab7-8270-b85e08b802dc-groupManagement] INFO  server.RaftServerConfigKeys (ConfUtils.java:logGet(46)) - raft.server.log.use.memory = false (default)
2023-09-21 17:51:25,839 [37083bac-0b78-4ab7-8270-b85e08b802dc-groupManagement] INFO  server.RaftServerConfigKeys (ConfUtils.java:logGet(46)) - raft.server.log.purge.gap = 1000000 (custom)
2023-09-21 17:51:25,839 [37083bac-0b78-4ab7-8270-b85e08b802dc-groupManagement] INFO  server.RaftServerConfigKeys (ConfUtils.java:logGet(46)) - raft.server.log.appender.buffer.byte-limit = 33554432 (custom)
2023-09-21 17:51:25,839 [37083bac-0b78-4ab7-8270-b85e08b802dc-groupManagement] INFO  server.RaftServerConfigKeys (ConfUtils.java:logGet(46)) - raft.server.log.statemachine.data.read.timeout = 1000ms (default)
2023-09-21 17:51:25,840 [37083bac-0b78-4ab7-8270-b85e08b802dc-groupManagement] INFO  server.RaftServerConfigKeys (ConfUtils.java:logGet(46)) - raft.server.log.purge.preservation.log.num = 0 (default)
2023-09-21 17:51:25,840 [37083bac-0b78-4ab7-8270-b85e08b802dc-groupManagement] INFO  server.RaftServerConfigKeys (ConfUtils.java:logGet(46)) - raft.server.log.segment.size.max = 1048576 (custom)
2023-09-21 17:51:25,840 [37083bac-0b78-4ab7-8270-b85e08b802dc-groupManagement] INFO  server.RaftServerConfigKeys (ConfUtils.java:logGet(46)) - raft.server.log.segment.cache.num.max = 2 (custom)
2023-09-21 17:51:25,840 [37083bac-0b78-4ab7-8270-b85e08b802dc-groupManagement] INFO  server.RaftServerConfigKeys (ConfUtils.java:logGet(46)) - raft.server.log.segment.cache.size.max = 200MB (=209715200) (default)
2023-09-21 17:51:25,840 [37083bac-0b78-4ab7-8270-b85e08b802dc-groupManagement] INFO  server.RaftServerConfigKeys (ConfUtils.java:logGet(46)) - raft.server.log.appender.buffer.byte-limit = 33554432 (custom)
2023-09-21 17:51:25,840 [37083bac-0b78-4ab7-8270-b85e08b802dc-groupManagement] INFO  segmented.SegmentedRaftLogWorker (SegmentedRaftLogWorker.java:<init>(188)) - new 37083bac-0b78-4ab7-8270-b85e08b802dc@group-2D1511A1FDFB-SegmentedRaftLogWorker for RaftStorageImpl:Storage Directory /home/runner/work/ozone/ozone/hadoop-ozone/integration-test/target/test-dir/MiniOzoneClusterImpl-04a8daa2-1161-4e20-9dee-837792427303/datanode-1/data/ratis/2ad25144-9226-4704-bb1a-2d1511a1fdfb
2023-09-21 17:51:25,840 [37083bac-0b78-4ab7-8270-b85e08b802dc-groupManagement] INFO  server.RaftServerConfigKeys (ConfUtils.java:logGet(46)) - raft.server.log.queue.byte-limit = 4294967296 (custom)
2023-09-21 17:51:25,840 [37083bac-0b78-4ab7-8270-b85e08b802dc-groupManagement] INFO  server.RaftServerConfigKeys (ConfUtils.java:logGet(46)) - raft.server.log.queue.element-limit = 1024 (custom)
2023-09-21 17:51:25,841 [37083bac-0b78-4ab7-8270-b85e08b802dc-groupManagement] INFO  server.RaftServerConfigKeys (ConfUtils.java:logGet(46)) - raft.server.log.segment.size.max = 1048576 (custom)
2023-09-21 17:51:25,841 [37083bac-0b78-4ab7-8270-b85e08b802dc-groupManagement] INFO  server.RaftServerConfigKeys (ConfUtils.java:logGet(46)) - raft.server.log.preallocated.size = 16384 (custom)
2023-09-21 17:51:25,841 [37083bac-0b78-4ab7-8270-b85e08b802dc-groupManagement] INFO  server.RaftServerConfigKeys (ConfUtils.java:logGet(46)) - raft.server.log.force.sync.num = 128 (default)
2023-09-21 17:51:25,841 [37083bac-0b78-4ab7-8270-b85e08b802dc-groupManagement] INFO  server.RaftServerConfigKeys (ConfUtils.java:logGet(46)) - raft.server.log.statemachine.data.sync = true (default)
2023-09-21 17:51:25,841 [37083bac-0b78-4ab7-8270-b85e08b802dc-groupManagement] INFO  server.RaftServerConfigKeys (ConfUtils.java:logGet(46)) - raft.server.log.statemachine.data.sync.timeout = 10s (default)
2023-09-21 17:51:25,841 [37083bac-0b78-4ab7-8270-b85e08b802dc-groupManagement] INFO  server.RaftServerConfigKeys (ConfUtils.java:logGet(46)) - raft.server.log.statemachine.data.sync.timeout.retry = -1 (default)
2023-09-21 17:51:25,842 [37083bac-0b78-4ab7-8270-b85e08b802dc-groupManagement] INFO  server.RaftServerConfigKeys (ConfUtils.java:logGet(46)) - raft.server.log.write.buffer.size = 1048576 (custom)
2023-09-21 17:51:25,842 [37083bac-0b78-4ab7-8270-b85e08b802dc-groupManagement] INFO  server.RaftServerConfigKeys (ConfUtils.java:logGet(46)) - raft.server.log.appender.buffer.byte-limit = 33554432 (custom)
2023-09-21 17:51:25,849 [37083bac-0b78-4ab7-8270-b85e08b802dc-groupManagement] INFO  server.RaftServerConfigKeys (ConfUtils.java:logGet(46)) - raft.server.log.unsafe-flush.enabled = false (default)
2023-09-21 17:51:25,849 [37083bac-0b78-4ab7-8270-b85e08b802dc-groupManagement] INFO  server.RaftServerConfigKeys (ConfUtils.java:logGet(46)) - raft.server.log.async-flush.enabled = false (default)
2023-09-21 17:51:25,849 [37083bac-0b78-4ab7-8270-b85e08b802dc-groupManagement] INFO  server.RaftServerConfigKeys (ConfUtils.java:logGet(46)) - raft.server.log.statemachine.data.caching.enabled = true (custom)
2023-09-21 17:51:25,849 [37083bac-0b78-4ab7-8270-b85e08b802dc-groupManagement] INFO  segmented.SegmentedRaftLogWorker (SegmentedRaftLogWorker.java:lambda$new$0(135)) - 37083bac-0b78-4ab7-8270-b85e08b802dc@group-2D1511A1FDFB-SegmentedRaftLogWorker: flushIndex: setUnconditionally 0 -> -1
2023-09-21 17:51:25,849 [37083bac-0b78-4ab7-8270-b85e08b802dc-groupManagement] INFO  segmented.SegmentedRaftLogWorker (SegmentedRaftLogWorker.java:lambda$new$0(135)) - 37083bac-0b78-4ab7-8270-b85e08b802dc@group-2D1511A1FDFB-SegmentedRaftLogWorker: safeCacheEvictIndex: setUnconditionally 0 -> -1
2023-09-21 17:51:25,849 [37083bac-0b78-4ab7-8270-b85e08b802dc-groupManagement] INFO  server.RaftServer$Division (RaftServerImpl.java:start(342)) - 37083bac-0b78-4ab7-8270-b85e08b802dc@group-2D1511A1FDFB: start as a follower, conf=-1: peers:[21cefe31-b447-4cde-b371-f0af1d83a0ae|rpc:10.1.0.8:15067|admin:10.1.0.8:15066|client:10.1.0.8:15065|dataStream:10.1.0.8:15068|priority:1|startupRole:FOLLOWER, 4cdc299f-4834-4fa6-8ba2-191990d4ad82|rpc:10.1.0.8:15085|admin:10.1.0.8:15084|client:10.1.0.8:15083|dataStream:10.1.0.8:15086|priority:0|startupRole:FOLLOWER, 37083bac-0b78-4ab7-8270-b85e08b802dc|rpc:10.1.0.8:15076|admin:10.1.0.8:15075|client:10.1.0.8:15074|dataStream:10.1.0.8:15077|priority:0|startupRole:FOLLOWER]|listeners:[], old=null
2023-09-21 17:51:25,849 [37083bac-0b78-4ab7-8270-b85e08b802dc-groupManagement] INFO  server.RaftServer$Division (RaftServerImpl.java:setRole(329)) - 37083bac-0b78-4ab7-8270-b85e08b802dc@group-2D1511A1FDFB: changes role from      null to FOLLOWER at term 0 for startAsFollower
2023-09-21 17:51:25,849 [37083bac-0b78-4ab7-8270-b85e08b802dc-groupManagement] INFO  impl.RoleInfo (RoleInfo.java:updateAndGet(139)) - 37083bac-0b78-4ab7-8270-b85e08b802dc: start 37083bac-0b78-4ab7-8270-b85e08b802dc@group-2D1511A1FDFB-FollowerState
2023-09-21 17:51:25,850 [37083bac-0b78-4ab7-8270-b85e08b802dc@group-2D1511A1FDFB-FollowerState] INFO  server.RaftServerConfigKeys (ConfUtils.java:logFallback(53)) - raft.server.rpc.first-election.timeout.min = 5s (fallback to raft.server.rpc.timeout.min)
2023-09-21 17:51:25,850 [37083bac-0b78-4ab7-8270-b85e08b802dc@group-2D1511A1FDFB-FollowerState] INFO  server.RaftServerConfigKeys (ConfUtils.java:logFallback(53)) - raft.server.rpc.first-election.timeout.max = 5200ms (fallback to raft.server.rpc.timeout.max)
2023-09-21 17:51:25,850 [37083bac-0b78-4ab7-8270-b85e08b802dc-groupManagement] INFO  util.JmxRegister (JmxRegister.java:tryRegister(44)) - Successfully registered JMX Bean with object name Ratis:service=RaftServer,group=group-2D1511A1FDFB,id=37083bac-0b78-4ab7-8270-b85e08b802dc
2023-09-21 17:51:25,850 [37083bac-0b78-4ab7-8270-b85e08b802dc-groupManagement] INFO  server.RaftServerConfigKeys (ConfUtils.java:logGet(46)) - raft.server.snapshot.auto.trigger.enabled = true (custom)
2023-09-21 17:51:25,850 [37083bac-0b78-4ab7-8270-b85e08b802dc-groupManagement] INFO  server.RaftServerConfigKeys (ConfUtils.java:logGet(46)) - raft.server.snapshot.auto.trigger.threshold = 10000 (custom)
2023-09-21 17:51:25,850 [37083bac-0b78-4ab7-8270-b85e08b802dc-groupManagement] INFO  server.RaftServerConfigKeys (ConfUtils.java:logGet(46)) - raft.server.snapshot.retention.file.num = 5 (custom)
2023-09-21 17:51:25,850 [37083bac-0b78-4ab7-8270-b85e08b802dc-groupManagement] INFO  server.RaftServerConfigKeys (ConfUtils.java:logGet(46)) - raft.server.log.purge.upto.snapshot.index = false (default)
2023-09-21 17:51:25,864 [PipelineCommandHandlerThread-0] INFO  commandhandler.CreatePipelineCommandHandler (CreatePipelineCommandHandler.java:lambda$handle$2(124)) - Created Pipeline RATIS THREE PipelineID=2ad25144-9226-4704-bb1a-2d1511a1fdfb.
2023-09-21 17:51:25,882 [PipelineCommandHandlerThread-0] INFO  server.RaftServer (RaftServerProxy.java:addNew(98)) - 37083bac-0b78-4ab7-8270-b85e08b802dc: addNew group-A4D7B4F91E23:[37083bac-0b78-4ab7-8270-b85e08b802dc|rpc:10.1.0.8:15076|admin:10.1.0.8:15075|client:10.1.0.8:15074|dataStream:10.1.0.8:15077|priority:1|startupRole:FOLLOWER] returns group-A4D7B4F91E23:java.util.concurrent.CompletableFuture@6dead954[Not completed]
2023-09-21 17:51:25,883 [37083bac-0b78-4ab7-8270-b85e08b802dc-groupManagement] INFO  server.RaftServer$Division (RaftServerImpl.java:<init>(198)) - 37083bac-0b78-4ab7-8270-b85e08b802dc: new RaftServerImpl for group-A4D7B4F91E23:[37083bac-0b78-4ab7-8270-b85e08b802dc|rpc:10.1.0.8:15076|admin:10.1.0.8:15075|client:10.1.0.8:15074|dataStream:10.1.0.8:15077|priority:1|startupRole:FOLLOWER] with ContainerStateMachine:uninitialized
2023-09-21 17:51:25,884 [37083bac-0b78-4ab7-8270-b85e08b802dc-groupManagement] INFO  server.RaftServerConfigKeys (ConfUtils.java:logGet(46)) - raft.server.rpc.timeout.min = 5s (custom)
2023-09-21 17:51:25,884 [37083bac-0b78-4ab7-8270-b85e08b802dc-groupManagement] INFO  server.RaftServerConfigKeys (ConfUtils.java:logGet(46)) - raft.server.rpc.timeout.max = 5200ms (custom)
2023-09-21 17:51:25,884 [37083bac-0b78-4ab7-8270-b85e08b802dc-groupManagement] INFO  server.RaftServerConfigKeys (ConfUtils.java:logGet(46)) - raft.server.rpc.sleep.time = 25ms (default)
2023-09-21 17:51:25,884 [37083bac-0b78-4ab7-8270-b85e08b802dc-groupManagement] INFO  server.RaftServerConfigKeys (ConfUtils.java:logGet(46)) - raft.server.rpc.slowness.timeout = 300s (custom)
2023-09-21 17:51:25,884 [37083bac-0b78-4ab7-8270-b85e08b802dc-groupManagement] INFO  server.RaftServerConfigKeys (ConfUtils.java:logGet(46)) - raft.server.leaderelection.leader.step-down.wait-time = 10s (default)
2023-09-21 17:51:25,884 [37083bac-0b78-4ab7-8270-b85e08b802dc-groupManagement] INFO  server.RaftServerConfigKeys (ConfUtils.java:logGet(46)) - raft.server.sleep.deviation.threshold = 300ms (default)
2023-09-21 17:51:25,884 [37083bac-0b78-4ab7-8270-b85e08b802dc-groupManagement] INFO  server.RaftServer$Division (ServerState.java:<init>(120)) - 37083bac-0b78-4ab7-8270-b85e08b802dc@group-A4D7B4F91E23: ConfigurationManager, init=-1: peers:[37083bac-0b78-4ab7-8270-b85e08b802dc|rpc:10.1.0.8:15076|admin:10.1.0.8:15075|client:10.1.0.8:15074|dataStream:10.1.0.8:15077|priority:1|startupRole:FOLLOWER]|listeners:[], old=null, confs=<EMPTY_MAP>
2023-09-21 17:51:25,884 [37083bac-0b78-4ab7-8270-b85e08b802dc-groupManagement] INFO  server.RaftServerConfigKeys (ConfUtils.java:logGet(46)) - raft.server.storage.dir = [/home/runner/work/ozone/ozone/hadoop-ozone/integration-test/target/test-dir/MiniOzoneClusterImpl-04a8daa2-1161-4e20-9dee-837792427303/datanode-1/data/ratis] (custom)
2023-09-21 17:51:25,885 [37083bac-0b78-4ab7-8270-b85e08b802dc-groupManagement] INFO  server.RaftServerConfigKeys (ConfUtils.java:logGet(46)) - raft.server.log.corruption.policy = EXCEPTION (default)
2023-09-21 17:51:25,885 [37083bac-0b78-4ab7-8270-b85e08b802dc-groupManagement] INFO  server.RaftServerConfigKeys (ConfUtils.java:logGet(46)) - raft.server.storage.free-space.min = 0MB (=0) (default)
2023-09-21 17:51:25,885 [37083bac-0b78-4ab7-8270-b85e08b802dc-groupManagement] INFO  server.RaftServerConfigKeys (ConfUtils.java:logGet(46)) - raft.server.notification.no-leader.timeout = 300s (custom)
2023-09-21 17:51:25,885 [37083bac-0b78-4ab7-8270-b85e08b802dc-groupManagement] INFO  server.RaftServerConfigKeys (ConfUtils.java:logGet(46)) - raft.server.read.timeout = 10s (default)
2023-09-21 17:51:25,885 [37083bac-0b78-4ab7-8270-b85e08b802dc-groupManagement] INFO  server.RaftServerConfigKeys (ConfUtils.java:logGet(46)) - raft.server.retrycache.expirytime = 600000ms (custom)
2023-09-21 17:51:25,885 [37083bac-0b78-4ab7-8270-b85e08b802dc-groupManagement] INFO  server.RaftServerConfigKeys (ConfUtils.java:logGet(46)) - raft.server.retrycache.statistics.expirytime = 100μs (default)
2023-09-21 17:51:25,885 [37083bac-0b78-4ab7-8270-b85e08b802dc-groupManagement] INFO  server.RaftServerConfigKeys (ConfUtils.java:logGet(46)) - raft.server.read.option = DEFAULT (default)
2023-09-21 17:51:25,886 [37083bac-0b78-4ab7-8270-b85e08b802dc-groupManagement] INFO  server.RaftServerConfigKeys (ConfUtils.java:logGet(46)) - raft.server.rpc.request.timeout = 60s (custom)
2023-09-21 17:51:25,886 [37083bac-0b78-4ab7-8270-b85e08b802dc-groupManagement] INFO  server.RaftServerConfigKeys (ConfUtils.java:logGet(46)) - raft.server.log.appender.install.snapshot.enabled = false (custom)
2023-09-21 17:51:25,886 [37083bac-0b78-4ab7-8270-b85e08b802dc-groupManagement] INFO  server.RaftServerConfigKeys (ConfUtils.java:logGet(46)) - raft.server.threadpool.server.cached = true (default)
2023-09-21 17:51:25,886 [37083bac-0b78-4ab7-8270-b85e08b802dc-groupManagement] INFO  server.RaftServerConfigKeys (ConfUtils.java:logGet(46)) - raft.server.threadpool.server.size = 0 (default)
2023-09-21 17:51:25,886 [37083bac-0b78-4ab7-8270-b85e08b802dc-groupManagement] INFO  server.RaftServerConfigKeys (ConfUtils.java:logGet(46)) - raft.server.threadpool.client.cached = true (default)
2023-09-21 17:51:25,886 [37083bac-0b78-4ab7-8270-b85e08b802dc-groupManagement] INFO  server.RaftServerConfigKeys (ConfUtils.java:logGet(46)) - raft.server.threadpool.client.size = 0 (default)
2023-09-21 17:51:25,887 [37083bac-0b78-4ab7-8270-b85e08b802dc-groupManagement] INFO  storage.RaftStorageDirectory (RaftStorageDirectoryImpl.java:analyzeStorage(137)) - The storage directory /home/runner/work/ozone/ozone/hadoop-ozone/integration-test/target/test-dir/MiniOzoneClusterImpl-04a8daa2-1161-4e20-9dee-837792427303/datanode-1/data/ratis/101e793d-f176-48fd-89a7-a4d7b4f91e23 does not exist. Creating ...
2023-09-21 17:51:25,888 [37083bac-0b78-4ab7-8270-b85e08b802dc-groupManagement] INFO  storage.RaftStorageDirectory (RaftStorageDirectoryImpl.java:tryLock(231)) - Lock on /home/runner/work/ozone/ozone/hadoop-ozone/integration-test/target/test-dir/MiniOzoneClusterImpl-04a8daa2-1161-4e20-9dee-837792427303/datanode-1/data/ratis/101e793d-f176-48fd-89a7-a4d7b4f91e23/in_use.lock acquired by nodename 19454@fv-az259-227
2023-09-21 17:51:25,890 [37083bac-0b78-4ab7-8270-b85e08b802dc-groupManagement] INFO  storage.RaftStorage (RaftStorageImpl.java:format(96)) - Storage directory /home/runner/work/ozone/ozone/hadoop-ozone/integration-test/target/test-dir/MiniOzoneClusterImpl-04a8daa2-1161-4e20-9dee-837792427303/datanode-1/data/ratis/101e793d-f176-48fd-89a7-a4d7b4f91e23 has been successfully formatted.
2023-09-21 17:51:25,891 [37083bac-0b78-4ab7-8270-b85e08b802dc-groupManagement] INFO  ratis.ContainerStateMachine (ContainerStateMachine.java:loadSnapshot(262)) - group-A4D7B4F91E23: The snapshot info is null. Setting the last applied indexto:(t:0, i:~)
2023-09-21 17:51:25,891 [37083bac-0b78-4ab7-8270-b85e08b802dc-groupManagement] INFO  server.RaftServerConfigKeys (ConfUtils.java:logGet(46)) - raft.server.log.use.memory = false (default)
2023-09-21 17:51:25,891 [37083bac-0b78-4ab7-8270-b85e08b802dc-groupManagement] INFO  server.RaftServerConfigKeys (ConfUtils.java:logGet(46)) - raft.server.log.purge.gap = 1000000 (custom)
2023-09-21 17:51:25,891 [37083bac-0b78-4ab7-8270-b85e08b802dc-groupManagement] INFO  server.RaftServerConfigKeys (ConfUtils.java:logGet(46)) - raft.server.log.appender.buffer.byte-limit = 33554432 (custom)
2023-09-21 17:51:25,891 [37083bac-0b78-4ab7-8270-b85e08b802dc-groupManagement] INFO  server.RaftServerConfigKeys (ConfUtils.java:logGet(46)) - raft.server.log.statemachine.data.read.timeout = 1000ms (default)
2023-09-21 17:51:25,892 [37083bac-0b78-4ab7-8270-b85e08b802dc-groupManagement] INFO  server.RaftServerConfigKeys (ConfUtils.java:logGet(46)) - raft.server.log.purge.preservation.log.num = 0 (default)
2023-09-21 17:51:25,893 [EventQueue-PipelineReportForPipelineReportHandler] INFO  pipeline.PipelineReportHandler (PipelineReportHandler.java:processPipelineReport(136)) - Opened pipeline PipelineID=101e793d-f176-48fd-89a7-a4d7b4f91e23
2023-09-21 17:51:25,893 [EventQueue-OpenPipelineForHealthyPipelineSafeModeRule] INFO  safemode.SCMSafeModeManager (HealthyPipelineSafeModeRule.java:process(137)) - SCM in safe mode. Healthy pipelines reported count is 0, required healthy pipeline reported count is 1
2023-09-21 17:51:25,894 [37083bac-0b78-4ab7-8270-b85e08b802dc-groupManagement] INFO  server.RaftServerConfigKeys (ConfUtils.java:logGet(46)) - raft.server.log.segment.size.max = 1048576 (custom)
2023-09-21 17:51:25,894 [37083bac-0b78-4ab7-8270-b85e08b802dc-groupManagement] INFO  server.RaftServerConfigKeys (ConfUtils.java:logGet(46)) - raft.server.log.segment.cache.num.max = 2 (custom)
2023-09-21 17:51:25,894 [37083bac-0b78-4ab7-8270-b85e08b802dc-groupManagement] INFO  server.RaftServerConfigKeys (ConfUtils.java:logGet(46)) - raft.server.log.segment.cache.size.max = 200MB (=209715200) (default)
2023-09-21 17:51:25,895 [37083bac-0b78-4ab7-8270-b85e08b802dc-groupManagement] INFO  server.RaftServerConfigKeys (ConfUtils.java:logGet(46)) - raft.server.log.appender.buffer.byte-limit = 33554432 (custom)
2023-09-21 17:51:25,895 [37083bac-0b78-4ab7-8270-b85e08b802dc-groupManagement] INFO  segmented.SegmentedRaftLogWorker (SegmentedRaftLogWorker.java:<init>(188)) - new 37083bac-0b78-4ab7-8270-b85e08b802dc@group-A4D7B4F91E23-SegmentedRaftLogWorker for RaftStorageImpl:Storage Directory /home/runner/work/ozone/ozone/hadoop-ozone/integration-test/target/test-dir/MiniOzoneClusterImpl-04a8daa2-1161-4e20-9dee-837792427303/datanode-1/data/ratis/101e793d-f176-48fd-89a7-a4d7b4f91e23
2023-09-21 17:51:25,895 [37083bac-0b78-4ab7-8270-b85e08b802dc-groupManagement] INFO  server.RaftServerConfigKeys (ConfUtils.java:logGet(46)) - raft.server.log.queue.byte-limit = 4294967296 (custom)
2023-09-21 17:51:25,895 [37083bac-0b78-4ab7-8270-b85e08b802dc-groupManagement] INFO  server.RaftServerConfigKeys (ConfUtils.java:logGet(46)) - raft.server.log.queue.element-limit = 1024 (custom)
2023-09-21 17:51:25,895 [37083bac-0b78-4ab7-8270-b85e08b802dc-groupManagement] INFO  server.RaftServerConfigKeys (ConfUtils.java:logGet(46)) - raft.server.log.segment.size.max = 1048576 (custom)
2023-09-21 17:51:25,895 [37083bac-0b78-4ab7-8270-b85e08b802dc-groupManagement] INFO  server.RaftServerConfigKeys (ConfUtils.java:logGet(46)) - raft.server.log.preallocated.size = 16384 (custom)
2023-09-21 17:51:25,895 [37083bac-0b78-4ab7-8270-b85e08b802dc-groupManagement] INFO  server.RaftServerConfigKeys (ConfUtils.java:logGet(46)) - raft.server.log.force.sync.num = 128 (default)
2023-09-21 17:51:25,895 [37083bac-0b78-4ab7-8270-b85e08b802dc-groupManagement] INFO  server.RaftServerConfigKeys (ConfUtils.java:logGet(46)) - raft.server.log.statemachine.data.sync = true (default)
2023-09-21 17:51:25,896 [37083bac-0b78-4ab7-8270-b85e08b802dc-groupManagement] INFO  server.RaftServerConfigKeys (ConfUtils.java:logGet(46)) - raft.server.log.statemachine.data.sync.timeout = 10s (default)
2023-09-21 17:51:25,896 [37083bac-0b78-4ab7-8270-b85e08b802dc-groupManagement] INFO  server.RaftServerConfigKeys (ConfUtils.java:logGet(46)) - raft.server.log.statemachine.data.sync.timeout.retry = -1 (default)
2023-09-21 17:51:25,896 [37083bac-0b78-4ab7-8270-b85e08b802dc-groupManagement] INFO  server.RaftServerConfigKeys (ConfUtils.java:logGet(46)) - raft.server.log.write.buffer.size = 1048576 (custom)
2023-09-21 17:51:25,897 [37083bac-0b78-4ab7-8270-b85e08b802dc-groupManagement] INFO  server.RaftServerConfigKeys (ConfUtils.java:logGet(46)) - raft.server.log.appender.buffer.byte-limit = 33554432 (custom)
2023-09-21 17:51:25,905 [37083bac-0b78-4ab7-8270-b85e08b802dc-groupManagement] INFO  server.RaftServerConfigKeys (ConfUtils.java:logGet(46)) - raft.server.log.unsafe-flush.enabled = false (default)
2023-09-21 17:51:25,905 [37083bac-0b78-4ab7-8270-b85e08b802dc-groupManagement] INFO  server.RaftServerConfigKeys (ConfUtils.java:logGet(46)) - raft.server.log.async-flush.enabled = false (default)
2023-09-21 17:51:25,905 [37083bac-0b78-4ab7-8270-b85e08b802dc-groupManagement] INFO  server.RaftServerConfigKeys (ConfUtils.java:logGet(46)) - raft.server.log.statemachine.data.caching.enabled = true (custom)
2023-09-21 17:51:25,906 [37083bac-0b78-4ab7-8270-b85e08b802dc-groupManagement] INFO  segmented.SegmentedRaftLogWorker (SegmentedRaftLogWorker.java:lambda$new$0(135)) - 37083bac-0b78-4ab7-8270-b85e08b802dc@group-A4D7B4F91E23-SegmentedRaftLogWorker: flushIndex: setUnconditionally 0 -> -1
2023-09-21 17:51:25,906 [37083bac-0b78-4ab7-8270-b85e08b802dc-groupManagement] INFO  segmented.SegmentedRaftLogWorker (SegmentedRaftLogWorker.java:lambda$new$0(135)) - 37083bac-0b78-4ab7-8270-b85e08b802dc@group-A4D7B4F91E23-SegmentedRaftLogWorker: safeCacheEvictIndex: setUnconditionally 0 -> -1
2023-09-21 17:51:25,906 [37083bac-0b78-4ab7-8270-b85e08b802dc-groupManagement] INFO  server.RaftServer$Division (RaftServerImpl.java:start(342)) - 37083bac-0b78-4ab7-8270-b85e08b802dc@group-A4D7B4F91E23: start as a follower, conf=-1: peers:[37083bac-0b78-4ab7-8270-b85e08b802dc|rpc:10.1.0.8:15076|admin:10.1.0.8:15075|client:10.1.0.8:15074|dataStream:10.1.0.8:15077|priority:1|startupRole:FOLLOWER]|listeners:[], old=null
2023-09-21 17:51:25,906 [37083bac-0b78-4ab7-8270-b85e08b802dc-groupManagement] INFO  server.RaftServer$Division (RaftServerImpl.java:setRole(329)) - 37083bac-0b78-4ab7-8270-b85e08b802dc@group-A4D7B4F91E23: changes role from      null to FOLLOWER at term 0 for startAsFollower
2023-09-21 17:51:25,906 [37083bac-0b78-4ab7-8270-b85e08b802dc-groupManagement] INFO  impl.RoleInfo (RoleInfo.java:updateAndGet(139)) - 37083bac-0b78-4ab7-8270-b85e08b802dc: start 37083bac-0b78-4ab7-8270-b85e08b802dc@group-A4D7B4F91E23-FollowerState
2023-09-21 17:51:25,907 [37083bac-0b78-4ab7-8270-b85e08b802dc@group-A4D7B4F91E23-FollowerState] INFO  server.RaftServerConfigKeys (ConfUtils.java:logFallback(53)) - raft.server.rpc.first-election.timeout.min = 5s (fallback to raft.server.rpc.timeout.min)
2023-09-21 17:51:25,911 [37083bac-0b78-4ab7-8270-b85e08b802dc@group-A4D7B4F91E23-FollowerState] INFO  server.RaftServerConfigKeys (ConfUtils.java:logFallback(53)) - raft.server.rpc.first-election.timeout.max = 5200ms (fallback to raft.server.rpc.timeout.max)
2023-09-21 17:51:25,911 [37083bac-0b78-4ab7-8270-b85e08b802dc-groupManagement] INFO  util.JmxRegister (JmxRegister.java:tryRegister(44)) - Successfully registered JMX Bean with object name Ratis:service=RaftServer,group=group-A4D7B4F91E23,id=37083bac-0b78-4ab7-8270-b85e08b802dc
2023-09-21 17:51:25,911 [37083bac-0b78-4ab7-8270-b85e08b802dc-groupManagement] INFO  server.RaftServerConfigKeys (ConfUtils.java:logGet(46)) - raft.server.snapshot.auto.trigger.enabled = true (custom)
2023-09-21 17:51:25,911 [37083bac-0b78-4ab7-8270-b85e08b802dc-groupManagement] INFO  server.RaftServerConfigKeys (ConfUtils.java:logGet(46)) - raft.server.snapshot.auto.trigger.threshold = 10000 (custom)
2023-09-21 17:51:25,911 [37083bac-0b78-4ab7-8270-b85e08b802dc-groupManagement] INFO  server.RaftServerConfigKeys (ConfUtils.java:logGet(46)) - raft.server.snapshot.retention.file.num = 5 (custom)
2023-09-21 17:51:25,911 [37083bac-0b78-4ab7-8270-b85e08b802dc-groupManagement] INFO  server.RaftServerConfigKeys (ConfUtils.java:logGet(46)) - raft.server.log.purge.upto.snapshot.index = false (default)
2023-09-21 17:51:25,912 [PipelineCommandHandlerThread-0] INFO  ratis.XceiverServerRatis (XceiverServerRatis.java:addGroup(804)) - Created group PipelineID=101e793d-f176-48fd-89a7-a4d7b4f91e23
2023-09-21 17:51:25,912 [PipelineCommandHandlerThread-0] INFO  commandhandler.CreatePipelineCommandHandler (CreatePipelineCommandHandler.java:lambda$handle$2(124)) - Created Pipeline RATIS ONE PipelineID=101e793d-f176-48fd-89a7-a4d7b4f91e23.
2023-09-21 17:51:26,017 [main] INFO  ozone.MiniOzoneClusterImpl (MiniOzoneClusterImpl.java:lambda$waitForClusterToBeReady$0(229)) - Nodes are ready. Got 5 of 5 DN Heartbeats.
2023-09-21 17:51:26,017 [main] INFO  ozone.MiniOzoneClusterImpl (MiniOzoneClusterImpl.java:lambda$waitForClusterToBeReady$0(232)) - Waiting for cluster to exit safe mode
2023-09-21 17:51:26,017 [main] INFO  ozone.MiniOzoneClusterImpl (MiniOzoneClusterImpl.java:lambda$waitForClusterToBeReady$0(234)) - SCM became leader
2023-09-21 17:51:26,289 [PipelineCommandHandlerThread-0] INFO  server.RaftServer (RaftServerProxy.java:addNew(98)) - 4cdc299f-4834-4fa6-8ba2-191990d4ad82: addNew group-38CB0E9EB26E:[4cdc299f-4834-4fa6-8ba2-191990d4ad82|rpc:10.1.0.8:15085|admin:10.1.0.8:15084|client:10.1.0.8:15083|dataStream:10.1.0.8:15086|priority:1|startupRole:FOLLOWER] returns group-38CB0E9EB26E:java.util.concurrent.CompletableFuture@40d26773[Not completed]
2023-09-21 17:51:26,290 [4cdc299f-4834-4fa6-8ba2-191990d4ad82-groupManagement] INFO  server.RaftServer$Division (RaftServerImpl.java:<init>(198)) - 4cdc299f-4834-4fa6-8ba2-191990d4ad82: new RaftServerImpl for group-38CB0E9EB26E:[4cdc299f-4834-4fa6-8ba2-191990d4ad82|rpc:10.1.0.8:15085|admin:10.1.0.8:15084|client:10.1.0.8:15083|dataStream:10.1.0.8:15086|priority:1|startupRole:FOLLOWER] with ContainerStateMachine:uninitialized
2023-09-21 17:51:26,291 [4cdc299f-4834-4fa6-8ba2-191990d4ad82-groupManagement] INFO  server.RaftServerConfigKeys (ConfUtils.java:logGet(46)) - raft.server.rpc.timeout.min = 5s (custom)
2023-09-21 17:51:26,291 [4cdc299f-4834-4fa6-8ba2-191990d4ad82-groupManagement] INFO  server.RaftServerConfigKeys (ConfUtils.java:logGet(46)) - raft.server.rpc.timeout.max = 5200ms (custom)
2023-09-21 17:51:26,291 [4cdc299f-4834-4fa6-8ba2-191990d4ad82-groupManagement] INFO  server.RaftServerConfigKeys (ConfUtils.java:logGet(46)) - raft.server.rpc.sleep.time = 25ms (default)
2023-09-21 17:51:26,291 [4cdc299f-4834-4fa6-8ba2-191990d4ad82-groupManagement] INFO  server.RaftServerConfigKeys (ConfUtils.java:logGet(46)) - raft.server.rpc.slowness.timeout = 300s (custom)
2023-09-21 17:51:26,291 [4cdc299f-4834-4fa6-8ba2-191990d4ad82-groupManagement] INFO  server.RaftServerConfigKeys (ConfUtils.java:logGet(46)) - raft.server.leaderelection.leader.step-down.wait-time = 10s (default)
2023-09-21 17:51:26,291 [4cdc299f-4834-4fa6-8ba2-191990d4ad82-groupManagement] INFO  server.RaftServerConfigKeys (ConfUtils.java:logGet(46)) - raft.server.sleep.deviation.threshold = 300ms (default)
2023-09-21 17:51:26,291 [4cdc299f-4834-4fa6-8ba2-191990d4ad82-groupManagement] INFO  server.RaftServer$Division (ServerState.java:<init>(120)) - 4cdc299f-4834-4fa6-8ba2-191990d4ad82@group-38CB0E9EB26E: ConfigurationManager, init=-1: peers:[4cdc299f-4834-4fa6-8ba2-191990d4ad82|rpc:10.1.0.8:15085|admin:10.1.0.8:15084|client:10.1.0.8:15083|dataStream:10.1.0.8:15086|priority:1|startupRole:FOLLOWER]|listeners:[], old=null, confs=<EMPTY_MAP>
2023-09-21 17:51:26,293 [4cdc299f-4834-4fa6-8ba2-191990d4ad82-groupManagement] INFO  server.RaftServerConfigKeys (ConfUtils.java:logGet(46)) - raft.server.storage.dir = [/home/runner/work/ozone/ozone/hadoop-ozone/integration-test/target/test-dir/MiniOzoneClusterImpl-04a8daa2-1161-4e20-9dee-837792427303/datanode-2/data/ratis] (custom)
2023-09-21 17:51:26,293 [4cdc299f-4834-4fa6-8ba2-191990d4ad82-groupManagement] INFO  server.RaftServerConfigKeys (ConfUtils.java:logGet(46)) - raft.server.log.corruption.policy = EXCEPTION (default)
2023-09-21 17:51:26,294 [4cdc299f-4834-4fa6-8ba2-191990d4ad82-groupManagement] INFO  server.RaftServerConfigKeys (ConfUtils.java:logGet(46)) - raft.server.storage.free-space.min = 0MB (=0) (default)
2023-09-21 17:51:26,294 [4cdc299f-4834-4fa6-8ba2-191990d4ad82-groupManagement] INFO  server.RaftServerConfigKeys (ConfUtils.java:logGet(46)) - raft.server.notification.no-leader.timeout = 300s (custom)
2023-09-21 17:51:26,294 [4cdc299f-4834-4fa6-8ba2-191990d4ad82-groupManagement] INFO  server.RaftServerConfigKeys (ConfUtils.java:logGet(46)) - raft.server.read.timeout = 10s (default)
2023-09-21 17:51:26,294 [4cdc299f-4834-4fa6-8ba2-191990d4ad82-groupManagement] INFO  server.RaftServerConfigKeys (ConfUtils.java:logGet(46)) - raft.server.retrycache.expirytime = 600000ms (custom)
2023-09-21 17:51:26,294 [4cdc299f-4834-4fa6-8ba2-191990d4ad82-groupManagement] INFO  server.RaftServerConfigKeys (ConfUtils.java:logGet(46)) - raft.server.retrycache.statistics.expirytime = 100μs (default)
2023-09-21 17:51:26,294 [4cdc299f-4834-4fa6-8ba2-191990d4ad82-groupManagement] INFO  server.RaftServerConfigKeys (ConfUtils.java:logGet(46)) - raft.server.read.option = DEFAULT (default)
2023-09-21 17:51:26,295 [4cdc299f-4834-4fa6-8ba2-191990d4ad82-groupManagement] INFO  server.RaftServerConfigKeys (ConfUtils.java:logGet(46)) - raft.server.rpc.request.timeout = 60s (custom)
2023-09-21 17:51:26,295 [4cdc299f-4834-4fa6-8ba2-191990d4ad82-groupManagement] INFO  server.RaftServerConfigKeys (ConfUtils.java:logGet(46)) - raft.server.log.appender.install.snapshot.enabled = false (custom)
2023-09-21 17:51:26,295 [4cdc299f-4834-4fa6-8ba2-191990d4ad82-groupManagement] INFO  server.RaftServerConfigKeys (ConfUtils.java:logGet(46)) - raft.server.threadpool.server.cached = true (default)
2023-09-21 17:51:26,295 [4cdc299f-4834-4fa6-8ba2-191990d4ad82-groupManagement] INFO  server.RaftServerConfigKeys (ConfUtils.java:logGet(46)) - raft.server.threadpool.server.size = 0 (default)
2023-09-21 17:51:26,295 [4cdc299f-4834-4fa6-8ba2-191990d4ad82-groupManagement] INFO  server.RaftServerConfigKeys (ConfUtils.java:logGet(46)) - raft.server.threadpool.client.cached = true (default)
2023-09-21 17:51:26,295 [4cdc299f-4834-4fa6-8ba2-191990d4ad82-groupManagement] INFO  server.RaftServerConfigKeys (ConfUtils.java:logGet(46)) - raft.server.threadpool.client.size = 0 (default)
2023-09-21 17:51:26,295 [4cdc299f-4834-4fa6-8ba2-191990d4ad82-groupManagement] INFO  storage.RaftStorageDirectory (RaftStorageDirectoryImpl.java:analyzeStorage(137)) - The storage directory /home/runner/work/ozone/ozone/hadoop-ozone/integration-test/target/test-dir/MiniOzoneClusterImpl-04a8daa2-1161-4e20-9dee-837792427303/datanode-2/data/ratis/540ca271-5bbb-48e7-8720-38cb0e9eb26e does not exist. Creating ...
2023-09-21 17:51:26,297 [4cdc299f-4834-4fa6-8ba2-191990d4ad82-groupManagement] INFO  storage.RaftStorageDirectory (RaftStorageDirectoryImpl.java:tryLock(231)) - Lock on /home/runner/work/ozone/ozone/hadoop-ozone/integration-test/target/test-dir/MiniOzoneClusterImpl-04a8daa2-1161-4e20-9dee-837792427303/datanode-2/data/ratis/540ca271-5bbb-48e7-8720-38cb0e9eb26e/in_use.lock acquired by nodename 19454@fv-az259-227
2023-09-21 17:51:26,299 [4cdc299f-4834-4fa6-8ba2-191990d4ad82-groupManagement] INFO  storage.RaftStorage (RaftStorageImpl.java:format(96)) - Storage directory /home/runner/work/ozone/ozone/hadoop-ozone/integration-test/target/test-dir/MiniOzoneClusterImpl-04a8daa2-1161-4e20-9dee-837792427303/datanode-2/data/ratis/540ca271-5bbb-48e7-8720-38cb0e9eb26e has been successfully formatted.
2023-09-21 17:51:26,300 [4cdc299f-4834-4fa6-8ba2-191990d4ad82-groupManagement] INFO  ratis.ContainerStateMachine (ContainerStateMachine.java:loadSnapshot(262)) - group-38CB0E9EB26E: The snapshot info is null. Setting the last applied indexto:(t:0, i:~)
2023-09-21 17:51:26,300 [4cdc299f-4834-4fa6-8ba2-191990d4ad82-groupManagement] INFO  server.RaftServerConfigKeys (ConfUtils.java:logGet(46)) - raft.server.log.use.memory = false (default)
2023-09-21 17:51:26,300 [4cdc299f-4834-4fa6-8ba2-191990d4ad82-groupManagement] INFO  server.RaftServerConfigKeys (ConfUtils.java:logGet(46)) - raft.server.log.purge.gap = 1000000 (custom)
2023-09-21 17:51:26,300 [EventQueue-PipelineReportForPipelineReportHandler] INFO  pipeline.PipelineReportHandler (PipelineReportHandler.java:processPipelineReport(136)) - Opened pipeline PipelineID=540ca271-5bbb-48e7-8720-38cb0e9eb26e
2023-09-21 17:51:26,301 [EventQueue-OpenPipelineForHealthyPipelineSafeModeRule] INFO  safemode.SCMSafeModeManager (HealthyPipelineSafeModeRule.java:process(137)) - SCM in safe mode. Healthy pipelines reported count is 0, required healthy pipeline reported count is 1
2023-09-21 17:51:26,301 [4cdc299f-4834-4fa6-8ba2-191990d4ad82-groupManagement] INFO  server.RaftServerConfigKeys (ConfUtils.java:logGet(46)) - raft.server.log.appender.buffer.byte-limit = 33554432 (custom)
2023-09-21 17:51:26,301 [4cdc299f-4834-4fa6-8ba2-191990d4ad82-groupManagement] INFO  server.RaftServerConfigKeys (ConfUtils.java:logGet(46)) - raft.server.log.statemachine.data.read.timeout = 1000ms (default)
2023-09-21 17:51:26,301 [4cdc299f-4834-4fa6-8ba2-191990d4ad82-groupManagement] INFO  server.RaftServerConfigKeys (ConfUtils.java:logGet(46)) - raft.server.log.purge.preservation.log.num = 0 (default)
2023-09-21 17:51:26,301 [4cdc299f-4834-4fa6-8ba2-191990d4ad82-groupManagement] INFO  server.RaftServerConfigKeys (ConfUtils.java:logGet(46)) - raft.server.log.segment.size.max = 1048576 (custom)
2023-09-21 17:51:26,301 [4cdc299f-4834-4fa6-8ba2-191990d4ad82-groupManagement] INFO  server.RaftServerConfigKeys (ConfUtils.java:logGet(46)) - raft.server.log.segment.cache.num.max = 2 (custom)
2023-09-21 17:51:26,302 [4cdc299f-4834-4fa6-8ba2-191990d4ad82-groupManagement] INFO  server.RaftServerConfigKeys (ConfUtils.java:logGet(46)) - raft.server.log.segment.cache.size.max = 200MB (=209715200) (default)
2023-09-21 17:51:26,302 [4cdc299f-4834-4fa6-8ba2-191990d4ad82-groupManagement] INFO  server.RaftServerConfigKeys (ConfUtils.java:logGet(46)) - raft.server.log.appender.buffer.byte-limit = 33554432 (custom)
2023-09-21 17:51:26,302 [4cdc299f-4834-4fa6-8ba2-191990d4ad82-groupManagement] INFO  segmented.SegmentedRaftLogWorker (SegmentedRaftLogWorker.java:<init>(188)) - new 4cdc299f-4834-4fa6-8ba2-191990d4ad82@group-38CB0E9EB26E-SegmentedRaftLogWorker for RaftStorageImpl:Storage Directory /home/runner/work/ozone/ozone/hadoop-ozone/integration-test/target/test-dir/MiniOzoneClusterImpl-04a8daa2-1161-4e20-9dee-837792427303/datanode-2/data/ratis/540ca271-5bbb-48e7-8720-38cb0e9eb26e
2023-09-21 17:51:26,302 [4cdc299f-4834-4fa6-8ba2-191990d4ad82-groupManagement] INFO  server.RaftServerConfigKeys (ConfUtils.java:logGet(46)) - raft.server.log.queue.byte-limit = 4294967296 (custom)
2023-09-21 17:51:26,302 [4cdc299f-4834-4fa6-8ba2-191990d4ad82-groupManagement] INFO  server.RaftServerConfigKeys (ConfUtils.java:logGet(46)) - raft.server.log.queue.element-limit = 1024 (custom)
2023-09-21 17:51:26,302 [4cdc299f-4834-4fa6-8ba2-191990d4ad82-groupManagement] INFO  server.RaftServerConfigKeys (ConfUtils.java:logGet(46)) - raft.server.log.segment.size.max = 1048576 (custom)
2023-09-21 17:51:26,302 [4cdc299f-4834-4fa6-8ba2-191990d4ad82-groupManagement] INFO  server.RaftServerConfigKeys (ConfUtils.java:logGet(46)) - raft.server.log.preallocated.size = 16384 (custom)
2023-09-21 17:51:26,302 [4cdc299f-4834-4fa6-8ba2-191990d4ad82-groupManagement] INFO  server.RaftServerConfigKeys (ConfUtils.java:logGet(46)) - raft.server.log.force.sync.num = 128 (default)
2023-09-21 17:51:26,302 [4cdc299f-4834-4fa6-8ba2-191990d4ad82-groupManagement] INFO  server.RaftServerConfigKeys (ConfUtils.java:logGet(46)) - raft.server.log.statemachine.data.sync = true (default)
2023-09-21 17:51:26,302 [4cdc299f-4834-4fa6-8ba2-191990d4ad82-groupManagement] INFO  server.RaftServerConfigKeys (ConfUtils.java:logGet(46)) - raft.server.log.statemachine.data.sync.timeout = 10s (default)
2023-09-21 17:51:26,302 [4cdc299f-4834-4fa6-8ba2-191990d4ad82-groupManagement] INFO  server.RaftServerConfigKeys (ConfUtils.java:logGet(46)) - raft.server.log.statemachine.data.sync.timeout.retry = -1 (default)
2023-09-21 17:51:26,307 [4cdc299f-4834-4fa6-8ba2-191990d4ad82-groupManagement] INFO  server.RaftServerConfigKeys (ConfUtils.java:logGet(46)) - raft.server.log.write.buffer.size = 1048576 (custom)
2023-09-21 17:51:26,307 [4cdc299f-4834-4fa6-8ba2-191990d4ad82-groupManagement] INFO  server.RaftServerConfigKeys (ConfUtils.java:logGet(46)) - raft.server.log.appender.buffer.byte-limit = 33554432 (custom)
2023-09-21 17:51:26,314 [4cdc299f-4834-4fa6-8ba2-191990d4ad82-groupManagement] INFO  server.RaftServerConfigKeys (ConfUtils.java:logGet(46)) - raft.server.log.unsafe-flush.enabled = false (default)
2023-09-21 17:51:26,314 [4cdc299f-4834-4fa6-8ba2-191990d4ad82-groupManagement] INFO  server.RaftServerConfigKeys (ConfUtils.java:logGet(46)) - raft.server.log.async-flush.enabled = false (default)
2023-09-21 17:51:26,314 [4cdc299f-4834-4fa6-8ba2-191990d4ad82-groupManagement] INFO  server.RaftServerConfigKeys (ConfUtils.java:logGet(46)) - raft.server.log.statemachine.data.caching.enabled = true (custom)
2023-09-21 17:51:26,314 [4cdc299f-4834-4fa6-8ba2-191990d4ad82-groupManagement] INFO  segmented.SegmentedRaftLogWorker (SegmentedRaftLogWorker.java:lambda$new$0(135)) - 4cdc299f-4834-4fa6-8ba2-191990d4ad82@group-38CB0E9EB26E-SegmentedRaftLogWorker: flushIndex: setUnconditionally 0 -> -1
2023-09-21 17:51:26,314 [4cdc299f-4834-4fa6-8ba2-191990d4ad82-groupManagement] INFO  segmented.SegmentedRaftLogWorker (SegmentedRaftLogWorker.java:lambda$new$0(135)) - 4cdc299f-4834-4fa6-8ba2-191990d4ad82@group-38CB0E9EB26E-SegmentedRaftLogWorker: safeCacheEvictIndex: setUnconditionally 0 -> -1
2023-09-21 17:51:26,315 [4cdc299f-4834-4fa6-8ba2-191990d4ad82-groupManagement] INFO  server.RaftServer$Division (RaftServerImpl.java:start(342)) - 4cdc299f-4834-4fa6-8ba2-191990d4ad82@group-38CB0E9EB26E: start as a follower, conf=-1: peers:[4cdc299f-4834-4fa6-8ba2-191990d4ad82|rpc:10.1.0.8:15085|admin:10.1.0.8:15084|client:10.1.0.8:15083|dataStream:10.1.0.8:15086|priority:1|startupRole:FOLLOWER]|listeners:[], old=null
2023-09-21 17:51:26,315 [4cdc299f-4834-4fa6-8ba2-191990d4ad82-groupManagement] INFO  server.RaftServer$Division (RaftServerImpl.java:setRole(329)) - 4cdc299f-4834-4fa6-8ba2-191990d4ad82@group-38CB0E9EB26E: changes role from      null to FOLLOWER at term 0 for startAsFollower
2023-09-21 17:51:26,315 [4cdc299f-4834-4fa6-8ba2-191990d4ad82-groupManagement] INFO  impl.RoleInfo (RoleInfo.java:updateAndGet(139)) - 4cdc299f-4834-4fa6-8ba2-191990d4ad82: start 4cdc299f-4834-4fa6-8ba2-191990d4ad82@group-38CB0E9EB26E-FollowerState
2023-09-21 17:51:26,315 [4cdc299f-4834-4fa6-8ba2-191990d4ad82@group-38CB0E9EB26E-FollowerState] INFO  server.RaftServerConfigKeys (ConfUtils.java:logFallback(53)) - raft.server.rpc.first-election.timeout.min = 5s (fallback to raft.server.rpc.timeout.min)
2023-09-21 17:51:26,315 [4cdc299f-4834-4fa6-8ba2-191990d4ad82-groupManagement] INFO  util.JmxRegister (JmxRegister.java:tryRegister(44)) - Successfully registered JMX Bean with object name Ratis:service=RaftServer,group=group-38CB0E9EB26E,id=4cdc299f-4834-4fa6-8ba2-191990d4ad82
2023-09-21 17:51:26,315 [4cdc299f-4834-4fa6-8ba2-191990d4ad82@group-38CB0E9EB26E-FollowerState] INFO  server.RaftServerConfigKeys (ConfUtils.java:logFallback(53)) - raft.server.rpc.first-election.timeout.max = 5200ms (fallback to raft.server.rpc.timeout.max)
2023-09-21 17:51:26,316 [4cdc299f-4834-4fa6-8ba2-191990d4ad82-groupManagement] INFO  server.RaftServerConfigKeys (ConfUtils.java:logGet(46)) - raft.server.snapshot.auto.trigger.enabled = true (custom)
2023-09-21 17:51:26,323 [4cdc299f-4834-4fa6-8ba2-191990d4ad82-groupManagement] INFO  server.RaftServerConfigKeys (ConfUtils.java:logGet(46)) - raft.server.snapshot.auto.trigger.threshold = 10000 (custom)
2023-09-21 17:51:26,323 [4cdc299f-4834-4fa6-8ba2-191990d4ad82-groupManagement] INFO  server.RaftServerConfigKeys (ConfUtils.java:logGet(46)) - raft.server.snapshot.retention.file.num = 5 (custom)
2023-09-21 17:51:26,323 [4cdc299f-4834-4fa6-8ba2-191990d4ad82-groupManagement] INFO  server.RaftServerConfigKeys (ConfUtils.java:logGet(46)) - raft.server.log.purge.upto.snapshot.index = false (default)
2023-09-21 17:51:26,327 [PipelineCommandHandlerThread-0] INFO  ratis.XceiverServerRatis (XceiverServerRatis.java:addGroup(804)) - Created group PipelineID=540ca271-5bbb-48e7-8720-38cb0e9eb26e
2023-09-21 17:51:26,327 [PipelineCommandHandlerThread-0] INFO  commandhandler.CreatePipelineCommandHandler (CreatePipelineCommandHandler.java:lambda$handle$2(124)) - Created Pipeline RATIS ONE PipelineID=540ca271-5bbb-48e7-8720-38cb0e9eb26e.
2023-09-21 17:51:26,621 [PipelineCommandHandlerThread-0] INFO  server.RaftServer (RaftServerProxy.java:addNew(98)) - 01a5bd4e-669d-4aa9-9839-6c274a81602d: addNew group-952C94AC0D76:[01a5bd4e-669d-4aa9-9839-6c274a81602d|rpc:10.1.0.8:15094|admin:10.1.0.8:15093|client:10.1.0.8:15092|dataStream:10.1.0.8:15095|priority:1|startupRole:FOLLOWER] returns group-952C94AC0D76:java.util.concurrent.CompletableFuture@362310c5[Not completed]
2023-09-21 17:51:26,622 [01a5bd4e-669d-4aa9-9839-6c274a81602d-groupManagement] INFO  server.RaftServer$Division (RaftServerImpl.java:<init>(198)) - 01a5bd4e-669d-4aa9-9839-6c274a81602d: new RaftServerImpl for group-952C94AC0D76:[01a5bd4e-669d-4aa9-9839-6c274a81602d|rpc:10.1.0.8:15094|admin:10.1.0.8:15093|client:10.1.0.8:15092|dataStream:10.1.0.8:15095|priority:1|startupRole:FOLLOWER] with ContainerStateMachine:uninitialized
2023-09-21 17:51:26,622 [01a5bd4e-669d-4aa9-9839-6c274a81602d-groupManagement] INFO  server.RaftServerConfigKeys (ConfUtils.java:logGet(46)) - raft.server.rpc.timeout.min = 5s (custom)
2023-09-21 17:51:26,622 [01a5bd4e-669d-4aa9-9839-6c274a81602d-groupManagement] INFO  server.RaftServerConfigKeys (ConfUtils.java:logGet(46)) - raft.server.rpc.timeout.max = 5200ms (custom)
2023-09-21 17:51:26,622 [01a5bd4e-669d-4aa9-9839-6c274a81602d-groupManagement] INFO  server.RaftServerConfigKeys (ConfUtils.java:logGet(46)) - raft.server.rpc.sleep.time = 25ms (default)
2023-09-21 17:51:26,622 [01a5bd4e-669d-4aa9-9839-6c274a81602d-groupManagement] INFO  server.RaftServerConfigKeys (ConfUtils.java:logGet(46)) - raft.server.rpc.slowness.timeout = 300s (custom)
2023-09-21 17:51:26,622 [01a5bd4e-669d-4aa9-9839-6c274a81602d-groupManagement] INFO  server.RaftServerConfigKeys (ConfUtils.java:logGet(46)) - raft.server.leaderelection.leader.step-down.wait-time = 10s (default)
2023-09-21 17:51:26,622 [01a5bd4e-669d-4aa9-9839-6c274a81602d-groupManagement] INFO  server.RaftServerConfigKeys (ConfUtils.java:logGet(46)) - raft.server.sleep.deviation.threshold = 300ms (default)
2023-09-21 17:51:26,623 [01a5bd4e-669d-4aa9-9839-6c274a81602d-groupManagement] INFO  server.RaftServer$Division (ServerState.java:<init>(120)) - 01a5bd4e-669d-4aa9-9839-6c274a81602d@group-952C94AC0D76: ConfigurationManager, init=-1: peers:[01a5bd4e-669d-4aa9-9839-6c274a81602d|rpc:10.1.0.8:15094|admin:10.1.0.8:15093|client:10.1.0.8:15092|dataStream:10.1.0.8:15095|priority:1|startupRole:FOLLOWER]|listeners:[], old=null, confs=<EMPTY_MAP>
2023-09-21 17:51:26,623 [01a5bd4e-669d-4aa9-9839-6c274a81602d-groupManagement] INFO  server.RaftServerConfigKeys (ConfUtils.java:logGet(46)) - raft.server.storage.dir = [/home/runner/work/ozone/ozone/hadoop-ozone/integration-test/target/test-dir/MiniOzoneClusterImpl-04a8daa2-1161-4e20-9dee-837792427303/datanode-3/data/ratis] (custom)
2023-09-21 17:51:26,623 [01a5bd4e-669d-4aa9-9839-6c274a81602d-groupManagement] INFO  server.RaftServerConfigKeys (ConfUtils.java:logGet(46)) - raft.server.log.corruption.policy = EXCEPTION (default)
2023-09-21 17:51:26,623 [01a5bd4e-669d-4aa9-9839-6c274a81602d-groupManagement] INFO  server.RaftServerConfigKeys (ConfUtils.java:logGet(46)) - raft.server.storage.free-space.min = 0MB (=0) (default)
2023-09-21 17:51:26,623 [01a5bd4e-669d-4aa9-9839-6c274a81602d-groupManagement] INFO  server.RaftServerConfigKeys (ConfUtils.java:logGet(46)) - raft.server.notification.no-leader.timeout = 300s (custom)
2023-09-21 17:51:26,623 [01a5bd4e-669d-4aa9-9839-6c274a81602d-groupManagement] INFO  server.RaftServerConfigKeys (ConfUtils.java:logGet(46)) - raft.server.read.timeout = 10s (default)
2023-09-21 17:51:26,623 [01a5bd4e-669d-4aa9-9839-6c274a81602d-groupManagement] INFO  server.RaftServerConfigKeys (ConfUtils.java:logGet(46)) - raft.server.retrycache.expirytime = 600000ms (custom)
2023-09-21 17:51:26,624 [01a5bd4e-669d-4aa9-9839-6c274a81602d-groupManagement] INFO  server.RaftServerConfigKeys (ConfUtils.java:logGet(46)) - raft.server.retrycache.statistics.expirytime = 100μs (default)
2023-09-21 17:51:26,624 [01a5bd4e-669d-4aa9-9839-6c274a81602d-groupManagement] INFO  server.RaftServerConfigKeys (ConfUtils.java:logGet(46)) - raft.server.read.option = DEFAULT (default)
2023-09-21 17:51:26,627 [01a5bd4e-669d-4aa9-9839-6c274a81602d-groupManagement] INFO  server.RaftServerConfigKeys (ConfUtils.java:logGet(46)) - raft.server.rpc.request.timeout = 60s (custom)
2023-09-21 17:51:26,627 [01a5bd4e-669d-4aa9-9839-6c274a81602d-groupManagement] INFO  server.RaftServerConfigKeys (ConfUtils.java:logGet(46)) - raft.server.log.appender.install.snapshot.enabled = false (custom)
2023-09-21 17:51:26,627 [01a5bd4e-669d-4aa9-9839-6c274a81602d-groupManagement] INFO  server.RaftServerConfigKeys (ConfUtils.java:logGet(46)) - raft.server.threadpool.server.cached = true (default)
2023-09-21 17:51:26,627 [01a5bd4e-669d-4aa9-9839-6c274a81602d-groupManagement] INFO  server.RaftServerConfigKeys (ConfUtils.java:logGet(46)) - raft.server.threadpool.server.size = 0 (default)
2023-09-21 17:51:26,627 [01a5bd4e-669d-4aa9-9839-6c274a81602d-groupManagement] INFO  server.RaftServerConfigKeys (ConfUtils.java:logGet(46)) - raft.server.threadpool.client.cached = true (default)
2023-09-21 17:51:26,627 [01a5bd4e-669d-4aa9-9839-6c274a81602d-groupManagement] INFO  server.RaftServerConfigKeys (ConfUtils.java:logGet(46)) - raft.server.threadpool.client.size = 0 (default)
2023-09-21 17:51:26,627 [01a5bd4e-669d-4aa9-9839-6c274a81602d-groupManagement] INFO  storage.RaftStorageDirectory (RaftStorageDirectoryImpl.java:analyzeStorage(137)) - The storage directory /home/runner/work/ozone/ozone/hadoop-ozone/integration-test/target/test-dir/MiniOzoneClusterImpl-04a8daa2-1161-4e20-9dee-837792427303/datanode-3/data/ratis/33e9e080-0353-461d-b1e6-952c94ac0d76 does not exist. Creating ...
2023-09-21 17:51:26,629 [01a5bd4e-669d-4aa9-9839-6c274a81602d-groupManagement] INFO  storage.RaftStorageDirectory (RaftStorageDirectoryImpl.java:tryLock(231)) - Lock on /home/runner/work/ozone/ozone/hadoop-ozone/integration-test/target/test-dir/MiniOzoneClusterImpl-04a8daa2-1161-4e20-9dee-837792427303/datanode-3/data/ratis/33e9e080-0353-461d-b1e6-952c94ac0d76/in_use.lock acquired by nodename 19454@fv-az259-227
2023-09-21 17:51:26,631 [01a5bd4e-669d-4aa9-9839-6c274a81602d-groupManagement] INFO  storage.RaftStorage (RaftStorageImpl.java:format(96)) - Storage directory /home/runner/work/ozone/ozone/hadoop-ozone/integration-test/target/test-dir/MiniOzoneClusterImpl-04a8daa2-1161-4e20-9dee-837792427303/datanode-3/data/ratis/33e9e080-0353-461d-b1e6-952c94ac0d76 has been successfully formatted.
2023-09-21 17:51:26,632 [01a5bd4e-669d-4aa9-9839-6c274a81602d-groupManagement] INFO  ratis.ContainerStateMachine (ContainerStateMachine.java:loadSnapshot(262)) - group-952C94AC0D76: The snapshot info is null. Setting the last applied indexto:(t:0, i:~)
2023-09-21 17:51:26,632 [01a5bd4e-669d-4aa9-9839-6c274a81602d-groupManagement] INFO  server.RaftServerConfigKeys (ConfUtils.java:logGet(46)) - raft.server.log.use.memory = false (default)
2023-09-21 17:51:26,632 [01a5bd4e-669d-4aa9-9839-6c274a81602d-groupManagement] INFO  server.RaftServerConfigKeys (ConfUtils.java:logGet(46)) - raft.server.log.purge.gap = 1000000 (custom)
2023-09-21 17:51:26,633 [01a5bd4e-669d-4aa9-9839-6c274a81602d-groupManagement] INFO  server.RaftServerConfigKeys (ConfUtils.java:logGet(46)) - raft.server.log.appender.buffer.byte-limit = 33554432 (custom)
2023-09-21 17:51:26,633 [01a5bd4e-669d-4aa9-9839-6c274a81602d-groupManagement] INFO  server.RaftServerConfigKeys (ConfUtils.java:logGet(46)) - raft.server.log.statemachine.data.read.timeout = 1000ms (default)
2023-09-21 17:51:26,633 [EventQueue-PipelineReportForPipelineReportHandler] INFO  pipeline.PipelineReportHandler (PipelineReportHandler.java:processPipelineReport(136)) - Opened pipeline PipelineID=33e9e080-0353-461d-b1e6-952c94ac0d76
2023-09-21 17:51:26,637 [01a5bd4e-669d-4aa9-9839-6c274a81602d-groupManagement] INFO  server.RaftServerConfigKeys (ConfUtils.java:logGet(46)) - raft.server.log.purge.preservation.log.num = 0 (default)
2023-09-21 17:51:26,637 [EventQueue-OpenPipelineForHealthyPipelineSafeModeRule] INFO  safemode.SCMSafeModeManager (HealthyPipelineSafeModeRule.java:process(137)) - SCM in safe mode. Healthy pipelines reported count is 0, required healthy pipeline reported count is 1
2023-09-21 17:51:26,637 [01a5bd4e-669d-4aa9-9839-6c274a81602d-groupManagement] INFO  server.RaftServerConfigKeys (ConfUtils.java:logGet(46)) - raft.server.log.segment.size.max = 1048576 (custom)
2023-09-21 17:51:26,638 [01a5bd4e-669d-4aa9-9839-6c274a81602d-groupManagement] INFO  server.RaftServerConfigKeys (ConfUtils.java:logGet(46)) - raft.server.log.segment.cache.num.max = 2 (custom)
2023-09-21 17:51:26,638 [01a5bd4e-669d-4aa9-9839-6c274a81602d-groupManagement] INFO  server.RaftServerConfigKeys (ConfUtils.java:logGet(46)) - raft.server.log.segment.cache.size.max = 200MB (=209715200) (default)
2023-09-21 17:51:26,638 [01a5bd4e-669d-4aa9-9839-6c274a81602d-groupManagement] INFO  server.RaftServerConfigKeys (ConfUtils.java:logGet(46)) - raft.server.log.appender.buffer.byte-limit = 33554432 (custom)
2023-09-21 17:51:26,638 [01a5bd4e-669d-4aa9-9839-6c274a81602d-groupManagement] INFO  segmented.SegmentedRaftLogWorker (SegmentedRaftLogWorker.java:<init>(188)) - new 01a5bd4e-669d-4aa9-9839-6c274a81602d@group-952C94AC0D76-SegmentedRaftLogWorker for RaftStorageImpl:Storage Directory /home/runner/work/ozone/ozone/hadoop-ozone/integration-test/target/test-dir/MiniOzoneClusterImpl-04a8daa2-1161-4e20-9dee-837792427303/datanode-3/data/ratis/33e9e080-0353-461d-b1e6-952c94ac0d76
2023-09-21 17:51:26,638 [01a5bd4e-669d-4aa9-9839-6c274a81602d-groupManagement] INFO  server.RaftServerConfigKeys (ConfUtils.java:logGet(46)) - raft.server.log.queue.byte-limit = 4294967296 (custom)
2023-09-21 17:51:26,638 [01a5bd4e-669d-4aa9-9839-6c274a81602d-groupManagement] INFO  server.RaftServerConfigKeys (ConfUtils.java:logGet(46)) - raft.server.log.queue.element-limit = 1024 (custom)
2023-09-21 17:51:26,638 [01a5bd4e-669d-4aa9-9839-6c274a81602d-groupManagement] INFO  server.RaftServerConfigKeys (ConfUtils.java:logGet(46)) - raft.server.log.segment.size.max = 1048576 (custom)
2023-09-21 17:51:26,638 [01a5bd4e-669d-4aa9-9839-6c274a81602d-groupManagement] INFO  server.RaftServerConfigKeys (ConfUtils.java:logGet(46)) - raft.server.log.preallocated.size = 16384 (custom)
2023-09-21 17:51:26,638 [01a5bd4e-669d-4aa9-9839-6c274a81602d-groupManagement] INFO  server.RaftServerConfigKeys (ConfUtils.java:logGet(46)) - raft.server.log.force.sync.num = 128 (default)
2023-09-21 17:51:26,638 [01a5bd4e-669d-4aa9-9839-6c274a81602d-groupManagement] INFO  server.RaftServerConfigKeys (ConfUtils.java:logGet(46)) - raft.server.log.statemachine.data.sync = true (default)
2023-09-21 17:51:26,638 [01a5bd4e-669d-4aa9-9839-6c274a81602d-groupManagement] INFO  server.RaftServerConfigKeys (ConfUtils.java:logGet(46)) - raft.server.log.statemachine.data.sync.timeout = 10s (default)
2023-09-21 17:51:26,640 [01a5bd4e-669d-4aa9-9839-6c274a81602d-groupManagement] INFO  server.RaftServerConfigKeys (ConfUtils.java:logGet(46)) - raft.server.log.statemachine.data.sync.timeout.retry = -1 (default)
2023-09-21 17:51:26,641 [01a5bd4e-669d-4aa9-9839-6c274a81602d-groupManagement] INFO  server.RaftServerConfigKeys (ConfUtils.java:logGet(46)) - raft.server.log.write.buffer.size = 1048576 (custom)
2023-09-21 17:51:26,645 [01a5bd4e-669d-4aa9-9839-6c274a81602d-groupManagement] INFO  server.RaftServerConfigKeys (ConfUtils.java:logGet(46)) - raft.server.log.appender.buffer.byte-limit = 33554432 (custom)
2023-09-21 17:51:26,653 [01a5bd4e-669d-4aa9-9839-6c274a81602d-groupManagement] INFO  server.RaftServerConfigKeys (ConfUtils.java:logGet(46)) - raft.server.log.unsafe-flush.enabled = false (default)
2023-09-21 17:51:26,654 [01a5bd4e-669d-4aa9-9839-6c274a81602d-groupManagement] INFO  server.RaftServerConfigKeys (ConfUtils.java:logGet(46)) - raft.server.log.async-flush.enabled = false (default)
2023-09-21 17:51:26,654 [01a5bd4e-669d-4aa9-9839-6c274a81602d-groupManagement] INFO  server.RaftServerConfigKeys (ConfUtils.java:logGet(46)) - raft.server.log.statemachine.data.caching.enabled = true (custom)
2023-09-21 17:51:26,654 [01a5bd4e-669d-4aa9-9839-6c274a81602d-groupManagement] INFO  segmented.SegmentedRaftLogWorker (SegmentedRaftLogWorker.java:lambda$new$0(135)) - 01a5bd4e-669d-4aa9-9839-6c274a81602d@group-952C94AC0D76-SegmentedRaftLogWorker: flushIndex: setUnconditionally 0 -> -1
2023-09-21 17:51:26,654 [01a5bd4e-669d-4aa9-9839-6c274a81602d-groupManagement] INFO  segmented.SegmentedRaftLogWorker (SegmentedRaftLogWorker.java:lambda$new$0(135)) - 01a5bd4e-669d-4aa9-9839-6c274a81602d@group-952C94AC0D76-SegmentedRaftLogWorker: safeCacheEvictIndex: setUnconditionally 0 -> -1
2023-09-21 17:51:26,657 [01a5bd4e-669d-4aa9-9839-6c274a81602d-groupManagement] INFO  server.RaftServer$Division (RaftServerImpl.java:start(342)) - 01a5bd4e-669d-4aa9-9839-6c274a81602d@group-952C94AC0D76: start as a follower, conf=-1: peers:[01a5bd4e-669d-4aa9-9839-6c274a81602d|rpc:10.1.0.8:15094|admin:10.1.0.8:15093|client:10.1.0.8:15092|dataStream:10.1.0.8:15095|priority:1|startupRole:FOLLOWER]|listeners:[], old=null
2023-09-21 17:51:26,657 [01a5bd4e-669d-4aa9-9839-6c274a81602d-groupManagement] INFO  server.RaftServer$Division (RaftServerImpl.java:setRole(329)) - 01a5bd4e-669d-4aa9-9839-6c274a81602d@group-952C94AC0D76: changes role from      null to FOLLOWER at term 0 for startAsFollower
2023-09-21 17:51:26,658 [01a5bd4e-669d-4aa9-9839-6c274a81602d-groupManagement] INFO  impl.RoleInfo (RoleInfo.java:updateAndGet(139)) - 01a5bd4e-669d-4aa9-9839-6c274a81602d: start 01a5bd4e-669d-4aa9-9839-6c274a81602d@group-952C94AC0D76-FollowerState
2023-09-21 17:51:26,664 [01a5bd4e-669d-4aa9-9839-6c274a81602d@group-952C94AC0D76-FollowerState] INFO  server.RaftServerConfigKeys (ConfUtils.java:logFallback(53)) - raft.server.rpc.first-election.timeout.min = 5s (fallback to raft.server.rpc.timeout.min)
2023-09-21 17:51:26,664 [01a5bd4e-669d-4aa9-9839-6c274a81602d-groupManagement] INFO  util.JmxRegister (JmxRegister.java:tryRegister(44)) - Successfully registered JMX Bean with object name Ratis:service=RaftServer,group=group-952C94AC0D76,id=01a5bd4e-669d-4aa9-9839-6c274a81602d
2023-09-21 17:51:26,665 [01a5bd4e-669d-4aa9-9839-6c274a81602d@group-952C94AC0D76-FollowerState] INFO  server.RaftServerConfigKeys (ConfUtils.java:logFallback(53)) - raft.server.rpc.first-election.timeout.max = 5200ms (fallback to raft.server.rpc.timeout.max)
2023-09-21 17:51:26,665 [01a5bd4e-669d-4aa9-9839-6c274a81602d-groupManagement] INFO  server.RaftServerConfigKeys (ConfUtils.java:logGet(46)) - raft.server.snapshot.auto.trigger.enabled = true (custom)
2023-09-21 17:51:26,665 [01a5bd4e-669d-4aa9-9839-6c274a81602d-groupManagement] INFO  server.RaftServerConfigKeys (ConfUtils.java:logGet(46)) - raft.server.snapshot.auto.trigger.threshold = 10000 (custom)
2023-09-21 17:51:26,665 [01a5bd4e-669d-4aa9-9839-6c274a81602d-groupManagement] INFO  server.RaftServerConfigKeys (ConfUtils.java:logGet(46)) - raft.server.snapshot.retention.file.num = 5 (custom)
2023-09-21 17:51:26,665 [01a5bd4e-669d-4aa9-9839-6c274a81602d-groupManagement] INFO  server.RaftServerConfigKeys (ConfUtils.java:logGet(46)) - raft.server.log.purge.upto.snapshot.index = false (default)
2023-09-21 17:51:26,671 [PipelineCommandHandlerThread-0] INFO  ratis.XceiverServerRatis (XceiverServerRatis.java:addGroup(804)) - Created group PipelineID=33e9e080-0353-461d-b1e6-952c94ac0d76
2023-09-21 17:51:26,672 [PipelineCommandHandlerThread-0] INFO  commandhandler.CreatePipelineCommandHandler (CreatePipelineCommandHandler.java:lambda$handle$2(124)) - Created Pipeline RATIS ONE PipelineID=33e9e080-0353-461d-b1e6-952c94ac0d76.
2023-09-21 17:51:27,018 [main] INFO  ozone.MiniOzoneClusterImpl (MiniOzoneClusterImpl.java:lambda$waitForClusterToBeReady$0(229)) - Nodes are ready. Got 5 of 5 DN Heartbeats.
2023-09-21 17:51:27,018 [main] INFO  ozone.MiniOzoneClusterImpl (MiniOzoneClusterImpl.java:lambda$waitForClusterToBeReady$0(232)) - Waiting for cluster to exit safe mode
2023-09-21 17:51:27,018 [main] INFO  ozone.MiniOzoneClusterImpl (MiniOzoneClusterImpl.java:lambda$waitForClusterToBeReady$0(234)) - SCM became leader
2023-09-21 17:51:27,021 [PipelineCommandHandlerThread-0] INFO  server.RaftServer (RaftServerProxy.java:addNew(98)) - c526289d-5cad-4097-8195-61ffa3487ef7: addNew group-A71EABE00979:[c526289d-5cad-4097-8195-61ffa3487ef7|rpc:10.1.0.8:15103|admin:10.1.0.8:15102|client:10.1.0.8:15101|dataStream:10.1.0.8:15104|priority:1|startupRole:FOLLOWER] returns group-A71EABE00979:java.util.concurrent.CompletableFuture@7a85830[Not completed]
2023-09-21 17:51:27,061 [c526289d-5cad-4097-8195-61ffa3487ef7-groupManagement] INFO  server.RaftServer$Division (RaftServerImpl.java:<init>(198)) - c526289d-5cad-4097-8195-61ffa3487ef7: new RaftServerImpl for group-A71EABE00979:[c526289d-5cad-4097-8195-61ffa3487ef7|rpc:10.1.0.8:15103|admin:10.1.0.8:15102|client:10.1.0.8:15101|dataStream:10.1.0.8:15104|priority:1|startupRole:FOLLOWER] with ContainerStateMachine:uninitialized
2023-09-21 17:51:27,062 [c526289d-5cad-4097-8195-61ffa3487ef7-groupManagement] INFO  server.RaftServerConfigKeys (ConfUtils.java:logGet(46)) - raft.server.rpc.timeout.min = 5s (custom)
2023-09-21 17:51:27,062 [c526289d-5cad-4097-8195-61ffa3487ef7-groupManagement] INFO  server.RaftServerConfigKeys (ConfUtils.java:logGet(46)) - raft.server.rpc.timeout.max = 5200ms (custom)
2023-09-21 17:51:27,062 [c526289d-5cad-4097-8195-61ffa3487ef7-groupManagement] INFO  server.RaftServerConfigKeys (ConfUtils.java:logGet(46)) - raft.server.rpc.sleep.time = 25ms (default)
2023-09-21 17:51:27,062 [c526289d-5cad-4097-8195-61ffa3487ef7-groupManagement] INFO  server.RaftServerConfigKeys (ConfUtils.java:logGet(46)) - raft.server.rpc.slowness.timeout = 300s (custom)
2023-09-21 17:51:27,062 [c526289d-5cad-4097-8195-61ffa3487ef7-groupManagement] INFO  server.RaftServerConfigKeys (ConfUtils.java:logGet(46)) - raft.server.leaderelection.leader.step-down.wait-time = 10s (default)
2023-09-21 17:51:27,062 [c526289d-5cad-4097-8195-61ffa3487ef7-groupManagement] INFO  server.RaftServerConfigKeys (ConfUtils.java:logGet(46)) - raft.server.sleep.deviation.threshold = 300ms (default)
2023-09-21 17:51:27,062 [c526289d-5cad-4097-8195-61ffa3487ef7-groupManagement] INFO  server.RaftServer$Division (ServerState.java:<init>(120)) - c526289d-5cad-4097-8195-61ffa3487ef7@group-A71EABE00979: ConfigurationManager, init=-1: peers:[c526289d-5cad-4097-8195-61ffa3487ef7|rpc:10.1.0.8:15103|admin:10.1.0.8:15102|client:10.1.0.8:15101|dataStream:10.1.0.8:15104|priority:1|startupRole:FOLLOWER]|listeners:[], old=null, confs=<EMPTY_MAP>
2023-09-21 17:51:27,062 [c526289d-5cad-4097-8195-61ffa3487ef7-groupManagement] INFO  server.RaftServerConfigKeys (ConfUtils.java:logGet(46)) - raft.server.storage.dir = [/home/runner/work/ozone/ozone/hadoop-ozone/integration-test/target/test-dir/MiniOzoneClusterImpl-04a8daa2-1161-4e20-9dee-837792427303/datanode-4/data/ratis] (custom)
2023-09-21 17:51:27,062 [c526289d-5cad-4097-8195-61ffa3487ef7-groupManagement] INFO  server.RaftServerConfigKeys (ConfUtils.java:logGet(46)) - raft.server.log.corruption.policy = EXCEPTION (default)
2023-09-21 17:51:27,062 [c526289d-5cad-4097-8195-61ffa3487ef7-groupManagement] INFO  server.RaftServerConfigKeys (ConfUtils.java:logGet(46)) - raft.server.storage.free-space.min = 0MB (=0) (default)
2023-09-21 17:51:27,063 [c526289d-5cad-4097-8195-61ffa3487ef7-groupManagement] INFO  server.RaftServerConfigKeys (ConfUtils.java:logGet(46)) - raft.server.notification.no-leader.timeout = 300s (custom)
2023-09-21 17:51:27,063 [c526289d-5cad-4097-8195-61ffa3487ef7-groupManagement] INFO  server.RaftServerConfigKeys (ConfUtils.java:logGet(46)) - raft.server.read.timeout = 10s (default)
2023-09-21 17:51:27,063 [c526289d-5cad-4097-8195-61ffa3487ef7-groupManagement] INFO  server.RaftServerConfigKeys (ConfUtils.java:logGet(46)) - raft.server.retrycache.expirytime = 600000ms (custom)
2023-09-21 17:51:27,063 [c526289d-5cad-4097-8195-61ffa3487ef7-groupManagement] INFO  server.RaftServerConfigKeys (ConfUtils.java:logGet(46)) - raft.server.retrycache.statistics.expirytime = 100μs (default)
2023-09-21 17:51:27,063 [c526289d-5cad-4097-8195-61ffa3487ef7-groupManagement] INFO  server.RaftServerConfigKeys (ConfUtils.java:logGet(46)) - raft.server.read.option = DEFAULT (default)
2023-09-21 17:51:27,064 [c526289d-5cad-4097-8195-61ffa3487ef7-groupManagement] INFO  server.RaftServerConfigKeys (ConfUtils.java:logGet(46)) - raft.server.rpc.request.timeout = 60s (custom)
2023-09-21 17:51:27,065 [c526289d-5cad-4097-8195-61ffa3487ef7-groupManagement] INFO  server.RaftServerConfigKeys (ConfUtils.java:logGet(46)) - raft.server.log.appender.install.snapshot.enabled = false (custom)
2023-09-21 17:51:27,065 [c526289d-5cad-4097-8195-61ffa3487ef7-groupManagement] INFO  server.RaftServerConfigKeys (ConfUtils.java:logGet(46)) - raft.server.threadpool.server.cached = true (default)
2023-09-21 17:51:27,065 [c526289d-5cad-4097-8195-61ffa3487ef7-groupManagement] INFO  server.RaftServerConfigKeys (ConfUtils.java:logGet(46)) - raft.server.threadpool.server.size = 0 (default)
2023-09-21 17:51:27,065 [c526289d-5cad-4097-8195-61ffa3487ef7-groupManagement] INFO  server.RaftServerConfigKeys (ConfUtils.java:logGet(46)) - raft.server.threadpool.client.cached = true (default)
2023-09-21 17:51:27,065 [c526289d-5cad-4097-8195-61ffa3487ef7-groupManagement] INFO  server.RaftServerConfigKeys (ConfUtils.java:logGet(46)) - raft.server.threadpool.client.size = 0 (default)
2023-09-21 17:51:27,065 [c526289d-5cad-4097-8195-61ffa3487ef7-groupManagement] INFO  storage.RaftStorageDirectory (RaftStorageDirectoryImpl.java:analyzeStorage(137)) - The storage directory /home/runner/work/ozone/ozone/hadoop-ozone/integration-test/target/test-dir/MiniOzoneClusterImpl-04a8daa2-1161-4e20-9dee-837792427303/datanode-4/data/ratis/9d9661ef-2c3a-40df-ad30-a71eabe00979 does not exist. Creating ...
2023-09-21 17:51:27,071 [c526289d-5cad-4097-8195-61ffa3487ef7-groupManagement] INFO  storage.RaftStorageDirectory (RaftStorageDirectoryImpl.java:tryLock(231)) - Lock on /home/runner/work/ozone/ozone/hadoop-ozone/integration-test/target/test-dir/MiniOzoneClusterImpl-04a8daa2-1161-4e20-9dee-837792427303/datanode-4/data/ratis/9d9661ef-2c3a-40df-ad30-a71eabe00979/in_use.lock acquired by nodename 19454@fv-az259-227
2023-09-21 17:51:27,079 [c526289d-5cad-4097-8195-61ffa3487ef7-groupManagement] INFO  storage.RaftStorage (RaftStorageImpl.java:format(96)) - Storage directory /home/runner/work/ozone/ozone/hadoop-ozone/integration-test/target/test-dir/MiniOzoneClusterImpl-04a8daa2-1161-4e20-9dee-837792427303/datanode-4/data/ratis/9d9661ef-2c3a-40df-ad30-a71eabe00979 has been successfully formatted.
2023-09-21 17:51:27,089 [c526289d-5cad-4097-8195-61ffa3487ef7-groupManagement] INFO  ratis.ContainerStateMachine (ContainerStateMachine.java:loadSnapshot(262)) - group-A71EABE00979: The snapshot info is null. Setting the last applied indexto:(t:0, i:~)
2023-09-21 17:51:27,089 [c526289d-5cad-4097-8195-61ffa3487ef7-groupManagement] INFO  server.RaftServerConfigKeys (ConfUtils.java:logGet(46)) - raft.server.log.use.memory = false (default)
2023-09-21 17:51:27,089 [c526289d-5cad-4097-8195-61ffa3487ef7-groupManagement] INFO  server.RaftServerConfigKeys (ConfUtils.java:logGet(46)) - raft.server.log.purge.gap = 1000000 (custom)
2023-09-21 17:51:27,090 [c526289d-5cad-4097-8195-61ffa3487ef7-groupManagement] INFO  server.RaftServerConfigKeys (ConfUtils.java:logGet(46)) - raft.server.log.appender.buffer.byte-limit = 33554432 (custom)
2023-09-21 17:51:27,090 [c526289d-5cad-4097-8195-61ffa3487ef7-groupManagement] INFO  server.RaftServerConfigKeys (ConfUtils.java:logGet(46)) - raft.server.log.statemachine.data.read.timeout = 1000ms (default)
2023-09-21 17:51:27,090 [c526289d-5cad-4097-8195-61ffa3487ef7-groupManagement] INFO  server.RaftServerConfigKeys (ConfUtils.java:logGet(46)) - raft.server.log.purge.preservation.log.num = 0 (default)
2023-09-21 17:51:27,090 [c526289d-5cad-4097-8195-61ffa3487ef7-groupManagement] INFO  server.RaftServerConfigKeys (ConfUtils.java:logGet(46)) - raft.server.log.segment.size.max = 1048576 (custom)
2023-09-21 17:51:27,090 [c526289d-5cad-4097-8195-61ffa3487ef7-groupManagement] INFO  server.RaftServerConfigKeys (ConfUtils.java:logGet(46)) - raft.server.log.segment.cache.num.max = 2 (custom)
2023-09-21 17:51:27,090 [c526289d-5cad-4097-8195-61ffa3487ef7-groupManagement] INFO  server.RaftServerConfigKeys (ConfUtils.java:logGet(46)) - raft.server.log.segment.cache.size.max = 200MB (=209715200) (default)
2023-09-21 17:51:27,090 [c526289d-5cad-4097-8195-61ffa3487ef7-groupManagement] INFO  server.RaftServerConfigKeys (ConfUtils.java:logGet(46)) - raft.server.log.appender.buffer.byte-limit = 33554432 (custom)
2023-09-21 17:51:27,090 [c526289d-5cad-4097-8195-61ffa3487ef7-groupManagement] INFO  segmented.SegmentedRaftLogWorker (SegmentedRaftLogWorker.java:<init>(188)) - new c526289d-5cad-4097-8195-61ffa3487ef7@group-A71EABE00979-SegmentedRaftLogWorker for RaftStorageImpl:Storage Directory /home/runner/work/ozone/ozone/hadoop-ozone/integration-test/target/test-dir/MiniOzoneClusterImpl-04a8daa2-1161-4e20-9dee-837792427303/datanode-4/data/ratis/9d9661ef-2c3a-40df-ad30-a71eabe00979
2023-09-21 17:51:27,091 [c526289d-5cad-4097-8195-61ffa3487ef7-groupManagement] INFO  server.RaftServerConfigKeys (ConfUtils.java:logGet(46)) - raft.server.log.queue.byte-limit = 4294967296 (custom)
2023-09-21 17:51:27,091 [c526289d-5cad-4097-8195-61ffa3487ef7-groupManagement] INFO  server.RaftServerConfigKeys (ConfUtils.java:logGet(46)) - raft.server.log.queue.element-limit = 1024 (custom)
2023-09-21 17:51:27,091 [c526289d-5cad-4097-8195-61ffa3487ef7-groupManagement] INFO  server.RaftServerConfigKeys (ConfUtils.java:logGet(46)) - raft.server.log.segment.size.max = 1048576 (custom)
2023-09-21 17:51:27,091 [c526289d-5cad-4097-8195-61ffa3487ef7-groupManagement] INFO  server.RaftServerConfigKeys (ConfUtils.java:logGet(46)) - raft.server.log.preallocated.size = 16384 (custom)
2023-09-21 17:51:27,091 [c526289d-5cad-4097-8195-61ffa3487ef7-groupManagement] INFO  server.RaftServerConfigKeys (ConfUtils.java:logGet(46)) - raft.server.log.force.sync.num = 128 (default)
2023-09-21 17:51:27,091 [c526289d-5cad-4097-8195-61ffa3487ef7-groupManagement] INFO  server.RaftServerConfigKeys (ConfUtils.java:logGet(46)) - raft.server.log.statemachine.data.sync = true (default)
2023-09-21 17:51:27,091 [c526289d-5cad-4097-8195-61ffa3487ef7-groupManagement] INFO  server.RaftServerConfigKeys (ConfUtils.java:logGet(46)) - raft.server.log.statemachine.data.sync.timeout = 10s (default)
2023-09-21 17:51:27,091 [c526289d-5cad-4097-8195-61ffa3487ef7-groupManagement] INFO  server.RaftServerConfigKeys (ConfUtils.java:logGet(46)) - raft.server.log.statemachine.data.sync.timeout.retry = -1 (default)
2023-09-21 17:51:27,092 [c526289d-5cad-4097-8195-61ffa3487ef7-groupManagement] INFO  server.RaftServerConfigKeys (ConfUtils.java:logGet(46)) - raft.server.log.write.buffer.size = 1048576 (custom)
2023-09-21 17:51:27,092 [c526289d-5cad-4097-8195-61ffa3487ef7-groupManagement] INFO  server.RaftServerConfigKeys (ConfUtils.java:logGet(46)) - raft.server.log.appender.buffer.byte-limit = 33554432 (custom)
2023-09-21 17:51:27,095 [EventQueue-PipelineReportForPipelineReportHandler] INFO  pipeline.PipelineReportHandler (PipelineReportHandler.java:processPipelineReport(136)) - Opened pipeline PipelineID=9d9661ef-2c3a-40df-ad30-a71eabe00979
2023-09-21 17:51:27,095 [EventQueue-OpenPipelineForHealthyPipelineSafeModeRule] INFO  safemode.SCMSafeModeManager (HealthyPipelineSafeModeRule.java:process(137)) - SCM in safe mode. Healthy pipelines reported count is 0, required healthy pipeline reported count is 1
2023-09-21 17:51:27,100 [c526289d-5cad-4097-8195-61ffa3487ef7-groupManagement] INFO  server.RaftServerConfigKeys (ConfUtils.java:logGet(46)) - raft.server.log.unsafe-flush.enabled = false (default)
2023-09-21 17:51:27,100 [c526289d-5cad-4097-8195-61ffa3487ef7-groupManagement] INFO  server.RaftServerConfigKeys (ConfUtils.java:logGet(46)) - raft.server.log.async-flush.enabled = false (default)
2023-09-21 17:51:27,100 [c526289d-5cad-4097-8195-61ffa3487ef7-groupManagement] INFO  server.RaftServerConfigKeys (ConfUtils.java:logGet(46)) - raft.server.log.statemachine.data.caching.enabled = true (custom)
2023-09-21 17:51:27,100 [c526289d-5cad-4097-8195-61ffa3487ef7-groupManagement] INFO  segmented.SegmentedRaftLogWorker (SegmentedRaftLogWorker.java:lambda$new$0(135)) - c526289d-5cad-4097-8195-61ffa3487ef7@group-A71EABE00979-SegmentedRaftLogWorker: flushIndex: setUnconditionally 0 -> -1
2023-09-21 17:51:27,101 [c526289d-5cad-4097-8195-61ffa3487ef7-groupManagement] INFO  segmented.SegmentedRaftLogWorker (SegmentedRaftLogWorker.java:lambda$new$0(135)) - c526289d-5cad-4097-8195-61ffa3487ef7@group-A71EABE00979-SegmentedRaftLogWorker: safeCacheEvictIndex: setUnconditionally 0 -> -1
2023-09-21 17:51:27,101 [c526289d-5cad-4097-8195-61ffa3487ef7-groupManagement] INFO  server.RaftServer$Division (RaftServerImpl.java:start(342)) - c526289d-5cad-4097-8195-61ffa3487ef7@group-A71EABE00979: start as a follower, conf=-1: peers:[c526289d-5cad-4097-8195-61ffa3487ef7|rpc:10.1.0.8:15103|admin:10.1.0.8:15102|client:10.1.0.8:15101|dataStream:10.1.0.8:15104|priority:1|startupRole:FOLLOWER]|listeners:[], old=null
2023-09-21 17:51:27,101 [c526289d-5cad-4097-8195-61ffa3487ef7-groupManagement] INFO  server.RaftServer$Division (RaftServerImpl.java:setRole(329)) - c526289d-5cad-4097-8195-61ffa3487ef7@group-A71EABE00979: changes role from      null to FOLLOWER at term 0 for startAsFollower
2023-09-21 17:51:27,101 [c526289d-5cad-4097-8195-61ffa3487ef7-groupManagement] INFO  impl.RoleInfo (RoleInfo.java:updateAndGet(139)) - c526289d-5cad-4097-8195-61ffa3487ef7: start c526289d-5cad-4097-8195-61ffa3487ef7@group-A71EABE00979-FollowerState
2023-09-21 17:51:27,101 [c526289d-5cad-4097-8195-61ffa3487ef7-groupManagement] INFO  util.JmxRegister (JmxRegister.java:tryRegister(44)) - Successfully registered JMX Bean with object name Ratis:service=RaftServer,group=group-A71EABE00979,id=c526289d-5cad-4097-8195-61ffa3487ef7
2023-09-21 17:51:27,102 [c526289d-5cad-4097-8195-61ffa3487ef7-groupManagement] INFO  server.RaftServerConfigKeys (ConfUtils.java:logGet(46)) - raft.server.snapshot.auto.trigger.enabled = true (custom)
2023-09-21 17:51:27,102 [c526289d-5cad-4097-8195-61ffa3487ef7-groupManagement] INFO  server.RaftServerConfigKeys (ConfUtils.java:logGet(46)) - raft.server.snapshot.auto.trigger.threshold = 10000 (custom)
2023-09-21 17:51:27,102 [c526289d-5cad-4097-8195-61ffa3487ef7-groupManagement] INFO  server.RaftServerConfigKeys (ConfUtils.java:logGet(46)) - raft.server.snapshot.retention.file.num = 5 (custom)
2023-09-21 17:51:27,102 [c526289d-5cad-4097-8195-61ffa3487ef7-groupManagement] INFO  server.RaftServerConfigKeys (ConfUtils.java:logGet(46)) - raft.server.log.purge.upto.snapshot.index = false (default)
2023-09-21 17:51:27,102 [c526289d-5cad-4097-8195-61ffa3487ef7@group-A71EABE00979-FollowerState] INFO  server.RaftServerConfigKeys (ConfUtils.java:logFallback(53)) - raft.server.rpc.first-election.timeout.min = 5s (fallback to raft.server.rpc.timeout.min)
2023-09-21 17:51:27,102 [c526289d-5cad-4097-8195-61ffa3487ef7@group-A71EABE00979-FollowerState] INFO  server.RaftServerConfigKeys (ConfUtils.java:logFallback(53)) - raft.server.rpc.first-election.timeout.max = 5200ms (fallback to raft.server.rpc.timeout.max)
2023-09-21 17:51:27,103 [PipelineCommandHandlerThread-0] INFO  ratis.XceiverServerRatis (XceiverServerRatis.java:addGroup(804)) - Created group PipelineID=9d9661ef-2c3a-40df-ad30-a71eabe00979
2023-09-21 17:51:27,103 [PipelineCommandHandlerThread-0] INFO  commandhandler.CreatePipelineCommandHandler (CreatePipelineCommandHandler.java:lambda$handle$2(124)) - Created Pipeline RATIS ONE PipelineID=9d9661ef-2c3a-40df-ad30-a71eabe00979.
2023-09-21 17:51:28,019 [main] INFO  ozone.MiniOzoneClusterImpl (MiniOzoneClusterImpl.java:lambda$waitForClusterToBeReady$0(229)) - Nodes are ready. Got 5 of 5 DN Heartbeats.
2023-09-21 17:51:28,019 [main] INFO  ozone.MiniOzoneClusterImpl (MiniOzoneClusterImpl.java:lambda$waitForClusterToBeReady$0(232)) - Waiting for cluster to exit safe mode
2023-09-21 17:51:28,019 [main] INFO  ozone.MiniOzoneClusterImpl (MiniOzoneClusterImpl.java:lambda$waitForClusterToBeReady$0(234)) - SCM became leader
2023-09-21 17:51:29,020 [main] INFO  ozone.MiniOzoneClusterImpl (MiniOzoneClusterImpl.java:lambda$waitForClusterToBeReady$0(229)) - Nodes are ready. Got 5 of 5 DN Heartbeats.
2023-09-21 17:51:29,020 [main] INFO  ozone.MiniOzoneClusterImpl (MiniOzoneClusterImpl.java:lambda$waitForClusterToBeReady$0(232)) - Waiting for cluster to exit safe mode
2023-09-21 17:51:29,020 [main] INFO  ozone.MiniOzoneClusterImpl (MiniOzoneClusterImpl.java:lambda$waitForClusterToBeReady$0(234)) - SCM became leader
2023-09-21 17:51:30,020 [main] INFO  ozone.MiniOzoneClusterImpl (MiniOzoneClusterImpl.java:lambda$waitForClusterToBeReady$0(229)) - Nodes are ready. Got 5 of 5 DN Heartbeats.
2023-09-21 17:51:30,021 [main] INFO  ozone.MiniOzoneClusterImpl (MiniOzoneClusterImpl.java:lambda$waitForClusterToBeReady$0(232)) - Waiting for cluster to exit safe mode
2023-09-21 17:51:30,021 [main] INFO  ozone.MiniOzoneClusterImpl (MiniOzoneClusterImpl.java:lambda$waitForClusterToBeReady$0(234)) - SCM became leader
2023-09-21 17:51:30,722 [21cefe31-b447-4cde-b371-f0af1d83a0ae@group-1884AA8529FA-FollowerState] INFO  impl.FollowerState (FollowerState.java:run(143)) - 21cefe31-b447-4cde-b371-f0af1d83a0ae@group-1884AA8529FA-FollowerState: change to CANDIDATE, lastRpcElapsedTime:5137217744ns, electionTimeout:5136ms
2023-09-21 17:51:30,723 [21cefe31-b447-4cde-b371-f0af1d83a0ae@group-1884AA8529FA-FollowerState] INFO  impl.RoleInfo (RoleInfo.java:shutdownFollowerState(110)) - 21cefe31-b447-4cde-b371-f0af1d83a0ae: shutdown 21cefe31-b447-4cde-b371-f0af1d83a0ae@group-1884AA8529FA-FollowerState
2023-09-21 17:51:30,723 [21cefe31-b447-4cde-b371-f0af1d83a0ae@group-1884AA8529FA-FollowerState] INFO  server.RaftServer$Division (RaftServerImpl.java:setRole(329)) - 21cefe31-b447-4cde-b371-f0af1d83a0ae@group-1884AA8529FA: changes role from  FOLLOWER to CANDIDATE at term 0 for changeToCandidate
2023-09-21 17:51:30,723 [21cefe31-b447-4cde-b371-f0af1d83a0ae@group-1884AA8529FA-FollowerState] INFO  server.RaftServerConfigKeys (ConfUtils.java:logGet(46)) - raft.server.leaderelection.pre-vote = true (default)
2023-09-21 17:51:30,723 [21cefe31-b447-4cde-b371-f0af1d83a0ae@group-1884AA8529FA-FollowerState] INFO  impl.RoleInfo (RoleInfo.java:updateAndGet(139)) - 21cefe31-b447-4cde-b371-f0af1d83a0ae: start 21cefe31-b447-4cde-b371-f0af1d83a0ae@group-1884AA8529FA-LeaderElection10
2023-09-21 17:51:30,727 [21cefe31-b447-4cde-b371-f0af1d83a0ae@group-1884AA8529FA-LeaderElection10] INFO  impl.LeaderElection (LeaderElection.java:askForVotes(321)) - 21cefe31-b447-4cde-b371-f0af1d83a0ae@group-1884AA8529FA-LeaderElection10 PRE_VOTE round 0: submit vote requests at term 0 for -1: peers:[21cefe31-b447-4cde-b371-f0af1d83a0ae|rpc:10.1.0.8:15067|admin:10.1.0.8:15066|client:10.1.0.8:15065|dataStream:10.1.0.8:15068|priority:1|startupRole:FOLLOWER]|listeners:[], old=null
2023-09-21 17:51:30,728 [21cefe31-b447-4cde-b371-f0af1d83a0ae@group-1884AA8529FA-LeaderElection10] INFO  impl.LeaderElection (LeaderElection.java:askForVotes(323)) - 21cefe31-b447-4cde-b371-f0af1d83a0ae@group-1884AA8529FA-LeaderElection10 PRE_VOTE round 0: result PASSED (term=0)
2023-09-21 17:51:30,728 [21cefe31-b447-4cde-b371-f0af1d83a0ae@group-6C7D642D55BA-FollowerState] INFO  impl.FollowerState (FollowerState.java:run(143)) - 21cefe31-b447-4cde-b371-f0af1d83a0ae@group-6C7D642D55BA-FollowerState: change to CANDIDATE, lastRpcElapsedTime:5116488461ns, electionTimeout:5113ms
2023-09-21 17:51:30,728 [21cefe31-b447-4cde-b371-f0af1d83a0ae@group-6C7D642D55BA-FollowerState] INFO  impl.RoleInfo (RoleInfo.java:shutdownFollowerState(110)) - 21cefe31-b447-4cde-b371-f0af1d83a0ae: shutdown 21cefe31-b447-4cde-b371-f0af1d83a0ae@group-6C7D642D55BA-FollowerState
2023-09-21 17:51:30,728 [21cefe31-b447-4cde-b371-f0af1d83a0ae@group-6C7D642D55BA-FollowerState] INFO  server.RaftServer$Division (RaftServerImpl.java:setRole(329)) - 21cefe31-b447-4cde-b371-f0af1d83a0ae@group-6C7D642D55BA: changes role from  FOLLOWER to CANDIDATE at term 0 for changeToCandidate
2023-09-21 17:51:30,728 [21cefe31-b447-4cde-b371-f0af1d83a0ae@group-6C7D642D55BA-FollowerState] INFO  server.RaftServerConfigKeys (ConfUtils.java:logGet(46)) - raft.server.leaderelection.pre-vote = true (default)
2023-09-21 17:51:30,728 [21cefe31-b447-4cde-b371-f0af1d83a0ae@group-6C7D642D55BA-FollowerState] INFO  impl.RoleInfo (RoleInfo.java:updateAndGet(139)) - 21cefe31-b447-4cde-b371-f0af1d83a0ae: start 21cefe31-b447-4cde-b371-f0af1d83a0ae@group-6C7D642D55BA-LeaderElection11
2023-09-21 17:51:30,735 [21cefe31-b447-4cde-b371-f0af1d83a0ae@group-1884AA8529FA-LeaderElection10] INFO  impl.LeaderElection (LeaderElection.java:askForVotes(321)) - 21cefe31-b447-4cde-b371-f0af1d83a0ae@group-1884AA8529FA-LeaderElection10 ELECTION round 0: submit vote requests at term 1 for -1: peers:[21cefe31-b447-4cde-b371-f0af1d83a0ae|rpc:10.1.0.8:15067|admin:10.1.0.8:15066|client:10.1.0.8:15065|dataStream:10.1.0.8:15068|priority:1|startupRole:FOLLOWER]|listeners:[], old=null
2023-09-21 17:51:30,735 [21cefe31-b447-4cde-b371-f0af1d83a0ae@group-1884AA8529FA-LeaderElection10] INFO  impl.LeaderElection (LeaderElection.java:askForVotes(323)) - 21cefe31-b447-4cde-b371-f0af1d83a0ae@group-1884AA8529FA-LeaderElection10 ELECTION round 0: result PASSED (term=1)
2023-09-21 17:51:30,735 [21cefe31-b447-4cde-b371-f0af1d83a0ae@group-1884AA8529FA-LeaderElection10] INFO  impl.RoleInfo (RoleInfo.java:shutdownLeaderElection(130)) - 21cefe31-b447-4cde-b371-f0af1d83a0ae: shutdown 21cefe31-b447-4cde-b371-f0af1d83a0ae@group-1884AA8529FA-LeaderElection10
2023-09-21 17:51:30,735 [21cefe31-b447-4cde-b371-f0af1d83a0ae@group-1884AA8529FA-LeaderElection10] INFO  server.RaftServer$Division (RaftServerImpl.java:setRole(329)) - 21cefe31-b447-4cde-b371-f0af1d83a0ae@group-1884AA8529FA: changes role from CANDIDATE to LEADER at term 1 for changeToLeader
2023-09-21 17:51:30,735 [21cefe31-b447-4cde-b371-f0af1d83a0ae@group-1884AA8529FA-LeaderElection10] INFO  ratis.XceiverServerRatis (XceiverServerRatis.java:handleLeaderChangedNotification(902)) - Leader change notification received for group: group-1884AA8529FA with new leaderId: 21cefe31-b447-4cde-b371-f0af1d83a0ae
2023-09-21 17:51:30,736 [21cefe31-b447-4cde-b371-f0af1d83a0ae@group-1884AA8529FA-LeaderElection10] INFO  server.RaftServer$Division (ServerState.java:setLeader(317)) - 21cefe31-b447-4cde-b371-f0af1d83a0ae@group-1884AA8529FA: change Leader from null to 21cefe31-b447-4cde-b371-f0af1d83a0ae at term 1 for becomeLeader, leader elected after 5237ms
2023-09-21 17:51:30,736 [21cefe31-b447-4cde-b371-f0af1d83a0ae@group-1884AA8529FA-LeaderElection10] INFO  server.RaftServerConfigKeys (ConfUtils.java:logGet(46)) - raft.server.staging.catchup.gap = 1000 (default)
2023-09-21 17:51:30,736 [21cefe31-b447-4cde-b371-f0af1d83a0ae@group-1884AA8529FA-LeaderElection10] INFO  server.RaftServerConfigKeys (ConfUtils.java:logGet(46)) - raft.server.write.element-limit = 1024 (custom)
2023-09-21 17:51:30,736 [21cefe31-b447-4cde-b371-f0af1d83a0ae@group-1884AA8529FA-LeaderElection10] INFO  server.RaftServerConfigKeys (ConfUtils.java:logGet(46)) - raft.server.write.byte-limit = 1024 M (=1073741824) (custom)
2023-09-21 17:51:30,736 [21cefe31-b447-4cde-b371-f0af1d83a0ae@group-1884AA8529FA-LeaderElection10] INFO  server.RaftServerConfigKeys (ConfUtils.java:logGet(46)) - raft.server.watch.timeout = 180s (custom)
2023-09-21 17:51:30,736 [21cefe31-b447-4cde-b371-f0af1d83a0ae@group-1884AA8529FA-LeaderElection10] INFO  server.RaftServerConfigKeys (ConfUtils.java:logGet(46)) - raft.server.watch.timeout.denomination = 1s (default)
2023-09-21 17:51:30,736 [21cefe31-b447-4cde-b371-f0af1d83a0ae@group-1884AA8529FA-LeaderElection10] INFO  server.RaftServerConfigKeys (ConfUtils.java:logGet(46)) - raft.server.watch.element-limit = 65536 (default)
2023-09-21 17:51:30,736 [21cefe31-b447-4cde-b371-f0af1d83a0ae@group-1884AA8529FA-LeaderElection10] INFO  server.RaftServerConfigKeys (ConfUtils.java:logGet(46)) - raft.server.write.element-limit = 1024 (custom)
2023-09-21 17:51:30,737 [21cefe31-b447-4cde-b371-f0af1d83a0ae@group-1884AA8529FA-LeaderElection10] INFO  server.RaftServerConfigKeys (ConfUtils.java:logGet(46)) - raft.server.write.follower.gap.ratio.max = -1.0 (default)
2023-09-21 17:51:30,737 [21cefe31-b447-4cde-b371-f0af1d83a0ae@group-1884AA8529FA-LeaderElection10] INFO  impl.RoleInfo (RoleInfo.java:updateAndGet(139)) - 21cefe31-b447-4cde-b371-f0af1d83a0ae: start 21cefe31-b447-4cde-b371-f0af1d83a0ae@group-1884AA8529FA-LeaderStateImpl
2023-09-21 17:51:30,737 [21cefe31-b447-4cde-b371-f0af1d83a0ae@group-1884AA8529FA-LeaderElection10] INFO  segmented.SegmentedRaftLogWorker (SegmentedRaftLogWorker.java:startLogSegment(447)) - 21cefe31-b447-4cde-b371-f0af1d83a0ae@group-1884AA8529FA-SegmentedRaftLogWorker: Starting segment from index:0
2023-09-21 17:51:30,738 [21cefe31-b447-4cde-b371-f0af1d83a0ae@group-6C7D642D55BA-LeaderElection11] INFO  impl.LeaderElection (LeaderElection.java:askForVotes(321)) - 21cefe31-b447-4cde-b371-f0af1d83a0ae@group-6C7D642D55BA-LeaderElection11 PRE_VOTE round 0: submit vote requests at term 0 for -1: peers:[21cefe31-b447-4cde-b371-f0af1d83a0ae|rpc:10.1.0.8:15067|admin:10.1.0.8:15066|client:10.1.0.8:15065|dataStream:10.1.0.8:15068|priority:0|startupRole:FOLLOWER, 4cdc299f-4834-4fa6-8ba2-191990d4ad82|rpc:10.1.0.8:15085|admin:10.1.0.8:15084|client:10.1.0.8:15083|dataStream:10.1.0.8:15086|priority:0|startupRole:FOLLOWER, 37083bac-0b78-4ab7-8270-b85e08b802dc|rpc:10.1.0.8:15076|admin:10.1.0.8:15075|client:10.1.0.8:15074|dataStream:10.1.0.8:15077|priority:1|startupRole:FOLLOWER]|listeners:[], old=null
2023-09-21 17:51:30,739 [21cefe31-b447-4cde-b371-f0af1d83a0ae@group-6C7D642D55BA-LeaderElection11-1] INFO  server.GrpcServerProtocolClient (GrpcServerProtocolClient.java:<init>(65)) - Build channel for 4cdc299f-4834-4fa6-8ba2-191990d4ad82
2023-09-21 17:51:30,739 [EventQueue-OpenPipelineForHealthyPipelineSafeModeRule] INFO  safemode.SCMSafeModeManager (HealthyPipelineSafeModeRule.java:process(137)) - SCM in safe mode. Healthy pipelines reported count is 0, required healthy pipeline reported count is 1
2023-09-21 17:51:30,743 [21cefe31-b447-4cde-b371-f0af1d83a0ae@group-1884AA8529FA-SegmentedRaftLogWorker] INFO  segmented.SegmentedRaftLogWorker (SegmentedRaftLogWorker.java:execute(651)) - 21cefe31-b447-4cde-b371-f0af1d83a0ae@group-1884AA8529FA-SegmentedRaftLogWorker: created new log segment /home/runner/work/ozone/ozone/hadoop-ozone/integration-test/target/test-dir/MiniOzoneClusterImpl-04a8daa2-1161-4e20-9dee-837792427303/datanode-0/data/ratis/918c0cbd-175a-43bf-ab54-1884aa8529fa/current/log_inprogress_0
2023-09-21 17:51:30,752 [21cefe31-b447-4cde-b371-f0af1d83a0ae@group-1884AA8529FA-LeaderElection10] INFO  server.RaftServer$Division (ServerState.java:setRaftConf(434)) - 21cefe31-b447-4cde-b371-f0af1d83a0ae@group-1884AA8529FA: set configuration 0: peers:[21cefe31-b447-4cde-b371-f0af1d83a0ae|rpc:10.1.0.8:15067|admin:10.1.0.8:15066|client:10.1.0.8:15065|dataStream:10.1.0.8:15068|priority:1|startupRole:FOLLOWER]|listeners:[], old=null
2023-09-21 17:51:30,753 [21cefe31-b447-4cde-b371-f0af1d83a0ae@group-6C7D642D55BA-LeaderElection11] INFO  server.RaftServerConfigKeys (ConfUtils.java:logFallback(53)) - raft.server.rpc.first-election.timeout.min = 5s (fallback to raft.server.rpc.timeout.min)
2023-09-21 17:51:30,753 [21cefe31-b447-4cde-b371-f0af1d83a0ae@group-6C7D642D55BA-LeaderElection11] INFO  server.RaftServerConfigKeys (ConfUtils.java:logFallback(53)) - raft.server.rpc.first-election.timeout.max = 5200ms (fallback to raft.server.rpc.timeout.max)
2023-09-21 17:51:30,758 [grpc-default-executor-10] INFO  server.RaftServer$Division (RaftServerImpl.java:requestVote(1302)) - 4cdc299f-4834-4fa6-8ba2-191990d4ad82@group-6C7D642D55BA: receive requestVote(PRE_VOTE, 21cefe31-b447-4cde-b371-f0af1d83a0ae, group-6C7D642D55BA, 0, (t:0, i:0))
2023-09-21 17:51:30,758 [grpc-default-executor-10] INFO  impl.VoteContext (VoteContext.java:log(49)) - 4cdc299f-4834-4fa6-8ba2-191990d4ad82@group-6C7D642D55BA-FOLLOWER: accept PRE_VOTE from 21cefe31-b447-4cde-b371-f0af1d83a0ae: our priority 0 <= candidate's priority 0
2023-09-21 17:51:30,758 [grpc-default-executor-10] INFO  server.RaftServer$Division (RaftServerImpl.java:requestVote(1335)) - 4cdc299f-4834-4fa6-8ba2-191990d4ad82@group-6C7D642D55BA replies to PRE_VOTE vote request: 21cefe31-b447-4cde-b371-f0af1d83a0ae<-4cdc299f-4834-4fa6-8ba2-191990d4ad82#0:OK-t0. Peer's state: 4cdc299f-4834-4fa6-8ba2-191990d4ad82@group-6C7D642D55BA:t0, leader=null, voted=, raftlog=Memoized:4cdc299f-4834-4fa6-8ba2-191990d4ad82@group-6C7D642D55BA-SegmentedRaftLog:OPENED:c-1, conf=-1: peers:[21cefe31-b447-4cde-b371-f0af1d83a0ae|rpc:10.1.0.8:15067|admin:10.1.0.8:15066|client:10.1.0.8:15065|dataStream:10.1.0.8:15068|priority:0|startupRole:FOLLOWER, 4cdc299f-4834-4fa6-8ba2-191990d4ad82|rpc:10.1.0.8:15085|admin:10.1.0.8:15084|client:10.1.0.8:15083|dataStream:10.1.0.8:15086|priority:0|startupRole:FOLLOWER, 37083bac-0b78-4ab7-8270-b85e08b802dc|rpc:10.1.0.8:15076|admin:10.1.0.8:15075|client:10.1.0.8:15074|dataStream:10.1.0.8:15077|priority:1|startupRole:FOLLOWER]|listeners:[], old=null
2023-09-21 17:51:30,759 [21cefe31-b447-4cde-b371-f0af1d83a0ae@group-6C7D642D55BA-LeaderElection11-2] INFO  server.GrpcServerProtocolClient (GrpcServerProtocolClient.java:<init>(65)) - Build channel for 37083bac-0b78-4ab7-8270-b85e08b802dc
2023-09-21 17:51:30,761 [37083bac-0b78-4ab7-8270-b85e08b802dc@group-6C7D642D55BA-FollowerState] INFO  impl.FollowerState (FollowerState.java:run(143)) - 37083bac-0b78-4ab7-8270-b85e08b802dc@group-6C7D642D55BA-FollowerState: change to CANDIDATE, lastRpcElapsedTime:5042315361ns, electionTimeout:5040ms
2023-09-21 17:51:30,761 [37083bac-0b78-4ab7-8270-b85e08b802dc@group-6C7D642D55BA-FollowerState] INFO  impl.RoleInfo (RoleInfo.java:shutdownFollowerState(110)) - 37083bac-0b78-4ab7-8270-b85e08b802dc: shutdown 37083bac-0b78-4ab7-8270-b85e08b802dc@group-6C7D642D55BA-FollowerState
2023-09-21 17:51:30,761 [37083bac-0b78-4ab7-8270-b85e08b802dc@group-6C7D642D55BA-FollowerState] INFO  server.RaftServer$Division (RaftServerImpl.java:setRole(329)) - 37083bac-0b78-4ab7-8270-b85e08b802dc@group-6C7D642D55BA: changes role from  FOLLOWER to CANDIDATE at term 0 for changeToCandidate
2023-09-21 17:51:30,761 [37083bac-0b78-4ab7-8270-b85e08b802dc@group-6C7D642D55BA-FollowerState] INFO  server.RaftServerConfigKeys (ConfUtils.java:logGet(46)) - raft.server.leaderelection.pre-vote = true (default)
2023-09-21 17:51:30,761 [37083bac-0b78-4ab7-8270-b85e08b802dc@group-6C7D642D55BA-FollowerState] INFO  impl.RoleInfo (RoleInfo.java:updateAndGet(139)) - 37083bac-0b78-4ab7-8270-b85e08b802dc: start 37083bac-0b78-4ab7-8270-b85e08b802dc@group-6C7D642D55BA-LeaderElection12
2023-09-21 17:51:30,777 [21cefe31-b447-4cde-b371-f0af1d83a0ae@group-2D1511A1FDFB-FollowerState] INFO  impl.FollowerState (FollowerState.java:run(143)) - 21cefe31-b447-4cde-b371-f0af1d83a0ae@group-2D1511A1FDFB-FollowerState: change to CANDIDATE, lastRpcElapsedTime:5016313054ns, electionTimeout:5009ms
2023-09-21 17:51:30,777 [21cefe31-b447-4cde-b371-f0af1d83a0ae@group-2D1511A1FDFB-FollowerState] INFO  impl.RoleInfo (RoleInfo.java:shutdownFollowerState(110)) - 21cefe31-b447-4cde-b371-f0af1d83a0ae: shutdown 21cefe31-b447-4cde-b371-f0af1d83a0ae@group-2D1511A1FDFB-FollowerState
2023-09-21 17:51:30,778 [37083bac-0b78-4ab7-8270-b85e08b802dc@group-6C7D642D55BA-LeaderElection12] INFO  impl.LeaderElection (LeaderElection.java:askForVotes(321)) - 37083bac-0b78-4ab7-8270-b85e08b802dc@group-6C7D642D55BA-LeaderElection12 PRE_VOTE round 0: submit vote requests at term 0 for -1: peers:[21cefe31-b447-4cde-b371-f0af1d83a0ae|rpc:10.1.0.8:15067|admin:10.1.0.8:15066|client:10.1.0.8:15065|dataStream:10.1.0.8:15068|priority:0|startupRole:FOLLOWER, 4cdc299f-4834-4fa6-8ba2-191990d4ad82|rpc:10.1.0.8:15085|admin:10.1.0.8:15084|client:10.1.0.8:15083|dataStream:10.1.0.8:15086|priority:0|startupRole:FOLLOWER, 37083bac-0b78-4ab7-8270-b85e08b802dc|rpc:10.1.0.8:15076|admin:10.1.0.8:15075|client:10.1.0.8:15074|dataStream:10.1.0.8:15077|priority:1|startupRole:FOLLOWER]|listeners:[], old=null
2023-09-21 17:51:30,780 [37083bac-0b78-4ab7-8270-b85e08b802dc@group-6C7D642D55BA-LeaderElection12-1] INFO  server.GrpcServerProtocolClient (GrpcServerProtocolClient.java:<init>(65)) - Build channel for 21cefe31-b447-4cde-b371-f0af1d83a0ae
2023-09-21 17:51:30,781 [21cefe31-b447-4cde-b371-f0af1d83a0ae@group-2D1511A1FDFB-FollowerState] INFO  server.RaftServer$Division (RaftServerImpl.java:setRole(329)) - 21cefe31-b447-4cde-b371-f0af1d83a0ae@group-2D1511A1FDFB: changes role from  FOLLOWER to CANDIDATE at term 0 for changeToCandidate
2023-09-21 17:51:30,781 [37083bac-0b78-4ab7-8270-b85e08b802dc@group-6C7D642D55BA-LeaderElection12] INFO  server.RaftServerConfigKeys (ConfUtils.java:logFallback(53)) - raft.server.rpc.first-election.timeout.min = 5s (fallback to raft.server.rpc.timeout.min)
2023-09-21 17:51:30,781 [21cefe31-b447-4cde-b371-f0af1d83a0ae@group-2D1511A1FDFB-FollowerState] INFO  server.RaftServerConfigKeys (ConfUtils.java:logGet(46)) - raft.server.leaderelection.pre-vote = true (default)
2023-09-21 17:51:30,781 [37083bac-0b78-4ab7-8270-b85e08b802dc@group-6C7D642D55BA-LeaderElection12] INFO  server.RaftServerConfigKeys (ConfUtils.java:logFallback(53)) - raft.server.rpc.first-election.timeout.max = 5200ms (fallback to raft.server.rpc.timeout.max)
2023-09-21 17:51:30,781 [21cefe31-b447-4cde-b371-f0af1d83a0ae@group-2D1511A1FDFB-FollowerState] INFO  impl.RoleInfo (RoleInfo.java:updateAndGet(139)) - 21cefe31-b447-4cde-b371-f0af1d83a0ae: start 21cefe31-b447-4cde-b371-f0af1d83a0ae@group-2D1511A1FDFB-LeaderElection13
2023-09-21 17:51:30,781 [37083bac-0b78-4ab7-8270-b85e08b802dc@group-6C7D642D55BA-LeaderElection12-2] INFO  server.GrpcServerProtocolClient (GrpcServerProtocolClient.java:<init>(65)) - Build channel for 4cdc299f-4834-4fa6-8ba2-191990d4ad82
2023-09-21 17:51:30,782 [21cefe31-b447-4cde-b371-f0af1d83a0ae@group-2D1511A1FDFB-LeaderElection13] INFO  impl.LeaderElection (LeaderElection.java:askForVotes(321)) - 21cefe31-b447-4cde-b371-f0af1d83a0ae@group-2D1511A1FDFB-LeaderElection13 PRE_VOTE round 0: submit vote requests at term 0 for -1: peers:[21cefe31-b447-4cde-b371-f0af1d83a0ae|rpc:10.1.0.8:15067|admin:10.1.0.8:15066|client:10.1.0.8:15065|dataStream:10.1.0.8:15068|priority:1|startupRole:FOLLOWER, 4cdc299f-4834-4fa6-8ba2-191990d4ad82|rpc:10.1.0.8:15085|admin:10.1.0.8:15084|client:10.1.0.8:15083|dataStream:10.1.0.8:15086|priority:0|startupRole:FOLLOWER, 37083bac-0b78-4ab7-8270-b85e08b802dc|rpc:10.1.0.8:15076|admin:10.1.0.8:15075|client:10.1.0.8:15074|dataStream:10.1.0.8:15077|priority:0|startupRole:FOLLOWER]|listeners:[], old=null
2023-09-21 17:51:30,786 [grpc-default-executor-10] INFO  server.RaftServer$Division (RaftServerImpl.java:requestVote(1302)) - 37083bac-0b78-4ab7-8270-b85e08b802dc@group-6C7D642D55BA: receive requestVote(PRE_VOTE, 21cefe31-b447-4cde-b371-f0af1d83a0ae, group-6C7D642D55BA, 0, (t:0, i:0))
2023-09-21 17:51:30,786 [grpc-default-executor-10] INFO  impl.VoteContext (VoteContext.java:log(49)) - 37083bac-0b78-4ab7-8270-b85e08b802dc@group-6C7D642D55BA-CANDIDATE: reject PRE_VOTE from 21cefe31-b447-4cde-b371-f0af1d83a0ae: our priority 1 > candidate's priority 0
2023-09-21 17:51:30,786 [grpc-default-executor-10] INFO  server.RaftServer$Division (RaftServerImpl.java:requestVote(1335)) - 37083bac-0b78-4ab7-8270-b85e08b802dc@group-6C7D642D55BA replies to PRE_VOTE vote request: 21cefe31-b447-4cde-b371-f0af1d83a0ae<-37083bac-0b78-4ab7-8270-b85e08b802dc#0:FAIL-t0. Peer's state: 37083bac-0b78-4ab7-8270-b85e08b802dc@group-6C7D642D55BA:t0, leader=null, voted=, raftlog=Memoized:37083bac-0b78-4ab7-8270-b85e08b802dc@group-6C7D642D55BA-SegmentedRaftLog:OPENED:c-1, conf=-1: peers:[21cefe31-b447-4cde-b371-f0af1d83a0ae|rpc:10.1.0.8:15067|admin:10.1.0.8:15066|client:10.1.0.8:15065|dataStream:10.1.0.8:15068|priority:0|startupRole:FOLLOWER, 4cdc299f-4834-4fa6-8ba2-191990d4ad82|rpc:10.1.0.8:15085|admin:10.1.0.8:15084|client:10.1.0.8:15083|dataStream:10.1.0.8:15086|priority:0|startupRole:FOLLOWER, 37083bac-0b78-4ab7-8270-b85e08b802dc|rpc:10.1.0.8:15076|admin:10.1.0.8:15075|client:10.1.0.8:15074|dataStream:10.1.0.8:15077|priority:1|startupRole:FOLLOWER]|listeners:[], old=null
2023-09-21 17:51:30,787 [21cefe31-b447-4cde-b371-f0af1d83a0ae@group-6C7D642D55BA-LeaderElection11] INFO  impl.LeaderElection (LeaderElection.java:logAndReturn(90)) - 21cefe31-b447-4cde-b371-f0af1d83a0ae@group-6C7D642D55BA-LeaderElection11: PRE_VOTE REJECTED received 2 response(s) and 0 exception(s):
2023-09-21 17:51:30,787 [21cefe31-b447-4cde-b371-f0af1d83a0ae@group-6C7D642D55BA-LeaderElection11] INFO  impl.LeaderElection (LeaderElection.java:logAndReturn(94)) -   Response 0: 21cefe31-b447-4cde-b371-f0af1d83a0ae<-4cdc299f-4834-4fa6-8ba2-191990d4ad82#0:OK-t0
2023-09-21 17:51:30,787 [21cefe31-b447-4cde-b371-f0af1d83a0ae@group-6C7D642D55BA-LeaderElection11] INFO  impl.LeaderElection (LeaderElection.java:logAndReturn(94)) -   Response 1: 21cefe31-b447-4cde-b371-f0af1d83a0ae<-37083bac-0b78-4ab7-8270-b85e08b802dc#0:FAIL-t0
2023-09-21 17:51:30,790 [21cefe31-b447-4cde-b371-f0af1d83a0ae@group-2D1511A1FDFB-LeaderElection13] INFO  server.RaftServerConfigKeys (ConfUtils.java:logFallback(53)) - raft.server.rpc.first-election.timeout.min = 5s (fallback to raft.server.rpc.timeout.min)
2023-09-21 17:51:30,790 [21cefe31-b447-4cde-b371-f0af1d83a0ae@group-2D1511A1FDFB-LeaderElection13] INFO  server.RaftServerConfigKeys (ConfUtils.java:logFallback(53)) - raft.server.rpc.first-election.timeout.max = 5200ms (fallback to raft.server.rpc.timeout.max)
2023-09-21 17:51:30,791 [grpc-default-executor-10] INFO  server.RaftServer$Division (RaftServerImpl.java:requestVote(1302)) - 37083bac-0b78-4ab7-8270-b85e08b802dc@group-2D1511A1FDFB: receive requestVote(PRE_VOTE, 21cefe31-b447-4cde-b371-f0af1d83a0ae, group-2D1511A1FDFB, 0, (t:0, i:0))
2023-09-21 17:51:30,791 [grpc-default-executor-10] INFO  impl.VoteContext (VoteContext.java:log(49)) - 37083bac-0b78-4ab7-8270-b85e08b802dc@group-2D1511A1FDFB-FOLLOWER: accept PRE_VOTE from 21cefe31-b447-4cde-b371-f0af1d83a0ae: our priority 0 <= candidate's priority 1
2023-09-21 17:51:30,791 [grpc-default-executor-10] INFO  server.RaftServer$Division (RaftServerImpl.java:requestVote(1335)) - 37083bac-0b78-4ab7-8270-b85e08b802dc@group-2D1511A1FDFB replies to PRE_VOTE vote request: 21cefe31-b447-4cde-b371-f0af1d83a0ae<-37083bac-0b78-4ab7-8270-b85e08b802dc#0:OK-t0. Peer's state: 37083bac-0b78-4ab7-8270-b85e08b802dc@group-2D1511A1FDFB:t0, leader=null, voted=, raftlog=Memoized:37083bac-0b78-4ab7-8270-b85e08b802dc@group-2D1511A1FDFB-SegmentedRaftLog:OPENED:c-1, conf=-1: peers:[21cefe31-b447-4cde-b371-f0af1d83a0ae|rpc:10.1.0.8:15067|admin:10.1.0.8:15066|client:10.1.0.8:15065|dataStream:10.1.0.8:15068|priority:1|startupRole:FOLLOWER, 4cdc299f-4834-4fa6-8ba2-191990d4ad82|rpc:10.1.0.8:15085|admin:10.1.0.8:15084|client:10.1.0.8:15083|dataStream:10.1.0.8:15086|priority:0|startupRole:FOLLOWER, 37083bac-0b78-4ab7-8270-b85e08b802dc|rpc:10.1.0.8:15076|admin:10.1.0.8:15075|client:10.1.0.8:15074|dataStream:10.1.0.8:15077|priority:0|startupRole:FOLLOWER]|listeners:[], old=null
2023-09-21 17:51:30,791 [21cefe31-b447-4cde-b371-f0af1d83a0ae@group-2D1511A1FDFB-LeaderElection13] INFO  impl.LeaderElection (LeaderElection.java:logAndReturn(90)) - 21cefe31-b447-4cde-b371-f0af1d83a0ae@group-2D1511A1FDFB-LeaderElection13: PRE_VOTE PASSED received 1 response(s) and 0 exception(s):
2023-09-21 17:51:30,792 [21cefe31-b447-4cde-b371-f0af1d83a0ae@group-2D1511A1FDFB-LeaderElection13] INFO  impl.LeaderElection (LeaderElection.java:logAndReturn(94)) -   Response 0: 21cefe31-b447-4cde-b371-f0af1d83a0ae<-37083bac-0b78-4ab7-8270-b85e08b802dc#0:OK-t0
2023-09-21 17:51:30,792 [21cefe31-b447-4cde-b371-f0af1d83a0ae@group-2D1511A1FDFB-LeaderElection13] INFO  impl.LeaderElection (LeaderElection.java:askForVotes(323)) - 21cefe31-b447-4cde-b371-f0af1d83a0ae@group-2D1511A1FDFB-LeaderElection13 PRE_VOTE round 0: result PASSED
2023-09-21 17:51:30,792 [21cefe31-b447-4cde-b371-f0af1d83a0ae@group-6C7D642D55BA-LeaderElection11] INFO  impl.LeaderElection (LeaderElection.java:askForVotes(323)) - 21cefe31-b447-4cde-b371-f0af1d83a0ae@group-6C7D642D55BA-LeaderElection11 PRE_VOTE round 0: result REJECTED
2023-09-21 17:51:30,792 [21cefe31-b447-4cde-b371-f0af1d83a0ae@group-6C7D642D55BA-LeaderElection11] INFO  server.RaftServer$Division (RaftServerImpl.java:setRole(329)) - 21cefe31-b447-4cde-b371-f0af1d83a0ae@group-6C7D642D55BA: changes role from CANDIDATE to FOLLOWER at term 0 for REJECTED
2023-09-21 17:51:30,796 [21cefe31-b447-4cde-b371-f0af1d83a0ae@group-6C7D642D55BA-LeaderElection11] INFO  impl.RoleInfo (RoleInfo.java:shutdownLeaderElection(130)) - 21cefe31-b447-4cde-b371-f0af1d83a0ae: shutdown 21cefe31-b447-4cde-b371-f0af1d83a0ae@group-6C7D642D55BA-LeaderElection11
2023-09-21 17:51:30,796 [21cefe31-b447-4cde-b371-f0af1d83a0ae@group-2D1511A1FDFB-LeaderElection13] INFO  impl.LeaderElection (LeaderElection.java:askForVotes(321)) - 21cefe31-b447-4cde-b371-f0af1d83a0ae@group-2D1511A1FDFB-LeaderElection13 ELECTION round 0: submit vote requests at term 1 for -1: peers:[21cefe31-b447-4cde-b371-f0af1d83a0ae|rpc:10.1.0.8:15067|admin:10.1.0.8:15066|client:10.1.0.8:15065|dataStream:10.1.0.8:15068|priority:1|startupRole:FOLLOWER, 4cdc299f-4834-4fa6-8ba2-191990d4ad82|rpc:10.1.0.8:15085|admin:10.1.0.8:15084|client:10.1.0.8:15083|dataStream:10.1.0.8:15086|priority:0|startupRole:FOLLOWER, 37083bac-0b78-4ab7-8270-b85e08b802dc|rpc:10.1.0.8:15076|admin:10.1.0.8:15075|client:10.1.0.8:15074|dataStream:10.1.0.8:15077|priority:0|startupRole:FOLLOWER]|listeners:[], old=null
2023-09-21 17:51:30,796 [21cefe31-b447-4cde-b371-f0af1d83a0ae@group-6C7D642D55BA-LeaderElection11] INFO  impl.RoleInfo (RoleInfo.java:updateAndGet(139)) - 21cefe31-b447-4cde-b371-f0af1d83a0ae: start 21cefe31-b447-4cde-b371-f0af1d83a0ae@group-6C7D642D55BA-FollowerState
2023-09-21 17:51:30,802 [grpc-default-executor-10] INFO  server.RaftServer$Division (RaftServerImpl.java:requestVote(1302)) - 4cdc299f-4834-4fa6-8ba2-191990d4ad82@group-2D1511A1FDFB: receive requestVote(PRE_VOTE, 21cefe31-b447-4cde-b371-f0af1d83a0ae, group-2D1511A1FDFB, 0, (t:0, i:0))
2023-09-21 17:51:30,802 [21cefe31-b447-4cde-b371-f0af1d83a0ae@group-2D1511A1FDFB-LeaderElection13] INFO  server.RaftServerConfigKeys (ConfUtils.java:logFallback(53)) - raft.server.rpc.first-election.timeout.min = 5s (fallback to raft.server.rpc.timeout.min)
2023-09-21 17:51:30,802 [grpc-default-executor-10] INFO  impl.VoteContext (VoteContext.java:log(49)) - 4cdc299f-4834-4fa6-8ba2-191990d4ad82@group-2D1511A1FDFB-FOLLOWER: accept PRE_VOTE from 21cefe31-b447-4cde-b371-f0af1d83a0ae: our priority 0 <= candidate's priority 1
2023-09-21 17:51:30,802 [21cefe31-b447-4cde-b371-f0af1d83a0ae@group-2D1511A1FDFB-LeaderElection13] INFO  server.RaftServerConfigKeys (ConfUtils.java:logFallback(53)) - raft.server.rpc.first-election.timeout.max = 5200ms (fallback to raft.server.rpc.timeout.max)
2023-09-21 17:51:30,803 [grpc-default-executor-10] INFO  server.RaftServer$Division (RaftServerImpl.java:requestVote(1335)) - 4cdc299f-4834-4fa6-8ba2-191990d4ad82@group-2D1511A1FDFB replies to PRE_VOTE vote request: 21cefe31-b447-4cde-b371-f0af1d83a0ae<-4cdc299f-4834-4fa6-8ba2-191990d4ad82#0:OK-t0. Peer's state: 4cdc299f-4834-4fa6-8ba2-191990d4ad82@group-2D1511A1FDFB:t0, leader=null, voted=, raftlog=Memoized:4cdc299f-4834-4fa6-8ba2-191990d4ad82@group-2D1511A1FDFB-SegmentedRaftLog:OPENED:c-1, conf=-1: peers:[21cefe31-b447-4cde-b371-f0af1d83a0ae|rpc:10.1.0.8:15067|admin:10.1.0.8:15066|client:10.1.0.8:15065|dataStream:10.1.0.8:15068|priority:1|startupRole:FOLLOWER, 4cdc299f-4834-4fa6-8ba2-191990d4ad82|rpc:10.1.0.8:15085|admin:10.1.0.8:15084|client:10.1.0.8:15083|dataStream:10.1.0.8:15086|priority:0|startupRole:FOLLOWER, 37083bac-0b78-4ab7-8270-b85e08b802dc|rpc:10.1.0.8:15076|admin:10.1.0.8:15075|client:10.1.0.8:15074|dataStream:10.1.0.8:15077|priority:0|startupRole:FOLLOWER]|listeners:[], old=null
2023-09-21 17:51:30,805 [grpc-default-executor-8] INFO  server.RaftServer$Division (RaftServerImpl.java:requestVote(1302)) - 4cdc299f-4834-4fa6-8ba2-191990d4ad82@group-2D1511A1FDFB: receive requestVote(ELECTION, 21cefe31-b447-4cde-b371-f0af1d83a0ae, group-2D1511A1FDFB, 1, (t:0, i:0))
2023-09-21 17:51:30,810 [grpc-default-executor-8] INFO  impl.VoteContext (VoteContext.java:log(49)) - 4cdc299f-4834-4fa6-8ba2-191990d4ad82@group-2D1511A1FDFB-FOLLOWER: accept ELECTION from 21cefe31-b447-4cde-b371-f0af1d83a0ae: our priority 0 <= candidate's priority 1
2023-09-21 17:51:30,810 [grpc-default-executor-8] INFO  server.RaftServer$Division (RaftServerImpl.java:setRole(329)) - 4cdc299f-4834-4fa6-8ba2-191990d4ad82@group-2D1511A1FDFB: changes role from  FOLLOWER to FOLLOWER at term 1 for candidate:21cefe31-b447-4cde-b371-f0af1d83a0ae
2023-09-21 17:51:30,810 [grpc-default-executor-8] INFO  impl.RoleInfo (RoleInfo.java:shutdownFollowerState(110)) - 4cdc299f-4834-4fa6-8ba2-191990d4ad82: shutdown 4cdc299f-4834-4fa6-8ba2-191990d4ad82@group-2D1511A1FDFB-FollowerState
2023-09-21 17:51:30,810 [grpc-default-executor-8] INFO  impl.RoleInfo (RoleInfo.java:updateAndGet(139)) - 4cdc299f-4834-4fa6-8ba2-191990d4ad82: start 4cdc299f-4834-4fa6-8ba2-191990d4ad82@group-2D1511A1FDFB-FollowerState
2023-09-21 17:51:30,810 [4cdc299f-4834-4fa6-8ba2-191990d4ad82@group-2D1511A1FDFB-FollowerState] INFO  impl.FollowerState (FollowerState.java:run(152)) - 4cdc299f-4834-4fa6-8ba2-191990d4ad82@group-2D1511A1FDFB-FollowerState was interrupted
2023-09-21 17:51:30,811 [grpc-default-executor-10] INFO  server.RaftServer$Division (RaftServerImpl.java:requestVote(1302)) - 37083bac-0b78-4ab7-8270-b85e08b802dc@group-2D1511A1FDFB: receive requestVote(ELECTION, 21cefe31-b447-4cde-b371-f0af1d83a0ae, group-2D1511A1FDFB, 1, (t:0, i:0))
2023-09-21 17:51:30,811 [grpc-default-executor-10] INFO  impl.VoteContext (VoteContext.java:log(49)) - 37083bac-0b78-4ab7-8270-b85e08b802dc@group-2D1511A1FDFB-FOLLOWER: accept ELECTION from 21cefe31-b447-4cde-b371-f0af1d83a0ae: our priority 0 <= candidate's priority 1
2023-09-21 17:51:30,811 [grpc-default-executor-10] INFO  server.RaftServer$Division (RaftServerImpl.java:setRole(329)) - 37083bac-0b78-4ab7-8270-b85e08b802dc@group-2D1511A1FDFB: changes role from  FOLLOWER to FOLLOWER at term 1 for candidate:21cefe31-b447-4cde-b371-f0af1d83a0ae
2023-09-21 17:51:30,812 [grpc-default-executor-10] INFO  impl.RoleInfo (RoleInfo.java:shutdownFollowerState(110)) - 37083bac-0b78-4ab7-8270-b85e08b802dc: shutdown 37083bac-0b78-4ab7-8270-b85e08b802dc@group-2D1511A1FDFB-FollowerState
2023-09-21 17:51:30,812 [grpc-default-executor-10] INFO  impl.RoleInfo (RoleInfo.java:updateAndGet(139)) - 37083bac-0b78-4ab7-8270-b85e08b802dc: start 37083bac-0b78-4ab7-8270-b85e08b802dc@group-2D1511A1FDFB-FollowerState
2023-09-21 17:51:30,812 [37083bac-0b78-4ab7-8270-b85e08b802dc@group-2D1511A1FDFB-FollowerState] INFO  impl.FollowerState (FollowerState.java:run(152)) - 37083bac-0b78-4ab7-8270-b85e08b802dc@group-2D1511A1FDFB-FollowerState was interrupted
2023-09-21 17:51:30,812 [grpc-default-executor-8] INFO  server.RaftServer$Division (RaftServerImpl.java:requestVote(1335)) - 4cdc299f-4834-4fa6-8ba2-191990d4ad82@group-2D1511A1FDFB replies to ELECTION vote request: 21cefe31-b447-4cde-b371-f0af1d83a0ae<-4cdc299f-4834-4fa6-8ba2-191990d4ad82#0:OK-t1. Peer's state: 4cdc299f-4834-4fa6-8ba2-191990d4ad82@group-2D1511A1FDFB:t1, leader=null, voted=21cefe31-b447-4cde-b371-f0af1d83a0ae, raftlog=Memoized:4cdc299f-4834-4fa6-8ba2-191990d4ad82@group-2D1511A1FDFB-SegmentedRaftLog:OPENED:c-1, conf=-1: peers:[21cefe31-b447-4cde-b371-f0af1d83a0ae|rpc:10.1.0.8:15067|admin:10.1.0.8:15066|client:10.1.0.8:15065|dataStream:10.1.0.8:15068|priority:1|startupRole:FOLLOWER, 4cdc299f-4834-4fa6-8ba2-191990d4ad82|rpc:10.1.0.8:15085|admin:10.1.0.8:15084|client:10.1.0.8:15083|dataStream:10.1.0.8:15086|priority:0|startupRole:FOLLOWER, 37083bac-0b78-4ab7-8270-b85e08b802dc|rpc:10.1.0.8:15076|admin:10.1.0.8:15075|client:10.1.0.8:15074|dataStream:10.1.0.8:15077|priority:0|startupRole:FOLLOWER]|listeners:[], old=null
2023-09-21 17:51:30,813 [21cefe31-b447-4cde-b371-f0af1d83a0ae@group-2D1511A1FDFB-LeaderElection13] INFO  impl.LeaderElection (LeaderElection.java:logAndReturn(90)) - 21cefe31-b447-4cde-b371-f0af1d83a0ae@group-2D1511A1FDFB-LeaderElection13: ELECTION PASSED received 1 response(s) and 0 exception(s):
2023-09-21 17:51:30,814 [21cefe31-b447-4cde-b371-f0af1d83a0ae@group-2D1511A1FDFB-LeaderElection13] INFO  impl.LeaderElection (LeaderElection.java:logAndReturn(94)) -   Response 0: 21cefe31-b447-4cde-b371-f0af1d83a0ae<-4cdc299f-4834-4fa6-8ba2-191990d4ad82#0:OK-t1
2023-09-21 17:51:30,814 [grpc-default-executor-10] INFO  server.RaftServer$Division (RaftServerImpl.java:requestVote(1335)) - 37083bac-0b78-4ab7-8270-b85e08b802dc@group-2D1511A1FDFB replies to ELECTION vote request: 21cefe31-b447-4cde-b371-f0af1d83a0ae<-37083bac-0b78-4ab7-8270-b85e08b802dc#0:OK-t1. Peer's state: 37083bac-0b78-4ab7-8270-b85e08b802dc@group-2D1511A1FDFB:t1, leader=null, voted=21cefe31-b447-4cde-b371-f0af1d83a0ae, raftlog=Memoized:37083bac-0b78-4ab7-8270-b85e08b802dc@group-2D1511A1FDFB-SegmentedRaftLog:OPENED:c-1, conf=-1: peers:[21cefe31-b447-4cde-b371-f0af1d83a0ae|rpc:10.1.0.8:15067|admin:10.1.0.8:15066|client:10.1.0.8:15065|dataStream:10.1.0.8:15068|priority:1|startupRole:FOLLOWER, 4cdc299f-4834-4fa6-8ba2-191990d4ad82|rpc:10.1.0.8:15085|admin:10.1.0.8:15084|client:10.1.0.8:15083|dataStream:10.1.0.8:15086|priority:0|startupRole:FOLLOWER, 37083bac-0b78-4ab7-8270-b85e08b802dc|rpc:10.1.0.8:15076|admin:10.1.0.8:15075|client:10.1.0.8:15074|dataStream:10.1.0.8:15077|priority:0|startupRole:FOLLOWER]|listeners:[], old=null
2023-09-21 17:51:30,814 [21cefe31-b447-4cde-b371-f0af1d83a0ae@group-2D1511A1FDFB-LeaderElection13] INFO  impl.LeaderElection (LeaderElection.java:askForVotes(323)) - 21cefe31-b447-4cde-b371-f0af1d83a0ae@group-2D1511A1FDFB-LeaderElection13 ELECTION round 0: result PASSED
2023-09-21 17:51:30,814 [21cefe31-b447-4cde-b371-f0af1d83a0ae@group-2D1511A1FDFB-LeaderElection13] INFO  impl.RoleInfo (RoleInfo.java:shutdownLeaderElection(130)) - 21cefe31-b447-4cde-b371-f0af1d83a0ae: shutdown 21cefe31-b447-4cde-b371-f0af1d83a0ae@group-2D1511A1FDFB-LeaderElection13
2023-09-21 17:51:30,814 [21cefe31-b447-4cde-b371-f0af1d83a0ae@group-2D1511A1FDFB-LeaderElection13] INFO  server.RaftServer$Division (RaftServerImpl.java:setRole(329)) - 21cefe31-b447-4cde-b371-f0af1d83a0ae@group-2D1511A1FDFB: changes role from CANDIDATE to LEADER at term 1 for changeToLeader
2023-09-21 17:51:30,814 [21cefe31-b447-4cde-b371-f0af1d83a0ae@group-2D1511A1FDFB-LeaderElection13] INFO  ratis.XceiverServerRatis (XceiverServerRatis.java:handleLeaderChangedNotification(902)) - Leader change notification received for group: group-2D1511A1FDFB with new leaderId: 21cefe31-b447-4cde-b371-f0af1d83a0ae
2023-09-21 17:51:30,814 [21cefe31-b447-4cde-b371-f0af1d83a0ae@group-2D1511A1FDFB-LeaderElection13] INFO  server.RaftServer$Division (ServerState.java:setLeader(317)) - 21cefe31-b447-4cde-b371-f0af1d83a0ae@group-2D1511A1FDFB: change Leader from null to 21cefe31-b447-4cde-b371-f0af1d83a0ae at term 1 for becomeLeader, leader elected after 5075ms
2023-09-21 17:51:30,814 [21cefe31-b447-4cde-b371-f0af1d83a0ae@group-2D1511A1FDFB-LeaderElection13] INFO  server.RaftServerConfigKeys (ConfUtils.java:logGet(46)) - raft.server.staging.catchup.gap = 1000 (default)
2023-09-21 17:51:30,814 [21cefe31-b447-4cde-b371-f0af1d83a0ae@group-2D1511A1FDFB-LeaderElection13] INFO  server.RaftServerConfigKeys (ConfUtils.java:logGet(46)) - raft.server.write.element-limit = 1024 (custom)
2023-09-21 17:51:30,814 [21cefe31-b447-4cde-b371-f0af1d83a0ae@group-2D1511A1FDFB-LeaderElection13] INFO  server.RaftServerConfigKeys (ConfUtils.java:logGet(46)) - raft.server.write.byte-limit = 1024 M (=1073741824) (custom)
2023-09-21 17:51:30,815 [21cefe31-b447-4cde-b371-f0af1d83a0ae@group-2D1511A1FDFB-LeaderElection13] INFO  server.RaftServerConfigKeys (ConfUtils.java:logGet(46)) - raft.server.watch.timeout = 180s (custom)
2023-09-21 17:51:30,815 [21cefe31-b447-4cde-b371-f0af1d83a0ae@group-2D1511A1FDFB-LeaderElection13] INFO  server.RaftServerConfigKeys (ConfUtils.java:logGet(46)) - raft.server.watch.timeout.denomination = 1s (default)
2023-09-21 17:51:30,815 [21cefe31-b447-4cde-b371-f0af1d83a0ae@group-2D1511A1FDFB-LeaderElection13] INFO  server.RaftServerConfigKeys (ConfUtils.java:logGet(46)) - raft.server.watch.element-limit = 65536 (default)
2023-09-21 17:51:30,815 [21cefe31-b447-4cde-b371-f0af1d83a0ae@group-2D1511A1FDFB-LeaderElection13] INFO  server.RaftServerConfigKeys (ConfUtils.java:logGet(46)) - raft.server.write.element-limit = 1024 (custom)
2023-09-21 17:51:30,815 [21cefe31-b447-4cde-b371-f0af1d83a0ae@group-2D1511A1FDFB-LeaderElection13] INFO  server.RaftServerConfigKeys (ConfUtils.java:logGet(46)) - raft.server.write.follower.gap.ratio.max = -1.0 (default)
2023-09-21 17:51:30,816 [21cefe31-b447-4cde-b371-f0af1d83a0ae@group-2D1511A1FDFB-LeaderElection13] INFO  server.RaftServerConfigKeys (ConfUtils.java:logGet(46)) - raft.server.log.appender.snapshot.chunk.size.max = 16MB (=16777216) (default)
2023-09-21 17:51:30,816 [21cefe31-b447-4cde-b371-f0af1d83a0ae@group-2D1511A1FDFB-LeaderElection13] INFO  server.RaftServerConfigKeys (ConfUtils.java:logGet(46)) - raft.server.log.appender.buffer.byte-limit = 33554432 (custom)
2023-09-21 17:51:30,816 [21cefe31-b447-4cde-b371-f0af1d83a0ae@group-2D1511A1FDFB-LeaderElection13] INFO  server.RaftServerConfigKeys (ConfUtils.java:logGet(46)) - raft.server.log.appender.buffer.element-limit = 1 (custom)
2023-09-21 17:51:30,816 [21cefe31-b447-4cde-b371-f0af1d83a0ae@group-2D1511A1FDFB-LeaderElection13] INFO  server.RaftServerConfigKeys (ConfUtils.java:logGet(46)) - raft.server.log.appender.wait-time.min = 10ms (default)
2023-09-21 17:51:30,816 [21cefe31-b447-4cde-b371-f0af1d83a0ae@group-2D1511A1FDFB-LeaderElection13] INFO  grpc.GrpcConfigKeys (ConfUtils.java:logGet(46)) - raft.grpc.server.leader.outstanding.appends.max = 128 (default)
2023-09-21 17:51:30,816 [21cefe31-b447-4cde-b371-f0af1d83a0ae@group-2D1511A1FDFB-LeaderElection13] INFO  server.RaftServerConfigKeys (ConfUtils.java:logGet(46)) - raft.server.rpc.request.timeout = 60s (custom)
2023-09-21 17:51:30,816 [21cefe31-b447-4cde-b371-f0af1d83a0ae@group-2D1511A1FDFB-LeaderElection13] INFO  grpc.GrpcConfigKeys (ConfUtils.java:logGet(46)) - raft.grpc.server.install_snapshot.request.element-limit = 8 (default)
2023-09-21 17:51:30,816 [21cefe31-b447-4cde-b371-f0af1d83a0ae@group-2D1511A1FDFB-LeaderElection13] INFO  grpc.GrpcConfigKeys (ConfUtils.java:logGet(46)) - raft.grpc.server.install_snapshot.request.timeout = 3000ms (default)
2023-09-21 17:51:30,816 [21cefe31-b447-4cde-b371-f0af1d83a0ae@group-2D1511A1FDFB-LeaderElection13] INFO  server.RaftServerConfigKeys (ConfUtils.java:logGet(46)) - raft.server.log.appender.install.snapshot.enabled = false (custom)
2023-09-21 17:51:30,816 [21cefe31-b447-4cde-b371-f0af1d83a0ae@group-2D1511A1FDFB-LeaderElection13] INFO  grpc.GrpcConfigKeys (ConfUtils.java:logGet(46)) - raft.grpc.server.heartbeat.channel = true (default)
2023-09-21 17:51:30,823 [21cefe31-b447-4cde-b371-f0af1d83a0ae@group-2D1511A1FDFB-LeaderElection13] INFO  server.RaftServerConfigKeys (ConfUtils.java:logGet(46)) - raft.server.log.appender.snapshot.chunk.size.max = 16MB (=16777216) (default)
2023-09-21 17:51:30,823 [21cefe31-b447-4cde-b371-f0af1d83a0ae@group-2D1511A1FDFB-LeaderElection13] INFO  server.RaftServerConfigKeys (ConfUtils.java:logGet(46)) - raft.server.log.appender.buffer.byte-limit = 33554432 (custom)
2023-09-21 17:51:30,823 [21cefe31-b447-4cde-b371-f0af1d83a0ae@group-2D1511A1FDFB-LeaderElection13] INFO  server.RaftServerConfigKeys (ConfUtils.java:logGet(46)) - raft.server.log.appender.buffer.element-limit = 1 (custom)
2023-09-21 17:51:30,823 [21cefe31-b447-4cde-b371-f0af1d83a0ae@group-2D1511A1FDFB-LeaderElection13] INFO  server.RaftServerConfigKeys (ConfUtils.java:logGet(46)) - raft.server.log.appender.wait-time.min = 10ms (default)
2023-09-21 17:51:30,823 [21cefe31-b447-4cde-b371-f0af1d83a0ae@group-2D1511A1FDFB-LeaderElection13] INFO  grpc.GrpcConfigKeys (ConfUtils.java:logGet(46)) - raft.grpc.server.leader.outstanding.appends.max = 128 (default)
2023-09-21 17:51:30,823 [21cefe31-b447-4cde-b371-f0af1d83a0ae@group-2D1511A1FDFB-LeaderElection13] INFO  server.RaftServerConfigKeys (ConfUtils.java:logGet(46)) - raft.server.rpc.request.timeout = 60s (custom)
2023-09-21 17:51:30,824 [21cefe31-b447-4cde-b371-f0af1d83a0ae@group-2D1511A1FDFB-LeaderElection13] INFO  grpc.GrpcConfigKeys (ConfUtils.java:logGet(46)) - raft.grpc.server.install_snapshot.request.element-limit = 8 (default)
2023-09-21 17:51:30,824 [21cefe31-b447-4cde-b371-f0af1d83a0ae@group-2D1511A1FDFB-LeaderElection13] INFO  grpc.GrpcConfigKeys (ConfUtils.java:logGet(46)) - raft.grpc.server.install_snapshot.request.timeout = 3000ms (default)
2023-09-21 17:51:30,824 [21cefe31-b447-4cde-b371-f0af1d83a0ae@group-2D1511A1FDFB-LeaderElection13] INFO  server.RaftServerConfigKeys (ConfUtils.java:logGet(46)) - raft.server.log.appender.install.snapshot.enabled = false (custom)
2023-09-21 17:51:30,824 [21cefe31-b447-4cde-b371-f0af1d83a0ae@group-2D1511A1FDFB-LeaderElection13] INFO  grpc.GrpcConfigKeys (ConfUtils.java:logGet(46)) - raft.grpc.server.heartbeat.channel = true (default)
2023-09-21 17:51:30,824 [21cefe31-b447-4cde-b371-f0af1d83a0ae@group-2D1511A1FDFB-LeaderElection13] INFO  impl.RoleInfo (RoleInfo.java:updateAndGet(139)) - 21cefe31-b447-4cde-b371-f0af1d83a0ae: start 21cefe31-b447-4cde-b371-f0af1d83a0ae@group-2D1511A1FDFB-LeaderStateImpl
2023-09-21 17:51:30,824 [21cefe31-b447-4cde-b371-f0af1d83a0ae@group-2D1511A1FDFB-LeaderElection13] INFO  segmented.SegmentedRaftLogWorker (SegmentedRaftLogWorker.java:startLogSegment(447)) - 21cefe31-b447-4cde-b371-f0af1d83a0ae@group-2D1511A1FDFB-SegmentedRaftLogWorker: Starting segment from index:0
2023-09-21 17:51:30,826 [21cefe31-b447-4cde-b371-f0af1d83a0ae@group-2D1511A1FDFB-SegmentedRaftLogWorker] INFO  segmented.SegmentedRaftLogWorker (SegmentedRaftLogWorker.java:execute(651)) - 21cefe31-b447-4cde-b371-f0af1d83a0ae@group-2D1511A1FDFB-SegmentedRaftLogWorker: created new log segment /home/runner/work/ozone/ozone/hadoop-ozone/integration-test/target/test-dir/MiniOzoneClusterImpl-04a8daa2-1161-4e20-9dee-837792427303/datanode-0/data/ratis/2ad25144-9226-4704-bb1a-2d1511a1fdfb/current/log_inprogress_0
2023-09-21 17:51:30,832 [21cefe31-b447-4cde-b371-f0af1d83a0ae@group-2D1511A1FDFB-LeaderElection13] INFO  server.RaftServer$Division (ServerState.java:setRaftConf(434)) - 21cefe31-b447-4cde-b371-f0af1d83a0ae@group-2D1511A1FDFB: set configuration 0: peers:[21cefe31-b447-4cde-b371-f0af1d83a0ae|rpc:10.1.0.8:15067|admin:10.1.0.8:15066|client:10.1.0.8:15065|dataStream:10.1.0.8:15068|priority:1|startupRole:FOLLOWER, 4cdc299f-4834-4fa6-8ba2-191990d4ad82|rpc:10.1.0.8:15085|admin:10.1.0.8:15084|client:10.1.0.8:15083|dataStream:10.1.0.8:15086|priority:0|startupRole:FOLLOWER, 37083bac-0b78-4ab7-8270-b85e08b802dc|rpc:10.1.0.8:15076|admin:10.1.0.8:15075|client:10.1.0.8:15074|dataStream:10.1.0.8:15077|priority:0|startupRole:FOLLOWER]|listeners:[], old=null
2023-09-21 17:51:30,834 [grpc-default-executor-9] INFO  server.RaftServer$Division (RaftServerImpl.java:requestVote(1302)) - 4cdc299f-4834-4fa6-8ba2-191990d4ad82@group-6C7D642D55BA: receive requestVote(PRE_VOTE, 37083bac-0b78-4ab7-8270-b85e08b802dc, group-6C7D642D55BA, 0, (t:0, i:0))
2023-09-21 17:51:30,837 [4cdc299f-4834-4fa6-8ba2-191990d4ad82@group-6C7D642D55BA-FollowerState] INFO  server.RaftServerConfigKeys (ConfUtils.java:logFallback(53)) - raft.server.rpc.first-election.timeout.min = 5s (fallback to raft.server.rpc.timeout.min)
2023-09-21 17:51:30,837 [4cdc299f-4834-4fa6-8ba2-191990d4ad82@group-6C7D642D55BA-FollowerState] INFO  server.RaftServerConfigKeys (ConfUtils.java:logFallback(53)) - raft.server.rpc.first-election.timeout.max = 5200ms (fallback to raft.server.rpc.timeout.max)
2023-09-21 17:51:30,838 [grpc-default-executor-9] INFO  impl.VoteContext (VoteContext.java:log(49)) - 4cdc299f-4834-4fa6-8ba2-191990d4ad82@group-6C7D642D55BA-FOLLOWER: accept PRE_VOTE from 37083bac-0b78-4ab7-8270-b85e08b802dc: our priority 0 <= candidate's priority 1
2023-09-21 17:51:30,838 [grpc-default-executor-9] INFO  server.RaftServer$Division (RaftServerImpl.java:requestVote(1335)) - 4cdc299f-4834-4fa6-8ba2-191990d4ad82@group-6C7D642D55BA replies to PRE_VOTE vote request: 37083bac-0b78-4ab7-8270-b85e08b802dc<-4cdc299f-4834-4fa6-8ba2-191990d4ad82#0:OK-t0. Peer's state: 4cdc299f-4834-4fa6-8ba2-191990d4ad82@group-6C7D642D55BA:t0, leader=null, voted=, raftlog=Memoized:4cdc299f-4834-4fa6-8ba2-191990d4ad82@group-6C7D642D55BA-SegmentedRaftLog:OPENED:c-1, conf=-1: peers:[21cefe31-b447-4cde-b371-f0af1d83a0ae|rpc:10.1.0.8:15067|admin:10.1.0.8:15066|client:10.1.0.8:15065|dataStream:10.1.0.8:15068|priority:0|startupRole:FOLLOWER, 4cdc299f-4834-4fa6-8ba2-191990d4ad82|rpc:10.1.0.8:15085|admin:10.1.0.8:15084|client:10.1.0.8:15083|dataStream:10.1.0.8:15086|priority:0|startupRole:FOLLOWER, 37083bac-0b78-4ab7-8270-b85e08b802dc|rpc:10.1.0.8:15076|admin:10.1.0.8:15075|client:10.1.0.8:15074|dataStream:10.1.0.8:15077|priority:1|startupRole:FOLLOWER]|listeners:[], old=null
2023-09-21 17:51:30,842 [EventQueue-PipelineReportForPipelineReportHandler] INFO  pipeline.PipelineReportHandler (PipelineReportHandler.java:processPipelineReport(136)) - Opened pipeline PipelineID=2ad25144-9226-4704-bb1a-2d1511a1fdfb
2023-09-21 17:51:30,842 [EventQueue-OpenPipelineForHealthyPipelineSafeModeRule] INFO  safemode.SCMSafeModeManager (HealthyPipelineSafeModeRule.java:process(137)) - SCM in safe mode. Healthy pipelines reported count is 1, required healthy pipeline reported count is 1
2023-09-21 17:51:30,843 [EventQueue-OpenPipelineForHealthyPipelineSafeModeRule] INFO  safemode.SCMSafeModeManager (SCMSafeModeManager.java:validateSafeModeExitRules(200)) - HealthyPipelineSafeModeRule rule is successfully validated
2023-09-21 17:51:30,843 [EventQueue-OpenPipelineForHealthyPipelineSafeModeRule] INFO  safemode.SCMSafeModeManager (SCMSafeModeManager.java:validateSafeModeExitRules(215)) - ScmSafeModeManager, all rules are successfully validated
2023-09-21 17:51:30,843 [EventQueue-OpenPipelineForHealthyPipelineSafeModeRule] INFO  safemode.SCMSafeModeManager (SCMSafeModeManager.java:exitSafeMode(244)) - SCM exiting safe mode.
2023-09-21 17:51:30,843 [EventQueue-OpenPipelineForHealthyPipelineSafeModeRule] INFO  ha.SCMContext (SCMContext.java:updateSafeModeStatus(228)) - Update SafeModeStatus from SafeModeStatus{safeModeStatus=true, preCheckPassed=true} to SafeModeStatus{safeModeStatus=false, preCheckPassed=true}.
2023-09-21 17:51:30,843 [EventQueue-OpenPipelineForHealthyPipelineSafeModeRule] INFO  pipeline.BackgroundPipelineCreator (BackgroundPipelineCreator.java:notifyStatusChanged(255)) - Service BackgroundPipelineCreator transitions to RUNNING.
2023-09-21 17:51:30,843 [EventQueue-OpenPipelineForHealthyPipelineSafeModeRule] INFO  BackgroundPipelineScrubber (BackgroundSCMService.java:notifyStatusChanged(82)) - Service BackgroundPipelineScrubber transitions to RUNNING.
2023-09-21 17:51:30,843 [EventQueue-OpenPipelineForHealthyPipelineSafeModeRule] INFO  ExpiredContainerReplicaOpScrubber (BackgroundSCMService.java:notifyStatusChanged(82)) - Service ExpiredContainerReplicaOpScrubber transitions to RUNNING.
2023-09-21 17:51:30,843 [EventQueue-OpenPipelineForHealthyPipelineSafeModeRule] INFO  replication.ReplicationManager (ReplicationManager.java:notifyStatusChanged(1370)) - Service ReplicationManager transitions to RUNNING.
2023-09-21 17:51:30,843 [EventQueue-OpenPipelineForHealthyPipelineSafeModeRule] WARN  balancer.ContainerBalancer (ContainerBalancer.java:shouldRun(134)) - Could not find persisted configuration for ContainerBalancer when checking if ContainerBalancer should run. ContainerBalancer should not run now.
2023-09-21 17:51:30,847 [37083bac-0b78-4ab7-8270-b85e08b802dc@group-6C7D642D55BA-LeaderElection12] INFO  impl.LeaderElection (LeaderElection.java:logAndReturn(90)) - 37083bac-0b78-4ab7-8270-b85e08b802dc@group-6C7D642D55BA-LeaderElection12: PRE_VOTE PASSED received 1 response(s) and 0 exception(s):
2023-09-21 17:51:30,847 [37083bac-0b78-4ab7-8270-b85e08b802dc@group-6C7D642D55BA-LeaderElection12] INFO  impl.LeaderElection (LeaderElection.java:logAndReturn(94)) -   Response 0: 37083bac-0b78-4ab7-8270-b85e08b802dc<-4cdc299f-4834-4fa6-8ba2-191990d4ad82#0:OK-t0
2023-09-21 17:51:30,847 [37083bac-0b78-4ab7-8270-b85e08b802dc@group-6C7D642D55BA-LeaderElection12] INFO  impl.LeaderElection (LeaderElection.java:askForVotes(323)) - 37083bac-0b78-4ab7-8270-b85e08b802dc@group-6C7D642D55BA-LeaderElection12 PRE_VOTE round 0: result PASSED
2023-09-21 17:51:30,848 [37083bac-0b78-4ab7-8270-b85e08b802dc@group-6C7D642D55BA-LeaderElection12] INFO  impl.LeaderElection (LeaderElection.java:askForVotes(321)) - 37083bac-0b78-4ab7-8270-b85e08b802dc@group-6C7D642D55BA-LeaderElection12 ELECTION round 0: submit vote requests at term 1 for -1: peers:[21cefe31-b447-4cde-b371-f0af1d83a0ae|rpc:10.1.0.8:15067|admin:10.1.0.8:15066|client:10.1.0.8:15065|dataStream:10.1.0.8:15068|priority:0|startupRole:FOLLOWER, 4cdc299f-4834-4fa6-8ba2-191990d4ad82|rpc:10.1.0.8:15085|admin:10.1.0.8:15084|client:10.1.0.8:15083|dataStream:10.1.0.8:15086|priority:0|startupRole:FOLLOWER, 37083bac-0b78-4ab7-8270-b85e08b802dc|rpc:10.1.0.8:15076|admin:10.1.0.8:15075|client:10.1.0.8:15074|dataStream:10.1.0.8:15077|priority:1|startupRole:FOLLOWER]|listeners:[], old=null
2023-09-21 17:51:30,849 [4cdc299f-4834-4fa6-8ba2-191990d4ad82-server-thread1] INFO  ratis.XceiverServerRatis (XceiverServerRatis.java:handleLeaderChangedNotification(902)) - Leader change notification received for group: group-2D1511A1FDFB with new leaderId: 21cefe31-b447-4cde-b371-f0af1d83a0ae
2023-09-21 17:51:30,849 [4cdc299f-4834-4fa6-8ba2-191990d4ad82-server-thread1] INFO  server.RaftServer$Division (ServerState.java:setLeader(317)) - 4cdc299f-4834-4fa6-8ba2-191990d4ad82@group-2D1511A1FDFB: change Leader from null to 21cefe31-b447-4cde-b371-f0af1d83a0ae at term 1 for appendEntries, leader elected after 5073ms
2023-09-21 17:51:30,854 [37083bac-0b78-4ab7-8270-b85e08b802dc-server-thread2] INFO  ratis.XceiverServerRatis (XceiverServerRatis.java:handleLeaderChangedNotification(902)) - Leader change notification received for group: group-2D1511A1FDFB with new leaderId: 21cefe31-b447-4cde-b371-f0af1d83a0ae
2023-09-21 17:51:30,854 [37083bac-0b78-4ab7-8270-b85e08b802dc-server-thread2] INFO  server.RaftServer$Division (ServerState.java:setLeader(317)) - 37083bac-0b78-4ab7-8270-b85e08b802dc@group-2D1511A1FDFB: change Leader from null to 21cefe31-b447-4cde-b371-f0af1d83a0ae at term 1 for appendEntries, leader elected after 5022ms
2023-09-21 17:51:30,854 [4cdc299f-4834-4fa6-8ba2-191990d4ad82-server-thread1] INFO  server.RaftServer$Division (ServerState.java:setRaftConf(434)) - 4cdc299f-4834-4fa6-8ba2-191990d4ad82@group-2D1511A1FDFB: set configuration 0: peers:[21cefe31-b447-4cde-b371-f0af1d83a0ae|rpc:10.1.0.8:15067|admin:10.1.0.8:15066|client:10.1.0.8:15065|dataStream:10.1.0.8:15068|priority:1|startupRole:FOLLOWER, 4cdc299f-4834-4fa6-8ba2-191990d4ad82|rpc:10.1.0.8:15085|admin:10.1.0.8:15084|client:10.1.0.8:15083|dataStream:10.1.0.8:15086|priority:0|startupRole:FOLLOWER, 37083bac-0b78-4ab7-8270-b85e08b802dc|rpc:10.1.0.8:15076|admin:10.1.0.8:15075|client:10.1.0.8:15074|dataStream:10.1.0.8:15077|priority:0|startupRole:FOLLOWER]|listeners:[], old=null
2023-09-21 17:51:30,854 [4cdc299f-4834-4fa6-8ba2-191990d4ad82-server-thread1] INFO  segmented.SegmentedRaftLogWorker (SegmentedRaftLogWorker.java:startLogSegment(447)) - 4cdc299f-4834-4fa6-8ba2-191990d4ad82@group-2D1511A1FDFB-SegmentedRaftLogWorker: Starting segment from index:0
2023-09-21 17:51:30,856 [37083bac-0b78-4ab7-8270-b85e08b802dc@group-6C7D642D55BA-LeaderElection12] INFO  server.RaftServerConfigKeys (ConfUtils.java:logFallback(53)) - raft.server.rpc.first-election.timeout.min = 5s (fallback to raft.server.rpc.timeout.min)
2023-09-21 17:51:30,856 [37083bac-0b78-4ab7-8270-b85e08b802dc@group-6C7D642D55BA-LeaderElection12] INFO  server.RaftServerConfigKeys (ConfUtils.java:logFallback(53)) - raft.server.rpc.first-election.timeout.max = 5200ms (fallback to raft.server.rpc.timeout.max)
2023-09-21 17:51:30,857 [grpc-default-executor-6] INFO  server.RaftServer$Division (RaftServerImpl.java:requestVote(1302)) - 21cefe31-b447-4cde-b371-f0af1d83a0ae@group-6C7D642D55BA: receive requestVote(ELECTION, 37083bac-0b78-4ab7-8270-b85e08b802dc, group-6C7D642D55BA, 1, (t:0, i:0))
2023-09-21 17:51:30,857 [grpc-default-executor-6] INFO  impl.VoteContext (VoteContext.java:log(49)) - 21cefe31-b447-4cde-b371-f0af1d83a0ae@group-6C7D642D55BA-FOLLOWER: accept ELECTION from 37083bac-0b78-4ab7-8270-b85e08b802dc: our priority 0 <= candidate's priority 1
2023-09-21 17:51:30,857 [grpc-default-executor-6] INFO  server.RaftServer$Division (RaftServerImpl.java:setRole(329)) - 21cefe31-b447-4cde-b371-f0af1d83a0ae@group-6C7D642D55BA: changes role from  FOLLOWER to FOLLOWER at term 1 for candidate:37083bac-0b78-4ab7-8270-b85e08b802dc
2023-09-21 17:51:30,857 [grpc-default-executor-6] INFO  impl.RoleInfo (RoleInfo.java:shutdownFollowerState(110)) - 21cefe31-b447-4cde-b371-f0af1d83a0ae: shutdown 21cefe31-b447-4cde-b371-f0af1d83a0ae@group-6C7D642D55BA-FollowerState
2023-09-21 17:51:30,857 [grpc-default-executor-6] INFO  impl.RoleInfo (RoleInfo.java:updateAndGet(139)) - 21cefe31-b447-4cde-b371-f0af1d83a0ae: start 21cefe31-b447-4cde-b371-f0af1d83a0ae@group-6C7D642D55BA-FollowerState
2023-09-21 17:51:30,857 [21cefe31-b447-4cde-b371-f0af1d83a0ae@group-6C7D642D55BA-FollowerState] INFO  impl.FollowerState (FollowerState.java:run(152)) - 21cefe31-b447-4cde-b371-f0af1d83a0ae@group-6C7D642D55BA-FollowerState was interrupted
2023-09-21 17:51:30,857 [grpc-default-executor-2] INFO  server.RaftServer$Division (RaftServerImpl.java:requestVote(1302)) - 4cdc299f-4834-4fa6-8ba2-191990d4ad82@group-6C7D642D55BA: receive requestVote(ELECTION, 37083bac-0b78-4ab7-8270-b85e08b802dc, group-6C7D642D55BA, 1, (t:0, i:0))
2023-09-21 17:51:30,857 [grpc-default-executor-2] INFO  impl.VoteContext (VoteContext.java:log(49)) - 4cdc299f-4834-4fa6-8ba2-191990d4ad82@group-6C7D642D55BA-FOLLOWER: accept ELECTION from 37083bac-0b78-4ab7-8270-b85e08b802dc: our priority 0 <= candidate's priority 1
2023-09-21 17:51:30,858 [grpc-default-executor-2] INFO  server.RaftServer$Division (RaftServerImpl.java:setRole(329)) - 4cdc299f-4834-4fa6-8ba2-191990d4ad82@group-6C7D642D55BA: changes role from  FOLLOWER to FOLLOWER at term 1 for candidate:37083bac-0b78-4ab7-8270-b85e08b802dc
2023-09-21 17:51:30,858 [grpc-default-executor-2] INFO  impl.RoleInfo (RoleInfo.java:shutdownFollowerState(110)) - 4cdc299f-4834-4fa6-8ba2-191990d4ad82: shutdown 4cdc299f-4834-4fa6-8ba2-191990d4ad82@group-6C7D642D55BA-FollowerState
2023-09-21 17:51:30,858 [grpc-default-executor-2] INFO  impl.RoleInfo (RoleInfo.java:updateAndGet(139)) - 4cdc299f-4834-4fa6-8ba2-191990d4ad82: start 4cdc299f-4834-4fa6-8ba2-191990d4ad82@group-6C7D642D55BA-FollowerState
2023-09-21 17:51:30,858 [4cdc299f-4834-4fa6-8ba2-191990d4ad82@group-6C7D642D55BA-FollowerState] INFO  impl.FollowerState (FollowerState.java:run(152)) - 4cdc299f-4834-4fa6-8ba2-191990d4ad82@group-6C7D642D55BA-FollowerState was interrupted
2023-09-21 17:51:30,859 [grpc-default-executor-3] INFO  server.RaftServer$Division (RaftServerImpl.java:requestVote(1302)) - 21cefe31-b447-4cde-b371-f0af1d83a0ae@group-6C7D642D55BA: receive requestVote(PRE_VOTE, 37083bac-0b78-4ab7-8270-b85e08b802dc, group-6C7D642D55BA, 0, (t:0, i:0))
2023-09-21 17:51:30,860 [4cdc299f-4834-4fa6-8ba2-191990d4ad82@group-2D1511A1FDFB-SegmentedRaftLogWorker] INFO  segmented.SegmentedRaftLogWorker (SegmentedRaftLogWorker.java:execute(651)) - 4cdc299f-4834-4fa6-8ba2-191990d4ad82@group-2D1511A1FDFB-SegmentedRaftLogWorker: created new log segment /home/runner/work/ozone/ozone/hadoop-ozone/integration-test/target/test-dir/MiniOzoneClusterImpl-04a8daa2-1161-4e20-9dee-837792427303/datanode-2/data/ratis/2ad25144-9226-4704-bb1a-2d1511a1fdfb/current/log_inprogress_0
2023-09-21 17:51:30,860 [grpc-default-executor-6] INFO  server.RaftServer$Division (RaftServerImpl.java:requestVote(1335)) - 21cefe31-b447-4cde-b371-f0af1d83a0ae@group-6C7D642D55BA replies to ELECTION vote request: 37083bac-0b78-4ab7-8270-b85e08b802dc<-21cefe31-b447-4cde-b371-f0af1d83a0ae#0:OK-t1. Peer's state: 21cefe31-b447-4cde-b371-f0af1d83a0ae@group-6C7D642D55BA:t1, leader=null, voted=37083bac-0b78-4ab7-8270-b85e08b802dc, raftlog=Memoized:21cefe31-b447-4cde-b371-f0af1d83a0ae@group-6C7D642D55BA-SegmentedRaftLog:OPENED:c-1, conf=-1: peers:[21cefe31-b447-4cde-b371-f0af1d83a0ae|rpc:10.1.0.8:15067|admin:10.1.0.8:15066|client:10.1.0.8:15065|dataStream:10.1.0.8:15068|priority:0|startupRole:FOLLOWER, 4cdc299f-4834-4fa6-8ba2-191990d4ad82|rpc:10.1.0.8:15085|admin:10.1.0.8:15084|client:10.1.0.8:15083|dataStream:10.1.0.8:15086|priority:0|startupRole:FOLLOWER, 37083bac-0b78-4ab7-8270-b85e08b802dc|rpc:10.1.0.8:15076|admin:10.1.0.8:15075|client:10.1.0.8:15074|dataStream:10.1.0.8:15077|priority:1|startupRole:FOLLOWER]|listeners:[], old=null
2023-09-21 17:51:30,861 [grpc-default-executor-2] INFO  server.RaftServer$Division (RaftServerImpl.java:requestVote(1335)) - 4cdc299f-4834-4fa6-8ba2-191990d4ad82@group-6C7D642D55BA replies to ELECTION vote request: 37083bac-0b78-4ab7-8270-b85e08b802dc<-4cdc299f-4834-4fa6-8ba2-191990d4ad82#0:OK-t1. Peer's state: 4cdc299f-4834-4fa6-8ba2-191990d4ad82@group-6C7D642D55BA:t1, leader=null, voted=37083bac-0b78-4ab7-8270-b85e08b802dc, raftlog=Memoized:4cdc299f-4834-4fa6-8ba2-191990d4ad82@group-6C7D642D55BA-SegmentedRaftLog:OPENED:c-1, conf=-1: peers:[21cefe31-b447-4cde-b371-f0af1d83a0ae|rpc:10.1.0.8:15067|admin:10.1.0.8:15066|client:10.1.0.8:15065|dataStream:10.1.0.8:15068|priority:0|startupRole:FOLLOWER, 4cdc299f-4834-4fa6-8ba2-191990d4ad82|rpc:10.1.0.8:15085|admin:10.1.0.8:15084|client:10.1.0.8:15083|dataStream:10.1.0.8:15086|priority:0|startupRole:FOLLOWER, 37083bac-0b78-4ab7-8270-b85e08b802dc|rpc:10.1.0.8:15076|admin:10.1.0.8:15075|client:10.1.0.8:15074|dataStream:10.1.0.8:15077|priority:1|startupRole:FOLLOWER]|listeners:[], old=null
2023-09-21 17:51:30,865 [grpc-default-executor-3] INFO  impl.VoteContext (VoteContext.java:log(49)) - 21cefe31-b447-4cde-b371-f0af1d83a0ae@group-6C7D642D55BA-FOLLOWER: accept PRE_VOTE from 37083bac-0b78-4ab7-8270-b85e08b802dc: our priority 0 <= candidate's priority 1
2023-09-21 17:51:30,865 [grpc-default-executor-3] INFO  server.RaftServer$Division (RaftServerImpl.java:requestVote(1335)) - 21cefe31-b447-4cde-b371-f0af1d83a0ae@group-6C7D642D55BA replies to PRE_VOTE vote request: 37083bac-0b78-4ab7-8270-b85e08b802dc<-21cefe31-b447-4cde-b371-f0af1d83a0ae#0:OK-t1. Peer's state: 21cefe31-b447-4cde-b371-f0af1d83a0ae@group-6C7D642D55BA:t1, leader=null, voted=37083bac-0b78-4ab7-8270-b85e08b802dc, raftlog=Memoized:21cefe31-b447-4cde-b371-f0af1d83a0ae@group-6C7D642D55BA-SegmentedRaftLog:OPENED:c-1, conf=-1: peers:[21cefe31-b447-4cde-b371-f0af1d83a0ae|rpc:10.1.0.8:15067|admin:10.1.0.8:15066|client:10.1.0.8:15065|dataStream:10.1.0.8:15068|priority:0|startupRole:FOLLOWER, 4cdc299f-4834-4fa6-8ba2-191990d4ad82|rpc:10.1.0.8:15085|admin:10.1.0.8:15084|client:10.1.0.8:15083|dataStream:10.1.0.8:15086|priority:0|startupRole:FOLLOWER, 37083bac-0b78-4ab7-8270-b85e08b802dc|rpc:10.1.0.8:15076|admin:10.1.0.8:15075|client:10.1.0.8:15074|dataStream:10.1.0.8:15077|priority:1|startupRole:FOLLOWER]|listeners:[], old=null
2023-09-21 17:51:30,878 [37083bac-0b78-4ab7-8270-b85e08b802dc-server-thread1] INFO  server.RaftServer$Division (ServerState.java:setRaftConf(434)) - 37083bac-0b78-4ab7-8270-b85e08b802dc@group-2D1511A1FDFB: set configuration 0: peers:[21cefe31-b447-4cde-b371-f0af1d83a0ae|rpc:10.1.0.8:15067|admin:10.1.0.8:15066|client:10.1.0.8:15065|dataStream:10.1.0.8:15068|priority:1|startupRole:FOLLOWER, 4cdc299f-4834-4fa6-8ba2-191990d4ad82|rpc:10.1.0.8:15085|admin:10.1.0.8:15084|client:10.1.0.8:15083|dataStream:10.1.0.8:15086|priority:0|startupRole:FOLLOWER, 37083bac-0b78-4ab7-8270-b85e08b802dc|rpc:10.1.0.8:15076|admin:10.1.0.8:15075|client:10.1.0.8:15074|dataStream:10.1.0.8:15077|priority:0|startupRole:FOLLOWER]|listeners:[], old=null
2023-09-21 17:51:30,879 [37083bac-0b78-4ab7-8270-b85e08b802dc-server-thread1] INFO  segmented.SegmentedRaftLogWorker (SegmentedRaftLogWorker.java:startLogSegment(447)) - 37083bac-0b78-4ab7-8270-b85e08b802dc@group-2D1511A1FDFB-SegmentedRaftLogWorker: Starting segment from index:0
2023-09-21 17:51:30,880 [37083bac-0b78-4ab7-8270-b85e08b802dc@group-6C7D642D55BA-LeaderElection12] INFO  impl.LeaderElection (LeaderElection.java:logAndReturn(90)) - 37083bac-0b78-4ab7-8270-b85e08b802dc@group-6C7D642D55BA-LeaderElection12: ELECTION PASSED received 1 response(s) and 0 exception(s):
2023-09-21 17:51:30,880 [37083bac-0b78-4ab7-8270-b85e08b802dc@group-6C7D642D55BA-LeaderElection12] INFO  impl.LeaderElection (LeaderElection.java:logAndReturn(94)) -   Response 0: 37083bac-0b78-4ab7-8270-b85e08b802dc<-21cefe31-b447-4cde-b371-f0af1d83a0ae#0:OK-t1
2023-09-21 17:51:30,880 [37083bac-0b78-4ab7-8270-b85e08b802dc@group-6C7D642D55BA-LeaderElection12] INFO  impl.LeaderElection (LeaderElection.java:askForVotes(323)) - 37083bac-0b78-4ab7-8270-b85e08b802dc@group-6C7D642D55BA-LeaderElection12 ELECTION round 0: result PASSED
2023-09-21 17:51:30,880 [37083bac-0b78-4ab7-8270-b85e08b802dc@group-6C7D642D55BA-LeaderElection12] INFO  impl.RoleInfo (RoleInfo.java:shutdownLeaderElection(130)) - 37083bac-0b78-4ab7-8270-b85e08b802dc: shutdown 37083bac-0b78-4ab7-8270-b85e08b802dc@group-6C7D642D55BA-LeaderElection12
2023-09-21 17:51:30,881 [37083bac-0b78-4ab7-8270-b85e08b802dc@group-6C7D642D55BA-LeaderElection12] INFO  server.RaftServer$Division (RaftServerImpl.java:setRole(329)) - 37083bac-0b78-4ab7-8270-b85e08b802dc@group-6C7D642D55BA: changes role from CANDIDATE to LEADER at term 1 for changeToLeader
2023-09-21 17:51:30,880 [37083bac-0b78-4ab7-8270-b85e08b802dc@group-2D1511A1FDFB-SegmentedRaftLogWorker] INFO  segmented.SegmentedRaftLogWorker (SegmentedRaftLogWorker.java:execute(651)) - 37083bac-0b78-4ab7-8270-b85e08b802dc@group-2D1511A1FDFB-SegmentedRaftLogWorker: created new log segment /home/runner/work/ozone/ozone/hadoop-ozone/integration-test/target/test-dir/MiniOzoneClusterImpl-04a8daa2-1161-4e20-9dee-837792427303/datanode-1/data/ratis/2ad25144-9226-4704-bb1a-2d1511a1fdfb/current/log_inprogress_0
2023-09-21 17:51:30,881 [37083bac-0b78-4ab7-8270-b85e08b802dc@group-6C7D642D55BA-LeaderElection12] INFO  ratis.XceiverServerRatis (XceiverServerRatis.java:handleLeaderChangedNotification(902)) - Leader change notification received for group: group-6C7D642D55BA with new leaderId: 37083bac-0b78-4ab7-8270-b85e08b802dc
2023-09-21 17:51:30,881 [37083bac-0b78-4ab7-8270-b85e08b802dc@group-6C7D642D55BA-LeaderElection12] INFO  server.RaftServer$Division (ServerState.java:setLeader(317)) - 37083bac-0b78-4ab7-8270-b85e08b802dc@group-6C7D642D55BA: change Leader from null to 37083bac-0b78-4ab7-8270-b85e08b802dc at term 1 for becomeLeader, leader elected after 5180ms
2023-09-21 17:51:30,881 [37083bac-0b78-4ab7-8270-b85e08b802dc@group-6C7D642D55BA-LeaderElection12] INFO  server.RaftServerConfigKeys (ConfUtils.java:logGet(46)) - raft.server.staging.catchup.gap = 1000 (default)
2023-09-21 17:51:30,882 [37083bac-0b78-4ab7-8270-b85e08b802dc@group-6C7D642D55BA-LeaderElection12] INFO  server.RaftServerConfigKeys (ConfUtils.java:logGet(46)) - raft.server.write.element-limit = 1024 (custom)
2023-09-21 17:51:30,882 [37083bac-0b78-4ab7-8270-b85e08b802dc@group-6C7D642D55BA-LeaderElection12] INFO  server.RaftServerConfigKeys (ConfUtils.java:logGet(46)) - raft.server.write.byte-limit = 1024 M (=1073741824) (custom)
2023-09-21 17:51:30,882 [37083bac-0b78-4ab7-8270-b85e08b802dc@group-6C7D642D55BA-LeaderElection12] INFO  server.RaftServerConfigKeys (ConfUtils.java:logGet(46)) - raft.server.watch.timeout = 180s (custom)
2023-09-21 17:51:30,882 [37083bac-0b78-4ab7-8270-b85e08b802dc@group-6C7D642D55BA-LeaderElection12] INFO  server.RaftServerConfigKeys (ConfUtils.java:logGet(46)) - raft.server.watch.timeout.denomination = 1s (default)
2023-09-21 17:51:30,882 [37083bac-0b78-4ab7-8270-b85e08b802dc@group-6C7D642D55BA-LeaderElection12] INFO  server.RaftServerConfigKeys (ConfUtils.java:logGet(46)) - raft.server.watch.element-limit = 65536 (default)
2023-09-21 17:51:30,882 [37083bac-0b78-4ab7-8270-b85e08b802dc@group-6C7D642D55BA-LeaderElection12] INFO  server.RaftServerConfigKeys (ConfUtils.java:logGet(46)) - raft.server.write.element-limit = 1024 (custom)
2023-09-21 17:51:30,882 [37083bac-0b78-4ab7-8270-b85e08b802dc@group-6C7D642D55BA-LeaderElection12] INFO  server.RaftServerConfigKeys (ConfUtils.java:logGet(46)) - raft.server.write.follower.gap.ratio.max = -1.0 (default)
2023-09-21 17:51:30,883 [37083bac-0b78-4ab7-8270-b85e08b802dc@group-6C7D642D55BA-LeaderElection12] INFO  server.RaftServerConfigKeys (ConfUtils.java:logGet(46)) - raft.server.log.appender.snapshot.chunk.size.max = 16MB (=16777216) (default)
2023-09-21 17:51:30,883 [37083bac-0b78-4ab7-8270-b85e08b802dc@group-6C7D642D55BA-LeaderElection12] INFO  server.RaftServerConfigKeys (ConfUtils.java:logGet(46)) - raft.server.log.appender.buffer.byte-limit = 33554432 (custom)
2023-09-21 17:51:30,883 [37083bac-0b78-4ab7-8270-b85e08b802dc@group-6C7D642D55BA-LeaderElection12] INFO  server.RaftServerConfigKeys (ConfUtils.java:logGet(46)) - raft.server.log.appender.buffer.element-limit = 1 (custom)
2023-09-21 17:51:30,883 [37083bac-0b78-4ab7-8270-b85e08b802dc@group-6C7D642D55BA-LeaderElection12] INFO  server.RaftServerConfigKeys (ConfUtils.java:logGet(46)) - raft.server.log.appender.wait-time.min = 10ms (default)
2023-09-21 17:51:30,883 [37083bac-0b78-4ab7-8270-b85e08b802dc@group-6C7D642D55BA-LeaderElection12] INFO  grpc.GrpcConfigKeys (ConfUtils.java:logGet(46)) - raft.grpc.server.leader.outstanding.appends.max = 128 (default)
2023-09-21 17:51:30,883 [37083bac-0b78-4ab7-8270-b85e08b802dc@group-6C7D642D55BA-LeaderElection12] INFO  server.RaftServerConfigKeys (ConfUtils.java:logGet(46)) - raft.server.rpc.request.timeout = 60s (custom)
2023-09-21 17:51:30,883 [37083bac-0b78-4ab7-8270-b85e08b802dc@group-6C7D642D55BA-LeaderElection12] INFO  grpc.GrpcConfigKeys (ConfUtils.java:logGet(46)) - raft.grpc.server.install_snapshot.request.element-limit = 8 (default)
2023-09-21 17:51:30,883 [37083bac-0b78-4ab7-8270-b85e08b802dc@group-6C7D642D55BA-LeaderElection12] INFO  grpc.GrpcConfigKeys (ConfUtils.java:logGet(46)) - raft.grpc.server.install_snapshot.request.timeout = 3000ms (default)
2023-09-21 17:51:30,883 [37083bac-0b78-4ab7-8270-b85e08b802dc@group-6C7D642D55BA-LeaderElection12] INFO  server.RaftServerConfigKeys (ConfUtils.java:logGet(46)) - raft.server.log.appender.install.snapshot.enabled = false (custom)
2023-09-21 17:51:30,883 [37083bac-0b78-4ab7-8270-b85e08b802dc@group-6C7D642D55BA-LeaderElection12] INFO  grpc.GrpcConfigKeys (ConfUtils.java:logGet(46)) - raft.grpc.server.heartbeat.channel = true (default)
2023-09-21 17:51:30,884 [37083bac-0b78-4ab7-8270-b85e08b802dc@group-6C7D642D55BA-LeaderElection12] INFO  server.RaftServerConfigKeys (ConfUtils.java:logGet(46)) - raft.server.log.appender.snapshot.chunk.size.max = 16MB (=16777216) (default)
2023-09-21 17:51:30,884 [37083bac-0b78-4ab7-8270-b85e08b802dc@group-6C7D642D55BA-LeaderElection12] INFO  server.RaftServerConfigKeys (ConfUtils.java:logGet(46)) - raft.server.log.appender.buffer.byte-limit = 33554432 (custom)
2023-09-21 17:51:30,884 [37083bac-0b78-4ab7-8270-b85e08b802dc@group-6C7D642D55BA-LeaderElection12] INFO  server.RaftServerConfigKeys (ConfUtils.java:logGet(46)) - raft.server.log.appender.buffer.element-limit = 1 (custom)
2023-09-21 17:51:30,884 [37083bac-0b78-4ab7-8270-b85e08b802dc@group-6C7D642D55BA-LeaderElection12] INFO  server.RaftServerConfigKeys (ConfUtils.java:logGet(46)) - raft.server.log.appender.wait-time.min = 10ms (default)
2023-09-21 17:51:30,884 [37083bac-0b78-4ab7-8270-b85e08b802dc@group-6C7D642D55BA-LeaderElection12] INFO  grpc.GrpcConfigKeys (ConfUtils.java:logGet(46)) - raft.grpc.server.leader.outstanding.appends.max = 128 (default)
2023-09-21 17:51:30,885 [37083bac-0b78-4ab7-8270-b85e08b802dc@group-6C7D642D55BA-LeaderElection12] INFO  server.RaftServerConfigKeys (ConfUtils.java:logGet(46)) - raft.server.rpc.request.timeout = 60s (custom)
2023-09-21 17:51:30,885 [37083bac-0b78-4ab7-8270-b85e08b802dc@group-6C7D642D55BA-LeaderElection12] INFO  grpc.GrpcConfigKeys (ConfUtils.java:logGet(46)) - raft.grpc.server.install_snapshot.request.element-limit = 8 (default)
2023-09-21 17:51:30,885 [37083bac-0b78-4ab7-8270-b85e08b802dc@group-6C7D642D55BA-LeaderElection12] INFO  grpc.GrpcConfigKeys (ConfUtils.java:logGet(46)) - raft.grpc.server.install_snapshot.request.timeout = 3000ms (default)
2023-09-21 17:51:30,885 [37083bac-0b78-4ab7-8270-b85e08b802dc@group-6C7D642D55BA-LeaderElection12] INFO  server.RaftServerConfigKeys (ConfUtils.java:logGet(46)) - raft.server.log.appender.install.snapshot.enabled = false (custom)
2023-09-21 17:51:30,885 [37083bac-0b78-4ab7-8270-b85e08b802dc@group-6C7D642D55BA-LeaderElection12] INFO  grpc.GrpcConfigKeys (ConfUtils.java:logGet(46)) - raft.grpc.server.heartbeat.channel = true (default)
2023-09-21 17:51:30,885 [37083bac-0b78-4ab7-8270-b85e08b802dc@group-6C7D642D55BA-LeaderElection12] INFO  impl.RoleInfo (RoleInfo.java:updateAndGet(139)) - 37083bac-0b78-4ab7-8270-b85e08b802dc: start 37083bac-0b78-4ab7-8270-b85e08b802dc@group-6C7D642D55BA-LeaderStateImpl
2023-09-21 17:51:30,887 [EventQueue-PipelineReportForPipelineReportHandler] INFO  pipeline.PipelineReportHandler (PipelineReportHandler.java:processPipelineReport(136)) - Opened pipeline PipelineID=aafff790-04e8-4d9f-a3f6-6c7d642d55ba
2023-09-21 17:51:30,888 [37083bac-0b78-4ab7-8270-b85e08b802dc@group-6C7D642D55BA-LeaderElection12] INFO  segmented.SegmentedRaftLogWorker (SegmentedRaftLogWorker.java:startLogSegment(447)) - 37083bac-0b78-4ab7-8270-b85e08b802dc@group-6C7D642D55BA-SegmentedRaftLogWorker: Starting segment from index:0
2023-09-21 17:51:30,889 [37083bac-0b78-4ab7-8270-b85e08b802dc@group-6C7D642D55BA-SegmentedRaftLogWorker] INFO  segmented.SegmentedRaftLogWorker (SegmentedRaftLogWorker.java:execute(651)) - 37083bac-0b78-4ab7-8270-b85e08b802dc@group-6C7D642D55BA-SegmentedRaftLogWorker: created new log segment /home/runner/work/ozone/ozone/hadoop-ozone/integration-test/target/test-dir/MiniOzoneClusterImpl-04a8daa2-1161-4e20-9dee-837792427303/datanode-1/data/ratis/aafff790-04e8-4d9f-a3f6-6c7d642d55ba/current/log_inprogress_0
2023-09-21 17:51:30,894 [37083bac-0b78-4ab7-8270-b85e08b802dc@group-6C7D642D55BA-LeaderElection12] INFO  server.RaftServer$Division (ServerState.java:setRaftConf(434)) - 37083bac-0b78-4ab7-8270-b85e08b802dc@group-6C7D642D55BA: set configuration 0: peers:[21cefe31-b447-4cde-b371-f0af1d83a0ae|rpc:10.1.0.8:15067|admin:10.1.0.8:15066|client:10.1.0.8:15065|dataStream:10.1.0.8:15068|priority:0|startupRole:FOLLOWER, 4cdc299f-4834-4fa6-8ba2-191990d4ad82|rpc:10.1.0.8:15085|admin:10.1.0.8:15084|client:10.1.0.8:15083|dataStream:10.1.0.8:15086|priority:0|startupRole:FOLLOWER, 37083bac-0b78-4ab7-8270-b85e08b802dc|rpc:10.1.0.8:15076|admin:10.1.0.8:15075|client:10.1.0.8:15074|dataStream:10.1.0.8:15077|priority:1|startupRole:FOLLOWER]|listeners:[], old=null
2023-09-21 17:51:30,905 [21cefe31-b447-4cde-b371-f0af1d83a0ae-server-thread1] INFO  ratis.XceiverServerRatis (XceiverServerRatis.java:handleLeaderChangedNotification(902)) - Leader change notification received for group: group-6C7D642D55BA with new leaderId: 37083bac-0b78-4ab7-8270-b85e08b802dc
2023-09-21 17:51:30,905 [21cefe31-b447-4cde-b371-f0af1d83a0ae-server-thread1] INFO  server.RaftServer$Division (ServerState.java:setLeader(317)) - 21cefe31-b447-4cde-b371-f0af1d83a0ae@group-6C7D642D55BA: change Leader from null to 37083bac-0b78-4ab7-8270-b85e08b802dc at term 1 for appendEntries, leader elected after 5314ms
2023-09-21 17:51:30,910 [21cefe31-b447-4cde-b371-f0af1d83a0ae-server-thread1] INFO  server.RaftServer$Division (ServerState.java:setRaftConf(434)) - 21cefe31-b447-4cde-b371-f0af1d83a0ae@group-6C7D642D55BA: set configuration 0: peers:[21cefe31-b447-4cde-b371-f0af1d83a0ae|rpc:10.1.0.8:15067|admin:10.1.0.8:15066|client:10.1.0.8:15065|dataStream:10.1.0.8:15068|priority:0|startupRole:FOLLOWER, 4cdc299f-4834-4fa6-8ba2-191990d4ad82|rpc:10.1.0.8:15085|admin:10.1.0.8:15084|client:10.1.0.8:15083|dataStream:10.1.0.8:15086|priority:0|startupRole:FOLLOWER, 37083bac-0b78-4ab7-8270-b85e08b802dc|rpc:10.1.0.8:15076|admin:10.1.0.8:15075|client:10.1.0.8:15074|dataStream:10.1.0.8:15077|priority:1|startupRole:FOLLOWER]|listeners:[], old=null
2023-09-21 17:51:30,911 [21cefe31-b447-4cde-b371-f0af1d83a0ae-server-thread1] INFO  segmented.SegmentedRaftLogWorker (SegmentedRaftLogWorker.java:startLogSegment(447)) - 21cefe31-b447-4cde-b371-f0af1d83a0ae@group-6C7D642D55BA-SegmentedRaftLogWorker: Starting segment from index:0
2023-09-21 17:51:30,914 [4cdc299f-4834-4fa6-8ba2-191990d4ad82-server-thread1] INFO  ratis.XceiverServerRatis (XceiverServerRatis.java:handleLeaderChangedNotification(902)) - Leader change notification received for group: group-6C7D642D55BA with new leaderId: 37083bac-0b78-4ab7-8270-b85e08b802dc
2023-09-21 17:51:30,914 [4cdc299f-4834-4fa6-8ba2-191990d4ad82-server-thread1] INFO  server.RaftServer$Division (ServerState.java:setLeader(317)) - 4cdc299f-4834-4fa6-8ba2-191990d4ad82@group-6C7D642D55BA: change Leader from null to 37083bac-0b78-4ab7-8270-b85e08b802dc at term 1 for appendEntries, leader elected after 5266ms
2023-09-21 17:51:30,915 [21cefe31-b447-4cde-b371-f0af1d83a0ae@group-6C7D642D55BA-SegmentedRaftLogWorker] INFO  segmented.SegmentedRaftLogWorker (SegmentedRaftLogWorker.java:execute(651)) - 21cefe31-b447-4cde-b371-f0af1d83a0ae@group-6C7D642D55BA-SegmentedRaftLogWorker: created new log segment /home/runner/work/ozone/ozone/hadoop-ozone/integration-test/target/test-dir/MiniOzoneClusterImpl-04a8daa2-1161-4e20-9dee-837792427303/datanode-0/data/ratis/aafff790-04e8-4d9f-a3f6-6c7d642d55ba/current/log_inprogress_0
2023-09-21 17:51:30,921 [4cdc299f-4834-4fa6-8ba2-191990d4ad82-server-thread2] INFO  server.RaftServer$Division (ServerState.java:setRaftConf(434)) - 4cdc299f-4834-4fa6-8ba2-191990d4ad82@group-6C7D642D55BA: set configuration 0: peers:[21cefe31-b447-4cde-b371-f0af1d83a0ae|rpc:10.1.0.8:15067|admin:10.1.0.8:15066|client:10.1.0.8:15065|dataStream:10.1.0.8:15068|priority:0|startupRole:FOLLOWER, 4cdc299f-4834-4fa6-8ba2-191990d4ad82|rpc:10.1.0.8:15085|admin:10.1.0.8:15084|client:10.1.0.8:15083|dataStream:10.1.0.8:15086|priority:0|startupRole:FOLLOWER, 37083bac-0b78-4ab7-8270-b85e08b802dc|rpc:10.1.0.8:15076|admin:10.1.0.8:15075|client:10.1.0.8:15074|dataStream:10.1.0.8:15077|priority:1|startupRole:FOLLOWER]|listeners:[], old=null
2023-09-21 17:51:30,922 [4cdc299f-4834-4fa6-8ba2-191990d4ad82-server-thread2] INFO  segmented.SegmentedRaftLogWorker (SegmentedRaftLogWorker.java:startLogSegment(447)) - 4cdc299f-4834-4fa6-8ba2-191990d4ad82@group-6C7D642D55BA-SegmentedRaftLogWorker: Starting segment from index:0
2023-09-21 17:51:30,923 [4cdc299f-4834-4fa6-8ba2-191990d4ad82@group-6C7D642D55BA-SegmentedRaftLogWorker] INFO  segmented.SegmentedRaftLogWorker (SegmentedRaftLogWorker.java:execute(651)) - 4cdc299f-4834-4fa6-8ba2-191990d4ad82@group-6C7D642D55BA-SegmentedRaftLogWorker: created new log segment /home/runner/work/ozone/ozone/hadoop-ozone/integration-test/target/test-dir/MiniOzoneClusterImpl-04a8daa2-1161-4e20-9dee-837792427303/datanode-2/data/ratis/aafff790-04e8-4d9f-a3f6-6c7d642d55ba/current/log_inprogress_0
2023-09-21 17:51:31,021 [main] INFO  ozone.MiniOzoneClusterImpl (MiniOzoneClusterImpl.java:lambda$waitForClusterToBeReady$0(229)) - Nodes are ready. Got 5 of 5 DN Heartbeats.
2023-09-21 17:51:31,024 [main] INFO  ozone.MiniOzoneClusterImpl (MiniOzoneClusterImpl.java:lambda$waitForClusterToBeReady$0(232)) - Cluster exits safe mode
2023-09-21 17:51:31,024 [main] INFO  ozone.MiniOzoneClusterImpl (MiniOzoneClusterImpl.java:lambda$waitForClusterToBeReady$0(234)) - SCM became leader
2023-09-21 17:51:31,060 [37083bac-0b78-4ab7-8270-b85e08b802dc@group-A4D7B4F91E23-FollowerState] INFO  impl.FollowerState (FollowerState.java:run(143)) - 37083bac-0b78-4ab7-8270-b85e08b802dc@group-A4D7B4F91E23-FollowerState: change to CANDIDATE, lastRpcElapsedTime:5153798634ns, electionTimeout:5149ms
2023-09-21 17:51:31,061 [37083bac-0b78-4ab7-8270-b85e08b802dc@group-A4D7B4F91E23-FollowerState] INFO  impl.RoleInfo (RoleInfo.java:shutdownFollowerState(110)) - 37083bac-0b78-4ab7-8270-b85e08b802dc: shutdown 37083bac-0b78-4ab7-8270-b85e08b802dc@group-A4D7B4F91E23-FollowerState
2023-09-21 17:51:31,062 [37083bac-0b78-4ab7-8270-b85e08b802dc@group-A4D7B4F91E23-FollowerState] INFO  server.RaftServer$Division (RaftServerImpl.java:setRole(329)) - 37083bac-0b78-4ab7-8270-b85e08b802dc@group-A4D7B4F91E23: changes role from  FOLLOWER to CANDIDATE at term 0 for changeToCandidate
2023-09-21 17:51:31,062 [37083bac-0b78-4ab7-8270-b85e08b802dc@group-A4D7B4F91E23-FollowerState] INFO  server.RaftServerConfigKeys (ConfUtils.java:logGet(46)) - raft.server.leaderelection.pre-vote = true (default)
2023-09-21 17:51:31,062 [37083bac-0b78-4ab7-8270-b85e08b802dc@group-A4D7B4F91E23-FollowerState] INFO  impl.RoleInfo (RoleInfo.java:updateAndGet(139)) - 37083bac-0b78-4ab7-8270-b85e08b802dc: start 37083bac-0b78-4ab7-8270-b85e08b802dc@group-A4D7B4F91E23-LeaderElection14
2023-09-21 17:51:31,078 [37083bac-0b78-4ab7-8270-b85e08b802dc@group-A4D7B4F91E23-LeaderElection14] INFO  impl.LeaderElection (LeaderElection.java:askForVotes(321)) - 37083bac-0b78-4ab7-8270-b85e08b802dc@group-A4D7B4F91E23-LeaderElection14 PRE_VOTE round 0: submit vote requests at term 0 for -1: peers:[37083bac-0b78-4ab7-8270-b85e08b802dc|rpc:10.1.0.8:15076|admin:10.1.0.8:15075|client:10.1.0.8:15074|dataStream:10.1.0.8:15077|priority:1|startupRole:FOLLOWER]|listeners:[], old=null
2023-09-21 17:51:31,078 [37083bac-0b78-4ab7-8270-b85e08b802dc@group-A4D7B4F91E23-LeaderElection14] INFO  impl.LeaderElection (LeaderElection.java:askForVotes(323)) - 37083bac-0b78-4ab7-8270-b85e08b802dc@group-A4D7B4F91E23-LeaderElection14 PRE_VOTE round 0: result PASSED (term=0)
2023-09-21 17:51:31,080 [Time-limited test] INFO  rpc.RpcClient (RpcClient.java:createVolume(461)) - Creating Volume: volume92924, with user04112 as owner and space quota set to -1 bytes, counts quota set to -1
2023-09-21 17:51:31,081 [37083bac-0b78-4ab7-8270-b85e08b802dc@group-A4D7B4F91E23-LeaderElection14] INFO  impl.LeaderElection (LeaderElection.java:askForVotes(321)) - 37083bac-0b78-4ab7-8270-b85e08b802dc@group-A4D7B4F91E23-LeaderElection14 ELECTION round 0: submit vote requests at term 1 for -1: peers:[37083bac-0b78-4ab7-8270-b85e08b802dc|rpc:10.1.0.8:15076|admin:10.1.0.8:15075|client:10.1.0.8:15074|dataStream:10.1.0.8:15077|priority:1|startupRole:FOLLOWER]|listeners:[], old=null
2023-09-21 17:51:31,082 [37083bac-0b78-4ab7-8270-b85e08b802dc@group-A4D7B4F91E23-LeaderElection14] INFO  impl.LeaderElection (LeaderElection.java:askForVotes(323)) - 37083bac-0b78-4ab7-8270-b85e08b802dc@group-A4D7B4F91E23-LeaderElection14 ELECTION round 0: result PASSED (term=1)
2023-09-21 17:51:31,082 [37083bac-0b78-4ab7-8270-b85e08b802dc@group-A4D7B4F91E23-LeaderElection14] INFO  impl.RoleInfo (RoleInfo.java:shutdownLeaderElection(130)) - 37083bac-0b78-4ab7-8270-b85e08b802dc: shutdown 37083bac-0b78-4ab7-8270-b85e08b802dc@group-A4D7B4F91E23-LeaderElection14
2023-09-21 17:51:31,082 [37083bac-0b78-4ab7-8270-b85e08b802dc@group-A4D7B4F91E23-LeaderElection14] INFO  server.RaftServer$Division (RaftServerImpl.java:setRole(329)) - 37083bac-0b78-4ab7-8270-b85e08b802dc@group-A4D7B4F91E23: changes role from CANDIDATE to LEADER at term 1 for changeToLeader
2023-09-21 17:51:31,082 [37083bac-0b78-4ab7-8270-b85e08b802dc@group-A4D7B4F91E23-LeaderElection14] INFO  ratis.XceiverServerRatis (XceiverServerRatis.java:handleLeaderChangedNotification(902)) - Leader change notification received for group: group-A4D7B4F91E23 with new leaderId: 37083bac-0b78-4ab7-8270-b85e08b802dc
2023-09-21 17:51:31,082 [37083bac-0b78-4ab7-8270-b85e08b802dc@group-A4D7B4F91E23-LeaderElection14] INFO  server.RaftServer$Division (ServerState.java:setLeader(317)) - 37083bac-0b78-4ab7-8270-b85e08b802dc@group-A4D7B4F91E23: change Leader from null to 37083bac-0b78-4ab7-8270-b85e08b802dc at term 1 for becomeLeader, leader elected after 5197ms
2023-09-21 17:51:31,082 [37083bac-0b78-4ab7-8270-b85e08b802dc@group-A4D7B4F91E23-LeaderElection14] INFO  server.RaftServerConfigKeys (ConfUtils.java:logGet(46)) - raft.server.staging.catchup.gap = 1000 (default)
2023-09-21 17:51:31,085 [37083bac-0b78-4ab7-8270-b85e08b802dc@group-A4D7B4F91E23-LeaderElection14] INFO  server.RaftServerConfigKeys (ConfUtils.java:logGet(46)) - raft.server.write.element-limit = 1024 (custom)
2023-09-21 17:51:31,085 [37083bac-0b78-4ab7-8270-b85e08b802dc@group-A4D7B4F91E23-LeaderElection14] INFO  server.RaftServerConfigKeys (ConfUtils.java:logGet(46)) - raft.server.write.byte-limit = 1024 M (=1073741824) (custom)
2023-09-21 17:51:31,088 [IPC Server handler 17 on default port 15057] INFO  volume.OMVolumeCreateRequest (OMVolumeCreateRequest.java:validateAndUpdateCache(196)) - created volume:volume92924 for user:user04112
2023-09-21 17:51:31,095 [37083bac-0b78-4ab7-8270-b85e08b802dc@group-A4D7B4F91E23-LeaderElection14] INFO  server.RaftServerConfigKeys (ConfUtils.java:logGet(46)) - raft.server.watch.timeout = 180s (custom)
2023-09-21 17:51:31,095 [37083bac-0b78-4ab7-8270-b85e08b802dc@group-A4D7B4F91E23-LeaderElection14] INFO  server.RaftServerConfigKeys (ConfUtils.java:logGet(46)) - raft.server.watch.timeout.denomination = 1s (default)
2023-09-21 17:51:31,095 [37083bac-0b78-4ab7-8270-b85e08b802dc@group-A4D7B4F91E23-LeaderElection14] INFO  server.RaftServerConfigKeys (ConfUtils.java:logGet(46)) - raft.server.watch.element-limit = 65536 (default)
2023-09-21 17:51:31,095 [37083bac-0b78-4ab7-8270-b85e08b802dc@group-A4D7B4F91E23-LeaderElection14] INFO  server.RaftServerConfigKeys (ConfUtils.java:logGet(46)) - raft.server.write.element-limit = 1024 (custom)
2023-09-21 17:51:31,095 [37083bac-0b78-4ab7-8270-b85e08b802dc@group-A4D7B4F91E23-LeaderElection14] INFO  server.RaftServerConfigKeys (ConfUtils.java:logGet(46)) - raft.server.write.follower.gap.ratio.max = -1.0 (default)
2023-09-21 17:51:31,095 [37083bac-0b78-4ab7-8270-b85e08b802dc@group-A4D7B4F91E23-LeaderElection14] INFO  impl.RoleInfo (RoleInfo.java:updateAndGet(139)) - 37083bac-0b78-4ab7-8270-b85e08b802dc: start 37083bac-0b78-4ab7-8270-b85e08b802dc@group-A4D7B4F91E23-LeaderStateImpl
2023-09-21 17:51:31,096 [37083bac-0b78-4ab7-8270-b85e08b802dc@group-A4D7B4F91E23-LeaderElection14] INFO  segmented.SegmentedRaftLogWorker (SegmentedRaftLogWorker.java:startLogSegment(447)) - 37083bac-0b78-4ab7-8270-b85e08b802dc@group-A4D7B4F91E23-SegmentedRaftLogWorker: Starting segment from index:0
2023-09-21 17:51:31,099 [37083bac-0b78-4ab7-8270-b85e08b802dc@group-A4D7B4F91E23-LeaderElection14] INFO  server.RaftServer$Division (ServerState.java:setRaftConf(434)) - 37083bac-0b78-4ab7-8270-b85e08b802dc@group-A4D7B4F91E23: set configuration 0: peers:[37083bac-0b78-4ab7-8270-b85e08b802dc|rpc:10.1.0.8:15076|admin:10.1.0.8:15075|client:10.1.0.8:15074|dataStream:10.1.0.8:15077|priority:1|startupRole:FOLLOWER]|listeners:[], old=null
2023-09-21 17:51:31,104 [37083bac-0b78-4ab7-8270-b85e08b802dc@group-A4D7B4F91E23-SegmentedRaftLogWorker] INFO  segmented.SegmentedRaftLogWorker (SegmentedRaftLogWorker.java:execute(651)) - 37083bac-0b78-4ab7-8270-b85e08b802dc@group-A4D7B4F91E23-SegmentedRaftLogWorker: created new log segment /home/runner/work/ozone/ozone/hadoop-ozone/integration-test/target/test-dir/MiniOzoneClusterImpl-04a8daa2-1161-4e20-9dee-837792427303/datanode-1/data/ratis/101e793d-f176-48fd-89a7-a4d7b4f91e23/current/log_inprogress_0
2023-09-21 17:51:31,105 [Time-limited test] INFO  rpc.RpcClient (RpcClient.java:createBucket(688)) - Creating Bucket: volume92924/bucket91254, with bucket layout FILE_SYSTEM_OPTIMIZED, runner as owner, Versioning false, Storage Type set to DISK and Encryption set to false, Replication Type set to server-side default replication type, Namespace Quota set to -1, Space Quota set to -1 
2023-09-21 17:51:31,110 [IPC Server handler 19 on default port 15057] INFO  bucket.OMBucketCreateRequest (OMBucketCreateRequest.java:validateAndUpdateCache(270)) - created bucket: bucket91254 of layout FILE_SYSTEM_OPTIMIZED in volume: volume92924
2023-09-21 17:51:31,133 [Time-limited test] INFO  ozone.TestRootedOzoneFileSystemWithFSO (TestRootedOzoneFileSystemWithFSO.java:testRenameDir(168)) - Created dir /volume92924/bucket91254/dir1/sub_dir1
2023-09-21 17:51:31,133 [Time-limited test] INFO  ozone.TestRootedOzoneFileSystemWithFSO (TestRootedOzoneFileSystemWithFSO.java:testRenameDir(169)) - Will move /volume92924/bucket91254/dir1 to /volume92924/bucket91254/dir1.renamed
]]></system-out>
  </testcase>
  <testcase name="testTempMount" classname="TestRootedOzoneFileSystemWithFSO" time="0">
    <skipped message="HDDS-2939"/>
  </testcase>
  <testcase name="testTempMount" classname="TestRootedOzoneFileSystemWithFSO" time="0">
    <skipped message="HDDS-2939"/>
  </testcase>
  <testcase name="testDeleteVolumeAndBucket" classname="TestRootedOzoneFileSystemWithFSO" time="1.587">
    <system-out><![CDATA[2023-09-21 17:49:33,609 [Time-limited test] INFO  rpc.RpcClient (RpcClient.java:createVolume(461)) - Creating Volume: volume52175, with user56653 as owner and space quota set to -1 bytes, counts quota set to -1
2023-09-21 17:49:33,618 [OM StateMachine ApplyTransaction Thread - 0] INFO  volume.OMVolumeCreateRequest (OMVolumeCreateRequest.java:validateAndUpdateCache(196)) - created volume:volume52175 for user:user56653
2023-09-21 17:49:33,621 [Time-limited test] INFO  rpc.RpcClient (RpcClient.java:createBucket(688)) - Creating Bucket: volume52175/bucket84663, with bucket layout FILE_SYSTEM_OPTIMIZED, runner as owner, Versioning false, Storage Type set to DISK and Encryption set to false, Replication Type set to server-side default replication type, Namespace Quota set to -1, Space Quota set to -1 
2023-09-21 17:49:33,625 [OM StateMachine ApplyTransaction Thread - 0] INFO  bucket.OMBucketCreateRequest (OMBucketCreateRequest.java:validateAndUpdateCache(270)) - created bucket: bucket84663 of layout FILE_SYSTEM_OPTIMIZED in volume: volume52175
17:49:33.642 [IPC Server handler 17 on default port 15004] ERROR OMAudit - user=runner | ip=127.0.0.1 | op=READ_BUCKET {volume=volume-40543, bucket=bucket3} | ret=FAILURE
org.apache.hadoop.ozone.om.exceptions.OMException: Volume not found when getting bucket info
	at org.apache.hadoop.ozone.om.BucketManagerImpl.getBucketInfo(BucketManagerImpl.java:81) ~[ozone-manager-1.4.0-SNAPSHOT.jar:?]
	at org.apache.hadoop.ozone.om.OzoneManager.getBucketInfo(OzoneManager.java:2795) ~[ozone-manager-1.4.0-SNAPSHOT.jar:?]
	at org.apache.hadoop.ozone.protocolPB.OzoneManagerRequestHandler.infoBucket(OzoneManagerRequestHandler.java:545) ~[ozone-manager-1.4.0-SNAPSHOT.jar:?]
	at org.apache.hadoop.ozone.protocolPB.OzoneManagerRequestHandler.handleReadRequest(OzoneManagerRequestHandler.java:200) ~[ozone-manager-1.4.0-SNAPSHOT.jar:?]
	at org.apache.hadoop.ozone.protocolPB.OzoneManagerProtocolServerSideTranslatorPB.submitReadRequestToOM(OzoneManagerProtocolServerSideTranslatorPB.java:225) ~[ozone-manager-1.4.0-SNAPSHOT.jar:?]
	at org.apache.hadoop.ozone.protocolPB.OzoneManagerProtocolServerSideTranslatorPB.processRequest(OzoneManagerProtocolServerSideTranslatorPB.java:179) ~[ozone-manager-1.4.0-SNAPSHOT.jar:?]
	at org.apache.hadoop.hdds.server.OzoneProtocolMessageDispatcher.processRequest(OzoneProtocolMessageDispatcher.java:87) [hdds-server-framework-1.4.0-SNAPSHOT.jar:?]
	at org.apache.hadoop.ozone.protocolPB.OzoneManagerProtocolServerSideTranslatorPB.submitRequest(OzoneManagerProtocolServerSideTranslatorPB.java:148) [ozone-manager-1.4.0-SNAPSHOT.jar:?]
	at org.apache.hadoop.ozone.protocol.proto.OzoneManagerProtocolProtos$OzoneManagerService$2.callBlockingMethod(OzoneManagerProtocolProtos.java) [ozone-interface-client-1.4.0-SNAPSHOT.jar:?]
	at org.apache.hadoop.ipc.ProtobufRpcEngine$Server.processCall(ProtobufRpcEngine.java:484) [hadoop-common-3.3.6.jar:?]
	at org.apache.hadoop.ipc.ProtobufRpcEngine2$Server$ProtoBufRpcInvoker.call(ProtobufRpcEngine2.java:595) [hadoop-common-3.3.6.jar:?]
	at org.apache.hadoop.ipc.ProtobufRpcEngine2$Server$ProtoBufRpcInvoker.call(ProtobufRpcEngine2.java:573) [hadoop-common-3.3.6.jar:?]
	at org.apache.hadoop.ipc.RPC$Server.call(RPC.java:1227) [hadoop-common-3.3.6.jar:?]
	at org.apache.hadoop.ipc.Server$RpcCall.run(Server.java:1094) [hadoop-common-3.3.6.jar:?]
	at org.apache.hadoop.ipc.Server$RpcCall.run(Server.java:1017) [hadoop-common-3.3.6.jar:?]
	at java.security.AccessController.doPrivileged(Native Method) ~[?:1.8.0_382]
	at javax.security.auth.Subject.doAs(Subject.java:422) [?:1.8.0_382]
	at org.apache.hadoop.security.UserGroupInformation.doAs(UserGroupInformation.java:1899) [hadoop-common-3.3.6.jar:?]
	at org.apache.hadoop.ipc.Server$Handler.run(Server.java:3048) [hadoop-common-3.3.6.jar:?]
2023-09-21 17:49:33,656 [Time-limited test] INFO  rpc.RpcClient (RpcClient.java:createVolume(461)) - Creating Volume: volume-40543, with runner as owner and space quota set to -1 bytes, counts quota set to -1
2023-09-21 17:49:33,661 [OM StateMachine ApplyTransaction Thread - 0] INFO  volume.OMVolumeCreateRequest (OMVolumeCreateRequest.java:validateAndUpdateCache(196)) - created volume:volume-40543 for user:runner
2023-09-21 17:49:33,665 [Time-limited test] INFO  rpc.RpcClient (RpcClient.java:createBucket(688)) - Creating Bucket: volume-40543/bucket3, with bucket layout FILE_SYSTEM_OPTIMIZED, runner as owner, Versioning false, Storage Type set to DISK and Encryption set to false, Replication Type set to server-side default replication type, Namespace Quota set to -1, Space Quota set to -1 
2023-09-21 17:49:33,670 [OM StateMachine ApplyTransaction Thread - 0] INFO  bucket.OMBucketCreateRequest (OMBucketCreateRequest.java:validateAndUpdateCache(270)) - created bucket: bucket3 of layout FILE_SYSTEM_OPTIMIZED in volume: volume-40543
2023-09-21 17:49:33,749 [IPC Server handler 5 on default port 15001] INFO  ha.SequenceIdGenerator (SequenceIdGenerator.java:getNextId(140)) - Allocate a batch for containerId, change lastId from 0 to 1000.
2023-09-21 17:49:33,761 [IPC Server handler 5 on default port 15001] WARN  ha.SequenceIdGenerator (SequenceIdGenerator.java:allocateBatch(253)) - Failed to allocate a batch for localId, expected lastId is 0, actual lastId is 111677748019200000.
2023-09-21 17:49:33,761 [IPC Server handler 5 on default port 15001] INFO  ha.SequenceIdGenerator (SequenceIdGenerator.java:getNextId(140)) - Allocate a batch for localId, change lastId from 111677748019200000 to 111677748019201000.
2023-09-21 17:49:33,845 [Time-limited test] INFO  impl.MetricsSystemImpl (MetricsSystemImpl.java:init(158)) - XceiverClientMetrics metrics system started (again)
2023-09-21 17:49:33,846 [Time-limited test] INFO  lib.Interns (Interns.java:removeEldestEntry(50)) - Metrics intern cache overflow at 2011 for MetricsSystem={MetricsSystem=MetricsInfoImpl{name=MetricsSystem, description=MetricsSystem}, MetricsSystem record=MetricsInfoImpl{name=MetricsSystem, description=MetricsSystem record}}
]]></system-out>
  </testcase>
  <testcase name="testDeleteVolumeAndBucket" classname="TestRootedOzoneFileSystemWithFSO" time="0.534">
    <system-out><![CDATA[2023-09-21 17:51:31,185 [Time-limited test] INFO  rpc.RpcClient (RpcClient.java:createVolume(461)) - Creating Volume: volume19128, with user93381 as owner and space quota set to -1 bytes, counts quota set to -1
2023-09-21 17:51:31,186 [IPC Server handler 15 on default port 15057] INFO  volume.OMVolumeCreateRequest (OMVolumeCreateRequest.java:validateAndUpdateCache(196)) - created volume:volume19128 for user:user93381
2023-09-21 17:51:31,189 [Time-limited test] INFO  rpc.RpcClient (RpcClient.java:createBucket(688)) - Creating Bucket: volume19128/bucket64637, with bucket layout FILE_SYSTEM_OPTIMIZED, runner as owner, Versioning false, Storage Type set to DISK and Encryption set to false, Replication Type set to server-side default replication type, Namespace Quota set to -1, Space Quota set to -1 
2023-09-21 17:51:31,190 [IPC Server handler 0 on default port 15057] INFO  bucket.OMBucketCreateRequest (OMBucketCreateRequest.java:validateAndUpdateCache(270)) - created bucket: bucket64637 of layout FILE_SYSTEM_OPTIMIZED in volume: volume19128
17:51:31.193 [IPC Server handler 6 on default port 15057] ERROR OMAudit - user=runner | ip=127.0.0.1 | op=READ_BUCKET {volume=volume-77407, bucket=bucket3} | ret=FAILURE
org.apache.hadoop.ozone.om.exceptions.OMException: Volume not found when getting bucket info
	at org.apache.hadoop.ozone.om.BucketManagerImpl.getBucketInfo(BucketManagerImpl.java:81) ~[ozone-manager-1.4.0-SNAPSHOT.jar:?]
	at org.apache.hadoop.ozone.om.OzoneManager.getBucketInfo(OzoneManager.java:2795) ~[ozone-manager-1.4.0-SNAPSHOT.jar:?]
	at org.apache.hadoop.ozone.protocolPB.OzoneManagerRequestHandler.infoBucket(OzoneManagerRequestHandler.java:545) ~[ozone-manager-1.4.0-SNAPSHOT.jar:?]
	at org.apache.hadoop.ozone.protocolPB.OzoneManagerRequestHandler.handleReadRequest(OzoneManagerRequestHandler.java:200) ~[ozone-manager-1.4.0-SNAPSHOT.jar:?]
	at org.apache.hadoop.ozone.protocolPB.OzoneManagerProtocolServerSideTranslatorPB.submitRequestDirectlyToOM(OzoneManagerProtocolServerSideTranslatorPB.java:274) ~[ozone-manager-1.4.0-SNAPSHOT.jar:?]
	at org.apache.hadoop.ozone.protocolPB.OzoneManagerProtocolServerSideTranslatorPB.processRequest(OzoneManagerProtocolServerSideTranslatorPB.java:175) ~[ozone-manager-1.4.0-SNAPSHOT.jar:?]
	at org.apache.hadoop.hdds.server.OzoneProtocolMessageDispatcher.processRequest(OzoneProtocolMessageDispatcher.java:87) [hdds-server-framework-1.4.0-SNAPSHOT.jar:?]
	at org.apache.hadoop.ozone.protocolPB.OzoneManagerProtocolServerSideTranslatorPB.submitRequest(OzoneManagerProtocolServerSideTranslatorPB.java:148) [ozone-manager-1.4.0-SNAPSHOT.jar:?]
	at org.apache.hadoop.ozone.protocol.proto.OzoneManagerProtocolProtos$OzoneManagerService$2.callBlockingMethod(OzoneManagerProtocolProtos.java) [ozone-interface-client-1.4.0-SNAPSHOT.jar:?]
	at org.apache.hadoop.ipc.ProtobufRpcEngine$Server.processCall(ProtobufRpcEngine.java:484) [hadoop-common-3.3.6.jar:?]
	at org.apache.hadoop.ipc.ProtobufRpcEngine2$Server$ProtoBufRpcInvoker.call(ProtobufRpcEngine2.java:595) [hadoop-common-3.3.6.jar:?]
	at org.apache.hadoop.ipc.ProtobufRpcEngine2$Server$ProtoBufRpcInvoker.call(ProtobufRpcEngine2.java:573) [hadoop-common-3.3.6.jar:?]
	at org.apache.hadoop.ipc.RPC$Server.call(RPC.java:1227) [hadoop-common-3.3.6.jar:?]
	at org.apache.hadoop.ipc.Server$RpcCall.run(Server.java:1094) [hadoop-common-3.3.6.jar:?]
	at org.apache.hadoop.ipc.Server$RpcCall.run(Server.java:1017) [hadoop-common-3.3.6.jar:?]
	at java.security.AccessController.doPrivileged(Native Method) ~[?:1.8.0_382]
	at javax.security.auth.Subject.doAs(Subject.java:422) [?:1.8.0_382]
	at org.apache.hadoop.security.UserGroupInformation.doAs(UserGroupInformation.java:1899) [hadoop-common-3.3.6.jar:?]
	at org.apache.hadoop.ipc.Server$Handler.run(Server.java:3048) [hadoop-common-3.3.6.jar:?]
2023-09-21 17:51:31,193 [Time-limited test] INFO  rpc.RpcClient (RpcClient.java:createVolume(461)) - Creating Volume: volume-77407, with runner as owner and space quota set to -1 bytes, counts quota set to -1
2023-09-21 17:51:31,194 [IPC Server handler 4 on default port 15057] INFO  volume.OMVolumeCreateRequest (OMVolumeCreateRequest.java:validateAndUpdateCache(196)) - created volume:volume-77407 for user:runner
2023-09-21 17:51:31,195 [Time-limited test] INFO  rpc.RpcClient (RpcClient.java:createBucket(688)) - Creating Bucket: volume-77407/bucket3, with bucket layout FILE_SYSTEM_OPTIMIZED, runner as owner, Versioning false, Storage Type set to DISK and Encryption set to false, Replication Type set to server-side default replication type, Namespace Quota set to -1, Space Quota set to -1 
2023-09-21 17:51:31,196 [IPC Server handler 8 on default port 15057] INFO  bucket.OMBucketCreateRequest (OMBucketCreateRequest.java:validateAndUpdateCache(270)) - created bucket: bucket3 of layout FILE_SYSTEM_OPTIMIZED in volume: volume-77407
2023-09-21 17:51:31,216 [IPC Server handler 0 on default port 15054] INFO  ha.SequenceIdGenerator (SequenceIdGenerator.java:getNextId(140)) - Allocate a batch for containerId, change lastId from 0 to 1000.
2023-09-21 17:51:31,217 [IPC Server handler 0 on default port 15054] WARN  ha.SequenceIdGenerator (SequenceIdGenerator.java:allocateBatch(253)) - Failed to allocate a batch for localId, expected lastId is 0, actual lastId is 111677748019200000.
2023-09-21 17:51:31,218 [IPC Server handler 0 on default port 15054] INFO  ha.SequenceIdGenerator (SequenceIdGenerator.java:getNextId(140)) - Allocate a batch for localId, change lastId from 111677748019200000 to 111677748019201000.
2023-09-21 17:51:31,340 [4cdc299f-4834-4fa6-8ba2-191990d4ad82@group-38CB0E9EB26E-FollowerState] INFO  impl.FollowerState (FollowerState.java:run(143)) - 4cdc299f-4834-4fa6-8ba2-191990d4ad82@group-38CB0E9EB26E-FollowerState: change to CANDIDATE, lastRpcElapsedTime:5025058064ns, electionTimeout:5024ms
2023-09-21 17:51:31,340 [4cdc299f-4834-4fa6-8ba2-191990d4ad82@group-38CB0E9EB26E-FollowerState] INFO  impl.RoleInfo (RoleInfo.java:shutdownFollowerState(110)) - 4cdc299f-4834-4fa6-8ba2-191990d4ad82: shutdown 4cdc299f-4834-4fa6-8ba2-191990d4ad82@group-38CB0E9EB26E-FollowerState
2023-09-21 17:51:31,340 [4cdc299f-4834-4fa6-8ba2-191990d4ad82@group-38CB0E9EB26E-FollowerState] INFO  server.RaftServer$Division (RaftServerImpl.java:setRole(329)) - 4cdc299f-4834-4fa6-8ba2-191990d4ad82@group-38CB0E9EB26E: changes role from  FOLLOWER to CANDIDATE at term 0 for changeToCandidate
2023-09-21 17:51:31,340 [4cdc299f-4834-4fa6-8ba2-191990d4ad82@group-38CB0E9EB26E-FollowerState] INFO  server.RaftServerConfigKeys (ConfUtils.java:logGet(46)) - raft.server.leaderelection.pre-vote = true (default)
2023-09-21 17:51:31,340 [4cdc299f-4834-4fa6-8ba2-191990d4ad82@group-38CB0E9EB26E-FollowerState] INFO  impl.RoleInfo (RoleInfo.java:updateAndGet(139)) - 4cdc299f-4834-4fa6-8ba2-191990d4ad82: start 4cdc299f-4834-4fa6-8ba2-191990d4ad82@group-38CB0E9EB26E-LeaderElection15
2023-09-21 17:51:31,358 [4cdc299f-4834-4fa6-8ba2-191990d4ad82@group-38CB0E9EB26E-LeaderElection15] INFO  impl.LeaderElection (LeaderElection.java:askForVotes(321)) - 4cdc299f-4834-4fa6-8ba2-191990d4ad82@group-38CB0E9EB26E-LeaderElection15 PRE_VOTE round 0: submit vote requests at term 0 for -1: peers:[4cdc299f-4834-4fa6-8ba2-191990d4ad82|rpc:10.1.0.8:15085|admin:10.1.0.8:15084|client:10.1.0.8:15083|dataStream:10.1.0.8:15086|priority:1|startupRole:FOLLOWER]|listeners:[], old=null
2023-09-21 17:51:31,358 [4cdc299f-4834-4fa6-8ba2-191990d4ad82@group-38CB0E9EB26E-LeaderElection15] INFO  impl.LeaderElection (LeaderElection.java:askForVotes(323)) - 4cdc299f-4834-4fa6-8ba2-191990d4ad82@group-38CB0E9EB26E-LeaderElection15 PRE_VOTE round 0: result PASSED (term=0)
2023-09-21 17:51:31,362 [4cdc299f-4834-4fa6-8ba2-191990d4ad82@group-38CB0E9EB26E-LeaderElection15] INFO  impl.LeaderElection (LeaderElection.java:askForVotes(321)) - 4cdc299f-4834-4fa6-8ba2-191990d4ad82@group-38CB0E9EB26E-LeaderElection15 ELECTION round 0: submit vote requests at term 1 for -1: peers:[4cdc299f-4834-4fa6-8ba2-191990d4ad82|rpc:10.1.0.8:15085|admin:10.1.0.8:15084|client:10.1.0.8:15083|dataStream:10.1.0.8:15086|priority:1|startupRole:FOLLOWER]|listeners:[], old=null
2023-09-21 17:51:31,362 [4cdc299f-4834-4fa6-8ba2-191990d4ad82@group-38CB0E9EB26E-LeaderElection15] INFO  impl.LeaderElection (LeaderElection.java:askForVotes(323)) - 4cdc299f-4834-4fa6-8ba2-191990d4ad82@group-38CB0E9EB26E-LeaderElection15 ELECTION round 0: result PASSED (term=1)
2023-09-21 17:51:31,362 [4cdc299f-4834-4fa6-8ba2-191990d4ad82@group-38CB0E9EB26E-LeaderElection15] INFO  impl.RoleInfo (RoleInfo.java:shutdownLeaderElection(130)) - 4cdc299f-4834-4fa6-8ba2-191990d4ad82: shutdown 4cdc299f-4834-4fa6-8ba2-191990d4ad82@group-38CB0E9EB26E-LeaderElection15
2023-09-21 17:51:31,362 [4cdc299f-4834-4fa6-8ba2-191990d4ad82@group-38CB0E9EB26E-LeaderElection15] INFO  server.RaftServer$Division (RaftServerImpl.java:setRole(329)) - 4cdc299f-4834-4fa6-8ba2-191990d4ad82@group-38CB0E9EB26E: changes role from CANDIDATE to LEADER at term 1 for changeToLeader
2023-09-21 17:51:31,362 [4cdc299f-4834-4fa6-8ba2-191990d4ad82@group-38CB0E9EB26E-LeaderElection15] INFO  ratis.XceiverServerRatis (XceiverServerRatis.java:handleLeaderChangedNotification(902)) - Leader change notification received for group: group-38CB0E9EB26E with new leaderId: 4cdc299f-4834-4fa6-8ba2-191990d4ad82
2023-09-21 17:51:31,362 [4cdc299f-4834-4fa6-8ba2-191990d4ad82@group-38CB0E9EB26E-LeaderElection15] INFO  server.RaftServer$Division (ServerState.java:setLeader(317)) - 4cdc299f-4834-4fa6-8ba2-191990d4ad82@group-38CB0E9EB26E: change Leader from null to 4cdc299f-4834-4fa6-8ba2-191990d4ad82 at term 1 for becomeLeader, leader elected after 5068ms
2023-09-21 17:51:31,362 [4cdc299f-4834-4fa6-8ba2-191990d4ad82@group-38CB0E9EB26E-LeaderElection15] INFO  server.RaftServerConfigKeys (ConfUtils.java:logGet(46)) - raft.server.staging.catchup.gap = 1000 (default)
2023-09-21 17:51:31,363 [4cdc299f-4834-4fa6-8ba2-191990d4ad82@group-38CB0E9EB26E-LeaderElection15] INFO  server.RaftServerConfigKeys (ConfUtils.java:logGet(46)) - raft.server.write.element-limit = 1024 (custom)
2023-09-21 17:51:31,363 [4cdc299f-4834-4fa6-8ba2-191990d4ad82@group-38CB0E9EB26E-LeaderElection15] INFO  server.RaftServerConfigKeys (ConfUtils.java:logGet(46)) - raft.server.write.byte-limit = 1024 M (=1073741824) (custom)
2023-09-21 17:51:31,363 [4cdc299f-4834-4fa6-8ba2-191990d4ad82@group-38CB0E9EB26E-LeaderElection15] INFO  server.RaftServerConfigKeys (ConfUtils.java:logGet(46)) - raft.server.watch.timeout = 180s (custom)
2023-09-21 17:51:31,363 [4cdc299f-4834-4fa6-8ba2-191990d4ad82@group-38CB0E9EB26E-LeaderElection15] INFO  server.RaftServerConfigKeys (ConfUtils.java:logGet(46)) - raft.server.watch.timeout.denomination = 1s (default)
2023-09-21 17:51:31,363 [4cdc299f-4834-4fa6-8ba2-191990d4ad82@group-38CB0E9EB26E-LeaderElection15] INFO  server.RaftServerConfigKeys (ConfUtils.java:logGet(46)) - raft.server.watch.element-limit = 65536 (default)
2023-09-21 17:51:31,363 [4cdc299f-4834-4fa6-8ba2-191990d4ad82@group-38CB0E9EB26E-LeaderElection15] INFO  server.RaftServerConfigKeys (ConfUtils.java:logGet(46)) - raft.server.write.element-limit = 1024 (custom)
2023-09-21 17:51:31,363 [4cdc299f-4834-4fa6-8ba2-191990d4ad82@group-38CB0E9EB26E-LeaderElection15] INFO  server.RaftServerConfigKeys (ConfUtils.java:logGet(46)) - raft.server.write.follower.gap.ratio.max = -1.0 (default)
2023-09-21 17:51:31,363 [4cdc299f-4834-4fa6-8ba2-191990d4ad82@group-38CB0E9EB26E-LeaderElection15] INFO  impl.RoleInfo (RoleInfo.java:updateAndGet(139)) - 4cdc299f-4834-4fa6-8ba2-191990d4ad82: start 4cdc299f-4834-4fa6-8ba2-191990d4ad82@group-38CB0E9EB26E-LeaderStateImpl
2023-09-21 17:51:31,364 [4cdc299f-4834-4fa6-8ba2-191990d4ad82@group-38CB0E9EB26E-LeaderElection15] INFO  segmented.SegmentedRaftLogWorker (SegmentedRaftLogWorker.java:startLogSegment(447)) - 4cdc299f-4834-4fa6-8ba2-191990d4ad82@group-38CB0E9EB26E-SegmentedRaftLogWorker: Starting segment from index:0
2023-09-21 17:51:31,364 [4cdc299f-4834-4fa6-8ba2-191990d4ad82@group-38CB0E9EB26E-LeaderElection15] INFO  server.RaftServer$Division (ServerState.java:setRaftConf(434)) - 4cdc299f-4834-4fa6-8ba2-191990d4ad82@group-38CB0E9EB26E: set configuration 0: peers:[4cdc299f-4834-4fa6-8ba2-191990d4ad82|rpc:10.1.0.8:15085|admin:10.1.0.8:15084|client:10.1.0.8:15083|dataStream:10.1.0.8:15086|priority:1|startupRole:FOLLOWER]|listeners:[], old=null
2023-09-21 17:51:31,365 [4cdc299f-4834-4fa6-8ba2-191990d4ad82@group-38CB0E9EB26E-SegmentedRaftLogWorker] INFO  segmented.SegmentedRaftLogWorker (SegmentedRaftLogWorker.java:execute(651)) - 4cdc299f-4834-4fa6-8ba2-191990d4ad82@group-38CB0E9EB26E-SegmentedRaftLogWorker: created new log segment /home/runner/work/ozone/ozone/hadoop-ozone/integration-test/target/test-dir/MiniOzoneClusterImpl-04a8daa2-1161-4e20-9dee-837792427303/datanode-2/data/ratis/540ca271-5bbb-48e7-8720-38cb0e9eb26e/current/log_inprogress_0
]]></system-out>
  </testcase>
  <testcase name="testRenameDirToItsOwnSubDir" classname="TestRootedOzoneFileSystemWithFSO" time="0.126">
    <system-out><![CDATA[2023-09-21 17:49:35,209 [Time-limited test] INFO  rpc.RpcClient (RpcClient.java:createVolume(461)) - Creating Volume: volume52018, with user49327 as owner and space quota set to -1 bytes, counts quota set to -1
2023-09-21 17:49:35,215 [OM StateMachine ApplyTransaction Thread - 0] INFO  volume.OMVolumeCreateRequest (OMVolumeCreateRequest.java:validateAndUpdateCache(196)) - created volume:volume52018 for user:user49327
2023-09-21 17:49:35,220 [Time-limited test] INFO  rpc.RpcClient (RpcClient.java:createBucket(688)) - Creating Bucket: volume52018/bucket00296, with bucket layout FILE_SYSTEM_OPTIMIZED, runner as owner, Versioning false, Storage Type set to DISK and Encryption set to false, Replication Type set to server-side default replication type, Namespace Quota set to -1, Space Quota set to -1 
2023-09-21 17:49:35,224 [OM StateMachine ApplyTransaction Thread - 0] INFO  bucket.OMBucketCreateRequest (OMBucketCreateRequest.java:validateAndUpdateCache(270)) - created bucket: bucket00296 of layout FILE_SYSTEM_OPTIMIZED in volume: volume52018
2023-09-21 17:49:35,235 [Time-limited test] INFO  ozone.TestRootedOzoneFileSystemWithFSO (TestRootedOzoneFileSystemWithFSO.java:testRenameDirToItsOwnSubDir(193)) - Created dir1 /volume52018/bucket00296/root/dir1/sub_dir1
2023-09-21 17:49:35,235 [Time-limited test] INFO  ozone.TestRootedOzoneFileSystemWithFSO (TestRootedOzoneFileSystemWithFSO.java:testRenameDirToItsOwnSubDir(194)) - Rename op-> source:/volume52018/bucket00296/root to destin:/volume52018/bucket00296/root/dir1/sub_dir1
17:49:35.245 [OM StateMachine ApplyTransaction Thread - 0] ERROR OMAudit - user=runner | ip=127.0.0.1 | op=RENAME_KEY {volume=volume52018, bucket=bucket00296, dataSize=0, replicationType=NONE, replicationFactor=ZERO, srcKey=root, dstKey=root/dir1/sub_dir1} | ret=FAILURE
org.apache.hadoop.ozone.om.exceptions.OMException: Cannot rename a directory to its own subdirectory
	at org.apache.hadoop.ozone.om.request.file.OMFileRequest.verifyToDirIsASubDirOfFromDirectory(OMFileRequest.java:783) ~[ozone-manager-1.4.0-SNAPSHOT.jar:?]
	at org.apache.hadoop.ozone.om.request.key.OMKeyRenameRequestWithFSO.validateAndUpdateCache(OMKeyRenameRequestWithFSO.java:159) ~[ozone-manager-1.4.0-SNAPSHOT.jar:?]
	at org.apache.hadoop.ozone.protocolPB.OzoneManagerRequestHandler.handleWriteRequest(OzoneManagerRequestHandler.java:373) ~[ozone-manager-1.4.0-SNAPSHOT.jar:?]
	at org.apache.hadoop.ozone.om.ratis.OzoneManagerStateMachine.runCommand(OzoneManagerStateMachine.java:568) ~[ozone-manager-1.4.0-SNAPSHOT.jar:?]
	at org.apache.hadoop.ozone.om.ratis.OzoneManagerStateMachine.lambda$1(OzoneManagerStateMachine.java:359) ~[ozone-manager-1.4.0-SNAPSHOT.jar:?]
	at java.util.concurrent.CompletableFuture$AsyncSupply.run(CompletableFuture.java:1604) [?:1.8.0_382]
	at java.util.concurrent.ThreadPoolExecutor.runWorker(ThreadPoolExecutor.java:1149) [?:1.8.0_382]
	at java.util.concurrent.ThreadPoolExecutor$Worker.run(ThreadPoolExecutor.java:624) [?:1.8.0_382]
	at java.lang.Thread.run(Thread.java:750) [?:1.8.0_382]
2023-09-21 17:49:35,246 [OM StateMachine ApplyTransaction Thread - 0] ERROR key.OMKeyRenameRequestWithFSO (OMKeyRenameRequestWithFSO.java:validateAndUpdateCache(250)) - Rename key failed for volume:volume52018 bucket:bucket00296 fromKey:root toKey:root/dir1/sub_dir1. Exception: Cannot rename a directory to its own subdirectory.
2023-09-21 17:49:35,247 [Time-limited test] ERROR ozone.BasicRootedOzoneFileSystem (BasicRootedOzoneFileSystem.java:renameFSO(486)) - rename key failed: Cannot rename a directory to its own subdirectory. source:volume52018/bucket00296/root, destin:volume52018/bucket00296/root/dir1/sub_dir1
]]></system-out>
  </testcase>
  <testcase name="testRenameDirToItsOwnSubDir" classname="TestRootedOzoneFileSystemWithFSO" time="0.048">
    <system-out><![CDATA[2023-09-21 17:51:31,712 [Time-limited test] INFO  rpc.RpcClient (RpcClient.java:createVolume(461)) - Creating Volume: volume60088, with user68848 as owner and space quota set to -1 bytes, counts quota set to -1
2023-09-21 17:51:31,713 [IPC Server handler 2 on default port 15057] INFO  volume.OMVolumeCreateRequest (OMVolumeCreateRequest.java:validateAndUpdateCache(196)) - created volume:volume60088 for user:user68848
2023-09-21 17:51:31,715 [Time-limited test] INFO  rpc.RpcClient (RpcClient.java:createBucket(688)) - Creating Bucket: volume60088/bucket68181, with bucket layout FILE_SYSTEM_OPTIMIZED, runner as owner, Versioning false, Storage Type set to DISK and Encryption set to false, Replication Type set to server-side default replication type, Namespace Quota set to -1, Space Quota set to -1 
2023-09-21 17:51:31,719 [IPC Server handler 7 on default port 15057] INFO  bucket.OMBucketCreateRequest (OMBucketCreateRequest.java:validateAndUpdateCache(270)) - created bucket: bucket68181 of layout FILE_SYSTEM_OPTIMIZED in volume: volume60088
2023-09-21 17:51:31,720 [01a5bd4e-669d-4aa9-9839-6c274a81602d@group-952C94AC0D76-FollowerState] INFO  impl.FollowerState (FollowerState.java:run(143)) - 01a5bd4e-669d-4aa9-9839-6c274a81602d@group-952C94AC0D76-FollowerState: change to CANDIDATE, lastRpcElapsedTime:5062112526ns, electionTimeout:5055ms
2023-09-21 17:51:31,720 [01a5bd4e-669d-4aa9-9839-6c274a81602d@group-952C94AC0D76-FollowerState] INFO  impl.RoleInfo (RoleInfo.java:shutdownFollowerState(110)) - 01a5bd4e-669d-4aa9-9839-6c274a81602d: shutdown 01a5bd4e-669d-4aa9-9839-6c274a81602d@group-952C94AC0D76-FollowerState
2023-09-21 17:51:31,720 [01a5bd4e-669d-4aa9-9839-6c274a81602d@group-952C94AC0D76-FollowerState] INFO  server.RaftServer$Division (RaftServerImpl.java:setRole(329)) - 01a5bd4e-669d-4aa9-9839-6c274a81602d@group-952C94AC0D76: changes role from  FOLLOWER to CANDIDATE at term 0 for changeToCandidate
2023-09-21 17:51:31,720 [01a5bd4e-669d-4aa9-9839-6c274a81602d@group-952C94AC0D76-FollowerState] INFO  server.RaftServerConfigKeys (ConfUtils.java:logGet(46)) - raft.server.leaderelection.pre-vote = true (default)
2023-09-21 17:51:31,720 [01a5bd4e-669d-4aa9-9839-6c274a81602d@group-952C94AC0D76-FollowerState] INFO  impl.RoleInfo (RoleInfo.java:updateAndGet(139)) - 01a5bd4e-669d-4aa9-9839-6c274a81602d: start 01a5bd4e-669d-4aa9-9839-6c274a81602d@group-952C94AC0D76-LeaderElection16
2023-09-21 17:51:31,723 [01a5bd4e-669d-4aa9-9839-6c274a81602d@group-952C94AC0D76-LeaderElection16] INFO  impl.LeaderElection (LeaderElection.java:askForVotes(321)) - 01a5bd4e-669d-4aa9-9839-6c274a81602d@group-952C94AC0D76-LeaderElection16 PRE_VOTE round 0: submit vote requests at term 0 for -1: peers:[01a5bd4e-669d-4aa9-9839-6c274a81602d|rpc:10.1.0.8:15094|admin:10.1.0.8:15093|client:10.1.0.8:15092|dataStream:10.1.0.8:15095|priority:1|startupRole:FOLLOWER]|listeners:[], old=null
2023-09-21 17:51:31,723 [01a5bd4e-669d-4aa9-9839-6c274a81602d@group-952C94AC0D76-LeaderElection16] INFO  impl.LeaderElection (LeaderElection.java:askForVotes(323)) - 01a5bd4e-669d-4aa9-9839-6c274a81602d@group-952C94AC0D76-LeaderElection16 PRE_VOTE round 0: result PASSED (term=0)
2023-09-21 17:51:31,725 [Time-limited test] INFO  ozone.TestRootedOzoneFileSystemWithFSO (TestRootedOzoneFileSystemWithFSO.java:testRenameDirToItsOwnSubDir(193)) - Created dir1 /volume60088/bucket68181/root/dir1/sub_dir1
2023-09-21 17:51:31,725 [Time-limited test] INFO  ozone.TestRootedOzoneFileSystemWithFSO (TestRootedOzoneFileSystemWithFSO.java:testRenameDirToItsOwnSubDir(194)) - Rename op-> source:/volume60088/bucket68181/root to destin:/volume60088/bucket68181/root/dir1/sub_dir1
2023-09-21 17:51:31,727 [01a5bd4e-669d-4aa9-9839-6c274a81602d@group-952C94AC0D76-LeaderElection16] INFO  impl.LeaderElection (LeaderElection.java:askForVotes(321)) - 01a5bd4e-669d-4aa9-9839-6c274a81602d@group-952C94AC0D76-LeaderElection16 ELECTION round 0: submit vote requests at term 1 for -1: peers:[01a5bd4e-669d-4aa9-9839-6c274a81602d|rpc:10.1.0.8:15094|admin:10.1.0.8:15093|client:10.1.0.8:15092|dataStream:10.1.0.8:15095|priority:1|startupRole:FOLLOWER]|listeners:[], old=null
2023-09-21 17:51:31,727 [01a5bd4e-669d-4aa9-9839-6c274a81602d@group-952C94AC0D76-LeaderElection16] INFO  impl.LeaderElection (LeaderElection.java:askForVotes(323)) - 01a5bd4e-669d-4aa9-9839-6c274a81602d@group-952C94AC0D76-LeaderElection16 ELECTION round 0: result PASSED (term=1)
2023-09-21 17:51:31,727 [01a5bd4e-669d-4aa9-9839-6c274a81602d@group-952C94AC0D76-LeaderElection16] INFO  impl.RoleInfo (RoleInfo.java:shutdownLeaderElection(130)) - 01a5bd4e-669d-4aa9-9839-6c274a81602d: shutdown 01a5bd4e-669d-4aa9-9839-6c274a81602d@group-952C94AC0D76-LeaderElection16
2023-09-21 17:51:31,727 [01a5bd4e-669d-4aa9-9839-6c274a81602d@group-952C94AC0D76-LeaderElection16] INFO  server.RaftServer$Division (RaftServerImpl.java:setRole(329)) - 01a5bd4e-669d-4aa9-9839-6c274a81602d@group-952C94AC0D76: changes role from CANDIDATE to LEADER at term 1 for changeToLeader
2023-09-21 17:51:31,728 [01a5bd4e-669d-4aa9-9839-6c274a81602d@group-952C94AC0D76-LeaderElection16] INFO  ratis.XceiverServerRatis (XceiverServerRatis.java:handleLeaderChangedNotification(902)) - Leader change notification received for group: group-952C94AC0D76 with new leaderId: 01a5bd4e-669d-4aa9-9839-6c274a81602d
17:51:31.728 [IPC Server handler 14 on default port 15057] ERROR OMAudit - user=runner | ip=127.0.0.1 | op=RENAME_KEY {volume=volume60088, bucket=bucket68181, dataSize=0, replicationType=NONE, replicationFactor=ZERO, srcKey=root, dstKey=root/dir1/sub_dir1} | ret=FAILURE
org.apache.hadoop.ozone.om.exceptions.OMException: Cannot rename a directory to its own subdirectory
	at org.apache.hadoop.ozone.om.request.file.OMFileRequest.verifyToDirIsASubDirOfFromDirectory(OMFileRequest.java:783) ~[ozone-manager-1.4.0-SNAPSHOT.jar:?]
	at org.apache.hadoop.ozone.om.request.key.OMKeyRenameRequestWithFSO.validateAndUpdateCache(OMKeyRenameRequestWithFSO.java:159) ~[ozone-manager-1.4.0-SNAPSHOT.jar:?]
	at org.apache.hadoop.ozone.protocolPB.OzoneManagerRequestHandler.handleWriteRequest(OzoneManagerRequestHandler.java:373) ~[ozone-manager-1.4.0-SNAPSHOT.jar:?]
	at org.apache.hadoop.ozone.protocolPB.OzoneManagerProtocolServerSideTranslatorPB.submitRequestDirectlyToOM(OzoneManagerProtocolServerSideTranslatorPB.java:280) ~[ozone-manager-1.4.0-SNAPSHOT.jar:?]
	at org.apache.hadoop.ozone.protocolPB.OzoneManagerProtocolServerSideTranslatorPB.processRequest(OzoneManagerProtocolServerSideTranslatorPB.java:175) ~[ozone-manager-1.4.0-SNAPSHOT.jar:?]
	at org.apache.hadoop.hdds.server.OzoneProtocolMessageDispatcher.processRequest(OzoneProtocolMessageDispatcher.java:87) [hdds-server-framework-1.4.0-SNAPSHOT.jar:?]
	at org.apache.hadoop.ozone.protocolPB.OzoneManagerProtocolServerSideTranslatorPB.submitRequest(OzoneManagerProtocolServerSideTranslatorPB.java:148) [ozone-manager-1.4.0-SNAPSHOT.jar:?]
	at org.apache.hadoop.ozone.protocol.proto.OzoneManagerProtocolProtos$OzoneManagerService$2.callBlockingMethod(OzoneManagerProtocolProtos.java) [ozone-interface-client-1.4.0-SNAPSHOT.jar:?]
	at org.apache.hadoop.ipc.ProtobufRpcEngine$Server.processCall(ProtobufRpcEngine.java:484) [hadoop-common-3.3.6.jar:?]
	at org.apache.hadoop.ipc.ProtobufRpcEngine2$Server$ProtoBufRpcInvoker.call(ProtobufRpcEngine2.java:595) [hadoop-common-3.3.6.jar:?]
	at org.apache.hadoop.ipc.ProtobufRpcEngine2$Server$ProtoBufRpcInvoker.call(ProtobufRpcEngine2.java:573) [hadoop-common-3.3.6.jar:?]
	at org.apache.hadoop.ipc.RPC$Server.call(RPC.java:1227) [hadoop-common-3.3.6.jar:?]
	at org.apache.hadoop.ipc.Server$RpcCall.run(Server.java:1094) [hadoop-common-3.3.6.jar:?]
	at org.apache.hadoop.ipc.Server$RpcCall.run(Server.java:1017) [hadoop-common-3.3.6.jar:?]
	at java.security.AccessController.doPrivileged(Native Method) ~[?:1.8.0_382]
	at javax.security.auth.Subject.doAs(Subject.java:422) [?:1.8.0_382]
	at org.apache.hadoop.security.UserGroupInformation.doAs(UserGroupInformation.java:1899) [hadoop-common-3.3.6.jar:?]
	at org.apache.hadoop.ipc.Server$Handler.run(Server.java:3048) [hadoop-common-3.3.6.jar:?]
2023-09-21 17:51:31,728 [01a5bd4e-669d-4aa9-9839-6c274a81602d@group-952C94AC0D76-LeaderElection16] INFO  server.RaftServer$Division (ServerState.java:setLeader(317)) - 01a5bd4e-669d-4aa9-9839-6c274a81602d@group-952C94AC0D76: change Leader from null to 01a5bd4e-669d-4aa9-9839-6c274a81602d at term 1 for becomeLeader, leader elected after 5104ms
2023-09-21 17:51:31,728 [IPC Server handler 14 on default port 15057] ERROR key.OMKeyRenameRequestWithFSO (OMKeyRenameRequestWithFSO.java:validateAndUpdateCache(250)) - Rename key failed for volume:volume60088 bucket:bucket68181 fromKey:root toKey:root/dir1/sub_dir1. Exception: Cannot rename a directory to its own subdirectory.
2023-09-21 17:51:31,728 [01a5bd4e-669d-4aa9-9839-6c274a81602d@group-952C94AC0D76-LeaderElection16] INFO  server.RaftServerConfigKeys (ConfUtils.java:logGet(46)) - raft.server.staging.catchup.gap = 1000 (default)
2023-09-21 17:51:31,730 [Time-limited test] ERROR ozone.BasicRootedOzoneFileSystem (BasicRootedOzoneFileSystem.java:renameFSO(486)) - rename key failed: Cannot rename a directory to its own subdirectory. source:volume60088/bucket68181/root, destin:volume60088/bucket68181/root/dir1/sub_dir1
2023-09-21 17:51:31,733 [01a5bd4e-669d-4aa9-9839-6c274a81602d@group-952C94AC0D76-LeaderElection16] INFO  server.RaftServerConfigKeys (ConfUtils.java:logGet(46)) - raft.server.write.element-limit = 1024 (custom)
2023-09-21 17:51:31,734 [01a5bd4e-669d-4aa9-9839-6c274a81602d@group-952C94AC0D76-LeaderElection16] INFO  server.RaftServerConfigKeys (ConfUtils.java:logGet(46)) - raft.server.write.byte-limit = 1024 M (=1073741824) (custom)
2023-09-21 17:51:31,734 [01a5bd4e-669d-4aa9-9839-6c274a81602d@group-952C94AC0D76-LeaderElection16] INFO  server.RaftServerConfigKeys (ConfUtils.java:logGet(46)) - raft.server.watch.timeout = 180s (custom)
2023-09-21 17:51:31,734 [01a5bd4e-669d-4aa9-9839-6c274a81602d@group-952C94AC0D76-LeaderElection16] INFO  server.RaftServerConfigKeys (ConfUtils.java:logGet(46)) - raft.server.watch.timeout.denomination = 1s (default)
2023-09-21 17:51:31,734 [01a5bd4e-669d-4aa9-9839-6c274a81602d@group-952C94AC0D76-LeaderElection16] INFO  server.RaftServerConfigKeys (ConfUtils.java:logGet(46)) - raft.server.watch.element-limit = 65536 (default)
2023-09-21 17:51:31,734 [01a5bd4e-669d-4aa9-9839-6c274a81602d@group-952C94AC0D76-LeaderElection16] INFO  server.RaftServerConfigKeys (ConfUtils.java:logGet(46)) - raft.server.write.element-limit = 1024 (custom)
2023-09-21 17:51:31,735 [01a5bd4e-669d-4aa9-9839-6c274a81602d@group-952C94AC0D76-LeaderElection16] INFO  server.RaftServerConfigKeys (ConfUtils.java:logGet(46)) - raft.server.write.follower.gap.ratio.max = -1.0 (default)
2023-09-21 17:51:31,735 [01a5bd4e-669d-4aa9-9839-6c274a81602d@group-952C94AC0D76-LeaderElection16] INFO  impl.RoleInfo (RoleInfo.java:updateAndGet(139)) - 01a5bd4e-669d-4aa9-9839-6c274a81602d: start 01a5bd4e-669d-4aa9-9839-6c274a81602d@group-952C94AC0D76-LeaderStateImpl
2023-09-21 17:51:31,735 [01a5bd4e-669d-4aa9-9839-6c274a81602d@group-952C94AC0D76-LeaderElection16] INFO  segmented.SegmentedRaftLogWorker (SegmentedRaftLogWorker.java:startLogSegment(447)) - 01a5bd4e-669d-4aa9-9839-6c274a81602d@group-952C94AC0D76-SegmentedRaftLogWorker: Starting segment from index:0
2023-09-21 17:51:31,738 [01a5bd4e-669d-4aa9-9839-6c274a81602d@group-952C94AC0D76-LeaderElection16] INFO  server.RaftServer$Division (ServerState.java:setRaftConf(434)) - 01a5bd4e-669d-4aa9-9839-6c274a81602d@group-952C94AC0D76: set configuration 0: peers:[01a5bd4e-669d-4aa9-9839-6c274a81602d|rpc:10.1.0.8:15094|admin:10.1.0.8:15093|client:10.1.0.8:15092|dataStream:10.1.0.8:15095|priority:1|startupRole:FOLLOWER]|listeners:[], old=null
2023-09-21 17:51:31,738 [01a5bd4e-669d-4aa9-9839-6c274a81602d@group-952C94AC0D76-SegmentedRaftLogWorker] INFO  segmented.SegmentedRaftLogWorker (SegmentedRaftLogWorker.java:execute(651)) - 01a5bd4e-669d-4aa9-9839-6c274a81602d@group-952C94AC0D76-SegmentedRaftLogWorker: created new log segment /home/runner/work/ozone/ozone/hadoop-ozone/integration-test/target/test-dir/MiniOzoneClusterImpl-04a8daa2-1161-4e20-9dee-837792427303/datanode-3/data/ratis/33e9e080-0353-461d-b1e6-952c94ac0d76/current/log_inprogress_0
]]></system-out>
  </testcase>
  <testcase name="testKeyRenameToBucketLevel" classname="TestRootedOzoneFileSystemWithFSO" time="0.125">
    <system-out><![CDATA[2023-09-21 17:49:35,326 [Time-limited test] INFO  rpc.RpcClient (RpcClient.java:createVolume(461)) - Creating Volume: volume72756, with user80453 as owner and space quota set to -1 bytes, counts quota set to -1
2023-09-21 17:49:35,334 [OM StateMachine ApplyTransaction Thread - 0] INFO  volume.OMVolumeCreateRequest (OMVolumeCreateRequest.java:validateAndUpdateCache(196)) - created volume:volume72756 for user:user80453
2023-09-21 17:49:35,337 [Time-limited test] INFO  rpc.RpcClient (RpcClient.java:createBucket(688)) - Creating Bucket: volume72756/bucket00044, with bucket layout FILE_SYSTEM_OPTIMIZED, runner as owner, Versioning false, Storage Type set to DISK and Encryption set to false, Replication Type set to server-side default replication type, Namespace Quota set to -1, Space Quota set to -1 
2023-09-21 17:49:35,343 [OM StateMachine ApplyTransaction Thread - 0] INFO  bucket.OMBucketCreateRequest (OMBucketCreateRequest.java:validateAndUpdateCache(270)) - created bucket: bucket00044 of layout FILE_SYSTEM_OPTIMIZED in volume: volume72756
2023-09-21 17:49:35,355 [Time-limited test] INFO  ozone.TestRootedOzoneFileSystemWithFSO (TestRootedOzoneFileSystemWithFSO.java:testKeyRenameToBucketLevel(152)) - Will move /volume72756/bucket00044/dir1/key1 to /volume72756/bucket00044
17:49:35.415 [IPC Server handler 5 on default port 15004] ERROR OMAudit - user=runner | ip=127.0.0.1 | op=READ_BUCKET {volume=volume72756, bucket=bucket00044} | ret=FAILURE
org.apache.hadoop.ozone.om.exceptions.OMException: Bucket not found
	at org.apache.hadoop.ozone.om.BucketManagerImpl.getBucketInfo(BucketManagerImpl.java:85) ~[ozone-manager-1.4.0-SNAPSHOT.jar:?]
	at org.apache.hadoop.ozone.om.OzoneManager.getBucketInfo(OzoneManager.java:2795) ~[ozone-manager-1.4.0-SNAPSHOT.jar:?]
	at org.apache.hadoop.ozone.protocolPB.OzoneManagerRequestHandler.infoBucket(OzoneManagerRequestHandler.java:545) ~[ozone-manager-1.4.0-SNAPSHOT.jar:?]
	at org.apache.hadoop.ozone.protocolPB.OzoneManagerRequestHandler.handleReadRequest(OzoneManagerRequestHandler.java:200) ~[ozone-manager-1.4.0-SNAPSHOT.jar:?]
	at org.apache.hadoop.ozone.protocolPB.OzoneManagerProtocolServerSideTranslatorPB.submitReadRequestToOM(OzoneManagerProtocolServerSideTranslatorPB.java:225) ~[ozone-manager-1.4.0-SNAPSHOT.jar:?]
	at org.apache.hadoop.ozone.protocolPB.OzoneManagerProtocolServerSideTranslatorPB.processRequest(OzoneManagerProtocolServerSideTranslatorPB.java:179) ~[ozone-manager-1.4.0-SNAPSHOT.jar:?]
	at org.apache.hadoop.hdds.server.OzoneProtocolMessageDispatcher.processRequest(OzoneProtocolMessageDispatcher.java:87) [hdds-server-framework-1.4.0-SNAPSHOT.jar:?]
	at org.apache.hadoop.ozone.protocolPB.OzoneManagerProtocolServerSideTranslatorPB.submitRequest(OzoneManagerProtocolServerSideTranslatorPB.java:148) [ozone-manager-1.4.0-SNAPSHOT.jar:?]
	at org.apache.hadoop.ozone.protocol.proto.OzoneManagerProtocolProtos$OzoneManagerService$2.callBlockingMethod(OzoneManagerProtocolProtos.java) [ozone-interface-client-1.4.0-SNAPSHOT.jar:?]
	at org.apache.hadoop.ipc.ProtobufRpcEngine$Server.processCall(ProtobufRpcEngine.java:484) [hadoop-common-3.3.6.jar:?]
	at org.apache.hadoop.ipc.ProtobufRpcEngine2$Server$ProtoBufRpcInvoker.call(ProtobufRpcEngine2.java:595) [hadoop-common-3.3.6.jar:?]
	at org.apache.hadoop.ipc.ProtobufRpcEngine2$Server$ProtoBufRpcInvoker.call(ProtobufRpcEngine2.java:573) [hadoop-common-3.3.6.jar:?]
	at org.apache.hadoop.ipc.RPC$Server.call(RPC.java:1227) [hadoop-common-3.3.6.jar:?]
	at org.apache.hadoop.ipc.Server$RpcCall.run(Server.java:1094) [hadoop-common-3.3.6.jar:?]
	at org.apache.hadoop.ipc.Server$RpcCall.run(Server.java:1017) [hadoop-common-3.3.6.jar:?]
	at java.security.AccessController.doPrivileged(Native Method) ~[?:1.8.0_382]
	at javax.security.auth.Subject.doAs(Subject.java:422) [?:1.8.0_382]
	at org.apache.hadoop.security.UserGroupInformation.doAs(UserGroupInformation.java:1899) [hadoop-common-3.3.6.jar:?]
	at org.apache.hadoop.ipc.Server$Handler.run(Server.java:3048) [hadoop-common-3.3.6.jar:?]
17:49:35.417 [IPC Server handler 6 on default port 15004] ERROR OMAudit - user=runner | ip=127.0.0.1 | op=READ_BUCKET {volume=volume72756, bucket=bucket00044} | ret=FAILURE
org.apache.hadoop.ozone.om.exceptions.OMException: Bucket not found
	at org.apache.hadoop.ozone.om.BucketManagerImpl.getBucketInfo(BucketManagerImpl.java:85) ~[ozone-manager-1.4.0-SNAPSHOT.jar:?]
	at org.apache.hadoop.ozone.om.OzoneManager.getBucketInfo(OzoneManager.java:2795) ~[ozone-manager-1.4.0-SNAPSHOT.jar:?]
	at org.apache.hadoop.ozone.protocolPB.OzoneManagerRequestHandler.infoBucket(OzoneManagerRequestHandler.java:545) ~[ozone-manager-1.4.0-SNAPSHOT.jar:?]
	at org.apache.hadoop.ozone.protocolPB.OzoneManagerRequestHandler.handleReadRequest(OzoneManagerRequestHandler.java:200) ~[ozone-manager-1.4.0-SNAPSHOT.jar:?]
	at org.apache.hadoop.ozone.protocolPB.OzoneManagerProtocolServerSideTranslatorPB.submitReadRequestToOM(OzoneManagerProtocolServerSideTranslatorPB.java:225) ~[ozone-manager-1.4.0-SNAPSHOT.jar:?]
	at org.apache.hadoop.ozone.protocolPB.OzoneManagerProtocolServerSideTranslatorPB.processRequest(OzoneManagerProtocolServerSideTranslatorPB.java:179) ~[ozone-manager-1.4.0-SNAPSHOT.jar:?]
	at org.apache.hadoop.hdds.server.OzoneProtocolMessageDispatcher.processRequest(OzoneProtocolMessageDispatcher.java:87) [hdds-server-framework-1.4.0-SNAPSHOT.jar:?]
	at org.apache.hadoop.ozone.protocolPB.OzoneManagerProtocolServerSideTranslatorPB.submitRequest(OzoneManagerProtocolServerSideTranslatorPB.java:148) [ozone-manager-1.4.0-SNAPSHOT.jar:?]
	at org.apache.hadoop.ozone.protocol.proto.OzoneManagerProtocolProtos$OzoneManagerService$2.callBlockingMethod(OzoneManagerProtocolProtos.java) [ozone-interface-client-1.4.0-SNAPSHOT.jar:?]
	at org.apache.hadoop.ipc.ProtobufRpcEngine$Server.processCall(ProtobufRpcEngine.java:484) [hadoop-common-3.3.6.jar:?]
	at org.apache.hadoop.ipc.ProtobufRpcEngine2$Server$ProtoBufRpcInvoker.call(ProtobufRpcEngine2.java:595) [hadoop-common-3.3.6.jar:?]
	at org.apache.hadoop.ipc.ProtobufRpcEngine2$Server$ProtoBufRpcInvoker.call(ProtobufRpcEngine2.java:573) [hadoop-common-3.3.6.jar:?]
	at org.apache.hadoop.ipc.RPC$Server.call(RPC.java:1227) [hadoop-common-3.3.6.jar:?]
	at org.apache.hadoop.ipc.Server$RpcCall.run(Server.java:1094) [hadoop-common-3.3.6.jar:?]
	at org.apache.hadoop.ipc.Server$RpcCall.run(Server.java:1017) [hadoop-common-3.3.6.jar:?]
	at java.security.AccessController.doPrivileged(Native Method) ~[?:1.8.0_382]
	at javax.security.auth.Subject.doAs(Subject.java:422) [?:1.8.0_382]
	at org.apache.hadoop.security.UserGroupInformation.doAs(UserGroupInformation.java:1899) [hadoop-common-3.3.6.jar:?]
	at org.apache.hadoop.ipc.Server$Handler.run(Server.java:3048) [hadoop-common-3.3.6.jar:?]
2023-09-21 17:49:35,419 [Time-limited test] ERROR ozone.BasicRootedOzoneFileSystem (BasicRootedOzoneFileSystem.java:isLinkBucket(780)) - Exception while getting bucket link information, considered it as false
BUCKET_NOT_FOUND org.apache.hadoop.ozone.om.exceptions.OMException: Bucket not found
	at org.apache.hadoop.ozone.om.protocolPB.OzoneManagerProtocolClientSideTranslatorPB.handleError(OzoneManagerProtocolClientSideTranslatorPB.java:729)
	at org.apache.hadoop.ozone.om.protocolPB.OzoneManagerProtocolClientSideTranslatorPB.getBucketInfo(OzoneManagerProtocolClientSideTranslatorPB.java:578)
	at org.apache.hadoop.ozone.client.rpc.RpcClient.getBucketDetails(RpcClient.java:1243)
	at org.apache.hadoop.fs.ozone.BasicRootedOzoneClientAdapterImpl.getBucket(BasicRootedOzoneClientAdapterImpl.java:274)
	at org.apache.hadoop.fs.ozone.BasicRootedOzoneClientAdapterImpl.getBucket(BasicRootedOzoneClientAdapterImpl.java:248)
	at org.apache.hadoop.fs.ozone.BasicRootedOzoneFileSystem.isLinkBucket(BasicRootedOzoneFileSystem.java:775)
	at org.apache.hadoop.fs.ozone.BasicRootedOzoneFileSystem.deleteBucket(BasicRootedOzoneFileSystem.java:742)
	at org.apache.hadoop.fs.ozone.BasicRootedOzoneFileSystem.delete(BasicRootedOzoneFileSystem.java:696)
	at org.apache.hadoop.fs.ozone.TestRootedOzoneFileSystem.cleanup(TestRootedOzoneFileSystem.java:201)
	at sun.reflect.NativeMethodAccessorImpl.invoke0(Native Method)
	at sun.reflect.NativeMethodAccessorImpl.invoke(NativeMethodAccessorImpl.java:62)
	at sun.reflect.DelegatingMethodAccessorImpl.invoke(DelegatingMethodAccessorImpl.java:43)
	at java.lang.reflect.Method.invoke(Method.java:498)
	at org.junit.runners.model.FrameworkMethod$1.runReflectiveCall(FrameworkMethod.java:59)
	at org.junit.internal.runners.model.ReflectiveCallable.run(ReflectiveCallable.java:12)
	at org.junit.runners.model.FrameworkMethod.invokeExplosively(FrameworkMethod.java:56)
	at org.junit.internal.runners.statements.RunAfters.invokeMethod(RunAfters.java:46)
	at org.junit.internal.runners.statements.RunAfters.evaluate(RunAfters.java:33)
	at org.junit.internal.runners.statements.FailOnTimeout$CallableStatement.call(FailOnTimeout.java:288)
	at org.junit.internal.runners.statements.FailOnTimeout$CallableStatement.call(FailOnTimeout.java:282)
	at java.util.concurrent.FutureTask.run(FutureTask.java:266)
	at java.lang.Thread.run(Thread.java:750)
2023-09-21 17:49:35,422 [Time-limited test] WARN  ozone.BasicRootedOzoneFileSystem (BasicRootedOzoneFileSystem.java:deleteBucket(746)) - delete: Path does not exist: /volume72756/bucket00044
]]></system-out>
  </testcase>
  <testcase name="testKeyRenameToBucketLevel" classname="TestRootedOzoneFileSystemWithFSO" time="0.042">
    <system-out><![CDATA[2023-09-21 17:51:31,759 [Time-limited test] INFO  rpc.RpcClient (RpcClient.java:createVolume(461)) - Creating Volume: volume63723, with user73279 as owner and space quota set to -1 bytes, counts quota set to -1
2023-09-21 17:51:31,760 [IPC Server handler 14 on default port 15057] INFO  volume.OMVolumeCreateRequest (OMVolumeCreateRequest.java:validateAndUpdateCache(196)) - created volume:volume63723 for user:user73279
2023-09-21 17:51:31,761 [Time-limited test] INFO  rpc.RpcClient (RpcClient.java:createBucket(688)) - Creating Bucket: volume63723/bucket49651, with bucket layout FILE_SYSTEM_OPTIMIZED, runner as owner, Versioning false, Storage Type set to DISK and Encryption set to false, Replication Type set to server-side default replication type, Namespace Quota set to -1, Space Quota set to -1 
2023-09-21 17:51:31,762 [IPC Server handler 16 on default port 15057] INFO  bucket.OMBucketCreateRequest (OMBucketCreateRequest.java:validateAndUpdateCache(270)) - created bucket: bucket49651 of layout FILE_SYSTEM_OPTIMIZED in volume: volume63723
2023-09-21 17:51:31,765 [Time-limited test] INFO  ozone.TestRootedOzoneFileSystemWithFSO (TestRootedOzoneFileSystemWithFSO.java:testKeyRenameToBucketLevel(152)) - Will move /volume63723/bucket49651/dir1/key1 to /volume63723/bucket49651
17:51:31.783 [IPC Server handler 18 on default port 15057] ERROR OMAudit - user=runner | ip=127.0.0.1 | op=READ_BUCKET {volume=volume63723, bucket=bucket49651} | ret=FAILURE
org.apache.hadoop.ozone.om.exceptions.OMException: Bucket not found
	at org.apache.hadoop.ozone.om.BucketManagerImpl.getBucketInfo(BucketManagerImpl.java:85) ~[ozone-manager-1.4.0-SNAPSHOT.jar:?]
	at org.apache.hadoop.ozone.om.OzoneManager.getBucketInfo(OzoneManager.java:2795) ~[ozone-manager-1.4.0-SNAPSHOT.jar:?]
	at org.apache.hadoop.ozone.protocolPB.OzoneManagerRequestHandler.infoBucket(OzoneManagerRequestHandler.java:545) ~[ozone-manager-1.4.0-SNAPSHOT.jar:?]
	at org.apache.hadoop.ozone.protocolPB.OzoneManagerRequestHandler.handleReadRequest(OzoneManagerRequestHandler.java:200) ~[ozone-manager-1.4.0-SNAPSHOT.jar:?]
	at org.apache.hadoop.ozone.protocolPB.OzoneManagerProtocolServerSideTranslatorPB.submitRequestDirectlyToOM(OzoneManagerProtocolServerSideTranslatorPB.java:274) ~[ozone-manager-1.4.0-SNAPSHOT.jar:?]
	at org.apache.hadoop.ozone.protocolPB.OzoneManagerProtocolServerSideTranslatorPB.processRequest(OzoneManagerProtocolServerSideTranslatorPB.java:175) ~[ozone-manager-1.4.0-SNAPSHOT.jar:?]
	at org.apache.hadoop.hdds.server.OzoneProtocolMessageDispatcher.processRequest(OzoneProtocolMessageDispatcher.java:87) [hdds-server-framework-1.4.0-SNAPSHOT.jar:?]
	at org.apache.hadoop.ozone.protocolPB.OzoneManagerProtocolServerSideTranslatorPB.submitRequest(OzoneManagerProtocolServerSideTranslatorPB.java:148) [ozone-manager-1.4.0-SNAPSHOT.jar:?]
	at org.apache.hadoop.ozone.protocol.proto.OzoneManagerProtocolProtos$OzoneManagerService$2.callBlockingMethod(OzoneManagerProtocolProtos.java) [ozone-interface-client-1.4.0-SNAPSHOT.jar:?]
	at org.apache.hadoop.ipc.ProtobufRpcEngine$Server.processCall(ProtobufRpcEngine.java:484) [hadoop-common-3.3.6.jar:?]
	at org.apache.hadoop.ipc.ProtobufRpcEngine2$Server$ProtoBufRpcInvoker.call(ProtobufRpcEngine2.java:595) [hadoop-common-3.3.6.jar:?]
	at org.apache.hadoop.ipc.ProtobufRpcEngine2$Server$ProtoBufRpcInvoker.call(ProtobufRpcEngine2.java:573) [hadoop-common-3.3.6.jar:?]
	at org.apache.hadoop.ipc.RPC$Server.call(RPC.java:1227) [hadoop-common-3.3.6.jar:?]
	at org.apache.hadoop.ipc.Server$RpcCall.run(Server.java:1094) [hadoop-common-3.3.6.jar:?]
	at org.apache.hadoop.ipc.Server$RpcCall.run(Server.java:1017) [hadoop-common-3.3.6.jar:?]
	at java.security.AccessController.doPrivileged(Native Method) ~[?:1.8.0_382]
	at javax.security.auth.Subject.doAs(Subject.java:422) [?:1.8.0_382]
	at org.apache.hadoop.security.UserGroupInformation.doAs(UserGroupInformation.java:1899) [hadoop-common-3.3.6.jar:?]
	at org.apache.hadoop.ipc.Server$Handler.run(Server.java:3048) [hadoop-common-3.3.6.jar:?]
17:51:31.784 [IPC Server handler 11 on default port 15057] ERROR OMAudit - user=runner | ip=127.0.0.1 | op=READ_BUCKET {volume=volume63723, bucket=bucket49651} | ret=FAILURE
org.apache.hadoop.ozone.om.exceptions.OMException: Bucket not found
	at org.apache.hadoop.ozone.om.BucketManagerImpl.getBucketInfo(BucketManagerImpl.java:85) ~[ozone-manager-1.4.0-SNAPSHOT.jar:?]
	at org.apache.hadoop.ozone.om.OzoneManager.getBucketInfo(OzoneManager.java:2795) ~[ozone-manager-1.4.0-SNAPSHOT.jar:?]
	at org.apache.hadoop.ozone.protocolPB.OzoneManagerRequestHandler.infoBucket(OzoneManagerRequestHandler.java:545) ~[ozone-manager-1.4.0-SNAPSHOT.jar:?]
	at org.apache.hadoop.ozone.protocolPB.OzoneManagerRequestHandler.handleReadRequest(OzoneManagerRequestHandler.java:200) ~[ozone-manager-1.4.0-SNAPSHOT.jar:?]
	at org.apache.hadoop.ozone.protocolPB.OzoneManagerProtocolServerSideTranslatorPB.submitRequestDirectlyToOM(OzoneManagerProtocolServerSideTranslatorPB.java:274) ~[ozone-manager-1.4.0-SNAPSHOT.jar:?]
	at org.apache.hadoop.ozone.protocolPB.OzoneManagerProtocolServerSideTranslatorPB.processRequest(OzoneManagerProtocolServerSideTranslatorPB.java:175) ~[ozone-manager-1.4.0-SNAPSHOT.jar:?]
	at org.apache.hadoop.hdds.server.OzoneProtocolMessageDispatcher.processRequest(OzoneProtocolMessageDispatcher.java:87) [hdds-server-framework-1.4.0-SNAPSHOT.jar:?]
	at org.apache.hadoop.ozone.protocolPB.OzoneManagerProtocolServerSideTranslatorPB.submitRequest(OzoneManagerProtocolServerSideTranslatorPB.java:148) [ozone-manager-1.4.0-SNAPSHOT.jar:?]
	at org.apache.hadoop.ozone.protocol.proto.OzoneManagerProtocolProtos$OzoneManagerService$2.callBlockingMethod(OzoneManagerProtocolProtos.java) [ozone-interface-client-1.4.0-SNAPSHOT.jar:?]
	at org.apache.hadoop.ipc.ProtobufRpcEngine$Server.processCall(ProtobufRpcEngine.java:484) [hadoop-common-3.3.6.jar:?]
	at org.apache.hadoop.ipc.ProtobufRpcEngine2$Server$ProtoBufRpcInvoker.call(ProtobufRpcEngine2.java:595) [hadoop-common-3.3.6.jar:?]
	at org.apache.hadoop.ipc.ProtobufRpcEngine2$Server$ProtoBufRpcInvoker.call(ProtobufRpcEngine2.java:573) [hadoop-common-3.3.6.jar:?]
	at org.apache.hadoop.ipc.RPC$Server.call(RPC.java:1227) [hadoop-common-3.3.6.jar:?]
	at org.apache.hadoop.ipc.Server$RpcCall.run(Server.java:1094) [hadoop-common-3.3.6.jar:?]
	at org.apache.hadoop.ipc.Server$RpcCall.run(Server.java:1017) [hadoop-common-3.3.6.jar:?]
	at java.security.AccessController.doPrivileged(Native Method) ~[?:1.8.0_382]
	at javax.security.auth.Subject.doAs(Subject.java:422) [?:1.8.0_382]
	at org.apache.hadoop.security.UserGroupInformation.doAs(UserGroupInformation.java:1899) [hadoop-common-3.3.6.jar:?]
	at org.apache.hadoop.ipc.Server$Handler.run(Server.java:3048) [hadoop-common-3.3.6.jar:?]
2023-09-21 17:51:31,785 [Time-limited test] ERROR ozone.BasicRootedOzoneFileSystem (BasicRootedOzoneFileSystem.java:isLinkBucket(780)) - Exception while getting bucket link information, considered it as false
BUCKET_NOT_FOUND org.apache.hadoop.ozone.om.exceptions.OMException: Bucket not found
	at org.apache.hadoop.ozone.om.protocolPB.OzoneManagerProtocolClientSideTranslatorPB.handleError(OzoneManagerProtocolClientSideTranslatorPB.java:729)
	at org.apache.hadoop.ozone.om.protocolPB.OzoneManagerProtocolClientSideTranslatorPB.getBucketInfo(OzoneManagerProtocolClientSideTranslatorPB.java:578)
	at org.apache.hadoop.ozone.client.rpc.RpcClient.getBucketDetails(RpcClient.java:1243)
	at org.apache.hadoop.fs.ozone.BasicRootedOzoneClientAdapterImpl.getBucket(BasicRootedOzoneClientAdapterImpl.java:274)
	at org.apache.hadoop.fs.ozone.BasicRootedOzoneClientAdapterImpl.getBucket(BasicRootedOzoneClientAdapterImpl.java:248)
	at org.apache.hadoop.fs.ozone.BasicRootedOzoneFileSystem.isLinkBucket(BasicRootedOzoneFileSystem.java:775)
	at org.apache.hadoop.fs.ozone.BasicRootedOzoneFileSystem.deleteBucket(BasicRootedOzoneFileSystem.java:742)
	at org.apache.hadoop.fs.ozone.BasicRootedOzoneFileSystem.delete(BasicRootedOzoneFileSystem.java:696)
	at org.apache.hadoop.fs.ozone.TestRootedOzoneFileSystem.cleanup(TestRootedOzoneFileSystem.java:201)
	at sun.reflect.GeneratedMethodAccessor65.invoke(Unknown Source)
	at sun.reflect.DelegatingMethodAccessorImpl.invoke(DelegatingMethodAccessorImpl.java:43)
	at java.lang.reflect.Method.invoke(Method.java:498)
	at org.junit.runners.model.FrameworkMethod$1.runReflectiveCall(FrameworkMethod.java:59)
	at org.junit.internal.runners.model.ReflectiveCallable.run(ReflectiveCallable.java:12)
	at org.junit.runners.model.FrameworkMethod.invokeExplosively(FrameworkMethod.java:56)
	at org.junit.internal.runners.statements.RunAfters.invokeMethod(RunAfters.java:46)
	at org.junit.internal.runners.statements.RunAfters.evaluate(RunAfters.java:33)
	at org.junit.internal.runners.statements.FailOnTimeout$CallableStatement.call(FailOnTimeout.java:288)
	at org.junit.internal.runners.statements.FailOnTimeout$CallableStatement.call(FailOnTimeout.java:282)
	at java.util.concurrent.FutureTask.run(FutureTask.java:266)
	at java.lang.Thread.run(Thread.java:750)
2023-09-21 17:51:31,786 [Time-limited test] WARN  ozone.BasicRootedOzoneFileSystem (BasicRootedOzoneFileSystem.java:deleteBucket(746)) - delete: Path does not exist: /volume63723/bucket49651
]]></system-out>
  </testcase>
  <testcase name="testLeaseRecoverable" classname="TestRootedOzoneFileSystemWithFSO" time="0.226">
    <system-out><![CDATA[2023-09-21 17:49:35,455 [Time-limited test] INFO  rpc.RpcClient (RpcClient.java:createVolume(461)) - Creating Volume: volume86736, with user70685 as owner and space quota set to -1 bytes, counts quota set to -1
2023-09-21 17:49:35,459 [OM StateMachine ApplyTransaction Thread - 0] INFO  volume.OMVolumeCreateRequest (OMVolumeCreateRequest.java:validateAndUpdateCache(196)) - created volume:volume86736 for user:user70685
2023-09-21 17:49:35,464 [Time-limited test] INFO  rpc.RpcClient (RpcClient.java:createBucket(688)) - Creating Bucket: volume86736/bucket72118, with bucket layout FILE_SYSTEM_OPTIMIZED, runner as owner, Versioning false, Storage Type set to DISK and Encryption set to false, Replication Type set to server-side default replication type, Namespace Quota set to -1, Space Quota set to -1 
2023-09-21 17:49:35,467 [OM StateMachine ApplyTransaction Thread - 0] INFO  bucket.OMBucketCreateRequest (OMBucketCreateRequest.java:validateAndUpdateCache(270)) - created bucket: bucket72118 of layout FILE_SYSTEM_OPTIMIZED in volume: volume86736
17:49:35.492 [IPC Server handler 0 on default port 15004] ERROR OMAudit - user=runner | ip=127.0.0.1 | op=GET_FILE_STATUS {volume=volume86736, bucket=bucket72118, key=dir1/key1, dataSize=0, replicationConfig=null} | ret=FAILURE
org.apache.hadoop.ozone.om.exceptions.OMException: Unable to get file status: volume: volume86736 bucket: bucket72118 key: dir1/key1
	at org.apache.hadoop.ozone.om.KeyManagerImpl.getOzoneFileStatusFSO(KeyManagerImpl.java:1320) ~[ozone-manager-1.4.0-SNAPSHOT.jar:?]
	at org.apache.hadoop.ozone.om.KeyManagerImpl.getFileStatus(KeyManagerImpl.java:1111) ~[ozone-manager-1.4.0-SNAPSHOT.jar:?]
	at org.apache.hadoop.ozone.om.OmMetadataReader.getFileStatus(OmMetadataReader.java:262) ~[ozone-manager-1.4.0-SNAPSHOT.jar:?]
	at org.apache.hadoop.ozone.om.OzoneManager.getFileStatus(OzoneManager.java:3533) ~[ozone-manager-1.4.0-SNAPSHOT.jar:?]
	at org.apache.hadoop.ozone.protocolPB.OzoneManagerRequestHandler.getOzoneFileStatus(OzoneManagerRequestHandler.java:971) ~[ozone-manager-1.4.0-SNAPSHOT.jar:?]
	at org.apache.hadoop.ozone.protocolPB.OzoneManagerRequestHandler.handleReadRequest(OzoneManagerRequestHandler.java:250) ~[ozone-manager-1.4.0-SNAPSHOT.jar:?]
	at org.apache.hadoop.ozone.protocolPB.OzoneManagerProtocolServerSideTranslatorPB.submitReadRequestToOM(OzoneManagerProtocolServerSideTranslatorPB.java:225) ~[ozone-manager-1.4.0-SNAPSHOT.jar:?]
	at org.apache.hadoop.ozone.protocolPB.OzoneManagerProtocolServerSideTranslatorPB.processRequest(OzoneManagerProtocolServerSideTranslatorPB.java:179) ~[ozone-manager-1.4.0-SNAPSHOT.jar:?]
	at org.apache.hadoop.hdds.server.OzoneProtocolMessageDispatcher.processRequest(OzoneProtocolMessageDispatcher.java:87) [hdds-server-framework-1.4.0-SNAPSHOT.jar:?]
	at org.apache.hadoop.ozone.protocolPB.OzoneManagerProtocolServerSideTranslatorPB.submitRequest(OzoneManagerProtocolServerSideTranslatorPB.java:148) [ozone-manager-1.4.0-SNAPSHOT.jar:?]
	at org.apache.hadoop.ozone.protocol.proto.OzoneManagerProtocolProtos$OzoneManagerService$2.callBlockingMethod(OzoneManagerProtocolProtos.java) [ozone-interface-client-1.4.0-SNAPSHOT.jar:?]
	at org.apache.hadoop.ipc.ProtobufRpcEngine$Server.processCall(ProtobufRpcEngine.java:484) [hadoop-common-3.3.6.jar:?]
	at org.apache.hadoop.ipc.ProtobufRpcEngine2$Server$ProtoBufRpcInvoker.call(ProtobufRpcEngine2.java:595) [hadoop-common-3.3.6.jar:?]
	at org.apache.hadoop.ipc.ProtobufRpcEngine2$Server$ProtoBufRpcInvoker.call(ProtobufRpcEngine2.java:573) [hadoop-common-3.3.6.jar:?]
	at org.apache.hadoop.ipc.RPC$Server.call(RPC.java:1227) [hadoop-common-3.3.6.jar:?]
	at org.apache.hadoop.ipc.Server$RpcCall.run(Server.java:1094) [hadoop-common-3.3.6.jar:?]
	at org.apache.hadoop.ipc.Server$RpcCall.run(Server.java:1017) [hadoop-common-3.3.6.jar:?]
	at java.security.AccessController.doPrivileged(Native Method) ~[?:1.8.0_382]
	at javax.security.auth.Subject.doAs(Subject.java:422) [?:1.8.0_382]
	at org.apache.hadoop.security.UserGroupInformation.doAs(UserGroupInformation.java:1899) [hadoop-common-3.3.6.jar:?]
	at org.apache.hadoop.ipc.Server$Handler.run(Server.java:3048) [hadoop-common-3.3.6.jar:?]
]]></system-out>
  </testcase>
  <testcase name="testLeaseRecoverable" classname="TestRootedOzoneFileSystemWithFSO" time="0.134">
    <system-out><![CDATA[2023-09-21 17:51:31,820 [Time-limited test] INFO  rpc.RpcClient (RpcClient.java:createVolume(461)) - Creating Volume: volume60785, with user42880 as owner and space quota set to -1 bytes, counts quota set to -1
2023-09-21 17:51:31,822 [IPC Server handler 0 on default port 15057] INFO  volume.OMVolumeCreateRequest (OMVolumeCreateRequest.java:validateAndUpdateCache(196)) - created volume:volume60785 for user:user42880
2023-09-21 17:51:31,823 [Time-limited test] INFO  rpc.RpcClient (RpcClient.java:createBucket(688)) - Creating Bucket: volume60785/bucket37817, with bucket layout FILE_SYSTEM_OPTIMIZED, runner as owner, Versioning false, Storage Type set to DISK and Encryption set to false, Replication Type set to server-side default replication type, Namespace Quota set to -1, Space Quota set to -1 
2023-09-21 17:51:31,824 [IPC Server handler 5 on default port 15057] INFO  bucket.OMBucketCreateRequest (OMBucketCreateRequest.java:validateAndUpdateCache(270)) - created bucket: bucket37817 of layout FILE_SYSTEM_OPTIMIZED in volume: volume60785
17:51:31.832 [IPC Server handler 7 on default port 15057] ERROR OMAudit - user=runner | ip=127.0.0.1 | op=GET_FILE_STATUS {volume=volume60785, bucket=bucket37817, key=dir1/key1, dataSize=0, replicationConfig=null} | ret=FAILURE
org.apache.hadoop.ozone.om.exceptions.OMException: Unable to get file status: volume: volume60785 bucket: bucket37817 key: dir1/key1
	at org.apache.hadoop.ozone.om.KeyManagerImpl.getOzoneFileStatusFSO(KeyManagerImpl.java:1320) ~[ozone-manager-1.4.0-SNAPSHOT.jar:?]
	at org.apache.hadoop.ozone.om.KeyManagerImpl.getFileStatus(KeyManagerImpl.java:1111) ~[ozone-manager-1.4.0-SNAPSHOT.jar:?]
	at org.apache.hadoop.ozone.om.OmMetadataReader.getFileStatus(OmMetadataReader.java:262) ~[ozone-manager-1.4.0-SNAPSHOT.jar:?]
	at org.apache.hadoop.ozone.om.OzoneManager.getFileStatus(OzoneManager.java:3533) ~[ozone-manager-1.4.0-SNAPSHOT.jar:?]
	at org.apache.hadoop.ozone.protocolPB.OzoneManagerRequestHandler.getOzoneFileStatus(OzoneManagerRequestHandler.java:971) ~[ozone-manager-1.4.0-SNAPSHOT.jar:?]
	at org.apache.hadoop.ozone.protocolPB.OzoneManagerRequestHandler.handleReadRequest(OzoneManagerRequestHandler.java:250) ~[ozone-manager-1.4.0-SNAPSHOT.jar:?]
	at org.apache.hadoop.ozone.protocolPB.OzoneManagerProtocolServerSideTranslatorPB.submitRequestDirectlyToOM(OzoneManagerProtocolServerSideTranslatorPB.java:274) ~[ozone-manager-1.4.0-SNAPSHOT.jar:?]
	at org.apache.hadoop.ozone.protocolPB.OzoneManagerProtocolServerSideTranslatorPB.processRequest(OzoneManagerProtocolServerSideTranslatorPB.java:175) ~[ozone-manager-1.4.0-SNAPSHOT.jar:?]
	at org.apache.hadoop.hdds.server.OzoneProtocolMessageDispatcher.processRequest(OzoneProtocolMessageDispatcher.java:87) [hdds-server-framework-1.4.0-SNAPSHOT.jar:?]
	at org.apache.hadoop.ozone.protocolPB.OzoneManagerProtocolServerSideTranslatorPB.submitRequest(OzoneManagerProtocolServerSideTranslatorPB.java:148) [ozone-manager-1.4.0-SNAPSHOT.jar:?]
	at org.apache.hadoop.ozone.protocol.proto.OzoneManagerProtocolProtos$OzoneManagerService$2.callBlockingMethod(OzoneManagerProtocolProtos.java) [ozone-interface-client-1.4.0-SNAPSHOT.jar:?]
	at org.apache.hadoop.ipc.ProtobufRpcEngine$Server.processCall(ProtobufRpcEngine.java:484) [hadoop-common-3.3.6.jar:?]
	at org.apache.hadoop.ipc.ProtobufRpcEngine2$Server$ProtoBufRpcInvoker.call(ProtobufRpcEngine2.java:595) [hadoop-common-3.3.6.jar:?]
	at org.apache.hadoop.ipc.ProtobufRpcEngine2$Server$ProtoBufRpcInvoker.call(ProtobufRpcEngine2.java:573) [hadoop-common-3.3.6.jar:?]
	at org.apache.hadoop.ipc.RPC$Server.call(RPC.java:1227) [hadoop-common-3.3.6.jar:?]
	at org.apache.hadoop.ipc.Server$RpcCall.run(Server.java:1094) [hadoop-common-3.3.6.jar:?]
	at org.apache.hadoop.ipc.Server$RpcCall.run(Server.java:1017) [hadoop-common-3.3.6.jar:?]
	at java.security.AccessController.doPrivileged(Native Method) ~[?:1.8.0_382]
	at javax.security.auth.Subject.doAs(Subject.java:422) [?:1.8.0_382]
	at org.apache.hadoop.security.UserGroupInformation.doAs(UserGroupInformation.java:1899) [hadoop-common-3.3.6.jar:?]
	at org.apache.hadoop.ipc.Server$Handler.run(Server.java:3048) [hadoop-common-3.3.6.jar:?]
]]></system-out>
  </testcase>
  <testcase name="testOzoneFsServiceLoader" classname="TestRootedOzoneFileSystemWithFSO" time="0">
    <skipped message="HDDS-2939"/>
  </testcase>
  <testcase name="testOzoneFsServiceLoader" classname="TestRootedOzoneFileSystemWithFSO" time="0">
    <skipped message="HDDS-2939"/>
  </testcase>
  <testcase name="testRenameDestinationParentDoesntExist" classname="TestRootedOzoneFileSystemWithFSO" time="0.154">
    <system-out><![CDATA[2023-09-21 17:49:35,674 [Time-limited test] INFO  rpc.RpcClient (RpcClient.java:createVolume(461)) - Creating Volume: volume61300, with user62459 as owner and space quota set to -1 bytes, counts quota set to -1
2023-09-21 17:49:35,680 [OM StateMachine ApplyTransaction Thread - 0] INFO  volume.OMVolumeCreateRequest (OMVolumeCreateRequest.java:validateAndUpdateCache(196)) - created volume:volume61300 for user:user62459
2023-09-21 17:49:35,684 [Time-limited test] INFO  rpc.RpcClient (RpcClient.java:createBucket(688)) - Creating Bucket: volume61300/bucket41450, with bucket layout FILE_SYSTEM_OPTIMIZED, runner as owner, Versioning false, Storage Type set to DISK and Encryption set to false, Replication Type set to server-side default replication type, Namespace Quota set to -1, Space Quota set to -1 
2023-09-21 17:49:35,688 [OM StateMachine ApplyTransaction Thread - 0] INFO  bucket.OMBucketCreateRequest (OMBucketCreateRequest.java:validateAndUpdateCache(270)) - created bucket: bucket41450 of layout FILE_SYSTEM_OPTIMIZED in volume: volume61300
17:49:35.711 [OM StateMachine ApplyTransaction Thread - 0] ERROR OMAudit - user=runner | ip=127.0.0.1 | op=RENAME_KEY {volume=volume61300, bucket=bucket41450, dataSize=0, replicationType=NONE, replicationFactor=ZERO, srcKey=root_dir/dir1/dir2, dstKey=root_dir/b/c} | ret=FAILURE
org.apache.hadoop.ozone.om.exceptions.OMException: Failed to get parent dir root_dir/b/c, root_dir/b doesn't exist
	at org.apache.hadoop.ozone.om.request.file.OMFileRequest.getKeyParentDir(OMFileRequest.java:822) ~[ozone-manager-1.4.0-SNAPSHOT.jar:?]
	at org.apache.hadoop.ozone.om.request.key.OMKeyRenameRequestWithFSO.validateAndUpdateCache(OMKeyRenameRequestWithFSO.java:216) ~[ozone-manager-1.4.0-SNAPSHOT.jar:?]
	at org.apache.hadoop.ozone.protocolPB.OzoneManagerRequestHandler.handleWriteRequest(OzoneManagerRequestHandler.java:373) ~[ozone-manager-1.4.0-SNAPSHOT.jar:?]
	at org.apache.hadoop.ozone.om.ratis.OzoneManagerStateMachine.runCommand(OzoneManagerStateMachine.java:568) ~[ozone-manager-1.4.0-SNAPSHOT.jar:?]
	at org.apache.hadoop.ozone.om.ratis.OzoneManagerStateMachine.lambda$1(OzoneManagerStateMachine.java:359) ~[ozone-manager-1.4.0-SNAPSHOT.jar:?]
	at java.util.concurrent.CompletableFuture$AsyncSupply.run(CompletableFuture.java:1604) [?:1.8.0_382]
	at java.util.concurrent.ThreadPoolExecutor.runWorker(ThreadPoolExecutor.java:1149) [?:1.8.0_382]
	at java.util.concurrent.ThreadPoolExecutor$Worker.run(ThreadPoolExecutor.java:624) [?:1.8.0_382]
	at java.lang.Thread.run(Thread.java:750) [?:1.8.0_382]
2023-09-21 17:49:35,712 [OM StateMachine ApplyTransaction Thread - 0] ERROR key.OMKeyRenameRequestWithFSO (OMKeyRenameRequestWithFSO.java:validateAndUpdateCache(250)) - Rename key failed for volume:volume61300 bucket:bucket41450 fromKey:root_dir/dir1/dir2 toKey:root_dir/b/c. Exception: Failed to get parent dir root_dir/b/c, root_dir/b doesn't exist.
2023-09-21 17:49:35,712 [Time-limited test] ERROR ozone.BasicRootedOzoneFileSystem (BasicRootedOzoneFileSystem.java:renameFSO(486)) - rename key failed: Failed to get parent dir root_dir/b/c, root_dir/b doesn't exist. source:volume61300/bucket41450/root_dir/dir1/dir2, destin:volume61300/bucket41450/root_dir/b/c
17:49:35.764 [OM StateMachine ApplyTransaction Thread - 0] ERROR OMAudit - user=runner | ip=127.0.0.1 | op=RENAME_KEY {volume=volume61300, bucket=bucket41450, dataSize=0, replicationType=NONE, replicationFactor=ZERO, srcKey=root_dir/dir1/dir2, dstKey=root_dir/file1/c} | ret=FAILURE
org.apache.hadoop.ozone.om.exceptions.OMException: Failed to get parent dir root_dir/file1/c, root_dir/file1 is a file
	at org.apache.hadoop.ozone.om.request.file.OMFileRequest.getKeyParentDir(OMFileRequest.java:827) ~[ozone-manager-1.4.0-SNAPSHOT.jar:?]
	at org.apache.hadoop.ozone.om.request.key.OMKeyRenameRequestWithFSO.validateAndUpdateCache(OMKeyRenameRequestWithFSO.java:216) ~[ozone-manager-1.4.0-SNAPSHOT.jar:?]
	at org.apache.hadoop.ozone.protocolPB.OzoneManagerRequestHandler.handleWriteRequest(OzoneManagerRequestHandler.java:373) ~[ozone-manager-1.4.0-SNAPSHOT.jar:?]
	at org.apache.hadoop.ozone.om.ratis.OzoneManagerStateMachine.runCommand(OzoneManagerStateMachine.java:568) ~[ozone-manager-1.4.0-SNAPSHOT.jar:?]
	at org.apache.hadoop.ozone.om.ratis.OzoneManagerStateMachine.lambda$1(OzoneManagerStateMachine.java:359) ~[ozone-manager-1.4.0-SNAPSHOT.jar:?]
	at java.util.concurrent.CompletableFuture$AsyncSupply.run(CompletableFuture.java:1604) [?:1.8.0_382]
	at java.util.concurrent.ThreadPoolExecutor.runWorker(ThreadPoolExecutor.java:1149) [?:1.8.0_382]
	at java.util.concurrent.ThreadPoolExecutor$Worker.run(ThreadPoolExecutor.java:624) [?:1.8.0_382]
	at java.lang.Thread.run(Thread.java:750) [?:1.8.0_382]
2023-09-21 17:49:35,765 [OM StateMachine ApplyTransaction Thread - 0] ERROR key.OMKeyRenameRequestWithFSO (OMKeyRenameRequestWithFSO.java:validateAndUpdateCache(250)) - Rename key failed for volume:volume61300 bucket:bucket41450 fromKey:root_dir/dir1/dir2 toKey:root_dir/file1/c. Exception: Failed to get parent dir root_dir/file1/c, root_dir/file1 is a file.
2023-09-21 17:49:35,766 [Time-limited test] ERROR ozone.BasicRootedOzoneFileSystem (BasicRootedOzoneFileSystem.java:renameFSO(486)) - rename key failed: Failed to get parent dir root_dir/file1/c, root_dir/file1 is a file. source:volume61300/bucket41450/root_dir/dir1/dir2, destin:volume61300/bucket41450/root_dir/file1/c
]]></system-out>
  </testcase>
  <testcase name="testRenameDestinationParentDoesntExist" classname="TestRootedOzoneFileSystemWithFSO" time="0.072">
    <system-out><![CDATA[2023-09-21 17:51:31,957 [Time-limited test] INFO  rpc.RpcClient (RpcClient.java:createVolume(461)) - Creating Volume: volume18903, with user78990 as owner and space quota set to -1 bytes, counts quota set to -1
2023-09-21 17:51:31,958 [IPC Server handler 14 on default port 15057] INFO  volume.OMVolumeCreateRequest (OMVolumeCreateRequest.java:validateAndUpdateCache(196)) - created volume:volume18903 for user:user78990
2023-09-21 17:51:31,960 [Time-limited test] INFO  rpc.RpcClient (RpcClient.java:createBucket(688)) - Creating Bucket: volume18903/bucket82623, with bucket layout FILE_SYSTEM_OPTIMIZED, runner as owner, Versioning false, Storage Type set to DISK and Encryption set to false, Replication Type set to server-side default replication type, Namespace Quota set to -1, Space Quota set to -1 
2023-09-21 17:51:31,960 [IPC Server handler 16 on default port 15057] INFO  bucket.OMBucketCreateRequest (OMBucketCreateRequest.java:validateAndUpdateCache(270)) - created bucket: bucket82623 of layout FILE_SYSTEM_OPTIMIZED in volume: volume18903
17:51:31.967 [IPC Server handler 9 on default port 15057] ERROR OMAudit - user=runner | ip=127.0.0.1 | op=RENAME_KEY {volume=volume18903, bucket=bucket82623, dataSize=0, replicationType=NONE, replicationFactor=ZERO, srcKey=root_dir/dir1/dir2, dstKey=root_dir/b/c} | ret=FAILURE
org.apache.hadoop.ozone.om.exceptions.OMException: Failed to get parent dir root_dir/b/c, root_dir/b doesn't exist
	at org.apache.hadoop.ozone.om.request.file.OMFileRequest.getKeyParentDir(OMFileRequest.java:822) ~[ozone-manager-1.4.0-SNAPSHOT.jar:?]
	at org.apache.hadoop.ozone.om.request.key.OMKeyRenameRequestWithFSO.validateAndUpdateCache(OMKeyRenameRequestWithFSO.java:216) ~[ozone-manager-1.4.0-SNAPSHOT.jar:?]
	at org.apache.hadoop.ozone.protocolPB.OzoneManagerRequestHandler.handleWriteRequest(OzoneManagerRequestHandler.java:373) ~[ozone-manager-1.4.0-SNAPSHOT.jar:?]
	at org.apache.hadoop.ozone.protocolPB.OzoneManagerProtocolServerSideTranslatorPB.submitRequestDirectlyToOM(OzoneManagerProtocolServerSideTranslatorPB.java:280) ~[ozone-manager-1.4.0-SNAPSHOT.jar:?]
	at org.apache.hadoop.ozone.protocolPB.OzoneManagerProtocolServerSideTranslatorPB.processRequest(OzoneManagerProtocolServerSideTranslatorPB.java:175) ~[ozone-manager-1.4.0-SNAPSHOT.jar:?]
	at org.apache.hadoop.hdds.server.OzoneProtocolMessageDispatcher.processRequest(OzoneProtocolMessageDispatcher.java:87) [hdds-server-framework-1.4.0-SNAPSHOT.jar:?]
	at org.apache.hadoop.ozone.protocolPB.OzoneManagerProtocolServerSideTranslatorPB.submitRequest(OzoneManagerProtocolServerSideTranslatorPB.java:148) [ozone-manager-1.4.0-SNAPSHOT.jar:?]
	at org.apache.hadoop.ozone.protocol.proto.OzoneManagerProtocolProtos$OzoneManagerService$2.callBlockingMethod(OzoneManagerProtocolProtos.java) [ozone-interface-client-1.4.0-SNAPSHOT.jar:?]
	at org.apache.hadoop.ipc.ProtobufRpcEngine$Server.processCall(ProtobufRpcEngine.java:484) [hadoop-common-3.3.6.jar:?]
	at org.apache.hadoop.ipc.ProtobufRpcEngine2$Server$ProtoBufRpcInvoker.call(ProtobufRpcEngine2.java:595) [hadoop-common-3.3.6.jar:?]
	at org.apache.hadoop.ipc.ProtobufRpcEngine2$Server$ProtoBufRpcInvoker.call(ProtobufRpcEngine2.java:573) [hadoop-common-3.3.6.jar:?]
	at org.apache.hadoop.ipc.RPC$Server.call(RPC.java:1227) [hadoop-common-3.3.6.jar:?]
	at org.apache.hadoop.ipc.Server$RpcCall.run(Server.java:1094) [hadoop-common-3.3.6.jar:?]
	at org.apache.hadoop.ipc.Server$RpcCall.run(Server.java:1017) [hadoop-common-3.3.6.jar:?]
	at java.security.AccessController.doPrivileged(Native Method) ~[?:1.8.0_382]
	at javax.security.auth.Subject.doAs(Subject.java:422) [?:1.8.0_382]
	at org.apache.hadoop.security.UserGroupInformation.doAs(UserGroupInformation.java:1899) [hadoop-common-3.3.6.jar:?]
	at org.apache.hadoop.ipc.Server$Handler.run(Server.java:3048) [hadoop-common-3.3.6.jar:?]
2023-09-21 17:51:31,967 [IPC Server handler 9 on default port 15057] ERROR key.OMKeyRenameRequestWithFSO (OMKeyRenameRequestWithFSO.java:validateAndUpdateCache(250)) - Rename key failed for volume:volume18903 bucket:bucket82623 fromKey:root_dir/dir1/dir2 toKey:root_dir/b/c. Exception: Failed to get parent dir root_dir/b/c, root_dir/b doesn't exist.
2023-09-21 17:51:31,969 [Time-limited test] ERROR ozone.BasicRootedOzoneFileSystem (BasicRootedOzoneFileSystem.java:renameFSO(486)) - rename key failed: Failed to get parent dir root_dir/b/c, root_dir/b doesn't exist. source:volume18903/bucket82623/root_dir/dir1/dir2, destin:volume18903/bucket82623/root_dir/b/c
17:51:31.978 [IPC Server handler 4 on default port 15057] ERROR OMAudit - user=runner | ip=127.0.0.1 | op=RENAME_KEY {volume=volume18903, bucket=bucket82623, dataSize=0, replicationType=NONE, replicationFactor=ZERO, srcKey=root_dir/dir1/dir2, dstKey=root_dir/file1/c} | ret=FAILURE
org.apache.hadoop.ozone.om.exceptions.OMException: Failed to get parent dir root_dir/file1/c, root_dir/file1 is a file
	at org.apache.hadoop.ozone.om.request.file.OMFileRequest.getKeyParentDir(OMFileRequest.java:827) ~[ozone-manager-1.4.0-SNAPSHOT.jar:?]
	at org.apache.hadoop.ozone.om.request.key.OMKeyRenameRequestWithFSO.validateAndUpdateCache(OMKeyRenameRequestWithFSO.java:216) ~[ozone-manager-1.4.0-SNAPSHOT.jar:?]
	at org.apache.hadoop.ozone.protocolPB.OzoneManagerRequestHandler.handleWriteRequest(OzoneManagerRequestHandler.java:373) ~[ozone-manager-1.4.0-SNAPSHOT.jar:?]
	at org.apache.hadoop.ozone.protocolPB.OzoneManagerProtocolServerSideTranslatorPB.submitRequestDirectlyToOM(OzoneManagerProtocolServerSideTranslatorPB.java:280) ~[ozone-manager-1.4.0-SNAPSHOT.jar:?]
	at org.apache.hadoop.ozone.protocolPB.OzoneManagerProtocolServerSideTranslatorPB.processRequest(OzoneManagerProtocolServerSideTranslatorPB.java:175) ~[ozone-manager-1.4.0-SNAPSHOT.jar:?]
	at org.apache.hadoop.hdds.server.OzoneProtocolMessageDispatcher.processRequest(OzoneProtocolMessageDispatcher.java:87) [hdds-server-framework-1.4.0-SNAPSHOT.jar:?]
	at org.apache.hadoop.ozone.protocolPB.OzoneManagerProtocolServerSideTranslatorPB.submitRequest(OzoneManagerProtocolServerSideTranslatorPB.java:148) [ozone-manager-1.4.0-SNAPSHOT.jar:?]
	at org.apache.hadoop.ozone.protocol.proto.OzoneManagerProtocolProtos$OzoneManagerService$2.callBlockingMethod(OzoneManagerProtocolProtos.java) [ozone-interface-client-1.4.0-SNAPSHOT.jar:?]
	at org.apache.hadoop.ipc.ProtobufRpcEngine$Server.processCall(ProtobufRpcEngine.java:484) [hadoop-common-3.3.6.jar:?]
	at org.apache.hadoop.ipc.ProtobufRpcEngine2$Server$ProtoBufRpcInvoker.call(ProtobufRpcEngine2.java:595) [hadoop-common-3.3.6.jar:?]
	at org.apache.hadoop.ipc.ProtobufRpcEngine2$Server$ProtoBufRpcInvoker.call(ProtobufRpcEngine2.java:573) [hadoop-common-3.3.6.jar:?]
	at org.apache.hadoop.ipc.RPC$Server.call(RPC.java:1227) [hadoop-common-3.3.6.jar:?]
	at org.apache.hadoop.ipc.Server$RpcCall.run(Server.java:1094) [hadoop-common-3.3.6.jar:?]
	at org.apache.hadoop.ipc.Server$RpcCall.run(Server.java:1017) [hadoop-common-3.3.6.jar:?]
	at java.security.AccessController.doPrivileged(Native Method) ~[?:1.8.0_382]
	at javax.security.auth.Subject.doAs(Subject.java:422) [?:1.8.0_382]
	at org.apache.hadoop.security.UserGroupInformation.doAs(UserGroupInformation.java:1899) [hadoop-common-3.3.6.jar:?]
	at org.apache.hadoop.ipc.Server$Handler.run(Server.java:3048) [hadoop-common-3.3.6.jar:?]
2023-09-21 17:51:31,979 [IPC Server handler 4 on default port 15057] ERROR key.OMKeyRenameRequestWithFSO (OMKeyRenameRequestWithFSO.java:validateAndUpdateCache(250)) - Rename key failed for volume:volume18903 bucket:bucket82623 fromKey:root_dir/dir1/dir2 toKey:root_dir/file1/c. Exception: Failed to get parent dir root_dir/file1/c, root_dir/file1 is a file.
2023-09-21 17:51:31,979 [Time-limited test] ERROR ozone.BasicRootedOzoneFileSystem (BasicRootedOzoneFileSystem.java:renameFSO(486)) - rename key failed: Failed to get parent dir root_dir/file1/c, root_dir/file1 is a file. source:volume18903/bucket82623/root_dir/dir1/dir2, destin:volume18903/bucket82623/root_dir/file1/c
]]></system-out>
  </testcase>
  <testcase name="testCreateWithInvalidPaths" classname="TestRootedOzoneFileSystemWithFSO" time="0">
    <skipped message="HDDS-2939"/>
  </testcase>
  <testcase name="testCreateWithInvalidPaths" classname="TestRootedOzoneFileSystemWithFSO" time="0">
    <skipped message="HDDS-2939"/>
  </testcase>
  <testcase name="testListStatusFSO" classname="TestRootedOzoneFileSystemWithFSO" time="18.74">
    <system-out><![CDATA[2023-09-21 17:49:35,836 [Time-limited test] INFO  rpc.RpcClient (RpcClient.java:createVolume(461)) - Creating Volume: volume78973, with user47485 as owner and space quota set to -1 bytes, counts quota set to -1
2023-09-21 17:49:35,843 [OM StateMachine ApplyTransaction Thread - 0] INFO  volume.OMVolumeCreateRequest (OMVolumeCreateRequest.java:validateAndUpdateCache(196)) - created volume:volume78973 for user:user47485
2023-09-21 17:49:35,850 [Time-limited test] INFO  rpc.RpcClient (RpcClient.java:createBucket(688)) - Creating Bucket: volume78973/bucket21488, with bucket layout FILE_SYSTEM_OPTIMIZED, runner as owner, Versioning false, Storage Type set to DISK and Encryption set to false, Replication Type set to server-side default replication type, Namespace Quota set to -1, Space Quota set to -1 
2023-09-21 17:49:35,853 [OM StateMachine ApplyTransaction Thread - 0] INFO  bucket.OMBucketCreateRequest (OMBucketCreateRequest.java:validateAndUpdateCache(270)) - created bucket: bucket21488 of layout FILE_SYSTEM_OPTIMIZED in volume: volume78973
2023-09-21 17:49:51,745 [IPC Server handler 4 on default port 15001] INFO  ha.SequenceIdGenerator (SequenceIdGenerator.java:getNextId(140)) - Allocate a batch for localId, change lastId from 111677748019201000 to 111677748019202000.
]]></system-out>
  </testcase>
  <testcase name="testListStatusFSO" classname="TestRootedOzoneFileSystemWithFSO" time="9.567">
    <system-out><![CDATA[2023-09-21 17:51:32,017 [Time-limited test] INFO  rpc.RpcClient (RpcClient.java:createVolume(461)) - Creating Volume: volume69999, with user05665 as owner and space quota set to -1 bytes, counts quota set to -1
2023-09-21 17:51:32,018 [IPC Server handler 5 on default port 15057] INFO  volume.OMVolumeCreateRequest (OMVolumeCreateRequest.java:validateAndUpdateCache(196)) - created volume:volume69999 for user:user05665
2023-09-21 17:51:32,020 [Time-limited test] INFO  rpc.RpcClient (RpcClient.java:createBucket(688)) - Creating Bucket: volume69999/bucket98002, with bucket layout FILE_SYSTEM_OPTIMIZED, runner as owner, Versioning false, Storage Type set to DISK and Encryption set to false, Replication Type set to server-side default replication type, Namespace Quota set to -1, Space Quota set to -1 
2023-09-21 17:51:32,020 [IPC Server handler 2 on default port 15057] INFO  bucket.OMBucketCreateRequest (OMBucketCreateRequest.java:validateAndUpdateCache(270)) - created bucket: bucket98002 of layout FILE_SYSTEM_OPTIMIZED in volume: volume69999
2023-09-21 17:51:32,265 [c526289d-5cad-4097-8195-61ffa3487ef7@group-A71EABE00979-FollowerState] INFO  impl.FollowerState (FollowerState.java:run(143)) - c526289d-5cad-4097-8195-61ffa3487ef7@group-A71EABE00979-FollowerState: change to CANDIDATE, lastRpcElapsedTime:5163629005ns, electionTimeout:5162ms
2023-09-21 17:51:32,265 [c526289d-5cad-4097-8195-61ffa3487ef7@group-A71EABE00979-FollowerState] INFO  impl.RoleInfo (RoleInfo.java:shutdownFollowerState(110)) - c526289d-5cad-4097-8195-61ffa3487ef7: shutdown c526289d-5cad-4097-8195-61ffa3487ef7@group-A71EABE00979-FollowerState
2023-09-21 17:51:32,265 [c526289d-5cad-4097-8195-61ffa3487ef7@group-A71EABE00979-FollowerState] INFO  server.RaftServer$Division (RaftServerImpl.java:setRole(329)) - c526289d-5cad-4097-8195-61ffa3487ef7@group-A71EABE00979: changes role from  FOLLOWER to CANDIDATE at term 0 for changeToCandidate
2023-09-21 17:51:32,265 [c526289d-5cad-4097-8195-61ffa3487ef7@group-A71EABE00979-FollowerState] INFO  server.RaftServerConfigKeys (ConfUtils.java:logGet(46)) - raft.server.leaderelection.pre-vote = true (default)
2023-09-21 17:51:32,265 [c526289d-5cad-4097-8195-61ffa3487ef7@group-A71EABE00979-FollowerState] INFO  impl.RoleInfo (RoleInfo.java:updateAndGet(139)) - c526289d-5cad-4097-8195-61ffa3487ef7: start c526289d-5cad-4097-8195-61ffa3487ef7@group-A71EABE00979-LeaderElection17
2023-09-21 17:51:32,270 [c526289d-5cad-4097-8195-61ffa3487ef7@group-A71EABE00979-LeaderElection17] INFO  impl.LeaderElection (LeaderElection.java:askForVotes(321)) - c526289d-5cad-4097-8195-61ffa3487ef7@group-A71EABE00979-LeaderElection17 PRE_VOTE round 0: submit vote requests at term 0 for -1: peers:[c526289d-5cad-4097-8195-61ffa3487ef7|rpc:10.1.0.8:15103|admin:10.1.0.8:15102|client:10.1.0.8:15101|dataStream:10.1.0.8:15104|priority:1|startupRole:FOLLOWER]|listeners:[], old=null
2023-09-21 17:51:32,270 [c526289d-5cad-4097-8195-61ffa3487ef7@group-A71EABE00979-LeaderElection17] INFO  impl.LeaderElection (LeaderElection.java:askForVotes(323)) - c526289d-5cad-4097-8195-61ffa3487ef7@group-A71EABE00979-LeaderElection17 PRE_VOTE round 0: result PASSED (term=0)
2023-09-21 17:51:32,277 [c526289d-5cad-4097-8195-61ffa3487ef7@group-A71EABE00979-LeaderElection17] INFO  impl.LeaderElection (LeaderElection.java:askForVotes(321)) - c526289d-5cad-4097-8195-61ffa3487ef7@group-A71EABE00979-LeaderElection17 ELECTION round 0: submit vote requests at term 1 for -1: peers:[c526289d-5cad-4097-8195-61ffa3487ef7|rpc:10.1.0.8:15103|admin:10.1.0.8:15102|client:10.1.0.8:15101|dataStream:10.1.0.8:15104|priority:1|startupRole:FOLLOWER]|listeners:[], old=null
2023-09-21 17:51:32,280 [c526289d-5cad-4097-8195-61ffa3487ef7@group-A71EABE00979-LeaderElection17] INFO  impl.LeaderElection (LeaderElection.java:askForVotes(323)) - c526289d-5cad-4097-8195-61ffa3487ef7@group-A71EABE00979-LeaderElection17 ELECTION round 0: result PASSED (term=1)
2023-09-21 17:51:32,280 [c526289d-5cad-4097-8195-61ffa3487ef7@group-A71EABE00979-LeaderElection17] INFO  impl.RoleInfo (RoleInfo.java:shutdownLeaderElection(130)) - c526289d-5cad-4097-8195-61ffa3487ef7: shutdown c526289d-5cad-4097-8195-61ffa3487ef7@group-A71EABE00979-LeaderElection17
2023-09-21 17:51:32,280 [c526289d-5cad-4097-8195-61ffa3487ef7@group-A71EABE00979-LeaderElection17] INFO  server.RaftServer$Division (RaftServerImpl.java:setRole(329)) - c526289d-5cad-4097-8195-61ffa3487ef7@group-A71EABE00979: changes role from CANDIDATE to LEADER at term 1 for changeToLeader
2023-09-21 17:51:32,282 [c526289d-5cad-4097-8195-61ffa3487ef7@group-A71EABE00979-LeaderElection17] INFO  ratis.XceiverServerRatis (XceiverServerRatis.java:handleLeaderChangedNotification(902)) - Leader change notification received for group: group-A71EABE00979 with new leaderId: c526289d-5cad-4097-8195-61ffa3487ef7
2023-09-21 17:51:32,285 [c526289d-5cad-4097-8195-61ffa3487ef7@group-A71EABE00979-LeaderElection17] INFO  server.RaftServer$Division (ServerState.java:setLeader(317)) - c526289d-5cad-4097-8195-61ffa3487ef7@group-A71EABE00979: change Leader from null to c526289d-5cad-4097-8195-61ffa3487ef7 at term 1 for becomeLeader, leader elected after 5219ms
2023-09-21 17:51:32,287 [c526289d-5cad-4097-8195-61ffa3487ef7@group-A71EABE00979-LeaderElection17] INFO  server.RaftServerConfigKeys (ConfUtils.java:logGet(46)) - raft.server.staging.catchup.gap = 1000 (default)
2023-09-21 17:51:32,287 [c526289d-5cad-4097-8195-61ffa3487ef7@group-A71EABE00979-LeaderElection17] INFO  server.RaftServerConfigKeys (ConfUtils.java:logGet(46)) - raft.server.write.element-limit = 1024 (custom)
2023-09-21 17:51:32,287 [c526289d-5cad-4097-8195-61ffa3487ef7@group-A71EABE00979-LeaderElection17] INFO  server.RaftServerConfigKeys (ConfUtils.java:logGet(46)) - raft.server.write.byte-limit = 1024 M (=1073741824) (custom)
2023-09-21 17:51:32,287 [c526289d-5cad-4097-8195-61ffa3487ef7@group-A71EABE00979-LeaderElection17] INFO  server.RaftServerConfigKeys (ConfUtils.java:logGet(46)) - raft.server.watch.timeout = 180s (custom)
2023-09-21 17:51:32,288 [c526289d-5cad-4097-8195-61ffa3487ef7@group-A71EABE00979-LeaderElection17] INFO  server.RaftServerConfigKeys (ConfUtils.java:logGet(46)) - raft.server.watch.timeout.denomination = 1s (default)
2023-09-21 17:51:32,288 [c526289d-5cad-4097-8195-61ffa3487ef7@group-A71EABE00979-LeaderElection17] INFO  server.RaftServerConfigKeys (ConfUtils.java:logGet(46)) - raft.server.watch.element-limit = 65536 (default)
2023-09-21 17:51:32,288 [c526289d-5cad-4097-8195-61ffa3487ef7@group-A71EABE00979-LeaderElection17] INFO  server.RaftServerConfigKeys (ConfUtils.java:logGet(46)) - raft.server.write.element-limit = 1024 (custom)
2023-09-21 17:51:32,288 [c526289d-5cad-4097-8195-61ffa3487ef7@group-A71EABE00979-LeaderElection17] INFO  server.RaftServerConfigKeys (ConfUtils.java:logGet(46)) - raft.server.write.follower.gap.ratio.max = -1.0 (default)
2023-09-21 17:51:32,288 [c526289d-5cad-4097-8195-61ffa3487ef7@group-A71EABE00979-LeaderElection17] INFO  impl.RoleInfo (RoleInfo.java:updateAndGet(139)) - c526289d-5cad-4097-8195-61ffa3487ef7: start c526289d-5cad-4097-8195-61ffa3487ef7@group-A71EABE00979-LeaderStateImpl
2023-09-21 17:51:32,288 [c526289d-5cad-4097-8195-61ffa3487ef7@group-A71EABE00979-LeaderElection17] INFO  segmented.SegmentedRaftLogWorker (SegmentedRaftLogWorker.java:startLogSegment(447)) - c526289d-5cad-4097-8195-61ffa3487ef7@group-A71EABE00979-SegmentedRaftLogWorker: Starting segment from index:0
2023-09-21 17:51:32,292 [c526289d-5cad-4097-8195-61ffa3487ef7@group-A71EABE00979-SegmentedRaftLogWorker] INFO  segmented.SegmentedRaftLogWorker (SegmentedRaftLogWorker.java:execute(651)) - c526289d-5cad-4097-8195-61ffa3487ef7@group-A71EABE00979-SegmentedRaftLogWorker: created new log segment /home/runner/work/ozone/ozone/hadoop-ozone/integration-test/target/test-dir/MiniOzoneClusterImpl-04a8daa2-1161-4e20-9dee-837792427303/datanode-4/data/ratis/9d9661ef-2c3a-40df-ad30-a71eabe00979/current/log_inprogress_0
2023-09-21 17:51:32,302 [c526289d-5cad-4097-8195-61ffa3487ef7@group-A71EABE00979-LeaderElection17] INFO  server.RaftServer$Division (ServerState.java:setRaftConf(434)) - c526289d-5cad-4097-8195-61ffa3487ef7@group-A71EABE00979: set configuration 0: peers:[c526289d-5cad-4097-8195-61ffa3487ef7|rpc:10.1.0.8:15103|admin:10.1.0.8:15102|client:10.1.0.8:15101|dataStream:10.1.0.8:15104|priority:1|startupRole:FOLLOWER]|listeners:[], old=null
2023-09-21 17:51:39,955 [IPC Server handler 4 on default port 15054] INFO  ha.SequenceIdGenerator (SequenceIdGenerator.java:getNextId(140)) - Allocate a batch for localId, change lastId from 111677748019201000 to 111677748019202000.
]]></system-out>
  </testcase>
  <testcase name="testDeleteEmptyVolume" classname="TestRootedOzoneFileSystemWithFSO" time="0">
    <skipped message="HDDS-2939"/>
  </testcase>
  <testcase name="testDeleteEmptyVolume" classname="TestRootedOzoneFileSystemWithFSO" time="0">
    <skipped message="HDDS-2939"/>
  </testcase>
  <testcase name="testMkdirNonExistentVolume" classname="TestRootedOzoneFileSystemWithFSO" time="0">
    <skipped message="HDDS-2939"/>
  </testcase>
  <testcase name="testMkdirNonExistentVolume" classname="TestRootedOzoneFileSystemWithFSO" time="0">
    <skipped message="HDDS-2939"/>
  </testcase>
  <testcase name="testRenameFile" classname="TestRootedOzoneFileSystemWithFSO" time="0.104">
    <system-out><![CDATA[2023-09-21 17:49:54,587 [Time-limited test] INFO  rpc.RpcClient (RpcClient.java:createVolume(461)) - Creating Volume: volume05865, with user33065 as owner and space quota set to -1 bytes, counts quota set to -1
2023-09-21 17:49:54,595 [OM StateMachine ApplyTransaction Thread - 0] INFO  volume.OMVolumeCreateRequest (OMVolumeCreateRequest.java:validateAndUpdateCache(196)) - created volume:volume05865 for user:user33065
2023-09-21 17:49:54,599 [Time-limited test] INFO  rpc.RpcClient (RpcClient.java:createBucket(688)) - Creating Bucket: volume05865/bucket10432, with bucket layout FILE_SYSTEM_OPTIMIZED, runner as owner, Versioning false, Storage Type set to DISK and Encryption set to false, Replication Type set to server-side default replication type, Namespace Quota set to -1, Space Quota set to -1 
2023-09-21 17:49:54,606 [OM StateMachine ApplyTransaction Thread - 0] INFO  bucket.OMBucketCreateRequest (OMBucketCreateRequest.java:validateAndUpdateCache(270)) - created bucket: bucket10432 of layout FILE_SYSTEM_OPTIMIZED in volume: volume05865
]]></system-out>
  </testcase>
  <testcase name="testRenameFile" classname="TestRootedOzoneFileSystemWithFSO" time="0.051">
    <system-out><![CDATA[2023-09-21 17:51:41,579 [Time-limited test] INFO  rpc.RpcClient (RpcClient.java:createVolume(461)) - Creating Volume: volume79349, with user75701 as owner and space quota set to -1 bytes, counts quota set to -1
2023-09-21 17:51:41,580 [IPC Server handler 8 on default port 15057] INFO  volume.OMVolumeCreateRequest (OMVolumeCreateRequest.java:validateAndUpdateCache(196)) - created volume:volume79349 for user:user75701
2023-09-21 17:51:41,581 [Time-limited test] INFO  rpc.RpcClient (RpcClient.java:createBucket(688)) - Creating Bucket: volume79349/bucket94128, with bucket layout FILE_SYSTEM_OPTIMIZED, runner as owner, Versioning false, Storage Type set to DISK and Encryption set to false, Replication Type set to server-side default replication type, Namespace Quota set to -1, Space Quota set to -1 
2023-09-21 17:51:41,582 [IPC Server handler 1 on default port 15057] INFO  bucket.OMBucketCreateRequest (OMBucketCreateRequest.java:validateAndUpdateCache(270)) - created bucket: bucket94128 of layout FILE_SYSTEM_OPTIMIZED in volume: volume79349
]]></system-out>
  </testcase>
  <testcase name="testListStatusRootAndVolumeRecursive" classname="TestRootedOzoneFileSystemWithFSO" time="0.041">
    <system-out><![CDATA[2023-09-21 17:49:54,677 [Time-limited test] INFO  rpc.RpcClient (RpcClient.java:createVolume(461)) - Creating Volume: volume44551, with user44490 as owner and space quota set to -1 bytes, counts quota set to -1
2023-09-21 17:49:54,679 [OM StateMachine ApplyTransaction Thread - 0] INFO  volume.OMVolumeCreateRequest (OMVolumeCreateRequest.java:validateAndUpdateCache(196)) - created volume:volume44551 for user:user44490
2023-09-21 17:49:54,681 [Time-limited test] INFO  rpc.RpcClient (RpcClient.java:createBucket(688)) - Creating Bucket: volume44551/bucket70757, with bucket layout FILE_SYSTEM_OPTIMIZED, runner as owner, Versioning false, Storage Type set to DISK and Encryption set to false, Replication Type set to server-side default replication type, Namespace Quota set to -1, Space Quota set to -1 
2023-09-21 17:49:54,683 [OM StateMachine ApplyTransaction Thread - 0] INFO  bucket.OMBucketCreateRequest (OMBucketCreateRequest.java:validateAndUpdateCache(270)) - created bucket: bucket70757 of layout FILE_SYSTEM_OPTIMIZED in volume: volume44551
]]></system-out>
  </testcase>
  <testcase name="testListStatusRootAndVolumeRecursive" classname="TestRootedOzoneFileSystemWithFSO" time="0.035">
    <system-out><![CDATA[2023-09-21 17:51:41,637 [Time-limited test] INFO  rpc.RpcClient (RpcClient.java:createVolume(461)) - Creating Volume: volume53822, with user01967 as owner and space quota set to -1 bytes, counts quota set to -1
2023-09-21 17:51:41,638 [IPC Server handler 3 on default port 15057] INFO  volume.OMVolumeCreateRequest (OMVolumeCreateRequest.java:validateAndUpdateCache(196)) - created volume:volume53822 for user:user01967
2023-09-21 17:51:41,639 [Time-limited test] INFO  rpc.RpcClient (RpcClient.java:createBucket(688)) - Creating Bucket: volume53822/bucket92622, with bucket layout FILE_SYSTEM_OPTIMIZED, runner as owner, Versioning false, Storage Type set to DISK and Encryption set to false, Replication Type set to server-side default replication type, Namespace Quota set to -1, Space Quota set to -1 
2023-09-21 17:51:41,639 [IPC Server handler 5 on default port 15057] INFO  bucket.OMBucketCreateRequest (OMBucketCreateRequest.java:validateAndUpdateCache(270)) - created bucket: bucket92622 of layout FILE_SYSTEM_OPTIMIZED in volume: volume53822
]]></system-out>
  </testcase>
  <testcase name="testListStatusIteratorOnSubDirs" classname="TestRootedOzoneFileSystemWithFSO" time="0.101">
    <system-out><![CDATA[2023-09-21 17:49:54,744 [Time-limited test] INFO  rpc.RpcClient (RpcClient.java:createVolume(461)) - Creating Volume: volume02559, with user18596 as owner and space quota set to -1 bytes, counts quota set to -1
2023-09-21 17:49:54,749 [OM StateMachine ApplyTransaction Thread - 0] INFO  volume.OMVolumeCreateRequest (OMVolumeCreateRequest.java:validateAndUpdateCache(196)) - created volume:volume02559 for user:user18596
2023-09-21 17:49:54,751 [Time-limited test] INFO  rpc.RpcClient (RpcClient.java:createBucket(688)) - Creating Bucket: volume02559/bucket05176, with bucket layout FILE_SYSTEM_OPTIMIZED, runner as owner, Versioning false, Storage Type set to DISK and Encryption set to false, Replication Type set to server-side default replication type, Namespace Quota set to -1, Space Quota set to -1 
2023-09-21 17:49:54,752 [OM StateMachine ApplyTransaction Thread - 0] INFO  bucket.OMBucketCreateRequest (OMBucketCreateRequest.java:validateAndUpdateCache(270)) - created bucket: bucket05176 of layout FILE_SYSTEM_OPTIMIZED in volume: volume02559
]]></system-out>
  </testcase>
  <testcase name="testListStatusIteratorOnSubDirs" classname="TestRootedOzoneFileSystemWithFSO" time="0.048">
    <system-out><![CDATA[2023-09-21 17:51:41,666 [Time-limited test] INFO  rpc.RpcClient (RpcClient.java:createVolume(461)) - Creating Volume: volume58111, with user71498 as owner and space quota set to -1 bytes, counts quota set to -1
2023-09-21 17:51:41,667 [IPC Server handler 13 on default port 15057] INFO  volume.OMVolumeCreateRequest (OMVolumeCreateRequest.java:validateAndUpdateCache(196)) - created volume:volume58111 for user:user71498
2023-09-21 17:51:41,668 [Time-limited test] INFO  rpc.RpcClient (RpcClient.java:createBucket(688)) - Creating Bucket: volume58111/bucket05676, with bucket layout FILE_SYSTEM_OPTIMIZED, runner as owner, Versioning false, Storage Type set to DISK and Encryption set to false, Replication Type set to server-side default replication type, Namespace Quota set to -1, Space Quota set to -1 
2023-09-21 17:51:41,669 [IPC Server handler 3 on default port 15057] INFO  bucket.OMBucketCreateRequest (OMBucketCreateRequest.java:validateAndUpdateCache(270)) - created bucket: bucket05676 of layout FILE_SYSTEM_OPTIMIZED in volume: volume58111
]]></system-out>
  </testcase>
  <testcase name="testSymlinkList" classname="TestRootedOzoneFileSystemWithFSO" time="0.456">
    <system-out><![CDATA[2023-09-21 17:49:54,836 [Time-limited test] INFO  rpc.RpcClient (RpcClient.java:createVolume(461)) - Creating Volume: volume37962, with user35150 as owner and space quota set to -1 bytes, counts quota set to -1
2023-09-21 17:49:54,839 [OM StateMachine ApplyTransaction Thread - 0] INFO  volume.OMVolumeCreateRequest (OMVolumeCreateRequest.java:validateAndUpdateCache(196)) - created volume:volume37962 for user:user35150
2023-09-21 17:49:54,841 [Time-limited test] INFO  rpc.RpcClient (RpcClient.java:createBucket(688)) - Creating Bucket: volume37962/bucket19658, with bucket layout FILE_SYSTEM_OPTIMIZED, runner as owner, Versioning false, Storage Type set to DISK and Encryption set to false, Replication Type set to server-side default replication type, Namespace Quota set to -1, Space Quota set to -1 
2023-09-21 17:49:54,842 [OM StateMachine ApplyTransaction Thread - 0] INFO  bucket.OMBucketCreateRequest (OMBucketCreateRequest.java:validateAndUpdateCache(270)) - created bucket: bucket19658 of layout FILE_SYSTEM_OPTIMIZED in volume: volume37962
2023-09-21 17:49:54,851 [Time-limited test] INFO  rpc.RpcClient (RpcClient.java:createVolume(461)) - Creating Volume: volume-08322, with runner as owner and space quota set to -1 bytes, counts quota set to -1
2023-09-21 17:49:54,853 [OM StateMachine ApplyTransaction Thread - 0] INFO  volume.OMVolumeCreateRequest (OMVolumeCreateRequest.java:validateAndUpdateCache(196)) - created volume:volume-08322 for user:runner
17:49:54.855 [IPC Server handler 1 on default port 15004] ERROR OMAudit - user=runner | ip=127.0.0.1 | op=READ_BUCKET {volume=volume-08322, bucket=bucket} | ret=FAILURE
org.apache.hadoop.ozone.om.exceptions.OMException: Bucket not found
	at org.apache.hadoop.ozone.om.BucketManagerImpl.getBucketInfo(BucketManagerImpl.java:85) ~[ozone-manager-1.4.0-SNAPSHOT.jar:?]
	at org.apache.hadoop.ozone.om.OzoneManager.getBucketInfo(OzoneManager.java:2795) ~[ozone-manager-1.4.0-SNAPSHOT.jar:?]
	at org.apache.hadoop.ozone.protocolPB.OzoneManagerRequestHandler.infoBucket(OzoneManagerRequestHandler.java:545) ~[ozone-manager-1.4.0-SNAPSHOT.jar:?]
	at org.apache.hadoop.ozone.protocolPB.OzoneManagerRequestHandler.handleReadRequest(OzoneManagerRequestHandler.java:200) ~[ozone-manager-1.4.0-SNAPSHOT.jar:?]
	at org.apache.hadoop.ozone.protocolPB.OzoneManagerProtocolServerSideTranslatorPB.submitReadRequestToOM(OzoneManagerProtocolServerSideTranslatorPB.java:225) ~[ozone-manager-1.4.0-SNAPSHOT.jar:?]
	at org.apache.hadoop.ozone.protocolPB.OzoneManagerProtocolServerSideTranslatorPB.processRequest(OzoneManagerProtocolServerSideTranslatorPB.java:179) ~[ozone-manager-1.4.0-SNAPSHOT.jar:?]
	at org.apache.hadoop.hdds.server.OzoneProtocolMessageDispatcher.processRequest(OzoneProtocolMessageDispatcher.java:87) [hdds-server-framework-1.4.0-SNAPSHOT.jar:?]
	at org.apache.hadoop.ozone.protocolPB.OzoneManagerProtocolServerSideTranslatorPB.submitRequest(OzoneManagerProtocolServerSideTranslatorPB.java:148) [ozone-manager-1.4.0-SNAPSHOT.jar:?]
	at org.apache.hadoop.ozone.protocol.proto.OzoneManagerProtocolProtos$OzoneManagerService$2.callBlockingMethod(OzoneManagerProtocolProtos.java) [ozone-interface-client-1.4.0-SNAPSHOT.jar:?]
	at org.apache.hadoop.ipc.ProtobufRpcEngine$Server.processCall(ProtobufRpcEngine.java:484) [hadoop-common-3.3.6.jar:?]
	at org.apache.hadoop.ipc.ProtobufRpcEngine2$Server$ProtoBufRpcInvoker.call(ProtobufRpcEngine2.java:595) [hadoop-common-3.3.6.jar:?]
	at org.apache.hadoop.ipc.ProtobufRpcEngine2$Server$ProtoBufRpcInvoker.call(ProtobufRpcEngine2.java:573) [hadoop-common-3.3.6.jar:?]
	at org.apache.hadoop.ipc.RPC$Server.call(RPC.java:1227) [hadoop-common-3.3.6.jar:?]
	at org.apache.hadoop.ipc.Server$RpcCall.run(Server.java:1094) [hadoop-common-3.3.6.jar:?]
	at org.apache.hadoop.ipc.Server$RpcCall.run(Server.java:1017) [hadoop-common-3.3.6.jar:?]
	at java.security.AccessController.doPrivileged(Native Method) ~[?:1.8.0_382]
	at javax.security.auth.Subject.doAs(Subject.java:422) [?:1.8.0_382]
	at org.apache.hadoop.security.UserGroupInformation.doAs(UserGroupInformation.java:1899) [hadoop-common-3.3.6.jar:?]
	at org.apache.hadoop.ipc.Server$Handler.run(Server.java:3048) [hadoop-common-3.3.6.jar:?]
2023-09-21 17:49:54,858 [Time-limited test] INFO  rpc.RpcClient (RpcClient.java:createBucket(688)) - Creating Bucket: volume-08322/bucket, with bucket layout FILE_SYSTEM_OPTIMIZED, runner as owner, Versioning false, Storage Type set to DISK and Encryption set to false, Replication Type set to server-side default replication type, Namespace Quota set to -1, Space Quota set to -1 
2023-09-21 17:49:54,860 [OM StateMachine ApplyTransaction Thread - 0] INFO  bucket.OMBucketCreateRequest (OMBucketCreateRequest.java:validateAndUpdateCache(270)) - created bucket: bucket of layout FILE_SYSTEM_OPTIMIZED in volume: volume-08322
2023-09-21 17:49:54,862 [Time-limited test] INFO  rpc.RpcClient (RpcClient.java:createVolume(461)) - Creating Volume: volume-94216, with runner as owner and space quota set to -1 bytes, counts quota set to -1
2023-09-21 17:49:54,865 [OM StateMachine ApplyTransaction Thread - 0] INFO  volume.OMVolumeCreateRequest (OMVolumeCreateRequest.java:validateAndUpdateCache(196)) - created volume:volume-94216 for user:runner
2023-09-21 17:49:54,871 [Time-limited test] INFO  rpc.RpcClient (RpcClient.java:createBucket(688)) - Creating Bucket: volume-94216/bucket, with server-side default bucket layout, runner as owner, Versioning false, Storage Type set to DISK and Encryption set to false, Replication Type set to server-side default replication type, Namespace Quota set to -1, Space Quota set to -1 
2023-09-21 17:49:54,875 [OM StateMachine ApplyTransaction Thread - 0] INFO  bucket.OMBucketCreateRequest (OMBucketCreateRequest.java:validateAndUpdateCache(270)) - created bucket: bucket of layout FILE_SYSTEM_OPTIMIZED in volume: volume-94216
Found 1 items
drwxrwxrwx   - runner docker          0 2023-09-21 17:49 ofs://localhost:15004/volume-94216/bucket
2023-09-21 17:49:55,141 [IPC Server handler 8 on default port 15001] WARN  node.SCMNodeManager (SCMNodeManager.java:getNodesByAddress(1373)) - Cannot find node for address 127.0.0.1
drwxrwxrwx   - runner runner          0 2023-09-21 17:49 ofs://localhost:15004/volume-94216/bucket/object-dir
-rw-rw-rw-   3 runner runner          1 2023-09-21 17:49 ofs://localhost:15004/volume-94216/bucket/object-dir/object-name1
]]></system-out>
  </testcase>
  <testcase name="testSymlinkList" classname="TestRootedOzoneFileSystemWithFSO" time="0.16">
    <system-out><![CDATA[2023-09-21 17:51:41,721 [Time-limited test] INFO  rpc.RpcClient (RpcClient.java:createVolume(461)) - Creating Volume: volume75007, with user02848 as owner and space quota set to -1 bytes, counts quota set to -1
2023-09-21 17:51:41,722 [IPC Server handler 15 on default port 15057] INFO  volume.OMVolumeCreateRequest (OMVolumeCreateRequest.java:validateAndUpdateCache(196)) - created volume:volume75007 for user:user02848
2023-09-21 17:51:41,723 [Time-limited test] INFO  rpc.RpcClient (RpcClient.java:createBucket(688)) - Creating Bucket: volume75007/bucket08347, with bucket layout FILE_SYSTEM_OPTIMIZED, runner as owner, Versioning false, Storage Type set to DISK and Encryption set to false, Replication Type set to server-side default replication type, Namespace Quota set to -1, Space Quota set to -1 
2023-09-21 17:51:41,724 [IPC Server handler 11 on default port 15057] INFO  bucket.OMBucketCreateRequest (OMBucketCreateRequest.java:validateAndUpdateCache(270)) - created bucket: bucket08347 of layout FILE_SYSTEM_OPTIMIZED in volume: volume75007
2023-09-21 17:51:41,726 [Time-limited test] INFO  rpc.RpcClient (RpcClient.java:createVolume(461)) - Creating Volume: volume-93231, with runner as owner and space quota set to -1 bytes, counts quota set to -1
2023-09-21 17:51:41,726 [IPC Server handler 6 on default port 15057] INFO  volume.OMVolumeCreateRequest (OMVolumeCreateRequest.java:validateAndUpdateCache(196)) - created volume:volume-93231 for user:runner
17:51:41.728 [IPC Server handler 4 on default port 15057] ERROR OMAudit - user=runner | ip=127.0.0.1 | op=READ_BUCKET {volume=volume-93231, bucket=bucket} | ret=FAILURE
org.apache.hadoop.ozone.om.exceptions.OMException: Bucket not found
	at org.apache.hadoop.ozone.om.BucketManagerImpl.getBucketInfo(BucketManagerImpl.java:85) ~[ozone-manager-1.4.0-SNAPSHOT.jar:?]
	at org.apache.hadoop.ozone.om.OzoneManager.getBucketInfo(OzoneManager.java:2795) ~[ozone-manager-1.4.0-SNAPSHOT.jar:?]
	at org.apache.hadoop.ozone.protocolPB.OzoneManagerRequestHandler.infoBucket(OzoneManagerRequestHandler.java:545) ~[ozone-manager-1.4.0-SNAPSHOT.jar:?]
	at org.apache.hadoop.ozone.protocolPB.OzoneManagerRequestHandler.handleReadRequest(OzoneManagerRequestHandler.java:200) ~[ozone-manager-1.4.0-SNAPSHOT.jar:?]
	at org.apache.hadoop.ozone.protocolPB.OzoneManagerProtocolServerSideTranslatorPB.submitRequestDirectlyToOM(OzoneManagerProtocolServerSideTranslatorPB.java:274) ~[ozone-manager-1.4.0-SNAPSHOT.jar:?]
	at org.apache.hadoop.ozone.protocolPB.OzoneManagerProtocolServerSideTranslatorPB.processRequest(OzoneManagerProtocolServerSideTranslatorPB.java:175) ~[ozone-manager-1.4.0-SNAPSHOT.jar:?]
	at org.apache.hadoop.hdds.server.OzoneProtocolMessageDispatcher.processRequest(OzoneProtocolMessageDispatcher.java:87) [hdds-server-framework-1.4.0-SNAPSHOT.jar:?]
	at org.apache.hadoop.ozone.protocolPB.OzoneManagerProtocolServerSideTranslatorPB.submitRequest(OzoneManagerProtocolServerSideTranslatorPB.java:148) [ozone-manager-1.4.0-SNAPSHOT.jar:?]
	at org.apache.hadoop.ozone.protocol.proto.OzoneManagerProtocolProtos$OzoneManagerService$2.callBlockingMethod(OzoneManagerProtocolProtos.java) [ozone-interface-client-1.4.0-SNAPSHOT.jar:?]
	at org.apache.hadoop.ipc.ProtobufRpcEngine$Server.processCall(ProtobufRpcEngine.java:484) [hadoop-common-3.3.6.jar:?]
	at org.apache.hadoop.ipc.ProtobufRpcEngine2$Server$ProtoBufRpcInvoker.call(ProtobufRpcEngine2.java:595) [hadoop-common-3.3.6.jar:?]
	at org.apache.hadoop.ipc.ProtobufRpcEngine2$Server$ProtoBufRpcInvoker.call(ProtobufRpcEngine2.java:573) [hadoop-common-3.3.6.jar:?]
	at org.apache.hadoop.ipc.RPC$Server.call(RPC.java:1227) [hadoop-common-3.3.6.jar:?]
	at org.apache.hadoop.ipc.Server$RpcCall.run(Server.java:1094) [hadoop-common-3.3.6.jar:?]
	at org.apache.hadoop.ipc.Server$RpcCall.run(Server.java:1017) [hadoop-common-3.3.6.jar:?]
	at java.security.AccessController.doPrivileged(Native Method) ~[?:1.8.0_382]
	at javax.security.auth.Subject.doAs(Subject.java:422) [?:1.8.0_382]
	at org.apache.hadoop.security.UserGroupInformation.doAs(UserGroupInformation.java:1899) [hadoop-common-3.3.6.jar:?]
	at org.apache.hadoop.ipc.Server$Handler.run(Server.java:3048) [hadoop-common-3.3.6.jar:?]
2023-09-21 17:51:41,730 [Time-limited test] INFO  rpc.RpcClient (RpcClient.java:createBucket(688)) - Creating Bucket: volume-93231/bucket, with bucket layout FILE_SYSTEM_OPTIMIZED, runner as owner, Versioning false, Storage Type set to DISK and Encryption set to false, Replication Type set to server-side default replication type, Namespace Quota set to -1, Space Quota set to -1 
2023-09-21 17:51:41,730 [IPC Server handler 7 on default port 15057] INFO  bucket.OMBucketCreateRequest (OMBucketCreateRequest.java:validateAndUpdateCache(270)) - created bucket: bucket of layout FILE_SYSTEM_OPTIMIZED in volume: volume-93231
2023-09-21 17:51:41,731 [Time-limited test] INFO  rpc.RpcClient (RpcClient.java:createVolume(461)) - Creating Volume: volume-41874, with runner as owner and space quota set to -1 bytes, counts quota set to -1
2023-09-21 17:51:41,732 [IPC Server handler 12 on default port 15057] INFO  volume.OMVolumeCreateRequest (OMVolumeCreateRequest.java:validateAndUpdateCache(196)) - created volume:volume-41874 for user:runner
2023-09-21 17:51:41,734 [Time-limited test] INFO  rpc.RpcClient (RpcClient.java:createBucket(688)) - Creating Bucket: volume-41874/bucket, with server-side default bucket layout, runner as owner, Versioning false, Storage Type set to DISK and Encryption set to false, Replication Type set to server-side default replication type, Namespace Quota set to -1, Space Quota set to -1 
2023-09-21 17:51:41,734 [IPC Server handler 14 on default port 15057] INFO  bucket.OMBucketCreateRequest (OMBucketCreateRequest.java:validateAndUpdateCache(270)) - created bucket: bucket of layout FILE_SYSTEM_OPTIMIZED in volume: volume-41874
Found 1 items
drwxrwxrwx   - runner docker          0 2023-09-21 17:51 ofs://localhost:15057/volume-41874/bucket
2023-09-21 17:51:41,826 [IPC Server handler 3 on default port 15054] WARN  node.SCMNodeManager (SCMNodeManager.java:getNodesByAddress(1373)) - Cannot find node for address 127.0.0.1
drwxrwxrwx   - runner runner          0 2023-09-21 17:51 ofs://localhost:15057/volume-41874/bucket/object-dir
-rw-rw-rw-   3 runner runner          1 2023-09-21 17:51 ofs://localhost:15057/volume-41874/bucket/object-dir/object-name1
]]></system-out>
  </testcase>
  <testcase name="testListStatusIteratorWithPathNotFound" classname="TestRootedOzoneFileSystemWithFSO" time="0.068">
    <system-out><![CDATA[2023-09-21 17:49:55,290 [Time-limited test] INFO  rpc.RpcClient (RpcClient.java:createVolume(461)) - Creating Volume: volume91614, with user92446 as owner and space quota set to -1 bytes, counts quota set to -1
2023-09-21 17:49:55,293 [OM StateMachine ApplyTransaction Thread - 0] INFO  volume.OMVolumeCreateRequest (OMVolumeCreateRequest.java:validateAndUpdateCache(196)) - created volume:volume91614 for user:user92446
2023-09-21 17:49:55,299 [Time-limited test] INFO  rpc.RpcClient (RpcClient.java:createBucket(688)) - Creating Bucket: volume91614/bucket37224, with bucket layout FILE_SYSTEM_OPTIMIZED, runner as owner, Versioning false, Storage Type set to DISK and Encryption set to false, Replication Type set to server-side default replication type, Namespace Quota set to -1, Space Quota set to -1 
2023-09-21 17:49:55,301 [OM StateMachine ApplyTransaction Thread - 0] INFO  bucket.OMBucketCreateRequest (OMBucketCreateRequest.java:validateAndUpdateCache(270)) - created bucket: bucket37224 of layout FILE_SYSTEM_OPTIMIZED in volume: volume91614
17:49:55.304 [IPC Server handler 19 on default port 15004] ERROR OMAudit - user=runner | ip=127.0.0.1 | op=READ_BUCKET {volume=test, bucket=test1} | ret=FAILURE
org.apache.hadoop.ozone.om.exceptions.OMException: Volume not found when getting bucket info
	at org.apache.hadoop.ozone.om.BucketManagerImpl.getBucketInfo(BucketManagerImpl.java:81) ~[ozone-manager-1.4.0-SNAPSHOT.jar:?]
	at org.apache.hadoop.ozone.om.OzoneManager.getBucketInfo(OzoneManager.java:2795) ~[ozone-manager-1.4.0-SNAPSHOT.jar:?]
	at org.apache.hadoop.ozone.protocolPB.OzoneManagerRequestHandler.infoBucket(OzoneManagerRequestHandler.java:545) ~[ozone-manager-1.4.0-SNAPSHOT.jar:?]
	at org.apache.hadoop.ozone.protocolPB.OzoneManagerRequestHandler.handleReadRequest(OzoneManagerRequestHandler.java:200) ~[ozone-manager-1.4.0-SNAPSHOT.jar:?]
	at org.apache.hadoop.ozone.protocolPB.OzoneManagerProtocolServerSideTranslatorPB.submitReadRequestToOM(OzoneManagerProtocolServerSideTranslatorPB.java:225) ~[ozone-manager-1.4.0-SNAPSHOT.jar:?]
	at org.apache.hadoop.ozone.protocolPB.OzoneManagerProtocolServerSideTranslatorPB.processRequest(OzoneManagerProtocolServerSideTranslatorPB.java:179) ~[ozone-manager-1.4.0-SNAPSHOT.jar:?]
	at org.apache.hadoop.hdds.server.OzoneProtocolMessageDispatcher.processRequest(OzoneProtocolMessageDispatcher.java:87) [hdds-server-framework-1.4.0-SNAPSHOT.jar:?]
	at org.apache.hadoop.ozone.protocolPB.OzoneManagerProtocolServerSideTranslatorPB.submitRequest(OzoneManagerProtocolServerSideTranslatorPB.java:148) [ozone-manager-1.4.0-SNAPSHOT.jar:?]
	at org.apache.hadoop.ozone.protocol.proto.OzoneManagerProtocolProtos$OzoneManagerService$2.callBlockingMethod(OzoneManagerProtocolProtos.java) [ozone-interface-client-1.4.0-SNAPSHOT.jar:?]
	at org.apache.hadoop.ipc.ProtobufRpcEngine$Server.processCall(ProtobufRpcEngine.java:484) [hadoop-common-3.3.6.jar:?]
	at org.apache.hadoop.ipc.ProtobufRpcEngine2$Server$ProtoBufRpcInvoker.call(ProtobufRpcEngine2.java:595) [hadoop-common-3.3.6.jar:?]
	at org.apache.hadoop.ipc.ProtobufRpcEngine2$Server$ProtoBufRpcInvoker.call(ProtobufRpcEngine2.java:573) [hadoop-common-3.3.6.jar:?]
	at org.apache.hadoop.ipc.RPC$Server.call(RPC.java:1227) [hadoop-common-3.3.6.jar:?]
	at org.apache.hadoop.ipc.Server$RpcCall.run(Server.java:1094) [hadoop-common-3.3.6.jar:?]
	at org.apache.hadoop.ipc.Server$RpcCall.run(Server.java:1017) [hadoop-common-3.3.6.jar:?]
	at java.security.AccessController.doPrivileged(Native Method) ~[?:1.8.0_382]
	at javax.security.auth.Subject.doAs(Subject.java:422) [?:1.8.0_382]
	at org.apache.hadoop.security.UserGroupInformation.doAs(UserGroupInformation.java:1899) [hadoop-common-3.3.6.jar:?]
	at org.apache.hadoop.ipc.Server$Handler.run(Server.java:3048) [hadoop-common-3.3.6.jar:?]
]]></system-out>
  </testcase>
  <testcase name="testListStatusIteratorWithPathNotFound" classname="TestRootedOzoneFileSystemWithFSO" time="0.04">
    <system-out><![CDATA[2023-09-21 17:51:41,884 [Time-limited test] INFO  rpc.RpcClient (RpcClient.java:createVolume(461)) - Creating Volume: volume01725, with user51275 as owner and space quota set to -1 bytes, counts quota set to -1
2023-09-21 17:51:41,887 [IPC Server handler 13 on default port 15057] INFO  volume.OMVolumeCreateRequest (OMVolumeCreateRequest.java:validateAndUpdateCache(196)) - created volume:volume01725 for user:user51275
2023-09-21 17:51:41,889 [Time-limited test] INFO  rpc.RpcClient (RpcClient.java:createBucket(688)) - Creating Bucket: volume01725/bucket16703, with bucket layout FILE_SYSTEM_OPTIMIZED, runner as owner, Versioning false, Storage Type set to DISK and Encryption set to false, Replication Type set to server-side default replication type, Namespace Quota set to -1, Space Quota set to -1 
2023-09-21 17:51:41,889 [IPC Server handler 3 on default port 15057] INFO  bucket.OMBucketCreateRequest (OMBucketCreateRequest.java:validateAndUpdateCache(270)) - created bucket: bucket16703 of layout FILE_SYSTEM_OPTIMIZED in volume: volume01725
17:51:41.890 [IPC Server handler 5 on default port 15057] ERROR OMAudit - user=runner | ip=127.0.0.1 | op=READ_BUCKET {volume=test, bucket=test1} | ret=FAILURE
org.apache.hadoop.ozone.om.exceptions.OMException: Volume not found when getting bucket info
	at org.apache.hadoop.ozone.om.BucketManagerImpl.getBucketInfo(BucketManagerImpl.java:81) ~[ozone-manager-1.4.0-SNAPSHOT.jar:?]
	at org.apache.hadoop.ozone.om.OzoneManager.getBucketInfo(OzoneManager.java:2795) ~[ozone-manager-1.4.0-SNAPSHOT.jar:?]
	at org.apache.hadoop.ozone.protocolPB.OzoneManagerRequestHandler.infoBucket(OzoneManagerRequestHandler.java:545) ~[ozone-manager-1.4.0-SNAPSHOT.jar:?]
	at org.apache.hadoop.ozone.protocolPB.OzoneManagerRequestHandler.handleReadRequest(OzoneManagerRequestHandler.java:200) ~[ozone-manager-1.4.0-SNAPSHOT.jar:?]
	at org.apache.hadoop.ozone.protocolPB.OzoneManagerProtocolServerSideTranslatorPB.submitRequestDirectlyToOM(OzoneManagerProtocolServerSideTranslatorPB.java:274) ~[ozone-manager-1.4.0-SNAPSHOT.jar:?]
	at org.apache.hadoop.ozone.protocolPB.OzoneManagerProtocolServerSideTranslatorPB.processRequest(OzoneManagerProtocolServerSideTranslatorPB.java:175) ~[ozone-manager-1.4.0-SNAPSHOT.jar:?]
	at org.apache.hadoop.hdds.server.OzoneProtocolMessageDispatcher.processRequest(OzoneProtocolMessageDispatcher.java:87) [hdds-server-framework-1.4.0-SNAPSHOT.jar:?]
	at org.apache.hadoop.ozone.protocolPB.OzoneManagerProtocolServerSideTranslatorPB.submitRequest(OzoneManagerProtocolServerSideTranslatorPB.java:148) [ozone-manager-1.4.0-SNAPSHOT.jar:?]
	at org.apache.hadoop.ozone.protocol.proto.OzoneManagerProtocolProtos$OzoneManagerService$2.callBlockingMethod(OzoneManagerProtocolProtos.java) [ozone-interface-client-1.4.0-SNAPSHOT.jar:?]
	at org.apache.hadoop.ipc.ProtobufRpcEngine$Server.processCall(ProtobufRpcEngine.java:484) [hadoop-common-3.3.6.jar:?]
	at org.apache.hadoop.ipc.ProtobufRpcEngine2$Server$ProtoBufRpcInvoker.call(ProtobufRpcEngine2.java:595) [hadoop-common-3.3.6.jar:?]
	at org.apache.hadoop.ipc.ProtobufRpcEngine2$Server$ProtoBufRpcInvoker.call(ProtobufRpcEngine2.java:573) [hadoop-common-3.3.6.jar:?]
	at org.apache.hadoop.ipc.RPC$Server.call(RPC.java:1227) [hadoop-common-3.3.6.jar:?]
	at org.apache.hadoop.ipc.Server$RpcCall.run(Server.java:1094) [hadoop-common-3.3.6.jar:?]
	at org.apache.hadoop.ipc.Server$RpcCall.run(Server.java:1017) [hadoop-common-3.3.6.jar:?]
	at java.security.AccessController.doPrivileged(Native Method) ~[?:1.8.0_382]
	at javax.security.auth.Subject.doAs(Subject.java:422) [?:1.8.0_382]
	at org.apache.hadoop.security.UserGroupInformation.doAs(UserGroupInformation.java:1899) [hadoop-common-3.3.6.jar:?]
	at org.apache.hadoop.ipc.Server$Handler.run(Server.java:3048) [hadoop-common-3.3.6.jar:?]
]]></system-out>
  </testcase>
  <testcase name="testListStatusRootAndVolumeNonRecursive" classname="TestRootedOzoneFileSystemWithFSO" time="0.289">
    <system-out><![CDATA[2023-09-21 17:49:55,350 [Time-limited test] INFO  rpc.RpcClient (RpcClient.java:createVolume(461)) - Creating Volume: volume57680, with user51136 as owner and space quota set to -1 bytes, counts quota set to -1
2023-09-21 17:49:55,353 [OM StateMachine ApplyTransaction Thread - 0] INFO  volume.OMVolumeCreateRequest (OMVolumeCreateRequest.java:validateAndUpdateCache(196)) - created volume:volume57680 for user:user51136
2023-09-21 17:49:55,354 [Time-limited test] INFO  rpc.RpcClient (RpcClient.java:createBucket(688)) - Creating Bucket: volume57680/bucket90267, with bucket layout FILE_SYSTEM_OPTIMIZED, runner as owner, Versioning false, Storage Type set to DISK and Encryption set to false, Replication Type set to server-side default replication type, Namespace Quota set to -1, Space Quota set to -1 
2023-09-21 17:49:55,356 [OM StateMachine ApplyTransaction Thread - 0] INFO  bucket.OMBucketCreateRequest (OMBucketCreateRequest.java:validateAndUpdateCache(270)) - created bucket: bucket90267 of layout FILE_SYSTEM_OPTIMIZED in volume: volume57680
17:49:55.359 [IPC Server handler 19 on default port 15004] ERROR OMAudit - user=runner | ip=127.0.0.1 | op=READ_BUCKET {volume=volume-28622, bucket=bucket-27047} | ret=FAILURE
org.apache.hadoop.ozone.om.exceptions.OMException: Volume not found when getting bucket info
	at org.apache.hadoop.ozone.om.BucketManagerImpl.getBucketInfo(BucketManagerImpl.java:81) ~[ozone-manager-1.4.0-SNAPSHOT.jar:?]
	at org.apache.hadoop.ozone.om.OzoneManager.getBucketInfo(OzoneManager.java:2795) ~[ozone-manager-1.4.0-SNAPSHOT.jar:?]
	at org.apache.hadoop.ozone.protocolPB.OzoneManagerRequestHandler.infoBucket(OzoneManagerRequestHandler.java:545) ~[ozone-manager-1.4.0-SNAPSHOT.jar:?]
	at org.apache.hadoop.ozone.protocolPB.OzoneManagerRequestHandler.handleReadRequest(OzoneManagerRequestHandler.java:200) ~[ozone-manager-1.4.0-SNAPSHOT.jar:?]
	at org.apache.hadoop.ozone.protocolPB.OzoneManagerProtocolServerSideTranslatorPB.submitReadRequestToOM(OzoneManagerProtocolServerSideTranslatorPB.java:225) ~[ozone-manager-1.4.0-SNAPSHOT.jar:?]
	at org.apache.hadoop.ozone.protocolPB.OzoneManagerProtocolServerSideTranslatorPB.processRequest(OzoneManagerProtocolServerSideTranslatorPB.java:179) ~[ozone-manager-1.4.0-SNAPSHOT.jar:?]
	at org.apache.hadoop.hdds.server.OzoneProtocolMessageDispatcher.processRequest(OzoneProtocolMessageDispatcher.java:87) [hdds-server-framework-1.4.0-SNAPSHOT.jar:?]
	at org.apache.hadoop.ozone.protocolPB.OzoneManagerProtocolServerSideTranslatorPB.submitRequest(OzoneManagerProtocolServerSideTranslatorPB.java:148) [ozone-manager-1.4.0-SNAPSHOT.jar:?]
	at org.apache.hadoop.ozone.protocol.proto.OzoneManagerProtocolProtos$OzoneManagerService$2.callBlockingMethod(OzoneManagerProtocolProtos.java) [ozone-interface-client-1.4.0-SNAPSHOT.jar:?]
	at org.apache.hadoop.ipc.ProtobufRpcEngine$Server.processCall(ProtobufRpcEngine.java:484) [hadoop-common-3.3.6.jar:?]
	at org.apache.hadoop.ipc.ProtobufRpcEngine2$Server$ProtoBufRpcInvoker.call(ProtobufRpcEngine2.java:595) [hadoop-common-3.3.6.jar:?]
	at org.apache.hadoop.ipc.ProtobufRpcEngine2$Server$ProtoBufRpcInvoker.call(ProtobufRpcEngine2.java:573) [hadoop-common-3.3.6.jar:?]
	at org.apache.hadoop.ipc.RPC$Server.call(RPC.java:1227) [hadoop-common-3.3.6.jar:?]
	at org.apache.hadoop.ipc.Server$RpcCall.run(Server.java:1094) [hadoop-common-3.3.6.jar:?]
	at org.apache.hadoop.ipc.Server$RpcCall.run(Server.java:1017) [hadoop-common-3.3.6.jar:?]
	at java.security.AccessController.doPrivileged(Native Method) ~[?:1.8.0_382]
	at javax.security.auth.Subject.doAs(Subject.java:422) [?:1.8.0_382]
	at org.apache.hadoop.security.UserGroupInformation.doAs(UserGroupInformation.java:1899) [hadoop-common-3.3.6.jar:?]
	at org.apache.hadoop.ipc.Server$Handler.run(Server.java:3048) [hadoop-common-3.3.6.jar:?]
2023-09-21 17:49:55,360 [Time-limited test] INFO  rpc.RpcClient (RpcClient.java:createVolume(461)) - Creating Volume: volume-28622, with runner as owner and space quota set to -1 bytes, counts quota set to -1
2023-09-21 17:49:55,362 [OM StateMachine ApplyTransaction Thread - 0] INFO  volume.OMVolumeCreateRequest (OMVolumeCreateRequest.java:validateAndUpdateCache(196)) - created volume:volume-28622 for user:runner
2023-09-21 17:49:55,363 [Time-limited test] INFO  rpc.RpcClient (RpcClient.java:createBucket(688)) - Creating Bucket: volume-28622/bucket-27047, with bucket layout FILE_SYSTEM_OPTIMIZED, runner as owner, Versioning false, Storage Type set to DISK and Encryption set to false, Replication Type set to server-side default replication type, Namespace Quota set to -1, Space Quota set to -1 
2023-09-21 17:49:55,365 [OM StateMachine ApplyTransaction Thread - 0] INFO  bucket.OMBucketCreateRequest (OMBucketCreateRequest.java:validateAndUpdateCache(270)) - created bucket: bucket-27047 of layout FILE_SYSTEM_OPTIMIZED in volume: volume-28622
17:49:55.470 [IPC Server handler 10 on default port 15004] ERROR OMAudit - user=runner | ip=127.0.0.1 | op=READ_BUCKET {volume=volume-78901, bucket=bucket-37333} | ret=FAILURE
org.apache.hadoop.ozone.om.exceptions.OMException: Volume not found when getting bucket info
	at org.apache.hadoop.ozone.om.BucketManagerImpl.getBucketInfo(BucketManagerImpl.java:81) ~[ozone-manager-1.4.0-SNAPSHOT.jar:?]
	at org.apache.hadoop.ozone.om.OzoneManager.getBucketInfo(OzoneManager.java:2795) ~[ozone-manager-1.4.0-SNAPSHOT.jar:?]
	at org.apache.hadoop.ozone.protocolPB.OzoneManagerRequestHandler.infoBucket(OzoneManagerRequestHandler.java:545) ~[ozone-manager-1.4.0-SNAPSHOT.jar:?]
	at org.apache.hadoop.ozone.protocolPB.OzoneManagerRequestHandler.handleReadRequest(OzoneManagerRequestHandler.java:200) ~[ozone-manager-1.4.0-SNAPSHOT.jar:?]
	at org.apache.hadoop.ozone.protocolPB.OzoneManagerProtocolServerSideTranslatorPB.submitReadRequestToOM(OzoneManagerProtocolServerSideTranslatorPB.java:225) ~[ozone-manager-1.4.0-SNAPSHOT.jar:?]
	at org.apache.hadoop.ozone.protocolPB.OzoneManagerProtocolServerSideTranslatorPB.processRequest(OzoneManagerProtocolServerSideTranslatorPB.java:179) ~[ozone-manager-1.4.0-SNAPSHOT.jar:?]
	at org.apache.hadoop.hdds.server.OzoneProtocolMessageDispatcher.processRequest(OzoneProtocolMessageDispatcher.java:87) [hdds-server-framework-1.4.0-SNAPSHOT.jar:?]
	at org.apache.hadoop.ozone.protocolPB.OzoneManagerProtocolServerSideTranslatorPB.submitRequest(OzoneManagerProtocolServerSideTranslatorPB.java:148) [ozone-manager-1.4.0-SNAPSHOT.jar:?]
	at org.apache.hadoop.ozone.protocol.proto.OzoneManagerProtocolProtos$OzoneManagerService$2.callBlockingMethod(OzoneManagerProtocolProtos.java) [ozone-interface-client-1.4.0-SNAPSHOT.jar:?]
	at org.apache.hadoop.ipc.ProtobufRpcEngine$Server.processCall(ProtobufRpcEngine.java:484) [hadoop-common-3.3.6.jar:?]
	at org.apache.hadoop.ipc.ProtobufRpcEngine2$Server$ProtoBufRpcInvoker.call(ProtobufRpcEngine2.java:595) [hadoop-common-3.3.6.jar:?]
	at org.apache.hadoop.ipc.ProtobufRpcEngine2$Server$ProtoBufRpcInvoker.call(ProtobufRpcEngine2.java:573) [hadoop-common-3.3.6.jar:?]
	at org.apache.hadoop.ipc.RPC$Server.call(RPC.java:1227) [hadoop-common-3.3.6.jar:?]
	at org.apache.hadoop.ipc.Server$RpcCall.run(Server.java:1094) [hadoop-common-3.3.6.jar:?]
	at org.apache.hadoop.ipc.Server$RpcCall.run(Server.java:1017) [hadoop-common-3.3.6.jar:?]
	at java.security.AccessController.doPrivileged(Native Method) ~[?:1.8.0_382]
	at javax.security.auth.Subject.doAs(Subject.java:422) [?:1.8.0_382]
	at org.apache.hadoop.security.UserGroupInformation.doAs(UserGroupInformation.java:1899) [hadoop-common-3.3.6.jar:?]
	at org.apache.hadoop.ipc.Server$Handler.run(Server.java:3048) [hadoop-common-3.3.6.jar:?]
2023-09-21 17:49:55,471 [Time-limited test] INFO  rpc.RpcClient (RpcClient.java:createVolume(461)) - Creating Volume: volume-78901, with runner as owner and space quota set to -1 bytes, counts quota set to -1
2023-09-21 17:49:55,473 [OM StateMachine ApplyTransaction Thread - 0] INFO  volume.OMVolumeCreateRequest (OMVolumeCreateRequest.java:validateAndUpdateCache(196)) - created volume:volume-78901 for user:runner
2023-09-21 17:49:55,474 [Time-limited test] INFO  rpc.RpcClient (RpcClient.java:createBucket(688)) - Creating Bucket: volume-78901/bucket-37333, with bucket layout FILE_SYSTEM_OPTIMIZED, runner as owner, Versioning false, Storage Type set to DISK and Encryption set to false, Replication Type set to server-side default replication type, Namespace Quota set to -1, Space Quota set to -1 
2023-09-21 17:49:55,475 [OM StateMachine ApplyTransaction Thread - 0] INFO  bucket.OMBucketCreateRequest (OMBucketCreateRequest.java:validateAndUpdateCache(270)) - created bucket: bucket-37333 of layout FILE_SYSTEM_OPTIMIZED in volume: volume-78901
]]></system-out>
  </testcase>
  <testcase name="testListStatusRootAndVolumeNonRecursive" classname="TestRootedOzoneFileSystemWithFSO" time="0.244">
    <system-out><![CDATA[2023-09-21 17:51:41,915 [Time-limited test] INFO  rpc.RpcClient (RpcClient.java:createVolume(461)) - Creating Volume: volume94308, with user86235 as owner and space quota set to -1 bytes, counts quota set to -1
2023-09-21 17:51:41,916 [IPC Server handler 15 on default port 15057] INFO  volume.OMVolumeCreateRequest (OMVolumeCreateRequest.java:validateAndUpdateCache(196)) - created volume:volume94308 for user:user86235
2023-09-21 17:51:41,917 [Time-limited test] INFO  rpc.RpcClient (RpcClient.java:createBucket(688)) - Creating Bucket: volume94308/bucket76945, with bucket layout FILE_SYSTEM_OPTIMIZED, runner as owner, Versioning false, Storage Type set to DISK and Encryption set to false, Replication Type set to server-side default replication type, Namespace Quota set to -1, Space Quota set to -1 
2023-09-21 17:51:41,918 [IPC Server handler 11 on default port 15057] INFO  bucket.OMBucketCreateRequest (OMBucketCreateRequest.java:validateAndUpdateCache(270)) - created bucket: bucket76945 of layout FILE_SYSTEM_OPTIMIZED in volume: volume94308
17:51:41.920 [IPC Server handler 5 on default port 15057] ERROR OMAudit - user=runner | ip=127.0.0.1 | op=READ_BUCKET {volume=volume-04338, bucket=bucket-36474} | ret=FAILURE
org.apache.hadoop.ozone.om.exceptions.OMException: Volume not found when getting bucket info
	at org.apache.hadoop.ozone.om.BucketManagerImpl.getBucketInfo(BucketManagerImpl.java:81) ~[ozone-manager-1.4.0-SNAPSHOT.jar:?]
	at org.apache.hadoop.ozone.om.OzoneManager.getBucketInfo(OzoneManager.java:2795) ~[ozone-manager-1.4.0-SNAPSHOT.jar:?]
	at org.apache.hadoop.ozone.protocolPB.OzoneManagerRequestHandler.infoBucket(OzoneManagerRequestHandler.java:545) ~[ozone-manager-1.4.0-SNAPSHOT.jar:?]
	at org.apache.hadoop.ozone.protocolPB.OzoneManagerRequestHandler.handleReadRequest(OzoneManagerRequestHandler.java:200) ~[ozone-manager-1.4.0-SNAPSHOT.jar:?]
	at org.apache.hadoop.ozone.protocolPB.OzoneManagerProtocolServerSideTranslatorPB.submitRequestDirectlyToOM(OzoneManagerProtocolServerSideTranslatorPB.java:274) ~[ozone-manager-1.4.0-SNAPSHOT.jar:?]
	at org.apache.hadoop.ozone.protocolPB.OzoneManagerProtocolServerSideTranslatorPB.processRequest(OzoneManagerProtocolServerSideTranslatorPB.java:175) ~[ozone-manager-1.4.0-SNAPSHOT.jar:?]
	at org.apache.hadoop.hdds.server.OzoneProtocolMessageDispatcher.processRequest(OzoneProtocolMessageDispatcher.java:87) [hdds-server-framework-1.4.0-SNAPSHOT.jar:?]
	at org.apache.hadoop.ozone.protocolPB.OzoneManagerProtocolServerSideTranslatorPB.submitRequest(OzoneManagerProtocolServerSideTranslatorPB.java:148) [ozone-manager-1.4.0-SNAPSHOT.jar:?]
	at org.apache.hadoop.ozone.protocol.proto.OzoneManagerProtocolProtos$OzoneManagerService$2.callBlockingMethod(OzoneManagerProtocolProtos.java) [ozone-interface-client-1.4.0-SNAPSHOT.jar:?]
	at org.apache.hadoop.ipc.ProtobufRpcEngine$Server.processCall(ProtobufRpcEngine.java:484) [hadoop-common-3.3.6.jar:?]
	at org.apache.hadoop.ipc.ProtobufRpcEngine2$Server$ProtoBufRpcInvoker.call(ProtobufRpcEngine2.java:595) [hadoop-common-3.3.6.jar:?]
	at org.apache.hadoop.ipc.ProtobufRpcEngine2$Server$ProtoBufRpcInvoker.call(ProtobufRpcEngine2.java:573) [hadoop-common-3.3.6.jar:?]
	at org.apache.hadoop.ipc.RPC$Server.call(RPC.java:1227) [hadoop-common-3.3.6.jar:?]
	at org.apache.hadoop.ipc.Server$RpcCall.run(Server.java:1094) [hadoop-common-3.3.6.jar:?]
	at org.apache.hadoop.ipc.Server$RpcCall.run(Server.java:1017) [hadoop-common-3.3.6.jar:?]
	at java.security.AccessController.doPrivileged(Native Method) ~[?:1.8.0_382]
	at javax.security.auth.Subject.doAs(Subject.java:422) [?:1.8.0_382]
	at org.apache.hadoop.security.UserGroupInformation.doAs(UserGroupInformation.java:1899) [hadoop-common-3.3.6.jar:?]
	at org.apache.hadoop.ipc.Server$Handler.run(Server.java:3048) [hadoop-common-3.3.6.jar:?]
2023-09-21 17:51:41,920 [Time-limited test] INFO  rpc.RpcClient (RpcClient.java:createVolume(461)) - Creating Volume: volume-04338, with runner as owner and space quota set to -1 bytes, counts quota set to -1
2023-09-21 17:51:41,921 [IPC Server handler 6 on default port 15057] INFO  volume.OMVolumeCreateRequest (OMVolumeCreateRequest.java:validateAndUpdateCache(196)) - created volume:volume-04338 for user:runner
2023-09-21 17:51:41,922 [Time-limited test] INFO  rpc.RpcClient (RpcClient.java:createBucket(688)) - Creating Bucket: volume-04338/bucket-36474, with bucket layout FILE_SYSTEM_OPTIMIZED, runner as owner, Versioning false, Storage Type set to DISK and Encryption set to false, Replication Type set to server-side default replication type, Namespace Quota set to -1, Space Quota set to -1 
2023-09-21 17:51:41,922 [IPC Server handler 4 on default port 15057] INFO  bucket.OMBucketCreateRequest (OMBucketCreateRequest.java:validateAndUpdateCache(270)) - created bucket: bucket-36474 of layout FILE_SYSTEM_OPTIMIZED in volume: volume-04338
17:51:42.016 [IPC Server handler 18 on default port 15057] ERROR OMAudit - user=runner | ip=127.0.0.1 | op=READ_BUCKET {volume=volume-37747, bucket=bucket-58197} | ret=FAILURE
org.apache.hadoop.ozone.om.exceptions.OMException: Volume not found when getting bucket info
	at org.apache.hadoop.ozone.om.BucketManagerImpl.getBucketInfo(BucketManagerImpl.java:81) ~[ozone-manager-1.4.0-SNAPSHOT.jar:?]
	at org.apache.hadoop.ozone.om.OzoneManager.getBucketInfo(OzoneManager.java:2795) ~[ozone-manager-1.4.0-SNAPSHOT.jar:?]
	at org.apache.hadoop.ozone.protocolPB.OzoneManagerRequestHandler.infoBucket(OzoneManagerRequestHandler.java:545) ~[ozone-manager-1.4.0-SNAPSHOT.jar:?]
	at org.apache.hadoop.ozone.protocolPB.OzoneManagerRequestHandler.handleReadRequest(OzoneManagerRequestHandler.java:200) ~[ozone-manager-1.4.0-SNAPSHOT.jar:?]
	at org.apache.hadoop.ozone.protocolPB.OzoneManagerProtocolServerSideTranslatorPB.submitRequestDirectlyToOM(OzoneManagerProtocolServerSideTranslatorPB.java:274) ~[ozone-manager-1.4.0-SNAPSHOT.jar:?]
	at org.apache.hadoop.ozone.protocolPB.OzoneManagerProtocolServerSideTranslatorPB.processRequest(OzoneManagerProtocolServerSideTranslatorPB.java:175) ~[ozone-manager-1.4.0-SNAPSHOT.jar:?]
	at org.apache.hadoop.hdds.server.OzoneProtocolMessageDispatcher.processRequest(OzoneProtocolMessageDispatcher.java:87) [hdds-server-framework-1.4.0-SNAPSHOT.jar:?]
	at org.apache.hadoop.ozone.protocolPB.OzoneManagerProtocolServerSideTranslatorPB.submitRequest(OzoneManagerProtocolServerSideTranslatorPB.java:148) [ozone-manager-1.4.0-SNAPSHOT.jar:?]
	at org.apache.hadoop.ozone.protocol.proto.OzoneManagerProtocolProtos$OzoneManagerService$2.callBlockingMethod(OzoneManagerProtocolProtos.java) [ozone-interface-client-1.4.0-SNAPSHOT.jar:?]
	at org.apache.hadoop.ipc.ProtobufRpcEngine$Server.processCall(ProtobufRpcEngine.java:484) [hadoop-common-3.3.6.jar:?]
	at org.apache.hadoop.ipc.ProtobufRpcEngine2$Server$ProtoBufRpcInvoker.call(ProtobufRpcEngine2.java:595) [hadoop-common-3.3.6.jar:?]
	at org.apache.hadoop.ipc.ProtobufRpcEngine2$Server$ProtoBufRpcInvoker.call(ProtobufRpcEngine2.java:573) [hadoop-common-3.3.6.jar:?]
	at org.apache.hadoop.ipc.RPC$Server.call(RPC.java:1227) [hadoop-common-3.3.6.jar:?]
	at org.apache.hadoop.ipc.Server$RpcCall.run(Server.java:1094) [hadoop-common-3.3.6.jar:?]
	at org.apache.hadoop.ipc.Server$RpcCall.run(Server.java:1017) [hadoop-common-3.3.6.jar:?]
	at java.security.AccessController.doPrivileged(Native Method) ~[?:1.8.0_382]
	at javax.security.auth.Subject.doAs(Subject.java:422) [?:1.8.0_382]
	at org.apache.hadoop.security.UserGroupInformation.doAs(UserGroupInformation.java:1899) [hadoop-common-3.3.6.jar:?]
	at org.apache.hadoop.ipc.Server$Handler.run(Server.java:3048) [hadoop-common-3.3.6.jar:?]
2023-09-21 17:51:42,017 [Time-limited test] INFO  rpc.RpcClient (RpcClient.java:createVolume(461)) - Creating Volume: volume-37747, with runner as owner and space quota set to -1 bytes, counts quota set to -1
2023-09-21 17:51:42,018 [IPC Server handler 15 on default port 15057] INFO  volume.OMVolumeCreateRequest (OMVolumeCreateRequest.java:validateAndUpdateCache(196)) - created volume:volume-37747 for user:runner
2023-09-21 17:51:42,019 [Time-limited test] INFO  rpc.RpcClient (RpcClient.java:createBucket(688)) - Creating Bucket: volume-37747/bucket-58197, with bucket layout FILE_SYSTEM_OPTIMIZED, runner as owner, Versioning false, Storage Type set to DISK and Encryption set to false, Replication Type set to server-side default replication type, Namespace Quota set to -1, Space Quota set to -1 
2023-09-21 17:51:42,020 [IPC Server handler 11 on default port 15057] INFO  bucket.OMBucketCreateRequest (OMBucketCreateRequest.java:validateAndUpdateCache(270)) - created bucket: bucket-58197 of layout FILE_SYSTEM_OPTIMIZED in volume: volume-37747
]]></system-out>
  </testcase>
  <testcase name="testDeleteBucketLink" classname="TestRootedOzoneFileSystemWithFSO" time="0.11">
    <system-out><![CDATA[2023-09-21 17:49:55,640 [Time-limited test] INFO  rpc.RpcClient (RpcClient.java:createVolume(461)) - Creating Volume: volume49565, with user30259 as owner and space quota set to -1 bytes, counts quota set to -1
2023-09-21 17:49:55,643 [OM StateMachine ApplyTransaction Thread - 0] INFO  volume.OMVolumeCreateRequest (OMVolumeCreateRequest.java:validateAndUpdateCache(196)) - created volume:volume49565 for user:user30259
2023-09-21 17:49:55,649 [Time-limited test] INFO  rpc.RpcClient (RpcClient.java:createBucket(688)) - Creating Bucket: volume49565/bucket97033, with bucket layout FILE_SYSTEM_OPTIMIZED, runner as owner, Versioning false, Storage Type set to DISK and Encryption set to false, Replication Type set to server-side default replication type, Namespace Quota set to -1, Space Quota set to -1 
2023-09-21 17:49:55,651 [OM StateMachine ApplyTransaction Thread - 0] INFO  bucket.OMBucketCreateRequest (OMBucketCreateRequest.java:validateAndUpdateCache(270)) - created bucket: bucket97033 of layout FILE_SYSTEM_OPTIMIZED in volume: volume49565
17:49:55.654 [IPC Server handler 18 on default port 15004] ERROR OMAudit - user=runner | ip=127.0.0.1 | op=READ_BUCKET {volume=volume-63153, bucket=bucket} | ret=FAILURE
org.apache.hadoop.ozone.om.exceptions.OMException: Volume not found when getting bucket info
	at org.apache.hadoop.ozone.om.BucketManagerImpl.getBucketInfo(BucketManagerImpl.java:81) ~[ozone-manager-1.4.0-SNAPSHOT.jar:?]
	at org.apache.hadoop.ozone.om.OzoneManager.getBucketInfo(OzoneManager.java:2795) ~[ozone-manager-1.4.0-SNAPSHOT.jar:?]
	at org.apache.hadoop.ozone.protocolPB.OzoneManagerRequestHandler.infoBucket(OzoneManagerRequestHandler.java:545) ~[ozone-manager-1.4.0-SNAPSHOT.jar:?]
	at org.apache.hadoop.ozone.protocolPB.OzoneManagerRequestHandler.handleReadRequest(OzoneManagerRequestHandler.java:200) ~[ozone-manager-1.4.0-SNAPSHOT.jar:?]
	at org.apache.hadoop.ozone.protocolPB.OzoneManagerProtocolServerSideTranslatorPB.submitReadRequestToOM(OzoneManagerProtocolServerSideTranslatorPB.java:225) ~[ozone-manager-1.4.0-SNAPSHOT.jar:?]
	at org.apache.hadoop.ozone.protocolPB.OzoneManagerProtocolServerSideTranslatorPB.processRequest(OzoneManagerProtocolServerSideTranslatorPB.java:179) ~[ozone-manager-1.4.0-SNAPSHOT.jar:?]
	at org.apache.hadoop.hdds.server.OzoneProtocolMessageDispatcher.processRequest(OzoneProtocolMessageDispatcher.java:87) [hdds-server-framework-1.4.0-SNAPSHOT.jar:?]
	at org.apache.hadoop.ozone.protocolPB.OzoneManagerProtocolServerSideTranslatorPB.submitRequest(OzoneManagerProtocolServerSideTranslatorPB.java:148) [ozone-manager-1.4.0-SNAPSHOT.jar:?]
	at org.apache.hadoop.ozone.protocol.proto.OzoneManagerProtocolProtos$OzoneManagerService$2.callBlockingMethod(OzoneManagerProtocolProtos.java) [ozone-interface-client-1.4.0-SNAPSHOT.jar:?]
	at org.apache.hadoop.ipc.ProtobufRpcEngine$Server.processCall(ProtobufRpcEngine.java:484) [hadoop-common-3.3.6.jar:?]
	at org.apache.hadoop.ipc.ProtobufRpcEngine2$Server$ProtoBufRpcInvoker.call(ProtobufRpcEngine2.java:595) [hadoop-common-3.3.6.jar:?]
	at org.apache.hadoop.ipc.ProtobufRpcEngine2$Server$ProtoBufRpcInvoker.call(ProtobufRpcEngine2.java:573) [hadoop-common-3.3.6.jar:?]
	at org.apache.hadoop.ipc.RPC$Server.call(RPC.java:1227) [hadoop-common-3.3.6.jar:?]
	at org.apache.hadoop.ipc.Server$RpcCall.run(Server.java:1094) [hadoop-common-3.3.6.jar:?]
	at org.apache.hadoop.ipc.Server$RpcCall.run(Server.java:1017) [hadoop-common-3.3.6.jar:?]
	at java.security.AccessController.doPrivileged(Native Method) ~[?:1.8.0_382]
	at javax.security.auth.Subject.doAs(Subject.java:422) [?:1.8.0_382]
	at org.apache.hadoop.security.UserGroupInformation.doAs(UserGroupInformation.java:1899) [hadoop-common-3.3.6.jar:?]
	at org.apache.hadoop.ipc.Server$Handler.run(Server.java:3048) [hadoop-common-3.3.6.jar:?]
2023-09-21 17:49:55,655 [Time-limited test] INFO  rpc.RpcClient (RpcClient.java:createVolume(461)) - Creating Volume: volume-63153, with runner as owner and space quota set to -1 bytes, counts quota set to -1
2023-09-21 17:49:55,657 [OM StateMachine ApplyTransaction Thread - 0] INFO  volume.OMVolumeCreateRequest (OMVolumeCreateRequest.java:validateAndUpdateCache(196)) - created volume:volume-63153 for user:runner
2023-09-21 17:49:55,658 [Time-limited test] INFO  rpc.RpcClient (RpcClient.java:createBucket(688)) - Creating Bucket: volume-63153/bucket, with bucket layout FILE_SYSTEM_OPTIMIZED, runner as owner, Versioning false, Storage Type set to DISK and Encryption set to false, Replication Type set to server-side default replication type, Namespace Quota set to -1, Space Quota set to -1 
2023-09-21 17:49:55,660 [OM StateMachine ApplyTransaction Thread - 0] INFO  bucket.OMBucketCreateRequest (OMBucketCreateRequest.java:validateAndUpdateCache(270)) - created bucket: bucket of layout FILE_SYSTEM_OPTIMIZED in volume: volume-63153
2023-09-21 17:49:55,667 [Time-limited test] INFO  rpc.RpcClient (RpcClient.java:createVolume(461)) - Creating Volume: volume-43285, with runner as owner and space quota set to -1 bytes, counts quota set to -1
2023-09-21 17:49:55,669 [OM StateMachine ApplyTransaction Thread - 0] INFO  volume.OMVolumeCreateRequest (OMVolumeCreateRequest.java:validateAndUpdateCache(196)) - created volume:volume-43285 for user:runner
2023-09-21 17:49:55,670 [Time-limited test] INFO  rpc.RpcClient (RpcClient.java:createBucket(688)) - Creating Bucket: volume-43285/link, with server-side default bucket layout, runner as owner, Versioning false, Storage Type set to DISK and Encryption set to false, Replication Type set to server-side default replication type, Namespace Quota set to -1, Space Quota set to -1 
2023-09-21 17:49:55,672 [OM StateMachine ApplyTransaction Thread - 0] INFO  bucket.OMBucketCreateRequest (OMBucketCreateRequest.java:validateAndUpdateCache(270)) - created bucket: link of layout FILE_SYSTEM_OPTIMIZED in volume: volume-43285
17:49:55.677 [OM StateMachine ApplyTransaction Thread - 0] ERROR OMAudit - user=runner | ip=127.0.0.1 | op=DELETE_VOLUME {volume=volume-43285} | ret=FAILURE
org.apache.hadoop.ozone.om.exceptions.OMException: null
	at org.apache.hadoop.ozone.om.request.volume.OMVolumeDeleteRequest.validateAndUpdateCache(OMVolumeDeleteRequest.java:121) ~[ozone-manager-1.4.0-SNAPSHOT.jar:?]
	at org.apache.hadoop.ozone.protocolPB.OzoneManagerRequestHandler.handleWriteRequest(OzoneManagerRequestHandler.java:373) ~[ozone-manager-1.4.0-SNAPSHOT.jar:?]
	at org.apache.hadoop.ozone.om.ratis.OzoneManagerStateMachine.runCommand(OzoneManagerStateMachine.java:568) ~[ozone-manager-1.4.0-SNAPSHOT.jar:?]
	at org.apache.hadoop.ozone.om.ratis.OzoneManagerStateMachine.lambda$1(OzoneManagerStateMachine.java:359) ~[ozone-manager-1.4.0-SNAPSHOT.jar:?]
	at java.util.concurrent.CompletableFuture$AsyncSupply.run(CompletableFuture.java:1604) [?:1.8.0_382]
	at java.util.concurrent.ThreadPoolExecutor.runWorker(ThreadPoolExecutor.java:1149) [?:1.8.0_382]
	at java.util.concurrent.ThreadPoolExecutor$Worker.run(ThreadPoolExecutor.java:624) [?:1.8.0_382]
	at java.lang.Thread.run(Thread.java:750) [?:1.8.0_382]
2023-09-21 17:49:55,678 [OM StateMachine ApplyTransaction Thread - 0] ERROR volume.OMVolumeDeleteRequest (OMVolumeDeleteRequest.java:validateAndUpdateCache(168)) - Volume deletion failed for user:runner volume:volume-43285
VOLUME_NOT_EMPTY org.apache.hadoop.ozone.om.exceptions.OMException
	at org.apache.hadoop.ozone.om.request.volume.OMVolumeDeleteRequest.validateAndUpdateCache(OMVolumeDeleteRequest.java:121)
	at org.apache.hadoop.ozone.protocolPB.OzoneManagerRequestHandler.handleWriteRequest(OzoneManagerRequestHandler.java:373)
	at org.apache.hadoop.ozone.om.ratis.OzoneManagerStateMachine.runCommand(OzoneManagerStateMachine.java:568)
	at org.apache.hadoop.ozone.om.ratis.OzoneManagerStateMachine.lambda$1(OzoneManagerStateMachine.java:359)
	at java.util.concurrent.CompletableFuture$AsyncSupply.run(CompletableFuture.java:1604)
	at java.util.concurrent.ThreadPoolExecutor.runWorker(ThreadPoolExecutor.java:1149)
	at java.util.concurrent.ThreadPoolExecutor$Worker.run(ThreadPoolExecutor.java:624)
	at java.lang.Thread.run(Thread.java:750)
17:49:55.691 [IPC Server handler 11 on default port 15004] ERROR OMAudit - user=runner | ip=127.0.0.1 | op=READ_BUCKET {volume=volume-43285, bucket=link} | ret=FAILURE
org.apache.hadoop.ozone.om.exceptions.OMException: Volume not found when getting bucket info
	at org.apache.hadoop.ozone.om.BucketManagerImpl.getBucketInfo(BucketManagerImpl.java:81) ~[ozone-manager-1.4.0-SNAPSHOT.jar:?]
	at org.apache.hadoop.ozone.om.OzoneManager.getBucketInfo(OzoneManager.java:2795) ~[ozone-manager-1.4.0-SNAPSHOT.jar:?]
	at org.apache.hadoop.ozone.protocolPB.OzoneManagerRequestHandler.infoBucket(OzoneManagerRequestHandler.java:545) ~[ozone-manager-1.4.0-SNAPSHOT.jar:?]
	at org.apache.hadoop.ozone.protocolPB.OzoneManagerRequestHandler.handleReadRequest(OzoneManagerRequestHandler.java:200) ~[ozone-manager-1.4.0-SNAPSHOT.jar:?]
	at org.apache.hadoop.ozone.protocolPB.OzoneManagerProtocolServerSideTranslatorPB.submitReadRequestToOM(OzoneManagerProtocolServerSideTranslatorPB.java:225) ~[ozone-manager-1.4.0-SNAPSHOT.jar:?]
	at org.apache.hadoop.ozone.protocolPB.OzoneManagerProtocolServerSideTranslatorPB.processRequest(OzoneManagerProtocolServerSideTranslatorPB.java:179) ~[ozone-manager-1.4.0-SNAPSHOT.jar:?]
	at org.apache.hadoop.hdds.server.OzoneProtocolMessageDispatcher.processRequest(OzoneProtocolMessageDispatcher.java:87) [hdds-server-framework-1.4.0-SNAPSHOT.jar:?]
	at org.apache.hadoop.ozone.protocolPB.OzoneManagerProtocolServerSideTranslatorPB.submitRequest(OzoneManagerProtocolServerSideTranslatorPB.java:148) [ozone-manager-1.4.0-SNAPSHOT.jar:?]
	at org.apache.hadoop.ozone.protocol.proto.OzoneManagerProtocolProtos$OzoneManagerService$2.callBlockingMethod(OzoneManagerProtocolProtos.java) [ozone-interface-client-1.4.0-SNAPSHOT.jar:?]
	at org.apache.hadoop.ipc.ProtobufRpcEngine$Server.processCall(ProtobufRpcEngine.java:484) [hadoop-common-3.3.6.jar:?]
	at org.apache.hadoop.ipc.ProtobufRpcEngine2$Server$ProtoBufRpcInvoker.call(ProtobufRpcEngine2.java:595) [hadoop-common-3.3.6.jar:?]
	at org.apache.hadoop.ipc.ProtobufRpcEngine2$Server$ProtoBufRpcInvoker.call(ProtobufRpcEngine2.java:573) [hadoop-common-3.3.6.jar:?]
	at org.apache.hadoop.ipc.RPC$Server.call(RPC.java:1227) [hadoop-common-3.3.6.jar:?]
	at org.apache.hadoop.ipc.Server$RpcCall.run(Server.java:1094) [hadoop-common-3.3.6.jar:?]
	at org.apache.hadoop.ipc.Server$RpcCall.run(Server.java:1017) [hadoop-common-3.3.6.jar:?]
	at java.security.AccessController.doPrivileged(Native Method) ~[?:1.8.0_382]
	at javax.security.auth.Subject.doAs(Subject.java:422) [?:1.8.0_382]
	at org.apache.hadoop.security.UserGroupInformation.doAs(UserGroupInformation.java:1899) [hadoop-common-3.3.6.jar:?]
	at org.apache.hadoop.ipc.Server$Handler.run(Server.java:3048) [hadoop-common-3.3.6.jar:?]
]]></system-out>
  </testcase>
  <testcase name="testDeleteBucketLink" classname="TestRootedOzoneFileSystemWithFSO" time="0.069">
    <system-out><![CDATA[2023-09-21 17:51:42,167 [Time-limited test] INFO  rpc.RpcClient (RpcClient.java:createVolume(461)) - Creating Volume: volume46692, with user35814 as owner and space quota set to -1 bytes, counts quota set to -1
2023-09-21 17:51:42,168 [IPC Server handler 18 on default port 15057] INFO  volume.OMVolumeCreateRequest (OMVolumeCreateRequest.java:validateAndUpdateCache(196)) - created volume:volume46692 for user:user35814
2023-09-21 17:51:42,169 [Time-limited test] INFO  rpc.RpcClient (RpcClient.java:createBucket(688)) - Creating Bucket: volume46692/bucket06457, with bucket layout FILE_SYSTEM_OPTIMIZED, runner as owner, Versioning false, Storage Type set to DISK and Encryption set to false, Replication Type set to server-side default replication type, Namespace Quota set to -1, Space Quota set to -1 
2023-09-21 17:51:42,170 [IPC Server handler 13 on default port 15057] INFO  bucket.OMBucketCreateRequest (OMBucketCreateRequest.java:validateAndUpdateCache(270)) - created bucket: bucket06457 of layout FILE_SYSTEM_OPTIMIZED in volume: volume46692
17:51:42.172 [IPC Server handler 0 on default port 15057] ERROR OMAudit - user=runner | ip=127.0.0.1 | op=READ_BUCKET {volume=volume-60434, bucket=bucket} | ret=FAILURE
org.apache.hadoop.ozone.om.exceptions.OMException: Volume not found when getting bucket info
	at org.apache.hadoop.ozone.om.BucketManagerImpl.getBucketInfo(BucketManagerImpl.java:81) ~[ozone-manager-1.4.0-SNAPSHOT.jar:?]
	at org.apache.hadoop.ozone.om.OzoneManager.getBucketInfo(OzoneManager.java:2795) ~[ozone-manager-1.4.0-SNAPSHOT.jar:?]
	at org.apache.hadoop.ozone.protocolPB.OzoneManagerRequestHandler.infoBucket(OzoneManagerRequestHandler.java:545) ~[ozone-manager-1.4.0-SNAPSHOT.jar:?]
	at org.apache.hadoop.ozone.protocolPB.OzoneManagerRequestHandler.handleReadRequest(OzoneManagerRequestHandler.java:200) ~[ozone-manager-1.4.0-SNAPSHOT.jar:?]
	at org.apache.hadoop.ozone.protocolPB.OzoneManagerProtocolServerSideTranslatorPB.submitRequestDirectlyToOM(OzoneManagerProtocolServerSideTranslatorPB.java:274) ~[ozone-manager-1.4.0-SNAPSHOT.jar:?]
	at org.apache.hadoop.ozone.protocolPB.OzoneManagerProtocolServerSideTranslatorPB.processRequest(OzoneManagerProtocolServerSideTranslatorPB.java:175) ~[ozone-manager-1.4.0-SNAPSHOT.jar:?]
	at org.apache.hadoop.hdds.server.OzoneProtocolMessageDispatcher.processRequest(OzoneProtocolMessageDispatcher.java:87) [hdds-server-framework-1.4.0-SNAPSHOT.jar:?]
	at org.apache.hadoop.ozone.protocolPB.OzoneManagerProtocolServerSideTranslatorPB.submitRequest(OzoneManagerProtocolServerSideTranslatorPB.java:148) [ozone-manager-1.4.0-SNAPSHOT.jar:?]
	at org.apache.hadoop.ozone.protocol.proto.OzoneManagerProtocolProtos$OzoneManagerService$2.callBlockingMethod(OzoneManagerProtocolProtos.java) [ozone-interface-client-1.4.0-SNAPSHOT.jar:?]
	at org.apache.hadoop.ipc.ProtobufRpcEngine$Server.processCall(ProtobufRpcEngine.java:484) [hadoop-common-3.3.6.jar:?]
	at org.apache.hadoop.ipc.ProtobufRpcEngine2$Server$ProtoBufRpcInvoker.call(ProtobufRpcEngine2.java:595) [hadoop-common-3.3.6.jar:?]
	at org.apache.hadoop.ipc.ProtobufRpcEngine2$Server$ProtoBufRpcInvoker.call(ProtobufRpcEngine2.java:573) [hadoop-common-3.3.6.jar:?]
	at org.apache.hadoop.ipc.RPC$Server.call(RPC.java:1227) [hadoop-common-3.3.6.jar:?]
	at org.apache.hadoop.ipc.Server$RpcCall.run(Server.java:1094) [hadoop-common-3.3.6.jar:?]
	at org.apache.hadoop.ipc.Server$RpcCall.run(Server.java:1017) [hadoop-common-3.3.6.jar:?]
	at java.security.AccessController.doPrivileged(Native Method) ~[?:1.8.0_382]
	at javax.security.auth.Subject.doAs(Subject.java:422) [?:1.8.0_382]
	at org.apache.hadoop.security.UserGroupInformation.doAs(UserGroupInformation.java:1899) [hadoop-common-3.3.6.jar:?]
	at org.apache.hadoop.ipc.Server$Handler.run(Server.java:3048) [hadoop-common-3.3.6.jar:?]
2023-09-21 17:51:42,173 [Time-limited test] INFO  rpc.RpcClient (RpcClient.java:createVolume(461)) - Creating Volume: volume-60434, with runner as owner and space quota set to -1 bytes, counts quota set to -1
2023-09-21 17:51:42,174 [IPC Server handler 5 on default port 15057] INFO  volume.OMVolumeCreateRequest (OMVolumeCreateRequest.java:validateAndUpdateCache(196)) - created volume:volume-60434 for user:runner
2023-09-21 17:51:42,175 [Time-limited test] INFO  rpc.RpcClient (RpcClient.java:createBucket(688)) - Creating Bucket: volume-60434/bucket, with bucket layout FILE_SYSTEM_OPTIMIZED, runner as owner, Versioning false, Storage Type set to DISK and Encryption set to false, Replication Type set to server-side default replication type, Namespace Quota set to -1, Space Quota set to -1 
2023-09-21 17:51:42,175 [IPC Server handler 2 on default port 15057] INFO  bucket.OMBucketCreateRequest (OMBucketCreateRequest.java:validateAndUpdateCache(270)) - created bucket: bucket of layout FILE_SYSTEM_OPTIMIZED in volume: volume-60434
2023-09-21 17:51:42,179 [Time-limited test] INFO  rpc.RpcClient (RpcClient.java:createVolume(461)) - Creating Volume: volume-28884, with runner as owner and space quota set to -1 bytes, counts quota set to -1
2023-09-21 17:51:42,179 [IPC Server handler 12 on default port 15057] INFO  volume.OMVolumeCreateRequest (OMVolumeCreateRequest.java:validateAndUpdateCache(196)) - created volume:volume-28884 for user:runner
2023-09-21 17:51:42,181 [Time-limited test] INFO  rpc.RpcClient (RpcClient.java:createBucket(688)) - Creating Bucket: volume-28884/link, with server-side default bucket layout, runner as owner, Versioning false, Storage Type set to DISK and Encryption set to false, Replication Type set to server-side default replication type, Namespace Quota set to -1, Space Quota set to -1 
2023-09-21 17:51:42,182 [IPC Server handler 10 on default port 15057] INFO  bucket.OMBucketCreateRequest (OMBucketCreateRequest.java:validateAndUpdateCache(270)) - created bucket: link of layout FILE_SYSTEM_OPTIMIZED in volume: volume-28884
17:51:42.187 [IPC Server handler 13 on default port 15057] ERROR OMAudit - user=runner | ip=127.0.0.1 | op=DELETE_VOLUME {volume=volume-28884} | ret=FAILURE
org.apache.hadoop.ozone.om.exceptions.OMException: null
	at org.apache.hadoop.ozone.om.request.volume.OMVolumeDeleteRequest.validateAndUpdateCache(OMVolumeDeleteRequest.java:121) ~[ozone-manager-1.4.0-SNAPSHOT.jar:?]
	at org.apache.hadoop.ozone.protocolPB.OzoneManagerRequestHandler.handleWriteRequest(OzoneManagerRequestHandler.java:373) ~[ozone-manager-1.4.0-SNAPSHOT.jar:?]
	at org.apache.hadoop.ozone.protocolPB.OzoneManagerProtocolServerSideTranslatorPB.submitRequestDirectlyToOM(OzoneManagerProtocolServerSideTranslatorPB.java:280) ~[ozone-manager-1.4.0-SNAPSHOT.jar:?]
	at org.apache.hadoop.ozone.protocolPB.OzoneManagerProtocolServerSideTranslatorPB.processRequest(OzoneManagerProtocolServerSideTranslatorPB.java:175) ~[ozone-manager-1.4.0-SNAPSHOT.jar:?]
	at org.apache.hadoop.hdds.server.OzoneProtocolMessageDispatcher.processRequest(OzoneProtocolMessageDispatcher.java:87) [hdds-server-framework-1.4.0-SNAPSHOT.jar:?]
	at org.apache.hadoop.ozone.protocolPB.OzoneManagerProtocolServerSideTranslatorPB.submitRequest(OzoneManagerProtocolServerSideTranslatorPB.java:148) [ozone-manager-1.4.0-SNAPSHOT.jar:?]
	at org.apache.hadoop.ozone.protocol.proto.OzoneManagerProtocolProtos$OzoneManagerService$2.callBlockingMethod(OzoneManagerProtocolProtos.java) [ozone-interface-client-1.4.0-SNAPSHOT.jar:?]
	at org.apache.hadoop.ipc.ProtobufRpcEngine$Server.processCall(ProtobufRpcEngine.java:484) [hadoop-common-3.3.6.jar:?]
	at org.apache.hadoop.ipc.ProtobufRpcEngine2$Server$ProtoBufRpcInvoker.call(ProtobufRpcEngine2.java:595) [hadoop-common-3.3.6.jar:?]
	at org.apache.hadoop.ipc.ProtobufRpcEngine2$Server$ProtoBufRpcInvoker.call(ProtobufRpcEngine2.java:573) [hadoop-common-3.3.6.jar:?]
	at org.apache.hadoop.ipc.RPC$Server.call(RPC.java:1227) [hadoop-common-3.3.6.jar:?]
	at org.apache.hadoop.ipc.Server$RpcCall.run(Server.java:1094) [hadoop-common-3.3.6.jar:?]
	at org.apache.hadoop.ipc.Server$RpcCall.run(Server.java:1017) [hadoop-common-3.3.6.jar:?]
	at java.security.AccessController.doPrivileged(Native Method) ~[?:1.8.0_382]
	at javax.security.auth.Subject.doAs(Subject.java:422) [?:1.8.0_382]
	at org.apache.hadoop.security.UserGroupInformation.doAs(UserGroupInformation.java:1899) [hadoop-common-3.3.6.jar:?]
	at org.apache.hadoop.ipc.Server$Handler.run(Server.java:3048) [hadoop-common-3.3.6.jar:?]
2023-09-21 17:51:42,187 [IPC Server handler 13 on default port 15057] ERROR volume.OMVolumeDeleteRequest (OMVolumeDeleteRequest.java:validateAndUpdateCache(168)) - Volume deletion failed for user:runner volume:volume-28884
VOLUME_NOT_EMPTY org.apache.hadoop.ozone.om.exceptions.OMException
	at org.apache.hadoop.ozone.om.request.volume.OMVolumeDeleteRequest.validateAndUpdateCache(OMVolumeDeleteRequest.java:121)
	at org.apache.hadoop.ozone.protocolPB.OzoneManagerRequestHandler.handleWriteRequest(OzoneManagerRequestHandler.java:373)
	at org.apache.hadoop.ozone.protocolPB.OzoneManagerProtocolServerSideTranslatorPB.submitRequestDirectlyToOM(OzoneManagerProtocolServerSideTranslatorPB.java:280)
	at org.apache.hadoop.ozone.protocolPB.OzoneManagerProtocolServerSideTranslatorPB.processRequest(OzoneManagerProtocolServerSideTranslatorPB.java:175)
	at org.apache.hadoop.hdds.server.OzoneProtocolMessageDispatcher.processRequest(OzoneProtocolMessageDispatcher.java:87)
	at org.apache.hadoop.ozone.protocolPB.OzoneManagerProtocolServerSideTranslatorPB.submitRequest(OzoneManagerProtocolServerSideTranslatorPB.java:148)
	at org.apache.hadoop.ozone.protocol.proto.OzoneManagerProtocolProtos$OzoneManagerService$2.callBlockingMethod(OzoneManagerProtocolProtos.java)
	at org.apache.hadoop.ipc.ProtobufRpcEngine$Server.processCall(ProtobufRpcEngine.java:484)
	at org.apache.hadoop.ipc.ProtobufRpcEngine2$Server$ProtoBufRpcInvoker.call(ProtobufRpcEngine2.java:595)
	at org.apache.hadoop.ipc.ProtobufRpcEngine2$Server$ProtoBufRpcInvoker.call(ProtobufRpcEngine2.java:573)
	at org.apache.hadoop.ipc.RPC$Server.call(RPC.java:1227)
	at org.apache.hadoop.ipc.Server$RpcCall.run(Server.java:1094)
	at org.apache.hadoop.ipc.Server$RpcCall.run(Server.java:1017)
	at java.security.AccessController.doPrivileged(Native Method)
	at javax.security.auth.Subject.doAs(Subject.java:422)
	at org.apache.hadoop.security.UserGroupInformation.doAs(UserGroupInformation.java:1899)
	at org.apache.hadoop.ipc.Server$Handler.run(Server.java:3048)
17:51:42.196 [IPC Server handler 10 on default port 15057] ERROR OMAudit - user=runner | ip=127.0.0.1 | op=READ_BUCKET {volume=volume-28884, bucket=link} | ret=FAILURE
org.apache.hadoop.ozone.om.exceptions.OMException: Volume not found when getting bucket info
	at org.apache.hadoop.ozone.om.BucketManagerImpl.getBucketInfo(BucketManagerImpl.java:81) ~[ozone-manager-1.4.0-SNAPSHOT.jar:?]
	at org.apache.hadoop.ozone.om.OzoneManager.getBucketInfo(OzoneManager.java:2795) ~[ozone-manager-1.4.0-SNAPSHOT.jar:?]
	at org.apache.hadoop.ozone.protocolPB.OzoneManagerRequestHandler.infoBucket(OzoneManagerRequestHandler.java:545) ~[ozone-manager-1.4.0-SNAPSHOT.jar:?]
	at org.apache.hadoop.ozone.protocolPB.OzoneManagerRequestHandler.handleReadRequest(OzoneManagerRequestHandler.java:200) ~[ozone-manager-1.4.0-SNAPSHOT.jar:?]
	at org.apache.hadoop.ozone.protocolPB.OzoneManagerProtocolServerSideTranslatorPB.submitRequestDirectlyToOM(OzoneManagerProtocolServerSideTranslatorPB.java:274) ~[ozone-manager-1.4.0-SNAPSHOT.jar:?]
	at org.apache.hadoop.ozone.protocolPB.OzoneManagerProtocolServerSideTranslatorPB.processRequest(OzoneManagerProtocolServerSideTranslatorPB.java:175) ~[ozone-manager-1.4.0-SNAPSHOT.jar:?]
	at org.apache.hadoop.hdds.server.OzoneProtocolMessageDispatcher.processRequest(OzoneProtocolMessageDispatcher.java:87) [hdds-server-framework-1.4.0-SNAPSHOT.jar:?]
	at org.apache.hadoop.ozone.protocolPB.OzoneManagerProtocolServerSideTranslatorPB.submitRequest(OzoneManagerProtocolServerSideTranslatorPB.java:148) [ozone-manager-1.4.0-SNAPSHOT.jar:?]
	at org.apache.hadoop.ozone.protocol.proto.OzoneManagerProtocolProtos$OzoneManagerService$2.callBlockingMethod(OzoneManagerProtocolProtos.java) [ozone-interface-client-1.4.0-SNAPSHOT.jar:?]
	at org.apache.hadoop.ipc.ProtobufRpcEngine$Server.processCall(ProtobufRpcEngine.java:484) [hadoop-common-3.3.6.jar:?]
	at org.apache.hadoop.ipc.ProtobufRpcEngine2$Server$ProtoBufRpcInvoker.call(ProtobufRpcEngine2.java:595) [hadoop-common-3.3.6.jar:?]
	at org.apache.hadoop.ipc.ProtobufRpcEngine2$Server$ProtoBufRpcInvoker.call(ProtobufRpcEngine2.java:573) [hadoop-common-3.3.6.jar:?]
	at org.apache.hadoop.ipc.RPC$Server.call(RPC.java:1227) [hadoop-common-3.3.6.jar:?]
	at org.apache.hadoop.ipc.Server$RpcCall.run(Server.java:1094) [hadoop-common-3.3.6.jar:?]
	at org.apache.hadoop.ipc.Server$RpcCall.run(Server.java:1017) [hadoop-common-3.3.6.jar:?]
	at java.security.AccessController.doPrivileged(Native Method) ~[?:1.8.0_382]
	at javax.security.auth.Subject.doAs(Subject.java:422) [?:1.8.0_382]
	at org.apache.hadoop.security.UserGroupInformation.doAs(UserGroupInformation.java:1899) [hadoop-common-3.3.6.jar:?]
	at org.apache.hadoop.ipc.Server$Handler.run(Server.java:3048) [hadoop-common-3.3.6.jar:?]
]]></system-out>
  </testcase>
  <testcase name="testBucketDefaultsShouldNotBeInheritedToFileForNonEC" classname="TestRootedOzoneFileSystemWithFSO" time="0.202">
    <system-out><![CDATA[2023-09-21 17:49:55,742 [Time-limited test] INFO  rpc.RpcClient (RpcClient.java:createVolume(461)) - Creating Volume: volume17728, with user80503 as owner and space quota set to -1 bytes, counts quota set to -1
2023-09-21 17:49:55,744 [OM StateMachine ApplyTransaction Thread - 0] INFO  volume.OMVolumeCreateRequest (OMVolumeCreateRequest.java:validateAndUpdateCache(196)) - created volume:volume17728 for user:user80503
2023-09-21 17:49:55,746 [Time-limited test] INFO  rpc.RpcClient (RpcClient.java:createBucket(688)) - Creating Bucket: volume17728/bucket92439, with bucket layout FILE_SYSTEM_OPTIMIZED, runner as owner, Versioning false, Storage Type set to DISK and Encryption set to false, Replication Type set to server-side default replication type, Namespace Quota set to -1, Space Quota set to -1 
2023-09-21 17:49:55,747 [OM StateMachine ApplyTransaction Thread - 0] INFO  bucket.OMBucketCreateRequest (OMBucketCreateRequest.java:validateAndUpdateCache(270)) - created bucket: bucket92439 of layout FILE_SYSTEM_OPTIMIZED in volume: volume17728
2023-09-21 17:49:55,768 [Time-limited test] INFO  rpc.RpcClient (RpcClient.java:createVolume(461)) - Creating Volume: 770c4181-5453-4c22-84a7-71e5d89c108c, with user34721 as owner and space quota set to -1 bytes, counts quota set to -1
2023-09-21 17:49:55,771 [OM StateMachine ApplyTransaction Thread - 0] INFO  volume.OMVolumeCreateRequest (OMVolumeCreateRequest.java:validateAndUpdateCache(196)) - created volume:770c4181-5453-4c22-84a7-71e5d89c108c for user:user34721
2023-09-21 17:49:55,773 [Time-limited test] INFO  rpc.RpcClient (RpcClient.java:createBucket(688)) - Creating Bucket: 770c4181-5453-4c22-84a7-71e5d89c108c/c715474a-d784-4409-a88e-c7d3e5831887, with bucket layout LEGACY, runner as owner, Versioning false, Storage Type set to DISK and Encryption set to false, Replication Type set to STAND_ALONE, Namespace Quota set to -1, Space Quota set to -1 
2023-09-21 17:49:55,779 [OM StateMachine ApplyTransaction Thread - 0] INFO  bucket.OMBucketCreateRequest (OMBucketCreateRequest.java:validateAndUpdateCache(270)) - created bucket: c715474a-d784-4409-a88e-c7d3e5831887 of layout LEGACY in volume: 770c4181-5453-4c22-84a7-71e5d89c108c
2023-09-21 17:49:55,909 [IPC Server handler 14 on default port 15001] WARN  node.SCMNodeManager (SCMNodeManager.java:getNodesByAddress(1373)) - Cannot find node for address 127.0.0.1
]]></system-out>
  </testcase>
  <testcase name="testBucketDefaultsShouldNotBeInheritedToFileForNonEC" classname="TestRootedOzoneFileSystemWithFSO" time="0.119">
    <system-out><![CDATA[2023-09-21 17:51:42,233 [Time-limited test] INFO  rpc.RpcClient (RpcClient.java:createVolume(461)) - Creating Volume: volume92914, with user18701 as owner and space quota set to -1 bytes, counts quota set to -1
2023-09-21 17:51:42,234 [IPC Server handler 6 on default port 15057] INFO  volume.OMVolumeCreateRequest (OMVolumeCreateRequest.java:validateAndUpdateCache(196)) - created volume:volume92914 for user:user18701
2023-09-21 17:51:42,235 [Time-limited test] INFO  rpc.RpcClient (RpcClient.java:createBucket(688)) - Creating Bucket: volume92914/bucket47069, with bucket layout FILE_SYSTEM_OPTIMIZED, runner as owner, Versioning false, Storage Type set to DISK and Encryption set to false, Replication Type set to server-side default replication type, Namespace Quota set to -1, Space Quota set to -1 
2023-09-21 17:51:42,236 [IPC Server handler 4 on default port 15057] INFO  bucket.OMBucketCreateRequest (OMBucketCreateRequest.java:validateAndUpdateCache(270)) - created bucket: bucket47069 of layout FILE_SYSTEM_OPTIMIZED in volume: volume92914
2023-09-21 17:51:42,248 [Time-limited test] INFO  rpc.RpcClient (RpcClient.java:createVolume(461)) - Creating Volume: e534bd99-730a-41cb-a042-f3169d34f842, with user78939 as owner and space quota set to -1 bytes, counts quota set to -1
2023-09-21 17:51:42,248 [IPC Server handler 7 on default port 15057] INFO  volume.OMVolumeCreateRequest (OMVolumeCreateRequest.java:validateAndUpdateCache(196)) - created volume:e534bd99-730a-41cb-a042-f3169d34f842 for user:user78939
2023-09-21 17:51:42,249 [Time-limited test] INFO  rpc.RpcClient (RpcClient.java:createBucket(688)) - Creating Bucket: e534bd99-730a-41cb-a042-f3169d34f842/475ab30f-3704-4a92-98e5-fba5ff08fc5a, with bucket layout LEGACY, runner as owner, Versioning false, Storage Type set to DISK and Encryption set to false, Replication Type set to STAND_ALONE, Namespace Quota set to -1, Space Quota set to -1 
2023-09-21 17:51:42,250 [IPC Server handler 19 on default port 15057] INFO  bucket.OMBucketCreateRequest (OMBucketCreateRequest.java:validateAndUpdateCache(270)) - created bucket: 475ab30f-3704-4a92-98e5-fba5ff08fc5a of layout LEGACY in volume: e534bd99-730a-41cb-a042-f3169d34f842
2023-09-21 17:51:42,323 [IPC Server handler 17 on default port 15054] WARN  node.SCMNodeManager (SCMNodeManager.java:getNodesByAddress(1373)) - Cannot find node for address 127.0.0.1
]]></system-out>
  </testcase>
  <testcase name="testTrash" classname="TestRootedOzoneFileSystemWithFSO" time="4.287">
    <system-out><![CDATA[2023-09-21 17:49:55,942 [Time-limited test] INFO  rpc.RpcClient (RpcClient.java:createVolume(461)) - Creating Volume: volume93922, with user28123 as owner and space quota set to -1 bytes, counts quota set to -1
2023-09-21 17:49:55,945 [OM StateMachine ApplyTransaction Thread - 0] INFO  volume.OMVolumeCreateRequest (OMVolumeCreateRequest.java:validateAndUpdateCache(196)) - created volume:volume93922 for user:user28123
2023-09-21 17:49:55,947 [Time-limited test] INFO  rpc.RpcClient (RpcClient.java:createBucket(688)) - Creating Bucket: volume93922/bucket01646, with bucket layout FILE_SYSTEM_OPTIMIZED, runner as owner, Versioning false, Storage Type set to DISK and Encryption set to false, Replication Type set to server-side default replication type, Namespace Quota set to -1, Space Quota set to -1 
2023-09-21 17:49:55,948 [OM StateMachine ApplyTransaction Thread - 0] INFO  bucket.OMBucketCreateRequest (OMBucketCreateRequest.java:validateAndUpdateCache(270)) - created bucket: bucket01646 of layout FILE_SYSTEM_OPTIMIZED in volume: volume93922
2023-09-21 17:49:56,057 [Time-limited test] INFO  rpc.RpcClient (RpcClient.java:createVolume(461)) - Creating Volume: volume65675, with user94202 as owner and space quota set to -1 bytes, counts quota set to -1
2023-09-21 17:49:56,060 [OM StateMachine ApplyTransaction Thread - 0] INFO  volume.OMVolumeCreateRequest (OMVolumeCreateRequest.java:validateAndUpdateCache(196)) - created volume:volume65675 for user:user94202
2023-09-21 17:49:56,062 [Time-limited test] INFO  rpc.RpcClient (RpcClient.java:createBucket(688)) - Creating Bucket: volume65675/bucket02565, with bucket layout FILE_SYSTEM_OPTIMIZED, runner as owner, Versioning false, Storage Type set to DISK and Encryption set to false, Replication Type set to server-side default replication type, Namespace Quota set to -1, Space Quota set to -1 
2023-09-21 17:49:56,064 [OM StateMachine ApplyTransaction Thread - 0] INFO  bucket.OMBucketCreateRequest (OMBucketCreateRequest.java:validateAndUpdateCache(270)) - created bucket: bucket02565 of layout FILE_SYSTEM_OPTIMIZED in volume: volume65675
17:49:56.120 [IPC Server handler 13 on default port 15004] ERROR OMAudit - user=runner | ip=127.0.0.1 | op=GET_FILE_STATUS {volume=volume93922, bucket=bucket01646, key=.Trash/runner/Current/keyToBeDeleted, dataSize=0, replicationConfig=null} | ret=FAILURE
org.apache.hadoop.ozone.om.exceptions.OMException: Unable to get file status: volume: volume93922 bucket: bucket01646 key: .Trash/runner/Current/keyToBeDeleted
	at org.apache.hadoop.ozone.om.KeyManagerImpl.getOzoneFileStatusFSO(KeyManagerImpl.java:1320) ~[ozone-manager-1.4.0-SNAPSHOT.jar:?]
	at org.apache.hadoop.ozone.om.KeyManagerImpl.getFileStatus(KeyManagerImpl.java:1111) ~[ozone-manager-1.4.0-SNAPSHOT.jar:?]
	at org.apache.hadoop.ozone.om.OmMetadataReader.getFileStatus(OmMetadataReader.java:262) ~[ozone-manager-1.4.0-SNAPSHOT.jar:?]
	at org.apache.hadoop.ozone.om.OzoneManager.getFileStatus(OzoneManager.java:3533) ~[ozone-manager-1.4.0-SNAPSHOT.jar:?]
	at org.apache.hadoop.ozone.protocolPB.OzoneManagerRequestHandler.getOzoneFileStatus(OzoneManagerRequestHandler.java:971) ~[ozone-manager-1.4.0-SNAPSHOT.jar:?]
	at org.apache.hadoop.ozone.protocolPB.OzoneManagerRequestHandler.handleReadRequest(OzoneManagerRequestHandler.java:250) ~[ozone-manager-1.4.0-SNAPSHOT.jar:?]
	at org.apache.hadoop.ozone.protocolPB.OzoneManagerProtocolServerSideTranslatorPB.submitReadRequestToOM(OzoneManagerProtocolServerSideTranslatorPB.java:225) ~[ozone-manager-1.4.0-SNAPSHOT.jar:?]
	at org.apache.hadoop.ozone.protocolPB.OzoneManagerProtocolServerSideTranslatorPB.processRequest(OzoneManagerProtocolServerSideTranslatorPB.java:179) ~[ozone-manager-1.4.0-SNAPSHOT.jar:?]
	at org.apache.hadoop.hdds.server.OzoneProtocolMessageDispatcher.processRequest(OzoneProtocolMessageDispatcher.java:87) [hdds-server-framework-1.4.0-SNAPSHOT.jar:?]
	at org.apache.hadoop.ozone.protocolPB.OzoneManagerProtocolServerSideTranslatorPB.submitRequest(OzoneManagerProtocolServerSideTranslatorPB.java:148) [ozone-manager-1.4.0-SNAPSHOT.jar:?]
	at org.apache.hadoop.ozone.protocol.proto.OzoneManagerProtocolProtos$OzoneManagerService$2.callBlockingMethod(OzoneManagerProtocolProtos.java) [ozone-interface-client-1.4.0-SNAPSHOT.jar:?]
	at org.apache.hadoop.ipc.ProtobufRpcEngine$Server.processCall(ProtobufRpcEngine.java:484) [hadoop-common-3.3.6.jar:?]
	at org.apache.hadoop.ipc.ProtobufRpcEngine2$Server$ProtoBufRpcInvoker.call(ProtobufRpcEngine2.java:595) [hadoop-common-3.3.6.jar:?]
	at org.apache.hadoop.ipc.ProtobufRpcEngine2$Server$ProtoBufRpcInvoker.call(ProtobufRpcEngine2.java:573) [hadoop-common-3.3.6.jar:?]
	at org.apache.hadoop.ipc.RPC$Server.call(RPC.java:1227) [hadoop-common-3.3.6.jar:?]
	at org.apache.hadoop.ipc.Server$RpcCall.run(Server.java:1094) [hadoop-common-3.3.6.jar:?]
	at org.apache.hadoop.ipc.Server$RpcCall.run(Server.java:1017) [hadoop-common-3.3.6.jar:?]
	at java.security.AccessController.doPrivileged(Native Method) ~[?:1.8.0_382]
	at javax.security.auth.Subject.doAs(Subject.java:422) [?:1.8.0_382]
	at org.apache.hadoop.security.UserGroupInformation.doAs(UserGroupInformation.java:1899) [hadoop-common-3.3.6.jar:?]
	at org.apache.hadoop.ipc.Server$Handler.run(Server.java:3048) [hadoop-common-3.3.6.jar:?]
2023-09-21 17:49:56,124 [Time-limited test] INFO  om.TrashPolicyOzone (TrashPolicyOzone.java:moveToTrash(213)) - Moved: '/volume93922/bucket01646/keyToBeDeleted' to trash at: ofs://localhost:15004/volume93922/bucket01646/.Trash/runner/Current/keyToBeDeleted
17:49:56.135 [IPC Server handler 5 on default port 15004] ERROR OMAudit - user=runner | ip=127.0.0.1 | op=GET_FILE_STATUS {volume=volume65675, bucket=bucket02565, key=.Trash/runner/Current/keyToBeDeleted1, dataSize=0, replicationConfig=null} | ret=FAILURE
org.apache.hadoop.ozone.om.exceptions.OMException: Unable to get file status: volume: volume65675 bucket: bucket02565 key: .Trash/runner/Current/keyToBeDeleted1
	at org.apache.hadoop.ozone.om.KeyManagerImpl.getOzoneFileStatusFSO(KeyManagerImpl.java:1320) ~[ozone-manager-1.4.0-SNAPSHOT.jar:?]
	at org.apache.hadoop.ozone.om.KeyManagerImpl.getFileStatus(KeyManagerImpl.java:1111) ~[ozone-manager-1.4.0-SNAPSHOT.jar:?]
	at org.apache.hadoop.ozone.om.OmMetadataReader.getFileStatus(OmMetadataReader.java:262) ~[ozone-manager-1.4.0-SNAPSHOT.jar:?]
	at org.apache.hadoop.ozone.om.OzoneManager.getFileStatus(OzoneManager.java:3533) ~[ozone-manager-1.4.0-SNAPSHOT.jar:?]
	at org.apache.hadoop.ozone.protocolPB.OzoneManagerRequestHandler.getOzoneFileStatus(OzoneManagerRequestHandler.java:971) ~[ozone-manager-1.4.0-SNAPSHOT.jar:?]
	at org.apache.hadoop.ozone.protocolPB.OzoneManagerRequestHandler.handleReadRequest(OzoneManagerRequestHandler.java:250) ~[ozone-manager-1.4.0-SNAPSHOT.jar:?]
	at org.apache.hadoop.ozone.protocolPB.OzoneManagerProtocolServerSideTranslatorPB.submitReadRequestToOM(OzoneManagerProtocolServerSideTranslatorPB.java:225) ~[ozone-manager-1.4.0-SNAPSHOT.jar:?]
	at org.apache.hadoop.ozone.protocolPB.OzoneManagerProtocolServerSideTranslatorPB.processRequest(OzoneManagerProtocolServerSideTranslatorPB.java:179) ~[ozone-manager-1.4.0-SNAPSHOT.jar:?]
	at org.apache.hadoop.hdds.server.OzoneProtocolMessageDispatcher.processRequest(OzoneProtocolMessageDispatcher.java:87) [hdds-server-framework-1.4.0-SNAPSHOT.jar:?]
	at org.apache.hadoop.ozone.protocolPB.OzoneManagerProtocolServerSideTranslatorPB.submitRequest(OzoneManagerProtocolServerSideTranslatorPB.java:148) [ozone-manager-1.4.0-SNAPSHOT.jar:?]
	at org.apache.hadoop.ozone.protocol.proto.OzoneManagerProtocolProtos$OzoneManagerService$2.callBlockingMethod(OzoneManagerProtocolProtos.java) [ozone-interface-client-1.4.0-SNAPSHOT.jar:?]
	at org.apache.hadoop.ipc.ProtobufRpcEngine$Server.processCall(ProtobufRpcEngine.java:484) [hadoop-common-3.3.6.jar:?]
	at org.apache.hadoop.ipc.ProtobufRpcEngine2$Server$ProtoBufRpcInvoker.call(ProtobufRpcEngine2.java:595) [hadoop-common-3.3.6.jar:?]
	at org.apache.hadoop.ipc.ProtobufRpcEngine2$Server$ProtoBufRpcInvoker.call(ProtobufRpcEngine2.java:573) [hadoop-common-3.3.6.jar:?]
	at org.apache.hadoop.ipc.RPC$Server.call(RPC.java:1227) [hadoop-common-3.3.6.jar:?]
	at org.apache.hadoop.ipc.Server$RpcCall.run(Server.java:1094) [hadoop-common-3.3.6.jar:?]
	at org.apache.hadoop.ipc.Server$RpcCall.run(Server.java:1017) [hadoop-common-3.3.6.jar:?]
	at java.security.AccessController.doPrivileged(Native Method) ~[?:1.8.0_382]
	at javax.security.auth.Subject.doAs(Subject.java:422) [?:1.8.0_382]
	at org.apache.hadoop.security.UserGroupInformation.doAs(UserGroupInformation.java:1899) [hadoop-common-3.3.6.jar:?]
	at org.apache.hadoop.ipc.Server$Handler.run(Server.java:3048) [hadoop-common-3.3.6.jar:?]
2023-09-21 17:49:56,145 [Time-limited test] INFO  om.TrashPolicyOzone (TrashPolicyOzone.java:moveToTrash(213)) - Moved: '/volume65675/bucket02565/keyToBeDeleted1' to trash at: ofs://localhost:15004/volume65675/bucket02565/.Trash/runner/Current/keyToBeDeleted1
17:49:57.157 [IPC Server handler 1 on default port 15004] ERROR OMAudit - user=runner | ip=127.0.0.1 | op=GET_FILE_STATUS {volume=volume93922, bucket=bucket01646, key=.Trash/runner/Current/keyToBeDeleted, dataSize=0, replicationConfig=null} | ret=FAILURE
org.apache.hadoop.ozone.om.exceptions.OMException: Unable to get file status: volume: volume93922 bucket: bucket01646 key: .Trash/runner/Current/keyToBeDeleted
	at org.apache.hadoop.ozone.om.KeyManagerImpl.getOzoneFileStatusFSO(KeyManagerImpl.java:1320) ~[ozone-manager-1.4.0-SNAPSHOT.jar:?]
	at org.apache.hadoop.ozone.om.KeyManagerImpl.getFileStatus(KeyManagerImpl.java:1111) ~[ozone-manager-1.4.0-SNAPSHOT.jar:?]
	at org.apache.hadoop.ozone.om.OmMetadataReader.getFileStatus(OmMetadataReader.java:262) ~[ozone-manager-1.4.0-SNAPSHOT.jar:?]
	at org.apache.hadoop.ozone.om.OzoneManager.getFileStatus(OzoneManager.java:3533) ~[ozone-manager-1.4.0-SNAPSHOT.jar:?]
	at org.apache.hadoop.ozone.protocolPB.OzoneManagerRequestHandler.getOzoneFileStatus(OzoneManagerRequestHandler.java:971) ~[ozone-manager-1.4.0-SNAPSHOT.jar:?]
	at org.apache.hadoop.ozone.protocolPB.OzoneManagerRequestHandler.handleReadRequest(OzoneManagerRequestHandler.java:250) ~[ozone-manager-1.4.0-SNAPSHOT.jar:?]
	at org.apache.hadoop.ozone.protocolPB.OzoneManagerProtocolServerSideTranslatorPB.submitReadRequestToOM(OzoneManagerProtocolServerSideTranslatorPB.java:225) ~[ozone-manager-1.4.0-SNAPSHOT.jar:?]
	at org.apache.hadoop.ozone.protocolPB.OzoneManagerProtocolServerSideTranslatorPB.processRequest(OzoneManagerProtocolServerSideTranslatorPB.java:179) ~[ozone-manager-1.4.0-SNAPSHOT.jar:?]
	at org.apache.hadoop.hdds.server.OzoneProtocolMessageDispatcher.processRequest(OzoneProtocolMessageDispatcher.java:87) [hdds-server-framework-1.4.0-SNAPSHOT.jar:?]
	at org.apache.hadoop.ozone.protocolPB.OzoneManagerProtocolServerSideTranslatorPB.submitRequest(OzoneManagerProtocolServerSideTranslatorPB.java:148) [ozone-manager-1.4.0-SNAPSHOT.jar:?]
	at org.apache.hadoop.ozone.protocol.proto.OzoneManagerProtocolProtos$OzoneManagerService$2.callBlockingMethod(OzoneManagerProtocolProtos.java) [ozone-interface-client-1.4.0-SNAPSHOT.jar:?]
	at org.apache.hadoop.ipc.ProtobufRpcEngine$Server.processCall(ProtobufRpcEngine.java:484) [hadoop-common-3.3.6.jar:?]
	at org.apache.hadoop.ipc.ProtobufRpcEngine2$Server$ProtoBufRpcInvoker.call(ProtobufRpcEngine2.java:595) [hadoop-common-3.3.6.jar:?]
	at org.apache.hadoop.ipc.ProtobufRpcEngine2$Server$ProtoBufRpcInvoker.call(ProtobufRpcEngine2.java:573) [hadoop-common-3.3.6.jar:?]
	at org.apache.hadoop.ipc.RPC$Server.call(RPC.java:1227) [hadoop-common-3.3.6.jar:?]
	at org.apache.hadoop.ipc.Server$RpcCall.run(Server.java:1094) [hadoop-common-3.3.6.jar:?]
	at org.apache.hadoop.ipc.Server$RpcCall.run(Server.java:1017) [hadoop-common-3.3.6.jar:?]
	at java.security.AccessController.doPrivileged(Native Method) ~[?:1.8.0_382]
	at javax.security.auth.Subject.doAs(Subject.java:422) [?:1.8.0_382]
	at org.apache.hadoop.security.UserGroupInformation.doAs(UserGroupInformation.java:1899) [hadoop-common-3.3.6.jar:?]
	at org.apache.hadoop.ipc.Server$Handler.run(Server.java:3048) [hadoop-common-3.3.6.jar:?]
17:49:57.162 [IPC Server handler 0 on default port 15004] ERROR OMAudit - user=runner | ip=127.0.0.1 | op=GET_FILE_STATUS {volume=volume93922, bucket=bucket01646, key=.Trash/runner/Current/keyToBeDeleted1, dataSize=0, replicationConfig=null} | ret=FAILURE
org.apache.hadoop.ozone.om.exceptions.OMException: Unable to get file status: volume: volume93922 bucket: bucket01646 key: .Trash/runner/Current/keyToBeDeleted1
	at org.apache.hadoop.ozone.om.KeyManagerImpl.getOzoneFileStatusFSO(KeyManagerImpl.java:1320) ~[ozone-manager-1.4.0-SNAPSHOT.jar:?]
	at org.apache.hadoop.ozone.om.KeyManagerImpl.getFileStatus(KeyManagerImpl.java:1111) ~[ozone-manager-1.4.0-SNAPSHOT.jar:?]
	at org.apache.hadoop.ozone.om.OmMetadataReader.getFileStatus(OmMetadataReader.java:262) ~[ozone-manager-1.4.0-SNAPSHOT.jar:?]
	at org.apache.hadoop.ozone.om.OzoneManager.getFileStatus(OzoneManager.java:3533) ~[ozone-manager-1.4.0-SNAPSHOT.jar:?]
	at org.apache.hadoop.ozone.protocolPB.OzoneManagerRequestHandler.getOzoneFileStatus(OzoneManagerRequestHandler.java:971) ~[ozone-manager-1.4.0-SNAPSHOT.jar:?]
	at org.apache.hadoop.ozone.protocolPB.OzoneManagerRequestHandler.handleReadRequest(OzoneManagerRequestHandler.java:250) ~[ozone-manager-1.4.0-SNAPSHOT.jar:?]
	at org.apache.hadoop.ozone.protocolPB.OzoneManagerProtocolServerSideTranslatorPB.submitReadRequestToOM(OzoneManagerProtocolServerSideTranslatorPB.java:225) ~[ozone-manager-1.4.0-SNAPSHOT.jar:?]
	at org.apache.hadoop.ozone.protocolPB.OzoneManagerProtocolServerSideTranslatorPB.processRequest(OzoneManagerProtocolServerSideTranslatorPB.java:179) ~[ozone-manager-1.4.0-SNAPSHOT.jar:?]
	at org.apache.hadoop.hdds.server.OzoneProtocolMessageDispatcher.processRequest(OzoneProtocolMessageDispatcher.java:87) [hdds-server-framework-1.4.0-SNAPSHOT.jar:?]
	at org.apache.hadoop.ozone.protocolPB.OzoneManagerProtocolServerSideTranslatorPB.submitRequest(OzoneManagerProtocolServerSideTranslatorPB.java:148) [ozone-manager-1.4.0-SNAPSHOT.jar:?]
	at org.apache.hadoop.ozone.protocol.proto.OzoneManagerProtocolProtos$OzoneManagerService$2.callBlockingMethod(OzoneManagerProtocolProtos.java) [ozone-interface-client-1.4.0-SNAPSHOT.jar:?]
	at org.apache.hadoop.ipc.ProtobufRpcEngine$Server.processCall(ProtobufRpcEngine.java:484) [hadoop-common-3.3.6.jar:?]
	at org.apache.hadoop.ipc.ProtobufRpcEngine2$Server$ProtoBufRpcInvoker.call(ProtobufRpcEngine2.java:595) [hadoop-common-3.3.6.jar:?]
	at org.apache.hadoop.ipc.ProtobufRpcEngine2$Server$ProtoBufRpcInvoker.call(ProtobufRpcEngine2.java:573) [hadoop-common-3.3.6.jar:?]
	at org.apache.hadoop.ipc.RPC$Server.call(RPC.java:1227) [hadoop-common-3.3.6.jar:?]
	at org.apache.hadoop.ipc.Server$RpcCall.run(Server.java:1094) [hadoop-common-3.3.6.jar:?]
	at org.apache.hadoop.ipc.Server$RpcCall.run(Server.java:1017) [hadoop-common-3.3.6.jar:?]
	at java.security.AccessController.doPrivileged(Native Method) ~[?:1.8.0_382]
	at javax.security.auth.Subject.doAs(Subject.java:422) [?:1.8.0_382]
	at org.apache.hadoop.security.UserGroupInformation.doAs(UserGroupInformation.java:1899) [hadoop-common-3.3.6.jar:?]
	at org.apache.hadoop.ipc.Server$Handler.run(Server.java:3048) [hadoop-common-3.3.6.jar:?]
]]></system-out>
  </testcase>
  <testcase name="testTrash" classname="TestRootedOzoneFileSystemWithFSO" time="5.195">
    <system-out><![CDATA[2023-09-21 17:51:42,349 [Time-limited test] INFO  rpc.RpcClient (RpcClient.java:createVolume(461)) - Creating Volume: volume03680, with user32761 as owner and space quota set to -1 bytes, counts quota set to -1
2023-09-21 17:51:42,350 [IPC Server handler 12 on default port 15057] INFO  volume.OMVolumeCreateRequest (OMVolumeCreateRequest.java:validateAndUpdateCache(196)) - created volume:volume03680 for user:user32761
2023-09-21 17:51:42,352 [Time-limited test] INFO  rpc.RpcClient (RpcClient.java:createBucket(688)) - Creating Bucket: volume03680/bucket10554, with bucket layout FILE_SYSTEM_OPTIMIZED, runner as owner, Versioning false, Storage Type set to DISK and Encryption set to false, Replication Type set to server-side default replication type, Namespace Quota set to -1, Space Quota set to -1 
2023-09-21 17:51:42,352 [IPC Server handler 10 on default port 15057] INFO  bucket.OMBucketCreateRequest (OMBucketCreateRequest.java:validateAndUpdateCache(270)) - created bucket: bucket10554 of layout FILE_SYSTEM_OPTIMIZED in volume: volume03680
2023-09-21 17:51:42,413 [Time-limited test] INFO  rpc.RpcClient (RpcClient.java:createVolume(461)) - Creating Volume: volume48305, with user87209 as owner and space quota set to -1 bytes, counts quota set to -1
2023-09-21 17:51:42,415 [IPC Server handler 15 on default port 15057] INFO  volume.OMVolumeCreateRequest (OMVolumeCreateRequest.java:validateAndUpdateCache(196)) - created volume:volume48305 for user:user87209
2023-09-21 17:51:42,416 [Time-limited test] INFO  rpc.RpcClient (RpcClient.java:createBucket(688)) - Creating Bucket: volume48305/bucket81851, with bucket layout FILE_SYSTEM_OPTIMIZED, runner as owner, Versioning false, Storage Type set to DISK and Encryption set to false, Replication Type set to server-side default replication type, Namespace Quota set to -1, Space Quota set to -1 
2023-09-21 17:51:42,417 [IPC Server handler 11 on default port 15057] INFO  bucket.OMBucketCreateRequest (OMBucketCreateRequest.java:validateAndUpdateCache(270)) - created bucket: bucket81851 of layout FILE_SYSTEM_OPTIMIZED in volume: volume48305
17:51:42.472 [IPC Server handler 19 on default port 15057] ERROR OMAudit - user=runner | ip=127.0.0.1 | op=GET_FILE_STATUS {volume=volume03680, bucket=bucket10554, key=.Trash/runner/Current/keyToBeDeleted, dataSize=0, replicationConfig=null} | ret=FAILURE
org.apache.hadoop.ozone.om.exceptions.OMException: Unable to get file status: volume: volume03680 bucket: bucket10554 key: .Trash/runner/Current/keyToBeDeleted
	at org.apache.hadoop.ozone.om.KeyManagerImpl.getOzoneFileStatusFSO(KeyManagerImpl.java:1320) ~[ozone-manager-1.4.0-SNAPSHOT.jar:?]
	at org.apache.hadoop.ozone.om.KeyManagerImpl.getFileStatus(KeyManagerImpl.java:1111) ~[ozone-manager-1.4.0-SNAPSHOT.jar:?]
	at org.apache.hadoop.ozone.om.OmMetadataReader.getFileStatus(OmMetadataReader.java:262) ~[ozone-manager-1.4.0-SNAPSHOT.jar:?]
	at org.apache.hadoop.ozone.om.OzoneManager.getFileStatus(OzoneManager.java:3533) ~[ozone-manager-1.4.0-SNAPSHOT.jar:?]
	at org.apache.hadoop.ozone.protocolPB.OzoneManagerRequestHandler.getOzoneFileStatus(OzoneManagerRequestHandler.java:971) ~[ozone-manager-1.4.0-SNAPSHOT.jar:?]
	at org.apache.hadoop.ozone.protocolPB.OzoneManagerRequestHandler.handleReadRequest(OzoneManagerRequestHandler.java:250) ~[ozone-manager-1.4.0-SNAPSHOT.jar:?]
	at org.apache.hadoop.ozone.protocolPB.OzoneManagerProtocolServerSideTranslatorPB.submitRequestDirectlyToOM(OzoneManagerProtocolServerSideTranslatorPB.java:274) ~[ozone-manager-1.4.0-SNAPSHOT.jar:?]
	at org.apache.hadoop.ozone.protocolPB.OzoneManagerProtocolServerSideTranslatorPB.processRequest(OzoneManagerProtocolServerSideTranslatorPB.java:175) ~[ozone-manager-1.4.0-SNAPSHOT.jar:?]
	at org.apache.hadoop.hdds.server.OzoneProtocolMessageDispatcher.processRequest(OzoneProtocolMessageDispatcher.java:87) [hdds-server-framework-1.4.0-SNAPSHOT.jar:?]
	at org.apache.hadoop.ozone.protocolPB.OzoneManagerProtocolServerSideTranslatorPB.submitRequest(OzoneManagerProtocolServerSideTranslatorPB.java:148) [ozone-manager-1.4.0-SNAPSHOT.jar:?]
	at org.apache.hadoop.ozone.protocol.proto.OzoneManagerProtocolProtos$OzoneManagerService$2.callBlockingMethod(OzoneManagerProtocolProtos.java) [ozone-interface-client-1.4.0-SNAPSHOT.jar:?]
	at org.apache.hadoop.ipc.ProtobufRpcEngine$Server.processCall(ProtobufRpcEngine.java:484) [hadoop-common-3.3.6.jar:?]
	at org.apache.hadoop.ipc.ProtobufRpcEngine2$Server$ProtoBufRpcInvoker.call(ProtobufRpcEngine2.java:595) [hadoop-common-3.3.6.jar:?]
	at org.apache.hadoop.ipc.ProtobufRpcEngine2$Server$ProtoBufRpcInvoker.call(ProtobufRpcEngine2.java:573) [hadoop-common-3.3.6.jar:?]
	at org.apache.hadoop.ipc.RPC$Server.call(RPC.java:1227) [hadoop-common-3.3.6.jar:?]
	at org.apache.hadoop.ipc.Server$RpcCall.run(Server.java:1094) [hadoop-common-3.3.6.jar:?]
	at org.apache.hadoop.ipc.Server$RpcCall.run(Server.java:1017) [hadoop-common-3.3.6.jar:?]
	at java.security.AccessController.doPrivileged(Native Method) ~[?:1.8.0_382]
	at javax.security.auth.Subject.doAs(Subject.java:422) [?:1.8.0_382]
	at org.apache.hadoop.security.UserGroupInformation.doAs(UserGroupInformation.java:1899) [hadoop-common-3.3.6.jar:?]
	at org.apache.hadoop.ipc.Server$Handler.run(Server.java:3048) [hadoop-common-3.3.6.jar:?]
2023-09-21 17:51:42,476 [Time-limited test] INFO  om.TrashPolicyOzone (TrashPolicyOzone.java:moveToTrash(213)) - Moved: '/volume03680/bucket10554/keyToBeDeleted' to trash at: ofs://localhost:15057/volume03680/bucket10554/.Trash/runner/Current/keyToBeDeleted
17:51:42.481 [IPC Server handler 15 on default port 15057] ERROR OMAudit - user=runner | ip=127.0.0.1 | op=GET_FILE_STATUS {volume=volume48305, bucket=bucket81851, key=.Trash/runner/Current/keyToBeDeleted1, dataSize=0, replicationConfig=null} | ret=FAILURE
org.apache.hadoop.ozone.om.exceptions.OMException: Unable to get file status: volume: volume48305 bucket: bucket81851 key: .Trash/runner/Current/keyToBeDeleted1
	at org.apache.hadoop.ozone.om.KeyManagerImpl.getOzoneFileStatusFSO(KeyManagerImpl.java:1320) ~[ozone-manager-1.4.0-SNAPSHOT.jar:?]
	at org.apache.hadoop.ozone.om.KeyManagerImpl.getFileStatus(KeyManagerImpl.java:1111) ~[ozone-manager-1.4.0-SNAPSHOT.jar:?]
	at org.apache.hadoop.ozone.om.OmMetadataReader.getFileStatus(OmMetadataReader.java:262) ~[ozone-manager-1.4.0-SNAPSHOT.jar:?]
	at org.apache.hadoop.ozone.om.OzoneManager.getFileStatus(OzoneManager.java:3533) ~[ozone-manager-1.4.0-SNAPSHOT.jar:?]
	at org.apache.hadoop.ozone.protocolPB.OzoneManagerRequestHandler.getOzoneFileStatus(OzoneManagerRequestHandler.java:971) ~[ozone-manager-1.4.0-SNAPSHOT.jar:?]
	at org.apache.hadoop.ozone.protocolPB.OzoneManagerRequestHandler.handleReadRequest(OzoneManagerRequestHandler.java:250) ~[ozone-manager-1.4.0-SNAPSHOT.jar:?]
	at org.apache.hadoop.ozone.protocolPB.OzoneManagerProtocolServerSideTranslatorPB.submitRequestDirectlyToOM(OzoneManagerProtocolServerSideTranslatorPB.java:274) ~[ozone-manager-1.4.0-SNAPSHOT.jar:?]
	at org.apache.hadoop.ozone.protocolPB.OzoneManagerProtocolServerSideTranslatorPB.processRequest(OzoneManagerProtocolServerSideTranslatorPB.java:175) ~[ozone-manager-1.4.0-SNAPSHOT.jar:?]
	at org.apache.hadoop.hdds.server.OzoneProtocolMessageDispatcher.processRequest(OzoneProtocolMessageDispatcher.java:87) [hdds-server-framework-1.4.0-SNAPSHOT.jar:?]
	at org.apache.hadoop.ozone.protocolPB.OzoneManagerProtocolServerSideTranslatorPB.submitRequest(OzoneManagerProtocolServerSideTranslatorPB.java:148) [ozone-manager-1.4.0-SNAPSHOT.jar:?]
	at org.apache.hadoop.ozone.protocol.proto.OzoneManagerProtocolProtos$OzoneManagerService$2.callBlockingMethod(OzoneManagerProtocolProtos.java) [ozone-interface-client-1.4.0-SNAPSHOT.jar:?]
	at org.apache.hadoop.ipc.ProtobufRpcEngine$Server.processCall(ProtobufRpcEngine.java:484) [hadoop-common-3.3.6.jar:?]
	at org.apache.hadoop.ipc.ProtobufRpcEngine2$Server$ProtoBufRpcInvoker.call(ProtobufRpcEngine2.java:595) [hadoop-common-3.3.6.jar:?]
	at org.apache.hadoop.ipc.ProtobufRpcEngine2$Server$ProtoBufRpcInvoker.call(ProtobufRpcEngine2.java:573) [hadoop-common-3.3.6.jar:?]
	at org.apache.hadoop.ipc.RPC$Server.call(RPC.java:1227) [hadoop-common-3.3.6.jar:?]
	at org.apache.hadoop.ipc.Server$RpcCall.run(Server.java:1094) [hadoop-common-3.3.6.jar:?]
	at org.apache.hadoop.ipc.Server$RpcCall.run(Server.java:1017) [hadoop-common-3.3.6.jar:?]
	at java.security.AccessController.doPrivileged(Native Method) ~[?:1.8.0_382]
	at javax.security.auth.Subject.doAs(Subject.java:422) [?:1.8.0_382]
	at org.apache.hadoop.security.UserGroupInformation.doAs(UserGroupInformation.java:1899) [hadoop-common-3.3.6.jar:?]
	at org.apache.hadoop.ipc.Server$Handler.run(Server.java:3048) [hadoop-common-3.3.6.jar:?]
2023-09-21 17:51:42,484 [Time-limited test] INFO  om.TrashPolicyOzone (TrashPolicyOzone.java:moveToTrash(213)) - Moved: '/volume48305/bucket81851/keyToBeDeleted1' to trash at: ofs://localhost:15057/volume48305/bucket81851/.Trash/runner/Current/keyToBeDeleted1
17:51:44.496 [IPC Server handler 7 on default port 15057] ERROR OMAudit - user=runner | ip=127.0.0.1 | op=GET_FILE_STATUS {volume=volume03680, bucket=bucket10554, key=.Trash/runner/Current/keyToBeDeleted, dataSize=0, replicationConfig=null} | ret=FAILURE
org.apache.hadoop.ozone.om.exceptions.OMException: Unable to get file status: volume: volume03680 bucket: bucket10554 key: .Trash/runner/Current/keyToBeDeleted
	at org.apache.hadoop.ozone.om.KeyManagerImpl.getOzoneFileStatusFSO(KeyManagerImpl.java:1320) ~[ozone-manager-1.4.0-SNAPSHOT.jar:?]
	at org.apache.hadoop.ozone.om.KeyManagerImpl.getFileStatus(KeyManagerImpl.java:1111) ~[ozone-manager-1.4.0-SNAPSHOT.jar:?]
	at org.apache.hadoop.ozone.om.OmMetadataReader.getFileStatus(OmMetadataReader.java:262) ~[ozone-manager-1.4.0-SNAPSHOT.jar:?]
	at org.apache.hadoop.ozone.om.OzoneManager.getFileStatus(OzoneManager.java:3533) ~[ozone-manager-1.4.0-SNAPSHOT.jar:?]
	at org.apache.hadoop.ozone.protocolPB.OzoneManagerRequestHandler.getOzoneFileStatus(OzoneManagerRequestHandler.java:971) ~[ozone-manager-1.4.0-SNAPSHOT.jar:?]
	at org.apache.hadoop.ozone.protocolPB.OzoneManagerRequestHandler.handleReadRequest(OzoneManagerRequestHandler.java:250) ~[ozone-manager-1.4.0-SNAPSHOT.jar:?]
	at org.apache.hadoop.ozone.protocolPB.OzoneManagerProtocolServerSideTranslatorPB.submitRequestDirectlyToOM(OzoneManagerProtocolServerSideTranslatorPB.java:274) ~[ozone-manager-1.4.0-SNAPSHOT.jar:?]
	at org.apache.hadoop.ozone.protocolPB.OzoneManagerProtocolServerSideTranslatorPB.processRequest(OzoneManagerProtocolServerSideTranslatorPB.java:175) ~[ozone-manager-1.4.0-SNAPSHOT.jar:?]
	at org.apache.hadoop.hdds.server.OzoneProtocolMessageDispatcher.processRequest(OzoneProtocolMessageDispatcher.java:87) [hdds-server-framework-1.4.0-SNAPSHOT.jar:?]
	at org.apache.hadoop.ozone.protocolPB.OzoneManagerProtocolServerSideTranslatorPB.submitRequest(OzoneManagerProtocolServerSideTranslatorPB.java:148) [ozone-manager-1.4.0-SNAPSHOT.jar:?]
	at org.apache.hadoop.ozone.protocol.proto.OzoneManagerProtocolProtos$OzoneManagerService$2.callBlockingMethod(OzoneManagerProtocolProtos.java) [ozone-interface-client-1.4.0-SNAPSHOT.jar:?]
	at org.apache.hadoop.ipc.ProtobufRpcEngine$Server.processCall(ProtobufRpcEngine.java:484) [hadoop-common-3.3.6.jar:?]
	at org.apache.hadoop.ipc.ProtobufRpcEngine2$Server$ProtoBufRpcInvoker.call(ProtobufRpcEngine2.java:595) [hadoop-common-3.3.6.jar:?]
	at org.apache.hadoop.ipc.ProtobufRpcEngine2$Server$ProtoBufRpcInvoker.call(ProtobufRpcEngine2.java:573) [hadoop-common-3.3.6.jar:?]
	at org.apache.hadoop.ipc.RPC$Server.call(RPC.java:1227) [hadoop-common-3.3.6.jar:?]
	at org.apache.hadoop.ipc.Server$RpcCall.run(Server.java:1094) [hadoop-common-3.3.6.jar:?]
	at org.apache.hadoop.ipc.Server$RpcCall.run(Server.java:1017) [hadoop-common-3.3.6.jar:?]
	at java.security.AccessController.doPrivileged(Native Method) ~[?:1.8.0_382]
	at javax.security.auth.Subject.doAs(Subject.java:422) [?:1.8.0_382]
	at org.apache.hadoop.security.UserGroupInformation.doAs(UserGroupInformation.java:1899) [hadoop-common-3.3.6.jar:?]
	at org.apache.hadoop.ipc.Server$Handler.run(Server.java:3048) [hadoop-common-3.3.6.jar:?]
17:51:44.497 [IPC Server handler 19 on default port 15057] ERROR OMAudit - user=runner | ip=127.0.0.1 | op=GET_FILE_STATUS {volume=volume03680, bucket=bucket10554, key=.Trash/runner/Current/keyToBeDeleted1, dataSize=0, replicationConfig=null} | ret=FAILURE
org.apache.hadoop.ozone.om.exceptions.OMException: Unable to get file status: volume: volume03680 bucket: bucket10554 key: .Trash/runner/Current/keyToBeDeleted1
	at org.apache.hadoop.ozone.om.KeyManagerImpl.getOzoneFileStatusFSO(KeyManagerImpl.java:1320) ~[ozone-manager-1.4.0-SNAPSHOT.jar:?]
	at org.apache.hadoop.ozone.om.KeyManagerImpl.getFileStatus(KeyManagerImpl.java:1111) ~[ozone-manager-1.4.0-SNAPSHOT.jar:?]
	at org.apache.hadoop.ozone.om.OmMetadataReader.getFileStatus(OmMetadataReader.java:262) ~[ozone-manager-1.4.0-SNAPSHOT.jar:?]
	at org.apache.hadoop.ozone.om.OzoneManager.getFileStatus(OzoneManager.java:3533) ~[ozone-manager-1.4.0-SNAPSHOT.jar:?]
	at org.apache.hadoop.ozone.protocolPB.OzoneManagerRequestHandler.getOzoneFileStatus(OzoneManagerRequestHandler.java:971) ~[ozone-manager-1.4.0-SNAPSHOT.jar:?]
	at org.apache.hadoop.ozone.protocolPB.OzoneManagerRequestHandler.handleReadRequest(OzoneManagerRequestHandler.java:250) ~[ozone-manager-1.4.0-SNAPSHOT.jar:?]
	at org.apache.hadoop.ozone.protocolPB.OzoneManagerProtocolServerSideTranslatorPB.submitRequestDirectlyToOM(OzoneManagerProtocolServerSideTranslatorPB.java:274) ~[ozone-manager-1.4.0-SNAPSHOT.jar:?]
	at org.apache.hadoop.ozone.protocolPB.OzoneManagerProtocolServerSideTranslatorPB.processRequest(OzoneManagerProtocolServerSideTranslatorPB.java:175) ~[ozone-manager-1.4.0-SNAPSHOT.jar:?]
	at org.apache.hadoop.hdds.server.OzoneProtocolMessageDispatcher.processRequest(OzoneProtocolMessageDispatcher.java:87) [hdds-server-framework-1.4.0-SNAPSHOT.jar:?]
	at org.apache.hadoop.ozone.protocolPB.OzoneManagerProtocolServerSideTranslatorPB.submitRequest(OzoneManagerProtocolServerSideTranslatorPB.java:148) [ozone-manager-1.4.0-SNAPSHOT.jar:?]
	at org.apache.hadoop.ozone.protocol.proto.OzoneManagerProtocolProtos$OzoneManagerService$2.callBlockingMethod(OzoneManagerProtocolProtos.java) [ozone-interface-client-1.4.0-SNAPSHOT.jar:?]
	at org.apache.hadoop.ipc.ProtobufRpcEngine$Server.processCall(ProtobufRpcEngine.java:484) [hadoop-common-3.3.6.jar:?]
	at org.apache.hadoop.ipc.ProtobufRpcEngine2$Server$ProtoBufRpcInvoker.call(ProtobufRpcEngine2.java:595) [hadoop-common-3.3.6.jar:?]
	at org.apache.hadoop.ipc.ProtobufRpcEngine2$Server$ProtoBufRpcInvoker.call(ProtobufRpcEngine2.java:573) [hadoop-common-3.3.6.jar:?]
	at org.apache.hadoop.ipc.RPC$Server.call(RPC.java:1227) [hadoop-common-3.3.6.jar:?]
	at org.apache.hadoop.ipc.Server$RpcCall.run(Server.java:1094) [hadoop-common-3.3.6.jar:?]
	at org.apache.hadoop.ipc.Server$RpcCall.run(Server.java:1017) [hadoop-common-3.3.6.jar:?]
	at java.security.AccessController.doPrivileged(Native Method) ~[?:1.8.0_382]
	at javax.security.auth.Subject.doAs(Subject.java:422) [?:1.8.0_382]
	at org.apache.hadoop.security.UserGroupInformation.doAs(UserGroupInformation.java:1899) [hadoop-common-3.3.6.jar:?]
	at org.apache.hadoop.ipc.Server$Handler.run(Server.java:3048) [hadoop-common-3.3.6.jar:?]
]]></system-out>
  </testcase>
  <testcase name="testCreateAndCheckRatisFileDiskUsage" classname="TestRootedOzoneFileSystemWithFSO" time="0.113">
    <system-out><![CDATA[2023-09-21 17:50:00,232 [Time-limited test] INFO  rpc.RpcClient (RpcClient.java:createVolume(461)) - Creating Volume: volume63252, with user77091 as owner and space quota set to -1 bytes, counts quota set to -1
2023-09-21 17:50:00,239 [OM StateMachine ApplyTransaction Thread - 0] INFO  volume.OMVolumeCreateRequest (OMVolumeCreateRequest.java:validateAndUpdateCache(196)) - created volume:volume63252 for user:user77091
2023-09-21 17:50:00,240 [Time-limited test] INFO  rpc.RpcClient (RpcClient.java:createBucket(688)) - Creating Bucket: volume63252/bucket72714, with bucket layout FILE_SYSTEM_OPTIMIZED, runner as owner, Versioning false, Storage Type set to DISK and Encryption set to false, Replication Type set to server-side default replication type, Namespace Quota set to -1, Space Quota set to -1 
2023-09-21 17:50:00,242 [OM StateMachine ApplyTransaction Thread - 0] INFO  bucket.OMBucketCreateRequest (OMBucketCreateRequest.java:validateAndUpdateCache(270)) - created bucket: bucket72714 of layout FILE_SYSTEM_OPTIMIZED in volume: volume63252
]]></system-out>
  </testcase>
  <testcase name="testCreateAndCheckRatisFileDiskUsage" classname="TestRootedOzoneFileSystemWithFSO" time="0.106">
    <system-out><![CDATA[2023-09-21 17:51:47,541 [Time-limited test] INFO  rpc.RpcClient (RpcClient.java:createVolume(461)) - Creating Volume: volume55112, with user40952 as owner and space quota set to -1 bytes, counts quota set to -1
2023-09-21 17:51:47,542 [IPC Server handler 2 on default port 15057] INFO  volume.OMVolumeCreateRequest (OMVolumeCreateRequest.java:validateAndUpdateCache(196)) - created volume:volume55112 for user:user40952
2023-09-21 17:51:47,543 [Time-limited test] INFO  rpc.RpcClient (RpcClient.java:createBucket(688)) - Creating Bucket: volume55112/bucket66904, with bucket layout FILE_SYSTEM_OPTIMIZED, runner as owner, Versioning false, Storage Type set to DISK and Encryption set to false, Replication Type set to server-side default replication type, Namespace Quota set to -1, Space Quota set to -1 
2023-09-21 17:51:47,544 [IPC Server handler 4 on default port 15057] INFO  bucket.OMBucketCreateRequest (OMBucketCreateRequest.java:validateAndUpdateCache(270)) - created bucket: bucket66904 of layout FILE_SYSTEM_OPTIMIZED in volume: volume55112
]]></system-out>
  </testcase>
  <testcase name="testGetFileStatusRoot" classname="TestRootedOzoneFileSystemWithFSO" time="0.053">
    <system-out><![CDATA[2023-09-21 17:50:00,355 [Time-limited test] INFO  rpc.RpcClient (RpcClient.java:createVolume(461)) - Creating Volume: volume29327, with user07600 as owner and space quota set to -1 bytes, counts quota set to -1
2023-09-21 17:50:00,359 [OM StateMachine ApplyTransaction Thread - 0] INFO  volume.OMVolumeCreateRequest (OMVolumeCreateRequest.java:validateAndUpdateCache(196)) - created volume:volume29327 for user:user07600
2023-09-21 17:50:00,361 [Time-limited test] INFO  rpc.RpcClient (RpcClient.java:createBucket(688)) - Creating Bucket: volume29327/bucket20366, with bucket layout FILE_SYSTEM_OPTIMIZED, runner as owner, Versioning false, Storage Type set to DISK and Encryption set to false, Replication Type set to server-side default replication type, Namespace Quota set to -1, Space Quota set to -1 
2023-09-21 17:50:00,362 [OM StateMachine ApplyTransaction Thread - 0] INFO  bucket.OMBucketCreateRequest (OMBucketCreateRequest.java:validateAndUpdateCache(270)) - created bucket: bucket20366 of layout FILE_SYSTEM_OPTIMIZED in volume: volume29327
]]></system-out>
  </testcase>
  <testcase name="testGetFileStatusRoot" classname="TestRootedOzoneFileSystemWithFSO" time="0.028">
    <system-out><![CDATA[2023-09-21 17:51:47,653 [Time-limited test] INFO  rpc.RpcClient (RpcClient.java:createVolume(461)) - Creating Volume: volume09421, with user17611 as owner and space quota set to -1 bytes, counts quota set to -1
2023-09-21 17:51:47,654 [IPC Server handler 16 on default port 15057] INFO  volume.OMVolumeCreateRequest (OMVolumeCreateRequest.java:validateAndUpdateCache(196)) - created volume:volume09421 for user:user17611
2023-09-21 17:51:47,655 [Time-limited test] INFO  rpc.RpcClient (RpcClient.java:createBucket(688)) - Creating Bucket: volume09421/bucket67547, with bucket layout FILE_SYSTEM_OPTIMIZED, runner as owner, Versioning false, Storage Type set to DISK and Encryption set to false, Replication Type set to server-side default replication type, Namespace Quota set to -1, Space Quota set to -1 
2023-09-21 17:51:47,656 [IPC Server handler 18 on default port 15057] INFO  bucket.OMBucketCreateRequest (OMBucketCreateRequest.java:validateAndUpdateCache(270)) - created bucket: bucket67547 of layout FILE_SYSTEM_OPTIMIZED in volume: volume09421
]]></system-out>
  </testcase>
  <testcase name="testGetFileStatus" classname="TestRootedOzoneFileSystemWithFSO" time="0.05">
    <system-out><![CDATA[2023-09-21 17:50:00,402 [Time-limited test] INFO  rpc.RpcClient (RpcClient.java:createVolume(461)) - Creating Volume: volume34274, with user92838 as owner and space quota set to -1 bytes, counts quota set to -1
2023-09-21 17:50:00,404 [OM StateMachine ApplyTransaction Thread - 0] INFO  volume.OMVolumeCreateRequest (OMVolumeCreateRequest.java:validateAndUpdateCache(196)) - created volume:volume34274 for user:user92838
2023-09-21 17:50:00,406 [Time-limited test] INFO  rpc.RpcClient (RpcClient.java:createBucket(688)) - Creating Bucket: volume34274/bucket67226, with bucket layout FILE_SYSTEM_OPTIMIZED, runner as owner, Versioning false, Storage Type set to DISK and Encryption set to false, Replication Type set to server-side default replication type, Namespace Quota set to -1, Space Quota set to -1 
2023-09-21 17:50:00,408 [OM StateMachine ApplyTransaction Thread - 0] INFO  bucket.OMBucketCreateRequest (OMBucketCreateRequest.java:validateAndUpdateCache(270)) - created bucket: bucket67226 of layout FILE_SYSTEM_OPTIMIZED in volume: volume34274
2023-09-21 17:50:00,411 [Time-limited test] INFO  rpc.RpcClient (RpcClient.java:createVolume(461)) - Creating Volume: volume-84526, with runner as owner and space quota set to -1 bytes, counts quota set to -1
2023-09-21 17:50:00,412 [OM StateMachine ApplyTransaction Thread - 0] INFO  volume.OMVolumeCreateRequest (OMVolumeCreateRequest.java:validateAndUpdateCache(196)) - created volume:volume-84526 for user:runner
]]></system-out>
  </testcase>
  <testcase name="testGetFileStatus" classname="TestRootedOzoneFileSystemWithFSO" time="0.038">
    <system-out><![CDATA[2023-09-21 17:51:47,682 [Time-limited test] INFO  rpc.RpcClient (RpcClient.java:createVolume(461)) - Creating Volume: volume57445, with user48101 as owner and space quota set to -1 bytes, counts quota set to -1
2023-09-21 17:51:47,683 [IPC Server handler 9 on default port 15057] INFO  volume.OMVolumeCreateRequest (OMVolumeCreateRequest.java:validateAndUpdateCache(196)) - created volume:volume57445 for user:user48101
2023-09-21 17:51:47,684 [Time-limited test] INFO  rpc.RpcClient (RpcClient.java:createBucket(688)) - Creating Bucket: volume57445/bucket57783, with bucket layout FILE_SYSTEM_OPTIMIZED, runner as owner, Versioning false, Storage Type set to DISK and Encryption set to false, Replication Type set to server-side default replication type, Namespace Quota set to -1, Space Quota set to -1 
2023-09-21 17:51:47,684 [IPC Server handler 16 on default port 15057] INFO  bucket.OMBucketCreateRequest (OMBucketCreateRequest.java:validateAndUpdateCache(270)) - created bucket: bucket57783 of layout FILE_SYSTEM_OPTIMIZED in volume: volume57445
2023-09-21 17:51:47,687 [Time-limited test] INFO  rpc.RpcClient (RpcClient.java:createVolume(461)) - Creating Volume: volume-12614, with runner as owner and space quota set to -1 bytes, counts quota set to -1
2023-09-21 17:51:47,688 [IPC Server handler 15 on default port 15057] INFO  volume.OMVolumeCreateRequest (OMVolumeCreateRequest.java:validateAndUpdateCache(196)) - created volume:volume-12614 for user:runner
]]></system-out>
  </testcase>
  <testcase name="testListStatusRootAndVolumeContinuation" classname="TestRootedOzoneFileSystemWithFSO" time="0">
    <skipped type="org.junit.AssumptionViolatedException"><![CDATA[org.junit.AssumptionViolatedException: FS Path is enabled. Skipping this test as it is not tuned for FS Path yet
	at org.junit.Assume.assumeTrue(Assume.java:68)
	at org.apache.hadoop.fs.ozone.TestRootedOzoneFileSystem.testListStatusRootAndVolumeContinuation(TestRootedOzoneFileSystem.java:1197)
	at sun.reflect.NativeMethodAccessorImpl.invoke0(Native Method)
	at sun.reflect.NativeMethodAccessorImpl.invoke(NativeMethodAccessorImpl.java:62)
	at sun.reflect.DelegatingMethodAccessorImpl.invoke(DelegatingMethodAccessorImpl.java:43)
	at java.lang.reflect.Method.invoke(Method.java:498)
	at org.junit.runners.model.FrameworkMethod$1.runReflectiveCall(FrameworkMethod.java:59)
	at org.junit.internal.runners.model.ReflectiveCallable.run(ReflectiveCallable.java:12)
	at org.junit.runners.model.FrameworkMethod.invokeExplosively(FrameworkMethod.java:56)
	at org.junit.internal.runners.statements.InvokeMethod.evaluate(InvokeMethod.java:17)
	at org.junit.internal.runners.statements.RunBefores.evaluate(RunBefores.java:26)
	at org.junit.internal.runners.statements.RunAfters.evaluate(RunAfters.java:27)
	at org.junit.internal.runners.statements.FailOnTimeout$CallableStatement.call(FailOnTimeout.java:288)
	at org.junit.internal.runners.statements.FailOnTimeout$CallableStatement.call(FailOnTimeout.java:282)
	at java.util.concurrent.FutureTask.run(FutureTask.java:266)
	at java.lang.Thread.run(Thread.java:750)
]]></skipped>
    <system-out><![CDATA[2023-09-21 17:50:00,451 [Time-limited test] INFO  rpc.RpcClient (RpcClient.java:createVolume(461)) - Creating Volume: volume93215, with user78318 as owner and space quota set to -1 bytes, counts quota set to -1
2023-09-21 17:50:00,452 [OM StateMachine ApplyTransaction Thread - 0] INFO  volume.OMVolumeCreateRequest (OMVolumeCreateRequest.java:validateAndUpdateCache(196)) - created volume:volume93215 for user:user78318
2023-09-21 17:50:00,454 [Time-limited test] INFO  rpc.RpcClient (RpcClient.java:createBucket(688)) - Creating Bucket: volume93215/bucket75884, with bucket layout FILE_SYSTEM_OPTIMIZED, runner as owner, Versioning false, Storage Type set to DISK and Encryption set to false, Replication Type set to server-side default replication type, Namespace Quota set to -1, Space Quota set to -1 
2023-09-21 17:50:00,455 [OM StateMachine ApplyTransaction Thread - 0] INFO  bucket.OMBucketCreateRequest (OMBucketCreateRequest.java:validateAndUpdateCache(270)) - created bucket: bucket75884 of layout FILE_SYSTEM_OPTIMIZED in volume: volume93215
]]></system-out>
  </testcase>
  <testcase name="testListStatusRootAndVolumeContinuation" classname="TestRootedOzoneFileSystemWithFSO" time="0">
    <skipped type="org.junit.AssumptionViolatedException"><![CDATA[org.junit.AssumptionViolatedException: FS Path is enabled. Skipping this test as it is not tuned for FS Path yet
	at org.junit.Assume.assumeTrue(Assume.java:68)
	at org.apache.hadoop.fs.ozone.TestRootedOzoneFileSystem.testListStatusRootAndVolumeContinuation(TestRootedOzoneFileSystem.java:1197)
	at sun.reflect.NativeMethodAccessorImpl.invoke0(Native Method)
	at sun.reflect.NativeMethodAccessorImpl.invoke(NativeMethodAccessorImpl.java:62)
	at sun.reflect.DelegatingMethodAccessorImpl.invoke(DelegatingMethodAccessorImpl.java:43)
	at java.lang.reflect.Method.invoke(Method.java:498)
	at org.junit.runners.model.FrameworkMethod$1.runReflectiveCall(FrameworkMethod.java:59)
	at org.junit.internal.runners.model.ReflectiveCallable.run(ReflectiveCallable.java:12)
	at org.junit.runners.model.FrameworkMethod.invokeExplosively(FrameworkMethod.java:56)
	at org.junit.internal.runners.statements.InvokeMethod.evaluate(InvokeMethod.java:17)
	at org.junit.internal.runners.statements.RunBefores.evaluate(RunBefores.java:26)
	at org.junit.internal.runners.statements.RunAfters.evaluate(RunAfters.java:27)
	at org.junit.internal.runners.statements.FailOnTimeout$CallableStatement.call(FailOnTimeout.java:288)
	at org.junit.internal.runners.statements.FailOnTimeout$CallableStatement.call(FailOnTimeout.java:282)
	at java.util.concurrent.FutureTask.run(FutureTask.java:266)
	at java.lang.Thread.run(Thread.java:750)
]]></skipped>
    <system-out><![CDATA[2023-09-21 17:51:47,727 [Time-limited test] INFO  rpc.RpcClient (RpcClient.java:createVolume(461)) - Creating Volume: volume20112, with user29110 as owner and space quota set to -1 bytes, counts quota set to -1
2023-09-21 17:51:47,729 [IPC Server handler 16 on default port 15057] INFO  volume.OMVolumeCreateRequest (OMVolumeCreateRequest.java:validateAndUpdateCache(196)) - created volume:volume20112 for user:user29110
2023-09-21 17:51:47,730 [Time-limited test] INFO  rpc.RpcClient (RpcClient.java:createBucket(688)) - Creating Bucket: volume20112/bucket04186, with bucket layout FILE_SYSTEM_OPTIMIZED, runner as owner, Versioning false, Storage Type set to DISK and Encryption set to false, Replication Type set to server-side default replication type, Namespace Quota set to -1, Space Quota set to -1 
2023-09-21 17:51:47,731 [IPC Server handler 18 on default port 15057] INFO  bucket.OMBucketCreateRequest (OMBucketCreateRequest.java:validateAndUpdateCache(270)) - created bucket: bucket04186 of layout FILE_SYSTEM_OPTIMIZED in volume: volume20112
]]></system-out>
  </testcase>
  <testcase name="testDeleteVolumeBucketAndKey" classname="TestRootedOzoneFileSystemWithFSO" time="0.108">
    <system-out><![CDATA[2023-09-21 17:50:00,518 [Time-limited test] INFO  rpc.RpcClient (RpcClient.java:createVolume(461)) - Creating Volume: volume96495, with user76000 as owner and space quota set to -1 bytes, counts quota set to -1
2023-09-21 17:50:00,520 [OM StateMachine ApplyTransaction Thread - 0] INFO  volume.OMVolumeCreateRequest (OMVolumeCreateRequest.java:validateAndUpdateCache(196)) - created volume:volume96495 for user:user76000
2023-09-21 17:50:00,525 [Time-limited test] INFO  rpc.RpcClient (RpcClient.java:createBucket(688)) - Creating Bucket: volume96495/bucket88205, with bucket layout FILE_SYSTEM_OPTIMIZED, runner as owner, Versioning false, Storage Type set to DISK and Encryption set to false, Replication Type set to server-side default replication type, Namespace Quota set to -1, Space Quota set to -1 
2023-09-21 17:50:00,528 [OM StateMachine ApplyTransaction Thread - 0] INFO  bucket.OMBucketCreateRequest (OMBucketCreateRequest.java:validateAndUpdateCache(270)) - created bucket: bucket88205 of layout FILE_SYSTEM_OPTIMIZED in volume: volume96495
17:50:00.530 [IPC Server handler 12 on default port 15004] ERROR OMAudit - user=runner | ip=127.0.0.1 | op=READ_BUCKET {volume=volume-12071, bucket=bucket3} | ret=FAILURE
org.apache.hadoop.ozone.om.exceptions.OMException: Volume not found when getting bucket info
	at org.apache.hadoop.ozone.om.BucketManagerImpl.getBucketInfo(BucketManagerImpl.java:81) ~[ozone-manager-1.4.0-SNAPSHOT.jar:?]
	at org.apache.hadoop.ozone.om.OzoneManager.getBucketInfo(OzoneManager.java:2795) ~[ozone-manager-1.4.0-SNAPSHOT.jar:?]
	at org.apache.hadoop.ozone.protocolPB.OzoneManagerRequestHandler.infoBucket(OzoneManagerRequestHandler.java:545) ~[ozone-manager-1.4.0-SNAPSHOT.jar:?]
	at org.apache.hadoop.ozone.protocolPB.OzoneManagerRequestHandler.handleReadRequest(OzoneManagerRequestHandler.java:200) ~[ozone-manager-1.4.0-SNAPSHOT.jar:?]
	at org.apache.hadoop.ozone.protocolPB.OzoneManagerProtocolServerSideTranslatorPB.submitReadRequestToOM(OzoneManagerProtocolServerSideTranslatorPB.java:225) ~[ozone-manager-1.4.0-SNAPSHOT.jar:?]
	at org.apache.hadoop.ozone.protocolPB.OzoneManagerProtocolServerSideTranslatorPB.processRequest(OzoneManagerProtocolServerSideTranslatorPB.java:179) ~[ozone-manager-1.4.0-SNAPSHOT.jar:?]
	at org.apache.hadoop.hdds.server.OzoneProtocolMessageDispatcher.processRequest(OzoneProtocolMessageDispatcher.java:87) [hdds-server-framework-1.4.0-SNAPSHOT.jar:?]
	at org.apache.hadoop.ozone.protocolPB.OzoneManagerProtocolServerSideTranslatorPB.submitRequest(OzoneManagerProtocolServerSideTranslatorPB.java:148) [ozone-manager-1.4.0-SNAPSHOT.jar:?]
	at org.apache.hadoop.ozone.protocol.proto.OzoneManagerProtocolProtos$OzoneManagerService$2.callBlockingMethod(OzoneManagerProtocolProtos.java) [ozone-interface-client-1.4.0-SNAPSHOT.jar:?]
	at org.apache.hadoop.ipc.ProtobufRpcEngine$Server.processCall(ProtobufRpcEngine.java:484) [hadoop-common-3.3.6.jar:?]
	at org.apache.hadoop.ipc.ProtobufRpcEngine2$Server$ProtoBufRpcInvoker.call(ProtobufRpcEngine2.java:595) [hadoop-common-3.3.6.jar:?]
	at org.apache.hadoop.ipc.ProtobufRpcEngine2$Server$ProtoBufRpcInvoker.call(ProtobufRpcEngine2.java:573) [hadoop-common-3.3.6.jar:?]
	at org.apache.hadoop.ipc.RPC$Server.call(RPC.java:1227) [hadoop-common-3.3.6.jar:?]
	at org.apache.hadoop.ipc.Server$RpcCall.run(Server.java:1094) [hadoop-common-3.3.6.jar:?]
	at org.apache.hadoop.ipc.Server$RpcCall.run(Server.java:1017) [hadoop-common-3.3.6.jar:?]
	at java.security.AccessController.doPrivileged(Native Method) ~[?:1.8.0_382]
	at javax.security.auth.Subject.doAs(Subject.java:422) [?:1.8.0_382]
	at org.apache.hadoop.security.UserGroupInformation.doAs(UserGroupInformation.java:1899) [hadoop-common-3.3.6.jar:?]
	at org.apache.hadoop.ipc.Server$Handler.run(Server.java:3048) [hadoop-common-3.3.6.jar:?]
2023-09-21 17:50:00,531 [Time-limited test] INFO  rpc.RpcClient (RpcClient.java:createVolume(461)) - Creating Volume: volume-12071, with runner as owner and space quota set to -1 bytes, counts quota set to -1
2023-09-21 17:50:00,535 [OM StateMachine ApplyTransaction Thread - 0] INFO  volume.OMVolumeCreateRequest (OMVolumeCreateRequest.java:validateAndUpdateCache(196)) - created volume:volume-12071 for user:runner
2023-09-21 17:50:00,537 [Time-limited test] INFO  rpc.RpcClient (RpcClient.java:createBucket(688)) - Creating Bucket: volume-12071/bucket3, with bucket layout FILE_SYSTEM_OPTIMIZED, runner as owner, Versioning false, Storage Type set to DISK and Encryption set to false, Replication Type set to server-side default replication type, Namespace Quota set to -1, Space Quota set to -1 
2023-09-21 17:50:00,539 [OM StateMachine ApplyTransaction Thread - 0] INFO  bucket.OMBucketCreateRequest (OMBucketCreateRequest.java:validateAndUpdateCache(270)) - created bucket: bucket3 of layout FILE_SYSTEM_OPTIMIZED in volume: volume-12071
17:50:00.545 [OM StateMachine ApplyTransaction Thread - 0] ERROR OMAudit - user=runner | ip=127.0.0.1 | op=DELETE_VOLUME {volume=volume-12071} | ret=FAILURE
org.apache.hadoop.ozone.om.exceptions.OMException: null
	at org.apache.hadoop.ozone.om.request.volume.OMVolumeDeleteRequest.validateAndUpdateCache(OMVolumeDeleteRequest.java:121) ~[ozone-manager-1.4.0-SNAPSHOT.jar:?]
	at org.apache.hadoop.ozone.protocolPB.OzoneManagerRequestHandler.handleWriteRequest(OzoneManagerRequestHandler.java:373) ~[ozone-manager-1.4.0-SNAPSHOT.jar:?]
	at org.apache.hadoop.ozone.om.ratis.OzoneManagerStateMachine.runCommand(OzoneManagerStateMachine.java:568) ~[ozone-manager-1.4.0-SNAPSHOT.jar:?]
	at org.apache.hadoop.ozone.om.ratis.OzoneManagerStateMachine.lambda$1(OzoneManagerStateMachine.java:359) ~[ozone-manager-1.4.0-SNAPSHOT.jar:?]
	at java.util.concurrent.CompletableFuture$AsyncSupply.run(CompletableFuture.java:1604) [?:1.8.0_382]
	at java.util.concurrent.ThreadPoolExecutor.runWorker(ThreadPoolExecutor.java:1149) [?:1.8.0_382]
	at java.util.concurrent.ThreadPoolExecutor$Worker.run(ThreadPoolExecutor.java:624) [?:1.8.0_382]
	at java.lang.Thread.run(Thread.java:750) [?:1.8.0_382]
2023-09-21 17:50:00,546 [OM StateMachine ApplyTransaction Thread - 0] ERROR volume.OMVolumeDeleteRequest (OMVolumeDeleteRequest.java:validateAndUpdateCache(168)) - Volume deletion failed for user:runner volume:volume-12071
VOLUME_NOT_EMPTY org.apache.hadoop.ozone.om.exceptions.OMException
	at org.apache.hadoop.ozone.om.request.volume.OMVolumeDeleteRequest.validateAndUpdateCache(OMVolumeDeleteRequest.java:121)
	at org.apache.hadoop.ozone.protocolPB.OzoneManagerRequestHandler.handleWriteRequest(OzoneManagerRequestHandler.java:373)
	at org.apache.hadoop.ozone.om.ratis.OzoneManagerStateMachine.runCommand(OzoneManagerStateMachine.java:568)
	at org.apache.hadoop.ozone.om.ratis.OzoneManagerStateMachine.lambda$1(OzoneManagerStateMachine.java:359)
	at java.util.concurrent.CompletableFuture$AsyncSupply.run(CompletableFuture.java:1604)
	at java.util.concurrent.ThreadPoolExecutor.runWorker(ThreadPoolExecutor.java:1149)
	at java.util.concurrent.ThreadPoolExecutor$Worker.run(ThreadPoolExecutor.java:624)
	at java.lang.Thread.run(Thread.java:750)
17:50:00.581 [IPC Server handler 11 on default port 15004] ERROR OMAudit - user=runner | ip=127.0.0.1 | op=READ_VOLUME {volume=volume-12071} | ret=FAILURE
org.apache.hadoop.ozone.om.exceptions.OMException: Volume volume-12071 is not found
	at org.apache.hadoop.ozone.om.VolumeManagerImpl.getVolumeInfo(VolumeManagerImpl.java:61) ~[ozone-manager-1.4.0-SNAPSHOT.jar:?]
	at org.apache.hadoop.ozone.om.OzoneManager.getVolumeInfo(OzoneManager.java:2613) ~[ozone-manager-1.4.0-SNAPSHOT.jar:?]
	at org.apache.hadoop.ozone.protocolPB.OzoneManagerRequestHandler.infoVolume(OzoneManagerRequestHandler.java:471) ~[ozone-manager-1.4.0-SNAPSHOT.jar:?]
	at org.apache.hadoop.ozone.protocolPB.OzoneManagerRequestHandler.handleReadRequest(OzoneManagerRequestHandler.java:190) ~[ozone-manager-1.4.0-SNAPSHOT.jar:?]
	at org.apache.hadoop.ozone.protocolPB.OzoneManagerProtocolServerSideTranslatorPB.submitReadRequestToOM(OzoneManagerProtocolServerSideTranslatorPB.java:225) ~[ozone-manager-1.4.0-SNAPSHOT.jar:?]
	at org.apache.hadoop.ozone.protocolPB.OzoneManagerProtocolServerSideTranslatorPB.processRequest(OzoneManagerProtocolServerSideTranslatorPB.java:179) ~[ozone-manager-1.4.0-SNAPSHOT.jar:?]
	at org.apache.hadoop.hdds.server.OzoneProtocolMessageDispatcher.processRequest(OzoneProtocolMessageDispatcher.java:87) [hdds-server-framework-1.4.0-SNAPSHOT.jar:?]
	at org.apache.hadoop.ozone.protocolPB.OzoneManagerProtocolServerSideTranslatorPB.submitRequest(OzoneManagerProtocolServerSideTranslatorPB.java:148) [ozone-manager-1.4.0-SNAPSHOT.jar:?]
	at org.apache.hadoop.ozone.protocol.proto.OzoneManagerProtocolProtos$OzoneManagerService$2.callBlockingMethod(OzoneManagerProtocolProtos.java) [ozone-interface-client-1.4.0-SNAPSHOT.jar:?]
	at org.apache.hadoop.ipc.ProtobufRpcEngine$Server.processCall(ProtobufRpcEngine.java:484) [hadoop-common-3.3.6.jar:?]
	at org.apache.hadoop.ipc.ProtobufRpcEngine2$Server$ProtoBufRpcInvoker.call(ProtobufRpcEngine2.java:595) [hadoop-common-3.3.6.jar:?]
	at org.apache.hadoop.ipc.ProtobufRpcEngine2$Server$ProtoBufRpcInvoker.call(ProtobufRpcEngine2.java:573) [hadoop-common-3.3.6.jar:?]
	at org.apache.hadoop.ipc.RPC$Server.call(RPC.java:1227) [hadoop-common-3.3.6.jar:?]
	at org.apache.hadoop.ipc.Server$RpcCall.run(Server.java:1094) [hadoop-common-3.3.6.jar:?]
	at org.apache.hadoop.ipc.Server$RpcCall.run(Server.java:1017) [hadoop-common-3.3.6.jar:?]
	at java.security.AccessController.doPrivileged(Native Method) ~[?:1.8.0_382]
	at javax.security.auth.Subject.doAs(Subject.java:422) [?:1.8.0_382]
	at org.apache.hadoop.security.UserGroupInformation.doAs(UserGroupInformation.java:1899) [hadoop-common-3.3.6.jar:?]
	at org.apache.hadoop.ipc.Server$Handler.run(Server.java:3048) [hadoop-common-3.3.6.jar:?]
]]></system-out>
  </testcase>
  <testcase name="testDeleteVolumeBucketAndKey" classname="TestRootedOzoneFileSystemWithFSO" time="0.062">
    <system-out><![CDATA[2023-09-21 17:51:47,761 [Time-limited test] INFO  rpc.RpcClient (RpcClient.java:createVolume(461)) - Creating Volume: volume03133, with user04850 as owner and space quota set to -1 bytes, counts quota set to -1
2023-09-21 17:51:47,762 [IPC Server handler 9 on default port 15057] INFO  volume.OMVolumeCreateRequest (OMVolumeCreateRequest.java:validateAndUpdateCache(196)) - created volume:volume03133 for user:user04850
2023-09-21 17:51:47,763 [Time-limited test] INFO  rpc.RpcClient (RpcClient.java:createBucket(688)) - Creating Bucket: volume03133/bucket78876, with bucket layout FILE_SYSTEM_OPTIMIZED, runner as owner, Versioning false, Storage Type set to DISK and Encryption set to false, Replication Type set to server-side default replication type, Namespace Quota set to -1, Space Quota set to -1 
2023-09-21 17:51:47,764 [IPC Server handler 16 on default port 15057] INFO  bucket.OMBucketCreateRequest (OMBucketCreateRequest.java:validateAndUpdateCache(270)) - created bucket: bucket78876 of layout FILE_SYSTEM_OPTIMIZED in volume: volume03133
17:51:47.766 [IPC Server handler 15 on default port 15057] ERROR OMAudit - user=runner | ip=127.0.0.1 | op=READ_BUCKET {volume=volume-85732, bucket=bucket3} | ret=FAILURE
org.apache.hadoop.ozone.om.exceptions.OMException: Volume not found when getting bucket info
	at org.apache.hadoop.ozone.om.BucketManagerImpl.getBucketInfo(BucketManagerImpl.java:81) ~[ozone-manager-1.4.0-SNAPSHOT.jar:?]
	at org.apache.hadoop.ozone.om.OzoneManager.getBucketInfo(OzoneManager.java:2795) ~[ozone-manager-1.4.0-SNAPSHOT.jar:?]
	at org.apache.hadoop.ozone.protocolPB.OzoneManagerRequestHandler.infoBucket(OzoneManagerRequestHandler.java:545) ~[ozone-manager-1.4.0-SNAPSHOT.jar:?]
	at org.apache.hadoop.ozone.protocolPB.OzoneManagerRequestHandler.handleReadRequest(OzoneManagerRequestHandler.java:200) ~[ozone-manager-1.4.0-SNAPSHOT.jar:?]
	at org.apache.hadoop.ozone.protocolPB.OzoneManagerProtocolServerSideTranslatorPB.submitRequestDirectlyToOM(OzoneManagerProtocolServerSideTranslatorPB.java:274) ~[ozone-manager-1.4.0-SNAPSHOT.jar:?]
	at org.apache.hadoop.ozone.protocolPB.OzoneManagerProtocolServerSideTranslatorPB.processRequest(OzoneManagerProtocolServerSideTranslatorPB.java:175) ~[ozone-manager-1.4.0-SNAPSHOT.jar:?]
	at org.apache.hadoop.hdds.server.OzoneProtocolMessageDispatcher.processRequest(OzoneProtocolMessageDispatcher.java:87) [hdds-server-framework-1.4.0-SNAPSHOT.jar:?]
	at org.apache.hadoop.ozone.protocolPB.OzoneManagerProtocolServerSideTranslatorPB.submitRequest(OzoneManagerProtocolServerSideTranslatorPB.java:148) [ozone-manager-1.4.0-SNAPSHOT.jar:?]
	at org.apache.hadoop.ozone.protocol.proto.OzoneManagerProtocolProtos$OzoneManagerService$2.callBlockingMethod(OzoneManagerProtocolProtos.java) [ozone-interface-client-1.4.0-SNAPSHOT.jar:?]
	at org.apache.hadoop.ipc.ProtobufRpcEngine$Server.processCall(ProtobufRpcEngine.java:484) [hadoop-common-3.3.6.jar:?]
	at org.apache.hadoop.ipc.ProtobufRpcEngine2$Server$ProtoBufRpcInvoker.call(ProtobufRpcEngine2.java:595) [hadoop-common-3.3.6.jar:?]
	at org.apache.hadoop.ipc.ProtobufRpcEngine2$Server$ProtoBufRpcInvoker.call(ProtobufRpcEngine2.java:573) [hadoop-common-3.3.6.jar:?]
	at org.apache.hadoop.ipc.RPC$Server.call(RPC.java:1227) [hadoop-common-3.3.6.jar:?]
	at org.apache.hadoop.ipc.Server$RpcCall.run(Server.java:1094) [hadoop-common-3.3.6.jar:?]
	at org.apache.hadoop.ipc.Server$RpcCall.run(Server.java:1017) [hadoop-common-3.3.6.jar:?]
	at java.security.AccessController.doPrivileged(Native Method) ~[?:1.8.0_382]
	at javax.security.auth.Subject.doAs(Subject.java:422) [?:1.8.0_382]
	at org.apache.hadoop.security.UserGroupInformation.doAs(UserGroupInformation.java:1899) [hadoop-common-3.3.6.jar:?]
	at org.apache.hadoop.ipc.Server$Handler.run(Server.java:3048) [hadoop-common-3.3.6.jar:?]
2023-09-21 17:51:47,767 [Time-limited test] INFO  rpc.RpcClient (RpcClient.java:createVolume(461)) - Creating Volume: volume-85732, with runner as owner and space quota set to -1 bytes, counts quota set to -1
2023-09-21 17:51:47,767 [IPC Server handler 13 on default port 15057] INFO  volume.OMVolumeCreateRequest (OMVolumeCreateRequest.java:validateAndUpdateCache(196)) - created volume:volume-85732 for user:runner
2023-09-21 17:51:47,768 [Time-limited test] INFO  rpc.RpcClient (RpcClient.java:createBucket(688)) - Creating Bucket: volume-85732/bucket3, with bucket layout FILE_SYSTEM_OPTIMIZED, runner as owner, Versioning false, Storage Type set to DISK and Encryption set to false, Replication Type set to server-side default replication type, Namespace Quota set to -1, Space Quota set to -1 
2023-09-21 17:51:47,770 [IPC Server handler 3 on default port 15057] INFO  bucket.OMBucketCreateRequest (OMBucketCreateRequest.java:validateAndUpdateCache(270)) - created bucket: bucket3 of layout FILE_SYSTEM_OPTIMIZED in volume: volume-85732
17:51:47.774 [IPC Server handler 2 on default port 15057] ERROR OMAudit - user=runner | ip=127.0.0.1 | op=DELETE_VOLUME {volume=volume-85732} | ret=FAILURE
org.apache.hadoop.ozone.om.exceptions.OMException: null
	at org.apache.hadoop.ozone.om.request.volume.OMVolumeDeleteRequest.validateAndUpdateCache(OMVolumeDeleteRequest.java:121) ~[ozone-manager-1.4.0-SNAPSHOT.jar:?]
	at org.apache.hadoop.ozone.protocolPB.OzoneManagerRequestHandler.handleWriteRequest(OzoneManagerRequestHandler.java:373) ~[ozone-manager-1.4.0-SNAPSHOT.jar:?]
	at org.apache.hadoop.ozone.protocolPB.OzoneManagerProtocolServerSideTranslatorPB.submitRequestDirectlyToOM(OzoneManagerProtocolServerSideTranslatorPB.java:280) ~[ozone-manager-1.4.0-SNAPSHOT.jar:?]
	at org.apache.hadoop.ozone.protocolPB.OzoneManagerProtocolServerSideTranslatorPB.processRequest(OzoneManagerProtocolServerSideTranslatorPB.java:175) ~[ozone-manager-1.4.0-SNAPSHOT.jar:?]
	at org.apache.hadoop.hdds.server.OzoneProtocolMessageDispatcher.processRequest(OzoneProtocolMessageDispatcher.java:87) [hdds-server-framework-1.4.0-SNAPSHOT.jar:?]
	at org.apache.hadoop.ozone.protocolPB.OzoneManagerProtocolServerSideTranslatorPB.submitRequest(OzoneManagerProtocolServerSideTranslatorPB.java:148) [ozone-manager-1.4.0-SNAPSHOT.jar:?]
	at org.apache.hadoop.ozone.protocol.proto.OzoneManagerProtocolProtos$OzoneManagerService$2.callBlockingMethod(OzoneManagerProtocolProtos.java) [ozone-interface-client-1.4.0-SNAPSHOT.jar:?]
	at org.apache.hadoop.ipc.ProtobufRpcEngine$Server.processCall(ProtobufRpcEngine.java:484) [hadoop-common-3.3.6.jar:?]
	at org.apache.hadoop.ipc.ProtobufRpcEngine2$Server$ProtoBufRpcInvoker.call(ProtobufRpcEngine2.java:595) [hadoop-common-3.3.6.jar:?]
	at org.apache.hadoop.ipc.ProtobufRpcEngine2$Server$ProtoBufRpcInvoker.call(ProtobufRpcEngine2.java:573) [hadoop-common-3.3.6.jar:?]
	at org.apache.hadoop.ipc.RPC$Server.call(RPC.java:1227) [hadoop-common-3.3.6.jar:?]
	at org.apache.hadoop.ipc.Server$RpcCall.run(Server.java:1094) [hadoop-common-3.3.6.jar:?]
	at org.apache.hadoop.ipc.Server$RpcCall.run(Server.java:1017) [hadoop-common-3.3.6.jar:?]
	at java.security.AccessController.doPrivileged(Native Method) ~[?:1.8.0_382]
	at javax.security.auth.Subject.doAs(Subject.java:422) [?:1.8.0_382]
	at org.apache.hadoop.security.UserGroupInformation.doAs(UserGroupInformation.java:1899) [hadoop-common-3.3.6.jar:?]
	at org.apache.hadoop.ipc.Server$Handler.run(Server.java:3048) [hadoop-common-3.3.6.jar:?]
2023-09-21 17:51:47,774 [IPC Server handler 2 on default port 15057] ERROR volume.OMVolumeDeleteRequest (OMVolumeDeleteRequest.java:validateAndUpdateCache(168)) - Volume deletion failed for user:runner volume:volume-85732
VOLUME_NOT_EMPTY org.apache.hadoop.ozone.om.exceptions.OMException
	at org.apache.hadoop.ozone.om.request.volume.OMVolumeDeleteRequest.validateAndUpdateCache(OMVolumeDeleteRequest.java:121)
	at org.apache.hadoop.ozone.protocolPB.OzoneManagerRequestHandler.handleWriteRequest(OzoneManagerRequestHandler.java:373)
	at org.apache.hadoop.ozone.protocolPB.OzoneManagerProtocolServerSideTranslatorPB.submitRequestDirectlyToOM(OzoneManagerProtocolServerSideTranslatorPB.java:280)
	at org.apache.hadoop.ozone.protocolPB.OzoneManagerProtocolServerSideTranslatorPB.processRequest(OzoneManagerProtocolServerSideTranslatorPB.java:175)
	at org.apache.hadoop.hdds.server.OzoneProtocolMessageDispatcher.processRequest(OzoneProtocolMessageDispatcher.java:87)
	at org.apache.hadoop.ozone.protocolPB.OzoneManagerProtocolServerSideTranslatorPB.submitRequest(OzoneManagerProtocolServerSideTranslatorPB.java:148)
	at org.apache.hadoop.ozone.protocol.proto.OzoneManagerProtocolProtos$OzoneManagerService$2.callBlockingMethod(OzoneManagerProtocolProtos.java)
	at org.apache.hadoop.ipc.ProtobufRpcEngine$Server.processCall(ProtobufRpcEngine.java:484)
	at org.apache.hadoop.ipc.ProtobufRpcEngine2$Server$ProtoBufRpcInvoker.call(ProtobufRpcEngine2.java:595)
	at org.apache.hadoop.ipc.ProtobufRpcEngine2$Server$ProtoBufRpcInvoker.call(ProtobufRpcEngine2.java:573)
	at org.apache.hadoop.ipc.RPC$Server.call(RPC.java:1227)
	at org.apache.hadoop.ipc.Server$RpcCall.run(Server.java:1094)
	at org.apache.hadoop.ipc.Server$RpcCall.run(Server.java:1017)
	at java.security.AccessController.doPrivileged(Native Method)
	at javax.security.auth.Subject.doAs(Subject.java:422)
	at org.apache.hadoop.security.UserGroupInformation.doAs(UserGroupInformation.java:1899)
	at org.apache.hadoop.ipc.Server$Handler.run(Server.java:3048)
17:51:47.797 [IPC Server handler 16 on default port 15057] ERROR OMAudit - user=runner | ip=127.0.0.1 | op=READ_VOLUME {volume=volume-85732} | ret=FAILURE
org.apache.hadoop.ozone.om.exceptions.OMException: Volume volume-85732 is not found
	at org.apache.hadoop.ozone.om.VolumeManagerImpl.getVolumeInfo(VolumeManagerImpl.java:61) ~[ozone-manager-1.4.0-SNAPSHOT.jar:?]
	at org.apache.hadoop.ozone.om.OzoneManager.getVolumeInfo(OzoneManager.java:2613) ~[ozone-manager-1.4.0-SNAPSHOT.jar:?]
	at org.apache.hadoop.ozone.protocolPB.OzoneManagerRequestHandler.infoVolume(OzoneManagerRequestHandler.java:471) ~[ozone-manager-1.4.0-SNAPSHOT.jar:?]
	at org.apache.hadoop.ozone.protocolPB.OzoneManagerRequestHandler.handleReadRequest(OzoneManagerRequestHandler.java:190) ~[ozone-manager-1.4.0-SNAPSHOT.jar:?]
	at org.apache.hadoop.ozone.protocolPB.OzoneManagerProtocolServerSideTranslatorPB.submitRequestDirectlyToOM(OzoneManagerProtocolServerSideTranslatorPB.java:274) ~[ozone-manager-1.4.0-SNAPSHOT.jar:?]
	at org.apache.hadoop.ozone.protocolPB.OzoneManagerProtocolServerSideTranslatorPB.processRequest(OzoneManagerProtocolServerSideTranslatorPB.java:175) ~[ozone-manager-1.4.0-SNAPSHOT.jar:?]
	at org.apache.hadoop.hdds.server.OzoneProtocolMessageDispatcher.processRequest(OzoneProtocolMessageDispatcher.java:87) [hdds-server-framework-1.4.0-SNAPSHOT.jar:?]
	at org.apache.hadoop.ozone.protocolPB.OzoneManagerProtocolServerSideTranslatorPB.submitRequest(OzoneManagerProtocolServerSideTranslatorPB.java:148) [ozone-manager-1.4.0-SNAPSHOT.jar:?]
	at org.apache.hadoop.ozone.protocol.proto.OzoneManagerProtocolProtos$OzoneManagerService$2.callBlockingMethod(OzoneManagerProtocolProtos.java) [ozone-interface-client-1.4.0-SNAPSHOT.jar:?]
	at org.apache.hadoop.ipc.ProtobufRpcEngine$Server.processCall(ProtobufRpcEngine.java:484) [hadoop-common-3.3.6.jar:?]
	at org.apache.hadoop.ipc.ProtobufRpcEngine2$Server$ProtoBufRpcInvoker.call(ProtobufRpcEngine2.java:595) [hadoop-common-3.3.6.jar:?]
	at org.apache.hadoop.ipc.ProtobufRpcEngine2$Server$ProtoBufRpcInvoker.call(ProtobufRpcEngine2.java:573) [hadoop-common-3.3.6.jar:?]
	at org.apache.hadoop.ipc.RPC$Server.call(RPC.java:1227) [hadoop-common-3.3.6.jar:?]
	at org.apache.hadoop.ipc.Server$RpcCall.run(Server.java:1094) [hadoop-common-3.3.6.jar:?]
	at org.apache.hadoop.ipc.Server$RpcCall.run(Server.java:1017) [hadoop-common-3.3.6.jar:?]
	at java.security.AccessController.doPrivileged(Native Method) ~[?:1.8.0_382]
	at javax.security.auth.Subject.doAs(Subject.java:422) [?:1.8.0_382]
	at org.apache.hadoop.security.UserGroupInformation.doAs(UserGroupInformation.java:1899) [hadoop-common-3.3.6.jar:?]
	at org.apache.hadoop.ipc.Server$Handler.run(Server.java:3048) [hadoop-common-3.3.6.jar:?]
]]></system-out>
  </testcase>
  <testcase name="testRenameToParentDir" classname="TestRootedOzoneFileSystemWithFSO" time="0.093">
    <system-out><![CDATA[2023-09-21 17:50:00,627 [Time-limited test] INFO  rpc.RpcClient (RpcClient.java:createVolume(461)) - Creating Volume: volume05717, with user14827 as owner and space quota set to -1 bytes, counts quota set to -1
2023-09-21 17:50:00,630 [OM StateMachine ApplyTransaction Thread - 0] INFO  volume.OMVolumeCreateRequest (OMVolumeCreateRequest.java:validateAndUpdateCache(196)) - created volume:volume05717 for user:user14827
2023-09-21 17:50:00,632 [Time-limited test] INFO  rpc.RpcClient (RpcClient.java:createBucket(688)) - Creating Bucket: volume05717/bucket81872, with bucket layout FILE_SYSTEM_OPTIMIZED, runner as owner, Versioning false, Storage Type set to DISK and Encryption set to false, Replication Type set to server-side default replication type, Namespace Quota set to -1, Space Quota set to -1 
2023-09-21 17:50:00,634 [OM StateMachine ApplyTransaction Thread - 0] INFO  bucket.OMBucketCreateRequest (OMBucketCreateRequest.java:validateAndUpdateCache(270)) - created bucket: bucket81872 of layout FILE_SYSTEM_OPTIMIZED in volume: volume05717
17:50:00.663 [IPC Server handler 1 on default port 15004] ERROR OMAudit - user=runner | ip=127.0.0.1 | op=GET_FILE_STATUS {volume=volume05717, bucket=bucket81872, key=root_dir/dir1/file2, dataSize=0, replicationConfig=null} | ret=FAILURE
org.apache.hadoop.ozone.om.exceptions.OMException: Unable to get file status: volume: volume05717 bucket: bucket81872 key: root_dir/dir1/file2
	at org.apache.hadoop.ozone.om.KeyManagerImpl.getOzoneFileStatusFSO(KeyManagerImpl.java:1320) ~[ozone-manager-1.4.0-SNAPSHOT.jar:?]
	at org.apache.hadoop.ozone.om.KeyManagerImpl.getFileStatus(KeyManagerImpl.java:1111) ~[ozone-manager-1.4.0-SNAPSHOT.jar:?]
	at org.apache.hadoop.ozone.om.OmMetadataReader.getFileStatus(OmMetadataReader.java:262) ~[ozone-manager-1.4.0-SNAPSHOT.jar:?]
	at org.apache.hadoop.ozone.om.OzoneManager.getFileStatus(OzoneManager.java:3533) ~[ozone-manager-1.4.0-SNAPSHOT.jar:?]
	at org.apache.hadoop.ozone.protocolPB.OzoneManagerRequestHandler.getOzoneFileStatus(OzoneManagerRequestHandler.java:971) ~[ozone-manager-1.4.0-SNAPSHOT.jar:?]
	at org.apache.hadoop.ozone.protocolPB.OzoneManagerRequestHandler.handleReadRequest(OzoneManagerRequestHandler.java:250) ~[ozone-manager-1.4.0-SNAPSHOT.jar:?]
	at org.apache.hadoop.ozone.protocolPB.OzoneManagerProtocolServerSideTranslatorPB.submitReadRequestToOM(OzoneManagerProtocolServerSideTranslatorPB.java:225) ~[ozone-manager-1.4.0-SNAPSHOT.jar:?]
	at org.apache.hadoop.ozone.protocolPB.OzoneManagerProtocolServerSideTranslatorPB.processRequest(OzoneManagerProtocolServerSideTranslatorPB.java:179) ~[ozone-manager-1.4.0-SNAPSHOT.jar:?]
	at org.apache.hadoop.hdds.server.OzoneProtocolMessageDispatcher.processRequest(OzoneProtocolMessageDispatcher.java:87) [hdds-server-framework-1.4.0-SNAPSHOT.jar:?]
	at org.apache.hadoop.ozone.protocolPB.OzoneManagerProtocolServerSideTranslatorPB.submitRequest(OzoneManagerProtocolServerSideTranslatorPB.java:148) [ozone-manager-1.4.0-SNAPSHOT.jar:?]
	at org.apache.hadoop.ozone.protocol.proto.OzoneManagerProtocolProtos$OzoneManagerService$2.callBlockingMethod(OzoneManagerProtocolProtos.java) [ozone-interface-client-1.4.0-SNAPSHOT.jar:?]
	at org.apache.hadoop.ipc.ProtobufRpcEngine$Server.processCall(ProtobufRpcEngine.java:484) [hadoop-common-3.3.6.jar:?]
	at org.apache.hadoop.ipc.ProtobufRpcEngine2$Server$ProtoBufRpcInvoker.call(ProtobufRpcEngine2.java:595) [hadoop-common-3.3.6.jar:?]
	at org.apache.hadoop.ipc.ProtobufRpcEngine2$Server$ProtoBufRpcInvoker.call(ProtobufRpcEngine2.java:573) [hadoop-common-3.3.6.jar:?]
	at org.apache.hadoop.ipc.RPC$Server.call(RPC.java:1227) [hadoop-common-3.3.6.jar:?]
	at org.apache.hadoop.ipc.Server$RpcCall.run(Server.java:1094) [hadoop-common-3.3.6.jar:?]
	at org.apache.hadoop.ipc.Server$RpcCall.run(Server.java:1017) [hadoop-common-3.3.6.jar:?]
	at java.security.AccessController.doPrivileged(Native Method) ~[?:1.8.0_382]
	at javax.security.auth.Subject.doAs(Subject.java:422) [?:1.8.0_382]
	at org.apache.hadoop.security.UserGroupInformation.doAs(UserGroupInformation.java:1899) [hadoop-common-3.3.6.jar:?]
	at org.apache.hadoop.ipc.Server$Handler.run(Server.java:3048) [hadoop-common-3.3.6.jar:?]
2023-09-21 17:50:00,664 [Time-limited test] WARN  ozone.BasicRootedOzoneFileSystem (BasicRootedOzoneFileSystem.java:delete(704)) - delete: Path does not exist: /volume05717/bucket81872/root_dir/dir1/file2
17:50:00.666 [IPC Server handler 0 on default port 15004] ERROR OMAudit - user=runner | ip=127.0.0.1 | op=GET_FILE_STATUS {volume=volume05717, bucket=bucket81872, key=root_dir/dir1/dir2, dataSize=0, replicationConfig=null} | ret=FAILURE
org.apache.hadoop.ozone.om.exceptions.OMException: Unable to get file status: volume: volume05717 bucket: bucket81872 key: root_dir/dir1/dir2
	at org.apache.hadoop.ozone.om.KeyManagerImpl.getOzoneFileStatusFSO(KeyManagerImpl.java:1320) ~[ozone-manager-1.4.0-SNAPSHOT.jar:?]
	at org.apache.hadoop.ozone.om.KeyManagerImpl.getFileStatus(KeyManagerImpl.java:1111) ~[ozone-manager-1.4.0-SNAPSHOT.jar:?]
	at org.apache.hadoop.ozone.om.OmMetadataReader.getFileStatus(OmMetadataReader.java:262) ~[ozone-manager-1.4.0-SNAPSHOT.jar:?]
	at org.apache.hadoop.ozone.om.OzoneManager.getFileStatus(OzoneManager.java:3533) ~[ozone-manager-1.4.0-SNAPSHOT.jar:?]
	at org.apache.hadoop.ozone.protocolPB.OzoneManagerRequestHandler.getOzoneFileStatus(OzoneManagerRequestHandler.java:971) ~[ozone-manager-1.4.0-SNAPSHOT.jar:?]
	at org.apache.hadoop.ozone.protocolPB.OzoneManagerRequestHandler.handleReadRequest(OzoneManagerRequestHandler.java:250) ~[ozone-manager-1.4.0-SNAPSHOT.jar:?]
	at org.apache.hadoop.ozone.protocolPB.OzoneManagerProtocolServerSideTranslatorPB.submitReadRequestToOM(OzoneManagerProtocolServerSideTranslatorPB.java:225) ~[ozone-manager-1.4.0-SNAPSHOT.jar:?]
	at org.apache.hadoop.ozone.protocolPB.OzoneManagerProtocolServerSideTranslatorPB.processRequest(OzoneManagerProtocolServerSideTranslatorPB.java:179) ~[ozone-manager-1.4.0-SNAPSHOT.jar:?]
	at org.apache.hadoop.hdds.server.OzoneProtocolMessageDispatcher.processRequest(OzoneProtocolMessageDispatcher.java:87) [hdds-server-framework-1.4.0-SNAPSHOT.jar:?]
	at org.apache.hadoop.ozone.protocolPB.OzoneManagerProtocolServerSideTranslatorPB.submitRequest(OzoneManagerProtocolServerSideTranslatorPB.java:148) [ozone-manager-1.4.0-SNAPSHOT.jar:?]
	at org.apache.hadoop.ozone.protocol.proto.OzoneManagerProtocolProtos$OzoneManagerService$2.callBlockingMethod(OzoneManagerProtocolProtos.java) [ozone-interface-client-1.4.0-SNAPSHOT.jar:?]
	at org.apache.hadoop.ipc.ProtobufRpcEngine$Server.processCall(ProtobufRpcEngine.java:484) [hadoop-common-3.3.6.jar:?]
	at org.apache.hadoop.ipc.ProtobufRpcEngine2$Server$ProtoBufRpcInvoker.call(ProtobufRpcEngine2.java:595) [hadoop-common-3.3.6.jar:?]
	at org.apache.hadoop.ipc.ProtobufRpcEngine2$Server$ProtoBufRpcInvoker.call(ProtobufRpcEngine2.java:573) [hadoop-common-3.3.6.jar:?]
	at org.apache.hadoop.ipc.RPC$Server.call(RPC.java:1227) [hadoop-common-3.3.6.jar:?]
	at org.apache.hadoop.ipc.Server$RpcCall.run(Server.java:1094) [hadoop-common-3.3.6.jar:?]
	at org.apache.hadoop.ipc.Server$RpcCall.run(Server.java:1017) [hadoop-common-3.3.6.jar:?]
	at java.security.AccessController.doPrivileged(Native Method) ~[?:1.8.0_382]
	at javax.security.auth.Subject.doAs(Subject.java:422) [?:1.8.0_382]
	at org.apache.hadoop.security.UserGroupInformation.doAs(UserGroupInformation.java:1899) [hadoop-common-3.3.6.jar:?]
	at org.apache.hadoop.ipc.Server$Handler.run(Server.java:3048) [hadoop-common-3.3.6.jar:?]
2023-09-21 17:50:00,666 [Time-limited test] WARN  ozone.BasicRootedOzoneFileSystem (BasicRootedOzoneFileSystem.java:delete(704)) - delete: Path does not exist: /volume05717/bucket81872/root_dir/dir1/dir2
]]></system-out>
  </testcase>
  <testcase name="testRenameToParentDir" classname="TestRootedOzoneFileSystemWithFSO" time="0.053">
    <system-out><![CDATA[2023-09-21 17:51:47,820 [Time-limited test] INFO  rpc.RpcClient (RpcClient.java:createVolume(461)) - Creating Volume: volume05687, with user51876 as owner and space quota set to -1 bytes, counts quota set to -1
2023-09-21 17:51:47,820 [IPC Server handler 19 on default port 15057] INFO  volume.OMVolumeCreateRequest (OMVolumeCreateRequest.java:validateAndUpdateCache(196)) - created volume:volume05687 for user:user51876
2023-09-21 17:51:47,822 [Time-limited test] INFO  rpc.RpcClient (RpcClient.java:createBucket(688)) - Creating Bucket: volume05687/bucket40077, with bucket layout FILE_SYSTEM_OPTIMIZED, runner as owner, Versioning false, Storage Type set to DISK and Encryption set to false, Replication Type set to server-side default replication type, Namespace Quota set to -1, Space Quota set to -1 
2023-09-21 17:51:47,822 [IPC Server handler 10 on default port 15057] INFO  bucket.OMBucketCreateRequest (OMBucketCreateRequest.java:validateAndUpdateCache(270)) - created bucket: bucket40077 of layout FILE_SYSTEM_OPTIMIZED in volume: volume05687
17:51:47.844 [IPC Server handler 7 on default port 15057] ERROR OMAudit - user=runner | ip=127.0.0.1 | op=GET_FILE_STATUS {volume=volume05687, bucket=bucket40077, key=root_dir/dir1/file2, dataSize=0, replicationConfig=null} | ret=FAILURE
org.apache.hadoop.ozone.om.exceptions.OMException: Unable to get file status: volume: volume05687 bucket: bucket40077 key: root_dir/dir1/file2
	at org.apache.hadoop.ozone.om.KeyManagerImpl.getOzoneFileStatusFSO(KeyManagerImpl.java:1320) ~[ozone-manager-1.4.0-SNAPSHOT.jar:?]
	at org.apache.hadoop.ozone.om.KeyManagerImpl.getFileStatus(KeyManagerImpl.java:1111) ~[ozone-manager-1.4.0-SNAPSHOT.jar:?]
	at org.apache.hadoop.ozone.om.OmMetadataReader.getFileStatus(OmMetadataReader.java:262) ~[ozone-manager-1.4.0-SNAPSHOT.jar:?]
	at org.apache.hadoop.ozone.om.OzoneManager.getFileStatus(OzoneManager.java:3533) ~[ozone-manager-1.4.0-SNAPSHOT.jar:?]
	at org.apache.hadoop.ozone.protocolPB.OzoneManagerRequestHandler.getOzoneFileStatus(OzoneManagerRequestHandler.java:971) ~[ozone-manager-1.4.0-SNAPSHOT.jar:?]
	at org.apache.hadoop.ozone.protocolPB.OzoneManagerRequestHandler.handleReadRequest(OzoneManagerRequestHandler.java:250) ~[ozone-manager-1.4.0-SNAPSHOT.jar:?]
	at org.apache.hadoop.ozone.protocolPB.OzoneManagerProtocolServerSideTranslatorPB.submitRequestDirectlyToOM(OzoneManagerProtocolServerSideTranslatorPB.java:274) ~[ozone-manager-1.4.0-SNAPSHOT.jar:?]
	at org.apache.hadoop.ozone.protocolPB.OzoneManagerProtocolServerSideTranslatorPB.processRequest(OzoneManagerProtocolServerSideTranslatorPB.java:175) ~[ozone-manager-1.4.0-SNAPSHOT.jar:?]
	at org.apache.hadoop.hdds.server.OzoneProtocolMessageDispatcher.processRequest(OzoneProtocolMessageDispatcher.java:87) [hdds-server-framework-1.4.0-SNAPSHOT.jar:?]
	at org.apache.hadoop.ozone.protocolPB.OzoneManagerProtocolServerSideTranslatorPB.submitRequest(OzoneManagerProtocolServerSideTranslatorPB.java:148) [ozone-manager-1.4.0-SNAPSHOT.jar:?]
	at org.apache.hadoop.ozone.protocol.proto.OzoneManagerProtocolProtos$OzoneManagerService$2.callBlockingMethod(OzoneManagerProtocolProtos.java) [ozone-interface-client-1.4.0-SNAPSHOT.jar:?]
	at org.apache.hadoop.ipc.ProtobufRpcEngine$Server.processCall(ProtobufRpcEngine.java:484) [hadoop-common-3.3.6.jar:?]
	at org.apache.hadoop.ipc.ProtobufRpcEngine2$Server$ProtoBufRpcInvoker.call(ProtobufRpcEngine2.java:595) [hadoop-common-3.3.6.jar:?]
	at org.apache.hadoop.ipc.ProtobufRpcEngine2$Server$ProtoBufRpcInvoker.call(ProtobufRpcEngine2.java:573) [hadoop-common-3.3.6.jar:?]
	at org.apache.hadoop.ipc.RPC$Server.call(RPC.java:1227) [hadoop-common-3.3.6.jar:?]
	at org.apache.hadoop.ipc.Server$RpcCall.run(Server.java:1094) [hadoop-common-3.3.6.jar:?]
	at org.apache.hadoop.ipc.Server$RpcCall.run(Server.java:1017) [hadoop-common-3.3.6.jar:?]
	at java.security.AccessController.doPrivileged(Native Method) ~[?:1.8.0_382]
	at javax.security.auth.Subject.doAs(Subject.java:422) [?:1.8.0_382]
	at org.apache.hadoop.security.UserGroupInformation.doAs(UserGroupInformation.java:1899) [hadoop-common-3.3.6.jar:?]
	at org.apache.hadoop.ipc.Server$Handler.run(Server.java:3048) [hadoop-common-3.3.6.jar:?]
2023-09-21 17:51:47,845 [Time-limited test] WARN  ozone.BasicRootedOzoneFileSystem (BasicRootedOzoneFileSystem.java:delete(704)) - delete: Path does not exist: /volume05687/bucket40077/root_dir/dir1/file2
17:51:47.846 [IPC Server handler 19 on default port 15057] ERROR OMAudit - user=runner | ip=127.0.0.1 | op=GET_FILE_STATUS {volume=volume05687, bucket=bucket40077, key=root_dir/dir1/dir2, dataSize=0, replicationConfig=null} | ret=FAILURE
org.apache.hadoop.ozone.om.exceptions.OMException: Unable to get file status: volume: volume05687 bucket: bucket40077 key: root_dir/dir1/dir2
	at org.apache.hadoop.ozone.om.KeyManagerImpl.getOzoneFileStatusFSO(KeyManagerImpl.java:1320) ~[ozone-manager-1.4.0-SNAPSHOT.jar:?]
	at org.apache.hadoop.ozone.om.KeyManagerImpl.getFileStatus(KeyManagerImpl.java:1111) ~[ozone-manager-1.4.0-SNAPSHOT.jar:?]
	at org.apache.hadoop.ozone.om.OmMetadataReader.getFileStatus(OmMetadataReader.java:262) ~[ozone-manager-1.4.0-SNAPSHOT.jar:?]
	at org.apache.hadoop.ozone.om.OzoneManager.getFileStatus(OzoneManager.java:3533) ~[ozone-manager-1.4.0-SNAPSHOT.jar:?]
	at org.apache.hadoop.ozone.protocolPB.OzoneManagerRequestHandler.getOzoneFileStatus(OzoneManagerRequestHandler.java:971) ~[ozone-manager-1.4.0-SNAPSHOT.jar:?]
	at org.apache.hadoop.ozone.protocolPB.OzoneManagerRequestHandler.handleReadRequest(OzoneManagerRequestHandler.java:250) ~[ozone-manager-1.4.0-SNAPSHOT.jar:?]
	at org.apache.hadoop.ozone.protocolPB.OzoneManagerProtocolServerSideTranslatorPB.submitRequestDirectlyToOM(OzoneManagerProtocolServerSideTranslatorPB.java:274) ~[ozone-manager-1.4.0-SNAPSHOT.jar:?]
	at org.apache.hadoop.ozone.protocolPB.OzoneManagerProtocolServerSideTranslatorPB.processRequest(OzoneManagerProtocolServerSideTranslatorPB.java:175) ~[ozone-manager-1.4.0-SNAPSHOT.jar:?]
	at org.apache.hadoop.hdds.server.OzoneProtocolMessageDispatcher.processRequest(OzoneProtocolMessageDispatcher.java:87) [hdds-server-framework-1.4.0-SNAPSHOT.jar:?]
	at org.apache.hadoop.ozone.protocolPB.OzoneManagerProtocolServerSideTranslatorPB.submitRequest(OzoneManagerProtocolServerSideTranslatorPB.java:148) [ozone-manager-1.4.0-SNAPSHOT.jar:?]
	at org.apache.hadoop.ozone.protocol.proto.OzoneManagerProtocolProtos$OzoneManagerService$2.callBlockingMethod(OzoneManagerProtocolProtos.java) [ozone-interface-client-1.4.0-SNAPSHOT.jar:?]
	at org.apache.hadoop.ipc.ProtobufRpcEngine$Server.processCall(ProtobufRpcEngine.java:484) [hadoop-common-3.3.6.jar:?]
	at org.apache.hadoop.ipc.ProtobufRpcEngine2$Server$ProtoBufRpcInvoker.call(ProtobufRpcEngine2.java:595) [hadoop-common-3.3.6.jar:?]
	at org.apache.hadoop.ipc.ProtobufRpcEngine2$Server$ProtoBufRpcInvoker.call(ProtobufRpcEngine2.java:573) [hadoop-common-3.3.6.jar:?]
	at org.apache.hadoop.ipc.RPC$Server.call(RPC.java:1227) [hadoop-common-3.3.6.jar:?]
	at org.apache.hadoop.ipc.Server$RpcCall.run(Server.java:1094) [hadoop-common-3.3.6.jar:?]
	at org.apache.hadoop.ipc.Server$RpcCall.run(Server.java:1017) [hadoop-common-3.3.6.jar:?]
	at java.security.AccessController.doPrivileged(Native Method) ~[?:1.8.0_382]
	at javax.security.auth.Subject.doAs(Subject.java:422) [?:1.8.0_382]
	at org.apache.hadoop.security.UserGroupInformation.doAs(UserGroupInformation.java:1899) [hadoop-common-3.3.6.jar:?]
	at org.apache.hadoop.ipc.Server$Handler.run(Server.java:3048) [hadoop-common-3.3.6.jar:?]
2023-09-21 17:51:47,847 [Time-limited test] WARN  ozone.BasicRootedOzoneFileSystem (BasicRootedOzoneFileSystem.java:delete(704)) - delete: Path does not exist: /volume05687/bucket40077/root_dir/dir1/dir2
]]></system-out>
  </testcase>
  <testcase name="testMkdirNonExistentVolumeBucket" classname="TestRootedOzoneFileSystemWithFSO" time="0.085">
    <system-out><![CDATA[2023-09-21 17:50:00,728 [Time-limited test] INFO  rpc.RpcClient (RpcClient.java:createVolume(461)) - Creating Volume: volume70322, with user72199 as owner and space quota set to -1 bytes, counts quota set to -1
2023-09-21 17:50:00,731 [OM StateMachine ApplyTransaction Thread - 0] INFO  volume.OMVolumeCreateRequest (OMVolumeCreateRequest.java:validateAndUpdateCache(196)) - created volume:volume70322 for user:user72199
2023-09-21 17:50:00,733 [Time-limited test] INFO  rpc.RpcClient (RpcClient.java:createBucket(688)) - Creating Bucket: volume70322/bucket67799, with bucket layout FILE_SYSTEM_OPTIMIZED, runner as owner, Versioning false, Storage Type set to DISK and Encryption set to false, Replication Type set to server-side default replication type, Namespace Quota set to -1, Space Quota set to -1 
2023-09-21 17:50:00,735 [OM StateMachine ApplyTransaction Thread - 0] INFO  bucket.OMBucketCreateRequest (OMBucketCreateRequest.java:validateAndUpdateCache(270)) - created bucket: bucket67799 of layout FILE_SYSTEM_OPTIMIZED in volume: volume70322
17:50:00.741 [IPC Server handler 11 on default port 15004] ERROR OMAudit - user=runner | ip=127.0.0.1 | op=READ_BUCKET {volume=volume-20134, bucket=bucket-80806} | ret=FAILURE
org.apache.hadoop.ozone.om.exceptions.OMException: Volume not found when getting bucket info
	at org.apache.hadoop.ozone.om.BucketManagerImpl.getBucketInfo(BucketManagerImpl.java:81) ~[ozone-manager-1.4.0-SNAPSHOT.jar:?]
	at org.apache.hadoop.ozone.om.OzoneManager.getBucketInfo(OzoneManager.java:2795) ~[ozone-manager-1.4.0-SNAPSHOT.jar:?]
	at org.apache.hadoop.ozone.protocolPB.OzoneManagerRequestHandler.infoBucket(OzoneManagerRequestHandler.java:545) ~[ozone-manager-1.4.0-SNAPSHOT.jar:?]
	at org.apache.hadoop.ozone.protocolPB.OzoneManagerRequestHandler.handleReadRequest(OzoneManagerRequestHandler.java:200) ~[ozone-manager-1.4.0-SNAPSHOT.jar:?]
	at org.apache.hadoop.ozone.protocolPB.OzoneManagerProtocolServerSideTranslatorPB.submitReadRequestToOM(OzoneManagerProtocolServerSideTranslatorPB.java:225) ~[ozone-manager-1.4.0-SNAPSHOT.jar:?]
	at org.apache.hadoop.ozone.protocolPB.OzoneManagerProtocolServerSideTranslatorPB.processRequest(OzoneManagerProtocolServerSideTranslatorPB.java:179) ~[ozone-manager-1.4.0-SNAPSHOT.jar:?]
	at org.apache.hadoop.hdds.server.OzoneProtocolMessageDispatcher.processRequest(OzoneProtocolMessageDispatcher.java:87) [hdds-server-framework-1.4.0-SNAPSHOT.jar:?]
	at org.apache.hadoop.ozone.protocolPB.OzoneManagerProtocolServerSideTranslatorPB.submitRequest(OzoneManagerProtocolServerSideTranslatorPB.java:148) [ozone-manager-1.4.0-SNAPSHOT.jar:?]
	at org.apache.hadoop.ozone.protocol.proto.OzoneManagerProtocolProtos$OzoneManagerService$2.callBlockingMethod(OzoneManagerProtocolProtos.java) [ozone-interface-client-1.4.0-SNAPSHOT.jar:?]
	at org.apache.hadoop.ipc.ProtobufRpcEngine$Server.processCall(ProtobufRpcEngine.java:484) [hadoop-common-3.3.6.jar:?]
	at org.apache.hadoop.ipc.ProtobufRpcEngine2$Server$ProtoBufRpcInvoker.call(ProtobufRpcEngine2.java:595) [hadoop-common-3.3.6.jar:?]
	at org.apache.hadoop.ipc.ProtobufRpcEngine2$Server$ProtoBufRpcInvoker.call(ProtobufRpcEngine2.java:573) [hadoop-common-3.3.6.jar:?]
	at org.apache.hadoop.ipc.RPC$Server.call(RPC.java:1227) [hadoop-common-3.3.6.jar:?]
	at org.apache.hadoop.ipc.Server$RpcCall.run(Server.java:1094) [hadoop-common-3.3.6.jar:?]
	at org.apache.hadoop.ipc.Server$RpcCall.run(Server.java:1017) [hadoop-common-3.3.6.jar:?]
	at java.security.AccessController.doPrivileged(Native Method) ~[?:1.8.0_382]
	at javax.security.auth.Subject.doAs(Subject.java:422) [?:1.8.0_382]
	at org.apache.hadoop.security.UserGroupInformation.doAs(UserGroupInformation.java:1899) [hadoop-common-3.3.6.jar:?]
	at org.apache.hadoop.ipc.Server$Handler.run(Server.java:3048) [hadoop-common-3.3.6.jar:?]
2023-09-21 17:50:00,743 [Time-limited test] INFO  rpc.RpcClient (RpcClient.java:createVolume(461)) - Creating Volume: volume-20134, with runner as owner and space quota set to -1 bytes, counts quota set to -1
2023-09-21 17:50:00,744 [OM StateMachine ApplyTransaction Thread - 0] INFO  volume.OMVolumeCreateRequest (OMVolumeCreateRequest.java:validateAndUpdateCache(196)) - created volume:volume-20134 for user:runner
2023-09-21 17:50:00,747 [Time-limited test] INFO  rpc.RpcClient (RpcClient.java:createBucket(688)) - Creating Bucket: volume-20134/bucket-80806, with bucket layout FILE_SYSTEM_OPTIMIZED, runner as owner, Versioning false, Storage Type set to DISK and Encryption set to false, Replication Type set to server-side default replication type, Namespace Quota set to -1, Space Quota set to -1 
2023-09-21 17:50:00,749 [OM StateMachine ApplyTransaction Thread - 0] INFO  bucket.OMBucketCreateRequest (OMBucketCreateRequest.java:validateAndUpdateCache(270)) - created bucket: bucket-80806 of layout FILE_SYSTEM_OPTIMIZED in volume: volume-20134
]]></system-out>
  </testcase>
  <testcase name="testMkdirNonExistentVolumeBucket" classname="TestRootedOzoneFileSystemWithFSO" time="0.038">
    <system-out><![CDATA[2023-09-21 17:51:47,875 [Time-limited test] INFO  rpc.RpcClient (RpcClient.java:createVolume(461)) - Creating Volume: volume05506, with user72103 as owner and space quota set to -1 bytes, counts quota set to -1
2023-09-21 17:51:47,876 [IPC Server handler 19 on default port 15057] INFO  volume.OMVolumeCreateRequest (OMVolumeCreateRequest.java:validateAndUpdateCache(196)) - created volume:volume05506 for user:user72103
2023-09-21 17:51:47,877 [Time-limited test] INFO  rpc.RpcClient (RpcClient.java:createBucket(688)) - Creating Bucket: volume05506/bucket86104, with bucket layout FILE_SYSTEM_OPTIMIZED, runner as owner, Versioning false, Storage Type set to DISK and Encryption set to false, Replication Type set to server-side default replication type, Namespace Quota set to -1, Space Quota set to -1 
2023-09-21 17:51:47,878 [IPC Server handler 10 on default port 15057] INFO  bucket.OMBucketCreateRequest (OMBucketCreateRequest.java:validateAndUpdateCache(270)) - created bucket: bucket86104 of layout FILE_SYSTEM_OPTIMIZED in volume: volume05506
17:51:47.880 [IPC Server handler 16 on default port 15057] ERROR OMAudit - user=runner | ip=127.0.0.1 | op=READ_BUCKET {volume=volume-67252, bucket=bucket-26839} | ret=FAILURE
org.apache.hadoop.ozone.om.exceptions.OMException: Volume not found when getting bucket info
	at org.apache.hadoop.ozone.om.BucketManagerImpl.getBucketInfo(BucketManagerImpl.java:81) ~[ozone-manager-1.4.0-SNAPSHOT.jar:?]
	at org.apache.hadoop.ozone.om.OzoneManager.getBucketInfo(OzoneManager.java:2795) ~[ozone-manager-1.4.0-SNAPSHOT.jar:?]
	at org.apache.hadoop.ozone.protocolPB.OzoneManagerRequestHandler.infoBucket(OzoneManagerRequestHandler.java:545) ~[ozone-manager-1.4.0-SNAPSHOT.jar:?]
	at org.apache.hadoop.ozone.protocolPB.OzoneManagerRequestHandler.handleReadRequest(OzoneManagerRequestHandler.java:200) ~[ozone-manager-1.4.0-SNAPSHOT.jar:?]
	at org.apache.hadoop.ozone.protocolPB.OzoneManagerProtocolServerSideTranslatorPB.submitRequestDirectlyToOM(OzoneManagerProtocolServerSideTranslatorPB.java:274) ~[ozone-manager-1.4.0-SNAPSHOT.jar:?]
	at org.apache.hadoop.ozone.protocolPB.OzoneManagerProtocolServerSideTranslatorPB.processRequest(OzoneManagerProtocolServerSideTranslatorPB.java:175) ~[ozone-manager-1.4.0-SNAPSHOT.jar:?]
	at org.apache.hadoop.hdds.server.OzoneProtocolMessageDispatcher.processRequest(OzoneProtocolMessageDispatcher.java:87) [hdds-server-framework-1.4.0-SNAPSHOT.jar:?]
	at org.apache.hadoop.ozone.protocolPB.OzoneManagerProtocolServerSideTranslatorPB.submitRequest(OzoneManagerProtocolServerSideTranslatorPB.java:148) [ozone-manager-1.4.0-SNAPSHOT.jar:?]
	at org.apache.hadoop.ozone.protocol.proto.OzoneManagerProtocolProtos$OzoneManagerService$2.callBlockingMethod(OzoneManagerProtocolProtos.java) [ozone-interface-client-1.4.0-SNAPSHOT.jar:?]
	at org.apache.hadoop.ipc.ProtobufRpcEngine$Server.processCall(ProtobufRpcEngine.java:484) [hadoop-common-3.3.6.jar:?]
	at org.apache.hadoop.ipc.ProtobufRpcEngine2$Server$ProtoBufRpcInvoker.call(ProtobufRpcEngine2.java:595) [hadoop-common-3.3.6.jar:?]
	at org.apache.hadoop.ipc.ProtobufRpcEngine2$Server$ProtoBufRpcInvoker.call(ProtobufRpcEngine2.java:573) [hadoop-common-3.3.6.jar:?]
	at org.apache.hadoop.ipc.RPC$Server.call(RPC.java:1227) [hadoop-common-3.3.6.jar:?]
	at org.apache.hadoop.ipc.Server$RpcCall.run(Server.java:1094) [hadoop-common-3.3.6.jar:?]
	at org.apache.hadoop.ipc.Server$RpcCall.run(Server.java:1017) [hadoop-common-3.3.6.jar:?]
	at java.security.AccessController.doPrivileged(Native Method) ~[?:1.8.0_382]
	at javax.security.auth.Subject.doAs(Subject.java:422) [?:1.8.0_382]
	at org.apache.hadoop.security.UserGroupInformation.doAs(UserGroupInformation.java:1899) [hadoop-common-3.3.6.jar:?]
	at org.apache.hadoop.ipc.Server$Handler.run(Server.java:3048) [hadoop-common-3.3.6.jar:?]
2023-09-21 17:51:47,880 [Time-limited test] INFO  rpc.RpcClient (RpcClient.java:createVolume(461)) - Creating Volume: volume-67252, with runner as owner and space quota set to -1 bytes, counts quota set to -1
2023-09-21 17:51:47,883 [IPC Server handler 17 on default port 15057] INFO  volume.OMVolumeCreateRequest (OMVolumeCreateRequest.java:validateAndUpdateCache(196)) - created volume:volume-67252 for user:runner
2023-09-21 17:51:47,884 [Time-limited test] INFO  rpc.RpcClient (RpcClient.java:createBucket(688)) - Creating Bucket: volume-67252/bucket-26839, with bucket layout FILE_SYSTEM_OPTIMIZED, runner as owner, Versioning false, Storage Type set to DISK and Encryption set to false, Replication Type set to server-side default replication type, Namespace Quota set to -1, Space Quota set to -1 
2023-09-21 17:51:47,884 [IPC Server handler 15 on default port 15057] INFO  bucket.OMBucketCreateRequest (OMBucketCreateRequest.java:validateAndUpdateCache(270)) - created bucket: bucket-26839 of layout FILE_SYSTEM_OPTIMIZED in volume: volume-67252
]]></system-out>
  </testcase>
  <testcase name="testFailToDeleteRoot" classname="TestRootedOzoneFileSystemWithFSO" time="0.035">
    <system-out><![CDATA[2023-09-21 17:50:00,794 [Time-limited test] INFO  rpc.RpcClient (RpcClient.java:createVolume(461)) - Creating Volume: volume30906, with user71695 as owner and space quota set to -1 bytes, counts quota set to -1
2023-09-21 17:50:00,795 [OM StateMachine ApplyTransaction Thread - 0] INFO  volume.OMVolumeCreateRequest (OMVolumeCreateRequest.java:validateAndUpdateCache(196)) - created volume:volume30906 for user:user71695
2023-09-21 17:50:00,797 [Time-limited test] INFO  rpc.RpcClient (RpcClient.java:createBucket(688)) - Creating Bucket: volume30906/bucket56192, with bucket layout FILE_SYSTEM_OPTIMIZED, runner as owner, Versioning false, Storage Type set to DISK and Encryption set to false, Replication Type set to server-side default replication type, Namespace Quota set to -1, Space Quota set to -1 
2023-09-21 17:50:00,798 [OM StateMachine ApplyTransaction Thread - 0] INFO  bucket.OMBucketCreateRequest (OMBucketCreateRequest.java:validateAndUpdateCache(270)) - created bucket: bucket56192 of layout FILE_SYSTEM_OPTIMIZED in volume: volume30906
2023-09-21 17:50:00,800 [Time-limited test] WARN  ozone.BasicRootedOzoneFileSystem (BasicRootedOzoneFileSystem.java:delete(677)) - delete: OFS does not support rm root. To wipe the cluster, please re-init OM instead.
2023-09-21 17:50:00,800 [Time-limited test] WARN  ozone.BasicRootedOzoneFileSystem (BasicRootedOzoneFileSystem.java:delete(677)) - delete: OFS does not support rm root. To wipe the cluster, please re-init OM instead.
]]></system-out>
  </testcase>
  <testcase name="testFailToDeleteRoot" classname="TestRootedOzoneFileSystemWithFSO" time="0.023">
    <system-out><![CDATA[2023-09-21 17:51:47,912 [Time-limited test] INFO  rpc.RpcClient (RpcClient.java:createVolume(461)) - Creating Volume: volume78102, with user96088 as owner and space quota set to -1 bytes, counts quota set to -1
2023-09-21 17:51:47,913 [IPC Server handler 15 on default port 15057] INFO  volume.OMVolumeCreateRequest (OMVolumeCreateRequest.java:validateAndUpdateCache(196)) - created volume:volume78102 for user:user96088
2023-09-21 17:51:47,914 [Time-limited test] INFO  rpc.RpcClient (RpcClient.java:createBucket(688)) - Creating Bucket: volume78102/bucket20095, with bucket layout FILE_SYSTEM_OPTIMIZED, runner as owner, Versioning false, Storage Type set to DISK and Encryption set to false, Replication Type set to server-side default replication type, Namespace Quota set to -1, Space Quota set to -1 
2023-09-21 17:51:47,914 [IPC Server handler 3 on default port 15057] INFO  bucket.OMBucketCreateRequest (OMBucketCreateRequest.java:validateAndUpdateCache(270)) - created bucket: bucket20095 of layout FILE_SYSTEM_OPTIMIZED in volume: volume78102
2023-09-21 17:51:47,915 [Time-limited test] WARN  ozone.BasicRootedOzoneFileSystem (BasicRootedOzoneFileSystem.java:delete(677)) - delete: OFS does not support rm root. To wipe the cluster, please re-init OM instead.
2023-09-21 17:51:47,915 [Time-limited test] WARN  ozone.BasicRootedOzoneFileSystem (BasicRootedOzoneFileSystem.java:delete(677)) - delete: OFS does not support rm root. To wipe the cluster, please re-init OM instead.
]]></system-out>
  </testcase>
  <testcase name="testListStatusOnSubDirs" classname="TestRootedOzoneFileSystemWithFSO" time="0.076">
    <system-out><![CDATA[2023-09-21 17:50:00,828 [Time-limited test] INFO  rpc.RpcClient (RpcClient.java:createVolume(461)) - Creating Volume: volume22228, with user19121 as owner and space quota set to -1 bytes, counts quota set to -1
2023-09-21 17:50:00,834 [OM StateMachine ApplyTransaction Thread - 0] INFO  volume.OMVolumeCreateRequest (OMVolumeCreateRequest.java:validateAndUpdateCache(196)) - created volume:volume22228 for user:user19121
2023-09-21 17:50:00,835 [Time-limited test] INFO  rpc.RpcClient (RpcClient.java:createBucket(688)) - Creating Bucket: volume22228/bucket84190, with bucket layout FILE_SYSTEM_OPTIMIZED, runner as owner, Versioning false, Storage Type set to DISK and Encryption set to false, Replication Type set to server-side default replication type, Namespace Quota set to -1, Space Quota set to -1 
2023-09-21 17:50:00,837 [OM StateMachine ApplyTransaction Thread - 0] INFO  bucket.OMBucketCreateRequest (OMBucketCreateRequest.java:validateAndUpdateCache(270)) - created bucket: bucket84190 of layout FILE_SYSTEM_OPTIMIZED in volume: volume22228
]]></system-out>
  </testcase>
  <testcase name="testListStatusOnSubDirs" classname="TestRootedOzoneFileSystemWithFSO" time="0.05">
    <system-out><![CDATA[2023-09-21 17:51:47,936 [Time-limited test] INFO  rpc.RpcClient (RpcClient.java:createVolume(461)) - Creating Volume: volume76810, with user39043 as owner and space quota set to -1 bytes, counts quota set to -1
2023-09-21 17:51:47,938 [IPC Server handler 17 on default port 15057] INFO  volume.OMVolumeCreateRequest (OMVolumeCreateRequest.java:validateAndUpdateCache(196)) - created volume:volume76810 for user:user39043
2023-09-21 17:51:47,939 [Time-limited test] INFO  rpc.RpcClient (RpcClient.java:createBucket(688)) - Creating Bucket: volume76810/bucket47174, with bucket layout FILE_SYSTEM_OPTIMIZED, runner as owner, Versioning false, Storage Type set to DISK and Encryption set to false, Replication Type set to server-side default replication type, Namespace Quota set to -1, Space Quota set to -1 
2023-09-21 17:51:47,940 [IPC Server handler 15 on default port 15057] INFO  bucket.OMBucketCreateRequest (OMBucketCreateRequest.java:validateAndUpdateCache(270)) - created bucket: bucket47174 of layout FILE_SYSTEM_OPTIMIZED in volume: volume76810
]]></system-out>
  </testcase>
  <testcase name="testListStatus" classname="TestRootedOzoneFileSystemWithFSO" time="0.087">
    <system-out><![CDATA[2023-09-21 17:50:00,907 [Time-limited test] INFO  rpc.RpcClient (RpcClient.java:createVolume(461)) - Creating Volume: volume45420, with user41582 as owner and space quota set to -1 bytes, counts quota set to -1
2023-09-21 17:50:00,909 [OM StateMachine ApplyTransaction Thread - 0] INFO  volume.OMVolumeCreateRequest (OMVolumeCreateRequest.java:validateAndUpdateCache(196)) - created volume:volume45420 for user:user41582
2023-09-21 17:50:00,911 [Time-limited test] INFO  rpc.RpcClient (RpcClient.java:createBucket(688)) - Creating Bucket: volume45420/bucket48856, with bucket layout FILE_SYSTEM_OPTIMIZED, runner as owner, Versioning false, Storage Type set to DISK and Encryption set to false, Replication Type set to server-side default replication type, Namespace Quota set to -1, Space Quota set to -1 
2023-09-21 17:50:00,912 [OM StateMachine ApplyTransaction Thread - 0] INFO  bucket.OMBucketCreateRequest (OMBucketCreateRequest.java:validateAndUpdateCache(270)) - created bucket: bucket48856 of layout FILE_SYSTEM_OPTIMIZED in volume: volume45420
]]></system-out>
  </testcase>
  <testcase name="testListStatus" classname="TestRootedOzoneFileSystemWithFSO" time="0.06">
    <system-out><![CDATA[2023-09-21 17:51:47,988 [Time-limited test] INFO  rpc.RpcClient (RpcClient.java:createVolume(461)) - Creating Volume: volume90729, with user95470 as owner and space quota set to -1 bytes, counts quota set to -1
2023-09-21 17:51:47,988 [IPC Server handler 16 on default port 15057] INFO  volume.OMVolumeCreateRequest (OMVolumeCreateRequest.java:validateAndUpdateCache(196)) - created volume:volume90729 for user:user95470
2023-09-21 17:51:47,990 [Time-limited test] INFO  rpc.RpcClient (RpcClient.java:createBucket(688)) - Creating Bucket: volume90729/bucket31826, with bucket layout FILE_SYSTEM_OPTIMIZED, runner as owner, Versioning false, Storage Type set to DISK and Encryption set to false, Replication Type set to server-side default replication type, Namespace Quota set to -1, Space Quota set to -1 
2023-09-21 17:51:47,991 [IPC Server handler 18 on default port 15057] INFO  bucket.OMBucketCreateRequest (OMBucketCreateRequest.java:validateAndUpdateCache(270)) - created bucket: bucket31826 of layout FILE_SYSTEM_OPTIMIZED in volume: volume90729
]]></system-out>
  </testcase>
  <testcase name="testGetTrashRoots" classname="TestRootedOzoneFileSystemWithFSO" time="0.705">
    <system-out><![CDATA[2023-09-21 17:50:00,997 [Time-limited test] INFO  rpc.RpcClient (RpcClient.java:createVolume(461)) - Creating Volume: volume81579, with user34279 as owner and space quota set to -1 bytes, counts quota set to -1
2023-09-21 17:50:01,000 [OM StateMachine ApplyTransaction Thread - 0] INFO  volume.OMVolumeCreateRequest (OMVolumeCreateRequest.java:validateAndUpdateCache(196)) - created volume:volume81579 for user:user34279
2023-09-21 17:50:01,001 [Time-limited test] INFO  rpc.RpcClient (RpcClient.java:createBucket(688)) - Creating Bucket: volume81579/bucket71671, with bucket layout FILE_SYSTEM_OPTIMIZED, runner as owner, Versioning false, Storage Type set to DISK and Encryption set to false, Replication Type set to server-side default replication type, Namespace Quota set to -1, Space Quota set to -1 
2023-09-21 17:50:01,003 [OM StateMachine ApplyTransaction Thread - 0] INFO  bucket.OMBucketCreateRequest (OMBucketCreateRequest.java:validateAndUpdateCache(270)) - created bucket: bucket71671 of layout FILE_SYSTEM_OPTIMIZED in volume: volume81579
17:50:01.018 [IPC Server handler 17 on default port 15004] ERROR OMAudit - user=runner | ip=127.0.0.1 | op=GET_FILE_STATUS {volume=volume81579, bucket=bucket71671, key=.Trash/runner, dataSize=0, replicationConfig=null} | ret=FAILURE
org.apache.hadoop.ozone.om.exceptions.OMException: Unable to get file status: volume: volume81579 bucket: bucket71671 key: .Trash/runner
	at org.apache.hadoop.ozone.om.KeyManagerImpl.getOzoneFileStatusFSO(KeyManagerImpl.java:1320) ~[ozone-manager-1.4.0-SNAPSHOT.jar:?]
	at org.apache.hadoop.ozone.om.KeyManagerImpl.getFileStatus(KeyManagerImpl.java:1111) ~[ozone-manager-1.4.0-SNAPSHOT.jar:?]
	at org.apache.hadoop.ozone.om.OmMetadataReader.getFileStatus(OmMetadataReader.java:262) ~[ozone-manager-1.4.0-SNAPSHOT.jar:?]
	at org.apache.hadoop.ozone.om.OzoneManager.getFileStatus(OzoneManager.java:3533) ~[ozone-manager-1.4.0-SNAPSHOT.jar:?]
	at org.apache.hadoop.ozone.protocolPB.OzoneManagerRequestHandler.getOzoneFileStatus(OzoneManagerRequestHandler.java:971) ~[ozone-manager-1.4.0-SNAPSHOT.jar:?]
	at org.apache.hadoop.ozone.protocolPB.OzoneManagerRequestHandler.handleReadRequest(OzoneManagerRequestHandler.java:250) ~[ozone-manager-1.4.0-SNAPSHOT.jar:?]
	at org.apache.hadoop.ozone.protocolPB.OzoneManagerProtocolServerSideTranslatorPB.submitReadRequestToOM(OzoneManagerProtocolServerSideTranslatorPB.java:225) ~[ozone-manager-1.4.0-SNAPSHOT.jar:?]
	at org.apache.hadoop.ozone.protocolPB.OzoneManagerProtocolServerSideTranslatorPB.processRequest(OzoneManagerProtocolServerSideTranslatorPB.java:179) ~[ozone-manager-1.4.0-SNAPSHOT.jar:?]
	at org.apache.hadoop.hdds.server.OzoneProtocolMessageDispatcher.processRequest(OzoneProtocolMessageDispatcher.java:87) [hdds-server-framework-1.4.0-SNAPSHOT.jar:?]
	at org.apache.hadoop.ozone.protocolPB.OzoneManagerProtocolServerSideTranslatorPB.submitRequest(OzoneManagerProtocolServerSideTranslatorPB.java:148) [ozone-manager-1.4.0-SNAPSHOT.jar:?]
	at org.apache.hadoop.ozone.protocol.proto.OzoneManagerProtocolProtos$OzoneManagerService$2.callBlockingMethod(OzoneManagerProtocolProtos.java) [ozone-interface-client-1.4.0-SNAPSHOT.jar:?]
	at org.apache.hadoop.ipc.ProtobufRpcEngine$Server.processCall(ProtobufRpcEngine.java:484) [hadoop-common-3.3.6.jar:?]
	at org.apache.hadoop.ipc.ProtobufRpcEngine2$Server$ProtoBufRpcInvoker.call(ProtobufRpcEngine2.java:595) [hadoop-common-3.3.6.jar:?]
	at org.apache.hadoop.ipc.ProtobufRpcEngine2$Server$ProtoBufRpcInvoker.call(ProtobufRpcEngine2.java:573) [hadoop-common-3.3.6.jar:?]
	at org.apache.hadoop.ipc.RPC$Server.call(RPC.java:1227) [hadoop-common-3.3.6.jar:?]
	at org.apache.hadoop.ipc.Server$RpcCall.run(Server.java:1094) [hadoop-common-3.3.6.jar:?]
	at org.apache.hadoop.ipc.Server$RpcCall.run(Server.java:1017) [hadoop-common-3.3.6.jar:?]
	at java.security.AccessController.doPrivileged(Native Method) ~[?:1.8.0_382]
	at javax.security.auth.Subject.doAs(Subject.java:422) [?:1.8.0_382]
	at org.apache.hadoop.security.UserGroupInformation.doAs(UserGroupInformation.java:1899) [hadoop-common-3.3.6.jar:?]
	at org.apache.hadoop.ipc.Server$Handler.run(Server.java:3048) [hadoop-common-3.3.6.jar:?]
17:50:01.031 [IPC Server handler 8 on default port 15004] ERROR OMAudit - user=runner | ip=127.0.0.1 | op=GET_FILE_STATUS {volume=770c4181-5453-4c22-84a7-71e5d89c108c, bucket=c715474a-d784-4409-a88e-c7d3e5831887, key=.Trash, dataSize=0, replicationConfig=null} | ret=FAILURE
org.apache.hadoop.ozone.om.exceptions.OMException: Unable to get file status: volume: 770c4181-5453-4c22-84a7-71e5d89c108c bucket: c715474a-d784-4409-a88e-c7d3e5831887 key: .Trash
	at org.apache.hadoop.ozone.om.KeyManagerImpl.getOzoneFileStatus(KeyManagerImpl.java:1195) ~[ozone-manager-1.4.0-SNAPSHOT.jar:?]
	at org.apache.hadoop.ozone.om.KeyManagerImpl.getFileStatus(KeyManagerImpl.java:1113) ~[ozone-manager-1.4.0-SNAPSHOT.jar:?]
	at org.apache.hadoop.ozone.om.OmMetadataReader.getFileStatus(OmMetadataReader.java:262) ~[ozone-manager-1.4.0-SNAPSHOT.jar:?]
	at org.apache.hadoop.ozone.om.OzoneManager.getFileStatus(OzoneManager.java:3533) ~[ozone-manager-1.4.0-SNAPSHOT.jar:?]
	at org.apache.hadoop.ozone.protocolPB.OzoneManagerRequestHandler.getOzoneFileStatus(OzoneManagerRequestHandler.java:971) ~[ozone-manager-1.4.0-SNAPSHOT.jar:?]
	at org.apache.hadoop.ozone.protocolPB.OzoneManagerRequestHandler.handleReadRequest(OzoneManagerRequestHandler.java:250) ~[ozone-manager-1.4.0-SNAPSHOT.jar:?]
	at org.apache.hadoop.ozone.protocolPB.OzoneManagerProtocolServerSideTranslatorPB.submitReadRequestToOM(OzoneManagerProtocolServerSideTranslatorPB.java:225) ~[ozone-manager-1.4.0-SNAPSHOT.jar:?]
	at org.apache.hadoop.ozone.protocolPB.OzoneManagerProtocolServerSideTranslatorPB.processRequest(OzoneManagerProtocolServerSideTranslatorPB.java:179) ~[ozone-manager-1.4.0-SNAPSHOT.jar:?]
	at org.apache.hadoop.hdds.server.OzoneProtocolMessageDispatcher.processRequest(OzoneProtocolMessageDispatcher.java:87) [hdds-server-framework-1.4.0-SNAPSHOT.jar:?]
	at org.apache.hadoop.ozone.protocolPB.OzoneManagerProtocolServerSideTranslatorPB.submitRequest(OzoneManagerProtocolServerSideTranslatorPB.java:148) [ozone-manager-1.4.0-SNAPSHOT.jar:?]
	at org.apache.hadoop.ozone.protocol.proto.OzoneManagerProtocolProtos$OzoneManagerService$2.callBlockingMethod(OzoneManagerProtocolProtos.java) [ozone-interface-client-1.4.0-SNAPSHOT.jar:?]
	at org.apache.hadoop.ipc.ProtobufRpcEngine$Server.processCall(ProtobufRpcEngine.java:484) [hadoop-common-3.3.6.jar:?]
	at org.apache.hadoop.ipc.ProtobufRpcEngine2$Server$ProtoBufRpcInvoker.call(ProtobufRpcEngine2.java:595) [hadoop-common-3.3.6.jar:?]
	at org.apache.hadoop.ipc.ProtobufRpcEngine2$Server$ProtoBufRpcInvoker.call(ProtobufRpcEngine2.java:573) [hadoop-common-3.3.6.jar:?]
	at org.apache.hadoop.ipc.RPC$Server.call(RPC.java:1227) [hadoop-common-3.3.6.jar:?]
	at org.apache.hadoop.ipc.Server$RpcCall.run(Server.java:1094) [hadoop-common-3.3.6.jar:?]
	at org.apache.hadoop.ipc.Server$RpcCall.run(Server.java:1017) [hadoop-common-3.3.6.jar:?]
	at java.security.AccessController.doPrivileged(Native Method) ~[?:1.8.0_382]
	at javax.security.auth.Subject.doAs(Subject.java:422) [?:1.8.0_382]
	at org.apache.hadoop.security.UserGroupInformation.doAs(UserGroupInformation.java:1899) [hadoop-common-3.3.6.jar:?]
	at org.apache.hadoop.ipc.Server$Handler.run(Server.java:3048) [hadoop-common-3.3.6.jar:?]
17:50:01.035 [IPC Server handler 10 on default port 15004] ERROR OMAudit - user=runner | ip=127.0.0.1 | op=GET_FILE_STATUS {volume=volume65675, bucket=bucket02565, key=.Trash, dataSize=0, replicationConfig=null} | ret=FAILURE
org.apache.hadoop.ozone.om.exceptions.OMException: Unable to get file status: volume: volume65675 bucket: bucket02565 key: .Trash
	at org.apache.hadoop.ozone.om.KeyManagerImpl.getOzoneFileStatusFSO(KeyManagerImpl.java:1320) ~[ozone-manager-1.4.0-SNAPSHOT.jar:?]
	at org.apache.hadoop.ozone.om.KeyManagerImpl.getFileStatus(KeyManagerImpl.java:1111) ~[ozone-manager-1.4.0-SNAPSHOT.jar:?]
	at org.apache.hadoop.ozone.om.OmMetadataReader.getFileStatus(OmMetadataReader.java:262) ~[ozone-manager-1.4.0-SNAPSHOT.jar:?]
	at org.apache.hadoop.ozone.om.OzoneManager.getFileStatus(OzoneManager.java:3533) ~[ozone-manager-1.4.0-SNAPSHOT.jar:?]
	at org.apache.hadoop.ozone.protocolPB.OzoneManagerRequestHandler.getOzoneFileStatus(OzoneManagerRequestHandler.java:971) ~[ozone-manager-1.4.0-SNAPSHOT.jar:?]
	at org.apache.hadoop.ozone.protocolPB.OzoneManagerRequestHandler.handleReadRequest(OzoneManagerRequestHandler.java:250) ~[ozone-manager-1.4.0-SNAPSHOT.jar:?]
	at org.apache.hadoop.ozone.protocolPB.OzoneManagerProtocolServerSideTranslatorPB.submitReadRequestToOM(OzoneManagerProtocolServerSideTranslatorPB.java:225) ~[ozone-manager-1.4.0-SNAPSHOT.jar:?]
	at org.apache.hadoop.ozone.protocolPB.OzoneManagerProtocolServerSideTranslatorPB.processRequest(OzoneManagerProtocolServerSideTranslatorPB.java:179) ~[ozone-manager-1.4.0-SNAPSHOT.jar:?]
	at org.apache.hadoop.hdds.server.OzoneProtocolMessageDispatcher.processRequest(OzoneProtocolMessageDispatcher.java:87) [hdds-server-framework-1.4.0-SNAPSHOT.jar:?]
	at org.apache.hadoop.ozone.protocolPB.OzoneManagerProtocolServerSideTranslatorPB.submitRequest(OzoneManagerProtocolServerSideTranslatorPB.java:148) [ozone-manager-1.4.0-SNAPSHOT.jar:?]
	at org.apache.hadoop.ozone.protocol.proto.OzoneManagerProtocolProtos$OzoneManagerService$2.callBlockingMethod(OzoneManagerProtocolProtos.java) [ozone-interface-client-1.4.0-SNAPSHOT.jar:?]
	at org.apache.hadoop.ipc.ProtobufRpcEngine$Server.processCall(ProtobufRpcEngine.java:484) [hadoop-common-3.3.6.jar:?]
	at org.apache.hadoop.ipc.ProtobufRpcEngine2$Server$ProtoBufRpcInvoker.call(ProtobufRpcEngine2.java:595) [hadoop-common-3.3.6.jar:?]
	at org.apache.hadoop.ipc.ProtobufRpcEngine2$Server$ProtoBufRpcInvoker.call(ProtobufRpcEngine2.java:573) [hadoop-common-3.3.6.jar:?]
	at org.apache.hadoop.ipc.RPC$Server.call(RPC.java:1227) [hadoop-common-3.3.6.jar:?]
	at org.apache.hadoop.ipc.Server$RpcCall.run(Server.java:1094) [hadoop-common-3.3.6.jar:?]
	at org.apache.hadoop.ipc.Server$RpcCall.run(Server.java:1017) [hadoop-common-3.3.6.jar:?]
	at java.security.AccessController.doPrivileged(Native Method) ~[?:1.8.0_382]
	at javax.security.auth.Subject.doAs(Subject.java:422) [?:1.8.0_382]
	at org.apache.hadoop.security.UserGroupInformation.doAs(UserGroupInformation.java:1899) [hadoop-common-3.3.6.jar:?]
	at org.apache.hadoop.ipc.Server$Handler.run(Server.java:3048) [hadoop-common-3.3.6.jar:?]
17:50:01.039 [IPC Server handler 15 on default port 15004] ERROR OMAudit - user=runner | ip=127.0.0.1 | op=GET_FILE_STATUS {volume=volume81579, bucket=bucket71671, key=.Trash, dataSize=0, replicationConfig=null} | ret=FAILURE
org.apache.hadoop.ozone.om.exceptions.OMException: Unable to get file status: volume: volume81579 bucket: bucket71671 key: .Trash
	at org.apache.hadoop.ozone.om.KeyManagerImpl.getOzoneFileStatusFSO(KeyManagerImpl.java:1320) ~[ozone-manager-1.4.0-SNAPSHOT.jar:?]
	at org.apache.hadoop.ozone.om.KeyManagerImpl.getFileStatus(KeyManagerImpl.java:1111) ~[ozone-manager-1.4.0-SNAPSHOT.jar:?]
	at org.apache.hadoop.ozone.om.OmMetadataReader.getFileStatus(OmMetadataReader.java:262) ~[ozone-manager-1.4.0-SNAPSHOT.jar:?]
	at org.apache.hadoop.ozone.om.OzoneManager.getFileStatus(OzoneManager.java:3533) ~[ozone-manager-1.4.0-SNAPSHOT.jar:?]
	at org.apache.hadoop.ozone.protocolPB.OzoneManagerRequestHandler.getOzoneFileStatus(OzoneManagerRequestHandler.java:971) ~[ozone-manager-1.4.0-SNAPSHOT.jar:?]
	at org.apache.hadoop.ozone.protocolPB.OzoneManagerRequestHandler.handleReadRequest(OzoneManagerRequestHandler.java:250) ~[ozone-manager-1.4.0-SNAPSHOT.jar:?]
	at org.apache.hadoop.ozone.protocolPB.OzoneManagerProtocolServerSideTranslatorPB.submitReadRequestToOM(OzoneManagerProtocolServerSideTranslatorPB.java:225) ~[ozone-manager-1.4.0-SNAPSHOT.jar:?]
	at org.apache.hadoop.ozone.protocolPB.OzoneManagerProtocolServerSideTranslatorPB.processRequest(OzoneManagerProtocolServerSideTranslatorPB.java:179) ~[ozone-manager-1.4.0-SNAPSHOT.jar:?]
	at org.apache.hadoop.hdds.server.OzoneProtocolMessageDispatcher.processRequest(OzoneProtocolMessageDispatcher.java:87) [hdds-server-framework-1.4.0-SNAPSHOT.jar:?]
	at org.apache.hadoop.ozone.protocolPB.OzoneManagerProtocolServerSideTranslatorPB.submitRequest(OzoneManagerProtocolServerSideTranslatorPB.java:148) [ozone-manager-1.4.0-SNAPSHOT.jar:?]
	at org.apache.hadoop.ozone.protocol.proto.OzoneManagerProtocolProtos$OzoneManagerService$2.callBlockingMethod(OzoneManagerProtocolProtos.java) [ozone-interface-client-1.4.0-SNAPSHOT.jar:?]
	at org.apache.hadoop.ipc.ProtobufRpcEngine$Server.processCall(ProtobufRpcEngine.java:484) [hadoop-common-3.3.6.jar:?]
	at org.apache.hadoop.ipc.ProtobufRpcEngine2$Server$ProtoBufRpcInvoker.call(ProtobufRpcEngine2.java:595) [hadoop-common-3.3.6.jar:?]
	at org.apache.hadoop.ipc.ProtobufRpcEngine2$Server$ProtoBufRpcInvoker.call(ProtobufRpcEngine2.java:573) [hadoop-common-3.3.6.jar:?]
	at org.apache.hadoop.ipc.RPC$Server.call(RPC.java:1227) [hadoop-common-3.3.6.jar:?]
	at org.apache.hadoop.ipc.Server$RpcCall.run(Server.java:1094) [hadoop-common-3.3.6.jar:?]
	at org.apache.hadoop.ipc.Server$RpcCall.run(Server.java:1017) [hadoop-common-3.3.6.jar:?]
	at java.security.AccessController.doPrivileged(Native Method) ~[?:1.8.0_382]
	at javax.security.auth.Subject.doAs(Subject.java:422) [?:1.8.0_382]
	at org.apache.hadoop.security.UserGroupInformation.doAs(UserGroupInformation.java:1899) [hadoop-common-3.3.6.jar:?]
	at org.apache.hadoop.ipc.Server$Handler.run(Server.java:3048) [hadoop-common-3.3.6.jar:?]
17:50:01.058 [IPC Server handler 14 on default port 15004] ERROR OMAudit - user=runner | ip=127.0.0.1 | op=GET_FILE_STATUS {volume=770c4181-5453-4c22-84a7-71e5d89c108c, bucket=c715474a-d784-4409-a88e-c7d3e5831887, key=.Trash, dataSize=0, replicationConfig=null} | ret=FAILURE
org.apache.hadoop.ozone.om.exceptions.OMException: Unable to get file status: volume: 770c4181-5453-4c22-84a7-71e5d89c108c bucket: c715474a-d784-4409-a88e-c7d3e5831887 key: .Trash
	at org.apache.hadoop.ozone.om.KeyManagerImpl.getOzoneFileStatus(KeyManagerImpl.java:1195) ~[ozone-manager-1.4.0-SNAPSHOT.jar:?]
	at org.apache.hadoop.ozone.om.KeyManagerImpl.getFileStatus(KeyManagerImpl.java:1113) ~[ozone-manager-1.4.0-SNAPSHOT.jar:?]
	at org.apache.hadoop.ozone.om.OmMetadataReader.getFileStatus(OmMetadataReader.java:262) ~[ozone-manager-1.4.0-SNAPSHOT.jar:?]
	at org.apache.hadoop.ozone.om.OzoneManager.getFileStatus(OzoneManager.java:3533) ~[ozone-manager-1.4.0-SNAPSHOT.jar:?]
	at org.apache.hadoop.ozone.protocolPB.OzoneManagerRequestHandler.getOzoneFileStatus(OzoneManagerRequestHandler.java:971) ~[ozone-manager-1.4.0-SNAPSHOT.jar:?]
	at org.apache.hadoop.ozone.protocolPB.OzoneManagerRequestHandler.handleReadRequest(OzoneManagerRequestHandler.java:250) ~[ozone-manager-1.4.0-SNAPSHOT.jar:?]
	at org.apache.hadoop.ozone.protocolPB.OzoneManagerProtocolServerSideTranslatorPB.submitReadRequestToOM(OzoneManagerProtocolServerSideTranslatorPB.java:225) ~[ozone-manager-1.4.0-SNAPSHOT.jar:?]
	at org.apache.hadoop.ozone.protocolPB.OzoneManagerProtocolServerSideTranslatorPB.processRequest(OzoneManagerProtocolServerSideTranslatorPB.java:179) ~[ozone-manager-1.4.0-SNAPSHOT.jar:?]
	at org.apache.hadoop.hdds.server.OzoneProtocolMessageDispatcher.processRequest(OzoneProtocolMessageDispatcher.java:87) [hdds-server-framework-1.4.0-SNAPSHOT.jar:?]
	at org.apache.hadoop.ozone.protocolPB.OzoneManagerProtocolServerSideTranslatorPB.submitRequest(OzoneManagerProtocolServerSideTranslatorPB.java:148) [ozone-manager-1.4.0-SNAPSHOT.jar:?]
	at org.apache.hadoop.ozone.protocol.proto.OzoneManagerProtocolProtos$OzoneManagerService$2.callBlockingMethod(OzoneManagerProtocolProtos.java) [ozone-interface-client-1.4.0-SNAPSHOT.jar:?]
	at org.apache.hadoop.ipc.ProtobufRpcEngine$Server.processCall(ProtobufRpcEngine.java:484) [hadoop-common-3.3.6.jar:?]
	at org.apache.hadoop.ipc.ProtobufRpcEngine2$Server$ProtoBufRpcInvoker.call(ProtobufRpcEngine2.java:595) [hadoop-common-3.3.6.jar:?]
	at org.apache.hadoop.ipc.ProtobufRpcEngine2$Server$ProtoBufRpcInvoker.call(ProtobufRpcEngine2.java:573) [hadoop-common-3.3.6.jar:?]
	at org.apache.hadoop.ipc.RPC$Server.call(RPC.java:1227) [hadoop-common-3.3.6.jar:?]
	at org.apache.hadoop.ipc.Server$RpcCall.run(Server.java:1094) [hadoop-common-3.3.6.jar:?]
	at org.apache.hadoop.ipc.Server$RpcCall.run(Server.java:1017) [hadoop-common-3.3.6.jar:?]
	at java.security.AccessController.doPrivileged(Native Method) ~[?:1.8.0_382]
	at javax.security.auth.Subject.doAs(Subject.java:422) [?:1.8.0_382]
	at org.apache.hadoop.security.UserGroupInformation.doAs(UserGroupInformation.java:1899) [hadoop-common-3.3.6.jar:?]
	at org.apache.hadoop.ipc.Server$Handler.run(Server.java:3048) [hadoop-common-3.3.6.jar:?]
17:50:01.062 [IPC Server handler 17 on default port 15004] ERROR OMAudit - user=runner | ip=127.0.0.1 | op=GET_FILE_STATUS {volume=volume65675, bucket=bucket02565, key=.Trash, dataSize=0, replicationConfig=null} | ret=FAILURE
org.apache.hadoop.ozone.om.exceptions.OMException: Unable to get file status: volume: volume65675 bucket: bucket02565 key: .Trash
	at org.apache.hadoop.ozone.om.KeyManagerImpl.getOzoneFileStatusFSO(KeyManagerImpl.java:1320) ~[ozone-manager-1.4.0-SNAPSHOT.jar:?]
	at org.apache.hadoop.ozone.om.KeyManagerImpl.getFileStatus(KeyManagerImpl.java:1111) ~[ozone-manager-1.4.0-SNAPSHOT.jar:?]
	at org.apache.hadoop.ozone.om.OmMetadataReader.getFileStatus(OmMetadataReader.java:262) ~[ozone-manager-1.4.0-SNAPSHOT.jar:?]
	at org.apache.hadoop.ozone.om.OzoneManager.getFileStatus(OzoneManager.java:3533) ~[ozone-manager-1.4.0-SNAPSHOT.jar:?]
	at org.apache.hadoop.ozone.protocolPB.OzoneManagerRequestHandler.getOzoneFileStatus(OzoneManagerRequestHandler.java:971) ~[ozone-manager-1.4.0-SNAPSHOT.jar:?]
	at org.apache.hadoop.ozone.protocolPB.OzoneManagerRequestHandler.handleReadRequest(OzoneManagerRequestHandler.java:250) ~[ozone-manager-1.4.0-SNAPSHOT.jar:?]
	at org.apache.hadoop.ozone.protocolPB.OzoneManagerProtocolServerSideTranslatorPB.submitReadRequestToOM(OzoneManagerProtocolServerSideTranslatorPB.java:225) ~[ozone-manager-1.4.0-SNAPSHOT.jar:?]
	at org.apache.hadoop.ozone.protocolPB.OzoneManagerProtocolServerSideTranslatorPB.processRequest(OzoneManagerProtocolServerSideTranslatorPB.java:179) ~[ozone-manager-1.4.0-SNAPSHOT.jar:?]
	at org.apache.hadoop.hdds.server.OzoneProtocolMessageDispatcher.processRequest(OzoneProtocolMessageDispatcher.java:87) [hdds-server-framework-1.4.0-SNAPSHOT.jar:?]
	at org.apache.hadoop.ozone.protocolPB.OzoneManagerProtocolServerSideTranslatorPB.submitRequest(OzoneManagerProtocolServerSideTranslatorPB.java:148) [ozone-manager-1.4.0-SNAPSHOT.jar:?]
	at org.apache.hadoop.ozone.protocol.proto.OzoneManagerProtocolProtos$OzoneManagerService$2.callBlockingMethod(OzoneManagerProtocolProtos.java) [ozone-interface-client-1.4.0-SNAPSHOT.jar:?]
	at org.apache.hadoop.ipc.ProtobufRpcEngine$Server.processCall(ProtobufRpcEngine.java:484) [hadoop-common-3.3.6.jar:?]
	at org.apache.hadoop.ipc.ProtobufRpcEngine2$Server$ProtoBufRpcInvoker.call(ProtobufRpcEngine2.java:595) [hadoop-common-3.3.6.jar:?]
	at org.apache.hadoop.ipc.ProtobufRpcEngine2$Server$ProtoBufRpcInvoker.call(ProtobufRpcEngine2.java:573) [hadoop-common-3.3.6.jar:?]
	at org.apache.hadoop.ipc.RPC$Server.call(RPC.java:1227) [hadoop-common-3.3.6.jar:?]
	at org.apache.hadoop.ipc.Server$RpcCall.run(Server.java:1094) [hadoop-common-3.3.6.jar:?]
	at org.apache.hadoop.ipc.Server$RpcCall.run(Server.java:1017) [hadoop-common-3.3.6.jar:?]
	at java.security.AccessController.doPrivileged(Native Method) ~[?:1.8.0_382]
	at javax.security.auth.Subject.doAs(Subject.java:422) [?:1.8.0_382]
	at org.apache.hadoop.security.UserGroupInformation.doAs(UserGroupInformation.java:1899) [hadoop-common-3.3.6.jar:?]
	at org.apache.hadoop.ipc.Server$Handler.run(Server.java:3048) [hadoop-common-3.3.6.jar:?]
17:50:01.087 [IPC Server handler 8 on default port 15004] ERROR OMAudit - user=runner | ip=127.0.0.1 | op=GET_FILE_STATUS {volume=770c4181-5453-4c22-84a7-71e5d89c108c, bucket=c715474a-d784-4409-a88e-c7d3e5831887, key=.Trash, dataSize=0, replicationConfig=null} | ret=FAILURE
org.apache.hadoop.ozone.om.exceptions.OMException: Unable to get file status: volume: 770c4181-5453-4c22-84a7-71e5d89c108c bucket: c715474a-d784-4409-a88e-c7d3e5831887 key: .Trash
	at org.apache.hadoop.ozone.om.KeyManagerImpl.getOzoneFileStatus(KeyManagerImpl.java:1195) ~[ozone-manager-1.4.0-SNAPSHOT.jar:?]
	at org.apache.hadoop.ozone.om.KeyManagerImpl.getFileStatus(KeyManagerImpl.java:1113) ~[ozone-manager-1.4.0-SNAPSHOT.jar:?]
	at org.apache.hadoop.ozone.om.OmMetadataReader.getFileStatus(OmMetadataReader.java:262) ~[ozone-manager-1.4.0-SNAPSHOT.jar:?]
	at org.apache.hadoop.ozone.om.OzoneManager.getFileStatus(OzoneManager.java:3533) ~[ozone-manager-1.4.0-SNAPSHOT.jar:?]
	at org.apache.hadoop.ozone.protocolPB.OzoneManagerRequestHandler.getOzoneFileStatus(OzoneManagerRequestHandler.java:971) ~[ozone-manager-1.4.0-SNAPSHOT.jar:?]
	at org.apache.hadoop.ozone.protocolPB.OzoneManagerRequestHandler.handleReadRequest(OzoneManagerRequestHandler.java:250) ~[ozone-manager-1.4.0-SNAPSHOT.jar:?]
	at org.apache.hadoop.ozone.protocolPB.OzoneManagerProtocolServerSideTranslatorPB.submitReadRequestToOM(OzoneManagerProtocolServerSideTranslatorPB.java:225) ~[ozone-manager-1.4.0-SNAPSHOT.jar:?]
	at org.apache.hadoop.ozone.protocolPB.OzoneManagerProtocolServerSideTranslatorPB.processRequest(OzoneManagerProtocolServerSideTranslatorPB.java:179) ~[ozone-manager-1.4.0-SNAPSHOT.jar:?]
	at org.apache.hadoop.hdds.server.OzoneProtocolMessageDispatcher.processRequest(OzoneProtocolMessageDispatcher.java:87) [hdds-server-framework-1.4.0-SNAPSHOT.jar:?]
	at org.apache.hadoop.ozone.protocolPB.OzoneManagerProtocolServerSideTranslatorPB.submitRequest(OzoneManagerProtocolServerSideTranslatorPB.java:148) [ozone-manager-1.4.0-SNAPSHOT.jar:?]
	at org.apache.hadoop.ozone.protocol.proto.OzoneManagerProtocolProtos$OzoneManagerService$2.callBlockingMethod(OzoneManagerProtocolProtos.java) [ozone-interface-client-1.4.0-SNAPSHOT.jar:?]
	at org.apache.hadoop.ipc.ProtobufRpcEngine$Server.processCall(ProtobufRpcEngine.java:484) [hadoop-common-3.3.6.jar:?]
	at org.apache.hadoop.ipc.ProtobufRpcEngine2$Server$ProtoBufRpcInvoker.call(ProtobufRpcEngine2.java:595) [hadoop-common-3.3.6.jar:?]
	at org.apache.hadoop.ipc.ProtobufRpcEngine2$Server$ProtoBufRpcInvoker.call(ProtobufRpcEngine2.java:573) [hadoop-common-3.3.6.jar:?]
	at org.apache.hadoop.ipc.RPC$Server.call(RPC.java:1227) [hadoop-common-3.3.6.jar:?]
	at org.apache.hadoop.ipc.Server$RpcCall.run(Server.java:1094) [hadoop-common-3.3.6.jar:?]
	at org.apache.hadoop.ipc.Server$RpcCall.run(Server.java:1017) [hadoop-common-3.3.6.jar:?]
	at java.security.AccessController.doPrivileged(Native Method) ~[?:1.8.0_382]
	at javax.security.auth.Subject.doAs(Subject.java:422) [?:1.8.0_382]
	at org.apache.hadoop.security.UserGroupInformation.doAs(UserGroupInformation.java:1899) [hadoop-common-3.3.6.jar:?]
	at org.apache.hadoop.ipc.Server$Handler.run(Server.java:3048) [hadoop-common-3.3.6.jar:?]
17:50:01.090 [IPC Server handler 10 on default port 15004] ERROR OMAudit - user=runner | ip=127.0.0.1 | op=GET_FILE_STATUS {volume=volume65675, bucket=bucket02565, key=.Trash, dataSize=0, replicationConfig=null} | ret=FAILURE
org.apache.hadoop.ozone.om.exceptions.OMException: Unable to get file status: volume: volume65675 bucket: bucket02565 key: .Trash
	at org.apache.hadoop.ozone.om.KeyManagerImpl.getOzoneFileStatusFSO(KeyManagerImpl.java:1320) ~[ozone-manager-1.4.0-SNAPSHOT.jar:?]
	at org.apache.hadoop.ozone.om.KeyManagerImpl.getFileStatus(KeyManagerImpl.java:1111) ~[ozone-manager-1.4.0-SNAPSHOT.jar:?]
	at org.apache.hadoop.ozone.om.OmMetadataReader.getFileStatus(OmMetadataReader.java:262) ~[ozone-manager-1.4.0-SNAPSHOT.jar:?]
	at org.apache.hadoop.ozone.om.OzoneManager.getFileStatus(OzoneManager.java:3533) ~[ozone-manager-1.4.0-SNAPSHOT.jar:?]
	at org.apache.hadoop.ozone.protocolPB.OzoneManagerRequestHandler.getOzoneFileStatus(OzoneManagerRequestHandler.java:971) ~[ozone-manager-1.4.0-SNAPSHOT.jar:?]
	at org.apache.hadoop.ozone.protocolPB.OzoneManagerRequestHandler.handleReadRequest(OzoneManagerRequestHandler.java:250) ~[ozone-manager-1.4.0-SNAPSHOT.jar:?]
	at org.apache.hadoop.ozone.protocolPB.OzoneManagerProtocolServerSideTranslatorPB.submitReadRequestToOM(OzoneManagerProtocolServerSideTranslatorPB.java:225) ~[ozone-manager-1.4.0-SNAPSHOT.jar:?]
	at org.apache.hadoop.ozone.protocolPB.OzoneManagerProtocolServerSideTranslatorPB.processRequest(OzoneManagerProtocolServerSideTranslatorPB.java:179) ~[ozone-manager-1.4.0-SNAPSHOT.jar:?]
	at org.apache.hadoop.hdds.server.OzoneProtocolMessageDispatcher.processRequest(OzoneProtocolMessageDispatcher.java:87) [hdds-server-framework-1.4.0-SNAPSHOT.jar:?]
	at org.apache.hadoop.ozone.protocolPB.OzoneManagerProtocolServerSideTranslatorPB.submitRequest(OzoneManagerProtocolServerSideTranslatorPB.java:148) [ozone-manager-1.4.0-SNAPSHOT.jar:?]
	at org.apache.hadoop.ozone.protocol.proto.OzoneManagerProtocolProtos$OzoneManagerService$2.callBlockingMethod(OzoneManagerProtocolProtos.java) [ozone-interface-client-1.4.0-SNAPSHOT.jar:?]
	at org.apache.hadoop.ipc.ProtobufRpcEngine$Server.processCall(ProtobufRpcEngine.java:484) [hadoop-common-3.3.6.jar:?]
	at org.apache.hadoop.ipc.ProtobufRpcEngine2$Server$ProtoBufRpcInvoker.call(ProtobufRpcEngine2.java:595) [hadoop-common-3.3.6.jar:?]
	at org.apache.hadoop.ipc.ProtobufRpcEngine2$Server$ProtoBufRpcInvoker.call(ProtobufRpcEngine2.java:573) [hadoop-common-3.3.6.jar:?]
	at org.apache.hadoop.ipc.RPC$Server.call(RPC.java:1227) [hadoop-common-3.3.6.jar:?]
	at org.apache.hadoop.ipc.Server$RpcCall.run(Server.java:1094) [hadoop-common-3.3.6.jar:?]
	at org.apache.hadoop.ipc.Server$RpcCall.run(Server.java:1017) [hadoop-common-3.3.6.jar:?]
	at java.security.AccessController.doPrivileged(Native Method) ~[?:1.8.0_382]
	at javax.security.auth.Subject.doAs(Subject.java:422) [?:1.8.0_382]
	at org.apache.hadoop.security.UserGroupInformation.doAs(UserGroupInformation.java:1899) [hadoop-common-3.3.6.jar:?]
	at org.apache.hadoop.ipc.Server$Handler.run(Server.java:3048) [hadoop-common-3.3.6.jar:?]
2023-09-21 17:50:01,102 [Time-limited test] INFO  rpc.RpcClient (RpcClient.java:createBucket(688)) - Creating Bucket: volume81579/trashroottest2, with bucket layout FILE_SYSTEM_OPTIMIZED, runner as owner, Versioning false, Storage Type set to DISK and Encryption set to false, Replication Type set to server-side default replication type, Namespace Quota set to -1, Space Quota set to -1 
2023-09-21 17:50:01,104 [OM StateMachine ApplyTransaction Thread - 0] INFO  bucket.OMBucketCreateRequest (OMBucketCreateRequest.java:validateAndUpdateCache(270)) - created bucket: trashroottest2 of layout FILE_SYSTEM_OPTIMIZED in volume: volume81579
17:50:01.192 [IPC Server handler 8 on default port 15004] ERROR OMAudit - user=runner | ip=127.0.0.1 | op=GET_FILE_STATUS {volume=770c4181-5453-4c22-84a7-71e5d89c108c, bucket=c715474a-d784-4409-a88e-c7d3e5831887, key=.Trash, dataSize=0, replicationConfig=null} | ret=FAILURE
org.apache.hadoop.ozone.om.exceptions.OMException: Unable to get file status: volume: 770c4181-5453-4c22-84a7-71e5d89c108c bucket: c715474a-d784-4409-a88e-c7d3e5831887 key: .Trash
	at org.apache.hadoop.ozone.om.KeyManagerImpl.getOzoneFileStatus(KeyManagerImpl.java:1195) ~[ozone-manager-1.4.0-SNAPSHOT.jar:?]
	at org.apache.hadoop.ozone.om.KeyManagerImpl.getFileStatus(KeyManagerImpl.java:1113) ~[ozone-manager-1.4.0-SNAPSHOT.jar:?]
	at org.apache.hadoop.ozone.om.OmMetadataReader.getFileStatus(OmMetadataReader.java:262) ~[ozone-manager-1.4.0-SNAPSHOT.jar:?]
	at org.apache.hadoop.ozone.om.OzoneManager.getFileStatus(OzoneManager.java:3533) ~[ozone-manager-1.4.0-SNAPSHOT.jar:?]
	at org.apache.hadoop.ozone.protocolPB.OzoneManagerRequestHandler.getOzoneFileStatus(OzoneManagerRequestHandler.java:971) ~[ozone-manager-1.4.0-SNAPSHOT.jar:?]
	at org.apache.hadoop.ozone.protocolPB.OzoneManagerRequestHandler.handleReadRequest(OzoneManagerRequestHandler.java:250) ~[ozone-manager-1.4.0-SNAPSHOT.jar:?]
	at org.apache.hadoop.ozone.protocolPB.OzoneManagerProtocolServerSideTranslatorPB.submitReadRequestToOM(OzoneManagerProtocolServerSideTranslatorPB.java:225) ~[ozone-manager-1.4.0-SNAPSHOT.jar:?]
	at org.apache.hadoop.ozone.protocolPB.OzoneManagerProtocolServerSideTranslatorPB.processRequest(OzoneManagerProtocolServerSideTranslatorPB.java:179) ~[ozone-manager-1.4.0-SNAPSHOT.jar:?]
	at org.apache.hadoop.hdds.server.OzoneProtocolMessageDispatcher.processRequest(OzoneProtocolMessageDispatcher.java:87) [hdds-server-framework-1.4.0-SNAPSHOT.jar:?]
	at org.apache.hadoop.ozone.protocolPB.OzoneManagerProtocolServerSideTranslatorPB.submitRequest(OzoneManagerProtocolServerSideTranslatorPB.java:148) [ozone-manager-1.4.0-SNAPSHOT.jar:?]
	at org.apache.hadoop.ozone.protocol.proto.OzoneManagerProtocolProtos$OzoneManagerService$2.callBlockingMethod(OzoneManagerProtocolProtos.java) [ozone-interface-client-1.4.0-SNAPSHOT.jar:?]
	at org.apache.hadoop.ipc.ProtobufRpcEngine$Server.processCall(ProtobufRpcEngine.java:484) [hadoop-common-3.3.6.jar:?]
	at org.apache.hadoop.ipc.ProtobufRpcEngine2$Server$ProtoBufRpcInvoker.call(ProtobufRpcEngine2.java:595) [hadoop-common-3.3.6.jar:?]
	at org.apache.hadoop.ipc.ProtobufRpcEngine2$Server$ProtoBufRpcInvoker.call(ProtobufRpcEngine2.java:573) [hadoop-common-3.3.6.jar:?]
	at org.apache.hadoop.ipc.RPC$Server.call(RPC.java:1227) [hadoop-common-3.3.6.jar:?]
	at org.apache.hadoop.ipc.Server$RpcCall.run(Server.java:1094) [hadoop-common-3.3.6.jar:?]
	at org.apache.hadoop.ipc.Server$RpcCall.run(Server.java:1017) [hadoop-common-3.3.6.jar:?]
	at java.security.AccessController.doPrivileged(Native Method) ~[?:1.8.0_382]
	at javax.security.auth.Subject.doAs(Subject.java:422) [?:1.8.0_382]
	at org.apache.hadoop.security.UserGroupInformation.doAs(UserGroupInformation.java:1899) [hadoop-common-3.3.6.jar:?]
	at org.apache.hadoop.ipc.Server$Handler.run(Server.java:3048) [hadoop-common-3.3.6.jar:?]
17:50:01.197 [IPC Server handler 10 on default port 15004] ERROR OMAudit - user=runner | ip=127.0.0.1 | op=GET_FILE_STATUS {volume=volume65675, bucket=bucket02565, key=.Trash, dataSize=0, replicationConfig=null} | ret=FAILURE
org.apache.hadoop.ozone.om.exceptions.OMException: Unable to get file status: volume: volume65675 bucket: bucket02565 key: .Trash
	at org.apache.hadoop.ozone.om.KeyManagerImpl.getOzoneFileStatusFSO(KeyManagerImpl.java:1320) ~[ozone-manager-1.4.0-SNAPSHOT.jar:?]
	at org.apache.hadoop.ozone.om.KeyManagerImpl.getFileStatus(KeyManagerImpl.java:1111) ~[ozone-manager-1.4.0-SNAPSHOT.jar:?]
	at org.apache.hadoop.ozone.om.OmMetadataReader.getFileStatus(OmMetadataReader.java:262) ~[ozone-manager-1.4.0-SNAPSHOT.jar:?]
	at org.apache.hadoop.ozone.om.OzoneManager.getFileStatus(OzoneManager.java:3533) ~[ozone-manager-1.4.0-SNAPSHOT.jar:?]
	at org.apache.hadoop.ozone.protocolPB.OzoneManagerRequestHandler.getOzoneFileStatus(OzoneManagerRequestHandler.java:971) ~[ozone-manager-1.4.0-SNAPSHOT.jar:?]
	at org.apache.hadoop.ozone.protocolPB.OzoneManagerRequestHandler.handleReadRequest(OzoneManagerRequestHandler.java:250) ~[ozone-manager-1.4.0-SNAPSHOT.jar:?]
	at org.apache.hadoop.ozone.protocolPB.OzoneManagerProtocolServerSideTranslatorPB.submitReadRequestToOM(OzoneManagerProtocolServerSideTranslatorPB.java:225) ~[ozone-manager-1.4.0-SNAPSHOT.jar:?]
	at org.apache.hadoop.ozone.protocolPB.OzoneManagerProtocolServerSideTranslatorPB.processRequest(OzoneManagerProtocolServerSideTranslatorPB.java:179) ~[ozone-manager-1.4.0-SNAPSHOT.jar:?]
	at org.apache.hadoop.hdds.server.OzoneProtocolMessageDispatcher.processRequest(OzoneProtocolMessageDispatcher.java:87) [hdds-server-framework-1.4.0-SNAPSHOT.jar:?]
	at org.apache.hadoop.ozone.protocolPB.OzoneManagerProtocolServerSideTranslatorPB.submitRequest(OzoneManagerProtocolServerSideTranslatorPB.java:148) [ozone-manager-1.4.0-SNAPSHOT.jar:?]
	at org.apache.hadoop.ozone.protocol.proto.OzoneManagerProtocolProtos$OzoneManagerService$2.callBlockingMethod(OzoneManagerProtocolProtos.java) [ozone-interface-client-1.4.0-SNAPSHOT.jar:?]
	at org.apache.hadoop.ipc.ProtobufRpcEngine$Server.processCall(ProtobufRpcEngine.java:484) [hadoop-common-3.3.6.jar:?]
	at org.apache.hadoop.ipc.ProtobufRpcEngine2$Server$ProtoBufRpcInvoker.call(ProtobufRpcEngine2.java:595) [hadoop-common-3.3.6.jar:?]
	at org.apache.hadoop.ipc.ProtobufRpcEngine2$Server$ProtoBufRpcInvoker.call(ProtobufRpcEngine2.java:573) [hadoop-common-3.3.6.jar:?]
	at org.apache.hadoop.ipc.RPC$Server.call(RPC.java:1227) [hadoop-common-3.3.6.jar:?]
	at org.apache.hadoop.ipc.Server$RpcCall.run(Server.java:1094) [hadoop-common-3.3.6.jar:?]
	at org.apache.hadoop.ipc.Server$RpcCall.run(Server.java:1017) [hadoop-common-3.3.6.jar:?]
	at java.security.AccessController.doPrivileged(Native Method) ~[?:1.8.0_382]
	at javax.security.auth.Subject.doAs(Subject.java:422) [?:1.8.0_382]
	at org.apache.hadoop.security.UserGroupInformation.doAs(UserGroupInformation.java:1899) [hadoop-common-3.3.6.jar:?]
	at org.apache.hadoop.ipc.Server$Handler.run(Server.java:3048) [hadoop-common-3.3.6.jar:?]
17:50:01.245 [IPC Server handler 16 on default port 15004] ERROR OMAudit - user=runner | ip=127.0.0.1 | op=GET_FILE_STATUS {volume=770c4181-5453-4c22-84a7-71e5d89c108c, bucket=c715474a-d784-4409-a88e-c7d3e5831887, key=.Trash, dataSize=0, replicationConfig=null} | ret=FAILURE
org.apache.hadoop.ozone.om.exceptions.OMException: Unable to get file status: volume: 770c4181-5453-4c22-84a7-71e5d89c108c bucket: c715474a-d784-4409-a88e-c7d3e5831887 key: .Trash
	at org.apache.hadoop.ozone.om.KeyManagerImpl.getOzoneFileStatus(KeyManagerImpl.java:1195) ~[ozone-manager-1.4.0-SNAPSHOT.jar:?]
	at org.apache.hadoop.ozone.om.KeyManagerImpl.getFileStatus(KeyManagerImpl.java:1113) ~[ozone-manager-1.4.0-SNAPSHOT.jar:?]
	at org.apache.hadoop.ozone.om.OmMetadataReader.getFileStatus(OmMetadataReader.java:262) ~[ozone-manager-1.4.0-SNAPSHOT.jar:?]
	at org.apache.hadoop.ozone.om.OzoneManager.getFileStatus(OzoneManager.java:3533) ~[ozone-manager-1.4.0-SNAPSHOT.jar:?]
	at org.apache.hadoop.ozone.protocolPB.OzoneManagerRequestHandler.getOzoneFileStatus(OzoneManagerRequestHandler.java:971) ~[ozone-manager-1.4.0-SNAPSHOT.jar:?]
	at org.apache.hadoop.ozone.protocolPB.OzoneManagerRequestHandler.handleReadRequest(OzoneManagerRequestHandler.java:250) ~[ozone-manager-1.4.0-SNAPSHOT.jar:?]
	at org.apache.hadoop.ozone.protocolPB.OzoneManagerProtocolServerSideTranslatorPB.submitReadRequestToOM(OzoneManagerProtocolServerSideTranslatorPB.java:225) ~[ozone-manager-1.4.0-SNAPSHOT.jar:?]
	at org.apache.hadoop.ozone.protocolPB.OzoneManagerProtocolServerSideTranslatorPB.processRequest(OzoneManagerProtocolServerSideTranslatorPB.java:179) ~[ozone-manager-1.4.0-SNAPSHOT.jar:?]
	at org.apache.hadoop.hdds.server.OzoneProtocolMessageDispatcher.processRequest(OzoneProtocolMessageDispatcher.java:87) [hdds-server-framework-1.4.0-SNAPSHOT.jar:?]
	at org.apache.hadoop.ozone.protocolPB.OzoneManagerProtocolServerSideTranslatorPB.submitRequest(OzoneManagerProtocolServerSideTranslatorPB.java:148) [ozone-manager-1.4.0-SNAPSHOT.jar:?]
	at org.apache.hadoop.ozone.protocol.proto.OzoneManagerProtocolProtos$OzoneManagerService$2.callBlockingMethod(OzoneManagerProtocolProtos.java) [ozone-interface-client-1.4.0-SNAPSHOT.jar:?]
	at org.apache.hadoop.ipc.ProtobufRpcEngine$Server.processCall(ProtobufRpcEngine.java:484) [hadoop-common-3.3.6.jar:?]
	at org.apache.hadoop.ipc.ProtobufRpcEngine2$Server$ProtoBufRpcInvoker.call(ProtobufRpcEngine2.java:595) [hadoop-common-3.3.6.jar:?]
	at org.apache.hadoop.ipc.ProtobufRpcEngine2$Server$ProtoBufRpcInvoker.call(ProtobufRpcEngine2.java:573) [hadoop-common-3.3.6.jar:?]
	at org.apache.hadoop.ipc.RPC$Server.call(RPC.java:1227) [hadoop-common-3.3.6.jar:?]
	at org.apache.hadoop.ipc.Server$RpcCall.run(Server.java:1094) [hadoop-common-3.3.6.jar:?]
	at org.apache.hadoop.ipc.Server$RpcCall.run(Server.java:1017) [hadoop-common-3.3.6.jar:?]
	at java.security.AccessController.doPrivileged(Native Method) ~[?:1.8.0_382]
	at javax.security.auth.Subject.doAs(Subject.java:422) [?:1.8.0_382]
	at org.apache.hadoop.security.UserGroupInformation.doAs(UserGroupInformation.java:1899) [hadoop-common-3.3.6.jar:?]
	at org.apache.hadoop.ipc.Server$Handler.run(Server.java:3048) [hadoop-common-3.3.6.jar:?]
17:50:01.249 [IPC Server handler 2 on default port 15004] ERROR OMAudit - user=runner | ip=127.0.0.1 | op=GET_FILE_STATUS {volume=volume65675, bucket=bucket02565, key=.Trash, dataSize=0, replicationConfig=null} | ret=FAILURE
org.apache.hadoop.ozone.om.exceptions.OMException: Unable to get file status: volume: volume65675 bucket: bucket02565 key: .Trash
	at org.apache.hadoop.ozone.om.KeyManagerImpl.getOzoneFileStatusFSO(KeyManagerImpl.java:1320) ~[ozone-manager-1.4.0-SNAPSHOT.jar:?]
	at org.apache.hadoop.ozone.om.KeyManagerImpl.getFileStatus(KeyManagerImpl.java:1111) ~[ozone-manager-1.4.0-SNAPSHOT.jar:?]
	at org.apache.hadoop.ozone.om.OmMetadataReader.getFileStatus(OmMetadataReader.java:262) ~[ozone-manager-1.4.0-SNAPSHOT.jar:?]
	at org.apache.hadoop.ozone.om.OzoneManager.getFileStatus(OzoneManager.java:3533) ~[ozone-manager-1.4.0-SNAPSHOT.jar:?]
	at org.apache.hadoop.ozone.protocolPB.OzoneManagerRequestHandler.getOzoneFileStatus(OzoneManagerRequestHandler.java:971) ~[ozone-manager-1.4.0-SNAPSHOT.jar:?]
	at org.apache.hadoop.ozone.protocolPB.OzoneManagerRequestHandler.handleReadRequest(OzoneManagerRequestHandler.java:250) ~[ozone-manager-1.4.0-SNAPSHOT.jar:?]
	at org.apache.hadoop.ozone.protocolPB.OzoneManagerProtocolServerSideTranslatorPB.submitReadRequestToOM(OzoneManagerProtocolServerSideTranslatorPB.java:225) ~[ozone-manager-1.4.0-SNAPSHOT.jar:?]
	at org.apache.hadoop.ozone.protocolPB.OzoneManagerProtocolServerSideTranslatorPB.processRequest(OzoneManagerProtocolServerSideTranslatorPB.java:179) ~[ozone-manager-1.4.0-SNAPSHOT.jar:?]
	at org.apache.hadoop.hdds.server.OzoneProtocolMessageDispatcher.processRequest(OzoneProtocolMessageDispatcher.java:87) [hdds-server-framework-1.4.0-SNAPSHOT.jar:?]
	at org.apache.hadoop.ozone.protocolPB.OzoneManagerProtocolServerSideTranslatorPB.submitRequest(OzoneManagerProtocolServerSideTranslatorPB.java:148) [ozone-manager-1.4.0-SNAPSHOT.jar:?]
	at org.apache.hadoop.ozone.protocol.proto.OzoneManagerProtocolProtos$OzoneManagerService$2.callBlockingMethod(OzoneManagerProtocolProtos.java) [ozone-interface-client-1.4.0-SNAPSHOT.jar:?]
	at org.apache.hadoop.ipc.ProtobufRpcEngine$Server.processCall(ProtobufRpcEngine.java:484) [hadoop-common-3.3.6.jar:?]
	at org.apache.hadoop.ipc.ProtobufRpcEngine2$Server$ProtoBufRpcInvoker.call(ProtobufRpcEngine2.java:595) [hadoop-common-3.3.6.jar:?]
	at org.apache.hadoop.ipc.ProtobufRpcEngine2$Server$ProtoBufRpcInvoker.call(ProtobufRpcEngine2.java:573) [hadoop-common-3.3.6.jar:?]
	at org.apache.hadoop.ipc.RPC$Server.call(RPC.java:1227) [hadoop-common-3.3.6.jar:?]
	at org.apache.hadoop.ipc.Server$RpcCall.run(Server.java:1094) [hadoop-common-3.3.6.jar:?]
	at org.apache.hadoop.ipc.Server$RpcCall.run(Server.java:1017) [hadoop-common-3.3.6.jar:?]
	at java.security.AccessController.doPrivileged(Native Method) ~[?:1.8.0_382]
	at javax.security.auth.Subject.doAs(Subject.java:422) [?:1.8.0_382]
	at org.apache.hadoop.security.UserGroupInformation.doAs(UserGroupInformation.java:1899) [hadoop-common-3.3.6.jar:?]
	at org.apache.hadoop.ipc.Server$Handler.run(Server.java:3048) [hadoop-common-3.3.6.jar:?]
2023-09-21 17:50:01,285 [Time-limited test] INFO  rpc.RpcClient (RpcClient.java:createVolume(461)) - Creating Volume: volume72229, with user79561 as owner and space quota set to -1 bytes, counts quota set to -1
2023-09-21 17:50:01,290 [OM StateMachine ApplyTransaction Thread - 0] INFO  volume.OMVolumeCreateRequest (OMVolumeCreateRequest.java:validateAndUpdateCache(196)) - created volume:volume72229 for user:user79561
2023-09-21 17:50:01,292 [Time-limited test] INFO  rpc.RpcClient (RpcClient.java:createBucket(688)) - Creating Bucket: volume72229/bucket85812, with bucket layout FILE_SYSTEM_OPTIMIZED, runner as owner, Versioning false, Storage Type set to DISK and Encryption set to false, Replication Type set to server-side default replication type, Namespace Quota set to -1, Space Quota set to -1 
2023-09-21 17:50:01,294 [OM StateMachine ApplyTransaction Thread - 0] INFO  bucket.OMBucketCreateRequest (OMBucketCreateRequest.java:validateAndUpdateCache(270)) - created bucket: bucket85812 of layout FILE_SYSTEM_OPTIMIZED in volume: volume72229
17:50:01.329 [IPC Server handler 16 on default port 15004] ERROR OMAudit - user=runner | ip=127.0.0.1 | op=GET_FILE_STATUS {volume=770c4181-5453-4c22-84a7-71e5d89c108c, bucket=c715474a-d784-4409-a88e-c7d3e5831887, key=.Trash, dataSize=0, replicationConfig=null} | ret=FAILURE
org.apache.hadoop.ozone.om.exceptions.OMException: Unable to get file status: volume: 770c4181-5453-4c22-84a7-71e5d89c108c bucket: c715474a-d784-4409-a88e-c7d3e5831887 key: .Trash
	at org.apache.hadoop.ozone.om.KeyManagerImpl.getOzoneFileStatus(KeyManagerImpl.java:1195) ~[ozone-manager-1.4.0-SNAPSHOT.jar:?]
	at org.apache.hadoop.ozone.om.KeyManagerImpl.getFileStatus(KeyManagerImpl.java:1113) ~[ozone-manager-1.4.0-SNAPSHOT.jar:?]
	at org.apache.hadoop.ozone.om.OmMetadataReader.getFileStatus(OmMetadataReader.java:262) ~[ozone-manager-1.4.0-SNAPSHOT.jar:?]
	at org.apache.hadoop.ozone.om.OzoneManager.getFileStatus(OzoneManager.java:3533) ~[ozone-manager-1.4.0-SNAPSHOT.jar:?]
	at org.apache.hadoop.ozone.protocolPB.OzoneManagerRequestHandler.getOzoneFileStatus(OzoneManagerRequestHandler.java:971) ~[ozone-manager-1.4.0-SNAPSHOT.jar:?]
	at org.apache.hadoop.ozone.protocolPB.OzoneManagerRequestHandler.handleReadRequest(OzoneManagerRequestHandler.java:250) ~[ozone-manager-1.4.0-SNAPSHOT.jar:?]
	at org.apache.hadoop.ozone.protocolPB.OzoneManagerProtocolServerSideTranslatorPB.submitReadRequestToOM(OzoneManagerProtocolServerSideTranslatorPB.java:225) ~[ozone-manager-1.4.0-SNAPSHOT.jar:?]
	at org.apache.hadoop.ozone.protocolPB.OzoneManagerProtocolServerSideTranslatorPB.processRequest(OzoneManagerProtocolServerSideTranslatorPB.java:179) ~[ozone-manager-1.4.0-SNAPSHOT.jar:?]
	at org.apache.hadoop.hdds.server.OzoneProtocolMessageDispatcher.processRequest(OzoneProtocolMessageDispatcher.java:87) [hdds-server-framework-1.4.0-SNAPSHOT.jar:?]
	at org.apache.hadoop.ozone.protocolPB.OzoneManagerProtocolServerSideTranslatorPB.submitRequest(OzoneManagerProtocolServerSideTranslatorPB.java:148) [ozone-manager-1.4.0-SNAPSHOT.jar:?]
	at org.apache.hadoop.ozone.protocol.proto.OzoneManagerProtocolProtos$OzoneManagerService$2.callBlockingMethod(OzoneManagerProtocolProtos.java) [ozone-interface-client-1.4.0-SNAPSHOT.jar:?]
	at org.apache.hadoop.ipc.ProtobufRpcEngine$Server.processCall(ProtobufRpcEngine.java:484) [hadoop-common-3.3.6.jar:?]
	at org.apache.hadoop.ipc.ProtobufRpcEngine2$Server$ProtoBufRpcInvoker.call(ProtobufRpcEngine2.java:595) [hadoop-common-3.3.6.jar:?]
	at org.apache.hadoop.ipc.ProtobufRpcEngine2$Server$ProtoBufRpcInvoker.call(ProtobufRpcEngine2.java:573) [hadoop-common-3.3.6.jar:?]
	at org.apache.hadoop.ipc.RPC$Server.call(RPC.java:1227) [hadoop-common-3.3.6.jar:?]
	at org.apache.hadoop.ipc.Server$RpcCall.run(Server.java:1094) [hadoop-common-3.3.6.jar:?]
	at org.apache.hadoop.ipc.Server$RpcCall.run(Server.java:1017) [hadoop-common-3.3.6.jar:?]
	at java.security.AccessController.doPrivileged(Native Method) ~[?:1.8.0_382]
	at javax.security.auth.Subject.doAs(Subject.java:422) [?:1.8.0_382]
	at org.apache.hadoop.security.UserGroupInformation.doAs(UserGroupInformation.java:1899) [hadoop-common-3.3.6.jar:?]
	at org.apache.hadoop.ipc.Server$Handler.run(Server.java:3048) [hadoop-common-3.3.6.jar:?]
17:50:01.333 [IPC Server handler 2 on default port 15004] ERROR OMAudit - user=runner | ip=127.0.0.1 | op=GET_FILE_STATUS {volume=volume65675, bucket=bucket02565, key=.Trash, dataSize=0, replicationConfig=null} | ret=FAILURE
org.apache.hadoop.ozone.om.exceptions.OMException: Unable to get file status: volume: volume65675 bucket: bucket02565 key: .Trash
	at org.apache.hadoop.ozone.om.KeyManagerImpl.getOzoneFileStatusFSO(KeyManagerImpl.java:1320) ~[ozone-manager-1.4.0-SNAPSHOT.jar:?]
	at org.apache.hadoop.ozone.om.KeyManagerImpl.getFileStatus(KeyManagerImpl.java:1111) ~[ozone-manager-1.4.0-SNAPSHOT.jar:?]
	at org.apache.hadoop.ozone.om.OmMetadataReader.getFileStatus(OmMetadataReader.java:262) ~[ozone-manager-1.4.0-SNAPSHOT.jar:?]
	at org.apache.hadoop.ozone.om.OzoneManager.getFileStatus(OzoneManager.java:3533) ~[ozone-manager-1.4.0-SNAPSHOT.jar:?]
	at org.apache.hadoop.ozone.protocolPB.OzoneManagerRequestHandler.getOzoneFileStatus(OzoneManagerRequestHandler.java:971) ~[ozone-manager-1.4.0-SNAPSHOT.jar:?]
	at org.apache.hadoop.ozone.protocolPB.OzoneManagerRequestHandler.handleReadRequest(OzoneManagerRequestHandler.java:250) ~[ozone-manager-1.4.0-SNAPSHOT.jar:?]
	at org.apache.hadoop.ozone.protocolPB.OzoneManagerProtocolServerSideTranslatorPB.submitReadRequestToOM(OzoneManagerProtocolServerSideTranslatorPB.java:225) ~[ozone-manager-1.4.0-SNAPSHOT.jar:?]
	at org.apache.hadoop.ozone.protocolPB.OzoneManagerProtocolServerSideTranslatorPB.processRequest(OzoneManagerProtocolServerSideTranslatorPB.java:179) ~[ozone-manager-1.4.0-SNAPSHOT.jar:?]
	at org.apache.hadoop.hdds.server.OzoneProtocolMessageDispatcher.processRequest(OzoneProtocolMessageDispatcher.java:87) [hdds-server-framework-1.4.0-SNAPSHOT.jar:?]
	at org.apache.hadoop.ozone.protocolPB.OzoneManagerProtocolServerSideTranslatorPB.submitRequest(OzoneManagerProtocolServerSideTranslatorPB.java:148) [ozone-manager-1.4.0-SNAPSHOT.jar:?]
	at org.apache.hadoop.ozone.protocol.proto.OzoneManagerProtocolProtos$OzoneManagerService$2.callBlockingMethod(OzoneManagerProtocolProtos.java) [ozone-interface-client-1.4.0-SNAPSHOT.jar:?]
	at org.apache.hadoop.ipc.ProtobufRpcEngine$Server.processCall(ProtobufRpcEngine.java:484) [hadoop-common-3.3.6.jar:?]
	at org.apache.hadoop.ipc.ProtobufRpcEngine2$Server$ProtoBufRpcInvoker.call(ProtobufRpcEngine2.java:595) [hadoop-common-3.3.6.jar:?]
	at org.apache.hadoop.ipc.ProtobufRpcEngine2$Server$ProtoBufRpcInvoker.call(ProtobufRpcEngine2.java:573) [hadoop-common-3.3.6.jar:?]
	at org.apache.hadoop.ipc.RPC$Server.call(RPC.java:1227) [hadoop-common-3.3.6.jar:?]
	at org.apache.hadoop.ipc.Server$RpcCall.run(Server.java:1094) [hadoop-common-3.3.6.jar:?]
	at org.apache.hadoop.ipc.Server$RpcCall.run(Server.java:1017) [hadoop-common-3.3.6.jar:?]
	at java.security.AccessController.doPrivileged(Native Method) ~[?:1.8.0_382]
	at javax.security.auth.Subject.doAs(Subject.java:422) [?:1.8.0_382]
	at org.apache.hadoop.security.UserGroupInformation.doAs(UserGroupInformation.java:1899) [hadoop-common-3.3.6.jar:?]
	at org.apache.hadoop.ipc.Server$Handler.run(Server.java:3048) [hadoop-common-3.3.6.jar:?]
17:50:01.392 [IPC Server handler 1 on default port 15004] ERROR OMAudit - user=runner | ip=127.0.0.1 | op=GET_FILE_STATUS {volume=770c4181-5453-4c22-84a7-71e5d89c108c, bucket=c715474a-d784-4409-a88e-c7d3e5831887, key=.Trash, dataSize=0, replicationConfig=null} | ret=FAILURE
org.apache.hadoop.ozone.om.exceptions.OMException: Unable to get file status: volume: 770c4181-5453-4c22-84a7-71e5d89c108c bucket: c715474a-d784-4409-a88e-c7d3e5831887 key: .Trash
	at org.apache.hadoop.ozone.om.KeyManagerImpl.getOzoneFileStatus(KeyManagerImpl.java:1195) ~[ozone-manager-1.4.0-SNAPSHOT.jar:?]
	at org.apache.hadoop.ozone.om.KeyManagerImpl.getFileStatus(KeyManagerImpl.java:1113) ~[ozone-manager-1.4.0-SNAPSHOT.jar:?]
	at org.apache.hadoop.ozone.om.OmMetadataReader.getFileStatus(OmMetadataReader.java:262) ~[ozone-manager-1.4.0-SNAPSHOT.jar:?]
	at org.apache.hadoop.ozone.om.OzoneManager.getFileStatus(OzoneManager.java:3533) ~[ozone-manager-1.4.0-SNAPSHOT.jar:?]
	at org.apache.hadoop.ozone.protocolPB.OzoneManagerRequestHandler.getOzoneFileStatus(OzoneManagerRequestHandler.java:971) ~[ozone-manager-1.4.0-SNAPSHOT.jar:?]
	at org.apache.hadoop.ozone.protocolPB.OzoneManagerRequestHandler.handleReadRequest(OzoneManagerRequestHandler.java:250) ~[ozone-manager-1.4.0-SNAPSHOT.jar:?]
	at org.apache.hadoop.ozone.protocolPB.OzoneManagerProtocolServerSideTranslatorPB.submitReadRequestToOM(OzoneManagerProtocolServerSideTranslatorPB.java:225) ~[ozone-manager-1.4.0-SNAPSHOT.jar:?]
	at org.apache.hadoop.ozone.protocolPB.OzoneManagerProtocolServerSideTranslatorPB.processRequest(OzoneManagerProtocolServerSideTranslatorPB.java:179) ~[ozone-manager-1.4.0-SNAPSHOT.jar:?]
	at org.apache.hadoop.hdds.server.OzoneProtocolMessageDispatcher.processRequest(OzoneProtocolMessageDispatcher.java:87) [hdds-server-framework-1.4.0-SNAPSHOT.jar:?]
	at org.apache.hadoop.ozone.protocolPB.OzoneManagerProtocolServerSideTranslatorPB.submitRequest(OzoneManagerProtocolServerSideTranslatorPB.java:148) [ozone-manager-1.4.0-SNAPSHOT.jar:?]
	at org.apache.hadoop.ozone.protocol.proto.OzoneManagerProtocolProtos$OzoneManagerService$2.callBlockingMethod(OzoneManagerProtocolProtos.java) [ozone-interface-client-1.4.0-SNAPSHOT.jar:?]
	at org.apache.hadoop.ipc.ProtobufRpcEngine$Server.processCall(ProtobufRpcEngine.java:484) [hadoop-common-3.3.6.jar:?]
	at org.apache.hadoop.ipc.ProtobufRpcEngine2$Server$ProtoBufRpcInvoker.call(ProtobufRpcEngine2.java:595) [hadoop-common-3.3.6.jar:?]
	at org.apache.hadoop.ipc.ProtobufRpcEngine2$Server$ProtoBufRpcInvoker.call(ProtobufRpcEngine2.java:573) [hadoop-common-3.3.6.jar:?]
	at org.apache.hadoop.ipc.RPC$Server.call(RPC.java:1227) [hadoop-common-3.3.6.jar:?]
	at org.apache.hadoop.ipc.Server$RpcCall.run(Server.java:1094) [hadoop-common-3.3.6.jar:?]
	at org.apache.hadoop.ipc.Server$RpcCall.run(Server.java:1017) [hadoop-common-3.3.6.jar:?]
	at java.security.AccessController.doPrivileged(Native Method) ~[?:1.8.0_382]
	at javax.security.auth.Subject.doAs(Subject.java:422) [?:1.8.0_382]
	at org.apache.hadoop.security.UserGroupInformation.doAs(UserGroupInformation.java:1899) [hadoop-common-3.3.6.jar:?]
	at org.apache.hadoop.ipc.Server$Handler.run(Server.java:3048) [hadoop-common-3.3.6.jar:?]
17:50:01.397 [IPC Server handler 3 on default port 15004] ERROR OMAudit - user=runner | ip=127.0.0.1 | op=GET_FILE_STATUS {volume=volume65675, bucket=bucket02565, key=.Trash, dataSize=0, replicationConfig=null} | ret=FAILURE
org.apache.hadoop.ozone.om.exceptions.OMException: Unable to get file status: volume: volume65675 bucket: bucket02565 key: .Trash
	at org.apache.hadoop.ozone.om.KeyManagerImpl.getOzoneFileStatusFSO(KeyManagerImpl.java:1320) ~[ozone-manager-1.4.0-SNAPSHOT.jar:?]
	at org.apache.hadoop.ozone.om.KeyManagerImpl.getFileStatus(KeyManagerImpl.java:1111) ~[ozone-manager-1.4.0-SNAPSHOT.jar:?]
	at org.apache.hadoop.ozone.om.OmMetadataReader.getFileStatus(OmMetadataReader.java:262) ~[ozone-manager-1.4.0-SNAPSHOT.jar:?]
	at org.apache.hadoop.ozone.om.OzoneManager.getFileStatus(OzoneManager.java:3533) ~[ozone-manager-1.4.0-SNAPSHOT.jar:?]
	at org.apache.hadoop.ozone.protocolPB.OzoneManagerRequestHandler.getOzoneFileStatus(OzoneManagerRequestHandler.java:971) ~[ozone-manager-1.4.0-SNAPSHOT.jar:?]
	at org.apache.hadoop.ozone.protocolPB.OzoneManagerRequestHandler.handleReadRequest(OzoneManagerRequestHandler.java:250) ~[ozone-manager-1.4.0-SNAPSHOT.jar:?]
	at org.apache.hadoop.ozone.protocolPB.OzoneManagerProtocolServerSideTranslatorPB.submitReadRequestToOM(OzoneManagerProtocolServerSideTranslatorPB.java:225) ~[ozone-manager-1.4.0-SNAPSHOT.jar:?]
	at org.apache.hadoop.ozone.protocolPB.OzoneManagerProtocolServerSideTranslatorPB.processRequest(OzoneManagerProtocolServerSideTranslatorPB.java:179) ~[ozone-manager-1.4.0-SNAPSHOT.jar:?]
	at org.apache.hadoop.hdds.server.OzoneProtocolMessageDispatcher.processRequest(OzoneProtocolMessageDispatcher.java:87) [hdds-server-framework-1.4.0-SNAPSHOT.jar:?]
	at org.apache.hadoop.ozone.protocolPB.OzoneManagerProtocolServerSideTranslatorPB.submitRequest(OzoneManagerProtocolServerSideTranslatorPB.java:148) [ozone-manager-1.4.0-SNAPSHOT.jar:?]
	at org.apache.hadoop.ozone.protocol.proto.OzoneManagerProtocolProtos$OzoneManagerService$2.callBlockingMethod(OzoneManagerProtocolProtos.java) [ozone-interface-client-1.4.0-SNAPSHOT.jar:?]
	at org.apache.hadoop.ipc.ProtobufRpcEngine$Server.processCall(ProtobufRpcEngine.java:484) [hadoop-common-3.3.6.jar:?]
	at org.apache.hadoop.ipc.ProtobufRpcEngine2$Server$ProtoBufRpcInvoker.call(ProtobufRpcEngine2.java:595) [hadoop-common-3.3.6.jar:?]
	at org.apache.hadoop.ipc.ProtobufRpcEngine2$Server$ProtoBufRpcInvoker.call(ProtobufRpcEngine2.java:573) [hadoop-common-3.3.6.jar:?]
	at org.apache.hadoop.ipc.RPC$Server.call(RPC.java:1227) [hadoop-common-3.3.6.jar:?]
	at org.apache.hadoop.ipc.Server$RpcCall.run(Server.java:1094) [hadoop-common-3.3.6.jar:?]
	at org.apache.hadoop.ipc.Server$RpcCall.run(Server.java:1017) [hadoop-common-3.3.6.jar:?]
	at java.security.AccessController.doPrivileged(Native Method) ~[?:1.8.0_382]
	at javax.security.auth.Subject.doAs(Subject.java:422) [?:1.8.0_382]
	at org.apache.hadoop.security.UserGroupInformation.doAs(UserGroupInformation.java:1899) [hadoop-common-3.3.6.jar:?]
	at org.apache.hadoop.ipc.Server$Handler.run(Server.java:3048) [hadoop-common-3.3.6.jar:?]
17:50:01.453 [IPC Server handler 19 on default port 15004] ERROR OMAudit - user=runner | ip=127.0.0.1 | op=GET_FILE_STATUS {volume=volume72229, bucket=bucket85812, key=.Trash/runner, dataSize=0, replicationConfig=null} | ret=FAILURE
org.apache.hadoop.ozone.om.exceptions.OMException: Unable to get file status: volume: volume72229 bucket: bucket85812 key: .Trash/runner
	at org.apache.hadoop.ozone.om.KeyManagerImpl.getOzoneFileStatusFSO(KeyManagerImpl.java:1320) ~[ozone-manager-1.4.0-SNAPSHOT.jar:?]
	at org.apache.hadoop.ozone.om.KeyManagerImpl.getFileStatus(KeyManagerImpl.java:1111) ~[ozone-manager-1.4.0-SNAPSHOT.jar:?]
	at org.apache.hadoop.ozone.om.OmMetadataReader.getFileStatus(OmMetadataReader.java:262) ~[ozone-manager-1.4.0-SNAPSHOT.jar:?]
	at org.apache.hadoop.ozone.om.OzoneManager.getFileStatus(OzoneManager.java:3533) ~[ozone-manager-1.4.0-SNAPSHOT.jar:?]
	at org.apache.hadoop.ozone.protocolPB.OzoneManagerRequestHandler.getOzoneFileStatus(OzoneManagerRequestHandler.java:971) ~[ozone-manager-1.4.0-SNAPSHOT.jar:?]
	at org.apache.hadoop.ozone.protocolPB.OzoneManagerRequestHandler.handleReadRequest(OzoneManagerRequestHandler.java:250) ~[ozone-manager-1.4.0-SNAPSHOT.jar:?]
	at org.apache.hadoop.ozone.protocolPB.OzoneManagerProtocolServerSideTranslatorPB.submitReadRequestToOM(OzoneManagerProtocolServerSideTranslatorPB.java:225) ~[ozone-manager-1.4.0-SNAPSHOT.jar:?]
	at org.apache.hadoop.ozone.protocolPB.OzoneManagerProtocolServerSideTranslatorPB.processRequest(OzoneManagerProtocolServerSideTranslatorPB.java:179) ~[ozone-manager-1.4.0-SNAPSHOT.jar:?]
	at org.apache.hadoop.hdds.server.OzoneProtocolMessageDispatcher.processRequest(OzoneProtocolMessageDispatcher.java:87) [hdds-server-framework-1.4.0-SNAPSHOT.jar:?]
	at org.apache.hadoop.ozone.protocolPB.OzoneManagerProtocolServerSideTranslatorPB.submitRequest(OzoneManagerProtocolServerSideTranslatorPB.java:148) [ozone-manager-1.4.0-SNAPSHOT.jar:?]
	at org.apache.hadoop.ozone.protocol.proto.OzoneManagerProtocolProtos$OzoneManagerService$2.callBlockingMethod(OzoneManagerProtocolProtos.java) [ozone-interface-client-1.4.0-SNAPSHOT.jar:?]
	at org.apache.hadoop.ipc.ProtobufRpcEngine$Server.processCall(ProtobufRpcEngine.java:484) [hadoop-common-3.3.6.jar:?]
	at org.apache.hadoop.ipc.ProtobufRpcEngine2$Server$ProtoBufRpcInvoker.call(ProtobufRpcEngine2.java:595) [hadoop-common-3.3.6.jar:?]
	at org.apache.hadoop.ipc.ProtobufRpcEngine2$Server$ProtoBufRpcInvoker.call(ProtobufRpcEngine2.java:573) [hadoop-common-3.3.6.jar:?]
	at org.apache.hadoop.ipc.RPC$Server.call(RPC.java:1227) [hadoop-common-3.3.6.jar:?]
	at org.apache.hadoop.ipc.Server$RpcCall.run(Server.java:1094) [hadoop-common-3.3.6.jar:?]
	at org.apache.hadoop.ipc.Server$RpcCall.run(Server.java:1017) [hadoop-common-3.3.6.jar:?]
	at java.security.AccessController.doPrivileged(Native Method) ~[?:1.8.0_382]
	at javax.security.auth.Subject.doAs(Subject.java:422) [?:1.8.0_382]
	at org.apache.hadoop.security.UserGroupInformation.doAs(UserGroupInformation.java:1899) [hadoop-common-3.3.6.jar:?]
	at org.apache.hadoop.ipc.Server$Handler.run(Server.java:3048) [hadoop-common-3.3.6.jar:?]
17:50:01.459 [IPC Server handler 2 on default port 15004] ERROR OMAudit - user=runner | ip=127.0.0.1 | op=GET_FILE_STATUS {volume=770c4181-5453-4c22-84a7-71e5d89c108c, bucket=c715474a-d784-4409-a88e-c7d3e5831887, key=.Trash, dataSize=0, replicationConfig=null} | ret=FAILURE
org.apache.hadoop.ozone.om.exceptions.OMException: Unable to get file status: volume: 770c4181-5453-4c22-84a7-71e5d89c108c bucket: c715474a-d784-4409-a88e-c7d3e5831887 key: .Trash
	at org.apache.hadoop.ozone.om.KeyManagerImpl.getOzoneFileStatus(KeyManagerImpl.java:1195) ~[ozone-manager-1.4.0-SNAPSHOT.jar:?]
	at org.apache.hadoop.ozone.om.KeyManagerImpl.getFileStatus(KeyManagerImpl.java:1113) ~[ozone-manager-1.4.0-SNAPSHOT.jar:?]
	at org.apache.hadoop.ozone.om.OmMetadataReader.getFileStatus(OmMetadataReader.java:262) ~[ozone-manager-1.4.0-SNAPSHOT.jar:?]
	at org.apache.hadoop.ozone.om.OzoneManager.getFileStatus(OzoneManager.java:3533) ~[ozone-manager-1.4.0-SNAPSHOT.jar:?]
	at org.apache.hadoop.ozone.protocolPB.OzoneManagerRequestHandler.getOzoneFileStatus(OzoneManagerRequestHandler.java:971) ~[ozone-manager-1.4.0-SNAPSHOT.jar:?]
	at org.apache.hadoop.ozone.protocolPB.OzoneManagerRequestHandler.handleReadRequest(OzoneManagerRequestHandler.java:250) ~[ozone-manager-1.4.0-SNAPSHOT.jar:?]
	at org.apache.hadoop.ozone.protocolPB.OzoneManagerProtocolServerSideTranslatorPB.submitReadRequestToOM(OzoneManagerProtocolServerSideTranslatorPB.java:225) ~[ozone-manager-1.4.0-SNAPSHOT.jar:?]
	at org.apache.hadoop.ozone.protocolPB.OzoneManagerProtocolServerSideTranslatorPB.processRequest(OzoneManagerProtocolServerSideTranslatorPB.java:179) ~[ozone-manager-1.4.0-SNAPSHOT.jar:?]
	at org.apache.hadoop.hdds.server.OzoneProtocolMessageDispatcher.processRequest(OzoneProtocolMessageDispatcher.java:87) [hdds-server-framework-1.4.0-SNAPSHOT.jar:?]
	at org.apache.hadoop.ozone.protocolPB.OzoneManagerProtocolServerSideTranslatorPB.submitRequest(OzoneManagerProtocolServerSideTranslatorPB.java:148) [ozone-manager-1.4.0-SNAPSHOT.jar:?]
	at org.apache.hadoop.ozone.protocol.proto.OzoneManagerProtocolProtos$OzoneManagerService$2.callBlockingMethod(OzoneManagerProtocolProtos.java) [ozone-interface-client-1.4.0-SNAPSHOT.jar:?]
	at org.apache.hadoop.ipc.ProtobufRpcEngine$Server.processCall(ProtobufRpcEngine.java:484) [hadoop-common-3.3.6.jar:?]
	at org.apache.hadoop.ipc.ProtobufRpcEngine2$Server$ProtoBufRpcInvoker.call(ProtobufRpcEngine2.java:595) [hadoop-common-3.3.6.jar:?]
	at org.apache.hadoop.ipc.ProtobufRpcEngine2$Server$ProtoBufRpcInvoker.call(ProtobufRpcEngine2.java:573) [hadoop-common-3.3.6.jar:?]
	at org.apache.hadoop.ipc.RPC$Server.call(RPC.java:1227) [hadoop-common-3.3.6.jar:?]
	at org.apache.hadoop.ipc.Server$RpcCall.run(Server.java:1094) [hadoop-common-3.3.6.jar:?]
	at org.apache.hadoop.ipc.Server$RpcCall.run(Server.java:1017) [hadoop-common-3.3.6.jar:?]
	at java.security.AccessController.doPrivileged(Native Method) ~[?:1.8.0_382]
	at javax.security.auth.Subject.doAs(Subject.java:422) [?:1.8.0_382]
	at org.apache.hadoop.security.UserGroupInformation.doAs(UserGroupInformation.java:1899) [hadoop-common-3.3.6.jar:?]
	at org.apache.hadoop.ipc.Server$Handler.run(Server.java:3048) [hadoop-common-3.3.6.jar:?]
17:50:01.462 [IPC Server handler 9 on default port 15004] ERROR OMAudit - user=runner | ip=127.0.0.1 | op=GET_FILE_STATUS {volume=volume65675, bucket=bucket02565, key=.Trash, dataSize=0, replicationConfig=null} | ret=FAILURE
org.apache.hadoop.ozone.om.exceptions.OMException: Unable to get file status: volume: volume65675 bucket: bucket02565 key: .Trash
	at org.apache.hadoop.ozone.om.KeyManagerImpl.getOzoneFileStatusFSO(KeyManagerImpl.java:1320) ~[ozone-manager-1.4.0-SNAPSHOT.jar:?]
	at org.apache.hadoop.ozone.om.KeyManagerImpl.getFileStatus(KeyManagerImpl.java:1111) ~[ozone-manager-1.4.0-SNAPSHOT.jar:?]
	at org.apache.hadoop.ozone.om.OmMetadataReader.getFileStatus(OmMetadataReader.java:262) ~[ozone-manager-1.4.0-SNAPSHOT.jar:?]
	at org.apache.hadoop.ozone.om.OzoneManager.getFileStatus(OzoneManager.java:3533) ~[ozone-manager-1.4.0-SNAPSHOT.jar:?]
	at org.apache.hadoop.ozone.protocolPB.OzoneManagerRequestHandler.getOzoneFileStatus(OzoneManagerRequestHandler.java:971) ~[ozone-manager-1.4.0-SNAPSHOT.jar:?]
	at org.apache.hadoop.ozone.protocolPB.OzoneManagerRequestHandler.handleReadRequest(OzoneManagerRequestHandler.java:250) ~[ozone-manager-1.4.0-SNAPSHOT.jar:?]
	at org.apache.hadoop.ozone.protocolPB.OzoneManagerProtocolServerSideTranslatorPB.submitReadRequestToOM(OzoneManagerProtocolServerSideTranslatorPB.java:225) ~[ozone-manager-1.4.0-SNAPSHOT.jar:?]
	at org.apache.hadoop.ozone.protocolPB.OzoneManagerProtocolServerSideTranslatorPB.processRequest(OzoneManagerProtocolServerSideTranslatorPB.java:179) ~[ozone-manager-1.4.0-SNAPSHOT.jar:?]
	at org.apache.hadoop.hdds.server.OzoneProtocolMessageDispatcher.processRequest(OzoneProtocolMessageDispatcher.java:87) [hdds-server-framework-1.4.0-SNAPSHOT.jar:?]
	at org.apache.hadoop.ozone.protocolPB.OzoneManagerProtocolServerSideTranslatorPB.submitRequest(OzoneManagerProtocolServerSideTranslatorPB.java:148) [ozone-manager-1.4.0-SNAPSHOT.jar:?]
	at org.apache.hadoop.ozone.protocol.proto.OzoneManagerProtocolProtos$OzoneManagerService$2.callBlockingMethod(OzoneManagerProtocolProtos.java) [ozone-interface-client-1.4.0-SNAPSHOT.jar:?]
	at org.apache.hadoop.ipc.ProtobufRpcEngine$Server.processCall(ProtobufRpcEngine.java:484) [hadoop-common-3.3.6.jar:?]
	at org.apache.hadoop.ipc.ProtobufRpcEngine2$Server$ProtoBufRpcInvoker.call(ProtobufRpcEngine2.java:595) [hadoop-common-3.3.6.jar:?]
	at org.apache.hadoop.ipc.ProtobufRpcEngine2$Server$ProtoBufRpcInvoker.call(ProtobufRpcEngine2.java:573) [hadoop-common-3.3.6.jar:?]
	at org.apache.hadoop.ipc.RPC$Server.call(RPC.java:1227) [hadoop-common-3.3.6.jar:?]
	at org.apache.hadoop.ipc.Server$RpcCall.run(Server.java:1094) [hadoop-common-3.3.6.jar:?]
	at org.apache.hadoop.ipc.Server$RpcCall.run(Server.java:1017) [hadoop-common-3.3.6.jar:?]
	at java.security.AccessController.doPrivileged(Native Method) ~[?:1.8.0_382]
	at javax.security.auth.Subject.doAs(Subject.java:422) [?:1.8.0_382]
	at org.apache.hadoop.security.UserGroupInformation.doAs(UserGroupInformation.java:1899) [hadoop-common-3.3.6.jar:?]
	at org.apache.hadoop.ipc.Server$Handler.run(Server.java:3048) [hadoop-common-3.3.6.jar:?]
17:50:01.465 [IPC Server handler 5 on default port 15004] ERROR OMAudit - user=runner | ip=127.0.0.1 | op=GET_FILE_STATUS {volume=volume72229, bucket=bucket85812, key=.Trash, dataSize=0, replicationConfig=null} | ret=FAILURE
org.apache.hadoop.ozone.om.exceptions.OMException: Unable to get file status: volume: volume72229 bucket: bucket85812 key: .Trash
	at org.apache.hadoop.ozone.om.KeyManagerImpl.getOzoneFileStatusFSO(KeyManagerImpl.java:1320) ~[ozone-manager-1.4.0-SNAPSHOT.jar:?]
	at org.apache.hadoop.ozone.om.KeyManagerImpl.getFileStatus(KeyManagerImpl.java:1111) ~[ozone-manager-1.4.0-SNAPSHOT.jar:?]
	at org.apache.hadoop.ozone.om.OmMetadataReader.getFileStatus(OmMetadataReader.java:262) ~[ozone-manager-1.4.0-SNAPSHOT.jar:?]
	at org.apache.hadoop.ozone.om.OzoneManager.getFileStatus(OzoneManager.java:3533) ~[ozone-manager-1.4.0-SNAPSHOT.jar:?]
	at org.apache.hadoop.ozone.protocolPB.OzoneManagerRequestHandler.getOzoneFileStatus(OzoneManagerRequestHandler.java:971) ~[ozone-manager-1.4.0-SNAPSHOT.jar:?]
	at org.apache.hadoop.ozone.protocolPB.OzoneManagerRequestHandler.handleReadRequest(OzoneManagerRequestHandler.java:250) ~[ozone-manager-1.4.0-SNAPSHOT.jar:?]
	at org.apache.hadoop.ozone.protocolPB.OzoneManagerProtocolServerSideTranslatorPB.submitReadRequestToOM(OzoneManagerProtocolServerSideTranslatorPB.java:225) ~[ozone-manager-1.4.0-SNAPSHOT.jar:?]
	at org.apache.hadoop.ozone.protocolPB.OzoneManagerProtocolServerSideTranslatorPB.processRequest(OzoneManagerProtocolServerSideTranslatorPB.java:179) ~[ozone-manager-1.4.0-SNAPSHOT.jar:?]
	at org.apache.hadoop.hdds.server.OzoneProtocolMessageDispatcher.processRequest(OzoneProtocolMessageDispatcher.java:87) [hdds-server-framework-1.4.0-SNAPSHOT.jar:?]
	at org.apache.hadoop.ozone.protocolPB.OzoneManagerProtocolServerSideTranslatorPB.submitRequest(OzoneManagerProtocolServerSideTranslatorPB.java:148) [ozone-manager-1.4.0-SNAPSHOT.jar:?]
	at org.apache.hadoop.ozone.protocol.proto.OzoneManagerProtocolProtos$OzoneManagerService$2.callBlockingMethod(OzoneManagerProtocolProtos.java) [ozone-interface-client-1.4.0-SNAPSHOT.jar:?]
	at org.apache.hadoop.ipc.ProtobufRpcEngine$Server.processCall(ProtobufRpcEngine.java:484) [hadoop-common-3.3.6.jar:?]
	at org.apache.hadoop.ipc.ProtobufRpcEngine2$Server$ProtoBufRpcInvoker.call(ProtobufRpcEngine2.java:595) [hadoop-common-3.3.6.jar:?]
	at org.apache.hadoop.ipc.ProtobufRpcEngine2$Server$ProtoBufRpcInvoker.call(ProtobufRpcEngine2.java:573) [hadoop-common-3.3.6.jar:?]
	at org.apache.hadoop.ipc.RPC$Server.call(RPC.java:1227) [hadoop-common-3.3.6.jar:?]
	at org.apache.hadoop.ipc.Server$RpcCall.run(Server.java:1094) [hadoop-common-3.3.6.jar:?]
	at org.apache.hadoop.ipc.Server$RpcCall.run(Server.java:1017) [hadoop-common-3.3.6.jar:?]
	at java.security.AccessController.doPrivileged(Native Method) ~[?:1.8.0_382]
	at javax.security.auth.Subject.doAs(Subject.java:422) [?:1.8.0_382]
	at org.apache.hadoop.security.UserGroupInformation.doAs(UserGroupInformation.java:1899) [hadoop-common-3.3.6.jar:?]
	at org.apache.hadoop.ipc.Server$Handler.run(Server.java:3048) [hadoop-common-3.3.6.jar:?]
17:50:01.511 [IPC Server handler 3 on default port 15004] ERROR OMAudit - user=runner | ip=127.0.0.1 | op=GET_FILE_STATUS {volume=volume81579, bucket=trashroottest2, key=.Trash/runner, dataSize=0, replicationConfig=null} | ret=FAILURE
org.apache.hadoop.ozone.om.exceptions.OMException: Unable to get file status: volume: volume81579 bucket: trashroottest2 key: .Trash/runner
	at org.apache.hadoop.ozone.om.KeyManagerImpl.getOzoneFileStatusFSO(KeyManagerImpl.java:1320) ~[ozone-manager-1.4.0-SNAPSHOT.jar:?]
	at org.apache.hadoop.ozone.om.KeyManagerImpl.getFileStatus(KeyManagerImpl.java:1111) ~[ozone-manager-1.4.0-SNAPSHOT.jar:?]
	at org.apache.hadoop.ozone.om.OmMetadataReader.getFileStatus(OmMetadataReader.java:262) ~[ozone-manager-1.4.0-SNAPSHOT.jar:?]
	at org.apache.hadoop.ozone.om.OzoneManager.getFileStatus(OzoneManager.java:3533) ~[ozone-manager-1.4.0-SNAPSHOT.jar:?]
	at org.apache.hadoop.ozone.protocolPB.OzoneManagerRequestHandler.getOzoneFileStatus(OzoneManagerRequestHandler.java:971) ~[ozone-manager-1.4.0-SNAPSHOT.jar:?]
	at org.apache.hadoop.ozone.protocolPB.OzoneManagerRequestHandler.handleReadRequest(OzoneManagerRequestHandler.java:250) ~[ozone-manager-1.4.0-SNAPSHOT.jar:?]
	at org.apache.hadoop.ozone.protocolPB.OzoneManagerProtocolServerSideTranslatorPB.submitReadRequestToOM(OzoneManagerProtocolServerSideTranslatorPB.java:225) ~[ozone-manager-1.4.0-SNAPSHOT.jar:?]
	at org.apache.hadoop.ozone.protocolPB.OzoneManagerProtocolServerSideTranslatorPB.processRequest(OzoneManagerProtocolServerSideTranslatorPB.java:179) ~[ozone-manager-1.4.0-SNAPSHOT.jar:?]
	at org.apache.hadoop.hdds.server.OzoneProtocolMessageDispatcher.processRequest(OzoneProtocolMessageDispatcher.java:87) [hdds-server-framework-1.4.0-SNAPSHOT.jar:?]
	at org.apache.hadoop.ozone.protocolPB.OzoneManagerProtocolServerSideTranslatorPB.submitRequest(OzoneManagerProtocolServerSideTranslatorPB.java:148) [ozone-manager-1.4.0-SNAPSHOT.jar:?]
	at org.apache.hadoop.ozone.protocol.proto.OzoneManagerProtocolProtos$OzoneManagerService$2.callBlockingMethod(OzoneManagerProtocolProtos.java) [ozone-interface-client-1.4.0-SNAPSHOT.jar:?]
	at org.apache.hadoop.ipc.ProtobufRpcEngine$Server.processCall(ProtobufRpcEngine.java:484) [hadoop-common-3.3.6.jar:?]
	at org.apache.hadoop.ipc.ProtobufRpcEngine2$Server$ProtoBufRpcInvoker.call(ProtobufRpcEngine2.java:595) [hadoop-common-3.3.6.jar:?]
	at org.apache.hadoop.ipc.ProtobufRpcEngine2$Server$ProtoBufRpcInvoker.call(ProtobufRpcEngine2.java:573) [hadoop-common-3.3.6.jar:?]
	at org.apache.hadoop.ipc.RPC$Server.call(RPC.java:1227) [hadoop-common-3.3.6.jar:?]
	at org.apache.hadoop.ipc.Server$RpcCall.run(Server.java:1094) [hadoop-common-3.3.6.jar:?]
	at org.apache.hadoop.ipc.Server$RpcCall.run(Server.java:1017) [hadoop-common-3.3.6.jar:?]
	at java.security.AccessController.doPrivileged(Native Method) ~[?:1.8.0_382]
	at javax.security.auth.Subject.doAs(Subject.java:422) [?:1.8.0_382]
	at org.apache.hadoop.security.UserGroupInformation.doAs(UserGroupInformation.java:1899) [hadoop-common-3.3.6.jar:?]
	at org.apache.hadoop.ipc.Server$Handler.run(Server.java:3048) [hadoop-common-3.3.6.jar:?]
17:50:01.517 [IPC Server handler 12 on default port 15004] ERROR OMAudit - user=runner | ip=127.0.0.1 | op=GET_FILE_STATUS {volume=volume72229, bucket=bucket85812, key=.Trash/runner, dataSize=0, replicationConfig=null} | ret=FAILURE
org.apache.hadoop.ozone.om.exceptions.OMException: Unable to get file status: volume: volume72229 bucket: bucket85812 key: .Trash/runner
	at org.apache.hadoop.ozone.om.KeyManagerImpl.getOzoneFileStatusFSO(KeyManagerImpl.java:1320) ~[ozone-manager-1.4.0-SNAPSHOT.jar:?]
	at org.apache.hadoop.ozone.om.KeyManagerImpl.getFileStatus(KeyManagerImpl.java:1111) ~[ozone-manager-1.4.0-SNAPSHOT.jar:?]
	at org.apache.hadoop.ozone.om.OmMetadataReader.getFileStatus(OmMetadataReader.java:262) ~[ozone-manager-1.4.0-SNAPSHOT.jar:?]
	at org.apache.hadoop.ozone.om.OzoneManager.getFileStatus(OzoneManager.java:3533) ~[ozone-manager-1.4.0-SNAPSHOT.jar:?]
	at org.apache.hadoop.ozone.protocolPB.OzoneManagerRequestHandler.getOzoneFileStatus(OzoneManagerRequestHandler.java:971) ~[ozone-manager-1.4.0-SNAPSHOT.jar:?]
	at org.apache.hadoop.ozone.protocolPB.OzoneManagerRequestHandler.handleReadRequest(OzoneManagerRequestHandler.java:250) ~[ozone-manager-1.4.0-SNAPSHOT.jar:?]
	at org.apache.hadoop.ozone.protocolPB.OzoneManagerProtocolServerSideTranslatorPB.submitReadRequestToOM(OzoneManagerProtocolServerSideTranslatorPB.java:225) ~[ozone-manager-1.4.0-SNAPSHOT.jar:?]
	at org.apache.hadoop.ozone.protocolPB.OzoneManagerProtocolServerSideTranslatorPB.processRequest(OzoneManagerProtocolServerSideTranslatorPB.java:179) ~[ozone-manager-1.4.0-SNAPSHOT.jar:?]
	at org.apache.hadoop.hdds.server.OzoneProtocolMessageDispatcher.processRequest(OzoneProtocolMessageDispatcher.java:87) [hdds-server-framework-1.4.0-SNAPSHOT.jar:?]
	at org.apache.hadoop.ozone.protocolPB.OzoneManagerProtocolServerSideTranslatorPB.submitRequest(OzoneManagerProtocolServerSideTranslatorPB.java:148) [ozone-manager-1.4.0-SNAPSHOT.jar:?]
	at org.apache.hadoop.ozone.protocol.proto.OzoneManagerProtocolProtos$OzoneManagerService$2.callBlockingMethod(OzoneManagerProtocolProtos.java) [ozone-interface-client-1.4.0-SNAPSHOT.jar:?]
	at org.apache.hadoop.ipc.ProtobufRpcEngine$Server.processCall(ProtobufRpcEngine.java:484) [hadoop-common-3.3.6.jar:?]
	at org.apache.hadoop.ipc.ProtobufRpcEngine2$Server$ProtoBufRpcInvoker.call(ProtobufRpcEngine2.java:595) [hadoop-common-3.3.6.jar:?]
	at org.apache.hadoop.ipc.ProtobufRpcEngine2$Server$ProtoBufRpcInvoker.call(ProtobufRpcEngine2.java:573) [hadoop-common-3.3.6.jar:?]
	at org.apache.hadoop.ipc.RPC$Server.call(RPC.java:1227) [hadoop-common-3.3.6.jar:?]
	at org.apache.hadoop.ipc.Server$RpcCall.run(Server.java:1094) [hadoop-common-3.3.6.jar:?]
	at org.apache.hadoop.ipc.Server$RpcCall.run(Server.java:1017) [hadoop-common-3.3.6.jar:?]
	at java.security.AccessController.doPrivileged(Native Method) ~[?:1.8.0_382]
	at javax.security.auth.Subject.doAs(Subject.java:422) [?:1.8.0_382]
	at org.apache.hadoop.security.UserGroupInformation.doAs(UserGroupInformation.java:1899) [hadoop-common-3.3.6.jar:?]
	at org.apache.hadoop.ipc.Server$Handler.run(Server.java:3048) [hadoop-common-3.3.6.jar:?]
17:50:01.523 [IPC Server handler 18 on default port 15004] ERROR OMAudit - user=runner | ip=127.0.0.1 | op=GET_FILE_STATUS {volume=770c4181-5453-4c22-84a7-71e5d89c108c, bucket=c715474a-d784-4409-a88e-c7d3e5831887, key=.Trash, dataSize=0, replicationConfig=null} | ret=FAILURE
org.apache.hadoop.ozone.om.exceptions.OMException: Unable to get file status: volume: 770c4181-5453-4c22-84a7-71e5d89c108c bucket: c715474a-d784-4409-a88e-c7d3e5831887 key: .Trash
	at org.apache.hadoop.ozone.om.KeyManagerImpl.getOzoneFileStatus(KeyManagerImpl.java:1195) ~[ozone-manager-1.4.0-SNAPSHOT.jar:?]
	at org.apache.hadoop.ozone.om.KeyManagerImpl.getFileStatus(KeyManagerImpl.java:1113) ~[ozone-manager-1.4.0-SNAPSHOT.jar:?]
	at org.apache.hadoop.ozone.om.OmMetadataReader.getFileStatus(OmMetadataReader.java:262) ~[ozone-manager-1.4.0-SNAPSHOT.jar:?]
	at org.apache.hadoop.ozone.om.OzoneManager.getFileStatus(OzoneManager.java:3533) ~[ozone-manager-1.4.0-SNAPSHOT.jar:?]
	at org.apache.hadoop.ozone.protocolPB.OzoneManagerRequestHandler.getOzoneFileStatus(OzoneManagerRequestHandler.java:971) ~[ozone-manager-1.4.0-SNAPSHOT.jar:?]
	at org.apache.hadoop.ozone.protocolPB.OzoneManagerRequestHandler.handleReadRequest(OzoneManagerRequestHandler.java:250) ~[ozone-manager-1.4.0-SNAPSHOT.jar:?]
	at org.apache.hadoop.ozone.protocolPB.OzoneManagerProtocolServerSideTranslatorPB.submitReadRequestToOM(OzoneManagerProtocolServerSideTranslatorPB.java:225) ~[ozone-manager-1.4.0-SNAPSHOT.jar:?]
	at org.apache.hadoop.ozone.protocolPB.OzoneManagerProtocolServerSideTranslatorPB.processRequest(OzoneManagerProtocolServerSideTranslatorPB.java:179) ~[ozone-manager-1.4.0-SNAPSHOT.jar:?]
	at org.apache.hadoop.hdds.server.OzoneProtocolMessageDispatcher.processRequest(OzoneProtocolMessageDispatcher.java:87) [hdds-server-framework-1.4.0-SNAPSHOT.jar:?]
	at org.apache.hadoop.ozone.protocolPB.OzoneManagerProtocolServerSideTranslatorPB.submitRequest(OzoneManagerProtocolServerSideTranslatorPB.java:148) [ozone-manager-1.4.0-SNAPSHOT.jar:?]
	at org.apache.hadoop.ozone.protocol.proto.OzoneManagerProtocolProtos$OzoneManagerService$2.callBlockingMethod(OzoneManagerProtocolProtos.java) [ozone-interface-client-1.4.0-SNAPSHOT.jar:?]
	at org.apache.hadoop.ipc.ProtobufRpcEngine$Server.processCall(ProtobufRpcEngine.java:484) [hadoop-common-3.3.6.jar:?]
	at org.apache.hadoop.ipc.ProtobufRpcEngine2$Server$ProtoBufRpcInvoker.call(ProtobufRpcEngine2.java:595) [hadoop-common-3.3.6.jar:?]
	at org.apache.hadoop.ipc.ProtobufRpcEngine2$Server$ProtoBufRpcInvoker.call(ProtobufRpcEngine2.java:573) [hadoop-common-3.3.6.jar:?]
	at org.apache.hadoop.ipc.RPC$Server.call(RPC.java:1227) [hadoop-common-3.3.6.jar:?]
	at org.apache.hadoop.ipc.Server$RpcCall.run(Server.java:1094) [hadoop-common-3.3.6.jar:?]
	at org.apache.hadoop.ipc.Server$RpcCall.run(Server.java:1017) [hadoop-common-3.3.6.jar:?]
	at java.security.AccessController.doPrivileged(Native Method) ~[?:1.8.0_382]
	at javax.security.auth.Subject.doAs(Subject.java:422) [?:1.8.0_382]
	at org.apache.hadoop.security.UserGroupInformation.doAs(UserGroupInformation.java:1899) [hadoop-common-3.3.6.jar:?]
	at org.apache.hadoop.ipc.Server$Handler.run(Server.java:3048) [hadoop-common-3.3.6.jar:?]
17:50:01.529 [IPC Server handler 4 on default port 15004] ERROR OMAudit - user=runner | ip=127.0.0.1 | op=GET_FILE_STATUS {volume=volume65675, bucket=bucket02565, key=.Trash, dataSize=0, replicationConfig=null} | ret=FAILURE
org.apache.hadoop.ozone.om.exceptions.OMException: Unable to get file status: volume: volume65675 bucket: bucket02565 key: .Trash
	at org.apache.hadoop.ozone.om.KeyManagerImpl.getOzoneFileStatusFSO(KeyManagerImpl.java:1320) ~[ozone-manager-1.4.0-SNAPSHOT.jar:?]
	at org.apache.hadoop.ozone.om.KeyManagerImpl.getFileStatus(KeyManagerImpl.java:1111) ~[ozone-manager-1.4.0-SNAPSHOT.jar:?]
	at org.apache.hadoop.ozone.om.OmMetadataReader.getFileStatus(OmMetadataReader.java:262) ~[ozone-manager-1.4.0-SNAPSHOT.jar:?]
	at org.apache.hadoop.ozone.om.OzoneManager.getFileStatus(OzoneManager.java:3533) ~[ozone-manager-1.4.0-SNAPSHOT.jar:?]
	at org.apache.hadoop.ozone.protocolPB.OzoneManagerRequestHandler.getOzoneFileStatus(OzoneManagerRequestHandler.java:971) ~[ozone-manager-1.4.0-SNAPSHOT.jar:?]
	at org.apache.hadoop.ozone.protocolPB.OzoneManagerRequestHandler.handleReadRequest(OzoneManagerRequestHandler.java:250) ~[ozone-manager-1.4.0-SNAPSHOT.jar:?]
	at org.apache.hadoop.ozone.protocolPB.OzoneManagerProtocolServerSideTranslatorPB.submitReadRequestToOM(OzoneManagerProtocolServerSideTranslatorPB.java:225) ~[ozone-manager-1.4.0-SNAPSHOT.jar:?]
	at org.apache.hadoop.ozone.protocolPB.OzoneManagerProtocolServerSideTranslatorPB.processRequest(OzoneManagerProtocolServerSideTranslatorPB.java:179) ~[ozone-manager-1.4.0-SNAPSHOT.jar:?]
	at org.apache.hadoop.hdds.server.OzoneProtocolMessageDispatcher.processRequest(OzoneProtocolMessageDispatcher.java:87) [hdds-server-framework-1.4.0-SNAPSHOT.jar:?]
	at org.apache.hadoop.ozone.protocolPB.OzoneManagerProtocolServerSideTranslatorPB.submitRequest(OzoneManagerProtocolServerSideTranslatorPB.java:148) [ozone-manager-1.4.0-SNAPSHOT.jar:?]
	at org.apache.hadoop.ozone.protocol.proto.OzoneManagerProtocolProtos$OzoneManagerService$2.callBlockingMethod(OzoneManagerProtocolProtos.java) [ozone-interface-client-1.4.0-SNAPSHOT.jar:?]
	at org.apache.hadoop.ipc.ProtobufRpcEngine$Server.processCall(ProtobufRpcEngine.java:484) [hadoop-common-3.3.6.jar:?]
	at org.apache.hadoop.ipc.ProtobufRpcEngine2$Server$ProtoBufRpcInvoker.call(ProtobufRpcEngine2.java:595) [hadoop-common-3.3.6.jar:?]
	at org.apache.hadoop.ipc.ProtobufRpcEngine2$Server$ProtoBufRpcInvoker.call(ProtobufRpcEngine2.java:573) [hadoop-common-3.3.6.jar:?]
	at org.apache.hadoop.ipc.RPC$Server.call(RPC.java:1227) [hadoop-common-3.3.6.jar:?]
	at org.apache.hadoop.ipc.Server$RpcCall.run(Server.java:1094) [hadoop-common-3.3.6.jar:?]
	at org.apache.hadoop.ipc.Server$RpcCall.run(Server.java:1017) [hadoop-common-3.3.6.jar:?]
	at java.security.AccessController.doPrivileged(Native Method) ~[?:1.8.0_382]
	at javax.security.auth.Subject.doAs(Subject.java:422) [?:1.8.0_382]
	at org.apache.hadoop.security.UserGroupInformation.doAs(UserGroupInformation.java:1899) [hadoop-common-3.3.6.jar:?]
	at org.apache.hadoop.ipc.Server$Handler.run(Server.java:3048) [hadoop-common-3.3.6.jar:?]
17:50:01.532 [IPC Server handler 3 on default port 15004] ERROR OMAudit - user=runner | ip=127.0.0.1 | op=GET_FILE_STATUS {volume=volume72229, bucket=bucket85812, key=.Trash, dataSize=0, replicationConfig=null} | ret=FAILURE
org.apache.hadoop.ozone.om.exceptions.OMException: Unable to get file status: volume: volume72229 bucket: bucket85812 key: .Trash
	at org.apache.hadoop.ozone.om.KeyManagerImpl.getOzoneFileStatusFSO(KeyManagerImpl.java:1320) ~[ozone-manager-1.4.0-SNAPSHOT.jar:?]
	at org.apache.hadoop.ozone.om.KeyManagerImpl.getFileStatus(KeyManagerImpl.java:1111) ~[ozone-manager-1.4.0-SNAPSHOT.jar:?]
	at org.apache.hadoop.ozone.om.OmMetadataReader.getFileStatus(OmMetadataReader.java:262) ~[ozone-manager-1.4.0-SNAPSHOT.jar:?]
	at org.apache.hadoop.ozone.om.OzoneManager.getFileStatus(OzoneManager.java:3533) ~[ozone-manager-1.4.0-SNAPSHOT.jar:?]
	at org.apache.hadoop.ozone.protocolPB.OzoneManagerRequestHandler.getOzoneFileStatus(OzoneManagerRequestHandler.java:971) ~[ozone-manager-1.4.0-SNAPSHOT.jar:?]
	at org.apache.hadoop.ozone.protocolPB.OzoneManagerRequestHandler.handleReadRequest(OzoneManagerRequestHandler.java:250) ~[ozone-manager-1.4.0-SNAPSHOT.jar:?]
	at org.apache.hadoop.ozone.protocolPB.OzoneManagerProtocolServerSideTranslatorPB.submitReadRequestToOM(OzoneManagerProtocolServerSideTranslatorPB.java:225) ~[ozone-manager-1.4.0-SNAPSHOT.jar:?]
	at org.apache.hadoop.ozone.protocolPB.OzoneManagerProtocolServerSideTranslatorPB.processRequest(OzoneManagerProtocolServerSideTranslatorPB.java:179) ~[ozone-manager-1.4.0-SNAPSHOT.jar:?]
	at org.apache.hadoop.hdds.server.OzoneProtocolMessageDispatcher.processRequest(OzoneProtocolMessageDispatcher.java:87) [hdds-server-framework-1.4.0-SNAPSHOT.jar:?]
	at org.apache.hadoop.ozone.protocolPB.OzoneManagerProtocolServerSideTranslatorPB.submitRequest(OzoneManagerProtocolServerSideTranslatorPB.java:148) [ozone-manager-1.4.0-SNAPSHOT.jar:?]
	at org.apache.hadoop.ozone.protocol.proto.OzoneManagerProtocolProtos$OzoneManagerService$2.callBlockingMethod(OzoneManagerProtocolProtos.java) [ozone-interface-client-1.4.0-SNAPSHOT.jar:?]
	at org.apache.hadoop.ipc.ProtobufRpcEngine$Server.processCall(ProtobufRpcEngine.java:484) [hadoop-common-3.3.6.jar:?]
	at org.apache.hadoop.ipc.ProtobufRpcEngine2$Server$ProtoBufRpcInvoker.call(ProtobufRpcEngine2.java:595) [hadoop-common-3.3.6.jar:?]
	at org.apache.hadoop.ipc.ProtobufRpcEngine2$Server$ProtoBufRpcInvoker.call(ProtobufRpcEngine2.java:573) [hadoop-common-3.3.6.jar:?]
	at org.apache.hadoop.ipc.RPC$Server.call(RPC.java:1227) [hadoop-common-3.3.6.jar:?]
	at org.apache.hadoop.ipc.Server$RpcCall.run(Server.java:1094) [hadoop-common-3.3.6.jar:?]
	at org.apache.hadoop.ipc.Server$RpcCall.run(Server.java:1017) [hadoop-common-3.3.6.jar:?]
	at java.security.AccessController.doPrivileged(Native Method) ~[?:1.8.0_382]
	at javax.security.auth.Subject.doAs(Subject.java:422) [?:1.8.0_382]
	at org.apache.hadoop.security.UserGroupInformation.doAs(UserGroupInformation.java:1899) [hadoop-common-3.3.6.jar:?]
	at org.apache.hadoop.ipc.Server$Handler.run(Server.java:3048) [hadoop-common-3.3.6.jar:?]
17:50:01.543 [IPC Server handler 19 on default port 15004] ERROR OMAudit - user=runner | ip=127.0.0.1 | op=GET_FILE_STATUS {volume=volume81579, bucket=trashroottest2, key=.Trash, dataSize=0, replicationConfig=null} | ret=FAILURE
org.apache.hadoop.ozone.om.exceptions.OMException: Unable to get file status: volume: volume81579 bucket: trashroottest2 key: .Trash
	at org.apache.hadoop.ozone.om.KeyManagerImpl.getOzoneFileStatusFSO(KeyManagerImpl.java:1320) ~[ozone-manager-1.4.0-SNAPSHOT.jar:?]
	at org.apache.hadoop.ozone.om.KeyManagerImpl.getFileStatus(KeyManagerImpl.java:1111) ~[ozone-manager-1.4.0-SNAPSHOT.jar:?]
	at org.apache.hadoop.ozone.om.OmMetadataReader.getFileStatus(OmMetadataReader.java:262) ~[ozone-manager-1.4.0-SNAPSHOT.jar:?]
	at org.apache.hadoop.ozone.om.OzoneManager.getFileStatus(OzoneManager.java:3533) ~[ozone-manager-1.4.0-SNAPSHOT.jar:?]
	at org.apache.hadoop.ozone.protocolPB.OzoneManagerRequestHandler.getOzoneFileStatus(OzoneManagerRequestHandler.java:971) ~[ozone-manager-1.4.0-SNAPSHOT.jar:?]
	at org.apache.hadoop.ozone.protocolPB.OzoneManagerRequestHandler.handleReadRequest(OzoneManagerRequestHandler.java:250) ~[ozone-manager-1.4.0-SNAPSHOT.jar:?]
	at org.apache.hadoop.ozone.protocolPB.OzoneManagerProtocolServerSideTranslatorPB.submitReadRequestToOM(OzoneManagerProtocolServerSideTranslatorPB.java:225) ~[ozone-manager-1.4.0-SNAPSHOT.jar:?]
	at org.apache.hadoop.ozone.protocolPB.OzoneManagerProtocolServerSideTranslatorPB.processRequest(OzoneManagerProtocolServerSideTranslatorPB.java:179) ~[ozone-manager-1.4.0-SNAPSHOT.jar:?]
	at org.apache.hadoop.hdds.server.OzoneProtocolMessageDispatcher.processRequest(OzoneProtocolMessageDispatcher.java:87) [hdds-server-framework-1.4.0-SNAPSHOT.jar:?]
	at org.apache.hadoop.ozone.protocolPB.OzoneManagerProtocolServerSideTranslatorPB.submitRequest(OzoneManagerProtocolServerSideTranslatorPB.java:148) [ozone-manager-1.4.0-SNAPSHOT.jar:?]
	at org.apache.hadoop.ozone.protocol.proto.OzoneManagerProtocolProtos$OzoneManagerService$2.callBlockingMethod(OzoneManagerProtocolProtos.java) [ozone-interface-client-1.4.0-SNAPSHOT.jar:?]
	at org.apache.hadoop.ipc.ProtobufRpcEngine$Server.processCall(ProtobufRpcEngine.java:484) [hadoop-common-3.3.6.jar:?]
	at org.apache.hadoop.ipc.ProtobufRpcEngine2$Server$ProtoBufRpcInvoker.call(ProtobufRpcEngine2.java:595) [hadoop-common-3.3.6.jar:?]
	at org.apache.hadoop.ipc.ProtobufRpcEngine2$Server$ProtoBufRpcInvoker.call(ProtobufRpcEngine2.java:573) [hadoop-common-3.3.6.jar:?]
	at org.apache.hadoop.ipc.RPC$Server.call(RPC.java:1227) [hadoop-common-3.3.6.jar:?]
	at org.apache.hadoop.ipc.Server$RpcCall.run(Server.java:1094) [hadoop-common-3.3.6.jar:?]
	at org.apache.hadoop.ipc.Server$RpcCall.run(Server.java:1017) [hadoop-common-3.3.6.jar:?]
	at java.security.AccessController.doPrivileged(Native Method) ~[?:1.8.0_382]
	at javax.security.auth.Subject.doAs(Subject.java:422) [?:1.8.0_382]
	at org.apache.hadoop.security.UserGroupInformation.doAs(UserGroupInformation.java:1899) [hadoop-common-3.3.6.jar:?]
	at org.apache.hadoop.ipc.Server$Handler.run(Server.java:3048) [hadoop-common-3.3.6.jar:?]
17:50:01.568 [IPC Server handler 14 on default port 15004] ERROR OMAudit - user=runner | ip=127.0.0.1 | op=GET_FILE_STATUS {volume=volume81579, bucket=trashroottest2, key=.Trash/runner, dataSize=0, replicationConfig=null} | ret=FAILURE
org.apache.hadoop.ozone.om.exceptions.OMException: Unable to get file status: volume: volume81579 bucket: trashroottest2 key: .Trash/runner
	at org.apache.hadoop.ozone.om.KeyManagerImpl.getOzoneFileStatusFSO(KeyManagerImpl.java:1320) ~[ozone-manager-1.4.0-SNAPSHOT.jar:?]
	at org.apache.hadoop.ozone.om.KeyManagerImpl.getFileStatus(KeyManagerImpl.java:1111) ~[ozone-manager-1.4.0-SNAPSHOT.jar:?]
	at org.apache.hadoop.ozone.om.OmMetadataReader.getFileStatus(OmMetadataReader.java:262) ~[ozone-manager-1.4.0-SNAPSHOT.jar:?]
	at org.apache.hadoop.ozone.om.OzoneManager.getFileStatus(OzoneManager.java:3533) ~[ozone-manager-1.4.0-SNAPSHOT.jar:?]
	at org.apache.hadoop.ozone.protocolPB.OzoneManagerRequestHandler.getOzoneFileStatus(OzoneManagerRequestHandler.java:971) ~[ozone-manager-1.4.0-SNAPSHOT.jar:?]
	at org.apache.hadoop.ozone.protocolPB.OzoneManagerRequestHandler.handleReadRequest(OzoneManagerRequestHandler.java:250) ~[ozone-manager-1.4.0-SNAPSHOT.jar:?]
	at org.apache.hadoop.ozone.protocolPB.OzoneManagerProtocolServerSideTranslatorPB.submitReadRequestToOM(OzoneManagerProtocolServerSideTranslatorPB.java:225) ~[ozone-manager-1.4.0-SNAPSHOT.jar:?]
	at org.apache.hadoop.ozone.protocolPB.OzoneManagerProtocolServerSideTranslatorPB.processRequest(OzoneManagerProtocolServerSideTranslatorPB.java:179) ~[ozone-manager-1.4.0-SNAPSHOT.jar:?]
	at org.apache.hadoop.hdds.server.OzoneProtocolMessageDispatcher.processRequest(OzoneProtocolMessageDispatcher.java:87) [hdds-server-framework-1.4.0-SNAPSHOT.jar:?]
	at org.apache.hadoop.ozone.protocolPB.OzoneManagerProtocolServerSideTranslatorPB.submitRequest(OzoneManagerProtocolServerSideTranslatorPB.java:148) [ozone-manager-1.4.0-SNAPSHOT.jar:?]
	at org.apache.hadoop.ozone.protocol.proto.OzoneManagerProtocolProtos$OzoneManagerService$2.callBlockingMethod(OzoneManagerProtocolProtos.java) [ozone-interface-client-1.4.0-SNAPSHOT.jar:?]
	at org.apache.hadoop.ipc.ProtobufRpcEngine$Server.processCall(ProtobufRpcEngine.java:484) [hadoop-common-3.3.6.jar:?]
	at org.apache.hadoop.ipc.ProtobufRpcEngine2$Server$ProtoBufRpcInvoker.call(ProtobufRpcEngine2.java:595) [hadoop-common-3.3.6.jar:?]
	at org.apache.hadoop.ipc.ProtobufRpcEngine2$Server$ProtoBufRpcInvoker.call(ProtobufRpcEngine2.java:573) [hadoop-common-3.3.6.jar:?]
	at org.apache.hadoop.ipc.RPC$Server.call(RPC.java:1227) [hadoop-common-3.3.6.jar:?]
	at org.apache.hadoop.ipc.Server$RpcCall.run(Server.java:1094) [hadoop-common-3.3.6.jar:?]
	at org.apache.hadoop.ipc.Server$RpcCall.run(Server.java:1017) [hadoop-common-3.3.6.jar:?]
	at java.security.AccessController.doPrivileged(Native Method) ~[?:1.8.0_382]
	at javax.security.auth.Subject.doAs(Subject.java:422) [?:1.8.0_382]
	at org.apache.hadoop.security.UserGroupInformation.doAs(UserGroupInformation.java:1899) [hadoop-common-3.3.6.jar:?]
	at org.apache.hadoop.ipc.Server$Handler.run(Server.java:3048) [hadoop-common-3.3.6.jar:?]
17:50:01.573 [IPC Server handler 17 on default port 15004] ERROR OMAudit - user=runner | ip=127.0.0.1 | op=GET_FILE_STATUS {volume=volume72229, bucket=bucket85812, key=.Trash/runner, dataSize=0, replicationConfig=null} | ret=FAILURE
org.apache.hadoop.ozone.om.exceptions.OMException: Unable to get file status: volume: volume72229 bucket: bucket85812 key: .Trash/runner
	at org.apache.hadoop.ozone.om.KeyManagerImpl.getOzoneFileStatusFSO(KeyManagerImpl.java:1320) ~[ozone-manager-1.4.0-SNAPSHOT.jar:?]
	at org.apache.hadoop.ozone.om.KeyManagerImpl.getFileStatus(KeyManagerImpl.java:1111) ~[ozone-manager-1.4.0-SNAPSHOT.jar:?]
	at org.apache.hadoop.ozone.om.OmMetadataReader.getFileStatus(OmMetadataReader.java:262) ~[ozone-manager-1.4.0-SNAPSHOT.jar:?]
	at org.apache.hadoop.ozone.om.OzoneManager.getFileStatus(OzoneManager.java:3533) ~[ozone-manager-1.4.0-SNAPSHOT.jar:?]
	at org.apache.hadoop.ozone.protocolPB.OzoneManagerRequestHandler.getOzoneFileStatus(OzoneManagerRequestHandler.java:971) ~[ozone-manager-1.4.0-SNAPSHOT.jar:?]
	at org.apache.hadoop.ozone.protocolPB.OzoneManagerRequestHandler.handleReadRequest(OzoneManagerRequestHandler.java:250) ~[ozone-manager-1.4.0-SNAPSHOT.jar:?]
	at org.apache.hadoop.ozone.protocolPB.OzoneManagerProtocolServerSideTranslatorPB.submitReadRequestToOM(OzoneManagerProtocolServerSideTranslatorPB.java:225) ~[ozone-manager-1.4.0-SNAPSHOT.jar:?]
	at org.apache.hadoop.ozone.protocolPB.OzoneManagerProtocolServerSideTranslatorPB.processRequest(OzoneManagerProtocolServerSideTranslatorPB.java:179) ~[ozone-manager-1.4.0-SNAPSHOT.jar:?]
	at org.apache.hadoop.hdds.server.OzoneProtocolMessageDispatcher.processRequest(OzoneProtocolMessageDispatcher.java:87) [hdds-server-framework-1.4.0-SNAPSHOT.jar:?]
	at org.apache.hadoop.ozone.protocolPB.OzoneManagerProtocolServerSideTranslatorPB.submitRequest(OzoneManagerProtocolServerSideTranslatorPB.java:148) [ozone-manager-1.4.0-SNAPSHOT.jar:?]
	at org.apache.hadoop.ozone.protocol.proto.OzoneManagerProtocolProtos$OzoneManagerService$2.callBlockingMethod(OzoneManagerProtocolProtos.java) [ozone-interface-client-1.4.0-SNAPSHOT.jar:?]
	at org.apache.hadoop.ipc.ProtobufRpcEngine$Server.processCall(ProtobufRpcEngine.java:484) [hadoop-common-3.3.6.jar:?]
	at org.apache.hadoop.ipc.ProtobufRpcEngine2$Server$ProtoBufRpcInvoker.call(ProtobufRpcEngine2.java:595) [hadoop-common-3.3.6.jar:?]
	at org.apache.hadoop.ipc.ProtobufRpcEngine2$Server$ProtoBufRpcInvoker.call(ProtobufRpcEngine2.java:573) [hadoop-common-3.3.6.jar:?]
	at org.apache.hadoop.ipc.RPC$Server.call(RPC.java:1227) [hadoop-common-3.3.6.jar:?]
	at org.apache.hadoop.ipc.Server$RpcCall.run(Server.java:1094) [hadoop-common-3.3.6.jar:?]
	at org.apache.hadoop.ipc.Server$RpcCall.run(Server.java:1017) [hadoop-common-3.3.6.jar:?]
	at java.security.AccessController.doPrivileged(Native Method) ~[?:1.8.0_382]
	at javax.security.auth.Subject.doAs(Subject.java:422) [?:1.8.0_382]
	at org.apache.hadoop.security.UserGroupInformation.doAs(UserGroupInformation.java:1899) [hadoop-common-3.3.6.jar:?]
	at org.apache.hadoop.ipc.Server$Handler.run(Server.java:3048) [hadoop-common-3.3.6.jar:?]
17:50:01.579 [IPC Server handler 3 on default port 15004] ERROR OMAudit - user=runner | ip=127.0.0.1 | op=GET_FILE_STATUS {volume=770c4181-5453-4c22-84a7-71e5d89c108c, bucket=c715474a-d784-4409-a88e-c7d3e5831887, key=.Trash, dataSize=0, replicationConfig=null} | ret=FAILURE
org.apache.hadoop.ozone.om.exceptions.OMException: Unable to get file status: volume: 770c4181-5453-4c22-84a7-71e5d89c108c bucket: c715474a-d784-4409-a88e-c7d3e5831887 key: .Trash
	at org.apache.hadoop.ozone.om.KeyManagerImpl.getOzoneFileStatus(KeyManagerImpl.java:1195) ~[ozone-manager-1.4.0-SNAPSHOT.jar:?]
	at org.apache.hadoop.ozone.om.KeyManagerImpl.getFileStatus(KeyManagerImpl.java:1113) ~[ozone-manager-1.4.0-SNAPSHOT.jar:?]
	at org.apache.hadoop.ozone.om.OmMetadataReader.getFileStatus(OmMetadataReader.java:262) ~[ozone-manager-1.4.0-SNAPSHOT.jar:?]
	at org.apache.hadoop.ozone.om.OzoneManager.getFileStatus(OzoneManager.java:3533) ~[ozone-manager-1.4.0-SNAPSHOT.jar:?]
	at org.apache.hadoop.ozone.protocolPB.OzoneManagerRequestHandler.getOzoneFileStatus(OzoneManagerRequestHandler.java:971) ~[ozone-manager-1.4.0-SNAPSHOT.jar:?]
	at org.apache.hadoop.ozone.protocolPB.OzoneManagerRequestHandler.handleReadRequest(OzoneManagerRequestHandler.java:250) ~[ozone-manager-1.4.0-SNAPSHOT.jar:?]
	at org.apache.hadoop.ozone.protocolPB.OzoneManagerProtocolServerSideTranslatorPB.submitReadRequestToOM(OzoneManagerProtocolServerSideTranslatorPB.java:225) ~[ozone-manager-1.4.0-SNAPSHOT.jar:?]
	at org.apache.hadoop.ozone.protocolPB.OzoneManagerProtocolServerSideTranslatorPB.processRequest(OzoneManagerProtocolServerSideTranslatorPB.java:179) ~[ozone-manager-1.4.0-SNAPSHOT.jar:?]
	at org.apache.hadoop.hdds.server.OzoneProtocolMessageDispatcher.processRequest(OzoneProtocolMessageDispatcher.java:87) [hdds-server-framework-1.4.0-SNAPSHOT.jar:?]
	at org.apache.hadoop.ozone.protocolPB.OzoneManagerProtocolServerSideTranslatorPB.submitRequest(OzoneManagerProtocolServerSideTranslatorPB.java:148) [ozone-manager-1.4.0-SNAPSHOT.jar:?]
	at org.apache.hadoop.ozone.protocol.proto.OzoneManagerProtocolProtos$OzoneManagerService$2.callBlockingMethod(OzoneManagerProtocolProtos.java) [ozone-interface-client-1.4.0-SNAPSHOT.jar:?]
	at org.apache.hadoop.ipc.ProtobufRpcEngine$Server.processCall(ProtobufRpcEngine.java:484) [hadoop-common-3.3.6.jar:?]
	at org.apache.hadoop.ipc.ProtobufRpcEngine2$Server$ProtoBufRpcInvoker.call(ProtobufRpcEngine2.java:595) [hadoop-common-3.3.6.jar:?]
	at org.apache.hadoop.ipc.ProtobufRpcEngine2$Server$ProtoBufRpcInvoker.call(ProtobufRpcEngine2.java:573) [hadoop-common-3.3.6.jar:?]
	at org.apache.hadoop.ipc.RPC$Server.call(RPC.java:1227) [hadoop-common-3.3.6.jar:?]
	at org.apache.hadoop.ipc.Server$RpcCall.run(Server.java:1094) [hadoop-common-3.3.6.jar:?]
	at org.apache.hadoop.ipc.Server$RpcCall.run(Server.java:1017) [hadoop-common-3.3.6.jar:?]
	at java.security.AccessController.doPrivileged(Native Method) ~[?:1.8.0_382]
	at javax.security.auth.Subject.doAs(Subject.java:422) [?:1.8.0_382]
	at org.apache.hadoop.security.UserGroupInformation.doAs(UserGroupInformation.java:1899) [hadoop-common-3.3.6.jar:?]
	at org.apache.hadoop.ipc.Server$Handler.run(Server.java:3048) [hadoop-common-3.3.6.jar:?]
17:50:01.583 [IPC Server handler 12 on default port 15004] ERROR OMAudit - user=runner | ip=127.0.0.1 | op=GET_FILE_STATUS {volume=volume65675, bucket=bucket02565, key=.Trash, dataSize=0, replicationConfig=null} | ret=FAILURE
org.apache.hadoop.ozone.om.exceptions.OMException: Unable to get file status: volume: volume65675 bucket: bucket02565 key: .Trash
	at org.apache.hadoop.ozone.om.KeyManagerImpl.getOzoneFileStatusFSO(KeyManagerImpl.java:1320) ~[ozone-manager-1.4.0-SNAPSHOT.jar:?]
	at org.apache.hadoop.ozone.om.KeyManagerImpl.getFileStatus(KeyManagerImpl.java:1111) ~[ozone-manager-1.4.0-SNAPSHOT.jar:?]
	at org.apache.hadoop.ozone.om.OmMetadataReader.getFileStatus(OmMetadataReader.java:262) ~[ozone-manager-1.4.0-SNAPSHOT.jar:?]
	at org.apache.hadoop.ozone.om.OzoneManager.getFileStatus(OzoneManager.java:3533) ~[ozone-manager-1.4.0-SNAPSHOT.jar:?]
	at org.apache.hadoop.ozone.protocolPB.OzoneManagerRequestHandler.getOzoneFileStatus(OzoneManagerRequestHandler.java:971) ~[ozone-manager-1.4.0-SNAPSHOT.jar:?]
	at org.apache.hadoop.ozone.protocolPB.OzoneManagerRequestHandler.handleReadRequest(OzoneManagerRequestHandler.java:250) ~[ozone-manager-1.4.0-SNAPSHOT.jar:?]
	at org.apache.hadoop.ozone.protocolPB.OzoneManagerProtocolServerSideTranslatorPB.submitReadRequestToOM(OzoneManagerProtocolServerSideTranslatorPB.java:225) ~[ozone-manager-1.4.0-SNAPSHOT.jar:?]
	at org.apache.hadoop.ozone.protocolPB.OzoneManagerProtocolServerSideTranslatorPB.processRequest(OzoneManagerProtocolServerSideTranslatorPB.java:179) ~[ozone-manager-1.4.0-SNAPSHOT.jar:?]
	at org.apache.hadoop.hdds.server.OzoneProtocolMessageDispatcher.processRequest(OzoneProtocolMessageDispatcher.java:87) [hdds-server-framework-1.4.0-SNAPSHOT.jar:?]
	at org.apache.hadoop.ozone.protocolPB.OzoneManagerProtocolServerSideTranslatorPB.submitRequest(OzoneManagerProtocolServerSideTranslatorPB.java:148) [ozone-manager-1.4.0-SNAPSHOT.jar:?]
	at org.apache.hadoop.ozone.protocol.proto.OzoneManagerProtocolProtos$OzoneManagerService$2.callBlockingMethod(OzoneManagerProtocolProtos.java) [ozone-interface-client-1.4.0-SNAPSHOT.jar:?]
	at org.apache.hadoop.ipc.ProtobufRpcEngine$Server.processCall(ProtobufRpcEngine.java:484) [hadoop-common-3.3.6.jar:?]
	at org.apache.hadoop.ipc.ProtobufRpcEngine2$Server$ProtoBufRpcInvoker.call(ProtobufRpcEngine2.java:595) [hadoop-common-3.3.6.jar:?]
	at org.apache.hadoop.ipc.ProtobufRpcEngine2$Server$ProtoBufRpcInvoker.call(ProtobufRpcEngine2.java:573) [hadoop-common-3.3.6.jar:?]
	at org.apache.hadoop.ipc.RPC$Server.call(RPC.java:1227) [hadoop-common-3.3.6.jar:?]
	at org.apache.hadoop.ipc.Server$RpcCall.run(Server.java:1094) [hadoop-common-3.3.6.jar:?]
	at org.apache.hadoop.ipc.Server$RpcCall.run(Server.java:1017) [hadoop-common-3.3.6.jar:?]
	at java.security.AccessController.doPrivileged(Native Method) ~[?:1.8.0_382]
	at javax.security.auth.Subject.doAs(Subject.java:422) [?:1.8.0_382]
	at org.apache.hadoop.security.UserGroupInformation.doAs(UserGroupInformation.java:1899) [hadoop-common-3.3.6.jar:?]
	at org.apache.hadoop.ipc.Server$Handler.run(Server.java:3048) [hadoop-common-3.3.6.jar:?]
17:50:01.587 [IPC Server handler 14 on default port 15004] ERROR OMAudit - user=runner | ip=127.0.0.1 | op=GET_FILE_STATUS {volume=volume72229, bucket=bucket85812, key=.Trash, dataSize=0, replicationConfig=null} | ret=FAILURE
org.apache.hadoop.ozone.om.exceptions.OMException: Unable to get file status: volume: volume72229 bucket: bucket85812 key: .Trash
	at org.apache.hadoop.ozone.om.KeyManagerImpl.getOzoneFileStatusFSO(KeyManagerImpl.java:1320) ~[ozone-manager-1.4.0-SNAPSHOT.jar:?]
	at org.apache.hadoop.ozone.om.KeyManagerImpl.getFileStatus(KeyManagerImpl.java:1111) ~[ozone-manager-1.4.0-SNAPSHOT.jar:?]
	at org.apache.hadoop.ozone.om.OmMetadataReader.getFileStatus(OmMetadataReader.java:262) ~[ozone-manager-1.4.0-SNAPSHOT.jar:?]
	at org.apache.hadoop.ozone.om.OzoneManager.getFileStatus(OzoneManager.java:3533) ~[ozone-manager-1.4.0-SNAPSHOT.jar:?]
	at org.apache.hadoop.ozone.protocolPB.OzoneManagerRequestHandler.getOzoneFileStatus(OzoneManagerRequestHandler.java:971) ~[ozone-manager-1.4.0-SNAPSHOT.jar:?]
	at org.apache.hadoop.ozone.protocolPB.OzoneManagerRequestHandler.handleReadRequest(OzoneManagerRequestHandler.java:250) ~[ozone-manager-1.4.0-SNAPSHOT.jar:?]
	at org.apache.hadoop.ozone.protocolPB.OzoneManagerProtocolServerSideTranslatorPB.submitReadRequestToOM(OzoneManagerProtocolServerSideTranslatorPB.java:225) ~[ozone-manager-1.4.0-SNAPSHOT.jar:?]
	at org.apache.hadoop.ozone.protocolPB.OzoneManagerProtocolServerSideTranslatorPB.processRequest(OzoneManagerProtocolServerSideTranslatorPB.java:179) ~[ozone-manager-1.4.0-SNAPSHOT.jar:?]
	at org.apache.hadoop.hdds.server.OzoneProtocolMessageDispatcher.processRequest(OzoneProtocolMessageDispatcher.java:87) [hdds-server-framework-1.4.0-SNAPSHOT.jar:?]
	at org.apache.hadoop.ozone.protocolPB.OzoneManagerProtocolServerSideTranslatorPB.submitRequest(OzoneManagerProtocolServerSideTranslatorPB.java:148) [ozone-manager-1.4.0-SNAPSHOT.jar:?]
	at org.apache.hadoop.ozone.protocol.proto.OzoneManagerProtocolProtos$OzoneManagerService$2.callBlockingMethod(OzoneManagerProtocolProtos.java) [ozone-interface-client-1.4.0-SNAPSHOT.jar:?]
	at org.apache.hadoop.ipc.ProtobufRpcEngine$Server.processCall(ProtobufRpcEngine.java:484) [hadoop-common-3.3.6.jar:?]
	at org.apache.hadoop.ipc.ProtobufRpcEngine2$Server$ProtoBufRpcInvoker.call(ProtobufRpcEngine2.java:595) [hadoop-common-3.3.6.jar:?]
	at org.apache.hadoop.ipc.ProtobufRpcEngine2$Server$ProtoBufRpcInvoker.call(ProtobufRpcEngine2.java:573) [hadoop-common-3.3.6.jar:?]
	at org.apache.hadoop.ipc.RPC$Server.call(RPC.java:1227) [hadoop-common-3.3.6.jar:?]
	at org.apache.hadoop.ipc.Server$RpcCall.run(Server.java:1094) [hadoop-common-3.3.6.jar:?]
	at org.apache.hadoop.ipc.Server$RpcCall.run(Server.java:1017) [hadoop-common-3.3.6.jar:?]
	at java.security.AccessController.doPrivileged(Native Method) ~[?:1.8.0_382]
	at javax.security.auth.Subject.doAs(Subject.java:422) [?:1.8.0_382]
	at org.apache.hadoop.security.UserGroupInformation.doAs(UserGroupInformation.java:1899) [hadoop-common-3.3.6.jar:?]
	at org.apache.hadoop.ipc.Server$Handler.run(Server.java:3048) [hadoop-common-3.3.6.jar:?]
17:50:01.607 [IPC Server handler 13 on default port 15004] ERROR OMAudit - user=runner | ip=127.0.0.1 | op=GET_FILE_STATUS {volume=volume81579, bucket=trashroottest2, key=.Trash, dataSize=0, replicationConfig=null} | ret=FAILURE
org.apache.hadoop.ozone.om.exceptions.OMException: Unable to get file status: volume: volume81579 bucket: trashroottest2 key: .Trash
	at org.apache.hadoop.ozone.om.KeyManagerImpl.getOzoneFileStatusFSO(KeyManagerImpl.java:1320) ~[ozone-manager-1.4.0-SNAPSHOT.jar:?]
	at org.apache.hadoop.ozone.om.KeyManagerImpl.getFileStatus(KeyManagerImpl.java:1111) ~[ozone-manager-1.4.0-SNAPSHOT.jar:?]
	at org.apache.hadoop.ozone.om.OmMetadataReader.getFileStatus(OmMetadataReader.java:262) ~[ozone-manager-1.4.0-SNAPSHOT.jar:?]
	at org.apache.hadoop.ozone.om.OzoneManager.getFileStatus(OzoneManager.java:3533) ~[ozone-manager-1.4.0-SNAPSHOT.jar:?]
	at org.apache.hadoop.ozone.protocolPB.OzoneManagerRequestHandler.getOzoneFileStatus(OzoneManagerRequestHandler.java:971) ~[ozone-manager-1.4.0-SNAPSHOT.jar:?]
	at org.apache.hadoop.ozone.protocolPB.OzoneManagerRequestHandler.handleReadRequest(OzoneManagerRequestHandler.java:250) ~[ozone-manager-1.4.0-SNAPSHOT.jar:?]
	at org.apache.hadoop.ozone.protocolPB.OzoneManagerProtocolServerSideTranslatorPB.submitReadRequestToOM(OzoneManagerProtocolServerSideTranslatorPB.java:225) ~[ozone-manager-1.4.0-SNAPSHOT.jar:?]
	at org.apache.hadoop.ozone.protocolPB.OzoneManagerProtocolServerSideTranslatorPB.processRequest(OzoneManagerProtocolServerSideTranslatorPB.java:179) ~[ozone-manager-1.4.0-SNAPSHOT.jar:?]
	at org.apache.hadoop.hdds.server.OzoneProtocolMessageDispatcher.processRequest(OzoneProtocolMessageDispatcher.java:87) [hdds-server-framework-1.4.0-SNAPSHOT.jar:?]
	at org.apache.hadoop.ozone.protocolPB.OzoneManagerProtocolServerSideTranslatorPB.submitRequest(OzoneManagerProtocolServerSideTranslatorPB.java:148) [ozone-manager-1.4.0-SNAPSHOT.jar:?]
	at org.apache.hadoop.ozone.protocol.proto.OzoneManagerProtocolProtos$OzoneManagerService$2.callBlockingMethod(OzoneManagerProtocolProtos.java) [ozone-interface-client-1.4.0-SNAPSHOT.jar:?]
	at org.apache.hadoop.ipc.ProtobufRpcEngine$Server.processCall(ProtobufRpcEngine.java:484) [hadoop-common-3.3.6.jar:?]
	at org.apache.hadoop.ipc.ProtobufRpcEngine2$Server$ProtoBufRpcInvoker.call(ProtobufRpcEngine2.java:595) [hadoop-common-3.3.6.jar:?]
	at org.apache.hadoop.ipc.ProtobufRpcEngine2$Server$ProtoBufRpcInvoker.call(ProtobufRpcEngine2.java:573) [hadoop-common-3.3.6.jar:?]
	at org.apache.hadoop.ipc.RPC$Server.call(RPC.java:1227) [hadoop-common-3.3.6.jar:?]
	at org.apache.hadoop.ipc.Server$RpcCall.run(Server.java:1094) [hadoop-common-3.3.6.jar:?]
	at org.apache.hadoop.ipc.Server$RpcCall.run(Server.java:1017) [hadoop-common-3.3.6.jar:?]
	at java.security.AccessController.doPrivileged(Native Method) ~[?:1.8.0_382]
	at javax.security.auth.Subject.doAs(Subject.java:422) [?:1.8.0_382]
	at org.apache.hadoop.security.UserGroupInformation.doAs(UserGroupInformation.java:1899) [hadoop-common-3.3.6.jar:?]
	at org.apache.hadoop.ipc.Server$Handler.run(Server.java:3048) [hadoop-common-3.3.6.jar:?]
17:50:01.638 [IPC Server handler 16 on default port 15004] ERROR OMAudit - user=runner | ip=127.0.0.1 | op=GET_FILE_STATUS {volume=volume81579, bucket=bucket71671, key=.Trash/runner, dataSize=0, replicationConfig=null} | ret=FAILURE
org.apache.hadoop.ozone.om.exceptions.OMException: Unable to get file status: volume: volume81579 bucket: bucket71671 key: .Trash/runner
	at org.apache.hadoop.ozone.om.KeyManagerImpl.getOzoneFileStatusFSO(KeyManagerImpl.java:1320) ~[ozone-manager-1.4.0-SNAPSHOT.jar:?]
	at org.apache.hadoop.ozone.om.KeyManagerImpl.getFileStatus(KeyManagerImpl.java:1111) ~[ozone-manager-1.4.0-SNAPSHOT.jar:?]
	at org.apache.hadoop.ozone.om.OmMetadataReader.getFileStatus(OmMetadataReader.java:262) ~[ozone-manager-1.4.0-SNAPSHOT.jar:?]
	at org.apache.hadoop.ozone.om.OzoneManager.getFileStatus(OzoneManager.java:3533) ~[ozone-manager-1.4.0-SNAPSHOT.jar:?]
	at org.apache.hadoop.ozone.protocolPB.OzoneManagerRequestHandler.getOzoneFileStatus(OzoneManagerRequestHandler.java:971) ~[ozone-manager-1.4.0-SNAPSHOT.jar:?]
	at org.apache.hadoop.ozone.protocolPB.OzoneManagerRequestHandler.handleReadRequest(OzoneManagerRequestHandler.java:250) ~[ozone-manager-1.4.0-SNAPSHOT.jar:?]
	at org.apache.hadoop.ozone.protocolPB.OzoneManagerProtocolServerSideTranslatorPB.submitReadRequestToOM(OzoneManagerProtocolServerSideTranslatorPB.java:225) ~[ozone-manager-1.4.0-SNAPSHOT.jar:?]
	at org.apache.hadoop.ozone.protocolPB.OzoneManagerProtocolServerSideTranslatorPB.processRequest(OzoneManagerProtocolServerSideTranslatorPB.java:179) ~[ozone-manager-1.4.0-SNAPSHOT.jar:?]
	at org.apache.hadoop.hdds.server.OzoneProtocolMessageDispatcher.processRequest(OzoneProtocolMessageDispatcher.java:87) [hdds-server-framework-1.4.0-SNAPSHOT.jar:?]
	at org.apache.hadoop.ozone.protocolPB.OzoneManagerProtocolServerSideTranslatorPB.submitRequest(OzoneManagerProtocolServerSideTranslatorPB.java:148) [ozone-manager-1.4.0-SNAPSHOT.jar:?]
	at org.apache.hadoop.ozone.protocol.proto.OzoneManagerProtocolProtos$OzoneManagerService$2.callBlockingMethod(OzoneManagerProtocolProtos.java) [ozone-interface-client-1.4.0-SNAPSHOT.jar:?]
	at org.apache.hadoop.ipc.ProtobufRpcEngine$Server.processCall(ProtobufRpcEngine.java:484) [hadoop-common-3.3.6.jar:?]
	at org.apache.hadoop.ipc.ProtobufRpcEngine2$Server$ProtoBufRpcInvoker.call(ProtobufRpcEngine2.java:595) [hadoop-common-3.3.6.jar:?]
	at org.apache.hadoop.ipc.ProtobufRpcEngine2$Server$ProtoBufRpcInvoker.call(ProtobufRpcEngine2.java:573) [hadoop-common-3.3.6.jar:?]
	at org.apache.hadoop.ipc.RPC$Server.call(RPC.java:1227) [hadoop-common-3.3.6.jar:?]
	at org.apache.hadoop.ipc.Server$RpcCall.run(Server.java:1094) [hadoop-common-3.3.6.jar:?]
	at org.apache.hadoop.ipc.Server$RpcCall.run(Server.java:1017) [hadoop-common-3.3.6.jar:?]
	at java.security.AccessController.doPrivileged(Native Method) ~[?:1.8.0_382]
	at javax.security.auth.Subject.doAs(Subject.java:422) [?:1.8.0_382]
	at org.apache.hadoop.security.UserGroupInformation.doAs(UserGroupInformation.java:1899) [hadoop-common-3.3.6.jar:?]
	at org.apache.hadoop.ipc.Server$Handler.run(Server.java:3048) [hadoop-common-3.3.6.jar:?]
17:50:01.644 [IPC Server handler 3 on default port 15004] ERROR OMAudit - user=runner | ip=127.0.0.1 | op=GET_FILE_STATUS {volume=770c4181-5453-4c22-84a7-71e5d89c108c, bucket=c715474a-d784-4409-a88e-c7d3e5831887, key=.Trash, dataSize=0, replicationConfig=null} | ret=FAILURE
org.apache.hadoop.ozone.om.exceptions.OMException: Unable to get file status: volume: 770c4181-5453-4c22-84a7-71e5d89c108c bucket: c715474a-d784-4409-a88e-c7d3e5831887 key: .Trash
	at org.apache.hadoop.ozone.om.KeyManagerImpl.getOzoneFileStatus(KeyManagerImpl.java:1195) ~[ozone-manager-1.4.0-SNAPSHOT.jar:?]
	at org.apache.hadoop.ozone.om.KeyManagerImpl.getFileStatus(KeyManagerImpl.java:1113) ~[ozone-manager-1.4.0-SNAPSHOT.jar:?]
	at org.apache.hadoop.ozone.om.OmMetadataReader.getFileStatus(OmMetadataReader.java:262) ~[ozone-manager-1.4.0-SNAPSHOT.jar:?]
	at org.apache.hadoop.ozone.om.OzoneManager.getFileStatus(OzoneManager.java:3533) ~[ozone-manager-1.4.0-SNAPSHOT.jar:?]
	at org.apache.hadoop.ozone.protocolPB.OzoneManagerRequestHandler.getOzoneFileStatus(OzoneManagerRequestHandler.java:971) ~[ozone-manager-1.4.0-SNAPSHOT.jar:?]
	at org.apache.hadoop.ozone.protocolPB.OzoneManagerRequestHandler.handleReadRequest(OzoneManagerRequestHandler.java:250) ~[ozone-manager-1.4.0-SNAPSHOT.jar:?]
	at org.apache.hadoop.ozone.protocolPB.OzoneManagerProtocolServerSideTranslatorPB.submitReadRequestToOM(OzoneManagerProtocolServerSideTranslatorPB.java:225) ~[ozone-manager-1.4.0-SNAPSHOT.jar:?]
	at org.apache.hadoop.ozone.protocolPB.OzoneManagerProtocolServerSideTranslatorPB.processRequest(OzoneManagerProtocolServerSideTranslatorPB.java:179) ~[ozone-manager-1.4.0-SNAPSHOT.jar:?]
	at org.apache.hadoop.hdds.server.OzoneProtocolMessageDispatcher.processRequest(OzoneProtocolMessageDispatcher.java:87) [hdds-server-framework-1.4.0-SNAPSHOT.jar:?]
	at org.apache.hadoop.ozone.protocolPB.OzoneManagerProtocolServerSideTranslatorPB.submitRequest(OzoneManagerProtocolServerSideTranslatorPB.java:148) [ozone-manager-1.4.0-SNAPSHOT.jar:?]
	at org.apache.hadoop.ozone.protocol.proto.OzoneManagerProtocolProtos$OzoneManagerService$2.callBlockingMethod(OzoneManagerProtocolProtos.java) [ozone-interface-client-1.4.0-SNAPSHOT.jar:?]
	at org.apache.hadoop.ipc.ProtobufRpcEngine$Server.processCall(ProtobufRpcEngine.java:484) [hadoop-common-3.3.6.jar:?]
	at org.apache.hadoop.ipc.ProtobufRpcEngine2$Server$ProtoBufRpcInvoker.call(ProtobufRpcEngine2.java:595) [hadoop-common-3.3.6.jar:?]
	at org.apache.hadoop.ipc.ProtobufRpcEngine2$Server$ProtoBufRpcInvoker.call(ProtobufRpcEngine2.java:573) [hadoop-common-3.3.6.jar:?]
	at org.apache.hadoop.ipc.RPC$Server.call(RPC.java:1227) [hadoop-common-3.3.6.jar:?]
	at org.apache.hadoop.ipc.Server$RpcCall.run(Server.java:1094) [hadoop-common-3.3.6.jar:?]
	at org.apache.hadoop.ipc.Server$RpcCall.run(Server.java:1017) [hadoop-common-3.3.6.jar:?]
	at java.security.AccessController.doPrivileged(Native Method) ~[?:1.8.0_382]
	at javax.security.auth.Subject.doAs(Subject.java:422) [?:1.8.0_382]
	at org.apache.hadoop.security.UserGroupInformation.doAs(UserGroupInformation.java:1899) [hadoop-common-3.3.6.jar:?]
	at org.apache.hadoop.ipc.Server$Handler.run(Server.java:3048) [hadoop-common-3.3.6.jar:?]
17:50:01.650 [IPC Server handler 12 on default port 15004] ERROR OMAudit - user=runner | ip=127.0.0.1 | op=GET_FILE_STATUS {volume=volume65675, bucket=bucket02565, key=.Trash, dataSize=0, replicationConfig=null} | ret=FAILURE
org.apache.hadoop.ozone.om.exceptions.OMException: Unable to get file status: volume: volume65675 bucket: bucket02565 key: .Trash
	at org.apache.hadoop.ozone.om.KeyManagerImpl.getOzoneFileStatusFSO(KeyManagerImpl.java:1320) ~[ozone-manager-1.4.0-SNAPSHOT.jar:?]
	at org.apache.hadoop.ozone.om.KeyManagerImpl.getFileStatus(KeyManagerImpl.java:1111) ~[ozone-manager-1.4.0-SNAPSHOT.jar:?]
	at org.apache.hadoop.ozone.om.OmMetadataReader.getFileStatus(OmMetadataReader.java:262) ~[ozone-manager-1.4.0-SNAPSHOT.jar:?]
	at org.apache.hadoop.ozone.om.OzoneManager.getFileStatus(OzoneManager.java:3533) ~[ozone-manager-1.4.0-SNAPSHOT.jar:?]
	at org.apache.hadoop.ozone.protocolPB.OzoneManagerRequestHandler.getOzoneFileStatus(OzoneManagerRequestHandler.java:971) ~[ozone-manager-1.4.0-SNAPSHOT.jar:?]
	at org.apache.hadoop.ozone.protocolPB.OzoneManagerRequestHandler.handleReadRequest(OzoneManagerRequestHandler.java:250) ~[ozone-manager-1.4.0-SNAPSHOT.jar:?]
	at org.apache.hadoop.ozone.protocolPB.OzoneManagerProtocolServerSideTranslatorPB.submitReadRequestToOM(OzoneManagerProtocolServerSideTranslatorPB.java:225) ~[ozone-manager-1.4.0-SNAPSHOT.jar:?]
	at org.apache.hadoop.ozone.protocolPB.OzoneManagerProtocolServerSideTranslatorPB.processRequest(OzoneManagerProtocolServerSideTranslatorPB.java:179) ~[ozone-manager-1.4.0-SNAPSHOT.jar:?]
	at org.apache.hadoop.hdds.server.OzoneProtocolMessageDispatcher.processRequest(OzoneProtocolMessageDispatcher.java:87) [hdds-server-framework-1.4.0-SNAPSHOT.jar:?]
	at org.apache.hadoop.ozone.protocolPB.OzoneManagerProtocolServerSideTranslatorPB.submitRequest(OzoneManagerProtocolServerSideTranslatorPB.java:148) [ozone-manager-1.4.0-SNAPSHOT.jar:?]
	at org.apache.hadoop.ozone.protocol.proto.OzoneManagerProtocolProtos$OzoneManagerService$2.callBlockingMethod(OzoneManagerProtocolProtos.java) [ozone-interface-client-1.4.0-SNAPSHOT.jar:?]
	at org.apache.hadoop.ipc.ProtobufRpcEngine$Server.processCall(ProtobufRpcEngine.java:484) [hadoop-common-3.3.6.jar:?]
	at org.apache.hadoop.ipc.ProtobufRpcEngine2$Server$ProtoBufRpcInvoker.call(ProtobufRpcEngine2.java:595) [hadoop-common-3.3.6.jar:?]
	at org.apache.hadoop.ipc.ProtobufRpcEngine2$Server$ProtoBufRpcInvoker.call(ProtobufRpcEngine2.java:573) [hadoop-common-3.3.6.jar:?]
	at org.apache.hadoop.ipc.RPC$Server.call(RPC.java:1227) [hadoop-common-3.3.6.jar:?]
	at org.apache.hadoop.ipc.Server$RpcCall.run(Server.java:1094) [hadoop-common-3.3.6.jar:?]
	at org.apache.hadoop.ipc.Server$RpcCall.run(Server.java:1017) [hadoop-common-3.3.6.jar:?]
	at java.security.AccessController.doPrivileged(Native Method) ~[?:1.8.0_382]
	at javax.security.auth.Subject.doAs(Subject.java:422) [?:1.8.0_382]
	at org.apache.hadoop.security.UserGroupInformation.doAs(UserGroupInformation.java:1899) [hadoop-common-3.3.6.jar:?]
	at org.apache.hadoop.ipc.Server$Handler.run(Server.java:3048) [hadoop-common-3.3.6.jar:?]
]]></system-out>
  </testcase>
  <testcase name="testGetTrashRoots" classname="TestRootedOzoneFileSystemWithFSO" time="0.473">
    <system-out><![CDATA[2023-09-21 17:51:48,053 [Time-limited test] INFO  rpc.RpcClient (RpcClient.java:createVolume(461)) - Creating Volume: volume55343, with user09817 as owner and space quota set to -1 bytes, counts quota set to -1
2023-09-21 17:51:48,054 [IPC Server handler 15 on default port 15057] INFO  volume.OMVolumeCreateRequest (OMVolumeCreateRequest.java:validateAndUpdateCache(196)) - created volume:volume55343 for user:user09817
2023-09-21 17:51:48,056 [Time-limited test] INFO  rpc.RpcClient (RpcClient.java:createBucket(688)) - Creating Bucket: volume55343/bucket93172, with bucket layout FILE_SYSTEM_OPTIMIZED, runner as owner, Versioning false, Storage Type set to DISK and Encryption set to false, Replication Type set to server-side default replication type, Namespace Quota set to -1, Space Quota set to -1 
2023-09-21 17:51:48,057 [IPC Server handler 3 on default port 15057] INFO  bucket.OMBucketCreateRequest (OMBucketCreateRequest.java:validateAndUpdateCache(270)) - created bucket: bucket93172 of layout FILE_SYSTEM_OPTIMIZED in volume: volume55343
17:51:48.062 [IPC Server handler 7 on default port 15057] ERROR OMAudit - user=runner | ip=127.0.0.1 | op=GET_FILE_STATUS {volume=volume55343, bucket=bucket93172, key=.Trash/runner, dataSize=0, replicationConfig=null} | ret=FAILURE
org.apache.hadoop.ozone.om.exceptions.OMException: Unable to get file status: volume: volume55343 bucket: bucket93172 key: .Trash/runner
	at org.apache.hadoop.ozone.om.KeyManagerImpl.getOzoneFileStatusFSO(KeyManagerImpl.java:1320) ~[ozone-manager-1.4.0-SNAPSHOT.jar:?]
	at org.apache.hadoop.ozone.om.KeyManagerImpl.getFileStatus(KeyManagerImpl.java:1111) ~[ozone-manager-1.4.0-SNAPSHOT.jar:?]
	at org.apache.hadoop.ozone.om.OmMetadataReader.getFileStatus(OmMetadataReader.java:262) ~[ozone-manager-1.4.0-SNAPSHOT.jar:?]
	at org.apache.hadoop.ozone.om.OzoneManager.getFileStatus(OzoneManager.java:3533) ~[ozone-manager-1.4.0-SNAPSHOT.jar:?]
	at org.apache.hadoop.ozone.protocolPB.OzoneManagerRequestHandler.getOzoneFileStatus(OzoneManagerRequestHandler.java:971) ~[ozone-manager-1.4.0-SNAPSHOT.jar:?]
	at org.apache.hadoop.ozone.protocolPB.OzoneManagerRequestHandler.handleReadRequest(OzoneManagerRequestHandler.java:250) ~[ozone-manager-1.4.0-SNAPSHOT.jar:?]
	at org.apache.hadoop.ozone.protocolPB.OzoneManagerProtocolServerSideTranslatorPB.submitRequestDirectlyToOM(OzoneManagerProtocolServerSideTranslatorPB.java:274) ~[ozone-manager-1.4.0-SNAPSHOT.jar:?]
	at org.apache.hadoop.ozone.protocolPB.OzoneManagerProtocolServerSideTranslatorPB.processRequest(OzoneManagerProtocolServerSideTranslatorPB.java:175) ~[ozone-manager-1.4.0-SNAPSHOT.jar:?]
	at org.apache.hadoop.hdds.server.OzoneProtocolMessageDispatcher.processRequest(OzoneProtocolMessageDispatcher.java:87) [hdds-server-framework-1.4.0-SNAPSHOT.jar:?]
	at org.apache.hadoop.ozone.protocolPB.OzoneManagerProtocolServerSideTranslatorPB.submitRequest(OzoneManagerProtocolServerSideTranslatorPB.java:148) [ozone-manager-1.4.0-SNAPSHOT.jar:?]
	at org.apache.hadoop.ozone.protocol.proto.OzoneManagerProtocolProtos$OzoneManagerService$2.callBlockingMethod(OzoneManagerProtocolProtos.java) [ozone-interface-client-1.4.0-SNAPSHOT.jar:?]
	at org.apache.hadoop.ipc.ProtobufRpcEngine$Server.processCall(ProtobufRpcEngine.java:484) [hadoop-common-3.3.6.jar:?]
	at org.apache.hadoop.ipc.ProtobufRpcEngine2$Server$ProtoBufRpcInvoker.call(ProtobufRpcEngine2.java:595) [hadoop-common-3.3.6.jar:?]
	at org.apache.hadoop.ipc.ProtobufRpcEngine2$Server$ProtoBufRpcInvoker.call(ProtobufRpcEngine2.java:573) [hadoop-common-3.3.6.jar:?]
	at org.apache.hadoop.ipc.RPC$Server.call(RPC.java:1227) [hadoop-common-3.3.6.jar:?]
	at org.apache.hadoop.ipc.Server$RpcCall.run(Server.java:1094) [hadoop-common-3.3.6.jar:?]
	at org.apache.hadoop.ipc.Server$RpcCall.run(Server.java:1017) [hadoop-common-3.3.6.jar:?]
	at java.security.AccessController.doPrivileged(Native Method) ~[?:1.8.0_382]
	at javax.security.auth.Subject.doAs(Subject.java:422) [?:1.8.0_382]
	at org.apache.hadoop.security.UserGroupInformation.doAs(UserGroupInformation.java:1899) [hadoop-common-3.3.6.jar:?]
	at org.apache.hadoop.ipc.Server$Handler.run(Server.java:3048) [hadoop-common-3.3.6.jar:?]
17:51:48.066 [IPC Server handler 14 on default port 15057] ERROR OMAudit - user=runner | ip=127.0.0.1 | op=GET_FILE_STATUS {volume=e534bd99-730a-41cb-a042-f3169d34f842, bucket=475ab30f-3704-4a92-98e5-fba5ff08fc5a, key=.Trash, dataSize=0, replicationConfig=null} | ret=FAILURE
org.apache.hadoop.ozone.om.exceptions.OMException: Unable to get file status: volume: e534bd99-730a-41cb-a042-f3169d34f842 bucket: 475ab30f-3704-4a92-98e5-fba5ff08fc5a key: .Trash
	at org.apache.hadoop.ozone.om.KeyManagerImpl.getOzoneFileStatus(KeyManagerImpl.java:1195) ~[ozone-manager-1.4.0-SNAPSHOT.jar:?]
	at org.apache.hadoop.ozone.om.KeyManagerImpl.getFileStatus(KeyManagerImpl.java:1113) ~[ozone-manager-1.4.0-SNAPSHOT.jar:?]
	at org.apache.hadoop.ozone.om.OmMetadataReader.getFileStatus(OmMetadataReader.java:262) ~[ozone-manager-1.4.0-SNAPSHOT.jar:?]
	at org.apache.hadoop.ozone.om.OzoneManager.getFileStatus(OzoneManager.java:3533) ~[ozone-manager-1.4.0-SNAPSHOT.jar:?]
	at org.apache.hadoop.ozone.protocolPB.OzoneManagerRequestHandler.getOzoneFileStatus(OzoneManagerRequestHandler.java:971) ~[ozone-manager-1.4.0-SNAPSHOT.jar:?]
	at org.apache.hadoop.ozone.protocolPB.OzoneManagerRequestHandler.handleReadRequest(OzoneManagerRequestHandler.java:250) ~[ozone-manager-1.4.0-SNAPSHOT.jar:?]
	at org.apache.hadoop.ozone.protocolPB.OzoneManagerProtocolServerSideTranslatorPB.submitRequestDirectlyToOM(OzoneManagerProtocolServerSideTranslatorPB.java:274) ~[ozone-manager-1.4.0-SNAPSHOT.jar:?]
	at org.apache.hadoop.ozone.protocolPB.OzoneManagerProtocolServerSideTranslatorPB.processRequest(OzoneManagerProtocolServerSideTranslatorPB.java:175) ~[ozone-manager-1.4.0-SNAPSHOT.jar:?]
	at org.apache.hadoop.hdds.server.OzoneProtocolMessageDispatcher.processRequest(OzoneProtocolMessageDispatcher.java:87) [hdds-server-framework-1.4.0-SNAPSHOT.jar:?]
	at org.apache.hadoop.ozone.protocolPB.OzoneManagerProtocolServerSideTranslatorPB.submitRequest(OzoneManagerProtocolServerSideTranslatorPB.java:148) [ozone-manager-1.4.0-SNAPSHOT.jar:?]
	at org.apache.hadoop.ozone.protocol.proto.OzoneManagerProtocolProtos$OzoneManagerService$2.callBlockingMethod(OzoneManagerProtocolProtos.java) [ozone-interface-client-1.4.0-SNAPSHOT.jar:?]
	at org.apache.hadoop.ipc.ProtobufRpcEngine$Server.processCall(ProtobufRpcEngine.java:484) [hadoop-common-3.3.6.jar:?]
	at org.apache.hadoop.ipc.ProtobufRpcEngine2$Server$ProtoBufRpcInvoker.call(ProtobufRpcEngine2.java:595) [hadoop-common-3.3.6.jar:?]
	at org.apache.hadoop.ipc.ProtobufRpcEngine2$Server$ProtoBufRpcInvoker.call(ProtobufRpcEngine2.java:573) [hadoop-common-3.3.6.jar:?]
	at org.apache.hadoop.ipc.RPC$Server.call(RPC.java:1227) [hadoop-common-3.3.6.jar:?]
	at org.apache.hadoop.ipc.Server$RpcCall.run(Server.java:1094) [hadoop-common-3.3.6.jar:?]
	at org.apache.hadoop.ipc.Server$RpcCall.run(Server.java:1017) [hadoop-common-3.3.6.jar:?]
	at java.security.AccessController.doPrivileged(Native Method) ~[?:1.8.0_382]
	at javax.security.auth.Subject.doAs(Subject.java:422) [?:1.8.0_382]
	at org.apache.hadoop.security.UserGroupInformation.doAs(UserGroupInformation.java:1899) [hadoop-common-3.3.6.jar:?]
	at org.apache.hadoop.ipc.Server$Handler.run(Server.java:3048) [hadoop-common-3.3.6.jar:?]
17:51:48.073 [IPC Server handler 13 on default port 15057] ERROR OMAudit - user=runner | ip=127.0.0.1 | op=GET_FILE_STATUS {volume=volume48305, bucket=bucket81851, key=.Trash, dataSize=0, replicationConfig=null} | ret=FAILURE
org.apache.hadoop.ozone.om.exceptions.OMException: Unable to get file status: volume: volume48305 bucket: bucket81851 key: .Trash
	at org.apache.hadoop.ozone.om.KeyManagerImpl.getOzoneFileStatusFSO(KeyManagerImpl.java:1320) ~[ozone-manager-1.4.0-SNAPSHOT.jar:?]
	at org.apache.hadoop.ozone.om.KeyManagerImpl.getFileStatus(KeyManagerImpl.java:1111) ~[ozone-manager-1.4.0-SNAPSHOT.jar:?]
	at org.apache.hadoop.ozone.om.OmMetadataReader.getFileStatus(OmMetadataReader.java:262) ~[ozone-manager-1.4.0-SNAPSHOT.jar:?]
	at org.apache.hadoop.ozone.om.OzoneManager.getFileStatus(OzoneManager.java:3533) ~[ozone-manager-1.4.0-SNAPSHOT.jar:?]
	at org.apache.hadoop.ozone.protocolPB.OzoneManagerRequestHandler.getOzoneFileStatus(OzoneManagerRequestHandler.java:971) ~[ozone-manager-1.4.0-SNAPSHOT.jar:?]
	at org.apache.hadoop.ozone.protocolPB.OzoneManagerRequestHandler.handleReadRequest(OzoneManagerRequestHandler.java:250) ~[ozone-manager-1.4.0-SNAPSHOT.jar:?]
	at org.apache.hadoop.ozone.protocolPB.OzoneManagerProtocolServerSideTranslatorPB.submitRequestDirectlyToOM(OzoneManagerProtocolServerSideTranslatorPB.java:274) ~[ozone-manager-1.4.0-SNAPSHOT.jar:?]
	at org.apache.hadoop.ozone.protocolPB.OzoneManagerProtocolServerSideTranslatorPB.processRequest(OzoneManagerProtocolServerSideTranslatorPB.java:175) ~[ozone-manager-1.4.0-SNAPSHOT.jar:?]
	at org.apache.hadoop.hdds.server.OzoneProtocolMessageDispatcher.processRequest(OzoneProtocolMessageDispatcher.java:87) [hdds-server-framework-1.4.0-SNAPSHOT.jar:?]
	at org.apache.hadoop.ozone.protocolPB.OzoneManagerProtocolServerSideTranslatorPB.submitRequest(OzoneManagerProtocolServerSideTranslatorPB.java:148) [ozone-manager-1.4.0-SNAPSHOT.jar:?]
	at org.apache.hadoop.ozone.protocol.proto.OzoneManagerProtocolProtos$OzoneManagerService$2.callBlockingMethod(OzoneManagerProtocolProtos.java) [ozone-interface-client-1.4.0-SNAPSHOT.jar:?]
	at org.apache.hadoop.ipc.ProtobufRpcEngine$Server.processCall(ProtobufRpcEngine.java:484) [hadoop-common-3.3.6.jar:?]
	at org.apache.hadoop.ipc.ProtobufRpcEngine2$Server$ProtoBufRpcInvoker.call(ProtobufRpcEngine2.java:595) [hadoop-common-3.3.6.jar:?]
	at org.apache.hadoop.ipc.ProtobufRpcEngine2$Server$ProtoBufRpcInvoker.call(ProtobufRpcEngine2.java:573) [hadoop-common-3.3.6.jar:?]
	at org.apache.hadoop.ipc.RPC$Server.call(RPC.java:1227) [hadoop-common-3.3.6.jar:?]
	at org.apache.hadoop.ipc.Server$RpcCall.run(Server.java:1094) [hadoop-common-3.3.6.jar:?]
	at org.apache.hadoop.ipc.Server$RpcCall.run(Server.java:1017) [hadoop-common-3.3.6.jar:?]
	at java.security.AccessController.doPrivileged(Native Method) ~[?:1.8.0_382]
	at javax.security.auth.Subject.doAs(Subject.java:422) [?:1.8.0_382]
	at org.apache.hadoop.security.UserGroupInformation.doAs(UserGroupInformation.java:1899) [hadoop-common-3.3.6.jar:?]
	at org.apache.hadoop.ipc.Server$Handler.run(Server.java:3048) [hadoop-common-3.3.6.jar:?]
17:51:48.077 [IPC Server handler 6 on default port 15057] ERROR OMAudit - user=runner | ip=127.0.0.1 | op=GET_FILE_STATUS {volume=volume55343, bucket=bucket93172, key=.Trash, dataSize=0, replicationConfig=null} | ret=FAILURE
org.apache.hadoop.ozone.om.exceptions.OMException: Unable to get file status: volume: volume55343 bucket: bucket93172 key: .Trash
	at org.apache.hadoop.ozone.om.KeyManagerImpl.getOzoneFileStatusFSO(KeyManagerImpl.java:1320) ~[ozone-manager-1.4.0-SNAPSHOT.jar:?]
	at org.apache.hadoop.ozone.om.KeyManagerImpl.getFileStatus(KeyManagerImpl.java:1111) ~[ozone-manager-1.4.0-SNAPSHOT.jar:?]
	at org.apache.hadoop.ozone.om.OmMetadataReader.getFileStatus(OmMetadataReader.java:262) ~[ozone-manager-1.4.0-SNAPSHOT.jar:?]
	at org.apache.hadoop.ozone.om.OzoneManager.getFileStatus(OzoneManager.java:3533) ~[ozone-manager-1.4.0-SNAPSHOT.jar:?]
	at org.apache.hadoop.ozone.protocolPB.OzoneManagerRequestHandler.getOzoneFileStatus(OzoneManagerRequestHandler.java:971) ~[ozone-manager-1.4.0-SNAPSHOT.jar:?]
	at org.apache.hadoop.ozone.protocolPB.OzoneManagerRequestHandler.handleReadRequest(OzoneManagerRequestHandler.java:250) ~[ozone-manager-1.4.0-SNAPSHOT.jar:?]
	at org.apache.hadoop.ozone.protocolPB.OzoneManagerProtocolServerSideTranslatorPB.submitRequestDirectlyToOM(OzoneManagerProtocolServerSideTranslatorPB.java:274) ~[ozone-manager-1.4.0-SNAPSHOT.jar:?]
	at org.apache.hadoop.ozone.protocolPB.OzoneManagerProtocolServerSideTranslatorPB.processRequest(OzoneManagerProtocolServerSideTranslatorPB.java:175) ~[ozone-manager-1.4.0-SNAPSHOT.jar:?]
	at org.apache.hadoop.hdds.server.OzoneProtocolMessageDispatcher.processRequest(OzoneProtocolMessageDispatcher.java:87) [hdds-server-framework-1.4.0-SNAPSHOT.jar:?]
	at org.apache.hadoop.ozone.protocolPB.OzoneManagerProtocolServerSideTranslatorPB.submitRequest(OzoneManagerProtocolServerSideTranslatorPB.java:148) [ozone-manager-1.4.0-SNAPSHOT.jar:?]
	at org.apache.hadoop.ozone.protocol.proto.OzoneManagerProtocolProtos$OzoneManagerService$2.callBlockingMethod(OzoneManagerProtocolProtos.java) [ozone-interface-client-1.4.0-SNAPSHOT.jar:?]
	at org.apache.hadoop.ipc.ProtobufRpcEngine$Server.processCall(ProtobufRpcEngine.java:484) [hadoop-common-3.3.6.jar:?]
	at org.apache.hadoop.ipc.ProtobufRpcEngine2$Server$ProtoBufRpcInvoker.call(ProtobufRpcEngine2.java:595) [hadoop-common-3.3.6.jar:?]
	at org.apache.hadoop.ipc.ProtobufRpcEngine2$Server$ProtoBufRpcInvoker.call(ProtobufRpcEngine2.java:573) [hadoop-common-3.3.6.jar:?]
	at org.apache.hadoop.ipc.RPC$Server.call(RPC.java:1227) [hadoop-common-3.3.6.jar:?]
	at org.apache.hadoop.ipc.Server$RpcCall.run(Server.java:1094) [hadoop-common-3.3.6.jar:?]
	at org.apache.hadoop.ipc.Server$RpcCall.run(Server.java:1017) [hadoop-common-3.3.6.jar:?]
	at java.security.AccessController.doPrivileged(Native Method) ~[?:1.8.0_382]
	at javax.security.auth.Subject.doAs(Subject.java:422) [?:1.8.0_382]
	at org.apache.hadoop.security.UserGroupInformation.doAs(UserGroupInformation.java:1899) [hadoop-common-3.3.6.jar:?]
	at org.apache.hadoop.ipc.Server$Handler.run(Server.java:3048) [hadoop-common-3.3.6.jar:?]
17:51:48.092 [IPC Server handler 5 on default port 15057] ERROR OMAudit - user=runner | ip=127.0.0.1 | op=GET_FILE_STATUS {volume=e534bd99-730a-41cb-a042-f3169d34f842, bucket=475ab30f-3704-4a92-98e5-fba5ff08fc5a, key=.Trash, dataSize=0, replicationConfig=null} | ret=FAILURE
org.apache.hadoop.ozone.om.exceptions.OMException: Unable to get file status: volume: e534bd99-730a-41cb-a042-f3169d34f842 bucket: 475ab30f-3704-4a92-98e5-fba5ff08fc5a key: .Trash
	at org.apache.hadoop.ozone.om.KeyManagerImpl.getOzoneFileStatus(KeyManagerImpl.java:1195) ~[ozone-manager-1.4.0-SNAPSHOT.jar:?]
	at org.apache.hadoop.ozone.om.KeyManagerImpl.getFileStatus(KeyManagerImpl.java:1113) ~[ozone-manager-1.4.0-SNAPSHOT.jar:?]
	at org.apache.hadoop.ozone.om.OmMetadataReader.getFileStatus(OmMetadataReader.java:262) ~[ozone-manager-1.4.0-SNAPSHOT.jar:?]
	at org.apache.hadoop.ozone.om.OzoneManager.getFileStatus(OzoneManager.java:3533) ~[ozone-manager-1.4.0-SNAPSHOT.jar:?]
	at org.apache.hadoop.ozone.protocolPB.OzoneManagerRequestHandler.getOzoneFileStatus(OzoneManagerRequestHandler.java:971) ~[ozone-manager-1.4.0-SNAPSHOT.jar:?]
	at org.apache.hadoop.ozone.protocolPB.OzoneManagerRequestHandler.handleReadRequest(OzoneManagerRequestHandler.java:250) ~[ozone-manager-1.4.0-SNAPSHOT.jar:?]
	at org.apache.hadoop.ozone.protocolPB.OzoneManagerProtocolServerSideTranslatorPB.submitRequestDirectlyToOM(OzoneManagerProtocolServerSideTranslatorPB.java:274) ~[ozone-manager-1.4.0-SNAPSHOT.jar:?]
	at org.apache.hadoop.ozone.protocolPB.OzoneManagerProtocolServerSideTranslatorPB.processRequest(OzoneManagerProtocolServerSideTranslatorPB.java:175) ~[ozone-manager-1.4.0-SNAPSHOT.jar:?]
	at org.apache.hadoop.hdds.server.OzoneProtocolMessageDispatcher.processRequest(OzoneProtocolMessageDispatcher.java:87) [hdds-server-framework-1.4.0-SNAPSHOT.jar:?]
	at org.apache.hadoop.ozone.protocolPB.OzoneManagerProtocolServerSideTranslatorPB.submitRequest(OzoneManagerProtocolServerSideTranslatorPB.java:148) [ozone-manager-1.4.0-SNAPSHOT.jar:?]
	at org.apache.hadoop.ozone.protocol.proto.OzoneManagerProtocolProtos$OzoneManagerService$2.callBlockingMethod(OzoneManagerProtocolProtos.java) [ozone-interface-client-1.4.0-SNAPSHOT.jar:?]
	at org.apache.hadoop.ipc.ProtobufRpcEngine$Server.processCall(ProtobufRpcEngine.java:484) [hadoop-common-3.3.6.jar:?]
	at org.apache.hadoop.ipc.ProtobufRpcEngine2$Server$ProtoBufRpcInvoker.call(ProtobufRpcEngine2.java:595) [hadoop-common-3.3.6.jar:?]
	at org.apache.hadoop.ipc.ProtobufRpcEngine2$Server$ProtoBufRpcInvoker.call(ProtobufRpcEngine2.java:573) [hadoop-common-3.3.6.jar:?]
	at org.apache.hadoop.ipc.RPC$Server.call(RPC.java:1227) [hadoop-common-3.3.6.jar:?]
	at org.apache.hadoop.ipc.Server$RpcCall.run(Server.java:1094) [hadoop-common-3.3.6.jar:?]
	at org.apache.hadoop.ipc.Server$RpcCall.run(Server.java:1017) [hadoop-common-3.3.6.jar:?]
	at java.security.AccessController.doPrivileged(Native Method) ~[?:1.8.0_382]
	at javax.security.auth.Subject.doAs(Subject.java:422) [?:1.8.0_382]
	at org.apache.hadoop.security.UserGroupInformation.doAs(UserGroupInformation.java:1899) [hadoop-common-3.3.6.jar:?]
	at org.apache.hadoop.ipc.Server$Handler.run(Server.java:3048) [hadoop-common-3.3.6.jar:?]
17:51:48.099 [IPC Server handler 11 on default port 15057] ERROR OMAudit - user=runner | ip=127.0.0.1 | op=GET_FILE_STATUS {volume=volume48305, bucket=bucket81851, key=.Trash, dataSize=0, replicationConfig=null} | ret=FAILURE
org.apache.hadoop.ozone.om.exceptions.OMException: Unable to get file status: volume: volume48305 bucket: bucket81851 key: .Trash
	at org.apache.hadoop.ozone.om.KeyManagerImpl.getOzoneFileStatusFSO(KeyManagerImpl.java:1320) ~[ozone-manager-1.4.0-SNAPSHOT.jar:?]
	at org.apache.hadoop.ozone.om.KeyManagerImpl.getFileStatus(KeyManagerImpl.java:1111) ~[ozone-manager-1.4.0-SNAPSHOT.jar:?]
	at org.apache.hadoop.ozone.om.OmMetadataReader.getFileStatus(OmMetadataReader.java:262) ~[ozone-manager-1.4.0-SNAPSHOT.jar:?]
	at org.apache.hadoop.ozone.om.OzoneManager.getFileStatus(OzoneManager.java:3533) ~[ozone-manager-1.4.0-SNAPSHOT.jar:?]
	at org.apache.hadoop.ozone.protocolPB.OzoneManagerRequestHandler.getOzoneFileStatus(OzoneManagerRequestHandler.java:971) ~[ozone-manager-1.4.0-SNAPSHOT.jar:?]
	at org.apache.hadoop.ozone.protocolPB.OzoneManagerRequestHandler.handleReadRequest(OzoneManagerRequestHandler.java:250) ~[ozone-manager-1.4.0-SNAPSHOT.jar:?]
	at org.apache.hadoop.ozone.protocolPB.OzoneManagerProtocolServerSideTranslatorPB.submitRequestDirectlyToOM(OzoneManagerProtocolServerSideTranslatorPB.java:274) ~[ozone-manager-1.4.0-SNAPSHOT.jar:?]
	at org.apache.hadoop.ozone.protocolPB.OzoneManagerProtocolServerSideTranslatorPB.processRequest(OzoneManagerProtocolServerSideTranslatorPB.java:175) ~[ozone-manager-1.4.0-SNAPSHOT.jar:?]
	at org.apache.hadoop.hdds.server.OzoneProtocolMessageDispatcher.processRequest(OzoneProtocolMessageDispatcher.java:87) [hdds-server-framework-1.4.0-SNAPSHOT.jar:?]
	at org.apache.hadoop.ozone.protocolPB.OzoneManagerProtocolServerSideTranslatorPB.submitRequest(OzoneManagerProtocolServerSideTranslatorPB.java:148) [ozone-manager-1.4.0-SNAPSHOT.jar:?]
	at org.apache.hadoop.ozone.protocol.proto.OzoneManagerProtocolProtos$OzoneManagerService$2.callBlockingMethod(OzoneManagerProtocolProtos.java) [ozone-interface-client-1.4.0-SNAPSHOT.jar:?]
	at org.apache.hadoop.ipc.ProtobufRpcEngine$Server.processCall(ProtobufRpcEngine.java:484) [hadoop-common-3.3.6.jar:?]
	at org.apache.hadoop.ipc.ProtobufRpcEngine2$Server$ProtoBufRpcInvoker.call(ProtobufRpcEngine2.java:595) [hadoop-common-3.3.6.jar:?]
	at org.apache.hadoop.ipc.ProtobufRpcEngine2$Server$ProtoBufRpcInvoker.call(ProtobufRpcEngine2.java:573) [hadoop-common-3.3.6.jar:?]
	at org.apache.hadoop.ipc.RPC$Server.call(RPC.java:1227) [hadoop-common-3.3.6.jar:?]
	at org.apache.hadoop.ipc.Server$RpcCall.run(Server.java:1094) [hadoop-common-3.3.6.jar:?]
	at org.apache.hadoop.ipc.Server$RpcCall.run(Server.java:1017) [hadoop-common-3.3.6.jar:?]
	at java.security.AccessController.doPrivileged(Native Method) ~[?:1.8.0_382]
	at javax.security.auth.Subject.doAs(Subject.java:422) [?:1.8.0_382]
	at org.apache.hadoop.security.UserGroupInformation.doAs(UserGroupInformation.java:1899) [hadoop-common-3.3.6.jar:?]
	at org.apache.hadoop.ipc.Server$Handler.run(Server.java:3048) [hadoop-common-3.3.6.jar:?]
17:51:48.121 [IPC Server handler 14 on default port 15057] ERROR OMAudit - user=runner | ip=127.0.0.1 | op=GET_FILE_STATUS {volume=e534bd99-730a-41cb-a042-f3169d34f842, bucket=475ab30f-3704-4a92-98e5-fba5ff08fc5a, key=.Trash, dataSize=0, replicationConfig=null} | ret=FAILURE
org.apache.hadoop.ozone.om.exceptions.OMException: Unable to get file status: volume: e534bd99-730a-41cb-a042-f3169d34f842 bucket: 475ab30f-3704-4a92-98e5-fba5ff08fc5a key: .Trash
	at org.apache.hadoop.ozone.om.KeyManagerImpl.getOzoneFileStatus(KeyManagerImpl.java:1195) ~[ozone-manager-1.4.0-SNAPSHOT.jar:?]
	at org.apache.hadoop.ozone.om.KeyManagerImpl.getFileStatus(KeyManagerImpl.java:1113) ~[ozone-manager-1.4.0-SNAPSHOT.jar:?]
	at org.apache.hadoop.ozone.om.OmMetadataReader.getFileStatus(OmMetadataReader.java:262) ~[ozone-manager-1.4.0-SNAPSHOT.jar:?]
	at org.apache.hadoop.ozone.om.OzoneManager.getFileStatus(OzoneManager.java:3533) ~[ozone-manager-1.4.0-SNAPSHOT.jar:?]
	at org.apache.hadoop.ozone.protocolPB.OzoneManagerRequestHandler.getOzoneFileStatus(OzoneManagerRequestHandler.java:971) ~[ozone-manager-1.4.0-SNAPSHOT.jar:?]
	at org.apache.hadoop.ozone.protocolPB.OzoneManagerRequestHandler.handleReadRequest(OzoneManagerRequestHandler.java:250) ~[ozone-manager-1.4.0-SNAPSHOT.jar:?]
	at org.apache.hadoop.ozone.protocolPB.OzoneManagerProtocolServerSideTranslatorPB.submitRequestDirectlyToOM(OzoneManagerProtocolServerSideTranslatorPB.java:274) ~[ozone-manager-1.4.0-SNAPSHOT.jar:?]
	at org.apache.hadoop.ozone.protocolPB.OzoneManagerProtocolServerSideTranslatorPB.processRequest(OzoneManagerProtocolServerSideTranslatorPB.java:175) ~[ozone-manager-1.4.0-SNAPSHOT.jar:?]
	at org.apache.hadoop.hdds.server.OzoneProtocolMessageDispatcher.processRequest(OzoneProtocolMessageDispatcher.java:87) [hdds-server-framework-1.4.0-SNAPSHOT.jar:?]
	at org.apache.hadoop.ozone.protocolPB.OzoneManagerProtocolServerSideTranslatorPB.submitRequest(OzoneManagerProtocolServerSideTranslatorPB.java:148) [ozone-manager-1.4.0-SNAPSHOT.jar:?]
	at org.apache.hadoop.ozone.protocol.proto.OzoneManagerProtocolProtos$OzoneManagerService$2.callBlockingMethod(OzoneManagerProtocolProtos.java) [ozone-interface-client-1.4.0-SNAPSHOT.jar:?]
	at org.apache.hadoop.ipc.ProtobufRpcEngine$Server.processCall(ProtobufRpcEngine.java:484) [hadoop-common-3.3.6.jar:?]
	at org.apache.hadoop.ipc.ProtobufRpcEngine2$Server$ProtoBufRpcInvoker.call(ProtobufRpcEngine2.java:595) [hadoop-common-3.3.6.jar:?]
	at org.apache.hadoop.ipc.ProtobufRpcEngine2$Server$ProtoBufRpcInvoker.call(ProtobufRpcEngine2.java:573) [hadoop-common-3.3.6.jar:?]
	at org.apache.hadoop.ipc.RPC$Server.call(RPC.java:1227) [hadoop-common-3.3.6.jar:?]
	at org.apache.hadoop.ipc.Server$RpcCall.run(Server.java:1094) [hadoop-common-3.3.6.jar:?]
	at org.apache.hadoop.ipc.Server$RpcCall.run(Server.java:1017) [hadoop-common-3.3.6.jar:?]
	at java.security.AccessController.doPrivileged(Native Method) ~[?:1.8.0_382]
	at javax.security.auth.Subject.doAs(Subject.java:422) [?:1.8.0_382]
	at org.apache.hadoop.security.UserGroupInformation.doAs(UserGroupInformation.java:1899) [hadoop-common-3.3.6.jar:?]
	at org.apache.hadoop.ipc.Server$Handler.run(Server.java:3048) [hadoop-common-3.3.6.jar:?]
17:51:48.124 [IPC Server handler 13 on default port 15057] ERROR OMAudit - user=runner | ip=127.0.0.1 | op=GET_FILE_STATUS {volume=volume48305, bucket=bucket81851, key=.Trash, dataSize=0, replicationConfig=null} | ret=FAILURE
org.apache.hadoop.ozone.om.exceptions.OMException: Unable to get file status: volume: volume48305 bucket: bucket81851 key: .Trash
	at org.apache.hadoop.ozone.om.KeyManagerImpl.getOzoneFileStatusFSO(KeyManagerImpl.java:1320) ~[ozone-manager-1.4.0-SNAPSHOT.jar:?]
	at org.apache.hadoop.ozone.om.KeyManagerImpl.getFileStatus(KeyManagerImpl.java:1111) ~[ozone-manager-1.4.0-SNAPSHOT.jar:?]
	at org.apache.hadoop.ozone.om.OmMetadataReader.getFileStatus(OmMetadataReader.java:262) ~[ozone-manager-1.4.0-SNAPSHOT.jar:?]
	at org.apache.hadoop.ozone.om.OzoneManager.getFileStatus(OzoneManager.java:3533) ~[ozone-manager-1.4.0-SNAPSHOT.jar:?]
	at org.apache.hadoop.ozone.protocolPB.OzoneManagerRequestHandler.getOzoneFileStatus(OzoneManagerRequestHandler.java:971) ~[ozone-manager-1.4.0-SNAPSHOT.jar:?]
	at org.apache.hadoop.ozone.protocolPB.OzoneManagerRequestHandler.handleReadRequest(OzoneManagerRequestHandler.java:250) ~[ozone-manager-1.4.0-SNAPSHOT.jar:?]
	at org.apache.hadoop.ozone.protocolPB.OzoneManagerProtocolServerSideTranslatorPB.submitRequestDirectlyToOM(OzoneManagerProtocolServerSideTranslatorPB.java:274) ~[ozone-manager-1.4.0-SNAPSHOT.jar:?]
	at org.apache.hadoop.ozone.protocolPB.OzoneManagerProtocolServerSideTranslatorPB.processRequest(OzoneManagerProtocolServerSideTranslatorPB.java:175) ~[ozone-manager-1.4.0-SNAPSHOT.jar:?]
	at org.apache.hadoop.hdds.server.OzoneProtocolMessageDispatcher.processRequest(OzoneProtocolMessageDispatcher.java:87) [hdds-server-framework-1.4.0-SNAPSHOT.jar:?]
	at org.apache.hadoop.ozone.protocolPB.OzoneManagerProtocolServerSideTranslatorPB.submitRequest(OzoneManagerProtocolServerSideTranslatorPB.java:148) [ozone-manager-1.4.0-SNAPSHOT.jar:?]
	at org.apache.hadoop.ozone.protocol.proto.OzoneManagerProtocolProtos$OzoneManagerService$2.callBlockingMethod(OzoneManagerProtocolProtos.java) [ozone-interface-client-1.4.0-SNAPSHOT.jar:?]
	at org.apache.hadoop.ipc.ProtobufRpcEngine$Server.processCall(ProtobufRpcEngine.java:484) [hadoop-common-3.3.6.jar:?]
	at org.apache.hadoop.ipc.ProtobufRpcEngine2$Server$ProtoBufRpcInvoker.call(ProtobufRpcEngine2.java:595) [hadoop-common-3.3.6.jar:?]
	at org.apache.hadoop.ipc.ProtobufRpcEngine2$Server$ProtoBufRpcInvoker.call(ProtobufRpcEngine2.java:573) [hadoop-common-3.3.6.jar:?]
	at org.apache.hadoop.ipc.RPC$Server.call(RPC.java:1227) [hadoop-common-3.3.6.jar:?]
	at org.apache.hadoop.ipc.Server$RpcCall.run(Server.java:1094) [hadoop-common-3.3.6.jar:?]
	at org.apache.hadoop.ipc.Server$RpcCall.run(Server.java:1017) [hadoop-common-3.3.6.jar:?]
	at java.security.AccessController.doPrivileged(Native Method) ~[?:1.8.0_382]
	at javax.security.auth.Subject.doAs(Subject.java:422) [?:1.8.0_382]
	at org.apache.hadoop.security.UserGroupInformation.doAs(UserGroupInformation.java:1899) [hadoop-common-3.3.6.jar:?]
	at org.apache.hadoop.ipc.Server$Handler.run(Server.java:3048) [hadoop-common-3.3.6.jar:?]
2023-09-21 17:51:48,132 [Time-limited test] INFO  rpc.RpcClient (RpcClient.java:createBucket(688)) - Creating Bucket: volume55343/trashroottest2, with bucket layout FILE_SYSTEM_OPTIMIZED, runner as owner, Versioning false, Storage Type set to DISK and Encryption set to false, Replication Type set to server-side default replication type, Namespace Quota set to -1, Space Quota set to -1 
2023-09-21 17:51:48,133 [IPC Server handler 10 on default port 15057] INFO  bucket.OMBucketCreateRequest (OMBucketCreateRequest.java:validateAndUpdateCache(270)) - created bucket: trashroottest2 of layout FILE_SYSTEM_OPTIMIZED in volume: volume55343
17:51:48.195 [IPC Server handler 14 on default port 15057] ERROR OMAudit - user=runner | ip=127.0.0.1 | op=GET_FILE_STATUS {volume=e534bd99-730a-41cb-a042-f3169d34f842, bucket=475ab30f-3704-4a92-98e5-fba5ff08fc5a, key=.Trash, dataSize=0, replicationConfig=null} | ret=FAILURE
org.apache.hadoop.ozone.om.exceptions.OMException: Unable to get file status: volume: e534bd99-730a-41cb-a042-f3169d34f842 bucket: 475ab30f-3704-4a92-98e5-fba5ff08fc5a key: .Trash
	at org.apache.hadoop.ozone.om.KeyManagerImpl.getOzoneFileStatus(KeyManagerImpl.java:1195) ~[ozone-manager-1.4.0-SNAPSHOT.jar:?]
	at org.apache.hadoop.ozone.om.KeyManagerImpl.getFileStatus(KeyManagerImpl.java:1113) ~[ozone-manager-1.4.0-SNAPSHOT.jar:?]
	at org.apache.hadoop.ozone.om.OmMetadataReader.getFileStatus(OmMetadataReader.java:262) ~[ozone-manager-1.4.0-SNAPSHOT.jar:?]
	at org.apache.hadoop.ozone.om.OzoneManager.getFileStatus(OzoneManager.java:3533) ~[ozone-manager-1.4.0-SNAPSHOT.jar:?]
	at org.apache.hadoop.ozone.protocolPB.OzoneManagerRequestHandler.getOzoneFileStatus(OzoneManagerRequestHandler.java:971) ~[ozone-manager-1.4.0-SNAPSHOT.jar:?]
	at org.apache.hadoop.ozone.protocolPB.OzoneManagerRequestHandler.handleReadRequest(OzoneManagerRequestHandler.java:250) ~[ozone-manager-1.4.0-SNAPSHOT.jar:?]
	at org.apache.hadoop.ozone.protocolPB.OzoneManagerProtocolServerSideTranslatorPB.submitRequestDirectlyToOM(OzoneManagerProtocolServerSideTranslatorPB.java:274) ~[ozone-manager-1.4.0-SNAPSHOT.jar:?]
	at org.apache.hadoop.ozone.protocolPB.OzoneManagerProtocolServerSideTranslatorPB.processRequest(OzoneManagerProtocolServerSideTranslatorPB.java:175) ~[ozone-manager-1.4.0-SNAPSHOT.jar:?]
	at org.apache.hadoop.hdds.server.OzoneProtocolMessageDispatcher.processRequest(OzoneProtocolMessageDispatcher.java:87) [hdds-server-framework-1.4.0-SNAPSHOT.jar:?]
	at org.apache.hadoop.ozone.protocolPB.OzoneManagerProtocolServerSideTranslatorPB.submitRequest(OzoneManagerProtocolServerSideTranslatorPB.java:148) [ozone-manager-1.4.0-SNAPSHOT.jar:?]
	at org.apache.hadoop.ozone.protocol.proto.OzoneManagerProtocolProtos$OzoneManagerService$2.callBlockingMethod(OzoneManagerProtocolProtos.java) [ozone-interface-client-1.4.0-SNAPSHOT.jar:?]
	at org.apache.hadoop.ipc.ProtobufRpcEngine$Server.processCall(ProtobufRpcEngine.java:484) [hadoop-common-3.3.6.jar:?]
	at org.apache.hadoop.ipc.ProtobufRpcEngine2$Server$ProtoBufRpcInvoker.call(ProtobufRpcEngine2.java:595) [hadoop-common-3.3.6.jar:?]
	at org.apache.hadoop.ipc.ProtobufRpcEngine2$Server$ProtoBufRpcInvoker.call(ProtobufRpcEngine2.java:573) [hadoop-common-3.3.6.jar:?]
	at org.apache.hadoop.ipc.RPC$Server.call(RPC.java:1227) [hadoop-common-3.3.6.jar:?]
	at org.apache.hadoop.ipc.Server$RpcCall.run(Server.java:1094) [hadoop-common-3.3.6.jar:?]
	at org.apache.hadoop.ipc.Server$RpcCall.run(Server.java:1017) [hadoop-common-3.3.6.jar:?]
	at java.security.AccessController.doPrivileged(Native Method) ~[?:1.8.0_382]
	at javax.security.auth.Subject.doAs(Subject.java:422) [?:1.8.0_382]
	at org.apache.hadoop.security.UserGroupInformation.doAs(UserGroupInformation.java:1899) [hadoop-common-3.3.6.jar:?]
	at org.apache.hadoop.ipc.Server$Handler.run(Server.java:3048) [hadoop-common-3.3.6.jar:?]
17:51:48.199 [IPC Server handler 13 on default port 15057] ERROR OMAudit - user=runner | ip=127.0.0.1 | op=GET_FILE_STATUS {volume=volume48305, bucket=bucket81851, key=.Trash, dataSize=0, replicationConfig=null} | ret=FAILURE
org.apache.hadoop.ozone.om.exceptions.OMException: Unable to get file status: volume: volume48305 bucket: bucket81851 key: .Trash
	at org.apache.hadoop.ozone.om.KeyManagerImpl.getOzoneFileStatusFSO(KeyManagerImpl.java:1320) ~[ozone-manager-1.4.0-SNAPSHOT.jar:?]
	at org.apache.hadoop.ozone.om.KeyManagerImpl.getFileStatus(KeyManagerImpl.java:1111) ~[ozone-manager-1.4.0-SNAPSHOT.jar:?]
	at org.apache.hadoop.ozone.om.OmMetadataReader.getFileStatus(OmMetadataReader.java:262) ~[ozone-manager-1.4.0-SNAPSHOT.jar:?]
	at org.apache.hadoop.ozone.om.OzoneManager.getFileStatus(OzoneManager.java:3533) ~[ozone-manager-1.4.0-SNAPSHOT.jar:?]
	at org.apache.hadoop.ozone.protocolPB.OzoneManagerRequestHandler.getOzoneFileStatus(OzoneManagerRequestHandler.java:971) ~[ozone-manager-1.4.0-SNAPSHOT.jar:?]
	at org.apache.hadoop.ozone.protocolPB.OzoneManagerRequestHandler.handleReadRequest(OzoneManagerRequestHandler.java:250) ~[ozone-manager-1.4.0-SNAPSHOT.jar:?]
	at org.apache.hadoop.ozone.protocolPB.OzoneManagerProtocolServerSideTranslatorPB.submitRequestDirectlyToOM(OzoneManagerProtocolServerSideTranslatorPB.java:274) ~[ozone-manager-1.4.0-SNAPSHOT.jar:?]
	at org.apache.hadoop.ozone.protocolPB.OzoneManagerProtocolServerSideTranslatorPB.processRequest(OzoneManagerProtocolServerSideTranslatorPB.java:175) ~[ozone-manager-1.4.0-SNAPSHOT.jar:?]
	at org.apache.hadoop.hdds.server.OzoneProtocolMessageDispatcher.processRequest(OzoneProtocolMessageDispatcher.java:87) [hdds-server-framework-1.4.0-SNAPSHOT.jar:?]
	at org.apache.hadoop.ozone.protocolPB.OzoneManagerProtocolServerSideTranslatorPB.submitRequest(OzoneManagerProtocolServerSideTranslatorPB.java:148) [ozone-manager-1.4.0-SNAPSHOT.jar:?]
	at org.apache.hadoop.ozone.protocol.proto.OzoneManagerProtocolProtos$OzoneManagerService$2.callBlockingMethod(OzoneManagerProtocolProtos.java) [ozone-interface-client-1.4.0-SNAPSHOT.jar:?]
	at org.apache.hadoop.ipc.ProtobufRpcEngine$Server.processCall(ProtobufRpcEngine.java:484) [hadoop-common-3.3.6.jar:?]
	at org.apache.hadoop.ipc.ProtobufRpcEngine2$Server$ProtoBufRpcInvoker.call(ProtobufRpcEngine2.java:595) [hadoop-common-3.3.6.jar:?]
	at org.apache.hadoop.ipc.ProtobufRpcEngine2$Server$ProtoBufRpcInvoker.call(ProtobufRpcEngine2.java:573) [hadoop-common-3.3.6.jar:?]
	at org.apache.hadoop.ipc.RPC$Server.call(RPC.java:1227) [hadoop-common-3.3.6.jar:?]
	at org.apache.hadoop.ipc.Server$RpcCall.run(Server.java:1094) [hadoop-common-3.3.6.jar:?]
	at org.apache.hadoop.ipc.Server$RpcCall.run(Server.java:1017) [hadoop-common-3.3.6.jar:?]
	at java.security.AccessController.doPrivileged(Native Method) ~[?:1.8.0_382]
	at javax.security.auth.Subject.doAs(Subject.java:422) [?:1.8.0_382]
	at org.apache.hadoop.security.UserGroupInformation.doAs(UserGroupInformation.java:1899) [hadoop-common-3.3.6.jar:?]
	at org.apache.hadoop.ipc.Server$Handler.run(Server.java:3048) [hadoop-common-3.3.6.jar:?]
17:51:48.235 [IPC Server handler 4 on default port 15057] ERROR OMAudit - user=runner | ip=127.0.0.1 | op=GET_FILE_STATUS {volume=e534bd99-730a-41cb-a042-f3169d34f842, bucket=475ab30f-3704-4a92-98e5-fba5ff08fc5a, key=.Trash, dataSize=0, replicationConfig=null} | ret=FAILURE
org.apache.hadoop.ozone.om.exceptions.OMException: Unable to get file status: volume: e534bd99-730a-41cb-a042-f3169d34f842 bucket: 475ab30f-3704-4a92-98e5-fba5ff08fc5a key: .Trash
	at org.apache.hadoop.ozone.om.KeyManagerImpl.getOzoneFileStatus(KeyManagerImpl.java:1195) ~[ozone-manager-1.4.0-SNAPSHOT.jar:?]
	at org.apache.hadoop.ozone.om.KeyManagerImpl.getFileStatus(KeyManagerImpl.java:1113) ~[ozone-manager-1.4.0-SNAPSHOT.jar:?]
	at org.apache.hadoop.ozone.om.OmMetadataReader.getFileStatus(OmMetadataReader.java:262) ~[ozone-manager-1.4.0-SNAPSHOT.jar:?]
	at org.apache.hadoop.ozone.om.OzoneManager.getFileStatus(OzoneManager.java:3533) ~[ozone-manager-1.4.0-SNAPSHOT.jar:?]
	at org.apache.hadoop.ozone.protocolPB.OzoneManagerRequestHandler.getOzoneFileStatus(OzoneManagerRequestHandler.java:971) ~[ozone-manager-1.4.0-SNAPSHOT.jar:?]
	at org.apache.hadoop.ozone.protocolPB.OzoneManagerRequestHandler.handleReadRequest(OzoneManagerRequestHandler.java:250) ~[ozone-manager-1.4.0-SNAPSHOT.jar:?]
	at org.apache.hadoop.ozone.protocolPB.OzoneManagerProtocolServerSideTranslatorPB.submitRequestDirectlyToOM(OzoneManagerProtocolServerSideTranslatorPB.java:274) ~[ozone-manager-1.4.0-SNAPSHOT.jar:?]
	at org.apache.hadoop.ozone.protocolPB.OzoneManagerProtocolServerSideTranslatorPB.processRequest(OzoneManagerProtocolServerSideTranslatorPB.java:175) ~[ozone-manager-1.4.0-SNAPSHOT.jar:?]
	at org.apache.hadoop.hdds.server.OzoneProtocolMessageDispatcher.processRequest(OzoneProtocolMessageDispatcher.java:87) [hdds-server-framework-1.4.0-SNAPSHOT.jar:?]
	at org.apache.hadoop.ozone.protocolPB.OzoneManagerProtocolServerSideTranslatorPB.submitRequest(OzoneManagerProtocolServerSideTranslatorPB.java:148) [ozone-manager-1.4.0-SNAPSHOT.jar:?]
	at org.apache.hadoop.ozone.protocol.proto.OzoneManagerProtocolProtos$OzoneManagerService$2.callBlockingMethod(OzoneManagerProtocolProtos.java) [ozone-interface-client-1.4.0-SNAPSHOT.jar:?]
	at org.apache.hadoop.ipc.ProtobufRpcEngine$Server.processCall(ProtobufRpcEngine.java:484) [hadoop-common-3.3.6.jar:?]
	at org.apache.hadoop.ipc.ProtobufRpcEngine2$Server$ProtoBufRpcInvoker.call(ProtobufRpcEngine2.java:595) [hadoop-common-3.3.6.jar:?]
	at org.apache.hadoop.ipc.ProtobufRpcEngine2$Server$ProtoBufRpcInvoker.call(ProtobufRpcEngine2.java:573) [hadoop-common-3.3.6.jar:?]
	at org.apache.hadoop.ipc.RPC$Server.call(RPC.java:1227) [hadoop-common-3.3.6.jar:?]
	at org.apache.hadoop.ipc.Server$RpcCall.run(Server.java:1094) [hadoop-common-3.3.6.jar:?]
	at org.apache.hadoop.ipc.Server$RpcCall.run(Server.java:1017) [hadoop-common-3.3.6.jar:?]
	at java.security.AccessController.doPrivileged(Native Method) ~[?:1.8.0_382]
	at javax.security.auth.Subject.doAs(Subject.java:422) [?:1.8.0_382]
	at org.apache.hadoop.security.UserGroupInformation.doAs(UserGroupInformation.java:1899) [hadoop-common-3.3.6.jar:?]
	at org.apache.hadoop.ipc.Server$Handler.run(Server.java:3048) [hadoop-common-3.3.6.jar:?]
17:51:48.238 [IPC Server handler 12 on default port 15057] ERROR OMAudit - user=runner | ip=127.0.0.1 | op=GET_FILE_STATUS {volume=volume48305, bucket=bucket81851, key=.Trash, dataSize=0, replicationConfig=null} | ret=FAILURE
org.apache.hadoop.ozone.om.exceptions.OMException: Unable to get file status: volume: volume48305 bucket: bucket81851 key: .Trash
	at org.apache.hadoop.ozone.om.KeyManagerImpl.getOzoneFileStatusFSO(KeyManagerImpl.java:1320) ~[ozone-manager-1.4.0-SNAPSHOT.jar:?]
	at org.apache.hadoop.ozone.om.KeyManagerImpl.getFileStatus(KeyManagerImpl.java:1111) ~[ozone-manager-1.4.0-SNAPSHOT.jar:?]
	at org.apache.hadoop.ozone.om.OmMetadataReader.getFileStatus(OmMetadataReader.java:262) ~[ozone-manager-1.4.0-SNAPSHOT.jar:?]
	at org.apache.hadoop.ozone.om.OzoneManager.getFileStatus(OzoneManager.java:3533) ~[ozone-manager-1.4.0-SNAPSHOT.jar:?]
	at org.apache.hadoop.ozone.protocolPB.OzoneManagerRequestHandler.getOzoneFileStatus(OzoneManagerRequestHandler.java:971) ~[ozone-manager-1.4.0-SNAPSHOT.jar:?]
	at org.apache.hadoop.ozone.protocolPB.OzoneManagerRequestHandler.handleReadRequest(OzoneManagerRequestHandler.java:250) ~[ozone-manager-1.4.0-SNAPSHOT.jar:?]
	at org.apache.hadoop.ozone.protocolPB.OzoneManagerProtocolServerSideTranslatorPB.submitRequestDirectlyToOM(OzoneManagerProtocolServerSideTranslatorPB.java:274) ~[ozone-manager-1.4.0-SNAPSHOT.jar:?]
	at org.apache.hadoop.ozone.protocolPB.OzoneManagerProtocolServerSideTranslatorPB.processRequest(OzoneManagerProtocolServerSideTranslatorPB.java:175) ~[ozone-manager-1.4.0-SNAPSHOT.jar:?]
	at org.apache.hadoop.hdds.server.OzoneProtocolMessageDispatcher.processRequest(OzoneProtocolMessageDispatcher.java:87) [hdds-server-framework-1.4.0-SNAPSHOT.jar:?]
	at org.apache.hadoop.ozone.protocolPB.OzoneManagerProtocolServerSideTranslatorPB.submitRequest(OzoneManagerProtocolServerSideTranslatorPB.java:148) [ozone-manager-1.4.0-SNAPSHOT.jar:?]
	at org.apache.hadoop.ozone.protocol.proto.OzoneManagerProtocolProtos$OzoneManagerService$2.callBlockingMethod(OzoneManagerProtocolProtos.java) [ozone-interface-client-1.4.0-SNAPSHOT.jar:?]
	at org.apache.hadoop.ipc.ProtobufRpcEngine$Server.processCall(ProtobufRpcEngine.java:484) [hadoop-common-3.3.6.jar:?]
	at org.apache.hadoop.ipc.ProtobufRpcEngine2$Server$ProtoBufRpcInvoker.call(ProtobufRpcEngine2.java:595) [hadoop-common-3.3.6.jar:?]
	at org.apache.hadoop.ipc.ProtobufRpcEngine2$Server$ProtoBufRpcInvoker.call(ProtobufRpcEngine2.java:573) [hadoop-common-3.3.6.jar:?]
	at org.apache.hadoop.ipc.RPC$Server.call(RPC.java:1227) [hadoop-common-3.3.6.jar:?]
	at org.apache.hadoop.ipc.Server$RpcCall.run(Server.java:1094) [hadoop-common-3.3.6.jar:?]
	at org.apache.hadoop.ipc.Server$RpcCall.run(Server.java:1017) [hadoop-common-3.3.6.jar:?]
	at java.security.AccessController.doPrivileged(Native Method) ~[?:1.8.0_382]
	at javax.security.auth.Subject.doAs(Subject.java:422) [?:1.8.0_382]
	at org.apache.hadoop.security.UserGroupInformation.doAs(UserGroupInformation.java:1899) [hadoop-common-3.3.6.jar:?]
	at org.apache.hadoop.ipc.Server$Handler.run(Server.java:3048) [hadoop-common-3.3.6.jar:?]
2023-09-21 17:51:48,261 [Time-limited test] INFO  rpc.RpcClient (RpcClient.java:createVolume(461)) - Creating Volume: volume22909, with user77086 as owner and space quota set to -1 bytes, counts quota set to -1
2023-09-21 17:51:48,262 [IPC Server handler 19 on default port 15057] INFO  volume.OMVolumeCreateRequest (OMVolumeCreateRequest.java:validateAndUpdateCache(196)) - created volume:volume22909 for user:user77086
2023-09-21 17:51:48,264 [Time-limited test] INFO  rpc.RpcClient (RpcClient.java:createBucket(688)) - Creating Bucket: volume22909/bucket04828, with bucket layout FILE_SYSTEM_OPTIMIZED, runner as owner, Versioning false, Storage Type set to DISK and Encryption set to false, Replication Type set to server-side default replication type, Namespace Quota set to -1, Space Quota set to -1 
2023-09-21 17:51:48,264 [IPC Server handler 10 on default port 15057] INFO  bucket.OMBucketCreateRequest (OMBucketCreateRequest.java:validateAndUpdateCache(270)) - created bucket: bucket04828 of layout FILE_SYSTEM_OPTIMIZED in volume: volume22909
17:51:48.284 [IPC Server handler 4 on default port 15057] ERROR OMAudit - user=runner | ip=127.0.0.1 | op=GET_FILE_STATUS {volume=e534bd99-730a-41cb-a042-f3169d34f842, bucket=475ab30f-3704-4a92-98e5-fba5ff08fc5a, key=.Trash, dataSize=0, replicationConfig=null} | ret=FAILURE
org.apache.hadoop.ozone.om.exceptions.OMException: Unable to get file status: volume: e534bd99-730a-41cb-a042-f3169d34f842 bucket: 475ab30f-3704-4a92-98e5-fba5ff08fc5a key: .Trash
	at org.apache.hadoop.ozone.om.KeyManagerImpl.getOzoneFileStatus(KeyManagerImpl.java:1195) ~[ozone-manager-1.4.0-SNAPSHOT.jar:?]
	at org.apache.hadoop.ozone.om.KeyManagerImpl.getFileStatus(KeyManagerImpl.java:1113) ~[ozone-manager-1.4.0-SNAPSHOT.jar:?]
	at org.apache.hadoop.ozone.om.OmMetadataReader.getFileStatus(OmMetadataReader.java:262) ~[ozone-manager-1.4.0-SNAPSHOT.jar:?]
	at org.apache.hadoop.ozone.om.OzoneManager.getFileStatus(OzoneManager.java:3533) ~[ozone-manager-1.4.0-SNAPSHOT.jar:?]
	at org.apache.hadoop.ozone.protocolPB.OzoneManagerRequestHandler.getOzoneFileStatus(OzoneManagerRequestHandler.java:971) ~[ozone-manager-1.4.0-SNAPSHOT.jar:?]
	at org.apache.hadoop.ozone.protocolPB.OzoneManagerRequestHandler.handleReadRequest(OzoneManagerRequestHandler.java:250) ~[ozone-manager-1.4.0-SNAPSHOT.jar:?]
	at org.apache.hadoop.ozone.protocolPB.OzoneManagerProtocolServerSideTranslatorPB.submitRequestDirectlyToOM(OzoneManagerProtocolServerSideTranslatorPB.java:274) ~[ozone-manager-1.4.0-SNAPSHOT.jar:?]
	at org.apache.hadoop.ozone.protocolPB.OzoneManagerProtocolServerSideTranslatorPB.processRequest(OzoneManagerProtocolServerSideTranslatorPB.java:175) ~[ozone-manager-1.4.0-SNAPSHOT.jar:?]
	at org.apache.hadoop.hdds.server.OzoneProtocolMessageDispatcher.processRequest(OzoneProtocolMessageDispatcher.java:87) [hdds-server-framework-1.4.0-SNAPSHOT.jar:?]
	at org.apache.hadoop.ozone.protocolPB.OzoneManagerProtocolServerSideTranslatorPB.submitRequest(OzoneManagerProtocolServerSideTranslatorPB.java:148) [ozone-manager-1.4.0-SNAPSHOT.jar:?]
	at org.apache.hadoop.ozone.protocol.proto.OzoneManagerProtocolProtos$OzoneManagerService$2.callBlockingMethod(OzoneManagerProtocolProtos.java) [ozone-interface-client-1.4.0-SNAPSHOT.jar:?]
	at org.apache.hadoop.ipc.ProtobufRpcEngine$Server.processCall(ProtobufRpcEngine.java:484) [hadoop-common-3.3.6.jar:?]
	at org.apache.hadoop.ipc.ProtobufRpcEngine2$Server$ProtoBufRpcInvoker.call(ProtobufRpcEngine2.java:595) [hadoop-common-3.3.6.jar:?]
	at org.apache.hadoop.ipc.ProtobufRpcEngine2$Server$ProtoBufRpcInvoker.call(ProtobufRpcEngine2.java:573) [hadoop-common-3.3.6.jar:?]
	at org.apache.hadoop.ipc.RPC$Server.call(RPC.java:1227) [hadoop-common-3.3.6.jar:?]
	at org.apache.hadoop.ipc.Server$RpcCall.run(Server.java:1094) [hadoop-common-3.3.6.jar:?]
	at org.apache.hadoop.ipc.Server$RpcCall.run(Server.java:1017) [hadoop-common-3.3.6.jar:?]
	at java.security.AccessController.doPrivileged(Native Method) ~[?:1.8.0_382]
	at javax.security.auth.Subject.doAs(Subject.java:422) [?:1.8.0_382]
	at org.apache.hadoop.security.UserGroupInformation.doAs(UserGroupInformation.java:1899) [hadoop-common-3.3.6.jar:?]
	at org.apache.hadoop.ipc.Server$Handler.run(Server.java:3048) [hadoop-common-3.3.6.jar:?]
17:51:48.294 [IPC Server handler 13 on default port 15057] ERROR OMAudit - user=runner | ip=127.0.0.1 | op=GET_FILE_STATUS {volume=volume48305, bucket=bucket81851, key=.Trash, dataSize=0, replicationConfig=null} | ret=FAILURE
org.apache.hadoop.ozone.om.exceptions.OMException: Unable to get file status: volume: volume48305 bucket: bucket81851 key: .Trash
	at org.apache.hadoop.ozone.om.KeyManagerImpl.getOzoneFileStatusFSO(KeyManagerImpl.java:1320) ~[ozone-manager-1.4.0-SNAPSHOT.jar:?]
	at org.apache.hadoop.ozone.om.KeyManagerImpl.getFileStatus(KeyManagerImpl.java:1111) ~[ozone-manager-1.4.0-SNAPSHOT.jar:?]
	at org.apache.hadoop.ozone.om.OmMetadataReader.getFileStatus(OmMetadataReader.java:262) ~[ozone-manager-1.4.0-SNAPSHOT.jar:?]
	at org.apache.hadoop.ozone.om.OzoneManager.getFileStatus(OzoneManager.java:3533) ~[ozone-manager-1.4.0-SNAPSHOT.jar:?]
	at org.apache.hadoop.ozone.protocolPB.OzoneManagerRequestHandler.getOzoneFileStatus(OzoneManagerRequestHandler.java:971) ~[ozone-manager-1.4.0-SNAPSHOT.jar:?]
	at org.apache.hadoop.ozone.protocolPB.OzoneManagerRequestHandler.handleReadRequest(OzoneManagerRequestHandler.java:250) ~[ozone-manager-1.4.0-SNAPSHOT.jar:?]
	at org.apache.hadoop.ozone.protocolPB.OzoneManagerProtocolServerSideTranslatorPB.submitRequestDirectlyToOM(OzoneManagerProtocolServerSideTranslatorPB.java:274) ~[ozone-manager-1.4.0-SNAPSHOT.jar:?]
	at org.apache.hadoop.ozone.protocolPB.OzoneManagerProtocolServerSideTranslatorPB.processRequest(OzoneManagerProtocolServerSideTranslatorPB.java:175) ~[ozone-manager-1.4.0-SNAPSHOT.jar:?]
	at org.apache.hadoop.hdds.server.OzoneProtocolMessageDispatcher.processRequest(OzoneProtocolMessageDispatcher.java:87) [hdds-server-framework-1.4.0-SNAPSHOT.jar:?]
	at org.apache.hadoop.ozone.protocolPB.OzoneManagerProtocolServerSideTranslatorPB.submitRequest(OzoneManagerProtocolServerSideTranslatorPB.java:148) [ozone-manager-1.4.0-SNAPSHOT.jar:?]
	at org.apache.hadoop.ozone.protocol.proto.OzoneManagerProtocolProtos$OzoneManagerService$2.callBlockingMethod(OzoneManagerProtocolProtos.java) [ozone-interface-client-1.4.0-SNAPSHOT.jar:?]
	at org.apache.hadoop.ipc.ProtobufRpcEngine$Server.processCall(ProtobufRpcEngine.java:484) [hadoop-common-3.3.6.jar:?]
	at org.apache.hadoop.ipc.ProtobufRpcEngine2$Server$ProtoBufRpcInvoker.call(ProtobufRpcEngine2.java:595) [hadoop-common-3.3.6.jar:?]
	at org.apache.hadoop.ipc.ProtobufRpcEngine2$Server$ProtoBufRpcInvoker.call(ProtobufRpcEngine2.java:573) [hadoop-common-3.3.6.jar:?]
	at org.apache.hadoop.ipc.RPC$Server.call(RPC.java:1227) [hadoop-common-3.3.6.jar:?]
	at org.apache.hadoop.ipc.Server$RpcCall.run(Server.java:1094) [hadoop-common-3.3.6.jar:?]
	at org.apache.hadoop.ipc.Server$RpcCall.run(Server.java:1017) [hadoop-common-3.3.6.jar:?]
	at java.security.AccessController.doPrivileged(Native Method) ~[?:1.8.0_382]
	at javax.security.auth.Subject.doAs(Subject.java:422) [?:1.8.0_382]
	at org.apache.hadoop.security.UserGroupInformation.doAs(UserGroupInformation.java:1899) [hadoop-common-3.3.6.jar:?]
	at org.apache.hadoop.ipc.Server$Handler.run(Server.java:3048) [hadoop-common-3.3.6.jar:?]
17:51:48.331 [IPC Server handler 7 on default port 15057] ERROR OMAudit - user=runner | ip=127.0.0.1 | op=GET_FILE_STATUS {volume=e534bd99-730a-41cb-a042-f3169d34f842, bucket=475ab30f-3704-4a92-98e5-fba5ff08fc5a, key=.Trash, dataSize=0, replicationConfig=null} | ret=FAILURE
org.apache.hadoop.ozone.om.exceptions.OMException: Unable to get file status: volume: e534bd99-730a-41cb-a042-f3169d34f842 bucket: 475ab30f-3704-4a92-98e5-fba5ff08fc5a key: .Trash
	at org.apache.hadoop.ozone.om.KeyManagerImpl.getOzoneFileStatus(KeyManagerImpl.java:1195) ~[ozone-manager-1.4.0-SNAPSHOT.jar:?]
	at org.apache.hadoop.ozone.om.KeyManagerImpl.getFileStatus(KeyManagerImpl.java:1113) ~[ozone-manager-1.4.0-SNAPSHOT.jar:?]
	at org.apache.hadoop.ozone.om.OmMetadataReader.getFileStatus(OmMetadataReader.java:262) ~[ozone-manager-1.4.0-SNAPSHOT.jar:?]
	at org.apache.hadoop.ozone.om.OzoneManager.getFileStatus(OzoneManager.java:3533) ~[ozone-manager-1.4.0-SNAPSHOT.jar:?]
	at org.apache.hadoop.ozone.protocolPB.OzoneManagerRequestHandler.getOzoneFileStatus(OzoneManagerRequestHandler.java:971) ~[ozone-manager-1.4.0-SNAPSHOT.jar:?]
	at org.apache.hadoop.ozone.protocolPB.OzoneManagerRequestHandler.handleReadRequest(OzoneManagerRequestHandler.java:250) ~[ozone-manager-1.4.0-SNAPSHOT.jar:?]
	at org.apache.hadoop.ozone.protocolPB.OzoneManagerProtocolServerSideTranslatorPB.submitRequestDirectlyToOM(OzoneManagerProtocolServerSideTranslatorPB.java:274) ~[ozone-manager-1.4.0-SNAPSHOT.jar:?]
	at org.apache.hadoop.ozone.protocolPB.OzoneManagerProtocolServerSideTranslatorPB.processRequest(OzoneManagerProtocolServerSideTranslatorPB.java:175) ~[ozone-manager-1.4.0-SNAPSHOT.jar:?]
	at org.apache.hadoop.hdds.server.OzoneProtocolMessageDispatcher.processRequest(OzoneProtocolMessageDispatcher.java:87) [hdds-server-framework-1.4.0-SNAPSHOT.jar:?]
	at org.apache.hadoop.ozone.protocolPB.OzoneManagerProtocolServerSideTranslatorPB.submitRequest(OzoneManagerProtocolServerSideTranslatorPB.java:148) [ozone-manager-1.4.0-SNAPSHOT.jar:?]
	at org.apache.hadoop.ozone.protocol.proto.OzoneManagerProtocolProtos$OzoneManagerService$2.callBlockingMethod(OzoneManagerProtocolProtos.java) [ozone-interface-client-1.4.0-SNAPSHOT.jar:?]
	at org.apache.hadoop.ipc.ProtobufRpcEngine$Server.processCall(ProtobufRpcEngine.java:484) [hadoop-common-3.3.6.jar:?]
	at org.apache.hadoop.ipc.ProtobufRpcEngine2$Server$ProtoBufRpcInvoker.call(ProtobufRpcEngine2.java:595) [hadoop-common-3.3.6.jar:?]
	at org.apache.hadoop.ipc.ProtobufRpcEngine2$Server$ProtoBufRpcInvoker.call(ProtobufRpcEngine2.java:573) [hadoop-common-3.3.6.jar:?]
	at org.apache.hadoop.ipc.RPC$Server.call(RPC.java:1227) [hadoop-common-3.3.6.jar:?]
	at org.apache.hadoop.ipc.Server$RpcCall.run(Server.java:1094) [hadoop-common-3.3.6.jar:?]
	at org.apache.hadoop.ipc.Server$RpcCall.run(Server.java:1017) [hadoop-common-3.3.6.jar:?]
	at java.security.AccessController.doPrivileged(Native Method) ~[?:1.8.0_382]
	at javax.security.auth.Subject.doAs(Subject.java:422) [?:1.8.0_382]
	at org.apache.hadoop.security.UserGroupInformation.doAs(UserGroupInformation.java:1899) [hadoop-common-3.3.6.jar:?]
	at org.apache.hadoop.ipc.Server$Handler.run(Server.java:3048) [hadoop-common-3.3.6.jar:?]
17:51:48.343 [IPC Server handler 6 on default port 15057] ERROR OMAudit - user=runner | ip=127.0.0.1 | op=GET_FILE_STATUS {volume=volume48305, bucket=bucket81851, key=.Trash, dataSize=0, replicationConfig=null} | ret=FAILURE
org.apache.hadoop.ozone.om.exceptions.OMException: Unable to get file status: volume: volume48305 bucket: bucket81851 key: .Trash
	at org.apache.hadoop.ozone.om.KeyManagerImpl.getOzoneFileStatusFSO(KeyManagerImpl.java:1320) ~[ozone-manager-1.4.0-SNAPSHOT.jar:?]
	at org.apache.hadoop.ozone.om.KeyManagerImpl.getFileStatus(KeyManagerImpl.java:1111) ~[ozone-manager-1.4.0-SNAPSHOT.jar:?]
	at org.apache.hadoop.ozone.om.OmMetadataReader.getFileStatus(OmMetadataReader.java:262) ~[ozone-manager-1.4.0-SNAPSHOT.jar:?]
	at org.apache.hadoop.ozone.om.OzoneManager.getFileStatus(OzoneManager.java:3533) ~[ozone-manager-1.4.0-SNAPSHOT.jar:?]
	at org.apache.hadoop.ozone.protocolPB.OzoneManagerRequestHandler.getOzoneFileStatus(OzoneManagerRequestHandler.java:971) ~[ozone-manager-1.4.0-SNAPSHOT.jar:?]
	at org.apache.hadoop.ozone.protocolPB.OzoneManagerRequestHandler.handleReadRequest(OzoneManagerRequestHandler.java:250) ~[ozone-manager-1.4.0-SNAPSHOT.jar:?]
	at org.apache.hadoop.ozone.protocolPB.OzoneManagerProtocolServerSideTranslatorPB.submitRequestDirectlyToOM(OzoneManagerProtocolServerSideTranslatorPB.java:274) ~[ozone-manager-1.4.0-SNAPSHOT.jar:?]
	at org.apache.hadoop.ozone.protocolPB.OzoneManagerProtocolServerSideTranslatorPB.processRequest(OzoneManagerProtocolServerSideTranslatorPB.java:175) ~[ozone-manager-1.4.0-SNAPSHOT.jar:?]
	at org.apache.hadoop.hdds.server.OzoneProtocolMessageDispatcher.processRequest(OzoneProtocolMessageDispatcher.java:87) [hdds-server-framework-1.4.0-SNAPSHOT.jar:?]
	at org.apache.hadoop.ozone.protocolPB.OzoneManagerProtocolServerSideTranslatorPB.submitRequest(OzoneManagerProtocolServerSideTranslatorPB.java:148) [ozone-manager-1.4.0-SNAPSHOT.jar:?]
	at org.apache.hadoop.ozone.protocol.proto.OzoneManagerProtocolProtos$OzoneManagerService$2.callBlockingMethod(OzoneManagerProtocolProtos.java) [ozone-interface-client-1.4.0-SNAPSHOT.jar:?]
	at org.apache.hadoop.ipc.ProtobufRpcEngine$Server.processCall(ProtobufRpcEngine.java:484) [hadoop-common-3.3.6.jar:?]
	at org.apache.hadoop.ipc.ProtobufRpcEngine2$Server$ProtoBufRpcInvoker.call(ProtobufRpcEngine2.java:595) [hadoop-common-3.3.6.jar:?]
	at org.apache.hadoop.ipc.ProtobufRpcEngine2$Server$ProtoBufRpcInvoker.call(ProtobufRpcEngine2.java:573) [hadoop-common-3.3.6.jar:?]
	at org.apache.hadoop.ipc.RPC$Server.call(RPC.java:1227) [hadoop-common-3.3.6.jar:?]
	at org.apache.hadoop.ipc.Server$RpcCall.run(Server.java:1094) [hadoop-common-3.3.6.jar:?]
	at org.apache.hadoop.ipc.Server$RpcCall.run(Server.java:1017) [hadoop-common-3.3.6.jar:?]
	at java.security.AccessController.doPrivileged(Native Method) ~[?:1.8.0_382]
	at javax.security.auth.Subject.doAs(Subject.java:422) [?:1.8.0_382]
	at org.apache.hadoop.security.UserGroupInformation.doAs(UserGroupInformation.java:1899) [hadoop-common-3.3.6.jar:?]
	at org.apache.hadoop.ipc.Server$Handler.run(Server.java:3048) [hadoop-common-3.3.6.jar:?]
17:51:48.370 [IPC Server handler 8 on default port 15057] ERROR OMAudit - user=runner | ip=127.0.0.1 | op=GET_FILE_STATUS {volume=volume22909, bucket=bucket04828, key=.Trash/runner, dataSize=0, replicationConfig=null} | ret=FAILURE
org.apache.hadoop.ozone.om.exceptions.OMException: Unable to get file status: volume: volume22909 bucket: bucket04828 key: .Trash/runner
	at org.apache.hadoop.ozone.om.KeyManagerImpl.getOzoneFileStatusFSO(KeyManagerImpl.java:1320) ~[ozone-manager-1.4.0-SNAPSHOT.jar:?]
	at org.apache.hadoop.ozone.om.KeyManagerImpl.getFileStatus(KeyManagerImpl.java:1111) ~[ozone-manager-1.4.0-SNAPSHOT.jar:?]
	at org.apache.hadoop.ozone.om.OmMetadataReader.getFileStatus(OmMetadataReader.java:262) ~[ozone-manager-1.4.0-SNAPSHOT.jar:?]
	at org.apache.hadoop.ozone.om.OzoneManager.getFileStatus(OzoneManager.java:3533) ~[ozone-manager-1.4.0-SNAPSHOT.jar:?]
	at org.apache.hadoop.ozone.protocolPB.OzoneManagerRequestHandler.getOzoneFileStatus(OzoneManagerRequestHandler.java:971) ~[ozone-manager-1.4.0-SNAPSHOT.jar:?]
	at org.apache.hadoop.ozone.protocolPB.OzoneManagerRequestHandler.handleReadRequest(OzoneManagerRequestHandler.java:250) ~[ozone-manager-1.4.0-SNAPSHOT.jar:?]
	at org.apache.hadoop.ozone.protocolPB.OzoneManagerProtocolServerSideTranslatorPB.submitRequestDirectlyToOM(OzoneManagerProtocolServerSideTranslatorPB.java:274) ~[ozone-manager-1.4.0-SNAPSHOT.jar:?]
	at org.apache.hadoop.ozone.protocolPB.OzoneManagerProtocolServerSideTranslatorPB.processRequest(OzoneManagerProtocolServerSideTranslatorPB.java:175) ~[ozone-manager-1.4.0-SNAPSHOT.jar:?]
	at org.apache.hadoop.hdds.server.OzoneProtocolMessageDispatcher.processRequest(OzoneProtocolMessageDispatcher.java:87) [hdds-server-framework-1.4.0-SNAPSHOT.jar:?]
	at org.apache.hadoop.ozone.protocolPB.OzoneManagerProtocolServerSideTranslatorPB.submitRequest(OzoneManagerProtocolServerSideTranslatorPB.java:148) [ozone-manager-1.4.0-SNAPSHOT.jar:?]
	at org.apache.hadoop.ozone.protocol.proto.OzoneManagerProtocolProtos$OzoneManagerService$2.callBlockingMethod(OzoneManagerProtocolProtos.java) [ozone-interface-client-1.4.0-SNAPSHOT.jar:?]
	at org.apache.hadoop.ipc.ProtobufRpcEngine$Server.processCall(ProtobufRpcEngine.java:484) [hadoop-common-3.3.6.jar:?]
	at org.apache.hadoop.ipc.ProtobufRpcEngine2$Server$ProtoBufRpcInvoker.call(ProtobufRpcEngine2.java:595) [hadoop-common-3.3.6.jar:?]
	at org.apache.hadoop.ipc.ProtobufRpcEngine2$Server$ProtoBufRpcInvoker.call(ProtobufRpcEngine2.java:573) [hadoop-common-3.3.6.jar:?]
	at org.apache.hadoop.ipc.RPC$Server.call(RPC.java:1227) [hadoop-common-3.3.6.jar:?]
	at org.apache.hadoop.ipc.Server$RpcCall.run(Server.java:1094) [hadoop-common-3.3.6.jar:?]
	at org.apache.hadoop.ipc.Server$RpcCall.run(Server.java:1017) [hadoop-common-3.3.6.jar:?]
	at java.security.AccessController.doPrivileged(Native Method) ~[?:1.8.0_382]
	at javax.security.auth.Subject.doAs(Subject.java:422) [?:1.8.0_382]
	at org.apache.hadoop.security.UserGroupInformation.doAs(UserGroupInformation.java:1899) [hadoop-common-3.3.6.jar:?]
	at org.apache.hadoop.ipc.Server$Handler.run(Server.java:3048) [hadoop-common-3.3.6.jar:?]
17:51:48.374 [IPC Server handler 12 on default port 15057] ERROR OMAudit - user=runner | ip=127.0.0.1 | op=GET_FILE_STATUS {volume=e534bd99-730a-41cb-a042-f3169d34f842, bucket=475ab30f-3704-4a92-98e5-fba5ff08fc5a, key=.Trash, dataSize=0, replicationConfig=null} | ret=FAILURE
org.apache.hadoop.ozone.om.exceptions.OMException: Unable to get file status: volume: e534bd99-730a-41cb-a042-f3169d34f842 bucket: 475ab30f-3704-4a92-98e5-fba5ff08fc5a key: .Trash
	at org.apache.hadoop.ozone.om.KeyManagerImpl.getOzoneFileStatus(KeyManagerImpl.java:1195) ~[ozone-manager-1.4.0-SNAPSHOT.jar:?]
	at org.apache.hadoop.ozone.om.KeyManagerImpl.getFileStatus(KeyManagerImpl.java:1113) ~[ozone-manager-1.4.0-SNAPSHOT.jar:?]
	at org.apache.hadoop.ozone.om.OmMetadataReader.getFileStatus(OmMetadataReader.java:262) ~[ozone-manager-1.4.0-SNAPSHOT.jar:?]
	at org.apache.hadoop.ozone.om.OzoneManager.getFileStatus(OzoneManager.java:3533) ~[ozone-manager-1.4.0-SNAPSHOT.jar:?]
	at org.apache.hadoop.ozone.protocolPB.OzoneManagerRequestHandler.getOzoneFileStatus(OzoneManagerRequestHandler.java:971) ~[ozone-manager-1.4.0-SNAPSHOT.jar:?]
	at org.apache.hadoop.ozone.protocolPB.OzoneManagerRequestHandler.handleReadRequest(OzoneManagerRequestHandler.java:250) ~[ozone-manager-1.4.0-SNAPSHOT.jar:?]
	at org.apache.hadoop.ozone.protocolPB.OzoneManagerProtocolServerSideTranslatorPB.submitRequestDirectlyToOM(OzoneManagerProtocolServerSideTranslatorPB.java:274) ~[ozone-manager-1.4.0-SNAPSHOT.jar:?]
	at org.apache.hadoop.ozone.protocolPB.OzoneManagerProtocolServerSideTranslatorPB.processRequest(OzoneManagerProtocolServerSideTranslatorPB.java:175) ~[ozone-manager-1.4.0-SNAPSHOT.jar:?]
	at org.apache.hadoop.hdds.server.OzoneProtocolMessageDispatcher.processRequest(OzoneProtocolMessageDispatcher.java:87) [hdds-server-framework-1.4.0-SNAPSHOT.jar:?]
	at org.apache.hadoop.ozone.protocolPB.OzoneManagerProtocolServerSideTranslatorPB.submitRequest(OzoneManagerProtocolServerSideTranslatorPB.java:148) [ozone-manager-1.4.0-SNAPSHOT.jar:?]
	at org.apache.hadoop.ozone.protocol.proto.OzoneManagerProtocolProtos$OzoneManagerService$2.callBlockingMethod(OzoneManagerProtocolProtos.java) [ozone-interface-client-1.4.0-SNAPSHOT.jar:?]
	at org.apache.hadoop.ipc.ProtobufRpcEngine$Server.processCall(ProtobufRpcEngine.java:484) [hadoop-common-3.3.6.jar:?]
	at org.apache.hadoop.ipc.ProtobufRpcEngine2$Server$ProtoBufRpcInvoker.call(ProtobufRpcEngine2.java:595) [hadoop-common-3.3.6.jar:?]
	at org.apache.hadoop.ipc.ProtobufRpcEngine2$Server$ProtoBufRpcInvoker.call(ProtobufRpcEngine2.java:573) [hadoop-common-3.3.6.jar:?]
	at org.apache.hadoop.ipc.RPC$Server.call(RPC.java:1227) [hadoop-common-3.3.6.jar:?]
	at org.apache.hadoop.ipc.Server$RpcCall.run(Server.java:1094) [hadoop-common-3.3.6.jar:?]
	at org.apache.hadoop.ipc.Server$RpcCall.run(Server.java:1017) [hadoop-common-3.3.6.jar:?]
	at java.security.AccessController.doPrivileged(Native Method) ~[?:1.8.0_382]
	at javax.security.auth.Subject.doAs(Subject.java:422) [?:1.8.0_382]
	at org.apache.hadoop.security.UserGroupInformation.doAs(UserGroupInformation.java:1899) [hadoop-common-3.3.6.jar:?]
	at org.apache.hadoop.ipc.Server$Handler.run(Server.java:3048) [hadoop-common-3.3.6.jar:?]
17:51:48.377 [IPC Server handler 17 on default port 15057] ERROR OMAudit - user=runner | ip=127.0.0.1 | op=GET_FILE_STATUS {volume=volume22909, bucket=bucket04828, key=.Trash, dataSize=0, replicationConfig=null} | ret=FAILURE
org.apache.hadoop.ozone.om.exceptions.OMException: Unable to get file status: volume: volume22909 bucket: bucket04828 key: .Trash
	at org.apache.hadoop.ozone.om.KeyManagerImpl.getOzoneFileStatusFSO(KeyManagerImpl.java:1320) ~[ozone-manager-1.4.0-SNAPSHOT.jar:?]
	at org.apache.hadoop.ozone.om.KeyManagerImpl.getFileStatus(KeyManagerImpl.java:1111) ~[ozone-manager-1.4.0-SNAPSHOT.jar:?]
	at org.apache.hadoop.ozone.om.OmMetadataReader.getFileStatus(OmMetadataReader.java:262) ~[ozone-manager-1.4.0-SNAPSHOT.jar:?]
	at org.apache.hadoop.ozone.om.OzoneManager.getFileStatus(OzoneManager.java:3533) ~[ozone-manager-1.4.0-SNAPSHOT.jar:?]
	at org.apache.hadoop.ozone.protocolPB.OzoneManagerRequestHandler.getOzoneFileStatus(OzoneManagerRequestHandler.java:971) ~[ozone-manager-1.4.0-SNAPSHOT.jar:?]
	at org.apache.hadoop.ozone.protocolPB.OzoneManagerRequestHandler.handleReadRequest(OzoneManagerRequestHandler.java:250) ~[ozone-manager-1.4.0-SNAPSHOT.jar:?]
	at org.apache.hadoop.ozone.protocolPB.OzoneManagerProtocolServerSideTranslatorPB.submitRequestDirectlyToOM(OzoneManagerProtocolServerSideTranslatorPB.java:274) ~[ozone-manager-1.4.0-SNAPSHOT.jar:?]
	at org.apache.hadoop.ozone.protocolPB.OzoneManagerProtocolServerSideTranslatorPB.processRequest(OzoneManagerProtocolServerSideTranslatorPB.java:175) ~[ozone-manager-1.4.0-SNAPSHOT.jar:?]
	at org.apache.hadoop.hdds.server.OzoneProtocolMessageDispatcher.processRequest(OzoneProtocolMessageDispatcher.java:87) [hdds-server-framework-1.4.0-SNAPSHOT.jar:?]
	at org.apache.hadoop.ozone.protocolPB.OzoneManagerProtocolServerSideTranslatorPB.submitRequest(OzoneManagerProtocolServerSideTranslatorPB.java:148) [ozone-manager-1.4.0-SNAPSHOT.jar:?]
	at org.apache.hadoop.ozone.protocol.proto.OzoneManagerProtocolProtos$OzoneManagerService$2.callBlockingMethod(OzoneManagerProtocolProtos.java) [ozone-interface-client-1.4.0-SNAPSHOT.jar:?]
	at org.apache.hadoop.ipc.ProtobufRpcEngine$Server.processCall(ProtobufRpcEngine.java:484) [hadoop-common-3.3.6.jar:?]
	at org.apache.hadoop.ipc.ProtobufRpcEngine2$Server$ProtoBufRpcInvoker.call(ProtobufRpcEngine2.java:595) [hadoop-common-3.3.6.jar:?]
	at org.apache.hadoop.ipc.ProtobufRpcEngine2$Server$ProtoBufRpcInvoker.call(ProtobufRpcEngine2.java:573) [hadoop-common-3.3.6.jar:?]
	at org.apache.hadoop.ipc.RPC$Server.call(RPC.java:1227) [hadoop-common-3.3.6.jar:?]
	at org.apache.hadoop.ipc.Server$RpcCall.run(Server.java:1094) [hadoop-common-3.3.6.jar:?]
	at org.apache.hadoop.ipc.Server$RpcCall.run(Server.java:1017) [hadoop-common-3.3.6.jar:?]
	at java.security.AccessController.doPrivileged(Native Method) ~[?:1.8.0_382]
	at javax.security.auth.Subject.doAs(Subject.java:422) [?:1.8.0_382]
	at org.apache.hadoop.security.UserGroupInformation.doAs(UserGroupInformation.java:1899) [hadoop-common-3.3.6.jar:?]
	at org.apache.hadoop.ipc.Server$Handler.run(Server.java:3048) [hadoop-common-3.3.6.jar:?]
17:51:48.379 [IPC Server handler 3 on default port 15057] ERROR OMAudit - user=runner | ip=127.0.0.1 | op=GET_FILE_STATUS {volume=volume48305, bucket=bucket81851, key=.Trash, dataSize=0, replicationConfig=null} | ret=FAILURE
org.apache.hadoop.ozone.om.exceptions.OMException: Unable to get file status: volume: volume48305 bucket: bucket81851 key: .Trash
	at org.apache.hadoop.ozone.om.KeyManagerImpl.getOzoneFileStatusFSO(KeyManagerImpl.java:1320) ~[ozone-manager-1.4.0-SNAPSHOT.jar:?]
	at org.apache.hadoop.ozone.om.KeyManagerImpl.getFileStatus(KeyManagerImpl.java:1111) ~[ozone-manager-1.4.0-SNAPSHOT.jar:?]
	at org.apache.hadoop.ozone.om.OmMetadataReader.getFileStatus(OmMetadataReader.java:262) ~[ozone-manager-1.4.0-SNAPSHOT.jar:?]
	at org.apache.hadoop.ozone.om.OzoneManager.getFileStatus(OzoneManager.java:3533) ~[ozone-manager-1.4.0-SNAPSHOT.jar:?]
	at org.apache.hadoop.ozone.protocolPB.OzoneManagerRequestHandler.getOzoneFileStatus(OzoneManagerRequestHandler.java:971) ~[ozone-manager-1.4.0-SNAPSHOT.jar:?]
	at org.apache.hadoop.ozone.protocolPB.OzoneManagerRequestHandler.handleReadRequest(OzoneManagerRequestHandler.java:250) ~[ozone-manager-1.4.0-SNAPSHOT.jar:?]
	at org.apache.hadoop.ozone.protocolPB.OzoneManagerProtocolServerSideTranslatorPB.submitRequestDirectlyToOM(OzoneManagerProtocolServerSideTranslatorPB.java:274) ~[ozone-manager-1.4.0-SNAPSHOT.jar:?]
	at org.apache.hadoop.ozone.protocolPB.OzoneManagerProtocolServerSideTranslatorPB.processRequest(OzoneManagerProtocolServerSideTranslatorPB.java:175) ~[ozone-manager-1.4.0-SNAPSHOT.jar:?]
	at org.apache.hadoop.hdds.server.OzoneProtocolMessageDispatcher.processRequest(OzoneProtocolMessageDispatcher.java:87) [hdds-server-framework-1.4.0-SNAPSHOT.jar:?]
	at org.apache.hadoop.ozone.protocolPB.OzoneManagerProtocolServerSideTranslatorPB.submitRequest(OzoneManagerProtocolServerSideTranslatorPB.java:148) [ozone-manager-1.4.0-SNAPSHOT.jar:?]
	at org.apache.hadoop.ozone.protocol.proto.OzoneManagerProtocolProtos$OzoneManagerService$2.callBlockingMethod(OzoneManagerProtocolProtos.java) [ozone-interface-client-1.4.0-SNAPSHOT.jar:?]
	at org.apache.hadoop.ipc.ProtobufRpcEngine$Server.processCall(ProtobufRpcEngine.java:484) [hadoop-common-3.3.6.jar:?]
	at org.apache.hadoop.ipc.ProtobufRpcEngine2$Server$ProtoBufRpcInvoker.call(ProtobufRpcEngine2.java:595) [hadoop-common-3.3.6.jar:?]
	at org.apache.hadoop.ipc.ProtobufRpcEngine2$Server$ProtoBufRpcInvoker.call(ProtobufRpcEngine2.java:573) [hadoop-common-3.3.6.jar:?]
	at org.apache.hadoop.ipc.RPC$Server.call(RPC.java:1227) [hadoop-common-3.3.6.jar:?]
	at org.apache.hadoop.ipc.Server$RpcCall.run(Server.java:1094) [hadoop-common-3.3.6.jar:?]
	at org.apache.hadoop.ipc.Server$RpcCall.run(Server.java:1017) [hadoop-common-3.3.6.jar:?]
	at java.security.AccessController.doPrivileged(Native Method) ~[?:1.8.0_382]
	at javax.security.auth.Subject.doAs(Subject.java:422) [?:1.8.0_382]
	at org.apache.hadoop.security.UserGroupInformation.doAs(UserGroupInformation.java:1899) [hadoop-common-3.3.6.jar:?]
	at org.apache.hadoop.ipc.Server$Handler.run(Server.java:3048) [hadoop-common-3.3.6.jar:?]
17:51:48.401 [IPC Server handler 14 on default port 15057] ERROR OMAudit - user=runner | ip=127.0.0.1 | op=GET_FILE_STATUS {volume=volume55343, bucket=trashroottest2, key=.Trash/runner, dataSize=0, replicationConfig=null} | ret=FAILURE
org.apache.hadoop.ozone.om.exceptions.OMException: Unable to get file status: volume: volume55343 bucket: trashroottest2 key: .Trash/runner
	at org.apache.hadoop.ozone.om.KeyManagerImpl.getOzoneFileStatusFSO(KeyManagerImpl.java:1320) ~[ozone-manager-1.4.0-SNAPSHOT.jar:?]
	at org.apache.hadoop.ozone.om.KeyManagerImpl.getFileStatus(KeyManagerImpl.java:1111) ~[ozone-manager-1.4.0-SNAPSHOT.jar:?]
	at org.apache.hadoop.ozone.om.OmMetadataReader.getFileStatus(OmMetadataReader.java:262) ~[ozone-manager-1.4.0-SNAPSHOT.jar:?]
	at org.apache.hadoop.ozone.om.OzoneManager.getFileStatus(OzoneManager.java:3533) ~[ozone-manager-1.4.0-SNAPSHOT.jar:?]
	at org.apache.hadoop.ozone.protocolPB.OzoneManagerRequestHandler.getOzoneFileStatus(OzoneManagerRequestHandler.java:971) ~[ozone-manager-1.4.0-SNAPSHOT.jar:?]
	at org.apache.hadoop.ozone.protocolPB.OzoneManagerRequestHandler.handleReadRequest(OzoneManagerRequestHandler.java:250) ~[ozone-manager-1.4.0-SNAPSHOT.jar:?]
	at org.apache.hadoop.ozone.protocolPB.OzoneManagerProtocolServerSideTranslatorPB.submitRequestDirectlyToOM(OzoneManagerProtocolServerSideTranslatorPB.java:274) ~[ozone-manager-1.4.0-SNAPSHOT.jar:?]
	at org.apache.hadoop.ozone.protocolPB.OzoneManagerProtocolServerSideTranslatorPB.processRequest(OzoneManagerProtocolServerSideTranslatorPB.java:175) ~[ozone-manager-1.4.0-SNAPSHOT.jar:?]
	at org.apache.hadoop.hdds.server.OzoneProtocolMessageDispatcher.processRequest(OzoneProtocolMessageDispatcher.java:87) [hdds-server-framework-1.4.0-SNAPSHOT.jar:?]
	at org.apache.hadoop.ozone.protocolPB.OzoneManagerProtocolServerSideTranslatorPB.submitRequest(OzoneManagerProtocolServerSideTranslatorPB.java:148) [ozone-manager-1.4.0-SNAPSHOT.jar:?]
	at org.apache.hadoop.ozone.protocol.proto.OzoneManagerProtocolProtos$OzoneManagerService$2.callBlockingMethod(OzoneManagerProtocolProtos.java) [ozone-interface-client-1.4.0-SNAPSHOT.jar:?]
	at org.apache.hadoop.ipc.ProtobufRpcEngine$Server.processCall(ProtobufRpcEngine.java:484) [hadoop-common-3.3.6.jar:?]
	at org.apache.hadoop.ipc.ProtobufRpcEngine2$Server$ProtoBufRpcInvoker.call(ProtobufRpcEngine2.java:595) [hadoop-common-3.3.6.jar:?]
	at org.apache.hadoop.ipc.ProtobufRpcEngine2$Server$ProtoBufRpcInvoker.call(ProtobufRpcEngine2.java:573) [hadoop-common-3.3.6.jar:?]
	at org.apache.hadoop.ipc.RPC$Server.call(RPC.java:1227) [hadoop-common-3.3.6.jar:?]
	at org.apache.hadoop.ipc.Server$RpcCall.run(Server.java:1094) [hadoop-common-3.3.6.jar:?]
	at org.apache.hadoop.ipc.Server$RpcCall.run(Server.java:1017) [hadoop-common-3.3.6.jar:?]
	at java.security.AccessController.doPrivileged(Native Method) ~[?:1.8.0_382]
	at javax.security.auth.Subject.doAs(Subject.java:422) [?:1.8.0_382]
	at org.apache.hadoop.security.UserGroupInformation.doAs(UserGroupInformation.java:1899) [hadoop-common-3.3.6.jar:?]
	at org.apache.hadoop.ipc.Server$Handler.run(Server.java:3048) [hadoop-common-3.3.6.jar:?]
17:51:48.405 [IPC Server handler 15 on default port 15057] ERROR OMAudit - user=runner | ip=127.0.0.1 | op=GET_FILE_STATUS {volume=volume22909, bucket=bucket04828, key=.Trash/runner, dataSize=0, replicationConfig=null} | ret=FAILURE
org.apache.hadoop.ozone.om.exceptions.OMException: Unable to get file status: volume: volume22909 bucket: bucket04828 key: .Trash/runner
	at org.apache.hadoop.ozone.om.KeyManagerImpl.getOzoneFileStatusFSO(KeyManagerImpl.java:1320) ~[ozone-manager-1.4.0-SNAPSHOT.jar:?]
	at org.apache.hadoop.ozone.om.KeyManagerImpl.getFileStatus(KeyManagerImpl.java:1111) ~[ozone-manager-1.4.0-SNAPSHOT.jar:?]
	at org.apache.hadoop.ozone.om.OmMetadataReader.getFileStatus(OmMetadataReader.java:262) ~[ozone-manager-1.4.0-SNAPSHOT.jar:?]
	at org.apache.hadoop.ozone.om.OzoneManager.getFileStatus(OzoneManager.java:3533) ~[ozone-manager-1.4.0-SNAPSHOT.jar:?]
	at org.apache.hadoop.ozone.protocolPB.OzoneManagerRequestHandler.getOzoneFileStatus(OzoneManagerRequestHandler.java:971) ~[ozone-manager-1.4.0-SNAPSHOT.jar:?]
	at org.apache.hadoop.ozone.protocolPB.OzoneManagerRequestHandler.handleReadRequest(OzoneManagerRequestHandler.java:250) ~[ozone-manager-1.4.0-SNAPSHOT.jar:?]
	at org.apache.hadoop.ozone.protocolPB.OzoneManagerProtocolServerSideTranslatorPB.submitRequestDirectlyToOM(OzoneManagerProtocolServerSideTranslatorPB.java:274) ~[ozone-manager-1.4.0-SNAPSHOT.jar:?]
	at org.apache.hadoop.ozone.protocolPB.OzoneManagerProtocolServerSideTranslatorPB.processRequest(OzoneManagerProtocolServerSideTranslatorPB.java:175) ~[ozone-manager-1.4.0-SNAPSHOT.jar:?]
	at org.apache.hadoop.hdds.server.OzoneProtocolMessageDispatcher.processRequest(OzoneProtocolMessageDispatcher.java:87) [hdds-server-framework-1.4.0-SNAPSHOT.jar:?]
	at org.apache.hadoop.ozone.protocolPB.OzoneManagerProtocolServerSideTranslatorPB.submitRequest(OzoneManagerProtocolServerSideTranslatorPB.java:148) [ozone-manager-1.4.0-SNAPSHOT.jar:?]
	at org.apache.hadoop.ozone.protocol.proto.OzoneManagerProtocolProtos$OzoneManagerService$2.callBlockingMethod(OzoneManagerProtocolProtos.java) [ozone-interface-client-1.4.0-SNAPSHOT.jar:?]
	at org.apache.hadoop.ipc.ProtobufRpcEngine$Server.processCall(ProtobufRpcEngine.java:484) [hadoop-common-3.3.6.jar:?]
	at org.apache.hadoop.ipc.ProtobufRpcEngine2$Server$ProtoBufRpcInvoker.call(ProtobufRpcEngine2.java:595) [hadoop-common-3.3.6.jar:?]
	at org.apache.hadoop.ipc.ProtobufRpcEngine2$Server$ProtoBufRpcInvoker.call(ProtobufRpcEngine2.java:573) [hadoop-common-3.3.6.jar:?]
	at org.apache.hadoop.ipc.RPC$Server.call(RPC.java:1227) [hadoop-common-3.3.6.jar:?]
	at org.apache.hadoop.ipc.Server$RpcCall.run(Server.java:1094) [hadoop-common-3.3.6.jar:?]
	at org.apache.hadoop.ipc.Server$RpcCall.run(Server.java:1017) [hadoop-common-3.3.6.jar:?]
	at java.security.AccessController.doPrivileged(Native Method) ~[?:1.8.0_382]
	at javax.security.auth.Subject.doAs(Subject.java:422) [?:1.8.0_382]
	at org.apache.hadoop.security.UserGroupInformation.doAs(UserGroupInformation.java:1899) [hadoop-common-3.3.6.jar:?]
	at org.apache.hadoop.ipc.Server$Handler.run(Server.java:3048) [hadoop-common-3.3.6.jar:?]
17:51:48.409 [IPC Server handler 2 on default port 15057] ERROR OMAudit - user=runner | ip=127.0.0.1 | op=GET_FILE_STATUS {volume=e534bd99-730a-41cb-a042-f3169d34f842, bucket=475ab30f-3704-4a92-98e5-fba5ff08fc5a, key=.Trash, dataSize=0, replicationConfig=null} | ret=FAILURE
org.apache.hadoop.ozone.om.exceptions.OMException: Unable to get file status: volume: e534bd99-730a-41cb-a042-f3169d34f842 bucket: 475ab30f-3704-4a92-98e5-fba5ff08fc5a key: .Trash
	at org.apache.hadoop.ozone.om.KeyManagerImpl.getOzoneFileStatus(KeyManagerImpl.java:1195) ~[ozone-manager-1.4.0-SNAPSHOT.jar:?]
	at org.apache.hadoop.ozone.om.KeyManagerImpl.getFileStatus(KeyManagerImpl.java:1113) ~[ozone-manager-1.4.0-SNAPSHOT.jar:?]
	at org.apache.hadoop.ozone.om.OmMetadataReader.getFileStatus(OmMetadataReader.java:262) ~[ozone-manager-1.4.0-SNAPSHOT.jar:?]
	at org.apache.hadoop.ozone.om.OzoneManager.getFileStatus(OzoneManager.java:3533) ~[ozone-manager-1.4.0-SNAPSHOT.jar:?]
	at org.apache.hadoop.ozone.protocolPB.OzoneManagerRequestHandler.getOzoneFileStatus(OzoneManagerRequestHandler.java:971) ~[ozone-manager-1.4.0-SNAPSHOT.jar:?]
	at org.apache.hadoop.ozone.protocolPB.OzoneManagerRequestHandler.handleReadRequest(OzoneManagerRequestHandler.java:250) ~[ozone-manager-1.4.0-SNAPSHOT.jar:?]
	at org.apache.hadoop.ozone.protocolPB.OzoneManagerProtocolServerSideTranslatorPB.submitRequestDirectlyToOM(OzoneManagerProtocolServerSideTranslatorPB.java:274) ~[ozone-manager-1.4.0-SNAPSHOT.jar:?]
	at org.apache.hadoop.ozone.protocolPB.OzoneManagerProtocolServerSideTranslatorPB.processRequest(OzoneManagerProtocolServerSideTranslatorPB.java:175) ~[ozone-manager-1.4.0-SNAPSHOT.jar:?]
	at org.apache.hadoop.hdds.server.OzoneProtocolMessageDispatcher.processRequest(OzoneProtocolMessageDispatcher.java:87) [hdds-server-framework-1.4.0-SNAPSHOT.jar:?]
	at org.apache.hadoop.ozone.protocolPB.OzoneManagerProtocolServerSideTranslatorPB.submitRequest(OzoneManagerProtocolServerSideTranslatorPB.java:148) [ozone-manager-1.4.0-SNAPSHOT.jar:?]
	at org.apache.hadoop.ozone.protocol.proto.OzoneManagerProtocolProtos$OzoneManagerService$2.callBlockingMethod(OzoneManagerProtocolProtos.java) [ozone-interface-client-1.4.0-SNAPSHOT.jar:?]
	at org.apache.hadoop.ipc.ProtobufRpcEngine$Server.processCall(ProtobufRpcEngine.java:484) [hadoop-common-3.3.6.jar:?]
	at org.apache.hadoop.ipc.ProtobufRpcEngine2$Server$ProtoBufRpcInvoker.call(ProtobufRpcEngine2.java:595) [hadoop-common-3.3.6.jar:?]
	at org.apache.hadoop.ipc.ProtobufRpcEngine2$Server$ProtoBufRpcInvoker.call(ProtobufRpcEngine2.java:573) [hadoop-common-3.3.6.jar:?]
	at org.apache.hadoop.ipc.RPC$Server.call(RPC.java:1227) [hadoop-common-3.3.6.jar:?]
	at org.apache.hadoop.ipc.Server$RpcCall.run(Server.java:1094) [hadoop-common-3.3.6.jar:?]
	at org.apache.hadoop.ipc.Server$RpcCall.run(Server.java:1017) [hadoop-common-3.3.6.jar:?]
	at java.security.AccessController.doPrivileged(Native Method) ~[?:1.8.0_382]
	at javax.security.auth.Subject.doAs(Subject.java:422) [?:1.8.0_382]
	at org.apache.hadoop.security.UserGroupInformation.doAs(UserGroupInformation.java:1899) [hadoop-common-3.3.6.jar:?]
	at org.apache.hadoop.ipc.Server$Handler.run(Server.java:3048) [hadoop-common-3.3.6.jar:?]
17:51:48.412 [IPC Server handler 1 on default port 15057] ERROR OMAudit - user=runner | ip=127.0.0.1 | op=GET_FILE_STATUS {volume=volume22909, bucket=bucket04828, key=.Trash, dataSize=0, replicationConfig=null} | ret=FAILURE
org.apache.hadoop.ozone.om.exceptions.OMException: Unable to get file status: volume: volume22909 bucket: bucket04828 key: .Trash
	at org.apache.hadoop.ozone.om.KeyManagerImpl.getOzoneFileStatusFSO(KeyManagerImpl.java:1320) ~[ozone-manager-1.4.0-SNAPSHOT.jar:?]
	at org.apache.hadoop.ozone.om.KeyManagerImpl.getFileStatus(KeyManagerImpl.java:1111) ~[ozone-manager-1.4.0-SNAPSHOT.jar:?]
	at org.apache.hadoop.ozone.om.OmMetadataReader.getFileStatus(OmMetadataReader.java:262) ~[ozone-manager-1.4.0-SNAPSHOT.jar:?]
	at org.apache.hadoop.ozone.om.OzoneManager.getFileStatus(OzoneManager.java:3533) ~[ozone-manager-1.4.0-SNAPSHOT.jar:?]
	at org.apache.hadoop.ozone.protocolPB.OzoneManagerRequestHandler.getOzoneFileStatus(OzoneManagerRequestHandler.java:971) ~[ozone-manager-1.4.0-SNAPSHOT.jar:?]
	at org.apache.hadoop.ozone.protocolPB.OzoneManagerRequestHandler.handleReadRequest(OzoneManagerRequestHandler.java:250) ~[ozone-manager-1.4.0-SNAPSHOT.jar:?]
	at org.apache.hadoop.ozone.protocolPB.OzoneManagerProtocolServerSideTranslatorPB.submitRequestDirectlyToOM(OzoneManagerProtocolServerSideTranslatorPB.java:274) ~[ozone-manager-1.4.0-SNAPSHOT.jar:?]
	at org.apache.hadoop.ozone.protocolPB.OzoneManagerProtocolServerSideTranslatorPB.processRequest(OzoneManagerProtocolServerSideTranslatorPB.java:175) ~[ozone-manager-1.4.0-SNAPSHOT.jar:?]
	at org.apache.hadoop.hdds.server.OzoneProtocolMessageDispatcher.processRequest(OzoneProtocolMessageDispatcher.java:87) [hdds-server-framework-1.4.0-SNAPSHOT.jar:?]
	at org.apache.hadoop.ozone.protocolPB.OzoneManagerProtocolServerSideTranslatorPB.submitRequest(OzoneManagerProtocolServerSideTranslatorPB.java:148) [ozone-manager-1.4.0-SNAPSHOT.jar:?]
	at org.apache.hadoop.ozone.protocol.proto.OzoneManagerProtocolProtos$OzoneManagerService$2.callBlockingMethod(OzoneManagerProtocolProtos.java) [ozone-interface-client-1.4.0-SNAPSHOT.jar:?]
	at org.apache.hadoop.ipc.ProtobufRpcEngine$Server.processCall(ProtobufRpcEngine.java:484) [hadoop-common-3.3.6.jar:?]
	at org.apache.hadoop.ipc.ProtobufRpcEngine2$Server$ProtoBufRpcInvoker.call(ProtobufRpcEngine2.java:595) [hadoop-common-3.3.6.jar:?]
	at org.apache.hadoop.ipc.ProtobufRpcEngine2$Server$ProtoBufRpcInvoker.call(ProtobufRpcEngine2.java:573) [hadoop-common-3.3.6.jar:?]
	at org.apache.hadoop.ipc.RPC$Server.call(RPC.java:1227) [hadoop-common-3.3.6.jar:?]
	at org.apache.hadoop.ipc.Server$RpcCall.run(Server.java:1094) [hadoop-common-3.3.6.jar:?]
	at org.apache.hadoop.ipc.Server$RpcCall.run(Server.java:1017) [hadoop-common-3.3.6.jar:?]
	at java.security.AccessController.doPrivileged(Native Method) ~[?:1.8.0_382]
	at javax.security.auth.Subject.doAs(Subject.java:422) [?:1.8.0_382]
	at org.apache.hadoop.security.UserGroupInformation.doAs(UserGroupInformation.java:1899) [hadoop-common-3.3.6.jar:?]
	at org.apache.hadoop.ipc.Server$Handler.run(Server.java:3048) [hadoop-common-3.3.6.jar:?]
17:51:48.415 [IPC Server handler 9 on default port 15057] ERROR OMAudit - user=runner | ip=127.0.0.1 | op=GET_FILE_STATUS {volume=volume48305, bucket=bucket81851, key=.Trash, dataSize=0, replicationConfig=null} | ret=FAILURE
org.apache.hadoop.ozone.om.exceptions.OMException: Unable to get file status: volume: volume48305 bucket: bucket81851 key: .Trash
	at org.apache.hadoop.ozone.om.KeyManagerImpl.getOzoneFileStatusFSO(KeyManagerImpl.java:1320) ~[ozone-manager-1.4.0-SNAPSHOT.jar:?]
	at org.apache.hadoop.ozone.om.KeyManagerImpl.getFileStatus(KeyManagerImpl.java:1111) ~[ozone-manager-1.4.0-SNAPSHOT.jar:?]
	at org.apache.hadoop.ozone.om.OmMetadataReader.getFileStatus(OmMetadataReader.java:262) ~[ozone-manager-1.4.0-SNAPSHOT.jar:?]
	at org.apache.hadoop.ozone.om.OzoneManager.getFileStatus(OzoneManager.java:3533) ~[ozone-manager-1.4.0-SNAPSHOT.jar:?]
	at org.apache.hadoop.ozone.protocolPB.OzoneManagerRequestHandler.getOzoneFileStatus(OzoneManagerRequestHandler.java:971) ~[ozone-manager-1.4.0-SNAPSHOT.jar:?]
	at org.apache.hadoop.ozone.protocolPB.OzoneManagerRequestHandler.handleReadRequest(OzoneManagerRequestHandler.java:250) ~[ozone-manager-1.4.0-SNAPSHOT.jar:?]
	at org.apache.hadoop.ozone.protocolPB.OzoneManagerProtocolServerSideTranslatorPB.submitRequestDirectlyToOM(OzoneManagerProtocolServerSideTranslatorPB.java:274) ~[ozone-manager-1.4.0-SNAPSHOT.jar:?]
	at org.apache.hadoop.ozone.protocolPB.OzoneManagerProtocolServerSideTranslatorPB.processRequest(OzoneManagerProtocolServerSideTranslatorPB.java:175) ~[ozone-manager-1.4.0-SNAPSHOT.jar:?]
	at org.apache.hadoop.hdds.server.OzoneProtocolMessageDispatcher.processRequest(OzoneProtocolMessageDispatcher.java:87) [hdds-server-framework-1.4.0-SNAPSHOT.jar:?]
	at org.apache.hadoop.ozone.protocolPB.OzoneManagerProtocolServerSideTranslatorPB.submitRequest(OzoneManagerProtocolServerSideTranslatorPB.java:148) [ozone-manager-1.4.0-SNAPSHOT.jar:?]
	at org.apache.hadoop.ozone.protocol.proto.OzoneManagerProtocolProtos$OzoneManagerService$2.callBlockingMethod(OzoneManagerProtocolProtos.java) [ozone-interface-client-1.4.0-SNAPSHOT.jar:?]
	at org.apache.hadoop.ipc.ProtobufRpcEngine$Server.processCall(ProtobufRpcEngine.java:484) [hadoop-common-3.3.6.jar:?]
	at org.apache.hadoop.ipc.ProtobufRpcEngine2$Server$ProtoBufRpcInvoker.call(ProtobufRpcEngine2.java:595) [hadoop-common-3.3.6.jar:?]
	at org.apache.hadoop.ipc.ProtobufRpcEngine2$Server$ProtoBufRpcInvoker.call(ProtobufRpcEngine2.java:573) [hadoop-common-3.3.6.jar:?]
	at org.apache.hadoop.ipc.RPC$Server.call(RPC.java:1227) [hadoop-common-3.3.6.jar:?]
	at org.apache.hadoop.ipc.Server$RpcCall.run(Server.java:1094) [hadoop-common-3.3.6.jar:?]
	at org.apache.hadoop.ipc.Server$RpcCall.run(Server.java:1017) [hadoop-common-3.3.6.jar:?]
	at java.security.AccessController.doPrivileged(Native Method) ~[?:1.8.0_382]
	at javax.security.auth.Subject.doAs(Subject.java:422) [?:1.8.0_382]
	at org.apache.hadoop.security.UserGroupInformation.doAs(UserGroupInformation.java:1899) [hadoop-common-3.3.6.jar:?]
	at org.apache.hadoop.ipc.Server$Handler.run(Server.java:3048) [hadoop-common-3.3.6.jar:?]
17:51:48.427 [IPC Server handler 8 on default port 15057] ERROR OMAudit - user=runner | ip=127.0.0.1 | op=GET_FILE_STATUS {volume=volume55343, bucket=trashroottest2, key=.Trash, dataSize=0, replicationConfig=null} | ret=FAILURE
org.apache.hadoop.ozone.om.exceptions.OMException: Unable to get file status: volume: volume55343 bucket: trashroottest2 key: .Trash
	at org.apache.hadoop.ozone.om.KeyManagerImpl.getOzoneFileStatusFSO(KeyManagerImpl.java:1320) ~[ozone-manager-1.4.0-SNAPSHOT.jar:?]
	at org.apache.hadoop.ozone.om.KeyManagerImpl.getFileStatus(KeyManagerImpl.java:1111) ~[ozone-manager-1.4.0-SNAPSHOT.jar:?]
	at org.apache.hadoop.ozone.om.OmMetadataReader.getFileStatus(OmMetadataReader.java:262) ~[ozone-manager-1.4.0-SNAPSHOT.jar:?]
	at org.apache.hadoop.ozone.om.OzoneManager.getFileStatus(OzoneManager.java:3533) ~[ozone-manager-1.4.0-SNAPSHOT.jar:?]
	at org.apache.hadoop.ozone.protocolPB.OzoneManagerRequestHandler.getOzoneFileStatus(OzoneManagerRequestHandler.java:971) ~[ozone-manager-1.4.0-SNAPSHOT.jar:?]
	at org.apache.hadoop.ozone.protocolPB.OzoneManagerRequestHandler.handleReadRequest(OzoneManagerRequestHandler.java:250) ~[ozone-manager-1.4.0-SNAPSHOT.jar:?]
	at org.apache.hadoop.ozone.protocolPB.OzoneManagerProtocolServerSideTranslatorPB.submitRequestDirectlyToOM(OzoneManagerProtocolServerSideTranslatorPB.java:274) ~[ozone-manager-1.4.0-SNAPSHOT.jar:?]
	at org.apache.hadoop.ozone.protocolPB.OzoneManagerProtocolServerSideTranslatorPB.processRequest(OzoneManagerProtocolServerSideTranslatorPB.java:175) ~[ozone-manager-1.4.0-SNAPSHOT.jar:?]
	at org.apache.hadoop.hdds.server.OzoneProtocolMessageDispatcher.processRequest(OzoneProtocolMessageDispatcher.java:87) [hdds-server-framework-1.4.0-SNAPSHOT.jar:?]
	at org.apache.hadoop.ozone.protocolPB.OzoneManagerProtocolServerSideTranslatorPB.submitRequest(OzoneManagerProtocolServerSideTranslatorPB.java:148) [ozone-manager-1.4.0-SNAPSHOT.jar:?]
	at org.apache.hadoop.ozone.protocol.proto.OzoneManagerProtocolProtos$OzoneManagerService$2.callBlockingMethod(OzoneManagerProtocolProtos.java) [ozone-interface-client-1.4.0-SNAPSHOT.jar:?]
	at org.apache.hadoop.ipc.ProtobufRpcEngine$Server.processCall(ProtobufRpcEngine.java:484) [hadoop-common-3.3.6.jar:?]
	at org.apache.hadoop.ipc.ProtobufRpcEngine2$Server$ProtoBufRpcInvoker.call(ProtobufRpcEngine2.java:595) [hadoop-common-3.3.6.jar:?]
	at org.apache.hadoop.ipc.ProtobufRpcEngine2$Server$ProtoBufRpcInvoker.call(ProtobufRpcEngine2.java:573) [hadoop-common-3.3.6.jar:?]
	at org.apache.hadoop.ipc.RPC$Server.call(RPC.java:1227) [hadoop-common-3.3.6.jar:?]
	at org.apache.hadoop.ipc.Server$RpcCall.run(Server.java:1094) [hadoop-common-3.3.6.jar:?]
	at org.apache.hadoop.ipc.Server$RpcCall.run(Server.java:1017) [hadoop-common-3.3.6.jar:?]
	at java.security.AccessController.doPrivileged(Native Method) ~[?:1.8.0_382]
	at javax.security.auth.Subject.doAs(Subject.java:422) [?:1.8.0_382]
	at org.apache.hadoop.security.UserGroupInformation.doAs(UserGroupInformation.java:1899) [hadoop-common-3.3.6.jar:?]
	at org.apache.hadoop.ipc.Server$Handler.run(Server.java:3048) [hadoop-common-3.3.6.jar:?]
17:51:48.437 [IPC Server handler 6 on default port 15057] ERROR OMAudit - user=runner | ip=127.0.0.1 | op=GET_FILE_STATUS {volume=volume55343, bucket=trashroottest2, key=.Trash/runner, dataSize=0, replicationConfig=null} | ret=FAILURE
org.apache.hadoop.ozone.om.exceptions.OMException: Unable to get file status: volume: volume55343 bucket: trashroottest2 key: .Trash/runner
	at org.apache.hadoop.ozone.om.KeyManagerImpl.getOzoneFileStatusFSO(KeyManagerImpl.java:1320) ~[ozone-manager-1.4.0-SNAPSHOT.jar:?]
	at org.apache.hadoop.ozone.om.KeyManagerImpl.getFileStatus(KeyManagerImpl.java:1111) ~[ozone-manager-1.4.0-SNAPSHOT.jar:?]
	at org.apache.hadoop.ozone.om.OmMetadataReader.getFileStatus(OmMetadataReader.java:262) ~[ozone-manager-1.4.0-SNAPSHOT.jar:?]
	at org.apache.hadoop.ozone.om.OzoneManager.getFileStatus(OzoneManager.java:3533) ~[ozone-manager-1.4.0-SNAPSHOT.jar:?]
	at org.apache.hadoop.ozone.protocolPB.OzoneManagerRequestHandler.getOzoneFileStatus(OzoneManagerRequestHandler.java:971) ~[ozone-manager-1.4.0-SNAPSHOT.jar:?]
	at org.apache.hadoop.ozone.protocolPB.OzoneManagerRequestHandler.handleReadRequest(OzoneManagerRequestHandler.java:250) ~[ozone-manager-1.4.0-SNAPSHOT.jar:?]
	at org.apache.hadoop.ozone.protocolPB.OzoneManagerProtocolServerSideTranslatorPB.submitRequestDirectlyToOM(OzoneManagerProtocolServerSideTranslatorPB.java:274) ~[ozone-manager-1.4.0-SNAPSHOT.jar:?]
	at org.apache.hadoop.ozone.protocolPB.OzoneManagerProtocolServerSideTranslatorPB.processRequest(OzoneManagerProtocolServerSideTranslatorPB.java:175) ~[ozone-manager-1.4.0-SNAPSHOT.jar:?]
	at org.apache.hadoop.hdds.server.OzoneProtocolMessageDispatcher.processRequest(OzoneProtocolMessageDispatcher.java:87) [hdds-server-framework-1.4.0-SNAPSHOT.jar:?]
	at org.apache.hadoop.ozone.protocolPB.OzoneManagerProtocolServerSideTranslatorPB.submitRequest(OzoneManagerProtocolServerSideTranslatorPB.java:148) [ozone-manager-1.4.0-SNAPSHOT.jar:?]
	at org.apache.hadoop.ozone.protocol.proto.OzoneManagerProtocolProtos$OzoneManagerService$2.callBlockingMethod(OzoneManagerProtocolProtos.java) [ozone-interface-client-1.4.0-SNAPSHOT.jar:?]
	at org.apache.hadoop.ipc.ProtobufRpcEngine$Server.processCall(ProtobufRpcEngine.java:484) [hadoop-common-3.3.6.jar:?]
	at org.apache.hadoop.ipc.ProtobufRpcEngine2$Server$ProtoBufRpcInvoker.call(ProtobufRpcEngine2.java:595) [hadoop-common-3.3.6.jar:?]
	at org.apache.hadoop.ipc.ProtobufRpcEngine2$Server$ProtoBufRpcInvoker.call(ProtobufRpcEngine2.java:573) [hadoop-common-3.3.6.jar:?]
	at org.apache.hadoop.ipc.RPC$Server.call(RPC.java:1227) [hadoop-common-3.3.6.jar:?]
	at org.apache.hadoop.ipc.Server$RpcCall.run(Server.java:1094) [hadoop-common-3.3.6.jar:?]
	at org.apache.hadoop.ipc.Server$RpcCall.run(Server.java:1017) [hadoop-common-3.3.6.jar:?]
	at java.security.AccessController.doPrivileged(Native Method) ~[?:1.8.0_382]
	at javax.security.auth.Subject.doAs(Subject.java:422) [?:1.8.0_382]
	at org.apache.hadoop.security.UserGroupInformation.doAs(UserGroupInformation.java:1899) [hadoop-common-3.3.6.jar:?]
	at org.apache.hadoop.ipc.Server$Handler.run(Server.java:3048) [hadoop-common-3.3.6.jar:?]
17:51:48.443 [IPC Server handler 11 on default port 15057] ERROR OMAudit - user=runner | ip=127.0.0.1 | op=GET_FILE_STATUS {volume=volume22909, bucket=bucket04828, key=.Trash/runner, dataSize=0, replicationConfig=null} | ret=FAILURE
org.apache.hadoop.ozone.om.exceptions.OMException: Unable to get file status: volume: volume22909 bucket: bucket04828 key: .Trash/runner
	at org.apache.hadoop.ozone.om.KeyManagerImpl.getOzoneFileStatusFSO(KeyManagerImpl.java:1320) ~[ozone-manager-1.4.0-SNAPSHOT.jar:?]
	at org.apache.hadoop.ozone.om.KeyManagerImpl.getFileStatus(KeyManagerImpl.java:1111) ~[ozone-manager-1.4.0-SNAPSHOT.jar:?]
	at org.apache.hadoop.ozone.om.OmMetadataReader.getFileStatus(OmMetadataReader.java:262) ~[ozone-manager-1.4.0-SNAPSHOT.jar:?]
	at org.apache.hadoop.ozone.om.OzoneManager.getFileStatus(OzoneManager.java:3533) ~[ozone-manager-1.4.0-SNAPSHOT.jar:?]
	at org.apache.hadoop.ozone.protocolPB.OzoneManagerRequestHandler.getOzoneFileStatus(OzoneManagerRequestHandler.java:971) ~[ozone-manager-1.4.0-SNAPSHOT.jar:?]
	at org.apache.hadoop.ozone.protocolPB.OzoneManagerRequestHandler.handleReadRequest(OzoneManagerRequestHandler.java:250) ~[ozone-manager-1.4.0-SNAPSHOT.jar:?]
	at org.apache.hadoop.ozone.protocolPB.OzoneManagerProtocolServerSideTranslatorPB.submitRequestDirectlyToOM(OzoneManagerProtocolServerSideTranslatorPB.java:274) ~[ozone-manager-1.4.0-SNAPSHOT.jar:?]
	at org.apache.hadoop.ozone.protocolPB.OzoneManagerProtocolServerSideTranslatorPB.processRequest(OzoneManagerProtocolServerSideTranslatorPB.java:175) ~[ozone-manager-1.4.0-SNAPSHOT.jar:?]
	at org.apache.hadoop.hdds.server.OzoneProtocolMessageDispatcher.processRequest(OzoneProtocolMessageDispatcher.java:87) [hdds-server-framework-1.4.0-SNAPSHOT.jar:?]
	at org.apache.hadoop.ozone.protocolPB.OzoneManagerProtocolServerSideTranslatorPB.submitRequest(OzoneManagerProtocolServerSideTranslatorPB.java:148) [ozone-manager-1.4.0-SNAPSHOT.jar:?]
	at org.apache.hadoop.ozone.protocol.proto.OzoneManagerProtocolProtos$OzoneManagerService$2.callBlockingMethod(OzoneManagerProtocolProtos.java) [ozone-interface-client-1.4.0-SNAPSHOT.jar:?]
	at org.apache.hadoop.ipc.ProtobufRpcEngine$Server.processCall(ProtobufRpcEngine.java:484) [hadoop-common-3.3.6.jar:?]
	at org.apache.hadoop.ipc.ProtobufRpcEngine2$Server$ProtoBufRpcInvoker.call(ProtobufRpcEngine2.java:595) [hadoop-common-3.3.6.jar:?]
	at org.apache.hadoop.ipc.ProtobufRpcEngine2$Server$ProtoBufRpcInvoker.call(ProtobufRpcEngine2.java:573) [hadoop-common-3.3.6.jar:?]
	at org.apache.hadoop.ipc.RPC$Server.call(RPC.java:1227) [hadoop-common-3.3.6.jar:?]
	at org.apache.hadoop.ipc.Server$RpcCall.run(Server.java:1094) [hadoop-common-3.3.6.jar:?]
	at org.apache.hadoop.ipc.Server$RpcCall.run(Server.java:1017) [hadoop-common-3.3.6.jar:?]
	at java.security.AccessController.doPrivileged(Native Method) ~[?:1.8.0_382]
	at javax.security.auth.Subject.doAs(Subject.java:422) [?:1.8.0_382]
	at org.apache.hadoop.security.UserGroupInformation.doAs(UserGroupInformation.java:1899) [hadoop-common-3.3.6.jar:?]
	at org.apache.hadoop.ipc.Server$Handler.run(Server.java:3048) [hadoop-common-3.3.6.jar:?]
17:51:48.446 [IPC Server handler 9 on default port 15057] ERROR OMAudit - user=runner | ip=127.0.0.1 | op=GET_FILE_STATUS {volume=e534bd99-730a-41cb-a042-f3169d34f842, bucket=475ab30f-3704-4a92-98e5-fba5ff08fc5a, key=.Trash, dataSize=0, replicationConfig=null} | ret=FAILURE
org.apache.hadoop.ozone.om.exceptions.OMException: Unable to get file status: volume: e534bd99-730a-41cb-a042-f3169d34f842 bucket: 475ab30f-3704-4a92-98e5-fba5ff08fc5a key: .Trash
	at org.apache.hadoop.ozone.om.KeyManagerImpl.getOzoneFileStatus(KeyManagerImpl.java:1195) ~[ozone-manager-1.4.0-SNAPSHOT.jar:?]
	at org.apache.hadoop.ozone.om.KeyManagerImpl.getFileStatus(KeyManagerImpl.java:1113) ~[ozone-manager-1.4.0-SNAPSHOT.jar:?]
	at org.apache.hadoop.ozone.om.OmMetadataReader.getFileStatus(OmMetadataReader.java:262) ~[ozone-manager-1.4.0-SNAPSHOT.jar:?]
	at org.apache.hadoop.ozone.om.OzoneManager.getFileStatus(OzoneManager.java:3533) ~[ozone-manager-1.4.0-SNAPSHOT.jar:?]
	at org.apache.hadoop.ozone.protocolPB.OzoneManagerRequestHandler.getOzoneFileStatus(OzoneManagerRequestHandler.java:971) ~[ozone-manager-1.4.0-SNAPSHOT.jar:?]
	at org.apache.hadoop.ozone.protocolPB.OzoneManagerRequestHandler.handleReadRequest(OzoneManagerRequestHandler.java:250) ~[ozone-manager-1.4.0-SNAPSHOT.jar:?]
	at org.apache.hadoop.ozone.protocolPB.OzoneManagerProtocolServerSideTranslatorPB.submitRequestDirectlyToOM(OzoneManagerProtocolServerSideTranslatorPB.java:274) ~[ozone-manager-1.4.0-SNAPSHOT.jar:?]
	at org.apache.hadoop.ozone.protocolPB.OzoneManagerProtocolServerSideTranslatorPB.processRequest(OzoneManagerProtocolServerSideTranslatorPB.java:175) ~[ozone-manager-1.4.0-SNAPSHOT.jar:?]
	at org.apache.hadoop.hdds.server.OzoneProtocolMessageDispatcher.processRequest(OzoneProtocolMessageDispatcher.java:87) [hdds-server-framework-1.4.0-SNAPSHOT.jar:?]
	at org.apache.hadoop.ozone.protocolPB.OzoneManagerProtocolServerSideTranslatorPB.submitRequest(OzoneManagerProtocolServerSideTranslatorPB.java:148) [ozone-manager-1.4.0-SNAPSHOT.jar:?]
	at org.apache.hadoop.ozone.protocol.proto.OzoneManagerProtocolProtos$OzoneManagerService$2.callBlockingMethod(OzoneManagerProtocolProtos.java) [ozone-interface-client-1.4.0-SNAPSHOT.jar:?]
	at org.apache.hadoop.ipc.ProtobufRpcEngine$Server.processCall(ProtobufRpcEngine.java:484) [hadoop-common-3.3.6.jar:?]
	at org.apache.hadoop.ipc.ProtobufRpcEngine2$Server$ProtoBufRpcInvoker.call(ProtobufRpcEngine2.java:595) [hadoop-common-3.3.6.jar:?]
	at org.apache.hadoop.ipc.ProtobufRpcEngine2$Server$ProtoBufRpcInvoker.call(ProtobufRpcEngine2.java:573) [hadoop-common-3.3.6.jar:?]
	at org.apache.hadoop.ipc.RPC$Server.call(RPC.java:1227) [hadoop-common-3.3.6.jar:?]
	at org.apache.hadoop.ipc.Server$RpcCall.run(Server.java:1094) [hadoop-common-3.3.6.jar:?]
	at org.apache.hadoop.ipc.Server$RpcCall.run(Server.java:1017) [hadoop-common-3.3.6.jar:?]
	at java.security.AccessController.doPrivileged(Native Method) ~[?:1.8.0_382]
	at javax.security.auth.Subject.doAs(Subject.java:422) [?:1.8.0_382]
	at org.apache.hadoop.security.UserGroupInformation.doAs(UserGroupInformation.java:1899) [hadoop-common-3.3.6.jar:?]
	at org.apache.hadoop.ipc.Server$Handler.run(Server.java:3048) [hadoop-common-3.3.6.jar:?]
17:51:48.451 [IPC Server handler 15 on default port 15057] ERROR OMAudit - user=runner | ip=127.0.0.1 | op=GET_FILE_STATUS {volume=volume22909, bucket=bucket04828, key=.Trash, dataSize=0, replicationConfig=null} | ret=FAILURE
org.apache.hadoop.ozone.om.exceptions.OMException: Unable to get file status: volume: volume22909 bucket: bucket04828 key: .Trash
	at org.apache.hadoop.ozone.om.KeyManagerImpl.getOzoneFileStatusFSO(KeyManagerImpl.java:1320) ~[ozone-manager-1.4.0-SNAPSHOT.jar:?]
	at org.apache.hadoop.ozone.om.KeyManagerImpl.getFileStatus(KeyManagerImpl.java:1111) ~[ozone-manager-1.4.0-SNAPSHOT.jar:?]
	at org.apache.hadoop.ozone.om.OmMetadataReader.getFileStatus(OmMetadataReader.java:262) ~[ozone-manager-1.4.0-SNAPSHOT.jar:?]
	at org.apache.hadoop.ozone.om.OzoneManager.getFileStatus(OzoneManager.java:3533) ~[ozone-manager-1.4.0-SNAPSHOT.jar:?]
	at org.apache.hadoop.ozone.protocolPB.OzoneManagerRequestHandler.getOzoneFileStatus(OzoneManagerRequestHandler.java:971) ~[ozone-manager-1.4.0-SNAPSHOT.jar:?]
	at org.apache.hadoop.ozone.protocolPB.OzoneManagerRequestHandler.handleReadRequest(OzoneManagerRequestHandler.java:250) ~[ozone-manager-1.4.0-SNAPSHOT.jar:?]
	at org.apache.hadoop.ozone.protocolPB.OzoneManagerProtocolServerSideTranslatorPB.submitRequestDirectlyToOM(OzoneManagerProtocolServerSideTranslatorPB.java:274) ~[ozone-manager-1.4.0-SNAPSHOT.jar:?]
	at org.apache.hadoop.ozone.protocolPB.OzoneManagerProtocolServerSideTranslatorPB.processRequest(OzoneManagerProtocolServerSideTranslatorPB.java:175) ~[ozone-manager-1.4.0-SNAPSHOT.jar:?]
	at org.apache.hadoop.hdds.server.OzoneProtocolMessageDispatcher.processRequest(OzoneProtocolMessageDispatcher.java:87) [hdds-server-framework-1.4.0-SNAPSHOT.jar:?]
	at org.apache.hadoop.ozone.protocolPB.OzoneManagerProtocolServerSideTranslatorPB.submitRequest(OzoneManagerProtocolServerSideTranslatorPB.java:148) [ozone-manager-1.4.0-SNAPSHOT.jar:?]
	at org.apache.hadoop.ozone.protocol.proto.OzoneManagerProtocolProtos$OzoneManagerService$2.callBlockingMethod(OzoneManagerProtocolProtos.java) [ozone-interface-client-1.4.0-SNAPSHOT.jar:?]
	at org.apache.hadoop.ipc.ProtobufRpcEngine$Server.processCall(ProtobufRpcEngine.java:484) [hadoop-common-3.3.6.jar:?]
	at org.apache.hadoop.ipc.ProtobufRpcEngine2$Server$ProtoBufRpcInvoker.call(ProtobufRpcEngine2.java:595) [hadoop-common-3.3.6.jar:?]
	at org.apache.hadoop.ipc.ProtobufRpcEngine2$Server$ProtoBufRpcInvoker.call(ProtobufRpcEngine2.java:573) [hadoop-common-3.3.6.jar:?]
	at org.apache.hadoop.ipc.RPC$Server.call(RPC.java:1227) [hadoop-common-3.3.6.jar:?]
	at org.apache.hadoop.ipc.Server$RpcCall.run(Server.java:1094) [hadoop-common-3.3.6.jar:?]
	at org.apache.hadoop.ipc.Server$RpcCall.run(Server.java:1017) [hadoop-common-3.3.6.jar:?]
	at java.security.AccessController.doPrivileged(Native Method) ~[?:1.8.0_382]
	at javax.security.auth.Subject.doAs(Subject.java:422) [?:1.8.0_382]
	at org.apache.hadoop.security.UserGroupInformation.doAs(UserGroupInformation.java:1899) [hadoop-common-3.3.6.jar:?]
	at org.apache.hadoop.ipc.Server$Handler.run(Server.java:3048) [hadoop-common-3.3.6.jar:?]
17:51:48.459 [IPC Server handler 5 on default port 15057] ERROR OMAudit - user=runner | ip=127.0.0.1 | op=GET_FILE_STATUS {volume=volume48305, bucket=bucket81851, key=.Trash, dataSize=0, replicationConfig=null} | ret=FAILURE
org.apache.hadoop.ozone.om.exceptions.OMException: Unable to get file status: volume: volume48305 bucket: bucket81851 key: .Trash
	at org.apache.hadoop.ozone.om.KeyManagerImpl.getOzoneFileStatusFSO(KeyManagerImpl.java:1320) ~[ozone-manager-1.4.0-SNAPSHOT.jar:?]
	at org.apache.hadoop.ozone.om.KeyManagerImpl.getFileStatus(KeyManagerImpl.java:1111) ~[ozone-manager-1.4.0-SNAPSHOT.jar:?]
	at org.apache.hadoop.ozone.om.OmMetadataReader.getFileStatus(OmMetadataReader.java:262) ~[ozone-manager-1.4.0-SNAPSHOT.jar:?]
	at org.apache.hadoop.ozone.om.OzoneManager.getFileStatus(OzoneManager.java:3533) ~[ozone-manager-1.4.0-SNAPSHOT.jar:?]
	at org.apache.hadoop.ozone.protocolPB.OzoneManagerRequestHandler.getOzoneFileStatus(OzoneManagerRequestHandler.java:971) ~[ozone-manager-1.4.0-SNAPSHOT.jar:?]
	at org.apache.hadoop.ozone.protocolPB.OzoneManagerRequestHandler.handleReadRequest(OzoneManagerRequestHandler.java:250) ~[ozone-manager-1.4.0-SNAPSHOT.jar:?]
	at org.apache.hadoop.ozone.protocolPB.OzoneManagerProtocolServerSideTranslatorPB.submitRequestDirectlyToOM(OzoneManagerProtocolServerSideTranslatorPB.java:274) ~[ozone-manager-1.4.0-SNAPSHOT.jar:?]
	at org.apache.hadoop.ozone.protocolPB.OzoneManagerProtocolServerSideTranslatorPB.processRequest(OzoneManagerProtocolServerSideTranslatorPB.java:175) ~[ozone-manager-1.4.0-SNAPSHOT.jar:?]
	at org.apache.hadoop.hdds.server.OzoneProtocolMessageDispatcher.processRequest(OzoneProtocolMessageDispatcher.java:87) [hdds-server-framework-1.4.0-SNAPSHOT.jar:?]
	at org.apache.hadoop.ozone.protocolPB.OzoneManagerProtocolServerSideTranslatorPB.submitRequest(OzoneManagerProtocolServerSideTranslatorPB.java:148) [ozone-manager-1.4.0-SNAPSHOT.jar:?]
	at org.apache.hadoop.ozone.protocol.proto.OzoneManagerProtocolProtos$OzoneManagerService$2.callBlockingMethod(OzoneManagerProtocolProtos.java) [ozone-interface-client-1.4.0-SNAPSHOT.jar:?]
	at org.apache.hadoop.ipc.ProtobufRpcEngine$Server.processCall(ProtobufRpcEngine.java:484) [hadoop-common-3.3.6.jar:?]
	at org.apache.hadoop.ipc.ProtobufRpcEngine2$Server$ProtoBufRpcInvoker.call(ProtobufRpcEngine2.java:595) [hadoop-common-3.3.6.jar:?]
	at org.apache.hadoop.ipc.ProtobufRpcEngine2$Server$ProtoBufRpcInvoker.call(ProtobufRpcEngine2.java:573) [hadoop-common-3.3.6.jar:?]
	at org.apache.hadoop.ipc.RPC$Server.call(RPC.java:1227) [hadoop-common-3.3.6.jar:?]
	at org.apache.hadoop.ipc.Server$RpcCall.run(Server.java:1094) [hadoop-common-3.3.6.jar:?]
	at org.apache.hadoop.ipc.Server$RpcCall.run(Server.java:1017) [hadoop-common-3.3.6.jar:?]
	at java.security.AccessController.doPrivileged(Native Method) ~[?:1.8.0_382]
	at javax.security.auth.Subject.doAs(Subject.java:422) [?:1.8.0_382]
	at org.apache.hadoop.security.UserGroupInformation.doAs(UserGroupInformation.java:1899) [hadoop-common-3.3.6.jar:?]
	at org.apache.hadoop.ipc.Server$Handler.run(Server.java:3048) [hadoop-common-3.3.6.jar:?]
17:51:48.465 [IPC Server handler 10 on default port 15057] ERROR OMAudit - user=runner | ip=127.0.0.1 | op=GET_FILE_STATUS {volume=volume55343, bucket=trashroottest2, key=.Trash, dataSize=0, replicationConfig=null} | ret=FAILURE
org.apache.hadoop.ozone.om.exceptions.OMException: Unable to get file status: volume: volume55343 bucket: trashroottest2 key: .Trash
	at org.apache.hadoop.ozone.om.KeyManagerImpl.getOzoneFileStatusFSO(KeyManagerImpl.java:1320) ~[ozone-manager-1.4.0-SNAPSHOT.jar:?]
	at org.apache.hadoop.ozone.om.KeyManagerImpl.getFileStatus(KeyManagerImpl.java:1111) ~[ozone-manager-1.4.0-SNAPSHOT.jar:?]
	at org.apache.hadoop.ozone.om.OmMetadataReader.getFileStatus(OmMetadataReader.java:262) ~[ozone-manager-1.4.0-SNAPSHOT.jar:?]
	at org.apache.hadoop.ozone.om.OzoneManager.getFileStatus(OzoneManager.java:3533) ~[ozone-manager-1.4.0-SNAPSHOT.jar:?]
	at org.apache.hadoop.ozone.protocolPB.OzoneManagerRequestHandler.getOzoneFileStatus(OzoneManagerRequestHandler.java:971) ~[ozone-manager-1.4.0-SNAPSHOT.jar:?]
	at org.apache.hadoop.ozone.protocolPB.OzoneManagerRequestHandler.handleReadRequest(OzoneManagerRequestHandler.java:250) ~[ozone-manager-1.4.0-SNAPSHOT.jar:?]
	at org.apache.hadoop.ozone.protocolPB.OzoneManagerProtocolServerSideTranslatorPB.submitRequestDirectlyToOM(OzoneManagerProtocolServerSideTranslatorPB.java:274) ~[ozone-manager-1.4.0-SNAPSHOT.jar:?]
	at org.apache.hadoop.ozone.protocolPB.OzoneManagerProtocolServerSideTranslatorPB.processRequest(OzoneManagerProtocolServerSideTranslatorPB.java:175) ~[ozone-manager-1.4.0-SNAPSHOT.jar:?]
	at org.apache.hadoop.hdds.server.OzoneProtocolMessageDispatcher.processRequest(OzoneProtocolMessageDispatcher.java:87) [hdds-server-framework-1.4.0-SNAPSHOT.jar:?]
	at org.apache.hadoop.ozone.protocolPB.OzoneManagerProtocolServerSideTranslatorPB.submitRequest(OzoneManagerProtocolServerSideTranslatorPB.java:148) [ozone-manager-1.4.0-SNAPSHOT.jar:?]
	at org.apache.hadoop.ozone.protocol.proto.OzoneManagerProtocolProtos$OzoneManagerService$2.callBlockingMethod(OzoneManagerProtocolProtos.java) [ozone-interface-client-1.4.0-SNAPSHOT.jar:?]
	at org.apache.hadoop.ipc.ProtobufRpcEngine$Server.processCall(ProtobufRpcEngine.java:484) [hadoop-common-3.3.6.jar:?]
	at org.apache.hadoop.ipc.ProtobufRpcEngine2$Server$ProtoBufRpcInvoker.call(ProtobufRpcEngine2.java:595) [hadoop-common-3.3.6.jar:?]
	at org.apache.hadoop.ipc.ProtobufRpcEngine2$Server$ProtoBufRpcInvoker.call(ProtobufRpcEngine2.java:573) [hadoop-common-3.3.6.jar:?]
	at org.apache.hadoop.ipc.RPC$Server.call(RPC.java:1227) [hadoop-common-3.3.6.jar:?]
	at org.apache.hadoop.ipc.Server$RpcCall.run(Server.java:1094) [hadoop-common-3.3.6.jar:?]
	at org.apache.hadoop.ipc.Server$RpcCall.run(Server.java:1017) [hadoop-common-3.3.6.jar:?]
	at java.security.AccessController.doPrivileged(Native Method) ~[?:1.8.0_382]
	at javax.security.auth.Subject.doAs(Subject.java:422) [?:1.8.0_382]
	at org.apache.hadoop.security.UserGroupInformation.doAs(UserGroupInformation.java:1899) [hadoop-common-3.3.6.jar:?]
	at org.apache.hadoop.ipc.Server$Handler.run(Server.java:3048) [hadoop-common-3.3.6.jar:?]
17:51:48.483 [IPC Server handler 11 on default port 15057] ERROR OMAudit - user=runner | ip=127.0.0.1 | op=GET_FILE_STATUS {volume=volume55343, bucket=bucket93172, key=.Trash/runner, dataSize=0, replicationConfig=null} | ret=FAILURE
org.apache.hadoop.ozone.om.exceptions.OMException: Unable to get file status: volume: volume55343 bucket: bucket93172 key: .Trash/runner
	at org.apache.hadoop.ozone.om.KeyManagerImpl.getOzoneFileStatusFSO(KeyManagerImpl.java:1320) ~[ozone-manager-1.4.0-SNAPSHOT.jar:?]
	at org.apache.hadoop.ozone.om.KeyManagerImpl.getFileStatus(KeyManagerImpl.java:1111) ~[ozone-manager-1.4.0-SNAPSHOT.jar:?]
	at org.apache.hadoop.ozone.om.OmMetadataReader.getFileStatus(OmMetadataReader.java:262) ~[ozone-manager-1.4.0-SNAPSHOT.jar:?]
	at org.apache.hadoop.ozone.om.OzoneManager.getFileStatus(OzoneManager.java:3533) ~[ozone-manager-1.4.0-SNAPSHOT.jar:?]
	at org.apache.hadoop.ozone.protocolPB.OzoneManagerRequestHandler.getOzoneFileStatus(OzoneManagerRequestHandler.java:971) ~[ozone-manager-1.4.0-SNAPSHOT.jar:?]
	at org.apache.hadoop.ozone.protocolPB.OzoneManagerRequestHandler.handleReadRequest(OzoneManagerRequestHandler.java:250) ~[ozone-manager-1.4.0-SNAPSHOT.jar:?]
	at org.apache.hadoop.ozone.protocolPB.OzoneManagerProtocolServerSideTranslatorPB.submitRequestDirectlyToOM(OzoneManagerProtocolServerSideTranslatorPB.java:274) ~[ozone-manager-1.4.0-SNAPSHOT.jar:?]
	at org.apache.hadoop.ozone.protocolPB.OzoneManagerProtocolServerSideTranslatorPB.processRequest(OzoneManagerProtocolServerSideTranslatorPB.java:175) ~[ozone-manager-1.4.0-SNAPSHOT.jar:?]
	at org.apache.hadoop.hdds.server.OzoneProtocolMessageDispatcher.processRequest(OzoneProtocolMessageDispatcher.java:87) [hdds-server-framework-1.4.0-SNAPSHOT.jar:?]
	at org.apache.hadoop.ozone.protocolPB.OzoneManagerProtocolServerSideTranslatorPB.submitRequest(OzoneManagerProtocolServerSideTranslatorPB.java:148) [ozone-manager-1.4.0-SNAPSHOT.jar:?]
	at org.apache.hadoop.ozone.protocol.proto.OzoneManagerProtocolProtos$OzoneManagerService$2.callBlockingMethod(OzoneManagerProtocolProtos.java) [ozone-interface-client-1.4.0-SNAPSHOT.jar:?]
	at org.apache.hadoop.ipc.ProtobufRpcEngine$Server.processCall(ProtobufRpcEngine.java:484) [hadoop-common-3.3.6.jar:?]
	at org.apache.hadoop.ipc.ProtobufRpcEngine2$Server$ProtoBufRpcInvoker.call(ProtobufRpcEngine2.java:595) [hadoop-common-3.3.6.jar:?]
	at org.apache.hadoop.ipc.ProtobufRpcEngine2$Server$ProtoBufRpcInvoker.call(ProtobufRpcEngine2.java:573) [hadoop-common-3.3.6.jar:?]
	at org.apache.hadoop.ipc.RPC$Server.call(RPC.java:1227) [hadoop-common-3.3.6.jar:?]
	at org.apache.hadoop.ipc.Server$RpcCall.run(Server.java:1094) [hadoop-common-3.3.6.jar:?]
	at org.apache.hadoop.ipc.Server$RpcCall.run(Server.java:1017) [hadoop-common-3.3.6.jar:?]
	at java.security.AccessController.doPrivileged(Native Method) ~[?:1.8.0_382]
	at javax.security.auth.Subject.doAs(Subject.java:422) [?:1.8.0_382]
	at org.apache.hadoop.security.UserGroupInformation.doAs(UserGroupInformation.java:1899) [hadoop-common-3.3.6.jar:?]
	at org.apache.hadoop.ipc.Server$Handler.run(Server.java:3048) [hadoop-common-3.3.6.jar:?]
17:51:48.487 [IPC Server handler 9 on default port 15057] ERROR OMAudit - user=runner | ip=127.0.0.1 | op=GET_FILE_STATUS {volume=e534bd99-730a-41cb-a042-f3169d34f842, bucket=475ab30f-3704-4a92-98e5-fba5ff08fc5a, key=.Trash, dataSize=0, replicationConfig=null} | ret=FAILURE
org.apache.hadoop.ozone.om.exceptions.OMException: Unable to get file status: volume: e534bd99-730a-41cb-a042-f3169d34f842 bucket: 475ab30f-3704-4a92-98e5-fba5ff08fc5a key: .Trash
	at org.apache.hadoop.ozone.om.KeyManagerImpl.getOzoneFileStatus(KeyManagerImpl.java:1195) ~[ozone-manager-1.4.0-SNAPSHOT.jar:?]
	at org.apache.hadoop.ozone.om.KeyManagerImpl.getFileStatus(KeyManagerImpl.java:1113) ~[ozone-manager-1.4.0-SNAPSHOT.jar:?]
	at org.apache.hadoop.ozone.om.OmMetadataReader.getFileStatus(OmMetadataReader.java:262) ~[ozone-manager-1.4.0-SNAPSHOT.jar:?]
	at org.apache.hadoop.ozone.om.OzoneManager.getFileStatus(OzoneManager.java:3533) ~[ozone-manager-1.4.0-SNAPSHOT.jar:?]
	at org.apache.hadoop.ozone.protocolPB.OzoneManagerRequestHandler.getOzoneFileStatus(OzoneManagerRequestHandler.java:971) ~[ozone-manager-1.4.0-SNAPSHOT.jar:?]
	at org.apache.hadoop.ozone.protocolPB.OzoneManagerRequestHandler.handleReadRequest(OzoneManagerRequestHandler.java:250) ~[ozone-manager-1.4.0-SNAPSHOT.jar:?]
	at org.apache.hadoop.ozone.protocolPB.OzoneManagerProtocolServerSideTranslatorPB.submitRequestDirectlyToOM(OzoneManagerProtocolServerSideTranslatorPB.java:274) ~[ozone-manager-1.4.0-SNAPSHOT.jar:?]
	at org.apache.hadoop.ozone.protocolPB.OzoneManagerProtocolServerSideTranslatorPB.processRequest(OzoneManagerProtocolServerSideTranslatorPB.java:175) ~[ozone-manager-1.4.0-SNAPSHOT.jar:?]
	at org.apache.hadoop.hdds.server.OzoneProtocolMessageDispatcher.processRequest(OzoneProtocolMessageDispatcher.java:87) [hdds-server-framework-1.4.0-SNAPSHOT.jar:?]
	at org.apache.hadoop.ozone.protocolPB.OzoneManagerProtocolServerSideTranslatorPB.submitRequest(OzoneManagerProtocolServerSideTranslatorPB.java:148) [ozone-manager-1.4.0-SNAPSHOT.jar:?]
	at org.apache.hadoop.ozone.protocol.proto.OzoneManagerProtocolProtos$OzoneManagerService$2.callBlockingMethod(OzoneManagerProtocolProtos.java) [ozone-interface-client-1.4.0-SNAPSHOT.jar:?]
	at org.apache.hadoop.ipc.ProtobufRpcEngine$Server.processCall(ProtobufRpcEngine.java:484) [hadoop-common-3.3.6.jar:?]
	at org.apache.hadoop.ipc.ProtobufRpcEngine2$Server$ProtoBufRpcInvoker.call(ProtobufRpcEngine2.java:595) [hadoop-common-3.3.6.jar:?]
	at org.apache.hadoop.ipc.ProtobufRpcEngine2$Server$ProtoBufRpcInvoker.call(ProtobufRpcEngine2.java:573) [hadoop-common-3.3.6.jar:?]
	at org.apache.hadoop.ipc.RPC$Server.call(RPC.java:1227) [hadoop-common-3.3.6.jar:?]
	at org.apache.hadoop.ipc.Server$RpcCall.run(Server.java:1094) [hadoop-common-3.3.6.jar:?]
	at org.apache.hadoop.ipc.Server$RpcCall.run(Server.java:1017) [hadoop-common-3.3.6.jar:?]
	at java.security.AccessController.doPrivileged(Native Method) ~[?:1.8.0_382]
	at javax.security.auth.Subject.doAs(Subject.java:422) [?:1.8.0_382]
	at org.apache.hadoop.security.UserGroupInformation.doAs(UserGroupInformation.java:1899) [hadoop-common-3.3.6.jar:?]
	at org.apache.hadoop.ipc.Server$Handler.run(Server.java:3048) [hadoop-common-3.3.6.jar:?]
17:51:48.490 [IPC Server handler 15 on default port 15057] ERROR OMAudit - user=runner | ip=127.0.0.1 | op=GET_FILE_STATUS {volume=volume48305, bucket=bucket81851, key=.Trash, dataSize=0, replicationConfig=null} | ret=FAILURE
org.apache.hadoop.ozone.om.exceptions.OMException: Unable to get file status: volume: volume48305 bucket: bucket81851 key: .Trash
	at org.apache.hadoop.ozone.om.KeyManagerImpl.getOzoneFileStatusFSO(KeyManagerImpl.java:1320) ~[ozone-manager-1.4.0-SNAPSHOT.jar:?]
	at org.apache.hadoop.ozone.om.KeyManagerImpl.getFileStatus(KeyManagerImpl.java:1111) ~[ozone-manager-1.4.0-SNAPSHOT.jar:?]
	at org.apache.hadoop.ozone.om.OmMetadataReader.getFileStatus(OmMetadataReader.java:262) ~[ozone-manager-1.4.0-SNAPSHOT.jar:?]
	at org.apache.hadoop.ozone.om.OzoneManager.getFileStatus(OzoneManager.java:3533) ~[ozone-manager-1.4.0-SNAPSHOT.jar:?]
	at org.apache.hadoop.ozone.protocolPB.OzoneManagerRequestHandler.getOzoneFileStatus(OzoneManagerRequestHandler.java:971) ~[ozone-manager-1.4.0-SNAPSHOT.jar:?]
	at org.apache.hadoop.ozone.protocolPB.OzoneManagerRequestHandler.handleReadRequest(OzoneManagerRequestHandler.java:250) ~[ozone-manager-1.4.0-SNAPSHOT.jar:?]
	at org.apache.hadoop.ozone.protocolPB.OzoneManagerProtocolServerSideTranslatorPB.submitRequestDirectlyToOM(OzoneManagerProtocolServerSideTranslatorPB.java:274) ~[ozone-manager-1.4.0-SNAPSHOT.jar:?]
	at org.apache.hadoop.ozone.protocolPB.OzoneManagerProtocolServerSideTranslatorPB.processRequest(OzoneManagerProtocolServerSideTranslatorPB.java:175) ~[ozone-manager-1.4.0-SNAPSHOT.jar:?]
	at org.apache.hadoop.hdds.server.OzoneProtocolMessageDispatcher.processRequest(OzoneProtocolMessageDispatcher.java:87) [hdds-server-framework-1.4.0-SNAPSHOT.jar:?]
	at org.apache.hadoop.ozone.protocolPB.OzoneManagerProtocolServerSideTranslatorPB.submitRequest(OzoneManagerProtocolServerSideTranslatorPB.java:148) [ozone-manager-1.4.0-SNAPSHOT.jar:?]
	at org.apache.hadoop.ozone.protocol.proto.OzoneManagerProtocolProtos$OzoneManagerService$2.callBlockingMethod(OzoneManagerProtocolProtos.java) [ozone-interface-client-1.4.0-SNAPSHOT.jar:?]
	at org.apache.hadoop.ipc.ProtobufRpcEngine$Server.processCall(ProtobufRpcEngine.java:484) [hadoop-common-3.3.6.jar:?]
	at org.apache.hadoop.ipc.ProtobufRpcEngine2$Server$ProtoBufRpcInvoker.call(ProtobufRpcEngine2.java:595) [hadoop-common-3.3.6.jar:?]
	at org.apache.hadoop.ipc.ProtobufRpcEngine2$Server$ProtoBufRpcInvoker.call(ProtobufRpcEngine2.java:573) [hadoop-common-3.3.6.jar:?]
	at org.apache.hadoop.ipc.RPC$Server.call(RPC.java:1227) [hadoop-common-3.3.6.jar:?]
	at org.apache.hadoop.ipc.Server$RpcCall.run(Server.java:1094) [hadoop-common-3.3.6.jar:?]
	at org.apache.hadoop.ipc.Server$RpcCall.run(Server.java:1017) [hadoop-common-3.3.6.jar:?]
	at java.security.AccessController.doPrivileged(Native Method) ~[?:1.8.0_382]
	at javax.security.auth.Subject.doAs(Subject.java:422) [?:1.8.0_382]
	at org.apache.hadoop.security.UserGroupInformation.doAs(UserGroupInformation.java:1899) [hadoop-common-3.3.6.jar:?]
	at org.apache.hadoop.ipc.Server$Handler.run(Server.java:3048) [hadoop-common-3.3.6.jar:?]
]]></system-out>
  </testcase>
  <testcase name="testCreateDoesNotAddParentDirKeys" classname="TestRootedOzoneFileSystemWithFSO" time="0.066">
    <system-out><![CDATA[2023-09-21 17:50:01,698 [Time-limited test] INFO  rpc.RpcClient (RpcClient.java:createVolume(461)) - Creating Volume: volume34942, with user29674 as owner and space quota set to -1 bytes, counts quota set to -1
2023-09-21 17:50:01,701 [OM StateMachine ApplyTransaction Thread - 0] INFO  volume.OMVolumeCreateRequest (OMVolumeCreateRequest.java:validateAndUpdateCache(196)) - created volume:volume34942 for user:user29674
2023-09-21 17:50:01,703 [Time-limited test] INFO  rpc.RpcClient (RpcClient.java:createBucket(688)) - Creating Bucket: volume34942/bucket02311, with bucket layout FILE_SYSTEM_OPTIMIZED, runner as owner, Versioning false, Storage Type set to DISK and Encryption set to false, Replication Type set to server-side default replication type, Namespace Quota set to -1, Space Quota set to -1 
2023-09-21 17:50:01,706 [OM StateMachine ApplyTransaction Thread - 0] INFO  bucket.OMBucketCreateRequest (OMBucketCreateRequest.java:validateAndUpdateCache(270)) - created bucket: bucket02311 of layout FILE_SYSTEM_OPTIMIZED in volume: volume34942
]]></system-out>
  </testcase>
  <testcase name="testCreateDoesNotAddParentDirKeys" classname="TestRootedOzoneFileSystemWithFSO" time="0.05">
    <system-out><![CDATA[2023-09-21 17:51:48,528 [Time-limited test] INFO  rpc.RpcClient (RpcClient.java:createVolume(461)) - Creating Volume: volume15083, with user39720 as owner and space quota set to -1 bytes, counts quota set to -1
2023-09-21 17:51:48,529 [IPC Server handler 11 on default port 15057] INFO  volume.OMVolumeCreateRequest (OMVolumeCreateRequest.java:validateAndUpdateCache(196)) - created volume:volume15083 for user:user39720
2023-09-21 17:51:48,531 [Time-limited test] INFO  rpc.RpcClient (RpcClient.java:createBucket(688)) - Creating Bucket: volume15083/bucket11030, with bucket layout FILE_SYSTEM_OPTIMIZED, runner as owner, Versioning false, Storage Type set to DISK and Encryption set to false, Replication Type set to server-side default replication type, Namespace Quota set to -1, Space Quota set to -1 
2023-09-21 17:51:48,532 [IPC Server handler 1 on default port 15057] INFO  bucket.OMBucketCreateRequest (OMBucketCreateRequest.java:validateAndUpdateCache(270)) - created bucket: bucket11030 of layout FILE_SYSTEM_OPTIMIZED in volume: volume15083
]]></system-out>
  </testcase>
  <testcase name="testSharedTmpDir" classname="TestRootedOzoneFileSystemWithFSO" time="0.187">
    <system-out><![CDATA[2023-09-21 17:50:01,765 [Time-limited test] INFO  rpc.RpcClient (RpcClient.java:createVolume(461)) - Creating Volume: volume94518, with user78926 as owner and space quota set to -1 bytes, counts quota set to -1
2023-09-21 17:50:01,767 [OM StateMachine ApplyTransaction Thread - 0] INFO  volume.OMVolumeCreateRequest (OMVolumeCreateRequest.java:validateAndUpdateCache(196)) - created volume:volume94518 for user:user78926
2023-09-21 17:50:01,770 [Time-limited test] INFO  rpc.RpcClient (RpcClient.java:createBucket(688)) - Creating Bucket: volume94518/bucket82366, with bucket layout FILE_SYSTEM_OPTIMIZED, runner as owner, Versioning false, Storage Type set to DISK and Encryption set to false, Replication Type set to server-side default replication type, Namespace Quota set to -1, Space Quota set to -1 
2023-09-21 17:50:01,774 [OM StateMachine ApplyTransaction Thread - 0] INFO  bucket.OMBucketCreateRequest (OMBucketCreateRequest.java:validateAndUpdateCache(270)) - created bucket: bucket82366 of layout FILE_SYSTEM_OPTIMIZED in volume: volume94518
2023-09-21 17:50:01,802 [Time-limited test] INFO  rpc.RpcClient (RpcClient.java:createVolume(461)) - Creating Volume: tmp, with admin as owner and space quota set to 9223372036854775807 bytes, counts quota set to 1000
2023-09-21 17:50:01,805 [OM StateMachine ApplyTransaction Thread - 0] INFO  volume.OMVolumeCreateRequest (OMVolumeCreateRequest.java:validateAndUpdateCache(196)) - created volume:tmp for user:admin
17:50:01.808 [IPC Server handler 4 on default port 15004] ERROR OMAudit - user=runner | ip=127.0.0.1 | op=READ_BUCKET {volume=tmp, bucket=4bad0b8dd3074cd43f641c2ac22a3571} | ret=FAILURE
org.apache.hadoop.ozone.om.exceptions.OMException: Bucket not found
	at org.apache.hadoop.ozone.om.BucketManagerImpl.getBucketInfo(BucketManagerImpl.java:85) ~[ozone-manager-1.4.0-SNAPSHOT.jar:?]
	at org.apache.hadoop.ozone.om.OzoneManager.getBucketInfo(OzoneManager.java:2795) ~[ozone-manager-1.4.0-SNAPSHOT.jar:?]
	at org.apache.hadoop.ozone.protocolPB.OzoneManagerRequestHandler.infoBucket(OzoneManagerRequestHandler.java:545) ~[ozone-manager-1.4.0-SNAPSHOT.jar:?]
	at org.apache.hadoop.ozone.protocolPB.OzoneManagerRequestHandler.handleReadRequest(OzoneManagerRequestHandler.java:200) ~[ozone-manager-1.4.0-SNAPSHOT.jar:?]
	at org.apache.hadoop.ozone.protocolPB.OzoneManagerProtocolServerSideTranslatorPB.submitReadRequestToOM(OzoneManagerProtocolServerSideTranslatorPB.java:225) ~[ozone-manager-1.4.0-SNAPSHOT.jar:?]
	at org.apache.hadoop.ozone.protocolPB.OzoneManagerProtocolServerSideTranslatorPB.processRequest(OzoneManagerProtocolServerSideTranslatorPB.java:179) ~[ozone-manager-1.4.0-SNAPSHOT.jar:?]
	at org.apache.hadoop.hdds.server.OzoneProtocolMessageDispatcher.processRequest(OzoneProtocolMessageDispatcher.java:87) [hdds-server-framework-1.4.0-SNAPSHOT.jar:?]
	at org.apache.hadoop.ozone.protocolPB.OzoneManagerProtocolServerSideTranslatorPB.submitRequest(OzoneManagerProtocolServerSideTranslatorPB.java:148) [ozone-manager-1.4.0-SNAPSHOT.jar:?]
	at org.apache.hadoop.ozone.protocol.proto.OzoneManagerProtocolProtos$OzoneManagerService$2.callBlockingMethod(OzoneManagerProtocolProtos.java) [ozone-interface-client-1.4.0-SNAPSHOT.jar:?]
	at org.apache.hadoop.ipc.ProtobufRpcEngine$Server.processCall(ProtobufRpcEngine.java:484) [hadoop-common-3.3.6.jar:?]
	at org.apache.hadoop.ipc.ProtobufRpcEngine2$Server$ProtoBufRpcInvoker.call(ProtobufRpcEngine2.java:595) [hadoop-common-3.3.6.jar:?]
	at org.apache.hadoop.ipc.ProtobufRpcEngine2$Server$ProtoBufRpcInvoker.call(ProtobufRpcEngine2.java:573) [hadoop-common-3.3.6.jar:?]
	at org.apache.hadoop.ipc.RPC$Server.call(RPC.java:1227) [hadoop-common-3.3.6.jar:?]
	at org.apache.hadoop.ipc.Server$RpcCall.run(Server.java:1094) [hadoop-common-3.3.6.jar:?]
	at org.apache.hadoop.ipc.Server$RpcCall.run(Server.java:1017) [hadoop-common-3.3.6.jar:?]
	at java.security.AccessController.doPrivileged(Native Method) ~[?:1.8.0_382]
	at javax.security.auth.Subject.doAs(Subject.java:422) [?:1.8.0_382]
	at org.apache.hadoop.security.UserGroupInformation.doAs(UserGroupInformation.java:1899) [hadoop-common-3.3.6.jar:?]
	at org.apache.hadoop.ipc.Server$Handler.run(Server.java:3048) [hadoop-common-3.3.6.jar:?]
2023-09-21 17:50:01,809 [Time-limited test] INFO  rpc.RpcClient (RpcClient.java:createBucket(688)) - Creating Bucket: tmp/tmp, with server-side default bucket layout, admin as owner, Versioning false, Storage Type set to DISK and Encryption set to false, Replication Type set to server-side default replication type, Namespace Quota set to 1000, Space Quota set to 9223372036854775807 
2023-09-21 17:50:01,811 [OM StateMachine ApplyTransaction Thread - 0] INFO  bucket.OMBucketCreateRequest (OMBucketCreateRequest.java:validateAndUpdateCache(270)) - created bucket: tmp of layout FILE_SYSTEM_OPTIMIZED in volume: tmp
17:50:01.919 [IPC Server handler 12 on default port 15004] ERROR OMAudit - user=runner | ip=127.0.0.1 | op=READ_BUCKET {volume=tmp, bucket=tmp} | ret=FAILURE
org.apache.hadoop.ozone.om.exceptions.OMException: Bucket not found
	at org.apache.hadoop.ozone.om.BucketManagerImpl.getBucketInfo(BucketManagerImpl.java:85) ~[ozone-manager-1.4.0-SNAPSHOT.jar:?]
	at org.apache.hadoop.ozone.om.OzoneManager.getBucketInfo(OzoneManager.java:2795) ~[ozone-manager-1.4.0-SNAPSHOT.jar:?]
	at org.apache.hadoop.ozone.protocolPB.OzoneManagerRequestHandler.infoBucket(OzoneManagerRequestHandler.java:545) ~[ozone-manager-1.4.0-SNAPSHOT.jar:?]
	at org.apache.hadoop.ozone.protocolPB.OzoneManagerRequestHandler.handleReadRequest(OzoneManagerRequestHandler.java:200) ~[ozone-manager-1.4.0-SNAPSHOT.jar:?]
	at org.apache.hadoop.ozone.protocolPB.OzoneManagerProtocolServerSideTranslatorPB.submitReadRequestToOM(OzoneManagerProtocolServerSideTranslatorPB.java:225) ~[ozone-manager-1.4.0-SNAPSHOT.jar:?]
	at org.apache.hadoop.ozone.protocolPB.OzoneManagerProtocolServerSideTranslatorPB.processRequest(OzoneManagerProtocolServerSideTranslatorPB.java:179) ~[ozone-manager-1.4.0-SNAPSHOT.jar:?]
	at org.apache.hadoop.hdds.server.OzoneProtocolMessageDispatcher.processRequest(OzoneProtocolMessageDispatcher.java:87) [hdds-server-framework-1.4.0-SNAPSHOT.jar:?]
	at org.apache.hadoop.ozone.protocolPB.OzoneManagerProtocolServerSideTranslatorPB.submitRequest(OzoneManagerProtocolServerSideTranslatorPB.java:148) [ozone-manager-1.4.0-SNAPSHOT.jar:?]
	at org.apache.hadoop.ozone.protocol.proto.OzoneManagerProtocolProtos$OzoneManagerService$2.callBlockingMethod(OzoneManagerProtocolProtos.java) [ozone-interface-client-1.4.0-SNAPSHOT.jar:?]
	at org.apache.hadoop.ipc.ProtobufRpcEngine$Server.processCall(ProtobufRpcEngine.java:484) [hadoop-common-3.3.6.jar:?]
	at org.apache.hadoop.ipc.ProtobufRpcEngine2$Server$ProtoBufRpcInvoker.call(ProtobufRpcEngine2.java:595) [hadoop-common-3.3.6.jar:?]
	at org.apache.hadoop.ipc.ProtobufRpcEngine2$Server$ProtoBufRpcInvoker.call(ProtobufRpcEngine2.java:573) [hadoop-common-3.3.6.jar:?]
	at org.apache.hadoop.ipc.RPC$Server.call(RPC.java:1227) [hadoop-common-3.3.6.jar:?]
	at org.apache.hadoop.ipc.Server$RpcCall.run(Server.java:1094) [hadoop-common-3.3.6.jar:?]
	at org.apache.hadoop.ipc.Server$RpcCall.run(Server.java:1017) [hadoop-common-3.3.6.jar:?]
	at java.security.AccessController.doPrivileged(Native Method) ~[?:1.8.0_382]
	at javax.security.auth.Subject.doAs(Subject.java:422) [?:1.8.0_382]
	at org.apache.hadoop.security.UserGroupInformation.doAs(UserGroupInformation.java:1899) [hadoop-common-3.3.6.jar:?]
	at org.apache.hadoop.ipc.Server$Handler.run(Server.java:3048) [hadoop-common-3.3.6.jar:?]
17:50:01.919 [IPC Server handler 10 on default port 15004] ERROR OMAudit - user=runner | ip=127.0.0.1 | op=READ_BUCKET {volume=tmp, bucket=tmp} | ret=FAILURE
org.apache.hadoop.ozone.om.exceptions.OMException: Bucket not found
	at org.apache.hadoop.ozone.om.BucketManagerImpl.getBucketInfo(BucketManagerImpl.java:85) ~[ozone-manager-1.4.0-SNAPSHOT.jar:?]
	at org.apache.hadoop.ozone.om.OzoneManager.getBucketInfo(OzoneManager.java:2795) ~[ozone-manager-1.4.0-SNAPSHOT.jar:?]
	at org.apache.hadoop.ozone.protocolPB.OzoneManagerRequestHandler.infoBucket(OzoneManagerRequestHandler.java:545) ~[ozone-manager-1.4.0-SNAPSHOT.jar:?]
	at org.apache.hadoop.ozone.protocolPB.OzoneManagerRequestHandler.handleReadRequest(OzoneManagerRequestHandler.java:200) ~[ozone-manager-1.4.0-SNAPSHOT.jar:?]
	at org.apache.hadoop.ozone.protocolPB.OzoneManagerProtocolServerSideTranslatorPB.submitReadRequestToOM(OzoneManagerProtocolServerSideTranslatorPB.java:225) ~[ozone-manager-1.4.0-SNAPSHOT.jar:?]
	at org.apache.hadoop.ozone.protocolPB.OzoneManagerProtocolServerSideTranslatorPB.processRequest(OzoneManagerProtocolServerSideTranslatorPB.java:179) ~[ozone-manager-1.4.0-SNAPSHOT.jar:?]
	at org.apache.hadoop.hdds.server.OzoneProtocolMessageDispatcher.processRequest(OzoneProtocolMessageDispatcher.java:87) [hdds-server-framework-1.4.0-SNAPSHOT.jar:?]
	at org.apache.hadoop.ozone.protocolPB.OzoneManagerProtocolServerSideTranslatorPB.submitRequest(OzoneManagerProtocolServerSideTranslatorPB.java:148) [ozone-manager-1.4.0-SNAPSHOT.jar:?]
	at org.apache.hadoop.ozone.protocol.proto.OzoneManagerProtocolProtos$OzoneManagerService$2.callBlockingMethod(OzoneManagerProtocolProtos.java) [ozone-interface-client-1.4.0-SNAPSHOT.jar:?]
	at org.apache.hadoop.ipc.ProtobufRpcEngine$Server.processCall(ProtobufRpcEngine.java:484) [hadoop-common-3.3.6.jar:?]
	at org.apache.hadoop.ipc.ProtobufRpcEngine2$Server$ProtoBufRpcInvoker.call(ProtobufRpcEngine2.java:595) [hadoop-common-3.3.6.jar:?]
	at org.apache.hadoop.ipc.ProtobufRpcEngine2$Server$ProtoBufRpcInvoker.call(ProtobufRpcEngine2.java:573) [hadoop-common-3.3.6.jar:?]
	at org.apache.hadoop.ipc.RPC$Server.call(RPC.java:1227) [hadoop-common-3.3.6.jar:?]
	at org.apache.hadoop.ipc.Server$RpcCall.run(Server.java:1094) [hadoop-common-3.3.6.jar:?]
	at org.apache.hadoop.ipc.Server$RpcCall.run(Server.java:1017) [hadoop-common-3.3.6.jar:?]
	at java.security.AccessController.doPrivileged(Native Method) ~[?:1.8.0_382]
	at javax.security.auth.Subject.doAs(Subject.java:422) [?:1.8.0_382]
	at org.apache.hadoop.security.UserGroupInformation.doAs(UserGroupInformation.java:1899) [hadoop-common-3.3.6.jar:?]
	at org.apache.hadoop.ipc.Server$Handler.run(Server.java:3048) [hadoop-common-3.3.6.jar:?]
2023-09-21 17:50:01,920 [Time-limited test] ERROR ozone.BasicRootedOzoneFileSystem (BasicRootedOzoneFileSystem.java:isLinkBucket(780)) - Exception while getting bucket link information, considered it as false
BUCKET_NOT_FOUND org.apache.hadoop.ozone.om.exceptions.OMException: Bucket not found
	at org.apache.hadoop.ozone.om.protocolPB.OzoneManagerProtocolClientSideTranslatorPB.handleError(OzoneManagerProtocolClientSideTranslatorPB.java:729)
	at org.apache.hadoop.ozone.om.protocolPB.OzoneManagerProtocolClientSideTranslatorPB.getBucketInfo(OzoneManagerProtocolClientSideTranslatorPB.java:578)
	at org.apache.hadoop.ozone.client.rpc.RpcClient.getBucketDetails(RpcClient.java:1243)
	at org.apache.hadoop.fs.ozone.BasicRootedOzoneClientAdapterImpl.getBucket(BasicRootedOzoneClientAdapterImpl.java:274)
	at org.apache.hadoop.fs.ozone.BasicRootedOzoneClientAdapterImpl.getBucket(BasicRootedOzoneClientAdapterImpl.java:248)
	at org.apache.hadoop.fs.ozone.BasicRootedOzoneFileSystem.isLinkBucket(BasicRootedOzoneFileSystem.java:775)
	at org.apache.hadoop.fs.ozone.BasicRootedOzoneFileSystem.deleteBucket(BasicRootedOzoneFileSystem.java:742)
	at org.apache.hadoop.fs.ozone.BasicRootedOzoneFileSystem.delete(BasicRootedOzoneFileSystem.java:696)
	at org.apache.hadoop.fs.ozone.TestRootedOzoneFileSystem.testSharedTmpDir(TestRootedOzoneFileSystem.java:1354)
	at sun.reflect.NativeMethodAccessorImpl.invoke0(Native Method)
	at sun.reflect.NativeMethodAccessorImpl.invoke(NativeMethodAccessorImpl.java:62)
	at sun.reflect.DelegatingMethodAccessorImpl.invoke(DelegatingMethodAccessorImpl.java:43)
	at java.lang.reflect.Method.invoke(Method.java:498)
	at org.junit.runners.model.FrameworkMethod$1.runReflectiveCall(FrameworkMethod.java:59)
	at org.junit.internal.runners.model.ReflectiveCallable.run(ReflectiveCallable.java:12)
	at org.junit.runners.model.FrameworkMethod.invokeExplosively(FrameworkMethod.java:56)
	at org.junit.internal.runners.statements.InvokeMethod.evaluate(InvokeMethod.java:17)
	at org.junit.internal.runners.statements.RunBefores.evaluate(RunBefores.java:26)
	at org.junit.internal.runners.statements.RunAfters.evaluate(RunAfters.java:27)
	at org.junit.internal.runners.statements.FailOnTimeout$CallableStatement.call(FailOnTimeout.java:288)
	at org.junit.internal.runners.statements.FailOnTimeout$CallableStatement.call(FailOnTimeout.java:282)
	at java.util.concurrent.FutureTask.run(FutureTask.java:266)
	at java.lang.Thread.run(Thread.java:750)
2023-09-21 17:50:01,920 [Time-limited test] WARN  ozone.BasicRootedOzoneFileSystem (BasicRootedOzoneFileSystem.java:deleteBucket(746)) - delete: Path does not exist: /tmp
]]></system-out>
  </testcase>
  <testcase name="testSharedTmpDir" classname="TestRootedOzoneFileSystemWithFSO" time="0.133">
    <system-out><![CDATA[2023-09-21 17:51:48,572 [Time-limited test] INFO  rpc.RpcClient (RpcClient.java:createVolume(461)) - Creating Volume: volume98189, with user10919 as owner and space quota set to -1 bytes, counts quota set to -1
2023-09-21 17:51:48,573 [IPC Server handler 6 on default port 15057] INFO  volume.OMVolumeCreateRequest (OMVolumeCreateRequest.java:validateAndUpdateCache(196)) - created volume:volume98189 for user:user10919
2023-09-21 17:51:48,574 [Time-limited test] INFO  rpc.RpcClient (RpcClient.java:createBucket(688)) - Creating Bucket: volume98189/bucket98873, with bucket layout FILE_SYSTEM_OPTIMIZED, runner as owner, Versioning false, Storage Type set to DISK and Encryption set to false, Replication Type set to server-side default replication type, Namespace Quota set to -1, Space Quota set to -1 
2023-09-21 17:51:48,575 [IPC Server handler 8 on default port 15057] INFO  bucket.OMBucketCreateRequest (OMBucketCreateRequest.java:validateAndUpdateCache(270)) - created bucket: bucket98873 of layout FILE_SYSTEM_OPTIMIZED in volume: volume98189
2023-09-21 17:51:48,588 [Time-limited test] INFO  rpc.RpcClient (RpcClient.java:createVolume(461)) - Creating Volume: tmp, with admin as owner and space quota set to 9223372036854775807 bytes, counts quota set to 1000
2023-09-21 17:51:48,588 [IPC Server handler 11 on default port 15057] INFO  volume.OMVolumeCreateRequest (OMVolumeCreateRequest.java:validateAndUpdateCache(196)) - created volume:tmp for user:admin
17:51:48.589 [IPC Server handler 1 on default port 15057] ERROR OMAudit - user=runner | ip=127.0.0.1 | op=READ_BUCKET {volume=tmp, bucket=4bad0b8dd3074cd43f641c2ac22a3571} | ret=FAILURE
org.apache.hadoop.ozone.om.exceptions.OMException: Bucket not found
	at org.apache.hadoop.ozone.om.BucketManagerImpl.getBucketInfo(BucketManagerImpl.java:85) ~[ozone-manager-1.4.0-SNAPSHOT.jar:?]
	at org.apache.hadoop.ozone.om.OzoneManager.getBucketInfo(OzoneManager.java:2795) ~[ozone-manager-1.4.0-SNAPSHOT.jar:?]
	at org.apache.hadoop.ozone.protocolPB.OzoneManagerRequestHandler.infoBucket(OzoneManagerRequestHandler.java:545) ~[ozone-manager-1.4.0-SNAPSHOT.jar:?]
	at org.apache.hadoop.ozone.protocolPB.OzoneManagerRequestHandler.handleReadRequest(OzoneManagerRequestHandler.java:200) ~[ozone-manager-1.4.0-SNAPSHOT.jar:?]
	at org.apache.hadoop.ozone.protocolPB.OzoneManagerProtocolServerSideTranslatorPB.submitRequestDirectlyToOM(OzoneManagerProtocolServerSideTranslatorPB.java:274) ~[ozone-manager-1.4.0-SNAPSHOT.jar:?]
	at org.apache.hadoop.ozone.protocolPB.OzoneManagerProtocolServerSideTranslatorPB.processRequest(OzoneManagerProtocolServerSideTranslatorPB.java:175) ~[ozone-manager-1.4.0-SNAPSHOT.jar:?]
	at org.apache.hadoop.hdds.server.OzoneProtocolMessageDispatcher.processRequest(OzoneProtocolMessageDispatcher.java:87) [hdds-server-framework-1.4.0-SNAPSHOT.jar:?]
	at org.apache.hadoop.ozone.protocolPB.OzoneManagerProtocolServerSideTranslatorPB.submitRequest(OzoneManagerProtocolServerSideTranslatorPB.java:148) [ozone-manager-1.4.0-SNAPSHOT.jar:?]
	at org.apache.hadoop.ozone.protocol.proto.OzoneManagerProtocolProtos$OzoneManagerService$2.callBlockingMethod(OzoneManagerProtocolProtos.java) [ozone-interface-client-1.4.0-SNAPSHOT.jar:?]
	at org.apache.hadoop.ipc.ProtobufRpcEngine$Server.processCall(ProtobufRpcEngine.java:484) [hadoop-common-3.3.6.jar:?]
	at org.apache.hadoop.ipc.ProtobufRpcEngine2$Server$ProtoBufRpcInvoker.call(ProtobufRpcEngine2.java:595) [hadoop-common-3.3.6.jar:?]
	at org.apache.hadoop.ipc.ProtobufRpcEngine2$Server$ProtoBufRpcInvoker.call(ProtobufRpcEngine2.java:573) [hadoop-common-3.3.6.jar:?]
	at org.apache.hadoop.ipc.RPC$Server.call(RPC.java:1227) [hadoop-common-3.3.6.jar:?]
	at org.apache.hadoop.ipc.Server$RpcCall.run(Server.java:1094) [hadoop-common-3.3.6.jar:?]
	at org.apache.hadoop.ipc.Server$RpcCall.run(Server.java:1017) [hadoop-common-3.3.6.jar:?]
	at java.security.AccessController.doPrivileged(Native Method) ~[?:1.8.0_382]
	at javax.security.auth.Subject.doAs(Subject.java:422) [?:1.8.0_382]
	at org.apache.hadoop.security.UserGroupInformation.doAs(UserGroupInformation.java:1899) [hadoop-common-3.3.6.jar:?]
	at org.apache.hadoop.ipc.Server$Handler.run(Server.java:3048) [hadoop-common-3.3.6.jar:?]
2023-09-21 17:51:48,590 [Time-limited test] INFO  rpc.RpcClient (RpcClient.java:createBucket(688)) - Creating Bucket: tmp/tmp, with server-side default bucket layout, admin as owner, Versioning false, Storage Type set to DISK and Encryption set to false, Replication Type set to server-side default replication type, Namespace Quota set to 1000, Space Quota set to 9223372036854775807 
2023-09-21 17:51:48,590 [IPC Server handler 19 on default port 15057] INFO  bucket.OMBucketCreateRequest (OMBucketCreateRequest.java:validateAndUpdateCache(270)) - created bucket: tmp of layout FILE_SYSTEM_OPTIMIZED in volume: tmp
17:51:48.681 [IPC Server handler 15 on default port 15057] ERROR OMAudit - user=runner | ip=127.0.0.1 | op=READ_BUCKET {volume=tmp, bucket=tmp} | ret=FAILURE
org.apache.hadoop.ozone.om.exceptions.OMException: Bucket not found
	at org.apache.hadoop.ozone.om.BucketManagerImpl.getBucketInfo(BucketManagerImpl.java:85) ~[ozone-manager-1.4.0-SNAPSHOT.jar:?]
	at org.apache.hadoop.ozone.om.OzoneManager.getBucketInfo(OzoneManager.java:2795) ~[ozone-manager-1.4.0-SNAPSHOT.jar:?]
	at org.apache.hadoop.ozone.protocolPB.OzoneManagerRequestHandler.infoBucket(OzoneManagerRequestHandler.java:545) ~[ozone-manager-1.4.0-SNAPSHOT.jar:?]
	at org.apache.hadoop.ozone.protocolPB.OzoneManagerRequestHandler.handleReadRequest(OzoneManagerRequestHandler.java:200) ~[ozone-manager-1.4.0-SNAPSHOT.jar:?]
	at org.apache.hadoop.ozone.protocolPB.OzoneManagerProtocolServerSideTranslatorPB.submitRequestDirectlyToOM(OzoneManagerProtocolServerSideTranslatorPB.java:274) ~[ozone-manager-1.4.0-SNAPSHOT.jar:?]
	at org.apache.hadoop.ozone.protocolPB.OzoneManagerProtocolServerSideTranslatorPB.processRequest(OzoneManagerProtocolServerSideTranslatorPB.java:175) ~[ozone-manager-1.4.0-SNAPSHOT.jar:?]
	at org.apache.hadoop.hdds.server.OzoneProtocolMessageDispatcher.processRequest(OzoneProtocolMessageDispatcher.java:87) [hdds-server-framework-1.4.0-SNAPSHOT.jar:?]
	at org.apache.hadoop.ozone.protocolPB.OzoneManagerProtocolServerSideTranslatorPB.submitRequest(OzoneManagerProtocolServerSideTranslatorPB.java:148) [ozone-manager-1.4.0-SNAPSHOT.jar:?]
	at org.apache.hadoop.ozone.protocol.proto.OzoneManagerProtocolProtos$OzoneManagerService$2.callBlockingMethod(OzoneManagerProtocolProtos.java) [ozone-interface-client-1.4.0-SNAPSHOT.jar:?]
	at org.apache.hadoop.ipc.ProtobufRpcEngine$Server.processCall(ProtobufRpcEngine.java:484) [hadoop-common-3.3.6.jar:?]
	at org.apache.hadoop.ipc.ProtobufRpcEngine2$Server$ProtoBufRpcInvoker.call(ProtobufRpcEngine2.java:595) [hadoop-common-3.3.6.jar:?]
	at org.apache.hadoop.ipc.ProtobufRpcEngine2$Server$ProtoBufRpcInvoker.call(ProtobufRpcEngine2.java:573) [hadoop-common-3.3.6.jar:?]
	at org.apache.hadoop.ipc.RPC$Server.call(RPC.java:1227) [hadoop-common-3.3.6.jar:?]
	at org.apache.hadoop.ipc.Server$RpcCall.run(Server.java:1094) [hadoop-common-3.3.6.jar:?]
	at org.apache.hadoop.ipc.Server$RpcCall.run(Server.java:1017) [hadoop-common-3.3.6.jar:?]
	at java.security.AccessController.doPrivileged(Native Method) ~[?:1.8.0_382]
	at javax.security.auth.Subject.doAs(Subject.java:422) [?:1.8.0_382]
	at org.apache.hadoop.security.UserGroupInformation.doAs(UserGroupInformation.java:1899) [hadoop-common-3.3.6.jar:?]
	at org.apache.hadoop.ipc.Server$Handler.run(Server.java:3048) [hadoop-common-3.3.6.jar:?]
17:51:48.682 [IPC Server handler 13 on default port 15057] ERROR OMAudit - user=runner | ip=127.0.0.1 | op=READ_BUCKET {volume=tmp, bucket=tmp} | ret=FAILURE
org.apache.hadoop.ozone.om.exceptions.OMException: Bucket not found
	at org.apache.hadoop.ozone.om.BucketManagerImpl.getBucketInfo(BucketManagerImpl.java:85) ~[ozone-manager-1.4.0-SNAPSHOT.jar:?]
	at org.apache.hadoop.ozone.om.OzoneManager.getBucketInfo(OzoneManager.java:2795) ~[ozone-manager-1.4.0-SNAPSHOT.jar:?]
	at org.apache.hadoop.ozone.protocolPB.OzoneManagerRequestHandler.infoBucket(OzoneManagerRequestHandler.java:545) ~[ozone-manager-1.4.0-SNAPSHOT.jar:?]
	at org.apache.hadoop.ozone.protocolPB.OzoneManagerRequestHandler.handleReadRequest(OzoneManagerRequestHandler.java:200) ~[ozone-manager-1.4.0-SNAPSHOT.jar:?]
	at org.apache.hadoop.ozone.protocolPB.OzoneManagerProtocolServerSideTranslatorPB.submitRequestDirectlyToOM(OzoneManagerProtocolServerSideTranslatorPB.java:274) ~[ozone-manager-1.4.0-SNAPSHOT.jar:?]
	at org.apache.hadoop.ozone.protocolPB.OzoneManagerProtocolServerSideTranslatorPB.processRequest(OzoneManagerProtocolServerSideTranslatorPB.java:175) ~[ozone-manager-1.4.0-SNAPSHOT.jar:?]
	at org.apache.hadoop.hdds.server.OzoneProtocolMessageDispatcher.processRequest(OzoneProtocolMessageDispatcher.java:87) [hdds-server-framework-1.4.0-SNAPSHOT.jar:?]
	at org.apache.hadoop.ozone.protocolPB.OzoneManagerProtocolServerSideTranslatorPB.submitRequest(OzoneManagerProtocolServerSideTranslatorPB.java:148) [ozone-manager-1.4.0-SNAPSHOT.jar:?]
	at org.apache.hadoop.ozone.protocol.proto.OzoneManagerProtocolProtos$OzoneManagerService$2.callBlockingMethod(OzoneManagerProtocolProtos.java) [ozone-interface-client-1.4.0-SNAPSHOT.jar:?]
	at org.apache.hadoop.ipc.ProtobufRpcEngine$Server.processCall(ProtobufRpcEngine.java:484) [hadoop-common-3.3.6.jar:?]
	at org.apache.hadoop.ipc.ProtobufRpcEngine2$Server$ProtoBufRpcInvoker.call(ProtobufRpcEngine2.java:595) [hadoop-common-3.3.6.jar:?]
	at org.apache.hadoop.ipc.ProtobufRpcEngine2$Server$ProtoBufRpcInvoker.call(ProtobufRpcEngine2.java:573) [hadoop-common-3.3.6.jar:?]
	at org.apache.hadoop.ipc.RPC$Server.call(RPC.java:1227) [hadoop-common-3.3.6.jar:?]
	at org.apache.hadoop.ipc.Server$RpcCall.run(Server.java:1094) [hadoop-common-3.3.6.jar:?]
	at org.apache.hadoop.ipc.Server$RpcCall.run(Server.java:1017) [hadoop-common-3.3.6.jar:?]
	at java.security.AccessController.doPrivileged(Native Method) ~[?:1.8.0_382]
	at javax.security.auth.Subject.doAs(Subject.java:422) [?:1.8.0_382]
	at org.apache.hadoop.security.UserGroupInformation.doAs(UserGroupInformation.java:1899) [hadoop-common-3.3.6.jar:?]
	at org.apache.hadoop.ipc.Server$Handler.run(Server.java:3048) [hadoop-common-3.3.6.jar:?]
2023-09-21 17:51:48,682 [Time-limited test] ERROR ozone.BasicRootedOzoneFileSystem (BasicRootedOzoneFileSystem.java:isLinkBucket(780)) - Exception while getting bucket link information, considered it as false
BUCKET_NOT_FOUND org.apache.hadoop.ozone.om.exceptions.OMException: Bucket not found
	at org.apache.hadoop.ozone.om.protocolPB.OzoneManagerProtocolClientSideTranslatorPB.handleError(OzoneManagerProtocolClientSideTranslatorPB.java:729)
	at org.apache.hadoop.ozone.om.protocolPB.OzoneManagerProtocolClientSideTranslatorPB.getBucketInfo(OzoneManagerProtocolClientSideTranslatorPB.java:578)
	at org.apache.hadoop.ozone.client.rpc.RpcClient.getBucketDetails(RpcClient.java:1243)
	at org.apache.hadoop.fs.ozone.BasicRootedOzoneClientAdapterImpl.getBucket(BasicRootedOzoneClientAdapterImpl.java:274)
	at org.apache.hadoop.fs.ozone.BasicRootedOzoneClientAdapterImpl.getBucket(BasicRootedOzoneClientAdapterImpl.java:248)
	at org.apache.hadoop.fs.ozone.BasicRootedOzoneFileSystem.isLinkBucket(BasicRootedOzoneFileSystem.java:775)
	at org.apache.hadoop.fs.ozone.BasicRootedOzoneFileSystem.deleteBucket(BasicRootedOzoneFileSystem.java:742)
	at org.apache.hadoop.fs.ozone.BasicRootedOzoneFileSystem.delete(BasicRootedOzoneFileSystem.java:696)
	at org.apache.hadoop.fs.ozone.TestRootedOzoneFileSystem.testSharedTmpDir(TestRootedOzoneFileSystem.java:1354)
	at sun.reflect.NativeMethodAccessorImpl.invoke0(Native Method)
	at sun.reflect.NativeMethodAccessorImpl.invoke(NativeMethodAccessorImpl.java:62)
	at sun.reflect.DelegatingMethodAccessorImpl.invoke(DelegatingMethodAccessorImpl.java:43)
	at java.lang.reflect.Method.invoke(Method.java:498)
	at org.junit.runners.model.FrameworkMethod$1.runReflectiveCall(FrameworkMethod.java:59)
	at org.junit.internal.runners.model.ReflectiveCallable.run(ReflectiveCallable.java:12)
	at org.junit.runners.model.FrameworkMethod.invokeExplosively(FrameworkMethod.java:56)
	at org.junit.internal.runners.statements.InvokeMethod.evaluate(InvokeMethod.java:17)
	at org.junit.internal.runners.statements.RunBefores.evaluate(RunBefores.java:26)
	at org.junit.internal.runners.statements.RunAfters.evaluate(RunAfters.java:27)
	at org.junit.internal.runners.statements.FailOnTimeout$CallableStatement.call(FailOnTimeout.java:288)
	at org.junit.internal.runners.statements.FailOnTimeout$CallableStatement.call(FailOnTimeout.java:282)
	at java.util.concurrent.FutureTask.run(FutureTask.java:266)
	at java.lang.Thread.run(Thread.java:750)
2023-09-21 17:51:48,682 [Time-limited test] WARN  ozone.BasicRootedOzoneFileSystem (BasicRootedOzoneFileSystem.java:deleteBucket(746)) - delete: Path does not exist: /tmp
]]></system-out>
  </testcase>
  <testcase name="testSnapshotDiff" classname="TestRootedOzoneFileSystemWithFSO" time="5.672">
    <system-out><![CDATA[2023-09-21 17:50:01,956 [Time-limited test] INFO  rpc.RpcClient (RpcClient.java:createVolume(461)) - Creating Volume: volume22387, with user83060 as owner and space quota set to -1 bytes, counts quota set to -1
2023-09-21 17:50:01,959 [OM StateMachine ApplyTransaction Thread - 0] INFO  volume.OMVolumeCreateRequest (OMVolumeCreateRequest.java:validateAndUpdateCache(196)) - created volume:volume22387 for user:user83060
2023-09-21 17:50:01,961 [Time-limited test] INFO  rpc.RpcClient (RpcClient.java:createBucket(688)) - Creating Bucket: volume22387/bucket63444, with bucket layout FILE_SYSTEM_OPTIMIZED, runner as owner, Versioning false, Storage Type set to DISK and Encryption set to false, Replication Type set to server-side default replication type, Namespace Quota set to -1, Space Quota set to -1 
2023-09-21 17:50:01,963 [OM StateMachine ApplyTransaction Thread - 0] INFO  bucket.OMBucketCreateRequest (OMBucketCreateRequest.java:validateAndUpdateCache(270)) - created bucket: bucket63444 of layout FILE_SYSTEM_OPTIMIZED in volume: volume22387
2023-09-21 17:50:01,988 [Time-limited test] INFO  rpc.RpcClient (RpcClient.java:createVolume(461)) - Creating Volume: volume89005, with user58779 as owner and space quota set to -1 bytes, counts quota set to -1
2023-09-21 17:50:01,990 [OM StateMachine ApplyTransaction Thread - 0] INFO  volume.OMVolumeCreateRequest (OMVolumeCreateRequest.java:validateAndUpdateCache(196)) - created volume:volume89005 for user:user58779
2023-09-21 17:50:01,994 [Time-limited test] INFO  rpc.RpcClient (RpcClient.java:createBucket(688)) - Creating Bucket: volume89005/bucket86162, with bucket layout FILE_SYSTEM_OPTIMIZED, runner as owner, Versioning false, Storage Type set to DISK and Encryption set to false, Replication Type set to server-side default replication type, Namespace Quota set to -1, Space Quota set to -1 
2023-09-21 17:50:01,996 [OM StateMachine ApplyTransaction Thread - 0] INFO  bucket.OMBucketCreateRequest (OMBucketCreateRequest.java:validateAndUpdateCache(270)) - created bucket: bucket86162 of layout FILE_SYSTEM_OPTIMIZED in volume: volume89005
2023-09-21 17:50:02,035 [OM StateMachine ApplyTransaction Thread - 0] WARN  snapshot.OMSnapshotCreateRequest (OMSnapshotCreateRequest.java:estimateBucketDataSize(333)) - DefaultReplicationConfig is not correctly set in OmBucketInfo for volume 'volume89005' bucket 'bucket86162'. Falling back to config default 'RATIS/THREE'
2023-09-21 17:50:02,058 [OM StateMachine ApplyTransaction Thread - 0] INFO  snapshot.OMSnapshotCreateRequest (OMSnapshotCreateRequest.java:validateAndUpdateCache(215)) - Created snapshot: 's20230921-175002.013' with snapshotId: 'c00f42bd-05b0-43ed-a817-a1d6a2c35ca2' under path 'volume89005/bucket86162'
2023-09-21 17:50:02,138 [OM StateMachine ApplyTransaction Thread - 0] WARN  snapshot.OMSnapshotCreateRequest (OMSnapshotCreateRequest.java:estimateBucketDataSize(333)) - DefaultReplicationConfig is not correctly set in OmBucketInfo for volume 'volume89005' bucket 'bucket86162'. Falling back to config default 'RATIS/THREE'
2023-09-21 17:50:02,139 [OM StateMachine ApplyTransaction Thread - 0] INFO  snapshot.OMSnapshotCreateRequest (OMSnapshotCreateRequest.java:validateAndUpdateCache(215)) - Created snapshot: 's20230921-175002.080' with snapshotId: 'a9f748d6-42ff-471f-8df9-ea2b7b9b44b4' under path 'volume89005/bucket86162'
2023-09-21 17:50:02,153 [OMDoubleBufferFlushThread] INFO  db.RDBCheckpointManager (RDBCheckpointManager.java:createCheckpoint(89)) - Created checkpoint in rocksDB at /home/runner/work/ozone/ozone/hadoop-ozone/integration-test/target/test-dir/MiniOzoneClusterImpl-ff0bea85-29d4-48e8-8c84-822e75daf04a/ozone-meta/db.snapshots/checkpointState/om.db-c00f42bd-05b0-43ed-a817-a1d6a2c35ca2 in 92 milliseconds
2023-09-21 17:50:02,194 [OMDoubleBufferFlushThread] INFO  db.RDBCheckpointUtils (RDBCheckpointUtils.java:waitForCheckpointDirectoryExist(60)) - Waited for 40 milliseconds for checkpoint directory /home/runner/work/ozone/ozone/hadoop-ozone/integration-test/target/test-dir/MiniOzoneClusterImpl-ff0bea85-29d4-48e8-8c84-822e75daf04a/ozone-meta/db.snapshots/checkpointState/om.db-c00f42bd-05b0-43ed-a817-a1d6a2c35ca2 availability.
2023-09-21 17:50:02,199 [OMDoubleBufferFlushThread] WARN  om.OmSnapshotManager (OmSnapshotManager.java:findEndKeyGivenPrefix(591)) - Took 764004 ns to find endKey. Caller is deleteKeysFromDelDirTableInSnapshotScope
2023-09-21 17:50:02,200 [OMDoubleBufferFlushThread] INFO  om.OmSnapshotManager (OmSnapshotManager.java:createOmSnapshotCheckpoint(461)) - Created checkpoint : /home/runner/work/ozone/ozone/hadoop-ozone/integration-test/target/test-dir/MiniOzoneClusterImpl-ff0bea85-29d4-48e8-8c84-822e75daf04a/ozone-meta/db.snapshots/checkpointState/om.db-c00f42bd-05b0-43ed-a817-a1d6a2c35ca2 for snapshot s20230921-175002.013
2023-09-21 17:50:02,213 [IPC Server handler 2 on default port 15004] INFO  snapshot.SnapshotDiffManager (SnapshotDiffManager.java:submitSnapDiffJob(732)) - Submitting snap diff report generation request for volume: volume89005, bucket: bucket86162, fromSnapshot: s20230921-175002.013 and toSnapshot: s20230921-175002.080
2023-09-21 17:50:02,229 [snapshot-diff-job-thread-id-0] INFO  snapshot.SnapshotDiffManager (SnapshotDiffManager.java:generateSnapshotDiffReport(835)) - Started snap diff report generation for volume: 'volume89005', bucket: 'bucket86162', fromSnapshot: 's20230921-175002.013', toSnapshot: 's20230921-175002.080'
2023-09-21 17:50:02,238 [snapshot-diff-job-thread-id-0] INFO  snapshot.SnapshotCache (SnapshotCache.java:lambda$1(170)) - Loading snapshot. Table key: /volume89005/bucket86162/s20230921-175002.013
2023-09-21 17:50:02,246 [snapshot-diff-job-thread-id-0] WARN  server.ServerUtils (ServerUtils.java:getDBPath(311)) - ozone.om.db.dirs is not configured. We recommend adding this setting. Falling back to ozone.metadata.dirs instead.
2023-09-21 17:50:02,250 [snapshot-diff-job-thread-id-0] INFO  helpers.OmKeyInfo (OmKeyInfo.java:getCodec(71)) - OmKeyInfo.getCodec ignorePipeline = true
2023-09-21 17:50:02,258 [OMDoubleBufferFlushThread] INFO  db.RDBCheckpointManager (RDBCheckpointManager.java:createCheckpoint(89)) - Created checkpoint in rocksDB at /home/runner/work/ozone/ozone/hadoop-ozone/integration-test/target/test-dir/MiniOzoneClusterImpl-ff0bea85-29d4-48e8-8c84-822e75daf04a/ozone-meta/db.snapshots/checkpointState/om.db-a9f748d6-42ff-471f-8df9-ea2b7b9b44b4 in 47 milliseconds
2023-09-21 17:50:02,261 [OMDoubleBufferFlushThread] INFO  db.RDBCheckpointUtils (RDBCheckpointUtils.java:waitForCheckpointDirectoryExist(60)) - Waited for 2 milliseconds for checkpoint directory /home/runner/work/ozone/ozone/hadoop-ozone/integration-test/target/test-dir/MiniOzoneClusterImpl-ff0bea85-29d4-48e8-8c84-822e75daf04a/ozone-meta/db.snapshots/checkpointState/om.db-a9f748d6-42ff-471f-8df9-ea2b7b9b44b4 availability.
2023-09-21 17:50:02,264 [OMDoubleBufferFlushThread] WARN  om.OmSnapshotManager (OmSnapshotManager.java:findEndKeyGivenPrefix(591)) - Took 539703 ns to find endKey. Caller is deleteKeysFromDelDirTableInSnapshotScope
2023-09-21 17:50:02,264 [OMDoubleBufferFlushThread] INFO  om.OmSnapshotManager (OmSnapshotManager.java:createOmSnapshotCheckpoint(461)) - Created checkpoint : /home/runner/work/ozone/ozone/hadoop-ozone/integration-test/target/test-dir/MiniOzoneClusterImpl-ff0bea85-29d4-48e8-8c84-822e75daf04a/ozone-meta/db.snapshots/checkpointState/om.db-a9f748d6-42ff-471f-8df9-ea2b7b9b44b4 for snapshot s20230921-175002.080
2023-09-21 17:50:02,264 [OMDoubleBufferFlushThread] WARN  rocksdiff.RocksDBCheckpointDiffer (RocksDBCheckpointDiffer.java:setCurrentCompactionLog(326)) - Compaction log exists: /home/runner/work/ozone/ozone/hadoop-ozone/integration-test/target/test-dir/MiniOzoneClusterImpl-ff0bea85-29d4-48e8-8c84-822e75daf04a/ozone-meta/db.snapshots/diffState/compaction-log/0000000000000015413.log. Will append
2023-09-21 17:50:02,359 [snapshot-diff-job-thread-id-0] INFO  audit.AuditLogger (AuditLogger.java:refreshDebugCmdSet(126)) - Refresh DebugCmdSet for OMAudit to [].
2023-09-21 17:50:02,371 [snapshot-diff-job-thread-id-0] INFO  snapshot.SnapshotCache (SnapshotCache.java:lambda$1(170)) - Loading snapshot. Table key: /volume89005/bucket86162/s20230921-175002.080
2023-09-21 17:50:02,372 [snapshot-diff-job-thread-id-0] WARN  server.ServerUtils (ServerUtils.java:getDBPath(311)) - ozone.om.db.dirs is not configured. We recommend adding this setting. Falling back to ozone.metadata.dirs instead.
2023-09-21 17:50:02,373 [snapshot-diff-job-thread-id-0] INFO  helpers.OmKeyInfo (OmKeyInfo.java:getCodec(71)) - OmKeyInfo.getCodec ignorePipeline = true
2023-09-21 17:50:02,503 [snapshot-diff-job-thread-id-0] INFO  snapshot.SnapshotDiffManager (SnapshotDiffManager.java:generateDiffReport(1304)) - Starting diff report generation for jobId: 8b7043a0-b8f9-457a-b018-c1089485ec62.
2023-09-21 17:50:03,363 [OM StateMachine ApplyTransaction Thread - 0] WARN  snapshot.OMSnapshotCreateRequest (OMSnapshotCreateRequest.java:estimateBucketDataSize(333)) - DefaultReplicationConfig is not correctly set in OmBucketInfo for volume 'volume89005' bucket 'bucket86162'. Falling back to config default 'RATIS/THREE'
2023-09-21 17:50:03,363 [OM StateMachine ApplyTransaction Thread - 0] INFO  snapshot.OMSnapshotCreateRequest (OMSnapshotCreateRequest.java:validateAndUpdateCache(215)) - Created snapshot: 's20230921-175003.334' with snapshotId: '4c2bed3a-03a9-4fda-88a0-1a62e46a62a8' under path 'volume89005/bucket86162'
2023-09-21 17:50:03,367 [IPC Server handler 18 on default port 15004] INFO  snapshot.SnapshotDiffManager (SnapshotDiffManager.java:submitSnapDiffJob(732)) - Submitting snap diff report generation request for volume: volume89005, bucket: bucket86162, fromSnapshot: s20230921-175002.080 and toSnapshot: s20230921-175003.334
2023-09-21 17:50:03,368 [snapshot-diff-job-thread-id-1] INFO  snapshot.SnapshotDiffManager (SnapshotDiffManager.java:generateSnapshotDiffReport(835)) - Started snap diff report generation for volume: 'volume89005', bucket: 'bucket86162', fromSnapshot: 's20230921-175002.080', toSnapshot: 's20230921-175003.334'
2023-09-21 17:50:03,371 [snapshot-diff-job-thread-id-1] INFO  snapshot.SnapshotCache (SnapshotCache.java:lambda$1(170)) - Loading snapshot. Table key: /volume89005/bucket86162/s20230921-175002.080
2023-09-21 17:50:03,375 [snapshot-diff-job-thread-id-1] INFO  snapshot.SnapshotCache (SnapshotCache.java:lambda$1(170)) - Loading snapshot. Table key: /volume89005/bucket86162/s20230921-175003.334
2023-09-21 17:50:03,375 [snapshot-diff-job-thread-id-1] WARN  server.ServerUtils (ServerUtils.java:getDBPath(311)) - ozone.om.db.dirs is not configured. We recommend adding this setting. Falling back to ozone.metadata.dirs instead.
2023-09-21 17:50:03,428 [OMDoubleBufferFlushThread] INFO  db.RDBCheckpointManager (RDBCheckpointManager.java:createCheckpoint(89)) - Created checkpoint in rocksDB at /home/runner/work/ozone/ozone/hadoop-ozone/integration-test/target/test-dir/MiniOzoneClusterImpl-ff0bea85-29d4-48e8-8c84-822e75daf04a/ozone-meta/db.snapshots/checkpointState/om.db-4c2bed3a-03a9-4fda-88a0-1a62e46a62a8 in 60 milliseconds
2023-09-21 17:50:03,430 [OMDoubleBufferFlushThread] INFO  db.RDBCheckpointUtils (RDBCheckpointUtils.java:waitForCheckpointDirectoryExist(60)) - Waited for 2 milliseconds for checkpoint directory /home/runner/work/ozone/ozone/hadoop-ozone/integration-test/target/test-dir/MiniOzoneClusterImpl-ff0bea85-29d4-48e8-8c84-822e75daf04a/ozone-meta/db.snapshots/checkpointState/om.db-4c2bed3a-03a9-4fda-88a0-1a62e46a62a8 availability.
2023-09-21 17:50:03,431 [OMDoubleBufferFlushThread] WARN  om.OmSnapshotManager (OmSnapshotManager.java:findEndKeyGivenPrefix(591)) - Took 281801 ns to find endKey. Caller is deleteKeysFromDelKeyTableInSnapshotScope
2023-09-21 17:50:03,433 [OMDoubleBufferFlushThread] WARN  om.OmSnapshotManager (OmSnapshotManager.java:findEndKeyGivenPrefix(591)) - Took 603503 ns to find endKey. Caller is deleteKeysFromDelDirTableInSnapshotScope
2023-09-21 17:50:03,433 [OMDoubleBufferFlushThread] INFO  om.OmSnapshotManager (OmSnapshotManager.java:createOmSnapshotCheckpoint(461)) - Created checkpoint : /home/runner/work/ozone/ozone/hadoop-ozone/integration-test/target/test-dir/MiniOzoneClusterImpl-ff0bea85-29d4-48e8-8c84-822e75daf04a/ozone-meta/db.snapshots/checkpointState/om.db-4c2bed3a-03a9-4fda-88a0-1a62e46a62a8 for snapshot s20230921-175003.334
2023-09-21 17:50:03,479 [snapshot-diff-job-thread-id-1] INFO  db.RDBCheckpointUtils (RDBCheckpointUtils.java:waitForCheckpointDirectoryExist(60)) - Waited for 103 milliseconds for checkpoint directory /home/runner/work/ozone/ozone/hadoop-ozone/integration-test/target/test-dir/MiniOzoneClusterImpl-ff0bea85-29d4-48e8-8c84-822e75daf04a/ozone-meta/db.snapshots/checkpointState/om.db-4c2bed3a-03a9-4fda-88a0-1a62e46a62a8 availability.
2023-09-21 17:50:03,481 [snapshot-diff-job-thread-id-1] INFO  helpers.OmKeyInfo (OmKeyInfo.java:getCodec(71)) - OmKeyInfo.getCodec ignorePipeline = true
2023-09-21 17:50:03,582 [snapshot-diff-job-thread-id-1] INFO  snapshot.SnapshotDiffManager (SnapshotDiffManager.java:generateDiffReport(1304)) - Starting diff report generation for jobId: 0b9df9ca-079e-4553-bf2c-5948dd70a482.
2023-09-21 17:50:04,426 [OM StateMachine ApplyTransaction Thread - 0] WARN  snapshot.OMSnapshotCreateRequest (OMSnapshotCreateRequest.java:estimateBucketDataSize(333)) - DefaultReplicationConfig is not correctly set in OmBucketInfo for volume 'volume89005' bucket 'bucket86162'. Falling back to config default 'RATIS/THREE'
2023-09-21 17:50:04,426 [OM StateMachine ApplyTransaction Thread - 0] INFO  snapshot.OMSnapshotCreateRequest (OMSnapshotCreateRequest.java:validateAndUpdateCache(215)) - Created snapshot: 'temp17444f36-9357-4ae8-90f0-427340e70b75s20230921-175004.390' with snapshotId: '765d1216-2477-4f72-bee3-24c3ca1b099b' under path 'volume89005/bucket86162'
2023-09-21 17:50:04,433 [IPC Server handler 0 on default port 15004] INFO  snapshot.SnapshotDiffManager (SnapshotDiffManager.java:submitSnapDiffJob(732)) - Submitting snap diff report generation request for volume: volume89005, bucket: bucket86162, fromSnapshot: s20230921-175003.334 and toSnapshot: temp17444f36-9357-4ae8-90f0-427340e70b75s20230921-175004.390
2023-09-21 17:50:04,440 [snapshot-diff-job-thread-id-2] INFO  snapshot.SnapshotDiffManager (SnapshotDiffManager.java:generateSnapshotDiffReport(835)) - Started snap diff report generation for volume: 'volume89005', bucket: 'bucket86162', fromSnapshot: 's20230921-175003.334', toSnapshot: 'temp17444f36-9357-4ae8-90f0-427340e70b75s20230921-175004.390'
2023-09-21 17:50:04,441 [snapshot-diff-job-thread-id-2] INFO  snapshot.SnapshotCache (SnapshotCache.java:lambda$1(170)) - Loading snapshot. Table key: /volume89005/bucket86162/s20230921-175003.334
2023-09-21 17:50:04,441 [snapshot-diff-job-thread-id-2] INFO  snapshot.SnapshotCache (SnapshotCache.java:lambda$1(170)) - Loading snapshot. Table key: /volume89005/bucket86162/temp17444f36-9357-4ae8-90f0-427340e70b75s20230921-175004.390
2023-09-21 17:50:04,441 [snapshot-diff-job-thread-id-2] WARN  server.ServerUtils (ServerUtils.java:getDBPath(311)) - ozone.om.db.dirs is not configured. We recommend adding this setting. Falling back to ozone.metadata.dirs instead.
2023-09-21 17:50:04,473 [OMDoubleBufferFlushThread] INFO  db.RDBCheckpointManager (RDBCheckpointManager.java:createCheckpoint(89)) - Created checkpoint in rocksDB at /home/runner/work/ozone/ozone/hadoop-ozone/integration-test/target/test-dir/MiniOzoneClusterImpl-ff0bea85-29d4-48e8-8c84-822e75daf04a/ozone-meta/db.snapshots/checkpointState/om.db-765d1216-2477-4f72-bee3-24c3ca1b099b in 44 milliseconds
2023-09-21 17:50:04,474 [OMDoubleBufferFlushThread] INFO  db.RDBCheckpointUtils (RDBCheckpointUtils.java:waitForCheckpointDirectoryExist(60)) - Waited for 1 milliseconds for checkpoint directory /home/runner/work/ozone/ozone/hadoop-ozone/integration-test/target/test-dir/MiniOzoneClusterImpl-ff0bea85-29d4-48e8-8c84-822e75daf04a/ozone-meta/db.snapshots/checkpointState/om.db-765d1216-2477-4f72-bee3-24c3ca1b099b availability.
2023-09-21 17:50:04,477 [Thread-884] INFO  rocksdiff.RocksDBCheckpointDiffer (RocksDBCheckpointDiffer.java:onCompactionCompleted(544)) - Skipped the compaction entry. Compaction input files: [/home/runner/work/ozone/ozone/hadoop-ozone/integration-test/target/test-dir/MiniOzoneClusterImpl-ff0bea85-29d4-48e8-8c84-822e75daf04a/ozone-meta/om.db/000086.sst, /home/runner/work/ozone/ozone/hadoop-ozone/integration-test/target/test-dir/MiniOzoneClusterImpl-ff0bea85-29d4-48e8-8c84-822e75daf04a/ozone-meta/om.db/000077.sst, /home/runner/work/ozone/ozone/hadoop-ozone/integration-test/target/test-dir/MiniOzoneClusterImpl-ff0bea85-29d4-48e8-8c84-822e75daf04a/ozone-meta/om.db/000069.sst, /home/runner/work/ozone/ozone/hadoop-ozone/integration-test/target/test-dir/MiniOzoneClusterImpl-ff0bea85-29d4-48e8-8c84-822e75daf04a/ozone-meta/om.db/000057.sst] and output files: [/home/runner/work/ozone/ozone/hadoop-ozone/integration-test/target/test-dir/MiniOzoneClusterImpl-ff0bea85-29d4-48e8-8c84-822e75daf04a/ozone-meta/om.db/000086.sst, /home/runner/work/ozone/ozone/hadoop-ozone/integration-test/target/test-dir/MiniOzoneClusterImpl-ff0bea85-29d4-48e8-8c84-822e75daf04a/ozone-meta/om.db/000077.sst, /home/runner/work/ozone/ozone/hadoop-ozone/integration-test/target/test-dir/MiniOzoneClusterImpl-ff0bea85-29d4-48e8-8c84-822e75daf04a/ozone-meta/om.db/000069.sst, /home/runner/work/ozone/ozone/hadoop-ozone/integration-test/target/test-dir/MiniOzoneClusterImpl-ff0bea85-29d4-48e8-8c84-822e75daf04a/ozone-meta/om.db/000057.sst] are same.
2023-09-21 17:50:04,479 [OMDoubleBufferFlushThread] WARN  om.OmSnapshotManager (OmSnapshotManager.java:findEndKeyGivenPrefix(591)) - Took 575402 ns to find endKey. Caller is deleteKeysFromDelDirTableInSnapshotScope
2023-09-21 17:50:04,483 [OMDoubleBufferFlushThread] INFO  om.OmSnapshotManager (OmSnapshotManager.java:createOmSnapshotCheckpoint(461)) - Created checkpoint : /home/runner/work/ozone/ozone/hadoop-ozone/integration-test/target/test-dir/MiniOzoneClusterImpl-ff0bea85-29d4-48e8-8c84-822e75daf04a/ozone-meta/db.snapshots/checkpointState/om.db-765d1216-2477-4f72-bee3-24c3ca1b099b for snapshot temp17444f36-9357-4ae8-90f0-427340e70b75s20230921-175004.390
2023-09-21 17:50:04,544 [snapshot-diff-job-thread-id-2] INFO  db.RDBCheckpointUtils (RDBCheckpointUtils.java:waitForCheckpointDirectoryExist(60)) - Waited for 102 milliseconds for checkpoint directory /home/runner/work/ozone/ozone/hadoop-ozone/integration-test/target/test-dir/MiniOzoneClusterImpl-ff0bea85-29d4-48e8-8c84-822e75daf04a/ozone-meta/db.snapshots/checkpointState/om.db-765d1216-2477-4f72-bee3-24c3ca1b099b availability.
2023-09-21 17:50:04,545 [snapshot-diff-job-thread-id-2] INFO  helpers.OmKeyInfo (OmKeyInfo.java:getCodec(71)) - OmKeyInfo.getCodec ignorePipeline = true
2023-09-21 17:50:04,649 [snapshot-diff-job-thread-id-2] INFO  snapshot.SnapshotDiffManager (SnapshotDiffManager.java:generateDiffReport(1304)) - Starting diff report generation for jobId: a78ea43b-f477-4149-b93d-42e810bfb2b3.
2023-09-21 17:50:05,452 [OM StateMachine ApplyTransaction Thread - 0] INFO  snapshot.OMSnapshotDeleteRequest (OMSnapshotDeleteRequest.java:validateAndUpdateCache(225)) - Deleted snapshot 'temp17444f36-9357-4ae8-90f0-427340e70b75s20230921-175004.390' under path 'volume89005/bucket86162'
2023-09-21 17:50:05,480 [OM StateMachine ApplyTransaction Thread - 0] WARN  snapshot.OMSnapshotCreateRequest (OMSnapshotCreateRequest.java:estimateBucketDataSize(333)) - DefaultReplicationConfig is not correctly set in OmBucketInfo for volume 'volume89005' bucket 'bucket86162'. Falling back to config default 'RATIS/THREE'
2023-09-21 17:50:05,481 [OM StateMachine ApplyTransaction Thread - 0] INFO  snapshot.OMSnapshotCreateRequest (OMSnapshotCreateRequest.java:validateAndUpdateCache(215)) - Created snapshot: 'temp20d87bda-3160-411b-bb5f-e612749feb33s20230921-175005.453' with snapshotId: 'f091717c-a6d0-46d1-ab9e-fe6135e7d2d8' under path 'volume89005/bucket86162'
2023-09-21 17:50:05,485 [IPC Server handler 8 on default port 15004] INFO  snapshot.SnapshotDiffManager (SnapshotDiffManager.java:submitSnapDiffJob(732)) - Submitting snap diff report generation request for volume: volume89005, bucket: bucket86162, fromSnapshot: temp20d87bda-3160-411b-bb5f-e612749feb33s20230921-175005.453 and toSnapshot: s20230921-175003.334
2023-09-21 17:50:05,488 [snapshot-diff-job-thread-id-3] INFO  snapshot.SnapshotDiffManager (SnapshotDiffManager.java:generateSnapshotDiffReport(835)) - Started snap diff report generation for volume: 'volume89005', bucket: 'bucket86162', fromSnapshot: 'temp20d87bda-3160-411b-bb5f-e612749feb33s20230921-175005.453', toSnapshot: 's20230921-175003.334'
2023-09-21 17:50:05,488 [snapshot-diff-job-thread-id-3] INFO  snapshot.SnapshotCache (SnapshotCache.java:lambda$1(170)) - Loading snapshot. Table key: /volume89005/bucket86162/temp20d87bda-3160-411b-bb5f-e612749feb33s20230921-175005.453
2023-09-21 17:50:05,488 [snapshot-diff-job-thread-id-3] WARN  server.ServerUtils (ServerUtils.java:getDBPath(311)) - ozone.om.db.dirs is not configured. We recommend adding this setting. Falling back to ozone.metadata.dirs instead.
2023-09-21 17:50:05,503 [Thread-949] INFO  rocksdiff.RocksDBCheckpointDiffer (RocksDBCheckpointDiffer.java:onCompactionCompleted(544)) - Skipped the compaction entry. Compaction input files: [/home/runner/work/ozone/ozone/hadoop-ozone/integration-test/target/test-dir/MiniOzoneClusterImpl-ff0bea85-29d4-48e8-8c84-822e75daf04a/ozone-meta/om.db/000068.sst] and output files: [/home/runner/work/ozone/ozone/hadoop-ozone/integration-test/target/test-dir/MiniOzoneClusterImpl-ff0bea85-29d4-48e8-8c84-822e75daf04a/ozone-meta/om.db/000068.sst] are same.
2023-09-21 17:50:05,512 [Thread-974] INFO  rocksdiff.RocksDBCheckpointDiffer (RocksDBCheckpointDiffer.java:onCompactionCompleted(544)) - Skipped the compaction entry. Compaction input files: [/home/runner/work/ozone/ozone/hadoop-ozone/integration-test/target/test-dir/MiniOzoneClusterImpl-ff0bea85-29d4-48e8-8c84-822e75daf04a/ozone-meta/om.db/000071.sst] and output files: [/home/runner/work/ozone/ozone/hadoop-ozone/integration-test/target/test-dir/MiniOzoneClusterImpl-ff0bea85-29d4-48e8-8c84-822e75daf04a/ozone-meta/om.db/000071.sst] are same.
2023-09-21 17:50:05,514 [OMDoubleBufferFlushThread] INFO  db.RDBCheckpointManager (RDBCheckpointManager.java:createCheckpoint(89)) - Created checkpoint in rocksDB at /home/runner/work/ozone/ozone/hadoop-ozone/integration-test/target/test-dir/MiniOzoneClusterImpl-ff0bea85-29d4-48e8-8c84-822e75daf04a/ozone-meta/db.snapshots/checkpointState/om.db-f091717c-a6d0-46d1-ab9e-fe6135e7d2d8 in 31 milliseconds
2023-09-21 17:50:05,521 [OMDoubleBufferFlushThread] INFO  db.RDBCheckpointUtils (RDBCheckpointUtils.java:waitForCheckpointDirectoryExist(60)) - Waited for 7 milliseconds for checkpoint directory /home/runner/work/ozone/ozone/hadoop-ozone/integration-test/target/test-dir/MiniOzoneClusterImpl-ff0bea85-29d4-48e8-8c84-822e75daf04a/ozone-meta/db.snapshots/checkpointState/om.db-f091717c-a6d0-46d1-ab9e-fe6135e7d2d8 availability.
2023-09-21 17:50:05,523 [OMDoubleBufferFlushThread] WARN  om.OmSnapshotManager (OmSnapshotManager.java:findEndKeyGivenPrefix(591)) - Took 434802 ns to find endKey. Caller is deleteKeysFromDelDirTableInSnapshotScope
2023-09-21 17:50:05,524 [OMDoubleBufferFlushThread] INFO  om.OmSnapshotManager (OmSnapshotManager.java:createOmSnapshotCheckpoint(461)) - Created checkpoint : /home/runner/work/ozone/ozone/hadoop-ozone/integration-test/target/test-dir/MiniOzoneClusterImpl-ff0bea85-29d4-48e8-8c84-822e75daf04a/ozone-meta/db.snapshots/checkpointState/om.db-f091717c-a6d0-46d1-ab9e-fe6135e7d2d8 for snapshot temp20d87bda-3160-411b-bb5f-e612749feb33s20230921-175005.453
2023-09-21 17:50:05,599 [snapshot-diff-job-thread-id-3] INFO  db.RDBCheckpointUtils (RDBCheckpointUtils.java:waitForCheckpointDirectoryExist(60)) - Waited for 110 milliseconds for checkpoint directory /home/runner/work/ozone/ozone/hadoop-ozone/integration-test/target/test-dir/MiniOzoneClusterImpl-ff0bea85-29d4-48e8-8c84-822e75daf04a/ozone-meta/db.snapshots/checkpointState/om.db-f091717c-a6d0-46d1-ab9e-fe6135e7d2d8 availability.
2023-09-21 17:50:05,600 [snapshot-diff-job-thread-id-3] INFO  helpers.OmKeyInfo (OmKeyInfo.java:getCodec(71)) - OmKeyInfo.getCodec ignorePipeline = true
2023-09-21 17:50:05,655 [snapshot-diff-job-thread-id-3] INFO  snapshot.SnapshotCache (SnapshotCache.java:lambda$1(170)) - Loading snapshot. Table key: /volume89005/bucket86162/s20230921-175003.334
2023-09-21 17:50:05,690 [snapshot-diff-job-thread-id-3] INFO  snapshot.SnapshotDiffManager (SnapshotDiffManager.java:generateDiffReport(1304)) - Starting diff report generation for jobId: 4efa8d0a-638a-4c4d-9e98-97faf3b4b76f.
2023-09-21 17:50:06,500 [OM StateMachine ApplyTransaction Thread - 0] INFO  snapshot.OMSnapshotDeleteRequest (OMSnapshotDeleteRequest.java:validateAndUpdateCache(225)) - Deleted snapshot 'temp20d87bda-3160-411b-bb5f-e612749feb33s20230921-175005.453' under path 'volume89005/bucket86162'
2023-09-21 17:50:06,529 [OM StateMachine ApplyTransaction Thread - 0] WARN  snapshot.OMSnapshotCreateRequest (OMSnapshotCreateRequest.java:estimateBucketDataSize(333)) - DefaultReplicationConfig is not correctly set in OmBucketInfo for volume 'volume89005' bucket 'bucket86162'. Falling back to config default 'RATIS/THREE'
2023-09-21 17:50:06,534 [OM StateMachine ApplyTransaction Thread - 0] INFO  snapshot.OMSnapshotCreateRequest (OMSnapshotCreateRequest.java:validateAndUpdateCache(215)) - Created snapshot: 'temp97b5b567-3121-4d1a-95fd-60156cf6a00bs20230921-175006.501' with snapshotId: '117a7042-eedf-47ba-ac6f-3304b6d6b8f2' under path 'volume89005/bucket86162'
2023-09-21 17:50:06,557 [Thread-1008] INFO  rocksdiff.RocksDBCheckpointDiffer (RocksDBCheckpointDiffer.java:onCompactionCompleted(544)) - Skipped the compaction entry. Compaction input files: [/home/runner/work/ozone/ozone/hadoop-ozone/integration-test/target/test-dir/MiniOzoneClusterImpl-ff0bea85-29d4-48e8-8c84-822e75daf04a/ozone-meta/om.db/000076.sst, /home/runner/work/ozone/ozone/hadoop-ozone/integration-test/target/test-dir/MiniOzoneClusterImpl-ff0bea85-29d4-48e8-8c84-822e75daf04a/ozone-meta/om.db/000085.sst, /home/runner/work/ozone/ozone/hadoop-ozone/integration-test/target/test-dir/MiniOzoneClusterImpl-ff0bea85-29d4-48e8-8c84-822e75daf04a/ozone-meta/om.db/000094.sst, /home/runner/work/ozone/ozone/hadoop-ozone/integration-test/target/test-dir/MiniOzoneClusterImpl-ff0bea85-29d4-48e8-8c84-822e75daf04a/ozone-meta/om.db/000099.sst] and output files: [/home/runner/work/ozone/ozone/hadoop-ozone/integration-test/target/test-dir/MiniOzoneClusterImpl-ff0bea85-29d4-48e8-8c84-822e75daf04a/ozone-meta/om.db/000076.sst, /home/runner/work/ozone/ozone/hadoop-ozone/integration-test/target/test-dir/MiniOzoneClusterImpl-ff0bea85-29d4-48e8-8c84-822e75daf04a/ozone-meta/om.db/000085.sst, /home/runner/work/ozone/ozone/hadoop-ozone/integration-test/target/test-dir/MiniOzoneClusterImpl-ff0bea85-29d4-48e8-8c84-822e75daf04a/ozone-meta/om.db/000094.sst, /home/runner/work/ozone/ozone/hadoop-ozone/integration-test/target/test-dir/MiniOzoneClusterImpl-ff0bea85-29d4-48e8-8c84-822e75daf04a/ozone-meta/om.db/000099.sst] are same.
2023-09-21 17:50:06,562 [OM StateMachine ApplyTransaction Thread - 0] WARN  snapshot.OMSnapshotCreateRequest (OMSnapshotCreateRequest.java:estimateBucketDataSize(333)) - DefaultReplicationConfig is not correctly set in OmBucketInfo for volume 'volume89005' bucket 'bucket86162'. Falling back to config default 'RATIS/THREE'
2023-09-21 17:50:06,563 [OM StateMachine ApplyTransaction Thread - 0] INFO  snapshot.OMSnapshotCreateRequest (OMSnapshotCreateRequest.java:validateAndUpdateCache(215)) - Created snapshot: 'tempdbf2dd10-647a-44fc-9bd8-ff785941d6a9s20230921-175006.536' with snapshotId: 'dfb0e977-9afe-4748-801d-361bda39be3b' under path 'volume89005/bucket86162'
2023-09-21 17:50:06,564 [OMDoubleBufferFlushThread] INFO  db.RDBCheckpointManager (RDBCheckpointManager.java:createCheckpoint(89)) - Created checkpoint in rocksDB at /home/runner/work/ozone/ozone/hadoop-ozone/integration-test/target/test-dir/MiniOzoneClusterImpl-ff0bea85-29d4-48e8-8c84-822e75daf04a/ozone-meta/db.snapshots/checkpointState/om.db-117a7042-eedf-47ba-ac6f-3304b6d6b8f2 in 21 milliseconds
2023-09-21 17:50:06,566 [OMDoubleBufferFlushThread] INFO  db.RDBCheckpointUtils (RDBCheckpointUtils.java:waitForCheckpointDirectoryExist(60)) - Waited for 1 milliseconds for checkpoint directory /home/runner/work/ozone/ozone/hadoop-ozone/integration-test/target/test-dir/MiniOzoneClusterImpl-ff0bea85-29d4-48e8-8c84-822e75daf04a/ozone-meta/db.snapshots/checkpointState/om.db-117a7042-eedf-47ba-ac6f-3304b6d6b8f2 availability.
2023-09-21 17:50:06,569 [IPC Server handler 10 on default port 15004] INFO  snapshot.SnapshotDiffManager (SnapshotDiffManager.java:submitSnapDiffJob(732)) - Submitting snap diff report generation request for volume: volume89005, bucket: bucket86162, fromSnapshot: tempdbf2dd10-647a-44fc-9bd8-ff785941d6a9s20230921-175006.536 and toSnapshot: temp97b5b567-3121-4d1a-95fd-60156cf6a00bs20230921-175006.501
2023-09-21 17:50:06,573 [OMDoubleBufferFlushThread] WARN  om.OmSnapshotManager (OmSnapshotManager.java:findEndKeyGivenPrefix(591)) - Took 425402 ns to find endKey. Caller is deleteKeysFromDelDirTableInSnapshotScope
2023-09-21 17:50:06,574 [OMDoubleBufferFlushThread] INFO  om.OmSnapshotManager (OmSnapshotManager.java:createOmSnapshotCheckpoint(461)) - Created checkpoint : /home/runner/work/ozone/ozone/hadoop-ozone/integration-test/target/test-dir/MiniOzoneClusterImpl-ff0bea85-29d4-48e8-8c84-822e75daf04a/ozone-meta/db.snapshots/checkpointState/om.db-117a7042-eedf-47ba-ac6f-3304b6d6b8f2 for snapshot temp97b5b567-3121-4d1a-95fd-60156cf6a00bs20230921-175006.501
2023-09-21 17:50:06,576 [snapshot-diff-job-thread-id-4] INFO  snapshot.SnapshotDiffManager (SnapshotDiffManager.java:generateSnapshotDiffReport(835)) - Started snap diff report generation for volume: 'volume89005', bucket: 'bucket86162', fromSnapshot: 'tempdbf2dd10-647a-44fc-9bd8-ff785941d6a9s20230921-175006.536', toSnapshot: 'temp97b5b567-3121-4d1a-95fd-60156cf6a00bs20230921-175006.501'
2023-09-21 17:50:06,576 [snapshot-diff-job-thread-id-4] INFO  snapshot.SnapshotCache (SnapshotCache.java:lambda$1(170)) - Loading snapshot. Table key: /volume89005/bucket86162/tempdbf2dd10-647a-44fc-9bd8-ff785941d6a9s20230921-175006.536
2023-09-21 17:50:06,576 [snapshot-diff-job-thread-id-4] WARN  server.ServerUtils (ServerUtils.java:getDBPath(311)) - ozone.om.db.dirs is not configured. We recommend adding this setting. Falling back to ozone.metadata.dirs instead.
2023-09-21 17:50:06,601 [OMDoubleBufferFlushThread] INFO  db.RDBCheckpointManager (RDBCheckpointManager.java:createCheckpoint(89)) - Created checkpoint in rocksDB at /home/runner/work/ozone/ozone/hadoop-ozone/integration-test/target/test-dir/MiniOzoneClusterImpl-ff0bea85-29d4-48e8-8c84-822e75daf04a/ozone-meta/db.snapshots/checkpointState/om.db-dfb0e977-9afe-4748-801d-361bda39be3b in 17 milliseconds
2023-09-21 17:50:06,609 [OMDoubleBufferFlushThread] INFO  db.RDBCheckpointUtils (RDBCheckpointUtils.java:waitForCheckpointDirectoryExist(60)) - Waited for 7 milliseconds for checkpoint directory /home/runner/work/ozone/ozone/hadoop-ozone/integration-test/target/test-dir/MiniOzoneClusterImpl-ff0bea85-29d4-48e8-8c84-822e75daf04a/ozone-meta/db.snapshots/checkpointState/om.db-dfb0e977-9afe-4748-801d-361bda39be3b availability.
2023-09-21 17:50:06,611 [OMDoubleBufferFlushThread] WARN  om.OmSnapshotManager (OmSnapshotManager.java:findEndKeyGivenPrefix(591)) - Took 342802 ns to find endKey. Caller is deleteKeysFromDelDirTableInSnapshotScope
2023-09-21 17:50:06,612 [OMDoubleBufferFlushThread] INFO  om.OmSnapshotManager (OmSnapshotManager.java:createOmSnapshotCheckpoint(461)) - Created checkpoint : /home/runner/work/ozone/ozone/hadoop-ozone/integration-test/target/test-dir/MiniOzoneClusterImpl-ff0bea85-29d4-48e8-8c84-822e75daf04a/ozone-meta/db.snapshots/checkpointState/om.db-dfb0e977-9afe-4748-801d-361bda39be3b for snapshot tempdbf2dd10-647a-44fc-9bd8-ff785941d6a9s20230921-175006.536
2023-09-21 17:50:06,612 [OMDoubleBufferFlushThread] WARN  rocksdiff.RocksDBCheckpointDiffer (RocksDBCheckpointDiffer.java:setCurrentCompactionLog(326)) - Compaction log exists: /home/runner/work/ozone/ozone/hadoop-ozone/integration-test/target/test-dir/MiniOzoneClusterImpl-ff0bea85-29d4-48e8-8c84-822e75daf04a/ozone-meta/db.snapshots/diffState/compaction-log/0000000000000015539.log. Will append
2023-09-21 17:50:06,683 [snapshot-diff-job-thread-id-4] INFO  db.RDBCheckpointUtils (RDBCheckpointUtils.java:waitForCheckpointDirectoryExist(60)) - Waited for 106 milliseconds for checkpoint directory /home/runner/work/ozone/ozone/hadoop-ozone/integration-test/target/test-dir/MiniOzoneClusterImpl-ff0bea85-29d4-48e8-8c84-822e75daf04a/ozone-meta/db.snapshots/checkpointState/om.db-dfb0e977-9afe-4748-801d-361bda39be3b availability.
2023-09-21 17:50:06,684 [snapshot-diff-job-thread-id-4] INFO  helpers.OmKeyInfo (OmKeyInfo.java:getCodec(71)) - OmKeyInfo.getCodec ignorePipeline = true
2023-09-21 17:50:06,725 [snapshot-diff-job-thread-id-4] INFO  snapshot.SnapshotCache (SnapshotCache.java:lambda$1(170)) - Loading snapshot. Table key: /volume89005/bucket86162/temp97b5b567-3121-4d1a-95fd-60156cf6a00bs20230921-175006.501
2023-09-21 17:50:06,725 [snapshot-diff-job-thread-id-4] WARN  server.ServerUtils (ServerUtils.java:getDBPath(311)) - ozone.om.db.dirs is not configured. We recommend adding this setting. Falling back to ozone.metadata.dirs instead.
2023-09-21 17:50:06,725 [snapshot-diff-job-thread-id-4] INFO  helpers.OmKeyInfo (OmKeyInfo.java:getCodec(71)) - OmKeyInfo.getCodec ignorePipeline = true
2023-09-21 17:50:06,788 [snapshot-diff-job-thread-id-4] WARN  snapshot.SnapshotDiffManager (SnapshotDiffManager.java:getDeltaFiles(1228)) - RocksDBCheckpointDiffer is not available, falling back to slow path
2023-09-21 17:50:06,798 [snapshot-diff-job-thread-id-4] WARN  snapshot.SnapshotDiffManager (SnapshotDiffManager.java:getDeltaFiles(1228)) - RocksDBCheckpointDiffer is not available, falling back to slow path
2023-09-21 17:50:06,801 [snapshot-diff-job-thread-id-4] INFO  snapshot.SnapshotDiffManager (SnapshotDiffManager.java:generateDiffReport(1304)) - Starting diff report generation for jobId: 553dd6c7-bc7c-42b4-a4eb-8f8a0be322fd.
2023-09-21 17:50:07,588 [OM StateMachine ApplyTransaction Thread - 0] INFO  snapshot.OMSnapshotDeleteRequest (OMSnapshotDeleteRequest.java:validateAndUpdateCache(225)) - Deleted snapshot 'temp97b5b567-3121-4d1a-95fd-60156cf6a00bs20230921-175006.501' under path 'volume89005/bucket86162'
2023-09-21 17:50:07,590 [OM StateMachine ApplyTransaction Thread - 0] INFO  snapshot.OMSnapshotDeleteRequest (OMSnapshotDeleteRequest.java:validateAndUpdateCache(225)) - Deleted snapshot 'tempdbf2dd10-647a-44fc-9bd8-ff785941d6a9s20230921-175006.536' under path 'volume89005/bucket86162'
]]></system-out>
  </testcase>
  <testcase name="testSnapshotDiff" classname="TestRootedOzoneFileSystemWithFSO" time="5.856">
    <system-out><![CDATA[2023-09-21 17:51:48,714 [Time-limited test] INFO  rpc.RpcClient (RpcClient.java:createVolume(461)) - Creating Volume: volume96664, with user17037 as owner and space quota set to -1 bytes, counts quota set to -1
2023-09-21 17:51:48,715 [IPC Server handler 16 on default port 15057] INFO  volume.OMVolumeCreateRequest (OMVolumeCreateRequest.java:validateAndUpdateCache(196)) - created volume:volume96664 for user:user17037
2023-09-21 17:51:48,716 [Time-limited test] INFO  rpc.RpcClient (RpcClient.java:createBucket(688)) - Creating Bucket: volume96664/bucket88265, with bucket layout FILE_SYSTEM_OPTIMIZED, runner as owner, Versioning false, Storage Type set to DISK and Encryption set to false, Replication Type set to server-side default replication type, Namespace Quota set to -1, Space Quota set to -1 
2023-09-21 17:51:48,717 [IPC Server handler 18 on default port 15057] INFO  bucket.OMBucketCreateRequest (OMBucketCreateRequest.java:validateAndUpdateCache(270)) - created bucket: bucket88265 of layout FILE_SYSTEM_OPTIMIZED in volume: volume96664
2023-09-21 17:51:48,738 [Time-limited test] INFO  rpc.RpcClient (RpcClient.java:createVolume(461)) - Creating Volume: volume70622, with user70316 as owner and space quota set to -1 bytes, counts quota set to -1
2023-09-21 17:51:48,738 [IPC Server handler 13 on default port 15057] INFO  volume.OMVolumeCreateRequest (OMVolumeCreateRequest.java:validateAndUpdateCache(196)) - created volume:volume70622 for user:user70316
2023-09-21 17:51:48,740 [Time-limited test] INFO  rpc.RpcClient (RpcClient.java:createBucket(688)) - Creating Bucket: volume70622/bucket46368, with bucket layout FILE_SYSTEM_OPTIMIZED, runner as owner, Versioning false, Storage Type set to DISK and Encryption set to false, Replication Type set to server-side default replication type, Namespace Quota set to -1, Space Quota set to -1 
2023-09-21 17:51:48,743 [IPC Server handler 0 on default port 15057] INFO  bucket.OMBucketCreateRequest (OMBucketCreateRequest.java:validateAndUpdateCache(270)) - created bucket: bucket46368 of layout FILE_SYSTEM_OPTIMIZED in volume: volume70622
2023-09-21 17:51:48,769 [IPC Server handler 6 on default port 15057] WARN  snapshot.OMSnapshotCreateRequest (OMSnapshotCreateRequest.java:estimateBucketDataSize(333)) - DefaultReplicationConfig is not correctly set in OmBucketInfo for volume 'volume70622' bucket 'bucket46368'. Falling back to config default 'RATIS/THREE'
2023-09-21 17:51:48,771 [IPC Server handler 6 on default port 15057] INFO  snapshot.OMSnapshotCreateRequest (OMSnapshotCreateRequest.java:validateAndUpdateCache(215)) - Created snapshot: 's20230921-175148.744' with snapshotId: '30e1960c-1c6d-48ca-894a-9a63a4b2ff83' under path 'volume70622/bucket46368'
2023-09-21 17:51:48,835 [OMDoubleBufferFlushThread] INFO  db.RDBCheckpointManager (RDBCheckpointManager.java:createCheckpoint(89)) - Created checkpoint in rocksDB at /home/runner/work/ozone/ozone/hadoop-ozone/integration-test/target/test-dir/MiniOzoneClusterImpl-04a8daa2-1161-4e20-9dee-837792427303/ozone-meta/db.snapshots/checkpointState/om.db-30e1960c-1c6d-48ca-894a-9a63a4b2ff83 in 57 milliseconds
2023-09-21 17:51:48,836 [OMDoubleBufferFlushThread] INFO  db.RDBCheckpointUtils (RDBCheckpointUtils.java:waitForCheckpointDirectoryExist(60)) - Waited for 1 milliseconds for checkpoint directory /home/runner/work/ozone/ozone/hadoop-ozone/integration-test/target/test-dir/MiniOzoneClusterImpl-04a8daa2-1161-4e20-9dee-837792427303/ozone-meta/db.snapshots/checkpointState/om.db-30e1960c-1c6d-48ca-894a-9a63a4b2ff83 availability.
2023-09-21 17:51:48,837 [OMDoubleBufferFlushThread] INFO  om.OmSnapshotManager (OmSnapshotManager.java:createOmSnapshotCheckpoint(461)) - Created checkpoint : /home/runner/work/ozone/ozone/hadoop-ozone/integration-test/target/test-dir/MiniOzoneClusterImpl-04a8daa2-1161-4e20-9dee-837792427303/ozone-meta/db.snapshots/checkpointState/om.db-30e1960c-1c6d-48ca-894a-9a63a4b2ff83 for snapshot s20230921-175148.744
2023-09-21 17:51:48,874 [IPC Server handler 19 on default port 15057] WARN  snapshot.OMSnapshotCreateRequest (OMSnapshotCreateRequest.java:estimateBucketDataSize(333)) - DefaultReplicationConfig is not correctly set in OmBucketInfo for volume 'volume70622' bucket 'bucket46368'. Falling back to config default 'RATIS/THREE'
2023-09-21 17:51:48,876 [IPC Server handler 19 on default port 15057] INFO  snapshot.OMSnapshotCreateRequest (OMSnapshotCreateRequest.java:validateAndUpdateCache(215)) - Created snapshot: 's20230921-175148.853' with snapshotId: '56f2ba99-aca3-456b-8659-24d0d20f7714' under path 'volume70622/bucket46368'
2023-09-21 17:51:48,910 [OMDoubleBufferFlushThread] INFO  db.RDBCheckpointManager (RDBCheckpointManager.java:createCheckpoint(89)) - Created checkpoint in rocksDB at /home/runner/work/ozone/ozone/hadoop-ozone/integration-test/target/test-dir/MiniOzoneClusterImpl-04a8daa2-1161-4e20-9dee-837792427303/ozone-meta/db.snapshots/checkpointState/om.db-56f2ba99-aca3-456b-8659-24d0d20f7714 in 30 milliseconds
2023-09-21 17:51:48,912 [OMDoubleBufferFlushThread] INFO  db.RDBCheckpointUtils (RDBCheckpointUtils.java:waitForCheckpointDirectoryExist(60)) - Waited for 1 milliseconds for checkpoint directory /home/runner/work/ozone/ozone/hadoop-ozone/integration-test/target/test-dir/MiniOzoneClusterImpl-04a8daa2-1161-4e20-9dee-837792427303/ozone-meta/db.snapshots/checkpointState/om.db-56f2ba99-aca3-456b-8659-24d0d20f7714 availability.
2023-09-21 17:51:48,913 [OMDoubleBufferFlushThread] INFO  om.OmSnapshotManager (OmSnapshotManager.java:createOmSnapshotCheckpoint(461)) - Created checkpoint : /home/runner/work/ozone/ozone/hadoop-ozone/integration-test/target/test-dir/MiniOzoneClusterImpl-04a8daa2-1161-4e20-9dee-837792427303/ozone-meta/db.snapshots/checkpointState/om.db-56f2ba99-aca3-456b-8659-24d0d20f7714 for snapshot s20230921-175148.853
2023-09-21 17:51:48,920 [IPC Server handler 12 on default port 15057] INFO  snapshot.SnapshotDiffManager (SnapshotDiffManager.java:submitSnapDiffJob(732)) - Submitting snap diff report generation request for volume: volume70622, bucket: bucket46368, fromSnapshot: s20230921-175148.744 and toSnapshot: s20230921-175148.853
2023-09-21 17:51:48,921 [snapshot-diff-job-thread-id-0] INFO  snapshot.SnapshotDiffManager (SnapshotDiffManager.java:generateSnapshotDiffReport(835)) - Started snap diff report generation for volume: 'volume70622', bucket: 'bucket46368', fromSnapshot: 's20230921-175148.744', toSnapshot: 's20230921-175148.853'
2023-09-21 17:51:48,925 [snapshot-diff-job-thread-id-0] INFO  snapshot.SnapshotCache (SnapshotCache.java:lambda$1(170)) - Loading snapshot. Table key: /volume70622/bucket46368/s20230921-175148.744
2023-09-21 17:51:48,925 [snapshot-diff-job-thread-id-0] WARN  server.ServerUtils (ServerUtils.java:getDBPath(311)) - ozone.om.db.dirs is not configured. We recommend adding this setting. Falling back to ozone.metadata.dirs instead.
2023-09-21 17:51:48,925 [snapshot-diff-job-thread-id-0] INFO  helpers.OmKeyInfo (OmKeyInfo.java:getCodec(71)) - OmKeyInfo.getCodec ignorePipeline = true
2023-09-21 17:51:48,979 [snapshot-diff-job-thread-id-0] INFO  snapshot.SnapshotCache (SnapshotCache.java:lambda$1(170)) - Loading snapshot. Table key: /volume70622/bucket46368/s20230921-175148.853
2023-09-21 17:51:48,979 [snapshot-diff-job-thread-id-0] WARN  server.ServerUtils (ServerUtils.java:getDBPath(311)) - ozone.om.db.dirs is not configured. We recommend adding this setting. Falling back to ozone.metadata.dirs instead.
2023-09-21 17:51:48,980 [snapshot-diff-job-thread-id-0] INFO  helpers.OmKeyInfo (OmKeyInfo.java:getCodec(71)) - OmKeyInfo.getCodec ignorePipeline = true
2023-09-21 17:51:49,069 [snapshot-diff-job-thread-id-0] INFO  snapshot.SnapshotDiffManager (SnapshotDiffManager.java:generateDiffReport(1304)) - Starting diff report generation for jobId: 9a038054-e2df-4cfb-ba5c-f13688a5a076.
2023-09-21 17:51:50,218 [IPC Server handler 6 on default port 15057] WARN  snapshot.OMSnapshotCreateRequest (OMSnapshotCreateRequest.java:estimateBucketDataSize(333)) - DefaultReplicationConfig is not correctly set in OmBucketInfo for volume 'volume70622' bucket 'bucket46368'. Falling back to config default 'RATIS/THREE'
2023-09-21 17:51:50,219 [JvmPauseMonitor13] WARN  util.JvmPauseMonitor (JvmPauseMonitor.java:detectPause(124)) - JvmPauseMonitor-c526289d-5cad-4097-8195-61ffa3487ef7: Detected pause in JVM or host machine approximately 0.132s with 0.224s GC time.
GC pool 'PS Scavenge' had collection(s): count=1 time=224ms
2023-09-21 17:51:50,219 [JvmPauseMonitor9] WARN  util.JvmPauseMonitor (JvmPauseMonitor.java:detectPause(124)) - JvmPauseMonitor-21cefe31-b447-4cde-b371-f0af1d83a0ae: Detected pause in JVM or host machine approximately 0.132s with 0.224s GC time.
GC pool 'PS Scavenge' had collection(s): count=1 time=224ms
2023-09-21 17:51:50,218 [JvmPauseMonitor8] WARN  util.JvmPauseMonitor (JvmPauseMonitor.java:detectPause(124)) - JvmPauseMonitor-8212fa36-dc71-4533-954d-f399acfc54f3: Detected pause in JVM or host machine approximately 0.107s with 0.224s GC time.
GC pool 'PS Scavenge' had collection(s): count=1 time=224ms
2023-09-21 17:51:50,218 [JvmPauseMonitor7] WARN  util.JvmPauseMonitor (JvmPauseMonitor.java:detectPause(124)) - JvmPauseMonitor-b54c2613-ed14-4636-8d8e-6a54245a0eb7: Detected pause in JVM or host machine approximately 0.103s with 0.224s GC time.
GC pool 'PS Scavenge' had collection(s): count=1 time=224ms
2023-09-21 17:51:50,222 [JvmPauseMonitor10] WARN  util.JvmPauseMonitor (JvmPauseMonitor.java:detectPause(124)) - JvmPauseMonitor-37083bac-0b78-4ab7-8270-b85e08b802dc: Detected pause in JVM or host machine approximately 0.227s with 0.224s GC time.
GC pool 'PS Scavenge' had collection(s): count=1 time=224ms
2023-09-21 17:51:50,223 [JvmPauseMonitor11] WARN  util.JvmPauseMonitor (JvmPauseMonitor.java:detectPause(124)) - JvmPauseMonitor-4cdc299f-4834-4fa6-8ba2-191990d4ad82: Detected pause in JVM or host machine approximately 0.234s with 0.224s GC time.
GC pool 'PS Scavenge' had collection(s): count=1 time=224ms
2023-09-21 17:51:50,223 [IPC Server handler 6 on default port 15057] INFO  snapshot.OMSnapshotCreateRequest (OMSnapshotCreateRequest.java:validateAndUpdateCache(215)) - Created snapshot: 's20230921-175149.973' with snapshotId: '09cde9f8-b256-43d1-ad4b-983158e007e1' under path 'volume70622/bucket46368'
2023-09-21 17:51:50,261 [OMDoubleBufferFlushThread] INFO  db.RDBCheckpointManager (RDBCheckpointManager.java:createCheckpoint(89)) - Created checkpoint in rocksDB at /home/runner/work/ozone/ozone/hadoop-ozone/integration-test/target/test-dir/MiniOzoneClusterImpl-04a8daa2-1161-4e20-9dee-837792427303/ozone-meta/db.snapshots/checkpointState/om.db-09cde9f8-b256-43d1-ad4b-983158e007e1 in 34 milliseconds
2023-09-21 17:51:50,262 [OMDoubleBufferFlushThread] INFO  db.RDBCheckpointUtils (RDBCheckpointUtils.java:waitForCheckpointDirectoryExist(60)) - Waited for 1 milliseconds for checkpoint directory /home/runner/work/ozone/ozone/hadoop-ozone/integration-test/target/test-dir/MiniOzoneClusterImpl-04a8daa2-1161-4e20-9dee-837792427303/ozone-meta/db.snapshots/checkpointState/om.db-09cde9f8-b256-43d1-ad4b-983158e007e1 availability.
2023-09-21 17:51:50,263 [OMDoubleBufferFlushThread] WARN  om.OmSnapshotManager (OmSnapshotManager.java:findEndKeyGivenPrefix(591)) - Took 480802 ns to find endKey. Caller is deleteKeysFromDelKeyTableInSnapshotScope
2023-09-21 17:51:50,264 [OMDoubleBufferFlushThread] INFO  om.OmSnapshotManager (OmSnapshotManager.java:createOmSnapshotCheckpoint(461)) - Created checkpoint : /home/runner/work/ozone/ozone/hadoop-ozone/integration-test/target/test-dir/MiniOzoneClusterImpl-04a8daa2-1161-4e20-9dee-837792427303/ozone-meta/db.snapshots/checkpointState/om.db-09cde9f8-b256-43d1-ad4b-983158e007e1 for snapshot s20230921-175149.973
2023-09-21 17:51:50,268 [IPC Server handler 2 on default port 15057] INFO  snapshot.SnapshotDiffManager (SnapshotDiffManager.java:submitSnapDiffJob(732)) - Submitting snap diff report generation request for volume: volume70622, bucket: bucket46368, fromSnapshot: s20230921-175148.853 and toSnapshot: s20230921-175149.973
2023-09-21 17:51:50,270 [snapshot-diff-job-thread-id-1] INFO  snapshot.SnapshotDiffManager (SnapshotDiffManager.java:generateSnapshotDiffReport(835)) - Started snap diff report generation for volume: 'volume70622', bucket: 'bucket46368', fromSnapshot: 's20230921-175148.853', toSnapshot: 's20230921-175149.973'
2023-09-21 17:51:50,270 [snapshot-diff-job-thread-id-1] INFO  snapshot.SnapshotCache (SnapshotCache.java:lambda$1(170)) - Loading snapshot. Table key: /volume70622/bucket46368/s20230921-175148.853
2023-09-21 17:51:50,272 [snapshot-diff-job-thread-id-1] INFO  snapshot.SnapshotCache (SnapshotCache.java:lambda$1(170)) - Loading snapshot. Table key: /volume70622/bucket46368/s20230921-175149.973
2023-09-21 17:51:50,272 [snapshot-diff-job-thread-id-1] WARN  server.ServerUtils (ServerUtils.java:getDBPath(311)) - ozone.om.db.dirs is not configured. We recommend adding this setting. Falling back to ozone.metadata.dirs instead.
2023-09-21 17:51:50,273 [snapshot-diff-job-thread-id-1] INFO  helpers.OmKeyInfo (OmKeyInfo.java:getCodec(71)) - OmKeyInfo.getCodec ignorePipeline = true
2023-09-21 17:51:50,354 [snapshot-diff-job-thread-id-1] INFO  snapshot.SnapshotDiffManager (SnapshotDiffManager.java:generateDiffReport(1304)) - Starting diff report generation for jobId: db89607e-59b2-4787-921e-ffce455c5b30.
2023-09-21 17:51:51,302 [IPC Server handler 1 on default port 15057] WARN  snapshot.OMSnapshotCreateRequest (OMSnapshotCreateRequest.java:estimateBucketDataSize(333)) - DefaultReplicationConfig is not correctly set in OmBucketInfo for volume 'volume70622' bucket 'bucket46368'. Falling back to config default 'RATIS/THREE'
2023-09-21 17:51:51,303 [IPC Server handler 1 on default port 15057] INFO  snapshot.OMSnapshotCreateRequest (OMSnapshotCreateRequest.java:validateAndUpdateCache(215)) - Created snapshot: 'temp8f5650ee-6da2-4f12-aa88-b79a0dc5274bs20230921-175151.281' with snapshotId: '0e3dda87-265a-4279-8a0c-51522523a176' under path 'volume70622/bucket46368'
2023-09-21 17:51:51,337 [Thread-2523] INFO  rocksdiff.RocksDBCheckpointDiffer (RocksDBCheckpointDiffer.java:onCompactionCompleted(544)) - Skipped the compaction entry. Compaction input files: [/home/runner/work/ozone/ozone/hadoop-ozone/integration-test/target/test-dir/MiniOzoneClusterImpl-04a8daa2-1161-4e20-9dee-837792427303/ozone-meta/om.db/000083.sst, /home/runner/work/ozone/ozone/hadoop-ozone/integration-test/target/test-dir/MiniOzoneClusterImpl-04a8daa2-1161-4e20-9dee-837792427303/ozone-meta/om.db/000075.sst, /home/runner/work/ozone/ozone/hadoop-ozone/integration-test/target/test-dir/MiniOzoneClusterImpl-04a8daa2-1161-4e20-9dee-837792427303/ozone-meta/om.db/000068.sst, /home/runner/work/ozone/ozone/hadoop-ozone/integration-test/target/test-dir/MiniOzoneClusterImpl-04a8daa2-1161-4e20-9dee-837792427303/ozone-meta/om.db/000057.sst] and output files: [/home/runner/work/ozone/ozone/hadoop-ozone/integration-test/target/test-dir/MiniOzoneClusterImpl-04a8daa2-1161-4e20-9dee-837792427303/ozone-meta/om.db/000083.sst, /home/runner/work/ozone/ozone/hadoop-ozone/integration-test/target/test-dir/MiniOzoneClusterImpl-04a8daa2-1161-4e20-9dee-837792427303/ozone-meta/om.db/000075.sst, /home/runner/work/ozone/ozone/hadoop-ozone/integration-test/target/test-dir/MiniOzoneClusterImpl-04a8daa2-1161-4e20-9dee-837792427303/ozone-meta/om.db/000068.sst, /home/runner/work/ozone/ozone/hadoop-ozone/integration-test/target/test-dir/MiniOzoneClusterImpl-04a8daa2-1161-4e20-9dee-837792427303/ozone-meta/om.db/000057.sst] are same.
2023-09-21 17:51:51,356 [OMDoubleBufferFlushThread] INFO  db.RDBCheckpointManager (RDBCheckpointManager.java:createCheckpoint(89)) - Created checkpoint in rocksDB at /home/runner/work/ozone/ozone/hadoop-ozone/integration-test/target/test-dir/MiniOzoneClusterImpl-04a8daa2-1161-4e20-9dee-837792427303/ozone-meta/db.snapshots/checkpointState/om.db-0e3dda87-265a-4279-8a0c-51522523a176 in 48 milliseconds
2023-09-21 17:51:51,357 [OMDoubleBufferFlushThread] INFO  db.RDBCheckpointUtils (RDBCheckpointUtils.java:waitForCheckpointDirectoryExist(60)) - Waited for 1 milliseconds for checkpoint directory /home/runner/work/ozone/ozone/hadoop-ozone/integration-test/target/test-dir/MiniOzoneClusterImpl-04a8daa2-1161-4e20-9dee-837792427303/ozone-meta/db.snapshots/checkpointState/om.db-0e3dda87-265a-4279-8a0c-51522523a176 availability.
2023-09-21 17:51:51,359 [OMDoubleBufferFlushThread] INFO  om.OmSnapshotManager (OmSnapshotManager.java:createOmSnapshotCheckpoint(461)) - Created checkpoint : /home/runner/work/ozone/ozone/hadoop-ozone/integration-test/target/test-dir/MiniOzoneClusterImpl-04a8daa2-1161-4e20-9dee-837792427303/ozone-meta/db.snapshots/checkpointState/om.db-0e3dda87-265a-4279-8a0c-51522523a176 for snapshot temp8f5650ee-6da2-4f12-aa88-b79a0dc5274bs20230921-175151.281
2023-09-21 17:51:51,363 [IPC Server handler 19 on default port 15057] INFO  snapshot.SnapshotDiffManager (SnapshotDiffManager.java:submitSnapDiffJob(732)) - Submitting snap diff report generation request for volume: volume70622, bucket: bucket46368, fromSnapshot: s20230921-175149.973 and toSnapshot: temp8f5650ee-6da2-4f12-aa88-b79a0dc5274bs20230921-175151.281
2023-09-21 17:51:51,365 [snapshot-diff-job-thread-id-2] INFO  snapshot.SnapshotDiffManager (SnapshotDiffManager.java:generateSnapshotDiffReport(835)) - Started snap diff report generation for volume: 'volume70622', bucket: 'bucket46368', fromSnapshot: 's20230921-175149.973', toSnapshot: 'temp8f5650ee-6da2-4f12-aa88-b79a0dc5274bs20230921-175151.281'
2023-09-21 17:51:51,367 [snapshot-diff-job-thread-id-2] INFO  snapshot.SnapshotCache (SnapshotCache.java:lambda$1(170)) - Loading snapshot. Table key: /volume70622/bucket46368/s20230921-175149.973
2023-09-21 17:51:51,367 [snapshot-diff-job-thread-id-2] INFO  snapshot.SnapshotCache (SnapshotCache.java:lambda$1(170)) - Loading snapshot. Table key: /volume70622/bucket46368/temp8f5650ee-6da2-4f12-aa88-b79a0dc5274bs20230921-175151.281
2023-09-21 17:51:51,368 [snapshot-diff-job-thread-id-2] WARN  server.ServerUtils (ServerUtils.java:getDBPath(311)) - ozone.om.db.dirs is not configured. We recommend adding this setting. Falling back to ozone.metadata.dirs instead.
2023-09-21 17:51:51,368 [snapshot-diff-job-thread-id-2] INFO  helpers.OmKeyInfo (OmKeyInfo.java:getCodec(71)) - OmKeyInfo.getCodec ignorePipeline = true
2023-09-21 17:51:51,453 [snapshot-diff-job-thread-id-2] INFO  snapshot.SnapshotDiffManager (SnapshotDiffManager.java:generateDiffReport(1304)) - Starting diff report generation for jobId: 3e692f7d-b84b-419e-938e-377e4746ad5d.
2023-09-21 17:51:52,373 [IPC Server handler 10 on default port 15057] INFO  snapshot.OMSnapshotDeleteRequest (OMSnapshotDeleteRequest.java:validateAndUpdateCache(225)) - Deleted snapshot 'temp8f5650ee-6da2-4f12-aa88-b79a0dc5274bs20230921-175151.281' under path 'volume70622/bucket46368'
2023-09-21 17:51:52,392 [IPC Server handler 9 on default port 15057] WARN  snapshot.OMSnapshotCreateRequest (OMSnapshotCreateRequest.java:estimateBucketDataSize(333)) - DefaultReplicationConfig is not correctly set in OmBucketInfo for volume 'volume70622' bucket 'bucket46368'. Falling back to config default 'RATIS/THREE'
2023-09-21 17:51:52,392 [IPC Server handler 9 on default port 15057] INFO  snapshot.OMSnapshotCreateRequest (OMSnapshotCreateRequest.java:validateAndUpdateCache(215)) - Created snapshot: 'temp64a8172f-8b0e-4330-b1bc-e5022213d3dbs20230921-175152.373' with snapshotId: '79575593-2e36-43f4-b09d-560efc94bdf9' under path 'volume70622/bucket46368'
2023-09-21 17:51:52,403 [Thread-2601] INFO  rocksdiff.RocksDBCheckpointDiffer (RocksDBCheckpointDiffer.java:onCompactionCompleted(544)) - Skipped the compaction entry. Compaction input files: [/home/runner/work/ozone/ozone/hadoop-ozone/integration-test/target/test-dir/MiniOzoneClusterImpl-04a8daa2-1161-4e20-9dee-837792427303/ozone-meta/om.db/000067.sst] and output files: [/home/runner/work/ozone/ozone/hadoop-ozone/integration-test/target/test-dir/MiniOzoneClusterImpl-04a8daa2-1161-4e20-9dee-837792427303/ozone-meta/om.db/000067.sst] are same.
2023-09-21 17:51:52,421 [OMDoubleBufferFlushThread] INFO  db.RDBCheckpointManager (RDBCheckpointManager.java:createCheckpoint(89)) - Created checkpoint in rocksDB at /home/runner/work/ozone/ozone/hadoop-ozone/integration-test/target/test-dir/MiniOzoneClusterImpl-04a8daa2-1161-4e20-9dee-837792427303/ozone-meta/db.snapshots/checkpointState/om.db-79575593-2e36-43f4-b09d-560efc94bdf9 in 25 milliseconds
2023-09-21 17:51:52,422 [OMDoubleBufferFlushThread] INFO  db.RDBCheckpointUtils (RDBCheckpointUtils.java:waitForCheckpointDirectoryExist(60)) - Waited for 1 milliseconds for checkpoint directory /home/runner/work/ozone/ozone/hadoop-ozone/integration-test/target/test-dir/MiniOzoneClusterImpl-04a8daa2-1161-4e20-9dee-837792427303/ozone-meta/db.snapshots/checkpointState/om.db-79575593-2e36-43f4-b09d-560efc94bdf9 availability.
2023-09-21 17:51:52,423 [OMDoubleBufferFlushThread] INFO  om.OmSnapshotManager (OmSnapshotManager.java:createOmSnapshotCheckpoint(461)) - Created checkpoint : /home/runner/work/ozone/ozone/hadoop-ozone/integration-test/target/test-dir/MiniOzoneClusterImpl-04a8daa2-1161-4e20-9dee-837792427303/ozone-meta/db.snapshots/checkpointState/om.db-79575593-2e36-43f4-b09d-560efc94bdf9 for snapshot temp64a8172f-8b0e-4330-b1bc-e5022213d3dbs20230921-175152.373
2023-09-21 17:51:52,427 [IPC Server handler 14 on default port 15057] INFO  snapshot.SnapshotDiffManager (SnapshotDiffManager.java:submitSnapDiffJob(732)) - Submitting snap diff report generation request for volume: volume70622, bucket: bucket46368, fromSnapshot: temp64a8172f-8b0e-4330-b1bc-e5022213d3dbs20230921-175152.373 and toSnapshot: s20230921-175149.973
2023-09-21 17:51:52,429 [snapshot-diff-job-thread-id-3] INFO  snapshot.SnapshotDiffManager (SnapshotDiffManager.java:generateSnapshotDiffReport(835)) - Started snap diff report generation for volume: 'volume70622', bucket: 'bucket46368', fromSnapshot: 'temp64a8172f-8b0e-4330-b1bc-e5022213d3dbs20230921-175152.373', toSnapshot: 's20230921-175149.973'
2023-09-21 17:51:52,430 [snapshot-diff-job-thread-id-3] INFO  snapshot.SnapshotCache (SnapshotCache.java:lambda$1(170)) - Loading snapshot. Table key: /volume70622/bucket46368/temp64a8172f-8b0e-4330-b1bc-e5022213d3dbs20230921-175152.373
2023-09-21 17:51:52,431 [snapshot-diff-job-thread-id-3] WARN  server.ServerUtils (ServerUtils.java:getDBPath(311)) - ozone.om.db.dirs is not configured. We recommend adding this setting. Falling back to ozone.metadata.dirs instead.
2023-09-21 17:51:52,431 [snapshot-diff-job-thread-id-3] INFO  helpers.OmKeyInfo (OmKeyInfo.java:getCodec(71)) - OmKeyInfo.getCodec ignorePipeline = true
2023-09-21 17:51:52,483 [snapshot-diff-job-thread-id-3] INFO  snapshot.SnapshotCache (SnapshotCache.java:lambda$1(170)) - Loading snapshot. Table key: /volume70622/bucket46368/s20230921-175149.973
2023-09-21 17:51:52,515 [snapshot-diff-job-thread-id-3] INFO  snapshot.SnapshotDiffManager (SnapshotDiffManager.java:generateDiffReport(1304)) - Starting diff report generation for jobId: 80fb08a1-ab37-4712-bad8-422f6462fddb.
2023-09-21 17:51:53,437 [IPC Server handler 16 on default port 15057] INFO  snapshot.OMSnapshotDeleteRequest (OMSnapshotDeleteRequest.java:validateAndUpdateCache(225)) - Deleted snapshot 'temp64a8172f-8b0e-4330-b1bc-e5022213d3dbs20230921-175152.373' under path 'volume70622/bucket46368'
2023-09-21 17:51:53,460 [IPC Server handler 17 on default port 15057] WARN  snapshot.OMSnapshotCreateRequest (OMSnapshotCreateRequest.java:estimateBucketDataSize(333)) - DefaultReplicationConfig is not correctly set in OmBucketInfo for volume 'volume70622' bucket 'bucket46368'. Falling back to config default 'RATIS/THREE'
2023-09-21 17:51:53,461 [IPC Server handler 17 on default port 15057] INFO  snapshot.OMSnapshotCreateRequest (OMSnapshotCreateRequest.java:validateAndUpdateCache(215)) - Created snapshot: 'tempaded8b92-b4cf-4aab-bef8-194732074e56s20230921-175153.440' with snapshotId: 'e3e21acd-cec3-4374-aed2-a73b5cb82d53' under path 'volume70622/bucket46368'
2023-09-21 17:51:53,470 [Thread-2641] INFO  rocksdiff.RocksDBCheckpointDiffer (RocksDBCheckpointDiffer.java:onCompactionCompleted(544)) - Skipped the compaction entry. Compaction input files: [/home/runner/work/ozone/ozone/hadoop-ozone/integration-test/target/test-dir/MiniOzoneClusterImpl-04a8daa2-1161-4e20-9dee-837792427303/ozone-meta/om.db/000074.sst, /home/runner/work/ozone/ozone/hadoop-ozone/integration-test/target/test-dir/MiniOzoneClusterImpl-04a8daa2-1161-4e20-9dee-837792427303/ozone-meta/om.db/000081.sst, /home/runner/work/ozone/ozone/hadoop-ozone/integration-test/target/test-dir/MiniOzoneClusterImpl-04a8daa2-1161-4e20-9dee-837792427303/ozone-meta/om.db/000089.sst] and output files: [/home/runner/work/ozone/ozone/hadoop-ozone/integration-test/target/test-dir/MiniOzoneClusterImpl-04a8daa2-1161-4e20-9dee-837792427303/ozone-meta/om.db/000074.sst, /home/runner/work/ozone/ozone/hadoop-ozone/integration-test/target/test-dir/MiniOzoneClusterImpl-04a8daa2-1161-4e20-9dee-837792427303/ozone-meta/om.db/000081.sst, /home/runner/work/ozone/ozone/hadoop-ozone/integration-test/target/test-dir/MiniOzoneClusterImpl-04a8daa2-1161-4e20-9dee-837792427303/ozone-meta/om.db/000089.sst] are same.
2023-09-21 17:51:53,481 [OMDoubleBufferFlushThread] INFO  db.RDBCheckpointManager (RDBCheckpointManager.java:createCheckpoint(89)) - Created checkpoint in rocksDB at /home/runner/work/ozone/ozone/hadoop-ozone/integration-test/target/test-dir/MiniOzoneClusterImpl-04a8daa2-1161-4e20-9dee-837792427303/ozone-meta/db.snapshots/checkpointState/om.db-e3e21acd-cec3-4374-aed2-a73b5cb82d53 in 18 milliseconds
2023-09-21 17:51:53,481 [OMDoubleBufferFlushThread] INFO  db.RDBCheckpointUtils (RDBCheckpointUtils.java:waitForCheckpointDirectoryExist(60)) - Waited for 0 milliseconds for checkpoint directory /home/runner/work/ozone/ozone/hadoop-ozone/integration-test/target/test-dir/MiniOzoneClusterImpl-04a8daa2-1161-4e20-9dee-837792427303/ozone-meta/db.snapshots/checkpointState/om.db-e3e21acd-cec3-4374-aed2-a73b5cb82d53 availability.
2023-09-21 17:51:53,483 [OMDoubleBufferFlushThread] INFO  om.OmSnapshotManager (OmSnapshotManager.java:createOmSnapshotCheckpoint(461)) - Created checkpoint : /home/runner/work/ozone/ozone/hadoop-ozone/integration-test/target/test-dir/MiniOzoneClusterImpl-04a8daa2-1161-4e20-9dee-837792427303/ozone-meta/db.snapshots/checkpointState/om.db-e3e21acd-cec3-4374-aed2-a73b5cb82d53 for snapshot tempaded8b92-b4cf-4aab-bef8-194732074e56s20230921-175153.440
2023-09-21 17:51:53,500 [IPC Server handler 18 on default port 15057] WARN  snapshot.OMSnapshotCreateRequest (OMSnapshotCreateRequest.java:estimateBucketDataSize(333)) - DefaultReplicationConfig is not correctly set in OmBucketInfo for volume 'volume70622' bucket 'bucket46368'. Falling back to config default 'RATIS/THREE'
2023-09-21 17:51:53,501 [IPC Server handler 18 on default port 15057] INFO  snapshot.OMSnapshotCreateRequest (OMSnapshotCreateRequest.java:validateAndUpdateCache(215)) - Created snapshot: 'temp52b7183e-f939-4b14-95c4-109c5edc5c68s20230921-175153.484' with snapshotId: '40b2dfc3-17a7-4d76-9804-9a6b3fabfa55' under path 'volume70622/bucket46368'
2023-09-21 17:51:53,522 [OMDoubleBufferFlushThread] INFO  db.RDBCheckpointManager (RDBCheckpointManager.java:createCheckpoint(89)) - Created checkpoint in rocksDB at /home/runner/work/ozone/ozone/hadoop-ozone/integration-test/target/test-dir/MiniOzoneClusterImpl-04a8daa2-1161-4e20-9dee-837792427303/ozone-meta/db.snapshots/checkpointState/om.db-40b2dfc3-17a7-4d76-9804-9a6b3fabfa55 in 19 milliseconds
2023-09-21 17:51:53,523 [OMDoubleBufferFlushThread] INFO  db.RDBCheckpointUtils (RDBCheckpointUtils.java:waitForCheckpointDirectoryExist(60)) - Waited for 1 milliseconds for checkpoint directory /home/runner/work/ozone/ozone/hadoop-ozone/integration-test/target/test-dir/MiniOzoneClusterImpl-04a8daa2-1161-4e20-9dee-837792427303/ozone-meta/db.snapshots/checkpointState/om.db-40b2dfc3-17a7-4d76-9804-9a6b3fabfa55 availability.
2023-09-21 17:51:53,524 [OMDoubleBufferFlushThread] WARN  om.OmSnapshotManager (OmSnapshotManager.java:findEndKeyGivenPrefix(591)) - Took 103700 ns to find endKey. Caller is deleteKeysFromDelKeyTableInSnapshotScope
2023-09-21 17:51:53,525 [OMDoubleBufferFlushThread] INFO  om.OmSnapshotManager (OmSnapshotManager.java:createOmSnapshotCheckpoint(461)) - Created checkpoint : /home/runner/work/ozone/ozone/hadoop-ozone/integration-test/target/test-dir/MiniOzoneClusterImpl-04a8daa2-1161-4e20-9dee-837792427303/ozone-meta/db.snapshots/checkpointState/om.db-40b2dfc3-17a7-4d76-9804-9a6b3fabfa55 for snapshot temp52b7183e-f939-4b14-95c4-109c5edc5c68s20230921-175153.484
2023-09-21 17:51:53,529 [IPC Server handler 15 on default port 15057] INFO  snapshot.SnapshotDiffManager (SnapshotDiffManager.java:submitSnapDiffJob(732)) - Submitting snap diff report generation request for volume: volume70622, bucket: bucket46368, fromSnapshot: temp52b7183e-f939-4b14-95c4-109c5edc5c68s20230921-175153.484 and toSnapshot: tempaded8b92-b4cf-4aab-bef8-194732074e56s20230921-175153.440
2023-09-21 17:51:53,529 [snapshot-diff-job-thread-id-4] INFO  snapshot.SnapshotDiffManager (SnapshotDiffManager.java:generateSnapshotDiffReport(835)) - Started snap diff report generation for volume: 'volume70622', bucket: 'bucket46368', fromSnapshot: 'temp52b7183e-f939-4b14-95c4-109c5edc5c68s20230921-175153.484', toSnapshot: 'tempaded8b92-b4cf-4aab-bef8-194732074e56s20230921-175153.440'
2023-09-21 17:51:53,530 [snapshot-diff-job-thread-id-4] INFO  snapshot.SnapshotCache (SnapshotCache.java:lambda$1(170)) - Loading snapshot. Table key: /volume70622/bucket46368/temp52b7183e-f939-4b14-95c4-109c5edc5c68s20230921-175153.484
2023-09-21 17:51:53,530 [snapshot-diff-job-thread-id-4] WARN  server.ServerUtils (ServerUtils.java:getDBPath(311)) - ozone.om.db.dirs is not configured. We recommend adding this setting. Falling back to ozone.metadata.dirs instead.
2023-09-21 17:51:53,532 [snapshot-diff-job-thread-id-4] INFO  helpers.OmKeyInfo (OmKeyInfo.java:getCodec(71)) - OmKeyInfo.getCodec ignorePipeline = true
2023-09-21 17:51:53,582 [snapshot-diff-job-thread-id-4] INFO  snapshot.SnapshotCache (SnapshotCache.java:lambda$1(170)) - Loading snapshot. Table key: /volume70622/bucket46368/tempaded8b92-b4cf-4aab-bef8-194732074e56s20230921-175153.440
2023-09-21 17:51:53,582 [snapshot-diff-job-thread-id-4] WARN  server.ServerUtils (ServerUtils.java:getDBPath(311)) - ozone.om.db.dirs is not configured. We recommend adding this setting. Falling back to ozone.metadata.dirs instead.
2023-09-21 17:51:53,582 [snapshot-diff-job-thread-id-4] INFO  helpers.OmKeyInfo (OmKeyInfo.java:getCodec(71)) - OmKeyInfo.getCodec ignorePipeline = true
2023-09-21 17:51:53,645 [snapshot-diff-job-thread-id-4] WARN  snapshot.SnapshotDiffManager (SnapshotDiffManager.java:getDeltaFiles(1228)) - RocksDBCheckpointDiffer is not available, falling back to slow path
2023-09-21 17:51:53,656 [snapshot-diff-job-thread-id-4] WARN  snapshot.SnapshotDiffManager (SnapshotDiffManager.java:getDeltaFiles(1228)) - RocksDBCheckpointDiffer is not available, falling back to slow path
2023-09-21 17:51:53,659 [snapshot-diff-job-thread-id-4] INFO  snapshot.SnapshotDiffManager (SnapshotDiffManager.java:generateDiffReport(1304)) - Starting diff report generation for jobId: 6a1c77e4-1db6-4368-876f-ca6c3a80bdee.
2023-09-21 17:51:54,536 [IPC Server handler 3 on default port 15057] INFO  snapshot.OMSnapshotDeleteRequest (OMSnapshotDeleteRequest.java:validateAndUpdateCache(225)) - Deleted snapshot 'tempaded8b92-b4cf-4aab-bef8-194732074e56s20230921-175153.440' under path 'volume70622/bucket46368'
2023-09-21 17:51:54,538 [IPC Server handler 0 on default port 15057] INFO  snapshot.OMSnapshotDeleteRequest (OMSnapshotDeleteRequest.java:validateAndUpdateCache(225)) - Deleted snapshot 'temp52b7183e-f939-4b14-95c4-109c5edc5c68s20230921-175153.484' under path 'volume70622/bucket46368'
]]></system-out>
  </testcase>
  <testcase name="testSnapshotRead" classname="TestRootedOzoneFileSystemWithFSO" time="0.677">
    <system-out><![CDATA[2023-09-21 17:50:07,654 [Time-limited test] INFO  rpc.RpcClient (RpcClient.java:createVolume(461)) - Creating Volume: volume15784, with user34769 as owner and space quota set to -1 bytes, counts quota set to -1
2023-09-21 17:50:07,657 [OM StateMachine ApplyTransaction Thread - 0] INFO  volume.OMVolumeCreateRequest (OMVolumeCreateRequest.java:validateAndUpdateCache(196)) - created volume:volume15784 for user:user34769
2023-09-21 17:50:07,658 [Time-limited test] INFO  rpc.RpcClient (RpcClient.java:createBucket(688)) - Creating Bucket: volume15784/bucket64123, with bucket layout FILE_SYSTEM_OPTIMIZED, runner as owner, Versioning false, Storage Type set to DISK and Encryption set to false, Replication Type set to server-side default replication type, Namespace Quota set to -1, Space Quota set to -1 
2023-09-21 17:50:07,660 [OM StateMachine ApplyTransaction Thread - 0] INFO  bucket.OMBucketCreateRequest (OMBucketCreateRequest.java:validateAndUpdateCache(270)) - created bucket: bucket64123 of layout FILE_SYSTEM_OPTIMIZED in volume: volume15784
2023-09-21 17:50:07,676 [Time-limited test] INFO  rpc.RpcClient (RpcClient.java:createVolume(461)) - Creating Volume: volume67847, with user19226 as owner and space quota set to -1 bytes, counts quota set to -1
2023-09-21 17:50:07,680 [OM StateMachine ApplyTransaction Thread - 0] INFO  volume.OMVolumeCreateRequest (OMVolumeCreateRequest.java:validateAndUpdateCache(196)) - created volume:volume67847 for user:user19226
2023-09-21 17:50:07,681 [Time-limited test] INFO  rpc.RpcClient (RpcClient.java:createBucket(688)) - Creating Bucket: volume67847/bucket10581, with bucket layout FILE_SYSTEM_OPTIMIZED, runner as owner, Versioning false, Storage Type set to DISK and Encryption set to false, Replication Type set to server-side default replication type, Namespace Quota set to -1, Space Quota set to -1 
2023-09-21 17:50:07,685 [OM StateMachine ApplyTransaction Thread - 0] INFO  bucket.OMBucketCreateRequest (OMBucketCreateRequest.java:validateAndUpdateCache(270)) - created bucket: bucket10581 of layout FILE_SYSTEM_OPTIMIZED in volume: volume67847
2023-09-21 17:50:07,730 [Time-limited test] INFO  rpc.RpcClient (RpcClient.java:createVolume(461)) - Creating Volume: volume28727, with user26991 as owner and space quota set to -1 bytes, counts quota set to -1
2023-09-21 17:50:07,734 [OM StateMachine ApplyTransaction Thread - 0] INFO  volume.OMVolumeCreateRequest (OMVolumeCreateRequest.java:validateAndUpdateCache(196)) - created volume:volume28727 for user:user26991
2023-09-21 17:50:07,736 [Time-limited test] INFO  rpc.RpcClient (RpcClient.java:createBucket(688)) - Creating Bucket: volume28727/bucket17793, with bucket layout FILE_SYSTEM_OPTIMIZED, runner as owner, Versioning false, Storage Type set to DISK and Encryption set to false, Replication Type set to server-side default replication type, Namespace Quota set to -1, Space Quota set to -1 
2023-09-21 17:50:07,738 [OM StateMachine ApplyTransaction Thread - 0] INFO  bucket.OMBucketCreateRequest (OMBucketCreateRequest.java:validateAndUpdateCache(270)) - created bucket: bucket17793 of layout FILE_SYSTEM_OPTIMIZED in volume: volume28727
2023-09-21 17:50:07,859 [OM StateMachine ApplyTransaction Thread - 0] WARN  snapshot.OMSnapshotCreateRequest (OMSnapshotCreateRequest.java:estimateBucketDataSize(333)) - DefaultReplicationConfig is not correctly set in OmBucketInfo for volume 'volume67847' bucket 'bucket10581'. Falling back to config default 'RATIS/THREE'
2023-09-21 17:50:07,859 [OM StateMachine ApplyTransaction Thread - 0] INFO  snapshot.OMSnapshotCreateRequest (OMSnapshotCreateRequest.java:validateAndUpdateCache(215)) - Created snapshot: 'snap1' with snapshotId: '560cf54b-23d9-4a3c-837f-6679635032d7' under path 'volume67847/bucket10581'
2023-09-21 17:50:07,931 [OMDoubleBufferFlushThread] INFO  db.RDBCheckpointManager (RDBCheckpointManager.java:createCheckpoint(89)) - Created checkpoint in rocksDB at /home/runner/work/ozone/ozone/hadoop-ozone/integration-test/target/test-dir/MiniOzoneClusterImpl-ff0bea85-29d4-48e8-8c84-822e75daf04a/ozone-meta/db.snapshots/checkpointState/om.db-560cf54b-23d9-4a3c-837f-6679635032d7 in 68 milliseconds
2023-09-21 17:50:07,934 [OM StateMachine ApplyTransaction Thread - 0] WARN  snapshot.OMSnapshotCreateRequest (OMSnapshotCreateRequest.java:estimateBucketDataSize(333)) - DefaultReplicationConfig is not correctly set in OmBucketInfo for volume 'volume28727' bucket 'bucket17793'. Falling back to config default 'RATIS/THREE'
2023-09-21 17:50:07,935 [OM StateMachine ApplyTransaction Thread - 0] INFO  snapshot.OMSnapshotCreateRequest (OMSnapshotCreateRequest.java:validateAndUpdateCache(215)) - Created snapshot: 'snap1' with snapshotId: 'b9ae3023-5f1a-406c-8f57-933ae62aaa6e' under path 'volume28727/bucket17793'
2023-09-21 17:50:07,944 [OMDoubleBufferFlushThread] INFO  db.RDBCheckpointUtils (RDBCheckpointUtils.java:waitForCheckpointDirectoryExist(60)) - Waited for 13 milliseconds for checkpoint directory /home/runner/work/ozone/ozone/hadoop-ozone/integration-test/target/test-dir/MiniOzoneClusterImpl-ff0bea85-29d4-48e8-8c84-822e75daf04a/ozone-meta/db.snapshots/checkpointState/om.db-560cf54b-23d9-4a3c-837f-6679635032d7 availability.
2023-09-21 17:50:07,984 [OM StateMachine ApplyTransaction Thread - 0] WARN  snapshot.OMSnapshotCreateRequest (OMSnapshotCreateRequest.java:estimateBucketDataSize(333)) - DefaultReplicationConfig is not correctly set in OmBucketInfo for volume 'volume67847' bucket 'bucket10581'. Falling back to config default 'RATIS/THREE'
2023-09-21 17:50:07,984 [OM StateMachine ApplyTransaction Thread - 0] INFO  snapshot.OMSnapshotCreateRequest (OMSnapshotCreateRequest.java:validateAndUpdateCache(215)) - Created snapshot: 'snap2' with snapshotId: '8685a569-1c8b-454e-a12d-5292bd75fa57' under path 'volume67847/bucket10581'
2023-09-21 17:50:07,986 [IPC Server handler 15 on default port 15004] INFO  snapshot.SnapshotCache (SnapshotCache.java:lambda$1(170)) - Loading snapshot. Table key: /volume67847/bucket10581/snap1
2023-09-21 17:50:07,987 [IPC Server handler 15 on default port 15004] WARN  server.ServerUtils (ServerUtils.java:getDBPath(311)) - ozone.om.db.dirs is not configured. We recommend adding this setting. Falling back to ozone.metadata.dirs instead.
2023-09-21 17:50:07,992 [IPC Server handler 15 on default port 15004] INFO  db.RDBCheckpointUtils (RDBCheckpointUtils.java:waitForCheckpointDirectoryExist(60)) - Waited for 5 milliseconds for checkpoint directory /home/runner/work/ozone/ozone/hadoop-ozone/integration-test/target/test-dir/MiniOzoneClusterImpl-ff0bea85-29d4-48e8-8c84-822e75daf04a/ozone-meta/db.snapshots/checkpointState/om.db-560cf54b-23d9-4a3c-837f-6679635032d7 availability.
2023-09-21 17:50:07,992 [IPC Server handler 15 on default port 15004] INFO  helpers.OmKeyInfo (OmKeyInfo.java:getCodec(71)) - OmKeyInfo.getCodec ignorePipeline = true
2023-09-21 17:50:08,015 [OMDoubleBufferFlushThread] WARN  om.OmSnapshotManager (OmSnapshotManager.java:findEndKeyGivenPrefix(591)) - Took 69291598 ns to find endKey. Caller is deleteKeysFromDelKeyTableInSnapshotScope
2023-09-21 17:50:08,016 [OMDoubleBufferFlushThread] WARN  om.OmSnapshotManager (OmSnapshotManager.java:findEndKeyGivenPrefix(591)) - Took 302301 ns to find endKey. Caller is deleteKeysFromDelDirTableInSnapshotScope
2023-09-21 17:50:08,017 [OMDoubleBufferFlushThread] INFO  om.OmSnapshotManager (OmSnapshotManager.java:createOmSnapshotCheckpoint(461)) - Created checkpoint : /home/runner/work/ozone/ozone/hadoop-ozone/integration-test/target/test-dir/MiniOzoneClusterImpl-ff0bea85-29d4-48e8-8c84-822e75daf04a/ozone-meta/db.snapshots/checkpointState/om.db-560cf54b-23d9-4a3c-837f-6679635032d7 for snapshot snap1
2023-09-21 17:50:08,045 [OMDoubleBufferFlushThread] INFO  db.RDBCheckpointManager (RDBCheckpointManager.java:createCheckpoint(89)) - Created checkpoint in rocksDB at /home/runner/work/ozone/ozone/hadoop-ozone/integration-test/target/test-dir/MiniOzoneClusterImpl-ff0bea85-29d4-48e8-8c84-822e75daf04a/ozone-meta/db.snapshots/checkpointState/om.db-b9ae3023-5f1a-406c-8f57-933ae62aaa6e in 25 milliseconds
2023-09-21 17:50:08,049 [OMDoubleBufferFlushThread] INFO  db.RDBCheckpointUtils (RDBCheckpointUtils.java:waitForCheckpointDirectoryExist(60)) - Waited for 4 milliseconds for checkpoint directory /home/runner/work/ozone/ozone/hadoop-ozone/integration-test/target/test-dir/MiniOzoneClusterImpl-ff0bea85-29d4-48e8-8c84-822e75daf04a/ozone-meta/db.snapshots/checkpointState/om.db-b9ae3023-5f1a-406c-8f57-933ae62aaa6e availability.
2023-09-21 17:50:08,079 [OMDoubleBufferFlushThread] WARN  om.OmSnapshotManager (OmSnapshotManager.java:findEndKeyGivenPrefix(591)) - Took 29640828 ns to find endKey. Caller is deleteKeysFromDelKeyTableInSnapshotScope
2023-09-21 17:50:08,082 [OMDoubleBufferFlushThread] WARN  om.OmSnapshotManager (OmSnapshotManager.java:findEndKeyGivenPrefix(591)) - Took 277602 ns to find endKey. Caller is deleteKeysFromDelDirTableInSnapshotScope
2023-09-21 17:50:08,082 [OMDoubleBufferFlushThread] INFO  om.OmSnapshotManager (OmSnapshotManager.java:createOmSnapshotCheckpoint(461)) - Created checkpoint : /home/runner/work/ozone/ozone/hadoop-ozone/integration-test/target/test-dir/MiniOzoneClusterImpl-ff0bea85-29d4-48e8-8c84-822e75daf04a/ozone-meta/db.snapshots/checkpointState/om.db-b9ae3023-5f1a-406c-8f57-933ae62aaa6e for snapshot snap1
2023-09-21 17:50:08,082 [OMDoubleBufferFlushThread] WARN  rocksdiff.RocksDBCheckpointDiffer (RocksDBCheckpointDiffer.java:setCurrentCompactionLog(326)) - Compaction log exists: /home/runner/work/ozone/ozone/hadoop-ozone/integration-test/target/test-dir/MiniOzoneClusterImpl-ff0bea85-29d4-48e8-8c84-822e75daf04a/ozone-meta/db.snapshots/diffState/compaction-log/0000000000000015591.log. Will append
2023-09-21 17:50:08,098 [IPC Server handler 19 on default port 15004] INFO  snapshot.SnapshotCache (SnapshotCache.java:lambda$1(170)) - Loading snapshot. Table key: /volume28727/bucket17793/snap1
2023-09-21 17:50:08,098 [IPC Server handler 19 on default port 15004] WARN  server.ServerUtils (ServerUtils.java:getDBPath(311)) - ozone.om.db.dirs is not configured. We recommend adding this setting. Falling back to ozone.metadata.dirs instead.
2023-09-21 17:50:08,099 [IPC Server handler 19 on default port 15004] INFO  helpers.OmKeyInfo (OmKeyInfo.java:getCodec(71)) - OmKeyInfo.getCodec ignorePipeline = true
2023-09-21 17:50:08,116 [Thread-1345] INFO  rocksdiff.RocksDBCheckpointDiffer (RocksDBCheckpointDiffer.java:onCompactionCompleted(544)) - Skipped the compaction entry. Compaction input files: [/home/runner/work/ozone/ozone/hadoop-ozone/integration-test/target/test-dir/MiniOzoneClusterImpl-ff0bea85-29d4-48e8-8c84-822e75daf04a/ozone-meta/om.db/000103.sst] and output files: [/home/runner/work/ozone/ozone/hadoop-ozone/integration-test/target/test-dir/MiniOzoneClusterImpl-ff0bea85-29d4-48e8-8c84-822e75daf04a/ozone-meta/om.db/000103.sst] are same.
2023-09-21 17:50:08,132 [OMDoubleBufferFlushThread] INFO  db.RDBCheckpointManager (RDBCheckpointManager.java:createCheckpoint(89)) - Created checkpoint in rocksDB at /home/runner/work/ozone/ozone/hadoop-ozone/integration-test/target/test-dir/MiniOzoneClusterImpl-ff0bea85-29d4-48e8-8c84-822e75daf04a/ozone-meta/db.snapshots/checkpointState/om.db-8685a569-1c8b-454e-a12d-5292bd75fa57 in 47 milliseconds
2023-09-21 17:50:08,134 [OMDoubleBufferFlushThread] INFO  db.RDBCheckpointUtils (RDBCheckpointUtils.java:waitForCheckpointDirectoryExist(60)) - Waited for 2 milliseconds for checkpoint directory /home/runner/work/ozone/ozone/hadoop-ozone/integration-test/target/test-dir/MiniOzoneClusterImpl-ff0bea85-29d4-48e8-8c84-822e75daf04a/ozone-meta/db.snapshots/checkpointState/om.db-8685a569-1c8b-454e-a12d-5292bd75fa57 availability.
2023-09-21 17:50:08,189 [OMDoubleBufferFlushThread] WARN  om.OmSnapshotManager (OmSnapshotManager.java:findEndKeyGivenPrefix(591)) - Took 54116732 ns to find endKey. Caller is deleteKeysFromDelKeyTableInSnapshotScope
2023-09-21 17:50:08,193 [OMDoubleBufferFlushThread] WARN  om.OmSnapshotManager (OmSnapshotManager.java:findEndKeyGivenPrefix(591)) - Took 264001 ns to find endKey. Caller is deleteKeysFromDelDirTableInSnapshotScope
2023-09-21 17:50:08,193 [OMDoubleBufferFlushThread] INFO  om.OmSnapshotManager (OmSnapshotManager.java:createOmSnapshotCheckpoint(461)) - Created checkpoint : /home/runner/work/ozone/ozone/hadoop-ozone/integration-test/target/test-dir/MiniOzoneClusterImpl-ff0bea85-29d4-48e8-8c84-822e75daf04a/ozone-meta/db.snapshots/checkpointState/om.db-8685a569-1c8b-454e-a12d-5292bd75fa57 for snapshot snap2
2023-09-21 17:50:08,193 [OMDoubleBufferFlushThread] WARN  rocksdiff.RocksDBCheckpointDiffer (RocksDBCheckpointDiffer.java:setCurrentCompactionLog(326)) - Compaction log exists: /home/runner/work/ozone/ozone/hadoop-ozone/integration-test/target/test-dir/MiniOzoneClusterImpl-ff0bea85-29d4-48e8-8c84-822e75daf04a/ozone-meta/db.snapshots/diffState/compaction-log/0000000000000015591.log. Will append
2023-09-21 17:50:08,208 [IPC Server handler 17 on default port 15004] INFO  snapshot.SnapshotCache (SnapshotCache.java:lambda$1(170)) - Loading snapshot. Table key: /volume67847/bucket10581/snap2
2023-09-21 17:50:08,208 [IPC Server handler 17 on default port 15004] WARN  server.ServerUtils (ServerUtils.java:getDBPath(311)) - ozone.om.db.dirs is not configured. We recommend adding this setting. Falling back to ozone.metadata.dirs instead.
2023-09-21 17:50:08,209 [IPC Server handler 17 on default port 15004] INFO  helpers.OmKeyInfo (OmKeyInfo.java:getCodec(71)) - OmKeyInfo.getCodec ignorePipeline = true
]]></system-out>
  </testcase>
  <testcase name="testSnapshotRead" classname="TestRootedOzoneFileSystemWithFSO" time="0.428">
    <system-out><![CDATA[2023-09-21 17:51:54,562 [Time-limited test] INFO  rpc.RpcClient (RpcClient.java:createVolume(461)) - Creating Volume: volume73949, with user72856 as owner and space quota set to -1 bytes, counts quota set to -1
2023-09-21 17:51:54,563 [IPC Server handler 17 on default port 15057] INFO  volume.OMVolumeCreateRequest (OMVolumeCreateRequest.java:validateAndUpdateCache(196)) - created volume:volume73949 for user:user72856
2023-09-21 17:51:54,564 [Time-limited test] INFO  rpc.RpcClient (RpcClient.java:createBucket(688)) - Creating Bucket: volume73949/bucket51244, with bucket layout FILE_SYSTEM_OPTIMIZED, runner as owner, Versioning false, Storage Type set to DISK and Encryption set to false, Replication Type set to server-side default replication type, Namespace Quota set to -1, Space Quota set to -1 
2023-09-21 17:51:54,565 [IPC Server handler 15 on default port 15057] INFO  bucket.OMBucketCreateRequest (OMBucketCreateRequest.java:validateAndUpdateCache(270)) - created bucket: bucket51244 of layout FILE_SYSTEM_OPTIMIZED in volume: volume73949
2023-09-21 17:51:54,581 [Time-limited test] INFO  rpc.RpcClient (RpcClient.java:createVolume(461)) - Creating Volume: volume76663, with user81137 as owner and space quota set to -1 bytes, counts quota set to -1
2023-09-21 17:51:54,582 [IPC Server handler 3 on default port 15057] INFO  volume.OMVolumeCreateRequest (OMVolumeCreateRequest.java:validateAndUpdateCache(196)) - created volume:volume76663 for user:user81137
2023-09-21 17:51:54,583 [Time-limited test] INFO  rpc.RpcClient (RpcClient.java:createBucket(688)) - Creating Bucket: volume76663/bucket96357, with bucket layout FILE_SYSTEM_OPTIMIZED, runner as owner, Versioning false, Storage Type set to DISK and Encryption set to false, Replication Type set to server-side default replication type, Namespace Quota set to -1, Space Quota set to -1 
2023-09-21 17:51:54,583 [IPC Server handler 5 on default port 15057] INFO  bucket.OMBucketCreateRequest (OMBucketCreateRequest.java:validateAndUpdateCache(270)) - created bucket: bucket96357 of layout FILE_SYSTEM_OPTIMIZED in volume: volume76663
2023-09-21 17:51:54,605 [Time-limited test] INFO  rpc.RpcClient (RpcClient.java:createVolume(461)) - Creating Volume: volume90095, with user02582 as owner and space quota set to -1 bytes, counts quota set to -1
2023-09-21 17:51:54,606 [IPC Server handler 19 on default port 15057] INFO  volume.OMVolumeCreateRequest (OMVolumeCreateRequest.java:validateAndUpdateCache(196)) - created volume:volume90095 for user:user02582
2023-09-21 17:51:54,607 [Time-limited test] INFO  rpc.RpcClient (RpcClient.java:createBucket(688)) - Creating Bucket: volume90095/bucket11563, with bucket layout FILE_SYSTEM_OPTIMIZED, runner as owner, Versioning false, Storage Type set to DISK and Encryption set to false, Replication Type set to server-side default replication type, Namespace Quota set to -1, Space Quota set to -1 
2023-09-21 17:51:54,608 [IPC Server handler 10 on default port 15057] INFO  bucket.OMBucketCreateRequest (OMBucketCreateRequest.java:validateAndUpdateCache(270)) - created bucket: bucket11563 of layout FILE_SYSTEM_OPTIMIZED in volume: volume90095
2023-09-21 17:51:54,629 [IPC Server handler 16 on default port 15057] WARN  snapshot.OMSnapshotCreateRequest (OMSnapshotCreateRequest.java:estimateBucketDataSize(333)) - DefaultReplicationConfig is not correctly set in OmBucketInfo for volume 'volume76663' bucket 'bucket96357'. Falling back to config default 'RATIS/THREE'
2023-09-21 17:51:54,629 [IPC Server handler 16 on default port 15057] INFO  snapshot.OMSnapshotCreateRequest (OMSnapshotCreateRequest.java:validateAndUpdateCache(215)) - Created snapshot: 'snap1' with snapshotId: '2a74d8a8-2299-4b5f-a824-07584ac09342' under path 'volume76663/bucket96357'
2023-09-21 17:51:54,662 [Thread-2813] INFO  rocksdiff.RocksDBCheckpointDiffer (RocksDBCheckpointDiffer.java:onCompactionCompleted(544)) - Skipped the compaction entry. Compaction input files: [/home/runner/work/ozone/ozone/hadoop-ozone/integration-test/target/test-dir/MiniOzoneClusterImpl-04a8daa2-1161-4e20-9dee-837792427303/ozone-meta/om.db/000069.sst, /home/runner/work/ozone/ozone/hadoop-ozone/integration-test/target/test-dir/MiniOzoneClusterImpl-04a8daa2-1161-4e20-9dee-837792427303/ozone-meta/om.db/000076.sst] and output files: [/home/runner/work/ozone/ozone/hadoop-ozone/integration-test/target/test-dir/MiniOzoneClusterImpl-04a8daa2-1161-4e20-9dee-837792427303/ozone-meta/om.db/000069.sst, /home/runner/work/ozone/ozone/hadoop-ozone/integration-test/target/test-dir/MiniOzoneClusterImpl-04a8daa2-1161-4e20-9dee-837792427303/ozone-meta/om.db/000076.sst] are same.
2023-09-21 17:51:54,678 [OMDoubleBufferFlushThread] INFO  db.RDBCheckpointManager (RDBCheckpointManager.java:createCheckpoint(89)) - Created checkpoint in rocksDB at /home/runner/work/ozone/ozone/hadoop-ozone/integration-test/target/test-dir/MiniOzoneClusterImpl-04a8daa2-1161-4e20-9dee-837792427303/ozone-meta/db.snapshots/checkpointState/om.db-2a74d8a8-2299-4b5f-a824-07584ac09342 in 46 milliseconds
2023-09-21 17:51:54,678 [OMDoubleBufferFlushThread] INFO  db.RDBCheckpointUtils (RDBCheckpointUtils.java:waitForCheckpointDirectoryExist(60)) - Waited for 0 milliseconds for checkpoint directory /home/runner/work/ozone/ozone/hadoop-ozone/integration-test/target/test-dir/MiniOzoneClusterImpl-04a8daa2-1161-4e20-9dee-837792427303/ozone-meta/db.snapshots/checkpointState/om.db-2a74d8a8-2299-4b5f-a824-07584ac09342 availability.
2023-09-21 17:51:54,680 [OMDoubleBufferFlushThread] INFO  om.OmSnapshotManager (OmSnapshotManager.java:createOmSnapshotCheckpoint(461)) - Created checkpoint : /home/runner/work/ozone/ozone/hadoop-ozone/integration-test/target/test-dir/MiniOzoneClusterImpl-04a8daa2-1161-4e20-9dee-837792427303/ozone-meta/db.snapshots/checkpointState/om.db-2a74d8a8-2299-4b5f-a824-07584ac09342 for snapshot snap1
2023-09-21 17:51:54,706 [IPC Server handler 17 on default port 15057] WARN  snapshot.OMSnapshotCreateRequest (OMSnapshotCreateRequest.java:estimateBucketDataSize(333)) - DefaultReplicationConfig is not correctly set in OmBucketInfo for volume 'volume90095' bucket 'bucket11563'. Falling back to config default 'RATIS/THREE'
2023-09-21 17:51:54,707 [IPC Server handler 17 on default port 15057] INFO  snapshot.OMSnapshotCreateRequest (OMSnapshotCreateRequest.java:validateAndUpdateCache(215)) - Created snapshot: 'snap1' with snapshotId: '967c5df1-5a5d-4d04-8b23-56fadfb0a2a0' under path 'volume90095/bucket11563'
2023-09-21 17:51:54,716 [Thread-2876] INFO  rocksdiff.RocksDBCheckpointDiffer (RocksDBCheckpointDiffer.java:onCompactionCompleted(544)) - Skipped the compaction entry. Compaction input files: [/home/runner/work/ozone/ozone/hadoop-ozone/integration-test/target/test-dir/MiniOzoneClusterImpl-04a8daa2-1161-4e20-9dee-837792427303/ozone-meta/om.db/000093.sst] and output files: [/home/runner/work/ozone/ozone/hadoop-ozone/integration-test/target/test-dir/MiniOzoneClusterImpl-04a8daa2-1161-4e20-9dee-837792427303/ozone-meta/om.db/000093.sst] are same.
2023-09-21 17:51:54,727 [OMDoubleBufferFlushThread] INFO  db.RDBCheckpointManager (RDBCheckpointManager.java:createCheckpoint(89)) - Created checkpoint in rocksDB at /home/runner/work/ozone/ozone/hadoop-ozone/integration-test/target/test-dir/MiniOzoneClusterImpl-04a8daa2-1161-4e20-9dee-837792427303/ozone-meta/db.snapshots/checkpointState/om.db-967c5df1-5a5d-4d04-8b23-56fadfb0a2a0 in 18 milliseconds
2023-09-21 17:51:54,727 [OMDoubleBufferFlushThread] INFO  db.RDBCheckpointUtils (RDBCheckpointUtils.java:waitForCheckpointDirectoryExist(60)) - Waited for 0 milliseconds for checkpoint directory /home/runner/work/ozone/ozone/hadoop-ozone/integration-test/target/test-dir/MiniOzoneClusterImpl-04a8daa2-1161-4e20-9dee-837792427303/ozone-meta/db.snapshots/checkpointState/om.db-967c5df1-5a5d-4d04-8b23-56fadfb0a2a0 availability.
2023-09-21 17:51:54,729 [OMDoubleBufferFlushThread] INFO  om.OmSnapshotManager (OmSnapshotManager.java:createOmSnapshotCheckpoint(461)) - Created checkpoint : /home/runner/work/ozone/ozone/hadoop-ozone/integration-test/target/test-dir/MiniOzoneClusterImpl-04a8daa2-1161-4e20-9dee-837792427303/ozone-meta/db.snapshots/checkpointState/om.db-967c5df1-5a5d-4d04-8b23-56fadfb0a2a0 for snapshot snap1
2023-09-21 17:51:54,754 [IPC Server handler 3 on default port 15057] WARN  snapshot.OMSnapshotCreateRequest (OMSnapshotCreateRequest.java:estimateBucketDataSize(333)) - DefaultReplicationConfig is not correctly set in OmBucketInfo for volume 'volume76663' bucket 'bucket96357'. Falling back to config default 'RATIS/THREE'
2023-09-21 17:51:54,754 [IPC Server handler 3 on default port 15057] INFO  snapshot.OMSnapshotCreateRequest (OMSnapshotCreateRequest.java:validateAndUpdateCache(215)) - Created snapshot: 'snap2' with snapshotId: 'a8f84c3a-3716-46f1-98e4-015ce0f39642' under path 'volume76663/bucket96357'
2023-09-21 17:51:54,771 [Thread-2948] INFO  rocksdiff.RocksDBCheckpointDiffer (RocksDBCheckpointDiffer.java:onCompactionCompleted(544)) - Skipped the compaction entry. Compaction input files: [/home/runner/work/ozone/ozone/hadoop-ozone/integration-test/target/test-dir/MiniOzoneClusterImpl-04a8daa2-1161-4e20-9dee-837792427303/ozone-meta/om.db/000097.sst] and output files: [/home/runner/work/ozone/ozone/hadoop-ozone/integration-test/target/test-dir/MiniOzoneClusterImpl-04a8daa2-1161-4e20-9dee-837792427303/ozone-meta/om.db/000097.sst] are same.
2023-09-21 17:51:54,786 [OMDoubleBufferFlushThread] INFO  db.RDBCheckpointManager (RDBCheckpointManager.java:createCheckpoint(89)) - Created checkpoint in rocksDB at /home/runner/work/ozone/ozone/hadoop-ozone/integration-test/target/test-dir/MiniOzoneClusterImpl-04a8daa2-1161-4e20-9dee-837792427303/ozone-meta/db.snapshots/checkpointState/om.db-a8f84c3a-3716-46f1-98e4-015ce0f39642 in 30 milliseconds
2023-09-21 17:51:54,787 [OMDoubleBufferFlushThread] INFO  db.RDBCheckpointUtils (RDBCheckpointUtils.java:waitForCheckpointDirectoryExist(60)) - Waited for 1 milliseconds for checkpoint directory /home/runner/work/ozone/ozone/hadoop-ozone/integration-test/target/test-dir/MiniOzoneClusterImpl-04a8daa2-1161-4e20-9dee-837792427303/ozone-meta/db.snapshots/checkpointState/om.db-a8f84c3a-3716-46f1-98e4-015ce0f39642 availability.
2023-09-21 17:51:54,788 [OMDoubleBufferFlushThread] INFO  om.OmSnapshotManager (OmSnapshotManager.java:createOmSnapshotCheckpoint(461)) - Created checkpoint : /home/runner/work/ozone/ozone/hadoop-ozone/integration-test/target/test-dir/MiniOzoneClusterImpl-04a8daa2-1161-4e20-9dee-837792427303/ozone-meta/db.snapshots/checkpointState/om.db-a8f84c3a-3716-46f1-98e4-015ce0f39642 for snapshot snap2
2023-09-21 17:51:54,790 [IPC Server handler 5 on default port 15057] INFO  snapshot.SnapshotCache (SnapshotCache.java:lambda$1(170)) - Loading snapshot. Table key: /volume76663/bucket96357/snap1
2023-09-21 17:51:54,791 [IPC Server handler 5 on default port 15057] WARN  server.ServerUtils (ServerUtils.java:getDBPath(311)) - ozone.om.db.dirs is not configured. We recommend adding this setting. Falling back to ozone.metadata.dirs instead.
2023-09-21 17:51:54,791 [IPC Server handler 5 on default port 15057] INFO  helpers.OmKeyInfo (OmKeyInfo.java:getCodec(71)) - OmKeyInfo.getCodec ignorePipeline = true
2023-09-21 17:51:54,859 [IPC Server handler 2 on default port 15057] INFO  snapshot.SnapshotCache (SnapshotCache.java:lambda$1(170)) - Loading snapshot. Table key: /volume90095/bucket11563/snap1
2023-09-21 17:51:54,859 [IPC Server handler 2 on default port 15057] WARN  server.ServerUtils (ServerUtils.java:getDBPath(311)) - ozone.om.db.dirs is not configured. We recommend adding this setting. Falling back to ozone.metadata.dirs instead.
2023-09-21 17:51:54,860 [IPC Server handler 2 on default port 15057] INFO  helpers.OmKeyInfo (OmKeyInfo.java:getCodec(71)) - OmKeyInfo.getCodec ignorePipeline = true
2023-09-21 17:51:54,904 [IPC Server handler 4 on default port 15057] INFO  snapshot.SnapshotCache (SnapshotCache.java:lambda$1(170)) - Loading snapshot. Table key: /volume76663/bucket96357/snap2
2023-09-21 17:51:54,905 [IPC Server handler 4 on default port 15057] WARN  server.ServerUtils (ServerUtils.java:getDBPath(311)) - ozone.om.db.dirs is not configured. We recommend adding this setting. Falling back to ozone.metadata.dirs instead.
2023-09-21 17:51:54,905 [IPC Server handler 4 on default port 15057] INFO  helpers.OmKeyInfo (OmKeyInfo.java:getCodec(71)) - OmKeyInfo.getCodec ignorePipeline = true
]]></system-out>
  </testcase>
  <testcase name="testUnbuffer" classname="TestRootedOzoneFileSystemWithFSO" time="0.119">
    <system-out><![CDATA[2023-09-21 17:50:08,308 [Time-limited test] INFO  rpc.RpcClient (RpcClient.java:createVolume(461)) - Creating Volume: volume25898, with user99651 as owner and space quota set to -1 bytes, counts quota set to -1
2023-09-21 17:50:08,313 [OM StateMachine ApplyTransaction Thread - 0] INFO  volume.OMVolumeCreateRequest (OMVolumeCreateRequest.java:validateAndUpdateCache(196)) - created volume:volume25898 for user:user99651
2023-09-21 17:50:08,314 [Time-limited test] INFO  rpc.RpcClient (RpcClient.java:createBucket(688)) - Creating Bucket: volume25898/bucket68773, with bucket layout FILE_SYSTEM_OPTIMIZED, runner as owner, Versioning false, Storage Type set to DISK and Encryption set to false, Replication Type set to server-side default replication type, Namespace Quota set to -1, Space Quota set to -1 
2023-09-21 17:50:08,316 [OM StateMachine ApplyTransaction Thread - 0] INFO  bucket.OMBucketCreateRequest (OMBucketCreateRequest.java:validateAndUpdateCache(270)) - created bucket: bucket68773 of layout FILE_SYSTEM_OPTIMIZED in volume: volume25898
2023-09-21 17:50:08,367 [IPC Server handler 8 on default port 15001] WARN  node.SCMNodeManager (SCMNodeManager.java:getNodesByAddress(1373)) - Cannot find node for address 127.0.0.1
]]></system-out>
  </testcase>
  <testcase name="testUnbuffer" classname="TestRootedOzoneFileSystemWithFSO" time="0.074">
    <system-out><![CDATA[2023-09-21 17:51:54,990 [Time-limited test] INFO  rpc.RpcClient (RpcClient.java:createVolume(461)) - Creating Volume: volume94687, with user15906 as owner and space quota set to -1 bytes, counts quota set to -1
2023-09-21 17:51:54,992 [IPC Server handler 0 on default port 15057] INFO  volume.OMVolumeCreateRequest (OMVolumeCreateRequest.java:validateAndUpdateCache(196)) - created volume:volume94687 for user:user15906
2023-09-21 17:51:54,994 [Time-limited test] INFO  rpc.RpcClient (RpcClient.java:createBucket(688)) - Creating Bucket: volume94687/bucket39974, with bucket layout FILE_SYSTEM_OPTIMIZED, runner as owner, Versioning false, Storage Type set to DISK and Encryption set to false, Replication Type set to server-side default replication type, Namespace Quota set to -1, Space Quota set to -1 
2023-09-21 17:51:54,995 [IPC Server handler 6 on default port 15057] INFO  bucket.OMBucketCreateRequest (OMBucketCreateRequest.java:validateAndUpdateCache(270)) - created bucket: bucket39974 of layout FILE_SYSTEM_OPTIMIZED in volume: volume94687
2023-09-21 17:51:55,034 [IPC Server handler 7 on default port 15054] WARN  node.SCMNodeManager (SCMNodeManager.java:getNodesByAddress(1373)) - Cannot find node for address 127.0.0.1
]]></system-out>
  </testcase>
  <testcase name="testDeleteCreatesFakeParentDir" classname="TestRootedOzoneFileSystemWithFSO" time="0">
    <skipped type="org.junit.AssumptionViolatedException"><![CDATA[org.junit.AssumptionViolatedException: FS Path is enabled. Skipping this test as it is not tuned for FS Path yet
	at org.junit.Assume.assumeTrue(Assume.java:68)
	at org.apache.hadoop.fs.ozone.TestRootedOzoneFileSystem.testDeleteCreatesFakeParentDir(TestRootedOzoneFileSystem.java:386)
	at sun.reflect.NativeMethodAccessorImpl.invoke0(Native Method)
	at sun.reflect.NativeMethodAccessorImpl.invoke(NativeMethodAccessorImpl.java:62)
	at sun.reflect.DelegatingMethodAccessorImpl.invoke(DelegatingMethodAccessorImpl.java:43)
	at java.lang.reflect.Method.invoke(Method.java:498)
	at org.junit.runners.model.FrameworkMethod$1.runReflectiveCall(FrameworkMethod.java:59)
	at org.junit.internal.runners.model.ReflectiveCallable.run(ReflectiveCallable.java:12)
	at org.junit.runners.model.FrameworkMethod.invokeExplosively(FrameworkMethod.java:56)
	at org.junit.internal.runners.statements.InvokeMethod.evaluate(InvokeMethod.java:17)
	at org.junit.internal.runners.statements.RunBefores.evaluate(RunBefores.java:26)
	at org.junit.internal.runners.statements.RunAfters.evaluate(RunAfters.java:27)
	at org.junit.internal.runners.statements.FailOnTimeout$CallableStatement.call(FailOnTimeout.java:288)
	at org.junit.internal.runners.statements.FailOnTimeout$CallableStatement.call(FailOnTimeout.java:282)
	at java.util.concurrent.FutureTask.run(FutureTask.java:266)
	at java.lang.Thread.run(Thread.java:750)
]]></skipped>
    <system-out><![CDATA[2023-09-21 17:50:08,422 [Time-limited test] INFO  rpc.RpcClient (RpcClient.java:createVolume(461)) - Creating Volume: volume54870, with user10634 as owner and space quota set to -1 bytes, counts quota set to -1
2023-09-21 17:50:08,424 [OM StateMachine ApplyTransaction Thread - 0] INFO  volume.OMVolumeCreateRequest (OMVolumeCreateRequest.java:validateAndUpdateCache(196)) - created volume:volume54870 for user:user10634
2023-09-21 17:50:08,427 [Time-limited test] INFO  rpc.RpcClient (RpcClient.java:createBucket(688)) - Creating Bucket: volume54870/bucket47116, with bucket layout FILE_SYSTEM_OPTIMIZED, runner as owner, Versioning false, Storage Type set to DISK and Encryption set to false, Replication Type set to server-side default replication type, Namespace Quota set to -1, Space Quota set to -1 
2023-09-21 17:50:08,429 [OM StateMachine ApplyTransaction Thread - 0] INFO  bucket.OMBucketCreateRequest (OMBucketCreateRequest.java:validateAndUpdateCache(270)) - created bucket: bucket47116 of layout FILE_SYSTEM_OPTIMIZED in volume: volume54870
]]></system-out>
  </testcase>
  <testcase name="testDeleteCreatesFakeParentDir" classname="TestRootedOzoneFileSystemWithFSO" time="0">
    <skipped type="org.junit.AssumptionViolatedException"><![CDATA[org.junit.AssumptionViolatedException: FS Path is enabled. Skipping this test as it is not tuned for FS Path yet
	at org.junit.Assume.assumeTrue(Assume.java:68)
	at org.apache.hadoop.fs.ozone.TestRootedOzoneFileSystem.testDeleteCreatesFakeParentDir(TestRootedOzoneFileSystem.java:386)
	at sun.reflect.NativeMethodAccessorImpl.invoke0(Native Method)
	at sun.reflect.NativeMethodAccessorImpl.invoke(NativeMethodAccessorImpl.java:62)
	at sun.reflect.DelegatingMethodAccessorImpl.invoke(DelegatingMethodAccessorImpl.java:43)
	at java.lang.reflect.Method.invoke(Method.java:498)
	at org.junit.runners.model.FrameworkMethod$1.runReflectiveCall(FrameworkMethod.java:59)
	at org.junit.internal.runners.model.ReflectiveCallable.run(ReflectiveCallable.java:12)
	at org.junit.runners.model.FrameworkMethod.invokeExplosively(FrameworkMethod.java:56)
	at org.junit.internal.runners.statements.InvokeMethod.evaluate(InvokeMethod.java:17)
	at org.junit.internal.runners.statements.RunBefores.evaluate(RunBefores.java:26)
	at org.junit.internal.runners.statements.RunAfters.evaluate(RunAfters.java:27)
	at org.junit.internal.runners.statements.FailOnTimeout$CallableStatement.call(FailOnTimeout.java:288)
	at org.junit.internal.runners.statements.FailOnTimeout$CallableStatement.call(FailOnTimeout.java:282)
	at java.util.concurrent.FutureTask.run(FutureTask.java:266)
	at java.lang.Thread.run(Thread.java:750)
]]></skipped>
    <system-out><![CDATA[2023-09-21 17:51:55,069 [Time-limited test] INFO  rpc.RpcClient (RpcClient.java:createVolume(461)) - Creating Volume: volume07635, with user31637 as owner and space quota set to -1 bytes, counts quota set to -1
2023-09-21 17:51:55,070 [IPC Server handler 4 on default port 15057] INFO  volume.OMVolumeCreateRequest (OMVolumeCreateRequest.java:validateAndUpdateCache(196)) - created volume:volume07635 for user:user31637
2023-09-21 17:51:55,072 [Time-limited test] INFO  rpc.RpcClient (RpcClient.java:createBucket(688)) - Creating Bucket: volume07635/bucket77326, with bucket layout FILE_SYSTEM_OPTIMIZED, runner as owner, Versioning false, Storage Type set to DISK and Encryption set to false, Replication Type set to server-side default replication type, Namespace Quota set to -1, Space Quota set to -1 
2023-09-21 17:51:55,073 [IPC Server handler 7 on default port 15057] INFO  bucket.OMBucketCreateRequest (OMBucketCreateRequest.java:validateAndUpdateCache(270)) - created bucket: bucket77326 of layout FILE_SYSTEM_OPTIMIZED in volume: volume07635
]]></system-out>
  </testcase>
  <testcase name="testNonExplicitlyCreatedPathExistsAfterItsLeafsWereRemoved" classname="TestRootedOzoneFileSystemWithFSO" time="0.084">
    <system-out><![CDATA[2023-09-21 17:50:08,469 [Time-limited test] INFO  rpc.RpcClient (RpcClient.java:createVolume(461)) - Creating Volume: volume36028, with user86775 as owner and space quota set to -1 bytes, counts quota set to -1
2023-09-21 17:50:08,472 [OM StateMachine ApplyTransaction Thread - 0] INFO  volume.OMVolumeCreateRequest (OMVolumeCreateRequest.java:validateAndUpdateCache(196)) - created volume:volume36028 for user:user86775
2023-09-21 17:50:08,475 [Time-limited test] INFO  rpc.RpcClient (RpcClient.java:createBucket(688)) - Creating Bucket: volume36028/bucket71817, with bucket layout FILE_SYSTEM_OPTIMIZED, runner as owner, Versioning false, Storage Type set to DISK and Encryption set to false, Replication Type set to server-side default replication type, Namespace Quota set to -1, Space Quota set to -1 
2023-09-21 17:50:08,477 [OM StateMachine ApplyTransaction Thread - 0] INFO  bucket.OMBucketCreateRequest (OMBucketCreateRequest.java:validateAndUpdateCache(270)) - created bucket: bucket71817 of layout FILE_SYSTEM_OPTIMIZED in volume: volume36028
]]></system-out>
  </testcase>
  <testcase name="testNonExplicitlyCreatedPathExistsAfterItsLeafsWereRemoved" classname="TestRootedOzoneFileSystemWithFSO" time="0.047">
    <system-out><![CDATA[2023-09-21 17:51:55,109 [Time-limited test] INFO  rpc.RpcClient (RpcClient.java:createVolume(461)) - Creating Volume: volume00060, with user15112 as owner and space quota set to -1 bytes, counts quota set to -1
2023-09-21 17:51:55,110 [IPC Server handler 2 on default port 15057] INFO  volume.OMVolumeCreateRequest (OMVolumeCreateRequest.java:validateAndUpdateCache(196)) - created volume:volume00060 for user:user15112
2023-09-21 17:51:55,112 [Time-limited test] INFO  rpc.RpcClient (RpcClient.java:createBucket(688)) - Creating Bucket: volume00060/bucket10454, with bucket layout FILE_SYSTEM_OPTIMIZED, runner as owner, Versioning false, Storage Type set to DISK and Encryption set to false, Replication Type set to server-side default replication type, Namespace Quota set to -1, Space Quota set to -1 
2023-09-21 17:51:55,112 [IPC Server handler 4 on default port 15057] INFO  bucket.OMBucketCreateRequest (OMBucketCreateRequest.java:validateAndUpdateCache(270)) - created bucket: bucket10454 of layout FILE_SYSTEM_OPTIMIZED in volume: volume00060
]]></system-out>
  </testcase>
  <testcase name="testFileDelete" classname="TestRootedOzoneFileSystemWithFSO" time="0.24">
    <system-out><![CDATA[2023-09-21 17:50:08,548 [Time-limited test] INFO  rpc.RpcClient (RpcClient.java:createVolume(461)) - Creating Volume: volume11074, with user88625 as owner and space quota set to -1 bytes, counts quota set to -1
2023-09-21 17:50:08,551 [OM StateMachine ApplyTransaction Thread - 0] INFO  volume.OMVolumeCreateRequest (OMVolumeCreateRequest.java:validateAndUpdateCache(196)) - created volume:volume11074 for user:user88625
2023-09-21 17:50:08,553 [Time-limited test] INFO  rpc.RpcClient (RpcClient.java:createBucket(688)) - Creating Bucket: volume11074/bucket83761, with bucket layout FILE_SYSTEM_OPTIMIZED, runner as owner, Versioning false, Storage Type set to DISK and Encryption set to false, Replication Type set to server-side default replication type, Namespace Quota set to -1, Space Quota set to -1 
2023-09-21 17:50:08,556 [OM StateMachine ApplyTransaction Thread - 0] INFO  bucket.OMBucketCreateRequest (OMBucketCreateRequest.java:validateAndUpdateCache(270)) - created bucket: bucket83761 of layout FILE_SYSTEM_OPTIMIZED in volume: volume11074
17:50:08.711 [IPC Server handler 4 on default port 15004] ERROR OMAudit - user=runner | ip=127.0.0.1 | op=GET_FILE_STATUS {volume=volume11074, bucket=bucket83761, key=testBatchDelete, dataSize=0, replicationConfig=null} | ret=FAILURE
org.apache.hadoop.ozone.om.exceptions.OMException: Unable to get file status: volume: volume11074 bucket: bucket83761 key: testBatchDelete
	at org.apache.hadoop.ozone.om.KeyManagerImpl.getOzoneFileStatusFSO(KeyManagerImpl.java:1320) ~[ozone-manager-1.4.0-SNAPSHOT.jar:?]
	at org.apache.hadoop.ozone.om.KeyManagerImpl.getFileStatus(KeyManagerImpl.java:1111) ~[ozone-manager-1.4.0-SNAPSHOT.jar:?]
	at org.apache.hadoop.ozone.om.OmMetadataReader.getFileStatus(OmMetadataReader.java:262) ~[ozone-manager-1.4.0-SNAPSHOT.jar:?]
	at org.apache.hadoop.ozone.om.OzoneManager.getFileStatus(OzoneManager.java:3533) ~[ozone-manager-1.4.0-SNAPSHOT.jar:?]
	at org.apache.hadoop.ozone.protocolPB.OzoneManagerRequestHandler.getOzoneFileStatus(OzoneManagerRequestHandler.java:971) ~[ozone-manager-1.4.0-SNAPSHOT.jar:?]
	at org.apache.hadoop.ozone.protocolPB.OzoneManagerRequestHandler.handleReadRequest(OzoneManagerRequestHandler.java:250) ~[ozone-manager-1.4.0-SNAPSHOT.jar:?]
	at org.apache.hadoop.ozone.protocolPB.OzoneManagerProtocolServerSideTranslatorPB.submitReadRequestToOM(OzoneManagerProtocolServerSideTranslatorPB.java:225) ~[ozone-manager-1.4.0-SNAPSHOT.jar:?]
	at org.apache.hadoop.ozone.protocolPB.OzoneManagerProtocolServerSideTranslatorPB.processRequest(OzoneManagerProtocolServerSideTranslatorPB.java:179) ~[ozone-manager-1.4.0-SNAPSHOT.jar:?]
	at org.apache.hadoop.hdds.server.OzoneProtocolMessageDispatcher.processRequest(OzoneProtocolMessageDispatcher.java:87) [hdds-server-framework-1.4.0-SNAPSHOT.jar:?]
	at org.apache.hadoop.ozone.protocolPB.OzoneManagerProtocolServerSideTranslatorPB.submitRequest(OzoneManagerProtocolServerSideTranslatorPB.java:148) [ozone-manager-1.4.0-SNAPSHOT.jar:?]
	at org.apache.hadoop.ozone.protocol.proto.OzoneManagerProtocolProtos$OzoneManagerService$2.callBlockingMethod(OzoneManagerProtocolProtos.java) [ozone-interface-client-1.4.0-SNAPSHOT.jar:?]
	at org.apache.hadoop.ipc.ProtobufRpcEngine$Server.processCall(ProtobufRpcEngine.java:484) [hadoop-common-3.3.6.jar:?]
	at org.apache.hadoop.ipc.ProtobufRpcEngine2$Server$ProtoBufRpcInvoker.call(ProtobufRpcEngine2.java:595) [hadoop-common-3.3.6.jar:?]
	at org.apache.hadoop.ipc.ProtobufRpcEngine2$Server$ProtoBufRpcInvoker.call(ProtobufRpcEngine2.java:573) [hadoop-common-3.3.6.jar:?]
	at org.apache.hadoop.ipc.RPC$Server.call(RPC.java:1227) [hadoop-common-3.3.6.jar:?]
	at org.apache.hadoop.ipc.Server$RpcCall.run(Server.java:1094) [hadoop-common-3.3.6.jar:?]
	at org.apache.hadoop.ipc.Server$RpcCall.run(Server.java:1017) [hadoop-common-3.3.6.jar:?]
	at java.security.AccessController.doPrivileged(Native Method) ~[?:1.8.0_382]
	at javax.security.auth.Subject.doAs(Subject.java:422) [?:1.8.0_382]
	at org.apache.hadoop.security.UserGroupInformation.doAs(UserGroupInformation.java:1899) [hadoop-common-3.3.6.jar:?]
	at org.apache.hadoop.ipc.Server$Handler.run(Server.java:3048) [hadoop-common-3.3.6.jar:?]
17:50:08.713 [IPC Server handler 0 on default port 15004] ERROR OMAudit - user=runner | ip=127.0.0.1 | op=GET_FILE_STATUS {volume=volume11074, bucket=bucket83761, key=testBatchDelete/parent/child0, dataSize=0, replicationConfig=null} | ret=FAILURE
org.apache.hadoop.ozone.om.exceptions.OMException: Unable to get file status: volume: volume11074 bucket: bucket83761 key: testBatchDelete/parent/child0
	at org.apache.hadoop.ozone.om.KeyManagerImpl.getOzoneFileStatusFSO(KeyManagerImpl.java:1320) ~[ozone-manager-1.4.0-SNAPSHOT.jar:?]
	at org.apache.hadoop.ozone.om.KeyManagerImpl.getFileStatus(KeyManagerImpl.java:1111) ~[ozone-manager-1.4.0-SNAPSHOT.jar:?]
	at org.apache.hadoop.ozone.om.OmMetadataReader.getFileStatus(OmMetadataReader.java:262) ~[ozone-manager-1.4.0-SNAPSHOT.jar:?]
	at org.apache.hadoop.ozone.om.OzoneManager.getFileStatus(OzoneManager.java:3533) ~[ozone-manager-1.4.0-SNAPSHOT.jar:?]
	at org.apache.hadoop.ozone.protocolPB.OzoneManagerRequestHandler.getOzoneFileStatus(OzoneManagerRequestHandler.java:971) ~[ozone-manager-1.4.0-SNAPSHOT.jar:?]
	at org.apache.hadoop.ozone.protocolPB.OzoneManagerRequestHandler.handleReadRequest(OzoneManagerRequestHandler.java:250) ~[ozone-manager-1.4.0-SNAPSHOT.jar:?]
	at org.apache.hadoop.ozone.protocolPB.OzoneManagerProtocolServerSideTranslatorPB.submitReadRequestToOM(OzoneManagerProtocolServerSideTranslatorPB.java:225) ~[ozone-manager-1.4.0-SNAPSHOT.jar:?]
	at org.apache.hadoop.ozone.protocolPB.OzoneManagerProtocolServerSideTranslatorPB.processRequest(OzoneManagerProtocolServerSideTranslatorPB.java:179) ~[ozone-manager-1.4.0-SNAPSHOT.jar:?]
	at org.apache.hadoop.hdds.server.OzoneProtocolMessageDispatcher.processRequest(OzoneProtocolMessageDispatcher.java:87) [hdds-server-framework-1.4.0-SNAPSHOT.jar:?]
	at org.apache.hadoop.ozone.protocolPB.OzoneManagerProtocolServerSideTranslatorPB.submitRequest(OzoneManagerProtocolServerSideTranslatorPB.java:148) [ozone-manager-1.4.0-SNAPSHOT.jar:?]
	at org.apache.hadoop.ozone.protocol.proto.OzoneManagerProtocolProtos$OzoneManagerService$2.callBlockingMethod(OzoneManagerProtocolProtos.java) [ozone-interface-client-1.4.0-SNAPSHOT.jar:?]
	at org.apache.hadoop.ipc.ProtobufRpcEngine$Server.processCall(ProtobufRpcEngine.java:484) [hadoop-common-3.3.6.jar:?]
	at org.apache.hadoop.ipc.ProtobufRpcEngine2$Server$ProtoBufRpcInvoker.call(ProtobufRpcEngine2.java:595) [hadoop-common-3.3.6.jar:?]
	at org.apache.hadoop.ipc.ProtobufRpcEngine2$Server$ProtoBufRpcInvoker.call(ProtobufRpcEngine2.java:573) [hadoop-common-3.3.6.jar:?]
	at org.apache.hadoop.ipc.RPC$Server.call(RPC.java:1227) [hadoop-common-3.3.6.jar:?]
	at org.apache.hadoop.ipc.Server$RpcCall.run(Server.java:1094) [hadoop-common-3.3.6.jar:?]
	at org.apache.hadoop.ipc.Server$RpcCall.run(Server.java:1017) [hadoop-common-3.3.6.jar:?]
	at java.security.AccessController.doPrivileged(Native Method) ~[?:1.8.0_382]
	at javax.security.auth.Subject.doAs(Subject.java:422) [?:1.8.0_382]
	at org.apache.hadoop.security.UserGroupInformation.doAs(UserGroupInformation.java:1899) [hadoop-common-3.3.6.jar:?]
	at org.apache.hadoop.ipc.Server$Handler.run(Server.java:3048) [hadoop-common-3.3.6.jar:?]
17:50:08.715 [IPC Server handler 3 on default port 15004] ERROR OMAudit - user=runner | ip=127.0.0.1 | op=GET_FILE_STATUS {volume=volume11074, bucket=bucket83761, key=testBatchDelete/parent/childFolder/child0, dataSize=0, replicationConfig=null} | ret=FAILURE
org.apache.hadoop.ozone.om.exceptions.OMException: Unable to get file status: volume: volume11074 bucket: bucket83761 key: testBatchDelete/parent/childFolder/child0
	at org.apache.hadoop.ozone.om.KeyManagerImpl.getOzoneFileStatusFSO(KeyManagerImpl.java:1320) ~[ozone-manager-1.4.0-SNAPSHOT.jar:?]
	at org.apache.hadoop.ozone.om.KeyManagerImpl.getFileStatus(KeyManagerImpl.java:1111) ~[ozone-manager-1.4.0-SNAPSHOT.jar:?]
	at org.apache.hadoop.ozone.om.OmMetadataReader.getFileStatus(OmMetadataReader.java:262) ~[ozone-manager-1.4.0-SNAPSHOT.jar:?]
	at org.apache.hadoop.ozone.om.OzoneManager.getFileStatus(OzoneManager.java:3533) ~[ozone-manager-1.4.0-SNAPSHOT.jar:?]
	at org.apache.hadoop.ozone.protocolPB.OzoneManagerRequestHandler.getOzoneFileStatus(OzoneManagerRequestHandler.java:971) ~[ozone-manager-1.4.0-SNAPSHOT.jar:?]
	at org.apache.hadoop.ozone.protocolPB.OzoneManagerRequestHandler.handleReadRequest(OzoneManagerRequestHandler.java:250) ~[ozone-manager-1.4.0-SNAPSHOT.jar:?]
	at org.apache.hadoop.ozone.protocolPB.OzoneManagerProtocolServerSideTranslatorPB.submitReadRequestToOM(OzoneManagerProtocolServerSideTranslatorPB.java:225) ~[ozone-manager-1.4.0-SNAPSHOT.jar:?]
	at org.apache.hadoop.ozone.protocolPB.OzoneManagerProtocolServerSideTranslatorPB.processRequest(OzoneManagerProtocolServerSideTranslatorPB.java:179) ~[ozone-manager-1.4.0-SNAPSHOT.jar:?]
	at org.apache.hadoop.hdds.server.OzoneProtocolMessageDispatcher.processRequest(OzoneProtocolMessageDispatcher.java:87) [hdds-server-framework-1.4.0-SNAPSHOT.jar:?]
	at org.apache.hadoop.ozone.protocolPB.OzoneManagerProtocolServerSideTranslatorPB.submitRequest(OzoneManagerProtocolServerSideTranslatorPB.java:148) [ozone-manager-1.4.0-SNAPSHOT.jar:?]
	at org.apache.hadoop.ozone.protocol.proto.OzoneManagerProtocolProtos$OzoneManagerService$2.callBlockingMethod(OzoneManagerProtocolProtos.java) [ozone-interface-client-1.4.0-SNAPSHOT.jar:?]
	at org.apache.hadoop.ipc.ProtobufRpcEngine$Server.processCall(ProtobufRpcEngine.java:484) [hadoop-common-3.3.6.jar:?]
	at org.apache.hadoop.ipc.ProtobufRpcEngine2$Server$ProtoBufRpcInvoker.call(ProtobufRpcEngine2.java:595) [hadoop-common-3.3.6.jar:?]
	at org.apache.hadoop.ipc.ProtobufRpcEngine2$Server$ProtoBufRpcInvoker.call(ProtobufRpcEngine2.java:573) [hadoop-common-3.3.6.jar:?]
	at org.apache.hadoop.ipc.RPC$Server.call(RPC.java:1227) [hadoop-common-3.3.6.jar:?]
	at org.apache.hadoop.ipc.Server$RpcCall.run(Server.java:1094) [hadoop-common-3.3.6.jar:?]
	at org.apache.hadoop.ipc.Server$RpcCall.run(Server.java:1017) [hadoop-common-3.3.6.jar:?]
	at java.security.AccessController.doPrivileged(Native Method) ~[?:1.8.0_382]
	at javax.security.auth.Subject.doAs(Subject.java:422) [?:1.8.0_382]
	at org.apache.hadoop.security.UserGroupInformation.doAs(UserGroupInformation.java:1899) [hadoop-common-3.3.6.jar:?]
	at org.apache.hadoop.ipc.Server$Handler.run(Server.java:3048) [hadoop-common-3.3.6.jar:?]
17:50:08.717 [IPC Server handler 11 on default port 15004] ERROR OMAudit - user=runner | ip=127.0.0.1 | op=GET_FILE_STATUS {volume=volume11074, bucket=bucket83761, key=testBatchDelete/parent/child1, dataSize=0, replicationConfig=null} | ret=FAILURE
org.apache.hadoop.ozone.om.exceptions.OMException: Unable to get file status: volume: volume11074 bucket: bucket83761 key: testBatchDelete/parent/child1
	at org.apache.hadoop.ozone.om.KeyManagerImpl.getOzoneFileStatusFSO(KeyManagerImpl.java:1320) ~[ozone-manager-1.4.0-SNAPSHOT.jar:?]
	at org.apache.hadoop.ozone.om.KeyManagerImpl.getFileStatus(KeyManagerImpl.java:1111) ~[ozone-manager-1.4.0-SNAPSHOT.jar:?]
	at org.apache.hadoop.ozone.om.OmMetadataReader.getFileStatus(OmMetadataReader.java:262) ~[ozone-manager-1.4.0-SNAPSHOT.jar:?]
	at org.apache.hadoop.ozone.om.OzoneManager.getFileStatus(OzoneManager.java:3533) ~[ozone-manager-1.4.0-SNAPSHOT.jar:?]
	at org.apache.hadoop.ozone.protocolPB.OzoneManagerRequestHandler.getOzoneFileStatus(OzoneManagerRequestHandler.java:971) ~[ozone-manager-1.4.0-SNAPSHOT.jar:?]
	at org.apache.hadoop.ozone.protocolPB.OzoneManagerRequestHandler.handleReadRequest(OzoneManagerRequestHandler.java:250) ~[ozone-manager-1.4.0-SNAPSHOT.jar:?]
	at org.apache.hadoop.ozone.protocolPB.OzoneManagerProtocolServerSideTranslatorPB.submitReadRequestToOM(OzoneManagerProtocolServerSideTranslatorPB.java:225) ~[ozone-manager-1.4.0-SNAPSHOT.jar:?]
	at org.apache.hadoop.ozone.protocolPB.OzoneManagerProtocolServerSideTranslatorPB.processRequest(OzoneManagerProtocolServerSideTranslatorPB.java:179) ~[ozone-manager-1.4.0-SNAPSHOT.jar:?]
	at org.apache.hadoop.hdds.server.OzoneProtocolMessageDispatcher.processRequest(OzoneProtocolMessageDispatcher.java:87) [hdds-server-framework-1.4.0-SNAPSHOT.jar:?]
	at org.apache.hadoop.ozone.protocolPB.OzoneManagerProtocolServerSideTranslatorPB.submitRequest(OzoneManagerProtocolServerSideTranslatorPB.java:148) [ozone-manager-1.4.0-SNAPSHOT.jar:?]
	at org.apache.hadoop.ozone.protocol.proto.OzoneManagerProtocolProtos$OzoneManagerService$2.callBlockingMethod(OzoneManagerProtocolProtos.java) [ozone-interface-client-1.4.0-SNAPSHOT.jar:?]
	at org.apache.hadoop.ipc.ProtobufRpcEngine$Server.processCall(ProtobufRpcEngine.java:484) [hadoop-common-3.3.6.jar:?]
	at org.apache.hadoop.ipc.ProtobufRpcEngine2$Server$ProtoBufRpcInvoker.call(ProtobufRpcEngine2.java:595) [hadoop-common-3.3.6.jar:?]
	at org.apache.hadoop.ipc.ProtobufRpcEngine2$Server$ProtoBufRpcInvoker.call(ProtobufRpcEngine2.java:573) [hadoop-common-3.3.6.jar:?]
	at org.apache.hadoop.ipc.RPC$Server.call(RPC.java:1227) [hadoop-common-3.3.6.jar:?]
	at org.apache.hadoop.ipc.Server$RpcCall.run(Server.java:1094) [hadoop-common-3.3.6.jar:?]
	at org.apache.hadoop.ipc.Server$RpcCall.run(Server.java:1017) [hadoop-common-3.3.6.jar:?]
	at java.security.AccessController.doPrivileged(Native Method) ~[?:1.8.0_382]
	at javax.security.auth.Subject.doAs(Subject.java:422) [?:1.8.0_382]
	at org.apache.hadoop.security.UserGroupInformation.doAs(UserGroupInformation.java:1899) [hadoop-common-3.3.6.jar:?]
	at org.apache.hadoop.ipc.Server$Handler.run(Server.java:3048) [hadoop-common-3.3.6.jar:?]
17:50:08.718 [IPC Server handler 7 on default port 15004] ERROR OMAudit - user=runner | ip=127.0.0.1 | op=GET_FILE_STATUS {volume=volume11074, bucket=bucket83761, key=testBatchDelete/parent/childFolder/child1, dataSize=0, replicationConfig=null} | ret=FAILURE
org.apache.hadoop.ozone.om.exceptions.OMException: Unable to get file status: volume: volume11074 bucket: bucket83761 key: testBatchDelete/parent/childFolder/child1
	at org.apache.hadoop.ozone.om.KeyManagerImpl.getOzoneFileStatusFSO(KeyManagerImpl.java:1320) ~[ozone-manager-1.4.0-SNAPSHOT.jar:?]
	at org.apache.hadoop.ozone.om.KeyManagerImpl.getFileStatus(KeyManagerImpl.java:1111) ~[ozone-manager-1.4.0-SNAPSHOT.jar:?]
	at org.apache.hadoop.ozone.om.OmMetadataReader.getFileStatus(OmMetadataReader.java:262) ~[ozone-manager-1.4.0-SNAPSHOT.jar:?]
	at org.apache.hadoop.ozone.om.OzoneManager.getFileStatus(OzoneManager.java:3533) ~[ozone-manager-1.4.0-SNAPSHOT.jar:?]
	at org.apache.hadoop.ozone.protocolPB.OzoneManagerRequestHandler.getOzoneFileStatus(OzoneManagerRequestHandler.java:971) ~[ozone-manager-1.4.0-SNAPSHOT.jar:?]
	at org.apache.hadoop.ozone.protocolPB.OzoneManagerRequestHandler.handleReadRequest(OzoneManagerRequestHandler.java:250) ~[ozone-manager-1.4.0-SNAPSHOT.jar:?]
	at org.apache.hadoop.ozone.protocolPB.OzoneManagerProtocolServerSideTranslatorPB.submitReadRequestToOM(OzoneManagerProtocolServerSideTranslatorPB.java:225) ~[ozone-manager-1.4.0-SNAPSHOT.jar:?]
	at org.apache.hadoop.ozone.protocolPB.OzoneManagerProtocolServerSideTranslatorPB.processRequest(OzoneManagerProtocolServerSideTranslatorPB.java:179) ~[ozone-manager-1.4.0-SNAPSHOT.jar:?]
	at org.apache.hadoop.hdds.server.OzoneProtocolMessageDispatcher.processRequest(OzoneProtocolMessageDispatcher.java:87) [hdds-server-framework-1.4.0-SNAPSHOT.jar:?]
	at org.apache.hadoop.ozone.protocolPB.OzoneManagerProtocolServerSideTranslatorPB.submitRequest(OzoneManagerProtocolServerSideTranslatorPB.java:148) [ozone-manager-1.4.0-SNAPSHOT.jar:?]
	at org.apache.hadoop.ozone.protocol.proto.OzoneManagerProtocolProtos$OzoneManagerService$2.callBlockingMethod(OzoneManagerProtocolProtos.java) [ozone-interface-client-1.4.0-SNAPSHOT.jar:?]
	at org.apache.hadoop.ipc.ProtobufRpcEngine$Server.processCall(ProtobufRpcEngine.java:484) [hadoop-common-3.3.6.jar:?]
	at org.apache.hadoop.ipc.ProtobufRpcEngine2$Server$ProtoBufRpcInvoker.call(ProtobufRpcEngine2.java:595) [hadoop-common-3.3.6.jar:?]
	at org.apache.hadoop.ipc.ProtobufRpcEngine2$Server$ProtoBufRpcInvoker.call(ProtobufRpcEngine2.java:573) [hadoop-common-3.3.6.jar:?]
	at org.apache.hadoop.ipc.RPC$Server.call(RPC.java:1227) [hadoop-common-3.3.6.jar:?]
	at org.apache.hadoop.ipc.Server$RpcCall.run(Server.java:1094) [hadoop-common-3.3.6.jar:?]
	at org.apache.hadoop.ipc.Server$RpcCall.run(Server.java:1017) [hadoop-common-3.3.6.jar:?]
	at java.security.AccessController.doPrivileged(Native Method) ~[?:1.8.0_382]
	at javax.security.auth.Subject.doAs(Subject.java:422) [?:1.8.0_382]
	at org.apache.hadoop.security.UserGroupInformation.doAs(UserGroupInformation.java:1899) [hadoop-common-3.3.6.jar:?]
	at org.apache.hadoop.ipc.Server$Handler.run(Server.java:3048) [hadoop-common-3.3.6.jar:?]
17:50:08.720 [IPC Server handler 10 on default port 15004] ERROR OMAudit - user=runner | ip=127.0.0.1 | op=GET_FILE_STATUS {volume=volume11074, bucket=bucket83761, key=testBatchDelete/parent/child2, dataSize=0, replicationConfig=null} | ret=FAILURE
org.apache.hadoop.ozone.om.exceptions.OMException: Unable to get file status: volume: volume11074 bucket: bucket83761 key: testBatchDelete/parent/child2
	at org.apache.hadoop.ozone.om.KeyManagerImpl.getOzoneFileStatusFSO(KeyManagerImpl.java:1320) ~[ozone-manager-1.4.0-SNAPSHOT.jar:?]
	at org.apache.hadoop.ozone.om.KeyManagerImpl.getFileStatus(KeyManagerImpl.java:1111) ~[ozone-manager-1.4.0-SNAPSHOT.jar:?]
	at org.apache.hadoop.ozone.om.OmMetadataReader.getFileStatus(OmMetadataReader.java:262) ~[ozone-manager-1.4.0-SNAPSHOT.jar:?]
	at org.apache.hadoop.ozone.om.OzoneManager.getFileStatus(OzoneManager.java:3533) ~[ozone-manager-1.4.0-SNAPSHOT.jar:?]
	at org.apache.hadoop.ozone.protocolPB.OzoneManagerRequestHandler.getOzoneFileStatus(OzoneManagerRequestHandler.java:971) ~[ozone-manager-1.4.0-SNAPSHOT.jar:?]
	at org.apache.hadoop.ozone.protocolPB.OzoneManagerRequestHandler.handleReadRequest(OzoneManagerRequestHandler.java:250) ~[ozone-manager-1.4.0-SNAPSHOT.jar:?]
	at org.apache.hadoop.ozone.protocolPB.OzoneManagerProtocolServerSideTranslatorPB.submitReadRequestToOM(OzoneManagerProtocolServerSideTranslatorPB.java:225) ~[ozone-manager-1.4.0-SNAPSHOT.jar:?]
	at org.apache.hadoop.ozone.protocolPB.OzoneManagerProtocolServerSideTranslatorPB.processRequest(OzoneManagerProtocolServerSideTranslatorPB.java:179) ~[ozone-manager-1.4.0-SNAPSHOT.jar:?]
	at org.apache.hadoop.hdds.server.OzoneProtocolMessageDispatcher.processRequest(OzoneProtocolMessageDispatcher.java:87) [hdds-server-framework-1.4.0-SNAPSHOT.jar:?]
	at org.apache.hadoop.ozone.protocolPB.OzoneManagerProtocolServerSideTranslatorPB.submitRequest(OzoneManagerProtocolServerSideTranslatorPB.java:148) [ozone-manager-1.4.0-SNAPSHOT.jar:?]
	at org.apache.hadoop.ozone.protocol.proto.OzoneManagerProtocolProtos$OzoneManagerService$2.callBlockingMethod(OzoneManagerProtocolProtos.java) [ozone-interface-client-1.4.0-SNAPSHOT.jar:?]
	at org.apache.hadoop.ipc.ProtobufRpcEngine$Server.processCall(ProtobufRpcEngine.java:484) [hadoop-common-3.3.6.jar:?]
	at org.apache.hadoop.ipc.ProtobufRpcEngine2$Server$ProtoBufRpcInvoker.call(ProtobufRpcEngine2.java:595) [hadoop-common-3.3.6.jar:?]
	at org.apache.hadoop.ipc.ProtobufRpcEngine2$Server$ProtoBufRpcInvoker.call(ProtobufRpcEngine2.java:573) [hadoop-common-3.3.6.jar:?]
	at org.apache.hadoop.ipc.RPC$Server.call(RPC.java:1227) [hadoop-common-3.3.6.jar:?]
	at org.apache.hadoop.ipc.Server$RpcCall.run(Server.java:1094) [hadoop-common-3.3.6.jar:?]
	at org.apache.hadoop.ipc.Server$RpcCall.run(Server.java:1017) [hadoop-common-3.3.6.jar:?]
	at java.security.AccessController.doPrivileged(Native Method) ~[?:1.8.0_382]
	at javax.security.auth.Subject.doAs(Subject.java:422) [?:1.8.0_382]
	at org.apache.hadoop.security.UserGroupInformation.doAs(UserGroupInformation.java:1899) [hadoop-common-3.3.6.jar:?]
	at org.apache.hadoop.ipc.Server$Handler.run(Server.java:3048) [hadoop-common-3.3.6.jar:?]
17:50:08.722 [IPC Server handler 14 on default port 15004] ERROR OMAudit - user=runner | ip=127.0.0.1 | op=GET_FILE_STATUS {volume=volume11074, bucket=bucket83761, key=testBatchDelete/parent/childFolder/child2, dataSize=0, replicationConfig=null} | ret=FAILURE
org.apache.hadoop.ozone.om.exceptions.OMException: Unable to get file status: volume: volume11074 bucket: bucket83761 key: testBatchDelete/parent/childFolder/child2
	at org.apache.hadoop.ozone.om.KeyManagerImpl.getOzoneFileStatusFSO(KeyManagerImpl.java:1320) ~[ozone-manager-1.4.0-SNAPSHOT.jar:?]
	at org.apache.hadoop.ozone.om.KeyManagerImpl.getFileStatus(KeyManagerImpl.java:1111) ~[ozone-manager-1.4.0-SNAPSHOT.jar:?]
	at org.apache.hadoop.ozone.om.OmMetadataReader.getFileStatus(OmMetadataReader.java:262) ~[ozone-manager-1.4.0-SNAPSHOT.jar:?]
	at org.apache.hadoop.ozone.om.OzoneManager.getFileStatus(OzoneManager.java:3533) ~[ozone-manager-1.4.0-SNAPSHOT.jar:?]
	at org.apache.hadoop.ozone.protocolPB.OzoneManagerRequestHandler.getOzoneFileStatus(OzoneManagerRequestHandler.java:971) ~[ozone-manager-1.4.0-SNAPSHOT.jar:?]
	at org.apache.hadoop.ozone.protocolPB.OzoneManagerRequestHandler.handleReadRequest(OzoneManagerRequestHandler.java:250) ~[ozone-manager-1.4.0-SNAPSHOT.jar:?]
	at org.apache.hadoop.ozone.protocolPB.OzoneManagerProtocolServerSideTranslatorPB.submitReadRequestToOM(OzoneManagerProtocolServerSideTranslatorPB.java:225) ~[ozone-manager-1.4.0-SNAPSHOT.jar:?]
	at org.apache.hadoop.ozone.protocolPB.OzoneManagerProtocolServerSideTranslatorPB.processRequest(OzoneManagerProtocolServerSideTranslatorPB.java:179) ~[ozone-manager-1.4.0-SNAPSHOT.jar:?]
	at org.apache.hadoop.hdds.server.OzoneProtocolMessageDispatcher.processRequest(OzoneProtocolMessageDispatcher.java:87) [hdds-server-framework-1.4.0-SNAPSHOT.jar:?]
	at org.apache.hadoop.ozone.protocolPB.OzoneManagerProtocolServerSideTranslatorPB.submitRequest(OzoneManagerProtocolServerSideTranslatorPB.java:148) [ozone-manager-1.4.0-SNAPSHOT.jar:?]
	at org.apache.hadoop.ozone.protocol.proto.OzoneManagerProtocolProtos$OzoneManagerService$2.callBlockingMethod(OzoneManagerProtocolProtos.java) [ozone-interface-client-1.4.0-SNAPSHOT.jar:?]
	at org.apache.hadoop.ipc.ProtobufRpcEngine$Server.processCall(ProtobufRpcEngine.java:484) [hadoop-common-3.3.6.jar:?]
	at org.apache.hadoop.ipc.ProtobufRpcEngine2$Server$ProtoBufRpcInvoker.call(ProtobufRpcEngine2.java:595) [hadoop-common-3.3.6.jar:?]
	at org.apache.hadoop.ipc.ProtobufRpcEngine2$Server$ProtoBufRpcInvoker.call(ProtobufRpcEngine2.java:573) [hadoop-common-3.3.6.jar:?]
	at org.apache.hadoop.ipc.RPC$Server.call(RPC.java:1227) [hadoop-common-3.3.6.jar:?]
	at org.apache.hadoop.ipc.Server$RpcCall.run(Server.java:1094) [hadoop-common-3.3.6.jar:?]
	at org.apache.hadoop.ipc.Server$RpcCall.run(Server.java:1017) [hadoop-common-3.3.6.jar:?]
	at java.security.AccessController.doPrivileged(Native Method) ~[?:1.8.0_382]
	at javax.security.auth.Subject.doAs(Subject.java:422) [?:1.8.0_382]
	at org.apache.hadoop.security.UserGroupInformation.doAs(UserGroupInformation.java:1899) [hadoop-common-3.3.6.jar:?]
	at org.apache.hadoop.ipc.Server$Handler.run(Server.java:3048) [hadoop-common-3.3.6.jar:?]
17:50:08.725 [IPC Server handler 18 on default port 15004] ERROR OMAudit - user=runner | ip=127.0.0.1 | op=GET_FILE_STATUS {volume=volume11074, bucket=bucket83761, key=testBatchDelete/parent/child3, dataSize=0, replicationConfig=null} | ret=FAILURE
org.apache.hadoop.ozone.om.exceptions.OMException: Unable to get file status: volume: volume11074 bucket: bucket83761 key: testBatchDelete/parent/child3
	at org.apache.hadoop.ozone.om.KeyManagerImpl.getOzoneFileStatusFSO(KeyManagerImpl.java:1320) ~[ozone-manager-1.4.0-SNAPSHOT.jar:?]
	at org.apache.hadoop.ozone.om.KeyManagerImpl.getFileStatus(KeyManagerImpl.java:1111) ~[ozone-manager-1.4.0-SNAPSHOT.jar:?]
	at org.apache.hadoop.ozone.om.OmMetadataReader.getFileStatus(OmMetadataReader.java:262) ~[ozone-manager-1.4.0-SNAPSHOT.jar:?]
	at org.apache.hadoop.ozone.om.OzoneManager.getFileStatus(OzoneManager.java:3533) ~[ozone-manager-1.4.0-SNAPSHOT.jar:?]
	at org.apache.hadoop.ozone.protocolPB.OzoneManagerRequestHandler.getOzoneFileStatus(OzoneManagerRequestHandler.java:971) ~[ozone-manager-1.4.0-SNAPSHOT.jar:?]
	at org.apache.hadoop.ozone.protocolPB.OzoneManagerRequestHandler.handleReadRequest(OzoneManagerRequestHandler.java:250) ~[ozone-manager-1.4.0-SNAPSHOT.jar:?]
	at org.apache.hadoop.ozone.protocolPB.OzoneManagerProtocolServerSideTranslatorPB.submitReadRequestToOM(OzoneManagerProtocolServerSideTranslatorPB.java:225) ~[ozone-manager-1.4.0-SNAPSHOT.jar:?]
	at org.apache.hadoop.ozone.protocolPB.OzoneManagerProtocolServerSideTranslatorPB.processRequest(OzoneManagerProtocolServerSideTranslatorPB.java:179) ~[ozone-manager-1.4.0-SNAPSHOT.jar:?]
	at org.apache.hadoop.hdds.server.OzoneProtocolMessageDispatcher.processRequest(OzoneProtocolMessageDispatcher.java:87) [hdds-server-framework-1.4.0-SNAPSHOT.jar:?]
	at org.apache.hadoop.ozone.protocolPB.OzoneManagerProtocolServerSideTranslatorPB.submitRequest(OzoneManagerProtocolServerSideTranslatorPB.java:148) [ozone-manager-1.4.0-SNAPSHOT.jar:?]
	at org.apache.hadoop.ozone.protocol.proto.OzoneManagerProtocolProtos$OzoneManagerService$2.callBlockingMethod(OzoneManagerProtocolProtos.java) [ozone-interface-client-1.4.0-SNAPSHOT.jar:?]
	at org.apache.hadoop.ipc.ProtobufRpcEngine$Server.processCall(ProtobufRpcEngine.java:484) [hadoop-common-3.3.6.jar:?]
	at org.apache.hadoop.ipc.ProtobufRpcEngine2$Server$ProtoBufRpcInvoker.call(ProtobufRpcEngine2.java:595) [hadoop-common-3.3.6.jar:?]
	at org.apache.hadoop.ipc.ProtobufRpcEngine2$Server$ProtoBufRpcInvoker.call(ProtobufRpcEngine2.java:573) [hadoop-common-3.3.6.jar:?]
	at org.apache.hadoop.ipc.RPC$Server.call(RPC.java:1227) [hadoop-common-3.3.6.jar:?]
	at org.apache.hadoop.ipc.Server$RpcCall.run(Server.java:1094) [hadoop-common-3.3.6.jar:?]
	at org.apache.hadoop.ipc.Server$RpcCall.run(Server.java:1017) [hadoop-common-3.3.6.jar:?]
	at java.security.AccessController.doPrivileged(Native Method) ~[?:1.8.0_382]
	at javax.security.auth.Subject.doAs(Subject.java:422) [?:1.8.0_382]
	at org.apache.hadoop.security.UserGroupInformation.doAs(UserGroupInformation.java:1899) [hadoop-common-3.3.6.jar:?]
	at org.apache.hadoop.ipc.Server$Handler.run(Server.java:3048) [hadoop-common-3.3.6.jar:?]
17:50:08.729 [IPC Server handler 16 on default port 15004] ERROR OMAudit - user=runner | ip=127.0.0.1 | op=GET_FILE_STATUS {volume=volume11074, bucket=bucket83761, key=testBatchDelete/parent/childFolder/child3, dataSize=0, replicationConfig=null} | ret=FAILURE
org.apache.hadoop.ozone.om.exceptions.OMException: Unable to get file status: volume: volume11074 bucket: bucket83761 key: testBatchDelete/parent/childFolder/child3
	at org.apache.hadoop.ozone.om.KeyManagerImpl.getOzoneFileStatusFSO(KeyManagerImpl.java:1320) ~[ozone-manager-1.4.0-SNAPSHOT.jar:?]
	at org.apache.hadoop.ozone.om.KeyManagerImpl.getFileStatus(KeyManagerImpl.java:1111) ~[ozone-manager-1.4.0-SNAPSHOT.jar:?]
	at org.apache.hadoop.ozone.om.OmMetadataReader.getFileStatus(OmMetadataReader.java:262) ~[ozone-manager-1.4.0-SNAPSHOT.jar:?]
	at org.apache.hadoop.ozone.om.OzoneManager.getFileStatus(OzoneManager.java:3533) ~[ozone-manager-1.4.0-SNAPSHOT.jar:?]
	at org.apache.hadoop.ozone.protocolPB.OzoneManagerRequestHandler.getOzoneFileStatus(OzoneManagerRequestHandler.java:971) ~[ozone-manager-1.4.0-SNAPSHOT.jar:?]
	at org.apache.hadoop.ozone.protocolPB.OzoneManagerRequestHandler.handleReadRequest(OzoneManagerRequestHandler.java:250) ~[ozone-manager-1.4.0-SNAPSHOT.jar:?]
	at org.apache.hadoop.ozone.protocolPB.OzoneManagerProtocolServerSideTranslatorPB.submitReadRequestToOM(OzoneManagerProtocolServerSideTranslatorPB.java:225) ~[ozone-manager-1.4.0-SNAPSHOT.jar:?]
	at org.apache.hadoop.ozone.protocolPB.OzoneManagerProtocolServerSideTranslatorPB.processRequest(OzoneManagerProtocolServerSideTranslatorPB.java:179) ~[ozone-manager-1.4.0-SNAPSHOT.jar:?]
	at org.apache.hadoop.hdds.server.OzoneProtocolMessageDispatcher.processRequest(OzoneProtocolMessageDispatcher.java:87) [hdds-server-framework-1.4.0-SNAPSHOT.jar:?]
	at org.apache.hadoop.ozone.protocolPB.OzoneManagerProtocolServerSideTranslatorPB.submitRequest(OzoneManagerProtocolServerSideTranslatorPB.java:148) [ozone-manager-1.4.0-SNAPSHOT.jar:?]
	at org.apache.hadoop.ozone.protocol.proto.OzoneManagerProtocolProtos$OzoneManagerService$2.callBlockingMethod(OzoneManagerProtocolProtos.java) [ozone-interface-client-1.4.0-SNAPSHOT.jar:?]
	at org.apache.hadoop.ipc.ProtobufRpcEngine$Server.processCall(ProtobufRpcEngine.java:484) [hadoop-common-3.3.6.jar:?]
	at org.apache.hadoop.ipc.ProtobufRpcEngine2$Server$ProtoBufRpcInvoker.call(ProtobufRpcEngine2.java:595) [hadoop-common-3.3.6.jar:?]
	at org.apache.hadoop.ipc.ProtobufRpcEngine2$Server$ProtoBufRpcInvoker.call(ProtobufRpcEngine2.java:573) [hadoop-common-3.3.6.jar:?]
	at org.apache.hadoop.ipc.RPC$Server.call(RPC.java:1227) [hadoop-common-3.3.6.jar:?]
	at org.apache.hadoop.ipc.Server$RpcCall.run(Server.java:1094) [hadoop-common-3.3.6.jar:?]
	at org.apache.hadoop.ipc.Server$RpcCall.run(Server.java:1017) [hadoop-common-3.3.6.jar:?]
	at java.security.AccessController.doPrivileged(Native Method) ~[?:1.8.0_382]
	at javax.security.auth.Subject.doAs(Subject.java:422) [?:1.8.0_382]
	at org.apache.hadoop.security.UserGroupInformation.doAs(UserGroupInformation.java:1899) [hadoop-common-3.3.6.jar:?]
	at org.apache.hadoop.ipc.Server$Handler.run(Server.java:3048) [hadoop-common-3.3.6.jar:?]
17:50:08.731 [IPC Server handler 17 on default port 15004] ERROR OMAudit - user=runner | ip=127.0.0.1 | op=GET_FILE_STATUS {volume=volume11074, bucket=bucket83761, key=testBatchDelete/parent/child4, dataSize=0, replicationConfig=null} | ret=FAILURE
org.apache.hadoop.ozone.om.exceptions.OMException: Unable to get file status: volume: volume11074 bucket: bucket83761 key: testBatchDelete/parent/child4
	at org.apache.hadoop.ozone.om.KeyManagerImpl.getOzoneFileStatusFSO(KeyManagerImpl.java:1320) ~[ozone-manager-1.4.0-SNAPSHOT.jar:?]
	at org.apache.hadoop.ozone.om.KeyManagerImpl.getFileStatus(KeyManagerImpl.java:1111) ~[ozone-manager-1.4.0-SNAPSHOT.jar:?]
	at org.apache.hadoop.ozone.om.OmMetadataReader.getFileStatus(OmMetadataReader.java:262) ~[ozone-manager-1.4.0-SNAPSHOT.jar:?]
	at org.apache.hadoop.ozone.om.OzoneManager.getFileStatus(OzoneManager.java:3533) ~[ozone-manager-1.4.0-SNAPSHOT.jar:?]
	at org.apache.hadoop.ozone.protocolPB.OzoneManagerRequestHandler.getOzoneFileStatus(OzoneManagerRequestHandler.java:971) ~[ozone-manager-1.4.0-SNAPSHOT.jar:?]
	at org.apache.hadoop.ozone.protocolPB.OzoneManagerRequestHandler.handleReadRequest(OzoneManagerRequestHandler.java:250) ~[ozone-manager-1.4.0-SNAPSHOT.jar:?]
	at org.apache.hadoop.ozone.protocolPB.OzoneManagerProtocolServerSideTranslatorPB.submitReadRequestToOM(OzoneManagerProtocolServerSideTranslatorPB.java:225) ~[ozone-manager-1.4.0-SNAPSHOT.jar:?]
	at org.apache.hadoop.ozone.protocolPB.OzoneManagerProtocolServerSideTranslatorPB.processRequest(OzoneManagerProtocolServerSideTranslatorPB.java:179) ~[ozone-manager-1.4.0-SNAPSHOT.jar:?]
	at org.apache.hadoop.hdds.server.OzoneProtocolMessageDispatcher.processRequest(OzoneProtocolMessageDispatcher.java:87) [hdds-server-framework-1.4.0-SNAPSHOT.jar:?]
	at org.apache.hadoop.ozone.protocolPB.OzoneManagerProtocolServerSideTranslatorPB.submitRequest(OzoneManagerProtocolServerSideTranslatorPB.java:148) [ozone-manager-1.4.0-SNAPSHOT.jar:?]
	at org.apache.hadoop.ozone.protocol.proto.OzoneManagerProtocolProtos$OzoneManagerService$2.callBlockingMethod(OzoneManagerProtocolProtos.java) [ozone-interface-client-1.4.0-SNAPSHOT.jar:?]
	at org.apache.hadoop.ipc.ProtobufRpcEngine$Server.processCall(ProtobufRpcEngine.java:484) [hadoop-common-3.3.6.jar:?]
	at org.apache.hadoop.ipc.ProtobufRpcEngine2$Server$ProtoBufRpcInvoker.call(ProtobufRpcEngine2.java:595) [hadoop-common-3.3.6.jar:?]
	at org.apache.hadoop.ipc.ProtobufRpcEngine2$Server$ProtoBufRpcInvoker.call(ProtobufRpcEngine2.java:573) [hadoop-common-3.3.6.jar:?]
	at org.apache.hadoop.ipc.RPC$Server.call(RPC.java:1227) [hadoop-common-3.3.6.jar:?]
	at org.apache.hadoop.ipc.Server$RpcCall.run(Server.java:1094) [hadoop-common-3.3.6.jar:?]
	at org.apache.hadoop.ipc.Server$RpcCall.run(Server.java:1017) [hadoop-common-3.3.6.jar:?]
	at java.security.AccessController.doPrivileged(Native Method) ~[?:1.8.0_382]
	at javax.security.auth.Subject.doAs(Subject.java:422) [?:1.8.0_382]
	at org.apache.hadoop.security.UserGroupInformation.doAs(UserGroupInformation.java:1899) [hadoop-common-3.3.6.jar:?]
	at org.apache.hadoop.ipc.Server$Handler.run(Server.java:3048) [hadoop-common-3.3.6.jar:?]
17:50:08.733 [IPC Server handler 4 on default port 15004] ERROR OMAudit - user=runner | ip=127.0.0.1 | op=GET_FILE_STATUS {volume=volume11074, bucket=bucket83761, key=testBatchDelete/parent/childFolder/child4, dataSize=0, replicationConfig=null} | ret=FAILURE
org.apache.hadoop.ozone.om.exceptions.OMException: Unable to get file status: volume: volume11074 bucket: bucket83761 key: testBatchDelete/parent/childFolder/child4
	at org.apache.hadoop.ozone.om.KeyManagerImpl.getOzoneFileStatusFSO(KeyManagerImpl.java:1320) ~[ozone-manager-1.4.0-SNAPSHOT.jar:?]
	at org.apache.hadoop.ozone.om.KeyManagerImpl.getFileStatus(KeyManagerImpl.java:1111) ~[ozone-manager-1.4.0-SNAPSHOT.jar:?]
	at org.apache.hadoop.ozone.om.OmMetadataReader.getFileStatus(OmMetadataReader.java:262) ~[ozone-manager-1.4.0-SNAPSHOT.jar:?]
	at org.apache.hadoop.ozone.om.OzoneManager.getFileStatus(OzoneManager.java:3533) ~[ozone-manager-1.4.0-SNAPSHOT.jar:?]
	at org.apache.hadoop.ozone.protocolPB.OzoneManagerRequestHandler.getOzoneFileStatus(OzoneManagerRequestHandler.java:971) ~[ozone-manager-1.4.0-SNAPSHOT.jar:?]
	at org.apache.hadoop.ozone.protocolPB.OzoneManagerRequestHandler.handleReadRequest(OzoneManagerRequestHandler.java:250) ~[ozone-manager-1.4.0-SNAPSHOT.jar:?]
	at org.apache.hadoop.ozone.protocolPB.OzoneManagerProtocolServerSideTranslatorPB.submitReadRequestToOM(OzoneManagerProtocolServerSideTranslatorPB.java:225) ~[ozone-manager-1.4.0-SNAPSHOT.jar:?]
	at org.apache.hadoop.ozone.protocolPB.OzoneManagerProtocolServerSideTranslatorPB.processRequest(OzoneManagerProtocolServerSideTranslatorPB.java:179) ~[ozone-manager-1.4.0-SNAPSHOT.jar:?]
	at org.apache.hadoop.hdds.server.OzoneProtocolMessageDispatcher.processRequest(OzoneProtocolMessageDispatcher.java:87) [hdds-server-framework-1.4.0-SNAPSHOT.jar:?]
	at org.apache.hadoop.ozone.protocolPB.OzoneManagerProtocolServerSideTranslatorPB.submitRequest(OzoneManagerProtocolServerSideTranslatorPB.java:148) [ozone-manager-1.4.0-SNAPSHOT.jar:?]
	at org.apache.hadoop.ozone.protocol.proto.OzoneManagerProtocolProtos$OzoneManagerService$2.callBlockingMethod(OzoneManagerProtocolProtos.java) [ozone-interface-client-1.4.0-SNAPSHOT.jar:?]
	at org.apache.hadoop.ipc.ProtobufRpcEngine$Server.processCall(ProtobufRpcEngine.java:484) [hadoop-common-3.3.6.jar:?]
	at org.apache.hadoop.ipc.ProtobufRpcEngine2$Server$ProtoBufRpcInvoker.call(ProtobufRpcEngine2.java:595) [hadoop-common-3.3.6.jar:?]
	at org.apache.hadoop.ipc.ProtobufRpcEngine2$Server$ProtoBufRpcInvoker.call(ProtobufRpcEngine2.java:573) [hadoop-common-3.3.6.jar:?]
	at org.apache.hadoop.ipc.RPC$Server.call(RPC.java:1227) [hadoop-common-3.3.6.jar:?]
	at org.apache.hadoop.ipc.Server$RpcCall.run(Server.java:1094) [hadoop-common-3.3.6.jar:?]
	at org.apache.hadoop.ipc.Server$RpcCall.run(Server.java:1017) [hadoop-common-3.3.6.jar:?]
	at java.security.AccessController.doPrivileged(Native Method) ~[?:1.8.0_382]
	at javax.security.auth.Subject.doAs(Subject.java:422) [?:1.8.0_382]
	at org.apache.hadoop.security.UserGroupInformation.doAs(UserGroupInformation.java:1899) [hadoop-common-3.3.6.jar:?]
	at org.apache.hadoop.ipc.Server$Handler.run(Server.java:3048) [hadoop-common-3.3.6.jar:?]
17:50:08.735 [IPC Server handler 0 on default port 15004] ERROR OMAudit - user=runner | ip=127.0.0.1 | op=GET_FILE_STATUS {volume=volume11074, bucket=bucket83761, key=testBatchDelete/parent/child5, dataSize=0, replicationConfig=null} | ret=FAILURE
org.apache.hadoop.ozone.om.exceptions.OMException: Unable to get file status: volume: volume11074 bucket: bucket83761 key: testBatchDelete/parent/child5
	at org.apache.hadoop.ozone.om.KeyManagerImpl.getOzoneFileStatusFSO(KeyManagerImpl.java:1320) ~[ozone-manager-1.4.0-SNAPSHOT.jar:?]
	at org.apache.hadoop.ozone.om.KeyManagerImpl.getFileStatus(KeyManagerImpl.java:1111) ~[ozone-manager-1.4.0-SNAPSHOT.jar:?]
	at org.apache.hadoop.ozone.om.OmMetadataReader.getFileStatus(OmMetadataReader.java:262) ~[ozone-manager-1.4.0-SNAPSHOT.jar:?]
	at org.apache.hadoop.ozone.om.OzoneManager.getFileStatus(OzoneManager.java:3533) ~[ozone-manager-1.4.0-SNAPSHOT.jar:?]
	at org.apache.hadoop.ozone.protocolPB.OzoneManagerRequestHandler.getOzoneFileStatus(OzoneManagerRequestHandler.java:971) ~[ozone-manager-1.4.0-SNAPSHOT.jar:?]
	at org.apache.hadoop.ozone.protocolPB.OzoneManagerRequestHandler.handleReadRequest(OzoneManagerRequestHandler.java:250) ~[ozone-manager-1.4.0-SNAPSHOT.jar:?]
	at org.apache.hadoop.ozone.protocolPB.OzoneManagerProtocolServerSideTranslatorPB.submitReadRequestToOM(OzoneManagerProtocolServerSideTranslatorPB.java:225) ~[ozone-manager-1.4.0-SNAPSHOT.jar:?]
	at org.apache.hadoop.ozone.protocolPB.OzoneManagerProtocolServerSideTranslatorPB.processRequest(OzoneManagerProtocolServerSideTranslatorPB.java:179) ~[ozone-manager-1.4.0-SNAPSHOT.jar:?]
	at org.apache.hadoop.hdds.server.OzoneProtocolMessageDispatcher.processRequest(OzoneProtocolMessageDispatcher.java:87) [hdds-server-framework-1.4.0-SNAPSHOT.jar:?]
	at org.apache.hadoop.ozone.protocolPB.OzoneManagerProtocolServerSideTranslatorPB.submitRequest(OzoneManagerProtocolServerSideTranslatorPB.java:148) [ozone-manager-1.4.0-SNAPSHOT.jar:?]
	at org.apache.hadoop.ozone.protocol.proto.OzoneManagerProtocolProtos$OzoneManagerService$2.callBlockingMethod(OzoneManagerProtocolProtos.java) [ozone-interface-client-1.4.0-SNAPSHOT.jar:?]
	at org.apache.hadoop.ipc.ProtobufRpcEngine$Server.processCall(ProtobufRpcEngine.java:484) [hadoop-common-3.3.6.jar:?]
	at org.apache.hadoop.ipc.ProtobufRpcEngine2$Server$ProtoBufRpcInvoker.call(ProtobufRpcEngine2.java:595) [hadoop-common-3.3.6.jar:?]
	at org.apache.hadoop.ipc.ProtobufRpcEngine2$Server$ProtoBufRpcInvoker.call(ProtobufRpcEngine2.java:573) [hadoop-common-3.3.6.jar:?]
	at org.apache.hadoop.ipc.RPC$Server.call(RPC.java:1227) [hadoop-common-3.3.6.jar:?]
	at org.apache.hadoop.ipc.Server$RpcCall.run(Server.java:1094) [hadoop-common-3.3.6.jar:?]
	at org.apache.hadoop.ipc.Server$RpcCall.run(Server.java:1017) [hadoop-common-3.3.6.jar:?]
	at java.security.AccessController.doPrivileged(Native Method) ~[?:1.8.0_382]
	at javax.security.auth.Subject.doAs(Subject.java:422) [?:1.8.0_382]
	at org.apache.hadoop.security.UserGroupInformation.doAs(UserGroupInformation.java:1899) [hadoop-common-3.3.6.jar:?]
	at org.apache.hadoop.ipc.Server$Handler.run(Server.java:3048) [hadoop-common-3.3.6.jar:?]
17:50:08.736 [IPC Server handler 3 on default port 15004] ERROR OMAudit - user=runner | ip=127.0.0.1 | op=GET_FILE_STATUS {volume=volume11074, bucket=bucket83761, key=testBatchDelete/parent/childFolder/child5, dataSize=0, replicationConfig=null} | ret=FAILURE
org.apache.hadoop.ozone.om.exceptions.OMException: Unable to get file status: volume: volume11074 bucket: bucket83761 key: testBatchDelete/parent/childFolder/child5
	at org.apache.hadoop.ozone.om.KeyManagerImpl.getOzoneFileStatusFSO(KeyManagerImpl.java:1320) ~[ozone-manager-1.4.0-SNAPSHOT.jar:?]
	at org.apache.hadoop.ozone.om.KeyManagerImpl.getFileStatus(KeyManagerImpl.java:1111) ~[ozone-manager-1.4.0-SNAPSHOT.jar:?]
	at org.apache.hadoop.ozone.om.OmMetadataReader.getFileStatus(OmMetadataReader.java:262) ~[ozone-manager-1.4.0-SNAPSHOT.jar:?]
	at org.apache.hadoop.ozone.om.OzoneManager.getFileStatus(OzoneManager.java:3533) ~[ozone-manager-1.4.0-SNAPSHOT.jar:?]
	at org.apache.hadoop.ozone.protocolPB.OzoneManagerRequestHandler.getOzoneFileStatus(OzoneManagerRequestHandler.java:971) ~[ozone-manager-1.4.0-SNAPSHOT.jar:?]
	at org.apache.hadoop.ozone.protocolPB.OzoneManagerRequestHandler.handleReadRequest(OzoneManagerRequestHandler.java:250) ~[ozone-manager-1.4.0-SNAPSHOT.jar:?]
	at org.apache.hadoop.ozone.protocolPB.OzoneManagerProtocolServerSideTranslatorPB.submitReadRequestToOM(OzoneManagerProtocolServerSideTranslatorPB.java:225) ~[ozone-manager-1.4.0-SNAPSHOT.jar:?]
	at org.apache.hadoop.ozone.protocolPB.OzoneManagerProtocolServerSideTranslatorPB.processRequest(OzoneManagerProtocolServerSideTranslatorPB.java:179) ~[ozone-manager-1.4.0-SNAPSHOT.jar:?]
	at org.apache.hadoop.hdds.server.OzoneProtocolMessageDispatcher.processRequest(OzoneProtocolMessageDispatcher.java:87) [hdds-server-framework-1.4.0-SNAPSHOT.jar:?]
	at org.apache.hadoop.ozone.protocolPB.OzoneManagerProtocolServerSideTranslatorPB.submitRequest(OzoneManagerProtocolServerSideTranslatorPB.java:148) [ozone-manager-1.4.0-SNAPSHOT.jar:?]
	at org.apache.hadoop.ozone.protocol.proto.OzoneManagerProtocolProtos$OzoneManagerService$2.callBlockingMethod(OzoneManagerProtocolProtos.java) [ozone-interface-client-1.4.0-SNAPSHOT.jar:?]
	at org.apache.hadoop.ipc.ProtobufRpcEngine$Server.processCall(ProtobufRpcEngine.java:484) [hadoop-common-3.3.6.jar:?]
	at org.apache.hadoop.ipc.ProtobufRpcEngine2$Server$ProtoBufRpcInvoker.call(ProtobufRpcEngine2.java:595) [hadoop-common-3.3.6.jar:?]
	at org.apache.hadoop.ipc.ProtobufRpcEngine2$Server$ProtoBufRpcInvoker.call(ProtobufRpcEngine2.java:573) [hadoop-common-3.3.6.jar:?]
	at org.apache.hadoop.ipc.RPC$Server.call(RPC.java:1227) [hadoop-common-3.3.6.jar:?]
	at org.apache.hadoop.ipc.Server$RpcCall.run(Server.java:1094) [hadoop-common-3.3.6.jar:?]
	at org.apache.hadoop.ipc.Server$RpcCall.run(Server.java:1017) [hadoop-common-3.3.6.jar:?]
	at java.security.AccessController.doPrivileged(Native Method) ~[?:1.8.0_382]
	at javax.security.auth.Subject.doAs(Subject.java:422) [?:1.8.0_382]
	at org.apache.hadoop.security.UserGroupInformation.doAs(UserGroupInformation.java:1899) [hadoop-common-3.3.6.jar:?]
	at org.apache.hadoop.ipc.Server$Handler.run(Server.java:3048) [hadoop-common-3.3.6.jar:?]
17:50:08.738 [IPC Server handler 11 on default port 15004] ERROR OMAudit - user=runner | ip=127.0.0.1 | op=GET_FILE_STATUS {volume=volume11074, bucket=bucket83761, key=testBatchDelete/parent/child6, dataSize=0, replicationConfig=null} | ret=FAILURE
org.apache.hadoop.ozone.om.exceptions.OMException: Unable to get file status: volume: volume11074 bucket: bucket83761 key: testBatchDelete/parent/child6
	at org.apache.hadoop.ozone.om.KeyManagerImpl.getOzoneFileStatusFSO(KeyManagerImpl.java:1320) ~[ozone-manager-1.4.0-SNAPSHOT.jar:?]
	at org.apache.hadoop.ozone.om.KeyManagerImpl.getFileStatus(KeyManagerImpl.java:1111) ~[ozone-manager-1.4.0-SNAPSHOT.jar:?]
	at org.apache.hadoop.ozone.om.OmMetadataReader.getFileStatus(OmMetadataReader.java:262) ~[ozone-manager-1.4.0-SNAPSHOT.jar:?]
	at org.apache.hadoop.ozone.om.OzoneManager.getFileStatus(OzoneManager.java:3533) ~[ozone-manager-1.4.0-SNAPSHOT.jar:?]
	at org.apache.hadoop.ozone.protocolPB.OzoneManagerRequestHandler.getOzoneFileStatus(OzoneManagerRequestHandler.java:971) ~[ozone-manager-1.4.0-SNAPSHOT.jar:?]
	at org.apache.hadoop.ozone.protocolPB.OzoneManagerRequestHandler.handleReadRequest(OzoneManagerRequestHandler.java:250) ~[ozone-manager-1.4.0-SNAPSHOT.jar:?]
	at org.apache.hadoop.ozone.protocolPB.OzoneManagerProtocolServerSideTranslatorPB.submitReadRequestToOM(OzoneManagerProtocolServerSideTranslatorPB.java:225) ~[ozone-manager-1.4.0-SNAPSHOT.jar:?]
	at org.apache.hadoop.ozone.protocolPB.OzoneManagerProtocolServerSideTranslatorPB.processRequest(OzoneManagerProtocolServerSideTranslatorPB.java:179) ~[ozone-manager-1.4.0-SNAPSHOT.jar:?]
	at org.apache.hadoop.hdds.server.OzoneProtocolMessageDispatcher.processRequest(OzoneProtocolMessageDispatcher.java:87) [hdds-server-framework-1.4.0-SNAPSHOT.jar:?]
	at org.apache.hadoop.ozone.protocolPB.OzoneManagerProtocolServerSideTranslatorPB.submitRequest(OzoneManagerProtocolServerSideTranslatorPB.java:148) [ozone-manager-1.4.0-SNAPSHOT.jar:?]
	at org.apache.hadoop.ozone.protocol.proto.OzoneManagerProtocolProtos$OzoneManagerService$2.callBlockingMethod(OzoneManagerProtocolProtos.java) [ozone-interface-client-1.4.0-SNAPSHOT.jar:?]
	at org.apache.hadoop.ipc.ProtobufRpcEngine$Server.processCall(ProtobufRpcEngine.java:484) [hadoop-common-3.3.6.jar:?]
	at org.apache.hadoop.ipc.ProtobufRpcEngine2$Server$ProtoBufRpcInvoker.call(ProtobufRpcEngine2.java:595) [hadoop-common-3.3.6.jar:?]
	at org.apache.hadoop.ipc.ProtobufRpcEngine2$Server$ProtoBufRpcInvoker.call(ProtobufRpcEngine2.java:573) [hadoop-common-3.3.6.jar:?]
	at org.apache.hadoop.ipc.RPC$Server.call(RPC.java:1227) [hadoop-common-3.3.6.jar:?]
	at org.apache.hadoop.ipc.Server$RpcCall.run(Server.java:1094) [hadoop-common-3.3.6.jar:?]
	at org.apache.hadoop.ipc.Server$RpcCall.run(Server.java:1017) [hadoop-common-3.3.6.jar:?]
	at java.security.AccessController.doPrivileged(Native Method) ~[?:1.8.0_382]
	at javax.security.auth.Subject.doAs(Subject.java:422) [?:1.8.0_382]
	at org.apache.hadoop.security.UserGroupInformation.doAs(UserGroupInformation.java:1899) [hadoop-common-3.3.6.jar:?]
	at org.apache.hadoop.ipc.Server$Handler.run(Server.java:3048) [hadoop-common-3.3.6.jar:?]
17:50:08.739 [IPC Server handler 7 on default port 15004] ERROR OMAudit - user=runner | ip=127.0.0.1 | op=GET_FILE_STATUS {volume=volume11074, bucket=bucket83761, key=testBatchDelete/parent/childFolder/child6, dataSize=0, replicationConfig=null} | ret=FAILURE
org.apache.hadoop.ozone.om.exceptions.OMException: Unable to get file status: volume: volume11074 bucket: bucket83761 key: testBatchDelete/parent/childFolder/child6
	at org.apache.hadoop.ozone.om.KeyManagerImpl.getOzoneFileStatusFSO(KeyManagerImpl.java:1320) ~[ozone-manager-1.4.0-SNAPSHOT.jar:?]
	at org.apache.hadoop.ozone.om.KeyManagerImpl.getFileStatus(KeyManagerImpl.java:1111) ~[ozone-manager-1.4.0-SNAPSHOT.jar:?]
	at org.apache.hadoop.ozone.om.OmMetadataReader.getFileStatus(OmMetadataReader.java:262) ~[ozone-manager-1.4.0-SNAPSHOT.jar:?]
	at org.apache.hadoop.ozone.om.OzoneManager.getFileStatus(OzoneManager.java:3533) ~[ozone-manager-1.4.0-SNAPSHOT.jar:?]
	at org.apache.hadoop.ozone.protocolPB.OzoneManagerRequestHandler.getOzoneFileStatus(OzoneManagerRequestHandler.java:971) ~[ozone-manager-1.4.0-SNAPSHOT.jar:?]
	at org.apache.hadoop.ozone.protocolPB.OzoneManagerRequestHandler.handleReadRequest(OzoneManagerRequestHandler.java:250) ~[ozone-manager-1.4.0-SNAPSHOT.jar:?]
	at org.apache.hadoop.ozone.protocolPB.OzoneManagerProtocolServerSideTranslatorPB.submitReadRequestToOM(OzoneManagerProtocolServerSideTranslatorPB.java:225) ~[ozone-manager-1.4.0-SNAPSHOT.jar:?]
	at org.apache.hadoop.ozone.protocolPB.OzoneManagerProtocolServerSideTranslatorPB.processRequest(OzoneManagerProtocolServerSideTranslatorPB.java:179) ~[ozone-manager-1.4.0-SNAPSHOT.jar:?]
	at org.apache.hadoop.hdds.server.OzoneProtocolMessageDispatcher.processRequest(OzoneProtocolMessageDispatcher.java:87) [hdds-server-framework-1.4.0-SNAPSHOT.jar:?]
	at org.apache.hadoop.ozone.protocolPB.OzoneManagerProtocolServerSideTranslatorPB.submitRequest(OzoneManagerProtocolServerSideTranslatorPB.java:148) [ozone-manager-1.4.0-SNAPSHOT.jar:?]
	at org.apache.hadoop.ozone.protocol.proto.OzoneManagerProtocolProtos$OzoneManagerService$2.callBlockingMethod(OzoneManagerProtocolProtos.java) [ozone-interface-client-1.4.0-SNAPSHOT.jar:?]
	at org.apache.hadoop.ipc.ProtobufRpcEngine$Server.processCall(ProtobufRpcEngine.java:484) [hadoop-common-3.3.6.jar:?]
	at org.apache.hadoop.ipc.ProtobufRpcEngine2$Server$ProtoBufRpcInvoker.call(ProtobufRpcEngine2.java:595) [hadoop-common-3.3.6.jar:?]
	at org.apache.hadoop.ipc.ProtobufRpcEngine2$Server$ProtoBufRpcInvoker.call(ProtobufRpcEngine2.java:573) [hadoop-common-3.3.6.jar:?]
	at org.apache.hadoop.ipc.RPC$Server.call(RPC.java:1227) [hadoop-common-3.3.6.jar:?]
	at org.apache.hadoop.ipc.Server$RpcCall.run(Server.java:1094) [hadoop-common-3.3.6.jar:?]
	at org.apache.hadoop.ipc.Server$RpcCall.run(Server.java:1017) [hadoop-common-3.3.6.jar:?]
	at java.security.AccessController.doPrivileged(Native Method) ~[?:1.8.0_382]
	at javax.security.auth.Subject.doAs(Subject.java:422) [?:1.8.0_382]
	at org.apache.hadoop.security.UserGroupInformation.doAs(UserGroupInformation.java:1899) [hadoop-common-3.3.6.jar:?]
	at org.apache.hadoop.ipc.Server$Handler.run(Server.java:3048) [hadoop-common-3.3.6.jar:?]
17:50:08.745 [IPC Server handler 10 on default port 15004] ERROR OMAudit - user=runner | ip=127.0.0.1 | op=GET_FILE_STATUS {volume=volume11074, bucket=bucket83761, key=testBatchDelete/parent/child7, dataSize=0, replicationConfig=null} | ret=FAILURE
org.apache.hadoop.ozone.om.exceptions.OMException: Unable to get file status: volume: volume11074 bucket: bucket83761 key: testBatchDelete/parent/child7
	at org.apache.hadoop.ozone.om.KeyManagerImpl.getOzoneFileStatusFSO(KeyManagerImpl.java:1320) ~[ozone-manager-1.4.0-SNAPSHOT.jar:?]
	at org.apache.hadoop.ozone.om.KeyManagerImpl.getFileStatus(KeyManagerImpl.java:1111) ~[ozone-manager-1.4.0-SNAPSHOT.jar:?]
	at org.apache.hadoop.ozone.om.OmMetadataReader.getFileStatus(OmMetadataReader.java:262) ~[ozone-manager-1.4.0-SNAPSHOT.jar:?]
	at org.apache.hadoop.ozone.om.OzoneManager.getFileStatus(OzoneManager.java:3533) ~[ozone-manager-1.4.0-SNAPSHOT.jar:?]
	at org.apache.hadoop.ozone.protocolPB.OzoneManagerRequestHandler.getOzoneFileStatus(OzoneManagerRequestHandler.java:971) ~[ozone-manager-1.4.0-SNAPSHOT.jar:?]
	at org.apache.hadoop.ozone.protocolPB.OzoneManagerRequestHandler.handleReadRequest(OzoneManagerRequestHandler.java:250) ~[ozone-manager-1.4.0-SNAPSHOT.jar:?]
	at org.apache.hadoop.ozone.protocolPB.OzoneManagerProtocolServerSideTranslatorPB.submitReadRequestToOM(OzoneManagerProtocolServerSideTranslatorPB.java:225) ~[ozone-manager-1.4.0-SNAPSHOT.jar:?]
	at org.apache.hadoop.ozone.protocolPB.OzoneManagerProtocolServerSideTranslatorPB.processRequest(OzoneManagerProtocolServerSideTranslatorPB.java:179) ~[ozone-manager-1.4.0-SNAPSHOT.jar:?]
	at org.apache.hadoop.hdds.server.OzoneProtocolMessageDispatcher.processRequest(OzoneProtocolMessageDispatcher.java:87) [hdds-server-framework-1.4.0-SNAPSHOT.jar:?]
	at org.apache.hadoop.ozone.protocolPB.OzoneManagerProtocolServerSideTranslatorPB.submitRequest(OzoneManagerProtocolServerSideTranslatorPB.java:148) [ozone-manager-1.4.0-SNAPSHOT.jar:?]
	at org.apache.hadoop.ozone.protocol.proto.OzoneManagerProtocolProtos$OzoneManagerService$2.callBlockingMethod(OzoneManagerProtocolProtos.java) [ozone-interface-client-1.4.0-SNAPSHOT.jar:?]
	at org.apache.hadoop.ipc.ProtobufRpcEngine$Server.processCall(ProtobufRpcEngine.java:484) [hadoop-common-3.3.6.jar:?]
	at org.apache.hadoop.ipc.ProtobufRpcEngine2$Server$ProtoBufRpcInvoker.call(ProtobufRpcEngine2.java:595) [hadoop-common-3.3.6.jar:?]
	at org.apache.hadoop.ipc.ProtobufRpcEngine2$Server$ProtoBufRpcInvoker.call(ProtobufRpcEngine2.java:573) [hadoop-common-3.3.6.jar:?]
	at org.apache.hadoop.ipc.RPC$Server.call(RPC.java:1227) [hadoop-common-3.3.6.jar:?]
	at org.apache.hadoop.ipc.Server$RpcCall.run(Server.java:1094) [hadoop-common-3.3.6.jar:?]
	at org.apache.hadoop.ipc.Server$RpcCall.run(Server.java:1017) [hadoop-common-3.3.6.jar:?]
	at java.security.AccessController.doPrivileged(Native Method) ~[?:1.8.0_382]
	at javax.security.auth.Subject.doAs(Subject.java:422) [?:1.8.0_382]
	at org.apache.hadoop.security.UserGroupInformation.doAs(UserGroupInformation.java:1899) [hadoop-common-3.3.6.jar:?]
	at org.apache.hadoop.ipc.Server$Handler.run(Server.java:3048) [hadoop-common-3.3.6.jar:?]
17:50:08.748 [IPC Server handler 14 on default port 15004] ERROR OMAudit - user=runner | ip=127.0.0.1 | op=GET_FILE_STATUS {volume=volume11074, bucket=bucket83761, key=testBatchDelete/parent/childFolder/child7, dataSize=0, replicationConfig=null} | ret=FAILURE
org.apache.hadoop.ozone.om.exceptions.OMException: Unable to get file status: volume: volume11074 bucket: bucket83761 key: testBatchDelete/parent/childFolder/child7
	at org.apache.hadoop.ozone.om.KeyManagerImpl.getOzoneFileStatusFSO(KeyManagerImpl.java:1320) ~[ozone-manager-1.4.0-SNAPSHOT.jar:?]
	at org.apache.hadoop.ozone.om.KeyManagerImpl.getFileStatus(KeyManagerImpl.java:1111) ~[ozone-manager-1.4.0-SNAPSHOT.jar:?]
	at org.apache.hadoop.ozone.om.OmMetadataReader.getFileStatus(OmMetadataReader.java:262) ~[ozone-manager-1.4.0-SNAPSHOT.jar:?]
	at org.apache.hadoop.ozone.om.OzoneManager.getFileStatus(OzoneManager.java:3533) ~[ozone-manager-1.4.0-SNAPSHOT.jar:?]
	at org.apache.hadoop.ozone.protocolPB.OzoneManagerRequestHandler.getOzoneFileStatus(OzoneManagerRequestHandler.java:971) ~[ozone-manager-1.4.0-SNAPSHOT.jar:?]
	at org.apache.hadoop.ozone.protocolPB.OzoneManagerRequestHandler.handleReadRequest(OzoneManagerRequestHandler.java:250) ~[ozone-manager-1.4.0-SNAPSHOT.jar:?]
	at org.apache.hadoop.ozone.protocolPB.OzoneManagerProtocolServerSideTranslatorPB.submitReadRequestToOM(OzoneManagerProtocolServerSideTranslatorPB.java:225) ~[ozone-manager-1.4.0-SNAPSHOT.jar:?]
	at org.apache.hadoop.ozone.protocolPB.OzoneManagerProtocolServerSideTranslatorPB.processRequest(OzoneManagerProtocolServerSideTranslatorPB.java:179) ~[ozone-manager-1.4.0-SNAPSHOT.jar:?]
	at org.apache.hadoop.hdds.server.OzoneProtocolMessageDispatcher.processRequest(OzoneProtocolMessageDispatcher.java:87) [hdds-server-framework-1.4.0-SNAPSHOT.jar:?]
	at org.apache.hadoop.ozone.protocolPB.OzoneManagerProtocolServerSideTranslatorPB.submitRequest(OzoneManagerProtocolServerSideTranslatorPB.java:148) [ozone-manager-1.4.0-SNAPSHOT.jar:?]
	at org.apache.hadoop.ozone.protocol.proto.OzoneManagerProtocolProtos$OzoneManagerService$2.callBlockingMethod(OzoneManagerProtocolProtos.java) [ozone-interface-client-1.4.0-SNAPSHOT.jar:?]
	at org.apache.hadoop.ipc.ProtobufRpcEngine$Server.processCall(ProtobufRpcEngine.java:484) [hadoop-common-3.3.6.jar:?]
	at org.apache.hadoop.ipc.ProtobufRpcEngine2$Server$ProtoBufRpcInvoker.call(ProtobufRpcEngine2.java:595) [hadoop-common-3.3.6.jar:?]
	at org.apache.hadoop.ipc.ProtobufRpcEngine2$Server$ProtoBufRpcInvoker.call(ProtobufRpcEngine2.java:573) [hadoop-common-3.3.6.jar:?]
	at org.apache.hadoop.ipc.RPC$Server.call(RPC.java:1227) [hadoop-common-3.3.6.jar:?]
	at org.apache.hadoop.ipc.Server$RpcCall.run(Server.java:1094) [hadoop-common-3.3.6.jar:?]
	at org.apache.hadoop.ipc.Server$RpcCall.run(Server.java:1017) [hadoop-common-3.3.6.jar:?]
	at java.security.AccessController.doPrivileged(Native Method) ~[?:1.8.0_382]
	at javax.security.auth.Subject.doAs(Subject.java:422) [?:1.8.0_382]
	at org.apache.hadoop.security.UserGroupInformation.doAs(UserGroupInformation.java:1899) [hadoop-common-3.3.6.jar:?]
	at org.apache.hadoop.ipc.Server$Handler.run(Server.java:3048) [hadoop-common-3.3.6.jar:?]
17:50:08.749 [IPC Server handler 18 on default port 15004] ERROR OMAudit - user=runner | ip=127.0.0.1 | op=GET_FILE_STATUS {volume=volume11074, bucket=bucket83761, key=testBatchDelete/parent, dataSize=0, replicationConfig=null} | ret=FAILURE
org.apache.hadoop.ozone.om.exceptions.OMException: Unable to get file status: volume: volume11074 bucket: bucket83761 key: testBatchDelete/parent
	at org.apache.hadoop.ozone.om.KeyManagerImpl.getOzoneFileStatusFSO(KeyManagerImpl.java:1320) ~[ozone-manager-1.4.0-SNAPSHOT.jar:?]
	at org.apache.hadoop.ozone.om.KeyManagerImpl.getFileStatus(KeyManagerImpl.java:1111) ~[ozone-manager-1.4.0-SNAPSHOT.jar:?]
	at org.apache.hadoop.ozone.om.OmMetadataReader.getFileStatus(OmMetadataReader.java:262) ~[ozone-manager-1.4.0-SNAPSHOT.jar:?]
	at org.apache.hadoop.ozone.om.OzoneManager.getFileStatus(OzoneManager.java:3533) ~[ozone-manager-1.4.0-SNAPSHOT.jar:?]
	at org.apache.hadoop.ozone.protocolPB.OzoneManagerRequestHandler.getOzoneFileStatus(OzoneManagerRequestHandler.java:971) ~[ozone-manager-1.4.0-SNAPSHOT.jar:?]
	at org.apache.hadoop.ozone.protocolPB.OzoneManagerRequestHandler.handleReadRequest(OzoneManagerRequestHandler.java:250) ~[ozone-manager-1.4.0-SNAPSHOT.jar:?]
	at org.apache.hadoop.ozone.protocolPB.OzoneManagerProtocolServerSideTranslatorPB.submitReadRequestToOM(OzoneManagerProtocolServerSideTranslatorPB.java:225) ~[ozone-manager-1.4.0-SNAPSHOT.jar:?]
	at org.apache.hadoop.ozone.protocolPB.OzoneManagerProtocolServerSideTranslatorPB.processRequest(OzoneManagerProtocolServerSideTranslatorPB.java:179) ~[ozone-manager-1.4.0-SNAPSHOT.jar:?]
	at org.apache.hadoop.hdds.server.OzoneProtocolMessageDispatcher.processRequest(OzoneProtocolMessageDispatcher.java:87) [hdds-server-framework-1.4.0-SNAPSHOT.jar:?]
	at org.apache.hadoop.ozone.protocolPB.OzoneManagerProtocolServerSideTranslatorPB.submitRequest(OzoneManagerProtocolServerSideTranslatorPB.java:148) [ozone-manager-1.4.0-SNAPSHOT.jar:?]
	at org.apache.hadoop.ozone.protocol.proto.OzoneManagerProtocolProtos$OzoneManagerService$2.callBlockingMethod(OzoneManagerProtocolProtos.java) [ozone-interface-client-1.4.0-SNAPSHOT.jar:?]
	at org.apache.hadoop.ipc.ProtobufRpcEngine$Server.processCall(ProtobufRpcEngine.java:484) [hadoop-common-3.3.6.jar:?]
	at org.apache.hadoop.ipc.ProtobufRpcEngine2$Server$ProtoBufRpcInvoker.call(ProtobufRpcEngine2.java:595) [hadoop-common-3.3.6.jar:?]
	at org.apache.hadoop.ipc.ProtobufRpcEngine2$Server$ProtoBufRpcInvoker.call(ProtobufRpcEngine2.java:573) [hadoop-common-3.3.6.jar:?]
	at org.apache.hadoop.ipc.RPC$Server.call(RPC.java:1227) [hadoop-common-3.3.6.jar:?]
	at org.apache.hadoop.ipc.Server$RpcCall.run(Server.java:1094) [hadoop-common-3.3.6.jar:?]
	at org.apache.hadoop.ipc.Server$RpcCall.run(Server.java:1017) [hadoop-common-3.3.6.jar:?]
	at java.security.AccessController.doPrivileged(Native Method) ~[?:1.8.0_382]
	at javax.security.auth.Subject.doAs(Subject.java:422) [?:1.8.0_382]
	at org.apache.hadoop.security.UserGroupInformation.doAs(UserGroupInformation.java:1899) [hadoop-common-3.3.6.jar:?]
	at org.apache.hadoop.ipc.Server$Handler.run(Server.java:3048) [hadoop-common-3.3.6.jar:?]
2023-09-21 17:50:08,750 [Time-limited test] WARN  ozone.BasicRootedOzoneFileSystem (BasicRootedOzoneFileSystem.java:delete(704)) - delete: Path does not exist: /volume11074/bucket83761/testBatchDelete/parent
]]></system-out>
  </testcase>
  <testcase name="testFileDelete" classname="TestRootedOzoneFileSystemWithFSO" time="0.157">
    <system-out><![CDATA[2023-09-21 17:51:55,158 [Time-limited test] INFO  rpc.RpcClient (RpcClient.java:createVolume(461)) - Creating Volume: volume24949, with user77434 as owner and space quota set to -1 bytes, counts quota set to -1
2023-09-21 17:51:55,158 [IPC Server handler 2 on default port 15057] INFO  volume.OMVolumeCreateRequest (OMVolumeCreateRequest.java:validateAndUpdateCache(196)) - created volume:volume24949 for user:user77434
2023-09-21 17:51:55,159 [Time-limited test] INFO  rpc.RpcClient (RpcClient.java:createBucket(688)) - Creating Bucket: volume24949/bucket75492, with bucket layout FILE_SYSTEM_OPTIMIZED, runner as owner, Versioning false, Storage Type set to DISK and Encryption set to false, Replication Type set to server-side default replication type, Namespace Quota set to -1, Space Quota set to -1 
2023-09-21 17:51:55,160 [IPC Server handler 4 on default port 15057] INFO  bucket.OMBucketCreateRequest (OMBucketCreateRequest.java:validateAndUpdateCache(270)) - created bucket: bucket75492 of layout FILE_SYSTEM_OPTIMIZED in volume: volume24949
17:51:55.258 [IPC Server handler 7 on default port 15057] ERROR OMAudit - user=runner | ip=127.0.0.1 | op=GET_FILE_STATUS {volume=volume24949, bucket=bucket75492, key=testBatchDelete, dataSize=0, replicationConfig=null} | ret=FAILURE
org.apache.hadoop.ozone.om.exceptions.OMException: Unable to get file status: volume: volume24949 bucket: bucket75492 key: testBatchDelete
	at org.apache.hadoop.ozone.om.KeyManagerImpl.getOzoneFileStatusFSO(KeyManagerImpl.java:1320) ~[ozone-manager-1.4.0-SNAPSHOT.jar:?]
	at org.apache.hadoop.ozone.om.KeyManagerImpl.getFileStatus(KeyManagerImpl.java:1111) ~[ozone-manager-1.4.0-SNAPSHOT.jar:?]
	at org.apache.hadoop.ozone.om.OmMetadataReader.getFileStatus(OmMetadataReader.java:262) ~[ozone-manager-1.4.0-SNAPSHOT.jar:?]
	at org.apache.hadoop.ozone.om.OzoneManager.getFileStatus(OzoneManager.java:3533) ~[ozone-manager-1.4.0-SNAPSHOT.jar:?]
	at org.apache.hadoop.ozone.protocolPB.OzoneManagerRequestHandler.getOzoneFileStatus(OzoneManagerRequestHandler.java:971) ~[ozone-manager-1.4.0-SNAPSHOT.jar:?]
	at org.apache.hadoop.ozone.protocolPB.OzoneManagerRequestHandler.handleReadRequest(OzoneManagerRequestHandler.java:250) ~[ozone-manager-1.4.0-SNAPSHOT.jar:?]
	at org.apache.hadoop.ozone.protocolPB.OzoneManagerProtocolServerSideTranslatorPB.submitRequestDirectlyToOM(OzoneManagerProtocolServerSideTranslatorPB.java:274) ~[ozone-manager-1.4.0-SNAPSHOT.jar:?]
	at org.apache.hadoop.ozone.protocolPB.OzoneManagerProtocolServerSideTranslatorPB.processRequest(OzoneManagerProtocolServerSideTranslatorPB.java:175) ~[ozone-manager-1.4.0-SNAPSHOT.jar:?]
	at org.apache.hadoop.hdds.server.OzoneProtocolMessageDispatcher.processRequest(OzoneProtocolMessageDispatcher.java:87) [hdds-server-framework-1.4.0-SNAPSHOT.jar:?]
	at org.apache.hadoop.ozone.protocolPB.OzoneManagerProtocolServerSideTranslatorPB.submitRequest(OzoneManagerProtocolServerSideTranslatorPB.java:148) [ozone-manager-1.4.0-SNAPSHOT.jar:?]
	at org.apache.hadoop.ozone.protocol.proto.OzoneManagerProtocolProtos$OzoneManagerService$2.callBlockingMethod(OzoneManagerProtocolProtos.java) [ozone-interface-client-1.4.0-SNAPSHOT.jar:?]
	at org.apache.hadoop.ipc.ProtobufRpcEngine$Server.processCall(ProtobufRpcEngine.java:484) [hadoop-common-3.3.6.jar:?]
	at org.apache.hadoop.ipc.ProtobufRpcEngine2$Server$ProtoBufRpcInvoker.call(ProtobufRpcEngine2.java:595) [hadoop-common-3.3.6.jar:?]
	at org.apache.hadoop.ipc.ProtobufRpcEngine2$Server$ProtoBufRpcInvoker.call(ProtobufRpcEngine2.java:573) [hadoop-common-3.3.6.jar:?]
	at org.apache.hadoop.ipc.RPC$Server.call(RPC.java:1227) [hadoop-common-3.3.6.jar:?]
	at org.apache.hadoop.ipc.Server$RpcCall.run(Server.java:1094) [hadoop-common-3.3.6.jar:?]
	at org.apache.hadoop.ipc.Server$RpcCall.run(Server.java:1017) [hadoop-common-3.3.6.jar:?]
	at java.security.AccessController.doPrivileged(Native Method) ~[?:1.8.0_382]
	at javax.security.auth.Subject.doAs(Subject.java:422) [?:1.8.0_382]
	at org.apache.hadoop.security.UserGroupInformation.doAs(UserGroupInformation.java:1899) [hadoop-common-3.3.6.jar:?]
	at org.apache.hadoop.ipc.Server$Handler.run(Server.java:3048) [hadoop-common-3.3.6.jar:?]
17:51:55.260 [IPC Server handler 19 on default port 15057] ERROR OMAudit - user=runner | ip=127.0.0.1 | op=GET_FILE_STATUS {volume=volume24949, bucket=bucket75492, key=testBatchDelete/parent/child0, dataSize=0, replicationConfig=null} | ret=FAILURE
org.apache.hadoop.ozone.om.exceptions.OMException: Unable to get file status: volume: volume24949 bucket: bucket75492 key: testBatchDelete/parent/child0
	at org.apache.hadoop.ozone.om.KeyManagerImpl.getOzoneFileStatusFSO(KeyManagerImpl.java:1320) ~[ozone-manager-1.4.0-SNAPSHOT.jar:?]
	at org.apache.hadoop.ozone.om.KeyManagerImpl.getFileStatus(KeyManagerImpl.java:1111) ~[ozone-manager-1.4.0-SNAPSHOT.jar:?]
	at org.apache.hadoop.ozone.om.OmMetadataReader.getFileStatus(OmMetadataReader.java:262) ~[ozone-manager-1.4.0-SNAPSHOT.jar:?]
	at org.apache.hadoop.ozone.om.OzoneManager.getFileStatus(OzoneManager.java:3533) ~[ozone-manager-1.4.0-SNAPSHOT.jar:?]
	at org.apache.hadoop.ozone.protocolPB.OzoneManagerRequestHandler.getOzoneFileStatus(OzoneManagerRequestHandler.java:971) ~[ozone-manager-1.4.0-SNAPSHOT.jar:?]
	at org.apache.hadoop.ozone.protocolPB.OzoneManagerRequestHandler.handleReadRequest(OzoneManagerRequestHandler.java:250) ~[ozone-manager-1.4.0-SNAPSHOT.jar:?]
	at org.apache.hadoop.ozone.protocolPB.OzoneManagerProtocolServerSideTranslatorPB.submitRequestDirectlyToOM(OzoneManagerProtocolServerSideTranslatorPB.java:274) ~[ozone-manager-1.4.0-SNAPSHOT.jar:?]
	at org.apache.hadoop.ozone.protocolPB.OzoneManagerProtocolServerSideTranslatorPB.processRequest(OzoneManagerProtocolServerSideTranslatorPB.java:175) ~[ozone-manager-1.4.0-SNAPSHOT.jar:?]
	at org.apache.hadoop.hdds.server.OzoneProtocolMessageDispatcher.processRequest(OzoneProtocolMessageDispatcher.java:87) [hdds-server-framework-1.4.0-SNAPSHOT.jar:?]
	at org.apache.hadoop.ozone.protocolPB.OzoneManagerProtocolServerSideTranslatorPB.submitRequest(OzoneManagerProtocolServerSideTranslatorPB.java:148) [ozone-manager-1.4.0-SNAPSHOT.jar:?]
	at org.apache.hadoop.ozone.protocol.proto.OzoneManagerProtocolProtos$OzoneManagerService$2.callBlockingMethod(OzoneManagerProtocolProtos.java) [ozone-interface-client-1.4.0-SNAPSHOT.jar:?]
	at org.apache.hadoop.ipc.ProtobufRpcEngine$Server.processCall(ProtobufRpcEngine.java:484) [hadoop-common-3.3.6.jar:?]
	at org.apache.hadoop.ipc.ProtobufRpcEngine2$Server$ProtoBufRpcInvoker.call(ProtobufRpcEngine2.java:595) [hadoop-common-3.3.6.jar:?]
	at org.apache.hadoop.ipc.ProtobufRpcEngine2$Server$ProtoBufRpcInvoker.call(ProtobufRpcEngine2.java:573) [hadoop-common-3.3.6.jar:?]
	at org.apache.hadoop.ipc.RPC$Server.call(RPC.java:1227) [hadoop-common-3.3.6.jar:?]
	at org.apache.hadoop.ipc.Server$RpcCall.run(Server.java:1094) [hadoop-common-3.3.6.jar:?]
	at org.apache.hadoop.ipc.Server$RpcCall.run(Server.java:1017) [hadoop-common-3.3.6.jar:?]
	at java.security.AccessController.doPrivileged(Native Method) ~[?:1.8.0_382]
	at javax.security.auth.Subject.doAs(Subject.java:422) [?:1.8.0_382]
	at org.apache.hadoop.security.UserGroupInformation.doAs(UserGroupInformation.java:1899) [hadoop-common-3.3.6.jar:?]
	at org.apache.hadoop.ipc.Server$Handler.run(Server.java:3048) [hadoop-common-3.3.6.jar:?]
17:51:55.262 [IPC Server handler 10 on default port 15057] ERROR OMAudit - user=runner | ip=127.0.0.1 | op=GET_FILE_STATUS {volume=volume24949, bucket=bucket75492, key=testBatchDelete/parent/childFolder/child0, dataSize=0, replicationConfig=null} | ret=FAILURE
org.apache.hadoop.ozone.om.exceptions.OMException: Unable to get file status: volume: volume24949 bucket: bucket75492 key: testBatchDelete/parent/childFolder/child0
	at org.apache.hadoop.ozone.om.KeyManagerImpl.getOzoneFileStatusFSO(KeyManagerImpl.java:1320) ~[ozone-manager-1.4.0-SNAPSHOT.jar:?]
	at org.apache.hadoop.ozone.om.KeyManagerImpl.getFileStatus(KeyManagerImpl.java:1111) ~[ozone-manager-1.4.0-SNAPSHOT.jar:?]
	at org.apache.hadoop.ozone.om.OmMetadataReader.getFileStatus(OmMetadataReader.java:262) ~[ozone-manager-1.4.0-SNAPSHOT.jar:?]
	at org.apache.hadoop.ozone.om.OzoneManager.getFileStatus(OzoneManager.java:3533) ~[ozone-manager-1.4.0-SNAPSHOT.jar:?]
	at org.apache.hadoop.ozone.protocolPB.OzoneManagerRequestHandler.getOzoneFileStatus(OzoneManagerRequestHandler.java:971) ~[ozone-manager-1.4.0-SNAPSHOT.jar:?]
	at org.apache.hadoop.ozone.protocolPB.OzoneManagerRequestHandler.handleReadRequest(OzoneManagerRequestHandler.java:250) ~[ozone-manager-1.4.0-SNAPSHOT.jar:?]
	at org.apache.hadoop.ozone.protocolPB.OzoneManagerProtocolServerSideTranslatorPB.submitRequestDirectlyToOM(OzoneManagerProtocolServerSideTranslatorPB.java:274) ~[ozone-manager-1.4.0-SNAPSHOT.jar:?]
	at org.apache.hadoop.ozone.protocolPB.OzoneManagerProtocolServerSideTranslatorPB.processRequest(OzoneManagerProtocolServerSideTranslatorPB.java:175) ~[ozone-manager-1.4.0-SNAPSHOT.jar:?]
	at org.apache.hadoop.hdds.server.OzoneProtocolMessageDispatcher.processRequest(OzoneProtocolMessageDispatcher.java:87) [hdds-server-framework-1.4.0-SNAPSHOT.jar:?]
	at org.apache.hadoop.ozone.protocolPB.OzoneManagerProtocolServerSideTranslatorPB.submitRequest(OzoneManagerProtocolServerSideTranslatorPB.java:148) [ozone-manager-1.4.0-SNAPSHOT.jar:?]
	at org.apache.hadoop.ozone.protocol.proto.OzoneManagerProtocolProtos$OzoneManagerService$2.callBlockingMethod(OzoneManagerProtocolProtos.java) [ozone-interface-client-1.4.0-SNAPSHOT.jar:?]
	at org.apache.hadoop.ipc.ProtobufRpcEngine$Server.processCall(ProtobufRpcEngine.java:484) [hadoop-common-3.3.6.jar:?]
	at org.apache.hadoop.ipc.ProtobufRpcEngine2$Server$ProtoBufRpcInvoker.call(ProtobufRpcEngine2.java:595) [hadoop-common-3.3.6.jar:?]
	at org.apache.hadoop.ipc.ProtobufRpcEngine2$Server$ProtoBufRpcInvoker.call(ProtobufRpcEngine2.java:573) [hadoop-common-3.3.6.jar:?]
	at org.apache.hadoop.ipc.RPC$Server.call(RPC.java:1227) [hadoop-common-3.3.6.jar:?]
	at org.apache.hadoop.ipc.Server$RpcCall.run(Server.java:1094) [hadoop-common-3.3.6.jar:?]
	at org.apache.hadoop.ipc.Server$RpcCall.run(Server.java:1017) [hadoop-common-3.3.6.jar:?]
	at java.security.AccessController.doPrivileged(Native Method) ~[?:1.8.0_382]
	at javax.security.auth.Subject.doAs(Subject.java:422) [?:1.8.0_382]
	at org.apache.hadoop.security.UserGroupInformation.doAs(UserGroupInformation.java:1899) [hadoop-common-3.3.6.jar:?]
	at org.apache.hadoop.ipc.Server$Handler.run(Server.java:3048) [hadoop-common-3.3.6.jar:?]
17:51:55.264 [IPC Server handler 14 on default port 15057] ERROR OMAudit - user=runner | ip=127.0.0.1 | op=GET_FILE_STATUS {volume=volume24949, bucket=bucket75492, key=testBatchDelete/parent/child1, dataSize=0, replicationConfig=null} | ret=FAILURE
org.apache.hadoop.ozone.om.exceptions.OMException: Unable to get file status: volume: volume24949 bucket: bucket75492 key: testBatchDelete/parent/child1
	at org.apache.hadoop.ozone.om.KeyManagerImpl.getOzoneFileStatusFSO(KeyManagerImpl.java:1320) ~[ozone-manager-1.4.0-SNAPSHOT.jar:?]
	at org.apache.hadoop.ozone.om.KeyManagerImpl.getFileStatus(KeyManagerImpl.java:1111) ~[ozone-manager-1.4.0-SNAPSHOT.jar:?]
	at org.apache.hadoop.ozone.om.OmMetadataReader.getFileStatus(OmMetadataReader.java:262) ~[ozone-manager-1.4.0-SNAPSHOT.jar:?]
	at org.apache.hadoop.ozone.om.OzoneManager.getFileStatus(OzoneManager.java:3533) ~[ozone-manager-1.4.0-SNAPSHOT.jar:?]
	at org.apache.hadoop.ozone.protocolPB.OzoneManagerRequestHandler.getOzoneFileStatus(OzoneManagerRequestHandler.java:971) ~[ozone-manager-1.4.0-SNAPSHOT.jar:?]
	at org.apache.hadoop.ozone.protocolPB.OzoneManagerRequestHandler.handleReadRequest(OzoneManagerRequestHandler.java:250) ~[ozone-manager-1.4.0-SNAPSHOT.jar:?]
	at org.apache.hadoop.ozone.protocolPB.OzoneManagerProtocolServerSideTranslatorPB.submitRequestDirectlyToOM(OzoneManagerProtocolServerSideTranslatorPB.java:274) ~[ozone-manager-1.4.0-SNAPSHOT.jar:?]
	at org.apache.hadoop.ozone.protocolPB.OzoneManagerProtocolServerSideTranslatorPB.processRequest(OzoneManagerProtocolServerSideTranslatorPB.java:175) ~[ozone-manager-1.4.0-SNAPSHOT.jar:?]
	at org.apache.hadoop.hdds.server.OzoneProtocolMessageDispatcher.processRequest(OzoneProtocolMessageDispatcher.java:87) [hdds-server-framework-1.4.0-SNAPSHOT.jar:?]
	at org.apache.hadoop.ozone.protocolPB.OzoneManagerProtocolServerSideTranslatorPB.submitRequest(OzoneManagerProtocolServerSideTranslatorPB.java:148) [ozone-manager-1.4.0-SNAPSHOT.jar:?]
	at org.apache.hadoop.ozone.protocol.proto.OzoneManagerProtocolProtos$OzoneManagerService$2.callBlockingMethod(OzoneManagerProtocolProtos.java) [ozone-interface-client-1.4.0-SNAPSHOT.jar:?]
	at org.apache.hadoop.ipc.ProtobufRpcEngine$Server.processCall(ProtobufRpcEngine.java:484) [hadoop-common-3.3.6.jar:?]
	at org.apache.hadoop.ipc.ProtobufRpcEngine2$Server$ProtoBufRpcInvoker.call(ProtobufRpcEngine2.java:595) [hadoop-common-3.3.6.jar:?]
	at org.apache.hadoop.ipc.ProtobufRpcEngine2$Server$ProtoBufRpcInvoker.call(ProtobufRpcEngine2.java:573) [hadoop-common-3.3.6.jar:?]
	at org.apache.hadoop.ipc.RPC$Server.call(RPC.java:1227) [hadoop-common-3.3.6.jar:?]
	at org.apache.hadoop.ipc.Server$RpcCall.run(Server.java:1094) [hadoop-common-3.3.6.jar:?]
	at org.apache.hadoop.ipc.Server$RpcCall.run(Server.java:1017) [hadoop-common-3.3.6.jar:?]
	at java.security.AccessController.doPrivileged(Native Method) ~[?:1.8.0_382]
	at javax.security.auth.Subject.doAs(Subject.java:422) [?:1.8.0_382]
	at org.apache.hadoop.security.UserGroupInformation.doAs(UserGroupInformation.java:1899) [hadoop-common-3.3.6.jar:?]
	at org.apache.hadoop.ipc.Server$Handler.run(Server.java:3048) [hadoop-common-3.3.6.jar:?]
17:51:55.266 [IPC Server handler 17 on default port 15057] ERROR OMAudit - user=runner | ip=127.0.0.1 | op=GET_FILE_STATUS {volume=volume24949, bucket=bucket75492, key=testBatchDelete/parent/childFolder/child1, dataSize=0, replicationConfig=null} | ret=FAILURE
org.apache.hadoop.ozone.om.exceptions.OMException: Unable to get file status: volume: volume24949 bucket: bucket75492 key: testBatchDelete/parent/childFolder/child1
	at org.apache.hadoop.ozone.om.KeyManagerImpl.getOzoneFileStatusFSO(KeyManagerImpl.java:1320) ~[ozone-manager-1.4.0-SNAPSHOT.jar:?]
	at org.apache.hadoop.ozone.om.KeyManagerImpl.getFileStatus(KeyManagerImpl.java:1111) ~[ozone-manager-1.4.0-SNAPSHOT.jar:?]
	at org.apache.hadoop.ozone.om.OmMetadataReader.getFileStatus(OmMetadataReader.java:262) ~[ozone-manager-1.4.0-SNAPSHOT.jar:?]
	at org.apache.hadoop.ozone.om.OzoneManager.getFileStatus(OzoneManager.java:3533) ~[ozone-manager-1.4.0-SNAPSHOT.jar:?]
	at org.apache.hadoop.ozone.protocolPB.OzoneManagerRequestHandler.getOzoneFileStatus(OzoneManagerRequestHandler.java:971) ~[ozone-manager-1.4.0-SNAPSHOT.jar:?]
	at org.apache.hadoop.ozone.protocolPB.OzoneManagerRequestHandler.handleReadRequest(OzoneManagerRequestHandler.java:250) ~[ozone-manager-1.4.0-SNAPSHOT.jar:?]
	at org.apache.hadoop.ozone.protocolPB.OzoneManagerProtocolServerSideTranslatorPB.submitRequestDirectlyToOM(OzoneManagerProtocolServerSideTranslatorPB.java:274) ~[ozone-manager-1.4.0-SNAPSHOT.jar:?]
	at org.apache.hadoop.ozone.protocolPB.OzoneManagerProtocolServerSideTranslatorPB.processRequest(OzoneManagerProtocolServerSideTranslatorPB.java:175) ~[ozone-manager-1.4.0-SNAPSHOT.jar:?]
	at org.apache.hadoop.hdds.server.OzoneProtocolMessageDispatcher.processRequest(OzoneProtocolMessageDispatcher.java:87) [hdds-server-framework-1.4.0-SNAPSHOT.jar:?]
	at org.apache.hadoop.ozone.protocolPB.OzoneManagerProtocolServerSideTranslatorPB.submitRequest(OzoneManagerProtocolServerSideTranslatorPB.java:148) [ozone-manager-1.4.0-SNAPSHOT.jar:?]
	at org.apache.hadoop.ozone.protocol.proto.OzoneManagerProtocolProtos$OzoneManagerService$2.callBlockingMethod(OzoneManagerProtocolProtos.java) [ozone-interface-client-1.4.0-SNAPSHOT.jar:?]
	at org.apache.hadoop.ipc.ProtobufRpcEngine$Server.processCall(ProtobufRpcEngine.java:484) [hadoop-common-3.3.6.jar:?]
	at org.apache.hadoop.ipc.ProtobufRpcEngine2$Server$ProtoBufRpcInvoker.call(ProtobufRpcEngine2.java:595) [hadoop-common-3.3.6.jar:?]
	at org.apache.hadoop.ipc.ProtobufRpcEngine2$Server$ProtoBufRpcInvoker.call(ProtobufRpcEngine2.java:573) [hadoop-common-3.3.6.jar:?]
	at org.apache.hadoop.ipc.RPC$Server.call(RPC.java:1227) [hadoop-common-3.3.6.jar:?]
	at org.apache.hadoop.ipc.Server$RpcCall.run(Server.java:1094) [hadoop-common-3.3.6.jar:?]
	at org.apache.hadoop.ipc.Server$RpcCall.run(Server.java:1017) [hadoop-common-3.3.6.jar:?]
	at java.security.AccessController.doPrivileged(Native Method) ~[?:1.8.0_382]
	at javax.security.auth.Subject.doAs(Subject.java:422) [?:1.8.0_382]
	at org.apache.hadoop.security.UserGroupInformation.doAs(UserGroupInformation.java:1899) [hadoop-common-3.3.6.jar:?]
	at org.apache.hadoop.ipc.Server$Handler.run(Server.java:3048) [hadoop-common-3.3.6.jar:?]
17:51:55.268 [IPC Server handler 15 on default port 15057] ERROR OMAudit - user=runner | ip=127.0.0.1 | op=GET_FILE_STATUS {volume=volume24949, bucket=bucket75492, key=testBatchDelete/parent/child2, dataSize=0, replicationConfig=null} | ret=FAILURE
org.apache.hadoop.ozone.om.exceptions.OMException: Unable to get file status: volume: volume24949 bucket: bucket75492 key: testBatchDelete/parent/child2
	at org.apache.hadoop.ozone.om.KeyManagerImpl.getOzoneFileStatusFSO(KeyManagerImpl.java:1320) ~[ozone-manager-1.4.0-SNAPSHOT.jar:?]
	at org.apache.hadoop.ozone.om.KeyManagerImpl.getFileStatus(KeyManagerImpl.java:1111) ~[ozone-manager-1.4.0-SNAPSHOT.jar:?]
	at org.apache.hadoop.ozone.om.OmMetadataReader.getFileStatus(OmMetadataReader.java:262) ~[ozone-manager-1.4.0-SNAPSHOT.jar:?]
	at org.apache.hadoop.ozone.om.OzoneManager.getFileStatus(OzoneManager.java:3533) ~[ozone-manager-1.4.0-SNAPSHOT.jar:?]
	at org.apache.hadoop.ozone.protocolPB.OzoneManagerRequestHandler.getOzoneFileStatus(OzoneManagerRequestHandler.java:971) ~[ozone-manager-1.4.0-SNAPSHOT.jar:?]
	at org.apache.hadoop.ozone.protocolPB.OzoneManagerRequestHandler.handleReadRequest(OzoneManagerRequestHandler.java:250) ~[ozone-manager-1.4.0-SNAPSHOT.jar:?]
	at org.apache.hadoop.ozone.protocolPB.OzoneManagerProtocolServerSideTranslatorPB.submitRequestDirectlyToOM(OzoneManagerProtocolServerSideTranslatorPB.java:274) ~[ozone-manager-1.4.0-SNAPSHOT.jar:?]
	at org.apache.hadoop.ozone.protocolPB.OzoneManagerProtocolServerSideTranslatorPB.processRequest(OzoneManagerProtocolServerSideTranslatorPB.java:175) ~[ozone-manager-1.4.0-SNAPSHOT.jar:?]
	at org.apache.hadoop.hdds.server.OzoneProtocolMessageDispatcher.processRequest(OzoneProtocolMessageDispatcher.java:87) [hdds-server-framework-1.4.0-SNAPSHOT.jar:?]
	at org.apache.hadoop.ozone.protocolPB.OzoneManagerProtocolServerSideTranslatorPB.submitRequest(OzoneManagerProtocolServerSideTranslatorPB.java:148) [ozone-manager-1.4.0-SNAPSHOT.jar:?]
	at org.apache.hadoop.ozone.protocol.proto.OzoneManagerProtocolProtos$OzoneManagerService$2.callBlockingMethod(OzoneManagerProtocolProtos.java) [ozone-interface-client-1.4.0-SNAPSHOT.jar:?]
	at org.apache.hadoop.ipc.ProtobufRpcEngine$Server.processCall(ProtobufRpcEngine.java:484) [hadoop-common-3.3.6.jar:?]
	at org.apache.hadoop.ipc.ProtobufRpcEngine2$Server$ProtoBufRpcInvoker.call(ProtobufRpcEngine2.java:595) [hadoop-common-3.3.6.jar:?]
	at org.apache.hadoop.ipc.ProtobufRpcEngine2$Server$ProtoBufRpcInvoker.call(ProtobufRpcEngine2.java:573) [hadoop-common-3.3.6.jar:?]
	at org.apache.hadoop.ipc.RPC$Server.call(RPC.java:1227) [hadoop-common-3.3.6.jar:?]
	at org.apache.hadoop.ipc.Server$RpcCall.run(Server.java:1094) [hadoop-common-3.3.6.jar:?]
	at org.apache.hadoop.ipc.Server$RpcCall.run(Server.java:1017) [hadoop-common-3.3.6.jar:?]
	at java.security.AccessController.doPrivileged(Native Method) ~[?:1.8.0_382]
	at javax.security.auth.Subject.doAs(Subject.java:422) [?:1.8.0_382]
	at org.apache.hadoop.security.UserGroupInformation.doAs(UserGroupInformation.java:1899) [hadoop-common-3.3.6.jar:?]
	at org.apache.hadoop.ipc.Server$Handler.run(Server.java:3048) [hadoop-common-3.3.6.jar:?]
17:51:55.270 [IPC Server handler 3 on default port 15057] ERROR OMAudit - user=runner | ip=127.0.0.1 | op=GET_FILE_STATUS {volume=volume24949, bucket=bucket75492, key=testBatchDelete/parent/childFolder/child2, dataSize=0, replicationConfig=null} | ret=FAILURE
org.apache.hadoop.ozone.om.exceptions.OMException: Unable to get file status: volume: volume24949 bucket: bucket75492 key: testBatchDelete/parent/childFolder/child2
	at org.apache.hadoop.ozone.om.KeyManagerImpl.getOzoneFileStatusFSO(KeyManagerImpl.java:1320) ~[ozone-manager-1.4.0-SNAPSHOT.jar:?]
	at org.apache.hadoop.ozone.om.KeyManagerImpl.getFileStatus(KeyManagerImpl.java:1111) ~[ozone-manager-1.4.0-SNAPSHOT.jar:?]
	at org.apache.hadoop.ozone.om.OmMetadataReader.getFileStatus(OmMetadataReader.java:262) ~[ozone-manager-1.4.0-SNAPSHOT.jar:?]
	at org.apache.hadoop.ozone.om.OzoneManager.getFileStatus(OzoneManager.java:3533) ~[ozone-manager-1.4.0-SNAPSHOT.jar:?]
	at org.apache.hadoop.ozone.protocolPB.OzoneManagerRequestHandler.getOzoneFileStatus(OzoneManagerRequestHandler.java:971) ~[ozone-manager-1.4.0-SNAPSHOT.jar:?]
	at org.apache.hadoop.ozone.protocolPB.OzoneManagerRequestHandler.handleReadRequest(OzoneManagerRequestHandler.java:250) ~[ozone-manager-1.4.0-SNAPSHOT.jar:?]
	at org.apache.hadoop.ozone.protocolPB.OzoneManagerProtocolServerSideTranslatorPB.submitRequestDirectlyToOM(OzoneManagerProtocolServerSideTranslatorPB.java:274) ~[ozone-manager-1.4.0-SNAPSHOT.jar:?]
	at org.apache.hadoop.ozone.protocolPB.OzoneManagerProtocolServerSideTranslatorPB.processRequest(OzoneManagerProtocolServerSideTranslatorPB.java:175) ~[ozone-manager-1.4.0-SNAPSHOT.jar:?]
	at org.apache.hadoop.hdds.server.OzoneProtocolMessageDispatcher.processRequest(OzoneProtocolMessageDispatcher.java:87) [hdds-server-framework-1.4.0-SNAPSHOT.jar:?]
	at org.apache.hadoop.ozone.protocolPB.OzoneManagerProtocolServerSideTranslatorPB.submitRequest(OzoneManagerProtocolServerSideTranslatorPB.java:148) [ozone-manager-1.4.0-SNAPSHOT.jar:?]
	at org.apache.hadoop.ozone.protocol.proto.OzoneManagerProtocolProtos$OzoneManagerService$2.callBlockingMethod(OzoneManagerProtocolProtos.java) [ozone-interface-client-1.4.0-SNAPSHOT.jar:?]
	at org.apache.hadoop.ipc.ProtobufRpcEngine$Server.processCall(ProtobufRpcEngine.java:484) [hadoop-common-3.3.6.jar:?]
	at org.apache.hadoop.ipc.ProtobufRpcEngine2$Server$ProtoBufRpcInvoker.call(ProtobufRpcEngine2.java:595) [hadoop-common-3.3.6.jar:?]
	at org.apache.hadoop.ipc.ProtobufRpcEngine2$Server$ProtoBufRpcInvoker.call(ProtobufRpcEngine2.java:573) [hadoop-common-3.3.6.jar:?]
	at org.apache.hadoop.ipc.RPC$Server.call(RPC.java:1227) [hadoop-common-3.3.6.jar:?]
	at org.apache.hadoop.ipc.Server$RpcCall.run(Server.java:1094) [hadoop-common-3.3.6.jar:?]
	at org.apache.hadoop.ipc.Server$RpcCall.run(Server.java:1017) [hadoop-common-3.3.6.jar:?]
	at java.security.AccessController.doPrivileged(Native Method) ~[?:1.8.0_382]
	at javax.security.auth.Subject.doAs(Subject.java:422) [?:1.8.0_382]
	at org.apache.hadoop.security.UserGroupInformation.doAs(UserGroupInformation.java:1899) [hadoop-common-3.3.6.jar:?]
	at org.apache.hadoop.ipc.Server$Handler.run(Server.java:3048) [hadoop-common-3.3.6.jar:?]
17:51:55.271 [IPC Server handler 5 on default port 15057] ERROR OMAudit - user=runner | ip=127.0.0.1 | op=GET_FILE_STATUS {volume=volume24949, bucket=bucket75492, key=testBatchDelete/parent/child3, dataSize=0, replicationConfig=null} | ret=FAILURE
org.apache.hadoop.ozone.om.exceptions.OMException: Unable to get file status: volume: volume24949 bucket: bucket75492 key: testBatchDelete/parent/child3
	at org.apache.hadoop.ozone.om.KeyManagerImpl.getOzoneFileStatusFSO(KeyManagerImpl.java:1320) ~[ozone-manager-1.4.0-SNAPSHOT.jar:?]
	at org.apache.hadoop.ozone.om.KeyManagerImpl.getFileStatus(KeyManagerImpl.java:1111) ~[ozone-manager-1.4.0-SNAPSHOT.jar:?]
	at org.apache.hadoop.ozone.om.OmMetadataReader.getFileStatus(OmMetadataReader.java:262) ~[ozone-manager-1.4.0-SNAPSHOT.jar:?]
	at org.apache.hadoop.ozone.om.OzoneManager.getFileStatus(OzoneManager.java:3533) ~[ozone-manager-1.4.0-SNAPSHOT.jar:?]
	at org.apache.hadoop.ozone.protocolPB.OzoneManagerRequestHandler.getOzoneFileStatus(OzoneManagerRequestHandler.java:971) ~[ozone-manager-1.4.0-SNAPSHOT.jar:?]
	at org.apache.hadoop.ozone.protocolPB.OzoneManagerRequestHandler.handleReadRequest(OzoneManagerRequestHandler.java:250) ~[ozone-manager-1.4.0-SNAPSHOT.jar:?]
	at org.apache.hadoop.ozone.protocolPB.OzoneManagerProtocolServerSideTranslatorPB.submitRequestDirectlyToOM(OzoneManagerProtocolServerSideTranslatorPB.java:274) ~[ozone-manager-1.4.0-SNAPSHOT.jar:?]
	at org.apache.hadoop.ozone.protocolPB.OzoneManagerProtocolServerSideTranslatorPB.processRequest(OzoneManagerProtocolServerSideTranslatorPB.java:175) ~[ozone-manager-1.4.0-SNAPSHOT.jar:?]
	at org.apache.hadoop.hdds.server.OzoneProtocolMessageDispatcher.processRequest(OzoneProtocolMessageDispatcher.java:87) [hdds-server-framework-1.4.0-SNAPSHOT.jar:?]
	at org.apache.hadoop.ozone.protocolPB.OzoneManagerProtocolServerSideTranslatorPB.submitRequest(OzoneManagerProtocolServerSideTranslatorPB.java:148) [ozone-manager-1.4.0-SNAPSHOT.jar:?]
	at org.apache.hadoop.ozone.protocol.proto.OzoneManagerProtocolProtos$OzoneManagerService$2.callBlockingMethod(OzoneManagerProtocolProtos.java) [ozone-interface-client-1.4.0-SNAPSHOT.jar:?]
	at org.apache.hadoop.ipc.ProtobufRpcEngine$Server.processCall(ProtobufRpcEngine.java:484) [hadoop-common-3.3.6.jar:?]
	at org.apache.hadoop.ipc.ProtobufRpcEngine2$Server$ProtoBufRpcInvoker.call(ProtobufRpcEngine2.java:595) [hadoop-common-3.3.6.jar:?]
	at org.apache.hadoop.ipc.ProtobufRpcEngine2$Server$ProtoBufRpcInvoker.call(ProtobufRpcEngine2.java:573) [hadoop-common-3.3.6.jar:?]
	at org.apache.hadoop.ipc.RPC$Server.call(RPC.java:1227) [hadoop-common-3.3.6.jar:?]
	at org.apache.hadoop.ipc.Server$RpcCall.run(Server.java:1094) [hadoop-common-3.3.6.jar:?]
	at org.apache.hadoop.ipc.Server$RpcCall.run(Server.java:1017) [hadoop-common-3.3.6.jar:?]
	at java.security.AccessController.doPrivileged(Native Method) ~[?:1.8.0_382]
	at javax.security.auth.Subject.doAs(Subject.java:422) [?:1.8.0_382]
	at org.apache.hadoop.security.UserGroupInformation.doAs(UserGroupInformation.java:1899) [hadoop-common-3.3.6.jar:?]
	at org.apache.hadoop.ipc.Server$Handler.run(Server.java:3048) [hadoop-common-3.3.6.jar:?]
17:51:55.272 [IPC Server handler 2 on default port 15057] ERROR OMAudit - user=runner | ip=127.0.0.1 | op=GET_FILE_STATUS {volume=volume24949, bucket=bucket75492, key=testBatchDelete/parent/childFolder/child3, dataSize=0, replicationConfig=null} | ret=FAILURE
org.apache.hadoop.ozone.om.exceptions.OMException: Unable to get file status: volume: volume24949 bucket: bucket75492 key: testBatchDelete/parent/childFolder/child3
	at org.apache.hadoop.ozone.om.KeyManagerImpl.getOzoneFileStatusFSO(KeyManagerImpl.java:1320) ~[ozone-manager-1.4.0-SNAPSHOT.jar:?]
	at org.apache.hadoop.ozone.om.KeyManagerImpl.getFileStatus(KeyManagerImpl.java:1111) ~[ozone-manager-1.4.0-SNAPSHOT.jar:?]
	at org.apache.hadoop.ozone.om.OmMetadataReader.getFileStatus(OmMetadataReader.java:262) ~[ozone-manager-1.4.0-SNAPSHOT.jar:?]
	at org.apache.hadoop.ozone.om.OzoneManager.getFileStatus(OzoneManager.java:3533) ~[ozone-manager-1.4.0-SNAPSHOT.jar:?]
	at org.apache.hadoop.ozone.protocolPB.OzoneManagerRequestHandler.getOzoneFileStatus(OzoneManagerRequestHandler.java:971) ~[ozone-manager-1.4.0-SNAPSHOT.jar:?]
	at org.apache.hadoop.ozone.protocolPB.OzoneManagerRequestHandler.handleReadRequest(OzoneManagerRequestHandler.java:250) ~[ozone-manager-1.4.0-SNAPSHOT.jar:?]
	at org.apache.hadoop.ozone.protocolPB.OzoneManagerProtocolServerSideTranslatorPB.submitRequestDirectlyToOM(OzoneManagerProtocolServerSideTranslatorPB.java:274) ~[ozone-manager-1.4.0-SNAPSHOT.jar:?]
	at org.apache.hadoop.ozone.protocolPB.OzoneManagerProtocolServerSideTranslatorPB.processRequest(OzoneManagerProtocolServerSideTranslatorPB.java:175) ~[ozone-manager-1.4.0-SNAPSHOT.jar:?]
	at org.apache.hadoop.hdds.server.OzoneProtocolMessageDispatcher.processRequest(OzoneProtocolMessageDispatcher.java:87) [hdds-server-framework-1.4.0-SNAPSHOT.jar:?]
	at org.apache.hadoop.ozone.protocolPB.OzoneManagerProtocolServerSideTranslatorPB.submitRequest(OzoneManagerProtocolServerSideTranslatorPB.java:148) [ozone-manager-1.4.0-SNAPSHOT.jar:?]
	at org.apache.hadoop.ozone.protocol.proto.OzoneManagerProtocolProtos$OzoneManagerService$2.callBlockingMethod(OzoneManagerProtocolProtos.java) [ozone-interface-client-1.4.0-SNAPSHOT.jar:?]
	at org.apache.hadoop.ipc.ProtobufRpcEngine$Server.processCall(ProtobufRpcEngine.java:484) [hadoop-common-3.3.6.jar:?]
	at org.apache.hadoop.ipc.ProtobufRpcEngine2$Server$ProtoBufRpcInvoker.call(ProtobufRpcEngine2.java:595) [hadoop-common-3.3.6.jar:?]
	at org.apache.hadoop.ipc.ProtobufRpcEngine2$Server$ProtoBufRpcInvoker.call(ProtobufRpcEngine2.java:573) [hadoop-common-3.3.6.jar:?]
	at org.apache.hadoop.ipc.RPC$Server.call(RPC.java:1227) [hadoop-common-3.3.6.jar:?]
	at org.apache.hadoop.ipc.Server$RpcCall.run(Server.java:1094) [hadoop-common-3.3.6.jar:?]
	at org.apache.hadoop.ipc.Server$RpcCall.run(Server.java:1017) [hadoop-common-3.3.6.jar:?]
	at java.security.AccessController.doPrivileged(Native Method) ~[?:1.8.0_382]
	at javax.security.auth.Subject.doAs(Subject.java:422) [?:1.8.0_382]
	at org.apache.hadoop.security.UserGroupInformation.doAs(UserGroupInformation.java:1899) [hadoop-common-3.3.6.jar:?]
	at org.apache.hadoop.ipc.Server$Handler.run(Server.java:3048) [hadoop-common-3.3.6.jar:?]
17:51:55.274 [IPC Server handler 4 on default port 15057] ERROR OMAudit - user=runner | ip=127.0.0.1 | op=GET_FILE_STATUS {volume=volume24949, bucket=bucket75492, key=testBatchDelete/parent/child4, dataSize=0, replicationConfig=null} | ret=FAILURE
org.apache.hadoop.ozone.om.exceptions.OMException: Unable to get file status: volume: volume24949 bucket: bucket75492 key: testBatchDelete/parent/child4
	at org.apache.hadoop.ozone.om.KeyManagerImpl.getOzoneFileStatusFSO(KeyManagerImpl.java:1320) ~[ozone-manager-1.4.0-SNAPSHOT.jar:?]
	at org.apache.hadoop.ozone.om.KeyManagerImpl.getFileStatus(KeyManagerImpl.java:1111) ~[ozone-manager-1.4.0-SNAPSHOT.jar:?]
	at org.apache.hadoop.ozone.om.OmMetadataReader.getFileStatus(OmMetadataReader.java:262) ~[ozone-manager-1.4.0-SNAPSHOT.jar:?]
	at org.apache.hadoop.ozone.om.OzoneManager.getFileStatus(OzoneManager.java:3533) ~[ozone-manager-1.4.0-SNAPSHOT.jar:?]
	at org.apache.hadoop.ozone.protocolPB.OzoneManagerRequestHandler.getOzoneFileStatus(OzoneManagerRequestHandler.java:971) ~[ozone-manager-1.4.0-SNAPSHOT.jar:?]
	at org.apache.hadoop.ozone.protocolPB.OzoneManagerRequestHandler.handleReadRequest(OzoneManagerRequestHandler.java:250) ~[ozone-manager-1.4.0-SNAPSHOT.jar:?]
	at org.apache.hadoop.ozone.protocolPB.OzoneManagerProtocolServerSideTranslatorPB.submitRequestDirectlyToOM(OzoneManagerProtocolServerSideTranslatorPB.java:274) ~[ozone-manager-1.4.0-SNAPSHOT.jar:?]
	at org.apache.hadoop.ozone.protocolPB.OzoneManagerProtocolServerSideTranslatorPB.processRequest(OzoneManagerProtocolServerSideTranslatorPB.java:175) ~[ozone-manager-1.4.0-SNAPSHOT.jar:?]
	at org.apache.hadoop.hdds.server.OzoneProtocolMessageDispatcher.processRequest(OzoneProtocolMessageDispatcher.java:87) [hdds-server-framework-1.4.0-SNAPSHOT.jar:?]
	at org.apache.hadoop.ozone.protocolPB.OzoneManagerProtocolServerSideTranslatorPB.submitRequest(OzoneManagerProtocolServerSideTranslatorPB.java:148) [ozone-manager-1.4.0-SNAPSHOT.jar:?]
	at org.apache.hadoop.ozone.protocol.proto.OzoneManagerProtocolProtos$OzoneManagerService$2.callBlockingMethod(OzoneManagerProtocolProtos.java) [ozone-interface-client-1.4.0-SNAPSHOT.jar:?]
	at org.apache.hadoop.ipc.ProtobufRpcEngine$Server.processCall(ProtobufRpcEngine.java:484) [hadoop-common-3.3.6.jar:?]
	at org.apache.hadoop.ipc.ProtobufRpcEngine2$Server$ProtoBufRpcInvoker.call(ProtobufRpcEngine2.java:595) [hadoop-common-3.3.6.jar:?]
	at org.apache.hadoop.ipc.ProtobufRpcEngine2$Server$ProtoBufRpcInvoker.call(ProtobufRpcEngine2.java:573) [hadoop-common-3.3.6.jar:?]
	at org.apache.hadoop.ipc.RPC$Server.call(RPC.java:1227) [hadoop-common-3.3.6.jar:?]
	at org.apache.hadoop.ipc.Server$RpcCall.run(Server.java:1094) [hadoop-common-3.3.6.jar:?]
	at org.apache.hadoop.ipc.Server$RpcCall.run(Server.java:1017) [hadoop-common-3.3.6.jar:?]
	at java.security.AccessController.doPrivileged(Native Method) ~[?:1.8.0_382]
	at javax.security.auth.Subject.doAs(Subject.java:422) [?:1.8.0_382]
	at org.apache.hadoop.security.UserGroupInformation.doAs(UserGroupInformation.java:1899) [hadoop-common-3.3.6.jar:?]
	at org.apache.hadoop.ipc.Server$Handler.run(Server.java:3048) [hadoop-common-3.3.6.jar:?]
17:51:55.275 [IPC Server handler 7 on default port 15057] ERROR OMAudit - user=runner | ip=127.0.0.1 | op=GET_FILE_STATUS {volume=volume24949, bucket=bucket75492, key=testBatchDelete/parent/childFolder/child4, dataSize=0, replicationConfig=null} | ret=FAILURE
org.apache.hadoop.ozone.om.exceptions.OMException: Unable to get file status: volume: volume24949 bucket: bucket75492 key: testBatchDelete/parent/childFolder/child4
	at org.apache.hadoop.ozone.om.KeyManagerImpl.getOzoneFileStatusFSO(KeyManagerImpl.java:1320) ~[ozone-manager-1.4.0-SNAPSHOT.jar:?]
	at org.apache.hadoop.ozone.om.KeyManagerImpl.getFileStatus(KeyManagerImpl.java:1111) ~[ozone-manager-1.4.0-SNAPSHOT.jar:?]
	at org.apache.hadoop.ozone.om.OmMetadataReader.getFileStatus(OmMetadataReader.java:262) ~[ozone-manager-1.4.0-SNAPSHOT.jar:?]
	at org.apache.hadoop.ozone.om.OzoneManager.getFileStatus(OzoneManager.java:3533) ~[ozone-manager-1.4.0-SNAPSHOT.jar:?]
	at org.apache.hadoop.ozone.protocolPB.OzoneManagerRequestHandler.getOzoneFileStatus(OzoneManagerRequestHandler.java:971) ~[ozone-manager-1.4.0-SNAPSHOT.jar:?]
	at org.apache.hadoop.ozone.protocolPB.OzoneManagerRequestHandler.handleReadRequest(OzoneManagerRequestHandler.java:250) ~[ozone-manager-1.4.0-SNAPSHOT.jar:?]
	at org.apache.hadoop.ozone.protocolPB.OzoneManagerProtocolServerSideTranslatorPB.submitRequestDirectlyToOM(OzoneManagerProtocolServerSideTranslatorPB.java:274) ~[ozone-manager-1.4.0-SNAPSHOT.jar:?]
	at org.apache.hadoop.ozone.protocolPB.OzoneManagerProtocolServerSideTranslatorPB.processRequest(OzoneManagerProtocolServerSideTranslatorPB.java:175) ~[ozone-manager-1.4.0-SNAPSHOT.jar:?]
	at org.apache.hadoop.hdds.server.OzoneProtocolMessageDispatcher.processRequest(OzoneProtocolMessageDispatcher.java:87) [hdds-server-framework-1.4.0-SNAPSHOT.jar:?]
	at org.apache.hadoop.ozone.protocolPB.OzoneManagerProtocolServerSideTranslatorPB.submitRequest(OzoneManagerProtocolServerSideTranslatorPB.java:148) [ozone-manager-1.4.0-SNAPSHOT.jar:?]
	at org.apache.hadoop.ozone.protocol.proto.OzoneManagerProtocolProtos$OzoneManagerService$2.callBlockingMethod(OzoneManagerProtocolProtos.java) [ozone-interface-client-1.4.0-SNAPSHOT.jar:?]
	at org.apache.hadoop.ipc.ProtobufRpcEngine$Server.processCall(ProtobufRpcEngine.java:484) [hadoop-common-3.3.6.jar:?]
	at org.apache.hadoop.ipc.ProtobufRpcEngine2$Server$ProtoBufRpcInvoker.call(ProtobufRpcEngine2.java:595) [hadoop-common-3.3.6.jar:?]
	at org.apache.hadoop.ipc.ProtobufRpcEngine2$Server$ProtoBufRpcInvoker.call(ProtobufRpcEngine2.java:573) [hadoop-common-3.3.6.jar:?]
	at org.apache.hadoop.ipc.RPC$Server.call(RPC.java:1227) [hadoop-common-3.3.6.jar:?]
	at org.apache.hadoop.ipc.Server$RpcCall.run(Server.java:1094) [hadoop-common-3.3.6.jar:?]
	at org.apache.hadoop.ipc.Server$RpcCall.run(Server.java:1017) [hadoop-common-3.3.6.jar:?]
	at java.security.AccessController.doPrivileged(Native Method) ~[?:1.8.0_382]
	at javax.security.auth.Subject.doAs(Subject.java:422) [?:1.8.0_382]
	at org.apache.hadoop.security.UserGroupInformation.doAs(UserGroupInformation.java:1899) [hadoop-common-3.3.6.jar:?]
	at org.apache.hadoop.ipc.Server$Handler.run(Server.java:3048) [hadoop-common-3.3.6.jar:?]
17:51:55.277 [IPC Server handler 19 on default port 15057] ERROR OMAudit - user=runner | ip=127.0.0.1 | op=GET_FILE_STATUS {volume=volume24949, bucket=bucket75492, key=testBatchDelete/parent/child5, dataSize=0, replicationConfig=null} | ret=FAILURE
org.apache.hadoop.ozone.om.exceptions.OMException: Unable to get file status: volume: volume24949 bucket: bucket75492 key: testBatchDelete/parent/child5
	at org.apache.hadoop.ozone.om.KeyManagerImpl.getOzoneFileStatusFSO(KeyManagerImpl.java:1320) ~[ozone-manager-1.4.0-SNAPSHOT.jar:?]
	at org.apache.hadoop.ozone.om.KeyManagerImpl.getFileStatus(KeyManagerImpl.java:1111) ~[ozone-manager-1.4.0-SNAPSHOT.jar:?]
	at org.apache.hadoop.ozone.om.OmMetadataReader.getFileStatus(OmMetadataReader.java:262) ~[ozone-manager-1.4.0-SNAPSHOT.jar:?]
	at org.apache.hadoop.ozone.om.OzoneManager.getFileStatus(OzoneManager.java:3533) ~[ozone-manager-1.4.0-SNAPSHOT.jar:?]
	at org.apache.hadoop.ozone.protocolPB.OzoneManagerRequestHandler.getOzoneFileStatus(OzoneManagerRequestHandler.java:971) ~[ozone-manager-1.4.0-SNAPSHOT.jar:?]
	at org.apache.hadoop.ozone.protocolPB.OzoneManagerRequestHandler.handleReadRequest(OzoneManagerRequestHandler.java:250) ~[ozone-manager-1.4.0-SNAPSHOT.jar:?]
	at org.apache.hadoop.ozone.protocolPB.OzoneManagerProtocolServerSideTranslatorPB.submitRequestDirectlyToOM(OzoneManagerProtocolServerSideTranslatorPB.java:274) ~[ozone-manager-1.4.0-SNAPSHOT.jar:?]
	at org.apache.hadoop.ozone.protocolPB.OzoneManagerProtocolServerSideTranslatorPB.processRequest(OzoneManagerProtocolServerSideTranslatorPB.java:175) ~[ozone-manager-1.4.0-SNAPSHOT.jar:?]
	at org.apache.hadoop.hdds.server.OzoneProtocolMessageDispatcher.processRequest(OzoneProtocolMessageDispatcher.java:87) [hdds-server-framework-1.4.0-SNAPSHOT.jar:?]
	at org.apache.hadoop.ozone.protocolPB.OzoneManagerProtocolServerSideTranslatorPB.submitRequest(OzoneManagerProtocolServerSideTranslatorPB.java:148) [ozone-manager-1.4.0-SNAPSHOT.jar:?]
	at org.apache.hadoop.ozone.protocol.proto.OzoneManagerProtocolProtos$OzoneManagerService$2.callBlockingMethod(OzoneManagerProtocolProtos.java) [ozone-interface-client-1.4.0-SNAPSHOT.jar:?]
	at org.apache.hadoop.ipc.ProtobufRpcEngine$Server.processCall(ProtobufRpcEngine.java:484) [hadoop-common-3.3.6.jar:?]
	at org.apache.hadoop.ipc.ProtobufRpcEngine2$Server$ProtoBufRpcInvoker.call(ProtobufRpcEngine2.java:595) [hadoop-common-3.3.6.jar:?]
	at org.apache.hadoop.ipc.ProtobufRpcEngine2$Server$ProtoBufRpcInvoker.call(ProtobufRpcEngine2.java:573) [hadoop-common-3.3.6.jar:?]
	at org.apache.hadoop.ipc.RPC$Server.call(RPC.java:1227) [hadoop-common-3.3.6.jar:?]
	at org.apache.hadoop.ipc.Server$RpcCall.run(Server.java:1094) [hadoop-common-3.3.6.jar:?]
	at org.apache.hadoop.ipc.Server$RpcCall.run(Server.java:1017) [hadoop-common-3.3.6.jar:?]
	at java.security.AccessController.doPrivileged(Native Method) ~[?:1.8.0_382]
	at javax.security.auth.Subject.doAs(Subject.java:422) [?:1.8.0_382]
	at org.apache.hadoop.security.UserGroupInformation.doAs(UserGroupInformation.java:1899) [hadoop-common-3.3.6.jar:?]
	at org.apache.hadoop.ipc.Server$Handler.run(Server.java:3048) [hadoop-common-3.3.6.jar:?]
17:51:55.278 [IPC Server handler 10 on default port 15057] ERROR OMAudit - user=runner | ip=127.0.0.1 | op=GET_FILE_STATUS {volume=volume24949, bucket=bucket75492, key=testBatchDelete/parent/childFolder/child5, dataSize=0, replicationConfig=null} | ret=FAILURE
org.apache.hadoop.ozone.om.exceptions.OMException: Unable to get file status: volume: volume24949 bucket: bucket75492 key: testBatchDelete/parent/childFolder/child5
	at org.apache.hadoop.ozone.om.KeyManagerImpl.getOzoneFileStatusFSO(KeyManagerImpl.java:1320) ~[ozone-manager-1.4.0-SNAPSHOT.jar:?]
	at org.apache.hadoop.ozone.om.KeyManagerImpl.getFileStatus(KeyManagerImpl.java:1111) ~[ozone-manager-1.4.0-SNAPSHOT.jar:?]
	at org.apache.hadoop.ozone.om.OmMetadataReader.getFileStatus(OmMetadataReader.java:262) ~[ozone-manager-1.4.0-SNAPSHOT.jar:?]
	at org.apache.hadoop.ozone.om.OzoneManager.getFileStatus(OzoneManager.java:3533) ~[ozone-manager-1.4.0-SNAPSHOT.jar:?]
	at org.apache.hadoop.ozone.protocolPB.OzoneManagerRequestHandler.getOzoneFileStatus(OzoneManagerRequestHandler.java:971) ~[ozone-manager-1.4.0-SNAPSHOT.jar:?]
	at org.apache.hadoop.ozone.protocolPB.OzoneManagerRequestHandler.handleReadRequest(OzoneManagerRequestHandler.java:250) ~[ozone-manager-1.4.0-SNAPSHOT.jar:?]
	at org.apache.hadoop.ozone.protocolPB.OzoneManagerProtocolServerSideTranslatorPB.submitRequestDirectlyToOM(OzoneManagerProtocolServerSideTranslatorPB.java:274) ~[ozone-manager-1.4.0-SNAPSHOT.jar:?]
	at org.apache.hadoop.ozone.protocolPB.OzoneManagerProtocolServerSideTranslatorPB.processRequest(OzoneManagerProtocolServerSideTranslatorPB.java:175) ~[ozone-manager-1.4.0-SNAPSHOT.jar:?]
	at org.apache.hadoop.hdds.server.OzoneProtocolMessageDispatcher.processRequest(OzoneProtocolMessageDispatcher.java:87) [hdds-server-framework-1.4.0-SNAPSHOT.jar:?]
	at org.apache.hadoop.ozone.protocolPB.OzoneManagerProtocolServerSideTranslatorPB.submitRequest(OzoneManagerProtocolServerSideTranslatorPB.java:148) [ozone-manager-1.4.0-SNAPSHOT.jar:?]
	at org.apache.hadoop.ozone.protocol.proto.OzoneManagerProtocolProtos$OzoneManagerService$2.callBlockingMethod(OzoneManagerProtocolProtos.java) [ozone-interface-client-1.4.0-SNAPSHOT.jar:?]
	at org.apache.hadoop.ipc.ProtobufRpcEngine$Server.processCall(ProtobufRpcEngine.java:484) [hadoop-common-3.3.6.jar:?]
	at org.apache.hadoop.ipc.ProtobufRpcEngine2$Server$ProtoBufRpcInvoker.call(ProtobufRpcEngine2.java:595) [hadoop-common-3.3.6.jar:?]
	at org.apache.hadoop.ipc.ProtobufRpcEngine2$Server$ProtoBufRpcInvoker.call(ProtobufRpcEngine2.java:573) [hadoop-common-3.3.6.jar:?]
	at org.apache.hadoop.ipc.RPC$Server.call(RPC.java:1227) [hadoop-common-3.3.6.jar:?]
	at org.apache.hadoop.ipc.Server$RpcCall.run(Server.java:1094) [hadoop-common-3.3.6.jar:?]
	at org.apache.hadoop.ipc.Server$RpcCall.run(Server.java:1017) [hadoop-common-3.3.6.jar:?]
	at java.security.AccessController.doPrivileged(Native Method) ~[?:1.8.0_382]
	at javax.security.auth.Subject.doAs(Subject.java:422) [?:1.8.0_382]
	at org.apache.hadoop.security.UserGroupInformation.doAs(UserGroupInformation.java:1899) [hadoop-common-3.3.6.jar:?]
	at org.apache.hadoop.ipc.Server$Handler.run(Server.java:3048) [hadoop-common-3.3.6.jar:?]
17:51:55.279 [IPC Server handler 14 on default port 15057] ERROR OMAudit - user=runner | ip=127.0.0.1 | op=GET_FILE_STATUS {volume=volume24949, bucket=bucket75492, key=testBatchDelete/parent/child6, dataSize=0, replicationConfig=null} | ret=FAILURE
org.apache.hadoop.ozone.om.exceptions.OMException: Unable to get file status: volume: volume24949 bucket: bucket75492 key: testBatchDelete/parent/child6
	at org.apache.hadoop.ozone.om.KeyManagerImpl.getOzoneFileStatusFSO(KeyManagerImpl.java:1320) ~[ozone-manager-1.4.0-SNAPSHOT.jar:?]
	at org.apache.hadoop.ozone.om.KeyManagerImpl.getFileStatus(KeyManagerImpl.java:1111) ~[ozone-manager-1.4.0-SNAPSHOT.jar:?]
	at org.apache.hadoop.ozone.om.OmMetadataReader.getFileStatus(OmMetadataReader.java:262) ~[ozone-manager-1.4.0-SNAPSHOT.jar:?]
	at org.apache.hadoop.ozone.om.OzoneManager.getFileStatus(OzoneManager.java:3533) ~[ozone-manager-1.4.0-SNAPSHOT.jar:?]
	at org.apache.hadoop.ozone.protocolPB.OzoneManagerRequestHandler.getOzoneFileStatus(OzoneManagerRequestHandler.java:971) ~[ozone-manager-1.4.0-SNAPSHOT.jar:?]
	at org.apache.hadoop.ozone.protocolPB.OzoneManagerRequestHandler.handleReadRequest(OzoneManagerRequestHandler.java:250) ~[ozone-manager-1.4.0-SNAPSHOT.jar:?]
	at org.apache.hadoop.ozone.protocolPB.OzoneManagerProtocolServerSideTranslatorPB.submitRequestDirectlyToOM(OzoneManagerProtocolServerSideTranslatorPB.java:274) ~[ozone-manager-1.4.0-SNAPSHOT.jar:?]
	at org.apache.hadoop.ozone.protocolPB.OzoneManagerProtocolServerSideTranslatorPB.processRequest(OzoneManagerProtocolServerSideTranslatorPB.java:175) ~[ozone-manager-1.4.0-SNAPSHOT.jar:?]
	at org.apache.hadoop.hdds.server.OzoneProtocolMessageDispatcher.processRequest(OzoneProtocolMessageDispatcher.java:87) [hdds-server-framework-1.4.0-SNAPSHOT.jar:?]
	at org.apache.hadoop.ozone.protocolPB.OzoneManagerProtocolServerSideTranslatorPB.submitRequest(OzoneManagerProtocolServerSideTranslatorPB.java:148) [ozone-manager-1.4.0-SNAPSHOT.jar:?]
	at org.apache.hadoop.ozone.protocol.proto.OzoneManagerProtocolProtos$OzoneManagerService$2.callBlockingMethod(OzoneManagerProtocolProtos.java) [ozone-interface-client-1.4.0-SNAPSHOT.jar:?]
	at org.apache.hadoop.ipc.ProtobufRpcEngine$Server.processCall(ProtobufRpcEngine.java:484) [hadoop-common-3.3.6.jar:?]
	at org.apache.hadoop.ipc.ProtobufRpcEngine2$Server$ProtoBufRpcInvoker.call(ProtobufRpcEngine2.java:595) [hadoop-common-3.3.6.jar:?]
	at org.apache.hadoop.ipc.ProtobufRpcEngine2$Server$ProtoBufRpcInvoker.call(ProtobufRpcEngine2.java:573) [hadoop-common-3.3.6.jar:?]
	at org.apache.hadoop.ipc.RPC$Server.call(RPC.java:1227) [hadoop-common-3.3.6.jar:?]
	at org.apache.hadoop.ipc.Server$RpcCall.run(Server.java:1094) [hadoop-common-3.3.6.jar:?]
	at org.apache.hadoop.ipc.Server$RpcCall.run(Server.java:1017) [hadoop-common-3.3.6.jar:?]
	at java.security.AccessController.doPrivileged(Native Method) ~[?:1.8.0_382]
	at javax.security.auth.Subject.doAs(Subject.java:422) [?:1.8.0_382]
	at org.apache.hadoop.security.UserGroupInformation.doAs(UserGroupInformation.java:1899) [hadoop-common-3.3.6.jar:?]
	at org.apache.hadoop.ipc.Server$Handler.run(Server.java:3048) [hadoop-common-3.3.6.jar:?]
17:51:55.280 [IPC Server handler 17 on default port 15057] ERROR OMAudit - user=runner | ip=127.0.0.1 | op=GET_FILE_STATUS {volume=volume24949, bucket=bucket75492, key=testBatchDelete/parent/childFolder/child6, dataSize=0, replicationConfig=null} | ret=FAILURE
org.apache.hadoop.ozone.om.exceptions.OMException: Unable to get file status: volume: volume24949 bucket: bucket75492 key: testBatchDelete/parent/childFolder/child6
	at org.apache.hadoop.ozone.om.KeyManagerImpl.getOzoneFileStatusFSO(KeyManagerImpl.java:1320) ~[ozone-manager-1.4.0-SNAPSHOT.jar:?]
	at org.apache.hadoop.ozone.om.KeyManagerImpl.getFileStatus(KeyManagerImpl.java:1111) ~[ozone-manager-1.4.0-SNAPSHOT.jar:?]
	at org.apache.hadoop.ozone.om.OmMetadataReader.getFileStatus(OmMetadataReader.java:262) ~[ozone-manager-1.4.0-SNAPSHOT.jar:?]
	at org.apache.hadoop.ozone.om.OzoneManager.getFileStatus(OzoneManager.java:3533) ~[ozone-manager-1.4.0-SNAPSHOT.jar:?]
	at org.apache.hadoop.ozone.protocolPB.OzoneManagerRequestHandler.getOzoneFileStatus(OzoneManagerRequestHandler.java:971) ~[ozone-manager-1.4.0-SNAPSHOT.jar:?]
	at org.apache.hadoop.ozone.protocolPB.OzoneManagerRequestHandler.handleReadRequest(OzoneManagerRequestHandler.java:250) ~[ozone-manager-1.4.0-SNAPSHOT.jar:?]
	at org.apache.hadoop.ozone.protocolPB.OzoneManagerProtocolServerSideTranslatorPB.submitRequestDirectlyToOM(OzoneManagerProtocolServerSideTranslatorPB.java:274) ~[ozone-manager-1.4.0-SNAPSHOT.jar:?]
	at org.apache.hadoop.ozone.protocolPB.OzoneManagerProtocolServerSideTranslatorPB.processRequest(OzoneManagerProtocolServerSideTranslatorPB.java:175) ~[ozone-manager-1.4.0-SNAPSHOT.jar:?]
	at org.apache.hadoop.hdds.server.OzoneProtocolMessageDispatcher.processRequest(OzoneProtocolMessageDispatcher.java:87) [hdds-server-framework-1.4.0-SNAPSHOT.jar:?]
	at org.apache.hadoop.ozone.protocolPB.OzoneManagerProtocolServerSideTranslatorPB.submitRequest(OzoneManagerProtocolServerSideTranslatorPB.java:148) [ozone-manager-1.4.0-SNAPSHOT.jar:?]
	at org.apache.hadoop.ozone.protocol.proto.OzoneManagerProtocolProtos$OzoneManagerService$2.callBlockingMethod(OzoneManagerProtocolProtos.java) [ozone-interface-client-1.4.0-SNAPSHOT.jar:?]
	at org.apache.hadoop.ipc.ProtobufRpcEngine$Server.processCall(ProtobufRpcEngine.java:484) [hadoop-common-3.3.6.jar:?]
	at org.apache.hadoop.ipc.ProtobufRpcEngine2$Server$ProtoBufRpcInvoker.call(ProtobufRpcEngine2.java:595) [hadoop-common-3.3.6.jar:?]
	at org.apache.hadoop.ipc.ProtobufRpcEngine2$Server$ProtoBufRpcInvoker.call(ProtobufRpcEngine2.java:573) [hadoop-common-3.3.6.jar:?]
	at org.apache.hadoop.ipc.RPC$Server.call(RPC.java:1227) [hadoop-common-3.3.6.jar:?]
	at org.apache.hadoop.ipc.Server$RpcCall.run(Server.java:1094) [hadoop-common-3.3.6.jar:?]
	at org.apache.hadoop.ipc.Server$RpcCall.run(Server.java:1017) [hadoop-common-3.3.6.jar:?]
	at java.security.AccessController.doPrivileged(Native Method) ~[?:1.8.0_382]
	at javax.security.auth.Subject.doAs(Subject.java:422) [?:1.8.0_382]
	at org.apache.hadoop.security.UserGroupInformation.doAs(UserGroupInformation.java:1899) [hadoop-common-3.3.6.jar:?]
	at org.apache.hadoop.ipc.Server$Handler.run(Server.java:3048) [hadoop-common-3.3.6.jar:?]
17:51:55.284 [IPC Server handler 15 on default port 15057] ERROR OMAudit - user=runner | ip=127.0.0.1 | op=GET_FILE_STATUS {volume=volume24949, bucket=bucket75492, key=testBatchDelete/parent/child7, dataSize=0, replicationConfig=null} | ret=FAILURE
org.apache.hadoop.ozone.om.exceptions.OMException: Unable to get file status: volume: volume24949 bucket: bucket75492 key: testBatchDelete/parent/child7
	at org.apache.hadoop.ozone.om.KeyManagerImpl.getOzoneFileStatusFSO(KeyManagerImpl.java:1320) ~[ozone-manager-1.4.0-SNAPSHOT.jar:?]
	at org.apache.hadoop.ozone.om.KeyManagerImpl.getFileStatus(KeyManagerImpl.java:1111) ~[ozone-manager-1.4.0-SNAPSHOT.jar:?]
	at org.apache.hadoop.ozone.om.OmMetadataReader.getFileStatus(OmMetadataReader.java:262) ~[ozone-manager-1.4.0-SNAPSHOT.jar:?]
	at org.apache.hadoop.ozone.om.OzoneManager.getFileStatus(OzoneManager.java:3533) ~[ozone-manager-1.4.0-SNAPSHOT.jar:?]
	at org.apache.hadoop.ozone.protocolPB.OzoneManagerRequestHandler.getOzoneFileStatus(OzoneManagerRequestHandler.java:971) ~[ozone-manager-1.4.0-SNAPSHOT.jar:?]
	at org.apache.hadoop.ozone.protocolPB.OzoneManagerRequestHandler.handleReadRequest(OzoneManagerRequestHandler.java:250) ~[ozone-manager-1.4.0-SNAPSHOT.jar:?]
	at org.apache.hadoop.ozone.protocolPB.OzoneManagerProtocolServerSideTranslatorPB.submitRequestDirectlyToOM(OzoneManagerProtocolServerSideTranslatorPB.java:274) ~[ozone-manager-1.4.0-SNAPSHOT.jar:?]
	at org.apache.hadoop.ozone.protocolPB.OzoneManagerProtocolServerSideTranslatorPB.processRequest(OzoneManagerProtocolServerSideTranslatorPB.java:175) ~[ozone-manager-1.4.0-SNAPSHOT.jar:?]
	at org.apache.hadoop.hdds.server.OzoneProtocolMessageDispatcher.processRequest(OzoneProtocolMessageDispatcher.java:87) [hdds-server-framework-1.4.0-SNAPSHOT.jar:?]
	at org.apache.hadoop.ozone.protocolPB.OzoneManagerProtocolServerSideTranslatorPB.submitRequest(OzoneManagerProtocolServerSideTranslatorPB.java:148) [ozone-manager-1.4.0-SNAPSHOT.jar:?]
	at org.apache.hadoop.ozone.protocol.proto.OzoneManagerProtocolProtos$OzoneManagerService$2.callBlockingMethod(OzoneManagerProtocolProtos.java) [ozone-interface-client-1.4.0-SNAPSHOT.jar:?]
	at org.apache.hadoop.ipc.ProtobufRpcEngine$Server.processCall(ProtobufRpcEngine.java:484) [hadoop-common-3.3.6.jar:?]
	at org.apache.hadoop.ipc.ProtobufRpcEngine2$Server$ProtoBufRpcInvoker.call(ProtobufRpcEngine2.java:595) [hadoop-common-3.3.6.jar:?]
	at org.apache.hadoop.ipc.ProtobufRpcEngine2$Server$ProtoBufRpcInvoker.call(ProtobufRpcEngine2.java:573) [hadoop-common-3.3.6.jar:?]
	at org.apache.hadoop.ipc.RPC$Server.call(RPC.java:1227) [hadoop-common-3.3.6.jar:?]
	at org.apache.hadoop.ipc.Server$RpcCall.run(Server.java:1094) [hadoop-common-3.3.6.jar:?]
	at org.apache.hadoop.ipc.Server$RpcCall.run(Server.java:1017) [hadoop-common-3.3.6.jar:?]
	at java.security.AccessController.doPrivileged(Native Method) ~[?:1.8.0_382]
	at javax.security.auth.Subject.doAs(Subject.java:422) [?:1.8.0_382]
	at org.apache.hadoop.security.UserGroupInformation.doAs(UserGroupInformation.java:1899) [hadoop-common-3.3.6.jar:?]
	at org.apache.hadoop.ipc.Server$Handler.run(Server.java:3048) [hadoop-common-3.3.6.jar:?]
17:51:55.285 [IPC Server handler 3 on default port 15057] ERROR OMAudit - user=runner | ip=127.0.0.1 | op=GET_FILE_STATUS {volume=volume24949, bucket=bucket75492, key=testBatchDelete/parent/childFolder/child7, dataSize=0, replicationConfig=null} | ret=FAILURE
org.apache.hadoop.ozone.om.exceptions.OMException: Unable to get file status: volume: volume24949 bucket: bucket75492 key: testBatchDelete/parent/childFolder/child7
	at org.apache.hadoop.ozone.om.KeyManagerImpl.getOzoneFileStatusFSO(KeyManagerImpl.java:1320) ~[ozone-manager-1.4.0-SNAPSHOT.jar:?]
	at org.apache.hadoop.ozone.om.KeyManagerImpl.getFileStatus(KeyManagerImpl.java:1111) ~[ozone-manager-1.4.0-SNAPSHOT.jar:?]
	at org.apache.hadoop.ozone.om.OmMetadataReader.getFileStatus(OmMetadataReader.java:262) ~[ozone-manager-1.4.0-SNAPSHOT.jar:?]
	at org.apache.hadoop.ozone.om.OzoneManager.getFileStatus(OzoneManager.java:3533) ~[ozone-manager-1.4.0-SNAPSHOT.jar:?]
	at org.apache.hadoop.ozone.protocolPB.OzoneManagerRequestHandler.getOzoneFileStatus(OzoneManagerRequestHandler.java:971) ~[ozone-manager-1.4.0-SNAPSHOT.jar:?]
	at org.apache.hadoop.ozone.protocolPB.OzoneManagerRequestHandler.handleReadRequest(OzoneManagerRequestHandler.java:250) ~[ozone-manager-1.4.0-SNAPSHOT.jar:?]
	at org.apache.hadoop.ozone.protocolPB.OzoneManagerProtocolServerSideTranslatorPB.submitRequestDirectlyToOM(OzoneManagerProtocolServerSideTranslatorPB.java:274) ~[ozone-manager-1.4.0-SNAPSHOT.jar:?]
	at org.apache.hadoop.ozone.protocolPB.OzoneManagerProtocolServerSideTranslatorPB.processRequest(OzoneManagerProtocolServerSideTranslatorPB.java:175) ~[ozone-manager-1.4.0-SNAPSHOT.jar:?]
	at org.apache.hadoop.hdds.server.OzoneProtocolMessageDispatcher.processRequest(OzoneProtocolMessageDispatcher.java:87) [hdds-server-framework-1.4.0-SNAPSHOT.jar:?]
	at org.apache.hadoop.ozone.protocolPB.OzoneManagerProtocolServerSideTranslatorPB.submitRequest(OzoneManagerProtocolServerSideTranslatorPB.java:148) [ozone-manager-1.4.0-SNAPSHOT.jar:?]
	at org.apache.hadoop.ozone.protocol.proto.OzoneManagerProtocolProtos$OzoneManagerService$2.callBlockingMethod(OzoneManagerProtocolProtos.java) [ozone-interface-client-1.4.0-SNAPSHOT.jar:?]
	at org.apache.hadoop.ipc.ProtobufRpcEngine$Server.processCall(ProtobufRpcEngine.java:484) [hadoop-common-3.3.6.jar:?]
	at org.apache.hadoop.ipc.ProtobufRpcEngine2$Server$ProtoBufRpcInvoker.call(ProtobufRpcEngine2.java:595) [hadoop-common-3.3.6.jar:?]
	at org.apache.hadoop.ipc.ProtobufRpcEngine2$Server$ProtoBufRpcInvoker.call(ProtobufRpcEngine2.java:573) [hadoop-common-3.3.6.jar:?]
	at org.apache.hadoop.ipc.RPC$Server.call(RPC.java:1227) [hadoop-common-3.3.6.jar:?]
	at org.apache.hadoop.ipc.Server$RpcCall.run(Server.java:1094) [hadoop-common-3.3.6.jar:?]
	at org.apache.hadoop.ipc.Server$RpcCall.run(Server.java:1017) [hadoop-common-3.3.6.jar:?]
	at java.security.AccessController.doPrivileged(Native Method) ~[?:1.8.0_382]
	at javax.security.auth.Subject.doAs(Subject.java:422) [?:1.8.0_382]
	at org.apache.hadoop.security.UserGroupInformation.doAs(UserGroupInformation.java:1899) [hadoop-common-3.3.6.jar:?]
	at org.apache.hadoop.ipc.Server$Handler.run(Server.java:3048) [hadoop-common-3.3.6.jar:?]
17:51:55.286 [IPC Server handler 5 on default port 15057] ERROR OMAudit - user=runner | ip=127.0.0.1 | op=GET_FILE_STATUS {volume=volume24949, bucket=bucket75492, key=testBatchDelete/parent, dataSize=0, replicationConfig=null} | ret=FAILURE
org.apache.hadoop.ozone.om.exceptions.OMException: Unable to get file status: volume: volume24949 bucket: bucket75492 key: testBatchDelete/parent
	at org.apache.hadoop.ozone.om.KeyManagerImpl.getOzoneFileStatusFSO(KeyManagerImpl.java:1320) ~[ozone-manager-1.4.0-SNAPSHOT.jar:?]
	at org.apache.hadoop.ozone.om.KeyManagerImpl.getFileStatus(KeyManagerImpl.java:1111) ~[ozone-manager-1.4.0-SNAPSHOT.jar:?]
	at org.apache.hadoop.ozone.om.OmMetadataReader.getFileStatus(OmMetadataReader.java:262) ~[ozone-manager-1.4.0-SNAPSHOT.jar:?]
	at org.apache.hadoop.ozone.om.OzoneManager.getFileStatus(OzoneManager.java:3533) ~[ozone-manager-1.4.0-SNAPSHOT.jar:?]
	at org.apache.hadoop.ozone.protocolPB.OzoneManagerRequestHandler.getOzoneFileStatus(OzoneManagerRequestHandler.java:971) ~[ozone-manager-1.4.0-SNAPSHOT.jar:?]
	at org.apache.hadoop.ozone.protocolPB.OzoneManagerRequestHandler.handleReadRequest(OzoneManagerRequestHandler.java:250) ~[ozone-manager-1.4.0-SNAPSHOT.jar:?]
	at org.apache.hadoop.ozone.protocolPB.OzoneManagerProtocolServerSideTranslatorPB.submitRequestDirectlyToOM(OzoneManagerProtocolServerSideTranslatorPB.java:274) ~[ozone-manager-1.4.0-SNAPSHOT.jar:?]
	at org.apache.hadoop.ozone.protocolPB.OzoneManagerProtocolServerSideTranslatorPB.processRequest(OzoneManagerProtocolServerSideTranslatorPB.java:175) ~[ozone-manager-1.4.0-SNAPSHOT.jar:?]
	at org.apache.hadoop.hdds.server.OzoneProtocolMessageDispatcher.processRequest(OzoneProtocolMessageDispatcher.java:87) [hdds-server-framework-1.4.0-SNAPSHOT.jar:?]
	at org.apache.hadoop.ozone.protocolPB.OzoneManagerProtocolServerSideTranslatorPB.submitRequest(OzoneManagerProtocolServerSideTranslatorPB.java:148) [ozone-manager-1.4.0-SNAPSHOT.jar:?]
	at org.apache.hadoop.ozone.protocol.proto.OzoneManagerProtocolProtos$OzoneManagerService$2.callBlockingMethod(OzoneManagerProtocolProtos.java) [ozone-interface-client-1.4.0-SNAPSHOT.jar:?]
	at org.apache.hadoop.ipc.ProtobufRpcEngine$Server.processCall(ProtobufRpcEngine.java:484) [hadoop-common-3.3.6.jar:?]
	at org.apache.hadoop.ipc.ProtobufRpcEngine2$Server$ProtoBufRpcInvoker.call(ProtobufRpcEngine2.java:595) [hadoop-common-3.3.6.jar:?]
	at org.apache.hadoop.ipc.ProtobufRpcEngine2$Server$ProtoBufRpcInvoker.call(ProtobufRpcEngine2.java:573) [hadoop-common-3.3.6.jar:?]
	at org.apache.hadoop.ipc.RPC$Server.call(RPC.java:1227) [hadoop-common-3.3.6.jar:?]
	at org.apache.hadoop.ipc.Server$RpcCall.run(Server.java:1094) [hadoop-common-3.3.6.jar:?]
	at org.apache.hadoop.ipc.Server$RpcCall.run(Server.java:1017) [hadoop-common-3.3.6.jar:?]
	at java.security.AccessController.doPrivileged(Native Method) ~[?:1.8.0_382]
	at javax.security.auth.Subject.doAs(Subject.java:422) [?:1.8.0_382]
	at org.apache.hadoop.security.UserGroupInformation.doAs(UserGroupInformation.java:1899) [hadoop-common-3.3.6.jar:?]
	at org.apache.hadoop.ipc.Server$Handler.run(Server.java:3048) [hadoop-common-3.3.6.jar:?]
2023-09-21 17:51:55,287 [Time-limited test] WARN  ozone.BasicRootedOzoneFileSystem (BasicRootedOzoneFileSystem.java:delete(704)) - delete: Path does not exist: /volume24949/bucket75492/testBatchDelete/parent
]]></system-out>
  </testcase>
  <testcase name="testListStatusIteratorOnPageSize" classname="TestRootedOzoneFileSystemWithFSO" time="50.565">
    <system-out><![CDATA[2023-09-21 17:50:08,787 [Time-limited test] INFO  rpc.RpcClient (RpcClient.java:createVolume(461)) - Creating Volume: volume74818, with user40192 as owner and space quota set to -1 bytes, counts quota set to -1
2023-09-21 17:50:08,789 [OM StateMachine ApplyTransaction Thread - 0] INFO  volume.OMVolumeCreateRequest (OMVolumeCreateRequest.java:validateAndUpdateCache(196)) - created volume:volume74818 for user:user40192
2023-09-21 17:50:08,790 [Time-limited test] INFO  rpc.RpcClient (RpcClient.java:createBucket(688)) - Creating Bucket: volume74818/bucket91598, with bucket layout FILE_SYSTEM_OPTIMIZED, runner as owner, Versioning false, Storage Type set to DISK and Encryption set to false, Replication Type set to server-side default replication type, Namespace Quota set to -1, Space Quota set to -1 
2023-09-21 17:50:08,791 [OM StateMachine ApplyTransaction Thread - 0] INFO  bucket.OMBucketCreateRequest (OMBucketCreateRequest.java:validateAndUpdateCache(270)) - created bucket: bucket91598 of layout FILE_SYSTEM_OPTIMIZED in volume: volume74818
2023-09-21 17:50:16,753 [SstFilteringService#0] INFO  snapshot.SnapshotCache (SnapshotCache.java:lambda$1(170)) - Loading snapshot. Table key: /volume28727/bucket17793/snap1
2023-09-21 17:50:16,755 [SstFilteringService#0] INFO  db.RocksDatabase (RocksDatabase.java:deleteFilesNotMatchingPrefix(989)) - Deleting sst file /000090.sst corresponding to column family fileTable from db: /home/runner/work/ozone/ozone/hadoop-ozone/integration-test/target/test-dir/MiniOzoneClusterImpl-ff0bea85-29d4-48e8-8c84-822e75daf04a/ozone-meta/db.snapshots/checkpointState/om.db-b9ae3023-5f1a-406c-8f57-933ae62aaa6e
2023-09-21 17:50:16,774 [SstFilteringService#0] INFO  managed.ManagedRocksObjectUtils (ManagedRocksObjectUtils.java:waitForFileDelete(95)) - Waited for 16 milliseconds for file /home/runner/work/ozone/ozone/hadoop-ozone/integration-test/target/test-dir/MiniOzoneClusterImpl-ff0bea85-29d4-48e8-8c84-822e75daf04a/ozone-meta/db.snapshots/checkpointState/om.db-b9ae3023-5f1a-406c-8f57-933ae62aaa6e/000090.sst deletion.
2023-09-21 17:50:16,780 [SstFilteringService#0] INFO  snapshot.SnapshotCache (SnapshotCache.java:lambda$1(170)) - Loading snapshot. Table key: /volume67847/bucket10581/snap1
2023-09-21 17:50:16,782 [SstFilteringService#0] INFO  db.RocksDatabase (RocksDatabase.java:deleteFilesNotMatchingPrefix(989)) - Deleting sst file /000090.sst corresponding to column family fileTable from db: /home/runner/work/ozone/ozone/hadoop-ozone/integration-test/target/test-dir/MiniOzoneClusterImpl-ff0bea85-29d4-48e8-8c84-822e75daf04a/ozone-meta/db.snapshots/checkpointState/om.db-560cf54b-23d9-4a3c-837f-6679635032d7
2023-09-21 17:50:16,799 [SstFilteringService#0] INFO  managed.ManagedRocksObjectUtils (ManagedRocksObjectUtils.java:waitForFileDelete(95)) - Waited for 14 milliseconds for file /home/runner/work/ozone/ozone/hadoop-ozone/integration-test/target/test-dir/MiniOzoneClusterImpl-ff0bea85-29d4-48e8-8c84-822e75daf04a/ozone-meta/db.snapshots/checkpointState/om.db-560cf54b-23d9-4a3c-837f-6679635032d7/000090.sst deletion.
2023-09-21 17:50:16,965 [IPC Server handler 9 on default port 15001] INFO  ha.SequenceIdGenerator (SequenceIdGenerator.java:getNextId(140)) - Allocate a batch for delTxnId, change lastId from 0 to 1000.
2023-09-21 17:50:17,199 [KeyDeletingService#0] INFO  snapshot.SnapshotCache (SnapshotCache.java:lambda$1(170)) - Loading snapshot. Table key: /volume28727/bucket17793/snap1
2023-09-21 17:50:17,200 [KeyDeletingService#0] INFO  snapshot.SnapshotCache (SnapshotCache.java:lambda$1(170)) - Loading snapshot. Table key: /volume67847/bucket10581/snap1
2023-09-21 17:50:17,204 [KeyDeletingService#0] INFO  snapshot.SnapshotCache (SnapshotCache.java:lambda$1(170)) - Loading snapshot. Table key: /volume67847/bucket10581/snap2
2023-09-21 17:50:17,204 [KeyDeletingService#0] INFO  snapshot.SnapshotCache (SnapshotCache.java:lambda$1(170)) - Loading snapshot. Table key: /volume67847/bucket10581/snap1
2023-09-21 17:50:17,207 [KeyDeletingService#0] INFO  snapshot.SnapshotCache (SnapshotCache.java:lambda$1(170)) - Loading snapshot. Table key: /volume89005/bucket86162/s20230921-175002.013
2023-09-21 17:50:17,209 [KeyDeletingService#0] INFO  snapshot.SnapshotCache (SnapshotCache.java:lambda$1(170)) - Loading snapshot. Table key: /volume89005/bucket86162/s20230921-175002.080
2023-09-21 17:50:17,210 [KeyDeletingService#0] INFO  snapshot.SnapshotCache (SnapshotCache.java:lambda$1(170)) - Loading snapshot. Table key: /volume89005/bucket86162/s20230921-175002.013
2023-09-21 17:50:17,220 [KeyDeletingService#0] INFO  snapshot.SnapshotCache (SnapshotCache.java:lambda$1(170)) - Loading snapshot. Table key: /volume89005/bucket86162/s20230921-175003.334
2023-09-21 17:50:17,221 [KeyDeletingService#0] INFO  snapshot.SnapshotCache (SnapshotCache.java:lambda$1(170)) - Loading snapshot. Table key: /volume89005/bucket86162/s20230921-175002.080
2023-09-21 17:50:18,477 [KeyDeletingService#0] INFO  utils.BackgroundService (AbstractKeyDeletingService.java:optimizeDirDeletesAndSubmitRequest(445)) - Number of dirs deleted: 845, Number of sub-dir deleted: 23, Number of sub-files moved: 1231 to DeletedTable, Number of sub-dirs moved 0 to DeletedDirectoryTable, iteration elapsed: 1734ms, totalRunCount: 1
2023-09-21 17:50:20,477 [BlockDeletingService#0] INFO  interfaces.ContainerDeletionChoosingPolicyTemplate (ContainerDeletionChoosingPolicyTemplate.java:chooseContainerForBlockDeletion(85)) - Chosen 0/5000 blocks from 0 candidate containers.
2023-09-21 17:50:20,758 [BlockDeletingService#0] INFO  interfaces.ContainerDeletionChoosingPolicyTemplate (ContainerDeletionChoosingPolicyTemplate.java:chooseContainerForBlockDeletion(85)) - Chosen 0/5000 blocks from 0 candidate containers.
2023-09-21 17:50:21,151 [BlockDeletingService#0] INFO  interfaces.ContainerDeletionChoosingPolicyTemplate (ContainerDeletionChoosingPolicyTemplate.java:chooseContainerForBlockDeletion(85)) - Chosen 0/5000 blocks from 0 candidate containers.
2023-09-21 17:50:21,550 [BlockDeletingService#0] INFO  interfaces.ContainerDeletionChoosingPolicyTemplate (ContainerDeletionChoosingPolicyTemplate.java:chooseContainerForBlockDeletion(85)) - Chosen 0/5000 blocks from 0 candidate containers.
2023-09-21 17:50:21,919 [BlockDeletingService#0] INFO  interfaces.ContainerDeletionChoosingPolicyTemplate (ContainerDeletionChoosingPolicyTemplate.java:chooseContainerForBlockDeletion(85)) - Chosen 0/5000 blocks from 0 candidate containers.
2023-09-21 17:50:40,480 [om1-client-thread1] INFO  segmented.SegmentedRaftLogWorker (SegmentedRaftLogWorker.java:rollLogSegment(452)) - om1@group-C5BA1605619E-SegmentedRaftLogWorker: Rolling segment log-0_24860 to index:24860
2023-09-21 17:50:40,483 [om1@group-C5BA1605619E-SegmentedRaftLogWorker] INFO  segmented.SegmentedRaftLogWorker (SegmentedRaftLogWorker.java:execute(608)) - om1@group-C5BA1605619E-SegmentedRaftLogWorker: Rolled log segment from /home/runner/work/ozone/ozone/hadoop-ozone/integration-test/target/test-dir/MiniOzoneClusterImpl-ff0bea85-29d4-48e8-8c84-822e75daf04a/ozone-meta/ratis/bf265839-605b-3f16-9796-c5ba1605619e/current/log_inprogress_0 to /home/runner/work/ozone/ozone/hadoop-ozone/integration-test/target/test-dir/MiniOzoneClusterImpl-ff0bea85-29d4-48e8-8c84-822e75daf04a/ozone-meta/ratis/bf265839-605b-3f16-9796-c5ba1605619e/current/log_0-24860
2023-09-21 17:50:40,497 [om1@group-C5BA1605619E-SegmentedRaftLogWorker] INFO  segmented.SegmentedRaftLogWorker (SegmentedRaftLogWorker.java:execute(651)) - om1@group-C5BA1605619E-SegmentedRaftLogWorker: created new log segment /home/runner/work/ozone/ozone/hadoop-ozone/integration-test/target/test-dir/MiniOzoneClusterImpl-ff0bea85-29d4-48e8-8c84-822e75daf04a/ozone-meta/ratis/bf265839-605b-3f16-9796-c5ba1605619e/current/log_inprogress_24861
]]></system-out>
  </testcase>
  <testcase name="testListStatusIteratorOnPageSize" classname="TestRootedOzoneFileSystemWithFSO" time="38.121">
    <system-out><![CDATA[2023-09-21 17:51:55,317 [Time-limited test] INFO  rpc.RpcClient (RpcClient.java:createVolume(461)) - Creating Volume: volume14883, with user46341 as owner and space quota set to -1 bytes, counts quota set to -1
2023-09-21 17:51:55,318 [IPC Server handler 18 on default port 15057] INFO  volume.OMVolumeCreateRequest (OMVolumeCreateRequest.java:validateAndUpdateCache(196)) - created volume:volume14883 for user:user46341
2023-09-21 17:51:55,319 [Time-limited test] INFO  rpc.RpcClient (RpcClient.java:createBucket(688)) - Creating Bucket: volume14883/bucket17971, with bucket layout FILE_SYSTEM_OPTIMIZED, runner as owner, Versioning false, Storage Type set to DISK and Encryption set to false, Replication Type set to server-side default replication type, Namespace Quota set to -1, Space Quota set to -1 
2023-09-21 17:51:55,320 [IPC Server handler 13 on default port 15057] INFO  bucket.OMBucketCreateRequest (OMBucketCreateRequest.java:validateAndUpdateCache(270)) - created bucket: bucket17971 of layout FILE_SYSTEM_OPTIMIZED in volume: volume14883
2023-09-21 17:52:01,366 [JvmPauseMonitor11] WARN  util.JvmPauseMonitor (JvmPauseMonitor.java:detectPause(124)) - JvmPauseMonitor-4cdc299f-4834-4fa6-8ba2-191990d4ad82: Detected pause in JVM or host machine approximately 0.139s with 0.144s GC time.
GC pool 'PS Scavenge' had collection(s): count=1 time=144ms
2023-09-21 17:52:01,366 [JvmPauseMonitor10] WARN  util.JvmPauseMonitor (JvmPauseMonitor.java:detectPause(124)) - JvmPauseMonitor-37083bac-0b78-4ab7-8270-b85e08b802dc: Detected pause in JVM or host machine approximately 0.139s with 0.144s GC time.
GC pool 'PS Scavenge' had collection(s): count=1 time=144ms
2023-09-21 17:52:01,366 [JvmPauseMonitor8] WARN  util.JvmPauseMonitor (JvmPauseMonitor.java:detectPause(124)) - JvmPauseMonitor-8212fa36-dc71-4533-954d-f399acfc54f3: Detected pause in JVM or host machine approximately 0.142s with 0.144s GC time.
GC pool 'PS Scavenge' had collection(s): count=1 time=144ms
2023-09-21 17:52:01,366 [JvmPauseMonitor9] WARN  util.JvmPauseMonitor (JvmPauseMonitor.java:detectPause(124)) - JvmPauseMonitor-21cefe31-b447-4cde-b371-f0af1d83a0ae: Detected pause in JVM or host machine approximately 0.141s with 0.144s GC time.
GC pool 'PS Scavenge' had collection(s): count=1 time=144ms
2023-09-21 17:52:01,366 [JvmPauseMonitor13] WARN  util.JvmPauseMonitor (JvmPauseMonitor.java:detectPause(124)) - JvmPauseMonitor-c526289d-5cad-4097-8195-61ffa3487ef7: Detected pause in JVM or host machine approximately 0.141s with 0.144s GC time.
GC pool 'PS Scavenge' had collection(s): count=1 time=144ms
2023-09-21 17:52:01,366 [JvmPauseMonitor7] WARN  util.JvmPauseMonitor (JvmPauseMonitor.java:detectPause(124)) - JvmPauseMonitor-b54c2613-ed14-4636-8d8e-6a54245a0eb7: Detected pause in JVM or host machine approximately 0.141s with 0.144s GC time.
GC pool 'PS Scavenge' had collection(s): count=1 time=144ms
2023-09-21 17:52:01,369 [JvmPauseMonitor12] WARN  util.JvmPauseMonitor (JvmPauseMonitor.java:detectPause(124)) - JvmPauseMonitor-01a5bd4e-669d-4aa9-9839-6c274a81602d: Detected pause in JVM or host machine approximately 0.148s with 0.144s GC time.
GC pool 'PS Scavenge' had collection(s): count=1 time=144ms
2023-09-21 17:52:18,067 [SstFilteringService#0] INFO  snapshot.SnapshotCache (SnapshotCache.java:lambda$1(170)) - Loading snapshot. Table key: /volume70622/bucket46368/s20230921-175148.744
2023-09-21 17:52:18,069 [SstFilteringService#0] INFO  snapshot.SnapshotCache (SnapshotCache.java:lambda$1(170)) - Loading snapshot. Table key: /volume70622/bucket46368/s20230921-175148.853
2023-09-21 17:52:18,206 [IPC Server handler 0 on default port 15054] INFO  ha.SequenceIdGenerator (SequenceIdGenerator.java:getNextId(140)) - Allocate a batch for delTxnId, change lastId from 0 to 1000.
2023-09-21 17:52:18,414 [KeyDeletingService#0] INFO  snapshot.SnapshotCache (SnapshotCache.java:lambda$1(170)) - Loading snapshot. Table key: /volume70622/bucket46368/s20230921-175148.744
2023-09-21 17:52:18,417 [KeyDeletingService#0] INFO  snapshot.SnapshotCache (SnapshotCache.java:lambda$1(170)) - Loading snapshot. Table key: /volume70622/bucket46368/s20230921-175148.853
2023-09-21 17:52:18,418 [KeyDeletingService#0] INFO  snapshot.SnapshotCache (SnapshotCache.java:lambda$1(170)) - Loading snapshot. Table key: /volume70622/bucket46368/s20230921-175148.744
2023-09-21 17:52:18,430 [KeyDeletingService#0] INFO  snapshot.SnapshotCache (SnapshotCache.java:lambda$1(170)) - Loading snapshot. Table key: /volume70622/bucket46368/s20230921-175149.973
2023-09-21 17:52:18,430 [KeyDeletingService#0] INFO  snapshot.SnapshotCache (SnapshotCache.java:lambda$1(170)) - Loading snapshot. Table key: /volume70622/bucket46368/s20230921-175148.853
2023-09-21 17:52:18,438 [KeyDeletingService#0] INFO  snapshot.SnapshotCache (SnapshotCache.java:lambda$1(170)) - Loading snapshot. Table key: /volume76663/bucket96357/snap1
2023-09-21 17:52:18,441 [KeyDeletingService#0] INFO  snapshot.SnapshotCache (SnapshotCache.java:lambda$1(170)) - Loading snapshot. Table key: /volume76663/bucket96357/snap2
2023-09-21 17:52:18,441 [KeyDeletingService#0] INFO  snapshot.SnapshotCache (SnapshotCache.java:lambda$1(170)) - Loading snapshot. Table key: /volume76663/bucket96357/snap1
2023-09-21 17:52:18,450 [KeyDeletingService#0] INFO  snapshot.SnapshotCache (SnapshotCache.java:lambda$1(170)) - Loading snapshot. Table key: /volume90095/bucket11563/snap1
2023-09-21 17:52:20,578 [BlockDeletingService#0] INFO  interfaces.ContainerDeletionChoosingPolicyTemplate (ContainerDeletionChoosingPolicyTemplate.java:chooseContainerForBlockDeletion(85)) - Chosen 0/5000 blocks from 0 candidate containers.
2023-09-21 17:52:21,002 [BlockDeletingService#0] INFO  interfaces.ContainerDeletionChoosingPolicyTemplate (ContainerDeletionChoosingPolicyTemplate.java:chooseContainerForBlockDeletion(85)) - Chosen 0/5000 blocks from 0 candidate containers.
2023-09-21 17:52:21,377 [BlockDeletingService#0] INFO  interfaces.ContainerDeletionChoosingPolicyTemplate (ContainerDeletionChoosingPolicyTemplate.java:chooseContainerForBlockDeletion(85)) - Chosen 0/5000 blocks from 0 candidate containers.
2023-09-21 17:52:21,695 [BlockDeletingService#0] INFO  interfaces.ContainerDeletionChoosingPolicyTemplate (ContainerDeletionChoosingPolicyTemplate.java:chooseContainerForBlockDeletion(85)) - Chosen 0/5000 blocks from 0 candidate containers.
2023-09-21 17:52:22,088 [BlockDeletingService#0] INFO  interfaces.ContainerDeletionChoosingPolicyTemplate (ContainerDeletionChoosingPolicyTemplate.java:chooseContainerForBlockDeletion(85)) - Chosen 0/5000 blocks from 0 candidate containers.
2023-09-21 17:52:22,531 [KeyDeletingService#0] INFO  utils.BackgroundService (AbstractKeyDeletingService.java:optimizeDirDeletesAndSubmitRequest(445)) - Number of dirs deleted: 3733, Number of sub-dir deleted: 31, Number of sub-files moved: 1238 to DeletedTable, Number of sub-dirs moved 0 to DeletedDirectoryTable, iteration elapsed: 4467ms, totalRunCount: 2
]]></system-out>
  </testcase>
  <testcase name="testMkdirOnNonExistentVolumeBucketDir" classname="TestRootedOzoneFileSystemWithFSO" time="0">
    <skipped type="org.junit.AssumptionViolatedException"><![CDATA[org.junit.AssumptionViolatedException: FS Path is enabled. Skipping this test as it is not tuned for FS Path yet
	at org.junit.Assume.assumeTrue(Assume.java:68)
	at org.apache.hadoop.fs.ozone.TestRootedOzoneFileSystem.testMkdirOnNonExistentVolumeBucketDir(TestRootedOzoneFileSystem.java:706)
	at sun.reflect.NativeMethodAccessorImpl.invoke0(Native Method)
	at sun.reflect.NativeMethodAccessorImpl.invoke(NativeMethodAccessorImpl.java:62)
	at sun.reflect.DelegatingMethodAccessorImpl.invoke(DelegatingMethodAccessorImpl.java:43)
	at java.lang.reflect.Method.invoke(Method.java:498)
	at org.junit.runners.model.FrameworkMethod$1.runReflectiveCall(FrameworkMethod.java:59)
	at org.junit.internal.runners.model.ReflectiveCallable.run(ReflectiveCallable.java:12)
	at org.junit.runners.model.FrameworkMethod.invokeExplosively(FrameworkMethod.java:56)
	at org.junit.internal.runners.statements.InvokeMethod.evaluate(InvokeMethod.java:17)
	at org.junit.internal.runners.statements.RunBefores.evaluate(RunBefores.java:26)
	at org.junit.internal.runners.statements.RunAfters.evaluate(RunAfters.java:27)
	at org.junit.internal.runners.statements.FailOnTimeout$CallableStatement.call(FailOnTimeout.java:288)
	at org.junit.internal.runners.statements.FailOnTimeout$CallableStatement.call(FailOnTimeout.java:282)
	at java.util.concurrent.FutureTask.run(FutureTask.java:266)
	at java.lang.Thread.run(Thread.java:750)
]]></skipped>
    <system-out><![CDATA[2023-09-21 17:50:59,352 [Time-limited test] INFO  rpc.RpcClient (RpcClient.java:createVolume(461)) - Creating Volume: volume92638, with user13412 as owner and space quota set to -1 bytes, counts quota set to -1
2023-09-21 17:50:59,370 [OM StateMachine ApplyTransaction Thread - 0] INFO  volume.OMVolumeCreateRequest (OMVolumeCreateRequest.java:validateAndUpdateCache(196)) - created volume:volume92638 for user:user13412
2023-09-21 17:50:59,375 [Time-limited test] INFO  rpc.RpcClient (RpcClient.java:createBucket(688)) - Creating Bucket: volume92638/bucket76480, with bucket layout FILE_SYSTEM_OPTIMIZED, runner as owner, Versioning false, Storage Type set to DISK and Encryption set to false, Replication Type set to server-side default replication type, Namespace Quota set to -1, Space Quota set to -1 
2023-09-21 17:50:59,376 [OM StateMachine ApplyTransaction Thread - 0] INFO  bucket.OMBucketCreateRequest (OMBucketCreateRequest.java:validateAndUpdateCache(270)) - created bucket: bucket76480 of layout FILE_SYSTEM_OPTIMIZED in volume: volume92638
]]></system-out>
  </testcase>
  <testcase name="testMkdirOnNonExistentVolumeBucketDir" classname="TestRootedOzoneFileSystemWithFSO" time="0">
    <skipped type="org.junit.AssumptionViolatedException"><![CDATA[org.junit.AssumptionViolatedException: FS Path is enabled. Skipping this test as it is not tuned for FS Path yet
	at org.junit.Assume.assumeTrue(Assume.java:68)
	at org.apache.hadoop.fs.ozone.TestRootedOzoneFileSystem.testMkdirOnNonExistentVolumeBucketDir(TestRootedOzoneFileSystem.java:706)
	at sun.reflect.NativeMethodAccessorImpl.invoke0(Native Method)
	at sun.reflect.NativeMethodAccessorImpl.invoke(NativeMethodAccessorImpl.java:62)
	at sun.reflect.DelegatingMethodAccessorImpl.invoke(DelegatingMethodAccessorImpl.java:43)
	at java.lang.reflect.Method.invoke(Method.java:498)
	at org.junit.runners.model.FrameworkMethod$1.runReflectiveCall(FrameworkMethod.java:59)
	at org.junit.internal.runners.model.ReflectiveCallable.run(ReflectiveCallable.java:12)
	at org.junit.runners.model.FrameworkMethod.invokeExplosively(FrameworkMethod.java:56)
	at org.junit.internal.runners.statements.InvokeMethod.evaluate(InvokeMethod.java:17)
	at org.junit.internal.runners.statements.RunBefores.evaluate(RunBefores.java:26)
	at org.junit.internal.runners.statements.RunAfters.evaluate(RunAfters.java:27)
	at org.junit.internal.runners.statements.FailOnTimeout$CallableStatement.call(FailOnTimeout.java:288)
	at org.junit.internal.runners.statements.FailOnTimeout$CallableStatement.call(FailOnTimeout.java:282)
	at java.util.concurrent.FutureTask.run(FutureTask.java:266)
	at java.lang.Thread.run(Thread.java:750)
]]></skipped>
    <system-out><![CDATA[2023-09-21 17:52:33,436 [Time-limited test] INFO  rpc.RpcClient (RpcClient.java:createVolume(461)) - Creating Volume: volume69037, with user00907 as owner and space quota set to -1 bytes, counts quota set to -1
2023-09-21 17:52:33,446 [IPC Server handler 15 on default port 15057] INFO  volume.OMVolumeCreateRequest (OMVolumeCreateRequest.java:validateAndUpdateCache(196)) - created volume:volume69037 for user:user00907
2023-09-21 17:52:33,449 [Time-limited test] INFO  rpc.RpcClient (RpcClient.java:createBucket(688)) - Creating Bucket: volume69037/bucket65404, with bucket layout FILE_SYSTEM_OPTIMIZED, runner as owner, Versioning false, Storage Type set to DISK and Encryption set to false, Replication Type set to server-side default replication type, Namespace Quota set to -1, Space Quota set to -1 
2023-09-21 17:52:33,450 [IPC Server handler 3 on default port 15057] INFO  bucket.OMBucketCreateRequest (OMBucketCreateRequest.java:validateAndUpdateCache(270)) - created bucket: bucket65404 of layout FILE_SYSTEM_OPTIMIZED in volume: volume69037
]]></system-out>
  </testcase>
  <testcase name="testListStatusIteratorInBucket" classname="TestRootedOzoneFileSystemWithFSO" time="0.058">
    <system-out><![CDATA[2023-09-21 17:50:59,415 [Time-limited test] INFO  rpc.RpcClient (RpcClient.java:createVolume(461)) - Creating Volume: volume87233, with user12018 as owner and space quota set to -1 bytes, counts quota set to -1
2023-09-21 17:50:59,416 [OM StateMachine ApplyTransaction Thread - 0] INFO  volume.OMVolumeCreateRequest (OMVolumeCreateRequest.java:validateAndUpdateCache(196)) - created volume:volume87233 for user:user12018
2023-09-21 17:50:59,417 [Time-limited test] INFO  rpc.RpcClient (RpcClient.java:createBucket(688)) - Creating Bucket: volume87233/bucket42729, with bucket layout FILE_SYSTEM_OPTIMIZED, runner as owner, Versioning false, Storage Type set to DISK and Encryption set to false, Replication Type set to server-side default replication type, Namespace Quota set to -1, Space Quota set to -1 
2023-09-21 17:50:59,418 [OM StateMachine ApplyTransaction Thread - 0] INFO  bucket.OMBucketCreateRequest (OMBucketCreateRequest.java:validateAndUpdateCache(270)) - created bucket: bucket42729 of layout FILE_SYSTEM_OPTIMIZED in volume: volume87233
]]></system-out>
  </testcase>
  <testcase name="testListStatusIteratorInBucket" classname="TestRootedOzoneFileSystemWithFSO" time="0.039">
    <system-out><![CDATA[2023-09-21 17:52:33,476 [Time-limited test] INFO  rpc.RpcClient (RpcClient.java:createVolume(461)) - Creating Volume: volume67931, with user75482 as owner and space quota set to -1 bytes, counts quota set to -1
2023-09-21 17:52:33,477 [IPC Server handler 17 on default port 15057] INFO  volume.OMVolumeCreateRequest (OMVolumeCreateRequest.java:validateAndUpdateCache(196)) - created volume:volume67931 for user:user75482
2023-09-21 17:52:33,478 [Time-limited test] INFO  rpc.RpcClient (RpcClient.java:createBucket(688)) - Creating Bucket: volume67931/bucket82442, with bucket layout FILE_SYSTEM_OPTIMIZED, runner as owner, Versioning false, Storage Type set to DISK and Encryption set to false, Replication Type set to server-side default replication type, Namespace Quota set to -1, Space Quota set to -1 
2023-09-21 17:52:33,479 [IPC Server handler 15 on default port 15057] INFO  bucket.OMBucketCreateRequest (OMBucketCreateRequest.java:validateAndUpdateCache(270)) - created bucket: bucket82442 of layout FILE_SYSTEM_OPTIMIZED in volume: volume67931
]]></system-out>
  </testcase>
  <testcase name="testSymlinkPosixDelete" classname="TestRootedOzoneFileSystemWithFSO" time="0.237">
    <system-out><![CDATA[2023-09-21 17:50:59,481 [Time-limited test] INFO  rpc.RpcClient (RpcClient.java:createVolume(461)) - Creating Volume: volume55102, with user63408 as owner and space quota set to -1 bytes, counts quota set to -1
2023-09-21 17:50:59,485 [OM StateMachine ApplyTransaction Thread - 0] INFO  volume.OMVolumeCreateRequest (OMVolumeCreateRequest.java:validateAndUpdateCache(196)) - created volume:volume55102 for user:user63408
2023-09-21 17:50:59,487 [Time-limited test] INFO  rpc.RpcClient (RpcClient.java:createBucket(688)) - Creating Bucket: volume55102/bucket09954, with bucket layout FILE_SYSTEM_OPTIMIZED, runner as owner, Versioning false, Storage Type set to DISK and Encryption set to false, Replication Type set to server-side default replication type, Namespace Quota set to -1, Space Quota set to -1 
2023-09-21 17:50:59,488 [OM StateMachine ApplyTransaction Thread - 0] INFO  bucket.OMBucketCreateRequest (OMBucketCreateRequest.java:validateAndUpdateCache(270)) - created bucket: bucket09954 of layout FILE_SYSTEM_OPTIMIZED in volume: volume55102
2023-09-21 17:50:59,490 [Time-limited test] INFO  rpc.RpcClient (RpcClient.java:createVolume(461)) - Creating Volume: volume-17741, with runner as owner and space quota set to -1 bytes, counts quota set to -1
2023-09-21 17:50:59,492 [OM StateMachine ApplyTransaction Thread - 0] INFO  volume.OMVolumeCreateRequest (OMVolumeCreateRequest.java:validateAndUpdateCache(196)) - created volume:volume-17741 for user:runner
17:50:59.493 [IPC Server handler 10 on default port 15004] ERROR OMAudit - user=runner | ip=127.0.0.1 | op=READ_BUCKET {volume=volume-17741, bucket=bucket} | ret=FAILURE
org.apache.hadoop.ozone.om.exceptions.OMException: Bucket not found
	at org.apache.hadoop.ozone.om.BucketManagerImpl.getBucketInfo(BucketManagerImpl.java:85) ~[ozone-manager-1.4.0-SNAPSHOT.jar:?]
	at org.apache.hadoop.ozone.om.OzoneManager.getBucketInfo(OzoneManager.java:2795) ~[ozone-manager-1.4.0-SNAPSHOT.jar:?]
	at org.apache.hadoop.ozone.protocolPB.OzoneManagerRequestHandler.infoBucket(OzoneManagerRequestHandler.java:545) ~[ozone-manager-1.4.0-SNAPSHOT.jar:?]
	at org.apache.hadoop.ozone.protocolPB.OzoneManagerRequestHandler.handleReadRequest(OzoneManagerRequestHandler.java:200) ~[ozone-manager-1.4.0-SNAPSHOT.jar:?]
	at org.apache.hadoop.ozone.protocolPB.OzoneManagerProtocolServerSideTranslatorPB.submitReadRequestToOM(OzoneManagerProtocolServerSideTranslatorPB.java:225) ~[ozone-manager-1.4.0-SNAPSHOT.jar:?]
	at org.apache.hadoop.ozone.protocolPB.OzoneManagerProtocolServerSideTranslatorPB.processRequest(OzoneManagerProtocolServerSideTranslatorPB.java:179) ~[ozone-manager-1.4.0-SNAPSHOT.jar:?]
	at org.apache.hadoop.hdds.server.OzoneProtocolMessageDispatcher.processRequest(OzoneProtocolMessageDispatcher.java:87) [hdds-server-framework-1.4.0-SNAPSHOT.jar:?]
	at org.apache.hadoop.ozone.protocolPB.OzoneManagerProtocolServerSideTranslatorPB.submitRequest(OzoneManagerProtocolServerSideTranslatorPB.java:148) [ozone-manager-1.4.0-SNAPSHOT.jar:?]
	at org.apache.hadoop.ozone.protocol.proto.OzoneManagerProtocolProtos$OzoneManagerService$2.callBlockingMethod(OzoneManagerProtocolProtos.java) [ozone-interface-client-1.4.0-SNAPSHOT.jar:?]
	at org.apache.hadoop.ipc.ProtobufRpcEngine$Server.processCall(ProtobufRpcEngine.java:484) [hadoop-common-3.3.6.jar:?]
	at org.apache.hadoop.ipc.ProtobufRpcEngine2$Server$ProtoBufRpcInvoker.call(ProtobufRpcEngine2.java:595) [hadoop-common-3.3.6.jar:?]
	at org.apache.hadoop.ipc.ProtobufRpcEngine2$Server$ProtoBufRpcInvoker.call(ProtobufRpcEngine2.java:573) [hadoop-common-3.3.6.jar:?]
	at org.apache.hadoop.ipc.RPC$Server.call(RPC.java:1227) [hadoop-common-3.3.6.jar:?]
	at org.apache.hadoop.ipc.Server$RpcCall.run(Server.java:1094) [hadoop-common-3.3.6.jar:?]
	at org.apache.hadoop.ipc.Server$RpcCall.run(Server.java:1017) [hadoop-common-3.3.6.jar:?]
	at java.security.AccessController.doPrivileged(Native Method) ~[?:1.8.0_382]
	at javax.security.auth.Subject.doAs(Subject.java:422) [?:1.8.0_382]
	at org.apache.hadoop.security.UserGroupInformation.doAs(UserGroupInformation.java:1899) [hadoop-common-3.3.6.jar:?]
	at org.apache.hadoop.ipc.Server$Handler.run(Server.java:3048) [hadoop-common-3.3.6.jar:?]
2023-09-21 17:50:59,495 [Time-limited test] INFO  rpc.RpcClient (RpcClient.java:createBucket(688)) - Creating Bucket: volume-17741/bucket, with bucket layout FILE_SYSTEM_OPTIMIZED, runner as owner, Versioning false, Storage Type set to DISK and Encryption set to false, Replication Type set to server-side default replication type, Namespace Quota set to -1, Space Quota set to -1 
2023-09-21 17:50:59,496 [OM StateMachine ApplyTransaction Thread - 0] INFO  bucket.OMBucketCreateRequest (OMBucketCreateRequest.java:validateAndUpdateCache(270)) - created bucket: bucket of layout FILE_SYSTEM_OPTIMIZED in volume: volume-17741
2023-09-21 17:50:59,497 [Time-limited test] INFO  rpc.RpcClient (RpcClient.java:createVolume(461)) - Creating Volume: volume-49366, with runner as owner and space quota set to -1 bytes, counts quota set to -1
2023-09-21 17:50:59,498 [OM StateMachine ApplyTransaction Thread - 0] INFO  volume.OMVolumeCreateRequest (OMVolumeCreateRequest.java:validateAndUpdateCache(196)) - created volume:volume-49366 for user:runner
2023-09-21 17:50:59,500 [Time-limited test] INFO  rpc.RpcClient (RpcClient.java:createBucket(688)) - Creating Bucket: volume-49366/bucket, with server-side default bucket layout, runner as owner, Versioning false, Storage Type set to DISK and Encryption set to false, Replication Type set to server-side default replication type, Namespace Quota set to -1, Space Quota set to -1 
2023-09-21 17:50:59,501 [OM StateMachine ApplyTransaction Thread - 0] INFO  bucket.OMBucketCreateRequest (OMBucketCreateRequest.java:validateAndUpdateCache(270)) - created bucket: bucket of layout FILE_SYSTEM_OPTIMIZED in volume: volume-49366
2023-09-21 17:50:59,603 [IPC Server handler 19 on default port 15001] WARN  node.SCMNodeManager (SCMNodeManager.java:getNodesByAddress(1373)) - Cannot find node for address 127.0.0.1
Deleted ofs://localhost:15004/volume-49366/bucket
17:50:59.619 [IPC Server handler 9 on default port 15004] ERROR OMAudit - user=runner | ip=127.0.0.1 | op=READ_BUCKET {volume=volume-49366, bucket=bucket} | ret=FAILURE
org.apache.hadoop.ozone.om.exceptions.OMException: Bucket not found
	at org.apache.hadoop.ozone.om.BucketManagerImpl.getBucketInfo(BucketManagerImpl.java:85) ~[ozone-manager-1.4.0-SNAPSHOT.jar:?]
	at org.apache.hadoop.ozone.om.OzoneManager.getBucketInfo(OzoneManager.java:2795) ~[ozone-manager-1.4.0-SNAPSHOT.jar:?]
	at org.apache.hadoop.ozone.protocolPB.OzoneManagerRequestHandler.infoBucket(OzoneManagerRequestHandler.java:545) ~[ozone-manager-1.4.0-SNAPSHOT.jar:?]
	at org.apache.hadoop.ozone.protocolPB.OzoneManagerRequestHandler.handleReadRequest(OzoneManagerRequestHandler.java:200) ~[ozone-manager-1.4.0-SNAPSHOT.jar:?]
	at org.apache.hadoop.ozone.protocolPB.OzoneManagerProtocolServerSideTranslatorPB.submitReadRequestToOM(OzoneManagerProtocolServerSideTranslatorPB.java:225) ~[ozone-manager-1.4.0-SNAPSHOT.jar:?]
	at org.apache.hadoop.ozone.protocolPB.OzoneManagerProtocolServerSideTranslatorPB.processRequest(OzoneManagerProtocolServerSideTranslatorPB.java:179) ~[ozone-manager-1.4.0-SNAPSHOT.jar:?]
	at org.apache.hadoop.hdds.server.OzoneProtocolMessageDispatcher.processRequest(OzoneProtocolMessageDispatcher.java:87) [hdds-server-framework-1.4.0-SNAPSHOT.jar:?]
	at org.apache.hadoop.ozone.protocolPB.OzoneManagerProtocolServerSideTranslatorPB.submitRequest(OzoneManagerProtocolServerSideTranslatorPB.java:148) [ozone-manager-1.4.0-SNAPSHOT.jar:?]
	at org.apache.hadoop.ozone.protocol.proto.OzoneManagerProtocolProtos$OzoneManagerService$2.callBlockingMethod(OzoneManagerProtocolProtos.java) [ozone-interface-client-1.4.0-SNAPSHOT.jar:?]
	at org.apache.hadoop.ipc.ProtobufRpcEngine$Server.processCall(ProtobufRpcEngine.java:484) [hadoop-common-3.3.6.jar:?]
	at org.apache.hadoop.ipc.ProtobufRpcEngine2$Server$ProtoBufRpcInvoker.call(ProtobufRpcEngine2.java:595) [hadoop-common-3.3.6.jar:?]
	at org.apache.hadoop.ipc.ProtobufRpcEngine2$Server$ProtoBufRpcInvoker.call(ProtobufRpcEngine2.java:573) [hadoop-common-3.3.6.jar:?]
	at org.apache.hadoop.ipc.RPC$Server.call(RPC.java:1227) [hadoop-common-3.3.6.jar:?]
	at org.apache.hadoop.ipc.Server$RpcCall.run(Server.java:1094) [hadoop-common-3.3.6.jar:?]
	at org.apache.hadoop.ipc.Server$RpcCall.run(Server.java:1017) [hadoop-common-3.3.6.jar:?]
	at java.security.AccessController.doPrivileged(Native Method) ~[?:1.8.0_382]
	at javax.security.auth.Subject.doAs(Subject.java:422) [?:1.8.0_382]
	at org.apache.hadoop.security.UserGroupInformation.doAs(UserGroupInformation.java:1899) [hadoop-common-3.3.6.jar:?]
	at org.apache.hadoop.ipc.Server$Handler.run(Server.java:3048) [hadoop-common-3.3.6.jar:?]
2023-09-21 17:50:59,623 [IPC Server handler 18 on default port 15001] WARN  node.SCMNodeManager (SCMNodeManager.java:getNodesByAddress(1373)) - Cannot find node for address 127.0.0.1
2023-09-21 17:50:59,625 [Time-limited test] INFO  rpc.RpcClient (RpcClient.java:createBucket(688)) - Creating Bucket: volume-49366/bucket, with server-side default bucket layout, runner as owner, Versioning false, Storage Type set to DISK and Encryption set to false, Replication Type set to server-side default replication type, Namespace Quota set to -1, Space Quota set to -1 
2023-09-21 17:50:59,626 [OM StateMachine ApplyTransaction Thread - 0] INFO  bucket.OMBucketCreateRequest (OMBucketCreateRequest.java:validateAndUpdateCache(270)) - created bucket: bucket of layout FILE_SYSTEM_OPTIMIZED in volume: volume-49366
Deleted ofs://localhost:15004/volume-49366/bucket/
17:50:59.655 [IPC Server handler 2 on default port 15004] ERROR OMAudit - user=runner | ip=127.0.0.1 | op=READ_KEY {volume=volume-17741, bucket=bucket, key=object-dir/object-name1, dataSize=0, replicationConfig=null} | ret=FAILURE
org.apache.hadoop.ozone.om.exceptions.OMException: Key:object-dir/object-name1 not found
	at org.apache.hadoop.ozone.om.KeyManagerImpl.readKeyInfo(KeyManagerImpl.java:427) ~[ozone-manager-1.4.0-SNAPSHOT.jar:?]
	at org.apache.hadoop.ozone.om.KeyManagerImpl.lambda$9(KeyManagerImpl.java:1942) ~[ozone-manager-1.4.0-SNAPSHOT.jar:?]
	at org.apache.hadoop.util.MetricUtil.captureLatencyNs(MetricUtil.java:39) ~[hdds-common-1.4.0-SNAPSHOT.jar:?]
	at org.apache.hadoop.ozone.om.KeyManagerImpl.getKeyInfo(KeyManagerImpl.java:1940) ~[ozone-manager-1.4.0-SNAPSHOT.jar:?]
	at org.apache.hadoop.ozone.om.OmMetadataReader.getKeyInfo(OmMetadataReader.java:185) ~[ozone-manager-1.4.0-SNAPSHOT.jar:?]
	at org.apache.hadoop.ozone.om.OzoneManager.getKeyInfo(OzoneManager.java:2830) ~[ozone-manager-1.4.0-SNAPSHOT.jar:?]
	at org.apache.hadoop.ozone.protocolPB.OzoneManagerRequestHandler.getKeyInfo(OzoneManagerRequestHandler.java:585) ~[ozone-manager-1.4.0-SNAPSHOT.jar:?]
	at org.apache.hadoop.ozone.protocolPB.OzoneManagerRequestHandler.handleReadRequest(OzoneManagerRequestHandler.java:304) ~[ozone-manager-1.4.0-SNAPSHOT.jar:?]
	at org.apache.hadoop.ozone.protocolPB.OzoneManagerProtocolServerSideTranslatorPB.submitReadRequestToOM(OzoneManagerProtocolServerSideTranslatorPB.java:225) ~[ozone-manager-1.4.0-SNAPSHOT.jar:?]
	at org.apache.hadoop.ozone.protocolPB.OzoneManagerProtocolServerSideTranslatorPB.processRequest(OzoneManagerProtocolServerSideTranslatorPB.java:179) ~[ozone-manager-1.4.0-SNAPSHOT.jar:?]
	at org.apache.hadoop.hdds.server.OzoneProtocolMessageDispatcher.processRequest(OzoneProtocolMessageDispatcher.java:87) [hdds-server-framework-1.4.0-SNAPSHOT.jar:?]
	at org.apache.hadoop.ozone.protocolPB.OzoneManagerProtocolServerSideTranslatorPB.submitRequest(OzoneManagerProtocolServerSideTranslatorPB.java:148) [ozone-manager-1.4.0-SNAPSHOT.jar:?]
	at org.apache.hadoop.ozone.protocol.proto.OzoneManagerProtocolProtos$OzoneManagerService$2.callBlockingMethod(OzoneManagerProtocolProtos.java) [ozone-interface-client-1.4.0-SNAPSHOT.jar:?]
	at org.apache.hadoop.ipc.ProtobufRpcEngine$Server.processCall(ProtobufRpcEngine.java:484) [hadoop-common-3.3.6.jar:?]
	at org.apache.hadoop.ipc.ProtobufRpcEngine2$Server$ProtoBufRpcInvoker.call(ProtobufRpcEngine2.java:595) [hadoop-common-3.3.6.jar:?]
	at org.apache.hadoop.ipc.ProtobufRpcEngine2$Server$ProtoBufRpcInvoker.call(ProtobufRpcEngine2.java:573) [hadoop-common-3.3.6.jar:?]
	at org.apache.hadoop.ipc.RPC$Server.call(RPC.java:1227) [hadoop-common-3.3.6.jar:?]
	at org.apache.hadoop.ipc.Server$RpcCall.run(Server.java:1094) [hadoop-common-3.3.6.jar:?]
	at org.apache.hadoop.ipc.Server$RpcCall.run(Server.java:1017) [hadoop-common-3.3.6.jar:?]
	at java.security.AccessController.doPrivileged(Native Method) ~[?:1.8.0_382]
	at javax.security.auth.Subject.doAs(Subject.java:422) [?:1.8.0_382]
	at org.apache.hadoop.security.UserGroupInformation.doAs(UserGroupInformation.java:1899) [hadoop-common-3.3.6.jar:?]
	at org.apache.hadoop.ipc.Server$Handler.run(Server.java:3048) [hadoop-common-3.3.6.jar:?]
Deleted ofs://localhost:15004/volume-49366/bucket
17:50:59.669 [IPC Server handler 2 on default port 15004] ERROR OMAudit - user=runner | ip=127.0.0.1 | op=READ_BUCKET {volume=volume-49366, bucket=bucket} | ret=FAILURE
org.apache.hadoop.ozone.om.exceptions.OMException: Bucket not found
	at org.apache.hadoop.ozone.om.BucketManagerImpl.getBucketInfo(BucketManagerImpl.java:85) ~[ozone-manager-1.4.0-SNAPSHOT.jar:?]
	at org.apache.hadoop.ozone.om.OzoneManager.getBucketInfo(OzoneManager.java:2795) ~[ozone-manager-1.4.0-SNAPSHOT.jar:?]
	at org.apache.hadoop.ozone.protocolPB.OzoneManagerRequestHandler.infoBucket(OzoneManagerRequestHandler.java:545) ~[ozone-manager-1.4.0-SNAPSHOT.jar:?]
	at org.apache.hadoop.ozone.protocolPB.OzoneManagerRequestHandler.handleReadRequest(OzoneManagerRequestHandler.java:200) ~[ozone-manager-1.4.0-SNAPSHOT.jar:?]
	at org.apache.hadoop.ozone.protocolPB.OzoneManagerProtocolServerSideTranslatorPB.submitReadRequestToOM(OzoneManagerProtocolServerSideTranslatorPB.java:225) ~[ozone-manager-1.4.0-SNAPSHOT.jar:?]
	at org.apache.hadoop.ozone.protocolPB.OzoneManagerProtocolServerSideTranslatorPB.processRequest(OzoneManagerProtocolServerSideTranslatorPB.java:179) ~[ozone-manager-1.4.0-SNAPSHOT.jar:?]
	at org.apache.hadoop.hdds.server.OzoneProtocolMessageDispatcher.processRequest(OzoneProtocolMessageDispatcher.java:87) [hdds-server-framework-1.4.0-SNAPSHOT.jar:?]
	at org.apache.hadoop.ozone.protocolPB.OzoneManagerProtocolServerSideTranslatorPB.submitRequest(OzoneManagerProtocolServerSideTranslatorPB.java:148) [ozone-manager-1.4.0-SNAPSHOT.jar:?]
	at org.apache.hadoop.ozone.protocol.proto.OzoneManagerProtocolProtos$OzoneManagerService$2.callBlockingMethod(OzoneManagerProtocolProtos.java) [ozone-interface-client-1.4.0-SNAPSHOT.jar:?]
	at org.apache.hadoop.ipc.ProtobufRpcEngine$Server.processCall(ProtobufRpcEngine.java:484) [hadoop-common-3.3.6.jar:?]
	at org.apache.hadoop.ipc.ProtobufRpcEngine2$Server$ProtoBufRpcInvoker.call(ProtobufRpcEngine2.java:595) [hadoop-common-3.3.6.jar:?]
	at org.apache.hadoop.ipc.ProtobufRpcEngine2$Server$ProtoBufRpcInvoker.call(ProtobufRpcEngine2.java:573) [hadoop-common-3.3.6.jar:?]
	at org.apache.hadoop.ipc.RPC$Server.call(RPC.java:1227) [hadoop-common-3.3.6.jar:?]
	at org.apache.hadoop.ipc.Server$RpcCall.run(Server.java:1094) [hadoop-common-3.3.6.jar:?]
	at org.apache.hadoop.ipc.Server$RpcCall.run(Server.java:1017) [hadoop-common-3.3.6.jar:?]
	at java.security.AccessController.doPrivileged(Native Method) ~[?:1.8.0_382]
	at javax.security.auth.Subject.doAs(Subject.java:422) [?:1.8.0_382]
	at org.apache.hadoop.security.UserGroupInformation.doAs(UserGroupInformation.java:1899) [hadoop-common-3.3.6.jar:?]
	at org.apache.hadoop.ipc.Server$Handler.run(Server.java:3048) [hadoop-common-3.3.6.jar:?]
17:50:59.670 [IPC Server handler 13 on default port 15004] ERROR OMAudit - user=runner | ip=127.0.0.1 | op=READ_BUCKET {volume=volume-49366, bucket=bucket} | ret=FAILURE
org.apache.hadoop.ozone.om.exceptions.OMException: Bucket not found
	at org.apache.hadoop.ozone.om.BucketManagerImpl.getBucketInfo(BucketManagerImpl.java:85) ~[ozone-manager-1.4.0-SNAPSHOT.jar:?]
	at org.apache.hadoop.ozone.om.OzoneManager.getBucketInfo(OzoneManager.java:2795) ~[ozone-manager-1.4.0-SNAPSHOT.jar:?]
	at org.apache.hadoop.ozone.protocolPB.OzoneManagerRequestHandler.infoBucket(OzoneManagerRequestHandler.java:545) ~[ozone-manager-1.4.0-SNAPSHOT.jar:?]
	at org.apache.hadoop.ozone.protocolPB.OzoneManagerRequestHandler.handleReadRequest(OzoneManagerRequestHandler.java:200) ~[ozone-manager-1.4.0-SNAPSHOT.jar:?]
	at org.apache.hadoop.ozone.protocolPB.OzoneManagerProtocolServerSideTranslatorPB.submitReadRequestToOM(OzoneManagerProtocolServerSideTranslatorPB.java:225) ~[ozone-manager-1.4.0-SNAPSHOT.jar:?]
	at org.apache.hadoop.ozone.protocolPB.OzoneManagerProtocolServerSideTranslatorPB.processRequest(OzoneManagerProtocolServerSideTranslatorPB.java:179) ~[ozone-manager-1.4.0-SNAPSHOT.jar:?]
	at org.apache.hadoop.hdds.server.OzoneProtocolMessageDispatcher.processRequest(OzoneProtocolMessageDispatcher.java:87) [hdds-server-framework-1.4.0-SNAPSHOT.jar:?]
	at org.apache.hadoop.ozone.protocolPB.OzoneManagerProtocolServerSideTranslatorPB.submitRequest(OzoneManagerProtocolServerSideTranslatorPB.java:148) [ozone-manager-1.4.0-SNAPSHOT.jar:?]
	at org.apache.hadoop.ozone.protocol.proto.OzoneManagerProtocolProtos$OzoneManagerService$2.callBlockingMethod(OzoneManagerProtocolProtos.java) [ozone-interface-client-1.4.0-SNAPSHOT.jar:?]
	at org.apache.hadoop.ipc.ProtobufRpcEngine$Server.processCall(ProtobufRpcEngine.java:484) [hadoop-common-3.3.6.jar:?]
	at org.apache.hadoop.ipc.ProtobufRpcEngine2$Server$ProtoBufRpcInvoker.call(ProtobufRpcEngine2.java:595) [hadoop-common-3.3.6.jar:?]
	at org.apache.hadoop.ipc.ProtobufRpcEngine2$Server$ProtoBufRpcInvoker.call(ProtobufRpcEngine2.java:573) [hadoop-common-3.3.6.jar:?]
	at org.apache.hadoop.ipc.RPC$Server.call(RPC.java:1227) [hadoop-common-3.3.6.jar:?]
	at org.apache.hadoop.ipc.Server$RpcCall.run(Server.java:1094) [hadoop-common-3.3.6.jar:?]
	at org.apache.hadoop.ipc.Server$RpcCall.run(Server.java:1017) [hadoop-common-3.3.6.jar:?]
	at java.security.AccessController.doPrivileged(Native Method) ~[?:1.8.0_382]
	at javax.security.auth.Subject.doAs(Subject.java:422) [?:1.8.0_382]
	at org.apache.hadoop.security.UserGroupInformation.doAs(UserGroupInformation.java:1899) [hadoop-common-3.3.6.jar:?]
	at org.apache.hadoop.ipc.Server$Handler.run(Server.java:3048) [hadoop-common-3.3.6.jar:?]
17:50:59.671 [IPC Server handler 3 on default port 15004] ERROR OMAudit - user=runner | ip=127.0.0.1 | op=READ_BUCKET {volume=volume-49366, bucket=bucket} | ret=FAILURE
org.apache.hadoop.ozone.om.exceptions.OMException: Bucket not found
	at org.apache.hadoop.ozone.om.BucketManagerImpl.getBucketInfo(BucketManagerImpl.java:85) ~[ozone-manager-1.4.0-SNAPSHOT.jar:?]
	at org.apache.hadoop.ozone.om.OzoneManager.getBucketInfo(OzoneManager.java:2795) ~[ozone-manager-1.4.0-SNAPSHOT.jar:?]
	at org.apache.hadoop.ozone.protocolPB.OzoneManagerRequestHandler.infoBucket(OzoneManagerRequestHandler.java:545) ~[ozone-manager-1.4.0-SNAPSHOT.jar:?]
	at org.apache.hadoop.ozone.protocolPB.OzoneManagerRequestHandler.handleReadRequest(OzoneManagerRequestHandler.java:200) ~[ozone-manager-1.4.0-SNAPSHOT.jar:?]
	at org.apache.hadoop.ozone.protocolPB.OzoneManagerProtocolServerSideTranslatorPB.submitReadRequestToOM(OzoneManagerProtocolServerSideTranslatorPB.java:225) ~[ozone-manager-1.4.0-SNAPSHOT.jar:?]
	at org.apache.hadoop.ozone.protocolPB.OzoneManagerProtocolServerSideTranslatorPB.processRequest(OzoneManagerProtocolServerSideTranslatorPB.java:179) ~[ozone-manager-1.4.0-SNAPSHOT.jar:?]
	at org.apache.hadoop.hdds.server.OzoneProtocolMessageDispatcher.processRequest(OzoneProtocolMessageDispatcher.java:87) [hdds-server-framework-1.4.0-SNAPSHOT.jar:?]
	at org.apache.hadoop.ozone.protocolPB.OzoneManagerProtocolServerSideTranslatorPB.submitRequest(OzoneManagerProtocolServerSideTranslatorPB.java:148) [ozone-manager-1.4.0-SNAPSHOT.jar:?]
	at org.apache.hadoop.ozone.protocol.proto.OzoneManagerProtocolProtos$OzoneManagerService$2.callBlockingMethod(OzoneManagerProtocolProtos.java) [ozone-interface-client-1.4.0-SNAPSHOT.jar:?]
	at org.apache.hadoop.ipc.ProtobufRpcEngine$Server.processCall(ProtobufRpcEngine.java:484) [hadoop-common-3.3.6.jar:?]
	at org.apache.hadoop.ipc.ProtobufRpcEngine2$Server$ProtoBufRpcInvoker.call(ProtobufRpcEngine2.java:595) [hadoop-common-3.3.6.jar:?]
	at org.apache.hadoop.ipc.ProtobufRpcEngine2$Server$ProtoBufRpcInvoker.call(ProtobufRpcEngine2.java:573) [hadoop-common-3.3.6.jar:?]
	at org.apache.hadoop.ipc.RPC$Server.call(RPC.java:1227) [hadoop-common-3.3.6.jar:?]
	at org.apache.hadoop.ipc.Server$RpcCall.run(Server.java:1094) [hadoop-common-3.3.6.jar:?]
	at org.apache.hadoop.ipc.Server$RpcCall.run(Server.java:1017) [hadoop-common-3.3.6.jar:?]
	at java.security.AccessController.doPrivileged(Native Method) ~[?:1.8.0_382]
	at javax.security.auth.Subject.doAs(Subject.java:422) [?:1.8.0_382]
	at org.apache.hadoop.security.UserGroupInformation.doAs(UserGroupInformation.java:1899) [hadoop-common-3.3.6.jar:?]
	at org.apache.hadoop.ipc.Server$Handler.run(Server.java:3048) [hadoop-common-3.3.6.jar:?]
2023-09-21 17:50:59,672 [Time-limited test] ERROR ozone.BasicRootedOzoneFileSystem (BasicRootedOzoneFileSystem.java:isLinkBucket(780)) - Exception while getting bucket link information, considered it as false
BUCKET_NOT_FOUND org.apache.hadoop.ozone.om.exceptions.OMException: Bucket not found
	at org.apache.hadoop.ozone.om.protocolPB.OzoneManagerProtocolClientSideTranslatorPB.handleError(OzoneManagerProtocolClientSideTranslatorPB.java:729)
	at org.apache.hadoop.ozone.om.protocolPB.OzoneManagerProtocolClientSideTranslatorPB.getBucketInfo(OzoneManagerProtocolClientSideTranslatorPB.java:578)
	at org.apache.hadoop.ozone.client.rpc.RpcClient.getBucketDetails(RpcClient.java:1243)
	at org.apache.hadoop.fs.ozone.BasicRootedOzoneClientAdapterImpl.getBucket(BasicRootedOzoneClientAdapterImpl.java:274)
	at org.apache.hadoop.fs.ozone.BasicRootedOzoneClientAdapterImpl.getBucket(BasicRootedOzoneClientAdapterImpl.java:248)
	at org.apache.hadoop.fs.ozone.BasicRootedOzoneFileSystem.isLinkBucket(BasicRootedOzoneFileSystem.java:775)
	at org.apache.hadoop.fs.ozone.BasicRootedOzoneFileSystem.deleteBucket(BasicRootedOzoneFileSystem.java:742)
	at org.apache.hadoop.fs.ozone.BasicRootedOzoneFileSystem.delete(BasicRootedOzoneFileSystem.java:696)
	at org.apache.hadoop.fs.FileSystem.delete(FileSystem.java:1763)
	at org.apache.hadoop.fs.ozone.TestRootedOzoneFileSystem.testSymlinkPosixDelete(TestRootedOzoneFileSystem.java:1703)
	at sun.reflect.NativeMethodAccessorImpl.invoke0(Native Method)
	at sun.reflect.NativeMethodAccessorImpl.invoke(NativeMethodAccessorImpl.java:62)
	at sun.reflect.DelegatingMethodAccessorImpl.invoke(DelegatingMethodAccessorImpl.java:43)
	at java.lang.reflect.Method.invoke(Method.java:498)
	at org.junit.runners.model.FrameworkMethod$1.runReflectiveCall(FrameworkMethod.java:59)
	at org.junit.internal.runners.model.ReflectiveCallable.run(ReflectiveCallable.java:12)
	at org.junit.runners.model.FrameworkMethod.invokeExplosively(FrameworkMethod.java:56)
	at org.junit.internal.runners.statements.InvokeMethod.evaluate(InvokeMethod.java:17)
	at org.junit.internal.runners.statements.RunBefores.evaluate(RunBefores.java:26)
	at org.junit.internal.runners.statements.RunAfters.evaluate(RunAfters.java:27)
	at org.junit.internal.runners.statements.FailOnTimeout$CallableStatement.call(FailOnTimeout.java:288)
	at org.junit.internal.runners.statements.FailOnTimeout$CallableStatement.call(FailOnTimeout.java:282)
	at java.util.concurrent.FutureTask.run(FutureTask.java:266)
	at java.lang.Thread.run(Thread.java:750)
2023-09-21 17:50:59,672 [Time-limited test] WARN  ozone.BasicRootedOzoneFileSystem (BasicRootedOzoneFileSystem.java:deleteBucket(746)) - delete: Path does not exist: /volume-49366/bucket
]]></system-out>
  </testcase>
  <testcase name="testSymlinkPosixDelete" classname="TestRootedOzoneFileSystemWithFSO" time="0.235">
    <system-out><![CDATA[2023-09-21 17:52:33,517 [Time-limited test] INFO  rpc.RpcClient (RpcClient.java:createVolume(461)) - Creating Volume: volume51510, with user07914 as owner and space quota set to -1 bytes, counts quota set to -1
2023-09-21 17:52:33,518 [IPC Server handler 12 on default port 15057] INFO  volume.OMVolumeCreateRequest (OMVolumeCreateRequest.java:validateAndUpdateCache(196)) - created volume:volume51510 for user:user07914
2023-09-21 17:52:33,520 [Time-limited test] INFO  rpc.RpcClient (RpcClient.java:createBucket(688)) - Creating Bucket: volume51510/bucket96069, with bucket layout FILE_SYSTEM_OPTIMIZED, runner as owner, Versioning false, Storage Type set to DISK and Encryption set to false, Replication Type set to server-side default replication type, Namespace Quota set to -1, Space Quota set to -1 
2023-09-21 17:52:33,520 [IPC Server handler 10 on default port 15057] INFO  bucket.OMBucketCreateRequest (OMBucketCreateRequest.java:validateAndUpdateCache(270)) - created bucket: bucket96069 of layout FILE_SYSTEM_OPTIMIZED in volume: volume51510
2023-09-21 17:52:33,522 [Time-limited test] INFO  rpc.RpcClient (RpcClient.java:createVolume(461)) - Creating Volume: volume-78879, with runner as owner and space quota set to -1 bytes, counts quota set to -1
2023-09-21 17:52:33,523 [IPC Server handler 17 on default port 15057] INFO  volume.OMVolumeCreateRequest (OMVolumeCreateRequest.java:validateAndUpdateCache(196)) - created volume:volume-78879 for user:runner
17:52:33.524 [IPC Server handler 15 on default port 15057] ERROR OMAudit - user=runner | ip=127.0.0.1 | op=READ_BUCKET {volume=volume-78879, bucket=bucket} | ret=FAILURE
org.apache.hadoop.ozone.om.exceptions.OMException: Bucket not found
	at org.apache.hadoop.ozone.om.BucketManagerImpl.getBucketInfo(BucketManagerImpl.java:85) ~[ozone-manager-1.4.0-SNAPSHOT.jar:?]
	at org.apache.hadoop.ozone.om.OzoneManager.getBucketInfo(OzoneManager.java:2795) ~[ozone-manager-1.4.0-SNAPSHOT.jar:?]
	at org.apache.hadoop.ozone.protocolPB.OzoneManagerRequestHandler.infoBucket(OzoneManagerRequestHandler.java:545) ~[ozone-manager-1.4.0-SNAPSHOT.jar:?]
	at org.apache.hadoop.ozone.protocolPB.OzoneManagerRequestHandler.handleReadRequest(OzoneManagerRequestHandler.java:200) ~[ozone-manager-1.4.0-SNAPSHOT.jar:?]
	at org.apache.hadoop.ozone.protocolPB.OzoneManagerProtocolServerSideTranslatorPB.submitRequestDirectlyToOM(OzoneManagerProtocolServerSideTranslatorPB.java:274) ~[ozone-manager-1.4.0-SNAPSHOT.jar:?]
	at org.apache.hadoop.ozone.protocolPB.OzoneManagerProtocolServerSideTranslatorPB.processRequest(OzoneManagerProtocolServerSideTranslatorPB.java:175) ~[ozone-manager-1.4.0-SNAPSHOT.jar:?]
	at org.apache.hadoop.hdds.server.OzoneProtocolMessageDispatcher.processRequest(OzoneProtocolMessageDispatcher.java:87) [hdds-server-framework-1.4.0-SNAPSHOT.jar:?]
	at org.apache.hadoop.ozone.protocolPB.OzoneManagerProtocolServerSideTranslatorPB.submitRequest(OzoneManagerProtocolServerSideTranslatorPB.java:148) [ozone-manager-1.4.0-SNAPSHOT.jar:?]
	at org.apache.hadoop.ozone.protocol.proto.OzoneManagerProtocolProtos$OzoneManagerService$2.callBlockingMethod(OzoneManagerProtocolProtos.java) [ozone-interface-client-1.4.0-SNAPSHOT.jar:?]
	at org.apache.hadoop.ipc.ProtobufRpcEngine$Server.processCall(ProtobufRpcEngine.java:484) [hadoop-common-3.3.6.jar:?]
	at org.apache.hadoop.ipc.ProtobufRpcEngine2$Server$ProtoBufRpcInvoker.call(ProtobufRpcEngine2.java:595) [hadoop-common-3.3.6.jar:?]
	at org.apache.hadoop.ipc.ProtobufRpcEngine2$Server$ProtoBufRpcInvoker.call(ProtobufRpcEngine2.java:573) [hadoop-common-3.3.6.jar:?]
	at org.apache.hadoop.ipc.RPC$Server.call(RPC.java:1227) [hadoop-common-3.3.6.jar:?]
	at org.apache.hadoop.ipc.Server$RpcCall.run(Server.java:1094) [hadoop-common-3.3.6.jar:?]
	at org.apache.hadoop.ipc.Server$RpcCall.run(Server.java:1017) [hadoop-common-3.3.6.jar:?]
	at java.security.AccessController.doPrivileged(Native Method) ~[?:1.8.0_382]
	at javax.security.auth.Subject.doAs(Subject.java:422) [?:1.8.0_382]
	at org.apache.hadoop.security.UserGroupInformation.doAs(UserGroupInformation.java:1899) [hadoop-common-3.3.6.jar:?]
	at org.apache.hadoop.ipc.Server$Handler.run(Server.java:3048) [hadoop-common-3.3.6.jar:?]
2023-09-21 17:52:33,526 [Time-limited test] INFO  rpc.RpcClient (RpcClient.java:createBucket(688)) - Creating Bucket: volume-78879/bucket, with bucket layout FILE_SYSTEM_OPTIMIZED, runner as owner, Versioning false, Storage Type set to DISK and Encryption set to false, Replication Type set to server-side default replication type, Namespace Quota set to -1, Space Quota set to -1 
2023-09-21 17:52:33,530 [IPC Server handler 3 on default port 15057] INFO  bucket.OMBucketCreateRequest (OMBucketCreateRequest.java:validateAndUpdateCache(270)) - created bucket: bucket of layout FILE_SYSTEM_OPTIMIZED in volume: volume-78879
2023-09-21 17:52:33,532 [Time-limited test] INFO  rpc.RpcClient (RpcClient.java:createVolume(461)) - Creating Volume: volume-44268, with runner as owner and space quota set to -1 bytes, counts quota set to -1
2023-09-21 17:52:33,534 [IPC Server handler 6 on default port 15057] INFO  volume.OMVolumeCreateRequest (OMVolumeCreateRequest.java:validateAndUpdateCache(196)) - created volume:volume-44268 for user:runner
2023-09-21 17:52:33,535 [Time-limited test] INFO  rpc.RpcClient (RpcClient.java:createBucket(688)) - Creating Bucket: volume-44268/bucket, with server-side default bucket layout, runner as owner, Versioning false, Storage Type set to DISK and Encryption set to false, Replication Type set to server-side default replication type, Namespace Quota set to -1, Space Quota set to -1 
2023-09-21 17:52:33,536 [IPC Server handler 8 on default port 15057] INFO  bucket.OMBucketCreateRequest (OMBucketCreateRequest.java:validateAndUpdateCache(270)) - created bucket: bucket of layout FILE_SYSTEM_OPTIMIZED in volume: volume-44268
2023-09-21 17:52:33,635 [IPC Server handler 0 on default port 15054] WARN  node.SCMNodeManager (SCMNodeManager.java:getNodesByAddress(1373)) - Cannot find node for address 127.0.0.1
Deleted ofs://localhost:15057/volume-44268/bucket
17:52:33.651 [IPC Server handler 16 on default port 15057] ERROR OMAudit - user=runner | ip=127.0.0.1 | op=READ_BUCKET {volume=volume-44268, bucket=bucket} | ret=FAILURE
org.apache.hadoop.ozone.om.exceptions.OMException: Bucket not found
	at org.apache.hadoop.ozone.om.BucketManagerImpl.getBucketInfo(BucketManagerImpl.java:85) ~[ozone-manager-1.4.0-SNAPSHOT.jar:?]
	at org.apache.hadoop.ozone.om.OzoneManager.getBucketInfo(OzoneManager.java:2795) ~[ozone-manager-1.4.0-SNAPSHOT.jar:?]
	at org.apache.hadoop.ozone.protocolPB.OzoneManagerRequestHandler.infoBucket(OzoneManagerRequestHandler.java:545) ~[ozone-manager-1.4.0-SNAPSHOT.jar:?]
	at org.apache.hadoop.ozone.protocolPB.OzoneManagerRequestHandler.handleReadRequest(OzoneManagerRequestHandler.java:200) ~[ozone-manager-1.4.0-SNAPSHOT.jar:?]
	at org.apache.hadoop.ozone.protocolPB.OzoneManagerProtocolServerSideTranslatorPB.submitRequestDirectlyToOM(OzoneManagerProtocolServerSideTranslatorPB.java:274) ~[ozone-manager-1.4.0-SNAPSHOT.jar:?]
	at org.apache.hadoop.ozone.protocolPB.OzoneManagerProtocolServerSideTranslatorPB.processRequest(OzoneManagerProtocolServerSideTranslatorPB.java:175) ~[ozone-manager-1.4.0-SNAPSHOT.jar:?]
	at org.apache.hadoop.hdds.server.OzoneProtocolMessageDispatcher.processRequest(OzoneProtocolMessageDispatcher.java:87) [hdds-server-framework-1.4.0-SNAPSHOT.jar:?]
	at org.apache.hadoop.ozone.protocolPB.OzoneManagerProtocolServerSideTranslatorPB.submitRequest(OzoneManagerProtocolServerSideTranslatorPB.java:148) [ozone-manager-1.4.0-SNAPSHOT.jar:?]
	at org.apache.hadoop.ozone.protocol.proto.OzoneManagerProtocolProtos$OzoneManagerService$2.callBlockingMethod(OzoneManagerProtocolProtos.java) [ozone-interface-client-1.4.0-SNAPSHOT.jar:?]
	at org.apache.hadoop.ipc.ProtobufRpcEngine$Server.processCall(ProtobufRpcEngine.java:484) [hadoop-common-3.3.6.jar:?]
	at org.apache.hadoop.ipc.ProtobufRpcEngine2$Server$ProtoBufRpcInvoker.call(ProtobufRpcEngine2.java:595) [hadoop-common-3.3.6.jar:?]
	at org.apache.hadoop.ipc.ProtobufRpcEngine2$Server$ProtoBufRpcInvoker.call(ProtobufRpcEngine2.java:573) [hadoop-common-3.3.6.jar:?]
	at org.apache.hadoop.ipc.RPC$Server.call(RPC.java:1227) [hadoop-common-3.3.6.jar:?]
	at org.apache.hadoop.ipc.Server$RpcCall.run(Server.java:1094) [hadoop-common-3.3.6.jar:?]
	at org.apache.hadoop.ipc.Server$RpcCall.run(Server.java:1017) [hadoop-common-3.3.6.jar:?]
	at java.security.AccessController.doPrivileged(Native Method) ~[?:1.8.0_382]
	at javax.security.auth.Subject.doAs(Subject.java:422) [?:1.8.0_382]
	at org.apache.hadoop.security.UserGroupInformation.doAs(UserGroupInformation.java:1899) [hadoop-common-3.3.6.jar:?]
	at org.apache.hadoop.ipc.Server$Handler.run(Server.java:3048) [hadoop-common-3.3.6.jar:?]
2023-09-21 17:52:33,656 [IPC Server handler 2 on default port 15054] WARN  node.SCMNodeManager (SCMNodeManager.java:getNodesByAddress(1373)) - Cannot find node for address 127.0.0.1
2023-09-21 17:52:33,657 [Time-limited test] INFO  rpc.RpcClient (RpcClient.java:createBucket(688)) - Creating Bucket: volume-44268/bucket, with server-side default bucket layout, runner as owner, Versioning false, Storage Type set to DISK and Encryption set to false, Replication Type set to server-side default replication type, Namespace Quota set to -1, Space Quota set to -1 
2023-09-21 17:52:33,658 [IPC Server handler 5 on default port 15057] INFO  bucket.OMBucketCreateRequest (OMBucketCreateRequest.java:validateAndUpdateCache(270)) - created bucket: bucket of layout FILE_SYSTEM_OPTIMIZED in volume: volume-44268
Deleted ofs://localhost:15057/volume-44268/bucket/
17:52:33.694 [IPC Server handler 8 on default port 15057] ERROR OMAudit - user=runner | ip=127.0.0.1 | op=READ_KEY {volume=volume-78879, bucket=bucket, key=object-dir/object-name1, dataSize=0, replicationConfig=null} | ret=FAILURE
org.apache.hadoop.ozone.om.exceptions.OMException: Key:object-dir/object-name1 not found
	at org.apache.hadoop.ozone.om.KeyManagerImpl.readKeyInfo(KeyManagerImpl.java:427) ~[ozone-manager-1.4.0-SNAPSHOT.jar:?]
	at org.apache.hadoop.ozone.om.KeyManagerImpl.lambda$9(KeyManagerImpl.java:1942) ~[ozone-manager-1.4.0-SNAPSHOT.jar:?]
	at org.apache.hadoop.util.MetricUtil.captureLatencyNs(MetricUtil.java:39) ~[hdds-common-1.4.0-SNAPSHOT.jar:?]
	at org.apache.hadoop.ozone.om.KeyManagerImpl.getKeyInfo(KeyManagerImpl.java:1940) ~[ozone-manager-1.4.0-SNAPSHOT.jar:?]
	at org.apache.hadoop.ozone.om.OmMetadataReader.getKeyInfo(OmMetadataReader.java:185) ~[ozone-manager-1.4.0-SNAPSHOT.jar:?]
	at org.apache.hadoop.ozone.om.OzoneManager.getKeyInfo(OzoneManager.java:2830) ~[ozone-manager-1.4.0-SNAPSHOT.jar:?]
	at org.apache.hadoop.ozone.protocolPB.OzoneManagerRequestHandler.getKeyInfo(OzoneManagerRequestHandler.java:585) ~[ozone-manager-1.4.0-SNAPSHOT.jar:?]
	at org.apache.hadoop.ozone.protocolPB.OzoneManagerRequestHandler.handleReadRequest(OzoneManagerRequestHandler.java:304) ~[ozone-manager-1.4.0-SNAPSHOT.jar:?]
	at org.apache.hadoop.ozone.protocolPB.OzoneManagerProtocolServerSideTranslatorPB.submitRequestDirectlyToOM(OzoneManagerProtocolServerSideTranslatorPB.java:274) ~[ozone-manager-1.4.0-SNAPSHOT.jar:?]
	at org.apache.hadoop.ozone.protocolPB.OzoneManagerProtocolServerSideTranslatorPB.processRequest(OzoneManagerProtocolServerSideTranslatorPB.java:175) ~[ozone-manager-1.4.0-SNAPSHOT.jar:?]
	at org.apache.hadoop.hdds.server.OzoneProtocolMessageDispatcher.processRequest(OzoneProtocolMessageDispatcher.java:87) [hdds-server-framework-1.4.0-SNAPSHOT.jar:?]
	at org.apache.hadoop.ozone.protocolPB.OzoneManagerProtocolServerSideTranslatorPB.submitRequest(OzoneManagerProtocolServerSideTranslatorPB.java:148) [ozone-manager-1.4.0-SNAPSHOT.jar:?]
	at org.apache.hadoop.ozone.protocol.proto.OzoneManagerProtocolProtos$OzoneManagerService$2.callBlockingMethod(OzoneManagerProtocolProtos.java) [ozone-interface-client-1.4.0-SNAPSHOT.jar:?]
	at org.apache.hadoop.ipc.ProtobufRpcEngine$Server.processCall(ProtobufRpcEngine.java:484) [hadoop-common-3.3.6.jar:?]
	at org.apache.hadoop.ipc.ProtobufRpcEngine2$Server$ProtoBufRpcInvoker.call(ProtobufRpcEngine2.java:595) [hadoop-common-3.3.6.jar:?]
	at org.apache.hadoop.ipc.ProtobufRpcEngine2$Server$ProtoBufRpcInvoker.call(ProtobufRpcEngine2.java:573) [hadoop-common-3.3.6.jar:?]
	at org.apache.hadoop.ipc.RPC$Server.call(RPC.java:1227) [hadoop-common-3.3.6.jar:?]
	at org.apache.hadoop.ipc.Server$RpcCall.run(Server.java:1094) [hadoop-common-3.3.6.jar:?]
	at org.apache.hadoop.ipc.Server$RpcCall.run(Server.java:1017) [hadoop-common-3.3.6.jar:?]
	at java.security.AccessController.doPrivileged(Native Method) ~[?:1.8.0_382]
	at javax.security.auth.Subject.doAs(Subject.java:422) [?:1.8.0_382]
	at org.apache.hadoop.security.UserGroupInformation.doAs(UserGroupInformation.java:1899) [hadoop-common-3.3.6.jar:?]
	at org.apache.hadoop.ipc.Server$Handler.run(Server.java:3048) [hadoop-common-3.3.6.jar:?]
Deleted ofs://localhost:15057/volume-44268/bucket
17:52:33.710 [IPC Server handler 8 on default port 15057] ERROR OMAudit - user=runner | ip=127.0.0.1 | op=READ_BUCKET {volume=volume-44268, bucket=bucket} | ret=FAILURE
org.apache.hadoop.ozone.om.exceptions.OMException: Bucket not found
	at org.apache.hadoop.ozone.om.BucketManagerImpl.getBucketInfo(BucketManagerImpl.java:85) ~[ozone-manager-1.4.0-SNAPSHOT.jar:?]
	at org.apache.hadoop.ozone.om.OzoneManager.getBucketInfo(OzoneManager.java:2795) ~[ozone-manager-1.4.0-SNAPSHOT.jar:?]
	at org.apache.hadoop.ozone.protocolPB.OzoneManagerRequestHandler.infoBucket(OzoneManagerRequestHandler.java:545) ~[ozone-manager-1.4.0-SNAPSHOT.jar:?]
	at org.apache.hadoop.ozone.protocolPB.OzoneManagerRequestHandler.handleReadRequest(OzoneManagerRequestHandler.java:200) ~[ozone-manager-1.4.0-SNAPSHOT.jar:?]
	at org.apache.hadoop.ozone.protocolPB.OzoneManagerProtocolServerSideTranslatorPB.submitRequestDirectlyToOM(OzoneManagerProtocolServerSideTranslatorPB.java:274) ~[ozone-manager-1.4.0-SNAPSHOT.jar:?]
	at org.apache.hadoop.ozone.protocolPB.OzoneManagerProtocolServerSideTranslatorPB.processRequest(OzoneManagerProtocolServerSideTranslatorPB.java:175) ~[ozone-manager-1.4.0-SNAPSHOT.jar:?]
	at org.apache.hadoop.hdds.server.OzoneProtocolMessageDispatcher.processRequest(OzoneProtocolMessageDispatcher.java:87) [hdds-server-framework-1.4.0-SNAPSHOT.jar:?]
	at org.apache.hadoop.ozone.protocolPB.OzoneManagerProtocolServerSideTranslatorPB.submitRequest(OzoneManagerProtocolServerSideTranslatorPB.java:148) [ozone-manager-1.4.0-SNAPSHOT.jar:?]
	at org.apache.hadoop.ozone.protocol.proto.OzoneManagerProtocolProtos$OzoneManagerService$2.callBlockingMethod(OzoneManagerProtocolProtos.java) [ozone-interface-client-1.4.0-SNAPSHOT.jar:?]
	at org.apache.hadoop.ipc.ProtobufRpcEngine$Server.processCall(ProtobufRpcEngine.java:484) [hadoop-common-3.3.6.jar:?]
	at org.apache.hadoop.ipc.ProtobufRpcEngine2$Server$ProtoBufRpcInvoker.call(ProtobufRpcEngine2.java:595) [hadoop-common-3.3.6.jar:?]
	at org.apache.hadoop.ipc.ProtobufRpcEngine2$Server$ProtoBufRpcInvoker.call(ProtobufRpcEngine2.java:573) [hadoop-common-3.3.6.jar:?]
	at org.apache.hadoop.ipc.RPC$Server.call(RPC.java:1227) [hadoop-common-3.3.6.jar:?]
	at org.apache.hadoop.ipc.Server$RpcCall.run(Server.java:1094) [hadoop-common-3.3.6.jar:?]
	at org.apache.hadoop.ipc.Server$RpcCall.run(Server.java:1017) [hadoop-common-3.3.6.jar:?]
	at java.security.AccessController.doPrivileged(Native Method) ~[?:1.8.0_382]
	at javax.security.auth.Subject.doAs(Subject.java:422) [?:1.8.0_382]
	at org.apache.hadoop.security.UserGroupInformation.doAs(UserGroupInformation.java:1899) [hadoop-common-3.3.6.jar:?]
	at org.apache.hadoop.ipc.Server$Handler.run(Server.java:3048) [hadoop-common-3.3.6.jar:?]
17:52:33.711 [IPC Server handler 19 on default port 15057] ERROR OMAudit - user=runner | ip=127.0.0.1 | op=READ_BUCKET {volume=volume-44268, bucket=bucket} | ret=FAILURE
org.apache.hadoop.ozone.om.exceptions.OMException: Bucket not found
	at org.apache.hadoop.ozone.om.BucketManagerImpl.getBucketInfo(BucketManagerImpl.java:85) ~[ozone-manager-1.4.0-SNAPSHOT.jar:?]
	at org.apache.hadoop.ozone.om.OzoneManager.getBucketInfo(OzoneManager.java:2795) ~[ozone-manager-1.4.0-SNAPSHOT.jar:?]
	at org.apache.hadoop.ozone.protocolPB.OzoneManagerRequestHandler.infoBucket(OzoneManagerRequestHandler.java:545) ~[ozone-manager-1.4.0-SNAPSHOT.jar:?]
	at org.apache.hadoop.ozone.protocolPB.OzoneManagerRequestHandler.handleReadRequest(OzoneManagerRequestHandler.java:200) ~[ozone-manager-1.4.0-SNAPSHOT.jar:?]
	at org.apache.hadoop.ozone.protocolPB.OzoneManagerProtocolServerSideTranslatorPB.submitRequestDirectlyToOM(OzoneManagerProtocolServerSideTranslatorPB.java:274) ~[ozone-manager-1.4.0-SNAPSHOT.jar:?]
	at org.apache.hadoop.ozone.protocolPB.OzoneManagerProtocolServerSideTranslatorPB.processRequest(OzoneManagerProtocolServerSideTranslatorPB.java:175) ~[ozone-manager-1.4.0-SNAPSHOT.jar:?]
	at org.apache.hadoop.hdds.server.OzoneProtocolMessageDispatcher.processRequest(OzoneProtocolMessageDispatcher.java:87) [hdds-server-framework-1.4.0-SNAPSHOT.jar:?]
	at org.apache.hadoop.ozone.protocolPB.OzoneManagerProtocolServerSideTranslatorPB.submitRequest(OzoneManagerProtocolServerSideTranslatorPB.java:148) [ozone-manager-1.4.0-SNAPSHOT.jar:?]
	at org.apache.hadoop.ozone.protocol.proto.OzoneManagerProtocolProtos$OzoneManagerService$2.callBlockingMethod(OzoneManagerProtocolProtos.java) [ozone-interface-client-1.4.0-SNAPSHOT.jar:?]
	at org.apache.hadoop.ipc.ProtobufRpcEngine$Server.processCall(ProtobufRpcEngine.java:484) [hadoop-common-3.3.6.jar:?]
	at org.apache.hadoop.ipc.ProtobufRpcEngine2$Server$ProtoBufRpcInvoker.call(ProtobufRpcEngine2.java:595) [hadoop-common-3.3.6.jar:?]
	at org.apache.hadoop.ipc.ProtobufRpcEngine2$Server$ProtoBufRpcInvoker.call(ProtobufRpcEngine2.java:573) [hadoop-common-3.3.6.jar:?]
	at org.apache.hadoop.ipc.RPC$Server.call(RPC.java:1227) [hadoop-common-3.3.6.jar:?]
	at org.apache.hadoop.ipc.Server$RpcCall.run(Server.java:1094) [hadoop-common-3.3.6.jar:?]
	at org.apache.hadoop.ipc.Server$RpcCall.run(Server.java:1017) [hadoop-common-3.3.6.jar:?]
	at java.security.AccessController.doPrivileged(Native Method) ~[?:1.8.0_382]
	at javax.security.auth.Subject.doAs(Subject.java:422) [?:1.8.0_382]
	at org.apache.hadoop.security.UserGroupInformation.doAs(UserGroupInformation.java:1899) [hadoop-common-3.3.6.jar:?]
	at org.apache.hadoop.ipc.Server$Handler.run(Server.java:3048) [hadoop-common-3.3.6.jar:?]
17:52:33.712 [IPC Server handler 12 on default port 15057] ERROR OMAudit - user=runner | ip=127.0.0.1 | op=READ_BUCKET {volume=volume-44268, bucket=bucket} | ret=FAILURE
org.apache.hadoop.ozone.om.exceptions.OMException: Bucket not found
	at org.apache.hadoop.ozone.om.BucketManagerImpl.getBucketInfo(BucketManagerImpl.java:85) ~[ozone-manager-1.4.0-SNAPSHOT.jar:?]
	at org.apache.hadoop.ozone.om.OzoneManager.getBucketInfo(OzoneManager.java:2795) ~[ozone-manager-1.4.0-SNAPSHOT.jar:?]
	at org.apache.hadoop.ozone.protocolPB.OzoneManagerRequestHandler.infoBucket(OzoneManagerRequestHandler.java:545) ~[ozone-manager-1.4.0-SNAPSHOT.jar:?]
	at org.apache.hadoop.ozone.protocolPB.OzoneManagerRequestHandler.handleReadRequest(OzoneManagerRequestHandler.java:200) ~[ozone-manager-1.4.0-SNAPSHOT.jar:?]
	at org.apache.hadoop.ozone.protocolPB.OzoneManagerProtocolServerSideTranslatorPB.submitRequestDirectlyToOM(OzoneManagerProtocolServerSideTranslatorPB.java:274) ~[ozone-manager-1.4.0-SNAPSHOT.jar:?]
	at org.apache.hadoop.ozone.protocolPB.OzoneManagerProtocolServerSideTranslatorPB.processRequest(OzoneManagerProtocolServerSideTranslatorPB.java:175) ~[ozone-manager-1.4.0-SNAPSHOT.jar:?]
	at org.apache.hadoop.hdds.server.OzoneProtocolMessageDispatcher.processRequest(OzoneProtocolMessageDispatcher.java:87) [hdds-server-framework-1.4.0-SNAPSHOT.jar:?]
	at org.apache.hadoop.ozone.protocolPB.OzoneManagerProtocolServerSideTranslatorPB.submitRequest(OzoneManagerProtocolServerSideTranslatorPB.java:148) [ozone-manager-1.4.0-SNAPSHOT.jar:?]
	at org.apache.hadoop.ozone.protocol.proto.OzoneManagerProtocolProtos$OzoneManagerService$2.callBlockingMethod(OzoneManagerProtocolProtos.java) [ozone-interface-client-1.4.0-SNAPSHOT.jar:?]
	at org.apache.hadoop.ipc.ProtobufRpcEngine$Server.processCall(ProtobufRpcEngine.java:484) [hadoop-common-3.3.6.jar:?]
	at org.apache.hadoop.ipc.ProtobufRpcEngine2$Server$ProtoBufRpcInvoker.call(ProtobufRpcEngine2.java:595) [hadoop-common-3.3.6.jar:?]
	at org.apache.hadoop.ipc.ProtobufRpcEngine2$Server$ProtoBufRpcInvoker.call(ProtobufRpcEngine2.java:573) [hadoop-common-3.3.6.jar:?]
	at org.apache.hadoop.ipc.RPC$Server.call(RPC.java:1227) [hadoop-common-3.3.6.jar:?]
	at org.apache.hadoop.ipc.Server$RpcCall.run(Server.java:1094) [hadoop-common-3.3.6.jar:?]
	at org.apache.hadoop.ipc.Server$RpcCall.run(Server.java:1017) [hadoop-common-3.3.6.jar:?]
	at java.security.AccessController.doPrivileged(Native Method) ~[?:1.8.0_382]
	at javax.security.auth.Subject.doAs(Subject.java:422) [?:1.8.0_382]
	at org.apache.hadoop.security.UserGroupInformation.doAs(UserGroupInformation.java:1899) [hadoop-common-3.3.6.jar:?]
	at org.apache.hadoop.ipc.Server$Handler.run(Server.java:3048) [hadoop-common-3.3.6.jar:?]
2023-09-21 17:52:33,713 [Time-limited test] ERROR ozone.BasicRootedOzoneFileSystem (BasicRootedOzoneFileSystem.java:isLinkBucket(780)) - Exception while getting bucket link information, considered it as false
BUCKET_NOT_FOUND org.apache.hadoop.ozone.om.exceptions.OMException: Bucket not found
	at org.apache.hadoop.ozone.om.protocolPB.OzoneManagerProtocolClientSideTranslatorPB.handleError(OzoneManagerProtocolClientSideTranslatorPB.java:729)
	at org.apache.hadoop.ozone.om.protocolPB.OzoneManagerProtocolClientSideTranslatorPB.getBucketInfo(OzoneManagerProtocolClientSideTranslatorPB.java:578)
	at org.apache.hadoop.ozone.client.rpc.RpcClient.getBucketDetails(RpcClient.java:1243)
	at org.apache.hadoop.fs.ozone.BasicRootedOzoneClientAdapterImpl.getBucket(BasicRootedOzoneClientAdapterImpl.java:274)
	at org.apache.hadoop.fs.ozone.BasicRootedOzoneClientAdapterImpl.getBucket(BasicRootedOzoneClientAdapterImpl.java:248)
	at org.apache.hadoop.fs.ozone.BasicRootedOzoneFileSystem.isLinkBucket(BasicRootedOzoneFileSystem.java:775)
	at org.apache.hadoop.fs.ozone.BasicRootedOzoneFileSystem.deleteBucket(BasicRootedOzoneFileSystem.java:742)
	at org.apache.hadoop.fs.ozone.BasicRootedOzoneFileSystem.delete(BasicRootedOzoneFileSystem.java:696)
	at org.apache.hadoop.fs.FileSystem.delete(FileSystem.java:1763)
	at org.apache.hadoop.fs.ozone.TestRootedOzoneFileSystem.testSymlinkPosixDelete(TestRootedOzoneFileSystem.java:1703)
	at sun.reflect.NativeMethodAccessorImpl.invoke0(Native Method)
	at sun.reflect.NativeMethodAccessorImpl.invoke(NativeMethodAccessorImpl.java:62)
	at sun.reflect.DelegatingMethodAccessorImpl.invoke(DelegatingMethodAccessorImpl.java:43)
	at java.lang.reflect.Method.invoke(Method.java:498)
	at org.junit.runners.model.FrameworkMethod$1.runReflectiveCall(FrameworkMethod.java:59)
	at org.junit.internal.runners.model.ReflectiveCallable.run(ReflectiveCallable.java:12)
	at org.junit.runners.model.FrameworkMethod.invokeExplosively(FrameworkMethod.java:56)
	at org.junit.internal.runners.statements.InvokeMethod.evaluate(InvokeMethod.java:17)
	at org.junit.internal.runners.statements.RunBefores.evaluate(RunBefores.java:26)
	at org.junit.internal.runners.statements.RunAfters.evaluate(RunAfters.java:27)
	at org.junit.internal.runners.statements.FailOnTimeout$CallableStatement.call(FailOnTimeout.java:288)
	at org.junit.internal.runners.statements.FailOnTimeout$CallableStatement.call(FailOnTimeout.java:282)
	at java.util.concurrent.FutureTask.run(FutureTask.java:266)
	at java.lang.Thread.run(Thread.java:750)
2023-09-21 17:52:33,713 [Time-limited test] WARN  ozone.BasicRootedOzoneFileSystem (BasicRootedOzoneFileSystem.java:deleteBucket(746)) - delete: Path does not exist: /volume-44268/bucket
]]></system-out>
  </testcase>
  <testcase name="testCreateAndCheckECFileDiskUsage" classname="TestRootedOzoneFileSystemWithFSO" time="0.475">
    <system-out><![CDATA[2023-09-21 17:50:59,731 [Time-limited test] INFO  rpc.RpcClient (RpcClient.java:createVolume(461)) - Creating Volume: volume44795, with user67450 as owner and space quota set to -1 bytes, counts quota set to -1
2023-09-21 17:50:59,733 [OM StateMachine ApplyTransaction Thread - 0] INFO  volume.OMVolumeCreateRequest (OMVolumeCreateRequest.java:validateAndUpdateCache(196)) - created volume:volume44795 for user:user67450
2023-09-21 17:50:59,735 [Time-limited test] INFO  rpc.RpcClient (RpcClient.java:createBucket(688)) - Creating Bucket: volume44795/bucket66120, with bucket layout FILE_SYSTEM_OPTIMIZED, runner as owner, Versioning false, Storage Type set to DISK and Encryption set to false, Replication Type set to server-side default replication type, Namespace Quota set to -1, Space Quota set to -1 
2023-09-21 17:50:59,736 [OM StateMachine ApplyTransaction Thread - 0] INFO  bucket.OMBucketCreateRequest (OMBucketCreateRequest.java:validateAndUpdateCache(270)) - created bucket: bucket66120 of layout FILE_SYSTEM_OPTIMIZED in volume: volume44795
2023-09-21 17:50:59,748 [IPC Server handler 9 on default port 15001] INFO  algorithms.SCMContainerPlacementRackScatter (SCMContainerPlacementRackScatter.java:chooseDatanodesInternal(370)) - Chosen nodes: [f0cbc5a3-adab-43bd-bf32-77ed31e5ad54(fv-az259-227.nxnqhby4qkoexpon2s1bx5vqxg.dx.internal.cloudapp.net/10.1.0.8), 0af77c8d-ae0f-44c2-a6ab-89a178552062(fv-az259-227.nxnqhby4qkoexpon2s1bx5vqxg.dx.internal.cloudapp.net/10.1.0.8), 30fcaee4-35e5-4526-9ec2-86d2b42bb6e9(fv-az259-227.nxnqhby4qkoexpon2s1bx5vqxg.dx.internal.cloudapp.net/10.1.0.8), a7b87587-f54c-4106-951c-2cd85865b718(fv-az259-227.nxnqhby4qkoexpon2s1bx5vqxg.dx.internal.cloudapp.net/10.1.0.8), 0e5ca0ac-2c0a-4501-ade5-9887f0236797(fv-az259-227.nxnqhby4qkoexpon2s1bx5vqxg.dx.internal.cloudapp.net/10.1.0.8)]. isPolicySatisfied: true.
2023-09-21 17:50:59,751 [IPC Server handler 9 on default port 15001] INFO  pipeline.WritableECContainerProvider (WritableECContainerProvider.java:allocateContainer(211)) - Created and opened new pipeline Pipeline[ Id: b067900f-890b-4cab-8a79-c2bd4b7c52a3, Nodes: f0cbc5a3-adab-43bd-bf32-77ed31e5ad54(fv-az259-227.nxnqhby4qkoexpon2s1bx5vqxg.dx.internal.cloudapp.net/10.1.0.8)0af77c8d-ae0f-44c2-a6ab-89a178552062(fv-az259-227.nxnqhby4qkoexpon2s1bx5vqxg.dx.internal.cloudapp.net/10.1.0.8)30fcaee4-35e5-4526-9ec2-86d2b42bb6e9(fv-az259-227.nxnqhby4qkoexpon2s1bx5vqxg.dx.internal.cloudapp.net/10.1.0.8)a7b87587-f54c-4106-951c-2cd85865b718(fv-az259-227.nxnqhby4qkoexpon2s1bx5vqxg.dx.internal.cloudapp.net/10.1.0.8)0e5ca0ac-2c0a-4501-ade5-9887f0236797(fv-az259-227.nxnqhby4qkoexpon2s1bx5vqxg.dx.internal.cloudapp.net/10.1.0.8), ReplicationConfig: EC{rs-3-2-1024k}, State:ALLOCATED, leaderId:, CreationTimestamp2023-09-21T17:50:59.748Z[Etc/UTC]]
2023-09-21 17:50:59,820 [Time-limited test] WARN  erasurecode.ErasureCodeNative (ErasureCodeNative.java:<clinit>(55)) - ISA-L support is not available in your platform... using builtin-java codec where applicable
]]></system-out>
  </testcase>
  <testcase name="testCreateAndCheckECFileDiskUsage" classname="TestRootedOzoneFileSystemWithFSO" time="0.223">
    <system-out><![CDATA[2023-09-21 17:52:33,752 [Time-limited test] INFO  rpc.RpcClient (RpcClient.java:createVolume(461)) - Creating Volume: volume89472, with user68175 as owner and space quota set to -1 bytes, counts quota set to -1
2023-09-21 17:52:33,753 [IPC Server handler 0 on default port 15057] INFO  volume.OMVolumeCreateRequest (OMVolumeCreateRequest.java:validateAndUpdateCache(196)) - created volume:volume89472 for user:user68175
2023-09-21 17:52:33,755 [Time-limited test] INFO  rpc.RpcClient (RpcClient.java:createBucket(688)) - Creating Bucket: volume89472/bucket12103, with bucket layout FILE_SYSTEM_OPTIMIZED, runner as owner, Versioning false, Storage Type set to DISK and Encryption set to false, Replication Type set to server-side default replication type, Namespace Quota set to -1, Space Quota set to -1 
2023-09-21 17:52:33,755 [IPC Server handler 6 on default port 15057] INFO  bucket.OMBucketCreateRequest (OMBucketCreateRequest.java:validateAndUpdateCache(270)) - created bucket: bucket12103 of layout FILE_SYSTEM_OPTIMIZED in volume: volume89472
2023-09-21 17:52:33,759 [IPC Server handler 17 on default port 15054] INFO  algorithms.SCMContainerPlacementRackScatter (SCMContainerPlacementRackScatter.java:chooseDatanodesInternal(370)) - Chosen nodes: [21cefe31-b447-4cde-b371-f0af1d83a0ae(fv-az259-227.nxnqhby4qkoexpon2s1bx5vqxg.dx.internal.cloudapp.net/10.1.0.8), 4cdc299f-4834-4fa6-8ba2-191990d4ad82(fv-az259-227.nxnqhby4qkoexpon2s1bx5vqxg.dx.internal.cloudapp.net/10.1.0.8), 01a5bd4e-669d-4aa9-9839-6c274a81602d(fv-az259-227.nxnqhby4qkoexpon2s1bx5vqxg.dx.internal.cloudapp.net/10.1.0.8), 37083bac-0b78-4ab7-8270-b85e08b802dc(fv-az259-227.nxnqhby4qkoexpon2s1bx5vqxg.dx.internal.cloudapp.net/10.1.0.8), c526289d-5cad-4097-8195-61ffa3487ef7(fv-az259-227.nxnqhby4qkoexpon2s1bx5vqxg.dx.internal.cloudapp.net/10.1.0.8)]. isPolicySatisfied: true.
2023-09-21 17:52:33,763 [IPC Server handler 17 on default port 15054] INFO  pipeline.WritableECContainerProvider (WritableECContainerProvider.java:allocateContainer(211)) - Created and opened new pipeline Pipeline[ Id: 2eec9c83-db32-402e-b330-01394109bb54, Nodes: 21cefe31-b447-4cde-b371-f0af1d83a0ae(fv-az259-227.nxnqhby4qkoexpon2s1bx5vqxg.dx.internal.cloudapp.net/10.1.0.8)4cdc299f-4834-4fa6-8ba2-191990d4ad82(fv-az259-227.nxnqhby4qkoexpon2s1bx5vqxg.dx.internal.cloudapp.net/10.1.0.8)01a5bd4e-669d-4aa9-9839-6c274a81602d(fv-az259-227.nxnqhby4qkoexpon2s1bx5vqxg.dx.internal.cloudapp.net/10.1.0.8)37083bac-0b78-4ab7-8270-b85e08b802dc(fv-az259-227.nxnqhby4qkoexpon2s1bx5vqxg.dx.internal.cloudapp.net/10.1.0.8)c526289d-5cad-4097-8195-61ffa3487ef7(fv-az259-227.nxnqhby4qkoexpon2s1bx5vqxg.dx.internal.cloudapp.net/10.1.0.8), ReplicationConfig: EC{rs-3-2-1024k}, State:ALLOCATED, leaderId:, CreationTimestamp2023-09-21T17:52:33.759Z[Etc/UTC]]
]]></system-out>
  </testcase>
  <testcase name="testListStatusIteratorWithDir" classname="TestRootedOzoneFileSystemWithFSO" time="0.076">
    <system-out><![CDATA[2023-09-21 17:51:00,187 [Time-limited test] INFO  rpc.RpcClient (RpcClient.java:createVolume(461)) - Creating Volume: volume91636, with user00681 as owner and space quota set to -1 bytes, counts quota set to -1
2023-09-21 17:51:00,189 [OM StateMachine ApplyTransaction Thread - 0] INFO  volume.OMVolumeCreateRequest (OMVolumeCreateRequest.java:validateAndUpdateCache(196)) - created volume:volume91636 for user:user00681
2023-09-21 17:51:00,190 [Time-limited test] INFO  rpc.RpcClient (RpcClient.java:createBucket(688)) - Creating Bucket: volume91636/bucket92789, with bucket layout FILE_SYSTEM_OPTIMIZED, runner as owner, Versioning false, Storage Type set to DISK and Encryption set to false, Replication Type set to server-side default replication type, Namespace Quota set to -1, Space Quota set to -1 
2023-09-21 17:51:00,192 [OM StateMachine ApplyTransaction Thread - 0] INFO  bucket.OMBucketCreateRequest (OMBucketCreateRequest.java:validateAndUpdateCache(270)) - created bucket: bucket92789 of layout FILE_SYSTEM_OPTIMIZED in volume: volume91636
]]></system-out>
  </testcase>
  <testcase name="testListStatusIteratorWithDir" classname="TestRootedOzoneFileSystemWithFSO" time="0.06">
    <system-out><![CDATA[2023-09-21 17:52:33,978 [Time-limited test] INFO  rpc.RpcClient (RpcClient.java:createVolume(461)) - Creating Volume: volume22363, with user45221 as owner and space quota set to -1 bytes, counts quota set to -1
2023-09-21 17:52:33,979 [IPC Server handler 9 on default port 15057] INFO  volume.OMVolumeCreateRequest (OMVolumeCreateRequest.java:validateAndUpdateCache(196)) - created volume:volume22363 for user:user45221
2023-09-21 17:52:33,980 [Time-limited test] INFO  rpc.RpcClient (RpcClient.java:createBucket(688)) - Creating Bucket: volume22363/bucket12197, with bucket layout FILE_SYSTEM_OPTIMIZED, runner as owner, Versioning false, Storage Type set to DISK and Encryption set to false, Replication Type set to server-side default replication type, Namespace Quota set to -1, Space Quota set to -1 
2023-09-21 17:52:33,981 [IPC Server handler 4 on default port 15057] INFO  bucket.OMBucketCreateRequest (OMBucketCreateRequest.java:validateAndUpdateCache(270)) - created bucket: bucket12197 of layout FILE_SYSTEM_OPTIMIZED in volume: volume22363
]]></system-out>
  </testcase>
  <testcase name="testListStatusOnLargeDirectory" classname="TestRootedOzoneFileSystemWithFSO" time="10.39">
    <system-out><![CDATA[2023-09-21 17:51:00,261 [Time-limited test] INFO  rpc.RpcClient (RpcClient.java:createVolume(461)) - Creating Volume: volume70547, with user58210 as owner and space quota set to -1 bytes, counts quota set to -1
2023-09-21 17:51:00,263 [OM StateMachine ApplyTransaction Thread - 0] INFO  volume.OMVolumeCreateRequest (OMVolumeCreateRequest.java:validateAndUpdateCache(196)) - created volume:volume70547 for user:user58210
2023-09-21 17:51:00,265 [Time-limited test] INFO  rpc.RpcClient (RpcClient.java:createBucket(688)) - Creating Bucket: volume70547/bucket56431, with bucket layout FILE_SYSTEM_OPTIMIZED, runner as owner, Versioning false, Storage Type set to DISK and Encryption set to false, Replication Type set to server-side default replication type, Namespace Quota set to -1, Space Quota set to -1 
2023-09-21 17:51:00,266 [OM StateMachine ApplyTransaction Thread - 0] INFO  bucket.OMBucketCreateRequest (OMBucketCreateRequest.java:validateAndUpdateCache(270)) - created bucket: bucket56431 of layout FILE_SYSTEM_OPTIMIZED in volume: volume70547
]]></system-out>
  </testcase>
  <testcase name="testListStatusOnLargeDirectory" classname="TestRootedOzoneFileSystemWithFSO" time="8.672">
    <system-out><![CDATA[2023-09-21 17:52:34,035 [Time-limited test] INFO  rpc.RpcClient (RpcClient.java:createVolume(461)) - Creating Volume: volume13689, with user28198 as owner and space quota set to -1 bytes, counts quota set to -1
2023-09-21 17:52:34,036 [IPC Server handler 14 on default port 15057] INFO  volume.OMVolumeCreateRequest (OMVolumeCreateRequest.java:validateAndUpdateCache(196)) - created volume:volume13689 for user:user28198
2023-09-21 17:52:34,038 [Time-limited test] INFO  rpc.RpcClient (RpcClient.java:createBucket(688)) - Creating Bucket: volume13689/bucket36679, with bucket layout FILE_SYSTEM_OPTIMIZED, runner as owner, Versioning false, Storage Type set to DISK and Encryption set to false, Replication Type set to server-side default replication type, Namespace Quota set to -1, Space Quota set to -1 
2023-09-21 17:52:34,039 [IPC Server handler 17 on default port 15057] INFO  bucket.OMBucketCreateRequest (OMBucketCreateRequest.java:validateAndUpdateCache(270)) - created bucket: bucket36679 of layout FILE_SYSTEM_OPTIMIZED in volume: volume13689
]]></system-out>
  </testcase>
  <testcase name="testFileSystemDeclaresCapability" classname="TestRootedOzoneFileSystemWithFSO" time="0.044">
    <system-out><![CDATA[2023-09-21 17:51:10,652 [Time-limited test] INFO  rpc.RpcClient (RpcClient.java:createVolume(461)) - Creating Volume: volume64518, with user18430 as owner and space quota set to -1 bytes, counts quota set to -1
2023-09-21 17:51:10,659 [OM StateMachine ApplyTransaction Thread - 0] INFO  volume.OMVolumeCreateRequest (OMVolumeCreateRequest.java:validateAndUpdateCache(196)) - created volume:volume64518 for user:user18430
2023-09-21 17:51:10,662 [Time-limited test] INFO  rpc.RpcClient (RpcClient.java:createBucket(688)) - Creating Bucket: volume64518/bucket42718, with bucket layout FILE_SYSTEM_OPTIMIZED, runner as owner, Versioning false, Storage Type set to DISK and Encryption set to false, Replication Type set to server-side default replication type, Namespace Quota set to -1, Space Quota set to -1 
2023-09-21 17:51:10,664 [OM StateMachine ApplyTransaction Thread - 0] INFO  bucket.OMBucketCreateRequest (OMBucketCreateRequest.java:validateAndUpdateCache(270)) - created bucket: bucket42718 of layout FILE_SYSTEM_OPTIMIZED in volume: volume64518
]]></system-out>
  </testcase>
  <testcase name="testFileSystemDeclaresCapability" classname="TestRootedOzoneFileSystemWithFSO" time="0.03">
    <system-out><![CDATA[2023-09-21 17:52:42,706 [Time-limited test] INFO  rpc.RpcClient (RpcClient.java:createVolume(461)) - Creating Volume: volume26668, with user98741 as owner and space quota set to -1 bytes, counts quota set to -1
2023-09-21 17:52:42,707 [IPC Server handler 1 on default port 15057] INFO  volume.OMVolumeCreateRequest (OMVolumeCreateRequest.java:validateAndUpdateCache(196)) - created volume:volume26668 for user:user98741
2023-09-21 17:52:42,708 [Time-limited test] INFO  rpc.RpcClient (RpcClient.java:createBucket(688)) - Creating Bucket: volume26668/bucket84635, with bucket layout FILE_SYSTEM_OPTIMIZED, runner as owner, Versioning false, Storage Type set to DISK and Encryption set to false, Replication Type set to server-side default replication type, Namespace Quota set to -1, Space Quota set to -1 
2023-09-21 17:52:42,709 [IPC Server handler 12 on default port 15057] INFO  bucket.OMBucketCreateRequest (OMBucketCreateRequest.java:validateAndUpdateCache(270)) - created bucket: bucket84635 of layout FILE_SYSTEM_OPTIMIZED in volume: volume26668
]]></system-out>
  </testcase>
  <testcase name="testRenameToDifferentBucket" classname="TestRootedOzoneFileSystemWithFSO" time="0.061">
    <system-out><![CDATA[2023-09-21 17:51:10,696 [Time-limited test] INFO  rpc.RpcClient (RpcClient.java:createVolume(461)) - Creating Volume: volume05017, with user57412 as owner and space quota set to -1 bytes, counts quota set to -1
2023-09-21 17:51:10,697 [OM StateMachine ApplyTransaction Thread - 0] INFO  volume.OMVolumeCreateRequest (OMVolumeCreateRequest.java:validateAndUpdateCache(196)) - created volume:volume05017 for user:user57412
2023-09-21 17:51:10,698 [Time-limited test] INFO  rpc.RpcClient (RpcClient.java:createBucket(688)) - Creating Bucket: volume05017/bucket64926, with bucket layout FILE_SYSTEM_OPTIMIZED, runner as owner, Versioning false, Storage Type set to DISK and Encryption set to false, Replication Type set to server-side default replication type, Namespace Quota set to -1, Space Quota set to -1 
2023-09-21 17:51:10,700 [OM StateMachine ApplyTransaction Thread - 0] INFO  bucket.OMBucketCreateRequest (OMBucketCreateRequest.java:validateAndUpdateCache(270)) - created bucket: bucket64926 of layout FILE_SYSTEM_OPTIMIZED in volume: volume05017
]]></system-out>
  </testcase>
  <testcase name="testRenameToDifferentBucket" classname="TestRootedOzoneFileSystemWithFSO" time="0.035">
    <system-out><![CDATA[2023-09-21 17:52:42,736 [Time-limited test] INFO  rpc.RpcClient (RpcClient.java:createVolume(461)) - Creating Volume: volume36753, with user74324 as owner and space quota set to -1 bytes, counts quota set to -1
2023-09-21 17:52:42,737 [IPC Server handler 8 on default port 15057] INFO  volume.OMVolumeCreateRequest (OMVolumeCreateRequest.java:validateAndUpdateCache(196)) - created volume:volume36753 for user:user74324
2023-09-21 17:52:42,737 [Time-limited test] INFO  rpc.RpcClient (RpcClient.java:createBucket(688)) - Creating Bucket: volume36753/bucket82904, with bucket layout FILE_SYSTEM_OPTIMIZED, runner as owner, Versioning false, Storage Type set to DISK and Encryption set to false, Replication Type set to server-side default replication type, Namespace Quota set to -1, Space Quota set to -1 
2023-09-21 17:52:42,738 [IPC Server handler 1 on default port 15057] INFO  bucket.OMBucketCreateRequest (OMBucketCreateRequest.java:validateAndUpdateCache(270)) - created bucket: bucket82904 of layout FILE_SYSTEM_OPTIMIZED in volume: volume36753
]]></system-out>
  </testcase>
  <testcase name="testBucketDefaultsShouldBeInheritedToFileForEC" classname="TestRootedOzoneFileSystemWithFSO" time="0.242">
    <system-out><![CDATA[2023-09-21 17:51:10,757 [Time-limited test] INFO  rpc.RpcClient (RpcClient.java:createVolume(461)) - Creating Volume: volume56119, with user54915 as owner and space quota set to -1 bytes, counts quota set to -1
2023-09-21 17:51:10,759 [OM StateMachine ApplyTransaction Thread - 0] INFO  volume.OMVolumeCreateRequest (OMVolumeCreateRequest.java:validateAndUpdateCache(196)) - created volume:volume56119 for user:user54915
2023-09-21 17:51:10,761 [Time-limited test] INFO  rpc.RpcClient (RpcClient.java:createBucket(688)) - Creating Bucket: volume56119/bucket13702, with bucket layout FILE_SYSTEM_OPTIMIZED, runner as owner, Versioning false, Storage Type set to DISK and Encryption set to false, Replication Type set to server-side default replication type, Namespace Quota set to -1, Space Quota set to -1 
2023-09-21 17:51:10,762 [OM StateMachine ApplyTransaction Thread - 0] INFO  bucket.OMBucketCreateRequest (OMBucketCreateRequest.java:validateAndUpdateCache(270)) - created bucket: bucket13702 of layout FILE_SYSTEM_OPTIMIZED in volume: volume56119
2023-09-21 17:51:10,774 [Time-limited test] INFO  rpc.RpcClient (RpcClient.java:createVolume(461)) - Creating Volume: f9a16da3-5de9-49c0-bf68-e1e96a95cee1, with user42543 as owner and space quota set to -1 bytes, counts quota set to -1
2023-09-21 17:51:10,776 [OM StateMachine ApplyTransaction Thread - 0] INFO  volume.OMVolumeCreateRequest (OMVolumeCreateRequest.java:validateAndUpdateCache(196)) - created volume:f9a16da3-5de9-49c0-bf68-e1e96a95cee1 for user:user42543
2023-09-21 17:51:10,776 [Time-limited test] INFO  rpc.RpcClient (RpcClient.java:createBucket(688)) - Creating Bucket: f9a16da3-5de9-49c0-bf68-e1e96a95cee1/283d1eae-f87b-4d73-9f2f-39096e16661f, with bucket layout LEGACY, runner as owner, Versioning false, Storage Type set to DISK and Encryption set to false, Replication Type set to EC, Namespace Quota set to -1, Space Quota set to -1 
2023-09-21 17:51:10,778 [OM StateMachine ApplyTransaction Thread - 0] INFO  bucket.OMBucketCreateRequest (OMBucketCreateRequest.java:validateAndUpdateCache(270)) - created bucket: 283d1eae-f87b-4d73-9f2f-39096e16661f of layout LEGACY in volume: f9a16da3-5de9-49c0-bf68-e1e96a95cee1
2023-09-21 17:51:10,784 [IPC Server handler 9 on default port 15001] INFO  algorithms.SCMContainerPlacementRackScatter (SCMContainerPlacementRackScatter.java:chooseDatanodesInternal(370)) - Chosen nodes: [a7b87587-f54c-4106-951c-2cd85865b718(fv-az259-227.nxnqhby4qkoexpon2s1bx5vqxg.dx.internal.cloudapp.net/10.1.0.8), 30fcaee4-35e5-4526-9ec2-86d2b42bb6e9(fv-az259-227.nxnqhby4qkoexpon2s1bx5vqxg.dx.internal.cloudapp.net/10.1.0.8), 0e5ca0ac-2c0a-4501-ade5-9887f0236797(fv-az259-227.nxnqhby4qkoexpon2s1bx5vqxg.dx.internal.cloudapp.net/10.1.0.8), 0af77c8d-ae0f-44c2-a6ab-89a178552062(fv-az259-227.nxnqhby4qkoexpon2s1bx5vqxg.dx.internal.cloudapp.net/10.1.0.8), f0cbc5a3-adab-43bd-bf32-77ed31e5ad54(fv-az259-227.nxnqhby4qkoexpon2s1bx5vqxg.dx.internal.cloudapp.net/10.1.0.8)]. isPolicySatisfied: true.
2023-09-21 17:51:10,786 [IPC Server handler 9 on default port 15001] INFO  pipeline.WritableECContainerProvider (WritableECContainerProvider.java:allocateContainer(211)) - Created and opened new pipeline Pipeline[ Id: 0d3ce2cc-4899-4031-96fe-2e4d44200d58, Nodes: a7b87587-f54c-4106-951c-2cd85865b718(fv-az259-227.nxnqhby4qkoexpon2s1bx5vqxg.dx.internal.cloudapp.net/10.1.0.8)30fcaee4-35e5-4526-9ec2-86d2b42bb6e9(fv-az259-227.nxnqhby4qkoexpon2s1bx5vqxg.dx.internal.cloudapp.net/10.1.0.8)0e5ca0ac-2c0a-4501-ade5-9887f0236797(fv-az259-227.nxnqhby4qkoexpon2s1bx5vqxg.dx.internal.cloudapp.net/10.1.0.8)0af77c8d-ae0f-44c2-a6ab-89a178552062(fv-az259-227.nxnqhby4qkoexpon2s1bx5vqxg.dx.internal.cloudapp.net/10.1.0.8)f0cbc5a3-adab-43bd-bf32-77ed31e5ad54(fv-az259-227.nxnqhby4qkoexpon2s1bx5vqxg.dx.internal.cloudapp.net/10.1.0.8), ReplicationConfig: EC{rs-3-2-1024k}, State:ALLOCATED, leaderId:, CreationTimestamp2023-09-21T17:51:10.785Z[Etc/UTC]]
2023-09-21 17:51:10,973 [IPC Server handler 17 on default port 15001] WARN  node.SCMNodeManager (SCMNodeManager.java:getNodesByAddress(1373)) - Cannot find node for address 127.0.0.1
]]></system-out>
  </testcase>
  <testcase name="testBucketDefaultsShouldBeInheritedToFileForEC" classname="TestRootedOzoneFileSystemWithFSO" time="0.215">
    <system-out><![CDATA[2023-09-21 17:52:42,770 [Time-limited test] INFO  rpc.RpcClient (RpcClient.java:createVolume(461)) - Creating Volume: volume42282, with user32034 as owner and space quota set to -1 bytes, counts quota set to -1
2023-09-21 17:52:42,771 [IPC Server handler 3 on default port 15057] INFO  volume.OMVolumeCreateRequest (OMVolumeCreateRequest.java:validateAndUpdateCache(196)) - created volume:volume42282 for user:user32034
2023-09-21 17:52:42,772 [Time-limited test] INFO  rpc.RpcClient (RpcClient.java:createBucket(688)) - Creating Bucket: volume42282/bucket94416, with bucket layout FILE_SYSTEM_OPTIMIZED, runner as owner, Versioning false, Storage Type set to DISK and Encryption set to false, Replication Type set to server-side default replication type, Namespace Quota set to -1, Space Quota set to -1 
2023-09-21 17:52:42,772 [IPC Server handler 5 on default port 15057] INFO  bucket.OMBucketCreateRequest (OMBucketCreateRequest.java:validateAndUpdateCache(270)) - created bucket: bucket94416 of layout FILE_SYSTEM_OPTIMIZED in volume: volume42282
2023-09-21 17:52:42,784 [Time-limited test] INFO  rpc.RpcClient (RpcClient.java:createVolume(461)) - Creating Volume: 87c6905f-7af9-4609-8ece-953083b18435, with user06684 as owner and space quota set to -1 bytes, counts quota set to -1
2023-09-21 17:52:42,785 [IPC Server handler 2 on default port 15057] INFO  volume.OMVolumeCreateRequest (OMVolumeCreateRequest.java:validateAndUpdateCache(196)) - created volume:87c6905f-7af9-4609-8ece-953083b18435 for user:user06684
2023-09-21 17:52:42,786 [Time-limited test] INFO  rpc.RpcClient (RpcClient.java:createBucket(688)) - Creating Bucket: 87c6905f-7af9-4609-8ece-953083b18435/6a570161-a362-4539-a47a-73a363937795, with bucket layout LEGACY, runner as owner, Versioning false, Storage Type set to DISK and Encryption set to false, Replication Type set to EC, Namespace Quota set to -1, Space Quota set to -1 
2023-09-21 17:52:42,787 [IPC Server handler 8 on default port 15057] INFO  bucket.OMBucketCreateRequest (OMBucketCreateRequest.java:validateAndUpdateCache(270)) - created bucket: 6a570161-a362-4539-a47a-73a363937795 of layout LEGACY in volume: 87c6905f-7af9-4609-8ece-953083b18435
2023-09-21 17:52:42,792 [IPC Server handler 1 on default port 15054] INFO  algorithms.SCMContainerPlacementRackScatter (SCMContainerPlacementRackScatter.java:chooseDatanodesInternal(370)) - Chosen nodes: [4cdc299f-4834-4fa6-8ba2-191990d4ad82(fv-az259-227.nxnqhby4qkoexpon2s1bx5vqxg.dx.internal.cloudapp.net/10.1.0.8), 21cefe31-b447-4cde-b371-f0af1d83a0ae(fv-az259-227.nxnqhby4qkoexpon2s1bx5vqxg.dx.internal.cloudapp.net/10.1.0.8), c526289d-5cad-4097-8195-61ffa3487ef7(fv-az259-227.nxnqhby4qkoexpon2s1bx5vqxg.dx.internal.cloudapp.net/10.1.0.8), 01a5bd4e-669d-4aa9-9839-6c274a81602d(fv-az259-227.nxnqhby4qkoexpon2s1bx5vqxg.dx.internal.cloudapp.net/10.1.0.8), 37083bac-0b78-4ab7-8270-b85e08b802dc(fv-az259-227.nxnqhby4qkoexpon2s1bx5vqxg.dx.internal.cloudapp.net/10.1.0.8)]. isPolicySatisfied: true.
2023-09-21 17:52:42,793 [IPC Server handler 1 on default port 15054] INFO  pipeline.WritableECContainerProvider (WritableECContainerProvider.java:allocateContainer(211)) - Created and opened new pipeline Pipeline[ Id: bd6b4db0-c8c8-47ae-a530-dcc79112b450, Nodes: 4cdc299f-4834-4fa6-8ba2-191990d4ad82(fv-az259-227.nxnqhby4qkoexpon2s1bx5vqxg.dx.internal.cloudapp.net/10.1.0.8)21cefe31-b447-4cde-b371-f0af1d83a0ae(fv-az259-227.nxnqhby4qkoexpon2s1bx5vqxg.dx.internal.cloudapp.net/10.1.0.8)c526289d-5cad-4097-8195-61ffa3487ef7(fv-az259-227.nxnqhby4qkoexpon2s1bx5vqxg.dx.internal.cloudapp.net/10.1.0.8)01a5bd4e-669d-4aa9-9839-6c274a81602d(fv-az259-227.nxnqhby4qkoexpon2s1bx5vqxg.dx.internal.cloudapp.net/10.1.0.8)37083bac-0b78-4ab7-8270-b85e08b802dc(fv-az259-227.nxnqhby4qkoexpon2s1bx5vqxg.dx.internal.cloudapp.net/10.1.0.8), ReplicationConfig: EC{rs-3-2-1024k}, State:ALLOCATED, leaderId:, CreationTimestamp2023-09-21T17:52:42.792Z[Etc/UTC]]
2023-09-21 17:52:42,962 [IPC Server handler 5 on default port 15054] WARN  node.SCMNodeManager (SCMNodeManager.java:getNodesByAddress(1373)) - Cannot find node for address 127.0.0.1
]]></system-out>
  </testcase>
  <testcase name="testListStatusInBucket" classname="TestRootedOzoneFileSystemWithFSO" time="0.048">
    <system-out><![CDATA[2023-09-21 17:51:11,000 [Time-limited test] INFO  rpc.RpcClient (RpcClient.java:createVolume(461)) - Creating Volume: volume79285, with user56893 as owner and space quota set to -1 bytes, counts quota set to -1
2023-09-21 17:51:11,001 [OM StateMachine ApplyTransaction Thread - 0] INFO  volume.OMVolumeCreateRequest (OMVolumeCreateRequest.java:validateAndUpdateCache(196)) - created volume:volume79285 for user:user56893
2023-09-21 17:51:11,005 [Time-limited test] INFO  rpc.RpcClient (RpcClient.java:createBucket(688)) - Creating Bucket: volume79285/bucket54331, with bucket layout FILE_SYSTEM_OPTIMIZED, runner as owner, Versioning false, Storage Type set to DISK and Encryption set to false, Replication Type set to server-side default replication type, Namespace Quota set to -1, Space Quota set to -1 
2023-09-21 17:51:11,006 [OM StateMachine ApplyTransaction Thread - 0] INFO  bucket.OMBucketCreateRequest (OMBucketCreateRequest.java:validateAndUpdateCache(270)) - created bucket: bucket54331 of layout FILE_SYSTEM_OPTIMIZED in volume: volume79285
]]></system-out>
  </testcase>
  <testcase name="testListStatusInBucket" classname="TestRootedOzoneFileSystemWithFSO" time="0.038">
    <system-out><![CDATA[2023-09-21 17:52:42,987 [Time-limited test] INFO  rpc.RpcClient (RpcClient.java:createVolume(461)) - Creating Volume: volume80772, with user15353 as owner and space quota set to -1 bytes, counts quota set to -1
2023-09-21 17:52:42,988 [IPC Server handler 7 on default port 15057] INFO  volume.OMVolumeCreateRequest (OMVolumeCreateRequest.java:validateAndUpdateCache(196)) - created volume:volume80772 for user:user15353
2023-09-21 17:52:42,989 [Time-limited test] INFO  rpc.RpcClient (RpcClient.java:createBucket(688)) - Creating Bucket: volume80772/bucket42335, with bucket layout FILE_SYSTEM_OPTIMIZED, runner as owner, Versioning false, Storage Type set to DISK and Encryption set to false, Replication Type set to server-side default replication type, Namespace Quota set to -1, Space Quota set to -1 
2023-09-21 17:52:42,990 [IPC Server handler 19 on default port 15057] INFO  bucket.OMBucketCreateRequest (OMBucketCreateRequest.java:validateAndUpdateCache(270)) - created bucket: bucket42335 of layout FILE_SYSTEM_OPTIMIZED in volume: volume80772
]]></system-out>
  </testcase>
  <testcase name="testRenameFileToDir" classname="TestRootedOzoneFileSystemWithFSO" time="0.065">
    <system-out><![CDATA[2023-09-21 17:51:11,048 [Time-limited test] INFO  rpc.RpcClient (RpcClient.java:createVolume(461)) - Creating Volume: volume44300, with user56981 as owner and space quota set to -1 bytes, counts quota set to -1
2023-09-21 17:51:11,050 [OM StateMachine ApplyTransaction Thread - 0] INFO  volume.OMVolumeCreateRequest (OMVolumeCreateRequest.java:validateAndUpdateCache(196)) - created volume:volume44300 for user:user56981
2023-09-21 17:51:11,051 [Time-limited test] INFO  rpc.RpcClient (RpcClient.java:createBucket(688)) - Creating Bucket: volume44300/bucket40010, with bucket layout FILE_SYSTEM_OPTIMIZED, runner as owner, Versioning false, Storage Type set to DISK and Encryption set to false, Replication Type set to server-side default replication type, Namespace Quota set to -1, Space Quota set to -1 
2023-09-21 17:51:11,052 [OM StateMachine ApplyTransaction Thread - 0] INFO  bucket.OMBucketCreateRequest (OMBucketCreateRequest.java:validateAndUpdateCache(270)) - created bucket: bucket40010 of layout FILE_SYSTEM_OPTIMIZED in volume: volume44300
17:51:11.095 [IPC Server handler 3 on default port 15004] ERROR OMAudit - user=runner | ip=127.0.0.1 | op=READ_BUCKET {volume=volume44300, bucket=bucket40010} | ret=FAILURE
org.apache.hadoop.ozone.om.exceptions.OMException: Bucket not found
	at org.apache.hadoop.ozone.om.BucketManagerImpl.getBucketInfo(BucketManagerImpl.java:85) ~[ozone-manager-1.4.0-SNAPSHOT.jar:?]
	at org.apache.hadoop.ozone.om.OzoneManager.getBucketInfo(OzoneManager.java:2795) ~[ozone-manager-1.4.0-SNAPSHOT.jar:?]
	at org.apache.hadoop.ozone.protocolPB.OzoneManagerRequestHandler.infoBucket(OzoneManagerRequestHandler.java:545) ~[ozone-manager-1.4.0-SNAPSHOT.jar:?]
	at org.apache.hadoop.ozone.protocolPB.OzoneManagerRequestHandler.handleReadRequest(OzoneManagerRequestHandler.java:200) ~[ozone-manager-1.4.0-SNAPSHOT.jar:?]
	at org.apache.hadoop.ozone.protocolPB.OzoneManagerProtocolServerSideTranslatorPB.submitReadRequestToOM(OzoneManagerProtocolServerSideTranslatorPB.java:225) ~[ozone-manager-1.4.0-SNAPSHOT.jar:?]
	at org.apache.hadoop.ozone.protocolPB.OzoneManagerProtocolServerSideTranslatorPB.processRequest(OzoneManagerProtocolServerSideTranslatorPB.java:179) ~[ozone-manager-1.4.0-SNAPSHOT.jar:?]
	at org.apache.hadoop.hdds.server.OzoneProtocolMessageDispatcher.processRequest(OzoneProtocolMessageDispatcher.java:87) [hdds-server-framework-1.4.0-SNAPSHOT.jar:?]
	at org.apache.hadoop.ozone.protocolPB.OzoneManagerProtocolServerSideTranslatorPB.submitRequest(OzoneManagerProtocolServerSideTranslatorPB.java:148) [ozone-manager-1.4.0-SNAPSHOT.jar:?]
	at org.apache.hadoop.ozone.protocol.proto.OzoneManagerProtocolProtos$OzoneManagerService$2.callBlockingMethod(OzoneManagerProtocolProtos.java) [ozone-interface-client-1.4.0-SNAPSHOT.jar:?]
	at org.apache.hadoop.ipc.ProtobufRpcEngine$Server.processCall(ProtobufRpcEngine.java:484) [hadoop-common-3.3.6.jar:?]
	at org.apache.hadoop.ipc.ProtobufRpcEngine2$Server$ProtoBufRpcInvoker.call(ProtobufRpcEngine2.java:595) [hadoop-common-3.3.6.jar:?]
	at org.apache.hadoop.ipc.ProtobufRpcEngine2$Server$ProtoBufRpcInvoker.call(ProtobufRpcEngine2.java:573) [hadoop-common-3.3.6.jar:?]
	at org.apache.hadoop.ipc.RPC$Server.call(RPC.java:1227) [hadoop-common-3.3.6.jar:?]
	at org.apache.hadoop.ipc.Server$RpcCall.run(Server.java:1094) [hadoop-common-3.3.6.jar:?]
	at org.apache.hadoop.ipc.Server$RpcCall.run(Server.java:1017) [hadoop-common-3.3.6.jar:?]
	at java.security.AccessController.doPrivileged(Native Method) ~[?:1.8.0_382]
	at javax.security.auth.Subject.doAs(Subject.java:422) [?:1.8.0_382]
	at org.apache.hadoop.security.UserGroupInformation.doAs(UserGroupInformation.java:1899) [hadoop-common-3.3.6.jar:?]
	at org.apache.hadoop.ipc.Server$Handler.run(Server.java:3048) [hadoop-common-3.3.6.jar:?]
17:51:11.097 [IPC Server handler 16 on default port 15004] ERROR OMAudit - user=runner | ip=127.0.0.1 | op=READ_BUCKET {volume=volume44300, bucket=bucket40010} | ret=FAILURE
org.apache.hadoop.ozone.om.exceptions.OMException: Bucket not found
	at org.apache.hadoop.ozone.om.BucketManagerImpl.getBucketInfo(BucketManagerImpl.java:85) ~[ozone-manager-1.4.0-SNAPSHOT.jar:?]
	at org.apache.hadoop.ozone.om.OzoneManager.getBucketInfo(OzoneManager.java:2795) ~[ozone-manager-1.4.0-SNAPSHOT.jar:?]
	at org.apache.hadoop.ozone.protocolPB.OzoneManagerRequestHandler.infoBucket(OzoneManagerRequestHandler.java:545) ~[ozone-manager-1.4.0-SNAPSHOT.jar:?]
	at org.apache.hadoop.ozone.protocolPB.OzoneManagerRequestHandler.handleReadRequest(OzoneManagerRequestHandler.java:200) ~[ozone-manager-1.4.0-SNAPSHOT.jar:?]
	at org.apache.hadoop.ozone.protocolPB.OzoneManagerProtocolServerSideTranslatorPB.submitReadRequestToOM(OzoneManagerProtocolServerSideTranslatorPB.java:225) ~[ozone-manager-1.4.0-SNAPSHOT.jar:?]
	at org.apache.hadoop.ozone.protocolPB.OzoneManagerProtocolServerSideTranslatorPB.processRequest(OzoneManagerProtocolServerSideTranslatorPB.java:179) ~[ozone-manager-1.4.0-SNAPSHOT.jar:?]
	at org.apache.hadoop.hdds.server.OzoneProtocolMessageDispatcher.processRequest(OzoneProtocolMessageDispatcher.java:87) [hdds-server-framework-1.4.0-SNAPSHOT.jar:?]
	at org.apache.hadoop.ozone.protocolPB.OzoneManagerProtocolServerSideTranslatorPB.submitRequest(OzoneManagerProtocolServerSideTranslatorPB.java:148) [ozone-manager-1.4.0-SNAPSHOT.jar:?]
	at org.apache.hadoop.ozone.protocol.proto.OzoneManagerProtocolProtos$OzoneManagerService$2.callBlockingMethod(OzoneManagerProtocolProtos.java) [ozone-interface-client-1.4.0-SNAPSHOT.jar:?]
	at org.apache.hadoop.ipc.ProtobufRpcEngine$Server.processCall(ProtobufRpcEngine.java:484) [hadoop-common-3.3.6.jar:?]
	at org.apache.hadoop.ipc.ProtobufRpcEngine2$Server$ProtoBufRpcInvoker.call(ProtobufRpcEngine2.java:595) [hadoop-common-3.3.6.jar:?]
	at org.apache.hadoop.ipc.ProtobufRpcEngine2$Server$ProtoBufRpcInvoker.call(ProtobufRpcEngine2.java:573) [hadoop-common-3.3.6.jar:?]
	at org.apache.hadoop.ipc.RPC$Server.call(RPC.java:1227) [hadoop-common-3.3.6.jar:?]
	at org.apache.hadoop.ipc.Server$RpcCall.run(Server.java:1094) [hadoop-common-3.3.6.jar:?]
	at org.apache.hadoop.ipc.Server$RpcCall.run(Server.java:1017) [hadoop-common-3.3.6.jar:?]
	at java.security.AccessController.doPrivileged(Native Method) ~[?:1.8.0_382]
	at javax.security.auth.Subject.doAs(Subject.java:422) [?:1.8.0_382]
	at org.apache.hadoop.security.UserGroupInformation.doAs(UserGroupInformation.java:1899) [hadoop-common-3.3.6.jar:?]
	at org.apache.hadoop.ipc.Server$Handler.run(Server.java:3048) [hadoop-common-3.3.6.jar:?]
2023-09-21 17:51:11,097 [Time-limited test] ERROR ozone.BasicRootedOzoneFileSystem (BasicRootedOzoneFileSystem.java:isLinkBucket(780)) - Exception while getting bucket link information, considered it as false
BUCKET_NOT_FOUND org.apache.hadoop.ozone.om.exceptions.OMException: Bucket not found
	at org.apache.hadoop.ozone.om.protocolPB.OzoneManagerProtocolClientSideTranslatorPB.handleError(OzoneManagerProtocolClientSideTranslatorPB.java:729)
	at org.apache.hadoop.ozone.om.protocolPB.OzoneManagerProtocolClientSideTranslatorPB.getBucketInfo(OzoneManagerProtocolClientSideTranslatorPB.java:578)
	at org.apache.hadoop.ozone.client.rpc.RpcClient.getBucketDetails(RpcClient.java:1243)
	at org.apache.hadoop.fs.ozone.BasicRootedOzoneClientAdapterImpl.getBucket(BasicRootedOzoneClientAdapterImpl.java:274)
	at org.apache.hadoop.fs.ozone.BasicRootedOzoneClientAdapterImpl.getBucket(BasicRootedOzoneClientAdapterImpl.java:248)
	at org.apache.hadoop.fs.ozone.BasicRootedOzoneFileSystem.isLinkBucket(BasicRootedOzoneFileSystem.java:775)
	at org.apache.hadoop.fs.ozone.BasicRootedOzoneFileSystem.deleteBucket(BasicRootedOzoneFileSystem.java:742)
	at org.apache.hadoop.fs.ozone.BasicRootedOzoneFileSystem.delete(BasicRootedOzoneFileSystem.java:696)
	at org.apache.hadoop.fs.ozone.TestRootedOzoneFileSystem.cleanup(TestRootedOzoneFileSystem.java:201)
	at sun.reflect.GeneratedMethodAccessor65.invoke(Unknown Source)
	at sun.reflect.DelegatingMethodAccessorImpl.invoke(DelegatingMethodAccessorImpl.java:43)
	at java.lang.reflect.Method.invoke(Method.java:498)
	at org.junit.runners.model.FrameworkMethod$1.runReflectiveCall(FrameworkMethod.java:59)
	at org.junit.internal.runners.model.ReflectiveCallable.run(ReflectiveCallable.java:12)
	at org.junit.runners.model.FrameworkMethod.invokeExplosively(FrameworkMethod.java:56)
	at org.junit.internal.runners.statements.RunAfters.invokeMethod(RunAfters.java:46)
	at org.junit.internal.runners.statements.RunAfters.evaluate(RunAfters.java:33)
	at org.junit.internal.runners.statements.FailOnTimeout$CallableStatement.call(FailOnTimeout.java:288)
	at org.junit.internal.runners.statements.FailOnTimeout$CallableStatement.call(FailOnTimeout.java:282)
	at java.util.concurrent.FutureTask.run(FutureTask.java:266)
	at java.lang.Thread.run(Thread.java:750)
2023-09-21 17:51:11,097 [Time-limited test] WARN  ozone.BasicRootedOzoneFileSystem (BasicRootedOzoneFileSystem.java:deleteBucket(746)) - delete: Path does not exist: /volume44300/bucket40010
]]></system-out>
  </testcase>
  <testcase name="testRenameFileToDir" classname="TestRootedOzoneFileSystemWithFSO" time="0.043">
    <system-out><![CDATA[2023-09-21 17:52:43,023 [Time-limited test] INFO  rpc.RpcClient (RpcClient.java:createVolume(461)) - Creating Volume: volume53053, with user85415 as owner and space quota set to -1 bytes, counts quota set to -1
2023-09-21 17:52:43,024 [IPC Server handler 0 on default port 15057] INFO  volume.OMVolumeCreateRequest (OMVolumeCreateRequest.java:validateAndUpdateCache(196)) - created volume:volume53053 for user:user85415
2023-09-21 17:52:43,025 [Time-limited test] INFO  rpc.RpcClient (RpcClient.java:createBucket(688)) - Creating Bucket: volume53053/bucket57889, with bucket layout FILE_SYSTEM_OPTIMIZED, runner as owner, Versioning false, Storage Type set to DISK and Encryption set to false, Replication Type set to server-side default replication type, Namespace Quota set to -1, Space Quota set to -1 
2023-09-21 17:52:43,025 [IPC Server handler 6 on default port 15057] INFO  bucket.OMBucketCreateRequest (OMBucketCreateRequest.java:validateAndUpdateCache(270)) - created bucket: bucket57889 of layout FILE_SYSTEM_OPTIMIZED in volume: volume53053
17:52:43.050 [IPC Server handler 12 on default port 15057] ERROR OMAudit - user=runner | ip=127.0.0.1 | op=READ_BUCKET {volume=volume53053, bucket=bucket57889} | ret=FAILURE
org.apache.hadoop.ozone.om.exceptions.OMException: Bucket not found
	at org.apache.hadoop.ozone.om.BucketManagerImpl.getBucketInfo(BucketManagerImpl.java:85) ~[ozone-manager-1.4.0-SNAPSHOT.jar:?]
	at org.apache.hadoop.ozone.om.OzoneManager.getBucketInfo(OzoneManager.java:2795) ~[ozone-manager-1.4.0-SNAPSHOT.jar:?]
	at org.apache.hadoop.ozone.protocolPB.OzoneManagerRequestHandler.infoBucket(OzoneManagerRequestHandler.java:545) ~[ozone-manager-1.4.0-SNAPSHOT.jar:?]
	at org.apache.hadoop.ozone.protocolPB.OzoneManagerRequestHandler.handleReadRequest(OzoneManagerRequestHandler.java:200) ~[ozone-manager-1.4.0-SNAPSHOT.jar:?]
	at org.apache.hadoop.ozone.protocolPB.OzoneManagerProtocolServerSideTranslatorPB.submitRequestDirectlyToOM(OzoneManagerProtocolServerSideTranslatorPB.java:274) ~[ozone-manager-1.4.0-SNAPSHOT.jar:?]
	at org.apache.hadoop.ozone.protocolPB.OzoneManagerProtocolServerSideTranslatorPB.processRequest(OzoneManagerProtocolServerSideTranslatorPB.java:175) ~[ozone-manager-1.4.0-SNAPSHOT.jar:?]
	at org.apache.hadoop.hdds.server.OzoneProtocolMessageDispatcher.processRequest(OzoneProtocolMessageDispatcher.java:87) [hdds-server-framework-1.4.0-SNAPSHOT.jar:?]
	at org.apache.hadoop.ozone.protocolPB.OzoneManagerProtocolServerSideTranslatorPB.submitRequest(OzoneManagerProtocolServerSideTranslatorPB.java:148) [ozone-manager-1.4.0-SNAPSHOT.jar:?]
	at org.apache.hadoop.ozone.protocol.proto.OzoneManagerProtocolProtos$OzoneManagerService$2.callBlockingMethod(OzoneManagerProtocolProtos.java) [ozone-interface-client-1.4.0-SNAPSHOT.jar:?]
	at org.apache.hadoop.ipc.ProtobufRpcEngine$Server.processCall(ProtobufRpcEngine.java:484) [hadoop-common-3.3.6.jar:?]
	at org.apache.hadoop.ipc.ProtobufRpcEngine2$Server$ProtoBufRpcInvoker.call(ProtobufRpcEngine2.java:595) [hadoop-common-3.3.6.jar:?]
	at org.apache.hadoop.ipc.ProtobufRpcEngine2$Server$ProtoBufRpcInvoker.call(ProtobufRpcEngine2.java:573) [hadoop-common-3.3.6.jar:?]
	at org.apache.hadoop.ipc.RPC$Server.call(RPC.java:1227) [hadoop-common-3.3.6.jar:?]
	at org.apache.hadoop.ipc.Server$RpcCall.run(Server.java:1094) [hadoop-common-3.3.6.jar:?]
	at org.apache.hadoop.ipc.Server$RpcCall.run(Server.java:1017) [hadoop-common-3.3.6.jar:?]
	at java.security.AccessController.doPrivileged(Native Method) ~[?:1.8.0_382]
	at javax.security.auth.Subject.doAs(Subject.java:422) [?:1.8.0_382]
	at org.apache.hadoop.security.UserGroupInformation.doAs(UserGroupInformation.java:1899) [hadoop-common-3.3.6.jar:?]
	at org.apache.hadoop.ipc.Server$Handler.run(Server.java:3048) [hadoop-common-3.3.6.jar:?]
17:52:43.051 [IPC Server handler 9 on default port 15057] ERROR OMAudit - user=runner | ip=127.0.0.1 | op=READ_BUCKET {volume=volume53053, bucket=bucket57889} | ret=FAILURE
org.apache.hadoop.ozone.om.exceptions.OMException: Bucket not found
	at org.apache.hadoop.ozone.om.BucketManagerImpl.getBucketInfo(BucketManagerImpl.java:85) ~[ozone-manager-1.4.0-SNAPSHOT.jar:?]
	at org.apache.hadoop.ozone.om.OzoneManager.getBucketInfo(OzoneManager.java:2795) ~[ozone-manager-1.4.0-SNAPSHOT.jar:?]
	at org.apache.hadoop.ozone.protocolPB.OzoneManagerRequestHandler.infoBucket(OzoneManagerRequestHandler.java:545) ~[ozone-manager-1.4.0-SNAPSHOT.jar:?]
	at org.apache.hadoop.ozone.protocolPB.OzoneManagerRequestHandler.handleReadRequest(OzoneManagerRequestHandler.java:200) ~[ozone-manager-1.4.0-SNAPSHOT.jar:?]
	at org.apache.hadoop.ozone.protocolPB.OzoneManagerProtocolServerSideTranslatorPB.submitRequestDirectlyToOM(OzoneManagerProtocolServerSideTranslatorPB.java:274) ~[ozone-manager-1.4.0-SNAPSHOT.jar:?]
	at org.apache.hadoop.ozone.protocolPB.OzoneManagerProtocolServerSideTranslatorPB.processRequest(OzoneManagerProtocolServerSideTranslatorPB.java:175) ~[ozone-manager-1.4.0-SNAPSHOT.jar:?]
	at org.apache.hadoop.hdds.server.OzoneProtocolMessageDispatcher.processRequest(OzoneProtocolMessageDispatcher.java:87) [hdds-server-framework-1.4.0-SNAPSHOT.jar:?]
	at org.apache.hadoop.ozone.protocolPB.OzoneManagerProtocolServerSideTranslatorPB.submitRequest(OzoneManagerProtocolServerSideTranslatorPB.java:148) [ozone-manager-1.4.0-SNAPSHOT.jar:?]
	at org.apache.hadoop.ozone.protocol.proto.OzoneManagerProtocolProtos$OzoneManagerService$2.callBlockingMethod(OzoneManagerProtocolProtos.java) [ozone-interface-client-1.4.0-SNAPSHOT.jar:?]
	at org.apache.hadoop.ipc.ProtobufRpcEngine$Server.processCall(ProtobufRpcEngine.java:484) [hadoop-common-3.3.6.jar:?]
	at org.apache.hadoop.ipc.ProtobufRpcEngine2$Server$ProtoBufRpcInvoker.call(ProtobufRpcEngine2.java:595) [hadoop-common-3.3.6.jar:?]
	at org.apache.hadoop.ipc.ProtobufRpcEngine2$Server$ProtoBufRpcInvoker.call(ProtobufRpcEngine2.java:573) [hadoop-common-3.3.6.jar:?]
	at org.apache.hadoop.ipc.RPC$Server.call(RPC.java:1227) [hadoop-common-3.3.6.jar:?]
	at org.apache.hadoop.ipc.Server$RpcCall.run(Server.java:1094) [hadoop-common-3.3.6.jar:?]
	at org.apache.hadoop.ipc.Server$RpcCall.run(Server.java:1017) [hadoop-common-3.3.6.jar:?]
	at java.security.AccessController.doPrivileged(Native Method) ~[?:1.8.0_382]
	at javax.security.auth.Subject.doAs(Subject.java:422) [?:1.8.0_382]
	at org.apache.hadoop.security.UserGroupInformation.doAs(UserGroupInformation.java:1899) [hadoop-common-3.3.6.jar:?]
	at org.apache.hadoop.ipc.Server$Handler.run(Server.java:3048) [hadoop-common-3.3.6.jar:?]
2023-09-21 17:52:43,051 [Time-limited test] ERROR ozone.BasicRootedOzoneFileSystem (BasicRootedOzoneFileSystem.java:isLinkBucket(780)) - Exception while getting bucket link information, considered it as false
BUCKET_NOT_FOUND org.apache.hadoop.ozone.om.exceptions.OMException: Bucket not found
	at org.apache.hadoop.ozone.om.protocolPB.OzoneManagerProtocolClientSideTranslatorPB.handleError(OzoneManagerProtocolClientSideTranslatorPB.java:729)
	at org.apache.hadoop.ozone.om.protocolPB.OzoneManagerProtocolClientSideTranslatorPB.getBucketInfo(OzoneManagerProtocolClientSideTranslatorPB.java:578)
	at org.apache.hadoop.ozone.client.rpc.RpcClient.getBucketDetails(RpcClient.java:1243)
	at org.apache.hadoop.fs.ozone.BasicRootedOzoneClientAdapterImpl.getBucket(BasicRootedOzoneClientAdapterImpl.java:274)
	at org.apache.hadoop.fs.ozone.BasicRootedOzoneClientAdapterImpl.getBucket(BasicRootedOzoneClientAdapterImpl.java:248)
	at org.apache.hadoop.fs.ozone.BasicRootedOzoneFileSystem.isLinkBucket(BasicRootedOzoneFileSystem.java:775)
	at org.apache.hadoop.fs.ozone.BasicRootedOzoneFileSystem.deleteBucket(BasicRootedOzoneFileSystem.java:742)
	at org.apache.hadoop.fs.ozone.BasicRootedOzoneFileSystem.delete(BasicRootedOzoneFileSystem.java:696)
	at org.apache.hadoop.fs.ozone.TestRootedOzoneFileSystem.cleanup(TestRootedOzoneFileSystem.java:201)
	at sun.reflect.GeneratedMethodAccessor65.invoke(Unknown Source)
	at sun.reflect.DelegatingMethodAccessorImpl.invoke(DelegatingMethodAccessorImpl.java:43)
	at java.lang.reflect.Method.invoke(Method.java:498)
	at org.junit.runners.model.FrameworkMethod$1.runReflectiveCall(FrameworkMethod.java:59)
	at org.junit.internal.runners.model.ReflectiveCallable.run(ReflectiveCallable.java:12)
	at org.junit.runners.model.FrameworkMethod.invokeExplosively(FrameworkMethod.java:56)
	at org.junit.internal.runners.statements.RunAfters.invokeMethod(RunAfters.java:46)
	at org.junit.internal.runners.statements.RunAfters.evaluate(RunAfters.java:33)
	at org.junit.internal.runners.statements.FailOnTimeout$CallableStatement.call(FailOnTimeout.java:288)
	at org.junit.internal.runners.statements.FailOnTimeout$CallableStatement.call(FailOnTimeout.java:282)
	at java.util.concurrent.FutureTask.run(FutureTask.java:266)
	at java.lang.Thread.run(Thread.java:750)
2023-09-21 17:52:43,052 [Time-limited test] WARN  ozone.BasicRootedOzoneFileSystem (BasicRootedOzoneFileSystem.java:deleteBucket(746)) - delete: Path does not exist: /volume53053/bucket57889
]]></system-out>
  </testcase>
  <testcase name="testListStatusWithIntermediateDirWithECEnabled" classname="TestRootedOzoneFileSystemWithFSO" time="0.293">
    <system-out><![CDATA[2023-09-21 17:51:11,133 [Time-limited test] INFO  rpc.RpcClient (RpcClient.java:createVolume(461)) - Creating Volume: volume43347, with user88579 as owner and space quota set to -1 bytes, counts quota set to -1
2023-09-21 17:51:11,134 [OM StateMachine ApplyTransaction Thread - 0] INFO  volume.OMVolumeCreateRequest (OMVolumeCreateRequest.java:validateAndUpdateCache(196)) - created volume:volume43347 for user:user88579
2023-09-21 17:51:11,136 [Time-limited test] INFO  rpc.RpcClient (RpcClient.java:createBucket(688)) - Creating Bucket: volume43347/bucket03201, with bucket layout FILE_SYSTEM_OPTIMIZED, runner as owner, Versioning false, Storage Type set to DISK and Encryption set to false, Replication Type set to server-side default replication type, Namespace Quota set to -1, Space Quota set to -1 
2023-09-21 17:51:11,138 [OM StateMachine ApplyTransaction Thread - 0] INFO  bucket.OMBucketCreateRequest (OMBucketCreateRequest.java:validateAndUpdateCache(270)) - created bucket: bucket03201 of layout FILE_SYSTEM_OPTIMIZED in volume: volume43347
2023-09-21 17:51:11,141 [IPC Server handler 8 on default port 15001] INFO  algorithms.SCMContainerPlacementRackScatter (SCMContainerPlacementRackScatter.java:chooseDatanodesInternal(370)) - Chosen nodes: [30fcaee4-35e5-4526-9ec2-86d2b42bb6e9(fv-az259-227.nxnqhby4qkoexpon2s1bx5vqxg.dx.internal.cloudapp.net/10.1.0.8), 0e5ca0ac-2c0a-4501-ade5-9887f0236797(fv-az259-227.nxnqhby4qkoexpon2s1bx5vqxg.dx.internal.cloudapp.net/10.1.0.8), f0cbc5a3-adab-43bd-bf32-77ed31e5ad54(fv-az259-227.nxnqhby4qkoexpon2s1bx5vqxg.dx.internal.cloudapp.net/10.1.0.8), 0af77c8d-ae0f-44c2-a6ab-89a178552062(fv-az259-227.nxnqhby4qkoexpon2s1bx5vqxg.dx.internal.cloudapp.net/10.1.0.8), a7b87587-f54c-4106-951c-2cd85865b718(fv-az259-227.nxnqhby4qkoexpon2s1bx5vqxg.dx.internal.cloudapp.net/10.1.0.8)]. isPolicySatisfied: true.
2023-09-21 17:51:11,142 [IPC Server handler 8 on default port 15001] INFO  pipeline.WritableECContainerProvider (WritableECContainerProvider.java:allocateContainer(211)) - Created and opened new pipeline Pipeline[ Id: d3bd25d5-c04f-4104-ac56-e59b23d5cbce, Nodes: 30fcaee4-35e5-4526-9ec2-86d2b42bb6e9(fv-az259-227.nxnqhby4qkoexpon2s1bx5vqxg.dx.internal.cloudapp.net/10.1.0.8)0e5ca0ac-2c0a-4501-ade5-9887f0236797(fv-az259-227.nxnqhby4qkoexpon2s1bx5vqxg.dx.internal.cloudapp.net/10.1.0.8)f0cbc5a3-adab-43bd-bf32-77ed31e5ad54(fv-az259-227.nxnqhby4qkoexpon2s1bx5vqxg.dx.internal.cloudapp.net/10.1.0.8)0af77c8d-ae0f-44c2-a6ab-89a178552062(fv-az259-227.nxnqhby4qkoexpon2s1bx5vqxg.dx.internal.cloudapp.net/10.1.0.8)a7b87587-f54c-4106-951c-2cd85865b718(fv-az259-227.nxnqhby4qkoexpon2s1bx5vqxg.dx.internal.cloudapp.net/10.1.0.8), ReplicationConfig: EC{rs-3-2-1024k}, State:ALLOCATED, leaderId:, CreationTimestamp2023-09-21T17:51:11.141Z[Etc/UTC]]
]]></system-out>
  </testcase>
  <testcase name="testListStatusWithIntermediateDirWithECEnabled" classname="TestRootedOzoneFileSystemWithFSO" time="0.16">
    <system-out><![CDATA[2023-09-21 17:52:43,071 [Time-limited test] INFO  rpc.RpcClient (RpcClient.java:createVolume(461)) - Creating Volume: volume08446, with user27784 as owner and space quota set to -1 bytes, counts quota set to -1
2023-09-21 17:52:43,073 [IPC Server handler 14 on default port 15057] INFO  volume.OMVolumeCreateRequest (OMVolumeCreateRequest.java:validateAndUpdateCache(196)) - created volume:volume08446 for user:user27784
2023-09-21 17:52:43,074 [Time-limited test] INFO  rpc.RpcClient (RpcClient.java:createBucket(688)) - Creating Bucket: volume08446/bucket07428, with bucket layout FILE_SYSTEM_OPTIMIZED, runner as owner, Versioning false, Storage Type set to DISK and Encryption set to false, Replication Type set to server-side default replication type, Namespace Quota set to -1, Space Quota set to -1 
2023-09-21 17:52:43,074 [IPC Server handler 17 on default port 15057] INFO  bucket.OMBucketCreateRequest (OMBucketCreateRequest.java:validateAndUpdateCache(270)) - created bucket: bucket07428 of layout FILE_SYSTEM_OPTIMIZED in volume: volume08446
2023-09-21 17:52:43,078 [IPC Server handler 18 on default port 15054] INFO  algorithms.SCMContainerPlacementRackScatter (SCMContainerPlacementRackScatter.java:chooseDatanodesInternal(370)) - Chosen nodes: [21cefe31-b447-4cde-b371-f0af1d83a0ae(fv-az259-227.nxnqhby4qkoexpon2s1bx5vqxg.dx.internal.cloudapp.net/10.1.0.8), c526289d-5cad-4097-8195-61ffa3487ef7(fv-az259-227.nxnqhby4qkoexpon2s1bx5vqxg.dx.internal.cloudapp.net/10.1.0.8), 4cdc299f-4834-4fa6-8ba2-191990d4ad82(fv-az259-227.nxnqhby4qkoexpon2s1bx5vqxg.dx.internal.cloudapp.net/10.1.0.8), 01a5bd4e-669d-4aa9-9839-6c274a81602d(fv-az259-227.nxnqhby4qkoexpon2s1bx5vqxg.dx.internal.cloudapp.net/10.1.0.8), 37083bac-0b78-4ab7-8270-b85e08b802dc(fv-az259-227.nxnqhby4qkoexpon2s1bx5vqxg.dx.internal.cloudapp.net/10.1.0.8)]. isPolicySatisfied: true.
2023-09-21 17:52:43,080 [IPC Server handler 18 on default port 15054] INFO  pipeline.WritableECContainerProvider (WritableECContainerProvider.java:allocateContainer(211)) - Created and opened new pipeline Pipeline[ Id: 8f3c344f-c2b5-47ce-9e75-6afb0f8b28f8, Nodes: 21cefe31-b447-4cde-b371-f0af1d83a0ae(fv-az259-227.nxnqhby4qkoexpon2s1bx5vqxg.dx.internal.cloudapp.net/10.1.0.8)c526289d-5cad-4097-8195-61ffa3487ef7(fv-az259-227.nxnqhby4qkoexpon2s1bx5vqxg.dx.internal.cloudapp.net/10.1.0.8)4cdc299f-4834-4fa6-8ba2-191990d4ad82(fv-az259-227.nxnqhby4qkoexpon2s1bx5vqxg.dx.internal.cloudapp.net/10.1.0.8)01a5bd4e-669d-4aa9-9839-6c274a81602d(fv-az259-227.nxnqhby4qkoexpon2s1bx5vqxg.dx.internal.cloudapp.net/10.1.0.8)37083bac-0b78-4ab7-8270-b85e08b802dc(fv-az259-227.nxnqhby4qkoexpon2s1bx5vqxg.dx.internal.cloudapp.net/10.1.0.8), ReplicationConfig: EC{rs-3-2-1024k}, State:ALLOCATED, leaderId:, CreationTimestamp2023-09-21T17:52:43.079Z[Etc/UTC]]
]]></system-out>
  </testcase>
  <testcase name="testSetTimes" classname="TestRootedOzoneFileSystemWithFSO" time="0.159">
    <system-out><![CDATA[2023-09-21 17:51:11,408 [Time-limited test] INFO  rpc.RpcClient (RpcClient.java:createVolume(461)) - Creating Volume: volume70608, with user86604 as owner and space quota set to -1 bytes, counts quota set to -1
2023-09-21 17:51:11,410 [OM StateMachine ApplyTransaction Thread - 0] INFO  volume.OMVolumeCreateRequest (OMVolumeCreateRequest.java:validateAndUpdateCache(196)) - created volume:volume70608 for user:user86604
2023-09-21 17:51:11,412 [Time-limited test] INFO  rpc.RpcClient (RpcClient.java:createBucket(688)) - Creating Bucket: volume70608/bucket11341, with bucket layout FILE_SYSTEM_OPTIMIZED, runner as owner, Versioning false, Storage Type set to DISK and Encryption set to false, Replication Type set to server-side default replication type, Namespace Quota set to -1, Space Quota set to -1 
2023-09-21 17:51:11,414 [OM StateMachine ApplyTransaction Thread - 0] INFO  bucket.OMBucketCreateRequest (OMBucketCreateRequest.java:validateAndUpdateCache(270)) - created bucket: bucket11341 of layout FILE_SYSTEM_OPTIMIZED in volume: volume70608
2023-09-21 17:51:11,429 [Time-limited test] INFO  rpc.RpcClient (RpcClient.java:createVolume(461)) - Creating Volume: volume62236, with user73271 as owner and space quota set to -1 bytes, counts quota set to -1
2023-09-21 17:51:11,431 [OM StateMachine ApplyTransaction Thread - 0] INFO  volume.OMVolumeCreateRequest (OMVolumeCreateRequest.java:validateAndUpdateCache(196)) - created volume:volume62236 for user:user73271
2023-09-21 17:51:11,432 [Time-limited test] INFO  rpc.RpcClient (RpcClient.java:createBucket(688)) - Creating Bucket: volume62236/bucket71835, with bucket layout FILE_SYSTEM_OPTIMIZED, runner as owner, Versioning false, Storage Type set to DISK and Encryption set to false, Replication Type set to server-side default replication type, Namespace Quota set to -1, Space Quota set to -1 
2023-09-21 17:51:11,434 [OM StateMachine ApplyTransaction Thread - 0] INFO  bucket.OMBucketCreateRequest (OMBucketCreateRequest.java:validateAndUpdateCache(270)) - created bucket: bucket71835 of layout FILE_SYSTEM_OPTIMIZED in volume: volume62236
]]></system-out>
  </testcase>
  <testcase name="testSetTimes" classname="TestRootedOzoneFileSystemWithFSO" time="0.129">
    <system-out><![CDATA[2023-09-21 17:52:43,237 [Time-limited test] INFO  rpc.RpcClient (RpcClient.java:createVolume(461)) - Creating Volume: volume87215, with user52008 as owner and space quota set to -1 bytes, counts quota set to -1
2023-09-21 17:52:43,238 [IPC Server handler 11 on default port 15057] INFO  volume.OMVolumeCreateRequest (OMVolumeCreateRequest.java:validateAndUpdateCache(196)) - created volume:volume87215 for user:user52008
2023-09-21 17:52:43,239 [Time-limited test] INFO  rpc.RpcClient (RpcClient.java:createBucket(688)) - Creating Bucket: volume87215/bucket29248, with bucket layout FILE_SYSTEM_OPTIMIZED, runner as owner, Versioning false, Storage Type set to DISK and Encryption set to false, Replication Type set to server-side default replication type, Namespace Quota set to -1, Space Quota set to -1 
2023-09-21 17:52:43,240 [IPC Server handler 7 on default port 15057] INFO  bucket.OMBucketCreateRequest (OMBucketCreateRequest.java:validateAndUpdateCache(270)) - created bucket: bucket29248 of layout FILE_SYSTEM_OPTIMIZED in volume: volume87215
2023-09-21 17:52:43,253 [Time-limited test] INFO  rpc.RpcClient (RpcClient.java:createVolume(461)) - Creating Volume: volume42918, with user08474 as owner and space quota set to -1 bytes, counts quota set to -1
2023-09-21 17:52:43,253 [IPC Server handler 19 on default port 15057] INFO  volume.OMVolumeCreateRequest (OMVolumeCreateRequest.java:validateAndUpdateCache(196)) - created volume:volume42918 for user:user08474
2023-09-21 17:52:43,254 [Time-limited test] INFO  rpc.RpcClient (RpcClient.java:createBucket(688)) - Creating Bucket: volume42918/bucket98554, with bucket layout FILE_SYSTEM_OPTIMIZED, runner as owner, Versioning false, Storage Type set to DISK and Encryption set to false, Replication Type set to server-side default replication type, Namespace Quota set to -1, Space Quota set to -1 
2023-09-21 17:52:43,255 [IPC Server handler 9 on default port 15057] INFO  bucket.OMBucketCreateRequest (OMBucketCreateRequest.java:validateAndUpdateCache(270)) - created bucket: bucket98554 of layout FILE_SYSTEM_OPTIMIZED in volume: volume42918
]]></system-out>
  </testcase>
</testsuite>